<?xml version="1.0" encoding="UTF-8" ?>
<testsuite errors="0" failures="0" hostname="travis-job-70e380b6-ff8c-43c9-8460-8606afaaa666" name="ptolemy.domains.de.test.junit.JUnitTclTest" skipped="0" tests="101" time="129.966" timestamp="2018-05-01T02:16:50">
  <properties>
[...]
</properties>
  <testcase classname="ptolemy.util.test.junit.TclTests" name="[0] /home/travis/build/icyphy/ptII/ptolemy/domains/de/test/DependencyLoop.tcl (RunTclFile)" time="0.718" />
  <testcase classname="ptolemy.util.test.junit.TclTests" name="[1] /home/travis/build/icyphy/ptII/ptolemy/domains/de/test/RunDETestsAsQSS.tcl (RunTclFile)" time="89.522" />
  <testcase classname="ptolemy.util.test.junit.AutoKnownFailedTests" name="[0] /home/travis/build/icyphy/ptII/ptolemy/domains/de/test/auto/knownFailedTests/DESDFClockTest.xml (RunModel)" time="2.022" />
  <testcase classname="ptolemy.util.test.junit.AutoKnownFailedTests" name="[1] /home/travis/build/icyphy/ptII/ptolemy/domains/de/test/auto/knownFailedTests/DirectFeedback.xml (RunModel)" time="0.01" />
  <testcase classname="ptolemy.util.test.junit.AutoKnownFailedTests" name="[2] /home/travis/build/icyphy/ptII/ptolemy/domains/de/test/auto/knownFailedTests/FSMSource.xml (RunModel)" time="0.018" />
  <testcase classname="ptolemy.util.test.junit.AutoKnownFailedTests" name="[3] /home/travis/build/icyphy/ptII/ptolemy/domains/de/test/auto/knownFailedTests/HierarchicalModel.xml (RunModel)" time="0.025" />
  <testcase classname="ptolemy.util.test.junit.AutoKnownFailedTests" name="[4] /home/travis/build/icyphy/ptII/ptolemy/domains/de/test/auto/knownFailedTests/dependencyLoop.xml (RunModel)" time="0.027" />
  <testcase classname="ptolemy.util.test.junit.AutoKnownFailedTests" name="[5] /home/travis/build/icyphy/ptII/ptolemy/domains/de/test/auto/knownFailedTests/dependencyLoop2.xml (RunModel)" time="0.028" />
  <testcase classname="ptolemy.util.test.junit.AutoNameArchTests" name="[0] ThereAreNoAutoTests (RunModel)" time="0.005" />
  <testcase classname="ptolemy.util.test.junit.AutoTests" name="[0] /home/travis/build/icyphy/ptII/ptolemy/domains/de/test/auto/ActorDepthCalculation_actorWithoutPorts.xml (RunModel)" time="0.011" />
  <testcase classname="ptolemy.util.test.junit.AutoTests" name="[1] /home/travis/build/icyphy/ptII/ptolemy/domains/de/test/auto/AssemblyLine.xml (RunModel)" time="0.018" />
  <testcase classname="ptolemy.util.test.junit.AutoTests" name="[2] /home/travis/build/icyphy/ptII/ptolemy/domains/de/test/auto/CQBug1.xml (RunModel)" time="0.009" />
  <testcase classname="ptolemy.util.test.junit.AutoTests" name="[3] /home/travis/build/icyphy/ptII/ptolemy/domains/de/test/auto/CancelFireAt.xml (RunModel)" time="0.004" />
  <testcase classname="ptolemy.util.test.junit.AutoTests" name="[4] /home/travis/build/icyphy/ptII/ptolemy/domains/de/test/auto/CausalityAndComposabilityAnalysis.xml (RunModel)" time="0.007" />
  <testcase classname="ptolemy.util.test.junit.AutoTests" name="[5] /home/travis/build/icyphy/ptII/ptolemy/domains/de/test/auto/CausalityInterface1.xml (RunModel)" time="0.009" />
  <testcase classname="ptolemy.util.test.junit.AutoTests" name="[6] /home/travis/build/icyphy/ptII/ptolemy/domains/de/test/auto/CausalityInterface15.xml (RunModel)" time="0.011" />
  <testcase classname="ptolemy.util.test.junit.AutoTests" name="[7] /home/travis/build/icyphy/ptII/ptolemy/domains/de/test/auto/CausalityInterface2.xml (RunModel)" time="0.013" />
  <testcase classname="ptolemy.util.test.junit.AutoTests" name="[8] /home/travis/build/icyphy/ptII/ptolemy/domains/de/test/auto/CausalityInterface3.xml (RunModel)" time="0.008" />
  <testcase classname="ptolemy.util.test.junit.AutoTests" name="[9] /home/travis/build/icyphy/ptII/ptolemy/domains/de/test/auto/ClockDrift.xml (RunModel)" time="0.038" />
  <testcase classname="ptolemy.util.test.junit.AutoTests" name="[10] /home/travis/build/icyphy/ptII/ptolemy/domains/de/test/auto/ClockDriftAndValueChange.xml (RunModel)" time="0.024" />
  <testcase classname="ptolemy.util.test.junit.AutoTests" name="[11] /home/travis/build/icyphy/ptII/ptolemy/domains/de/test/auto/ClockDriftChange.xml (RunModel)" time="0.029" />
  <testcase classname="ptolemy.util.test.junit.AutoTests" name="[12] /home/travis/build/icyphy/ptII/ptolemy/domains/de/test/auto/ComposableCausalityAnalysis.xml (RunModel)" time="0.021" />
  <testcase classname="ptolemy.util.test.junit.AutoTests" name="[13] /home/travis/build/icyphy/ptII/ptolemy/domains/de/test/auto/DEFixedPointLimitation.xml (RunModel)" time="0.006" />
  <testcase classname="ptolemy.util.test.junit.AutoTests" name="[14] /home/travis/build/icyphy/ptII/ptolemy/domains/de/test/auto/DEScheduleTest.xml (RunModel)" time="0.009" />
  <testcase classname="ptolemy.util.test.junit.AutoTests" name="[15] /home/travis/build/icyphy/ptII/ptolemy/domains/de/test/auto/DEinDEwithStartTimes.xml (RunModel)" time="0.01" />
  <testcase classname="ptolemy.util.test.junit.AutoTests" name="[16] /home/travis/build/icyphy/ptII/ptolemy/domains/de/test/auto/DEinDEwithStartTimes2.xml (RunModel)" time="0.011" />
  <testcase classname="ptolemy.util.test.junit.AutoTests" name="[17] /home/travis/build/icyphy/ptII/ptolemy/domains/de/test/auto/DateDemo.xml (RunModel)" time="0.019" />
  <testcase classname="ptolemy.util.test.junit.AutoTests" name="[18] /home/travis/build/icyphy/ptII/ptolemy/domains/de/test/auto/DateToEvent.xml (RunModel)" time="2.029" />
  <testcase classname="ptolemy.util.test.junit.AutoTests" name="[19] /home/travis/build/icyphy/ptII/ptolemy/domains/de/test/auto/DepthTest1.xml (RunModel)" time="0.021" />
  <testcase classname="ptolemy.util.test.junit.AutoTests" name="[20] /home/travis/build/icyphy/ptII/ptolemy/domains/de/test/auto/DepthTest2.xml (RunModel)" time="0.014" />
  <testcase classname="ptolemy.util.test.junit.AutoTests" name="[21] /home/travis/build/icyphy/ptII/ptolemy/domains/de/test/auto/DepthTest3.xml (RunModel)" time="0.006" />
  <testcase classname="ptolemy.util.test.junit.AutoTests" name="[22] /home/travis/build/icyphy/ptII/ptolemy/domains/de/test/auto/DepthTest4.xml (RunModel)" time="0.008" />
  <testcase classname="ptolemy.util.test.junit.AutoTests" name="[23] /home/travis/build/icyphy/ptII/ptolemy/domains/de/test/auto/DepthTest5.xml (RunModel)" time="0.009" />
  <testcase classname="ptolemy.util.test.junit.AutoTests" name="[24] /home/travis/build/icyphy/ptII/ptolemy/domains/de/test/auto/DepthTest6.xml (RunModel)" time="0.01" />
  <testcase classname="ptolemy.util.test.junit.AutoTests" name="[25] /home/travis/build/icyphy/ptII/ptolemy/domains/de/test/auto/DepthTest7.xml (RunModel)" time="0.012" />
  <testcase classname="ptolemy.util.test.junit.AutoTests" name="[26] /home/travis/build/icyphy/ptII/ptolemy/domains/de/test/auto/EventToDate.xml (RunModel)" time="3.024" />
  <testcase classname="ptolemy.util.test.junit.AutoTests" name="[27] /home/travis/build/icyphy/ptII/ptolemy/domains/de/test/auto/FSM1.xml (RunModel)" time="0.021" />
  <testcase classname="ptolemy.util.test.junit.AutoTests" name="[28] /home/travis/build/icyphy/ptII/ptolemy/domains/de/test/auto/FSM7.xml (RunModel)" time="0.033" />
  <testcase classname="ptolemy.util.test.junit.AutoTests" name="[29] /home/travis/build/icyphy/ptII/ptolemy/domains/de/test/auto/Inspection.xml (RunModel)" time="0.044" />
  <testcase classname="ptolemy.util.test.junit.AutoTests" name="[30] /home/travis/build/icyphy/ptII/ptolemy/domains/de/test/auto/Iteration.xml (RunModel)" time="0.016" />
  <testcase classname="ptolemy.util.test.junit.AutoTests" name="[31] /home/travis/build/icyphy/ptII/ptolemy/domains/de/test/auto/LineFault.xml (RunModel)" time="0.403" />
  <testcase classname="ptolemy.util.test.junit.AutoTests" name="[32] /home/travis/build/icyphy/ptII/ptolemy/domains/de/test/auto/MergeModel1Add.xml (RunModel)" time="0.032" />
  <testcase classname="ptolemy.util.test.junit.AutoTests" name="[33] /home/travis/build/icyphy/ptII/ptolemy/domains/de/test/auto/MergeModel2Add.xml (RunModel)" time="0.026" />
  <testcase classname="ptolemy.util.test.junit.AutoTests" name="[34] /home/travis/build/icyphy/ptII/ptolemy/domains/de/test/auto/MergeModel3Add.xml (RunModel)" time="0.028" />
  <testcase classname="ptolemy.util.test.junit.AutoTests" name="[35] /home/travis/build/icyphy/ptII/ptolemy/domains/de/test/auto/MergeWithoutDiscard.xml (RunModel)" time="0.006" />
  <testcase classname="ptolemy.util.test.junit.AutoTests" name="[36] /home/travis/build/icyphy/ptII/ptolemy/domains/de/test/auto/Modal1.xml (RunModel)" time="0.019" />
  <testcase classname="ptolemy.util.test.junit.AutoTests" name="[37] /home/travis/build/icyphy/ptII/ptolemy/domains/de/test/auto/Modal2.xml (RunModel)" time="0.02" />
  <testcase classname="ptolemy.util.test.junit.AutoTests" name="[38] /home/travis/build/icyphy/ptII/ptolemy/domains/de/test/auto/Modal3.xml (RunModel)" time="0.021" />
  <testcase classname="ptolemy.util.test.junit.AutoTests" name="[39] /home/travis/build/icyphy/ptII/ptolemy/domains/de/test/auto/Modal4.xml (RunModel)" time="0.024" />
  <testcase classname="ptolemy.util.test.junit.AutoTests" name="[40] /home/travis/build/icyphy/ptII/ptolemy/domains/de/test/auto/Modal5.xml (RunModel)" time="0.022" />
  <testcase classname="ptolemy.util.test.junit.AutoTests" name="[41] /home/travis/build/icyphy/ptII/ptolemy/domains/de/test/auto/Modal6.xml (RunModel)" time="0.019" />
  <testcase classname="ptolemy.util.test.junit.AutoTests" name="[42] /home/travis/build/icyphy/ptII/ptolemy/domains/de/test/auto/Modal7.xml (RunModel)" time="0.021" />
  <testcase classname="ptolemy.util.test.junit.AutoTests" name="[43] /home/travis/build/icyphy/ptII/ptolemy/domains/de/test/auto/ModalModel.xml (RunModel)" time="0.129" />
  <testcase classname="ptolemy.util.test.junit.AutoTests" name="[44] /home/travis/build/icyphy/ptII/ptolemy/domains/de/test/auto/ModalSource.xml (RunModel)" time="0.013" />
  <testcase classname="ptolemy.util.test.junit.AutoTests" name="[45] /home/travis/build/icyphy/ptII/ptolemy/domains/de/test/auto/NonInterruptibleTimerZeroDelay.xml (RunModel)" time="0.011" />
  <testcase classname="ptolemy.util.test.junit.AutoTests" name="[46] /home/travis/build/icyphy/ptII/ptolemy/domains/de/test/auto/OpenQueueingNetwork.xml (RunModel)" time="2.198" />
  <testcase classname="ptolemy.util.test.junit.AutoTests" name="[47] /home/travis/build/icyphy/ptII/ptolemy/domains/de/test/auto/OpenQueuingNetwork.xml (RunModel)" time="0.312" />
  <testcase classname="ptolemy.util.test.junit.AutoTests" name="[48] /home/travis/build/icyphy/ptII/ptolemy/domains/de/test/auto/PeriodicSampler.xml (RunModel)" time="0.007" />
  <testcase classname="ptolemy.util.test.junit.AutoTests" name="[49] /home/travis/build/icyphy/ptII/ptolemy/domains/de/test/auto/PersistentIO.xml (RunModel)" time="0.018" />
  <testcase classname="ptolemy.util.test.junit.AutoTests" name="[50] /home/travis/build/icyphy/ptII/ptolemy/domains/de/test/auto/PortParameterResetOnInitialize.xml (RunModel)" time="0.016" />
  <testcase classname="ptolemy.util.test.junit.AutoTests" name="[51] /home/travis/build/icyphy/ptII/ptolemy/domains/de/test/auto/PortParameterUpdates.xml (RunModel)" time="0.021" />
  <testcase classname="ptolemy.util.test.junit.AutoTests" name="[52] /home/travis/build/icyphy/ptII/ptolemy/domains/de/test/auto/QueueAndServer.xml (RunModel)" time="0.023" />
  <testcase classname="ptolemy.util.test.junit.AutoTests" name="[53] /home/travis/build/icyphy/ptII/ptolemy/domains/de/test/auto/Records.xml (RunModel)" time="0.02" />
  <testcase classname="ptolemy.util.test.junit.AutoTests" name="[54] /home/travis/build/icyphy/ptII/ptolemy/domains/de/test/auto/ResetTransitionWithStartTime1.xml (RunModel)" time="0.026" />
  <testcase classname="ptolemy.util.test.junit.AutoTests" name="[55] /home/travis/build/icyphy/ptII/ptolemy/domains/de/test/auto/ResetTransitionWithStartTime2.xml (RunModel)" time="0.018" />
  <testcase classname="ptolemy.util.test.junit.AutoTests" name="[56] /home/travis/build/icyphy/ptII/ptolemy/domains/de/test/auto/ResetTransitionWithStartTime3.xml (RunModel)" time="0.019" />
  <testcase classname="ptolemy.util.test.junit.AutoTests" name="[57] /home/travis/build/icyphy/ptII/ptolemy/domains/de/test/auto/ResetTransitionWithStartTime4.xml (RunModel)" time="0.02" />
  <testcase classname="ptolemy.util.test.junit.AutoTests" name="[58] /home/travis/build/icyphy/ptII/ptolemy/domains/de/test/auto/ResettableTimer1.xml (RunModel)" time="0.011" />
  <testcase classname="ptolemy.util.test.junit.AutoTests" name="[59] /home/travis/build/icyphy/ptII/ptolemy/domains/de/test/auto/ResettableTimer2.xml (RunModel)" time="0.011" />
  <testcase classname="ptolemy.util.test.junit.AutoTests" name="[60] /home/travis/build/icyphy/ptII/ptolemy/domains/de/test/auto/ResettableTimer3.xml (RunModel)" time="0.009" />
  <testcase classname="ptolemy.util.test.junit.AutoTests" name="[61] /home/travis/build/icyphy/ptII/ptolemy/domains/de/test/auto/ResettableTimer4.xml (RunModel)" time="0.013" />
  <testcase classname="ptolemy.util.test.junit.AutoTests" name="[62] /home/travis/build/icyphy/ptII/ptolemy/domains/de/test/auto/ResettableTimer5.xml (RunModel)" time="0.01" />
  <testcase classname="ptolemy.util.test.junit.AutoTests" name="[63] /home/travis/build/icyphy/ptII/ptolemy/domains/de/test/auto/ResettableTimer6.xml (RunModel)" time="0.018" />
  <testcase classname="ptolemy.util.test.junit.AutoTests" name="[64] /home/travis/build/icyphy/ptII/ptolemy/domains/de/test/auto/ServerZeroDelay.xml (RunModel)" time="0.011" />
  <testcase classname="ptolemy.util.test.junit.AutoTests" name="[65] /home/travis/build/icyphy/ptII/ptolemy/domains/de/test/auto/SmartSender.xml (RunModel)" time="3.01" />
  <testcase classname="ptolemy.util.test.junit.AutoTests" name="[66] /home/travis/build/icyphy/ptII/ptolemy/domains/de/test/auto/ThreadedComposite.xml (RunModel)" time="0.201" />
  <testcase classname="ptolemy.util.test.junit.AutoTests" name="[67] /home/travis/build/icyphy/ptII/ptolemy/domains/de/test/auto/Time.xml (RunModel)" time="0.465" />
  <testcase classname="ptolemy.util.test.junit.AutoTests" name="[68] /home/travis/build/icyphy/ptII/ptolemy/domains/de/test/auto/TimeDelayZeroDelay.xml (RunModel)" time="0.012" />
  <testcase classname="ptolemy.util.test.junit.AutoTests" name="[69] /home/travis/build/icyphy/ptII/ptolemy/domains/de/test/auto/TimerZeroDelay.xml (RunModel)" time="0.01" />
  <testcase classname="ptolemy.util.test.junit.AutoTests" name="[70] /home/travis/build/icyphy/ptII/ptolemy/domains/de/test/auto/TimingParadox.xml (RunModel)" time="0.374" />
  <testcase classname="ptolemy.util.test.junit.AutoTests" name="[71] /home/travis/build/icyphy/ptII/ptolemy/domains/de/test/auto/TransferInputs.xml (RunModel)" time="0.014" />
  <testcase classname="ptolemy.util.test.junit.AutoTests" name="[72] /home/travis/build/icyphy/ptII/ptolemy/domains/de/test/auto/TransferOutputs2.xml (RunModel)" time="0.023" />
  <testcase classname="ptolemy.util.test.junit.AutoTests" name="[73] /home/travis/build/icyphy/ptII/ptolemy/domains/de/test/auto/Trilateration.xml (RunModel)" time="11.593" />
  <testcase classname="ptolemy.util.test.junit.AutoTests" name="[74] /home/travis/build/icyphy/ptII/ptolemy/domains/de/test/auto/TwoSigmaDelta.xml (RunModel)" time="2.301" />
  <testcase classname="ptolemy.util.test.junit.AutoTests" name="[75] /home/travis/build/icyphy/ptII/ptolemy/domains/de/test/auto/VariableDelay.xml (RunModel)" time="0.013" />
  <testcase classname="ptolemy.util.test.junit.AutoTests" name="[76] /home/travis/build/icyphy/ptII/ptolemy/domains/de/test/auto/VariableDelay2.xml (RunModel)" time="0.009" />
  <testcase classname="ptolemy.util.test.junit.AutoTests" name="[77] /home/travis/build/icyphy/ptII/ptolemy/domains/de/test/auto/VariableDelayZeroDelay.xml (RunModel)" time="0.01" />
  <testcase classname="ptolemy.util.test.junit.AutoTests" name="[78] /home/travis/build/icyphy/ptII/ptolemy/domains/de/test/auto/VariableDelayZeroDelay2.xml (RunModel)" time="0.011" />
  <testcase classname="ptolemy.util.test.junit.AutoTests" name="[79] /home/travis/build/icyphy/ptII/ptolemy/domains/de/test/auto/deInCt.xml (RunModel)" time="0.017" />
  <testcase classname="ptolemy.util.test.junit.AutoTests" name="[80] /home/travis/build/icyphy/ptII/ptolemy/domains/de/test/auto/deInCt2.xml (RunModel)" time="0.014" />
  <testcase classname="ptolemy.util.test.junit.AutoTests" name="[81] /home/travis/build/icyphy/ptII/ptolemy/domains/de/test/auto/dynamicCausalityInterface1.xml (RunModel)" time="0.02" />
  <testcase classname="ptolemy.util.test.junit.AutoTests" name="[82] /home/travis/build/icyphy/ptII/ptolemy/domains/de/test/auto/fsm_de_test.xml (RunModel)" time="0.023" />
  <testcase classname="ptolemy.util.test.junit.AutoTests" name="[83] /home/travis/build/icyphy/ptII/ptolemy/domains/de/test/auto/functionDependencyReconstruction.xml (RunModel)" time="0.035" />
  <testcase classname="ptolemy.util.test.junit.AutoTests" name="[84] /home/travis/build/icyphy/ptII/ptolemy/domains/de/test/auto/multirate.xml (RunModel)" time="0.02" />
  <testcase classname="ptolemy.util.test.junit.AutoTests" name="[85] /home/travis/build/icyphy/ptII/ptolemy/domains/de/test/auto/multirate2.xml (RunModel)" time="0.019" />
  <testcase classname="ptolemy.util.test.junit.AutoTests" name="[86] /home/travis/build/icyphy/ptII/ptolemy/domains/de/test/auto/realtime.xml (RunModel)" time="10.011" />
  <testcase classname="ptolemy.util.test.junit.AutoTests" name="[87] /home/travis/build/icyphy/ptII/ptolemy/domains/de/test/auto/relationGroup.xml (RunModel)" time="0.008" />
  <testcase classname="ptolemy.util.test.junit.AutoTests" name="[88] /home/travis/build/icyphy/ptII/ptolemy/domains/de/test/auto/relationGroup2.xml (RunModel)" time="0.007" />
  <testcase classname="ptolemy.util.test.junit.AutoTests" name="[89] /home/travis/build/icyphy/ptII/ptolemy/domains/de/test/auto/sortWithOpaquePorts.xml (RunModel)" time="0.008" />
  <testcase classname="ptolemy.util.test.junit.AutoTests" name="[90] /home/travis/build/icyphy/ptII/ptolemy/domains/de/test/auto/transferInputsandOutputs.xml (RunModel)" time="0.014" />
  <testcase classname="ptolemy.util.test.junit.AutoTests" name="[91] /home/travis/build/icyphy/ptII/ptolemy/domains/de/test/auto/triggerType.xml (RunModel)" time="0.009" />
  <system-out><![CDATA[/home/travis/build/icyphy/ptII/ptolemy/domains/de/test/DependencyLoop.tcl
testDefs.tcl: setting time out to 9000 seconds at Tue May 01 02:16:50 UTC 2018
15 ms. Memory: 116224K Free: 94983K (82%)
7 ms. Memory: 146944K Free: 137842K (94%)
/home/travis/build/icyphy/ptII/ptolemy/domains/de/test/RunDETestsAsQSS.tcl
Run the DE tests using ptolemy.domains.qss.test.QSSDirectorTest, which extends QSSDirector and prints a message in the constructors.
------------------ testing $PTII/ptolemy/domains/de/test/auto/knownFailedTests/dependencyLoop.xml (Known Failure) 
8 ms. Memory: 146944K Free: 133567K (91%)


==== $PTIIhome/travis/build/icyphy/ptII/ptolemy/domains/de/test/../../../../: Auto Automatic test in file $PTII/ptolemy/domains/de/test/auto/knownFailedTests/dependencyLoop.xml
==== Contents of test case:

	    # FIXME: we should use $relativeFilename here, but it
	    # might have backslashes under Windows, which causes no end
	    # of trouble.
	    createAndExecute $file
	    list {}
	
.... Test generated KNOWN error:
    while executing
ptolemy.kernel.util.IllegalActionException: Found a zero delay loop containing .dependencyLoop.original
  in .dependencyLoop and .dependencyLoop.original
	at ptolemy.actor.util.CausalityInterfaceForComposites._computeOutputPortDepth(CausalityInterfaceForComposites.java:759)
	at ptolemy.actor.util.CausalityInterfaceForComposites._computeInputDepth(CausalityInterfaceForComposites.java:696)
	at ptolemy.actor.util.CausalityInterfaceForComposites._computeOutputPortDepth(CausalityInterfaceForComposites.java:765)
	at ptolemy.actor.util.CausalityInterfaceForComposites._computeInputDepth(CausalityInterfaceForComposites.java:696)
	at ptolemy.actor.util.CausalityInterfaceForComposites._computeOutputPortDepth(CausalityInterfaceForComposites.java:765)
	at ptolemy.actor.util.CausalityInterfaceForComposites._computeInputDepth(CausalityInterfaceForComposites.java:696)
	at ptolemy.actor.util.CausalityInterfaceForComposites._computeActorDepth(CausalityInterfaceForComposites.java:532)
	at ptolemy.actor.util.CausalityInterfaceForComposites.checkForCycles(CausalityInterfaceForComposites.java:96)
	at ptolemy.domains.de.kernel.DEDirector.preinitialize(DEDirector.java:1337)
	at ptolemy.actor.CompositeActor.preinitialize(CompositeActor.java:1828)
	at ptolemy.actor.Manager.preinitializeAndResolveTypes(Manager.java:1040)
	at ptolemy.actor.Manager.initialize(Manager.java:710)
	at ptolemy.actor.Manager.execute(Manager.java:356)
	at ptolemy.actor.Manager.run(Manager.java:1263)
	at ptolemy.actor.Manager$PtolemyRunThread.run(Manager.java:1915)

    while executing
ptolemy.kernel.util.IllegalActionException: Found a zero delay loop containing .dependencyLoop.original
  in .dependencyLoop and .dependencyLoop.original
    while executing
"java::new ptolemy.moml.MoMLSimpleApplication $file
"
    (procedure "createAndExecute" line 2)
    invoked from within
"createAndExecute $file"
    ("uplevel" body line 5)
    invoked from within
"uplevel $contents_of_test"
------------------ testing $PTII/ptolemy/domains/de/test/auto/knownFailedTests/DESDFClockTest.xml (Known Failure) 
2072 ms. Memory: 146944K Free: 117732K (80%)


==== $PTIIhome/travis/build/icyphy/ptII/ptolemy/domains/de/test/../../../../: Auto Automatic test in file $PTII/ptolemy/domains/de/test/auto/knownFailedTests/DESDFClockTest.xml
==== Contents of test case:

	    # FIXME: we should use $relativeFilename here, but it
	    # might have backslashes under Windows, which causes no end
	    # of trouble.
	    createAndExecute $file
	    list {}
	
.... Test generated KNOWN error:
    while executing
ptolemy.kernel.util.IllegalActionException: Actor is not ready to fire.  Perhaps UpSample.prefire() returned false? Try debugging the actor by selecting "Listen to Actor".  Also, for SDF check moml for tokenConsumptionRate on input.
  in .DESDFClockTest.Play Bell.Copy1:SDF Director and .DESDFClockTest.Play Bell.UpSample
	at ptolemy.actor.sched.StaticSchedulingDirector.fire(StaticSchedulingDirector.java:227)
	at ptolemy.domains.sdf.kernel.SDFDirector.fire(SDFDirector.java:500)
	at ptolemy.actor.CompositeActor.fire(CompositeActor.java:455)
	at ptolemy.domains.de.kernel.DEDirector._fire(DEDirector.java:1948)
	at ptolemy.domains.de.kernel.DEDirector.fire(DEDirector.java:502)
	at ptolemy.actor.CompositeActor.fire(CompositeActor.java:455)
	at ptolemy.actor.Manager.iterate(Manager.java:851)
	at ptolemy.actor.Manager.execute(Manager.java:369)
	at ptolemy.actor.Manager.run(Manager.java:1263)
	at ptolemy.actor.Manager$PtolemyRunThread.run(Manager.java:1915)

    while executing
ptolemy.kernel.util.IllegalActionException: Actor is not ready to fire.  Perhaps UpSample.prefire() returned false? Try debugging the actor by selecting "Listen to Actor".  Also, for SDF check moml for tokenConsumptionRate on input.
  in .DESDFClockTest.Play Bell.Copy1:SDF Director and .DESDFClockTest.Play Bell.UpSample
    while executing
"java::new ptolemy.moml.MoMLSimpleApplication $file
"
    (procedure "createAndExecute" line 2)
    invoked from within
"createAndExecute $file"
    ("uplevel" body line 5)
    invoked from within
"uplevel $contents_of_test"
------------------ testing $PTII/ptolemy/domains/de/test/auto/knownFailedTests/FSMSource.xml (Known Failure) 
42 ms. Memory: 146944K Free: 108735K (74%)
!!!! Auto was marked as failing, but now passes
------------------ testing $PTII/ptolemy/domains/de/test/auto/knownFailedTests/dependencyLoop2.xml (Known Failure) 
12 ms. Memory: 146944K Free: 106851K (73%)


==== $PTIIhome/travis/build/icyphy/ptII/ptolemy/domains/de/test/../../../../: Auto Automatic test in file $PTII/ptolemy/domains/de/test/auto/knownFailedTests/dependencyLoop2.xml
==== Contents of test case:

	    # FIXME: we should use $relativeFilename here, but it
	    # might have backslashes under Windows, which causes no end
	    # of trouble.
	    createAndExecute $file
	    list {}
	
.... Test generated KNOWN error:
    while executing
ptolemy.kernel.util.IllegalActionException: Found a zero delay loop containing .dependencyLoop2.original
  in .dependencyLoop2 and .dependencyLoop2.original
	at ptolemy.actor.util.CausalityInterfaceForComposites._computeOutputPortDepth(CausalityInterfaceForComposites.java:759)
	at ptolemy.actor.util.CausalityInterfaceForComposites._computeInputDepth(CausalityInterfaceForComposites.java:696)
	at ptolemy.actor.util.CausalityInterfaceForComposites._computeOutputPortDepth(CausalityInterfaceForComposites.java:765)
	at ptolemy.actor.util.CausalityInterfaceForComposites._computeInputDepth(CausalityInterfaceForComposites.java:696)
	at ptolemy.actor.util.CausalityInterfaceForComposites._computeOutputPortDepth(CausalityInterfaceForComposites.java:765)
	at ptolemy.actor.util.CausalityInterfaceForComposites._computeInputDepth(CausalityInterfaceForComposites.java:696)
	at ptolemy.actor.util.CausalityInterfaceForComposites._computeActorDepth(CausalityInterfaceForComposites.java:532)
	at ptolemy.actor.util.CausalityInterfaceForComposites.checkForCycles(CausalityInterfaceForComposites.java:96)
	at ptolemy.domains.de.kernel.DEDirector.preinitialize(DEDirector.java:1337)
	at ptolemy.actor.CompositeActor.preinitialize(CompositeActor.java:1828)
	at ptolemy.actor.Manager.preinitializeAndResolveTypes(Manager.java:1040)
	at ptolemy.actor.Manager.initialize(Manager.java:710)
	at ptolemy.actor.Manager.execute(Manager.java:356)
	at ptolemy.actor.Manager.run(Manager.java:1263)
	at ptolemy.actor.Manager$PtolemyRunThread.run(Manager.java:1915)

    while executing
ptolemy.kernel.util.IllegalActionException: Found a zero delay loop containing .dependencyLoop2.original
  in .dependencyLoop2 and .dependencyLoop2.original
    while executing
"java::new ptolemy.moml.MoMLSimpleApplication $file
"
    (procedure "createAndExecute" line 2)
    invoked from within
"createAndExecute $file"
    ("uplevel" body line 5)
    invoked from within
"uplevel $contents_of_test"
------------------ testing $PTII/ptolemy/domains/de/test/auto/knownFailedTests/HierarchicalModel.xml (Known Failure) 
7 ms. Memory: 146944K Free: 86212K (59%)


==== $PTIIhome/travis/build/icyphy/ptII/ptolemy/domains/de/test/../../../../: Auto Automatic test in file $PTII/ptolemy/domains/de/test/auto/knownFailedTests/HierarchicalModel.xml
==== Contents of test case:

	    # FIXME: we should use $relativeFilename here, but it
	    # might have backslashes under Windows, which causes no end
	    # of trouble.
	    createAndExecute $file
	    list {}
	
.... Test generated KNOWN error:
    while executing
ptolemy.kernel.util.IllegalActionException: Found a zero delay loop containing .HierarchicalModel.A
  in .HierarchicalModel and .HierarchicalModel.A
	at ptolemy.actor.util.CausalityInterfaceForComposites._computeOutputPortDepth(CausalityInterfaceForComposites.java:759)
	at ptolemy.actor.util.CausalityInterfaceForComposites._computeInputDepth(CausalityInterfaceForComposites.java:696)
	at ptolemy.actor.util.CausalityInterfaceForComposites._computeOutputPortDepth(CausalityInterfaceForComposites.java:765)
	at ptolemy.actor.util.CausalityInterfaceForComposites._computeInputDepth(CausalityInterfaceForComposites.java:696)
	at ptolemy.actor.util.CausalityInterfaceForComposites._computeOutputPortDepth(CausalityInterfaceForComposites.java:765)
	at ptolemy.actor.util.CausalityInterfaceForComposites._computeInputDepth(CausalityInterfaceForComposites.java:696)
	at ptolemy.actor.util.CausalityInterfaceForComposites._computeActorDepth(CausalityInterfaceForComposites.java:532)
	at ptolemy.actor.util.CausalityInterfaceForComposites.checkForCycles(CausalityInterfaceForComposites.java:96)
	at ptolemy.domains.de.kernel.DEDirector.preinitialize(DEDirector.java:1337)
	at ptolemy.actor.CompositeActor.preinitialize(CompositeActor.java:1828)
	at ptolemy.actor.Manager.preinitializeAndResolveTypes(Manager.java:1040)
	at ptolemy.actor.Manager.initialize(Manager.java:710)
	at ptolemy.actor.Manager.execute(Manager.java:356)
	at ptolemy.actor.Manager.run(Manager.java:1263)
	at ptolemy.actor.Manager$PtolemyRunThread.run(Manager.java:1915)

    while executing
ptolemy.kernel.util.IllegalActionException: Found a zero delay loop containing .HierarchicalModel.A
  in .HierarchicalModel and .HierarchicalModel.A
    while executing
"java::new ptolemy.moml.MoMLSimpleApplication $file
"
    (procedure "createAndExecute" line 2)
    invoked from within
"createAndExecute $file"
    ("uplevel" body line 5)
    invoked from within
"uplevel $contents_of_test"
------------------ testing $PTII/ptolemy/domains/de/test/auto/knownFailedTests/DirectFeedback.xml (Known Failure) 
10 ms. Memory: 146944K Free: 81995K (56%)


==== $PTIIhome/travis/build/icyphy/ptII/ptolemy/domains/de/test/../../../../: Auto Automatic test in file $PTII/ptolemy/domains/de/test/auto/knownFailedTests/DirectFeedback.xml
==== Contents of test case:

	    # FIXME: we should use $relativeFilename here, but it
	    # might have backslashes under Windows, which causes no end
	    # of trouble.
	    createAndExecute $file
	    list {}
	
.... Test generated KNOWN error:
    while executing
ptolemy.kernel.util.IllegalActionException: Test fails in iteration 1.
Value was: 1.0. Should have been: 2.0
  in .DirectFeedback.Test
	at ptolemy.actor.lib.Test.fire(Test.java:268)
	at ptolemy.domains.de.kernel.DEDirector._fire(DEDirector.java:1948)
	at ptolemy.domains.de.kernel.DEDirector.fire(DEDirector.java:502)
	at ptolemy.actor.CompositeActor.fire(CompositeActor.java:455)
	at ptolemy.actor.Manager.iterate(Manager.java:851)
	at ptolemy.actor.Manager.execute(Manager.java:369)
	at ptolemy.actor.Manager.run(Manager.java:1263)
	at ptolemy.actor.Manager$PtolemyRunThread.run(Manager.java:1915)

    while executing
ptolemy.kernel.util.IllegalActionException: Test fails in iteration 1.
Value was: 1.0. Should have been: 2.0
  in .DirectFeedback.Test
    while executing
"java::new ptolemy.moml.MoMLSimpleApplication $file
"
    (procedure "createAndExecute" line 2)
    invoked from within
"createAndExecute $file"
    ("uplevel" body line 5)
    invoked from within
"uplevel $contents_of_test"
------------------ testing $PTII/ptolemy/domains/de/test/auto/ActorDepthCalculation_actorWithoutPorts.xml
auto.tcl: Setting watchdog for 200 seconds at Tue May 01 02:16:53 UTC 2018
4 ms. Memory: 146944K Free: 134931K (92%)
ptolemy.util.test.WatchDog.cancel(): canceling Tue May 01 02:16:53 UTC 2018
auto.tcl: Setting watchdog for 200 seconds at Tue May 01 02:16:53 UTC 2018
13 ms. Memory: 146944K Free: 133897K (91%)
ptolemy.util.test.WatchDog.cancel(): canceling Tue May 01 02:16:53 UTC 2018
------------------ testing $PTII/ptolemy/domains/de/test/auto/AssemblyLine.xml
auto.tcl: Setting watchdog for 200 seconds at Tue May 01 02:16:54 UTC 2018
39 ms. Memory: 208384K Free: 182693K (88%)
ptolemy.util.test.WatchDog.cancel(): canceling Tue May 01 02:16:54 UTC 2018
auto.tcl: Setting watchdog for 200 seconds at Tue May 01 02:16:54 UTC 2018
8 ms. Memory: 208384K Free: 182693K (88%)
ptolemy.util.test.WatchDog.cancel(): canceling Tue May 01 02:16:54 UTC 2018
------------------ testing $PTII/ptolemy/domains/de/test/auto/CQBug1.xml
auto.tcl: Setting watchdog for 200 seconds at Tue May 01 02:16:54 UTC 2018
9 ms. Memory: 208384K Free: 197643K (95%)
ptolemy.util.test.WatchDog.cancel(): canceling Tue May 01 02:16:54 UTC 2018
auto.tcl: Setting watchdog for 200 seconds at Tue May 01 02:16:54 UTC 2018
3 ms. Memory: 208384K Free: 197643K (95%)
ptolemy.util.test.WatchDog.cancel(): canceling Tue May 01 02:16:54 UTC 2018
------------------ testing $PTII/ptolemy/domains/de/test/auto/CancelFireAt.xml
auto.tcl: Setting watchdog for 200 seconds at Tue May 01 02:16:54 UTC 2018
7 ms. Memory: 208384K Free: 201065K (96%)
ptolemy.util.test.WatchDog.cancel(): canceling Tue May 01 02:16:54 UTC 2018
auto.tcl: Setting watchdog for 200 seconds at Tue May 01 02:16:54 UTC 2018
6 ms. Memory: 208384K Free: 198926K (95%)
ptolemy.util.test.WatchDog.cancel(): canceling Tue May 01 02:16:54 UTC 2018
------------------ testing $PTII/ptolemy/domains/de/test/auto/CausalityAndComposabilityAnalysis.xml
auto.tcl: Setting watchdog for 200 seconds at Tue May 01 02:16:54 UTC 2018
8 ms. Memory: 208384K Free: 198523K (95%)
ptolemy.util.test.WatchDog.cancel(): canceling Tue May 01 02:16:54 UTC 2018
auto.tcl: Setting watchdog for 200 seconds at Tue May 01 02:16:54 UTC 2018
5 ms. Memory: 208384K Free: 196384K (94%)
ptolemy.util.test.WatchDog.cancel(): canceling Tue May 01 02:16:54 UTC 2018
------------------ testing $PTII/ptolemy/domains/de/test/auto/CausalityInterface1.xml
auto.tcl: Setting watchdog for 200 seconds at Tue May 01 02:16:54 UTC 2018
14 ms. Memory: 208384K Free: 196321K (94%)
ptolemy.util.test.WatchDog.cancel(): canceling Tue May 01 02:16:54 UTC 2018
auto.tcl: Setting watchdog for 200 seconds at Tue May 01 02:16:54 UTC 2018
8 ms. Memory: 208384K Free: 196321K (94%)
ptolemy.util.test.WatchDog.cancel(): canceling Tue May 01 02:16:54 UTC 2018
------------------ testing $PTII/ptolemy/domains/de/test/auto/CausalityInterface15.xml
auto.tcl: Setting watchdog for 200 seconds at Tue May 01 02:16:54 UTC 2018
8 ms. Memory: 208384K Free: 196311K (94%)
ptolemy.util.test.WatchDog.cancel(): canceling Tue May 01 02:16:54 UTC 2018
auto.tcl: Setting watchdog for 200 seconds at Tue May 01 02:16:54 UTC 2018
3 ms. Memory: 208384K Free: 196311K (94%)
ptolemy.util.test.WatchDog.cancel(): canceling Tue May 01 02:16:54 UTC 2018
------------------ testing $PTII/ptolemy/domains/de/test/auto/CausalityInterface2.xml
auto.tcl: Setting watchdog for 200 seconds at Tue May 01 02:16:54 UTC 2018
7 ms. Memory: 208384K Free: 196295K (94%)
ptolemy.util.test.WatchDog.cancel(): canceling Tue May 01 02:16:55 UTC 2018
auto.tcl: Setting watchdog for 200 seconds at Tue May 01 02:16:55 UTC 2018
3 ms. Memory: 208384K Free: 196295K (94%)
ptolemy.util.test.WatchDog.cancel(): canceling Tue May 01 02:16:55 UTC 2018
------------------ testing $PTII/ptolemy/domains/de/test/auto/CausalityInterface3.xml
auto.tcl: Setting watchdog for 200 seconds at Tue May 01 02:16:55 UTC 2018
6 ms. Memory: 208384K Free: 196309K (94%)
ptolemy.util.test.WatchDog.cancel(): canceling Tue May 01 02:16:55 UTC 2018
auto.tcl: Setting watchdog for 200 seconds at Tue May 01 02:16:55 UTC 2018
7 ms. Memory: 208384K Free: 196309K (94%)
ptolemy.util.test.WatchDog.cancel(): canceling Tue May 01 02:16:55 UTC 2018
------------------ testing $PTII/ptolemy/domains/de/test/auto/ClockDrift.xml
auto.tcl: Setting watchdog for 200 seconds at Tue May 01 02:16:55 UTC 2018
119 ms. Memory: 208384K Free: 187423K (90%)
ptolemy.util.test.WatchDog.cancel(): canceling Tue May 01 02:16:55 UTC 2018
auto.tcl: Setting watchdog for 200 seconds at Tue May 01 02:16:55 UTC 2018
67 ms. Memory: 208384K Free: 185284K (89%)
ptolemy.util.test.WatchDog.cancel(): canceling Tue May 01 02:16:55 UTC 2018
------------------ testing $PTII/ptolemy/domains/de/test/auto/ClockDriftAndValueChange.xml
auto.tcl: Setting watchdog for 200 seconds at Tue May 01 02:16:55 UTC 2018
31 ms. Memory: 208384K Free: 187257K (90%)
ptolemy.util.test.WatchDog.cancel(): canceling Tue May 01 02:16:55 UTC 2018
auto.tcl: Setting watchdog for 200 seconds at Tue May 01 02:16:55 UTC 2018
44 ms. Memory: 208384K Free: 185118K (89%)
ptolemy.util.test.WatchDog.cancel(): canceling Tue May 01 02:16:55 UTC 2018
------------------ testing $PTII/ptolemy/domains/de/test/auto/ClockDriftChange.xml
auto.tcl: Setting watchdog for 200 seconds at Tue May 01 02:16:55 UTC 2018
36 ms. Memory: 208384K Free: 190619K (91%)
ptolemy.util.test.WatchDog.cancel(): canceling Tue May 01 02:16:55 UTC 2018
auto.tcl: Setting watchdog for 200 seconds at Tue May 01 02:16:55 UTC 2018
22 ms. Memory: 208384K Free: 188480K (90%)
ptolemy.util.test.WatchDog.cancel(): canceling Tue May 01 02:16:55 UTC 2018
------------------ testing $PTII/ptolemy/domains/de/test/auto/ComposableCausalityAnalysis.xml
auto.tcl: Setting watchdog for 200 seconds at Tue May 01 02:16:55 UTC 2018
2 ms. Memory: 208384K Free: 196503K (94%)
ptolemy.util.test.WatchDog.cancel(): canceling Tue May 01 02:16:55 UTC 2018
auto.tcl: Setting watchdog for 200 seconds at Tue May 01 02:16:55 UTC 2018
2 ms. Memory: 208384K Free: 196503K (94%)
ptolemy.util.test.WatchDog.cancel(): canceling Tue May 01 02:16:55 UTC 2018
------------------ testing $PTII/ptolemy/domains/de/test/auto/DEFixedPointLimitation.xml
auto.tcl: Setting watchdog for 200 seconds at Tue May 01 02:16:55 UTC 2018
2 ms. Memory: 208384K Free: 198385K (95%)
ptolemy.util.test.WatchDog.cancel(): canceling Tue May 01 02:16:55 UTC 2018
auto.tcl: Setting watchdog for 200 seconds at Tue May 01 02:16:55 UTC 2018
1 ms. Memory: 208384K Free: 196246K (94%)
ptolemy.util.test.WatchDog.cancel(): canceling Tue May 01 02:16:55 UTC 2018
------------------ testing $PTII/ptolemy/domains/de/test/auto/DEScheduleTest.xml
auto.tcl: Setting watchdog for 200 seconds at Tue May 01 02:16:56 UTC 2018
6 ms. Memory: 208384K Free: 198420K (95%)
ptolemy.util.test.WatchDog.cancel(): canceling Tue May 01 02:16:56 UTC 2018
auto.tcl: Setting watchdog for 200 seconds at Tue May 01 02:16:56 UTC 2018
4 ms. Memory: 208384K Free: 196281K (94%)
ptolemy.util.test.WatchDog.cancel(): canceling Tue May 01 02:16:56 UTC 2018
------------------ testing $PTII/ptolemy/domains/de/test/auto/DEinDEwithStartTimes.xml
auto.tcl: Setting watchdog for 200 seconds at Tue May 01 02:16:56 UTC 2018
4 ms. Memory: 208384K Free: 196250K (94%)
ptolemy.util.test.WatchDog.cancel(): canceling Tue May 01 02:16:56 UTC 2018
auto.tcl: Setting watchdog for 200 seconds at Tue May 01 02:16:56 UTC 2018
5 ms. Memory: 208384K Free: 196250K (94%)
ptolemy.util.test.WatchDog.cancel(): canceling Tue May 01 02:16:56 UTC 2018
------------------ testing $PTII/ptolemy/domains/de/test/auto/DEinDEwithStartTimes2.xml
auto.tcl: Setting watchdog for 200 seconds at Tue May 01 02:16:56 UTC 2018
9 ms. Memory: 208384K Free: 196229K (94%)
ptolemy.util.test.WatchDog.cancel(): canceling Tue May 01 02:16:56 UTC 2018
auto.tcl: Setting watchdog for 200 seconds at Tue May 01 02:16:56 UTC 2018
9 ms. Memory: 208384K Free: 194089K (93%)
ptolemy.util.test.WatchDog.cancel(): canceling Tue May 01 02:16:56 UTC 2018
------------------ testing $PTII/ptolemy/domains/de/test/auto/DateDemo.xml
auto.tcl: Setting watchdog for 200 seconds at Tue May 01 02:16:56 UTC 2018
19 ms. Memory: 208384K Free: 188540K (90%)
ptolemy.util.test.WatchDog.cancel(): canceling Tue May 01 02:16:56 UTC 2018
auto.tcl: Setting watchdog for 200 seconds at Tue May 01 02:16:56 UTC 2018
8 ms. Memory: 208384K Free: 186401K (89%)
ptolemy.util.test.WatchDog.cancel(): canceling Tue May 01 02:16:56 UTC 2018
------------------ testing $PTII/ptolemy/domains/de/test/auto/DateToEvent.xml
auto.tcl: Setting watchdog for 200 seconds at Tue May 01 02:16:56 UTC 2018
2022 ms. Memory: 208384K Free: 183129K (88%)
ptolemy.util.test.WatchDog.cancel(): canceling Tue May 01 02:16:58 UTC 2018
auto.tcl: Setting watchdog for 200 seconds at Tue May 01 02:16:58 UTC 2018
2006 ms. Memory: 208384K Free: 180672K (87%)
ptolemy.util.test.WatchDog.cancel(): canceling Tue May 01 02:17:00 UTC 2018
------------------ testing $PTII/ptolemy/domains/de/test/auto/DepthTest1.xml
auto.tcl: Setting watchdog for 200 seconds at Tue May 01 02:17:00 UTC 2018
7 ms. Memory: 208384K Free: 198284K (95%)
ptolemy.util.test.WatchDog.cancel(): canceling Tue May 01 02:17:00 UTC 2018
auto.tcl: Setting watchdog for 200 seconds at Tue May 01 02:17:00 UTC 2018
3 ms. Memory: 208384K Free: 198284K (95%)
ptolemy.util.test.WatchDog.cancel(): canceling Tue May 01 02:17:00 UTC 2018
------------------ testing $PTII/ptolemy/domains/de/test/auto/DepthTest2.xml
auto.tcl: Setting watchdog for 200 seconds at Tue May 01 02:17:00 UTC 2018
3 ms. Memory: 208384K Free: 194102K (93%)
ptolemy.util.test.WatchDog.cancel(): canceling Tue May 01 02:17:00 UTC 2018
auto.tcl: Setting watchdog for 200 seconds at Tue May 01 02:17:00 UTC 2018
3 ms. Memory: 208384K Free: 194102K (93%)
ptolemy.util.test.WatchDog.cancel(): canceling Tue May 01 02:17:00 UTC 2018
------------------ testing $PTII/ptolemy/domains/de/test/auto/DepthTest3.xml
auto.tcl: Setting watchdog for 200 seconds at Tue May 01 02:17:00 UTC 2018
6 ms. Memory: 208384K Free: 198281K (95%)
ptolemy.util.test.WatchDog.cancel(): canceling Tue May 01 02:17:00 UTC 2018
auto.tcl: Setting watchdog for 200 seconds at Tue May 01 02:17:00 UTC 2018
2 ms. Memory: 208384K Free: 198281K (95%)
ptolemy.util.test.WatchDog.cancel(): canceling Tue May 01 02:17:00 UTC 2018
------------------ testing $PTII/ptolemy/domains/de/test/auto/DepthTest4.xml
auto.tcl: Setting watchdog for 200 seconds at Tue May 01 02:17:00 UTC 2018
3 ms. Memory: 208384K Free: 196228K (94%)
ptolemy.util.test.WatchDog.cancel(): canceling Tue May 01 02:17:00 UTC 2018
auto.tcl: Setting watchdog for 200 seconds at Tue May 01 02:17:00 UTC 2018
2 ms. Memory: 208384K Free: 196228K (94%)
ptolemy.util.test.WatchDog.cancel(): canceling Tue May 01 02:17:00 UTC 2018
------------------ testing $PTII/ptolemy/domains/de/test/auto/DepthTest5.xml
auto.tcl: Setting watchdog for 200 seconds at Tue May 01 02:17:00 UTC 2018
5 ms. Memory: 208384K Free: 196176K (94%)
ptolemy.util.test.WatchDog.cancel(): canceling Tue May 01 02:17:00 UTC 2018
auto.tcl: Setting watchdog for 200 seconds at Tue May 01 02:17:00 UTC 2018
3 ms. Memory: 208384K Free: 196176K (94%)
ptolemy.util.test.WatchDog.cancel(): canceling Tue May 01 02:17:00 UTC 2018
------------------ testing $PTII/ptolemy/domains/de/test/auto/DepthTest6.xml
auto.tcl: Setting watchdog for 200 seconds at Tue May 01 02:17:00 UTC 2018
7 ms. Memory: 208384K Free: 196488K (94%)
ptolemy.util.test.WatchDog.cancel(): canceling Tue May 01 02:17:00 UTC 2018
auto.tcl: Setting watchdog for 200 seconds at Tue May 01 02:17:00 UTC 2018
2 ms. Memory: 208384K Free: 196488K (94%)
ptolemy.util.test.WatchDog.cancel(): canceling Tue May 01 02:17:00 UTC 2018
------------------ testing $PTII/ptolemy/domains/de/test/auto/DepthTest7.xml
auto.tcl: Setting watchdog for 200 seconds at Tue May 01 02:17:01 UTC 2018
3 ms. Memory: 208384K Free: 196133K (94%)
ptolemy.util.test.WatchDog.cancel(): canceling Tue May 01 02:17:01 UTC 2018
auto.tcl: Setting watchdog for 200 seconds at Tue May 01 02:17:01 UTC 2018
3 ms. Memory: 208384K Free: 196133K (94%)
ptolemy.util.test.WatchDog.cancel(): canceling Tue May 01 02:17:01 UTC 2018
------------------ testing $PTII/ptolemy/domains/de/test/auto/EventToDate.xml
auto.tcl: Setting watchdog for 200 seconds at Tue May 01 02:17:01 UTC 2018
3010 ms. Memory: 208384K Free: 187598K (90%)
ptolemy.util.test.WatchDog.cancel(): canceling Tue May 01 02:17:04 UTC 2018
auto.tcl: Setting watchdog for 200 seconds at Tue May 01 02:17:04 UTC 2018
3004 ms. Memory: 208384K Free: 185458K (89%)
ptolemy.util.test.WatchDog.cancel(): canceling Tue May 01 02:17:07 UTC 2018
------------------ testing $PTII/ptolemy/domains/de/test/auto/FSM1.xml
auto.tcl: Setting watchdog for 200 seconds at Tue May 01 02:17:07 UTC 2018
38 ms. Memory: 208384K Free: 189107K (91%)
ptolemy.util.test.WatchDog.cancel(): canceling Tue May 01 02:17:07 UTC 2018
auto.tcl: Setting watchdog for 200 seconds at Tue May 01 02:17:07 UTC 2018
23 ms. Memory: 208384K Free: 184829K (89%)
ptolemy.util.test.WatchDog.cancel(): canceling Tue May 01 02:17:07 UTC 2018
------------------ testing $PTII/ptolemy/domains/de/test/auto/FSM7.xml
auto.tcl: Setting watchdog for 200 seconds at Tue May 01 02:17:07 UTC 2018
24 ms. Memory: 208384K Free: 187171K (90%)
ptolemy.util.test.WatchDog.cancel(): canceling Tue May 01 02:17:07 UTC 2018
auto.tcl: Setting watchdog for 200 seconds at Tue May 01 02:17:07 UTC 2018
20 ms. Memory: 208384K Free: 185032K (89%)
ptolemy.util.test.WatchDog.cancel(): canceling Tue May 01 02:17:07 UTC 2018
------------------ testing $PTII/ptolemy/domains/de/test/auto/Inspection.xml
auto.tcl: Setting watchdog for 200 seconds at Tue May 01 02:17:07 UTC 2018
46 ms. Memory: 208384K Free: 188723K (91%)
ptolemy.util.test.WatchDog.cancel(): canceling Tue May 01 02:17:07 UTC 2018
auto.tcl: Setting watchdog for 200 seconds at Tue May 01 02:17:07 UTC 2018
39 ms. Memory: 208384K Free: 186584K (90%)
ptolemy.util.test.WatchDog.cancel(): canceling Tue May 01 02:17:07 UTC 2018
------------------ testing $PTII/ptolemy/domains/de/test/auto/Iteration.xml
auto.tcl: Setting watchdog for 200 seconds at Tue May 01 02:17:07 UTC 2018
10 ms. Memory: 208384K Free: 194138K (93%)
ptolemy.util.test.WatchDog.cancel(): canceling Tue May 01 02:17:07 UTC 2018
auto.tcl: Setting watchdog for 200 seconds at Tue May 01 02:17:07 UTC 2018
9 ms. Memory: 208384K Free: 193800K (93%)
ptolemy.util.test.WatchDog.cancel(): canceling Tue May 01 02:17:07 UTC 2018
------------------ testing $PTII/ptolemy/domains/de/test/auto/LineFault.xml
auto.tcl: Setting watchdog for 200 seconds at Tue May 01 02:17:07 UTC 2018
784 ms. Memory: 208384K Free: 195164K (94%)
ptolemy.util.test.WatchDog.cancel(): canceling Tue May 01 02:17:08 UTC 2018
auto.tcl: Setting watchdog for 200 seconds at Tue May 01 02:17:08 UTC 2018
776 ms. Memory: 208384K Free: 138647K (67%)
ptolemy.util.test.WatchDog.cancel(): canceling Tue May 01 02:17:09 UTC 2018
------------------ testing $PTII/ptolemy/domains/de/test/auto/MergeModel1Add.xml
auto.tcl: Setting watchdog for 200 seconds at Tue May 01 02:17:09 UTC 2018
17 ms. Memory: 331264K Free: 302873K (91%)
ptolemy.util.test.WatchDog.cancel(): canceling Tue May 01 02:17:09 UTC 2018
auto.tcl: Setting watchdog for 200 seconds at Tue May 01 02:17:09 UTC 2018
10 ms. Memory: 331264K Free: 298936K (90%)
ptolemy.util.test.WatchDog.cancel(): canceling Tue May 01 02:17:09 UTC 2018
------------------ testing $PTII/ptolemy/domains/de/test/auto/MergeModel2Add.xml
auto.tcl: Setting watchdog for 200 seconds at Tue May 01 02:17:09 UTC 2018
12 ms. Memory: 331264K Free: 304211K (92%)
ptolemy.util.test.WatchDog.cancel(): canceling Tue May 01 02:17:09 UTC 2018
auto.tcl: Setting watchdog for 200 seconds at Tue May 01 02:17:09 UTC 2018
12 ms. Memory: 331264K Free: 300274K (91%)
ptolemy.util.test.WatchDog.cancel(): canceling Tue May 01 02:17:10 UTC 2018
------------------ testing $PTII/ptolemy/domains/de/test/auto/MergeModel3Add.xml
auto.tcl: Setting watchdog for 200 seconds at Tue May 01 02:17:10 UTC 2018
14 ms. Memory: 331264K Free: 304221K (92%)
ptolemy.util.test.WatchDog.cancel(): canceling Tue May 01 02:17:10 UTC 2018
auto.tcl: Setting watchdog for 200 seconds at Tue May 01 02:17:10 UTC 2018
11 ms. Memory: 331264K Free: 300284K (91%)
ptolemy.util.test.WatchDog.cancel(): canceling Tue May 01 02:17:10 UTC 2018
------------------ testing $PTII/ptolemy/domains/de/test/auto/MergeWithoutDiscard.xml
auto.tcl: Setting watchdog for 200 seconds at Tue May 01 02:17:10 UTC 2018
2 ms. Memory: 331264K Free: 316314K (95%)
ptolemy.util.test.WatchDog.cancel(): canceling Tue May 01 02:17:10 UTC 2018
auto.tcl: Setting watchdog for 200 seconds at Tue May 01 02:17:10 UTC 2018
1 ms. Memory: 331264K Free: 316314K (95%)
ptolemy.util.test.WatchDog.cancel(): canceling Tue May 01 02:17:10 UTC 2018
------------------ testing $PTII/ptolemy/domains/de/test/auto/Modal1.xml
auto.tcl: Setting watchdog for 200 seconds at Tue May 01 02:17:10 UTC 2018
23 ms. Memory: 331264K Free: 309932K (94%)
ptolemy.util.test.WatchDog.cancel(): canceling Tue May 01 02:17:10 UTC 2018
auto.tcl: Setting watchdog for 200 seconds at Tue May 01 02:17:10 UTC 2018
22 ms. Memory: 331264K Free: 305995K (92%)
ptolemy.util.test.WatchDog.cancel(): canceling Tue May 01 02:17:10 UTC 2018
------------------ testing $PTII/ptolemy/domains/de/test/auto/Modal2.xml
auto.tcl: Setting watchdog for 200 seconds at Tue May 01 02:17:10 UTC 2018
19 ms. Memory: 331264K Free: 309813K (94%)
ptolemy.util.test.WatchDog.cancel(): canceling Tue May 01 02:17:10 UTC 2018
auto.tcl: Setting watchdog for 200 seconds at Tue May 01 02:17:10 UTC 2018
18 ms. Memory: 331264K Free: 305876K (92%)
ptolemy.util.test.WatchDog.cancel(): canceling Tue May 01 02:17:10 UTC 2018
------------------ testing $PTII/ptolemy/domains/de/test/auto/Modal3.xml
auto.tcl: Setting watchdog for 200 seconds at Tue May 01 02:17:10 UTC 2018
14 ms. Memory: 331264K Free: 310089K (94%)
ptolemy.util.test.WatchDog.cancel(): canceling Tue May 01 02:17:10 UTC 2018
auto.tcl: Setting watchdog for 200 seconds at Tue May 01 02:17:10 UTC 2018
15 ms. Memory: 331264K Free: 305866K (92%)
ptolemy.util.test.WatchDog.cancel(): canceling Tue May 01 02:17:10 UTC 2018
------------------ testing $PTII/ptolemy/domains/de/test/auto/Modal4.xml
auto.tcl: Setting watchdog for 200 seconds at Tue May 01 02:17:10 UTC 2018
13 ms. Memory: 331264K Free: 304902K (92%)
ptolemy.util.test.WatchDog.cancel(): canceling Tue May 01 02:17:10 UTC 2018
auto.tcl: Setting watchdog for 200 seconds at Tue May 01 02:17:10 UTC 2018
16 ms. Memory: 331264K Free: 300965K (91%)
ptolemy.util.test.WatchDog.cancel(): canceling Tue May 01 02:17:10 UTC 2018
------------------ testing $PTII/ptolemy/domains/de/test/auto/Modal5.xml
auto.tcl: Setting watchdog for 200 seconds at Tue May 01 02:17:10 UTC 2018
20 ms. Memory: 331264K Free: 309804K (94%)
ptolemy.util.test.WatchDog.cancel(): canceling Tue May 01 02:17:10 UTC 2018
auto.tcl: Setting watchdog for 200 seconds at Tue May 01 02:17:10 UTC 2018
17 ms. Memory: 331264K Free: 305867K (92%)
ptolemy.util.test.WatchDog.cancel(): canceling Tue May 01 02:17:10 UTC 2018
------------------ testing $PTII/ptolemy/domains/de/test/auto/Modal6.xml
auto.tcl: Setting watchdog for 200 seconds at Tue May 01 02:17:10 UTC 2018
17 ms. Memory: 331264K Free: 309801K (94%)
ptolemy.util.test.WatchDog.cancel(): canceling Tue May 01 02:17:10 UTC 2018
auto.tcl: Setting watchdog for 200 seconds at Tue May 01 02:17:10 UTC 2018
19 ms. Memory: 331264K Free: 305864K (92%)
ptolemy.util.test.WatchDog.cancel(): canceling Tue May 01 02:17:10 UTC 2018
------------------ testing $PTII/ptolemy/domains/de/test/auto/Modal7.xml
auto.tcl: Setting watchdog for 200 seconds at Tue May 01 02:17:10 UTC 2018
11 ms. Memory: 331264K Free: 309801K (94%)
ptolemy.util.test.WatchDog.cancel(): canceling Tue May 01 02:17:10 UTC 2018
auto.tcl: Setting watchdog for 200 seconds at Tue May 01 02:17:10 UTC 2018
11 ms. Memory: 331264K Free: 305865K (92%)
ptolemy.util.test.WatchDog.cancel(): canceling Tue May 01 02:17:10 UTC 2018
------------------ testing $PTII/ptolemy/domains/de/test/auto/ModalModel.xml
auto.tcl: Setting watchdog for 200 seconds at Tue May 01 02:17:11 UTC 2018
209 ms. Memory: 331264K Free: 246349K (74%)
ptolemy.util.test.WatchDog.cancel(): canceling Tue May 01 02:17:11 UTC 2018
auto.tcl: Setting watchdog for 200 seconds at Tue May 01 02:17:11 UTC 2018
220 ms. Memory: 331264K Free: 191231K (58%)
ptolemy.util.test.WatchDog.cancel(): canceling Tue May 01 02:17:11 UTC 2018
------------------ testing $PTII/ptolemy/domains/de/test/auto/ModalSource.xml
auto.tcl: Setting watchdog for 200 seconds at Tue May 01 02:17:11 UTC 2018
12 ms. Memory: 331264K Free: 316573K (96%)
ptolemy.util.test.WatchDog.cancel(): canceling Tue May 01 02:17:11 UTC 2018
auto.tcl: Setting watchdog for 200 seconds at Tue May 01 02:17:11 UTC 2018
8 ms. Memory: 331264K Free: 313065K (95%)
ptolemy.util.test.WatchDog.cancel(): canceling Tue May 01 02:17:11 UTC 2018
------------------ testing $PTII/ptolemy/domains/de/test/auto/NonInterruptibleTimerZeroDelay.xml
auto.tcl: Setting watchdog for 200 seconds at Tue May 01 02:17:11 UTC 2018
4 ms. Memory: 331264K Free: 320917K (97%)
ptolemy.util.test.WatchDog.cancel(): canceling Tue May 01 02:17:11 UTC 2018
auto.tcl: Setting watchdog for 200 seconds at Tue May 01 02:17:11 UTC 2018
3 ms. Memory: 331264K Free: 317410K (96%)
ptolemy.util.test.WatchDog.cancel(): canceling Tue May 01 02:17:11 UTC 2018
------------------ testing $PTII/ptolemy/domains/de/test/auto/OpenQueueingNetwork.xml
auto.tcl: Setting watchdog for 200 seconds at Tue May 01 02:17:11 UTC 2018
3380 ms. Memory: 317952K Free: 157472K (50%)
ptolemy.util.test.WatchDog.cancel(): canceling Tue May 01 02:17:15 UTC 2018
auto.tcl: Setting watchdog for 200 seconds at Tue May 01 02:17:15 UTC 2018
2679 ms. Memory: 287232K Free: 246076K (86%)
ptolemy.util.test.WatchDog.cancel(): canceling Tue May 01 02:17:17 UTC 2018
------------------ testing $PTII/ptolemy/domains/de/test/auto/OpenQueuingNetwork.xml
auto.tcl: Setting watchdog for 200 seconds at Tue May 01 02:17:18 UTC 2018
272 ms. Memory: 287232K Free: 187601K (65%)
ptolemy.util.test.WatchDog.cancel(): canceling Tue May 01 02:17:18 UTC 2018
auto.tcl: Setting watchdog for 200 seconds at Tue May 01 02:17:18 UTC 2018
262 ms. Memory: 287232K Free: 127297K (44%)
ptolemy.util.test.WatchDog.cancel(): canceling Tue May 01 02:17:18 UTC 2018
------------------ testing $PTII/ptolemy/domains/de/test/auto/PeriodicSampler.xml
auto.tcl: Setting watchdog for 200 seconds at Tue May 01 02:17:18 UTC 2018
2 ms. Memory: 289792K Free: 277786K (96%)
ptolemy.util.test.WatchDog.cancel(): canceling Tue May 01 02:17:18 UTC 2018
auto.tcl: Setting watchdog for 200 seconds at Tue May 01 02:17:18 UTC 2018
2 ms. Memory: 289792K Free: 274892K (95%)
ptolemy.util.test.WatchDog.cancel(): canceling Tue May 01 02:17:18 UTC 2018
------------------ testing $PTII/ptolemy/domains/de/test/auto/PersistentIO.xml
auto.tcl: Setting watchdog for 200 seconds at Tue May 01 02:17:18 UTC 2018
5 ms. Memory: 287232K Free: 267110K (93%)
ptolemy.util.test.WatchDog.cancel(): canceling Tue May 01 02:17:18 UTC 2018
auto.tcl: Setting watchdog for 200 seconds at Tue May 01 02:17:18 UTC 2018
4 ms. Memory: 287232K Free: 267110K (93%)
ptolemy.util.test.WatchDog.cancel(): canceling Tue May 01 02:17:18 UTC 2018
------------------ testing $PTII/ptolemy/domains/de/test/auto/PortParameterResetOnInitialize.xml
auto.tcl: Setting watchdog for 200 seconds at Tue May 01 02:17:18 UTC 2018
10 ms. Memory: 289280K Free: 274824K (95%)
ptolemy.util.test.WatchDog.cancel(): canceling Tue May 01 02:17:18 UTC 2018
auto.tcl: Setting watchdog for 200 seconds at Tue May 01 02:17:18 UTC 2018
2 ms. Memory: 289280K Free: 274723K (95%)
ptolemy.util.test.WatchDog.cancel(): canceling Tue May 01 02:17:18 UTC 2018
------------------ testing $PTII/ptolemy/domains/de/test/auto/PortParameterUpdates.xml
auto.tcl: Setting watchdog for 200 seconds at Tue May 01 02:17:18 UTC 2018
4 ms. Memory: 287232K Free: 272926K (95%)
ptolemy.util.test.WatchDog.cancel(): canceling Tue May 01 02:17:18 UTC 2018
auto.tcl: Setting watchdog for 200 seconds at Tue May 01 02:17:18 UTC 2018
4 ms. Memory: 287232K Free: 270031K (94%)
ptolemy.util.test.WatchDog.cancel(): canceling Tue May 01 02:17:18 UTC 2018
------------------ testing $PTII/ptolemy/domains/de/test/auto/QueueAndServer.xml
auto.tcl: Setting watchdog for 200 seconds at Tue May 01 02:17:18 UTC 2018
12 ms. Memory: 289280K Free: 271910K (94%)
ptolemy.util.test.WatchDog.cancel(): canceling Tue May 01 02:17:19 UTC 2018
auto.tcl: Setting watchdog for 200 seconds at Tue May 01 02:17:19 UTC 2018
8 ms. Memory: 289280K Free: 271910K (94%)
ptolemy.util.test.WatchDog.cancel(): canceling Tue May 01 02:17:19 UTC 2018
------------------ testing $PTII/ptolemy/domains/de/test/auto/Records.xml
auto.tcl: Setting watchdog for 200 seconds at Tue May 01 02:17:19 UTC 2018
6 ms. Memory: 287232K Free: 274772K (96%)
ptolemy.util.test.WatchDog.cancel(): canceling Tue May 01 02:17:19 UTC 2018
auto.tcl: Setting watchdog for 200 seconds at Tue May 01 02:17:19 UTC 2018
2 ms. Memory: 287232K Free: 274772K (96%)
ptolemy.util.test.WatchDog.cancel(): canceling Tue May 01 02:17:19 UTC 2018
------------------ testing $PTII/ptolemy/domains/de/test/auto/ResetTransitionWithStartTime1.xml
auto.tcl: Setting watchdog for 200 seconds at Tue May 01 02:17:19 UTC 2018
7 ms. Memory: 288768K Free: 273538K (95%)
ptolemy.util.test.WatchDog.cancel(): canceling Tue May 01 02:17:19 UTC 2018
auto.tcl: Setting watchdog for 200 seconds at Tue May 01 02:17:19 UTC 2018
9 ms. Memory: 288768K Free: 270527K (94%)
ptolemy.util.test.WatchDog.cancel(): canceling Tue May 01 02:17:19 UTC 2018
------------------ testing $PTII/ptolemy/domains/de/test/auto/ResetTransitionWithStartTime2.xml
auto.tcl: Setting watchdog for 200 seconds at Tue May 01 02:17:19 UTC 2018
5 ms. Memory: 287232K Free: 271994K (95%)
ptolemy.util.test.WatchDog.cancel(): canceling Tue May 01 02:17:19 UTC 2018
auto.tcl: Setting watchdog for 200 seconds at Tue May 01 02:17:19 UTC 2018
7 ms. Memory: 287232K Free: 269100K (94%)
ptolemy.util.test.WatchDog.cancel(): canceling Tue May 01 02:17:19 UTC 2018
------------------ testing $PTII/ptolemy/domains/de/test/auto/ResetTransitionWithStartTime3.xml
auto.tcl: Setting watchdog for 200 seconds at Tue May 01 02:17:19 UTC 2018
5 ms. Memory: 288768K Free: 273428K (95%)
ptolemy.util.test.WatchDog.cancel(): canceling Tue May 01 02:17:19 UTC 2018
auto.tcl: Setting watchdog for 200 seconds at Tue May 01 02:17:19 UTC 2018
6 ms. Memory: 288768K Free: 270534K (94%)
ptolemy.util.test.WatchDog.cancel(): canceling Tue May 01 02:17:19 UTC 2018
------------------ testing $PTII/ptolemy/domains/de/test/auto/ResetTransitionWithStartTime4.xml
auto.tcl: Setting watchdog for 200 seconds at Tue May 01 02:17:19 UTC 2018
4 ms. Memory: 287232K Free: 272007K (95%)
ptolemy.util.test.WatchDog.cancel(): canceling Tue May 01 02:17:19 UTC 2018
auto.tcl: Setting watchdog for 200 seconds at Tue May 01 02:17:19 UTC 2018
3 ms. Memory: 287232K Free: 272007K (95%)
ptolemy.util.test.WatchDog.cancel(): canceling Tue May 01 02:17:19 UTC 2018
------------------ testing $PTII/ptolemy/domains/de/test/auto/ResettableTimer1.xml
auto.tcl: Setting watchdog for 200 seconds at Tue May 01 02:17:19 UTC 2018
3 ms. Memory: 288768K Free: 274273K (95%)
ptolemy.util.test.WatchDog.cancel(): canceling Tue May 01 02:17:19 UTC 2018
auto.tcl: Setting watchdog for 200 seconds at Tue May 01 02:17:19 UTC 2018
5 ms. Memory: 288768K Free: 274273K (95%)
ptolemy.util.test.WatchDog.cancel(): canceling Tue May 01 02:17:19 UTC 2018
------------------ testing $PTII/ptolemy/domains/de/test/auto/ResettableTimer2.xml
auto.tcl: Setting watchdog for 200 seconds at Tue May 01 02:17:19 UTC 2018
3 ms. Memory: 287232K Free: 274939K (96%)
ptolemy.util.test.WatchDog.cancel(): canceling Tue May 01 02:17:19 UTC 2018
auto.tcl: Setting watchdog for 200 seconds at Tue May 01 02:17:19 UTC 2018
2 ms. Memory: 287232K Free: 274939K (96%)
ptolemy.util.test.WatchDog.cancel(): canceling Tue May 01 02:17:19 UTC 2018
------------------ testing $PTII/ptolemy/domains/de/test/auto/ResettableTimer3.xml
auto.tcl: Setting watchdog for 200 seconds at Tue May 01 02:17:19 UTC 2018
1 ms. Memory: 288256K Free: 273812K (95%)
ptolemy.util.test.WatchDog.cancel(): canceling Tue May 01 02:17:19 UTC 2018
auto.tcl: Setting watchdog for 200 seconds at Tue May 01 02:17:19 UTC 2018
2 ms. Memory: 288256K Free: 273812K (95%)
ptolemy.util.test.WatchDog.cancel(): canceling Tue May 01 02:17:19 UTC 2018
------------------ testing $PTII/ptolemy/domains/de/test/auto/ResettableTimer4.xml
auto.tcl: Setting watchdog for 200 seconds at Tue May 01 02:17:19 UTC 2018
1 ms. Memory: 287232K Free: 274960K (96%)
ptolemy.util.test.WatchDog.cancel(): canceling Tue May 01 02:17:19 UTC 2018
auto.tcl: Setting watchdog for 200 seconds at Tue May 01 02:17:19 UTC 2018
1 ms. Memory: 287232K Free: 274960K (96%)
ptolemy.util.test.WatchDog.cancel(): canceling Tue May 01 02:17:19 UTC 2018
------------------ testing $PTII/ptolemy/domains/de/test/auto/ResettableTimer5.xml
auto.tcl: Setting watchdog for 200 seconds at Tue May 01 02:17:19 UTC 2018
2 ms. Memory: 288256K Free: 273915K (95%)
ptolemy.util.test.WatchDog.cancel(): canceling Tue May 01 02:17:19 UTC 2018
auto.tcl: Setting watchdog for 200 seconds at Tue May 01 02:17:19 UTC 2018
1 ms. Memory: 288256K Free: 273915K (95%)
ptolemy.util.test.WatchDog.cancel(): canceling Tue May 01 02:17:19 UTC 2018
------------------ testing $PTII/ptolemy/domains/de/test/auto/ResettableTimer6.xml
auto.tcl: Setting watchdog for 200 seconds at Tue May 01 02:17:19 UTC 2018
2 ms. Memory: 287232K Free: 272740K (95%)
ptolemy.util.test.WatchDog.cancel(): canceling Tue May 01 02:17:19 UTC 2018
auto.tcl: Setting watchdog for 200 seconds at Tue May 01 02:17:19 UTC 2018
1 ms. Memory: 287232K Free: 272740K (95%)
ptolemy.util.test.WatchDog.cancel(): canceling Tue May 01 02:17:19 UTC 2018
------------------ testing $PTII/ptolemy/domains/de/test/auto/ServerZeroDelay.xml
auto.tcl: Setting watchdog for 200 seconds at Tue May 01 02:17:19 UTC 2018
4 ms. Memory: 288256K Free: 275914K (96%)
ptolemy.util.test.WatchDog.cancel(): canceling Tue May 01 02:17:19 UTC 2018
auto.tcl: Setting watchdog for 200 seconds at Tue May 01 02:17:19 UTC 2018
3 ms. Memory: 288256K Free: 275914K (96%)
ptolemy.util.test.WatchDog.cancel(): canceling Tue May 01 02:17:19 UTC 2018
------------------ testing $PTII/ptolemy/domains/de/test/auto/SmartSender.xml
auto.tcl: Setting watchdog for 200 seconds at Tue May 01 02:17:19 UTC 2018
3001 ms. Memory: 287232K Free: 272827K (95%)
ptolemy.util.test.WatchDog.cancel(): canceling Tue May 01 02:17:22 UTC 2018
auto.tcl: Setting watchdog for 200 seconds at Tue May 01 02:17:22 UTC 2018
3003 ms. Memory: 287232K Free: 272827K (95%)
ptolemy.util.test.WatchDog.cancel(): canceling Tue May 01 02:17:25 UTC 2018
------------------ testing $PTII/ptolemy/domains/de/test/auto/ThreadedComposite.xml
auto.tcl: Setting watchdog for 200 seconds at Tue May 01 02:17:25 UTC 2018
245 ms. Memory: 288256K Free: 252715K (88%)
ptolemy.util.test.WatchDog.cancel(): canceling Tue May 01 02:17:26 UTC 2018
auto.tcl: Setting watchdog for 200 seconds at Tue May 01 02:17:26 UTC 2018
158 ms. Memory: 288256K Free: 241587K (84%)
ptolemy.util.test.WatchDog.cancel(): canceling Tue May 01 02:17:26 UTC 2018
------------------ testing $PTII/ptolemy/domains/de/test/auto/Time.xml
auto.tcl: Setting watchdog for 200 seconds at Tue May 01 02:17:26 UTC 2018
635 ms. Memory: 287232K Free: 223052K (78%)
ptolemy.util.test.WatchDog.cancel(): canceling Tue May 01 02:17:27 UTC 2018
auto.tcl: Setting watchdog for 200 seconds at Tue May 01 02:17:27 UTC 2018
607 ms. Memory: 287232K Free: 170951K (60%)
ptolemy.util.test.WatchDog.cancel(): canceling Tue May 01 02:17:27 UTC 2018
------------------ testing $PTII/ptolemy/domains/de/test/auto/TimeDelayZeroDelay.xml
auto.tcl: Setting watchdog for 200 seconds at Tue May 01 02:17:27 UTC 2018
2 ms. Memory: 287744K Free: 275859K (96%)
ptolemy.util.test.WatchDog.cancel(): canceling Tue May 01 02:17:27 UTC 2018
auto.tcl: Setting watchdog for 200 seconds at Tue May 01 02:17:27 UTC 2018
3 ms. Memory: 287744K Free: 275859K (96%)
ptolemy.util.test.WatchDog.cancel(): canceling Tue May 01 02:17:27 UTC 2018
------------------ testing $PTII/ptolemy/domains/de/test/auto/TimerZeroDelay.xml
auto.tcl: Setting watchdog for 200 seconds at Tue May 01 02:17:27 UTC 2018
2 ms. Memory: 287232K Free: 275456K (96%)
ptolemy.util.test.WatchDog.cancel(): canceling Tue May 01 02:17:27 UTC 2018
auto.tcl: Setting watchdog for 200 seconds at Tue May 01 02:17:27 UTC 2018
2 ms. Memory: 287232K Free: 275456K (96%)
ptolemy.util.test.WatchDog.cancel(): canceling Tue May 01 02:17:27 UTC 2018
------------------ testing $PTII/ptolemy/domains/de/test/auto/TimingParadox.xml
auto.tcl: Setting watchdog for 200 seconds at Tue May 01 02:17:27 UTC 2018
418 ms. Memory: 287744K Free: 211786K (74%)
ptolemy.util.test.WatchDog.cancel(): canceling Tue May 01 02:17:28 UTC 2018
auto.tcl: Setting watchdog for 200 seconds at Tue May 01 02:17:28 UTC 2018
371 ms. Memory: 287744K Free: 178075K (62%)
ptolemy.util.test.WatchDog.cancel(): canceling Tue May 01 02:17:28 UTC 2018
------------------ testing $PTII/ptolemy/domains/de/test/auto/TransferInputs.xml
auto.tcl: Setting watchdog for 200 seconds at Tue May 01 02:17:28 UTC 2018
2 ms. Memory: 287744K Free: 274839K (96%)
ptolemy.util.test.WatchDog.cancel(): canceling Tue May 01 02:17:28 UTC 2018
auto.tcl: Setting watchdog for 200 seconds at Tue May 01 02:17:28 UTC 2018
2 ms. Memory: 287744K Free: 274839K (96%)
ptolemy.util.test.WatchDog.cancel(): canceling Tue May 01 02:17:28 UTC 2018
------------------ testing $PTII/ptolemy/domains/de/test/auto/TransferOutputs2.xml
auto.tcl: Setting watchdog for 200 seconds at Tue May 01 02:17:28 UTC 2018
3 ms. Memory: 287232K Free: 270770K (94%)
ptolemy.util.test.WatchDog.cancel(): canceling Tue May 01 02:17:28 UTC 2018
auto.tcl: Setting watchdog for 200 seconds at Tue May 01 02:17:28 UTC 2018
3 ms. Memory: 287232K Free: 268145K (93%)
ptolemy.util.test.WatchDog.cancel(): canceling Tue May 01 02:17:28 UTC 2018
------------------ testing $PTII/ptolemy/domains/de/test/auto/Trilateration.xml
auto.tcl: Setting watchdog for 200 seconds at Tue May 01 02:17:29 UTC 2018
13150 ms. Memory: 455168K Free: 195357K (43%)
ptolemy.util.test.WatchDog.cancel(): canceling Tue May 01 02:17:43 UTC 2018
auto.tcl: Setting watchdog for 200 seconds at Tue May 01 02:17:43 UTC 2018
10288 ms. Memory: 326144K Free: 284303K (87%)
ptolemy.util.test.WatchDog.cancel(): canceling Tue May 01 02:17:53 UTC 2018
------------------ testing $PTII/ptolemy/domains/de/test/auto/TwoSigmaDelta.xml
auto.tcl: Setting watchdog for 200 seconds at Tue May 01 02:17:53 UTC 2018
2964 ms. Memory: 315904K Free: 254261K (80%)
ptolemy.util.test.WatchDog.cancel(): canceling Tue May 01 02:17:56 UTC 2018
auto.tcl: Setting watchdog for 200 seconds at Tue May 01 02:17:56 UTC 2018
2499 ms. Memory: 305152K Free: 233163K (76%)
ptolemy.util.test.WatchDog.cancel(): canceling Tue May 01 02:17:59 UTC 2018
------------------ testing $PTII/ptolemy/domains/de/test/auto/VariableDelay.xml
auto.tcl: Setting watchdog for 200 seconds at Tue May 01 02:17:59 UTC 2018
3 ms. Memory: 305152K Free: 289141K (95%)
ptolemy.util.test.WatchDog.cancel(): canceling Tue May 01 02:17:59 UTC 2018
auto.tcl: Setting watchdog for 200 seconds at Tue May 01 02:17:59 UTC 2018
6 ms. Memory: 305152K Free: 289141K (95%)
ptolemy.util.test.WatchDog.cancel(): canceling Tue May 01 02:17:59 UTC 2018
------------------ testing $PTII/ptolemy/domains/de/test/auto/VariableDelay2.xml
auto.tcl: Setting watchdog for 200 seconds at Tue May 01 02:17:59 UTC 2018
8 ms. Memory: 307200K Free: 293853K (96%)
ptolemy.util.test.WatchDog.cancel(): canceling Tue May 01 02:17:59 UTC 2018
auto.tcl: Setting watchdog for 200 seconds at Tue May 01 02:17:59 UTC 2018
2 ms. Memory: 307200K Free: 293853K (96%)
ptolemy.util.test.WatchDog.cancel(): canceling Tue May 01 02:17:59 UTC 2018
------------------ testing $PTII/ptolemy/domains/de/test/auto/VariableDelayZeroDelay.xml
auto.tcl: Setting watchdog for 200 seconds at Tue May 01 02:17:59 UTC 2018
2 ms. Memory: 305152K Free: 292792K (96%)
ptolemy.util.test.WatchDog.cancel(): canceling Tue May 01 02:17:59 UTC 2018
auto.tcl: Setting watchdog for 200 seconds at Tue May 01 02:17:59 UTC 2018
1 ms. Memory: 305152K Free: 289550K (95%)
ptolemy.util.test.WatchDog.cancel(): canceling Tue May 01 02:17:59 UTC 2018
------------------ testing $PTII/ptolemy/domains/de/test/auto/VariableDelayZeroDelay2.xml
auto.tcl: Setting watchdog for 200 seconds at Tue May 01 02:17:59 UTC 2018
2 ms. Memory: 306688K Free: 291085K (95%)
ptolemy.util.test.WatchDog.cancel(): canceling Tue May 01 02:17:59 UTC 2018
auto.tcl: Setting watchdog for 200 seconds at Tue May 01 02:17:59 UTC 2018
2 ms. Memory: 306688K Free: 291085K (95%)
ptolemy.util.test.WatchDog.cancel(): canceling Tue May 01 02:17:59 UTC 2018
------------------ testing $PTII/ptolemy/domains/de/test/auto/deInCt.xml
auto.tcl: Setting watchdog for 200 seconds at Tue May 01 02:17:59 UTC 2018
0
1
1
1
1
0
0
0
1
1
1
0
0
0
1
1
1
0
0
0
0
0
1
1
0
0
1
1
1
0
0
0
1
1
1
0
0
0
1
1
1
1
1
10 ms. Memory: 305152K Free: 289542K (95%)
ptolemy.util.test.WatchDog.cancel(): canceling Tue May 01 02:17:59 UTC 2018
auto.tcl: Setting watchdog for 200 seconds at Tue May 01 02:17:59 UTC 2018
0
1
1
0
0
0
0
0
0
1
1
1
0
0
0
1
1
0
0
0
1
1
1
1
0
0
0
0
0
0
5 ms. Memory: 305152K Free: 289542K (95%)
ptolemy.util.test.WatchDog.cancel(): canceling Tue May 01 02:17:59 UTC 2018
------------------ testing $PTII/ptolemy/domains/de/test/auto/deInCt2.xml
auto.tcl: Setting watchdog for 200 seconds at Tue May 01 02:17:59 UTC 2018
0
1
1
1
0
0
1
1
1
0
0
1
1
1
0
0
1
1
1
0
0
1
1
1
0
0
1
1
1
0
0
1
1
1
0
0
1
1
1
0
0
0
11 ms. Memory: 306688K Free: 291078K (95%)
ptolemy.util.test.WatchDog.cancel(): canceling Tue May 01 02:17:59 UTC 2018
auto.tcl: Setting watchdog for 200 seconds at Tue May 01 02:17:59 UTC 2018
0
1
1
1
0
0
1
1
1
0
0
1
1
1
0
0
1
1
1
0
0
1
1
1
0
0
1
1
1
0
0
1
1
1
0
0
1
1
1
0
0
0
7 ms. Memory: 306688K Free: 291078K (95%)
ptolemy.util.test.WatchDog.cancel(): canceling Tue May 01 02:17:59 UTC 2018
------------------ testing $PTII/ptolemy/domains/de/test/auto/dynamicCausalityInterface1.xml
auto.tcl: Setting watchdog for 200 seconds at Tue May 01 02:17:59 UTC 2018
1 ms. Memory: 305152K Free: 288553K (95%)
ptolemy.util.test.WatchDog.cancel(): canceling Tue May 01 02:17:59 UTC 2018
auto.tcl: Setting watchdog for 200 seconds at Tue May 01 02:17:59 UTC 2018
1 ms. Memory: 305152K Free: 285311K (93%)
ptolemy.util.test.WatchDog.cancel(): canceling Tue May 01 02:17:59 UTC 2018
------------------ testing $PTII/ptolemy/domains/de/test/auto/fsm_de_test.xml
auto.tcl: Setting watchdog for 200 seconds at Tue May 01 02:18:00 UTC 2018
6 ms. Memory: 306176K Free: 287234K (94%)
ptolemy.util.test.WatchDog.cancel(): canceling Tue May 01 02:18:00 UTC 2018
auto.tcl: Setting watchdog for 200 seconds at Tue May 01 02:18:00 UTC 2018
4 ms. Memory: 306176K Free: 284008K (93%)
ptolemy.util.test.WatchDog.cancel(): canceling Tue May 01 02:18:00 UTC 2018
------------------ testing $PTII/ptolemy/domains/de/test/auto/functionDependencyReconstruction.xml
auto.tcl: Setting watchdog for 200 seconds at Tue May 01 02:18:00 UTC 2018
3 ms. Memory: 305152K Free: 279742K (92%)
ptolemy.util.test.WatchDog.cancel(): canceling Tue May 01 02:18:00 UTC 2018
auto.tcl: Setting watchdog for 200 seconds at Tue May 01 02:18:00 UTC 2018
2 ms. Memory: 305152K Free: 276500K (91%)
ptolemy.util.test.WatchDog.cancel(): canceling Tue May 01 02:18:00 UTC 2018
------------------ testing $PTII/ptolemy/domains/de/test/auto/multirate.xml
auto.tcl: Setting watchdog for 200 seconds at Tue May 01 02:18:00 UTC 2018
4 ms. Memory: 306176K Free: 290342K (95%)
ptolemy.util.test.WatchDog.cancel(): canceling Tue May 01 02:18:00 UTC 2018
auto.tcl: Setting watchdog for 200 seconds at Tue May 01 02:18:00 UTC 2018
3 ms. Memory: 306176K Free: 287109K (94%)
ptolemy.util.test.WatchDog.cancel(): canceling Tue May 01 02:18:00 UTC 2018
------------------ testing $PTII/ptolemy/domains/de/test/auto/multirate2.xml
auto.tcl: Setting watchdog for 200 seconds at Tue May 01 02:18:00 UTC 2018
2 ms. Memory: 305152K Free: 289488K (95%)
ptolemy.util.test.WatchDog.cancel(): canceling Tue May 01 02:18:00 UTC 2018
auto.tcl: Setting watchdog for 200 seconds at Tue May 01 02:18:00 UTC 2018
3 ms. Memory: 305152K Free: 286246K (94%)
ptolemy.util.test.WatchDog.cancel(): canceling Tue May 01 02:18:00 UTC 2018
------------------ testing $PTII/ptolemy/domains/de/test/auto/realtime.xml
auto.tcl: Setting watchdog for 200 seconds at Tue May 01 02:18:00 UTC 2018
10002 ms. Memory: 306176K Free: 290511K (95%)
ptolemy.util.test.WatchDog.cancel(): canceling Tue May 01 02:18:10 UTC 2018
auto.tcl: Setting watchdog for 200 seconds at Tue May 01 02:18:10 UTC 2018
10002 ms. Memory: 306176K Free: 290511K (95%)
ptolemy.util.test.WatchDog.cancel(): canceling Tue May 01 02:18:20 UTC 2018
------------------ testing $PTII/ptolemy/domains/de/test/auto/relationGroup.xml
auto.tcl: Setting watchdog for 200 seconds at Tue May 01 02:18:20 UTC 2018
2 ms. Memory: 305152K Free: 294995K (97%)
ptolemy.util.test.WatchDog.cancel(): canceling Tue May 01 02:18:20 UTC 2018
auto.tcl: Setting watchdog for 200 seconds at Tue May 01 02:18:20 UTC 2018
1 ms. Memory: 305152K Free: 291753K (96%)
ptolemy.util.test.WatchDog.cancel(): canceling Tue May 01 02:18:20 UTC 2018
------------------ testing $PTII/ptolemy/domains/de/test/auto/relationGroup2.xml
auto.tcl: Setting watchdog for 200 seconds at Tue May 01 02:18:20 UTC 2018
1 ms. Memory: 305664K Free: 293296K (96%)
ptolemy.util.test.WatchDog.cancel(): canceling Tue May 01 02:18:20 UTC 2018
auto.tcl: Setting watchdog for 200 seconds at Tue May 01 02:18:20 UTC 2018
1 ms. Memory: 305664K Free: 290070K (95%)
ptolemy.util.test.WatchDog.cancel(): canceling Tue May 01 02:18:20 UTC 2018
------------------ testing $PTII/ptolemy/domains/de/test/auto/sortWithOpaquePorts.xml
auto.tcl: Setting watchdog for 200 seconds at Tue May 01 02:18:20 UTC 2018
1 ms. Memory: 305152K Free: 289544K (95%)
ptolemy.util.test.WatchDog.cancel(): canceling Tue May 01 02:18:20 UTC 2018
auto.tcl: Setting watchdog for 200 seconds at Tue May 01 02:18:20 UTC 2018
2 ms. Memory: 305152K Free: 289544K (95%)
ptolemy.util.test.WatchDog.cancel(): canceling Tue May 01 02:18:20 UTC 2018
------------------ testing $PTII/ptolemy/domains/de/test/auto/transferInputsandOutputs.xml
auto.tcl: Setting watchdog for 200 seconds at Tue May 01 02:18:20 UTC 2018
1 ms. Memory: 305664K Free: 290059K (95%)
ptolemy.util.test.WatchDog.cancel(): canceling Tue May 01 02:18:20 UTC 2018
auto.tcl: Setting watchdog for 200 seconds at Tue May 01 02:18:20 UTC 2018
1 ms. Memory: 305664K Free: 286817K (94%)
ptolemy.util.test.WatchDog.cancel(): canceling Tue May 01 02:18:20 UTC 2018
------------------ testing $PTII/ptolemy/domains/de/test/auto/triggerType.xml
auto.tcl: Setting watchdog for 200 seconds at Tue May 01 02:18:20 UTC 2018
1 ms. Memory: 305152K Free: 289482K (95%)
ptolemy.util.test.WatchDog.cancel(): canceling Tue May 01 02:18:20 UTC 2018
auto.tcl: Setting watchdog for 200 seconds at Tue May 01 02:18:20 UTC 2018
1 ms. Memory: 305152K Free: 289482K (95%)
ptolemy.util.test.WatchDog.cancel(): canceling Tue May 01 02:18:20 UTC 2018
05/01/18 02:18:20
Failed: 0  Total Tests: 192  ((Passed: 187, Newly Passed: 1)  Known Failed: 5) /home/travis/build/icyphy/ptII/ptolemy/domains/de/test
05/01/18 02:18:20
Failed: 0  Total Tests: 192  ((Passed: 187, Newly Passed: 1)  Known Failed: 5) /home/travis/build/icyphy/ptII/ptolemy/domains/de/test
----------------- testing (KnownFailure) /home/travis/build/icyphy/ptII/ptolemy/domains/de/test/auto/knownFailedTests/DESDFClockTest.xml
2008 ms. Memory: 305664K Free: 284323K (93%)
Known Failure: java.lang.reflect.InvocationTargetException
----------------- testing (KnownFailure) /home/travis/build/icyphy/ptII/ptolemy/domains/de/test/auto/knownFailedTests/DirectFeedback.xml
1 ms. Memory: 305664K Free: 266423K (87%)
Known Failure: java.lang.reflect.InvocationTargetException
----------------- testing (KnownFailure) /home/travis/build/icyphy/ptII/ptolemy/domains/de/test/auto/knownFailedTests/FSMSource.xml
5 ms. Memory: 305664K Free: 244033K (80%)
----------------- testing (KnownFailure) /home/travis/build/icyphy/ptII/ptolemy/domains/de/test/auto/knownFailedTests/HierarchicalModel.xml
1 ms. Memory: 305664K Free: 221622K (73%)
Known Failure: java.lang.reflect.InvocationTargetException
----------------- testing (KnownFailure) /home/travis/build/icyphy/ptII/ptolemy/domains/de/test/auto/knownFailedTests/dependencyLoop.xml
1 ms. Memory: 305664K Free: 190282K (62%)
Known Failure: java.lang.reflect.InvocationTargetException
----------------- testing (KnownFailure) /home/travis/build/icyphy/ptII/ptolemy/domains/de/test/auto/knownFailedTests/dependencyLoop2.xml
2 ms. Memory: 305664K Free: 158925K (52%)
Known Failure: java.lang.reflect.InvocationTargetException
No auto/*.xml tests in /home/travis/build/icyphy/ptII/ptolemy/domains/de/test
AutoTests.java: About to close Vertx.
AutoTests.java: Vertx closed.
----------------- testing Tue May 01 02:18:22 UTC 2018 /home/travis/build/icyphy/ptII/ptolemy/domains/de/test/auto/ActorDepthCalculation_actorWithoutPorts.xml
1 ms. Memory: 305664K Free: 132075K (43%)
reloadAllAccessors: .ActorDepthCalculation_actorWithoutPorts
----------------- testing Tue May 01 02:18:22 UTC 2018 /home/travis/build/icyphy/ptII/ptolemy/domains/de/test/auto/AssemblyLine.xml
2 ms. Memory: 305664K Free: 118634K (39%)
reloadAllAccessors: .AssemblyLine
----------------- testing Tue May 01 02:18:22 UTC 2018 /home/travis/build/icyphy/ptII/ptolemy/domains/de/test/auto/CQBug1.xml
1 ms. Memory: 305664K Free: 109684K (36%)
reloadAllAccessors: .CQBug1
----------------- testing Tue May 01 02:18:22 UTC 2018 /home/travis/build/icyphy/ptII/ptolemy/domains/de/test/auto/CancelFireAt.xml
0 ms. Memory: 305664K Free: 100735K (33%)
reloadAllAccessors: .CancelFireAt
----------------- testing Tue May 01 02:18:22 UTC 2018 /home/travis/build/icyphy/ptII/ptolemy/domains/de/test/auto/CausalityAndComposabilityAnalysis.xml
1 ms. Memory: 305664K Free: 91785K (30%)
reloadAllAccessors: .CausalityAndComposabilityAnalysis
----------------- testing Tue May 01 02:18:22 UTC 2018 /home/travis/build/icyphy/ptII/ptolemy/domains/de/test/auto/CausalityInterface1.xml
3 ms. Memory: 305664K Free: 79609K (26%)
reloadAllAccessors: .CausalityInterface1
----------------- testing Tue May 01 02:18:22 UTC 2018 /home/travis/build/icyphy/ptII/ptolemy/domains/de/test/auto/CausalityInterface15.xml
2 ms. Memory: 295424K Free: 283834K (96%)
reloadAllAccessors: .CausalityInterface15
----------------- testing Tue May 01 02:18:22 UTC 2018 /home/travis/build/icyphy/ptII/ptolemy/domains/de/test/auto/CausalityInterface2.xml
1 ms. Memory: 295424K Free: 275379K (93%)
reloadAllAccessors: .CausalityInterface2
----------------- testing Tue May 01 02:18:22 UTC 2018 /home/travis/build/icyphy/ptII/ptolemy/domains/de/test/auto/CausalityInterface3.xml
1 ms. Memory: 295424K Free: 266800K (90%)
reloadAllAccessors: .CausalityInterface3
----------------- testing Tue May 01 02:18:22 UTC 2018 /home/travis/build/icyphy/ptII/ptolemy/domains/de/test/auto/ClockDrift.xml
13 ms. Memory: 295424K Free: 251786K (85%)
reloadAllAccessors: .ClockDrift
----------------- testing Tue May 01 02:18:22 UTC 2018 /home/travis/build/icyphy/ptII/ptolemy/domains/de/test/auto/ClockDriftAndValueChange.xml
7 ms. Memory: 295424K Free: 236789K (80%)
reloadAllAccessors: .ClockDriftAndValueChange
----------------- testing Tue May 01 02:18:23 UTC 2018 /home/travis/build/icyphy/ptII/ptolemy/domains/de/test/auto/ClockDriftChange.xml
11 ms. Memory: 295424K Free: 221912K (75%)
reloadAllAccessors: .ClockDriftChange
----------------- testing Tue May 01 02:18:23 UTC 2018 /home/travis/build/icyphy/ptII/ptolemy/domains/de/test/auto/ComposableCausalityAnalysis.xml
1 ms. Memory: 295424K Free: 213335K (72%)
reloadAllAccessors: .ComposableCausalityAnalysis
----------------- testing Tue May 01 02:18:23 UTC 2018 /home/travis/build/icyphy/ptII/ptolemy/domains/de/test/auto/DEFixedPointLimitation.xml
1 ms. Memory: 295424K Free: 206898K (70%)
reloadAllAccessors: .DEFixedPointLimitation
----------------- testing Tue May 01 02:18:23 UTC 2018 /home/travis/build/icyphy/ptII/ptolemy/domains/de/test/auto/DEScheduleTest.xml
1 ms. Memory: 295424K Free: 200462K (68%)
reloadAllAccessors: .DEScheduleTest
----------------- testing Tue May 01 02:18:23 UTC 2018 /home/travis/build/icyphy/ptII/ptolemy/domains/de/test/auto/DEinDEwithStartTimes.xml
1 ms. Memory: 295424K Free: 189850K (64%)
reloadAllAccessors: .DEinDEwithStartTimes
----------------- testing Tue May 01 02:18:23 UTC 2018 /home/travis/build/icyphy/ptII/ptolemy/domains/de/test/auto/DEinDEwithStartTimes2.xml
1 ms. Memory: 295424K Free: 181257K (61%)
reloadAllAccessors: .DEinDEwithStartTimes2
----------------- testing Tue May 01 02:18:23 UTC 2018 /home/travis/build/icyphy/ptII/ptolemy/domains/de/test/auto/DateDemo.xml
3 ms. Memory: 295424K Free: 168384K (57%)
reloadAllAccessors: .DateDemo
----------------- testing Tue May 01 02:18:23 UTC 2018 /home/travis/build/icyphy/ptII/ptolemy/domains/de/test/auto/DateToEvent.xml
2003 ms. Memory: 295424K Free: 149074K (50%)
reloadAllAccessors: .DateToEvent
----------------- testing Tue May 01 02:18:25 UTC 2018 /home/travis/build/icyphy/ptII/ptolemy/domains/de/test/auto/DepthTest1.xml
[...]
java.lang.RuntimeException: Execution failed
	at ptolemy.moml.MoMLSimpleApplication$UnloadThread.run(MoMLSimpleApplication.java:402)
Caused by: ptolemy.kernel.util.IllegalActionException: Test fails in iteration 1.
Value was: 1.0. Should have been: 2.0
  in .DirectFeedback.Test
	at ptolemy.actor.lib.Test.fire(Test.java:268)
	at ptolemy.domains.de.kernel.DEDirector._fire(DEDirector.java:1948)
	at ptolemy.domains.de.kernel.DEDirector.fire(DEDirector.java:502)
	at ptolemy.actor.CompositeActor.fire(CompositeActor.java:455)
	at ptolemy.actor.Manager.iterate(Manager.java:851)
	at ptolemy.actor.Manager.execute(Manager.java:369)
	at ptolemy.actor.Manager.run(Manager.java:1263)
	at ptolemy.actor.Manager$PtolemyRunThread.run(Manager.java:1915)
java.lang.RuntimeException: Execution failed
	at ptolemy.moml.MoMLSimpleApplication$UnloadThread.run(MoMLSimpleApplication.java:402)
Caused by: ptolemy.kernel.util.IllegalActionException: Actor is not ready to fire.  Perhaps UpSample.prefire() returned false? Try debugging the actor by selecting "Listen to Actor".  Also, for SDF check moml for tokenConsumptionRate on input.
  in .DESDFClockTest.Play Bell.Copy1:SDF Director and .DESDFClockTest.Play Bell.UpSample
	at ptolemy.actor.sched.StaticSchedulingDirector.fire(StaticSchedulingDirector.java:227)
	at ptolemy.domains.sdf.kernel.SDFDirector.fire(SDFDirector.java:500)
	at ptolemy.actor.CompositeActor.fire(CompositeActor.java:455)
	at ptolemy.domains.de.kernel.DEDirector._fire(DEDirector.java:1948)
	at ptolemy.domains.de.kernel.DEDirector.fire(DEDirector.java:502)
	at ptolemy.actor.CompositeActor.fire(CompositeActor.java:455)
	at ptolemy.actor.Manager.iterate(Manager.java:851)
	at ptolemy.actor.Manager.execute(Manager.java:369)
	at ptolemy.actor.Manager.run(Manager.java:1263)
	at ptolemy.actor.Manager$PtolemyRunThread.run(Manager.java:1915)
java.lang.reflect.InvocationTargetException
	at sun.reflect.NativeConstructorAccessorImpl.newInstance0(Native Method)
	at sun.reflect.NativeConstructorAccessorImpl.newInstance(NativeConstructorAccessorImpl.java:62)
	at sun.reflect.DelegatingConstructorAccessorImpl.newInstance(DelegatingConstructorAccessorImpl.java:45)
	at java.lang.reflect.Constructor.newInstance(Constructor.java:423)
	at ptolemy.util.test.junit.AutoKnownFailedTests.RunModel(AutoKnownFailedTests.java:107)
	at sun.reflect.NativeMethodAccessorImpl.invoke0(Native Method)
	at sun.reflect.NativeMethodAccessorImpl.invoke(NativeMethodAccessorImpl.java:62)
	at sun.reflect.DelegatingMethodAccessorImpl.invoke(DelegatingMethodAccessorImpl.java:43)
	at java.lang.reflect.Method.invoke(Method.java:498)
	at org.junit.runners.model.FrameworkMethod$1.runReflectiveCall(FrameworkMethod.java:44)
	at org.junit.internal.runners.model.ReflectiveCallable.run(ReflectiveCallable.java:15)
	at org.junit.runners.model.FrameworkMethod.invokeExplosively(FrameworkMethod.java:41)
	at junitparams.internal.InvokeParameterisedMethod.evaluate(InvokeParameterisedMethod.java:102)
	at org.junit.internal.runners.statements.FailOnTimeout$1.run(FailOnTimeout.java:28)
Caused by: ptolemy.kernel.util.IllegalActionException: Actor is not ready to fire.  Perhaps UpSample.prefire() returned false? Try debugging the actor by selecting "Listen to Actor".  Also, for SDF check moml for tokenConsumptionRate on input.
  in .DESDFClockTest.Play Bell.Copy1:SDF Director and .DESDFClockTest.Play Bell.UpSample
	at ptolemy.actor.sched.StaticSchedulingDirector.fire(StaticSchedulingDirector.java:227)
	at ptolemy.domains.sdf.kernel.SDFDirector.fire(SDFDirector.java:500)
	at ptolemy.actor.CompositeActor.fire(CompositeActor.java:455)
	at ptolemy.domains.de.kernel.DEDirector._fire(DEDirector.java:1948)
	at ptolemy.domains.de.kernel.DEDirector.fire(DEDirector.java:502)
	at ptolemy.actor.CompositeActor.fire(CompositeActor.java:455)
	at ptolemy.actor.Manager.iterate(Manager.java:851)
	at ptolemy.actor.Manager.execute(Manager.java:369)
	at ptolemy.actor.Manager.run(Manager.java:1263)
	at ptolemy.actor.Manager$PtolemyRunThread.run(Manager.java:1915)
java.lang.RuntimeException: Execution failed
	at ptolemy.moml.MoMLSimpleApplication$UnloadThread.run(MoMLSimpleApplication.java:402)
Caused by: ptolemy.kernel.util.IllegalActionException: Test fails in iteration 1.
Value was: 1.0. Should have been: 2.0
  in .DirectFeedback.Test
	at ptolemy.actor.lib.Test.fire(Test.java:268)
	at ptolemy.domains.de.kernel.DEDirector._fire(DEDirector.java:1948)
	at ptolemy.domains.de.kernel.DEDirector.fire(DEDirector.java:502)
	at ptolemy.actor.CompositeActor.fire(CompositeActor.java:455)
	at ptolemy.actor.Manager.iterate(Manager.java:851)
	at ptolemy.actor.Manager.execute(Manager.java:369)
	at ptolemy.actor.Manager.run(Manager.java:1263)
	at ptolemy.actor.Manager$PtolemyRunThread.run(Manager.java:1915)
java.lang.reflect.InvocationTargetException
	at sun.reflect.NativeConstructorAccessorImpl.newInstance0(Native Method)
	at sun.reflect.NativeConstructorAccessorImpl.newInstance(NativeConstructorAccessorImpl.java:62)
	at sun.reflect.DelegatingConstructorAccessorImpl.newInstance(DelegatingConstructorAccessorImpl.java:45)
	at java.lang.reflect.Constructor.newInstance(Constructor.java:423)
	at ptolemy.util.test.junit.AutoKnownFailedTests.RunModel(AutoKnownFailedTests.java:107)
	at sun.reflect.NativeMethodAccessorImpl.invoke0(Native Method)
	at sun.reflect.NativeMethodAccessorImpl.invoke(NativeMethodAccessorImpl.java:62)
	at sun.reflect.DelegatingMethodAccessorImpl.invoke(DelegatingMethodAccessorImpl.java:43)
	at java.lang.reflect.Method.invoke(Method.java:498)
	at org.junit.runners.model.FrameworkMethod$1.runReflectiveCall(FrameworkMethod.java:44)
	at org.junit.internal.runners.model.ReflectiveCallable.run(ReflectiveCallable.java:15)
	at org.junit.runners.model.FrameworkMethod.invokeExplosively(FrameworkMethod.java:41)
	at junitparams.internal.InvokeParameterisedMethod.evaluate(InvokeParameterisedMethod.java:102)
	at org.junit.internal.runners.statements.FailOnTimeout$1.run(FailOnTimeout.java:28)
Caused by: ptolemy.kernel.util.IllegalActionException: Test fails in iteration 1.
Value was: 1.0. Should have been: 2.0
  in .DirectFeedback.Test
	at ptolemy.actor.lib.Test.fire(Test.java:268)
	at ptolemy.domains.de.kernel.DEDirector._fire(DEDirector.java:1948)
	at ptolemy.domains.de.kernel.DEDirector.fire(DEDirector.java:502)
	at ptolemy.actor.CompositeActor.fire(CompositeActor.java:455)
	at ptolemy.actor.Manager.iterate(Manager.java:851)
	at ptolemy.actor.Manager.execute(Manager.java:369)
	at ptolemy.actor.Manager.run(Manager.java:1263)
	at ptolemy.actor.Manager$PtolemyRunThread.run(Manager.java:1915)
java.lang.RuntimeException: Execution failed
	at ptolemy.moml.MoMLSimpleApplication$UnloadThread.run(MoMLSimpleApplication.java:402)
Caused by: ptolemy.kernel.util.IllegalActionException: Found a zero delay loop containing .HierarchicalModel.A
  in .HierarchicalModel and .HierarchicalModel.A
	at ptolemy.actor.util.CausalityInterfaceForComposites._computeOutputPortDepth(CausalityInterfaceForComposites.java:759)
	at ptolemy.actor.util.CausalityInterfaceForComposites._computeInputDepth(CausalityInterfaceForComposites.java:696)
	at ptolemy.actor.util.CausalityInterfaceForComposites._computeOutputPortDepth(CausalityInterfaceForComposites.java:765)
	at ptolemy.actor.util.CausalityInterfaceForComposites._computeInputDepth(CausalityInterfaceForComposites.java:696)
	at ptolemy.actor.util.CausalityInterfaceForComposites._computeOutputPortDepth(CausalityInterfaceForComposites.java:765)
	at ptolemy.actor.util.CausalityInterfaceForComposites._computeInputDepth(CausalityInterfaceForComposites.java:696)
	at ptolemy.actor.util.CausalityInterfaceForComposites._computeActorDepth(CausalityInterfaceForComposites.java:532)
	at ptolemy.actor.util.CausalityInterfaceForComposites.checkForCycles(CausalityInterfaceForComposites.java:96)
	at ptolemy.domains.de.kernel.DEDirector.preinitialize(DEDirector.java:1337)
	at ptolemy.actor.CompositeActor.preinitialize(CompositeActor.java:1828)
	at ptolemy.actor.Manager.preinitializeAndResolveTypes(Manager.java:1040)
	at ptolemy.actor.Manager.initialize(Manager.java:710)
	at ptolemy.actor.Manager.execute(Manager.java:356)
	at ptolemy.actor.Manager.run(Manager.java:1263)
	at ptolemy.actor.Manager$PtolemyRunThread.run(Manager.java:1915)
java.lang.reflect.InvocationTargetException
	at sun.reflect.NativeConstructorAccessorImpl.newInstance0(Native Method)
	at sun.reflect.NativeConstructorAccessorImpl.newInstance(NativeConstructorAccessorImpl.java:62)
	at sun.reflect.DelegatingConstructorAccessorImpl.newInstance(DelegatingConstructorAccessorImpl.java:45)
	at java.lang.reflect.Constructor.newInstance(Constructor.java:423)
	at ptolemy.util.test.junit.AutoKnownFailedTests.RunModel(AutoKnownFailedTests.java:107)
	at sun.reflect.NativeMethodAccessorImpl.invoke0(Native Method)
	at sun.reflect.NativeMethodAccessorImpl.invoke(NativeMethodAccessorImpl.java:62)
	at sun.reflect.DelegatingMethodAccessorImpl.invoke(DelegatingMethodAccessorImpl.java:43)
	at java.lang.reflect.Method.invoke(Method.java:498)
	at org.junit.runners.model.FrameworkMethod$1.runReflectiveCall(FrameworkMethod.java:44)
	at org.junit.internal.runners.model.ReflectiveCallable.run(ReflectiveCallable.java:15)
	at org.junit.runners.model.FrameworkMethod.invokeExplosively(FrameworkMethod.java:41)
	at junitparams.internal.InvokeParameterisedMethod.evaluate(InvokeParameterisedMethod.java:102)
	at org.junit.internal.runners.statements.FailOnTimeout$1.run(FailOnTimeout.java:28)
Caused by: ptolemy.kernel.util.IllegalActionException: Found a zero delay loop containing .HierarchicalModel.A
  in .HierarchicalModel and .HierarchicalModel.A
	at ptolemy.actor.util.CausalityInterfaceForComposites._computeOutputPortDepth(CausalityInterfaceForComposites.java:759)
	at ptolemy.actor.util.CausalityInterfaceForComposites._computeInputDepth(CausalityInterfaceForComposites.java:696)
	at ptolemy.actor.util.CausalityInterfaceForComposites._computeOutputPortDepth(CausalityInterfaceForComposites.java:765)
	at ptolemy.actor.util.CausalityInterfaceForComposites._computeInputDepth(CausalityInterfaceForComposites.java:696)
	at ptolemy.actor.util.CausalityInterfaceForComposites._computeOutputPortDepth(CausalityInterfaceForComposites.java:765)
	at ptolemy.actor.util.CausalityInterfaceForComposites._computeInputDepth(CausalityInterfaceForComposites.java:696)
	at ptolemy.actor.util.CausalityInterfaceForComposites._computeActorDepth(CausalityInterfaceForComposites.java:532)
	at ptolemy.actor.util.CausalityInterfaceForComposites.checkForCycles(CausalityInterfaceForComposites.java:96)
	at ptolemy.domains.de.kernel.DEDirector.preinitialize(DEDirector.java:1337)
	at ptolemy.actor.CompositeActor.preinitialize(CompositeActor.java:1828)
	at ptolemy.actor.Manager.preinitializeAndResolveTypes(Manager.java:1040)
	at ptolemy.actor.Manager.initialize(Manager.java:710)
	at ptolemy.actor.Manager.execute(Manager.java:356)
	at ptolemy.actor.Manager.run(Manager.java:1263)
	at ptolemy.actor.Manager$PtolemyRunThread.run(Manager.java:1915)
java.lang.RuntimeException: Execution failed
	at ptolemy.moml.MoMLSimpleApplication$UnloadThread.run(MoMLSimpleApplication.java:402)
Caused by: ptolemy.kernel.util.IllegalActionException: Found a zero delay loop containing .dependencyLoop.original
  in .dependencyLoop and .dependencyLoop.original
	at ptolemy.actor.util.CausalityInterfaceForComposites._computeOutputPortDepth(CausalityInterfaceForComposites.java:759)
	at ptolemy.actor.util.CausalityInterfaceForComposites._computeInputDepth(CausalityInterfaceForComposites.java:696)
	at ptolemy.actor.util.CausalityInterfaceForComposites._computeOutputPortDepth(CausalityInterfaceForComposites.java:765)
	at ptolemy.actor.util.CausalityInterfaceForComposites._computeInputDepth(CausalityInterfaceForComposites.java:696)
	at ptolemy.actor.util.CausalityInterfaceForComposites._computeOutputPortDepth(CausalityInterfaceForComposites.java:765)
	at ptolemy.actor.util.CausalityInterfaceForComposites._computeInputDepth(CausalityInterfaceForComposites.java:696)
	at ptolemy.actor.util.CausalityInterfaceForComposites._computeActorDepth(CausalityInterfaceForComposites.java:532)
	at ptolemy.actor.util.CausalityInterfaceForComposites.checkForCycles(CausalityInterfaceForComposites.java:96)
	at ptolemy.domains.de.kernel.DEDirector.preinitialize(DEDirector.java:1337)
	at ptolemy.actor.CompositeActor.preinitialize(CompositeActor.java:1828)
	at ptolemy.actor.Manager.preinitializeAndResolveTypes(Manager.java:1040)
	at ptolemy.actor.Manager.initialize(Manager.java:710)
	at ptolemy.actor.Manager.execute(Manager.java:356)
	at ptolemy.actor.Manager.run(Manager.java:1263)
	at ptolemy.actor.Manager$PtolemyRunThread.run(Manager.java:1915)
java.lang.reflect.InvocationTargetException
	at sun.reflect.NativeConstructorAccessorImpl.newInstance0(Native Method)
	at sun.reflect.NativeConstructorAccessorImpl.newInstance(NativeConstructorAccessorImpl.java:62)
	at sun.reflect.DelegatingConstructorAccessorImpl.newInstance(DelegatingConstructorAccessorImpl.java:45)
	at java.lang.reflect.Constructor.newInstance(Constructor.java:423)
	at ptolemy.util.test.junit.AutoKnownFailedTests.RunModel(AutoKnownFailedTests.java:107)
	at sun.reflect.NativeMethodAccessorImpl.invoke0(Native Method)
	at sun.reflect.NativeMethodAccessorImpl.invoke(NativeMethodAccessorImpl.java:62)
	at sun.reflect.DelegatingMethodAccessorImpl.invoke(DelegatingMethodAccessorImpl.java:43)
	at java.lang.reflect.Method.invoke(Method.java:498)
	at org.junit.runners.model.FrameworkMethod$1.runReflectiveCall(FrameworkMethod.java:44)
	at org.junit.internal.runners.model.ReflectiveCallable.run(ReflectiveCallable.java:15)
	at org.junit.runners.model.FrameworkMethod.invokeExplosively(FrameworkMethod.java:41)
	at junitparams.internal.InvokeParameterisedMethod.evaluate(InvokeParameterisedMethod.java:102)
	at org.junit.internal.runners.statements.FailOnTimeout$1.run(FailOnTimeout.java:28)
Caused by: ptolemy.kernel.util.IllegalActionException: Found a zero delay loop containing .dependencyLoop.original
  in .dependencyLoop and .dependencyLoop.original
	at ptolemy.actor.util.CausalityInterfaceForComposites._computeOutputPortDepth(CausalityInterfaceForComposites.java:759)
	at ptolemy.actor.util.CausalityInterfaceForComposites._computeInputDepth(CausalityInterfaceForComposites.java:696)
	at ptolemy.actor.util.CausalityInterfaceForComposites._computeOutputPortDepth(CausalityInterfaceForComposites.java:765)
	at ptolemy.actor.util.CausalityInterfaceForComposites._computeInputDepth(CausalityInterfaceForComposites.java:696)
	at ptolemy.actor.util.CausalityInterfaceForComposites._computeOutputPortDepth(CausalityInterfaceForComposites.java:765)
	at ptolemy.actor.util.CausalityInterfaceForComposites._computeInputDepth(CausalityInterfaceForComposites.java:696)
	at ptolemy.actor.util.CausalityInterfaceForComposites._computeActorDepth(CausalityInterfaceForComposites.java:532)
	at ptolemy.actor.util.CausalityInterfaceForComposites.checkForCycles(CausalityInterfaceForComposites.java:96)
	at ptolemy.domains.de.kernel.DEDirector.preinitialize(DEDirector.java:1337)
	at ptolemy.actor.CompositeActor.preinitialize(CompositeActor.java:1828)
	at ptolemy.actor.Manager.preinitializeAndResolveTypes(Manager.java:1040)
	at ptolemy.actor.Manager.initialize(Manager.java:710)
	at ptolemy.actor.Manager.execute(Manager.java:356)
	at ptolemy.actor.Manager.run(Manager.java:1263)
	at ptolemy.actor.Manager$PtolemyRunThread.run(Manager.java:1915)
java.lang.RuntimeException: Execution failed
	at ptolemy.moml.MoMLSimpleApplication$UnloadThread.run(MoMLSimpleApplication.java:402)
Caused by: ptolemy.kernel.util.IllegalActionException: Found a zero delay loop containing .dependencyLoop2.original
  in .dependencyLoop2 and .dependencyLoop2.original
	at ptolemy.actor.util.CausalityInterfaceForComposites._computeOutputPortDepth(CausalityInterfaceForComposites.java:759)
	at ptolemy.actor.util.CausalityInterfaceForComposites._computeInputDepth(CausalityInterfaceForComposites.java:696)
	at ptolemy.actor.util.CausalityInterfaceForComposites._computeOutputPortDepth(CausalityInterfaceForComposites.java:765)
	at ptolemy.actor.util.CausalityInterfaceForComposites._computeInputDepth(CausalityInterfaceForComposites.java:696)
	at ptolemy.actor.util.CausalityInterfaceForComposites._computeOutputPortDepth(CausalityInterfaceForComposites.java:765)
	at ptolemy.actor.util.CausalityInterfaceForComposites._computeInputDepth(CausalityInterfaceForComposites.java:696)
	at ptolemy.actor.util.CausalityInterfaceForComposites._computeActorDepth(CausalityInterfaceForComposites.java:532)
	at ptolemy.actor.util.CausalityInterfaceForComposites.checkForCycles(CausalityInterfaceForComposites.java:96)
	at ptolemy.domains.de.kernel.DEDirector.preinitialize(DEDirector.java:1337)
	at ptolemy.actor.CompositeActor.preinitialize(CompositeActor.java:1828)
	at ptolemy.actor.Manager.preinitializeAndResolveTypes(Manager.java:1040)
	at ptolemy.actor.Manager.initialize(Manager.java:710)
	at ptolemy.actor.Manager.execute(Manager.java:356)
	at ptolemy.actor.Manager.run(Manager.java:1263)
	at ptolemy.actor.Manager$PtolemyRunThread.run(Manager.java:1915)
java.lang.reflect.InvocationTargetException
	at sun.reflect.NativeConstructorAccessorImpl.newInstance0(Native Method)
	at sun.reflect.NativeConstructorAccessorImpl.newInstance(NativeConstructorAccessorImpl.java:62)
	at sun.reflect.DelegatingConstructorAccessorImpl.newInstance(DelegatingConstructorAccessorImpl.java:45)
	at java.lang.reflect.Constructor.newInstance(Constructor.java:423)
	at ptolemy.util.test.junit.AutoKnownFailedTests.RunModel(AutoKnownFailedTests.java:107)
	at sun.reflect.NativeMethodAccessorImpl.invoke0(Native Method)
	at sun.reflect.NativeMethodAccessorImpl.invoke(NativeMethodAccessorImpl.java:62)
	at sun.reflect.DelegatingMethodAccessorImpl.invoke(DelegatingMethodAccessorImpl.java:43)
	at java.lang.reflect.Method.invoke(Method.java:498)
	at org.junit.runners.model.FrameworkMethod$1.runReflectiveCall(FrameworkMethod.java:44)
	at org.junit.internal.runners.model.ReflectiveCallable.run(ReflectiveCallable.java:15)
	at org.junit.runners.model.FrameworkMethod.invokeExplosively(FrameworkMethod.java:41)
	at junitparams.internal.InvokeParameterisedMethod.evaluate(InvokeParameterisedMethod.java:102)
	at org.junit.internal.runners.statements.FailOnTimeout$1.run(FailOnTimeout.java:28)
Caused by: ptolemy.kernel.util.IllegalActionException: Found a zero delay loop containing .dependencyLoop2.original
  in .dependencyLoop2 and .dependencyLoop2.original
	at ptolemy.actor.util.CausalityInterfaceForComposites._computeOutputPortDepth(CausalityInterfaceForComposites.java:759)
	at ptolemy.actor.util.CausalityInterfaceForComposites._computeInputDepth(CausalityInterfaceForComposites.java:696)
	at ptolemy.actor.util.CausalityInterfaceForComposites._computeOutputPortDepth(CausalityInterfaceForComposites.java:765)
	at ptolemy.actor.util.CausalityInterfaceForComposites._computeInputDepth(CausalityInterfaceForComposites.java:696)
	at ptolemy.actor.util.CausalityInterfaceForComposites._computeOutputPortDepth(CausalityInterfaceForComposites.java:765)
	at ptolemy.actor.util.CausalityInterfaceForComposites._computeInputDepth(CausalityInterfaceForComposites.java:696)
	at ptolemy.actor.util.CausalityInterfaceForComposites._computeActorDepth(CausalityInterfaceForComposites.java:532)
	at ptolemy.actor.util.CausalityInterfaceForComposites.checkForCycles(CausalityInterfaceForComposites.java:96)
	at ptolemy.domains.de.kernel.DEDirector.preinitialize(DEDirector.java:1337)
	at ptolemy.actor.CompositeActor.preinitialize(CompositeActor.java:1828)
	at ptolemy.actor.Manager.preinitializeAndResolveTypes(Manager.java:1040)
	at ptolemy.actor.Manager.initialize(Manager.java:710)
	at ptolemy.actor.Manager.execute(Manager.java:356)
	at ptolemy.actor.Manager.run(Manager.java:1263)
	at ptolemy.actor.Manager$PtolemyRunThread.run(Manager.java:1915)
]]></system-err>
</testsuite>
