<?xml version="1.0" encoding="UTF-8" ?>
<testsuite errors="0" failures="0" hostname="travis-job-583c5b85-09f6-4877-ae5c-54f7728e9b6f" name="ptolemy.domains.modal.test.junit.JUnitTclTest" skipped="0" tests="148" time="11.948" timestamp="2018-05-31T00:44:55">
  <properties>
[...]
</properties>
  <testcase classname="ptolemy.util.test.junit.TclTests" name="[0] /home/travis/build/icyphy/ptII/ptolemy/domains/modal/test/SystemLevelType.tcl (RunTclFile)" time="2.06" />
  <testcase classname="ptolemy.util.test.junit.AutoKnownFailedTests" name="[0] /home/travis/build/icyphy/ptII/ptolemy/domains/modal/test/auto/knownFailedTests/CannotAnalysisWithPreemption.xml (RunModel)" time="0.202" />
  <testcase classname="ptolemy.util.test.junit.AutoNameArchTests" name="[0] ThereAreNoAutoArchTests (RunModel)" time="0.011" />
  <testcase classname="ptolemy.util.test.junit.AutoTests" name="[0] /home/travis/build/icyphy/ptII/ptolemy/domains/modal/test/auto/ABPTest.xml (RunModel)" time="0.906" />
  <testcase classname="ptolemy.util.test.junit.AutoTests" name="[1] /home/travis/build/icyphy/ptII/ptolemy/domains/modal/test/auto/ABROFlat.xml (RunModel)" time="0.102" />
  <testcase classname="ptolemy.util.test.junit.AutoTests" name="[2] /home/travis/build/icyphy/ptII/ptolemy/domains/modal/test/auto/ABROFlat2.xml (RunModel)" time="0.097" />
  <testcase classname="ptolemy.util.test.junit.AutoTests" name="[3] /home/travis/build/icyphy/ptII/ptolemy/domains/modal/test/auto/ABRO_present_hmm.xml (RunModel)" time="0.176" />
  <testcase classname="ptolemy.util.test.junit.AutoTests" name="[4] /home/travis/build/icyphy/ptII/ptolemy/domains/modal/test/auto/AMICoderExample.xml (RunModel)" time="0.059" />
  <testcase classname="ptolemy.util.test.junit.AutoTests" name="[5] /home/travis/build/icyphy/ptII/ptolemy/domains/modal/test/auto/AbsentToPresent.xml (RunModel)" time="0.026" />
  <testcase classname="ptolemy.util.test.junit.AutoTests" name="[6] /home/travis/build/icyphy/ptII/ptolemy/domains/modal/test/auto/Blending.xml (RunModel)" time="0.304" />
  <testcase classname="ptolemy.util.test.junit.AutoTests" name="[7] /home/travis/build/icyphy/ptII/ptolemy/domains/modal/test/auto/Broadcast.xml (RunModel)" time="0.048" />
  <testcase classname="ptolemy.util.test.junit.AutoTests" name="[8] /home/travis/build/icyphy/ptII/ptolemy/domains/modal/test/auto/BroadcastHierarchy.xml (RunModel)" time="0.084" />
  <testcase classname="ptolemy.util.test.junit.AutoTests" name="[9] /home/travis/build/icyphy/ptII/ptolemy/domains/modal/test/auto/BroadcastHierarchy2.xml (RunModel)" time="0.145" />
  <testcase classname="ptolemy.util.test.junit.AutoTests" name="[10] /home/travis/build/icyphy/ptII/ptolemy/domains/modal/test/auto/BroadcastHierarchy3.xml (RunModel)" time="0.139" />
  <testcase classname="ptolemy.util.test.junit.AutoTests" name="[11] /home/travis/build/icyphy/ptII/ptolemy/domains/modal/test/auto/BroadcastHierarchy4.xml (RunModel)" time="0.112" />
  <testcase classname="ptolemy.util.test.junit.AutoTests" name="[12] /home/travis/build/icyphy/ptII/ptolemy/domains/modal/test/auto/CannotAnalysisWithPreemption2.xml (RunModel)" time="0.039" />
  <testcase classname="ptolemy.util.test.junit.AutoTests" name="[13] /home/travis/build/icyphy/ptII/ptolemy/domains/modal/test/auto/CannotAnalysisWithPreemption3.xml (RunModel)" time="0.049" />
  <testcase classname="ptolemy.util.test.junit.AutoTests" name="[14] /home/travis/build/icyphy/ptII/ptolemy/domains/modal/test/auto/CannotProduce.xml (RunModel)" time="0.045" />
  <testcase classname="ptolemy.util.test.junit.AutoTests" name="[15] /home/travis/build/icyphy/ptII/ptolemy/domains/modal/test/auto/CannotProduceModal.xml (RunModel)" time="0.023" />
  <testcase classname="ptolemy.util.test.junit.AutoTests" name="[16] /home/travis/build/icyphy/ptII/ptolemy/domains/modal/test/auto/Case.xml (RunModel)" time="0.09" />
  <testcase classname="ptolemy.util.test.junit.AutoTests" name="[17] /home/travis/build/icyphy/ptII/ptolemy/domains/modal/test/auto/Case1.xml (RunModel)" time="0.038" />
  <testcase classname="ptolemy.util.test.junit.AutoTests" name="[18] /home/travis/build/icyphy/ptII/ptolemy/domains/modal/test/auto/Case2.xml (RunModel)" time="0.09" />
  <testcase classname="ptolemy.util.test.junit.AutoTests" name="[19] /home/travis/build/icyphy/ptII/ptolemy/domains/modal/test/auto/CausalityInterface1.xml (RunModel)" time="0.026" />
  <testcase classname="ptolemy.util.test.junit.AutoTests" name="[20] /home/travis/build/icyphy/ptII/ptolemy/domains/modal/test/auto/CausalityInterface10.xml (RunModel)" time="0.073" />
  <testcase classname="ptolemy.util.test.junit.AutoTests" name="[21] /home/travis/build/icyphy/ptII/ptolemy/domains/modal/test/auto/CausalityInterface11.xml (RunModel)" time="0.059" />
  <testcase classname="ptolemy.util.test.junit.AutoTests" name="[22] /home/travis/build/icyphy/ptII/ptolemy/domains/modal/test/auto/CausalityInterface12.xml (RunModel)" time="0.045" />
  <testcase classname="ptolemy.util.test.junit.AutoTests" name="[23] /home/travis/build/icyphy/ptII/ptolemy/domains/modal/test/auto/CausalityInterface13.xml (RunModel)" time="0.082" />
  <testcase classname="ptolemy.util.test.junit.AutoTests" name="[24] /home/travis/build/icyphy/ptII/ptolemy/domains/modal/test/auto/CausalityInterface14.xml (RunModel)" time="0.059" />
  <testcase classname="ptolemy.util.test.junit.AutoTests" name="[25] /home/travis/build/icyphy/ptII/ptolemy/domains/modal/test/auto/CausalityInterface2.xml (RunModel)" time="0.038" />
  <testcase classname="ptolemy.util.test.junit.AutoTests" name="[26] /home/travis/build/icyphy/ptII/ptolemy/domains/modal/test/auto/CausalityInterface3.xml (RunModel)" time="0.046" />
  <testcase classname="ptolemy.util.test.junit.AutoTests" name="[27] /home/travis/build/icyphy/ptII/ptolemy/domains/modal/test/auto/CausalityInterface4.xml (RunModel)" time="0.032" />
  <testcase classname="ptolemy.util.test.junit.AutoTests" name="[28] /home/travis/build/icyphy/ptII/ptolemy/domains/modal/test/auto/CausalityInterface5.xml (RunModel)" time="0.046" />
  <testcase classname="ptolemy.util.test.junit.AutoTests" name="[29] /home/travis/build/icyphy/ptII/ptolemy/domains/modal/test/auto/CausalityInterface6.xml (RunModel)" time="0.032" />
  <testcase classname="ptolemy.util.test.junit.AutoTests" name="[30] /home/travis/build/icyphy/ptII/ptolemy/domains/modal/test/auto/CausalityInterface7.xml (RunModel)" time="0.038" />
  <testcase classname="ptolemy.util.test.junit.AutoTests" name="[31] /home/travis/build/icyphy/ptII/ptolemy/domains/modal/test/auto/CausalityInterface8.xml (RunModel)" time="0.044" />
  <testcase classname="ptolemy.util.test.junit.AutoTests" name="[32] /home/travis/build/icyphy/ptII/ptolemy/domains/modal/test/auto/CausalityInterface9.xml (RunModel)" time="0.039" />
  <testcase classname="ptolemy.util.test.junit.AutoTests" name="[33] /home/travis/build/icyphy/ptII/ptolemy/domains/modal/test/auto/ChainedTransitions.xml (RunModel)" time="0.154" />
  <testcase classname="ptolemy.util.test.junit.AutoTests" name="[34] /home/travis/build/icyphy/ptII/ptolemy/domains/modal/test/auto/CycleOfImmediateTransitionsFSM.xml (RunModel)" time="0.021" />
  <testcase classname="ptolemy.util.test.junit.AutoTests" name="[35] /home/travis/build/icyphy/ptII/ptolemy/domains/modal/test/auto/CycleOfImmediateTransitionsModal.xml (RunModel)" time="0.03" />
  <testcase classname="ptolemy.util.test.junit.AutoTests" name="[36] /home/travis/build/icyphy/ptII/ptolemy/domains/modal/test/auto/CycleOfImmediateTransitionsModal2.xml (RunModel)" time="0.027" />
  <testcase classname="ptolemy.util.test.junit.AutoTests" name="[37] /home/travis/build/icyphy/ptII/ptolemy/domains/modal/test/auto/CycleOfImmediateTransitionsModal3.xml (RunModel)" time="0.088" />
  <testcase classname="ptolemy.util.test.junit.AutoTests" name="[38] /home/travis/build/icyphy/ptII/ptolemy/domains/modal/test/auto/DeepModal1.xml (RunModel)" time="0.048" />
  <testcase classname="ptolemy.util.test.junit.AutoTests" name="[39] /home/travis/build/icyphy/ptII/ptolemy/domains/modal/test/auto/DeepModal2.xml (RunModel)" time="0.107" />
  <testcase classname="ptolemy.util.test.junit.AutoTests" name="[40] /home/travis/build/icyphy/ptII/ptolemy/domains/modal/test/auto/DeepModal3.xml (RunModel)" time="0.083" />
  <testcase classname="ptolemy.util.test.junit.AutoTests" name="[41] /home/travis/build/icyphy/ptII/ptolemy/domains/modal/test/auto/DeepModal4.xml (RunModel)" time="0.085" />
  <testcase classname="ptolemy.util.test.junit.AutoTests" name="[42] /home/travis/build/icyphy/ptII/ptolemy/domains/modal/test/auto/Default1.xml (RunModel)" time="0.025" />
  <testcase classname="ptolemy.util.test.junit.AutoTests" name="[43] /home/travis/build/icyphy/ptII/ptolemy/domains/modal/test/auto/Default2.xml (RunModel)" time="0.017" />
  <testcase classname="ptolemy.util.test.junit.AutoTests" name="[44] /home/travis/build/icyphy/ptII/ptolemy/domains/modal/test/auto/Default3.xml (RunModel)" time="0.02" />
  <testcase classname="ptolemy.util.test.junit.AutoTests" name="[45] /home/travis/build/icyphy/ptII/ptolemy/domains/modal/test/auto/Default4.xml (RunModel)" time="0.02" />
  <testcase classname="ptolemy.util.test.junit.AutoTests" name="[46] /home/travis/build/icyphy/ptII/ptolemy/domains/modal/test/auto/Default5.xml (RunModel)" time="0.036" />
  <testcase classname="ptolemy.util.test.junit.AutoTests" name="[47] /home/travis/build/icyphy/ptII/ptolemy/domains/modal/test/auto/EmptyGuard.xml (RunModel)" time="0.035" />
  <testcase classname="ptolemy.util.test.junit.AutoTests" name="[48] /home/travis/build/icyphy/ptII/ptolemy/domains/modal/test/auto/ErrorTransition1.xml (RunModel)" time="0.039" />
  <testcase classname="ptolemy.util.test.junit.AutoTests" name="[49] /home/travis/build/icyphy/ptII/ptolemy/domains/modal/test/auto/ErrorTransition10.xml (RunModel)" time="0.045" />
  <testcase classname="ptolemy.util.test.junit.AutoTests" name="[50] /home/travis/build/icyphy/ptII/ptolemy/domains/modal/test/auto/ErrorTransition11.xml (RunModel)" time="0.046" />
  <testcase classname="ptolemy.util.test.junit.AutoTests" name="[51] /home/travis/build/icyphy/ptII/ptolemy/domains/modal/test/auto/ErrorTransition2.xml (RunModel)" time="0.04" />
  <testcase classname="ptolemy.util.test.junit.AutoTests" name="[52] /home/travis/build/icyphy/ptII/ptolemy/domains/modal/test/auto/ErrorTransition3.xml (RunModel)" time="0.038" />
  <testcase classname="ptolemy.util.test.junit.AutoTests" name="[53] /home/travis/build/icyphy/ptII/ptolemy/domains/modal/test/auto/ErrorTransition4.xml (RunModel)" time="0.04" />
  <testcase classname="ptolemy.util.test.junit.AutoTests" name="[54] /home/travis/build/icyphy/ptII/ptolemy/domains/modal/test/auto/ErrorTransition5.xml (RunModel)" time="0.029" />
  <testcase classname="ptolemy.util.test.junit.AutoTests" name="[55] /home/travis/build/icyphy/ptII/ptolemy/domains/modal/test/auto/ErrorTransition6.xml (RunModel)" time="0.035" />
  <testcase classname="ptolemy.util.test.junit.AutoTests" name="[56] /home/travis/build/icyphy/ptII/ptolemy/domains/modal/test/auto/ErrorTransition7.xml (RunModel)" time="0.052" />
  <testcase classname="ptolemy.util.test.junit.AutoTests" name="[57] /home/travis/build/icyphy/ptII/ptolemy/domains/modal/test/auto/ErrorTransition8.xml (RunModel)" time="0.064" />
  <testcase classname="ptolemy.util.test.junit.AutoTests" name="[58] /home/travis/build/icyphy/ptII/ptolemy/domains/modal/test/auto/ErrorTransition9.xml (RunModel)" time="0.037" />
  <testcase classname="ptolemy.util.test.junit.AutoTests" name="[59] /home/travis/build/icyphy/ptII/ptolemy/domains/modal/test/auto/ExtendedFSM.xml (RunModel)" time="0.039" />
  <testcase classname="ptolemy.util.test.junit.AutoTests" name="[60] /home/travis/build/icyphy/ptII/ptolemy/domains/modal/test/auto/FinalStates.xml (RunModel)" time="0.025" />
  <testcase classname="ptolemy.util.test.junit.AutoTests" name="[61] /home/travis/build/icyphy/ptII/ptolemy/domains/modal/test/auto/FixedPointFSM.xml (RunModel)" time="0.044" />
  <testcase classname="ptolemy.util.test.junit.AutoTests" name="[62] /home/travis/build/icyphy/ptII/ptolemy/domains/modal/test/auto/FixedPointIterationFSMActor.xml (RunModel)" time="0.034" />
  <testcase classname="ptolemy.util.test.junit.AutoTests" name="[63] /home/travis/build/icyphy/ptII/ptolemy/domains/modal/test/auto/FixedPointIterationFSMActor2.xml (RunModel)" time="0.042" />
  <testcase classname="ptolemy.util.test.junit.AutoTests" name="[64] /home/travis/build/icyphy/ptII/ptolemy/domains/modal/test/auto/ForbiddenInstantanousLoop.xml (RunModel)" time="0.038" />
  <testcase classname="ptolemy.util.test.junit.AutoTests" name="[65] /home/travis/build/icyphy/ptII/ptolemy/domains/modal/test/auto/FunctionDependencyOfFSMActorTest.xml (RunModel)" time="0.03" />
  <testcase classname="ptolemy.util.test.junit.AutoTests" name="[66] /home/travis/build/icyphy/ptII/ptolemy/domains/modal/test/auto/GuardExpression.xml (RunModel)" time="0.017" />
  <testcase classname="ptolemy.util.test.junit.AutoTests" name="[67] /home/travis/build/icyphy/ptII/ptolemy/domains/modal/test/auto/GuardNotEvaluated.xml (RunModel)" time="0.037" />
  <testcase classname="ptolemy.util.test.junit.AutoTests" name="[68] /home/travis/build/icyphy/ptII/ptolemy/domains/modal/test/auto/GuardNotEvaluated2.xml (RunModel)" time="0.029" />
  <testcase classname="ptolemy.util.test.junit.AutoTests" name="[69] /home/travis/build/icyphy/ptII/ptolemy/domains/modal/test/auto/GuardOnAbsent.xml (RunModel)" time="0.033" />
  <testcase classname="ptolemy.util.test.junit.AutoTests" name="[70] /home/travis/build/icyphy/ptII/ptolemy/domains/modal/test/auto/HierarchicalFSMTypeInference.xml (RunModel)" time="0.042" />
  <testcase classname="ptolemy.util.test.junit.AutoTests" name="[71] /home/travis/build/icyphy/ptII/ptolemy/domains/modal/test/auto/Hysteresis.xml (RunModel)" time="0.046" />
  <testcase classname="ptolemy.util.test.junit.AutoTests" name="[72] /home/travis/build/icyphy/ptII/ptolemy/domains/modal/test/auto/HysteresisWithDefault.xml (RunModel)" time="0.076" />
  <testcase classname="ptolemy.util.test.junit.AutoTests" name="[73] /home/travis/build/icyphy/ptII/ptolemy/domains/modal/test/auto/HysteresisWithDefault2.xml (RunModel)" time="0.157" />
  <testcase classname="ptolemy.util.test.junit.AutoTests" name="[74] /home/travis/build/icyphy/ptII/ptolemy/domains/modal/test/auto/ImmediateNonConstructiveness.xml (RunModel)" time="0.029" />
  <testcase classname="ptolemy.util.test.junit.AutoTests" name="[75] /home/travis/build/icyphy/ptII/ptolemy/domains/modal/test/auto/ImmediateNonConstructiveness2.xml (RunModel)" time="0.02" />
  <testcase classname="ptolemy.util.test.junit.AutoTests" name="[76] /home/travis/build/icyphy/ptII/ptolemy/domains/modal/test/auto/ImmediateTransitionReset.xml (RunModel)" time="0.048" />
  <testcase classname="ptolemy.util.test.junit.AutoTests" name="[77] /home/travis/build/icyphy/ptII/ptolemy/domains/modal/test/auto/ImmediateTransitions1.xml (RunModel)" time="0.012" />
  <testcase classname="ptolemy.util.test.junit.AutoTests" name="[78] /home/travis/build/icyphy/ptII/ptolemy/domains/modal/test/auto/ImmediateTransitionsInstantaneousCommunication.xml (RunModel)" time="0.04" />
  <testcase classname="ptolemy.util.test.junit.AutoTests" name="[79] /home/travis/build/icyphy/ptII/ptolemy/domains/modal/test/auto/InitialImmediateTransition.xml (RunModel)" time="0.021" />
  <testcase classname="ptolemy.util.test.junit.AutoTests" name="[80] /home/travis/build/icyphy/ptII/ptolemy/domains/modal/test/auto/InitialOutputs.xml (RunModel)" time="0.022" />
  <testcase classname="ptolemy.util.test.junit.AutoTests" name="[81] /home/travis/build/icyphy/ptII/ptolemy/domains/modal/test/auto/InitialStateTransition1.xml (RunModel)" time="0.024" />
  <testcase classname="ptolemy.util.test.junit.AutoTests" name="[82] /home/travis/build/icyphy/ptII/ptolemy/domains/modal/test/auto/InitialStateTransition2.xml (RunModel)" time="0.026" />
  <testcase classname="ptolemy.util.test.junit.AutoTests" name="[83] /home/travis/build/icyphy/ptII/ptolemy/domains/modal/test/auto/InitialStateTransition3.xml (RunModel)" time="0.031" />
  <testcase classname="ptolemy.util.test.junit.AutoTests" name="[84] /home/travis/build/icyphy/ptII/ptolemy/domains/modal/test/auto/InitialStateTransition4.xml (RunModel)" time="0.031" />
  <testcase classname="ptolemy.util.test.junit.AutoTests" name="[85] /home/travis/build/icyphy/ptII/ptolemy/domains/modal/test/auto/MalformedGuardExpressionNotCaught.xml (RunModel)" time="0.022" />
  <testcase classname="ptolemy.util.test.junit.AutoTests" name="[86] /home/travis/build/icyphy/ptII/ptolemy/domains/modal/test/auto/ModalBSC.xml (RunModel)" time="0.115" />
  <testcase classname="ptolemy.util.test.junit.AutoTests" name="[87] /home/travis/build/icyphy/ptII/ptolemy/domains/modal/test/auto/ModalClocks.xml (RunModel)" time="0.095" />
  <testcase classname="ptolemy.util.test.junit.AutoTests" name="[88] /home/travis/build/icyphy/ptII/ptolemy/domains/modal/test/auto/ModalDelay.xml (RunModel)" time="0.048" />
  <testcase classname="ptolemy.util.test.junit.AutoTests" name="[89] /home/travis/build/icyphy/ptII/ptolemy/domains/modal/test/auto/ModalDelay2.xml (RunModel)" time="0.05" />
  <testcase classname="ptolemy.util.test.junit.AutoTests" name="[90] /home/travis/build/icyphy/ptII/ptolemy/domains/modal/test/auto/ModalModelFromMemo.xml (RunModel)" time="0.077" />
  <testcase classname="ptolemy.util.test.junit.AutoTests" name="[91] /home/travis/build/icyphy/ptII/ptolemy/domains/modal/test/auto/ModalModelWithMultirateTransient.xml (RunModel)" time="0.052" />
  <testcase classname="ptolemy.util.test.junit.AutoTests" name="[92] /home/travis/build/icyphy/ptII/ptolemy/domains/modal/test/auto/ModalModelWithReset.xml (RunModel)" time="0.052" />
  <testcase classname="ptolemy.util.test.junit.AutoTests" name="[93] /home/travis/build/icyphy/ptII/ptolemy/domains/modal/test/auto/MouseClickFSM.xml (RunModel)" time="0.107" />
  <testcase classname="ptolemy.util.test.junit.AutoTests" name="[94] /home/travis/build/icyphy/ptII/ptolemy/domains/modal/test/auto/MouseClickFSMModal.xml (RunModel)" time="0.042" />
  <testcase classname="ptolemy.util.test.junit.AutoTests" name="[95] /home/travis/build/icyphy/ptII/ptolemy/domains/modal/test/auto/NonStrictFSM_FeedbackLoop.xml (RunModel)" time="0.051" />
  <testcase classname="ptolemy.util.test.junit.AutoTests" name="[96] /home/travis/build/icyphy/ptII/ptolemy/domains/modal/test/auto/NonStrictFSM_FeedbackLoop_Refinement.xml (RunModel)" time="0.09" />
  <testcase classname="ptolemy.util.test.junit.AutoTests" name="[97] /home/travis/build/icyphy/ptII/ptolemy/domains/modal/test/auto/NonStrictFSM_FeedbackLoop_preemptive.xml (RunModel)" time="0.047" />
  <testcase classname="ptolemy.util.test.junit.AutoTests" name="[98] /home/travis/build/icyphy/ptII/ptolemy/domains/modal/test/auto/NormalTermination.xml (RunModel)" time="0.051" />
  <testcase classname="ptolemy.util.test.junit.AutoTests" name="[99] /home/travis/build/icyphy/ptII/ptolemy/domains/modal/test/auto/Pong.xml (RunModel)" time="0.065" />
  <testcase classname="ptolemy.util.test.junit.AutoTests" name="[100] /home/travis/build/icyphy/ptII/ptolemy/domains/modal/test/auto/Pong_test.xml (RunModel)" time="0.125" />
  <testcase classname="ptolemy.util.test.junit.AutoTests" name="[101] /home/travis/build/icyphy/ptII/ptolemy/domains/modal/test/auto/PreemptionHierarchy.xml (RunModel)" time="0.029" />
  <testcase classname="ptolemy.util.test.junit.AutoTests" name="[102] /home/travis/build/icyphy/ptII/ptolemy/domains/modal/test/auto/PreemptionHierarchy2.xml (RunModel)" time="0.037" />
  <testcase classname="ptolemy.util.test.junit.AutoTests" name="[103] /home/travis/build/icyphy/ptII/ptolemy/domains/modal/test/auto/PreemptiveTransition.xml (RunModel)" time="0.024" />
  <testcase classname="ptolemy.util.test.junit.AutoTests" name="[104] /home/travis/build/icyphy/ptII/ptolemy/domains/modal/test/auto/Priorities.xml (RunModel)" time="0.087" />
  <testcase classname="ptolemy.util.test.junit.AutoTests" name="[105] /home/travis/build/icyphy/ptII/ptolemy/domains/modal/test/auto/ResetFinal.xml (RunModel)" time="0.051" />
  <testcase classname="ptolemy.util.test.junit.AutoTests" name="[106] /home/travis/build/icyphy/ptII/ptolemy/domains/modal/test/auto/ResetFinal2.xml (RunModel)" time="0.034" />
  <testcase classname="ptolemy.util.test.junit.AutoTests" name="[107] /home/travis/build/icyphy/ptII/ptolemy/domains/modal/test/auto/ResetTransitionWithStartTime.xml (RunModel)" time="0.032" />
  <testcase classname="ptolemy.util.test.junit.AutoTests" name="[108] /home/travis/build/icyphy/ptII/ptolemy/domains/modal/test/auto/SDF-FSMComposite.xml (RunModel)" time="0.027" />
  <testcase classname="ptolemy.util.test.junit.AutoTests" name="[109] /home/travis/build/icyphy/ptII/ptolemy/domains/modal/test/auto/SeeminglyNondeterminate.xml (RunModel)" time="0.071" />
  <testcase classname="ptolemy.util.test.junit.AutoTests" name="[110] /home/travis/build/icyphy/ptII/ptolemy/domains/modal/test/auto/SeeminglyNondeterminate2.xml (RunModel)" time="0.074" />
  <testcase classname="ptolemy.util.test.junit.AutoTests" name="[111] /home/travis/build/icyphy/ptII/ptolemy/domains/modal/test/auto/SpontaneousFSM.xml (RunModel)" time="0.056" />
  <testcase classname="ptolemy.util.test.junit.AutoTests" name="[112] /home/travis/build/icyphy/ptII/ptolemy/domains/modal/test/auto/SpontaneousFSM2.xml (RunModel)" time="0.039" />
  <testcase classname="ptolemy.util.test.junit.AutoTests" name="[113] /home/travis/build/icyphy/ptII/ptolemy/domains/modal/test/auto/SpontaneousFSM3.xml (RunModel)" time="0.046" />
  <testcase classname="ptolemy.util.test.junit.AutoTests" name="[114] /home/travis/build/icyphy/ptII/ptolemy/domains/modal/test/auto/SpontaneousFSM4.xml (RunModel)" time="0.052" />
  <testcase classname="ptolemy.util.test.junit.AutoTests" name="[115] /home/travis/build/icyphy/ptII/ptolemy/domains/modal/test/auto/StateTrackerTest.xml (RunModel)" time="0.077" />
  <testcase classname="ptolemy.util.test.junit.AutoTests" name="[116] /home/travis/build/icyphy/ptII/ptolemy/domains/modal/test/auto/StrongImmediateTransition.xml (RunModel)" time="0.035" />
  <testcase classname="ptolemy.util.test.junit.AutoTests" name="[117] /home/travis/build/icyphy/ptII/ptolemy/domains/modal/test/auto/SustainHierarchy.xml (RunModel)" time="0.04" />
  <testcase classname="ptolemy.util.test.junit.AutoTests" name="[118] /home/travis/build/icyphy/ptII/ptolemy/domains/modal/test/auto/TerminationTransition1.xml (RunModel)" time="0.026" />
  <testcase classname="ptolemy.util.test.junit.AutoTests" name="[119] /home/travis/build/icyphy/ptII/ptolemy/domains/modal/test/auto/TerminationTransition2.xml (RunModel)" time="0.062" />
  <testcase classname="ptolemy.util.test.junit.AutoTests" name="[120] /home/travis/build/icyphy/ptII/ptolemy/domains/modal/test/auto/TerminationTransition3.xml (RunModel)" time="0.068" />
  <testcase classname="ptolemy.util.test.junit.AutoTests" name="[121] /home/travis/build/icyphy/ptII/ptolemy/domains/modal/test/auto/TerminationTransition4.xml (RunModel)" time="0.054" />
  <testcase classname="ptolemy.util.test.junit.AutoTests" name="[122] /home/travis/build/icyphy/ptII/ptolemy/domains/modal/test/auto/TerminationTransition5.xml (RunModel)" time="0.04" />
  <testcase classname="ptolemy.util.test.junit.AutoTests" name="[123] /home/travis/build/icyphy/ptII/ptolemy/domains/modal/test/auto/TerminationTransition6.xml (RunModel)" time="0.029" />
  <testcase classname="ptolemy.util.test.junit.AutoTests" name="[124] /home/travis/build/icyphy/ptII/ptolemy/domains/modal/test/auto/TerminationTransition7.xml (RunModel)" time="0.026" />
  <testcase classname="ptolemy.util.test.junit.AutoTests" name="[125] /home/travis/build/icyphy/ptII/ptolemy/domains/modal/test/auto/TerminationTransition8.xml (RunModel)" time="0.026" />
  <testcase classname="ptolemy.util.test.junit.AutoTests" name="[126] /home/travis/build/icyphy/ptII/ptolemy/domains/modal/test/auto/Thermostat_NoHysteresis.xml (RunModel)" time="0.078" />
  <testcase classname="ptolemy.util.test.junit.AutoTests" name="[127] /home/travis/build/icyphy/ptII/ptolemy/domains/modal/test/auto/TimedFSM.xml (RunModel)" time="0.036" />
  <testcase classname="ptolemy.util.test.junit.AutoTests" name="[128] /home/travis/build/icyphy/ptII/ptolemy/domains/modal/test/auto/Timeout1.xml (RunModel)" time="0.015" />
  <testcase classname="ptolemy.util.test.junit.AutoTests" name="[129] /home/travis/build/icyphy/ptII/ptolemy/domains/modal/test/auto/Timeout2.xml (RunModel)" time="0.024" />
  <testcase classname="ptolemy.util.test.junit.AutoTests" name="[130] /home/travis/build/icyphy/ptII/ptolemy/domains/modal/test/auto/Timeout3.xml (RunModel)" time="0.013" />
  <testcase classname="ptolemy.util.test.junit.AutoTests" name="[131] /home/travis/build/icyphy/ptII/ptolemy/domains/modal/test/auto/Timeout4.xml (RunModel)" time="0.013" />
  <testcase classname="ptolemy.util.test.junit.AutoTests" name="[132] /home/travis/build/icyphy/ptII/ptolemy/domains/modal/test/auto/TransientstateModelAdvanced.xml (RunModel)" time="0.034" />
  <testcase classname="ptolemy.util.test.junit.AutoTests" name="[133] /home/travis/build/icyphy/ptII/ptolemy/domains/modal/test/auto/TransientstateModelAdvanced2.xml (RunModel)" time="0.039" />
  <testcase classname="ptolemy.util.test.junit.AutoTests" name="[134] /home/travis/build/icyphy/ptII/ptolemy/domains/modal/test/auto/TransitionRefinements.xml (RunModel)" time="0.033" />
  <testcase classname="ptolemy.util.test.junit.AutoTests" name="[135] /home/travis/build/icyphy/ptII/ptolemy/domains/modal/test/auto/TwoRefinements1.xml (RunModel)" time="0.03" />
  <testcase classname="ptolemy.util.test.junit.AutoTests" name="[136] /home/travis/build/icyphy/ptII/ptolemy/domains/modal/test/auto/TwoRefinements2.xml (RunModel)" time="0.029" />
  <testcase classname="ptolemy.util.test.junit.AutoTests" name="[137] /home/travis/build/icyphy/ptII/ptolemy/domains/modal/test/auto/WeakImmediateTransition.xml (RunModel)" time="0.025" />
  <testcase classname="ptolemy.util.test.junit.AutoTests" name="[138] /home/travis/build/icyphy/ptII/ptolemy/domains/modal/test/auto/booleanSelect.xml (RunModel)" time="0.056" />
  <testcase classname="ptolemy.util.test.junit.AutoTests" name="[139] /home/travis/build/icyphy/ptII/ptolemy/domains/modal/test/auto/modalChangingParams.xml (RunModel)" time="0.303" />
  <testcase classname="ptolemy.util.test.junit.AutoTests" name="[140] /home/travis/build/icyphy/ptII/ptolemy/domains/modal/test/auto/modalModel.xml (RunModel)" time="0.023" />
  <testcase classname="ptolemy.util.test.junit.AutoTests" name="[141] /home/travis/build/icyphy/ptII/ptolemy/domains/modal/test/auto/modalModel2.xml (RunModel)" time="0.028" />
  <testcase classname="ptolemy.util.test.junit.AutoTests" name="[142] /home/travis/build/icyphy/ptII/ptolemy/domains/modal/test/auto/modalModel3.xml (RunModel)" time="0.039" />
  <testcase classname="ptolemy.util.test.junit.AutoTests" name="[143] /home/travis/build/icyphy/ptII/ptolemy/domains/modal/test/auto/model1.xml (RunModel)" time="0.019" />
  <testcase classname="ptolemy.util.test.junit.AutoTests" name="[144] /home/travis/build/icyphy/ptII/ptolemy/domains/modal/test/auto/test-direct-in-out.xml (RunModel)" time="0.019" />
  <system-out><![CDATA[/home/travis/build/icyphy/ptII/ptolemy/domains/modal/test/SystemLevelType.tcl
testDefs.tcl: setting time out to 9000 seconds at Thu May 31 00:44:55 UTC 2018
05/31/18 12:44:57
Failed: 0  Total Tests: 1  ((Passed: 1, Newly Passed: 0)  Known Failed: 0) /home/travis/build/icyphy/ptII/ptolemy/domains/modal/test
----------------- testing (KnownFailure) /home/travis/build/icyphy/ptII/ptolemy/domains/modal/test/auto/knownFailedTests/CannotAnalysisWithPreemption.xml
70 ms. Memory: 208384K Free: 188487K (90%)
Known Failure: java.lang.reflect.InvocationTargetException
No auto/linux-amd64/*.xml tests in /home/travis/build/icyphy/ptII/ptolemy/domains/modal/test
AutoTests.java: About to close Vertx.
AutoTests.java: Vertx closed.
----------------- testing Thu May 31 00:44:58 UTC 2018 /home/travis/build/icyphy/ptII/ptolemy/domains/modal/test/auto/ABPTest.xml
----------------- Instantiating /home/travis/build/icyphy/ptII/ptolemy/domains/modal/test/auto/ABPTest.xml
427 ms. Memory: 332288K Free: 291695K (88%)
----------------- Invoking toplevel() on ptolemy.moml.MoMLSimpleApplication@6a3a7b1e
----------------- Done invoking toplevel() on ptolemy.moml.MoMLSimpleApplication@6a3a7b1e
reloadAllAccessors: .ABPTest
----------------- testing Thu May 31 00:44:58 UTC 2018 /home/travis/build/icyphy/ptII/ptolemy/domains/modal/test/auto/ABROFlat.xml
----------------- Instantiating /home/travis/build/icyphy/ptII/ptolemy/domains/modal/test/auto/ABROFlat.xml
31 ms. Memory: 332288K Free: 269563K (81%)
----------------- Invoking toplevel() on ptolemy.moml.MoMLSimpleApplication@2b71f138
----------------- Done invoking toplevel() on ptolemy.moml.MoMLSimpleApplication@2b71f138
reloadAllAccessors: .ABROFlat
----------------- testing Thu May 31 00:44:59 UTC 2018 /home/travis/build/icyphy/ptII/ptolemy/domains/modal/test/auto/ABROFlat2.xml
----------------- Instantiating /home/travis/build/icyphy/ptII/ptolemy/domains/modal/test/auto/ABROFlat2.xml
23 ms. Memory: 332288K Free: 251605K (76%)
----------------- Invoking toplevel() on ptolemy.moml.MoMLSimpleApplication@37e6b1ca
----------------- Done invoking toplevel() on ptolemy.moml.MoMLSimpleApplication@37e6b1ca
reloadAllAccessors: .ABROFlat2
----------------- testing Thu May 31 00:44:59 UTC 2018 /home/travis/build/icyphy/ptII/ptolemy/domains/modal/test/auto/ABRO_present_hmm.xml
----------------- Instantiating /home/travis/build/icyphy/ptII/ptolemy/domains/modal/test/auto/ABRO_present_hmm.xml
38 ms. Memory: 332288K Free: 220578K (66%)
----------------- Invoking toplevel() on ptolemy.moml.MoMLSimpleApplication@6fc6cbd
----------------- Done invoking toplevel() on ptolemy.moml.MoMLSimpleApplication@6fc6cbd
reloadAllAccessors: .ABRO_present_hmm
----------------- testing Thu May 31 00:44:59 UTC 2018 /home/travis/build/icyphy/ptII/ptolemy/domains/modal/test/auto/AMICoderExample.xml
----------------- Instantiating /home/travis/build/icyphy/ptII/ptolemy/domains/modal/test/auto/AMICoderExample.xml
21 ms. Memory: 332288K Free: 209157K (63%)
----------------- Invoking toplevel() on ptolemy.moml.MoMLSimpleApplication@4c474fa8
----------------- Done invoking toplevel() on ptolemy.moml.MoMLSimpleApplication@4c474fa8
reloadAllAccessors: .AMICoderExample
----------------- testing Thu May 31 00:44:59 UTC 2018 /home/travis/build/icyphy/ptII/ptolemy/domains/modal/test/auto/AbsentToPresent.xml
----------------- Instantiating /home/travis/build/icyphy/ptII/ptolemy/domains/modal/test/auto/AbsentToPresent.xml
5 ms. Memory: 332288K Free: 200835K (60%)
----------------- Invoking toplevel() on ptolemy.moml.MoMLSimpleApplication@4a29398d
----------------- Done invoking toplevel() on ptolemy.moml.MoMLSimpleApplication@4a29398d
reloadAllAccessors: .AbsentToPresent
----------------- testing Thu May 31 00:44:59 UTC 2018 /home/travis/build/icyphy/ptII/ptolemy/domains/modal/test/auto/Blending.xml
----------------- Instantiating /home/travis/build/icyphy/ptII/ptolemy/domains/modal/test/auto/Blending.xml
160 ms. Memory: 332288K Free: 150129K (45%)
----------------- Invoking toplevel() on ptolemy.moml.MoMLSimpleApplication@475e22a6
----------------- Done invoking toplevel() on ptolemy.moml.MoMLSimpleApplication@475e22a6
reloadAllAccessors: .Blending
----------------- testing Thu May 31 00:44:59 UTC 2018 /home/travis/build/icyphy/ptII/ptolemy/domains/modal/test/auto/Broadcast.xml
----------------- Instantiating /home/travis/build/icyphy/ptII/ptolemy/domains/modal/test/auto/Broadcast.xml
11 ms. Memory: 332288K Free: 137032K (41%)
----------------- Invoking toplevel() on ptolemy.moml.MoMLSimpleApplication@25e16e74
----------------- Done invoking toplevel() on ptolemy.moml.MoMLSimpleApplication@25e16e74
reloadAllAccessors: .Broadcast
----------------- testing Thu May 31 00:44:59 UTC 2018 /home/travis/build/icyphy/ptII/ptolemy/domains/modal/test/auto/BroadcastHierarchy.xml
----------------- Instantiating /home/travis/build/icyphy/ptII/ptolemy/domains/modal/test/auto/BroadcastHierarchy.xml
16 ms. Memory: 332288K Free: 119065K (36%)
----------------- Invoking toplevel() on ptolemy.moml.MoMLSimpleApplication@5e0d97d5
----------------- Done invoking toplevel() on ptolemy.moml.MoMLSimpleApplication@5e0d97d5
reloadAllAccessors: .BroadcastHierarchy
----------------- testing Thu May 31 00:44:59 UTC 2018 /home/travis/build/icyphy/ptII/ptolemy/domains/modal/test/auto/BroadcastHierarchy2.xml
----------------- Instantiating /home/travis/build/icyphy/ptII/ptolemy/domains/modal/test/auto/BroadcastHierarchy2.xml
32 ms. Memory: 332288K Free: 83117K (25%)
----------------- Invoking toplevel() on ptolemy.moml.MoMLSimpleApplication@56ddf63b
----------------- Done invoking toplevel() on ptolemy.moml.MoMLSimpleApplication@56ddf63b
reloadAllAccessors: .BroadcastHierarchy2
----------------- testing Thu May 31 00:45:00 UTC 2018 /home/travis/build/icyphy/ptII/ptolemy/domains/modal/test/auto/BroadcastHierarchy3.xml
----------------- Instantiating /home/travis/build/icyphy/ptII/ptolemy/domains/modal/test/auto/BroadcastHierarchy3.xml
19 ms. Memory: 333824K Free: 299776K (90%)
----------------- Invoking toplevel() on ptolemy.moml.MoMLSimpleApplication@3f208fed
----------------- Done invoking toplevel() on ptolemy.moml.MoMLSimpleApplication@3f208fed
reloadAllAccessors: .BroadcastHierarchy3
----------------- testing Thu May 31 00:45:00 UTC 2018 /home/travis/build/icyphy/ptII/ptolemy/domains/modal/test/auto/BroadcastHierarchy4.xml
----------------- Instantiating /home/travis/build/icyphy/ptII/ptolemy/domains/modal/test/auto/BroadcastHierarchy4.xml
28 ms. Memory: 333824K Free: 265632K (80%)
----------------- Invoking toplevel() on ptolemy.moml.MoMLSimpleApplication@494a7b95
----------------- Done invoking toplevel() on ptolemy.moml.MoMLSimpleApplication@494a7b95
reloadAllAccessors: .BroadcastHierarchy4
----------------- testing Thu May 31 00:45:00 UTC 2018 /home/travis/build/icyphy/ptII/ptolemy/domains/modal/test/auto/CannotAnalysisWithPreemption2.xml
----------------- Instantiating /home/travis/build/icyphy/ptII/ptolemy/domains/modal/test/auto/CannotAnalysisWithPreemption2.xml
5 ms. Memory: 333824K Free: 257052K (77%)
----------------- Invoking toplevel() on ptolemy.moml.MoMLSimpleApplication@7782a88a
----------------- Done invoking toplevel() on ptolemy.moml.MoMLSimpleApplication@7782a88a
reloadAllAccessors: .CannotAnalysisWithPreemption2
----------------- testing Thu May 31 00:45:00 UTC 2018 /home/travis/build/icyphy/ptII/ptolemy/domains/modal/test/auto/CannotAnalysisWithPreemption3.xml
----------------- Instantiating /home/travis/build/icyphy/ptII/ptolemy/domains/modal/test/auto/CannotAnalysisWithPreemption3.xml
5 ms. Memory: 333824K Free: 244713K (73%)
----------------- Invoking toplevel() on ptolemy.moml.MoMLSimpleApplication@6d2adbc0
----------------- Done invoking toplevel() on ptolemy.moml.MoMLSimpleApplication@6d2adbc0
reloadAllAccessors: .CannotAnalysisWithPreemption3
----------------- testing Thu May 31 00:45:00 UTC 2018 /home/travis/build/icyphy/ptII/ptolemy/domains/modal/test/auto/CannotProduce.xml
----------------- Instantiating /home/travis/build/icyphy/ptII/ptolemy/domains/modal/test/auto/CannotProduce.xml
13 ms. Memory: 333824K Free: 235057K (70%)
----------------- Invoking toplevel() on ptolemy.moml.MoMLSimpleApplication@59c3c688
----------------- Done invoking toplevel() on ptolemy.moml.MoMLSimpleApplication@59c3c688
reloadAllAccessors: .CannotProduce
----------------- testing Thu May 31 00:45:00 UTC 2018 /home/travis/build/icyphy/ptII/ptolemy/domains/modal/test/auto/CannotProduceModal.xml
----------------- Instantiating /home/travis/build/icyphy/ptII/ptolemy/domains/modal/test/auto/CannotProduceModal.xml
5 ms. Memory: 333824K Free: 226445K (68%)
----------------- Invoking toplevel() on ptolemy.moml.MoMLSimpleApplication@290dda0
----------------- Done invoking toplevel() on ptolemy.moml.MoMLSimpleApplication@290dda0
reloadAllAccessors: .CannotProduceModal
----------------- testing Thu May 31 00:45:00 UTC 2018 /home/travis/build/icyphy/ptII/ptolemy/domains/modal/test/auto/Case.xml
----------------- Instantiating /home/travis/build/icyphy/ptII/ptolemy/domains/modal/test/auto/Case.xml
31 ms. Memory: 333824K Free: 212924K (64%)
----------------- Invoking toplevel() on ptolemy.moml.MoMLSimpleApplication@3f76c3df
----------------- Done invoking toplevel() on ptolemy.moml.MoMLSimpleApplication@3f76c3df
reloadAllAccessors: .Case
----------------- testing Thu May 31 00:45:00 UTC 2018 /home/travis/build/icyphy/ptII/ptolemy/domains/modal/test/auto/Case1.xml
----------------- Instantiating /home/travis/build/icyphy/ptII/ptolemy/domains/modal/test/auto/Case1.xml
10 ms. Memory: 333824K Free: 202063K (61%)
----------------- Invoking toplevel() on ptolemy.moml.MoMLSimpleApplication@14f4442e
----------------- Done invoking toplevel() on ptolemy.moml.MoMLSimpleApplication@14f4442e
reloadAllAccessors: .Case1
----------------- testing Thu May 31 00:45:00 UTC 2018 /home/travis/build/icyphy/ptII/ptolemy/domains/modal/test/auto/Case2.xml
----------------- Instantiating /home/travis/build/icyphy/ptII/ptolemy/domains/modal/test/auto/Case2.xml
33 ms. Memory: 333824K Free: 189804K (57%)
----------------- Invoking toplevel() on ptolemy.moml.MoMLSimpleApplication@6bd65619
----------------- Done invoking toplevel() on ptolemy.moml.MoMLSimpleApplication@6bd65619
reloadAllAccessors: .Case2
----------------- testing Thu May 31 00:45:00 UTC 2018 /home/travis/build/icyphy/ptII/ptolemy/domains/modal/test/auto/CausalityInterface1.xml
----------------- Instantiating /home/travis/build/icyphy/ptII/ptolemy/domains/modal/test/auto/CausalityInterface1.xml
3 ms. Memory: 333824K Free: 183682K (55%)
----------------- Invoking toplevel() on ptolemy.moml.MoMLSimpleApplication@1c596e19
----------------- Done invoking toplevel() on ptolemy.moml.MoMLSimpleApplication@1c596e19
reloadAllAccessors: .CausalityInterface1
----------------- testing Thu May 31 00:45:00 UTC 2018 /home/travis/build/icyphy/ptII/ptolemy/domains/modal/test/auto/CausalityInterface10.xml
----------------- Instantiating /home/travis/build/icyphy/ptII/ptolemy/domains/modal/test/auto/CausalityInterface10.xml
13 ms. Memory: 333824K Free: 164201K (49%)
----------------- Invoking toplevel() on ptolemy.moml.MoMLSimpleApplication@270871fb
----------------- Done invoking toplevel() on ptolemy.moml.MoMLSimpleApplication@270871fb
reloadAllAccessors: .CausalityInterface10
----------------- testing Thu May 31 00:45:00 UTC 2018 /home/travis/build/icyphy/ptII/ptolemy/domains/modal/test/auto/CausalityInterface11.xml
----------------- Instantiating /home/travis/build/icyphy/ptII/ptolemy/domains/modal/test/auto/CausalityInterface11.xml
6 ms. Memory: 333824K Free: 148293K (44%)
----------------- Invoking toplevel() on ptolemy.moml.MoMLSimpleApplication@36f31583
----------------- Done invoking toplevel() on ptolemy.moml.MoMLSimpleApplication@36f31583
reloadAllAccessors: .CausalityInterface11
----------------- testing Thu May 31 00:45:00 UTC 2018 /home/travis/build/icyphy/ptII/ptolemy/domains/modal/test/auto/CausalityInterface12.xml
----------------- Instantiating /home/travis/build/icyphy/ptII/ptolemy/domains/modal/test/auto/CausalityInterface12.xml
5 ms. Memory: 333824K Free: 132362K (40%)
----------------- Invoking toplevel() on ptolemy.moml.MoMLSimpleApplication@1d0f7fb5
----------------- Done invoking toplevel() on ptolemy.moml.MoMLSimpleApplication@1d0f7fb5
reloadAllAccessors: .CausalityInterface12
----------------- testing Thu May 31 00:45:00 UTC 2018 /home/travis/build/icyphy/ptII/ptolemy/domains/modal/test/auto/CausalityInterface13.xml
----------------- Instantiating /home/travis/build/icyphy/ptII/ptolemy/domains/modal/test/auto/CausalityInterface13.xml
12 ms. Memory: 333824K Free: 112920K (34%)
----------------- Invoking toplevel() on ptolemy.moml.MoMLSimpleApplication@4348c92d
----------------- Done invoking toplevel() on ptolemy.moml.MoMLSimpleApplication@4348c92d
reloadAllAccessors: .CausalityInterface13
----------------- testing Thu May 31 00:45:00 UTC 2018 /home/travis/build/icyphy/ptII/ptolemy/domains/modal/test/auto/CausalityInterface14.xml
----------------- Instantiating /home/travis/build/icyphy/ptII/ptolemy/domains/modal/test/auto/CausalityInterface14.xml
11 ms. Memory: 333824K Free: 95736K (29%)
----------------- Invoking toplevel() on ptolemy.moml.MoMLSimpleApplication@afb2625
----------------- Done invoking toplevel() on ptolemy.moml.MoMLSimpleApplication@afb2625
reloadAllAccessors: .CausalityInterface14
----------------- testing Thu May 31 00:45:01 UTC 2018 /home/travis/build/icyphy/ptII/ptolemy/domains/modal/test/auto/CausalityInterface2.xml
----------------- Instantiating /home/travis/build/icyphy/ptII/ptolemy/domains/modal/test/auto/CausalityInterface2.xml
8 ms. Memory: 333824K Free: 88393K (26%)
----------------- Invoking toplevel() on ptolemy.moml.MoMLSimpleApplication@77dd282b
----------------- Done invoking toplevel() on ptolemy.moml.MoMLSimpleApplication@77dd282b
reloadAllAccessors: .CausalityInterface2
----------------- testing Thu May 31 00:45:01 UTC 2018 /home/travis/build/icyphy/ptII/ptolemy/domains/modal/test/auto/CausalityInterface3.xml
----------------- Instantiating /home/travis/build/icyphy/ptII/ptolemy/domains/modal/test/auto/CausalityInterface3.xml
21 ms. Memory: 578560K Free: 567313K (98%)
----------------- Invoking toplevel() on ptolemy.moml.MoMLSimpleApplication@634773a0
----------------- Done invoking toplevel() on ptolemy.moml.MoMLSimpleApplication@634773a0
reloadAllAccessors: .CausalityInterface3
----------------- testing Thu May 31 00:45:01 UTC 2018 /home/travis/build/icyphy/ptII/ptolemy/domains/modal/test/auto/CausalityInterface4.xml
----------------- Instantiating /home/travis/build/icyphy/ptII/ptolemy/domains/modal/test/auto/CausalityInterface4.xml
4 ms. Memory: 578560K Free: 553081K (96%)
----------------- Invoking toplevel() on ptolemy.moml.MoMLSimpleApplication@787c5516
----------------- Done invoking toplevel() on ptolemy.moml.MoMLSimpleApplication@787c5516
reloadAllAccessors: .CausalityInterface4
----------------- testing Thu May 31 00:45:01 UTC 2018 /home/travis/build/icyphy/ptII/ptolemy/domains/modal/test/auto/CausalityInterface5.xml
----------------- Instantiating /home/travis/build/icyphy/ptII/ptolemy/domains/modal/test/auto/CausalityInterface5.xml
5 ms. Memory: 578560K Free: 540853K (93%)
----------------- Invoking toplevel() on ptolemy.moml.MoMLSimpleApplication@512d7da9
----------------- Done invoking toplevel() on ptolemy.moml.MoMLSimpleApplication@512d7da9
reloadAllAccessors: .CausalityInterface5
----------------- testing Thu May 31 00:45:01 UTC 2018 /home/travis/build/icyphy/ptII/ptolemy/domains/modal/test/auto/CausalityInterface6.xml
----------------- Instantiating /home/travis/build/icyphy/ptII/ptolemy/domains/modal/test/auto/CausalityInterface6.xml
4 ms. Memory: 578560K Free: 528610K (91%)
----------------- Invoking toplevel() on ptolemy.moml.MoMLSimpleApplication@15b329fc
----------------- Done invoking toplevel() on ptolemy.moml.MoMLSimpleApplication@15b329fc
reloadAllAccessors: .CausalityInterface6
----------------- testing Thu May 31 00:45:01 UTC 2018 /home/travis/build/icyphy/ptII/ptolemy/domains/modal/test/auto/CausalityInterface7.xml
----------------- Instantiating /home/travis/build/icyphy/ptII/ptolemy/domains/modal/test/auto/CausalityInterface7.xml
7 ms. Memory: 578560K Free: 516142K (89%)
----------------- Invoking toplevel() on ptolemy.moml.MoMLSimpleApplication@4fb6e6de
----------------- Done invoking toplevel() on ptolemy.moml.MoMLSimpleApplication@4fb6e6de
reloadAllAccessors: .CausalityInterface7
----------------- testing Thu May 31 00:45:01 UTC 2018 /home/travis/build/icyphy/ptII/ptolemy/domains/modal/test/auto/CausalityInterface8.xml
----------------- Instantiating /home/travis/build/icyphy/ptII/ptolemy/domains/modal/test/auto/CausalityInterface8.xml
8 ms. Memory: 578560K Free: 500772K (87%)
----------------- Invoking toplevel() on ptolemy.moml.MoMLSimpleApplication@76ce1179
----------------- Done invoking toplevel() on ptolemy.moml.MoMLSimpleApplication@76ce1179
reloadAllAccessors: .CausalityInterface8
----------------- testing Thu May 31 00:45:01 UTC 2018 /home/travis/build/icyphy/ptII/ptolemy/domains/modal/test/auto/CausalityInterface9.xml
----------------- Instantiating /home/travis/build/icyphy/ptII/ptolemy/domains/modal/test/auto/CausalityInterface9.xml
7 ms. Memory: 578560K Free: 488544K (84%)
----------------- Invoking toplevel() on ptolemy.moml.MoMLSimpleApplication@49ec631c
----------------- Done invoking toplevel() on ptolemy.moml.MoMLSimpleApplication@49ec631c
reloadAllAccessors: .CausalityInterface9
----------------- testing Thu May 31 00:45:01 UTC 2018 /home/travis/build/icyphy/ptII/ptolemy/domains/modal/test/auto/ChainedTransitions.xml
----------------- Instantiating /home/travis/build/icyphy/ptII/ptolemy/domains/modal/test/auto/ChainedTransitions.xml
94 ms. Memory: 578560K Free: 459133K (79%)
----------------- Invoking toplevel() on ptolemy.moml.MoMLSimpleApplication@2222351
----------------- Done invoking toplevel() on ptolemy.moml.MoMLSimpleApplication@2222351
reloadAllAccessors: .ChainedTransitions
----------------- testing Thu May 31 00:45:01 UTC 2018 /home/travis/build/icyphy/ptII/ptolemy/domains/modal/test/auto/CycleOfImmediateTransitionsFSM.xml
----------------- Instantiating /home/travis/build/icyphy/ptII/ptolemy/domains/modal/test/auto/CycleOfImmediateTransitionsFSM.xml
4 ms. Memory: 578560K Free: 449332K (78%)
----------------- Invoking toplevel() on ptolemy.moml.MoMLSimpleApplication@26dcf806
----------------- Done invoking toplevel() on ptolemy.moml.MoMLSimpleApplication@26dcf806
reloadAllAccessors: .CycleOfImmediateTransitionsFSM
----------------- testing Thu May 31 00:45:01 UTC 2018 /home/travis/build/icyphy/ptII/ptolemy/domains/modal/test/auto/CycleOfImmediateTransitionsModal.xml
----------------- Instantiating /home/travis/build/icyphy/ptII/ptolemy/domains/modal/test/auto/CycleOfImmediateTransitionsModal.xml
5 ms. Memory: 578560K Free: 436419K (75%)
----------------- Invoking toplevel() on ptolemy.moml.MoMLSimpleApplication@5103bd60
----------------- Done invoking toplevel() on ptolemy.moml.MoMLSimpleApplication@5103bd60
reloadAllAccessors: .CycleOfImmediateTransitionsModal
----------------- testing Thu May 31 00:45:01 UTC 2018 /home/travis/build/icyphy/ptII/ptolemy/domains/modal/test/auto/CycleOfImmediateTransitionsModal2.xml
----------------- Instantiating /home/travis/build/icyphy/ptII/ptolemy/domains/modal/test/auto/CycleOfImmediateTransitionsModal2.xml
2 ms. Memory: 578560K Free: 426634K (74%)
----------------- Invoking toplevel() on ptolemy.moml.MoMLSimpleApplication@7aeee134
----------------- Done invoking toplevel() on ptolemy.moml.MoMLSimpleApplication@7aeee134
reloadAllAccessors: .CycleOfImmediateTransitionsModal2
----------------- testing Thu May 31 00:45:01 UTC 2018 /home/travis/build/icyphy/ptII/ptolemy/domains/modal/test/auto/CycleOfImmediateTransitionsModal3.xml
----------------- Instantiating /home/travis/build/icyphy/ptII/ptolemy/domains/modal/test/auto/CycleOfImmediateTransitionsModal3.xml
11 ms. Memory: 578560K Free: 392346K (68%)
----------------- Invoking toplevel() on ptolemy.moml.MoMLSimpleApplication@73ca49e0
----------------- Done invoking toplevel() on ptolemy.moml.MoMLSimpleApplication@73ca49e0
reloadAllAccessors: .CycleOfImmediateTransitionsModal3
----------------- testing Thu May 31 00:45:01 UTC 2018 /home/travis/build/icyphy/ptII/ptolemy/domains/modal/test/auto/DeepModal1.xml
----------------- Instantiating /home/travis/build/icyphy/ptII/ptolemy/domains/modal/test/auto/DeepModal1.xml
16 ms. Memory: 578560K Free: 375218K (65%)
----------------- Invoking toplevel() on ptolemy.moml.MoMLSimpleApplication@72d8cba2
----------------- Done invoking toplevel() on ptolemy.moml.MoMLSimpleApplication@72d8cba2
reloadAllAccessors: .DeepModal1
----------------- testing Thu May 31 00:45:01 UTC 2018 /home/travis/build/icyphy/ptII/ptolemy/domains/modal/test/auto/DeepModal2.xml
----------------- Instantiating /home/travis/build/icyphy/ptII/ptolemy/domains/modal/test/auto/DeepModal2.xml
26 ms. Memory: 578560K Free: 350102K (61%)
----------------- Invoking toplevel() on ptolemy.moml.MoMLSimpleApplication@109adb99
----------------- Done invoking toplevel() on ptolemy.moml.MoMLSimpleApplication@109adb99
reloadAllAccessors: .DeepModal2
----------------- testing Thu May 31 00:45:01 UTC 2018 /home/travis/build/icyphy/ptII/ptolemy/domains/modal/test/auto/DeepModal3.xml
----------------- Instantiating /home/travis/build/icyphy/ptII/ptolemy/domains/modal/test/auto/DeepModal3.xml
34 ms. Memory: 578560K Free: 328073K (57%)
----------------- Invoking toplevel() on ptolemy.moml.MoMLSimpleApplication@9226074
----------------- Done invoking toplevel() on ptolemy.moml.MoMLSimpleApplication@9226074
reloadAllAccessors: .DeepModal3
----------------- testing Thu May 31 00:45:01 UTC 2018 /home/travis/build/icyphy/ptII/ptolemy/domains/modal/test/auto/DeepModal4.xml
----------------- Instantiating /home/travis/build/icyphy/ptII/ptolemy/domains/modal/test/auto/DeepModal4.xml
29 ms. Memory: 578560K Free: 306053K (53%)
----------------- Invoking toplevel() on ptolemy.moml.MoMLSimpleApplication@1b5b9ba0
----------------- Done invoking toplevel() on ptolemy.moml.MoMLSimpleApplication@1b5b9ba0
reloadAllAccessors: .DeepModal4
----------------- testing Thu May 31 00:45:02 UTC 2018 /home/travis/build/icyphy/ptII/ptolemy/domains/modal/test/auto/Default1.xml
----------------- Instantiating /home/travis/build/icyphy/ptII/ptolemy/domains/modal/test/auto/Default1.xml
3 ms. Memory: 578560K Free: 296252K (51%)
----------------- Invoking toplevel() on ptolemy.moml.MoMLSimpleApplication@4b26df0f
----------------- Done invoking toplevel() on ptolemy.moml.MoMLSimpleApplication@4b26df0f
reloadAllAccessors: .Default1
----------------- testing Thu May 31 00:45:02 UTC 2018 /home/travis/build/icyphy/ptII/ptolemy/domains/modal/test/auto/Default2.xml
----------------- Instantiating /home/travis/build/icyphy/ptII/ptolemy/domains/modal/test/auto/Default2.xml
3 ms. Memory: 578560K Free: 283331K (49%)
----------------- Invoking toplevel() on ptolemy.moml.MoMLSimpleApplication@51dbd17b
----------------- Done invoking toplevel() on ptolemy.moml.MoMLSimpleApplication@51dbd17b
reloadAllAccessors: .Default2
----------------- testing Thu May 31 00:45:02 UTC 2018 /home/travis/build/icyphy/ptII/ptolemy/domains/modal/test/auto/Default3.xml
----------------- Instantiating /home/travis/build/icyphy/ptII/ptolemy/domains/modal/test/auto/Default3.xml
3 ms. Memory: 578560K Free: 273530K (47%)
----------------- Invoking toplevel() on ptolemy.moml.MoMLSimpleApplication@3e78ce94
----------------- Done invoking toplevel() on ptolemy.moml.MoMLSimpleApplication@3e78ce94
reloadAllAccessors: .Default3
----------------- testing Thu May 31 00:45:02 UTC 2018 /home/travis/build/icyphy/ptII/ptolemy/domains/modal/test/auto/Default4.xml
----------------- Instantiating /home/travis/build/icyphy/ptII/ptolemy/domains/modal/test/auto/Default4.xml
3 ms. Memory: 578560K Free: 263745K (46%)
----------------- Invoking toplevel() on ptolemy.moml.MoMLSimpleApplication@366ed852
----------------- Done invoking toplevel() on ptolemy.moml.MoMLSimpleApplication@366ed852
reloadAllAccessors: .Default4
----------------- testing Thu May 31 00:45:02 UTC 2018 /home/travis/build/icyphy/ptII/ptolemy/domains/modal/test/auto/Default5.xml
----------------- Instantiating /home/travis/build/icyphy/ptII/ptolemy/domains/modal/test/auto/Default5.xml
8 ms. Memory: 578560K Free: 253960K (44%)
----------------- Invoking toplevel() on ptolemy.moml.MoMLSimpleApplication@5687dfc9
----------------- Done invoking toplevel() on ptolemy.moml.MoMLSimpleApplication@5687dfc9
reloadAllAccessors: .Default5
----------------- testing Thu May 31 00:45:02 UTC 2018 /home/travis/build/icyphy/ptII/ptolemy/domains/modal/test/auto/EmptyGuard.xml
----------------- Instantiating /home/travis/build/icyphy/ptII/ptolemy/domains/modal/test/auto/EmptyGuard.xml
13 ms. Memory: 578560K Free: 241063K (42%)
----------------- Invoking toplevel() on ptolemy.moml.MoMLSimpleApplication@3e9b0c01
----------------- Done invoking toplevel() on ptolemy.moml.MoMLSimpleApplication@3e9b0c01
reloadAllAccessors: .EmptyGuard
----------------- testing Thu May 31 00:45:02 UTC 2018 /home/travis/build/icyphy/ptII/ptolemy/domains/modal/test/auto/ErrorTransition1.xml
----------------- Instantiating /home/travis/build/icyphy/ptII/ptolemy/domains/modal/test/auto/ErrorTransition1.xml
8 ms. Memory: 578560K Free: 228828K (40%)
----------------- Invoking toplevel() on ptolemy.moml.MoMLSimpleApplication@50104aa3
----------------- Done invoking toplevel() on ptolemy.moml.MoMLSimpleApplication@50104aa3
reloadAllAccessors: .ErrorTransition1
----------------- testing Thu May 31 00:45:02 UTC 2018 /home/travis/build/icyphy/ptII/ptolemy/domains/modal/test/auto/ErrorTransition10.xml
----------------- Instantiating /home/travis/build/icyphy/ptII/ptolemy/domains/modal/test/auto/ErrorTransition10.xml
12 ms. Memory: 578560K Free: 211708K (37%)
----------------- Invoking toplevel() on ptolemy.moml.MoMLSimpleApplication@18ea9f79
----------------- Done invoking toplevel() on ptolemy.moml.MoMLSimpleApplication@18ea9f79
reloadAllAccessors: .ErrorTransition10
----------------- testing Thu May 31 00:45:02 UTC 2018 /home/travis/build/icyphy/ptII/ptolemy/domains/modal/test/auto/ErrorTransition11.xml
----------------- Instantiating /home/travis/build/icyphy/ptII/ptolemy/domains/modal/test/auto/ErrorTransition11.xml
4 ms. Memory: 578560K Free: 197030K (34%)
----------------- Invoking toplevel() on ptolemy.moml.MoMLSimpleApplication@31f8054b
----------------- Done invoking toplevel() on ptolemy.moml.MoMLSimpleApplication@31f8054b
reloadAllAccessors: .ErrorTransition11
----------------- testing Thu May 31 00:45:02 UTC 2018 /home/travis/build/icyphy/ptII/ptolemy/domains/modal/test/auto/ErrorTransition2.xml
----------------- Instantiating /home/travis/build/icyphy/ptII/ptolemy/domains/modal/test/auto/ErrorTransition2.xml
6 ms. Memory: 578560K Free: 184118K (32%)
----------------- Invoking toplevel() on ptolemy.moml.MoMLSimpleApplication@1343440f
----------------- Done invoking toplevel() on ptolemy.moml.MoMLSimpleApplication@1343440f
reloadAllAccessors: .ErrorTransition2
----------------- testing Thu May 31 00:45:02 UTC 2018 /home/travis/build/icyphy/ptII/ptolemy/domains/modal/test/auto/ErrorTransition3.xml
----------------- Instantiating /home/travis/build/icyphy/ptII/ptolemy/domains/modal/test/auto/ErrorTransition3.xml
11 ms. Memory: 578560K Free: 171874K (30%)
----------------- Invoking toplevel() on ptolemy.moml.MoMLSimpleApplication@49ea21f2
----------------- Done invoking toplevel() on ptolemy.moml.MoMLSimpleApplication@49ea21f2
reloadAllAccessors: .ErrorTransition3
----------------- testing Thu May 31 00:45:02 UTC 2018 /home/travis/build/icyphy/ptII/ptolemy/domains/modal/test/auto/ErrorTransition4.xml
----------------- Instantiating /home/travis/build/icyphy/ptII/ptolemy/domains/modal/test/auto/ErrorTransition4.xml
12 ms. Memory: 578560K Free: 159647K (28%)
----------------- Invoking toplevel() on ptolemy.moml.MoMLSimpleApplication@17d47cc3
----------------- Done invoking toplevel() on ptolemy.moml.MoMLSimpleApplication@17d47cc3
reloadAllAccessors: .ErrorTransition4
----------------- testing Thu May 31 00:45:02 UTC 2018 /home/travis/build/icyphy/ptII/ptolemy/domains/modal/test/auto/ErrorTransition5.xml
----------------- Instantiating /home/travis/build/icyphy/ptII/ptolemy/domains/modal/test/auto/ErrorTransition5.xml
6 ms. Memory: 578560K Free: 147419K (25%)
----------------- Invoking toplevel() on ptolemy.moml.MoMLSimpleApplication@bfe6610
----------------- Done invoking toplevel() on ptolemy.moml.MoMLSimpleApplication@bfe6610
reloadAllAccessors: .ErrorTransition5
----------------- testing Thu May 31 00:45:02 UTC 2018 /home/travis/build/icyphy/ptII/ptolemy/domains/modal/test/auto/ErrorTransition6.xml
----------------- Instantiating /home/travis/build/icyphy/ptII/ptolemy/domains/modal/test/auto/ErrorTransition6.xml
8 ms. Memory: 578560K Free: 135176K (23%)
----------------- Invoking toplevel() on ptolemy.moml.MoMLSimpleApplication@5d96b0
----------------- Done invoking toplevel() on ptolemy.moml.MoMLSimpleApplication@5d96b0
reloadAllAccessors: .ErrorTransition6
----------------- testing Thu May 31 00:45:02 UTC 2018 /home/travis/build/icyphy/ptII/ptolemy/domains/modal/test/auto/ErrorTransition7.xml
----------------- Instantiating /home/travis/build/icyphy/ptII/ptolemy/domains/modal/test/auto/ErrorTransition7.xml
14 ms. Memory: 578560K Free: 114920K (20%)
----------------- Invoking toplevel() on ptolemy.moml.MoMLSimpleApplication@2064c6bb
----------------- Done invoking toplevel() on ptolemy.moml.MoMLSimpleApplication@2064c6bb
reloadAllAccessors: .ErrorTransition7
----------------- testing Thu May 31 00:45:02 UTC 2018 /home/travis/build/icyphy/ptII/ptolemy/domains/modal/test/auto/ErrorTransition8.xml
----------------- Instantiating /home/travis/build/icyphy/ptII/ptolemy/domains/modal/test/auto/ErrorTransition8.xml
29 ms. Memory: 578560K Free: 97808K (17%)
----------------- Invoking toplevel() on ptolemy.moml.MoMLSimpleApplication@59f12284
----------------- Done invoking toplevel() on ptolemy.moml.MoMLSimpleApplication@59f12284
reloadAllAccessors: .ErrorTransition8
----------------- testing Thu May 31 00:45:02 UTC 2018 /home/travis/build/icyphy/ptII/ptolemy/domains/modal/test/auto/ErrorTransition9.xml
----------------- Instantiating /home/travis/build/icyphy/ptII/ptolemy/domains/modal/test/auto/ErrorTransition9.xml
8 ms. Memory: 578560K Free: 80672K (14%)
----------------- Invoking toplevel() on ptolemy.moml.MoMLSimpleApplication@5ce8ee01
----------------- Done invoking toplevel() on ptolemy.moml.MoMLSimpleApplication@5ce8ee01
reloadAllAccessors: .ErrorTransition9
----------------- testing Thu May 31 00:45:02 UTC 2018 /home/travis/build/icyphy/ptII/ptolemy/domains/modal/test/auto/ExtendedFSM.xml
----------------- Instantiating /home/travis/build/icyphy/ptII/ptolemy/domains/modal/test/auto/ExtendedFSM.xml
9 ms. Memory: 578560K Free: 559270K (97%)
----------------- Invoking toplevel() on ptolemy.moml.MoMLSimpleApplication@31bacd48
----------------- Done invoking toplevel() on ptolemy.moml.MoMLSimpleApplication@31bacd48
reloadAllAccessors: .ExtendedFSM
----------------- testing Thu May 31 00:45:02 UTC 2018 /home/travis/build/icyphy/ptII/ptolemy/domains/modal/test/auto/FinalStates.xml
----------------- Instantiating /home/travis/build/icyphy/ptII/ptolemy/domains/modal/test/auto/FinalStates.xml
9 ms. Memory: 578560K Free: 547297K (95%)
----------------- Invoking toplevel() on ptolemy.moml.MoMLSimpleApplication@18f32339
----------------- Done invoking toplevel() on ptolemy.moml.MoMLSimpleApplication@18f32339
reloadAllAccessors: .FinalStates
----------------- testing Thu May 31 00:45:02 UTC 2018 /home/travis/build/icyphy/ptII/ptolemy/domains/modal/test/auto/FixedPointFSM.xml
----------------- Instantiating /home/travis/build/icyphy/ptII/ptolemy/domains/modal/test/auto/FixedPointFSM.xml
17 ms. Memory: 578560K Free: 530137K (92%)
----------------- Invoking toplevel() on ptolemy.moml.MoMLSimpleApplication@1c5d6144
----------------- Done invoking toplevel() on ptolemy.moml.MoMLSimpleApplication@1c5d6144
reloadAllAccessors: .FixedPointFSM
----------------- testing Thu May 31 00:45:02 UTC 2018 /home/travis/build/icyphy/ptII/ptolemy/domains/modal/test/auto/FixedPointIterationFSMActor.xml
----------------- Instantiating /home/travis/build/icyphy/ptII/ptolemy/domains/modal/test/auto/FixedPointIterationFSMActor.xml
7 ms. Memory: 578560K Free: 515714K (89%)
----------------- Invoking toplevel() on ptolemy.moml.MoMLSimpleApplication@3507a2c4
----------------- Done invoking toplevel() on ptolemy.moml.MoMLSimpleApplication@3507a2c4
reloadAllAccessors: .FixedPointIterationFSMActor
----------------- testing Thu May 31 00:45:02 UTC 2018 /home/travis/build/icyphy/ptII/ptolemy/domains/modal/test/auto/FixedPointIterationFSMActor2.xml
----------------- Instantiating /home/travis/build/icyphy/ptII/ptolemy/domains/modal/test/auto/FixedPointIterationFSMActor2.xml
15 ms. Memory: 578560K Free: 500889K (87%)
----------------- Invoking toplevel() on ptolemy.moml.MoMLSimpleApplication@1e3ab061
----------------- Done invoking toplevel() on ptolemy.moml.MoMLSimpleApplication@1e3ab061
reloadAllAccessors: .FixedPointIterationFSMActor2
----------------- testing Thu May 31 00:45:02 UTC 2018 /home/travis/build/icyphy/ptII/ptolemy/domains/modal/test/auto/ForbiddenInstantanousLoop.xml
----------------- Instantiating /home/travis/build/icyphy/ptII/ptolemy/domains/modal/test/auto/ForbiddenInstantanousLoop.xml
5 ms. Memory: 578560K Free: 486211K (84%)
----------------- Invoking toplevel() on ptolemy.moml.MoMLSimpleApplication@1d2a0c8
----------------- Done invoking toplevel() on ptolemy.moml.MoMLSimpleApplication@1d2a0c8
reloadAllAccessors: .ForbiddenInstantanousLoop
----------------- testing Thu May 31 00:45:02 UTC 2018 /home/travis/build/icyphy/ptII/ptolemy/domains/modal/test/auto/FunctionDependencyOfFSMActorTest.xml
----------------- Instantiating /home/travis/build/icyphy/ptII/ptolemy/domains/modal/test/auto/FunctionDependencyOfFSMActorTest.xml
12 ms. Memory: 578560K Free: 476681K (82%)
----------------- Invoking toplevel() on ptolemy.moml.MoMLSimpleApplication@7382244c
----------------- Done invoking toplevel() on ptolemy.moml.MoMLSimpleApplication@7382244c
reloadAllAccessors: .FunctionDependencyOfFSMActorTest
----------------- testing Thu May 31 00:45:03 UTC 2018 /home/travis/build/icyphy/ptII/ptolemy/domains/modal/test/auto/GuardExpression.xml
----------------- Instantiating /home/travis/build/icyphy/ptII/ptolemy/domains/modal/test/auto/GuardExpression.xml
2 ms. Memory: 578560K Free: 469346K (81%)
----------------- Invoking toplevel() on ptolemy.moml.MoMLSimpleApplication@77b5fb64
----------------- Done invoking toplevel() on ptolemy.moml.MoMLSimpleApplication@77b5fb64
reloadAllAccessors: .GuardExpression
----------------- testing Thu May 31 00:45:03 UTC 2018 /home/travis/build/icyphy/ptII/ptolemy/domains/modal/test/auto/GuardNotEvaluated.xml
----------------- Instantiating /home/travis/build/icyphy/ptII/ptolemy/domains/modal/test/auto/GuardNotEvaluated.xml
10 ms. Memory: 578560K Free: 457102K (79%)
----------------- Invoking toplevel() on ptolemy.moml.MoMLSimpleApplication@2be4c02d
----------------- Done invoking toplevel() on ptolemy.moml.MoMLSimpleApplication@2be4c02d
reloadAllAccessors: .GuardNotEvaluated
----------------- testing Thu May 31 00:45:03 UTC 2018 /home/travis/build/icyphy/ptII/ptolemy/domains/modal/test/auto/GuardNotEvaluated2.xml
----------------- Instantiating /home/travis/build/icyphy/ptII/ptolemy/domains/modal/test/auto/GuardNotEvaluated2.xml
8 ms. Memory: 578560K Free: 445138K (77%)
----------------- Invoking toplevel() on ptolemy.moml.MoMLSimpleApplication@4dbd59dd
----------------- Done invoking toplevel() on ptolemy.moml.MoMLSimpleApplication@4dbd59dd
reloadAllAccessors: .GuardNotEvaluated2
----------------- testing Thu May 31 00:45:03 UTC 2018 /home/travis/build/icyphy/ptII/ptolemy/domains/modal/test/auto/GuardOnAbsent.xml
----------------- Instantiating /home/travis/build/icyphy/ptII/ptolemy/domains/modal/test/auto/GuardOnAbsent.xml
11 ms. Memory: 578560K Free: 435337K (75%)
----------------- Invoking toplevel() on ptolemy.moml.MoMLSimpleApplication@65655656
----------------- Done invoking toplevel() on ptolemy.moml.MoMLSimpleApplication@65655656
reloadAllAccessors: .GuardOnAbsent
----------------- testing Thu May 31 00:45:03 UTC 2018 /home/travis/build/icyphy/ptII/ptolemy/domains/modal/test/auto/HierarchicalFSMTypeInference.xml
----------------- Instantiating /home/travis/build/icyphy/ptII/ptolemy/domains/modal/test/auto/HierarchicalFSMTypeInference.xml
4 ms. Memory: 578560K Free: 420651K (73%)
----------------- Invoking toplevel() on ptolemy.moml.MoMLSimpleApplication@6a6c7e77
----------------- Done invoking toplevel() on ptolemy.moml.MoMLSimpleApplication@6a6c7e77
reloadAllAccessors: .HierarchicalFSMTypeInference
----------------- testing Thu May 31 00:45:03 UTC 2018 /home/travis/build/icyphy/ptII/ptolemy/domains/modal/test/auto/Hysteresis.xml
----------------- Instantiating /home/travis/build/icyphy/ptII/ptolemy/domains/modal/test/auto/Hysteresis.xml
9 ms. Memory: 578560K Free: 401327K (69%)
----------------- Invoking toplevel() on ptolemy.moml.MoMLSimpleApplication@18fe78cd
----------------- Done invoking toplevel() on ptolemy.moml.MoMLSimpleApplication@18fe78cd
reloadAllAccessors: .Hysteresis
----------------- testing Thu May 31 00:45:03 UTC 2018 /home/travis/build/icyphy/ptII/ptolemy/domains/modal/test/auto/HysteresisWithDefault.xml
----------------- Instantiating /home/travis/build/icyphy/ptII/ptolemy/domains/modal/test/auto/HysteresisWithDefault.xml
41 ms. Memory: 578560K Free: 374398K (65%)
----------------- Invoking toplevel() on ptolemy.moml.MoMLSimpleApplication@46e06293
----------------- Done invoking toplevel() on ptolemy.moml.MoMLSimpleApplication@46e06293
reloadAllAccessors: .HysteresisWithDefault
----------------- testing Thu May 31 00:45:03 UTC 2018 /home/travis/build/icyphy/ptII/ptolemy/domains/modal/test/auto/HysteresisWithDefault2.xml
----------------- Instantiating /home/travis/build/icyphy/ptII/ptolemy/domains/modal/test/auto/HysteresisWithDefault2.xml
78 ms. Memory: 578560K Free: 340349K (59%)
----------------- Invoking toplevel() on ptolemy.moml.MoMLSimpleApplication@50c584f7
----------------- Done invoking toplevel() on ptolemy.moml.MoMLSimpleApplication@50c584f7
reloadAllAccessors: .HysteresisWithDefault2
----------------- testing Thu May 31 00:45:03 UTC 2018 /home/travis/build/icyphy/ptII/ptolemy/domains/modal/test/auto/ImmediateNonConstructiveness.xml
----------------- Instantiating /home/travis/build/icyphy/ptII/ptolemy/domains/modal/test/auto/ImmediateNonConstructiveness.xml
4 ms. Memory: 578560K Free: 330564K (57%)
----------------- Invoking toplevel() on ptolemy.moml.MoMLSimpleApplication@7e3979c
----------------- Done invoking toplevel() on ptolemy.moml.MoMLSimpleApplication@7e3979c
reloadAllAccessors: .ImmediateNonConstructiveness
----------------- testing Thu May 31 00:45:03 UTC 2018 /home/travis/build/icyphy/ptII/ptolemy/domains/modal/test/auto/ImmediateNonConstructiveness2.xml
----------------- Instantiating /home/travis/build/icyphy/ptII/ptolemy/domains/modal/test/auto/ImmediateNonConstructiveness2.xml
2 ms. Memory: 578560K Free: 320779K (55%)
----------------- Invoking toplevel() on ptolemy.moml.MoMLSimpleApplication@54c323ac
----------------- Done invoking toplevel() on ptolemy.moml.MoMLSimpleApplication@54c323ac
reloadAllAccessors: .ImmediateNonConstructiveness2
----------------- testing Thu May 31 00:45:03 UTC 2018 /home/travis/build/icyphy/ptII/ptolemy/domains/modal/test/auto/ImmediateTransitionReset.xml
----------------- Instantiating /home/travis/build/icyphy/ptII/ptolemy/domains/modal/test/auto/ImmediateTransitionReset.xml
6 ms. Memory: 578560K Free: 303890K (53%)
----------------- Invoking toplevel() on ptolemy.moml.MoMLSimpleApplication@5cd5d3a9
----------------- Done invoking toplevel() on ptolemy.moml.MoMLSimpleApplication@5cd5d3a9
reloadAllAccessors: .ImmediateTransitionReset
----------------- testing Thu May 31 00:45:03 UTC 2018 /home/travis/build/icyphy/ptII/ptolemy/domains/modal/test/auto/ImmediateTransitions1.xml
----------------- Instantiating /home/travis/build/icyphy/ptII/ptolemy/domains/modal/test/auto/ImmediateTransitions1.xml
1 ms. Memory: 578560K Free: 296563K (51%)
----------------- Invoking toplevel() on ptolemy.moml.MoMLSimpleApplication@2819dddc
----------------- Done invoking toplevel() on ptolemy.moml.MoMLSimpleApplication@2819dddc
reloadAllAccessors: .ImmediateTransitions1
----------------- testing Thu May 31 00:45:03 UTC 2018 /home/travis/build/icyphy/ptII/ptolemy/domains/modal/test/auto/ImmediateTransitionsInstantaneousCommunication.xml
----------------- Instantiating /home/travis/build/icyphy/ptII/ptolemy/domains/modal/test/auto/ImmediateTransitionsInstantaneousCommunication.xml
4 ms. Memory: 578560K Free: 281902K (49%)
----------------- Invoking toplevel() on ptolemy.moml.MoMLSimpleApplication@7781875b
----------------- Done invoking toplevel() on ptolemy.moml.MoMLSimpleApplication@7781875b
reloadAllAccessors: .ImmediateTransitionsInstantaneousCommunication
----------------- testing Thu May 31 00:45:03 UTC 2018 /home/travis/build/icyphy/ptII/ptolemy/domains/modal/test/auto/InitialImmediateTransition.xml
----------------- Instantiating /home/travis/build/icyphy/ptII/ptolemy/domains/modal/test/auto/InitialImmediateTransition.xml
6 ms. Memory: 578560K Free: 269937K (47%)
----------------- Invoking toplevel() on ptolemy.moml.MoMLSimpleApplication@7e8f810a
----------------- Done invoking toplevel() on ptolemy.moml.MoMLSimpleApplication@7e8f810a
reloadAllAccessors: .InitialImmediateTransition
----------------- testing Thu May 31 00:45:03 UTC 2018 /home/travis/build/icyphy/ptII/ptolemy/domains/modal/test/auto/InitialOutputs.xml
----------------- Instantiating /home/travis/build/icyphy/ptII/ptolemy/domains/modal/test/auto/InitialOutputs.xml
4 ms. Memory: 578560K Free: 260160K (45%)
----------------- Invoking toplevel() on ptolemy.moml.MoMLSimpleApplication@7598c46e
----------------- Done invoking toplevel() on ptolemy.moml.MoMLSimpleApplication@7598c46e
reloadAllAccessors: .InitialOutputs
----------------- testing Thu May 31 00:45:03 UTC 2018 /home/travis/build/icyphy/ptII/ptolemy/domains/modal/test/auto/InitialStateTransition1.xml
----------------- Instantiating /home/travis/build/icyphy/ptII/ptolemy/domains/modal/test/auto/InitialStateTransition1.xml
3 ms. Memory: 578560K Free: 250375K (43%)
----------------- Invoking toplevel() on ptolemy.moml.MoMLSimpleApplication@155738a1
----------------- Done invoking toplevel() on ptolemy.moml.MoMLSimpleApplication@155738a1
reloadAllAccessors: .InitialStateTransition1
----------------- testing Thu May 31 00:45:03 UTC 2018 /home/travis/build/icyphy/ptII/ptolemy/domains/modal/test/auto/InitialStateTransition2.xml
----------------- Instantiating /home/travis/build/icyphy/ptII/ptolemy/domains/modal/test/auto/InitialStateTransition2.xml
.InitialStateTransition2.TestExceptionAttributeNonConstructive: initialize() was not invoked, but wrapup() was.  This is unusual, but not always a problem.  For example, exporting JNLP will do this.
1 ms. Memory: 578560K Free: 235968K (41%)
----------------- Invoking toplevel() on ptolemy.moml.MoMLSimpleApplication@781d5443
----------------- Done invoking toplevel() on ptolemy.moml.MoMLSimpleApplication@781d5443
reloadAllAccessors: .InitialStateTransition2
----------------- testing Thu May 31 00:45:03 UTC 2018 /home/travis/build/icyphy/ptII/ptolemy/domains/modal/test/auto/InitialStateTransition3.xml
----------------- Instantiating /home/travis/build/icyphy/ptII/ptolemy/domains/modal/test/auto/InitialStateTransition3.xml
5 ms. Memory: 578560K Free: 223748K (39%)
----------------- Invoking toplevel() on ptolemy.moml.MoMLSimpleApplication@45db09f9
----------------- Done invoking toplevel() on ptolemy.moml.MoMLSimpleApplication@45db09f9
reloadAllAccessors: .InitialStateTransition3
----------------- testing Thu May 31 00:45:03 UTC 2018 /home/travis/build/icyphy/ptII/ptolemy/domains/modal/test/auto/InitialStateTransition4.xml
----------------- Instantiating /home/travis/build/icyphy/ptII/ptolemy/domains/modal/test/auto/InitialStateTransition4.xml
4 ms. Memory: 578560K Free: 209326K (36%)
----------------- Invoking toplevel() on ptolemy.moml.MoMLSimpleApplication@235747e1
----------------- Done invoking toplevel() on ptolemy.moml.MoMLSimpleApplication@235747e1
reloadAllAccessors: .InitialStateTransition4
----------------- testing Thu May 31 00:45:03 UTC 2018 /home/travis/build/icyphy/ptII/ptolemy/domains/modal/test/auto/MalformedGuardExpressionNotCaught.xml
----------------- Instantiating /home/travis/build/icyphy/ptII/ptolemy/domains/modal/test/auto/MalformedGuardExpressionNotCaught.xml
3 ms. Memory: 578560K Free: 199540K (34%)
----------------- Invoking toplevel() on ptolemy.moml.MoMLSimpleApplication@3ce45741
----------------- Done invoking toplevel() on ptolemy.moml.MoMLSimpleApplication@3ce45741
reloadAllAccessors: .MalformedGuardExpressionNotCaught
----------------- testing Thu May 31 00:45:03 UTC 2018 /home/travis/build/icyphy/ptII/ptolemy/domains/modal/test/auto/ModalBSC.xml
----------------- Instantiating /home/travis/build/icyphy/ptII/ptolemy/domains/modal/test/auto/ModalBSC.xml
57 ms. Memory: 578560K Free: 167687K (29%)
----------------- Invoking toplevel() on ptolemy.moml.MoMLSimpleApplication@71756c22
----------------- Done invoking toplevel() on ptolemy.moml.MoMLSimpleApplication@71756c22
reloadAllAccessors: .ModalBSC
----------------- testing Thu May 31 00:45:03 UTC 2018 /home/travis/build/icyphy/ptII/ptolemy/domains/modal/test/auto/ModalClocks.xml
----------------- Instantiating /home/travis/build/icyphy/ptII/ptolemy/domains/modal/test/auto/ModalClocks.xml
47 ms. Memory: 578560K Free: 138578K (24%)
----------------- Invoking toplevel() on ptolemy.moml.MoMLSimpleApplication@4299b285
----------------- Done invoking toplevel() on ptolemy.moml.MoMLSimpleApplication@4299b285
reloadAllAccessors: .ModalClocks
----------------- testing Thu May 31 00:45:04 UTC 2018 /home/travis/build/icyphy/ptII/ptolemy/domains/modal/test/auto/ModalDelay.xml
----------------- Instantiating /home/travis/build/icyphy/ptII/ptolemy/domains/modal/test/auto/ModalDelay.xml
16 ms. Memory: 578560K Free: 121450K (21%)
----------------- Invoking toplevel() on ptolemy.moml.MoMLSimpleApplication@1c94efb6
----------------- Done invoking toplevel() on ptolemy.moml.MoMLSimpleApplication@1c94efb6
reloadAllAccessors: .ModalDelay
----------------- testing Thu May 31 00:45:04 UTC 2018 /home/travis/build/icyphy/ptII/ptolemy/domains/modal/test/auto/ModalDelay2.xml
----------------- Instantiating /home/travis/build/icyphy/ptII/ptolemy/domains/modal/test/auto/ModalDelay2.xml
15 ms. Memory: 578560K Free: 104306K (18%)
----------------- Invoking toplevel() on ptolemy.moml.MoMLSimpleApplication@6625c5bb
----------------- Done invoking toplevel() on ptolemy.moml.MoMLSimpleApplication@6625c5bb
reloadAllAccessors: .ModalDelay2
----------------- testing Thu May 31 00:45:04 UTC 2018 /home/travis/build/icyphy/ptII/ptolemy/domains/modal/test/auto/ModalModelFromMemo.xml
----------------- Instantiating /home/travis/build/icyphy/ptII/ptolemy/domains/modal/test/auto/ModalModelFromMemo.xml
31 ms. Memory: 871936K Free: 858625K (98%)
----------------- Invoking toplevel() on ptolemy.moml.MoMLSimpleApplication@151d67f
----------------- Done invoking toplevel() on ptolemy.moml.MoMLSimpleApplication@151d67f
reloadAllAccessors: .ModalModelFromMemo
----------------- testing Thu May 31 00:45:04 UTC 2018 /home/travis/build/icyphy/ptII/ptolemy/domains/modal/test/auto/ModalModelWithMultirateTransient.xml
----------------- Instantiating /home/travis/build/icyphy/ptII/ptolemy/domains/modal/test/auto/ModalModelWithMultirateTransient.xml
18 ms. Memory: 871936K Free: 834295K (96%)
----------------- Invoking toplevel() on ptolemy.moml.MoMLSimpleApplication@14ac70a
----------------- Done invoking toplevel() on ptolemy.moml.MoMLSimpleApplication@14ac70a
reloadAllAccessors: .ModalModelWithMultirateTransient
----------------- testing Thu May 31 00:45:04 UTC 2018 /home/travis/build/icyphy/ptII/ptolemy/domains/modal/test/auto/ModalModelWithReset.xml
----------------- Instantiating /home/travis/build/icyphy/ptII/ptolemy/domains/modal/test/auto/ModalModelWithReset.xml
20 ms. Memory: 871936K Free: 814749K (93%)
----------------- Invoking toplevel() on ptolemy.moml.MoMLSimpleApplication@27c64aee
----------------- Done invoking toplevel() on ptolemy.moml.MoMLSimpleApplication@27c64aee
reloadAllAccessors: .ModalModelWithReset
----------------- testing Thu May 31 00:45:04 UTC 2018 /home/travis/build/icyphy/ptII/ptolemy/domains/modal/test/auto/MouseClickFSM.xml
----------------- Instantiating /home/travis/build/icyphy/ptII/ptolemy/domains/modal/test/auto/MouseClickFSM.xml
28 ms. Memory: 871936K Free: 795187K (91%)
----------------- Invoking toplevel() on ptolemy.moml.MoMLSimpleApplication@111e1a42
----------------- Done invoking toplevel() on ptolemy.moml.MoMLSimpleApplication@111e1a42
reloadAllAccessors: .MouseClickFSM
----------------- testing Thu May 31 00:45:04 UTC 2018 /home/travis/build/icyphy/ptII/ptolemy/domains/modal/test/auto/MouseClickFSMModal.xml
----------------- Instantiating /home/travis/build/icyphy/ptII/ptolemy/domains/modal/test/auto/MouseClickFSMModal.xml
12 ms. Memory: 871936K Free: 773029K (89%)
----------------- Invoking toplevel() on ptolemy.moml.MoMLSimpleApplication@2c02c0f6
----------------- Done invoking toplevel() on ptolemy.moml.MoMLSimpleApplication@2c02c0f6
reloadAllAccessors: .MouseClickFSMModal
----------------- testing Thu May 31 00:45:04 UTC 2018 /home/travis/build/icyphy/ptII/ptolemy/domains/modal/test/auto/NonStrictFSM_FeedbackLoop.xml
----------------- Instantiating /home/travis/build/icyphy/ptII/ptolemy/domains/modal/test/auto/NonStrictFSM_FeedbackLoop.xml
22 ms. Memory: 871936K Free: 745649K (86%)
----------------- Invoking toplevel() on ptolemy.moml.MoMLSimpleApplication@1f83a595
----------------- Done invoking toplevel() on ptolemy.moml.MoMLSimpleApplication@1f83a595
reloadAllAccessors: .NonStrictFSM_FeedbackLoop
----------------- testing Thu May 31 00:45:04 UTC 2018 /home/travis/build/icyphy/ptII/ptolemy/domains/modal/test/auto/NonStrictFSM_FeedbackLoop_Refinement.xml
----------------- Instantiating /home/travis/build/icyphy/ptII/ptolemy/domains/modal/test/auto/NonStrictFSM_FeedbackLoop_Refinement.xml
54 ms. Memory: 871936K Free: 714360K (82%)
----------------- Invoking toplevel() on ptolemy.moml.MoMLSimpleApplication@111785cf
----------------- Done invoking toplevel() on ptolemy.moml.MoMLSimpleApplication@111785cf
reloadAllAccessors: .NonStrictFSM_FeedbackLoop_Refinement
----------------- testing Thu May 31 00:45:04 UTC 2018 /home/travis/build/icyphy/ptII/ptolemy/domains/modal/test/auto/NonStrictFSM_FeedbackLoop_preemptive.xml
----------------- Instantiating /home/travis/build/icyphy/ptII/ptolemy/domains/modal/test/auto/NonStrictFSM_FeedbackLoop_preemptive.xml
13 ms. Memory: 871936K Free: 680482K (78%)
----------------- Invoking toplevel() on ptolemy.moml.MoMLSimpleApplication@1409de58
----------------- Done invoking toplevel() on ptolemy.moml.MoMLSimpleApplication@1409de58
reloadAllAccessors: .NonStrictFSM_FeedbackLoop_preemptive
----------------- testing Thu May 31 00:45:04 UTC 2018 /home/travis/build/icyphy/ptII/ptolemy/domains/modal/test/auto/NormalTermination.xml
----------------- Instantiating /home/travis/build/icyphy/ptII/ptolemy/domains/modal/test/auto/NormalTermination.xml
4 ms. Memory: 871936K Free: 657020K (75%)
----------------- Invoking toplevel() on ptolemy.moml.MoMLSimpleApplication@d33e1e2
----------------- Done invoking toplevel() on ptolemy.moml.MoMLSimpleApplication@d33e1e2
reloadAllAccessors: .NormalTermination
----------------- testing Thu May 31 00:45:04 UTC 2018 /home/travis/build/icyphy/ptII/ptolemy/domains/modal/test/auto/Pong.xml
----------------- Instantiating /home/travis/build/icyphy/ptII/ptolemy/domains/modal/test/auto/Pong.xml
44 ms. Memory: 871936K Free: 633533K (73%)
----------------- Invoking toplevel() on ptolemy.moml.MoMLSimpleApplication@6ae1ee4f
----------------- Done invoking toplevel() on ptolemy.moml.MoMLSimpleApplication@6ae1ee4f
reloadAllAccessors: .Pong
[...]
2 ms. Memory: 871936K Free: 250056K (29%)
----------------- Invoking toplevel() on ptolemy.moml.MoMLSimpleApplication@427c98a5
----------------- Done invoking toplevel() on ptolemy.moml.MoMLSimpleApplication@427c98a5
reloadAllAccessors: .StrongImmediateTransition
----------------- testing Thu May 31 00:45:05 UTC 2018 /home/travis/build/icyphy/ptII/ptolemy/domains/modal/test/auto/SustainHierarchy.xml
----------------- Instantiating /home/travis/build/icyphy/ptII/ptolemy/domains/modal/test/auto/SustainHierarchy.xml
4 ms. Memory: 871936K Free: 234411K (27%)
----------------- Invoking toplevel() on ptolemy.moml.MoMLSimpleApplication@26ef5454
----------------- Done invoking toplevel() on ptolemy.moml.MoMLSimpleApplication@26ef5454
reloadAllAccessors: .SustainHierarchy
----------------- testing Thu May 31 00:45:05 UTC 2018 /home/travis/build/icyphy/ptII/ptolemy/domains/modal/test/auto/TerminationTransition1.xml
----------------- Instantiating /home/travis/build/icyphy/ptII/ptolemy/domains/modal/test/auto/TerminationTransition1.xml
3 ms. Memory: 871936K Free: 216163K (25%)
----------------- Invoking toplevel() on ptolemy.moml.MoMLSimpleApplication@133f224a
----------------- Done invoking toplevel() on ptolemy.moml.MoMLSimpleApplication@133f224a
reloadAllAccessors: .TerminationTransition1
----------------- testing Thu May 31 00:45:05 UTC 2018 /home/travis/build/icyphy/ptII/ptolemy/domains/modal/test/auto/TerminationTransition2.xml
----------------- Instantiating /home/travis/build/icyphy/ptII/ptolemy/domains/modal/test/auto/TerminationTransition2.xml
8 ms. Memory: 871936K Free: 200510K (23%)
----------------- Invoking toplevel() on ptolemy.moml.MoMLSimpleApplication@765e572c
----------------- Done invoking toplevel() on ptolemy.moml.MoMLSimpleApplication@765e572c
reloadAllAccessors: .TerminationTransition2
----------------- testing Thu May 31 00:45:06 UTC 2018 /home/travis/build/icyphy/ptII/ptolemy/domains/modal/test/auto/TerminationTransition3.xml
----------------- Instantiating /home/travis/build/icyphy/ptII/ptolemy/domains/modal/test/auto/TerminationTransition3.xml
11 ms. Memory: 871936K Free: 184857K (21%)
----------------- Invoking toplevel() on ptolemy.moml.MoMLSimpleApplication@3d2062e2
----------------- Done invoking toplevel() on ptolemy.moml.MoMLSimpleApplication@3d2062e2
reloadAllAccessors: .TerminationTransition3
----------------- testing Thu May 31 00:45:06 UTC 2018 /home/travis/build/icyphy/ptII/ptolemy/domains/modal/test/auto/TerminationTransition4.xml
----------------- Instantiating /home/travis/build/icyphy/ptII/ptolemy/domains/modal/test/auto/TerminationTransition4.xml
2 ms. Memory: 871936K Free: 162731K (19%)
----------------- Invoking toplevel() on ptolemy.moml.MoMLSimpleApplication@51f2c7d4
----------------- Done invoking toplevel() on ptolemy.moml.MoMLSimpleApplication@51f2c7d4
reloadAllAccessors: .TerminationTransition4
----------------- testing Thu May 31 00:45:06 UTC 2018 /home/travis/build/icyphy/ptII/ptolemy/domains/modal/test/auto/TerminationTransition5.xml
----------------- Instantiating /home/travis/build/icyphy/ptII/ptolemy/domains/modal/test/auto/TerminationTransition5.xml
3 ms. Memory: 871936K Free: 143153K (16%)
----------------- Invoking toplevel() on ptolemy.moml.MoMLSimpleApplication@7d449549
----------------- Done invoking toplevel() on ptolemy.moml.MoMLSimpleApplication@7d449549
reloadAllAccessors: .TerminationTransition5
----------------- testing Thu May 31 00:45:06 UTC 2018 /home/travis/build/icyphy/ptII/ptolemy/domains/modal/test/auto/TerminationTransition6.xml
----------------- Instantiating /home/travis/build/icyphy/ptII/ptolemy/domains/modal/test/auto/TerminationTransition6.xml
2 ms. Memory: 871936K Free: 127493K (15%)
----------------- Invoking toplevel() on ptolemy.moml.MoMLSimpleApplication@610dfd42
----------------- Done invoking toplevel() on ptolemy.moml.MoMLSimpleApplication@610dfd42
reloadAllAccessors: .TerminationTransition6
----------------- testing Thu May 31 00:45:06 UTC 2018 /home/travis/build/icyphy/ptII/ptolemy/domains/modal/test/auto/TerminationTransition7.xml
----------------- Instantiating /home/travis/build/icyphy/ptII/ptolemy/domains/modal/test/auto/TerminationTransition7.xml
3 ms. Memory: 871936K Free: 109260K (13%)
----------------- Invoking toplevel() on ptolemy.moml.MoMLSimpleApplication@2d1e10c4
----------------- Done invoking toplevel() on ptolemy.moml.MoMLSimpleApplication@2d1e10c4
reloadAllAccessors: .TerminationTransition7
----------------- testing Thu May 31 00:45:06 UTC 2018 /home/travis/build/icyphy/ptII/ptolemy/domains/modal/test/auto/TerminationTransition8.xml
----------------- Instantiating /home/travis/build/icyphy/ptII/ptolemy/domains/modal/test/auto/TerminationTransition8.xml
3 ms. Memory: 871936K Free: 93607K (11%)
----------------- Invoking toplevel() on ptolemy.moml.MoMLSimpleApplication@78df809d
----------------- Done invoking toplevel() on ptolemy.moml.MoMLSimpleApplication@78df809d
reloadAllAccessors: .TerminationTransition8
----------------- testing Thu May 31 00:45:06 UTC 2018 /home/travis/build/icyphy/ptII/ptolemy/domains/modal/test/auto/Thermostat_NoHysteresis.xml
----------------- Instantiating /home/travis/build/icyphy/ptII/ptolemy/domains/modal/test/auto/Thermostat_NoHysteresis.xml
39 ms. Memory: 826368K Free: 801524K (97%)
----------------- Invoking toplevel() on ptolemy.moml.MoMLSimpleApplication@3623c844
----------------- Done invoking toplevel() on ptolemy.moml.MoMLSimpleApplication@3623c844
reloadAllAccessors: .Thermostat_NoHysteresis
----------------- testing Thu May 31 00:45:06 UTC 2018 /home/travis/build/icyphy/ptII/ptolemy/domains/modal/test/auto/TimedFSM.xml
----------------- Instantiating /home/travis/build/icyphy/ptII/ptolemy/domains/modal/test/auto/TimedFSM.xml
9 ms. Memory: 826368K Free: 782863K (95%)
----------------- Invoking toplevel() on ptolemy.moml.MoMLSimpleApplication@117785ed
----------------- Done invoking toplevel() on ptolemy.moml.MoMLSimpleApplication@117785ed
reloadAllAccessors: .TimedFSM
----------------- testing Thu May 31 00:45:06 UTC 2018 /home/travis/build/icyphy/ptII/ptolemy/domains/modal/test/auto/Timeout1.xml
----------------- Instantiating /home/travis/build/icyphy/ptII/ptolemy/domains/modal/test/auto/Timeout1.xml
3 ms. Memory: 826368K Free: 771696K (93%)
----------------- Invoking toplevel() on ptolemy.moml.MoMLSimpleApplication@742a0b19
----------------- Done invoking toplevel() on ptolemy.moml.MoMLSimpleApplication@742a0b19
reloadAllAccessors: .Timeout1
----------------- testing Thu May 31 00:45:06 UTC 2018 /home/travis/build/icyphy/ptII/ptolemy/domains/modal/test/auto/Timeout2.xml
----------------- Instantiating /home/travis/build/icyphy/ptII/ptolemy/domains/modal/test/auto/Timeout2.xml
7 ms. Memory: 826368K Free: 758723K (92%)
----------------- Invoking toplevel() on ptolemy.moml.MoMLSimpleApplication@17b18ac4
----------------- Done invoking toplevel() on ptolemy.moml.MoMLSimpleApplication@17b18ac4
reloadAllAccessors: .Timeout2
----------------- testing Thu May 31 00:45:06 UTC 2018 /home/travis/build/icyphy/ptII/ptolemy/domains/modal/test/auto/Timeout3.xml
----------------- Instantiating /home/travis/build/icyphy/ptII/ptolemy/domains/modal/test/auto/Timeout3.xml
2 ms. Memory: 826368K Free: 751278K (91%)
----------------- Invoking toplevel() on ptolemy.moml.MoMLSimpleApplication@6c604fc5
----------------- Done invoking toplevel() on ptolemy.moml.MoMLSimpleApplication@6c604fc5
reloadAllAccessors: .Timeout3
----------------- testing Thu May 31 00:45:06 UTC 2018 /home/travis/build/icyphy/ptII/ptolemy/domains/modal/test/auto/Timeout4.xml
----------------- Instantiating /home/travis/build/icyphy/ptII/ptolemy/domains/modal/test/auto/Timeout4.xml
2 ms. Memory: 826368K Free: 738321K (89%)
----------------- Invoking toplevel() on ptolemy.moml.MoMLSimpleApplication@4a959245
----------------- Done invoking toplevel() on ptolemy.moml.MoMLSimpleApplication@4a959245
reloadAllAccessors: .Timeout4
----------------- testing Thu May 31 00:45:06 UTC 2018 /home/travis/build/icyphy/ptII/ptolemy/domains/modal/test/auto/TransientstateModelAdvanced.xml
----------------- Instantiating /home/travis/build/icyphy/ptII/ptolemy/domains/modal/test/auto/TransientstateModelAdvanced.xml
4 ms. Memory: 826368K Free: 719677K (87%)
----------------- Invoking toplevel() on ptolemy.moml.MoMLSimpleApplication@22b8c6ce
----------------- Done invoking toplevel() on ptolemy.moml.MoMLSimpleApplication@22b8c6ce
reloadAllAccessors: .TransientstateModelAdvanced
----------------- testing Thu May 31 00:45:06 UTC 2018 /home/travis/build/icyphy/ptII/ptolemy/domains/modal/test/auto/TransientstateModelAdvanced2.xml
----------------- Instantiating /home/travis/build/icyphy/ptII/ptolemy/domains/modal/test/auto/TransientstateModelAdvanced2.xml
3 ms. Memory: 826368K Free: 699243K (85%)
----------------- Invoking toplevel() on ptolemy.moml.MoMLSimpleApplication@f4d5fcb
----------------- Done invoking toplevel() on ptolemy.moml.MoMLSimpleApplication@f4d5fcb
reloadAllAccessors: .transientstatemodelAdvanced
----------------- testing Thu May 31 00:45:06 UTC 2018 /home/travis/build/icyphy/ptII/ptolemy/domains/modal/test/auto/TransitionRefinements.xml
----------------- Instantiating /home/travis/build/icyphy/ptII/ptolemy/domains/modal/test/auto/TransitionRefinements.xml
12 ms. Memory: 826368K Free: 684322K (83%)
----------------- Invoking toplevel() on ptolemy.moml.MoMLSimpleApplication@2b66fd1a
----------------- Done invoking toplevel() on ptolemy.moml.MoMLSimpleApplication@2b66fd1a
reloadAllAccessors: .TransitionRefinements
----------------- testing Thu May 31 00:45:06 UTC 2018 /home/travis/build/icyphy/ptII/ptolemy/domains/modal/test/auto/TwoRefinements1.xml
----------------- Instantiating /home/travis/build/icyphy/ptII/ptolemy/domains/modal/test/auto/TwoRefinements1.xml
3 ms. Memory: 826368K Free: 667626K (81%)
----------------- Invoking toplevel() on ptolemy.moml.MoMLSimpleApplication@71089c27
----------------- Done invoking toplevel() on ptolemy.moml.MoMLSimpleApplication@71089c27
reloadAllAccessors: .TwoRefinements1
----------------- testing Thu May 31 00:45:06 UTC 2018 /home/travis/build/icyphy/ptII/ptolemy/domains/modal/test/auto/TwoRefinements2.xml
----------------- Instantiating /home/travis/build/icyphy/ptII/ptolemy/domains/modal/test/auto/TwoRefinements2.xml
2 ms. Memory: 826368K Free: 652721K (79%)
----------------- Invoking toplevel() on ptolemy.moml.MoMLSimpleApplication@2491a9d
----------------- Done invoking toplevel() on ptolemy.moml.MoMLSimpleApplication@2491a9d
reloadAllAccessors: .TwoRefinements2
----------------- testing Thu May 31 00:45:06 UTC 2018 /home/travis/build/icyphy/ptII/ptolemy/domains/modal/test/auto/WeakImmediateTransition.xml
----------------- Instantiating /home/travis/build/icyphy/ptII/ptolemy/domains/modal/test/auto/WeakImmediateTransition.xml
2 ms. Memory: 826368K Free: 636025K (77%)
----------------- Invoking toplevel() on ptolemy.moml.MoMLSimpleApplication@65770fbe
----------------- Done invoking toplevel() on ptolemy.moml.MoMLSimpleApplication@65770fbe
reloadAllAccessors: .WeakImmediateTransition
----------------- testing Thu May 31 00:45:06 UTC 2018 /home/travis/build/icyphy/ptII/ptolemy/domains/modal/test/auto/booleanSelect.xml
----------------- Instantiating /home/travis/build/icyphy/ptII/ptolemy/domains/modal/test/auto/booleanSelect.xml
29 ms. Memory: 826368K Free: 613643K (74%)
----------------- Invoking toplevel() on ptolemy.moml.MoMLSimpleApplication@31ee5f90
----------------- Done invoking toplevel() on ptolemy.moml.MoMLSimpleApplication@31ee5f90
reloadAllAccessors: .booleanSelect
----------------- testing Thu May 31 00:45:06 UTC 2018 /home/travis/build/icyphy/ptII/ptolemy/domains/modal/test/auto/modalChangingParams.xml
----------------- Instantiating /home/travis/build/icyphy/ptII/ptolemy/domains/modal/test/auto/modalChangingParams.xml
0
1
0
2
4
6
8
7
0
2
4
6
8
13
0
2
4
6
8
19
0
2
4
6
8
25
0
2
4
6
8
31
0
2
4
6
8
37
0
2
4
6
8
43
0
2
4
6
8
49
0
2
4
6
8
55
0
2
4
6
8
61
0
2
4
6
8
67
0
2
4
6
8
73
0
2
4
6
8
79
0
2
4
6
8
85
0
2
4
6
8
91
0
2
4
6
8
97
0
2
4
6
8
103
0
2
4
6
8
109
0
2
4
6
8
115
0
2
4
6
8
121
0
2
4
6
8
127
0
2
4
6
8
133
0
2
4
6
8
139
0
2
4
6
8
145
0
2
4
6
8
151
0
2
4
6
8
157
0
2
4
6
8
163
0
2
4
6
8
169
0
2
4
6
8
175
0
2
4
6
8
181
0
2
4
6
8
187
0
2
4
6
8
193
0
2
4
6
8
199
0
2
4
6
8
205
0
2
4
6
8
211
0
2
4
6
8
217
0
2
4
6
8
223
0
2
4
6
8
229
0
2
4
6
8
235
0
2
4
6
8
241
0
2
4
6
8
247
0
2
4
6
8
253
0
2
4
6
8
259
0
2
4
6
8
265
0
2
4
6
8
271
0
2
4
6
8
277
0
2
4
6
8
283
0
2
4
6
8
289
0
2
4
6
8
295
0
2
4
6
8
301
0
2
4
6
8
307
0
2
4
6
8
313
0
2
4
6
8
319
0
2
4
6
8
325
0
2
4
6
8
331
0
2
4
6
8
337
0
2
4
6
8
343
0
2
4
6
8
349
0
2
4
6
8
355
0
2
4
6
8
361
0
2
4
6
8
367
0
2
4
6
8
373
0
2
4
6
8
379
0
2
4
6
8
385
0
2
4
6
8
391
0
2
4
6
8
397
0
2
4
6
8
403
0
2
4
6
8
409
0
2
4
6
8
415
0
2
4
6
8
421
0
2
4
6
8
427
0
2
4
6
8
433
0
2
4
6
8
439
0
2
4
6
8
445
0
2
4
6
8
451
0
2
4
6
8
457
0
2
4
6
8
463
0
2
4
6
8
469
0
2
4
6
8
475
0
2
4
6
8
481
0
2
4
6
8
487
0
2
4
6
8
493
0
2
4
6
8
499
0
2
4
6
8
505
0
2
4
6
8
511
0
2
4
6
8
517
0
2
4
6
8
523
0
2
4
6
8
529
0
2
4
6
8
535
0
2
4
6
8
541
0
2
4
6
8
547
0
2
4
6
8
553
0
2
4
6
8
559
0
2
4
6
8
565
0
2
4
6
8
571
0
2
4
6
8
577
0
2
4
6
8
583
0
2
4
6
8
589
0
2
4
6
8
595
0
2
4
6
8
601
0
2
4
6
8
607
0
2
4
6
8
613
0
2
4
6
8
619
0
2
4
6
8
625
0
2
4
6
8
631
0
2
4
6
8
637
0
2
4
6
8
643
0
2
4
6
8
649
0
2
4
6
8
655
0
2
4
6
8
661
0
2
4
6
8
667
0
2
4
6
8
673
0
2
4
6
8
679
0
2
4
6
8
685
0
2
4
6
8
691
0
2
4
6
8
697
0
2
4
6
8
703
0
2
4
6
8
709
0
2
4
6
8
715
0
2
4
6
8
721
0
2
4
6
8
727
0
2
4
6
8
733
0
2
4
6
8
739
0
2
4
6
8
745
0
2
4
6
8
751
0
2
4
6
8
757
0
2
4
6
8
763
0
2
4
6
8
769
0
2
4
6
8
775
0
2
4
6
8
781
0
2
4
6
8
787
0
2
4
6
8
793
0
2
4
6
8
799
0
2
4
6
8
805
0
2
4
6
8
811
0
2
4
6
8
817
0
2
4
6
8
823
0
2
4
6
8
829
0
2
4
6
8
835
0
2
4
6
8
841
0
2
4
6
8
847
0
2
4
6
8
853
0
2
4
6
8
859
0
2
4
6
8
865
0
2
4
6
8
871
0
2
4
6
8
877
0
2
4
6
8
883
0
2
4
6
8
889
0
2
4
6
8
895
0
2
4
6
8
901
0
2
4
6
8
907
0
2
4
6
8
913
0
2
4
6
8
919
0
2
4
6
8
925
0
2
4
6
8
931
0
2
4
6
8
937
0
2
4
6
8
943
0
2
4
6
8
949
0
2
4
6
8
955
0
2
4
6
8
961
0
2
4
6
8
967
0
2
4
6
8
973
0
2
4
6
8
979
0
2
4
6
8
985
0
2
4
6
8
991
0
2
4
6
8
997
0
2
271 ms. Memory: 826368K Free: 496158K (60%)
----------------- Invoking toplevel() on ptolemy.moml.MoMLSimpleApplication@7522ef60
----------------- Done invoking toplevel() on ptolemy.moml.MoMLSimpleApplication@7522ef60
reloadAllAccessors: .modalChangingParams
----------------- testing Thu May 31 00:45:07 UTC 2018 /home/travis/build/icyphy/ptII/ptolemy/domains/modal/test/auto/modalModel.xml
----------------- Instantiating /home/travis/build/icyphy/ptII/ptolemy/domains/modal/test/auto/modalModel.xml
6 ms. Memory: 826368K Free: 484975K (59%)
----------------- Invoking toplevel() on ptolemy.moml.MoMLSimpleApplication@260007e0
----------------- Done invoking toplevel() on ptolemy.moml.MoMLSimpleApplication@260007e0
reloadAllAccessors: .modalModel
----------------- testing Thu May 31 00:45:07 UTC 2018 /home/travis/build/icyphy/ptII/ptolemy/domains/modal/test/auto/modalModel2.xml
----------------- Instantiating /home/travis/build/icyphy/ptII/ptolemy/domains/modal/test/auto/modalModel2.xml
6 ms. Memory: 826368K Free: 468287K (57%)
----------------- Invoking toplevel() on ptolemy.moml.MoMLSimpleApplication@6b7806f5
----------------- Done invoking toplevel() on ptolemy.moml.MoMLSimpleApplication@6b7806f5
reloadAllAccessors: .modalModel2
----------------- testing Thu May 31 00:45:07 UTC 2018 /home/travis/build/icyphy/ptII/ptolemy/domains/modal/test/auto/modalModel3.xml
----------------- Instantiating /home/travis/build/icyphy/ptII/ptolemy/domains/modal/test/auto/modalModel3.xml
0	0	0
1	0	1
4	2	2
7	4	3
10	6	4
5	0	5
8	2	6
11	4	7
14	6	8
9	0	9
12	2	10
15	4	11
18	6	12
13	0	13
16	2	14
12 ms. Memory: 826368K Free: 449644K (54%)
----------------- Invoking toplevel() on ptolemy.moml.MoMLSimpleApplication@2dd5d9c
----------------- Done invoking toplevel() on ptolemy.moml.MoMLSimpleApplication@2dd5d9c
reloadAllAccessors: .modalModel3
----------------- testing Thu May 31 00:45:07 UTC 2018 /home/travis/build/icyphy/ptII/ptolemy/domains/modal/test/auto/model1.xml
----------------- Instantiating /home/travis/build/icyphy/ptII/ptolemy/domains/modal/test/auto/model1.xml
10 ms. Memory: 826368K Free: 440408K (53%)
----------------- Invoking toplevel() on ptolemy.moml.MoMLSimpleApplication@5a91a007
----------------- Done invoking toplevel() on ptolemy.moml.MoMLSimpleApplication@5a91a007
reloadAllAccessors: .model1
----------------- testing Thu May 31 00:45:07 UTC 2018 /home/travis/build/icyphy/ptII/ptolemy/domains/modal/test/auto/test-direct-in-out.xml
----------------- Instantiating /home/travis/build/icyphy/ptII/ptolemy/domains/modal/test/auto/test-direct-in-out.xml
4 ms. Memory: 826368K Free: 429226K (52%)
----------------- Invoking toplevel() on ptolemy.moml.MoMLSimpleApplication@14639f04
----------------- Done invoking toplevel() on ptolemy.moml.MoMLSimpleApplication@14639f04
reloadAllAccessors: .test-direct-in-out
AutoTests.java: About to close Vertx.
AutoTests.java: Vertx closed.
]]></system-out>
  <system-err><![CDATA[java.lang.RuntimeException: Execution failed
	at ptolemy.moml.MoMLSimpleApplication$UnloadThread.run(MoMLSimpleApplication.java:402)
Caused by: ptolemy.kernel.util.IllegalActionException: Unknown inputs remain. Possible causality loop:
L_model_1893289564i

  in .CannotAnalysisWithPreemption.model_1893289564_region_1 and .CannotAnalysisWithPreemption.model_1893289564_region_1.L_model_1893289564i
	at ptolemy.actor.sched.FixedPointDirector.postfire(FixedPointDirector.java:515)
	at ptolemy.domains.sr.kernel.SRDirector.postfire(SRDirector.java:417)
	at ptolemy.actor.CompositeActor.postfire(CompositeActor.java:1668)
	at ptolemy.actor.Manager.iterate(Manager.java:852)
	at ptolemy.actor.Manager.execute(Manager.java:369)
	at ptolemy.actor.Manager.run(Manager.java:1263)
	at ptolemy.actor.Manager$PtolemyRunThread.run(Manager.java:1915)
java.lang.reflect.InvocationTargetException
	at sun.reflect.NativeConstructorAccessorImpl.newInstance0(Native Method)
	at sun.reflect.NativeConstructorAccessorImpl.newInstance(NativeConstructorAccessorImpl.java:62)
	at sun.reflect.DelegatingConstructorAccessorImpl.newInstance(DelegatingConstructorAccessorImpl.java:45)
	at java.lang.reflect.Constructor.newInstance(Constructor.java:423)
	at ptolemy.util.test.junit.AutoKnownFailedTests.RunModel(AutoKnownFailedTests.java:107)
	at sun.reflect.NativeMethodAccessorImpl.invoke0(Native Method)
	at sun.reflect.NativeMethodAccessorImpl.invoke(NativeMethodAccessorImpl.java:62)
	at sun.reflect.DelegatingMethodAccessorImpl.invoke(DelegatingMethodAccessorImpl.java:43)
	at java.lang.reflect.Method.invoke(Method.java:498)
	at org.junit.runners.model.FrameworkMethod$1.runReflectiveCall(FrameworkMethod.java:44)
	at org.junit.internal.runners.model.ReflectiveCallable.run(ReflectiveCallable.java:15)
	at org.junit.runners.model.FrameworkMethod.invokeExplosively(FrameworkMethod.java:41)
	at junitparams.internal.InvokeParameterisedMethod.evaluate(InvokeParameterisedMethod.java:102)
	at org.junit.internal.runners.statements.FailOnTimeout$1.run(FailOnTimeout.java:28)
Caused by: ptolemy.kernel.util.IllegalActionException: Unknown inputs remain. Possible causality loop:
L_model_1893289564i

  in .CannotAnalysisWithPreemption.model_1893289564_region_1 and .CannotAnalysisWithPreemption.model_1893289564_region_1.L_model_1893289564i
	at ptolemy.actor.sched.FixedPointDirector.postfire(FixedPointDirector.java:515)
	at ptolemy.domains.sr.kernel.SRDirector.postfire(SRDirector.java:417)
	at ptolemy.actor.CompositeActor.postfire(CompositeActor.java:1668)
	at ptolemy.actor.Manager.iterate(Manager.java:852)
	at ptolemy.actor.Manager.execute(Manager.java:369)
	at ptolemy.actor.Manager.run(Manager.java:1263)
	at ptolemy.actor.Manager$PtolemyRunThread.run(Manager.java:1915)
]]></system-err>
</testsuite>
