<?xml version="1.0" encoding="UTF-8" ?>
<testsuite errors="0" failures="0" hostname="travis-job-d4ffe63d-d107-4b05-afed-32c275f30ced" name="ptolemy.domains.de.test.junit.JUnitTclTest" skipped="0" tests="101" time="141.172" timestamp="2018-04-20T02:42:08">
  <properties>
[...]
</properties>
  <testcase classname="ptolemy.util.test.junit.TclTests" name="[0] /home/travis/build/icyphy/ptII/ptolemy/domains/de/test/DependencyLoop.tcl (RunTclFile)" time="0.814" />
  <testcase classname="ptolemy.util.test.junit.TclTests" name="[1] /home/travis/build/icyphy/ptII/ptolemy/domains/de/test/RunDETestsAsQSS.tcl (RunTclFile)" time="99.448" />
  <testcase classname="ptolemy.util.test.junit.AutoKnownFailedTests" name="[0] /home/travis/build/icyphy/ptII/ptolemy/domains/de/test/auto/knownFailedTests/DESDFClockTest.xml (RunModel)" time="2.028" />
  <testcase classname="ptolemy.util.test.junit.AutoKnownFailedTests" name="[1] /home/travis/build/icyphy/ptII/ptolemy/domains/de/test/auto/knownFailedTests/DirectFeedback.xml (RunModel)" time="0.013" />
  <testcase classname="ptolemy.util.test.junit.AutoKnownFailedTests" name="[2] /home/travis/build/icyphy/ptII/ptolemy/domains/de/test/auto/knownFailedTests/FSMSource.xml (RunModel)" time="0.013" />
  <testcase classname="ptolemy.util.test.junit.AutoKnownFailedTests" name="[3] /home/travis/build/icyphy/ptII/ptolemy/domains/de/test/auto/knownFailedTests/HierarchicalModel.xml (RunModel)" time="0.028" />
  <testcase classname="ptolemy.util.test.junit.AutoKnownFailedTests" name="[4] /home/travis/build/icyphy/ptII/ptolemy/domains/de/test/auto/knownFailedTests/dependencyLoop.xml (RunModel)" time="0.033" />
  <testcase classname="ptolemy.util.test.junit.AutoKnownFailedTests" name="[5] /home/travis/build/icyphy/ptII/ptolemy/domains/de/test/auto/knownFailedTests/dependencyLoop2.xml (RunModel)" time="0.026" />
  <testcase classname="ptolemy.util.test.junit.AutoNameArchTests" name="[0] ThereAreNoAutoTests (RunModel)" time="0.004" />
  <testcase classname="ptolemy.util.test.junit.AutoTests" name="[0] /home/travis/build/icyphy/ptII/ptolemy/domains/de/test/auto/ActorDepthCalculation_actorWithoutPorts.xml (RunModel)" time="0.011" />
  <testcase classname="ptolemy.util.test.junit.AutoTests" name="[1] /home/travis/build/icyphy/ptII/ptolemy/domains/de/test/auto/AssemblyLine.xml (RunModel)" time="0.014" />
  <testcase classname="ptolemy.util.test.junit.AutoTests" name="[2] /home/travis/build/icyphy/ptII/ptolemy/domains/de/test/auto/CQBug1.xml (RunModel)" time="0.013" />
  <testcase classname="ptolemy.util.test.junit.AutoTests" name="[3] /home/travis/build/icyphy/ptII/ptolemy/domains/de/test/auto/CancelFireAt.xml (RunModel)" time="0.006" />
  <testcase classname="ptolemy.util.test.junit.AutoTests" name="[4] /home/travis/build/icyphy/ptII/ptolemy/domains/de/test/auto/CausalityAndComposabilityAnalysis.xml (RunModel)" time="0.013" />
  <testcase classname="ptolemy.util.test.junit.AutoTests" name="[5] /home/travis/build/icyphy/ptII/ptolemy/domains/de/test/auto/CausalityInterface1.xml (RunModel)" time="0.02" />
  <testcase classname="ptolemy.util.test.junit.AutoTests" name="[6] /home/travis/build/icyphy/ptII/ptolemy/domains/de/test/auto/CausalityInterface15.xml (RunModel)" time="0.012" />
  <testcase classname="ptolemy.util.test.junit.AutoTests" name="[7] /home/travis/build/icyphy/ptII/ptolemy/domains/de/test/auto/CausalityInterface2.xml (RunModel)" time="0.011" />
  <testcase classname="ptolemy.util.test.junit.AutoTests" name="[8] /home/travis/build/icyphy/ptII/ptolemy/domains/de/test/auto/CausalityInterface3.xml (RunModel)" time="0.011" />
  <testcase classname="ptolemy.util.test.junit.AutoTests" name="[9] /home/travis/build/icyphy/ptII/ptolemy/domains/de/test/auto/ClockDrift.xml (RunModel)" time="0.026" />
  <testcase classname="ptolemy.util.test.junit.AutoTests" name="[10] /home/travis/build/icyphy/ptII/ptolemy/domains/de/test/auto/ClockDriftAndValueChange.xml (RunModel)" time="0.03" />
  <testcase classname="ptolemy.util.test.junit.AutoTests" name="[11] /home/travis/build/icyphy/ptII/ptolemy/domains/de/test/auto/ClockDriftChange.xml (RunModel)" time="0.021" />
  <testcase classname="ptolemy.util.test.junit.AutoTests" name="[12] /home/travis/build/icyphy/ptII/ptolemy/domains/de/test/auto/ComposableCausalityAnalysis.xml (RunModel)" time="0.013" />
  <testcase classname="ptolemy.util.test.junit.AutoTests" name="[13] /home/travis/build/icyphy/ptII/ptolemy/domains/de/test/auto/DEFixedPointLimitation.xml (RunModel)" time="0.009" />
  <testcase classname="ptolemy.util.test.junit.AutoTests" name="[14] /home/travis/build/icyphy/ptII/ptolemy/domains/de/test/auto/DEScheduleTest.xml (RunModel)" time="0.012" />
  <testcase classname="ptolemy.util.test.junit.AutoTests" name="[15] /home/travis/build/icyphy/ptII/ptolemy/domains/de/test/auto/DEinDEwithStartTimes.xml (RunModel)" time="0.017" />
  <testcase classname="ptolemy.util.test.junit.AutoTests" name="[16] /home/travis/build/icyphy/ptII/ptolemy/domains/de/test/auto/DEinDEwithStartTimes2.xml (RunModel)" time="0.017" />
  <testcase classname="ptolemy.util.test.junit.AutoTests" name="[17] /home/travis/build/icyphy/ptII/ptolemy/domains/de/test/auto/DateDemo.xml (RunModel)" time="0.028" />
  <testcase classname="ptolemy.util.test.junit.AutoTests" name="[18] /home/travis/build/icyphy/ptII/ptolemy/domains/de/test/auto/DateToEvent.xml (RunModel)" time="2.036" />
  <testcase classname="ptolemy.util.test.junit.AutoTests" name="[19] /home/travis/build/icyphy/ptII/ptolemy/domains/de/test/auto/DepthTest1.xml (RunModel)" time="0.016" />
  <testcase classname="ptolemy.util.test.junit.AutoTests" name="[20] /home/travis/build/icyphy/ptII/ptolemy/domains/de/test/auto/DepthTest2.xml (RunModel)" time="0.012" />
  <testcase classname="ptolemy.util.test.junit.AutoTests" name="[21] /home/travis/build/icyphy/ptII/ptolemy/domains/de/test/auto/DepthTest3.xml (RunModel)" time="0.006" />
  <testcase classname="ptolemy.util.test.junit.AutoTests" name="[22] /home/travis/build/icyphy/ptII/ptolemy/domains/de/test/auto/DepthTest4.xml (RunModel)" time="0.011" />
  <testcase classname="ptolemy.util.test.junit.AutoTests" name="[23] /home/travis/build/icyphy/ptII/ptolemy/domains/de/test/auto/DepthTest5.xml (RunModel)" time="0.011" />
  <testcase classname="ptolemy.util.test.junit.AutoTests" name="[24] /home/travis/build/icyphy/ptII/ptolemy/domains/de/test/auto/DepthTest6.xml (RunModel)" time="0.011" />
  <testcase classname="ptolemy.util.test.junit.AutoTests" name="[25] /home/travis/build/icyphy/ptII/ptolemy/domains/de/test/auto/DepthTest7.xml (RunModel)" time="0.01" />
  <testcase classname="ptolemy.util.test.junit.AutoTests" name="[26] /home/travis/build/icyphy/ptII/ptolemy/domains/de/test/auto/EventToDate.xml (RunModel)" time="3.026" />
  <testcase classname="ptolemy.util.test.junit.AutoTests" name="[27] /home/travis/build/icyphy/ptII/ptolemy/domains/de/test/auto/FSM1.xml (RunModel)" time="0.028" />
  <testcase classname="ptolemy.util.test.junit.AutoTests" name="[28] /home/travis/build/icyphy/ptII/ptolemy/domains/de/test/auto/FSM7.xml (RunModel)" time="0.03" />
  <testcase classname="ptolemy.util.test.junit.AutoTests" name="[29] /home/travis/build/icyphy/ptII/ptolemy/domains/de/test/auto/Inspection.xml (RunModel)" time="0.056" />
  <testcase classname="ptolemy.util.test.junit.AutoTests" name="[30] /home/travis/build/icyphy/ptII/ptolemy/domains/de/test/auto/Iteration.xml (RunModel)" time="0.024" />
  <testcase classname="ptolemy.util.test.junit.AutoTests" name="[31] /home/travis/build/icyphy/ptII/ptolemy/domains/de/test/auto/LineFault.xml (RunModel)" time="0.464" />
  <testcase classname="ptolemy.util.test.junit.AutoTests" name="[32] /home/travis/build/icyphy/ptII/ptolemy/domains/de/test/auto/MergeModel1Add.xml (RunModel)" time="0.04" />
  <testcase classname="ptolemy.util.test.junit.AutoTests" name="[33] /home/travis/build/icyphy/ptII/ptolemy/domains/de/test/auto/MergeModel2Add.xml (RunModel)" time="0.033" />
  <testcase classname="ptolemy.util.test.junit.AutoTests" name="[34] /home/travis/build/icyphy/ptII/ptolemy/domains/de/test/auto/MergeModel3Add.xml (RunModel)" time="0.036" />
  <testcase classname="ptolemy.util.test.junit.AutoTests" name="[35] /home/travis/build/icyphy/ptII/ptolemy/domains/de/test/auto/MergeWithoutDiscard.xml (RunModel)" time="0.009" />
  <testcase classname="ptolemy.util.test.junit.AutoTests" name="[36] /home/travis/build/icyphy/ptII/ptolemy/domains/de/test/auto/Modal1.xml (RunModel)" time="0.024" />
  <testcase classname="ptolemy.util.test.junit.AutoTests" name="[37] /home/travis/build/icyphy/ptII/ptolemy/domains/de/test/auto/Modal2.xml (RunModel)" time="0.022" />
  <testcase classname="ptolemy.util.test.junit.AutoTests" name="[38] /home/travis/build/icyphy/ptII/ptolemy/domains/de/test/auto/Modal3.xml (RunModel)" time="0.046" />
  <testcase classname="ptolemy.util.test.junit.AutoTests" name="[39] /home/travis/build/icyphy/ptII/ptolemy/domains/de/test/auto/Modal4.xml (RunModel)" time="0.034" />
  <testcase classname="ptolemy.util.test.junit.AutoTests" name="[40] /home/travis/build/icyphy/ptII/ptolemy/domains/de/test/auto/Modal5.xml (RunModel)" time="0.029" />
  <testcase classname="ptolemy.util.test.junit.AutoTests" name="[41] /home/travis/build/icyphy/ptII/ptolemy/domains/de/test/auto/Modal6.xml (RunModel)" time="0.025" />
  <testcase classname="ptolemy.util.test.junit.AutoTests" name="[42] /home/travis/build/icyphy/ptII/ptolemy/domains/de/test/auto/Modal7.xml (RunModel)" time="0.026" />
  <testcase classname="ptolemy.util.test.junit.AutoTests" name="[43] /home/travis/build/icyphy/ptII/ptolemy/domains/de/test/auto/ModalModel.xml (RunModel)" time="0.142" />
  <testcase classname="ptolemy.util.test.junit.AutoTests" name="[44] /home/travis/build/icyphy/ptII/ptolemy/domains/de/test/auto/ModalSource.xml (RunModel)" time="0.024" />
  <testcase classname="ptolemy.util.test.junit.AutoTests" name="[45] /home/travis/build/icyphy/ptII/ptolemy/domains/de/test/auto/NonInterruptibleTimerZeroDelay.xml (RunModel)" time="0.014" />
  <testcase classname="ptolemy.util.test.junit.AutoTests" name="[46] /home/travis/build/icyphy/ptII/ptolemy/domains/de/test/auto/OpenQueueingNetwork.xml (RunModel)" time="2.302" />
  <testcase classname="ptolemy.util.test.junit.AutoTests" name="[47] /home/travis/build/icyphy/ptII/ptolemy/domains/de/test/auto/OpenQueuingNetwork.xml (RunModel)" time="0.319" />
  <testcase classname="ptolemy.util.test.junit.AutoTests" name="[48] /home/travis/build/icyphy/ptII/ptolemy/domains/de/test/auto/PeriodicSampler.xml (RunModel)" time="0.01" />
  <testcase classname="ptolemy.util.test.junit.AutoTests" name="[49] /home/travis/build/icyphy/ptII/ptolemy/domains/de/test/auto/PersistentIO.xml (RunModel)" time="0.031" />
  <testcase classname="ptolemy.util.test.junit.AutoTests" name="[50] /home/travis/build/icyphy/ptII/ptolemy/domains/de/test/auto/PortParameterResetOnInitialize.xml (RunModel)" time="0.013" />
  <testcase classname="ptolemy.util.test.junit.AutoTests" name="[51] /home/travis/build/icyphy/ptII/ptolemy/domains/de/test/auto/PortParameterUpdates.xml (RunModel)" time="0.022" />
  <testcase classname="ptolemy.util.test.junit.AutoTests" name="[52] /home/travis/build/icyphy/ptII/ptolemy/domains/de/test/auto/QueueAndServer.xml (RunModel)" time="0.031" />
  <testcase classname="ptolemy.util.test.junit.AutoTests" name="[53] /home/travis/build/icyphy/ptII/ptolemy/domains/de/test/auto/Records.xml (RunModel)" time="0.034" />
  <testcase classname="ptolemy.util.test.junit.AutoTests" name="[54] /home/travis/build/icyphy/ptII/ptolemy/domains/de/test/auto/ResetTransitionWithStartTime1.xml (RunModel)" time="0.035" />
  <testcase classname="ptolemy.util.test.junit.AutoTests" name="[55] /home/travis/build/icyphy/ptII/ptolemy/domains/de/test/auto/ResetTransitionWithStartTime2.xml (RunModel)" time="0.029" />
  <testcase classname="ptolemy.util.test.junit.AutoTests" name="[56] /home/travis/build/icyphy/ptII/ptolemy/domains/de/test/auto/ResetTransitionWithStartTime3.xml (RunModel)" time="0.03" />
  <testcase classname="ptolemy.util.test.junit.AutoTests" name="[57] /home/travis/build/icyphy/ptII/ptolemy/domains/de/test/auto/ResetTransitionWithStartTime4.xml (RunModel)" time="0.029" />
  <testcase classname="ptolemy.util.test.junit.AutoTests" name="[58] /home/travis/build/icyphy/ptII/ptolemy/domains/de/test/auto/ResettableTimer1.xml (RunModel)" time="0.016" />
  <testcase classname="ptolemy.util.test.junit.AutoTests" name="[59] /home/travis/build/icyphy/ptII/ptolemy/domains/de/test/auto/ResettableTimer2.xml (RunModel)" time="0.014" />
  <testcase classname="ptolemy.util.test.junit.AutoTests" name="[60] /home/travis/build/icyphy/ptII/ptolemy/domains/de/test/auto/ResettableTimer3.xml (RunModel)" time="0.018" />
  <testcase classname="ptolemy.util.test.junit.AutoTests" name="[61] /home/travis/build/icyphy/ptII/ptolemy/domains/de/test/auto/ResettableTimer4.xml (RunModel)" time="0.012" />
  <testcase classname="ptolemy.util.test.junit.AutoTests" name="[62] /home/travis/build/icyphy/ptII/ptolemy/domains/de/test/auto/ResettableTimer5.xml (RunModel)" time="0.015" />
  <testcase classname="ptolemy.util.test.junit.AutoTests" name="[63] /home/travis/build/icyphy/ptII/ptolemy/domains/de/test/auto/ResettableTimer6.xml (RunModel)" time="0.023" />
  <testcase classname="ptolemy.util.test.junit.AutoTests" name="[64] /home/travis/build/icyphy/ptII/ptolemy/domains/de/test/auto/ServerZeroDelay.xml (RunModel)" time="0.015" />
  <testcase classname="ptolemy.util.test.junit.AutoTests" name="[65] /home/travis/build/icyphy/ptII/ptolemy/domains/de/test/auto/SmartSender.xml (RunModel)" time="3.016" />
  <testcase classname="ptolemy.util.test.junit.AutoTests" name="[66] /home/travis/build/icyphy/ptII/ptolemy/domains/de/test/auto/ThreadedComposite.xml (RunModel)" time="0.193" />
  <testcase classname="ptolemy.util.test.junit.AutoTests" name="[67] /home/travis/build/icyphy/ptII/ptolemy/domains/de/test/auto/Time.xml (RunModel)" time="0.48" />
  <testcase classname="ptolemy.util.test.junit.AutoTests" name="[68] /home/travis/build/icyphy/ptII/ptolemy/domains/de/test/auto/TimeDelayZeroDelay.xml (RunModel)" time="0.02" />
  <testcase classname="ptolemy.util.test.junit.AutoTests" name="[69] /home/travis/build/icyphy/ptII/ptolemy/domains/de/test/auto/TimerZeroDelay.xml (RunModel)" time="0.017" />
  <testcase classname="ptolemy.util.test.junit.AutoTests" name="[70] /home/travis/build/icyphy/ptII/ptolemy/domains/de/test/auto/TimingParadox.xml (RunModel)" time="0.405" />
  <testcase classname="ptolemy.util.test.junit.AutoTests" name="[71] /home/travis/build/icyphy/ptII/ptolemy/domains/de/test/auto/TransferInputs.xml (RunModel)" time="0.024" />
  <testcase classname="ptolemy.util.test.junit.AutoTests" name="[72] /home/travis/build/icyphy/ptII/ptolemy/domains/de/test/auto/TransferOutputs2.xml (RunModel)" time="0.025" />
  <testcase classname="ptolemy.util.test.junit.AutoTests" name="[73] /home/travis/build/icyphy/ptII/ptolemy/domains/de/test/auto/Trilateration.xml (RunModel)" time="12.378" />
  <testcase classname="ptolemy.util.test.junit.AutoTests" name="[74] /home/travis/build/icyphy/ptII/ptolemy/domains/de/test/auto/TwoSigmaDelta.xml (RunModel)" time="2.097" />
  <testcase classname="ptolemy.util.test.junit.AutoTests" name="[75] /home/travis/build/icyphy/ptII/ptolemy/domains/de/test/auto/VariableDelay.xml (RunModel)" time="0.012" />
  <testcase classname="ptolemy.util.test.junit.AutoTests" name="[76] /home/travis/build/icyphy/ptII/ptolemy/domains/de/test/auto/VariableDelay2.xml (RunModel)" time="0.011" />
  <testcase classname="ptolemy.util.test.junit.AutoTests" name="[77] /home/travis/build/icyphy/ptII/ptolemy/domains/de/test/auto/VariableDelayZeroDelay.xml (RunModel)" time="0.011" />
  <testcase classname="ptolemy.util.test.junit.AutoTests" name="[78] /home/travis/build/icyphy/ptII/ptolemy/domains/de/test/auto/VariableDelayZeroDelay2.xml (RunModel)" time="0.016" />
  <testcase classname="ptolemy.util.test.junit.AutoTests" name="[79] /home/travis/build/icyphy/ptII/ptolemy/domains/de/test/auto/deInCt.xml (RunModel)" time="0.022" />
  <testcase classname="ptolemy.util.test.junit.AutoTests" name="[80] /home/travis/build/icyphy/ptII/ptolemy/domains/de/test/auto/deInCt2.xml (RunModel)" time="0.02" />
  <testcase classname="ptolemy.util.test.junit.AutoTests" name="[81] /home/travis/build/icyphy/ptII/ptolemy/domains/de/test/auto/dynamicCausalityInterface1.xml (RunModel)" time="0.021" />
  <testcase classname="ptolemy.util.test.junit.AutoTests" name="[82] /home/travis/build/icyphy/ptII/ptolemy/domains/de/test/auto/fsm_de_test.xml (RunModel)" time="0.025" />
  <testcase classname="ptolemy.util.test.junit.AutoTests" name="[83] /home/travis/build/icyphy/ptII/ptolemy/domains/de/test/auto/functionDependencyReconstruction.xml (RunModel)" time="0.034" />
  <testcase classname="ptolemy.util.test.junit.AutoTests" name="[84] /home/travis/build/icyphy/ptII/ptolemy/domains/de/test/auto/multirate.xml (RunModel)" time="0.017" />
  <testcase classname="ptolemy.util.test.junit.AutoTests" name="[85] /home/travis/build/icyphy/ptII/ptolemy/domains/de/test/auto/multirate2.xml (RunModel)" time="0.016" />
  <testcase classname="ptolemy.util.test.junit.AutoTests" name="[86] /home/travis/build/icyphy/ptII/ptolemy/domains/de/test/auto/realtime.xml (RunModel)" time="10.013" />
  <testcase classname="ptolemy.util.test.junit.AutoTests" name="[87] /home/travis/build/icyphy/ptII/ptolemy/domains/de/test/auto/relationGroup.xml (RunModel)" time="0.008" />
  <testcase classname="ptolemy.util.test.junit.AutoTests" name="[88] /home/travis/build/icyphy/ptII/ptolemy/domains/de/test/auto/relationGroup2.xml (RunModel)" time="0.013" />
  <testcase classname="ptolemy.util.test.junit.AutoTests" name="[89] /home/travis/build/icyphy/ptII/ptolemy/domains/de/test/auto/sortWithOpaquePorts.xml (RunModel)" time="0.025" />
  <testcase classname="ptolemy.util.test.junit.AutoTests" name="[90] /home/travis/build/icyphy/ptII/ptolemy/domains/de/test/auto/transferInputsandOutputs.xml (RunModel)" time="0.027" />
  <testcase classname="ptolemy.util.test.junit.AutoTests" name="[91] /home/travis/build/icyphy/ptII/ptolemy/domains/de/test/auto/triggerType.xml (RunModel)" time="0.011" />
  <system-out><![CDATA[/home/travis/build/icyphy/ptII/ptolemy/domains/de/test/DependencyLoop.tcl
testDefs.tcl: setting time out to 9000 seconds at Fri Apr 20 02:42:08 UTC 2018
16 ms. Memory: 116224K Free: 93470K (80%)
8 ms. Memory: 146944K Free: 135445K (92%)
/home/travis/build/icyphy/ptII/ptolemy/domains/de/test/RunDETestsAsQSS.tcl
Run the DE tests using ptolemy.domains.qss.test.QSSDirectorTest, which extends QSSDirector and prints a message in the constructors.
------------------ testing $PTII/ptolemy/domains/de/test/auto/knownFailedTests/dependencyLoop.xml (Known Failure) 
12 ms. Memory: 146944K Free: 131170K (89%)


==== $PTIIhome/travis/build/icyphy/ptII/ptolemy/domains/de/test/../../../../: Auto Automatic test in file $PTII/ptolemy/domains/de/test/auto/knownFailedTests/dependencyLoop.xml
==== Contents of test case:

	    # FIXME: we should use $relativeFilename here, but it
	    # might have backslashes under Windows, which causes no end
	    # of trouble.
	    createAndExecute $file
	    list {}
	
.... Test generated KNOWN error:
    while executing
ptolemy.kernel.util.IllegalActionException: Found a zero delay loop containing .dependencyLoop.original
  in .dependencyLoop and .dependencyLoop.original
	at ptolemy.actor.util.CausalityInterfaceForComposites._computeOutputPortDepth(CausalityInterfaceForComposites.java:759)
	at ptolemy.actor.util.CausalityInterfaceForComposites._computeInputDepth(CausalityInterfaceForComposites.java:696)
	at ptolemy.actor.util.CausalityInterfaceForComposites._computeOutputPortDepth(CausalityInterfaceForComposites.java:765)
	at ptolemy.actor.util.CausalityInterfaceForComposites._computeInputDepth(CausalityInterfaceForComposites.java:696)
	at ptolemy.actor.util.CausalityInterfaceForComposites._computeOutputPortDepth(CausalityInterfaceForComposites.java:765)
	at ptolemy.actor.util.CausalityInterfaceForComposites._computeInputDepth(CausalityInterfaceForComposites.java:696)
	at ptolemy.actor.util.CausalityInterfaceForComposites._computeActorDepth(CausalityInterfaceForComposites.java:532)
	at ptolemy.actor.util.CausalityInterfaceForComposites.checkForCycles(CausalityInterfaceForComposites.java:96)
	at ptolemy.domains.de.kernel.DEDirector.preinitialize(DEDirector.java:1337)
	at ptolemy.actor.CompositeActor.preinitialize(CompositeActor.java:1828)
	at ptolemy.actor.Manager.preinitializeAndResolveTypes(Manager.java:1040)
	at ptolemy.actor.Manager.initialize(Manager.java:710)
	at ptolemy.actor.Manager.execute(Manager.java:356)
	at ptolemy.actor.Manager.run(Manager.java:1263)
	at ptolemy.actor.Manager$PtolemyRunThread.run(Manager.java:1915)

    while executing
ptolemy.kernel.util.IllegalActionException: Found a zero delay loop containing .dependencyLoop.original
  in .dependencyLoop and .dependencyLoop.original
    while executing
"java::new ptolemy.moml.MoMLSimpleApplication $file
"
    (procedure "createAndExecute" line 2)
    invoked from within
"createAndExecute $file"
    ("uplevel" body line 5)
    invoked from within
"uplevel $contents_of_test"
------------------ testing $PTII/ptolemy/domains/de/test/auto/knownFailedTests/DESDFClockTest.xml (Known Failure) 
2085 ms. Memory: 146944K Free: 115352K (79%)


==== $PTIIhome/travis/build/icyphy/ptII/ptolemy/domains/de/test/../../../../: Auto Automatic test in file $PTII/ptolemy/domains/de/test/auto/knownFailedTests/DESDFClockTest.xml
==== Contents of test case:

	    # FIXME: we should use $relativeFilename here, but it
	    # might have backslashes under Windows, which causes no end
	    # of trouble.
	    createAndExecute $file
	    list {}
	
.... Test generated KNOWN error:
    while executing
ptolemy.kernel.util.IllegalActionException: Actor is not ready to fire.  Perhaps UpSample.prefire() returned false? Try debugging the actor by selecting "Listen to Actor".  Also, for SDF check moml for tokenConsumptionRate on input.
  in .DESDFClockTest.Play Bell.Copy1:SDF Director and .DESDFClockTest.Play Bell.UpSample
	at ptolemy.actor.sched.StaticSchedulingDirector.fire(StaticSchedulingDirector.java:227)
	at ptolemy.domains.sdf.kernel.SDFDirector.fire(SDFDirector.java:500)
	at ptolemy.actor.CompositeActor.fire(CompositeActor.java:455)
	at ptolemy.domains.de.kernel.DEDirector._fire(DEDirector.java:1948)
	at ptolemy.domains.de.kernel.DEDirector.fire(DEDirector.java:502)
	at ptolemy.actor.CompositeActor.fire(CompositeActor.java:455)
	at ptolemy.actor.Manager.iterate(Manager.java:851)
	at ptolemy.actor.Manager.execute(Manager.java:369)
	at ptolemy.actor.Manager.run(Manager.java:1263)
	at ptolemy.actor.Manager$PtolemyRunThread.run(Manager.java:1915)

    while executing
ptolemy.kernel.util.IllegalActionException: Actor is not ready to fire.  Perhaps UpSample.prefire() returned false? Try debugging the actor by selecting "Listen to Actor".  Also, for SDF check moml for tokenConsumptionRate on input.
  in .DESDFClockTest.Play Bell.Copy1:SDF Director and .DESDFClockTest.Play Bell.UpSample
    while executing
"java::new ptolemy.moml.MoMLSimpleApplication $file
"
    (procedure "createAndExecute" line 2)
    invoked from within
"createAndExecute $file"
    ("uplevel" body line 5)
    invoked from within
"uplevel $contents_of_test"
------------------ testing $PTII/ptolemy/domains/de/test/auto/knownFailedTests/FSMSource.xml (Known Failure) 
39 ms. Memory: 146944K Free: 105804K (72%)
!!!! Auto was marked as failing, but now passes
------------------ testing $PTII/ptolemy/domains/de/test/auto/knownFailedTests/dependencyLoop2.xml (Known Failure) 
7 ms. Memory: 146944K Free: 103929K (71%)


==== $PTIIhome/travis/build/icyphy/ptII/ptolemy/domains/de/test/../../../../: Auto Automatic test in file $PTII/ptolemy/domains/de/test/auto/knownFailedTests/dependencyLoop2.xml
==== Contents of test case:

	    # FIXME: we should use $relativeFilename here, but it
	    # might have backslashes under Windows, which causes no end
	    # of trouble.
	    createAndExecute $file
	    list {}
	
.... Test generated KNOWN error:
    while executing
ptolemy.kernel.util.IllegalActionException: Found a zero delay loop containing .dependencyLoop2.original
  in .dependencyLoop2 and .dependencyLoop2.original
	at ptolemy.actor.util.CausalityInterfaceForComposites._computeOutputPortDepth(CausalityInterfaceForComposites.java:759)
	at ptolemy.actor.util.CausalityInterfaceForComposites._computeInputDepth(CausalityInterfaceForComposites.java:696)
	at ptolemy.actor.util.CausalityInterfaceForComposites._computeOutputPortDepth(CausalityInterfaceForComposites.java:765)
	at ptolemy.actor.util.CausalityInterfaceForComposites._computeInputDepth(CausalityInterfaceForComposites.java:696)
	at ptolemy.actor.util.CausalityInterfaceForComposites._computeOutputPortDepth(CausalityInterfaceForComposites.java:765)
	at ptolemy.actor.util.CausalityInterfaceForComposites._computeInputDepth(CausalityInterfaceForComposites.java:696)
	at ptolemy.actor.util.CausalityInterfaceForComposites._computeActorDepth(CausalityInterfaceForComposites.java:532)
	at ptolemy.actor.util.CausalityInterfaceForComposites.checkForCycles(CausalityInterfaceForComposites.java:96)
	at ptolemy.domains.de.kernel.DEDirector.preinitialize(DEDirector.java:1337)
	at ptolemy.actor.CompositeActor.preinitialize(CompositeActor.java:1828)
	at ptolemy.actor.Manager.preinitializeAndResolveTypes(Manager.java:1040)
	at ptolemy.actor.Manager.initialize(Manager.java:710)
	at ptolemy.actor.Manager.execute(Manager.java:356)
	at ptolemy.actor.Manager.run(Manager.java:1263)
	at ptolemy.actor.Manager$PtolemyRunThread.run(Manager.java:1915)

    while executing
ptolemy.kernel.util.IllegalActionException: Found a zero delay loop containing .dependencyLoop2.original
  in .dependencyLoop2 and .dependencyLoop2.original
    while executing
"java::new ptolemy.moml.MoMLSimpleApplication $file
"
    (procedure "createAndExecute" line 2)
    invoked from within
"createAndExecute $file"
    ("uplevel" body line 5)
    invoked from within
"uplevel $contents_of_test"
------------------ testing $PTII/ptolemy/domains/de/test/auto/knownFailedTests/HierarchicalModel.xml (Known Failure) 
18 ms. Memory: 146944K Free: 82144K (56%)


==== $PTIIhome/travis/build/icyphy/ptII/ptolemy/domains/de/test/../../../../: Auto Automatic test in file $PTII/ptolemy/domains/de/test/auto/knownFailedTests/HierarchicalModel.xml
==== Contents of test case:

	    # FIXME: we should use $relativeFilename here, but it
	    # might have backslashes under Windows, which causes no end
	    # of trouble.
	    createAndExecute $file
	    list {}
	
.... Test generated KNOWN error:
    while executing
ptolemy.kernel.util.IllegalActionException: Found a zero delay loop containing .HierarchicalModel.A
  in .HierarchicalModel and .HierarchicalModel.A
	at ptolemy.actor.util.CausalityInterfaceForComposites._computeOutputPortDepth(CausalityInterfaceForComposites.java:759)
	at ptolemy.actor.util.CausalityInterfaceForComposites._computeInputDepth(CausalityInterfaceForComposites.java:696)
	at ptolemy.actor.util.CausalityInterfaceForComposites._computeOutputPortDepth(CausalityInterfaceForComposites.java:765)
	at ptolemy.actor.util.CausalityInterfaceForComposites._computeInputDepth(CausalityInterfaceForComposites.java:696)
	at ptolemy.actor.util.CausalityInterfaceForComposites._computeOutputPortDepth(CausalityInterfaceForComposites.java:765)
	at ptolemy.actor.util.CausalityInterfaceForComposites._computeInputDepth(CausalityInterfaceForComposites.java:696)
	at ptolemy.actor.util.CausalityInterfaceForComposites._computeActorDepth(CausalityInterfaceForComposites.java:532)
	at ptolemy.actor.util.CausalityInterfaceForComposites.checkForCycles(CausalityInterfaceForComposites.java:96)
	at ptolemy.domains.de.kernel.DEDirector.preinitialize(DEDirector.java:1337)
	at ptolemy.actor.CompositeActor.preinitialize(CompositeActor.java:1828)
	at ptolemy.actor.Manager.preinitializeAndResolveTypes(Manager.java:1040)
	at ptolemy.actor.Manager.initialize(Manager.java:710)
	at ptolemy.actor.Manager.execute(Manager.java:356)
	at ptolemy.actor.Manager.run(Manager.java:1263)
	at ptolemy.actor.Manager$PtolemyRunThread.run(Manager.java:1915)

    while executing
ptolemy.kernel.util.IllegalActionException: Found a zero delay loop containing .HierarchicalModel.A
  in .HierarchicalModel and .HierarchicalModel.A
    while executing
"java::new ptolemy.moml.MoMLSimpleApplication $file
"
    (procedure "createAndExecute" line 2)
    invoked from within
"createAndExecute $file"
    ("uplevel" body line 5)
    invoked from within
"uplevel $contents_of_test"
------------------ testing $PTII/ptolemy/domains/de/test/auto/knownFailedTests/DirectFeedback.xml (Known Failure) 
4 ms. Memory: 146944K Free: 138389K (94%)


==== $PTIIhome/travis/build/icyphy/ptII/ptolemy/domains/de/test/../../../../: Auto Automatic test in file $PTII/ptolemy/domains/de/test/auto/knownFailedTests/DirectFeedback.xml
==== Contents of test case:

	    # FIXME: we should use $relativeFilename here, but it
	    # might have backslashes under Windows, which causes no end
	    # of trouble.
	    createAndExecute $file
	    list {}
	
.... Test generated KNOWN error:
    while executing
ptolemy.kernel.util.IllegalActionException: Test fails in iteration 1.
Value was: 1.0. Should have been: 2.0
  in .DirectFeedback.Test
	at ptolemy.actor.lib.Test.fire(Test.java:268)
	at ptolemy.domains.de.kernel.DEDirector._fire(DEDirector.java:1948)
	at ptolemy.domains.de.kernel.DEDirector.fire(DEDirector.java:502)
	at ptolemy.actor.CompositeActor.fire(CompositeActor.java:455)
	at ptolemy.actor.Manager.iterate(Manager.java:851)
	at ptolemy.actor.Manager.execute(Manager.java:369)
	at ptolemy.actor.Manager.run(Manager.java:1263)
	at ptolemy.actor.Manager$PtolemyRunThread.run(Manager.java:1915)

    while executing
ptolemy.kernel.util.IllegalActionException: Test fails in iteration 1.
Value was: 1.0. Should have been: 2.0
  in .DirectFeedback.Test
    while executing
"java::new ptolemy.moml.MoMLSimpleApplication $file
"
    (procedure "createAndExecute" line 2)
    invoked from within
"createAndExecute $file"
    ("uplevel" body line 5)
    invoked from within
"uplevel $contents_of_test"
------------------ testing $PTII/ptolemy/domains/de/test/auto/ActorDepthCalculation_actorWithoutPorts.xml
auto.tcl: Setting watchdog for 200 seconds at Fri Apr 20 02:42:11 UTC 2018
13 ms. Memory: 146944K Free: 129819K (88%)
ptolemy.util.test.WatchDog.cancel(): canceling Fri Apr 20 02:42:11 UTC 2018
auto.tcl: Setting watchdog for 200 seconds at Fri Apr 20 02:42:11 UTC 2018
6 ms. Memory: 146944K Free: 128785K (88%)
ptolemy.util.test.WatchDog.cancel(): canceling Fri Apr 20 02:42:11 UTC 2018
------------------ testing $PTII/ptolemy/domains/de/test/auto/AssemblyLine.xml
auto.tcl: Setting watchdog for 200 seconds at Fri Apr 20 02:42:12 UTC 2018
36 ms. Memory: 208384K Free: 186147K (89%)
ptolemy.util.test.WatchDog.cancel(): canceling Fri Apr 20 02:42:12 UTC 2018
auto.tcl: Setting watchdog for 200 seconds at Fri Apr 20 02:42:12 UTC 2018
17 ms. Memory: 208384K Free: 186147K (89%)
ptolemy.util.test.WatchDog.cancel(): canceling Fri Apr 20 02:42:12 UTC 2018
------------------ testing $PTII/ptolemy/domains/de/test/auto/CQBug1.xml
auto.tcl: Setting watchdog for 200 seconds at Fri Apr 20 02:42:12 UTC 2018
4 ms. Memory: 208384K Free: 197750K (95%)
ptolemy.util.test.WatchDog.cancel(): canceling Fri Apr 20 02:42:12 UTC 2018
auto.tcl: Setting watchdog for 200 seconds at Fri Apr 20 02:42:12 UTC 2018
3 ms. Memory: 208384K Free: 197750K (95%)
ptolemy.util.test.WatchDog.cancel(): canceling Fri Apr 20 02:42:12 UTC 2018
------------------ testing $PTII/ptolemy/domains/de/test/auto/CancelFireAt.xml
auto.tcl: Setting watchdog for 200 seconds at Fri Apr 20 02:42:12 UTC 2018
4 ms. Memory: 208384K Free: 201458K (97%)
ptolemy.util.test.WatchDog.cancel(): canceling Fri Apr 20 02:42:12 UTC 2018
auto.tcl: Setting watchdog for 200 seconds at Fri Apr 20 02:42:12 UTC 2018
5 ms. Memory: 208384K Free: 199371K (96%)
ptolemy.util.test.WatchDog.cancel(): canceling Fri Apr 20 02:42:12 UTC 2018
------------------ testing $PTII/ptolemy/domains/de/test/auto/CausalityAndComposabilityAnalysis.xml
auto.tcl: Setting watchdog for 200 seconds at Fri Apr 20 02:42:12 UTC 2018
22 ms. Memory: 208384K Free: 196545K (94%)
ptolemy.util.test.WatchDog.cancel(): canceling Fri Apr 20 02:42:12 UTC 2018
auto.tcl: Setting watchdog for 200 seconds at Fri Apr 20 02:42:12 UTC 2018
10 ms. Memory: 208384K Free: 196545K (94%)
ptolemy.util.test.WatchDog.cancel(): canceling Fri Apr 20 02:42:12 UTC 2018
------------------ testing $PTII/ptolemy/domains/de/test/auto/CausalityInterface1.xml
auto.tcl: Setting watchdog for 200 seconds at Fri Apr 20 02:42:13 UTC 2018
17 ms. Memory: 208384K Free: 196480K (94%)
ptolemy.util.test.WatchDog.cancel(): canceling Fri Apr 20 02:42:13 UTC 2018
auto.tcl: Setting watchdog for 200 seconds at Fri Apr 20 02:42:13 UTC 2018
4 ms. Memory: 208384K Free: 196480K (94%)
ptolemy.util.test.WatchDog.cancel(): canceling Fri Apr 20 02:42:13 UTC 2018
------------------ testing $PTII/ptolemy/domains/de/test/auto/CausalityInterface15.xml
auto.tcl: Setting watchdog for 200 seconds at Fri Apr 20 02:42:13 UTC 2018
5 ms. Memory: 208384K Free: 196472K (94%)
ptolemy.util.test.WatchDog.cancel(): canceling Fri Apr 20 02:42:13 UTC 2018
auto.tcl: Setting watchdog for 200 seconds at Fri Apr 20 02:42:13 UTC 2018
8 ms. Memory: 208384K Free: 194385K (93%)
ptolemy.util.test.WatchDog.cancel(): canceling Fri Apr 20 02:42:13 UTC 2018
------------------ testing $PTII/ptolemy/domains/de/test/auto/CausalityInterface2.xml
auto.tcl: Setting watchdog for 200 seconds at Fri Apr 20 02:42:13 UTC 2018
4 ms. Memory: 208384K Free: 196456K (94%)
ptolemy.util.test.WatchDog.cancel(): canceling Fri Apr 20 02:42:13 UTC 2018
auto.tcl: Setting watchdog for 200 seconds at Fri Apr 20 02:42:13 UTC 2018
3 ms. Memory: 208384K Free: 196456K (94%)
ptolemy.util.test.WatchDog.cancel(): canceling Fri Apr 20 02:42:13 UTC 2018
------------------ testing $PTII/ptolemy/domains/de/test/auto/CausalityInterface3.xml
auto.tcl: Setting watchdog for 200 seconds at Fri Apr 20 02:42:13 UTC 2018
5 ms. Memory: 208384K Free: 196462K (94%)
ptolemy.util.test.WatchDog.cancel(): canceling Fri Apr 20 02:42:13 UTC 2018
auto.tcl: Setting watchdog for 200 seconds at Fri Apr 20 02:42:13 UTC 2018
4 ms. Memory: 208384K Free: 196462K (94%)
ptolemy.util.test.WatchDog.cancel(): canceling Fri Apr 20 02:42:13 UTC 2018
------------------ testing $PTII/ptolemy/domains/de/test/auto/ClockDrift.xml
auto.tcl: Setting watchdog for 200 seconds at Fri Apr 20 02:42:13 UTC 2018
106 ms. Memory: 208384K Free: 187670K (90%)
ptolemy.util.test.WatchDog.cancel(): canceling Fri Apr 20 02:42:13 UTC 2018
auto.tcl: Setting watchdog for 200 seconds at Fri Apr 20 02:42:13 UTC 2018
73 ms. Memory: 208384K Free: 185567K (89%)
ptolemy.util.test.WatchDog.cancel(): canceling Fri Apr 20 02:42:13 UTC 2018
------------------ testing $PTII/ptolemy/domains/de/test/auto/ClockDriftAndValueChange.xml
auto.tcl: Setting watchdog for 200 seconds at Fri Apr 20 02:42:13 UTC 2018
53 ms. Memory: 208384K Free: 187504K (90%)
ptolemy.util.test.WatchDog.cancel(): canceling Fri Apr 20 02:42:13 UTC 2018
auto.tcl: Setting watchdog for 200 seconds at Fri Apr 20 02:42:13 UTC 2018
31 ms. Memory: 208384K Free: 185418K (89%)
ptolemy.util.test.WatchDog.cancel(): canceling Fri Apr 20 02:42:13 UTC 2018
------------------ testing $PTII/ptolemy/domains/de/test/auto/ClockDriftChange.xml
auto.tcl: Setting watchdog for 200 seconds at Fri Apr 20 02:42:13 UTC 2018
24 ms. Memory: 208384K Free: 190874K (92%)
ptolemy.util.test.WatchDog.cancel(): canceling Fri Apr 20 02:42:14 UTC 2018
auto.tcl: Setting watchdog for 200 seconds at Fri Apr 20 02:42:14 UTC 2018
27 ms. Memory: 208384K Free: 188788K (91%)
ptolemy.util.test.WatchDog.cancel(): canceling Fri Apr 20 02:42:14 UTC 2018
------------------ testing $PTII/ptolemy/domains/de/test/auto/ComposableCausalityAnalysis.xml
auto.tcl: Setting watchdog for 200 seconds at Fri Apr 20 02:42:14 UTC 2018
3 ms. Memory: 208384K Free: 196652K (94%)
ptolemy.util.test.WatchDog.cancel(): canceling Fri Apr 20 02:42:14 UTC 2018
auto.tcl: Setting watchdog for 200 seconds at Fri Apr 20 02:42:14 UTC 2018
2 ms. Memory: 208384K Free: 194550K (93%)
ptolemy.util.test.WatchDog.cancel(): canceling Fri Apr 20 02:42:14 UTC 2018
------------------ testing $PTII/ptolemy/domains/de/test/auto/DEFixedPointLimitation.xml
auto.tcl: Setting watchdog for 200 seconds at Fri Apr 20 02:42:14 UTC 2018
2 ms. Memory: 208384K Free: 196380K (94%)
ptolemy.util.test.WatchDog.cancel(): canceling Fri Apr 20 02:42:14 UTC 2018
auto.tcl: Setting watchdog for 200 seconds at Fri Apr 20 02:42:14 UTC 2018
4 ms. Memory: 208384K Free: 196380K (94%)
ptolemy.util.test.WatchDog.cancel(): canceling Fri Apr 20 02:42:14 UTC 2018
------------------ testing $PTII/ptolemy/domains/de/test/auto/DEScheduleTest.xml
auto.tcl: Setting watchdog for 200 seconds at Fri Apr 20 02:42:14 UTC 2018
5 ms. Memory: 208384K Free: 198518K (95%)
ptolemy.util.test.WatchDog.cancel(): canceling Fri Apr 20 02:42:14 UTC 2018
auto.tcl: Setting watchdog for 200 seconds at Fri Apr 20 02:42:14 UTC 2018
3 ms. Memory: 208384K Free: 196415K (94%)
ptolemy.util.test.WatchDog.cancel(): canceling Fri Apr 20 02:42:14 UTC 2018
------------------ testing $PTII/ptolemy/domains/de/test/auto/DEinDEwithStartTimes.xml
auto.tcl: Setting watchdog for 200 seconds at Fri Apr 20 02:42:14 UTC 2018
4 ms. Memory: 208384K Free: 196393K (94%)
ptolemy.util.test.WatchDog.cancel(): canceling Fri Apr 20 02:42:14 UTC 2018
auto.tcl: Setting watchdog for 200 seconds at Fri Apr 20 02:42:14 UTC 2018
4 ms. Memory: 208384K Free: 194290K (93%)
ptolemy.util.test.WatchDog.cancel(): canceling Fri Apr 20 02:42:14 UTC 2018
------------------ testing $PTII/ptolemy/domains/de/test/auto/DEinDEwithStartTimes2.xml
auto.tcl: Setting watchdog for 200 seconds at Fri Apr 20 02:42:14 UTC 2018
9 ms. Memory: 208384K Free: 196710K (94%)
ptolemy.util.test.WatchDog.cancel(): canceling Fri Apr 20 02:42:14 UTC 2018
auto.tcl: Setting watchdog for 200 seconds at Fri Apr 20 02:42:14 UTC 2018
5 ms. Memory: 208384K Free: 194269K (93%)
ptolemy.util.test.WatchDog.cancel(): canceling Fri Apr 20 02:42:14 UTC 2018
------------------ testing $PTII/ptolemy/domains/de/test/auto/DateDemo.xml
auto.tcl: Setting watchdog for 200 seconds at Fri Apr 20 02:42:14 UTC 2018
18 ms. Memory: 208384K Free: 188858K (91%)
ptolemy.util.test.WatchDog.cancel(): canceling Fri Apr 20 02:42:14 UTC 2018
auto.tcl: Setting watchdog for 200 seconds at Fri Apr 20 02:42:14 UTC 2018
9 ms. Memory: 208384K Free: 186771K (90%)
ptolemy.util.test.WatchDog.cancel(): canceling Fri Apr 20 02:42:14 UTC 2018
------------------ testing $PTII/ptolemy/domains/de/test/auto/DateToEvent.xml
auto.tcl: Setting watchdog for 200 seconds at Fri Apr 20 02:42:14 UTC 2018
2009 ms. Memory: 208384K Free: 183604K (88%)
ptolemy.util.test.WatchDog.cancel(): canceling Fri Apr 20 02:42:16 UTC 2018
auto.tcl: Setting watchdog for 200 seconds at Fri Apr 20 02:42:16 UTC 2018
2008 ms. Memory: 208384K Free: 181147K (87%)
ptolemy.util.test.WatchDog.cancel(): canceling Fri Apr 20 02:42:18 UTC 2018
------------------ testing $PTII/ptolemy/domains/de/test/auto/DepthTest1.xml
auto.tcl: Setting watchdog for 200 seconds at Fri Apr 20 02:42:18 UTC 2018
5 ms. Memory: 208384K Free: 198053K (95%)
ptolemy.util.test.WatchDog.cancel(): canceling Fri Apr 20 02:42:18 UTC 2018
auto.tcl: Setting watchdog for 200 seconds at Fri Apr 20 02:42:18 UTC 2018
3 ms. Memory: 208384K Free: 198053K (95%)
ptolemy.util.test.WatchDog.cancel(): canceling Fri Apr 20 02:42:18 UTC 2018
------------------ testing $PTII/ptolemy/domains/de/test/auto/DepthTest2.xml
auto.tcl: Setting watchdog for 200 seconds at Fri Apr 20 02:42:18 UTC 2018
6 ms. Memory: 208384K Free: 194249K (93%)
ptolemy.util.test.WatchDog.cancel(): canceling Fri Apr 20 02:42:19 UTC 2018
auto.tcl: Setting watchdog for 200 seconds at Fri Apr 20 02:42:19 UTC 2018
6 ms. Memory: 208384K Free: 194249K (93%)
ptolemy.util.test.WatchDog.cancel(): canceling Fri Apr 20 02:42:19 UTC 2018
------------------ testing $PTII/ptolemy/domains/de/test/auto/DepthTest3.xml
auto.tcl: Setting watchdog for 200 seconds at Fri Apr 20 02:42:19 UTC 2018
2 ms. Memory: 208384K Free: 198387K (95%)
ptolemy.util.test.WatchDog.cancel(): canceling Fri Apr 20 02:42:19 UTC 2018
auto.tcl: Setting watchdog for 200 seconds at Fri Apr 20 02:42:19 UTC 2018
3 ms. Memory: 208384K Free: 198387K (95%)
ptolemy.util.test.WatchDog.cancel(): canceling Fri Apr 20 02:42:19 UTC 2018
------------------ testing $PTII/ptolemy/domains/de/test/auto/DepthTest4.xml
auto.tcl: Setting watchdog for 200 seconds at Fri Apr 20 02:42:19 UTC 2018
7 ms. Memory: 208384K Free: 196380K (94%)
ptolemy.util.test.WatchDog.cancel(): canceling Fri Apr 20 02:42:19 UTC 2018
auto.tcl: Setting watchdog for 200 seconds at Fri Apr 20 02:42:19 UTC 2018
4 ms. Memory: 208384K Free: 196380K (94%)
ptolemy.util.test.WatchDog.cancel(): canceling Fri Apr 20 02:42:19 UTC 2018
------------------ testing $PTII/ptolemy/domains/de/test/auto/DepthTest5.xml
auto.tcl: Setting watchdog for 200 seconds at Fri Apr 20 02:42:19 UTC 2018
7 ms. Memory: 208384K Free: 196318K (94%)
ptolemy.util.test.WatchDog.cancel(): canceling Fri Apr 20 02:42:19 UTC 2018
auto.tcl: Setting watchdog for 200 seconds at Fri Apr 20 02:42:19 UTC 2018
3 ms. Memory: 208384K Free: 196318K (94%)
ptolemy.util.test.WatchDog.cancel(): canceling Fri Apr 20 02:42:19 UTC 2018
------------------ testing $PTII/ptolemy/domains/de/test/auto/DepthTest6.xml
auto.tcl: Setting watchdog for 200 seconds at Fri Apr 20 02:42:19 UTC 2018
5 ms. Memory: 208384K Free: 196640K (94%)
ptolemy.util.test.WatchDog.cancel(): canceling Fri Apr 20 02:42:19 UTC 2018
auto.tcl: Setting watchdog for 200 seconds at Fri Apr 20 02:42:19 UTC 2018
3 ms. Memory: 208384K Free: 196640K (94%)
ptolemy.util.test.WatchDog.cancel(): canceling Fri Apr 20 02:42:19 UTC 2018
------------------ testing $PTII/ptolemy/domains/de/test/auto/DepthTest7.xml
auto.tcl: Setting watchdog for 200 seconds at Fri Apr 20 02:42:19 UTC 2018
2 ms. Memory: 208384K Free: 196292K (94%)
ptolemy.util.test.WatchDog.cancel(): canceling Fri Apr 20 02:42:19 UTC 2018
auto.tcl: Setting watchdog for 200 seconds at Fri Apr 20 02:42:19 UTC 2018
2 ms. Memory: 208384K Free: 196292K (94%)
ptolemy.util.test.WatchDog.cancel(): canceling Fri Apr 20 02:42:19 UTC 2018
------------------ testing $PTII/ptolemy/domains/de/test/auto/EventToDate.xml
auto.tcl: Setting watchdog for 200 seconds at Fri Apr 20 02:42:19 UTC 2018
3007 ms. Memory: 208384K Free: 185817K (89%)
ptolemy.util.test.WatchDog.cancel(): canceling Fri Apr 20 02:42:22 UTC 2018
auto.tcl: Setting watchdog for 200 seconds at Fri Apr 20 02:42:22 UTC 2018
3005 ms. Memory: 208384K Free: 185817K (89%)
ptolemy.util.test.WatchDog.cancel(): canceling Fri Apr 20 02:42:25 UTC 2018
------------------ testing $PTII/ptolemy/domains/de/test/auto/FSM1.xml
auto.tcl: Setting watchdog for 200 seconds at Fri Apr 20 02:42:25 UTC 2018
36 ms. Memory: 208384K Free: 187229K (90%)
ptolemy.util.test.WatchDog.cancel(): canceling Fri Apr 20 02:42:25 UTC 2018
auto.tcl: Setting watchdog for 200 seconds at Fri Apr 20 02:42:25 UTC 2018
31 ms. Memory: 208384K Free: 185126K (89%)
ptolemy.util.test.WatchDog.cancel(): canceling Fri Apr 20 02:42:25 UTC 2018
------------------ testing $PTII/ptolemy/domains/de/test/auto/FSM7.xml
auto.tcl: Setting watchdog for 200 seconds at Fri Apr 20 02:42:25 UTC 2018
26 ms. Memory: 208384K Free: 187424K (90%)
ptolemy.util.test.WatchDog.cancel(): canceling Fri Apr 20 02:42:25 UTC 2018
auto.tcl: Setting watchdog for 200 seconds at Fri Apr 20 02:42:25 UTC 2018
36 ms. Memory: 208384K Free: 185322K (89%)
ptolemy.util.test.WatchDog.cancel(): canceling Fri Apr 20 02:42:25 UTC 2018
------------------ testing $PTII/ptolemy/domains/de/test/auto/Inspection.xml
auto.tcl: Setting watchdog for 200 seconds at Fri Apr 20 02:42:25 UTC 2018
51 ms. Memory: 208384K Free: 188992K (91%)
ptolemy.util.test.WatchDog.cancel(): canceling Fri Apr 20 02:42:26 UTC 2018
auto.tcl: Setting watchdog for 200 seconds at Fri Apr 20 02:42:26 UTC 2018
42 ms. Memory: 208384K Free: 186905K (90%)
ptolemy.util.test.WatchDog.cancel(): canceling Fri Apr 20 02:42:26 UTC 2018
------------------ testing $PTII/ptolemy/domains/de/test/auto/Iteration.xml
auto.tcl: Setting watchdog for 200 seconds at Fri Apr 20 02:42:26 UTC 2018
8 ms. Memory: 208384K Free: 193964K (93%)
ptolemy.util.test.WatchDog.cancel(): canceling Fri Apr 20 02:42:26 UTC 2018
auto.tcl: Setting watchdog for 200 seconds at Fri Apr 20 02:42:26 UTC 2018
8 ms. Memory: 208384K Free: 193964K (93%)
ptolemy.util.test.WatchDog.cancel(): canceling Fri Apr 20 02:42:26 UTC 2018
------------------ testing $PTII/ptolemy/domains/de/test/auto/LineFault.xml
auto.tcl: Setting watchdog for 200 seconds at Fri Apr 20 02:42:26 UTC 2018
791 ms. Memory: 208384K Free: 194096K (93%)
ptolemy.util.test.WatchDog.cancel(): canceling Fri Apr 20 02:42:27 UTC 2018
auto.tcl: Setting watchdog for 200 seconds at Fri Apr 20 02:42:27 UTC 2018
741 ms. Memory: 208384K Free: 136595K (66%)
ptolemy.util.test.WatchDog.cancel(): canceling Fri Apr 20 02:42:28 UTC 2018
------------------ testing $PTII/ptolemy/domains/de/test/auto/MergeModel1Add.xml
auto.tcl: Setting watchdog for 200 seconds at Fri Apr 20 02:42:28 UTC 2018
30 ms. Memory: 331264K Free: 299194K (90%)
ptolemy.util.test.WatchDog.cancel(): canceling Fri Apr 20 02:42:28 UTC 2018
auto.tcl: Setting watchdog for 200 seconds at Fri Apr 20 02:42:28 UTC 2018
13 ms. Memory: 331264K Free: 299194K (90%)
ptolemy.util.test.WatchDog.cancel(): canceling Fri Apr 20 02:42:28 UTC 2018
------------------ testing $PTII/ptolemy/domains/de/test/auto/MergeModel2Add.xml
auto.tcl: Setting watchdog for 200 seconds at Fri Apr 20 02:42:28 UTC 2018
10 ms. Memory: 331264K Free: 304470K (92%)
ptolemy.util.test.WatchDog.cancel(): canceling Fri Apr 20 02:42:28 UTC 2018
auto.tcl: Setting watchdog for 200 seconds at Fri Apr 20 02:42:28 UTC 2018
8 ms. Memory: 331264K Free: 300586K (91%)
ptolemy.util.test.WatchDog.cancel(): canceling Fri Apr 20 02:42:28 UTC 2018
------------------ testing $PTII/ptolemy/domains/de/test/auto/MergeModel3Add.xml
auto.tcl: Setting watchdog for 200 seconds at Fri Apr 20 02:42:28 UTC 2018
10 ms. Memory: 331264K Free: 304480K (92%)
ptolemy.util.test.WatchDog.cancel(): canceling Fri Apr 20 02:42:28 UTC 2018
auto.tcl: Setting watchdog for 200 seconds at Fri Apr 20 02:42:28 UTC 2018
10 ms. Memory: 331264K Free: 300596K (91%)
ptolemy.util.test.WatchDog.cancel(): canceling Fri Apr 20 02:42:28 UTC 2018
------------------ testing $PTII/ptolemy/domains/de/test/auto/MergeWithoutDiscard.xml
auto.tcl: Setting watchdog for 200 seconds at Fri Apr 20 02:42:28 UTC 2018
7 ms. Memory: 331264K Free: 316121K (95%)
ptolemy.util.test.WatchDog.cancel(): canceling Fri Apr 20 02:42:28 UTC 2018
auto.tcl: Setting watchdog for 200 seconds at Fri Apr 20 02:42:28 UTC 2018
2 ms. Memory: 331264K Free: 316121K (95%)
ptolemy.util.test.WatchDog.cancel(): canceling Fri Apr 20 02:42:28 UTC 2018
------------------ testing $PTII/ptolemy/domains/de/test/auto/Modal1.xml
auto.tcl: Setting watchdog for 200 seconds at Fri Apr 20 02:42:28 UTC 2018
17 ms. Memory: 331264K Free: 310101K (94%)
ptolemy.util.test.WatchDog.cancel(): canceling Fri Apr 20 02:42:28 UTC 2018
auto.tcl: Setting watchdog for 200 seconds at Fri Apr 20 02:42:28 UTC 2018
15 ms. Memory: 331264K Free: 306202K (92%)
ptolemy.util.test.WatchDog.cancel(): canceling Fri Apr 20 02:42:28 UTC 2018
------------------ testing $PTII/ptolemy/domains/de/test/auto/Modal2.xml
auto.tcl: Setting watchdog for 200 seconds at Fri Apr 20 02:42:29 UTC 2018
24 ms. Memory: 331264K Free: 305052K (92%)
ptolemy.util.test.WatchDog.cancel(): canceling Fri Apr 20 02:42:29 UTC 2018
auto.tcl: Setting watchdog for 200 seconds at Fri Apr 20 02:42:29 UTC 2018
23 ms. Memory: 331264K Free: 301152K (91%)
ptolemy.util.test.WatchDog.cancel(): canceling Fri Apr 20 02:42:29 UTC 2018
------------------ testing $PTII/ptolemy/domains/de/test/auto/Modal3.xml
auto.tcl: Setting watchdog for 200 seconds at Fri Apr 20 02:42:29 UTC 2018
19 ms. Memory: 331264K Free: 309965K (94%)
ptolemy.util.test.WatchDog.cancel(): canceling Fri Apr 20 02:42:29 UTC 2018
auto.tcl: Setting watchdog for 200 seconds at Fri Apr 20 02:42:29 UTC 2018
14 ms. Memory: 331264K Free: 306080K (92%)
ptolemy.util.test.WatchDog.cancel(): canceling Fri Apr 20 02:42:29 UTC 2018
------------------ testing $PTII/ptolemy/domains/de/test/auto/Modal4.xml
auto.tcl: Setting watchdog for 200 seconds at Fri Apr 20 02:42:29 UTC 2018
26 ms. Memory: 331264K Free: 309962K (94%)
ptolemy.util.test.WatchDog.cancel(): canceling Fri Apr 20 02:42:29 UTC 2018
auto.tcl: Setting watchdog for 200 seconds at Fri Apr 20 02:42:29 UTC 2018
30 ms. Memory: 331264K Free: 306078K (92%)
ptolemy.util.test.WatchDog.cancel(): canceling Fri Apr 20 02:42:29 UTC 2018
------------------ testing $PTII/ptolemy/domains/de/test/auto/Modal5.xml
auto.tcl: Setting watchdog for 200 seconds at Fri Apr 20 02:42:29 UTC 2018
16 ms. Memory: 331264K Free: 309965K (94%)
ptolemy.util.test.WatchDog.cancel(): canceling Fri Apr 20 02:42:29 UTC 2018
auto.tcl: Setting watchdog for 200 seconds at Fri Apr 20 02:42:29 UTC 2018
17 ms. Memory: 331264K Free: 306065K (92%)
ptolemy.util.test.WatchDog.cancel(): canceling Fri Apr 20 02:42:29 UTC 2018
------------------ testing $PTII/ptolemy/domains/de/test/auto/Modal6.xml
auto.tcl: Setting watchdog for 200 seconds at Fri Apr 20 02:42:29 UTC 2018
22 ms. Memory: 331264K Free: 309931K (94%)
ptolemy.util.test.WatchDog.cancel(): canceling Fri Apr 20 02:42:29 UTC 2018
auto.tcl: Setting watchdog for 200 seconds at Fri Apr 20 02:42:29 UTC 2018
28 ms. Memory: 331264K Free: 306047K (92%)
ptolemy.util.test.WatchDog.cancel(): canceling Fri Apr 20 02:42:29 UTC 2018
------------------ testing $PTII/ptolemy/domains/de/test/auto/Modal7.xml
auto.tcl: Setting watchdog for 200 seconds at Fri Apr 20 02:42:29 UTC 2018
24 ms. Memory: 331264K Free: 306062K (92%)
ptolemy.util.test.WatchDog.cancel(): canceling Fri Apr 20 02:42:29 UTC 2018
auto.tcl: Setting watchdog for 200 seconds at Fri Apr 20 02:42:29 UTC 2018
22 ms. Memory: 331264K Free: 306062K (92%)
ptolemy.util.test.WatchDog.cancel(): canceling Fri Apr 20 02:42:29 UTC 2018
------------------ testing $PTII/ptolemy/domains/de/test/auto/ModalModel.xml
auto.tcl: Setting watchdog for 200 seconds at Fri Apr 20 02:42:29 UTC 2018
211 ms. Memory: 331264K Free: 246341K (74%)
ptolemy.util.test.WatchDog.cancel(): canceling Fri Apr 20 02:42:30 UTC 2018
auto.tcl: Setting watchdog for 200 seconds at Fri Apr 20 02:42:30 UTC 2018
213 ms. Memory: 331264K Free: 187972K (57%)
ptolemy.util.test.WatchDog.cancel(): canceling Fri Apr 20 02:42:30 UTC 2018
------------------ testing $PTII/ptolemy/domains/de/test/auto/ModalSource.xml
auto.tcl: Setting watchdog for 200 seconds at Fri Apr 20 02:42:30 UTC 2018
9 ms. Memory: 331264K Free: 316598K (96%)
ptolemy.util.test.WatchDog.cancel(): canceling Fri Apr 20 02:42:30 UTC 2018
auto.tcl: Setting watchdog for 200 seconds at Fri Apr 20 02:42:30 UTC 2018
8 ms. Memory: 331264K Free: 313094K (95%)
ptolemy.util.test.WatchDog.cancel(): canceling Fri Apr 20 02:42:30 UTC 2018
------------------ testing $PTII/ptolemy/domains/de/test/auto/NonInterruptibleTimerZeroDelay.xml
auto.tcl: Setting watchdog for 200 seconds at Fri Apr 20 02:42:30 UTC 2018
4 ms. Memory: 331264K Free: 320939K (97%)
ptolemy.util.test.WatchDog.cancel(): canceling Fri Apr 20 02:42:30 UTC 2018
auto.tcl: Setting watchdog for 200 seconds at Fri Apr 20 02:42:30 UTC 2018
2 ms. Memory: 331264K Free: 317435K (96%)
ptolemy.util.test.WatchDog.cancel(): canceling Fri Apr 20 02:42:30 UTC 2018
------------------ testing $PTII/ptolemy/domains/de/test/auto/OpenQueueingNetwork.xml
auto.tcl: Setting watchdog for 200 seconds at Fri Apr 20 02:42:30 UTC 2018
3383 ms. Memory: 317952K Free: 160502K (50%)
ptolemy.util.test.WatchDog.cancel(): canceling Fri Apr 20 02:42:34 UTC 2018
auto.tcl: Setting watchdog for 200 seconds at Fri Apr 20 02:42:34 UTC 2018
2869 ms. Memory: 287232K Free: 233326K (81%)
ptolemy.util.test.WatchDog.cancel(): canceling Fri Apr 20 02:42:37 UTC 2018
------------------ testing $PTII/ptolemy/domains/de/test/auto/OpenQueuingNetwork.xml
auto.tcl: Setting watchdog for 200 seconds at Fri Apr 20 02:42:37 UTC 2018
280 ms. Memory: 287232K Free: 187602K (65%)
ptolemy.util.test.WatchDog.cancel(): canceling Fri Apr 20 02:42:37 UTC 2018
auto.tcl: Setting watchdog for 200 seconds at Fri Apr 20 02:42:37 UTC 2018
267 ms. Memory: 287232K Free: 127203K (44%)
ptolemy.util.test.WatchDog.cancel(): canceling Fri Apr 20 02:42:37 UTC 2018
------------------ testing $PTII/ptolemy/domains/de/test/auto/PeriodicSampler.xml
auto.tcl: Setting watchdog for 200 seconds at Fri Apr 20 02:42:37 UTC 2018
4 ms. Memory: 289792K Free: 277780K (96%)
ptolemy.util.test.WatchDog.cancel(): canceling Fri Apr 20 02:42:37 UTC 2018
auto.tcl: Setting watchdog for 200 seconds at Fri Apr 20 02:42:37 UTC 2018
3 ms. Memory: 289792K Free: 274882K (95%)
ptolemy.util.test.WatchDog.cancel(): canceling Fri Apr 20 02:42:37 UTC 2018
------------------ testing $PTII/ptolemy/domains/de/test/auto/PersistentIO.xml
auto.tcl: Setting watchdog for 200 seconds at Fri Apr 20 02:42:37 UTC 2018
6 ms. Memory: 287232K Free: 267108K (93%)
ptolemy.util.test.WatchDog.cancel(): canceling Fri Apr 20 02:42:37 UTC 2018
auto.tcl: Setting watchdog for 200 seconds at Fri Apr 20 02:42:37 UTC 2018
4 ms. Memory: 287232K Free: 267108K (93%)
ptolemy.util.test.WatchDog.cancel(): canceling Fri Apr 20 02:42:38 UTC 2018
------------------ testing $PTII/ptolemy/domains/de/test/auto/PortParameterResetOnInitialize.xml
auto.tcl: Setting watchdog for 200 seconds at Fri Apr 20 02:42:38 UTC 2018
6 ms. Memory: 289280K Free: 274714K (95%)
ptolemy.util.test.WatchDog.cancel(): canceling Fri Apr 20 02:42:38 UTC 2018
auto.tcl: Setting watchdog for 200 seconds at Fri Apr 20 02:42:38 UTC 2018
2 ms. Memory: 289280K Free: 274714K (95%)
ptolemy.util.test.WatchDog.cancel(): canceling Fri Apr 20 02:42:38 UTC 2018
------------------ testing $PTII/ptolemy/domains/de/test/auto/PortParameterUpdates.xml
auto.tcl: Setting watchdog for 200 seconds at Fri Apr 20 02:42:38 UTC 2018
7 ms. Memory: 287232K Free: 272799K (95%)
ptolemy.util.test.WatchDog.cancel(): canceling Fri Apr 20 02:42:38 UTC 2018
auto.tcl: Setting watchdog for 200 seconds at Fri Apr 20 02:42:38 UTC 2018
4 ms. Memory: 287232K Free: 269884K (94%)
ptolemy.util.test.WatchDog.cancel(): canceling Fri Apr 20 02:42:38 UTC 2018
------------------ testing $PTII/ptolemy/domains/de/test/auto/QueueAndServer.xml
auto.tcl: Setting watchdog for 200 seconds at Fri Apr 20 02:42:38 UTC 2018
17 ms. Memory: 289280K Free: 273985K (95%)
ptolemy.util.test.WatchDog.cancel(): canceling Fri Apr 20 02:42:38 UTC 2018
auto.tcl: Setting watchdog for 200 seconds at Fri Apr 20 02:42:38 UTC 2018
8 ms. Memory: 289280K Free: 273985K (95%)
ptolemy.util.test.WatchDog.cancel(): canceling Fri Apr 20 02:42:38 UTC 2018
------------------ testing $PTII/ptolemy/domains/de/test/auto/Records.xml
auto.tcl: Setting watchdog for 200 seconds at Fri Apr 20 02:42:38 UTC 2018
9 ms. Memory: 287232K Free: 274777K (96%)
ptolemy.util.test.WatchDog.cancel(): canceling Fri Apr 20 02:42:38 UTC 2018
auto.tcl: Setting watchdog for 200 seconds at Fri Apr 20 02:42:38 UTC 2018
3 ms. Memory: 287232K Free: 274777K (96%)
ptolemy.util.test.WatchDog.cancel(): canceling Fri Apr 20 02:42:38 UTC 2018
------------------ testing $PTII/ptolemy/domains/de/test/auto/ResetTransitionWithStartTime1.xml
auto.tcl: Setting watchdog for 200 seconds at Fri Apr 20 02:42:38 UTC 2018
8 ms. Memory: 288768K Free: 273423K (95%)
ptolemy.util.test.WatchDog.cancel(): canceling Fri Apr 20 02:42:38 UTC 2018
auto.tcl: Setting watchdog for 200 seconds at Fri Apr 20 02:42:38 UTC 2018
8 ms. Memory: 288768K Free: 270524K (94%)
ptolemy.util.test.WatchDog.cancel(): canceling Fri Apr 20 02:42:38 UTC 2018
------------------ testing $PTII/ptolemy/domains/de/test/auto/ResetTransitionWithStartTime2.xml
auto.tcl: Setting watchdog for 200 seconds at Fri Apr 20 02:42:38 UTC 2018
15 ms. Memory: 287232K Free: 271987K (95%)
ptolemy.util.test.WatchDog.cancel(): canceling Fri Apr 20 02:42:38 UTC 2018
auto.tcl: Setting watchdog for 200 seconds at Fri Apr 20 02:42:38 UTC 2018
12 ms. Memory: 287232K Free: 269072K (94%)
ptolemy.util.test.WatchDog.cancel(): canceling Fri Apr 20 02:42:38 UTC 2018
------------------ testing $PTII/ptolemy/domains/de/test/auto/ResetTransitionWithStartTime3.xml
auto.tcl: Setting watchdog for 200 seconds at Fri Apr 20 02:42:38 UTC 2018
14 ms. Memory: 288768K Free: 273514K (95%)
ptolemy.util.test.WatchDog.cancel(): canceling Fri Apr 20 02:42:38 UTC 2018
auto.tcl: Setting watchdog for 200 seconds at Fri Apr 20 02:42:38 UTC 2018
7 ms. Memory: 288768K Free: 270599K (94%)
ptolemy.util.test.WatchDog.cancel(): canceling Fri Apr 20 02:42:38 UTC 2018
------------------ testing $PTII/ptolemy/domains/de/test/auto/ResetTransitionWithStartTime4.xml
auto.tcl: Setting watchdog for 200 seconds at Fri Apr 20 02:42:38 UTC 2018
5 ms. Memory: 287232K Free: 271874K (95%)
ptolemy.util.test.WatchDog.cancel(): canceling Fri Apr 20 02:42:38 UTC 2018
auto.tcl: Setting watchdog for 200 seconds at Fri Apr 20 02:42:38 UTC 2018
5 ms. Memory: 287232K Free: 271874K (95%)
ptolemy.util.test.WatchDog.cancel(): canceling Fri Apr 20 02:42:38 UTC 2018
------------------ testing $PTII/ptolemy/domains/de/test/auto/ResettableTimer1.xml
auto.tcl: Setting watchdog for 200 seconds at Fri Apr 20 02:42:39 UTC 2018
4 ms. Memory: 288768K Free: 276304K (96%)
ptolemy.util.test.WatchDog.cancel(): canceling Fri Apr 20 02:42:39 UTC 2018
auto.tcl: Setting watchdog for 200 seconds at Fri Apr 20 02:42:39 UTC 2018
4 ms. Memory: 288768K Free: 276304K (96%)
ptolemy.util.test.WatchDog.cancel(): canceling Fri Apr 20 02:42:39 UTC 2018
------------------ testing $PTII/ptolemy/domains/de/test/auto/ResettableTimer2.xml
auto.tcl: Setting watchdog for 200 seconds at Fri Apr 20 02:42:39 UTC 2018
3 ms. Memory: 287232K Free: 274936K (96%)
ptolemy.util.test.WatchDog.cancel(): canceling Fri Apr 20 02:42:39 UTC 2018
auto.tcl: Setting watchdog for 200 seconds at Fri Apr 20 02:42:39 UTC 2018
5 ms. Memory: 287232K Free: 274936K (96%)
ptolemy.util.test.WatchDog.cancel(): canceling Fri Apr 20 02:42:39 UTC 2018
------------------ testing $PTII/ptolemy/domains/de/test/auto/ResettableTimer3.xml
auto.tcl: Setting watchdog for 200 seconds at Fri Apr 20 02:42:39 UTC 2018
2 ms. Memory: 288256K Free: 275850K (96%)
ptolemy.util.test.WatchDog.cancel(): canceling Fri Apr 20 02:42:39 UTC 2018
auto.tcl: Setting watchdog for 200 seconds at Fri Apr 20 02:42:39 UTC 2018
1 ms. Memory: 288256K Free: 275850K (96%)
ptolemy.util.test.WatchDog.cancel(): canceling Fri Apr 20 02:42:39 UTC 2018
------------------ testing $PTII/ptolemy/domains/de/test/auto/ResettableTimer4.xml
auto.tcl: Setting watchdog for 200 seconds at Fri Apr 20 02:42:39 UTC 2018
2 ms. Memory: 287232K Free: 274939K (96%)
ptolemy.util.test.WatchDog.cancel(): canceling Fri Apr 20 02:42:39 UTC 2018
auto.tcl: Setting watchdog for 200 seconds at Fri Apr 20 02:42:39 UTC 2018
2 ms. Memory: 287232K Free: 274939K (96%)
ptolemy.util.test.WatchDog.cancel(): canceling Fri Apr 20 02:42:39 UTC 2018
------------------ testing $PTII/ptolemy/domains/de/test/auto/ResettableTimer5.xml
auto.tcl: Setting watchdog for 200 seconds at Fri Apr 20 02:42:39 UTC 2018
2 ms. Memory: 288256K Free: 273919K (95%)
ptolemy.util.test.WatchDog.cancel(): canceling Fri Apr 20 02:42:39 UTC 2018
auto.tcl: Setting watchdog for 200 seconds at Fri Apr 20 02:42:39 UTC 2018
2 ms. Memory: 288256K Free: 273919K (95%)
ptolemy.util.test.WatchDog.cancel(): canceling Fri Apr 20 02:42:39 UTC 2018
------------------ testing $PTII/ptolemy/domains/de/test/auto/ResettableTimer6.xml
auto.tcl: Setting watchdog for 200 seconds at Fri Apr 20 02:42:39 UTC 2018
2 ms. Memory: 287232K Free: 272743K (95%)
ptolemy.util.test.WatchDog.cancel(): canceling Fri Apr 20 02:42:39 UTC 2018
auto.tcl: Setting watchdog for 200 seconds at Fri Apr 20 02:42:39 UTC 2018
2 ms. Memory: 287232K Free: 272743K (95%)
ptolemy.util.test.WatchDog.cancel(): canceling Fri Apr 20 02:42:39 UTC 2018
------------------ testing $PTII/ptolemy/domains/de/test/auto/ServerZeroDelay.xml
auto.tcl: Setting watchdog for 200 seconds at Fri Apr 20 02:42:39 UTC 2018
5 ms. Memory: 288256K Free: 275800K (96%)
ptolemy.util.test.WatchDog.cancel(): canceling Fri Apr 20 02:42:39 UTC 2018
auto.tcl: Setting watchdog for 200 seconds at Fri Apr 20 02:42:39 UTC 2018
4 ms. Memory: 288256K Free: 275800K (96%)
ptolemy.util.test.WatchDog.cancel(): canceling Fri Apr 20 02:42:39 UTC 2018
------------------ testing $PTII/ptolemy/domains/de/test/auto/SmartSender.xml
auto.tcl: Setting watchdog for 200 seconds at Fri Apr 20 02:42:39 UTC 2018
3002 ms. Memory: 287232K Free: 274873K (96%)
ptolemy.util.test.WatchDog.cancel(): canceling Fri Apr 20 02:42:42 UTC 2018
auto.tcl: Setting watchdog for 200 seconds at Fri Apr 20 02:42:42 UTC 2018
3001 ms. Memory: 287232K Free: 274873K (96%)
ptolemy.util.test.WatchDog.cancel(): canceling Fri Apr 20 02:42:45 UTC 2018
------------------ testing $PTII/ptolemy/domains/de/test/auto/ThreadedComposite.xml
auto.tcl: Setting watchdog for 200 seconds at Fri Apr 20 02:42:45 UTC 2018
338 ms. Memory: 288256K Free: 252673K (88%)
ptolemy.util.test.WatchDog.cancel(): canceling Fri Apr 20 02:42:46 UTC 2018
auto.tcl: Setting watchdog for 200 seconds at Fri Apr 20 02:42:46 UTC 2018
247 ms. Memory: 288256K Free: 234525K (81%)
ptolemy.util.test.WatchDog.cancel(): canceling Fri Apr 20 02:42:46 UTC 2018
------------------ testing $PTII/ptolemy/domains/de/test/auto/Time.xml
auto.tcl: Setting watchdog for 200 seconds at Fri Apr 20 02:42:46 UTC 2018
652 ms. Memory: 287232K Free: 218923K (76%)
ptolemy.util.test.WatchDog.cancel(): canceling Fri Apr 20 02:42:47 UTC 2018
auto.tcl: Setting watchdog for 200 seconds at Fri Apr 20 02:42:47 UTC 2018
632 ms. Memory: 287232K Free: 160948K (56%)
ptolemy.util.test.WatchDog.cancel(): canceling Fri Apr 20 02:42:47 UTC 2018
------------------ testing $PTII/ptolemy/domains/de/test/auto/TimeDelayZeroDelay.xml
auto.tcl: Setting watchdog for 200 seconds at Fri Apr 20 02:42:47 UTC 2018
2 ms. Memory: 287744K Free: 275826K (96%)
ptolemy.util.test.WatchDog.cancel(): canceling Fri Apr 20 02:42:47 UTC 2018
auto.tcl: Setting watchdog for 200 seconds at Fri Apr 20 02:42:47 UTC 2018
3 ms. Memory: 287744K Free: 275826K (96%)
ptolemy.util.test.WatchDog.cancel(): canceling Fri Apr 20 02:42:47 UTC 2018
------------------ testing $PTII/ptolemy/domains/de/test/auto/TimerZeroDelay.xml
auto.tcl: Setting watchdog for 200 seconds at Fri Apr 20 02:42:47 UTC 2018
7 ms. Memory: 287232K Free: 275423K (96%)
ptolemy.util.test.WatchDog.cancel(): canceling Fri Apr 20 02:42:48 UTC 2018
auto.tcl: Setting watchdog for 200 seconds at Fri Apr 20 02:42:48 UTC 2018
3 ms. Memory: 287232K Free: 275423K (96%)
ptolemy.util.test.WatchDog.cancel(): canceling Fri Apr 20 02:42:48 UTC 2018
------------------ testing $PTII/ptolemy/domains/de/test/auto/TimingParadox.xml
auto.tcl: Setting watchdog for 200 seconds at Fri Apr 20 02:42:48 UTC 2018
431 ms. Memory: 287744K Free: 207428K (72%)
ptolemy.util.test.WatchDog.cancel(): canceling Fri Apr 20 02:42:48 UTC 2018
auto.tcl: Setting watchdog for 200 seconds at Fri Apr 20 02:42:48 UTC 2018
385 ms. Memory: 287744K Free: 168337K (59%)
ptolemy.util.test.WatchDog.cancel(): canceling Fri Apr 20 02:42:49 UTC 2018
------------------ testing $PTII/ptolemy/domains/de/test/auto/TransferInputs.xml
auto.tcl: Setting watchdog for 200 seconds at Fri Apr 20 02:42:49 UTC 2018
2 ms. Memory: 287744K Free: 274848K (96%)
ptolemy.util.test.WatchDog.cancel(): canceling Fri Apr 20 02:42:49 UTC 2018
auto.tcl: Setting watchdog for 200 seconds at Fri Apr 20 02:42:49 UTC 2018
2 ms. Memory: 287744K Free: 274848K (96%)
ptolemy.util.test.WatchDog.cancel(): canceling Fri Apr 20 02:42:49 UTC 2018
------------------ testing $PTII/ptolemy/domains/de/test/auto/TransferOutputs2.xml
auto.tcl: Setting watchdog for 200 seconds at Fri Apr 20 02:42:49 UTC 2018
6 ms. Memory: 287232K Free: 272811K (95%)
ptolemy.util.test.WatchDog.cancel(): canceling Fri Apr 20 02:42:49 UTC 2018
auto.tcl: Setting watchdog for 200 seconds at Fri Apr 20 02:42:49 UTC 2018
5 ms. Memory: 287232K Free: 270201K (94%)
ptolemy.util.test.WatchDog.cancel(): canceling Fri Apr 20 02:42:49 UTC 2018
------------------ testing $PTII/ptolemy/domains/de/test/auto/Trilateration.xml
auto.tcl: Setting watchdog for 200 seconds at Fri Apr 20 02:42:49 UTC 2018
17323 ms. Memory: 650240K Free: 293335K (45%)
ptolemy.util.test.WatchDog.cancel(): canceling Fri Apr 20 02:43:08 UTC 2018
auto.tcl: Setting watchdog for 200 seconds at Fri Apr 20 02:43:08 UTC 2018
12901 ms. Memory: 532480K Free: 116474K (22%)
ptolemy.util.test.WatchDog.cancel(): canceling Fri Apr 20 02:43:21 UTC 2018
------------------ testing $PTII/ptolemy/domains/de/test/auto/TwoSigmaDelta.xml
auto.tcl: Setting watchdog for 200 seconds at Fri Apr 20 02:43:21 UTC 2018
3026 ms. Memory: 528896K Free: 209482K (40%)
ptolemy.util.test.WatchDog.cancel(): canceling Fri Apr 20 02:43:24 UTC 2018
auto.tcl: Setting watchdog for 200 seconds at Fri Apr 20 02:43:24 UTC 2018
2643 ms. Memory: 511488K Free: 392203K (77%)
ptolemy.util.test.WatchDog.cancel(): canceling Fri Apr 20 02:43:27 UTC 2018
------------------ testing $PTII/ptolemy/domains/de/test/auto/VariableDelay.xml
auto.tcl: Setting watchdog for 200 seconds at Fri Apr 20 02:43:27 UTC 2018
3 ms. Memory: 508416K Free: 488426K (96%)
ptolemy.util.test.WatchDog.cancel(): canceling Fri Apr 20 02:43:27 UTC 2018
auto.tcl: Setting watchdog for 200 seconds at Fri Apr 20 02:43:27 UTC 2018
2 ms. Memory: 508416K Free: 488426K (96%)
ptolemy.util.test.WatchDog.cancel(): canceling Fri Apr 20 02:43:27 UTC 2018
------------------ testing $PTII/ptolemy/domains/de/test/auto/VariableDelay2.xml
auto.tcl: Setting watchdog for 200 seconds at Fri Apr 20 02:43:27 UTC 2018
2 ms. Memory: 511488K Free: 496180K (97%)
ptolemy.util.test.WatchDog.cancel(): canceling Fri Apr 20 02:43:27 UTC 2018
auto.tcl: Setting watchdog for 200 seconds at Fri Apr 20 02:43:27 UTC 2018
2 ms. Memory: 511488K Free: 496180K (97%)
ptolemy.util.test.WatchDog.cancel(): canceling Fri Apr 20 02:43:27 UTC 2018
------------------ testing $PTII/ptolemy/domains/de/test/auto/VariableDelayZeroDelay.xml
auto.tcl: Setting watchdog for 200 seconds at Fri Apr 20 02:43:27 UTC 2018
3 ms. Memory: 508416K Free: 488837K (96%)
ptolemy.util.test.WatchDog.cancel(): canceling Fri Apr 20 02:43:27 UTC 2018
auto.tcl: Setting watchdog for 200 seconds at Fri Apr 20 02:43:27 UTC 2018
3 ms. Memory: 508416K Free: 488830K (96%)
ptolemy.util.test.WatchDog.cancel(): canceling Fri Apr 20 02:43:27 UTC 2018
------------------ testing $PTII/ptolemy/domains/de/test/auto/VariableDelayZeroDelay2.xml
auto.tcl: Setting watchdog for 200 seconds at Fri Apr 20 02:43:27 UTC 2018
3 ms. Memory: 510976K Free: 495664K (97%)
ptolemy.util.test.WatchDog.cancel(): canceling Fri Apr 20 02:43:27 UTC 2018
auto.tcl: Setting watchdog for 200 seconds at Fri Apr 20 02:43:27 UTC 2018
2 ms. Memory: 510976K Free: 495664K (97%)
ptolemy.util.test.WatchDog.cancel(): canceling Fri Apr 20 02:43:27 UTC 2018
------------------ testing $PTII/ptolemy/domains/de/test/auto/deInCt.xml
auto.tcl: Setting watchdog for 200 seconds at Fri Apr 20 02:43:27 UTC 2018
0
1
1
1
1
1
1
1
1
0
0
0
0
1
1
1
0
0
0
0
0
7 ms. Memory: 508416K Free: 488824K (96%)
ptolemy.util.test.WatchDog.cancel(): canceling Fri Apr 20 02:43:27 UTC 2018
auto.tcl: Setting watchdog for 200 seconds at Fri Apr 20 02:43:27 UTC 2018
0
1
1
1
0
0
0
1
1
1
1
0
0
0
1
1
1
0
0
1
1
1
0
0
0
1
1
1
0
0
0
1
1
1
0
0
0
1
1
1
0
0
0
1
1
1
1
1
0
0
0
1
1
1
6 ms. Memory: 508416K Free: 488824K (96%)
ptolemy.util.test.WatchDog.cancel(): canceling Fri Apr 20 02:43:27 UTC 2018
------------------ testing $PTII/ptolemy/domains/de/test/auto/deInCt2.xml
auto.tcl: Setting watchdog for 200 seconds at Fri Apr 20 02:43:27 UTC 2018
0
1
1
1
0
0
1
1
1
0
0
1
1
1
0
0
1
1
1
0
0
1
1
1
0
0
1
1
1
0
0
1
1
1
0
0
1
1
1
0
0
0
5 ms. Memory: 510464K Free: 495142K (97%)
ptolemy.util.test.WatchDog.cancel(): canceling Fri Apr 20 02:43:27 UTC 2018
auto.tcl: Setting watchdog for 200 seconds at Fri Apr 20 02:43:27 UTC 2018
0
1
1
1
0
0
1
1
1
0
0
1
1
1
0
0
1
1
1
0
0
1
1
1
0
0
1
1
1
0
0
1
1
1
0
0
1
1
1
0
0
0
7 ms. Memory: 510464K Free: 495142K (97%)
ptolemy.util.test.WatchDog.cancel(): canceling Fri Apr 20 02:43:27 UTC 2018
------------------ testing $PTII/ptolemy/domains/de/test/auto/dynamicCausalityInterface1.xml
auto.tcl: Setting watchdog for 200 seconds at Fri Apr 20 02:43:27 UTC 2018
1 ms. Memory: 508416K Free: 486699K (96%)
ptolemy.util.test.WatchDog.cancel(): canceling Fri Apr 20 02:43:27 UTC 2018
auto.tcl: Setting watchdog for 200 seconds at Fri Apr 20 02:43:27 UTC 2018
2 ms. Memory: 508416K Free: 486699K (96%)
ptolemy.util.test.WatchDog.cancel(): canceling Fri Apr 20 02:43:27 UTC 2018
------------------ testing $PTII/ptolemy/domains/de/test/auto/fsm_de_test.xml
auto.tcl: Setting watchdog for 200 seconds at Fri Apr 20 02:43:27 UTC 2018
13 ms. Memory: 510464K Free: 484372K (95%)
ptolemy.util.test.WatchDog.cancel(): canceling Fri Apr 20 02:43:27 UTC 2018
auto.tcl: Setting watchdog for 200 seconds at Fri Apr 20 02:43:27 UTC 2018
9 ms. Memory: 510464K Free: 484372K (95%)
ptolemy.util.test.WatchDog.cancel(): canceling Fri Apr 20 02:43:27 UTC 2018
------------------ testing $PTII/ptolemy/domains/de/test/auto/functionDependencyReconstruction.xml
auto.tcl: Setting watchdog for 200 seconds at Fri Apr 20 02:43:27 UTC 2018
3 ms. Memory: 508416K Free: 475934K (94%)
ptolemy.util.test.WatchDog.cancel(): canceling Fri Apr 20 02:43:27 UTC 2018
auto.tcl: Setting watchdog for 200 seconds at Fri Apr 20 02:43:27 UTC 2018
3 ms. Memory: 508416K Free: 475934K (94%)
ptolemy.util.test.WatchDog.cancel(): canceling Fri Apr 20 02:43:27 UTC 2018
------------------ testing $PTII/ptolemy/domains/de/test/auto/multirate.xml
auto.tcl: Setting watchdog for 200 seconds at Fri Apr 20 02:43:27 UTC 2018
4 ms. Memory: 509952K Free: 490117K (96%)
ptolemy.util.test.WatchDog.cancel(): canceling Fri Apr 20 02:43:27 UTC 2018
auto.tcl: Setting watchdog for 200 seconds at Fri Apr 20 02:43:27 UTC 2018
4 ms. Memory: 509952K Free: 483720K (95%)
ptolemy.util.test.WatchDog.cancel(): canceling Fri Apr 20 02:43:27 UTC 2018
------------------ testing $PTII/ptolemy/domains/de/test/auto/multirate2.xml
auto.tcl: Setting watchdog for 200 seconds at Fri Apr 20 02:43:28 UTC 2018
7 ms. Memory: 508416K Free: 488776K (96%)
ptolemy.util.test.WatchDog.cancel(): canceling Fri Apr 20 02:43:28 UTC 2018
auto.tcl: Setting watchdog for 200 seconds at Fri Apr 20 02:43:28 UTC 2018
3 ms. Memory: 508416K Free: 482379K (95%)
ptolemy.util.test.WatchDog.cancel(): canceling Fri Apr 20 02:43:28 UTC 2018
------------------ testing $PTII/ptolemy/domains/de/test/auto/realtime.xml
auto.tcl: Setting watchdog for 200 seconds at Fri Apr 20 02:43:28 UTC 2018
10001 ms. Memory: 509952K Free: 490304K (96%)
ptolemy.util.test.WatchDog.cancel(): canceling Fri Apr 20 02:43:38 UTC 2018
auto.tcl: Setting watchdog for 200 seconds at Fri Apr 20 02:43:38 UTC 2018
10002 ms. Memory: 509952K Free: 490304K (96%)
ptolemy.util.test.WatchDog.cancel(): canceling Fri Apr 20 02:43:48 UTC 2018
------------------ testing $PTII/ptolemy/domains/de/test/auto/relationGroup.xml
auto.tcl: Setting watchdog for 200 seconds at Fri Apr 20 02:43:48 UTC 2018
2 ms. Memory: 508416K Free: 493070K (97%)
ptolemy.util.test.WatchDog.cancel(): canceling Fri Apr 20 02:43:48 UTC 2018
auto.tcl: Setting watchdog for 200 seconds at Fri Apr 20 02:43:48 UTC 2018
2 ms. Memory: 508416K Free: 493070K (97%)
ptolemy.util.test.WatchDog.cancel(): canceling Fri Apr 20 02:43:48 UTC 2018
------------------ testing $PTII/ptolemy/domains/de/test/auto/relationGroup2.xml
auto.tcl: Setting watchdog for 200 seconds at Fri Apr 20 02:43:48 UTC 2018
2 ms. Memory: 509440K Free: 489851K (96%)
ptolemy.util.test.WatchDog.cancel(): canceling Fri Apr 20 02:43:48 UTC 2018
auto.tcl: Setting watchdog for 200 seconds at Fri Apr 20 02:43:48 UTC 2018
2 ms. Memory: 509440K Free: 489851K (96%)
ptolemy.util.test.WatchDog.cancel(): canceling Fri Apr 20 02:43:48 UTC 2018
------------------ testing $PTII/ptolemy/domains/de/test/auto/sortWithOpaquePorts.xml
auto.tcl: Setting watchdog for 200 seconds at Fri Apr 20 02:43:48 UTC 2018
1 ms. Memory: 508416K Free: 488828K (96%)
ptolemy.util.test.WatchDog.cancel(): canceling Fri Apr 20 02:43:48 UTC 2018
auto.tcl: Setting watchdog for 200 seconds at Fri Apr 20 02:43:48 UTC 2018
1 ms. Memory: 508416K Free: 488828K (96%)
ptolemy.util.test.WatchDog.cancel(): canceling Fri Apr 20 02:43:48 UTC 2018
------------------ testing $PTII/ptolemy/domains/de/test/auto/transferInputsandOutputs.xml
auto.tcl: Setting watchdog for 200 seconds at Fri Apr 20 02:43:48 UTC 2018
2 ms. Memory: 509440K Free: 489839K (96%)
ptolemy.util.test.WatchDog.cancel(): canceling Fri Apr 20 02:43:48 UTC 2018
auto.tcl: Setting watchdog for 200 seconds at Fri Apr 20 02:43:48 UTC 2018
2 ms. Memory: 509440K Free: 483458K (95%)
ptolemy.util.test.WatchDog.cancel(): canceling Fri Apr 20 02:43:48 UTC 2018
------------------ testing $PTII/ptolemy/domains/de/test/auto/triggerType.xml
auto.tcl: Setting watchdog for 200 seconds at Fri Apr 20 02:43:48 UTC 2018
2 ms. Memory: 508416K Free: 488766K (96%)
ptolemy.util.test.WatchDog.cancel(): canceling Fri Apr 20 02:43:48 UTC 2018
auto.tcl: Setting watchdog for 200 seconds at Fri Apr 20 02:43:48 UTC 2018
2 ms. Memory: 508416K Free: 488766K (96%)
ptolemy.util.test.WatchDog.cancel(): canceling Fri Apr 20 02:43:48 UTC 2018
04/20/18 02:43:48
Failed: 0  Total Tests: 192  ((Passed: 187, Newly Passed: 1)  Known Failed: 5) /home/travis/build/icyphy/ptII/ptolemy/domains/de/test
04/20/18 02:43:48
Failed: 0  Total Tests: 192  ((Passed: 187, Newly Passed: 1)  Known Failed: 5) /home/travis/build/icyphy/ptII/ptolemy/domains/de/test
----------------- testing (KnownFailure) /home/travis/build/icyphy/ptII/ptolemy/domains/de/test/auto/knownFailedTests/DESDFClockTest.xml
2009 ms. Memory: 509440K Free: 472740K (93%)
Known Failure: java.lang.reflect.InvocationTargetException
----------------- testing (KnownFailure) /home/travis/build/icyphy/ptII/ptolemy/domains/de/test/auto/knownFailedTests/DirectFeedback.xml
1 ms. Memory: 509440K Free: 438579K (86%)
Known Failure: java.lang.reflect.InvocationTargetException
----------------- testing (KnownFailure) /home/travis/build/icyphy/ptII/ptolemy/domains/de/test/auto/knownFailedTests/FSMSource.xml
5 ms. Memory: 509440K Free: 404418K (79%)
----------------- testing (KnownFailure) /home/travis/build/icyphy/ptII/ptolemy/domains/de/test/auto/knownFailedTests/HierarchicalModel.xml
1 ms. Memory: 509440K Free: 378782K (74%)
Known Failure: java.lang.reflect.InvocationTargetException
----------------- testing (KnownFailure) /home/travis/build/icyphy/ptII/ptolemy/domains/de/test/auto/knownFailedTests/dependencyLoop.xml
2 ms. Memory: 509440K Free: 336065K (66%)
Known Failure: java.lang.reflect.InvocationTargetException
----------------- testing (KnownFailure) /home/travis/build/icyphy/ptII/ptolemy/domains/de/test/auto/knownFailedTests/dependencyLoop2.xml
2 ms. Memory: 509440K Free: 293347K (58%)
Known Failure: java.lang.reflect.InvocationTargetException
No auto/*.xml tests in /home/travis/build/icyphy/ptII/ptolemy/domains/de/test
AutoTests.java: About to close Vertx.
AutoTests.java: Vertx closed.
----------------- testing Fri Apr 20 02:43:50 UTC 2018 /home/travis/build/icyphy/ptII/ptolemy/domains/de/test/auto/ActorDepthCalculation_actorWithoutPorts.xml
2 ms. Memory: 509440K Free: 250646K (49%)
reloadAllAccessors: .ActorDepthCalculation_actorWithoutPorts
----------------- testing Fri Apr 20 02:43:50 UTC 2018 /home/travis/build/icyphy/ptII/ptolemy/domains/de/test/auto/AssemblyLine.xml
2 ms. Memory: 509440K Free: 233566K (46%)
reloadAllAccessors: .AssemblyLine
----------------- testing Fri Apr 20 02:43:50 UTC 2018 /home/travis/build/icyphy/ptII/ptolemy/domains/de/test/auto/CQBug1.xml
0 ms. Memory: 509440K Free: 216485K (42%)
reloadAllAccessors: .CQBug1
----------------- testing Fri Apr 20 02:43:50 UTC 2018 /home/travis/build/icyphy/ptII/ptolemy/domains/de/test/auto/CancelFireAt.xml
1 ms. Memory: 509440K Free: 199405K (39%)
reloadAllAccessors: .CancelFireAt
----------------- testing Fri Apr 20 02:43:50 UTC 2018 /home/travis/build/icyphy/ptII/ptolemy/domains/de/test/auto/CausalityAndComposabilityAnalysis.xml
1 ms. Memory: 509440K Free: 182325K (36%)
reloadAllAccessors: .CausalityAndComposabilityAnalysis
----------------- testing Fri Apr 20 02:43:50 UTC 2018 /home/travis/build/icyphy/ptII/ptolemy/domains/de/test/auto/CausalityInterface1.xml
4 ms. Memory: 509440K Free: 165244K (32%)
reloadAllAccessors: .CausalityInterface1
----------------- testing Fri Apr 20 02:43:50 UTC 2018 /home/travis/build/icyphy/ptII/ptolemy/domains/de/test/auto/CausalityInterface15.xml
2 ms. Memory: 509440K Free: 148164K (29%)
reloadAllAccessors: .CausalityInterface15
----------------- testing Fri Apr 20 02:43:50 UTC 2018 /home/travis/build/icyphy/ptII/ptolemy/domains/de/test/auto/CausalityInterface2.xml
1 ms. Memory: 509440K Free: 131083K (26%)
reloadAllAccessors: .CausalityInterface2
----------------- testing Fri Apr 20 02:43:50 UTC 2018 /home/travis/build/icyphy/ptII/ptolemy/domains/de/test/auto/CausalityInterface3.xml
1 ms. Memory: 509440K Free: 114003K (22%)
reloadAllAccessors: .CausalityInterface3
----------------- testing Fri Apr 20 02:43:50 UTC 2018 /home/travis/build/icyphy/ptII/ptolemy/domains/de/test/auto/ClockDrift.xml
8 ms. Memory: 509440K Free: 88366K (17%)
reloadAllAccessors: .ClockDrift
----------------- testing Fri Apr 20 02:43:50 UTC 2018 /home/travis/build/icyphy/ptII/ptolemy/domains/de/test/auto/ClockDriftAndValueChange.xml
14 ms. Memory: 488960K Free: 475684K (97%)
reloadAllAccessors: .ClockDriftAndValueChange
----------------- testing Fri Apr 20 02:43:50 UTC 2018 /home/travis/build/icyphy/ptII/ptolemy/domains/de/test/auto/ClockDriftChange.xml
8 ms. Memory: 488960K Free: 451250K (92%)
reloadAllAccessors: .ClockDriftChange
----------------- testing Fri Apr 20 02:43:50 UTC 2018 /home/travis/build/icyphy/ptII/ptolemy/domains/de/test/auto/ComposableCausalityAnalysis.xml
1 ms. Memory: 488960K Free: 439023K (90%)
reloadAllAccessors: .ComposableCausalityAnalysis
----------------- testing Fri Apr 20 02:43:50 UTC 2018 /home/travis/build/icyphy/ptII/ptolemy/domains/de/test/auto/DEFixedPointLimitation.xml
1 ms. Memory: 488960K Free: 430872K (88%)
reloadAllAccessors: .DEFixedPointLimitation
----------------- testing Fri Apr 20 02:43:50 UTC 2018 /home/travis/build/icyphy/ptII/ptolemy/domains/de/test/auto/DEScheduleTest.xml
1 ms. Memory: 488960K Free: 422721K (86%)
reloadAllAccessors: .DEScheduleTest
----------------- testing Fri Apr 20 02:43:50 UTC 2018 /home/travis/build/icyphy/ptII/ptolemy/domains/de/test/auto/DEinDEwithStartTimes.xml
2 ms. Memory: 488960K Free: 410478K (84%)
reloadAllAccessors: .DEinDEwithStartTimes
----------------- testing Fri Apr 20 02:43:51 UTC 2018 /home/travis/build/icyphy/ptII/ptolemy/domains/de/test/auto/DEinDEwithStartTimes2.xml
3 ms. Memory: 488960K Free: 398232K (81%)
reloadAllAccessors: .DEinDEwithStartTimes2
----------------- testing Fri Apr 20 02:43:51 UTC 2018 /home/travis/build/icyphy/ptII/ptolemy/domains/de/test/auto/DateDemo.xml
5 ms. Memory: 488960K Free: 381913K (78%)
reloadAllAccessors: .DateDemo
----------------- testing Fri Apr 20 02:43:51 UTC 2018 /home/travis/build/icyphy/ptII/ptolemy/domains/de/test/auto/DateToEvent.xml
2005 ms. Memory: 488960K Free: 357412K (73%)
reloadAllAccessors: .DateToEvent
[...]
java.lang.RuntimeException: Execution failed
	at ptolemy.moml.MoMLSimpleApplication$UnloadThread.run(MoMLSimpleApplication.java:402)
Caused by: ptolemy.kernel.util.IllegalActionException: Test fails in iteration 1.
Value was: 1.0. Should have been: 2.0
  in .DirectFeedback.Test
	at ptolemy.actor.lib.Test.fire(Test.java:268)
	at ptolemy.domains.de.kernel.DEDirector._fire(DEDirector.java:1948)
	at ptolemy.domains.de.kernel.DEDirector.fire(DEDirector.java:502)
	at ptolemy.actor.CompositeActor.fire(CompositeActor.java:455)
	at ptolemy.actor.Manager.iterate(Manager.java:851)
	at ptolemy.actor.Manager.execute(Manager.java:369)
	at ptolemy.actor.Manager.run(Manager.java:1263)
	at ptolemy.actor.Manager$PtolemyRunThread.run(Manager.java:1915)
java.lang.RuntimeException: Execution failed
	at ptolemy.moml.MoMLSimpleApplication$UnloadThread.run(MoMLSimpleApplication.java:402)
Caused by: ptolemy.kernel.util.IllegalActionException: Actor is not ready to fire.  Perhaps UpSample.prefire() returned false? Try debugging the actor by selecting "Listen to Actor".  Also, for SDF check moml for tokenConsumptionRate on input.
  in .DESDFClockTest.Play Bell.Copy1:SDF Director and .DESDFClockTest.Play Bell.UpSample
	at ptolemy.actor.sched.StaticSchedulingDirector.fire(StaticSchedulingDirector.java:227)
	at ptolemy.domains.sdf.kernel.SDFDirector.fire(SDFDirector.java:500)
	at ptolemy.actor.CompositeActor.fire(CompositeActor.java:455)
	at ptolemy.domains.de.kernel.DEDirector._fire(DEDirector.java:1948)
	at ptolemy.domains.de.kernel.DEDirector.fire(DEDirector.java:502)
	at ptolemy.actor.CompositeActor.fire(CompositeActor.java:455)
	at ptolemy.actor.Manager.iterate(Manager.java:851)
	at ptolemy.actor.Manager.execute(Manager.java:369)
	at ptolemy.actor.Manager.run(Manager.java:1263)
	at ptolemy.actor.Manager$PtolemyRunThread.run(Manager.java:1915)
java.lang.reflect.InvocationTargetException
	at sun.reflect.NativeConstructorAccessorImpl.newInstance0(Native Method)
	at sun.reflect.NativeConstructorAccessorImpl.newInstance(NativeConstructorAccessorImpl.java:62)
	at sun.reflect.DelegatingConstructorAccessorImpl.newInstance(DelegatingConstructorAccessorImpl.java:45)
	at java.lang.reflect.Constructor.newInstance(Constructor.java:423)
	at ptolemy.util.test.junit.AutoKnownFailedTests.RunModel(AutoKnownFailedTests.java:107)
	at sun.reflect.NativeMethodAccessorImpl.invoke0(Native Method)
	at sun.reflect.NativeMethodAccessorImpl.invoke(NativeMethodAccessorImpl.java:62)
	at sun.reflect.DelegatingMethodAccessorImpl.invoke(DelegatingMethodAccessorImpl.java:43)
	at java.lang.reflect.Method.invoke(Method.java:498)
	at org.junit.runners.model.FrameworkMethod$1.runReflectiveCall(FrameworkMethod.java:44)
	at org.junit.internal.runners.model.ReflectiveCallable.run(ReflectiveCallable.java:15)
	at org.junit.runners.model.FrameworkMethod.invokeExplosively(FrameworkMethod.java:41)
	at junitparams.internal.InvokeParameterisedMethod.evaluate(InvokeParameterisedMethod.java:102)
	at org.junit.internal.runners.statements.FailOnTimeout$1.run(FailOnTimeout.java:28)
Caused by: ptolemy.kernel.util.IllegalActionException: Actor is not ready to fire.  Perhaps UpSample.prefire() returned false? Try debugging the actor by selecting "Listen to Actor".  Also, for SDF check moml for tokenConsumptionRate on input.
  in .DESDFClockTest.Play Bell.Copy1:SDF Director and .DESDFClockTest.Play Bell.UpSample
	at ptolemy.actor.sched.StaticSchedulingDirector.fire(StaticSchedulingDirector.java:227)
	at ptolemy.domains.sdf.kernel.SDFDirector.fire(SDFDirector.java:500)
	at ptolemy.actor.CompositeActor.fire(CompositeActor.java:455)
	at ptolemy.domains.de.kernel.DEDirector._fire(DEDirector.java:1948)
	at ptolemy.domains.de.kernel.DEDirector.fire(DEDirector.java:502)
	at ptolemy.actor.CompositeActor.fire(CompositeActor.java:455)
	at ptolemy.actor.Manager.iterate(Manager.java:851)
	at ptolemy.actor.Manager.execute(Manager.java:369)
	at ptolemy.actor.Manager.run(Manager.java:1263)
	at ptolemy.actor.Manager$PtolemyRunThread.run(Manager.java:1915)
java.lang.RuntimeException: Execution failed
	at ptolemy.moml.MoMLSimpleApplication$UnloadThread.run(MoMLSimpleApplication.java:402)
Caused by: ptolemy.kernel.util.IllegalActionException: Test fails in iteration 1.
Value was: 1.0. Should have been: 2.0
  in .DirectFeedback.Test
	at ptolemy.actor.lib.Test.fire(Test.java:268)
	at ptolemy.domains.de.kernel.DEDirector._fire(DEDirector.java:1948)
	at ptolemy.domains.de.kernel.DEDirector.fire(DEDirector.java:502)
	at ptolemy.actor.CompositeActor.fire(CompositeActor.java:455)
	at ptolemy.actor.Manager.iterate(Manager.java:851)
	at ptolemy.actor.Manager.execute(Manager.java:369)
	at ptolemy.actor.Manager.run(Manager.java:1263)
	at ptolemy.actor.Manager$PtolemyRunThread.run(Manager.java:1915)
java.lang.reflect.InvocationTargetException
	at sun.reflect.NativeConstructorAccessorImpl.newInstance0(Native Method)
	at sun.reflect.NativeConstructorAccessorImpl.newInstance(NativeConstructorAccessorImpl.java:62)
	at sun.reflect.DelegatingConstructorAccessorImpl.newInstance(DelegatingConstructorAccessorImpl.java:45)
	at java.lang.reflect.Constructor.newInstance(Constructor.java:423)
	at ptolemy.util.test.junit.AutoKnownFailedTests.RunModel(AutoKnownFailedTests.java:107)
	at sun.reflect.NativeMethodAccessorImpl.invoke0(Native Method)
	at sun.reflect.NativeMethodAccessorImpl.invoke(NativeMethodAccessorImpl.java:62)
	at sun.reflect.DelegatingMethodAccessorImpl.invoke(DelegatingMethodAccessorImpl.java:43)
	at java.lang.reflect.Method.invoke(Method.java:498)
	at org.junit.runners.model.FrameworkMethod$1.runReflectiveCall(FrameworkMethod.java:44)
	at org.junit.internal.runners.model.ReflectiveCallable.run(ReflectiveCallable.java:15)
	at org.junit.runners.model.FrameworkMethod.invokeExplosively(FrameworkMethod.java:41)
	at junitparams.internal.InvokeParameterisedMethod.evaluate(InvokeParameterisedMethod.java:102)
	at org.junit.internal.runners.statements.FailOnTimeout$1.run(FailOnTimeout.java:28)
Caused by: ptolemy.kernel.util.IllegalActionException: Test fails in iteration 1.
Value was: 1.0. Should have been: 2.0
  in .DirectFeedback.Test
	at ptolemy.actor.lib.Test.fire(Test.java:268)
	at ptolemy.domains.de.kernel.DEDirector._fire(DEDirector.java:1948)
	at ptolemy.domains.de.kernel.DEDirector.fire(DEDirector.java:502)
	at ptolemy.actor.CompositeActor.fire(CompositeActor.java:455)
	at ptolemy.actor.Manager.iterate(Manager.java:851)
	at ptolemy.actor.Manager.execute(Manager.java:369)
	at ptolemy.actor.Manager.run(Manager.java:1263)
	at ptolemy.actor.Manager$PtolemyRunThread.run(Manager.java:1915)
java.lang.RuntimeException: Execution failed
	at ptolemy.moml.MoMLSimpleApplication$UnloadThread.run(MoMLSimpleApplication.java:402)
Caused by: ptolemy.kernel.util.IllegalActionException: Found a zero delay loop containing .HierarchicalModel.A
  in .HierarchicalModel and .HierarchicalModel.A
	at ptolemy.actor.util.CausalityInterfaceForComposites._computeOutputPortDepth(CausalityInterfaceForComposites.java:759)
	at ptolemy.actor.util.CausalityInterfaceForComposites._computeInputDepth(CausalityInterfaceForComposites.java:696)
	at ptolemy.actor.util.CausalityInterfaceForComposites._computeOutputPortDepth(CausalityInterfaceForComposites.java:765)
	at ptolemy.actor.util.CausalityInterfaceForComposites._computeInputDepth(CausalityInterfaceForComposites.java:696)
	at ptolemy.actor.util.CausalityInterfaceForComposites._computeOutputPortDepth(CausalityInterfaceForComposites.java:765)
	at ptolemy.actor.util.CausalityInterfaceForComposites._computeInputDepth(CausalityInterfaceForComposites.java:696)
	at ptolemy.actor.util.CausalityInterfaceForComposites._computeActorDepth(CausalityInterfaceForComposites.java:532)
	at ptolemy.actor.util.CausalityInterfaceForComposites.checkForCycles(CausalityInterfaceForComposites.java:96)
	at ptolemy.domains.de.kernel.DEDirector.preinitialize(DEDirector.java:1337)
	at ptolemy.actor.CompositeActor.preinitialize(CompositeActor.java:1828)
	at ptolemy.actor.Manager.preinitializeAndResolveTypes(Manager.java:1040)
	at ptolemy.actor.Manager.initialize(Manager.java:710)
	at ptolemy.actor.Manager.execute(Manager.java:356)
	at ptolemy.actor.Manager.run(Manager.java:1263)
	at ptolemy.actor.Manager$PtolemyRunThread.run(Manager.java:1915)
java.lang.reflect.InvocationTargetException
	at sun.reflect.NativeConstructorAccessorImpl.newInstance0(Native Method)
	at sun.reflect.NativeConstructorAccessorImpl.newInstance(NativeConstructorAccessorImpl.java:62)
	at sun.reflect.DelegatingConstructorAccessorImpl.newInstance(DelegatingConstructorAccessorImpl.java:45)
	at java.lang.reflect.Constructor.newInstance(Constructor.java:423)
	at ptolemy.util.test.junit.AutoKnownFailedTests.RunModel(AutoKnownFailedTests.java:107)
	at sun.reflect.NativeMethodAccessorImpl.invoke0(Native Method)
	at sun.reflect.NativeMethodAccessorImpl.invoke(NativeMethodAccessorImpl.java:62)
	at sun.reflect.DelegatingMethodAccessorImpl.invoke(DelegatingMethodAccessorImpl.java:43)
	at java.lang.reflect.Method.invoke(Method.java:498)
	at org.junit.runners.model.FrameworkMethod$1.runReflectiveCall(FrameworkMethod.java:44)
	at org.junit.internal.runners.model.ReflectiveCallable.run(ReflectiveCallable.java:15)
	at org.junit.runners.model.FrameworkMethod.invokeExplosively(FrameworkMethod.java:41)
	at junitparams.internal.InvokeParameterisedMethod.evaluate(InvokeParameterisedMethod.java:102)
	at org.junit.internal.runners.statements.FailOnTimeout$1.run(FailOnTimeout.java:28)
Caused by: ptolemy.kernel.util.IllegalActionException: Found a zero delay loop containing .HierarchicalModel.A
  in .HierarchicalModel and .HierarchicalModel.A
	at ptolemy.actor.util.CausalityInterfaceForComposites._computeOutputPortDepth(CausalityInterfaceForComposites.java:759)
	at ptolemy.actor.util.CausalityInterfaceForComposites._computeInputDepth(CausalityInterfaceForComposites.java:696)
	at ptolemy.actor.util.CausalityInterfaceForComposites._computeOutputPortDepth(CausalityInterfaceForComposites.java:765)
	at ptolemy.actor.util.CausalityInterfaceForComposites._computeInputDepth(CausalityInterfaceForComposites.java:696)
	at ptolemy.actor.util.CausalityInterfaceForComposites._computeOutputPortDepth(CausalityInterfaceForComposites.java:765)
	at ptolemy.actor.util.CausalityInterfaceForComposites._computeInputDepth(CausalityInterfaceForComposites.java:696)
	at ptolemy.actor.util.CausalityInterfaceForComposites._computeActorDepth(CausalityInterfaceForComposites.java:532)
	at ptolemy.actor.util.CausalityInterfaceForComposites.checkForCycles(CausalityInterfaceForComposites.java:96)
	at ptolemy.domains.de.kernel.DEDirector.preinitialize(DEDirector.java:1337)
	at ptolemy.actor.CompositeActor.preinitialize(CompositeActor.java:1828)
	at ptolemy.actor.Manager.preinitializeAndResolveTypes(Manager.java:1040)
	at ptolemy.actor.Manager.initialize(Manager.java:710)
	at ptolemy.actor.Manager.execute(Manager.java:356)
	at ptolemy.actor.Manager.run(Manager.java:1263)
	at ptolemy.actor.Manager$PtolemyRunThread.run(Manager.java:1915)
java.lang.RuntimeException: Execution failed
	at ptolemy.moml.MoMLSimpleApplication$UnloadThread.run(MoMLSimpleApplication.java:402)
Caused by: ptolemy.kernel.util.IllegalActionException: Found a zero delay loop containing .dependencyLoop.original
  in .dependencyLoop and .dependencyLoop.original
	at ptolemy.actor.util.CausalityInterfaceForComposites._computeOutputPortDepth(CausalityInterfaceForComposites.java:759)
	at ptolemy.actor.util.CausalityInterfaceForComposites._computeInputDepth(CausalityInterfaceForComposites.java:696)
	at ptolemy.actor.util.CausalityInterfaceForComposites._computeOutputPortDepth(CausalityInterfaceForComposites.java:765)
	at ptolemy.actor.util.CausalityInterfaceForComposites._computeInputDepth(CausalityInterfaceForComposites.java:696)
	at ptolemy.actor.util.CausalityInterfaceForComposites._computeOutputPortDepth(CausalityInterfaceForComposites.java:765)
	at ptolemy.actor.util.CausalityInterfaceForComposites._computeInputDepth(CausalityInterfaceForComposites.java:696)
	at ptolemy.actor.util.CausalityInterfaceForComposites._computeActorDepth(CausalityInterfaceForComposites.java:532)
	at ptolemy.actor.util.CausalityInterfaceForComposites.checkForCycles(CausalityInterfaceForComposites.java:96)
	at ptolemy.domains.de.kernel.DEDirector.preinitialize(DEDirector.java:1337)
	at ptolemy.actor.CompositeActor.preinitialize(CompositeActor.java:1828)
	at ptolemy.actor.Manager.preinitializeAndResolveTypes(Manager.java:1040)
	at ptolemy.actor.Manager.initialize(Manager.java:710)
	at ptolemy.actor.Manager.execute(Manager.java:356)
	at ptolemy.actor.Manager.run(Manager.java:1263)
	at ptolemy.actor.Manager$PtolemyRunThread.run(Manager.java:1915)
java.lang.reflect.InvocationTargetException
	at sun.reflect.NativeConstructorAccessorImpl.newInstance0(Native Method)
	at sun.reflect.NativeConstructorAccessorImpl.newInstance(NativeConstructorAccessorImpl.java:62)
	at sun.reflect.DelegatingConstructorAccessorImpl.newInstance(DelegatingConstructorAccessorImpl.java:45)
	at java.lang.reflect.Constructor.newInstance(Constructor.java:423)
	at ptolemy.util.test.junit.AutoKnownFailedTests.RunModel(AutoKnownFailedTests.java:107)
	at sun.reflect.NativeMethodAccessorImpl.invoke0(Native Method)
	at sun.reflect.NativeMethodAccessorImpl.invoke(NativeMethodAccessorImpl.java:62)
	at sun.reflect.DelegatingMethodAccessorImpl.invoke(DelegatingMethodAccessorImpl.java:43)
	at java.lang.reflect.Method.invoke(Method.java:498)
	at org.junit.runners.model.FrameworkMethod$1.runReflectiveCall(FrameworkMethod.java:44)
	at org.junit.internal.runners.model.ReflectiveCallable.run(ReflectiveCallable.java:15)
	at org.junit.runners.model.FrameworkMethod.invokeExplosively(FrameworkMethod.java:41)
	at junitparams.internal.InvokeParameterisedMethod.evaluate(InvokeParameterisedMethod.java:102)
	at org.junit.internal.runners.statements.FailOnTimeout$1.run(FailOnTimeout.java:28)
Caused by: ptolemy.kernel.util.IllegalActionException: Found a zero delay loop containing .dependencyLoop.original
  in .dependencyLoop and .dependencyLoop.original
	at ptolemy.actor.util.CausalityInterfaceForComposites._computeOutputPortDepth(CausalityInterfaceForComposites.java:759)
	at ptolemy.actor.util.CausalityInterfaceForComposites._computeInputDepth(CausalityInterfaceForComposites.java:696)
	at ptolemy.actor.util.CausalityInterfaceForComposites._computeOutputPortDepth(CausalityInterfaceForComposites.java:765)
	at ptolemy.actor.util.CausalityInterfaceForComposites._computeInputDepth(CausalityInterfaceForComposites.java:696)
	at ptolemy.actor.util.CausalityInterfaceForComposites._computeOutputPortDepth(CausalityInterfaceForComposites.java:765)
	at ptolemy.actor.util.CausalityInterfaceForComposites._computeInputDepth(CausalityInterfaceForComposites.java:696)
	at ptolemy.actor.util.CausalityInterfaceForComposites._computeActorDepth(CausalityInterfaceForComposites.java:532)
	at ptolemy.actor.util.CausalityInterfaceForComposites.checkForCycles(CausalityInterfaceForComposites.java:96)
	at ptolemy.domains.de.kernel.DEDirector.preinitialize(DEDirector.java:1337)
	at ptolemy.actor.CompositeActor.preinitialize(CompositeActor.java:1828)
	at ptolemy.actor.Manager.preinitializeAndResolveTypes(Manager.java:1040)
	at ptolemy.actor.Manager.initialize(Manager.java:710)
	at ptolemy.actor.Manager.execute(Manager.java:356)
	at ptolemy.actor.Manager.run(Manager.java:1263)
	at ptolemy.actor.Manager$PtolemyRunThread.run(Manager.java:1915)
java.lang.RuntimeException: Execution failed
	at ptolemy.moml.MoMLSimpleApplication$UnloadThread.run(MoMLSimpleApplication.java:402)
Caused by: ptolemy.kernel.util.IllegalActionException: Found a zero delay loop containing .dependencyLoop2.original
  in .dependencyLoop2 and .dependencyLoop2.original
	at ptolemy.actor.util.CausalityInterfaceForComposites._computeOutputPortDepth(CausalityInterfaceForComposites.java:759)
	at ptolemy.actor.util.CausalityInterfaceForComposites._computeInputDepth(CausalityInterfaceForComposites.java:696)
	at ptolemy.actor.util.CausalityInterfaceForComposites._computeOutputPortDepth(CausalityInterfaceForComposites.java:765)
	at ptolemy.actor.util.CausalityInterfaceForComposites._computeInputDepth(CausalityInterfaceForComposites.java:696)
	at ptolemy.actor.util.CausalityInterfaceForComposites._computeOutputPortDepth(CausalityInterfaceForComposites.java:765)
	at ptolemy.actor.util.CausalityInterfaceForComposites._computeInputDepth(CausalityInterfaceForComposites.java:696)
	at ptolemy.actor.util.CausalityInterfaceForComposites._computeActorDepth(CausalityInterfaceForComposites.java:532)
	at ptolemy.actor.util.CausalityInterfaceForComposites.checkForCycles(CausalityInterfaceForComposites.java:96)
	at ptolemy.domains.de.kernel.DEDirector.preinitialize(DEDirector.java:1337)
	at ptolemy.actor.CompositeActor.preinitialize(CompositeActor.java:1828)
	at ptolemy.actor.Manager.preinitializeAndResolveTypes(Manager.java:1040)
	at ptolemy.actor.Manager.initialize(Manager.java:710)
	at ptolemy.actor.Manager.execute(Manager.java:356)
	at ptolemy.actor.Manager.run(Manager.java:1263)
	at ptolemy.actor.Manager$PtolemyRunThread.run(Manager.java:1915)
java.lang.reflect.InvocationTargetException
	at sun.reflect.NativeConstructorAccessorImpl.newInstance0(Native Method)
	at sun.reflect.NativeConstructorAccessorImpl.newInstance(NativeConstructorAccessorImpl.java:62)
	at sun.reflect.DelegatingConstructorAccessorImpl.newInstance(DelegatingConstructorAccessorImpl.java:45)
	at java.lang.reflect.Constructor.newInstance(Constructor.java:423)
	at ptolemy.util.test.junit.AutoKnownFailedTests.RunModel(AutoKnownFailedTests.java:107)
	at sun.reflect.NativeMethodAccessorImpl.invoke0(Native Method)
	at sun.reflect.NativeMethodAccessorImpl.invoke(NativeMethodAccessorImpl.java:62)
	at sun.reflect.DelegatingMethodAccessorImpl.invoke(DelegatingMethodAccessorImpl.java:43)
	at java.lang.reflect.Method.invoke(Method.java:498)
	at org.junit.runners.model.FrameworkMethod$1.runReflectiveCall(FrameworkMethod.java:44)
	at org.junit.internal.runners.model.ReflectiveCallable.run(ReflectiveCallable.java:15)
	at org.junit.runners.model.FrameworkMethod.invokeExplosively(FrameworkMethod.java:41)
	at junitparams.internal.InvokeParameterisedMethod.evaluate(InvokeParameterisedMethod.java:102)
	at org.junit.internal.runners.statements.FailOnTimeout$1.run(FailOnTimeout.java:28)
Caused by: ptolemy.kernel.util.IllegalActionException: Found a zero delay loop containing .dependencyLoop2.original
  in .dependencyLoop2 and .dependencyLoop2.original
	at ptolemy.actor.util.CausalityInterfaceForComposites._computeOutputPortDepth(CausalityInterfaceForComposites.java:759)
	at ptolemy.actor.util.CausalityInterfaceForComposites._computeInputDepth(CausalityInterfaceForComposites.java:696)
	at ptolemy.actor.util.CausalityInterfaceForComposites._computeOutputPortDepth(CausalityInterfaceForComposites.java:765)
	at ptolemy.actor.util.CausalityInterfaceForComposites._computeInputDepth(CausalityInterfaceForComposites.java:696)
	at ptolemy.actor.util.CausalityInterfaceForComposites._computeOutputPortDepth(CausalityInterfaceForComposites.java:765)
	at ptolemy.actor.util.CausalityInterfaceForComposites._computeInputDepth(CausalityInterfaceForComposites.java:696)
	at ptolemy.actor.util.CausalityInterfaceForComposites._computeActorDepth(CausalityInterfaceForComposites.java:532)
	at ptolemy.actor.util.CausalityInterfaceForComposites.checkForCycles(CausalityInterfaceForComposites.java:96)
	at ptolemy.domains.de.kernel.DEDirector.preinitialize(DEDirector.java:1337)
	at ptolemy.actor.CompositeActor.preinitialize(CompositeActor.java:1828)
	at ptolemy.actor.Manager.preinitializeAndResolveTypes(Manager.java:1040)
	at ptolemy.actor.Manager.initialize(Manager.java:710)
	at ptolemy.actor.Manager.execute(Manager.java:356)
	at ptolemy.actor.Manager.run(Manager.java:1263)
	at ptolemy.actor.Manager$PtolemyRunThread.run(Manager.java:1915)
]]></system-err>
</testsuite>
