<?xml version="1.0" encoding="UTF-8" ?>
<testsuite errors="1" failures="2" hostname="travis-job-a4173100-ea3d-4552-8ec2-a1e34594f3db" name="org.terraswarm.accessor.test.junit.JUnitTclTest" skipped="0" tests="29" time="290.801" timestamp="2018-05-11T20:36:41">
  <properties>
[...]
</properties>
  <testcase classname="ptolemy.util.test.junit.TclTests" name="[0] /home/travis/build/icyphy/ptII/org/terraswarm/accessor/test/JSAccessor.tcl (RunTclFile)" time="15.901">
    <failure message="Number of failed tests is has increased. expected:&lt;0&gt; but was:&lt;1&gt;" type="junit.framework.AssertionFailedError">junit.framework.AssertionFailedError: Number of failed tests is has increased. expected:&lt;0&gt; but was:&lt;1&gt;
	at ptolemy.util.test.junit.TclTests.RunTclFile(TclTests.java:286)
	at junitparams.internal.InvokeParameterisedMethod.evaluate(InvokeParameterisedMethod.java:102)
	at junitparams.internal.ParameterisedTestMethodRunner.runMethodInvoker(ParameterisedTestMethodRunner.java:47)
	at junitparams.internal.ParameterisedTestMethodRunner.runTestMethod(ParameterisedTestMethodRunner.java:41)
	at junitparams.internal.ParameterisedTestClassRunner.runParameterisedTest(ParameterisedTestClassRunner.java:143)
	at junitparams.JUnitParamsRunner.runChild(JUnitParamsRunner.java:237)
	at junitparams.JUnitParamsRunner.runChild(JUnitParamsRunner.java:215)
</failure>
  </testcase>
  <testcase classname="ptolemy.util.test.junit.TclTests" name="[1] /home/travis/build/icyphy/ptII/org/terraswarm/accessor/test/WebSocketClientTest.tcl (RunTclFile)" time="151.453">
    <failure message="Number of failed tests is has increased. expected:&lt;1&gt; but was:&lt;2&gt;" type="junit.framework.AssertionFailedError">junit.framework.AssertionFailedError: Number of failed tests is has increased. expected:&lt;1&gt; but was:&lt;2&gt;
	at ptolemy.util.test.junit.TclTests.RunTclFile(TclTests.java:286)
	at junitparams.internal.InvokeParameterisedMethod.evaluate(InvokeParameterisedMethod.java:102)
	at junitparams.internal.ParameterisedTestMethodRunner.runMethodInvoker(ParameterisedTestMethodRunner.java:47)
	at junitparams.internal.ParameterisedTestMethodRunner.runTestMethod(ParameterisedTestMethodRunner.java:41)
	at junitparams.internal.ParameterisedTestClassRunner.runParameterisedTest(ParameterisedTestClassRunner.java:143)
	at junitparams.JUnitParamsRunner.runChild(JUnitParamsRunner.java:237)
	at junitparams.JUnitParamsRunner.runChild(JUnitParamsRunner.java:215)
</failure>
  </testcase>
  <testcase classname="ptolemy.util.test.junit.AutoKnownFailedTests" name="[0] ThereAreNoKnowFailedTests (RunModel)" time="0.0" />
  <testcase classname="ptolemy.util.test.junit.AutoNameArchTests" name="[0] ThereAreNoAutoTests (RunModel)" time="0.0" />
  <testcase classname="ptolemy.util.test.junit.AutoTests" name="[0] /home/travis/build/icyphy/ptII/org/terraswarm/accessor/test/auto/AccessViolation.xml (RunModel)" time="1.436" />
  <testcase classname="ptolemy.util.test.junit.AutoTests" name="[1] /home/travis/build/icyphy/ptII/org/terraswarm/accessor/test/auto/AccessViolation2.xml (RunModel)" time="2.23" />
  <testcase classname="ptolemy.util.test.junit.AutoTests" name="[2] /home/travis/build/icyphy/ptII/org/terraswarm/accessor/test/auto/Accessor1.xml (RunModel)" time="3.363" />
  <testcase classname="ptolemy.util.test.junit.AutoTests" name="[3] /home/travis/build/icyphy/ptII/org/terraswarm/accessor/test/auto/Accessor2.xml (RunModel)" time="1.814" />
  <testcase classname="ptolemy.util.test.junit.AutoTests" name="[4] /home/travis/build/icyphy/ptII/org/terraswarm/accessor/test/auto/CallbackWithSuppress.xml (RunModel)" time="22.981" />
  <testcase classname="ptolemy.util.test.junit.AutoTests" name="[5] /home/travis/build/icyphy/ptII/org/terraswarm/accessor/test/auto/Derived.xml (RunModel)" time="1.437" />
  <testcase classname="ptolemy.util.test.junit.AutoTests" name="[6] /home/travis/build/icyphy/ptII/org/terraswarm/accessor/test/auto/Derived2.xml (RunModel)" time="2.159" />
  <testcase classname="ptolemy.util.test.junit.AutoTests" name="[7] /home/travis/build/icyphy/ptII/org/terraswarm/accessor/test/auto/Derived3.xml (RunModel)" time="1.734" />
  <testcase classname="ptolemy.util.test.junit.AutoTests" name="[8] /home/travis/build/icyphy/ptII/org/terraswarm/accessor/test/auto/Derived4.xml (RunModel)" time="1.651" />
  <testcase classname="ptolemy.util.test.junit.AutoTests" name="[9] /home/travis/build/icyphy/ptII/org/terraswarm/accessor/test/auto/Derived5.xml (RunModel)" time="1.689" />
  <testcase classname="ptolemy.util.test.junit.AutoTests" name="[10] /home/travis/build/icyphy/ptII/org/terraswarm/accessor/test/auto/Derived6.xml (RunModel)" time="1.756" />
  <testcase classname="ptolemy.util.test.junit.AutoTests" name="[11] /home/travis/build/icyphy/ptII/org/terraswarm/accessor/test/auto/Derived8.xml (RunModel)" time="1.672" />
  <testcase classname="ptolemy.util.test.junit.AutoTests" name="[12] /home/travis/build/icyphy/ptII/org/terraswarm/accessor/test/auto/Derived9.xml (RunModel)" time="1.694" />
  <testcase classname="ptolemy.util.test.junit.AutoTests" name="[13] /home/travis/build/icyphy/ptII/org/terraswarm/accessor/test/auto/DerivedAgain.xml (RunModel)" time="2.605" />
  <testcase classname="ptolemy.util.test.junit.AutoTests" name="[14] /home/travis/build/icyphy/ptII/org/terraswarm/accessor/test/auto/DerivedAgain2.xml (RunModel)" time="2.51" />
  <testcase classname="ptolemy.util.test.junit.AutoTests" name="[15] /home/travis/build/icyphy/ptII/org/terraswarm/accessor/test/auto/DerivedAgain4.xml (RunModel)" time="1.682">
    <error type="java.lang.reflect.InvocationTargetException">java.lang.reflect.InvocationTargetException
	at java.lang.reflect.Constructor.newInstance(Constructor.java:423)
	at ptolemy.util.test.junit.AutoTests.RunModel(AutoTests.java:185)
	at junitparams.internal.InvokeParameterisedMethod.evaluate(InvokeParameterisedMethod.java:102)
Caused by: ptolemy.kernel.util.IllegalActionException: Test fails in iteration 0.
Value was: 42. Should have been: 43
  in .DerivedAgain4.Test
	at ptolemy.actor.lib.Test.fire(Test.java:268)
	at ptolemy.domains.de.kernel.DEDirector._fire(DEDirector.java:1948)
	at ptolemy.domains.de.kernel.DEDirector.fire(DEDirector.java:502)
	at ptolemy.actor.CompositeActor.fire(CompositeActor.java:455)
	at ptolemy.actor.Manager.iterate(Manager.java:851)
	at ptolemy.actor.Manager.execute(Manager.java:369)
	at ptolemy.actor.Manager.run(Manager.java:1263)
	at ptolemy.actor.Manager$PtolemyRunThread.run(Manager.java:1915)
</error>
  </testcase>
  <testcase classname="ptolemy.util.test.junit.AutoTests" name="[16] /home/travis/build/icyphy/ptII/org/terraswarm/accessor/test/auto/DerivedAgain5.xml (RunModel)" time="1.839" />
  <testcase classname="ptolemy.util.test.junit.AutoTests" name="[17] /home/travis/build/icyphy/ptII/org/terraswarm/accessor/test/auto/GetDate.xml (RunModel)" time="10.725" />
  <testcase classname="ptolemy.util.test.junit.AutoTests" name="[18] /home/travis/build/icyphy/ptII/org/terraswarm/accessor/test/auto/HandlerWithSuppress.xml (RunModel)" time="22.658" />
  <testcase classname="ptolemy.util.test.junit.AutoTests" name="[19] /home/travis/build/icyphy/ptII/org/terraswarm/accessor/test/auto/HttpRequest.xml (RunModel)" time="1.61" />
  <testcase classname="ptolemy.util.test.junit.AutoTests" name="[20] /home/travis/build/icyphy/ptII/org/terraswarm/accessor/test/auto/JSON.xml (RunModel)" time="3.741" />
  <testcase classname="ptolemy.util.test.junit.AutoTests" name="[21] /home/travis/build/icyphy/ptII/org/terraswarm/accessor/test/auto/ReadURL.xml (RunModel)" time="14.249" />
  <testcase classname="ptolemy.util.test.junit.AutoTests" name="[22] /home/travis/build/icyphy/ptII/org/terraswarm/accessor/test/auto/SendNullToOwnInput.xml (RunModel)" time="2.59" />
  <testcase classname="ptolemy.util.test.junit.AutoTests" name="[23] /home/travis/build/icyphy/ptII/org/terraswarm/accessor/test/auto/Stop.xml (RunModel)" time="9.549" />
  <testcase classname="ptolemy.util.test.junit.AutoTests" name="[24] /home/travis/build/icyphy/ptII/org/terraswarm/accessor/test/auto/Stop2.xml (RunModel)" time="3.938" />
  <system-out><![CDATA[/home/travis/build/icyphy/ptII/org/terraswarm/accessor/test/JSAccessor.tcl
testDefs.tcl: setting time out to 9000 seconds at Fri May 11 20:36:42 UTC 2018
JSAccessor: PT_NO_NET environment variable is set, so git pull and ptdoc are not being run.


==== $PTII/org/terraswarm/accessor/test/JSAccessor.tcl: JSAccessor-1.1 Test out importing of accessors
==== Contents of test case:

    # This is similar to ptolemy/actor/lib/fmi/test/FMUImport.tcl

    set e1 [sdfModel 5]
    set accessorFile [java::call ptolemy.util.FileUtilities nameToFile {$CLASSPATH/org/terraswarm/accessor/accessors/web/test/TestAccessor.js} [java::null]]
    set urlSpec [$accessorFile getCanonicalPath]

    # This call to accessorToMoML will checkout or update the accessor repo and run JSDoc
    set changeRequestText [java::call org.terraswarm.accessor.JSAccessor accessorToMoML $urlSpec]

    java::call org.terraswarm.accessor.JSAccessor handleAccessorMoMLChangeRequest $e1 $urlSpec $e1 $changeRequestText 100 100

    set accessor [java::cast org.terraswarm.accessor.JSAccessor [$e1 getEntity {TestAccessor}]]
    set moml [$accessor exportMoML]
    
    regsub {value=".*/org/terraswarm/accessor/accessors/web/test/TestAccessor.js"} $moml {value="$CLASSPATH/org/terraswarm/accessor/accessors/test/TestAccessor.js"} moml2

    # Deal with backslashes in MS-DOS-based systems.  Why we need to do this in this day and age is beyond me.
    regsub {value=".*\\org\\terraswarm\\accessor\\accessors\\test\\TestAccessor.js"} $moml2 {value="$CLASSPATH/org/terraswarm/accessor/accessors/test/TestAccessor.js"} moml3

    # Substitute the svn version control strings so that the test continues to pass.
    regsub {<property name="version" class="ptolemy.kernel.util.StringAttribute" value="[^>]*">} $moml3 {<property name="version" class="ptolemy.kernel.util.StringAttribute" value="VERSION_REMOVED_BY_TEST">} moml4
    regsub {@version [^&]*} $moml4 {@version VERSION_REMOVED_BY_TEST2} moml5

    list $moml5

==== Result was:
{<entity name="TestAccessor" class="org.terraswarm.accessor.JSAccessor">
    <property name="_windowProperties" class="ptolemy.actor.gui.WindowPropertiesAttribute">
    </property>
    <property name="_paneSize" class="ptolemy.actor.gui.SizeAttribute">
    </property>
    <property name="script" class="ptolemy.actor.parameters.PortParameter" value="// Test accessor with various input and output types and handlers.&#10;//&#10;// Copyright (c) 2015-2016 The Regents of the University of California.&#10;// All rights reserved.&#10;//&#10;// Permission is hereby granted, without written agreement and without&#10;// license or royalty fees, to use, copy, modify, and distribute this&#10;// software and its documentation for any purpose, provided that the above&#10;// copyright notice and the following two paragraphs appear in all copies&#10;// of this software.&#10;//&#10;// IN NO EVENT SHALL THE UNIVERSITY OF CALIFORNIA BE LIABLE TO ANY PARTY&#10;// FOR DIRECT, INDIRECT, SPECIAL, INCIDENTAL, OR CONSEQUENTIAL DAMAGES&#10;// ARISING OUT OF THE USE OF THIS SOFTWARE AND ITS DOCUMENTATION, EVEN IF&#10;// THE UNIVERSITY OF CALIFORNIA HAS BEEN ADVISED OF THE POSSIBILITY OF&#10;// SUCH DAMAGE.&#10;//&#10;// THE UNIVERSITY OF CALIFORNIA SPECIFICALLY DISCLAIMS ANY WARRANTIES,&#10;// INCLUDING, BUT NOT LIMITED TO, THE IMPLIED WARRANTIES OF&#10;// MERCHANTABILITY AND FITNESS FOR A PARTICULAR PURPOSE. THE SOFTWARE&#10;// PROVIDED HEREUNDER IS ON AN &quot;AS IS&quot; BASIS, AND THE UNIVERSITY OF&#10;// CALIFORNIA HAS NO OBLIGATION TO PROVIDE MAINTENANCE, SUPPORT, UPDATES,&#10;// ENHANCEMENTS, OR MODIFICATIONS.&#10;//&#10;&#10;/** Test accessor with various input and output types and handlers.&#10; *  This accessor is designed to be instantiable on any host, including&#10; *  the common host, which does not implement the require() function&#10; *  nor provide any mechanism for loading accessors.&#10; *&#10; *  @accessor test/TestAccessor&#10; *  @parameter p A parameter with default value 42.&#10; *  @input untyped An untyped input that will accept any JavaScript object.&#10; *  @input numeric A numeric input.&#10; *  @input boolean A boolean input.&#10; *  @output typeOfUntyped Produces the type (a string) of the input named 'untyped'.&#10; *  @output jsonOfUntyped Produces a JSON representation of the input named 'untyped',&#10; *   created using JSON.toString().&#10; *  @output numericPlusP Produces the value of the 'numeric' input plus 'p'.&#10; *  @output negation Produces the negation of the 'boolean' input.&#10; *  @author Edward A. Lee&#10; *  @version VERSION_REMOVED_BY_TEST2&#10; */&#10;&#10;// Stop extra messages from jslint.  Note that there should be no&#10;// space between the / and the * and global.&#10;/*globals console, error, exports, require */&#10;/*jshint globalstrict: true*/&#10;&quot;use strict&quot;;&#10;&#10;exports.setup = function () {&#10;    this.input('untyped'); // Untyped input.&#10;    this.input('numeric', {&#10;        'type': 'number',&#10;        'value': 0&#10;    }); // Numeric input.&#10;    this.input('boolean', {&#10;        'type': 'boolean'&#10;    }); // Boolean input.&#10;    this.output('typeOfUntyped', {&#10;        'type': 'string'&#10;    }); // Type of untyped input.&#10;    this.output('jsonOfUntyped', {&#10;        'type': 'string'&#10;    }); // JSON of untyped input.&#10;    this.output('numericPlusP', {&#10;        'type': 'number'&#10;    }); // Numeric input plus p.&#10;    this.output('negation', {&#10;        'type': 'boolean'&#10;    }); // Negation of boolean input.&#10;    this.parameter('p', {&#10;        'value': 42&#10;    }); // Untyped, with numeric value.&#10;};&#10;&#10;// Base class variable that is visible to subclasses through inheritance.&#10;exports.variable = 'hello';&#10;&#10;exports.initialize = function () {&#10;    // Respond to any input by updating them all.&#10;    this.addInputHandler('untyped', function () {&#10;        this.send('typeOfUntyped', typeof this.get('untyped'));&#10;        // Refer to the function using 'this.exports' rather than 'exports'&#10;        // to allow an override. Note that we choose here to invoke formatOutput&#10;        // with 'this' bound to 'this.exports'.&#10;        this.send('jsonOfUntyped', this.exports.formatOutput(this.get('untyped')));&#10;    });&#10;    this.addInputHandler('numeric', function () {&#10;        this.send('numericPlusP', this.get('numeric') + this.getParameter('p'));&#10;    });&#10;    this.addInputHandler('boolean', function () {&#10;        this.send('negation', !this.get('boolean'));&#10;    });&#10;};&#10;&#10;/** Define a function that can be overridden in subclasses. */&#10;exports.formatOutput = function (value) {&#10;    return 'JSON for untyped input: ' + JSON.stringify(value);&#10;};&#10;&#10;exports.fire = function () {&#10;    console.log('TestAccessor.fire() invoked.');&#10;};&#10;">
        <property name="style" class="ptolemy.actor.gui.style.NoteStyle">
            <property name="note" class="ptolemy.kernel.util.StringAttribute" value="NOTE: To see the script, invoke Open Actor">
            </property>
        </property>
    </property>
    <property name="accessorSource" class="org.terraswarm.accessor.JSAccessor$ActionableAttribute" value="$CLASSPATH/org/terraswarm/accessor/accessors/test/TestAccessor.js">
    </property>
    <property name="_tableauFactory" class="ptolemy.vergil.toolbox.TextEditorTableauFactory">
        <property name="attributeName" class="ptolemy.kernel.util.StringAttribute" value="script">
        </property>
        <property name="syntaxStyle" class="ptolemy.kernel.util.StringAttribute" value="text/javascript">
        </property>
    </property>
    <property name="_location" class="ptolemy.kernel.util.Location" value="{100.0, 100.0}">
    </property>
    <port name="untyped" class="ptolemy.actor.TypedIOPort">
        <property name="input"/>
        <property name="defaultValue" class="ptolemy.data.expr.Parameter">
        </property>
    </port>
    <port name="numeric" class="ptolemy.actor.parameters.ParameterPort">
        <property name="input"/>
        <property name="defaultValue" class="ptolemy.data.expr.Parameter">
        </property>
    </port>
    <port name="boolean" class="ptolemy.actor.TypedIOPort">
        <property name="input"/>
        <property name="defaultValue" class="ptolemy.data.expr.Parameter">
        </property>
    </port>
    <port name="typeOfUntyped" class="ptolemy.actor.TypedIOPort">
        <property name="output"/>
        <property name="defaultValue" class="ptolemy.data.expr.Parameter">
        </property>
    </port>
    <port name="jsonOfUntyped" class="ptolemy.actor.TypedIOPort">
        <property name="output"/>
        <property name="defaultValue" class="ptolemy.data.expr.Parameter">
        </property>
    </port>
    <port name="numericPlusP" class="ptolemy.actor.TypedIOPort">
        <property name="output"/>
        <property name="defaultValue" class="ptolemy.data.expr.Parameter">
        </property>
    </port>
    <port name="negation" class="ptolemy.actor.TypedIOPort">
        <property name="output"/>
        <property name="defaultValue" class="ptolemy.data.expr.Parameter">
        </property>
    </port>
</entity>
}
---- Result should have been:
{<entity name="TestAccessor" class="org.terraswarm.accessor.JSAccessor">
    <property name="_windowProperties" class="ptolemy.actor.gui.WindowPropertiesAttribute">
    </property>
    <property name="_paneSize" class="ptolemy.actor.gui.SizeAttribute">
    </property>
    <property name="script" class="ptolemy.actor.parameters.PortParameter" value="// Test accessor with various input and output types and handlers.&#10;//&#10;// Copyright (c) 2015-2016 The Regents of the University of California.&#10;// All rights reserved.&#10;//&#10;// Permission is hereby granted, without written agreement and without&#10;// license or royalty fees, to use, copy, modify, and distribute this&#10;// software and its documentation for any purpose, provided that the above&#10;// copyright notice and the following two paragraphs appear in all copies&#10;// of this software.&#10;//&#10;// IN NO EVENT SHALL THE UNIVERSITY OF CALIFORNIA BE LIABLE TO ANY PARTY&#10;// FOR DIRECT, INDIRECT, SPECIAL, INCIDENTAL, OR CONSEQUENTIAL DAMAGES&#10;// ARISING OUT OF THE USE OF THIS SOFTWARE AND ITS DOCUMENTATION, EVEN IF&#10;// THE UNIVERSITY OF CALIFORNIA HAS BEEN ADVISED OF THE POSSIBILITY OF&#10;// SUCH DAMAGE.&#10;//&#10;// THE UNIVERSITY OF CALIFORNIA SPECIFICALLY DISCLAIMS ANY WARRANTIES,&#10;// INCLUDING, BUT NOT LIMITED TO, THE IMPLIED WARRANTIES OF&#10;// MERCHANTABILITY AND FITNESS FOR A PARTICULAR PURPOSE. THE SOFTWARE&#10;// PROVIDED HEREUNDER IS ON AN &quot;AS IS&quot; BASIS, AND THE UNIVERSITY OF&#10;// CALIFORNIA HAS NO OBLIGATION TO PROVIDE MAINTENANCE, SUPPORT, UPDATES,&#10;// ENHANCEMENTS, OR MODIFICATIONS.&#10;//&#10;&#10;/** Test accessor with various input and output types and handlers.&#10; *  This accessor is designed to be instantiable on any host, including&#10; *  the common host, which does not implement the require() function&#10; *  nor provide any mechanism for loading accessors.&#10; *&#10; *  @accessor test/TestAccessor&#10; *  @parameter p A parameter with default value 42.&#10; *  @input untyped An untyped input that will accept any JavaScript object.&#10; *  @input numeric A numeric input.&#10; *  @input boolean A boolean input.&#10; *  @output typeOfUntyped Produces the type (a string) of the input named 'untyped'.&#10; *  @output jsonOfUntyped Produces a JSON representation of the input named 'untyped',&#10; *   created using JSON.toString().&#10; *  @output numericPlusP Produces the value of the 'numeric' input plus 'p'.&#10; *  @output negation Produces the negation of the 'boolean' input.&#10; *  @author Edward A. Lee&#10; *  @version VERSION_REMOVED_BY_TEST2&#10; */&#10;&#10;// Stop extra messages from jslint.  Note that there should be no&#10;// space between the / and the * and global.&#10;/*globals console, error, exports, require */&#10;/*jshint globalstrict: true*/&#10;&quot;use strict&quot;;&#10;&#10;exports.setup = function () {&#10;    this.input('untyped'); // Untyped input.&#10;    this.input('numeric', {&#10;        'type': 'number',&#10;        'value': 0&#10;    }); // Numeric input.&#10;    this.input('boolean', {&#10;        'type': 'boolean'&#10;    }); // Boolean input.&#10;    this.output('typeOfUntyped', {&#10;        'type': 'string'&#10;    }); // Type of untyped input.&#10;    this.output('jsonOfUntyped', {&#10;        'type': 'string'&#10;    }); // JSON of untyped input.&#10;    this.output('numericPlusP', {&#10;        'type': 'number'&#10;    }); // Numeric input plus p.&#10;    this.output('negation', {&#10;        'type': 'boolean'&#10;    }); // Negation of boolean input.&#10;    this.parameter('p', {&#10;        'value': 42&#10;    }); // Untyped, with numeric value.&#10;};&#10;&#10;// Base class variable that is visible to subclasses through inheritance.&#10;exports.variable = 'hello';&#10;&#10;exports.initialize = function () {&#10;    // Respond to any input by updating them all.&#10;    this.addInputHandler('untyped', function () {&#10;        this.send('typeOfUntyped', typeof this.get('untyped'));&#10;        // Refer to the function using 'this.exports' rather than 'exports'&#10;        // to allow an override. Note that we choose here to invoke formatOutput&#10;        // with 'this' bound to 'this.exports'.&#10;        this.send('jsonOfUntyped', this.exports.formatOutput(this.get('untyped')));&#10;    });&#10;    this.addInputHandler('numeric', function () {&#10;        this.send('numericPlusP', this.get('numeric') + this.getParameter('p'));&#10;    });&#10;    this.addInputHandler('boolean', function () {&#10;        this.send('negation', !this.get('boolean'));&#10;    });&#10;};&#10;&#10;/** Define a function that can be overridden in subclasses. */&#10;exports.formatOutput = function (value) {&#10;    return 'JSON for untyped input: ' + JSON.stringify(value);&#10;};&#10;&#10;exports.fire = function () {&#10;    console.log('TestAccessor.fire() invoked.');&#10;};&#10;">
        <property name="style" class="ptolemy.actor.gui.style.NoteStyle">
            <property name="note" class="ptolemy.kernel.util.StringAttribute" value="NOTE: To see the script, invoke Open Actor">
            </property>
        </property>
    </property>
    <property name="accessorSource" class="org.terraswarm.accessor.JSAccessor$ActionableAttribute" value="$CLASSPATH/org/terraswarm/accessor/accessors/test/TestAccessor.js">
    </property>
    <property name="documentation" class="ptolemy.vergil.basic.DocAttribute">
        <property name="description" class="ptolemy.kernel.util.StringAttribute" value="&lt;p&gt;Test accessor with various input and output types and handlers.&#10; This accessor is designed to be instantiable on any host, including&#10; the common host, which does not implement the require() function&#10; nor provide any mechanism for loading accessors.&lt;/p&gt;">
        </property>
        <property name="author" class="ptolemy.kernel.util.StringAttribute" value="Edward A. Lee">
        </property>
        <property name="version" class="ptolemy.kernel.util.StringAttribute" value="VERSION_REMOVED_BY_TEST">
        </property>
        <property name="untyped (port)" class="ptolemy.kernel.util.StringAttribute" value="An untyped input that will accept any JavaScript object.">
        </property>
        <property name="numeric (port)" class="ptolemy.kernel.util.StringAttribute" value="A numeric input.">
        </property>
        <property name="boolean (port)" class="ptolemy.kernel.util.StringAttribute" value="A boolean input.">
        </property>
        <property name="typeOfUntyped (port)" class="ptolemy.kernel.util.StringAttribute" value="Produces the type (a string) of the input named 'untyped'.">
        </property>
        <property name="jsonOfUntyped (port)" class="ptolemy.kernel.util.StringAttribute" value="Produces a JSON representation of the input named 'untyped',&#10;  created using JSON.toString().">
        </property>
        <property name="numericPlusP (port)" class="ptolemy.kernel.util.StringAttribute" value="Produces the value of the 'numeric' input plus 'p'.">
        </property>
        <property name="negation (port)" class="ptolemy.kernel.util.StringAttribute" value="Produces the negation of the 'boolean' input.">
        </property>
        <property name="p (parameter)" class="ptolemy.kernel.util.StringAttribute" value="A parameter with default value 42.">
        </property>
    </property>
    <property name="_tableauFactory" class="ptolemy.vergil.toolbox.TextEditorTableauFactory">
        <property name="attributeName" class="ptolemy.kernel.util.StringAttribute" value="script">
        </property>
        <property name="syntaxStyle" class="ptolemy.kernel.util.StringAttribute" value="text/javascript">
        </property>
    </property>
    <property name="_location" class="ptolemy.kernel.util.Location" value="{100.0, 100.0}">
    </property>
    <port name="untyped" class="ptolemy.actor.TypedIOPort">
        <property name="input"/>
        <property name="defaultValue" class="ptolemy.data.expr.Parameter">
        </property>
    </port>
    <port name="numeric" class="ptolemy.actor.parameters.ParameterPort">
        <property name="input"/>
        <property name="defaultValue" class="ptolemy.data.expr.Parameter">
        </property>
    </port>
    <port name="boolean" class="ptolemy.actor.TypedIOPort">
        <property name="input"/>
        <property name="defaultValue" class="ptolemy.data.expr.Parameter">
        </property>
    </port>
    <port name="typeOfUntyped" class="ptolemy.actor.TypedIOPort">
        <property name="output"/>
        <property name="defaultValue" class="ptolemy.data.expr.Parameter">
        </property>
    </port>
    <port name="jsonOfUntyped" class="ptolemy.actor.TypedIOPort">
        <property name="output"/>
        <property name="defaultValue" class="ptolemy.data.expr.Parameter">
        </property>
    </port>
    <port name="numericPlusP" class="ptolemy.actor.TypedIOPort">
        <property name="output"/>
        <property name="defaultValue" class="ptolemy.data.expr.Parameter">
        </property>
    </port>
    <port name="negation" class="ptolemy.actor.TypedIOPort">
        <property name="output"/>
        <property name="defaultValue" class="ptolemy.data.expr.Parameter">
        </property>
    </port>
</entity>
}
@@@@@ known results is more than 7 lines long, so we run diff
14,37d13
<     <property name="documentation" class="ptolemy.vergil.basic.DocAttribute">
<         <property name="description" class="ptolemy.kernel.util.StringAttribute" value="&lt;p&gt;Test accessor with various input and output types and handlers.&#10; This accessor is designed to be instantiable on any host, including&#10; the common host, which does not implement the require() function&#10; nor provide any mechanism for loading accessors.&lt;/p&gt;">
<         </property>
<         <property name="author" class="ptolemy.kernel.util.StringAttribute" value="Edward A. Lee">
<         </property>
<         <property name="version" class="ptolemy.kernel.util.StringAttribute" value="VERSION_REMOVED_BY_TEST">
<         </property>
<         <property name="untyped (port)" class="ptolemy.kernel.util.StringAttribute" value="An untyped input that will accept any JavaScript object.">
<         </property>
<         <property name="numeric (port)" class="ptolemy.kernel.util.StringAttribute" value="A numeric input.">
<         </property>
<         <property name="boolean (port)" class="ptolemy.kernel.util.StringAttribute" value="A boolean input.">
<         </property>
<         <property name="typeOfUntyped (port)" class="ptolemy.kernel.util.StringAttribute" value="Produces the type (a string) of the input named 'untyped'.">
<         </property>
<         <property name="jsonOfUntyped (port)" class="ptolemy.kernel.util.StringAttribute" value="Produces a JSON representation of the input named 'untyped',&#10;  created using JSON.toString().">
<         </property>
<         <property name="numericPlusP (port)" class="ptolemy.kernel.util.StringAttribute" value="Produces the value of the 'numeric' input plus 'p'.">
<         </property>
<         <property name="negation (port)" class="ptolemy.kernel.util.StringAttribute" value="Produces the negation of the 'boolean' input.">
<         </property>
<         <property name="p (parameter)" class="ptolemy.kernel.util.StringAttribute" value="A parameter with default value 42.">
<         </property>
<     </property>
@@@@@ Done running diffText
---- JSAccessor-1.1 FAILED
/home/travis/build/icyphy/ptII/org/terraswarm/accessor/test/WebSocketClientTest.tcl
WebSocketClient: Connection failed. Will try again: Connection refused: localhost/127.0.0.1:9981/nConnection refused (Thread[vert.x-eventloop-thread-0,1,main])
WebSocketClient: Connection closed because model is no longer running. (Thread[WebSocketClientJS,1,main])
6618 ms. Memory: 695808K Free: 346501K (50%)
WebSocketClient: Connection failed. Will try again: Connection refused: localhost/127.0.0.1:9981/nConnection refused (Thread[vert.x-eventloop-thread-0,1,main])
WebSocketClient: Connection closed because model is no longer running. (Thread[main,5,main])
5690 ms. Memory: 870400K Free: 495799K (57%)
reloadAllAccessors: .WebSocketClientJS
This is the first time that the reloadAllAccessors method has been invoked in this JVM, so the the accessors repo will be checked out or updated and JSDoc invoked. Note that running the tests may end up invoking a new JVM for each directory, so the repo may be checked out or updated and JSDoc invoked more than once when the tests are run.
WebSocketClient: Connection failed. Will try again: Connection refused: localhost/127.0.0.1:9981/nConnection refused (Thread[vert.x-eventloop-thread-0,1,main])
WebSocketClient: Connection closed because model is no longer running. (Thread[main,5,main])
5448 ms. Memory: 1027072K Free: 420633K (41%)
WebSocketClient: Connection failed. Will try again: Connection refused: localhost/127.0.0.1:8982/nConnection refused (Thread[vert.x-eventloop-thread-1,1,main])
WebSocketClient: Connection failed. Will try again: Connection refused: localhost/127.0.0.1:8982/nConnection refused (Thread[vert.x-eventloop-thread-1,1,main])
WebSocketClient: Connection failed. Will try again: Connection refused: localhost/127.0.0.1:8982/nConnection refused (Thread[vert.x-eventloop-thread-1,1,main])
WebSocketClient: Connection failed. Will try again: Connection refused: localhost/127.0.0.1:8982/nConnection refused (Thread[vert.x-eventloop-thread-1,1,main])
WebSocketClient: Connection failed. Will try again: Connection refused: localhost/127.0.0.1:8982/nConnection refused (Thread[vert.x-eventloop-thread-1,1,main])
WebSocketClient: undefined: WebSocketClient.js: Error: Connection failed after 6 tries: Connection refused: localhost/127.0.0.1:8982/nConnection refused (Thread[vert.x-eventloop-thread-1,1,main])
WebSocketClient: Connection closed because model is no longer running. (Thread[WebSocketClient2JS,1,main])
124261 ms. Memory: 1037312K Free: 746087K (72%)


==== $PTII/org/terraswarm/accessor/test/WebSocketClientTest.tcl: WebSocketClientTest-3.1 Run WebSocketClientJS.xml and then WebSocketClient2JS.xml with reloading of the accessor
==== Contents of test case:

    set application [java::new ptolemy.moml.MoMLSimpleApplication $PTII/ptolemy/actor/lib/jjs/modules/webSocket/test/auto/WebSocketClientJS.xml]
    $application rerun
    set toplevel [$application toplevel]
    java::call org.terraswarm.accessor.JSAccessor reloadAllAccessors $toplevel
    $application rerun

    set $application [java::null]
    java::call System gc

    set application2 [java::new ptolemy.moml.MoMLSimpleApplication $PTII/ptolemy/actor/lib/jjs/modules/webSocket/test/auto/WebSocketClient2JS.xml]
    $application2 rerun
    set toplevel2 [$application2 toplevel]
    java::call org.terraswarm.accessor.JSAccessor reloadAllAccessors $toplevel2
    $application2 rerun

    set $application2 [java::null]
    java::call System gc

    # Success is not throwing an exception.
    list true

==== Test generated error:
    while executing
ptolemy.kernel.util.IllegalActionException: Exceptions occurred during wrapup:
ptolemy.kernel.util.IllegalActionException: Failure executing the wrapup function: Error: TrainableTest: The input handler of this accessor was never invoked. Usually, this is an error indicating that starvation is occurring. in <function> at line number 393 at column number 16
  in .WebSocketClient2JS.TrainableTest
Because:
Error: TrainableTest: The input handler of this accessor was never invoked. Usually, this is an error indicating that starvation is occurring. in <function> at line number 393 at column number 16

  in .WebSocketClient2JS.DE Director
Because:
Failure executing the wrapup function: Error: TrainableTest: The input handler of this accessor was never invoked. Usually, this is an error indicating that starvation is occurring. in <function> at line number 393 at column number 16
  in .WebSocketClient2JS.TrainableTest
Because:
Error: TrainableTest: The input handler of this accessor was never invoked. Usually, this is an error indicating that starvation is occurring. in <function> at line number 393 at column number 16
	at ptolemy.actor.Director.wrapup(Director.java:1736)
	at ptolemy.domains.de.kernel.DEDirector.wrapup(DEDirector.java:1526)
	at ptolemy.actor.CompositeActor.wrapup(CompositeActor.java:2735)
	at ptolemy.actor.Manager.wrapup(Manager.java:1512)
	at ptolemy.actor.Manager.execute(Manager.java:407)
	at ptolemy.actor.Manager.run(Manager.java:1263)
	at ptolemy.actor.Manager$PtolemyRunThread.run(Manager.java:1915)
Caused by: ptolemy.kernel.util.IllegalActionException: Failure executing the wrapup function: Error: TrainableTest: The input handler of this accessor was never invoked. Usually, this is an error indicating that starvation is occurring. in <function> at line number 393 at column number 16
  in .WebSocketClient2JS.TrainableTest
Because:
Error: TrainableTest: The input handler of this accessor was never invoked. Usually, this is an error indicating that starvation is occurring. in <function> at line number 393 at column number 16
	at ptolemy.actor.lib.jjs.JavaScript._invokeMethodInContext(JavaScript.java:2223)
	at ptolemy.actor.lib.jjs.JavaScript.wrapup(JavaScript.java:2118)
	at ptolemy.actor.Director.wrapup(Director.java:1722)
	... 6 more
Caused by: javax.script.ScriptException: Error: TrainableTest: The input handler of this accessor was never invoked. Usually, this is an error indicating that starvation is occurring. in <function> at line number 393 at column number 16
	at jdk.nashorn.api.scripting.NashornScriptEngine.throwAsScriptException(NashornScriptEngine.java:470)
	at jdk.nashorn.api.scripting.NashornScriptEngine.invokeImpl(NashornScriptEngine.java:392)
	at jdk.nashorn.api.scripting.NashornScriptEngine.invokeMethod(NashornScriptEngine.java:199)
	at ptolemy.actor.lib.jjs.JavaScript._invokeMethodInContext(JavaScript.java:2200)
	... 8 more
Caused by: <function>:393:16 Error: TrainableTest: The input handler of this accessor was never invoked. Usually, this is an error indicating that starvation is occurring.
	at jdk.nashorn.internal.objects.NativeError.initException(NativeError.java:137)
	at jdk.nashorn.internal.objects.NativeError.<init>(NativeError.java:102)
	at jdk.nashorn.internal.objects.NativeError.<init>(NativeError.java:106)
	at jdk.nashorn.internal.objects.NativeError.<init>(NativeError.java:110)
	at jdk.nashorn.internal.objects.NativeError.constructor(NativeError.java:129)
	at jdk.nashorn.internal.scripts.Script$Recompilation$7314$18524$\^function\_.L:1#wrapup(<function>:393)
	at jdk.nashorn.internal.scripts.Script$Recompilation$7312$30384$require.L:1#Accessor#wrapup(/home/travis/build/icyphy/ptII/ptolemy/actor/lib/jjs/external/require.js#401:30<eval>:675)
	at jdk.nashorn.internal.runtime.ScriptFunctionData.invoke(ScriptFunctionData.java:637)
	at jdk.nashorn.internal.runtime.ScriptFunction.invoke(ScriptFunction.java:494)
	at jdk.nashorn.internal.runtime.ScriptRuntime.apply(ScriptRuntime.java:393)
	at jdk.nashorn.api.scripting.ScriptObjectMirror.callMember(ScriptObjectMirror.java:199)
	at jdk.nashorn.api.scripting.NashornScriptEngine.invokeImpl(NashornScriptEngine.java:386)
	... 10 more
Caused by: ptolemy.kernel.util.IllegalActionException: Failure executing the wrapup function: Error: TrainableTest: The input handler of this accessor was never invoked. Usually, this is an error indicating that starvation is occurring. in <function> at line number 393 at column number 16
  in .WebSocketClient2JS.TrainableTest
Because:
Error: TrainableTest: The input handler of this accessor was never invoked. Usually, this is an error indicating that starvation is occurring. in <function> at line number 393 at column number 16
	at ptolemy.actor.lib.jjs.JavaScript._invokeMethodInContext(JavaScript.java:2223)
	at ptolemy.actor.lib.jjs.JavaScript.wrapup(JavaScript.java:2118)
	at ptolemy.actor.Director.wrapup(Director.java:1722)
	at ptolemy.domains.de.kernel.DEDirector.wrapup(DEDirector.java:1526)
	at ptolemy.actor.CompositeActor.wrapup(CompositeActor.java:2735)
	at ptolemy.actor.Manager.wrapup(Manager.java:1512)
	at ptolemy.actor.Manager.execute(Manager.java:407)
	at ptolemy.actor.Manager.run(Manager.java:1263)
	at ptolemy.actor.Manager$PtolemyRunThread.run(Manager.java:1915)
Caused by: javax.script.ScriptException: Error: TrainableTest: The input handler of this accessor was never invoked. Usually, this is an error indicating that starvation is occurring. in <function> at line number 393 at column number 16
	at jdk.nashorn.api.scripting.NashornScriptEngine.throwAsScriptException(NashornScriptEngine.java:470)
	at jdk.nashorn.api.scripting.NashornScriptEngine.invokeImpl(NashornScriptEngine.java:392)
	at jdk.nashorn.api.scripting.NashornScriptEngine.invokeMethod(NashornScriptEngine.java:199)
	at ptolemy.actor.lib.jjs.JavaScript._invokeMethodInContext(JavaScript.java:2200)
	... 8 more
Caused by: <function>:393:16 Error: TrainableTest: The input handler of this accessor was never invoked. Usually, this is an error indicating that starvation is occurring.
	at jdk.nashorn.internal.objects.NativeError.initException(NativeError.java:137)
	at jdk.nashorn.internal.objects.NativeError.<init>(NativeError.java:102)
	at jdk.nashorn.internal.objects.NativeError.<init>(NativeError.java:106)
	at jdk.nashorn.internal.objects.NativeError.<init>(NativeError.java:110)
	at jdk.nashorn.internal.objects.NativeError.constructor(NativeError.java:129)
	at jdk.nashorn.internal.scripts.Script$Recompilation$7314$18524$\^function\_.L:1#wrapup(<function>:393)
	at jdk.nashorn.internal.scripts.Script$Recompilation$7312$30384$require.L:1#Accessor#wrapup(/home/travis/build/icyphy/ptII/ptolemy/actor/lib/jjs/external/require.js#401:30<eval>:675)
	at jdk.nashorn.internal.runtime.ScriptFunctionData.invoke(ScriptFunctionData.java:637)
	at jdk.nashorn.internal.runtime.ScriptFunction.invoke(ScriptFunction.java:494)
	at jdk.nashorn.internal.runtime.ScriptRuntime.apply(ScriptRuntime.java:393)
	at jdk.nashorn.api.scripting.ScriptObjectMirror.callMember(ScriptObjectMirror.java:199)
	at jdk.nashorn.api.scripting.NashornScriptEngine.invokeImpl(NashornScriptEngine.java:386)
	... 10 more
Caused by: javax.script.ScriptException: Error: TrainableTest: The input handler of this accessor was never invoked. Usually, this is an error indicating that starvation is occurring. in <function> at line number 393 at column number 16
	at jdk.nashorn.api.scripting.NashornScriptEngine.throwAsScriptException(NashornScriptEngine.java:470)
	at jdk.nashorn.api.scripting.NashornScriptEngine.invokeImpl(NashornScriptEngine.java:392)
	at jdk.nashorn.api.scripting.NashornScriptEngine.invokeMethod(NashornScriptEngine.java:199)
	at ptolemy.actor.lib.jjs.JavaScript._invokeMethodInContext(JavaScript.java:2200)
	at ptolemy.actor.lib.jjs.JavaScript.wrapup(JavaScript.java:2118)
	at ptolemy.actor.Director.wrapup(Director.java:1722)
	at ptolemy.domains.de.kernel.DEDirector.wrapup(DEDirector.java:1526)
	at ptolemy.actor.CompositeActor.wrapup(CompositeActor.java:2735)
	at ptolemy.actor.Manager.wrapup(Manager.java:1512)
	at ptolemy.actor.Manager.execute(Manager.java:407)
	at ptolemy.actor.Manager.run(Manager.java:1263)
	at ptolemy.actor.Manager$PtolemyRunThread.run(Manager.java:1915)
Caused by: <function>:393:16 Error: TrainableTest: The input handler of this accessor was never invoked. Usually, this is an error indicating that starvation is occurring.
	at jdk.nashorn.internal.objects.NativeError.initException(NativeError.java:137)
	at jdk.nashorn.internal.objects.NativeError.<init>(NativeError.java:102)
	at jdk.nashorn.internal.objects.NativeError.<init>(NativeError.java:106)
	at jdk.nashorn.internal.objects.NativeError.<init>(NativeError.java:110)
	at jdk.nashorn.internal.objects.NativeError.constructor(NativeError.java:129)
	at jdk.nashorn.internal.scripts.Script$Recompilation$7314$18524$\^function\_.L:1#wrapup(<function>:393)
	at jdk.nashorn.internal.scripts.Script$Recompilation$7312$30384$require.L:1#Accessor#wrapup(/home/travis/build/icyphy/ptII/ptolemy/actor/lib/jjs/external/require.js#401:30<eval>:675)
	at jdk.nashorn.internal.runtime.ScriptFunctionData.invoke(ScriptFunctionData.java:637)
	at jdk.nashorn.internal.runtime.ScriptFunction.invoke(ScriptFunction.java:494)
	at jdk.nashorn.internal.runtime.ScriptRuntime.apply(ScriptRuntime.java:393)
	at jdk.nashorn.api.scripting.ScriptObjectMirror.callMember(ScriptObjectMirror.java:199)
	at jdk.nashorn.api.scripting.NashornScriptEngine.invokeImpl(NashornScriptEngine.java:386)
	... 10 more

    while executing
ptolemy.kernel.util.IllegalActionException: Exceptions occurred during wrapup:
ptolemy.kernel.util.IllegalActionException: Failure executing the wrapup function: Error: TrainableTest: The input handler of this accessor was never invoked. Usually, this is an error indicating that starvation is occurring. in <function> at line number 393 at column number 16
  in .WebSocketClient2JS.TrainableTest
Because:
Error: TrainableTest: The input handler of this accessor was never invoked. Usually, this is an error indicating that starvation is occurring. in <function> at line number 393 at column number 16

  in .WebSocketClient2JS.DE Director
Because:
Failure executing the wrapup function: Error: TrainableTest: The input handler of this accessor was never invoked. Usually, this is an error indicating that starvation is occurring. in <function> at line number 393 at column number 16
  in .WebSocketClient2JS.TrainableTest
Because:
Error: TrainableTest: The input handler of this accessor was never invoked. Usually, this is an error indicating that starvation is occurring. in <function> at line number 393 at column number 16
    while executing
"java::new ptolemy.moml.MoMLSimpleApplication $PTII/ptolemy/actor/lib/jjs/modules/webSocket/test/auto/WebSocketClient2JS.xml"
    invoked from within
"set application2 [java::new ptolemy.moml.MoMLSimpleApplication $PTII/ptolemy/actor/lib/jjs/modules/webSocket/test/auto/WebSocketClient2JS.xml]"
    ("uplevel" body line 11)
    invoked from within
"uplevel $contents_of_test"
05/11/18 08:39:29
Failed: 2  Total Tests: 14  ((Passed: 12, Newly Passed: 0)  Known Failed: 0) /home/travis/build/icyphy/ptII/org/terraswarm/accessor/test
No auto/knownFailedTests/*.xml tests in /home/travis/build/icyphy/ptII/org/terraswarm/accessor/test
No auto/*.xml tests in /home/travis/build/icyphy/ptII/org/terraswarm/accessor/test
AutoTests.java: About to close Vertx.
AutoTests.java: Vertx closed.
----------------- testing Fri May 11 20:39:29 UTC 2018 /home/travis/build/icyphy/ptII/org/terraswarm/accessor/test/auto/AccessViolation.xml
----------------- Instantiating /home/travis/build/icyphy/ptII/org/terraswarm/accessor/test/auto/AccessViolation.xml
732 ms. Memory: 1037312K Free: 391443K (38%)
----------------- Invoking toplevel() on ptolemy.moml.MoMLSimpleApplication@17704c62
----------------- Done invoking toplevel() on ptolemy.moml.MoMLSimpleApplication@17704c62
reloadAllAccessors: .AccessViolation
-------------- Reloaded accessors, but skipping rerun for now. Fri May 11 20:39:30 UTC 2018 /home/travis/build/icyphy/ptII/org/terraswarm/accessor/test/auto/AccessViolation.xml
----------------- testing Fri May 11 20:39:30 UTC 2018 /home/travis/build/icyphy/ptII/org/terraswarm/accessor/test/auto/AccessViolation2.xml
----------------- Instantiating /home/travis/build/icyphy/ptII/org/terraswarm/accessor/test/auto/AccessViolation2.xml
1328 ms. Memory: 1245184K Free: 1061136K (85%)
----------------- Invoking toplevel() on ptolemy.moml.MoMLSimpleApplication@3f081b7f
----------------- Done invoking toplevel() on ptolemy.moml.MoMLSimpleApplication@3f081b7f
reloadAllAccessors: .AccessViolation2
-------------- Reloaded accessors, but skipping rerun for now. Fri May 11 20:39:33 UTC 2018 /home/travis/build/icyphy/ptII/org/terraswarm/accessor/test/auto/AccessViolation2.xml
----------------- testing Fri May 11 20:39:33 UTC 2018 /home/travis/build/icyphy/ptII/org/terraswarm/accessor/test/auto/Accessor1.xml
----------------- Instantiating /home/travis/build/icyphy/ptII/org/terraswarm/accessor/test/auto/Accessor1.xml
1471 ms. Memory: 1245184K Free: 322239K (26%)
----------------- Invoking toplevel() on ptolemy.moml.MoMLSimpleApplication@34e3b052
----------------- Done invoking toplevel() on ptolemy.moml.MoMLSimpleApplication@34e3b052
reloadAllAccessors: .Accessor1
-------------- Reloaded accessors, but skipping rerun for now. Fri May 11 20:39:36 UTC 2018 /home/travis/build/icyphy/ptII/org/terraswarm/accessor/test/auto/Accessor1.xml
----------------- testing Fri May 11 20:39:36 UTC 2018 /home/travis/build/icyphy/ptII/org/terraswarm/accessor/test/auto/Accessor2.xml
----------------- Instantiating /home/travis/build/icyphy/ptII/org/terraswarm/accessor/test/auto/Accessor2.xml
940 ms. Memory: 1256448K Free: 679278K (54%)
----------------- Invoking toplevel() on ptolemy.moml.MoMLSimpleApplication@2b92123a
----------------- Done invoking toplevel() on ptolemy.moml.MoMLSimpleApplication@2b92123a
reloadAllAccessors: .Accessor2
-------------- Reloaded accessors, but skipping rerun for now. Fri May 11 20:39:38 UTC 2018 /home/travis/build/icyphy/ptII/org/terraswarm/accessor/test/auto/Accessor2.xml
----------------- testing Fri May 11 20:39:38 UTC 2018 /home/travis/build/icyphy/ptII/org/terraswarm/accessor/test/auto/CallbackWithSuppress.xml
----------------- Instantiating /home/travis/build/icyphy/ptII/org/terraswarm/accessor/test/auto/CallbackWithSuppress.xml
21644 ms. Memory: 1421824K Free: 969070K (68%)
----------------- Invoking toplevel() on ptolemy.moml.MoMLSimpleApplication@5294a425
----------------- Done invoking toplevel() on ptolemy.moml.MoMLSimpleApplication@5294a425
reloadAllAccessors: .CallbackWithSuppress
Accessors in test/auto do not typically have documentation, so we are not running jsdoc on file:/home/travis/build/icyphy/ptII/org/terraswarm/accessor/test/auto/accessors/CallbackWithSuppress.js
-------------- Reloaded accessors, but skipping rerun for now. Fri May 11 20:40:01 UTC 2018 /home/travis/build/icyphy/ptII/org/terraswarm/accessor/test/auto/CallbackWithSuppress.xml
----------------- testing Fri May 11 20:40:01 UTC 2018 /home/travis/build/icyphy/ptII/org/terraswarm/accessor/test/auto/Derived.xml
----------------- Instantiating /home/travis/build/icyphy/ptII/org/terraswarm/accessor/test/auto/Derived.xml
DerivedA: base set up (Thread[Thread-31,5,main])
DerivedA: derived set up (Thread[Thread-31,5,main])
DerivedA: base set up (Thread[Thread-31,5,main])
DerivedA: derived set up (Thread[Thread-31,5,main])
DerivedA: base set up (Thread[Derived,1,main])
DerivedA: derived set up (Thread[Derived,1,main])
DerivedA: base set up (Thread[Derived,1,main])
DerivedA: derived set up (Thread[Derived,1,main])
DerivedA: base set up (Thread[Derived,1,main])
DerivedA: derived set up (Thread[Derived,1,main])
DerivedA: base set up (Thread[Derived,1,main])
DerivedA: derived set up (Thread[Derived,1,main])
DerivedA: base set up (Thread[Derived,1,main])
DerivedA: derived set up (Thread[Derived,1,main])
DerivedA: base init (Thread[Derived,1,main])
DerivedA: derived init (Thread[Derived,1,main])
DerivedA: derived wrapped up (Thread[Derived,1,main])
730 ms. Memory: 1421824K Free: 474976K (33%)
----------------- Invoking toplevel() on ptolemy.moml.MoMLSimpleApplication@4ae48627
----------------- Done invoking toplevel() on ptolemy.moml.MoMLSimpleApplication@4ae48627
reloadAllAccessors: .Derived
Accessors in test/auto do not typically have documentation, so we are not running jsdoc on file:/home/travis/build/icyphy/ptII/org/terraswarm/accessor/test/auto/accessors/DerivedA.js
DerivedA: base set up (Thread[Thread-31,5,main])
DerivedA: derived set up (Thread[Thread-31,5,main])
DerivedA: base set up (Thread[Thread-31,5,main])
DerivedA: derived set up (Thread[Thread-31,5,main])
-------------- Reloaded accessors, but skipping rerun for now. Fri May 11 20:40:02 UTC 2018 /home/travis/build/icyphy/ptII/org/terraswarm/accessor/test/auto/Derived.xml
----------------- testing Fri May 11 20:40:02 UTC 2018 /home/travis/build/icyphy/ptII/org/terraswarm/accessor/test/auto/Derived2.xml
----------------- Instantiating /home/travis/build/icyphy/ptII/org/terraswarm/accessor/test/auto/Derived2.xml
DerivedB2: printing non-prototype properties (Thread[Derived2,1,main])
DerivedB2: ssuper: [object Object] (Thread[Derived2,1,main])
DerivedB2: setup: function () {
        this.extend('BaseB');
    } (Thread[Derived2,1,main])
DerivedB2: inputHandler: function () {
    console.log('sending false');
    this.send('output', false);
} (Thread[Derived2,1,main])
DerivedB2: initialize: function () {
    exports.ssuper.initialize.call(this);
    printProperties(exports);
} (Thread[Derived2,1,main])
DerivedB2: printing protoytpe (Thread[Derived2,1,main])
DerivedB2: ssuper: [object Object] (Thread[Derived2,1,main])
DerivedB2: setup: function () {
        this.extend('BaseB');
    } (Thread[Derived2,1,main])
DerivedB2: initialize: function () {
    exports.ssuper.initialize.call(this);
    printProperties(exports);
} (Thread[Derived2,1,main])
DerivedB2: inputHandler: function () {
    console.log('sending false');
    this.send('output', false);
} (Thread[Derived2,1,main])
DerivedB2: sending false (Thread[Derived2,1,main])
1386 ms. Memory: 1445888K Free: 1294685K (90%)
----------------- Invoking toplevel() on ptolemy.moml.MoMLSimpleApplication@7d49daf3
----------------- Done invoking toplevel() on ptolemy.moml.MoMLSimpleApplication@7d49daf3
reloadAllAccessors: .Derived2
Accessors in test/auto do not typically have documentation, so we are not running jsdoc on file:/home/travis/build/icyphy/ptII/org/terraswarm/accessor/test/auto/accessors/DerivedB.js
-------------- Reloaded accessors, but skipping rerun for now. Fri May 11 20:40:04 UTC 2018 /home/travis/build/icyphy/ptII/org/terraswarm/accessor/test/auto/Derived2.xml
----------------- testing Fri May 11 20:40:04 UTC 2018 /home/travis/build/icyphy/ptII/org/terraswarm/accessor/test/auto/Derived3.xml
----------------- Instantiating /home/travis/build/icyphy/ptII/org/terraswarm/accessor/test/auto/Derived3.xml
946 ms. Memory: 1445888K Free: 883125K (61%)
----------------- Invoking toplevel() on ptolemy.moml.MoMLSimpleApplication@9e19bba
----------------- Done invoking toplevel() on ptolemy.moml.MoMLSimpleApplication@9e19bba
reloadAllAccessors: .Derived3
Accessors in test/auto do not typically have documentation, so we are not running jsdoc on file:/home/travis/build/icyphy/ptII/org/terraswarm/accessor/test/auto/accessors/DerivedC.js
-------------- Reloaded accessors, but skipping rerun for now. Fri May 11 20:40:06 UTC 2018 /home/travis/build/icyphy/ptII/org/terraswarm/accessor/test/auto/Derived3.xml
----------------- testing Fri May 11 20:40:06 UTC 2018 /home/travis/build/icyphy/ptII/org/terraswarm/accessor/test/auto/Derived4.xml
----------------- Instantiating /home/travis/build/icyphy/ptII/org/terraswarm/accessor/test/auto/Derived4.xml
834 ms. Memory: 1445888K Free: 466845K (32%)
----------------- Invoking toplevel() on ptolemy.moml.MoMLSimpleApplication@7faed9de
----------------- Done invoking toplevel() on ptolemy.moml.MoMLSimpleApplication@7faed9de
reloadAllAccessors: .Derived4
Accessors in test/auto do not typically have documentation, so we are not running jsdoc on file:/home/travis/build/icyphy/ptII/org/terraswarm/accessor/test/auto/accessors/DerivedD.js
-------------- Reloaded accessors, but skipping rerun for now. Fri May 11 20:40:08 UTC 2018 /home/travis/build/icyphy/ptII/org/terraswarm/accessor/test/auto/Derived4.xml
----------------- testing Fri May 11 20:40:08 UTC 2018 /home/travis/build/icyphy/ptII/org/terraswarm/accessor/test/auto/Derived5.xml
----------------- Instantiating /home/travis/build/icyphy/ptII/org/terraswarm/accessor/test/auto/Derived5.xml
760 ms. Memory: 1636864K Free: 1233276K (75%)
----------------- Invoking toplevel() on ptolemy.moml.MoMLSimpleApplication@4640a5f3
----------------- Done invoking toplevel() on ptolemy.moml.MoMLSimpleApplication@4640a5f3
reloadAllAccessors: .Derived5
Accessors in test/auto do not typically have documentation, so we are not running jsdoc on file:/home/travis/build/icyphy/ptII/org/terraswarm/accessor/test/auto/accessors/DerivedE.js
-------------- Reloaded accessors, but skipping rerun for now. Fri May 11 20:40:09 UTC 2018 /home/travis/build/icyphy/ptII/org/terraswarm/accessor/test/auto/Derived5.xml
----------------- testing Fri May 11 20:40:09 UTC 2018 /home/travis/build/icyphy/ptII/org/terraswarm/accessor/test/auto/Derived6.xml
----------------- Instantiating /home/travis/build/icyphy/ptII/org/terraswarm/accessor/test/auto/Derived6.xml
923 ms. Memory: 1636864K Free: 817120K (50%)
----------------- Invoking toplevel() on ptolemy.moml.MoMLSimpleApplication@39d46fb2
----------------- Done invoking toplevel() on ptolemy.moml.MoMLSimpleApplication@39d46fb2
reloadAllAccessors: .Derived6
Accessors in test/auto do not typically have documentation, so we are not running jsdoc on file:/home/travis/build/icyphy/ptII/org/terraswarm/accessor/test/auto/accessors/DerivedF.js
-------------- Reloaded accessors, but skipping rerun for now. Fri May 11 20:40:11 UTC 2018 /home/travis/build/icyphy/ptII/org/terraswarm/accessor/test/auto/Derived6.xml
----------------- testing Fri May 11 20:40:11 UTC 2018 /home/travis/build/icyphy/ptII/org/terraswarm/accessor/test/auto/Derived8.xml
----------------- Instantiating /home/travis/build/icyphy/ptII/org/terraswarm/accessor/test/auto/Derived8.xml
921 ms. Memory: 1636864K Free: 398358K (24%)
----------------- Invoking toplevel() on ptolemy.moml.MoMLSimpleApplication@7ff6e4af
----------------- Done invoking toplevel() on ptolemy.moml.MoMLSimpleApplication@7ff6e4af
reloadAllAccessors: .Derived8
Accessors in test/auto do not typically have documentation, so we are not running jsdoc on file:/home/travis/build/icyphy/ptII/org/terraswarm/accessor/test/auto/accessors/DerivedH.js
-------------- Reloaded accessors, but skipping rerun for now. Fri May 11 20:40:13 UTC 2018 /home/travis/build/icyphy/ptII/org/terraswarm/accessor/test/auto/Derived8.xml
----------------- testing Fri May 11 20:40:13 UTC 2018 /home/travis/build/icyphy/ptII/org/terraswarm/accessor/test/auto/Derived9.xml
----------------- Instantiating /home/travis/build/icyphy/ptII/org/terraswarm/accessor/test/auto/Derived9.xml
764 ms. Memory: 1643520K Free: 1135493K (69%)
----------------- Invoking toplevel() on ptolemy.moml.MoMLSimpleApplication@39ce396e
----------------- Done invoking toplevel() on ptolemy.moml.MoMLSimpleApplication@39ce396e
reloadAllAccessors: .Derived9
Accessors in test/auto do not typically have documentation, so we are not running jsdoc on file:/home/travis/build/icyphy/ptII/org/terraswarm/accessor/test/auto/accessors/DerivedI.js
-------------- Reloaded accessors, but skipping rerun for now. Fri May 11 20:40:14 UTC 2018 /home/travis/build/icyphy/ptII/org/terraswarm/accessor/test/auto/Derived9.xml
----------------- testing Fri May 11 20:40:14 UTC 2018 /home/travis/build/icyphy/ptII/org/terraswarm/accessor/test/auto/DerivedAgain.xml
----------------- Instantiating /home/travis/build/icyphy/ptII/org/terraswarm/accessor/test/auto/DerivedAgain.xml
1807 ms. Memory: 1643520K Free: 713350K (43%)
----------------- Invoking toplevel() on ptolemy.moml.MoMLSimpleApplication@625a5c40
----------------- Done invoking toplevel() on ptolemy.moml.MoMLSimpleApplication@625a5c40
reloadAllAccessors: .DerivedAgain
Accessors in test/auto do not typically have documentation, so we are not running jsdoc on file:/home/travis/build/icyphy/ptII/org/terraswarm/accessor/test/auto/accessors/DerivedAgainA.js
-------------- Reloaded accessors, but skipping rerun for now. Fri May 11 20:40:17 UTC 2018 /home/travis/build/icyphy/ptII/org/terraswarm/accessor/test/auto/DerivedAgain.xml
----------------- testing Fri May 11 20:40:17 UTC 2018 /home/travis/build/icyphy/ptII/org/terraswarm/accessor/test/auto/DerivedAgain2.xml
----------------- Instantiating /home/travis/build/icyphy/ptII/org/terraswarm/accessor/test/auto/DerivedAgain2.xml
1754 ms. Memory: 1643520K Free: 296433K (18%)
----------------- Invoking toplevel() on ptolemy.moml.MoMLSimpleApplication@2c135f3f
----------------- Done invoking toplevel() on ptolemy.moml.MoMLSimpleApplication@2c135f3f
reloadAllAccessors: .DerivedAgain2
Accessors in test/auto do not typically have documentation, so we are not running jsdoc on file:/home/travis/build/icyphy/ptII/org/terraswarm/accessor/test/auto/accessors/DerivedAgainB.js
-------------- Reloaded accessors, but skipping rerun for now. Fri May 11 20:40:20 UTC 2018 /home/travis/build/icyphy/ptII/org/terraswarm/accessor/test/auto/DerivedAgain2.xml
----------------- testing Fri May 11 20:40:20 UTC 2018 /home/travis/build/icyphy/ptII/org/terraswarm/accessor/test/auto/DerivedAgain4.xml
----------------- Instantiating /home/travis/build/icyphy/ptII/org/terraswarm/accessor/test/auto/DerivedAgain4.xml
788 ms. Memory: 1892864K Free: 1524275K (81%)
----------------- testing Fri May 11 20:40:21 UTC 2018 /home/travis/build/icyphy/ptII/org/terraswarm/accessor/test/auto/DerivedAgain5.xml
----------------- Instantiating /home/travis/build/icyphy/ptII/org/terraswarm/accessor/test/auto/DerivedAgain5.xml
905 ms. Memory: 1892864K Free: 1151508K (61%)
----------------- Invoking toplevel() on ptolemy.moml.MoMLSimpleApplication@28e61f26
----------------- Done invoking toplevel() on ptolemy.moml.MoMLSimpleApplication@28e61f26
reloadAllAccessors: .DerivedAgain5
Accessors in test/auto do not typically have documentation, so we are not running jsdoc on file:/home/travis/build/icyphy/ptII/org/terraswarm/accessor/test/auto/accessors/DerivedAgainE.js
-------------- Reloaded accessors, but skipping rerun for now. Fri May 11 20:40:23 UTC 2018 /home/travis/build/icyphy/ptII/org/terraswarm/accessor/test/auto/DerivedAgain5.xml
----------------- testing Fri May 11 20:40:23 UTC 2018 /home/travis/build/icyphy/ptII/org/terraswarm/accessor/test/auto/GetDate.xml
----------------- Instantiating /home/travis/build/icyphy/ptII/org/terraswarm/accessor/test/auto/GetDate.xml
REST: Making an HTTP request. (Thread[GetDate,1,main])
6109 ms. Memory: 1891840K Free: 477284K (25%)
----------------- Invoking toplevel() on ptolemy.moml.MoMLSimpleApplication@360f30d8
----------------- Done invoking toplevel() on ptolemy.moml.MoMLSimpleApplication@360f30d8
reloadAllAccessors: .GetDate
-------------- Reloaded accessors, but skipping rerun for now. Fri May 11 20:40:34 UTC 2018 /home/travis/build/icyphy/ptII/org/terraswarm/accessor/test/auto/GetDate.xml
----------------- testing Fri May 11 20:40:34 UTC 2018 /home/travis/build/icyphy/ptII/org/terraswarm/accessor/test/auto/HandlerWithSuppress.xml
----------------- Instantiating /home/travis/build/icyphy/ptII/org/terraswarm/accessor/test/auto/HandlerWithSuppress.xml
21398 ms. Memory: 1886720K Free: 854173K (45%)
----------------- Invoking toplevel() on ptolemy.moml.MoMLSimpleApplication@1e040545
----------------- Done invoking toplevel() on ptolemy.moml.MoMLSimpleApplication@1e040545
reloadAllAccessors: .HandlerWithSuppress
Accessors in test/auto do not typically have documentation, so we are not running jsdoc on file:/home/travis/build/icyphy/ptII/org/terraswarm/accessor/test/auto/accessors/HandlerWithSuppress.js
-------------- Reloaded accessors, but skipping rerun for now. Fri May 11 20:40:57 UTC 2018 /home/travis/build/icyphy/ptII/org/terraswarm/accessor/test/auto/HandlerWithSuppress.xml
----------------- testing Fri May 11 20:40:57 UTC 2018 /home/travis/build/icyphy/ptII/org/terraswarm/accessor/test/auto/HttpRequest.xml
----------------- Instantiating /home/travis/build/icyphy/ptII/org/terraswarm/accessor/test/auto/HttpRequest.xml
1004 ms. Memory: 1886720K Free: 377376K (20%)
----------------- Invoking toplevel() on ptolemy.moml.MoMLSimpleApplication@f15fc8
----------------- Done invoking toplevel() on ptolemy.moml.MoMLSimpleApplication@f15fc8
reloadAllAccessors: .HttpRequest
-------------- Reloaded accessors, but skipping rerun for now. Fri May 11 20:40:58 UTC 2018 /home/travis/build/icyphy/ptII/org/terraswarm/accessor/test/auto/HttpRequest.xml
----------------- testing Fri May 11 20:40:58 UTC 2018 /home/travis/build/icyphy/ptII/org/terraswarm/accessor/test/auto/JSON.xml
----------------- Instantiating /home/travis/build/icyphy/ptII/org/terraswarm/accessor/test/auto/JSON.xml
JavaScript: { data: 1 } (Thread[JSON,1,main])
JavaScript3: 1 (Thread[JSON,1,main])
2388 ms. Memory: 1929728K Free: 1306351K (68%)
----------------- Invoking toplevel() on ptolemy.moml.MoMLSimpleApplication@52ca003d
----------------- Done invoking toplevel() on ptolemy.moml.MoMLSimpleApplication@52ca003d
reloadAllAccessors: .JSON
----------------- testing Fri May 11 20:41:02 UTC 2018 /home/travis/build/icyphy/ptII/org/terraswarm/accessor/test/auto/ReadURL.xml
----------------- Instantiating /home/travis/build/icyphy/ptII/org/terraswarm/accessor/test/auto/ReadURL.xml
12233 ms. Memory: 1952768K Free: 1675987K (86%)
----------------- Invoking toplevel() on ptolemy.moml.MoMLSimpleApplication@406e113
----------------- Done invoking toplevel() on ptolemy.moml.MoMLSimpleApplication@406e113
reloadAllAccessors: .ReadURL
-------------- Reloaded accessors, but skipping rerun for now. Fri May 11 20:41:16 UTC 2018 /home/travis/build/icyphy/ptII/org/terraswarm/accessor/test/auto/ReadURL.xml
----------------- testing Fri May 11 20:41:16 UTC 2018 /home/travis/build/icyphy/ptII/org/terraswarm/accessor/test/auto/SendNullToOwnInput.xml
----------------- Instantiating /home/travis/build/icyphy/ptII/org/terraswarm/accessor/test/auto/SendNullToOwnInput.xml
1408 ms. Memory: 1952768K Free: 879977K (45%)
----------------- Invoking toplevel() on ptolemy.moml.MoMLSimpleApplication@5787ec62
----------------- Done invoking toplevel() on ptolemy.moml.MoMLSimpleApplication@5787ec62
reloadAllAccessors: .SendNullToOwnInput
-------------- Reloaded accessors, but skipping rerun for now. Fri May 11 20:41:19 UTC 2018 /home/travis/build/icyphy/ptII/org/terraswarm/accessor/test/auto/SendNullToOwnInput.xml
----------------- testing Fri May 11 20:41:19 UTC 2018 /home/travis/build/icyphy/ptII/org/terraswarm/accessor/test/auto/Stop.xml
----------------- Instantiating /home/travis/build/icyphy/ptII/org/terraswarm/accessor/test/auto/Stop.xml
TextDisplayHelper: 0
TextDisplayHelper: 1
TextDisplayHelper: 2
TextDisplayHelper: 3
6842 ms. Memory: 1904128K Free: 684586K (36%)
----------------- Invoking toplevel() on ptolemy.moml.MoMLSimpleApplication@675d3191
----------------- Done invoking toplevel() on ptolemy.moml.MoMLSimpleApplication@675d3191
reloadAllAccessors: .Stop
-------------- Reloaded accessors, but skipping rerun for now. Fri May 11 20:41:28 UTC 2018 /home/travis/build/icyphy/ptII/org/terraswarm/accessor/test/auto/Stop.xml
----------------- testing Fri May 11 20:41:28 UTC 2018 /home/travis/build/icyphy/ptII/org/terraswarm/accessor/test/auto/Stop2.xml
----------------- Instantiating /home/travis/build/icyphy/ptII/org/terraswarm/accessor/test/auto/Stop2.xml
3236 ms. Memory: 1983488K Free: 1808112K (91%)
----------------- Invoking toplevel() on ptolemy.moml.MoMLSimpleApplication@349c275d
----------------- Done invoking toplevel() on ptolemy.moml.MoMLSimpleApplication@349c275d
reloadAllAccessors: .Stop2
-------------- Reloaded accessors, but skipping rerun for now. Fri May 11 20:41:32 UTC 2018 /home/travis/build/icyphy/ptII/org/terraswarm/accessor/test/auto/Stop2.xml
AutoTests.java: About to close Vertx.
AutoTests.java: Vertx closed.
]]></system-out>
  <system-err><![CDATA[WARNING: Invoking send() too late (probably in a callback), so WebSocketServer is not able to send the token {socketID = 0, status = "closed"} to the output connection. Token is discarded.
WARNING: Invoking send() too late (probably in a callback), so WebSocketServer is not able to send the token {socketID = 0, status = "closed"} to the output connection. Token is discarded.
WARNING: WebSocketServer: Model stopped before executing actions (e.g. producing outputs) scheduled for execution at times [0.153, 0.152]
WARNING: Invoking send() too late (probably in a callback), so WebSocketServer is not able to send the token {socketID = 0, status = "closed"} to the output connection. Token is discarded.
WARNING: Invoking send() too late (probably in a callback), so WebSocketServer is not able to send the token {socketID = 0, status = "closed"} to the output connection. Token is discarded.
java.lang.RuntimeException: Execution failed
	at ptolemy.moml.MoMLSimpleApplication$UnloadThread.run(MoMLSimpleApplication.java:402)
Caused by: ptolemy.kernel.util.IllegalActionException: Exceptions occurred during wrapup:
ptolemy.kernel.util.IllegalActionException: Failure executing the wrapup function: Error: TrainableTest: The input handler of this accessor was never invoked. Usually, this is an error indicating that starvation is occurring. in <function> at line number 393 at column number 16
  in .WebSocketClient2JS.TrainableTest
Because:
Error: TrainableTest: The input handler of this accessor was never invoked. Usually, this is an error indicating that starvation is occurring. in <function> at line number 393 at column number 16

  in .WebSocketClient2JS.DE Director
Because:
Failure executing the wrapup function: Error: TrainableTest: The input handler of this accessor was never invoked. Usually, this is an error indicating that starvation is occurring. in <function> at line number 393 at column number 16
  in .WebSocketClient2JS.TrainableTest
Because:
Error: TrainableTest: The input handler of this accessor was never invoked. Usually, this is an error indicating that starvation is occurring. in <function> at line number 393 at column number 16
	at ptolemy.actor.Director.wrapup(Director.java:1736)
	at ptolemy.domains.de.kernel.DEDirector.wrapup(DEDirector.java:1526)
	at ptolemy.actor.CompositeActor.wrapup(CompositeActor.java:2735)
	at ptolemy.actor.Manager.wrapup(Manager.java:1512)
	at ptolemy.actor.Manager.execute(Manager.java:407)
	at ptolemy.actor.Manager.run(Manager.java:1263)
	at ptolemy.actor.Manager$PtolemyRunThread.run(Manager.java:1915)
Caused by: ptolemy.kernel.util.IllegalActionException: Failure executing the wrapup function: Error: TrainableTest: The input handler of this accessor was never invoked. Usually, this is an error indicating that starvation is occurring. in <function> at line number 393 at column number 16
  in .WebSocketClient2JS.TrainableTest
Because:
Error: TrainableTest: The input handler of this accessor was never invoked. Usually, this is an error indicating that starvation is occurring. in <function> at line number 393 at column number 16
	at ptolemy.actor.lib.jjs.JavaScript._invokeMethodInContext(JavaScript.java:2223)
	at ptolemy.actor.lib.jjs.JavaScript.wrapup(JavaScript.java:2118)
	at ptolemy.actor.Director.wrapup(Director.java:1722)
	... 6 more
Caused by: javax.script.ScriptException: Error: TrainableTest: The input handler of this accessor was never invoked. Usually, this is an error indicating that starvation is occurring. in <function> at line number 393 at column number 16
	at jdk.nashorn.api.scripting.NashornScriptEngine.throwAsScriptException(NashornScriptEngine.java:470)
	at jdk.nashorn.api.scripting.NashornScriptEngine.invokeImpl(NashornScriptEngine.java:392)
	at jdk.nashorn.api.scripting.NashornScriptEngine.invokeMethod(NashornScriptEngine.java:199)
	at ptolemy.actor.lib.jjs.JavaScript._invokeMethodInContext(JavaScript.java:2200)
	... 8 more
Caused by: <function>:393:16 Error: TrainableTest: The input handler of this accessor was never invoked. Usually, this is an error indicating that starvation is occurring.
	at jdk.nashorn.internal.objects.NativeError.initException(NativeError.java:137)
	at jdk.nashorn.internal.objects.NativeError.<init>(NativeError.java:102)
	at jdk.nashorn.internal.objects.NativeError.<init>(NativeError.java:106)
	at jdk.nashorn.internal.objects.NativeError.<init>(NativeError.java:110)
	at jdk.nashorn.internal.objects.NativeError.constructor(NativeError.java:129)
	at jdk.nashorn.internal.scripts.Script$Recompilation$7314$18524$\^function\_.L:1#wrapup(<function>:393)
	at jdk.nashorn.internal.scripts.Script$Recompilation$7312$30384$require.L:1#Accessor#wrapup(/home/travis/build/icyphy/ptII/ptolemy/actor/lib/jjs/external/require.js#401:30<eval>:675)
	at jdk.nashorn.internal.runtime.ScriptFunctionData.invoke(ScriptFunctionData.java:637)
	at jdk.nashorn.internal.runtime.ScriptFunction.invoke(ScriptFunction.java:494)
	at jdk.nashorn.internal.runtime.ScriptRuntime.apply(ScriptRuntime.java:393)
	at jdk.nashorn.api.scripting.ScriptObjectMirror.callMember(ScriptObjectMirror.java:199)
	at jdk.nashorn.api.scripting.NashornScriptEngine.invokeImpl(NashornScriptEngine.java:386)
	... 10 more
WARNING: CallbackWithSuppress: Model stopped before executing actions (e.g. producing outputs) scheduled for execution at times [21.0]
java.lang.RuntimeException: Execution failed
	at ptolemy.moml.MoMLSimpleApplication$UnloadThread.run(MoMLSimpleApplication.java:402)
Caused by: ptolemy.kernel.util.IllegalActionException: Test fails in iteration 0.
Value was: 42. Should have been: 43
  in .DerivedAgain4.Test
	at ptolemy.actor.lib.Test.fire(Test.java:268)
	at ptolemy.domains.de.kernel.DEDirector._fire(DEDirector.java:1948)
	at ptolemy.domains.de.kernel.DEDirector.fire(DEDirector.java:502)
	at ptolemy.actor.CompositeActor.fire(CompositeActor.java:455)
	at ptolemy.actor.Manager.iterate(Manager.java:851)
	at ptolemy.actor.Manager.execute(Manager.java:369)
	at ptolemy.actor.Manager.run(Manager.java:1263)
	at ptolemy.actor.Manager$PtolemyRunThread.run(Manager.java:1915)
WARNING: HandlerWithSuppress: Model stopped before executing actions (e.g. producing outputs) scheduled for execution at times [21.0]
WARNING: TestSpontaneous: Model stopped before executing actions (e.g. producing outputs) scheduled for execution at times [5.0]
]]></system-err>
</testsuite>
