<?xml version="1.0" encoding="UTF-8" ?>
<testsuite errors="0" failures="0" hostname="travis-job-c6fbb0fd-2c75-4d84-b893-8c2215c1cc55" name="ptolemy.domains.sdf.lib.test.junit.JUnitTclTest" skipped="0" tests="82" time="9.171" timestamp="2018-05-23T16:47:58">
  <properties>
[...]
</properties>
  <testcase classname="ptolemy.util.test.junit.TclTests" name="[0] /home/travis/build/icyphy/ptII/ptolemy/domains/sdf/lib/test/ArrayToSequence.tcl (RunTclFile)" time="0.549" />
  <testcase classname="ptolemy.util.test.junit.TclTests" name="[1] /home/travis/build/icyphy/ptII/ptolemy/domains/sdf/lib/test/BitsToInt.tcl (RunTclFile)" time="0.066" />
  <testcase classname="ptolemy.util.test.junit.TclTests" name="[2] /home/travis/build/icyphy/ptII/ptolemy/domains/sdf/lib/test/DelayLine.tcl (RunTclFile)" time="0.03" />
  <testcase classname="ptolemy.util.test.junit.TclTests" name="[3] /home/travis/build/icyphy/ptII/ptolemy/domains/sdf/lib/test/FFT.tcl (RunTclFile)" time="0.015" />
  <testcase classname="ptolemy.util.test.junit.TclTests" name="[4] /home/travis/build/icyphy/ptII/ptolemy/domains/sdf/lib/test/FIR.tcl (RunTclFile)" time="0.086" />
  <testcase classname="ptolemy.util.test.junit.TclTests" name="[5] /home/travis/build/icyphy/ptII/ptolemy/domains/sdf/lib/test/IntToBits.tcl (RunTclFile)" time="0.057" />
  <testcase classname="ptolemy.util.test.junit.TclTests" name="[6] /home/travis/build/icyphy/ptII/ptolemy/domains/sdf/lib/test/MaximumEntropySpectrum.tcl (RunTclFile)" time="0.239" />
  <testcase classname="ptolemy.util.test.junit.TclTests" name="[7] /home/travis/build/icyphy/ptII/ptolemy/domains/sdf/lib/test/Repeat.tcl (RunTclFile)" time="0.02" />
  <testcase classname="ptolemy.util.test.junit.TclTests" name="[8] /home/travis/build/icyphy/ptII/ptolemy/domains/sdf/lib/test/SampleDelay.tcl (RunTclFile)" time="0.067" />
  <testcase classname="ptolemy.util.test.junit.TclTests" name="[9] /home/travis/build/icyphy/ptII/ptolemy/domains/sdf/lib/test/SequenceToArray.tcl (RunTclFile)" time="0.041" />
  <testcase classname="ptolemy.util.test.junit.AutoKnownFailedTests" name="[0] ThereAreNoKnowFailedTests (RunModel)" time="0.01" />
  <testcase classname="ptolemy.util.test.junit.AutoNameArchTests" name="[0] ThereAreNoAutoTests (RunModel)" time="0.003" />
  <testcase classname="ptolemy.util.test.junit.AutoTests" name="[0] /home/travis/build/icyphy/ptII/ptolemy/domains/sdf/lib/test/auto/ArrayToSequence.xml (RunModel)" time="0.194" />
  <testcase classname="ptolemy.util.test.junit.AutoTests" name="[1] /home/travis/build/icyphy/ptII/ptolemy/domains/sdf/lib/test/auto/ArrayToSequenceTest.xml (RunModel)" time="0.087" />
  <testcase classname="ptolemy.util.test.junit.AutoTests" name="[2] /home/travis/build/icyphy/ptII/ptolemy/domains/sdf/lib/test/auto/Autocorrelation.xml (RunModel)" time="0.06" />
  <testcase classname="ptolemy.util.test.junit.AutoTests" name="[3] /home/travis/build/icyphy/ptII/ptolemy/domains/sdf/lib/test/auto/Autocorrelation2.xml (RunModel)" time="0.051" />
  <testcase classname="ptolemy.util.test.junit.AutoTests" name="[4] /home/travis/build/icyphy/ptII/ptolemy/domains/sdf/lib/test/auto/Autocorrelation3.xml (RunModel)" time="0.016" />
  <testcase classname="ptolemy.util.test.junit.AutoTests" name="[5] /home/travis/build/icyphy/ptII/ptolemy/domains/sdf/lib/test/auto/Autocorrelation4.xml (RunModel)" time="0.02" />
  <testcase classname="ptolemy.util.test.junit.AutoTests" name="[6] /home/travis/build/icyphy/ptII/ptolemy/domains/sdf/lib/test/auto/Autocorrelation5.xml (RunModel)" time="0.079" />
  <testcase classname="ptolemy.util.test.junit.AutoTests" name="[7] /home/travis/build/icyphy/ptII/ptolemy/domains/sdf/lib/test/auto/BitsToInt.xml (RunModel)" time="0.027" />
  <testcase classname="ptolemy.util.test.junit.AutoTests" name="[8] /home/travis/build/icyphy/ptII/ptolemy/domains/sdf/lib/test/auto/BooleanJoin.xml (RunModel)" time="0.041" />
  <testcase classname="ptolemy.util.test.junit.AutoTests" name="[9] /home/travis/build/icyphy/ptII/ptolemy/domains/sdf/lib/test/auto/BootstrapSampleDelay.xml (RunModel)" time="0.024" />
  <testcase classname="ptolemy.util.test.junit.AutoTests" name="[10] /home/travis/build/icyphy/ptII/ptolemy/domains/sdf/lib/test/auto/Chop.xml (RunModel)" time="0.057" />
  <testcase classname="ptolemy.util.test.junit.AutoTests" name="[11] /home/travis/build/icyphy/ptII/ptolemy/domains/sdf/lib/test/auto/Chop2.xml (RunModel)" time="0.037" />
  <testcase classname="ptolemy.util.test.junit.AutoTests" name="[12] /home/travis/build/icyphy/ptII/ptolemy/domains/sdf/lib/test/auto/ComplexJoin.xml (RunModel)" time="0.035" />
  <testcase classname="ptolemy.util.test.junit.AutoTests" name="[13] /home/travis/build/icyphy/ptII/ptolemy/domains/sdf/lib/test/auto/CountTrues.xml (RunModel)" time="0.029" />
  <testcase classname="ptolemy.util.test.junit.AutoTests" name="[14] /home/travis/build/icyphy/ptII/ptolemy/domains/sdf/lib/test/auto/DelayLine.xml (RunModel)" time="0.04" />
  <testcase classname="ptolemy.util.test.junit.AutoTests" name="[15] /home/travis/build/icyphy/ptII/ptolemy/domains/sdf/lib/test/auto/DotProduct.xml (RunModel)" time="0.027" />
  <testcase classname="ptolemy.util.test.junit.AutoTests" name="[16] /home/travis/build/icyphy/ptII/ptolemy/domains/sdf/lib/test/auto/DotProductMatrix.xml (RunModel)" time="0.02" />
  <testcase classname="ptolemy.util.test.junit.AutoTests" name="[17] /home/travis/build/icyphy/ptII/ptolemy/domains/sdf/lib/test/auto/DownSample1.xml (RunModel)" time="0.023" />
  <testcase classname="ptolemy.util.test.junit.AutoTests" name="[18] /home/travis/build/icyphy/ptII/ptolemy/domains/sdf/lib/test/auto/DynamicRateChange.xml (RunModel)" time="0.028" />
  <testcase classname="ptolemy.util.test.junit.AutoTests" name="[19] /home/travis/build/icyphy/ptII/ptolemy/domains/sdf/lib/test/auto/DynamicRates.xml (RunModel)" time="0.033" />
  <testcase classname="ptolemy.util.test.junit.AutoTests" name="[20] /home/travis/build/icyphy/ptII/ptolemy/domains/sdf/lib/test/auto/FFT1.xml (RunModel)" time="0.032" />
  <testcase classname="ptolemy.util.test.junit.AutoTests" name="[21] /home/travis/build/icyphy/ptII/ptolemy/domains/sdf/lib/test/auto/FIR1.xml (RunModel)" time="0.065" />
  <testcase classname="ptolemy.util.test.junit.AutoTests" name="[22] /home/travis/build/icyphy/ptII/ptolemy/domains/sdf/lib/test/auto/FIR2.xml (RunModel)" time="0.025" />
  <testcase classname="ptolemy.util.test.junit.AutoTests" name="[23] /home/travis/build/icyphy/ptII/ptolemy/domains/sdf/lib/test/auto/FIR4.xml (RunModel)" time="0.045" />
  <testcase classname="ptolemy.util.test.junit.AutoTests" name="[24] /home/travis/build/icyphy/ptII/ptolemy/domains/sdf/lib/test/auto/FixJoin.xml (RunModel)" time="0.042" />
  <testcase classname="ptolemy.util.test.junit.AutoTests" name="[25] /home/travis/build/icyphy/ptII/ptolemy/domains/sdf/lib/test/auto/IntJoin1.xml (RunModel)" time="0.023" />
  <testcase classname="ptolemy.util.test.junit.AutoTests" name="[26] /home/travis/build/icyphy/ptII/ptolemy/domains/sdf/lib/test/auto/IntJoin2.xml (RunModel)" time="0.022" />
  <testcase classname="ptolemy.util.test.junit.AutoTests" name="[27] /home/travis/build/icyphy/ptII/ptolemy/domains/sdf/lib/test/auto/IntJoin3.xml (RunModel)" time="0.021" />
  <testcase classname="ptolemy.util.test.junit.AutoTests" name="[28] /home/travis/build/icyphy/ptII/ptolemy/domains/sdf/lib/test/auto/IntJoin4.xml (RunModel)" time="0.022" />
  <testcase classname="ptolemy.util.test.junit.AutoTests" name="[29] /home/travis/build/icyphy/ptII/ptolemy/domains/sdf/lib/test/auto/IntJoin5.xml (RunModel)" time="0.025" />
  <testcase classname="ptolemy.util.test.junit.AutoTests" name="[30] /home/travis/build/icyphy/ptII/ptolemy/domains/sdf/lib/test/auto/IntToBits.xml (RunModel)" time="0.028" />
  <testcase classname="ptolemy.util.test.junit.AutoTests" name="[31] /home/travis/build/icyphy/ptII/ptolemy/domains/sdf/lib/test/auto/LMSAdaptive.xml (RunModel)" time="0.073" />
  <testcase classname="ptolemy.util.test.junit.AutoTests" name="[32] /home/travis/build/icyphy/ptII/ptolemy/domains/sdf/lib/test/auto/LMSAdaptiveFIR.xml (RunModel)" time="0.353" />
  <testcase classname="ptolemy.util.test.junit.AutoTests" name="[33] /home/travis/build/icyphy/ptII/ptolemy/domains/sdf/lib/test/auto/LMSAdaptiveFIR2.xml (RunModel)" time="0.453" />
  <testcase classname="ptolemy.util.test.junit.AutoTests" name="[34] /home/travis/build/icyphy/ptII/ptolemy/domains/sdf/lib/test/auto/LongJoin.xml (RunModel)" time="0.041" />
  <testcase classname="ptolemy.util.test.junit.AutoTests" name="[35] /home/travis/build/icyphy/ptII/ptolemy/domains/sdf/lib/test/auto/Matrix1.xml (RunModel)" time="0.029" />
  <testcase classname="ptolemy.util.test.junit.AutoTests" name="[36] /home/travis/build/icyphy/ptII/ptolemy/domains/sdf/lib/test/auto/Matrix2.xml (RunModel)" time="0.034" />
  <testcase classname="ptolemy.util.test.junit.AutoTests" name="[37] /home/travis/build/icyphy/ptII/ptolemy/domains/sdf/lib/test/auto/MatrixJoin1.xml (RunModel)" time="0.04" />
  <testcase classname="ptolemy.util.test.junit.AutoTests" name="[38] /home/travis/build/icyphy/ptII/ptolemy/domains/sdf/lib/test/auto/MatrixJoin2.xml (RunModel)" time="0.025" />
  <testcase classname="ptolemy.util.test.junit.AutoTests" name="[39] /home/travis/build/icyphy/ptII/ptolemy/domains/sdf/lib/test/auto/MatrixJoin3.xml (RunModel)" time="0.025" />
  <testcase classname="ptolemy.util.test.junit.AutoTests" name="[40] /home/travis/build/icyphy/ptII/ptolemy/domains/sdf/lib/test/auto/MatrixJoin4.xml (RunModel)" time="0.019" />
  <testcase classname="ptolemy.util.test.junit.AutoTests" name="[41] /home/travis/build/icyphy/ptII/ptolemy/domains/sdf/lib/test/auto/MatrixJoin5.xml (RunModel)" time="0.02" />
  <testcase classname="ptolemy.util.test.junit.AutoTests" name="[42] /home/travis/build/icyphy/ptII/ptolemy/domains/sdf/lib/test/auto/MatrixSplit1.xml (RunModel)" time="0.032" />
  <testcase classname="ptolemy.util.test.junit.AutoTests" name="[43] /home/travis/build/icyphy/ptII/ptolemy/domains/sdf/lib/test/auto/MatrixSplit10.xml (RunModel)" time="0.019" />
  <testcase classname="ptolemy.util.test.junit.AutoTests" name="[44] /home/travis/build/icyphy/ptII/ptolemy/domains/sdf/lib/test/auto/MatrixSplit11.xml (RunModel)" time="0.013" />
  <testcase classname="ptolemy.util.test.junit.AutoTests" name="[45] /home/travis/build/icyphy/ptII/ptolemy/domains/sdf/lib/test/auto/MatrixSplit12.xml (RunModel)" time="0.018" />
  <testcase classname="ptolemy.util.test.junit.AutoTests" name="[46] /home/travis/build/icyphy/ptII/ptolemy/domains/sdf/lib/test/auto/MatrixSplit13.xml (RunModel)" time="0.034" />
  <testcase classname="ptolemy.util.test.junit.AutoTests" name="[47] /home/travis/build/icyphy/ptII/ptolemy/domains/sdf/lib/test/auto/MatrixSplit14.xml (RunModel)" time="0.026" />
  <testcase classname="ptolemy.util.test.junit.AutoTests" name="[48] /home/travis/build/icyphy/ptII/ptolemy/domains/sdf/lib/test/auto/MatrixSplit2.xml (RunModel)" time="0.022" />
  <testcase classname="ptolemy.util.test.junit.AutoTests" name="[49] /home/travis/build/icyphy/ptII/ptolemy/domains/sdf/lib/test/auto/MatrixSplit3.xml (RunModel)" time="0.02" />
  <testcase classname="ptolemy.util.test.junit.AutoTests" name="[50] /home/travis/build/icyphy/ptII/ptolemy/domains/sdf/lib/test/auto/MatrixSplit4.xml (RunModel)" time="0.021" />
  <testcase classname="ptolemy.util.test.junit.AutoTests" name="[51] /home/travis/build/icyphy/ptII/ptolemy/domains/sdf/lib/test/auto/MatrixSplit5.xml (RunModel)" time="0.018" />
  <testcase classname="ptolemy.util.test.junit.AutoTests" name="[52] /home/travis/build/icyphy/ptII/ptolemy/domains/sdf/lib/test/auto/MatrixSplit6.xml (RunModel)" time="0.013" />
  <testcase classname="ptolemy.util.test.junit.AutoTests" name="[53] /home/travis/build/icyphy/ptII/ptolemy/domains/sdf/lib/test/auto/MatrixSplit7.xml (RunModel)" time="0.02" />
  <testcase classname="ptolemy.util.test.junit.AutoTests" name="[54] /home/travis/build/icyphy/ptII/ptolemy/domains/sdf/lib/test/auto/MatrixSplit8.xml (RunModel)" time="0.015" />
  <testcase classname="ptolemy.util.test.junit.AutoTests" name="[55] /home/travis/build/icyphy/ptII/ptolemy/domains/sdf/lib/test/auto/MatrixSplit9.xml (RunModel)" time="0.041" />
  <testcase classname="ptolemy.util.test.junit.AutoTests" name="[56] /home/travis/build/icyphy/ptII/ptolemy/domains/sdf/lib/test/auto/MatrixToSequence.xml (RunModel)" time="0.048" />
  <testcase classname="ptolemy.util.test.junit.AutoTests" name="[57] /home/travis/build/icyphy/ptII/ptolemy/domains/sdf/lib/test/auto/MaximumEntropySpectrum.xml (RunModel)" time="0.099" />
  <testcase classname="ptolemy.util.test.junit.AutoTests" name="[58] /home/travis/build/icyphy/ptII/ptolemy/domains/sdf/lib/test/auto/SampleDelayConversion.xml (RunModel)" time="0.023" />
  <testcase classname="ptolemy.util.test.junit.AutoTests" name="[59] /home/travis/build/icyphy/ptII/ptolemy/domains/sdf/lib/test/auto/SequenceToArray.xml (RunModel)" time="0.046" />
  <testcase classname="ptolemy.util.test.junit.AutoTests" name="[60] /home/travis/build/icyphy/ptII/ptolemy/domains/sdf/lib/test/auto/SequenceToMatrix.xml (RunModel)" time="4.187" />
  <testcase classname="ptolemy.util.test.junit.AutoTests" name="[61] /home/travis/build/icyphy/ptII/ptolemy/domains/sdf/lib/test/auto/SmoothedPeriodogram.xml (RunModel)" time="0.056" />
  <testcase classname="ptolemy.util.test.junit.AutoTests" name="[62] /home/travis/build/icyphy/ptII/ptolemy/domains/sdf/lib/test/auto/UpDownSample1.xml (RunModel)" time="0.013" />
  <testcase classname="ptolemy.util.test.junit.AutoTests" name="[63] /home/travis/build/icyphy/ptII/ptolemy/domains/sdf/lib/test/auto/UpSample1.xml (RunModel)" time="0.018" />
  <testcase classname="ptolemy.util.test.junit.AutoTests" name="[64] /home/travis/build/icyphy/ptII/ptolemy/domains/sdf/lib/test/auto/VariableFIR.xml (RunModel)" time="0.04" />
  <testcase classname="ptolemy.util.test.junit.AutoTests" name="[65] /home/travis/build/icyphy/ptII/ptolemy/domains/sdf/lib/test/auto/VariableFIR2.xml (RunModel)" time="0.027" />
  <testcase classname="ptolemy.util.test.junit.AutoTests" name="[66] /home/travis/build/icyphy/ptII/ptolemy/domains/sdf/lib/test/auto/VariableLattice.xml (RunModel)" time="0.027" />
  <testcase classname="ptolemy.util.test.junit.AutoTests" name="[67] /home/travis/build/icyphy/ptII/ptolemy/domains/sdf/lib/test/auto/VariableLattice2.xml (RunModel)" time="0.025" />
  <testcase classname="ptolemy.util.test.junit.AutoTests" name="[68] /home/travis/build/icyphy/ptII/ptolemy/domains/sdf/lib/test/auto/VariableRecursiveLattice.xml (RunModel)" time="0.022" />
  <testcase classname="ptolemy.util.test.junit.AutoTests" name="[69] /home/travis/build/icyphy/ptII/ptolemy/domains/sdf/lib/test/auto/VariableRecursiveLattice2.xml (RunModel)" time="0.022" />
  <system-out><![CDATA[/home/travis/build/icyphy/ptII/ptolemy/domains/sdf/lib/test/ArrayToSequence.tcl
testDefs.tcl: setting time out to 9000 seconds at Wed May 23 16:47:58 UTC 2018
58 ms. Memory: 116224K Free: 85504K (74%)
20 ms. Memory: 116224K Free: 110196K (95%)
10 ms. Memory: 116224K Free: 107798K (93%)
10 ms. Memory: 116224K Free: 106591K (92%)
/home/travis/build/icyphy/ptII/ptolemy/domains/sdf/lib/test/BitsToInt.tcl
15 ms. Memory: 116224K Free: 104756K (90%)
18 ms. Memory: 116224K Free: 102946K (89%)
/home/travis/build/icyphy/ptII/ptolemy/domains/sdf/lib/test/DelayLine.tcl
6 ms. Memory: 116224K Free: 101136K (87%)
/home/travis/build/icyphy/ptII/ptolemy/domains/sdf/lib/test/FFT.tcl
4 ms. Memory: 116224K Free: 99333K (85%)
/home/travis/build/icyphy/ptII/ptolemy/domains/sdf/lib/test/FIR.tcl
14 ms. Memory: 116224K Free: 97539K (84%)
3 ms. Memory: 116224K Free: 96332K (83%)
ptolemy.kernel.util.IllegalActionException: multiplyReverse method not supported between ptolemy.data.FixToken 'fix(-0.0625,6,2)' and ptolemy.data.IntToken '1' because the types are incomparable.
  in .top.FIRclone
Because:
multiplyReverse method not supported between ptolemy.data.FixToken 'fix(-0.0625,6,2)' and ptolemy.data.IntToken '1' because the types are incomparable.
21 ms. Memory: 116224K Free: 93934K (81%)
/home/travis/build/icyphy/ptII/ptolemy/domains/sdf/lib/test/IntToBits.tcl
9 ms. Memory: 116224K Free: 92131K (79%)
8 ms. Memory: 116224K Free: 90916K (78%)
/home/travis/build/icyphy/ptII/ptolemy/domains/sdf/lib/test/MaximumEntropySpectrum.tcl
/home/travis/build/icyphy/ptII/ptolemy/domains/sdf/lib/test/Repeat.tcl
6 ms. Memory: 146944K Free: 120873K (82%)
/home/travis/build/icyphy/ptII/ptolemy/domains/sdf/lib/test/SampleDelay.tcl
4 ms. Memory: 146944K Free: 119656K (81%)
8 ms. Memory: 146944K Free: 118456K (81%)
4 ms. Memory: 146944K Free: 117239K (80%)
19 ms. Memory: 146944K Free: 117239K (80%)
2 ms. Memory: 146944K Free: 116039K (79%)
2 ms. Memory: 146944K Free: 116039K (79%)
/home/travis/build/icyphy/ptII/ptolemy/domains/sdf/lib/test/SequenceToArray.tcl
5 ms. Memory: 146944K Free: 112393K (76%)
4 ms. Memory: 146944K Free: 112393K (76%)
5 ms. Memory: 146944K Free: 109989K (75%)
4 ms. Memory: 146944K Free: 109989K (75%)
05/23/18 04:47:59
Failed: 0  Total Tests: 41  ((Passed: 41, Newly Passed: 0)  Known Failed: 0) /home/travis/build/icyphy/ptII/ptolemy/domains/sdf/lib/test
No auto/knownFailedTests/*.xml tests in /home/travis/build/icyphy/ptII/ptolemy/domains/sdf/lib/test
No auto/*.xml tests in /home/travis/build/icyphy/ptII/ptolemy/domains/sdf/lib/test
AutoTests.java: About to close Vertx.
AutoTests.java: Vertx closed.
----------------- testing Wed May 23 16:47:59 UTC 2018 /home/travis/build/icyphy/ptII/ptolemy/domains/sdf/lib/test/auto/ArrayToSequence.xml
----------------- Instantiating /home/travis/build/icyphy/ptII/ptolemy/domains/sdf/lib/test/auto/ArrayToSequence.xml
35 ms. Memory: 146944K Free: 126796K (86%)
----------------- Invoking toplevel() on ptolemy.moml.MoMLSimpleApplication@795e6487
----------------- Done invoking toplevel() on ptolemy.moml.MoMLSimpleApplication@795e6487
reloadAllAccessors: .ArrayToSequence
----------------- testing Wed May 23 16:48:00 UTC 2018 /home/travis/build/icyphy/ptII/ptolemy/domains/sdf/lib/test/auto/ArrayToSequenceTest.xml
----------------- Instantiating /home/travis/build/icyphy/ptII/ptolemy/domains/sdf/lib/test/auto/ArrayToSequenceTest.xml
21 ms. Memory: 146944K Free: 119283K (81%)
----------------- Invoking toplevel() on ptolemy.moml.MoMLSimpleApplication@6a1e49e8
----------------- Done invoking toplevel() on ptolemy.moml.MoMLSimpleApplication@6a1e49e8
reloadAllAccessors: .ArrayToSequenceTest
----------------- testing Wed May 23 16:48:00 UTC 2018 /home/travis/build/icyphy/ptII/ptolemy/domains/sdf/lib/test/auto/Autocorrelation.xml
----------------- Instantiating /home/travis/build/icyphy/ptII/ptolemy/domains/sdf/lib/test/auto/Autocorrelation.xml
6 ms. Memory: 146944K Free: 114689K (78%)
----------------- Invoking toplevel() on ptolemy.moml.MoMLSimpleApplication@7c685eb5
----------------- Done invoking toplevel() on ptolemy.moml.MoMLSimpleApplication@7c685eb5
reloadAllAccessors: .Autocorrelation
----------------- testing Wed May 23 16:48:00 UTC 2018 /home/travis/build/icyphy/ptII/ptolemy/domains/sdf/lib/test/auto/Autocorrelation2.xml
----------------- Instantiating /home/travis/build/icyphy/ptII/ptolemy/domains/sdf/lib/test/auto/Autocorrelation2.xml
5 ms. Memory: 146944K Free: 110095K (75%)
----------------- Invoking toplevel() on ptolemy.moml.MoMLSimpleApplication@456a53cd
----------------- Done invoking toplevel() on ptolemy.moml.MoMLSimpleApplication@456a53cd
reloadAllAccessors: .Autocorrelation2
----------------- testing Wed May 23 16:48:00 UTC 2018 /home/travis/build/icyphy/ptII/ptolemy/domains/sdf/lib/test/auto/Autocorrelation3.xml
----------------- Instantiating /home/travis/build/icyphy/ptII/ptolemy/domains/sdf/lib/test/auto/Autocorrelation3.xml
3 ms. Memory: 146944K Free: 104799K (71%)
----------------- Invoking toplevel() on ptolemy.moml.MoMLSimpleApplication@4a22db6c
----------------- Done invoking toplevel() on ptolemy.moml.MoMLSimpleApplication@4a22db6c
reloadAllAccessors: .Autocorrelation3
----------------- testing Wed May 23 16:48:00 UTC 2018 /home/travis/build/icyphy/ptII/ptolemy/domains/sdf/lib/test/auto/Autocorrelation4.xml
----------------- Instantiating /home/travis/build/icyphy/ptII/ptolemy/domains/sdf/lib/test/auto/Autocorrelation4.xml
4 ms. Memory: 146944K Free: 100245K (68%)
----------------- Invoking toplevel() on ptolemy.moml.MoMLSimpleApplication@5f4d5b19
----------------- Done invoking toplevel() on ptolemy.moml.MoMLSimpleApplication@5f4d5b19
reloadAllAccessors: .Autocorrelation4
----------------- testing Wed May 23 16:48:00 UTC 2018 /home/travis/build/icyphy/ptII/ptolemy/domains/sdf/lib/test/auto/Autocorrelation5.xml
----------------- Instantiating /home/travis/build/icyphy/ptII/ptolemy/domains/sdf/lib/test/auto/Autocorrelation5.xml
53 ms. Memory: 146944K Free: 93177K (63%)
----------------- Invoking toplevel() on ptolemy.moml.MoMLSimpleApplication@1802c033
----------------- Done invoking toplevel() on ptolemy.moml.MoMLSimpleApplication@1802c033
reloadAllAccessors: .Autocorrelation5
----------------- testing Wed May 23 16:48:00 UTC 2018 /home/travis/build/icyphy/ptII/ptolemy/domains/sdf/lib/test/auto/BitsToInt.xml
----------------- Instantiating /home/travis/build/icyphy/ptII/ptolemy/domains/sdf/lib/test/auto/BitsToInt.xml
6 ms. Memory: 146944K Free: 88661K (60%)
----------------- Invoking toplevel() on ptolemy.moml.MoMLSimpleApplication@3a25ab17
----------------- Done invoking toplevel() on ptolemy.moml.MoMLSimpleApplication@3a25ab17
reloadAllAccessors: .BitsToInt
----------------- testing Wed May 23 16:48:00 UTC 2018 /home/travis/build/icyphy/ptII/ptolemy/domains/sdf/lib/test/auto/BooleanJoin.xml
----------------- Instantiating /home/travis/build/icyphy/ptII/ptolemy/domains/sdf/lib/test/auto/BooleanJoin.xml
5 ms. Memory: 146944K Free: 84018K (57%)
----------------- Invoking toplevel() on ptolemy.moml.MoMLSimpleApplication@3db8ca65
----------------- Done invoking toplevel() on ptolemy.moml.MoMLSimpleApplication@3db8ca65
reloadAllAccessors: .BooleanJoin
----------------- testing Wed May 23 16:48:00 UTC 2018 /home/travis/build/icyphy/ptII/ptolemy/domains/sdf/lib/test/auto/BootstrapSampleDelay.xml
----------------- Instantiating /home/travis/build/icyphy/ptII/ptolemy/domains/sdf/lib/test/auto/BootstrapSampleDelay.xml
4 ms. Memory: 146944K Free: 80283K (55%)
----------------- Invoking toplevel() on ptolemy.moml.MoMLSimpleApplication@5db7ffe
----------------- Done invoking toplevel() on ptolemy.moml.MoMLSimpleApplication@5db7ffe
reloadAllAccessors: .BootstrapSampleDelay
----------------- testing Wed May 23 16:48:00 UTC 2018 /home/travis/build/icyphy/ptII/ptolemy/domains/sdf/lib/test/auto/Chop.xml
----------------- Instantiating /home/travis/build/icyphy/ptII/ptolemy/domains/sdf/lib/test/auto/Chop.xml
8 ms. Memory: 208384K Free: 192772K (93%)
----------------- Invoking toplevel() on ptolemy.moml.MoMLSimpleApplication@7e9891cf
----------------- Done invoking toplevel() on ptolemy.moml.MoMLSimpleApplication@7e9891cf
reloadAllAccessors: .Chop
----------------- testing Wed May 23 16:48:00 UTC 2018 /home/travis/build/icyphy/ptII/ptolemy/domains/sdf/lib/test/auto/Chop2.xml
----------------- Instantiating /home/travis/build/icyphy/ptII/ptolemy/domains/sdf/lib/test/auto/Chop2.xml
10 ms. Memory: 208384K Free: 184449K (89%)
----------------- Invoking toplevel() on ptolemy.moml.MoMLSimpleApplication@1eb55dba
----------------- Done invoking toplevel() on ptolemy.moml.MoMLSimpleApplication@1eb55dba
reloadAllAccessors: .Chop2
----------------- testing Wed May 23 16:48:00 UTC 2018 /home/travis/build/icyphy/ptII/ptolemy/domains/sdf/lib/test/auto/ComplexJoin.xml
----------------- Instantiating /home/travis/build/icyphy/ptII/ptolemy/domains/sdf/lib/test/auto/ComplexJoin.xml
5 ms. Memory: 208384K Free: 179518K (86%)
----------------- Invoking toplevel() on ptolemy.moml.MoMLSimpleApplication@6877209c
----------------- Done invoking toplevel() on ptolemy.moml.MoMLSimpleApplication@6877209c
reloadAllAccessors: .ComplexJoin
----------------- testing Wed May 23 16:48:00 UTC 2018 /home/travis/build/icyphy/ptII/ptolemy/domains/sdf/lib/test/auto/CountTrues.xml
----------------- Instantiating /home/travis/build/icyphy/ptII/ptolemy/domains/sdf/lib/test/auto/CountTrues.xml
4 ms. Memory: 208384K Free: 176446K (85%)
----------------- Invoking toplevel() on ptolemy.moml.MoMLSimpleApplication@69c0ac06
----------------- Done invoking toplevel() on ptolemy.moml.MoMLSimpleApplication@69c0ac06
reloadAllAccessors: .CountTrues
----------------- testing Wed May 23 16:48:00 UTC 2018 /home/travis/build/icyphy/ptII/ptolemy/domains/sdf/lib/test/auto/DelayLine.xml
----------------- Instantiating /home/travis/build/icyphy/ptII/ptolemy/domains/sdf/lib/test/auto/DelayLine.xml
4 ms. Memory: 208384K Free: 170900K (82%)
----------------- Invoking toplevel() on ptolemy.moml.MoMLSimpleApplication@6b28772e
----------------- Done invoking toplevel() on ptolemy.moml.MoMLSimpleApplication@6b28772e
reloadAllAccessors: .DelayLine
----------------- testing Wed May 23 16:48:00 UTC 2018 /home/travis/build/icyphy/ptII/ptolemy/domains/sdf/lib/test/auto/DotProduct.xml
----------------- Instantiating /home/travis/build/icyphy/ptII/ptolemy/domains/sdf/lib/test/auto/DotProduct.xml
5 ms. Memory: 208384K Free: 166261K (80%)
----------------- Invoking toplevel() on ptolemy.moml.MoMLSimpleApplication@4dd1c543
----------------- Done invoking toplevel() on ptolemy.moml.MoMLSimpleApplication@4dd1c543
reloadAllAccessors: .DotProduct
----------------- testing Wed May 23 16:48:00 UTC 2018 /home/travis/build/icyphy/ptII/ptolemy/domains/sdf/lib/test/auto/DotProductMatrix.xml
----------------- Instantiating /home/travis/build/icyphy/ptII/ptolemy/domains/sdf/lib/test/auto/DotProductMatrix.xml
4 ms. Memory: 208384K Free: 163173K (78%)
----------------- Invoking toplevel() on ptolemy.moml.MoMLSimpleApplication@3f9013bb
----------------- Done invoking toplevel() on ptolemy.moml.MoMLSimpleApplication@3f9013bb
reloadAllAccessors: .DotProductMatrix
----------------- testing Wed May 23 16:48:00 UTC 2018 /home/travis/build/icyphy/ptII/ptolemy/domains/sdf/lib/test/auto/DownSample1.xml
----------------- Instantiating /home/travis/build/icyphy/ptII/ptolemy/domains/sdf/lib/test/auto/DownSample1.xml
4 ms. Memory: 208384K Free: 159471K (77%)
----------------- Invoking toplevel() on ptolemy.moml.MoMLSimpleApplication@1b160e63
----------------- Done invoking toplevel() on ptolemy.moml.MoMLSimpleApplication@1b160e63
reloadAllAccessors: .DownSample1
----------------- testing Wed May 23 16:48:00 UTC 2018 /home/travis/build/icyphy/ptII/ptolemy/domains/sdf/lib/test/auto/DynamicRateChange.xml
----------------- Instantiating /home/travis/build/icyphy/ptII/ptolemy/domains/sdf/lib/test/auto/DynamicRateChange.xml
7 ms. Memory: 208384K Free: 153294K (74%)
----------------- Invoking toplevel() on ptolemy.moml.MoMLSimpleApplication@46d59a73
----------------- Done invoking toplevel() on ptolemy.moml.MoMLSimpleApplication@46d59a73
reloadAllAccessors: .DynamicRateChange
----------------- testing Wed May 23 16:48:00 UTC 2018 /home/travis/build/icyphy/ptII/ptolemy/domains/sdf/lib/test/auto/DynamicRates.xml
----------------- Instantiating /home/travis/build/icyphy/ptII/ptolemy/domains/sdf/lib/test/auto/DynamicRates.xml
11 ms. Memory: 208384K Free: 146168K (70%)
----------------- Invoking toplevel() on ptolemy.moml.MoMLSimpleApplication@48f36930
----------------- Done invoking toplevel() on ptolemy.moml.MoMLSimpleApplication@48f36930
reloadAllAccessors: .DynamicRates
----------------- testing Wed May 23 16:48:00 UTC 2018 /home/travis/build/icyphy/ptII/ptolemy/domains/sdf/lib/test/auto/FFT1.xml
----------------- Instantiating /home/travis/build/icyphy/ptII/ptolemy/domains/sdf/lib/test/auto/FFT1.xml
10 ms. Memory: 208384K Free: 141252K (68%)
----------------- Invoking toplevel() on ptolemy.moml.MoMLSimpleApplication@18aa1764
----------------- Done invoking toplevel() on ptolemy.moml.MoMLSimpleApplication@18aa1764
reloadAllAccessors: .FFT1
----------------- testing Wed May 23 16:48:00 UTC 2018 /home/travis/build/icyphy/ptII/ptolemy/domains/sdf/lib/test/auto/FIR1.xml
----------------- Instantiating /home/travis/build/icyphy/ptII/ptolemy/domains/sdf/lib/test/auto/FIR1.xml
29 ms. Memory: 208384K Free: 133201K (64%)
----------------- Invoking toplevel() on ptolemy.moml.MoMLSimpleApplication@5eaf57f0
----------------- Done invoking toplevel() on ptolemy.moml.MoMLSimpleApplication@5eaf57f0
reloadAllAccessors: .FIR1
----------------- testing Wed May 23 16:48:00 UTC 2018 /home/travis/build/icyphy/ptII/ptolemy/domains/sdf/lib/test/auto/FIR2.xml
----------------- Instantiating /home/travis/build/icyphy/ptII/ptolemy/domains/sdf/lib/test/auto/FIR2.xml
3 ms. Memory: 208384K Free: 129514K (62%)
----------------- Invoking toplevel() on ptolemy.moml.MoMLSimpleApplication@7f5d7f27
----------------- Done invoking toplevel() on ptolemy.moml.MoMLSimpleApplication@7f5d7f27
reloadAllAccessors: .FIR2
----------------- testing Wed May 23 16:48:00 UTC 2018 /home/travis/build/icyphy/ptII/ptolemy/domains/sdf/lib/test/auto/FIR4.xml
----------------- Instantiating /home/travis/build/icyphy/ptII/ptolemy/domains/sdf/lib/test/auto/FIR4.xml
8 ms. Memory: 208384K Free: 119316K (57%)
----------------- Invoking toplevel() on ptolemy.moml.MoMLSimpleApplication@5e6c9dd2
----------------- Done invoking toplevel() on ptolemy.moml.MoMLSimpleApplication@5e6c9dd2
reloadAllAccessors: .FIR4
----------------- testing Wed May 23 16:48:00 UTC 2018 /home/travis/build/icyphy/ptII/ptolemy/domains/sdf/lib/test/auto/FixJoin.xml
----------------- Instantiating /home/travis/build/icyphy/ptII/ptolemy/domains/sdf/lib/test/auto/FixJoin.xml
8 ms. Memory: 208384K Free: 114368K (55%)
----------------- Invoking toplevel() on ptolemy.moml.MoMLSimpleApplication@1c656e60
----------------- Done invoking toplevel() on ptolemy.moml.MoMLSimpleApplication@1c656e60
reloadAllAccessors: .FixJoin
----------------- testing Wed May 23 16:48:01 UTC 2018 /home/travis/build/icyphy/ptII/ptolemy/domains/sdf/lib/test/auto/IntJoin1.xml
----------------- Instantiating /home/travis/build/icyphy/ptII/ptolemy/domains/sdf/lib/test/auto/IntJoin1.xml
5 ms. Memory: 208384K Free: 109437K (53%)
----------------- Invoking toplevel() on ptolemy.moml.MoMLSimpleApplication@7836e861
----------------- Done invoking toplevel() on ptolemy.moml.MoMLSimpleApplication@7836e861
reloadAllAccessors: .IntJoin1
----------------- testing Wed May 23 16:48:01 UTC 2018 /home/travis/build/icyphy/ptII/ptolemy/domains/sdf/lib/test/auto/IntJoin2.xml
----------------- Instantiating /home/travis/build/icyphy/ptII/ptolemy/domains/sdf/lib/test/auto/IntJoin2.xml
5 ms. Memory: 208384K Free: 104505K (50%)
----------------- Invoking toplevel() on ptolemy.moml.MoMLSimpleApplication@322f094
----------------- Done invoking toplevel() on ptolemy.moml.MoMLSimpleApplication@322f094
reloadAllAccessors: .IntJoin2
----------------- testing Wed May 23 16:48:01 UTC 2018 /home/travis/build/icyphy/ptII/ptolemy/domains/sdf/lib/test/auto/IntJoin3.xml
----------------- Instantiating /home/travis/build/icyphy/ptII/ptolemy/domains/sdf/lib/test/auto/IntJoin3.xml
4 ms. Memory: 208384K Free: 98616K (47%)
----------------- Invoking toplevel() on ptolemy.moml.MoMLSimpleApplication@49639881
----------------- Done invoking toplevel() on ptolemy.moml.MoMLSimpleApplication@49639881
reloadAllAccessors: .IntJoin3
----------------- testing Wed May 23 16:48:01 UTC 2018 /home/travis/build/icyphy/ptII/ptolemy/domains/sdf/lib/test/auto/IntJoin4.xml
----------------- Instantiating /home/travis/build/icyphy/ptII/ptolemy/domains/sdf/lib/test/auto/IntJoin4.xml
2 ms. Memory: 208384K Free: 94299K (45%)
----------------- Invoking toplevel() on ptolemy.moml.MoMLSimpleApplication@26aa424c
----------------- Done invoking toplevel() on ptolemy.moml.MoMLSimpleApplication@26aa424c
reloadAllAccessors: .IntJoin4
----------------- testing Wed May 23 16:48:01 UTC 2018 /home/travis/build/icyphy/ptII/ptolemy/domains/sdf/lib/test/auto/IntJoin5.xml
----------------- Instantiating /home/travis/build/icyphy/ptII/ptolemy/domains/sdf/lib/test/auto/IntJoin5.xml
4 ms. Memory: 208384K Free: 89311K (43%)
----------------- Invoking toplevel() on ptolemy.moml.MoMLSimpleApplication@533be99d
----------------- Done invoking toplevel() on ptolemy.moml.MoMLSimpleApplication@533be99d
reloadAllAccessors: .IntJoin5
----------------- testing Wed May 23 16:48:01 UTC 2018 /home/travis/build/icyphy/ptII/ptolemy/domains/sdf/lib/test/auto/IntToBits.xml
----------------- Instantiating /home/travis/build/icyphy/ptII/ptolemy/domains/sdf/lib/test/auto/IntToBits.xml
6 ms. Memory: 208384K Free: 86207K (41%)
----------------- Invoking toplevel() on ptolemy.moml.MoMLSimpleApplication@520ab9d7
----------------- Done invoking toplevel() on ptolemy.moml.MoMLSimpleApplication@520ab9d7
reloadAllAccessors: .IntToBits
----------------- testing Wed May 23 16:48:01 UTC 2018 /home/travis/build/icyphy/ptII/ptolemy/domains/sdf/lib/test/auto/LMSAdaptive.xml
----------------- Instantiating /home/travis/build/icyphy/ptII/ptolemy/domains/sdf/lib/test/auto/LMSAdaptive.xml
9 ms. Memory: 208384K Free: 198316K (95%)
----------------- Invoking toplevel() on ptolemy.moml.MoMLSimpleApplication@63379d21
----------------- Done invoking toplevel() on ptolemy.moml.MoMLSimpleApplication@63379d21
reloadAllAccessors: .LMSAdaptive
----------------- testing Wed May 23 16:48:01 UTC 2018 /home/travis/build/icyphy/ptII/ptolemy/domains/sdf/lib/test/auto/LMSAdaptiveFIR.xml
----------------- Instantiating /home/travis/build/icyphy/ptII/ptolemy/domains/sdf/lib/test/auto/LMSAdaptiveFIR.xml
258 ms. Memory: 208384K Free: 157899K (76%)
----------------- Invoking toplevel() on ptolemy.moml.MoMLSimpleApplication@1f2fff88
----------------- Done invoking toplevel() on ptolemy.moml.MoMLSimpleApplication@1f2fff88
reloadAllAccessors: .LMSAdaptiveFIR
----------------- testing Wed May 23 16:48:01 UTC 2018 /home/travis/build/icyphy/ptII/ptolemy/domains/sdf/lib/test/auto/LMSAdaptiveFIR2.xml
----------------- Instantiating /home/travis/build/icyphy/ptII/ptolemy/domains/sdf/lib/test/auto/LMSAdaptiveFIR2.xml
372 ms. Memory: 208384K Free: 96964K (47%)
----------------- Invoking toplevel() on ptolemy.moml.MoMLSimpleApplication@77b2307b
----------------- Done invoking toplevel() on ptolemy.moml.MoMLSimpleApplication@77b2307b
reloadAllAccessors: .LMSAdaptiveFIR2
----------------- testing Wed May 23 16:48:02 UTC 2018 /home/travis/build/icyphy/ptII/ptolemy/domains/sdf/lib/test/auto/LongJoin.xml
----------------- Instantiating /home/travis/build/icyphy/ptII/ptolemy/domains/sdf/lib/test/auto/LongJoin.xml
5 ms. Memory: 208384K Free: 90972K (44%)
----------------- Invoking toplevel() on ptolemy.moml.MoMLSimpleApplication@40ce4d4b
----------------- Done invoking toplevel() on ptolemy.moml.MoMLSimpleApplication@40ce4d4b
reloadAllAccessors: .LongJoin
----------------- testing Wed May 23 16:48:02 UTC 2018 /home/travis/build/icyphy/ptII/ptolemy/domains/sdf/lib/test/auto/Matrix1.xml
----------------- Instantiating /home/travis/build/icyphy/ptII/ptolemy/domains/sdf/lib/test/auto/Matrix1.xml
6 ms. Memory: 208384K Free: 86606K (42%)
----------------- Invoking toplevel() on ptolemy.moml.MoMLSimpleApplication@198d380e
----------------- Done invoking toplevel() on ptolemy.moml.MoMLSimpleApplication@198d380e
reloadAllAccessors: .Matrix1
----------------- testing Wed May 23 16:48:02 UTC 2018 /home/travis/build/icyphy/ptII/ptolemy/domains/sdf/lib/test/auto/Matrix2.xml
----------------- Instantiating /home/travis/build/icyphy/ptII/ptolemy/domains/sdf/lib/test/auto/Matrix2.xml
8 ms. Memory: 208384K Free: 82257K (39%)
----------------- Invoking toplevel() on ptolemy.moml.MoMLSimpleApplication@35b6c11c
----------------- Done invoking toplevel() on ptolemy.moml.MoMLSimpleApplication@35b6c11c
reloadAllAccessors: .Matrix2
----------------- testing Wed May 23 16:48:02 UTC 2018 /home/travis/build/icyphy/ptII/ptolemy/domains/sdf/lib/test/auto/MatrixJoin1.xml
----------------- Instantiating /home/travis/build/icyphy/ptII/ptolemy/domains/sdf/lib/test/auto/MatrixJoin1.xml
4 ms. Memory: 333312K Free: 323098K (97%)
----------------- Invoking toplevel() on ptolemy.moml.MoMLSimpleApplication@6bf03fc5
----------------- Done invoking toplevel() on ptolemy.moml.MoMLSimpleApplication@6bf03fc5
reloadAllAccessors: .MatrixJoin1
----------------- testing Wed May 23 16:48:02 UTC 2018 /home/travis/build/icyphy/ptII/ptolemy/domains/sdf/lib/test/auto/MatrixJoin2.xml
----------------- Instantiating /home/travis/build/icyphy/ptII/ptolemy/domains/sdf/lib/test/auto/MatrixJoin2.xml
7 ms. Memory: 333312K Free: 314817K (94%)
----------------- Invoking toplevel() on ptolemy.moml.MoMLSimpleApplication@28ad6c6c
----------------- Done invoking toplevel() on ptolemy.moml.MoMLSimpleApplication@28ad6c6c
reloadAllAccessors: .MatrixJoin2
----------------- testing Wed May 23 16:48:02 UTC 2018 /home/travis/build/icyphy/ptII/ptolemy/domains/sdf/lib/test/auto/MatrixJoin3.xml
----------------- Instantiating /home/travis/build/icyphy/ptII/ptolemy/domains/sdf/lib/test/auto/MatrixJoin3.xml
2 ms. Memory: 333312K Free: 308231K (92%)
----------------- Invoking toplevel() on ptolemy.moml.MoMLSimpleApplication@1141d299
----------------- Done invoking toplevel() on ptolemy.moml.MoMLSimpleApplication@1141d299
reloadAllAccessors: .MatrixJoin3
----------------- testing Wed May 23 16:48:02 UTC 2018 /home/travis/build/icyphy/ptII/ptolemy/domains/sdf/lib/test/auto/MatrixJoin4.xml
----------------- Instantiating /home/travis/build/icyphy/ptII/ptolemy/domains/sdf/lib/test/auto/MatrixJoin4.xml
2 ms. Memory: 333312K Free: 301645K (90%)
----------------- Invoking toplevel() on ptolemy.moml.MoMLSimpleApplication@7f3da529
----------------- Done invoking toplevel() on ptolemy.moml.MoMLSimpleApplication@7f3da529
reloadAllAccessors: .MatrixJoin4
----------------- testing Wed May 23 16:48:02 UTC 2018 /home/travis/build/icyphy/ptII/ptolemy/domains/sdf/lib/test/auto/MatrixJoin5.xml
----------------- Instantiating /home/travis/build/icyphy/ptII/ptolemy/domains/sdf/lib/test/auto/MatrixJoin5.xml
2 ms. Memory: 333312K Free: 293650K (88%)
----------------- Invoking toplevel() on ptolemy.moml.MoMLSimpleApplication@34ac0aae
----------------- Done invoking toplevel() on ptolemy.moml.MoMLSimpleApplication@34ac0aae
reloadAllAccessors: .MatrixJoin5
----------------- testing Wed May 23 16:48:02 UTC 2018 /home/travis/build/icyphy/ptII/ptolemy/domains/sdf/lib/test/auto/MatrixSplit1.xml
----------------- Instantiating /home/travis/build/icyphy/ptII/ptolemy/domains/sdf/lib/test/auto/MatrixSplit1.xml
3 ms. Memory: 333312K Free: 287096K (86%)
----------------- Invoking toplevel() on ptolemy.moml.MoMLSimpleApplication@279a2d74
----------------- Done invoking toplevel() on ptolemy.moml.MoMLSimpleApplication@279a2d74
reloadAllAccessors: .MatrixSplit1
----------------- testing Wed May 23 16:48:02 UTC 2018 /home/travis/build/icyphy/ptII/ptolemy/domains/sdf/lib/test/auto/MatrixSplit10.xml
----------------- Instantiating /home/travis/build/icyphy/ptII/ptolemy/domains/sdf/lib/test/auto/MatrixSplit10.xml
1 ms. Memory: 333312K Free: 282181K (85%)
----------------- Invoking toplevel() on ptolemy.moml.MoMLSimpleApplication@37209a0b
----------------- Done invoking toplevel() on ptolemy.moml.MoMLSimpleApplication@37209a0b
reloadAllAccessors: .MatrixSplit10
----------------- testing Wed May 23 16:48:02 UTC 2018 /home/travis/build/icyphy/ptII/ptolemy/domains/sdf/lib/test/auto/MatrixSplit11.xml
----------------- Instantiating /home/travis/build/icyphy/ptII/ptolemy/domains/sdf/lib/test/auto/MatrixSplit11.xml
1 ms. Memory: 333312K Free: 277266K (83%)
----------------- Invoking toplevel() on ptolemy.moml.MoMLSimpleApplication@283b8507
----------------- Done invoking toplevel() on ptolemy.moml.MoMLSimpleApplication@283b8507
reloadAllAccessors: .MatrixSplit11
----------------- testing Wed May 23 16:48:02 UTC 2018 /home/travis/build/icyphy/ptII/ptolemy/domains/sdf/lib/test/auto/MatrixSplit12.xml
----------------- Instantiating /home/travis/build/icyphy/ptII/ptolemy/domains/sdf/lib/test/auto/MatrixSplit12.xml
2 ms. Memory: 333312K Free: 270940K (81%)
----------------- Invoking toplevel() on ptolemy.moml.MoMLSimpleApplication@541c1ecf
----------------- Done invoking toplevel() on ptolemy.moml.MoMLSimpleApplication@541c1ecf
reloadAllAccessors: .MatrixSplit12
----------------- testing Wed May 23 16:48:02 UTC 2018 /home/travis/build/icyphy/ptII/ptolemy/domains/sdf/lib/test/auto/MatrixSplit13.xml
----------------- Instantiating /home/travis/build/icyphy/ptII/ptolemy/domains/sdf/lib/test/auto/MatrixSplit13.xml
7 ms. Memory: 333312K Free: 266025K (80%)
----------------- Invoking toplevel() on ptolemy.moml.MoMLSimpleApplication@192fda31
----------------- Done invoking toplevel() on ptolemy.moml.MoMLSimpleApplication@192fda31
reloadAllAccessors: .MatrixSplit13
----------------- testing Wed May 23 16:48:02 UTC 2018 /home/travis/build/icyphy/ptII/ptolemy/domains/sdf/lib/test/auto/MatrixSplit14.xml
----------------- Instantiating /home/travis/build/icyphy/ptII/ptolemy/domains/sdf/lib/test/auto/MatrixSplit14.xml
2 ms. Memory: 333312K Free: 261110K (78%)
----------------- Invoking toplevel() on ptolemy.moml.MoMLSimpleApplication@685be65c
----------------- Done invoking toplevel() on ptolemy.moml.MoMLSimpleApplication@685be65c
reloadAllAccessors: .MatrixSplit14
----------------- testing Wed May 23 16:48:02 UTC 2018 /home/travis/build/icyphy/ptII/ptolemy/domains/sdf/lib/test/auto/MatrixSplit2.xml
----------------- Instantiating /home/travis/build/icyphy/ptII/ptolemy/domains/sdf/lib/test/auto/MatrixSplit2.xml
4 ms. Memory: 333312K Free: 254785K (76%)
----------------- Invoking toplevel() on ptolemy.moml.MoMLSimpleApplication@370386d5
----------------- Done invoking toplevel() on ptolemy.moml.MoMLSimpleApplication@370386d5
reloadAllAccessors: .MatrixSplit2
----------------- testing Wed May 23 16:48:02 UTC 2018 /home/travis/build/icyphy/ptII/ptolemy/domains/sdf/lib/test/auto/MatrixSplit3.xml
----------------- Instantiating /home/travis/build/icyphy/ptII/ptolemy/domains/sdf/lib/test/auto/MatrixSplit3.xml
2 ms. Memory: 333312K Free: 249869K (75%)
----------------- Invoking toplevel() on ptolemy.moml.MoMLSimpleApplication@67e1d459
----------------- Done invoking toplevel() on ptolemy.moml.MoMLSimpleApplication@67e1d459
reloadAllAccessors: .MatrixSplit3
----------------- testing Wed May 23 16:48:02 UTC 2018 /home/travis/build/icyphy/ptII/ptolemy/domains/sdf/lib/test/auto/MatrixSplit4.xml
----------------- Instantiating /home/travis/build/icyphy/ptII/ptolemy/domains/sdf/lib/test/auto/MatrixSplit4.xml
2 ms. Memory: 333312K Free: 244954K (73%)
----------------- Invoking toplevel() on ptolemy.moml.MoMLSimpleApplication@13279575
----------------- Done invoking toplevel() on ptolemy.moml.MoMLSimpleApplication@13279575
reloadAllAccessors: .MatrixSplit4
----------------- testing Wed May 23 16:48:02 UTC 2018 /home/travis/build/icyphy/ptII/ptolemy/domains/sdf/lib/test/auto/MatrixSplit5.xml
----------------- Instantiating /home/travis/build/icyphy/ptII/ptolemy/domains/sdf/lib/test/auto/MatrixSplit5.xml
2 ms. Memory: 333312K Free: 240039K (72%)
----------------- Invoking toplevel() on ptolemy.moml.MoMLSimpleApplication@20eec506
----------------- Done invoking toplevel() on ptolemy.moml.MoMLSimpleApplication@20eec506
reloadAllAccessors: .MatrixSplit5
----------------- testing Wed May 23 16:48:02 UTC 2018 /home/travis/build/icyphy/ptII/ptolemy/domains/sdf/lib/test/auto/MatrixSplit6.xml
----------------- Instantiating /home/travis/build/icyphy/ptII/ptolemy/domains/sdf/lib/test/auto/MatrixSplit6.xml
1 ms. Memory: 333312K Free: 233713K (70%)
----------------- Invoking toplevel() on ptolemy.moml.MoMLSimpleApplication@2641da2d
----------------- Done invoking toplevel() on ptolemy.moml.MoMLSimpleApplication@2641da2d
reloadAllAccessors: .MatrixSplit6
----------------- testing Wed May 23 16:48:02 UTC 2018 /home/travis/build/icyphy/ptII/ptolemy/domains/sdf/lib/test/auto/MatrixSplit7.xml
----------------- Instantiating /home/travis/build/icyphy/ptII/ptolemy/domains/sdf/lib/test/auto/MatrixSplit7.xml
2 ms. Memory: 333312K Free: 228798K (69%)
----------------- Invoking toplevel() on ptolemy.moml.MoMLSimpleApplication@5fc3213c
----------------- Done invoking toplevel() on ptolemy.moml.MoMLSimpleApplication@5fc3213c
reloadAllAccessors: .MatrixSplit7
----------------- testing Wed May 23 16:48:02 UTC 2018 /home/travis/build/icyphy/ptII/ptolemy/domains/sdf/lib/test/auto/MatrixSplit8.xml
----------------- Instantiating /home/travis/build/icyphy/ptII/ptolemy/domains/sdf/lib/test/auto/MatrixSplit8.xml
1 ms. Memory: 333312K Free: 223882K (67%)
----------------- Invoking toplevel() on ptolemy.moml.MoMLSimpleApplication@dc3b137
----------------- Done invoking toplevel() on ptolemy.moml.MoMLSimpleApplication@dc3b137
reloadAllAccessors: .MatrixSplit8
----------------- testing Wed May 23 16:48:02 UTC 2018 /home/travis/build/icyphy/ptII/ptolemy/domains/sdf/lib/test/auto/MatrixSplit9.xml
----------------- Instantiating /home/travis/build/icyphy/ptII/ptolemy/domains/sdf/lib/test/auto/MatrixSplit9.xml
9 ms. Memory: 333312K Free: 217557K (65%)
----------------- Invoking toplevel() on ptolemy.moml.MoMLSimpleApplication@7528f1b3
----------------- Done invoking toplevel() on ptolemy.moml.MoMLSimpleApplication@7528f1b3
reloadAllAccessors: .MatrixSplit9
----------------- testing Wed May 23 16:48:02 UTC 2018 /home/travis/build/icyphy/ptII/ptolemy/domains/sdf/lib/test/auto/MatrixToSequence.xml
----------------- Instantiating /home/travis/build/icyphy/ptII/ptolemy/domains/sdf/lib/test/auto/MatrixToSequence.xml
10 ms. Memory: 333312K Free: 206088K (62%)
----------------- Invoking toplevel() on ptolemy.moml.MoMLSimpleApplication@23d7a12
----------------- Done invoking toplevel() on ptolemy.moml.MoMLSimpleApplication@23d7a12
reloadAllAccessors: .MatrixToSequence
----------------- testing Wed May 23 16:48:02 UTC 2018 /home/travis/build/icyphy/ptII/ptolemy/domains/sdf/lib/test/auto/MaximumEntropySpectrum.xml
----------------- Instantiating /home/travis/build/icyphy/ptII/ptolemy/domains/sdf/lib/test/auto/MaximumEntropySpectrum.xml
16 ms. Memory: 333312K Free: 181480K (54%)
----------------- Invoking toplevel() on ptolemy.moml.MoMLSimpleApplication@8f3b507
----------------- Done invoking toplevel() on ptolemy.moml.MoMLSimpleApplication@8f3b507
reloadAllAccessors: .MaximumEntropySpectrum
----------------- testing Wed May 23 16:48:02 UTC 2018 /home/travis/build/icyphy/ptII/ptolemy/domains/sdf/lib/test/auto/SampleDelayConversion.xml
----------------- Instantiating /home/travis/build/icyphy/ptII/ptolemy/domains/sdf/lib/test/auto/SampleDelayConversion.xml
2 ms. Memory: 333312K Free: 175155K (53%)
----------------- Invoking toplevel() on ptolemy.moml.MoMLSimpleApplication@4ece039e
----------------- Done invoking toplevel() on ptolemy.moml.MoMLSimpleApplication@4ece039e
reloadAllAccessors: .SampleDelayConversion
----------------- testing Wed May 23 16:48:02 UTC 2018 /home/travis/build/icyphy/ptII/ptolemy/domains/sdf/lib/test/auto/SequenceToArray.xml
----------------- Instantiating /home/travis/build/icyphy/ptII/ptolemy/domains/sdf/lib/test/auto/SequenceToArray.xml
10 ms. Memory: 333312K Free: 162031K (49%)
----------------- Invoking toplevel() on ptolemy.moml.MoMLSimpleApplication@552beb54
----------------- Done invoking toplevel() on ptolemy.moml.MoMLSimpleApplication@552beb54
reloadAllAccessors: .SequenceToArray
----------------- testing Wed May 23 16:48:02 UTC 2018 /home/travis/build/icyphy/ptII/ptolemy/domains/sdf/lib/test/auto/SequenceToMatrix.xml
----------------- Instantiating /home/travis/build/icyphy/ptII/ptolemy/domains/sdf/lib/test/auto/SequenceToMatrix.xml
4159 ms. Memory: 579072K Free: 495132K (86%)
----------------- Invoking toplevel() on ptolemy.moml.MoMLSimpleApplication@27d9f59
----------------- Done invoking toplevel() on ptolemy.moml.MoMLSimpleApplication@27d9f59
reloadAllAccessors: .SequenceToMatrix
----------------- testing Wed May 23 16:48:07 UTC 2018 /home/travis/build/icyphy/ptII/ptolemy/domains/sdf/lib/test/auto/SmoothedPeriodogram.xml
----------------- Instantiating /home/travis/build/icyphy/ptII/ptolemy/domains/sdf/lib/test/auto/SmoothedPeriodogram.xml
12 ms. Memory: 579072K Free: 471772K (81%)
----------------- Invoking toplevel() on ptolemy.moml.MoMLSimpleApplication@46171c1d
----------------- Done invoking toplevel() on ptolemy.moml.MoMLSimpleApplication@46171c1d
reloadAllAccessors: .SmoothedPeriodogram
----------------- testing Wed May 23 16:48:07 UTC 2018 /home/travis/build/icyphy/ptII/ptolemy/domains/sdf/lib/test/auto/UpDownSample1.xml
----------------- Instantiating /home/travis/build/icyphy/ptII/ptolemy/domains/sdf/lib/test/auto/UpDownSample1.xml
2 ms. Memory: 579072K Free: 465225K (80%)
----------------- Invoking toplevel() on ptolemy.moml.MoMLSimpleApplication@1153a46a
----------------- Done invoking toplevel() on ptolemy.moml.MoMLSimpleApplication@1153a46a
reloadAllAccessors: .UpDownSample1
----------------- testing Wed May 23 16:48:07 UTC 2018 /home/travis/build/icyphy/ptII/ptolemy/domains/sdf/lib/test/auto/UpSample1.xml
----------------- Instantiating /home/travis/build/icyphy/ptII/ptolemy/domains/sdf/lib/test/auto/UpSample1.xml
2 ms. Memory: 579072K Free: 458678K (79%)
----------------- Invoking toplevel() on ptolemy.moml.MoMLSimpleApplication@5ad2ded6
----------------- Done invoking toplevel() on ptolemy.moml.MoMLSimpleApplication@5ad2ded6
reloadAllAccessors: .UpSample1
----------------- testing Wed May 23 16:48:07 UTC 2018 /home/travis/build/icyphy/ptII/ptolemy/domains/sdf/lib/test/auto/VariableFIR.xml
----------------- Instantiating /home/travis/build/icyphy/ptII/ptolemy/domains/sdf/lib/test/auto/VariableFIR.xml
8 ms. Memory: 579072K Free: 448617K (77%)
----------------- Invoking toplevel() on ptolemy.moml.MoMLSimpleApplication@55481360
----------------- Done invoking toplevel() on ptolemy.moml.MoMLSimpleApplication@55481360
reloadAllAccessors: .VariableFIR
----------------- testing Wed May 23 16:48:07 UTC 2018 /home/travis/build/icyphy/ptII/ptolemy/domains/sdf/lib/test/auto/VariableFIR2.xml
----------------- Instantiating /home/travis/build/icyphy/ptII/ptolemy/domains/sdf/lib/test/auto/VariableFIR2.xml
5 ms. Memory: 579072K Free: 436844K (75%)
----------------- Invoking toplevel() on ptolemy.moml.MoMLSimpleApplication@65c9fc51
----------------- Done invoking toplevel() on ptolemy.moml.MoMLSimpleApplication@65c9fc51
reloadAllAccessors: .VariableFIR2
----------------- testing Wed May 23 16:48:07 UTC 2018 /home/travis/build/icyphy/ptII/ptolemy/domains/sdf/lib/test/auto/VariableLattice.xml
----------------- Instantiating /home/travis/build/icyphy/ptII/ptolemy/domains/sdf/lib/test/auto/VariableLattice.xml
8 ms. Memory: 579072K Free: 427024K (74%)
----------------- Invoking toplevel() on ptolemy.moml.MoMLSimpleApplication@af64b1b
----------------- Done invoking toplevel() on ptolemy.moml.MoMLSimpleApplication@af64b1b
reloadAllAccessors: .VariableLattice
----------------- testing Wed May 23 16:48:07 UTC 2018 /home/travis/build/icyphy/ptII/ptolemy/domains/sdf/lib/test/auto/VariableLattice2.xml
----------------- Instantiating /home/travis/build/icyphy/ptII/ptolemy/domains/sdf/lib/test/auto/VariableLattice2.xml
1.0
-1.999999602036
1.9099998677481
-0.9099996420674
0.205
0.0
0.0
1.0
-0.25
-0.5
0.0
0.0
0.0
0.0
6 ms. Memory: 579072K Free: 417203K (72%)
----------------- Invoking toplevel() on ptolemy.moml.MoMLSimpleApplication@2488b7bb
----------------- Done invoking toplevel() on ptolemy.moml.MoMLSimpleApplication@2488b7bb
reloadAllAccessors: .VariableLattice2
----------------- testing Wed May 23 16:48:07 UTC 2018 /home/travis/build/icyphy/ptII/ptolemy/domains/sdf/lib/test/auto/VariableRecursiveLattice.xml
----------------- Instantiating /home/travis/build/icyphy/ptII/ptolemy/domains/sdf/lib/test/auto/VariableRecursiveLattice.xml
4 ms. Memory: 579072K Free: 407383K (70%)
----------------- Invoking toplevel() on ptolemy.moml.MoMLSimpleApplication@25960d5b
----------------- Done invoking toplevel() on ptolemy.moml.MoMLSimpleApplication@25960d5b
reloadAllAccessors: .VariableRecursiveLattice
----------------- testing Wed May 23 16:48:07 UTC 2018 /home/travis/build/icyphy/ptII/ptolemy/domains/sdf/lib/test/auto/VariableRecursiveLattice2.xml
----------------- Instantiating /home/travis/build/icyphy/ptII/ptolemy/domains/sdf/lib/test/auto/VariableRecursiveLattice2.xml
9 ms. Memory: 579072K Free: 400836K (69%)
----------------- Invoking toplevel() on ptolemy.moml.MoMLSimpleApplication@2fb0559b
----------------- Done invoking toplevel() on ptolemy.moml.MoMLSimpleApplication@2fb0559b
reloadAllAccessors: .VariableRecursiveLattice2
AutoTests.java: About to close Vertx.
AutoTests.java: Vertx closed.
]]></system-out>
  <system-err><![CDATA[]]></system-err>
</testsuite>
