<?xml version="1.0" encoding="UTF-8" ?>
<testsuite errors="1" failures="0" hostname="travis-job-5e366d6b-336e-4050-9939-e66629b4f274" name="ptolemy.actor.lib.hoc.test.junit.JUnitTclTest" skipped="0" tests="58" time="22.143" timestamp="2018-05-03T00:41:29">
  <properties>
[...]
</properties>
  <testcase classname="ptolemy.util.test.junit.TclTests" name="[0] /home/travis/build/icyphy/ptII/ptolemy/actor/lib/hoc/test/IterateOverArray.tcl (RunTclFile)" time="0.256" />
  <testcase classname="ptolemy.util.test.junit.AutoKnownFailedTests" name="[0] /home/travis/build/icyphy/ptII/ptolemy/actor/lib/hoc/test/auto/knownFailedTests/PreinitializeMustBeInvokedRunComposite.xml (RunModel)" time="0.233" />
  <testcase classname="ptolemy.util.test.junit.AutoNameArchTests" name="[0] ThereAreNoAutoTests (RunModel)" time="0.002" />
  <testcase classname="ptolemy.util.test.junit.AutoTests" name="[0] /home/travis/build/icyphy/ptII/ptolemy/actor/lib/hoc/test/auto/AllToAllMultiInstanceComposite.xml (RunModel)" time="0.263" />
  <testcase classname="ptolemy.util.test.junit.AutoTests" name="[1] /home/travis/build/icyphy/ptII/ptolemy/actor/lib/hoc/test/auto/ApplyFFTTest.xml (RunModel)" time="0.209" />
  <testcase classname="ptolemy.util.test.junit.AutoTests" name="[2] /home/travis/build/icyphy/ptII/ptolemy/actor/lib/hoc/test/auto/ApplyFunction.xml (RunModel)" time="0.022" />
  <testcase classname="ptolemy.util.test.junit.AutoTests" name="[3] /home/travis/build/icyphy/ptII/ptolemy/actor/lib/hoc/test/auto/BackgroundExecution.xml (RunModel)" time="0.689" />
  <testcase classname="ptolemy.util.test.junit.AutoTests" name="[4] /home/travis/build/icyphy/ptII/ptolemy/actor/lib/hoc/test/auto/Case.xml (RunModel)" time="0.063" />
  <testcase classname="ptolemy.util.test.junit.AutoTests" name="[5] /home/travis/build/icyphy/ptII/ptolemy/actor/lib/hoc/test/auto/Case1.xml (RunModel)" time="0.043" />
  <testcase classname="ptolemy.util.test.junit.AutoTests" name="[6] /home/travis/build/icyphy/ptII/ptolemy/actor/lib/hoc/test/auto/Case2.xml (RunModel)" time="0.098" />
  <testcase classname="ptolemy.util.test.junit.AutoTests" name="[7] /home/travis/build/icyphy/ptII/ptolemy/actor/lib/hoc/test/auto/Case3.xml (RunModel)" time="0.042" />
  <testcase classname="ptolemy.util.test.junit.AutoTests" name="[8] /home/travis/build/icyphy/ptII/ptolemy/actor/lib/hoc/test/auto/Case4.xml (RunModel)" time="0.071" />
  <testcase classname="ptolemy.util.test.junit.AutoTests" name="[9] /home/travis/build/icyphy/ptII/ptolemy/actor/lib/hoc/test/auto/Case5.xml (RunModel)" time="0.066" />
  <testcase classname="ptolemy.util.test.junit.AutoTests" name="[10] /home/travis/build/icyphy/ptII/ptolemy/actor/lib/hoc/test/auto/Case6.xml (RunModel)" time="0.127" />
  <testcase classname="ptolemy.util.test.junit.AutoTests" name="[11] /home/travis/build/icyphy/ptII/ptolemy/actor/lib/hoc/test/auto/CaseString2.xml (RunModel)" time="0.06" />
  <testcase classname="ptolemy.util.test.junit.AutoTests" name="[12] /home/travis/build/icyphy/ptII/ptolemy/actor/lib/hoc/test/auto/CatchUpComposite1.xml (RunModel)" time="0.094" />
  <testcase classname="ptolemy.util.test.junit.AutoTests" name="[13] /home/travis/build/icyphy/ptII/ptolemy/actor/lib/hoc/test/auto/CatchUpComposite2.xml (RunModel)" time="0.054" />
  <testcase classname="ptolemy.util.test.junit.AutoTests" name="[14] /home/travis/build/icyphy/ptII/ptolemy/actor/lib/hoc/test/auto/CatchUpComposite3.xml (RunModel)" time="0.064" />
  <testcase classname="ptolemy.util.test.junit.AutoTests" name="[15] /home/travis/build/icyphy/ptII/ptolemy/actor/lib/hoc/test/auto/CatchUpComposite4.xml (RunModel)" time="0.073" />
  <testcase classname="ptolemy.util.test.junit.AutoTests" name="[16] /home/travis/build/icyphy/ptII/ptolemy/actor/lib/hoc/test/auto/CatchUpComposite5.xml (RunModel)" time="0.043" />
  <testcase classname="ptolemy.util.test.junit.AutoTests" name="[17] /home/travis/build/icyphy/ptII/ptolemy/actor/lib/hoc/test/auto/CatchUpComposite6.xml (RunModel)" time="0.162" />
  <testcase classname="ptolemy.util.test.junit.AutoTests" name="[18] /home/travis/build/icyphy/ptII/ptolemy/actor/lib/hoc/test/auto/CatchUpComposite7.xml (RunModel)" time="0.097" />
  <testcase classname="ptolemy.util.test.junit.AutoTests" name="[19] /home/travis/build/icyphy/ptII/ptolemy/actor/lib/hoc/test/auto/ConcurrentExecutionTimeSDF.xml (RunModel)" time="0.029" />
  <testcase classname="ptolemy.util.test.junit.AutoTests" name="[20] /home/travis/build/icyphy/ptII/ptolemy/actor/lib/hoc/test/auto/ConcurrentSleep.xml (RunModel)" time="0.76" />
  <testcase classname="ptolemy.util.test.junit.AutoTests" name="[21] /home/travis/build/icyphy/ptII/ptolemy/actor/lib/hoc/test/auto/DEInPNInRunCompositeActor.xml (RunModel)" time="0.053" />
  <testcase classname="ptolemy.util.test.junit.AutoTests" name="[22] /home/travis/build/icyphy/ptII/ptolemy/actor/lib/hoc/test/auto/DFTSubSetTest.xml (RunModel)" time="0.28" />
  <testcase classname="ptolemy.util.test.junit.AutoTests" name="[23] /home/travis/build/icyphy/ptII/ptolemy/actor/lib/hoc/test/auto/HocDE.xml (RunModel)" time="0.172" />
  <testcase classname="ptolemy.util.test.junit.AutoTests" name="[24] /home/travis/build/icyphy/ptII/ptolemy/actor/lib/hoc/test/auto/IterateOverArray.xml (RunModel)" time="0.025" />
  <testcase classname="ptolemy.util.test.junit.AutoTests" name="[25] /home/travis/build/icyphy/ptII/ptolemy/actor/lib/hoc/test/auto/IterateOverArray10.xml (RunModel)" time="0.022" />
  <testcase classname="ptolemy.util.test.junit.AutoTests" name="[26] /home/travis/build/icyphy/ptII/ptolemy/actor/lib/hoc/test/auto/IterateOverArray11.xml (RunModel)" time="0.044" />
  <testcase classname="ptolemy.util.test.junit.AutoTests" name="[27] /home/travis/build/icyphy/ptII/ptolemy/actor/lib/hoc/test/auto/IterateOverArray12.xml (RunModel)" time="0.036" />
  <testcase classname="ptolemy.util.test.junit.AutoTests" name="[28] /home/travis/build/icyphy/ptII/ptolemy/actor/lib/hoc/test/auto/IterateOverArray13.xml (RunModel)" time="0.148" />
  <testcase classname="ptolemy.util.test.junit.AutoTests" name="[29] /home/travis/build/icyphy/ptII/ptolemy/actor/lib/hoc/test/auto/IterateOverArray14.xml (RunModel)" time="0.133" />
  <testcase classname="ptolemy.util.test.junit.AutoTests" name="[30] /home/travis/build/icyphy/ptII/ptolemy/actor/lib/hoc/test/auto/IterateOverArray2.xml (RunModel)" time="0.031" />
  <testcase classname="ptolemy.util.test.junit.AutoTests" name="[31] /home/travis/build/icyphy/ptII/ptolemy/actor/lib/hoc/test/auto/IterateOverArray3.xml (RunModel)" time="0.045" />
  <testcase classname="ptolemy.util.test.junit.AutoTests" name="[32] /home/travis/build/icyphy/ptII/ptolemy/actor/lib/hoc/test/auto/IterateOverArray4.xml (RunModel)" time="0.039" />
  <testcase classname="ptolemy.util.test.junit.AutoTests" name="[33] /home/travis/build/icyphy/ptII/ptolemy/actor/lib/hoc/test/auto/IterateOverArray5.xml (RunModel)" time="0.018" />
  <testcase classname="ptolemy.util.test.junit.AutoTests" name="[34] /home/travis/build/icyphy/ptII/ptolemy/actor/lib/hoc/test/auto/IterateOverArray6.xml (RunModel)" time="0.018" />
  <testcase classname="ptolemy.util.test.junit.AutoTests" name="[35] /home/travis/build/icyphy/ptII/ptolemy/actor/lib/hoc/test/auto/IterateOverArray7.xml (RunModel)" time="0.024" />
  <testcase classname="ptolemy.util.test.junit.AutoTests" name="[36] /home/travis/build/icyphy/ptII/ptolemy/actor/lib/hoc/test/auto/IterateOverArray8.xml (RunModel)" time="0.019" />
  <testcase classname="ptolemy.util.test.junit.AutoTests" name="[37] /home/travis/build/icyphy/ptII/ptolemy/actor/lib/hoc/test/auto/IterateOverArray9.xml (RunModel)" time="0.025" />
  <testcase classname="ptolemy.util.test.junit.AutoTests" name="[38] /home/travis/build/icyphy/ptII/ptolemy/actor/lib/hoc/test/auto/IterateOverArrayCoercedOutputType.xml (RunModel)" time="0.04" />
  <testcase classname="ptolemy.util.test.junit.AutoTests" name="[39] /home/travis/build/icyphy/ptII/ptolemy/actor/lib/hoc/test/auto/IterateOverArrayInferredOutputType.xml (RunModel)" time="0.034" />
  <testcase classname="ptolemy.util.test.junit.AutoTests" name="[40] /home/travis/build/icyphy/ptII/ptolemy/actor/lib/hoc/test/auto/MobileFunctionTest.xml (RunModel)" time="0.028" />
  <testcase classname="ptolemy.util.test.junit.AutoTests" name="[41] /home/travis/build/icyphy/ptII/ptolemy/actor/lib/hoc/test/auto/MobileModelTest.xml (RunModel)" time="0.084" />
  <testcase classname="ptolemy.util.test.junit.AutoTests" name="[42] /home/travis/build/icyphy/ptII/ptolemy/actor/lib/hoc/test/auto/ModelReference.xml (RunModel)" time="0.049" />
  <testcase classname="ptolemy.util.test.junit.AutoTests" name="[43] /home/travis/build/icyphy/ptII/ptolemy/actor/lib/hoc/test/auto/ModelReference3.xml (RunModel)" time="0.044" />
  <testcase classname="ptolemy.util.test.junit.AutoTests" name="[44] /home/travis/build/icyphy/ptII/ptolemy/actor/lib/hoc/test/auto/ModelReference4.xml (RunModel)" time="10.038" />
  <testcase classname="ptolemy.util.test.junit.AutoTests" name="[45] /home/travis/build/icyphy/ptII/ptolemy/actor/lib/hoc/test/auto/MultiInstanceComposite.xml (RunModel)" time="0.051" />
  <testcase classname="ptolemy.util.test.junit.AutoTests" name="[46] /home/travis/build/icyphy/ptII/ptolemy/actor/lib/hoc/test/auto/MultiInstanceComposite2.xml (RunModel)" time="0.041" />
  <testcase classname="ptolemy.util.test.junit.AutoTests" name="[47] /home/travis/build/icyphy/ptII/ptolemy/actor/lib/hoc/test/auto/MulticoreExecution.xml (RunModel)" time="1.054">
    <error type="java.lang.reflect.InvocationTargetException">java.lang.reflect.InvocationTargetException
	at java.lang.reflect.Constructor.newInstance(Constructor.java:423)
	at ptolemy.util.test.junit.AutoTests.RunModel(AutoTests.java:161)
	at junitparams.internal.InvokeParameterisedMethod.evaluate(InvokeParameterisedMethod.java:102)
Caused by: ptolemy.kernel.util.IllegalActionException: Inside thread was interrupted.
  in .MulticoreExecution.ThreadedComposite.ThreadedDirector
	at ptolemy.actor.lib.hoc.ThreadedComposite$ThreadedDirector.fire(ThreadedComposite.java:646)
	at ptolemy.actor.CompositeActor.fire(CompositeActor.java:455)
	at ptolemy.actor.sched.FixedPointDirector._fireActor(FixedPointDirector.java:768)
	at ptolemy.actor.sched.FixedPointDirector.fire(FixedPointDirector.java:244)
	at ptolemy.actor.CompositeActor.fire(CompositeActor.java:455)
	at ptolemy.actor.Manager.iterate(Manager.java:851)
	at ptolemy.actor.Manager.execute(Manager.java:369)
	at ptolemy.actor.Manager.run(Manager.java:1263)
	at ptolemy.actor.Manager$PtolemyRunThread.run(Manager.java:1915)
</error>
  </testcase>
  <testcase classname="ptolemy.util.test.junit.AutoTests" name="[48] /home/travis/build/icyphy/ptII/ptolemy/actor/lib/hoc/test/auto/ParallelExecution.xml (RunModel)" time="0.942" />
  <testcase classname="ptolemy.util.test.junit.AutoTests" name="[49] /home/travis/build/icyphy/ptII/ptolemy/actor/lib/hoc/test/auto/RunCompositeActor.xml (RunModel)" time="0.021" />
  <testcase classname="ptolemy.util.test.junit.AutoTests" name="[50] /home/travis/build/icyphy/ptII/ptolemy/actor/lib/hoc/test/auto/RunCompositeActor2.xml (RunModel)" time="0.056" />
  <testcase classname="ptolemy.util.test.junit.AutoTests" name="[51] /home/travis/build/icyphy/ptII/ptolemy/actor/lib/hoc/test/auto/RunCompositeActor3.xml (RunModel)" time="0.022" />
  <testcase classname="ptolemy.util.test.junit.AutoTests" name="[52] /home/travis/build/icyphy/ptII/ptolemy/actor/lib/hoc/test/auto/RunCompositeActor4.xml (RunModel)" time="0.028" />
  <testcase classname="ptolemy.util.test.junit.AutoTests" name="[53] /home/travis/build/icyphy/ptII/ptolemy/actor/lib/hoc/test/auto/RunCompositeIterateOverArray.xml (RunModel)" time="0.026" />
  <testcase classname="ptolemy.util.test.junit.AutoTests" name="[54] /home/travis/build/icyphy/ptII/ptolemy/actor/lib/hoc/test/auto/ThreadedJS.xml (RunModel)" time="4.343" />
  <system-out><![CDATA[/home/travis/build/icyphy/ptII/ptolemy/actor/lib/hoc/test/IterateOverArray.tcl
testDefs.tcl: setting time out to 9000 seconds at Thu May 03 00:41:29 UTC 2018
05/03/18 12:41:29
Failed: 0  Total Tests: 2  ((Passed: 2, Newly Passed: 0)  Known Failed: 0) /home/travis/build/icyphy/ptII/ptolemy/actor/lib/hoc/test
----------------- testing (KnownFailure) /home/travis/build/icyphy/ptII/ptolemy/actor/lib/hoc/test/auto/knownFailedTests/PreinitializeMustBeInvokedRunComposite.xml
33 ms. Memory: 116224K Free: 104651K (90%)
Known Failure: java.lang.reflect.InvocationTargetException
No auto/*.xml tests in /home/travis/build/icyphy/ptII/ptolemy/actor/lib/hoc/test
AutoTests.java: About to close Vertx.
AutoTests.java: Vertx closed.
----------------- testing Thu May 03 00:41:30 UTC 2018 /home/travis/build/icyphy/ptII/ptolemy/actor/lib/hoc/test/auto/AllToAllMultiInstanceComposite.xml
----------------- Instantiating /home/travis/build/icyphy/ptII/ptolemy/actor/lib/hoc/test/auto/AllToAllMultiInstanceComposite.xml
131 ms. Memory: 146944K Free: 112861K (77%)
----------------- Invoking toplevel() on ptolemy.moml.MoMLSimpleApplication@71b3d619
----------------- Done invoking toplevel() on ptolemy.moml.MoMLSimpleApplication@71b3d619
reloadAllAccessors: .AllToAllMultiInstanceComposite
----------------- testing Thu May 03 00:41:30 UTC 2018 /home/travis/build/icyphy/ptII/ptolemy/actor/lib/hoc/test/auto/ApplyFFTTest.xml
----------------- Instantiating /home/travis/build/icyphy/ptII/ptolemy/actor/lib/hoc/test/auto/ApplyFFTTest.xml
79 ms. Memory: 146944K Free: 92693K (63%)
----------------- Invoking toplevel() on ptolemy.moml.MoMLSimpleApplication@6420f112
----------------- Done invoking toplevel() on ptolemy.moml.MoMLSimpleApplication@6420f112
reloadAllAccessors: .ApplyFFTTest
----------------- testing Thu May 03 00:41:30 UTC 2018 /home/travis/build/icyphy/ptII/ptolemy/actor/lib/hoc/test/auto/ApplyFunction.xml
----------------- Instantiating /home/travis/build/icyphy/ptII/ptolemy/actor/lib/hoc/test/auto/ApplyFunction.xml
4 ms. Memory: 146944K Free: 89264K (61%)
----------------- Invoking toplevel() on ptolemy.moml.MoMLSimpleApplication@14d9a26c
----------------- Done invoking toplevel() on ptolemy.moml.MoMLSimpleApplication@14d9a26c
reloadAllAccessors: .ApplyFunction
----------------- testing Thu May 03 00:41:30 UTC 2018 /home/travis/build/icyphy/ptII/ptolemy/actor/lib/hoc/test/auto/BackgroundExecution.xml
----------------- Instantiating /home/travis/build/icyphy/ptII/ptolemy/actor/lib/hoc/test/auto/BackgroundExecution.xml
627 ms. Memory: 146944K Free: 80228K (55%)
----------------- Invoking toplevel() on ptolemy.moml.MoMLSimpleApplication@42cf0492
----------------- Done invoking toplevel() on ptolemy.moml.MoMLSimpleApplication@42cf0492
reloadAllAccessors: .BackgroundExecution
----------------- testing Thu May 03 00:41:31 UTC 2018 /home/travis/build/icyphy/ptII/ptolemy/actor/lib/hoc/test/auto/Case.xml
----------------- Instantiating /home/travis/build/icyphy/ptII/ptolemy/actor/lib/hoc/test/auto/Case.xml
15 ms. Memory: 146944K Free: 133330K (91%)
----------------- Invoking toplevel() on ptolemy.moml.MoMLSimpleApplication@3e09bb28
----------------- Done invoking toplevel() on ptolemy.moml.MoMLSimpleApplication@3e09bb28
reloadAllAccessors: .Case
----------------- testing Thu May 03 00:41:31 UTC 2018 /home/travis/build/icyphy/ptII/ptolemy/actor/lib/hoc/test/auto/Case1.xml
----------------- Instantiating /home/travis/build/icyphy/ptII/ptolemy/actor/lib/hoc/test/auto/Case1.xml
10 ms. Memory: 146944K Free: 125528K (85%)
----------------- Invoking toplevel() on ptolemy.moml.MoMLSimpleApplication@62709a1
----------------- Done invoking toplevel() on ptolemy.moml.MoMLSimpleApplication@62709a1
reloadAllAccessors: .Case1
----------------- testing Thu May 03 00:41:31 UTC 2018 /home/travis/build/icyphy/ptII/ptolemy/actor/lib/hoc/test/auto/Case2.xml
----------------- Instantiating /home/travis/build/icyphy/ptII/ptolemy/actor/lib/hoc/test/auto/Case2.xml
52 ms. Memory: 146944K Free: 114597K (78%)
----------------- Invoking toplevel() on ptolemy.moml.MoMLSimpleApplication@1ac1ca05
----------------- Done invoking toplevel() on ptolemy.moml.MoMLSimpleApplication@1ac1ca05
reloadAllAccessors: .Case2
----------------- testing Thu May 03 00:41:31 UTC 2018 /home/travis/build/icyphy/ptII/ptolemy/actor/lib/hoc/test/auto/Case3.xml
----------------- Instantiating /home/travis/build/icyphy/ptII/ptolemy/actor/lib/hoc/test/auto/Case3.xml
7 ms. Memory: 146944K Free: 107614K (73%)
----------------- Invoking toplevel() on ptolemy.moml.MoMLSimpleApplication@4f38ec64
----------------- Done invoking toplevel() on ptolemy.moml.MoMLSimpleApplication@4f38ec64
reloadAllAccessors: .Case3
----------------- testing Thu May 03 00:41:31 UTC 2018 /home/travis/build/icyphy/ptII/ptolemy/actor/lib/hoc/test/auto/Case4.xml
----------------- Instantiating /home/travis/build/icyphy/ptII/ptolemy/actor/lib/hoc/test/auto/Case4.xml
13 ms. Memory: 146944K Free: 99278K (68%)
----------------- Invoking toplevel() on ptolemy.moml.MoMLSimpleApplication@affa93b
----------------- Done invoking toplevel() on ptolemy.moml.MoMLSimpleApplication@affa93b
reloadAllAccessors: .Case4
----------------- testing Thu May 03 00:41:31 UTC 2018 /home/travis/build/icyphy/ptII/ptolemy/actor/lib/hoc/test/auto/Case5.xml
----------------- Instantiating /home/travis/build/icyphy/ptII/ptolemy/actor/lib/hoc/test/auto/Case5.xml
41 ms. Memory: 146944K Free: 91436K (62%)
----------------- Invoking toplevel() on ptolemy.moml.MoMLSimpleApplication@51f26f01
----------------- Done invoking toplevel() on ptolemy.moml.MoMLSimpleApplication@51f26f01
reloadAllAccessors: .junk
----------------- testing Thu May 03 00:41:31 UTC 2018 /home/travis/build/icyphy/ptII/ptolemy/actor/lib/hoc/test/auto/Case6.xml
----------------- Instantiating /home/travis/build/icyphy/ptII/ptolemy/actor/lib/hoc/test/auto/Case6.xml
64 ms. Memory: 208384K Free: 200734K (96%)
----------------- Invoking toplevel() on ptolemy.moml.MoMLSimpleApplication@338ef985
----------------- Done invoking toplevel() on ptolemy.moml.MoMLSimpleApplication@338ef985
reloadAllAccessors: .Case6
----------------- testing Thu May 03 00:41:32 UTC 2018 /home/travis/build/icyphy/ptII/ptolemy/actor/lib/hoc/test/auto/CaseString2.xml
----------------- Instantiating /home/travis/build/icyphy/ptII/ptolemy/actor/lib/hoc/test/auto/CaseString2.xml
15 ms. Memory: 208384K Free: 190606K (91%)
----------------- Invoking toplevel() on ptolemy.moml.MoMLSimpleApplication@2274aaa8
----------------- Done invoking toplevel() on ptolemy.moml.MoMLSimpleApplication@2274aaa8
reloadAllAccessors: .CaseString2
----------------- testing Thu May 03 00:41:32 UTC 2018 /home/travis/build/icyphy/ptII/ptolemy/actor/lib/hoc/test/auto/CatchUpComposite1.xml
----------------- Instantiating /home/travis/build/icyphy/ptII/ptolemy/actor/lib/hoc/test/auto/CatchUpComposite1.xml
28 ms. Memory: 208384K Free: 180096K (86%)
----------------- Invoking toplevel() on ptolemy.moml.MoMLSimpleApplication@6b807f21
----------------- Done invoking toplevel() on ptolemy.moml.MoMLSimpleApplication@6b807f21
reloadAllAccessors: .CatchUpComposite1
----------------- testing Thu May 03 00:41:32 UTC 2018 /home/travis/build/icyphy/ptII/ptolemy/actor/lib/hoc/test/auto/CatchUpComposite2.xml
----------------- Instantiating /home/travis/build/icyphy/ptII/ptolemy/actor/lib/hoc/test/auto/CatchUpComposite2.xml
11 ms. Memory: 208384K Free: 170727K (82%)
----------------- Invoking toplevel() on ptolemy.moml.MoMLSimpleApplication@4ded34e0
----------------- Done invoking toplevel() on ptolemy.moml.MoMLSimpleApplication@4ded34e0
reloadAllAccessors: .CatchUpComposite2
----------------- testing Thu May 03 00:41:32 UTC 2018 /home/travis/build/icyphy/ptII/ptolemy/actor/lib/hoc/test/auto/CatchUpComposite3.xml
----------------- Instantiating /home/travis/build/icyphy/ptII/ptolemy/actor/lib/hoc/test/auto/CatchUpComposite3.xml
13 ms. Memory: 208384K Free: 160394K (77%)
----------------- Invoking toplevel() on ptolemy.moml.MoMLSimpleApplication@4c821e85
----------------- Done invoking toplevel() on ptolemy.moml.MoMLSimpleApplication@4c821e85
reloadAllAccessors: .CatchUpComposite3
----------------- testing Thu May 03 00:41:32 UTC 2018 /home/travis/build/icyphy/ptII/ptolemy/actor/lib/hoc/test/auto/CatchUpComposite4.xml
----------------- Instantiating /home/travis/build/icyphy/ptII/ptolemy/actor/lib/hoc/test/auto/CatchUpComposite4.xml
18 ms. Memory: 208384K Free: 151033K (72%)
----------------- Invoking toplevel() on ptolemy.moml.MoMLSimpleApplication@23f7de8f
----------------- Done invoking toplevel() on ptolemy.moml.MoMLSimpleApplication@23f7de8f
reloadAllAccessors: .CatchUpComposite4
----------------- testing Thu May 03 00:41:32 UTC 2018 /home/travis/build/icyphy/ptII/ptolemy/actor/lib/hoc/test/auto/CatchUpComposite5.xml
----------------- Instantiating /home/travis/build/icyphy/ptII/ptolemy/actor/lib/hoc/test/auto/CatchUpComposite5.xml
11 ms. Memory: 208384K Free: 142925K (69%)
----------------- Invoking toplevel() on ptolemy.moml.MoMLSimpleApplication@706afb26
----------------- Done invoking toplevel() on ptolemy.moml.MoMLSimpleApplication@706afb26
reloadAllAccessors: .CatchUpComposite5
----------------- testing Thu May 03 00:41:32 UTC 2018 /home/travis/build/icyphy/ptII/ptolemy/actor/lib/hoc/test/auto/CatchUpComposite6.xml
----------------- Instantiating /home/travis/build/icyphy/ptII/ptolemy/actor/lib/hoc/test/auto/CatchUpComposite6.xml
WARNING: The execution aspects in this model can influence the timing of actors by delaying the 
execution, potentially changing the behavior. There is no guarantee that actors fire at the 
time they request to be fired. 
Use Ptides for deterministic DE behavior that is not influenced by execution aspects. 

98 ms. Memory: 208384K Free: 124516K (60%)
----------------- Invoking toplevel() on ptolemy.moml.MoMLSimpleApplication@3d9e700b
----------------- Done invoking toplevel() on ptolemy.moml.MoMLSimpleApplication@3d9e700b
reloadAllAccessors: .CatchUpComposite6
----------------- testing Thu May 03 00:41:32 UTC 2018 /home/travis/build/icyphy/ptII/ptolemy/actor/lib/hoc/test/auto/CatchUpComposite7.xml
----------------- Instantiating /home/travis/build/icyphy/ptII/ptolemy/actor/lib/hoc/test/auto/CatchUpComposite7.xml
WARNING: The execution aspects in this model can influence the timing of actors by delaying the 
execution, potentially changing the behavior. There is no guarantee that actors fire at the 
time they request to be fired. 
Use Ptides for deterministic DE behavior that is not influenced by execution aspects. 

40 ms. Memory: 208384K Free: 107750K (52%)
----------------- Invoking toplevel() on ptolemy.moml.MoMLSimpleApplication@652aa4
----------------- Done invoking toplevel() on ptolemy.moml.MoMLSimpleApplication@652aa4
reloadAllAccessors: .CatchUpComposite7
----------------- testing Thu May 03 00:41:32 UTC 2018 /home/travis/build/icyphy/ptII/ptolemy/actor/lib/hoc/test/auto/ConcurrentExecutionTimeSDF.xml
----------------- Instantiating /home/travis/build/icyphy/ptII/ptolemy/actor/lib/hoc/test/auto/ConcurrentExecutionTimeSDF.xml
7 ms. Memory: 208384K Free: 99659K (48%)
----------------- Invoking toplevel() on ptolemy.moml.MoMLSimpleApplication@5f937ac8
----------------- Done invoking toplevel() on ptolemy.moml.MoMLSimpleApplication@5f937ac8
reloadAllAccessors: .ConcurrentExecutionTimeSDF
----------------- testing Thu May 03 00:41:32 UTC 2018 /home/travis/build/icyphy/ptII/ptolemy/actor/lib/hoc/test/auto/ConcurrentSleep.xml
----------------- Instantiating /home/travis/build/icyphy/ptII/ptolemy/actor/lib/hoc/test/auto/ConcurrentSleep.xml
725 ms. Memory: 208384K Free: 85032K (41%)
----------------- Invoking toplevel() on ptolemy.moml.MoMLSimpleApplication@7f3b9d7e
----------------- Done invoking toplevel() on ptolemy.moml.MoMLSimpleApplication@7f3b9d7e
reloadAllAccessors: .ConcurrentSleep
----------------- testing Thu May 03 00:41:33 UTC 2018 /home/travis/build/icyphy/ptII/ptolemy/actor/lib/hoc/test/auto/DEInPNInRunCompositeActor.xml
----------------- Instantiating /home/travis/build/icyphy/ptII/ptolemy/actor/lib/hoc/test/auto/DEInPNInRunCompositeActor.xml
31 ms. Memory: 208384K Free: 201160K (97%)
----------------- Invoking toplevel() on ptolemy.moml.MoMLSimpleApplication@db47c0a
----------------- Done invoking toplevel() on ptolemy.moml.MoMLSimpleApplication@db47c0a
reloadAllAccessors: .DEInPNInRunCompositeActor
----------------- testing Thu May 03 00:41:33 UTC 2018 /home/travis/build/icyphy/ptII/ptolemy/actor/lib/hoc/test/auto/DFTSubSetTest.xml
----------------- Instantiating /home/travis/build/icyphy/ptII/ptolemy/actor/lib/hoc/test/auto/DFTSubSetTest.xml
191 ms. Memory: 208384K Free: 153718K (74%)
----------------- Invoking toplevel() on ptolemy.moml.MoMLSimpleApplication@533b36d0
----------------- Done invoking toplevel() on ptolemy.moml.MoMLSimpleApplication@533b36d0
reloadAllAccessors: .DFTSubSetTest
----------------- testing Thu May 03 00:41:33 UTC 2018 /home/travis/build/icyphy/ptII/ptolemy/actor/lib/hoc/test/auto/HocDE.xml
----------------- Instantiating /home/travis/build/icyphy/ptII/ptolemy/actor/lib/hoc/test/auto/HocDE.xml
135 ms. Memory: 208384K Free: 126977K (61%)
----------------- Invoking toplevel() on ptolemy.moml.MoMLSimpleApplication@1080a1f
----------------- Done invoking toplevel() on ptolemy.moml.MoMLSimpleApplication@1080a1f
reloadAllAccessors: .HocDE
----------------- testing Thu May 03 00:41:34 UTC 2018 /home/travis/build/icyphy/ptII/ptolemy/actor/lib/hoc/test/auto/IterateOverArray.xml
----------------- Instantiating /home/travis/build/icyphy/ptII/ptolemy/actor/lib/hoc/test/auto/IterateOverArray.xml
5 ms. Memory: 208384K Free: 121380K (58%)
----------------- Invoking toplevel() on ptolemy.moml.MoMLSimpleApplication@341b8bfb
----------------- Done invoking toplevel() on ptolemy.moml.MoMLSimpleApplication@341b8bfb
reloadAllAccessors: .IterateOverArray
----------------- testing Thu May 03 00:41:34 UTC 2018 /home/travis/build/icyphy/ptII/ptolemy/actor/lib/hoc/test/auto/IterateOverArray10.xml
----------------- Instantiating /home/travis/build/icyphy/ptII/ptolemy/actor/lib/hoc/test/auto/IterateOverArray10.xml
6 ms. Memory: 208384K Free: 117653K (56%)
----------------- Invoking toplevel() on ptolemy.moml.MoMLSimpleApplication@49b54c32
----------------- Done invoking toplevel() on ptolemy.moml.MoMLSimpleApplication@49b54c32
reloadAllAccessors: .IterateOverArray10
----------------- testing Thu May 03 00:41:34 UTC 2018 /home/travis/build/icyphy/ptII/ptolemy/actor/lib/hoc/test/auto/IterateOverArray11.xml
----------------- Instantiating /home/travis/build/icyphy/ptII/ptolemy/actor/lib/hoc/test/auto/IterateOverArray11.xml
7 ms. Memory: 208384K Free: 112072K (54%)
----------------- Invoking toplevel() on ptolemy.moml.MoMLSimpleApplication@816c0a0
----------------- Done invoking toplevel() on ptolemy.moml.MoMLSimpleApplication@816c0a0
reloadAllAccessors: .IterateOverArray11
----------------- testing Thu May 03 00:41:34 UTC 2018 /home/travis/build/icyphy/ptII/ptolemy/actor/lib/hoc/test/auto/IterateOverArray12.xml
----------------- Instantiating /home/travis/build/icyphy/ptII/ptolemy/actor/lib/hoc/test/auto/IterateOverArray12.xml
15 ms. Memory: 208384K Free: 104640K (50%)
----------------- Invoking toplevel() on ptolemy.moml.MoMLSimpleApplication@2f5e7aa6
----------------- Done invoking toplevel() on ptolemy.moml.MoMLSimpleApplication@2f5e7aa6
reloadAllAccessors: .IterateOverArray12
----------------- testing Thu May 03 00:41:34 UTC 2018 /home/travis/build/icyphy/ptII/ptolemy/actor/lib/hoc/test/auto/IterateOverArray13.xml
----------------- Instantiating /home/travis/build/icyphy/ptII/ptolemy/actor/lib/hoc/test/auto/IterateOverArray13.xml
91 ms. Memory: 330752K Free: 318053K (96%)
----------------- Invoking toplevel() on ptolemy.moml.MoMLSimpleApplication@50618336
----------------- Done invoking toplevel() on ptolemy.moml.MoMLSimpleApplication@50618336
reloadAllAccessors: .IterateOverArray13
----------------- testing Thu May 03 00:41:34 UTC 2018 /home/travis/build/icyphy/ptII/ptolemy/actor/lib/hoc/test/auto/IterateOverArray14.xml
----------------- Instantiating /home/travis/build/icyphy/ptII/ptolemy/actor/lib/hoc/test/auto/IterateOverArray14.xml
59 ms. Memory: 330752K Free: 280632K (85%)
----------------- Invoking toplevel() on ptolemy.moml.MoMLSimpleApplication@4a9706a1
----------------- Done invoking toplevel() on ptolemy.moml.MoMLSimpleApplication@4a9706a1
reloadAllAccessors: .IterateOverArray14
----------------- testing Thu May 03 00:41:34 UTC 2018 /home/travis/build/icyphy/ptII/ptolemy/actor/lib/hoc/test/auto/IterateOverArray2.xml
----------------- Instantiating /home/travis/build/icyphy/ptII/ptolemy/actor/lib/hoc/test/auto/IterateOverArray2.xml
8 ms. Memory: 330752K Free: 275732K (83%)
----------------- Invoking toplevel() on ptolemy.moml.MoMLSimpleApplication@5ea19e5c
----------------- Done invoking toplevel() on ptolemy.moml.MoMLSimpleApplication@5ea19e5c
reloadAllAccessors: .IterateOverArray2
----------------- testing Thu May 03 00:41:34 UTC 2018 /home/travis/build/icyphy/ptII/ptolemy/actor/lib/hoc/test/auto/IterateOverArray3.xml
----------------- Instantiating /home/travis/build/icyphy/ptII/ptolemy/actor/lib/hoc/test/auto/IterateOverArray3.xml
19 ms. Memory: 330752K Free: 267565K (81%)
----------------- Invoking toplevel() on ptolemy.moml.MoMLSimpleApplication@3dd80ebc
----------------- Done invoking toplevel() on ptolemy.moml.MoMLSimpleApplication@3dd80ebc
reloadAllAccessors: .IterateOverArray3
----------------- testing Thu May 03 00:41:34 UTC 2018 /home/travis/build/icyphy/ptII/ptolemy/actor/lib/hoc/test/auto/IterateOverArray4.xml
----------------- Instantiating /home/travis/build/icyphy/ptII/ptolemy/actor/lib/hoc/test/auto/IterateOverArray4.xml
9 ms. Memory: 330752K Free: 262673K (79%)
----------------- Invoking toplevel() on ptolemy.moml.MoMLSimpleApplication@2ecbbe71
----------------- Done invoking toplevel() on ptolemy.moml.MoMLSimpleApplication@2ecbbe71
reloadAllAccessors: .IterateOverArray4
----------------- testing Thu May 03 00:41:34 UTC 2018 /home/travis/build/icyphy/ptII/ptolemy/actor/lib/hoc/test/auto/IterateOverArray5.xml
----------------- Instantiating /home/travis/build/icyphy/ptII/ptolemy/actor/lib/hoc/test/auto/IterateOverArray5.xml
5 ms. Memory: 330752K Free: 257780K (78%)
----------------- Invoking toplevel() on ptolemy.moml.MoMLSimpleApplication@5e62f8e5
----------------- Done invoking toplevel() on ptolemy.moml.MoMLSimpleApplication@5e62f8e5
reloadAllAccessors: .IterateOverArray5
----------------- testing Thu May 03 00:41:34 UTC 2018 /home/travis/build/icyphy/ptII/ptolemy/actor/lib/hoc/test/auto/IterateOverArray6.xml
----------------- Instantiating /home/travis/build/icyphy/ptII/ptolemy/actor/lib/hoc/test/auto/IterateOverArray6.xml
3 ms. Memory: 330752K Free: 253269K (77%)
----------------- Invoking toplevel() on ptolemy.moml.MoMLSimpleApplication@25caf69c
----------------- Done invoking toplevel() on ptolemy.moml.MoMLSimpleApplication@25caf69c
reloadAllAccessors: .IterateOverArray6
----------------- testing Thu May 03 00:41:34 UTC 2018 /home/travis/build/icyphy/ptII/ptolemy/actor/lib/hoc/test/auto/IterateOverArray7.xml
----------------- Instantiating /home/travis/build/icyphy/ptII/ptolemy/actor/lib/hoc/test/auto/IterateOverArray7.xml
5 ms. Memory: 330752K Free: 248368K (75%)
----------------- Invoking toplevel() on ptolemy.moml.MoMLSimpleApplication@66c8234a
----------------- Done invoking toplevel() on ptolemy.moml.MoMLSimpleApplication@66c8234a
reloadAllAccessors: .IterateOverArray7
----------------- testing Thu May 03 00:41:34 UTC 2018 /home/travis/build/icyphy/ptII/ptolemy/actor/lib/hoc/test/auto/IterateOverArray8.xml
----------------- Instantiating /home/travis/build/icyphy/ptII/ptolemy/actor/lib/hoc/test/auto/IterateOverArray8.xml
3 ms. Memory: 330752K Free: 242637K (73%)
----------------- Invoking toplevel() on ptolemy.moml.MoMLSimpleApplication@5c762292
----------------- Done invoking toplevel() on ptolemy.moml.MoMLSimpleApplication@5c762292
reloadAllAccessors: .IterateOverArray8
----------------- testing Thu May 03 00:41:34 UTC 2018 /home/travis/build/icyphy/ptII/ptolemy/actor/lib/hoc/test/auto/IterateOverArray9.xml
----------------- Instantiating /home/travis/build/icyphy/ptII/ptolemy/actor/lib/hoc/test/auto/IterateOverArray9.xml
4 ms. Memory: 330752K Free: 237736K (72%)
----------------- Invoking toplevel() on ptolemy.moml.MoMLSimpleApplication@a928e69
----------------- Done invoking toplevel() on ptolemy.moml.MoMLSimpleApplication@a928e69
reloadAllAccessors: .IterateOverArray9
----------------- testing Thu May 03 00:41:34 UTC 2018 /home/travis/build/icyphy/ptII/ptolemy/actor/lib/hoc/test/auto/IterateOverArrayCoercedOutputType.xml
----------------- Instantiating /home/travis/build/icyphy/ptII/ptolemy/actor/lib/hoc/test/auto/IterateOverArrayCoercedOutputType.xml
3 ms. Memory: 330752K Free: 231614K (70%)
----------------- Invoking toplevel() on ptolemy.moml.MoMLSimpleApplication@106ccde7
----------------- Done invoking toplevel() on ptolemy.moml.MoMLSimpleApplication@106ccde7
reloadAllAccessors: .IterateOverArrayCoercedOutputType
----------------- testing Thu May 03 00:41:34 UTC 2018 /home/travis/build/icyphy/ptII/ptolemy/actor/lib/hoc/test/auto/IterateOverArrayInferredOutputType.xml
----------------- Instantiating /home/travis/build/icyphy/ptII/ptolemy/actor/lib/hoc/test/auto/IterateOverArrayInferredOutputType.xml
11 ms. Memory: 330752K Free: 224653K (68%)
----------------- Invoking toplevel() on ptolemy.moml.MoMLSimpleApplication@4a4942b
----------------- Done invoking toplevel() on ptolemy.moml.MoMLSimpleApplication@4a4942b
reloadAllAccessors: .IterateOverArrayInferredOutputType
----------------- testing Thu May 03 00:41:34 UTC 2018 /home/travis/build/icyphy/ptII/ptolemy/actor/lib/hoc/test/auto/MobileFunctionTest.xml
----------------- Instantiating /home/travis/build/icyphy/ptII/ptolemy/actor/lib/hoc/test/auto/MobileFunctionTest.xml
5 ms. Memory: 330752K Free: 219753K (66%)
----------------- Invoking toplevel() on ptolemy.moml.MoMLSimpleApplication@4dd2af10
----------------- Done invoking toplevel() on ptolemy.moml.MoMLSimpleApplication@4dd2af10
reloadAllAccessors: .MobileFunctionTest
----------------- testing Thu May 03 00:41:34 UTC 2018 /home/travis/build/icyphy/ptII/ptolemy/actor/lib/hoc/test/auto/MobileModelTest.xml
----------------- Instantiating /home/travis/build/icyphy/ptII/ptolemy/actor/lib/hoc/test/auto/MobileModelTest.xml
56 ms. Memory: 330752K Free: 198058K (60%)
----------------- Invoking toplevel() on ptolemy.moml.MoMLSimpleApplication@161a66aa
----------------- Done invoking toplevel() on ptolemy.moml.MoMLSimpleApplication@161a66aa
reloadAllAccessors: .MobileModelTest
----------------- testing Thu May 03 00:41:34 UTC 2018 /home/travis/build/icyphy/ptII/ptolemy/actor/lib/hoc/test/auto/ModelReference.xml
----------------- Instantiating /home/travis/build/icyphy/ptII/ptolemy/actor/lib/hoc/test/auto/ModelReference.xml
3 ms. Memory: 330752K Free: 189478K (57%)
2 ms. Memory: 330752K Free: 188240K (57%)
2 ms. Memory: 330752K Free: 188240K (57%)
2 ms. Memory: 330752K Free: 187003K (57%)
2 ms. Memory: 330752K Free: 185766K (56%)
1 ms. Memory: 330752K Free: 185766K (56%)
1 ms. Memory: 330752K Free: 184529K (56%)
2 ms. Memory: 330752K Free: 183308K (55%)
1 ms. Memory: 330752K Free: 183308K (55%)
2 ms. Memory: 330752K Free: 182087K (55%)
23 ms. Memory: 330752K Free: 182087K (55%)
----------------- Invoking toplevel() on ptolemy.moml.MoMLSimpleApplication@27b3bbce
----------------- Done invoking toplevel() on ptolemy.moml.MoMLSimpleApplication@27b3bbce
reloadAllAccessors: .ModelReference
----------------- testing Thu May 03 00:41:34 UTC 2018 /home/travis/build/icyphy/ptII/ptolemy/actor/lib/hoc/test/auto/ModelReference3.xml
----------------- Instantiating /home/travis/build/icyphy/ptII/ptolemy/actor/lib/hoc/test/auto/ModelReference3.xml
1 ms. Memory: 330752K Free: 175949K (53%)
2 ms. Memory: 330752K Free: 175949K (53%)
1 ms. Memory: 330752K Free: 174727K (53%)
2 ms. Memory: 330752K Free: 173490K (52%)
2 ms. Memory: 330752K Free: 173490K (52%)
2 ms. Memory: 330752K Free: 172261K (52%)
1 ms. Memory: 330752K Free: 171024K (52%)
1 ms. Memory: 330752K Free: 171024K (52%)
2 ms. Memory: 330752K Free: 169787K (51%)
1 ms. Memory: 330752K Free: 168557K (51%)
30 ms. Memory: 330752K Free: 168557K (51%)
----------------- Invoking toplevel() on ptolemy.moml.MoMLSimpleApplication@616400d9
----------------- Done invoking toplevel() on ptolemy.moml.MoMLSimpleApplication@616400d9
reloadAllAccessors: .ModelReference3
----------------- testing Thu May 03 00:41:34 UTC 2018 /home/travis/build/icyphy/ptII/ptolemy/actor/lib/hoc/test/auto/ModelReference4.xml
----------------- Instantiating /home/travis/build/icyphy/ptII/ptolemy/actor/lib/hoc/test/auto/ModelReference4.xml
4 ms. Memory: 330752K Free: 161589K (49%)
2 ms. Memory: 330752K Free: 160368K (48%)
2 ms. Memory: 330752K Free: 157909K (48%)
5 ms. Memory: 330752K Free: 156688K (47%)
3 ms. Memory: 330752K Free: 155467K (47%)
3 ms. Memory: 330752K Free: 154246K (47%)
3 ms. Memory: 330752K Free: 153025K (46%)
2 ms. Memory: 330752K Free: 151804K (46%)
2 ms. Memory: 330752K Free: 149346K (45%)
2 ms. Memory: 330752K Free: 148125K (45%)
10025 ms. Memory: 330752K Free: 148125K (45%)
----------------- Invoking toplevel() on ptolemy.moml.MoMLSimpleApplication@137ac579
----------------- Done invoking toplevel() on ptolemy.moml.MoMLSimpleApplication@137ac579
reloadAllAccessors: .ModelReference4
----------------- testing Thu May 03 00:41:44 UTC 2018 /home/travis/build/icyphy/ptII/ptolemy/actor/lib/hoc/test/auto/MultiInstanceComposite.xml
----------------- Instantiating /home/travis/build/icyphy/ptII/ptolemy/actor/lib/hoc/test/auto/MultiInstanceComposite.xml
27 ms. Memory: 330752K Free: 130924K (40%)
----------------- Invoking toplevel() on ptolemy.moml.MoMLSimpleApplication@51d3fdb1
----------------- Done invoking toplevel() on ptolemy.moml.MoMLSimpleApplication@51d3fdb1
reloadAllAccessors: .MultiInstanceComposite
----------------- testing Thu May 03 00:41:45 UTC 2018 /home/travis/build/icyphy/ptII/ptolemy/actor/lib/hoc/test/auto/MultiInstanceComposite2.xml
----------------- Instantiating /home/travis/build/icyphy/ptII/ptolemy/actor/lib/hoc/test/auto/MultiInstanceComposite2.xml
17 ms. Memory: 330752K Free: 116604K (35%)
----------------- Invoking toplevel() on ptolemy.moml.MoMLSimpleApplication@10b83a5e
----------------- Done invoking toplevel() on ptolemy.moml.MoMLSimpleApplication@10b83a5e
reloadAllAccessors: .MultiInstanceComposite2
----------------- testing Thu May 03 00:41:45 UTC 2018 /home/travis/build/icyphy/ptII/ptolemy/actor/lib/hoc/test/auto/MulticoreExecution.xml
----------------- Instantiating /home/travis/build/icyphy/ptII/ptolemy/actor/lib/hoc/test/auto/MulticoreExecution.xml
1021 ms. Memory: 330752K Free: 103108K (31%)
----------------- testing Thu May 03 00:41:46 UTC 2018 /home/travis/build/icyphy/ptII/ptolemy/actor/lib/hoc/test/auto/ParallelExecution.xml
----------------- Instantiating /home/travis/build/icyphy/ptII/ptolemy/actor/lib/hoc/test/auto/ParallelExecution.xml
920 ms. Memory: 330752K Free: 88796K (27%)
----------------- Invoking toplevel() on ptolemy.moml.MoMLSimpleApplication@6aad32b8
----------------- Done invoking toplevel() on ptolemy.moml.MoMLSimpleApplication@6aad32b8
reloadAllAccessors: .ParallelExecution
----------------- testing Thu May 03 00:41:47 UTC 2018 /home/travis/build/icyphy/ptII/ptolemy/actor/lib/hoc/test/auto/RunCompositeActor.xml
----------------- Instantiating /home/travis/build/icyphy/ptII/ptolemy/actor/lib/hoc/test/auto/RunCompositeActor.xml
6 ms. Memory: 330752K Free: 80208K (24%)
----------------- Invoking toplevel() on ptolemy.moml.MoMLSimpleApplication@72c06dc2
----------------- Done invoking toplevel() on ptolemy.moml.MoMLSimpleApplication@72c06dc2
reloadAllAccessors: .RunCompositeActor
----------------- testing Thu May 03 00:41:47 UTC 2018 /home/travis/build/icyphy/ptII/ptolemy/actor/lib/hoc/test/auto/RunCompositeActor2.xml
----------------- Instantiating /home/travis/build/icyphy/ptII/ptolemy/actor/lib/hoc/test/auto/RunCompositeActor2.xml
8 ms. Memory: 332288K Free: 315122K (95%)
----------------- Invoking toplevel() on ptolemy.moml.MoMLSimpleApplication@76cc5737
----------------- Done invoking toplevel() on ptolemy.moml.MoMLSimpleApplication@76cc5737
reloadAllAccessors: .RunCompositeActor2
----------------- testing Thu May 03 00:41:47 UTC 2018 /home/travis/build/icyphy/ptII/ptolemy/actor/lib/hoc/test/auto/RunCompositeActor3.xml
----------------- Instantiating /home/travis/build/icyphy/ptII/ptolemy/actor/lib/hoc/test/auto/RunCompositeActor3.xml
3 ms. Memory: 332288K Free: 308405K (93%)
----------------- Invoking toplevel() on ptolemy.moml.MoMLSimpleApplication@9ddecba
----------------- Done invoking toplevel() on ptolemy.moml.MoMLSimpleApplication@9ddecba
reloadAllAccessors: .RunCompositeActor3
----------------- testing Thu May 03 00:41:47 UTC 2018 /home/travis/build/icyphy/ptII/ptolemy/actor/lib/hoc/test/auto/RunCompositeActor4.xml
----------------- Instantiating /home/travis/build/icyphy/ptII/ptolemy/actor/lib/hoc/test/auto/RunCompositeActor4.xml
8 ms. Memory: 332288K Free: 297977K (90%)
----------------- Invoking toplevel() on ptolemy.moml.MoMLSimpleApplication@2c65e612
----------------- Done invoking toplevel() on ptolemy.moml.MoMLSimpleApplication@2c65e612
reloadAllAccessors: .RunCompositeActor4
----------------- testing Thu May 03 00:41:47 UTC 2018 /home/travis/build/icyphy/ptII/ptolemy/actor/lib/hoc/test/auto/RunCompositeIterateOverArray.xml
----------------- Instantiating /home/travis/build/icyphy/ptII/ptolemy/actor/lib/hoc/test/auto/RunCompositeIterateOverArray.xml
5 ms. Memory: 332288K Free: 291655K (88%)
----------------- Invoking toplevel() on ptolemy.moml.MoMLSimpleApplication@51b226ff
----------------- Done invoking toplevel() on ptolemy.moml.MoMLSimpleApplication@51b226ff
reloadAllAccessors: .RunCompositeIterateOverArray
----------------- testing Thu May 03 00:41:47 UTC 2018 /home/travis/build/icyphy/ptII/ptolemy/actor/lib/hoc/test/auto/ThreadedJS.xml
----------------- Instantiating /home/travis/build/icyphy/ptII/ptolemy/actor/lib/hoc/test/auto/ThreadedJS.xml
1616 ms. Memory: 537088K Free: 162717K (30%)
----------------- Invoking toplevel() on ptolemy.moml.MoMLSimpleApplication@be2c987
----------------- Done invoking toplevel() on ptolemy.moml.MoMLSimpleApplication@be2c987
reloadAllAccessors: .ThreadedJS
AutoTests.java: About to close Vertx.
AutoTests.java: Vertx closed.
]]></system-out>
  <system-err><![CDATA[java.lang.RuntimeException: Execution failed
	at ptolemy.moml.MoMLSimpleApplication$UnloadThread.run(MoMLSimpleApplication.java:402)
Caused by: ptolemy.kernel.util.IllegalActionException: initialize() was called after wrapup() was called but preinitialize() was not called after wrapup().
	at ptolemy.actor.lib.hoc.test.PreinitializeMustBeInvoked.initialize(PreinitializeMustBeInvoked.java:78)
	at ptolemy.actor.Director.initialize(Director.java:938)
	at ptolemy.actor.Director.initialize(Director.java:907)
	at ptolemy.actor.sched.StaticSchedulingDirector.initialize(StaticSchedulingDirector.java:159)
	at ptolemy.domains.sdf.kernel.SDFDirector.initialize(SDFDirector.java:544)
	at ptolemy.actor.CompositeActor.initialize(CompositeActor.java:935)
	at ptolemy.actor.lib.hoc.LifeCycleManager._executeInsideModel(LifeCycleManager.java:339)
	at ptolemy.actor.lib.hoc.RunCompositeActor.fire(RunCompositeActor.java:205)
	at ptolemy.actor.CompositeActor.iterate(CompositeActor.java:1146)
	at ptolemy.actor.sched.StaticSchedulingDirector.fire(StaticSchedulingDirector.java:216)
	at ptolemy.domains.sdf.kernel.SDFDirector.fire(SDFDirector.java:500)
	at ptolemy.actor.CompositeActor.fire(CompositeActor.java:455)
	at ptolemy.actor.Manager.iterate(Manager.java:851)
	at ptolemy.actor.Manager.execute(Manager.java:369)
	at ptolemy.actor.Manager.run(Manager.java:1263)
	at ptolemy.actor.Manager$PtolemyRunThread.run(Manager.java:1915)
java.lang.reflect.InvocationTargetException
	at sun.reflect.NativeConstructorAccessorImpl.newInstance0(Native Method)
	at sun.reflect.NativeConstructorAccessorImpl.newInstance(NativeConstructorAccessorImpl.java:62)
	at sun.reflect.DelegatingConstructorAccessorImpl.newInstance(DelegatingConstructorAccessorImpl.java:45)
	at java.lang.reflect.Constructor.newInstance(Constructor.java:423)
	at ptolemy.util.test.junit.AutoKnownFailedTests.RunModel(AutoKnownFailedTests.java:107)
	at sun.reflect.NativeMethodAccessorImpl.invoke0(Native Method)
	at sun.reflect.NativeMethodAccessorImpl.invoke(NativeMethodAccessorImpl.java:62)
	at sun.reflect.DelegatingMethodAccessorImpl.invoke(DelegatingMethodAccessorImpl.java:43)
	at java.lang.reflect.Method.invoke(Method.java:498)
	at org.junit.runners.model.FrameworkMethod$1.runReflectiveCall(FrameworkMethod.java:44)
	at org.junit.internal.runners.model.ReflectiveCallable.run(ReflectiveCallable.java:15)
	at org.junit.runners.model.FrameworkMethod.invokeExplosively(FrameworkMethod.java:41)
	at junitparams.internal.InvokeParameterisedMethod.evaluate(InvokeParameterisedMethod.java:102)
	at org.junit.internal.runners.statements.FailOnTimeout$1.run(FailOnTimeout.java:28)
Caused by: ptolemy.kernel.util.IllegalActionException: initialize() was called after wrapup() was called but preinitialize() was not called after wrapup().
	at ptolemy.actor.lib.hoc.test.PreinitializeMustBeInvoked.initialize(PreinitializeMustBeInvoked.java:78)
	at ptolemy.actor.Director.initialize(Director.java:938)
	at ptolemy.actor.Director.initialize(Director.java:907)
	at ptolemy.actor.sched.StaticSchedulingDirector.initialize(StaticSchedulingDirector.java:159)
	at ptolemy.domains.sdf.kernel.SDFDirector.initialize(SDFDirector.java:544)
	at ptolemy.actor.CompositeActor.initialize(CompositeActor.java:935)
	at ptolemy.actor.lib.hoc.LifeCycleManager._executeInsideModel(LifeCycleManager.java:339)
	at ptolemy.actor.lib.hoc.RunCompositeActor.fire(RunCompositeActor.java:205)
	at ptolemy.actor.CompositeActor.iterate(CompositeActor.java:1146)
	at ptolemy.actor.sched.StaticSchedulingDirector.fire(StaticSchedulingDirector.java:216)
	at ptolemy.domains.sdf.kernel.SDFDirector.fire(SDFDirector.java:500)
	at ptolemy.actor.CompositeActor.fire(CompositeActor.java:455)
	at ptolemy.actor.Manager.iterate(Manager.java:851)
	at ptolemy.actor.Manager.execute(Manager.java:369)
	at ptolemy.actor.Manager.run(Manager.java:1263)
	at ptolemy.actor.Manager$PtolemyRunThread.run(Manager.java:1915)
java.lang.RuntimeException: Execution failed
	at ptolemy.moml.MoMLSimpleApplication$UnloadThread.run(MoMLSimpleApplication.java:402)
Caused by: ptolemy.kernel.util.IllegalActionException: Inside thread was interrupted.
  in .MulticoreExecution.ThreadedComposite.ThreadedDirector
	at ptolemy.actor.lib.hoc.ThreadedComposite$ThreadedDirector.fire(ThreadedComposite.java:646)
	at ptolemy.actor.CompositeActor.fire(CompositeActor.java:455)
	at ptolemy.actor.sched.FixedPointDirector._fireActor(FixedPointDirector.java:768)
	at ptolemy.actor.sched.FixedPointDirector.fire(FixedPointDirector.java:244)
	at ptolemy.actor.CompositeActor.fire(CompositeActor.java:455)
	at ptolemy.actor.Manager.iterate(Manager.java:851)
	at ptolemy.actor.Manager.execute(Manager.java:369)
	at ptolemy.actor.Manager.run(Manager.java:1263)
	at ptolemy.actor.Manager$PtolemyRunThread.run(Manager.java:1915)
]]></system-err>
</testsuite>
