<?xml version="1.0" encoding="UTF-8" ?>
<testsuite errors="0" failures="0" hostname="travis-job-33887575-69c2-4ea2-8c2c-7f0e3a178186" name="ptolemy.domains.sdf.test.junit.JUnitTclTest" skipped="0" tests="66" time="18.517" timestamp="2018-05-30T22:49:28">
  <properties>
[...]
</properties>
  <testcase classname="ptolemy.util.test.junit.TclTests" name="[0] /home/travis/build/icyphy/ptII/ptolemy/domains/sdf/test/SDFSchedulerErrors.tcl (RunTclFile)" time="0.575" />
  <testcase classname="ptolemy.util.test.junit.TclTests" name="[1] /home/travis/build/icyphy/ptII/ptolemy/domains/sdf/test/composition.tcl (RunTclFile)" time="0.124" />
  <testcase classname="ptolemy.util.test.junit.TclTests" name="[2] /home/travis/build/icyphy/ptII/ptolemy/domains/sdf/test/cycle.tcl (RunTclFile)" time="0.029" />
  <testcase classname="ptolemy.util.test.junit.AutoKnownFailedTests" name="[0] ThereAreNoKnowFailedTests (RunModel)" time="0.007" />
  <testcase classname="ptolemy.util.test.junit.AutoNameArchTests" name="[0] ThereAreNoAutoArchTests (RunModel)" time="0.018" />
  <testcase classname="ptolemy.util.test.junit.AutoTests" name="[0] /home/travis/build/icyphy/ptII/ptolemy/domains/sdf/test/auto/Array.xml (RunModel)" time="0.174" />
  <testcase classname="ptolemy.util.test.junit.AutoTests" name="[1] /home/travis/build/icyphy/ptII/ptolemy/domains/sdf/test/auto/Butterfly.xml (RunModel)" time="0.184" />
  <testcase classname="ptolemy.util.test.junit.AutoTests" name="[2] /home/travis/build/icyphy/ptII/ptolemy/domains/sdf/test/auto/Expression.xml (RunModel)" time="0.079" />
  <testcase classname="ptolemy.util.test.junit.AutoTests" name="[3] /home/travis/build/icyphy/ptII/ptolemy/domains/sdf/test/auto/Eye.xml (RunModel)" time="0.227" />
  <testcase classname="ptolemy.util.test.junit.AutoTests" name="[4] /home/travis/build/icyphy/ptII/ptolemy/domains/sdf/test/auto/FixFIR.xml (RunModel)" time="0.257" />
  <testcase classname="ptolemy.util.test.junit.AutoTests" name="[5] /home/travis/build/icyphy/ptII/ptolemy/domains/sdf/test/auto/FixPoint.xml (RunModel)" time="0.024" />
  <testcase classname="ptolemy.util.test.junit.AutoTests" name="[6] /home/travis/build/icyphy/ptII/ptolemy/domains/sdf/test/auto/Gravitation.xml (RunModel)" time="3.276" />
  <testcase classname="ptolemy.util.test.junit.AutoTests" name="[7] /home/travis/build/icyphy/ptII/ptolemy/domains/sdf/test/auto/GravitationWithCollisionDetection.xml (RunModel)" time="5.535" />
  <testcase classname="ptolemy.util.test.junit.AutoTests" name="[8] /home/travis/build/icyphy/ptII/ptolemy/domains/sdf/test/auto/HDF.xml (RunModel)" time="0.097" />
  <testcase classname="ptolemy.util.test.junit.AutoTests" name="[9] /home/travis/build/icyphy/ptII/ptolemy/domains/sdf/test/auto/HDFwithTransientStates.xml (RunModel)" time="0.063" />
  <testcase classname="ptolemy.util.test.junit.AutoTests" name="[10] /home/travis/build/icyphy/ptII/ptolemy/domains/sdf/test/auto/HTVQ.xml (RunModel)" time="0.833" />
  <testcase classname="ptolemy.util.test.junit.AutoTests" name="[11] /home/travis/build/icyphy/ptII/ptolemy/domains/sdf/test/auto/InferInitProduction.xml (RunModel)" time="0.031" />
  <testcase classname="ptolemy.util.test.junit.AutoTests" name="[12] /home/travis/build/icyphy/ptII/ptolemy/domains/sdf/test/auto/InferInitProductionDeeper.xml (RunModel)" time="0.024" />
  <testcase classname="ptolemy.util.test.junit.AutoTests" name="[13] /home/travis/build/icyphy/ptII/ptolemy/domains/sdf/test/auto/LMSAdaptive.xml (RunModel)" time="0.093" />
  <testcase classname="ptolemy.util.test.junit.AutoTests" name="[14] /home/travis/build/icyphy/ptII/ptolemy/domains/sdf/test/auto/LogisticMap.xml (RunModel)" time="0.47" />
  <testcase classname="ptolemy.util.test.junit.AutoTests" name="[15] /home/travis/build/icyphy/ptII/ptolemy/domains/sdf/test/auto/MaximumEntropySpectrum.xml (RunModel)" time="0.237" />
  <testcase classname="ptolemy.util.test.junit.AutoTests" name="[16] /home/travis/build/icyphy/ptII/ptolemy/domains/sdf/test/auto/MultirateSDF.xml (RunModel)" time="0.055" />
  <testcase classname="ptolemy.util.test.junit.AutoTests" name="[17] /home/travis/build/icyphy/ptII/ptolemy/domains/sdf/test/auto/MultirateSDFwithTransientStates.xml (RunModel)" time="0.081" />
  <testcase classname="ptolemy.util.test.junit.AutoTests" name="[18] /home/travis/build/icyphy/ptII/ptolemy/domains/sdf/test/auto/NoisySinewave.xml (RunModel)" time="0.069" />
  <testcase classname="ptolemy.util.test.junit.AutoTests" name="[19] /home/travis/build/icyphy/ptII/ptolemy/domains/sdf/test/auto/Objects.xml (RunModel)" time="0.052" />
  <testcase classname="ptolemy.util.test.junit.AutoTests" name="[20] /home/travis/build/icyphy/ptII/ptolemy/domains/sdf/test/auto/OrthogonalCom.xml (RunModel)" time="0.041" />
  <testcase classname="ptolemy.util.test.junit.AutoTests" name="[21] /home/travis/build/icyphy/ptII/ptolemy/domains/sdf/test/auto/RijndaelEncryption.xml (RunModel)" time="0.501" />
  <testcase classname="ptolemy.util.test.junit.AutoTests" name="[22] /home/travis/build/icyphy/ptII/ptolemy/domains/sdf/test/auto/SDFEmptyIterations.xml (RunModel)" time="0.012" />
  <testcase classname="ptolemy.util.test.junit.AutoTests" name="[23] /home/travis/build/icyphy/ptII/ptolemy/domains/sdf/test/auto/Spectrum.xml (RunModel)" time="0.065" />
  <testcase classname="ptolemy.util.test.junit.AutoTests" name="[24] /home/travis/build/icyphy/ptII/ptolemy/domains/sdf/test/auto/de_inside_sdf.xml (RunModel)" time="0.023" />
  <testcase classname="ptolemy.util.test.junit.AutoTests" name="[25] /home/travis/build/icyphy/ptII/ptolemy/domains/sdf/test/auto/disconnectedHierarchicalSDF.xml (RunModel)" time="0.02" />
  <testcase classname="ptolemy.util.test.junit.AutoTests" name="[26] /home/travis/build/icyphy/ptII/ptolemy/domains/sdf/test/auto/disconnectedSDF.xml (RunModel)" time="0.019" />
  <testcase classname="ptolemy.util.test.junit.AutoTests" name="[27] /home/travis/build/icyphy/ptII/ptolemy/domains/sdf/test/auto/emptyRefinement.xml (RunModel)" time="0.016" />
  <testcase classname="ptolemy.util.test.junit.AutoTests" name="[28] /home/travis/build/icyphy/ptII/ptolemy/domains/sdf/test/auto/filePortParameter.xml (RunModel)" time="0.059" />
  <testcase classname="ptolemy.util.test.junit.AutoTests" name="[29] /home/travis/build/icyphy/ptII/ptolemy/domains/sdf/test/auto/inferRelationWidth1.xml (RunModel)" time="0.021" />
  <testcase classname="ptolemy.util.test.junit.AutoTests" name="[30] /home/travis/build/icyphy/ptII/ptolemy/domains/sdf/test/auto/initProductionInference.xml (RunModel)" time="0.02" />
  <testcase classname="ptolemy.util.test.junit.AutoTests" name="[31] /home/travis/build/icyphy/ptII/ptolemy/domains/sdf/test/auto/relationGroup.xml (RunModel)" time="0.015" />
  <testcase classname="ptolemy.util.test.junit.AutoTests" name="[32] /home/travis/build/icyphy/ptII/ptolemy/domains/sdf/test/auto/relationGroup10.xml (RunModel)" time="0.015" />
  <testcase classname="ptolemy.util.test.junit.AutoTests" name="[33] /home/travis/build/icyphy/ptII/ptolemy/domains/sdf/test/auto/relationGroup11.xml (RunModel)" time="0.013" />
  <testcase classname="ptolemy.util.test.junit.AutoTests" name="[34] /home/travis/build/icyphy/ptII/ptolemy/domains/sdf/test/auto/relationGroup12.xml (RunModel)" time="0.009" />
  <testcase classname="ptolemy.util.test.junit.AutoTests" name="[35] /home/travis/build/icyphy/ptII/ptolemy/domains/sdf/test/auto/relationGroup13.xml (RunModel)" time="0.019" />
  <testcase classname="ptolemy.util.test.junit.AutoTests" name="[36] /home/travis/build/icyphy/ptII/ptolemy/domains/sdf/test/auto/relationGroup14.xml (RunModel)" time="0.019" />
  <testcase classname="ptolemy.util.test.junit.AutoTests" name="[37] /home/travis/build/icyphy/ptII/ptolemy/domains/sdf/test/auto/relationGroup15.xml (RunModel)" time="0.012" />
  <testcase classname="ptolemy.util.test.junit.AutoTests" name="[38] /home/travis/build/icyphy/ptII/ptolemy/domains/sdf/test/auto/relationGroup2.xml (RunModel)" time="0.014" />
  <testcase classname="ptolemy.util.test.junit.AutoTests" name="[39] /home/travis/build/icyphy/ptII/ptolemy/domains/sdf/test/auto/relationGroup3.xml (RunModel)" time="0.012" />
  <testcase classname="ptolemy.util.test.junit.AutoTests" name="[40] /home/travis/build/icyphy/ptII/ptolemy/domains/sdf/test/auto/relationGroup4.xml (RunModel)" time="0.02" />
  <testcase classname="ptolemy.util.test.junit.AutoTests" name="[41] /home/travis/build/icyphy/ptII/ptolemy/domains/sdf/test/auto/relationGroup5.xml (RunModel)" time="0.016" />
  <testcase classname="ptolemy.util.test.junit.AutoTests" name="[42] /home/travis/build/icyphy/ptII/ptolemy/domains/sdf/test/auto/relationGroup6.xml (RunModel)" time="0.019" />
  <testcase classname="ptolemy.util.test.junit.AutoTests" name="[43] /home/travis/build/icyphy/ptII/ptolemy/domains/sdf/test/auto/relationGroup7.xml (RunModel)" time="0.014" />
  <testcase classname="ptolemy.util.test.junit.AutoTests" name="[44] /home/travis/build/icyphy/ptII/ptolemy/domains/sdf/test/auto/relationGroup8.xml (RunModel)" time="0.011" />
  <testcase classname="ptolemy.util.test.junit.AutoTests" name="[45] /home/travis/build/icyphy/ptII/ptolemy/domains/sdf/test/auto/relationGroup9.xml (RunModel)" time="0.019" />
  <testcase classname="ptolemy.util.test.junit.AutoTests" name="[46] /home/travis/build/icyphy/ptII/ptolemy/domains/sdf/test/auto/sdf_inside_de.xml (RunModel)" time="0.045" />
  <testcase classname="ptolemy.util.test.junit.AutoTests" name="[47] /home/travis/build/icyphy/ptII/ptolemy/domains/sdf/test/auto/sdf_inside_pn.xml (RunModel)" time="0.053" />
  <testcase classname="ptolemy.util.test.junit.AutoTests" name="[48] /home/travis/build/icyphy/ptII/ptolemy/domains/sdf/test/auto/sdf_sdf1.xml (RunModel)" time="0.021" />
  <testcase classname="ptolemy.util.test.junit.AutoTests" name="[49] /home/travis/build/icyphy/ptII/ptolemy/domains/sdf/test/auto/test1.xml (RunModel)" time="0.013" />
  <testcase classname="ptolemy.util.test.junit.AutoTests" name="[50] /home/travis/build/icyphy/ptII/ptolemy/domains/sdf/test/auto/time1.xml (RunModel)" time="0.007" />
  <testcase classname="ptolemy.util.test.junit.AutoTests" name="[51] /home/travis/build/icyphy/ptII/ptolemy/domains/sdf/test/auto/time2.xml (RunModel)" time="0.007" />
  <testcase classname="ptolemy.util.test.junit.AutoTests" name="[52] /home/travis/build/icyphy/ptII/ptolemy/domains/sdf/test/auto/time3.xml (RunModel)" time="0.019" />
  <testcase classname="ptolemy.util.test.junit.AutoTests" name="[53] /home/travis/build/icyphy/ptII/ptolemy/domains/sdf/test/auto/time4.xml (RunModel)" time="0.017" />
  <testcase classname="ptolemy.util.test.junit.AutoTests" name="[54] /home/travis/build/icyphy/ptII/ptolemy/domains/sdf/test/auto/time5.xml (RunModel)" time="4.009" />
  <testcase classname="ptolemy.util.test.junit.AutoTests" name="[55] /home/travis/build/icyphy/ptII/ptolemy/domains/sdf/test/auto/typeSystem_Const_Integer_smallest_Type.xml (RunModel)" time="0.027" />
  <testcase classname="ptolemy.util.test.junit.AutoTests" name="[56] /home/travis/build/icyphy/ptII/ptolemy/domains/sdf/test/auto/typeSystem_declared_Inports_OutportTypeException.xml (RunModel)" time="0.012" />
  <testcase classname="ptolemy.util.test.junit.AutoTests" name="[57] /home/travis/build/icyphy/ptII/ptolemy/domains/sdf/test/auto/typeSystem_oneDeclaredInportType_wrongTypeOutport.xml (RunModel)" time="0.017" />
  <testcase classname="ptolemy.util.test.junit.AutoTests" name="[58] /home/travis/build/icyphy/ptII/ptolemy/domains/sdf/test/auto/width.xml (RunModel)" time="0.008" />
  <testcase classname="ptolemy.util.test.junit.AutoTests" name="[59] /home/travis/build/icyphy/ptII/ptolemy/domains/sdf/test/auto/width2.xml (RunModel)" time="0.04" />
  <testcase classname="ptolemy.util.test.junit.AutoTests" name="[60] /home/travis/build/icyphy/ptII/ptolemy/domains/sdf/test/auto/width3.xml (RunModel)" time="0.036" />
  <system-out><![CDATA[/home/travis/build/icyphy/ptII/ptolemy/domains/sdf/test/SDFSchedulerErrors.tcl
testDefs.tcl: setting time out to 9000 seconds at Wed May 30 22:49:28 UTC 2018
14 ms. Memory: 116224K Free: 106984K (92%)
4 ms. Memory: 116224K Free: 99936K (86%)
5 ms. Memory: 116224K Free: 92913K (80%)
8 ms. Memory: 116224K Free: 89860K (77%)
/home/travis/build/icyphy/ptII/ptolemy/domains/sdf/test/composition.tcl
25 ms. Memory: 116224K Free: 86213K (74%)
6 ms. Memory: 116224K Free: 84428K (73%)
/home/travis/build/icyphy/ptII/ptolemy/domains/sdf/test/cycle.tcl
.Toplevel.Director Preinitializing ...
Invoking preinitialize():  .Toplevel.Actor1
Invoking preinitialize():  .Toplevel.Actor2
Invoking preinitialize():  .Toplevel.Delay
.Toplevel.Director Finished preinitialize().
### Schedule:
Execute Schedule{
Fire Actor ptolemy.domains.sdf.kernel.test.SDFTestDelay {.Toplevel.Actor1}
Fire Actor ptolemy.domains.sdf.kernel.test.SDFTestDelay {.Toplevel.Actor2}
Fire Actor ptolemy.domains.sdf.lib.SampleDelay {.Toplevel.Delay}
}
### End schedule
Called initialize().
Invoking initialize():  .Toplevel.Actor1
Initializing actor: .Toplevel.Actor1.
Invoking initialize():  .Toplevel.Actor2
Initializing actor: .Toplevel.Actor2.
Invoking initialize():  .Toplevel.Delay
Initializing actor: .Toplevel.Delay.
Director: Called prefire().
-- Setting current time to 0.0
Director prefire returns true.
The actor .Toplevel.Actor1 will be iterated.
The actor .Toplevel.Actor1 was iterated.
The actor .Toplevel.Actor2 will be iterated.
The actor .Toplevel.Actor2 was iterated.
The actor .Toplevel.Delay will be iterated.
The actor .Toplevel.Delay was iterated.
Director: Called postfire().
Postfire returns: true
Director: Called prefire().
-- Setting current time to 0.0
Director prefire returns true.
The actor .Toplevel.Actor1 will be iterated.
The actor .Toplevel.Actor1 was iterated.
The actor .Toplevel.Actor2 will be iterated.
The actor .Toplevel.Actor2 was iterated.
The actor .Toplevel.Delay will be iterated.
The actor .Toplevel.Delay was iterated.
Director: Called postfire().
Postfire returns: true
Director: Called prefire().
-- Setting current time to 0.0
Director prefire returns true.
The actor .Toplevel.Actor1 will be iterated.
The actor .Toplevel.Actor1 was iterated.
The actor .Toplevel.Actor2 will be iterated.
The actor .Toplevel.Actor2 was iterated.
The actor .Toplevel.Delay will be iterated.
The actor .Toplevel.Delay was iterated.
Director: Called postfire().
Postfire returns: true
Director: Called prefire().
-- Setting current time to 0.0
Director prefire returns true.
The actor .Toplevel.Actor1 will be iterated.
The actor .Toplevel.Actor1 was iterated.
The actor .Toplevel.Actor2 will be iterated.
The actor .Toplevel.Actor2 was iterated.
The actor .Toplevel.Delay will be iterated.
The actor .Toplevel.Delay was iterated.
Director: Called postfire().
Postfire returns: true
Director: Called prefire().
-- Setting current time to 0.0
Director prefire returns true.
The actor .Toplevel.Actor1 will be iterated.
The actor .Toplevel.Actor1 was iterated.
The actor .Toplevel.Actor2 will be iterated.
The actor .Toplevel.Actor2 was iterated.
The actor .Toplevel.Delay will be iterated.
The actor .Toplevel.Delay was iterated.
Director: Called postfire().
Postfire returns: true
Director: Called prefire().
-- Setting current time to 0.0
Director prefire returns true.
The actor .Toplevel.Actor1 will be iterated.
The actor .Toplevel.Actor1 was iterated.
The actor .Toplevel.Actor2 will be iterated.
The actor .Toplevel.Actor2 was iterated.
The actor .Toplevel.Delay will be iterated.
The actor .Toplevel.Delay was iterated.
Reached specified number of iterations: 6
Director: Called wrapup().
11 ms. Memory: 116224K Free: 82056K (71%)
05/30/18 10:49:28
Failed: 0  Total Tests: 8  ((Passed: 8, Newly Passed: 0)  Known Failed: 0) /home/travis/build/icyphy/ptII/ptolemy/domains/sdf/test
No auto/knownFailedTests/*.xml tests in /home/travis/build/icyphy/ptII/ptolemy/domains/sdf/test
No auto/linux-amd64/*.xml tests in /home/travis/build/icyphy/ptII/ptolemy/domains/sdf/test
AutoTests.java: About to close Vertx.
AutoTests.java: Vertx closed.
----------------- testing Wed May 30 22:49:29 UTC 2018 /home/travis/build/icyphy/ptII/ptolemy/domains/sdf/test/auto/Array.xml
----------------- Instantiating /home/travis/build/icyphy/ptII/ptolemy/domains/sdf/test/auto/Array.xml
28 ms. Memory: 146944K Free: 102261K (70%)
----------------- Invoking toplevel() on ptolemy.moml.MoMLSimpleApplication@2628f7a3
----------------- Done invoking toplevel() on ptolemy.moml.MoMLSimpleApplication@2628f7a3
reloadAllAccessors: .Array
----------------- testing Wed May 30 22:49:29 UTC 2018 /home/travis/build/icyphy/ptII/ptolemy/domains/sdf/test/auto/Butterfly.xml
----------------- Instantiating /home/travis/build/icyphy/ptII/ptolemy/domains/sdf/test/auto/Butterfly.xml
117 ms. Memory: 146944K Free: 96690K (66%)
----------------- Invoking toplevel() on ptolemy.moml.MoMLSimpleApplication@46e21ed9
----------------- Done invoking toplevel() on ptolemy.moml.MoMLSimpleApplication@46e21ed9
reloadAllAccessors: .Butterfly
----------------- testing Wed May 30 22:49:29 UTC 2018 /home/travis/build/icyphy/ptII/ptolemy/domains/sdf/test/auto/Expression.xml
----------------- Instantiating /home/travis/build/icyphy/ptII/ptolemy/domains/sdf/test/auto/Expression.xml
52 ms. Memory: 146944K Free: 91726K (62%)
----------------- Invoking toplevel() on ptolemy.moml.MoMLSimpleApplication@413d36a4
----------------- Done invoking toplevel() on ptolemy.moml.MoMLSimpleApplication@413d36a4
reloadAllAccessors: .Expression
----------------- testing Wed May 30 22:49:29 UTC 2018 /home/travis/build/icyphy/ptII/ptolemy/domains/sdf/test/auto/Eye.xml
----------------- Instantiating /home/travis/build/icyphy/ptII/ptolemy/domains/sdf/test/auto/Eye.xml
160 ms. Memory: 146944K Free: 121819K (83%)
----------------- Invoking toplevel() on ptolemy.moml.MoMLSimpleApplication@3500b44e
----------------- Done invoking toplevel() on ptolemy.moml.MoMLSimpleApplication@3500b44e
reloadAllAccessors: .Eye
----------------- testing Wed May 30 22:49:29 UTC 2018 /home/travis/build/icyphy/ptII/ptolemy/domains/sdf/test/auto/FixFIR.xml
----------------- Instantiating /home/travis/build/icyphy/ptII/ptolemy/domains/sdf/test/auto/FixFIR.xml
121 ms. Memory: 146944K Free: 84872K (58%)
----------------- Invoking toplevel() on ptolemy.moml.MoMLSimpleApplication@6676994
----------------- Done invoking toplevel() on ptolemy.moml.MoMLSimpleApplication@6676994
reloadAllAccessors: .FixFIR
----------------- testing Wed May 30 22:49:30 UTC 2018 /home/travis/build/icyphy/ptII/ptolemy/domains/sdf/test/auto/FixPoint.xml
----------------- Instantiating /home/travis/build/icyphy/ptII/ptolemy/domains/sdf/test/auto/FixPoint.xml
7 ms. Memory: 146944K Free: 80294K (55%)
----------------- Invoking toplevel() on ptolemy.moml.MoMLSimpleApplication@5de30586
----------------- Done invoking toplevel() on ptolemy.moml.MoMLSimpleApplication@5de30586
reloadAllAccessors: .FixPoint
----------------- testing Wed May 30 22:49:30 UTC 2018 /home/travis/build/icyphy/ptII/ptolemy/domains/sdf/test/auto/Gravitation.xml
----------------- Instantiating /home/travis/build/icyphy/ptII/ptolemy/domains/sdf/test/auto/Gravitation.xml
3156 ms. Memory: 208384K Free: 106270K (51%)
----------------- Invoking toplevel() on ptolemy.moml.MoMLSimpleApplication@422087ac
----------------- Done invoking toplevel() on ptolemy.moml.MoMLSimpleApplication@422087ac
reloadAllAccessors: .Gravitation
----------------- testing Wed May 30 22:49:33 UTC 2018 /home/travis/build/icyphy/ptII/ptolemy/domains/sdf/test/auto/GravitationWithCollisionDetection.xml
----------------- Instantiating /home/travis/build/icyphy/ptII/ptolemy/domains/sdf/test/auto/GravitationWithCollisionDetection.xml
5340 ms. Memory: 873984K Free: 343371K (39%)
----------------- Invoking toplevel() on ptolemy.moml.MoMLSimpleApplication@237efb77
----------------- Done invoking toplevel() on ptolemy.moml.MoMLSimpleApplication@237efb77
reloadAllAccessors: .GravitationWithCollisionDetection
----------------- testing Wed May 30 22:49:39 UTC 2018 /home/travis/build/icyphy/ptII/ptolemy/domains/sdf/test/auto/HDF.xml
----------------- Instantiating /home/travis/build/icyphy/ptII/ptolemy/domains/sdf/test/auto/HDF.xml
23 ms. Memory: 873984K Free: 310400K (36%)
----------------- Invoking toplevel() on ptolemy.moml.MoMLSimpleApplication@9d733ed
----------------- Done invoking toplevel() on ptolemy.moml.MoMLSimpleApplication@9d733ed
reloadAllAccessors: .HDF
----------------- testing Wed May 30 22:49:39 UTC 2018 /home/travis/build/icyphy/ptII/ptolemy/domains/sdf/test/auto/HDFwithTransientStates.xml
----------------- Instantiating /home/travis/build/icyphy/ptII/ptolemy/domains/sdf/test/auto/HDFwithTransientStates.xml
15 ms. Memory: 873984K Free: 286806K (33%)
----------------- Invoking toplevel() on ptolemy.moml.MoMLSimpleApplication@6a0c4252
----------------- Done invoking toplevel() on ptolemy.moml.MoMLSimpleApplication@6a0c4252
reloadAllAccessors: .HDFwithTransientStates
----------------- testing Wed May 30 22:49:39 UTC 2018 /home/travis/build/icyphy/ptII/ptolemy/domains/sdf/test/auto/HTVQ.xml
----------------- Instantiating /home/travis/build/icyphy/ptII/ptolemy/domains/sdf/test/auto/HTVQ.xml
778 ms. Memory: 873984K Free: 113902K (13%)
----------------- Invoking toplevel() on ptolemy.moml.MoMLSimpleApplication@6e02ad34
----------------- Done invoking toplevel() on ptolemy.moml.MoMLSimpleApplication@6e02ad34
reloadAllAccessors: .HTVQ
----------------- testing Wed May 30 22:49:40 UTC 2018 /home/travis/build/icyphy/ptII/ptolemy/domains/sdf/test/auto/InferInitProduction.xml
----------------- Instantiating /home/travis/build/icyphy/ptII/ptolemy/domains/sdf/test/auto/InferInitProduction.xml
6 ms. Memory: 873984K Free: 98183K (11%)
----------------- Invoking toplevel() on ptolemy.moml.MoMLSimpleApplication@405573a8
----------------- Done invoking toplevel() on ptolemy.moml.MoMLSimpleApplication@405573a8
reloadAllAccessors: .InferInitProduction
----------------- testing Wed May 30 22:49:40 UTC 2018 /home/travis/build/icyphy/ptII/ptolemy/domains/sdf/test/auto/InferInitProductionDeeper.xml
----------------- Instantiating /home/travis/build/icyphy/ptII/ptolemy/domains/sdf/test/auto/InferInitProductionDeeper.xml
6 ms. Memory: 873984K Free: 82465K (9%)
----------------- Invoking toplevel() on ptolemy.moml.MoMLSimpleApplication@7b336094
----------------- Done invoking toplevel() on ptolemy.moml.MoMLSimpleApplication@7b336094
reloadAllAccessors: .InferInitProductionDeeper
----------------- testing Wed May 30 22:49:40 UTC 2018 /home/travis/build/icyphy/ptII/ptolemy/domains/sdf/test/auto/LMSAdaptive.xml
----------------- Instantiating /home/travis/build/icyphy/ptII/ptolemy/domains/sdf/test/auto/LMSAdaptive.xml
18 ms. Memory: 874496K Free: 853242K (98%)
----------------- Invoking toplevel() on ptolemy.moml.MoMLSimpleApplication@394ebe6a
----------------- Done invoking toplevel() on ptolemy.moml.MoMLSimpleApplication@394ebe6a
reloadAllAccessors: .LMSAdaptive
----------------- testing Wed May 30 22:49:40 UTC 2018 /home/travis/build/icyphy/ptII/ptolemy/domains/sdf/test/auto/LogisticMap.xml
----------------- Instantiating /home/travis/build/icyphy/ptII/ptolemy/domains/sdf/test/auto/LogisticMap.xml
438 ms. Memory: 874496K Free: 839424K (96%)
----------------- Invoking toplevel() on ptolemy.moml.MoMLSimpleApplication@7e8bb414
----------------- Done invoking toplevel() on ptolemy.moml.MoMLSimpleApplication@7e8bb414
reloadAllAccessors: .LogisticMap
----------------- testing Wed May 30 22:49:40 UTC 2018 /home/travis/build/icyphy/ptII/ptolemy/domains/sdf/test/auto/MaximumEntropySpectrum.xml
----------------- Instantiating /home/travis/build/icyphy/ptII/ptolemy/domains/sdf/test/auto/MaximumEntropySpectrum.xml
64 ms. Memory: 874496K Free: 771278K (88%)
----------------- Invoking toplevel() on ptolemy.moml.MoMLSimpleApplication@4263a57a
----------------- Done invoking toplevel() on ptolemy.moml.MoMLSimpleApplication@4263a57a
reloadAllAccessors: .MaximumEntropySpectrum
----------------- testing Wed May 30 22:49:40 UTC 2018 /home/travis/build/icyphy/ptII/ptolemy/domains/sdf/test/auto/MultirateSDF.xml
----------------- Instantiating /home/travis/build/icyphy/ptII/ptolemy/domains/sdf/test/auto/MultirateSDF.xml
18 ms. Memory: 874496K Free: 750312K (86%)
----------------- Invoking toplevel() on ptolemy.moml.MoMLSimpleApplication@4e5bc7f0
----------------- Done invoking toplevel() on ptolemy.moml.MoMLSimpleApplication@4e5bc7f0
reloadAllAccessors: .MultirateSDF
----------------- testing Wed May 30 22:49:40 UTC 2018 /home/travis/build/icyphy/ptII/ptolemy/domains/sdf/test/auto/MultirateSDFwithTransientStates.xml
----------------- Instantiating /home/travis/build/icyphy/ptII/ptolemy/domains/sdf/test/auto/MultirateSDFwithTransientStates.xml
17 ms. Memory: 874496K Free: 724098K (83%)
----------------- Invoking toplevel() on ptolemy.moml.MoMLSimpleApplication@699ccb15
----------------- Done invoking toplevel() on ptolemy.moml.MoMLSimpleApplication@699ccb15
reloadAllAccessors: .MultirateSDFwithTransientStates
----------------- testing Wed May 30 22:49:41 UTC 2018 /home/travis/build/icyphy/ptII/ptolemy/domains/sdf/test/auto/NoisySinewave.xml
----------------- Instantiating /home/travis/build/icyphy/ptII/ptolemy/domains/sdf/test/auto/NoisySinewave.xml
16 ms. Memory: 874496K Free: 703108K (80%)
----------------- Invoking toplevel() on ptolemy.moml.MoMLSimpleApplication@13d47a33
----------------- Done invoking toplevel() on ptolemy.moml.MoMLSimpleApplication@13d47a33
reloadAllAccessors: .NoisySinewave
----------------- testing Wed May 30 22:49:41 UTC 2018 /home/travis/build/icyphy/ptII/ptolemy/domains/sdf/test/auto/Objects.xml
----------------- Instantiating /home/travis/build/icyphy/ptII/ptolemy/domains/sdf/test/auto/Objects.xml
2 ms. Memory: 874496K Free: 687382K (79%)
----------------- Invoking toplevel() on ptolemy.moml.MoMLSimpleApplication@3a22f549
----------------- Done invoking toplevel() on ptolemy.moml.MoMLSimpleApplication@3a22f549
reloadAllAccessors: .Objects
----------------- testing Wed May 30 22:49:41 UTC 2018 /home/travis/build/icyphy/ptII/ptolemy/domains/sdf/test/auto/OrthogonalCom.xml
----------------- Instantiating /home/travis/build/icyphy/ptII/ptolemy/domains/sdf/test/auto/OrthogonalCom.xml
8 ms. Memory: 874496K Free: 671647K (77%)
----------------- Invoking toplevel() on ptolemy.moml.MoMLSimpleApplication@53604607
----------------- Done invoking toplevel() on ptolemy.moml.MoMLSimpleApplication@53604607
reloadAllAccessors: .OrthogonalCom
----------------- testing Wed May 30 22:49:41 UTC 2018 /home/travis/build/icyphy/ptII/ptolemy/domains/sdf/test/auto/RijndaelEncryption.xml
----------------- Instantiating /home/travis/build/icyphy/ptII/ptolemy/domains/sdf/test/auto/RijndaelEncryption.xml
254 ms. Memory: 874496K Free: 508959K (58%)
----------------- Invoking toplevel() on ptolemy.moml.MoMLSimpleApplication@29e77db5
----------------- Done invoking toplevel() on ptolemy.moml.MoMLSimpleApplication@29e77db5
reloadAllAccessors: .RijndaelEncryption
----------------- testing Wed May 30 22:49:41 UTC 2018 /home/travis/build/icyphy/ptII/ptolemy/domains/sdf/test/auto/SDFEmptyIterations.xml
----------------- Instantiating /home/travis/build/icyphy/ptII/ptolemy/domains/sdf/test/auto/SDFEmptyIterations.xml
4 ms. Memory: 874496K Free: 498480K (57%)
----------------- Invoking toplevel() on ptolemy.moml.MoMLSimpleApplication@3e2fbf22
----------------- Done invoking toplevel() on ptolemy.moml.MoMLSimpleApplication@3e2fbf22
reloadAllAccessors: .SDFEmptyIterations
----------------- testing Wed May 30 22:49:41 UTC 2018 /home/travis/build/icyphy/ptII/ptolemy/domains/sdf/test/auto/Spectrum.xml
----------------- Instantiating /home/travis/build/icyphy/ptII/ptolemy/domains/sdf/test/auto/Spectrum.xml
36 ms. Memory: 874496K Free: 474433K (54%)
----------------- Invoking toplevel() on ptolemy.moml.MoMLSimpleApplication@23767456
----------------- Done invoking toplevel() on ptolemy.moml.MoMLSimpleApplication@23767456
reloadAllAccessors: .Spectrum
----------------- testing Wed May 30 22:49:41 UTC 2018 /home/travis/build/icyphy/ptII/ptolemy/domains/sdf/test/auto/de_inside_sdf.xml
----------------- Instantiating /home/travis/build/icyphy/ptII/ptolemy/domains/sdf/test/auto/de_inside_sdf.xml
6 ms. Memory: 874496K Free: 463954K (53%)
----------------- Invoking toplevel() on ptolemy.moml.MoMLSimpleApplication@57c309f2
----------------- Done invoking toplevel() on ptolemy.moml.MoMLSimpleApplication@57c309f2
reloadAllAccessors: .de_inside_sdf
----------------- testing Wed May 30 22:49:41 UTC 2018 /home/travis/build/icyphy/ptII/ptolemy/domains/sdf/test/auto/disconnectedHierarchicalSDF.xml
----------------- Instantiating /home/travis/build/icyphy/ptII/ptolemy/domains/sdf/test/auto/disconnectedHierarchicalSDF.xml
4 ms. Memory: 874496K Free: 453475K (52%)
----------------- Invoking toplevel() on ptolemy.moml.MoMLSimpleApplication@50564956
----------------- Done invoking toplevel() on ptolemy.moml.MoMLSimpleApplication@50564956
reloadAllAccessors: .disconnectedHierarchicalSDF
----------------- testing Wed May 30 22:49:41 UTC 2018 /home/travis/build/icyphy/ptII/ptolemy/domains/sdf/test/auto/disconnectedSDF.xml
----------------- Instantiating /home/travis/build/icyphy/ptII/ptolemy/domains/sdf/test/auto/disconnectedSDF.xml
4 ms. Memory: 874496K Free: 442996K (51%)
----------------- Invoking toplevel() on ptolemy.moml.MoMLSimpleApplication@47d3a05e
----------------- Done invoking toplevel() on ptolemy.moml.MoMLSimpleApplication@47d3a05e
reloadAllAccessors: .disconnectedSDF
----------------- testing Wed May 30 22:49:41 UTC 2018 /home/travis/build/icyphy/ptII/ptolemy/domains/sdf/test/auto/emptyRefinement.xml
----------------- Instantiating /home/travis/build/icyphy/ptII/ptolemy/domains/sdf/test/auto/emptyRefinement.xml
3 ms. Memory: 874496K Free: 432517K (49%)
----------------- Invoking toplevel() on ptolemy.moml.MoMLSimpleApplication@51e623a1
----------------- Done invoking toplevel() on ptolemy.moml.MoMLSimpleApplication@51e623a1
reloadAllAccessors: .emptyRefinement
----------------- testing Wed May 30 22:49:41 UTC 2018 /home/travis/build/icyphy/ptII/ptolemy/domains/sdf/test/auto/filePortParameter.xml
----------------- Instantiating /home/travis/build/icyphy/ptII/ptolemy/domains/sdf/test/auto/filePortParameter.xml
12 ms. Memory: 874496K Free: 416783K (48%)
----------------- Invoking toplevel() on ptolemy.moml.MoMLSimpleApplication@646531fa
----------------- Done invoking toplevel() on ptolemy.moml.MoMLSimpleApplication@646531fa
reloadAllAccessors: .filePortParameter
----------------- testing Wed May 30 22:49:41 UTC 2018 /home/travis/build/icyphy/ptII/ptolemy/domains/sdf/test/auto/inferRelationWidth1.xml
----------------- Instantiating /home/travis/build/icyphy/ptII/ptolemy/domains/sdf/test/auto/inferRelationWidth1.xml
2 ms. Memory: 874496K Free: 406304K (46%)
----------------- Invoking toplevel() on ptolemy.moml.MoMLSimpleApplication@31623c1d
----------------- Done invoking toplevel() on ptolemy.moml.MoMLSimpleApplication@31623c1d
reloadAllAccessors: .inferRelationWidth1
----------------- testing Wed May 30 22:49:41 UTC 2018 /home/travis/build/icyphy/ptII/ptolemy/domains/sdf/test/auto/initProductionInference.xml
----------------- Instantiating /home/travis/build/icyphy/ptII/ptolemy/domains/sdf/test/auto/initProductionInference.xml
5 ms. Memory: 874496K Free: 395825K (45%)
----------------- Invoking toplevel() on ptolemy.moml.MoMLSimpleApplication@4c561fba
----------------- Done invoking toplevel() on ptolemy.moml.MoMLSimpleApplication@4c561fba
reloadAllAccessors: .initProductionInference
----------------- testing Wed May 30 22:49:41 UTC 2018 /home/travis/build/icyphy/ptII/ptolemy/domains/sdf/test/auto/relationGroup.xml
----------------- Instantiating /home/travis/build/icyphy/ptII/ptolemy/domains/sdf/test/auto/relationGroup.xml
2 ms. Memory: 874496K Free: 385346K (44%)
----------------- Invoking toplevel() on ptolemy.moml.MoMLSimpleApplication@4b47dc90
----------------- Done invoking toplevel() on ptolemy.moml.MoMLSimpleApplication@4b47dc90
reloadAllAccessors: .relationGroup
----------------- testing Wed May 30 22:49:42 UTC 2018 /home/travis/build/icyphy/ptII/ptolemy/domains/sdf/test/auto/relationGroup10.xml
----------------- Instantiating /home/travis/build/icyphy/ptII/ptolemy/domains/sdf/test/auto/relationGroup10.xml
1 ms. Memory: 874496K Free: 371779K (43%)
----------------- Invoking toplevel() on ptolemy.moml.MoMLSimpleApplication@295d10b1
----------------- Done invoking toplevel() on ptolemy.moml.MoMLSimpleApplication@295d10b1
reloadAllAccessors: .relationGroup10
----------------- testing Wed May 30 22:49:42 UTC 2018 /home/travis/build/icyphy/ptII/ptolemy/domains/sdf/test/auto/relationGroup11.xml
----------------- Instantiating /home/travis/build/icyphy/ptII/ptolemy/domains/sdf/test/auto/relationGroup11.xml
1 ms. Memory: 874496K Free: 361300K (41%)
----------------- Invoking toplevel() on ptolemy.moml.MoMLSimpleApplication@2c34b73d
----------------- Done invoking toplevel() on ptolemy.moml.MoMLSimpleApplication@2c34b73d
reloadAllAccessors: .relationGroup11
----------------- testing Wed May 30 22:49:42 UTC 2018 /home/travis/build/icyphy/ptII/ptolemy/domains/sdf/test/auto/relationGroup12.xml
----------------- Instantiating /home/travis/build/icyphy/ptII/ptolemy/domains/sdf/test/auto/relationGroup12.xml
2 ms. Memory: 874496K Free: 350821K (40%)
----------------- Invoking toplevel() on ptolemy.moml.MoMLSimpleApplication@7e5bdd38
----------------- Done invoking toplevel() on ptolemy.moml.MoMLSimpleApplication@7e5bdd38
reloadAllAccessors: .relationGroup12
----------------- testing Wed May 30 22:49:42 UTC 2018 /home/travis/build/icyphy/ptII/ptolemy/domains/sdf/test/auto/relationGroup13.xml
----------------- Instantiating /home/travis/build/icyphy/ptII/ptolemy/domains/sdf/test/auto/relationGroup13.xml
5 ms. Memory: 874496K Free: 340342K (39%)
----------------- Invoking toplevel() on ptolemy.moml.MoMLSimpleApplication@47ffaea1
----------------- Done invoking toplevel() on ptolemy.moml.MoMLSimpleApplication@47ffaea1
reloadAllAccessors: .relationGroup13
----------------- testing Wed May 30 22:49:42 UTC 2018 /home/travis/build/icyphy/ptII/ptolemy/domains/sdf/test/auto/relationGroup14.xml
----------------- Instantiating /home/travis/build/icyphy/ptII/ptolemy/domains/sdf/test/auto/relationGroup14.xml
3 ms. Memory: 874496K Free: 329863K (38%)
----------------- Invoking toplevel() on ptolemy.moml.MoMLSimpleApplication@414d9754
----------------- Done invoking toplevel() on ptolemy.moml.MoMLSimpleApplication@414d9754
reloadAllAccessors: .relationGroup14
----------------- testing Wed May 30 22:49:42 UTC 2018 /home/travis/build/icyphy/ptII/ptolemy/domains/sdf/test/auto/relationGroup15.xml
----------------- Instantiating /home/travis/build/icyphy/ptII/ptolemy/domains/sdf/test/auto/relationGroup15.xml
1 ms. Memory: 874496K Free: 319384K (37%)
----------------- Invoking toplevel() on ptolemy.moml.MoMLSimpleApplication@86034eb
----------------- Done invoking toplevel() on ptolemy.moml.MoMLSimpleApplication@86034eb
reloadAllAccessors: .relationGroup15
----------------- testing Wed May 30 22:49:42 UTC 2018 /home/travis/build/icyphy/ptII/ptolemy/domains/sdf/test/auto/relationGroup2.xml
----------------- Instantiating /home/travis/build/icyphy/ptII/ptolemy/domains/sdf/test/auto/relationGroup2.xml
1 ms. Memory: 874496K Free: 308905K (35%)
----------------- Invoking toplevel() on ptolemy.moml.MoMLSimpleApplication@50551096
----------------- Done invoking toplevel() on ptolemy.moml.MoMLSimpleApplication@50551096
reloadAllAccessors: .relationGroup2
----------------- testing Wed May 30 22:49:42 UTC 2018 /home/travis/build/icyphy/ptII/ptolemy/domains/sdf/test/auto/relationGroup3.xml
----------------- Instantiating /home/travis/build/icyphy/ptII/ptolemy/domains/sdf/test/auto/relationGroup3.xml
1 ms. Memory: 874496K Free: 298426K (34%)
----------------- Invoking toplevel() on ptolemy.moml.MoMLSimpleApplication@5da1922f
----------------- Done invoking toplevel() on ptolemy.moml.MoMLSimpleApplication@5da1922f
reloadAllAccessors: .relationGroup3
----------------- testing Wed May 30 22:49:42 UTC 2018 /home/travis/build/icyphy/ptII/ptolemy/domains/sdf/test/auto/relationGroup4.xml
----------------- Instantiating /home/travis/build/icyphy/ptII/ptolemy/domains/sdf/test/auto/relationGroup4.xml
3 ms. Memory: 874496K Free: 287947K (33%)
----------------- Invoking toplevel() on ptolemy.moml.MoMLSimpleApplication@cd2e93
----------------- Done invoking toplevel() on ptolemy.moml.MoMLSimpleApplication@cd2e93
reloadAllAccessors: .relationGroup4
----------------- testing Wed May 30 22:49:42 UTC 2018 /home/travis/build/icyphy/ptII/ptolemy/domains/sdf/test/auto/relationGroup5.xml
----------------- Instantiating /home/travis/build/icyphy/ptII/ptolemy/domains/sdf/test/auto/relationGroup5.xml
4 ms. Memory: 874496K Free: 274380K (31%)
----------------- Invoking toplevel() on ptolemy.moml.MoMLSimpleApplication@6417808
----------------- Done invoking toplevel() on ptolemy.moml.MoMLSimpleApplication@6417808
reloadAllAccessors: .relationGroup5
----------------- testing Wed May 30 22:49:42 UTC 2018 /home/travis/build/icyphy/ptII/ptolemy/domains/sdf/test/auto/relationGroup6.xml
----------------- Instantiating /home/travis/build/icyphy/ptII/ptolemy/domains/sdf/test/auto/relationGroup6.xml
4 ms. Memory: 874496K Free: 263901K (30%)
----------------- Invoking toplevel() on ptolemy.moml.MoMLSimpleApplication@2333f6b8
----------------- Done invoking toplevel() on ptolemy.moml.MoMLSimpleApplication@2333f6b8
reloadAllAccessors: .relationGroup6
----------------- testing Wed May 30 22:49:42 UTC 2018 /home/travis/build/icyphy/ptII/ptolemy/domains/sdf/test/auto/relationGroup7.xml
----------------- Instantiating /home/travis/build/icyphy/ptII/ptolemy/domains/sdf/test/auto/relationGroup7.xml
3 ms. Memory: 874496K Free: 253422K (29%)
----------------- Invoking toplevel() on ptolemy.moml.MoMLSimpleApplication@fa7cfd4
----------------- Done invoking toplevel() on ptolemy.moml.MoMLSimpleApplication@fa7cfd4
reloadAllAccessors: .relationGroup7
----------------- testing Wed May 30 22:49:42 UTC 2018 /home/travis/build/icyphy/ptII/ptolemy/domains/sdf/test/auto/relationGroup8.xml
----------------- Instantiating /home/travis/build/icyphy/ptII/ptolemy/domains/sdf/test/auto/relationGroup8.xml
1 ms. Memory: 874496K Free: 242943K (28%)
----------------- Invoking toplevel() on ptolemy.moml.MoMLSimpleApplication@6afb074b
----------------- Done invoking toplevel() on ptolemy.moml.MoMLSimpleApplication@6afb074b
reloadAllAccessors: .relationGroup8
----------------- testing Wed May 30 22:49:42 UTC 2018 /home/travis/build/icyphy/ptII/ptolemy/domains/sdf/test/auto/relationGroup9.xml
----------------- Instantiating /home/travis/build/icyphy/ptII/ptolemy/domains/sdf/test/auto/relationGroup9.xml
5 ms. Memory: 874496K Free: 232464K (27%)
----------------- Invoking toplevel() on ptolemy.moml.MoMLSimpleApplication@57ee8e91
----------------- Done invoking toplevel() on ptolemy.moml.MoMLSimpleApplication@57ee8e91
reloadAllAccessors: .relationGroup9
----------------- testing Wed May 30 22:49:42 UTC 2018 /home/travis/build/icyphy/ptII/ptolemy/domains/sdf/test/auto/sdf_inside_de.xml
----------------- Instantiating /home/travis/build/icyphy/ptII/ptolemy/domains/sdf/test/auto/sdf_inside_de.xml
16 ms. Memory: 874496K Free: 216729K (25%)
----------------- Invoking toplevel() on ptolemy.moml.MoMLSimpleApplication@7335d9b8
----------------- Done invoking toplevel() on ptolemy.moml.MoMLSimpleApplication@7335d9b8
reloadAllAccessors: .sdf_inside_de
----------------- testing Wed May 30 22:49:42 UTC 2018 /home/travis/build/icyphy/ptII/ptolemy/domains/sdf/test/auto/sdf_inside_pn.xml
----------------- Instantiating /home/travis/build/icyphy/ptII/ptolemy/domains/sdf/test/auto/sdf_inside_pn.xml
35 ms. Memory: 874496K Free: 174797K (20%)
----------------- Invoking toplevel() on ptolemy.moml.MoMLSimpleApplication@2892d79a
----------------- Done invoking toplevel() on ptolemy.moml.MoMLSimpleApplication@2892d79a
reloadAllAccessors: .sdf_inside_pn
----------------- testing Wed May 30 22:49:42 UTC 2018 /home/travis/build/icyphy/ptII/ptolemy/domains/sdf/test/auto/sdf_sdf1.xml
----------------- Instantiating /home/travis/build/icyphy/ptII/ptolemy/domains/sdf/test/auto/sdf_sdf1.xml
2 ms. Memory: 874496K Free: 164318K (19%)
----------------- Invoking toplevel() on ptolemy.moml.MoMLSimpleApplication@7cdc4aaf
----------------- Done invoking toplevel() on ptolemy.moml.MoMLSimpleApplication@7cdc4aaf
reloadAllAccessors: .sdf_sdf1
----------------- testing Wed May 30 22:49:42 UTC 2018 /home/travis/build/icyphy/ptII/ptolemy/domains/sdf/test/auto/test1.xml
----------------- Instantiating /home/travis/build/icyphy/ptII/ptolemy/domains/sdf/test/auto/test1.xml
2 ms. Memory: 874496K Free: 153839K (18%)
----------------- Invoking toplevel() on ptolemy.moml.MoMLSimpleApplication@6de4be49
----------------- Done invoking toplevel() on ptolemy.moml.MoMLSimpleApplication@6de4be49
reloadAllAccessors: .test1
----------------- testing Wed May 30 22:49:42 UTC 2018 /home/travis/build/icyphy/ptII/ptolemy/domains/sdf/test/auto/time1.xml
----------------- Instantiating /home/travis/build/icyphy/ptII/ptolemy/domains/sdf/test/auto/time1.xml
2 ms. Memory: 874496K Free: 140273K (16%)
----------------- Invoking toplevel() on ptolemy.moml.MoMLSimpleApplication@5ae1d97a
----------------- Done invoking toplevel() on ptolemy.moml.MoMLSimpleApplication@5ae1d97a
reloadAllAccessors: .time1
----------------- testing Wed May 30 22:49:42 UTC 2018 /home/travis/build/icyphy/ptII/ptolemy/domains/sdf/test/auto/time2.xml
----------------- Instantiating /home/travis/build/icyphy/ptII/ptolemy/domains/sdf/test/auto/time2.xml
2 ms. Memory: 874496K Free: 129794K (15%)
----------------- Invoking toplevel() on ptolemy.moml.MoMLSimpleApplication@376571aa
----------------- Done invoking toplevel() on ptolemy.moml.MoMLSimpleApplication@376571aa
reloadAllAccessors: .time2
----------------- testing Wed May 30 22:49:42 UTC 2018 /home/travis/build/icyphy/ptII/ptolemy/domains/sdf/test/auto/time3.xml
----------------- Instantiating /home/travis/build/icyphy/ptII/ptolemy/domains/sdf/test/auto/time3.xml
7 ms. Memory: 874496K Free: 119315K (14%)
----------------- Invoking toplevel() on ptolemy.moml.MoMLSimpleApplication@73922473
----------------- Done invoking toplevel() on ptolemy.moml.MoMLSimpleApplication@73922473
reloadAllAccessors: .time3
----------------- testing Wed May 30 22:49:42 UTC 2018 /home/travis/build/icyphy/ptII/ptolemy/domains/sdf/test/auto/time4.xml
----------------- Instantiating /home/travis/build/icyphy/ptII/ptolemy/domains/sdf/test/auto/time4.xml
4 ms. Memory: 874496K Free: 108836K (12%)
----------------- Invoking toplevel() on ptolemy.moml.MoMLSimpleApplication@3a3eb8a1
----------------- Done invoking toplevel() on ptolemy.moml.MoMLSimpleApplication@3a3eb8a1
reloadAllAccessors: .time4
----------------- testing Wed May 30 22:49:42 UTC 2018 /home/travis/build/icyphy/ptII/ptolemy/domains/sdf/test/auto/time5.xml
----------------- Instantiating /home/travis/build/icyphy/ptII/ptolemy/domains/sdf/test/auto/time5.xml
4003 ms. Memory: 874496K Free: 98357K (11%)
----------------- Invoking toplevel() on ptolemy.moml.MoMLSimpleApplication@f38675c
----------------- Done invoking toplevel() on ptolemy.moml.MoMLSimpleApplication@f38675c
reloadAllAccessors: .time5
----------------- testing Wed May 30 22:49:46 UTC 2018 /home/travis/build/icyphy/ptII/ptolemy/domains/sdf/test/auto/typeSystem_Const_Integer_smallest_Type.xml
----------------- Instantiating /home/travis/build/icyphy/ptII/ptolemy/domains/sdf/test/auto/typeSystem_Const_Integer_smallest_Type.xml
5 ms. Memory: 874496K Free: 87878K (10%)
----------------- Invoking toplevel() on ptolemy.moml.MoMLSimpleApplication@6421964e
----------------- Done invoking toplevel() on ptolemy.moml.MoMLSimpleApplication@6421964e
reloadAllAccessors: .typeSystem_Const_Integer_smallest_Type
----------------- testing Wed May 30 22:49:46 UTC 2018 /home/travis/build/icyphy/ptII/ptolemy/domains/sdf/test/auto/typeSystem_declared_Inports_OutportTypeException.xml
----------------- Instantiating /home/travis/build/icyphy/ptII/ptolemy/domains/sdf/test/auto/typeSystem_declared_Inports_OutportTypeException.xml
.typeSystem_declared_Inports_OutportTypeException.TestExceptionAttribute: initialize() was not invoked, but wrapup() was.  This is unusual, but not always a problem.  For example, exporting JNLP will do this.
2 ms. Memory: 874496K Free: 77399K (9%)
----------------- Invoking toplevel() on ptolemy.moml.MoMLSimpleApplication@204e60c7
----------------- Done invoking toplevel() on ptolemy.moml.MoMLSimpleApplication@204e60c7
reloadAllAccessors: .typeSystem_declared_Inports_OutportTypeException
----------------- testing Wed May 30 22:49:46 UTC 2018 /home/travis/build/icyphy/ptII/ptolemy/domains/sdf/test/auto/typeSystem_oneDeclaredInportType_wrongTypeOutport.xml
----------------- Instantiating /home/travis/build/icyphy/ptII/ptolemy/domains/sdf/test/auto/typeSystem_oneDeclaredInportType_wrongTypeOutport.xml
2 ms. Memory: 1346048K Free: 1320574K (98%)
----------------- Invoking toplevel() on ptolemy.moml.MoMLSimpleApplication@32ddb3a3
----------------- Done invoking toplevel() on ptolemy.moml.MoMLSimpleApplication@32ddb3a3
reloadAllAccessors: .typeSystem_oneDeclaredInportType_wrongTypeOutport
----------------- testing Wed May 30 22:49:46 UTC 2018 /home/travis/build/icyphy/ptII/ptolemy/domains/sdf/test/auto/width.xml
----------------- Instantiating /home/travis/build/icyphy/ptII/ptolemy/domains/sdf/test/auto/width.xml
2 ms. Memory: 1346048K Free: 1300437K (97%)
----------------- Invoking toplevel() on ptolemy.moml.MoMLSimpleApplication@63a08fde
----------------- Done invoking toplevel() on ptolemy.moml.MoMLSimpleApplication@63a08fde
reloadAllAccessors: .width
----------------- testing Wed May 30 22:49:46 UTC 2018 /home/travis/build/icyphy/ptII/ptolemy/domains/sdf/test/auto/width2.xml
----------------- Instantiating /home/travis/build/icyphy/ptII/ptolemy/domains/sdf/test/auto/width2.xml
32 ms. Memory: 1346048K Free: 1283670K (95%)
----------------- Invoking toplevel() on ptolemy.moml.MoMLSimpleApplication@7e360ba4
----------------- Done invoking toplevel() on ptolemy.moml.MoMLSimpleApplication@7e360ba4
reloadAllAccessors: .width2
----------------- testing Wed May 30 22:49:46 UTC 2018 /home/travis/build/icyphy/ptII/ptolemy/domains/sdf/test/auto/width3.xml
----------------- Instantiating /home/travis/build/icyphy/ptII/ptolemy/domains/sdf/test/auto/width3.xml
28 ms. Memory: 1346048K Free: 1266643K (94%)
----------------- Invoking toplevel() on ptolemy.moml.MoMLSimpleApplication@32731034
----------------- Done invoking toplevel() on ptolemy.moml.MoMLSimpleApplication@32731034
reloadAllAccessors: .width3
AutoTests.java: About to close Vertx.
AutoTests.java: Vertx closed.
]]></system-out>
  <system-err><![CDATA[java.lang.RuntimeException: Execution failed
	at ptolemy.moml.MoMLSimpleApplication$UnloadThread.run(MoMLSimpleApplication.java:402)
Caused by: ptolemy.actor.sched.NotSchedulableException: No solution exists for the balance equations.
Graph is not consistent under the SDF domain detected on external port .rateConsistency.actor.port2
  in .rateConsistency.SDF Director.Scheduler
	at ptolemy.domains.sdf.kernel.SDFScheduler._propagatePort(SDFScheduler.java:1425)
	at ptolemy.domains.sdf.kernel.SDFScheduler._solveBalanceEquations(SDFScheduler.java:710)
	at ptolemy.domains.sdf.kernel.SDFScheduler._getSchedule(SDFScheduler.java:566)
	at ptolemy.actor.sched.Scheduler.getSchedule(Scheduler.java:189)
	at ptolemy.domains.sdf.kernel.SDFDirector.createSchedule(SDFDirector.java:408)
	at ptolemy.domains.sdf.kernel.SDFDirector.preinitialize(SDFDirector.java:764)
	at ptolemy.actor.CompositeActor.preinitialize(CompositeActor.java:1828)
	at ptolemy.actor.Manager.preinitializeAndResolveTypes(Manager.java:1040)
	at ptolemy.actor.Manager.initialize(Manager.java:710)
	at ptolemy.actor.Manager.execute(Manager.java:356)
	at ptolemy.actor.Manager.run(Manager.java:1263)
	at ptolemy.actor.Manager$PtolemyRunThread.run(Manager.java:1915)
java.lang.RuntimeException: Execution failed
	at ptolemy.moml.MoMLSimpleApplication$UnloadThread.run(MoMLSimpleApplication.java:402)
Caused by: ptolemy.kernel.util.IllegalActionException: Failed to compute schedule:
  in .badRateChanges.typed composite actor.SDF Director
Because:
The SDF rate parameter may change. This is not allowed in SDF models that will be run through the code generator.  If you don't care about code generation, then you might consider setting the allowRateChanges parameter of the SDF director to false.
  in .badRateChanges.typed composite actor.Repeat.output.tokenProductionRate
	at ptolemy.domains.sdf.kernel.SDFDirector.createSchedule(SDFDirector.java:418)
	at ptolemy.domains.sdf.kernel.SDFDirector.preinitialize(SDFDirector.java:764)
	at ptolemy.actor.CompositeActor.preinitialize(CompositeActor.java:1828)
	at ptolemy.actor.Director.preinitialize(Director.java:1302)
	at ptolemy.actor.Director.preinitialize(Director.java:1257)
	at ptolemy.domains.sdf.kernel.SDFDirector.preinitialize(SDFDirector.java:763)
	at ptolemy.actor.CompositeActor.preinitialize(CompositeActor.java:1828)
	at ptolemy.actor.Manager.preinitializeAndResolveTypes(Manager.java:1040)
	at ptolemy.actor.Manager.initialize(Manager.java:710)
	at ptolemy.actor.Manager.execute(Manager.java:356)
	at ptolemy.actor.Manager.run(Manager.java:1263)
	at ptolemy.actor.Manager$PtolemyRunThread.run(Manager.java:1915)
Caused by: ptolemy.kernel.util.IllegalActionException: The SDF rate parameter may change. This is not allowed in SDF models that will be run through the code generator.  If you don't care about code generation, then you might consider setting the allowRateChanges parameter of the SDF director to false.
  in .badRateChanges.typed composite actor.Repeat.output.tokenProductionRate
	at ptolemy.domains.sdf.kernel.SDFScheduler._assertDynamicRateVariable(SDFScheduler.java:931)
	at ptolemy.domains.sdf.kernel.SDFScheduler._checkDynamicRateVariables(SDFScheduler.java:339)
	at ptolemy.domains.sdf.kernel.SDFScheduler._getSchedule(SDFScheduler.java:527)
	at ptolemy.actor.sched.Scheduler.getSchedule(Scheduler.java:189)
	at ptolemy.domains.sdf.kernel.SDFDirector.createSchedule(SDFDirector.java:408)
	... 11 more
java.lang.RuntimeException: Execution failed
	at ptolemy.moml.MoMLSimpleApplication$UnloadThread.run(MoMLSimpleApplication.java:402)
Caused by: ptolemy.kernel.util.IllegalActionException: Failed to compute schedule:
  in .badRateChanges2.typed composite actor.SDF Director
Because:
The SDF rate parameter may change. This is not allowed in SDF models that will be run through the code generator.  If you don't care about code generation, then you might consider setting the allowRateChanges parameter of the SDF director to false.
  in .badRateChanges2.typed composite actor.Repeat.output.tokenProductionRate
	at ptolemy.domains.sdf.kernel.SDFDirector.createSchedule(SDFDirector.java:418)
	at ptolemy.domains.sdf.kernel.SDFDirector.preinitialize(SDFDirector.java:764)
	at ptolemy.actor.CompositeActor.preinitialize(CompositeActor.java:1828)
	at ptolemy.actor.Director.preinitialize(Director.java:1302)
	at ptolemy.actor.Director.preinitialize(Director.java:1257)
	at ptolemy.domains.sdf.kernel.SDFDirector.preinitialize(SDFDirector.java:763)
	at ptolemy.actor.CompositeActor.preinitialize(CompositeActor.java:1828)
	at ptolemy.actor.Manager.preinitializeAndResolveTypes(Manager.java:1040)
	at ptolemy.actor.Manager.initialize(Manager.java:710)
	at ptolemy.actor.Manager.execute(Manager.java:356)
	at ptolemy.actor.Manager.run(Manager.java:1263)
	at ptolemy.actor.Manager$PtolemyRunThread.run(Manager.java:1915)
Caused by: ptolemy.kernel.util.IllegalActionException: The SDF rate parameter may change. This is not allowed in SDF models that will be run through the code generator.  If you don't care about code generation, then you might consider setting the allowRateChanges parameter of the SDF director to false.
  in .badRateChanges2.typed composite actor.Repeat.output.tokenProductionRate
	at ptolemy.domains.sdf.kernel.SDFScheduler._assertDynamicRateVariable(SDFScheduler.java:931)
	at ptolemy.domains.sdf.kernel.SDFScheduler._checkDynamicRateVariables(SDFScheduler.java:339)
	at ptolemy.domains.sdf.kernel.SDFScheduler._getSchedule(SDFScheduler.java:527)
	at ptolemy.actor.sched.Scheduler.getSchedule(Scheduler.java:189)
	at ptolemy.domains.sdf.kernel.SDFDirector.createSchedule(SDFDirector.java:408)
	... 11 more
java.lang.RuntimeException: Execution failed
	at ptolemy.moml.MoMLSimpleApplication$UnloadThread.run(MoMLSimpleApplication.java:402)
Caused by: ptolemy.actor.sched.NotSchedulableException: Actors remain that cannot be scheduled!

There are several possible reasons:
* SDF Graphs with feedback loops should have an actor with a delay in the loop, such as a SampleDelay.
* The SDF director has an "allowDisconnectedGraphs"parameter, which, when true, permits disconnected SDF graphs.
* The token consumption rate and production rates might be mismatched.
Usually, actors produce one token or consume one token on a port.  To produce or consume multiple tokens per firing, add a "tokenConsumptionRate" or "tokenProductionRate" parameter to the appropriate port.
Unscheduled actors:
.partiallyConnected.Const2 
Scheduled actors:
.partiallyConnected.Const 
  in .partiallyConnected.SDF Director.Scheduler
	at ptolemy.domains.sdf.kernel.SDFScheduler._scheduleConnectedActors(SDFScheduler.java:1828)
	at ptolemy.domains.sdf.kernel.SDFScheduler._getSchedule(SDFScheduler.java:587)
	at ptolemy.actor.sched.Scheduler.getSchedule(Scheduler.java:189)
	at ptolemy.domains.sdf.kernel.SDFDirector.createSchedule(SDFDirector.java:408)
	at ptolemy.domains.sdf.kernel.SDFDirector.preinitialize(SDFDirector.java:764)
	at ptolemy.actor.CompositeActor.preinitialize(CompositeActor.java:1828)
	at ptolemy.actor.Manager.preinitializeAndResolveTypes(Manager.java:1040)
	at ptolemy.actor.Manager.initialize(Manager.java:710)
	at ptolemy.actor.Manager.execute(Manager.java:356)
	at ptolemy.actor.Manager.run(Manager.java:1263)
	at ptolemy.actor.Manager$PtolemyRunThread.run(Manager.java:1915)
]]></system-err>
</testsuite>
