<?xml version="1.0" encoding="UTF-8" ?>
<testsuite errors="0" failures="0" hostname="travis-job-b812b97b-0d8f-41b6-8fb9-a9be6f810137" name="ptolemy.domains.de.test.junit.JUnitTclTest" skipped="0" tests="101" time="129.096" timestamp="2018-05-31T20:31:53">
  <properties>
[...]
</properties>
  <testcase classname="ptolemy.util.test.junit.TclTests" name="[0] /home/travis/build/icyphy/ptII/ptolemy/domains/de/test/DependencyLoop.tcl (RunTclFile)" time="0.751" />
  <testcase classname="ptolemy.util.test.junit.TclTests" name="[1] /home/travis/build/icyphy/ptII/ptolemy/domains/de/test/RunDETestsAsQSS.tcl (RunTclFile)" time="88.673" />
  <testcase classname="ptolemy.util.test.junit.AutoKnownFailedTests" name="[0] /home/travis/build/icyphy/ptII/ptolemy/domains/de/test/auto/knownFailedTests/DESDFClockTest.xml (RunModel)" time="2.026" />
  <testcase classname="ptolemy.util.test.junit.AutoKnownFailedTests" name="[1] /home/travis/build/icyphy/ptII/ptolemy/domains/de/test/auto/knownFailedTests/DirectFeedback.xml (RunModel)" time="0.021" />
  <testcase classname="ptolemy.util.test.junit.AutoKnownFailedTests" name="[2] /home/travis/build/icyphy/ptII/ptolemy/domains/de/test/auto/knownFailedTests/FSMSource.xml (RunModel)" time="0.014" />
  <testcase classname="ptolemy.util.test.junit.AutoKnownFailedTests" name="[3] /home/travis/build/icyphy/ptII/ptolemy/domains/de/test/auto/knownFailedTests/HierarchicalModel.xml (RunModel)" time="0.028" />
  <testcase classname="ptolemy.util.test.junit.AutoKnownFailedTests" name="[4] /home/travis/build/icyphy/ptII/ptolemy/domains/de/test/auto/knownFailedTests/dependencyLoop.xml (RunModel)" time="0.034" />
  <testcase classname="ptolemy.util.test.junit.AutoKnownFailedTests" name="[5] /home/travis/build/icyphy/ptII/ptolemy/domains/de/test/auto/knownFailedTests/dependencyLoop2.xml (RunModel)" time="0.032" />
  <testcase classname="ptolemy.util.test.junit.AutoNameArchTests" name="[0] ThereAreNoAutoArchTests (RunModel)" time="0.0" />
  <testcase classname="ptolemy.util.test.junit.AutoTests" name="[0] /home/travis/build/icyphy/ptII/ptolemy/domains/de/test/auto/ActorDepthCalculation_actorWithoutPorts.xml (RunModel)" time="0.019" />
  <testcase classname="ptolemy.util.test.junit.AutoTests" name="[1] /home/travis/build/icyphy/ptII/ptolemy/domains/de/test/auto/AssemblyLine.xml (RunModel)" time="0.018" />
  <testcase classname="ptolemy.util.test.junit.AutoTests" name="[2] /home/travis/build/icyphy/ptII/ptolemy/domains/de/test/auto/CQBug1.xml (RunModel)" time="0.008" />
  <testcase classname="ptolemy.util.test.junit.AutoTests" name="[3] /home/travis/build/icyphy/ptII/ptolemy/domains/de/test/auto/CancelFireAt.xml (RunModel)" time="0.008" />
  <testcase classname="ptolemy.util.test.junit.AutoTests" name="[4] /home/travis/build/icyphy/ptII/ptolemy/domains/de/test/auto/CausalityAndComposabilityAnalysis.xml (RunModel)" time="0.009" />
  <testcase classname="ptolemy.util.test.junit.AutoTests" name="[5] /home/travis/build/icyphy/ptII/ptolemy/domains/de/test/auto/CausalityInterface1.xml (RunModel)" time="0.008" />
  <testcase classname="ptolemy.util.test.junit.AutoTests" name="[6] /home/travis/build/icyphy/ptII/ptolemy/domains/de/test/auto/CausalityInterface15.xml (RunModel)" time="0.01" />
  <testcase classname="ptolemy.util.test.junit.AutoTests" name="[7] /home/travis/build/icyphy/ptII/ptolemy/domains/de/test/auto/CausalityInterface2.xml (RunModel)" time="0.013" />
  <testcase classname="ptolemy.util.test.junit.AutoTests" name="[8] /home/travis/build/icyphy/ptII/ptolemy/domains/de/test/auto/CausalityInterface3.xml (RunModel)" time="0.014" />
  <testcase classname="ptolemy.util.test.junit.AutoTests" name="[9] /home/travis/build/icyphy/ptII/ptolemy/domains/de/test/auto/ClockDrift.xml (RunModel)" time="0.037" />
  <testcase classname="ptolemy.util.test.junit.AutoTests" name="[10] /home/travis/build/icyphy/ptII/ptolemy/domains/de/test/auto/ClockDriftAndValueChange.xml (RunModel)" time="0.028" />
  <testcase classname="ptolemy.util.test.junit.AutoTests" name="[11] /home/travis/build/icyphy/ptII/ptolemy/domains/de/test/auto/ClockDriftChange.xml (RunModel)" time="0.028" />
  <testcase classname="ptolemy.util.test.junit.AutoTests" name="[12] /home/travis/build/icyphy/ptII/ptolemy/domains/de/test/auto/ComposableCausalityAnalysis.xml (RunModel)" time="0.011" />
  <testcase classname="ptolemy.util.test.junit.AutoTests" name="[13] /home/travis/build/icyphy/ptII/ptolemy/domains/de/test/auto/DEFixedPointLimitation.xml (RunModel)" time="0.01" />
  <testcase classname="ptolemy.util.test.junit.AutoTests" name="[14] /home/travis/build/icyphy/ptII/ptolemy/domains/de/test/auto/DEScheduleTest.xml (RunModel)" time="0.028" />
  <testcase classname="ptolemy.util.test.junit.AutoTests" name="[15] /home/travis/build/icyphy/ptII/ptolemy/domains/de/test/auto/DEinDEwithStartTimes.xml (RunModel)" time="0.016" />
  <testcase classname="ptolemy.util.test.junit.AutoTests" name="[16] /home/travis/build/icyphy/ptII/ptolemy/domains/de/test/auto/DEinDEwithStartTimes2.xml (RunModel)" time="0.013" />
  <testcase classname="ptolemy.util.test.junit.AutoTests" name="[17] /home/travis/build/icyphy/ptII/ptolemy/domains/de/test/auto/DateDemo.xml (RunModel)" time="0.027" />
  <testcase classname="ptolemy.util.test.junit.AutoTests" name="[18] /home/travis/build/icyphy/ptII/ptolemy/domains/de/test/auto/DateToEvent.xml (RunModel)" time="2.038" />
  <testcase classname="ptolemy.util.test.junit.AutoTests" name="[19] /home/travis/build/icyphy/ptII/ptolemy/domains/de/test/auto/DepthTest1.xml (RunModel)" time="0.009" />
  <testcase classname="ptolemy.util.test.junit.AutoTests" name="[20] /home/travis/build/icyphy/ptII/ptolemy/domains/de/test/auto/DepthTest2.xml (RunModel)" time="0.017" />
  <testcase classname="ptolemy.util.test.junit.AutoTests" name="[21] /home/travis/build/icyphy/ptII/ptolemy/domains/de/test/auto/DepthTest3.xml (RunModel)" time="0.007" />
  <testcase classname="ptolemy.util.test.junit.AutoTests" name="[22] /home/travis/build/icyphy/ptII/ptolemy/domains/de/test/auto/DepthTest4.xml (RunModel)" time="0.012" />
  <testcase classname="ptolemy.util.test.junit.AutoTests" name="[23] /home/travis/build/icyphy/ptII/ptolemy/domains/de/test/auto/DepthTest5.xml (RunModel)" time="0.015" />
  <testcase classname="ptolemy.util.test.junit.AutoTests" name="[24] /home/travis/build/icyphy/ptII/ptolemy/domains/de/test/auto/DepthTest6.xml (RunModel)" time="0.013" />
  <testcase classname="ptolemy.util.test.junit.AutoTests" name="[25] /home/travis/build/icyphy/ptII/ptolemy/domains/de/test/auto/DepthTest7.xml (RunModel)" time="0.012" />
  <testcase classname="ptolemy.util.test.junit.AutoTests" name="[26] /home/travis/build/icyphy/ptII/ptolemy/domains/de/test/auto/EventToDate.xml (RunModel)" time="3.036" />
  <testcase classname="ptolemy.util.test.junit.AutoTests" name="[27] /home/travis/build/icyphy/ptII/ptolemy/domains/de/test/auto/FSM1.xml (RunModel)" time="0.031" />
  <testcase classname="ptolemy.util.test.junit.AutoTests" name="[28] /home/travis/build/icyphy/ptII/ptolemy/domains/de/test/auto/FSM7.xml (RunModel)" time="0.032" />
  <testcase classname="ptolemy.util.test.junit.AutoTests" name="[29] /home/travis/build/icyphy/ptII/ptolemy/domains/de/test/auto/Inspection.xml (RunModel)" time="0.04" />
  <testcase classname="ptolemy.util.test.junit.AutoTests" name="[30] /home/travis/build/icyphy/ptII/ptolemy/domains/de/test/auto/Iteration.xml (RunModel)" time="0.019" />
  <testcase classname="ptolemy.util.test.junit.AutoTests" name="[31] /home/travis/build/icyphy/ptII/ptolemy/domains/de/test/auto/LineFault.xml (RunModel)" time="0.575" />
  <testcase classname="ptolemy.util.test.junit.AutoTests" name="[32] /home/travis/build/icyphy/ptII/ptolemy/domains/de/test/auto/MergeModel1Add.xml (RunModel)" time="0.045" />
  <testcase classname="ptolemy.util.test.junit.AutoTests" name="[33] /home/travis/build/icyphy/ptII/ptolemy/domains/de/test/auto/MergeModel2Add.xml (RunModel)" time="0.037" />
  <testcase classname="ptolemy.util.test.junit.AutoTests" name="[34] /home/travis/build/icyphy/ptII/ptolemy/domains/de/test/auto/MergeModel3Add.xml (RunModel)" time="0.035" />
  <testcase classname="ptolemy.util.test.junit.AutoTests" name="[35] /home/travis/build/icyphy/ptII/ptolemy/domains/de/test/auto/MergeWithoutDiscard.xml (RunModel)" time="0.009" />
  <testcase classname="ptolemy.util.test.junit.AutoTests" name="[36] /home/travis/build/icyphy/ptII/ptolemy/domains/de/test/auto/Modal1.xml (RunModel)" time="0.027" />
  <testcase classname="ptolemy.util.test.junit.AutoTests" name="[37] /home/travis/build/icyphy/ptII/ptolemy/domains/de/test/auto/Modal2.xml (RunModel)" time="0.028" />
  <testcase classname="ptolemy.util.test.junit.AutoTests" name="[38] /home/travis/build/icyphy/ptII/ptolemy/domains/de/test/auto/Modal3.xml (RunModel)" time="0.028" />
  <testcase classname="ptolemy.util.test.junit.AutoTests" name="[39] /home/travis/build/icyphy/ptII/ptolemy/domains/de/test/auto/Modal4.xml (RunModel)" time="0.03" />
  <testcase classname="ptolemy.util.test.junit.AutoTests" name="[40] /home/travis/build/icyphy/ptII/ptolemy/domains/de/test/auto/Modal5.xml (RunModel)" time="0.03" />
  <testcase classname="ptolemy.util.test.junit.AutoTests" name="[41] /home/travis/build/icyphy/ptII/ptolemy/domains/de/test/auto/Modal6.xml (RunModel)" time="0.029" />
  <testcase classname="ptolemy.util.test.junit.AutoTests" name="[42] /home/travis/build/icyphy/ptII/ptolemy/domains/de/test/auto/Modal7.xml (RunModel)" time="0.03" />
  <testcase classname="ptolemy.util.test.junit.AutoTests" name="[43] /home/travis/build/icyphy/ptII/ptolemy/domains/de/test/auto/ModalModel.xml (RunModel)" time="0.19" />
  <testcase classname="ptolemy.util.test.junit.AutoTests" name="[44] /home/travis/build/icyphy/ptII/ptolemy/domains/de/test/auto/ModalSource.xml (RunModel)" time="0.021" />
  <testcase classname="ptolemy.util.test.junit.AutoTests" name="[45] /home/travis/build/icyphy/ptII/ptolemy/domains/de/test/auto/NonInterruptibleTimerZeroDelay.xml (RunModel)" time="0.015" />
  <testcase classname="ptolemy.util.test.junit.AutoTests" name="[46] /home/travis/build/icyphy/ptII/ptolemy/domains/de/test/auto/OpenQueueingNetwork.xml (RunModel)" time="2.513" />
  <testcase classname="ptolemy.util.test.junit.AutoTests" name="[47] /home/travis/build/icyphy/ptII/ptolemy/domains/de/test/auto/OpenQueuingNetwork.xml (RunModel)" time="0.305" />
  <testcase classname="ptolemy.util.test.junit.AutoTests" name="[48] /home/travis/build/icyphy/ptII/ptolemy/domains/de/test/auto/PeriodicSampler.xml (RunModel)" time="0.008" />
  <testcase classname="ptolemy.util.test.junit.AutoTests" name="[49] /home/travis/build/icyphy/ptII/ptolemy/domains/de/test/auto/PersistentIO.xml (RunModel)" time="0.021" />
  <testcase classname="ptolemy.util.test.junit.AutoTests" name="[50] /home/travis/build/icyphy/ptII/ptolemy/domains/de/test/auto/PortParameterResetOnInitialize.xml (RunModel)" time="0.013" />
  <testcase classname="ptolemy.util.test.junit.AutoTests" name="[51] /home/travis/build/icyphy/ptII/ptolemy/domains/de/test/auto/PortParameterUpdates.xml (RunModel)" time="0.013" />
  <testcase classname="ptolemy.util.test.junit.AutoTests" name="[52] /home/travis/build/icyphy/ptII/ptolemy/domains/de/test/auto/QueueAndServer.xml (RunModel)" time="0.018" />
  <testcase classname="ptolemy.util.test.junit.AutoTests" name="[53] /home/travis/build/icyphy/ptII/ptolemy/domains/de/test/auto/Records.xml (RunModel)" time="0.012" />
  <testcase classname="ptolemy.util.test.junit.AutoTests" name="[54] /home/travis/build/icyphy/ptII/ptolemy/domains/de/test/auto/ResetTransitionWithStartTime1.xml (RunModel)" time="0.017" />
  <testcase classname="ptolemy.util.test.junit.AutoTests" name="[55] /home/travis/build/icyphy/ptII/ptolemy/domains/de/test/auto/ResetTransitionWithStartTime2.xml (RunModel)" time="0.017" />
  <testcase classname="ptolemy.util.test.junit.AutoTests" name="[56] /home/travis/build/icyphy/ptII/ptolemy/domains/de/test/auto/ResetTransitionWithStartTime3.xml (RunModel)" time="0.017" />
  <testcase classname="ptolemy.util.test.junit.AutoTests" name="[57] /home/travis/build/icyphy/ptII/ptolemy/domains/de/test/auto/ResetTransitionWithStartTime4.xml (RunModel)" time="0.016" />
  <testcase classname="ptolemy.util.test.junit.AutoTests" name="[58] /home/travis/build/icyphy/ptII/ptolemy/domains/de/test/auto/ResettableTimer1.xml (RunModel)" time="0.01" />
  <testcase classname="ptolemy.util.test.junit.AutoTests" name="[59] /home/travis/build/icyphy/ptII/ptolemy/domains/de/test/auto/ResettableTimer2.xml (RunModel)" time="0.009" />
  <testcase classname="ptolemy.util.test.junit.AutoTests" name="[60] /home/travis/build/icyphy/ptII/ptolemy/domains/de/test/auto/ResettableTimer3.xml (RunModel)" time="0.009" />
  <testcase classname="ptolemy.util.test.junit.AutoTests" name="[61] /home/travis/build/icyphy/ptII/ptolemy/domains/de/test/auto/ResettableTimer4.xml (RunModel)" time="0.008" />
  <testcase classname="ptolemy.util.test.junit.AutoTests" name="[62] /home/travis/build/icyphy/ptII/ptolemy/domains/de/test/auto/ResettableTimer5.xml (RunModel)" time="0.01" />
  <testcase classname="ptolemy.util.test.junit.AutoTests" name="[63] /home/travis/build/icyphy/ptII/ptolemy/domains/de/test/auto/ResettableTimer6.xml (RunModel)" time="0.01" />
  <testcase classname="ptolemy.util.test.junit.AutoTests" name="[64] /home/travis/build/icyphy/ptII/ptolemy/domains/de/test/auto/ServerZeroDelay.xml (RunModel)" time="0.01" />
  <testcase classname="ptolemy.util.test.junit.AutoTests" name="[65] /home/travis/build/icyphy/ptII/ptolemy/domains/de/test/auto/SmartSender.xml (RunModel)" time="3.008" />
  <testcase classname="ptolemy.util.test.junit.AutoTests" name="[66] /home/travis/build/icyphy/ptII/ptolemy/domains/de/test/auto/ThreadedComposite.xml (RunModel)" time="0.135" />
  <testcase classname="ptolemy.util.test.junit.AutoTests" name="[67] /home/travis/build/icyphy/ptII/ptolemy/domains/de/test/auto/Time.xml (RunModel)" time="0.46" />
  <testcase classname="ptolemy.util.test.junit.AutoTests" name="[68] /home/travis/build/icyphy/ptII/ptolemy/domains/de/test/auto/TimeDelayZeroDelay.xml (RunModel)" time="0.01" />
  <testcase classname="ptolemy.util.test.junit.AutoTests" name="[69] /home/travis/build/icyphy/ptII/ptolemy/domains/de/test/auto/TimerZeroDelay.xml (RunModel)" time="0.009" />
  <testcase classname="ptolemy.util.test.junit.AutoTests" name="[70] /home/travis/build/icyphy/ptII/ptolemy/domains/de/test/auto/TimingParadox.xml (RunModel)" time="0.368" />
  <testcase classname="ptolemy.util.test.junit.AutoTests" name="[71] /home/travis/build/icyphy/ptII/ptolemy/domains/de/test/auto/TransferInputs.xml (RunModel)" time="0.009" />
  <testcase classname="ptolemy.util.test.junit.AutoTests" name="[72] /home/travis/build/icyphy/ptII/ptolemy/domains/de/test/auto/TransferOutputs2.xml (RunModel)" time="0.016" />
  <testcase classname="ptolemy.util.test.junit.AutoTests" name="[73] /home/travis/build/icyphy/ptII/ptolemy/domains/de/test/auto/Trilateration.xml (RunModel)" time="11.125" />
  <testcase classname="ptolemy.util.test.junit.AutoTests" name="[74] /home/travis/build/icyphy/ptII/ptolemy/domains/de/test/auto/TwoSigmaDelta.xml (RunModel)" time="2.146" />
  <testcase classname="ptolemy.util.test.junit.AutoTests" name="[75] /home/travis/build/icyphy/ptII/ptolemy/domains/de/test/auto/VariableDelay.xml (RunModel)" time="0.01" />
  <testcase classname="ptolemy.util.test.junit.AutoTests" name="[76] /home/travis/build/icyphy/ptII/ptolemy/domains/de/test/auto/VariableDelay2.xml (RunModel)" time="0.008" />
  <testcase classname="ptolemy.util.test.junit.AutoTests" name="[77] /home/travis/build/icyphy/ptII/ptolemy/domains/de/test/auto/VariableDelayZeroDelay.xml (RunModel)" time="0.009" />
  <testcase classname="ptolemy.util.test.junit.AutoTests" name="[78] /home/travis/build/icyphy/ptII/ptolemy/domains/de/test/auto/VariableDelayZeroDelay2.xml (RunModel)" time="0.009" />
  <testcase classname="ptolemy.util.test.junit.AutoTests" name="[79] /home/travis/build/icyphy/ptII/ptolemy/domains/de/test/auto/deInCt.xml (RunModel)" time="0.014" />
  <testcase classname="ptolemy.util.test.junit.AutoTests" name="[80] /home/travis/build/icyphy/ptII/ptolemy/domains/de/test/auto/deInCt2.xml (RunModel)" time="0.015" />
  <testcase classname="ptolemy.util.test.junit.AutoTests" name="[81] /home/travis/build/icyphy/ptII/ptolemy/domains/de/test/auto/dynamicCausalityInterface1.xml (RunModel)" time="0.017" />
  <testcase classname="ptolemy.util.test.junit.AutoTests" name="[82] /home/travis/build/icyphy/ptII/ptolemy/domains/de/test/auto/fsm_de_test.xml (RunModel)" time="0.021" />
  <testcase classname="ptolemy.util.test.junit.AutoTests" name="[83] /home/travis/build/icyphy/ptII/ptolemy/domains/de/test/auto/functionDependencyReconstruction.xml (RunModel)" time="0.033" />
  <testcase classname="ptolemy.util.test.junit.AutoTests" name="[84] /home/travis/build/icyphy/ptII/ptolemy/domains/de/test/auto/multirate.xml (RunModel)" time="0.016" />
  <testcase classname="ptolemy.util.test.junit.AutoTests" name="[85] /home/travis/build/icyphy/ptII/ptolemy/domains/de/test/auto/multirate2.xml (RunModel)" time="0.015" />
  <testcase classname="ptolemy.util.test.junit.AutoTests" name="[86] /home/travis/build/icyphy/ptII/ptolemy/domains/de/test/auto/realtime.xml (RunModel)" time="10.011" />
  <testcase classname="ptolemy.util.test.junit.AutoTests" name="[87] /home/travis/build/icyphy/ptII/ptolemy/domains/de/test/auto/relationGroup.xml (RunModel)" time="0.008" />
  <testcase classname="ptolemy.util.test.junit.AutoTests" name="[88] /home/travis/build/icyphy/ptII/ptolemy/domains/de/test/auto/relationGroup2.xml (RunModel)" time="0.006" />
  <testcase classname="ptolemy.util.test.junit.AutoTests" name="[89] /home/travis/build/icyphy/ptII/ptolemy/domains/de/test/auto/sortWithOpaquePorts.xml (RunModel)" time="0.009" />
  <testcase classname="ptolemy.util.test.junit.AutoTests" name="[90] /home/travis/build/icyphy/ptII/ptolemy/domains/de/test/auto/transferInputsandOutputs.xml (RunModel)" time="0.014" />
  <testcase classname="ptolemy.util.test.junit.AutoTests" name="[91] /home/travis/build/icyphy/ptII/ptolemy/domains/de/test/auto/triggerType.xml (RunModel)" time="0.01" />
  <system-out><![CDATA[/home/travis/build/icyphy/ptII/ptolemy/domains/de/test/DependencyLoop.tcl
testDefs.tcl: setting time out to 9000 seconds at Thu May 31 20:31:53 UTC 2018
14 ms. Memory: 116224K Free: 95089K (82%)
13 ms. Memory: 146944K Free: 137418K (94%)
/home/travis/build/icyphy/ptII/ptolemy/domains/de/test/RunDETestsAsQSS.tcl
Run the DE tests using ptolemy.domains.qss.test.QSSDirectorTest, which extends QSSDirector and prints a message in the constructors.
------------------ testing $PTII/ptolemy/domains/de/test/auto/knownFailedTests/dependencyLoop.xml (Known Failure) 
7 ms. Memory: 146944K Free: 133141K (91%)


==== $PTIIhome/travis/build/icyphy/ptII/ptolemy/domains/de/test/../../../../: Auto Automatic test in file $PTII/ptolemy/domains/de/test/auto/knownFailedTests/dependencyLoop.xml
==== Contents of test case:

	    # FIXME: we should use $relativeFilename here, but it
	    # might have backslashes under Windows, which causes no end
	    # of trouble.
	    createAndExecute $file
	    list {}
	
.... Test generated KNOWN error:
    while executing
ptolemy.kernel.util.IllegalActionException: Found a zero delay loop containing .dependencyLoop.original
  in .dependencyLoop and .dependencyLoop.original
	at ptolemy.actor.util.CausalityInterfaceForComposites._computeOutputPortDepth(CausalityInterfaceForComposites.java:759)
	at ptolemy.actor.util.CausalityInterfaceForComposites._computeInputDepth(CausalityInterfaceForComposites.java:696)
	at ptolemy.actor.util.CausalityInterfaceForComposites._computeOutputPortDepth(CausalityInterfaceForComposites.java:765)
	at ptolemy.actor.util.CausalityInterfaceForComposites._computeInputDepth(CausalityInterfaceForComposites.java:696)
	at ptolemy.actor.util.CausalityInterfaceForComposites._computeOutputPortDepth(CausalityInterfaceForComposites.java:765)
	at ptolemy.actor.util.CausalityInterfaceForComposites._computeInputDepth(CausalityInterfaceForComposites.java:696)
	at ptolemy.actor.util.CausalityInterfaceForComposites._computeActorDepth(CausalityInterfaceForComposites.java:532)
	at ptolemy.actor.util.CausalityInterfaceForComposites.checkForCycles(CausalityInterfaceForComposites.java:96)
	at ptolemy.domains.de.kernel.DEDirector.preinitialize(DEDirector.java:1337)
	at ptolemy.actor.CompositeActor.preinitialize(CompositeActor.java:1828)
	at ptolemy.actor.Manager.preinitializeAndResolveTypes(Manager.java:1040)
	at ptolemy.actor.Manager.initialize(Manager.java:710)
	at ptolemy.actor.Manager.execute(Manager.java:356)
	at ptolemy.actor.Manager.run(Manager.java:1263)
	at ptolemy.actor.Manager$PtolemyRunThread.run(Manager.java:1915)

    while executing
ptolemy.kernel.util.IllegalActionException: Found a zero delay loop containing .dependencyLoop.original
  in .dependencyLoop and .dependencyLoop.original
    while executing
"java::new ptolemy.moml.MoMLSimpleApplication $file
"
    (procedure "createAndExecute" line 2)
    invoked from within
"createAndExecute $file"
    ("uplevel" body line 5)
    invoked from within
"uplevel $contents_of_test"
------------------ testing $PTII/ptolemy/domains/de/test/auto/knownFailedTests/DESDFClockTest.xml (Known Failure) 
2075 ms. Memory: 146944K Free: 117664K (80%)


==== $PTIIhome/travis/build/icyphy/ptII/ptolemy/domains/de/test/../../../../: Auto Automatic test in file $PTII/ptolemy/domains/de/test/auto/knownFailedTests/DESDFClockTest.xml
==== Contents of test case:

	    # FIXME: we should use $relativeFilename here, but it
	    # might have backslashes under Windows, which causes no end
	    # of trouble.
	    createAndExecute $file
	    list {}
	
.... Test generated KNOWN error:
    while executing
ptolemy.kernel.util.IllegalActionException: Actor is not ready to fire.  Perhaps UpSample.prefire() returned false? Try debugging the actor by selecting "Listen to Actor".  Also, for SDF check moml for tokenConsumptionRate on input.
  in .DESDFClockTest.Play Bell.Copy1:SDF Director and .DESDFClockTest.Play Bell.UpSample
	at ptolemy.actor.sched.StaticSchedulingDirector.fire(StaticSchedulingDirector.java:227)
	at ptolemy.domains.sdf.kernel.SDFDirector.fire(SDFDirector.java:500)
	at ptolemy.actor.CompositeActor.fire(CompositeActor.java:455)
	at ptolemy.domains.de.kernel.DEDirector._fire(DEDirector.java:1948)
	at ptolemy.domains.de.kernel.DEDirector.fire(DEDirector.java:502)
	at ptolemy.actor.CompositeActor.fire(CompositeActor.java:455)
	at ptolemy.actor.Manager.iterate(Manager.java:851)
	at ptolemy.actor.Manager.execute(Manager.java:369)
	at ptolemy.actor.Manager.run(Manager.java:1263)
	at ptolemy.actor.Manager$PtolemyRunThread.run(Manager.java:1915)

    while executing
ptolemy.kernel.util.IllegalActionException: Actor is not ready to fire.  Perhaps UpSample.prefire() returned false? Try debugging the actor by selecting "Listen to Actor".  Also, for SDF check moml for tokenConsumptionRate on input.
  in .DESDFClockTest.Play Bell.Copy1:SDF Director and .DESDFClockTest.Play Bell.UpSample
    while executing
"java::new ptolemy.moml.MoMLSimpleApplication $file
"
    (procedure "createAndExecute" line 2)
    invoked from within
"createAndExecute $file"
    ("uplevel" body line 5)
    invoked from within
"uplevel $contents_of_test"
------------------ testing $PTII/ptolemy/domains/de/test/auto/knownFailedTests/FSMSource.xml (Known Failure) 
38 ms. Memory: 146944K Free: 108132K (74%)
!!!! Auto was marked as failing, but now passes
------------------ testing $PTII/ptolemy/domains/de/test/auto/knownFailedTests/dependencyLoop2.xml (Known Failure) 
13 ms. Memory: 146944K Free: 106273K (72%)


==== $PTIIhome/travis/build/icyphy/ptII/ptolemy/domains/de/test/../../../../: Auto Automatic test in file $PTII/ptolemy/domains/de/test/auto/knownFailedTests/dependencyLoop2.xml
==== Contents of test case:

	    # FIXME: we should use $relativeFilename here, but it
	    # might have backslashes under Windows, which causes no end
	    # of trouble.
	    createAndExecute $file
	    list {}
	
.... Test generated KNOWN error:
    while executing
ptolemy.kernel.util.IllegalActionException: Found a zero delay loop containing .dependencyLoop2.original
  in .dependencyLoop2 and .dependencyLoop2.original
	at ptolemy.actor.util.CausalityInterfaceForComposites._computeOutputPortDepth(CausalityInterfaceForComposites.java:759)
	at ptolemy.actor.util.CausalityInterfaceForComposites._computeInputDepth(CausalityInterfaceForComposites.java:696)
	at ptolemy.actor.util.CausalityInterfaceForComposites._computeOutputPortDepth(CausalityInterfaceForComposites.java:765)
	at ptolemy.actor.util.CausalityInterfaceForComposites._computeInputDepth(CausalityInterfaceForComposites.java:696)
	at ptolemy.actor.util.CausalityInterfaceForComposites._computeOutputPortDepth(CausalityInterfaceForComposites.java:765)
	at ptolemy.actor.util.CausalityInterfaceForComposites._computeInputDepth(CausalityInterfaceForComposites.java:696)
	at ptolemy.actor.util.CausalityInterfaceForComposites._computeActorDepth(CausalityInterfaceForComposites.java:532)
	at ptolemy.actor.util.CausalityInterfaceForComposites.checkForCycles(CausalityInterfaceForComposites.java:96)
	at ptolemy.domains.de.kernel.DEDirector.preinitialize(DEDirector.java:1337)
	at ptolemy.actor.CompositeActor.preinitialize(CompositeActor.java:1828)
	at ptolemy.actor.Manager.preinitializeAndResolveTypes(Manager.java:1040)
	at ptolemy.actor.Manager.initialize(Manager.java:710)
	at ptolemy.actor.Manager.execute(Manager.java:356)
	at ptolemy.actor.Manager.run(Manager.java:1263)
	at ptolemy.actor.Manager$PtolemyRunThread.run(Manager.java:1915)

    while executing
ptolemy.kernel.util.IllegalActionException: Found a zero delay loop containing .dependencyLoop2.original
  in .dependencyLoop2 and .dependencyLoop2.original
    while executing
"java::new ptolemy.moml.MoMLSimpleApplication $file
"
    (procedure "createAndExecute" line 2)
    invoked from within
"createAndExecute $file"
    ("uplevel" body line 5)
    invoked from within
"uplevel $contents_of_test"
------------------ testing $PTII/ptolemy/domains/de/test/auto/knownFailedTests/HierarchicalModel.xml (Known Failure) 
5 ms. Memory: 146944K Free: 85743K (58%)


==== $PTIIhome/travis/build/icyphy/ptII/ptolemy/domains/de/test/../../../../: Auto Automatic test in file $PTII/ptolemy/domains/de/test/auto/knownFailedTests/HierarchicalModel.xml
==== Contents of test case:

	    # FIXME: we should use $relativeFilename here, but it
	    # might have backslashes under Windows, which causes no end
	    # of trouble.
	    createAndExecute $file
	    list {}
	
.... Test generated KNOWN error:
    while executing
ptolemy.kernel.util.IllegalActionException: Found a zero delay loop containing .HierarchicalModel.A
  in .HierarchicalModel and .HierarchicalModel.A
	at ptolemy.actor.util.CausalityInterfaceForComposites._computeOutputPortDepth(CausalityInterfaceForComposites.java:759)
	at ptolemy.actor.util.CausalityInterfaceForComposites._computeInputDepth(CausalityInterfaceForComposites.java:696)
	at ptolemy.actor.util.CausalityInterfaceForComposites._computeOutputPortDepth(CausalityInterfaceForComposites.java:765)
	at ptolemy.actor.util.CausalityInterfaceForComposites._computeInputDepth(CausalityInterfaceForComposites.java:696)
	at ptolemy.actor.util.CausalityInterfaceForComposites._computeOutputPortDepth(CausalityInterfaceForComposites.java:765)
	at ptolemy.actor.util.CausalityInterfaceForComposites._computeInputDepth(CausalityInterfaceForComposites.java:696)
	at ptolemy.actor.util.CausalityInterfaceForComposites._computeActorDepth(CausalityInterfaceForComposites.java:532)
	at ptolemy.actor.util.CausalityInterfaceForComposites.checkForCycles(CausalityInterfaceForComposites.java:96)
	at ptolemy.domains.de.kernel.DEDirector.preinitialize(DEDirector.java:1337)
	at ptolemy.actor.CompositeActor.preinitialize(CompositeActor.java:1828)
	at ptolemy.actor.Manager.preinitializeAndResolveTypes(Manager.java:1040)
	at ptolemy.actor.Manager.initialize(Manager.java:710)
	at ptolemy.actor.Manager.execute(Manager.java:356)
	at ptolemy.actor.Manager.run(Manager.java:1263)
	at ptolemy.actor.Manager$PtolemyRunThread.run(Manager.java:1915)

    while executing
ptolemy.kernel.util.IllegalActionException: Found a zero delay loop containing .HierarchicalModel.A
  in .HierarchicalModel and .HierarchicalModel.A
    while executing
"java::new ptolemy.moml.MoMLSimpleApplication $file
"
    (procedure "createAndExecute" line 2)
    invoked from within
"createAndExecute $file"
    ("uplevel" body line 5)
    invoked from within
"uplevel $contents_of_test"
------------------ testing $PTII/ptolemy/domains/de/test/auto/knownFailedTests/DirectFeedback.xml (Known Failure) 
12 ms. Memory: 146944K Free: 142583K (97%)


==== $PTIIhome/travis/build/icyphy/ptII/ptolemy/domains/de/test/../../../../: Auto Automatic test in file $PTII/ptolemy/domains/de/test/auto/knownFailedTests/DirectFeedback.xml
==== Contents of test case:

	    # FIXME: we should use $relativeFilename here, but it
	    # might have backslashes under Windows, which causes no end
	    # of trouble.
	    createAndExecute $file
	    list {}
	
.... Test generated KNOWN error:
    while executing
ptolemy.kernel.util.IllegalActionException: Test fails in iteration 1.
Value was: 1.0. Should have been: 2.0
  in .DirectFeedback.Test
	at ptolemy.actor.lib.Test.fire(Test.java:268)
	at ptolemy.domains.de.kernel.DEDirector._fire(DEDirector.java:1948)
	at ptolemy.domains.de.kernel.DEDirector.fire(DEDirector.java:502)
	at ptolemy.actor.CompositeActor.fire(CompositeActor.java:455)
	at ptolemy.actor.Manager.iterate(Manager.java:851)
	at ptolemy.actor.Manager.execute(Manager.java:369)
	at ptolemy.actor.Manager.run(Manager.java:1263)
	at ptolemy.actor.Manager$PtolemyRunThread.run(Manager.java:1915)

    while executing
ptolemy.kernel.util.IllegalActionException: Test fails in iteration 1.
Value was: 1.0. Should have been: 2.0
  in .DirectFeedback.Test
    while executing
"java::new ptolemy.moml.MoMLSimpleApplication $file
"
    (procedure "createAndExecute" line 2)
    invoked from within
"createAndExecute $file"
    ("uplevel" body line 5)
    invoked from within
"uplevel $contents_of_test"
------------------ testing $PTII/ptolemy/domains/de/test/auto/ActorDepthCalculation_actorWithoutPorts.xml
auto.tcl: Setting watchdog for 200 seconds at Thu May 31 20:31:56 UTC 2018
4 ms. Memory: 146944K Free: 133604K (91%)
ptolemy.util.test.WatchDog.cancel(): canceling Thu May 31 20:31:56 UTC 2018
auto.tcl: Setting watchdog for 200 seconds at Thu May 31 20:31:56 UTC 2018
8 ms. Memory: 146944K Free: 132563K (90%)
ptolemy.util.test.WatchDog.cancel(): canceling Thu May 31 20:31:56 UTC 2018
------------------ testing $PTII/ptolemy/domains/de/test/auto/AssemblyLine.xml
auto.tcl: Setting watchdog for 200 seconds at Thu May 31 20:31:57 UTC 2018
20 ms. Memory: 208384K Free: 182831K (88%)
ptolemy.util.test.WatchDog.cancel(): canceling Thu May 31 20:31:57 UTC 2018
auto.tcl: Setting watchdog for 200 seconds at Thu May 31 20:31:57 UTC 2018
6 ms. Memory: 208384K Free: 182831K (88%)
ptolemy.util.test.WatchDog.cancel(): canceling Thu May 31 20:31:57 UTC 2018
------------------ testing $PTII/ptolemy/domains/de/test/auto/CQBug1.xml
auto.tcl: Setting watchdog for 200 seconds at Thu May 31 20:31:57 UTC 2018
4 ms. Memory: 208384K Free: 197709K (95%)
ptolemy.util.test.WatchDog.cancel(): canceling Thu May 31 20:31:57 UTC 2018
auto.tcl: Setting watchdog for 200 seconds at Thu May 31 20:31:57 UTC 2018
2 ms. Memory: 208384K Free: 197709K (95%)
ptolemy.util.test.WatchDog.cancel(): canceling Thu May 31 20:31:57 UTC 2018
------------------ testing $PTII/ptolemy/domains/de/test/auto/CancelFireAt.xml
auto.tcl: Setting watchdog for 200 seconds at Thu May 31 20:31:57 UTC 2018
4 ms. Memory: 208384K Free: 201095K (97%)
ptolemy.util.test.WatchDog.cancel(): canceling Thu May 31 20:31:57 UTC 2018
auto.tcl: Setting watchdog for 200 seconds at Thu May 31 20:31:57 UTC 2018
13 ms. Memory: 208384K Free: 198992K (95%)
ptolemy.util.test.WatchDog.cancel(): canceling Thu May 31 20:31:57 UTC 2018
------------------ testing $PTII/ptolemy/domains/de/test/auto/CausalityAndComposabilityAnalysis.xml
auto.tcl: Setting watchdog for 200 seconds at Thu May 31 20:31:57 UTC 2018
17 ms. Memory: 208384K Free: 196486K (94%)
ptolemy.util.test.WatchDog.cancel(): canceling Thu May 31 20:31:57 UTC 2018
auto.tcl: Setting watchdog for 200 seconds at Thu May 31 20:31:57 UTC 2018
9 ms. Memory: 208384K Free: 196486K (94%)
ptolemy.util.test.WatchDog.cancel(): canceling Thu May 31 20:31:57 UTC 2018
------------------ testing $PTII/ptolemy/domains/de/test/auto/CausalityInterface1.xml
auto.tcl: Setting watchdog for 200 seconds at Thu May 31 20:31:57 UTC 2018
11 ms. Memory: 208384K Free: 196423K (94%)
ptolemy.util.test.WatchDog.cancel(): canceling Thu May 31 20:31:57 UTC 2018
auto.tcl: Setting watchdog for 200 seconds at Thu May 31 20:31:57 UTC 2018
8 ms. Memory: 208384K Free: 196423K (94%)
ptolemy.util.test.WatchDog.cancel(): canceling Thu May 31 20:31:57 UTC 2018
------------------ testing $PTII/ptolemy/domains/de/test/auto/CausalityInterface15.xml
auto.tcl: Setting watchdog for 200 seconds at Thu May 31 20:31:57 UTC 2018
5 ms. Memory: 208384K Free: 196415K (94%)
ptolemy.util.test.WatchDog.cancel(): canceling Thu May 31 20:31:57 UTC 2018
auto.tcl: Setting watchdog for 200 seconds at Thu May 31 20:31:57 UTC 2018
7 ms. Memory: 208384K Free: 196415K (94%)
ptolemy.util.test.WatchDog.cancel(): canceling Thu May 31 20:31:58 UTC 2018
------------------ testing $PTII/ptolemy/domains/de/test/auto/CausalityInterface2.xml
auto.tcl: Setting watchdog for 200 seconds at Thu May 31 20:31:58 UTC 2018
12 ms. Memory: 208384K Free: 196399K (94%)
ptolemy.util.test.WatchDog.cancel(): canceling Thu May 31 20:31:58 UTC 2018
auto.tcl: Setting watchdog for 200 seconds at Thu May 31 20:31:58 UTC 2018
3 ms. Memory: 208384K Free: 196399K (94%)
ptolemy.util.test.WatchDog.cancel(): canceling Thu May 31 20:31:58 UTC 2018
------------------ testing $PTII/ptolemy/domains/de/test/auto/CausalityInterface3.xml
auto.tcl: Setting watchdog for 200 seconds at Thu May 31 20:31:58 UTC 2018
6 ms. Memory: 208384K Free: 196411K (94%)
ptolemy.util.test.WatchDog.cancel(): canceling Thu May 31 20:31:58 UTC 2018
auto.tcl: Setting watchdog for 200 seconds at Thu May 31 20:31:58 UTC 2018
8 ms. Memory: 208384K Free: 196411K (94%)
ptolemy.util.test.WatchDog.cancel(): canceling Thu May 31 20:31:58 UTC 2018
------------------ testing $PTII/ptolemy/domains/de/test/auto/ClockDrift.xml
auto.tcl: Setting watchdog for 200 seconds at Thu May 31 20:31:58 UTC 2018
68 ms. Memory: 208384K Free: 187636K (90%)
ptolemy.util.test.WatchDog.cancel(): canceling Thu May 31 20:31:58 UTC 2018
auto.tcl: Setting watchdog for 200 seconds at Thu May 31 20:31:58 UTC 2018
82 ms. Memory: 208384K Free: 185533K (89%)
ptolemy.util.test.WatchDog.cancel(): canceling Thu May 31 20:31:58 UTC 2018
------------------ testing $PTII/ptolemy/domains/de/test/auto/ClockDriftAndValueChange.xml
auto.tcl: Setting watchdog for 200 seconds at Thu May 31 20:31:58 UTC 2018
58 ms. Memory: 208384K Free: 187471K (90%)
ptolemy.util.test.WatchDog.cancel(): canceling Thu May 31 20:31:58 UTC 2018
auto.tcl: Setting watchdog for 200 seconds at Thu May 31 20:31:58 UTC 2018
25 ms. Memory: 208384K Free: 185369K (89%)
ptolemy.util.test.WatchDog.cancel(): canceling Thu May 31 20:31:58 UTC 2018
------------------ testing $PTII/ptolemy/domains/de/test/auto/ClockDriftChange.xml
auto.tcl: Setting watchdog for 200 seconds at Thu May 31 20:31:58 UTC 2018
25 ms. Memory: 208384K Free: 190800K (92%)
ptolemy.util.test.WatchDog.cancel(): canceling Thu May 31 20:31:58 UTC 2018
auto.tcl: Setting watchdog for 200 seconds at Thu May 31 20:31:58 UTC 2018
28 ms. Memory: 208384K Free: 188697K (91%)
ptolemy.util.test.WatchDog.cancel(): canceling Thu May 31 20:31:58 UTC 2018
------------------ testing $PTII/ptolemy/domains/de/test/auto/ComposableCausalityAnalysis.xml
auto.tcl: Setting watchdog for 200 seconds at Thu May 31 20:31:58 UTC 2018
2 ms. Memory: 208384K Free: 196272K (94%)
ptolemy.util.test.WatchDog.cancel(): canceling Thu May 31 20:31:58 UTC 2018
auto.tcl: Setting watchdog for 200 seconds at Thu May 31 20:31:58 UTC 2018
2 ms. Memory: 208384K Free: 194170K (93%)
ptolemy.util.test.WatchDog.cancel(): canceling Thu May 31 20:31:58 UTC 2018
------------------ testing $PTII/ptolemy/domains/de/test/auto/DEFixedPointLimitation.xml
auto.tcl: Setting watchdog for 200 seconds at Thu May 31 20:31:58 UTC 2018
2 ms. Memory: 208384K Free: 196353K (94%)
ptolemy.util.test.WatchDog.cancel(): canceling Thu May 31 20:31:58 UTC 2018
auto.tcl: Setting watchdog for 200 seconds at Thu May 31 20:31:58 UTC 2018
2 ms. Memory: 208384K Free: 196353K (94%)
ptolemy.util.test.WatchDog.cancel(): canceling Thu May 31 20:31:58 UTC 2018
------------------ testing $PTII/ptolemy/domains/de/test/auto/DEScheduleTest.xml
auto.tcl: Setting watchdog for 200 seconds at Thu May 31 20:31:58 UTC 2018
9 ms. Memory: 208384K Free: 198491K (95%)
ptolemy.util.test.WatchDog.cancel(): canceling Thu May 31 20:31:59 UTC 2018
auto.tcl: Setting watchdog for 200 seconds at Thu May 31 20:31:59 UTC 2018
4 ms. Memory: 208384K Free: 196388K (94%)
ptolemy.util.test.WatchDog.cancel(): canceling Thu May 31 20:31:59 UTC 2018
------------------ testing $PTII/ptolemy/domains/de/test/auto/DEinDEwithStartTimes.xml
auto.tcl: Setting watchdog for 200 seconds at Thu May 31 20:31:59 UTC 2018
4 ms. Memory: 208384K Free: 196358K (94%)
ptolemy.util.test.WatchDog.cancel(): canceling Thu May 31 20:31:59 UTC 2018
auto.tcl: Setting watchdog for 200 seconds at Thu May 31 20:31:59 UTC 2018
4 ms. Memory: 208384K Free: 194256K (93%)
ptolemy.util.test.WatchDog.cancel(): canceling Thu May 31 20:31:59 UTC 2018
------------------ testing $PTII/ptolemy/domains/de/test/auto/DEinDEwithStartTimes2.xml
auto.tcl: Setting watchdog for 200 seconds at Thu May 31 20:31:59 UTC 2018
4 ms. Memory: 208384K Free: 196675K (94%)
ptolemy.util.test.WatchDog.cancel(): canceling Thu May 31 20:31:59 UTC 2018
auto.tcl: Setting watchdog for 200 seconds at Thu May 31 20:31:59 UTC 2018
7 ms. Memory: 208384K Free: 194235K (93%)
ptolemy.util.test.WatchDog.cancel(): canceling Thu May 31 20:31:59 UTC 2018
------------------ testing $PTII/ptolemy/domains/de/test/auto/DateDemo.xml
auto.tcl: Setting watchdog for 200 seconds at Thu May 31 20:31:59 UTC 2018
13 ms. Memory: 208384K Free: 188768K (91%)
ptolemy.util.test.WatchDog.cancel(): canceling Thu May 31 20:31:59 UTC 2018
auto.tcl: Setting watchdog for 200 seconds at Thu May 31 20:31:59 UTC 2018
6 ms. Memory: 208384K Free: 186665K (90%)
ptolemy.util.test.WatchDog.cancel(): canceling Thu May 31 20:31:59 UTC 2018
------------------ testing $PTII/ptolemy/domains/de/test/auto/DateToEvent.xml
auto.tcl: Setting watchdog for 200 seconds at Thu May 31 20:31:59 UTC 2018
2013 ms. Memory: 208384K Free: 183475K (88%)
ptolemy.util.test.WatchDog.cancel(): canceling Thu May 31 20:32:01 UTC 2018
auto.tcl: Setting watchdog for 200 seconds at Thu May 31 20:32:01 UTC 2018
2005 ms. Memory: 208384K Free: 181017K (87%)
ptolemy.util.test.WatchDog.cancel(): canceling Thu May 31 20:32:03 UTC 2018
------------------ testing $PTII/ptolemy/domains/de/test/auto/DepthTest1.xml
auto.tcl: Setting watchdog for 200 seconds at Thu May 31 20:32:03 UTC 2018
3 ms. Memory: 208384K Free: 198020K (95%)
ptolemy.util.test.WatchDog.cancel(): canceling Thu May 31 20:32:03 UTC 2018
auto.tcl: Setting watchdog for 200 seconds at Thu May 31 20:32:03 UTC 2018
4 ms. Memory: 208384K Free: 198020K (95%)
ptolemy.util.test.WatchDog.cancel(): canceling Thu May 31 20:32:03 UTC 2018
------------------ testing $PTII/ptolemy/domains/de/test/auto/DepthTest2.xml
auto.tcl: Setting watchdog for 200 seconds at Thu May 31 20:32:03 UTC 2018
11 ms. Memory: 208384K Free: 194216K (93%)
ptolemy.util.test.WatchDog.cancel(): canceling Thu May 31 20:32:03 UTC 2018
auto.tcl: Setting watchdog for 200 seconds at Thu May 31 20:32:03 UTC 2018
2 ms. Memory: 208384K Free: 194216K (93%)
ptolemy.util.test.WatchDog.cancel(): canceling Thu May 31 20:32:03 UTC 2018
------------------ testing $PTII/ptolemy/domains/de/test/auto/DepthTest3.xml
auto.tcl: Setting watchdog for 200 seconds at Thu May 31 20:32:03 UTC 2018
4 ms. Memory: 208384K Free: 198691K (95%)
ptolemy.util.test.WatchDog.cancel(): canceling Thu May 31 20:32:03 UTC 2018
auto.tcl: Setting watchdog for 200 seconds at Thu May 31 20:32:03 UTC 2018
2 ms. Memory: 208384K Free: 198691K (95%)
ptolemy.util.test.WatchDog.cancel(): canceling Thu May 31 20:32:03 UTC 2018
------------------ testing $PTII/ptolemy/domains/de/test/auto/DepthTest4.xml
auto.tcl: Setting watchdog for 200 seconds at Thu May 31 20:32:03 UTC 2018
3 ms. Memory: 208384K Free: 196339K (94%)
ptolemy.util.test.WatchDog.cancel(): canceling Thu May 31 20:32:03 UTC 2018
auto.tcl: Setting watchdog for 200 seconds at Thu May 31 20:32:03 UTC 2018
3 ms. Memory: 208384K Free: 196339K (94%)
ptolemy.util.test.WatchDog.cancel(): canceling Thu May 31 20:32:03 UTC 2018
------------------ testing $PTII/ptolemy/domains/de/test/auto/DepthTest5.xml
auto.tcl: Setting watchdog for 200 seconds at Thu May 31 20:32:03 UTC 2018
7 ms. Memory: 208384K Free: 196624K (94%)
ptolemy.util.test.WatchDog.cancel(): canceling Thu May 31 20:32:03 UTC 2018
auto.tcl: Setting watchdog for 200 seconds at Thu May 31 20:32:03 UTC 2018
3 ms. Memory: 208384K Free: 196624K (94%)
ptolemy.util.test.WatchDog.cancel(): canceling Thu May 31 20:32:03 UTC 2018
------------------ testing $PTII/ptolemy/domains/de/test/auto/DepthTest6.xml
auto.tcl: Setting watchdog for 200 seconds at Thu May 31 20:32:03 UTC 2018
8 ms. Memory: 208384K Free: 196263K (94%)
ptolemy.util.test.WatchDog.cancel(): canceling Thu May 31 20:32:03 UTC 2018
auto.tcl: Setting watchdog for 200 seconds at Thu May 31 20:32:03 UTC 2018
3 ms. Memory: 208384K Free: 196263K (94%)
ptolemy.util.test.WatchDog.cancel(): canceling Thu May 31 20:32:03 UTC 2018
------------------ testing $PTII/ptolemy/domains/de/test/auto/DepthTest7.xml
auto.tcl: Setting watchdog for 200 seconds at Thu May 31 20:32:03 UTC 2018
3 ms. Memory: 208384K Free: 196243K (94%)
ptolemy.util.test.WatchDog.cancel(): canceling Thu May 31 20:32:03 UTC 2018
auto.tcl: Setting watchdog for 200 seconds at Thu May 31 20:32:03 UTC 2018
2 ms. Memory: 208384K Free: 196243K (94%)
ptolemy.util.test.WatchDog.cancel(): canceling Thu May 31 20:32:04 UTC 2018
------------------ testing $PTII/ptolemy/domains/de/test/auto/EventToDate.xml
auto.tcl: Setting watchdog for 200 seconds at Thu May 31 20:32:04 UTC 2018
3010 ms. Memory: 208384K Free: 185752K (89%)
ptolemy.util.test.WatchDog.cancel(): canceling Thu May 31 20:32:07 UTC 2018
auto.tcl: Setting watchdog for 200 seconds at Thu May 31 20:32:07 UTC 2018
3005 ms. Memory: 208384K Free: 185752K (89%)
ptolemy.util.test.WatchDog.cancel(): canceling Thu May 31 20:32:10 UTC 2018
------------------ testing $PTII/ptolemy/domains/de/test/auto/FSM1.xml
auto.tcl: Setting watchdog for 200 seconds at Thu May 31 20:32:10 UTC 2018
23 ms. Memory: 208384K Free: 189290K (91%)
ptolemy.util.test.WatchDog.cancel(): canceling Thu May 31 20:32:10 UTC 2018
auto.tcl: Setting watchdog for 200 seconds at Thu May 31 20:32:10 UTC 2018
16 ms. Memory: 208384K Free: 185082K (89%)
ptolemy.util.test.WatchDog.cancel(): canceling Thu May 31 20:32:10 UTC 2018
------------------ testing $PTII/ptolemy/domains/de/test/auto/FSM7.xml
auto.tcl: Setting watchdog for 200 seconds at Thu May 31 20:32:10 UTC 2018
25 ms. Memory: 208384K Free: 187391K (90%)
ptolemy.util.test.WatchDog.cancel(): canceling Thu May 31 20:32:10 UTC 2018
auto.tcl: Setting watchdog for 200 seconds at Thu May 31 20:32:10 UTC 2018
21 ms. Memory: 208384K Free: 185289K (89%)
ptolemy.util.test.WatchDog.cancel(): canceling Thu May 31 20:32:10 UTC 2018
------------------ testing $PTII/ptolemy/domains/de/test/auto/Inspection.xml
auto.tcl: Setting watchdog for 200 seconds at Thu May 31 20:32:10 UTC 2018
47 ms. Memory: 208384K Free: 188943K (91%)
ptolemy.util.test.WatchDog.cancel(): canceling Thu May 31 20:32:10 UTC 2018
auto.tcl: Setting watchdog for 200 seconds at Thu May 31 20:32:10 UTC 2018
38 ms. Memory: 208384K Free: 186503K (89%)
ptolemy.util.test.WatchDog.cancel(): canceling Thu May 31 20:32:10 UTC 2018
------------------ testing $PTII/ptolemy/domains/de/test/auto/Iteration.xml
auto.tcl: Setting watchdog for 200 seconds at Thu May 31 20:32:10 UTC 2018
9 ms. Memory: 208384K Free: 193948K (93%)
ptolemy.util.test.WatchDog.cancel(): canceling Thu May 31 20:32:10 UTC 2018
auto.tcl: Setting watchdog for 200 seconds at Thu May 31 20:32:10 UTC 2018
9 ms. Memory: 208384K Free: 193948K (93%)
ptolemy.util.test.WatchDog.cancel(): canceling Thu May 31 20:32:10 UTC 2018
------------------ testing $PTII/ptolemy/domains/de/test/auto/LineFault.xml
auto.tcl: Setting watchdog for 200 seconds at Thu May 31 20:32:10 UTC 2018
858 ms. Memory: 208384K Free: 196223K (94%)
ptolemy.util.test.WatchDog.cancel(): canceling Thu May 31 20:32:11 UTC 2018
auto.tcl: Setting watchdog for 200 seconds at Thu May 31 20:32:11 UTC 2018
664 ms. Memory: 208384K Free: 138829K (67%)
ptolemy.util.test.WatchDog.cancel(): canceling Thu May 31 20:32:12 UTC 2018
------------------ testing $PTII/ptolemy/domains/de/test/auto/MergeModel1Add.xml
auto.tcl: Setting watchdog for 200 seconds at Thu May 31 20:32:12 UTC 2018
28 ms. Memory: 331264K Free: 302746K (91%)
ptolemy.util.test.WatchDog.cancel(): canceling Thu May 31 20:32:12 UTC 2018
auto.tcl: Setting watchdog for 200 seconds at Thu May 31 20:32:12 UTC 2018
16 ms. Memory: 331264K Free: 298784K (90%)
ptolemy.util.test.WatchDog.cancel(): canceling Thu May 31 20:32:12 UTC 2018
------------------ testing $PTII/ptolemy/domains/de/test/auto/MergeModel2Add.xml
auto.tcl: Setting watchdog for 200 seconds at Thu May 31 20:32:12 UTC 2018
10 ms. Memory: 331264K Free: 304085K (92%)
ptolemy.util.test.WatchDog.cancel(): canceling Thu May 31 20:32:12 UTC 2018
auto.tcl: Setting watchdog for 200 seconds at Thu May 31 20:32:12 UTC 2018
9 ms. Memory: 331264K Free: 300123K (91%)
ptolemy.util.test.WatchDog.cancel(): canceling Thu May 31 20:32:12 UTC 2018
------------------ testing $PTII/ptolemy/domains/de/test/auto/MergeModel3Add.xml
auto.tcl: Setting watchdog for 200 seconds at Thu May 31 20:32:12 UTC 2018
11 ms. Memory: 331264K Free: 304095K (92%)
ptolemy.util.test.WatchDog.cancel(): canceling Thu May 31 20:32:13 UTC 2018
auto.tcl: Setting watchdog for 200 seconds at Thu May 31 20:32:13 UTC 2018
9 ms. Memory: 331264K Free: 300133K (91%)
ptolemy.util.test.WatchDog.cancel(): canceling Thu May 31 20:32:13 UTC 2018
------------------ testing $PTII/ptolemy/domains/de/test/auto/MergeWithoutDiscard.xml
auto.tcl: Setting watchdog for 200 seconds at Thu May 31 20:32:13 UTC 2018
6 ms. Memory: 331264K Free: 320225K (97%)
ptolemy.util.test.WatchDog.cancel(): canceling Thu May 31 20:32:13 UTC 2018
auto.tcl: Setting watchdog for 200 seconds at Thu May 31 20:32:13 UTC 2018
2 ms. Memory: 331264K Free: 316263K (95%)
ptolemy.util.test.WatchDog.cancel(): canceling Thu May 31 20:32:13 UTC 2018
------------------ testing $PTII/ptolemy/domains/de/test/auto/Modal1.xml
auto.tcl: Setting watchdog for 200 seconds at Thu May 31 20:32:13 UTC 2018
18 ms. Memory: 331264K Free: 309857K (94%)
ptolemy.util.test.WatchDog.cancel(): canceling Thu May 31 20:32:13 UTC 2018
auto.tcl: Setting watchdog for 200 seconds at Thu May 31 20:32:13 UTC 2018
20 ms. Memory: 331264K Free: 305895K (92%)
ptolemy.util.test.WatchDog.cancel(): canceling Thu May 31 20:32:13 UTC 2018
------------------ testing $PTII/ptolemy/domains/de/test/auto/Modal2.xml
auto.tcl: Setting watchdog for 200 seconds at Thu May 31 20:32:13 UTC 2018
17 ms. Memory: 331264K Free: 309730K (93%)
ptolemy.util.test.WatchDog.cancel(): canceling Thu May 31 20:32:13 UTC 2018
auto.tcl: Setting watchdog for 200 seconds at Thu May 31 20:32:13 UTC 2018
19 ms. Memory: 331264K Free: 305768K (92%)
ptolemy.util.test.WatchDog.cancel(): canceling Thu May 31 20:32:13 UTC 2018
------------------ testing $PTII/ptolemy/domains/de/test/auto/Modal3.xml
auto.tcl: Setting watchdog for 200 seconds at Thu May 31 20:32:13 UTC 2018
17 ms. Memory: 331264K Free: 310013K (94%)
ptolemy.util.test.WatchDog.cancel(): canceling Thu May 31 20:32:13 UTC 2018
auto.tcl: Setting watchdog for 200 seconds at Thu May 31 20:32:13 UTC 2018
14 ms. Memory: 331264K Free: 305766K (92%)
ptolemy.util.test.WatchDog.cancel(): canceling Thu May 31 20:32:13 UTC 2018
------------------ testing $PTII/ptolemy/domains/de/test/auto/Modal4.xml
auto.tcl: Setting watchdog for 200 seconds at Thu May 31 20:32:13 UTC 2018
14 ms. Memory: 331264K Free: 304617K (92%)
ptolemy.util.test.WatchDog.cancel(): canceling Thu May 31 20:32:13 UTC 2018
auto.tcl: Setting watchdog for 200 seconds at Thu May 31 20:32:13 UTC 2018
19 ms. Memory: 331264K Free: 300655K (91%)
ptolemy.util.test.WatchDog.cancel(): canceling Thu May 31 20:32:13 UTC 2018
------------------ testing $PTII/ptolemy/domains/de/test/auto/Modal5.xml
auto.tcl: Setting watchdog for 200 seconds at Thu May 31 20:32:13 UTC 2018
17 ms. Memory: 331264K Free: 309519K (93%)
ptolemy.util.test.WatchDog.cancel(): canceling Thu May 31 20:32:13 UTC 2018
auto.tcl: Setting watchdog for 200 seconds at Thu May 31 20:32:13 UTC 2018
15 ms. Memory: 331264K Free: 305557K (92%)
ptolemy.util.test.WatchDog.cancel(): canceling Thu May 31 20:32:13 UTC 2018
------------------ testing $PTII/ptolemy/domains/de/test/auto/Modal6.xml
auto.tcl: Setting watchdog for 200 seconds at Thu May 31 20:32:13 UTC 2018
13 ms. Memory: 331264K Free: 309516K (93%)
ptolemy.util.test.WatchDog.cancel(): canceling Thu May 31 20:32:13 UTC 2018
auto.tcl: Setting watchdog for 200 seconds at Thu May 31 20:32:13 UTC 2018
15 ms. Memory: 331264K Free: 305555K (92%)
ptolemy.util.test.WatchDog.cancel(): canceling Thu May 31 20:32:13 UTC 2018
------------------ testing $PTII/ptolemy/domains/de/test/auto/Modal7.xml
auto.tcl: Setting watchdog for 200 seconds at Thu May 31 20:32:13 UTC 2018
26 ms. Memory: 331264K Free: 309516K (93%)
ptolemy.util.test.WatchDog.cancel(): canceling Thu May 31 20:32:13 UTC 2018
auto.tcl: Setting watchdog for 200 seconds at Thu May 31 20:32:13 UTC 2018
19 ms. Memory: 331264K Free: 305555K (92%)
ptolemy.util.test.WatchDog.cancel(): canceling Thu May 31 20:32:13 UTC 2018
------------------ testing $PTII/ptolemy/domains/de/test/auto/ModalModel.xml
auto.tcl: Setting watchdog for 200 seconds at Thu May 31 20:32:14 UTC 2018
243 ms. Memory: 331264K Free: 245949K (74%)
ptolemy.util.test.WatchDog.cancel(): canceling Thu May 31 20:32:14 UTC 2018
auto.tcl: Setting watchdog for 200 seconds at Thu May 31 20:32:14 UTC 2018
212 ms. Memory: 331264K Free: 190388K (57%)
ptolemy.util.test.WatchDog.cancel(): canceling Thu May 31 20:32:14 UTC 2018
------------------ testing $PTII/ptolemy/domains/de/test/auto/ModalSource.xml
auto.tcl: Setting watchdog for 200 seconds at Thu May 31 20:32:14 UTC 2018
6 ms. Memory: 331264K Free: 316493K (96%)
ptolemy.util.test.WatchDog.cancel(): canceling Thu May 31 20:32:14 UTC 2018
auto.tcl: Setting watchdog for 200 seconds at Thu May 31 20:32:14 UTC 2018
7 ms. Memory: 331264K Free: 312967K (94%)
ptolemy.util.test.WatchDog.cancel(): canceling Thu May 31 20:32:14 UTC 2018
------------------ testing $PTII/ptolemy/domains/de/test/auto/NonInterruptibleTimerZeroDelay.xml
auto.tcl: Setting watchdog for 200 seconds at Thu May 31 20:32:14 UTC 2018
4 ms. Memory: 331264K Free: 320688K (97%)
ptolemy.util.test.WatchDog.cancel(): canceling Thu May 31 20:32:14 UTC 2018
auto.tcl: Setting watchdog for 200 seconds at Thu May 31 20:32:14 UTC 2018
2 ms. Memory: 331264K Free: 317146K (96%)
ptolemy.util.test.WatchDog.cancel(): canceling Thu May 31 20:32:14 UTC 2018
------------------ testing $PTII/ptolemy/domains/de/test/auto/OpenQueueingNetwork.xml
auto.tcl: Setting watchdog for 200 seconds at Thu May 31 20:32:14 UTC 2018
3217 ms. Memory: 317952K Free: 160714K (51%)
ptolemy.util.test.WatchDog.cancel(): canceling Thu May 31 20:32:18 UTC 2018
auto.tcl: Setting watchdog for 200 seconds at Thu May 31 20:32:18 UTC 2018
2546 ms. Memory: 287232K Free: 239371K (83%)
ptolemy.util.test.WatchDog.cancel(): canceling Thu May 31 20:32:20 UTC 2018
------------------ testing $PTII/ptolemy/domains/de/test/auto/OpenQueuingNetwork.xml
auto.tcl: Setting watchdog for 200 seconds at Thu May 31 20:32:20 UTC 2018
263 ms. Memory: 287232K Free: 190505K (66%)
ptolemy.util.test.WatchDog.cancel(): canceling Thu May 31 20:32:21 UTC 2018
auto.tcl: Setting watchdog for 200 seconds at Thu May 31 20:32:21 UTC 2018
252 ms. Memory: 287232K Free: 129983K (45%)
ptolemy.util.test.WatchDog.cancel(): canceling Thu May 31 20:32:21 UTC 2018
------------------ testing $PTII/ptolemy/domains/de/test/auto/PeriodicSampler.xml
auto.tcl: Setting watchdog for 200 seconds at Thu May 31 20:32:21 UTC 2018
3 ms. Memory: 289792K Free: 274673K (95%)
ptolemy.util.test.WatchDog.cancel(): canceling Thu May 31 20:32:21 UTC 2018
auto.tcl: Setting watchdog for 200 seconds at Thu May 31 20:32:21 UTC 2018
2 ms. Memory: 289792K Free: 274673K (95%)
ptolemy.util.test.WatchDog.cancel(): canceling Thu May 31 20:32:21 UTC 2018
------------------ testing $PTII/ptolemy/domains/de/test/auto/PersistentIO.xml
auto.tcl: Setting watchdog for 200 seconds at Thu May 31 20:32:21 UTC 2018
6 ms. Memory: 287232K Free: 266929K (93%)
ptolemy.util.test.WatchDog.cancel(): canceling Thu May 31 20:32:21 UTC 2018
auto.tcl: Setting watchdog for 200 seconds at Thu May 31 20:32:21 UTC 2018
4 ms. Memory: 287232K Free: 266929K (93%)
ptolemy.util.test.WatchDog.cancel(): canceling Thu May 31 20:32:21 UTC 2018
------------------ testing $PTII/ptolemy/domains/de/test/auto/PortParameterResetOnInitialize.xml
auto.tcl: Setting watchdog for 200 seconds at Thu May 31 20:32:21 UTC 2018
3 ms. Memory: 289280K Free: 274521K (95%)
ptolemy.util.test.WatchDog.cancel(): canceling Thu May 31 20:32:21 UTC 2018
auto.tcl: Setting watchdog for 200 seconds at Thu May 31 20:32:21 UTC 2018
2 ms. Memory: 289280K Free: 274521K (95%)
ptolemy.util.test.WatchDog.cancel(): canceling Thu May 31 20:32:21 UTC 2018
------------------ testing $PTII/ptolemy/domains/de/test/auto/PortParameterUpdates.xml
auto.tcl: Setting watchdog for 200 seconds at Thu May 31 20:32:21 UTC 2018
5 ms. Memory: 287232K Free: 272603K (95%)
ptolemy.util.test.WatchDog.cancel(): canceling Thu May 31 20:32:21 UTC 2018
auto.tcl: Setting watchdog for 200 seconds at Thu May 31 20:32:21 UTC 2018
8 ms. Memory: 287232K Free: 269711K (94%)
ptolemy.util.test.WatchDog.cancel(): canceling Thu May 31 20:32:21 UTC 2018
------------------ testing $PTII/ptolemy/domains/de/test/auto/QueueAndServer.xml
auto.tcl: Setting watchdog for 200 seconds at Thu May 31 20:32:21 UTC 2018
20 ms. Memory: 289280K Free: 273772K (95%)
ptolemy.util.test.WatchDog.cancel(): canceling Thu May 31 20:32:21 UTC 2018
auto.tcl: Setting watchdog for 200 seconds at Thu May 31 20:32:21 UTC 2018
10 ms. Memory: 289280K Free: 273772K (95%)
ptolemy.util.test.WatchDog.cancel(): canceling Thu May 31 20:32:21 UTC 2018
------------------ testing $PTII/ptolemy/domains/de/test/auto/Records.xml
auto.tcl: Setting watchdog for 200 seconds at Thu May 31 20:32:21 UTC 2018
5 ms. Memory: 287232K Free: 274566K (96%)
ptolemy.util.test.WatchDog.cancel(): canceling Thu May 31 20:32:21 UTC 2018
auto.tcl: Setting watchdog for 200 seconds at Thu May 31 20:32:21 UTC 2018
2 ms. Memory: 287232K Free: 274566K (96%)
ptolemy.util.test.WatchDog.cancel(): canceling Thu May 31 20:32:21 UTC 2018
------------------ testing $PTII/ptolemy/domains/de/test/auto/ResetTransitionWithStartTime1.xml
auto.tcl: Setting watchdog for 200 seconds at Thu May 31 20:32:21 UTC 2018
14 ms. Memory: 288768K Free: 273338K (95%)
ptolemy.util.test.WatchDog.cancel(): canceling Thu May 31 20:32:21 UTC 2018
auto.tcl: Setting watchdog for 200 seconds at Thu May 31 20:32:21 UTC 2018
11 ms. Memory: 288768K Free: 270345K (94%)
ptolemy.util.test.WatchDog.cancel(): canceling Thu May 31 20:32:21 UTC 2018
------------------ testing $PTII/ptolemy/domains/de/test/auto/ResetTransitionWithStartTime2.xml
auto.tcl: Setting watchdog for 200 seconds at Thu May 31 20:32:21 UTC 2018
8 ms. Memory: 287232K Free: 271793K (95%)
ptolemy.util.test.WatchDog.cancel(): canceling Thu May 31 20:32:21 UTC 2018
auto.tcl: Setting watchdog for 200 seconds at Thu May 31 20:32:21 UTC 2018
8 ms. Memory: 287232K Free: 268901K (94%)
ptolemy.util.test.WatchDog.cancel(): canceling Thu May 31 20:32:21 UTC 2018
------------------ testing $PTII/ptolemy/domains/de/test/auto/ResetTransitionWithStartTime3.xml
auto.tcl: Setting watchdog for 200 seconds at Thu May 31 20:32:21 UTC 2018
7 ms. Memory: 288768K Free: 273219K (95%)
ptolemy.util.test.WatchDog.cancel(): canceling Thu May 31 20:32:22 UTC 2018
auto.tcl: Setting watchdog for 200 seconds at Thu May 31 20:32:22 UTC 2018
7 ms. Memory: 288768K Free: 270327K (94%)
ptolemy.util.test.WatchDog.cancel(): canceling Thu May 31 20:32:22 UTC 2018
------------------ testing $PTII/ptolemy/domains/de/test/auto/ResetTransitionWithStartTime4.xml
auto.tcl: Setting watchdog for 200 seconds at Thu May 31 20:32:22 UTC 2018
4 ms. Memory: 287232K Free: 271689K (95%)
ptolemy.util.test.WatchDog.cancel(): canceling Thu May 31 20:32:22 UTC 2018
auto.tcl: Setting watchdog for 200 seconds at Thu May 31 20:32:22 UTC 2018
3 ms. Memory: 287232K Free: 271689K (95%)
ptolemy.util.test.WatchDog.cancel(): canceling Thu May 31 20:32:22 UTC 2018
------------------ testing $PTII/ptolemy/domains/de/test/auto/ResettableTimer1.xml
auto.tcl: Setting watchdog for 200 seconds at Thu May 31 20:32:22 UTC 2018
3 ms. Memory: 288768K Free: 276128K (96%)
ptolemy.util.test.WatchDog.cancel(): canceling Thu May 31 20:32:22 UTC 2018
auto.tcl: Setting watchdog for 200 seconds at Thu May 31 20:32:22 UTC 2018
2 ms. Memory: 288768K Free: 276128K (96%)
ptolemy.util.test.WatchDog.cancel(): canceling Thu May 31 20:32:22 UTC 2018
------------------ testing $PTII/ptolemy/domains/de/test/auto/ResettableTimer2.xml
auto.tcl: Setting watchdog for 200 seconds at Thu May 31 20:32:22 UTC 2018
2 ms. Memory: 287232K Free: 274736K (96%)
ptolemy.util.test.WatchDog.cancel(): canceling Thu May 31 20:32:22 UTC 2018
auto.tcl: Setting watchdog for 200 seconds at Thu May 31 20:32:22 UTC 2018
3 ms. Memory: 287232K Free: 274736K (96%)
ptolemy.util.test.WatchDog.cancel(): canceling Thu May 31 20:32:22 UTC 2018
------------------ testing $PTII/ptolemy/domains/de/test/auto/ResettableTimer3.xml
auto.tcl: Setting watchdog for 200 seconds at Thu May 31 20:32:22 UTC 2018
1 ms. Memory: 288256K Free: 275673K (96%)
ptolemy.util.test.WatchDog.cancel(): canceling Thu May 31 20:32:22 UTC 2018
auto.tcl: Setting watchdog for 200 seconds at Thu May 31 20:32:22 UTC 2018
1 ms. Memory: 288256K Free: 275673K (96%)
ptolemy.util.test.WatchDog.cancel(): canceling Thu May 31 20:32:22 UTC 2018
------------------ testing $PTII/ptolemy/domains/de/test/auto/ResettableTimer4.xml
auto.tcl: Setting watchdog for 200 seconds at Thu May 31 20:32:22 UTC 2018
2 ms. Memory: 287232K Free: 274756K (96%)
ptolemy.util.test.WatchDog.cancel(): canceling Thu May 31 20:32:22 UTC 2018
auto.tcl: Setting watchdog for 200 seconds at Thu May 31 20:32:22 UTC 2018
1 ms. Memory: 287232K Free: 274756K (96%)
ptolemy.util.test.WatchDog.cancel(): canceling Thu May 31 20:32:22 UTC 2018
------------------ testing $PTII/ptolemy/domains/de/test/auto/ResettableTimer5.xml
auto.tcl: Setting watchdog for 200 seconds at Thu May 31 20:32:22 UTC 2018
1 ms. Memory: 288256K Free: 273712K (95%)
ptolemy.util.test.WatchDog.cancel(): canceling Thu May 31 20:32:22 UTC 2018
auto.tcl: Setting watchdog for 200 seconds at Thu May 31 20:32:22 UTC 2018
2 ms. Memory: 288256K Free: 273712K (95%)
ptolemy.util.test.WatchDog.cancel(): canceling Thu May 31 20:32:22 UTC 2018
------------------ testing $PTII/ptolemy/domains/de/test/auto/ResettableTimer6.xml
auto.tcl: Setting watchdog for 200 seconds at Thu May 31 20:32:22 UTC 2018
2 ms. Memory: 287232K Free: 272544K (95%)
ptolemy.util.test.WatchDog.cancel(): canceling Thu May 31 20:32:22 UTC 2018
auto.tcl: Setting watchdog for 200 seconds at Thu May 31 20:32:22 UTC 2018
2 ms. Memory: 287232K Free: 272544K (95%)
ptolemy.util.test.WatchDog.cancel(): canceling Thu May 31 20:32:22 UTC 2018
------------------ testing $PTII/ptolemy/domains/de/test/auto/ServerZeroDelay.xml
auto.tcl: Setting watchdog for 200 seconds at Thu May 31 20:32:22 UTC 2018
7 ms. Memory: 288256K Free: 275609K (96%)
ptolemy.util.test.WatchDog.cancel(): canceling Thu May 31 20:32:22 UTC 2018
auto.tcl: Setting watchdog for 200 seconds at Thu May 31 20:32:22 UTC 2018
3 ms. Memory: 288256K Free: 275609K (96%)
ptolemy.util.test.WatchDog.cancel(): canceling Thu May 31 20:32:22 UTC 2018
------------------ testing $PTII/ptolemy/domains/de/test/auto/SmartSender.xml
auto.tcl: Setting watchdog for 200 seconds at Thu May 31 20:32:22 UTC 2018
3002 ms. Memory: 287232K Free: 274689K (96%)
ptolemy.util.test.WatchDog.cancel(): canceling Thu May 31 20:32:25 UTC 2018
auto.tcl: Setting watchdog for 200 seconds at Thu May 31 20:32:25 UTC 2018
3002 ms. Memory: 287232K Free: 274689K (96%)
ptolemy.util.test.WatchDog.cancel(): canceling Thu May 31 20:32:28 UTC 2018
------------------ testing $PTII/ptolemy/domains/de/test/auto/ThreadedComposite.xml
auto.tcl: Setting watchdog for 200 seconds at Thu May 31 20:32:28 UTC 2018
188 ms. Memory: 288256K Free: 252519K (88%)
ptolemy.util.test.WatchDog.cancel(): canceling Thu May 31 20:32:28 UTC 2018
auto.tcl: Setting watchdog for 200 seconds at Thu May 31 20:32:28 UTC 2018
225 ms. Memory: 288256K Free: 234387K (81%)
ptolemy.util.test.WatchDog.cancel(): canceling Thu May 31 20:32:29 UTC 2018
------------------ testing $PTII/ptolemy/domains/de/test/auto/Time.xml
auto.tcl: Setting watchdog for 200 seconds at Thu May 31 20:32:29 UTC 2018
548 ms. Memory: 287232K Free: 224903K (78%)
ptolemy.util.test.WatchDog.cancel(): canceling Thu May 31 20:32:29 UTC 2018
auto.tcl: Setting watchdog for 200 seconds at Thu May 31 20:32:29 UTC 2018
483 ms. Memory: 287232K Free: 172858K (60%)
ptolemy.util.test.WatchDog.cancel(): canceling Thu May 31 20:32:30 UTC 2018
------------------ testing $PTII/ptolemy/domains/de/test/auto/TimeDelayZeroDelay.xml
auto.tcl: Setting watchdog for 200 seconds at Thu May 31 20:32:30 UTC 2018
2 ms. Memory: 287744K Free: 275623K (96%)
ptolemy.util.test.WatchDog.cancel(): canceling Thu May 31 20:32:30 UTC 2018
auto.tcl: Setting watchdog for 200 seconds at Thu May 31 20:32:30 UTC 2018
2 ms. Memory: 287744K Free: 275623K (96%)
ptolemy.util.test.WatchDog.cancel(): canceling Thu May 31 20:32:30 UTC 2018
------------------ testing $PTII/ptolemy/domains/de/test/auto/TimerZeroDelay.xml
auto.tcl: Setting watchdog for 200 seconds at Thu May 31 20:32:30 UTC 2018
2 ms. Memory: 287232K Free: 275221K (96%)
ptolemy.util.test.WatchDog.cancel(): canceling Thu May 31 20:32:30 UTC 2018
auto.tcl: Setting watchdog for 200 seconds at Thu May 31 20:32:30 UTC 2018
2 ms. Memory: 287232K Free: 275221K (96%)
ptolemy.util.test.WatchDog.cancel(): canceling Thu May 31 20:32:30 UTC 2018
------------------ testing $PTII/ptolemy/domains/de/test/auto/TimingParadox.xml
auto.tcl: Setting watchdog for 200 seconds at Thu May 31 20:32:30 UTC 2018
379 ms. Memory: 287744K Free: 209320K (73%)
ptolemy.util.test.WatchDog.cancel(): canceling Thu May 31 20:32:30 UTC 2018
auto.tcl: Setting watchdog for 200 seconds at Thu May 31 20:32:30 UTC 2018
369 ms. Memory: 287744K Free: 175481K (61%)
ptolemy.util.test.WatchDog.cancel(): canceling Thu May 31 20:32:31 UTC 2018
------------------ testing $PTII/ptolemy/domains/de/test/auto/TransferInputs.xml
auto.tcl: Setting watchdog for 200 seconds at Thu May 31 20:32:31 UTC 2018
1 ms. Memory: 287744K Free: 274659K (95%)
ptolemy.util.test.WatchDog.cancel(): canceling Thu May 31 20:32:31 UTC 2018
auto.tcl: Setting watchdog for 200 seconds at Thu May 31 20:32:31 UTC 2018
2 ms. Memory: 287744K Free: 274659K (95%)
ptolemy.util.test.WatchDog.cancel(): canceling Thu May 31 20:32:31 UTC 2018
------------------ testing $PTII/ptolemy/domains/de/test/auto/TransferOutputs2.xml
auto.tcl: Setting watchdog for 200 seconds at Thu May 31 20:32:31 UTC 2018
3 ms. Memory: 287232K Free: 272649K (95%)
ptolemy.util.test.WatchDog.cancel(): canceling Thu May 31 20:32:31 UTC 2018
auto.tcl: Setting watchdog for 200 seconds at Thu May 31 20:32:31 UTC 2018
3 ms. Memory: 287232K Free: 270033K (94%)
ptolemy.util.test.WatchDog.cancel(): canceling Thu May 31 20:32:31 UTC 2018
------------------ testing $PTII/ptolemy/domains/de/test/auto/Trilateration.xml
auto.tcl: Setting watchdog for 200 seconds at Thu May 31 20:32:31 UTC 2018
13687 ms. Memory: 473088K Free: 273991K (58%)
ptolemy.util.test.WatchDog.cancel(): canceling Thu May 31 20:32:46 UTC 2018
auto.tcl: Setting watchdog for 200 seconds at Thu May 31 20:32:46 UTC 2018
10017 ms. Memory: 352256K Free: 218596K (62%)
ptolemy.util.test.WatchDog.cancel(): canceling Thu May 31 20:32:56 UTC 2018
------------------ testing $PTII/ptolemy/domains/de/test/auto/TwoSigmaDelta.xml
auto.tcl: Setting watchdog for 200 seconds at Thu May 31 20:32:56 UTC 2018
2974 ms. Memory: 339968K Free: 298250K (88%)
ptolemy.util.test.WatchDog.cancel(): canceling Thu May 31 20:32:59 UTC 2018
auto.tcl: Setting watchdog for 200 seconds at Thu May 31 20:32:59 UTC 2018
2165 ms. Memory: 326144K Free: 305102K (94%)
ptolemy.util.test.WatchDog.cancel(): canceling Thu May 31 20:33:01 UTC 2018
------------------ testing $PTII/ptolemy/domains/de/test/auto/VariableDelay.xml
auto.tcl: Setting watchdog for 200 seconds at Thu May 31 20:33:01 UTC 2018
3 ms. Memory: 328192K Free: 314347K (96%)
ptolemy.util.test.WatchDog.cancel(): canceling Thu May 31 20:33:01 UTC 2018
auto.tcl: Setting watchdog for 200 seconds at Thu May 31 20:33:01 UTC 2018
2 ms. Memory: 328192K Free: 310677K (95%)
ptolemy.util.test.WatchDog.cancel(): canceling Thu May 31 20:33:01 UTC 2018
------------------ testing $PTII/ptolemy/domains/de/test/auto/VariableDelay2.xml
auto.tcl: Setting watchdog for 200 seconds at Thu May 31 20:33:01 UTC 2018
7 ms. Memory: 326144K Free: 315157K (97%)
ptolemy.util.test.WatchDog.cancel(): canceling Thu May 31 20:33:01 UTC 2018
auto.tcl: Setting watchdog for 200 seconds at Thu May 31 20:33:01 UTC 2018
2 ms. Memory: 326144K Free: 311479K (96%)
ptolemy.util.test.WatchDog.cancel(): canceling Thu May 31 20:33:01 UTC 2018
------------------ testing $PTII/ptolemy/domains/de/test/auto/VariableDelayZeroDelay.xml
auto.tcl: Setting watchdog for 200 seconds at Thu May 31 20:33:01 UTC 2018
2 ms. Memory: 328192K Free: 314756K (96%)
ptolemy.util.test.WatchDog.cancel(): canceling Thu May 31 20:33:01 UTC 2018
auto.tcl: Setting watchdog for 200 seconds at Thu May 31 20:33:01 UTC 2018
2 ms. Memory: 328192K Free: 311086K (95%)
ptolemy.util.test.WatchDog.cancel(): canceling Thu May 31 20:33:01 UTC 2018
------------------ testing $PTII/ptolemy/domains/de/test/auto/VariableDelayZeroDelay2.xml
auto.tcl: Setting watchdog for 200 seconds at Thu May 31 20:33:01 UTC 2018
2 ms. Memory: 326144K Free: 312706K (96%)
ptolemy.util.test.WatchDog.cancel(): canceling Thu May 31 20:33:01 UTC 2018
auto.tcl: Setting watchdog for 200 seconds at Thu May 31 20:33:01 UTC 2018
2 ms. Memory: 326144K Free: 309020K (95%)
ptolemy.util.test.WatchDog.cancel(): canceling Thu May 31 20:33:01 UTC 2018
------------------ testing $PTII/ptolemy/domains/de/test/auto/deInCt.xml
auto.tcl: Setting watchdog for 200 seconds at Thu May 31 20:33:02 UTC 2018
0
1
1
1
0
0
1
1
1
0
0
0
0
0
1
1
1
1
0
0
0
0
0
1
1
1
0
0
0
1
1
1
0
0
0
0
0
21 ms. Memory: 327680K Free: 310558K (95%)
ptolemy.util.test.WatchDog.cancel(): canceling Thu May 31 20:33:02 UTC 2018
auto.tcl: Setting watchdog for 200 seconds at Thu May 31 20:33:02 UTC 2018
0
1
1
1
1
0
0
1
1
1
0
0
0
0
1
1
1
0
0
0
0
0
1
1
1
1
1
0
0
0
0
5 ms. Memory: 327680K Free: 310558K (95%)
ptolemy.util.test.WatchDog.cancel(): canceling Thu May 31 20:33:02 UTC 2018
------------------ testing $PTII/ptolemy/domains/de/test/auto/deInCt2.xml
auto.tcl: Setting watchdog for 200 seconds at Thu May 31 20:33:02 UTC 2018
0
1
1
1
0
0
1
1
1
0
0
1
1
1
0
0
1
1
1
0
0
1
1
1
0
0
1
1
1
0
0
1
1
1
0
0
1
1
1
0
0
0
14 ms. Memory: 326144K Free: 309022K (95%)
ptolemy.util.test.WatchDog.cancel(): canceling Thu May 31 20:33:02 UTC 2018
auto.tcl: Setting watchdog for 200 seconds at Thu May 31 20:33:02 UTC 2018
0
1
1
1
0
0
1
1
1
0
0
1
1
1
0
0
1
1
1
0
0
1
1
1
0
0
1
1
1
0
0
1
1
1
0
0
1
1
1
0
0
0
12 ms. Memory: 326144K Free: 309022K (95%)
ptolemy.util.test.WatchDog.cancel(): canceling Thu May 31 20:33:02 UTC 2018
------------------ testing $PTII/ptolemy/domains/de/test/auto/dynamicCausalityInterface1.xml
auto.tcl: Setting watchdog for 200 seconds at Thu May 31 20:33:02 UTC 2018
2 ms. Memory: 327680K Free: 309343K (94%)
ptolemy.util.test.WatchDog.cancel(): canceling Thu May 31 20:33:02 UTC 2018
auto.tcl: Setting watchdog for 200 seconds at Thu May 31 20:33:02 UTC 2018
1 ms. Memory: 327680K Free: 309343K (94%)
ptolemy.util.test.WatchDog.cancel(): canceling Thu May 31 20:33:02 UTC 2018
------------------ testing $PTII/ptolemy/domains/de/test/auto/fsm_de_test.xml
auto.tcl: Setting watchdog for 200 seconds at Thu May 31 20:33:02 UTC 2018
7 ms. Memory: 326144K Free: 305222K (94%)
ptolemy.util.test.WatchDog.cancel(): canceling Thu May 31 20:33:02 UTC 2018
auto.tcl: Setting watchdog for 200 seconds at Thu May 31 20:33:02 UTC 2018
7 ms. Memory: 326144K Free: 305222K (94%)
ptolemy.util.test.WatchDog.cancel(): canceling Thu May 31 20:33:02 UTC 2018
------------------ testing $PTII/ptolemy/domains/de/test/auto/functionDependencyReconstruction.xml
auto.tcl: Setting watchdog for 200 seconds at Thu May 31 20:33:02 UTC 2018
3 ms. Memory: 327168K Free: 298886K (91%)
ptolemy.util.test.WatchDog.cancel(): canceling Thu May 31 20:33:02 UTC 2018
auto.tcl: Setting watchdog for 200 seconds at Thu May 31 20:33:02 UTC 2018
3 ms. Memory: 327168K Free: 298886K (91%)
ptolemy.util.test.WatchDog.cancel(): canceling Thu May 31 20:33:02 UTC 2018
------------------ testing $PTII/ptolemy/domains/de/test/auto/multirate.xml
auto.tcl: Setting watchdog for 200 seconds at Thu May 31 20:33:02 UTC 2018
8 ms. Memory: 326144K Free: 311219K (95%)
ptolemy.util.test.WatchDog.cancel(): canceling Thu May 31 20:33:02 UTC 2018
auto.tcl: Setting watchdog for 200 seconds at Thu May 31 20:33:02 UTC 2018
4 ms. Memory: 326144K Free: 311219K (95%)
ptolemy.util.test.WatchDog.cancel(): canceling Thu May 31 20:33:02 UTC 2018
------------------ testing $PTII/ptolemy/domains/de/test/auto/multirate2.xml
auto.tcl: Setting watchdog for 200 seconds at Thu May 31 20:33:02 UTC 2018
3 ms. Memory: 327168K Free: 312434K (95%)
ptolemy.util.test.WatchDog.cancel(): canceling Thu May 31 20:33:02 UTC 2018
auto.tcl: Setting watchdog for 200 seconds at Thu May 31 20:33:02 UTC 2018
3 ms. Memory: 327168K Free: 312434K (95%)
ptolemy.util.test.WatchDog.cancel(): canceling Thu May 31 20:33:02 UTC 2018
------------------ testing $PTII/ptolemy/domains/de/test/auto/realtime.xml
auto.tcl: Setting watchdog for 200 seconds at Thu May 31 20:33:02 UTC 2018
10001 ms. Memory: 326144K Free: 308973K (95%)
ptolemy.util.test.WatchDog.cancel(): canceling Thu May 31 20:33:12 UTC 2018
auto.tcl: Setting watchdog for 200 seconds at Thu May 31 20:33:12 UTC 2018
10001 ms. Memory: 326144K Free: 308973K (95%)
ptolemy.util.test.WatchDog.cancel(): canceling Thu May 31 20:33:22 UTC 2018
------------------ testing $PTII/ptolemy/domains/de/test/auto/relationGroup.xml
auto.tcl: Setting watchdog for 200 seconds at Thu May 31 20:33:22 UTC 2018
1 ms. Memory: 327168K Free: 316144K (97%)
ptolemy.util.test.WatchDog.cancel(): canceling Thu May 31 20:33:22 UTC 2018
auto.tcl: Setting watchdog for 200 seconds at Thu May 31 20:33:22 UTC 2018
2 ms. Memory: 327168K Free: 316144K (97%)
ptolemy.util.test.WatchDog.cancel(): canceling Thu May 31 20:33:22 UTC 2018
------------------ testing $PTII/ptolemy/domains/de/test/auto/relationGroup2.xml
auto.tcl: Setting watchdog for 200 seconds at Thu May 31 20:33:22 UTC 2018
2 ms. Memory: 326144K Free: 312699K (96%)
ptolemy.util.test.WatchDog.cancel(): canceling Thu May 31 20:33:22 UTC 2018
auto.tcl: Setting watchdog for 200 seconds at Thu May 31 20:33:22 UTC 2018
1 ms. Memory: 326144K Free: 312699K (96%)
ptolemy.util.test.WatchDog.cancel(): canceling Thu May 31 20:33:22 UTC 2018
------------------ testing $PTII/ptolemy/domains/de/test/auto/sortWithOpaquePorts.xml
auto.tcl: Setting watchdog for 200 seconds at Thu May 31 20:33:22 UTC 2018
1 ms. Memory: 326656K Free: 313212K (96%)
ptolemy.util.test.WatchDog.cancel(): canceling Thu May 31 20:33:22 UTC 2018
auto.tcl: Setting watchdog for 200 seconds at Thu May 31 20:33:22 UTC 2018
2 ms. Memory: 326656K Free: 309527K (95%)
ptolemy.util.test.WatchDog.cancel(): canceling Thu May 31 20:33:22 UTC 2018
------------------ testing $PTII/ptolemy/domains/de/test/auto/transferInputsandOutputs.xml
auto.tcl: Setting watchdog for 200 seconds at Thu May 31 20:33:22 UTC 2018
3 ms. Memory: 326144K Free: 309017K (95%)
ptolemy.util.test.WatchDog.cancel(): canceling Thu May 31 20:33:22 UTC 2018
auto.tcl: Setting watchdog for 200 seconds at Thu May 31 20:33:22 UTC 2018
1 ms. Memory: 326144K Free: 309017K (95%)
ptolemy.util.test.WatchDog.cancel(): canceling Thu May 31 20:33:22 UTC 2018
------------------ testing $PTII/ptolemy/domains/de/test/auto/triggerType.xml
auto.tcl: Setting watchdog for 200 seconds at Thu May 31 20:33:22 UTC 2018
1 ms. Memory: 326656K Free: 313150K (96%)
ptolemy.util.test.WatchDog.cancel(): canceling Thu May 31 20:33:22 UTC 2018
auto.tcl: Setting watchdog for 200 seconds at Thu May 31 20:33:22 UTC 2018
1 ms. Memory: 326656K Free: 309481K (95%)
ptolemy.util.test.WatchDog.cancel(): canceling Thu May 31 20:33:22 UTC 2018
05/31/18 08:33:22
Failed: 0  Total Tests: 192  ((Passed: 187, Newly Passed: 1)  Known Failed: 5) /home/travis/build/icyphy/ptII/ptolemy/domains/de/test
05/31/18 08:33:23
Failed: 0  Total Tests: 192  ((Passed: 187, Newly Passed: 1)  Known Failed: 5) /home/travis/build/icyphy/ptII/ptolemy/domains/de/test
----------------- testing (KnownFailure) /home/travis/build/icyphy/ptII/ptolemy/domains/de/test/auto/knownFailedTests/DESDFClockTest.xml
2008 ms. Memory: 326144K Free: 302897K (93%)
Known Failure: java.lang.reflect.InvocationTargetException
----------------- testing (KnownFailure) /home/travis/build/icyphy/ptII/ptolemy/domains/de/test/auto/knownFailedTests/DirectFeedback.xml
1 ms. Memory: 326144K Free: 283318K (87%)
Known Failure: java.lang.reflect.InvocationTargetException
----------------- testing (KnownFailure) /home/travis/build/icyphy/ptII/ptolemy/domains/de/test/auto/knownFailedTests/FSMSource.xml
5 ms. Memory: 326144K Free: 258828K (79%)
----------------- testing (KnownFailure) /home/travis/build/icyphy/ptII/ptolemy/domains/de/test/auto/knownFailedTests/HierarchicalModel.xml
2 ms. Memory: 326144K Free: 234338K (72%)
Known Failure: java.lang.reflect.InvocationTargetException
----------------- testing (KnownFailure) /home/travis/build/icyphy/ptII/ptolemy/domains/de/test/auto/knownFailedTests/dependencyLoop.xml
2 ms. Memory: 326144K Free: 204953K (63%)
Known Failure: java.lang.reflect.InvocationTargetException
----------------- testing (KnownFailure) /home/travis/build/icyphy/ptII/ptolemy/domains/de/test/auto/knownFailedTests/dependencyLoop2.xml
2 ms. Memory: 326144K Free: 175585K (54%)
Known Failure: java.lang.reflect.InvocationTargetException
No auto/linux-amd64/*.xml tests in /home/travis/build/icyphy/ptII/ptolemy/domains/de/test
AutoTests.java: About to close Vertx.
AutoTests.java: Vertx closed.

===========================================================================================
----------------- testing Thu May 31 20:33:25 UTC 2018 /home/travis/build/icyphy/ptII/ptolemy/domains/de/test/auto/ActorDepthCalculation_actorWithoutPorts.xml
----------------- Instantiating /home/travis/build/icyphy/ptII/ptolemy/domains/de/test/auto/ActorDepthCalculation_actorWithoutPorts.xml
2 ms. Memory: 326144K Free: 146216K (45%)
----------------- Invoking toplevel() on ptolemy.moml.MoMLSimpleApplication@36efc204
----------------- Done invoking toplevel() on ptolemy.moml.MoMLSimpleApplication@36efc204
reloadAllAccessors: .ActorDepthCalculation_actorWithoutPorts

===========================================================================================
----------------- testing Thu May 31 20:33:25 UTC 2018 /home/travis/build/icyphy/ptII/ptolemy/domains/de/test/auto/AssemblyLine.xml
----------------- Instantiating /home/travis/build/icyphy/ptII/ptolemy/domains/de/test/auto/AssemblyLine.xml
3 ms. Memory: 326144K Free: 131516K (40%)
----------------- Invoking toplevel() on ptolemy.moml.MoMLSimpleApplication@1f777340
----------------- Done invoking toplevel() on ptolemy.moml.MoMLSimpleApplication@1f777340
reloadAllAccessors: .AssemblyLine

===========================================================================================
----------------- testing Thu May 31 20:33:25 UTC 2018 /home/travis/build/icyphy/ptII/ptolemy/domains/de/test/auto/CQBug1.xml
----------------- Instantiating /home/travis/build/icyphy/ptII/ptolemy/domains/de/test/auto/CQBug1.xml
1 ms. Memory: 326144K Free: 121726K (37%)
----------------- Invoking toplevel() on ptolemy.moml.MoMLSimpleApplication@36a72be
----------------- Done invoking toplevel() on ptolemy.moml.MoMLSimpleApplication@36a72be
reloadAllAccessors: .CQBug1

===========================================================================================
----------------- testing Thu May 31 20:33:25 UTC 2018 /home/travis/build/icyphy/ptII/ptolemy/domains/de/test/auto/CancelFireAt.xml
----------------- Instantiating /home/travis/build/icyphy/ptII/ptolemy/domains/de/test/auto/CancelFireAt.xml
1 ms. Memory: 326144K Free: 111937K (34%)
----------------- Invoking toplevel() on ptolemy.moml.MoMLSimpleApplication@1ce00e49
----------------- Done invoking toplevel() on ptolemy.moml.MoMLSimpleApplication@1ce00e49
reloadAllAccessors: .CancelFireAt

===========================================================================================
----------------- testing Thu May 31 20:33:25 UTC 2018 /home/travis/build/icyphy/ptII/ptolemy/domains/de/test/auto/CausalityAndComposabilityAnalysis.xml
----------------- Instantiating /home/travis/build/icyphy/ptII/ptolemy/domains/de/test/auto/CausalityAndComposabilityAnalysis.xml
2 ms. Memory: 326144K Free: 102147K (31%)
----------------- Invoking toplevel() on ptolemy.moml.MoMLSimpleApplication@201f7448
----------------- Done invoking toplevel() on ptolemy.moml.MoMLSimpleApplication@201f7448
reloadAllAccessors: .CausalityAndComposabilityAnalysis

===========================================================================================
----------------- testing Thu May 31 20:33:25 UTC 2018 /home/travis/build/icyphy/ptII/ptolemy/domains/de/test/auto/CausalityInterface1.xml
----------------- Instantiating /home/travis/build/icyphy/ptII/ptolemy/domains/de/test/auto/CausalityInterface1.xml
3 ms. Memory: 326144K Free: 92358K (28%)
----------------- Invoking toplevel() on ptolemy.moml.MoMLSimpleApplication@481679df
----------------- Done invoking toplevel() on ptolemy.moml.MoMLSimpleApplication@481679df
reloadAllAccessors: .CausalityInterface1

===========================================================================================
----------------- testing Thu May 31 20:33:25 UTC 2018 /home/travis/build/icyphy/ptII/ptolemy/domains/de/test/auto/CausalityInterface15.xml
----------------- Instantiating /home/travis/build/icyphy/ptII/ptolemy/domains/de/test/auto/CausalityInterface15.xml
1 ms. Memory: 326144K Free: 76520K (23%)
----------------- Invoking toplevel() on ptolemy.moml.MoMLSimpleApplication@144ebcb3
----------------- Done invoking toplevel() on ptolemy.moml.MoMLSimpleApplication@144ebcb3
reloadAllAccessors: .CausalityInterface15

[...]
java.lang.RuntimeException: Execution failed
	at ptolemy.moml.MoMLSimpleApplication$UnloadThread.run(MoMLSimpleApplication.java:402)
Caused by: ptolemy.kernel.util.IllegalActionException: Test fails in iteration 1.
Value was: 1.0. Should have been: 2.0
  in .DirectFeedback.Test
	at ptolemy.actor.lib.Test.fire(Test.java:268)
	at ptolemy.domains.de.kernel.DEDirector._fire(DEDirector.java:1948)
	at ptolemy.domains.de.kernel.DEDirector.fire(DEDirector.java:502)
	at ptolemy.actor.CompositeActor.fire(CompositeActor.java:455)
	at ptolemy.actor.Manager.iterate(Manager.java:851)
	at ptolemy.actor.Manager.execute(Manager.java:369)
	at ptolemy.actor.Manager.run(Manager.java:1263)
	at ptolemy.actor.Manager$PtolemyRunThread.run(Manager.java:1915)
java.lang.RuntimeException: Execution failed
	at ptolemy.moml.MoMLSimpleApplication$UnloadThread.run(MoMLSimpleApplication.java:402)
Caused by: ptolemy.kernel.util.IllegalActionException: Actor is not ready to fire.  Perhaps UpSample.prefire() returned false? Try debugging the actor by selecting "Listen to Actor".  Also, for SDF check moml for tokenConsumptionRate on input.
  in .DESDFClockTest.Play Bell.Copy1:SDF Director and .DESDFClockTest.Play Bell.UpSample
	at ptolemy.actor.sched.StaticSchedulingDirector.fire(StaticSchedulingDirector.java:227)
	at ptolemy.domains.sdf.kernel.SDFDirector.fire(SDFDirector.java:500)
	at ptolemy.actor.CompositeActor.fire(CompositeActor.java:455)
	at ptolemy.domains.de.kernel.DEDirector._fire(DEDirector.java:1948)
	at ptolemy.domains.de.kernel.DEDirector.fire(DEDirector.java:502)
	at ptolemy.actor.CompositeActor.fire(CompositeActor.java:455)
	at ptolemy.actor.Manager.iterate(Manager.java:851)
	at ptolemy.actor.Manager.execute(Manager.java:369)
	at ptolemy.actor.Manager.run(Manager.java:1263)
	at ptolemy.actor.Manager$PtolemyRunThread.run(Manager.java:1915)
java.lang.reflect.InvocationTargetException
	at sun.reflect.NativeConstructorAccessorImpl.newInstance0(Native Method)
	at sun.reflect.NativeConstructorAccessorImpl.newInstance(NativeConstructorAccessorImpl.java:62)
	at sun.reflect.DelegatingConstructorAccessorImpl.newInstance(DelegatingConstructorAccessorImpl.java:45)
	at java.lang.reflect.Constructor.newInstance(Constructor.java:423)
	at ptolemy.util.test.junit.AutoKnownFailedTests.RunModel(AutoKnownFailedTests.java:107)
	at sun.reflect.NativeMethodAccessorImpl.invoke0(Native Method)
	at sun.reflect.NativeMethodAccessorImpl.invoke(NativeMethodAccessorImpl.java:62)
	at sun.reflect.DelegatingMethodAccessorImpl.invoke(DelegatingMethodAccessorImpl.java:43)
	at java.lang.reflect.Method.invoke(Method.java:498)
	at org.junit.runners.model.FrameworkMethod$1.runReflectiveCall(FrameworkMethod.java:44)
	at org.junit.internal.runners.model.ReflectiveCallable.run(ReflectiveCallable.java:15)
	at org.junit.runners.model.FrameworkMethod.invokeExplosively(FrameworkMethod.java:41)
	at junitparams.internal.InvokeParameterisedMethod.evaluate(InvokeParameterisedMethod.java:102)
	at org.junit.internal.runners.statements.FailOnTimeout$1.run(FailOnTimeout.java:28)
Caused by: ptolemy.kernel.util.IllegalActionException: Actor is not ready to fire.  Perhaps UpSample.prefire() returned false? Try debugging the actor by selecting "Listen to Actor".  Also, for SDF check moml for tokenConsumptionRate on input.
  in .DESDFClockTest.Play Bell.Copy1:SDF Director and .DESDFClockTest.Play Bell.UpSample
	at ptolemy.actor.sched.StaticSchedulingDirector.fire(StaticSchedulingDirector.java:227)
	at ptolemy.domains.sdf.kernel.SDFDirector.fire(SDFDirector.java:500)
	at ptolemy.actor.CompositeActor.fire(CompositeActor.java:455)
	at ptolemy.domains.de.kernel.DEDirector._fire(DEDirector.java:1948)
	at ptolemy.domains.de.kernel.DEDirector.fire(DEDirector.java:502)
	at ptolemy.actor.CompositeActor.fire(CompositeActor.java:455)
	at ptolemy.actor.Manager.iterate(Manager.java:851)
	at ptolemy.actor.Manager.execute(Manager.java:369)
	at ptolemy.actor.Manager.run(Manager.java:1263)
	at ptolemy.actor.Manager$PtolemyRunThread.run(Manager.java:1915)
java.lang.RuntimeException: Execution failed
	at ptolemy.moml.MoMLSimpleApplication$UnloadThread.run(MoMLSimpleApplication.java:402)
Caused by: ptolemy.kernel.util.IllegalActionException: Test fails in iteration 1.
Value was: 1.0. Should have been: 2.0
  in .DirectFeedback.Test
	at ptolemy.actor.lib.Test.fire(Test.java:268)
	at ptolemy.domains.de.kernel.DEDirector._fire(DEDirector.java:1948)
	at ptolemy.domains.de.kernel.DEDirector.fire(DEDirector.java:502)
	at ptolemy.actor.CompositeActor.fire(CompositeActor.java:455)
	at ptolemy.actor.Manager.iterate(Manager.java:851)
	at ptolemy.actor.Manager.execute(Manager.java:369)
	at ptolemy.actor.Manager.run(Manager.java:1263)
	at ptolemy.actor.Manager$PtolemyRunThread.run(Manager.java:1915)
java.lang.reflect.InvocationTargetException
	at sun.reflect.NativeConstructorAccessorImpl.newInstance0(Native Method)
	at sun.reflect.NativeConstructorAccessorImpl.newInstance(NativeConstructorAccessorImpl.java:62)
	at sun.reflect.DelegatingConstructorAccessorImpl.newInstance(DelegatingConstructorAccessorImpl.java:45)
	at java.lang.reflect.Constructor.newInstance(Constructor.java:423)
	at ptolemy.util.test.junit.AutoKnownFailedTests.RunModel(AutoKnownFailedTests.java:107)
	at sun.reflect.NativeMethodAccessorImpl.invoke0(Native Method)
	at sun.reflect.NativeMethodAccessorImpl.invoke(NativeMethodAccessorImpl.java:62)
	at sun.reflect.DelegatingMethodAccessorImpl.invoke(DelegatingMethodAccessorImpl.java:43)
	at java.lang.reflect.Method.invoke(Method.java:498)
	at org.junit.runners.model.FrameworkMethod$1.runReflectiveCall(FrameworkMethod.java:44)
	at org.junit.internal.runners.model.ReflectiveCallable.run(ReflectiveCallable.java:15)
	at org.junit.runners.model.FrameworkMethod.invokeExplosively(FrameworkMethod.java:41)
	at junitparams.internal.InvokeParameterisedMethod.evaluate(InvokeParameterisedMethod.java:102)
	at org.junit.internal.runners.statements.FailOnTimeout$1.run(FailOnTimeout.java:28)
Caused by: ptolemy.kernel.util.IllegalActionException: Test fails in iteration 1.
Value was: 1.0. Should have been: 2.0
  in .DirectFeedback.Test
	at ptolemy.actor.lib.Test.fire(Test.java:268)
	at ptolemy.domains.de.kernel.DEDirector._fire(DEDirector.java:1948)
	at ptolemy.domains.de.kernel.DEDirector.fire(DEDirector.java:502)
	at ptolemy.actor.CompositeActor.fire(CompositeActor.java:455)
	at ptolemy.actor.Manager.iterate(Manager.java:851)
	at ptolemy.actor.Manager.execute(Manager.java:369)
	at ptolemy.actor.Manager.run(Manager.java:1263)
	at ptolemy.actor.Manager$PtolemyRunThread.run(Manager.java:1915)
java.lang.RuntimeException: Execution failed
	at ptolemy.moml.MoMLSimpleApplication$UnloadThread.run(MoMLSimpleApplication.java:402)
Caused by: ptolemy.kernel.util.IllegalActionException: Found a zero delay loop containing .HierarchicalModel.A
  in .HierarchicalModel and .HierarchicalModel.A
	at ptolemy.actor.util.CausalityInterfaceForComposites._computeOutputPortDepth(CausalityInterfaceForComposites.java:759)
	at ptolemy.actor.util.CausalityInterfaceForComposites._computeInputDepth(CausalityInterfaceForComposites.java:696)
	at ptolemy.actor.util.CausalityInterfaceForComposites._computeOutputPortDepth(CausalityInterfaceForComposites.java:765)
	at ptolemy.actor.util.CausalityInterfaceForComposites._computeInputDepth(CausalityInterfaceForComposites.java:696)
	at ptolemy.actor.util.CausalityInterfaceForComposites._computeOutputPortDepth(CausalityInterfaceForComposites.java:765)
	at ptolemy.actor.util.CausalityInterfaceForComposites._computeInputDepth(CausalityInterfaceForComposites.java:696)
	at ptolemy.actor.util.CausalityInterfaceForComposites._computeActorDepth(CausalityInterfaceForComposites.java:532)
	at ptolemy.actor.util.CausalityInterfaceForComposites.checkForCycles(CausalityInterfaceForComposites.java:96)
	at ptolemy.domains.de.kernel.DEDirector.preinitialize(DEDirector.java:1337)
	at ptolemy.actor.CompositeActor.preinitialize(CompositeActor.java:1828)
	at ptolemy.actor.Manager.preinitializeAndResolveTypes(Manager.java:1040)
	at ptolemy.actor.Manager.initialize(Manager.java:710)
	at ptolemy.actor.Manager.execute(Manager.java:356)
	at ptolemy.actor.Manager.run(Manager.java:1263)
	at ptolemy.actor.Manager$PtolemyRunThread.run(Manager.java:1915)
java.lang.reflect.InvocationTargetException
	at sun.reflect.NativeConstructorAccessorImpl.newInstance0(Native Method)
	at sun.reflect.NativeConstructorAccessorImpl.newInstance(NativeConstructorAccessorImpl.java:62)
	at sun.reflect.DelegatingConstructorAccessorImpl.newInstance(DelegatingConstructorAccessorImpl.java:45)
	at java.lang.reflect.Constructor.newInstance(Constructor.java:423)
	at ptolemy.util.test.junit.AutoKnownFailedTests.RunModel(AutoKnownFailedTests.java:107)
	at sun.reflect.NativeMethodAccessorImpl.invoke0(Native Method)
	at sun.reflect.NativeMethodAccessorImpl.invoke(NativeMethodAccessorImpl.java:62)
	at sun.reflect.DelegatingMethodAccessorImpl.invoke(DelegatingMethodAccessorImpl.java:43)
	at java.lang.reflect.Method.invoke(Method.java:498)
	at org.junit.runners.model.FrameworkMethod$1.runReflectiveCall(FrameworkMethod.java:44)
	at org.junit.internal.runners.model.ReflectiveCallable.run(ReflectiveCallable.java:15)
	at org.junit.runners.model.FrameworkMethod.invokeExplosively(FrameworkMethod.java:41)
	at junitparams.internal.InvokeParameterisedMethod.evaluate(InvokeParameterisedMethod.java:102)
	at org.junit.internal.runners.statements.FailOnTimeout$1.run(FailOnTimeout.java:28)
Caused by: ptolemy.kernel.util.IllegalActionException: Found a zero delay loop containing .HierarchicalModel.A
  in .HierarchicalModel and .HierarchicalModel.A
	at ptolemy.actor.util.CausalityInterfaceForComposites._computeOutputPortDepth(CausalityInterfaceForComposites.java:759)
	at ptolemy.actor.util.CausalityInterfaceForComposites._computeInputDepth(CausalityInterfaceForComposites.java:696)
	at ptolemy.actor.util.CausalityInterfaceForComposites._computeOutputPortDepth(CausalityInterfaceForComposites.java:765)
	at ptolemy.actor.util.CausalityInterfaceForComposites._computeInputDepth(CausalityInterfaceForComposites.java:696)
	at ptolemy.actor.util.CausalityInterfaceForComposites._computeOutputPortDepth(CausalityInterfaceForComposites.java:765)
	at ptolemy.actor.util.CausalityInterfaceForComposites._computeInputDepth(CausalityInterfaceForComposites.java:696)
	at ptolemy.actor.util.CausalityInterfaceForComposites._computeActorDepth(CausalityInterfaceForComposites.java:532)
	at ptolemy.actor.util.CausalityInterfaceForComposites.checkForCycles(CausalityInterfaceForComposites.java:96)
	at ptolemy.domains.de.kernel.DEDirector.preinitialize(DEDirector.java:1337)
	at ptolemy.actor.CompositeActor.preinitialize(CompositeActor.java:1828)
	at ptolemy.actor.Manager.preinitializeAndResolveTypes(Manager.java:1040)
	at ptolemy.actor.Manager.initialize(Manager.java:710)
	at ptolemy.actor.Manager.execute(Manager.java:356)
	at ptolemy.actor.Manager.run(Manager.java:1263)
	at ptolemy.actor.Manager$PtolemyRunThread.run(Manager.java:1915)
java.lang.RuntimeException: Execution failed
	at ptolemy.moml.MoMLSimpleApplication$UnloadThread.run(MoMLSimpleApplication.java:402)
Caused by: ptolemy.kernel.util.IllegalActionException: Found a zero delay loop containing .dependencyLoop.original
  in .dependencyLoop and .dependencyLoop.original
	at ptolemy.actor.util.CausalityInterfaceForComposites._computeOutputPortDepth(CausalityInterfaceForComposites.java:759)
	at ptolemy.actor.util.CausalityInterfaceForComposites._computeInputDepth(CausalityInterfaceForComposites.java:696)
	at ptolemy.actor.util.CausalityInterfaceForComposites._computeOutputPortDepth(CausalityInterfaceForComposites.java:765)
	at ptolemy.actor.util.CausalityInterfaceForComposites._computeInputDepth(CausalityInterfaceForComposites.java:696)
	at ptolemy.actor.util.CausalityInterfaceForComposites._computeOutputPortDepth(CausalityInterfaceForComposites.java:765)
	at ptolemy.actor.util.CausalityInterfaceForComposites._computeInputDepth(CausalityInterfaceForComposites.java:696)
	at ptolemy.actor.util.CausalityInterfaceForComposites._computeActorDepth(CausalityInterfaceForComposites.java:532)
	at ptolemy.actor.util.CausalityInterfaceForComposites.checkForCycles(CausalityInterfaceForComposites.java:96)
	at ptolemy.domains.de.kernel.DEDirector.preinitialize(DEDirector.java:1337)
	at ptolemy.actor.CompositeActor.preinitialize(CompositeActor.java:1828)
	at ptolemy.actor.Manager.preinitializeAndResolveTypes(Manager.java:1040)
	at ptolemy.actor.Manager.initialize(Manager.java:710)
	at ptolemy.actor.Manager.execute(Manager.java:356)
	at ptolemy.actor.Manager.run(Manager.java:1263)
	at ptolemy.actor.Manager$PtolemyRunThread.run(Manager.java:1915)
java.lang.reflect.InvocationTargetException
	at sun.reflect.NativeConstructorAccessorImpl.newInstance0(Native Method)
	at sun.reflect.NativeConstructorAccessorImpl.newInstance(NativeConstructorAccessorImpl.java:62)
	at sun.reflect.DelegatingConstructorAccessorImpl.newInstance(DelegatingConstructorAccessorImpl.java:45)
	at java.lang.reflect.Constructor.newInstance(Constructor.java:423)
	at ptolemy.util.test.junit.AutoKnownFailedTests.RunModel(AutoKnownFailedTests.java:107)
	at sun.reflect.NativeMethodAccessorImpl.invoke0(Native Method)
	at sun.reflect.NativeMethodAccessorImpl.invoke(NativeMethodAccessorImpl.java:62)
	at sun.reflect.DelegatingMethodAccessorImpl.invoke(DelegatingMethodAccessorImpl.java:43)
	at java.lang.reflect.Method.invoke(Method.java:498)
	at org.junit.runners.model.FrameworkMethod$1.runReflectiveCall(FrameworkMethod.java:44)
	at org.junit.internal.runners.model.ReflectiveCallable.run(ReflectiveCallable.java:15)
	at org.junit.runners.model.FrameworkMethod.invokeExplosively(FrameworkMethod.java:41)
	at junitparams.internal.InvokeParameterisedMethod.evaluate(InvokeParameterisedMethod.java:102)
	at org.junit.internal.runners.statements.FailOnTimeout$1.run(FailOnTimeout.java:28)
Caused by: ptolemy.kernel.util.IllegalActionException: Found a zero delay loop containing .dependencyLoop.original
  in .dependencyLoop and .dependencyLoop.original
	at ptolemy.actor.util.CausalityInterfaceForComposites._computeOutputPortDepth(CausalityInterfaceForComposites.java:759)
	at ptolemy.actor.util.CausalityInterfaceForComposites._computeInputDepth(CausalityInterfaceForComposites.java:696)
	at ptolemy.actor.util.CausalityInterfaceForComposites._computeOutputPortDepth(CausalityInterfaceForComposites.java:765)
	at ptolemy.actor.util.CausalityInterfaceForComposites._computeInputDepth(CausalityInterfaceForComposites.java:696)
	at ptolemy.actor.util.CausalityInterfaceForComposites._computeOutputPortDepth(CausalityInterfaceForComposites.java:765)
	at ptolemy.actor.util.CausalityInterfaceForComposites._computeInputDepth(CausalityInterfaceForComposites.java:696)
	at ptolemy.actor.util.CausalityInterfaceForComposites._computeActorDepth(CausalityInterfaceForComposites.java:532)
	at ptolemy.actor.util.CausalityInterfaceForComposites.checkForCycles(CausalityInterfaceForComposites.java:96)
	at ptolemy.domains.de.kernel.DEDirector.preinitialize(DEDirector.java:1337)
	at ptolemy.actor.CompositeActor.preinitialize(CompositeActor.java:1828)
	at ptolemy.actor.Manager.preinitializeAndResolveTypes(Manager.java:1040)
	at ptolemy.actor.Manager.initialize(Manager.java:710)
	at ptolemy.actor.Manager.execute(Manager.java:356)
	at ptolemy.actor.Manager.run(Manager.java:1263)
	at ptolemy.actor.Manager$PtolemyRunThread.run(Manager.java:1915)
java.lang.RuntimeException: Execution failed
	at ptolemy.moml.MoMLSimpleApplication$UnloadThread.run(MoMLSimpleApplication.java:402)
Caused by: ptolemy.kernel.util.IllegalActionException: Found a zero delay loop containing .dependencyLoop2.original
  in .dependencyLoop2 and .dependencyLoop2.original
	at ptolemy.actor.util.CausalityInterfaceForComposites._computeOutputPortDepth(CausalityInterfaceForComposites.java:759)
	at ptolemy.actor.util.CausalityInterfaceForComposites._computeInputDepth(CausalityInterfaceForComposites.java:696)
	at ptolemy.actor.util.CausalityInterfaceForComposites._computeOutputPortDepth(CausalityInterfaceForComposites.java:765)
	at ptolemy.actor.util.CausalityInterfaceForComposites._computeInputDepth(CausalityInterfaceForComposites.java:696)
	at ptolemy.actor.util.CausalityInterfaceForComposites._computeOutputPortDepth(CausalityInterfaceForComposites.java:765)
	at ptolemy.actor.util.CausalityInterfaceForComposites._computeInputDepth(CausalityInterfaceForComposites.java:696)
	at ptolemy.actor.util.CausalityInterfaceForComposites._computeActorDepth(CausalityInterfaceForComposites.java:532)
	at ptolemy.actor.util.CausalityInterfaceForComposites.checkForCycles(CausalityInterfaceForComposites.java:96)
	at ptolemy.domains.de.kernel.DEDirector.preinitialize(DEDirector.java:1337)
	at ptolemy.actor.CompositeActor.preinitialize(CompositeActor.java:1828)
	at ptolemy.actor.Manager.preinitializeAndResolveTypes(Manager.java:1040)
	at ptolemy.actor.Manager.initialize(Manager.java:710)
	at ptolemy.actor.Manager.execute(Manager.java:356)
	at ptolemy.actor.Manager.run(Manager.java:1263)
	at ptolemy.actor.Manager$PtolemyRunThread.run(Manager.java:1915)
java.lang.reflect.InvocationTargetException
	at sun.reflect.NativeConstructorAccessorImpl.newInstance0(Native Method)
	at sun.reflect.NativeConstructorAccessorImpl.newInstance(NativeConstructorAccessorImpl.java:62)
	at sun.reflect.DelegatingConstructorAccessorImpl.newInstance(DelegatingConstructorAccessorImpl.java:45)
	at java.lang.reflect.Constructor.newInstance(Constructor.java:423)
	at ptolemy.util.test.junit.AutoKnownFailedTests.RunModel(AutoKnownFailedTests.java:107)
	at sun.reflect.NativeMethodAccessorImpl.invoke0(Native Method)
	at sun.reflect.NativeMethodAccessorImpl.invoke(NativeMethodAccessorImpl.java:62)
	at sun.reflect.DelegatingMethodAccessorImpl.invoke(DelegatingMethodAccessorImpl.java:43)
	at java.lang.reflect.Method.invoke(Method.java:498)
	at org.junit.runners.model.FrameworkMethod$1.runReflectiveCall(FrameworkMethod.java:44)
	at org.junit.internal.runners.model.ReflectiveCallable.run(ReflectiveCallable.java:15)
	at org.junit.runners.model.FrameworkMethod.invokeExplosively(FrameworkMethod.java:41)
	at junitparams.internal.InvokeParameterisedMethod.evaluate(InvokeParameterisedMethod.java:102)
	at org.junit.internal.runners.statements.FailOnTimeout$1.run(FailOnTimeout.java:28)
Caused by: ptolemy.kernel.util.IllegalActionException: Found a zero delay loop containing .dependencyLoop2.original
  in .dependencyLoop2 and .dependencyLoop2.original
	at ptolemy.actor.util.CausalityInterfaceForComposites._computeOutputPortDepth(CausalityInterfaceForComposites.java:759)
	at ptolemy.actor.util.CausalityInterfaceForComposites._computeInputDepth(CausalityInterfaceForComposites.java:696)
	at ptolemy.actor.util.CausalityInterfaceForComposites._computeOutputPortDepth(CausalityInterfaceForComposites.java:765)
	at ptolemy.actor.util.CausalityInterfaceForComposites._computeInputDepth(CausalityInterfaceForComposites.java:696)
	at ptolemy.actor.util.CausalityInterfaceForComposites._computeOutputPortDepth(CausalityInterfaceForComposites.java:765)
	at ptolemy.actor.util.CausalityInterfaceForComposites._computeInputDepth(CausalityInterfaceForComposites.java:696)
	at ptolemy.actor.util.CausalityInterfaceForComposites._computeActorDepth(CausalityInterfaceForComposites.java:532)
	at ptolemy.actor.util.CausalityInterfaceForComposites.checkForCycles(CausalityInterfaceForComposites.java:96)
	at ptolemy.domains.de.kernel.DEDirector.preinitialize(DEDirector.java:1337)
	at ptolemy.actor.CompositeActor.preinitialize(CompositeActor.java:1828)
	at ptolemy.actor.Manager.preinitializeAndResolveTypes(Manager.java:1040)
	at ptolemy.actor.Manager.initialize(Manager.java:710)
	at ptolemy.actor.Manager.execute(Manager.java:356)
	at ptolemy.actor.Manager.run(Manager.java:1263)
	at ptolemy.actor.Manager$PtolemyRunThread.run(Manager.java:1915)
]]></system-err>
</testsuite>
