<?xml version="1.0" encoding="UTF-8" ?>
<testsuite errors="0" failures="0" hostname="travis-job-8136c6ae-c04d-4f13-b70a-6cc8a4c3a20f" name="ptolemy.domains.modal.test.junit.JUnitTclTest" skipped="0" tests="148" time="9.738" timestamp="2018-05-29T01:20:39">
  <properties>
[...]
</properties>
  <testcase classname="ptolemy.util.test.junit.TclTests" name="[0] /home/travis/build/icyphy/ptII/ptolemy/domains/modal/test/SystemLevelType.tcl (RunTclFile)" time="1.741" />
  <testcase classname="ptolemy.util.test.junit.AutoKnownFailedTests" name="[0] /home/travis/build/icyphy/ptII/ptolemy/domains/modal/test/auto/knownFailedTests/CannotAnalysisWithPreemption.xml (RunModel)" time="0.199" />
  <testcase classname="ptolemy.util.test.junit.AutoNameArchTests" name="[0] ThereAreNoAutoTests (RunModel)" time="0.013" />
  <testcase classname="ptolemy.util.test.junit.AutoTests" name="[0] /home/travis/build/icyphy/ptII/ptolemy/domains/modal/test/auto/ABPTest.xml (RunModel)" time="0.681" />
  <testcase classname="ptolemy.util.test.junit.AutoTests" name="[1] /home/travis/build/icyphy/ptII/ptolemy/domains/modal/test/auto/ABROFlat.xml (RunModel)" time="0.075" />
  <testcase classname="ptolemy.util.test.junit.AutoTests" name="[2] /home/travis/build/icyphy/ptII/ptolemy/domains/modal/test/auto/ABROFlat2.xml (RunModel)" time="0.073" />
  <testcase classname="ptolemy.util.test.junit.AutoTests" name="[3] /home/travis/build/icyphy/ptII/ptolemy/domains/modal/test/auto/ABRO_present_hmm.xml (RunModel)" time="0.15" />
  <testcase classname="ptolemy.util.test.junit.AutoTests" name="[4] /home/travis/build/icyphy/ptII/ptolemy/domains/modal/test/auto/AMICoderExample.xml (RunModel)" time="0.052" />
  <testcase classname="ptolemy.util.test.junit.AutoTests" name="[5] /home/travis/build/icyphy/ptII/ptolemy/domains/modal/test/auto/AbsentToPresent.xml (RunModel)" time="0.019" />
  <testcase classname="ptolemy.util.test.junit.AutoTests" name="[6] /home/travis/build/icyphy/ptII/ptolemy/domains/modal/test/auto/Blending.xml (RunModel)" time="0.26" />
  <testcase classname="ptolemy.util.test.junit.AutoTests" name="[7] /home/travis/build/icyphy/ptII/ptolemy/domains/modal/test/auto/Broadcast.xml (RunModel)" time="0.046" />
  <testcase classname="ptolemy.util.test.junit.AutoTests" name="[8] /home/travis/build/icyphy/ptII/ptolemy/domains/modal/test/auto/BroadcastHierarchy.xml (RunModel)" time="0.072" />
  <testcase classname="ptolemy.util.test.junit.AutoTests" name="[9] /home/travis/build/icyphy/ptII/ptolemy/domains/modal/test/auto/BroadcastHierarchy2.xml (RunModel)" time="0.126" />
  <testcase classname="ptolemy.util.test.junit.AutoTests" name="[10] /home/travis/build/icyphy/ptII/ptolemy/domains/modal/test/auto/BroadcastHierarchy3.xml (RunModel)" time="0.108" />
  <testcase classname="ptolemy.util.test.junit.AutoTests" name="[11] /home/travis/build/icyphy/ptII/ptolemy/domains/modal/test/auto/BroadcastHierarchy4.xml (RunModel)" time="0.113" />
  <testcase classname="ptolemy.util.test.junit.AutoTests" name="[12] /home/travis/build/icyphy/ptII/ptolemy/domains/modal/test/auto/CannotAnalysisWithPreemption2.xml (RunModel)" time="0.038" />
  <testcase classname="ptolemy.util.test.junit.AutoTests" name="[13] /home/travis/build/icyphy/ptII/ptolemy/domains/modal/test/auto/CannotAnalysisWithPreemption3.xml (RunModel)" time="0.04" />
  <testcase classname="ptolemy.util.test.junit.AutoTests" name="[14] /home/travis/build/icyphy/ptII/ptolemy/domains/modal/test/auto/CannotProduce.xml (RunModel)" time="0.043" />
  <testcase classname="ptolemy.util.test.junit.AutoTests" name="[15] /home/travis/build/icyphy/ptII/ptolemy/domains/modal/test/auto/CannotProduceModal.xml (RunModel)" time="0.026" />
  <testcase classname="ptolemy.util.test.junit.AutoTests" name="[16] /home/travis/build/icyphy/ptII/ptolemy/domains/modal/test/auto/Case.xml (RunModel)" time="0.067" />
  <testcase classname="ptolemy.util.test.junit.AutoTests" name="[17] /home/travis/build/icyphy/ptII/ptolemy/domains/modal/test/auto/Case1.xml (RunModel)" time="0.037" />
  <testcase classname="ptolemy.util.test.junit.AutoTests" name="[18] /home/travis/build/icyphy/ptII/ptolemy/domains/modal/test/auto/Case2.xml (RunModel)" time="0.051" />
  <testcase classname="ptolemy.util.test.junit.AutoTests" name="[19] /home/travis/build/icyphy/ptII/ptolemy/domains/modal/test/auto/CausalityInterface1.xml (RunModel)" time="0.021" />
  <testcase classname="ptolemy.util.test.junit.AutoTests" name="[20] /home/travis/build/icyphy/ptII/ptolemy/domains/modal/test/auto/CausalityInterface10.xml (RunModel)" time="0.055" />
  <testcase classname="ptolemy.util.test.junit.AutoTests" name="[21] /home/travis/build/icyphy/ptII/ptolemy/domains/modal/test/auto/CausalityInterface11.xml (RunModel)" time="0.062" />
  <testcase classname="ptolemy.util.test.junit.AutoTests" name="[22] /home/travis/build/icyphy/ptII/ptolemy/domains/modal/test/auto/CausalityInterface12.xml (RunModel)" time="0.046" />
  <testcase classname="ptolemy.util.test.junit.AutoTests" name="[23] /home/travis/build/icyphy/ptII/ptolemy/domains/modal/test/auto/CausalityInterface13.xml (RunModel)" time="0.051" />
  <testcase classname="ptolemy.util.test.junit.AutoTests" name="[24] /home/travis/build/icyphy/ptII/ptolemy/domains/modal/test/auto/CausalityInterface14.xml (RunModel)" time="0.046" />
  <testcase classname="ptolemy.util.test.junit.AutoTests" name="[25] /home/travis/build/icyphy/ptII/ptolemy/domains/modal/test/auto/CausalityInterface2.xml (RunModel)" time="0.031" />
  <testcase classname="ptolemy.util.test.junit.AutoTests" name="[26] /home/travis/build/icyphy/ptII/ptolemy/domains/modal/test/auto/CausalityInterface3.xml (RunModel)" time="0.04" />
  <testcase classname="ptolemy.util.test.junit.AutoTests" name="[27] /home/travis/build/icyphy/ptII/ptolemy/domains/modal/test/auto/CausalityInterface4.xml (RunModel)" time="0.028" />
  <testcase classname="ptolemy.util.test.junit.AutoTests" name="[28] /home/travis/build/icyphy/ptII/ptolemy/domains/modal/test/auto/CausalityInterface5.xml (RunModel)" time="0.035" />
  <testcase classname="ptolemy.util.test.junit.AutoTests" name="[29] /home/travis/build/icyphy/ptII/ptolemy/domains/modal/test/auto/CausalityInterface6.xml (RunModel)" time="0.029" />
  <testcase classname="ptolemy.util.test.junit.AutoTests" name="[30] /home/travis/build/icyphy/ptII/ptolemy/domains/modal/test/auto/CausalityInterface7.xml (RunModel)" time="0.027" />
  <testcase classname="ptolemy.util.test.junit.AutoTests" name="[31] /home/travis/build/icyphy/ptII/ptolemy/domains/modal/test/auto/CausalityInterface8.xml (RunModel)" time="0.031" />
  <testcase classname="ptolemy.util.test.junit.AutoTests" name="[32] /home/travis/build/icyphy/ptII/ptolemy/domains/modal/test/auto/CausalityInterface9.xml (RunModel)" time="0.031" />
  <testcase classname="ptolemy.util.test.junit.AutoTests" name="[33] /home/travis/build/icyphy/ptII/ptolemy/domains/modal/test/auto/ChainedTransitions.xml (RunModel)" time="0.148" />
  <testcase classname="ptolemy.util.test.junit.AutoTests" name="[34] /home/travis/build/icyphy/ptII/ptolemy/domains/modal/test/auto/CycleOfImmediateTransitionsFSM.xml (RunModel)" time="0.027" />
  <testcase classname="ptolemy.util.test.junit.AutoTests" name="[35] /home/travis/build/icyphy/ptII/ptolemy/domains/modal/test/auto/CycleOfImmediateTransitionsModal.xml (RunModel)" time="0.023" />
  <testcase classname="ptolemy.util.test.junit.AutoTests" name="[36] /home/travis/build/icyphy/ptII/ptolemy/domains/modal/test/auto/CycleOfImmediateTransitionsModal2.xml (RunModel)" time="0.032" />
  <testcase classname="ptolemy.util.test.junit.AutoTests" name="[37] /home/travis/build/icyphy/ptII/ptolemy/domains/modal/test/auto/CycleOfImmediateTransitionsModal3.xml (RunModel)" time="0.082" />
  <testcase classname="ptolemy.util.test.junit.AutoTests" name="[38] /home/travis/build/icyphy/ptII/ptolemy/domains/modal/test/auto/DeepModal1.xml (RunModel)" time="0.042" />
  <testcase classname="ptolemy.util.test.junit.AutoTests" name="[39] /home/travis/build/icyphy/ptII/ptolemy/domains/modal/test/auto/DeepModal2.xml (RunModel)" time="0.05" />
  <testcase classname="ptolemy.util.test.junit.AutoTests" name="[40] /home/travis/build/icyphy/ptII/ptolemy/domains/modal/test/auto/DeepModal3.xml (RunModel)" time="0.056" />
  <testcase classname="ptolemy.util.test.junit.AutoTests" name="[41] /home/travis/build/icyphy/ptII/ptolemy/domains/modal/test/auto/DeepModal4.xml (RunModel)" time="0.065" />
  <testcase classname="ptolemy.util.test.junit.AutoTests" name="[42] /home/travis/build/icyphy/ptII/ptolemy/domains/modal/test/auto/Default1.xml (RunModel)" time="0.03" />
  <testcase classname="ptolemy.util.test.junit.AutoTests" name="[43] /home/travis/build/icyphy/ptII/ptolemy/domains/modal/test/auto/Default2.xml (RunModel)" time="0.02" />
  <testcase classname="ptolemy.util.test.junit.AutoTests" name="[44] /home/travis/build/icyphy/ptII/ptolemy/domains/modal/test/auto/Default3.xml (RunModel)" time="0.025" />
  <testcase classname="ptolemy.util.test.junit.AutoTests" name="[45] /home/travis/build/icyphy/ptII/ptolemy/domains/modal/test/auto/Default4.xml (RunModel)" time="0.031" />
  <testcase classname="ptolemy.util.test.junit.AutoTests" name="[46] /home/travis/build/icyphy/ptII/ptolemy/domains/modal/test/auto/Default5.xml (RunModel)" time="0.032" />
  <testcase classname="ptolemy.util.test.junit.AutoTests" name="[47] /home/travis/build/icyphy/ptII/ptolemy/domains/modal/test/auto/EmptyGuard.xml (RunModel)" time="0.022" />
  <testcase classname="ptolemy.util.test.junit.AutoTests" name="[48] /home/travis/build/icyphy/ptII/ptolemy/domains/modal/test/auto/ErrorTransition1.xml (RunModel)" time="0.025" />
  <testcase classname="ptolemy.util.test.junit.AutoTests" name="[49] /home/travis/build/icyphy/ptII/ptolemy/domains/modal/test/auto/ErrorTransition10.xml (RunModel)" time="0.034" />
  <testcase classname="ptolemy.util.test.junit.AutoTests" name="[50] /home/travis/build/icyphy/ptII/ptolemy/domains/modal/test/auto/ErrorTransition11.xml (RunModel)" time="0.032" />
  <testcase classname="ptolemy.util.test.junit.AutoTests" name="[51] /home/travis/build/icyphy/ptII/ptolemy/domains/modal/test/auto/ErrorTransition2.xml (RunModel)" time="0.023" />
  <testcase classname="ptolemy.util.test.junit.AutoTests" name="[52] /home/travis/build/icyphy/ptII/ptolemy/domains/modal/test/auto/ErrorTransition3.xml (RunModel)" time="0.027" />
  <testcase classname="ptolemy.util.test.junit.AutoTests" name="[53] /home/travis/build/icyphy/ptII/ptolemy/domains/modal/test/auto/ErrorTransition4.xml (RunModel)" time="0.027" />
  <testcase classname="ptolemy.util.test.junit.AutoTests" name="[54] /home/travis/build/icyphy/ptII/ptolemy/domains/modal/test/auto/ErrorTransition5.xml (RunModel)" time="0.026" />
  <testcase classname="ptolemy.util.test.junit.AutoTests" name="[55] /home/travis/build/icyphy/ptII/ptolemy/domains/modal/test/auto/ErrorTransition6.xml (RunModel)" time="0.029" />
  <testcase classname="ptolemy.util.test.junit.AutoTests" name="[56] /home/travis/build/icyphy/ptII/ptolemy/domains/modal/test/auto/ErrorTransition7.xml (RunModel)" time="0.037" />
  <testcase classname="ptolemy.util.test.junit.AutoTests" name="[57] /home/travis/build/icyphy/ptII/ptolemy/domains/modal/test/auto/ErrorTransition8.xml (RunModel)" time="0.049" />
  <testcase classname="ptolemy.util.test.junit.AutoTests" name="[58] /home/travis/build/icyphy/ptII/ptolemy/domains/modal/test/auto/ErrorTransition9.xml (RunModel)" time="0.046" />
  <testcase classname="ptolemy.util.test.junit.AutoTests" name="[59] /home/travis/build/icyphy/ptII/ptolemy/domains/modal/test/auto/ExtendedFSM.xml (RunModel)" time="0.019" />
  <testcase classname="ptolemy.util.test.junit.AutoTests" name="[60] /home/travis/build/icyphy/ptII/ptolemy/domains/modal/test/auto/FinalStates.xml (RunModel)" time="0.018" />
  <testcase classname="ptolemy.util.test.junit.AutoTests" name="[61] /home/travis/build/icyphy/ptII/ptolemy/domains/modal/test/auto/FixedPointFSM.xml (RunModel)" time="0.034" />
  <testcase classname="ptolemy.util.test.junit.AutoTests" name="[62] /home/travis/build/icyphy/ptII/ptolemy/domains/modal/test/auto/FixedPointIterationFSMActor.xml (RunModel)" time="0.025" />
  <testcase classname="ptolemy.util.test.junit.AutoTests" name="[63] /home/travis/build/icyphy/ptII/ptolemy/domains/modal/test/auto/FixedPointIterationFSMActor2.xml (RunModel)" time="0.027" />
  <testcase classname="ptolemy.util.test.junit.AutoTests" name="[64] /home/travis/build/icyphy/ptII/ptolemy/domains/modal/test/auto/ForbiddenInstantanousLoop.xml (RunModel)" time="0.03" />
  <testcase classname="ptolemy.util.test.junit.AutoTests" name="[65] /home/travis/build/icyphy/ptII/ptolemy/domains/modal/test/auto/FunctionDependencyOfFSMActorTest.xml (RunModel)" time="0.019" />
  <testcase classname="ptolemy.util.test.junit.AutoTests" name="[66] /home/travis/build/icyphy/ptII/ptolemy/domains/modal/test/auto/GuardExpression.xml (RunModel)" time="0.014" />
  <testcase classname="ptolemy.util.test.junit.AutoTests" name="[67] /home/travis/build/icyphy/ptII/ptolemy/domains/modal/test/auto/GuardNotEvaluated.xml (RunModel)" time="0.027" />
  <testcase classname="ptolemy.util.test.junit.AutoTests" name="[68] /home/travis/build/icyphy/ptII/ptolemy/domains/modal/test/auto/GuardNotEvaluated2.xml (RunModel)" time="0.023" />
  <testcase classname="ptolemy.util.test.junit.AutoTests" name="[69] /home/travis/build/icyphy/ptII/ptolemy/domains/modal/test/auto/GuardOnAbsent.xml (RunModel)" time="0.02" />
  <testcase classname="ptolemy.util.test.junit.AutoTests" name="[70] /home/travis/build/icyphy/ptII/ptolemy/domains/modal/test/auto/HierarchicalFSMTypeInference.xml (RunModel)" time="0.027" />
  <testcase classname="ptolemy.util.test.junit.AutoTests" name="[71] /home/travis/build/icyphy/ptII/ptolemy/domains/modal/test/auto/Hysteresis.xml (RunModel)" time="0.039" />
  <testcase classname="ptolemy.util.test.junit.AutoTests" name="[72] /home/travis/build/icyphy/ptII/ptolemy/domains/modal/test/auto/HysteresisWithDefault.xml (RunModel)" time="0.069" />
  <testcase classname="ptolemy.util.test.junit.AutoTests" name="[73] /home/travis/build/icyphy/ptII/ptolemy/domains/modal/test/auto/HysteresisWithDefault2.xml (RunModel)" time="0.082" />
  <testcase classname="ptolemy.util.test.junit.AutoTests" name="[74] /home/travis/build/icyphy/ptII/ptolemy/domains/modal/test/auto/ImmediateNonConstructiveness.xml (RunModel)" time="0.019" />
  <testcase classname="ptolemy.util.test.junit.AutoTests" name="[75] /home/travis/build/icyphy/ptII/ptolemy/domains/modal/test/auto/ImmediateNonConstructiveness2.xml (RunModel)" time="0.016" />
  <testcase classname="ptolemy.util.test.junit.AutoTests" name="[76] /home/travis/build/icyphy/ptII/ptolemy/domains/modal/test/auto/ImmediateTransitionReset.xml (RunModel)" time="0.03" />
  <testcase classname="ptolemy.util.test.junit.AutoTests" name="[77] /home/travis/build/icyphy/ptII/ptolemy/domains/modal/test/auto/ImmediateTransitions1.xml (RunModel)" time="0.013" />
  <testcase classname="ptolemy.util.test.junit.AutoTests" name="[78] /home/travis/build/icyphy/ptII/ptolemy/domains/modal/test/auto/ImmediateTransitionsInstantaneousCommunication.xml (RunModel)" time="0.03" />
  <testcase classname="ptolemy.util.test.junit.AutoTests" name="[79] /home/travis/build/icyphy/ptII/ptolemy/domains/modal/test/auto/InitialImmediateTransition.xml (RunModel)" time="0.017" />
  <testcase classname="ptolemy.util.test.junit.AutoTests" name="[80] /home/travis/build/icyphy/ptII/ptolemy/domains/modal/test/auto/InitialOutputs.xml (RunModel)" time="0.016" />
  <testcase classname="ptolemy.util.test.junit.AutoTests" name="[81] /home/travis/build/icyphy/ptII/ptolemy/domains/modal/test/auto/InitialStateTransition1.xml (RunModel)" time="0.021" />
  <testcase classname="ptolemy.util.test.junit.AutoTests" name="[82] /home/travis/build/icyphy/ptII/ptolemy/domains/modal/test/auto/InitialStateTransition2.xml (RunModel)" time="0.019" />
  <testcase classname="ptolemy.util.test.junit.AutoTests" name="[83] /home/travis/build/icyphy/ptII/ptolemy/domains/modal/test/auto/InitialStateTransition3.xml (RunModel)" time="0.022" />
  <testcase classname="ptolemy.util.test.junit.AutoTests" name="[84] /home/travis/build/icyphy/ptII/ptolemy/domains/modal/test/auto/InitialStateTransition4.xml (RunModel)" time="0.027" />
  <testcase classname="ptolemy.util.test.junit.AutoTests" name="[85] /home/travis/build/icyphy/ptII/ptolemy/domains/modal/test/auto/MalformedGuardExpressionNotCaught.xml (RunModel)" time="0.019" />
  <testcase classname="ptolemy.util.test.junit.AutoTests" name="[86] /home/travis/build/icyphy/ptII/ptolemy/domains/modal/test/auto/ModalBSC.xml (RunModel)" time="0.08" />
  <testcase classname="ptolemy.util.test.junit.AutoTests" name="[87] /home/travis/build/icyphy/ptII/ptolemy/domains/modal/test/auto/ModalClocks.xml (RunModel)" time="0.06" />
  <testcase classname="ptolemy.util.test.junit.AutoTests" name="[88] /home/travis/build/icyphy/ptII/ptolemy/domains/modal/test/auto/ModalDelay.xml (RunModel)" time="0.037" />
  <testcase classname="ptolemy.util.test.junit.AutoTests" name="[89] /home/travis/build/icyphy/ptII/ptolemy/domains/modal/test/auto/ModalDelay2.xml (RunModel)" time="0.04" />
  <testcase classname="ptolemy.util.test.junit.AutoTests" name="[90] /home/travis/build/icyphy/ptII/ptolemy/domains/modal/test/auto/ModalModelFromMemo.xml (RunModel)" time="0.063" />
  <testcase classname="ptolemy.util.test.junit.AutoTests" name="[91] /home/travis/build/icyphy/ptII/ptolemy/domains/modal/test/auto/ModalModelWithMultirateTransient.xml (RunModel)" time="0.042" />
  <testcase classname="ptolemy.util.test.junit.AutoTests" name="[92] /home/travis/build/icyphy/ptII/ptolemy/domains/modal/test/auto/ModalModelWithReset.xml (RunModel)" time="0.036" />
  <testcase classname="ptolemy.util.test.junit.AutoTests" name="[93] /home/travis/build/icyphy/ptII/ptolemy/domains/modal/test/auto/MouseClickFSM.xml (RunModel)" time="0.038" />
  <testcase classname="ptolemy.util.test.junit.AutoTests" name="[94] /home/travis/build/icyphy/ptII/ptolemy/domains/modal/test/auto/MouseClickFSMModal.xml (RunModel)" time="0.033" />
  <testcase classname="ptolemy.util.test.junit.AutoTests" name="[95] /home/travis/build/icyphy/ptII/ptolemy/domains/modal/test/auto/NonStrictFSM_FeedbackLoop.xml (RunModel)" time="0.048" />
  <testcase classname="ptolemy.util.test.junit.AutoTests" name="[96] /home/travis/build/icyphy/ptII/ptolemy/domains/modal/test/auto/NonStrictFSM_FeedbackLoop_Refinement.xml (RunModel)" time="0.072" />
  <testcase classname="ptolemy.util.test.junit.AutoTests" name="[97] /home/travis/build/icyphy/ptII/ptolemy/domains/modal/test/auto/NonStrictFSM_FeedbackLoop_preemptive.xml (RunModel)" time="0.043" />
  <testcase classname="ptolemy.util.test.junit.AutoTests" name="[98] /home/travis/build/icyphy/ptII/ptolemy/domains/modal/test/auto/NormalTermination.xml (RunModel)" time="0.053" />
  <testcase classname="ptolemy.util.test.junit.AutoTests" name="[99] /home/travis/build/icyphy/ptII/ptolemy/domains/modal/test/auto/Pong.xml (RunModel)" time="0.07" />
  <testcase classname="ptolemy.util.test.junit.AutoTests" name="[100] /home/travis/build/icyphy/ptII/ptolemy/domains/modal/test/auto/Pong_test.xml (RunModel)" time="0.094" />
  <testcase classname="ptolemy.util.test.junit.AutoTests" name="[101] /home/travis/build/icyphy/ptII/ptolemy/domains/modal/test/auto/PreemptionHierarchy.xml (RunModel)" time="0.025" />
  <testcase classname="ptolemy.util.test.junit.AutoTests" name="[102] /home/travis/build/icyphy/ptII/ptolemy/domains/modal/test/auto/PreemptionHierarchy2.xml (RunModel)" time="0.035" />
  <testcase classname="ptolemy.util.test.junit.AutoTests" name="[103] /home/travis/build/icyphy/ptII/ptolemy/domains/modal/test/auto/PreemptiveTransition.xml (RunModel)" time="0.022" />
  <testcase classname="ptolemy.util.test.junit.AutoTests" name="[104] /home/travis/build/icyphy/ptII/ptolemy/domains/modal/test/auto/Priorities.xml (RunModel)" time="0.088" />
  <testcase classname="ptolemy.util.test.junit.AutoTests" name="[105] /home/travis/build/icyphy/ptII/ptolemy/domains/modal/test/auto/ResetFinal.xml (RunModel)" time="0.037" />
  <testcase classname="ptolemy.util.test.junit.AutoTests" name="[106] /home/travis/build/icyphy/ptII/ptolemy/domains/modal/test/auto/ResetFinal2.xml (RunModel)" time="0.031" />
  <testcase classname="ptolemy.util.test.junit.AutoTests" name="[107] /home/travis/build/icyphy/ptII/ptolemy/domains/modal/test/auto/ResetTransitionWithStartTime.xml (RunModel)" time="0.032" />
  <testcase classname="ptolemy.util.test.junit.AutoTests" name="[108] /home/travis/build/icyphy/ptII/ptolemy/domains/modal/test/auto/SDF-FSMComposite.xml (RunModel)" time="0.025" />
  <testcase classname="ptolemy.util.test.junit.AutoTests" name="[109] /home/travis/build/icyphy/ptII/ptolemy/domains/modal/test/auto/SeeminglyNondeterminate.xml (RunModel)" time="0.059" />
  <testcase classname="ptolemy.util.test.junit.AutoTests" name="[110] /home/travis/build/icyphy/ptII/ptolemy/domains/modal/test/auto/SeeminglyNondeterminate2.xml (RunModel)" time="0.069" />
  <testcase classname="ptolemy.util.test.junit.AutoTests" name="[111] /home/travis/build/icyphy/ptII/ptolemy/domains/modal/test/auto/SpontaneousFSM.xml (RunModel)" time="0.039" />
  <testcase classname="ptolemy.util.test.junit.AutoTests" name="[112] /home/travis/build/icyphy/ptII/ptolemy/domains/modal/test/auto/SpontaneousFSM2.xml (RunModel)" time="0.054" />
  <testcase classname="ptolemy.util.test.junit.AutoTests" name="[113] /home/travis/build/icyphy/ptII/ptolemy/domains/modal/test/auto/SpontaneousFSM3.xml (RunModel)" time="0.05" />
  <testcase classname="ptolemy.util.test.junit.AutoTests" name="[114] /home/travis/build/icyphy/ptII/ptolemy/domains/modal/test/auto/SpontaneousFSM4.xml (RunModel)" time="0.047" />
  <testcase classname="ptolemy.util.test.junit.AutoTests" name="[115] /home/travis/build/icyphy/ptII/ptolemy/domains/modal/test/auto/StateTrackerTest.xml (RunModel)" time="0.064" />
  <testcase classname="ptolemy.util.test.junit.AutoTests" name="[116] /home/travis/build/icyphy/ptII/ptolemy/domains/modal/test/auto/StrongImmediateTransition.xml (RunModel)" time="0.027" />
  <testcase classname="ptolemy.util.test.junit.AutoTests" name="[117] /home/travis/build/icyphy/ptII/ptolemy/domains/modal/test/auto/SustainHierarchy.xml (RunModel)" time="0.032" />
  <testcase classname="ptolemy.util.test.junit.AutoTests" name="[118] /home/travis/build/icyphy/ptII/ptolemy/domains/modal/test/auto/TerminationTransition1.xml (RunModel)" time="0.023" />
  <testcase classname="ptolemy.util.test.junit.AutoTests" name="[119] /home/travis/build/icyphy/ptII/ptolemy/domains/modal/test/auto/TerminationTransition2.xml (RunModel)" time="0.025" />
  <testcase classname="ptolemy.util.test.junit.AutoTests" name="[120] /home/travis/build/icyphy/ptII/ptolemy/domains/modal/test/auto/TerminationTransition3.xml (RunModel)" time="0.025" />
  <testcase classname="ptolemy.util.test.junit.AutoTests" name="[121] /home/travis/build/icyphy/ptII/ptolemy/domains/modal/test/auto/TerminationTransition4.xml (RunModel)" time="0.036" />
  <testcase classname="ptolemy.util.test.junit.AutoTests" name="[122] /home/travis/build/icyphy/ptII/ptolemy/domains/modal/test/auto/TerminationTransition5.xml (RunModel)" time="0.036" />
  <testcase classname="ptolemy.util.test.junit.AutoTests" name="[123] /home/travis/build/icyphy/ptII/ptolemy/domains/modal/test/auto/TerminationTransition6.xml (RunModel)" time="0.033" />
  <testcase classname="ptolemy.util.test.junit.AutoTests" name="[124] /home/travis/build/icyphy/ptII/ptolemy/domains/modal/test/auto/TerminationTransition7.xml (RunModel)" time="0.02" />
  <testcase classname="ptolemy.util.test.junit.AutoTests" name="[125] /home/travis/build/icyphy/ptII/ptolemy/domains/modal/test/auto/TerminationTransition8.xml (RunModel)" time="0.021" />
  <testcase classname="ptolemy.util.test.junit.AutoTests" name="[126] /home/travis/build/icyphy/ptII/ptolemy/domains/modal/test/auto/Thermostat_NoHysteresis.xml (RunModel)" time="0.052" />
  <testcase classname="ptolemy.util.test.junit.AutoTests" name="[127] /home/travis/build/icyphy/ptII/ptolemy/domains/modal/test/auto/TimedFSM.xml (RunModel)" time="0.03" />
  <testcase classname="ptolemy.util.test.junit.AutoTests" name="[128] /home/travis/build/icyphy/ptII/ptolemy/domains/modal/test/auto/Timeout1.xml (RunModel)" time="0.012" />
  <testcase classname="ptolemy.util.test.junit.AutoTests" name="[129] /home/travis/build/icyphy/ptII/ptolemy/domains/modal/test/auto/Timeout2.xml (RunModel)" time="0.017" />
  <testcase classname="ptolemy.util.test.junit.AutoTests" name="[130] /home/travis/build/icyphy/ptII/ptolemy/domains/modal/test/auto/Timeout3.xml (RunModel)" time="0.015" />
  <testcase classname="ptolemy.util.test.junit.AutoTests" name="[131] /home/travis/build/icyphy/ptII/ptolemy/domains/modal/test/auto/Timeout4.xml (RunModel)" time="0.012" />
  <testcase classname="ptolemy.util.test.junit.AutoTests" name="[132] /home/travis/build/icyphy/ptII/ptolemy/domains/modal/test/auto/TransientstateModelAdvanced.xml (RunModel)" time="0.029" />
  <testcase classname="ptolemy.util.test.junit.AutoTests" name="[133] /home/travis/build/icyphy/ptII/ptolemy/domains/modal/test/auto/TransientstateModelAdvanced2.xml (RunModel)" time="0.033" />
  <testcase classname="ptolemy.util.test.junit.AutoTests" name="[134] /home/travis/build/icyphy/ptII/ptolemy/domains/modal/test/auto/TransitionRefinements.xml (RunModel)" time="0.029" />
  <testcase classname="ptolemy.util.test.junit.AutoTests" name="[135] /home/travis/build/icyphy/ptII/ptolemy/domains/modal/test/auto/TwoRefinements1.xml (RunModel)" time="0.03" />
  <testcase classname="ptolemy.util.test.junit.AutoTests" name="[136] /home/travis/build/icyphy/ptII/ptolemy/domains/modal/test/auto/TwoRefinements2.xml (RunModel)" time="0.033" />
  <testcase classname="ptolemy.util.test.junit.AutoTests" name="[137] /home/travis/build/icyphy/ptII/ptolemy/domains/modal/test/auto/WeakImmediateTransition.xml (RunModel)" time="0.031" />
  <testcase classname="ptolemy.util.test.junit.AutoTests" name="[138] /home/travis/build/icyphy/ptII/ptolemy/domains/modal/test/auto/booleanSelect.xml (RunModel)" time="0.062" />
  <testcase classname="ptolemy.util.test.junit.AutoTests" name="[139] /home/travis/build/icyphy/ptII/ptolemy/domains/modal/test/auto/modalChangingParams.xml (RunModel)" time="0.243" />
  <testcase classname="ptolemy.util.test.junit.AutoTests" name="[140] /home/travis/build/icyphy/ptII/ptolemy/domains/modal/test/auto/modalModel.xml (RunModel)" time="0.03" />
  <testcase classname="ptolemy.util.test.junit.AutoTests" name="[141] /home/travis/build/icyphy/ptII/ptolemy/domains/modal/test/auto/modalModel2.xml (RunModel)" time="0.033" />
  <testcase classname="ptolemy.util.test.junit.AutoTests" name="[142] /home/travis/build/icyphy/ptII/ptolemy/domains/modal/test/auto/modalModel3.xml (RunModel)" time="0.041" />
  <testcase classname="ptolemy.util.test.junit.AutoTests" name="[143] /home/travis/build/icyphy/ptII/ptolemy/domains/modal/test/auto/model1.xml (RunModel)" time="0.017" />
  <testcase classname="ptolemy.util.test.junit.AutoTests" name="[144] /home/travis/build/icyphy/ptII/ptolemy/domains/modal/test/auto/test-direct-in-out.xml (RunModel)" time="0.018" />
  <system-out><![CDATA[/home/travis/build/icyphy/ptII/ptolemy/domains/modal/test/SystemLevelType.tcl
testDefs.tcl: setting time out to 9000 seconds at Tue May 29 01:20:39 UTC 2018
05/29/18 01:20:40
Failed: 0  Total Tests: 1  ((Passed: 1, Newly Passed: 0)  Known Failed: 0) /home/travis/build/icyphy/ptII/ptolemy/domains/modal/test
----------------- testing (KnownFailure) /home/travis/build/icyphy/ptII/ptolemy/domains/modal/test/auto/knownFailedTests/CannotAnalysisWithPreemption.xml
61 ms. Memory: 208384K Free: 188371K (90%)
Known Failure: java.lang.reflect.InvocationTargetException
No auto/*.xml tests in /home/travis/build/icyphy/ptII/ptolemy/domains/modal/test
AutoTests.java: About to close Vertx.
AutoTests.java: Vertx closed.
----------------- testing Tue May 29 01:20:41 UTC 2018 /home/travis/build/icyphy/ptII/ptolemy/domains/modal/test/auto/ABPTest.xml
----------------- Instantiating /home/travis/build/icyphy/ptII/ptolemy/domains/modal/test/auto/ABPTest.xml
317 ms. Memory: 332288K Free: 293897K (88%)
----------------- Invoking toplevel() on ptolemy.moml.MoMLSimpleApplication@3d8e7db5
----------------- Done invoking toplevel() on ptolemy.moml.MoMLSimpleApplication@3d8e7db5
reloadAllAccessors: .ABPTest
----------------- testing Tue May 29 01:20:42 UTC 2018 /home/travis/build/icyphy/ptII/ptolemy/domains/modal/test/auto/ABROFlat.xml
----------------- Instantiating /home/travis/build/icyphy/ptII/ptolemy/domains/modal/test/auto/ABROFlat.xml
21 ms. Memory: 332288K Free: 271761K (82%)
----------------- Invoking toplevel() on ptolemy.moml.MoMLSimpleApplication@77259374
----------------- Done invoking toplevel() on ptolemy.moml.MoMLSimpleApplication@77259374
reloadAllAccessors: .ABROFlat
----------------- testing Tue May 29 01:20:42 UTC 2018 /home/travis/build/icyphy/ptII/ptolemy/domains/modal/test/auto/ABROFlat2.xml
----------------- Instantiating /home/travis/build/icyphy/ptII/ptolemy/domains/modal/test/auto/ABROFlat2.xml
17 ms. Memory: 332288K Free: 253770K (76%)
----------------- Invoking toplevel() on ptolemy.moml.MoMLSimpleApplication@56b0531e
----------------- Done invoking toplevel() on ptolemy.moml.MoMLSimpleApplication@56b0531e
reloadAllAccessors: .ABROFlat2
----------------- testing Tue May 29 01:20:42 UTC 2018 /home/travis/build/icyphy/ptII/ptolemy/domains/modal/test/auto/ABRO_present_hmm.xml
----------------- Instantiating /home/travis/build/icyphy/ptII/ptolemy/domains/modal/test/auto/ABRO_present_hmm.xml
32 ms. Memory: 332288K Free: 221094K (67%)
----------------- Invoking toplevel() on ptolemy.moml.MoMLSimpleApplication@74305359
----------------- Done invoking toplevel() on ptolemy.moml.MoMLSimpleApplication@74305359
reloadAllAccessors: .ABRO_present_hmm
----------------- testing Tue May 29 01:20:42 UTC 2018 /home/travis/build/icyphy/ptII/ptolemy/domains/modal/test/auto/AMICoderExample.xml
----------------- Instantiating /home/travis/build/icyphy/ptII/ptolemy/domains/modal/test/auto/AMICoderExample.xml
19 ms. Memory: 332288K Free: 209649K (63%)
----------------- Invoking toplevel() on ptolemy.moml.MoMLSimpleApplication@15d6adef
----------------- Done invoking toplevel() on ptolemy.moml.MoMLSimpleApplication@15d6adef
reloadAllAccessors: .AMICoderExample
----------------- testing Tue May 29 01:20:42 UTC 2018 /home/travis/build/icyphy/ptII/ptolemy/domains/modal/test/auto/AbsentToPresent.xml
----------------- Instantiating /home/travis/build/icyphy/ptII/ptolemy/domains/modal/test/auto/AbsentToPresent.xml
6 ms. Memory: 332288K Free: 199673K (60%)
----------------- Invoking toplevel() on ptolemy.moml.MoMLSimpleApplication@70ecbc43
----------------- Done invoking toplevel() on ptolemy.moml.MoMLSimpleApplication@70ecbc43
reloadAllAccessors: .AbsentToPresent
----------------- testing Tue May 29 01:20:42 UTC 2018 /home/travis/build/icyphy/ptII/ptolemy/domains/modal/test/auto/Blending.xml
----------------- Instantiating /home/travis/build/icyphy/ptII/ptolemy/domains/modal/test/auto/Blending.xml
140 ms. Memory: 332288K Free: 148928K (45%)
----------------- Invoking toplevel() on ptolemy.moml.MoMLSimpleApplication@109ec172
----------------- Done invoking toplevel() on ptolemy.moml.MoMLSimpleApplication@109ec172
reloadAllAccessors: .Blending
----------------- testing Tue May 29 01:20:42 UTC 2018 /home/travis/build/icyphy/ptII/ptolemy/domains/modal/test/auto/Broadcast.xml
----------------- Instantiating /home/travis/build/icyphy/ptII/ptolemy/domains/modal/test/auto/Broadcast.xml
10 ms. Memory: 332288K Free: 135886K (41%)
----------------- Invoking toplevel() on ptolemy.moml.MoMLSimpleApplication@52e82d07
----------------- Done invoking toplevel() on ptolemy.moml.MoMLSimpleApplication@52e82d07
reloadAllAccessors: .Broadcast
----------------- testing Tue May 29 01:20:42 UTC 2018 /home/travis/build/icyphy/ptII/ptolemy/domains/modal/test/auto/BroadcastHierarchy.xml
----------------- Instantiating /home/travis/build/icyphy/ptII/ptolemy/domains/modal/test/auto/BroadcastHierarchy.xml
14 ms. Memory: 332288K Free: 117951K (35%)
----------------- Invoking toplevel() on ptolemy.moml.MoMLSimpleApplication@5b6ff5a1
----------------- Done invoking toplevel() on ptolemy.moml.MoMLSimpleApplication@5b6ff5a1
reloadAllAccessors: .BroadcastHierarchy
----------------- testing Tue May 29 01:20:42 UTC 2018 /home/travis/build/icyphy/ptII/ptolemy/domains/modal/test/auto/BroadcastHierarchy2.xml
----------------- Instantiating /home/travis/build/icyphy/ptII/ptolemy/domains/modal/test/auto/BroadcastHierarchy2.xml
22 ms. Memory: 332288K Free: 82010K (25%)
----------------- Invoking toplevel() on ptolemy.moml.MoMLSimpleApplication@79c50e5f
----------------- Done invoking toplevel() on ptolemy.moml.MoMLSimpleApplication@79c50e5f
reloadAllAccessors: .BroadcastHierarchy2
----------------- testing Tue May 29 01:20:43 UTC 2018 /home/travis/build/icyphy/ptII/ptolemy/domains/modal/test/auto/BroadcastHierarchy3.xml
----------------- Instantiating /home/travis/build/icyphy/ptII/ptolemy/domains/modal/test/auto/BroadcastHierarchy3.xml
14 ms. Memory: 333824K Free: 299279K (90%)
----------------- Invoking toplevel() on ptolemy.moml.MoMLSimpleApplication@3284c61
----------------- Done invoking toplevel() on ptolemy.moml.MoMLSimpleApplication@3284c61
reloadAllAccessors: .BroadcastHierarchy3
----------------- testing Tue May 29 01:20:43 UTC 2018 /home/travis/build/icyphy/ptII/ptolemy/domains/modal/test/auto/BroadcastHierarchy4.xml
----------------- Instantiating /home/travis/build/icyphy/ptII/ptolemy/domains/modal/test/auto/BroadcastHierarchy4.xml
23 ms. Memory: 333824K Free: 264285K (79%)
----------------- Invoking toplevel() on ptolemy.moml.MoMLSimpleApplication@539969ac
----------------- Done invoking toplevel() on ptolemy.moml.MoMLSimpleApplication@539969ac
reloadAllAccessors: .BroadcastHierarchy4
----------------- testing Tue May 29 01:20:43 UTC 2018 /home/travis/build/icyphy/ptII/ptolemy/domains/modal/test/auto/CannotAnalysisWithPreemption2.xml
----------------- Instantiating /home/travis/build/icyphy/ptII/ptolemy/domains/modal/test/auto/CannotAnalysisWithPreemption2.xml
5 ms. Memory: 333824K Free: 254499K (76%)
----------------- Invoking toplevel() on ptolemy.moml.MoMLSimpleApplication@54ed5481
----------------- Done invoking toplevel() on ptolemy.moml.MoMLSimpleApplication@54ed5481
reloadAllAccessors: .CannotAnalysisWithPreemption2
----------------- testing Tue May 29 01:20:43 UTC 2018 /home/travis/build/icyphy/ptII/ptolemy/domains/modal/test/auto/CannotAnalysisWithPreemption3.xml
----------------- Instantiating /home/travis/build/icyphy/ptII/ptolemy/domains/modal/test/auto/CannotAnalysisWithPreemption3.xml
5 ms. Memory: 333824K Free: 241441K (72%)
----------------- Invoking toplevel() on ptolemy.moml.MoMLSimpleApplication@54d19ff
----------------- Done invoking toplevel() on ptolemy.moml.MoMLSimpleApplication@54d19ff
reloadAllAccessors: .CannotAnalysisWithPreemption3
----------------- testing Tue May 29 01:20:43 UTC 2018 /home/travis/build/icyphy/ptII/ptolemy/domains/modal/test/auto/CannotProduce.xml
----------------- Instantiating /home/travis/build/icyphy/ptII/ptolemy/domains/modal/test/auto/CannotProduce.xml
10 ms. Memory: 333824K Free: 232626K (70%)
----------------- Invoking toplevel() on ptolemy.moml.MoMLSimpleApplication@6cb49be1
----------------- Done invoking toplevel() on ptolemy.moml.MoMLSimpleApplication@6cb49be1
reloadAllAccessors: .CannotProduce
----------------- testing Tue May 29 01:20:43 UTC 2018 /home/travis/build/icyphy/ptII/ptolemy/domains/modal/test/auto/CannotProduceModal.xml
----------------- Instantiating /home/travis/build/icyphy/ptII/ptolemy/domains/modal/test/auto/CannotProduceModal.xml
5 ms. Memory: 333824K Free: 224459K (67%)
----------------- Invoking toplevel() on ptolemy.moml.MoMLSimpleApplication@634df619
----------------- Done invoking toplevel() on ptolemy.moml.MoMLSimpleApplication@634df619
reloadAllAccessors: .CannotProduceModal
----------------- testing Tue May 29 01:20:43 UTC 2018 /home/travis/build/icyphy/ptII/ptolemy/domains/modal/test/auto/Case.xml
----------------- Instantiating /home/travis/build/icyphy/ptII/ptolemy/domains/modal/test/auto/Case.xml
25 ms. Memory: 333824K Free: 211370K (63%)
----------------- Invoking toplevel() on ptolemy.moml.MoMLSimpleApplication@74792235
----------------- Done invoking toplevel() on ptolemy.moml.MoMLSimpleApplication@74792235
reloadAllAccessors: .Case
----------------- testing Tue May 29 01:20:43 UTC 2018 /home/travis/build/icyphy/ptII/ptolemy/domains/modal/test/auto/Case1.xml
----------------- Instantiating /home/travis/build/icyphy/ptII/ptolemy/domains/modal/test/auto/Case1.xml
5 ms. Memory: 333824K Free: 200910K (60%)
----------------- Invoking toplevel() on ptolemy.moml.MoMLSimpleApplication@aee6957
----------------- Done invoking toplevel() on ptolemy.moml.MoMLSimpleApplication@aee6957
reloadAllAccessors: .Case1
----------------- testing Tue May 29 01:20:43 UTC 2018 /home/travis/build/icyphy/ptII/ptolemy/domains/modal/test/auto/Case2.xml
----------------- Instantiating /home/travis/build/icyphy/ptII/ptolemy/domains/modal/test/auto/Case2.xml
16 ms. Memory: 333824K Free: 189465K (57%)
----------------- Invoking toplevel() on ptolemy.moml.MoMLSimpleApplication@50bc3526
----------------- Done invoking toplevel() on ptolemy.moml.MoMLSimpleApplication@50bc3526
reloadAllAccessors: .Case2
----------------- testing Tue May 29 01:20:43 UTC 2018 /home/travis/build/icyphy/ptII/ptolemy/domains/modal/test/auto/CausalityInterface1.xml
----------------- Instantiating /home/travis/build/icyphy/ptII/ptolemy/domains/modal/test/auto/CausalityInterface1.xml
3 ms. Memory: 333824K Free: 182936K (55%)
----------------- Invoking toplevel() on ptolemy.moml.MoMLSimpleApplication@3b7f921c
----------------- Done invoking toplevel() on ptolemy.moml.MoMLSimpleApplication@3b7f921c
reloadAllAccessors: .CausalityInterface1
----------------- testing Tue May 29 01:20:43 UTC 2018 /home/travis/build/icyphy/ptII/ptolemy/domains/modal/test/auto/CausalityInterface10.xml
----------------- Instantiating /home/travis/build/icyphy/ptII/ptolemy/domains/modal/test/auto/CausalityInterface10.xml
4 ms. Memory: 333824K Free: 164336K (49%)
----------------- Invoking toplevel() on ptolemy.moml.MoMLSimpleApplication@1ee97dff
----------------- Done invoking toplevel() on ptolemy.moml.MoMLSimpleApplication@1ee97dff
reloadAllAccessors: .CausalityInterface10
----------------- testing Tue May 29 01:20:43 UTC 2018 /home/travis/build/icyphy/ptII/ptolemy/domains/modal/test/auto/CausalityInterface11.xml
----------------- Instantiating /home/travis/build/icyphy/ptII/ptolemy/domains/modal/test/auto/CausalityInterface11.xml
9 ms. Memory: 333824K Free: 148013K (44%)
----------------- Invoking toplevel() on ptolemy.moml.MoMLSimpleApplication@36497292
----------------- Done invoking toplevel() on ptolemy.moml.MoMLSimpleApplication@36497292
reloadAllAccessors: .CausalityInterface11
----------------- testing Tue May 29 01:20:43 UTC 2018 /home/travis/build/icyphy/ptII/ptolemy/domains/modal/test/auto/CausalityInterface12.xml
----------------- Instantiating /home/travis/build/icyphy/ptII/ptolemy/domains/modal/test/auto/CausalityInterface12.xml
8 ms. Memory: 333824K Free: 131699K (39%)
----------------- Invoking toplevel() on ptolemy.moml.MoMLSimpleApplication@4a301a75
----------------- Done invoking toplevel() on ptolemy.moml.MoMLSimpleApplication@4a301a75
reloadAllAccessors: .CausalityInterface12
----------------- testing Tue May 29 01:20:43 UTC 2018 /home/travis/build/icyphy/ptII/ptolemy/domains/modal/test/auto/CausalityInterface13.xml
----------------- Instantiating /home/travis/build/icyphy/ptII/ptolemy/domains/modal/test/auto/CausalityInterface13.xml
5 ms. Memory: 333824K Free: 113083K (34%)
----------------- Invoking toplevel() on ptolemy.moml.MoMLSimpleApplication@67a393bf
----------------- Done invoking toplevel() on ptolemy.moml.MoMLSimpleApplication@67a393bf
reloadAllAccessors: .CausalityInterface13
----------------- testing Tue May 29 01:20:43 UTC 2018 /home/travis/build/icyphy/ptII/ptolemy/domains/modal/test/auto/CausalityInterface14.xml
----------------- Instantiating /home/travis/build/icyphy/ptII/ptolemy/domains/modal/test/auto/CausalityInterface14.xml
5 ms. Memory: 333824K Free: 96769K (29%)
----------------- Invoking toplevel() on ptolemy.moml.MoMLSimpleApplication@289abda3
----------------- Done invoking toplevel() on ptolemy.moml.MoMLSimpleApplication@289abda3
reloadAllAccessors: .CausalityInterface14
----------------- testing Tue May 29 01:20:43 UTC 2018 /home/travis/build/icyphy/ptII/ptolemy/domains/modal/test/auto/CausalityInterface2.xml
----------------- Instantiating /home/travis/build/icyphy/ptII/ptolemy/domains/modal/test/auto/CausalityInterface2.xml
3 ms. Memory: 333824K Free: 88596K (27%)
----------------- Invoking toplevel() on ptolemy.moml.MoMLSimpleApplication@1d2c542f
----------------- Done invoking toplevel() on ptolemy.moml.MoMLSimpleApplication@1d2c542f
reloadAllAccessors: .CausalityInterface2
----------------- testing Tue May 29 01:20:43 UTC 2018 /home/travis/build/icyphy/ptII/ptolemy/domains/modal/test/auto/CausalityInterface3.xml
----------------- Instantiating /home/travis/build/icyphy/ptII/ptolemy/domains/modal/test/auto/CausalityInterface3.xml
13 ms. Memory: 578048K Free: 566328K (98%)
----------------- Invoking toplevel() on ptolemy.moml.MoMLSimpleApplication@4a9f5c8b
----------------- Done invoking toplevel() on ptolemy.moml.MoMLSimpleApplication@4a9f5c8b
reloadAllAccessors: .CausalityInterface3
----------------- testing Tue May 29 01:20:43 UTC 2018 /home/travis/build/icyphy/ptII/ptolemy/domains/modal/test/auto/CausalityInterface4.xml
----------------- Instantiating /home/travis/build/icyphy/ptII/ptolemy/domains/modal/test/auto/CausalityInterface4.xml
2 ms. Memory: 578048K Free: 551450K (95%)
----------------- Invoking toplevel() on ptolemy.moml.MoMLSimpleApplication@6688c093
----------------- Done invoking toplevel() on ptolemy.moml.MoMLSimpleApplication@6688c093
reloadAllAccessors: .CausalityInterface4
----------------- testing Tue May 29 01:20:44 UTC 2018 /home/travis/build/icyphy/ptII/ptolemy/domains/modal/test/auto/CausalityInterface5.xml
----------------- Instantiating /home/travis/build/icyphy/ptII/ptolemy/domains/modal/test/auto/CausalityInterface5.xml
4 ms. Memory: 578048K Free: 539215K (93%)
----------------- Invoking toplevel() on ptolemy.moml.MoMLSimpleApplication@12c18a5a
----------------- Done invoking toplevel() on ptolemy.moml.MoMLSimpleApplication@12c18a5a
reloadAllAccessors: .CausalityInterface5
----------------- testing Tue May 29 01:20:44 UTC 2018 /home/travis/build/icyphy/ptII/ptolemy/domains/modal/test/auto/CausalityInterface6.xml
----------------- Instantiating /home/travis/build/icyphy/ptII/ptolemy/domains/modal/test/auto/CausalityInterface6.xml
4 ms. Memory: 578048K Free: 526996K (91%)
----------------- Invoking toplevel() on ptolemy.moml.MoMLSimpleApplication@75b3e161
----------------- Done invoking toplevel() on ptolemy.moml.MoMLSimpleApplication@75b3e161
reloadAllAccessors: .CausalityInterface6
----------------- testing Tue May 29 01:20:44 UTC 2018 /home/travis/build/icyphy/ptII/ptolemy/domains/modal/test/auto/CausalityInterface7.xml
----------------- Instantiating /home/travis/build/icyphy/ptII/ptolemy/domains/modal/test/auto/CausalityInterface7.xml
3 ms. Memory: 578048K Free: 514752K (89%)
----------------- Invoking toplevel() on ptolemy.moml.MoMLSimpleApplication@47cc146f
----------------- Done invoking toplevel() on ptolemy.moml.MoMLSimpleApplication@47cc146f
reloadAllAccessors: .CausalityInterface7
----------------- testing Tue May 29 01:20:44 UTC 2018 /home/travis/build/icyphy/ptII/ptolemy/domains/modal/test/auto/CausalityInterface8.xml
----------------- Instantiating /home/travis/build/icyphy/ptII/ptolemy/domains/modal/test/auto/CausalityInterface8.xml
4 ms. Memory: 578048K Free: 499382K (86%)
----------------- Invoking toplevel() on ptolemy.moml.MoMLSimpleApplication@1e416973
----------------- Done invoking toplevel() on ptolemy.moml.MoMLSimpleApplication@1e416973
reloadAllAccessors: .CausalityInterface8
----------------- testing Tue May 29 01:20:44 UTC 2018 /home/travis/build/icyphy/ptII/ptolemy/domains/modal/test/auto/CausalityInterface9.xml
----------------- Instantiating /home/travis/build/icyphy/ptII/ptolemy/domains/modal/test/auto/CausalityInterface9.xml
3 ms. Memory: 578048K Free: 487163K (84%)
----------------- Invoking toplevel() on ptolemy.moml.MoMLSimpleApplication@77e46654
----------------- Done invoking toplevel() on ptolemy.moml.MoMLSimpleApplication@77e46654
reloadAllAccessors: .CausalityInterface9
----------------- testing Tue May 29 01:20:44 UTC 2018 /home/travis/build/icyphy/ptII/ptolemy/domains/modal/test/auto/ChainedTransitions.xml
----------------- Instantiating /home/travis/build/icyphy/ptII/ptolemy/domains/modal/test/auto/ChainedTransitions.xml
87 ms. Memory: 578048K Free: 447998K (78%)
----------------- Invoking toplevel() on ptolemy.moml.MoMLSimpleApplication@3a93e110
----------------- Done invoking toplevel() on ptolemy.moml.MoMLSimpleApplication@3a93e110
reloadAllAccessors: .ChainedTransitions
----------------- testing Tue May 29 01:20:44 UTC 2018 /home/travis/build/icyphy/ptII/ptolemy/domains/modal/test/auto/CycleOfImmediateTransitionsFSM.xml
----------------- Instantiating /home/travis/build/icyphy/ptII/ptolemy/domains/modal/test/auto/CycleOfImmediateTransitionsFSM.xml
3 ms. Memory: 578048K Free: 438205K (76%)
----------------- Invoking toplevel() on ptolemy.moml.MoMLSimpleApplication@415ae813
----------------- Done invoking toplevel() on ptolemy.moml.MoMLSimpleApplication@415ae813
reloadAllAccessors: .CycleOfImmediateTransitionsFSM
----------------- testing Tue May 29 01:20:44 UTC 2018 /home/travis/build/icyphy/ptII/ptolemy/domains/modal/test/auto/CycleOfImmediateTransitionsModal.xml
----------------- Instantiating /home/travis/build/icyphy/ptII/ptolemy/domains/modal/test/auto/CycleOfImmediateTransitionsModal.xml
3 ms. Memory: 578048K Free: 425301K (74%)
----------------- Invoking toplevel() on ptolemy.moml.MoMLSimpleApplication@4f000939
----------------- Done invoking toplevel() on ptolemy.moml.MoMLSimpleApplication@4f000939
reloadAllAccessors: .CycleOfImmediateTransitionsModal
----------------- testing Tue May 29 01:20:44 UTC 2018 /home/travis/build/icyphy/ptII/ptolemy/domains/modal/test/auto/CycleOfImmediateTransitionsModal2.xml
----------------- Instantiating /home/travis/build/icyphy/ptII/ptolemy/domains/modal/test/auto/CycleOfImmediateTransitionsModal2.xml
4 ms. Memory: 578048K Free: 415532K (72%)
----------------- Invoking toplevel() on ptolemy.moml.MoMLSimpleApplication@499829b2
----------------- Done invoking toplevel() on ptolemy.moml.MoMLSimpleApplication@499829b2
reloadAllAccessors: .CycleOfImmediateTransitionsModal2
----------------- testing Tue May 29 01:20:44 UTC 2018 /home/travis/build/icyphy/ptII/ptolemy/domains/modal/test/auto/CycleOfImmediateTransitionsModal3.xml
----------------- Instantiating /home/travis/build/icyphy/ptII/ptolemy/domains/modal/test/auto/CycleOfImmediateTransitionsModal3.xml
11 ms. Memory: 578048K Free: 386168K (67%)
----------------- Invoking toplevel() on ptolemy.moml.MoMLSimpleApplication@141a8da8
----------------- Done invoking toplevel() on ptolemy.moml.MoMLSimpleApplication@141a8da8
reloadAllAccessors: .CycleOfImmediateTransitionsModal3
----------------- testing Tue May 29 01:20:44 UTC 2018 /home/travis/build/icyphy/ptII/ptolemy/domains/modal/test/auto/DeepModal1.xml
----------------- Instantiating /home/travis/build/icyphy/ptII/ptolemy/domains/modal/test/auto/DeepModal1.xml
15 ms. Memory: 578048K Free: 369017K (64%)
----------------- Invoking toplevel() on ptolemy.moml.MoMLSimpleApplication@335aa608
----------------- Done invoking toplevel() on ptolemy.moml.MoMLSimpleApplication@335aa608
reloadAllAccessors: .DeepModal1
----------------- testing Tue May 29 01:20:44 UTC 2018 /home/travis/build/icyphy/ptII/ptolemy/domains/modal/test/auto/DeepModal2.xml
----------------- Instantiating /home/travis/build/icyphy/ptII/ptolemy/domains/modal/test/auto/DeepModal2.xml
14 ms. Memory: 578048K Free: 343869K (59%)
----------------- Invoking toplevel() on ptolemy.moml.MoMLSimpleApplication@7e8ce9d7
----------------- Done invoking toplevel() on ptolemy.moml.MoMLSimpleApplication@7e8ce9d7
reloadAllAccessors: .DeepModal2
----------------- testing Tue May 29 01:20:44 UTC 2018 /home/travis/build/icyphy/ptII/ptolemy/domains/modal/test/auto/DeepModal3.xml
----------------- Instantiating /home/travis/build/icyphy/ptII/ptolemy/domains/modal/test/auto/DeepModal3.xml
18 ms. Memory: 578048K Free: 321857K (56%)
----------------- Invoking toplevel() on ptolemy.moml.MoMLSimpleApplication@7ff4495f
----------------- Done invoking toplevel() on ptolemy.moml.MoMLSimpleApplication@7ff4495f
reloadAllAccessors: .DeepModal3
----------------- testing Tue May 29 01:20:44 UTC 2018 /home/travis/build/icyphy/ptII/ptolemy/domains/modal/test/auto/DeepModal4.xml
----------------- Instantiating /home/travis/build/icyphy/ptII/ptolemy/domains/modal/test/auto/DeepModal4.xml
29 ms. Memory: 578048K Free: 299844K (52%)
----------------- Invoking toplevel() on ptolemy.moml.MoMLSimpleApplication@56e3047c
----------------- Done invoking toplevel() on ptolemy.moml.MoMLSimpleApplication@56e3047c
reloadAllAccessors: .DeepModal4
----------------- testing Tue May 29 01:20:44 UTC 2018 /home/travis/build/icyphy/ptII/ptolemy/domains/modal/test/auto/Default1.xml
----------------- Instantiating /home/travis/build/icyphy/ptII/ptolemy/domains/modal/test/auto/Default1.xml
2 ms. Memory: 578048K Free: 290043K (50%)
----------------- Invoking toplevel() on ptolemy.moml.MoMLSimpleApplication@1862ff65
----------------- Done invoking toplevel() on ptolemy.moml.MoMLSimpleApplication@1862ff65
reloadAllAccessors: .Default1
----------------- testing Tue May 29 01:20:44 UTC 2018 /home/travis/build/icyphy/ptII/ptolemy/domains/modal/test/auto/Default2.xml
----------------- Instantiating /home/travis/build/icyphy/ptII/ptolemy/domains/modal/test/auto/Default2.xml
3 ms. Memory: 578048K Free: 277107K (48%)
----------------- Invoking toplevel() on ptolemy.moml.MoMLSimpleApplication@1f8c1e78
----------------- Done invoking toplevel() on ptolemy.moml.MoMLSimpleApplication@1f8c1e78
reloadAllAccessors: .Default2
----------------- testing Tue May 29 01:20:44 UTC 2018 /home/travis/build/icyphy/ptII/ptolemy/domains/modal/test/auto/Default3.xml
----------------- Instantiating /home/travis/build/icyphy/ptII/ptolemy/domains/modal/test/auto/Default3.xml
3 ms. Memory: 578048K Free: 267338K (46%)
----------------- Invoking toplevel() on ptolemy.moml.MoMLSimpleApplication@56b49098
----------------- Done invoking toplevel() on ptolemy.moml.MoMLSimpleApplication@56b49098
reloadAllAccessors: .Default3
----------------- testing Tue May 29 01:20:44 UTC 2018 /home/travis/build/icyphy/ptII/ptolemy/domains/modal/test/auto/Default4.xml
----------------- Instantiating /home/travis/build/icyphy/ptII/ptolemy/domains/modal/test/auto/Default4.xml
5 ms. Memory: 578048K Free: 257536K (45%)
----------------- Invoking toplevel() on ptolemy.moml.MoMLSimpleApplication@2b2a29cd
----------------- Done invoking toplevel() on ptolemy.moml.MoMLSimpleApplication@2b2a29cd
reloadAllAccessors: .Default4
----------------- testing Tue May 29 01:20:44 UTC 2018 /home/travis/build/icyphy/ptII/ptolemy/domains/modal/test/auto/Default5.xml
----------------- Instantiating /home/travis/build/icyphy/ptII/ptolemy/domains/modal/test/auto/Default5.xml
6 ms. Memory: 578048K Free: 247751K (43%)
----------------- Invoking toplevel() on ptolemy.moml.MoMLSimpleApplication@64d254ac
----------------- Done invoking toplevel() on ptolemy.moml.MoMLSimpleApplication@64d254ac
reloadAllAccessors: .Default5
----------------- testing Tue May 29 01:20:44 UTC 2018 /home/travis/build/icyphy/ptII/ptolemy/domains/modal/test/auto/EmptyGuard.xml
----------------- Instantiating /home/travis/build/icyphy/ptII/ptolemy/domains/modal/test/auto/EmptyGuard.xml
5 ms. Memory: 578048K Free: 234840K (41%)
----------------- Invoking toplevel() on ptolemy.moml.MoMLSimpleApplication@4c3a6e61
----------------- Done invoking toplevel() on ptolemy.moml.MoMLSimpleApplication@4c3a6e61
reloadAllAccessors: .EmptyGuard
----------------- testing Tue May 29 01:20:44 UTC 2018 /home/travis/build/icyphy/ptII/ptolemy/domains/modal/test/auto/ErrorTransition1.xml
----------------- Instantiating /home/travis/build/icyphy/ptII/ptolemy/domains/modal/test/auto/ErrorTransition1.xml
5 ms. Memory: 578048K Free: 222613K (39%)
----------------- Invoking toplevel() on ptolemy.moml.MoMLSimpleApplication@45601b2a
----------------- Done invoking toplevel() on ptolemy.moml.MoMLSimpleApplication@45601b2a
reloadAllAccessors: .ErrorTransition1
----------------- testing Tue May 29 01:20:44 UTC 2018 /home/travis/build/icyphy/ptII/ptolemy/domains/modal/test/auto/ErrorTransition10.xml
----------------- Instantiating /home/travis/build/icyphy/ptII/ptolemy/domains/modal/test/auto/ErrorTransition10.xml
7 ms. Memory: 578048K Free: 205500K (36%)
----------------- Invoking toplevel() on ptolemy.moml.MoMLSimpleApplication@6a24458f
----------------- Done invoking toplevel() on ptolemy.moml.MoMLSimpleApplication@6a24458f
reloadAllAccessors: .ErrorTransition10
----------------- testing Tue May 29 01:20:44 UTC 2018 /home/travis/build/icyphy/ptII/ptolemy/domains/modal/test/auto/ErrorTransition11.xml
----------------- Instantiating /home/travis/build/icyphy/ptII/ptolemy/domains/modal/test/auto/ErrorTransition11.xml
4 ms. Memory: 578048K Free: 190822K (33%)
----------------- Invoking toplevel() on ptolemy.moml.MoMLSimpleApplication@2c6c1a5d
----------------- Done invoking toplevel() on ptolemy.moml.MoMLSimpleApplication@2c6c1a5d
reloadAllAccessors: .ErrorTransition11
----------------- testing Tue May 29 01:20:45 UTC 2018 /home/travis/build/icyphy/ptII/ptolemy/domains/modal/test/auto/ErrorTransition2.xml
----------------- Instantiating /home/travis/build/icyphy/ptII/ptolemy/domains/modal/test/auto/ErrorTransition2.xml
5 ms. Memory: 578048K Free: 178579K (31%)
----------------- Invoking toplevel() on ptolemy.moml.MoMLSimpleApplication@62dd69f4
----------------- Done invoking toplevel() on ptolemy.moml.MoMLSimpleApplication@62dd69f4
reloadAllAccessors: .ErrorTransition2
----------------- testing Tue May 29 01:20:45 UTC 2018 /home/travis/build/icyphy/ptII/ptolemy/domains/modal/test/auto/ErrorTransition3.xml
----------------- Instantiating /home/travis/build/icyphy/ptII/ptolemy/domains/modal/test/auto/ErrorTransition3.xml
5 ms. Memory: 578048K Free: 163217K (28%)
----------------- Invoking toplevel() on ptolemy.moml.MoMLSimpleApplication@ec19ab1
----------------- Done invoking toplevel() on ptolemy.moml.MoMLSimpleApplication@ec19ab1
reloadAllAccessors: .ErrorTransition3
----------------- testing Tue May 29 01:20:45 UTC 2018 /home/travis/build/icyphy/ptII/ptolemy/domains/modal/test/auto/ErrorTransition4.xml
----------------- Instantiating /home/travis/build/icyphy/ptII/ptolemy/domains/modal/test/auto/ErrorTransition4.xml
5 ms. Memory: 578048K Free: 150974K (26%)
----------------- Invoking toplevel() on ptolemy.moml.MoMLSimpleApplication@5ce34388
----------------- Done invoking toplevel() on ptolemy.moml.MoMLSimpleApplication@5ce34388
reloadAllAccessors: .ErrorTransition4
----------------- testing Tue May 29 01:20:45 UTC 2018 /home/travis/build/icyphy/ptII/ptolemy/domains/modal/test/auto/ErrorTransition5.xml
----------------- Instantiating /home/travis/build/icyphy/ptII/ptolemy/domains/modal/test/auto/ErrorTransition5.xml
5 ms. Memory: 578048K Free: 138746K (24%)
----------------- Invoking toplevel() on ptolemy.moml.MoMLSimpleApplication@7dad2ea0
----------------- Done invoking toplevel() on ptolemy.moml.MoMLSimpleApplication@7dad2ea0
reloadAllAccessors: .ErrorTransition5
----------------- testing Tue May 29 01:20:45 UTC 2018 /home/travis/build/icyphy/ptII/ptolemy/domains/modal/test/auto/ErrorTransition6.xml
----------------- Instantiating /home/travis/build/icyphy/ptII/ptolemy/domains/modal/test/auto/ErrorTransition6.xml
6 ms. Memory: 578048K Free: 126511K (22%)
----------------- Invoking toplevel() on ptolemy.moml.MoMLSimpleApplication@16935370
----------------- Done invoking toplevel() on ptolemy.moml.MoMLSimpleApplication@16935370
reloadAllAccessors: .ErrorTransition6
----------------- testing Tue May 29 01:20:45 UTC 2018 /home/travis/build/icyphy/ptII/ptolemy/domains/modal/test/auto/ErrorTransition7.xml
----------------- Instantiating /home/travis/build/icyphy/ptII/ptolemy/domains/modal/test/auto/ErrorTransition7.xml
8 ms. Memory: 578048K Free: 106248K (18%)
----------------- Invoking toplevel() on ptolemy.moml.MoMLSimpleApplication@4c7bf160
----------------- Done invoking toplevel() on ptolemy.moml.MoMLSimpleApplication@4c7bf160
reloadAllAccessors: .ErrorTransition7
----------------- testing Tue May 29 01:20:45 UTC 2018 /home/travis/build/icyphy/ptII/ptolemy/domains/modal/test/auto/ErrorTransition8.xml
----------------- Instantiating /home/travis/build/icyphy/ptII/ptolemy/domains/modal/test/auto/ErrorTransition8.xml
24 ms. Memory: 578048K Free: 89120K (15%)
----------------- Invoking toplevel() on ptolemy.moml.MoMLSimpleApplication@467de808
----------------- Done invoking toplevel() on ptolemy.moml.MoMLSimpleApplication@467de808
reloadAllAccessors: .ErrorTransition8
----------------- testing Tue May 29 01:20:45 UTC 2018 /home/travis/build/icyphy/ptII/ptolemy/domains/modal/test/auto/ErrorTransition9.xml
----------------- Instantiating /home/travis/build/icyphy/ptII/ptolemy/domains/modal/test/auto/ErrorTransition9.xml
7 ms. Memory: 578048K Free: 559445K (97%)
----------------- Invoking toplevel() on ptolemy.moml.MoMLSimpleApplication@381a6beb
----------------- Done invoking toplevel() on ptolemy.moml.MoMLSimpleApplication@381a6beb
reloadAllAccessors: .ErrorTransition9
----------------- testing Tue May 29 01:20:45 UTC 2018 /home/travis/build/icyphy/ptII/ptolemy/domains/modal/test/auto/ExtendedFSM.xml
----------------- Instantiating /home/travis/build/icyphy/ptII/ptolemy/domains/modal/test/auto/ExtendedFSM.xml
5 ms. Memory: 578048K Free: 547467K (95%)
----------------- Invoking toplevel() on ptolemy.moml.MoMLSimpleApplication@2de96de9
----------------- Done invoking toplevel() on ptolemy.moml.MoMLSimpleApplication@2de96de9
reloadAllAccessors: .ExtendedFSM
----------------- testing Tue May 29 01:20:45 UTC 2018 /home/travis/build/icyphy/ptII/ptolemy/domains/modal/test/auto/FinalStates.xml
----------------- Instantiating /home/travis/build/icyphy/ptII/ptolemy/domains/modal/test/auto/FinalStates.xml
4 ms. Memory: 578048K Free: 537682K (93%)
----------------- Invoking toplevel() on ptolemy.moml.MoMLSimpleApplication@293fa882
----------------- Done invoking toplevel() on ptolemy.moml.MoMLSimpleApplication@293fa882
reloadAllAccessors: .FinalStates
----------------- testing Tue May 29 01:20:45 UTC 2018 /home/travis/build/icyphy/ptII/ptolemy/domains/modal/test/auto/FixedPointFSM.xml
----------------- Instantiating /home/travis/build/icyphy/ptII/ptolemy/domains/modal/test/auto/FixedPointFSM.xml
9 ms. Memory: 578048K Free: 518346K (90%)
----------------- Invoking toplevel() on ptolemy.moml.MoMLSimpleApplication@501d9fdd
----------------- Done invoking toplevel() on ptolemy.moml.MoMLSimpleApplication@501d9fdd
reloadAllAccessors: .FixedPointFSM
----------------- testing Tue May 29 01:20:45 UTC 2018 /home/travis/build/icyphy/ptII/ptolemy/domains/modal/test/auto/FixedPointIterationFSMActor.xml
----------------- Instantiating /home/travis/build/icyphy/ptII/ptolemy/domains/modal/test/auto/FixedPointIterationFSMActor.xml
5 ms. Memory: 578048K Free: 506103K (88%)
----------------- Invoking toplevel() on ptolemy.moml.MoMLSimpleApplication@486f3fb6
----------------- Done invoking toplevel() on ptolemy.moml.MoMLSimpleApplication@486f3fb6
reloadAllAccessors: .FixedPointIterationFSMActor
----------------- testing Tue May 29 01:20:45 UTC 2018 /home/travis/build/icyphy/ptII/ptolemy/domains/modal/test/auto/FixedPointIterationFSMActor2.xml
----------------- Instantiating /home/travis/build/icyphy/ptII/ptolemy/domains/modal/test/auto/FixedPointIterationFSMActor2.xml
7 ms. Memory: 578048K Free: 491417K (85%)
----------------- Invoking toplevel() on ptolemy.moml.MoMLSimpleApplication@569f21
----------------- Done invoking toplevel() on ptolemy.moml.MoMLSimpleApplication@569f21
reloadAllAccessors: .FixedPointIterationFSMActor2
----------------- testing Tue May 29 01:20:45 UTC 2018 /home/travis/build/icyphy/ptII/ptolemy/domains/modal/test/auto/ForbiddenInstantanousLoop.xml
----------------- Instantiating /home/travis/build/icyphy/ptII/ptolemy/domains/modal/test/auto/ForbiddenInstantanousLoop.xml
4 ms. Memory: 578048K Free: 474547K (82%)
----------------- Invoking toplevel() on ptolemy.moml.MoMLSimpleApplication@5c28f16c
----------------- Done invoking toplevel() on ptolemy.moml.MoMLSimpleApplication@5c28f16c
reloadAllAccessors: .ForbiddenInstantanousLoop
----------------- testing Tue May 29 01:20:45 UTC 2018 /home/travis/build/icyphy/ptII/ptolemy/domains/modal/test/auto/FunctionDependencyOfFSMActorTest.xml
----------------- Instantiating /home/travis/build/icyphy/ptII/ptolemy/domains/modal/test/auto/FunctionDependencyOfFSMActorTest.xml
5 ms. Memory: 578048K Free: 467220K (81%)
----------------- Invoking toplevel() on ptolemy.moml.MoMLSimpleApplication@331093dc
----------------- Done invoking toplevel() on ptolemy.moml.MoMLSimpleApplication@331093dc
reloadAllAccessors: .FunctionDependencyOfFSMActorTest
----------------- testing Tue May 29 01:20:45 UTC 2018 /home/travis/build/icyphy/ptII/ptolemy/domains/modal/test/auto/GuardExpression.xml
----------------- Instantiating /home/travis/build/icyphy/ptII/ptolemy/domains/modal/test/auto/GuardExpression.xml
2 ms. Memory: 578048K Free: 459877K (80%)
----------------- Invoking toplevel() on ptolemy.moml.MoMLSimpleApplication@44479901
----------------- Done invoking toplevel() on ptolemy.moml.MoMLSimpleApplication@44479901
reloadAllAccessors: .GuardExpression
----------------- testing Tue May 29 01:20:45 UTC 2018 /home/travis/build/icyphy/ptII/ptolemy/domains/modal/test/auto/GuardNotEvaluated.xml
----------------- Instantiating /home/travis/build/icyphy/ptII/ptolemy/domains/modal/test/auto/GuardNotEvaluated.xml
9 ms. Memory: 578048K Free: 445442K (77%)
----------------- Invoking toplevel() on ptolemy.moml.MoMLSimpleApplication@458016cd
----------------- Done invoking toplevel() on ptolemy.moml.MoMLSimpleApplication@458016cd
reloadAllAccessors: .GuardNotEvaluated
----------------- testing Tue May 29 01:20:45 UTC 2018 /home/travis/build/icyphy/ptII/ptolemy/domains/modal/test/auto/GuardNotEvaluated2.xml
----------------- Instantiating /home/travis/build/icyphy/ptII/ptolemy/domains/modal/test/auto/GuardNotEvaluated2.xml
5 ms. Memory: 578048K Free: 433214K (75%)
----------------- Invoking toplevel() on ptolemy.moml.MoMLSimpleApplication@6e031d8c
----------------- Done invoking toplevel() on ptolemy.moml.MoMLSimpleApplication@6e031d8c
reloadAllAccessors: .GuardNotEvaluated2
----------------- testing Tue May 29 01:20:45 UTC 2018 /home/travis/build/icyphy/ptII/ptolemy/domains/modal/test/auto/GuardOnAbsent.xml
----------------- Instantiating /home/travis/build/icyphy/ptII/ptolemy/domains/modal/test/auto/GuardOnAbsent.xml
5 ms. Memory: 578048K Free: 423437K (73%)
----------------- Invoking toplevel() on ptolemy.moml.MoMLSimpleApplication@6f52af77
----------------- Done invoking toplevel() on ptolemy.moml.MoMLSimpleApplication@6f52af77
reloadAllAccessors: .GuardOnAbsent
----------------- testing Tue May 29 01:20:45 UTC 2018 /home/travis/build/icyphy/ptII/ptolemy/domains/modal/test/auto/HierarchicalFSMTypeInference.xml
----------------- Instantiating /home/travis/build/icyphy/ptII/ptolemy/domains/modal/test/auto/HierarchicalFSMTypeInference.xml
2 ms. Memory: 578048K Free: 406567K (70%)
----------------- Invoking toplevel() on ptolemy.moml.MoMLSimpleApplication@4ed4aaba
----------------- Done invoking toplevel() on ptolemy.moml.MoMLSimpleApplication@4ed4aaba
reloadAllAccessors: .HierarchicalFSMTypeInference
----------------- testing Tue May 29 01:20:45 UTC 2018 /home/travis/build/icyphy/ptII/ptolemy/domains/modal/test/auto/Hysteresis.xml
----------------- Instantiating /home/travis/build/icyphy/ptII/ptolemy/domains/modal/test/auto/Hysteresis.xml
9 ms. Memory: 578048K Free: 389447K (67%)
----------------- Invoking toplevel() on ptolemy.moml.MoMLSimpleApplication@409cb4b3
----------------- Done invoking toplevel() on ptolemy.moml.MoMLSimpleApplication@409cb4b3
reloadAllAccessors: .Hysteresis
----------------- testing Tue May 29 01:20:45 UTC 2018 /home/travis/build/icyphy/ptII/ptolemy/domains/modal/test/auto/HysteresisWithDefault.xml
----------------- Instantiating /home/travis/build/icyphy/ptII/ptolemy/domains/modal/test/auto/HysteresisWithDefault.xml
37 ms. Memory: 578048K Free: 360334K (62%)
----------------- Invoking toplevel() on ptolemy.moml.MoMLSimpleApplication@4633f29d
----------------- Done invoking toplevel() on ptolemy.moml.MoMLSimpleApplication@4633f29d
reloadAllAccessors: .HysteresisWithDefault
----------------- testing Tue May 29 01:20:45 UTC 2018 /home/travis/build/icyphy/ptII/ptolemy/domains/modal/test/auto/HysteresisWithDefault2.xml
----------------- Instantiating /home/travis/build/icyphy/ptII/ptolemy/domains/modal/test/auto/HysteresisWithDefault2.xml
33 ms. Memory: 578048K Free: 328488K (57%)
----------------- Invoking toplevel() on ptolemy.moml.MoMLSimpleApplication@16aada2
----------------- Done invoking toplevel() on ptolemy.moml.MoMLSimpleApplication@16aada2
reloadAllAccessors: .HysteresisWithDefault2
----------------- testing Tue May 29 01:20:45 UTC 2018 /home/travis/build/icyphy/ptII/ptolemy/domains/modal/test/auto/ImmediateNonConstructiveness.xml
----------------- Instantiating /home/travis/build/icyphy/ptII/ptolemy/domains/modal/test/auto/ImmediateNonConstructiveness.xml
2 ms. Memory: 578048K Free: 318719K (55%)
----------------- Invoking toplevel() on ptolemy.moml.MoMLSimpleApplication@66f6e246
----------------- Done invoking toplevel() on ptolemy.moml.MoMLSimpleApplication@66f6e246
reloadAllAccessors: .ImmediateNonConstructiveness
----------------- testing Tue May 29 01:20:45 UTC 2018 /home/travis/build/icyphy/ptII/ptolemy/domains/modal/test/auto/ImmediateNonConstructiveness2.xml
----------------- Instantiating /home/travis/build/icyphy/ptII/ptolemy/domains/modal/test/auto/ImmediateNonConstructiveness2.xml
2 ms. Memory: 578048K Free: 306742K (53%)
----------------- Invoking toplevel() on ptolemy.moml.MoMLSimpleApplication@540003dc
----------------- Done invoking toplevel() on ptolemy.moml.MoMLSimpleApplication@540003dc
reloadAllAccessors: .ImmediateNonConstructiveness2
----------------- testing Tue May 29 01:20:45 UTC 2018 /home/travis/build/icyphy/ptII/ptolemy/domains/modal/test/auto/ImmediateTransitionReset.xml
----------------- Instantiating /home/travis/build/icyphy/ptII/ptolemy/domains/modal/test/auto/ImmediateTransitionReset.xml
3 ms. Memory: 578048K Free: 292064K (51%)
----------------- Invoking toplevel() on ptolemy.moml.MoMLSimpleApplication@56def8d9
----------------- Done invoking toplevel() on ptolemy.moml.MoMLSimpleApplication@56def8d9
reloadAllAccessors: .ImmediateTransitionReset
----------------- testing Tue May 29 01:20:45 UTC 2018 /home/travis/build/icyphy/ptII/ptolemy/domains/modal/test/auto/ImmediateTransitions1.xml
----------------- Instantiating /home/travis/build/icyphy/ptII/ptolemy/domains/modal/test/auto/ImmediateTransitions1.xml
1 ms. Memory: 578048K Free: 284722K (49%)
----------------- Invoking toplevel() on ptolemy.moml.MoMLSimpleApplication@24b937d8
----------------- Done invoking toplevel() on ptolemy.moml.MoMLSimpleApplication@24b937d8
reloadAllAccessors: .ImmediateTransitions1
----------------- testing Tue May 29 01:20:45 UTC 2018 /home/travis/build/icyphy/ptII/ptolemy/domains/modal/test/auto/ImmediateTransitionsInstantaneousCommunication.xml
----------------- Instantiating /home/travis/build/icyphy/ptII/ptolemy/domains/modal/test/auto/ImmediateTransitionsInstantaneousCommunication.xml
3 ms. Memory: 578048K Free: 267860K (46%)
----------------- Invoking toplevel() on ptolemy.moml.MoMLSimpleApplication@601350d
----------------- Done invoking toplevel() on ptolemy.moml.MoMLSimpleApplication@601350d
reloadAllAccessors: .ImmediateTransitionsInstantaneousCommunication
----------------- testing Tue May 29 01:20:45 UTC 2018 /home/travis/build/icyphy/ptII/ptolemy/domains/modal/test/auto/InitialImmediateTransition.xml
----------------- Instantiating /home/travis/build/icyphy/ptII/ptolemy/domains/modal/test/auto/InitialImmediateTransition.xml
3 ms. Memory: 578048K Free: 255648K (44%)
----------------- Invoking toplevel() on ptolemy.moml.MoMLSimpleApplication@15819402
----------------- Done invoking toplevel() on ptolemy.moml.MoMLSimpleApplication@15819402
reloadAllAccessors: .InitialImmediateTransition
----------------- testing Tue May 29 01:20:45 UTC 2018 /home/travis/build/icyphy/ptII/ptolemy/domains/modal/test/auto/InitialOutputs.xml
----------------- Instantiating /home/travis/build/icyphy/ptII/ptolemy/domains/modal/test/auto/InitialOutputs.xml
2 ms. Memory: 578048K Free: 245847K (43%)
----------------- Invoking toplevel() on ptolemy.moml.MoMLSimpleApplication@1a30b402
----------------- Done invoking toplevel() on ptolemy.moml.MoMLSimpleApplication@1a30b402
reloadAllAccessors: .InitialOutputs
----------------- testing Tue May 29 01:20:45 UTC 2018 /home/travis/build/icyphy/ptII/ptolemy/domains/modal/test/auto/InitialStateTransition1.xml
----------------- Instantiating /home/travis/build/icyphy/ptII/ptolemy/domains/modal/test/auto/InitialStateTransition1.xml
2 ms. Memory: 578048K Free: 233870K (40%)
----------------- Invoking toplevel() on ptolemy.moml.MoMLSimpleApplication@2f1c2ce8
----------------- Done invoking toplevel() on ptolemy.moml.MoMLSimpleApplication@2f1c2ce8
reloadAllAccessors: .InitialStateTransition1
----------------- testing Tue May 29 01:20:46 UTC 2018 /home/travis/build/icyphy/ptII/ptolemy/domains/modal/test/auto/InitialStateTransition2.xml
----------------- Instantiating /home/travis/build/icyphy/ptII/ptolemy/domains/modal/test/auto/InitialStateTransition2.xml
.InitialStateTransition2.TestExceptionAttributeNonConstructive: initialize() was not invoked, but wrapup() was.  This is unusual, but not always a problem.  For example, exporting JNLP will do this.
1 ms. Memory: 578048K Free: 224085K (39%)
----------------- Invoking toplevel() on ptolemy.moml.MoMLSimpleApplication@733744b9
----------------- Done invoking toplevel() on ptolemy.moml.MoMLSimpleApplication@733744b9
reloadAllAccessors: .InitialStateTransition2
----------------- testing Tue May 29 01:20:46 UTC 2018 /home/travis/build/icyphy/ptII/ptolemy/domains/modal/test/auto/InitialStateTransition3.xml
----------------- Instantiating /home/travis/build/icyphy/ptII/ptolemy/domains/modal/test/auto/InitialStateTransition3.xml
2 ms. Memory: 578048K Free: 209649K (36%)
----------------- Invoking toplevel() on ptolemy.moml.MoMLSimpleApplication@7a25ea55
----------------- Done invoking toplevel() on ptolemy.moml.MoMLSimpleApplication@7a25ea55
reloadAllAccessors: .InitialStateTransition3
----------------- testing Tue May 29 01:20:46 UTC 2018 /home/travis/build/icyphy/ptII/ptolemy/domains/modal/test/auto/InitialStateTransition4.xml
----------------- Instantiating /home/travis/build/icyphy/ptII/ptolemy/domains/modal/test/auto/InitialStateTransition4.xml
3 ms. Memory: 578048K Free: 197406K (34%)
----------------- Invoking toplevel() on ptolemy.moml.MoMLSimpleApplication@1470a554
----------------- Done invoking toplevel() on ptolemy.moml.MoMLSimpleApplication@1470a554
reloadAllAccessors: .InitialStateTransition4
----------------- testing Tue May 29 01:20:46 UTC 2018 /home/travis/build/icyphy/ptII/ptolemy/domains/modal/test/auto/MalformedGuardExpressionNotCaught.xml
----------------- Instantiating /home/travis/build/icyphy/ptII/ptolemy/domains/modal/test/auto/MalformedGuardExpressionNotCaught.xml
3 ms. Memory: 578048K Free: 187621K (32%)
----------------- Invoking toplevel() on ptolemy.moml.MoMLSimpleApplication@3ddbfb38
----------------- Done invoking toplevel() on ptolemy.moml.MoMLSimpleApplication@3ddbfb38
reloadAllAccessors: .MalformedGuardExpressionNotCaught
----------------- testing Tue May 29 01:20:46 UTC 2018 /home/travis/build/icyphy/ptII/ptolemy/domains/modal/test/auto/ModalBSC.xml
----------------- Instantiating /home/travis/build/icyphy/ptII/ptolemy/domains/modal/test/auto/ModalBSC.xml
31 ms. Memory: 578048K Free: 153591K (27%)
----------------- Invoking toplevel() on ptolemy.moml.MoMLSimpleApplication@6d81ee56
----------------- Done invoking toplevel() on ptolemy.moml.MoMLSimpleApplication@6d81ee56
reloadAllAccessors: .ModalBSC
----------------- testing Tue May 29 01:20:46 UTC 2018 /home/travis/build/icyphy/ptII/ptolemy/domains/modal/test/auto/ModalClocks.xml
----------------- Instantiating /home/travis/build/icyphy/ptII/ptolemy/domains/modal/test/auto/ModalClocks.xml
18 ms. Memory: 578048K Free: 126670K (22%)
----------------- Invoking toplevel() on ptolemy.moml.MoMLSimpleApplication@4f315ec9
----------------- Done invoking toplevel() on ptolemy.moml.MoMLSimpleApplication@4f315ec9
reloadAllAccessors: .ModalClocks
----------------- testing Tue May 29 01:20:46 UTC 2018 /home/travis/build/icyphy/ptII/ptolemy/domains/modal/test/auto/ModalDelay.xml
----------------- Instantiating /home/travis/build/icyphy/ptII/ptolemy/domains/modal/test/auto/ModalDelay.xml
10 ms. Memory: 578048K Free: 109558K (19%)
----------------- Invoking toplevel() on ptolemy.moml.MoMLSimpleApplication@3c01ff64
----------------- Done invoking toplevel() on ptolemy.moml.MoMLSimpleApplication@3c01ff64
reloadAllAccessors: .ModalDelay
----------------- testing Tue May 29 01:20:46 UTC 2018 /home/travis/build/icyphy/ptII/ptolemy/domains/modal/test/auto/ModalDelay2.xml
----------------- Instantiating /home/travis/build/icyphy/ptII/ptolemy/domains/modal/test/auto/ModalDelay2.xml
9 ms. Memory: 578048K Free: 90237K (16%)
----------------- Invoking toplevel() on ptolemy.moml.MoMLSimpleApplication@20651de7
----------------- Done invoking toplevel() on ptolemy.moml.MoMLSimpleApplication@20651de7
reloadAllAccessors: .ModalDelay2
----------------- testing Tue May 29 01:20:46 UTC 2018 /home/travis/build/icyphy/ptII/ptolemy/domains/modal/test/auto/ModalModelFromMemo.xml
----------------- Instantiating /home/travis/build/icyphy/ptII/ptolemy/domains/modal/test/auto/ModalModelFromMemo.xml
13 ms. Memory: 871936K Free: 843734K (97%)
----------------- Invoking toplevel() on ptolemy.moml.MoMLSimpleApplication@308af93c
----------------- Done invoking toplevel() on ptolemy.moml.MoMLSimpleApplication@308af93c
reloadAllAccessors: .ModalModelFromMemo
----------------- testing Tue May 29 01:20:46 UTC 2018 /home/travis/build/icyphy/ptII/ptolemy/domains/modal/test/auto/ModalModelWithMultirateTransient.xml
----------------- Instantiating /home/travis/build/icyphy/ptII/ptolemy/domains/modal/test/auto/ModalModelWithMultirateTransient.xml
12 ms. Memory: 871936K Free: 820278K (94%)
----------------- Invoking toplevel() on ptolemy.moml.MoMLSimpleApplication@4495a9d3
----------------- Done invoking toplevel() on ptolemy.moml.MoMLSimpleApplication@4495a9d3
reloadAllAccessors: .ModalModelWithMultirateTransient
----------------- testing Tue May 29 01:20:46 UTC 2018 /home/travis/build/icyphy/ptII/ptolemy/domains/modal/test/auto/ModalModelWithReset.xml
----------------- Instantiating /home/travis/build/icyphy/ptII/ptolemy/domains/modal/test/auto/ModalModelWithReset.xml
11 ms. Memory: 871936K Free: 804625K (92%)
----------------- Invoking toplevel() on ptolemy.moml.MoMLSimpleApplication@25ae5aea
----------------- Done invoking toplevel() on ptolemy.moml.MoMLSimpleApplication@25ae5aea
reloadAllAccessors: .ModalModelWithReset
----------------- testing Tue May 29 01:20:46 UTC 2018 /home/travis/build/icyphy/ptII/ptolemy/domains/modal/test/auto/MouseClickFSM.xml
----------------- Instantiating /home/travis/build/icyphy/ptII/ptolemy/domains/modal/test/auto/MouseClickFSM.xml
11 ms. Memory: 871936K Free: 778548K (89%)
----------------- Invoking toplevel() on ptolemy.moml.MoMLSimpleApplication@6d234e60
----------------- Done invoking toplevel() on ptolemy.moml.MoMLSimpleApplication@6d234e60
reloadAllAccessors: .MouseClickFSM
----------------- testing Tue May 29 01:20:46 UTC 2018 /home/travis/build/icyphy/ptII/ptolemy/domains/modal/test/auto/MouseClickFSMModal.xml
----------------- Instantiating /home/travis/build/icyphy/ptII/ptolemy/domains/modal/test/auto/MouseClickFSMModal.xml
8 ms. Memory: 871936K Free: 760335K (87%)
----------------- Invoking toplevel() on ptolemy.moml.MoMLSimpleApplication@7d979182
----------------- Done invoking toplevel() on ptolemy.moml.MoMLSimpleApplication@7d979182
reloadAllAccessors: .MouseClickFSMModal
----------------- testing Tue May 29 01:20:46 UTC 2018 /home/travis/build/icyphy/ptII/ptolemy/domains/modal/test/auto/NonStrictFSM_FeedbackLoop.xml
----------------- Instantiating /home/travis/build/icyphy/ptII/ptolemy/domains/modal/test/auto/NonStrictFSM_FeedbackLoop.xml
22 ms. Memory: 871936K Free: 729054K (84%)
----------------- Invoking toplevel() on ptolemy.moml.MoMLSimpleApplication@729196ea
----------------- Done invoking toplevel() on ptolemy.moml.MoMLSimpleApplication@729196ea
reloadAllAccessors: .NonStrictFSM_FeedbackLoop
----------------- testing Tue May 29 01:20:46 UTC 2018 /home/travis/build/icyphy/ptII/ptolemy/domains/modal/test/auto/NonStrictFSM_FeedbackLoop_Refinement.xml
----------------- Instantiating /home/travis/build/icyphy/ptII/ptolemy/domains/modal/test/auto/NonStrictFSM_FeedbackLoop_Refinement.xml
39 ms. Memory: 871936K Free: 692553K (79%)
----------------- Invoking toplevel() on ptolemy.moml.MoMLSimpleApplication@4df1c8ad
----------------- Done invoking toplevel() on ptolemy.moml.MoMLSimpleApplication@4df1c8ad
reloadAllAccessors: .NonStrictFSM_FeedbackLoop_Refinement
----------------- testing Tue May 29 01:20:46 UTC 2018 /home/travis/build/icyphy/ptII/ptolemy/domains/modal/test/auto/NonStrictFSM_FeedbackLoop_preemptive.xml
----------------- Instantiating /home/travis/build/icyphy/ptII/ptolemy/domains/modal/test/auto/NonStrictFSM_FeedbackLoop_preemptive.xml
13 ms. Memory: 871936K Free: 653475K (75%)
----------------- Invoking toplevel() on ptolemy.moml.MoMLSimpleApplication@266f61e3
----------------- Done invoking toplevel() on ptolemy.moml.MoMLSimpleApplication@266f61e3
reloadAllAccessors: .NonStrictFSM_FeedbackLoop_preemptive
----------------- testing Tue May 29 01:20:46 UTC 2018 /home/travis/build/icyphy/ptII/ptolemy/domains/modal/test/auto/NormalTermination.xml
----------------- Instantiating /home/travis/build/icyphy/ptII/ptolemy/domains/modal/test/auto/NormalTermination.xml
11 ms. Memory: 871936K Free: 627382K (72%)
----------------- Invoking toplevel() on ptolemy.moml.MoMLSimpleApplication@512ed6cd
----------------- Done invoking toplevel() on ptolemy.moml.MoMLSimpleApplication@512ed6cd
reloadAllAccessors: .NormalTermination
----------------- testing Tue May 29 01:20:46 UTC 2018 /home/travis/build/icyphy/ptII/ptolemy/domains/modal/test/auto/Pong.xml
----------------- Instantiating /home/travis/build/icyphy/ptII/ptolemy/domains/modal/test/auto/Pong.xml
50 ms. Memory: 871936K Free: 601313K (69%)
----------------- Invoking toplevel() on ptolemy.moml.MoMLSimpleApplication@63b4dfee
----------------- Done invoking toplevel() on ptolemy.moml.MoMLSimpleApplication@63b4dfee
reloadAllAccessors: .Pong
[...]
2 ms. Memory: 871936K Free: 194524K (22%)
----------------- Invoking toplevel() on ptolemy.moml.MoMLSimpleApplication@4503f369
----------------- Done invoking toplevel() on ptolemy.moml.MoMLSimpleApplication@4503f369
reloadAllAccessors: .StrongImmediateTransition
----------------- testing Tue May 29 01:20:47 UTC 2018 /home/travis/build/icyphy/ptII/ptolemy/domains/modal/test/auto/SustainHierarchy.xml
----------------- Instantiating /home/travis/build/icyphy/ptII/ptolemy/domains/modal/test/auto/SustainHierarchy.xml
4 ms. Memory: 871936K Free: 173659K (20%)
----------------- Invoking toplevel() on ptolemy.moml.MoMLSimpleApplication@33f4981
----------------- Done invoking toplevel() on ptolemy.moml.MoMLSimpleApplication@33f4981
reloadAllAccessors: .SustainHierarchy
----------------- testing Tue May 29 01:20:47 UTC 2018 /home/travis/build/icyphy/ptII/ptolemy/domains/modal/test/auto/TerminationTransition1.xml
----------------- Instantiating /home/travis/build/icyphy/ptII/ptolemy/domains/modal/test/auto/TerminationTransition1.xml
2 ms. Memory: 871936K Free: 155431K (18%)
----------------- Invoking toplevel() on ptolemy.moml.MoMLSimpleApplication@43020dca
----------------- Done invoking toplevel() on ptolemy.moml.MoMLSimpleApplication@43020dca
reloadAllAccessors: .TerminationTransition1
----------------- testing Tue May 29 01:20:47 UTC 2018 /home/travis/build/icyphy/ptII/ptolemy/domains/modal/test/auto/TerminationTransition2.xml
----------------- Instantiating /home/travis/build/icyphy/ptII/ptolemy/domains/modal/test/auto/TerminationTransition2.xml
2 ms. Memory: 871936K Free: 139786K (16%)
----------------- Invoking toplevel() on ptolemy.moml.MoMLSimpleApplication@1af549d
----------------- Done invoking toplevel() on ptolemy.moml.MoMLSimpleApplication@1af549d
reloadAllAccessors: .TerminationTransition2
----------------- testing Tue May 29 01:20:47 UTC 2018 /home/travis/build/icyphy/ptII/ptolemy/domains/modal/test/auto/TerminationTransition3.xml
----------------- Instantiating /home/travis/build/icyphy/ptII/ptolemy/domains/modal/test/auto/TerminationTransition3.xml
2 ms. Memory: 871936K Free: 124149K (14%)
----------------- Invoking toplevel() on ptolemy.moml.MoMLSimpleApplication@2f35b4eb
----------------- Done invoking toplevel() on ptolemy.moml.MoMLSimpleApplication@2f35b4eb
reloadAllAccessors: .TerminationTransition3
----------------- testing Tue May 29 01:20:47 UTC 2018 /home/travis/build/icyphy/ptII/ptolemy/domains/modal/test/auto/TerminationTransition4.xml
----------------- Instantiating /home/travis/build/icyphy/ptII/ptolemy/domains/modal/test/auto/TerminationTransition4.xml
3 ms. Memory: 871936K Free: 100708K (12%)
----------------- Invoking toplevel() on ptolemy.moml.MoMLSimpleApplication@c1322e2
----------------- Done invoking toplevel() on ptolemy.moml.MoMLSimpleApplication@c1322e2
reloadAllAccessors: .TerminationTransition4
----------------- testing Tue May 29 01:20:47 UTC 2018 /home/travis/build/icyphy/ptII/ptolemy/domains/modal/test/auto/TerminationTransition5.xml
----------------- Instantiating /home/travis/build/icyphy/ptII/ptolemy/domains/modal/test/auto/TerminationTransition5.xml
3 ms. Memory: 871936K Free: 79843K (9%)
----------------- Invoking toplevel() on ptolemy.moml.MoMLSimpleApplication@6da7d86c
----------------- Done invoking toplevel() on ptolemy.moml.MoMLSimpleApplication@6da7d86c
reloadAllAccessors: .TerminationTransition5
----------------- testing Tue May 29 01:20:47 UTC 2018 /home/travis/build/icyphy/ptII/ptolemy/domains/modal/test/auto/TerminationTransition6.xml
----------------- Instantiating /home/travis/build/icyphy/ptII/ptolemy/domains/modal/test/auto/TerminationTransition6.xml
1 ms. Memory: 871936K Free: 847142K (97%)
----------------- Invoking toplevel() on ptolemy.moml.MoMLSimpleApplication@3b2deb42
----------------- Done invoking toplevel() on ptolemy.moml.MoMLSimpleApplication@3b2deb42
reloadAllAccessors: .TerminationTransition6
----------------- testing Tue May 29 01:20:47 UTC 2018 /home/travis/build/icyphy/ptII/ptolemy/domains/modal/test/auto/TerminationTransition7.xml
----------------- Instantiating /home/travis/build/icyphy/ptII/ptolemy/domains/modal/test/auto/TerminationTransition7.xml
2 ms. Memory: 871936K Free: 829535K (95%)
----------------- Invoking toplevel() on ptolemy.moml.MoMLSimpleApplication@1c033d0
----------------- Done invoking toplevel() on ptolemy.moml.MoMLSimpleApplication@1c033d0
reloadAllAccessors: .TerminationTransition7
----------------- testing Tue May 29 01:20:47 UTC 2018 /home/travis/build/icyphy/ptII/ptolemy/domains/modal/test/auto/TerminationTransition8.xml
----------------- Instantiating /home/travis/build/icyphy/ptII/ptolemy/domains/modal/test/auto/TerminationTransition8.xml
2 ms. Memory: 871936K Free: 813898K (93%)
----------------- Invoking toplevel() on ptolemy.moml.MoMLSimpleApplication@54612fde
----------------- Done invoking toplevel() on ptolemy.moml.MoMLSimpleApplication@54612fde
reloadAllAccessors: .TerminationTransition8
----------------- testing Tue May 29 01:20:48 UTC 2018 /home/travis/build/icyphy/ptII/ptolemy/domains/modal/test/auto/Thermostat_NoHysteresis.xml
----------------- Instantiating /home/travis/build/icyphy/ptII/ptolemy/domains/modal/test/auto/Thermostat_NoHysteresis.xml
21 ms. Memory: 871936K Free: 780728K (90%)
----------------- Invoking toplevel() on ptolemy.moml.MoMLSimpleApplication@6287f0cb
----------------- Done invoking toplevel() on ptolemy.moml.MoMLSimpleApplication@6287f0cb
reloadAllAccessors: .Thermostat_NoHysteresis
----------------- testing Tue May 29 01:20:48 UTC 2018 /home/travis/build/icyphy/ptII/ptolemy/domains/modal/test/auto/TimedFSM.xml
----------------- Instantiating /home/travis/build/icyphy/ptII/ptolemy/domains/modal/test/auto/TimedFSM.xml
6 ms. Memory: 871936K Free: 765075K (88%)
----------------- Invoking toplevel() on ptolemy.moml.MoMLSimpleApplication@5df59ec4
----------------- Done invoking toplevel() on ptolemy.moml.MoMLSimpleApplication@5df59ec4
reloadAllAccessors: .TimedFSM
----------------- testing Tue May 29 01:20:48 UTC 2018 /home/travis/build/icyphy/ptII/ptolemy/domains/modal/test/auto/Timeout1.xml
----------------- Instantiating /home/travis/build/icyphy/ptII/ptolemy/domains/modal/test/auto/Timeout1.xml
2 ms. Memory: 871936K Free: 752785K (86%)
----------------- Invoking toplevel() on ptolemy.moml.MoMLSimpleApplication@3aa1ec36
----------------- Done invoking toplevel() on ptolemy.moml.MoMLSimpleApplication@3aa1ec36
reloadAllAccessors: .Timeout1
----------------- testing Tue May 29 01:20:48 UTC 2018 /home/travis/build/icyphy/ptII/ptolemy/domains/modal/test/auto/Timeout2.xml
----------------- Instantiating /home/travis/build/icyphy/ptII/ptolemy/domains/modal/test/auto/Timeout2.xml
4 ms. Memory: 871936K Free: 737148K (85%)
----------------- Invoking toplevel() on ptolemy.moml.MoMLSimpleApplication@21b1dd2c
----------------- Done invoking toplevel() on ptolemy.moml.MoMLSimpleApplication@21b1dd2c
reloadAllAccessors: .Timeout2
----------------- testing Tue May 29 01:20:48 UTC 2018 /home/travis/build/icyphy/ptII/ptolemy/domains/modal/test/auto/Timeout3.xml
----------------- Instantiating /home/travis/build/icyphy/ptII/ptolemy/domains/modal/test/auto/Timeout3.xml
6 ms. Memory: 871936K Free: 724859K (83%)
----------------- Invoking toplevel() on ptolemy.moml.MoMLSimpleApplication@24b791a
----------------- Done invoking toplevel() on ptolemy.moml.MoMLSimpleApplication@24b791a
reloadAllAccessors: .Timeout3
----------------- testing Tue May 29 01:20:48 UTC 2018 /home/travis/build/icyphy/ptII/ptolemy/domains/modal/test/auto/Timeout4.xml
----------------- Instantiating /home/travis/build/icyphy/ptII/ptolemy/domains/modal/test/auto/Timeout4.xml
2 ms. Memory: 871936K Free: 714434K (82%)
----------------- Invoking toplevel() on ptolemy.moml.MoMLSimpleApplication@56d43b9a
----------------- Done invoking toplevel() on ptolemy.moml.MoMLSimpleApplication@56d43b9a
reloadAllAccessors: .Timeout4
----------------- testing Tue May 29 01:20:48 UTC 2018 /home/travis/build/icyphy/ptII/ptolemy/domains/modal/test/auto/TransientstateModelAdvanced.xml
----------------- Instantiating /home/travis/build/icyphy/ptII/ptolemy/domains/modal/test/auto/TransientstateModelAdvanced.xml
3 ms. Memory: 871936K Free: 691720K (79%)
----------------- Invoking toplevel() on ptolemy.moml.MoMLSimpleApplication@6097a1fe
----------------- Done invoking toplevel() on ptolemy.moml.MoMLSimpleApplication@6097a1fe
reloadAllAccessors: .TransientstateModelAdvanced
----------------- testing Tue May 29 01:20:48 UTC 2018 /home/travis/build/icyphy/ptII/ptolemy/domains/modal/test/auto/TransientstateModelAdvanced2.xml
----------------- Instantiating /home/travis/build/icyphy/ptII/ptolemy/domains/modal/test/auto/TransientstateModelAdvanced2.xml
3 ms. Memory: 871936K Free: 670855K (77%)
----------------- Invoking toplevel() on ptolemy.moml.MoMLSimpleApplication@4470ce19
----------------- Done invoking toplevel() on ptolemy.moml.MoMLSimpleApplication@4470ce19
reloadAllAccessors: .transientstatemodelAdvanced
----------------- testing Tue May 29 01:20:48 UTC 2018 /home/travis/build/icyphy/ptII/ptolemy/domains/modal/test/auto/TransitionRefinements.xml
----------------- Instantiating /home/travis/build/icyphy/ptII/ptolemy/domains/modal/test/auto/TransitionRefinements.xml
10 ms. Memory: 871936K Free: 653345K (75%)
----------------- Invoking toplevel() on ptolemy.moml.MoMLSimpleApplication@72ed8f3e
----------------- Done invoking toplevel() on ptolemy.moml.MoMLSimpleApplication@72ed8f3e
reloadAllAccessors: .TransitionRefinements
----------------- testing Tue May 29 01:20:48 UTC 2018 /home/travis/build/icyphy/ptII/ptolemy/domains/modal/test/auto/TwoRefinements1.xml
----------------- Instantiating /home/travis/build/icyphy/ptII/ptolemy/domains/modal/test/auto/TwoRefinements1.xml
4 ms. Memory: 871936K Free: 637701K (73%)
----------------- Invoking toplevel() on ptolemy.moml.MoMLSimpleApplication@86a3a8
----------------- Done invoking toplevel() on ptolemy.moml.MoMLSimpleApplication@86a3a8
reloadAllAccessors: .TwoRefinements1
----------------- testing Tue May 29 01:20:48 UTC 2018 /home/travis/build/icyphy/ptII/ptolemy/domains/modal/test/auto/TwoRefinements2.xml
----------------- Instantiating /home/travis/build/icyphy/ptII/ptolemy/domains/modal/test/auto/TwoRefinements2.xml
2 ms. Memory: 871936K Free: 620183K (71%)
----------------- Invoking toplevel() on ptolemy.moml.MoMLSimpleApplication@169655ec
----------------- Done invoking toplevel() on ptolemy.moml.MoMLSimpleApplication@169655ec
reloadAllAccessors: .TwoRefinements2
----------------- testing Tue May 29 01:20:48 UTC 2018 /home/travis/build/icyphy/ptII/ptolemy/domains/modal/test/auto/WeakImmediateTransition.xml
----------------- Instantiating /home/travis/build/icyphy/ptII/ptolemy/domains/modal/test/auto/WeakImmediateTransition.xml
3 ms. Memory: 871936K Free: 604530K (69%)
----------------- Invoking toplevel() on ptolemy.moml.MoMLSimpleApplication@6ce07fe
----------------- Done invoking toplevel() on ptolemy.moml.MoMLSimpleApplication@6ce07fe
reloadAllAccessors: .WeakImmediateTransition
----------------- testing Tue May 29 01:20:48 UTC 2018 /home/travis/build/icyphy/ptII/ptolemy/domains/modal/test/auto/booleanSelect.xml
----------------- Instantiating /home/travis/build/icyphy/ptII/ptolemy/domains/modal/test/auto/booleanSelect.xml
37 ms. Memory: 871936K Free: 576572K (66%)
----------------- Invoking toplevel() on ptolemy.moml.MoMLSimpleApplication@4d48c21c
----------------- Done invoking toplevel() on ptolemy.moml.MoMLSimpleApplication@4d48c21c
reloadAllAccessors: .booleanSelect
----------------- testing Tue May 29 01:20:48 UTC 2018 /home/travis/build/icyphy/ptII/ptolemy/domains/modal/test/auto/modalChangingParams.xml
----------------- Instantiating /home/travis/build/icyphy/ptII/ptolemy/domains/modal/test/auto/modalChangingParams.xml
0
1
0
2
4
6
8
7
0
2
4
6
8
13
0
2
4
6
8
19
0
2
4
6
8
25
0
2
4
6
8
31
0
2
4
6
8
37
0
2
4
6
8
43
0
2
4
6
8
49
0
2
4
6
8
55
0
2
4
6
8
61
0
2
4
6
8
67
0
2
4
6
8
73
0
2
4
6
8
79
0
2
4
6
8
85
0
2
4
6
8
91
0
2
4
6
8
97
0
2
4
6
8
103
0
2
4
6
8
109
0
2
4
6
8
115
0
2
4
6
8
121
0
2
4
6
8
127
0
2
4
6
8
133
0
2
4
6
8
139
0
2
4
6
8
145
0
2
4
6
8
151
0
2
4
6
8
157
0
2
4
6
8
163
0
2
4
6
8
169
0
2
4
6
8
175
0
2
4
6
8
181
0
2
4
6
8
187
0
2
4
6
8
193
0
2
4
6
8
199
0
2
4
6
8
205
0
2
4
6
8
211
0
2
4
6
8
217
0
2
4
6
8
223
0
2
4
6
8
229
0
2
4
6
8
235
0
2
4
6
8
241
0
2
4
6
8
247
0
2
4
6
8
253
0
2
4
6
8
259
0
2
4
6
8
265
0
2
4
6
8
271
0
2
4
6
8
277
0
2
4
6
8
283
0
2
4
6
8
289
0
2
4
6
8
295
0
2
4
6
8
301
0
2
4
6
8
307
0
2
4
6
8
313
0
2
4
6
8
319
0
2
4
6
8
325
0
2
4
6
8
331
0
2
4
6
8
337
0
2
4
6
8
343
0
2
4
6
8
349
0
2
4
6
8
355
0
2
4
6
8
361
0
2
4
6
8
367
0
2
4
6
8
373
0
2
4
6
8
379
0
2
4
6
8
385
0
2
4
6
8
391
0
2
4
6
8
397
0
2
4
6
8
403
0
2
4
6
8
409
0
2
4
6
8
415
0
2
4
6
8
421
0
2
4
6
8
427
0
2
4
6
8
433
0
2
4
6
8
439
0
2
4
6
8
445
0
2
4
6
8
451
0
2
4
6
8
457
0
2
4
6
8
463
0
2
4
6
8
469
0
2
4
6
8
475
0
2
4
6
8
481
0
2
4
6
8
487
0
2
4
6
8
493
0
2
4
6
8
499
0
2
4
6
8
505
0
2
4
6
8
511
0
2
4
6
8
517
0
2
4
6
8
523
0
2
4
6
8
529
0
2
4
6
8
535
0
2
4
6
8
541
0
2
4
6
8
547
0
2
4
6
8
553
0
2
4
6
8
559
0
2
4
6
8
565
0
2
4
6
8
571
0
2
4
6
8
577
0
2
4
6
8
583
0
2
4
6
8
589
0
2
4
6
8
595
0
2
4
6
8
601
0
2
4
6
8
607
0
2
4
6
8
613
0
2
4
6
8
619
0
2
4
6
8
625
0
2
4
6
8
631
0
2
4
6
8
637
0
2
4
6
8
643
0
2
4
6
8
649
0
2
4
6
8
655
0
2
4
6
8
661
0
2
4
6
8
667
0
2
4
6
8
673
0
2
4
6
8
679
0
2
4
6
8
685
0
2
4
6
8
691
0
2
4
6
8
697
0
2
4
6
8
703
0
2
4
6
8
709
0
2
4
6
8
715
0
2
4
6
8
721
0
2
4
6
8
727
0
2
4
6
8
733
0
2
4
6
8
739
0
2
4
6
8
745
0
2
4
6
8
751
0
2
4
6
8
757
0
2
4
6
8
763
0
2
4
6
8
769
0
2
4
6
8
775
0
2
4
6
8
781
0
2
4
6
8
787
0
2
4
6
8
793
0
2
4
6
8
799
0
2
4
6
8
805
0
2
4
6
8
811
0
2
4
6
8
817
0
2
4
6
8
823
0
2
4
6
8
829
0
2
4
6
8
835
0
2
4
6
8
841
0
2
4
6
8
847
0
2
4
6
8
853
0
2
4
6
8
859
0
2
4
6
8
865
0
2
4
6
8
871
0
2
4
6
8
877
0
2
4
6
8
883
0
2
4
6
8
889
0
2
4
6
8
895
0
2
4
6
8
901
0
2
4
6
8
907
0
2
4
6
8
913
0
2
4
6
8
919
0
2
4
6
8
925
0
2
4
6
8
931
0
2
4
6
8
937
0
2
4
6
8
943
0
2
4
6
8
949
0
2
4
6
8
955
0
2
4
6
8
961
0
2
4
6
8
967
0
2
4
6
8
973
0
2
4
6
8
979
0
2
4
6
8
985
0
2
4
6
8
991
0
2
4
6
8
997
0
2
214 ms. Memory: 871936K Free: 461712K (53%)
----------------- Invoking toplevel() on ptolemy.moml.MoMLSimpleApplication@384c432
----------------- Done invoking toplevel() on ptolemy.moml.MoMLSimpleApplication@384c432
reloadAllAccessors: .modalChangingParams
----------------- testing Tue May 29 01:20:48 UTC 2018 /home/travis/build/icyphy/ptII/ptolemy/domains/modal/test/auto/modalModel.xml
----------------- Instantiating /home/travis/build/icyphy/ptII/ptolemy/domains/modal/test/auto/modalModel.xml
12 ms. Memory: 871936K Free: 446060K (51%)
----------------- Invoking toplevel() on ptolemy.moml.MoMLSimpleApplication@76a61bf5
----------------- Done invoking toplevel() on ptolemy.moml.MoMLSimpleApplication@76a61bf5
reloadAllAccessors: .modalModel
----------------- testing Tue May 29 01:20:48 UTC 2018 /home/travis/build/icyphy/ptII/ptolemy/domains/modal/test/auto/modalModel2.xml
----------------- Instantiating /home/travis/build/icyphy/ptII/ptolemy/domains/modal/test/auto/modalModel2.xml
6 ms. Memory: 871936K Free: 428550K (49%)
----------------- Invoking toplevel() on ptolemy.moml.MoMLSimpleApplication@2478a12b
----------------- Done invoking toplevel() on ptolemy.moml.MoMLSimpleApplication@2478a12b
reloadAllAccessors: .modalModel2
----------------- testing Tue May 29 01:20:48 UTC 2018 /home/travis/build/icyphy/ptII/ptolemy/domains/modal/test/auto/modalModel3.xml
----------------- Instantiating /home/travis/build/icyphy/ptII/ptolemy/domains/modal/test/auto/modalModel3.xml
0	0	0
3	2	1
6	4	2
9	6	3
4	0	4
7	2	5
10	4	6
13	6	7
8	0	8
11	2	9
14	4	10
17	6	11
12	0	12
15	2	13
18	4	14
16 ms. Memory: 871936K Free: 407693K (47%)
----------------- Invoking toplevel() on ptolemy.moml.MoMLSimpleApplication@31e04bb7
----------------- Done invoking toplevel() on ptolemy.moml.MoMLSimpleApplication@31e04bb7
reloadAllAccessors: .modalModel3
----------------- testing Tue May 29 01:20:48 UTC 2018 /home/travis/build/icyphy/ptII/ptolemy/domains/modal/test/auto/model1.xml
----------------- Instantiating /home/travis/build/icyphy/ptII/ptolemy/domains/modal/test/auto/model1.xml
8 ms. Memory: 871936K Free: 395403K (45%)
----------------- Invoking toplevel() on ptolemy.moml.MoMLSimpleApplication@59094845
----------------- Done invoking toplevel() on ptolemy.moml.MoMLSimpleApplication@59094845
reloadAllAccessors: .model1
----------------- testing Tue May 29 01:20:48 UTC 2018 /home/travis/build/icyphy/ptII/ptolemy/domains/modal/test/auto/test-direct-in-out.xml
----------------- Instantiating /home/travis/build/icyphy/ptII/ptolemy/domains/modal/test/auto/test-direct-in-out.xml
3 ms. Memory: 871936K Free: 379759K (44%)
----------------- Invoking toplevel() on ptolemy.moml.MoMLSimpleApplication@71493b1a
----------------- Done invoking toplevel() on ptolemy.moml.MoMLSimpleApplication@71493b1a
reloadAllAccessors: .test-direct-in-out
AutoTests.java: About to close Vertx.
AutoTests.java: Vertx closed.
]]></system-out>
  <system-err><![CDATA[java.lang.RuntimeException: Execution failed
	at ptolemy.moml.MoMLSimpleApplication$UnloadThread.run(MoMLSimpleApplication.java:402)
Caused by: ptolemy.kernel.util.IllegalActionException: Unknown inputs remain. Possible causality loop:
L_model_1893289564i

  in .CannotAnalysisWithPreemption.model_1893289564_region_1 and .CannotAnalysisWithPreemption.model_1893289564_region_1.L_model_1893289564i
	at ptolemy.actor.sched.FixedPointDirector.postfire(FixedPointDirector.java:515)
	at ptolemy.domains.sr.kernel.SRDirector.postfire(SRDirector.java:417)
	at ptolemy.actor.CompositeActor.postfire(CompositeActor.java:1668)
	at ptolemy.actor.Manager.iterate(Manager.java:852)
	at ptolemy.actor.Manager.execute(Manager.java:369)
	at ptolemy.actor.Manager.run(Manager.java:1263)
	at ptolemy.actor.Manager$PtolemyRunThread.run(Manager.java:1915)
java.lang.reflect.InvocationTargetException
	at sun.reflect.NativeConstructorAccessorImpl.newInstance0(Native Method)
	at sun.reflect.NativeConstructorAccessorImpl.newInstance(NativeConstructorAccessorImpl.java:62)
	at sun.reflect.DelegatingConstructorAccessorImpl.newInstance(DelegatingConstructorAccessorImpl.java:45)
	at java.lang.reflect.Constructor.newInstance(Constructor.java:423)
	at ptolemy.util.test.junit.AutoKnownFailedTests.RunModel(AutoKnownFailedTests.java:107)
	at sun.reflect.NativeMethodAccessorImpl.invoke0(Native Method)
	at sun.reflect.NativeMethodAccessorImpl.invoke(NativeMethodAccessorImpl.java:62)
	at sun.reflect.DelegatingMethodAccessorImpl.invoke(DelegatingMethodAccessorImpl.java:43)
	at java.lang.reflect.Method.invoke(Method.java:498)
	at org.junit.runners.model.FrameworkMethod$1.runReflectiveCall(FrameworkMethod.java:44)
	at org.junit.internal.runners.model.ReflectiveCallable.run(ReflectiveCallable.java:15)
	at org.junit.runners.model.FrameworkMethod.invokeExplosively(FrameworkMethod.java:41)
	at junitparams.internal.InvokeParameterisedMethod.evaluate(InvokeParameterisedMethod.java:102)
	at org.junit.internal.runners.statements.FailOnTimeout$1.run(FailOnTimeout.java:28)
Caused by: ptolemy.kernel.util.IllegalActionException: Unknown inputs remain. Possible causality loop:
L_model_1893289564i

  in .CannotAnalysisWithPreemption.model_1893289564_region_1 and .CannotAnalysisWithPreemption.model_1893289564_region_1.L_model_1893289564i
	at ptolemy.actor.sched.FixedPointDirector.postfire(FixedPointDirector.java:515)
	at ptolemy.domains.sr.kernel.SRDirector.postfire(SRDirector.java:417)
	at ptolemy.actor.CompositeActor.postfire(CompositeActor.java:1668)
	at ptolemy.actor.Manager.iterate(Manager.java:852)
	at ptolemy.actor.Manager.execute(Manager.java:369)
	at ptolemy.actor.Manager.run(Manager.java:1263)
	at ptolemy.actor.Manager$PtolemyRunThread.run(Manager.java:1915)
]]></system-err>
</testsuite>
