<?xml version="1.0" encoding="UTF-8" ?>
<testsuite errors="0" failures="0" hostname="travis-job-cdaf2992-9217-4d27-8a2a-ef436837bdfc" name="ptolemy.domains.sdf.lib.test.junit.JUnitTclTest" skipped="0" tests="82" time="11.392" timestamp="2018-05-22T18:28:35">
  <properties>
[...]
</properties>
  <testcase classname="ptolemy.util.test.junit.TclTests" name="[0] /home/travis/build/icyphy/ptII/ptolemy/domains/sdf/lib/test/ArrayToSequence.tcl (RunTclFile)" time="0.634" />
  <testcase classname="ptolemy.util.test.junit.TclTests" name="[1] /home/travis/build/icyphy/ptII/ptolemy/domains/sdf/lib/test/BitsToInt.tcl (RunTclFile)" time="0.052" />
  <testcase classname="ptolemy.util.test.junit.TclTests" name="[2] /home/travis/build/icyphy/ptII/ptolemy/domains/sdf/lib/test/DelayLine.tcl (RunTclFile)" time="0.046" />
  <testcase classname="ptolemy.util.test.junit.TclTests" name="[3] /home/travis/build/icyphy/ptII/ptolemy/domains/sdf/lib/test/FFT.tcl (RunTclFile)" time="0.036" />
  <testcase classname="ptolemy.util.test.junit.TclTests" name="[4] /home/travis/build/icyphy/ptII/ptolemy/domains/sdf/lib/test/FIR.tcl (RunTclFile)" time="0.12" />
  <testcase classname="ptolemy.util.test.junit.TclTests" name="[5] /home/travis/build/icyphy/ptII/ptolemy/domains/sdf/lib/test/IntToBits.tcl (RunTclFile)" time="0.067" />
  <testcase classname="ptolemy.util.test.junit.TclTests" name="[6] /home/travis/build/icyphy/ptII/ptolemy/domains/sdf/lib/test/MaximumEntropySpectrum.tcl (RunTclFile)" time="0.341" />
  <testcase classname="ptolemy.util.test.junit.TclTests" name="[7] /home/travis/build/icyphy/ptII/ptolemy/domains/sdf/lib/test/Repeat.tcl (RunTclFile)" time="0.053" />
  <testcase classname="ptolemy.util.test.junit.TclTests" name="[8] /home/travis/build/icyphy/ptII/ptolemy/domains/sdf/lib/test/SampleDelay.tcl (RunTclFile)" time="0.079" />
  <testcase classname="ptolemy.util.test.junit.TclTests" name="[9] /home/travis/build/icyphy/ptII/ptolemy/domains/sdf/lib/test/SequenceToArray.tcl (RunTclFile)" time="0.06" />
  <testcase classname="ptolemy.util.test.junit.AutoKnownFailedTests" name="[0] ThereAreNoKnowFailedTests (RunModel)" time="0.001" />
  <testcase classname="ptolemy.util.test.junit.AutoNameArchTests" name="[0] ThereAreNoAutoTests (RunModel)" time="0.001" />
  <testcase classname="ptolemy.util.test.junit.AutoTests" name="[0] /home/travis/build/icyphy/ptII/ptolemy/domains/sdf/lib/test/auto/ArrayToSequence.xml (RunModel)" time="0.192" />
  <testcase classname="ptolemy.util.test.junit.AutoTests" name="[1] /home/travis/build/icyphy/ptII/ptolemy/domains/sdf/lib/test/auto/ArrayToSequenceTest.xml (RunModel)" time="0.064" />
  <testcase classname="ptolemy.util.test.junit.AutoTests" name="[2] /home/travis/build/icyphy/ptII/ptolemy/domains/sdf/lib/test/auto/Autocorrelation.xml (RunModel)" time="0.031" />
  <testcase classname="ptolemy.util.test.junit.AutoTests" name="[3] /home/travis/build/icyphy/ptII/ptolemy/domains/sdf/lib/test/auto/Autocorrelation2.xml (RunModel)" time="0.05" />
  <testcase classname="ptolemy.util.test.junit.AutoTests" name="[4] /home/travis/build/icyphy/ptII/ptolemy/domains/sdf/lib/test/auto/Autocorrelation3.xml (RunModel)" time="0.065" />
  <testcase classname="ptolemy.util.test.junit.AutoTests" name="[5] /home/travis/build/icyphy/ptII/ptolemy/domains/sdf/lib/test/auto/Autocorrelation4.xml (RunModel)" time="0.07" />
  <testcase classname="ptolemy.util.test.junit.AutoTests" name="[6] /home/travis/build/icyphy/ptII/ptolemy/domains/sdf/lib/test/auto/Autocorrelation5.xml (RunModel)" time="0.144" />
  <testcase classname="ptolemy.util.test.junit.AutoTests" name="[7] /home/travis/build/icyphy/ptII/ptolemy/domains/sdf/lib/test/auto/BitsToInt.xml (RunModel)" time="0.041" />
  <testcase classname="ptolemy.util.test.junit.AutoTests" name="[8] /home/travis/build/icyphy/ptII/ptolemy/domains/sdf/lib/test/auto/BooleanJoin.xml (RunModel)" time="0.048" />
  <testcase classname="ptolemy.util.test.junit.AutoTests" name="[9] /home/travis/build/icyphy/ptII/ptolemy/domains/sdf/lib/test/auto/BootstrapSampleDelay.xml (RunModel)" time="0.038" />
  <testcase classname="ptolemy.util.test.junit.AutoTests" name="[10] /home/travis/build/icyphy/ptII/ptolemy/domains/sdf/lib/test/auto/Chop.xml (RunModel)" time="0.059" />
  <testcase classname="ptolemy.util.test.junit.AutoTests" name="[11] /home/travis/build/icyphy/ptII/ptolemy/domains/sdf/lib/test/auto/Chop2.xml (RunModel)" time="0.035" />
  <testcase classname="ptolemy.util.test.junit.AutoTests" name="[12] /home/travis/build/icyphy/ptII/ptolemy/domains/sdf/lib/test/auto/ComplexJoin.xml (RunModel)" time="0.055" />
  <testcase classname="ptolemy.util.test.junit.AutoTests" name="[13] /home/travis/build/icyphy/ptII/ptolemy/domains/sdf/lib/test/auto/CountTrues.xml (RunModel)" time="0.037" />
  <testcase classname="ptolemy.util.test.junit.AutoTests" name="[14] /home/travis/build/icyphy/ptII/ptolemy/domains/sdf/lib/test/auto/DelayLine.xml (RunModel)" time="0.047" />
  <testcase classname="ptolemy.util.test.junit.AutoTests" name="[15] /home/travis/build/icyphy/ptII/ptolemy/domains/sdf/lib/test/auto/DotProduct.xml (RunModel)" time="0.035" />
  <testcase classname="ptolemy.util.test.junit.AutoTests" name="[16] /home/travis/build/icyphy/ptII/ptolemy/domains/sdf/lib/test/auto/DotProductMatrix.xml (RunModel)" time="0.026" />
  <testcase classname="ptolemy.util.test.junit.AutoTests" name="[17] /home/travis/build/icyphy/ptII/ptolemy/domains/sdf/lib/test/auto/DownSample1.xml (RunModel)" time="0.027" />
  <testcase classname="ptolemy.util.test.junit.AutoTests" name="[18] /home/travis/build/icyphy/ptII/ptolemy/domains/sdf/lib/test/auto/DynamicRateChange.xml (RunModel)" time="0.049" />
  <testcase classname="ptolemy.util.test.junit.AutoTests" name="[19] /home/travis/build/icyphy/ptII/ptolemy/domains/sdf/lib/test/auto/DynamicRates.xml (RunModel)" time="0.04" />
  <testcase classname="ptolemy.util.test.junit.AutoTests" name="[20] /home/travis/build/icyphy/ptII/ptolemy/domains/sdf/lib/test/auto/FFT1.xml (RunModel)" time="0.04" />
  <testcase classname="ptolemy.util.test.junit.AutoTests" name="[21] /home/travis/build/icyphy/ptII/ptolemy/domains/sdf/lib/test/auto/FIR1.xml (RunModel)" time="0.095" />
  <testcase classname="ptolemy.util.test.junit.AutoTests" name="[22] /home/travis/build/icyphy/ptII/ptolemy/domains/sdf/lib/test/auto/FIR2.xml (RunModel)" time="0.027" />
  <testcase classname="ptolemy.util.test.junit.AutoTests" name="[23] /home/travis/build/icyphy/ptII/ptolemy/domains/sdf/lib/test/auto/FIR4.xml (RunModel)" time="0.058" />
  <testcase classname="ptolemy.util.test.junit.AutoTests" name="[24] /home/travis/build/icyphy/ptII/ptolemy/domains/sdf/lib/test/auto/FixJoin.xml (RunModel)" time="0.031" />
  <testcase classname="ptolemy.util.test.junit.AutoTests" name="[25] /home/travis/build/icyphy/ptII/ptolemy/domains/sdf/lib/test/auto/IntJoin1.xml (RunModel)" time="0.024" />
  <testcase classname="ptolemy.util.test.junit.AutoTests" name="[26] /home/travis/build/icyphy/ptII/ptolemy/domains/sdf/lib/test/auto/IntJoin2.xml (RunModel)" time="0.038" />
  <testcase classname="ptolemy.util.test.junit.AutoTests" name="[27] /home/travis/build/icyphy/ptII/ptolemy/domains/sdf/lib/test/auto/IntJoin3.xml (RunModel)" time="0.029" />
  <testcase classname="ptolemy.util.test.junit.AutoTests" name="[28] /home/travis/build/icyphy/ptII/ptolemy/domains/sdf/lib/test/auto/IntJoin4.xml (RunModel)" time="0.03" />
  <testcase classname="ptolemy.util.test.junit.AutoTests" name="[29] /home/travis/build/icyphy/ptII/ptolemy/domains/sdf/lib/test/auto/IntJoin5.xml (RunModel)" time="0.033" />
  <testcase classname="ptolemy.util.test.junit.AutoTests" name="[30] /home/travis/build/icyphy/ptII/ptolemy/domains/sdf/lib/test/auto/IntToBits.xml (RunModel)" time="0.022" />
  <testcase classname="ptolemy.util.test.junit.AutoTests" name="[31] /home/travis/build/icyphy/ptII/ptolemy/domains/sdf/lib/test/auto/LMSAdaptive.xml (RunModel)" time="0.097" />
  <testcase classname="ptolemy.util.test.junit.AutoTests" name="[32] /home/travis/build/icyphy/ptII/ptolemy/domains/sdf/lib/test/auto/LMSAdaptiveFIR.xml (RunModel)" time="0.62" />
  <testcase classname="ptolemy.util.test.junit.AutoTests" name="[33] /home/travis/build/icyphy/ptII/ptolemy/domains/sdf/lib/test/auto/LMSAdaptiveFIR2.xml (RunModel)" time="0.939" />
  <testcase classname="ptolemy.util.test.junit.AutoTests" name="[34] /home/travis/build/icyphy/ptII/ptolemy/domains/sdf/lib/test/auto/LongJoin.xml (RunModel)" time="0.043" />
  <testcase classname="ptolemy.util.test.junit.AutoTests" name="[35] /home/travis/build/icyphy/ptII/ptolemy/domains/sdf/lib/test/auto/Matrix1.xml (RunModel)" time="0.053" />
  <testcase classname="ptolemy.util.test.junit.AutoTests" name="[36] /home/travis/build/icyphy/ptII/ptolemy/domains/sdf/lib/test/auto/Matrix2.xml (RunModel)" time="0.044" />
  <testcase classname="ptolemy.util.test.junit.AutoTests" name="[37] /home/travis/build/icyphy/ptII/ptolemy/domains/sdf/lib/test/auto/MatrixJoin1.xml (RunModel)" time="0.034" />
  <testcase classname="ptolemy.util.test.junit.AutoTests" name="[38] /home/travis/build/icyphy/ptII/ptolemy/domains/sdf/lib/test/auto/MatrixJoin2.xml (RunModel)" time="0.03" />
  <testcase classname="ptolemy.util.test.junit.AutoTests" name="[39] /home/travis/build/icyphy/ptII/ptolemy/domains/sdf/lib/test/auto/MatrixJoin3.xml (RunModel)" time="0.037" />
  <testcase classname="ptolemy.util.test.junit.AutoTests" name="[40] /home/travis/build/icyphy/ptII/ptolemy/domains/sdf/lib/test/auto/MatrixJoin4.xml (RunModel)" time="0.029" />
  <testcase classname="ptolemy.util.test.junit.AutoTests" name="[41] /home/travis/build/icyphy/ptII/ptolemy/domains/sdf/lib/test/auto/MatrixJoin5.xml (RunModel)" time="0.028" />
  <testcase classname="ptolemy.util.test.junit.AutoTests" name="[42] /home/travis/build/icyphy/ptII/ptolemy/domains/sdf/lib/test/auto/MatrixSplit1.xml (RunModel)" time="0.036" />
  <testcase classname="ptolemy.util.test.junit.AutoTests" name="[43] /home/travis/build/icyphy/ptII/ptolemy/domains/sdf/lib/test/auto/MatrixSplit10.xml (RunModel)" time="0.024" />
  <testcase classname="ptolemy.util.test.junit.AutoTests" name="[44] /home/travis/build/icyphy/ptII/ptolemy/domains/sdf/lib/test/auto/MatrixSplit11.xml (RunModel)" time="0.027" />
  <testcase classname="ptolemy.util.test.junit.AutoTests" name="[45] /home/travis/build/icyphy/ptII/ptolemy/domains/sdf/lib/test/auto/MatrixSplit12.xml (RunModel)" time="0.036" />
  <testcase classname="ptolemy.util.test.junit.AutoTests" name="[46] /home/travis/build/icyphy/ptII/ptolemy/domains/sdf/lib/test/auto/MatrixSplit13.xml (RunModel)" time="0.045" />
  <testcase classname="ptolemy.util.test.junit.AutoTests" name="[47] /home/travis/build/icyphy/ptII/ptolemy/domains/sdf/lib/test/auto/MatrixSplit14.xml (RunModel)" time="0.026" />
  <testcase classname="ptolemy.util.test.junit.AutoTests" name="[48] /home/travis/build/icyphy/ptII/ptolemy/domains/sdf/lib/test/auto/MatrixSplit2.xml (RunModel)" time="0.029" />
  <testcase classname="ptolemy.util.test.junit.AutoTests" name="[49] /home/travis/build/icyphy/ptII/ptolemy/domains/sdf/lib/test/auto/MatrixSplit3.xml (RunModel)" time="0.029" />
  <testcase classname="ptolemy.util.test.junit.AutoTests" name="[50] /home/travis/build/icyphy/ptII/ptolemy/domains/sdf/lib/test/auto/MatrixSplit4.xml (RunModel)" time="0.03" />
  <testcase classname="ptolemy.util.test.junit.AutoTests" name="[51] /home/travis/build/icyphy/ptII/ptolemy/domains/sdf/lib/test/auto/MatrixSplit5.xml (RunModel)" time="0.025" />
  <testcase classname="ptolemy.util.test.junit.AutoTests" name="[52] /home/travis/build/icyphy/ptII/ptolemy/domains/sdf/lib/test/auto/MatrixSplit6.xml (RunModel)" time="0.036" />
  <testcase classname="ptolemy.util.test.junit.AutoTests" name="[53] /home/travis/build/icyphy/ptII/ptolemy/domains/sdf/lib/test/auto/MatrixSplit7.xml (RunModel)" time="0.027" />
  <testcase classname="ptolemy.util.test.junit.AutoTests" name="[54] /home/travis/build/icyphy/ptII/ptolemy/domains/sdf/lib/test/auto/MatrixSplit8.xml (RunModel)" time="0.027" />
  <testcase classname="ptolemy.util.test.junit.AutoTests" name="[55] /home/travis/build/icyphy/ptII/ptolemy/domains/sdf/lib/test/auto/MatrixSplit9.xml (RunModel)" time="0.046" />
  <testcase classname="ptolemy.util.test.junit.AutoTests" name="[56] /home/travis/build/icyphy/ptII/ptolemy/domains/sdf/lib/test/auto/MatrixToSequence.xml (RunModel)" time="0.064" />
  <testcase classname="ptolemy.util.test.junit.AutoTests" name="[57] /home/travis/build/icyphy/ptII/ptolemy/domains/sdf/lib/test/auto/MaximumEntropySpectrum.xml (RunModel)" time="0.13" />
  <testcase classname="ptolemy.util.test.junit.AutoTests" name="[58] /home/travis/build/icyphy/ptII/ptolemy/domains/sdf/lib/test/auto/SampleDelayConversion.xml (RunModel)" time="0.028" />
  <testcase classname="ptolemy.util.test.junit.AutoTests" name="[59] /home/travis/build/icyphy/ptII/ptolemy/domains/sdf/lib/test/auto/SequenceToArray.xml (RunModel)" time="0.07" />
  <testcase classname="ptolemy.util.test.junit.AutoTests" name="[60] /home/travis/build/icyphy/ptII/ptolemy/domains/sdf/lib/test/auto/SequenceToMatrix.xml (RunModel)" time="4.537" />
  <testcase classname="ptolemy.util.test.junit.AutoTests" name="[61] /home/travis/build/icyphy/ptII/ptolemy/domains/sdf/lib/test/auto/SmoothedPeriodogram.xml (RunModel)" time="0.081" />
  <testcase classname="ptolemy.util.test.junit.AutoTests" name="[62] /home/travis/build/icyphy/ptII/ptolemy/domains/sdf/lib/test/auto/UpDownSample1.xml (RunModel)" time="0.022" />
  <testcase classname="ptolemy.util.test.junit.AutoTests" name="[63] /home/travis/build/icyphy/ptII/ptolemy/domains/sdf/lib/test/auto/UpSample1.xml (RunModel)" time="0.021" />
  <testcase classname="ptolemy.util.test.junit.AutoTests" name="[64] /home/travis/build/icyphy/ptII/ptolemy/domains/sdf/lib/test/auto/VariableFIR.xml (RunModel)" time="0.037" />
  <testcase classname="ptolemy.util.test.junit.AutoTests" name="[65] /home/travis/build/icyphy/ptII/ptolemy/domains/sdf/lib/test/auto/VariableFIR2.xml (RunModel)" time="0.038" />
  <testcase classname="ptolemy.util.test.junit.AutoTests" name="[66] /home/travis/build/icyphy/ptII/ptolemy/domains/sdf/lib/test/auto/VariableLattice.xml (RunModel)" time="0.054" />
  <testcase classname="ptolemy.util.test.junit.AutoTests" name="[67] /home/travis/build/icyphy/ptII/ptolemy/domains/sdf/lib/test/auto/VariableLattice2.xml (RunModel)" time="0.035" />
  <testcase classname="ptolemy.util.test.junit.AutoTests" name="[68] /home/travis/build/icyphy/ptII/ptolemy/domains/sdf/lib/test/auto/VariableRecursiveLattice.xml (RunModel)" time="0.033" />
  <testcase classname="ptolemy.util.test.junit.AutoTests" name="[69] /home/travis/build/icyphy/ptII/ptolemy/domains/sdf/lib/test/auto/VariableRecursiveLattice2.xml (RunModel)" time="0.031" />
  <system-out><![CDATA[/home/travis/build/icyphy/ptII/ptolemy/domains/sdf/lib/test/ArrayToSequence.tcl
testDefs.tcl: setting time out to 9000 seconds at Tue May 22 18:28:35 UTC 2018
64 ms. Memory: 116224K Free: 85504K (74%)
16 ms. Memory: 116224K Free: 110107K (95%)
28 ms. Memory: 116224K Free: 107721K (93%)
12 ms. Memory: 116224K Free: 106527K (92%)
/home/travis/build/icyphy/ptII/ptolemy/domains/sdf/lib/test/BitsToInt.tcl
10 ms. Memory: 116224K Free: 104725K (90%)
18 ms. Memory: 116224K Free: 102932K (89%)
/home/travis/build/icyphy/ptII/ptolemy/domains/sdf/lib/test/DelayLine.tcl
11 ms. Memory: 116224K Free: 101130K (87%)
/home/travis/build/icyphy/ptII/ptolemy/domains/sdf/lib/test/FFT.tcl
9 ms. Memory: 116224K Free: 99352K (85%)
/home/travis/build/icyphy/ptII/ptolemy/domains/sdf/lib/test/FIR.tcl
16 ms. Memory: 116224K Free: 97526K (84%)
11 ms. Memory: 116224K Free: 96325K (83%)
ptolemy.kernel.util.IllegalActionException: multiplyReverse method not supported between ptolemy.data.FixToken 'fix(-0.0625,6,2)' and ptolemy.data.IntToken '1' because the types are incomparable.
  in .top.FIRclone
Because:
multiplyReverse method not supported between ptolemy.data.FixToken 'fix(-0.0625,6,2)' and ptolemy.data.IntToken '1' because the types are incomparable.
21 ms. Memory: 116224K Free: 93915K (81%)
/home/travis/build/icyphy/ptII/ptolemy/domains/sdf/lib/test/IntToBits.tcl
15 ms. Memory: 116224K Free: 92105K (79%)
8 ms. Memory: 116224K Free: 90311K (78%)
/home/travis/build/icyphy/ptII/ptolemy/domains/sdf/lib/test/MaximumEntropySpectrum.tcl
/home/travis/build/icyphy/ptII/ptolemy/domains/sdf/lib/test/Repeat.tcl
12 ms. Memory: 116224K Free: 90495K (78%)
/home/travis/build/icyphy/ptII/ptolemy/domains/sdf/lib/test/SampleDelay.tcl
15 ms. Memory: 116224K Free: 88671K (76%)
8 ms. Memory: 116224K Free: 87476K (75%)
5 ms. Memory: 116224K Free: 86870K (75%)
4 ms. Memory: 116224K Free: 86257K (74%)
3 ms. Memory: 116224K Free: 85659K (74%)
1 ms. Memory: 116224K Free: 85046K (73%)
/home/travis/build/icyphy/ptII/ptolemy/domains/sdf/lib/test/SequenceToArray.tcl
7 ms. Memory: 116224K Free: 83222K (72%)
5 ms. Memory: 116224K Free: 82608K (71%)
7 ms. Memory: 116224K Free: 81183K (70%)
4 ms. Memory: 116224K Free: 110381K (95%)
05/22/18 06:28:36
Failed: 0  Total Tests: 41  ((Passed: 41, Newly Passed: 0)  Known Failed: 0) /home/travis/build/icyphy/ptII/ptolemy/domains/sdf/lib/test
No auto/knownFailedTests/*.xml tests in /home/travis/build/icyphy/ptII/ptolemy/domains/sdf/lib/test
No auto/*.xml tests in /home/travis/build/icyphy/ptII/ptolemy/domains/sdf/lib/test
AutoTests.java: About to close Vertx.
AutoTests.java: Vertx closed.
----------------- testing Tue May 22 18:28:37 UTC 2018 /home/travis/build/icyphy/ptII/ptolemy/domains/sdf/lib/test/auto/ArrayToSequence.xml
----------------- Instantiating /home/travis/build/icyphy/ptII/ptolemy/domains/sdf/lib/test/auto/ArrayToSequence.xml
24 ms. Memory: 146944K Free: 131332K (89%)
----------------- Invoking toplevel() on ptolemy.moml.MoMLSimpleApplication@5453879c
----------------- Done invoking toplevel() on ptolemy.moml.MoMLSimpleApplication@5453879c
reloadAllAccessors: .ArrayToSequence
----------------- testing Tue May 22 18:28:37 UTC 2018 /home/travis/build/icyphy/ptII/ptolemy/domains/sdf/lib/test/auto/ArrayToSequenceTest.xml
----------------- Instantiating /home/travis/build/icyphy/ptII/ptolemy/domains/sdf/lib/test/auto/ArrayToSequenceTest.xml
12 ms. Memory: 146944K Free: 123901K (84%)
----------------- Invoking toplevel() on ptolemy.moml.MoMLSimpleApplication@9cd674e
----------------- Done invoking toplevel() on ptolemy.moml.MoMLSimpleApplication@9cd674e
reloadAllAccessors: .ArrayToSequenceTest
----------------- testing Tue May 22 18:28:37 UTC 2018 /home/travis/build/icyphy/ptII/ptolemy/domains/sdf/lib/test/auto/Autocorrelation.xml
----------------- Instantiating /home/travis/build/icyphy/ptII/ptolemy/domains/sdf/lib/test/auto/Autocorrelation.xml
5 ms. Memory: 146944K Free: 119227K (81%)
----------------- Invoking toplevel() on ptolemy.moml.MoMLSimpleApplication@44bd6964
----------------- Done invoking toplevel() on ptolemy.moml.MoMLSimpleApplication@44bd6964
reloadAllAccessors: .Autocorrelation
----------------- testing Tue May 22 18:28:37 UTC 2018 /home/travis/build/icyphy/ptII/ptolemy/domains/sdf/lib/test/auto/Autocorrelation2.xml
----------------- Instantiating /home/travis/build/icyphy/ptII/ptolemy/domains/sdf/lib/test/auto/Autocorrelation2.xml
8 ms. Memory: 146944K Free: 114560K (78%)
----------------- Invoking toplevel() on ptolemy.moml.MoMLSimpleApplication@499fb95f
----------------- Done invoking toplevel() on ptolemy.moml.MoMLSimpleApplication@499fb95f
reloadAllAccessors: .Autocorrelation2
----------------- testing Tue May 22 18:28:37 UTC 2018 /home/travis/build/icyphy/ptII/ptolemy/domains/sdf/lib/test/auto/Autocorrelation3.xml
----------------- Instantiating /home/travis/build/icyphy/ptII/ptolemy/domains/sdf/lib/test/auto/Autocorrelation3.xml
4 ms. Memory: 146944K Free: 109080K (74%)
----------------- Invoking toplevel() on ptolemy.moml.MoMLSimpleApplication@5c3458da
----------------- Done invoking toplevel() on ptolemy.moml.MoMLSimpleApplication@5c3458da
reloadAllAccessors: .Autocorrelation3
----------------- testing Tue May 22 18:28:37 UTC 2018 /home/travis/build/icyphy/ptII/ptolemy/domains/sdf/lib/test/auto/Autocorrelation4.xml
----------------- Instantiating /home/travis/build/icyphy/ptII/ptolemy/domains/sdf/lib/test/auto/Autocorrelation4.xml
17 ms. Memory: 146944K Free: 104502K (71%)
----------------- Invoking toplevel() on ptolemy.moml.MoMLSimpleApplication@5bfc0d47
----------------- Done invoking toplevel() on ptolemy.moml.MoMLSimpleApplication@5bfc0d47
reloadAllAccessors: .Autocorrelation4
----------------- testing Tue May 22 18:28:37 UTC 2018 /home/travis/build/icyphy/ptII/ptolemy/domains/sdf/lib/test/auto/Autocorrelation5.xml
----------------- Instantiating /home/travis/build/icyphy/ptII/ptolemy/domains/sdf/lib/test/auto/Autocorrelation5.xml
77 ms. Memory: 146944K Free: 96974K (66%)
----------------- Invoking toplevel() on ptolemy.moml.MoMLSimpleApplication@35d377c4
----------------- Done invoking toplevel() on ptolemy.moml.MoMLSimpleApplication@35d377c4
reloadAllAccessors: .Autocorrelation5
----------------- testing Tue May 22 18:28:37 UTC 2018 /home/travis/build/icyphy/ptII/ptolemy/domains/sdf/lib/test/auto/BitsToInt.xml
----------------- Instantiating /home/travis/build/icyphy/ptII/ptolemy/domains/sdf/lib/test/auto/BitsToInt.xml
3 ms. Memory: 146944K Free: 92595K (63%)
----------------- Invoking toplevel() on ptolemy.moml.MoMLSimpleApplication@17034ad5
----------------- Done invoking toplevel() on ptolemy.moml.MoMLSimpleApplication@17034ad5
reloadAllAccessors: .BitsToInt
----------------- testing Tue May 22 18:28:37 UTC 2018 /home/travis/build/icyphy/ptII/ptolemy/domains/sdf/lib/test/auto/BooleanJoin.xml
----------------- Instantiating /home/travis/build/icyphy/ptII/ptolemy/domains/sdf/lib/test/auto/BooleanJoin.xml
5 ms. Memory: 146944K Free: 87961K (60%)
----------------- Invoking toplevel() on ptolemy.moml.MoMLSimpleApplication@18a037dd
----------------- Done invoking toplevel() on ptolemy.moml.MoMLSimpleApplication@18a037dd
reloadAllAccessors: .BooleanJoin
----------------- testing Tue May 22 18:28:37 UTC 2018 /home/travis/build/icyphy/ptII/ptolemy/domains/sdf/lib/test/auto/BootstrapSampleDelay.xml
----------------- Instantiating /home/travis/build/icyphy/ptII/ptolemy/domains/sdf/lib/test/auto/BootstrapSampleDelay.xml
12 ms. Memory: 146944K Free: 83833K (57%)
----------------- Invoking toplevel() on ptolemy.moml.MoMLSimpleApplication@77709f66
----------------- Done invoking toplevel() on ptolemy.moml.MoMLSimpleApplication@77709f66
reloadAllAccessors: .BootstrapSampleDelay
----------------- testing Tue May 22 18:28:37 UTC 2018 /home/travis/build/icyphy/ptII/ptolemy/domains/sdf/lib/test/auto/Chop.xml
----------------- Instantiating /home/travis/build/icyphy/ptII/ptolemy/domains/sdf/lib/test/auto/Chop.xml
6 ms. Memory: 146944K Free: 136180K (93%)
----------------- Invoking toplevel() on ptolemy.moml.MoMLSimpleApplication@71179a87
----------------- Done invoking toplevel() on ptolemy.moml.MoMLSimpleApplication@71179a87
reloadAllAccessors: .Chop
----------------- testing Tue May 22 18:28:37 UTC 2018 /home/travis/build/icyphy/ptII/ptolemy/domains/sdf/lib/test/auto/Chop2.xml
----------------- Instantiating /home/travis/build/icyphy/ptII/ptolemy/domains/sdf/lib/test/auto/Chop2.xml
5 ms. Memory: 146944K Free: 128629K (88%)
----------------- Invoking toplevel() on ptolemy.moml.MoMLSimpleApplication@2df89ce8
----------------- Done invoking toplevel() on ptolemy.moml.MoMLSimpleApplication@2df89ce8
reloadAllAccessors: .Chop2
----------------- testing Tue May 22 18:28:37 UTC 2018 /home/travis/build/icyphy/ptII/ptolemy/domains/sdf/lib/test/auto/ComplexJoin.xml
----------------- Instantiating /home/travis/build/icyphy/ptII/ptolemy/domains/sdf/lib/test/auto/ComplexJoin.xml
4 ms. Memory: 146944K Free: 124003K (84%)
----------------- Invoking toplevel() on ptolemy.moml.MoMLSimpleApplication@1a57bea
----------------- Done invoking toplevel() on ptolemy.moml.MoMLSimpleApplication@1a57bea
reloadAllAccessors: .ComplexJoin
----------------- testing Tue May 22 18:28:37 UTC 2018 /home/travis/build/icyphy/ptII/ptolemy/domains/sdf/lib/test/auto/CountTrues.xml
----------------- Instantiating /home/travis/build/icyphy/ptII/ptolemy/domains/sdf/lib/test/auto/CountTrues.xml
5 ms. Memory: 146944K Free: 119856K (82%)
----------------- Invoking toplevel() on ptolemy.moml.MoMLSimpleApplication@2d9825c
----------------- Done invoking toplevel() on ptolemy.moml.MoMLSimpleApplication@2d9825c
reloadAllAccessors: .CountTrues
----------------- testing Tue May 22 18:28:37 UTC 2018 /home/travis/build/icyphy/ptII/ptolemy/domains/sdf/lib/test/auto/DelayLine.xml
----------------- Instantiating /home/travis/build/icyphy/ptII/ptolemy/domains/sdf/lib/test/auto/DelayLine.xml
10 ms. Memory: 146944K Free: 114299K (78%)
----------------- Invoking toplevel() on ptolemy.moml.MoMLSimpleApplication@2679513c
----------------- Done invoking toplevel() on ptolemy.moml.MoMLSimpleApplication@2679513c
reloadAllAccessors: .DelayLine
----------------- testing Tue May 22 18:28:38 UTC 2018 /home/travis/build/icyphy/ptII/ptolemy/domains/sdf/lib/test/auto/DotProduct.xml
----------------- Instantiating /home/travis/build/icyphy/ptII/ptolemy/domains/sdf/lib/test/auto/DotProduct.xml
5 ms. Memory: 146944K Free: 109849K (75%)
----------------- Invoking toplevel() on ptolemy.moml.MoMLSimpleApplication@167ea497
----------------- Done invoking toplevel() on ptolemy.moml.MoMLSimpleApplication@167ea497
reloadAllAccessors: .DotProduct
----------------- testing Tue May 22 18:28:38 UTC 2018 /home/travis/build/icyphy/ptII/ptolemy/domains/sdf/lib/test/auto/DotProductMatrix.xml
----------------- Instantiating /home/travis/build/icyphy/ptII/ptolemy/domains/sdf/lib/test/auto/DotProductMatrix.xml
6 ms. Memory: 146944K Free: 106572K (73%)
----------------- Invoking toplevel() on ptolemy.moml.MoMLSimpleApplication@4db89735
----------------- Done invoking toplevel() on ptolemy.moml.MoMLSimpleApplication@4db89735
reloadAllAccessors: .DotProductMatrix
----------------- testing Tue May 22 18:28:38 UTC 2018 /home/travis/build/icyphy/ptII/ptolemy/domains/sdf/lib/test/auto/DownSample1.xml
----------------- Instantiating /home/travis/build/icyphy/ptII/ptolemy/domains/sdf/lib/test/auto/DownSample1.xml
6 ms. Memory: 146944K Free: 102457K (70%)
----------------- Invoking toplevel() on ptolemy.moml.MoMLSimpleApplication@1b0d91
----------------- Done invoking toplevel() on ptolemy.moml.MoMLSimpleApplication@1b0d91
reloadAllAccessors: .DownSample1
----------------- testing Tue May 22 18:28:38 UTC 2018 /home/travis/build/icyphy/ptII/ptolemy/domains/sdf/lib/test/auto/DynamicRateChange.xml
----------------- Instantiating /home/travis/build/icyphy/ptII/ptolemy/domains/sdf/lib/test/auto/DynamicRateChange.xml
15 ms. Memory: 146944K Free: 96265K (66%)
----------------- Invoking toplevel() on ptolemy.moml.MoMLSimpleApplication@570d08df
----------------- Done invoking toplevel() on ptolemy.moml.MoMLSimpleApplication@570d08df
reloadAllAccessors: .DynamicRateChange
----------------- testing Tue May 22 18:28:38 UTC 2018 /home/travis/build/icyphy/ptII/ptolemy/domains/sdf/lib/test/auto/DynamicRates.xml
----------------- Instantiating /home/travis/build/icyphy/ptII/ptolemy/domains/sdf/lib/test/auto/DynamicRates.xml
11 ms. Memory: 146944K Free: 90117K (61%)
----------------- Invoking toplevel() on ptolemy.moml.MoMLSimpleApplication@dc3d8d4
----------------- Done invoking toplevel() on ptolemy.moml.MoMLSimpleApplication@dc3d8d4
reloadAllAccessors: .DynamicRates
----------------- testing Tue May 22 18:28:38 UTC 2018 /home/travis/build/icyphy/ptII/ptolemy/domains/sdf/lib/test/auto/FFT1.xml
----------------- Instantiating /home/travis/build/icyphy/ptII/ptolemy/domains/sdf/lib/test/auto/FFT1.xml
16 ms. Memory: 146944K Free: 85547K (58%)
----------------- Invoking toplevel() on ptolemy.moml.MoMLSimpleApplication@42267193
----------------- Done invoking toplevel() on ptolemy.moml.MoMLSimpleApplication@42267193
reloadAllAccessors: .FFT1
----------------- testing Tue May 22 18:28:38 UTC 2018 /home/travis/build/icyphy/ptII/ptolemy/domains/sdf/lib/test/auto/FIR1.xml
----------------- Instantiating /home/travis/build/icyphy/ptII/ptolemy/domains/sdf/lib/test/auto/FIR1.xml
50 ms. Memory: 209920K Free: 201297K (96%)
----------------- Invoking toplevel() on ptolemy.moml.MoMLSimpleApplication@3f0d0dd7
----------------- Done invoking toplevel() on ptolemy.moml.MoMLSimpleApplication@3f0d0dd7
reloadAllAccessors: .FIR1
----------------- testing Tue May 22 18:28:38 UTC 2018 /home/travis/build/icyphy/ptII/ptolemy/domains/sdf/lib/test/auto/FIR2.xml
----------------- Instantiating /home/travis/build/icyphy/ptII/ptolemy/domains/sdf/lib/test/auto/FIR2.xml
4 ms. Memory: 209920K Free: 196062K (93%)
----------------- Invoking toplevel() on ptolemy.moml.MoMLSimpleApplication@448b34cf
----------------- Done invoking toplevel() on ptolemy.moml.MoMLSimpleApplication@448b34cf
reloadAllAccessors: .FIR2
----------------- testing Tue May 22 18:28:38 UTC 2018 /home/travis/build/icyphy/ptII/ptolemy/domains/sdf/lib/test/auto/FIR4.xml
----------------- Instantiating /home/travis/build/icyphy/ptII/ptolemy/domains/sdf/lib/test/auto/FIR4.xml
8 ms. Memory: 209920K Free: 187380K (89%)
----------------- Invoking toplevel() on ptolemy.moml.MoMLSimpleApplication@113b8130
----------------- Done invoking toplevel() on ptolemy.moml.MoMLSimpleApplication@113b8130
reloadAllAccessors: .FIR4
----------------- testing Tue May 22 18:28:38 UTC 2018 /home/travis/build/icyphy/ptII/ptolemy/domains/sdf/lib/test/auto/FixJoin.xml
----------------- Instantiating /home/travis/build/icyphy/ptII/ptolemy/domains/sdf/lib/test/auto/FixJoin.xml
3 ms. Memory: 209920K Free: 181429K (86%)
----------------- Invoking toplevel() on ptolemy.moml.MoMLSimpleApplication@1e2fa7db
----------------- Done invoking toplevel() on ptolemy.moml.MoMLSimpleApplication@1e2fa7db
reloadAllAccessors: .FixJoin
----------------- testing Tue May 22 18:28:38 UTC 2018 /home/travis/build/icyphy/ptII/ptolemy/domains/sdf/lib/test/auto/IntJoin1.xml
----------------- Instantiating /home/travis/build/icyphy/ptII/ptolemy/domains/sdf/lib/test/auto/IntJoin1.xml
3 ms. Memory: 209920K Free: 176498K (84%)
----------------- Invoking toplevel() on ptolemy.moml.MoMLSimpleApplication@729deaa1
----------------- Done invoking toplevel() on ptolemy.moml.MoMLSimpleApplication@729deaa1
reloadAllAccessors: .IntJoin1
----------------- testing Tue May 22 18:28:38 UTC 2018 /home/travis/build/icyphy/ptII/ptolemy/domains/sdf/lib/test/auto/IntJoin2.xml
----------------- Instantiating /home/travis/build/icyphy/ptII/ptolemy/domains/sdf/lib/test/auto/IntJoin2.xml
7 ms. Memory: 209920K Free: 171566K (82%)
----------------- Invoking toplevel() on ptolemy.moml.MoMLSimpleApplication@772daddb
----------------- Done invoking toplevel() on ptolemy.moml.MoMLSimpleApplication@772daddb
reloadAllAccessors: .IntJoin2
----------------- testing Tue May 22 18:28:38 UTC 2018 /home/travis/build/icyphy/ptII/ptolemy/domains/sdf/lib/test/auto/IntJoin3.xml
----------------- Instantiating /home/travis/build/icyphy/ptII/ptolemy/domains/sdf/lib/test/auto/IntJoin3.xml
5 ms. Memory: 209920K Free: 166205K (79%)
----------------- Invoking toplevel() on ptolemy.moml.MoMLSimpleApplication@2f93e671
----------------- Done invoking toplevel() on ptolemy.moml.MoMLSimpleApplication@2f93e671
reloadAllAccessors: .IntJoin3
----------------- testing Tue May 22 18:28:38 UTC 2018 /home/travis/build/icyphy/ptII/ptolemy/domains/sdf/lib/test/auto/IntJoin4.xml
----------------- Instantiating /home/travis/build/icyphy/ptII/ptolemy/domains/sdf/lib/test/auto/IntJoin4.xml
4 ms. Memory: 209920K Free: 161888K (77%)
----------------- Invoking toplevel() on ptolemy.moml.MoMLSimpleApplication@278111d3
----------------- Done invoking toplevel() on ptolemy.moml.MoMLSimpleApplication@278111d3
reloadAllAccessors: .IntJoin4
----------------- testing Tue May 22 18:28:38 UTC 2018 /home/travis/build/icyphy/ptII/ptolemy/domains/sdf/lib/test/auto/IntJoin5.xml
----------------- Instantiating /home/travis/build/icyphy/ptII/ptolemy/domains/sdf/lib/test/auto/IntJoin5.xml
4 ms. Memory: 209920K Free: 157579K (75%)
----------------- Invoking toplevel() on ptolemy.moml.MoMLSimpleApplication@4f8a6a77
----------------- Done invoking toplevel() on ptolemy.moml.MoMLSimpleApplication@4f8a6a77
reloadAllAccessors: .IntJoin5
----------------- testing Tue May 22 18:28:38 UTC 2018 /home/travis/build/icyphy/ptII/ptolemy/domains/sdf/lib/test/auto/IntToBits.xml
----------------- Instantiating /home/travis/build/icyphy/ptII/ptolemy/domains/sdf/lib/test/auto/IntToBits.xml
10 ms. Memory: 209920K Free: 153487K (73%)
----------------- Invoking toplevel() on ptolemy.moml.MoMLSimpleApplication@751cadf1
----------------- Done invoking toplevel() on ptolemy.moml.MoMLSimpleApplication@751cadf1
reloadAllAccessors: .IntToBits
----------------- testing Tue May 22 18:28:38 UTC 2018 /home/travis/build/icyphy/ptII/ptolemy/domains/sdf/lib/test/auto/LMSAdaptive.xml
----------------- Instantiating /home/travis/build/icyphy/ptII/ptolemy/domains/sdf/lib/test/auto/LMSAdaptive.xml
18 ms. Memory: 209920K Free: 144805K (69%)
----------------- Invoking toplevel() on ptolemy.moml.MoMLSimpleApplication@6ca2835b
----------------- Done invoking toplevel() on ptolemy.moml.MoMLSimpleApplication@6ca2835b
reloadAllAccessors: .LMSAdaptive
----------------- testing Tue May 22 18:28:38 UTC 2018 /home/travis/build/icyphy/ptII/ptolemy/domains/sdf/lib/test/auto/LMSAdaptiveFIR.xml
----------------- Instantiating /home/travis/build/icyphy/ptII/ptolemy/domains/sdf/lib/test/auto/LMSAdaptiveFIR.xml
475 ms. Memory: 209920K Free: 104398K (50%)
----------------- Invoking toplevel() on ptolemy.moml.MoMLSimpleApplication@58ac744
----------------- Done invoking toplevel() on ptolemy.moml.MoMLSimpleApplication@58ac744
reloadAllAccessors: .LMSAdaptiveFIR
----------------- testing Tue May 22 18:28:39 UTC 2018 /home/travis/build/icyphy/ptII/ptolemy/domains/sdf/lib/test/auto/LMSAdaptiveFIR2.xml
----------------- Instantiating /home/travis/build/icyphy/ptII/ptolemy/domains/sdf/lib/test/auto/LMSAdaptiveFIR2.xml
807 ms. Memory: 210432K Free: 166134K (79%)
----------------- Invoking toplevel() on ptolemy.moml.MoMLSimpleApplication@4edd9da1
----------------- Done invoking toplevel() on ptolemy.moml.MoMLSimpleApplication@4edd9da1
reloadAllAccessors: .LMSAdaptiveFIR2
----------------- testing Tue May 22 18:28:40 UTC 2018 /home/travis/build/icyphy/ptII/ptolemy/domains/sdf/lib/test/auto/LongJoin.xml
----------------- Instantiating /home/travis/build/icyphy/ptII/ptolemy/domains/sdf/lib/test/auto/LongJoin.xml
6 ms. Memory: 210432K Free: 159944K (76%)
----------------- Invoking toplevel() on ptolemy.moml.MoMLSimpleApplication@491fa870
----------------- Done invoking toplevel() on ptolemy.moml.MoMLSimpleApplication@491fa870
reloadAllAccessors: .LongJoin
----------------- testing Tue May 22 18:28:40 UTC 2018 /home/travis/build/icyphy/ptII/ptolemy/domains/sdf/lib/test/auto/Matrix1.xml
----------------- Instantiating /home/travis/build/icyphy/ptII/ptolemy/domains/sdf/lib/test/auto/Matrix1.xml
5 ms. Memory: 210432K Free: 154934K (74%)
----------------- Invoking toplevel() on ptolemy.moml.MoMLSimpleApplication@27a386f9
----------------- Done invoking toplevel() on ptolemy.moml.MoMLSimpleApplication@27a386f9
reloadAllAccessors: .Matrix1
----------------- testing Tue May 22 18:28:40 UTC 2018 /home/travis/build/icyphy/ptII/ptolemy/domains/sdf/lib/test/auto/Matrix2.xml
----------------- Instantiating /home/travis/build/icyphy/ptII/ptolemy/domains/sdf/lib/test/auto/Matrix2.xml
3 ms. Memory: 210432K Free: 150553K (72%)
----------------- Invoking toplevel() on ptolemy.moml.MoMLSimpleApplication@345d9729
----------------- Done invoking toplevel() on ptolemy.moml.MoMLSimpleApplication@345d9729
reloadAllAccessors: .Matrix2
----------------- testing Tue May 22 18:28:40 UTC 2018 /home/travis/build/icyphy/ptII/ptolemy/domains/sdf/lib/test/auto/MatrixJoin1.xml
----------------- Instantiating /home/travis/build/icyphy/ptII/ptolemy/domains/sdf/lib/test/auto/MatrixJoin1.xml
4 ms. Memory: 210432K Free: 144895K (69%)
----------------- Invoking toplevel() on ptolemy.moml.MoMLSimpleApplication@73bd0957
----------------- Done invoking toplevel() on ptolemy.moml.MoMLSimpleApplication@73bd0957
reloadAllAccessors: .MatrixJoin1
----------------- testing Tue May 22 18:28:40 UTC 2018 /home/travis/build/icyphy/ptII/ptolemy/domains/sdf/lib/test/auto/MatrixJoin2.xml
----------------- Instantiating /home/travis/build/icyphy/ptII/ptolemy/domains/sdf/lib/test/auto/MatrixJoin2.xml
4 ms. Memory: 210432K Free: 139972K (67%)
----------------- Invoking toplevel() on ptolemy.moml.MoMLSimpleApplication@4a0b34e3
----------------- Done invoking toplevel() on ptolemy.moml.MoMLSimpleApplication@4a0b34e3
reloadAllAccessors: .MatrixJoin2
----------------- testing Tue May 22 18:28:40 UTC 2018 /home/travis/build/icyphy/ptII/ptolemy/domains/sdf/lib/test/auto/MatrixJoin3.xml
----------------- Instantiating /home/travis/build/icyphy/ptII/ptolemy/domains/sdf/lib/test/auto/MatrixJoin3.xml
7 ms. Memory: 210432K Free: 134299K (64%)
----------------- Invoking toplevel() on ptolemy.moml.MoMLSimpleApplication@7fe2c364
----------------- Done invoking toplevel() on ptolemy.moml.MoMLSimpleApplication@7fe2c364
reloadAllAccessors: .MatrixJoin3
----------------- testing Tue May 22 18:28:40 UTC 2018 /home/travis/build/icyphy/ptII/ptolemy/domains/sdf/lib/test/auto/MatrixJoin4.xml
----------------- Instantiating /home/travis/build/icyphy/ptII/ptolemy/domains/sdf/lib/test/auto/MatrixJoin4.xml
3 ms. Memory: 210432K Free: 129950K (62%)
----------------- Invoking toplevel() on ptolemy.moml.MoMLSimpleApplication@56527275
----------------- Done invoking toplevel() on ptolemy.moml.MoMLSimpleApplication@56527275
reloadAllAccessors: .MatrixJoin4
----------------- testing Tue May 22 18:28:40 UTC 2018 /home/travis/build/icyphy/ptII/ptolemy/domains/sdf/lib/test/auto/MatrixJoin5.xml
----------------- Instantiating /home/travis/build/icyphy/ptII/ptolemy/domains/sdf/lib/test/auto/MatrixJoin5.xml
3 ms. Memory: 210432K Free: 124939K (59%)
----------------- Invoking toplevel() on ptolemy.moml.MoMLSimpleApplication@22410355
----------------- Done invoking toplevel() on ptolemy.moml.MoMLSimpleApplication@22410355
reloadAllAccessors: .MatrixJoin5
----------------- testing Tue May 22 18:28:40 UTC 2018 /home/travis/build/icyphy/ptII/ptolemy/domains/sdf/lib/test/auto/MatrixSplit1.xml
----------------- Instantiating /home/travis/build/icyphy/ptII/ptolemy/domains/sdf/lib/test/auto/MatrixSplit1.xml
4 ms. Memory: 210432K Free: 118716K (56%)
----------------- Invoking toplevel() on ptolemy.moml.MoMLSimpleApplication@302c304d
----------------- Done invoking toplevel() on ptolemy.moml.MoMLSimpleApplication@302c304d
reloadAllAccessors: .MatrixSplit1
----------------- testing Tue May 22 18:28:40 UTC 2018 /home/travis/build/icyphy/ptII/ptolemy/domains/sdf/lib/test/auto/MatrixSplit10.xml
----------------- Instantiating /home/travis/build/icyphy/ptII/ptolemy/domains/sdf/lib/test/auto/MatrixSplit10.xml
2 ms. Memory: 210432K Free: 114997K (55%)
----------------- Invoking toplevel() on ptolemy.moml.MoMLSimpleApplication@59223080
----------------- Done invoking toplevel() on ptolemy.moml.MoMLSimpleApplication@59223080
reloadAllAccessors: .MatrixSplit10
----------------- testing Tue May 22 18:28:40 UTC 2018 /home/travis/build/icyphy/ptII/ptolemy/domains/sdf/lib/test/auto/MatrixSplit11.xml
----------------- Instantiating /home/travis/build/icyphy/ptII/ptolemy/domains/sdf/lib/test/auto/MatrixSplit11.xml
4 ms. Memory: 210432K Free: 110569K (53%)
----------------- Invoking toplevel() on ptolemy.moml.MoMLSimpleApplication@67565d26
----------------- Done invoking toplevel() on ptolemy.moml.MoMLSimpleApplication@67565d26
reloadAllAccessors: .MatrixSplit11
----------------- testing Tue May 22 18:28:40 UTC 2018 /home/travis/build/icyphy/ptII/ptolemy/domains/sdf/lib/test/auto/MatrixSplit12.xml
----------------- Instantiating /home/travis/build/icyphy/ptII/ptolemy/domains/sdf/lib/test/auto/MatrixSplit12.xml
4 ms. Memory: 210432K Free: 106834K (51%)
----------------- Invoking toplevel() on ptolemy.moml.MoMLSimpleApplication@39cc9694
----------------- Done invoking toplevel() on ptolemy.moml.MoMLSimpleApplication@39cc9694
reloadAllAccessors: .MatrixSplit12
----------------- testing Tue May 22 18:28:40 UTC 2018 /home/travis/build/icyphy/ptII/ptolemy/domains/sdf/lib/test/auto/MatrixSplit13.xml
----------------- Instantiating /home/travis/build/icyphy/ptII/ptolemy/domains/sdf/lib/test/auto/MatrixSplit13.xml
5 ms. Memory: 210432K Free: 102454K (49%)
----------------- Invoking toplevel() on ptolemy.moml.MoMLSimpleApplication@dc3b137
----------------- Done invoking toplevel() on ptolemy.moml.MoMLSimpleApplication@dc3b137
reloadAllAccessors: .MatrixSplit13
----------------- testing Tue May 22 18:28:40 UTC 2018 /home/travis/build/icyphy/ptII/ptolemy/domains/sdf/lib/test/auto/MatrixSplit14.xml
----------------- Instantiating /home/travis/build/icyphy/ptII/ptolemy/domains/sdf/lib/test/auto/MatrixSplit14.xml
3 ms. Memory: 210432K Free: 98074K (47%)
----------------- Invoking toplevel() on ptolemy.moml.MoMLSimpleApplication@43e5cc71
----------------- Done invoking toplevel() on ptolemy.moml.MoMLSimpleApplication@43e5cc71
reloadAllAccessors: .MatrixSplit14
----------------- testing Tue May 22 18:28:40 UTC 2018 /home/travis/build/icyphy/ptII/ptolemy/domains/sdf/lib/test/auto/MatrixSplit2.xml
----------------- Instantiating /home/travis/build/icyphy/ptII/ptolemy/domains/sdf/lib/test/auto/MatrixSplit2.xml
5 ms. Memory: 210432K Free: 94387K (45%)
----------------- Invoking toplevel() on ptolemy.moml.MoMLSimpleApplication@49daafab
----------------- Done invoking toplevel() on ptolemy.moml.MoMLSimpleApplication@49daafab
reloadAllAccessors: .MatrixSplit2
----------------- testing Tue May 22 18:28:40 UTC 2018 /home/travis/build/icyphy/ptII/ptolemy/domains/sdf/lib/test/auto/MatrixSplit3.xml
----------------- Instantiating /home/travis/build/icyphy/ptII/ptolemy/domains/sdf/lib/test/auto/MatrixSplit3.xml
3 ms. Memory: 210432K Free: 89991K (43%)
----------------- Invoking toplevel() on ptolemy.moml.MoMLSimpleApplication@7237e4f1
----------------- Done invoking toplevel() on ptolemy.moml.MoMLSimpleApplication@7237e4f1
reloadAllAccessors: .MatrixSplit3
----------------- testing Tue May 22 18:28:40 UTC 2018 /home/travis/build/icyphy/ptII/ptolemy/domains/sdf/lib/test/auto/MatrixSplit4.xml
----------------- Instantiating /home/travis/build/icyphy/ptII/ptolemy/domains/sdf/lib/test/auto/MatrixSplit4.xml
4 ms. Memory: 210432K Free: 86273K (41%)
----------------- Invoking toplevel() on ptolemy.moml.MoMLSimpleApplication@68bbec25
----------------- Done invoking toplevel() on ptolemy.moml.MoMLSimpleApplication@68bbec25
reloadAllAccessors: .MatrixSplit4
----------------- testing Tue May 22 18:28:41 UTC 2018 /home/travis/build/icyphy/ptII/ptolemy/domains/sdf/lib/test/auto/MatrixSplit5.xml
----------------- Instantiating /home/travis/build/icyphy/ptII/ptolemy/domains/sdf/lib/test/auto/MatrixSplit5.xml
3 ms. Memory: 210432K Free: 81893K (39%)
----------------- Invoking toplevel() on ptolemy.moml.MoMLSimpleApplication@7912efeb
----------------- Done invoking toplevel() on ptolemy.moml.MoMLSimpleApplication@7912efeb
reloadAllAccessors: .MatrixSplit5
----------------- testing Tue May 22 18:28:41 UTC 2018 /home/travis/build/icyphy/ptII/ptolemy/domains/sdf/lib/test/auto/MatrixSplit6.xml
----------------- Instantiating /home/travis/build/icyphy/ptII/ptolemy/domains/sdf/lib/test/auto/MatrixSplit6.xml
8 ms. Memory: 333312K Free: 324976K (97%)
----------------- Invoking toplevel() on ptolemy.moml.MoMLSimpleApplication@165cbf6
----------------- Done invoking toplevel() on ptolemy.moml.MoMLSimpleApplication@165cbf6
reloadAllAccessors: .MatrixSplit6
----------------- testing Tue May 22 18:28:41 UTC 2018 /home/travis/build/icyphy/ptII/ptolemy/domains/sdf/lib/test/auto/MatrixSplit7.xml
----------------- Instantiating /home/travis/build/icyphy/ptII/ptolemy/domains/sdf/lib/test/auto/MatrixSplit7.xml
3 ms. Memory: 333312K Free: 318284K (95%)
----------------- Invoking toplevel() on ptolemy.moml.MoMLSimpleApplication@50c537b3
----------------- Done invoking toplevel() on ptolemy.moml.MoMLSimpleApplication@50c537b3
reloadAllAccessors: .MatrixSplit7
----------------- testing Tue May 22 18:28:41 UTC 2018 /home/travis/build/icyphy/ptII/ptolemy/domains/sdf/lib/test/auto/MatrixSplit8.xml
----------------- Instantiating /home/travis/build/icyphy/ptII/ptolemy/domains/sdf/lib/test/auto/MatrixSplit8.xml
2 ms. Memory: 333312K Free: 313379K (94%)
----------------- Invoking toplevel() on ptolemy.moml.MoMLSimpleApplication@6e71825d
----------------- Done invoking toplevel() on ptolemy.moml.MoMLSimpleApplication@6e71825d
reloadAllAccessors: .MatrixSplit8
----------------- testing Tue May 22 18:28:41 UTC 2018 /home/travis/build/icyphy/ptII/ptolemy/domains/sdf/lib/test/auto/MatrixSplit9.xml
----------------- Instantiating /home/travis/build/icyphy/ptII/ptolemy/domains/sdf/lib/test/auto/MatrixSplit9.xml
3 ms. Memory: 333312K Free: 307471K (92%)
----------------- Invoking toplevel() on ptolemy.moml.MoMLSimpleApplication@1c3a35ad
----------------- Done invoking toplevel() on ptolemy.moml.MoMLSimpleApplication@1c3a35ad
reloadAllAccessors: .MatrixSplit9
----------------- testing Tue May 22 18:28:41 UTC 2018 /home/travis/build/icyphy/ptII/ptolemy/domains/sdf/lib/test/auto/MatrixToSequence.xml
----------------- Instantiating /home/travis/build/icyphy/ptII/ptolemy/domains/sdf/lib/test/auto/MatrixToSequence.xml
16 ms. Memory: 333312K Free: 296434K (89%)
----------------- Invoking toplevel() on ptolemy.moml.MoMLSimpleApplication@b6ce5f0
----------------- Done invoking toplevel() on ptolemy.moml.MoMLSimpleApplication@b6ce5f0
reloadAllAccessors: .MatrixToSequence
----------------- testing Tue May 22 18:28:41 UTC 2018 /home/travis/build/icyphy/ptII/ptolemy/domains/sdf/lib/test/auto/MaximumEntropySpectrum.xml
----------------- Instantiating /home/travis/build/icyphy/ptII/ptolemy/domains/sdf/lib/test/auto/MaximumEntropySpectrum.xml
19 ms. Memory: 333312K Free: 272130K (82%)
----------------- Invoking toplevel() on ptolemy.moml.MoMLSimpleApplication@59577832
----------------- Done invoking toplevel() on ptolemy.moml.MoMLSimpleApplication@59577832
reloadAllAccessors: .MaximumEntropySpectrum
----------------- testing Tue May 22 18:28:41 UTC 2018 /home/travis/build/icyphy/ptII/ptolemy/domains/sdf/lib/test/auto/SampleDelayConversion.xml
----------------- Instantiating /home/travis/build/icyphy/ptII/ptolemy/domains/sdf/lib/test/auto/SampleDelayConversion.xml
3 ms. Memory: 333312K Free: 267225K (80%)
----------------- Invoking toplevel() on ptolemy.moml.MoMLSimpleApplication@7bc4b4a7
----------------- Done invoking toplevel() on ptolemy.moml.MoMLSimpleApplication@7bc4b4a7
reloadAllAccessors: .SampleDelayConversion
----------------- testing Tue May 22 18:28:41 UTC 2018 /home/travis/build/icyphy/ptII/ptolemy/domains/sdf/lib/test/auto/SequenceToArray.xml
----------------- Instantiating /home/travis/build/icyphy/ptII/ptolemy/domains/sdf/lib/test/auto/SequenceToArray.xml
16 ms. Memory: 333312K Free: 253736K (76%)
----------------- Invoking toplevel() on ptolemy.moml.MoMLSimpleApplication@61315b3f
----------------- Done invoking toplevel() on ptolemy.moml.MoMLSimpleApplication@61315b3f
reloadAllAccessors: .SequenceToArray
----------------- testing Tue May 22 18:28:41 UTC 2018 /home/travis/build/icyphy/ptII/ptolemy/domains/sdf/lib/test/auto/SequenceToMatrix.xml
----------------- Instantiating /home/travis/build/icyphy/ptII/ptolemy/domains/sdf/lib/test/auto/SequenceToMatrix.xml
4489 ms. Memory: 333824K Free: 170025K (51%)
----------------- Invoking toplevel() on ptolemy.moml.MoMLSimpleApplication@660c494e
----------------- Done invoking toplevel() on ptolemy.moml.MoMLSimpleApplication@660c494e
reloadAllAccessors: .SequenceToMatrix
----------------- testing Tue May 22 18:28:46 UTC 2018 /home/travis/build/icyphy/ptII/ptolemy/domains/sdf/lib/test/auto/SmoothedPeriodogram.xml
----------------- Instantiating /home/travis/build/icyphy/ptII/ptolemy/domains/sdf/lib/test/auto/SmoothedPeriodogram.xml
10 ms. Memory: 333824K Free: 151477K (45%)
----------------- Invoking toplevel() on ptolemy.moml.MoMLSimpleApplication@65b1feed
----------------- Done invoking toplevel() on ptolemy.moml.MoMLSimpleApplication@65b1feed
reloadAllAccessors: .SmoothedPeriodogram
----------------- testing Tue May 22 18:28:46 UTC 2018 /home/travis/build/icyphy/ptII/ptolemy/domains/sdf/lib/test/auto/UpDownSample1.xml
----------------- Instantiating /home/travis/build/icyphy/ptII/ptolemy/domains/sdf/lib/test/auto/UpDownSample1.xml
7 ms. Memory: 333824K Free: 145815K (44%)
----------------- Invoking toplevel() on ptolemy.moml.MoMLSimpleApplication@5d4a3642
----------------- Done invoking toplevel() on ptolemy.moml.MoMLSimpleApplication@5d4a3642
reloadAllAccessors: .UpDownSample1
----------------- testing Tue May 22 18:28:46 UTC 2018 /home/travis/build/icyphy/ptII/ptolemy/domains/sdf/lib/test/auto/UpSample1.xml
----------------- Instantiating /home/travis/build/icyphy/ptII/ptolemy/domains/sdf/lib/test/auto/UpSample1.xml
3 ms. Memory: 333824K Free: 142137K (43%)
----------------- Invoking toplevel() on ptolemy.moml.MoMLSimpleApplication@4f5df7be
----------------- Done invoking toplevel() on ptolemy.moml.MoMLSimpleApplication@4f5df7be
reloadAllAccessors: .UpSample1
----------------- testing Tue May 22 18:28:46 UTC 2018 /home/travis/build/icyphy/ptII/ptolemy/domains/sdf/lib/test/auto/VariableFIR.xml
----------------- Instantiating /home/travis/build/icyphy/ptII/ptolemy/domains/sdf/lib/test/auto/VariableFIR.xml
5 ms. Memory: 333824K Free: 135311K (41%)
----------------- Invoking toplevel() on ptolemy.moml.MoMLSimpleApplication@17aeb17
----------------- Done invoking toplevel() on ptolemy.moml.MoMLSimpleApplication@17aeb17
reloadAllAccessors: .VariableFIR
----------------- testing Tue May 22 18:28:46 UTC 2018 /home/travis/build/icyphy/ptII/ptolemy/domains/sdf/lib/test/auto/VariableFIR2.xml
----------------- Instantiating /home/travis/build/icyphy/ptII/ptolemy/domains/sdf/lib/test/auto/VariableFIR2.xml
8 ms. Memory: 333824K Free: 128438K (38%)
----------------- Invoking toplevel() on ptolemy.moml.MoMLSimpleApplication@738498e6
----------------- Done invoking toplevel() on ptolemy.moml.MoMLSimpleApplication@738498e6
reloadAllAccessors: .VariableFIR2
----------------- testing Tue May 22 18:28:46 UTC 2018 /home/travis/build/icyphy/ptII/ptolemy/domains/sdf/lib/test/auto/VariableLattice.xml
----------------- Instantiating /home/travis/build/icyphy/ptII/ptolemy/domains/sdf/lib/test/auto/VariableLattice.xml
6 ms. Memory: 333824K Free: 121080K (36%)
----------------- Invoking toplevel() on ptolemy.moml.MoMLSimpleApplication@440e57d
----------------- Done invoking toplevel() on ptolemy.moml.MoMLSimpleApplication@440e57d
reloadAllAccessors: .VariableLattice
----------------- testing Tue May 22 18:28:46 UTC 2018 /home/travis/build/icyphy/ptII/ptolemy/domains/sdf/lib/test/auto/VariableLattice2.xml
----------------- Instantiating /home/travis/build/icyphy/ptII/ptolemy/domains/sdf/lib/test/auto/VariableLattice2.xml
1.0
-1.999999602036
1.9099998677481
-0.9099996420674
0.205
0.0
0.0
1.0
-0.25
-0.5
0.0
0.0
0.0
0.0
7 ms. Memory: 333824K Free: 115497K (35%)
----------------- Invoking toplevel() on ptolemy.moml.MoMLSimpleApplication@705e4ae4
----------------- Done invoking toplevel() on ptolemy.moml.MoMLSimpleApplication@705e4ae4
reloadAllAccessors: .VariableLattice2
----------------- testing Tue May 22 18:28:46 UTC 2018 /home/travis/build/icyphy/ptII/ptolemy/domains/sdf/lib/test/auto/VariableRecursiveLattice.xml
----------------- Instantiating /home/travis/build/icyphy/ptII/ptolemy/domains/sdf/lib/test/auto/VariableRecursiveLattice.xml
8 ms. Memory: 333824K Free: 109914K (33%)
----------------- Invoking toplevel() on ptolemy.moml.MoMLSimpleApplication@6433c272
----------------- Done invoking toplevel() on ptolemy.moml.MoMLSimpleApplication@6433c272
reloadAllAccessors: .VariableRecursiveLattice
----------------- testing Tue May 22 18:28:46 UTC 2018 /home/travis/build/icyphy/ptII/ptolemy/domains/sdf/lib/test/auto/VariableRecursiveLattice2.xml
----------------- Instantiating /home/travis/build/icyphy/ptII/ptolemy/domains/sdf/lib/test/auto/VariableRecursiveLattice2.xml
3 ms. Memory: 333824K Free: 104945K (31%)
----------------- Invoking toplevel() on ptolemy.moml.MoMLSimpleApplication@7e77cbca
----------------- Done invoking toplevel() on ptolemy.moml.MoMLSimpleApplication@7e77cbca
reloadAllAccessors: .VariableRecursiveLattice2
AutoTests.java: About to close Vertx.
AutoTests.java: Vertx closed.
]]></system-out>
  <system-err><![CDATA[]]></system-err>
</testsuite>
