<?xml version="1.0" encoding="UTF-8" ?>
<testsuite errors="5" failures="0" hostname="travis-job-e619885c-9f2f-4ae0-83bb-e3e75c940dea" name="ptolemy.actor.lib.jjs.modules.socket.test.junit.JUnitTclTest" skipped="0" tests="30" time="738.707" timestamp="2018-04-19T19:19:05">
  <properties>
[...]
</properties>
  <testcase classname="ptolemy.util.test.junit.TclTests" name="[0] ThereAreNoTclTests (RunTclFile)" time="0.001" />
  <testcase classname="ptolemy.util.test.junit.AutoKnownFailedTests" name="[0] /home/travis/build/icyphy/ptII/ptolemy/actor/lib/jjs/modules/socket/test/auto/knownFailedTests/SocketLong.xml (RunModel)" time="13.139" />
  <testcase classname="ptolemy.util.test.junit.AutoKnownFailedTests" name="[1] /home/travis/build/icyphy/ptII/ptolemy/actor/lib/jjs/modules/socket/test/auto/knownFailedTests/SocketUnsignedInt.xml (RunModel)" time="8.375" />
  <testcase classname="ptolemy.util.test.junit.AutoNameArchTests" name="[0] ThereAreNoAutoTests (RunModel)" time="0.001" />
  <testcase classname="ptolemy.util.test.junit.AutoTests" name="[0] /home/travis/build/icyphy/ptII/ptolemy/actor/lib/jjs/modules/socket/test/auto/Message1.xml (RunModel)" time="10.506" />
  <testcase classname="ptolemy.util.test.junit.AutoTests" name="[1] /home/travis/build/icyphy/ptII/ptolemy/actor/lib/jjs/modules/socket/test/auto/Message2.xml (RunModel)" time="65.611" />
  <testcase classname="ptolemy.util.test.junit.AutoTests" name="[2] /home/travis/build/icyphy/ptII/ptolemy/actor/lib/jjs/modules/socket/test/auto/Message3.xml (RunModel)" time="24.725" />
  <testcase classname="ptolemy.util.test.junit.AutoTests" name="[3] /home/travis/build/icyphy/ptII/ptolemy/actor/lib/jjs/modules/socket/test/auto/Message4.xml (RunModel)" time="26.231" />
  <testcase classname="ptolemy.util.test.junit.AutoTests" name="[4] /home/travis/build/icyphy/ptII/ptolemy/actor/lib/jjs/modules/socket/test/auto/Socket1.xml (RunModel)" time="15.744" />
  <testcase classname="ptolemy.util.test.junit.AutoTests" name="[5] /home/travis/build/icyphy/ptII/ptolemy/actor/lib/jjs/modules/socket/test/auto/Socket2.xml (RunModel)" time="10.71" />
  <testcase classname="ptolemy.util.test.junit.AutoTests" name="[6] /home/travis/build/icyphy/ptII/ptolemy/actor/lib/jjs/modules/socket/test/auto/Socket3.xml (RunModel)" time="19.199">
    <error type="java.lang.reflect.InvocationTargetException">java.lang.reflect.InvocationTargetException
	at ptolemy.util.test.junit.AutoTests.RunModel(AutoTests.java:195)
	at junitparams.internal.InvokeParameterisedMethod.evaluate(InvokeParameterisedMethod.java:102)
Caused by: ptolemy.kernel.util.IllegalActionException: Test fails in iteration 0.
Value was: &quot;aaa&quot;. Should have been: &quot;aa&quot;
  in .Socket3.Test
	at ptolemy.actor.lib.Test.fire(Test.java:268)
	at ptolemy.domains.de.kernel.DEDirector._fire(DEDirector.java:1948)
	at ptolemy.domains.de.kernel.DEDirector.fire(DEDirector.java:502)
	at ptolemy.actor.CompositeActor.fire(CompositeActor.java:455)
	at ptolemy.actor.Manager.iterate(Manager.java:851)
	at ptolemy.actor.Manager.execute(Manager.java:369)
	at ptolemy.moml.MoMLSimpleApplication.rerun(MoMLSimpleApplication.java:339)
</error>
  </testcase>
  <testcase classname="ptolemy.util.test.junit.AutoTests" name="[7] /home/travis/build/icyphy/ptII/ptolemy/actor/lib/jjs/modules/socket/test/auto/SocketByte.xml (RunModel)" time="60.938">
    <error type="java.lang.reflect.InvocationTargetException">java.lang.reflect.InvocationTargetException
	at java.lang.reflect.Constructor.newInstance(Constructor.java:423)
	at ptolemy.util.test.junit.AutoTests.RunModel(AutoTests.java:160)
	at junitparams.internal.InvokeParameterisedMethod.evaluate(InvokeParameterisedMethod.java:102)
Caused by: ptolemy.kernel.util.IllegalActionException: Exceptions occurred during wrapup:
ptolemy.kernel.util.IllegalActionException: The fire() method of this actor was never called. Usually, this is an error indicating that starvation is occurring.
  in .SocketByte.Test
ptolemy.kernel.util.IllegalActionException: The fire() method of this actor was never called. Usually, this is an error indicating that starvation is occurring.
  in .SocketByte.Test2
ptolemy.kernel.util.IllegalActionException: The fire() method of this actor was never called. Usually, this is an error indicating that starvation is occurring.
  in .SocketByte.Test3

  in .SocketByte.DE Director
Because:
The fire() method of this actor was never called. Usually, this is an error indicating that starvation is occurring.
  in .SocketByte.Test
	at ptolemy.actor.Director.wrapup(Director.java:1736)
	at ptolemy.domains.de.kernel.DEDirector.wrapup(DEDirector.java:1526)
	at ptolemy.actor.CompositeActor.wrapup(CompositeActor.java:2735)
	at ptolemy.actor.Manager.wrapup(Manager.java:1512)
	at ptolemy.actor.Manager.execute(Manager.java:407)
	at ptolemy.actor.Manager.run(Manager.java:1263)
	at ptolemy.actor.Manager$PtolemyRunThread.run(Manager.java:1915)
Caused by: ptolemy.kernel.util.IllegalActionException: The fire() method of this actor was never called. Usually, this is an error indicating that starvation is occurring.
  in .SocketByte.Test
	at ptolemy.actor.lib.NonStrictTest.wrapup(NonStrictTest.java:393)
	at ptolemy.actor.Director.wrapup(Director.java:1722)
</error>
  </testcase>
  <testcase classname="ptolemy.util.test.junit.AutoTests" name="[8] /home/travis/build/icyphy/ptII/ptolemy/actor/lib/jjs/modules/socket/test/auto/SocketDouble.xml (RunModel)" time="19.51">
    <error type="java.lang.reflect.InvocationTargetException">java.lang.reflect.InvocationTargetException
	at java.lang.reflect.Constructor.newInstance(Constructor.java:423)
	at ptolemy.util.test.junit.AutoTests.RunModel(AutoTests.java:160)
	at junitparams.internal.InvokeParameterisedMethod.evaluate(InvokeParameterisedMethod.java:102)
Caused by: java.lang.RuntimeException: ptolemy.kernel.util.IllegalActionException: Failed to connect: 
Connection refused: localhost/127.0.0.1:4000
Connection refused
  in .SocketDouble.Client3
Because:
Connection refused: localhost/127.0.0.1:4000
	at ptolemy.util.MessageHandler.error(MessageHandler.java:115)
	at ptolemy.actor.lib.jjs.JavaScript.error(JavaScript.java:857)
	at ptolemy.actor.lib.jjs.HelperBase$2.run(HelperBase.java:213)
	at ptolemy.actor.lib.jjs.JavaScript.fire(JavaScript.java:1050)
	at ptolemy.domains.de.kernel.DEDirector._fire(DEDirector.java:1948)
	at ptolemy.domains.de.kernel.DEDirector.fire(DEDirector.java:502)
	at ptolemy.actor.CompositeActor.fire(CompositeActor.java:455)
	at ptolemy.actor.Manager.iterate(Manager.java:851)
	at ptolemy.actor.Manager.execute(Manager.java:369)
	at ptolemy.actor.Manager.run(Manager.java:1263)
	at ptolemy.actor.Manager$PtolemyRunThread.run(Manager.java:1915)
Caused by: ptolemy.kernel.util.IllegalActionException: Failed to connect: 
Connection refused: localhost/127.0.0.1:4000
Connection refused
  in .SocketDouble.Client3
Because:
Connection refused: localhost/127.0.0.1:4000
Caused by: io.netty.channel.AbstractChannel$AnnotatedConnectException: Connection refused: localhost/127.0.0.1:4000
	at sun.nio.ch.SocketChannelImpl.checkConnect(Native Method)
	at sun.nio.ch.SocketChannelImpl.finishConnect(SocketChannelImpl.java:717)
	at io.netty.channel.socket.nio.NioSocketChannel.doFinishConnect(NioSocketChannel.java:325)
	at io.netty.channel.nio.AbstractNioChannel$AbstractNioUnsafe.finishConnect(AbstractNioChannel.java:340)
	at io.netty.channel.nio.NioEventLoop.processSelectedKey(NioEventLoop.java:633)
	at io.netty.channel.nio.NioEventLoop.processSelectedKeysOptimized(NioEventLoop.java:580)
	at io.netty.channel.nio.NioEventLoop.processSelectedKeys(NioEventLoop.java:497)
	at io.netty.channel.nio.NioEventLoop.run(NioEventLoop.java:459)
	at io.netty.util.concurrent.SingleThreadEventExecutor$5.run(SingleThreadEventExecutor.java:886)
	at io.netty.util.concurrent.FastThreadLocalRunnable.run(FastThreadLocalRunnable.java:30)
	at java.lang.Thread.run(Thread.java:748)
Caused by: java.net.ConnectException: Connection refused
</error>
  </testcase>
  <testcase classname="ptolemy.util.test.junit.AutoTests" name="[9] /home/travis/build/icyphy/ptII/ptolemy/actor/lib/jjs/modules/socket/test/auto/SocketDoubleArray.xml (RunModel)" time="19.576" />
  <testcase classname="ptolemy.util.test.junit.AutoTests" name="[10] /home/travis/build/icyphy/ptII/ptolemy/actor/lib/jjs/modules/socket/test/auto/SocketDoubleArrayBatched.xml (RunModel)" time="10.537" />
  <testcase classname="ptolemy.util.test.junit.AutoTests" name="[11] /home/travis/build/icyphy/ptII/ptolemy/actor/lib/jjs/modules/socket/test/auto/SocketFloat.xml (RunModel)" time="20.293" />
  <testcase classname="ptolemy.util.test.junit.AutoTests" name="[12] /home/travis/build/icyphy/ptII/ptolemy/actor/lib/jjs/modules/socket/test/auto/SocketImage.xml (RunModel)" time="28.482" />
  <testcase classname="ptolemy.util.test.junit.AutoTests" name="[13] /home/travis/build/icyphy/ptII/ptolemy/actor/lib/jjs/modules/socket/test/auto/SocketImagePNG.xml (RunModel)" time="22.232" />
  <testcase classname="ptolemy.util.test.junit.AutoTests" name="[14] /home/travis/build/icyphy/ptII/ptolemy/actor/lib/jjs/modules/socket/test/auto/SocketImageRaw.xml (RunModel)" time="24.413" />
  <testcase classname="ptolemy.util.test.junit.AutoTests" name="[15] /home/travis/build/icyphy/ptII/ptolemy/actor/lib/jjs/modules/socket/test/auto/SocketInt.xml (RunModel)" time="23.619" />
  <testcase classname="ptolemy.util.test.junit.AutoTests" name="[16] /home/travis/build/icyphy/ptII/ptolemy/actor/lib/jjs/modules/socket/test/auto/SocketShort.xml (RunModel)" time="23.712" />
  <testcase classname="ptolemy.util.test.junit.AutoTests" name="[17] /home/travis/build/icyphy/ptII/ptolemy/actor/lib/jjs/modules/socket/test/auto/SocketStringArray.xml (RunModel)" time="23.582" />
  <testcase classname="ptolemy.util.test.junit.AutoTests" name="[18] /home/travis/build/icyphy/ptII/ptolemy/actor/lib/jjs/modules/socket/test/auto/SocketTypicalUsage.xml (RunModel)" time="21.993" />
  <testcase classname="ptolemy.util.test.junit.AutoTests" name="[19] /home/travis/build/icyphy/ptII/ptolemy/actor/lib/jjs/modules/socket/test/auto/SocketUnsignedByte.xml (RunModel)" time="11.42" />
  <testcase classname="ptolemy.util.test.junit.AutoTests" name="[20] /home/travis/build/icyphy/ptII/ptolemy/actor/lib/jjs/modules/socket/test/auto/SocketUnsignedShort.xml (RunModel)" time="21.069">
    <error type="java.lang.reflect.InvocationTargetException">java.lang.reflect.InvocationTargetException
	at java.lang.reflect.Constructor.newInstance(Constructor.java:423)
	at ptolemy.util.test.junit.AutoTests.RunModel(AutoTests.java:160)
	at junitparams.internal.InvokeParameterisedMethod.evaluate(InvokeParameterisedMethod.java:102)
Caused by: java.lang.RuntimeException: ptolemy.kernel.util.IllegalActionException: Failed to connect: 
Connection refused: localhost/127.0.0.1:4000
Connection refused
  in .SocketUnsignedShort.Client
Because:
Connection refused: localhost/127.0.0.1:4000
	at ptolemy.util.MessageHandler.error(MessageHandler.java:115)
	at ptolemy.actor.lib.jjs.JavaScript.error(JavaScript.java:857)
	at ptolemy.actor.lib.jjs.HelperBase$2.run(HelperBase.java:213)
	at ptolemy.actor.lib.jjs.JavaScript.fire(JavaScript.java:1050)
	at ptolemy.domains.de.kernel.DEDirector._fire(DEDirector.java:1948)
	at ptolemy.domains.de.kernel.DEDirector.fire(DEDirector.java:502)
	at ptolemy.actor.CompositeActor.fire(CompositeActor.java:455)
	at ptolemy.actor.Manager.iterate(Manager.java:851)
	at ptolemy.actor.Manager.execute(Manager.java:369)
	at ptolemy.actor.Manager.run(Manager.java:1263)
	at ptolemy.actor.Manager$PtolemyRunThread.run(Manager.java:1915)
Caused by: ptolemy.kernel.util.IllegalActionException: Failed to connect: 
Connection refused: localhost/127.0.0.1:4000
Connection refused
  in .SocketUnsignedShort.Client
Because:
Connection refused: localhost/127.0.0.1:4000
Caused by: io.netty.channel.AbstractChannel$AnnotatedConnectException: Connection refused: localhost/127.0.0.1:4000
	at sun.nio.ch.SocketChannelImpl.checkConnect(Native Method)
	at sun.nio.ch.SocketChannelImpl.finishConnect(SocketChannelImpl.java:717)
	at io.netty.channel.socket.nio.NioSocketChannel.doFinishConnect(NioSocketChannel.java:325)
	at io.netty.channel.nio.AbstractNioChannel$AbstractNioUnsafe.finishConnect(AbstractNioChannel.java:340)
	at io.netty.channel.nio.NioEventLoop.processSelectedKey(NioEventLoop.java:633)
	at io.netty.channel.nio.NioEventLoop.processSelectedKeysOptimized(NioEventLoop.java:580)
	at io.netty.channel.nio.NioEventLoop.processSelectedKeys(NioEventLoop.java:497)
	at io.netty.channel.nio.NioEventLoop.run(NioEventLoop.java:459)
	at io.netty.util.concurrent.SingleThreadEventExecutor$5.run(SingleThreadEventExecutor.java:886)
	at io.netty.util.concurrent.FastThreadLocalRunnable.run(FastThreadLocalRunnable.java:30)
	at java.lang.Thread.run(Thread.java:748)
Caused by: java.net.ConnectException: Connection refused
</error>
  </testcase>
  <testcase classname="ptolemy.util.test.junit.AutoTests" name="[21] /home/travis/build/icyphy/ptII/ptolemy/actor/lib/jjs/modules/socket/test/auto/TCPSocketDoubleArrayBatched.xml (RunModel)" time="21.519" />
  <testcase classname="ptolemy.util.test.junit.AutoTests" name="[22] /home/travis/build/icyphy/ptII/ptolemy/actor/lib/jjs/modules/socket/test/auto/TCPSocketSecureServerClient.xml (RunModel)" time="71.659">
    <error type="java.lang.reflect.InvocationTargetException">java.lang.reflect.InvocationTargetException
	at java.lang.reflect.Constructor.newInstance(Constructor.java:423)
	at ptolemy.util.test.junit.AutoTests.RunModel(AutoTests.java:160)
	at junitparams.internal.InvokeParameterisedMethod.evaluate(InvokeParameterisedMethod.java:102)
Caused by: ptolemy.kernel.util.IllegalActionException: Exceptions occurred during wrapup:
ptolemy.kernel.util.IllegalActionException: Failure executing the wrapup function: Error: TrainableTest3: The input handler of this accessor was never invoked. Usually, this is an error indicating that starvation is occurring. in &lt;function&gt; at line number 393 at column number 16
  in .TCPSocketSecureServerClient.TrainableTest3
Because:
Error: TrainableTest3: The input handler of this accessor was never invoked. Usually, this is an error indicating that starvation is occurring. in &lt;function&gt; at line number 393 at column number 16
ptolemy.kernel.util.IllegalActionException: Failure executing the wrapup function: Error: TrainableTest4: The input handler of this accessor was never invoked. Usually, this is an error indicating that starvation is occurring. in &lt;function&gt; at line number 393 at column number 16
  in .TCPSocketSecureServerClient.TrainableTest4
Because:
Error: TrainableTest4: The input handler of this accessor was never invoked. Usually, this is an error indicating that starvation is occurring. in &lt;function&gt; at line number 393 at column number 16

  in .TCPSocketSecureServerClient.DE Director
Because:
Failure executing the wrapup function: Error: TrainableTest3: The input handler of this accessor was never invoked. Usually, this is an error indicating that starvation is occurring. in &lt;function&gt; at line number 393 at column number 16
  in .TCPSocketSecureServerClient.TrainableTest3
Because:
Error: TrainableTest3: The input handler of this accessor was never invoked. Usually, this is an error indicating that starvation is occurring. in &lt;function&gt; at line number 393 at column number 16
	at ptolemy.actor.Director.wrapup(Director.java:1736)
	at ptolemy.domains.de.kernel.DEDirector.wrapup(DEDirector.java:1526)
	at ptolemy.actor.CompositeActor.wrapup(CompositeActor.java:2735)
	at ptolemy.actor.Manager.wrapup(Manager.java:1512)
	at ptolemy.actor.Manager.execute(Manager.java:407)
	at ptolemy.actor.Manager.run(Manager.java:1263)
	at ptolemy.actor.Manager$PtolemyRunThread.run(Manager.java:1915)
Caused by: ptolemy.kernel.util.IllegalActionException: Failure executing the wrapup function: Error: TrainableTest3: The input handler of this accessor was never invoked. Usually, this is an error indicating that starvation is occurring. in &lt;function&gt; at line number 393 at column number 16
  in .TCPSocketSecureServerClient.TrainableTest3
Because:
Error: TrainableTest3: The input handler of this accessor was never invoked. Usually, this is an error indicating that starvation is occurring. in &lt;function&gt; at line number 393 at column number 16
	at ptolemy.actor.lib.jjs.JavaScript._invokeMethodInContext(JavaScript.java:2216)
	at ptolemy.actor.lib.jjs.JavaScript.wrapup(JavaScript.java:2111)
	at ptolemy.actor.Director.wrapup(Director.java:1722)
Caused by: javax.script.ScriptException: Error: TrainableTest3: The input handler of this accessor was never invoked. Usually, this is an error indicating that starvation is occurring. in &lt;function&gt; at line number 393 at column number 16
	at jdk.nashorn.api.scripting.NashornScriptEngine.throwAsScriptException(NashornScriptEngine.java:470)
	at jdk.nashorn.api.scripting.NashornScriptEngine.invokeImpl(NashornScriptEngine.java:392)
	at jdk.nashorn.api.scripting.NashornScriptEngine.invokeMethod(NashornScriptEngine.java:199)
	at ptolemy.actor.lib.jjs.JavaScript._invokeMethodInContext(JavaScript.java:2193)
Caused by: &lt;function&gt;:393:16 Error: TrainableTest3: The input handler of this accessor was never invoked. Usually, this is an error indicating that starvation is occurring.
	at jdk.nashorn.internal.objects.NativeError.initException(NativeError.java:137)
	at jdk.nashorn.internal.objects.NativeError.&lt;init&gt;(NativeError.java:102)
	at jdk.nashorn.internal.objects.NativeError.&lt;init&gt;(NativeError.java:106)
	at jdk.nashorn.internal.objects.NativeError.&lt;init&gt;(NativeError.java:110)
	at jdk.nashorn.internal.objects.NativeError.constructor(NativeError.java:129)
	at jdk.nashorn.internal.scripts.Script$Recompilation$58568$18508$\^function\_.L:1#wrapup(&lt;function&gt;:393)
	at jdk.nashorn.internal.scripts.Script$Recompilation$58566$30328$require.L:1#Accessor#wrapup(/home/travis/build/icyphy/ptII/ptolemy/actor/lib/jjs/external/require.js#401:30&lt;eval&gt;:673)
	at jdk.nashorn.internal.runtime.ScriptFunctionData.invoke(ScriptFunctionData.java:637)
	at jdk.nashorn.internal.runtime.ScriptFunction.invoke(ScriptFunction.java:494)
	at jdk.nashorn.internal.runtime.ScriptRuntime.apply(ScriptRuntime.java:393)
	at jdk.nashorn.api.scripting.ScriptObjectMirror.callMember(ScriptObjectMirror.java:199)
	at jdk.nashorn.api.scripting.NashornScriptEngine.invokeImpl(NashornScriptEngine.java:386)
</error>
  </testcase>
  <testcase classname="ptolemy.util.test.junit.AutoTests" name="[23] /home/travis/build/icyphy/ptII/ptolemy/actor/lib/jjs/modules/socket/test/auto/TCPSocketTwoClients.xml (RunModel)" time="54.661" />
  <testcase classname="ptolemy.util.test.junit.AutoTests" name="[24] /home/travis/build/icyphy/ptII/ptolemy/actor/lib/jjs/modules/socket/test/auto/TCPSocketUnsignedShort.xml (RunModel)" time="38.4" />
  <testcase classname="ptolemy.util.test.junit.AutoTests" name="[25] /home/travis/build/icyphy/ptII/ptolemy/actor/lib/jjs/modules/socket/test/auto/TCPSocketUnsignedShortSimple.xml (RunModel)" time="26.728" />
  <system-out><![CDATA[No tcl tests in /home/travis/build/icyphy/ptII/ptolemy/actor/lib/jjs/modules/socket/test
----------------- testing (KnownFailure) /home/travis/build/icyphy/ptII/ptolemy/actor/lib/jjs/modules/socket/test/auto/knownFailedTests/SocketLong.xml
6821 ms. Memory: 381440K Free: 320441K (84%)
Known Failure: java.lang.reflect.InvocationTargetException
----------------- testing (KnownFailure) /home/travis/build/icyphy/ptII/ptolemy/actor/lib/jjs/modules/socket/test/auto/knownFailedTests/SocketUnsignedInt.xml
6002 ms. Memory: 655872K Free: 508722K (78%)
Known Failure: java.lang.reflect.InvocationTargetException
No auto/*.xml tests in /home/travis/build/icyphy/ptII/ptolemy/actor/lib/jjs/modules/socket/test
AutoTests.java: About to close Vertx.
AutoTests.java: Vertx closed.
----------------- testing Thu Apr 19 19:19:27 UTC 2018 /home/travis/build/icyphy/ptII/ptolemy/actor/lib/jjs/modules/socket/test/auto/Message1.xml
----------------- Thu Apr 19 19:19:27 UTC 2018 About to sleep for 5.0 seconds before rerunning.  Test is: /home/travis/build/icyphy/ptII/ptolemy/actor/lib/jjs/modules/socket/test/auto/Message1.xml
Client: Sending data: -1,0,1,128,256 (Thread[Message1,1,main])
4235 ms. Memory: 657408K Free: 218629K (33%)
reloadAllAccessors: .Message1
----------------- testing Thu Apr 19 19:19:37 UTC 2018 /home/travis/build/icyphy/ptII/ptolemy/actor/lib/jjs/modules/socket/test/auto/Message2.xml
----------------- Thu Apr 19 19:19:37 UTC 2018 About to sleep for 5.0 seconds before rerunning.  Test is: /home/travis/build/icyphy/ptII/ptolemy/actor/lib/jjs/modules/socket/test/auto/Message2.xml
JSAccessor: PT_NO_NET environment variable is set, so git pull and ptdoc are not being run.
25687 ms. Memory: 772096K Free: 406847K (53%)
reloadAllAccessors: .Message2
This is the first time that the reloadAllAccessors method has been invoked in this JVM, so the the accessors repo will be checked out or updated and JSDoc invoked. Note that running the tests may end up invoking a new JVM for each directory, so the repo may be checked out or updated and JSDoc invoked more than once when the tests are run.
----------------- Thu Apr 19 19:20:13 UTC 2018 About to sleep for 5.0 seconds before rerunning.  Test is: /home/travis/build/icyphy/ptII/ptolemy/actor/lib/jjs/modules/socket/test/auto/Message2.xml
----------------- Reloaded Accessors and testing again Thu Apr 19 19:20:18 UTC 2018 /home/travis/build/icyphy/ptII/ptolemy/actor/lib/jjs/modules/socket/test/auto/Message2.xml
25191 ms. Memory: 815616K Free: 588917K (72%)
----------------- testing Thu Apr 19 19:20:43 UTC 2018 /home/travis/build/icyphy/ptII/ptolemy/actor/lib/jjs/modules/socket/test/auto/Message3.xml
----------------- Thu Apr 19 19:20:43 UTC 2018 About to sleep for 5.0 seconds before rerunning.  Test is: /home/travis/build/icyphy/ptII/ptolemy/actor/lib/jjs/modules/socket/test/auto/Message3.xml
Client: Sending data: 5,1,2,3 (Thread[Message3,1,main])
Client: Sending data: 4,5,3,1,2,3 (Thread[Message3,1,main])
6004 ms. Memory: 855552K Free: 705636K (82%)
reloadAllAccessors: .Message3
----------------- Thu Apr 19 19:20:57 UTC 2018 About to sleep for 5.0 seconds before rerunning.  Test is: /home/travis/build/icyphy/ptII/ptolemy/actor/lib/jjs/modules/socket/test/auto/Message3.xml
----------------- Reloaded Accessors and testing again Thu Apr 19 19:21:02 UTC 2018 /home/travis/build/icyphy/ptII/ptolemy/actor/lib/jjs/modules/socket/test/auto/Message3.xml
Client: Sending data: 5,1,2,3 (Thread[Thread-19,5,main])
Client: Sending data: 4,5,3,1,2,3 (Thread[Thread-19,5,main])
5739 ms. Memory: 856576K Free: 166793K (19%)
----------------- testing Thu Apr 19 19:21:08 UTC 2018 /home/travis/build/icyphy/ptII/ptolemy/actor/lib/jjs/modules/socket/test/auto/Message4.xml
----------------- Thu Apr 19 19:21:08 UTC 2018 About to sleep for 5.0 seconds before rerunning.  Test is: /home/travis/build/icyphy/ptII/ptolemy/actor/lib/jjs/modules/socket/test/auto/Message4.xml
Client: Sending data: 5,1,2,3 (Thread[Message4,1,main])
Client: Sending data: 4,5,3,1,2,3,2,1 (Thread[Message4,1,main])
5661 ms. Memory: 906240K Free: 332936K (37%)
reloadAllAccessors: .Message4
----------------- Thu Apr 19 19:21:23 UTC 2018 About to sleep for 5.0 seconds before rerunning.  Test is: /home/travis/build/icyphy/ptII/ptolemy/actor/lib/jjs/modules/socket/test/auto/Message4.xml
----------------- Reloaded Accessors and testing again Thu Apr 19 19:21:28 UTC 2018 /home/travis/build/icyphy/ptII/ptolemy/actor/lib/jjs/modules/socket/test/auto/Message4.xml
Client: Sending data: 5,1,2,3 (Thread[Thread-23,5,main])
Client: Sending data: 4,5,3,1,2,3,2,1 (Thread[Thread-23,5,main])
6180 ms. Memory: 933376K Free: 500891K (54%)
----------------- testing Thu Apr 19 19:21:34 UTC 2018 /home/travis/build/icyphy/ptII/ptolemy/actor/lib/jjs/modules/socket/test/auto/Socket1.xml
----------------- Thu Apr 19 19:21:34 UTC 2018 About to sleep for 5.0 seconds before rerunning.  Test is: /home/travis/build/icyphy/ptII/ptolemy/actor/lib/jjs/modules/socket/test/auto/Socket1.xml
1976 ms. Memory: 934400K Free: 531411K (57%)
reloadAllAccessors: .Socket1
----------------- Thu Apr 19 19:21:43 UTC 2018 About to sleep for 5.0 seconds before rerunning.  Test is: /home/travis/build/icyphy/ptII/ptolemy/actor/lib/jjs/modules/socket/test/auto/Socket1.xml
----------------- Reloaded Accessors and testing again Thu Apr 19 19:21:48 UTC 2018 /home/travis/build/icyphy/ptII/ptolemy/actor/lib/jjs/modules/socket/test/auto/Socket1.xml
1978 ms. Memory: 936960K Free: 264217K (28%)
----------------- testing Thu Apr 19 19:21:50 UTC 2018 /home/travis/build/icyphy/ptII/ptolemy/actor/lib/jjs/modules/socket/test/auto/Socket2.xml
----------------- Thu Apr 19 19:21:50 UTC 2018 About to sleep for 5.0 seconds before rerunning.  Test is: /home/travis/build/icyphy/ptII/ptolemy/actor/lib/jjs/modules/socket/test/auto/Socket2.xml
4379 ms. Memory: 975872K Free: 477307K (49%)
reloadAllAccessors: .Socket2
----------------- testing Thu Apr 19 19:22:00 UTC 2018 /home/travis/build/icyphy/ptII/ptolemy/actor/lib/jjs/modules/socket/test/auto/Socket3.xml
----------------- Thu Apr 19 19:22:00 UTC 2018 About to sleep for 5.0 seconds before rerunning.  Test is: /home/travis/build/icyphy/ptII/ptolemy/actor/lib/jjs/modules/socket/test/auto/Socket3.xml
3777 ms. Memory: 976896K Free: 504286K (52%)
reloadAllAccessors: .Socket3
----------------- Thu Apr 19 19:22:11 UTC 2018 About to sleep for 5.0 seconds before rerunning.  Test is: /home/travis/build/icyphy/ptII/ptolemy/actor/lib/jjs/modules/socket/test/auto/Socket3.xml
----------------- Reloaded Accessors and testing again Thu Apr 19 19:22:16 UTC 2018 /home/travis/build/icyphy/ptII/ptolemy/actor/lib/jjs/modules/socket/test/auto/Socket3.xml
4009 ms. Memory: 977408K Free: 318648K (33%)
----------------- testing Thu Apr 19 19:22:20 UTC 2018 /home/travis/build/icyphy/ptII/ptolemy/actor/lib/jjs/modules/socket/test/auto/SocketByte.xml
----------------- Thu Apr 19 19:22:20 UTC 2018 About to sleep for 5.0 seconds before rerunning.  Test is: /home/travis/build/icyphy/ptII/ptolemy/actor/lib/jjs/modules/socket/test/auto/SocketByte.xml
JavaScriptBarrier: JavaScriptBarrier: sending true after timeout. (Thread[SocketByte,1,main])
53957 ms. Memory: 1027072K Free: 438733K (43%)
----------------- testing Thu Apr 19 19:23:21 UTC 2018 /home/travis/build/icyphy/ptII/ptolemy/actor/lib/jjs/modules/socket/test/auto/SocketDouble.xml
----------------- Thu Apr 19 19:23:21 UTC 2018 About to sleep for 5.0 seconds before rerunning.  Test is: /home/travis/build/icyphy/ptII/ptolemy/actor/lib/jjs/modules/socket/test/auto/SocketDouble.xml
12912 ms. Memory: 1026048K Free: 314499K (31%)
----------------- testing Thu Apr 19 19:23:40 UTC 2018 /home/travis/build/icyphy/ptII/ptolemy/actor/lib/jjs/modules/socket/test/auto/SocketDoubleArray.xml
----------------- Thu Apr 19 19:23:40 UTC 2018 About to sleep for 5.0 seconds before rerunning.  Test is: /home/travis/build/icyphy/ptII/ptolemy/actor/lib/jjs/modules/socket/test/auto/SocketDoubleArray.xml
Client: Sending data: 1.1,1.2 (Thread[SocketDoubleArray,1,main])
Client3: Sending data: 2.2 (Thread[SocketDoubleArray,1,main])
4177 ms. Memory: 1072640K Free: 413605K (39%)
reloadAllAccessors: .SocketDoubleArray
----------------- Thu Apr 19 19:23:51 UTC 2018 About to sleep for 5.0 seconds before rerunning.  Test is: /home/travis/build/icyphy/ptII/ptolemy/actor/lib/jjs/modules/socket/test/auto/SocketDoubleArray.xml
----------------- Reloaded Accessors and testing again Thu Apr 19 19:23:56 UTC 2018 /home/travis/build/icyphy/ptII/ptolemy/actor/lib/jjs/modules/socket/test/auto/SocketDoubleArray.xml
Client: Sending data: 1.1,1.2 (Thread[Thread-44,5,main])
Client3: Sending data: 2.2 (Thread[Thread-44,5,main])
3504 ms. Memory: 1072640K Free: 296678K (28%)
----------------- testing Thu Apr 19 19:24:00 UTC 2018 /home/travis/build/icyphy/ptII/ptolemy/actor/lib/jjs/modules/socket/test/auto/SocketDoubleArrayBatched.xml
----------------- Thu Apr 19 19:24:00 UTC 2018 About to sleep for 5.0 seconds before rerunning.  Test is: /home/travis/build/icyphy/ptII/ptolemy/actor/lib/jjs/modules/socket/test/auto/SocketDoubleArrayBatched.xml
Client: Sending data: 1.1,1.2 (Thread[SocketDoubleArrayBatched,1,main])
Client2: Sending data: 2.2 (Thread[SocketDoubleArrayBatched,1,main])
4186 ms. Memory: 1074176K Free: 267275K (25%)
reloadAllAccessors: .SocketDoubleArrayBatched
----------------- testing Thu Apr 19 19:24:10 UTC 2018 /home/travis/build/icyphy/ptII/ptolemy/actor/lib/jjs/modules/socket/test/auto/SocketFloat.xml
----------------- Thu Apr 19 19:24:10 UTC 2018 About to sleep for 5.0 seconds before rerunning.  Test is: /home/travis/build/icyphy/ptII/ptolemy/actor/lib/jjs/modules/socket/test/auto/SocketFloat.xml
Client: Sending data: -1,0,1,128,-2147483648 (Thread[SocketFloat,1,main])
Client3: Sending data: 3.14159 (Thread[SocketFloat,1,main])
4489 ms. Memory: 1130496K Free: 392896K (35%)
reloadAllAccessors: .SocketFloat
----------------- Thu Apr 19 19:24:22 UTC 2018 About to sleep for 5.0 seconds before rerunning.  Test is: /home/travis/build/icyphy/ptII/ptolemy/actor/lib/jjs/modules/socket/test/auto/SocketFloat.xml
----------------- Reloaded Accessors and testing again Thu Apr 19 19:24:27 UTC 2018 /home/travis/build/icyphy/ptII/ptolemy/actor/lib/jjs/modules/socket/test/auto/SocketFloat.xml
Client: Sending data: -1,0,1,128,-2147483648 (Thread[Thread-51,5,main])
Client3: Sending data: 3.14159 (Thread[Thread-51,5,main])
3712 ms. Memory: 1131008K Free: 279311K (25%)
----------------- testing Thu Apr 19 19:24:30 UTC 2018 /home/travis/build/icyphy/ptII/ptolemy/actor/lib/jjs/modules/socket/test/auto/SocketImage.xml
----------------- Thu Apr 19 19:24:30 UTC 2018 About to sleep for 5.0 seconds before rerunning.  Test is: /home/travis/build/icyphy/ptII/ptolemy/actor/lib/jjs/modules/socket/test/auto/SocketImage.xml
No physical cameras found, using WebcamDummyDriver.
6575 ms. Memory: 1188864K Free: 742658K (62%)
reloadAllAccessors: .SocketImage
----------------- Thu Apr 19 19:24:49 UTC 2018 About to sleep for 5.0 seconds before rerunning.  Test is: /home/travis/build/icyphy/ptII/ptolemy/actor/lib/jjs/modules/socket/test/auto/SocketImage.xml
----------------- Reloaded Accessors and testing again Thu Apr 19 19:24:54 UTC 2018 /home/travis/build/icyphy/ptII/ptolemy/actor/lib/jjs/modules/socket/test/auto/SocketImage.xml
4894 ms. Memory: 1185792K Free: 451577K (38%)
----------------- testing Thu Apr 19 19:24:59 UTC 2018 /home/travis/build/icyphy/ptII/ptolemy/actor/lib/jjs/modules/socket/test/auto/SocketImagePNG.xml
----------------- Thu Apr 19 19:24:59 UTC 2018 About to sleep for 5.0 seconds before rerunning.  Test is: /home/travis/build/icyphy/ptII/ptolemy/actor/lib/jjs/modules/socket/test/auto/SocketImagePNG.xml
Client: Sending data: {type="class ptolemy.data.AWTImageToken", width="176", height="144"} (Thread[SocketImagePNG,1,main])
4249 ms. Memory: 1188352K Free: 430114K (36%)
reloadAllAccessors: .SocketImagePNG
----------------- Thu Apr 19 19:25:10 UTC 2018 About to sleep for 5.0 seconds before rerunning.  Test is: /home/travis/build/icyphy/ptII/ptolemy/actor/lib/jjs/modules/socket/test/auto/SocketImagePNG.xml
----------------- Reloaded Accessors and testing again Thu Apr 19 19:25:15 UTC 2018 /home/travis/build/icyphy/ptII/ptolemy/actor/lib/jjs/modules/socket/test/auto/SocketImagePNG.xml
Client: Sending data: {type="class ptolemy.data.AWTImageToken", width="176", height="144"} (Thread[Thread-63,5,main])
5985 ms. Memory: 1293824K Free: 471068K (36%)
----------------- testing Thu Apr 19 19:25:21 UTC 2018 /home/travis/build/icyphy/ptII/ptolemy/actor/lib/jjs/modules/socket/test/auto/SocketImageRaw.xml
----------------- Thu Apr 19 19:25:21 UTC 2018 About to sleep for 5.0 seconds before rerunning.  Test is: /home/travis/build/icyphy/ptII/ptolemy/actor/lib/jjs/modules/socket/test/auto/SocketImageRaw.xml
Client: Sending data: {type="class ptolemy.data.AWTImageToken", width="176", height="144"} (Thread[SocketImageRaw,1,main])
5329 ms. Memory: 1293312K Free: 317185K (25%)
reloadAllAccessors: .SocketImageRaw
----------------- Thu Apr 19 19:25:35 UTC 2018 About to sleep for 5.0 seconds before rerunning.  Test is: /home/travis/build/icyphy/ptII/ptolemy/actor/lib/jjs/modules/socket/test/auto/SocketImageRaw.xml
----------------- Reloaded Accessors and testing again Thu Apr 19 19:25:40 UTC 2018 /home/travis/build/icyphy/ptII/ptolemy/actor/lib/jjs/modules/socket/test/auto/SocketImageRaw.xml
Client: Sending data: {type="class ptolemy.data.AWTImageToken", width="176", height="144"} (Thread[Thread-69,5,main])
5576 ms. Memory: 1294336K Free: 516688K (40%)
----------------- testing Thu Apr 19 19:25:46 UTC 2018 /home/travis/build/icyphy/ptII/ptolemy/actor/lib/jjs/modules/socket/test/auto/SocketInt.xml
----------------- Thu Apr 19 19:25:46 UTC 2018 About to sleep for 5.0 seconds before rerunning.  Test is: /home/travis/build/icyphy/ptII/ptolemy/actor/lib/jjs/modules/socket/test/auto/SocketInt.xml
Client: Sending data: -1,0,1,128,-2147483648 (Thread[SocketInt,1,main])
Client3: Sending data: 3.14159 (Thread[SocketInt,1,main])
4600 ms. Memory: 1418240K Free: 710542K (50%)
reloadAllAccessors: .SocketInt
----------------- Thu Apr 19 19:25:59 UTC 2018 About to sleep for 5.0 seconds before rerunning.  Test is: /home/travis/build/icyphy/ptII/ptolemy/actor/lib/jjs/modules/socket/test/auto/SocketInt.xml
----------------- Reloaded Accessors and testing again Thu Apr 19 19:26:04 UTC 2018 /home/travis/build/icyphy/ptII/ptolemy/actor/lib/jjs/modules/socket/test/auto/SocketInt.xml
Client: Sending data: -1,0,1,128,-2147483648 (Thread[Thread-75,5,main])
Client3: Sending data: 3.14159 (Thread[Thread-75,5,main])
4943 ms. Memory: 1418240K Free: 605563K (43%)
----------------- testing Thu Apr 19 19:26:09 UTC 2018 /home/travis/build/icyphy/ptII/ptolemy/actor/lib/jjs/modules/socket/test/auto/SocketShort.xml
----------------- Thu Apr 19 19:26:09 UTC 2018 About to sleep for 5.0 seconds before rerunning.  Test is: /home/travis/build/icyphy/ptII/ptolemy/actor/lib/jjs/modules/socket/test/auto/SocketShort.xml
Client: Sending data: -1,0,1,128,32768 (Thread[SocketShort,1,main])
Client3: Sending data: 3.14159 (Thread[SocketShort,1,main])
4787 ms. Memory: 1416704K Free: 495708K (35%)
reloadAllAccessors: .SocketShort
----------------- Thu Apr 19 19:26:22 UTC 2018 About to sleep for 5.0 seconds before rerunning.  Test is: /home/travis/build/icyphy/ptII/ptolemy/actor/lib/jjs/modules/socket/test/auto/SocketShort.xml
----------------- Reloaded Accessors and testing again Thu Apr 19 19:26:27 UTC 2018 /home/travis/build/icyphy/ptII/ptolemy/actor/lib/jjs/modules/socket/test/auto/SocketShort.xml
Client: Sending data: -1,0,1,128,32768 (Thread[Thread-79,5,main])
Client3: Sending data: 3.14159 (Thread[Thread-79,5,main])
6044 ms. Memory: 1483776K Free: 734945K (50%)
----------------- testing Thu Apr 19 19:26:33 UTC 2018 /home/travis/build/icyphy/ptII/ptolemy/actor/lib/jjs/modules/socket/test/auto/SocketStringArray.xml
----------------- Thu Apr 19 19:26:33 UTC 2018 About to sleep for 5.0 seconds before rerunning.  Test is: /home/travis/build/icyphy/ptII/ptolemy/actor/lib/jjs/modules/socket/test/auto/SocketStringArray.xml
Client: Sending data: a,b (Thread[SocketStringArray,1,main])
Client2: Sending data: c (Thread[SocketStringArray,1,main])
5009 ms. Memory: 1469952K Free: 565967K (39%)
reloadAllAccessors: .SocketStringArray
----------------- Thu Apr 19 19:26:46 UTC 2018 About to sleep for 5.0 seconds before rerunning.  Test is: /home/travis/build/icyphy/ptII/ptolemy/actor/lib/jjs/modules/socket/test/auto/SocketStringArray.xml
----------------- Reloaded Accessors and testing again Thu Apr 19 19:26:51 UTC 2018 /home/travis/build/icyphy/ptII/ptolemy/actor/lib/jjs/modules/socket/test/auto/SocketStringArray.xml
Client: Sending data: a,b (Thread[Thread-83,5,main])
Client2: Sending data: c (Thread[Thread-83,5,main])
5477 ms. Memory: 1469440K Free: 393341K (27%)
----------------- testing Thu Apr 19 19:26:56 UTC 2018 /home/travis/build/icyphy/ptII/ptolemy/actor/lib/jjs/modules/socket/test/auto/SocketTypicalUsage.xml
----------------- Thu Apr 19 19:26:56 UTC 2018 About to sleep for 5.0 seconds before rerunning.  Test is: /home/travis/build/icyphy/ptII/ptolemy/actor/lib/jjs/modules/socket/test/auto/SocketTypicalUsage.xml
Server: Server listening on port: 4000 (Thread[vert.x-eventloop-thread-0,1,main])
Server: Server connected on a new socket number: 0 (Thread[vert.x-eventloop-thread-0,1,main])
Server: Server connected on a new socket number: 1 (Thread[vert.x-eventloop-thread-0,1,main])
Server: Server received data on connection 1: 1.1 (Thread[SocketTypicalUsage,1,main])
Server: Server received data on connection 0: 2.2 (Thread[SocketTypicalUsage,1,main])
5702 ms. Memory: 1527296K Free: 901383K (59%)
reloadAllAccessors: .SocketTypicalUsage
----------------- Thu Apr 19 19:27:10 UTC 2018 About to sleep for 5.0 seconds before rerunning.  Test is: /home/travis/build/icyphy/ptII/ptolemy/actor/lib/jjs/modules/socket/test/auto/SocketTypicalUsage.xml
----------------- Reloaded Accessors and testing again Thu Apr 19 19:27:15 UTC 2018 /home/travis/build/icyphy/ptII/ptolemy/actor/lib/jjs/modules/socket/test/auto/SocketTypicalUsage.xml
Server: Server listening on port: 4000 (Thread[vert.x-eventloop-thread-0,1,main])
Server: Server connected on a new socket number: 0 (Thread[vert.x-eventloop-thread-0,1,main])
Server: Server connected on a new socket number: 1 (Thread[vert.x-eventloop-thread-0,1,main])
Server: Server received data on connection 1: 1.1 (Thread[Thread-87,5,main])
Server: Server received data on connection 0: 2.2 (Thread[Thread-87,5,main])
3735 ms. Memory: 1537024K Free: 467150K (30%)
----------------- testing Thu Apr 19 19:27:18 UTC 2018 /home/travis/build/icyphy/ptII/ptolemy/actor/lib/jjs/modules/socket/test/auto/SocketUnsignedByte.xml
----------------- Thu Apr 19 19:27:18 UTC 2018 About to sleep for 5.0 seconds before rerunning.  Test is: /home/travis/build/icyphy/ptII/ptolemy/actor/lib/jjs/modules/socket/test/auto/SocketUnsignedByte.xml
Client: Sending data: -1,0,1,255,256 (Thread[SocketUnsignedByte,1,main])
Client3: Sending data: 3.14159 (Thread[SocketUnsignedByte,1,main])
4819 ms. Memory: 1536000K Free: 372974K (24%)
reloadAllAccessors: .SocketUnsignedByte
----------------- testing Thu Apr 19 19:27:30 UTC 2018 /home/travis/build/icyphy/ptII/ptolemy/actor/lib/jjs/modules/socket/test/auto/SocketUnsignedShort.xml
----------------- Thu Apr 19 19:27:30 UTC 2018 About to sleep for 5.0 seconds before rerunning.  Test is: /home/travis/build/icyphy/ptII/ptolemy/actor/lib/jjs/modules/socket/test/auto/SocketUnsignedShort.xml
13222 ms. Memory: 1517056K Free: 547885K (36%)
----------------- testing Thu Apr 19 19:27:51 UTC 2018 /home/travis/build/icyphy/ptII/ptolemy/actor/lib/jjs/modules/socket/test/auto/TCPSocketDoubleArrayBatched.xml
----------------- Thu Apr 19 19:27:51 UTC 2018 About to sleep for 5.0 seconds before rerunning.  Test is: /home/travis/build/icyphy/ptII/ptolemy/actor/lib/jjs/modules/socket/test/auto/TCPSocketDoubleArrayBatched.xml
4141 ms. Memory: 1514496K Free: 230931K (15%)
reloadAllAccessors: .TCPSocketDoubleArrayBatched
----------------- Thu Apr 19 19:28:02 UTC 2018 About to sleep for 5.0 seconds before rerunning.  Test is: /home/travis/build/icyphy/ptII/ptolemy/actor/lib/jjs/modules/socket/test/auto/TCPSocketDoubleArrayBatched.xml
----------------- Reloaded Accessors and testing again Thu Apr 19 19:28:07 UTC 2018 /home/travis/build/icyphy/ptII/ptolemy/actor/lib/jjs/modules/socket/test/auto/TCPSocketDoubleArrayBatched.xml
5500 ms. Memory: 1611264K Free: 826311K (51%)
----------------- testing Thu Apr 19 19:28:12 UTC 2018 /home/travis/build/icyphy/ptII/ptolemy/actor/lib/jjs/modules/socket/test/auto/TCPSocketSecureServerClient.xml
----------------- Thu Apr 19 19:28:12 UTC 2018 About to sleep for 5.0 seconds before rerunning.  Test is: /home/travis/build/icyphy/ptII/ptolemy/actor/lib/jjs/modules/socket/test/auto/TCPSocketSecureServerClient.xml
Manager.initialize() finished: 10247 ms. Memory: 1588736K Free: 357393K (22%)
JavaScriptBarrier: JavaScriptBarrier: sending true after timeout. (Thread[TCPSocketSecureServerClient,1,main])
60366 ms. Memory: 1588736K Free: 298195K (19%)
----------------- testing Thu Apr 19 19:29:24 UTC 2018 /home/travis/build/icyphy/ptII/ptolemy/actor/lib/jjs/modules/socket/test/auto/TCPSocketTwoClients.xml
----------------- Thu Apr 19 19:29:24 UTC 2018 About to sleep for 5.0 seconds before rerunning.  Test is: /home/travis/build/icyphy/ptII/ptolemy/actor/lib/jjs/modules/socket/test/auto/TCPSocketTwoClients.xml
Manager.initialize() finished: 13827 ms. Memory: 1704448K Free: 598774K (35%)
TextDisplayHelper: { id: 1,
  remoteHost: '127.0.0.1',
  remotePort: 45626,
  status: 'open' }
TextDisplayHelper: { id: 2,
  remoteHost: '127.0.0.1',
  remotePort: 45628,
  status: 'open' }
TextDisplayHelper: 1
TextDisplayHelper: 0
TextDisplayHelper: 2
TextDisplayHelper: 1
TextDisplayHelper: 1
TextDisplayHelper: 2
TextDisplayHelper: 2
TextDisplayHelper: 1
TextDisplayHelper: 3
TextDisplayHelper: 4
17081 ms. Memory: 1704448K Free: 480243K (28%)
reloadAllAccessors: .TCPSocketTwoClients
----------------- Thu Apr 19 19:29:58 UTC 2018 About to sleep for 5.0 seconds before rerunning.  Test is: /home/travis/build/icyphy/ptII/ptolemy/actor/lib/jjs/modules/socket/test/auto/TCPSocketTwoClients.xml
----------------- Reloaded Accessors and testing again Thu Apr 19 19:30:03 UTC 2018 /home/travis/build/icyphy/ptII/ptolemy/actor/lib/jjs/modules/socket/test/auto/TCPSocketTwoClients.xml
Manager.initialize() finished: 12310 ms. Memory: 1727488K Free: 154377K (9%)
TextDisplayHelper: { id: 1,
  remoteHost: '127.0.0.1',
  remotePort: 38550,
  status: 'open' }
TextDisplayHelper: { id: 2,
  remoteHost: '127.0.0.1',
  remotePort: 38552,
  status: 'open' }
TextDisplayHelper: 1
TextDisplayHelper: 0
TextDisplayHelper: 2
TextDisplayHelper: 1
TextDisplayHelper: 1
TextDisplayHelper: 2
TextDisplayHelper: 2
TextDisplayHelper: 1
TextDisplayHelper: 3
TextDisplayHelper: 4
15645 ms. Memory: 1774080K Free: 956789K (54%)
----------------- testing Thu Apr 19 19:30:19 UTC 2018 /home/travis/build/icyphy/ptII/ptolemy/actor/lib/jjs/modules/socket/test/auto/TCPSocketUnsignedShort.xml
----------------- Thu Apr 19 19:30:19 UTC 2018 About to sleep for 5.0 seconds before rerunning.  Test is: /home/travis/build/icyphy/ptII/ptolemy/actor/lib/jjs/modules/socket/test/auto/TCPSocketUnsignedShort.xml
TextDisplayHelper: 65535
TextDisplayHelper: 0
TextDisplayHelper: 1
TextDisplayHelper: 65535
TextDisplayHelper: 0
TextDisplayHelper: 2
TextDisplayHelper: 0
TextDisplayHelper: 1
TextDisplayHelper: 2
TextDisplayHelper: 0
TextDisplayHelper: 1
TextDisplayHelper: 3
9666 ms. Memory: 1786368K Free: 576873K (32%)
reloadAllAccessors: .TCPSocketUnsignedShort
----------------- Thu Apr 19 19:30:42 UTC 2018 About to sleep for 5.0 seconds before rerunning.  Test is: /home/travis/build/icyphy/ptII/ptolemy/actor/lib/jjs/modules/socket/test/auto/TCPSocketUnsignedShort.xml
----------------- Reloaded Accessors and testing again Thu Apr 19 19:30:47 UTC 2018 /home/travis/build/icyphy/ptII/ptolemy/actor/lib/jjs/modules/socket/test/auto/TCPSocketUnsignedShort.xml
TextDisplayHelper: 65535
TextDisplayHelper: 0
TextDisplayHelper: 1
TextDisplayHelper: 65535
TextDisplayHelper: 0
TextDisplayHelper: 2
TextDisplayHelper: 0
TextDisplayHelper: 1
TextDisplayHelper: 2
TextDisplayHelper: 0
TextDisplayHelper: 1
TextDisplayHelper: 3
10354 ms. Memory: 1789952K Free: 364304K (20%)
----------------- testing Thu Apr 19 19:30:57 UTC 2018 /home/travis/build/icyphy/ptII/ptolemy/actor/lib/jjs/modules/socket/test/auto/TCPSocketUnsignedShortSimple.xml
----------------- Thu Apr 19 19:30:57 UTC 2018 About to sleep for 5.0 seconds before rerunning.  Test is: /home/travis/build/icyphy/ptII/ptolemy/actor/lib/jjs/modules/socket/test/auto/TCPSocketUnsignedShortSimple.xml
4931 ms. Memory: 1865728K Free: 657721K (35%)
reloadAllAccessors: .TCPSocketUnsignedShortSimple
----------------- Thu Apr 19 19:31:14 UTC 2018 About to sleep for 5.0 seconds before rerunning.  Test is: /home/travis/build/icyphy/ptII/ptolemy/actor/lib/jjs/modules/socket/test/auto/TCPSocketUnsignedShortSimple.xml
----------------- Reloaded Accessors and testing again Thu Apr 19 19:31:19 UTC 2018 /home/travis/build/icyphy/ptII/ptolemy/actor/lib/jjs/modules/socket/test/auto/TCPSocketUnsignedShortSimple.xml
5104 ms. Memory: 1832448K Free: 669481K (37%)
AutoTests.java: About to close Vertx.
AutoTests.java: Vertx closed.
]]></system-out>
  <system-err><![CDATA[Apr 19, 2018 7:19:16 PM io.vertx.core.impl.ContextImpl
SEVERE: Unhandled exception
java.lang.IllegalArgumentException: Invalid send data type: long
	at ptolemy.actor.lib.jjs.modules.socket.SocketHelper$SocketWrapper.<init>(SocketHelper.java:566)
	at jdk.nashorn.internal.scripts.Script$Recompilation$1077$13304A$require.L:1#_opened(/home/travis/build/icyphy/ptII/ptolemy/actor/lib/jjs/external/require.js#401:30<eval>:296)
	at jdk.nashorn.internal.runtime.ScriptFunctionData.invoke(ScriptFunctionData.java:639)
	at jdk.nashorn.internal.runtime.ScriptFunction.invoke(ScriptFunction.java:494)
	at jdk.nashorn.internal.runtime.ScriptRuntime.apply(ScriptRuntime.java:393)
	at jdk.nashorn.api.scripting.ScriptObjectMirror.callMember(ScriptObjectMirror.java:199)
	at ptolemy.actor.lib.jjs.modules.socket.SocketHelper.lambda$null$0(SocketHelper.java:219)
	at io.vertx.core.net.impl.NetClientImpl.lambda$connect$2(NetClientImpl.java:113)
	at io.vertx.core.net.impl.NetClientImpl.lambda$null$9(NetClientImpl.java:251)
	at io.vertx.core.impl.ContextImpl.lambda$wrapTask$2(ContextImpl.java:337)
	at io.vertx.core.impl.ContextImpl.executeFromIO(ContextImpl.java:195)
	at io.vertx.core.net.impl.NetClientImpl.lambda$connected$10(NetClientImpl.java:247)
	at io.vertx.core.net.impl.VertxHandler.setConnection(VertxHandler.java:46)
	at io.vertx.core.net.impl.VertxNetHandler.handlerAdded(VertxNetHandler.java:39)
	at io.netty.channel.DefaultChannelPipeline.callHandlerAdded0(DefaultChannelPipeline.java:606)
	at io.netty.channel.DefaultChannelPipeline.addLast(DefaultChannelPipeline.java:235)
	at io.netty.channel.DefaultChannelPipeline.addLast(DefaultChannelPipeline.java:201)
	at io.vertx.core.net.impl.NetClientImpl.connected(NetClientImpl.java:257)
	at io.vertx.core.net.impl.NetClientImpl.lambda$doConnect$7(NetClientImpl.java:212)
	at io.vertx.core.net.impl.ChannelProvider.lambda$connect$0(ChannelProvider.java:52)
	at io.netty.util.concurrent.DefaultPromise.notifyListener0(DefaultPromise.java:507)
	at io.netty.util.concurrent.DefaultPromise.notifyListeners0(DefaultPromise.java:500)
	at io.netty.util.concurrent.DefaultPromise.notifyListenersNow(DefaultPromise.java:479)
	at io.netty.util.concurrent.DefaultPromise.notifyListeners(DefaultPromise.java:420)
	at io.netty.util.concurrent.DefaultPromise.trySuccess(DefaultPromise.java:104)
	at io.netty.channel.DefaultChannelPromise.trySuccess(DefaultChannelPromise.java:82)
	at io.netty.channel.nio.AbstractNioChannel$AbstractNioUnsafe.fulfillConnectPromise(AbstractNioChannel.java:306)
	at io.netty.channel.nio.AbstractNioChannel$AbstractNioUnsafe.finishConnect(AbstractNioChannel.java:341)
	at io.netty.channel.nio.NioEventLoop.processSelectedKey(NioEventLoop.java:633)
	at io.netty.channel.nio.NioEventLoop.processSelectedKeysOptimized(NioEventLoop.java:580)
	at io.netty.channel.nio.NioEventLoop.processSelectedKeys(NioEventLoop.java:497)
	at io.netty.channel.nio.NioEventLoop.run(NioEventLoop.java:459)
	at io.netty.util.concurrent.SingleThreadEventExecutor$5.run(SingleThreadEventExecutor.java:886)
	at io.netty.util.concurrent.FastThreadLocalRunnable.run(FastThreadLocalRunnable.java:30)
	at java.lang.Thread.run(Thread.java:748)

Apr 19, 2018 7:19:16 PM io.vertx.core.impl.ContextImpl
SEVERE: Unhandled exception
java.lang.IllegalArgumentException: Invalid send data type: long
	at ptolemy.actor.lib.jjs.modules.socket.SocketHelper$SocketWrapper.<init>(SocketHelper.java:566)
	at jdk.nashorn.internal.scripts.Script$Recompilation$1078$27606AAAAAA$require.L:1#Socket(/home/travis/build/icyphy/ptII/ptolemy/actor/lib/jjs/external/require.js#401:30<eval>:630)
	at jdk.nashorn.internal.scripts.Script$Recompilation$1074$25670A$require.L:1#_socketCreated(/home/travis/build/icyphy/ptII/ptolemy/actor/lib/jjs/external/require.js#401:30<eval>:582)
	at jdk.nashorn.internal.runtime.ScriptFunctionData.invoke(ScriptFunctionData.java:639)
	at jdk.nashorn.internal.runtime.ScriptFunction.invoke(ScriptFunction.java:494)
	at jdk.nashorn.internal.runtime.ScriptRuntime.apply(ScriptRuntime.java:393)
	at jdk.nashorn.api.scripting.ScriptObjectMirror.callMember(ScriptObjectMirror.java:199)
	at ptolemy.actor.lib.jjs.modules.socket.SocketHelper.lambda$null$2(SocketHelper.java:394)
	at io.vertx.core.net.impl.NetServerImpl.lambda$connected$11(NetServerImpl.java:457)
	at io.vertx.core.impl.ContextImpl.lambda$wrapTask$2(ContextImpl.java:337)
	at io.vertx.core.impl.ContextImpl.executeFromIO(ContextImpl.java:195)
	at io.vertx.core.net.impl.NetServerImpl.connected(NetServerImpl.java:453)
	at io.vertx.core.net.impl.NetServerImpl.access$200(NetServerImpl.java:57)
	at io.vertx.core.net.impl.NetServerImpl$1.initChannel(NetServerImpl.java:209)
	at io.netty.channel.ChannelInitializer.initChannel(ChannelInitializer.java:113)
	at io.netty.channel.ChannelInitializer.handlerAdded(ChannelInitializer.java:105)
	at io.netty.channel.DefaultChannelPipeline.callHandlerAdded0(DefaultChannelPipeline.java:606)
	at io.netty.channel.DefaultChannelPipeline.access$000(DefaultChannelPipeline.java:46)
	at io.netty.channel.DefaultChannelPipeline$PendingHandlerAddedTask.execute(DefaultChannelPipeline.java:1412)
	at io.netty.channel.DefaultChannelPipeline.callHandlerAddedForAllHandlers(DefaultChannelPipeline.java:1131)
	at io.netty.channel.DefaultChannelPipeline.invokeHandlerAddedIfNeeded(DefaultChannelPipeline.java:656)
	at io.netty.channel.AbstractChannel$AbstractUnsafe.register0(AbstractChannel.java:510)
	at io.netty.channel.AbstractChannel$AbstractUnsafe.register(AbstractChannel.java:476)
	at io.netty.channel.SingleThreadEventLoop.register(SingleThreadEventLoop.java:80)
	at io.netty.channel.SingleThreadEventLoop.register(SingleThreadEventLoop.java:74)
	at io.vertx.core.net.impl.VertxEventLoopGroup.register(VertxEventLoopGroup.java:53)
	at io.netty.bootstrap.ServerBootstrap$ServerBootstrapAcceptor.channelRead(ServerBootstrap.java:255)
	at io.netty.channel.AbstractChannelHandlerContext.invokeChannelRead(AbstractChannelHandlerContext.java:362)
	at io.netty.channel.AbstractChannelHandlerContext.invokeChannelRead(AbstractChannelHandlerContext.java:348)
	at io.netty.channel.AbstractChannelHandlerContext.fireChannelRead(AbstractChannelHandlerContext.java:340)
	at io.netty.channel.DefaultChannelPipeline$HeadContext.channelRead(DefaultChannelPipeline.java:1359)
	at io.netty.channel.AbstractChannelHandlerContext.invokeChannelRead(AbstractChannelHandlerContext.java:362)
	at io.netty.channel.AbstractChannelHandlerContext.invokeChannelRead(AbstractChannelHandlerContext.java:348)
	at io.netty.channel.DefaultChannelPipeline.fireChannelRead(DefaultChannelPipeline.java:935)
	at io.netty.channel.nio.AbstractNioMessageChannel$NioMessageUnsafe.read(AbstractNioMessageChannel.java:93)
	at io.netty.channel.nio.NioEventLoop.processSelectedKey(NioEventLoop.java:645)
	at io.netty.channel.nio.NioEventLoop.processSelectedKeysOptimized(NioEventLoop.java:580)
	at io.netty.channel.nio.NioEventLoop.processSelectedKeys(NioEventLoop.java:497)
	at io.netty.channel.nio.NioEventLoop.run(NioEventLoop.java:459)
	at io.netty.util.concurrent.SingleThreadEventExecutor$5.run(SingleThreadEventExecutor.java:886)
	at io.netty.util.concurrent.FastThreadLocalRunnable.run(FastThreadLocalRunnable.java:30)
	at java.lang.Thread.run(Thread.java:748)

Apr 19, 2018 7:19:17 PM io.vertx.core.impl.ContextImpl
SEVERE: Unhandled exception
java.lang.IllegalArgumentException: Invalid send data type: long
	at ptolemy.actor.lib.jjs.modules.socket.SocketHelper$SocketWrapper.<init>(SocketHelper.java:566)
	at jdk.nashorn.internal.scripts.Script$Recompilation$1078$27606AAAAAA$require.L:1#Socket(/home/travis/build/icyphy/ptII/ptolemy/actor/lib/jjs/external/require.js#401:30<eval>:630)
	at jdk.nashorn.internal.scripts.Script$Recompilation$1074$25670A$require.L:1#_socketCreated(/home/travis/build/icyphy/ptII/ptolemy/actor/lib/jjs/external/require.js#401:30<eval>:582)
	at jdk.nashorn.internal.runtime.ScriptFunctionData.invoke(ScriptFunctionData.java:639)
	at jdk.nashorn.internal.runtime.ScriptFunction.invoke(ScriptFunction.java:494)
	at jdk.nashorn.internal.runtime.ScriptRuntime.apply(ScriptRuntime.java:393)
	at jdk.nashorn.api.scripting.ScriptObjectMirror.callMember(ScriptObjectMirror.java:199)
	at ptolemy.actor.lib.jjs.modules.socket.SocketHelper.lambda$null$2(SocketHelper.java:394)
	at io.vertx.core.net.impl.NetServerImpl.lambda$connected$11(NetServerImpl.java:457)
	at io.vertx.core.impl.ContextImpl.lambda$wrapTask$2(ContextImpl.java:337)
	at io.vertx.core.impl.ContextImpl.executeFromIO(ContextImpl.java:195)
	at io.vertx.core.net.impl.NetServerImpl.connected(NetServerImpl.java:453)
	at io.vertx.core.net.impl.NetServerImpl.access$200(NetServerImpl.java:57)
	at io.vertx.core.net.impl.NetServerImpl$1.initChannel(NetServerImpl.java:209)
	at io.netty.channel.ChannelInitializer.initChannel(ChannelInitializer.java:113)
	at io.netty.channel.ChannelInitializer.handlerAdded(ChannelInitializer.java:105)
	at io.netty.channel.DefaultChannelPipeline.callHandlerAdded0(DefaultChannelPipeline.java:606)
	at io.netty.channel.DefaultChannelPipeline.access$000(DefaultChannelPipeline.java:46)
	at io.netty.channel.DefaultChannelPipeline$PendingHandlerAddedTask.execute(DefaultChannelPipeline.java:1412)
	at io.netty.channel.DefaultChannelPipeline.callHandlerAddedForAllHandlers(DefaultChannelPipeline.java:1131)
	at io.netty.channel.DefaultChannelPipeline.invokeHandlerAddedIfNeeded(DefaultChannelPipeline.java:656)
	at io.netty.channel.AbstractChannel$AbstractUnsafe.register0(AbstractChannel.java:510)
	at io.netty.channel.AbstractChannel$AbstractUnsafe.register(AbstractChannel.java:476)
	at io.netty.channel.SingleThreadEventLoop.register(SingleThreadEventLoop.java:80)
	at io.netty.channel.SingleThreadEventLoop.register(SingleThreadEventLoop.java:74)
	at io.vertx.core.net.impl.VertxEventLoopGroup.register(VertxEventLoopGroup.java:53)
	at io.netty.bootstrap.ServerBootstrap$ServerBootstrapAcceptor.channelRead(ServerBootstrap.java:255)
	at io.netty.channel.AbstractChannelHandlerContext.invokeChannelRead(AbstractChannelHandlerContext.java:362)
	at io.netty.channel.AbstractChannelHandlerContext.invokeChannelRead(AbstractChannelHandlerContext.java:348)
	at io.netty.channel.AbstractChannelHandlerContext.fireChannelRead(AbstractChannelHandlerContext.java:340)
	at io.netty.channel.DefaultChannelPipeline$HeadContext.channelRead(DefaultChannelPipeline.java:1359)
	at io.netty.channel.AbstractChannelHandlerContext.invokeChannelRead(AbstractChannelHandlerContext.java:362)
	at io.netty.channel.AbstractChannelHandlerContext.invokeChannelRead(AbstractChannelHandlerContext.java:348)
	at io.netty.channel.DefaultChannelPipeline.fireChannelRead(DefaultChannelPipeline.java:935)
	at io.netty.channel.nio.AbstractNioMessageChannel$NioMessageUnsafe.read(AbstractNioMessageChannel.java:93)
	at io.netty.channel.nio.NioEventLoop.processSelectedKey(NioEventLoop.java:645)
	at io.netty.channel.nio.NioEventLoop.processSelectedKeysOptimized(NioEventLoop.java:580)
	at io.netty.channel.nio.NioEventLoop.processSelectedKeys(NioEventLoop.java:497)
	at io.netty.channel.nio.NioEventLoop.run(NioEventLoop.java:459)
	at io.netty.util.concurrent.SingleThreadEventExecutor$5.run(SingleThreadEventExecutor.java:886)
	at io.netty.util.concurrent.FastThreadLocalRunnable.run(FastThreadLocalRunnable.java:30)
	at java.lang.Thread.run(Thread.java:748)

Apr 19, 2018 7:19:17 PM io.vertx.core.impl.ContextImpl
SEVERE: Unhandled exception
java.lang.IllegalArgumentException: Invalid send data type: long
	at ptolemy.actor.lib.jjs.modules.socket.SocketHelper$SocketWrapper.<init>(SocketHelper.java:566)
	at jdk.nashorn.internal.scripts.Script$Recompilation$1081$13304A$require.L:1#_opened(/home/travis/build/icyphy/ptII/ptolemy/actor/lib/jjs/external/require.js#401:30<eval>:296)
	at jdk.nashorn.internal.runtime.ScriptFunctionData.invoke(ScriptFunctionData.java:639)
	at jdk.nashorn.internal.runtime.ScriptFunction.invoke(ScriptFunction.java:494)
	at jdk.nashorn.internal.runtime.ScriptRuntime.apply(ScriptRuntime.java:393)
	at jdk.nashorn.api.scripting.ScriptObjectMirror.callMember(ScriptObjectMirror.java:199)
	at ptolemy.actor.lib.jjs.modules.socket.SocketHelper.lambda$null$0(SocketHelper.java:219)
	at io.vertx.core.net.impl.NetClientImpl.lambda$connect$2(NetClientImpl.java:113)
	at io.vertx.core.net.impl.NetClientImpl.lambda$null$9(NetClientImpl.java:251)
	at io.vertx.core.impl.ContextImpl.lambda$wrapTask$2(ContextImpl.java:337)
	at io.vertx.core.impl.ContextImpl.executeFromIO(ContextImpl.java:195)
	at io.vertx.core.net.impl.NetClientImpl.lambda$connected$10(NetClientImpl.java:247)
	at io.vertx.core.net.impl.VertxHandler.setConnection(VertxHandler.java:46)
	at io.vertx.core.net.impl.VertxNetHandler.handlerAdded(VertxNetHandler.java:39)
	at io.netty.channel.DefaultChannelPipeline.callHandlerAdded0(DefaultChannelPipeline.java:606)
	at io.netty.channel.DefaultChannelPipeline.addLast(DefaultChannelPipeline.java:235)
	at io.netty.channel.DefaultChannelPipeline.addLast(DefaultChannelPipeline.java:201)
	at io.vertx.core.net.impl.NetClientImpl.connected(NetClientImpl.java:257)
	at io.vertx.core.net.impl.NetClientImpl.lambda$doConnect$7(NetClientImpl.java:212)
	at io.vertx.core.net.impl.ChannelProvider.lambda$connect$0(ChannelProvider.java:52)
	at io.netty.util.concurrent.DefaultPromise.notifyListener0(DefaultPromise.java:507)
	at io.netty.util.concurrent.DefaultPromise.notifyListeners0(DefaultPromise.java:500)
	at io.netty.util.concurrent.DefaultPromise.notifyListenersNow(DefaultPromise.java:479)
	at io.netty.util.concurrent.DefaultPromise.notifyListeners(DefaultPromise.java:420)
	at io.netty.util.concurrent.DefaultPromise.trySuccess(DefaultPromise.java:104)
	at io.netty.channel.DefaultChannelPromise.trySuccess(DefaultChannelPromise.java:82)
	at io.netty.channel.nio.AbstractNioChannel$AbstractNioUnsafe.fulfillConnectPromise(AbstractNioChannel.java:306)
	at io.netty.channel.nio.AbstractNioChannel$AbstractNioUnsafe.finishConnect(AbstractNioChannel.java:341)
	at io.netty.channel.nio.NioEventLoop.processSelectedKey(NioEventLoop.java:633)
	at io.netty.channel.nio.NioEventLoop.processSelectedKeysOptimized(NioEventLoop.java:580)
	at io.netty.channel.nio.NioEventLoop.processSelectedKeys(NioEventLoop.java:497)
	at io.netty.channel.nio.NioEventLoop.run(NioEventLoop.java:459)
	at io.netty.util.concurrent.SingleThreadEventExecutor$5.run(SingleThreadEventExecutor.java:886)
	at io.netty.util.concurrent.FastThreadLocalRunnable.run(FastThreadLocalRunnable.java:30)
	at java.lang.Thread.run(Thread.java:748)

java.lang.RuntimeException: Execution failed
	at ptolemy.moml.MoMLSimpleApplication$UnloadThread.run(MoMLSimpleApplication.java:402)
Caused by: ptolemy.kernel.util.IllegalActionException: Exceptions occurred during wrapup:
ptolemy.kernel.util.IllegalActionException: The fire() method of this actor was never called. Usually, this is an error indicating that starvation is occurring.
  in .SocketLong.Test
ptolemy.kernel.util.IllegalActionException: The fire() method of this actor was never called. Usually, this is an error indicating that starvation is occurring.
  in .SocketLong.Test2
ptolemy.kernel.util.IllegalActionException: The fire() method of this actor was never called. Usually, this is an error indicating that starvation is occurring.
  in .SocketLong.Test3

  in .SocketLong.DE Director
Because:
The fire() method of this actor was never called. Usually, this is an error indicating that starvation is occurring.
  in .SocketLong.Test
	at ptolemy.actor.Director.wrapup(Director.java:1736)
	at ptolemy.domains.de.kernel.DEDirector.wrapup(DEDirector.java:1526)
	at ptolemy.actor.CompositeActor.wrapup(CompositeActor.java:2735)
	at ptolemy.actor.Manager.wrapup(Manager.java:1512)
	at ptolemy.actor.Manager.execute(Manager.java:407)
	at ptolemy.actor.Manager.run(Manager.java:1263)
	at ptolemy.actor.Manager$PtolemyRunThread.run(Manager.java:1915)
Caused by: ptolemy.kernel.util.IllegalActionException: The fire() method of this actor was never called. Usually, this is an error indicating that starvation is occurring.
  in .SocketLong.Test
	at ptolemy.actor.lib.NonStrictTest.wrapup(NonStrictTest.java:393)
	at ptolemy.actor.Director.wrapup(Director.java:1722)
	... 6 more
java.lang.reflect.InvocationTargetException
	at sun.reflect.NativeConstructorAccessorImpl.newInstance0(Native Method)
	at sun.reflect.NativeConstructorAccessorImpl.newInstance(NativeConstructorAccessorImpl.java:62)
	at sun.reflect.DelegatingConstructorAccessorImpl.newInstance(DelegatingConstructorAccessorImpl.java:45)
	at java.lang.reflect.Constructor.newInstance(Constructor.java:423)
	at ptolemy.util.test.junit.AutoKnownFailedTests.RunModel(AutoKnownFailedTests.java:107)
	at sun.reflect.NativeMethodAccessorImpl.invoke0(Native Method)
	at sun.reflect.NativeMethodAccessorImpl.invoke(NativeMethodAccessorImpl.java:62)
	at sun.reflect.DelegatingMethodAccessorImpl.invoke(DelegatingMethodAccessorImpl.java:43)
	at java.lang.reflect.Method.invoke(Method.java:498)
	at org.junit.runners.model.FrameworkMethod$1.runReflectiveCall(FrameworkMethod.java:44)
	at org.junit.internal.runners.model.ReflectiveCallable.run(ReflectiveCallable.java:15)
	at org.junit.runners.model.FrameworkMethod.invokeExplosively(FrameworkMethod.java:41)
	at junitparams.internal.InvokeParameterisedMethod.evaluate(InvokeParameterisedMethod.java:102)
	at org.junit.internal.runners.statements.FailOnTimeout$1.run(FailOnTimeout.java:28)
Caused by: ptolemy.kernel.util.IllegalActionException: Exceptions occurred during wrapup:
ptolemy.kernel.util.IllegalActionException: The fire() method of this actor was never called. Usually, this is an error indicating that starvation is occurring.
  in .SocketLong.Test
ptolemy.kernel.util.IllegalActionException: The fire() method of this actor was never called. Usually, this is an error indicating that starvation is occurring.
  in .SocketLong.Test2
ptolemy.kernel.util.IllegalActionException: The fire() method of this actor was never called. Usually, this is an error indicating that starvation is occurring.
  in .SocketLong.Test3

  in .SocketLong.DE Director
Because:
The fire() method of this actor was never called. Usually, this is an error indicating that starvation is occurring.
  in .SocketLong.Test
	at ptolemy.actor.Director.wrapup(Director.java:1736)
	at ptolemy.domains.de.kernel.DEDirector.wrapup(DEDirector.java:1526)
	at ptolemy.actor.CompositeActor.wrapup(CompositeActor.java:2735)
	at ptolemy.actor.Manager.wrapup(Manager.java:1512)
	at ptolemy.actor.Manager.execute(Manager.java:407)
	at ptolemy.actor.Manager.run(Manager.java:1263)
	at ptolemy.actor.Manager$PtolemyRunThread.run(Manager.java:1915)
Caused by: ptolemy.kernel.util.IllegalActionException: The fire() method of this actor was never called. Usually, this is an error indicating that starvation is occurring.
  in .SocketLong.Test
	at ptolemy.actor.lib.NonStrictTest.wrapup(NonStrictTest.java:393)
	at ptolemy.actor.Director.wrapup(Director.java:1722)
	... 6 more
java.lang.RuntimeException: Execution failed
	at ptolemy.moml.MoMLSimpleApplication$UnloadThread.run(MoMLSimpleApplication.java:402)
Caused by: ptolemy.kernel.util.IllegalActionException: Exceptions occurred during wrapup:
ptolemy.kernel.util.IllegalActionException: The fire() method of this actor was never called. Usually, this is an error indicating that starvation is occurring.
  in .SocketUnsignedInt.Test
ptolemy.kernel.util.IllegalActionException: The fire() method of this actor was never called. Usually, this is an error indicating that starvation is occurring.
  in .SocketUnsignedInt.Test2
ptolemy.kernel.util.IllegalActionException: The fire() method of this actor was never called. Usually, this is an error indicating that starvation is occurring.
  in .SocketUnsignedInt.Test3

  in .SocketUnsignedInt.DE Director
Because:
The fire() method of this actor was never called. Usually, this is an error indicating that starvation is occurring.
  in .SocketUnsignedInt.Test
	at ptolemy.actor.Director.wrapup(Director.java:1736)
	at ptolemy.domains.de.kernel.DEDirector.wrapup(DEDirector.java:1526)
	at ptolemy.actor.CompositeActor.wrapup(CompositeActor.java:2735)
	at ptolemy.actor.Manager.wrapup(Manager.java:1512)
	at ptolemy.actor.Manager.execute(Manager.java:407)
	at ptolemy.actor.Manager.run(Manager.java:1263)
	at ptolemy.actor.Manager$PtolemyRunThread.run(Manager.java:1915)
Caused by: ptolemy.kernel.util.IllegalActionException: The fire() method of this actor was never called. Usually, this is an error indicating that starvation is occurring.
  in .SocketUnsignedInt.Test
	at ptolemy.actor.lib.NonStrictTest.wrapup(NonStrictTest.java:393)
	at ptolemy.actor.Director.wrapup(Director.java:1722)
	... 6 more
java.lang.reflect.InvocationTargetException
	at sun.reflect.NativeConstructorAccessorImpl.newInstance0(Native Method)
	at sun.reflect.NativeConstructorAccessorImpl.newInstance(NativeConstructorAccessorImpl.java:62)
	at sun.reflect.DelegatingConstructorAccessorImpl.newInstance(DelegatingConstructorAccessorImpl.java:45)
	at java.lang.reflect.Constructor.newInstance(Constructor.java:423)
	at ptolemy.util.test.junit.AutoKnownFailedTests.RunModel(AutoKnownFailedTests.java:107)
	at sun.reflect.NativeMethodAccessorImpl.invoke0(Native Method)
	at sun.reflect.NativeMethodAccessorImpl.invoke(NativeMethodAccessorImpl.java:62)
	at sun.reflect.DelegatingMethodAccessorImpl.invoke(DelegatingMethodAccessorImpl.java:43)
	at java.lang.reflect.Method.invoke(Method.java:498)
	at org.junit.runners.model.FrameworkMethod$1.runReflectiveCall(FrameworkMethod.java:44)
	at org.junit.internal.runners.model.ReflectiveCallable.run(ReflectiveCallable.java:15)
	at org.junit.runners.model.FrameworkMethod.invokeExplosively(FrameworkMethod.java:41)
	at junitparams.internal.InvokeParameterisedMethod.evaluate(InvokeParameterisedMethod.java:102)
	at org.junit.internal.runners.statements.FailOnTimeout$1.run(FailOnTimeout.java:28)
Caused by: ptolemy.kernel.util.IllegalActionException: Exceptions occurred during wrapup:
ptolemy.kernel.util.IllegalActionException: The fire() method of this actor was never called. Usually, this is an error indicating that starvation is occurring.
  in .SocketUnsignedInt.Test
ptolemy.kernel.util.IllegalActionException: The fire() method of this actor was never called. Usually, this is an error indicating that starvation is occurring.
  in .SocketUnsignedInt.Test2
ptolemy.kernel.util.IllegalActionException: The fire() method of this actor was never called. Usually, this is an error indicating that starvation is occurring.
  in .SocketUnsignedInt.Test3

  in .SocketUnsignedInt.DE Director
Because:
The fire() method of this actor was never called. Usually, this is an error indicating that starvation is occurring.
  in .SocketUnsignedInt.Test
	at ptolemy.actor.Director.wrapup(Director.java:1736)
	at ptolemy.domains.de.kernel.DEDirector.wrapup(DEDirector.java:1526)
	at ptolemy.actor.CompositeActor.wrapup(CompositeActor.java:2735)
	at ptolemy.actor.Manager.wrapup(Manager.java:1512)
	at ptolemy.actor.Manager.execute(Manager.java:407)
	at ptolemy.actor.Manager.run(Manager.java:1263)
	at ptolemy.actor.Manager$PtolemyRunThread.run(Manager.java:1915)
Caused by: ptolemy.kernel.util.IllegalActionException: The fire() method of this actor was never called. Usually, this is an error indicating that starvation is occurring.
  in .SocketUnsignedInt.Test
	at ptolemy.actor.lib.NonStrictTest.wrapup(NonStrictTest.java:393)
	at ptolemy.actor.Director.wrapup(Director.java:1722)
	... 6 more
java.lang.RuntimeException: Execution failed
	at ptolemy.moml.MoMLSimpleApplication$UnloadThread.run(MoMLSimpleApplication.java:402)
Caused by: ptolemy.kernel.util.IllegalActionException: Exceptions occurred during wrapup:
ptolemy.kernel.util.IllegalActionException: The fire() method of this actor was never called. Usually, this is an error indicating that starvation is occurring.
  in .SocketByte.Test
ptolemy.kernel.util.IllegalActionException: The fire() method of this actor was never called. Usually, this is an error indicating that starvation is occurring.
  in .SocketByte.Test2
ptolemy.kernel.util.IllegalActionException: The fire() method of this actor was never called. Usually, this is an error indicating that starvation is occurring.
  in .SocketByte.Test3

  in .SocketByte.DE Director
Because:
The fire() method of this actor was never called. Usually, this is an error indicating that starvation is occurring.
  in .SocketByte.Test
	at ptolemy.actor.Director.wrapup(Director.java:1736)
	at ptolemy.domains.de.kernel.DEDirector.wrapup(DEDirector.java:1526)
	at ptolemy.actor.CompositeActor.wrapup(CompositeActor.java:2735)
	at ptolemy.actor.Manager.wrapup(Manager.java:1512)
	at ptolemy.actor.Manager.execute(Manager.java:407)
	at ptolemy.actor.Manager.run(Manager.java:1263)
	at ptolemy.actor.Manager$PtolemyRunThread.run(Manager.java:1915)
Caused by: ptolemy.kernel.util.IllegalActionException: The fire() method of this actor was never called. Usually, this is an error indicating that starvation is occurring.
  in .SocketByte.Test
	at ptolemy.actor.lib.NonStrictTest.wrapup(NonStrictTest.java:393)
	at ptolemy.actor.Director.wrapup(Director.java:1722)
	... 6 more
ptolemy.kernel.util.IllegalActionException: Failed to connect: 
Connection refused: localhost/127.0.0.1:4000
Connection refused
  in .SocketDouble.Client3
Because:
Connection refused: localhost/127.0.0.1:4000
	at ptolemy.actor.lib.jjs.HelperBase$2.run(HelperBase.java:213)
	at ptolemy.actor.lib.jjs.JavaScript.fire(JavaScript.java:1050)
	at ptolemy.domains.de.kernel.DEDirector._fire(DEDirector.java:1948)
	at ptolemy.domains.de.kernel.DEDirector.fire(DEDirector.java:502)
	at ptolemy.actor.CompositeActor.fire(CompositeActor.java:455)
	at ptolemy.actor.Manager.iterate(Manager.java:851)
	at ptolemy.actor.Manager.execute(Manager.java:369)
	at ptolemy.actor.Manager.run(Manager.java:1263)
	at ptolemy.actor.Manager$PtolemyRunThread.run(Manager.java:1915)
Caused by: io.netty.channel.AbstractChannel$AnnotatedConnectException: Connection refused: localhost/127.0.0.1:4000
	at sun.nio.ch.SocketChannelImpl.checkConnect(Native Method)
	at sun.nio.ch.SocketChannelImpl.finishConnect(SocketChannelImpl.java:717)
	at io.netty.channel.socket.nio.NioSocketChannel.doFinishConnect(NioSocketChannel.java:325)
	at io.netty.channel.nio.AbstractNioChannel$AbstractNioUnsafe.finishConnect(AbstractNioChannel.java:340)
	at io.netty.channel.nio.NioEventLoop.processSelectedKey(NioEventLoop.java:633)
	at io.netty.channel.nio.NioEventLoop.processSelectedKeysOptimized(NioEventLoop.java:580)
	at io.netty.channel.nio.NioEventLoop.processSelectedKeys(NioEventLoop.java:497)
	at io.netty.channel.nio.NioEventLoop.run(NioEventLoop.java:459)
	at io.netty.util.concurrent.SingleThreadEventExecutor$5.run(SingleThreadEventExecutor.java:886)
	at io.netty.util.concurrent.FastThreadLocalRunnable.run(FastThreadLocalRunnable.java:30)
	at java.lang.Thread.run(Thread.java:748)
Caused by: java.net.ConnectException: Connection refused
	... 11 more
Caused by: io.netty.channel.AbstractChannel$AnnotatedConnectException: Connection refused: localhost/127.0.0.1:4000
	at sun.nio.ch.SocketChannelImpl.checkConnect(Native Method)
	at sun.nio.ch.SocketChannelImpl.finishConnect(SocketChannelImpl.java:717)
	at io.netty.channel.socket.nio.NioSocketChannel.doFinishConnect(NioSocketChannel.java:325)
	at io.netty.channel.nio.AbstractNioChannel$AbstractNioUnsafe.finishConnect(AbstractNioChannel.java:340)
	at io.netty.channel.nio.NioEventLoop.processSelectedKey(NioEventLoop.java:633)
	at io.netty.channel.nio.NioEventLoop.processSelectedKeysOptimized(NioEventLoop.java:580)
	at io.netty.channel.nio.NioEventLoop.processSelectedKeys(NioEventLoop.java:497)
	at io.netty.channel.nio.NioEventLoop.run(NioEventLoop.java:459)
	at io.netty.util.concurrent.SingleThreadEventExecutor$5.run(SingleThreadEventExecutor.java:886)
	at io.netty.util.concurrent.FastThreadLocalRunnable.run(FastThreadLocalRunnable.java:30)
	at java.lang.Thread.run(Thread.java:748)
Caused by: java.net.ConnectException: Connection refused
	... 11 more
java.lang.RuntimeException: Execution failed
	at ptolemy.moml.MoMLSimpleApplication$UnloadThread.run(MoMLSimpleApplication.java:402)
Caused by: java.lang.RuntimeException: ptolemy.kernel.util.IllegalActionException: Failed to connect: 
Connection refused: localhost/127.0.0.1:4000
Connection refused
  in .SocketDouble.Client3
Because:
Connection refused: localhost/127.0.0.1:4000
	at ptolemy.util.MessageHandler.error(MessageHandler.java:115)
	at ptolemy.actor.lib.jjs.JavaScript.error(JavaScript.java:857)
	at ptolemy.actor.lib.jjs.HelperBase$2.run(HelperBase.java:213)
	at ptolemy.actor.lib.jjs.JavaScript.fire(JavaScript.java:1050)
	at ptolemy.domains.de.kernel.DEDirector._fire(DEDirector.java:1948)
	at ptolemy.domains.de.kernel.DEDirector.fire(DEDirector.java:502)
	at ptolemy.actor.CompositeActor.fire(CompositeActor.java:455)
	at ptolemy.actor.Manager.iterate(Manager.java:851)
	at ptolemy.actor.Manager.execute(Manager.java:369)
	at ptolemy.actor.Manager.run(Manager.java:1263)
	at ptolemy.actor.Manager$PtolemyRunThread.run(Manager.java:1915)
Caused by: ptolemy.kernel.util.IllegalActionException: Failed to connect: 
Connection refused: localhost/127.0.0.1:4000
Connection refused
  in .SocketDouble.Client3
Because:
Connection refused: localhost/127.0.0.1:4000
	... 9 more
Caused by: io.netty.channel.AbstractChannel$AnnotatedConnectException: Connection refused: localhost/127.0.0.1:4000
	at sun.nio.ch.SocketChannelImpl.checkConnect(Native Method)
	at sun.nio.ch.SocketChannelImpl.finishConnect(SocketChannelImpl.java:717)
	at io.netty.channel.socket.nio.NioSocketChannel.doFinishConnect(NioSocketChannel.java:325)
	at io.netty.channel.nio.AbstractNioChannel$AbstractNioUnsafe.finishConnect(AbstractNioChannel.java:340)
	at io.netty.channel.nio.NioEventLoop.processSelectedKey(NioEventLoop.java:633)
	at io.netty.channel.nio.NioEventLoop.processSelectedKeysOptimized(NioEventLoop.java:580)
	at io.netty.channel.nio.NioEventLoop.processSelectedKeys(NioEventLoop.java:497)
	at io.netty.channel.nio.NioEventLoop.run(NioEventLoop.java:459)
	at io.netty.util.concurrent.SingleThreadEventExecutor$5.run(SingleThreadEventExecutor.java:886)
	at io.netty.util.concurrent.FastThreadLocalRunnable.run(FastThreadLocalRunnable.java:30)
	at java.lang.Thread.run(Thread.java:748)
Caused by: java.net.ConnectException: Connection refused
	... 11 more
[Thread-55] INFO com.github.sarxos.webcam.Webcam - WebcamDefaultDriver capture driver will be used
[atomic-processor-1] INFO com.github.sarxos.webcam.ds.cgt.WebcamOpenTask - Opening webcam Dummy Webcam 0
[atomic-processor-1] INFO com.github.sarxos.webcam.ds.cgt.WebcamCloseTask - Closing Dummy Webcam 0
[atomic-processor-1] INFO com.github.sarxos.webcam.ds.cgt.WebcamOpenTask - Opening webcam Dummy Webcam 0
[atomic-processor-1] INFO com.github.sarxos.webcam.ds.cgt.WebcamCloseTask - Closing Dummy Webcam 0
[atomic-processor-1] INFO com.github.sarxos.webcam.ds.cgt.WebcamOpenTask - Opening webcam Dummy Webcam 0
[atomic-processor-1] INFO com.github.sarxos.webcam.ds.cgt.WebcamCloseTask - Closing Dummy Webcam 0
[atomic-processor-1] INFO com.github.sarxos.webcam.ds.cgt.WebcamOpenTask - Opening webcam Dummy Webcam 0
[atomic-processor-1] INFO com.github.sarxos.webcam.ds.cgt.WebcamCloseTask - Closing Dummy Webcam 0
[atomic-processor-1] INFO com.github.sarxos.webcam.ds.cgt.WebcamOpenTask - Opening webcam Dummy Webcam 0
[atomic-processor-1] INFO com.github.sarxos.webcam.ds.cgt.WebcamCloseTask - Closing Dummy Webcam 0
[atomic-processor-1] INFO com.github.sarxos.webcam.ds.cgt.WebcamOpenTask - Opening webcam Dummy Webcam 0
[atomic-processor-1] INFO com.github.sarxos.webcam.ds.cgt.WebcamCloseTask - Closing Dummy Webcam 0
ptolemy.kernel.util.IllegalActionException: Failed to connect: 
Connection refused: localhost/127.0.0.1:4000
Connection refused
  in .SocketUnsignedShort.Client
Because:
Connection refused: localhost/127.0.0.1:4000
	at ptolemy.actor.lib.jjs.HelperBase$2.run(HelperBase.java:213)
	at ptolemy.actor.lib.jjs.JavaScript.fire(JavaScript.java:1050)
	at ptolemy.domains.de.kernel.DEDirector._fire(DEDirector.java:1948)
	at ptolemy.domains.de.kernel.DEDirector.fire(DEDirector.java:502)
	at ptolemy.actor.CompositeActor.fire(CompositeActor.java:455)
	at ptolemy.actor.Manager.iterate(Manager.java:851)
	at ptolemy.actor.Manager.execute(Manager.java:369)
	at ptolemy.actor.Manager.run(Manager.java:1263)
	at ptolemy.actor.Manager$PtolemyRunThread.run(Manager.java:1915)
Caused by: io.netty.channel.AbstractChannel$AnnotatedConnectException: Connection refused: localhost/127.0.0.1:4000
	at sun.nio.ch.SocketChannelImpl.checkConnect(Native Method)
	at sun.nio.ch.SocketChannelImpl.finishConnect(SocketChannelImpl.java:717)
	at io.netty.channel.socket.nio.NioSocketChannel.doFinishConnect(NioSocketChannel.java:325)
	at io.netty.channel.nio.AbstractNioChannel$AbstractNioUnsafe.finishConnect(AbstractNioChannel.java:340)
	at io.netty.channel.nio.NioEventLoop.processSelectedKey(NioEventLoop.java:633)
	at io.netty.channel.nio.NioEventLoop.processSelectedKeysOptimized(NioEventLoop.java:580)
	at io.netty.channel.nio.NioEventLoop.processSelectedKeys(NioEventLoop.java:497)
	at io.netty.channel.nio.NioEventLoop.run(NioEventLoop.java:459)
	at io.netty.util.concurrent.SingleThreadEventExecutor$5.run(SingleThreadEventExecutor.java:886)
	at io.netty.util.concurrent.FastThreadLocalRunnable.run(FastThreadLocalRunnable.java:30)
	at java.lang.Thread.run(Thread.java:748)
Caused by: java.net.ConnectException: Connection refused
	... 11 more
Caused by: io.netty.channel.AbstractChannel$AnnotatedConnectException: Connection refused: localhost/127.0.0.1:4000
	at sun.nio.ch.SocketChannelImpl.checkConnect(Native Method)
	at sun.nio.ch.SocketChannelImpl.finishConnect(SocketChannelImpl.java:717)
	at io.netty.channel.socket.nio.NioSocketChannel.doFinishConnect(NioSocketChannel.java:325)
	at io.netty.channel.nio.AbstractNioChannel$AbstractNioUnsafe.finishConnect(AbstractNioChannel.java:340)
	at io.netty.channel.nio.NioEventLoop.processSelectedKey(NioEventLoop.java:633)
	at io.netty.channel.nio.NioEventLoop.processSelectedKeysOptimized(NioEventLoop.java:580)
	at io.netty.channel.nio.NioEventLoop.processSelectedKeys(NioEventLoop.java:497)
	at io.netty.channel.nio.NioEventLoop.run(NioEventLoop.java:459)
	at io.netty.util.concurrent.SingleThreadEventExecutor$5.run(SingleThreadEventExecutor.java:886)
	at io.netty.util.concurrent.FastThreadLocalRunnable.run(FastThreadLocalRunnable.java:30)
	at java.lang.Thread.run(Thread.java:748)
Caused by: java.net.ConnectException: Connection refused
	... 11 more
java.lang.RuntimeException: Execution failed
	at ptolemy.moml.MoMLSimpleApplication$UnloadThread.run(MoMLSimpleApplication.java:402)
Caused by: java.lang.RuntimeException: ptolemy.kernel.util.IllegalActionException: Failed to connect: 
Connection refused: localhost/127.0.0.1:4000
Connection refused
  in .SocketUnsignedShort.Client
Because:
Connection refused: localhost/127.0.0.1:4000
	at ptolemy.util.MessageHandler.error(MessageHandler.java:115)
	at ptolemy.actor.lib.jjs.JavaScript.error(JavaScript.java:857)
	at ptolemy.actor.lib.jjs.HelperBase$2.run(HelperBase.java:213)
	at ptolemy.actor.lib.jjs.JavaScript.fire(JavaScript.java:1050)
	at ptolemy.domains.de.kernel.DEDirector._fire(DEDirector.java:1948)
	at ptolemy.domains.de.kernel.DEDirector.fire(DEDirector.java:502)
	at ptolemy.actor.CompositeActor.fire(CompositeActor.java:455)
	at ptolemy.actor.Manager.iterate(Manager.java:851)
	at ptolemy.actor.Manager.execute(Manager.java:369)
	at ptolemy.actor.Manager.run(Manager.java:1263)
	at ptolemy.actor.Manager$PtolemyRunThread.run(Manager.java:1915)
Caused by: ptolemy.kernel.util.IllegalActionException: Failed to connect: 
Connection refused: localhost/127.0.0.1:4000
Connection refused
  in .SocketUnsignedShort.Client
Because:
Connection refused: localhost/127.0.0.1:4000
	... 9 more
Caused by: io.netty.channel.AbstractChannel$AnnotatedConnectException: Connection refused: localhost/127.0.0.1:4000
	at sun.nio.ch.SocketChannelImpl.checkConnect(Native Method)
	at sun.nio.ch.SocketChannelImpl.finishConnect(SocketChannelImpl.java:717)
	at io.netty.channel.socket.nio.NioSocketChannel.doFinishConnect(NioSocketChannel.java:325)
	at io.netty.channel.nio.AbstractNioChannel$AbstractNioUnsafe.finishConnect(AbstractNioChannel.java:340)
	at io.netty.channel.nio.NioEventLoop.processSelectedKey(NioEventLoop.java:633)
	at io.netty.channel.nio.NioEventLoop.processSelectedKeysOptimized(NioEventLoop.java:580)
	at io.netty.channel.nio.NioEventLoop.processSelectedKeys(NioEventLoop.java:497)
	at io.netty.channel.nio.NioEventLoop.run(NioEventLoop.java:459)
	at io.netty.util.concurrent.SingleThreadEventExecutor$5.run(SingleThreadEventExecutor.java:886)
	at io.netty.util.concurrent.FastThreadLocalRunnable.run(FastThreadLocalRunnable.java:30)
	at java.lang.Thread.run(Thread.java:748)
Caused by: java.net.ConnectException: Connection refused
	... 11 more
java.lang.RuntimeException: Execution failed
	at ptolemy.moml.MoMLSimpleApplication$UnloadThread.run(MoMLSimpleApplication.java:402)
Caused by: ptolemy.kernel.util.IllegalActionException: Exceptions occurred during wrapup:
ptolemy.kernel.util.IllegalActionException: Failure executing the wrapup function: Error: TrainableTest3: The input handler of this accessor was never invoked. Usually, this is an error indicating that starvation is occurring. in <function> at line number 393 at column number 16
  in .TCPSocketSecureServerClient.TrainableTest3
Because:
Error: TrainableTest3: The input handler of this accessor was never invoked. Usually, this is an error indicating that starvation is occurring. in <function> at line number 393 at column number 16
ptolemy.kernel.util.IllegalActionException: Failure executing the wrapup function: Error: TrainableTest4: The input handler of this accessor was never invoked. Usually, this is an error indicating that starvation is occurring. in <function> at line number 393 at column number 16
  in .TCPSocketSecureServerClient.TrainableTest4
Because:
Error: TrainableTest4: The input handler of this accessor was never invoked. Usually, this is an error indicating that starvation is occurring. in <function> at line number 393 at column number 16

  in .TCPSocketSecureServerClient.DE Director
Because:
Failure executing the wrapup function: Error: TrainableTest3: The input handler of this accessor was never invoked. Usually, this is an error indicating that starvation is occurring. in <function> at line number 393 at column number 16
  in .TCPSocketSecureServerClient.TrainableTest3
Because:
Error: TrainableTest3: The input handler of this accessor was never invoked. Usually, this is an error indicating that starvation is occurring. in <function> at line number 393 at column number 16
	at ptolemy.actor.Director.wrapup(Director.java:1736)
	at ptolemy.domains.de.kernel.DEDirector.wrapup(DEDirector.java:1526)
	at ptolemy.actor.CompositeActor.wrapup(CompositeActor.java:2735)
	at ptolemy.actor.Manager.wrapup(Manager.java:1512)
	at ptolemy.actor.Manager.execute(Manager.java:407)
	at ptolemy.actor.Manager.run(Manager.java:1263)
	at ptolemy.actor.Manager$PtolemyRunThread.run(Manager.java:1915)
Caused by: ptolemy.kernel.util.IllegalActionException: Failure executing the wrapup function: Error: TrainableTest3: The input handler of this accessor was never invoked. Usually, this is an error indicating that starvation is occurring. in <function> at line number 393 at column number 16
  in .TCPSocketSecureServerClient.TrainableTest3
Because:
Error: TrainableTest3: The input handler of this accessor was never invoked. Usually, this is an error indicating that starvation is occurring. in <function> at line number 393 at column number 16
	at ptolemy.actor.lib.jjs.JavaScript._invokeMethodInContext(JavaScript.java:2216)
	at ptolemy.actor.lib.jjs.JavaScript.wrapup(JavaScript.java:2111)
	at ptolemy.actor.Director.wrapup(Director.java:1722)
	... 6 more
Caused by: javax.script.ScriptException: Error: TrainableTest3: The input handler of this accessor was never invoked. Usually, this is an error indicating that starvation is occurring. in <function> at line number 393 at column number 16
	at jdk.nashorn.api.scripting.NashornScriptEngine.throwAsScriptException(NashornScriptEngine.java:470)
	at jdk.nashorn.api.scripting.NashornScriptEngine.invokeImpl(NashornScriptEngine.java:392)
	at jdk.nashorn.api.scripting.NashornScriptEngine.invokeMethod(NashornScriptEngine.java:199)
	at ptolemy.actor.lib.jjs.JavaScript._invokeMethodInContext(JavaScript.java:2193)
	... 8 more
Caused by: <function>:393:16 Error: TrainableTest3: The input handler of this accessor was never invoked. Usually, this is an error indicating that starvation is occurring.
	at jdk.nashorn.internal.objects.NativeError.initException(NativeError.java:137)
	at jdk.nashorn.internal.objects.NativeError.<init>(NativeError.java:102)
	at jdk.nashorn.internal.objects.NativeError.<init>(NativeError.java:106)
	at jdk.nashorn.internal.objects.NativeError.<init>(NativeError.java:110)
	at jdk.nashorn.internal.objects.NativeError.constructor(NativeError.java:129)
	at jdk.nashorn.internal.scripts.Script$Recompilation$58568$18508$\^function\_.L:1#wrapup(<function>:393)
	at jdk.nashorn.internal.scripts.Script$Recompilation$58566$30328$require.L:1#Accessor#wrapup(/home/travis/build/icyphy/ptII/ptolemy/actor/lib/jjs/external/require.js#401:30<eval>:673)
	at jdk.nashorn.internal.runtime.ScriptFunctionData.invoke(ScriptFunctionData.java:637)
	at jdk.nashorn.internal.runtime.ScriptFunction.invoke(ScriptFunction.java:494)
	at jdk.nashorn.internal.runtime.ScriptRuntime.apply(ScriptRuntime.java:393)
	at jdk.nashorn.api.scripting.ScriptObjectMirror.callMember(ScriptObjectMirror.java:199)
	at jdk.nashorn.api.scripting.NashornScriptEngine.invokeImpl(NashornScriptEngine.java:386)
	... 10 more
WARNING: JavaScriptDiscreteClock: Model stopped before executing actions (e.g. producing outputs) scheduled for execution at times [5.098, 4.098]
WARNING: JavaScriptDiscreteClock: Model stopped before executing actions (e.g. producing outputs) scheduled for execution at times [4.107, 5.107]
]]></system-err>
</testsuite>
