<?xml version="1.0" encoding="UTF-8" ?>
<testsuite errors="0" failures="0" hostname="travis-job-860c4211-db71-4f5f-a0c5-a2cb301f5fed" name="ptolemy.actor.lib.security.test.junit.JUnitTclTest" skipped="0" tests="9" time="6.811" timestamp="2018-04-29T18:05:08">
  <properties>
[...]
</properties>
  <testcase classname="ptolemy.util.test.junit.TclTests" name="[0] /home/travis/build/icyphy/ptII/ptolemy/actor/lib/security/test/KeyReader.tcl (RunTclFile)" time="2.588" />
  <testcase classname="ptolemy.util.test.junit.TclTests" name="[1] /home/travis/build/icyphy/ptII/ptolemy/actor/lib/security/test/KeyToken.tcl (RunTclFile)" time="0.04" />
  <testcase classname="ptolemy.util.test.junit.TclTests" name="[2] /home/travis/build/icyphy/ptII/ptolemy/actor/lib/security/test/info.tcl (RunTclFile)" time="0.0" />
  <testcase classname="ptolemy.util.test.junit.AutoKnownFailedTests" name="[0] ThereAreNoKnowFailedTests (RunModel)" time="0.001" />
  <testcase classname="ptolemy.util.test.junit.AutoNameArchTests" name="[0] ThereAreNoAutoTests (RunModel)" time="0.004" />
  <testcase classname="ptolemy.util.test.junit.AutoTests" name="[0] /home/travis/build/icyphy/ptII/ptolemy/actor/lib/security/test/auto/KeyReader.xml (RunModel)" time="1.876" />
  <testcase classname="ptolemy.util.test.junit.AutoTests" name="[1] /home/travis/build/icyphy/ptII/ptolemy/actor/lib/security/test/auto/KeyWriter.xml (RunModel)" time="0.142" />
  <testcase classname="ptolemy.util.test.junit.AutoTests" name="[2] /home/travis/build/icyphy/ptII/ptolemy/actor/lib/security/test/auto/Signature.xml (RunModel)" time="0.991" />
  <testcase classname="ptolemy.util.test.junit.AutoTests" name="[3] /home/travis/build/icyphy/ptII/ptolemy/actor/lib/security/test/auto/Symmetric.xml (RunModel)" time="0.837" />
  <system-out><![CDATA[/home/travis/build/icyphy/ptII/ptolemy/actor/lib/security/test/KeyReader.tcl
testDefs.tcl: setting time out to 9000 seconds at Sun Apr 29 18:05:08 UTC 2018
Creating keystore foo.keystore
Keystore Command: /usr/lib/jvm/java-8-oracle/jre/bin/keytool -genkey -dname "CN=ClaudiusPtolemaus, OU=YourProject, O=YourUniversity, L=YourTown, ST=YourState, C=US" -keystore foo.keystore -storetype JCEKS -alias $aliasName -storepass "this.is.the.storePassword,change.it" -keypass "this.is.the.keyPassword,change.it"
Keystore Command: /usr/lib/jvm/java-8-oracle/jre/bin/keytool -selfcert -keystore foo.keystore -storetype JCEKS -alias $aliasName -storepass "this.is.the.storePassword,change.it" -keypass "this.is.the.keyPassword,change.it"
Keystore Command: /usr/lib/jvm/java-8-oracle/jre/bin/keytool -list -v -keystore foo.keystore -storetype JCEKS -alias $aliasName -storepass "this.is.the.storePassword,change.it" -keypass "this.is.the.keyPassword,change.it"
Alias name: $aliasName
Creation date: Apr 29, 2018
Entry type: PrivateKeyEntry
Certificate chain length: 1
Certificate[1]:
Owner: CN=ClaudiusPtolemaus, OU=YourProject, O=YourUniversity, L=YourTown, ST=YourState, C=US
Issuer: CN=ClaudiusPtolemaus, OU=YourProject, O=YourUniversity, L=YourTown, ST=YourState, C=US
Serial number: 2d8dacd0
Valid from: Sun Apr 29 18:05:10 UTC 2018 until: Sat Jul 28 18:05:10 UTC 2018
Certificate fingerprints:
	 MD5:  00:B4:88:E5:08:81:9D:C3:8B:B6:B7:C7:AE:80:B3:69
	 SHA1: 65:83:9C:1A:11:BF:B2:E6:B6:81:DD:15:11:B0:31:4C:B2:D8:0B:91
	 SHA256: 92:32:DF:D3:15:D1:C1:C1:0E:18:EC:35:0E:3A:EC:CF:01:F0:E0:DC:F1:2B:DC:D4:DA:76:6D:EC:B0:C4:31:C5
Signature algorithm name: SHA256withDSA
Subject Public Key Algorithm: 2048-bit DSA key
Version: 3

Extensions: 

#1: ObjectId: 2.5.29.14 Criticality=false
SubjectKeyIdentifier [
KeyIdentifier [
0000: FA 9A 02 59 54 EE 81 99   7A 50 4D 65 71 1E C2 48  ...YT...zPMeq..H
0010: 17 08 D6 89                                        ....
]
]

2072 ms. Memory: 146944K Free: 128885K (88%)
/home/travis/build/icyphy/ptII/ptolemy/actor/lib/security/test/KeyToken.tcl
Available Ciphers: PBEWITHHMACSHA384ANDAES_128 AES_256/GCM/NOPADDING AES_192/GCM/NOPADDING PBEWITHHMACSHA512ANDAES_128 AES_256/CBC/NOPADDING AES_256/ECB/NOPADDING PBEWITHHMACSHA224ANDAES_256 AES_128/CBC/NOPADDING AESWRAP_192 AESWRAP PBEWITHMD5ANDDES AES_192/CBC/NOPADDING PBEWITHHMACSHA256ANDAES_256 PBEWITHHMACSHA1ANDAES_128 PBEWITHSHA1ANDRC4_128 AES_192/OFB/NOPADDING AES_128/ECB/NOPADDING DESEDEWRAP AESWRAP_256 RC2 PBEWITHSHA1ANDRC4_40 RSA AESWRAP_128 PBEWITHHMACSHA512ANDAES_256 AES_192/CFB/NOPADDING DESEDE AES_128/CFB/NOPADDING AES_192/ECB/NOPADDING BLOWFISH ARCFOUR AES_256/CFB/NOPADDING AES AES_128/OFB/NOPADDING AES_128/GCM/NOPADDING DES PBEWITHHMACSHA256ANDAES_128 PBEWITHSHA1ANDDESEDE PBEWITHSHA1ANDRC2_40 PBEWITHHMACSHA384ANDAES_256 AES_256/OFB/NOPADDING PBEWITHSHA1ANDRC2_128 PBEWITHMD5ANDTRIPLEDES PBEWITHHMACSHA1ANDAES_256 PBEWITHHMACSHA224ANDAES_128
Using BLOWFISH
/home/travis/build/icyphy/ptII/ptolemy/actor/lib/security/test/info.tcl
04/29/18 06:05:11
Failed: 0  Total Tests: 15  ((Passed: 15, Newly Passed: 0)  Known Failed: 0) /home/travis/build/icyphy/ptII/ptolemy/actor/lib/security/test
No auto/knownFailedTests/*.xml tests in /home/travis/build/icyphy/ptII/ptolemy/actor/lib/security/test
No auto/*.xml tests in /home/travis/build/icyphy/ptII/ptolemy/actor/lib/security/test
AutoTests.java: About to close Vertx.
AutoTests.java: Vertx closed.
----------------- testing Sun Apr 29 18:05:11 UTC 2018 /home/travis/build/icyphy/ptII/ptolemy/actor/lib/security/test/auto/KeyReader.xml
Creating keystore foo.keystore
Keystore Command: /usr/lib/jvm/java-8-oracle/jre/bin/keytool -genkey -dname "CN=ClaudiusPtolemaus, OU=YourProject, O=YourUniversity, L=YourTown, ST=YourState, C=US" -keystore foo.keystore -storetype JCEKS -alias $aliasName -storepass "this.is.the.storePassword,change.it" -keypass "this.is.the.keyPassword,change.it"
keytool error: java.lang.Exception: Key pair not generated, alias <$aliasName> already exists
Keystore Command: /usr/lib/jvm/java-8-oracle/jre/bin/keytool -selfcert -keystore foo.keystore -storetype JCEKS -alias $aliasName -storepass "this.is.the.storePassword,change.it" -keypass "this.is.the.keyPassword,change.it"
keytool error: java.lang.ClassCastException: javax.crypto.spec.SecretKeySpec cannot be cast to java.security.PrivateKey
Keystore Command: /usr/lib/jvm/java-8-oracle/jre/bin/keytool -list -v -keystore foo.keystore -storetype JCEKS -alias $aliasName -storepass "this.is.the.storePassword,change.it" -keypass "this.is.the.keyPassword,change.it"
Alias name: $aliasName
Creation date: Apr 29, 2018
Entry type: SecretKeyEntry
1799 ms. Memory: 146944K Free: 120389K (82%)
reloadAllAccessors: .KeyReader
----------------- testing Sun Apr 29 18:05:13 UTC 2018 /home/travis/build/icyphy/ptII/ptolemy/actor/lib/security/test/auto/KeyWriter.xml
122 ms. Memory: 146944K Free: 103205K (70%)
reloadAllAccessors: .KeyWriter
----------------- testing Sun Apr 29 18:05:13 UTC 2018 /home/travis/build/icyphy/ptII/ptolemy/actor/lib/security/test/auto/Signature.xml
Creating keystore /home/travis/build/icyphy/ptII/ptKeystore
Keystore Command: /usr/lib/jvm/java-8-oracle/jre/bin/keytool -genkey -dname "CN=ClaudiusPtolemaus, OU=YourProject, O=YourUniversity, L=YourTown, ST=YourState, C=US" -keystore /home/travis/build/icyphy/ptII/ptKeystore -storetype jks -alias ptolemy -storepass "this.is.the.storePassword,change.it" -keypass "this.is.the.keyPassword,change.it"
Keystore Command: /usr/lib/jvm/java-8-oracle/jre/bin/keytool -selfcert -keystore /home/travis/build/icyphy/ptII/ptKeystore -storetype jks -alias ptolemy -storepass "this.is.the.storePassword,change.it" -keypass "this.is.the.keyPassword,change.it"
Keystore Command: /usr/lib/jvm/java-8-oracle/jre/bin/keytool -list -v -keystore /home/travis/build/icyphy/ptII/ptKeystore -storetype jks -alias ptolemy -storepass "this.is.the.storePassword,change.it" -keypass "this.is.the.keyPassword,change.it"
Alias name: ptolemy
Creation date: Apr 29, 2018
Entry type: PrivateKeyEntry
Certificate chain length: 1
Certificate[1]:
Owner: CN=ClaudiusPtolemaus, OU=YourProject, O=YourUniversity, L=YourTown, ST=YourState, C=US
Issuer: CN=ClaudiusPtolemaus, OU=YourProject, O=YourUniversity, L=YourTown, ST=YourState, C=US
Serial number: 2ecfd3ff
Valid from: Sun Apr 29 18:05:14 UTC 2018 until: Sat Jul 28 18:05:14 UTC 2018
Certificate fingerprints:
	 MD5:  DE:C1:DC:16:A9:08:0C:77:FD:5E:66:72:E2:9A:90:F0
	 SHA1: B5:DC:D4:E8:68:82:E8:41:04:BF:5C:0D:39:51:66:C0:A5:CA:17:49
	 SHA256: C8:5C:62:99:81:CA:EA:90:D6:AF:D4:EA:CE:54:4B:A5:4A:9A:7B:9B:60:7E:1B:EA:BD:5E:D1:A9:62:01:8D:A2
Signature algorithm name: SHA256withDSA
Subject Public Key Algorithm: 2048-bit DSA key
Version: 3

Extensions: 

#1: ObjectId: 2.5.29.14 Criticality=false
SubjectKeyIdentifier [
KeyIdentifier [
0000: 4C 7D 52 EF 7B 31 4A AF   70 75 76 66 E3 0D D6 C8  L.R..1J.puvf....
0010: 82 EF A4 C8                                        ....
]
]

891 ms. Memory: 146944K Free: 88904K (61%)
reloadAllAccessors: .Signature
----------------- testing Sun Apr 29 18:05:14 UTC 2018 /home/travis/build/icyphy/ptII/ptolemy/actor/lib/security/test/auto/Symmetric.xml
784 ms. Memory: 145408K Free: 125399K (86%)
reloadAllAccessors: .Symmetric
AutoTests.java: About to close Vertx.
AutoTests.java: Vertx closed.
]]></system-out>
  <system-err><![CDATA[
Warning:
The JCEKS keystore uses a proprietary format. It is recommended to migrate to PKCS12 which is an industry standard format using "keytool -importkeystore -srckeystore foo.keystore -destkeystore foo.keystore -deststoretype pkcs12".

Warning:
The JKS keystore uses a proprietary format. It is recommended to migrate to PKCS12 which is an industry standard format using "keytool -importkeystore -srckeystore /home/travis/build/icyphy/ptII/ptKeystore -destkeystore /home/travis/build/icyphy/ptII/ptKeystore -deststoretype pkcs12".

Warning:
The JKS keystore uses a proprietary format. It is recommended to migrate to PKCS12 which is an industry standard format using "keytool -importkeystore -srckeystore /home/travis/build/icyphy/ptII/ptKeystore -destkeystore /home/travis/build/icyphy/ptII/ptKeystore -deststoretype pkcs12".

Warning:
The JKS keystore uses a proprietary format. It is recommended to migrate to PKCS12 which is an industry standard format using "keytool -importkeystore -srckeystore /home/travis/build/icyphy/ptII/ptKeystore -destkeystore /home/travis/build/icyphy/ptII/ptKeystore -deststoretype pkcs12".
]]></system-err>
</testsuite>
