<?xml version="1.0" encoding="UTF-8" ?>
<testsuite errors="0" failures="0" hostname="travis-job-b8c19330-a3b1-463d-b628-d65b069a161c" name="ptolemy.domains.sdf.test.junit.JUnitTclTest" skipped="0" tests="66" time="20.616" timestamp="2018-05-04T01:06:25">
  <properties>
[...]
</properties>
  <testcase classname="ptolemy.util.test.junit.TclTests" name="[0] /home/travis/build/icyphy/ptII/ptolemy/domains/sdf/test/SDFSchedulerErrors.tcl (RunTclFile)" time="0.636" />
  <testcase classname="ptolemy.util.test.junit.TclTests" name="[1] /home/travis/build/icyphy/ptII/ptolemy/domains/sdf/test/composition.tcl (RunTclFile)" time="0.154" />
  <testcase classname="ptolemy.util.test.junit.TclTests" name="[2] /home/travis/build/icyphy/ptII/ptolemy/domains/sdf/test/cycle.tcl (RunTclFile)" time="0.061" />
  <testcase classname="ptolemy.util.test.junit.AutoKnownFailedTests" name="[0] ThereAreNoKnowFailedTests (RunModel)" time="0.0" />
  <testcase classname="ptolemy.util.test.junit.AutoNameArchTests" name="[0] ThereAreNoAutoTests (RunModel)" time="0.007" />
  <testcase classname="ptolemy.util.test.junit.AutoTests" name="[0] /home/travis/build/icyphy/ptII/ptolemy/domains/sdf/test/auto/Array.xml (RunModel)" time="0.293" />
  <testcase classname="ptolemy.util.test.junit.AutoTests" name="[1] /home/travis/build/icyphy/ptII/ptolemy/domains/sdf/test/auto/Butterfly.xml (RunModel)" time="0.18" />
  <testcase classname="ptolemy.util.test.junit.AutoTests" name="[2] /home/travis/build/icyphy/ptII/ptolemy/domains/sdf/test/auto/Expression.xml (RunModel)" time="0.133" />
  <testcase classname="ptolemy.util.test.junit.AutoTests" name="[3] /home/travis/build/icyphy/ptII/ptolemy/domains/sdf/test/auto/Eye.xml (RunModel)" time="0.371" />
  <testcase classname="ptolemy.util.test.junit.AutoTests" name="[4] /home/travis/build/icyphy/ptII/ptolemy/domains/sdf/test/auto/FixFIR.xml (RunModel)" time="0.362" />
  <testcase classname="ptolemy.util.test.junit.AutoTests" name="[5] /home/travis/build/icyphy/ptII/ptolemy/domains/sdf/test/auto/FixPoint.xml (RunModel)" time="0.042" />
  <testcase classname="ptolemy.util.test.junit.AutoTests" name="[6] /home/travis/build/icyphy/ptII/ptolemy/domains/sdf/test/auto/Gravitation.xml (RunModel)" time="3.233" />
  <testcase classname="ptolemy.util.test.junit.AutoTests" name="[7] /home/travis/build/icyphy/ptII/ptolemy/domains/sdf/test/auto/GravitationWithCollisionDetection.xml (RunModel)" time="6.561" />
  <testcase classname="ptolemy.util.test.junit.AutoTests" name="[8] /home/travis/build/icyphy/ptII/ptolemy/domains/sdf/test/auto/HDF.xml (RunModel)" time="0.121" />
  <testcase classname="ptolemy.util.test.junit.AutoTests" name="[9] /home/travis/build/icyphy/ptII/ptolemy/domains/sdf/test/auto/HDFwithTransientStates.xml (RunModel)" time="0.113" />
  <testcase classname="ptolemy.util.test.junit.AutoTests" name="[10] /home/travis/build/icyphy/ptII/ptolemy/domains/sdf/test/auto/HTVQ.xml (RunModel)" time="0.934" />
  <testcase classname="ptolemy.util.test.junit.AutoTests" name="[11] /home/travis/build/icyphy/ptII/ptolemy/domains/sdf/test/auto/InferInitProduction.xml (RunModel)" time="0.028" />
  <testcase classname="ptolemy.util.test.junit.AutoTests" name="[12] /home/travis/build/icyphy/ptII/ptolemy/domains/sdf/test/auto/InferInitProductionDeeper.xml (RunModel)" time="0.033" />
  <testcase classname="ptolemy.util.test.junit.AutoTests" name="[13] /home/travis/build/icyphy/ptII/ptolemy/domains/sdf/test/auto/LMSAdaptive.xml (RunModel)" time="0.087" />
  <testcase classname="ptolemy.util.test.junit.AutoTests" name="[14] /home/travis/build/icyphy/ptII/ptolemy/domains/sdf/test/auto/LogisticMap.xml (RunModel)" time="0.471" />
  <testcase classname="ptolemy.util.test.junit.AutoTests" name="[15] /home/travis/build/icyphy/ptII/ptolemy/domains/sdf/test/auto/MaximumEntropySpectrum.xml (RunModel)" time="0.284" />
  <testcase classname="ptolemy.util.test.junit.AutoTests" name="[16] /home/travis/build/icyphy/ptII/ptolemy/domains/sdf/test/auto/MultirateSDF.xml (RunModel)" time="0.077" />
  <testcase classname="ptolemy.util.test.junit.AutoTests" name="[17] /home/travis/build/icyphy/ptII/ptolemy/domains/sdf/test/auto/MultirateSDFwithTransientStates.xml (RunModel)" time="0.088" />
  <testcase classname="ptolemy.util.test.junit.AutoTests" name="[18] /home/travis/build/icyphy/ptII/ptolemy/domains/sdf/test/auto/NoisySinewave.xml (RunModel)" time="0.068" />
  <testcase classname="ptolemy.util.test.junit.AutoTests" name="[19] /home/travis/build/icyphy/ptII/ptolemy/domains/sdf/test/auto/Objects.xml (RunModel)" time="0.065" />
  <testcase classname="ptolemy.util.test.junit.AutoTests" name="[20] /home/travis/build/icyphy/ptII/ptolemy/domains/sdf/test/auto/OrthogonalCom.xml (RunModel)" time="0.045" />
  <testcase classname="ptolemy.util.test.junit.AutoTests" name="[21] /home/travis/build/icyphy/ptII/ptolemy/domains/sdf/test/auto/RijndaelEncryption.xml (RunModel)" time="0.546" />
  <testcase classname="ptolemy.util.test.junit.AutoTests" name="[22] /home/travis/build/icyphy/ptII/ptolemy/domains/sdf/test/auto/SDFEmptyIterations.xml (RunModel)" time="0.014" />
  <testcase classname="ptolemy.util.test.junit.AutoTests" name="[23] /home/travis/build/icyphy/ptII/ptolemy/domains/sdf/test/auto/Spectrum.xml (RunModel)" time="0.105" />
  <testcase classname="ptolemy.util.test.junit.AutoTests" name="[24] /home/travis/build/icyphy/ptII/ptolemy/domains/sdf/test/auto/de_inside_sdf.xml (RunModel)" time="0.027" />
  <testcase classname="ptolemy.util.test.junit.AutoTests" name="[25] /home/travis/build/icyphy/ptII/ptolemy/domains/sdf/test/auto/disconnectedHierarchicalSDF.xml (RunModel)" time="0.029" />
  <testcase classname="ptolemy.util.test.junit.AutoTests" name="[26] /home/travis/build/icyphy/ptII/ptolemy/domains/sdf/test/auto/disconnectedSDF.xml (RunModel)" time="0.021" />
  <testcase classname="ptolemy.util.test.junit.AutoTests" name="[27] /home/travis/build/icyphy/ptII/ptolemy/domains/sdf/test/auto/emptyRefinement.xml (RunModel)" time="0.022" />
  <testcase classname="ptolemy.util.test.junit.AutoTests" name="[28] /home/travis/build/icyphy/ptII/ptolemy/domains/sdf/test/auto/filePortParameter.xml (RunModel)" time="0.048" />
  <testcase classname="ptolemy.util.test.junit.AutoTests" name="[29] /home/travis/build/icyphy/ptII/ptolemy/domains/sdf/test/auto/inferRelationWidth1.xml (RunModel)" time="0.017" />
  <testcase classname="ptolemy.util.test.junit.AutoTests" name="[30] /home/travis/build/icyphy/ptII/ptolemy/domains/sdf/test/auto/initProductionInference.xml (RunModel)" time="0.026" />
  <testcase classname="ptolemy.util.test.junit.AutoTests" name="[31] /home/travis/build/icyphy/ptII/ptolemy/domains/sdf/test/auto/relationGroup.xml (RunModel)" time="0.02" />
  <testcase classname="ptolemy.util.test.junit.AutoTests" name="[32] /home/travis/build/icyphy/ptII/ptolemy/domains/sdf/test/auto/relationGroup10.xml (RunModel)" time="0.021" />
  <testcase classname="ptolemy.util.test.junit.AutoTests" name="[33] /home/travis/build/icyphy/ptII/ptolemy/domains/sdf/test/auto/relationGroup11.xml (RunModel)" time="0.019" />
  <testcase classname="ptolemy.util.test.junit.AutoTests" name="[34] /home/travis/build/icyphy/ptII/ptolemy/domains/sdf/test/auto/relationGroup12.xml (RunModel)" time="0.017" />
  <testcase classname="ptolemy.util.test.junit.AutoTests" name="[35] /home/travis/build/icyphy/ptII/ptolemy/domains/sdf/test/auto/relationGroup13.xml (RunModel)" time="0.03" />
  <testcase classname="ptolemy.util.test.junit.AutoTests" name="[36] /home/travis/build/icyphy/ptII/ptolemy/domains/sdf/test/auto/relationGroup14.xml (RunModel)" time="0.026" />
  <testcase classname="ptolemy.util.test.junit.AutoTests" name="[37] /home/travis/build/icyphy/ptII/ptolemy/domains/sdf/test/auto/relationGroup15.xml (RunModel)" time="0.022" />
  <testcase classname="ptolemy.util.test.junit.AutoTests" name="[38] /home/travis/build/icyphy/ptII/ptolemy/domains/sdf/test/auto/relationGroup2.xml (RunModel)" time="0.021" />
  <testcase classname="ptolemy.util.test.junit.AutoTests" name="[39] /home/travis/build/icyphy/ptII/ptolemy/domains/sdf/test/auto/relationGroup3.xml (RunModel)" time="0.014" />
  <testcase classname="ptolemy.util.test.junit.AutoTests" name="[40] /home/travis/build/icyphy/ptII/ptolemy/domains/sdf/test/auto/relationGroup4.xml (RunModel)" time="0.023" />
  <testcase classname="ptolemy.util.test.junit.AutoTests" name="[41] /home/travis/build/icyphy/ptII/ptolemy/domains/sdf/test/auto/relationGroup5.xml (RunModel)" time="0.029" />
  <testcase classname="ptolemy.util.test.junit.AutoTests" name="[42] /home/travis/build/icyphy/ptII/ptolemy/domains/sdf/test/auto/relationGroup6.xml (RunModel)" time="0.019" />
  <testcase classname="ptolemy.util.test.junit.AutoTests" name="[43] /home/travis/build/icyphy/ptII/ptolemy/domains/sdf/test/auto/relationGroup7.xml (RunModel)" time="0.016" />
  <testcase classname="ptolemy.util.test.junit.AutoTests" name="[44] /home/travis/build/icyphy/ptII/ptolemy/domains/sdf/test/auto/relationGroup8.xml (RunModel)" time="0.021" />
  <testcase classname="ptolemy.util.test.junit.AutoTests" name="[45] /home/travis/build/icyphy/ptII/ptolemy/domains/sdf/test/auto/relationGroup9.xml (RunModel)" time="0.026" />
  <testcase classname="ptolemy.util.test.junit.AutoTests" name="[46] /home/travis/build/icyphy/ptII/ptolemy/domains/sdf/test/auto/sdf_inside_de.xml (RunModel)" time="0.048" />
  <testcase classname="ptolemy.util.test.junit.AutoTests" name="[47] /home/travis/build/icyphy/ptII/ptolemy/domains/sdf/test/auto/sdf_inside_pn.xml (RunModel)" time="0.059" />
  <testcase classname="ptolemy.util.test.junit.AutoTests" name="[48] /home/travis/build/icyphy/ptII/ptolemy/domains/sdf/test/auto/sdf_sdf1.xml (RunModel)" time="0.028" />
  <testcase classname="ptolemy.util.test.junit.AutoTests" name="[49] /home/travis/build/icyphy/ptII/ptolemy/domains/sdf/test/auto/test1.xml (RunModel)" time="0.023" />
  <testcase classname="ptolemy.util.test.junit.AutoTests" name="[50] /home/travis/build/icyphy/ptII/ptolemy/domains/sdf/test/auto/time1.xml (RunModel)" time="0.01" />
  <testcase classname="ptolemy.util.test.junit.AutoTests" name="[51] /home/travis/build/icyphy/ptII/ptolemy/domains/sdf/test/auto/time2.xml (RunModel)" time="0.013" />
  <testcase classname="ptolemy.util.test.junit.AutoTests" name="[52] /home/travis/build/icyphy/ptII/ptolemy/domains/sdf/test/auto/time3.xml (RunModel)" time="0.024" />
  <testcase classname="ptolemy.util.test.junit.AutoTests" name="[53] /home/travis/build/icyphy/ptII/ptolemy/domains/sdf/test/auto/time4.xml (RunModel)" time="0.02" />
  <testcase classname="ptolemy.util.test.junit.AutoTests" name="[54] /home/travis/build/icyphy/ptII/ptolemy/domains/sdf/test/auto/time5.xml (RunModel)" time="4.011" />
  <testcase classname="ptolemy.util.test.junit.AutoTests" name="[55] /home/travis/build/icyphy/ptII/ptolemy/domains/sdf/test/auto/typeSystem_Const_Integer_smallest_Type.xml (RunModel)" time="0.049" />
  <testcase classname="ptolemy.util.test.junit.AutoTests" name="[56] /home/travis/build/icyphy/ptII/ptolemy/domains/sdf/test/auto/typeSystem_declared_Inports_OutportTypeException.xml (RunModel)" time="0.019" />
  <testcase classname="ptolemy.util.test.junit.AutoTests" name="[57] /home/travis/build/icyphy/ptII/ptolemy/domains/sdf/test/auto/typeSystem_oneDeclaredInportType_wrongTypeOutport.xml (RunModel)" time="0.017" />
  <testcase classname="ptolemy.util.test.junit.AutoTests" name="[58] /home/travis/build/icyphy/ptII/ptolemy/domains/sdf/test/auto/width.xml (RunModel)" time="0.011" />
  <testcase classname="ptolemy.util.test.junit.AutoTests" name="[59] /home/travis/build/icyphy/ptII/ptolemy/domains/sdf/test/auto/width2.xml (RunModel)" time="0.045" />
  <testcase classname="ptolemy.util.test.junit.AutoTests" name="[60] /home/travis/build/icyphy/ptII/ptolemy/domains/sdf/test/auto/width3.xml (RunModel)" time="0.038" />
  <system-out><![CDATA[/home/travis/build/icyphy/ptII/ptolemy/domains/sdf/test/SDFSchedulerErrors.tcl
testDefs.tcl: setting time out to 9000 seconds at Fri May 04 01:06:25 UTC 2018
17 ms. Memory: 116224K Free: 106817K (92%)
5 ms. Memory: 116224K Free: 99841K (86%)
5 ms. Memory: 116224K Free: 92299K (79%)
6 ms. Memory: 116224K Free: 89851K (77%)
/home/travis/build/icyphy/ptII/ptolemy/domains/sdf/test/composition.tcl
34 ms. Memory: 116224K Free: 85653K (74%)
13 ms. Memory: 116224K Free: 83845K (72%)
/home/travis/build/icyphy/ptII/ptolemy/domains/sdf/test/cycle.tcl
.Toplevel.Director Preinitializing ...
Invoking preinitialize():  .Toplevel.Actor1
Invoking preinitialize():  .Toplevel.Actor2
Invoking preinitialize():  .Toplevel.Delay
.Toplevel.Director Finished preinitialize().
### Schedule:
Execute Schedule{
Fire Actor ptolemy.domains.sdf.kernel.test.SDFTestDelay {.Toplevel.Actor1}
Fire Actor ptolemy.domains.sdf.kernel.test.SDFTestDelay {.Toplevel.Actor2}
Fire Actor ptolemy.domains.sdf.lib.SampleDelay {.Toplevel.Delay}
}
### End schedule
Called initialize().
Invoking initialize():  .Toplevel.Actor1
Initializing actor: .Toplevel.Actor1.
Invoking initialize():  .Toplevel.Actor2
Initializing actor: .Toplevel.Actor2.
Invoking initialize():  .Toplevel.Delay
Initializing actor: .Toplevel.Delay.
Director: Called prefire().
-- Setting current time to 0.0
Director prefire returns true.
The actor .Toplevel.Actor1 will be iterated.
The actor .Toplevel.Actor1 was iterated.
The actor .Toplevel.Actor2 will be iterated.
The actor .Toplevel.Actor2 was iterated.
The actor .Toplevel.Delay will be iterated.
The actor .Toplevel.Delay was iterated.
Director: Called postfire().
Postfire returns: true
Director: Called prefire().
-- Setting current time to 0.0
Director prefire returns true.
The actor .Toplevel.Actor1 will be iterated.
The actor .Toplevel.Actor1 was iterated.
The actor .Toplevel.Actor2 will be iterated.
The actor .Toplevel.Actor2 was iterated.
The actor .Toplevel.Delay will be iterated.
The actor .Toplevel.Delay was iterated.
Director: Called postfire().
Postfire returns: true
Director: Called prefire().
-- Setting current time to 0.0
Director prefire returns true.
The actor .Toplevel.Actor1 will be iterated.
The actor .Toplevel.Actor1 was iterated.
The actor .Toplevel.Actor2 will be iterated.
The actor .Toplevel.Actor2 was iterated.
The actor .Toplevel.Delay will be iterated.
The actor .Toplevel.Delay was iterated.
Director: Called postfire().
Postfire returns: true
Director: Called prefire().
-- Setting current time to 0.0
Director prefire returns true.
The actor .Toplevel.Actor1 will be iterated.
The actor .Toplevel.Actor1 was iterated.
The actor .Toplevel.Actor2 will be iterated.
The actor .Toplevel.Actor2 was iterated.
The actor .Toplevel.Delay will be iterated.
The actor .Toplevel.Delay was iterated.
Director: Called postfire().
Postfire returns: true
Director: Called prefire().
-- Setting current time to 0.0
Director prefire returns true.
The actor .Toplevel.Actor1 will be iterated.
The actor .Toplevel.Actor1 was iterated.
The actor .Toplevel.Actor2 will be iterated.
The actor .Toplevel.Actor2 was iterated.
The actor .Toplevel.Delay will be iterated.
The actor .Toplevel.Delay was iterated.
Director: Called postfire().
Postfire returns: true
Director: Called prefire().
-- Setting current time to 0.0
Director prefire returns true.
The actor .Toplevel.Actor1 will be iterated.
The actor .Toplevel.Actor1 was iterated.
The actor .Toplevel.Actor2 will be iterated.
The actor .Toplevel.Actor2 was iterated.
The actor .Toplevel.Delay will be iterated.
The actor .Toplevel.Delay was iterated.
Reached specified number of iterations: 6
Director: Called wrapup().
14 ms. Memory: 116224K Free: 81456K (70%)
05/04/18 01:06:26
Failed: 0  Total Tests: 8  ((Passed: 8, Newly Passed: 0)  Known Failed: 0) /home/travis/build/icyphy/ptII/ptolemy/domains/sdf/test
No auto/knownFailedTests/*.xml tests in /home/travis/build/icyphy/ptII/ptolemy/domains/sdf/test
No auto/*.xml tests in /home/travis/build/icyphy/ptII/ptolemy/domains/sdf/test
AutoTests.java: About to close Vertx.
AutoTests.java: Vertx closed.
----------------- testing Fri May 04 01:06:27 UTC 2018 /home/travis/build/icyphy/ptII/ptolemy/domains/sdf/test/auto/Array.xml
----------------- Instantiating /home/travis/build/icyphy/ptII/ptolemy/domains/sdf/test/auto/Array.xml
72 ms. Memory: 116224K Free: 102779K (88%)
----------------- Invoking toplevel() on ptolemy.moml.MoMLSimpleApplication@3a5b17ea
----------------- Done invoking toplevel() on ptolemy.moml.MoMLSimpleApplication@3a5b17ea
reloadAllAccessors: .Array
----------------- testing Fri May 04 01:06:27 UTC 2018 /home/travis/build/icyphy/ptII/ptolemy/domains/sdf/test/auto/Butterfly.xml
----------------- Instantiating /home/travis/build/icyphy/ptII/ptolemy/domains/sdf/test/auto/Butterfly.xml
100 ms. Memory: 116224K Free: 96410K (83%)
----------------- Invoking toplevel() on ptolemy.moml.MoMLSimpleApplication@5eb992ff
----------------- Done invoking toplevel() on ptolemy.moml.MoMLSimpleApplication@5eb992ff
reloadAllAccessors: .Butterfly
----------------- testing Fri May 04 01:06:27 UTC 2018 /home/travis/build/icyphy/ptII/ptolemy/domains/sdf/test/auto/Expression.xml
----------------- Instantiating /home/travis/build/icyphy/ptII/ptolemy/domains/sdf/test/auto/Expression.xml
78 ms. Memory: 116224K Free: 91099K (78%)
----------------- Invoking toplevel() on ptolemy.moml.MoMLSimpleApplication@5a6d88cc
----------------- Done invoking toplevel() on ptolemy.moml.MoMLSimpleApplication@5a6d88cc
reloadAllAccessors: .Expression
----------------- testing Fri May 04 01:06:27 UTC 2018 /home/travis/build/icyphy/ptII/ptolemy/domains/sdf/test/auto/Eye.xml
----------------- Instantiating /home/travis/build/icyphy/ptII/ptolemy/domains/sdf/test/auto/Eye.xml
237 ms. Memory: 146944K Free: 126208K (86%)
----------------- Invoking toplevel() on ptolemy.moml.MoMLSimpleApplication@600fa79e
----------------- Done invoking toplevel() on ptolemy.moml.MoMLSimpleApplication@600fa79e
reloadAllAccessors: .Eye
----------------- testing Fri May 04 01:06:28 UTC 2018 /home/travis/build/icyphy/ptII/ptolemy/domains/sdf/test/auto/FixFIR.xml
----------------- Instantiating /home/travis/build/icyphy/ptII/ptolemy/domains/sdf/test/auto/FixFIR.xml
163 ms. Memory: 146944K Free: 89798K (61%)
----------------- Invoking toplevel() on ptolemy.moml.MoMLSimpleApplication@59630a9b
----------------- Done invoking toplevel() on ptolemy.moml.MoMLSimpleApplication@59630a9b
reloadAllAccessors: .FixFIR
----------------- testing Fri May 04 01:06:28 UTC 2018 /home/travis/build/icyphy/ptII/ptolemy/domains/sdf/test/auto/FixPoint.xml
----------------- Instantiating /home/travis/build/icyphy/ptII/ptolemy/domains/sdf/test/auto/FixPoint.xml
13 ms. Memory: 146944K Free: 85604K (58%)
----------------- Invoking toplevel() on ptolemy.moml.MoMLSimpleApplication@77095c50
----------------- Done invoking toplevel() on ptolemy.moml.MoMLSimpleApplication@77095c50
reloadAllAccessors: .FixPoint
----------------- testing Fri May 04 01:06:28 UTC 2018 /home/travis/build/icyphy/ptII/ptolemy/domains/sdf/test/auto/Gravitation.xml
----------------- Instantiating /home/travis/build/icyphy/ptII/ptolemy/domains/sdf/test/auto/Gravitation.xml
3118 ms. Memory: 209920K Free: 181459K (86%)
----------------- Invoking toplevel() on ptolemy.moml.MoMLSimpleApplication@b77a4e2
----------------- Done invoking toplevel() on ptolemy.moml.MoMLSimpleApplication@b77a4e2
reloadAllAccessors: .Gravitation
----------------- testing Fri May 04 01:06:31 UTC 2018 /home/travis/build/icyphy/ptII/ptolemy/domains/sdf/test/auto/GravitationWithCollisionDetection.xml
----------------- Instantiating /home/travis/build/icyphy/ptII/ptolemy/domains/sdf/test/auto/GravitationWithCollisionDetection.xml
6329 ms. Memory: 677888K Free: 635056K (94%)
----------------- Invoking toplevel() on ptolemy.moml.MoMLSimpleApplication@5c1282c9
----------------- Done invoking toplevel() on ptolemy.moml.MoMLSimpleApplication@5c1282c9
reloadAllAccessors: .GravitationWithCollisionDetection
----------------- testing Fri May 04 01:06:38 UTC 2018 /home/travis/build/icyphy/ptII/ptolemy/domains/sdf/test/auto/HDF.xml
----------------- Instantiating /home/travis/build/icyphy/ptII/ptolemy/domains/sdf/test/auto/HDF.xml
47 ms. Memory: 677888K Free: 611133K (90%)
----------------- Invoking toplevel() on ptolemy.moml.MoMLSimpleApplication@303cc4f9
----------------- Done invoking toplevel() on ptolemy.moml.MoMLSimpleApplication@303cc4f9
reloadAllAccessors: .HDF
----------------- testing Fri May 04 01:06:38 UTC 2018 /home/travis/build/icyphy/ptII/ptolemy/domains/sdf/test/auto/HDFwithTransientStates.xml
----------------- Instantiating /home/travis/build/icyphy/ptII/ptolemy/domains/sdf/test/auto/HDFwithTransientStates.xml
36 ms. Memory: 677888K Free: 587133K (87%)
----------------- Invoking toplevel() on ptolemy.moml.MoMLSimpleApplication@11b5ae1
----------------- Done invoking toplevel() on ptolemy.moml.MoMLSimpleApplication@11b5ae1
reloadAllAccessors: .HDFwithTransientStates
----------------- testing Fri May 04 01:06:38 UTC 2018 /home/travis/build/icyphy/ptII/ptolemy/domains/sdf/test/auto/HTVQ.xml
----------------- Instantiating /home/travis/build/icyphy/ptII/ptolemy/domains/sdf/test/auto/HTVQ.xml
894 ms. Memory: 677888K Free: 420101K (62%)
----------------- Invoking toplevel() on ptolemy.moml.MoMLSimpleApplication@6e6268dd
----------------- Done invoking toplevel() on ptolemy.moml.MoMLSimpleApplication@6e6268dd
reloadAllAccessors: .HTVQ
----------------- testing Fri May 04 01:06:39 UTC 2018 /home/travis/build/icyphy/ptII/ptolemy/domains/sdf/test/auto/InferInitProduction.xml
----------------- Instantiating /home/travis/build/icyphy/ptII/ptolemy/domains/sdf/test/auto/InferInitProduction.xml
9 ms. Memory: 677888K Free: 408171K (60%)
----------------- Invoking toplevel() on ptolemy.moml.MoMLSimpleApplication@19e6514f
----------------- Done invoking toplevel() on ptolemy.moml.MoMLSimpleApplication@19e6514f
reloadAllAccessors: .InferInitProduction
----------------- testing Fri May 04 01:06:39 UTC 2018 /home/travis/build/icyphy/ptII/ptolemy/domains/sdf/test/auto/InferInitProductionDeeper.xml
----------------- Instantiating /home/travis/build/icyphy/ptII/ptolemy/domains/sdf/test/auto/InferInitProductionDeeper.xml
8 ms. Memory: 677888K Free: 396242K (58%)
----------------- Invoking toplevel() on ptolemy.moml.MoMLSimpleApplication@33ad0b4a
----------------- Done invoking toplevel() on ptolemy.moml.MoMLSimpleApplication@33ad0b4a
reloadAllAccessors: .InferInitProductionDeeper
----------------- testing Fri May 04 01:06:39 UTC 2018 /home/travis/build/icyphy/ptII/ptolemy/domains/sdf/test/auto/LMSAdaptive.xml
----------------- Instantiating /home/travis/build/icyphy/ptII/ptolemy/domains/sdf/test/auto/LMSAdaptive.xml
26 ms. Memory: 677888K Free: 378331K (56%)
----------------- Invoking toplevel() on ptolemy.moml.MoMLSimpleApplication@226d3391
----------------- Done invoking toplevel() on ptolemy.moml.MoMLSimpleApplication@226d3391
reloadAllAccessors: .LMSAdaptive
----------------- testing Fri May 04 01:06:39 UTC 2018 /home/travis/build/icyphy/ptII/ptolemy/domains/sdf/test/auto/LogisticMap.xml
----------------- Instantiating /home/travis/build/icyphy/ptII/ptolemy/domains/sdf/test/auto/LogisticMap.xml
441 ms. Memory: 677888K Free: 366402K (54%)
----------------- Invoking toplevel() on ptolemy.moml.MoMLSimpleApplication@60f91125
----------------- Done invoking toplevel() on ptolemy.moml.MoMLSimpleApplication@60f91125
reloadAllAccessors: .LogisticMap
----------------- testing Fri May 04 01:06:40 UTC 2018 /home/travis/build/icyphy/ptII/ptolemy/domains/sdf/test/auto/MaximumEntropySpectrum.xml
----------------- Instantiating /home/travis/build/icyphy/ptII/ptolemy/domains/sdf/test/auto/MaximumEntropySpectrum.xml
74 ms. Memory: 677888K Free: 294720K (43%)
----------------- Invoking toplevel() on ptolemy.moml.MoMLSimpleApplication@6a638904
----------------- Done invoking toplevel() on ptolemy.moml.MoMLSimpleApplication@6a638904
reloadAllAccessors: .MaximumEntropySpectrum
----------------- testing Fri May 04 01:06:40 UTC 2018 /home/travis/build/icyphy/ptII/ptolemy/domains/sdf/test/auto/MultirateSDF.xml
----------------- Instantiating /home/travis/build/icyphy/ptII/ptolemy/domains/sdf/test/auto/MultirateSDF.xml
19 ms. Memory: 677888K Free: 274014K (40%)
----------------- Invoking toplevel() on ptolemy.moml.MoMLSimpleApplication@2a5d436a
----------------- Done invoking toplevel() on ptolemy.moml.MoMLSimpleApplication@2a5d436a
reloadAllAccessors: .MultirateSDF
----------------- testing Fri May 04 01:06:40 UTC 2018 /home/travis/build/icyphy/ptII/ptolemy/domains/sdf/test/auto/MultirateSDFwithTransientStates.xml
----------------- Instantiating /home/travis/build/icyphy/ptII/ptolemy/domains/sdf/test/auto/MultirateSDFwithTransientStates.xml
19 ms. Memory: 677888K Free: 250139K (37%)
----------------- Invoking toplevel() on ptolemy.moml.MoMLSimpleApplication@69610e48
----------------- Done invoking toplevel() on ptolemy.moml.MoMLSimpleApplication@69610e48
reloadAllAccessors: .MultirateSDFwithTransientStates
----------------- testing Fri May 04 01:06:40 UTC 2018 /home/travis/build/icyphy/ptII/ptolemy/domains/sdf/test/auto/NoisySinewave.xml
----------------- Instantiating /home/travis/build/icyphy/ptII/ptolemy/domains/sdf/test/auto/NoisySinewave.xml
14 ms. Memory: 677888K Free: 226247K (33%)
----------------- Invoking toplevel() on ptolemy.moml.MoMLSimpleApplication@62a6d36b
----------------- Done invoking toplevel() on ptolemy.moml.MoMLSimpleApplication@62a6d36b
reloadAllAccessors: .NoisySinewave
----------------- testing Fri May 04 01:06:40 UTC 2018 /home/travis/build/icyphy/ptII/ptolemy/domains/sdf/test/auto/Objects.xml
----------------- Instantiating /home/travis/build/icyphy/ptII/ptolemy/domains/sdf/test/auto/Objects.xml
3 ms. Memory: 677888K Free: 208337K (31%)
----------------- Invoking toplevel() on ptolemy.moml.MoMLSimpleApplication@2e43df8c
----------------- Done invoking toplevel() on ptolemy.moml.MoMLSimpleApplication@2e43df8c
reloadAllAccessors: .Objects
----------------- testing Fri May 04 01:06:40 UTC 2018 /home/travis/build/icyphy/ptII/ptolemy/domains/sdf/test/auto/OrthogonalCom.xml
----------------- Instantiating /home/travis/build/icyphy/ptII/ptolemy/domains/sdf/test/auto/OrthogonalCom.xml
6 ms. Memory: 677888K Free: 190426K (28%)
----------------- Invoking toplevel() on ptolemy.moml.MoMLSimpleApplication@3951b2fe
----------------- Done invoking toplevel() on ptolemy.moml.MoMLSimpleApplication@3951b2fe
reloadAllAccessors: .OrthogonalCom
----------------- testing Fri May 04 01:06:40 UTC 2018 /home/travis/build/icyphy/ptII/ptolemy/domains/sdf/test/auto/RijndaelEncryption.xml
----------------- Instantiating /home/travis/build/icyphy/ptII/ptolemy/domains/sdf/test/auto/RijndaelEncryption.xml
263 ms. Memory: 652288K Free: 599591K (92%)
----------------- Invoking toplevel() on ptolemy.moml.MoMLSimpleApplication@503e0064
----------------- Done invoking toplevel() on ptolemy.moml.MoMLSimpleApplication@503e0064
reloadAllAccessors: .RijndaelEncryption
----------------- testing Fri May 04 01:06:41 UTC 2018 /home/travis/build/icyphy/ptII/ptolemy/domains/sdf/test/auto/SDFEmptyIterations.xml
----------------- Instantiating /home/travis/build/icyphy/ptII/ptolemy/domains/sdf/test/auto/SDFEmptyIterations.xml
5 ms. Memory: 652288K Free: 586398K (90%)
----------------- Invoking toplevel() on ptolemy.moml.MoMLSimpleApplication@643e97e8
----------------- Done invoking toplevel() on ptolemy.moml.MoMLSimpleApplication@643e97e8
reloadAllAccessors: .SDFEmptyIterations
----------------- testing Fri May 04 01:06:41 UTC 2018 /home/travis/build/icyphy/ptII/ptolemy/domains/sdf/test/auto/Spectrum.xml
----------------- Instantiating /home/travis/build/icyphy/ptII/ptolemy/domains/sdf/test/auto/Spectrum.xml
31 ms. Memory: 652288K Free: 556048K (85%)
----------------- Invoking toplevel() on ptolemy.moml.MoMLSimpleApplication@2480171
----------------- Done invoking toplevel() on ptolemy.moml.MoMLSimpleApplication@2480171
reloadAllAccessors: .Spectrum
----------------- testing Fri May 04 01:06:41 UTC 2018 /home/travis/build/icyphy/ptII/ptolemy/domains/sdf/test/auto/de_inside_sdf.xml
----------------- Instantiating /home/travis/build/icyphy/ptII/ptolemy/domains/sdf/test/auto/de_inside_sdf.xml
8 ms. Memory: 652288K Free: 548470K (84%)
----------------- Invoking toplevel() on ptolemy.moml.MoMLSimpleApplication@470bb624
----------------- Done invoking toplevel() on ptolemy.moml.MoMLSimpleApplication@470bb624
reloadAllAccessors: .de_inside_sdf
----------------- testing Fri May 04 01:06:41 UTC 2018 /home/travis/build/icyphy/ptII/ptolemy/domains/sdf/test/auto/disconnectedHierarchicalSDF.xml
----------------- Instantiating /home/travis/build/icyphy/ptII/ptolemy/domains/sdf/test/auto/disconnectedHierarchicalSDF.xml
5 ms. Memory: 652288K Free: 537087K (82%)
----------------- Invoking toplevel() on ptolemy.moml.MoMLSimpleApplication@2513d2f7
----------------- Done invoking toplevel() on ptolemy.moml.MoMLSimpleApplication@2513d2f7
reloadAllAccessors: .disconnectedHierarchicalSDF
----------------- testing Fri May 04 01:06:41 UTC 2018 /home/travis/build/icyphy/ptII/ptolemy/domains/sdf/test/auto/disconnectedSDF.xml
----------------- Instantiating /home/travis/build/icyphy/ptII/ptolemy/domains/sdf/test/auto/disconnectedSDF.xml
3 ms. Memory: 652288K Free: 529510K (81%)
----------------- Invoking toplevel() on ptolemy.moml.MoMLSimpleApplication@385348b3
----------------- Done invoking toplevel() on ptolemy.moml.MoMLSimpleApplication@385348b3
reloadAllAccessors: .disconnectedSDF
----------------- testing Fri May 04 01:06:41 UTC 2018 /home/travis/build/icyphy/ptII/ptolemy/domains/sdf/test/auto/emptyRefinement.xml
----------------- Instantiating /home/travis/build/icyphy/ptII/ptolemy/domains/sdf/test/auto/emptyRefinement.xml
4 ms. Memory: 652288K Free: 520182K (80%)
----------------- Invoking toplevel() on ptolemy.moml.MoMLSimpleApplication@5db146c3
----------------- Done invoking toplevel() on ptolemy.moml.MoMLSimpleApplication@5db146c3
reloadAllAccessors: .emptyRefinement
----------------- testing Fri May 04 01:06:41 UTC 2018 /home/travis/build/icyphy/ptII/ptolemy/domains/sdf/test/auto/filePortParameter.xml
----------------- Instantiating /home/travis/build/icyphy/ptII/ptolemy/domains/sdf/test/auto/filePortParameter.xml
14 ms. Memory: 652288K Free: 508808K (78%)
----------------- Invoking toplevel() on ptolemy.moml.MoMLSimpleApplication@21ac746c
----------------- Done invoking toplevel() on ptolemy.moml.MoMLSimpleApplication@21ac746c
reloadAllAccessors: .filePortParameter
----------------- testing Fri May 04 01:06:41 UTC 2018 /home/travis/build/icyphy/ptII/ptolemy/domains/sdf/test/auto/inferRelationWidth1.xml
----------------- Instantiating /home/travis/build/icyphy/ptII/ptolemy/domains/sdf/test/auto/inferRelationWidth1.xml
3 ms. Memory: 652288K Free: 501230K (77%)
----------------- Invoking toplevel() on ptolemy.moml.MoMLSimpleApplication@6f242ea7
----------------- Done invoking toplevel() on ptolemy.moml.MoMLSimpleApplication@6f242ea7
reloadAllAccessors: .inferRelationWidth1
----------------- testing Fri May 04 01:06:41 UTC 2018 /home/travis/build/icyphy/ptII/ptolemy/domains/sdf/test/auto/initProductionInference.xml
----------------- Instantiating /home/travis/build/icyphy/ptII/ptolemy/domains/sdf/test/auto/initProductionInference.xml
6 ms. Memory: 652288K Free: 493652K (76%)
----------------- Invoking toplevel() on ptolemy.moml.MoMLSimpleApplication@7ab54ebd
----------------- Done invoking toplevel() on ptolemy.moml.MoMLSimpleApplication@7ab54ebd
reloadAllAccessors: .initProductionInference
----------------- testing Fri May 04 01:06:41 UTC 2018 /home/travis/build/icyphy/ptII/ptolemy/domains/sdf/test/auto/relationGroup.xml
----------------- Instantiating /home/travis/build/icyphy/ptII/ptolemy/domains/sdf/test/auto/relationGroup.xml
3 ms. Memory: 652288K Free: 486075K (75%)
----------------- Invoking toplevel() on ptolemy.moml.MoMLSimpleApplication@1a2a3e05
----------------- Done invoking toplevel() on ptolemy.moml.MoMLSimpleApplication@1a2a3e05
reloadAllAccessors: .relationGroup
----------------- testing Fri May 04 01:06:41 UTC 2018 /home/travis/build/icyphy/ptII/ptolemy/domains/sdf/test/auto/relationGroup10.xml
----------------- Instantiating /home/travis/build/icyphy/ptII/ptolemy/domains/sdf/test/auto/relationGroup10.xml
5 ms. Memory: 652288K Free: 476747K (73%)
----------------- Invoking toplevel() on ptolemy.moml.MoMLSimpleApplication@674a935d
----------------- Done invoking toplevel() on ptolemy.moml.MoMLSimpleApplication@674a935d
reloadAllAccessors: .relationGroup10
----------------- testing Fri May 04 01:06:41 UTC 2018 /home/travis/build/icyphy/ptII/ptolemy/domains/sdf/test/auto/relationGroup11.xml
----------------- Instantiating /home/travis/build/icyphy/ptII/ptolemy/domains/sdf/test/auto/relationGroup11.xml
3 ms. Memory: 652288K Free: 469170K (72%)
----------------- Invoking toplevel() on ptolemy.moml.MoMLSimpleApplication@5ed7527f
----------------- Done invoking toplevel() on ptolemy.moml.MoMLSimpleApplication@5ed7527f
reloadAllAccessors: .relationGroup11
----------------- testing Fri May 04 01:06:41 UTC 2018 /home/travis/build/icyphy/ptII/ptolemy/domains/sdf/test/auto/relationGroup12.xml
----------------- Instantiating /home/travis/build/icyphy/ptII/ptolemy/domains/sdf/test/auto/relationGroup12.xml
3 ms. Memory: 652288K Free: 461592K (71%)
----------------- Invoking toplevel() on ptolemy.moml.MoMLSimpleApplication@354a1bed
----------------- Done invoking toplevel() on ptolemy.moml.MoMLSimpleApplication@354a1bed
reloadAllAccessors: .relationGroup12
----------------- testing Fri May 04 01:06:41 UTC 2018 /home/travis/build/icyphy/ptII/ptolemy/domains/sdf/test/auto/relationGroup13.xml
----------------- Instantiating /home/travis/build/icyphy/ptII/ptolemy/domains/sdf/test/auto/relationGroup13.xml
9 ms. Memory: 652288K Free: 454014K (70%)
----------------- Invoking toplevel() on ptolemy.moml.MoMLSimpleApplication@1430d7d4
----------------- Done invoking toplevel() on ptolemy.moml.MoMLSimpleApplication@1430d7d4
reloadAllAccessors: .relationGroup13
----------------- testing Fri May 04 01:06:41 UTC 2018 /home/travis/build/icyphy/ptII/ptolemy/domains/sdf/test/auto/relationGroup14.xml
----------------- Instantiating /home/travis/build/icyphy/ptII/ptolemy/domains/sdf/test/auto/relationGroup14.xml
4 ms. Memory: 652288K Free: 446437K (68%)
----------------- Invoking toplevel() on ptolemy.moml.MoMLSimpleApplication@34d924df
----------------- Done invoking toplevel() on ptolemy.moml.MoMLSimpleApplication@34d924df
reloadAllAccessors: .relationGroup14
----------------- testing Fri May 04 01:06:41 UTC 2018 /home/travis/build/icyphy/ptII/ptolemy/domains/sdf/test/auto/relationGroup15.xml
----------------- Instantiating /home/travis/build/icyphy/ptII/ptolemy/domains/sdf/test/auto/relationGroup15.xml
2 ms. Memory: 652288K Free: 437109K (67%)
----------------- Invoking toplevel() on ptolemy.moml.MoMLSimpleApplication@6a6640f6
----------------- Done invoking toplevel() on ptolemy.moml.MoMLSimpleApplication@6a6640f6
reloadAllAccessors: .relationGroup15
----------------- testing Fri May 04 01:06:41 UTC 2018 /home/travis/build/icyphy/ptII/ptolemy/domains/sdf/test/auto/relationGroup2.xml
----------------- Instantiating /home/travis/build/icyphy/ptII/ptolemy/domains/sdf/test/auto/relationGroup2.xml
2 ms. Memory: 652288K Free: 429531K (66%)
----------------- Invoking toplevel() on ptolemy.moml.MoMLSimpleApplication@3d2f0826
----------------- Done invoking toplevel() on ptolemy.moml.MoMLSimpleApplication@3d2f0826
reloadAllAccessors: .relationGroup2
----------------- testing Fri May 04 01:06:41 UTC 2018 /home/travis/build/icyphy/ptII/ptolemy/domains/sdf/test/auto/relationGroup3.xml
----------------- Instantiating /home/travis/build/icyphy/ptII/ptolemy/domains/sdf/test/auto/relationGroup3.xml
2 ms. Memory: 652288K Free: 421954K (65%)
----------------- Invoking toplevel() on ptolemy.moml.MoMLSimpleApplication@2460880d
----------------- Done invoking toplevel() on ptolemy.moml.MoMLSimpleApplication@2460880d
reloadAllAccessors: .relationGroup3
----------------- testing Fri May 04 01:06:41 UTC 2018 /home/travis/build/icyphy/ptII/ptolemy/domains/sdf/test/auto/relationGroup4.xml
----------------- Instantiating /home/travis/build/icyphy/ptII/ptolemy/domains/sdf/test/auto/relationGroup4.xml
7 ms. Memory: 652288K Free: 414376K (64%)
----------------- Invoking toplevel() on ptolemy.moml.MoMLSimpleApplication@66f645c2
----------------- Done invoking toplevel() on ptolemy.moml.MoMLSimpleApplication@66f645c2
reloadAllAccessors: .relationGroup4
----------------- testing Fri May 04 01:06:41 UTC 2018 /home/travis/build/icyphy/ptII/ptolemy/domains/sdf/test/auto/relationGroup5.xml
----------------- Instantiating /home/travis/build/icyphy/ptII/ptolemy/domains/sdf/test/auto/relationGroup5.xml
3 ms. Memory: 652288K Free: 406798K (62%)
----------------- Invoking toplevel() on ptolemy.moml.MoMLSimpleApplication@b33d92
----------------- Done invoking toplevel() on ptolemy.moml.MoMLSimpleApplication@b33d92
reloadAllAccessors: .relationGroup5
----------------- testing Fri May 04 01:06:41 UTC 2018 /home/travis/build/icyphy/ptII/ptolemy/domains/sdf/test/auto/relationGroup6.xml
----------------- Instantiating /home/travis/build/icyphy/ptII/ptolemy/domains/sdf/test/auto/relationGroup6.xml
5 ms. Memory: 652288K Free: 397471K (61%)
----------------- Invoking toplevel() on ptolemy.moml.MoMLSimpleApplication@39f2bb5d
----------------- Done invoking toplevel() on ptolemy.moml.MoMLSimpleApplication@39f2bb5d
reloadAllAccessors: .relationGroup6
----------------- testing Fri May 04 01:06:41 UTC 2018 /home/travis/build/icyphy/ptII/ptolemy/domains/sdf/test/auto/relationGroup7.xml
----------------- Instantiating /home/travis/build/icyphy/ptII/ptolemy/domains/sdf/test/auto/relationGroup7.xml
2 ms. Memory: 652288K Free: 389893K (60%)
----------------- Invoking toplevel() on ptolemy.moml.MoMLSimpleApplication@3560372d
----------------- Done invoking toplevel() on ptolemy.moml.MoMLSimpleApplication@3560372d
reloadAllAccessors: .relationGroup7
----------------- testing Fri May 04 01:06:41 UTC 2018 /home/travis/build/icyphy/ptII/ptolemy/domains/sdf/test/auto/relationGroup8.xml
----------------- Instantiating /home/travis/build/icyphy/ptII/ptolemy/domains/sdf/test/auto/relationGroup8.xml
2 ms. Memory: 652288K Free: 382316K (59%)
----------------- Invoking toplevel() on ptolemy.moml.MoMLSimpleApplication@808a0a8
----------------- Done invoking toplevel() on ptolemy.moml.MoMLSimpleApplication@808a0a8
reloadAllAccessors: .relationGroup8
----------------- testing Fri May 04 01:06:41 UTC 2018 /home/travis/build/icyphy/ptII/ptolemy/domains/sdf/test/auto/relationGroup9.xml
----------------- Instantiating /home/travis/build/icyphy/ptII/ptolemy/domains/sdf/test/auto/relationGroup9.xml
9 ms. Memory: 652288K Free: 374738K (57%)
----------------- Invoking toplevel() on ptolemy.moml.MoMLSimpleApplication@53604ea8
----------------- Done invoking toplevel() on ptolemy.moml.MoMLSimpleApplication@53604ea8
reloadAllAccessors: .relationGroup9
----------------- testing Fri May 04 01:06:41 UTC 2018 /home/travis/build/icyphy/ptII/ptolemy/domains/sdf/test/auto/sdf_inside_de.xml
----------------- Instantiating /home/travis/build/icyphy/ptII/ptolemy/domains/sdf/test/auto/sdf_inside_de.xml
13 ms. Memory: 652288K Free: 359566K (55%)
----------------- Invoking toplevel() on ptolemy.moml.MoMLSimpleApplication@49d9be88
----------------- Done invoking toplevel() on ptolemy.moml.MoMLSimpleApplication@49d9be88
reloadAllAccessors: .sdf_inside_de
----------------- testing Fri May 04 01:06:41 UTC 2018 /home/travis/build/icyphy/ptII/ptolemy/domains/sdf/test/auto/sdf_inside_pn.xml
----------------- Instantiating /home/travis/build/icyphy/ptII/ptolemy/domains/sdf/test/auto/sdf_inside_pn.xml
35 ms. Memory: 652288K Free: 327490K (50%)
----------------- Invoking toplevel() on ptolemy.moml.MoMLSimpleApplication@5eabebaa
----------------- Done invoking toplevel() on ptolemy.moml.MoMLSimpleApplication@5eabebaa
reloadAllAccessors: .sdf_inside_pn
----------------- testing Fri May 04 01:06:42 UTC 2018 /home/travis/build/icyphy/ptII/ptolemy/domains/sdf/test/auto/sdf_sdf1.xml
----------------- Instantiating /home/travis/build/icyphy/ptII/ptolemy/domains/sdf/test/auto/sdf_sdf1.xml
3 ms. Memory: 652288K Free: 316108K (48%)
----------------- Invoking toplevel() on ptolemy.moml.MoMLSimpleApplication@4547755f
----------------- Done invoking toplevel() on ptolemy.moml.MoMLSimpleApplication@4547755f
reloadAllAccessors: .sdf_sdf1
----------------- testing Fri May 04 01:06:42 UTC 2018 /home/travis/build/icyphy/ptII/ptolemy/domains/sdf/test/auto/test1.xml
----------------- Instantiating /home/travis/build/icyphy/ptII/ptolemy/domains/sdf/test/auto/test1.xml
3 ms. Memory: 652288K Free: 304741K (47%)
----------------- Invoking toplevel() on ptolemy.moml.MoMLSimpleApplication@2aa7dbea
----------------- Done invoking toplevel() on ptolemy.moml.MoMLSimpleApplication@2aa7dbea
reloadAllAccessors: .test1
----------------- testing Fri May 04 01:06:42 UTC 2018 /home/travis/build/icyphy/ptII/ptolemy/domains/sdf/test/auto/time1.xml
----------------- Instantiating /home/travis/build/icyphy/ptII/ptolemy/domains/sdf/test/auto/time1.xml
2 ms. Memory: 652288K Free: 297163K (46%)
----------------- Invoking toplevel() on ptolemy.moml.MoMLSimpleApplication@388bd7ca
----------------- Done invoking toplevel() on ptolemy.moml.MoMLSimpleApplication@388bd7ca
reloadAllAccessors: .time1
----------------- testing Fri May 04 01:06:42 UTC 2018 /home/travis/build/icyphy/ptII/ptolemy/domains/sdf/test/auto/time2.xml
----------------- Instantiating /home/travis/build/icyphy/ptII/ptolemy/domains/sdf/test/auto/time2.xml
3 ms. Memory: 652288K Free: 289585K (44%)
----------------- Invoking toplevel() on ptolemy.moml.MoMLSimpleApplication@760130a4
----------------- Done invoking toplevel() on ptolemy.moml.MoMLSimpleApplication@760130a4
reloadAllAccessors: .time2
----------------- testing Fri May 04 01:06:42 UTC 2018 /home/travis/build/icyphy/ptII/ptolemy/domains/sdf/test/auto/time3.xml
----------------- Instantiating /home/travis/build/icyphy/ptII/ptolemy/domains/sdf/test/auto/time3.xml
7 ms. Memory: 652288K Free: 276453K (42%)
----------------- Invoking toplevel() on ptolemy.moml.MoMLSimpleApplication@43f44c97
----------------- Done invoking toplevel() on ptolemy.moml.MoMLSimpleApplication@43f44c97
reloadAllAccessors: .time3
----------------- testing Fri May 04 01:06:42 UTC 2018 /home/travis/build/icyphy/ptII/ptolemy/domains/sdf/test/auto/time4.xml
----------------- Instantiating /home/travis/build/icyphy/ptII/ptolemy/domains/sdf/test/auto/time4.xml
6 ms. Memory: 652288K Free: 265086K (41%)
----------------- Invoking toplevel() on ptolemy.moml.MoMLSimpleApplication@fc57093
----------------- Done invoking toplevel() on ptolemy.moml.MoMLSimpleApplication@fc57093
reloadAllAccessors: .time4
----------------- testing Fri May 04 01:06:42 UTC 2018 /home/travis/build/icyphy/ptII/ptolemy/domains/sdf/test/auto/time5.xml
----------------- Instantiating /home/travis/build/icyphy/ptII/ptolemy/domains/sdf/test/auto/time5.xml
4001 ms. Memory: 652288K Free: 257509K (39%)
----------------- Invoking toplevel() on ptolemy.moml.MoMLSimpleApplication@77d531a
----------------- Done invoking toplevel() on ptolemy.moml.MoMLSimpleApplication@77d531a
reloadAllAccessors: .time5
----------------- testing Fri May 04 01:06:46 UTC 2018 /home/travis/build/icyphy/ptII/ptolemy/domains/sdf/test/auto/typeSystem_Const_Integer_smallest_Type.xml
----------------- Instantiating /home/travis/build/icyphy/ptII/ptolemy/domains/sdf/test/auto/typeSystem_Const_Integer_smallest_Type.xml
6 ms. Memory: 652288K Free: 246126K (38%)
----------------- Invoking toplevel() on ptolemy.moml.MoMLSimpleApplication@4d97ed4
----------------- Done invoking toplevel() on ptolemy.moml.MoMLSimpleApplication@4d97ed4
reloadAllAccessors: .typeSystem_Const_Integer_smallest_Type
----------------- testing Fri May 04 01:06:46 UTC 2018 /home/travis/build/icyphy/ptII/ptolemy/domains/sdf/test/auto/typeSystem_declared_Inports_OutportTypeException.xml
----------------- Instantiating /home/travis/build/icyphy/ptII/ptolemy/domains/sdf/test/auto/typeSystem_declared_Inports_OutportTypeException.xml
.typeSystem_declared_Inports_OutportTypeException.TestExceptionAttribute: initialize() was not invoked, but wrapup() was.  This is unusual, but not always a problem.  For example, exporting JNLP will do this.
2 ms. Memory: 652288K Free: 236799K (36%)
----------------- Invoking toplevel() on ptolemy.moml.MoMLSimpleApplication@5c7ac79d
----------------- Done invoking toplevel() on ptolemy.moml.MoMLSimpleApplication@5c7ac79d
reloadAllAccessors: .typeSystem_declared_Inports_OutportTypeException
----------------- testing Fri May 04 01:06:46 UTC 2018 /home/travis/build/icyphy/ptII/ptolemy/domains/sdf/test/auto/typeSystem_oneDeclaredInportType_wrongTypeOutport.xml
----------------- Instantiating /home/travis/build/icyphy/ptII/ptolemy/domains/sdf/test/auto/typeSystem_oneDeclaredInportType_wrongTypeOutport.xml
3 ms. Memory: 652288K Free: 229221K (35%)
----------------- Invoking toplevel() on ptolemy.moml.MoMLSimpleApplication@1dbb29c4
----------------- Done invoking toplevel() on ptolemy.moml.MoMLSimpleApplication@1dbb29c4
reloadAllAccessors: .typeSystem_oneDeclaredInportType_wrongTypeOutport
----------------- testing Fri May 04 01:06:46 UTC 2018 /home/travis/build/icyphy/ptII/ptolemy/domains/sdf/test/auto/width.xml
----------------- Instantiating /home/travis/build/icyphy/ptII/ptolemy/domains/sdf/test/auto/width.xml
2 ms. Memory: 652288K Free: 221644K (34%)
----------------- Invoking toplevel() on ptolemy.moml.MoMLSimpleApplication@3924a3ae
----------------- Done invoking toplevel() on ptolemy.moml.MoMLSimpleApplication@3924a3ae
reloadAllAccessors: .width
----------------- testing Fri May 04 01:06:46 UTC 2018 /home/travis/build/icyphy/ptII/ptolemy/domains/sdf/test/auto/width2.xml
----------------- Instantiating /home/travis/build/icyphy/ptII/ptolemy/domains/sdf/test/auto/width2.xml
30 ms. Memory: 652288K Free: 214066K (33%)
----------------- Invoking toplevel() on ptolemy.moml.MoMLSimpleApplication@53163082
----------------- Done invoking toplevel() on ptolemy.moml.MoMLSimpleApplication@53163082
reloadAllAccessors: .width2
----------------- testing Fri May 04 01:06:46 UTC 2018 /home/travis/build/icyphy/ptII/ptolemy/domains/sdf/test/auto/width3.xml
----------------- Instantiating /home/travis/build/icyphy/ptII/ptolemy/domains/sdf/test/auto/width3.xml
26 ms. Memory: 652288K Free: 206488K (32%)
----------------- Invoking toplevel() on ptolemy.moml.MoMLSimpleApplication@52a7ddfe
----------------- Done invoking toplevel() on ptolemy.moml.MoMLSimpleApplication@52a7ddfe
reloadAllAccessors: .width3
AutoTests.java: About to close Vertx.
AutoTests.java: Vertx closed.
]]></system-out>
  <system-err><![CDATA[java.lang.RuntimeException: Execution failed
	at ptolemy.moml.MoMLSimpleApplication$UnloadThread.run(MoMLSimpleApplication.java:402)
Caused by: ptolemy.actor.sched.NotSchedulableException: No solution exists for the balance equations.
Graph is not consistent under the SDF domain detected on external port .rateConsistency.actor.port2
  in .rateConsistency.SDF Director.Scheduler
	at ptolemy.domains.sdf.kernel.SDFScheduler._propagatePort(SDFScheduler.java:1425)
	at ptolemy.domains.sdf.kernel.SDFScheduler._solveBalanceEquations(SDFScheduler.java:710)
	at ptolemy.domains.sdf.kernel.SDFScheduler._getSchedule(SDFScheduler.java:566)
	at ptolemy.actor.sched.Scheduler.getSchedule(Scheduler.java:189)
	at ptolemy.domains.sdf.kernel.SDFDirector.createSchedule(SDFDirector.java:408)
	at ptolemy.domains.sdf.kernel.SDFDirector.preinitialize(SDFDirector.java:764)
	at ptolemy.actor.CompositeActor.preinitialize(CompositeActor.java:1828)
	at ptolemy.actor.Manager.preinitializeAndResolveTypes(Manager.java:1040)
	at ptolemy.actor.Manager.initialize(Manager.java:710)
	at ptolemy.actor.Manager.execute(Manager.java:356)
	at ptolemy.actor.Manager.run(Manager.java:1263)
	at ptolemy.actor.Manager$PtolemyRunThread.run(Manager.java:1915)
java.lang.RuntimeException: Execution failed
	at ptolemy.moml.MoMLSimpleApplication$UnloadThread.run(MoMLSimpleApplication.java:402)
Caused by: ptolemy.kernel.util.IllegalActionException: Failed to compute schedule:
  in .badRateChanges.typed composite actor.SDF Director
Because:
The SDF rate parameter may change. This is not allowed in SDF models that will be run through the code generator.  If you don't care about code generation, then you might consider setting the allowRateChanges parameter of the SDF director to false.
  in .badRateChanges.typed composite actor.Repeat.output.tokenProductionRate
	at ptolemy.domains.sdf.kernel.SDFDirector.createSchedule(SDFDirector.java:418)
	at ptolemy.domains.sdf.kernel.SDFDirector.preinitialize(SDFDirector.java:764)
	at ptolemy.actor.CompositeActor.preinitialize(CompositeActor.java:1828)
	at ptolemy.actor.Director.preinitialize(Director.java:1302)
	at ptolemy.actor.Director.preinitialize(Director.java:1257)
	at ptolemy.domains.sdf.kernel.SDFDirector.preinitialize(SDFDirector.java:763)
	at ptolemy.actor.CompositeActor.preinitialize(CompositeActor.java:1828)
	at ptolemy.actor.Manager.preinitializeAndResolveTypes(Manager.java:1040)
	at ptolemy.actor.Manager.initialize(Manager.java:710)
	at ptolemy.actor.Manager.execute(Manager.java:356)
	at ptolemy.actor.Manager.run(Manager.java:1263)
	at ptolemy.actor.Manager$PtolemyRunThread.run(Manager.java:1915)
Caused by: ptolemy.kernel.util.IllegalActionException: The SDF rate parameter may change. This is not allowed in SDF models that will be run through the code generator.  If you don't care about code generation, then you might consider setting the allowRateChanges parameter of the SDF director to false.
  in .badRateChanges.typed composite actor.Repeat.output.tokenProductionRate
	at ptolemy.domains.sdf.kernel.SDFScheduler._assertDynamicRateVariable(SDFScheduler.java:931)
	at ptolemy.domains.sdf.kernel.SDFScheduler._checkDynamicRateVariables(SDFScheduler.java:339)
	at ptolemy.domains.sdf.kernel.SDFScheduler._getSchedule(SDFScheduler.java:527)
	at ptolemy.actor.sched.Scheduler.getSchedule(Scheduler.java:189)
	at ptolemy.domains.sdf.kernel.SDFDirector.createSchedule(SDFDirector.java:408)
	... 11 more
java.lang.RuntimeException: Execution failed
	at ptolemy.moml.MoMLSimpleApplication$UnloadThread.run(MoMLSimpleApplication.java:402)
Caused by: ptolemy.kernel.util.IllegalActionException: Failed to compute schedule:
  in .badRateChanges2.typed composite actor.SDF Director
Because:
The SDF rate parameter may change. This is not allowed in SDF models that will be run through the code generator.  If you don't care about code generation, then you might consider setting the allowRateChanges parameter of the SDF director to false.
  in .badRateChanges2.typed composite actor.Repeat.output.tokenProductionRate
	at ptolemy.domains.sdf.kernel.SDFDirector.createSchedule(SDFDirector.java:418)
	at ptolemy.domains.sdf.kernel.SDFDirector.preinitialize(SDFDirector.java:764)
	at ptolemy.actor.CompositeActor.preinitialize(CompositeActor.java:1828)
	at ptolemy.actor.Director.preinitialize(Director.java:1302)
	at ptolemy.actor.Director.preinitialize(Director.java:1257)
	at ptolemy.domains.sdf.kernel.SDFDirector.preinitialize(SDFDirector.java:763)
	at ptolemy.actor.CompositeActor.preinitialize(CompositeActor.java:1828)
	at ptolemy.actor.Manager.preinitializeAndResolveTypes(Manager.java:1040)
	at ptolemy.actor.Manager.initialize(Manager.java:710)
	at ptolemy.actor.Manager.execute(Manager.java:356)
	at ptolemy.actor.Manager.run(Manager.java:1263)
	at ptolemy.actor.Manager$PtolemyRunThread.run(Manager.java:1915)
Caused by: ptolemy.kernel.util.IllegalActionException: The SDF rate parameter may change. This is not allowed in SDF models that will be run through the code generator.  If you don't care about code generation, then you might consider setting the allowRateChanges parameter of the SDF director to false.
  in .badRateChanges2.typed composite actor.Repeat.output.tokenProductionRate
	at ptolemy.domains.sdf.kernel.SDFScheduler._assertDynamicRateVariable(SDFScheduler.java:931)
	at ptolemy.domains.sdf.kernel.SDFScheduler._checkDynamicRateVariables(SDFScheduler.java:339)
	at ptolemy.domains.sdf.kernel.SDFScheduler._getSchedule(SDFScheduler.java:527)
	at ptolemy.actor.sched.Scheduler.getSchedule(Scheduler.java:189)
	at ptolemy.domains.sdf.kernel.SDFDirector.createSchedule(SDFDirector.java:408)
	... 11 more
java.lang.RuntimeException: Execution failed
	at ptolemy.moml.MoMLSimpleApplication$UnloadThread.run(MoMLSimpleApplication.java:402)
Caused by: ptolemy.actor.sched.NotSchedulableException: Actors remain that cannot be scheduled!

There are several possible reasons:
* SDF Graphs with feedback loops should have an actor with a delay in the loop, such as a SampleDelay.
* The SDF director has an "allowDisconnectedGraphs"parameter, which, when true, permits disconnected SDF graphs.
* The token consumption rate and production rates might be mismatched.
Usually, actors produce one token or consume one token on a port.  To produce or consume multiple tokens per firing, add a "tokenConsumptionRate" or "tokenProductionRate" parameter to the appropriate port.
Unscheduled actors:
.partiallyConnected.Const2 
Scheduled actors:
.partiallyConnected.Const 
  in .partiallyConnected.SDF Director.Scheduler
	at ptolemy.domains.sdf.kernel.SDFScheduler._scheduleConnectedActors(SDFScheduler.java:1828)
	at ptolemy.domains.sdf.kernel.SDFScheduler._getSchedule(SDFScheduler.java:587)
	at ptolemy.actor.sched.Scheduler.getSchedule(Scheduler.java:189)
	at ptolemy.domains.sdf.kernel.SDFDirector.createSchedule(SDFDirector.java:408)
	at ptolemy.domains.sdf.kernel.SDFDirector.preinitialize(SDFDirector.java:764)
	at ptolemy.actor.CompositeActor.preinitialize(CompositeActor.java:1828)
	at ptolemy.actor.Manager.preinitializeAndResolveTypes(Manager.java:1040)
	at ptolemy.actor.Manager.initialize(Manager.java:710)
	at ptolemy.actor.Manager.execute(Manager.java:356)
	at ptolemy.actor.Manager.run(Manager.java:1263)
	at ptolemy.actor.Manager$PtolemyRunThread.run(Manager.java:1915)
]]></system-err>
</testsuite>
