<?xml version="1.0" encoding="UTF-8" ?>
<testsuite errors="0" failures="0" hostname="travis-job-825f7779-39c1-4e72-a3fa-ad191e7b9a9a" name="ptolemy.domains.sdf.test.junit.JUnitTclTest" skipped="0" tests="66" time="18.838" timestamp="2018-05-22T23:37:48">
  <properties>
[...]
</properties>
  <testcase classname="ptolemy.util.test.junit.TclTests" name="[0] /home/travis/build/icyphy/ptII/ptolemy/domains/sdf/test/SDFSchedulerErrors.tcl (RunTclFile)" time="0.582" />
  <testcase classname="ptolemy.util.test.junit.TclTests" name="[1] /home/travis/build/icyphy/ptII/ptolemy/domains/sdf/test/composition.tcl (RunTclFile)" time="0.13" />
  <testcase classname="ptolemy.util.test.junit.TclTests" name="[2] /home/travis/build/icyphy/ptII/ptolemy/domains/sdf/test/cycle.tcl (RunTclFile)" time="0.029" />
  <testcase classname="ptolemy.util.test.junit.AutoKnownFailedTests" name="[0] ThereAreNoKnowFailedTests (RunModel)" time="0.0" />
  <testcase classname="ptolemy.util.test.junit.AutoNameArchTests" name="[0] ThereAreNoAutoTests (RunModel)" time="0.0" />
  <testcase classname="ptolemy.util.test.junit.AutoTests" name="[0] /home/travis/build/icyphy/ptII/ptolemy/domains/sdf/test/auto/Array.xml (RunModel)" time="0.194" />
  <testcase classname="ptolemy.util.test.junit.AutoTests" name="[1] /home/travis/build/icyphy/ptII/ptolemy/domains/sdf/test/auto/Butterfly.xml (RunModel)" time="0.096" />
  <testcase classname="ptolemy.util.test.junit.AutoTests" name="[2] /home/travis/build/icyphy/ptII/ptolemy/domains/sdf/test/auto/Expression.xml (RunModel)" time="0.061" />
  <testcase classname="ptolemy.util.test.junit.AutoTests" name="[3] /home/travis/build/icyphy/ptII/ptolemy/domains/sdf/test/auto/Eye.xml (RunModel)" time="0.283" />
  <testcase classname="ptolemy.util.test.junit.AutoTests" name="[4] /home/travis/build/icyphy/ptII/ptolemy/domains/sdf/test/auto/FixFIR.xml (RunModel)" time="0.325" />
  <testcase classname="ptolemy.util.test.junit.AutoTests" name="[5] /home/travis/build/icyphy/ptII/ptolemy/domains/sdf/test/auto/FixPoint.xml (RunModel)" time="0.06" />
  <testcase classname="ptolemy.util.test.junit.AutoTests" name="[6] /home/travis/build/icyphy/ptII/ptolemy/domains/sdf/test/auto/Gravitation.xml (RunModel)" time="3.248" />
  <testcase classname="ptolemy.util.test.junit.AutoTests" name="[7] /home/travis/build/icyphy/ptII/ptolemy/domains/sdf/test/auto/GravitationWithCollisionDetection.xml (RunModel)" time="5.853" />
  <testcase classname="ptolemy.util.test.junit.AutoTests" name="[8] /home/travis/build/icyphy/ptII/ptolemy/domains/sdf/test/auto/HDF.xml (RunModel)" time="0.114" />
  <testcase classname="ptolemy.util.test.junit.AutoTests" name="[9] /home/travis/build/icyphy/ptII/ptolemy/domains/sdf/test/auto/HDFwithTransientStates.xml (RunModel)" time="0.084" />
  <testcase classname="ptolemy.util.test.junit.AutoTests" name="[10] /home/travis/build/icyphy/ptII/ptolemy/domains/sdf/test/auto/HTVQ.xml (RunModel)" time="0.735" />
  <testcase classname="ptolemy.util.test.junit.AutoTests" name="[11] /home/travis/build/icyphy/ptII/ptolemy/domains/sdf/test/auto/InferInitProduction.xml (RunModel)" time="0.032" />
  <testcase classname="ptolemy.util.test.junit.AutoTests" name="[12] /home/travis/build/icyphy/ptII/ptolemy/domains/sdf/test/auto/InferInitProductionDeeper.xml (RunModel)" time="0.034" />
  <testcase classname="ptolemy.util.test.junit.AutoTests" name="[13] /home/travis/build/icyphy/ptII/ptolemy/domains/sdf/test/auto/LMSAdaptive.xml (RunModel)" time="0.076" />
  <testcase classname="ptolemy.util.test.junit.AutoTests" name="[14] /home/travis/build/icyphy/ptII/ptolemy/domains/sdf/test/auto/LogisticMap.xml (RunModel)" time="0.462" />
  <testcase classname="ptolemy.util.test.junit.AutoTests" name="[15] /home/travis/build/icyphy/ptII/ptolemy/domains/sdf/test/auto/MaximumEntropySpectrum.xml (RunModel)" time="0.223" />
  <testcase classname="ptolemy.util.test.junit.AutoTests" name="[16] /home/travis/build/icyphy/ptII/ptolemy/domains/sdf/test/auto/MultirateSDF.xml (RunModel)" time="0.062" />
  <testcase classname="ptolemy.util.test.junit.AutoTests" name="[17] /home/travis/build/icyphy/ptII/ptolemy/domains/sdf/test/auto/MultirateSDFwithTransientStates.xml (RunModel)" time="0.076" />
  <testcase classname="ptolemy.util.test.junit.AutoTests" name="[18] /home/travis/build/icyphy/ptII/ptolemy/domains/sdf/test/auto/NoisySinewave.xml (RunModel)" time="0.065" />
  <testcase classname="ptolemy.util.test.junit.AutoTests" name="[19] /home/travis/build/icyphy/ptII/ptolemy/domains/sdf/test/auto/Objects.xml (RunModel)" time="0.064" />
  <testcase classname="ptolemy.util.test.junit.AutoTests" name="[20] /home/travis/build/icyphy/ptII/ptolemy/domains/sdf/test/auto/OrthogonalCom.xml (RunModel)" time="0.042" />
  <testcase classname="ptolemy.util.test.junit.AutoTests" name="[21] /home/travis/build/icyphy/ptII/ptolemy/domains/sdf/test/auto/RijndaelEncryption.xml (RunModel)" time="0.552" />
  <testcase classname="ptolemy.util.test.junit.AutoTests" name="[22] /home/travis/build/icyphy/ptII/ptolemy/domains/sdf/test/auto/SDFEmptyIterations.xml (RunModel)" time="0.023" />
  <testcase classname="ptolemy.util.test.junit.AutoTests" name="[23] /home/travis/build/icyphy/ptII/ptolemy/domains/sdf/test/auto/Spectrum.xml (RunModel)" time="0.072" />
  <testcase classname="ptolemy.util.test.junit.AutoTests" name="[24] /home/travis/build/icyphy/ptII/ptolemy/domains/sdf/test/auto/de_inside_sdf.xml (RunModel)" time="0.024" />
  <testcase classname="ptolemy.util.test.junit.AutoTests" name="[25] /home/travis/build/icyphy/ptII/ptolemy/domains/sdf/test/auto/disconnectedHierarchicalSDF.xml (RunModel)" time="0.021" />
  <testcase classname="ptolemy.util.test.junit.AutoTests" name="[26] /home/travis/build/icyphy/ptII/ptolemy/domains/sdf/test/auto/disconnectedSDF.xml (RunModel)" time="0.019" />
  <testcase classname="ptolemy.util.test.junit.AutoTests" name="[27] /home/travis/build/icyphy/ptII/ptolemy/domains/sdf/test/auto/emptyRefinement.xml (RunModel)" time="0.02" />
  <testcase classname="ptolemy.util.test.junit.AutoTests" name="[28] /home/travis/build/icyphy/ptII/ptolemy/domains/sdf/test/auto/filePortParameter.xml (RunModel)" time="0.05" />
  <testcase classname="ptolemy.util.test.junit.AutoTests" name="[29] /home/travis/build/icyphy/ptII/ptolemy/domains/sdf/test/auto/inferRelationWidth1.xml (RunModel)" time="0.013" />
  <testcase classname="ptolemy.util.test.junit.AutoTests" name="[30] /home/travis/build/icyphy/ptII/ptolemy/domains/sdf/test/auto/initProductionInference.xml (RunModel)" time="0.016" />
  <testcase classname="ptolemy.util.test.junit.AutoTests" name="[31] /home/travis/build/icyphy/ptII/ptolemy/domains/sdf/test/auto/relationGroup.xml (RunModel)" time="0.012" />
  <testcase classname="ptolemy.util.test.junit.AutoTests" name="[32] /home/travis/build/icyphy/ptII/ptolemy/domains/sdf/test/auto/relationGroup10.xml (RunModel)" time="0.013" />
  <testcase classname="ptolemy.util.test.junit.AutoTests" name="[33] /home/travis/build/icyphy/ptII/ptolemy/domains/sdf/test/auto/relationGroup11.xml (RunModel)" time="0.013" />
  <testcase classname="ptolemy.util.test.junit.AutoTests" name="[34] /home/travis/build/icyphy/ptII/ptolemy/domains/sdf/test/auto/relationGroup12.xml (RunModel)" time="0.013" />
  <testcase classname="ptolemy.util.test.junit.AutoTests" name="[35] /home/travis/build/icyphy/ptII/ptolemy/domains/sdf/test/auto/relationGroup13.xml (RunModel)" time="0.015" />
  <testcase classname="ptolemy.util.test.junit.AutoTests" name="[36] /home/travis/build/icyphy/ptII/ptolemy/domains/sdf/test/auto/relationGroup14.xml (RunModel)" time="0.015" />
  <testcase classname="ptolemy.util.test.junit.AutoTests" name="[37] /home/travis/build/icyphy/ptII/ptolemy/domains/sdf/test/auto/relationGroup15.xml (RunModel)" time="0.009" />
  <testcase classname="ptolemy.util.test.junit.AutoTests" name="[38] /home/travis/build/icyphy/ptII/ptolemy/domains/sdf/test/auto/relationGroup2.xml (RunModel)" time="0.016" />
  <testcase classname="ptolemy.util.test.junit.AutoTests" name="[39] /home/travis/build/icyphy/ptII/ptolemy/domains/sdf/test/auto/relationGroup3.xml (RunModel)" time="0.012" />
  <testcase classname="ptolemy.util.test.junit.AutoTests" name="[40] /home/travis/build/icyphy/ptII/ptolemy/domains/sdf/test/auto/relationGroup4.xml (RunModel)" time="0.019" />
  <testcase classname="ptolemy.util.test.junit.AutoTests" name="[41] /home/travis/build/icyphy/ptII/ptolemy/domains/sdf/test/auto/relationGroup5.xml (RunModel)" time="0.021" />
  <testcase classname="ptolemy.util.test.junit.AutoTests" name="[42] /home/travis/build/icyphy/ptII/ptolemy/domains/sdf/test/auto/relationGroup6.xml (RunModel)" time="0.023" />
  <testcase classname="ptolemy.util.test.junit.AutoTests" name="[43] /home/travis/build/icyphy/ptII/ptolemy/domains/sdf/test/auto/relationGroup7.xml (RunModel)" time="0.012" />
  <testcase classname="ptolemy.util.test.junit.AutoTests" name="[44] /home/travis/build/icyphy/ptII/ptolemy/domains/sdf/test/auto/relationGroup8.xml (RunModel)" time="0.013" />
  <testcase classname="ptolemy.util.test.junit.AutoTests" name="[45] /home/travis/build/icyphy/ptII/ptolemy/domains/sdf/test/auto/relationGroup9.xml (RunModel)" time="0.018" />
  <testcase classname="ptolemy.util.test.junit.AutoTests" name="[46] /home/travis/build/icyphy/ptII/ptolemy/domains/sdf/test/auto/sdf_inside_de.xml (RunModel)" time="0.046" />
  <testcase classname="ptolemy.util.test.junit.AutoTests" name="[47] /home/travis/build/icyphy/ptII/ptolemy/domains/sdf/test/auto/sdf_inside_pn.xml (RunModel)" time="0.064" />
  <testcase classname="ptolemy.util.test.junit.AutoTests" name="[48] /home/travis/build/icyphy/ptII/ptolemy/domains/sdf/test/auto/sdf_sdf1.xml (RunModel)" time="0.018" />
  <testcase classname="ptolemy.util.test.junit.AutoTests" name="[49] /home/travis/build/icyphy/ptII/ptolemy/domains/sdf/test/auto/test1.xml (RunModel)" time="0.015" />
  <testcase classname="ptolemy.util.test.junit.AutoTests" name="[50] /home/travis/build/icyphy/ptII/ptolemy/domains/sdf/test/auto/time1.xml (RunModel)" time="0.011" />
  <testcase classname="ptolemy.util.test.junit.AutoTests" name="[51] /home/travis/build/icyphy/ptII/ptolemy/domains/sdf/test/auto/time2.xml (RunModel)" time="0.01" />
  <testcase classname="ptolemy.util.test.junit.AutoTests" name="[52] /home/travis/build/icyphy/ptII/ptolemy/domains/sdf/test/auto/time3.xml (RunModel)" time="0.022" />
  <testcase classname="ptolemy.util.test.junit.AutoTests" name="[53] /home/travis/build/icyphy/ptII/ptolemy/domains/sdf/test/auto/time4.xml (RunModel)" time="0.017" />
  <testcase classname="ptolemy.util.test.junit.AutoTests" name="[54] /home/travis/build/icyphy/ptII/ptolemy/domains/sdf/test/auto/time5.xml (RunModel)" time="4.009" />
  <testcase classname="ptolemy.util.test.junit.AutoTests" name="[55] /home/travis/build/icyphy/ptII/ptolemy/domains/sdf/test/auto/typeSystem_Const_Integer_smallest_Type.xml (RunModel)" time="0.025" />
  <testcase classname="ptolemy.util.test.junit.AutoTests" name="[56] /home/travis/build/icyphy/ptII/ptolemy/domains/sdf/test/auto/typeSystem_declared_Inports_OutportTypeException.xml (RunModel)" time="0.017" />
  <testcase classname="ptolemy.util.test.junit.AutoTests" name="[57] /home/travis/build/icyphy/ptII/ptolemy/domains/sdf/test/auto/typeSystem_oneDeclaredInportType_wrongTypeOutport.xml (RunModel)" time="0.014" />
  <testcase classname="ptolemy.util.test.junit.AutoTests" name="[58] /home/travis/build/icyphy/ptII/ptolemy/domains/sdf/test/auto/width.xml (RunModel)" time="0.019" />
  <testcase classname="ptolemy.util.test.junit.AutoTests" name="[59] /home/travis/build/icyphy/ptII/ptolemy/domains/sdf/test/auto/width2.xml (RunModel)" time="0.03" />
  <testcase classname="ptolemy.util.test.junit.AutoTests" name="[60] /home/travis/build/icyphy/ptII/ptolemy/domains/sdf/test/auto/width3.xml (RunModel)" time="0.057" />
  <system-out><![CDATA[/home/travis/build/icyphy/ptII/ptolemy/domains/sdf/test/SDFSchedulerErrors.tcl
testDefs.tcl: setting time out to 9000 seconds at Tue May 22 23:37:48 UTC 2018
15 ms. Memory: 116224K Free: 106905K (92%)
5 ms. Memory: 116224K Free: 99746K (86%)
4 ms. Memory: 116224K Free: 92708K (80%)
5 ms. Memory: 116224K Free: 89645K (77%)
/home/travis/build/icyphy/ptII/ptolemy/domains/sdf/test/composition.tcl
37 ms. Memory: 116224K Free: 86020K (74%)
6 ms. Memory: 116224K Free: 84202K (72%)
/home/travis/build/icyphy/ptII/ptolemy/domains/sdf/test/cycle.tcl
.Toplevel.Director Preinitializing ...
Invoking preinitialize():  .Toplevel.Actor1
Invoking preinitialize():  .Toplevel.Actor2
Invoking preinitialize():  .Toplevel.Delay
.Toplevel.Director Finished preinitialize().
### Schedule:
Execute Schedule{
Fire Actor ptolemy.domains.sdf.kernel.test.SDFTestDelay {.Toplevel.Actor1}
Fire Actor ptolemy.domains.sdf.kernel.test.SDFTestDelay {.Toplevel.Actor2}
Fire Actor ptolemy.domains.sdf.lib.SampleDelay {.Toplevel.Delay}
}
### End schedule
Called initialize().
Invoking initialize():  .Toplevel.Actor1
Initializing actor: .Toplevel.Actor1.
Invoking initialize():  .Toplevel.Actor2
Initializing actor: .Toplevel.Actor2.
Invoking initialize():  .Toplevel.Delay
Initializing actor: .Toplevel.Delay.
Director: Called prefire().
-- Setting current time to 0.0
Director prefire returns true.
The actor .Toplevel.Actor1 will be iterated.
The actor .Toplevel.Actor1 was iterated.
The actor .Toplevel.Actor2 will be iterated.
The actor .Toplevel.Actor2 was iterated.
The actor .Toplevel.Delay will be iterated.
The actor .Toplevel.Delay was iterated.
Director: Called postfire().
Postfire returns: true
Director: Called prefire().
-- Setting current time to 0.0
Director prefire returns true.
The actor .Toplevel.Actor1 will be iterated.
The actor .Toplevel.Actor1 was iterated.
The actor .Toplevel.Actor2 will be iterated.
The actor .Toplevel.Actor2 was iterated.
The actor .Toplevel.Delay will be iterated.
The actor .Toplevel.Delay was iterated.
Director: Called postfire().
Postfire returns: true
Director: Called prefire().
-- Setting current time to 0.0
Director prefire returns true.
The actor .Toplevel.Actor1 will be iterated.
The actor .Toplevel.Actor1 was iterated.
The actor .Toplevel.Actor2 will be iterated.
The actor .Toplevel.Actor2 was iterated.
The actor .Toplevel.Delay will be iterated.
The actor .Toplevel.Delay was iterated.
Director: Called postfire().
Postfire returns: true
Director: Called prefire().
-- Setting current time to 0.0
Director prefire returns true.
The actor .Toplevel.Actor1 will be iterated.
The actor .Toplevel.Actor1 was iterated.
The actor .Toplevel.Actor2 will be iterated.
The actor .Toplevel.Actor2 was iterated.
The actor .Toplevel.Delay will be iterated.
The actor .Toplevel.Delay was iterated.
Director: Called postfire().
Postfire returns: true
Director: Called prefire().
-- Setting current time to 0.0
Director prefire returns true.
The actor .Toplevel.Actor1 will be iterated.
The actor .Toplevel.Actor1 was iterated.
The actor .Toplevel.Actor2 will be iterated.
The actor .Toplevel.Actor2 was iterated.
The actor .Toplevel.Delay will be iterated.
The actor .Toplevel.Delay was iterated.
Director: Called postfire().
Postfire returns: true
Director: Called prefire().
-- Setting current time to 0.0
Director prefire returns true.
The actor .Toplevel.Actor1 will be iterated.
The actor .Toplevel.Actor1 was iterated.
The actor .Toplevel.Actor2 will be iterated.
The actor .Toplevel.Actor2 was iterated.
The actor .Toplevel.Delay will be iterated.
The actor .Toplevel.Delay was iterated.
Reached specified number of iterations: 6
Director: Called wrapup().
12 ms. Memory: 116224K Free: 81797K (70%)
05/22/18 11:37:49
Failed: 0  Total Tests: 8  ((Passed: 8, Newly Passed: 0)  Known Failed: 0) /home/travis/build/icyphy/ptII/ptolemy/domains/sdf/test
No auto/knownFailedTests/*.xml tests in /home/travis/build/icyphy/ptII/ptolemy/domains/sdf/test
No auto/*.xml tests in /home/travis/build/icyphy/ptII/ptolemy/domains/sdf/test
AutoTests.java: About to close Vertx.
AutoTests.java: Vertx closed.
----------------- testing Tue May 22 23:37:49 UTC 2018 /home/travis/build/icyphy/ptII/ptolemy/domains/sdf/test/auto/Array.xml
----------------- Instantiating /home/travis/build/icyphy/ptII/ptolemy/domains/sdf/test/auto/Array.xml
34 ms. Memory: 146944K Free: 102717K (70%)
----------------- Invoking toplevel() on ptolemy.moml.MoMLSimpleApplication@33f8885
----------------- Done invoking toplevel() on ptolemy.moml.MoMLSimpleApplication@33f8885
reloadAllAccessors: .Array
----------------- testing Tue May 22 23:37:49 UTC 2018 /home/travis/build/icyphy/ptII/ptolemy/domains/sdf/test/auto/Butterfly.xml
----------------- Instantiating /home/travis/build/icyphy/ptII/ptolemy/domains/sdf/test/auto/Butterfly.xml
49 ms. Memory: 146944K Free: 97130K (66%)
----------------- Invoking toplevel() on ptolemy.moml.MoMLSimpleApplication@63399c87
----------------- Done invoking toplevel() on ptolemy.moml.MoMLSimpleApplication@63399c87
reloadAllAccessors: .Butterfly
----------------- testing Tue May 22 23:37:49 UTC 2018 /home/travis/build/icyphy/ptII/ptolemy/domains/sdf/test/auto/Expression.xml
----------------- Instantiating /home/travis/build/icyphy/ptII/ptolemy/domains/sdf/test/auto/Expression.xml
43 ms. Memory: 146944K Free: 91552K (62%)
----------------- Invoking toplevel() on ptolemy.moml.MoMLSimpleApplication@735684f9
----------------- Done invoking toplevel() on ptolemy.moml.MoMLSimpleApplication@735684f9
reloadAllAccessors: .Expression
----------------- testing Tue May 22 23:37:49 UTC 2018 /home/travis/build/icyphy/ptII/ptolemy/domains/sdf/test/auto/Eye.xml
----------------- Instantiating /home/travis/build/icyphy/ptII/ptolemy/domains/sdf/test/auto/Eye.xml
202 ms. Memory: 146944K Free: 121012K (82%)
----------------- Invoking toplevel() on ptolemy.moml.MoMLSimpleApplication@3500b44e
----------------- Done invoking toplevel() on ptolemy.moml.MoMLSimpleApplication@3500b44e
reloadAllAccessors: .Eye
----------------- testing Tue May 22 23:37:50 UTC 2018 /home/travis/build/icyphy/ptII/ptolemy/domains/sdf/test/auto/FixFIR.xml
----------------- Instantiating /home/travis/build/icyphy/ptII/ptolemy/domains/sdf/test/auto/FixFIR.xml
142 ms. Memory: 146944K Free: 82236K (56%)
----------------- Invoking toplevel() on ptolemy.moml.MoMLSimpleApplication@79d74a25
----------------- Done invoking toplevel() on ptolemy.moml.MoMLSimpleApplication@79d74a25
reloadAllAccessors: .FixFIR
----------------- testing Tue May 22 23:37:50 UTC 2018 /home/travis/build/icyphy/ptII/ptolemy/domains/sdf/test/auto/FixPoint.xml
----------------- Instantiating /home/travis/build/icyphy/ptII/ptolemy/domains/sdf/test/auto/FixPoint.xml
30 ms. Memory: 208384K Free: 200486K (96%)
----------------- Invoking toplevel() on ptolemy.moml.MoMLSimpleApplication@772e0a31
----------------- Done invoking toplevel() on ptolemy.moml.MoMLSimpleApplication@772e0a31
reloadAllAccessors: .FixPoint
----------------- testing Tue May 22 23:37:50 UTC 2018 /home/travis/build/icyphy/ptII/ptolemy/domains/sdf/test/auto/Gravitation.xml
----------------- Instantiating /home/travis/build/icyphy/ptII/ptolemy/domains/sdf/test/auto/Gravitation.xml
3160 ms. Memory: 208384K Free: 109345K (52%)
----------------- Invoking toplevel() on ptolemy.moml.MoMLSimpleApplication@703caef9
----------------- Done invoking toplevel() on ptolemy.moml.MoMLSimpleApplication@703caef9
reloadAllAccessors: .Gravitation
----------------- testing Tue May 22 23:37:53 UTC 2018 /home/travis/build/icyphy/ptII/ptolemy/domains/sdf/test/auto/GravitationWithCollisionDetection.xml
----------------- Instantiating /home/travis/build/icyphy/ptII/ptolemy/domains/sdf/test/auto/GravitationWithCollisionDetection.xml
5663 ms. Memory: 874496K Free: 343668K (39%)
----------------- Invoking toplevel() on ptolemy.moml.MoMLSimpleApplication@508cdddf
----------------- Done invoking toplevel() on ptolemy.moml.MoMLSimpleApplication@508cdddf
reloadAllAccessors: .GravitationWithCollisionDetection
----------------- testing Tue May 22 23:37:59 UTC 2018 /home/travis/build/icyphy/ptII/ptolemy/domains/sdf/test/auto/HDF.xml
----------------- Instantiating /home/travis/build/icyphy/ptII/ptolemy/domains/sdf/test/auto/HDF.xml
42 ms. Memory: 874496K Free: 313011K (36%)
----------------- Invoking toplevel() on ptolemy.moml.MoMLSimpleApplication@9d733ed
----------------- Done invoking toplevel() on ptolemy.moml.MoMLSimpleApplication@9d733ed
reloadAllAccessors: .HDF
----------------- testing Tue May 22 23:37:59 UTC 2018 /home/travis/build/icyphy/ptII/ptolemy/domains/sdf/test/auto/HDFwithTransientStates.xml
----------------- Instantiating /home/travis/build/icyphy/ptII/ptolemy/domains/sdf/test/auto/HDFwithTransientStates.xml
26 ms. Memory: 874496K Free: 289417K (33%)
----------------- Invoking toplevel() on ptolemy.moml.MoMLSimpleApplication@12142454
----------------- Done invoking toplevel() on ptolemy.moml.MoMLSimpleApplication@12142454
reloadAllAccessors: .HDFwithTransientStates
----------------- testing Tue May 22 23:37:59 UTC 2018 /home/travis/build/icyphy/ptII/ptolemy/domains/sdf/test/auto/HTVQ.xml
----------------- Instantiating /home/travis/build/icyphy/ptII/ptolemy/domains/sdf/test/auto/HTVQ.xml
692 ms. Memory: 874496K Free: 116399K (13%)
----------------- Invoking toplevel() on ptolemy.moml.MoMLSimpleApplication@4cba58d6
----------------- Done invoking toplevel() on ptolemy.moml.MoMLSimpleApplication@4cba58d6
reloadAllAccessors: .HTVQ
----------------- testing Tue May 22 23:38:00 UTC 2018 /home/travis/build/icyphy/ptII/ptolemy/domains/sdf/test/auto/InferInitProduction.xml
----------------- Instantiating /home/travis/build/icyphy/ptII/ptolemy/domains/sdf/test/auto/InferInitProduction.xml
11 ms. Memory: 874496K Free: 100680K (12%)
----------------- Invoking toplevel() on ptolemy.moml.MoMLSimpleApplication@405573a8
----------------- Done invoking toplevel() on ptolemy.moml.MoMLSimpleApplication@405573a8
reloadAllAccessors: .InferInitProduction
----------------- testing Tue May 22 23:38:00 UTC 2018 /home/travis/build/icyphy/ptII/ptolemy/domains/sdf/test/auto/InferInitProductionDeeper.xml
----------------- Instantiating /home/travis/build/icyphy/ptII/ptolemy/domains/sdf/test/auto/InferInitProductionDeeper.xml
7 ms. Memory: 874496K Free: 84962K (10%)
----------------- Invoking toplevel() on ptolemy.moml.MoMLSimpleApplication@5c13f612
----------------- Done invoking toplevel() on ptolemy.moml.MoMLSimpleApplication@5c13f612
reloadAllAccessors: .InferInitProductionDeeper
----------------- testing Tue May 22 23:38:00 UTC 2018 /home/travis/build/icyphy/ptII/ptolemy/domains/sdf/test/auto/LMSAdaptive.xml
----------------- Instantiating /home/travis/build/icyphy/ptII/ptolemy/domains/sdf/test/auto/LMSAdaptive.xml
19 ms. Memory: 875008K Free: 857733K (98%)
----------------- Invoking toplevel() on ptolemy.moml.MoMLSimpleApplication@540b342b
----------------- Done invoking toplevel() on ptolemy.moml.MoMLSimpleApplication@540b342b
reloadAllAccessors: .LMSAdaptive
----------------- testing Tue May 22 23:38:00 UTC 2018 /home/travis/build/icyphy/ptII/ptolemy/domains/sdf/test/auto/LogisticMap.xml
----------------- Instantiating /home/travis/build/icyphy/ptII/ptolemy/domains/sdf/test/auto/LogisticMap.xml
431 ms. Memory: 875008K Free: 840978K (96%)
----------------- Invoking toplevel() on ptolemy.moml.MoMLSimpleApplication@391b1000
----------------- Done invoking toplevel() on ptolemy.moml.MoMLSimpleApplication@391b1000
reloadAllAccessors: .LogisticMap
----------------- testing Tue May 22 23:38:01 UTC 2018 /home/travis/build/icyphy/ptII/ptolemy/domains/sdf/test/auto/MaximumEntropySpectrum.xml
----------------- Instantiating /home/travis/build/icyphy/ptII/ptolemy/domains/sdf/test/auto/MaximumEntropySpectrum.xml
43 ms. Memory: 875008K Free: 772760K (88%)
----------------- Invoking toplevel() on ptolemy.moml.MoMLSimpleApplication@2c569f1a
----------------- Done invoking toplevel() on ptolemy.moml.MoMLSimpleApplication@2c569f1a
reloadAllAccessors: .MaximumEntropySpectrum
----------------- testing Tue May 22 23:38:01 UTC 2018 /home/travis/build/icyphy/ptII/ptolemy/domains/sdf/test/auto/MultirateSDF.xml
----------------- Instantiating /home/travis/build/icyphy/ptII/ptolemy/domains/sdf/test/auto/MultirateSDF.xml
19 ms. Memory: 875008K Free: 751786K (86%)
----------------- Invoking toplevel() on ptolemy.moml.MoMLSimpleApplication@4290bd4a
----------------- Done invoking toplevel() on ptolemy.moml.MoMLSimpleApplication@4290bd4a
reloadAllAccessors: .MultirateSDF
----------------- testing Tue May 22 23:38:01 UTC 2018 /home/travis/build/icyphy/ptII/ptolemy/domains/sdf/test/auto/MultirateSDFwithTransientStates.xml
----------------- Instantiating /home/travis/build/icyphy/ptII/ptolemy/domains/sdf/test/auto/MultirateSDFwithTransientStates.xml
19 ms. Memory: 875008K Free: 730812K (84%)
----------------- Invoking toplevel() on ptolemy.moml.MoMLSimpleApplication@2c125e8d
----------------- Done invoking toplevel() on ptolemy.moml.MoMLSimpleApplication@2c125e8d
reloadAllAccessors: .MultirateSDFwithTransientStates
----------------- testing Tue May 22 23:38:01 UTC 2018 /home/travis/build/icyphy/ptII/ptolemy/domains/sdf/test/auto/NoisySinewave.xml
----------------- Instantiating /home/travis/build/icyphy/ptII/ptolemy/domains/sdf/test/auto/NoisySinewave.xml
12 ms. Memory: 875008K Free: 709822K (81%)
----------------- Invoking toplevel() on ptolemy.moml.MoMLSimpleApplication@7e0b55f6
----------------- Done invoking toplevel() on ptolemy.moml.MoMLSimpleApplication@7e0b55f6
reloadAllAccessors: .NoisySinewave
----------------- testing Tue May 22 23:38:01 UTC 2018 /home/travis/build/icyphy/ptII/ptolemy/domains/sdf/test/auto/Objects.xml
----------------- Instantiating /home/travis/build/icyphy/ptII/ptolemy/domains/sdf/test/auto/Objects.xml
3 ms. Memory: 875008K Free: 694103K (79%)
----------------- Invoking toplevel() on ptolemy.moml.MoMLSimpleApplication@54dd0de9
----------------- Done invoking toplevel() on ptolemy.moml.MoMLSimpleApplication@54dd0de9
reloadAllAccessors: .Objects
----------------- testing Tue May 22 23:38:01 UTC 2018 /home/travis/build/icyphy/ptII/ptolemy/domains/sdf/test/auto/OrthogonalCom.xml
----------------- Instantiating /home/travis/build/icyphy/ptII/ptolemy/domains/sdf/test/auto/OrthogonalCom.xml
8 ms. Memory: 875008K Free: 676352K (77%)
----------------- Invoking toplevel() on ptolemy.moml.MoMLSimpleApplication@3a7e7efe
----------------- Done invoking toplevel() on ptolemy.moml.MoMLSimpleApplication@3a7e7efe
reloadAllAccessors: .OrthogonalCom
----------------- testing Tue May 22 23:38:01 UTC 2018 /home/travis/build/icyphy/ptII/ptolemy/domains/sdf/test/auto/RijndaelEncryption.xml
----------------- Instantiating /home/travis/build/icyphy/ptII/ptolemy/domains/sdf/test/auto/RijndaelEncryption.xml
276 ms. Memory: 875008K Free: 513663K (59%)
----------------- Invoking toplevel() on ptolemy.moml.MoMLSimpleApplication@4362338a
----------------- Done invoking toplevel() on ptolemy.moml.MoMLSimpleApplication@4362338a
reloadAllAccessors: .RijndaelEncryption
----------------- testing Tue May 22 23:38:02 UTC 2018 /home/travis/build/icyphy/ptII/ptolemy/domains/sdf/test/auto/SDFEmptyIterations.xml
----------------- Instantiating /home/travis/build/icyphy/ptII/ptolemy/domains/sdf/test/auto/SDFEmptyIterations.xml
5 ms. Memory: 875008K Free: 503184K (58%)
----------------- Invoking toplevel() on ptolemy.moml.MoMLSimpleApplication@17914b3a
----------------- Done invoking toplevel() on ptolemy.moml.MoMLSimpleApplication@17914b3a
reloadAllAccessors: .SDFEmptyIterations
----------------- testing Tue May 22 23:38:02 UTC 2018 /home/travis/build/icyphy/ptII/ptolemy/domains/sdf/test/auto/Spectrum.xml
----------------- Instantiating /home/travis/build/icyphy/ptII/ptolemy/domains/sdf/test/auto/Spectrum.xml
37 ms. Memory: 875008K Free: 482226K (55%)
----------------- Invoking toplevel() on ptolemy.moml.MoMLSimpleApplication@604d96a0
----------------- Done invoking toplevel() on ptolemy.moml.MoMLSimpleApplication@604d96a0
reloadAllAccessors: .Spectrum
----------------- testing Tue May 22 23:38:02 UTC 2018 /home/travis/build/icyphy/ptII/ptolemy/domains/sdf/test/auto/de_inside_sdf.xml
----------------- Instantiating /home/travis/build/icyphy/ptII/ptolemy/domains/sdf/test/auto/de_inside_sdf.xml
7 ms. Memory: 875008K Free: 471747K (54%)
----------------- Invoking toplevel() on ptolemy.moml.MoMLSimpleApplication@50c19f3b
----------------- Done invoking toplevel() on ptolemy.moml.MoMLSimpleApplication@50c19f3b
reloadAllAccessors: .de_inside_sdf
----------------- testing Tue May 22 23:38:02 UTC 2018 /home/travis/build/icyphy/ptII/ptolemy/domains/sdf/test/auto/disconnectedHierarchicalSDF.xml
----------------- Instantiating /home/travis/build/icyphy/ptII/ptolemy/domains/sdf/test/auto/disconnectedHierarchicalSDF.xml
4 ms. Memory: 875008K Free: 461268K (53%)
----------------- Invoking toplevel() on ptolemy.moml.MoMLSimpleApplication@50564956
----------------- Done invoking toplevel() on ptolemy.moml.MoMLSimpleApplication@50564956
reloadAllAccessors: .disconnectedHierarchicalSDF
----------------- testing Tue May 22 23:38:02 UTC 2018 /home/travis/build/icyphy/ptII/ptolemy/domains/sdf/test/auto/disconnectedSDF.xml
----------------- Instantiating /home/travis/build/icyphy/ptII/ptolemy/domains/sdf/test/auto/disconnectedSDF.xml
2 ms. Memory: 875008K Free: 448772K (51%)
----------------- Invoking toplevel() on ptolemy.moml.MoMLSimpleApplication@47d3a05e
----------------- Done invoking toplevel() on ptolemy.moml.MoMLSimpleApplication@47d3a05e
reloadAllAccessors: .disconnectedSDF
----------------- testing Tue May 22 23:38:02 UTC 2018 /home/travis/build/icyphy/ptII/ptolemy/domains/sdf/test/auto/emptyRefinement.xml
----------------- Instantiating /home/travis/build/icyphy/ptII/ptolemy/domains/sdf/test/auto/emptyRefinement.xml
3 ms. Memory: 875008K Free: 438293K (50%)
----------------- Invoking toplevel() on ptolemy.moml.MoMLSimpleApplication@251fc2b6
----------------- Done invoking toplevel() on ptolemy.moml.MoMLSimpleApplication@251fc2b6
reloadAllAccessors: .emptyRefinement
----------------- testing Tue May 22 23:38:02 UTC 2018 /home/travis/build/icyphy/ptII/ptolemy/domains/sdf/test/auto/filePortParameter.xml
----------------- Instantiating /home/travis/build/icyphy/ptII/ptolemy/domains/sdf/test/auto/filePortParameter.xml
11 ms. Memory: 875008K Free: 422558K (48%)
----------------- Invoking toplevel() on ptolemy.moml.MoMLSimpleApplication@31370523
----------------- Done invoking toplevel() on ptolemy.moml.MoMLSimpleApplication@31370523
reloadAllAccessors: .filePortParameter
----------------- testing Tue May 22 23:38:02 UTC 2018 /home/travis/build/icyphy/ptII/ptolemy/domains/sdf/test/auto/inferRelationWidth1.xml
----------------- Instantiating /home/travis/build/icyphy/ptII/ptolemy/domains/sdf/test/auto/inferRelationWidth1.xml
2 ms. Memory: 875008K Free: 412079K (47%)
----------------- Invoking toplevel() on ptolemy.moml.MoMLSimpleApplication@4146065c
----------------- Done invoking toplevel() on ptolemy.moml.MoMLSimpleApplication@4146065c
reloadAllAccessors: .inferRelationWidth1
----------------- testing Tue May 22 23:38:02 UTC 2018 /home/travis/build/icyphy/ptII/ptolemy/domains/sdf/test/auto/initProductionInference.xml
----------------- Instantiating /home/travis/build/icyphy/ptII/ptolemy/domains/sdf/test/auto/initProductionInference.xml
3 ms. Memory: 875008K Free: 401600K (46%)
----------------- Invoking toplevel() on ptolemy.moml.MoMLSimpleApplication@31571ad1
----------------- Done invoking toplevel() on ptolemy.moml.MoMLSimpleApplication@31571ad1
reloadAllAccessors: .initProductionInference
----------------- testing Tue May 22 23:38:02 UTC 2018 /home/travis/build/icyphy/ptII/ptolemy/domains/sdf/test/auto/relationGroup.xml
----------------- Instantiating /home/travis/build/icyphy/ptII/ptolemy/domains/sdf/test/auto/relationGroup.xml
2 ms. Memory: 875008K Free: 391121K (45%)
----------------- Invoking toplevel() on ptolemy.moml.MoMLSimpleApplication@161893b6
----------------- Done invoking toplevel() on ptolemy.moml.MoMLSimpleApplication@161893b6
reloadAllAccessors: .relationGroup
----------------- testing Tue May 22 23:38:02 UTC 2018 /home/travis/build/icyphy/ptII/ptolemy/domains/sdf/test/auto/relationGroup10.xml
----------------- Instantiating /home/travis/build/icyphy/ptII/ptolemy/domains/sdf/test/auto/relationGroup10.xml
1 ms. Memory: 875008K Free: 378625K (43%)
----------------- Invoking toplevel() on ptolemy.moml.MoMLSimpleApplication@4873133a
----------------- Done invoking toplevel() on ptolemy.moml.MoMLSimpleApplication@4873133a
reloadAllAccessors: .relationGroup10
----------------- testing Tue May 22 23:38:02 UTC 2018 /home/travis/build/icyphy/ptII/ptolemy/domains/sdf/test/auto/relationGroup11.xml
----------------- Instantiating /home/travis/build/icyphy/ptII/ptolemy/domains/sdf/test/auto/relationGroup11.xml
1 ms. Memory: 875008K Free: 368146K (42%)
----------------- Invoking toplevel() on ptolemy.moml.MoMLSimpleApplication@327ebf66
----------------- Done invoking toplevel() on ptolemy.moml.MoMLSimpleApplication@327ebf66
reloadAllAccessors: .relationGroup11
----------------- testing Tue May 22 23:38:02 UTC 2018 /home/travis/build/icyphy/ptII/ptolemy/domains/sdf/test/auto/relationGroup12.xml
----------------- Instantiating /home/travis/build/icyphy/ptII/ptolemy/domains/sdf/test/auto/relationGroup12.xml
1 ms. Memory: 875008K Free: 357667K (41%)
----------------- Invoking toplevel() on ptolemy.moml.MoMLSimpleApplication@26764c76
----------------- Done invoking toplevel() on ptolemy.moml.MoMLSimpleApplication@26764c76
reloadAllAccessors: .relationGroup12
----------------- testing Tue May 22 23:38:02 UTC 2018 /home/travis/build/icyphy/ptII/ptolemy/domains/sdf/test/auto/relationGroup13.xml
----------------- Instantiating /home/travis/build/icyphy/ptII/ptolemy/domains/sdf/test/auto/relationGroup13.xml
3 ms. Memory: 875008K Free: 347188K (40%)
----------------- Invoking toplevel() on ptolemy.moml.MoMLSimpleApplication@2296028f
----------------- Done invoking toplevel() on ptolemy.moml.MoMLSimpleApplication@2296028f
reloadAllAccessors: .relationGroup13
----------------- testing Tue May 22 23:38:02 UTC 2018 /home/travis/build/icyphy/ptII/ptolemy/domains/sdf/test/auto/relationGroup14.xml
----------------- Instantiating /home/travis/build/icyphy/ptII/ptolemy/domains/sdf/test/auto/relationGroup14.xml
4 ms. Memory: 875008K Free: 336709K (38%)
----------------- Invoking toplevel() on ptolemy.moml.MoMLSimpleApplication@6c4d1499
----------------- Done invoking toplevel() on ptolemy.moml.MoMLSimpleApplication@6c4d1499
reloadAllAccessors: .relationGroup14
----------------- testing Tue May 22 23:38:02 UTC 2018 /home/travis/build/icyphy/ptII/ptolemy/domains/sdf/test/auto/relationGroup15.xml
----------------- Instantiating /home/travis/build/icyphy/ptII/ptolemy/domains/sdf/test/auto/relationGroup15.xml
2 ms. Memory: 875008K Free: 326230K (37%)
----------------- Invoking toplevel() on ptolemy.moml.MoMLSimpleApplication@159063f9
----------------- Done invoking toplevel() on ptolemy.moml.MoMLSimpleApplication@159063f9
reloadAllAccessors: .relationGroup15
----------------- testing Tue May 22 23:38:02 UTC 2018 /home/travis/build/icyphy/ptII/ptolemy/domains/sdf/test/auto/relationGroup2.xml
----------------- Instantiating /home/travis/build/icyphy/ptII/ptolemy/domains/sdf/test/auto/relationGroup2.xml
1 ms. Memory: 875008K Free: 313734K (36%)
----------------- Invoking toplevel() on ptolemy.moml.MoMLSimpleApplication@1a9171e6
----------------- Done invoking toplevel() on ptolemy.moml.MoMLSimpleApplication@1a9171e6
reloadAllAccessors: .relationGroup2
----------------- testing Tue May 22 23:38:02 UTC 2018 /home/travis/build/icyphy/ptII/ptolemy/domains/sdf/test/auto/relationGroup3.xml
----------------- Instantiating /home/travis/build/icyphy/ptII/ptolemy/domains/sdf/test/auto/relationGroup3.xml
2 ms. Memory: 875008K Free: 303255K (35%)
----------------- Invoking toplevel() on ptolemy.moml.MoMLSimpleApplication@62c6ec9a
----------------- Done invoking toplevel() on ptolemy.moml.MoMLSimpleApplication@62c6ec9a
reloadAllAccessors: .relationGroup3
----------------- testing Tue May 22 23:38:02 UTC 2018 /home/travis/build/icyphy/ptII/ptolemy/domains/sdf/test/auto/relationGroup4.xml
----------------- Instantiating /home/travis/build/icyphy/ptII/ptolemy/domains/sdf/test/auto/relationGroup4.xml
5 ms. Memory: 875008K Free: 292776K (33%)
----------------- Invoking toplevel() on ptolemy.moml.MoMLSimpleApplication@1919a68
----------------- Done invoking toplevel() on ptolemy.moml.MoMLSimpleApplication@1919a68
reloadAllAccessors: .relationGroup4
----------------- testing Tue May 22 23:38:02 UTC 2018 /home/travis/build/icyphy/ptII/ptolemy/domains/sdf/test/auto/relationGroup5.xml
----------------- Instantiating /home/travis/build/icyphy/ptII/ptolemy/domains/sdf/test/auto/relationGroup5.xml
4 ms. Memory: 875008K Free: 282297K (32%)
----------------- Invoking toplevel() on ptolemy.moml.MoMLSimpleApplication@b28b18
----------------- Done invoking toplevel() on ptolemy.moml.MoMLSimpleApplication@b28b18
reloadAllAccessors: .relationGroup5
----------------- testing Tue May 22 23:38:02 UTC 2018 /home/travis/build/icyphy/ptII/ptolemy/domains/sdf/test/auto/relationGroup6.xml
----------------- Instantiating /home/travis/build/icyphy/ptII/ptolemy/domains/sdf/test/auto/relationGroup6.xml
5 ms. Memory: 875008K Free: 271818K (31%)
----------------- Invoking toplevel() on ptolemy.moml.MoMLSimpleApplication@467efda5
----------------- Done invoking toplevel() on ptolemy.moml.MoMLSimpleApplication@467efda5
reloadAllAccessors: .relationGroup6
----------------- testing Tue May 22 23:38:02 UTC 2018 /home/travis/build/icyphy/ptII/ptolemy/domains/sdf/test/auto/relationGroup7.xml
----------------- Instantiating /home/travis/build/icyphy/ptII/ptolemy/domains/sdf/test/auto/relationGroup7.xml
2 ms. Memory: 875008K Free: 259322K (30%)
----------------- Invoking toplevel() on ptolemy.moml.MoMLSimpleApplication@38acf322
----------------- Done invoking toplevel() on ptolemy.moml.MoMLSimpleApplication@38acf322
reloadAllAccessors: .relationGroup7
----------------- testing Tue May 22 23:38:02 UTC 2018 /home/travis/build/icyphy/ptII/ptolemy/domains/sdf/test/auto/relationGroup8.xml
----------------- Instantiating /home/travis/build/icyphy/ptII/ptolemy/domains/sdf/test/auto/relationGroup8.xml
2 ms. Memory: 875008K Free: 248843K (28%)
----------------- Invoking toplevel() on ptolemy.moml.MoMLSimpleApplication@683267f4
----------------- Done invoking toplevel() on ptolemy.moml.MoMLSimpleApplication@683267f4
reloadAllAccessors: .relationGroup8
----------------- testing Tue May 22 23:38:02 UTC 2018 /home/travis/build/icyphy/ptII/ptolemy/domains/sdf/test/auto/relationGroup9.xml
----------------- Instantiating /home/travis/build/icyphy/ptII/ptolemy/domains/sdf/test/auto/relationGroup9.xml
5 ms. Memory: 875008K Free: 238364K (27%)
----------------- Invoking toplevel() on ptolemy.moml.MoMLSimpleApplication@75abe97d
----------------- Done invoking toplevel() on ptolemy.moml.MoMLSimpleApplication@75abe97d
reloadAllAccessors: .relationGroup9
----------------- testing Tue May 22 23:38:02 UTC 2018 /home/travis/build/icyphy/ptII/ptolemy/domains/sdf/test/auto/sdf_inside_de.xml
----------------- Instantiating /home/travis/build/icyphy/ptII/ptolemy/domains/sdf/test/auto/sdf_inside_de.xml
14 ms. Memory: 875008K Free: 222630K (25%)
----------------- Invoking toplevel() on ptolemy.moml.MoMLSimpleApplication@174f0656
----------------- Done invoking toplevel() on ptolemy.moml.MoMLSimpleApplication@174f0656
reloadAllAccessors: .sdf_inside_de
----------------- testing Tue May 22 23:38:02 UTC 2018 /home/travis/build/icyphy/ptII/ptolemy/domains/sdf/test/auto/sdf_inside_pn.xml
----------------- Instantiating /home/travis/build/icyphy/ptII/ptolemy/domains/sdf/test/auto/sdf_inside_pn.xml
44 ms. Memory: 875008K Free: 180706K (21%)
----------------- Invoking toplevel() on ptolemy.moml.MoMLSimpleApplication@63358b42
----------------- Done invoking toplevel() on ptolemy.moml.MoMLSimpleApplication@63358b42
reloadAllAccessors: .sdf_inside_pn
----------------- testing Tue May 22 23:38:02 UTC 2018 /home/travis/build/icyphy/ptII/ptolemy/domains/sdf/test/auto/sdf_sdf1.xml
----------------- Instantiating /home/travis/build/icyphy/ptII/ptolemy/domains/sdf/test/auto/sdf_sdf1.xml
6 ms. Memory: 875008K Free: 170227K (19%)
----------------- Invoking toplevel() on ptolemy.moml.MoMLSimpleApplication@4547755f
----------------- Done invoking toplevel() on ptolemy.moml.MoMLSimpleApplication@4547755f
reloadAllAccessors: .sdf_sdf1
----------------- testing Tue May 22 23:38:02 UTC 2018 /home/travis/build/icyphy/ptII/ptolemy/domains/sdf/test/auto/test1.xml
----------------- Instantiating /home/travis/build/icyphy/ptII/ptolemy/domains/sdf/test/auto/test1.xml
3 ms. Memory: 875008K Free: 157730K (18%)
----------------- Invoking toplevel() on ptolemy.moml.MoMLSimpleApplication@6f5e7a62
----------------- Done invoking toplevel() on ptolemy.moml.MoMLSimpleApplication@6f5e7a62
reloadAllAccessors: .test1
----------------- testing Tue May 22 23:38:02 UTC 2018 /home/travis/build/icyphy/ptII/ptolemy/domains/sdf/test/auto/time1.xml
----------------- Instantiating /home/travis/build/icyphy/ptII/ptolemy/domains/sdf/test/auto/time1.xml
2 ms. Memory: 875008K Free: 147251K (17%)
----------------- Invoking toplevel() on ptolemy.moml.MoMLSimpleApplication@388bd7ca
----------------- Done invoking toplevel() on ptolemy.moml.MoMLSimpleApplication@388bd7ca
reloadAllAccessors: .time1
----------------- testing Tue May 22 23:38:03 UTC 2018 /home/travis/build/icyphy/ptII/ptolemy/domains/sdf/test/auto/time2.xml
----------------- Instantiating /home/travis/build/icyphy/ptII/ptolemy/domains/sdf/test/auto/time2.xml
2 ms. Memory: 875008K Free: 136772K (16%)
----------------- Invoking toplevel() on ptolemy.moml.MoMLSimpleApplication@760130a4
----------------- Done invoking toplevel() on ptolemy.moml.MoMLSimpleApplication@760130a4
reloadAllAccessors: .time2
----------------- testing Tue May 22 23:38:03 UTC 2018 /home/travis/build/icyphy/ptII/ptolemy/domains/sdf/test/auto/time3.xml
----------------- Instantiating /home/travis/build/icyphy/ptII/ptolemy/domains/sdf/test/auto/time3.xml
8 ms. Memory: 875008K Free: 126293K (14%)
----------------- Invoking toplevel() on ptolemy.moml.MoMLSimpleApplication@43f44c97
----------------- Done invoking toplevel() on ptolemy.moml.MoMLSimpleApplication@43f44c97
reloadAllAccessors: .time3
----------------- testing Tue May 22 23:38:03 UTC 2018 /home/travis/build/icyphy/ptII/ptolemy/domains/sdf/test/auto/time4.xml
----------------- Instantiating /home/travis/build/icyphy/ptII/ptolemy/domains/sdf/test/auto/time4.xml
5 ms. Memory: 875008K Free: 115814K (13%)
----------------- Invoking toplevel() on ptolemy.moml.MoMLSimpleApplication@fc57093
----------------- Done invoking toplevel() on ptolemy.moml.MoMLSimpleApplication@fc57093
reloadAllAccessors: .time4
----------------- testing Tue May 22 23:38:03 UTC 2018 /home/travis/build/icyphy/ptII/ptolemy/domains/sdf/test/auto/time5.xml
----------------- Instantiating /home/travis/build/icyphy/ptII/ptolemy/domains/sdf/test/auto/time5.xml
4002 ms. Memory: 875008K Free: 103318K (12%)
----------------- Invoking toplevel() on ptolemy.moml.MoMLSimpleApplication@77d531a
----------------- Done invoking toplevel() on ptolemy.moml.MoMLSimpleApplication@77d531a
reloadAllAccessors: .time5
----------------- testing Tue May 22 23:38:07 UTC 2018 /home/travis/build/icyphy/ptII/ptolemy/domains/sdf/test/auto/typeSystem_Const_Integer_smallest_Type.xml
----------------- Instantiating /home/travis/build/icyphy/ptII/ptolemy/domains/sdf/test/auto/typeSystem_Const_Integer_smallest_Type.xml
6 ms. Memory: 875008K Free: 92839K (11%)
----------------- Invoking toplevel() on ptolemy.moml.MoMLSimpleApplication@38b7d57c
----------------- Done invoking toplevel() on ptolemy.moml.MoMLSimpleApplication@38b7d57c
reloadAllAccessors: .typeSystem_Const_Integer_smallest_Type
----------------- testing Tue May 22 23:38:07 UTC 2018 /home/travis/build/icyphy/ptII/ptolemy/domains/sdf/test/auto/typeSystem_declared_Inports_OutportTypeException.xml
----------------- Instantiating /home/travis/build/icyphy/ptII/ptolemy/domains/sdf/test/auto/typeSystem_declared_Inports_OutportTypeException.xml
.typeSystem_declared_Inports_OutportTypeException.TestExceptionAttribute: initialize() was not invoked, but wrapup() was.  This is unusual, but not always a problem.  For example, exporting JNLP will do this.
2 ms. Memory: 875008K Free: 82360K (9%)
----------------- Invoking toplevel() on ptolemy.moml.MoMLSimpleApplication@19090e2a
----------------- Done invoking toplevel() on ptolemy.moml.MoMLSimpleApplication@19090e2a
reloadAllAccessors: .typeSystem_declared_Inports_OutportTypeException
----------------- testing Tue May 22 23:38:07 UTC 2018 /home/travis/build/icyphy/ptII/ptolemy/domains/sdf/test/auto/typeSystem_oneDeclaredInportType_wrongTypeOutport.xml
----------------- Instantiating /home/travis/build/icyphy/ptII/ptolemy/domains/sdf/test/auto/typeSystem_oneDeclaredInportType_wrongTypeOutport.xml
3 ms. Memory: 875008K Free: 75742K (9%)
----------------- Invoking toplevel() on ptolemy.moml.MoMLSimpleApplication@e7f62fa
----------------- Done invoking toplevel() on ptolemy.moml.MoMLSimpleApplication@e7f62fa
reloadAllAccessors: .typeSystem_oneDeclaredInportType_wrongTypeOutport
----------------- testing Tue May 22 23:38:07 UTC 2018 /home/travis/build/icyphy/ptII/ptolemy/domains/sdf/test/auto/width.xml
----------------- Instantiating /home/travis/build/icyphy/ptII/ptolemy/domains/sdf/test/auto/width.xml
1 ms. Memory: 830464K Free: 806342K (97%)
----------------- Invoking toplevel() on ptolemy.moml.MoMLSimpleApplication@68bcf9aa
----------------- Done invoking toplevel() on ptolemy.moml.MoMLSimpleApplication@68bcf9aa
reloadAllAccessors: .width
----------------- testing Tue May 22 23:38:07 UTC 2018 /home/travis/build/icyphy/ptII/ptolemy/domains/sdf/test/auto/width2.xml
----------------- Instantiating /home/travis/build/icyphy/ptII/ptolemy/domains/sdf/test/auto/width2.xml
23 ms. Memory: 830464K Free: 795006K (96%)
----------------- Invoking toplevel() on ptolemy.moml.MoMLSimpleApplication@7c174695
----------------- Done invoking toplevel() on ptolemy.moml.MoMLSimpleApplication@7c174695
reloadAllAccessors: .width2
----------------- testing Tue May 22 23:38:07 UTC 2018 /home/travis/build/icyphy/ptII/ptolemy/domains/sdf/test/auto/width3.xml
----------------- Instantiating /home/travis/build/icyphy/ptII/ptolemy/domains/sdf/test/auto/width3.xml
44 ms. Memory: 830464K Free: 784870K (95%)
----------------- Invoking toplevel() on ptolemy.moml.MoMLSimpleApplication@5b91cdb4
----------------- Done invoking toplevel() on ptolemy.moml.MoMLSimpleApplication@5b91cdb4
reloadAllAccessors: .width3
AutoTests.java: About to close Vertx.
AutoTests.java: Vertx closed.
]]></system-out>
  <system-err><![CDATA[java.lang.RuntimeException: Execution failed
	at ptolemy.moml.MoMLSimpleApplication$UnloadThread.run(MoMLSimpleApplication.java:402)
Caused by: ptolemy.actor.sched.NotSchedulableException: No solution exists for the balance equations.
Graph is not consistent under the SDF domain detected on external port .rateConsistency.actor.port2
  in .rateConsistency.SDF Director.Scheduler
	at ptolemy.domains.sdf.kernel.SDFScheduler._propagatePort(SDFScheduler.java:1425)
	at ptolemy.domains.sdf.kernel.SDFScheduler._solveBalanceEquations(SDFScheduler.java:710)
	at ptolemy.domains.sdf.kernel.SDFScheduler._getSchedule(SDFScheduler.java:566)
	at ptolemy.actor.sched.Scheduler.getSchedule(Scheduler.java:189)
	at ptolemy.domains.sdf.kernel.SDFDirector.createSchedule(SDFDirector.java:408)
	at ptolemy.domains.sdf.kernel.SDFDirector.preinitialize(SDFDirector.java:764)
	at ptolemy.actor.CompositeActor.preinitialize(CompositeActor.java:1828)
	at ptolemy.actor.Manager.preinitializeAndResolveTypes(Manager.java:1040)
	at ptolemy.actor.Manager.initialize(Manager.java:710)
	at ptolemy.actor.Manager.execute(Manager.java:356)
	at ptolemy.actor.Manager.run(Manager.java:1263)
	at ptolemy.actor.Manager$PtolemyRunThread.run(Manager.java:1915)
java.lang.RuntimeException: Execution failed
	at ptolemy.moml.MoMLSimpleApplication$UnloadThread.run(MoMLSimpleApplication.java:402)
Caused by: ptolemy.kernel.util.IllegalActionException: Failed to compute schedule:
  in .badRateChanges.typed composite actor.SDF Director
Because:
The SDF rate parameter may change. This is not allowed in SDF models that will be run through the code generator.  If you don't care about code generation, then you might consider setting the allowRateChanges parameter of the SDF director to false.
  in .badRateChanges.typed composite actor.Repeat.output.tokenProductionRate
	at ptolemy.domains.sdf.kernel.SDFDirector.createSchedule(SDFDirector.java:418)
	at ptolemy.domains.sdf.kernel.SDFDirector.preinitialize(SDFDirector.java:764)
	at ptolemy.actor.CompositeActor.preinitialize(CompositeActor.java:1828)
	at ptolemy.actor.Director.preinitialize(Director.java:1302)
	at ptolemy.actor.Director.preinitialize(Director.java:1257)
	at ptolemy.domains.sdf.kernel.SDFDirector.preinitialize(SDFDirector.java:763)
	at ptolemy.actor.CompositeActor.preinitialize(CompositeActor.java:1828)
	at ptolemy.actor.Manager.preinitializeAndResolveTypes(Manager.java:1040)
	at ptolemy.actor.Manager.initialize(Manager.java:710)
	at ptolemy.actor.Manager.execute(Manager.java:356)
	at ptolemy.actor.Manager.run(Manager.java:1263)
	at ptolemy.actor.Manager$PtolemyRunThread.run(Manager.java:1915)
Caused by: ptolemy.kernel.util.IllegalActionException: The SDF rate parameter may change. This is not allowed in SDF models that will be run through the code generator.  If you don't care about code generation, then you might consider setting the allowRateChanges parameter of the SDF director to false.
  in .badRateChanges.typed composite actor.Repeat.output.tokenProductionRate
	at ptolemy.domains.sdf.kernel.SDFScheduler._assertDynamicRateVariable(SDFScheduler.java:931)
	at ptolemy.domains.sdf.kernel.SDFScheduler._checkDynamicRateVariables(SDFScheduler.java:339)
	at ptolemy.domains.sdf.kernel.SDFScheduler._getSchedule(SDFScheduler.java:527)
	at ptolemy.actor.sched.Scheduler.getSchedule(Scheduler.java:189)
	at ptolemy.domains.sdf.kernel.SDFDirector.createSchedule(SDFDirector.java:408)
	... 11 more
java.lang.RuntimeException: Execution failed
	at ptolemy.moml.MoMLSimpleApplication$UnloadThread.run(MoMLSimpleApplication.java:402)
Caused by: ptolemy.kernel.util.IllegalActionException: Failed to compute schedule:
  in .badRateChanges2.typed composite actor.SDF Director
Because:
The SDF rate parameter may change. This is not allowed in SDF models that will be run through the code generator.  If you don't care about code generation, then you might consider setting the allowRateChanges parameter of the SDF director to false.
  in .badRateChanges2.typed composite actor.Repeat.output.tokenProductionRate
	at ptolemy.domains.sdf.kernel.SDFDirector.createSchedule(SDFDirector.java:418)
	at ptolemy.domains.sdf.kernel.SDFDirector.preinitialize(SDFDirector.java:764)
	at ptolemy.actor.CompositeActor.preinitialize(CompositeActor.java:1828)
	at ptolemy.actor.Director.preinitialize(Director.java:1302)
	at ptolemy.actor.Director.preinitialize(Director.java:1257)
	at ptolemy.domains.sdf.kernel.SDFDirector.preinitialize(SDFDirector.java:763)
	at ptolemy.actor.CompositeActor.preinitialize(CompositeActor.java:1828)
	at ptolemy.actor.Manager.preinitializeAndResolveTypes(Manager.java:1040)
	at ptolemy.actor.Manager.initialize(Manager.java:710)
	at ptolemy.actor.Manager.execute(Manager.java:356)
	at ptolemy.actor.Manager.run(Manager.java:1263)
	at ptolemy.actor.Manager$PtolemyRunThread.run(Manager.java:1915)
Caused by: ptolemy.kernel.util.IllegalActionException: The SDF rate parameter may change. This is not allowed in SDF models that will be run through the code generator.  If you don't care about code generation, then you might consider setting the allowRateChanges parameter of the SDF director to false.
  in .badRateChanges2.typed composite actor.Repeat.output.tokenProductionRate
	at ptolemy.domains.sdf.kernel.SDFScheduler._assertDynamicRateVariable(SDFScheduler.java:931)
	at ptolemy.domains.sdf.kernel.SDFScheduler._checkDynamicRateVariables(SDFScheduler.java:339)
	at ptolemy.domains.sdf.kernel.SDFScheduler._getSchedule(SDFScheduler.java:527)
	at ptolemy.actor.sched.Scheduler.getSchedule(Scheduler.java:189)
	at ptolemy.domains.sdf.kernel.SDFDirector.createSchedule(SDFDirector.java:408)
	... 11 more
java.lang.RuntimeException: Execution failed
	at ptolemy.moml.MoMLSimpleApplication$UnloadThread.run(MoMLSimpleApplication.java:402)
Caused by: ptolemy.actor.sched.NotSchedulableException: Actors remain that cannot be scheduled!

There are several possible reasons:
* SDF Graphs with feedback loops should have an actor with a delay in the loop, such as a SampleDelay.
* The SDF director has an "allowDisconnectedGraphs"parameter, which, when true, permits disconnected SDF graphs.
* The token consumption rate and production rates might be mismatched.
Usually, actors produce one token or consume one token on a port.  To produce or consume multiple tokens per firing, add a "tokenConsumptionRate" or "tokenProductionRate" parameter to the appropriate port.
Unscheduled actors:
.partiallyConnected.Const2 
Scheduled actors:
.partiallyConnected.Const 
  in .partiallyConnected.SDF Director.Scheduler
	at ptolemy.domains.sdf.kernel.SDFScheduler._scheduleConnectedActors(SDFScheduler.java:1828)
	at ptolemy.domains.sdf.kernel.SDFScheduler._getSchedule(SDFScheduler.java:587)
	at ptolemy.actor.sched.Scheduler.getSchedule(Scheduler.java:189)
	at ptolemy.domains.sdf.kernel.SDFDirector.createSchedule(SDFDirector.java:408)
	at ptolemy.domains.sdf.kernel.SDFDirector.preinitialize(SDFDirector.java:764)
	at ptolemy.actor.CompositeActor.preinitialize(CompositeActor.java:1828)
	at ptolemy.actor.Manager.preinitializeAndResolveTypes(Manager.java:1040)
	at ptolemy.actor.Manager.initialize(Manager.java:710)
	at ptolemy.actor.Manager.execute(Manager.java:356)
	at ptolemy.actor.Manager.run(Manager.java:1263)
	at ptolemy.actor.Manager$PtolemyRunThread.run(Manager.java:1915)
]]></system-err>
</testsuite>
