<?xml version="1.0" encoding="UTF-8" ?>
<testsuite errors="0" failures="0" hostname="travis-job-6ea20a2c-62d5-4a6f-bd0b-3ece2f97f62f" name="ptolemy.domains.de.test.junit.JUnitTclTest" skipped="0" tests="101" time="138.235" timestamp="2018-05-20T01:16:17">
  <properties>
[...]
</properties>
  <testcase classname="ptolemy.util.test.junit.TclTests" name="[0] /home/travis/build/icyphy/ptII/ptolemy/domains/de/test/DependencyLoop.tcl (RunTclFile)" time="0.995" />
  <testcase classname="ptolemy.util.test.junit.TclTests" name="[1] /home/travis/build/icyphy/ptII/ptolemy/domains/de/test/RunDETestsAsQSS.tcl (RunTclFile)" time="94.76" />
  <testcase classname="ptolemy.util.test.junit.AutoKnownFailedTests" name="[0] /home/travis/build/icyphy/ptII/ptolemy/domains/de/test/auto/knownFailedTests/DESDFClockTest.xml (RunModel)" time="2.05" />
  <testcase classname="ptolemy.util.test.junit.AutoKnownFailedTests" name="[1] /home/travis/build/icyphy/ptII/ptolemy/domains/de/test/auto/knownFailedTests/DirectFeedback.xml (RunModel)" time="0.01" />
  <testcase classname="ptolemy.util.test.junit.AutoKnownFailedTests" name="[2] /home/travis/build/icyphy/ptII/ptolemy/domains/de/test/auto/knownFailedTests/FSMSource.xml (RunModel)" time="0.018" />
  <testcase classname="ptolemy.util.test.junit.AutoKnownFailedTests" name="[3] /home/travis/build/icyphy/ptII/ptolemy/domains/de/test/auto/knownFailedTests/HierarchicalModel.xml (RunModel)" time="0.045" />
  <testcase classname="ptolemy.util.test.junit.AutoKnownFailedTests" name="[4] /home/travis/build/icyphy/ptII/ptolemy/domains/de/test/auto/knownFailedTests/dependencyLoop.xml (RunModel)" time="0.04" />
  <testcase classname="ptolemy.util.test.junit.AutoKnownFailedTests" name="[5] /home/travis/build/icyphy/ptII/ptolemy/domains/de/test/auto/knownFailedTests/dependencyLoop2.xml (RunModel)" time="0.043" />
  <testcase classname="ptolemy.util.test.junit.AutoNameArchTests" name="[0] ThereAreNoAutoTests (RunModel)" time="0.011" />
  <testcase classname="ptolemy.util.test.junit.AutoTests" name="[0] /home/travis/build/icyphy/ptII/ptolemy/domains/de/test/auto/ActorDepthCalculation_actorWithoutPorts.xml (RunModel)" time="0.015" />
  <testcase classname="ptolemy.util.test.junit.AutoTests" name="[1] /home/travis/build/icyphy/ptII/ptolemy/domains/de/test/auto/AssemblyLine.xml (RunModel)" time="0.017" />
  <testcase classname="ptolemy.util.test.junit.AutoTests" name="[2] /home/travis/build/icyphy/ptII/ptolemy/domains/de/test/auto/CQBug1.xml (RunModel)" time="0.007" />
  <testcase classname="ptolemy.util.test.junit.AutoTests" name="[3] /home/travis/build/icyphy/ptII/ptolemy/domains/de/test/auto/CancelFireAt.xml (RunModel)" time="0.005" />
  <testcase classname="ptolemy.util.test.junit.AutoTests" name="[4] /home/travis/build/icyphy/ptII/ptolemy/domains/de/test/auto/CausalityAndComposabilityAnalysis.xml (RunModel)" time="0.013" />
  <testcase classname="ptolemy.util.test.junit.AutoTests" name="[5] /home/travis/build/icyphy/ptII/ptolemy/domains/de/test/auto/CausalityInterface1.xml (RunModel)" time="0.026" />
  <testcase classname="ptolemy.util.test.junit.AutoTests" name="[6] /home/travis/build/icyphy/ptII/ptolemy/domains/de/test/auto/CausalityInterface15.xml (RunModel)" time="0.018" />
  <testcase classname="ptolemy.util.test.junit.AutoTests" name="[7] /home/travis/build/icyphy/ptII/ptolemy/domains/de/test/auto/CausalityInterface2.xml (RunModel)" time="0.012" />
  <testcase classname="ptolemy.util.test.junit.AutoTests" name="[8] /home/travis/build/icyphy/ptII/ptolemy/domains/de/test/auto/CausalityInterface3.xml (RunModel)" time="0.013" />
  <testcase classname="ptolemy.util.test.junit.AutoTests" name="[9] /home/travis/build/icyphy/ptII/ptolemy/domains/de/test/auto/ClockDrift.xml (RunModel)" time="0.035" />
  <testcase classname="ptolemy.util.test.junit.AutoTests" name="[10] /home/travis/build/icyphy/ptII/ptolemy/domains/de/test/auto/ClockDriftAndValueChange.xml (RunModel)" time="0.032" />
  <testcase classname="ptolemy.util.test.junit.AutoTests" name="[11] /home/travis/build/icyphy/ptII/ptolemy/domains/de/test/auto/ClockDriftChange.xml (RunModel)" time="0.026" />
  <testcase classname="ptolemy.util.test.junit.AutoTests" name="[12] /home/travis/build/icyphy/ptII/ptolemy/domains/de/test/auto/ComposableCausalityAnalysis.xml (RunModel)" time="0.016" />
  <testcase classname="ptolemy.util.test.junit.AutoTests" name="[13] /home/travis/build/icyphy/ptII/ptolemy/domains/de/test/auto/DEFixedPointLimitation.xml (RunModel)" time="0.008" />
  <testcase classname="ptolemy.util.test.junit.AutoTests" name="[14] /home/travis/build/icyphy/ptII/ptolemy/domains/de/test/auto/DEScheduleTest.xml (RunModel)" time="0.01" />
  <testcase classname="ptolemy.util.test.junit.AutoTests" name="[15] /home/travis/build/icyphy/ptII/ptolemy/domains/de/test/auto/DEinDEwithStartTimes.xml (RunModel)" time="0.013" />
  <testcase classname="ptolemy.util.test.junit.AutoTests" name="[16] /home/travis/build/icyphy/ptII/ptolemy/domains/de/test/auto/DEinDEwithStartTimes2.xml (RunModel)" time="0.012" />
  <testcase classname="ptolemy.util.test.junit.AutoTests" name="[17] /home/travis/build/icyphy/ptII/ptolemy/domains/de/test/auto/DateDemo.xml (RunModel)" time="0.025" />
  <testcase classname="ptolemy.util.test.junit.AutoTests" name="[18] /home/travis/build/icyphy/ptII/ptolemy/domains/de/test/auto/DateToEvent.xml (RunModel)" time="2.037" />
  <testcase classname="ptolemy.util.test.junit.AutoTests" name="[19] /home/travis/build/icyphy/ptII/ptolemy/domains/de/test/auto/DepthTest1.xml (RunModel)" time="0.02" />
  <testcase classname="ptolemy.util.test.junit.AutoTests" name="[20] /home/travis/build/icyphy/ptII/ptolemy/domains/de/test/auto/DepthTest2.xml (RunModel)" time="0.029" />
  <testcase classname="ptolemy.util.test.junit.AutoTests" name="[21] /home/travis/build/icyphy/ptII/ptolemy/domains/de/test/auto/DepthTest3.xml (RunModel)" time="0.014" />
  <testcase classname="ptolemy.util.test.junit.AutoTests" name="[22] /home/travis/build/icyphy/ptII/ptolemy/domains/de/test/auto/DepthTest4.xml (RunModel)" time="0.018" />
  <testcase classname="ptolemy.util.test.junit.AutoTests" name="[23] /home/travis/build/icyphy/ptII/ptolemy/domains/de/test/auto/DepthTest5.xml (RunModel)" time="0.015" />
  <testcase classname="ptolemy.util.test.junit.AutoTests" name="[24] /home/travis/build/icyphy/ptII/ptolemy/domains/de/test/auto/DepthTest6.xml (RunModel)" time="0.015" />
  <testcase classname="ptolemy.util.test.junit.AutoTests" name="[25] /home/travis/build/icyphy/ptII/ptolemy/domains/de/test/auto/DepthTest7.xml (RunModel)" time="0.014" />
  <testcase classname="ptolemy.util.test.junit.AutoTests" name="[26] /home/travis/build/icyphy/ptII/ptolemy/domains/de/test/auto/EventToDate.xml (RunModel)" time="3.044" />
  <testcase classname="ptolemy.util.test.junit.AutoTests" name="[27] /home/travis/build/icyphy/ptII/ptolemy/domains/de/test/auto/FSM1.xml (RunModel)" time="0.043" />
  <testcase classname="ptolemy.util.test.junit.AutoTests" name="[28] /home/travis/build/icyphy/ptII/ptolemy/domains/de/test/auto/FSM7.xml (RunModel)" time="0.037" />
  <testcase classname="ptolemy.util.test.junit.AutoTests" name="[29] /home/travis/build/icyphy/ptII/ptolemy/domains/de/test/auto/Inspection.xml (RunModel)" time="0.039" />
  <testcase classname="ptolemy.util.test.junit.AutoTests" name="[30] /home/travis/build/icyphy/ptII/ptolemy/domains/de/test/auto/Iteration.xml (RunModel)" time="0.032" />
  <testcase classname="ptolemy.util.test.junit.AutoTests" name="[31] /home/travis/build/icyphy/ptII/ptolemy/domains/de/test/auto/LineFault.xml (RunModel)" time="0.532" />
  <testcase classname="ptolemy.util.test.junit.AutoTests" name="[32] /home/travis/build/icyphy/ptII/ptolemy/domains/de/test/auto/MergeModel1Add.xml (RunModel)" time="0.041" />
  <testcase classname="ptolemy.util.test.junit.AutoTests" name="[33] /home/travis/build/icyphy/ptII/ptolemy/domains/de/test/auto/MergeModel2Add.xml (RunModel)" time="0.04" />
  <testcase classname="ptolemy.util.test.junit.AutoTests" name="[34] /home/travis/build/icyphy/ptII/ptolemy/domains/de/test/auto/MergeModel3Add.xml (RunModel)" time="0.029" />
  <testcase classname="ptolemy.util.test.junit.AutoTests" name="[35] /home/travis/build/icyphy/ptII/ptolemy/domains/de/test/auto/MergeWithoutDiscard.xml (RunModel)" time="0.008" />
  <testcase classname="ptolemy.util.test.junit.AutoTests" name="[36] /home/travis/build/icyphy/ptII/ptolemy/domains/de/test/auto/Modal1.xml (RunModel)" time="0.023" />
  <testcase classname="ptolemy.util.test.junit.AutoTests" name="[37] /home/travis/build/icyphy/ptII/ptolemy/domains/de/test/auto/Modal2.xml (RunModel)" time="0.019" />
  <testcase classname="ptolemy.util.test.junit.AutoTests" name="[38] /home/travis/build/icyphy/ptII/ptolemy/domains/de/test/auto/Modal3.xml (RunModel)" time="0.021" />
  <testcase classname="ptolemy.util.test.junit.AutoTests" name="[39] /home/travis/build/icyphy/ptII/ptolemy/domains/de/test/auto/Modal4.xml (RunModel)" time="0.021" />
  <testcase classname="ptolemy.util.test.junit.AutoTests" name="[40] /home/travis/build/icyphy/ptII/ptolemy/domains/de/test/auto/Modal5.xml (RunModel)" time="0.022" />
  <testcase classname="ptolemy.util.test.junit.AutoTests" name="[41] /home/travis/build/icyphy/ptII/ptolemy/domains/de/test/auto/Modal6.xml (RunModel)" time="0.021" />
  <testcase classname="ptolemy.util.test.junit.AutoTests" name="[42] /home/travis/build/icyphy/ptII/ptolemy/domains/de/test/auto/Modal7.xml (RunModel)" time="0.034" />
  <testcase classname="ptolemy.util.test.junit.AutoTests" name="[43] /home/travis/build/icyphy/ptII/ptolemy/domains/de/test/auto/ModalModel.xml (RunModel)" time="0.179" />
  <testcase classname="ptolemy.util.test.junit.AutoTests" name="[44] /home/travis/build/icyphy/ptII/ptolemy/domains/de/test/auto/ModalSource.xml (RunModel)" time="0.02" />
  <testcase classname="ptolemy.util.test.junit.AutoTests" name="[45] /home/travis/build/icyphy/ptII/ptolemy/domains/de/test/auto/NonInterruptibleTimerZeroDelay.xml (RunModel)" time="0.013" />
  <testcase classname="ptolemy.util.test.junit.AutoTests" name="[46] /home/travis/build/icyphy/ptII/ptolemy/domains/de/test/auto/OpenQueueingNetwork.xml (RunModel)" time="2.435" />
  <testcase classname="ptolemy.util.test.junit.AutoTests" name="[47] /home/travis/build/icyphy/ptII/ptolemy/domains/de/test/auto/OpenQueuingNetwork.xml (RunModel)" time="0.299" />
  <testcase classname="ptolemy.util.test.junit.AutoTests" name="[48] /home/travis/build/icyphy/ptII/ptolemy/domains/de/test/auto/PeriodicSampler.xml (RunModel)" time="0.009" />
  <testcase classname="ptolemy.util.test.junit.AutoTests" name="[49] /home/travis/build/icyphy/ptII/ptolemy/domains/de/test/auto/PersistentIO.xml (RunModel)" time="0.02" />
  <testcase classname="ptolemy.util.test.junit.AutoTests" name="[50] /home/travis/build/icyphy/ptII/ptolemy/domains/de/test/auto/PortParameterResetOnInitialize.xml (RunModel)" time="0.011" />
  <testcase classname="ptolemy.util.test.junit.AutoTests" name="[51] /home/travis/build/icyphy/ptII/ptolemy/domains/de/test/auto/PortParameterUpdates.xml (RunModel)" time="0.017" />
  <testcase classname="ptolemy.util.test.junit.AutoTests" name="[52] /home/travis/build/icyphy/ptII/ptolemy/domains/de/test/auto/QueueAndServer.xml (RunModel)" time="0.021" />
  <testcase classname="ptolemy.util.test.junit.AutoTests" name="[53] /home/travis/build/icyphy/ptII/ptolemy/domains/de/test/auto/Records.xml (RunModel)" time="0.02" />
  <testcase classname="ptolemy.util.test.junit.AutoTests" name="[54] /home/travis/build/icyphy/ptII/ptolemy/domains/de/test/auto/ResetTransitionWithStartTime1.xml (RunModel)" time="0.023" />
  <testcase classname="ptolemy.util.test.junit.AutoTests" name="[55] /home/travis/build/icyphy/ptII/ptolemy/domains/de/test/auto/ResetTransitionWithStartTime2.xml (RunModel)" time="0.019" />
  <testcase classname="ptolemy.util.test.junit.AutoTests" name="[56] /home/travis/build/icyphy/ptII/ptolemy/domains/de/test/auto/ResetTransitionWithStartTime3.xml (RunModel)" time="0.022" />
  <testcase classname="ptolemy.util.test.junit.AutoTests" name="[57] /home/travis/build/icyphy/ptII/ptolemy/domains/de/test/auto/ResetTransitionWithStartTime4.xml (RunModel)" time="0.021" />
  <testcase classname="ptolemy.util.test.junit.AutoTests" name="[58] /home/travis/build/icyphy/ptII/ptolemy/domains/de/test/auto/ResettableTimer1.xml (RunModel)" time="0.011" />
  <testcase classname="ptolemy.util.test.junit.AutoTests" name="[59] /home/travis/build/icyphy/ptII/ptolemy/domains/de/test/auto/ResettableTimer2.xml (RunModel)" time="0.012" />
  <testcase classname="ptolemy.util.test.junit.AutoTests" name="[60] /home/travis/build/icyphy/ptII/ptolemy/domains/de/test/auto/ResettableTimer3.xml (RunModel)" time="0.01" />
  <testcase classname="ptolemy.util.test.junit.AutoTests" name="[61] /home/travis/build/icyphy/ptII/ptolemy/domains/de/test/auto/ResettableTimer4.xml (RunModel)" time="0.011" />
  <testcase classname="ptolemy.util.test.junit.AutoTests" name="[62] /home/travis/build/icyphy/ptII/ptolemy/domains/de/test/auto/ResettableTimer5.xml (RunModel)" time="0.011" />
  <testcase classname="ptolemy.util.test.junit.AutoTests" name="[63] /home/travis/build/icyphy/ptII/ptolemy/domains/de/test/auto/ResettableTimer6.xml (RunModel)" time="0.019" />
  <testcase classname="ptolemy.util.test.junit.AutoTests" name="[64] /home/travis/build/icyphy/ptII/ptolemy/domains/de/test/auto/ServerZeroDelay.xml (RunModel)" time="0.013" />
  <testcase classname="ptolemy.util.test.junit.AutoTests" name="[65] /home/travis/build/icyphy/ptII/ptolemy/domains/de/test/auto/SmartSender.xml (RunModel)" time="3.019" />
  <testcase classname="ptolemy.util.test.junit.AutoTests" name="[66] /home/travis/build/icyphy/ptII/ptolemy/domains/de/test/auto/ThreadedComposite.xml (RunModel)" time="0.142" />
  <testcase classname="ptolemy.util.test.junit.AutoTests" name="[67] /home/travis/build/icyphy/ptII/ptolemy/domains/de/test/auto/Time.xml (RunModel)" time="0.444" />
  <testcase classname="ptolemy.util.test.junit.AutoTests" name="[68] /home/travis/build/icyphy/ptII/ptolemy/domains/de/test/auto/TimeDelayZeroDelay.xml (RunModel)" time="0.012" />
  <testcase classname="ptolemy.util.test.junit.AutoTests" name="[69] /home/travis/build/icyphy/ptII/ptolemy/domains/de/test/auto/TimerZeroDelay.xml (RunModel)" time="0.011" />
  <testcase classname="ptolemy.util.test.junit.AutoTests" name="[70] /home/travis/build/icyphy/ptII/ptolemy/domains/de/test/auto/TimingParadox.xml (RunModel)" time="0.369" />
  <testcase classname="ptolemy.util.test.junit.AutoTests" name="[71] /home/travis/build/icyphy/ptII/ptolemy/domains/de/test/auto/TransferInputs.xml (RunModel)" time="0.009" />
  <testcase classname="ptolemy.util.test.junit.AutoTests" name="[72] /home/travis/build/icyphy/ptII/ptolemy/domains/de/test/auto/TransferOutputs2.xml (RunModel)" time="0.018" />
  <testcase classname="ptolemy.util.test.junit.AutoTests" name="[73] /home/travis/build/icyphy/ptII/ptolemy/domains/de/test/auto/Trilateration.xml (RunModel)" time="13.351" />
  <testcase classname="ptolemy.util.test.junit.AutoTests" name="[74] /home/travis/build/icyphy/ptII/ptolemy/domains/de/test/auto/TwoSigmaDelta.xml (RunModel)" time="2.386" />
  <testcase classname="ptolemy.util.test.junit.AutoTests" name="[75] /home/travis/build/icyphy/ptII/ptolemy/domains/de/test/auto/VariableDelay.xml (RunModel)" time="0.021" />
  <testcase classname="ptolemy.util.test.junit.AutoTests" name="[76] /home/travis/build/icyphy/ptII/ptolemy/domains/de/test/auto/VariableDelay2.xml (RunModel)" time="0.019" />
  <testcase classname="ptolemy.util.test.junit.AutoTests" name="[77] /home/travis/build/icyphy/ptII/ptolemy/domains/de/test/auto/VariableDelayZeroDelay.xml (RunModel)" time="0.014" />
  <testcase classname="ptolemy.util.test.junit.AutoTests" name="[78] /home/travis/build/icyphy/ptII/ptolemy/domains/de/test/auto/VariableDelayZeroDelay2.xml (RunModel)" time="0.033" />
  <testcase classname="ptolemy.util.test.junit.AutoTests" name="[79] /home/travis/build/icyphy/ptII/ptolemy/domains/de/test/auto/deInCt.xml (RunModel)" time="0.041" />
  <testcase classname="ptolemy.util.test.junit.AutoTests" name="[80] /home/travis/build/icyphy/ptII/ptolemy/domains/de/test/auto/deInCt2.xml (RunModel)" time="0.038" />
  <testcase classname="ptolemy.util.test.junit.AutoTests" name="[81] /home/travis/build/icyphy/ptII/ptolemy/domains/de/test/auto/dynamicCausalityInterface1.xml (RunModel)" time="0.067" />
  <testcase classname="ptolemy.util.test.junit.AutoTests" name="[82] /home/travis/build/icyphy/ptII/ptolemy/domains/de/test/auto/fsm_de_test.xml (RunModel)" time="0.072" />
  <testcase classname="ptolemy.util.test.junit.AutoTests" name="[83] /home/travis/build/icyphy/ptII/ptolemy/domains/de/test/auto/functionDependencyReconstruction.xml (RunModel)" time="0.085" />
  <testcase classname="ptolemy.util.test.junit.AutoTests" name="[84] /home/travis/build/icyphy/ptII/ptolemy/domains/de/test/auto/multirate.xml (RunModel)" time="0.038" />
  <testcase classname="ptolemy.util.test.junit.AutoTests" name="[85] /home/travis/build/icyphy/ptII/ptolemy/domains/de/test/auto/multirate2.xml (RunModel)" time="0.018" />
  <testcase classname="ptolemy.util.test.junit.AutoTests" name="[86] /home/travis/build/icyphy/ptII/ptolemy/domains/de/test/auto/realtime.xml (RunModel)" time="10.014" />
  <testcase classname="ptolemy.util.test.junit.AutoTests" name="[87] /home/travis/build/icyphy/ptII/ptolemy/domains/de/test/auto/relationGroup.xml (RunModel)" time="0.015" />
  <testcase classname="ptolemy.util.test.junit.AutoTests" name="[88] /home/travis/build/icyphy/ptII/ptolemy/domains/de/test/auto/relationGroup2.xml (RunModel)" time="0.008" />
  <testcase classname="ptolemy.util.test.junit.AutoTests" name="[89] /home/travis/build/icyphy/ptII/ptolemy/domains/de/test/auto/sortWithOpaquePorts.xml (RunModel)" time="0.01" />
  <testcase classname="ptolemy.util.test.junit.AutoTests" name="[90] /home/travis/build/icyphy/ptII/ptolemy/domains/de/test/auto/transferInputsandOutputs.xml (RunModel)" time="0.017" />
  <testcase classname="ptolemy.util.test.junit.AutoTests" name="[91] /home/travis/build/icyphy/ptII/ptolemy/domains/de/test/auto/triggerType.xml (RunModel)" time="0.009" />
  <system-out><![CDATA[/home/travis/build/icyphy/ptII/ptolemy/domains/de/test/DependencyLoop.tcl
testDefs.tcl: setting time out to 9000 seconds at Sun May 20 01:16:17 UTC 2018
20 ms. Memory: 116224K Free: 95090K (82%)
7 ms. Memory: 146944K Free: 137794K (94%)
/home/travis/build/icyphy/ptII/ptolemy/domains/de/test/RunDETestsAsQSS.tcl
Run the DE tests using ptolemy.domains.qss.test.QSSDirectorTest, which extends QSSDirector and prints a message in the constructors.
------------------ testing $PTII/ptolemy/domains/de/test/auto/knownFailedTests/dependencyLoop.xml (Known Failure) 
8 ms. Memory: 146944K Free: 133520K (91%)


==== $PTIIhome/travis/build/icyphy/ptII/ptolemy/domains/de/test/../../../../: Auto Automatic test in file $PTII/ptolemy/domains/de/test/auto/knownFailedTests/dependencyLoop.xml
==== Contents of test case:

	    # FIXME: we should use $relativeFilename here, but it
	    # might have backslashes under Windows, which causes no end
	    # of trouble.
	    createAndExecute $file
	    list {}
	
.... Test generated KNOWN error:
    while executing
ptolemy.kernel.util.IllegalActionException: Found a zero delay loop containing .dependencyLoop.original
  in .dependencyLoop and .dependencyLoop.original
	at ptolemy.actor.util.CausalityInterfaceForComposites._computeOutputPortDepth(CausalityInterfaceForComposites.java:759)
	at ptolemy.actor.util.CausalityInterfaceForComposites._computeInputDepth(CausalityInterfaceForComposites.java:696)
	at ptolemy.actor.util.CausalityInterfaceForComposites._computeOutputPortDepth(CausalityInterfaceForComposites.java:765)
	at ptolemy.actor.util.CausalityInterfaceForComposites._computeInputDepth(CausalityInterfaceForComposites.java:696)
	at ptolemy.actor.util.CausalityInterfaceForComposites._computeOutputPortDepth(CausalityInterfaceForComposites.java:765)
	at ptolemy.actor.util.CausalityInterfaceForComposites._computeInputDepth(CausalityInterfaceForComposites.java:696)
	at ptolemy.actor.util.CausalityInterfaceForComposites._computeActorDepth(CausalityInterfaceForComposites.java:532)
	at ptolemy.actor.util.CausalityInterfaceForComposites.checkForCycles(CausalityInterfaceForComposites.java:96)
	at ptolemy.domains.de.kernel.DEDirector.preinitialize(DEDirector.java:1337)
	at ptolemy.actor.CompositeActor.preinitialize(CompositeActor.java:1828)
	at ptolemy.actor.Manager.preinitializeAndResolveTypes(Manager.java:1040)
	at ptolemy.actor.Manager.initialize(Manager.java:710)
	at ptolemy.actor.Manager.execute(Manager.java:356)
	at ptolemy.actor.Manager.run(Manager.java:1263)
	at ptolemy.actor.Manager$PtolemyRunThread.run(Manager.java:1915)

    while executing
ptolemy.kernel.util.IllegalActionException: Found a zero delay loop containing .dependencyLoop.original
  in .dependencyLoop and .dependencyLoop.original
    while executing
"java::new ptolemy.moml.MoMLSimpleApplication $file
"
    (procedure "createAndExecute" line 2)
    invoked from within
"createAndExecute $file"
    ("uplevel" body line 5)
    invoked from within
"uplevel $contents_of_test"
------------------ testing $PTII/ptolemy/domains/de/test/auto/knownFailedTests/DESDFClockTest.xml (Known Failure) 
2129 ms. Memory: 146944K Free: 117709K (80%)


==== $PTIIhome/travis/build/icyphy/ptII/ptolemy/domains/de/test/../../../../: Auto Automatic test in file $PTII/ptolemy/domains/de/test/auto/knownFailedTests/DESDFClockTest.xml
==== Contents of test case:

	    # FIXME: we should use $relativeFilename here, but it
	    # might have backslashes under Windows, which causes no end
	    # of trouble.
	    createAndExecute $file
	    list {}
	
.... Test generated KNOWN error:
    while executing
ptolemy.kernel.util.IllegalActionException: Actor is not ready to fire.  Perhaps UpSample.prefire() returned false? Try debugging the actor by selecting "Listen to Actor".  Also, for SDF check moml for tokenConsumptionRate on input.
  in .DESDFClockTest.Play Bell.Copy1:SDF Director and .DESDFClockTest.Play Bell.UpSample
	at ptolemy.actor.sched.StaticSchedulingDirector.fire(StaticSchedulingDirector.java:227)
	at ptolemy.domains.sdf.kernel.SDFDirector.fire(SDFDirector.java:500)
	at ptolemy.actor.CompositeActor.fire(CompositeActor.java:455)
	at ptolemy.domains.de.kernel.DEDirector._fire(DEDirector.java:1948)
	at ptolemy.domains.de.kernel.DEDirector.fire(DEDirector.java:502)
	at ptolemy.actor.CompositeActor.fire(CompositeActor.java:455)
	at ptolemy.actor.Manager.iterate(Manager.java:851)
	at ptolemy.actor.Manager.execute(Manager.java:369)
	at ptolemy.actor.Manager.run(Manager.java:1263)
	at ptolemy.actor.Manager$PtolemyRunThread.run(Manager.java:1915)

    while executing
ptolemy.kernel.util.IllegalActionException: Actor is not ready to fire.  Perhaps UpSample.prefire() returned false? Try debugging the actor by selecting "Listen to Actor".  Also, for SDF check moml for tokenConsumptionRate on input.
  in .DESDFClockTest.Play Bell.Copy1:SDF Director and .DESDFClockTest.Play Bell.UpSample
    while executing
"java::new ptolemy.moml.MoMLSimpleApplication $file
"
    (procedure "createAndExecute" line 2)
    invoked from within
"createAndExecute $file"
    ("uplevel" body line 5)
    invoked from within
"uplevel $contents_of_test"
------------------ testing $PTII/ptolemy/domains/de/test/auto/knownFailedTests/FSMSource.xml (Known Failure) 
37 ms. Memory: 146944K Free: 108729K (74%)
!!!! Auto was marked as failing, but now passes
------------------ testing $PTII/ptolemy/domains/de/test/auto/knownFailedTests/dependencyLoop2.xml (Known Failure) 
7 ms. Memory: 146944K Free: 106845K (73%)


==== $PTIIhome/travis/build/icyphy/ptII/ptolemy/domains/de/test/../../../../: Auto Automatic test in file $PTII/ptolemy/domains/de/test/auto/knownFailedTests/dependencyLoop2.xml
==== Contents of test case:

	    # FIXME: we should use $relativeFilename here, but it
	    # might have backslashes under Windows, which causes no end
	    # of trouble.
	    createAndExecute $file
	    list {}
	
.... Test generated KNOWN error:
    while executing
ptolemy.kernel.util.IllegalActionException: Found a zero delay loop containing .dependencyLoop2.original
  in .dependencyLoop2 and .dependencyLoop2.original
	at ptolemy.actor.util.CausalityInterfaceForComposites._computeOutputPortDepth(CausalityInterfaceForComposites.java:759)
	at ptolemy.actor.util.CausalityInterfaceForComposites._computeInputDepth(CausalityInterfaceForComposites.java:696)
	at ptolemy.actor.util.CausalityInterfaceForComposites._computeOutputPortDepth(CausalityInterfaceForComposites.java:765)
	at ptolemy.actor.util.CausalityInterfaceForComposites._computeInputDepth(CausalityInterfaceForComposites.java:696)
	at ptolemy.actor.util.CausalityInterfaceForComposites._computeOutputPortDepth(CausalityInterfaceForComposites.java:765)
	at ptolemy.actor.util.CausalityInterfaceForComposites._computeInputDepth(CausalityInterfaceForComposites.java:696)
	at ptolemy.actor.util.CausalityInterfaceForComposites._computeActorDepth(CausalityInterfaceForComposites.java:532)
	at ptolemy.actor.util.CausalityInterfaceForComposites.checkForCycles(CausalityInterfaceForComposites.java:96)
	at ptolemy.domains.de.kernel.DEDirector.preinitialize(DEDirector.java:1337)
	at ptolemy.actor.CompositeActor.preinitialize(CompositeActor.java:1828)
	at ptolemy.actor.Manager.preinitializeAndResolveTypes(Manager.java:1040)
	at ptolemy.actor.Manager.initialize(Manager.java:710)
	at ptolemy.actor.Manager.execute(Manager.java:356)
	at ptolemy.actor.Manager.run(Manager.java:1263)
	at ptolemy.actor.Manager$PtolemyRunThread.run(Manager.java:1915)

    while executing
ptolemy.kernel.util.IllegalActionException: Found a zero delay loop containing .dependencyLoop2.original
  in .dependencyLoop2 and .dependencyLoop2.original
    while executing
"java::new ptolemy.moml.MoMLSimpleApplication $file
"
    (procedure "createAndExecute" line 2)
    invoked from within
"createAndExecute $file"
    ("uplevel" body line 5)
    invoked from within
"uplevel $contents_of_test"
------------------ testing $PTII/ptolemy/domains/de/test/auto/knownFailedTests/HierarchicalModel.xml (Known Failure) 
8 ms. Memory: 146944K Free: 86223K (59%)


==== $PTIIhome/travis/build/icyphy/ptII/ptolemy/domains/de/test/../../../../: Auto Automatic test in file $PTII/ptolemy/domains/de/test/auto/knownFailedTests/HierarchicalModel.xml
==== Contents of test case:

	    # FIXME: we should use $relativeFilename here, but it
	    # might have backslashes under Windows, which causes no end
	    # of trouble.
	    createAndExecute $file
	    list {}
	
.... Test generated KNOWN error:
    while executing
ptolemy.kernel.util.IllegalActionException: Found a zero delay loop containing .HierarchicalModel.A
  in .HierarchicalModel and .HierarchicalModel.A
	at ptolemy.actor.util.CausalityInterfaceForComposites._computeOutputPortDepth(CausalityInterfaceForComposites.java:759)
	at ptolemy.actor.util.CausalityInterfaceForComposites._computeInputDepth(CausalityInterfaceForComposites.java:696)
	at ptolemy.actor.util.CausalityInterfaceForComposites._computeOutputPortDepth(CausalityInterfaceForComposites.java:765)
	at ptolemy.actor.util.CausalityInterfaceForComposites._computeInputDepth(CausalityInterfaceForComposites.java:696)
	at ptolemy.actor.util.CausalityInterfaceForComposites._computeOutputPortDepth(CausalityInterfaceForComposites.java:765)
	at ptolemy.actor.util.CausalityInterfaceForComposites._computeInputDepth(CausalityInterfaceForComposites.java:696)
	at ptolemy.actor.util.CausalityInterfaceForComposites._computeActorDepth(CausalityInterfaceForComposites.java:532)
	at ptolemy.actor.util.CausalityInterfaceForComposites.checkForCycles(CausalityInterfaceForComposites.java:96)
	at ptolemy.domains.de.kernel.DEDirector.preinitialize(DEDirector.java:1337)
	at ptolemy.actor.CompositeActor.preinitialize(CompositeActor.java:1828)
	at ptolemy.actor.Manager.preinitializeAndResolveTypes(Manager.java:1040)
	at ptolemy.actor.Manager.initialize(Manager.java:710)
	at ptolemy.actor.Manager.execute(Manager.java:356)
	at ptolemy.actor.Manager.run(Manager.java:1263)
	at ptolemy.actor.Manager$PtolemyRunThread.run(Manager.java:1915)

    while executing
ptolemy.kernel.util.IllegalActionException: Found a zero delay loop containing .HierarchicalModel.A
  in .HierarchicalModel and .HierarchicalModel.A
    while executing
"java::new ptolemy.moml.MoMLSimpleApplication $file
"
    (procedure "createAndExecute" line 2)
    invoked from within
"createAndExecute $file"
    ("uplevel" body line 5)
    invoked from within
"uplevel $contents_of_test"
------------------ testing $PTII/ptolemy/domains/de/test/auto/knownFailedTests/DirectFeedback.xml (Known Failure) 
11 ms. Memory: 146944K Free: 82054K (56%)


==== $PTIIhome/travis/build/icyphy/ptII/ptolemy/domains/de/test/../../../../: Auto Automatic test in file $PTII/ptolemy/domains/de/test/auto/knownFailedTests/DirectFeedback.xml
==== Contents of test case:

	    # FIXME: we should use $relativeFilename here, but it
	    # might have backslashes under Windows, which causes no end
	    # of trouble.
	    createAndExecute $file
	    list {}
	
.... Test generated KNOWN error:
    while executing
ptolemy.kernel.util.IllegalActionException: Test fails in iteration 1.
Value was: 1.0. Should have been: 2.0
  in .DirectFeedback.Test
	at ptolemy.actor.lib.Test.fire(Test.java:268)
	at ptolemy.domains.de.kernel.DEDirector._fire(DEDirector.java:1948)
	at ptolemy.domains.de.kernel.DEDirector.fire(DEDirector.java:502)
	at ptolemy.actor.CompositeActor.fire(CompositeActor.java:455)
	at ptolemy.actor.Manager.iterate(Manager.java:851)
	at ptolemy.actor.Manager.execute(Manager.java:369)
	at ptolemy.actor.Manager.run(Manager.java:1263)
	at ptolemy.actor.Manager$PtolemyRunThread.run(Manager.java:1915)

    while executing
ptolemy.kernel.util.IllegalActionException: Test fails in iteration 1.
Value was: 1.0. Should have been: 2.0
  in .DirectFeedback.Test
    while executing
"java::new ptolemy.moml.MoMLSimpleApplication $file
"
    (procedure "createAndExecute" line 2)
    invoked from within
"createAndExecute $file"
    ("uplevel" body line 5)
    invoked from within
"uplevel $contents_of_test"
------------------ testing $PTII/ptolemy/domains/de/test/auto/ActorDepthCalculation_actorWithoutPorts.xml
auto.tcl: Setting watchdog for 200 seconds at Sun May 20 01:16:21 UTC 2018
9 ms. Memory: 146944K Free: 134856K (92%)
ptolemy.util.test.WatchDog.cancel(): canceling Sun May 20 01:16:21 UTC 2018
auto.tcl: Setting watchdog for 200 seconds at Sun May 20 01:16:21 UTC 2018
9 ms. Memory: 146944K Free: 132805K (90%)
ptolemy.util.test.WatchDog.cancel(): canceling Sun May 20 01:16:21 UTC 2018
------------------ testing $PTII/ptolemy/domains/de/test/auto/AssemblyLine.xml
auto.tcl: Setting watchdog for 200 seconds at Sun May 20 01:16:22 UTC 2018
8 ms. Memory: 208384K Free: 184340K (88%)
ptolemy.util.test.WatchDog.cancel(): canceling Sun May 20 01:16:22 UTC 2018
auto.tcl: Setting watchdog for 200 seconds at Sun May 20 01:16:22 UTC 2018
6 ms. Memory: 208384K Free: 183111K (88%)
ptolemy.util.test.WatchDog.cancel(): canceling Sun May 20 01:16:22 UTC 2018
------------------ testing $PTII/ptolemy/domains/de/test/auto/CQBug1.xml
auto.tcl: Setting watchdog for 200 seconds at Sun May 20 01:16:22 UTC 2018
5 ms. Memory: 208384K Free: 197647K (95%)
ptolemy.util.test.WatchDog.cancel(): canceling Sun May 20 01:16:22 UTC 2018
auto.tcl: Setting watchdog for 200 seconds at Sun May 20 01:16:22 UTC 2018
2 ms. Memory: 208384K Free: 197647K (95%)
ptolemy.util.test.WatchDog.cancel(): canceling Sun May 20 01:16:22 UTC 2018
------------------ testing $PTII/ptolemy/domains/de/test/auto/CancelFireAt.xml
auto.tcl: Setting watchdog for 200 seconds at Sun May 20 01:16:22 UTC 2018
7 ms. Memory: 208384K Free: 201404K (97%)
ptolemy.util.test.WatchDog.cancel(): canceling Sun May 20 01:16:22 UTC 2018
auto.tcl: Setting watchdog for 200 seconds at Sun May 20 01:16:22 UTC 2018
2 ms. Memory: 208384K Free: 199268K (96%)
ptolemy.util.test.WatchDog.cancel(): canceling Sun May 20 01:16:22 UTC 2018
------------------ testing $PTII/ptolemy/domains/de/test/auto/CausalityAndComposabilityAnalysis.xml
auto.tcl: Setting watchdog for 200 seconds at Sun May 20 01:16:22 UTC 2018
15 ms. Memory: 208384K Free: 198528K (95%)
ptolemy.util.test.WatchDog.cancel(): canceling Sun May 20 01:16:22 UTC 2018
auto.tcl: Setting watchdog for 200 seconds at Sun May 20 01:16:22 UTC 2018
6 ms. Memory: 208384K Free: 196391K (94%)
ptolemy.util.test.WatchDog.cancel(): canceling Sun May 20 01:16:22 UTC 2018
------------------ testing $PTII/ptolemy/domains/de/test/auto/CausalityInterface1.xml
auto.tcl: Setting watchdog for 200 seconds at Sun May 20 01:16:22 UTC 2018
21 ms. Memory: 208384K Free: 198466K (95%)
ptolemy.util.test.WatchDog.cancel(): canceling Sun May 20 01:16:22 UTC 2018
auto.tcl: Setting watchdog for 200 seconds at Sun May 20 01:16:22 UTC 2018
4 ms. Memory: 208384K Free: 196329K (94%)
ptolemy.util.test.WatchDog.cancel(): canceling Sun May 20 01:16:22 UTC 2018
------------------ testing $PTII/ptolemy/domains/de/test/auto/CausalityInterface15.xml
auto.tcl: Setting watchdog for 200 seconds at Sun May 20 01:16:22 UTC 2018
7 ms. Memory: 208384K Free: 196320K (94%)
ptolemy.util.test.WatchDog.cancel(): canceling Sun May 20 01:16:22 UTC 2018
auto.tcl: Setting watchdog for 200 seconds at Sun May 20 01:16:22 UTC 2018
6 ms. Memory: 208384K Free: 196320K (94%)
ptolemy.util.test.WatchDog.cancel(): canceling Sun May 20 01:16:22 UTC 2018
------------------ testing $PTII/ptolemy/domains/de/test/auto/CausalityInterface2.xml
auto.tcl: Setting watchdog for 200 seconds at Sun May 20 01:16:22 UTC 2018
12 ms. Memory: 208384K Free: 196305K (94%)
ptolemy.util.test.WatchDog.cancel(): canceling Sun May 20 01:16:22 UTC 2018
auto.tcl: Setting watchdog for 200 seconds at Sun May 20 01:16:22 UTC 2018
4 ms. Memory: 208384K Free: 196305K (94%)
ptolemy.util.test.WatchDog.cancel(): canceling Sun May 20 01:16:22 UTC 2018
------------------ testing $PTII/ptolemy/domains/de/test/auto/CausalityInterface3.xml
auto.tcl: Setting watchdog for 200 seconds at Sun May 20 01:16:22 UTC 2018
9 ms. Memory: 208384K Free: 196311K (94%)
ptolemy.util.test.WatchDog.cancel(): canceling Sun May 20 01:16:22 UTC 2018
auto.tcl: Setting watchdog for 200 seconds at Sun May 20 01:16:22 UTC 2018
3 ms. Memory: 208384K Free: 196311K (94%)
ptolemy.util.test.WatchDog.cancel(): canceling Sun May 20 01:16:22 UTC 2018
------------------ testing $PTII/ptolemy/domains/de/test/auto/ClockDrift.xml
auto.tcl: Setting watchdog for 200 seconds at Sun May 20 01:16:23 UTC 2018
104 ms. Memory: 208384K Free: 187434K (90%)
ptolemy.util.test.WatchDog.cancel(): canceling Sun May 20 01:16:23 UTC 2018
auto.tcl: Setting watchdog for 200 seconds at Sun May 20 01:16:23 UTC 2018
60 ms. Memory: 208384K Free: 185297K (89%)
ptolemy.util.test.WatchDog.cancel(): canceling Sun May 20 01:16:23 UTC 2018
------------------ testing $PTII/ptolemy/domains/de/test/auto/ClockDriftAndValueChange.xml
auto.tcl: Setting watchdog for 200 seconds at Sun May 20 01:16:23 UTC 2018
49 ms. Memory: 208384K Free: 187266K (90%)
ptolemy.util.test.WatchDog.cancel(): canceling Sun May 20 01:16:23 UTC 2018
auto.tcl: Setting watchdog for 200 seconds at Sun May 20 01:16:23 UTC 2018
38 ms. Memory: 208384K Free: 185130K (89%)
ptolemy.util.test.WatchDog.cancel(): canceling Sun May 20 01:16:23 UTC 2018
------------------ testing $PTII/ptolemy/domains/de/test/auto/ClockDriftChange.xml
auto.tcl: Setting watchdog for 200 seconds at Sun May 20 01:16:23 UTC 2018
29 ms. Memory: 208384K Free: 190630K (91%)
ptolemy.util.test.WatchDog.cancel(): canceling Sun May 20 01:16:23 UTC 2018
auto.tcl: Setting watchdog for 200 seconds at Sun May 20 01:16:23 UTC 2018
29 ms. Memory: 208384K Free: 188493K (90%)
ptolemy.util.test.WatchDog.cancel(): canceling Sun May 20 01:16:23 UTC 2018
------------------ testing $PTII/ptolemy/domains/de/test/auto/ComposableCausalityAnalysis.xml
auto.tcl: Setting watchdog for 200 seconds at Sun May 20 01:16:23 UTC 2018
3 ms. Memory: 208384K Free: 196169K (94%)
ptolemy.util.test.WatchDog.cancel(): canceling Sun May 20 01:16:23 UTC 2018
auto.tcl: Setting watchdog for 200 seconds at Sun May 20 01:16:23 UTC 2018
2 ms. Memory: 208384K Free: 196169K (94%)
ptolemy.util.test.WatchDog.cancel(): canceling Sun May 20 01:16:23 UTC 2018
------------------ testing $PTII/ptolemy/domains/de/test/auto/DEFixedPointLimitation.xml
auto.tcl: Setting watchdog for 200 seconds at Sun May 20 01:16:23 UTC 2018
2 ms. Memory: 208384K Free: 198183K (95%)
ptolemy.util.test.WatchDog.cancel(): canceling Sun May 20 01:16:23 UTC 2018
auto.tcl: Setting watchdog for 200 seconds at Sun May 20 01:16:23 UTC 2018
1 ms. Memory: 208384K Free: 196047K (94%)
ptolemy.util.test.WatchDog.cancel(): canceling Sun May 20 01:16:23 UTC 2018
------------------ testing $PTII/ptolemy/domains/de/test/auto/DEScheduleTest.xml
auto.tcl: Setting watchdog for 200 seconds at Sun May 20 01:16:23 UTC 2018
4 ms. Memory: 208384K Free: 198218K (95%)
ptolemy.util.test.WatchDog.cancel(): canceling Sun May 20 01:16:23 UTC 2018
auto.tcl: Setting watchdog for 200 seconds at Sun May 20 01:16:23 UTC 2018
3 ms. Memory: 208384K Free: 196082K (94%)
ptolemy.util.test.WatchDog.cancel(): canceling Sun May 20 01:16:23 UTC 2018
------------------ testing $PTII/ptolemy/domains/de/test/auto/DEinDEwithStartTimes.xml
auto.tcl: Setting watchdog for 200 seconds at Sun May 20 01:16:23 UTC 2018
8 ms. Memory: 208384K Free: 196051K (94%)
ptolemy.util.test.WatchDog.cancel(): canceling Sun May 20 01:16:23 UTC 2018
auto.tcl: Setting watchdog for 200 seconds at Sun May 20 01:16:23 UTC 2018
11 ms. Memory: 208384K Free: 193915K (93%)
ptolemy.util.test.WatchDog.cancel(): canceling Sun May 20 01:16:24 UTC 2018
------------------ testing $PTII/ptolemy/domains/de/test/auto/DEinDEwithStartTimes2.xml
auto.tcl: Setting watchdog for 200 seconds at Sun May 20 01:16:24 UTC 2018
5 ms. Memory: 208384K Free: 196368K (94%)
ptolemy.util.test.WatchDog.cancel(): canceling Sun May 20 01:16:24 UTC 2018
auto.tcl: Setting watchdog for 200 seconds at Sun May 20 01:16:24 UTC 2018
6 ms. Memory: 208384K Free: 193894K (93%)
ptolemy.util.test.WatchDog.cancel(): canceling Sun May 20 01:16:24 UTC 2018
------------------ testing $PTII/ptolemy/domains/de/test/auto/DateDemo.xml
auto.tcl: Setting watchdog for 200 seconds at Sun May 20 01:16:24 UTC 2018
16 ms. Memory: 208384K Free: 188352K (90%)
ptolemy.util.test.WatchDog.cancel(): canceling Sun May 20 01:16:24 UTC 2018
auto.tcl: Setting watchdog for 200 seconds at Sun May 20 01:16:24 UTC 2018
7 ms. Memory: 208384K Free: 186215K (89%)
ptolemy.util.test.WatchDog.cancel(): canceling Sun May 20 01:16:24 UTC 2018
------------------ testing $PTII/ptolemy/domains/de/test/auto/DateToEvent.xml
auto.tcl: Setting watchdog for 200 seconds at Sun May 20 01:16:24 UTC 2018
2017 ms. Memory: 208384K Free: 182949K (88%)
ptolemy.util.test.WatchDog.cancel(): canceling Sun May 20 01:16:26 UTC 2018
auto.tcl: Setting watchdog for 200 seconds at Sun May 20 01:16:26 UTC 2018
2008 ms. Memory: 208384K Free: 180491K (87%)
ptolemy.util.test.WatchDog.cancel(): canceling Sun May 20 01:16:28 UTC 2018
------------------ testing $PTII/ptolemy/domains/de/test/auto/DepthTest1.xml
auto.tcl: Setting watchdog for 200 seconds at Sun May 20 01:16:28 UTC 2018
4 ms. Memory: 208384K Free: 197746K (95%)
ptolemy.util.test.WatchDog.cancel(): canceling Sun May 20 01:16:28 UTC 2018
auto.tcl: Setting watchdog for 200 seconds at Sun May 20 01:16:28 UTC 2018
1 ms. Memory: 208384K Free: 197746K (95%)
ptolemy.util.test.WatchDog.cancel(): canceling Sun May 20 01:16:28 UTC 2018
------------------ testing $PTII/ptolemy/domains/de/test/auto/DepthTest2.xml
auto.tcl: Setting watchdog for 200 seconds at Sun May 20 01:16:28 UTC 2018
9 ms. Memory: 208384K Free: 193907K (93%)
ptolemy.util.test.WatchDog.cancel(): canceling Sun May 20 01:16:28 UTC 2018
auto.tcl: Setting watchdog for 200 seconds at Sun May 20 01:16:28 UTC 2018
3 ms. Memory: 208384K Free: 193907K (93%)
ptolemy.util.test.WatchDog.cancel(): canceling Sun May 20 01:16:28 UTC 2018
------------------ testing $PTII/ptolemy/domains/de/test/auto/DepthTest3.xml
auto.tcl: Setting watchdog for 200 seconds at Sun May 20 01:16:28 UTC 2018
6 ms. Memory: 208384K Free: 198419K (95%)
ptolemy.util.test.WatchDog.cancel(): canceling Sun May 20 01:16:28 UTC 2018
auto.tcl: Setting watchdog for 200 seconds at Sun May 20 01:16:28 UTC 2018
2 ms. Memory: 208384K Free: 198082K (95%)
ptolemy.util.test.WatchDog.cancel(): canceling Sun May 20 01:16:28 UTC 2018
------------------ testing $PTII/ptolemy/domains/de/test/auto/DepthTest4.xml
auto.tcl: Setting watchdog for 200 seconds at Sun May 20 01:16:28 UTC 2018
5 ms. Memory: 208384K Free: 196033K (94%)
ptolemy.util.test.WatchDog.cancel(): canceling Sun May 20 01:16:28 UTC 2018
auto.tcl: Setting watchdog for 200 seconds at Sun May 20 01:16:28 UTC 2018
2 ms. Memory: 208384K Free: 196033K (94%)
ptolemy.util.test.WatchDog.cancel(): canceling Sun May 20 01:16:28 UTC 2018
------------------ testing $PTII/ptolemy/domains/de/test/auto/DepthTest5.xml
auto.tcl: Setting watchdog for 200 seconds at Sun May 20 01:16:28 UTC 2018
3 ms. Memory: 208384K Free: 195980K (94%)
ptolemy.util.test.WatchDog.cancel(): canceling Sun May 20 01:16:28 UTC 2018
auto.tcl: Setting watchdog for 200 seconds at Sun May 20 01:16:28 UTC 2018
3 ms. Memory: 208384K Free: 195980K (94%)
ptolemy.util.test.WatchDog.cancel(): canceling Sun May 20 01:16:28 UTC 2018
------------------ testing $PTII/ptolemy/domains/de/test/auto/DepthTest6.xml
auto.tcl: Setting watchdog for 200 seconds at Sun May 20 01:16:28 UTC 2018
11 ms. Memory: 208384K Free: 195949K (94%)
ptolemy.util.test.WatchDog.cancel(): canceling Sun May 20 01:16:28 UTC 2018
auto.tcl: Setting watchdog for 200 seconds at Sun May 20 01:16:28 UTC 2018
2 ms. Memory: 208384K Free: 195949K (94%)
ptolemy.util.test.WatchDog.cancel(): canceling Sun May 20 01:16:28 UTC 2018
------------------ testing $PTII/ptolemy/domains/de/test/auto/DepthTest7.xml
auto.tcl: Setting watchdog for 200 seconds at Sun May 20 01:16:29 UTC 2018
3 ms. Memory: 208384K Free: 195937K (94%)
ptolemy.util.test.WatchDog.cancel(): canceling Sun May 20 01:16:29 UTC 2018
auto.tcl: Setting watchdog for 200 seconds at Sun May 20 01:16:29 UTC 2018
3 ms. Memory: 208384K Free: 195937K (94%)
ptolemy.util.test.WatchDog.cancel(): canceling Sun May 20 01:16:29 UTC 2018
------------------ testing $PTII/ptolemy/domains/de/test/auto/EventToDate.xml
auto.tcl: Setting watchdog for 200 seconds at Sun May 20 01:16:29 UTC 2018
3006 ms. Memory: 208384K Free: 187411K (90%)
ptolemy.util.test.WatchDog.cancel(): canceling Sun May 20 01:16:32 UTC 2018
auto.tcl: Setting watchdog for 200 seconds at Sun May 20 01:16:32 UTC 2018
3004 ms. Memory: 208384K Free: 185271K (89%)
ptolemy.util.test.WatchDog.cancel(): canceling Sun May 20 01:16:35 UTC 2018
------------------ testing $PTII/ptolemy/domains/de/test/auto/FSM1.xml
auto.tcl: Setting watchdog for 200 seconds at Sun May 20 01:16:35 UTC 2018
33 ms. Memory: 208384K Free: 188914K (91%)
ptolemy.util.test.WatchDog.cancel(): canceling Sun May 20 01:16:35 UTC 2018
auto.tcl: Setting watchdog for 200 seconds at Sun May 20 01:16:35 UTC 2018
22 ms. Memory: 208384K Free: 184642K (89%)
ptolemy.util.test.WatchDog.cancel(): canceling Sun May 20 01:16:35 UTC 2018
------------------ testing $PTII/ptolemy/domains/de/test/auto/FSM7.xml
auto.tcl: Setting watchdog for 200 seconds at Sun May 20 01:16:35 UTC 2018
27 ms. Memory: 208384K Free: 186982K (90%)
ptolemy.util.test.WatchDog.cancel(): canceling Sun May 20 01:16:35 UTC 2018
auto.tcl: Setting watchdog for 200 seconds at Sun May 20 01:16:35 UTC 2018
26 ms. Memory: 208384K Free: 184846K (89%)
ptolemy.util.test.WatchDog.cancel(): canceling Sun May 20 01:16:35 UTC 2018
------------------ testing $PTII/ptolemy/domains/de/test/auto/Inspection.xml
auto.tcl: Setting watchdog for 200 seconds at Sun May 20 01:16:35 UTC 2018
47 ms. Memory: 208384K Free: 188532K (90%)
ptolemy.util.test.WatchDog.cancel(): canceling Sun May 20 01:16:35 UTC 2018
auto.tcl: Setting watchdog for 200 seconds at Sun May 20 01:16:35 UTC 2018
38 ms. Memory: 208384K Free: 186396K (89%)
ptolemy.util.test.WatchDog.cancel(): canceling Sun May 20 01:16:35 UTC 2018
------------------ testing $PTII/ptolemy/domains/de/test/auto/Iteration.xml
auto.tcl: Setting watchdog for 200 seconds at Sun May 20 01:16:35 UTC 2018
9 ms. Memory: 208384K Free: 195741K (94%)
ptolemy.util.test.WatchDog.cancel(): canceling Sun May 20 01:16:35 UTC 2018
auto.tcl: Setting watchdog for 200 seconds at Sun May 20 01:16:35 UTC 2018
8 ms. Memory: 208384K Free: 193604K (93%)
ptolemy.util.test.WatchDog.cancel(): canceling Sun May 20 01:16:35 UTC 2018
------------------ testing $PTII/ptolemy/domains/de/test/auto/LineFault.xml
auto.tcl: Setting watchdog for 200 seconds at Sun May 20 01:16:35 UTC 2018
734 ms. Memory: 208384K Free: 194966K (94%)
ptolemy.util.test.WatchDog.cancel(): canceling Sun May 20 01:16:36 UTC 2018
auto.tcl: Setting watchdog for 200 seconds at Sun May 20 01:16:36 UTC 2018
735 ms. Memory: 208384K Free: 138517K (66%)
ptolemy.util.test.WatchDog.cancel(): canceling Sun May 20 01:16:37 UTC 2018
------------------ testing $PTII/ptolemy/domains/de/test/auto/MergeModel1Add.xml
auto.tcl: Setting watchdog for 200 seconds at Sun May 20 01:16:37 UTC 2018
26 ms. Memory: 331264K Free: 302610K (91%)
ptolemy.util.test.WatchDog.cancel(): canceling Sun May 20 01:16:37 UTC 2018
auto.tcl: Setting watchdog for 200 seconds at Sun May 20 01:16:37 UTC 2018
14 ms. Memory: 331264K Free: 298661K (90%)
ptolemy.util.test.WatchDog.cancel(): canceling Sun May 20 01:16:37 UTC 2018
------------------ testing $PTII/ptolemy/domains/de/test/auto/MergeModel2Add.xml
auto.tcl: Setting watchdog for 200 seconds at Sun May 20 01:16:37 UTC 2018
10 ms. Memory: 331264K Free: 303948K (92%)
ptolemy.util.test.WatchDog.cancel(): canceling Sun May 20 01:16:38 UTC 2018
auto.tcl: Setting watchdog for 200 seconds at Sun May 20 01:16:38 UTC 2018
14 ms. Memory: 331264K Free: 300000K (91%)
ptolemy.util.test.WatchDog.cancel(): canceling Sun May 20 01:16:38 UTC 2018
------------------ testing $PTII/ptolemy/domains/de/test/auto/MergeModel3Add.xml
auto.tcl: Setting watchdog for 200 seconds at Sun May 20 01:16:38 UTC 2018
13 ms. Memory: 331264K Free: 303958K (92%)
ptolemy.util.test.WatchDog.cancel(): canceling Sun May 20 01:16:38 UTC 2018
auto.tcl: Setting watchdog for 200 seconds at Sun May 20 01:16:38 UTC 2018
11 ms. Memory: 331264K Free: 300010K (91%)
ptolemy.util.test.WatchDog.cancel(): canceling Sun May 20 01:16:38 UTC 2018
------------------ testing $PTII/ptolemy/domains/de/test/auto/MergeWithoutDiscard.xml
auto.tcl: Setting watchdog for 200 seconds at Sun May 20 01:16:38 UTC 2018
3 ms. Memory: 331264K Free: 316085K (95%)
ptolemy.util.test.WatchDog.cancel(): canceling Sun May 20 01:16:38 UTC 2018
auto.tcl: Setting watchdog for 200 seconds at Sun May 20 01:16:38 UTC 2018
2 ms. Memory: 331264K Free: 316085K (95%)
ptolemy.util.test.WatchDog.cancel(): canceling Sun May 20 01:16:38 UTC 2018
------------------ testing $PTII/ptolemy/domains/de/test/auto/Modal1.xml
auto.tcl: Setting watchdog for 200 seconds at Sun May 20 01:16:38 UTC 2018
16 ms. Memory: 331264K Free: 309700K (93%)
ptolemy.util.test.WatchDog.cancel(): canceling Sun May 20 01:16:38 UTC 2018
auto.tcl: Setting watchdog for 200 seconds at Sun May 20 01:16:38 UTC 2018
13 ms. Memory: 331264K Free: 305752K (92%)
ptolemy.util.test.WatchDog.cancel(): canceling Sun May 20 01:16:38 UTC 2018
------------------ testing $PTII/ptolemy/domains/de/test/auto/Modal2.xml
auto.tcl: Setting watchdog for 200 seconds at Sun May 20 01:16:38 UTC 2018
19 ms. Memory: 331264K Free: 309565K (93%)
ptolemy.util.test.WatchDog.cancel(): canceling Sun May 20 01:16:38 UTC 2018
auto.tcl: Setting watchdog for 200 seconds at Sun May 20 01:16:38 UTC 2018
22 ms. Memory: 331264K Free: 305617K (92%)
ptolemy.util.test.WatchDog.cancel(): canceling Sun May 20 01:16:38 UTC 2018
------------------ testing $PTII/ptolemy/domains/de/test/auto/Modal3.xml
auto.tcl: Setting watchdog for 200 seconds at Sun May 20 01:16:38 UTC 2018
12 ms. Memory: 331264K Free: 309578K (93%)
ptolemy.util.test.WatchDog.cancel(): canceling Sun May 20 01:16:38 UTC 2018
auto.tcl: Setting watchdog for 200 seconds at Sun May 20 01:16:38 UTC 2018
11 ms. Memory: 331264K Free: 305630K (92%)
ptolemy.util.test.WatchDog.cancel(): canceling Sun May 20 01:16:38 UTC 2018
------------------ testing $PTII/ptolemy/domains/de/test/auto/Modal4.xml
auto.tcl: Setting watchdog for 200 seconds at Sun May 20 01:16:38 UTC 2018
33 ms. Memory: 331264K Free: 309576K (93%)
ptolemy.util.test.WatchDog.cancel(): canceling Sun May 20 01:16:38 UTC 2018
auto.tcl: Setting watchdog for 200 seconds at Sun May 20 01:16:38 UTC 2018
28 ms. Memory: 331264K Free: 305627K (92%)
ptolemy.util.test.WatchDog.cancel(): canceling Sun May 20 01:16:38 UTC 2018
------------------ testing $PTII/ptolemy/domains/de/test/auto/Modal5.xml
auto.tcl: Setting watchdog for 200 seconds at Sun May 20 01:16:38 UTC 2018
20 ms. Memory: 331264K Free: 309563K (93%)
ptolemy.util.test.WatchDog.cancel(): canceling Sun May 20 01:16:38 UTC 2018
auto.tcl: Setting watchdog for 200 seconds at Sun May 20 01:16:38 UTC 2018
15 ms. Memory: 331264K Free: 305614K (92%)
ptolemy.util.test.WatchDog.cancel(): canceling Sun May 20 01:16:38 UTC 2018
------------------ testing $PTII/ptolemy/domains/de/test/auto/Modal6.xml
auto.tcl: Setting watchdog for 200 seconds at Sun May 20 01:16:38 UTC 2018
19 ms. Memory: 331264K Free: 309560K (93%)
ptolemy.util.test.WatchDog.cancel(): canceling Sun May 20 01:16:38 UTC 2018
auto.tcl: Setting watchdog for 200 seconds at Sun May 20 01:16:38 UTC 2018
20 ms. Memory: 331264K Free: 305612K (92%)
ptolemy.util.test.WatchDog.cancel(): canceling Sun May 20 01:16:39 UTC 2018
------------------ testing $PTII/ptolemy/domains/de/test/auto/Modal7.xml
auto.tcl: Setting watchdog for 200 seconds at Sun May 20 01:16:39 UTC 2018
22 ms. Memory: 331264K Free: 309560K (93%)
ptolemy.util.test.WatchDog.cancel(): canceling Sun May 20 01:16:39 UTC 2018
auto.tcl: Setting watchdog for 200 seconds at Sun May 20 01:16:39 UTC 2018
14 ms. Memory: 331264K Free: 305612K (92%)
ptolemy.util.test.WatchDog.cancel(): canceling Sun May 20 01:16:39 UTC 2018
------------------ testing $PTII/ptolemy/domains/de/test/auto/ModalModel.xml
auto.tcl: Setting watchdog for 200 seconds at Sun May 20 01:16:39 UTC 2018
255 ms. Memory: 331264K Free: 246074K (74%)
ptolemy.util.test.WatchDog.cancel(): canceling Sun May 20 01:16:39 UTC 2018
auto.tcl: Setting watchdog for 200 seconds at Sun May 20 01:16:39 UTC 2018
192 ms. Memory: 331264K Free: 190801K (58%)
ptolemy.util.test.WatchDog.cancel(): canceling Sun May 20 01:16:39 UTC 2018
------------------ testing $PTII/ptolemy/domains/de/test/auto/ModalSource.xml
auto.tcl: Setting watchdog for 200 seconds at Sun May 20 01:16:39 UTC 2018
7 ms. Memory: 331264K Free: 316534K (96%)
ptolemy.util.test.WatchDog.cancel(): canceling Sun May 20 01:16:39 UTC 2018
auto.tcl: Setting watchdog for 200 seconds at Sun May 20 01:16:39 UTC 2018
7 ms. Memory: 331264K Free: 313018K (94%)
ptolemy.util.test.WatchDog.cancel(): canceling Sun May 20 01:16:39 UTC 2018
------------------ testing $PTII/ptolemy/domains/de/test/auto/NonInterruptibleTimerZeroDelay.xml
auto.tcl: Setting watchdog for 200 seconds at Sun May 20 01:16:39 UTC 2018
4 ms. Memory: 331264K Free: 320702K (97%)
ptolemy.util.test.WatchDog.cancel(): canceling Sun May 20 01:16:39 UTC 2018
auto.tcl: Setting watchdog for 200 seconds at Sun May 20 01:16:39 UTC 2018
3 ms. Memory: 331264K Free: 317186K (96%)
ptolemy.util.test.WatchDog.cancel(): canceling Sun May 20 01:16:39 UTC 2018
------------------ testing $PTII/ptolemy/domains/de/test/auto/OpenQueueingNetwork.xml
auto.tcl: Setting watchdog for 200 seconds at Sun May 20 01:16:39 UTC 2018
3121 ms. Memory: 573952K Free: 419232K (73%)
ptolemy.util.test.WatchDog.cancel(): canceling Sun May 20 01:16:43 UTC 2018
auto.tcl: Setting watchdog for 200 seconds at Sun May 20 01:16:43 UTC 2018
2329 ms. Memory: 550912K Free: 337313K (61%)
ptolemy.util.test.WatchDog.cancel(): canceling Sun May 20 01:16:45 UTC 2018
------------------ testing $PTII/ptolemy/domains/de/test/auto/OpenQueuingNetwork.xml
auto.tcl: Setting watchdog for 200 seconds at Sun May 20 01:16:45 UTC 2018
256 ms. Memory: 549888K Free: 436044K (79%)
ptolemy.util.test.WatchDog.cancel(): canceling Sun May 20 01:16:46 UTC 2018
auto.tcl: Setting watchdog for 200 seconds at Sun May 20 01:16:46 UTC 2018
239 ms. Memory: 549888K Free: 376083K (68%)
ptolemy.util.test.WatchDog.cancel(): canceling Sun May 20 01:16:46 UTC 2018
------------------ testing $PTII/ptolemy/domains/de/test/auto/PeriodicSampler.xml
auto.tcl: Setting watchdog for 200 seconds at Sun May 20 01:16:46 UTC 2018
2 ms. Memory: 551936K Free: 536601K (97%)
ptolemy.util.test.WatchDog.cancel(): canceling Sun May 20 01:16:46 UTC 2018
auto.tcl: Setting watchdog for 200 seconds at Sun May 20 01:16:46 UTC 2018
2 ms. Memory: 551936K Free: 536601K (97%)
ptolemy.util.test.WatchDog.cancel(): canceling Sun May 20 01:16:46 UTC 2018
------------------ testing $PTII/ptolemy/domains/de/test/auto/PersistentIO.xml
auto.tcl: Setting watchdog for 200 seconds at Sun May 20 01:16:46 UTC 2018
11 ms. Memory: 549376K Free: 524510K (95%)
ptolemy.util.test.WatchDog.cancel(): canceling Sun May 20 01:16:46 UTC 2018
auto.tcl: Setting watchdog for 200 seconds at Sun May 20 01:16:46 UTC 2018
5 ms. Memory: 549376K Free: 524510K (95%)
ptolemy.util.test.WatchDog.cancel(): canceling Sun May 20 01:16:46 UTC 2018
------------------ testing $PTII/ptolemy/domains/de/test/auto/PortParameterResetOnInitialize.xml
auto.tcl: Setting watchdog for 200 seconds at Sun May 20 01:16:46 UTC 2018
2 ms. Memory: 551424K Free: 531641K (96%)
ptolemy.util.test.WatchDog.cancel(): canceling Sun May 20 01:16:46 UTC 2018
auto.tcl: Setting watchdog for 200 seconds at Sun May 20 01:16:46 UTC 2018
2 ms. Memory: 551424K Free: 531641K (96%)
ptolemy.util.test.WatchDog.cancel(): canceling Sun May 20 01:16:46 UTC 2018
------------------ testing $PTII/ptolemy/domains/de/test/auto/PortParameterUpdates.xml
auto.tcl: Setting watchdog for 200 seconds at Sun May 20 01:16:46 UTC 2018
4 ms. Memory: 549376K Free: 529956K (96%)
ptolemy.util.test.WatchDog.cancel(): canceling Sun May 20 01:16:46 UTC 2018
auto.tcl: Setting watchdog for 200 seconds at Sun May 20 01:16:46 UTC 2018
4 ms. Memory: 549376K Free: 524505K (95%)
ptolemy.util.test.WatchDog.cancel(): canceling Sun May 20 01:16:46 UTC 2018
------------------ testing $PTII/ptolemy/domains/de/test/auto/QueueAndServer.xml
auto.tcl: Setting watchdog for 200 seconds at Sun May 20 01:16:46 UTC 2018
18 ms. Memory: 551424K Free: 530966K (96%)
ptolemy.util.test.WatchDog.cancel(): canceling Sun May 20 01:16:46 UTC 2018
auto.tcl: Setting watchdog for 200 seconds at Sun May 20 01:16:46 UTC 2018
10 ms. Memory: 551424K Free: 530966K (96%)
ptolemy.util.test.WatchDog.cancel(): canceling Sun May 20 01:16:46 UTC 2018
------------------ testing $PTII/ptolemy/domains/de/test/auto/Records.xml
auto.tcl: Setting watchdog for 200 seconds at Sun May 20 01:16:46 UTC 2018
7 ms. Memory: 549376K Free: 534311K (97%)
ptolemy.util.test.WatchDog.cancel(): canceling Sun May 20 01:16:46 UTC 2018
auto.tcl: Setting watchdog for 200 seconds at Sun May 20 01:16:46 UTC 2018
2 ms. Memory: 549376K Free: 528860K (96%)
ptolemy.util.test.WatchDog.cancel(): canceling Sun May 20 01:16:46 UTC 2018
------------------ testing $PTII/ptolemy/domains/de/test/auto/ResetTransitionWithStartTime1.xml
auto.tcl: Setting watchdog for 200 seconds at Sun May 20 01:16:46 UTC 2018
16 ms. Memory: 551424K Free: 531160K (96%)
ptolemy.util.test.WatchDog.cancel(): canceling Sun May 20 01:16:46 UTC 2018
auto.tcl: Setting watchdog for 200 seconds at Sun May 20 01:16:46 UTC 2018
7 ms. Memory: 551424K Free: 530930K (96%)
ptolemy.util.test.WatchDog.cancel(): canceling Sun May 20 01:16:46 UTC 2018
------------------ testing $PTII/ptolemy/domains/de/test/auto/ResetTransitionWithStartTime2.xml
auto.tcl: Setting watchdog for 200 seconds at Sun May 20 01:16:46 UTC 2018
5 ms. Memory: 549376K Free: 529103K (96%)
ptolemy.util.test.WatchDog.cancel(): canceling Sun May 20 01:16:46 UTC 2018
auto.tcl: Setting watchdog for 200 seconds at Sun May 20 01:16:46 UTC 2018
5 ms. Memory: 549376K Free: 529103K (96%)
ptolemy.util.test.WatchDog.cancel(): canceling Sun May 20 01:16:46 UTC 2018
------------------ testing $PTII/ptolemy/domains/de/test/auto/ResetTransitionWithStartTime3.xml
auto.tcl: Setting watchdog for 200 seconds at Sun May 20 01:16:46 UTC 2018
5 ms. Memory: 550912K Free: 530408K (96%)
ptolemy.util.test.WatchDog.cancel(): canceling Sun May 20 01:16:47 UTC 2018
auto.tcl: Setting watchdog for 200 seconds at Sun May 20 01:16:47 UTC 2018
6 ms. Memory: 550912K Free: 530408K (96%)
ptolemy.util.test.WatchDog.cancel(): canceling Sun May 20 01:16:47 UTC 2018
------------------ testing $PTII/ptolemy/domains/de/test/auto/ResetTransitionWithStartTime4.xml
auto.tcl: Setting watchdog for 200 seconds at Sun May 20 01:16:47 UTC 2018
4 ms. Memory: 549376K Free: 528870K (96%)
ptolemy.util.test.WatchDog.cancel(): canceling Sun May 20 01:16:47 UTC 2018
auto.tcl: Setting watchdog for 200 seconds at Sun May 20 01:16:47 UTC 2018
3 ms. Memory: 549376K Free: 528870K (96%)
ptolemy.util.test.WatchDog.cancel(): canceling Sun May 20 01:16:47 UTC 2018
------------------ testing $PTII/ptolemy/domains/de/test/auto/ResettableTimer1.xml
auto.tcl: Setting watchdog for 200 seconds at Sun May 20 01:16:47 UTC 2018
3 ms. Memory: 550912K Free: 535852K (97%)
ptolemy.util.test.WatchDog.cancel(): canceling Sun May 20 01:16:47 UTC 2018
auto.tcl: Setting watchdog for 200 seconds at Sun May 20 01:16:47 UTC 2018
2 ms. Memory: 550912K Free: 535852K (97%)
ptolemy.util.test.WatchDog.cancel(): canceling Sun May 20 01:16:47 UTC 2018
------------------ testing $PTII/ptolemy/domains/de/test/auto/ResettableTimer2.xml
auto.tcl: Setting watchdog for 200 seconds at Sun May 20 01:16:47 UTC 2018
2 ms. Memory: 549376K Free: 534604K (97%)
ptolemy.util.test.WatchDog.cancel(): canceling Sun May 20 01:16:47 UTC 2018
auto.tcl: Setting watchdog for 200 seconds at Sun May 20 01:16:47 UTC 2018
2 ms. Memory: 549376K Free: 534604K (97%)
ptolemy.util.test.WatchDog.cancel(): canceling Sun May 20 01:16:47 UTC 2018
------------------ testing $PTII/ptolemy/domains/de/test/auto/ResettableTimer3.xml
auto.tcl: Setting watchdog for 200 seconds at Sun May 20 01:16:47 UTC 2018
2 ms. Memory: 550912K Free: 535910K (97%)
ptolemy.util.test.WatchDog.cancel(): canceling Sun May 20 01:16:47 UTC 2018
auto.tcl: Setting watchdog for 200 seconds at Sun May 20 01:16:47 UTC 2018
1 ms. Memory: 550912K Free: 535910K (97%)
ptolemy.util.test.WatchDog.cancel(): canceling Sun May 20 01:16:47 UTC 2018
------------------ testing $PTII/ptolemy/domains/de/test/auto/ResettableTimer4.xml
auto.tcl: Setting watchdog for 200 seconds at Sun May 20 01:16:47 UTC 2018
2 ms. Memory: 549376K Free: 534617K (97%)
ptolemy.util.test.WatchDog.cancel(): canceling Sun May 20 01:16:47 UTC 2018
auto.tcl: Setting watchdog for 200 seconds at Sun May 20 01:16:47 UTC 2018
2 ms. Memory: 549376K Free: 534617K (97%)
ptolemy.util.test.WatchDog.cancel(): canceling Sun May 20 01:16:47 UTC 2018
------------------ testing $PTII/ptolemy/domains/de/test/auto/ResettableTimer5.xml
auto.tcl: Setting watchdog for 200 seconds at Sun May 20 01:16:47 UTC 2018
1 ms. Memory: 550400K Free: 530959K (96%)
ptolemy.util.test.WatchDog.cancel(): canceling Sun May 20 01:16:47 UTC 2018
auto.tcl: Setting watchdog for 200 seconds at Sun May 20 01:16:47 UTC 2018
2 ms. Memory: 550400K Free: 530959K (96%)
ptolemy.util.test.WatchDog.cancel(): canceling Sun May 20 01:16:47 UTC 2018
------------------ testing $PTII/ptolemy/domains/de/test/auto/ResettableTimer6.xml
auto.tcl: Setting watchdog for 200 seconds at Sun May 20 01:16:47 UTC 2018
1 ms. Memory: 549376K Free: 529654K (96%)
ptolemy.util.test.WatchDog.cancel(): canceling Sun May 20 01:16:47 UTC 2018
auto.tcl: Setting watchdog for 200 seconds at Sun May 20 01:16:47 UTC 2018
1 ms. Memory: 549376K Free: 529654K (96%)
ptolemy.util.test.WatchDog.cancel(): canceling Sun May 20 01:16:47 UTC 2018
------------------ testing $PTII/ptolemy/domains/de/test/auto/ServerZeroDelay.xml
auto.tcl: Setting watchdog for 200 seconds at Sun May 20 01:16:47 UTC 2018
7 ms. Memory: 550400K Free: 535578K (97%)
ptolemy.util.test.WatchDog.cancel(): canceling Sun May 20 01:16:47 UTC 2018
auto.tcl: Setting watchdog for 200 seconds at Sun May 20 01:16:47 UTC 2018
2 ms. Memory: 550400K Free: 535578K (97%)
ptolemy.util.test.WatchDog.cancel(): canceling Sun May 20 01:16:47 UTC 2018
------------------ testing $PTII/ptolemy/domains/de/test/auto/SmartSender.xml
auto.tcl: Setting watchdog for 200 seconds at Sun May 20 01:16:47 UTC 2018
3001 ms. Memory: 549376K Free: 529870K (96%)
ptolemy.util.test.WatchDog.cancel(): canceling Sun May 20 01:16:50 UTC 2018
auto.tcl: Setting watchdog for 200 seconds at Sun May 20 01:16:50 UTC 2018
3002 ms. Memory: 549376K Free: 529870K (96%)
ptolemy.util.test.WatchDog.cancel(): canceling Sun May 20 01:16:53 UTC 2018
------------------ testing $PTII/ptolemy/domains/de/test/auto/ThreadedComposite.xml
auto.tcl: Setting watchdog for 200 seconds at Sun May 20 01:16:53 UTC 2018
199 ms. Memory: 550400K Free: 510385K (93%)
ptolemy.util.test.WatchDog.cancel(): canceling Sun May 20 01:16:53 UTC 2018
auto.tcl: Setting watchdog for 200 seconds at Sun May 20 01:16:53 UTC 2018
188 ms. Memory: 550400K Free: 486215K (88%)
ptolemy.util.test.WatchDog.cancel(): canceling Sun May 20 01:16:54 UTC 2018
------------------ testing $PTII/ptolemy/domains/de/test/auto/Time.xml
auto.tcl: Setting watchdog for 200 seconds at Sun May 20 01:16:54 UTC 2018
535 ms. Memory: 549376K Free: 477888K (87%)
ptolemy.util.test.WatchDog.cancel(): canceling Sun May 20 01:16:54 UTC 2018
auto.tcl: Setting watchdog for 200 seconds at Sun May 20 01:16:54 UTC 2018
552 ms. Memory: 549376K Free: 417927K (76%)
ptolemy.util.test.WatchDog.cancel(): canceling Sun May 20 01:16:55 UTC 2018
------------------ testing $PTII/ptolemy/domains/de/test/auto/TimeDelayZeroDelay.xml
auto.tcl: Setting watchdog for 200 seconds at Sun May 20 01:16:55 UTC 2018
2 ms. Memory: 550400K Free: 535267K (97%)
ptolemy.util.test.WatchDog.cancel(): canceling Sun May 20 01:16:55 UTC 2018
auto.tcl: Setting watchdog for 200 seconds at Sun May 20 01:16:55 UTC 2018
3 ms. Memory: 550400K Free: 535267K (97%)
ptolemy.util.test.WatchDog.cancel(): canceling Sun May 20 01:16:55 UTC 2018
------------------ testing $PTII/ptolemy/domains/de/test/auto/TimerZeroDelay.xml
auto.tcl: Setting watchdog for 200 seconds at Sun May 20 01:16:55 UTC 2018
3 ms. Memory: 549376K Free: 534516K (97%)
ptolemy.util.test.WatchDog.cancel(): canceling Sun May 20 01:16:55 UTC 2018
auto.tcl: Setting watchdog for 200 seconds at Sun May 20 01:16:55 UTC 2018
2 ms. Memory: 549376K Free: 534516K (97%)
ptolemy.util.test.WatchDog.cancel(): canceling Sun May 20 01:16:55 UTC 2018
------------------ testing $PTII/ptolemy/domains/de/test/auto/TimingParadox.xml
auto.tcl: Setting watchdog for 200 seconds at Sun May 20 01:16:55 UTC 2018
360 ms. Memory: 549888K Free: 469278K (85%)
ptolemy.util.test.WatchDog.cancel(): canceling Sun May 20 01:16:56 UTC 2018
auto.tcl: Setting watchdog for 200 seconds at Sun May 20 01:16:56 UTC 2018
311 ms. Memory: 549888K Free: 436572K (79%)
ptolemy.util.test.WatchDog.cancel(): canceling Sun May 20 01:16:56 UTC 2018
------------------ testing $PTII/ptolemy/domains/de/test/auto/TransferInputs.xml
auto.tcl: Setting watchdog for 200 seconds at Sun May 20 01:16:56 UTC 2018
2 ms. Memory: 549888K Free: 533932K (97%)
ptolemy.util.test.WatchDog.cancel(): canceling Sun May 20 01:16:56 UTC 2018
auto.tcl: Setting watchdog for 200 seconds at Sun May 20 01:16:56 UTC 2018
2 ms. Memory: 549888K Free: 533932K (97%)
ptolemy.util.test.WatchDog.cancel(): canceling Sun May 20 01:16:56 UTC 2018
------------------ testing $PTII/ptolemy/domains/de/test/auto/TransferOutputs2.xml
auto.tcl: Setting watchdog for 200 seconds at Sun May 20 01:16:56 UTC 2018
3 ms. Memory: 549376K Free: 524376K (95%)
ptolemy.util.test.WatchDog.cancel(): canceling Sun May 20 01:16:56 UTC 2018
auto.tcl: Setting watchdog for 200 seconds at Sun May 20 01:16:56 UTC 2018
2 ms. Memory: 549376K Free: 524376K (95%)
ptolemy.util.test.WatchDog.cancel(): canceling Sun May 20 01:16:56 UTC 2018
------------------ testing $PTII/ptolemy/domains/de/test/auto/Trilateration.xml
auto.tcl: Setting watchdog for 200 seconds at Sun May 20 01:16:56 UTC 2018
15429 ms. Memory: 453632K Free: 138957K (31%)
ptolemy.util.test.WatchDog.cancel(): canceling Sun May 20 01:17:13 UTC 2018
auto.tcl: Setting watchdog for 200 seconds at Sun May 20 01:17:13 UTC 2018
13773 ms. Memory: 331264K Free: 250432K (76%)
ptolemy.util.test.WatchDog.cancel(): canceling Sun May 20 01:17:26 UTC 2018
------------------ testing $PTII/ptolemy/domains/de/test/auto/TwoSigmaDelta.xml
auto.tcl: Setting watchdog for 200 seconds at Sun May 20 01:17:27 UTC 2018
2722 ms. Memory: 320000K Free: 257625K (81%)
ptolemy.util.test.WatchDog.cancel(): canceling Sun May 20 01:17:29 UTC 2018
auto.tcl: Setting watchdog for 200 seconds at Sun May 20 01:17:29 UTC 2018
2204 ms. Memory: 307712K Free: 244420K (79%)
ptolemy.util.test.WatchDog.cancel(): canceling Sun May 20 01:17:32 UTC 2018
------------------ testing $PTII/ptolemy/domains/de/test/auto/VariableDelay.xml
auto.tcl: Setting watchdog for 200 seconds at Sun May 20 01:17:32 UTC 2018
4 ms. Memory: 309760K Free: 293397K (95%)
ptolemy.util.test.WatchDog.cancel(): canceling Sun May 20 01:17:32 UTC 2018
auto.tcl: Setting watchdog for 200 seconds at Sun May 20 01:17:32 UTC 2018
2 ms. Memory: 309760K Free: 293397K (95%)
ptolemy.util.test.WatchDog.cancel(): canceling Sun May 20 01:17:32 UTC 2018
------------------ testing $PTII/ptolemy/domains/de/test/auto/VariableDelay2.xml
auto.tcl: Setting watchdog for 200 seconds at Sun May 20 01:17:32 UTC 2018
4 ms. Memory: 307712K Free: 291772K (95%)
ptolemy.util.test.WatchDog.cancel(): canceling Sun May 20 01:17:32 UTC 2018
auto.tcl: Setting watchdog for 200 seconds at Sun May 20 01:17:32 UTC 2018
2 ms. Memory: 307712K Free: 291772K (95%)
ptolemy.util.test.WatchDog.cancel(): canceling Sun May 20 01:17:32 UTC 2018
------------------ testing $PTII/ptolemy/domains/de/test/auto/VariableDelayZeroDelay.xml
auto.tcl: Setting watchdog for 200 seconds at Sun May 20 01:17:32 UTC 2018
2 ms. Memory: 309248K Free: 296585K (96%)
ptolemy.util.test.WatchDog.cancel(): canceling Sun May 20 01:17:32 UTC 2018
auto.tcl: Setting watchdog for 200 seconds at Sun May 20 01:17:32 UTC 2018
1 ms. Memory: 309248K Free: 293291K (95%)
ptolemy.util.test.WatchDog.cancel(): canceling Sun May 20 01:17:32 UTC 2018
------------------ testing $PTII/ptolemy/domains/de/test/auto/VariableDelayZeroDelay2.xml
auto.tcl: Setting watchdog for 200 seconds at Sun May 20 01:17:32 UTC 2018
2 ms. Memory: 307712K Free: 291753K (95%)
ptolemy.util.test.WatchDog.cancel(): canceling Sun May 20 01:17:32 UTC 2018
auto.tcl: Setting watchdog for 200 seconds at Sun May 20 01:17:32 UTC 2018
2 ms. Memory: 307712K Free: 291753K (95%)
ptolemy.util.test.WatchDog.cancel(): canceling Sun May 20 01:17:32 UTC 2018
------------------ testing $PTII/ptolemy/domains/de/test/auto/deInCt.xml
auto.tcl: Setting watchdog for 200 seconds at Sun May 20 01:17:32 UTC 2018
0
1
1
1
1
1
0
0
0
1
1
1
0
0
0
1
1
1
1
0
0
0
1
1
1
0
0
0
1
1
0
0
0
1
1
0
0
0
1
1
1
0
0
0
1
1
1
13 ms. Memory: 309248K Free: 293278K (95%)
ptolemy.util.test.WatchDog.cancel(): canceling Sun May 20 01:17:32 UTC 2018
auto.tcl: Setting watchdog for 200 seconds at Sun May 20 01:17:32 UTC 2018
0
1
1
1
1
0
0
0
1
1
0
0
0
1
1
1
0
0
0
1
1
0
0
0
0
1
1
1
1
0
0
0
1
1
1
0
0
0
0
1
1
1
1
0
0
0
5 ms. Memory: 309248K Free: 293278K (95%)
ptolemy.util.test.WatchDog.cancel(): canceling Sun May 20 01:17:32 UTC 2018
------------------ testing $PTII/ptolemy/domains/de/test/auto/deInCt2.xml
auto.tcl: Setting watchdog for 200 seconds at Sun May 20 01:17:32 UTC 2018
0
1
1
1
0
0
1
1
1
0
0
1
1
1
0
0
1
1
1
0
0
1
1
1
0
0
1
1
1
0
0
1
1
1
0
0
1
1
1
0
0
0
8 ms. Memory: 307712K Free: 291750K (95%)
ptolemy.util.test.WatchDog.cancel(): canceling Sun May 20 01:17:32 UTC 2018
auto.tcl: Setting watchdog for 200 seconds at Sun May 20 01:17:32 UTC 2018
0
1
1
1
0
0
1
1
1
0
0
1
1
1
0
0
1
1
1
0
0
1
1
1
0
0
1
1
1
0
0
1
1
1
0
0
1
1
1
0
0
0
4 ms. Memory: 307712K Free: 291750K (95%)
ptolemy.util.test.WatchDog.cancel(): canceling Sun May 20 01:17:32 UTC 2018
------------------ testing $PTII/ptolemy/domains/de/test/auto/dynamicCausalityInterface1.xml
auto.tcl: Setting watchdog for 200 seconds at Sun May 20 01:17:32 UTC 2018
1 ms. Memory: 308736K Free: 289491K (94%)
ptolemy.util.test.WatchDog.cancel(): canceling Sun May 20 01:17:32 UTC 2018
auto.tcl: Setting watchdog for 200 seconds at Sun May 20 01:17:32 UTC 2018
1 ms. Memory: 308736K Free: 286205K (93%)
ptolemy.util.test.WatchDog.cancel(): canceling Sun May 20 01:17:32 UTC 2018
------------------ testing $PTII/ptolemy/domains/de/test/auto/fsm_de_test.xml
auto.tcl: Setting watchdog for 200 seconds at Sun May 20 01:17:32 UTC 2018
6 ms. Memory: 307712K Free: 288362K (94%)
ptolemy.util.test.WatchDog.cancel(): canceling Sun May 20 01:17:32 UTC 2018
auto.tcl: Setting watchdog for 200 seconds at Sun May 20 01:17:32 UTC 2018
5 ms. Memory: 307712K Free: 285067K (93%)
ptolemy.util.test.WatchDog.cancel(): canceling Sun May 20 01:17:32 UTC 2018
------------------ testing $PTII/ptolemy/domains/de/test/auto/functionDependencyReconstruction.xml
auto.tcl: Setting watchdog for 200 seconds at Sun May 20 01:17:32 UTC 2018
3 ms. Memory: 308736K Free: 282836K (92%)
ptolemy.util.test.WatchDog.cancel(): canceling Sun May 20 01:17:32 UTC 2018
auto.tcl: Setting watchdog for 200 seconds at Sun May 20 01:17:32 UTC 2018
3 ms. Memory: 308736K Free: 279541K (91%)
ptolemy.util.test.WatchDog.cancel(): canceling Sun May 20 01:17:32 UTC 2018
------------------ testing $PTII/ptolemy/domains/de/test/auto/multirate.xml
auto.tcl: Setting watchdog for 200 seconds at Sun May 20 01:17:32 UTC 2018
5 ms. Memory: 307712K Free: 291524K (95%)
ptolemy.util.test.WatchDog.cancel(): canceling Sun May 20 01:17:32 UTC 2018
auto.tcl: Setting watchdog for 200 seconds at Sun May 20 01:17:32 UTC 2018
5 ms. Memory: 307712K Free: 288230K (94%)
ptolemy.util.test.WatchDog.cancel(): canceling Sun May 20 01:17:32 UTC 2018
------------------ testing $PTII/ptolemy/domains/de/test/auto/multirate2.xml
auto.tcl: Setting watchdog for 200 seconds at Sun May 20 01:17:32 UTC 2018
7 ms. Memory: 308736K Free: 292721K (95%)
ptolemy.util.test.WatchDog.cancel(): canceling Sun May 20 01:17:32 UTC 2018
auto.tcl: Setting watchdog for 200 seconds at Sun May 20 01:17:32 UTC 2018
2 ms. Memory: 308736K Free: 289426K (94%)
ptolemy.util.test.WatchDog.cancel(): canceling Sun May 20 01:17:32 UTC 2018
------------------ testing $PTII/ptolemy/domains/de/test/auto/realtime.xml
auto.tcl: Setting watchdog for 200 seconds at Sun May 20 01:17:32 UTC 2018
10001 ms. Memory: 307712K Free: 287161K (93%)
ptolemy.util.test.WatchDog.cancel(): canceling Sun May 20 01:17:42 UTC 2018
auto.tcl: Setting watchdog for 200 seconds at Sun May 20 01:17:42 UTC 2018
10001 ms. Memory: 307712K Free: 287161K (93%)
ptolemy.util.test.WatchDog.cancel(): canceling Sun May 20 01:17:52 UTC 2018
------------------ testing $PTII/ptolemy/domains/de/test/auto/relationGroup.xml
auto.tcl: Setting watchdog for 200 seconds at Sun May 20 01:17:53 UTC 2018
2 ms. Memory: 308224K Free: 297791K (97%)
ptolemy.util.test.WatchDog.cancel(): canceling Sun May 20 01:17:53 UTC 2018
auto.tcl: Setting watchdog for 200 seconds at Sun May 20 01:17:53 UTC 2018
3 ms. Memory: 308224K Free: 294496K (96%)
ptolemy.util.test.WatchDog.cancel(): canceling Sun May 20 01:17:53 UTC 2018
------------------ testing $PTII/ptolemy/domains/de/test/auto/relationGroup2.xml
auto.tcl: Setting watchdog for 200 seconds at Sun May 20 01:17:53 UTC 2018
2 ms. Memory: 307712K Free: 295042K (96%)
ptolemy.util.test.WatchDog.cancel(): canceling Sun May 20 01:17:53 UTC 2018
auto.tcl: Setting watchdog for 200 seconds at Sun May 20 01:17:53 UTC 2018
2 ms. Memory: 307712K Free: 291763K (95%)
ptolemy.util.test.WatchDog.cancel(): canceling Sun May 20 01:17:53 UTC 2018
------------------ testing $PTII/ptolemy/domains/de/test/auto/sortWithOpaquePorts.xml
auto.tcl: Setting watchdog for 200 seconds at Sun May 20 01:17:53 UTC 2018
2 ms. Memory: 308224K Free: 292261K (95%)
ptolemy.util.test.WatchDog.cancel(): canceling Sun May 20 01:17:53 UTC 2018
auto.tcl: Setting watchdog for 200 seconds at Sun May 20 01:17:53 UTC 2018
3 ms. Memory: 308224K Free: 292261K (95%)
ptolemy.util.test.WatchDog.cancel(): canceling Sun May 20 01:17:53 UTC 2018
------------------ testing $PTII/ptolemy/domains/de/test/auto/transferInputsandOutputs.xml
auto.tcl: Setting watchdog for 200 seconds at Sun May 20 01:17:53 UTC 2018
5 ms. Memory: 307712K Free: 291736K (95%)
ptolemy.util.test.WatchDog.cancel(): canceling Sun May 20 01:17:53 UTC 2018
auto.tcl: Setting watchdog for 200 seconds at Sun May 20 01:17:53 UTC 2018
2 ms. Memory: 307712K Free: 288442K (94%)
ptolemy.util.test.WatchDog.cancel(): canceling Sun May 20 01:17:53 UTC 2018
------------------ testing $PTII/ptolemy/domains/de/test/auto/triggerType.xml
auto.tcl: Setting watchdog for 200 seconds at Sun May 20 01:17:53 UTC 2018
2 ms. Memory: 308224K Free: 292198K (95%)
ptolemy.util.test.WatchDog.cancel(): canceling Sun May 20 01:17:53 UTC 2018
auto.tcl: Setting watchdog for 200 seconds at Sun May 20 01:17:53 UTC 2018
2 ms. Memory: 308224K Free: 292198K (95%)
ptolemy.util.test.WatchDog.cancel(): canceling Sun May 20 01:17:53 UTC 2018
05/20/18 01:17:53
Failed: 0  Total Tests: 192  ((Passed: 187, Newly Passed: 1)  Known Failed: 5) /home/travis/build/icyphy/ptII/ptolemy/domains/de/test
05/20/18 01:17:53
Failed: 0  Total Tests: 192  ((Passed: 187, Newly Passed: 1)  Known Failed: 5) /home/travis/build/icyphy/ptII/ptolemy/domains/de/test
----------------- testing (KnownFailure) /home/travis/build/icyphy/ptII/ptolemy/domains/de/test/auto/knownFailedTests/DESDFClockTest.xml
2009 ms. Memory: 307712K Free: 285966K (93%)
Known Failure: java.lang.reflect.InvocationTargetException
----------------- testing (KnownFailure) /home/travis/build/icyphy/ptII/ptolemy/domains/de/test/auto/knownFailedTests/DirectFeedback.xml
1 ms. Memory: 307712K Free: 267861K (87%)
Known Failure: java.lang.reflect.InvocationTargetException
----------------- testing (KnownFailure) /home/travis/build/icyphy/ptII/ptolemy/domains/de/test/auto/knownFailedTests/FSMSource.xml
6 ms. Memory: 307712K Free: 245215K (80%)
----------------- testing (KnownFailure) /home/travis/build/icyphy/ptII/ptolemy/domains/de/test/auto/knownFailedTests/HierarchicalModel.xml
3 ms. Memory: 307712K Free: 222544K (72%)
Known Failure: java.lang.reflect.InvocationTargetException
----------------- testing (KnownFailure) /home/travis/build/icyphy/ptII/ptolemy/domains/de/test/auto/knownFailedTests/dependencyLoop.xml
2 ms. Memory: 307712K Free: 190829K (62%)
Known Failure: java.lang.reflect.InvocationTargetException
----------------- testing (KnownFailure) /home/travis/build/icyphy/ptII/ptolemy/domains/de/test/auto/knownFailedTests/dependencyLoop2.xml
2 ms. Memory: 307712K Free: 159114K (52%)
Known Failure: java.lang.reflect.InvocationTargetException
No auto/*.xml tests in /home/travis/build/icyphy/ptII/ptolemy/domains/de/test
AutoTests.java: About to close Vertx.
AutoTests.java: Vertx closed.
----------------- testing Sun May 20 01:17:55 UTC 2018 /home/travis/build/icyphy/ptII/ptolemy/domains/de/test/auto/ActorDepthCalculation_actorWithoutPorts.xml
----------------- Instantiating /home/travis/build/icyphy/ptII/ptolemy/domains/de/test/auto/ActorDepthCalculation_actorWithoutPorts.xml
2 ms. Memory: 307712K Free: 131957K (43%)
----------------- Invoking toplevel() on ptolemy.moml.MoMLSimpleApplication@4b9c894d
----------------- Done invoking toplevel() on ptolemy.moml.MoMLSimpleApplication@4b9c894d
reloadAllAccessors: .ActorDepthCalculation_actorWithoutPorts
----------------- testing Sun May 20 01:17:55 UTC 2018 /home/travis/build/icyphy/ptII/ptolemy/domains/de/test/auto/AssemblyLine.xml
----------------- Instantiating /home/travis/build/icyphy/ptII/ptolemy/domains/de/test/auto/AssemblyLine.xml
2 ms. Memory: 307712K Free: 118363K (38%)
----------------- Invoking toplevel() on ptolemy.moml.MoMLSimpleApplication@49c5ef72
----------------- Done invoking toplevel() on ptolemy.moml.MoMLSimpleApplication@49c5ef72
reloadAllAccessors: .AssemblyLine
----------------- testing Sun May 20 01:17:55 UTC 2018 /home/travis/build/icyphy/ptII/ptolemy/domains/de/test/auto/CQBug1.xml
----------------- Instantiating /home/travis/build/icyphy/ptII/ptolemy/domains/de/test/auto/CQBug1.xml
1 ms. Memory: 307712K Free: 109310K (36%)
----------------- Invoking toplevel() on ptolemy.moml.MoMLSimpleApplication@1db3007d
----------------- Done invoking toplevel() on ptolemy.moml.MoMLSimpleApplication@1db3007d
reloadAllAccessors: .CQBug1
----------------- testing Sun May 20 01:17:55 UTC 2018 /home/travis/build/icyphy/ptII/ptolemy/domains/de/test/auto/CancelFireAt.xml
----------------- Instantiating /home/travis/build/icyphy/ptII/ptolemy/domains/de/test/auto/CancelFireAt.xml
1 ms. Memory: 307712K Free: 100258K (33%)
----------------- Invoking toplevel() on ptolemy.moml.MoMLSimpleApplication@5776bf08
----------------- Done invoking toplevel() on ptolemy.moml.MoMLSimpleApplication@5776bf08
reloadAllAccessors: .CancelFireAt
----------------- testing Sun May 20 01:17:55 UTC 2018 /home/travis/build/icyphy/ptII/ptolemy/domains/de/test/auto/CausalityAndComposabilityAnalysis.xml
----------------- Instantiating /home/travis/build/icyphy/ptII/ptolemy/domains/de/test/auto/CausalityAndComposabilityAnalysis.xml
3 ms. Memory: 307712K Free: 91206K (30%)
----------------- Invoking toplevel() on ptolemy.moml.MoMLSimpleApplication@1496603b
----------------- Done invoking toplevel() on ptolemy.moml.MoMLSimpleApplication@1496603b
reloadAllAccessors: .CausalityAndComposabilityAnalysis
----------------- testing Sun May 20 01:17:55 UTC 2018 /home/travis/build/icyphy/ptII/ptolemy/domains/de/test/auto/CausalityInterface1.xml
----------------- Instantiating /home/travis/build/icyphy/ptII/ptolemy/domains/de/test/auto/CausalityInterface1.xml
7 ms. Memory: 307712K Free: 78875K (26%)
----------------- Invoking toplevel() on ptolemy.moml.MoMLSimpleApplication@4b799b3
----------------- Done invoking toplevel() on ptolemy.moml.MoMLSimpleApplication@4b799b3
reloadAllAccessors: .CausalityInterface1
----------------- testing Sun May 20 01:17:55 UTC 2018 /home/travis/build/icyphy/ptII/ptolemy/domains/de/test/auto/CausalityInterface15.xml
----------------- Instantiating /home/travis/build/icyphy/ptII/ptolemy/domains/de/test/auto/CausalityInterface15.xml
1 ms. Memory: 298496K Free: 286584K (96%)
----------------- Invoking toplevel() on ptolemy.moml.MoMLSimpleApplication@6f8adf1f
----------------- Done invoking toplevel() on ptolemy.moml.MoMLSimpleApplication@6f8adf1f
reloadAllAccessors: .CausalityInterface15
----------------- testing Sun May 20 01:17:55 UTC 2018 /home/travis/build/icyphy/ptII/ptolemy/domains/de/test/auto/CausalityInterface2.xml
----------------- Instantiating /home/travis/build/icyphy/ptII/ptolemy/domains/de/test/auto/CausalityInterface2.xml
2 ms. Memory: 298496K Free: 278025K (93%)
----------------- Invoking toplevel() on ptolemy.moml.MoMLSimpleApplication@6c0303f
----------------- Done invoking toplevel() on ptolemy.moml.MoMLSimpleApplication@6c0303f
reloadAllAccessors: .CausalityInterface2
----------------- testing Sun May 20 01:17:55 UTC 2018 /home/travis/build/icyphy/ptII/ptolemy/domains/de/test/auto/CausalityInterface3.xml
[...]
java.lang.RuntimeException: Execution failed
	at ptolemy.moml.MoMLSimpleApplication$UnloadThread.run(MoMLSimpleApplication.java:402)
Caused by: ptolemy.kernel.util.IllegalActionException: Test fails in iteration 1.
Value was: 1.0. Should have been: 2.0
  in .DirectFeedback.Test
	at ptolemy.actor.lib.Test.fire(Test.java:268)
	at ptolemy.domains.de.kernel.DEDirector._fire(DEDirector.java:1948)
	at ptolemy.domains.de.kernel.DEDirector.fire(DEDirector.java:502)
	at ptolemy.actor.CompositeActor.fire(CompositeActor.java:455)
	at ptolemy.actor.Manager.iterate(Manager.java:851)
	at ptolemy.actor.Manager.execute(Manager.java:369)
	at ptolemy.actor.Manager.run(Manager.java:1263)
	at ptolemy.actor.Manager$PtolemyRunThread.run(Manager.java:1915)
java.lang.RuntimeException: Execution failed
	at ptolemy.moml.MoMLSimpleApplication$UnloadThread.run(MoMLSimpleApplication.java:402)
Caused by: ptolemy.kernel.util.IllegalActionException: Actor is not ready to fire.  Perhaps UpSample.prefire() returned false? Try debugging the actor by selecting "Listen to Actor".  Also, for SDF check moml for tokenConsumptionRate on input.
  in .DESDFClockTest.Play Bell.Copy1:SDF Director and .DESDFClockTest.Play Bell.UpSample
	at ptolemy.actor.sched.StaticSchedulingDirector.fire(StaticSchedulingDirector.java:227)
	at ptolemy.domains.sdf.kernel.SDFDirector.fire(SDFDirector.java:500)
	at ptolemy.actor.CompositeActor.fire(CompositeActor.java:455)
	at ptolemy.domains.de.kernel.DEDirector._fire(DEDirector.java:1948)
	at ptolemy.domains.de.kernel.DEDirector.fire(DEDirector.java:502)
	at ptolemy.actor.CompositeActor.fire(CompositeActor.java:455)
	at ptolemy.actor.Manager.iterate(Manager.java:851)
	at ptolemy.actor.Manager.execute(Manager.java:369)
	at ptolemy.actor.Manager.run(Manager.java:1263)
	at ptolemy.actor.Manager$PtolemyRunThread.run(Manager.java:1915)
java.lang.reflect.InvocationTargetException
	at sun.reflect.NativeConstructorAccessorImpl.newInstance0(Native Method)
	at sun.reflect.NativeConstructorAccessorImpl.newInstance(NativeConstructorAccessorImpl.java:62)
	at sun.reflect.DelegatingConstructorAccessorImpl.newInstance(DelegatingConstructorAccessorImpl.java:45)
	at java.lang.reflect.Constructor.newInstance(Constructor.java:423)
	at ptolemy.util.test.junit.AutoKnownFailedTests.RunModel(AutoKnownFailedTests.java:107)
	at sun.reflect.NativeMethodAccessorImpl.invoke0(Native Method)
	at sun.reflect.NativeMethodAccessorImpl.invoke(NativeMethodAccessorImpl.java:62)
	at sun.reflect.DelegatingMethodAccessorImpl.invoke(DelegatingMethodAccessorImpl.java:43)
	at java.lang.reflect.Method.invoke(Method.java:498)
	at org.junit.runners.model.FrameworkMethod$1.runReflectiveCall(FrameworkMethod.java:44)
	at org.junit.internal.runners.model.ReflectiveCallable.run(ReflectiveCallable.java:15)
	at org.junit.runners.model.FrameworkMethod.invokeExplosively(FrameworkMethod.java:41)
	at junitparams.internal.InvokeParameterisedMethod.evaluate(InvokeParameterisedMethod.java:102)
	at org.junit.internal.runners.statements.FailOnTimeout$1.run(FailOnTimeout.java:28)
Caused by: ptolemy.kernel.util.IllegalActionException: Actor is not ready to fire.  Perhaps UpSample.prefire() returned false? Try debugging the actor by selecting "Listen to Actor".  Also, for SDF check moml for tokenConsumptionRate on input.
  in .DESDFClockTest.Play Bell.Copy1:SDF Director and .DESDFClockTest.Play Bell.UpSample
	at ptolemy.actor.sched.StaticSchedulingDirector.fire(StaticSchedulingDirector.java:227)
	at ptolemy.domains.sdf.kernel.SDFDirector.fire(SDFDirector.java:500)
	at ptolemy.actor.CompositeActor.fire(CompositeActor.java:455)
	at ptolemy.domains.de.kernel.DEDirector._fire(DEDirector.java:1948)
	at ptolemy.domains.de.kernel.DEDirector.fire(DEDirector.java:502)
	at ptolemy.actor.CompositeActor.fire(CompositeActor.java:455)
	at ptolemy.actor.Manager.iterate(Manager.java:851)
	at ptolemy.actor.Manager.execute(Manager.java:369)
	at ptolemy.actor.Manager.run(Manager.java:1263)
	at ptolemy.actor.Manager$PtolemyRunThread.run(Manager.java:1915)
java.lang.RuntimeException: Execution failed
	at ptolemy.moml.MoMLSimpleApplication$UnloadThread.run(MoMLSimpleApplication.java:402)
Caused by: ptolemy.kernel.util.IllegalActionException: Test fails in iteration 1.
Value was: 1.0. Should have been: 2.0
  in .DirectFeedback.Test
	at ptolemy.actor.lib.Test.fire(Test.java:268)
	at ptolemy.domains.de.kernel.DEDirector._fire(DEDirector.java:1948)
	at ptolemy.domains.de.kernel.DEDirector.fire(DEDirector.java:502)
	at ptolemy.actor.CompositeActor.fire(CompositeActor.java:455)
	at ptolemy.actor.Manager.iterate(Manager.java:851)
	at ptolemy.actor.Manager.execute(Manager.java:369)
	at ptolemy.actor.Manager.run(Manager.java:1263)
	at ptolemy.actor.Manager$PtolemyRunThread.run(Manager.java:1915)
java.lang.reflect.InvocationTargetException
	at sun.reflect.NativeConstructorAccessorImpl.newInstance0(Native Method)
	at sun.reflect.NativeConstructorAccessorImpl.newInstance(NativeConstructorAccessorImpl.java:62)
	at sun.reflect.DelegatingConstructorAccessorImpl.newInstance(DelegatingConstructorAccessorImpl.java:45)
	at java.lang.reflect.Constructor.newInstance(Constructor.java:423)
	at ptolemy.util.test.junit.AutoKnownFailedTests.RunModel(AutoKnownFailedTests.java:107)
	at sun.reflect.NativeMethodAccessorImpl.invoke0(Native Method)
	at sun.reflect.NativeMethodAccessorImpl.invoke(NativeMethodAccessorImpl.java:62)
	at sun.reflect.DelegatingMethodAccessorImpl.invoke(DelegatingMethodAccessorImpl.java:43)
	at java.lang.reflect.Method.invoke(Method.java:498)
	at org.junit.runners.model.FrameworkMethod$1.runReflectiveCall(FrameworkMethod.java:44)
	at org.junit.internal.runners.model.ReflectiveCallable.run(ReflectiveCallable.java:15)
	at org.junit.runners.model.FrameworkMethod.invokeExplosively(FrameworkMethod.java:41)
	at junitparams.internal.InvokeParameterisedMethod.evaluate(InvokeParameterisedMethod.java:102)
	at org.junit.internal.runners.statements.FailOnTimeout$1.run(FailOnTimeout.java:28)
Caused by: ptolemy.kernel.util.IllegalActionException: Test fails in iteration 1.
Value was: 1.0. Should have been: 2.0
  in .DirectFeedback.Test
	at ptolemy.actor.lib.Test.fire(Test.java:268)
	at ptolemy.domains.de.kernel.DEDirector._fire(DEDirector.java:1948)
	at ptolemy.domains.de.kernel.DEDirector.fire(DEDirector.java:502)
	at ptolemy.actor.CompositeActor.fire(CompositeActor.java:455)
	at ptolemy.actor.Manager.iterate(Manager.java:851)
	at ptolemy.actor.Manager.execute(Manager.java:369)
	at ptolemy.actor.Manager.run(Manager.java:1263)
	at ptolemy.actor.Manager$PtolemyRunThread.run(Manager.java:1915)
java.lang.RuntimeException: Execution failed
	at ptolemy.moml.MoMLSimpleApplication$UnloadThread.run(MoMLSimpleApplication.java:402)
Caused by: ptolemy.kernel.util.IllegalActionException: Found a zero delay loop containing .HierarchicalModel.A
  in .HierarchicalModel and .HierarchicalModel.A
	at ptolemy.actor.util.CausalityInterfaceForComposites._computeOutputPortDepth(CausalityInterfaceForComposites.java:759)
	at ptolemy.actor.util.CausalityInterfaceForComposites._computeInputDepth(CausalityInterfaceForComposites.java:696)
	at ptolemy.actor.util.CausalityInterfaceForComposites._computeOutputPortDepth(CausalityInterfaceForComposites.java:765)
	at ptolemy.actor.util.CausalityInterfaceForComposites._computeInputDepth(CausalityInterfaceForComposites.java:696)
	at ptolemy.actor.util.CausalityInterfaceForComposites._computeOutputPortDepth(CausalityInterfaceForComposites.java:765)
	at ptolemy.actor.util.CausalityInterfaceForComposites._computeInputDepth(CausalityInterfaceForComposites.java:696)
	at ptolemy.actor.util.CausalityInterfaceForComposites._computeActorDepth(CausalityInterfaceForComposites.java:532)
	at ptolemy.actor.util.CausalityInterfaceForComposites.checkForCycles(CausalityInterfaceForComposites.java:96)
	at ptolemy.domains.de.kernel.DEDirector.preinitialize(DEDirector.java:1337)
	at ptolemy.actor.CompositeActor.preinitialize(CompositeActor.java:1828)
	at ptolemy.actor.Manager.preinitializeAndResolveTypes(Manager.java:1040)
	at ptolemy.actor.Manager.initialize(Manager.java:710)
	at ptolemy.actor.Manager.execute(Manager.java:356)
	at ptolemy.actor.Manager.run(Manager.java:1263)
	at ptolemy.actor.Manager$PtolemyRunThread.run(Manager.java:1915)
java.lang.reflect.InvocationTargetException
	at sun.reflect.NativeConstructorAccessorImpl.newInstance0(Native Method)
	at sun.reflect.NativeConstructorAccessorImpl.newInstance(NativeConstructorAccessorImpl.java:62)
	at sun.reflect.DelegatingConstructorAccessorImpl.newInstance(DelegatingConstructorAccessorImpl.java:45)
	at java.lang.reflect.Constructor.newInstance(Constructor.java:423)
	at ptolemy.util.test.junit.AutoKnownFailedTests.RunModel(AutoKnownFailedTests.java:107)
	at sun.reflect.NativeMethodAccessorImpl.invoke0(Native Method)
	at sun.reflect.NativeMethodAccessorImpl.invoke(NativeMethodAccessorImpl.java:62)
	at sun.reflect.DelegatingMethodAccessorImpl.invoke(DelegatingMethodAccessorImpl.java:43)
	at java.lang.reflect.Method.invoke(Method.java:498)
	at org.junit.runners.model.FrameworkMethod$1.runReflectiveCall(FrameworkMethod.java:44)
	at org.junit.internal.runners.model.ReflectiveCallable.run(ReflectiveCallable.java:15)
	at org.junit.runners.model.FrameworkMethod.invokeExplosively(FrameworkMethod.java:41)
	at junitparams.internal.InvokeParameterisedMethod.evaluate(InvokeParameterisedMethod.java:102)
	at org.junit.internal.runners.statements.FailOnTimeout$1.run(FailOnTimeout.java:28)
Caused by: ptolemy.kernel.util.IllegalActionException: Found a zero delay loop containing .HierarchicalModel.A
  in .HierarchicalModel and .HierarchicalModel.A
	at ptolemy.actor.util.CausalityInterfaceForComposites._computeOutputPortDepth(CausalityInterfaceForComposites.java:759)
	at ptolemy.actor.util.CausalityInterfaceForComposites._computeInputDepth(CausalityInterfaceForComposites.java:696)
	at ptolemy.actor.util.CausalityInterfaceForComposites._computeOutputPortDepth(CausalityInterfaceForComposites.java:765)
	at ptolemy.actor.util.CausalityInterfaceForComposites._computeInputDepth(CausalityInterfaceForComposites.java:696)
	at ptolemy.actor.util.CausalityInterfaceForComposites._computeOutputPortDepth(CausalityInterfaceForComposites.java:765)
	at ptolemy.actor.util.CausalityInterfaceForComposites._computeInputDepth(CausalityInterfaceForComposites.java:696)
	at ptolemy.actor.util.CausalityInterfaceForComposites._computeActorDepth(CausalityInterfaceForComposites.java:532)
	at ptolemy.actor.util.CausalityInterfaceForComposites.checkForCycles(CausalityInterfaceForComposites.java:96)
	at ptolemy.domains.de.kernel.DEDirector.preinitialize(DEDirector.java:1337)
	at ptolemy.actor.CompositeActor.preinitialize(CompositeActor.java:1828)
	at ptolemy.actor.Manager.preinitializeAndResolveTypes(Manager.java:1040)
	at ptolemy.actor.Manager.initialize(Manager.java:710)
	at ptolemy.actor.Manager.execute(Manager.java:356)
	at ptolemy.actor.Manager.run(Manager.java:1263)
	at ptolemy.actor.Manager$PtolemyRunThread.run(Manager.java:1915)
java.lang.RuntimeException: Execution failed
	at ptolemy.moml.MoMLSimpleApplication$UnloadThread.run(MoMLSimpleApplication.java:402)
Caused by: ptolemy.kernel.util.IllegalActionException: Found a zero delay loop containing .dependencyLoop.original
  in .dependencyLoop and .dependencyLoop.original
	at ptolemy.actor.util.CausalityInterfaceForComposites._computeOutputPortDepth(CausalityInterfaceForComposites.java:759)
	at ptolemy.actor.util.CausalityInterfaceForComposites._computeInputDepth(CausalityInterfaceForComposites.java:696)
	at ptolemy.actor.util.CausalityInterfaceForComposites._computeOutputPortDepth(CausalityInterfaceForComposites.java:765)
	at ptolemy.actor.util.CausalityInterfaceForComposites._computeInputDepth(CausalityInterfaceForComposites.java:696)
	at ptolemy.actor.util.CausalityInterfaceForComposites._computeOutputPortDepth(CausalityInterfaceForComposites.java:765)
	at ptolemy.actor.util.CausalityInterfaceForComposites._computeInputDepth(CausalityInterfaceForComposites.java:696)
	at ptolemy.actor.util.CausalityInterfaceForComposites._computeActorDepth(CausalityInterfaceForComposites.java:532)
	at ptolemy.actor.util.CausalityInterfaceForComposites.checkForCycles(CausalityInterfaceForComposites.java:96)
	at ptolemy.domains.de.kernel.DEDirector.preinitialize(DEDirector.java:1337)
	at ptolemy.actor.CompositeActor.preinitialize(CompositeActor.java:1828)
	at ptolemy.actor.Manager.preinitializeAndResolveTypes(Manager.java:1040)
	at ptolemy.actor.Manager.initialize(Manager.java:710)
	at ptolemy.actor.Manager.execute(Manager.java:356)
	at ptolemy.actor.Manager.run(Manager.java:1263)
	at ptolemy.actor.Manager$PtolemyRunThread.run(Manager.java:1915)
java.lang.reflect.InvocationTargetException
	at sun.reflect.NativeConstructorAccessorImpl.newInstance0(Native Method)
	at sun.reflect.NativeConstructorAccessorImpl.newInstance(NativeConstructorAccessorImpl.java:62)
	at sun.reflect.DelegatingConstructorAccessorImpl.newInstance(DelegatingConstructorAccessorImpl.java:45)
	at java.lang.reflect.Constructor.newInstance(Constructor.java:423)
	at ptolemy.util.test.junit.AutoKnownFailedTests.RunModel(AutoKnownFailedTests.java:107)
	at sun.reflect.NativeMethodAccessorImpl.invoke0(Native Method)
	at sun.reflect.NativeMethodAccessorImpl.invoke(NativeMethodAccessorImpl.java:62)
	at sun.reflect.DelegatingMethodAccessorImpl.invoke(DelegatingMethodAccessorImpl.java:43)
	at java.lang.reflect.Method.invoke(Method.java:498)
	at org.junit.runners.model.FrameworkMethod$1.runReflectiveCall(FrameworkMethod.java:44)
	at org.junit.internal.runners.model.ReflectiveCallable.run(ReflectiveCallable.java:15)
	at org.junit.runners.model.FrameworkMethod.invokeExplosively(FrameworkMethod.java:41)
	at junitparams.internal.InvokeParameterisedMethod.evaluate(InvokeParameterisedMethod.java:102)
	at org.junit.internal.runners.statements.FailOnTimeout$1.run(FailOnTimeout.java:28)
Caused by: ptolemy.kernel.util.IllegalActionException: Found a zero delay loop containing .dependencyLoop.original
  in .dependencyLoop and .dependencyLoop.original
	at ptolemy.actor.util.CausalityInterfaceForComposites._computeOutputPortDepth(CausalityInterfaceForComposites.java:759)
	at ptolemy.actor.util.CausalityInterfaceForComposites._computeInputDepth(CausalityInterfaceForComposites.java:696)
	at ptolemy.actor.util.CausalityInterfaceForComposites._computeOutputPortDepth(CausalityInterfaceForComposites.java:765)
	at ptolemy.actor.util.CausalityInterfaceForComposites._computeInputDepth(CausalityInterfaceForComposites.java:696)
	at ptolemy.actor.util.CausalityInterfaceForComposites._computeOutputPortDepth(CausalityInterfaceForComposites.java:765)
	at ptolemy.actor.util.CausalityInterfaceForComposites._computeInputDepth(CausalityInterfaceForComposites.java:696)
	at ptolemy.actor.util.CausalityInterfaceForComposites._computeActorDepth(CausalityInterfaceForComposites.java:532)
	at ptolemy.actor.util.CausalityInterfaceForComposites.checkForCycles(CausalityInterfaceForComposites.java:96)
	at ptolemy.domains.de.kernel.DEDirector.preinitialize(DEDirector.java:1337)
	at ptolemy.actor.CompositeActor.preinitialize(CompositeActor.java:1828)
	at ptolemy.actor.Manager.preinitializeAndResolveTypes(Manager.java:1040)
	at ptolemy.actor.Manager.initialize(Manager.java:710)
	at ptolemy.actor.Manager.execute(Manager.java:356)
	at ptolemy.actor.Manager.run(Manager.java:1263)
	at ptolemy.actor.Manager$PtolemyRunThread.run(Manager.java:1915)
java.lang.RuntimeException: Execution failed
	at ptolemy.moml.MoMLSimpleApplication$UnloadThread.run(MoMLSimpleApplication.java:402)
Caused by: ptolemy.kernel.util.IllegalActionException: Found a zero delay loop containing .dependencyLoop2.original
  in .dependencyLoop2 and .dependencyLoop2.original
	at ptolemy.actor.util.CausalityInterfaceForComposites._computeOutputPortDepth(CausalityInterfaceForComposites.java:759)
	at ptolemy.actor.util.CausalityInterfaceForComposites._computeInputDepth(CausalityInterfaceForComposites.java:696)
	at ptolemy.actor.util.CausalityInterfaceForComposites._computeOutputPortDepth(CausalityInterfaceForComposites.java:765)
	at ptolemy.actor.util.CausalityInterfaceForComposites._computeInputDepth(CausalityInterfaceForComposites.java:696)
	at ptolemy.actor.util.CausalityInterfaceForComposites._computeOutputPortDepth(CausalityInterfaceForComposites.java:765)
	at ptolemy.actor.util.CausalityInterfaceForComposites._computeInputDepth(CausalityInterfaceForComposites.java:696)
	at ptolemy.actor.util.CausalityInterfaceForComposites._computeActorDepth(CausalityInterfaceForComposites.java:532)
	at ptolemy.actor.util.CausalityInterfaceForComposites.checkForCycles(CausalityInterfaceForComposites.java:96)
	at ptolemy.domains.de.kernel.DEDirector.preinitialize(DEDirector.java:1337)
	at ptolemy.actor.CompositeActor.preinitialize(CompositeActor.java:1828)
	at ptolemy.actor.Manager.preinitializeAndResolveTypes(Manager.java:1040)
	at ptolemy.actor.Manager.initialize(Manager.java:710)
	at ptolemy.actor.Manager.execute(Manager.java:356)
	at ptolemy.actor.Manager.run(Manager.java:1263)
	at ptolemy.actor.Manager$PtolemyRunThread.run(Manager.java:1915)
java.lang.reflect.InvocationTargetException
	at sun.reflect.NativeConstructorAccessorImpl.newInstance0(Native Method)
	at sun.reflect.NativeConstructorAccessorImpl.newInstance(NativeConstructorAccessorImpl.java:62)
	at sun.reflect.DelegatingConstructorAccessorImpl.newInstance(DelegatingConstructorAccessorImpl.java:45)
	at java.lang.reflect.Constructor.newInstance(Constructor.java:423)
	at ptolemy.util.test.junit.AutoKnownFailedTests.RunModel(AutoKnownFailedTests.java:107)
	at sun.reflect.NativeMethodAccessorImpl.invoke0(Native Method)
	at sun.reflect.NativeMethodAccessorImpl.invoke(NativeMethodAccessorImpl.java:62)
	at sun.reflect.DelegatingMethodAccessorImpl.invoke(DelegatingMethodAccessorImpl.java:43)
	at java.lang.reflect.Method.invoke(Method.java:498)
	at org.junit.runners.model.FrameworkMethod$1.runReflectiveCall(FrameworkMethod.java:44)
	at org.junit.internal.runners.model.ReflectiveCallable.run(ReflectiveCallable.java:15)
	at org.junit.runners.model.FrameworkMethod.invokeExplosively(FrameworkMethod.java:41)
	at junitparams.internal.InvokeParameterisedMethod.evaluate(InvokeParameterisedMethod.java:102)
	at org.junit.internal.runners.statements.FailOnTimeout$1.run(FailOnTimeout.java:28)
Caused by: ptolemy.kernel.util.IllegalActionException: Found a zero delay loop containing .dependencyLoop2.original
  in .dependencyLoop2 and .dependencyLoop2.original
	at ptolemy.actor.util.CausalityInterfaceForComposites._computeOutputPortDepth(CausalityInterfaceForComposites.java:759)
	at ptolemy.actor.util.CausalityInterfaceForComposites._computeInputDepth(CausalityInterfaceForComposites.java:696)
	at ptolemy.actor.util.CausalityInterfaceForComposites._computeOutputPortDepth(CausalityInterfaceForComposites.java:765)
	at ptolemy.actor.util.CausalityInterfaceForComposites._computeInputDepth(CausalityInterfaceForComposites.java:696)
	at ptolemy.actor.util.CausalityInterfaceForComposites._computeOutputPortDepth(CausalityInterfaceForComposites.java:765)
	at ptolemy.actor.util.CausalityInterfaceForComposites._computeInputDepth(CausalityInterfaceForComposites.java:696)
	at ptolemy.actor.util.CausalityInterfaceForComposites._computeActorDepth(CausalityInterfaceForComposites.java:532)
	at ptolemy.actor.util.CausalityInterfaceForComposites.checkForCycles(CausalityInterfaceForComposites.java:96)
	at ptolemy.domains.de.kernel.DEDirector.preinitialize(DEDirector.java:1337)
	at ptolemy.actor.CompositeActor.preinitialize(CompositeActor.java:1828)
	at ptolemy.actor.Manager.preinitializeAndResolveTypes(Manager.java:1040)
	at ptolemy.actor.Manager.initialize(Manager.java:710)
	at ptolemy.actor.Manager.execute(Manager.java:356)
	at ptolemy.actor.Manager.run(Manager.java:1263)
	at ptolemy.actor.Manager$PtolemyRunThread.run(Manager.java:1915)
]]></system-err>
</testsuite>
