<?xml version="1.0" encoding="UTF-8" ?>
<testsuite errors="0" failures="0" hostname="travis-job-10d3af8a-ac33-42a0-ab62-8d5969194e9f" name="ptolemy.domains.modal.test.junit.JUnitTclTest" skipped="0" tests="148" time="9.873" timestamp="2018-05-31T02:20:50">
  <properties>
[...]
</properties>
  <testcase classname="ptolemy.util.test.junit.TclTests" name="[0] /home/travis/build/icyphy/ptII/ptolemy/domains/modal/test/SystemLevelType.tcl (RunTclFile)" time="1.754" />
  <testcase classname="ptolemy.util.test.junit.AutoKnownFailedTests" name="[0] /home/travis/build/icyphy/ptII/ptolemy/domains/modal/test/auto/knownFailedTests/CannotAnalysisWithPreemption.xml (RunModel)" time="0.161" />
  <testcase classname="ptolemy.util.test.junit.AutoNameArchTests" name="[0] ThereAreNoAutoArchTests (RunModel)" time="0.0" />
  <testcase classname="ptolemy.util.test.junit.AutoTests" name="[0] /home/travis/build/icyphy/ptII/ptolemy/domains/modal/test/auto/ABPTest.xml (RunModel)" time="0.608" />
  <testcase classname="ptolemy.util.test.junit.AutoTests" name="[1] /home/travis/build/icyphy/ptII/ptolemy/domains/modal/test/auto/ABROFlat.xml (RunModel)" time="0.09" />
  <testcase classname="ptolemy.util.test.junit.AutoTests" name="[2] /home/travis/build/icyphy/ptII/ptolemy/domains/modal/test/auto/ABROFlat2.xml (RunModel)" time="0.055" />
  <testcase classname="ptolemy.util.test.junit.AutoTests" name="[3] /home/travis/build/icyphy/ptII/ptolemy/domains/modal/test/auto/ABRO_present_hmm.xml (RunModel)" time="0.136" />
  <testcase classname="ptolemy.util.test.junit.AutoTests" name="[4] /home/travis/build/icyphy/ptII/ptolemy/domains/modal/test/auto/AMICoderExample.xml (RunModel)" time="0.06" />
  <testcase classname="ptolemy.util.test.junit.AutoTests" name="[5] /home/travis/build/icyphy/ptII/ptolemy/domains/modal/test/auto/AbsentToPresent.xml (RunModel)" time="0.02" />
  <testcase classname="ptolemy.util.test.junit.AutoTests" name="[6] /home/travis/build/icyphy/ptII/ptolemy/domains/modal/test/auto/Blending.xml (RunModel)" time="0.267" />
  <testcase classname="ptolemy.util.test.junit.AutoTests" name="[7] /home/travis/build/icyphy/ptII/ptolemy/domains/modal/test/auto/Broadcast.xml (RunModel)" time="0.042" />
  <testcase classname="ptolemy.util.test.junit.AutoTests" name="[8] /home/travis/build/icyphy/ptII/ptolemy/domains/modal/test/auto/BroadcastHierarchy.xml (RunModel)" time="0.055" />
  <testcase classname="ptolemy.util.test.junit.AutoTests" name="[9] /home/travis/build/icyphy/ptII/ptolemy/domains/modal/test/auto/BroadcastHierarchy2.xml (RunModel)" time="0.138" />
  <testcase classname="ptolemy.util.test.junit.AutoTests" name="[10] /home/travis/build/icyphy/ptII/ptolemy/domains/modal/test/auto/BroadcastHierarchy3.xml (RunModel)" time="0.125" />
  <testcase classname="ptolemy.util.test.junit.AutoTests" name="[11] /home/travis/build/icyphy/ptII/ptolemy/domains/modal/test/auto/BroadcastHierarchy4.xml (RunModel)" time="0.12" />
  <testcase classname="ptolemy.util.test.junit.AutoTests" name="[12] /home/travis/build/icyphy/ptII/ptolemy/domains/modal/test/auto/CannotAnalysisWithPreemption2.xml (RunModel)" time="0.03" />
  <testcase classname="ptolemy.util.test.junit.AutoTests" name="[13] /home/travis/build/icyphy/ptII/ptolemy/domains/modal/test/auto/CannotAnalysisWithPreemption3.xml (RunModel)" time="0.053" />
  <testcase classname="ptolemy.util.test.junit.AutoTests" name="[14] /home/travis/build/icyphy/ptII/ptolemy/domains/modal/test/auto/CannotProduce.xml (RunModel)" time="0.039" />
  <testcase classname="ptolemy.util.test.junit.AutoTests" name="[15] /home/travis/build/icyphy/ptII/ptolemy/domains/modal/test/auto/CannotProduceModal.xml (RunModel)" time="0.029" />
  <testcase classname="ptolemy.util.test.junit.AutoTests" name="[16] /home/travis/build/icyphy/ptII/ptolemy/domains/modal/test/auto/Case.xml (RunModel)" time="0.084" />
  <testcase classname="ptolemy.util.test.junit.AutoTests" name="[17] /home/travis/build/icyphy/ptII/ptolemy/domains/modal/test/auto/Case1.xml (RunModel)" time="0.036" />
  <testcase classname="ptolemy.util.test.junit.AutoTests" name="[18] /home/travis/build/icyphy/ptII/ptolemy/domains/modal/test/auto/Case2.xml (RunModel)" time="0.048" />
  <testcase classname="ptolemy.util.test.junit.AutoTests" name="[19] /home/travis/build/icyphy/ptII/ptolemy/domains/modal/test/auto/CausalityInterface1.xml (RunModel)" time="0.028" />
  <testcase classname="ptolemy.util.test.junit.AutoTests" name="[20] /home/travis/build/icyphy/ptII/ptolemy/domains/modal/test/auto/CausalityInterface10.xml (RunModel)" time="0.058" />
  <testcase classname="ptolemy.util.test.junit.AutoTests" name="[21] /home/travis/build/icyphy/ptII/ptolemy/domains/modal/test/auto/CausalityInterface11.xml (RunModel)" time="0.055" />
  <testcase classname="ptolemy.util.test.junit.AutoTests" name="[22] /home/travis/build/icyphy/ptII/ptolemy/domains/modal/test/auto/CausalityInterface12.xml (RunModel)" time="0.048" />
  <testcase classname="ptolemy.util.test.junit.AutoTests" name="[23] /home/travis/build/icyphy/ptII/ptolemy/domains/modal/test/auto/CausalityInterface13.xml (RunModel)" time="0.064" />
  <testcase classname="ptolemy.util.test.junit.AutoTests" name="[24] /home/travis/build/icyphy/ptII/ptolemy/domains/modal/test/auto/CausalityInterface14.xml (RunModel)" time="0.049" />
  <testcase classname="ptolemy.util.test.junit.AutoTests" name="[25] /home/travis/build/icyphy/ptII/ptolemy/domains/modal/test/auto/CausalityInterface2.xml (RunModel)" time="0.031" />
  <testcase classname="ptolemy.util.test.junit.AutoTests" name="[26] /home/travis/build/icyphy/ptII/ptolemy/domains/modal/test/auto/CausalityInterface3.xml (RunModel)" time="0.027" />
  <testcase classname="ptolemy.util.test.junit.AutoTests" name="[27] /home/travis/build/icyphy/ptII/ptolemy/domains/modal/test/auto/CausalityInterface4.xml (RunModel)" time="0.035" />
  <testcase classname="ptolemy.util.test.junit.AutoTests" name="[28] /home/travis/build/icyphy/ptII/ptolemy/domains/modal/test/auto/CausalityInterface5.xml (RunModel)" time="0.056" />
  <testcase classname="ptolemy.util.test.junit.AutoTests" name="[29] /home/travis/build/icyphy/ptII/ptolemy/domains/modal/test/auto/CausalityInterface6.xml (RunModel)" time="0.038" />
  <testcase classname="ptolemy.util.test.junit.AutoTests" name="[30] /home/travis/build/icyphy/ptII/ptolemy/domains/modal/test/auto/CausalityInterface7.xml (RunModel)" time="0.042" />
  <testcase classname="ptolemy.util.test.junit.AutoTests" name="[31] /home/travis/build/icyphy/ptII/ptolemy/domains/modal/test/auto/CausalityInterface8.xml (RunModel)" time="0.033" />
  <testcase classname="ptolemy.util.test.junit.AutoTests" name="[32] /home/travis/build/icyphy/ptII/ptolemy/domains/modal/test/auto/CausalityInterface9.xml (RunModel)" time="0.034" />
  <testcase classname="ptolemy.util.test.junit.AutoTests" name="[33] /home/travis/build/icyphy/ptII/ptolemy/domains/modal/test/auto/ChainedTransitions.xml (RunModel)" time="0.142" />
  <testcase classname="ptolemy.util.test.junit.AutoTests" name="[34] /home/travis/build/icyphy/ptII/ptolemy/domains/modal/test/auto/CycleOfImmediateTransitionsFSM.xml (RunModel)" time="0.023" />
  <testcase classname="ptolemy.util.test.junit.AutoTests" name="[35] /home/travis/build/icyphy/ptII/ptolemy/domains/modal/test/auto/CycleOfImmediateTransitionsModal.xml (RunModel)" time="0.029" />
  <testcase classname="ptolemy.util.test.junit.AutoTests" name="[36] /home/travis/build/icyphy/ptII/ptolemy/domains/modal/test/auto/CycleOfImmediateTransitionsModal2.xml (RunModel)" time="0.032" />
  <testcase classname="ptolemy.util.test.junit.AutoTests" name="[37] /home/travis/build/icyphy/ptII/ptolemy/domains/modal/test/auto/CycleOfImmediateTransitionsModal3.xml (RunModel)" time="0.075" />
  <testcase classname="ptolemy.util.test.junit.AutoTests" name="[38] /home/travis/build/icyphy/ptII/ptolemy/domains/modal/test/auto/DeepModal1.xml (RunModel)" time="0.054" />
  <testcase classname="ptolemy.util.test.junit.AutoTests" name="[39] /home/travis/build/icyphy/ptII/ptolemy/domains/modal/test/auto/DeepModal2.xml (RunModel)" time="0.068" />
  <testcase classname="ptolemy.util.test.junit.AutoTests" name="[40] /home/travis/build/icyphy/ptII/ptolemy/domains/modal/test/auto/DeepModal3.xml (RunModel)" time="0.06" />
  <testcase classname="ptolemy.util.test.junit.AutoTests" name="[41] /home/travis/build/icyphy/ptII/ptolemy/domains/modal/test/auto/DeepModal4.xml (RunModel)" time="0.083" />
  <testcase classname="ptolemy.util.test.junit.AutoTests" name="[42] /home/travis/build/icyphy/ptII/ptolemy/domains/modal/test/auto/Default1.xml (RunModel)" time="0.024" />
  <testcase classname="ptolemy.util.test.junit.AutoTests" name="[43] /home/travis/build/icyphy/ptII/ptolemy/domains/modal/test/auto/Default2.xml (RunModel)" time="0.02" />
  <testcase classname="ptolemy.util.test.junit.AutoTests" name="[44] /home/travis/build/icyphy/ptII/ptolemy/domains/modal/test/auto/Default3.xml (RunModel)" time="0.023" />
  <testcase classname="ptolemy.util.test.junit.AutoTests" name="[45] /home/travis/build/icyphy/ptII/ptolemy/domains/modal/test/auto/Default4.xml (RunModel)" time="0.021" />
  <testcase classname="ptolemy.util.test.junit.AutoTests" name="[46] /home/travis/build/icyphy/ptII/ptolemy/domains/modal/test/auto/Default5.xml (RunModel)" time="0.059" />
  <testcase classname="ptolemy.util.test.junit.AutoTests" name="[47] /home/travis/build/icyphy/ptII/ptolemy/domains/modal/test/auto/EmptyGuard.xml (RunModel)" time="0.027" />
  <testcase classname="ptolemy.util.test.junit.AutoTests" name="[48] /home/travis/build/icyphy/ptII/ptolemy/domains/modal/test/auto/ErrorTransition1.xml (RunModel)" time="0.038" />
  <testcase classname="ptolemy.util.test.junit.AutoTests" name="[49] /home/travis/build/icyphy/ptII/ptolemy/domains/modal/test/auto/ErrorTransition10.xml (RunModel)" time="0.042" />
  <testcase classname="ptolemy.util.test.junit.AutoTests" name="[50] /home/travis/build/icyphy/ptII/ptolemy/domains/modal/test/auto/ErrorTransition11.xml (RunModel)" time="0.036" />
  <testcase classname="ptolemy.util.test.junit.AutoTests" name="[51] /home/travis/build/icyphy/ptII/ptolemy/domains/modal/test/auto/ErrorTransition2.xml (RunModel)" time="0.026" />
  <testcase classname="ptolemy.util.test.junit.AutoTests" name="[52] /home/travis/build/icyphy/ptII/ptolemy/domains/modal/test/auto/ErrorTransition3.xml (RunModel)" time="0.032" />
  <testcase classname="ptolemy.util.test.junit.AutoTests" name="[53] /home/travis/build/icyphy/ptII/ptolemy/domains/modal/test/auto/ErrorTransition4.xml (RunModel)" time="0.04" />
  <testcase classname="ptolemy.util.test.junit.AutoTests" name="[54] /home/travis/build/icyphy/ptII/ptolemy/domains/modal/test/auto/ErrorTransition5.xml (RunModel)" time="0.026" />
  <testcase classname="ptolemy.util.test.junit.AutoTests" name="[55] /home/travis/build/icyphy/ptII/ptolemy/domains/modal/test/auto/ErrorTransition6.xml (RunModel)" time="0.03" />
  <testcase classname="ptolemy.util.test.junit.AutoTests" name="[56] /home/travis/build/icyphy/ptII/ptolemy/domains/modal/test/auto/ErrorTransition7.xml (RunModel)" time="0.033" />
  <testcase classname="ptolemy.util.test.junit.AutoTests" name="[57] /home/travis/build/icyphy/ptII/ptolemy/domains/modal/test/auto/ErrorTransition8.xml (RunModel)" time="0.056" />
  <testcase classname="ptolemy.util.test.junit.AutoTests" name="[58] /home/travis/build/icyphy/ptII/ptolemy/domains/modal/test/auto/ErrorTransition9.xml (RunModel)" time="0.042" />
  <testcase classname="ptolemy.util.test.junit.AutoTests" name="[59] /home/travis/build/icyphy/ptII/ptolemy/domains/modal/test/auto/ExtendedFSM.xml (RunModel)" time="0.029" />
  <testcase classname="ptolemy.util.test.junit.AutoTests" name="[60] /home/travis/build/icyphy/ptII/ptolemy/domains/modal/test/auto/FinalStates.xml (RunModel)" time="0.025" />
  <testcase classname="ptolemy.util.test.junit.AutoTests" name="[61] /home/travis/build/icyphy/ptII/ptolemy/domains/modal/test/auto/FixedPointFSM.xml (RunModel)" time="0.046" />
  <testcase classname="ptolemy.util.test.junit.AutoTests" name="[62] /home/travis/build/icyphy/ptII/ptolemy/domains/modal/test/auto/FixedPointIterationFSMActor.xml (RunModel)" time="0.033" />
  <testcase classname="ptolemy.util.test.junit.AutoTests" name="[63] /home/travis/build/icyphy/ptII/ptolemy/domains/modal/test/auto/FixedPointIterationFSMActor2.xml (RunModel)" time="0.037" />
  <testcase classname="ptolemy.util.test.junit.AutoTests" name="[64] /home/travis/build/icyphy/ptII/ptolemy/domains/modal/test/auto/ForbiddenInstantanousLoop.xml (RunModel)" time="0.032" />
  <testcase classname="ptolemy.util.test.junit.AutoTests" name="[65] /home/travis/build/icyphy/ptII/ptolemy/domains/modal/test/auto/FunctionDependencyOfFSMActorTest.xml (RunModel)" time="0.02" />
  <testcase classname="ptolemy.util.test.junit.AutoTests" name="[66] /home/travis/build/icyphy/ptII/ptolemy/domains/modal/test/auto/GuardExpression.xml (RunModel)" time="0.013" />
  <testcase classname="ptolemy.util.test.junit.AutoTests" name="[67] /home/travis/build/icyphy/ptII/ptolemy/domains/modal/test/auto/GuardNotEvaluated.xml (RunModel)" time="0.021" />
  <testcase classname="ptolemy.util.test.junit.AutoTests" name="[68] /home/travis/build/icyphy/ptII/ptolemy/domains/modal/test/auto/GuardNotEvaluated2.xml (RunModel)" time="0.028" />
  <testcase classname="ptolemy.util.test.junit.AutoTests" name="[69] /home/travis/build/icyphy/ptII/ptolemy/domains/modal/test/auto/GuardOnAbsent.xml (RunModel)" time="0.037" />
  <testcase classname="ptolemy.util.test.junit.AutoTests" name="[70] /home/travis/build/icyphy/ptII/ptolemy/domains/modal/test/auto/HierarchicalFSMTypeInference.xml (RunModel)" time="0.028" />
  <testcase classname="ptolemy.util.test.junit.AutoTests" name="[71] /home/travis/build/icyphy/ptII/ptolemy/domains/modal/test/auto/Hysteresis.xml (RunModel)" time="0.041" />
  <testcase classname="ptolemy.util.test.junit.AutoTests" name="[72] /home/travis/build/icyphy/ptII/ptolemy/domains/modal/test/auto/HysteresisWithDefault.xml (RunModel)" time="0.065" />
  <testcase classname="ptolemy.util.test.junit.AutoTests" name="[73] /home/travis/build/icyphy/ptII/ptolemy/domains/modal/test/auto/HysteresisWithDefault2.xml (RunModel)" time="0.073" />
  <testcase classname="ptolemy.util.test.junit.AutoTests" name="[74] /home/travis/build/icyphy/ptII/ptolemy/domains/modal/test/auto/ImmediateNonConstructiveness.xml (RunModel)" time="0.017" />
  <testcase classname="ptolemy.util.test.junit.AutoTests" name="[75] /home/travis/build/icyphy/ptII/ptolemy/domains/modal/test/auto/ImmediateNonConstructiveness2.xml (RunModel)" time="0.019" />
  <testcase classname="ptolemy.util.test.junit.AutoTests" name="[76] /home/travis/build/icyphy/ptII/ptolemy/domains/modal/test/auto/ImmediateTransitionReset.xml (RunModel)" time="0.049" />
  <testcase classname="ptolemy.util.test.junit.AutoTests" name="[77] /home/travis/build/icyphy/ptII/ptolemy/domains/modal/test/auto/ImmediateTransitions1.xml (RunModel)" time="0.012" />
  <testcase classname="ptolemy.util.test.junit.AutoTests" name="[78] /home/travis/build/icyphy/ptII/ptolemy/domains/modal/test/auto/ImmediateTransitionsInstantaneousCommunication.xml (RunModel)" time="0.037" />
  <testcase classname="ptolemy.util.test.junit.AutoTests" name="[79] /home/travis/build/icyphy/ptII/ptolemy/domains/modal/test/auto/InitialImmediateTransition.xml (RunModel)" time="0.017" />
  <testcase classname="ptolemy.util.test.junit.AutoTests" name="[80] /home/travis/build/icyphy/ptII/ptolemy/domains/modal/test/auto/InitialOutputs.xml (RunModel)" time="0.016" />
  <testcase classname="ptolemy.util.test.junit.AutoTests" name="[81] /home/travis/build/icyphy/ptII/ptolemy/domains/modal/test/auto/InitialStateTransition1.xml (RunModel)" time="0.023" />
  <testcase classname="ptolemy.util.test.junit.AutoTests" name="[82] /home/travis/build/icyphy/ptII/ptolemy/domains/modal/test/auto/InitialStateTransition2.xml (RunModel)" time="0.028" />
  <testcase classname="ptolemy.util.test.junit.AutoTests" name="[83] /home/travis/build/icyphy/ptII/ptolemy/domains/modal/test/auto/InitialStateTransition3.xml (RunModel)" time="0.028" />
  <testcase classname="ptolemy.util.test.junit.AutoTests" name="[84] /home/travis/build/icyphy/ptII/ptolemy/domains/modal/test/auto/InitialStateTransition4.xml (RunModel)" time="0.028" />
  <testcase classname="ptolemy.util.test.junit.AutoTests" name="[85] /home/travis/build/icyphy/ptII/ptolemy/domains/modal/test/auto/MalformedGuardExpressionNotCaught.xml (RunModel)" time="0.019" />
  <testcase classname="ptolemy.util.test.junit.AutoTests" name="[86] /home/travis/build/icyphy/ptII/ptolemy/domains/modal/test/auto/ModalBSC.xml (RunModel)" time="0.081" />
  <testcase classname="ptolemy.util.test.junit.AutoTests" name="[87] /home/travis/build/icyphy/ptII/ptolemy/domains/modal/test/auto/ModalClocks.xml (RunModel)" time="0.077" />
  <testcase classname="ptolemy.util.test.junit.AutoTests" name="[88] /home/travis/build/icyphy/ptII/ptolemy/domains/modal/test/auto/ModalDelay.xml (RunModel)" time="0.047" />
  <testcase classname="ptolemy.util.test.junit.AutoTests" name="[89] /home/travis/build/icyphy/ptII/ptolemy/domains/modal/test/auto/ModalDelay2.xml (RunModel)" time="0.056" />
  <testcase classname="ptolemy.util.test.junit.AutoTests" name="[90] /home/travis/build/icyphy/ptII/ptolemy/domains/modal/test/auto/ModalModelFromMemo.xml (RunModel)" time="0.052" />
  <testcase classname="ptolemy.util.test.junit.AutoTests" name="[91] /home/travis/build/icyphy/ptII/ptolemy/domains/modal/test/auto/ModalModelWithMultirateTransient.xml (RunModel)" time="0.049" />
  <testcase classname="ptolemy.util.test.junit.AutoTests" name="[92] /home/travis/build/icyphy/ptII/ptolemy/domains/modal/test/auto/ModalModelWithReset.xml (RunModel)" time="0.051" />
  <testcase classname="ptolemy.util.test.junit.AutoTests" name="[93] /home/travis/build/icyphy/ptII/ptolemy/domains/modal/test/auto/MouseClickFSM.xml (RunModel)" time="0.043" />
  <testcase classname="ptolemy.util.test.junit.AutoTests" name="[94] /home/travis/build/icyphy/ptII/ptolemy/domains/modal/test/auto/MouseClickFSMModal.xml (RunModel)" time="0.041" />
  <testcase classname="ptolemy.util.test.junit.AutoTests" name="[95] /home/travis/build/icyphy/ptII/ptolemy/domains/modal/test/auto/NonStrictFSM_FeedbackLoop.xml (RunModel)" time="0.055" />
  <testcase classname="ptolemy.util.test.junit.AutoTests" name="[96] /home/travis/build/icyphy/ptII/ptolemy/domains/modal/test/auto/NonStrictFSM_FeedbackLoop_Refinement.xml (RunModel)" time="0.066" />
  <testcase classname="ptolemy.util.test.junit.AutoTests" name="[97] /home/travis/build/icyphy/ptII/ptolemy/domains/modal/test/auto/NonStrictFSM_FeedbackLoop_preemptive.xml (RunModel)" time="0.051" />
  <testcase classname="ptolemy.util.test.junit.AutoTests" name="[98] /home/travis/build/icyphy/ptII/ptolemy/domains/modal/test/auto/NormalTermination.xml (RunModel)" time="0.054" />
  <testcase classname="ptolemy.util.test.junit.AutoTests" name="[99] /home/travis/build/icyphy/ptII/ptolemy/domains/modal/test/auto/Pong.xml (RunModel)" time="0.074" />
  <testcase classname="ptolemy.util.test.junit.AutoTests" name="[100] /home/travis/build/icyphy/ptII/ptolemy/domains/modal/test/auto/Pong_test.xml (RunModel)" time="0.092" />
  <testcase classname="ptolemy.util.test.junit.AutoTests" name="[101] /home/travis/build/icyphy/ptII/ptolemy/domains/modal/test/auto/PreemptionHierarchy.xml (RunModel)" time="0.029" />
  <testcase classname="ptolemy.util.test.junit.AutoTests" name="[102] /home/travis/build/icyphy/ptII/ptolemy/domains/modal/test/auto/PreemptionHierarchy2.xml (RunModel)" time="0.032" />
  <testcase classname="ptolemy.util.test.junit.AutoTests" name="[103] /home/travis/build/icyphy/ptII/ptolemy/domains/modal/test/auto/PreemptiveTransition.xml (RunModel)" time="0.021" />
  <testcase classname="ptolemy.util.test.junit.AutoTests" name="[104] /home/travis/build/icyphy/ptII/ptolemy/domains/modal/test/auto/Priorities.xml (RunModel)" time="0.087" />
  <testcase classname="ptolemy.util.test.junit.AutoTests" name="[105] /home/travis/build/icyphy/ptII/ptolemy/domains/modal/test/auto/ResetFinal.xml (RunModel)" time="0.041" />
  <testcase classname="ptolemy.util.test.junit.AutoTests" name="[106] /home/travis/build/icyphy/ptII/ptolemy/domains/modal/test/auto/ResetFinal2.xml (RunModel)" time="0.035" />
  <testcase classname="ptolemy.util.test.junit.AutoTests" name="[107] /home/travis/build/icyphy/ptII/ptolemy/domains/modal/test/auto/ResetTransitionWithStartTime.xml (RunModel)" time="0.03" />
  <testcase classname="ptolemy.util.test.junit.AutoTests" name="[108] /home/travis/build/icyphy/ptII/ptolemy/domains/modal/test/auto/SDF-FSMComposite.xml (RunModel)" time="0.022" />
  <testcase classname="ptolemy.util.test.junit.AutoTests" name="[109] /home/travis/build/icyphy/ptII/ptolemy/domains/modal/test/auto/SeeminglyNondeterminate.xml (RunModel)" time="0.075" />
  <testcase classname="ptolemy.util.test.junit.AutoTests" name="[110] /home/travis/build/icyphy/ptII/ptolemy/domains/modal/test/auto/SeeminglyNondeterminate2.xml (RunModel)" time="0.095" />
  <testcase classname="ptolemy.util.test.junit.AutoTests" name="[111] /home/travis/build/icyphy/ptII/ptolemy/domains/modal/test/auto/SpontaneousFSM.xml (RunModel)" time="0.048" />
  <testcase classname="ptolemy.util.test.junit.AutoTests" name="[112] /home/travis/build/icyphy/ptII/ptolemy/domains/modal/test/auto/SpontaneousFSM2.xml (RunModel)" time="0.033" />
  <testcase classname="ptolemy.util.test.junit.AutoTests" name="[113] /home/travis/build/icyphy/ptII/ptolemy/domains/modal/test/auto/SpontaneousFSM3.xml (RunModel)" time="0.048" />
  <testcase classname="ptolemy.util.test.junit.AutoTests" name="[114] /home/travis/build/icyphy/ptII/ptolemy/domains/modal/test/auto/SpontaneousFSM4.xml (RunModel)" time="0.045" />
  <testcase classname="ptolemy.util.test.junit.AutoTests" name="[115] /home/travis/build/icyphy/ptII/ptolemy/domains/modal/test/auto/StateTrackerTest.xml (RunModel)" time="0.065" />
  <testcase classname="ptolemy.util.test.junit.AutoTests" name="[116] /home/travis/build/icyphy/ptII/ptolemy/domains/modal/test/auto/StrongImmediateTransition.xml (RunModel)" time="0.028" />
  <testcase classname="ptolemy.util.test.junit.AutoTests" name="[117] /home/travis/build/icyphy/ptII/ptolemy/domains/modal/test/auto/SustainHierarchy.xml (RunModel)" time="0.039" />
  <testcase classname="ptolemy.util.test.junit.AutoTests" name="[118] /home/travis/build/icyphy/ptII/ptolemy/domains/modal/test/auto/TerminationTransition1.xml (RunModel)" time="0.024" />
  <testcase classname="ptolemy.util.test.junit.AutoTests" name="[119] /home/travis/build/icyphy/ptII/ptolemy/domains/modal/test/auto/TerminationTransition2.xml (RunModel)" time="0.031" />
  <testcase classname="ptolemy.util.test.junit.AutoTests" name="[120] /home/travis/build/icyphy/ptII/ptolemy/domains/modal/test/auto/TerminationTransition3.xml (RunModel)" time="0.031" />
  <testcase classname="ptolemy.util.test.junit.AutoTests" name="[121] /home/travis/build/icyphy/ptII/ptolemy/domains/modal/test/auto/TerminationTransition4.xml (RunModel)" time="0.038" />
  <testcase classname="ptolemy.util.test.junit.AutoTests" name="[122] /home/travis/build/icyphy/ptII/ptolemy/domains/modal/test/auto/TerminationTransition5.xml (RunModel)" time="0.038" />
  <testcase classname="ptolemy.util.test.junit.AutoTests" name="[123] /home/travis/build/icyphy/ptII/ptolemy/domains/modal/test/auto/TerminationTransition6.xml (RunModel)" time="0.02" />
  <testcase classname="ptolemy.util.test.junit.AutoTests" name="[124] /home/travis/build/icyphy/ptII/ptolemy/domains/modal/test/auto/TerminationTransition7.xml (RunModel)" time="0.023" />
  <testcase classname="ptolemy.util.test.junit.AutoTests" name="[125] /home/travis/build/icyphy/ptII/ptolemy/domains/modal/test/auto/TerminationTransition8.xml (RunModel)" time="0.021" />
  <testcase classname="ptolemy.util.test.junit.AutoTests" name="[126] /home/travis/build/icyphy/ptII/ptolemy/domains/modal/test/auto/Thermostat_NoHysteresis.xml (RunModel)" time="0.05" />
  <testcase classname="ptolemy.util.test.junit.AutoTests" name="[127] /home/travis/build/icyphy/ptII/ptolemy/domains/modal/test/auto/TimedFSM.xml (RunModel)" time="0.029" />
  <testcase classname="ptolemy.util.test.junit.AutoTests" name="[128] /home/travis/build/icyphy/ptII/ptolemy/domains/modal/test/auto/Timeout1.xml (RunModel)" time="0.016" />
  <testcase classname="ptolemy.util.test.junit.AutoTests" name="[129] /home/travis/build/icyphy/ptII/ptolemy/domains/modal/test/auto/Timeout2.xml (RunModel)" time="0.017" />
  <testcase classname="ptolemy.util.test.junit.AutoTests" name="[130] /home/travis/build/icyphy/ptII/ptolemy/domains/modal/test/auto/Timeout3.xml (RunModel)" time="0.011" />
  <testcase classname="ptolemy.util.test.junit.AutoTests" name="[131] /home/travis/build/icyphy/ptII/ptolemy/domains/modal/test/auto/Timeout4.xml (RunModel)" time="0.012" />
  <testcase classname="ptolemy.util.test.junit.AutoTests" name="[132] /home/travis/build/icyphy/ptII/ptolemy/domains/modal/test/auto/TransientstateModelAdvanced.xml (RunModel)" time="0.027" />
  <testcase classname="ptolemy.util.test.junit.AutoTests" name="[133] /home/travis/build/icyphy/ptII/ptolemy/domains/modal/test/auto/TransientstateModelAdvanced2.xml (RunModel)" time="0.03" />
  <testcase classname="ptolemy.util.test.junit.AutoTests" name="[134] /home/travis/build/icyphy/ptII/ptolemy/domains/modal/test/auto/TransitionRefinements.xml (RunModel)" time="0.022" />
  <testcase classname="ptolemy.util.test.junit.AutoTests" name="[135] /home/travis/build/icyphy/ptII/ptolemy/domains/modal/test/auto/TwoRefinements1.xml (RunModel)" time="0.025" />
  <testcase classname="ptolemy.util.test.junit.AutoTests" name="[136] /home/travis/build/icyphy/ptII/ptolemy/domains/modal/test/auto/TwoRefinements2.xml (RunModel)" time="0.022" />
  <testcase classname="ptolemy.util.test.junit.AutoTests" name="[137] /home/travis/build/icyphy/ptII/ptolemy/domains/modal/test/auto/WeakImmediateTransition.xml (RunModel)" time="0.021" />
  <testcase classname="ptolemy.util.test.junit.AutoTests" name="[138] /home/travis/build/icyphy/ptII/ptolemy/domains/modal/test/auto/booleanSelect.xml (RunModel)" time="0.044" />
  <testcase classname="ptolemy.util.test.junit.AutoTests" name="[139] /home/travis/build/icyphy/ptII/ptolemy/domains/modal/test/auto/modalChangingParams.xml (RunModel)" time="0.198" />
  <testcase classname="ptolemy.util.test.junit.AutoTests" name="[140] /home/travis/build/icyphy/ptII/ptolemy/domains/modal/test/auto/modalModel.xml (RunModel)" time="0.021" />
  <testcase classname="ptolemy.util.test.junit.AutoTests" name="[141] /home/travis/build/icyphy/ptII/ptolemy/domains/modal/test/auto/modalModel2.xml (RunModel)" time="0.025" />
  <testcase classname="ptolemy.util.test.junit.AutoTests" name="[142] /home/travis/build/icyphy/ptII/ptolemy/domains/modal/test/auto/modalModel3.xml (RunModel)" time="0.036" />
  <testcase classname="ptolemy.util.test.junit.AutoTests" name="[143] /home/travis/build/icyphy/ptII/ptolemy/domains/modal/test/auto/model1.xml (RunModel)" time="0.018" />
  <testcase classname="ptolemy.util.test.junit.AutoTests" name="[144] /home/travis/build/icyphy/ptII/ptolemy/domains/modal/test/auto/test-direct-in-out.xml (RunModel)" time="0.017" />
  <system-out><![CDATA[/home/travis/build/icyphy/ptII/ptolemy/domains/modal/test/SystemLevelType.tcl
testDefs.tcl: setting time out to 9000 seconds at Thu May 31 02:20:50 UTC 2018
05/31/18 02:20:52
Failed: 0  Total Tests: 1  ((Passed: 1, Newly Passed: 0)  Known Failed: 0) /home/travis/build/icyphy/ptII/ptolemy/domains/modal/test
----------------- testing (KnownFailure) /home/travis/build/icyphy/ptII/ptolemy/domains/modal/test/auto/knownFailedTests/CannotAnalysisWithPreemption.xml
42 ms. Memory: 208384K Free: 188378K (90%)
Known Failure: java.lang.reflect.InvocationTargetException
No auto/linux-amd64/*.xml tests in /home/travis/build/icyphy/ptII/ptolemy/domains/modal/test
AutoTests.java: About to close Vertx.
AutoTests.java: Vertx closed.
----------------- testing Thu May 31 02:20:52 UTC 2018 /home/travis/build/icyphy/ptII/ptolemy/domains/modal/test/auto/ABPTest.xml
----------------- Instantiating /home/travis/build/icyphy/ptII/ptolemy/domains/modal/test/auto/ABPTest.xml
338 ms. Memory: 332288K Free: 290596K (87%)
----------------- Invoking toplevel() on ptolemy.moml.MoMLSimpleApplication@b4aa5f
----------------- Done invoking toplevel() on ptolemy.moml.MoMLSimpleApplication@b4aa5f
reloadAllAccessors: .ABPTest
----------------- testing Thu May 31 02:20:53 UTC 2018 /home/travis/build/icyphy/ptII/ptolemy/domains/modal/test/auto/ABROFlat.xml
----------------- Instantiating /home/travis/build/icyphy/ptII/ptolemy/domains/modal/test/auto/ABROFlat.xml
25 ms. Memory: 332288K Free: 268421K (81%)
----------------- Invoking toplevel() on ptolemy.moml.MoMLSimpleApplication@2b71f138
----------------- Done invoking toplevel() on ptolemy.moml.MoMLSimpleApplication@2b71f138
reloadAllAccessors: .ABROFlat
----------------- testing Thu May 31 02:20:53 UTC 2018 /home/travis/build/icyphy/ptII/ptolemy/domains/modal/test/auto/ABROFlat2.xml
----------------- Instantiating /home/travis/build/icyphy/ptII/ptolemy/domains/modal/test/auto/ABROFlat2.xml
10 ms. Memory: 332288K Free: 250407K (75%)
----------------- Invoking toplevel() on ptolemy.moml.MoMLSimpleApplication@2b90e909
----------------- Done invoking toplevel() on ptolemy.moml.MoMLSimpleApplication@2b90e909
reloadAllAccessors: .ABROFlat2
----------------- testing Thu May 31 02:20:53 UTC 2018 /home/travis/build/icyphy/ptII/ptolemy/domains/modal/test/auto/ABRO_present_hmm.xml
----------------- Instantiating /home/travis/build/icyphy/ptII/ptolemy/domains/modal/test/auto/ABRO_present_hmm.xml
36 ms. Memory: 332288K Free: 219327K (66%)
----------------- Invoking toplevel() on ptolemy.moml.MoMLSimpleApplication@553f35b7
----------------- Done invoking toplevel() on ptolemy.moml.MoMLSimpleApplication@553f35b7
reloadAllAccessors: .ABRO_present_hmm
----------------- testing Thu May 31 02:20:53 UTC 2018 /home/travis/build/icyphy/ptII/ptolemy/domains/modal/test/auto/AMICoderExample.xml
----------------- Instantiating /home/travis/build/icyphy/ptII/ptolemy/domains/modal/test/auto/AMICoderExample.xml
24 ms. Memory: 332288K Free: 207905K (63%)
----------------- Invoking toplevel() on ptolemy.moml.MoMLSimpleApplication@4dd5a0d8
----------------- Done invoking toplevel() on ptolemy.moml.MoMLSimpleApplication@4dd5a0d8
reloadAllAccessors: .AMICoderExample
----------------- testing Thu May 31 02:20:53 UTC 2018 /home/travis/build/icyphy/ptII/ptolemy/domains/modal/test/auto/AbsentToPresent.xml
----------------- Instantiating /home/travis/build/icyphy/ptII/ptolemy/domains/modal/test/auto/AbsentToPresent.xml
6 ms. Memory: 332288K Free: 199580K (60%)
----------------- Invoking toplevel() on ptolemy.moml.MoMLSimpleApplication@42760a44
----------------- Done invoking toplevel() on ptolemy.moml.MoMLSimpleApplication@42760a44
reloadAllAccessors: .AbsentToPresent
----------------- testing Thu May 31 02:20:53 UTC 2018 /home/travis/build/icyphy/ptII/ptolemy/domains/modal/test/auto/Blending.xml
----------------- Instantiating /home/travis/build/icyphy/ptII/ptolemy/domains/modal/test/auto/Blending.xml
145 ms. Memory: 332288K Free: 150526K (45%)
----------------- Invoking toplevel() on ptolemy.moml.MoMLSimpleApplication@485153d9
----------------- Done invoking toplevel() on ptolemy.moml.MoMLSimpleApplication@485153d9
reloadAllAccessors: .Blending
----------------- testing Thu May 31 02:20:54 UTC 2018 /home/travis/build/icyphy/ptII/ptolemy/domains/modal/test/auto/Broadcast.xml
----------------- Instantiating /home/travis/build/icyphy/ptII/ptolemy/domains/modal/test/auto/Broadcast.xml
7 ms. Memory: 332288K Free: 137437K (41%)
----------------- Invoking toplevel() on ptolemy.moml.MoMLSimpleApplication@b5e67b1
----------------- Done invoking toplevel() on ptolemy.moml.MoMLSimpleApplication@b5e67b1
reloadAllAccessors: .Broadcast
----------------- testing Thu May 31 02:20:54 UTC 2018 /home/travis/build/icyphy/ptII/ptolemy/domains/modal/test/auto/BroadcastHierarchy.xml
----------------- Instantiating /home/travis/build/icyphy/ptII/ptolemy/domains/modal/test/auto/BroadcastHierarchy.xml
7 ms. Memory: 332288K Free: 121123K (36%)
----------------- Invoking toplevel() on ptolemy.moml.MoMLSimpleApplication@7650cc7c
----------------- Done invoking toplevel() on ptolemy.moml.MoMLSimpleApplication@7650cc7c
reloadAllAccessors: .BroadcastHierarchy
----------------- testing Thu May 31 02:20:54 UTC 2018 /home/travis/build/icyphy/ptII/ptolemy/domains/modal/test/auto/BroadcastHierarchy2.xml
----------------- Instantiating /home/travis/build/icyphy/ptII/ptolemy/domains/modal/test/auto/BroadcastHierarchy2.xml
33 ms. Memory: 332288K Free: 86818K (26%)
----------------- Invoking toplevel() on ptolemy.moml.MoMLSimpleApplication@7a59cb22
----------------- Done invoking toplevel() on ptolemy.moml.MoMLSimpleApplication@7a59cb22
reloadAllAccessors: .BroadcastHierarchy2
----------------- testing Thu May 31 02:20:54 UTC 2018 /home/travis/build/icyphy/ptII/ptolemy/domains/modal/test/auto/BroadcastHierarchy3.xml
----------------- Instantiating /home/travis/build/icyphy/ptII/ptolemy/domains/modal/test/auto/BroadcastHierarchy3.xml
20 ms. Memory: 333824K Free: 304518K (91%)
----------------- Invoking toplevel() on ptolemy.moml.MoMLSimpleApplication@5b1714f6
----------------- Done invoking toplevel() on ptolemy.moml.MoMLSimpleApplication@5b1714f6
reloadAllAccessors: .BroadcastHierarchy3
----------------- testing Thu May 31 02:20:54 UTC 2018 /home/travis/build/icyphy/ptII/ptolemy/domains/modal/test/auto/BroadcastHierarchy4.xml
----------------- Instantiating /home/travis/build/icyphy/ptII/ptolemy/domains/modal/test/auto/BroadcastHierarchy4.xml
18 ms. Memory: 333824K Free: 271542K (81%)
----------------- Invoking toplevel() on ptolemy.moml.MoMLSimpleApplication@42c05f6b
----------------- Done invoking toplevel() on ptolemy.moml.MoMLSimpleApplication@42c05f6b
reloadAllAccessors: .BroadcastHierarchy4
----------------- testing Thu May 31 02:20:54 UTC 2018 /home/travis/build/icyphy/ptII/ptolemy/domains/modal/test/auto/CannotAnalysisWithPreemption2.xml
----------------- Instantiating /home/travis/build/icyphy/ptII/ptolemy/domains/modal/test/auto/CannotAnalysisWithPreemption2.xml
5 ms. Memory: 333824K Free: 262946K (79%)
----------------- Invoking toplevel() on ptolemy.moml.MoMLSimpleApplication@6cb31352
----------------- Done invoking toplevel() on ptolemy.moml.MoMLSimpleApplication@6cb31352
reloadAllAccessors: .CannotAnalysisWithPreemption2
----------------- testing Thu May 31 02:20:54 UTC 2018 /home/travis/build/icyphy/ptII/ptolemy/domains/modal/test/auto/CannotAnalysisWithPreemption3.xml
----------------- Instantiating /home/travis/build/icyphy/ptII/ptolemy/domains/modal/test/auto/CannotAnalysisWithPreemption3.xml
12 ms. Memory: 333824K Free: 250678K (75%)
----------------- Invoking toplevel() on ptolemy.moml.MoMLSimpleApplication@55f5a543
----------------- Done invoking toplevel() on ptolemy.moml.MoMLSimpleApplication@55f5a543
reloadAllAccessors: .CannotAnalysisWithPreemption3
----------------- testing Thu May 31 02:20:54 UTC 2018 /home/travis/build/icyphy/ptII/ptolemy/domains/modal/test/auto/CannotProduce.xml
----------------- Instantiating /home/travis/build/icyphy/ptII/ptolemy/domains/modal/test/auto/CannotProduce.xml
13 ms. Memory: 333824K Free: 241031K (72%)
----------------- Invoking toplevel() on ptolemy.moml.MoMLSimpleApplication@2639a3e3
----------------- Done invoking toplevel() on ptolemy.moml.MoMLSimpleApplication@2639a3e3
reloadAllAccessors: .CannotProduce
----------------- testing Thu May 31 02:20:54 UTC 2018 /home/travis/build/icyphy/ptII/ptolemy/domains/modal/test/auto/CannotProduceModal.xml
----------------- Instantiating /home/travis/build/icyphy/ptII/ptolemy/domains/modal/test/auto/CannotProduceModal.xml
11 ms. Memory: 333824K Free: 232427K (70%)
----------------- Invoking toplevel() on ptolemy.moml.MoMLSimpleApplication@64ac6d64
----------------- Done invoking toplevel() on ptolemy.moml.MoMLSimpleApplication@64ac6d64
reloadAllAccessors: .CannotProduceModal
----------------- testing Thu May 31 02:20:54 UTC 2018 /home/travis/build/icyphy/ptII/ptolemy/domains/modal/test/auto/Case.xml
----------------- Instantiating /home/travis/build/icyphy/ptII/ptolemy/domains/modal/test/auto/Case.xml
34 ms. Memory: 333824K Free: 218915K (66%)
----------------- Invoking toplevel() on ptolemy.moml.MoMLSimpleApplication@3199ff2e
----------------- Done invoking toplevel() on ptolemy.moml.MoMLSimpleApplication@3199ff2e
reloadAllAccessors: .Case
----------------- testing Thu May 31 02:20:54 UTC 2018 /home/travis/build/icyphy/ptII/ptolemy/domains/modal/test/auto/Case1.xml
----------------- Instantiating /home/travis/build/icyphy/ptII/ptolemy/domains/modal/test/auto/Case1.xml
10 ms. Memory: 333824K Free: 208039K (62%)
----------------- Invoking toplevel() on ptolemy.moml.MoMLSimpleApplication@5c4a9f0d
----------------- Done invoking toplevel() on ptolemy.moml.MoMLSimpleApplication@5c4a9f0d
reloadAllAccessors: .Case1
----------------- testing Thu May 31 02:20:54 UTC 2018 /home/travis/build/icyphy/ptII/ptolemy/domains/modal/test/auto/Case2.xml
----------------- Instantiating /home/travis/build/icyphy/ptII/ptolemy/domains/modal/test/auto/Case2.xml
20 ms. Memory: 333824K Free: 195756K (59%)
----------------- Invoking toplevel() on ptolemy.moml.MoMLSimpleApplication@118ca66d
----------------- Done invoking toplevel() on ptolemy.moml.MoMLSimpleApplication@118ca66d
reloadAllAccessors: .Case2
----------------- testing Thu May 31 02:20:54 UTC 2018 /home/travis/build/icyphy/ptII/ptolemy/domains/modal/test/auto/CausalityInterface1.xml
----------------- Instantiating /home/travis/build/icyphy/ptII/ptolemy/domains/modal/test/auto/CausalityInterface1.xml
2 ms. Memory: 333824K Free: 189634K (57%)
----------------- Invoking toplevel() on ptolemy.moml.MoMLSimpleApplication@469ebcd2
----------------- Done invoking toplevel() on ptolemy.moml.MoMLSimpleApplication@469ebcd2
reloadAllAccessors: .CausalityInterface1
----------------- testing Thu May 31 02:20:55 UTC 2018 /home/travis/build/icyphy/ptII/ptolemy/domains/modal/test/auto/CausalityInterface10.xml
----------------- Instantiating /home/travis/build/icyphy/ptII/ptolemy/domains/modal/test/auto/CausalityInterface10.xml
12 ms. Memory: 333824K Free: 171391K (51%)
----------------- Invoking toplevel() on ptolemy.moml.MoMLSimpleApplication@63ed969a
----------------- Done invoking toplevel() on ptolemy.moml.MoMLSimpleApplication@63ed969a
reloadAllAccessors: .CausalityInterface10
----------------- testing Thu May 31 02:20:55 UTC 2018 /home/travis/build/icyphy/ptII/ptolemy/domains/modal/test/auto/CausalityInterface11.xml
----------------- Instantiating /home/travis/build/icyphy/ptII/ptolemy/domains/modal/test/auto/CausalityInterface11.xml
9 ms. Memory: 333824K Free: 156641K (47%)
----------------- Invoking toplevel() on ptolemy.moml.MoMLSimpleApplication@ce2f431
----------------- Done invoking toplevel() on ptolemy.moml.MoMLSimpleApplication@ce2f431
reloadAllAccessors: .CausalityInterface11
----------------- testing Thu May 31 02:20:55 UTC 2018 /home/travis/build/icyphy/ptII/ptolemy/domains/modal/test/auto/CausalityInterface12.xml
----------------- Instantiating /home/travis/build/icyphy/ptII/ptolemy/domains/modal/test/auto/CausalityInterface12.xml
7 ms. Memory: 333824K Free: 140669K (42%)
----------------- Invoking toplevel() on ptolemy.moml.MoMLSimpleApplication@130bb0a8
----------------- Done invoking toplevel() on ptolemy.moml.MoMLSimpleApplication@130bb0a8
reloadAllAccessors: .CausalityInterface12
----------------- testing Thu May 31 02:20:55 UTC 2018 /home/travis/build/icyphy/ptII/ptolemy/domains/modal/test/auto/CausalityInterface13.xml
----------------- Instantiating /home/travis/build/icyphy/ptII/ptolemy/domains/modal/test/auto/CausalityInterface13.xml
13 ms. Memory: 333824K Free: 121190K (36%)
----------------- Invoking toplevel() on ptolemy.moml.MoMLSimpleApplication@47fd0b8
----------------- Done invoking toplevel() on ptolemy.moml.MoMLSimpleApplication@47fd0b8
reloadAllAccessors: .CausalityInterface13
----------------- testing Thu May 31 02:20:55 UTC 2018 /home/travis/build/icyphy/ptII/ptolemy/domains/modal/test/auto/CausalityInterface14.xml
----------------- Instantiating /home/travis/build/icyphy/ptII/ptolemy/domains/modal/test/auto/CausalityInterface14.xml
8 ms. Memory: 333824K Free: 103990K (31%)
----------------- Invoking toplevel() on ptolemy.moml.MoMLSimpleApplication@7fbfb0e1
----------------- Done invoking toplevel() on ptolemy.moml.MoMLSimpleApplication@7fbfb0e1
reloadAllAccessors: .CausalityInterface14
----------------- testing Thu May 31 02:20:55 UTC 2018 /home/travis/build/icyphy/ptII/ptolemy/domains/modal/test/auto/CausalityInterface2.xml
----------------- Instantiating /home/travis/build/icyphy/ptII/ptolemy/domains/modal/test/auto/CausalityInterface2.xml
6 ms. Memory: 333824K Free: 96639K (29%)
----------------- Invoking toplevel() on ptolemy.moml.MoMLSimpleApplication@4dc87d64
----------------- Done invoking toplevel() on ptolemy.moml.MoMLSimpleApplication@4dc87d64
reloadAllAccessors: .CausalityInterface2
----------------- testing Thu May 31 02:20:55 UTC 2018 /home/travis/build/icyphy/ptII/ptolemy/domains/modal/test/auto/CausalityInterface3.xml
----------------- Instantiating /home/travis/build/icyphy/ptII/ptolemy/domains/modal/test/auto/CausalityInterface3.xml
5 ms. Memory: 333824K Free: 86993K (26%)
----------------- Invoking toplevel() on ptolemy.moml.MoMLSimpleApplication@54b9434f
----------------- Done invoking toplevel() on ptolemy.moml.MoMLSimpleApplication@54b9434f
reloadAllAccessors: .CausalityInterface3
----------------- testing Thu May 31 02:20:55 UTC 2018 /home/travis/build/icyphy/ptII/ptolemy/domains/modal/test/auto/CausalityInterface4.xml
----------------- Instantiating /home/travis/build/icyphy/ptII/ptolemy/domains/modal/test/auto/CausalityInterface4.xml
6 ms. Memory: 333824K Free: 79634K (24%)
----------------- Invoking toplevel() on ptolemy.moml.MoMLSimpleApplication@2ef49898
----------------- Done invoking toplevel() on ptolemy.moml.MoMLSimpleApplication@2ef49898
reloadAllAccessors: .CausalityInterface4
----------------- testing Thu May 31 02:20:55 UTC 2018 /home/travis/build/icyphy/ptII/ptolemy/domains/modal/test/auto/CausalityInterface5.xml
----------------- Instantiating /home/travis/build/icyphy/ptII/ptolemy/domains/modal/test/auto/CausalityInterface5.xml
5 ms. Memory: 577536K Free: 555504K (96%)
----------------- Invoking toplevel() on ptolemy.moml.MoMLSimpleApplication@1262496e
----------------- Done invoking toplevel() on ptolemy.moml.MoMLSimpleApplication@1262496e
reloadAllAccessors: .CausalityInterface5
----------------- testing Thu May 31 02:20:55 UTC 2018 /home/travis/build/icyphy/ptII/ptolemy/domains/modal/test/auto/CausalityInterface6.xml
----------------- Instantiating /home/travis/build/icyphy/ptII/ptolemy/domains/modal/test/auto/CausalityInterface6.xml
4 ms. Memory: 577536K Free: 539344K (93%)
----------------- Invoking toplevel() on ptolemy.moml.MoMLSimpleApplication@6d74cf39
----------------- Done invoking toplevel() on ptolemy.moml.MoMLSimpleApplication@6d74cf39
reloadAllAccessors: .CausalityInterface6
----------------- testing Thu May 31 02:20:55 UTC 2018 /home/travis/build/icyphy/ptII/ptolemy/domains/modal/test/auto/CausalityInterface7.xml
----------------- Instantiating /home/travis/build/icyphy/ptII/ptolemy/domains/modal/test/auto/CausalityInterface7.xml
5 ms. Memory: 577536K Free: 526092K (91%)
----------------- Invoking toplevel() on ptolemy.moml.MoMLSimpleApplication@6b7ec68c
----------------- Done invoking toplevel() on ptolemy.moml.MoMLSimpleApplication@6b7ec68c
reloadAllAccessors: .CausalityInterface7
----------------- testing Thu May 31 02:20:55 UTC 2018 /home/travis/build/icyphy/ptII/ptolemy/domains/modal/test/auto/CausalityInterface8.xml
----------------- Instantiating /home/travis/build/icyphy/ptII/ptolemy/domains/modal/test/auto/CausalityInterface8.xml
4 ms. Memory: 577536K Free: 513064K (89%)
----------------- Invoking toplevel() on ptolemy.moml.MoMLSimpleApplication@6c150108
----------------- Done invoking toplevel() on ptolemy.moml.MoMLSimpleApplication@6c150108
reloadAllAccessors: .CausalityInterface8
----------------- testing Thu May 31 02:20:55 UTC 2018 /home/travis/build/icyphy/ptII/ptolemy/domains/modal/test/auto/CausalityInterface9.xml
----------------- Instantiating /home/travis/build/icyphy/ptII/ptolemy/domains/modal/test/auto/CausalityInterface9.xml
6 ms. Memory: 577536K Free: 500036K (87%)
----------------- Invoking toplevel() on ptolemy.moml.MoMLSimpleApplication@66f775fb
----------------- Done invoking toplevel() on ptolemy.moml.MoMLSimpleApplication@66f775fb
reloadAllAccessors: .CausalityInterface9
----------------- testing Thu May 31 02:20:55 UTC 2018 /home/travis/build/icyphy/ptII/ptolemy/domains/modal/test/auto/ChainedTransitions.xml
----------------- Instantiating /home/travis/build/icyphy/ptII/ptolemy/domains/modal/test/auto/ChainedTransitions.xml
88 ms. Memory: 577536K Free: 467579K (81%)
----------------- Invoking toplevel() on ptolemy.moml.MoMLSimpleApplication@5078b7b
----------------- Done invoking toplevel() on ptolemy.moml.MoMLSimpleApplication@5078b7b
reloadAllAccessors: .ChainedTransitions
----------------- testing Thu May 31 02:20:55 UTC 2018 /home/travis/build/icyphy/ptII/ptolemy/domains/modal/test/auto/CycleOfImmediateTransitionsFSM.xml
----------------- Instantiating /home/travis/build/icyphy/ptII/ptolemy/domains/modal/test/auto/CycleOfImmediateTransitionsFSM.xml
3 ms. Memory: 577536K Free: 457804K (79%)
----------------- Invoking toplevel() on ptolemy.moml.MoMLSimpleApplication@6a4c6873
----------------- Done invoking toplevel() on ptolemy.moml.MoMLSimpleApplication@6a4c6873
reloadAllAccessors: .CycleOfImmediateTransitionsFSM
----------------- testing Thu May 31 02:20:55 UTC 2018 /home/travis/build/icyphy/ptII/ptolemy/domains/modal/test/auto/CycleOfImmediateTransitionsModal.xml
----------------- Instantiating /home/travis/build/icyphy/ptII/ptolemy/domains/modal/test/auto/CycleOfImmediateTransitionsModal.xml
3 ms. Memory: 577536K Free: 448030K (78%)
----------------- Invoking toplevel() on ptolemy.moml.MoMLSimpleApplication@72bf3e01
----------------- Done invoking toplevel() on ptolemy.moml.MoMLSimpleApplication@72bf3e01
reloadAllAccessors: .CycleOfImmediateTransitionsModal
----------------- testing Thu May 31 02:20:55 UTC 2018 /home/travis/build/icyphy/ptII/ptolemy/domains/modal/test/auto/CycleOfImmediateTransitionsModal2.xml
----------------- Instantiating /home/travis/build/icyphy/ptII/ptolemy/domains/modal/test/auto/CycleOfImmediateTransitionsModal2.xml
4 ms. Memory: 577536K Free: 438255K (76%)
----------------- Invoking toplevel() on ptolemy.moml.MoMLSimpleApplication@4a580b7a
----------------- Done invoking toplevel() on ptolemy.moml.MoMLSimpleApplication@4a580b7a
reloadAllAccessors: .CycleOfImmediateTransitionsModal2
----------------- testing Thu May 31 02:20:55 UTC 2018 /home/travis/build/icyphy/ptII/ptolemy/domains/modal/test/auto/CycleOfImmediateTransitionsModal3.xml
----------------- Instantiating /home/travis/build/icyphy/ptII/ptolemy/domains/modal/test/auto/CycleOfImmediateTransitionsModal3.xml
10 ms. Memory: 577536K Free: 405781K (70%)
----------------- Invoking toplevel() on ptolemy.moml.MoMLSimpleApplication@433a37ab
----------------- Done invoking toplevel() on ptolemy.moml.MoMLSimpleApplication@433a37ab
reloadAllAccessors: .CycleOfImmediateTransitionsModal3
----------------- testing Thu May 31 02:20:55 UTC 2018 /home/travis/build/icyphy/ptII/ptolemy/domains/modal/test/auto/DeepModal1.xml
----------------- Instantiating /home/travis/build/icyphy/ptII/ptolemy/domains/modal/test/auto/DeepModal1.xml
24 ms. Memory: 577536K Free: 386216K (67%)
----------------- Invoking toplevel() on ptolemy.moml.MoMLSimpleApplication@4d30a090
----------------- Done invoking toplevel() on ptolemy.moml.MoMLSimpleApplication@4d30a090
reloadAllAccessors: .DeepModal1
----------------- testing Thu May 31 02:20:55 UTC 2018 /home/travis/build/icyphy/ptII/ptolemy/domains/modal/test/auto/DeepModal2.xml
----------------- Instantiating /home/travis/build/icyphy/ptII/ptolemy/domains/modal/test/auto/DeepModal2.xml
24 ms. Memory: 577536K Free: 363413K (63%)
----------------- Invoking toplevel() on ptolemy.moml.MoMLSimpleApplication@6abdebc9
----------------- Done invoking toplevel() on ptolemy.moml.MoMLSimpleApplication@6abdebc9
reloadAllAccessors: .DeepModal2
----------------- testing Thu May 31 02:20:56 UTC 2018 /home/travis/build/icyphy/ptII/ptolemy/domains/modal/test/auto/DeepModal3.xml
----------------- Instantiating /home/travis/build/icyphy/ptII/ptolemy/domains/modal/test/auto/DeepModal3.xml
16 ms. Memory: 577536K Free: 340594K (59%)
----------------- Invoking toplevel() on ptolemy.moml.MoMLSimpleApplication@213856d4
----------------- Done invoking toplevel() on ptolemy.moml.MoMLSimpleApplication@213856d4
reloadAllAccessors: .DeepModal3
----------------- testing Thu May 31 02:20:56 UTC 2018 /home/travis/build/icyphy/ptII/ptolemy/domains/modal/test/auto/DeepModal4.xml
----------------- Instantiating /home/travis/build/icyphy/ptII/ptolemy/domains/modal/test/auto/DeepModal4.xml
35 ms. Memory: 577536K Free: 314643K (54%)
----------------- Invoking toplevel() on ptolemy.moml.MoMLSimpleApplication@1d58131a
----------------- Done invoking toplevel() on ptolemy.moml.MoMLSimpleApplication@1d58131a
reloadAllAccessors: .DeepModal4
----------------- testing Thu May 31 02:20:56 UTC 2018 /home/travis/build/icyphy/ptII/ptolemy/domains/modal/test/auto/Default1.xml
----------------- Instantiating /home/travis/build/icyphy/ptII/ptolemy/domains/modal/test/auto/Default1.xml
7 ms. Memory: 577536K Free: 304868K (53%)
----------------- Invoking toplevel() on ptolemy.moml.MoMLSimpleApplication@7ff7478a
----------------- Done invoking toplevel() on ptolemy.moml.MoMLSimpleApplication@7ff7478a
reloadAllAccessors: .Default1
----------------- testing Thu May 31 02:20:56 UTC 2018 /home/travis/build/icyphy/ptII/ptolemy/domains/modal/test/auto/Default2.xml
----------------- Instantiating /home/travis/build/icyphy/ptII/ptolemy/domains/modal/test/auto/Default2.xml
3 ms. Memory: 577536K Free: 295102K (51%)
----------------- Invoking toplevel() on ptolemy.moml.MoMLSimpleApplication@61983739
----------------- Done invoking toplevel() on ptolemy.moml.MoMLSimpleApplication@61983739
reloadAllAccessors: .Default2
----------------- testing Thu May 31 02:20:56 UTC 2018 /home/travis/build/icyphy/ptII/ptolemy/domains/modal/test/auto/Default3.xml
----------------- Instantiating /home/travis/build/icyphy/ptII/ptolemy/domains/modal/test/auto/Default3.xml
3 ms. Memory: 577536K Free: 285327K (49%)
----------------- Invoking toplevel() on ptolemy.moml.MoMLSimpleApplication@45b50f5
----------------- Done invoking toplevel() on ptolemy.moml.MoMLSimpleApplication@45b50f5
reloadAllAccessors: .Default3
----------------- testing Thu May 31 02:20:56 UTC 2018 /home/travis/build/icyphy/ptII/ptolemy/domains/modal/test/auto/Default4.xml
----------------- Instantiating /home/travis/build/icyphy/ptII/ptolemy/domains/modal/test/auto/Default4.xml
4 ms. Memory: 577536K Free: 272435K (47%)
----------------- Invoking toplevel() on ptolemy.moml.MoMLSimpleApplication@58667e5
----------------- Done invoking toplevel() on ptolemy.moml.MoMLSimpleApplication@58667e5
reloadAllAccessors: .Default4
----------------- testing Thu May 31 02:20:56 UTC 2018 /home/travis/build/icyphy/ptII/ptolemy/domains/modal/test/auto/Default5.xml
----------------- Instantiating /home/travis/build/icyphy/ptII/ptolemy/domains/modal/test/auto/Default5.xml
12 ms. Memory: 577536K Free: 259423K (45%)
----------------- Invoking toplevel() on ptolemy.moml.MoMLSimpleApplication@7de2197b
----------------- Done invoking toplevel() on ptolemy.moml.MoMLSimpleApplication@7de2197b
reloadAllAccessors: .Default5
----------------- testing Thu May 31 02:20:56 UTC 2018 /home/travis/build/icyphy/ptII/ptolemy/domains/modal/test/auto/EmptyGuard.xml
----------------- Instantiating /home/travis/build/icyphy/ptII/ptolemy/domains/modal/test/auto/EmptyGuard.xml
9 ms. Memory: 577536K Free: 249648K (43%)
----------------- Invoking toplevel() on ptolemy.moml.MoMLSimpleApplication@7b50fc79
----------------- Done invoking toplevel() on ptolemy.moml.MoMLSimpleApplication@7b50fc79
reloadAllAccessors: .EmptyGuard
----------------- testing Thu May 31 02:20:56 UTC 2018 /home/travis/build/icyphy/ptII/ptolemy/domains/modal/test/auto/ErrorTransition1.xml
----------------- Instantiating /home/travis/build/icyphy/ptII/ptolemy/domains/modal/test/auto/ErrorTransition1.xml
10 ms. Memory: 577536K Free: 236628K (41%)
----------------- Invoking toplevel() on ptolemy.moml.MoMLSimpleApplication@155b4ca2
----------------- Done invoking toplevel() on ptolemy.moml.MoMLSimpleApplication@155b4ca2
reloadAllAccessors: .ErrorTransition1
----------------- testing Thu May 31 02:20:56 UTC 2018 /home/travis/build/icyphy/ptII/ptolemy/domains/modal/test/auto/ErrorTransition10.xml
----------------- Instantiating /home/travis/build/icyphy/ptII/ptolemy/domains/modal/test/auto/ErrorTransition10.xml
11 ms. Memory: 577536K Free: 217199K (38%)
----------------- Invoking toplevel() on ptolemy.moml.MoMLSimpleApplication@71f9b98e
----------------- Done invoking toplevel() on ptolemy.moml.MoMLSimpleApplication@71f9b98e
reloadAllAccessors: .ErrorTransition10
----------------- testing Thu May 31 02:20:56 UTC 2018 /home/travis/build/icyphy/ptII/ptolemy/domains/modal/test/auto/ErrorTransition11.xml
----------------- Instantiating /home/travis/build/icyphy/ptII/ptolemy/domains/modal/test/auto/ErrorTransition11.xml
4 ms. Memory: 577536K Free: 200902K (35%)
----------------- Invoking toplevel() on ptolemy.moml.MoMLSimpleApplication@17aae252
----------------- Done invoking toplevel() on ptolemy.moml.MoMLSimpleApplication@17aae252
reloadAllAccessors: .ErrorTransition11
----------------- testing Thu May 31 02:20:56 UTC 2018 /home/travis/build/icyphy/ptII/ptolemy/domains/modal/test/auto/ErrorTransition2.xml
----------------- Instantiating /home/travis/build/icyphy/ptII/ptolemy/domains/modal/test/auto/ErrorTransition2.xml
6 ms. Memory: 577536K Free: 187882K (33%)
----------------- Invoking toplevel() on ptolemy.moml.MoMLSimpleApplication@5629ea9c
----------------- Done invoking toplevel() on ptolemy.moml.MoMLSimpleApplication@5629ea9c
reloadAllAccessors: .ErrorTransition2
----------------- testing Thu May 31 02:20:56 UTC 2018 /home/travis/build/icyphy/ptII/ptolemy/domains/modal/test/auto/ErrorTransition3.xml
----------------- Instantiating /home/travis/build/icyphy/ptII/ptolemy/domains/modal/test/auto/ErrorTransition3.xml
9 ms. Memory: 577536K Free: 174854K (30%)
----------------- Invoking toplevel() on ptolemy.moml.MoMLSimpleApplication@7d574bc4
----------------- Done invoking toplevel() on ptolemy.moml.MoMLSimpleApplication@7d574bc4
reloadAllAccessors: .ErrorTransition3
----------------- testing Thu May 31 02:20:56 UTC 2018 /home/travis/build/icyphy/ptII/ptolemy/domains/modal/test/auto/ErrorTransition4.xml
----------------- Instantiating /home/travis/build/icyphy/ptII/ptolemy/domains/modal/test/auto/ErrorTransition4.xml
9 ms. Memory: 577536K Free: 158694K (27%)
----------------- Invoking toplevel() on ptolemy.moml.MoMLSimpleApplication@164f51e7
----------------- Done invoking toplevel() on ptolemy.moml.MoMLSimpleApplication@164f51e7
reloadAllAccessors: .ErrorTransition4
----------------- testing Thu May 31 02:20:56 UTC 2018 /home/travis/build/icyphy/ptII/ptolemy/domains/modal/test/auto/ErrorTransition5.xml
----------------- Instantiating /home/travis/build/icyphy/ptII/ptolemy/domains/modal/test/auto/ErrorTransition5.xml
5 ms. Memory: 577536K Free: 145674K (25%)
----------------- Invoking toplevel() on ptolemy.moml.MoMLSimpleApplication@2af80fe8
----------------- Done invoking toplevel() on ptolemy.moml.MoMLSimpleApplication@2af80fe8
reloadAllAccessors: .ErrorTransition5
----------------- testing Thu May 31 02:20:56 UTC 2018 /home/travis/build/icyphy/ptII/ptolemy/domains/modal/test/auto/ErrorTransition6.xml
----------------- Instantiating /home/travis/build/icyphy/ptII/ptolemy/domains/modal/test/auto/ErrorTransition6.xml
7 ms. Memory: 577536K Free: 132647K (23%)
----------------- Invoking toplevel() on ptolemy.moml.MoMLSimpleApplication@797419db
----------------- Done invoking toplevel() on ptolemy.moml.MoMLSimpleApplication@797419db
reloadAllAccessors: .ErrorTransition6
----------------- testing Thu May 31 02:20:56 UTC 2018 /home/travis/build/icyphy/ptII/ptolemy/domains/modal/test/auto/ErrorTransition7.xml
----------------- Instantiating /home/travis/build/icyphy/ptII/ptolemy/domains/modal/test/auto/ErrorTransition7.xml
9 ms. Memory: 577536K Free: 116358K (20%)
----------------- Invoking toplevel() on ptolemy.moml.MoMLSimpleApplication@2637ed79
----------------- Done invoking toplevel() on ptolemy.moml.MoMLSimpleApplication@2637ed79
reloadAllAccessors: .ErrorTransition7
----------------- testing Thu May 31 02:20:56 UTC 2018 /home/travis/build/icyphy/ptII/ptolemy/domains/modal/test/auto/ErrorTransition8.xml
----------------- Instantiating /home/travis/build/icyphy/ptII/ptolemy/domains/modal/test/auto/ErrorTransition8.xml
30 ms. Memory: 577536K Free: 96929K (17%)
----------------- Invoking toplevel() on ptolemy.moml.MoMLSimpleApplication@67aa89eb
----------------- Done invoking toplevel() on ptolemy.moml.MoMLSimpleApplication@67aa89eb
reloadAllAccessors: .ErrorTransition8
----------------- testing Thu May 31 02:20:56 UTC 2018 /home/travis/build/icyphy/ptII/ptolemy/domains/modal/test/auto/ErrorTransition9.xml
----------------- Instantiating /home/travis/build/icyphy/ptII/ptolemy/domains/modal/test/auto/ErrorTransition9.xml
11 ms. Memory: 577536K Free: 80632K (14%)
----------------- Invoking toplevel() on ptolemy.moml.MoMLSimpleApplication@70503058
----------------- Done invoking toplevel() on ptolemy.moml.MoMLSimpleApplication@70503058
reloadAllAccessors: .ErrorTransition9
----------------- testing Thu May 31 02:20:56 UTC 2018 /home/travis/build/icyphy/ptII/ptolemy/domains/modal/test/auto/ExtendedFSM.xml
----------------- Instantiating /home/travis/build/icyphy/ptII/ptolemy/domains/modal/test/auto/ExtendedFSM.xml
5 ms. Memory: 578048K Free: 557416K (96%)
----------------- Invoking toplevel() on ptolemy.moml.MoMLSimpleApplication@76d9222
----------------- Done invoking toplevel() on ptolemy.moml.MoMLSimpleApplication@76d9222
reloadAllAccessors: .ExtendedFSM
----------------- testing Thu May 31 02:20:56 UTC 2018 /home/travis/build/icyphy/ptII/ptolemy/domains/modal/test/auto/FinalStates.xml
----------------- Instantiating /home/travis/build/icyphy/ptII/ptolemy/domains/modal/test/auto/FinalStates.xml
4 ms. Memory: 578048K Free: 545441K (94%)
----------------- Invoking toplevel() on ptolemy.moml.MoMLSimpleApplication@1f1bfb31
----------------- Done invoking toplevel() on ptolemy.moml.MoMLSimpleApplication@1f1bfb31
reloadAllAccessors: .FinalStates
----------------- testing Thu May 31 02:20:56 UTC 2018 /home/travis/build/icyphy/ptII/ptolemy/domains/modal/test/auto/FixedPointFSM.xml
----------------- Instantiating /home/travis/build/icyphy/ptII/ptolemy/domains/modal/test/auto/FixedPointFSM.xml
20 ms. Memory: 578048K Free: 525719K (91%)
----------------- Invoking toplevel() on ptolemy.moml.MoMLSimpleApplication@5bbeaff1
----------------- Done invoking toplevel() on ptolemy.moml.MoMLSimpleApplication@5bbeaff1
reloadAllAccessors: .FixedPointFSM
----------------- testing Thu May 31 02:20:56 UTC 2018 /home/travis/build/icyphy/ptII/ptolemy/domains/modal/test/auto/FixedPointIterationFSMActor.xml
----------------- Instantiating /home/travis/build/icyphy/ptII/ptolemy/domains/modal/test/auto/FixedPointIterationFSMActor.xml
6 ms. Memory: 578048K Free: 510490K (88%)
----------------- Invoking toplevel() on ptolemy.moml.MoMLSimpleApplication@77cc0303
----------------- Done invoking toplevel() on ptolemy.moml.MoMLSimpleApplication@77cc0303
reloadAllAccessors: .FixedPointIterationFSMActor
----------------- testing Thu May 31 02:20:56 UTC 2018 /home/travis/build/icyphy/ptII/ptolemy/domains/modal/test/auto/FixedPointIterationFSMActor2.xml
----------------- Instantiating /home/travis/build/icyphy/ptII/ptolemy/domains/modal/test/auto/FixedPointIterationFSMActor2.xml
15 ms. Memory: 578048K Free: 494225K (85%)
----------------- Invoking toplevel() on ptolemy.moml.MoMLSimpleApplication@1b1231cf
----------------- Done invoking toplevel() on ptolemy.moml.MoMLSimpleApplication@1b1231cf
reloadAllAccessors: .FixedPointIterationFSMActor2
----------------- testing Thu May 31 02:20:57 UTC 2018 /home/travis/build/icyphy/ptII/ptolemy/domains/modal/test/auto/ForbiddenInstantanousLoop.xml
----------------- Instantiating /home/travis/build/icyphy/ptII/ptolemy/domains/modal/test/auto/ForbiddenInstantanousLoop.xml
6 ms. Memory: 578048K Free: 477929K (83%)
----------------- Invoking toplevel() on ptolemy.moml.MoMLSimpleApplication@2e7be0df
----------------- Done invoking toplevel() on ptolemy.moml.MoMLSimpleApplication@2e7be0df
reloadAllAccessors: .ForbiddenInstantanousLoop
----------------- testing Thu May 31 02:20:57 UTC 2018 /home/travis/build/icyphy/ptII/ptolemy/domains/modal/test/auto/FunctionDependencyOfFSMActorTest.xml
----------------- Instantiating /home/travis/build/icyphy/ptII/ptolemy/domains/modal/test/auto/FunctionDependencyOfFSMActorTest.xml
5 ms. Memory: 578048K Free: 465960K (81%)
----------------- Invoking toplevel() on ptolemy.moml.MoMLSimpleApplication@29c8be94
----------------- Done invoking toplevel() on ptolemy.moml.MoMLSimpleApplication@29c8be94
reloadAllAccessors: .FunctionDependencyOfFSMActorTest
----------------- testing Thu May 31 02:20:57 UTC 2018 /home/travis/build/icyphy/ptII/ptolemy/domains/modal/test/auto/GuardExpression.xml
----------------- Instantiating /home/travis/build/icyphy/ptII/ptolemy/domains/modal/test/auto/GuardExpression.xml
2 ms. Memory: 578048K Free: 456194K (79%)
----------------- Invoking toplevel() on ptolemy.moml.MoMLSimpleApplication@7a931d06
----------------- Done invoking toplevel() on ptolemy.moml.MoMLSimpleApplication@7a931d06
reloadAllAccessors: .GuardExpression
----------------- testing Thu May 31 02:20:57 UTC 2018 /home/travis/build/icyphy/ptII/ptolemy/domains/modal/test/auto/GuardNotEvaluated.xml
----------------- Instantiating /home/travis/build/icyphy/ptII/ptolemy/domains/modal/test/auto/GuardNotEvaluated.xml
4 ms. Memory: 578048K Free: 443166K (77%)
----------------- Invoking toplevel() on ptolemy.moml.MoMLSimpleApplication@1e709925
----------------- Done invoking toplevel() on ptolemy.moml.MoMLSimpleApplication@1e709925
reloadAllAccessors: .GuardNotEvaluated
----------------- testing Thu May 31 02:20:57 UTC 2018 /home/travis/build/icyphy/ptII/ptolemy/domains/modal/test/auto/GuardNotEvaluated2.xml
----------------- Instantiating /home/travis/build/icyphy/ptII/ptolemy/domains/modal/test/auto/GuardNotEvaluated2.xml
9 ms. Memory: 578048K Free: 427937K (74%)
----------------- Invoking toplevel() on ptolemy.moml.MoMLSimpleApplication@6188f5a6
----------------- Done invoking toplevel() on ptolemy.moml.MoMLSimpleApplication@6188f5a6
reloadAllAccessors: .GuardNotEvaluated2
----------------- testing Thu May 31 02:20:57 UTC 2018 /home/travis/build/icyphy/ptII/ptolemy/domains/modal/test/auto/GuardOnAbsent.xml
----------------- Instantiating /home/travis/build/icyphy/ptII/ptolemy/domains/modal/test/auto/GuardOnAbsent.xml
4 ms. Memory: 578048K Free: 418178K (72%)
----------------- Invoking toplevel() on ptolemy.moml.MoMLSimpleApplication@3ce6afa0
----------------- Done invoking toplevel() on ptolemy.moml.MoMLSimpleApplication@3ce6afa0
reloadAllAccessors: .GuardOnAbsent
----------------- testing Thu May 31 02:20:57 UTC 2018 /home/travis/build/icyphy/ptII/ptolemy/domains/modal/test/auto/HierarchicalFSMTypeInference.xml
----------------- Instantiating /home/travis/build/icyphy/ptII/ptolemy/domains/modal/test/auto/HierarchicalFSMTypeInference.xml
5 ms. Memory: 578048K Free: 401897K (70%)
----------------- Invoking toplevel() on ptolemy.moml.MoMLSimpleApplication@192ce740
----------------- Done invoking toplevel() on ptolemy.moml.MoMLSimpleApplication@192ce740
reloadAllAccessors: .HierarchicalFSMTypeInference
----------------- testing Thu May 31 02:20:57 UTC 2018 /home/travis/build/icyphy/ptII/ptolemy/domains/modal/test/auto/Hysteresis.xml
----------------- Instantiating /home/travis/build/icyphy/ptII/ptolemy/domains/modal/test/auto/Hysteresis.xml
11 ms. Memory: 578048K Free: 380163K (66%)
----------------- Invoking toplevel() on ptolemy.moml.MoMLSimpleApplication@7d5cb531
----------------- Done invoking toplevel() on ptolemy.moml.MoMLSimpleApplication@7d5cb531
reloadAllAccessors: .Hysteresis
----------------- testing Thu May 31 02:20:57 UTC 2018 /home/travis/build/icyphy/ptII/ptolemy/domains/modal/test/auto/HysteresisWithDefault.xml
----------------- Instantiating /home/travis/build/icyphy/ptII/ptolemy/domains/modal/test/auto/HysteresisWithDefault.xml
36 ms. Memory: 578048K Free: 354075K (61%)
----------------- Invoking toplevel() on ptolemy.moml.MoMLSimpleApplication@2363eca5
----------------- Done invoking toplevel() on ptolemy.moml.MoMLSimpleApplication@2363eca5
reloadAllAccessors: .HysteresisWithDefault
----------------- testing Thu May 31 02:20:57 UTC 2018 /home/travis/build/icyphy/ptII/ptolemy/domains/modal/test/auto/HysteresisWithDefault2.xml
----------------- Instantiating /home/travis/build/icyphy/ptII/ptolemy/domains/modal/test/auto/HysteresisWithDefault2.xml
43 ms. Memory: 578048K Free: 319273K (55%)
----------------- Invoking toplevel() on ptolemy.moml.MoMLSimpleApplication@78e353e8
----------------- Done invoking toplevel() on ptolemy.moml.MoMLSimpleApplication@78e353e8
reloadAllAccessors: .HysteresisWithDefault2
----------------- testing Thu May 31 02:20:57 UTC 2018 /home/travis/build/icyphy/ptII/ptolemy/domains/modal/test/auto/ImmediateNonConstructiveness.xml
----------------- Instantiating /home/travis/build/icyphy/ptII/ptolemy/domains/modal/test/auto/ImmediateNonConstructiveness.xml
3 ms. Memory: 578048K Free: 309506K (54%)
----------------- Invoking toplevel() on ptolemy.moml.MoMLSimpleApplication@1cec8f16
----------------- Done invoking toplevel() on ptolemy.moml.MoMLSimpleApplication@1cec8f16
reloadAllAccessors: .ImmediateNonConstructiveness
----------------- testing Thu May 31 02:20:57 UTC 2018 /home/travis/build/icyphy/ptII/ptolemy/domains/modal/test/auto/ImmediateNonConstructiveness2.xml
----------------- Instantiating /home/travis/build/icyphy/ptII/ptolemy/domains/modal/test/auto/ImmediateNonConstructiveness2.xml
2 ms. Memory: 578048K Free: 299731K (52%)
----------------- Invoking toplevel() on ptolemy.moml.MoMLSimpleApplication@4ac7796
----------------- Done invoking toplevel() on ptolemy.moml.MoMLSimpleApplication@4ac7796
reloadAllAccessors: .ImmediateNonConstructiveness2
----------------- testing Thu May 31 02:20:57 UTC 2018 /home/travis/build/icyphy/ptII/ptolemy/domains/modal/test/auto/ImmediateTransitionReset.xml
----------------- Instantiating /home/travis/build/icyphy/ptII/ptolemy/domains/modal/test/auto/ImmediateTransitionReset.xml
6 ms. Memory: 578048K Free: 281249K (49%)
----------------- Invoking toplevel() on ptolemy.moml.MoMLSimpleApplication@1bcef002
----------------- Done invoking toplevel() on ptolemy.moml.MoMLSimpleApplication@1bcef002
reloadAllAccessors: .ImmediateTransitionReset
----------------- testing Thu May 31 02:20:57 UTC 2018 /home/travis/build/icyphy/ptII/ptolemy/domains/modal/test/auto/ImmediateTransitions1.xml
----------------- Instantiating /home/travis/build/icyphy/ptII/ptolemy/domains/modal/test/auto/ImmediateTransitions1.xml
1 ms. Memory: 578048K Free: 271474K (47%)
----------------- Invoking toplevel() on ptolemy.moml.MoMLSimpleApplication@3b1a77f3
----------------- Done invoking toplevel() on ptolemy.moml.MoMLSimpleApplication@3b1a77f3
reloadAllAccessors: .ImmediateTransitions1
----------------- testing Thu May 31 02:20:57 UTC 2018 /home/travis/build/icyphy/ptII/ptolemy/domains/modal/test/auto/ImmediateTransitionsInstantaneousCommunication.xml
----------------- Instantiating /home/travis/build/icyphy/ptII/ptolemy/domains/modal/test/auto/ImmediateTransitionsInstantaneousCommunication.xml
7 ms. Memory: 578048K Free: 255186K (44%)
----------------- Invoking toplevel() on ptolemy.moml.MoMLSimpleApplication@346d3d82
----------------- Done invoking toplevel() on ptolemy.moml.MoMLSimpleApplication@346d3d82
reloadAllAccessors: .ImmediateTransitionsInstantaneousCommunication
----------------- testing Thu May 31 02:20:57 UTC 2018 /home/travis/build/icyphy/ptII/ptolemy/domains/modal/test/auto/InitialImmediateTransition.xml
----------------- Instantiating /home/travis/build/icyphy/ptII/ptolemy/domains/modal/test/auto/InitialImmediateTransition.xml
3 ms. Memory: 578048K Free: 243210K (42%)
----------------- Invoking toplevel() on ptolemy.moml.MoMLSimpleApplication@43317e25
----------------- Done invoking toplevel() on ptolemy.moml.MoMLSimpleApplication@43317e25
reloadAllAccessors: .InitialImmediateTransition
----------------- testing Thu May 31 02:20:57 UTC 2018 /home/travis/build/icyphy/ptII/ptolemy/domains/modal/test/auto/InitialOutputs.xml
----------------- Instantiating /home/travis/build/icyphy/ptII/ptolemy/domains/modal/test/auto/InitialOutputs.xml
2 ms. Memory: 578048K Free: 233451K (40%)
----------------- Invoking toplevel() on ptolemy.moml.MoMLSimpleApplication@151a77f2
----------------- Done invoking toplevel() on ptolemy.moml.MoMLSimpleApplication@151a77f2
reloadAllAccessors: .InitialOutputs
----------------- testing Thu May 31 02:20:57 UTC 2018 /home/travis/build/icyphy/ptII/ptolemy/domains/modal/test/auto/InitialStateTransition1.xml
----------------- Instantiating /home/travis/build/icyphy/ptII/ptolemy/domains/modal/test/auto/InitialStateTransition1.xml
2 ms. Memory: 578048K Free: 220439K (38%)
----------------- Invoking toplevel() on ptolemy.moml.MoMLSimpleApplication@4b693ef6
----------------- Done invoking toplevel() on ptolemy.moml.MoMLSimpleApplication@4b693ef6
reloadAllAccessors: .InitialStateTransition1
----------------- testing Thu May 31 02:20:57 UTC 2018 /home/travis/build/icyphy/ptII/ptolemy/domains/modal/test/auto/InitialStateTransition2.xml
----------------- Instantiating /home/travis/build/icyphy/ptII/ptolemy/domains/modal/test/auto/InitialStateTransition2.xml
.InitialStateTransition2.TestExceptionAttributeNonConstructive: initialize() was not invoked, but wrapup() was.  This is unusual, but not always a problem.  For example, exporting JNLP will do this.
1 ms. Memory: 578048K Free: 205210K (36%)
----------------- Invoking toplevel() on ptolemy.moml.MoMLSimpleApplication@17eede5a
----------------- Done invoking toplevel() on ptolemy.moml.MoMLSimpleApplication@17eede5a
reloadAllAccessors: .InitialStateTransition2
----------------- testing Thu May 31 02:20:57 UTC 2018 /home/travis/build/icyphy/ptII/ptolemy/domains/modal/test/auto/InitialStateTransition3.xml
----------------- Instantiating /home/travis/build/icyphy/ptII/ptolemy/domains/modal/test/auto/InitialStateTransition3.xml
4 ms. Memory: 578048K Free: 192190K (33%)
----------------- Invoking toplevel() on ptolemy.moml.MoMLSimpleApplication@6837f9b8
----------------- Done invoking toplevel() on ptolemy.moml.MoMLSimpleApplication@6837f9b8
reloadAllAccessors: .InitialStateTransition3
----------------- testing Thu May 31 02:20:57 UTC 2018 /home/travis/build/icyphy/ptII/ptolemy/domains/modal/test/auto/InitialStateTransition4.xml
----------------- Instantiating /home/travis/build/icyphy/ptII/ptolemy/domains/modal/test/auto/InitialStateTransition4.xml
4 ms. Memory: 578048K Free: 176961K (31%)
----------------- Invoking toplevel() on ptolemy.moml.MoMLSimpleApplication@75ae9837
----------------- Done invoking toplevel() on ptolemy.moml.MoMLSimpleApplication@75ae9837
reloadAllAccessors: .InitialStateTransition4
----------------- testing Thu May 31 02:20:57 UTC 2018 /home/travis/build/icyphy/ptII/ptolemy/domains/modal/test/auto/MalformedGuardExpressionNotCaught.xml
----------------- Instantiating /home/travis/build/icyphy/ptII/ptolemy/domains/modal/test/auto/MalformedGuardExpressionNotCaught.xml
2 ms. Memory: 578048K Free: 167187K (29%)
----------------- Invoking toplevel() on ptolemy.moml.MoMLSimpleApplication@49e5314
----------------- Done invoking toplevel() on ptolemy.moml.MoMLSimpleApplication@49e5314
reloadAllAccessors: .MalformedGuardExpressionNotCaught
----------------- testing Thu May 31 02:20:57 UTC 2018 /home/travis/build/icyphy/ptII/ptolemy/domains/modal/test/auto/ModalBSC.xml
----------------- Instantiating /home/travis/build/icyphy/ptII/ptolemy/domains/modal/test/auto/ModalBSC.xml
31 ms. Memory: 578048K Free: 134593K (23%)
----------------- Invoking toplevel() on ptolemy.moml.MoMLSimpleApplication@6dcd686f
----------------- Done invoking toplevel() on ptolemy.moml.MoMLSimpleApplication@6dcd686f
reloadAllAccessors: .ModalBSC
----------------- testing Thu May 31 02:20:57 UTC 2018 /home/travis/build/icyphy/ptII/ptolemy/domains/modal/test/auto/ModalClocks.xml
----------------- Instantiating /home/travis/build/icyphy/ptII/ptolemy/domains/modal/test/auto/ModalClocks.xml
32 ms. Memory: 578048K Free: 106328K (18%)
----------------- Invoking toplevel() on ptolemy.moml.MoMLSimpleApplication@4a2cce7f
----------------- Done invoking toplevel() on ptolemy.moml.MoMLSimpleApplication@4a2cce7f
reloadAllAccessors: .ModalClocks
----------------- testing Thu May 31 02:20:57 UTC 2018 /home/travis/build/icyphy/ptII/ptolemy/domains/modal/test/auto/ModalDelay.xml
----------------- Instantiating /home/travis/build/icyphy/ptII/ptolemy/domains/modal/test/auto/ModalDelay.xml
15 ms. Memory: 578048K Free: 86795K (15%)
----------------- Invoking toplevel() on ptolemy.moml.MoMLSimpleApplication@3db8c734
----------------- Done invoking toplevel() on ptolemy.moml.MoMLSimpleApplication@3db8c734
reloadAllAccessors: .ModalDelay
----------------- testing Thu May 31 02:20:57 UTC 2018 /home/travis/build/icyphy/ptII/ptolemy/domains/modal/test/auto/ModalDelay2.xml
----------------- Instantiating /home/travis/build/icyphy/ptII/ptolemy/domains/modal/test/auto/ModalDelay2.xml
14 ms. Memory: 870912K Free: 848949K (97%)
----------------- Invoking toplevel() on ptolemy.moml.MoMLSimpleApplication@7601a64a
----------------- Done invoking toplevel() on ptolemy.moml.MoMLSimpleApplication@7601a64a
reloadAllAccessors: .ModalDelay2
----------------- testing Thu May 31 02:20:57 UTC 2018 /home/travis/build/icyphy/ptII/ptolemy/domains/modal/test/auto/ModalModelFromMemo.xml
----------------- Instantiating /home/travis/build/icyphy/ptII/ptolemy/domains/modal/test/auto/ModalModelFromMemo.xml
15 ms. Memory: 870912K Free: 815148K (94%)
----------------- Invoking toplevel() on ptolemy.moml.MoMLSimpleApplication@2227dd5e
----------------- Done invoking toplevel() on ptolemy.moml.MoMLSimpleApplication@2227dd5e
reloadAllAccessors: .ModalModelFromMemo
----------------- testing Thu May 31 02:20:58 UTC 2018 /home/travis/build/icyphy/ptII/ptolemy/domains/modal/test/auto/ModalModelWithMultirateTransient.xml
----------------- Instantiating /home/travis/build/icyphy/ptII/ptolemy/domains/modal/test/auto/ModalModelWithMultirateTransient.xml
18 ms. Memory: 870912K Free: 794310K (91%)
----------------- Invoking toplevel() on ptolemy.moml.MoMLSimpleApplication@b835234
----------------- Done invoking toplevel() on ptolemy.moml.MoMLSimpleApplication@b835234
reloadAllAccessors: .ModalModelWithMultirateTransient
----------------- testing Thu May 31 02:20:58 UTC 2018 /home/travis/build/icyphy/ptII/ptolemy/domains/modal/test/auto/ModalModelWithReset.xml
----------------- Instantiating /home/travis/build/icyphy/ptII/ptolemy/domains/modal/test/auto/ModalModelWithReset.xml
21 ms. Memory: 870912K Free: 778694K (89%)
----------------- Invoking toplevel() on ptolemy.moml.MoMLSimpleApplication@5bc4b800
----------------- Done invoking toplevel() on ptolemy.moml.MoMLSimpleApplication@5bc4b800
reloadAllAccessors: .ModalModelWithReset
----------------- testing Thu May 31 02:20:58 UTC 2018 /home/travis/build/icyphy/ptII/ptolemy/domains/modal/test/auto/MouseClickFSM.xml
----------------- Instantiating /home/travis/build/icyphy/ptII/ptolemy/domains/modal/test/auto/MouseClickFSM.xml
17 ms. Memory: 870912K Free: 750082K (86%)
----------------- Invoking toplevel() on ptolemy.moml.MoMLSimpleApplication@c6dcacd
----------------- Done invoking toplevel() on ptolemy.moml.MoMLSimpleApplication@c6dcacd
reloadAllAccessors: .MouseClickFSM
----------------- testing Thu May 31 02:20:58 UTC 2018 /home/travis/build/icyphy/ptII/ptolemy/domains/modal/test/auto/MouseClickFSMModal.xml
----------------- Instantiating /home/travis/build/icyphy/ptII/ptolemy/domains/modal/test/auto/MouseClickFSMModal.xml
17 ms. Memory: 870912K Free: 734458K (84%)
----------------- Invoking toplevel() on ptolemy.moml.MoMLSimpleApplication@2d970c73
----------------- Done invoking toplevel() on ptolemy.moml.MoMLSimpleApplication@2d970c73
reloadAllAccessors: .MouseClickFSMModal
----------------- testing Thu May 31 02:20:58 UTC 2018 /home/travis/build/icyphy/ptII/ptolemy/domains/modal/test/auto/NonStrictFSM_FeedbackLoop.xml
----------------- Instantiating /home/travis/build/icyphy/ptII/ptolemy/domains/modal/test/auto/NonStrictFSM_FeedbackLoop.xml
31 ms. Memory: 870912K Free: 703210K (81%)
----------------- Invoking toplevel() on ptolemy.moml.MoMLSimpleApplication@6adea751
----------------- Done invoking toplevel() on ptolemy.moml.MoMLSimpleApplication@6adea751
reloadAllAccessors: .NonStrictFSM_FeedbackLoop
----------------- testing Thu May 31 02:20:58 UTC 2018 /home/travis/build/icyphy/ptII/ptolemy/domains/modal/test/auto/NonStrictFSM_FeedbackLoop_Refinement.xml
----------------- Instantiating /home/travis/build/icyphy/ptII/ptolemy/domains/modal/test/auto/NonStrictFSM_FeedbackLoop_Refinement.xml
37 ms. Memory: 870912K Free: 664203K (76%)
----------------- Invoking toplevel() on ptolemy.moml.MoMLSimpleApplication@26a68633
----------------- Done invoking toplevel() on ptolemy.moml.MoMLSimpleApplication@26a68633
reloadAllAccessors: .NonStrictFSM_FeedbackLoop_Refinement
----------------- testing Thu May 31 02:20:58 UTC 2018 /home/travis/build/icyphy/ptII/ptolemy/domains/modal/test/auto/NonStrictFSM_FeedbackLoop_preemptive.xml
----------------- Instantiating /home/travis/build/icyphy/ptII/ptolemy/domains/modal/test/auto/NonStrictFSM_FeedbackLoop_preemptive.xml
13 ms. Memory: 870912K Free: 627749K (72%)
----------------- Invoking toplevel() on ptolemy.moml.MoMLSimpleApplication@629f4edb
----------------- Done invoking toplevel() on ptolemy.moml.MoMLSimpleApplication@629f4edb
reloadAllAccessors: .NonStrictFSM_FeedbackLoop_preemptive
----------------- testing Thu May 31 02:20:58 UTC 2018 /home/travis/build/icyphy/ptII/ptolemy/domains/modal/test/auto/NormalTermination.xml
----------------- Instantiating /home/travis/build/icyphy/ptII/ptolemy/domains/modal/test/auto/NormalTermination.xml
11 ms. Memory: 870912K Free: 601706K (69%)
----------------- Invoking toplevel() on ptolemy.moml.MoMLSimpleApplication@e55e00f
----------------- Done invoking toplevel() on ptolemy.moml.MoMLSimpleApplication@e55e00f
reloadAllAccessors: .NormalTermination
----------------- testing Thu May 31 02:20:58 UTC 2018 /home/travis/build/icyphy/ptII/ptolemy/domains/modal/test/auto/Pong.xml
----------------- Instantiating /home/travis/build/icyphy/ptII/ptolemy/domains/modal/test/auto/Pong.xml
56 ms. Memory: 870912K Free: 573094K (66%)
----------------- Invoking toplevel() on ptolemy.moml.MoMLSimpleApplication@18bbb669
----------------- Done invoking toplevel() on ptolemy.moml.MoMLSimpleApplication@18bbb669
reloadAllAccessors: .Pong
[...]
2 ms. Memory: 870912K Free: 179982K (21%)
----------------- Invoking toplevel() on ptolemy.moml.MoMLSimpleApplication@7697c1d1
----------------- Done invoking toplevel() on ptolemy.moml.MoMLSimpleApplication@7697c1d1
reloadAllAccessors: .StrongImmediateTransition
----------------- testing Thu May 31 02:20:59 UTC 2018 /home/travis/build/icyphy/ptII/ptolemy/domains/modal/test/auto/SustainHierarchy.xml
----------------- Instantiating /home/travis/build/icyphy/ptII/ptolemy/domains/modal/test/auto/SustainHierarchy.xml
9 ms. Memory: 870912K Free: 156607K (18%)
----------------- Invoking toplevel() on ptolemy.moml.MoMLSimpleApplication@6fd5dfad
----------------- Done invoking toplevel() on ptolemy.moml.MoMLSimpleApplication@6fd5dfad
reloadAllAccessors: .SustainHierarchy
----------------- testing Thu May 31 02:20:59 UTC 2018 /home/travis/build/icyphy/ptII/ptolemy/domains/modal/test/auto/TerminationTransition1.xml
----------------- Instantiating /home/travis/build/icyphy/ptII/ptolemy/domains/modal/test/auto/TerminationTransition1.xml
2 ms. Memory: 870912K Free: 140975K (16%)
----------------- Invoking toplevel() on ptolemy.moml.MoMLSimpleApplication@546ab06a
----------------- Done invoking toplevel() on ptolemy.moml.MoMLSimpleApplication@546ab06a
reloadAllAccessors: .TerminationTransition1
----------------- testing Thu May 31 02:20:59 UTC 2018 /home/travis/build/icyphy/ptII/ptolemy/domains/modal/test/auto/TerminationTransition2.xml
----------------- Instantiating /home/travis/build/icyphy/ptII/ptolemy/domains/modal/test/auto/TerminationTransition2.xml
3 ms. Memory: 870912K Free: 125351K (14%)
----------------- Invoking toplevel() on ptolemy.moml.MoMLSimpleApplication@2cadd545
----------------- Done invoking toplevel() on ptolemy.moml.MoMLSimpleApplication@2cadd545
reloadAllAccessors: .TerminationTransition2
----------------- testing Thu May 31 02:20:59 UTC 2018 /home/travis/build/icyphy/ptII/ptolemy/domains/modal/test/auto/TerminationTransition3.xml
----------------- Instantiating /home/travis/build/icyphy/ptII/ptolemy/domains/modal/test/auto/TerminationTransition3.xml
2 ms. Memory: 870912K Free: 107165K (12%)
----------------- Invoking toplevel() on ptolemy.moml.MoMLSimpleApplication@53483d75
----------------- Done invoking toplevel() on ptolemy.moml.MoMLSimpleApplication@53483d75
reloadAllAccessors: .TerminationTransition3
----------------- testing Thu May 31 02:20:59 UTC 2018 /home/travis/build/icyphy/ptII/ptolemy/domains/modal/test/auto/TerminationTransition4.xml
----------------- Instantiating /home/travis/build/icyphy/ptII/ptolemy/domains/modal/test/auto/TerminationTransition4.xml
6 ms. Memory: 870912K Free: 86328K (10%)
----------------- Invoking toplevel() on ptolemy.moml.MoMLSimpleApplication@24bc5e46
----------------- Done invoking toplevel() on ptolemy.moml.MoMLSimpleApplication@24bc5e46
reloadAllAccessors: .TerminationTransition4
----------------- testing Thu May 31 02:20:59 UTC 2018 /home/travis/build/icyphy/ptII/ptolemy/domains/modal/test/auto/TerminationTransition5.xml
----------------- Instantiating /home/travis/build/icyphy/ptII/ptolemy/domains/modal/test/auto/TerminationTransition5.xml
2 ms. Memory: 870912K Free: 845918K (97%)
----------------- Invoking toplevel() on ptolemy.moml.MoMLSimpleApplication@30d79679
----------------- Done invoking toplevel() on ptolemy.moml.MoMLSimpleApplication@30d79679
reloadAllAccessors: .TerminationTransition5
----------------- testing Thu May 31 02:20:59 UTC 2018 /home/travis/build/icyphy/ptII/ptolemy/domains/modal/test/auto/TerminationTransition6.xml
----------------- Instantiating /home/travis/build/icyphy/ptII/ptolemy/domains/modal/test/auto/TerminationTransition6.xml
2 ms. Memory: 870912K Free: 828434K (95%)
----------------- Invoking toplevel() on ptolemy.moml.MoMLSimpleApplication@1e90ca0f
----------------- Done invoking toplevel() on ptolemy.moml.MoMLSimpleApplication@1e90ca0f
reloadAllAccessors: .TerminationTransition6
----------------- testing Thu May 31 02:20:59 UTC 2018 /home/travis/build/icyphy/ptII/ptolemy/domains/modal/test/auto/TerminationTransition7.xml
----------------- Instantiating /home/travis/build/icyphy/ptII/ptolemy/domains/modal/test/auto/TerminationTransition7.xml
3 ms. Memory: 870912K Free: 812696K (93%)
----------------- Invoking toplevel() on ptolemy.moml.MoMLSimpleApplication@1d41d62a
----------------- Done invoking toplevel() on ptolemy.moml.MoMLSimpleApplication@1d41d62a
reloadAllAccessors: .TerminationTransition7
----------------- testing Thu May 31 02:20:59 UTC 2018 /home/travis/build/icyphy/ptII/ptolemy/domains/modal/test/auto/TerminationTransition8.xml
----------------- Instantiating /home/travis/build/icyphy/ptII/ptolemy/domains/modal/test/auto/TerminationTransition8.xml
2 ms. Memory: 870912K Free: 795212K (91%)
----------------- Invoking toplevel() on ptolemy.moml.MoMLSimpleApplication@774b52a7
----------------- Done invoking toplevel() on ptolemy.moml.MoMLSimpleApplication@774b52a7
reloadAllAccessors: .TerminationTransition8
----------------- testing Thu May 31 02:20:59 UTC 2018 /home/travis/build/icyphy/ptII/ptolemy/domains/modal/test/auto/Thermostat_NoHysteresis.xml
----------------- Instantiating /home/travis/build/icyphy/ptII/ptolemy/domains/modal/test/auto/Thermostat_NoHysteresis.xml
20 ms. Memory: 870912K Free: 763948K (88%)
----------------- Invoking toplevel() on ptolemy.moml.MoMLSimpleApplication@6b858c2a
----------------- Done invoking toplevel() on ptolemy.moml.MoMLSimpleApplication@6b858c2a
reloadAllAccessors: .Thermostat_NoHysteresis
----------------- testing Thu May 31 02:20:59 UTC 2018 /home/travis/build/icyphy/ptII/ptolemy/domains/modal/test/auto/TimedFSM.xml
----------------- Instantiating /home/travis/build/icyphy/ptII/ptolemy/domains/modal/test/auto/TimedFSM.xml
6 ms. Memory: 870912K Free: 746464K (86%)
----------------- Invoking toplevel() on ptolemy.moml.MoMLSimpleApplication@658f5942
----------------- Done invoking toplevel() on ptolemy.moml.MoMLSimpleApplication@658f5942
reloadAllAccessors: .TimedFSM
----------------- testing Thu May 31 02:20:59 UTC 2018 /home/travis/build/icyphy/ptII/ptolemy/domains/modal/test/auto/Timeout1.xml
----------------- Instantiating /home/travis/build/icyphy/ptII/ptolemy/domains/modal/test/auto/Timeout1.xml
2 ms. Memory: 870912K Free: 736053K (85%)
----------------- Invoking toplevel() on ptolemy.moml.MoMLSimpleApplication@1a306192
----------------- Done invoking toplevel() on ptolemy.moml.MoMLSimpleApplication@1a306192
reloadAllAccessors: .Timeout1
----------------- testing Thu May 31 02:20:59 UTC 2018 /home/travis/build/icyphy/ptII/ptolemy/domains/modal/test/auto/Timeout2.xml
----------------- Instantiating /home/travis/build/icyphy/ptII/ptolemy/domains/modal/test/auto/Timeout2.xml
4 ms. Memory: 870912K Free: 718568K (83%)
----------------- Invoking toplevel() on ptolemy.moml.MoMLSimpleApplication@571ebf20
----------------- Done invoking toplevel() on ptolemy.moml.MoMLSimpleApplication@571ebf20
reloadAllAccessors: .Timeout2
----------------- testing Thu May 31 02:20:59 UTC 2018 /home/travis/build/icyphy/ptII/ptolemy/domains/modal/test/auto/Timeout3.xml
----------------- Instantiating /home/travis/build/icyphy/ptII/ptolemy/domains/modal/test/auto/Timeout3.xml
2 ms. Memory: 870912K Free: 708158K (81%)
----------------- Invoking toplevel() on ptolemy.moml.MoMLSimpleApplication@65c9d96e
----------------- Done invoking toplevel() on ptolemy.moml.MoMLSimpleApplication@65c9d96e
reloadAllAccessors: .Timeout3
----------------- testing Thu May 31 02:20:59 UTC 2018 /home/travis/build/icyphy/ptII/ptolemy/domains/modal/test/auto/Timeout4.xml
----------------- Instantiating /home/travis/build/icyphy/ptII/ptolemy/domains/modal/test/auto/Timeout4.xml
2 ms. Memory: 870912K Free: 695894K (80%)
----------------- Invoking toplevel() on ptolemy.moml.MoMLSimpleApplication@199a9161
----------------- Done invoking toplevel() on ptolemy.moml.MoMLSimpleApplication@199a9161
reloadAllAccessors: .Timeout4
----------------- testing Thu May 31 02:20:59 UTC 2018 /home/travis/build/icyphy/ptII/ptolemy/domains/modal/test/auto/TransientstateModelAdvanced.xml
----------------- Instantiating /home/travis/build/icyphy/ptII/ptolemy/domains/modal/test/auto/TransientstateModelAdvanced.xml
3 ms. Memory: 870912K Free: 675065K (78%)
----------------- Invoking toplevel() on ptolemy.moml.MoMLSimpleApplication@27a05641
----------------- Done invoking toplevel() on ptolemy.moml.MoMLSimpleApplication@27a05641
reloadAllAccessors: .TransientstateModelAdvanced
----------------- testing Thu May 31 02:20:59 UTC 2018 /home/travis/build/icyphy/ptII/ptolemy/domains/modal/test/auto/TransientstateModelAdvanced2.xml
----------------- Instantiating /home/travis/build/icyphy/ptII/ptolemy/domains/modal/test/auto/TransientstateModelAdvanced2.xml
2 ms. Memory: 870912K Free: 652375K (75%)
----------------- Invoking toplevel() on ptolemy.moml.MoMLSimpleApplication@63819545
----------------- Done invoking toplevel() on ptolemy.moml.MoMLSimpleApplication@63819545
reloadAllAccessors: .transientstatemodelAdvanced
----------------- testing Thu May 31 02:20:59 UTC 2018 /home/travis/build/icyphy/ptII/ptolemy/domains/modal/test/auto/TransitionRefinements.xml
----------------- Instantiating /home/travis/build/icyphy/ptII/ptolemy/domains/modal/test/auto/TransitionRefinements.xml
5 ms. Memory: 870912K Free: 636759K (73%)
----------------- Invoking toplevel() on ptolemy.moml.MoMLSimpleApplication@4f146e11
----------------- Done invoking toplevel() on ptolemy.moml.MoMLSimpleApplication@4f146e11
reloadAllAccessors: .TransitionRefinements
----------------- testing Thu May 31 02:20:59 UTC 2018 /home/travis/build/icyphy/ptII/ptolemy/domains/modal/test/auto/TwoRefinements1.xml
----------------- Instantiating /home/travis/build/icyphy/ptII/ptolemy/domains/modal/test/auto/TwoRefinements1.xml
2 ms. Memory: 870912K Free: 619274K (71%)
----------------- Invoking toplevel() on ptolemy.moml.MoMLSimpleApplication@1b40dba6
----------------- Done invoking toplevel() on ptolemy.moml.MoMLSimpleApplication@1b40dba6
reloadAllAccessors: .TwoRefinements1
----------------- testing Thu May 31 02:20:59 UTC 2018 /home/travis/build/icyphy/ptII/ptolemy/domains/modal/test/auto/TwoRefinements2.xml
----------------- Instantiating /home/travis/build/icyphy/ptII/ptolemy/domains/modal/test/auto/TwoRefinements2.xml
2 ms. Memory: 870912K Free: 603642K (69%)
----------------- Invoking toplevel() on ptolemy.moml.MoMLSimpleApplication@31367408
----------------- Done invoking toplevel() on ptolemy.moml.MoMLSimpleApplication@31367408
reloadAllAccessors: .TwoRefinements2
----------------- testing Thu May 31 02:21:00 UTC 2018 /home/travis/build/icyphy/ptII/ptolemy/domains/modal/test/auto/WeakImmediateTransition.xml
----------------- Instantiating /home/travis/build/icyphy/ptII/ptolemy/domains/modal/test/auto/WeakImmediateTransition.xml
2 ms. Memory: 870912K Free: 586158K (67%)
----------------- Invoking toplevel() on ptolemy.moml.MoMLSimpleApplication@2a7f8c95
----------------- Done invoking toplevel() on ptolemy.moml.MoMLSimpleApplication@2a7f8c95
reloadAllAccessors: .WeakImmediateTransition
----------------- testing Thu May 31 02:21:00 UTC 2018 /home/travis/build/icyphy/ptII/ptolemy/domains/modal/test/auto/booleanSelect.xml
----------------- Instantiating /home/travis/build/icyphy/ptII/ptolemy/domains/modal/test/auto/booleanSelect.xml
20 ms. Memory: 870912K Free: 560107K (64%)
----------------- Invoking toplevel() on ptolemy.moml.MoMLSimpleApplication@5e98f3eb
----------------- Done invoking toplevel() on ptolemy.moml.MoMLSimpleApplication@5e98f3eb
reloadAllAccessors: .booleanSelect
----------------- testing Thu May 31 02:21:00 UTC 2018 /home/travis/build/icyphy/ptII/ptolemy/domains/modal/test/auto/modalChangingParams.xml
----------------- Instantiating /home/travis/build/icyphy/ptII/ptolemy/domains/modal/test/auto/modalChangingParams.xml
0
1
0
2
4
6
8
7
0
2
4
6
8
13
0
2
4
6
8
19
0
2
4
6
8
25
0
2
4
6
8
31
0
2
4
6
8
37
0
2
4
6
8
43
0
2
4
6
8
49
0
2
4
6
8
55
0
2
4
6
8
61
0
2
4
6
8
67
0
2
4
6
8
73
0
2
4
6
8
79
0
2
4
6
8
85
0
2
4
6
8
91
0
2
4
6
8
97
0
2
4
6
8
103
0
2
4
6
8
109
0
2
4
6
8
115
0
2
4
6
8
121
0
2
4
6
8
127
0
2
4
6
8
133
0
2
4
6
8
139
0
2
4
6
8
145
0
2
4
6
8
151
0
2
4
6
8
157
0
2
4
6
8
163
0
2
4
6
8
169
0
2
4
6
8
175
0
2
4
6
8
181
0
2
4
6
8
187
0
2
4
6
8
193
0
2
4
6
8
199
0
2
4
6
8
205
0
2
4
6
8
211
0
2
4
6
8
217
0
2
4
6
8
223
0
2
4
6
8
229
0
2
4
6
8
235
0
2
4
6
8
241
0
2
4
6
8
247
0
2
4
6
8
253
0
2
4
6
8
259
0
2
4
6
8
265
0
2
4
6
8
271
0
2
4
6
8
277
0
2
4
6
8
283
0
2
4
6
8
289
0
2
4
6
8
295
0
2
4
6
8
301
0
2
4
6
8
307
0
2
4
6
8
313
0
2
4
6
8
319
0
2
4
6
8
325
0
2
4
6
8
331
0
2
4
6
8
337
0
2
4
6
8
343
0
2
4
6
8
349
0
2
4
6
8
355
0
2
4
6
8
361
0
2
4
6
8
367
0
2
4
6
8
373
0
2
4
6
8
379
0
2
4
6
8
385
0
2
4
6
8
391
0
2
4
6
8
397
0
2
4
6
8
403
0
2
4
6
8
409
0
2
4
6
8
415
0
2
4
6
8
421
0
2
4
6
8
427
0
2
4
6
8
433
0
2
4
6
8
439
0
2
4
6
8
445
0
2
4
6
8
451
0
2
4
6
8
457
0
2
4
6
8
463
0
2
4
6
8
469
0
2
4
6
8
475
0
2
4
6
8
481
0
2
4
6
8
487
0
2
4
6
8
493
0
2
4
6
8
499
0
2
4
6
8
505
0
2
4
6
8
511
0
2
4
6
8
517
0
2
4
6
8
523
0
2
4
6
8
529
0
2
4
6
8
535
0
2
4
6
8
541
0
2
4
6
8
547
0
2
4
6
8
553
0
2
4
6
8
559
0
2
4
6
8
565
0
2
4
6
8
571
0
2
4
6
8
577
0
2
4
6
8
583
0
2
4
6
8
589
0
2
4
6
8
595
0
2
4
6
8
601
0
2
4
6
8
607
0
2
4
6
8
613
0
2
4
6
8
619
0
2
4
6
8
625
0
2
4
6
8
631
0
2
4
6
8
637
0
2
4
6
8
643
0
2
4
6
8
649
0
2
4
6
8
655
0
2
4
6
8
661
0
2
4
6
8
667
0
2
4
6
8
673
0
2
4
6
8
679
0
2
4
6
8
685
0
2
4
6
8
691
0
2
4
6
8
697
0
2
4
6
8
703
0
2
4
6
8
709
0
2
4
6
8
715
0
2
4
6
8
721
0
2
4
6
8
727
0
2
4
6
8
733
0
2
4
6
8
739
0
2
4
6
8
745
0
2
4
6
8
751
0
2
4
6
8
757
0
2
4
6
8
763
0
2
4
6
8
769
0
2
4
6
8
775
0
2
4
6
8
781
0
2
4
6
8
787
0
2
4
6
8
793
0
2
4
6
8
799
0
2
4
6
8
805
0
2
4
6
8
811
0
2
4
6
8
817
0
2
4
6
8
823
0
2
4
6
8
829
0
2
4
6
8
835
0
2
4
6
8
841
0
2
4
6
8
847
0
2
4
6
8
853
0
2
4
6
8
859
0
2
4
6
8
865
0
2
4
6
8
871
0
2
4
6
8
877
0
2
4
6
8
883
0
2
4
6
8
889
0
2
4
6
8
895
0
2
4
6
8
901
0
2
4
6
8
907
0
2
4
6
8
913
0
2
4
6
8
919
0
2
4
6
8
925
0
2
4
6
8
931
0
2
4
6
8
937
0
2
4
6
8
943
0
2
4
6
8
949
0
2
4
6
8
955
0
2
4
6
8
961
0
2
4
6
8
967
0
2
4
6
8
973
0
2
4
6
8
979
0
2
4
6
8
985
0
2
4
6
8
991
0
2
4
6
8
997
0
2
173 ms. Memory: 870912K Free: 443457K (51%)
----------------- Invoking toplevel() on ptolemy.moml.MoMLSimpleApplication@62ddb08e
----------------- Done invoking toplevel() on ptolemy.moml.MoMLSimpleApplication@62ddb08e
reloadAllAccessors: .modalChangingParams
----------------- testing Thu May 31 02:21:00 UTC 2018 /home/travis/build/icyphy/ptII/ptolemy/domains/modal/test/auto/modalModel.xml
----------------- Instantiating /home/travis/build/icyphy/ptII/ptolemy/domains/modal/test/auto/modalModel.xml
4 ms. Memory: 870912K Free: 427825K (49%)
----------------- Invoking toplevel() on ptolemy.moml.MoMLSimpleApplication@5e930b97
----------------- Done invoking toplevel() on ptolemy.moml.MoMLSimpleApplication@5e930b97
reloadAllAccessors: .modalModel
----------------- testing Thu May 31 02:21:00 UTC 2018 /home/travis/build/icyphy/ptII/ptolemy/domains/modal/test/auto/modalModel2.xml
----------------- Instantiating /home/travis/build/icyphy/ptII/ptolemy/domains/modal/test/auto/modalModel2.xml
6 ms. Memory: 870912K Free: 412192K (47%)
----------------- Invoking toplevel() on ptolemy.moml.MoMLSimpleApplication@6f06aa95
----------------- Done invoking toplevel() on ptolemy.moml.MoMLSimpleApplication@6f06aa95
reloadAllAccessors: .modalModel2
----------------- testing Thu May 31 02:21:00 UTC 2018 /home/travis/build/icyphy/ptII/ptolemy/domains/modal/test/auto/modalModel3.xml
----------------- Instantiating /home/travis/build/icyphy/ptII/ptolemy/domains/modal/test/auto/modalModel3.xml
0	0	0
1	0	1
4	2	2
7	4	3
10	6	4
5	0	5
8	2	6
11	4	7
14	6	8
9	0	9
12	2	10
15	4	11
18	6	12
13	0	13
16	2	14
13 ms. Memory: 870912K Free: 394724K (45%)
----------------- Invoking toplevel() on ptolemy.moml.MoMLSimpleApplication@3eca7abd
----------------- Done invoking toplevel() on ptolemy.moml.MoMLSimpleApplication@3eca7abd
reloadAllAccessors: .modalModel3
----------------- testing Thu May 31 02:21:00 UTC 2018 /home/travis/build/icyphy/ptII/ptolemy/domains/modal/test/auto/model1.xml
----------------- Instantiating /home/travis/build/icyphy/ptII/ptolemy/domains/modal/test/auto/model1.xml
10 ms. Memory: 870912K Free: 384313K (44%)
----------------- Invoking toplevel() on ptolemy.moml.MoMLSimpleApplication@712b33ba
----------------- Done invoking toplevel() on ptolemy.moml.MoMLSimpleApplication@712b33ba
reloadAllAccessors: .model1
----------------- testing Thu May 31 02:21:00 UTC 2018 /home/travis/build/icyphy/ptII/ptolemy/domains/modal/test/auto/test-direct-in-out.xml
----------------- Instantiating /home/travis/build/icyphy/ptII/ptolemy/domains/modal/test/auto/test-direct-in-out.xml
4 ms. Memory: 870912K Free: 366829K (42%)
----------------- Invoking toplevel() on ptolemy.moml.MoMLSimpleApplication@62b3fca9
----------------- Done invoking toplevel() on ptolemy.moml.MoMLSimpleApplication@62b3fca9
reloadAllAccessors: .test-direct-in-out
AutoTests.java: About to close Vertx.
AutoTests.java: Vertx closed.
]]></system-out>
  <system-err><![CDATA[java.lang.RuntimeException: Execution failed
	at ptolemy.moml.MoMLSimpleApplication$UnloadThread.run(MoMLSimpleApplication.java:402)
Caused by: ptolemy.kernel.util.IllegalActionException: Unknown inputs remain. Possible causality loop:
L_model_1893289564i

  in .CannotAnalysisWithPreemption.model_1893289564_region_1 and .CannotAnalysisWithPreemption.model_1893289564_region_1.L_model_1893289564i
	at ptolemy.actor.sched.FixedPointDirector.postfire(FixedPointDirector.java:515)
	at ptolemy.domains.sr.kernel.SRDirector.postfire(SRDirector.java:417)
	at ptolemy.actor.CompositeActor.postfire(CompositeActor.java:1668)
	at ptolemy.actor.Manager.iterate(Manager.java:852)
	at ptolemy.actor.Manager.execute(Manager.java:369)
	at ptolemy.actor.Manager.run(Manager.java:1263)
	at ptolemy.actor.Manager$PtolemyRunThread.run(Manager.java:1915)
java.lang.reflect.InvocationTargetException
	at sun.reflect.NativeConstructorAccessorImpl.newInstance0(Native Method)
	at sun.reflect.NativeConstructorAccessorImpl.newInstance(NativeConstructorAccessorImpl.java:62)
	at sun.reflect.DelegatingConstructorAccessorImpl.newInstance(DelegatingConstructorAccessorImpl.java:45)
	at java.lang.reflect.Constructor.newInstance(Constructor.java:423)
	at ptolemy.util.test.junit.AutoKnownFailedTests.RunModel(AutoKnownFailedTests.java:107)
	at sun.reflect.NativeMethodAccessorImpl.invoke0(Native Method)
	at sun.reflect.NativeMethodAccessorImpl.invoke(NativeMethodAccessorImpl.java:62)
	at sun.reflect.DelegatingMethodAccessorImpl.invoke(DelegatingMethodAccessorImpl.java:43)
	at java.lang.reflect.Method.invoke(Method.java:498)
	at org.junit.runners.model.FrameworkMethod$1.runReflectiveCall(FrameworkMethod.java:44)
	at org.junit.internal.runners.model.ReflectiveCallable.run(ReflectiveCallable.java:15)
	at org.junit.runners.model.FrameworkMethod.invokeExplosively(FrameworkMethod.java:41)
	at junitparams.internal.InvokeParameterisedMethod.evaluate(InvokeParameterisedMethod.java:102)
	at org.junit.internal.runners.statements.FailOnTimeout$1.run(FailOnTimeout.java:28)
Caused by: ptolemy.kernel.util.IllegalActionException: Unknown inputs remain. Possible causality loop:
L_model_1893289564i

  in .CannotAnalysisWithPreemption.model_1893289564_region_1 and .CannotAnalysisWithPreemption.model_1893289564_region_1.L_model_1893289564i
	at ptolemy.actor.sched.FixedPointDirector.postfire(FixedPointDirector.java:515)
	at ptolemy.domains.sr.kernel.SRDirector.postfire(SRDirector.java:417)
	at ptolemy.actor.CompositeActor.postfire(CompositeActor.java:1668)
	at ptolemy.actor.Manager.iterate(Manager.java:852)
	at ptolemy.actor.Manager.execute(Manager.java:369)
	at ptolemy.actor.Manager.run(Manager.java:1263)
	at ptolemy.actor.Manager$PtolemyRunThread.run(Manager.java:1915)
]]></system-err>
</testsuite>
