<?xml version="1.0" encoding="UTF-8" ?>
<testsuite errors="0" failures="0" hostname="travis-job-ccba40a2-b4dd-4828-a064-b39809f4f537" name="ptolemy.domains.de.test.junit.JUnitTclTest" skipped="0" tests="101" time="127.435" timestamp="2018-05-13T01:03:08">
  <properties>
[...]
</properties>
  <testcase classname="ptolemy.util.test.junit.TclTests" name="[0] /home/travis/build/icyphy/ptII/ptolemy/domains/de/test/DependencyLoop.tcl (RunTclFile)" time="0.686" />
  <testcase classname="ptolemy.util.test.junit.TclTests" name="[1] /home/travis/build/icyphy/ptII/ptolemy/domains/de/test/RunDETestsAsQSS.tcl (RunTclFile)" time="87.697" />
  <testcase classname="ptolemy.util.test.junit.AutoKnownFailedTests" name="[0] /home/travis/build/icyphy/ptII/ptolemy/domains/de/test/auto/knownFailedTests/DESDFClockTest.xml (RunModel)" time="2.028" />
  <testcase classname="ptolemy.util.test.junit.AutoKnownFailedTests" name="[1] /home/travis/build/icyphy/ptII/ptolemy/domains/de/test/auto/knownFailedTests/DirectFeedback.xml (RunModel)" time="0.016" />
  <testcase classname="ptolemy.util.test.junit.AutoKnownFailedTests" name="[2] /home/travis/build/icyphy/ptII/ptolemy/domains/de/test/auto/knownFailedTests/FSMSource.xml (RunModel)" time="0.033" />
  <testcase classname="ptolemy.util.test.junit.AutoKnownFailedTests" name="[3] /home/travis/build/icyphy/ptII/ptolemy/domains/de/test/auto/knownFailedTests/HierarchicalModel.xml (RunModel)" time="0.047" />
  <testcase classname="ptolemy.util.test.junit.AutoKnownFailedTests" name="[4] /home/travis/build/icyphy/ptII/ptolemy/domains/de/test/auto/knownFailedTests/dependencyLoop.xml (RunModel)" time="0.031" />
  <testcase classname="ptolemy.util.test.junit.AutoKnownFailedTests" name="[5] /home/travis/build/icyphy/ptII/ptolemy/domains/de/test/auto/knownFailedTests/dependencyLoop2.xml (RunModel)" time="0.027" />
  <testcase classname="ptolemy.util.test.junit.AutoNameArchTests" name="[0] ThereAreNoAutoTests (RunModel)" time="0.004" />
  <testcase classname="ptolemy.util.test.junit.AutoTests" name="[0] /home/travis/build/icyphy/ptII/ptolemy/domains/de/test/auto/ActorDepthCalculation_actorWithoutPorts.xml (RunModel)" time="0.008" />
  <testcase classname="ptolemy.util.test.junit.AutoTests" name="[1] /home/travis/build/icyphy/ptII/ptolemy/domains/de/test/auto/AssemblyLine.xml (RunModel)" time="0.013" />
  <testcase classname="ptolemy.util.test.junit.AutoTests" name="[2] /home/travis/build/icyphy/ptII/ptolemy/domains/de/test/auto/CQBug1.xml (RunModel)" time="0.005" />
  <testcase classname="ptolemy.util.test.junit.AutoTests" name="[3] /home/travis/build/icyphy/ptII/ptolemy/domains/de/test/auto/CancelFireAt.xml (RunModel)" time="0.003" />
  <testcase classname="ptolemy.util.test.junit.AutoTests" name="[4] /home/travis/build/icyphy/ptII/ptolemy/domains/de/test/auto/CausalityAndComposabilityAnalysis.xml (RunModel)" time="0.007" />
  <testcase classname="ptolemy.util.test.junit.AutoTests" name="[5] /home/travis/build/icyphy/ptII/ptolemy/domains/de/test/auto/CausalityInterface1.xml (RunModel)" time="0.008" />
  <testcase classname="ptolemy.util.test.junit.AutoTests" name="[6] /home/travis/build/icyphy/ptII/ptolemy/domains/de/test/auto/CausalityInterface15.xml (RunModel)" time="0.008" />
  <testcase classname="ptolemy.util.test.junit.AutoTests" name="[7] /home/travis/build/icyphy/ptII/ptolemy/domains/de/test/auto/CausalityInterface2.xml (RunModel)" time="0.006" />
  <testcase classname="ptolemy.util.test.junit.AutoTests" name="[8] /home/travis/build/icyphy/ptII/ptolemy/domains/de/test/auto/CausalityInterface3.xml (RunModel)" time="0.008" />
  <testcase classname="ptolemy.util.test.junit.AutoTests" name="[9] /home/travis/build/icyphy/ptII/ptolemy/domains/de/test/auto/ClockDrift.xml (RunModel)" time="0.022" />
  <testcase classname="ptolemy.util.test.junit.AutoTests" name="[10] /home/travis/build/icyphy/ptII/ptolemy/domains/de/test/auto/ClockDriftAndValueChange.xml (RunModel)" time="0.024" />
  <testcase classname="ptolemy.util.test.junit.AutoTests" name="[11] /home/travis/build/icyphy/ptII/ptolemy/domains/de/test/auto/ClockDriftChange.xml (RunModel)" time="0.019" />
  <testcase classname="ptolemy.util.test.junit.AutoTests" name="[12] /home/travis/build/icyphy/ptII/ptolemy/domains/de/test/auto/ComposableCausalityAnalysis.xml (RunModel)" time="0.01" />
  <testcase classname="ptolemy.util.test.junit.AutoTests" name="[13] /home/travis/build/icyphy/ptII/ptolemy/domains/de/test/auto/DEFixedPointLimitation.xml (RunModel)" time="0.006" />
  <testcase classname="ptolemy.util.test.junit.AutoTests" name="[14] /home/travis/build/icyphy/ptII/ptolemy/domains/de/test/auto/DEScheduleTest.xml (RunModel)" time="0.007" />
  <testcase classname="ptolemy.util.test.junit.AutoTests" name="[15] /home/travis/build/icyphy/ptII/ptolemy/domains/de/test/auto/DEinDEwithStartTimes.xml (RunModel)" time="0.008" />
  <testcase classname="ptolemy.util.test.junit.AutoTests" name="[16] /home/travis/build/icyphy/ptII/ptolemy/domains/de/test/auto/DEinDEwithStartTimes2.xml (RunModel)" time="0.009" />
  <testcase classname="ptolemy.util.test.junit.AutoTests" name="[17] /home/travis/build/icyphy/ptII/ptolemy/domains/de/test/auto/DateDemo.xml (RunModel)" time="0.017" />
  <testcase classname="ptolemy.util.test.junit.AutoTests" name="[18] /home/travis/build/icyphy/ptII/ptolemy/domains/de/test/auto/DateToEvent.xml (RunModel)" time="2.033" />
  <testcase classname="ptolemy.util.test.junit.AutoTests" name="[19] /home/travis/build/icyphy/ptII/ptolemy/domains/de/test/auto/DepthTest1.xml (RunModel)" time="0.007" />
  <testcase classname="ptolemy.util.test.junit.AutoTests" name="[20] /home/travis/build/icyphy/ptII/ptolemy/domains/de/test/auto/DepthTest2.xml (RunModel)" time="0.01" />
  <testcase classname="ptolemy.util.test.junit.AutoTests" name="[21] /home/travis/build/icyphy/ptII/ptolemy/domains/de/test/auto/DepthTest3.xml (RunModel)" time="0.005" />
  <testcase classname="ptolemy.util.test.junit.AutoTests" name="[22] /home/travis/build/icyphy/ptII/ptolemy/domains/de/test/auto/DepthTest4.xml (RunModel)" time="0.007" />
  <testcase classname="ptolemy.util.test.junit.AutoTests" name="[23] /home/travis/build/icyphy/ptII/ptolemy/domains/de/test/auto/DepthTest5.xml (RunModel)" time="0.009" />
  <testcase classname="ptolemy.util.test.junit.AutoTests" name="[24] /home/travis/build/icyphy/ptII/ptolemy/domains/de/test/auto/DepthTest6.xml (RunModel)" time="0.008" />
  <testcase classname="ptolemy.util.test.junit.AutoTests" name="[25] /home/travis/build/icyphy/ptII/ptolemy/domains/de/test/auto/DepthTest7.xml (RunModel)" time="0.008" />
  <testcase classname="ptolemy.util.test.junit.AutoTests" name="[26] /home/travis/build/icyphy/ptII/ptolemy/domains/de/test/auto/EventToDate.xml (RunModel)" time="3.021" />
  <testcase classname="ptolemy.util.test.junit.AutoTests" name="[27] /home/travis/build/icyphy/ptII/ptolemy/domains/de/test/auto/FSM1.xml (RunModel)" time="0.018" />
  <testcase classname="ptolemy.util.test.junit.AutoTests" name="[28] /home/travis/build/icyphy/ptII/ptolemy/domains/de/test/auto/FSM7.xml (RunModel)" time="0.019" />
  <testcase classname="ptolemy.util.test.junit.AutoTests" name="[29] /home/travis/build/icyphy/ptII/ptolemy/domains/de/test/auto/Inspection.xml (RunModel)" time="0.024" />
  <testcase classname="ptolemy.util.test.junit.AutoTests" name="[30] /home/travis/build/icyphy/ptII/ptolemy/domains/de/test/auto/Iteration.xml (RunModel)" time="0.011" />
  <testcase classname="ptolemy.util.test.junit.AutoTests" name="[31] /home/travis/build/icyphy/ptII/ptolemy/domains/de/test/auto/LineFault.xml (RunModel)" time="0.375" />
  <testcase classname="ptolemy.util.test.junit.AutoTests" name="[32] /home/travis/build/icyphy/ptII/ptolemy/domains/de/test/auto/MergeModel1Add.xml (RunModel)" time="0.028" />
  <testcase classname="ptolemy.util.test.junit.AutoTests" name="[33] /home/travis/build/icyphy/ptII/ptolemy/domains/de/test/auto/MergeModel2Add.xml (RunModel)" time="0.026" />
  <testcase classname="ptolemy.util.test.junit.AutoTests" name="[34] /home/travis/build/icyphy/ptII/ptolemy/domains/de/test/auto/MergeModel3Add.xml (RunModel)" time="0.027" />
  <testcase classname="ptolemy.util.test.junit.AutoTests" name="[35] /home/travis/build/icyphy/ptII/ptolemy/domains/de/test/auto/MergeWithoutDiscard.xml (RunModel)" time="0.007" />
  <testcase classname="ptolemy.util.test.junit.AutoTests" name="[36] /home/travis/build/icyphy/ptII/ptolemy/domains/de/test/auto/Modal1.xml (RunModel)" time="0.02" />
  <testcase classname="ptolemy.util.test.junit.AutoTests" name="[37] /home/travis/build/icyphy/ptII/ptolemy/domains/de/test/auto/Modal2.xml (RunModel)" time="0.019" />
  <testcase classname="ptolemy.util.test.junit.AutoTests" name="[38] /home/travis/build/icyphy/ptII/ptolemy/domains/de/test/auto/Modal3.xml (RunModel)" time="0.022" />
  <testcase classname="ptolemy.util.test.junit.AutoTests" name="[39] /home/travis/build/icyphy/ptII/ptolemy/domains/de/test/auto/Modal4.xml (RunModel)" time="0.02" />
  <testcase classname="ptolemy.util.test.junit.AutoTests" name="[40] /home/travis/build/icyphy/ptII/ptolemy/domains/de/test/auto/Modal5.xml (RunModel)" time="0.02" />
  <testcase classname="ptolemy.util.test.junit.AutoTests" name="[41] /home/travis/build/icyphy/ptII/ptolemy/domains/de/test/auto/Modal6.xml (RunModel)" time="0.017" />
  <testcase classname="ptolemy.util.test.junit.AutoTests" name="[42] /home/travis/build/icyphy/ptII/ptolemy/domains/de/test/auto/Modal7.xml (RunModel)" time="0.019" />
  <testcase classname="ptolemy.util.test.junit.AutoTests" name="[43] /home/travis/build/icyphy/ptII/ptolemy/domains/de/test/auto/ModalModel.xml (RunModel)" time="0.108" />
  <testcase classname="ptolemy.util.test.junit.AutoTests" name="[44] /home/travis/build/icyphy/ptII/ptolemy/domains/de/test/auto/ModalSource.xml (RunModel)" time="0.011" />
  <testcase classname="ptolemy.util.test.junit.AutoTests" name="[45] /home/travis/build/icyphy/ptII/ptolemy/domains/de/test/auto/NonInterruptibleTimerZeroDelay.xml (RunModel)" time="0.006" />
  <testcase classname="ptolemy.util.test.junit.AutoTests" name="[46] /home/travis/build/icyphy/ptII/ptolemy/domains/de/test/auto/OpenQueueingNetwork.xml (RunModel)" time="1.693" />
  <testcase classname="ptolemy.util.test.junit.AutoTests" name="[47] /home/travis/build/icyphy/ptII/ptolemy/domains/de/test/auto/OpenQueuingNetwork.xml (RunModel)" time="0.244" />
  <testcase classname="ptolemy.util.test.junit.AutoTests" name="[48] /home/travis/build/icyphy/ptII/ptolemy/domains/de/test/auto/PeriodicSampler.xml (RunModel)" time="0.008" />
  <testcase classname="ptolemy.util.test.junit.AutoTests" name="[49] /home/travis/build/icyphy/ptII/ptolemy/domains/de/test/auto/PersistentIO.xml (RunModel)" time="0.016" />
  <testcase classname="ptolemy.util.test.junit.AutoTests" name="[50] /home/travis/build/icyphy/ptII/ptolemy/domains/de/test/auto/PortParameterResetOnInitialize.xml (RunModel)" time="0.008" />
  <testcase classname="ptolemy.util.test.junit.AutoTests" name="[51] /home/travis/build/icyphy/ptII/ptolemy/domains/de/test/auto/PortParameterUpdates.xml (RunModel)" time="0.013" />
  <testcase classname="ptolemy.util.test.junit.AutoTests" name="[52] /home/travis/build/icyphy/ptII/ptolemy/domains/de/test/auto/QueueAndServer.xml (RunModel)" time="0.019" />
  <testcase classname="ptolemy.util.test.junit.AutoTests" name="[53] /home/travis/build/icyphy/ptII/ptolemy/domains/de/test/auto/Records.xml (RunModel)" time="0.014" />
  <testcase classname="ptolemy.util.test.junit.AutoTests" name="[54] /home/travis/build/icyphy/ptII/ptolemy/domains/de/test/auto/ResetTransitionWithStartTime1.xml (RunModel)" time="0.02" />
  <testcase classname="ptolemy.util.test.junit.AutoTests" name="[55] /home/travis/build/icyphy/ptII/ptolemy/domains/de/test/auto/ResetTransitionWithStartTime2.xml (RunModel)" time="0.018" />
  <testcase classname="ptolemy.util.test.junit.AutoTests" name="[56] /home/travis/build/icyphy/ptII/ptolemy/domains/de/test/auto/ResetTransitionWithStartTime3.xml (RunModel)" time="0.021" />
  <testcase classname="ptolemy.util.test.junit.AutoTests" name="[57] /home/travis/build/icyphy/ptII/ptolemy/domains/de/test/auto/ResetTransitionWithStartTime4.xml (RunModel)" time="0.023" />
  <testcase classname="ptolemy.util.test.junit.AutoTests" name="[58] /home/travis/build/icyphy/ptII/ptolemy/domains/de/test/auto/ResettableTimer1.xml (RunModel)" time="0.01" />
  <testcase classname="ptolemy.util.test.junit.AutoTests" name="[59] /home/travis/build/icyphy/ptII/ptolemy/domains/de/test/auto/ResettableTimer2.xml (RunModel)" time="0.013" />
  <testcase classname="ptolemy.util.test.junit.AutoTests" name="[60] /home/travis/build/icyphy/ptII/ptolemy/domains/de/test/auto/ResettableTimer3.xml (RunModel)" time="0.008" />
  <testcase classname="ptolemy.util.test.junit.AutoTests" name="[61] /home/travis/build/icyphy/ptII/ptolemy/domains/de/test/auto/ResettableTimer4.xml (RunModel)" time="0.007" />
  <testcase classname="ptolemy.util.test.junit.AutoTests" name="[62] /home/travis/build/icyphy/ptII/ptolemy/domains/de/test/auto/ResettableTimer5.xml (RunModel)" time="0.009" />
  <testcase classname="ptolemy.util.test.junit.AutoTests" name="[63] /home/travis/build/icyphy/ptII/ptolemy/domains/de/test/auto/ResettableTimer6.xml (RunModel)" time="0.01" />
  <testcase classname="ptolemy.util.test.junit.AutoTests" name="[64] /home/travis/build/icyphy/ptII/ptolemy/domains/de/test/auto/ServerZeroDelay.xml (RunModel)" time="0.009" />
  <testcase classname="ptolemy.util.test.junit.AutoTests" name="[65] /home/travis/build/icyphy/ptII/ptolemy/domains/de/test/auto/SmartSender.xml (RunModel)" time="3.009" />
  <testcase classname="ptolemy.util.test.junit.AutoTests" name="[66] /home/travis/build/icyphy/ptII/ptolemy/domains/de/test/auto/ThreadedComposite.xml (RunModel)" time="0.13" />
  <testcase classname="ptolemy.util.test.junit.AutoTests" name="[67] /home/travis/build/icyphy/ptII/ptolemy/domains/de/test/auto/Time.xml (RunModel)" time="0.418" />
  <testcase classname="ptolemy.util.test.junit.AutoTests" name="[68] /home/travis/build/icyphy/ptII/ptolemy/domains/de/test/auto/TimeDelayZeroDelay.xml (RunModel)" time="0.01" />
  <testcase classname="ptolemy.util.test.junit.AutoTests" name="[69] /home/travis/build/icyphy/ptII/ptolemy/domains/de/test/auto/TimerZeroDelay.xml (RunModel)" time="0.008" />
  <testcase classname="ptolemy.util.test.junit.AutoTests" name="[70] /home/travis/build/icyphy/ptII/ptolemy/domains/de/test/auto/TimingParadox.xml (RunModel)" time="0.336" />
  <testcase classname="ptolemy.util.test.junit.AutoTests" name="[71] /home/travis/build/icyphy/ptII/ptolemy/domains/de/test/auto/TransferInputs.xml (RunModel)" time="0.008" />
  <testcase classname="ptolemy.util.test.junit.AutoTests" name="[72] /home/travis/build/icyphy/ptII/ptolemy/domains/de/test/auto/TransferOutputs2.xml (RunModel)" time="0.015" />
  <testcase classname="ptolemy.util.test.junit.AutoTests" name="[73] /home/travis/build/icyphy/ptII/ptolemy/domains/de/test/auto/Trilateration.xml (RunModel)" time="12.188" />
  <testcase classname="ptolemy.util.test.junit.AutoTests" name="[74] /home/travis/build/icyphy/ptII/ptolemy/domains/de/test/auto/TwoSigmaDelta.xml (RunModel)" time="2.029" />
  <testcase classname="ptolemy.util.test.junit.AutoTests" name="[75] /home/travis/build/icyphy/ptII/ptolemy/domains/de/test/auto/VariableDelay.xml (RunModel)" time="0.012" />
  <testcase classname="ptolemy.util.test.junit.AutoTests" name="[76] /home/travis/build/icyphy/ptII/ptolemy/domains/de/test/auto/VariableDelay2.xml (RunModel)" time="0.008" />
  <testcase classname="ptolemy.util.test.junit.AutoTests" name="[77] /home/travis/build/icyphy/ptII/ptolemy/domains/de/test/auto/VariableDelayZeroDelay.xml (RunModel)" time="0.009" />
  <testcase classname="ptolemy.util.test.junit.AutoTests" name="[78] /home/travis/build/icyphy/ptII/ptolemy/domains/de/test/auto/VariableDelayZeroDelay2.xml (RunModel)" time="0.008" />
  <testcase classname="ptolemy.util.test.junit.AutoTests" name="[79] /home/travis/build/icyphy/ptII/ptolemy/domains/de/test/auto/deInCt.xml (RunModel)" time="0.024" />
  <testcase classname="ptolemy.util.test.junit.AutoTests" name="[80] /home/travis/build/icyphy/ptII/ptolemy/domains/de/test/auto/deInCt2.xml (RunModel)" time="0.017" />
  <testcase classname="ptolemy.util.test.junit.AutoTests" name="[81] /home/travis/build/icyphy/ptII/ptolemy/domains/de/test/auto/dynamicCausalityInterface1.xml (RunModel)" time="0.022" />
  <testcase classname="ptolemy.util.test.junit.AutoTests" name="[82] /home/travis/build/icyphy/ptII/ptolemy/domains/de/test/auto/fsm_de_test.xml (RunModel)" time="0.024" />
  <testcase classname="ptolemy.util.test.junit.AutoTests" name="[83] /home/travis/build/icyphy/ptII/ptolemy/domains/de/test/auto/functionDependencyReconstruction.xml (RunModel)" time="0.033" />
  <testcase classname="ptolemy.util.test.junit.AutoTests" name="[84] /home/travis/build/icyphy/ptII/ptolemy/domains/de/test/auto/multirate.xml (RunModel)" time="0.014" />
  <testcase classname="ptolemy.util.test.junit.AutoTests" name="[85] /home/travis/build/icyphy/ptII/ptolemy/domains/de/test/auto/multirate2.xml (RunModel)" time="0.016" />
  <testcase classname="ptolemy.util.test.junit.AutoTests" name="[86] /home/travis/build/icyphy/ptII/ptolemy/domains/de/test/auto/realtime.xml (RunModel)" time="10.011" />
  <testcase classname="ptolemy.util.test.junit.AutoTests" name="[87] /home/travis/build/icyphy/ptII/ptolemy/domains/de/test/auto/relationGroup.xml (RunModel)" time="0.006" />
  <testcase classname="ptolemy.util.test.junit.AutoTests" name="[88] /home/travis/build/icyphy/ptII/ptolemy/domains/de/test/auto/relationGroup2.xml (RunModel)" time="0.014" />
  <testcase classname="ptolemy.util.test.junit.AutoTests" name="[89] /home/travis/build/icyphy/ptII/ptolemy/domains/de/test/auto/sortWithOpaquePorts.xml (RunModel)" time="0.014" />
  <testcase classname="ptolemy.util.test.junit.AutoTests" name="[90] /home/travis/build/icyphy/ptII/ptolemy/domains/de/test/auto/transferInputsandOutputs.xml (RunModel)" time="0.01" />
  <testcase classname="ptolemy.util.test.junit.AutoTests" name="[91] /home/travis/build/icyphy/ptII/ptolemy/domains/de/test/auto/triggerType.xml (RunModel)" time="0.007" />
  <system-out><![CDATA[/home/travis/build/icyphy/ptII/ptolemy/domains/de/test/DependencyLoop.tcl
testDefs.tcl: setting time out to 9000 seconds at Sun May 13 01:03:09 UTC 2018
16 ms. Memory: 116224K Free: 95044K (82%)
8 ms. Memory: 116224K Free: 107628K (93%)
/home/travis/build/icyphy/ptII/ptolemy/domains/de/test/RunDETestsAsQSS.tcl
Run the DE tests using ptolemy.domains.qss.test.QSSDirectorTest, which extends QSSDirector and prints a message in the constructors.
------------------ testing $PTII/ptolemy/domains/de/test/auto/knownFailedTests/dependencyLoop.xml (Known Failure) 
7 ms. Memory: 116224K Free: 104472K (90%)


==== $PTIIhome/travis/build/icyphy/ptII/ptolemy/domains/de/test/../../../../: Auto Automatic test in file $PTII/ptolemy/domains/de/test/auto/knownFailedTests/dependencyLoop.xml
==== Contents of test case:

	    # FIXME: we should use $relativeFilename here, but it
	    # might have backslashes under Windows, which causes no end
	    # of trouble.
	    createAndExecute $file
	    list {}
	
.... Test generated KNOWN error:
    while executing
ptolemy.kernel.util.IllegalActionException: Found a zero delay loop containing .dependencyLoop.original
  in .dependencyLoop and .dependencyLoop.original
	at ptolemy.actor.util.CausalityInterfaceForComposites._computeOutputPortDepth(CausalityInterfaceForComposites.java:759)
	at ptolemy.actor.util.CausalityInterfaceForComposites._computeInputDepth(CausalityInterfaceForComposites.java:696)
	at ptolemy.actor.util.CausalityInterfaceForComposites._computeOutputPortDepth(CausalityInterfaceForComposites.java:765)
	at ptolemy.actor.util.CausalityInterfaceForComposites._computeInputDepth(CausalityInterfaceForComposites.java:696)
	at ptolemy.actor.util.CausalityInterfaceForComposites._computeOutputPortDepth(CausalityInterfaceForComposites.java:765)
	at ptolemy.actor.util.CausalityInterfaceForComposites._computeInputDepth(CausalityInterfaceForComposites.java:696)
	at ptolemy.actor.util.CausalityInterfaceForComposites._computeActorDepth(CausalityInterfaceForComposites.java:532)
	at ptolemy.actor.util.CausalityInterfaceForComposites.checkForCycles(CausalityInterfaceForComposites.java:96)
	at ptolemy.domains.de.kernel.DEDirector.preinitialize(DEDirector.java:1337)
	at ptolemy.actor.CompositeActor.preinitialize(CompositeActor.java:1828)
	at ptolemy.actor.Manager.preinitializeAndResolveTypes(Manager.java:1040)
	at ptolemy.actor.Manager.initialize(Manager.java:710)
	at ptolemy.actor.Manager.execute(Manager.java:356)
	at ptolemy.actor.Manager.run(Manager.java:1263)
	at ptolemy.actor.Manager$PtolemyRunThread.run(Manager.java:1915)

    while executing
ptolemy.kernel.util.IllegalActionException: Found a zero delay loop containing .dependencyLoop.original
  in .dependencyLoop and .dependencyLoop.original
    while executing
"java::new ptolemy.moml.MoMLSimpleApplication $file
"
    (procedure "createAndExecute" line 2)
    invoked from within
"createAndExecute $file"
    ("uplevel" body line 5)
    invoked from within
"uplevel $contents_of_test"
------------------ testing $PTII/ptolemy/domains/de/test/auto/knownFailedTests/DESDFClockTest.xml (Known Failure) 
2046 ms. Memory: 116224K Free: 89163K (77%)


==== $PTIIhome/travis/build/icyphy/ptII/ptolemy/domains/de/test/../../../../: Auto Automatic test in file $PTII/ptolemy/domains/de/test/auto/knownFailedTests/DESDFClockTest.xml
==== Contents of test case:

	    # FIXME: we should use $relativeFilename here, but it
	    # might have backslashes under Windows, which causes no end
	    # of trouble.
	    createAndExecute $file
	    list {}
	
.... Test generated KNOWN error:
    while executing
ptolemy.kernel.util.IllegalActionException: Actor is not ready to fire.  Perhaps UpSample.prefire() returned false? Try debugging the actor by selecting "Listen to Actor".  Also, for SDF check moml for tokenConsumptionRate on input.
  in .DESDFClockTest.Play Bell.Copy1:SDF Director and .DESDFClockTest.Play Bell.UpSample
	at ptolemy.actor.sched.StaticSchedulingDirector.fire(StaticSchedulingDirector.java:227)
	at ptolemy.domains.sdf.kernel.SDFDirector.fire(SDFDirector.java:500)
	at ptolemy.actor.CompositeActor.fire(CompositeActor.java:455)
	at ptolemy.domains.de.kernel.DEDirector._fire(DEDirector.java:1948)
	at ptolemy.domains.de.kernel.DEDirector.fire(DEDirector.java:502)
	at ptolemy.actor.CompositeActor.fire(CompositeActor.java:455)
	at ptolemy.actor.Manager.iterate(Manager.java:851)
	at ptolemy.actor.Manager.execute(Manager.java:369)
	at ptolemy.actor.Manager.run(Manager.java:1263)
	at ptolemy.actor.Manager$PtolemyRunThread.run(Manager.java:1915)

    while executing
ptolemy.kernel.util.IllegalActionException: Actor is not ready to fire.  Perhaps UpSample.prefire() returned false? Try debugging the actor by selecting "Listen to Actor".  Also, for SDF check moml for tokenConsumptionRate on input.
  in .DESDFClockTest.Play Bell.Copy1:SDF Director and .DESDFClockTest.Play Bell.UpSample
    while executing
"java::new ptolemy.moml.MoMLSimpleApplication $file
"
    (procedure "createAndExecute" line 2)
    invoked from within
"createAndExecute $file"
    ("uplevel" body line 5)
    invoked from within
"uplevel $contents_of_test"
------------------ testing $PTII/ptolemy/domains/de/test/auto/knownFailedTests/FSMSource.xml (Known Failure) 
48 ms. Memory: 116224K Free: 111126K (96%)
!!!! Auto was marked as failing, but now passes
------------------ testing $PTII/ptolemy/domains/de/test/auto/knownFailedTests/dependencyLoop2.xml (Known Failure) 
5 ms. Memory: 116224K Free: 93694K (81%)


==== $PTIIhome/travis/build/icyphy/ptII/ptolemy/domains/de/test/../../../../: Auto Automatic test in file $PTII/ptolemy/domains/de/test/auto/knownFailedTests/dependencyLoop2.xml
==== Contents of test case:

	    # FIXME: we should use $relativeFilename here, but it
	    # might have backslashes under Windows, which causes no end
	    # of trouble.
	    createAndExecute $file
	    list {}
	
.... Test generated KNOWN error:
    while executing
ptolemy.kernel.util.IllegalActionException: Found a zero delay loop containing .dependencyLoop2.original
  in .dependencyLoop2 and .dependencyLoop2.original
	at ptolemy.actor.util.CausalityInterfaceForComposites._computeOutputPortDepth(CausalityInterfaceForComposites.java:759)
	at ptolemy.actor.util.CausalityInterfaceForComposites._computeInputDepth(CausalityInterfaceForComposites.java:696)
	at ptolemy.actor.util.CausalityInterfaceForComposites._computeOutputPortDepth(CausalityInterfaceForComposites.java:765)
	at ptolemy.actor.util.CausalityInterfaceForComposites._computeInputDepth(CausalityInterfaceForComposites.java:696)
	at ptolemy.actor.util.CausalityInterfaceForComposites._computeOutputPortDepth(CausalityInterfaceForComposites.java:765)
	at ptolemy.actor.util.CausalityInterfaceForComposites._computeInputDepth(CausalityInterfaceForComposites.java:696)
	at ptolemy.actor.util.CausalityInterfaceForComposites._computeActorDepth(CausalityInterfaceForComposites.java:532)
	at ptolemy.actor.util.CausalityInterfaceForComposites.checkForCycles(CausalityInterfaceForComposites.java:96)
	at ptolemy.domains.de.kernel.DEDirector.preinitialize(DEDirector.java:1337)
	at ptolemy.actor.CompositeActor.preinitialize(CompositeActor.java:1828)
	at ptolemy.actor.Manager.preinitializeAndResolveTypes(Manager.java:1040)
	at ptolemy.actor.Manager.initialize(Manager.java:710)
	at ptolemy.actor.Manager.execute(Manager.java:356)
	at ptolemy.actor.Manager.run(Manager.java:1263)
	at ptolemy.actor.Manager$PtolemyRunThread.run(Manager.java:1915)

    while executing
ptolemy.kernel.util.IllegalActionException: Found a zero delay loop containing .dependencyLoop2.original
  in .dependencyLoop2 and .dependencyLoop2.original
    while executing
"java::new ptolemy.moml.MoMLSimpleApplication $file
"
    (procedure "createAndExecute" line 2)
    invoked from within
"createAndExecute $file"
    ("uplevel" body line 5)
    invoked from within
"uplevel $contents_of_test"
------------------ testing $PTII/ptolemy/domains/de/test/auto/knownFailedTests/HierarchicalModel.xml (Known Failure) 
6 ms. Memory: 146944K Free: 134449K (91%)


==== $PTIIhome/travis/build/icyphy/ptII/ptolemy/domains/de/test/../../../../: Auto Automatic test in file $PTII/ptolemy/domains/de/test/auto/knownFailedTests/HierarchicalModel.xml
==== Contents of test case:

	    # FIXME: we should use $relativeFilename here, but it
	    # might have backslashes under Windows, which causes no end
	    # of trouble.
	    createAndExecute $file
	    list {}
	
.... Test generated KNOWN error:
    while executing
ptolemy.kernel.util.IllegalActionException: Found a zero delay loop containing .HierarchicalModel.A
  in .HierarchicalModel and .HierarchicalModel.A
	at ptolemy.actor.util.CausalityInterfaceForComposites._computeOutputPortDepth(CausalityInterfaceForComposites.java:759)
	at ptolemy.actor.util.CausalityInterfaceForComposites._computeInputDepth(CausalityInterfaceForComposites.java:696)
	at ptolemy.actor.util.CausalityInterfaceForComposites._computeOutputPortDepth(CausalityInterfaceForComposites.java:765)
	at ptolemy.actor.util.CausalityInterfaceForComposites._computeInputDepth(CausalityInterfaceForComposites.java:696)
	at ptolemy.actor.util.CausalityInterfaceForComposites._computeOutputPortDepth(CausalityInterfaceForComposites.java:765)
	at ptolemy.actor.util.CausalityInterfaceForComposites._computeInputDepth(CausalityInterfaceForComposites.java:696)
	at ptolemy.actor.util.CausalityInterfaceForComposites._computeActorDepth(CausalityInterfaceForComposites.java:532)
	at ptolemy.actor.util.CausalityInterfaceForComposites.checkForCycles(CausalityInterfaceForComposites.java:96)
	at ptolemy.domains.de.kernel.DEDirector.preinitialize(DEDirector.java:1337)
	at ptolemy.actor.CompositeActor.preinitialize(CompositeActor.java:1828)
	at ptolemy.actor.Manager.preinitializeAndResolveTypes(Manager.java:1040)
	at ptolemy.actor.Manager.initialize(Manager.java:710)
	at ptolemy.actor.Manager.execute(Manager.java:356)
	at ptolemy.actor.Manager.run(Manager.java:1263)
	at ptolemy.actor.Manager$PtolemyRunThread.run(Manager.java:1915)

    while executing
ptolemy.kernel.util.IllegalActionException: Found a zero delay loop containing .HierarchicalModel.A
  in .HierarchicalModel and .HierarchicalModel.A
    while executing
"java::new ptolemy.moml.MoMLSimpleApplication $file
"
    (procedure "createAndExecute" line 2)
    invoked from within
"createAndExecute $file"
    ("uplevel" body line 5)
    invoked from within
"uplevel $contents_of_test"
------------------ testing $PTII/ptolemy/domains/de/test/auto/knownFailedTests/DirectFeedback.xml (Known Failure) 
6 ms. Memory: 146944K Free: 129430K (88%)


==== $PTIIhome/travis/build/icyphy/ptII/ptolemy/domains/de/test/../../../../: Auto Automatic test in file $PTII/ptolemy/domains/de/test/auto/knownFailedTests/DirectFeedback.xml
==== Contents of test case:

	    # FIXME: we should use $relativeFilename here, but it
	    # might have backslashes under Windows, which causes no end
	    # of trouble.
	    createAndExecute $file
	    list {}
	
.... Test generated KNOWN error:
    while executing
ptolemy.kernel.util.IllegalActionException: Test fails in iteration 1.
Value was: 1.0. Should have been: 2.0
  in .DirectFeedback.Test
	at ptolemy.actor.lib.Test.fire(Test.java:268)
	at ptolemy.domains.de.kernel.DEDirector._fire(DEDirector.java:1948)
	at ptolemy.domains.de.kernel.DEDirector.fire(DEDirector.java:502)
	at ptolemy.actor.CompositeActor.fire(CompositeActor.java:455)
	at ptolemy.actor.Manager.iterate(Manager.java:851)
	at ptolemy.actor.Manager.execute(Manager.java:369)
	at ptolemy.actor.Manager.run(Manager.java:1263)
	at ptolemy.actor.Manager$PtolemyRunThread.run(Manager.java:1915)

    while executing
ptolemy.kernel.util.IllegalActionException: Test fails in iteration 1.
Value was: 1.0. Should have been: 2.0
  in .DirectFeedback.Test
    while executing
"java::new ptolemy.moml.MoMLSimpleApplication $file
"
    (procedure "createAndExecute" line 2)
    invoked from within
"createAndExecute $file"
    ("uplevel" body line 5)
    invoked from within
"uplevel $contents_of_test"
------------------ testing $PTII/ptolemy/domains/de/test/auto/ActorDepthCalculation_actorWithoutPorts.xml
auto.tcl: Setting watchdog for 200 seconds at Sun May 13 01:03:12 UTC 2018
4 ms. Memory: 146944K Free: 121718K (83%)
ptolemy.util.test.WatchDog.cancel(): canceling Sun May 13 01:03:12 UTC 2018
auto.tcl: Setting watchdog for 200 seconds at Sun May 13 01:03:12 UTC 2018
4 ms. Memory: 146944K Free: 119622K (81%)
ptolemy.util.test.WatchDog.cancel(): canceling Sun May 13 01:03:12 UTC 2018
------------------ testing $PTII/ptolemy/domains/de/test/auto/AssemblyLine.xml
auto.tcl: Setting watchdog for 200 seconds at Sun May 13 01:03:12 UTC 2018
22 ms. Memory: 146944K Free: 127598K (87%)
ptolemy.util.test.WatchDog.cancel(): canceling Sun May 13 01:03:12 UTC 2018
auto.tcl: Setting watchdog for 200 seconds at Sun May 13 01:03:12 UTC 2018
7 ms. Memory: 146944K Free: 126558K (86%)
ptolemy.util.test.WatchDog.cancel(): canceling Sun May 13 01:03:12 UTC 2018
------------------ testing $PTII/ptolemy/domains/de/test/auto/CQBug1.xml
auto.tcl: Setting watchdog for 200 seconds at Sun May 13 01:03:13 UTC 2018
2 ms. Memory: 146944K Free: 138346K (94%)
ptolemy.util.test.WatchDog.cancel(): canceling Sun May 13 01:03:13 UTC 2018
auto.tcl: Setting watchdog for 200 seconds at Sun May 13 01:03:13 UTC 2018
2 ms. Memory: 146944K Free: 138346K (94%)
ptolemy.util.test.WatchDog.cancel(): canceling Sun May 13 01:03:13 UTC 2018
------------------ testing $PTII/ptolemy/domains/de/test/auto/CancelFireAt.xml
auto.tcl: Setting watchdog for 200 seconds at Sun May 13 01:03:13 UTC 2018
11 ms. Memory: 146944K Free: 140425K (96%)
ptolemy.util.test.WatchDog.cancel(): canceling Sun May 13 01:03:13 UTC 2018
auto.tcl: Setting watchdog for 200 seconds at Sun May 13 01:03:13 UTC 2018
2 ms. Memory: 146944K Free: 139384K (95%)
ptolemy.util.test.WatchDog.cancel(): canceling Sun May 13 01:03:13 UTC 2018
------------------ testing $PTII/ptolemy/domains/de/test/auto/CausalityAndComposabilityAnalysis.xml
auto.tcl: Setting watchdog for 200 seconds at Sun May 13 01:03:13 UTC 2018
13 ms. Memory: 146944K Free: 136997K (93%)
ptolemy.util.test.WatchDog.cancel(): canceling Sun May 13 01:03:13 UTC 2018
auto.tcl: Setting watchdog for 200 seconds at Sun May 13 01:03:13 UTC 2018
5 ms. Memory: 146944K Free: 136997K (93%)
ptolemy.util.test.WatchDog.cancel(): canceling Sun May 13 01:03:13 UTC 2018
------------------ testing $PTII/ptolemy/domains/de/test/auto/CausalityInterface1.xml
auto.tcl: Setting watchdog for 200 seconds at Sun May 13 01:03:13 UTC 2018
13 ms. Memory: 146944K Free: 136321K (93%)
ptolemy.util.test.WatchDog.cancel(): canceling Sun May 13 01:03:13 UTC 2018
auto.tcl: Setting watchdog for 200 seconds at Sun May 13 01:03:13 UTC 2018
3 ms. Memory: 146944K Free: 135280K (92%)
ptolemy.util.test.WatchDog.cancel(): canceling Sun May 13 01:03:13 UTC 2018
------------------ testing $PTII/ptolemy/domains/de/test/auto/CausalityInterface15.xml
auto.tcl: Setting watchdog for 200 seconds at Sun May 13 01:03:13 UTC 2018
8 ms. Memory: 146944K Free: 135272K (92%)
ptolemy.util.test.WatchDog.cancel(): canceling Sun May 13 01:03:13 UTC 2018
auto.tcl: Setting watchdog for 200 seconds at Sun May 13 01:03:13 UTC 2018
3 ms. Memory: 146944K Free: 134231K (91%)
ptolemy.util.test.WatchDog.cancel(): canceling Sun May 13 01:03:13 UTC 2018
------------------ testing $PTII/ptolemy/domains/de/test/auto/CausalityInterface2.xml
auto.tcl: Setting watchdog for 200 seconds at Sun May 13 01:03:13 UTC 2018
5 ms. Memory: 146944K Free: 136404K (93%)
ptolemy.util.test.WatchDog.cancel(): canceling Sun May 13 01:03:13 UTC 2018
auto.tcl: Setting watchdog for 200 seconds at Sun May 13 01:03:13 UTC 2018
3 ms. Memory: 146944K Free: 136404K (93%)
ptolemy.util.test.WatchDog.cancel(): canceling Sun May 13 01:03:13 UTC 2018
------------------ testing $PTII/ptolemy/domains/de/test/auto/CausalityInterface3.xml
auto.tcl: Setting watchdog for 200 seconds at Sun May 13 01:03:13 UTC 2018
7 ms. Memory: 146944K Free: 136308K (93%)
ptolemy.util.test.WatchDog.cancel(): canceling Sun May 13 01:03:13 UTC 2018
auto.tcl: Setting watchdog for 200 seconds at Sun May 13 01:03:13 UTC 2018
5 ms. Memory: 146944K Free: 135267K (92%)
ptolemy.util.test.WatchDog.cancel(): canceling Sun May 13 01:03:13 UTC 2018
------------------ testing $PTII/ptolemy/domains/de/test/auto/ClockDrift.xml
auto.tcl: Setting watchdog for 200 seconds at Sun May 13 01:03:13 UTC 2018
53 ms. Memory: 146944K Free: 128211K (87%)
ptolemy.util.test.WatchDog.cancel(): canceling Sun May 13 01:03:13 UTC 2018
auto.tcl: Setting watchdog for 200 seconds at Sun May 13 01:03:13 UTC 2018
42 ms. Memory: 146944K Free: 125091K (85%)
ptolemy.util.test.WatchDog.cancel(): canceling Sun May 13 01:03:13 UTC 2018
------------------ testing $PTII/ptolemy/domains/de/test/auto/ClockDriftAndValueChange.xml
auto.tcl: Setting watchdog for 200 seconds at Sun May 13 01:03:13 UTC 2018
67 ms. Memory: 146944K Free: 128050K (87%)
ptolemy.util.test.WatchDog.cancel(): canceling Sun May 13 01:03:14 UTC 2018
auto.tcl: Setting watchdog for 200 seconds at Sun May 13 01:03:14 UTC 2018
34 ms. Memory: 146944K Free: 124929K (85%)
ptolemy.util.test.WatchDog.cancel(): canceling Sun May 13 01:03:14 UTC 2018
------------------ testing $PTII/ptolemy/domains/de/test/auto/ClockDriftChange.xml
auto.tcl: Setting watchdog for 200 seconds at Sun May 13 01:03:14 UTC 2018
21 ms. Memory: 146944K Free: 130721K (89%)
ptolemy.util.test.WatchDog.cancel(): canceling Sun May 13 01:03:14 UTC 2018
auto.tcl: Setting watchdog for 200 seconds at Sun May 13 01:03:14 UTC 2018
17 ms. Memory: 146944K Free: 127600K (87%)
ptolemy.util.test.WatchDog.cancel(): canceling Sun May 13 01:03:14 UTC 2018
------------------ testing $PTII/ptolemy/domains/de/test/auto/ComposableCausalityAnalysis.xml
auto.tcl: Setting watchdog for 200 seconds at Sun May 13 01:03:14 UTC 2018
2 ms. Memory: 146944K Free: 135233K (92%)
ptolemy.util.test.WatchDog.cancel(): canceling Sun May 13 01:03:14 UTC 2018
auto.tcl: Setting watchdog for 200 seconds at Sun May 13 01:03:14 UTC 2018
2 ms. Memory: 146944K Free: 134193K (91%)
ptolemy.util.test.WatchDog.cancel(): canceling Sun May 13 01:03:14 UTC 2018
------------------ testing $PTII/ptolemy/domains/de/test/auto/DEFixedPointLimitation.xml
auto.tcl: Setting watchdog for 200 seconds at Sun May 13 01:03:14 UTC 2018
1 ms. Memory: 146944K Free: 136244K (93%)
ptolemy.util.test.WatchDog.cancel(): canceling Sun May 13 01:03:14 UTC 2018
auto.tcl: Setting watchdog for 200 seconds at Sun May 13 01:03:14 UTC 2018
1 ms. Memory: 146944K Free: 136244K (93%)
ptolemy.util.test.WatchDog.cancel(): canceling Sun May 13 01:03:14 UTC 2018
------------------ testing $PTII/ptolemy/domains/de/test/auto/DEScheduleTest.xml
auto.tcl: Setting watchdog for 200 seconds at Sun May 13 01:03:14 UTC 2018
3 ms. Memory: 146944K Free: 137320K (93%)
ptolemy.util.test.WatchDog.cancel(): canceling Sun May 13 01:03:14 UTC 2018
auto.tcl: Setting watchdog for 200 seconds at Sun May 13 01:03:14 UTC 2018
5 ms. Memory: 146944K Free: 136280K (93%)
ptolemy.util.test.WatchDog.cancel(): canceling Sun May 13 01:03:14 UTC 2018
------------------ testing $PTII/ptolemy/domains/de/test/auto/DEinDEwithStartTimes.xml
auto.tcl: Setting watchdog for 200 seconds at Sun May 13 01:03:14 UTC 2018
9 ms. Memory: 146944K Free: 135209K (92%)
ptolemy.util.test.WatchDog.cancel(): canceling Sun May 13 01:03:14 UTC 2018
auto.tcl: Setting watchdog for 200 seconds at Sun May 13 01:03:14 UTC 2018
3 ms. Memory: 146944K Free: 134169K (91%)
ptolemy.util.test.WatchDog.cancel(): canceling Sun May 13 01:03:14 UTC 2018
------------------ testing $PTII/ptolemy/domains/de/test/auto/DEinDEwithStartTimes2.xml
auto.tcl: Setting watchdog for 200 seconds at Sun May 13 01:03:14 UTC 2018
4 ms. Memory: 146944K Free: 135189K (92%)
ptolemy.util.test.WatchDog.cancel(): canceling Sun May 13 01:03:14 UTC 2018
auto.tcl: Setting watchdog for 200 seconds at Sun May 13 01:03:14 UTC 2018
3 ms. Memory: 146944K Free: 134149K (91%)
ptolemy.util.test.WatchDog.cancel(): canceling Sun May 13 01:03:14 UTC 2018
------------------ testing $PTII/ptolemy/domains/de/test/auto/DateDemo.xml
auto.tcl: Setting watchdog for 200 seconds at Sun May 13 01:03:14 UTC 2018
10 ms. Memory: 146944K Free: 129332K (88%)
ptolemy.util.test.WatchDog.cancel(): canceling Sun May 13 01:03:14 UTC 2018
auto.tcl: Setting watchdog for 200 seconds at Sun May 13 01:03:14 UTC 2018
8 ms. Memory: 146944K Free: 127251K (87%)
ptolemy.util.test.WatchDog.cancel(): canceling Sun May 13 01:03:14 UTC 2018
------------------ testing $PTII/ptolemy/domains/de/test/auto/DateToEvent.xml
auto.tcl: Setting watchdog for 200 seconds at Sun May 13 01:03:14 UTC 2018
2011 ms. Memory: 146944K Free: 123515K (84%)
ptolemy.util.test.WatchDog.cancel(): canceling Sun May 13 01:03:16 UTC 2018
auto.tcl: Setting watchdog for 200 seconds at Sun May 13 01:03:16 UTC 2018
2007 ms. Memory: 146944K Free: 122474K (83%)
ptolemy.util.test.WatchDog.cancel(): canceling Sun May 13 01:03:18 UTC 2018
------------------ testing $PTII/ptolemy/domains/de/test/auto/DepthTest1.xml
auto.tcl: Setting watchdog for 200 seconds at Sun May 13 01:03:19 UTC 2018
4 ms. Memory: 146944K Free: 138504K (94%)
ptolemy.util.test.WatchDog.cancel(): canceling Sun May 13 01:03:19 UTC 2018
auto.tcl: Setting watchdog for 200 seconds at Sun May 13 01:03:19 UTC 2018
2 ms. Memory: 146944K Free: 138504K (94%)
ptolemy.util.test.WatchDog.cancel(): canceling Sun May 13 01:03:19 UTC 2018
------------------ testing $PTII/ptolemy/domains/de/test/auto/DepthTest2.xml
auto.tcl: Setting watchdog for 200 seconds at Sun May 13 01:03:19 UTC 2018
9 ms. Memory: 146944K Free: 134238K (91%)
ptolemy.util.test.WatchDog.cancel(): canceling Sun May 13 01:03:19 UTC 2018
auto.tcl: Setting watchdog for 200 seconds at Sun May 13 01:03:19 UTC 2018
3 ms. Memory: 146944K Free: 134238K (91%)
ptolemy.util.test.WatchDog.cancel(): canceling Sun May 13 01:03:19 UTC 2018
------------------ testing $PTII/ptolemy/domains/de/test/auto/DepthTest3.xml
auto.tcl: Setting watchdog for 200 seconds at Sun May 13 01:03:19 UTC 2018
3 ms. Memory: 146944K Free: 138836K (94%)
ptolemy.util.test.WatchDog.cancel(): canceling Sun May 13 01:03:19 UTC 2018
auto.tcl: Setting watchdog for 200 seconds at Sun May 13 01:03:19 UTC 2018
1 ms. Memory: 146944K Free: 138836K (94%)
ptolemy.util.test.WatchDog.cancel(): canceling Sun May 13 01:03:19 UTC 2018
------------------ testing $PTII/ptolemy/domains/de/test/auto/DepthTest4.xml
auto.tcl: Setting watchdog for 200 seconds at Sun May 13 01:03:19 UTC 2018
8 ms. Memory: 146944K Free: 136228K (93%)
ptolemy.util.test.WatchDog.cancel(): canceling Sun May 13 01:03:19 UTC 2018
auto.tcl: Setting watchdog for 200 seconds at Sun May 13 01:03:19 UTC 2018
2 ms. Memory: 146944K Free: 135188K (92%)
ptolemy.util.test.WatchDog.cancel(): canceling Sun May 13 01:03:19 UTC 2018
------------------ testing $PTII/ptolemy/domains/de/test/auto/DepthTest5.xml
auto.tcl: Setting watchdog for 200 seconds at Sun May 13 01:03:19 UTC 2018
5 ms. Memory: 146944K Free: 135135K (92%)
ptolemy.util.test.WatchDog.cancel(): canceling Sun May 13 01:03:19 UTC 2018
auto.tcl: Setting watchdog for 200 seconds at Sun May 13 01:03:19 UTC 2018
7 ms. Memory: 146944K Free: 135135K (92%)
ptolemy.util.test.WatchDog.cancel(): canceling Sun May 13 01:03:19 UTC 2018
------------------ testing $PTII/ptolemy/domains/de/test/auto/DepthTest6.xml
auto.tcl: Setting watchdog for 200 seconds at Sun May 13 01:03:19 UTC 2018
7 ms. Memory: 146944K Free: 135096K (92%)
ptolemy.util.test.WatchDog.cancel(): canceling Sun May 13 01:03:19 UTC 2018
auto.tcl: Setting watchdog for 200 seconds at Sun May 13 01:03:19 UTC 2018
2 ms. Memory: 146944K Free: 135096K (92%)
ptolemy.util.test.WatchDog.cancel(): canceling Sun May 13 01:03:19 UTC 2018
------------------ testing $PTII/ptolemy/domains/de/test/auto/DepthTest7.xml
auto.tcl: Setting watchdog for 200 seconds at Sun May 13 01:03:19 UTC 2018
2 ms. Memory: 146944K Free: 136133K (93%)
ptolemy.util.test.WatchDog.cancel(): canceling Sun May 13 01:03:19 UTC 2018
auto.tcl: Setting watchdog for 200 seconds at Sun May 13 01:03:19 UTC 2018
1 ms. Memory: 146944K Free: 135093K (92%)
ptolemy.util.test.WatchDog.cancel(): canceling Sun May 13 01:03:19 UTC 2018
------------------ testing $PTII/ptolemy/domains/de/test/auto/EventToDate.xml
auto.tcl: Setting watchdog for 200 seconds at Sun May 13 01:03:19 UTC 2018
3005 ms. Memory: 146944K Free: 124523K (85%)
ptolemy.util.test.WatchDog.cancel(): canceling Sun May 13 01:03:22 UTC 2018
auto.tcl: Setting watchdog for 200 seconds at Sun May 13 01:03:22 UTC 2018
3004 ms. Memory: 146944K Free: 124523K (85%)
ptolemy.util.test.WatchDog.cancel(): canceling Sun May 13 01:03:25 UTC 2018
------------------ testing $PTII/ptolemy/domains/de/test/auto/FSM1.xml
auto.tcl: Setting watchdog for 200 seconds at Sun May 13 01:03:25 UTC 2018
37 ms. Memory: 146944K Free: 127112K (87%)
ptolemy.util.test.WatchDog.cancel(): canceling Sun May 13 01:03:25 UTC 2018
auto.tcl: Setting watchdog for 200 seconds at Sun May 13 01:03:25 UTC 2018
14 ms. Memory: 146944K Free: 123991K (84%)
ptolemy.util.test.WatchDog.cancel(): canceling Sun May 13 01:03:25 UTC 2018
------------------ testing $PTII/ptolemy/domains/de/test/auto/FSM7.xml
auto.tcl: Setting watchdog for 200 seconds at Sun May 13 01:03:25 UTC 2018
13 ms. Memory: 146944K Free: 127319K (87%)
ptolemy.util.test.WatchDog.cancel(): canceling Sun May 13 01:03:25 UTC 2018
auto.tcl: Setting watchdog for 200 seconds at Sun May 13 01:03:25 UTC 2018
13 ms. Memory: 146944K Free: 124198K (85%)
ptolemy.util.test.WatchDog.cancel(): canceling Sun May 13 01:03:25 UTC 2018
------------------ testing $PTII/ptolemy/domains/de/test/auto/Inspection.xml
auto.tcl: Setting watchdog for 200 seconds at Sun May 13 01:03:25 UTC 2018
43 ms. Memory: 146944K Free: 127493K (87%)
ptolemy.util.test.WatchDog.cancel(): canceling Sun May 13 01:03:25 UTC 2018
auto.tcl: Setting watchdog for 200 seconds at Sun May 13 01:03:25 UTC 2018
29 ms. Memory: 146944K Free: 125412K (85%)
ptolemy.util.test.WatchDog.cancel(): canceling Sun May 13 01:03:25 UTC 2018
------------------ testing $PTII/ptolemy/domains/de/test/auto/Iteration.xml
auto.tcl: Setting watchdog for 200 seconds at Sun May 13 01:03:26 UTC 2018
8 ms. Memory: 146944K Free: 133971K (91%)
ptolemy.util.test.WatchDog.cancel(): canceling Sun May 13 01:03:26 UTC 2018
auto.tcl: Setting watchdog for 200 seconds at Sun May 13 01:03:26 UTC 2018
6 ms. Memory: 146944K Free: 132931K (90%)
ptolemy.util.test.WatchDog.cancel(): canceling Sun May 13 01:03:26 UTC 2018
------------------ testing $PTII/ptolemy/domains/de/test/auto/LineFault.xml
auto.tcl: Setting watchdog for 200 seconds at Sun May 13 01:03:26 UTC 2018
676 ms. Memory: 146944K Free: 138199K (94%)
ptolemy.util.test.WatchDog.cancel(): canceling Sun May 13 01:03:27 UTC 2018
auto.tcl: Setting watchdog for 200 seconds at Sun May 13 01:03:27 UTC 2018
561 ms. Memory: 146944K Free: 82282K (56%)
ptolemy.util.test.WatchDog.cancel(): canceling Sun May 13 01:03:27 UTC 2018
------------------ testing $PTII/ptolemy/domains/de/test/auto/MergeModel1Add.xml
auto.tcl: Setting watchdog for 200 seconds at Sun May 13 01:03:27 UTC 2018
14 ms. Memory: 209920K Free: 180446K (86%)
ptolemy.util.test.WatchDog.cancel(): canceling Sun May 13 01:03:27 UTC 2018
auto.tcl: Setting watchdog for 200 seconds at Sun May 13 01:03:27 UTC 2018
10 ms. Memory: 209920K Free: 178565K (85%)
ptolemy.util.test.WatchDog.cancel(): canceling Sun May 13 01:03:27 UTC 2018
------------------ testing $PTII/ptolemy/domains/de/test/auto/MergeModel2Add.xml
auto.tcl: Setting watchdog for 200 seconds at Sun May 13 01:03:27 UTC 2018
10 ms. Memory: 210432K Free: 182295K (87%)
ptolemy.util.test.WatchDog.cancel(): canceling Sun May 13 01:03:27 UTC 2018
auto.tcl: Setting watchdog for 200 seconds at Sun May 13 01:03:27 UTC 2018
12 ms. Memory: 210432K Free: 182295K (87%)
ptolemy.util.test.WatchDog.cancel(): canceling Sun May 13 01:03:27 UTC 2018
------------------ testing $PTII/ptolemy/domains/de/test/auto/MergeModel3Add.xml
auto.tcl: Setting watchdog for 200 seconds at Sun May 13 01:03:27 UTC 2018
12 ms. Memory: 209920K Free: 183611K (87%)
ptolemy.util.test.WatchDog.cancel(): canceling Sun May 13 01:03:28 UTC 2018
auto.tcl: Setting watchdog for 200 seconds at Sun May 13 01:03:28 UTC 2018
9 ms. Memory: 209920K Free: 181722K (87%)
ptolemy.util.test.WatchDog.cancel(): canceling Sun May 13 01:03:28 UTC 2018
------------------ testing $PTII/ptolemy/domains/de/test/auto/MergeWithoutDiscard.xml
auto.tcl: Setting watchdog for 200 seconds at Sun May 13 01:03:28 UTC 2018
4 ms. Memory: 210432K Free: 198718K (94%)
ptolemy.util.test.WatchDog.cancel(): canceling Sun May 13 01:03:28 UTC 2018
auto.tcl: Setting watchdog for 200 seconds at Sun May 13 01:03:28 UTC 2018
2 ms. Memory: 210432K Free: 198718K (94%)
ptolemy.util.test.WatchDog.cancel(): canceling Sun May 13 01:03:28 UTC 2018
------------------ testing $PTII/ptolemy/domains/de/test/auto/Modal1.xml
auto.tcl: Setting watchdog for 200 seconds at Sun May 13 01:03:28 UTC 2018
21 ms. Memory: 210432K Free: 190729K (91%)
ptolemy.util.test.WatchDog.cancel(): canceling Sun May 13 01:03:28 UTC 2018
auto.tcl: Setting watchdog for 200 seconds at Sun May 13 01:03:28 UTC 2018
17 ms. Memory: 210432K Free: 186951K (89%)
ptolemy.util.test.WatchDog.cancel(): canceling Sun May 13 01:03:28 UTC 2018
------------------ testing $PTII/ptolemy/domains/de/test/auto/Modal2.xml
auto.tcl: Setting watchdog for 200 seconds at Sun May 13 01:03:28 UTC 2018
11 ms. Memory: 210432K Free: 190603K (91%)
ptolemy.util.test.WatchDog.cancel(): canceling Sun May 13 01:03:28 UTC 2018
auto.tcl: Setting watchdog for 200 seconds at Sun May 13 01:03:28 UTC 2018
10 ms. Memory: 210432K Free: 186825K (89%)
ptolemy.util.test.WatchDog.cancel(): canceling Sun May 13 01:03:28 UTC 2018
------------------ testing $PTII/ptolemy/domains/de/test/auto/Modal3.xml
auto.tcl: Setting watchdog for 200 seconds at Sun May 13 01:03:28 UTC 2018
15 ms. Memory: 210432K Free: 190698K (91%)
ptolemy.util.test.WatchDog.cancel(): canceling Sun May 13 01:03:28 UTC 2018
auto.tcl: Setting watchdog for 200 seconds at Sun May 13 01:03:28 UTC 2018
13 ms. Memory: 210432K Free: 186824K (89%)
ptolemy.util.test.WatchDog.cancel(): canceling Sun May 13 01:03:28 UTC 2018
------------------ testing $PTII/ptolemy/domains/de/test/auto/Modal4.xml
auto.tcl: Setting watchdog for 200 seconds at Sun May 13 01:03:28 UTC 2018
23 ms. Memory: 208384K Free: 188550K (90%)
ptolemy.util.test.WatchDog.cancel(): canceling Sun May 13 01:03:28 UTC 2018
auto.tcl: Setting watchdog for 200 seconds at Sun May 13 01:03:28 UTC 2018
18 ms. Memory: 208384K Free: 184772K (89%)
ptolemy.util.test.WatchDog.cancel(): canceling Sun May 13 01:03:28 UTC 2018
------------------ testing $PTII/ptolemy/domains/de/test/auto/Modal5.xml
auto.tcl: Setting watchdog for 200 seconds at Sun May 13 01:03:28 UTC 2018
18 ms. Memory: 209920K Free: 190168K (91%)
ptolemy.util.test.WatchDog.cancel(): canceling Sun May 13 01:03:28 UTC 2018
auto.tcl: Setting watchdog for 200 seconds at Sun May 13 01:03:28 UTC 2018
13 ms. Memory: 209920K Free: 186390K (89%)
ptolemy.util.test.WatchDog.cancel(): canceling Sun May 13 01:03:28 UTC 2018
------------------ testing $PTII/ptolemy/domains/de/test/auto/Modal6.xml
auto.tcl: Setting watchdog for 200 seconds at Sun May 13 01:03:28 UTC 2018
12 ms. Memory: 209920K Free: 190166K (91%)
ptolemy.util.test.WatchDog.cancel(): canceling Sun May 13 01:03:28 UTC 2018
auto.tcl: Setting watchdog for 200 seconds at Sun May 13 01:03:28 UTC 2018
14 ms. Memory: 209920K Free: 186292K (89%)
ptolemy.util.test.WatchDog.cancel(): canceling Sun May 13 01:03:28 UTC 2018
------------------ testing $PTII/ptolemy/domains/de/test/auto/Modal7.xml
auto.tcl: Setting watchdog for 200 seconds at Sun May 13 01:03:28 UTC 2018
15 ms. Memory: 209920K Free: 188183K (90%)
ptolemy.util.test.WatchDog.cancel(): canceling Sun May 13 01:03:28 UTC 2018
auto.tcl: Setting watchdog for 200 seconds at Sun May 13 01:03:28 UTC 2018
10 ms. Memory: 209920K Free: 186294K (89%)
ptolemy.util.test.WatchDog.cancel(): canceling Sun May 13 01:03:28 UTC 2018
------------------ testing $PTII/ptolemy/domains/de/test/auto/ModalModel.xml
auto.tcl: Setting watchdog for 200 seconds at Sun May 13 01:03:28 UTC 2018
203 ms. Memory: 209920K Free: 129772K (62%)
ptolemy.util.test.WatchDog.cancel(): canceling Sun May 13 01:03:29 UTC 2018
auto.tcl: Setting watchdog for 200 seconds at Sun May 13 01:03:29 UTC 2018
170 ms. Memory: 209920K Free: 197429K (94%)
ptolemy.util.test.WatchDog.cancel(): canceling Sun May 13 01:03:29 UTC 2018
------------------ testing $PTII/ptolemy/domains/de/test/auto/ModalSource.xml
auto.tcl: Setting watchdog for 200 seconds at Sun May 13 01:03:29 UTC 2018
5 ms. Memory: 209920K Free: 195185K (93%)
ptolemy.util.test.WatchDog.cancel(): canceling Sun May 13 01:03:29 UTC 2018
auto.tcl: Setting watchdog for 200 seconds at Sun May 13 01:03:29 UTC 2018
5 ms. Memory: 209920K Free: 193450K (92%)
ptolemy.util.test.WatchDog.cancel(): canceling Sun May 13 01:03:29 UTC 2018
------------------ testing $PTII/ptolemy/domains/de/test/auto/NonInterruptibleTimerZeroDelay.xml
auto.tcl: Setting watchdog for 200 seconds at Sun May 13 01:03:29 UTC 2018
3 ms. Memory: 336896K Free: 326346K (97%)
ptolemy.util.test.WatchDog.cancel(): canceling Sun May 13 01:03:29 UTC 2018
auto.tcl: Setting watchdog for 200 seconds at Sun May 13 01:03:29 UTC 2018
3 ms. Memory: 336896K Free: 322875K (96%)
ptolemy.util.test.WatchDog.cancel(): canceling Sun May 13 01:03:29 UTC 2018
------------------ testing $PTII/ptolemy/domains/de/test/auto/OpenQueueingNetwork.xml
auto.tcl: Setting watchdog for 200 seconds at Sun May 13 01:03:29 UTC 2018
2647 ms. Memory: 336384K Free: 190870K (57%)
ptolemy.util.test.WatchDog.cancel(): canceling Sun May 13 01:03:32 UTC 2018
auto.tcl: Setting watchdog for 200 seconds at Sun May 13 01:03:32 UTC 2018
2368 ms. Memory: 314880K Free: 93224K (30%)
ptolemy.util.test.WatchDog.cancel(): canceling Sun May 13 01:03:34 UTC 2018
------------------ testing $PTII/ptolemy/domains/de/test/auto/OpenQueuingNetwork.xml
auto.tcl: Setting watchdog for 200 seconds at Sun May 13 01:03:34 UTC 2018
233 ms. Memory: 313344K Free: 213252K (68%)
ptolemy.util.test.WatchDog.cancel(): canceling Sun May 13 01:03:35 UTC 2018
auto.tcl: Setting watchdog for 200 seconds at Sun May 13 01:03:35 UTC 2018
227 ms. Memory: 313344K Free: 152060K (49%)
ptolemy.util.test.WatchDog.cancel(): canceling Sun May 13 01:03:35 UTC 2018
------------------ testing $PTII/ptolemy/domains/de/test/auto/PeriodicSampler.xml
auto.tcl: Setting watchdog for 200 seconds at Sun May 13 01:03:35 UTC 2018
3 ms. Memory: 314880K Free: 301849K (96%)
ptolemy.util.test.WatchDog.cancel(): canceling Sun May 13 01:03:35 UTC 2018
auto.tcl: Setting watchdog for 200 seconds at Sun May 13 01:03:35 UTC 2018
1 ms. Memory: 314880K Free: 298590K (95%)
ptolemy.util.test.WatchDog.cancel(): canceling Sun May 13 01:03:35 UTC 2018
------------------ testing $PTII/ptolemy/domains/de/test/auto/PersistentIO.xml
auto.tcl: Setting watchdog for 200 seconds at Sun May 13 01:03:35 UTC 2018
21 ms. Memory: 313344K Free: 294409K (94%)
ptolemy.util.test.WatchDog.cancel(): canceling Sun May 13 01:03:35 UTC 2018
auto.tcl: Setting watchdog for 200 seconds at Sun May 13 01:03:35 UTC 2018
4 ms. Memory: 313344K Free: 291166K (93%)
ptolemy.util.test.WatchDog.cancel(): canceling Sun May 13 01:03:35 UTC 2018
------------------ testing $PTII/ptolemy/domains/de/test/auto/PortParameterResetOnInitialize.xml
auto.tcl: Setting watchdog for 200 seconds at Sun May 13 01:03:35 UTC 2018
2 ms. Memory: 314880K Free: 301322K (96%)
ptolemy.util.test.WatchDog.cancel(): canceling Sun May 13 01:03:35 UTC 2018
auto.tcl: Setting watchdog for 200 seconds at Sun May 13 01:03:35 UTC 2018
2 ms. Memory: 314880K Free: 301322K (96%)
ptolemy.util.test.WatchDog.cancel(): canceling Sun May 13 01:03:35 UTC 2018
------------------ testing $PTII/ptolemy/domains/de/test/auto/PortParameterUpdates.xml
auto.tcl: Setting watchdog for 200 seconds at Sun May 13 01:03:35 UTC 2018
5 ms. Memory: 313344K Free: 299935K (96%)
ptolemy.util.test.WatchDog.cancel(): canceling Sun May 13 01:03:35 UTC 2018
auto.tcl: Setting watchdog for 200 seconds at Sun May 13 01:03:35 UTC 2018
5 ms. Memory: 313344K Free: 296683K (95%)
ptolemy.util.test.WatchDog.cancel(): canceling Sun May 13 01:03:35 UTC 2018
------------------ testing $PTII/ptolemy/domains/de/test/auto/QueueAndServer.xml
auto.tcl: Setting watchdog for 200 seconds at Sun May 13 01:03:35 UTC 2018
17 ms. Memory: 314368K Free: 300954K (96%)
ptolemy.util.test.WatchDog.cancel(): canceling Sun May 13 01:03:35 UTC 2018
auto.tcl: Setting watchdog for 200 seconds at Sun May 13 01:03:35 UTC 2018
9 ms. Memory: 314368K Free: 297662K (95%)
ptolemy.util.test.WatchDog.cancel(): canceling Sun May 13 01:03:35 UTC 2018
------------------ testing $PTII/ptolemy/domains/de/test/auto/Records.xml
auto.tcl: Setting watchdog for 200 seconds at Sun May 13 01:03:35 UTC 2018
4 ms. Memory: 313344K Free: 299824K (96%)
ptolemy.util.test.WatchDog.cancel(): canceling Sun May 13 01:03:35 UTC 2018
auto.tcl: Setting watchdog for 200 seconds at Sun May 13 01:03:35 UTC 2018
2 ms. Memory: 313344K Free: 299824K (96%)
ptolemy.util.test.WatchDog.cancel(): canceling Sun May 13 01:03:35 UTC 2018
------------------ testing $PTII/ptolemy/domains/de/test/auto/ResetTransitionWithStartTime1.xml
auto.tcl: Setting watchdog for 200 seconds at Sun May 13 01:03:35 UTC 2018
8 ms. Memory: 314368K Free: 297679K (95%)
ptolemy.util.test.WatchDog.cancel(): canceling Sun May 13 01:03:35 UTC 2018
auto.tcl: Setting watchdog for 200 seconds at Sun May 13 01:03:35 UTC 2018
5 ms. Memory: 314368K Free: 297631K (95%)
ptolemy.util.test.WatchDog.cancel(): canceling Sun May 13 01:03:35 UTC 2018
------------------ testing $PTII/ptolemy/domains/de/test/auto/ResetTransitionWithStartTime2.xml
auto.tcl: Setting watchdog for 200 seconds at Sun May 13 01:03:35 UTC 2018
5 ms. Memory: 313344K Free: 296630K (95%)
ptolemy.util.test.WatchDog.cancel(): canceling Sun May 13 01:03:35 UTC 2018
auto.tcl: Setting watchdog for 200 seconds at Sun May 13 01:03:35 UTC 2018
4 ms. Memory: 313344K Free: 296630K (95%)
ptolemy.util.test.WatchDog.cancel(): canceling Sun May 13 01:03:35 UTC 2018
------------------ testing $PTII/ptolemy/domains/de/test/auto/ResetTransitionWithStartTime3.xml
auto.tcl: Setting watchdog for 200 seconds at Sun May 13 01:03:36 UTC 2018
5 ms. Memory: 314368K Free: 297605K (95%)
ptolemy.util.test.WatchDog.cancel(): canceling Sun May 13 01:03:36 UTC 2018
auto.tcl: Setting watchdog for 200 seconds at Sun May 13 01:03:36 UTC 2018
6 ms. Memory: 314368K Free: 297605K (95%)
ptolemy.util.test.WatchDog.cancel(): canceling Sun May 13 01:03:36 UTC 2018
------------------ testing $PTII/ptolemy/domains/de/test/auto/ResetTransitionWithStartTime4.xml
auto.tcl: Setting watchdog for 200 seconds at Sun May 13 01:03:36 UTC 2018
4 ms. Memory: 313344K Free: 292004K (93%)
ptolemy.util.test.WatchDog.cancel(): canceling Sun May 13 01:03:36 UTC 2018
auto.tcl: Setting watchdog for 200 seconds at Sun May 13 01:03:36 UTC 2018
4 ms. Memory: 313344K Free: 292004K (93%)
ptolemy.util.test.WatchDog.cancel(): canceling Sun May 13 01:03:36 UTC 2018
------------------ testing $PTII/ptolemy/domains/de/test/auto/ResettableTimer1.xml
auto.tcl: Setting watchdog for 200 seconds at Sun May 13 01:03:36 UTC 2018
3 ms. Memory: 313856K Free: 300362K (96%)
ptolemy.util.test.WatchDog.cancel(): canceling Sun May 13 01:03:36 UTC 2018
auto.tcl: Setting watchdog for 200 seconds at Sun May 13 01:03:36 UTC 2018
2 ms. Memory: 313856K Free: 300362K (96%)
ptolemy.util.test.WatchDog.cancel(): canceling Sun May 13 01:03:36 UTC 2018
------------------ testing $PTII/ptolemy/domains/de/test/auto/ResettableTimer2.xml
auto.tcl: Setting watchdog for 200 seconds at Sun May 13 01:03:36 UTC 2018
1 ms. Memory: 313344K Free: 299940K (96%)
ptolemy.util.test.WatchDog.cancel(): canceling Sun May 13 01:03:36 UTC 2018
auto.tcl: Setting watchdog for 200 seconds at Sun May 13 01:03:36 UTC 2018
2 ms. Memory: 313344K Free: 299940K (96%)
ptolemy.util.test.WatchDog.cancel(): canceling Sun May 13 01:03:36 UTC 2018
------------------ testing $PTII/ptolemy/domains/de/test/auto/ResettableTimer3.xml
auto.tcl: Setting watchdog for 200 seconds at Sun May 13 01:03:36 UTC 2018
1 ms. Memory: 313856K Free: 300411K (96%)
ptolemy.util.test.WatchDog.cancel(): canceling Sun May 13 01:03:36 UTC 2018
auto.tcl: Setting watchdog for 200 seconds at Sun May 13 01:03:36 UTC 2018
1 ms. Memory: 313856K Free: 300411K (96%)
ptolemy.util.test.WatchDog.cancel(): canceling Sun May 13 01:03:36 UTC 2018
------------------ testing $PTII/ptolemy/domains/de/test/auto/ResettableTimer4.xml
auto.tcl: Setting watchdog for 200 seconds at Sun May 13 01:03:36 UTC 2018
1 ms. Memory: 313344K Free: 299960K (96%)
ptolemy.util.test.WatchDog.cancel(): canceling Sun May 13 01:03:36 UTC 2018
auto.tcl: Setting watchdog for 200 seconds at Sun May 13 01:03:36 UTC 2018
1 ms. Memory: 313344K Free: 299960K (96%)
ptolemy.util.test.WatchDog.cancel(): canceling Sun May 13 01:03:36 UTC 2018
------------------ testing $PTII/ptolemy/domains/de/test/auto/ResettableTimer5.xml
auto.tcl: Setting watchdog for 200 seconds at Sun May 13 01:03:36 UTC 2018
1 ms. Memory: 313856K Free: 298095K (95%)
ptolemy.util.test.WatchDog.cancel(): canceling Sun May 13 01:03:36 UTC 2018
auto.tcl: Setting watchdog for 200 seconds at Sun May 13 01:03:36 UTC 2018
1 ms. Memory: 313856K Free: 298095K (95%)
ptolemy.util.test.WatchDog.cancel(): canceling Sun May 13 01:03:36 UTC 2018
------------------ testing $PTII/ptolemy/domains/de/test/auto/ResettableTimer6.xml
auto.tcl: Setting watchdog for 200 seconds at Sun May 13 01:03:36 UTC 2018
4 ms. Memory: 313344K Free: 299852K (96%)
ptolemy.util.test.WatchDog.cancel(): canceling Sun May 13 01:03:36 UTC 2018
auto.tcl: Setting watchdog for 200 seconds at Sun May 13 01:03:36 UTC 2018
2 ms. Memory: 313344K Free: 299852K (96%)
ptolemy.util.test.WatchDog.cancel(): canceling Sun May 13 01:03:36 UTC 2018
------------------ testing $PTII/ptolemy/domains/de/test/auto/ServerZeroDelay.xml
auto.tcl: Setting watchdog for 200 seconds at Sun May 13 01:03:36 UTC 2018
3 ms. Memory: 313856K Free: 303662K (97%)
ptolemy.util.test.WatchDog.cancel(): canceling Sun May 13 01:03:36 UTC 2018
auto.tcl: Setting watchdog for 200 seconds at Sun May 13 01:03:36 UTC 2018
2 ms. Memory: 313856K Free: 300402K (96%)
ptolemy.util.test.WatchDog.cancel(): canceling Sun May 13 01:03:36 UTC 2018
------------------ testing $PTII/ptolemy/domains/de/test/auto/SmartSender.xml
auto.tcl: Setting watchdog for 200 seconds at Sun May 13 01:03:36 UTC 2018
3002 ms. Memory: 313344K Free: 299885K (96%)
ptolemy.util.test.WatchDog.cancel(): canceling Sun May 13 01:03:39 UTC 2018
auto.tcl: Setting watchdog for 200 seconds at Sun May 13 01:03:39 UTC 2018
3003 ms. Memory: 313344K Free: 299885K (96%)
ptolemy.util.test.WatchDog.cancel(): canceling Sun May 13 01:03:42 UTC 2018
------------------ testing $PTII/ptolemy/domains/de/test/auto/ThreadedComposite.xml
auto.tcl: Setting watchdog for 200 seconds at Sun May 13 01:03:42 UTC 2018
209 ms. Memory: 313856K Free: 277640K (88%)
ptolemy.util.test.WatchDog.cancel(): canceling Sun May 13 01:03:42 UTC 2018
auto.tcl: Setting watchdog for 200 seconds at Sun May 13 01:03:42 UTC 2018
130 ms. Memory: 313856K Free: 261875K (83%)
ptolemy.util.test.WatchDog.cancel(): canceling Sun May 13 01:03:43 UTC 2018
------------------ testing $PTII/ptolemy/domains/de/test/auto/Time.xml
auto.tcl: Setting watchdog for 200 seconds at Sun May 13 01:03:43 UTC 2018
507 ms. Memory: 313344K Free: 246213K (79%)
ptolemy.util.test.WatchDog.cancel(): canceling Sun May 13 01:03:43 UTC 2018
auto.tcl: Setting watchdog for 200 seconds at Sun May 13 01:03:43 UTC 2018
461 ms. Memory: 313344K Free: 191070K (61%)
ptolemy.util.test.WatchDog.cancel(): canceling Sun May 13 01:03:44 UTC 2018
------------------ testing $PTII/ptolemy/domains/de/test/auto/TimeDelayZeroDelay.xml
auto.tcl: Setting watchdog for 200 seconds at Sun May 13 01:03:44 UTC 2018
2 ms. Memory: 313856K Free: 300956K (96%)
ptolemy.util.test.WatchDog.cancel(): canceling Sun May 13 01:03:44 UTC 2018
auto.tcl: Setting watchdog for 200 seconds at Sun May 13 01:03:44 UTC 2018
2 ms. Memory: 313856K Free: 300956K (96%)
ptolemy.util.test.WatchDog.cancel(): canceling Sun May 13 01:03:44 UTC 2018
------------------ testing $PTII/ptolemy/domains/de/test/auto/TimerZeroDelay.xml
auto.tcl: Setting watchdog for 200 seconds at Sun May 13 01:03:44 UTC 2018
4 ms. Memory: 313344K Free: 300519K (96%)
ptolemy.util.test.WatchDog.cancel(): canceling Sun May 13 01:03:44 UTC 2018
auto.tcl: Setting watchdog for 200 seconds at Sun May 13 01:03:44 UTC 2018
2 ms. Memory: 313344K Free: 300519K (96%)
ptolemy.util.test.WatchDog.cancel(): canceling Sun May 13 01:03:44 UTC 2018
------------------ testing $PTII/ptolemy/domains/de/test/auto/TimingParadox.xml
auto.tcl: Setting watchdog for 200 seconds at Sun May 13 01:03:44 UTC 2018
328 ms. Memory: 313856K Free: 234655K (75%)
ptolemy.util.test.WatchDog.cancel(): canceling Sun May 13 01:03:44 UTC 2018
auto.tcl: Setting watchdog for 200 seconds at Sun May 13 01:03:44 UTC 2018
303 ms. Memory: 313856K Free: 196728K (63%)
ptolemy.util.test.WatchDog.cancel(): canceling Sun May 13 01:03:44 UTC 2018
------------------ testing $PTII/ptolemy/domains/de/test/auto/TransferInputs.xml
auto.tcl: Setting watchdog for 200 seconds at Sun May 13 01:03:45 UTC 2018
2 ms. Memory: 313856K Free: 299919K (96%)
ptolemy.util.test.WatchDog.cancel(): canceling Sun May 13 01:03:45 UTC 2018
auto.tcl: Setting watchdog for 200 seconds at Sun May 13 01:03:45 UTC 2018
1 ms. Memory: 313856K Free: 299919K (96%)
ptolemy.util.test.WatchDog.cancel(): canceling Sun May 13 01:03:45 UTC 2018
------------------ testing $PTII/ptolemy/domains/de/test/auto/TransferOutputs2.xml
auto.tcl: Setting watchdog for 200 seconds at Sun May 13 01:03:45 UTC 2018
2 ms. Memory: 313344K Free: 295273K (94%)
ptolemy.util.test.WatchDog.cancel(): canceling Sun May 13 01:03:45 UTC 2018
auto.tcl: Setting watchdog for 200 seconds at Sun May 13 01:03:45 UTC 2018
3 ms. Memory: 313344K Free: 295273K (94%)
ptolemy.util.test.WatchDog.cancel(): canceling Sun May 13 01:03:45 UTC 2018
------------------ testing $PTII/ptolemy/domains/de/test/auto/Trilateration.xml
auto.tcl: Setting watchdog for 200 seconds at Sun May 13 01:03:45 UTC 2018
13400 ms. Memory: 648704K Free: 257115K (40%)
ptolemy.util.test.WatchDog.cancel(): canceling Sun May 13 01:03:59 UTC 2018
auto.tcl: Setting watchdog for 200 seconds at Sun May 13 01:03:59 UTC 2018
11575 ms. Memory: 531968K Free: 128765K (24%)
ptolemy.util.test.WatchDog.cancel(): canceling Sun May 13 01:04:11 UTC 2018
------------------ testing $PTII/ptolemy/domains/de/test/auto/TwoSigmaDelta.xml
auto.tcl: Setting watchdog for 200 seconds at Sun May 13 01:04:11 UTC 2018
2731 ms. Memory: 528384K Free: 218238K (41%)
ptolemy.util.test.WatchDog.cancel(): canceling Sun May 13 01:04:14 UTC 2018
auto.tcl: Setting watchdog for 200 seconds at Sun May 13 01:04:14 UTC 2018
2089 ms. Memory: 510976K Free: 410437K (80%)
ptolemy.util.test.WatchDog.cancel(): canceling Sun May 13 01:04:16 UTC 2018
------------------ testing $PTII/ptolemy/domains/de/test/auto/VariableDelay.xml
auto.tcl: Setting watchdog for 200 seconds at Sun May 13 01:04:16 UTC 2018
2 ms. Memory: 507904K Free: 487756K (96%)
ptolemy.util.test.WatchDog.cancel(): canceling Sun May 13 01:04:16 UTC 2018
auto.tcl: Setting watchdog for 200 seconds at Sun May 13 01:04:16 UTC 2018
1 ms. Memory: 507904K Free: 487756K (96%)
ptolemy.util.test.WatchDog.cancel(): canceling Sun May 13 01:04:16 UTC 2018
------------------ testing $PTII/ptolemy/domains/de/test/auto/VariableDelay2.xml
auto.tcl: Setting watchdog for 200 seconds at Sun May 13 01:04:16 UTC 2018
2 ms. Memory: 510464K Free: 494988K (97%)
ptolemy.util.test.WatchDog.cancel(): canceling Sun May 13 01:04:16 UTC 2018
auto.tcl: Setting watchdog for 200 seconds at Sun May 13 01:04:16 UTC 2018
2 ms. Memory: 510464K Free: 494988K (97%)
ptolemy.util.test.WatchDog.cancel(): canceling Sun May 13 01:04:16 UTC 2018
------------------ testing $PTII/ptolemy/domains/de/test/auto/VariableDelayZeroDelay.xml
auto.tcl: Setting watchdog for 200 seconds at Sun May 13 01:04:16 UTC 2018
2 ms. Memory: 507904K Free: 488162K (96%)
ptolemy.util.test.WatchDog.cancel(): canceling Sun May 13 01:04:16 UTC 2018
auto.tcl: Setting watchdog for 200 seconds at Sun May 13 01:04:16 UTC 2018
5 ms. Memory: 507904K Free: 488162K (96%)
ptolemy.util.test.WatchDog.cancel(): canceling Sun May 13 01:04:16 UTC 2018
------------------ testing $PTII/ptolemy/domains/de/test/auto/VariableDelayZeroDelay2.xml
auto.tcl: Setting watchdog for 200 seconds at Sun May 13 01:04:16 UTC 2018
4 ms. Memory: 510464K Free: 482190K (94%)
ptolemy.util.test.WatchDog.cancel(): canceling Sun May 13 01:04:16 UTC 2018
auto.tcl: Setting watchdog for 200 seconds at Sun May 13 01:04:16 UTC 2018
1 ms. Memory: 510464K Free: 482190K (94%)
ptolemy.util.test.WatchDog.cancel(): canceling Sun May 13 01:04:16 UTC 2018
------------------ testing $PTII/ptolemy/domains/de/test/auto/deInCt.xml
auto.tcl: Setting watchdog for 200 seconds at Sun May 13 01:04:16 UTC 2018
0
1
1
1
0
0
0
1
1
1
1
0
0
0
0
0
1
1
1
0
0
0
0
0
0
0
6 ms. Memory: 507904K Free: 492419K (97%)
ptolemy.util.test.WatchDog.cancel(): canceling Sun May 13 01:04:16 UTC 2018
auto.tcl: Setting watchdog for 200 seconds at Sun May 13 01:04:16 UTC 2018
0
1
1
1
1
0
0
0
0
1
1
1
1
0
0
0
1
1
1
0
0
1
1
1
1
0
0
0
1
1
1
0
0
0
0
0
4 ms. Memory: 507904K Free: 492419K (97%)
ptolemy.util.test.WatchDog.cancel(): canceling Sun May 13 01:04:16 UTC 2018
------------------ testing $PTII/ptolemy/domains/de/test/auto/deInCt2.xml
auto.tcl: Setting watchdog for 200 seconds at Sun May 13 01:04:16 UTC 2018
0
1
1
1
0
0
1
1
1
0
0
1
1
1
0
0
1
1
1
0
0
1
1
1
0
0
1
1
1
0
0
1
1
1
0
0
1
1
1
0
0
0
14 ms. Memory: 509952K Free: 494467K (97%)
ptolemy.util.test.WatchDog.cancel(): canceling Sun May 13 01:04:16 UTC 2018
auto.tcl: Setting watchdog for 200 seconds at Sun May 13 01:04:16 UTC 2018
0
1
1
1
0
0
1
1
1
0
0
1
1
1
0
0
1
1
1
0
0
1
1
1
0
0
1
1
1
0
0
1
1
1
0
0
1
1
1
0
0
0
5 ms. Memory: 509952K Free: 494467K (97%)
ptolemy.util.test.WatchDog.cancel(): canceling Sun May 13 01:04:16 UTC 2018
------------------ testing $PTII/ptolemy/domains/de/test/auto/dynamicCausalityInterface1.xml
auto.tcl: Setting watchdog for 200 seconds at Sun May 13 01:04:16 UTC 2018
1 ms. Memory: 507904K Free: 486004K (96%)
ptolemy.util.test.WatchDog.cancel(): canceling Sun May 13 01:04:16 UTC 2018
auto.tcl: Setting watchdog for 200 seconds at Sun May 13 01:04:16 UTC 2018
1 ms. Memory: 507904K Free: 486004K (96%)
ptolemy.util.test.WatchDog.cancel(): canceling Sun May 13 01:04:16 UTC 2018
------------------ testing $PTII/ptolemy/domains/de/test/auto/fsm_de_test.xml
auto.tcl: Setting watchdog for 200 seconds at Sun May 13 01:04:16 UTC 2018
11 ms. Memory: 509440K Free: 487435K (96%)
ptolemy.util.test.WatchDog.cancel(): canceling Sun May 13 01:04:16 UTC 2018
auto.tcl: Setting watchdog for 200 seconds at Sun May 13 01:04:16 UTC 2018
4 ms. Memory: 509440K Free: 487435K (96%)
ptolemy.util.test.WatchDog.cancel(): canceling Sun May 13 01:04:16 UTC 2018
------------------ testing $PTII/ptolemy/domains/de/test/auto/functionDependencyReconstruction.xml
auto.tcl: Setting watchdog for 200 seconds at Sun May 13 01:04:16 UTC 2018
2 ms. Memory: 507904K Free: 475233K (94%)
ptolemy.util.test.WatchDog.cancel(): canceling Sun May 13 01:04:16 UTC 2018
auto.tcl: Setting watchdog for 200 seconds at Sun May 13 01:04:16 UTC 2018
3 ms. Memory: 507904K Free: 475233K (94%)
ptolemy.util.test.WatchDog.cancel(): canceling Sun May 13 01:04:16 UTC 2018
------------------ testing $PTII/ptolemy/domains/de/test/auto/multirate.xml
auto.tcl: Setting watchdog for 200 seconds at Sun May 13 01:04:16 UTC 2018
2 ms. Memory: 509440K Free: 493715K (97%)
ptolemy.util.test.WatchDog.cancel(): canceling Sun May 13 01:04:16 UTC 2018
auto.tcl: Setting watchdog for 200 seconds at Sun May 13 01:04:16 UTC 2018
3 ms. Memory: 509440K Free: 487309K (96%)
ptolemy.util.test.WatchDog.cancel(): canceling Sun May 13 01:04:16 UTC 2018
------------------ testing $PTII/ptolemy/domains/de/test/auto/multirate2.xml
auto.tcl: Setting watchdog for 200 seconds at Sun May 13 01:04:17 UTC 2018
5 ms. Memory: 507904K Free: 488103K (96%)
ptolemy.util.test.WatchDog.cancel(): canceling Sun May 13 01:04:17 UTC 2018
auto.tcl: Setting watchdog for 200 seconds at Sun May 13 01:04:17 UTC 2018
3 ms. Memory: 507904K Free: 481698K (95%)
ptolemy.util.test.WatchDog.cancel(): canceling Sun May 13 01:04:17 UTC 2018
------------------ testing $PTII/ptolemy/domains/de/test/auto/realtime.xml
auto.tcl: Setting watchdog for 200 seconds at Sun May 13 01:04:17 UTC 2018
10001 ms. Memory: 508928K Free: 489123K (96%)
ptolemy.util.test.WatchDog.cancel(): canceling Sun May 13 01:04:27 UTC 2018
auto.tcl: Setting watchdog for 200 seconds at Sun May 13 01:04:27 UTC 2018
10001 ms. Memory: 508928K Free: 489123K (96%)
ptolemy.util.test.WatchDog.cancel(): canceling Sun May 13 01:04:37 UTC 2018
------------------ testing $PTII/ptolemy/domains/de/test/auto/relationGroup.xml
auto.tcl: Setting watchdog for 200 seconds at Sun May 13 01:04:37 UTC 2018
1 ms. Memory: 507904K Free: 492393K (97%)
ptolemy.util.test.WatchDog.cancel(): canceling Sun May 13 01:04:37 UTC 2018
auto.tcl: Setting watchdog for 200 seconds at Sun May 13 01:04:37 UTC 2018
1 ms. Memory: 507904K Free: 492393K (97%)
ptolemy.util.test.WatchDog.cancel(): canceling Sun May 13 01:04:37 UTC 2018
------------------ testing $PTII/ptolemy/domains/de/test/auto/relationGroup2.xml
auto.tcl: Setting watchdog for 200 seconds at Sun May 13 01:04:37 UTC 2018
1 ms. Memory: 508928K Free: 489178K (96%)
ptolemy.util.test.WatchDog.cancel(): canceling Sun May 13 01:04:37 UTC 2018
auto.tcl: Setting watchdog for 200 seconds at Sun May 13 01:04:37 UTC 2018
1 ms. Memory: 508928K Free: 489178K (96%)
ptolemy.util.test.WatchDog.cancel(): canceling Sun May 13 01:04:37 UTC 2018
------------------ testing $PTII/ptolemy/domains/de/test/auto/sortWithOpaquePorts.xml
auto.tcl: Setting watchdog for 200 seconds at Sun May 13 01:04:37 UTC 2018
1 ms. Memory: 507904K Free: 488154K (96%)
ptolemy.util.test.WatchDog.cancel(): canceling Sun May 13 01:04:37 UTC 2018
auto.tcl: Setting watchdog for 200 seconds at Sun May 13 01:04:37 UTC 2018
1 ms. Memory: 507904K Free: 488154K (96%)
ptolemy.util.test.WatchDog.cancel(): canceling Sun May 13 01:04:37 UTC 2018
------------------ testing $PTII/ptolemy/domains/de/test/auto/transferInputsandOutputs.xml
auto.tcl: Setting watchdog for 200 seconds at Sun May 13 01:04:37 UTC 2018
1 ms. Memory: 508928K Free: 489166K (96%)
ptolemy.util.test.WatchDog.cancel(): canceling Sun May 13 01:04:37 UTC 2018
auto.tcl: Setting watchdog for 200 seconds at Sun May 13 01:04:37 UTC 2018
1 ms. Memory: 508928K Free: 482752K (95%)
ptolemy.util.test.WatchDog.cancel(): canceling Sun May 13 01:04:37 UTC 2018
------------------ testing $PTII/ptolemy/domains/de/test/auto/triggerType.xml
auto.tcl: Setting watchdog for 200 seconds at Sun May 13 01:04:37 UTC 2018
5 ms. Memory: 507904K Free: 488093K (96%)
ptolemy.util.test.WatchDog.cancel(): canceling Sun May 13 01:04:37 UTC 2018
auto.tcl: Setting watchdog for 200 seconds at Sun May 13 01:04:37 UTC 2018
1 ms. Memory: 507904K Free: 488093K (96%)
ptolemy.util.test.WatchDog.cancel(): canceling Sun May 13 01:04:37 UTC 2018
05/13/18 01:04:37
Failed: 0  Total Tests: 192  ((Passed: 187, Newly Passed: 1)  Known Failed: 5) /home/travis/build/icyphy/ptII/ptolemy/domains/de/test
05/13/18 01:04:37
Failed: 0  Total Tests: 192  ((Passed: 187, Newly Passed: 1)  Known Failed: 5) /home/travis/build/icyphy/ptII/ptolemy/domains/de/test
----------------- testing (KnownFailure) /home/travis/build/icyphy/ptII/ptolemy/domains/de/test/auto/knownFailedTests/DESDFClockTest.xml
2014 ms. Memory: 508416K Free: 471587K (93%)
Known Failure: java.lang.reflect.InvocationTargetException
----------------- testing (KnownFailure) /home/travis/build/icyphy/ptII/ptolemy/domains/de/test/auto/knownFailedTests/DirectFeedback.xml
1 ms. Memory: 508416K Free: 437467K (86%)
Known Failure: java.lang.reflect.InvocationTargetException
----------------- testing (KnownFailure) /home/travis/build/icyphy/ptII/ptolemy/domains/de/test/auto/knownFailedTests/FSMSource.xml
11 ms. Memory: 508416K Free: 403347K (79%)
----------------- testing (KnownFailure) /home/travis/build/icyphy/ptII/ptolemy/domains/de/test/auto/knownFailedTests/HierarchicalModel.xml
2 ms. Memory: 508416K Free: 377758K (74%)
Known Failure: java.lang.reflect.InvocationTargetException
----------------- testing (KnownFailure) /home/travis/build/icyphy/ptII/ptolemy/domains/de/test/auto/knownFailedTests/dependencyLoop.xml
2 ms. Memory: 508416K Free: 335092K (66%)
Known Failure: java.lang.reflect.InvocationTargetException
----------------- testing (KnownFailure) /home/travis/build/icyphy/ptII/ptolemy/domains/de/test/auto/knownFailedTests/dependencyLoop2.xml
2 ms. Memory: 508416K Free: 292426K (58%)
Known Failure: java.lang.reflect.InvocationTargetException
No auto/*.xml tests in /home/travis/build/icyphy/ptII/ptolemy/domains/de/test
AutoTests.java: About to close Vertx.
AutoTests.java: Vertx closed.
----------------- testing Sun May 13 01:04:39 UTC 2018 /home/travis/build/icyphy/ptII/ptolemy/domains/de/test/auto/ActorDepthCalculation_actorWithoutPorts.xml
----------------- Instantiating /home/travis/build/icyphy/ptII/ptolemy/domains/de/test/auto/ActorDepthCalculation_actorWithoutPorts.xml
1 ms. Memory: 508416K Free: 249776K (49%)
----------------- Invoking toplevel() on ptolemy.moml.MoMLSimpleApplication@d41e114
----------------- Done invoking toplevel() on ptolemy.moml.MoMLSimpleApplication@d41e114
reloadAllAccessors: .ActorDepthCalculation_actorWithoutPorts
----------------- testing Sun May 13 01:04:39 UTC 2018 /home/travis/build/icyphy/ptII/ptolemy/domains/de/test/auto/AssemblyLine.xml
----------------- Instantiating /home/travis/build/icyphy/ptII/ptolemy/domains/de/test/auto/AssemblyLine.xml
2 ms. Memory: 508416K Free: 232716K (46%)
----------------- Invoking toplevel() on ptolemy.moml.MoMLSimpleApplication@40a2a29f
----------------- Done invoking toplevel() on ptolemy.moml.MoMLSimpleApplication@40a2a29f
reloadAllAccessors: .AssemblyLine
----------------- testing Sun May 13 01:04:39 UTC 2018 /home/travis/build/icyphy/ptII/ptolemy/domains/de/test/auto/CQBug1.xml
----------------- Instantiating /home/travis/build/icyphy/ptII/ptolemy/domains/de/test/auto/CQBug1.xml
0 ms. Memory: 508416K Free: 215656K (42%)
----------------- Invoking toplevel() on ptolemy.moml.MoMLSimpleApplication@7a7c9ea
----------------- Done invoking toplevel() on ptolemy.moml.MoMLSimpleApplication@7a7c9ea
reloadAllAccessors: .CQBug1
----------------- testing Sun May 13 01:04:39 UTC 2018 /home/travis/build/icyphy/ptII/ptolemy/domains/de/test/auto/CancelFireAt.xml
----------------- Instantiating /home/travis/build/icyphy/ptII/ptolemy/domains/de/test/auto/CancelFireAt.xml
0 ms. Memory: 508416K Free: 198596K (39%)
----------------- Invoking toplevel() on ptolemy.moml.MoMLSimpleApplication@2cace9d9
----------------- Done invoking toplevel() on ptolemy.moml.MoMLSimpleApplication@2cace9d9
reloadAllAccessors: .CancelFireAt
----------------- testing Sun May 13 01:04:39 UTC 2018 /home/travis/build/icyphy/ptII/ptolemy/domains/de/test/auto/CausalityAndComposabilityAnalysis.xml
----------------- Instantiating /home/travis/build/icyphy/ptII/ptolemy/domains/de/test/auto/CausalityAndComposabilityAnalysis.xml
1 ms. Memory: 508416K Free: 181536K (36%)
----------------- Invoking toplevel() on ptolemy.moml.MoMLSimpleApplication@33e3717
----------------- Done invoking toplevel() on ptolemy.moml.MoMLSimpleApplication@33e3717
reloadAllAccessors: .CausalityAndComposabilityAnalysis
----------------- testing Sun May 13 01:04:39 UTC 2018 /home/travis/build/icyphy/ptII/ptolemy/domains/de/test/auto/CausalityInterface1.xml
----------------- Instantiating /home/travis/build/icyphy/ptII/ptolemy/domains/de/test/auto/CausalityInterface1.xml
3 ms. Memory: 508416K Free: 164476K (32%)
----------------- Invoking toplevel() on ptolemy.moml.MoMLSimpleApplication@ccfaff
----------------- Done invoking toplevel() on ptolemy.moml.MoMLSimpleApplication@ccfaff
reloadAllAccessors: .CausalityInterface1
----------------- testing Sun May 13 01:04:39 UTC 2018 /home/travis/build/icyphy/ptII/ptolemy/domains/de/test/auto/CausalityInterface15.xml
----------------- Instantiating /home/travis/build/icyphy/ptII/ptolemy/domains/de/test/auto/CausalityInterface15.xml
1 ms. Memory: 508416K Free: 147416K (29%)
----------------- Invoking toplevel() on ptolemy.moml.MoMLSimpleApplication@618d7f04
----------------- Done invoking toplevel() on ptolemy.moml.MoMLSimpleApplication@618d7f04
reloadAllAccessors: .CausalityInterface15
----------------- testing Sun May 13 01:04:39 UTC 2018 /home/travis/build/icyphy/ptII/ptolemy/domains/de/test/auto/CausalityInterface2.xml
----------------- Instantiating /home/travis/build/icyphy/ptII/ptolemy/domains/de/test/auto/CausalityInterface2.xml
1 ms. Memory: 508416K Free: 130356K (26%)
----------------- Invoking toplevel() on ptolemy.moml.MoMLSimpleApplication@b402ec
----------------- Done invoking toplevel() on ptolemy.moml.MoMLSimpleApplication@b402ec
reloadAllAccessors: .CausalityInterface2
----------------- testing Sun May 13 01:04:39 UTC 2018 /home/travis/build/icyphy/ptII/ptolemy/domains/de/test/auto/CausalityInterface3.xml
[...]
java.lang.RuntimeException: Execution failed
	at ptolemy.moml.MoMLSimpleApplication$UnloadThread.run(MoMLSimpleApplication.java:402)
Caused by: ptolemy.kernel.util.IllegalActionException: Test fails in iteration 1.
Value was: 1.0. Should have been: 2.0
  in .DirectFeedback.Test
	at ptolemy.actor.lib.Test.fire(Test.java:268)
	at ptolemy.domains.de.kernel.DEDirector._fire(DEDirector.java:1948)
	at ptolemy.domains.de.kernel.DEDirector.fire(DEDirector.java:502)
	at ptolemy.actor.CompositeActor.fire(CompositeActor.java:455)
	at ptolemy.actor.Manager.iterate(Manager.java:851)
	at ptolemy.actor.Manager.execute(Manager.java:369)
	at ptolemy.actor.Manager.run(Manager.java:1263)
	at ptolemy.actor.Manager$PtolemyRunThread.run(Manager.java:1915)
java.lang.RuntimeException: Execution failed
	at ptolemy.moml.MoMLSimpleApplication$UnloadThread.run(MoMLSimpleApplication.java:402)
Caused by: ptolemy.kernel.util.IllegalActionException: Actor is not ready to fire.  Perhaps UpSample.prefire() returned false? Try debugging the actor by selecting "Listen to Actor".  Also, for SDF check moml for tokenConsumptionRate on input.
  in .DESDFClockTest.Play Bell.Copy1:SDF Director and .DESDFClockTest.Play Bell.UpSample
	at ptolemy.actor.sched.StaticSchedulingDirector.fire(StaticSchedulingDirector.java:227)
	at ptolemy.domains.sdf.kernel.SDFDirector.fire(SDFDirector.java:500)
	at ptolemy.actor.CompositeActor.fire(CompositeActor.java:455)
	at ptolemy.domains.de.kernel.DEDirector._fire(DEDirector.java:1948)
	at ptolemy.domains.de.kernel.DEDirector.fire(DEDirector.java:502)
	at ptolemy.actor.CompositeActor.fire(CompositeActor.java:455)
	at ptolemy.actor.Manager.iterate(Manager.java:851)
	at ptolemy.actor.Manager.execute(Manager.java:369)
	at ptolemy.actor.Manager.run(Manager.java:1263)
	at ptolemy.actor.Manager$PtolemyRunThread.run(Manager.java:1915)
java.lang.reflect.InvocationTargetException
	at sun.reflect.NativeConstructorAccessorImpl.newInstance0(Native Method)
	at sun.reflect.NativeConstructorAccessorImpl.newInstance(NativeConstructorAccessorImpl.java:62)
	at sun.reflect.DelegatingConstructorAccessorImpl.newInstance(DelegatingConstructorAccessorImpl.java:45)
	at java.lang.reflect.Constructor.newInstance(Constructor.java:423)
	at ptolemy.util.test.junit.AutoKnownFailedTests.RunModel(AutoKnownFailedTests.java:107)
	at sun.reflect.NativeMethodAccessorImpl.invoke0(Native Method)
	at sun.reflect.NativeMethodAccessorImpl.invoke(NativeMethodAccessorImpl.java:62)
	at sun.reflect.DelegatingMethodAccessorImpl.invoke(DelegatingMethodAccessorImpl.java:43)
	at java.lang.reflect.Method.invoke(Method.java:498)
	at org.junit.runners.model.FrameworkMethod$1.runReflectiveCall(FrameworkMethod.java:44)
	at org.junit.internal.runners.model.ReflectiveCallable.run(ReflectiveCallable.java:15)
	at org.junit.runners.model.FrameworkMethod.invokeExplosively(FrameworkMethod.java:41)
	at junitparams.internal.InvokeParameterisedMethod.evaluate(InvokeParameterisedMethod.java:102)
	at org.junit.internal.runners.statements.FailOnTimeout$1.run(FailOnTimeout.java:28)
Caused by: ptolemy.kernel.util.IllegalActionException: Actor is not ready to fire.  Perhaps UpSample.prefire() returned false? Try debugging the actor by selecting "Listen to Actor".  Also, for SDF check moml for tokenConsumptionRate on input.
  in .DESDFClockTest.Play Bell.Copy1:SDF Director and .DESDFClockTest.Play Bell.UpSample
	at ptolemy.actor.sched.StaticSchedulingDirector.fire(StaticSchedulingDirector.java:227)
	at ptolemy.domains.sdf.kernel.SDFDirector.fire(SDFDirector.java:500)
	at ptolemy.actor.CompositeActor.fire(CompositeActor.java:455)
	at ptolemy.domains.de.kernel.DEDirector._fire(DEDirector.java:1948)
	at ptolemy.domains.de.kernel.DEDirector.fire(DEDirector.java:502)
	at ptolemy.actor.CompositeActor.fire(CompositeActor.java:455)
	at ptolemy.actor.Manager.iterate(Manager.java:851)
	at ptolemy.actor.Manager.execute(Manager.java:369)
	at ptolemy.actor.Manager.run(Manager.java:1263)
	at ptolemy.actor.Manager$PtolemyRunThread.run(Manager.java:1915)
java.lang.RuntimeException: Execution failed
	at ptolemy.moml.MoMLSimpleApplication$UnloadThread.run(MoMLSimpleApplication.java:402)
Caused by: ptolemy.kernel.util.IllegalActionException: Test fails in iteration 1.
Value was: 1.0. Should have been: 2.0
  in .DirectFeedback.Test
	at ptolemy.actor.lib.Test.fire(Test.java:268)
	at ptolemy.domains.de.kernel.DEDirector._fire(DEDirector.java:1948)
	at ptolemy.domains.de.kernel.DEDirector.fire(DEDirector.java:502)
	at ptolemy.actor.CompositeActor.fire(CompositeActor.java:455)
	at ptolemy.actor.Manager.iterate(Manager.java:851)
	at ptolemy.actor.Manager.execute(Manager.java:369)
	at ptolemy.actor.Manager.run(Manager.java:1263)
	at ptolemy.actor.Manager$PtolemyRunThread.run(Manager.java:1915)
java.lang.reflect.InvocationTargetException
	at sun.reflect.NativeConstructorAccessorImpl.newInstance0(Native Method)
	at sun.reflect.NativeConstructorAccessorImpl.newInstance(NativeConstructorAccessorImpl.java:62)
	at sun.reflect.DelegatingConstructorAccessorImpl.newInstance(DelegatingConstructorAccessorImpl.java:45)
	at java.lang.reflect.Constructor.newInstance(Constructor.java:423)
	at ptolemy.util.test.junit.AutoKnownFailedTests.RunModel(AutoKnownFailedTests.java:107)
	at sun.reflect.NativeMethodAccessorImpl.invoke0(Native Method)
	at sun.reflect.NativeMethodAccessorImpl.invoke(NativeMethodAccessorImpl.java:62)
	at sun.reflect.DelegatingMethodAccessorImpl.invoke(DelegatingMethodAccessorImpl.java:43)
	at java.lang.reflect.Method.invoke(Method.java:498)
	at org.junit.runners.model.FrameworkMethod$1.runReflectiveCall(FrameworkMethod.java:44)
	at org.junit.internal.runners.model.ReflectiveCallable.run(ReflectiveCallable.java:15)
	at org.junit.runners.model.FrameworkMethod.invokeExplosively(FrameworkMethod.java:41)
	at junitparams.internal.InvokeParameterisedMethod.evaluate(InvokeParameterisedMethod.java:102)
	at org.junit.internal.runners.statements.FailOnTimeout$1.run(FailOnTimeout.java:28)
Caused by: ptolemy.kernel.util.IllegalActionException: Test fails in iteration 1.
Value was: 1.0. Should have been: 2.0
  in .DirectFeedback.Test
	at ptolemy.actor.lib.Test.fire(Test.java:268)
	at ptolemy.domains.de.kernel.DEDirector._fire(DEDirector.java:1948)
	at ptolemy.domains.de.kernel.DEDirector.fire(DEDirector.java:502)
	at ptolemy.actor.CompositeActor.fire(CompositeActor.java:455)
	at ptolemy.actor.Manager.iterate(Manager.java:851)
	at ptolemy.actor.Manager.execute(Manager.java:369)
	at ptolemy.actor.Manager.run(Manager.java:1263)
	at ptolemy.actor.Manager$PtolemyRunThread.run(Manager.java:1915)
java.lang.RuntimeException: Execution failed
	at ptolemy.moml.MoMLSimpleApplication$UnloadThread.run(MoMLSimpleApplication.java:402)
Caused by: ptolemy.kernel.util.IllegalActionException: Found a zero delay loop containing .HierarchicalModel.A
  in .HierarchicalModel and .HierarchicalModel.A
	at ptolemy.actor.util.CausalityInterfaceForComposites._computeOutputPortDepth(CausalityInterfaceForComposites.java:759)
	at ptolemy.actor.util.CausalityInterfaceForComposites._computeInputDepth(CausalityInterfaceForComposites.java:696)
	at ptolemy.actor.util.CausalityInterfaceForComposites._computeOutputPortDepth(CausalityInterfaceForComposites.java:765)
	at ptolemy.actor.util.CausalityInterfaceForComposites._computeInputDepth(CausalityInterfaceForComposites.java:696)
	at ptolemy.actor.util.CausalityInterfaceForComposites._computeOutputPortDepth(CausalityInterfaceForComposites.java:765)
	at ptolemy.actor.util.CausalityInterfaceForComposites._computeInputDepth(CausalityInterfaceForComposites.java:696)
	at ptolemy.actor.util.CausalityInterfaceForComposites._computeActorDepth(CausalityInterfaceForComposites.java:532)
	at ptolemy.actor.util.CausalityInterfaceForComposites.checkForCycles(CausalityInterfaceForComposites.java:96)
	at ptolemy.domains.de.kernel.DEDirector.preinitialize(DEDirector.java:1337)
	at ptolemy.actor.CompositeActor.preinitialize(CompositeActor.java:1828)
	at ptolemy.actor.Manager.preinitializeAndResolveTypes(Manager.java:1040)
	at ptolemy.actor.Manager.initialize(Manager.java:710)
	at ptolemy.actor.Manager.execute(Manager.java:356)
	at ptolemy.actor.Manager.run(Manager.java:1263)
	at ptolemy.actor.Manager$PtolemyRunThread.run(Manager.java:1915)
java.lang.reflect.InvocationTargetException
	at sun.reflect.NativeConstructorAccessorImpl.newInstance0(Native Method)
	at sun.reflect.NativeConstructorAccessorImpl.newInstance(NativeConstructorAccessorImpl.java:62)
	at sun.reflect.DelegatingConstructorAccessorImpl.newInstance(DelegatingConstructorAccessorImpl.java:45)
	at java.lang.reflect.Constructor.newInstance(Constructor.java:423)
	at ptolemy.util.test.junit.AutoKnownFailedTests.RunModel(AutoKnownFailedTests.java:107)
	at sun.reflect.NativeMethodAccessorImpl.invoke0(Native Method)
	at sun.reflect.NativeMethodAccessorImpl.invoke(NativeMethodAccessorImpl.java:62)
	at sun.reflect.DelegatingMethodAccessorImpl.invoke(DelegatingMethodAccessorImpl.java:43)
	at java.lang.reflect.Method.invoke(Method.java:498)
	at org.junit.runners.model.FrameworkMethod$1.runReflectiveCall(FrameworkMethod.java:44)
	at org.junit.internal.runners.model.ReflectiveCallable.run(ReflectiveCallable.java:15)
	at org.junit.runners.model.FrameworkMethod.invokeExplosively(FrameworkMethod.java:41)
	at junitparams.internal.InvokeParameterisedMethod.evaluate(InvokeParameterisedMethod.java:102)
	at org.junit.internal.runners.statements.FailOnTimeout$1.run(FailOnTimeout.java:28)
Caused by: ptolemy.kernel.util.IllegalActionException: Found a zero delay loop containing .HierarchicalModel.A
  in .HierarchicalModel and .HierarchicalModel.A
	at ptolemy.actor.util.CausalityInterfaceForComposites._computeOutputPortDepth(CausalityInterfaceForComposites.java:759)
	at ptolemy.actor.util.CausalityInterfaceForComposites._computeInputDepth(CausalityInterfaceForComposites.java:696)
	at ptolemy.actor.util.CausalityInterfaceForComposites._computeOutputPortDepth(CausalityInterfaceForComposites.java:765)
	at ptolemy.actor.util.CausalityInterfaceForComposites._computeInputDepth(CausalityInterfaceForComposites.java:696)
	at ptolemy.actor.util.CausalityInterfaceForComposites._computeOutputPortDepth(CausalityInterfaceForComposites.java:765)
	at ptolemy.actor.util.CausalityInterfaceForComposites._computeInputDepth(CausalityInterfaceForComposites.java:696)
	at ptolemy.actor.util.CausalityInterfaceForComposites._computeActorDepth(CausalityInterfaceForComposites.java:532)
	at ptolemy.actor.util.CausalityInterfaceForComposites.checkForCycles(CausalityInterfaceForComposites.java:96)
	at ptolemy.domains.de.kernel.DEDirector.preinitialize(DEDirector.java:1337)
	at ptolemy.actor.CompositeActor.preinitialize(CompositeActor.java:1828)
	at ptolemy.actor.Manager.preinitializeAndResolveTypes(Manager.java:1040)
	at ptolemy.actor.Manager.initialize(Manager.java:710)
	at ptolemy.actor.Manager.execute(Manager.java:356)
	at ptolemy.actor.Manager.run(Manager.java:1263)
	at ptolemy.actor.Manager$PtolemyRunThread.run(Manager.java:1915)
java.lang.RuntimeException: Execution failed
	at ptolemy.moml.MoMLSimpleApplication$UnloadThread.run(MoMLSimpleApplication.java:402)
Caused by: ptolemy.kernel.util.IllegalActionException: Found a zero delay loop containing .dependencyLoop.original
  in .dependencyLoop and .dependencyLoop.original
	at ptolemy.actor.util.CausalityInterfaceForComposites._computeOutputPortDepth(CausalityInterfaceForComposites.java:759)
	at ptolemy.actor.util.CausalityInterfaceForComposites._computeInputDepth(CausalityInterfaceForComposites.java:696)
	at ptolemy.actor.util.CausalityInterfaceForComposites._computeOutputPortDepth(CausalityInterfaceForComposites.java:765)
	at ptolemy.actor.util.CausalityInterfaceForComposites._computeInputDepth(CausalityInterfaceForComposites.java:696)
	at ptolemy.actor.util.CausalityInterfaceForComposites._computeOutputPortDepth(CausalityInterfaceForComposites.java:765)
	at ptolemy.actor.util.CausalityInterfaceForComposites._computeInputDepth(CausalityInterfaceForComposites.java:696)
	at ptolemy.actor.util.CausalityInterfaceForComposites._computeActorDepth(CausalityInterfaceForComposites.java:532)
	at ptolemy.actor.util.CausalityInterfaceForComposites.checkForCycles(CausalityInterfaceForComposites.java:96)
	at ptolemy.domains.de.kernel.DEDirector.preinitialize(DEDirector.java:1337)
	at ptolemy.actor.CompositeActor.preinitialize(CompositeActor.java:1828)
	at ptolemy.actor.Manager.preinitializeAndResolveTypes(Manager.java:1040)
	at ptolemy.actor.Manager.initialize(Manager.java:710)
	at ptolemy.actor.Manager.execute(Manager.java:356)
	at ptolemy.actor.Manager.run(Manager.java:1263)
	at ptolemy.actor.Manager$PtolemyRunThread.run(Manager.java:1915)
java.lang.reflect.InvocationTargetException
	at sun.reflect.NativeConstructorAccessorImpl.newInstance0(Native Method)
	at sun.reflect.NativeConstructorAccessorImpl.newInstance(NativeConstructorAccessorImpl.java:62)
	at sun.reflect.DelegatingConstructorAccessorImpl.newInstance(DelegatingConstructorAccessorImpl.java:45)
	at java.lang.reflect.Constructor.newInstance(Constructor.java:423)
	at ptolemy.util.test.junit.AutoKnownFailedTests.RunModel(AutoKnownFailedTests.java:107)
	at sun.reflect.NativeMethodAccessorImpl.invoke0(Native Method)
	at sun.reflect.NativeMethodAccessorImpl.invoke(NativeMethodAccessorImpl.java:62)
	at sun.reflect.DelegatingMethodAccessorImpl.invoke(DelegatingMethodAccessorImpl.java:43)
	at java.lang.reflect.Method.invoke(Method.java:498)
	at org.junit.runners.model.FrameworkMethod$1.runReflectiveCall(FrameworkMethod.java:44)
	at org.junit.internal.runners.model.ReflectiveCallable.run(ReflectiveCallable.java:15)
	at org.junit.runners.model.FrameworkMethod.invokeExplosively(FrameworkMethod.java:41)
	at junitparams.internal.InvokeParameterisedMethod.evaluate(InvokeParameterisedMethod.java:102)
	at org.junit.internal.runners.statements.FailOnTimeout$1.run(FailOnTimeout.java:28)
Caused by: ptolemy.kernel.util.IllegalActionException: Found a zero delay loop containing .dependencyLoop.original
  in .dependencyLoop and .dependencyLoop.original
	at ptolemy.actor.util.CausalityInterfaceForComposites._computeOutputPortDepth(CausalityInterfaceForComposites.java:759)
	at ptolemy.actor.util.CausalityInterfaceForComposites._computeInputDepth(CausalityInterfaceForComposites.java:696)
	at ptolemy.actor.util.CausalityInterfaceForComposites._computeOutputPortDepth(CausalityInterfaceForComposites.java:765)
	at ptolemy.actor.util.CausalityInterfaceForComposites._computeInputDepth(CausalityInterfaceForComposites.java:696)
	at ptolemy.actor.util.CausalityInterfaceForComposites._computeOutputPortDepth(CausalityInterfaceForComposites.java:765)
	at ptolemy.actor.util.CausalityInterfaceForComposites._computeInputDepth(CausalityInterfaceForComposites.java:696)
	at ptolemy.actor.util.CausalityInterfaceForComposites._computeActorDepth(CausalityInterfaceForComposites.java:532)
	at ptolemy.actor.util.CausalityInterfaceForComposites.checkForCycles(CausalityInterfaceForComposites.java:96)
	at ptolemy.domains.de.kernel.DEDirector.preinitialize(DEDirector.java:1337)
	at ptolemy.actor.CompositeActor.preinitialize(CompositeActor.java:1828)
	at ptolemy.actor.Manager.preinitializeAndResolveTypes(Manager.java:1040)
	at ptolemy.actor.Manager.initialize(Manager.java:710)
	at ptolemy.actor.Manager.execute(Manager.java:356)
	at ptolemy.actor.Manager.run(Manager.java:1263)
	at ptolemy.actor.Manager$PtolemyRunThread.run(Manager.java:1915)
java.lang.RuntimeException: Execution failed
	at ptolemy.moml.MoMLSimpleApplication$UnloadThread.run(MoMLSimpleApplication.java:402)
Caused by: ptolemy.kernel.util.IllegalActionException: Found a zero delay loop containing .dependencyLoop2.original
  in .dependencyLoop2 and .dependencyLoop2.original
	at ptolemy.actor.util.CausalityInterfaceForComposites._computeOutputPortDepth(CausalityInterfaceForComposites.java:759)
	at ptolemy.actor.util.CausalityInterfaceForComposites._computeInputDepth(CausalityInterfaceForComposites.java:696)
	at ptolemy.actor.util.CausalityInterfaceForComposites._computeOutputPortDepth(CausalityInterfaceForComposites.java:765)
	at ptolemy.actor.util.CausalityInterfaceForComposites._computeInputDepth(CausalityInterfaceForComposites.java:696)
	at ptolemy.actor.util.CausalityInterfaceForComposites._computeOutputPortDepth(CausalityInterfaceForComposites.java:765)
	at ptolemy.actor.util.CausalityInterfaceForComposites._computeInputDepth(CausalityInterfaceForComposites.java:696)
	at ptolemy.actor.util.CausalityInterfaceForComposites._computeActorDepth(CausalityInterfaceForComposites.java:532)
	at ptolemy.actor.util.CausalityInterfaceForComposites.checkForCycles(CausalityInterfaceForComposites.java:96)
	at ptolemy.domains.de.kernel.DEDirector.preinitialize(DEDirector.java:1337)
	at ptolemy.actor.CompositeActor.preinitialize(CompositeActor.java:1828)
	at ptolemy.actor.Manager.preinitializeAndResolveTypes(Manager.java:1040)
	at ptolemy.actor.Manager.initialize(Manager.java:710)
	at ptolemy.actor.Manager.execute(Manager.java:356)
	at ptolemy.actor.Manager.run(Manager.java:1263)
	at ptolemy.actor.Manager$PtolemyRunThread.run(Manager.java:1915)
java.lang.reflect.InvocationTargetException
	at sun.reflect.NativeConstructorAccessorImpl.newInstance0(Native Method)
	at sun.reflect.NativeConstructorAccessorImpl.newInstance(NativeConstructorAccessorImpl.java:62)
	at sun.reflect.DelegatingConstructorAccessorImpl.newInstance(DelegatingConstructorAccessorImpl.java:45)
	at java.lang.reflect.Constructor.newInstance(Constructor.java:423)
	at ptolemy.util.test.junit.AutoKnownFailedTests.RunModel(AutoKnownFailedTests.java:107)
	at sun.reflect.NativeMethodAccessorImpl.invoke0(Native Method)
	at sun.reflect.NativeMethodAccessorImpl.invoke(NativeMethodAccessorImpl.java:62)
	at sun.reflect.DelegatingMethodAccessorImpl.invoke(DelegatingMethodAccessorImpl.java:43)
	at java.lang.reflect.Method.invoke(Method.java:498)
	at org.junit.runners.model.FrameworkMethod$1.runReflectiveCall(FrameworkMethod.java:44)
	at org.junit.internal.runners.model.ReflectiveCallable.run(ReflectiveCallable.java:15)
	at org.junit.runners.model.FrameworkMethod.invokeExplosively(FrameworkMethod.java:41)
	at junitparams.internal.InvokeParameterisedMethod.evaluate(InvokeParameterisedMethod.java:102)
	at org.junit.internal.runners.statements.FailOnTimeout$1.run(FailOnTimeout.java:28)
Caused by: ptolemy.kernel.util.IllegalActionException: Found a zero delay loop containing .dependencyLoop2.original
  in .dependencyLoop2 and .dependencyLoop2.original
	at ptolemy.actor.util.CausalityInterfaceForComposites._computeOutputPortDepth(CausalityInterfaceForComposites.java:759)
	at ptolemy.actor.util.CausalityInterfaceForComposites._computeInputDepth(CausalityInterfaceForComposites.java:696)
	at ptolemy.actor.util.CausalityInterfaceForComposites._computeOutputPortDepth(CausalityInterfaceForComposites.java:765)
	at ptolemy.actor.util.CausalityInterfaceForComposites._computeInputDepth(CausalityInterfaceForComposites.java:696)
	at ptolemy.actor.util.CausalityInterfaceForComposites._computeOutputPortDepth(CausalityInterfaceForComposites.java:765)
	at ptolemy.actor.util.CausalityInterfaceForComposites._computeInputDepth(CausalityInterfaceForComposites.java:696)
	at ptolemy.actor.util.CausalityInterfaceForComposites._computeActorDepth(CausalityInterfaceForComposites.java:532)
	at ptolemy.actor.util.CausalityInterfaceForComposites.checkForCycles(CausalityInterfaceForComposites.java:96)
	at ptolemy.domains.de.kernel.DEDirector.preinitialize(DEDirector.java:1337)
	at ptolemy.actor.CompositeActor.preinitialize(CompositeActor.java:1828)
	at ptolemy.actor.Manager.preinitializeAndResolveTypes(Manager.java:1040)
	at ptolemy.actor.Manager.initialize(Manager.java:710)
	at ptolemy.actor.Manager.execute(Manager.java:356)
	at ptolemy.actor.Manager.run(Manager.java:1263)
	at ptolemy.actor.Manager$PtolemyRunThread.run(Manager.java:1915)
]]></system-err>
</testsuite>
