<?xml version="1.0" encoding="UTF-8" ?>
<testsuite errors="0" failures="0" hostname="travis-job-0aeabed0-3dd1-4f7a-a386-19f868aed789" name="ptolemy.domains.modal.test.junit.JUnitTclTest" skipped="0" tests="148" time="10.469" timestamp="2018-05-31T22:02:57">
  <properties>
[...]
</properties>
  <testcase classname="ptolemy.util.test.junit.TclTests" name="[0] /home/travis/build/icyphy/ptII/ptolemy/domains/modal/test/SystemLevelType.tcl (RunTclFile)" time="1.871" />
  <testcase classname="ptolemy.util.test.junit.AutoKnownFailedTests" name="[0] /home/travis/build/icyphy/ptII/ptolemy/domains/modal/test/auto/knownFailedTests/CannotAnalysisWithPreemption.xml (RunModel)" time="0.158" />
  <testcase classname="ptolemy.util.test.junit.AutoNameArchTests" name="[0] ThereAreNoAutoArchTests (RunModel)" time="0.01" />
  <testcase classname="ptolemy.util.test.junit.AutoTests" name="[0] /home/travis/build/icyphy/ptII/ptolemy/domains/modal/test/auto/ABPTest.xml (RunModel)" time="0.805" />
  <testcase classname="ptolemy.util.test.junit.AutoTests" name="[1] /home/travis/build/icyphy/ptII/ptolemy/domains/modal/test/auto/ABROFlat.xml (RunModel)" time="0.096" />
  <testcase classname="ptolemy.util.test.junit.AutoTests" name="[2] /home/travis/build/icyphy/ptII/ptolemy/domains/modal/test/auto/ABROFlat2.xml (RunModel)" time="0.085" />
  <testcase classname="ptolemy.util.test.junit.AutoTests" name="[3] /home/travis/build/icyphy/ptII/ptolemy/domains/modal/test/auto/ABRO_present_hmm.xml (RunModel)" time="0.164" />
  <testcase classname="ptolemy.util.test.junit.AutoTests" name="[4] /home/travis/build/icyphy/ptII/ptolemy/domains/modal/test/auto/AMICoderExample.xml (RunModel)" time="0.089" />
  <testcase classname="ptolemy.util.test.junit.AutoTests" name="[5] /home/travis/build/icyphy/ptII/ptolemy/domains/modal/test/auto/AbsentToPresent.xml (RunModel)" time="0.044" />
  <testcase classname="ptolemy.util.test.junit.AutoTests" name="[6] /home/travis/build/icyphy/ptII/ptolemy/domains/modal/test/auto/Blending.xml (RunModel)" time="0.214" />
  <testcase classname="ptolemy.util.test.junit.AutoTests" name="[7] /home/travis/build/icyphy/ptII/ptolemy/domains/modal/test/auto/Broadcast.xml (RunModel)" time="0.051" />
  <testcase classname="ptolemy.util.test.junit.AutoTests" name="[8] /home/travis/build/icyphy/ptII/ptolemy/domains/modal/test/auto/BroadcastHierarchy.xml (RunModel)" time="0.07" />
  <testcase classname="ptolemy.util.test.junit.AutoTests" name="[9] /home/travis/build/icyphy/ptII/ptolemy/domains/modal/test/auto/BroadcastHierarchy2.xml (RunModel)" time="0.124" />
  <testcase classname="ptolemy.util.test.junit.AutoTests" name="[10] /home/travis/build/icyphy/ptII/ptolemy/domains/modal/test/auto/BroadcastHierarchy3.xml (RunModel)" time="0.164" />
  <testcase classname="ptolemy.util.test.junit.AutoTests" name="[11] /home/travis/build/icyphy/ptII/ptolemy/domains/modal/test/auto/BroadcastHierarchy4.xml (RunModel)" time="0.108" />
  <testcase classname="ptolemy.util.test.junit.AutoTests" name="[12] /home/travis/build/icyphy/ptII/ptolemy/domains/modal/test/auto/CannotAnalysisWithPreemption2.xml (RunModel)" time="0.033" />
  <testcase classname="ptolemy.util.test.junit.AutoTests" name="[13] /home/travis/build/icyphy/ptII/ptolemy/domains/modal/test/auto/CannotAnalysisWithPreemption3.xml (RunModel)" time="0.047" />
  <testcase classname="ptolemy.util.test.junit.AutoTests" name="[14] /home/travis/build/icyphy/ptII/ptolemy/domains/modal/test/auto/CannotProduce.xml (RunModel)" time="0.053" />
  <testcase classname="ptolemy.util.test.junit.AutoTests" name="[15] /home/travis/build/icyphy/ptII/ptolemy/domains/modal/test/auto/CannotProduceModal.xml (RunModel)" time="0.035" />
  <testcase classname="ptolemy.util.test.junit.AutoTests" name="[16] /home/travis/build/icyphy/ptII/ptolemy/domains/modal/test/auto/Case.xml (RunModel)" time="0.068" />
  <testcase classname="ptolemy.util.test.junit.AutoTests" name="[17] /home/travis/build/icyphy/ptII/ptolemy/domains/modal/test/auto/Case1.xml (RunModel)" time="0.043" />
  <testcase classname="ptolemy.util.test.junit.AutoTests" name="[18] /home/travis/build/icyphy/ptII/ptolemy/domains/modal/test/auto/Case2.xml (RunModel)" time="0.061" />
  <testcase classname="ptolemy.util.test.junit.AutoTests" name="[19] /home/travis/build/icyphy/ptII/ptolemy/domains/modal/test/auto/CausalityInterface1.xml (RunModel)" time="0.029" />
  <testcase classname="ptolemy.util.test.junit.AutoTests" name="[20] /home/travis/build/icyphy/ptII/ptolemy/domains/modal/test/auto/CausalityInterface10.xml (RunModel)" time="0.066" />
  <testcase classname="ptolemy.util.test.junit.AutoTests" name="[21] /home/travis/build/icyphy/ptII/ptolemy/domains/modal/test/auto/CausalityInterface11.xml (RunModel)" time="0.054" />
  <testcase classname="ptolemy.util.test.junit.AutoTests" name="[22] /home/travis/build/icyphy/ptII/ptolemy/domains/modal/test/auto/CausalityInterface12.xml (RunModel)" time="0.046" />
  <testcase classname="ptolemy.util.test.junit.AutoTests" name="[23] /home/travis/build/icyphy/ptII/ptolemy/domains/modal/test/auto/CausalityInterface13.xml (RunModel)" time="0.062" />
  <testcase classname="ptolemy.util.test.junit.AutoTests" name="[24] /home/travis/build/icyphy/ptII/ptolemy/domains/modal/test/auto/CausalityInterface14.xml (RunModel)" time="0.051" />
  <testcase classname="ptolemy.util.test.junit.AutoTests" name="[25] /home/travis/build/icyphy/ptII/ptolemy/domains/modal/test/auto/CausalityInterface2.xml (RunModel)" time="0.035" />
  <testcase classname="ptolemy.util.test.junit.AutoTests" name="[26] /home/travis/build/icyphy/ptII/ptolemy/domains/modal/test/auto/CausalityInterface3.xml (RunModel)" time="0.044" />
  <testcase classname="ptolemy.util.test.junit.AutoTests" name="[27] /home/travis/build/icyphy/ptII/ptolemy/domains/modal/test/auto/CausalityInterface4.xml (RunModel)" time="0.032" />
  <testcase classname="ptolemy.util.test.junit.AutoTests" name="[28] /home/travis/build/icyphy/ptII/ptolemy/domains/modal/test/auto/CausalityInterface5.xml (RunModel)" time="0.042" />
  <testcase classname="ptolemy.util.test.junit.AutoTests" name="[29] /home/travis/build/icyphy/ptII/ptolemy/domains/modal/test/auto/CausalityInterface6.xml (RunModel)" time="0.039" />
  <testcase classname="ptolemy.util.test.junit.AutoTests" name="[30] /home/travis/build/icyphy/ptII/ptolemy/domains/modal/test/auto/CausalityInterface7.xml (RunModel)" time="0.047" />
  <testcase classname="ptolemy.util.test.junit.AutoTests" name="[31] /home/travis/build/icyphy/ptII/ptolemy/domains/modal/test/auto/CausalityInterface8.xml (RunModel)" time="0.041" />
  <testcase classname="ptolemy.util.test.junit.AutoTests" name="[32] /home/travis/build/icyphy/ptII/ptolemy/domains/modal/test/auto/CausalityInterface9.xml (RunModel)" time="0.042" />
  <testcase classname="ptolemy.util.test.junit.AutoTests" name="[33] /home/travis/build/icyphy/ptII/ptolemy/domains/modal/test/auto/ChainedTransitions.xml (RunModel)" time="0.165" />
  <testcase classname="ptolemy.util.test.junit.AutoTests" name="[34] /home/travis/build/icyphy/ptII/ptolemy/domains/modal/test/auto/CycleOfImmediateTransitionsFSM.xml (RunModel)" time="0.033" />
  <testcase classname="ptolemy.util.test.junit.AutoTests" name="[35] /home/travis/build/icyphy/ptII/ptolemy/domains/modal/test/auto/CycleOfImmediateTransitionsModal.xml (RunModel)" time="0.023" />
  <testcase classname="ptolemy.util.test.junit.AutoTests" name="[36] /home/travis/build/icyphy/ptII/ptolemy/domains/modal/test/auto/CycleOfImmediateTransitionsModal2.xml (RunModel)" time="0.03" />
  <testcase classname="ptolemy.util.test.junit.AutoTests" name="[37] /home/travis/build/icyphy/ptII/ptolemy/domains/modal/test/auto/CycleOfImmediateTransitionsModal3.xml (RunModel)" time="0.077" />
  <testcase classname="ptolemy.util.test.junit.AutoTests" name="[38] /home/travis/build/icyphy/ptII/ptolemy/domains/modal/test/auto/DeepModal1.xml (RunModel)" time="0.065" />
  <testcase classname="ptolemy.util.test.junit.AutoTests" name="[39] /home/travis/build/icyphy/ptII/ptolemy/domains/modal/test/auto/DeepModal2.xml (RunModel)" time="0.068" />
  <testcase classname="ptolemy.util.test.junit.AutoTests" name="[40] /home/travis/build/icyphy/ptII/ptolemy/domains/modal/test/auto/DeepModal3.xml (RunModel)" time="0.076" />
  <testcase classname="ptolemy.util.test.junit.AutoTests" name="[41] /home/travis/build/icyphy/ptII/ptolemy/domains/modal/test/auto/DeepModal4.xml (RunModel)" time="0.083" />
  <testcase classname="ptolemy.util.test.junit.AutoTests" name="[42] /home/travis/build/icyphy/ptII/ptolemy/domains/modal/test/auto/Default1.xml (RunModel)" time="0.021" />
  <testcase classname="ptolemy.util.test.junit.AutoTests" name="[43] /home/travis/build/icyphy/ptII/ptolemy/domains/modal/test/auto/Default2.xml (RunModel)" time="0.02" />
  <testcase classname="ptolemy.util.test.junit.AutoTests" name="[44] /home/travis/build/icyphy/ptII/ptolemy/domains/modal/test/auto/Default3.xml (RunModel)" time="0.021" />
  <testcase classname="ptolemy.util.test.junit.AutoTests" name="[45] /home/travis/build/icyphy/ptII/ptolemy/domains/modal/test/auto/Default4.xml (RunModel)" time="0.022" />
  <testcase classname="ptolemy.util.test.junit.AutoTests" name="[46] /home/travis/build/icyphy/ptII/ptolemy/domains/modal/test/auto/Default5.xml (RunModel)" time="0.028" />
  <testcase classname="ptolemy.util.test.junit.AutoTests" name="[47] /home/travis/build/icyphy/ptII/ptolemy/domains/modal/test/auto/EmptyGuard.xml (RunModel)" time="0.033" />
  <testcase classname="ptolemy.util.test.junit.AutoTests" name="[48] /home/travis/build/icyphy/ptII/ptolemy/domains/modal/test/auto/ErrorTransition1.xml (RunModel)" time="0.029" />
  <testcase classname="ptolemy.util.test.junit.AutoTests" name="[49] /home/travis/build/icyphy/ptII/ptolemy/domains/modal/test/auto/ErrorTransition10.xml (RunModel)" time="0.04" />
  <testcase classname="ptolemy.util.test.junit.AutoTests" name="[50] /home/travis/build/icyphy/ptII/ptolemy/domains/modal/test/auto/ErrorTransition11.xml (RunModel)" time="0.037" />
  <testcase classname="ptolemy.util.test.junit.AutoTests" name="[51] /home/travis/build/icyphy/ptII/ptolemy/domains/modal/test/auto/ErrorTransition2.xml (RunModel)" time="0.024" />
  <testcase classname="ptolemy.util.test.junit.AutoTests" name="[52] /home/travis/build/icyphy/ptII/ptolemy/domains/modal/test/auto/ErrorTransition3.xml (RunModel)" time="0.034" />
  <testcase classname="ptolemy.util.test.junit.AutoTests" name="[53] /home/travis/build/icyphy/ptII/ptolemy/domains/modal/test/auto/ErrorTransition4.xml (RunModel)" time="0.04" />
  <testcase classname="ptolemy.util.test.junit.AutoTests" name="[54] /home/travis/build/icyphy/ptII/ptolemy/domains/modal/test/auto/ErrorTransition5.xml (RunModel)" time="0.027" />
  <testcase classname="ptolemy.util.test.junit.AutoTests" name="[55] /home/travis/build/icyphy/ptII/ptolemy/domains/modal/test/auto/ErrorTransition6.xml (RunModel)" time="0.031" />
  <testcase classname="ptolemy.util.test.junit.AutoTests" name="[56] /home/travis/build/icyphy/ptII/ptolemy/domains/modal/test/auto/ErrorTransition7.xml (RunModel)" time="0.044" />
  <testcase classname="ptolemy.util.test.junit.AutoTests" name="[57] /home/travis/build/icyphy/ptII/ptolemy/domains/modal/test/auto/ErrorTransition8.xml (RunModel)" time="0.063" />
  <testcase classname="ptolemy.util.test.junit.AutoTests" name="[58] /home/travis/build/icyphy/ptII/ptolemy/domains/modal/test/auto/ErrorTransition9.xml (RunModel)" time="0.06" />
  <testcase classname="ptolemy.util.test.junit.AutoTests" name="[59] /home/travis/build/icyphy/ptII/ptolemy/domains/modal/test/auto/ExtendedFSM.xml (RunModel)" time="0.024" />
  <testcase classname="ptolemy.util.test.junit.AutoTests" name="[60] /home/travis/build/icyphy/ptII/ptolemy/domains/modal/test/auto/FinalStates.xml (RunModel)" time="0.024" />
  <testcase classname="ptolemy.util.test.junit.AutoTests" name="[61] /home/travis/build/icyphy/ptII/ptolemy/domains/modal/test/auto/FixedPointFSM.xml (RunModel)" time="0.049" />
  <testcase classname="ptolemy.util.test.junit.AutoTests" name="[62] /home/travis/build/icyphy/ptII/ptolemy/domains/modal/test/auto/FixedPointIterationFSMActor.xml (RunModel)" time="0.035" />
  <testcase classname="ptolemy.util.test.junit.AutoTests" name="[63] /home/travis/build/icyphy/ptII/ptolemy/domains/modal/test/auto/FixedPointIterationFSMActor2.xml (RunModel)" time="0.035" />
  <testcase classname="ptolemy.util.test.junit.AutoTests" name="[64] /home/travis/build/icyphy/ptII/ptolemy/domains/modal/test/auto/ForbiddenInstantanousLoop.xml (RunModel)" time="0.032" />
  <testcase classname="ptolemy.util.test.junit.AutoTests" name="[65] /home/travis/build/icyphy/ptII/ptolemy/domains/modal/test/auto/FunctionDependencyOfFSMActorTest.xml (RunModel)" time="0.027" />
  <testcase classname="ptolemy.util.test.junit.AutoTests" name="[66] /home/travis/build/icyphy/ptII/ptolemy/domains/modal/test/auto/GuardExpression.xml (RunModel)" time="0.025" />
  <testcase classname="ptolemy.util.test.junit.AutoTests" name="[67] /home/travis/build/icyphy/ptII/ptolemy/domains/modal/test/auto/GuardNotEvaluated.xml (RunModel)" time="0.038" />
  <testcase classname="ptolemy.util.test.junit.AutoTests" name="[68] /home/travis/build/icyphy/ptII/ptolemy/domains/modal/test/auto/GuardNotEvaluated2.xml (RunModel)" time="0.025" />
  <testcase classname="ptolemy.util.test.junit.AutoTests" name="[69] /home/travis/build/icyphy/ptII/ptolemy/domains/modal/test/auto/GuardOnAbsent.xml (RunModel)" time="0.025" />
  <testcase classname="ptolemy.util.test.junit.AutoTests" name="[70] /home/travis/build/icyphy/ptII/ptolemy/domains/modal/test/auto/HierarchicalFSMTypeInference.xml (RunModel)" time="0.035" />
  <testcase classname="ptolemy.util.test.junit.AutoTests" name="[71] /home/travis/build/icyphy/ptII/ptolemy/domains/modal/test/auto/Hysteresis.xml (RunModel)" time="0.043" />
  <testcase classname="ptolemy.util.test.junit.AutoTests" name="[72] /home/travis/build/icyphy/ptII/ptolemy/domains/modal/test/auto/HysteresisWithDefault.xml (RunModel)" time="0.064" />
  <testcase classname="ptolemy.util.test.junit.AutoTests" name="[73] /home/travis/build/icyphy/ptII/ptolemy/domains/modal/test/auto/HysteresisWithDefault2.xml (RunModel)" time="0.067" />
  <testcase classname="ptolemy.util.test.junit.AutoTests" name="[74] /home/travis/build/icyphy/ptII/ptolemy/domains/modal/test/auto/ImmediateNonConstructiveness.xml (RunModel)" time="0.017" />
  <testcase classname="ptolemy.util.test.junit.AutoTests" name="[75] /home/travis/build/icyphy/ptII/ptolemy/domains/modal/test/auto/ImmediateNonConstructiveness2.xml (RunModel)" time="0.018" />
  <testcase classname="ptolemy.util.test.junit.AutoTests" name="[76] /home/travis/build/icyphy/ptII/ptolemy/domains/modal/test/auto/ImmediateTransitionReset.xml (RunModel)" time="0.045" />
  <testcase classname="ptolemy.util.test.junit.AutoTests" name="[77] /home/travis/build/icyphy/ptII/ptolemy/domains/modal/test/auto/ImmediateTransitions1.xml (RunModel)" time="0.013" />
  <testcase classname="ptolemy.util.test.junit.AutoTests" name="[78] /home/travis/build/icyphy/ptII/ptolemy/domains/modal/test/auto/ImmediateTransitionsInstantaneousCommunication.xml (RunModel)" time="0.037" />
  <testcase classname="ptolemy.util.test.junit.AutoTests" name="[79] /home/travis/build/icyphy/ptII/ptolemy/domains/modal/test/auto/InitialImmediateTransition.xml (RunModel)" time="0.018" />
  <testcase classname="ptolemy.util.test.junit.AutoTests" name="[80] /home/travis/build/icyphy/ptII/ptolemy/domains/modal/test/auto/InitialOutputs.xml (RunModel)" time="0.015" />
  <testcase classname="ptolemy.util.test.junit.AutoTests" name="[81] /home/travis/build/icyphy/ptII/ptolemy/domains/modal/test/auto/InitialStateTransition1.xml (RunModel)" time="0.022" />
  <testcase classname="ptolemy.util.test.junit.AutoTests" name="[82] /home/travis/build/icyphy/ptII/ptolemy/domains/modal/test/auto/InitialStateTransition2.xml (RunModel)" time="0.028" />
  <testcase classname="ptolemy.util.test.junit.AutoTests" name="[83] /home/travis/build/icyphy/ptII/ptolemy/domains/modal/test/auto/InitialStateTransition3.xml (RunModel)" time="0.024" />
  <testcase classname="ptolemy.util.test.junit.AutoTests" name="[84] /home/travis/build/icyphy/ptII/ptolemy/domains/modal/test/auto/InitialStateTransition4.xml (RunModel)" time="0.026" />
  <testcase classname="ptolemy.util.test.junit.AutoTests" name="[85] /home/travis/build/icyphy/ptII/ptolemy/domains/modal/test/auto/MalformedGuardExpressionNotCaught.xml (RunModel)" time="0.018" />
  <testcase classname="ptolemy.util.test.junit.AutoTests" name="[86] /home/travis/build/icyphy/ptII/ptolemy/domains/modal/test/auto/ModalBSC.xml (RunModel)" time="0.088" />
  <testcase classname="ptolemy.util.test.junit.AutoTests" name="[87] /home/travis/build/icyphy/ptII/ptolemy/domains/modal/test/auto/ModalClocks.xml (RunModel)" time="0.082" />
  <testcase classname="ptolemy.util.test.junit.AutoTests" name="[88] /home/travis/build/icyphy/ptII/ptolemy/domains/modal/test/auto/ModalDelay.xml (RunModel)" time="0.062" />
  <testcase classname="ptolemy.util.test.junit.AutoTests" name="[89] /home/travis/build/icyphy/ptII/ptolemy/domains/modal/test/auto/ModalDelay2.xml (RunModel)" time="0.049" />
  <testcase classname="ptolemy.util.test.junit.AutoTests" name="[90] /home/travis/build/icyphy/ptII/ptolemy/domains/modal/test/auto/ModalModelFromMemo.xml (RunModel)" time="0.057" />
  <testcase classname="ptolemy.util.test.junit.AutoTests" name="[91] /home/travis/build/icyphy/ptII/ptolemy/domains/modal/test/auto/ModalModelWithMultirateTransient.xml (RunModel)" time="0.048" />
  <testcase classname="ptolemy.util.test.junit.AutoTests" name="[92] /home/travis/build/icyphy/ptII/ptolemy/domains/modal/test/auto/ModalModelWithReset.xml (RunModel)" time="0.042" />
  <testcase classname="ptolemy.util.test.junit.AutoTests" name="[93] /home/travis/build/icyphy/ptII/ptolemy/domains/modal/test/auto/MouseClickFSM.xml (RunModel)" time="0.04" />
  <testcase classname="ptolemy.util.test.junit.AutoTests" name="[94] /home/travis/build/icyphy/ptII/ptolemy/domains/modal/test/auto/MouseClickFSMModal.xml (RunModel)" time="0.032" />
  <testcase classname="ptolemy.util.test.junit.AutoTests" name="[95] /home/travis/build/icyphy/ptII/ptolemy/domains/modal/test/auto/NonStrictFSM_FeedbackLoop.xml (RunModel)" time="0.047" />
  <testcase classname="ptolemy.util.test.junit.AutoTests" name="[96] /home/travis/build/icyphy/ptII/ptolemy/domains/modal/test/auto/NonStrictFSM_FeedbackLoop_Refinement.xml (RunModel)" time="0.069" />
  <testcase classname="ptolemy.util.test.junit.AutoTests" name="[97] /home/travis/build/icyphy/ptII/ptolemy/domains/modal/test/auto/NonStrictFSM_FeedbackLoop_preemptive.xml (RunModel)" time="0.05" />
  <testcase classname="ptolemy.util.test.junit.AutoTests" name="[98] /home/travis/build/icyphy/ptII/ptolemy/domains/modal/test/auto/NormalTermination.xml (RunModel)" time="0.052" />
  <testcase classname="ptolemy.util.test.junit.AutoTests" name="[99] /home/travis/build/icyphy/ptII/ptolemy/domains/modal/test/auto/Pong.xml (RunModel)" time="0.074" />
  <testcase classname="ptolemy.util.test.junit.AutoTests" name="[100] /home/travis/build/icyphy/ptII/ptolemy/domains/modal/test/auto/Pong_test.xml (RunModel)" time="0.096" />
  <testcase classname="ptolemy.util.test.junit.AutoTests" name="[101] /home/travis/build/icyphy/ptII/ptolemy/domains/modal/test/auto/PreemptionHierarchy.xml (RunModel)" time="0.024" />
  <testcase classname="ptolemy.util.test.junit.AutoTests" name="[102] /home/travis/build/icyphy/ptII/ptolemy/domains/modal/test/auto/PreemptionHierarchy2.xml (RunModel)" time="0.031" />
  <testcase classname="ptolemy.util.test.junit.AutoTests" name="[103] /home/travis/build/icyphy/ptII/ptolemy/domains/modal/test/auto/PreemptiveTransition.xml (RunModel)" time="0.024" />
  <testcase classname="ptolemy.util.test.junit.AutoTests" name="[104] /home/travis/build/icyphy/ptII/ptolemy/domains/modal/test/auto/Priorities.xml (RunModel)" time="0.086" />
  <testcase classname="ptolemy.util.test.junit.AutoTests" name="[105] /home/travis/build/icyphy/ptII/ptolemy/domains/modal/test/auto/ResetFinal.xml (RunModel)" time="0.038" />
  <testcase classname="ptolemy.util.test.junit.AutoTests" name="[106] /home/travis/build/icyphy/ptII/ptolemy/domains/modal/test/auto/ResetFinal2.xml (RunModel)" time="0.028" />
  <testcase classname="ptolemy.util.test.junit.AutoTests" name="[107] /home/travis/build/icyphy/ptII/ptolemy/domains/modal/test/auto/ResetTransitionWithStartTime.xml (RunModel)" time="0.032" />
  <testcase classname="ptolemy.util.test.junit.AutoTests" name="[108] /home/travis/build/icyphy/ptII/ptolemy/domains/modal/test/auto/SDF-FSMComposite.xml (RunModel)" time="0.023" />
  <testcase classname="ptolemy.util.test.junit.AutoTests" name="[109] /home/travis/build/icyphy/ptII/ptolemy/domains/modal/test/auto/SeeminglyNondeterminate.xml (RunModel)" time="0.079" />
  <testcase classname="ptolemy.util.test.junit.AutoTests" name="[110] /home/travis/build/icyphy/ptII/ptolemy/domains/modal/test/auto/SeeminglyNondeterminate2.xml (RunModel)" time="0.076" />
  <testcase classname="ptolemy.util.test.junit.AutoTests" name="[111] /home/travis/build/icyphy/ptII/ptolemy/domains/modal/test/auto/SpontaneousFSM.xml (RunModel)" time="0.041" />
  <testcase classname="ptolemy.util.test.junit.AutoTests" name="[112] /home/travis/build/icyphy/ptII/ptolemy/domains/modal/test/auto/SpontaneousFSM2.xml (RunModel)" time="0.031" />
  <testcase classname="ptolemy.util.test.junit.AutoTests" name="[113] /home/travis/build/icyphy/ptII/ptolemy/domains/modal/test/auto/SpontaneousFSM3.xml (RunModel)" time="0.038" />
  <testcase classname="ptolemy.util.test.junit.AutoTests" name="[114] /home/travis/build/icyphy/ptII/ptolemy/domains/modal/test/auto/SpontaneousFSM4.xml (RunModel)" time="0.04" />
  <testcase classname="ptolemy.util.test.junit.AutoTests" name="[115] /home/travis/build/icyphy/ptII/ptolemy/domains/modal/test/auto/StateTrackerTest.xml (RunModel)" time="0.07" />
  <testcase classname="ptolemy.util.test.junit.AutoTests" name="[116] /home/travis/build/icyphy/ptII/ptolemy/domains/modal/test/auto/StrongImmediateTransition.xml (RunModel)" time="0.025" />
  <testcase classname="ptolemy.util.test.junit.AutoTests" name="[117] /home/travis/build/icyphy/ptII/ptolemy/domains/modal/test/auto/SustainHierarchy.xml (RunModel)" time="0.039" />
  <testcase classname="ptolemy.util.test.junit.AutoTests" name="[118] /home/travis/build/icyphy/ptII/ptolemy/domains/modal/test/auto/TerminationTransition1.xml (RunModel)" time="0.022" />
  <testcase classname="ptolemy.util.test.junit.AutoTests" name="[119] /home/travis/build/icyphy/ptII/ptolemy/domains/modal/test/auto/TerminationTransition2.xml (RunModel)" time="0.031" />
  <testcase classname="ptolemy.util.test.junit.AutoTests" name="[120] /home/travis/build/icyphy/ptII/ptolemy/domains/modal/test/auto/TerminationTransition3.xml (RunModel)" time="0.026" />
  <testcase classname="ptolemy.util.test.junit.AutoTests" name="[121] /home/travis/build/icyphy/ptII/ptolemy/domains/modal/test/auto/TerminationTransition4.xml (RunModel)" time="0.046" />
  <testcase classname="ptolemy.util.test.junit.AutoTests" name="[122] /home/travis/build/icyphy/ptII/ptolemy/domains/modal/test/auto/TerminationTransition5.xml (RunModel)" time="0.032" />
  <testcase classname="ptolemy.util.test.junit.AutoTests" name="[123] /home/travis/build/icyphy/ptII/ptolemy/domains/modal/test/auto/TerminationTransition6.xml (RunModel)" time="0.022" />
  <testcase classname="ptolemy.util.test.junit.AutoTests" name="[124] /home/travis/build/icyphy/ptII/ptolemy/domains/modal/test/auto/TerminationTransition7.xml (RunModel)" time="0.024" />
  <testcase classname="ptolemy.util.test.junit.AutoTests" name="[125] /home/travis/build/icyphy/ptII/ptolemy/domains/modal/test/auto/TerminationTransition8.xml (RunModel)" time="0.022" />
  <testcase classname="ptolemy.util.test.junit.AutoTests" name="[126] /home/travis/build/icyphy/ptII/ptolemy/domains/modal/test/auto/Thermostat_NoHysteresis.xml (RunModel)" time="0.053" />
  <testcase classname="ptolemy.util.test.junit.AutoTests" name="[127] /home/travis/build/icyphy/ptII/ptolemy/domains/modal/test/auto/TimedFSM.xml (RunModel)" time="0.029" />
  <testcase classname="ptolemy.util.test.junit.AutoTests" name="[128] /home/travis/build/icyphy/ptII/ptolemy/domains/modal/test/auto/Timeout1.xml (RunModel)" time="0.013" />
  <testcase classname="ptolemy.util.test.junit.AutoTests" name="[129] /home/travis/build/icyphy/ptII/ptolemy/domains/modal/test/auto/Timeout2.xml (RunModel)" time="0.017" />
  <testcase classname="ptolemy.util.test.junit.AutoTests" name="[130] /home/travis/build/icyphy/ptII/ptolemy/domains/modal/test/auto/Timeout3.xml (RunModel)" time="0.011" />
  <testcase classname="ptolemy.util.test.junit.AutoTests" name="[131] /home/travis/build/icyphy/ptII/ptolemy/domains/modal/test/auto/Timeout4.xml (RunModel)" time="0.013" />
  <testcase classname="ptolemy.util.test.junit.AutoTests" name="[132] /home/travis/build/icyphy/ptII/ptolemy/domains/modal/test/auto/TransientstateModelAdvanced.xml (RunModel)" time="0.027" />
  <testcase classname="ptolemy.util.test.junit.AutoTests" name="[133] /home/travis/build/icyphy/ptII/ptolemy/domains/modal/test/auto/TransientstateModelAdvanced2.xml (RunModel)" time="0.034" />
  <testcase classname="ptolemy.util.test.junit.AutoTests" name="[134] /home/travis/build/icyphy/ptII/ptolemy/domains/modal/test/auto/TransitionRefinements.xml (RunModel)" time="0.024" />
  <testcase classname="ptolemy.util.test.junit.AutoTests" name="[135] /home/travis/build/icyphy/ptII/ptolemy/domains/modal/test/auto/TwoRefinements1.xml (RunModel)" time="0.024" />
  <testcase classname="ptolemy.util.test.junit.AutoTests" name="[136] /home/travis/build/icyphy/ptII/ptolemy/domains/modal/test/auto/TwoRefinements2.xml (RunModel)" time="0.024" />
  <testcase classname="ptolemy.util.test.junit.AutoTests" name="[137] /home/travis/build/icyphy/ptII/ptolemy/domains/modal/test/auto/WeakImmediateTransition.xml (RunModel)" time="0.032" />
  <testcase classname="ptolemy.util.test.junit.AutoTests" name="[138] /home/travis/build/icyphy/ptII/ptolemy/domains/modal/test/auto/booleanSelect.xml (RunModel)" time="0.079" />
  <testcase classname="ptolemy.util.test.junit.AutoTests" name="[139] /home/travis/build/icyphy/ptII/ptolemy/domains/modal/test/auto/modalChangingParams.xml (RunModel)" time="0.228" />
  <testcase classname="ptolemy.util.test.junit.AutoTests" name="[140] /home/travis/build/icyphy/ptII/ptolemy/domains/modal/test/auto/modalModel.xml (RunModel)" time="0.026" />
  <testcase classname="ptolemy.util.test.junit.AutoTests" name="[141] /home/travis/build/icyphy/ptII/ptolemy/domains/modal/test/auto/modalModel2.xml (RunModel)" time="0.026" />
  <testcase classname="ptolemy.util.test.junit.AutoTests" name="[142] /home/travis/build/icyphy/ptII/ptolemy/domains/modal/test/auto/modalModel3.xml (RunModel)" time="0.038" />
  <testcase classname="ptolemy.util.test.junit.AutoTests" name="[143] /home/travis/build/icyphy/ptII/ptolemy/domains/modal/test/auto/model1.xml (RunModel)" time="0.018" />
  <testcase classname="ptolemy.util.test.junit.AutoTests" name="[144] /home/travis/build/icyphy/ptII/ptolemy/domains/modal/test/auto/test-direct-in-out.xml (RunModel)" time="0.018" />
  <system-out><![CDATA[/home/travis/build/icyphy/ptII/ptolemy/domains/modal/test/SystemLevelType.tcl
testDefs.tcl: setting time out to 9000 seconds at Thu May 31 22:02:57 UTC 2018
05/31/18 10:02:59
Failed: 0  Total Tests: 1  ((Passed: 1, Newly Passed: 0)  Known Failed: 0) /home/travis/build/icyphy/ptII/ptolemy/domains/modal/test
----------------- testing (KnownFailure) /home/travis/build/icyphy/ptII/ptolemy/domains/modal/test/auto/knownFailedTests/CannotAnalysisWithPreemption.xml
48 ms. Memory: 208384K Free: 188221K (90%)
Known Failure: java.lang.reflect.InvocationTargetException
No auto/linux-amd64/*.xml tests in /home/travis/build/icyphy/ptII/ptolemy/domains/modal/test
AutoTests.java: About to close Vertx.
AutoTests.java: Vertx closed.

===========================================================================================
----------------- testing Thu May 31 22:02:59 UTC 2018 /home/travis/build/icyphy/ptII/ptolemy/domains/modal/test/auto/ABPTest.xml
----------------- Instantiating /home/travis/build/icyphy/ptII/ptolemy/domains/modal/test/auto/ABPTest.xml
352 ms. Memory: 332288K Free: 292730K (88%)
----------------- Invoking toplevel() on ptolemy.moml.MoMLSimpleApplication@e244233
----------------- Done invoking toplevel() on ptolemy.moml.MoMLSimpleApplication@e244233
reloadAllAccessors: .ABPTest

===========================================================================================
----------------- testing Thu May 31 22:03:00 UTC 2018 /home/travis/build/icyphy/ptII/ptolemy/domains/modal/test/auto/ABROFlat.xml
----------------- Instantiating /home/travis/build/icyphy/ptII/ptolemy/domains/modal/test/auto/ABROFlat.xml
26 ms. Memory: 332288K Free: 270568K (81%)
----------------- Invoking toplevel() on ptolemy.moml.MoMLSimpleApplication@6b2a78e9
----------------- Done invoking toplevel() on ptolemy.moml.MoMLSimpleApplication@6b2a78e9
reloadAllAccessors: .ABROFlat

===========================================================================================
----------------- testing Thu May 31 22:03:00 UTC 2018 /home/travis/build/icyphy/ptII/ptolemy/domains/modal/test/auto/ABROFlat2.xml
----------------- Instantiating /home/travis/build/icyphy/ptII/ptolemy/domains/modal/test/auto/ABROFlat2.xml
22 ms. Memory: 332288K Free: 247686K (75%)
----------------- Invoking toplevel() on ptolemy.moml.MoMLSimpleApplication@711e6bfa
----------------- Done invoking toplevel() on ptolemy.moml.MoMLSimpleApplication@711e6bfa
reloadAllAccessors: .ABROFlat2

===========================================================================================
----------------- testing Thu May 31 22:03:00 UTC 2018 /home/travis/build/icyphy/ptII/ptolemy/domains/modal/test/auto/ABRO_present_hmm.xml
----------------- Instantiating /home/travis/build/icyphy/ptII/ptolemy/domains/modal/test/auto/ABRO_present_hmm.xml
43 ms. Memory: 332288K Free: 216638K (65%)
----------------- Invoking toplevel() on ptolemy.moml.MoMLSimpleApplication@434f63e9
----------------- Done invoking toplevel() on ptolemy.moml.MoMLSimpleApplication@434f63e9
reloadAllAccessors: .ABRO_present_hmm

===========================================================================================
----------------- testing Thu May 31 22:03:01 UTC 2018 /home/travis/build/icyphy/ptII/ptolemy/domains/modal/test/auto/AMICoderExample.xml
----------------- Instantiating /home/travis/build/icyphy/ptII/ptolemy/domains/modal/test/auto/AMICoderExample.xml
38 ms. Memory: 332288K Free: 205209K (62%)
----------------- Invoking toplevel() on ptolemy.moml.MoMLSimpleApplication@31471e1c
----------------- Done invoking toplevel() on ptolemy.moml.MoMLSimpleApplication@31471e1c
reloadAllAccessors: .AMICoderExample

===========================================================================================
----------------- testing Thu May 31 22:03:01 UTC 2018 /home/travis/build/icyphy/ptII/ptolemy/domains/modal/test/auto/AbsentToPresent.xml
----------------- Instantiating /home/travis/build/icyphy/ptII/ptolemy/domains/modal/test/auto/AbsentToPresent.xml
6 ms. Memory: 332288K Free: 196882K (59%)
----------------- Invoking toplevel() on ptolemy.moml.MoMLSimpleApplication@1307d6e7
----------------- Done invoking toplevel() on ptolemy.moml.MoMLSimpleApplication@1307d6e7
reloadAllAccessors: .AbsentToPresent

===========================================================================================
----------------- testing Thu May 31 22:03:01 UTC 2018 /home/travis/build/icyphy/ptII/ptolemy/domains/modal/test/auto/Blending.xml
----------------- Instantiating /home/travis/build/icyphy/ptII/ptolemy/domains/modal/test/auto/Blending.xml
100 ms. Memory: 332288K Free: 146136K (44%)
----------------- Invoking toplevel() on ptolemy.moml.MoMLSimpleApplication@72cca668
----------------- Done invoking toplevel() on ptolemy.moml.MoMLSimpleApplication@72cca668
reloadAllAccessors: .Blending

===========================================================================================
----------------- testing Thu May 31 22:03:01 UTC 2018 /home/travis/build/icyphy/ptII/ptolemy/domains/modal/test/auto/Broadcast.xml
----------------- Instantiating /home/travis/build/icyphy/ptII/ptolemy/domains/modal/test/auto/Broadcast.xml
14 ms. Memory: 332288K Free: 133079K (40%)
----------------- Invoking toplevel() on ptolemy.moml.MoMLSimpleApplication@60ae80e5
----------------- Done invoking toplevel() on ptolemy.moml.MoMLSimpleApplication@60ae80e5
reloadAllAccessors: .Broadcast

===========================================================================================
----------------- testing Thu May 31 22:03:01 UTC 2018 /home/travis/build/icyphy/ptII/ptolemy/domains/modal/test/auto/BroadcastHierarchy.xml
----------------- Instantiating /home/travis/build/icyphy/ptII/ptolemy/domains/modal/test/auto/BroadcastHierarchy.xml
14 ms. Memory: 332288K Free: 115112K (35%)
----------------- Invoking toplevel() on ptolemy.moml.MoMLSimpleApplication@6421f870
----------------- Done invoking toplevel() on ptolemy.moml.MoMLSimpleApplication@6421f870
reloadAllAccessors: .BroadcastHierarchy

===========================================================================================
----------------- testing Thu May 31 22:03:01 UTC 2018 /home/travis/build/icyphy/ptII/ptolemy/domains/modal/test/auto/BroadcastHierarchy2.xml
----------------- Instantiating /home/travis/build/icyphy/ptII/ptolemy/domains/modal/test/auto/BroadcastHierarchy2.xml
27 ms. Memory: 332288K Free: 79180K (24%)
----------------- Invoking toplevel() on ptolemy.moml.MoMLSimpleApplication@3f415d10
----------------- Done invoking toplevel() on ptolemy.moml.MoMLSimpleApplication@3f415d10
reloadAllAccessors: .BroadcastHierarchy2

===========================================================================================
----------------- testing Thu May 31 22:03:01 UTC 2018 /home/travis/build/icyphy/ptII/ptolemy/domains/modal/test/auto/BroadcastHierarchy3.xml
----------------- Instantiating /home/travis/build/icyphy/ptII/ptolemy/domains/modal/test/auto/BroadcastHierarchy3.xml
24 ms. Memory: 333824K Free: 297709K (89%)
----------------- Invoking toplevel() on ptolemy.moml.MoMLSimpleApplication@18778760
----------------- Done invoking toplevel() on ptolemy.moml.MoMLSimpleApplication@18778760
reloadAllAccessors: .BroadcastHierarchy3

===========================================================================================
----------------- testing Thu May 31 22:03:01 UTC 2018 /home/travis/build/icyphy/ptII/ptolemy/domains/modal/test/auto/BroadcastHierarchy4.xml
----------------- Instantiating /home/travis/build/icyphy/ptII/ptolemy/domains/modal/test/auto/BroadcastHierarchy4.xml
20 ms. Memory: 333824K Free: 262701K (79%)
----------------- Invoking toplevel() on ptolemy.moml.MoMLSimpleApplication@4372a93
----------------- Done invoking toplevel() on ptolemy.moml.MoMLSimpleApplication@4372a93
reloadAllAccessors: .BroadcastHierarchy4

===========================================================================================
----------------- testing Thu May 31 22:03:02 UTC 2018 /home/travis/build/icyphy/ptII/ptolemy/domains/modal/test/auto/CannotAnalysisWithPreemption2.xml
----------------- Instantiating /home/travis/build/icyphy/ptII/ptolemy/domains/modal/test/auto/CannotAnalysisWithPreemption2.xml
5 ms. Memory: 333824K Free: 252908K (76%)
----------------- Invoking toplevel() on ptolemy.moml.MoMLSimpleApplication@3d01cde8
----------------- Done invoking toplevel() on ptolemy.moml.MoMLSimpleApplication@3d01cde8
reloadAllAccessors: .CannotAnalysisWithPreemption2

===========================================================================================
----------------- testing Thu May 31 22:03:02 UTC 2018 /home/travis/build/icyphy/ptII/ptolemy/domains/modal/test/auto/CannotAnalysisWithPreemption3.xml
----------------- Instantiating /home/travis/build/icyphy/ptII/ptolemy/domains/modal/test/auto/CannotAnalysisWithPreemption3.xml
7 ms. Memory: 333824K Free: 239842K (72%)
----------------- Invoking toplevel() on ptolemy.moml.MoMLSimpleApplication@1714eb56
----------------- Done invoking toplevel() on ptolemy.moml.MoMLSimpleApplication@1714eb56
reloadAllAccessors: .CannotAnalysisWithPreemption3

===========================================================================================
----------------- testing Thu May 31 22:03:02 UTC 2018 /home/travis/build/icyphy/ptII/ptolemy/domains/modal/test/auto/CannotProduce.xml
----------------- Instantiating /home/travis/build/icyphy/ptII/ptolemy/domains/modal/test/auto/CannotProduce.xml
10 ms. Memory: 333824K Free: 231005K (69%)
----------------- Invoking toplevel() on ptolemy.moml.MoMLSimpleApplication@115c90be
----------------- Done invoking toplevel() on ptolemy.moml.MoMLSimpleApplication@115c90be
reloadAllAccessors: .CannotProduce

===========================================================================================
----------------- testing Thu May 31 22:03:02 UTC 2018 /home/travis/build/icyphy/ptII/ptolemy/domains/modal/test/auto/CannotProduceModal.xml
----------------- Instantiating /home/travis/build/icyphy/ptII/ptolemy/domains/modal/test/auto/CannotProduceModal.xml
10 ms. Memory: 333824K Free: 222832K (67%)
----------------- Invoking toplevel() on ptolemy.moml.MoMLSimpleApplication@147dc43c
----------------- Done invoking toplevel() on ptolemy.moml.MoMLSimpleApplication@147dc43c
reloadAllAccessors: .CannotProduceModal

===========================================================================================
----------------- testing Thu May 31 22:03:02 UTC 2018 /home/travis/build/icyphy/ptII/ptolemy/domains/modal/test/auto/Case.xml
----------------- Instantiating /home/travis/build/icyphy/ptII/ptolemy/domains/modal/test/auto/Case.xml
35 ms. Memory: 333824K Free: 209727K (63%)
----------------- Invoking toplevel() on ptolemy.moml.MoMLSimpleApplication@3e3c802
----------------- Done invoking toplevel() on ptolemy.moml.MoMLSimpleApplication@3e3c802
reloadAllAccessors: .Case

===========================================================================================
----------------- testing Thu May 31 22:03:02 UTC 2018 /home/travis/build/icyphy/ptII/ptolemy/domains/modal/test/auto/Case1.xml
----------------- Instantiating /home/travis/build/icyphy/ptII/ptolemy/domains/modal/test/auto/Case1.xml
9 ms. Memory: 333824K Free: 199254K (60%)
----------------- Invoking toplevel() on ptolemy.moml.MoMLSimpleApplication@73d1a860
----------------- Done invoking toplevel() on ptolemy.moml.MoMLSimpleApplication@73d1a860
reloadAllAccessors: .Case1

===========================================================================================
----------------- testing Thu May 31 22:03:02 UTC 2018 /home/travis/build/icyphy/ptII/ptolemy/domains/modal/test/auto/Case2.xml
----------------- Instantiating /home/travis/build/icyphy/ptII/ptolemy/domains/modal/test/auto/Case2.xml
24 ms. Memory: 333824K Free: 187809K (56%)
----------------- Invoking toplevel() on ptolemy.moml.MoMLSimpleApplication@440b2dd9
----------------- Done invoking toplevel() on ptolemy.moml.MoMLSimpleApplication@440b2dd9
reloadAllAccessors: .Case2

===========================================================================================
----------------- testing Thu May 31 22:03:02 UTC 2018 /home/travis/build/icyphy/ptII/ptolemy/domains/modal/test/auto/CausalityInterface1.xml
----------------- Instantiating /home/travis/build/icyphy/ptII/ptolemy/domains/modal/test/auto/CausalityInterface1.xml
4 ms. Memory: 333824K Free: 181296K (54%)
----------------- Invoking toplevel() on ptolemy.moml.MoMLSimpleApplication@4fd74272
----------------- Done invoking toplevel() on ptolemy.moml.MoMLSimpleApplication@4fd74272
reloadAllAccessors: .CausalityInterface1

===========================================================================================
----------------- testing Thu May 31 22:03:02 UTC 2018 /home/travis/build/icyphy/ptII/ptolemy/domains/modal/test/auto/CausalityInterface10.xml
----------------- Instantiating /home/travis/build/icyphy/ptII/ptolemy/domains/modal/test/auto/CausalityInterface10.xml
8 ms. Memory: 333824K Free: 162658K (49%)
----------------- Invoking toplevel() on ptolemy.moml.MoMLSimpleApplication@2b2d0d3b
----------------- Done invoking toplevel() on ptolemy.moml.MoMLSimpleApplication@2b2d0d3b
reloadAllAccessors: .CausalityInterface10

===========================================================================================
----------------- testing Thu May 31 22:03:02 UTC 2018 /home/travis/build/icyphy/ptII/ptolemy/domains/modal/test/auto/CausalityInterface11.xml
----------------- Instantiating /home/travis/build/icyphy/ptII/ptolemy/domains/modal/test/auto/CausalityInterface11.xml
10 ms. Memory: 333824K Free: 146343K (44%)
----------------- Invoking toplevel() on ptolemy.moml.MoMLSimpleApplication@205ee5ef
----------------- Done invoking toplevel() on ptolemy.moml.MoMLSimpleApplication@205ee5ef
reloadAllAccessors: .CausalityInterface11

===========================================================================================
----------------- testing Thu May 31 22:03:02 UTC 2018 /home/travis/build/icyphy/ptII/ptolemy/domains/modal/test/auto/CausalityInterface12.xml
----------------- Instantiating /home/travis/build/icyphy/ptII/ptolemy/domains/modal/test/auto/CausalityInterface12.xml
6 ms. Memory: 333824K Free: 129981K (39%)
----------------- Invoking toplevel() on ptolemy.moml.MoMLSimpleApplication@5f97711
----------------- Done invoking toplevel() on ptolemy.moml.MoMLSimpleApplication@5f97711
reloadAllAccessors: .CausalityInterface12

===========================================================================================
----------------- testing Thu May 31 22:03:02 UTC 2018 /home/travis/build/icyphy/ptII/ptolemy/domains/modal/test/auto/CausalityInterface13.xml
----------------- Instantiating /home/travis/build/icyphy/ptII/ptolemy/domains/modal/test/auto/CausalityInterface13.xml
6 ms. Memory: 333824K Free: 111341K (33%)
----------------- Invoking toplevel() on ptolemy.moml.MoMLSimpleApplication@df81539
----------------- Done invoking toplevel() on ptolemy.moml.MoMLSimpleApplication@df81539
reloadAllAccessors: .CausalityInterface13

===========================================================================================
----------------- testing Thu May 31 22:03:02 UTC 2018 /home/travis/build/icyphy/ptII/ptolemy/domains/modal/test/auto/CausalityInterface14.xml
----------------- Instantiating /home/travis/build/icyphy/ptII/ptolemy/domains/modal/test/auto/CausalityInterface14.xml
5 ms. Memory: 333824K Free: 95012K (28%)
----------------- Invoking toplevel() on ptolemy.moml.MoMLSimpleApplication@567a0c0c
----------------- Done invoking toplevel() on ptolemy.moml.MoMLSimpleApplication@567a0c0c
reloadAllAccessors: .CausalityInterface14

===========================================================================================
----------------- testing Thu May 31 22:03:02 UTC 2018 /home/travis/build/icyphy/ptII/ptolemy/domains/modal/test/auto/CausalityInterface2.xml
----------------- Instantiating /home/travis/build/icyphy/ptII/ptolemy/domains/modal/test/auto/CausalityInterface2.xml
8 ms. Memory: 333824K Free: 86839K (26%)
----------------- Invoking toplevel() on ptolemy.moml.MoMLSimpleApplication@65c6b088
----------------- Done invoking toplevel() on ptolemy.moml.MoMLSimpleApplication@65c6b088
reloadAllAccessors: .CausalityInterface2

===========================================================================================
----------------- testing Thu May 31 22:03:02 UTC 2018 /home/travis/build/icyphy/ptII/ptolemy/domains/modal/test/auto/CausalityInterface3.xml
----------------- Instantiating /home/travis/build/icyphy/ptII/ptolemy/domains/modal/test/auto/CausalityInterface3.xml
9 ms. Memory: 577536K Free: 562116K (97%)
----------------- Invoking toplevel() on ptolemy.moml.MoMLSimpleApplication@6f85ecf5
----------------- Done invoking toplevel() on ptolemy.moml.MoMLSimpleApplication@6f85ecf5
reloadAllAccessors: .CausalityInterface3

===========================================================================================
----------------- testing Thu May 31 22:03:02 UTC 2018 /home/travis/build/icyphy/ptII/ptolemy/domains/modal/test/auto/CausalityInterface4.xml
----------------- Instantiating /home/travis/build/icyphy/ptII/ptolemy/domains/modal/test/auto/CausalityInterface4.xml
4 ms. Memory: 577536K Free: 549180K (95%)
----------------- Invoking toplevel() on ptolemy.moml.MoMLSimpleApplication@81dc74
----------------- Done invoking toplevel() on ptolemy.moml.MoMLSimpleApplication@81dc74
reloadAllAccessors: .CausalityInterface4

===========================================================================================
----------------- testing Thu May 31 22:03:02 UTC 2018 /home/travis/build/icyphy/ptII/ptolemy/domains/modal/test/auto/CausalityInterface5.xml
----------------- Instantiating /home/travis/build/icyphy/ptII/ptolemy/domains/modal/test/auto/CausalityInterface5.xml
5 ms. Memory: 577536K Free: 536168K (93%)
----------------- Invoking toplevel() on ptolemy.moml.MoMLSimpleApplication@51ca3f31
----------------- Done invoking toplevel() on ptolemy.moml.MoMLSimpleApplication@51ca3f31
reloadAllAccessors: .CausalityInterface5

===========================================================================================
----------------- testing Thu May 31 22:03:02 UTC 2018 /home/travis/build/icyphy/ptII/ptolemy/domains/modal/test/auto/CausalityInterface6.xml
----------------- Instantiating /home/travis/build/icyphy/ptII/ptolemy/domains/modal/test/auto/CausalityInterface6.xml
4 ms. Memory: 577536K Free: 523155K (91%)
----------------- Invoking toplevel() on ptolemy.moml.MoMLSimpleApplication@780875fb
----------------- Done invoking toplevel() on ptolemy.moml.MoMLSimpleApplication@780875fb
reloadAllAccessors: .CausalityInterface6

===========================================================================================
----------------- testing Thu May 31 22:03:02 UTC 2018 /home/travis/build/icyphy/ptII/ptolemy/domains/modal/test/auto/CausalityInterface7.xml
----------------- Instantiating /home/travis/build/icyphy/ptII/ptolemy/domains/modal/test/auto/CausalityInterface7.xml
3 ms. Memory: 577536K Free: 510128K (88%)
----------------- Invoking toplevel() on ptolemy.moml.MoMLSimpleApplication@138aee6d
----------------- Done invoking toplevel() on ptolemy.moml.MoMLSimpleApplication@138aee6d
reloadAllAccessors: .CausalityInterface7

===========================================================================================
----------------- testing Thu May 31 22:03:02 UTC 2018 /home/travis/build/icyphy/ptII/ptolemy/domains/modal/test/auto/CausalityInterface8.xml
----------------- Instantiating /home/travis/build/icyphy/ptII/ptolemy/domains/modal/test/auto/CausalityInterface8.xml
7 ms. Memory: 577536K Free: 493955K (86%)
----------------- Invoking toplevel() on ptolemy.moml.MoMLSimpleApplication@644a73ce
----------------- Done invoking toplevel() on ptolemy.moml.MoMLSimpleApplication@644a73ce
reloadAllAccessors: .CausalityInterface8

===========================================================================================
----------------- testing Thu May 31 22:03:02 UTC 2018 /home/travis/build/icyphy/ptII/ptolemy/domains/modal/test/auto/CausalityInterface9.xml
----------------- Instantiating /home/travis/build/icyphy/ptII/ptolemy/domains/modal/test/auto/CausalityInterface9.xml
8 ms. Memory: 577536K Free: 480927K (83%)
----------------- Invoking toplevel() on ptolemy.moml.MoMLSimpleApplication@21d302c9
----------------- Done invoking toplevel() on ptolemy.moml.MoMLSimpleApplication@21d302c9
reloadAllAccessors: .CausalityInterface9

===========================================================================================
----------------- testing Thu May 31 22:03:03 UTC 2018 /home/travis/build/icyphy/ptII/ptolemy/domains/modal/test/auto/ChainedTransitions.xml
----------------- Instantiating /home/travis/build/icyphy/ptII/ptolemy/domains/modal/test/auto/ChainedTransitions.xml
103 ms. Memory: 577536K Free: 451586K (78%)
----------------- Invoking toplevel() on ptolemy.moml.MoMLSimpleApplication@13180aeb
----------------- Done invoking toplevel() on ptolemy.moml.MoMLSimpleApplication@13180aeb
reloadAllAccessors: .ChainedTransitions

===========================================================================================
----------------- testing Thu May 31 22:03:03 UTC 2018 /home/travis/build/icyphy/ptII/ptolemy/domains/modal/test/auto/CycleOfImmediateTransitionsFSM.xml
----------------- Instantiating /home/travis/build/icyphy/ptII/ptolemy/domains/modal/test/auto/CycleOfImmediateTransitionsFSM.xml
4 ms. Memory: 577536K Free: 441812K (76%)
----------------- Invoking toplevel() on ptolemy.moml.MoMLSimpleApplication@5679bff9
----------------- Done invoking toplevel() on ptolemy.moml.MoMLSimpleApplication@5679bff9
reloadAllAccessors: .CycleOfImmediateTransitionsFSM

===========================================================================================
----------------- testing Thu May 31 22:03:03 UTC 2018 /home/travis/build/icyphy/ptII/ptolemy/domains/modal/test/auto/CycleOfImmediateTransitionsModal.xml
----------------- Instantiating /home/travis/build/icyphy/ptII/ptolemy/domains/modal/test/auto/CycleOfImmediateTransitionsModal.xml
3 ms. Memory: 577536K Free: 428884K (74%)
----------------- Invoking toplevel() on ptolemy.moml.MoMLSimpleApplication@5103bd60
----------------- Done invoking toplevel() on ptolemy.moml.MoMLSimpleApplication@5103bd60
reloadAllAccessors: .CycleOfImmediateTransitionsModal

===========================================================================================
----------------- testing Thu May 31 22:03:03 UTC 2018 /home/travis/build/icyphy/ptII/ptolemy/domains/modal/test/auto/CycleOfImmediateTransitionsModal2.xml
----------------- Instantiating /home/travis/build/icyphy/ptII/ptolemy/domains/modal/test/auto/CycleOfImmediateTransitionsModal2.xml
5 ms. Memory: 577536K Free: 419117K (73%)
----------------- Invoking toplevel() on ptolemy.moml.MoMLSimpleApplication@3f1fc54a
----------------- Done invoking toplevel() on ptolemy.moml.MoMLSimpleApplication@3f1fc54a
reloadAllAccessors: .CycleOfImmediateTransitionsModal2

===========================================================================================
----------------- testing Thu May 31 22:03:03 UTC 2018 /home/travis/build/icyphy/ptII/ptolemy/domains/modal/test/auto/CycleOfImmediateTransitionsModal3.xml
----------------- Instantiating /home/travis/build/icyphy/ptII/ptolemy/domains/modal/test/auto/CycleOfImmediateTransitionsModal3.xml
9 ms. Memory: 577536K Free: 389792K (67%)
----------------- Invoking toplevel() on ptolemy.moml.MoMLSimpleApplication@2064370d
----------------- Done invoking toplevel() on ptolemy.moml.MoMLSimpleApplication@2064370d
reloadAllAccessors: .CycleOfImmediateTransitionsModal3

===========================================================================================
----------------- testing Thu May 31 22:03:03 UTC 2018 /home/travis/build/icyphy/ptII/ptolemy/domains/modal/test/auto/DeepModal1.xml
----------------- Instantiating /home/travis/build/icyphy/ptII/ptolemy/domains/modal/test/auto/DeepModal1.xml
26 ms. Memory: 577536K Free: 370227K (64%)
----------------- Invoking toplevel() on ptolemy.moml.MoMLSimpleApplication@329efbe0
----------------- Done invoking toplevel() on ptolemy.moml.MoMLSimpleApplication@329efbe0
reloadAllAccessors: .DeepModal1

===========================================================================================
----------------- testing Thu May 31 22:03:03 UTC 2018 /home/travis/build/icyphy/ptII/ptolemy/domains/modal/test/auto/DeepModal2.xml
----------------- Instantiating /home/travis/build/icyphy/ptII/ptolemy/domains/modal/test/auto/DeepModal2.xml
21 ms. Memory: 577536K Free: 344247K (60%)
----------------- Invoking toplevel() on ptolemy.moml.MoMLSimpleApplication@32e30053
----------------- Done invoking toplevel() on ptolemy.moml.MoMLSimpleApplication@32e30053
reloadAllAccessors: .DeepModal2

===========================================================================================
----------------- testing Thu May 31 22:03:03 UTC 2018 /home/travis/build/icyphy/ptII/ptolemy/domains/modal/test/auto/DeepModal3.xml
----------------- Instantiating /home/travis/build/icyphy/ptII/ptolemy/domains/modal/test/auto/DeepModal3.xml
33 ms. Memory: 577536K Free: 321444K (56%)
----------------- Invoking toplevel() on ptolemy.moml.MoMLSimpleApplication@5f2994ae
----------------- Done invoking toplevel() on ptolemy.moml.MoMLSimpleApplication@5f2994ae
reloadAllAccessors: .DeepModal3

===========================================================================================
----------------- testing Thu May 31 22:03:03 UTC 2018 /home/travis/build/icyphy/ptII/ptolemy/domains/modal/test/auto/DeepModal4.xml
----------------- Instantiating /home/travis/build/icyphy/ptII/ptolemy/domains/modal/test/auto/DeepModal4.xml
33 ms. Memory: 577536K Free: 298633K (52%)
----------------- Invoking toplevel() on ptolemy.moml.MoMLSimpleApplication@16f37fa3
----------------- Done invoking toplevel() on ptolemy.moml.MoMLSimpleApplication@16f37fa3
reloadAllAccessors: .DeepModal4

===========================================================================================
----------------- testing Thu May 31 22:03:03 UTC 2018 /home/travis/build/icyphy/ptII/ptolemy/domains/modal/test/auto/Default1.xml
----------------- Instantiating /home/travis/build/icyphy/ptII/ptolemy/domains/modal/test/auto/Default1.xml
3 ms. Memory: 577536K Free: 288874K (50%)
----------------- Invoking toplevel() on ptolemy.moml.MoMLSimpleApplication@3fdac648
----------------- Done invoking toplevel() on ptolemy.moml.MoMLSimpleApplication@3fdac648
reloadAllAccessors: .Default1

===========================================================================================
----------------- testing Thu May 31 22:03:03 UTC 2018 /home/travis/build/icyphy/ptII/ptolemy/domains/modal/test/auto/Default2.xml
----------------- Instantiating /home/travis/build/icyphy/ptII/ptolemy/domains/modal/test/auto/Default2.xml
5 ms. Memory: 577536K Free: 275938K (48%)
----------------- Invoking toplevel() on ptolemy.moml.MoMLSimpleApplication@f9ad1e3
----------------- Done invoking toplevel() on ptolemy.moml.MoMLSimpleApplication@f9ad1e3
reloadAllAccessors: .Default2

===========================================================================================
----------------- testing Thu May 31 22:03:03 UTC 2018 /home/travis/build/icyphy/ptII/ptolemy/domains/modal/test/auto/Default3.xml
----------------- Instantiating /home/travis/build/icyphy/ptII/ptolemy/domains/modal/test/auto/Default3.xml
3 ms. Memory: 577536K Free: 266179K (46%)
----------------- Invoking toplevel() on ptolemy.moml.MoMLSimpleApplication@15612efb
----------------- Done invoking toplevel() on ptolemy.moml.MoMLSimpleApplication@15612efb
reloadAllAccessors: .Default3

===========================================================================================
----------------- testing Thu May 31 22:03:03 UTC 2018 /home/travis/build/icyphy/ptII/ptolemy/domains/modal/test/auto/Default4.xml
----------------- Instantiating /home/travis/build/icyphy/ptII/ptolemy/domains/modal/test/auto/Default4.xml
6 ms. Memory: 577536K Free: 256405K (44%)
----------------- Invoking toplevel() on ptolemy.moml.MoMLSimpleApplication@7ae41744
----------------- Done invoking toplevel() on ptolemy.moml.MoMLSimpleApplication@7ae41744
reloadAllAccessors: .Default4

===========================================================================================
----------------- testing Thu May 31 22:03:03 UTC 2018 /home/travis/build/icyphy/ptII/ptolemy/domains/modal/test/auto/Default5.xml
----------------- Instantiating /home/travis/build/icyphy/ptII/ptolemy/domains/modal/test/auto/Default5.xml
7 ms. Memory: 577536K Free: 243377K (42%)
----------------- Invoking toplevel() on ptolemy.moml.MoMLSimpleApplication@28a20570
----------------- Done invoking toplevel() on ptolemy.moml.MoMLSimpleApplication@28a20570
reloadAllAccessors: .Default5

===========================================================================================
----------------- testing Thu May 31 22:03:03 UTC 2018 /home/travis/build/icyphy/ptII/ptolemy/domains/modal/test/auto/EmptyGuard.xml
----------------- Instantiating /home/travis/build/icyphy/ptII/ptolemy/domains/modal/test/auto/EmptyGuard.xml
10 ms. Memory: 577536K Free: 233602K (40%)
----------------- Invoking toplevel() on ptolemy.moml.MoMLSimpleApplication@2c7978bd
----------------- Done invoking toplevel() on ptolemy.moml.MoMLSimpleApplication@2c7978bd
reloadAllAccessors: .EmptyGuard

===========================================================================================
----------------- testing Thu May 31 22:03:03 UTC 2018 /home/travis/build/icyphy/ptII/ptolemy/domains/modal/test/auto/ErrorTransition1.xml
----------------- Instantiating /home/travis/build/icyphy/ptII/ptolemy/domains/modal/test/auto/ErrorTransition1.xml
5 ms. Memory: 577536K Free: 217413K (38%)
----------------- Invoking toplevel() on ptolemy.moml.MoMLSimpleApplication@7a0fdc6e
----------------- Done invoking toplevel() on ptolemy.moml.MoMLSimpleApplication@7a0fdc6e
reloadAllAccessors: .ErrorTransition1

===========================================================================================
----------------- testing Thu May 31 22:03:03 UTC 2018 /home/travis/build/icyphy/ptII/ptolemy/domains/modal/test/auto/ErrorTransition10.xml
----------------- Instantiating /home/travis/build/icyphy/ptII/ptolemy/domains/modal/test/auto/ErrorTransition10.xml
11 ms. Memory: 577536K Free: 201116K (35%)
----------------- Invoking toplevel() on ptolemy.moml.MoMLSimpleApplication@67bd11c7
----------------- Done invoking toplevel() on ptolemy.moml.MoMLSimpleApplication@67bd11c7
reloadAllAccessors: .ErrorTransition10

===========================================================================================
----------------- testing Thu May 31 22:03:03 UTC 2018 /home/travis/build/icyphy/ptII/ptolemy/domains/modal/test/auto/ErrorTransition11.xml
----------------- Instantiating /home/travis/build/icyphy/ptII/ptolemy/domains/modal/test/auto/ErrorTransition11.xml
6 ms. Memory: 577536K Free: 184828K (32%)
----------------- Invoking toplevel() on ptolemy.moml.MoMLSimpleApplication@2c6c1a5d
----------------- Done invoking toplevel() on ptolemy.moml.MoMLSimpleApplication@2c6c1a5d
reloadAllAccessors: .ErrorTransition11

===========================================================================================
----------------- testing Thu May 31 22:03:03 UTC 2018 /home/travis/build/icyphy/ptII/ptolemy/domains/modal/test/auto/ErrorTransition2.xml
----------------- Instantiating /home/travis/build/icyphy/ptII/ptolemy/domains/modal/test/auto/ErrorTransition2.xml
6 ms. Memory: 577536K Free: 171800K (30%)
----------------- Invoking toplevel() on ptolemy.moml.MoMLSimpleApplication@381c8d8a
----------------- Done invoking toplevel() on ptolemy.moml.MoMLSimpleApplication@381c8d8a
reloadAllAccessors: .ErrorTransition2

===========================================================================================
----------------- testing Thu May 31 22:03:03 UTC 2018 /home/travis/build/icyphy/ptII/ptolemy/domains/modal/test/auto/ErrorTransition3.xml
----------------- Instantiating /home/travis/build/icyphy/ptII/ptolemy/domains/modal/test/auto/ErrorTransition3.xml
11 ms. Memory: 577536K Free: 155611K (27%)
----------------- Invoking toplevel() on ptolemy.moml.MoMLSimpleApplication@28adbe7c
----------------- Done invoking toplevel() on ptolemy.moml.MoMLSimpleApplication@28adbe7c
reloadAllAccessors: .ErrorTransition3

===========================================================================================
----------------- testing Thu May 31 22:03:04 UTC 2018 /home/travis/build/icyphy/ptII/ptolemy/domains/modal/test/auto/ErrorTransition4.xml
----------------- Instantiating /home/travis/build/icyphy/ptII/ptolemy/domains/modal/test/auto/ErrorTransition4.xml
11 ms. Memory: 577536K Free: 142583K (25%)
----------------- Invoking toplevel() on ptolemy.moml.MoMLSimpleApplication@7d25609b
----------------- Done invoking toplevel() on ptolemy.moml.MoMLSimpleApplication@7d25609b
reloadAllAccessors: .ErrorTransition4

===========================================================================================
----------------- testing Thu May 31 22:03:04 UTC 2018 /home/travis/build/icyphy/ptII/ptolemy/domains/modal/test/auto/ErrorTransition5.xml
----------------- Instantiating /home/travis/build/icyphy/ptII/ptolemy/domains/modal/test/auto/ErrorTransition5.xml
5 ms. Memory: 577536K Free: 129563K (22%)
----------------- Invoking toplevel() on ptolemy.moml.MoMLSimpleApplication@2b652d1a
----------------- Done invoking toplevel() on ptolemy.moml.MoMLSimpleApplication@2b652d1a
reloadAllAccessors: .ErrorTransition5

===========================================================================================
----------------- testing Thu May 31 22:03:04 UTC 2018 /home/travis/build/icyphy/ptII/ptolemy/domains/modal/test/auto/ErrorTransition6.xml
----------------- Instantiating /home/travis/build/icyphy/ptII/ptolemy/domains/modal/test/auto/ErrorTransition6.xml
8 ms. Memory: 577536K Free: 116552K (20%)
----------------- Invoking toplevel() on ptolemy.moml.MoMLSimpleApplication@34084b64
----------------- Done invoking toplevel() on ptolemy.moml.MoMLSimpleApplication@34084b64
reloadAllAccessors: .ErrorTransition6

===========================================================================================
----------------- testing Thu May 31 22:03:04 UTC 2018 /home/travis/build/icyphy/ptII/ptolemy/domains/modal/test/auto/ErrorTransition7.xml
----------------- Instantiating /home/travis/build/icyphy/ptII/ptolemy/domains/modal/test/auto/ErrorTransition7.xml
12 ms. Memory: 577536K Free: 97102K (17%)
----------------- Invoking toplevel() on ptolemy.moml.MoMLSimpleApplication@41591d49
----------------- Done invoking toplevel() on ptolemy.moml.MoMLSimpleApplication@41591d49
reloadAllAccessors: .ErrorTransition7

===========================================================================================
----------------- testing Thu May 31 22:03:04 UTC 2018 /home/travis/build/icyphy/ptII/ptolemy/domains/modal/test/auto/ErrorTransition8.xml
----------------- Instantiating /home/travis/build/icyphy/ptII/ptolemy/domains/modal/test/auto/ErrorTransition8.xml
36 ms. Memory: 577536K Free: 80805K (14%)
----------------- Invoking toplevel() on ptolemy.moml.MoMLSimpleApplication@1aabb0dc
----------------- Done invoking toplevel() on ptolemy.moml.MoMLSimpleApplication@1aabb0dc
reloadAllAccessors: .ErrorTransition8

===========================================================================================
----------------- testing Thu May 31 22:03:04 UTC 2018 /home/travis/build/icyphy/ptII/ptolemy/domains/modal/test/auto/ErrorTransition9.xml
----------------- Instantiating /home/travis/build/icyphy/ptII/ptolemy/domains/modal/test/auto/ErrorTransition9.xml
15 ms. Memory: 578048K Free: 552235K (96%)
----------------- Invoking toplevel() on ptolemy.moml.MoMLSimpleApplication@20b75aa9
----------------- Done invoking toplevel() on ptolemy.moml.MoMLSimpleApplication@20b75aa9
reloadAllAccessors: .ErrorTransition9

===========================================================================================
----------------- testing Thu May 31 22:03:04 UTC 2018 /home/travis/build/icyphy/ptII/ptolemy/domains/modal/test/auto/ExtendedFSM.xml
----------------- Instantiating /home/travis/build/icyphy/ptII/ptolemy/domains/modal/test/auto/ExtendedFSM.xml
10 ms. Memory: 578048K Free: 540250K (93%)
----------------- Invoking toplevel() on ptolemy.moml.MoMLSimpleApplication@2739d789
----------------- Done invoking toplevel() on ptolemy.moml.MoMLSimpleApplication@2739d789
reloadAllAccessors: .ExtendedFSM

===========================================================================================
----------------- testing Thu May 31 22:03:04 UTC 2018 /home/travis/build/icyphy/ptII/ptolemy/domains/modal/test/auto/FinalStates.xml
----------------- Instantiating /home/travis/build/icyphy/ptII/ptolemy/domains/modal/test/auto/FinalStates.xml
6 ms. Memory: 578048K Free: 530476K (92%)
----------------- Invoking toplevel() on ptolemy.moml.MoMLSimpleApplication@68f30fde
----------------- Done invoking toplevel() on ptolemy.moml.MoMLSimpleApplication@68f30fde
reloadAllAccessors: .FinalStates

===========================================================================================
----------------- testing Thu May 31 22:03:04 UTC 2018 /home/travis/build/icyphy/ptII/ptolemy/domains/modal/test/auto/FixedPointFSM.xml
----------------- Instantiating /home/travis/build/icyphy/ptII/ptolemy/domains/modal/test/auto/FixedPointFSM.xml
24 ms. Memory: 578048K Free: 508700K (88%)
----------------- Invoking toplevel() on ptolemy.moml.MoMLSimpleApplication@403e257c
----------------- Done invoking toplevel() on ptolemy.moml.MoMLSimpleApplication@403e257c
reloadAllAccessors: .FixedPointFSM

===========================================================================================
----------------- testing Thu May 31 22:03:04 UTC 2018 /home/travis/build/icyphy/ptII/ptolemy/domains/modal/test/auto/FixedPointIterationFSMActor.xml
----------------- Instantiating /home/travis/build/icyphy/ptII/ptolemy/domains/modal/test/auto/FixedPointIterationFSMActor.xml
7 ms. Memory: 578048K Free: 495688K (86%)
----------------- Invoking toplevel() on ptolemy.moml.MoMLSimpleApplication@486f3fb6
----------------- Done invoking toplevel() on ptolemy.moml.MoMLSimpleApplication@486f3fb6
reloadAllAccessors: .FixedPointIterationFSMActor

===========================================================================================
----------------- testing Thu May 31 22:03:04 UTC 2018 /home/travis/build/icyphy/ptII/ptolemy/domains/modal/test/auto/FixedPointIterationFSMActor2.xml
----------------- Instantiating /home/travis/build/icyphy/ptII/ptolemy/domains/modal/test/auto/FixedPointIterationFSMActor2.xml
12 ms. Memory: 578048K Free: 479407K (83%)
----------------- Invoking toplevel() on ptolemy.moml.MoMLSimpleApplication@5186f2c9
----------------- Done invoking toplevel() on ptolemy.moml.MoMLSimpleApplication@5186f2c9
reloadAllAccessors: .FixedPointIterationFSMActor2

===========================================================================================
----------------- testing Thu May 31 22:03:04 UTC 2018 /home/travis/build/icyphy/ptII/ptolemy/domains/modal/test/auto/ForbiddenInstantanousLoop.xml
----------------- Instantiating /home/travis/build/icyphy/ptII/ptolemy/domains/modal/test/auto/ForbiddenInstantanousLoop.xml
5 ms. Memory: 578048K Free: 460917K (80%)
----------------- Invoking toplevel() on ptolemy.moml.MoMLSimpleApplication@5c28f16c
----------------- Done invoking toplevel() on ptolemy.moml.MoMLSimpleApplication@5c28f16c
reloadAllAccessors: .ForbiddenInstantanousLoop

===========================================================================================
----------------- testing Thu May 31 22:03:04 UTC 2018 /home/travis/build/icyphy/ptII/ptolemy/domains/modal/test/auto/FunctionDependencyOfFSMActorTest.xml
----------------- Instantiating /home/travis/build/icyphy/ptII/ptolemy/domains/modal/test/auto/FunctionDependencyOfFSMActorTest.xml
12 ms. Memory: 578048K Free: 451142K (78%)
----------------- Invoking toplevel() on ptolemy.moml.MoMLSimpleApplication@76f969c1
----------------- Done invoking toplevel() on ptolemy.moml.MoMLSimpleApplication@76f969c1
reloadAllAccessors: .FunctionDependencyOfFSMActorTest

===========================================================================================
----------------- testing Thu May 31 22:03:04 UTC 2018 /home/travis/build/icyphy/ptII/ptolemy/domains/modal/test/auto/GuardExpression.xml
----------------- Instantiating /home/travis/build/icyphy/ptII/ptolemy/domains/modal/test/auto/GuardExpression.xml
6 ms. Memory: 578048K Free: 441367K (76%)
----------------- Invoking toplevel() on ptolemy.moml.MoMLSimpleApplication@1f529ecf
----------------- Done invoking toplevel() on ptolemy.moml.MoMLSimpleApplication@1f529ecf
reloadAllAccessors: .GuardExpression

===========================================================================================
----------------- testing Thu May 31 22:03:04 UTC 2018 /home/travis/build/icyphy/ptII/ptolemy/domains/modal/test/auto/GuardNotEvaluated.xml
----------------- Instantiating /home/travis/build/icyphy/ptII/ptolemy/domains/modal/test/auto/GuardNotEvaluated.xml
10 ms. Memory: 578048K Free: 426129K (74%)
----------------- Invoking toplevel() on ptolemy.moml.MoMLSimpleApplication@7b94a57c
----------------- Done invoking toplevel() on ptolemy.moml.MoMLSimpleApplication@7b94a57c
reloadAllAccessors: .GuardNotEvaluated

===========================================================================================
----------------- testing Thu May 31 22:03:04 UTC 2018 /home/travis/build/icyphy/ptII/ptolemy/domains/modal/test/auto/GuardNotEvaluated2.xml
----------------- Instantiating /home/travis/build/icyphy/ptII/ptolemy/domains/modal/test/auto/GuardNotEvaluated2.xml
7 ms. Memory: 578048K Free: 413102K (71%)
----------------- Invoking toplevel() on ptolemy.moml.MoMLSimpleApplication@264f8f7b
----------------- Done invoking toplevel() on ptolemy.moml.MoMLSimpleApplication@264f8f7b
reloadAllAccessors: .GuardNotEvaluated2

===========================================================================================
----------------- testing Thu May 31 22:03:04 UTC 2018 /home/travis/build/icyphy/ptII/ptolemy/domains/modal/test/auto/GuardOnAbsent.xml
----------------- Instantiating /home/travis/build/icyphy/ptII/ptolemy/domains/modal/test/auto/GuardOnAbsent.xml
11 ms. Memory: 578048K Free: 403327K (70%)
----------------- Invoking toplevel() on ptolemy.moml.MoMLSimpleApplication@6f52af77
----------------- Done invoking toplevel() on ptolemy.moml.MoMLSimpleApplication@6f52af77
reloadAllAccessors: .GuardOnAbsent

===========================================================================================
----------------- testing Thu May 31 22:03:04 UTC 2018 /home/travis/build/icyphy/ptII/ptolemy/domains/modal/test/auto/HierarchicalFSMTypeInference.xml
----------------- Instantiating /home/travis/build/icyphy/ptII/ptolemy/domains/modal/test/auto/HierarchicalFSMTypeInference.xml
5 ms. Memory: 578048K Free: 384836K (67%)
----------------- Invoking toplevel() on ptolemy.moml.MoMLSimpleApplication@4ed4aaba
----------------- Done invoking toplevel() on ptolemy.moml.MoMLSimpleApplication@4ed4aaba
reloadAllAccessors: .HierarchicalFSMTypeInference

===========================================================================================
----------------- testing Thu May 31 22:03:04 UTC 2018 /home/travis/build/icyphy/ptII/ptolemy/domains/modal/test/auto/Hysteresis.xml
----------------- Instantiating /home/travis/build/icyphy/ptII/ptolemy/domains/modal/test/auto/Hysteresis.xml
14 ms. Memory: 578048K Free: 365278K (63%)
----------------- Invoking toplevel() on ptolemy.moml.MoMLSimpleApplication@409cb4b3
----------------- Done invoking toplevel() on ptolemy.moml.MoMLSimpleApplication@409cb4b3
reloadAllAccessors: .Hysteresis

===========================================================================================
----------------- testing Thu May 31 22:03:04 UTC 2018 /home/travis/build/icyphy/ptII/ptolemy/domains/modal/test/auto/HysteresisWithDefault.xml
----------------- Instantiating /home/travis/build/icyphy/ptII/ptolemy/domains/modal/test/auto/HysteresisWithDefault.xml
35 ms. Memory: 578048K Free: 339223K (59%)
----------------- Invoking toplevel() on ptolemy.moml.MoMLSimpleApplication@4633f29d
----------------- Done invoking toplevel() on ptolemy.moml.MoMLSimpleApplication@4633f29d
reloadAllAccessors: .HysteresisWithDefault

===========================================================================================
----------------- testing Thu May 31 22:03:04 UTC 2018 /home/travis/build/icyphy/ptII/ptolemy/domains/modal/test/auto/HysteresisWithDefault2.xml
----------------- Instantiating /home/travis/build/icyphy/ptII/ptolemy/domains/modal/test/auto/HysteresisWithDefault2.xml
40 ms. Memory: 578048K Free: 304411K (53%)
----------------- Invoking toplevel() on ptolemy.moml.MoMLSimpleApplication@1dd93225
----------------- Done invoking toplevel() on ptolemy.moml.MoMLSimpleApplication@1dd93225
reloadAllAccessors: .HysteresisWithDefault2

===========================================================================================
----------------- testing Thu May 31 22:03:04 UTC 2018 /home/travis/build/icyphy/ptII/ptolemy/domains/modal/test/auto/ImmediateNonConstructiveness.xml
----------------- Instantiating /home/travis/build/icyphy/ptII/ptolemy/domains/modal/test/auto/ImmediateNonConstructiveness.xml
3 ms. Memory: 578048K Free: 294636K (51%)
----------------- Invoking toplevel() on ptolemy.moml.MoMLSimpleApplication@66f6e246
----------------- Done invoking toplevel() on ptolemy.moml.MoMLSimpleApplication@66f6e246
reloadAllAccessors: .ImmediateNonConstructiveness

===========================================================================================
----------------- testing Thu May 31 22:03:04 UTC 2018 /home/travis/build/icyphy/ptII/ptolemy/domains/modal/test/auto/ImmediateNonConstructiveness2.xml
----------------- Instantiating /home/travis/build/icyphy/ptII/ptolemy/domains/modal/test/auto/ImmediateNonConstructiveness2.xml
2 ms. Memory: 578048K Free: 282659K (49%)
----------------- Invoking toplevel() on ptolemy.moml.MoMLSimpleApplication@1bc08631
----------------- Done invoking toplevel() on ptolemy.moml.MoMLSimpleApplication@1bc08631
reloadAllAccessors: .ImmediateNonConstructiveness2

===========================================================================================
----------------- testing Thu May 31 22:03:04 UTC 2018 /home/travis/build/icyphy/ptII/ptolemy/domains/modal/test/auto/ImmediateTransitionReset.xml
----------------- Instantiating /home/travis/build/icyphy/ptII/ptolemy/domains/modal/test/auto/ImmediateTransitionReset.xml
5 ms. Memory: 578048K Free: 266370K (46%)
----------------- Invoking toplevel() on ptolemy.moml.MoMLSimpleApplication@79564c34
----------------- Done invoking toplevel() on ptolemy.moml.MoMLSimpleApplication@79564c34
reloadAllAccessors: .ImmediateTransitionReset

===========================================================================================
----------------- testing Thu May 31 22:03:04 UTC 2018 /home/travis/build/icyphy/ptII/ptolemy/domains/modal/test/auto/ImmediateTransitions1.xml
----------------- Instantiating /home/travis/build/icyphy/ptII/ptolemy/domains/modal/test/auto/ImmediateTransitions1.xml
2 ms. Memory: 578048K Free: 256595K (44%)
----------------- Invoking toplevel() on ptolemy.moml.MoMLSimpleApplication@5851f767
----------------- Done invoking toplevel() on ptolemy.moml.MoMLSimpleApplication@5851f767
reloadAllAccessors: .ImmediateTransitions1

===========================================================================================
----------------- testing Thu May 31 22:03:04 UTC 2018 /home/travis/build/icyphy/ptII/ptolemy/domains/modal/test/auto/ImmediateTransitionsInstantaneousCommunication.xml
----------------- Instantiating /home/travis/build/icyphy/ptII/ptolemy/domains/modal/test/auto/ImmediateTransitionsInstantaneousCommunication.xml
4 ms. Memory: 578048K Free: 238096K (41%)
----------------- Invoking toplevel() on ptolemy.moml.MoMLSimpleApplication@11d6eee1
----------------- Done invoking toplevel() on ptolemy.moml.MoMLSimpleApplication@11d6eee1
reloadAllAccessors: .ImmediateTransitionsInstantaneousCommunication

===========================================================================================
----------------- testing Thu May 31 22:03:05 UTC 2018 /home/travis/build/icyphy/ptII/ptolemy/domains/modal/test/auto/InitialImmediateTransition.xml
----------------- Instantiating /home/travis/build/icyphy/ptII/ptolemy/domains/modal/test/auto/InitialImmediateTransition.xml
4 ms. Memory: 578048K Free: 228321K (39%)
----------------- Invoking toplevel() on ptolemy.moml.MoMLSimpleApplication@4a6db235
----------------- Done invoking toplevel() on ptolemy.moml.MoMLSimpleApplication@4a6db235
reloadAllAccessors: .InitialImmediateTransition

===========================================================================================
----------------- testing Thu May 31 22:03:05 UTC 2018 /home/travis/build/icyphy/ptII/ptolemy/domains/modal/test/auto/InitialOutputs.xml
----------------- Instantiating /home/travis/build/icyphy/ptII/ptolemy/domains/modal/test/auto/InitialOutputs.xml
3 ms. Memory: 578048K Free: 218547K (38%)
----------------- Invoking toplevel() on ptolemy.moml.MoMLSimpleApplication@1a30b402
----------------- Done invoking toplevel() on ptolemy.moml.MoMLSimpleApplication@1a30b402
reloadAllAccessors: .InitialOutputs

===========================================================================================
----------------- testing Thu May 31 22:03:05 UTC 2018 /home/travis/build/icyphy/ptII/ptolemy/domains/modal/test/auto/InitialStateTransition1.xml
----------------- Instantiating /home/travis/build/icyphy/ptII/ptolemy/domains/modal/test/auto/InitialStateTransition1.xml
3 ms. Memory: 578048K Free: 203309K (35%)
----------------- Invoking toplevel() on ptolemy.moml.MoMLSimpleApplication@2f1c2ce8
----------------- Done invoking toplevel() on ptolemy.moml.MoMLSimpleApplication@2f1c2ce8
reloadAllAccessors: .InitialStateTransition1

===========================================================================================
----------------- testing Thu May 31 22:03:05 UTC 2018 /home/travis/build/icyphy/ptII/ptolemy/domains/modal/test/auto/InitialStateTransition2.xml
----------------- Instantiating /home/travis/build/icyphy/ptII/ptolemy/domains/modal/test/auto/InitialStateTransition2.xml
.InitialStateTransition2.TestExceptionAttributeNonConstructive: initialize() was not invoked, but wrapup() was.  This is unusual, but not always a problem.  For example, exporting JNLP will do this.
1 ms. Memory: 578048K Free: 190281K (33%)
----------------- Invoking toplevel() on ptolemy.moml.MoMLSimpleApplication@733744b9
----------------- Done invoking toplevel() on ptolemy.moml.MoMLSimpleApplication@733744b9
reloadAllAccessors: .InitialStateTransition2

===========================================================================================
----------------- testing Thu May 31 22:03:05 UTC 2018 /home/travis/build/icyphy/ptII/ptolemy/domains/modal/test/auto/InitialStateTransition3.xml
----------------- Instantiating /home/travis/build/icyphy/ptII/ptolemy/domains/modal/test/auto/InitialStateTransition3.xml
3 ms. Memory: 578048K Free: 177269K (31%)
----------------- Invoking toplevel() on ptolemy.moml.MoMLSimpleApplication@7a25ea55
----------------- Done invoking toplevel() on ptolemy.moml.MoMLSimpleApplication@7a25ea55
reloadAllAccessors: .InitialStateTransition3

===========================================================================================
----------------- testing Thu May 31 22:03:05 UTC 2018 /home/travis/build/icyphy/ptII/ptolemy/domains/modal/test/auto/InitialStateTransition4.xml
----------------- Instantiating /home/travis/build/icyphy/ptII/ptolemy/domains/modal/test/auto/InitialStateTransition4.xml
3 ms. Memory: 578048K Free: 162031K (28%)
----------------- Invoking toplevel() on ptolemy.moml.MoMLSimpleApplication@1470a554
----------------- Done invoking toplevel() on ptolemy.moml.MoMLSimpleApplication@1470a554
[...]
----------------- Done invoking toplevel() on ptolemy.moml.MoMLSimpleApplication@4daeb9a7
reloadAllAccessors: .TerminationTransition3

===========================================================================================
----------------- testing Thu May 31 22:03:06 UTC 2018 /home/travis/build/icyphy/ptII/ptolemy/domains/modal/test/auto/TerminationTransition4.xml
----------------- Instantiating /home/travis/build/icyphy/ptII/ptolemy/domains/modal/test/auto/TerminationTransition4.xml
5 ms. Memory: 870912K Free: 838785K (96%)
----------------- Invoking toplevel() on ptolemy.moml.MoMLSimpleApplication@7d449549
----------------- Done invoking toplevel() on ptolemy.moml.MoMLSimpleApplication@7d449549
reloadAllAccessors: .TerminationTransition4

===========================================================================================
----------------- testing Thu May 31 22:03:07 UTC 2018 /home/travis/build/icyphy/ptII/ptolemy/domains/modal/test/auto/TerminationTransition5.xml
----------------- Instantiating /home/travis/build/icyphy/ptII/ptolemy/domains/modal/test/auto/TerminationTransition5.xml
3 ms. Memory: 870912K Free: 816085K (94%)
----------------- Invoking toplevel() on ptolemy.moml.MoMLSimpleApplication@2c4f10c5
----------------- Done invoking toplevel() on ptolemy.moml.MoMLSimpleApplication@2c4f10c5
reloadAllAccessors: .TerminationTransition5

===========================================================================================
----------------- testing Thu May 31 22:03:07 UTC 2018 /home/travis/build/icyphy/ptII/ptolemy/domains/modal/test/auto/TerminationTransition6.xml
----------------- Instantiating /home/travis/build/icyphy/ptII/ptolemy/domains/modal/test/auto/TerminationTransition6.xml
2 ms. Memory: 870912K Free: 800469K (92%)
----------------- Invoking toplevel() on ptolemy.moml.MoMLSimpleApplication@51a1d888
----------------- Done invoking toplevel() on ptolemy.moml.MoMLSimpleApplication@51a1d888
reloadAllAccessors: .TerminationTransition6

===========================================================================================
----------------- testing Thu May 31 22:03:07 UTC 2018 /home/travis/build/icyphy/ptII/ptolemy/domains/modal/test/auto/TerminationTransition7.xml
----------------- Instantiating /home/travis/build/icyphy/ptII/ptolemy/domains/modal/test/auto/TerminationTransition7.xml
4 ms. Memory: 870912K Free: 782982K (90%)
----------------- Invoking toplevel() on ptolemy.moml.MoMLSimpleApplication@7ea5bf12
----------------- Done invoking toplevel() on ptolemy.moml.MoMLSimpleApplication@7ea5bf12
reloadAllAccessors: .TerminationTransition7

===========================================================================================
----------------- testing Thu May 31 22:03:07 UTC 2018 /home/travis/build/icyphy/ptII/ptolemy/domains/modal/test/auto/TerminationTransition8.xml
----------------- Instantiating /home/travis/build/icyphy/ptII/ptolemy/domains/modal/test/auto/TerminationTransition8.xml
2 ms. Memory: 870912K Free: 767350K (88%)
----------------- Invoking toplevel() on ptolemy.moml.MoMLSimpleApplication@267f6374
----------------- Done invoking toplevel() on ptolemy.moml.MoMLSimpleApplication@267f6374
reloadAllAccessors: .TerminationTransition8

===========================================================================================
----------------- testing Thu May 31 22:03:07 UTC 2018 /home/travis/build/icyphy/ptII/ptolemy/domains/modal/test/auto/Thermostat_NoHysteresis.xml
----------------- Instantiating /home/travis/build/icyphy/ptII/ptolemy/domains/modal/test/auto/Thermostat_NoHysteresis.xml
20 ms. Memory: 870912K Free: 734117K (84%)
----------------- Invoking toplevel() on ptolemy.moml.MoMLSimpleApplication@3027f052
----------------- Done invoking toplevel() on ptolemy.moml.MoMLSimpleApplication@3027f052
reloadAllAccessors: .Thermostat_NoHysteresis

===========================================================================================
----------------- testing Thu May 31 22:03:07 UTC 2018 /home/travis/build/icyphy/ptII/ptolemy/domains/modal/test/auto/TimedFSM.xml
----------------- Instantiating /home/travis/build/icyphy/ptII/ptolemy/domains/modal/test/auto/TimedFSM.xml
7 ms. Memory: 870912K Free: 718485K (82%)
----------------- Invoking toplevel() on ptolemy.moml.MoMLSimpleApplication@7138134c
----------------- Done invoking toplevel() on ptolemy.moml.MoMLSimpleApplication@7138134c
reloadAllAccessors: .TimedFSM

===========================================================================================
----------------- testing Thu May 31 22:03:07 UTC 2018 /home/travis/build/icyphy/ptII/ptolemy/domains/modal/test/auto/Timeout1.xml
----------------- Instantiating /home/travis/build/icyphy/ptII/ptolemy/domains/modal/test/auto/Timeout1.xml
2 ms. Memory: 870912K Free: 706212K (81%)
----------------- Invoking toplevel() on ptolemy.moml.MoMLSimpleApplication@1267cee3
----------------- Done invoking toplevel() on ptolemy.moml.MoMLSimpleApplication@1267cee3
reloadAllAccessors: .Timeout1

===========================================================================================
----------------- testing Thu May 31 22:03:07 UTC 2018 /home/travis/build/icyphy/ptII/ptolemy/domains/modal/test/auto/Timeout2.xml
----------------- Instantiating /home/travis/build/icyphy/ptII/ptolemy/domains/modal/test/auto/Timeout2.xml
4 ms. Memory: 870912K Free: 690596K (79%)
----------------- Invoking toplevel() on ptolemy.moml.MoMLSimpleApplication@8f0e0e6
----------------- Done invoking toplevel() on ptolemy.moml.MoMLSimpleApplication@8f0e0e6
reloadAllAccessors: .Timeout2

===========================================================================================
----------------- testing Thu May 31 22:03:07 UTC 2018 /home/travis/build/icyphy/ptII/ptolemy/domains/modal/test/auto/Timeout3.xml
----------------- Instantiating /home/travis/build/icyphy/ptII/ptolemy/domains/modal/test/auto/Timeout3.xml
1 ms. Memory: 870912K Free: 678322K (78%)
----------------- Invoking toplevel() on ptolemy.moml.MoMLSimpleApplication@b1ab67c
----------------- Done invoking toplevel() on ptolemy.moml.MoMLSimpleApplication@b1ab67c
reloadAllAccessors: .Timeout3

===========================================================================================
----------------- testing Thu May 31 22:03:07 UTC 2018 /home/travis/build/icyphy/ptII/ptolemy/domains/modal/test/auto/Timeout4.xml
----------------- Instantiating /home/travis/build/icyphy/ptII/ptolemy/domains/modal/test/auto/Timeout4.xml
2 ms. Memory: 870912K Free: 667911K (77%)
----------------- Invoking toplevel() on ptolemy.moml.MoMLSimpleApplication@4e8c5f17
----------------- Done invoking toplevel() on ptolemy.moml.MoMLSimpleApplication@4e8c5f17
reloadAllAccessors: .Timeout4

===========================================================================================
----------------- testing Thu May 31 22:03:07 UTC 2018 /home/travis/build/icyphy/ptII/ptolemy/domains/modal/test/auto/TransientstateModelAdvanced.xml
----------------- Instantiating /home/travis/build/icyphy/ptII/ptolemy/domains/modal/test/auto/TransientstateModelAdvanced.xml
3 ms. Memory: 870912K Free: 645211K (74%)
----------------- Invoking toplevel() on ptolemy.moml.MoMLSimpleApplication@19dec62c
----------------- Done invoking toplevel() on ptolemy.moml.MoMLSimpleApplication@19dec62c
reloadAllAccessors: .TransientstateModelAdvanced

===========================================================================================
----------------- testing Thu May 31 22:03:07 UTC 2018 /home/travis/build/icyphy/ptII/ptolemy/domains/modal/test/auto/TransientstateModelAdvanced2.xml
----------------- Instantiating /home/travis/build/icyphy/ptII/ptolemy/domains/modal/test/auto/TransientstateModelAdvanced2.xml
3 ms. Memory: 870912K Free: 624389K (72%)
----------------- Invoking toplevel() on ptolemy.moml.MoMLSimpleApplication@4141c8e
----------------- Done invoking toplevel() on ptolemy.moml.MoMLSimpleApplication@4141c8e
reloadAllAccessors: .transientstatemodelAdvanced

===========================================================================================
----------------- testing Thu May 31 22:03:07 UTC 2018 /home/travis/build/icyphy/ptII/ptolemy/domains/modal/test/auto/TransitionRefinements.xml
----------------- Instantiating /home/travis/build/icyphy/ptII/ptolemy/domains/modal/test/auto/TransitionRefinements.xml
7 ms. Memory: 870912K Free: 606894K (70%)
----------------- Invoking toplevel() on ptolemy.moml.MoMLSimpleApplication@61c6466
----------------- Done invoking toplevel() on ptolemy.moml.MoMLSimpleApplication@61c6466
reloadAllAccessors: .TransitionRefinements

===========================================================================================
----------------- testing Thu May 31 22:03:07 UTC 2018 /home/travis/build/icyphy/ptII/ptolemy/domains/modal/test/auto/TwoRefinements1.xml
----------------- Instantiating /home/travis/build/icyphy/ptII/ptolemy/domains/modal/test/auto/TwoRefinements1.xml
3 ms. Memory: 870912K Free: 591262K (68%)
----------------- Invoking toplevel() on ptolemy.moml.MoMLSimpleApplication@70f7b9a1
----------------- Done invoking toplevel() on ptolemy.moml.MoMLSimpleApplication@70f7b9a1
reloadAllAccessors: .TwoRefinements1

===========================================================================================
----------------- testing Thu May 31 22:03:07 UTC 2018 /home/travis/build/icyphy/ptII/ptolemy/domains/modal/test/auto/TwoRefinements2.xml
----------------- Instantiating /home/travis/build/icyphy/ptII/ptolemy/domains/modal/test/auto/TwoRefinements2.xml
3 ms. Memory: 870912K Free: 573767K (66%)
----------------- Invoking toplevel() on ptolemy.moml.MoMLSimpleApplication@f4e3896
----------------- Done invoking toplevel() on ptolemy.moml.MoMLSimpleApplication@f4e3896
reloadAllAccessors: .TwoRefinements2

===========================================================================================
----------------- testing Thu May 31 22:03:07 UTC 2018 /home/travis/build/icyphy/ptII/ptolemy/domains/modal/test/auto/WeakImmediateTransition.xml
----------------- Instantiating /home/travis/build/icyphy/ptII/ptolemy/domains/modal/test/auto/WeakImmediateTransition.xml
6 ms. Memory: 870912K Free: 558135K (64%)
----------------- Invoking toplevel() on ptolemy.moml.MoMLSimpleApplication@72f8a287
----------------- Done invoking toplevel() on ptolemy.moml.MoMLSimpleApplication@72f8a287
reloadAllAccessors: .WeakImmediateTransition

===========================================================================================
----------------- testing Thu May 31 22:03:07 UTC 2018 /home/travis/build/icyphy/ptII/ptolemy/domains/modal/test/auto/booleanSelect.xml
----------------- Instantiating /home/travis/build/icyphy/ptII/ptolemy/domains/modal/test/auto/booleanSelect.xml
39 ms. Memory: 870912K Free: 532077K (61%)
----------------- Invoking toplevel() on ptolemy.moml.MoMLSimpleApplication@2fd44665
----------------- Done invoking toplevel() on ptolemy.moml.MoMLSimpleApplication@2fd44665
reloadAllAccessors: .booleanSelect

===========================================================================================
----------------- testing Thu May 31 22:03:07 UTC 2018 /home/travis/build/icyphy/ptII/ptolemy/domains/modal/test/auto/modalChangingParams.xml
----------------- Instantiating /home/travis/build/icyphy/ptII/ptolemy/domains/modal/test/auto/modalChangingParams.xml
0
1
0
2
4
6
8
7
0
2
4
6
8
13
0
2
4
6
8
19
0
2
4
6
8
25
0
2
4
6
8
31
0
2
4
6
8
37
0
2
4
6
8
43
0
2
4
6
8
49
0
2
4
6
8
55
0
2
4
6
8
61
0
2
4
6
8
67
0
2
4
6
8
73
0
2
4
6
8
79
0
2
4
6
8
85
0
2
4
6
8
91
0
2
4
6
8
97
0
2
4
6
8
103
0
2
4
6
8
109
0
2
4
6
8
115
0
2
4
6
8
121
0
2
4
6
8
127
0
2
4
6
8
133
0
2
4
6
8
139
0
2
4
6
8
145
0
2
4
6
8
151
0
2
4
6
8
157
0
2
4
6
8
163
0
2
4
6
8
169
0
2
4
6
8
175
0
2
4
6
8
181
0
2
4
6
8
187
0
2
4
6
8
193
0
2
4
6
8
199
0
2
4
6
8
205
0
2
4
6
8
211
0
2
4
6
8
217
0
2
4
6
8
223
0
2
4
6
8
229
0
2
4
6
8
235
0
2
4
6
8
241
0
2
4
6
8
247
0
2
4
6
8
253
0
2
4
6
8
259
0
2
4
6
8
265
0
2
4
6
8
271
0
2
4
6
8
277
0
2
4
6
8
283
0
2
4
6
8
289
0
2
4
6
8
295
0
2
4
6
8
301
0
2
4
6
8
307
0
2
4
6
8
313
0
2
4
6
8
319
0
2
4
6
8
325
0
2
4
6
8
331
0
2
4
6
8
337
0
2
4
6
8
343
0
2
4
6
8
349
0
2
4
6
8
355
0
2
4
6
8
361
0
2
4
6
8
367
0
2
4
6
8
373
0
2
4
6
8
379
0
2
4
6
8
385
0
2
4
6
8
391
0
2
4
6
8
397
0
2
4
6
8
403
0
2
4
6
8
409
0
2
4
6
8
415
0
2
4
6
8
421
0
2
4
6
8
427
0
2
4
6
8
433
0
2
4
6
8
439
0
2
4
6
8
445
0
2
4
6
8
451
0
2
4
6
8
457
0
2
4
6
8
463
0
2
4
6
8
469
0
2
4
6
8
475
0
2
4
6
8
481
0
2
4
6
8
487
0
2
4
6
8
493
0
2
4
6
8
499
0
2
4
6
8
505
0
2
4
6
8
511
0
2
4
6
8
517
0
2
4
6
8
523
0
2
4
6
8
529
0
2
4
6
8
535
0
2
4
6
8
541
0
2
4
6
8
547
0
2
4
6
8
553
0
2
4
6
8
559
0
2
4
6
8
565
0
2
4
6
8
571
0
2
4
6
8
577
0
2
4
6
8
583
0
2
4
6
8
589
0
2
4
6
8
595
0
2
4
6
8
601
0
2
4
6
8
607
0
2
4
6
8
613
0
2
4
6
8
619
0
2
4
6
8
625
0
2
4
6
8
631
0
2
4
6
8
637
0
2
4
6
8
643
0
2
4
6
8
649
0
2
4
6
8
655
0
2
4
6
8
661
0
2
4
6
8
667
0
2
4
6
8
673
0
2
4
6
8
679
0
2
4
6
8
685
0
2
4
6
8
691
0
2
4
6
8
697
0
2
4
6
8
703
0
2
4
6
8
709
0
2
4
6
8
715
0
2
4
6
8
721
0
2
4
6
8
727
0
2
4
6
8
733
0
2
4
6
8
739
0
2
4
6
8
745
0
2
4
6
8
751
0
2
4
6
8
757
0
2
4
6
8
763
0
2
4
6
8
769
0
2
4
6
8
775
0
2
4
6
8
781
0
2
4
6
8
787
0
2
4
6
8
793
0
2
4
6
8
799
0
2
4
6
8
805
0
2
4
6
8
811
0
2
4
6
8
817
0
2
4
6
8
823
0
2
4
6
8
829
0
2
4
6
8
835
0
2
4
6
8
841
0
2
4
6
8
847
0
2
4
6
8
853
0
2
4
6
8
859
0
2
4
6
8
865
0
2
4
6
8
871
0
2
4
6
8
877
0
2
4
6
8
883
0
2
4
6
8
889
0
2
4
6
8
895
0
2
4
6
8
901
0
2
4
6
8
907
0
2
4
6
8
913
0
2
4
6
8
919
0
2
4
6
8
925
0
2
4
6
8
931
0
2
4
6
8
937
0
2
4
6
8
943
0
2
4
6
8
949
0
2
4
6
8
955
0
2
4
6
8
961
0
2
4
6
8
967
0
2
4
6
8
973
0
2
4
6
8
979
0
2
4
6
8
985
0
2
4
6
8
991
0
2
4
6
8
997
0
2
198 ms. Memory: 870912K Free: 410323K (47%)
----------------- Invoking toplevel() on ptolemy.moml.MoMLSimpleApplication@243fae8
----------------- Done invoking toplevel() on ptolemy.moml.MoMLSimpleApplication@243fae8
reloadAllAccessors: .modalChangingParams

===========================================================================================
----------------- testing Thu May 31 22:03:07 UTC 2018 /home/travis/build/icyphy/ptII/ptolemy/domains/modal/test/auto/modalModel.xml
----------------- Instantiating /home/travis/build/icyphy/ptII/ptolemy/domains/modal/test/auto/modalModel.xml
10 ms. Memory: 870912K Free: 394691K (45%)
----------------- Invoking toplevel() on ptolemy.moml.MoMLSimpleApplication@42b4393
----------------- Done invoking toplevel() on ptolemy.moml.MoMLSimpleApplication@42b4393
reloadAllAccessors: .modalModel

===========================================================================================
----------------- testing Thu May 31 22:03:07 UTC 2018 /home/travis/build/icyphy/ptII/ptolemy/domains/modal/test/auto/modalModel2.xml
----------------- Instantiating /home/travis/build/icyphy/ptII/ptolemy/domains/modal/test/auto/modalModel2.xml
5 ms. Memory: 870912K Free: 377196K (43%)
----------------- Invoking toplevel() on ptolemy.moml.MoMLSimpleApplication@57df169c
----------------- Done invoking toplevel() on ptolemy.moml.MoMLSimpleApplication@57df169c
reloadAllAccessors: .modalModel2

===========================================================================================
----------------- testing Thu May 31 22:03:07 UTC 2018 /home/travis/build/icyphy/ptII/ptolemy/domains/modal/test/auto/modalModel3.xml
----------------- Instantiating /home/travis/build/icyphy/ptII/ptolemy/domains/modal/test/auto/modalModel3.xml
0	0	0
1	0	1
4	2	2
7	4	3
10	6	4
5	0	5
8	2	6
11	4	7
14	6	8
9	0	9
12	2	10
15	4	11
18	6	12
13	0	13
16	2	14
12 ms. Memory: 870912K Free: 356358K (41%)
----------------- Invoking toplevel() on ptolemy.moml.MoMLSimpleApplication@28e5be1d
----------------- Done invoking toplevel() on ptolemy.moml.MoMLSimpleApplication@28e5be1d
reloadAllAccessors: .modalModel3

===========================================================================================
----------------- testing Thu May 31 22:03:07 UTC 2018 /home/travis/build/icyphy/ptII/ptolemy/domains/modal/test/auto/model1.xml
----------------- Instantiating /home/travis/build/icyphy/ptII/ptolemy/domains/modal/test/auto/model1.xml
9 ms. Memory: 870912K Free: 344084K (40%)
----------------- Invoking toplevel() on ptolemy.moml.MoMLSimpleApplication@7e9c7674
----------------- Done invoking toplevel() on ptolemy.moml.MoMLSimpleApplication@7e9c7674
reloadAllAccessors: .model1

===========================================================================================
----------------- testing Thu May 31 22:03:07 UTC 2018 /home/travis/build/icyphy/ptII/ptolemy/domains/modal/test/auto/test-direct-in-out.xml
----------------- Instantiating /home/travis/build/icyphy/ptII/ptolemy/domains/modal/test/auto/test-direct-in-out.xml
6 ms. Memory: 870912K Free: 328452K (38%)
----------------- Invoking toplevel() on ptolemy.moml.MoMLSimpleApplication@2aff5f14
----------------- Done invoking toplevel() on ptolemy.moml.MoMLSimpleApplication@2aff5f14
reloadAllAccessors: .test-direct-in-out
AutoTests.java: About to close Vertx.
AutoTests.java: Vertx closed.
]]></system-out>
  <system-err><![CDATA[java.lang.RuntimeException: Execution failed
	at ptolemy.moml.MoMLSimpleApplication$UnloadThread.run(MoMLSimpleApplication.java:402)
Caused by: ptolemy.kernel.util.IllegalActionException: Unknown inputs remain. Possible causality loop:
L_model_1893289564i

  in .CannotAnalysisWithPreemption.model_1893289564_region_1 and .CannotAnalysisWithPreemption.model_1893289564_region_1.L_model_1893289564i
	at ptolemy.actor.sched.FixedPointDirector.postfire(FixedPointDirector.java:515)
	at ptolemy.domains.sr.kernel.SRDirector.postfire(SRDirector.java:417)
	at ptolemy.actor.CompositeActor.postfire(CompositeActor.java:1668)
	at ptolemy.actor.Manager.iterate(Manager.java:852)
	at ptolemy.actor.Manager.execute(Manager.java:369)
	at ptolemy.actor.Manager.run(Manager.java:1263)
	at ptolemy.actor.Manager$PtolemyRunThread.run(Manager.java:1915)
java.lang.reflect.InvocationTargetException
	at sun.reflect.NativeConstructorAccessorImpl.newInstance0(Native Method)
	at sun.reflect.NativeConstructorAccessorImpl.newInstance(NativeConstructorAccessorImpl.java:62)
	at sun.reflect.DelegatingConstructorAccessorImpl.newInstance(DelegatingConstructorAccessorImpl.java:45)
	at java.lang.reflect.Constructor.newInstance(Constructor.java:423)
	at ptolemy.util.test.junit.AutoKnownFailedTests.RunModel(AutoKnownFailedTests.java:107)
	at sun.reflect.NativeMethodAccessorImpl.invoke0(Native Method)
	at sun.reflect.NativeMethodAccessorImpl.invoke(NativeMethodAccessorImpl.java:62)
	at sun.reflect.DelegatingMethodAccessorImpl.invoke(DelegatingMethodAccessorImpl.java:43)
	at java.lang.reflect.Method.invoke(Method.java:498)
	at org.junit.runners.model.FrameworkMethod$1.runReflectiveCall(FrameworkMethod.java:44)
	at org.junit.internal.runners.model.ReflectiveCallable.run(ReflectiveCallable.java:15)
	at org.junit.runners.model.FrameworkMethod.invokeExplosively(FrameworkMethod.java:41)
	at junitparams.internal.InvokeParameterisedMethod.evaluate(InvokeParameterisedMethod.java:102)
	at org.junit.internal.runners.statements.FailOnTimeout$1.run(FailOnTimeout.java:28)
Caused by: ptolemy.kernel.util.IllegalActionException: Unknown inputs remain. Possible causality loop:
L_model_1893289564i

  in .CannotAnalysisWithPreemption.model_1893289564_region_1 and .CannotAnalysisWithPreemption.model_1893289564_region_1.L_model_1893289564i
	at ptolemy.actor.sched.FixedPointDirector.postfire(FixedPointDirector.java:515)
	at ptolemy.domains.sr.kernel.SRDirector.postfire(SRDirector.java:417)
	at ptolemy.actor.CompositeActor.postfire(CompositeActor.java:1668)
	at ptolemy.actor.Manager.iterate(Manager.java:852)
	at ptolemy.actor.Manager.execute(Manager.java:369)
	at ptolemy.actor.Manager.run(Manager.java:1263)
	at ptolemy.actor.Manager$PtolemyRunThread.run(Manager.java:1915)
]]></system-err>
</testsuite>
