<?xml version="1.0" encoding="UTF-8" ?>
<testsuite errors="0" failures="0" hostname="travis-job-0fed756a-5421-4bcf-aa58-a0d6fa49e6b3" name="ptolemy.domains.sdf.lib.test.junit.JUnitTclTest" skipped="0" tests="82" time="9.593" timestamp="2018-05-11T21:07:02">
  <properties>
[...]
</properties>
  <testcase classname="ptolemy.util.test.junit.TclTests" name="[0] /home/travis/build/icyphy/ptII/ptolemy/domains/sdf/lib/test/ArrayToSequence.tcl (RunTclFile)" time="0.548" />
  <testcase classname="ptolemy.util.test.junit.TclTests" name="[1] /home/travis/build/icyphy/ptII/ptolemy/domains/sdf/lib/test/BitsToInt.tcl (RunTclFile)" time="0.056" />
  <testcase classname="ptolemy.util.test.junit.TclTests" name="[2] /home/travis/build/icyphy/ptII/ptolemy/domains/sdf/lib/test/DelayLine.tcl (RunTclFile)" time="0.021" />
  <testcase classname="ptolemy.util.test.junit.TclTests" name="[3] /home/travis/build/icyphy/ptII/ptolemy/domains/sdf/lib/test/FFT.tcl (RunTclFile)" time="0.017" />
  <testcase classname="ptolemy.util.test.junit.TclTests" name="[4] /home/travis/build/icyphy/ptII/ptolemy/domains/sdf/lib/test/FIR.tcl (RunTclFile)" time="0.103" />
  <testcase classname="ptolemy.util.test.junit.TclTests" name="[5] /home/travis/build/icyphy/ptII/ptolemy/domains/sdf/lib/test/IntToBits.tcl (RunTclFile)" time="0.049" />
  <testcase classname="ptolemy.util.test.junit.TclTests" name="[6] /home/travis/build/icyphy/ptII/ptolemy/domains/sdf/lib/test/MaximumEntropySpectrum.tcl (RunTclFile)" time="0.278" />
  <testcase classname="ptolemy.util.test.junit.TclTests" name="[7] /home/travis/build/icyphy/ptII/ptolemy/domains/sdf/lib/test/Repeat.tcl (RunTclFile)" time="0.044" />
  <testcase classname="ptolemy.util.test.junit.TclTests" name="[8] /home/travis/build/icyphy/ptII/ptolemy/domains/sdf/lib/test/SampleDelay.tcl (RunTclFile)" time="0.065" />
  <testcase classname="ptolemy.util.test.junit.TclTests" name="[9] /home/travis/build/icyphy/ptII/ptolemy/domains/sdf/lib/test/SequenceToArray.tcl (RunTclFile)" time="0.033" />
  <testcase classname="ptolemy.util.test.junit.AutoKnownFailedTests" name="[0] ThereAreNoKnowFailedTests (RunModel)" time="0.001" />
  <testcase classname="ptolemy.util.test.junit.AutoNameArchTests" name="[0] ThereAreNoAutoTests (RunModel)" time="0.001" />
  <testcase classname="ptolemy.util.test.junit.AutoTests" name="[0] /home/travis/build/icyphy/ptII/ptolemy/domains/sdf/lib/test/auto/ArrayToSequence.xml (RunModel)" time="0.138" />
  <testcase classname="ptolemy.util.test.junit.AutoTests" name="[1] /home/travis/build/icyphy/ptII/ptolemy/domains/sdf/lib/test/auto/ArrayToSequenceTest.xml (RunModel)" time="0.036" />
  <testcase classname="ptolemy.util.test.junit.AutoTests" name="[2] /home/travis/build/icyphy/ptII/ptolemy/domains/sdf/lib/test/auto/Autocorrelation.xml (RunModel)" time="0.021" />
  <testcase classname="ptolemy.util.test.junit.AutoTests" name="[3] /home/travis/build/icyphy/ptII/ptolemy/domains/sdf/lib/test/auto/Autocorrelation2.xml (RunModel)" time="0.051" />
  <testcase classname="ptolemy.util.test.junit.AutoTests" name="[4] /home/travis/build/icyphy/ptII/ptolemy/domains/sdf/lib/test/auto/Autocorrelation3.xml (RunModel)" time="0.025" />
  <testcase classname="ptolemy.util.test.junit.AutoTests" name="[5] /home/travis/build/icyphy/ptII/ptolemy/domains/sdf/lib/test/auto/Autocorrelation4.xml (RunModel)" time="0.059" />
  <testcase classname="ptolemy.util.test.junit.AutoTests" name="[6] /home/travis/build/icyphy/ptII/ptolemy/domains/sdf/lib/test/auto/Autocorrelation5.xml (RunModel)" time="0.067" />
  <testcase classname="ptolemy.util.test.junit.AutoTests" name="[7] /home/travis/build/icyphy/ptII/ptolemy/domains/sdf/lib/test/auto/BitsToInt.xml (RunModel)" time="0.043" />
  <testcase classname="ptolemy.util.test.junit.AutoTests" name="[8] /home/travis/build/icyphy/ptII/ptolemy/domains/sdf/lib/test/auto/BooleanJoin.xml (RunModel)" time="0.067" />
  <testcase classname="ptolemy.util.test.junit.AutoTests" name="[9] /home/travis/build/icyphy/ptII/ptolemy/domains/sdf/lib/test/auto/BootstrapSampleDelay.xml (RunModel)" time="0.028" />
  <testcase classname="ptolemy.util.test.junit.AutoTests" name="[10] /home/travis/build/icyphy/ptII/ptolemy/domains/sdf/lib/test/auto/Chop.xml (RunModel)" time="0.052" />
  <testcase classname="ptolemy.util.test.junit.AutoTests" name="[11] /home/travis/build/icyphy/ptII/ptolemy/domains/sdf/lib/test/auto/Chop2.xml (RunModel)" time="0.061" />
  <testcase classname="ptolemy.util.test.junit.AutoTests" name="[12] /home/travis/build/icyphy/ptII/ptolemy/domains/sdf/lib/test/auto/ComplexJoin.xml (RunModel)" time="0.042" />
  <testcase classname="ptolemy.util.test.junit.AutoTests" name="[13] /home/travis/build/icyphy/ptII/ptolemy/domains/sdf/lib/test/auto/CountTrues.xml (RunModel)" time="0.035" />
  <testcase classname="ptolemy.util.test.junit.AutoTests" name="[14] /home/travis/build/icyphy/ptII/ptolemy/domains/sdf/lib/test/auto/DelayLine.xml (RunModel)" time="0.046" />
  <testcase classname="ptolemy.util.test.junit.AutoTests" name="[15] /home/travis/build/icyphy/ptII/ptolemy/domains/sdf/lib/test/auto/DotProduct.xml (RunModel)" time="0.031" />
  <testcase classname="ptolemy.util.test.junit.AutoTests" name="[16] /home/travis/build/icyphy/ptII/ptolemy/domains/sdf/lib/test/auto/DotProductMatrix.xml (RunModel)" time="0.025" />
  <testcase classname="ptolemy.util.test.junit.AutoTests" name="[17] /home/travis/build/icyphy/ptII/ptolemy/domains/sdf/lib/test/auto/DownSample1.xml (RunModel)" time="0.026" />
  <testcase classname="ptolemy.util.test.junit.AutoTests" name="[18] /home/travis/build/icyphy/ptII/ptolemy/domains/sdf/lib/test/auto/DynamicRateChange.xml (RunModel)" time="0.038" />
  <testcase classname="ptolemy.util.test.junit.AutoTests" name="[19] /home/travis/build/icyphy/ptII/ptolemy/domains/sdf/lib/test/auto/DynamicRates.xml (RunModel)" time="0.039" />
  <testcase classname="ptolemy.util.test.junit.AutoTests" name="[20] /home/travis/build/icyphy/ptII/ptolemy/domains/sdf/lib/test/auto/FFT1.xml (RunModel)" time="0.038" />
  <testcase classname="ptolemy.util.test.junit.AutoTests" name="[21] /home/travis/build/icyphy/ptII/ptolemy/domains/sdf/lib/test/auto/FIR1.xml (RunModel)" time="0.047" />
  <testcase classname="ptolemy.util.test.junit.AutoTests" name="[22] /home/travis/build/icyphy/ptII/ptolemy/domains/sdf/lib/test/auto/FIR2.xml (RunModel)" time="0.021" />
  <testcase classname="ptolemy.util.test.junit.AutoTests" name="[23] /home/travis/build/icyphy/ptII/ptolemy/domains/sdf/lib/test/auto/FIR4.xml (RunModel)" time="0.052" />
  <testcase classname="ptolemy.util.test.junit.AutoTests" name="[24] /home/travis/build/icyphy/ptII/ptolemy/domains/sdf/lib/test/auto/FixJoin.xml (RunModel)" time="0.044" />
  <testcase classname="ptolemy.util.test.junit.AutoTests" name="[25] /home/travis/build/icyphy/ptII/ptolemy/domains/sdf/lib/test/auto/IntJoin1.xml (RunModel)" time="0.025" />
  <testcase classname="ptolemy.util.test.junit.AutoTests" name="[26] /home/travis/build/icyphy/ptII/ptolemy/domains/sdf/lib/test/auto/IntJoin2.xml (RunModel)" time="0.022" />
  <testcase classname="ptolemy.util.test.junit.AutoTests" name="[27] /home/travis/build/icyphy/ptII/ptolemy/domains/sdf/lib/test/auto/IntJoin3.xml (RunModel)" time="0.018" />
  <testcase classname="ptolemy.util.test.junit.AutoTests" name="[28] /home/travis/build/icyphy/ptII/ptolemy/domains/sdf/lib/test/auto/IntJoin4.xml (RunModel)" time="0.017" />
  <testcase classname="ptolemy.util.test.junit.AutoTests" name="[29] /home/travis/build/icyphy/ptII/ptolemy/domains/sdf/lib/test/auto/IntJoin5.xml (RunModel)" time="0.026" />
  <testcase classname="ptolemy.util.test.junit.AutoTests" name="[30] /home/travis/build/icyphy/ptII/ptolemy/domains/sdf/lib/test/auto/IntToBits.xml (RunModel)" time="0.023" />
  <testcase classname="ptolemy.util.test.junit.AutoTests" name="[31] /home/travis/build/icyphy/ptII/ptolemy/domains/sdf/lib/test/auto/LMSAdaptive.xml (RunModel)" time="0.065" />
  <testcase classname="ptolemy.util.test.junit.AutoTests" name="[32] /home/travis/build/icyphy/ptII/ptolemy/domains/sdf/lib/test/auto/LMSAdaptiveFIR.xml (RunModel)" time="0.351" />
  <testcase classname="ptolemy.util.test.junit.AutoTests" name="[33] /home/travis/build/icyphy/ptII/ptolemy/domains/sdf/lib/test/auto/LMSAdaptiveFIR2.xml (RunModel)" time="0.434" />
  <testcase classname="ptolemy.util.test.junit.AutoTests" name="[34] /home/travis/build/icyphy/ptII/ptolemy/domains/sdf/lib/test/auto/LongJoin.xml (RunModel)" time="0.029" />
  <testcase classname="ptolemy.util.test.junit.AutoTests" name="[35] /home/travis/build/icyphy/ptII/ptolemy/domains/sdf/lib/test/auto/Matrix1.xml (RunModel)" time="0.032" />
  <testcase classname="ptolemy.util.test.junit.AutoTests" name="[36] /home/travis/build/icyphy/ptII/ptolemy/domains/sdf/lib/test/auto/Matrix2.xml (RunModel)" time="0.023" />
  <testcase classname="ptolemy.util.test.junit.AutoTests" name="[37] /home/travis/build/icyphy/ptII/ptolemy/domains/sdf/lib/test/auto/MatrixJoin1.xml (RunModel)" time="0.042" />
  <testcase classname="ptolemy.util.test.junit.AutoTests" name="[38] /home/travis/build/icyphy/ptII/ptolemy/domains/sdf/lib/test/auto/MatrixJoin2.xml (RunModel)" time="0.05" />
  <testcase classname="ptolemy.util.test.junit.AutoTests" name="[39] /home/travis/build/icyphy/ptII/ptolemy/domains/sdf/lib/test/auto/MatrixJoin3.xml (RunModel)" time="0.032" />
  <testcase classname="ptolemy.util.test.junit.AutoTests" name="[40] /home/travis/build/icyphy/ptII/ptolemy/domains/sdf/lib/test/auto/MatrixJoin4.xml (RunModel)" time="0.02" />
  <testcase classname="ptolemy.util.test.junit.AutoTests" name="[41] /home/travis/build/icyphy/ptII/ptolemy/domains/sdf/lib/test/auto/MatrixJoin5.xml (RunModel)" time="0.016" />
  <testcase classname="ptolemy.util.test.junit.AutoTests" name="[42] /home/travis/build/icyphy/ptII/ptolemy/domains/sdf/lib/test/auto/MatrixSplit1.xml (RunModel)" time="0.033" />
  <testcase classname="ptolemy.util.test.junit.AutoTests" name="[43] /home/travis/build/icyphy/ptII/ptolemy/domains/sdf/lib/test/auto/MatrixSplit10.xml (RunModel)" time="0.027" />
  <testcase classname="ptolemy.util.test.junit.AutoTests" name="[44] /home/travis/build/icyphy/ptII/ptolemy/domains/sdf/lib/test/auto/MatrixSplit11.xml (RunModel)" time="0.021" />
  <testcase classname="ptolemy.util.test.junit.AutoTests" name="[45] /home/travis/build/icyphy/ptII/ptolemy/domains/sdf/lib/test/auto/MatrixSplit12.xml (RunModel)" time="0.028" />
  <testcase classname="ptolemy.util.test.junit.AutoTests" name="[46] /home/travis/build/icyphy/ptII/ptolemy/domains/sdf/lib/test/auto/MatrixSplit13.xml (RunModel)" time="0.036" />
  <testcase classname="ptolemy.util.test.junit.AutoTests" name="[47] /home/travis/build/icyphy/ptII/ptolemy/domains/sdf/lib/test/auto/MatrixSplit14.xml (RunModel)" time="0.02" />
  <testcase classname="ptolemy.util.test.junit.AutoTests" name="[48] /home/travis/build/icyphy/ptII/ptolemy/domains/sdf/lib/test/auto/MatrixSplit2.xml (RunModel)" time="0.027" />
  <testcase classname="ptolemy.util.test.junit.AutoTests" name="[49] /home/travis/build/icyphy/ptII/ptolemy/domains/sdf/lib/test/auto/MatrixSplit3.xml (RunModel)" time="0.023" />
  <testcase classname="ptolemy.util.test.junit.AutoTests" name="[50] /home/travis/build/icyphy/ptII/ptolemy/domains/sdf/lib/test/auto/MatrixSplit4.xml (RunModel)" time="0.024" />
  <testcase classname="ptolemy.util.test.junit.AutoTests" name="[51] /home/travis/build/icyphy/ptII/ptolemy/domains/sdf/lib/test/auto/MatrixSplit5.xml (RunModel)" time="0.023" />
  <testcase classname="ptolemy.util.test.junit.AutoTests" name="[52] /home/travis/build/icyphy/ptII/ptolemy/domains/sdf/lib/test/auto/MatrixSplit6.xml (RunModel)" time="0.02" />
  <testcase classname="ptolemy.util.test.junit.AutoTests" name="[53] /home/travis/build/icyphy/ptII/ptolemy/domains/sdf/lib/test/auto/MatrixSplit7.xml (RunModel)" time="0.021" />
  <testcase classname="ptolemy.util.test.junit.AutoTests" name="[54] /home/travis/build/icyphy/ptII/ptolemy/domains/sdf/lib/test/auto/MatrixSplit8.xml (RunModel)" time="0.02" />
  <testcase classname="ptolemy.util.test.junit.AutoTests" name="[55] /home/travis/build/icyphy/ptII/ptolemy/domains/sdf/lib/test/auto/MatrixSplit9.xml (RunModel)" time="0.032" />
  <testcase classname="ptolemy.util.test.junit.AutoTests" name="[56] /home/travis/build/icyphy/ptII/ptolemy/domains/sdf/lib/test/auto/MatrixToSequence.xml (RunModel)" time="0.053" />
  <testcase classname="ptolemy.util.test.junit.AutoTests" name="[57] /home/travis/build/icyphy/ptII/ptolemy/domains/sdf/lib/test/auto/MaximumEntropySpectrum.xml (RunModel)" time="0.102" />
  <testcase classname="ptolemy.util.test.junit.AutoTests" name="[58] /home/travis/build/icyphy/ptII/ptolemy/domains/sdf/lib/test/auto/SampleDelayConversion.xml (RunModel)" time="0.021" />
  <testcase classname="ptolemy.util.test.junit.AutoTests" name="[59] /home/travis/build/icyphy/ptII/ptolemy/domains/sdf/lib/test/auto/SequenceToArray.xml (RunModel)" time="0.048" />
  <testcase classname="ptolemy.util.test.junit.AutoTests" name="[60] /home/travis/build/icyphy/ptII/ptolemy/domains/sdf/lib/test/auto/SequenceToMatrix.xml (RunModel)" time="4.565" />
  <testcase classname="ptolemy.util.test.junit.AutoTests" name="[61] /home/travis/build/icyphy/ptII/ptolemy/domains/sdf/lib/test/auto/SmoothedPeriodogram.xml (RunModel)" time="0.07" />
  <testcase classname="ptolemy.util.test.junit.AutoTests" name="[62] /home/travis/build/icyphy/ptII/ptolemy/domains/sdf/lib/test/auto/UpDownSample1.xml (RunModel)" time="0.022" />
  <testcase classname="ptolemy.util.test.junit.AutoTests" name="[63] /home/travis/build/icyphy/ptII/ptolemy/domains/sdf/lib/test/auto/UpSample1.xml (RunModel)" time="0.026" />
  <testcase classname="ptolemy.util.test.junit.AutoTests" name="[64] /home/travis/build/icyphy/ptII/ptolemy/domains/sdf/lib/test/auto/VariableFIR.xml (RunModel)" time="0.036" />
  <testcase classname="ptolemy.util.test.junit.AutoTests" name="[65] /home/travis/build/icyphy/ptII/ptolemy/domains/sdf/lib/test/auto/VariableFIR2.xml (RunModel)" time="0.053" />
  <testcase classname="ptolemy.util.test.junit.AutoTests" name="[66] /home/travis/build/icyphy/ptII/ptolemy/domains/sdf/lib/test/auto/VariableLattice.xml (RunModel)" time="0.028" />
  <testcase classname="ptolemy.util.test.junit.AutoTests" name="[67] /home/travis/build/icyphy/ptII/ptolemy/domains/sdf/lib/test/auto/VariableLattice2.xml (RunModel)" time="0.026" />
  <testcase classname="ptolemy.util.test.junit.AutoTests" name="[68] /home/travis/build/icyphy/ptII/ptolemy/domains/sdf/lib/test/auto/VariableRecursiveLattice.xml (RunModel)" time="0.025" />
  <testcase classname="ptolemy.util.test.junit.AutoTests" name="[69] /home/travis/build/icyphy/ptII/ptolemy/domains/sdf/lib/test/auto/VariableRecursiveLattice2.xml (RunModel)" time="0.027" />
  <system-out><![CDATA[/home/travis/build/icyphy/ptII/ptolemy/domains/sdf/lib/test/ArrayToSequence.tcl
testDefs.tcl: setting time out to 9000 seconds at Fri May 11 21:07:02 UTC 2018
63 ms. Memory: 116224K Free: 85504K (74%)
8 ms. Memory: 116224K Free: 110103K (95%)
22 ms. Memory: 116224K Free: 108283K (93%)
10 ms. Memory: 116224K Free: 106447K (92%)
/home/travis/build/icyphy/ptII/ptolemy/domains/sdf/lib/test/BitsToInt.tcl
19 ms. Memory: 116224K Free: 104618K (90%)
6 ms. Memory: 116224K Free: 102798K (88%)
/home/travis/build/icyphy/ptII/ptolemy/domains/sdf/lib/test/DelayLine.tcl
7 ms. Memory: 116224K Free: 100945K (87%)
/home/travis/build/icyphy/ptII/ptolemy/domains/sdf/lib/test/FFT.tcl
5 ms. Memory: 116224K Free: 99117K (85%)
/home/travis/build/icyphy/ptII/ptolemy/domains/sdf/lib/test/FIR.tcl
12 ms. Memory: 116224K Free: 97297K (84%)
5 ms. Memory: 116224K Free: 96094K (83%)
ptolemy.kernel.util.IllegalActionException: multiplyReverse method not supported between ptolemy.data.FixToken 'fix(-0.0625,6,2)' and ptolemy.data.IntToken '1' because the types are incomparable.
  in .top.FIRclone
Because:
multiplyReverse method not supported between ptolemy.data.FixToken 'fix(-0.0625,6,2)' and ptolemy.data.IntToken '1' because the types are incomparable.
19 ms. Memory: 116224K Free: 93659K (81%)
/home/travis/build/icyphy/ptII/ptolemy/domains/sdf/lib/test/IntToBits.tcl
9 ms. Memory: 116224K Free: 92461K (80%)
5 ms. Memory: 116224K Free: 90633K (78%)
/home/travis/build/icyphy/ptII/ptolemy/domains/sdf/lib/test/MaximumEntropySpectrum.tcl
/home/travis/build/icyphy/ptII/ptolemy/domains/sdf/lib/test/Repeat.tcl
14 ms. Memory: 146944K Free: 120477K (82%)
/home/travis/build/icyphy/ptII/ptolemy/domains/sdf/lib/test/SampleDelay.tcl
13 ms. Memory: 146944K Free: 119274K (81%)
4 ms. Memory: 146944K Free: 118071K (80%)
12 ms. Memory: 146944K Free: 116868K (80%)
4 ms. Memory: 146944K Free: 116868K (80%)
2 ms. Memory: 146944K Free: 115665K (79%)
1 ms. Memory: 146944K Free: 115665K (79%)
/home/travis/build/icyphy/ptII/ptolemy/domains/sdf/lib/test/SequenceToArray.tcl
4 ms. Memory: 146944K Free: 113259K (77%)
4 ms. Memory: 146944K Free: 112030K (76%)
5 ms. Memory: 146944K Free: 109624K (75%)
5 ms. Memory: 146944K Free: 108421K (74%)
05/11/18 09:07:03
Failed: 0  Total Tests: 41  ((Passed: 41, Newly Passed: 0)  Known Failed: 0) /home/travis/build/icyphy/ptII/ptolemy/domains/sdf/lib/test
No auto/knownFailedTests/*.xml tests in /home/travis/build/icyphy/ptII/ptolemy/domains/sdf/lib/test
No auto/*.xml tests in /home/travis/build/icyphy/ptII/ptolemy/domains/sdf/lib/test
AutoTests.java: About to close Vertx.
AutoTests.java: Vertx closed.
----------------- testing Fri May 11 21:07:04 UTC 2018 /home/travis/build/icyphy/ptII/ptolemy/domains/sdf/lib/test/auto/ArrayToSequence.xml
----------------- Instantiating /home/travis/build/icyphy/ptII/ptolemy/domains/sdf/lib/test/auto/ArrayToSequence.xml
30 ms. Memory: 146944K Free: 127028K (86%)
----------------- Invoking toplevel() on ptolemy.moml.MoMLSimpleApplication@726e962
----------------- Done invoking toplevel() on ptolemy.moml.MoMLSimpleApplication@726e962
reloadAllAccessors: .ArrayToSequence
----------------- testing Fri May 11 21:07:04 UTC 2018 /home/travis/build/icyphy/ptII/ptolemy/domains/sdf/lib/test/auto/ArrayToSequenceTest.xml
----------------- Instantiating /home/travis/build/icyphy/ptII/ptolemy/domains/sdf/lib/test/auto/ArrayToSequenceTest.xml
8 ms. Memory: 146944K Free: 119619K (81%)
----------------- Invoking toplevel() on ptolemy.moml.MoMLSimpleApplication@280d56e9
----------------- Done invoking toplevel() on ptolemy.moml.MoMLSimpleApplication@280d56e9
reloadAllAccessors: .ArrayToSequenceTest
----------------- testing Fri May 11 21:07:04 UTC 2018 /home/travis/build/icyphy/ptII/ptolemy/domains/sdf/lib/test/auto/Autocorrelation.xml
----------------- Instantiating /home/travis/build/icyphy/ptII/ptolemy/domains/sdf/lib/test/auto/Autocorrelation.xml
4 ms. Memory: 146944K Free: 115097K (78%)
----------------- Invoking toplevel() on ptolemy.moml.MoMLSimpleApplication@348f414e
----------------- Done invoking toplevel() on ptolemy.moml.MoMLSimpleApplication@348f414e
reloadAllAccessors: .Autocorrelation
----------------- testing Fri May 11 21:07:04 UTC 2018 /home/travis/build/icyphy/ptII/ptolemy/domains/sdf/lib/test/auto/Autocorrelation2.xml
----------------- Instantiating /home/travis/build/icyphy/ptII/ptolemy/domains/sdf/lib/test/auto/Autocorrelation2.xml
4 ms. Memory: 146944K Free: 110559K (75%)
----------------- Invoking toplevel() on ptolemy.moml.MoMLSimpleApplication@5a9e1dbd
----------------- Done invoking toplevel() on ptolemy.moml.MoMLSimpleApplication@5a9e1dbd
reloadAllAccessors: .Autocorrelation2
----------------- testing Fri May 11 21:07:04 UTC 2018 /home/travis/build/icyphy/ptII/ptolemy/domains/sdf/lib/test/auto/Autocorrelation3.xml
----------------- Instantiating /home/travis/build/icyphy/ptII/ptolemy/domains/sdf/lib/test/auto/Autocorrelation3.xml
2 ms. Memory: 146944K Free: 105253K (72%)
----------------- Invoking toplevel() on ptolemy.moml.MoMLSimpleApplication@25c75438
----------------- Done invoking toplevel() on ptolemy.moml.MoMLSimpleApplication@25c75438
reloadAllAccessors: .Autocorrelation3
----------------- testing Fri May 11 21:07:04 UTC 2018 /home/travis/build/icyphy/ptII/ptolemy/domains/sdf/lib/test/auto/Autocorrelation4.xml
----------------- Instantiating /home/travis/build/icyphy/ptII/ptolemy/domains/sdf/lib/test/auto/Autocorrelation4.xml
11 ms. Memory: 146944K Free: 100338K (68%)
----------------- Invoking toplevel() on ptolemy.moml.MoMLSimpleApplication@31f47de8
----------------- Done invoking toplevel() on ptolemy.moml.MoMLSimpleApplication@31f47de8
reloadAllAccessors: .Autocorrelation4
----------------- testing Fri May 11 21:07:04 UTC 2018 /home/travis/build/icyphy/ptII/ptolemy/domains/sdf/lib/test/auto/Autocorrelation5.xml
----------------- Instantiating /home/travis/build/icyphy/ptII/ptolemy/domains/sdf/lib/test/auto/Autocorrelation5.xml
38 ms. Memory: 146944K Free: 93156K (63%)
----------------- Invoking toplevel() on ptolemy.moml.MoMLSimpleApplication@1802c033
----------------- Done invoking toplevel() on ptolemy.moml.MoMLSimpleApplication@1802c033
reloadAllAccessors: .Autocorrelation5
----------------- testing Fri May 11 21:07:04 UTC 2018 /home/travis/build/icyphy/ptII/ptolemy/domains/sdf/lib/test/auto/BitsToInt.xml
----------------- Instantiating /home/travis/build/icyphy/ptII/ptolemy/domains/sdf/lib/test/auto/BitsToInt.xml
10 ms. Memory: 146944K Free: 88637K (60%)
----------------- Invoking toplevel() on ptolemy.moml.MoMLSimpleApplication@3a25ab17
----------------- Done invoking toplevel() on ptolemy.moml.MoMLSimpleApplication@3a25ab17
reloadAllAccessors: .BitsToInt
----------------- testing Fri May 11 21:07:04 UTC 2018 /home/travis/build/icyphy/ptII/ptolemy/domains/sdf/lib/test/auto/BooleanJoin.xml
----------------- Instantiating /home/travis/build/icyphy/ptII/ptolemy/domains/sdf/lib/test/auto/BooleanJoin.xml
6 ms. Memory: 146944K Free: 83995K (57%)
----------------- Invoking toplevel() on ptolemy.moml.MoMLSimpleApplication@3db8ca65
----------------- Done invoking toplevel() on ptolemy.moml.MoMLSimpleApplication@3db8ca65
reloadAllAccessors: .BooleanJoin
----------------- testing Fri May 11 21:07:04 UTC 2018 /home/travis/build/icyphy/ptII/ptolemy/domains/sdf/lib/test/auto/BootstrapSampleDelay.xml
----------------- Instantiating /home/travis/build/icyphy/ptII/ptolemy/domains/sdf/lib/test/auto/BootstrapSampleDelay.xml
5 ms. Memory: 146944K Free: 80260K (55%)
----------------- Invoking toplevel() on ptolemy.moml.MoMLSimpleApplication@5db7ffe
----------------- Done invoking toplevel() on ptolemy.moml.MoMLSimpleApplication@5db7ffe
reloadAllAccessors: .BootstrapSampleDelay
----------------- testing Fri May 11 21:07:04 UTC 2018 /home/travis/build/icyphy/ptII/ptolemy/domains/sdf/lib/test/auto/Chop.xml
----------------- Instantiating /home/travis/build/icyphy/ptII/ptolemy/domains/sdf/lib/test/auto/Chop.xml
6 ms. Memory: 208384K Free: 193485K (93%)
----------------- Invoking toplevel() on ptolemy.moml.MoMLSimpleApplication@7e9891cf
----------------- Done invoking toplevel() on ptolemy.moml.MoMLSimpleApplication@7e9891cf
reloadAllAccessors: .Chop
----------------- testing Fri May 11 21:07:04 UTC 2018 /home/travis/build/icyphy/ptII/ptolemy/domains/sdf/lib/test/auto/Chop2.xml
----------------- Instantiating /home/travis/build/icyphy/ptII/ptolemy/domains/sdf/lib/test/auto/Chop2.xml
15 ms. Memory: 208384K Free: 185160K (89%)
----------------- Invoking toplevel() on ptolemy.moml.MoMLSimpleApplication@1eb55dba
----------------- Done invoking toplevel() on ptolemy.moml.MoMLSimpleApplication@1eb55dba
reloadAllAccessors: .Chop2
----------------- testing Fri May 11 21:07:04 UTC 2018 /home/travis/build/icyphy/ptII/ptolemy/domains/sdf/lib/test/auto/ComplexJoin.xml
----------------- Instantiating /home/travis/build/icyphy/ptII/ptolemy/domains/sdf/lib/test/auto/ComplexJoin.xml
5 ms. Memory: 208384K Free: 180843K (87%)
----------------- Invoking toplevel() on ptolemy.moml.MoMLSimpleApplication@1e649809
----------------- Done invoking toplevel() on ptolemy.moml.MoMLSimpleApplication@1e649809
reloadAllAccessors: .ComplexJoin
----------------- testing Fri May 11 21:07:04 UTC 2018 /home/travis/build/icyphy/ptII/ptolemy/domains/sdf/lib/test/auto/CountTrues.xml
----------------- Instantiating /home/travis/build/icyphy/ptII/ptolemy/domains/sdf/lib/test/auto/CountTrues.xml
10 ms. Memory: 208384K Free: 177770K (85%)
----------------- Invoking toplevel() on ptolemy.moml.MoMLSimpleApplication@69c0ac06
----------------- Done invoking toplevel() on ptolemy.moml.MoMLSimpleApplication@69c0ac06
reloadAllAccessors: .CountTrues
----------------- testing Fri May 11 21:07:05 UTC 2018 /home/travis/build/icyphy/ptII/ptolemy/domains/sdf/lib/test/auto/DelayLine.xml
----------------- Instantiating /home/travis/build/icyphy/ptII/ptolemy/domains/sdf/lib/test/auto/DelayLine.xml
5 ms. Memory: 208384K Free: 172225K (83%)
----------------- Invoking toplevel() on ptolemy.moml.MoMLSimpleApplication@600fa79e
----------------- Done invoking toplevel() on ptolemy.moml.MoMLSimpleApplication@600fa79e
reloadAllAccessors: .DelayLine
----------------- testing Fri May 11 21:07:05 UTC 2018 /home/travis/build/icyphy/ptII/ptolemy/domains/sdf/lib/test/auto/DotProduct.xml
----------------- Instantiating /home/travis/build/icyphy/ptII/ptolemy/domains/sdf/lib/test/auto/DotProduct.xml
5 ms. Memory: 208384K Free: 167583K (80%)
----------------- Invoking toplevel() on ptolemy.moml.MoMLSimpleApplication@4551c91
----------------- Done invoking toplevel() on ptolemy.moml.MoMLSimpleApplication@4551c91
reloadAllAccessors: .DotProduct
----------------- testing Fri May 11 21:07:05 UTC 2018 /home/travis/build/icyphy/ptII/ptolemy/domains/sdf/lib/test/auto/DotProductMatrix.xml
----------------- Instantiating /home/travis/build/icyphy/ptII/ptolemy/domains/sdf/lib/test/auto/DotProductMatrix.xml
4 ms. Memory: 208384K Free: 164479K (79%)
----------------- Invoking toplevel() on ptolemy.moml.MoMLSimpleApplication@27c3fe44
----------------- Done invoking toplevel() on ptolemy.moml.MoMLSimpleApplication@27c3fe44
reloadAllAccessors: .DotProductMatrix
----------------- testing Fri May 11 21:07:05 UTC 2018 /home/travis/build/icyphy/ptII/ptolemy/domains/sdf/lib/test/auto/DownSample1.xml
----------------- Instantiating /home/travis/build/icyphy/ptII/ptolemy/domains/sdf/lib/test/auto/DownSample1.xml
9 ms. Memory: 208384K Free: 160760K (77%)
----------------- Invoking toplevel() on ptolemy.moml.MoMLSimpleApplication@1554d773
----------------- Done invoking toplevel() on ptolemy.moml.MoMLSimpleApplication@1554d773
reloadAllAccessors: .DownSample1
----------------- testing Fri May 11 21:07:05 UTC 2018 /home/travis/build/icyphy/ptII/ptolemy/domains/sdf/lib/test/auto/DynamicRateChange.xml
----------------- Instantiating /home/travis/build/icyphy/ptII/ptolemy/domains/sdf/lib/test/auto/DynamicRateChange.xml
12 ms. Memory: 208384K Free: 154584K (74%)
----------------- Invoking toplevel() on ptolemy.moml.MoMLSimpleApplication@46d59a73
----------------- Done invoking toplevel() on ptolemy.moml.MoMLSimpleApplication@46d59a73
reloadAllAccessors: .DynamicRateChange
----------------- testing Fri May 11 21:07:05 UTC 2018 /home/travis/build/icyphy/ptII/ptolemy/domains/sdf/lib/test/auto/DynamicRates.xml
----------------- Instantiating /home/travis/build/icyphy/ptII/ptolemy/domains/sdf/lib/test/auto/DynamicRates.xml
13 ms. Memory: 208384K Free: 147455K (71%)
----------------- Invoking toplevel() on ptolemy.moml.MoMLSimpleApplication@48f36930
----------------- Done invoking toplevel() on ptolemy.moml.MoMLSimpleApplication@48f36930
reloadAllAccessors: .DynamicRates
----------------- testing Fri May 11 21:07:05 UTC 2018 /home/travis/build/icyphy/ptII/ptolemy/domains/sdf/lib/test/auto/FFT1.xml
----------------- Instantiating /home/travis/build/icyphy/ptII/ptolemy/domains/sdf/lib/test/auto/FFT1.xml
9 ms. Memory: 208384K Free: 142539K (68%)
----------------- Invoking toplevel() on ptolemy.moml.MoMLSimpleApplication@39fb6fbd
----------------- Done invoking toplevel() on ptolemy.moml.MoMLSimpleApplication@39fb6fbd
reloadAllAccessors: .FFT1
----------------- testing Fri May 11 21:07:05 UTC 2018 /home/travis/build/icyphy/ptII/ptolemy/domains/sdf/lib/test/auto/FIR1.xml
----------------- Instantiating /home/travis/build/icyphy/ptII/ptolemy/domains/sdf/lib/test/auto/FIR1.xml
14 ms. Memory: 208384K Free: 135054K (65%)
----------------- Invoking toplevel() on ptolemy.moml.MoMLSimpleApplication@184f6a45
----------------- Done invoking toplevel() on ptolemy.moml.MoMLSimpleApplication@184f6a45
reloadAllAccessors: .FIR1
----------------- testing Fri May 11 21:07:05 UTC 2018 /home/travis/build/icyphy/ptII/ptolemy/domains/sdf/lib/test/auto/FIR2.xml
----------------- Instantiating /home/travis/build/icyphy/ptII/ptolemy/domains/sdf/lib/test/auto/FIR2.xml
5 ms. Memory: 208384K Free: 131351K (63%)
----------------- Invoking toplevel() on ptolemy.moml.MoMLSimpleApplication@132dd629
----------------- Done invoking toplevel() on ptolemy.moml.MoMLSimpleApplication@132dd629
reloadAllAccessors: .FIR2
----------------- testing Fri May 11 21:07:05 UTC 2018 /home/travis/build/icyphy/ptII/ptolemy/domains/sdf/lib/test/auto/FIR4.xml
----------------- Instantiating /home/travis/build/icyphy/ptII/ptolemy/domains/sdf/lib/test/auto/FIR4.xml
9 ms. Memory: 208384K Free: 121166K (58%)
----------------- Invoking toplevel() on ptolemy.moml.MoMLSimpleApplication@6c98fa73
----------------- Done invoking toplevel() on ptolemy.moml.MoMLSimpleApplication@6c98fa73
reloadAllAccessors: .FIR4
----------------- testing Fri May 11 21:07:05 UTC 2018 /home/travis/build/icyphy/ptII/ptolemy/domains/sdf/lib/test/auto/FixJoin.xml
----------------- Instantiating /home/travis/build/icyphy/ptII/ptolemy/domains/sdf/lib/test/auto/FixJoin.xml
5 ms. Memory: 208384K Free: 116187K (56%)
----------------- Invoking toplevel() on ptolemy.moml.MoMLSimpleApplication@6d446d06
----------------- Done invoking toplevel() on ptolemy.moml.MoMLSimpleApplication@6d446d06
reloadAllAccessors: .FixJoin
----------------- testing Fri May 11 21:07:05 UTC 2018 /home/travis/build/icyphy/ptII/ptolemy/domains/sdf/lib/test/auto/IntJoin1.xml
----------------- Instantiating /home/travis/build/icyphy/ptII/ptolemy/domains/sdf/lib/test/auto/IntJoin1.xml
5 ms. Memory: 208384K Free: 111870K (54%)
----------------- Invoking toplevel() on ptolemy.moml.MoMLSimpleApplication@14713d6b
----------------- Done invoking toplevel() on ptolemy.moml.MoMLSimpleApplication@14713d6b
reloadAllAccessors: .IntJoin1
----------------- testing Fri May 11 21:07:05 UTC 2018 /home/travis/build/icyphy/ptII/ptolemy/domains/sdf/lib/test/auto/IntJoin2.xml
----------------- Instantiating /home/travis/build/icyphy/ptII/ptolemy/domains/sdf/lib/test/auto/IntJoin2.xml
2 ms. Memory: 208384K Free: 106922K (51%)
----------------- Invoking toplevel() on ptolemy.moml.MoMLSimpleApplication@56bec2e
----------------- Done invoking toplevel() on ptolemy.moml.MoMLSimpleApplication@56bec2e
reloadAllAccessors: .IntJoin2
----------------- testing Fri May 11 21:07:05 UTC 2018 /home/travis/build/icyphy/ptII/ptolemy/domains/sdf/lib/test/auto/IntJoin3.xml
----------------- Instantiating /home/travis/build/icyphy/ptII/ptolemy/domains/sdf/lib/test/auto/IntJoin3.xml
2 ms. Memory: 208384K Free: 101046K (48%)
----------------- Invoking toplevel() on ptolemy.moml.MoMLSimpleApplication@6c0976ae
----------------- Done invoking toplevel() on ptolemy.moml.MoMLSimpleApplication@6c0976ae
reloadAllAccessors: .IntJoin3
----------------- testing Fri May 11 21:07:05 UTC 2018 /home/travis/build/icyphy/ptII/ptolemy/domains/sdf/lib/test/auto/IntJoin4.xml
----------------- Instantiating /home/travis/build/icyphy/ptII/ptolemy/domains/sdf/lib/test/auto/IntJoin4.xml
2 ms. Memory: 208384K Free: 96729K (46%)
----------------- Invoking toplevel() on ptolemy.moml.MoMLSimpleApplication@5ca6a3ba
----------------- Done invoking toplevel() on ptolemy.moml.MoMLSimpleApplication@5ca6a3ba
reloadAllAccessors: .IntJoin4
----------------- testing Fri May 11 21:07:05 UTC 2018 /home/travis/build/icyphy/ptII/ptolemy/domains/sdf/lib/test/auto/IntJoin5.xml
----------------- Instantiating /home/travis/build/icyphy/ptII/ptolemy/domains/sdf/lib/test/auto/IntJoin5.xml
5 ms. Memory: 208384K Free: 92420K (44%)
----------------- Invoking toplevel() on ptolemy.moml.MoMLSimpleApplication@2f0b8d03
----------------- Done invoking toplevel() on ptolemy.moml.MoMLSimpleApplication@2f0b8d03
reloadAllAccessors: .IntJoin5
----------------- testing Fri May 11 21:07:05 UTC 2018 /home/travis/build/icyphy/ptII/ptolemy/domains/sdf/lib/test/auto/IntToBits.xml
----------------- Instantiating /home/travis/build/icyphy/ptII/ptolemy/domains/sdf/lib/test/auto/IntToBits.xml
8 ms. Memory: 208384K Free: 88733K (43%)
----------------- Invoking toplevel() on ptolemy.moml.MoMLSimpleApplication@13602b4d
----------------- Done invoking toplevel() on ptolemy.moml.MoMLSimpleApplication@13602b4d
reloadAllAccessors: .IntToBits
----------------- testing Fri May 11 21:07:05 UTC 2018 /home/travis/build/icyphy/ptII/ptolemy/domains/sdf/lib/test/auto/LMSAdaptive.xml
----------------- Instantiating /home/travis/build/icyphy/ptII/ptolemy/domains/sdf/lib/test/auto/LMSAdaptive.xml
15 ms. Memory: 208384K Free: 78468K (38%)
----------------- Invoking toplevel() on ptolemy.moml.MoMLSimpleApplication@3f0d5715
----------------- Done invoking toplevel() on ptolemy.moml.MoMLSimpleApplication@3f0d5715
reloadAllAccessors: .LMSAdaptive
----------------- testing Fri May 11 21:07:05 UTC 2018 /home/travis/build/icyphy/ptII/ptolemy/domains/sdf/lib/test/auto/LMSAdaptiveFIR.xml
----------------- Instantiating /home/travis/build/icyphy/ptII/ptolemy/domains/sdf/lib/test/auto/LMSAdaptiveFIR.xml
268 ms. Memory: 208384K Free: 161040K (77%)
----------------- Invoking toplevel() on ptolemy.moml.MoMLSimpleApplication@1f2fff88
----------------- Done invoking toplevel() on ptolemy.moml.MoMLSimpleApplication@1f2fff88
reloadAllAccessors: .LMSAdaptiveFIR
----------------- testing Fri May 11 21:07:05 UTC 2018 /home/travis/build/icyphy/ptII/ptolemy/domains/sdf/lib/test/auto/LMSAdaptiveFIR2.xml
----------------- Instantiating /home/travis/build/icyphy/ptII/ptolemy/domains/sdf/lib/test/auto/LMSAdaptiveFIR2.xml
364 ms. Memory: 208384K Free: 99267K (48%)
----------------- Invoking toplevel() on ptolemy.moml.MoMLSimpleApplication@7fb2f73b
----------------- Done invoking toplevel() on ptolemy.moml.MoMLSimpleApplication@7fb2f73b
reloadAllAccessors: .LMSAdaptiveFIR2
----------------- testing Fri May 11 21:07:06 UTC 2018 /home/travis/build/icyphy/ptII/ptolemy/domains/sdf/lib/test/auto/LongJoin.xml
----------------- Instantiating /home/travis/build/icyphy/ptII/ptolemy/domains/sdf/lib/test/auto/LongJoin.xml
7 ms. Memory: 208384K Free: 94304K (45%)
----------------- Invoking toplevel() on ptolemy.moml.MoMLSimpleApplication@6be40abf
----------------- Done invoking toplevel() on ptolemy.moml.MoMLSimpleApplication@6be40abf
reloadAllAccessors: .LongJoin
----------------- testing Fri May 11 21:07:06 UTC 2018 /home/travis/build/icyphy/ptII/ptolemy/domains/sdf/lib/test/auto/Matrix1.xml
----------------- Instantiating /home/travis/build/icyphy/ptII/ptolemy/domains/sdf/lib/test/auto/Matrix1.xml
4 ms. Memory: 208384K Free: 89144K (43%)
----------------- Invoking toplevel() on ptolemy.moml.MoMLSimpleApplication@5d513d8b
----------------- Done invoking toplevel() on ptolemy.moml.MoMLSimpleApplication@5d513d8b
reloadAllAccessors: .Matrix1
----------------- testing Fri May 11 21:07:06 UTC 2018 /home/travis/build/icyphy/ptII/ptolemy/domains/sdf/lib/test/auto/Matrix2.xml
----------------- Instantiating /home/travis/build/icyphy/ptII/ptolemy/domains/sdf/lib/test/auto/Matrix2.xml
6 ms. Memory: 208384K Free: 85048K (41%)
----------------- Invoking toplevel() on ptolemy.moml.MoMLSimpleApplication@3e21f9eb
----------------- Done invoking toplevel() on ptolemy.moml.MoMLSimpleApplication@3e21f9eb
reloadAllAccessors: .Matrix2
----------------- testing Fri May 11 21:07:06 UTC 2018 /home/travis/build/icyphy/ptII/ptolemy/domains/sdf/lib/test/auto/MatrixJoin1.xml
----------------- Instantiating /home/travis/build/icyphy/ptII/ptolemy/domains/sdf/lib/test/auto/MatrixJoin1.xml
5 ms. Memory: 208384K Free: 80085K (38%)
----------------- Invoking toplevel() on ptolemy.moml.MoMLSimpleApplication@329b7f5
----------------- Done invoking toplevel() on ptolemy.moml.MoMLSimpleApplication@329b7f5
reloadAllAccessors: .MatrixJoin1
----------------- testing Fri May 11 21:07:06 UTC 2018 /home/travis/build/icyphy/ptII/ptolemy/domains/sdf/lib/test/auto/MatrixJoin2.xml
----------------- Instantiating /home/travis/build/icyphy/ptII/ptolemy/domains/sdf/lib/test/auto/MatrixJoin2.xml
6 ms. Memory: 333312K Free: 320992K (96%)
----------------- Invoking toplevel() on ptolemy.moml.MoMLSimpleApplication@769755ce
----------------- Done invoking toplevel() on ptolemy.moml.MoMLSimpleApplication@769755ce
reloadAllAccessors: .MatrixJoin2
----------------- testing Fri May 11 21:07:06 UTC 2018 /home/travis/build/icyphy/ptII/ptolemy/domains/sdf/lib/test/auto/MatrixJoin3.xml
----------------- Instantiating /home/travis/build/icyphy/ptII/ptolemy/domains/sdf/lib/test/auto/MatrixJoin3.xml
4 ms. Memory: 333312K Free: 313021K (94%)
----------------- Invoking toplevel() on ptolemy.moml.MoMLSimpleApplication@54b42dd3
----------------- Done invoking toplevel() on ptolemy.moml.MoMLSimpleApplication@54b42dd3
reloadAllAccessors: .MatrixJoin3
----------------- testing Fri May 11 21:07:06 UTC 2018 /home/travis/build/icyphy/ptII/ptolemy/domains/sdf/lib/test/auto/MatrixJoin4.xml
----------------- Instantiating /home/travis/build/icyphy/ptII/ptolemy/domains/sdf/lib/test/auto/MatrixJoin4.xml
6 ms. Memory: 333312K Free: 306467K (92%)
----------------- Invoking toplevel() on ptolemy.moml.MoMLSimpleApplication@597fc5e0
----------------- Done invoking toplevel() on ptolemy.moml.MoMLSimpleApplication@597fc5e0
reloadAllAccessors: .MatrixJoin4
----------------- testing Fri May 11 21:07:06 UTC 2018 /home/travis/build/icyphy/ptII/ptolemy/domains/sdf/lib/test/auto/MatrixJoin5.xml
----------------- Instantiating /home/travis/build/icyphy/ptII/ptolemy/domains/sdf/lib/test/auto/MatrixJoin5.xml
3 ms. Memory: 333312K Free: 299913K (90%)
----------------- Invoking toplevel() on ptolemy.moml.MoMLSimpleApplication@2d0ea37f
----------------- Done invoking toplevel() on ptolemy.moml.MoMLSimpleApplication@2d0ea37f
reloadAllAccessors: .MatrixJoin5
----------------- testing Fri May 11 21:07:06 UTC 2018 /home/travis/build/icyphy/ptII/ptolemy/domains/sdf/lib/test/auto/MatrixSplit1.xml
----------------- Instantiating /home/travis/build/icyphy/ptII/ptolemy/domains/sdf/lib/test/auto/MatrixSplit1.xml
5 ms. Memory: 333312K Free: 291942K (88%)
----------------- Invoking toplevel() on ptolemy.moml.MoMLSimpleApplication@d02fc1d
----------------- Done invoking toplevel() on ptolemy.moml.MoMLSimpleApplication@d02fc1d
reloadAllAccessors: .MatrixSplit1
----------------- testing Fri May 11 21:07:06 UTC 2018 /home/travis/build/icyphy/ptII/ptolemy/domains/sdf/lib/test/auto/MatrixSplit10.xml
----------------- Instantiating /home/travis/build/icyphy/ptII/ptolemy/domains/sdf/lib/test/auto/MatrixSplit10.xml
3 ms. Memory: 333312K Free: 287027K (86%)
----------------- Invoking toplevel() on ptolemy.moml.MoMLSimpleApplication@18ae0711
----------------- Done invoking toplevel() on ptolemy.moml.MoMLSimpleApplication@18ae0711
reloadAllAccessors: .MatrixSplit10
----------------- testing Fri May 11 21:07:06 UTC 2018 /home/travis/build/icyphy/ptII/ptolemy/domains/sdf/lib/test/auto/MatrixSplit11.xml
----------------- Instantiating /home/travis/build/icyphy/ptII/ptolemy/domains/sdf/lib/test/auto/MatrixSplit11.xml
2 ms. Memory: 333312K Free: 282111K (85%)
----------------- Invoking toplevel() on ptolemy.moml.MoMLSimpleApplication@4654653e
----------------- Done invoking toplevel() on ptolemy.moml.MoMLSimpleApplication@4654653e
reloadAllAccessors: .MatrixSplit11
----------------- testing Fri May 11 21:07:06 UTC 2018 /home/travis/build/icyphy/ptII/ptolemy/domains/sdf/lib/test/auto/MatrixSplit12.xml
----------------- Instantiating /home/travis/build/icyphy/ptII/ptolemy/domains/sdf/lib/test/auto/MatrixSplit12.xml
3 ms. Memory: 333312K Free: 277196K (83%)
----------------- Invoking toplevel() on ptolemy.moml.MoMLSimpleApplication@6c281cae
----------------- Done invoking toplevel() on ptolemy.moml.MoMLSimpleApplication@6c281cae
reloadAllAccessors: .MatrixSplit12
----------------- testing Fri May 11 21:07:06 UTC 2018 /home/travis/build/icyphy/ptII/ptolemy/domains/sdf/lib/test/auto/MatrixSplit13.xml
----------------- Instantiating /home/travis/build/icyphy/ptII/ptolemy/domains/sdf/lib/test/auto/MatrixSplit13.xml
6 ms. Memory: 333312K Free: 270863K (81%)
----------------- Invoking toplevel() on ptolemy.moml.MoMLSimpleApplication@5fdd8043
----------------- Done invoking toplevel() on ptolemy.moml.MoMLSimpleApplication@5fdd8043
reloadAllAccessors: .MatrixSplit13
----------------- testing Fri May 11 21:07:06 UTC 2018 /home/travis/build/icyphy/ptII/ptolemy/domains/sdf/lib/test/auto/MatrixSplit14.xml
----------------- Instantiating /home/travis/build/icyphy/ptII/ptolemy/domains/sdf/lib/test/auto/MatrixSplit14.xml
2 ms. Memory: 333312K Free: 265948K (80%)
----------------- Invoking toplevel() on ptolemy.moml.MoMLSimpleApplication@6f7e213b
----------------- Done invoking toplevel() on ptolemy.moml.MoMLSimpleApplication@6f7e213b
reloadAllAccessors: .MatrixSplit14
----------------- testing Fri May 11 21:07:06 UTC 2018 /home/travis/build/icyphy/ptII/ptolemy/domains/sdf/lib/test/auto/MatrixSplit2.xml
----------------- Instantiating /home/travis/build/icyphy/ptII/ptolemy/domains/sdf/lib/test/auto/MatrixSplit2.xml
3 ms. Memory: 333312K Free: 261032K (78%)
----------------- Invoking toplevel() on ptolemy.moml.MoMLSimpleApplication@67a1c48c
----------------- Done invoking toplevel() on ptolemy.moml.MoMLSimpleApplication@67a1c48c
reloadAllAccessors: .MatrixSplit2
----------------- testing Fri May 11 21:07:06 UTC 2018 /home/travis/build/icyphy/ptII/ptolemy/domains/sdf/lib/test/auto/MatrixSplit3.xml
----------------- Instantiating /home/travis/build/icyphy/ptII/ptolemy/domains/sdf/lib/test/auto/MatrixSplit3.xml
5 ms. Memory: 333312K Free: 254699K (76%)
----------------- Invoking toplevel() on ptolemy.moml.MoMLSimpleApplication@89efde6
----------------- Done invoking toplevel() on ptolemy.moml.MoMLSimpleApplication@89efde6
reloadAllAccessors: .MatrixSplit3
----------------- testing Fri May 11 21:07:06 UTC 2018 /home/travis/build/icyphy/ptII/ptolemy/domains/sdf/lib/test/auto/MatrixSplit4.xml
----------------- Instantiating /home/travis/build/icyphy/ptII/ptolemy/domains/sdf/lib/test/auto/MatrixSplit4.xml
4 ms. Memory: 333312K Free: 249784K (75%)
----------------- Invoking toplevel() on ptolemy.moml.MoMLSimpleApplication@591eb15b
----------------- Done invoking toplevel() on ptolemy.moml.MoMLSimpleApplication@591eb15b
reloadAllAccessors: .MatrixSplit4
----------------- testing Fri May 11 21:07:06 UTC 2018 /home/travis/build/icyphy/ptII/ptolemy/domains/sdf/lib/test/auto/MatrixSplit5.xml
----------------- Instantiating /home/travis/build/icyphy/ptII/ptolemy/domains/sdf/lib/test/auto/MatrixSplit5.xml
2 ms. Memory: 333312K Free: 244869K (73%)
----------------- Invoking toplevel() on ptolemy.moml.MoMLSimpleApplication@4847b7c1
----------------- Done invoking toplevel() on ptolemy.moml.MoMLSimpleApplication@4847b7c1
reloadAllAccessors: .MatrixSplit5
----------------- testing Fri May 11 21:07:06 UTC 2018 /home/travis/build/icyphy/ptII/ptolemy/domains/sdf/lib/test/auto/MatrixSplit6.xml
----------------- Instantiating /home/travis/build/icyphy/ptII/ptolemy/domains/sdf/lib/test/auto/MatrixSplit6.xml
1 ms. Memory: 333312K Free: 239953K (72%)
----------------- Invoking toplevel() on ptolemy.moml.MoMLSimpleApplication@307e99c7
----------------- Done invoking toplevel() on ptolemy.moml.MoMLSimpleApplication@307e99c7
reloadAllAccessors: .MatrixSplit6
----------------- testing Fri May 11 21:07:06 UTC 2018 /home/travis/build/icyphy/ptII/ptolemy/domains/sdf/lib/test/auto/MatrixSplit7.xml
----------------- Instantiating /home/travis/build/icyphy/ptII/ptolemy/domains/sdf/lib/test/auto/MatrixSplit7.xml
2 ms. Memory: 333312K Free: 233620K (70%)
----------------- Invoking toplevel() on ptolemy.moml.MoMLSimpleApplication@46593ff
----------------- Done invoking toplevel() on ptolemy.moml.MoMLSimpleApplication@46593ff
reloadAllAccessors: .MatrixSplit7
----------------- testing Fri May 11 21:07:07 UTC 2018 /home/travis/build/icyphy/ptII/ptolemy/domains/sdf/lib/test/auto/MatrixSplit8.xml
----------------- Instantiating /home/travis/build/icyphy/ptII/ptolemy/domains/sdf/lib/test/auto/MatrixSplit8.xml
4 ms. Memory: 333312K Free: 228705K (69%)
----------------- Invoking toplevel() on ptolemy.moml.MoMLSimpleApplication@302da592
----------------- Done invoking toplevel() on ptolemy.moml.MoMLSimpleApplication@302da592
reloadAllAccessors: .MatrixSplit8
----------------- testing Fri May 11 21:07:07 UTC 2018 /home/travis/build/icyphy/ptII/ptolemy/domains/sdf/lib/test/auto/MatrixSplit9.xml
----------------- Instantiating /home/travis/build/icyphy/ptII/ptolemy/domains/sdf/lib/test/auto/MatrixSplit9.xml
3 ms. Memory: 333312K Free: 223790K (67%)
----------------- Invoking toplevel() on ptolemy.moml.MoMLSimpleApplication@45e8f2a2
----------------- Done invoking toplevel() on ptolemy.moml.MoMLSimpleApplication@45e8f2a2
reloadAllAccessors: .MatrixSplit9
----------------- testing Fri May 11 21:07:07 UTC 2018 /home/travis/build/icyphy/ptII/ptolemy/domains/sdf/lib/test/auto/MatrixToSequence.xml
----------------- Instantiating /home/travis/build/icyphy/ptII/ptolemy/domains/sdf/lib/test/auto/MatrixToSequence.xml
14 ms. Memory: 333312K Free: 210903K (63%)
----------------- Invoking toplevel() on ptolemy.moml.MoMLSimpleApplication@1d83a662
----------------- Done invoking toplevel() on ptolemy.moml.MoMLSimpleApplication@1d83a662
reloadAllAccessors: .MatrixToSequence
----------------- testing Fri May 11 21:07:07 UTC 2018 /home/travis/build/icyphy/ptII/ptolemy/domains/sdf/lib/test/auto/MaximumEntropySpectrum.xml
----------------- Instantiating /home/travis/build/icyphy/ptII/ptolemy/domains/sdf/lib/test/auto/MaximumEntropySpectrum.xml
15 ms. Memory: 333312K Free: 186295K (56%)
----------------- Invoking toplevel() on ptolemy.moml.MoMLSimpleApplication@2f102f13
----------------- Done invoking toplevel() on ptolemy.moml.MoMLSimpleApplication@2f102f13
reloadAllAccessors: .MaximumEntropySpectrum
----------------- testing Fri May 11 21:07:07 UTC 2018 /home/travis/build/icyphy/ptII/ptolemy/domains/sdf/lib/test/auto/SampleDelayConversion.xml
----------------- Instantiating /home/travis/build/icyphy/ptII/ptolemy/domains/sdf/lib/test/auto/SampleDelayConversion.xml
3 ms. Memory: 333312K Free: 181379K (54%)
----------------- Invoking toplevel() on ptolemy.moml.MoMLSimpleApplication@44231b3f
----------------- Done invoking toplevel() on ptolemy.moml.MoMLSimpleApplication@44231b3f
reloadAllAccessors: .SampleDelayConversion
----------------- testing Fri May 11 21:07:07 UTC 2018 /home/travis/build/icyphy/ptII/ptolemy/domains/sdf/lib/test/auto/SequenceToArray.xml
----------------- Instantiating /home/travis/build/icyphy/ptII/ptolemy/domains/sdf/lib/test/auto/SequenceToArray.xml
11 ms. Memory: 333312K Free: 166838K (50%)
----------------- Invoking toplevel() on ptolemy.moml.MoMLSimpleApplication@7f13c426
----------------- Done invoking toplevel() on ptolemy.moml.MoMLSimpleApplication@7f13c426
reloadAllAccessors: .SequenceToArray
----------------- testing Fri May 11 21:07:07 UTC 2018 /home/travis/build/icyphy/ptII/ptolemy/domains/sdf/lib/test/auto/SequenceToMatrix.xml
----------------- Instantiating /home/travis/build/icyphy/ptII/ptolemy/domains/sdf/lib/test/auto/SequenceToMatrix.xml
4536 ms. Memory: 579072K Free: 487947K (84%)
----------------- Invoking toplevel() on ptolemy.moml.MoMLSimpleApplication@5e8c25fc
----------------- Done invoking toplevel() on ptolemy.moml.MoMLSimpleApplication@5e8c25fc
reloadAllAccessors: .SequenceToMatrix
----------------- testing Fri May 11 21:07:11 UTC 2018 /home/travis/build/icyphy/ptII/ptolemy/domains/sdf/lib/test/auto/SmoothedPeriodogram.xml
----------------- Instantiating /home/travis/build/icyphy/ptII/ptolemy/domains/sdf/lib/test/auto/SmoothedPeriodogram.xml
13 ms. Memory: 579072K Free: 464335K (80%)
----------------- Invoking toplevel() on ptolemy.moml.MoMLSimpleApplication@3ac6897b
----------------- Done invoking toplevel() on ptolemy.moml.MoMLSimpleApplication@3ac6897b
reloadAllAccessors: .SmoothedPeriodogram
----------------- testing Fri May 11 21:07:11 UTC 2018 /home/travis/build/icyphy/ptII/ptolemy/domains/sdf/lib/test/auto/UpDownSample1.xml
----------------- Instantiating /home/travis/build/icyphy/ptII/ptolemy/domains/sdf/lib/test/auto/UpDownSample1.xml
3 ms. Memory: 579072K Free: 457789K (79%)
----------------- Invoking toplevel() on ptolemy.moml.MoMLSimpleApplication@18c233a7
----------------- Done invoking toplevel() on ptolemy.moml.MoMLSimpleApplication@18c233a7
reloadAllAccessors: .UpDownSample1
----------------- testing Fri May 11 21:07:11 UTC 2018 /home/travis/build/icyphy/ptII/ptolemy/domains/sdf/lib/test/auto/UpSample1.xml
----------------- Instantiating /home/travis/build/icyphy/ptII/ptolemy/domains/sdf/lib/test/auto/UpSample1.xml
2 ms. Memory: 579072K Free: 451242K (78%)
----------------- Invoking toplevel() on ptolemy.moml.MoMLSimpleApplication@7ad70851
----------------- Done invoking toplevel() on ptolemy.moml.MoMLSimpleApplication@7ad70851
reloadAllAccessors: .UpSample1
----------------- testing Fri May 11 21:07:11 UTC 2018 /home/travis/build/icyphy/ptII/ptolemy/domains/sdf/lib/test/auto/VariableFIR.xml
----------------- Instantiating /home/travis/build/icyphy/ptII/ptolemy/domains/sdf/lib/test/auto/VariableFIR.xml
8 ms. Memory: 579072K Free: 441422K (76%)
----------------- Invoking toplevel() on ptolemy.moml.MoMLSimpleApplication@2e07ef61
----------------- Done invoking toplevel() on ptolemy.moml.MoMLSimpleApplication@2e07ef61
reloadAllAccessors: .VariableFIR
----------------- testing Fri May 11 21:07:12 UTC 2018 /home/travis/build/icyphy/ptII/ptolemy/domains/sdf/lib/test/auto/VariableFIR2.xml
----------------- Instantiating /home/travis/build/icyphy/ptII/ptolemy/domains/sdf/lib/test/auto/VariableFIR2.xml
6 ms. Memory: 579072K Free: 429638K (74%)
----------------- Invoking toplevel() on ptolemy.moml.MoMLSimpleApplication@4f77215d
----------------- Done invoking toplevel() on ptolemy.moml.MoMLSimpleApplication@4f77215d
reloadAllAccessors: .VariableFIR2
----------------- testing Fri May 11 21:07:12 UTC 2018 /home/travis/build/icyphy/ptII/ptolemy/domains/sdf/lib/test/auto/VariableLattice.xml
----------------- Instantiating /home/travis/build/icyphy/ptII/ptolemy/domains/sdf/lib/test/auto/VariableLattice.xml
4 ms. Memory: 579072K Free: 419818K (72%)
----------------- Invoking toplevel() on ptolemy.moml.MoMLSimpleApplication@3493af0c
----------------- Done invoking toplevel() on ptolemy.moml.MoMLSimpleApplication@3493af0c
reloadAllAccessors: .VariableLattice
----------------- testing Fri May 11 21:07:12 UTC 2018 /home/travis/build/icyphy/ptII/ptolemy/domains/sdf/lib/test/auto/VariableLattice2.xml
----------------- Instantiating /home/travis/build/icyphy/ptII/ptolemy/domains/sdf/lib/test/auto/VariableLattice2.xml
1.0
-1.999999602036
1.9099998677481
-0.9099996420674
0.205
0.0
0.0
1.0
-0.25
-0.5
0.0
0.0
0.0
0.0
5 ms. Memory: 579072K Free: 409998K (71%)
----------------- Invoking toplevel() on ptolemy.moml.MoMLSimpleApplication@41bf4b02
----------------- Done invoking toplevel() on ptolemy.moml.MoMLSimpleApplication@41bf4b02
reloadAllAccessors: .VariableLattice2
----------------- testing Fri May 11 21:07:12 UTC 2018 /home/travis/build/icyphy/ptII/ptolemy/domains/sdf/lib/test/auto/VariableRecursiveLattice.xml
----------------- Instantiating /home/travis/build/icyphy/ptII/ptolemy/domains/sdf/lib/test/auto/VariableRecursiveLattice.xml
3 ms. Memory: 579072K Free: 400178K (69%)
----------------- Invoking toplevel() on ptolemy.moml.MoMLSimpleApplication@5c3ea818
----------------- Done invoking toplevel() on ptolemy.moml.MoMLSimpleApplication@5c3ea818
reloadAllAccessors: .VariableRecursiveLattice
----------------- testing Fri May 11 21:07:12 UTC 2018 /home/travis/build/icyphy/ptII/ptolemy/domains/sdf/lib/test/auto/VariableRecursiveLattice2.xml
----------------- Instantiating /home/travis/build/icyphy/ptII/ptolemy/domains/sdf/lib/test/auto/VariableRecursiveLattice2.xml
2 ms. Memory: 579072K Free: 393631K (68%)
----------------- Invoking toplevel() on ptolemy.moml.MoMLSimpleApplication@6ba62e89
----------------- Done invoking toplevel() on ptolemy.moml.MoMLSimpleApplication@6ba62e89
reloadAllAccessors: .VariableRecursiveLattice2
AutoTests.java: About to close Vertx.
AutoTests.java: Vertx closed.
]]></system-out>
  <system-err><![CDATA[]]></system-err>
</testsuite>
