<?xml version="1.0" encoding="UTF-8" ?>
<testsuite errors="0" failures="0" hostname="travis-job-111add7e-672f-4867-8526-ddf59c986bf4" name="ptolemy.domains.de.test.junit.JUnitTclTest" skipped="0" tests="101" time="132.623" timestamp="2018-04-29T21:03:49">
  <properties>
[...]
</properties>
  <testcase classname="ptolemy.util.test.junit.TclTests" name="[0] /home/travis/build/icyphy/ptII/ptolemy/domains/de/test/DependencyLoop.tcl (RunTclFile)" time="0.758" />
  <testcase classname="ptolemy.util.test.junit.TclTests" name="[1] /home/travis/build/icyphy/ptII/ptolemy/domains/de/test/RunDETestsAsQSS.tcl (RunTclFile)" time="91.862" />
  <testcase classname="ptolemy.util.test.junit.AutoKnownFailedTests" name="[0] /home/travis/build/icyphy/ptII/ptolemy/domains/de/test/auto/knownFailedTests/DESDFClockTest.xml (RunModel)" time="2.035" />
  <testcase classname="ptolemy.util.test.junit.AutoKnownFailedTests" name="[1] /home/travis/build/icyphy/ptII/ptolemy/domains/de/test/auto/knownFailedTests/DirectFeedback.xml (RunModel)" time="0.012" />
  <testcase classname="ptolemy.util.test.junit.AutoKnownFailedTests" name="[2] /home/travis/build/icyphy/ptII/ptolemy/domains/de/test/auto/knownFailedTests/FSMSource.xml (RunModel)" time="0.026" />
  <testcase classname="ptolemy.util.test.junit.AutoKnownFailedTests" name="[3] /home/travis/build/icyphy/ptII/ptolemy/domains/de/test/auto/knownFailedTests/HierarchicalModel.xml (RunModel)" time="0.033" />
  <testcase classname="ptolemy.util.test.junit.AutoKnownFailedTests" name="[4] /home/travis/build/icyphy/ptII/ptolemy/domains/de/test/auto/knownFailedTests/dependencyLoop.xml (RunModel)" time="0.026" />
  <testcase classname="ptolemy.util.test.junit.AutoKnownFailedTests" name="[5] /home/travis/build/icyphy/ptII/ptolemy/domains/de/test/auto/knownFailedTests/dependencyLoop2.xml (RunModel)" time="0.039" />
  <testcase classname="ptolemy.util.test.junit.AutoNameArchTests" name="[0] ThereAreNoAutoTests (RunModel)" time="0.0" />
  <testcase classname="ptolemy.util.test.junit.AutoTests" name="[0] /home/travis/build/icyphy/ptII/ptolemy/domains/de/test/auto/ActorDepthCalculation_actorWithoutPorts.xml (RunModel)" time="0.011" />
  <testcase classname="ptolemy.util.test.junit.AutoTests" name="[1] /home/travis/build/icyphy/ptII/ptolemy/domains/de/test/auto/AssemblyLine.xml (RunModel)" time="0.014" />
  <testcase classname="ptolemy.util.test.junit.AutoTests" name="[2] /home/travis/build/icyphy/ptII/ptolemy/domains/de/test/auto/CQBug1.xml (RunModel)" time="0.006" />
  <testcase classname="ptolemy.util.test.junit.AutoTests" name="[3] /home/travis/build/icyphy/ptII/ptolemy/domains/de/test/auto/CancelFireAt.xml (RunModel)" time="0.016" />
  <testcase classname="ptolemy.util.test.junit.AutoTests" name="[4] /home/travis/build/icyphy/ptII/ptolemy/domains/de/test/auto/CausalityAndComposabilityAnalysis.xml (RunModel)" time="0.013" />
  <testcase classname="ptolemy.util.test.junit.AutoTests" name="[5] /home/travis/build/icyphy/ptII/ptolemy/domains/de/test/auto/CausalityInterface1.xml (RunModel)" time="0.012" />
  <testcase classname="ptolemy.util.test.junit.AutoTests" name="[6] /home/travis/build/icyphy/ptII/ptolemy/domains/de/test/auto/CausalityInterface15.xml (RunModel)" time="0.011" />
  <testcase classname="ptolemy.util.test.junit.AutoTests" name="[7] /home/travis/build/icyphy/ptII/ptolemy/domains/de/test/auto/CausalityInterface2.xml (RunModel)" time="0.008" />
  <testcase classname="ptolemy.util.test.junit.AutoTests" name="[8] /home/travis/build/icyphy/ptII/ptolemy/domains/de/test/auto/CausalityInterface3.xml (RunModel)" time="0.014" />
  <testcase classname="ptolemy.util.test.junit.AutoTests" name="[9] /home/travis/build/icyphy/ptII/ptolemy/domains/de/test/auto/ClockDrift.xml (RunModel)" time="0.028" />
  <testcase classname="ptolemy.util.test.junit.AutoTests" name="[10] /home/travis/build/icyphy/ptII/ptolemy/domains/de/test/auto/ClockDriftAndValueChange.xml (RunModel)" time="0.024" />
  <testcase classname="ptolemy.util.test.junit.AutoTests" name="[11] /home/travis/build/icyphy/ptII/ptolemy/domains/de/test/auto/ClockDriftChange.xml (RunModel)" time="0.02" />
  <testcase classname="ptolemy.util.test.junit.AutoTests" name="[12] /home/travis/build/icyphy/ptII/ptolemy/domains/de/test/auto/ComposableCausalityAnalysis.xml (RunModel)" time="0.016" />
  <testcase classname="ptolemy.util.test.junit.AutoTests" name="[13] /home/travis/build/icyphy/ptII/ptolemy/domains/de/test/auto/DEFixedPointLimitation.xml (RunModel)" time="0.008" />
  <testcase classname="ptolemy.util.test.junit.AutoTests" name="[14] /home/travis/build/icyphy/ptII/ptolemy/domains/de/test/auto/DEScheduleTest.xml (RunModel)" time="0.01" />
  <testcase classname="ptolemy.util.test.junit.AutoTests" name="[15] /home/travis/build/icyphy/ptII/ptolemy/domains/de/test/auto/DEinDEwithStartTimes.xml (RunModel)" time="0.011" />
  <testcase classname="ptolemy.util.test.junit.AutoTests" name="[16] /home/travis/build/icyphy/ptII/ptolemy/domains/de/test/auto/DEinDEwithStartTimes2.xml (RunModel)" time="0.015" />
  <testcase classname="ptolemy.util.test.junit.AutoTests" name="[17] /home/travis/build/icyphy/ptII/ptolemy/domains/de/test/auto/DateDemo.xml (RunModel)" time="0.025" />
  <testcase classname="ptolemy.util.test.junit.AutoTests" name="[18] /home/travis/build/icyphy/ptII/ptolemy/domains/de/test/auto/DateToEvent.xml (RunModel)" time="2.034" />
  <testcase classname="ptolemy.util.test.junit.AutoTests" name="[19] /home/travis/build/icyphy/ptII/ptolemy/domains/de/test/auto/DepthTest1.xml (RunModel)" time="0.01" />
  <testcase classname="ptolemy.util.test.junit.AutoTests" name="[20] /home/travis/build/icyphy/ptII/ptolemy/domains/de/test/auto/DepthTest2.xml (RunModel)" time="0.022" />
  <testcase classname="ptolemy.util.test.junit.AutoTests" name="[21] /home/travis/build/icyphy/ptII/ptolemy/domains/de/test/auto/DepthTest3.xml (RunModel)" time="0.009" />
  <testcase classname="ptolemy.util.test.junit.AutoTests" name="[22] /home/travis/build/icyphy/ptII/ptolemy/domains/de/test/auto/DepthTest4.xml (RunModel)" time="0.013" />
  <testcase classname="ptolemy.util.test.junit.AutoTests" name="[23] /home/travis/build/icyphy/ptII/ptolemy/domains/de/test/auto/DepthTest5.xml (RunModel)" time="0.015" />
  <testcase classname="ptolemy.util.test.junit.AutoTests" name="[24] /home/travis/build/icyphy/ptII/ptolemy/domains/de/test/auto/DepthTest6.xml (RunModel)" time="0.014" />
  <testcase classname="ptolemy.util.test.junit.AutoTests" name="[25] /home/travis/build/icyphy/ptII/ptolemy/domains/de/test/auto/DepthTest7.xml (RunModel)" time="0.013" />
  <testcase classname="ptolemy.util.test.junit.AutoTests" name="[26] /home/travis/build/icyphy/ptII/ptolemy/domains/de/test/auto/EventToDate.xml (RunModel)" time="3.036" />
  <testcase classname="ptolemy.util.test.junit.AutoTests" name="[27] /home/travis/build/icyphy/ptII/ptolemy/domains/de/test/auto/FSM1.xml (RunModel)" time="0.029" />
  <testcase classname="ptolemy.util.test.junit.AutoTests" name="[28] /home/travis/build/icyphy/ptII/ptolemy/domains/de/test/auto/FSM7.xml (RunModel)" time="0.031" />
  <testcase classname="ptolemy.util.test.junit.AutoTests" name="[29] /home/travis/build/icyphy/ptII/ptolemy/domains/de/test/auto/Inspection.xml (RunModel)" time="0.039" />
  <testcase classname="ptolemy.util.test.junit.AutoTests" name="[30] /home/travis/build/icyphy/ptII/ptolemy/domains/de/test/auto/Iteration.xml (RunModel)" time="0.018" />
  <testcase classname="ptolemy.util.test.junit.AutoTests" name="[31] /home/travis/build/icyphy/ptII/ptolemy/domains/de/test/auto/LineFault.xml (RunModel)" time="0.608" />
  <testcase classname="ptolemy.util.test.junit.AutoTests" name="[32] /home/travis/build/icyphy/ptII/ptolemy/domains/de/test/auto/MergeModel1Add.xml (RunModel)" time="0.045" />
  <testcase classname="ptolemy.util.test.junit.AutoTests" name="[33] /home/travis/build/icyphy/ptII/ptolemy/domains/de/test/auto/MergeModel2Add.xml (RunModel)" time="0.044" />
  <testcase classname="ptolemy.util.test.junit.AutoTests" name="[34] /home/travis/build/icyphy/ptII/ptolemy/domains/de/test/auto/MergeModel3Add.xml (RunModel)" time="0.044" />
  <testcase classname="ptolemy.util.test.junit.AutoTests" name="[35] /home/travis/build/icyphy/ptII/ptolemy/domains/de/test/auto/MergeWithoutDiscard.xml (RunModel)" time="0.012" />
  <testcase classname="ptolemy.util.test.junit.AutoTests" name="[36] /home/travis/build/icyphy/ptII/ptolemy/domains/de/test/auto/Modal1.xml (RunModel)" time="0.029" />
  <testcase classname="ptolemy.util.test.junit.AutoTests" name="[37] /home/travis/build/icyphy/ptII/ptolemy/domains/de/test/auto/Modal2.xml (RunModel)" time="0.035" />
  <testcase classname="ptolemy.util.test.junit.AutoTests" name="[38] /home/travis/build/icyphy/ptII/ptolemy/domains/de/test/auto/Modal3.xml (RunModel)" time="0.026" />
  <testcase classname="ptolemy.util.test.junit.AutoTests" name="[39] /home/travis/build/icyphy/ptII/ptolemy/domains/de/test/auto/Modal4.xml (RunModel)" time="0.029" />
  <testcase classname="ptolemy.util.test.junit.AutoTests" name="[40] /home/travis/build/icyphy/ptII/ptolemy/domains/de/test/auto/Modal5.xml (RunModel)" time="0.028" />
  <testcase classname="ptolemy.util.test.junit.AutoTests" name="[41] /home/travis/build/icyphy/ptII/ptolemy/domains/de/test/auto/Modal6.xml (RunModel)" time="0.035" />
  <testcase classname="ptolemy.util.test.junit.AutoTests" name="[42] /home/travis/build/icyphy/ptII/ptolemy/domains/de/test/auto/Modal7.xml (RunModel)" time="0.03" />
  <testcase classname="ptolemy.util.test.junit.AutoTests" name="[43] /home/travis/build/icyphy/ptII/ptolemy/domains/de/test/auto/ModalModel.xml (RunModel)" time="0.177" />
  <testcase classname="ptolemy.util.test.junit.AutoTests" name="[44] /home/travis/build/icyphy/ptII/ptolemy/domains/de/test/auto/ModalSource.xml (RunModel)" time="0.023" />
  <testcase classname="ptolemy.util.test.junit.AutoTests" name="[45] /home/travis/build/icyphy/ptII/ptolemy/domains/de/test/auto/NonInterruptibleTimerZeroDelay.xml (RunModel)" time="0.014" />
  <testcase classname="ptolemy.util.test.junit.AutoTests" name="[46] /home/travis/build/icyphy/ptII/ptolemy/domains/de/test/auto/OpenQueueingNetwork.xml (RunModel)" time="2.489" />
  <testcase classname="ptolemy.util.test.junit.AutoTests" name="[47] /home/travis/build/icyphy/ptII/ptolemy/domains/de/test/auto/OpenQueuingNetwork.xml (RunModel)" time="0.297" />
  <testcase classname="ptolemy.util.test.junit.AutoTests" name="[48] /home/travis/build/icyphy/ptII/ptolemy/domains/de/test/auto/PeriodicSampler.xml (RunModel)" time="0.008" />
  <testcase classname="ptolemy.util.test.junit.AutoTests" name="[49] /home/travis/build/icyphy/ptII/ptolemy/domains/de/test/auto/PersistentIO.xml (RunModel)" time="0.023" />
  <testcase classname="ptolemy.util.test.junit.AutoTests" name="[50] /home/travis/build/icyphy/ptII/ptolemy/domains/de/test/auto/PortParameterResetOnInitialize.xml (RunModel)" time="0.01" />
  <testcase classname="ptolemy.util.test.junit.AutoTests" name="[51] /home/travis/build/icyphy/ptII/ptolemy/domains/de/test/auto/PortParameterUpdates.xml (RunModel)" time="0.027" />
  <testcase classname="ptolemy.util.test.junit.AutoTests" name="[52] /home/travis/build/icyphy/ptII/ptolemy/domains/de/test/auto/QueueAndServer.xml (RunModel)" time="0.019" />
  <testcase classname="ptolemy.util.test.junit.AutoTests" name="[53] /home/travis/build/icyphy/ptII/ptolemy/domains/de/test/auto/Records.xml (RunModel)" time="0.014" />
  <testcase classname="ptolemy.util.test.junit.AutoTests" name="[54] /home/travis/build/icyphy/ptII/ptolemy/domains/de/test/auto/ResetTransitionWithStartTime1.xml (RunModel)" time="0.018" />
  <testcase classname="ptolemy.util.test.junit.AutoTests" name="[55] /home/travis/build/icyphy/ptII/ptolemy/domains/de/test/auto/ResetTransitionWithStartTime2.xml (RunModel)" time="0.018" />
  <testcase classname="ptolemy.util.test.junit.AutoTests" name="[56] /home/travis/build/icyphy/ptII/ptolemy/domains/de/test/auto/ResetTransitionWithStartTime3.xml (RunModel)" time="0.019" />
  <testcase classname="ptolemy.util.test.junit.AutoTests" name="[57] /home/travis/build/icyphy/ptII/ptolemy/domains/de/test/auto/ResetTransitionWithStartTime4.xml (RunModel)" time="0.019" />
  <testcase classname="ptolemy.util.test.junit.AutoTests" name="[58] /home/travis/build/icyphy/ptII/ptolemy/domains/de/test/auto/ResettableTimer1.xml (RunModel)" time="0.009" />
  <testcase classname="ptolemy.util.test.junit.AutoTests" name="[59] /home/travis/build/icyphy/ptII/ptolemy/domains/de/test/auto/ResettableTimer2.xml (RunModel)" time="0.009" />
  <testcase classname="ptolemy.util.test.junit.AutoTests" name="[60] /home/travis/build/icyphy/ptII/ptolemy/domains/de/test/auto/ResettableTimer3.xml (RunModel)" time="0.011" />
  <testcase classname="ptolemy.util.test.junit.AutoTests" name="[61] /home/travis/build/icyphy/ptII/ptolemy/domains/de/test/auto/ResettableTimer4.xml (RunModel)" time="0.009" />
  <testcase classname="ptolemy.util.test.junit.AutoTests" name="[62] /home/travis/build/icyphy/ptII/ptolemy/domains/de/test/auto/ResettableTimer5.xml (RunModel)" time="0.01" />
  <testcase classname="ptolemy.util.test.junit.AutoTests" name="[63] /home/travis/build/icyphy/ptII/ptolemy/domains/de/test/auto/ResettableTimer6.xml (RunModel)" time="0.021" />
  <testcase classname="ptolemy.util.test.junit.AutoTests" name="[64] /home/travis/build/icyphy/ptII/ptolemy/domains/de/test/auto/ServerZeroDelay.xml (RunModel)" time="0.013" />
  <testcase classname="ptolemy.util.test.junit.AutoTests" name="[65] /home/travis/build/icyphy/ptII/ptolemy/domains/de/test/auto/SmartSender.xml (RunModel)" time="3.009" />
  <testcase classname="ptolemy.util.test.junit.AutoTests" name="[66] /home/travis/build/icyphy/ptII/ptolemy/domains/de/test/auto/ThreadedComposite.xml (RunModel)" time="0.156" />
  <testcase classname="ptolemy.util.test.junit.AutoTests" name="[67] /home/travis/build/icyphy/ptII/ptolemy/domains/de/test/auto/Time.xml (RunModel)" time="0.451" />
  <testcase classname="ptolemy.util.test.junit.AutoTests" name="[68] /home/travis/build/icyphy/ptII/ptolemy/domains/de/test/auto/TimeDelayZeroDelay.xml (RunModel)" time="0.011" />
  <testcase classname="ptolemy.util.test.junit.AutoTests" name="[69] /home/travis/build/icyphy/ptII/ptolemy/domains/de/test/auto/TimerZeroDelay.xml (RunModel)" time="0.009" />
  <testcase classname="ptolemy.util.test.junit.AutoTests" name="[70] /home/travis/build/icyphy/ptII/ptolemy/domains/de/test/auto/TimingParadox.xml (RunModel)" time="0.358" />
  <testcase classname="ptolemy.util.test.junit.AutoTests" name="[71] /home/travis/build/icyphy/ptII/ptolemy/domains/de/test/auto/TransferInputs.xml (RunModel)" time="0.014" />
  <testcase classname="ptolemy.util.test.junit.AutoTests" name="[72] /home/travis/build/icyphy/ptII/ptolemy/domains/de/test/auto/TransferOutputs2.xml (RunModel)" time="0.017" />
  <testcase classname="ptolemy.util.test.junit.AutoTests" name="[73] /home/travis/build/icyphy/ptII/ptolemy/domains/de/test/auto/Trilateration.xml (RunModel)" time="11.433" />
  <testcase classname="ptolemy.util.test.junit.AutoTests" name="[74] /home/travis/build/icyphy/ptII/ptolemy/domains/de/test/auto/TwoSigmaDelta.xml (RunModel)" time="2.097" />
  <testcase classname="ptolemy.util.test.junit.AutoTests" name="[75] /home/travis/build/icyphy/ptII/ptolemy/domains/de/test/auto/VariableDelay.xml (RunModel)" time="0.013" />
  <testcase classname="ptolemy.util.test.junit.AutoTests" name="[76] /home/travis/build/icyphy/ptII/ptolemy/domains/de/test/auto/VariableDelay2.xml (RunModel)" time="0.012" />
  <testcase classname="ptolemy.util.test.junit.AutoTests" name="[77] /home/travis/build/icyphy/ptII/ptolemy/domains/de/test/auto/VariableDelayZeroDelay.xml (RunModel)" time="0.013" />
  <testcase classname="ptolemy.util.test.junit.AutoTests" name="[78] /home/travis/build/icyphy/ptII/ptolemy/domains/de/test/auto/VariableDelayZeroDelay2.xml (RunModel)" time="0.009" />
  <testcase classname="ptolemy.util.test.junit.AutoTests" name="[79] /home/travis/build/icyphy/ptII/ptolemy/domains/de/test/auto/deInCt.xml (RunModel)" time="0.022" />
  <testcase classname="ptolemy.util.test.junit.AutoTests" name="[80] /home/travis/build/icyphy/ptII/ptolemy/domains/de/test/auto/deInCt2.xml (RunModel)" time="0.018" />
  <testcase classname="ptolemy.util.test.junit.AutoTests" name="[81] /home/travis/build/icyphy/ptII/ptolemy/domains/de/test/auto/dynamicCausalityInterface1.xml (RunModel)" time="0.018" />
  <testcase classname="ptolemy.util.test.junit.AutoTests" name="[82] /home/travis/build/icyphy/ptII/ptolemy/domains/de/test/auto/fsm_de_test.xml (RunModel)" time="0.026" />
  <testcase classname="ptolemy.util.test.junit.AutoTests" name="[83] /home/travis/build/icyphy/ptII/ptolemy/domains/de/test/auto/functionDependencyReconstruction.xml (RunModel)" time="0.034" />
  <testcase classname="ptolemy.util.test.junit.AutoTests" name="[84] /home/travis/build/icyphy/ptII/ptolemy/domains/de/test/auto/multirate.xml (RunModel)" time="0.016" />
  <testcase classname="ptolemy.util.test.junit.AutoTests" name="[85] /home/travis/build/icyphy/ptII/ptolemy/domains/de/test/auto/multirate2.xml (RunModel)" time="0.018" />
  <testcase classname="ptolemy.util.test.junit.AutoTests" name="[86] /home/travis/build/icyphy/ptII/ptolemy/domains/de/test/auto/realtime.xml (RunModel)" time="10.012" />
  <testcase classname="ptolemy.util.test.junit.AutoTests" name="[87] /home/travis/build/icyphy/ptII/ptolemy/domains/de/test/auto/relationGroup.xml (RunModel)" time="0.008" />
  <testcase classname="ptolemy.util.test.junit.AutoTests" name="[88] /home/travis/build/icyphy/ptII/ptolemy/domains/de/test/auto/relationGroup2.xml (RunModel)" time="0.007" />
  <testcase classname="ptolemy.util.test.junit.AutoTests" name="[89] /home/travis/build/icyphy/ptII/ptolemy/domains/de/test/auto/sortWithOpaquePorts.xml (RunModel)" time="0.008" />
  <testcase classname="ptolemy.util.test.junit.AutoTests" name="[90] /home/travis/build/icyphy/ptII/ptolemy/domains/de/test/auto/transferInputsandOutputs.xml (RunModel)" time="0.015" />
  <testcase classname="ptolemy.util.test.junit.AutoTests" name="[91] /home/travis/build/icyphy/ptII/ptolemy/domains/de/test/auto/triggerType.xml (RunModel)" time="0.009" />
  <system-out><![CDATA[/home/travis/build/icyphy/ptII/ptolemy/domains/de/test/DependencyLoop.tcl
testDefs.tcl: setting time out to 9000 seconds at Sun Apr 29 21:03:49 UTC 2018
16 ms. Memory: 116224K Free: 95122K (82%)
17 ms. Memory: 146944K Free: 137482K (94%)
/home/travis/build/icyphy/ptII/ptolemy/domains/de/test/RunDETestsAsQSS.tcl
Run the DE tests using ptolemy.domains.qss.test.QSSDirectorTest, which extends QSSDirector and prints a message in the constructors.
------------------ testing $PTII/ptolemy/domains/de/test/auto/knownFailedTests/dependencyLoop.xml (Known Failure) 
16 ms. Memory: 146944K Free: 133203K (91%)


==== $PTIIhome/travis/build/icyphy/ptII/ptolemy/domains/de/test/../../../../: Auto Automatic test in file $PTII/ptolemy/domains/de/test/auto/knownFailedTests/dependencyLoop.xml
==== Contents of test case:

	    # FIXME: we should use $relativeFilename here, but it
	    # might have backslashes under Windows, which causes no end
	    # of trouble.
	    createAndExecute $file
	    list {}
	
.... Test generated KNOWN error:
    while executing
ptolemy.kernel.util.IllegalActionException: Found a zero delay loop containing .dependencyLoop.original
  in .dependencyLoop and .dependencyLoop.original
	at ptolemy.actor.util.CausalityInterfaceForComposites._computeOutputPortDepth(CausalityInterfaceForComposites.java:759)
	at ptolemy.actor.util.CausalityInterfaceForComposites._computeInputDepth(CausalityInterfaceForComposites.java:696)
	at ptolemy.actor.util.CausalityInterfaceForComposites._computeOutputPortDepth(CausalityInterfaceForComposites.java:765)
	at ptolemy.actor.util.CausalityInterfaceForComposites._computeInputDepth(CausalityInterfaceForComposites.java:696)
	at ptolemy.actor.util.CausalityInterfaceForComposites._computeOutputPortDepth(CausalityInterfaceForComposites.java:765)
	at ptolemy.actor.util.CausalityInterfaceForComposites._computeInputDepth(CausalityInterfaceForComposites.java:696)
	at ptolemy.actor.util.CausalityInterfaceForComposites._computeActorDepth(CausalityInterfaceForComposites.java:532)
	at ptolemy.actor.util.CausalityInterfaceForComposites.checkForCycles(CausalityInterfaceForComposites.java:96)
	at ptolemy.domains.de.kernel.DEDirector.preinitialize(DEDirector.java:1337)
	at ptolemy.actor.CompositeActor.preinitialize(CompositeActor.java:1828)
	at ptolemy.actor.Manager.preinitializeAndResolveTypes(Manager.java:1040)
	at ptolemy.actor.Manager.initialize(Manager.java:710)
	at ptolemy.actor.Manager.execute(Manager.java:356)
	at ptolemy.actor.Manager.run(Manager.java:1263)
	at ptolemy.actor.Manager$PtolemyRunThread.run(Manager.java:1915)

    while executing
ptolemy.kernel.util.IllegalActionException: Found a zero delay loop containing .dependencyLoop.original
  in .dependencyLoop and .dependencyLoop.original
    while executing
"java::new ptolemy.moml.MoMLSimpleApplication $file
"
    (procedure "createAndExecute" line 2)
    invoked from within
"createAndExecute $file"
    ("uplevel" body line 5)
    invoked from within
"uplevel $contents_of_test"
------------------ testing $PTII/ptolemy/domains/de/test/auto/knownFailedTests/DESDFClockTest.xml (Known Failure) 
2073 ms. Memory: 146944K Free: 117760K (80%)


==== $PTIIhome/travis/build/icyphy/ptII/ptolemy/domains/de/test/../../../../: Auto Automatic test in file $PTII/ptolemy/domains/de/test/auto/knownFailedTests/DESDFClockTest.xml
==== Contents of test case:

	    # FIXME: we should use $relativeFilename here, but it
	    # might have backslashes under Windows, which causes no end
	    # of trouble.
	    createAndExecute $file
	    list {}
	
.... Test generated KNOWN error:
    while executing
ptolemy.kernel.util.IllegalActionException: Actor is not ready to fire.  Perhaps UpSample.prefire() returned false? Try debugging the actor by selecting "Listen to Actor".  Also, for SDF check moml for tokenConsumptionRate on input.
  in .DESDFClockTest.Play Bell.Copy1:SDF Director and .DESDFClockTest.Play Bell.UpSample
	at ptolemy.actor.sched.StaticSchedulingDirector.fire(StaticSchedulingDirector.java:227)
	at ptolemy.domains.sdf.kernel.SDFDirector.fire(SDFDirector.java:500)
	at ptolemy.actor.CompositeActor.fire(CompositeActor.java:455)
	at ptolemy.domains.de.kernel.DEDirector._fire(DEDirector.java:1948)
	at ptolemy.domains.de.kernel.DEDirector.fire(DEDirector.java:502)
	at ptolemy.actor.CompositeActor.fire(CompositeActor.java:455)
	at ptolemy.actor.Manager.iterate(Manager.java:851)
	at ptolemy.actor.Manager.execute(Manager.java:369)
	at ptolemy.actor.Manager.run(Manager.java:1263)
	at ptolemy.actor.Manager$PtolemyRunThread.run(Manager.java:1915)

    while executing
ptolemy.kernel.util.IllegalActionException: Actor is not ready to fire.  Perhaps UpSample.prefire() returned false? Try debugging the actor by selecting "Listen to Actor".  Also, for SDF check moml for tokenConsumptionRate on input.
  in .DESDFClockTest.Play Bell.Copy1:SDF Director and .DESDFClockTest.Play Bell.UpSample
    while executing
"java::new ptolemy.moml.MoMLSimpleApplication $file
"
    (procedure "createAndExecute" line 2)
    invoked from within
"createAndExecute $file"
    ("uplevel" body line 5)
    invoked from within
"uplevel $contents_of_test"
------------------ testing $PTII/ptolemy/domains/de/test/auto/knownFailedTests/FSMSource.xml (Known Failure) 
23 ms. Memory: 146944K Free: 108762K (74%)
!!!! Auto was marked as failing, but now passes
------------------ testing $PTII/ptolemy/domains/de/test/auto/knownFailedTests/dependencyLoop2.xml (Known Failure) 
6 ms. Memory: 146944K Free: 106879K (73%)


==== $PTIIhome/travis/build/icyphy/ptII/ptolemy/domains/de/test/../../../../: Auto Automatic test in file $PTII/ptolemy/domains/de/test/auto/knownFailedTests/dependencyLoop2.xml
==== Contents of test case:

	    # FIXME: we should use $relativeFilename here, but it
	    # might have backslashes under Windows, which causes no end
	    # of trouble.
	    createAndExecute $file
	    list {}
	
.... Test generated KNOWN error:
    while executing
ptolemy.kernel.util.IllegalActionException: Found a zero delay loop containing .dependencyLoop2.original
  in .dependencyLoop2 and .dependencyLoop2.original
	at ptolemy.actor.util.CausalityInterfaceForComposites._computeOutputPortDepth(CausalityInterfaceForComposites.java:759)
	at ptolemy.actor.util.CausalityInterfaceForComposites._computeInputDepth(CausalityInterfaceForComposites.java:696)
	at ptolemy.actor.util.CausalityInterfaceForComposites._computeOutputPortDepth(CausalityInterfaceForComposites.java:765)
	at ptolemy.actor.util.CausalityInterfaceForComposites._computeInputDepth(CausalityInterfaceForComposites.java:696)
	at ptolemy.actor.util.CausalityInterfaceForComposites._computeOutputPortDepth(CausalityInterfaceForComposites.java:765)
	at ptolemy.actor.util.CausalityInterfaceForComposites._computeInputDepth(CausalityInterfaceForComposites.java:696)
	at ptolemy.actor.util.CausalityInterfaceForComposites._computeActorDepth(CausalityInterfaceForComposites.java:532)
	at ptolemy.actor.util.CausalityInterfaceForComposites.checkForCycles(CausalityInterfaceForComposites.java:96)
	at ptolemy.domains.de.kernel.DEDirector.preinitialize(DEDirector.java:1337)
	at ptolemy.actor.CompositeActor.preinitialize(CompositeActor.java:1828)
	at ptolemy.actor.Manager.preinitializeAndResolveTypes(Manager.java:1040)
	at ptolemy.actor.Manager.initialize(Manager.java:710)
	at ptolemy.actor.Manager.execute(Manager.java:356)
	at ptolemy.actor.Manager.run(Manager.java:1263)
	at ptolemy.actor.Manager$PtolemyRunThread.run(Manager.java:1915)

    while executing
ptolemy.kernel.util.IllegalActionException: Found a zero delay loop containing .dependencyLoop2.original
  in .dependencyLoop2 and .dependencyLoop2.original
    while executing
"java::new ptolemy.moml.MoMLSimpleApplication $file
"
    (procedure "createAndExecute" line 2)
    invoked from within
"createAndExecute $file"
    ("uplevel" body line 5)
    invoked from within
"uplevel $contents_of_test"
------------------ testing $PTII/ptolemy/domains/de/test/auto/knownFailedTests/HierarchicalModel.xml (Known Failure) 
16 ms. Memory: 146944K Free: 86311K (59%)


==== $PTIIhome/travis/build/icyphy/ptII/ptolemy/domains/de/test/../../../../: Auto Automatic test in file $PTII/ptolemy/domains/de/test/auto/knownFailedTests/HierarchicalModel.xml
==== Contents of test case:

	    # FIXME: we should use $relativeFilename here, but it
	    # might have backslashes under Windows, which causes no end
	    # of trouble.
	    createAndExecute $file
	    list {}
	
.... Test generated KNOWN error:
    while executing
ptolemy.kernel.util.IllegalActionException: Found a zero delay loop containing .HierarchicalModel.A
  in .HierarchicalModel and .HierarchicalModel.A
	at ptolemy.actor.util.CausalityInterfaceForComposites._computeOutputPortDepth(CausalityInterfaceForComposites.java:759)
	at ptolemy.actor.util.CausalityInterfaceForComposites._computeInputDepth(CausalityInterfaceForComposites.java:696)
	at ptolemy.actor.util.CausalityInterfaceForComposites._computeOutputPortDepth(CausalityInterfaceForComposites.java:765)
	at ptolemy.actor.util.CausalityInterfaceForComposites._computeInputDepth(CausalityInterfaceForComposites.java:696)
	at ptolemy.actor.util.CausalityInterfaceForComposites._computeOutputPortDepth(CausalityInterfaceForComposites.java:765)
	at ptolemy.actor.util.CausalityInterfaceForComposites._computeInputDepth(CausalityInterfaceForComposites.java:696)
	at ptolemy.actor.util.CausalityInterfaceForComposites._computeActorDepth(CausalityInterfaceForComposites.java:532)
	at ptolemy.actor.util.CausalityInterfaceForComposites.checkForCycles(CausalityInterfaceForComposites.java:96)
	at ptolemy.domains.de.kernel.DEDirector.preinitialize(DEDirector.java:1337)
	at ptolemy.actor.CompositeActor.preinitialize(CompositeActor.java:1828)
	at ptolemy.actor.Manager.preinitializeAndResolveTypes(Manager.java:1040)
	at ptolemy.actor.Manager.initialize(Manager.java:710)
	at ptolemy.actor.Manager.execute(Manager.java:356)
	at ptolemy.actor.Manager.run(Manager.java:1263)
	at ptolemy.actor.Manager$PtolemyRunThread.run(Manager.java:1915)

    while executing
ptolemy.kernel.util.IllegalActionException: Found a zero delay loop containing .HierarchicalModel.A
  in .HierarchicalModel and .HierarchicalModel.A
    while executing
"java::new ptolemy.moml.MoMLSimpleApplication $file
"
    (procedure "createAndExecute" line 2)
    invoked from within
"createAndExecute $file"
    ("uplevel" body line 5)
    invoked from within
"uplevel $contents_of_test"
------------------ testing $PTII/ptolemy/domains/de/test/auto/knownFailedTests/DirectFeedback.xml (Known Failure) 
4 ms. Memory: 146944K Free: 82142K (56%)


==== $PTIIhome/travis/build/icyphy/ptII/ptolemy/domains/de/test/../../../../: Auto Automatic test in file $PTII/ptolemy/domains/de/test/auto/knownFailedTests/DirectFeedback.xml
==== Contents of test case:

	    # FIXME: we should use $relativeFilename here, but it
	    # might have backslashes under Windows, which causes no end
	    # of trouble.
	    createAndExecute $file
	    list {}
	
.... Test generated KNOWN error:
    while executing
ptolemy.kernel.util.IllegalActionException: Test fails in iteration 1.
Value was: 1.0. Should have been: 2.0
  in .DirectFeedback.Test
	at ptolemy.actor.lib.Test.fire(Test.java:268)
	at ptolemy.domains.de.kernel.DEDirector._fire(DEDirector.java:1948)
	at ptolemy.domains.de.kernel.DEDirector.fire(DEDirector.java:502)
	at ptolemy.actor.CompositeActor.fire(CompositeActor.java:455)
	at ptolemy.actor.Manager.iterate(Manager.java:851)
	at ptolemy.actor.Manager.execute(Manager.java:369)
	at ptolemy.actor.Manager.run(Manager.java:1263)
	at ptolemy.actor.Manager$PtolemyRunThread.run(Manager.java:1915)

    while executing
ptolemy.kernel.util.IllegalActionException: Test fails in iteration 1.
Value was: 1.0. Should have been: 2.0
  in .DirectFeedback.Test
    while executing
"java::new ptolemy.moml.MoMLSimpleApplication $file
"
    (procedure "createAndExecute" line 2)
    invoked from within
"createAndExecute $file"
    ("uplevel" body line 5)
    invoked from within
"uplevel $contents_of_test"
------------------ testing $PTII/ptolemy/domains/de/test/auto/ActorDepthCalculation_actorWithoutPorts.xml
auto.tcl: Setting watchdog for 200 seconds at Sun Apr 29 21:03:52 UTC 2018
4 ms. Memory: 146944K Free: 134884K (92%)
ptolemy.util.test.WatchDog.cancel(): canceling Sun Apr 29 21:03:52 UTC 2018
auto.tcl: Setting watchdog for 200 seconds at Sun Apr 29 21:03:52 UTC 2018
5 ms. Memory: 146944K Free: 132835K (90%)
ptolemy.util.test.WatchDog.cancel(): canceling Sun Apr 29 21:03:52 UTC 2018
------------------ testing $PTII/ptolemy/domains/de/test/auto/AssemblyLine.xml
auto.tcl: Setting watchdog for 200 seconds at Sun Apr 29 21:03:53 UTC 2018
15 ms. Memory: 208384K Free: 183106K (88%)
ptolemy.util.test.WatchDog.cancel(): canceling Sun Apr 29 21:03:53 UTC 2018
auto.tcl: Setting watchdog for 200 seconds at Sun Apr 29 21:03:53 UTC 2018
20 ms. Memory: 208384K Free: 183106K (88%)
ptolemy.util.test.WatchDog.cancel(): canceling Sun Apr 29 21:03:53 UTC 2018
------------------ testing $PTII/ptolemy/domains/de/test/auto/CQBug1.xml
auto.tcl: Setting watchdog for 200 seconds at Sun Apr 29 21:03:53 UTC 2018
4 ms. Memory: 208384K Free: 197643K (95%)
ptolemy.util.test.WatchDog.cancel(): canceling Sun Apr 29 21:03:53 UTC 2018
auto.tcl: Setting watchdog for 200 seconds at Sun Apr 29 21:03:53 UTC 2018
3 ms. Memory: 208384K Free: 197643K (95%)
ptolemy.util.test.WatchDog.cancel(): canceling Sun Apr 29 21:03:53 UTC 2018
------------------ testing $PTII/ptolemy/domains/de/test/auto/CancelFireAt.xml
auto.tcl: Setting watchdog for 200 seconds at Sun Apr 29 21:03:53 UTC 2018
5 ms. Memory: 208384K Free: 201250K (97%)
ptolemy.util.test.WatchDog.cancel(): canceling Sun Apr 29 21:03:53 UTC 2018
auto.tcl: Setting watchdog for 200 seconds at Sun Apr 29 21:03:53 UTC 2018
5 ms. Memory: 208384K Free: 199113K (96%)
ptolemy.util.test.WatchDog.cancel(): canceling Sun Apr 29 21:03:53 UTC 2018
------------------ testing $PTII/ptolemy/domains/de/test/auto/CausalityAndComposabilityAnalysis.xml
auto.tcl: Setting watchdog for 200 seconds at Sun Apr 29 21:03:53 UTC 2018
19 ms. Memory: 208384K Free: 198372K (95%)
ptolemy.util.test.WatchDog.cancel(): canceling Sun Apr 29 21:03:53 UTC 2018
auto.tcl: Setting watchdog for 200 seconds at Sun Apr 29 21:03:53 UTC 2018
6 ms. Memory: 208384K Free: 196235K (94%)
ptolemy.util.test.WatchDog.cancel(): canceling Sun Apr 29 21:03:53 UTC 2018
------------------ testing $PTII/ptolemy/domains/de/test/auto/CausalityInterface1.xml
auto.tcl: Setting watchdog for 200 seconds at Sun Apr 29 21:03:53 UTC 2018
14 ms. Memory: 208384K Free: 196172K (94%)
ptolemy.util.test.WatchDog.cancel(): canceling Sun Apr 29 21:03:53 UTC 2018
auto.tcl: Setting watchdog for 200 seconds at Sun Apr 29 21:03:53 UTC 2018
4 ms. Memory: 208384K Free: 196172K (94%)
ptolemy.util.test.WatchDog.cancel(): canceling Sun Apr 29 21:03:53 UTC 2018
------------------ testing $PTII/ptolemy/domains/de/test/auto/CausalityInterface15.xml
auto.tcl: Setting watchdog for 200 seconds at Sun Apr 29 21:03:53 UTC 2018
16 ms. Memory: 208384K Free: 196146K (94%)
ptolemy.util.test.WatchDog.cancel(): canceling Sun Apr 29 21:03:53 UTC 2018
auto.tcl: Setting watchdog for 200 seconds at Sun Apr 29 21:03:53 UTC 2018
4 ms. Memory: 208384K Free: 196146K (94%)
ptolemy.util.test.WatchDog.cancel(): canceling Sun Apr 29 21:03:53 UTC 2018
------------------ testing $PTII/ptolemy/domains/de/test/auto/CausalityInterface2.xml
auto.tcl: Setting watchdog for 200 seconds at Sun Apr 29 21:03:53 UTC 2018
9 ms. Memory: 208384K Free: 196013K (94%)
ptolemy.util.test.WatchDog.cancel(): canceling Sun Apr 29 21:03:53 UTC 2018
auto.tcl: Setting watchdog for 200 seconds at Sun Apr 29 21:03:53 UTC 2018
4 ms. Memory: 208384K Free: 196013K (94%)
ptolemy.util.test.WatchDog.cancel(): canceling Sun Apr 29 21:03:53 UTC 2018
------------------ testing $PTII/ptolemy/domains/de/test/auto/CausalityInterface3.xml
auto.tcl: Setting watchdog for 200 seconds at Sun Apr 29 21:03:53 UTC 2018
7 ms. Memory: 208384K Free: 196042K (94%)
ptolemy.util.test.WatchDog.cancel(): canceling Sun Apr 29 21:03:54 UTC 2018
auto.tcl: Setting watchdog for 200 seconds at Sun Apr 29 21:03:54 UTC 2018
5 ms. Memory: 208384K Free: 196042K (94%)
ptolemy.util.test.WatchDog.cancel(): canceling Sun Apr 29 21:03:54 UTC 2018
------------------ testing $PTII/ptolemy/domains/de/test/auto/ClockDrift.xml
auto.tcl: Setting watchdog for 200 seconds at Sun Apr 29 21:03:54 UTC 2018
87 ms. Memory: 208384K Free: 187143K (90%)
ptolemy.util.test.WatchDog.cancel(): canceling Sun Apr 29 21:03:54 UTC 2018
auto.tcl: Setting watchdog for 200 seconds at Sun Apr 29 21:03:54 UTC 2018
51 ms. Memory: 208384K Free: 185005K (89%)
ptolemy.util.test.WatchDog.cancel(): canceling Sun Apr 29 21:03:54 UTC 2018
------------------ testing $PTII/ptolemy/domains/de/test/auto/ClockDriftAndValueChange.xml
auto.tcl: Setting watchdog for 200 seconds at Sun Apr 29 21:03:54 UTC 2018
49 ms. Memory: 208384K Free: 186955K (90%)
ptolemy.util.test.WatchDog.cancel(): canceling Sun Apr 29 21:03:54 UTC 2018
auto.tcl: Setting watchdog for 200 seconds at Sun Apr 29 21:03:54 UTC 2018
36 ms. Memory: 208384K Free: 184818K (89%)
ptolemy.util.test.WatchDog.cancel(): canceling Sun Apr 29 21:03:54 UTC 2018
------------------ testing $PTII/ptolemy/domains/de/test/auto/ClockDriftChange.xml
auto.tcl: Setting watchdog for 200 seconds at Sun Apr 29 21:03:54 UTC 2018
20 ms. Memory: 208384K Free: 190336K (91%)
ptolemy.util.test.WatchDog.cancel(): canceling Sun Apr 29 21:03:54 UTC 2018
auto.tcl: Setting watchdog for 200 seconds at Sun Apr 29 21:03:54 UTC 2018
21 ms. Memory: 208384K Free: 188199K (90%)
ptolemy.util.test.WatchDog.cancel(): canceling Sun Apr 29 21:03:54 UTC 2018
------------------ testing $PTII/ptolemy/domains/de/test/auto/ComposableCausalityAnalysis.xml
auto.tcl: Setting watchdog for 200 seconds at Sun Apr 29 21:03:54 UTC 2018
3 ms. Memory: 208384K Free: 196240K (94%)
ptolemy.util.test.WatchDog.cancel(): canceling Sun Apr 29 21:03:54 UTC 2018
auto.tcl: Setting watchdog for 200 seconds at Sun Apr 29 21:03:54 UTC 2018
7 ms. Memory: 208384K Free: 196240K (94%)
ptolemy.util.test.WatchDog.cancel(): canceling Sun Apr 29 21:03:54 UTC 2018
------------------ testing $PTII/ptolemy/domains/de/test/auto/DEFixedPointLimitation.xml
auto.tcl: Setting watchdog for 200 seconds at Sun Apr 29 21:03:54 UTC 2018
4 ms. Memory: 208384K Free: 198129K (95%)
ptolemy.util.test.WatchDog.cancel(): canceling Sun Apr 29 21:03:54 UTC 2018
auto.tcl: Setting watchdog for 200 seconds at Sun Apr 29 21:03:54 UTC 2018
2 ms. Memory: 208384K Free: 195991K (94%)
ptolemy.util.test.WatchDog.cancel(): canceling Sun Apr 29 21:03:54 UTC 2018
------------------ testing $PTII/ptolemy/domains/de/test/auto/DEScheduleTest.xml
auto.tcl: Setting watchdog for 200 seconds at Sun Apr 29 21:03:54 UTC 2018
4 ms. Memory: 208384K Free: 198165K (95%)
ptolemy.util.test.WatchDog.cancel(): canceling Sun Apr 29 21:03:54 UTC 2018
auto.tcl: Setting watchdog for 200 seconds at Sun Apr 29 21:03:54 UTC 2018
6 ms. Memory: 208384K Free: 196011K (94%)
ptolemy.util.test.WatchDog.cancel(): canceling Sun Apr 29 21:03:54 UTC 2018
------------------ testing $PTII/ptolemy/domains/de/test/auto/DEinDEwithStartTimes.xml
auto.tcl: Setting watchdog for 200 seconds at Sun Apr 29 21:03:55 UTC 2018
8 ms. Memory: 208384K Free: 196004K (94%)
ptolemy.util.test.WatchDog.cancel(): canceling Sun Apr 29 21:03:55 UTC 2018
auto.tcl: Setting watchdog for 200 seconds at Sun Apr 29 21:03:55 UTC 2018
3 ms. Memory: 208384K Free: 196004K (94%)
ptolemy.util.test.WatchDog.cancel(): canceling Sun Apr 29 21:03:55 UTC 2018
------------------ testing $PTII/ptolemy/domains/de/test/auto/DEinDEwithStartTimes2.xml
auto.tcl: Setting watchdog for 200 seconds at Sun Apr 29 21:03:55 UTC 2018
9 ms. Memory: 208384K Free: 196305K (94%)
ptolemy.util.test.WatchDog.cancel(): canceling Sun Apr 29 21:03:55 UTC 2018
auto.tcl: Setting watchdog for 200 seconds at Sun Apr 29 21:03:55 UTC 2018
6 ms. Memory: 208384K Free: 193813K (93%)
ptolemy.util.test.WatchDog.cancel(): canceling Sun Apr 29 21:03:55 UTC 2018
------------------ testing $PTII/ptolemy/domains/de/test/auto/DateDemo.xml
auto.tcl: Setting watchdog for 200 seconds at Sun Apr 29 21:03:55 UTC 2018
15 ms. Memory: 208384K Free: 188260K (90%)
ptolemy.util.test.WatchDog.cancel(): canceling Sun Apr 29 21:03:55 UTC 2018
auto.tcl: Setting watchdog for 200 seconds at Sun Apr 29 21:03:55 UTC 2018
9 ms. Memory: 208384K Free: 186106K (89%)
ptolemy.util.test.WatchDog.cancel(): canceling Sun Apr 29 21:03:55 UTC 2018
------------------ testing $PTII/ptolemy/domains/de/test/auto/DateToEvent.xml
auto.tcl: Setting watchdog for 200 seconds at Sun Apr 29 21:03:55 UTC 2018
2009 ms. Memory: 208384K Free: 182860K (88%)
ptolemy.util.test.WatchDog.cancel(): canceling Sun Apr 29 21:03:57 UTC 2018
auto.tcl: Setting watchdog for 200 seconds at Sun Apr 29 21:03:57 UTC 2018
2005 ms. Memory: 208384K Free: 182860K (88%)
ptolemy.util.test.WatchDog.cancel(): canceling Sun Apr 29 21:03:59 UTC 2018
------------------ testing $PTII/ptolemy/domains/de/test/auto/DepthTest1.xml
auto.tcl: Setting watchdog for 200 seconds at Sun Apr 29 21:03:59 UTC 2018
2 ms. Memory: 208384K Free: 197358K (95%)
ptolemy.util.test.WatchDog.cancel(): canceling Sun Apr 29 21:03:59 UTC 2018
auto.tcl: Setting watchdog for 200 seconds at Sun Apr 29 21:03:59 UTC 2018
4 ms. Memory: 208384K Free: 197358K (95%)
ptolemy.util.test.WatchDog.cancel(): canceling Sun Apr 29 21:03:59 UTC 2018
------------------ testing $PTII/ptolemy/domains/de/test/auto/DepthTest2.xml
auto.tcl: Setting watchdog for 200 seconds at Sun Apr 29 21:03:59 UTC 2018
7 ms. Memory: 208384K Free: 193514K (93%)
ptolemy.util.test.WatchDog.cancel(): canceling Sun Apr 29 21:03:59 UTC 2018
auto.tcl: Setting watchdog for 200 seconds at Sun Apr 29 21:03:59 UTC 2018
4 ms. Memory: 208384K Free: 193514K (93%)
ptolemy.util.test.WatchDog.cancel(): canceling Sun Apr 29 21:03:59 UTC 2018
------------------ testing $PTII/ptolemy/domains/de/test/auto/DepthTest3.xml
auto.tcl: Setting watchdog for 200 seconds at Sun Apr 29 21:03:59 UTC 2018
2 ms. Memory: 208384K Free: 198029K (95%)
ptolemy.util.test.WatchDog.cancel(): canceling Sun Apr 29 21:03:59 UTC 2018
auto.tcl: Setting watchdog for 200 seconds at Sun Apr 29 21:03:59 UTC 2018
1 ms. Memory: 208384K Free: 197691K (95%)
ptolemy.util.test.WatchDog.cancel(): canceling Sun Apr 29 21:03:59 UTC 2018
------------------ testing $PTII/ptolemy/domains/de/test/auto/DepthTest4.xml
auto.tcl: Setting watchdog for 200 seconds at Sun Apr 29 21:03:59 UTC 2018
3 ms. Memory: 208384K Free: 195641K (94%)
ptolemy.util.test.WatchDog.cancel(): canceling Sun Apr 29 21:03:59 UTC 2018
auto.tcl: Setting watchdog for 200 seconds at Sun Apr 29 21:03:59 UTC 2018
3 ms. Memory: 208384K Free: 195641K (94%)
ptolemy.util.test.WatchDog.cancel(): canceling Sun Apr 29 21:03:59 UTC 2018
------------------ testing $PTII/ptolemy/domains/de/test/auto/DepthTest5.xml
auto.tcl: Setting watchdog for 200 seconds at Sun Apr 29 21:03:59 UTC 2018
6 ms. Memory: 208384K Free: 195940K (94%)
ptolemy.util.test.WatchDog.cancel(): canceling Sun Apr 29 21:03:59 UTC 2018
auto.tcl: Setting watchdog for 200 seconds at Sun Apr 29 21:03:59 UTC 2018
2 ms. Memory: 208384K Free: 195940K (94%)
ptolemy.util.test.WatchDog.cancel(): canceling Sun Apr 29 21:03:59 UTC 2018
------------------ testing $PTII/ptolemy/domains/de/test/auto/DepthTest6.xml
auto.tcl: Setting watchdog for 200 seconds at Sun Apr 29 21:03:59 UTC 2018
10 ms. Memory: 208384K Free: 195901K (94%)
ptolemy.util.test.WatchDog.cancel(): canceling Sun Apr 29 21:03:59 UTC 2018
auto.tcl: Setting watchdog for 200 seconds at Sun Apr 29 21:03:59 UTC 2018
3 ms. Memory: 208384K Free: 195901K (94%)
ptolemy.util.test.WatchDog.cancel(): canceling Sun Apr 29 21:03:59 UTC 2018
------------------ testing $PTII/ptolemy/domains/de/test/auto/DepthTest7.xml
auto.tcl: Setting watchdog for 200 seconds at Sun Apr 29 21:04:00 UTC 2018
3 ms. Memory: 208384K Free: 195544K (94%)
ptolemy.util.test.WatchDog.cancel(): canceling Sun Apr 29 21:04:00 UTC 2018
auto.tcl: Setting watchdog for 200 seconds at Sun Apr 29 21:04:00 UTC 2018
2 ms. Memory: 208384K Free: 195544K (94%)
ptolemy.util.test.WatchDog.cancel(): canceling Sun Apr 29 21:04:00 UTC 2018
------------------ testing $PTII/ptolemy/domains/de/test/auto/EventToDate.xml
auto.tcl: Setting watchdog for 200 seconds at Sun Apr 29 21:04:00 UTC 2018
3012 ms. Memory: 208384K Free: 187330K (90%)
ptolemy.util.test.WatchDog.cancel(): canceling Sun Apr 29 21:04:03 UTC 2018
auto.tcl: Setting watchdog for 200 seconds at Sun Apr 29 21:04:03 UTC 2018
3005 ms. Memory: 208384K Free: 185192K (89%)
ptolemy.util.test.WatchDog.cancel(): canceling Sun Apr 29 21:04:06 UTC 2018
------------------ testing $PTII/ptolemy/domains/de/test/auto/FSM1.xml
auto.tcl: Setting watchdog for 200 seconds at Sun Apr 29 21:04:06 UTC 2018
19 ms. Memory: 208384K Free: 188836K (91%)
ptolemy.util.test.WatchDog.cancel(): canceling Sun Apr 29 21:04:06 UTC 2018
auto.tcl: Setting watchdog for 200 seconds at Sun Apr 29 21:04:06 UTC 2018
24 ms. Memory: 208384K Free: 184529K (89%)
ptolemy.util.test.WatchDog.cancel(): canceling Sun Apr 29 21:04:06 UTC 2018
------------------ testing $PTII/ptolemy/domains/de/test/auto/FSM7.xml
auto.tcl: Setting watchdog for 200 seconds at Sun Apr 29 21:04:06 UTC 2018
35 ms. Memory: 208384K Free: 185352K (89%)
ptolemy.util.test.WatchDog.cancel(): canceling Sun Apr 29 21:04:06 UTC 2018
auto.tcl: Setting watchdog for 200 seconds at Sun Apr 29 21:04:06 UTC 2018
22 ms. Memory: 208384K Free: 183214K (88%)
ptolemy.util.test.WatchDog.cancel(): canceling Sun Apr 29 21:04:06 UTC 2018
------------------ testing $PTII/ptolemy/domains/de/test/auto/Inspection.xml
auto.tcl: Setting watchdog for 200 seconds at Sun Apr 29 21:04:06 UTC 2018
25 ms. Memory: 208384K Free: 187802K (90%)
ptolemy.util.test.WatchDog.cancel(): canceling Sun Apr 29 21:04:06 UTC 2018
auto.tcl: Setting watchdog for 200 seconds at Sun Apr 29 21:04:06 UTC 2018
27 ms. Memory: 208384K Free: 185664K (89%)
ptolemy.util.test.WatchDog.cancel(): canceling Sun Apr 29 21:04:06 UTC 2018
------------------ testing $PTII/ptolemy/domains/de/test/auto/Iteration.xml
auto.tcl: Setting watchdog for 200 seconds at Sun Apr 29 21:04:06 UTC 2018
8 ms. Memory: 208384K Free: 193207K (93%)
ptolemy.util.test.WatchDog.cancel(): canceling Sun Apr 29 21:04:06 UTC 2018
auto.tcl: Setting watchdog for 200 seconds at Sun Apr 29 21:04:06 UTC 2018
11 ms. Memory: 208384K Free: 193207K (93%)
ptolemy.util.test.WatchDog.cancel(): canceling Sun Apr 29 21:04:06 UTC 2018
------------------ testing $PTII/ptolemy/domains/de/test/auto/LineFault.xml
auto.tcl: Setting watchdog for 200 seconds at Sun Apr 29 21:04:06 UTC 2018
931 ms. Memory: 208384K Free: 195637K (94%)
ptolemy.util.test.WatchDog.cancel(): canceling Sun Apr 29 21:04:08 UTC 2018
auto.tcl: Setting watchdog for 200 seconds at Sun Apr 29 21:04:08 UTC 2018
752 ms. Memory: 208384K Free: 139511K (67%)
ptolemy.util.test.WatchDog.cancel(): canceling Sun Apr 29 21:04:08 UTC 2018
------------------ testing $PTII/ptolemy/domains/de/test/auto/MergeModel1Add.xml
auto.tcl: Setting watchdog for 200 seconds at Sun Apr 29 21:04:08 UTC 2018
31 ms. Memory: 331264K Free: 301978K (91%)
ptolemy.util.test.WatchDog.cancel(): canceling Sun Apr 29 21:04:08 UTC 2018
auto.tcl: Setting watchdog for 200 seconds at Sun Apr 29 21:04:08 UTC 2018
11 ms. Memory: 331264K Free: 297968K (90%)
ptolemy.util.test.WatchDog.cancel(): canceling Sun Apr 29 21:04:08 UTC 2018
------------------ testing $PTII/ptolemy/domains/de/test/auto/MergeModel2Add.xml
auto.tcl: Setting watchdog for 200 seconds at Sun Apr 29 21:04:09 UTC 2018
10 ms. Memory: 331264K Free: 303318K (92%)
ptolemy.util.test.WatchDog.cancel(): canceling Sun Apr 29 21:04:09 UTC 2018
auto.tcl: Setting watchdog for 200 seconds at Sun Apr 29 21:04:09 UTC 2018
9 ms. Memory: 331264K Free: 299325K (90%)
ptolemy.util.test.WatchDog.cancel(): canceling Sun Apr 29 21:04:09 UTC 2018
------------------ testing $PTII/ptolemy/domains/de/test/auto/MergeModel3Add.xml
auto.tcl: Setting watchdog for 200 seconds at Sun Apr 29 21:04:09 UTC 2018
11 ms. Memory: 331264K Free: 303344K (92%)
ptolemy.util.test.WatchDog.cancel(): canceling Sun Apr 29 21:04:09 UTC 2018
auto.tcl: Setting watchdog for 200 seconds at Sun Apr 29 21:04:09 UTC 2018
8 ms. Memory: 331264K Free: 299351K (90%)
ptolemy.util.test.WatchDog.cancel(): canceling Sun Apr 29 21:04:09 UTC 2018
------------------ testing $PTII/ptolemy/domains/de/test/auto/MergeWithoutDiscard.xml
auto.tcl: Setting watchdog for 200 seconds at Sun Apr 29 21:04:09 UTC 2018
3 ms. Memory: 331264K Free: 319618K (96%)
ptolemy.util.test.WatchDog.cancel(): canceling Sun Apr 29 21:04:09 UTC 2018
auto.tcl: Setting watchdog for 200 seconds at Sun Apr 29 21:04:09 UTC 2018
2 ms. Memory: 331264K Free: 315623K (95%)
ptolemy.util.test.WatchDog.cancel(): canceling Sun Apr 29 21:04:09 UTC 2018
------------------ testing $PTII/ptolemy/domains/de/test/auto/Modal1.xml
auto.tcl: Setting watchdog for 200 seconds at Sun Apr 29 21:04:09 UTC 2018
23 ms. Memory: 331264K Free: 309154K (93%)
ptolemy.util.test.WatchDog.cancel(): canceling Sun Apr 29 21:04:09 UTC 2018
auto.tcl: Setting watchdog for 200 seconds at Sun Apr 29 21:04:09 UTC 2018
21 ms. Memory: 331264K Free: 305152K (92%)
ptolemy.util.test.WatchDog.cancel(): canceling Sun Apr 29 21:04:09 UTC 2018
------------------ testing $PTII/ptolemy/domains/de/test/auto/Modal2.xml
auto.tcl: Setting watchdog for 200 seconds at Sun Apr 29 21:04:09 UTC 2018
19 ms. Memory: 331264K Free: 309027K (93%)
ptolemy.util.test.WatchDog.cancel(): canceling Sun Apr 29 21:04:09 UTC 2018
auto.tcl: Setting watchdog for 200 seconds at Sun Apr 29 21:04:09 UTC 2018
25 ms. Memory: 331264K Free: 305033K (92%)
ptolemy.util.test.WatchDog.cancel(): canceling Sun Apr 29 21:04:09 UTC 2018
------------------ testing $PTII/ptolemy/domains/de/test/auto/Modal3.xml
auto.tcl: Setting watchdog for 200 seconds at Sun Apr 29 21:04:09 UTC 2018
16 ms. Memory: 331264K Free: 309295K (93%)
ptolemy.util.test.WatchDog.cancel(): canceling Sun Apr 29 21:04:09 UTC 2018
auto.tcl: Setting watchdog for 200 seconds at Sun Apr 29 21:04:09 UTC 2018
15 ms. Memory: 331264K Free: 305016K (92%)
ptolemy.util.test.WatchDog.cancel(): canceling Sun Apr 29 21:04:09 UTC 2018
------------------ testing $PTII/ptolemy/domains/de/test/auto/Modal4.xml
auto.tcl: Setting watchdog for 200 seconds at Sun Apr 29 21:04:09 UTC 2018
25 ms. Memory: 331264K Free: 304147K (92%)
ptolemy.util.test.WatchDog.cancel(): canceling Sun Apr 29 21:04:09 UTC 2018
auto.tcl: Setting watchdog for 200 seconds at Sun Apr 29 21:04:09 UTC 2018
24 ms. Memory: 331264K Free: 300154K (91%)
ptolemy.util.test.WatchDog.cancel(): canceling Sun Apr 29 21:04:09 UTC 2018
------------------ testing $PTII/ptolemy/domains/de/test/auto/Modal5.xml
auto.tcl: Setting watchdog for 200 seconds at Sun Apr 29 21:04:09 UTC 2018
20 ms. Memory: 331264K Free: 309042K (93%)
ptolemy.util.test.WatchDog.cancel(): canceling Sun Apr 29 21:04:09 UTC 2018
auto.tcl: Setting watchdog for 200 seconds at Sun Apr 29 21:04:09 UTC 2018
15 ms. Memory: 331264K Free: 305032K (92%)
ptolemy.util.test.WatchDog.cancel(): canceling Sun Apr 29 21:04:09 UTC 2018
------------------ testing $PTII/ptolemy/domains/de/test/auto/Modal6.xml
auto.tcl: Setting watchdog for 200 seconds at Sun Apr 29 21:04:10 UTC 2018
15 ms. Memory: 331264K Free: 309024K (93%)
ptolemy.util.test.WatchDog.cancel(): canceling Sun Apr 29 21:04:10 UTC 2018
auto.tcl: Setting watchdog for 200 seconds at Sun Apr 29 21:04:10 UTC 2018
20 ms. Memory: 331264K Free: 305022K (92%)
ptolemy.util.test.WatchDog.cancel(): canceling Sun Apr 29 21:04:10 UTC 2018
------------------ testing $PTII/ptolemy/domains/de/test/auto/Modal7.xml
auto.tcl: Setting watchdog for 200 seconds at Sun Apr 29 21:04:10 UTC 2018
28 ms. Memory: 331264K Free: 309032K (93%)
ptolemy.util.test.WatchDog.cancel(): canceling Sun Apr 29 21:04:10 UTC 2018
auto.tcl: Setting watchdog for 200 seconds at Sun Apr 29 21:04:10 UTC 2018
21 ms. Memory: 331264K Free: 305022K (92%)
ptolemy.util.test.WatchDog.cancel(): canceling Sun Apr 29 21:04:10 UTC 2018
------------------ testing $PTII/ptolemy/domains/de/test/auto/ModalModel.xml
auto.tcl: Setting watchdog for 200 seconds at Sun Apr 29 21:04:10 UTC 2018
261 ms. Memory: 331264K Free: 245128K (74%)
ptolemy.util.test.WatchDog.cancel(): canceling Sun Apr 29 21:04:10 UTC 2018
auto.tcl: Setting watchdog for 200 seconds at Sun Apr 29 21:04:10 UTC 2018
226 ms. Memory: 331264K Free: 189089K (57%)
ptolemy.util.test.WatchDog.cancel(): canceling Sun Apr 29 21:04:10 UTC 2018
------------------ testing $PTII/ptolemy/domains/de/test/auto/ModalSource.xml
auto.tcl: Setting watchdog for 200 seconds at Sun Apr 29 21:04:10 UTC 2018
7 ms. Memory: 331264K Free: 315915K (95%)
ptolemy.util.test.WatchDog.cancel(): canceling Sun Apr 29 21:04:10 UTC 2018
auto.tcl: Setting watchdog for 200 seconds at Sun Apr 29 21:04:10 UTC 2018
7 ms. Memory: 331264K Free: 312350K (94%)
ptolemy.util.test.WatchDog.cancel(): canceling Sun Apr 29 21:04:10 UTC 2018
------------------ testing $PTII/ptolemy/domains/de/test/auto/NonInterruptibleTimerZeroDelay.xml
auto.tcl: Setting watchdog for 200 seconds at Sun Apr 29 21:04:11 UTC 2018
5 ms. Memory: 331264K Free: 320301K (97%)
ptolemy.util.test.WatchDog.cancel(): canceling Sun Apr 29 21:04:11 UTC 2018
auto.tcl: Setting watchdog for 200 seconds at Sun Apr 29 21:04:11 UTC 2018
3 ms. Memory: 331264K Free: 316752K (96%)
ptolemy.util.test.WatchDog.cancel(): canceling Sun Apr 29 21:04:11 UTC 2018
------------------ testing $PTII/ptolemy/domains/de/test/auto/OpenQueueingNetwork.xml
auto.tcl: Setting watchdog for 200 seconds at Sun Apr 29 21:04:11 UTC 2018
3412 ms. Memory: 307712K Free: 146517K (48%)
ptolemy.util.test.WatchDog.cancel(): canceling Sun Apr 29 21:04:14 UTC 2018
auto.tcl: Setting watchdog for 200 seconds at Sun Apr 29 21:04:14 UTC 2018
2490 ms. Memory: 278528K Free: 214193K (77%)
ptolemy.util.test.WatchDog.cancel(): canceling Sun Apr 29 21:04:17 UTC 2018
------------------ testing $PTII/ptolemy/domains/de/test/auto/OpenQueuingNetwork.xml
auto.tcl: Setting watchdog for 200 seconds at Sun Apr 29 21:04:17 UTC 2018
275 ms. Memory: 278528K Free: 174506K (63%)
ptolemy.util.test.WatchDog.cancel(): canceling Sun Apr 29 21:04:17 UTC 2018
auto.tcl: Setting watchdog for 200 seconds at Sun Apr 29 21:04:17 UTC 2018
247 ms. Memory: 278528K Free: 113943K (41%)
ptolemy.util.test.WatchDog.cancel(): canceling Sun Apr 29 21:04:17 UTC 2018
------------------ testing $PTII/ptolemy/domains/de/test/auto/PeriodicSampler.xml
auto.tcl: Setting watchdog for 200 seconds at Sun Apr 29 21:04:17 UTC 2018
3 ms. Memory: 281088K Free: 265986K (95%)
ptolemy.util.test.WatchDog.cancel(): canceling Sun Apr 29 21:04:17 UTC 2018
auto.tcl: Setting watchdog for 200 seconds at Sun Apr 29 21:04:17 UTC 2018
2 ms. Memory: 281088K Free: 265986K (95%)
ptolemy.util.test.WatchDog.cancel(): canceling Sun Apr 29 21:04:17 UTC 2018
------------------ testing $PTII/ptolemy/domains/de/test/auto/PersistentIO.xml
auto.tcl: Setting watchdog for 200 seconds at Sun Apr 29 21:04:17 UTC 2018
13 ms. Memory: 278528K Free: 260622K (94%)
ptolemy.util.test.WatchDog.cancel(): canceling Sun Apr 29 21:04:17 UTC 2018
auto.tcl: Setting watchdog for 200 seconds at Sun Apr 29 21:04:17 UTC 2018
5 ms. Memory: 278528K Free: 260622K (94%)
ptolemy.util.test.WatchDog.cancel(): canceling Sun Apr 29 21:04:17 UTC 2018
------------------ testing $PTII/ptolemy/domains/de/test/auto/PortParameterResetOnInitialize.xml
auto.tcl: Setting watchdog for 200 seconds at Sun Apr 29 21:04:18 UTC 2018
5 ms. Memory: 280576K Free: 265935K (95%)
ptolemy.util.test.WatchDog.cancel(): canceling Sun Apr 29 21:04:18 UTC 2018
auto.tcl: Setting watchdog for 200 seconds at Sun Apr 29 21:04:18 UTC 2018
2 ms. Memory: 280576K Free: 265935K (95%)
ptolemy.util.test.WatchDog.cancel(): canceling Sun Apr 29 21:04:18 UTC 2018
------------------ testing $PTII/ptolemy/domains/de/test/auto/PortParameterUpdates.xml
auto.tcl: Setting watchdog for 200 seconds at Sun Apr 29 21:04:18 UTC 2018
12 ms. Memory: 278528K Free: 266088K (96%)
ptolemy.util.test.WatchDog.cancel(): canceling Sun Apr 29 21:04:18 UTC 2018
auto.tcl: Setting watchdog for 200 seconds at Sun Apr 29 21:04:18 UTC 2018
4 ms. Memory: 278528K Free: 263352K (95%)
ptolemy.util.test.WatchDog.cancel(): canceling Sun Apr 29 21:04:18 UTC 2018
------------------ testing $PTII/ptolemy/domains/de/test/auto/QueueAndServer.xml
auto.tcl: Setting watchdog for 200 seconds at Sun Apr 29 21:04:18 UTC 2018
10 ms. Memory: 280576K Free: 265250K (95%)
ptolemy.util.test.WatchDog.cancel(): canceling Sun Apr 29 21:04:18 UTC 2018
auto.tcl: Setting watchdog for 200 seconds at Sun Apr 29 21:04:18 UTC 2018
10 ms. Memory: 280576K Free: 265250K (95%)
ptolemy.util.test.WatchDog.cancel(): canceling Sun Apr 29 21:04:18 UTC 2018
------------------ testing $PTII/ptolemy/domains/de/test/auto/Records.xml
auto.tcl: Setting watchdog for 200 seconds at Sun Apr 29 21:04:18 UTC 2018
11 ms. Memory: 278528K Free: 265897K (95%)
ptolemy.util.test.WatchDog.cancel(): canceling Sun Apr 29 21:04:18 UTC 2018
auto.tcl: Setting watchdog for 200 seconds at Sun Apr 29 21:04:18 UTC 2018
5 ms. Memory: 278528K Free: 265897K (95%)
ptolemy.util.test.WatchDog.cancel(): canceling Sun Apr 29 21:04:18 UTC 2018
------------------ testing $PTII/ptolemy/domains/de/test/auto/ResetTransitionWithStartTime1.xml
auto.tcl: Setting watchdog for 200 seconds at Sun Apr 29 21:04:18 UTC 2018
10 ms. Memory: 280064K Free: 262734K (94%)
ptolemy.util.test.WatchDog.cancel(): canceling Sun Apr 29 21:04:18 UTC 2018
auto.tcl: Setting watchdog for 200 seconds at Sun Apr 29 21:04:18 UTC 2018
7 ms. Memory: 280064K Free: 259998K (93%)
ptolemy.util.test.WatchDog.cancel(): canceling Sun Apr 29 21:04:18 UTC 2018
------------------ testing $PTII/ptolemy/domains/de/test/auto/ResetTransitionWithStartTime2.xml
auto.tcl: Setting watchdog for 200 seconds at Sun Apr 29 21:04:18 UTC 2018
7 ms. Memory: 278528K Free: 261286K (94%)
ptolemy.util.test.WatchDog.cancel(): canceling Sun Apr 29 21:04:18 UTC 2018
auto.tcl: Setting watchdog for 200 seconds at Sun Apr 29 21:04:18 UTC 2018
8 ms. Memory: 278528K Free: 258534K (93%)
ptolemy.util.test.WatchDog.cancel(): canceling Sun Apr 29 21:04:18 UTC 2018
------------------ testing $PTII/ptolemy/domains/de/test/auto/ResetTransitionWithStartTime3.xml
auto.tcl: Setting watchdog for 200 seconds at Sun Apr 29 21:04:18 UTC 2018
8 ms. Memory: 280064K Free: 262585K (94%)
ptolemy.util.test.WatchDog.cancel(): canceling Sun Apr 29 21:04:18 UTC 2018
auto.tcl: Setting watchdog for 200 seconds at Sun Apr 29 21:04:18 UTC 2018
10 ms. Memory: 280064K Free: 259833K (93%)
ptolemy.util.test.WatchDog.cancel(): canceling Sun Apr 29 21:04:18 UTC 2018
------------------ testing $PTII/ptolemy/domains/de/test/auto/ResetTransitionWithStartTime4.xml
auto.tcl: Setting watchdog for 200 seconds at Sun Apr 29 21:04:18 UTC 2018
4 ms. Memory: 278528K Free: 263034K (94%)
ptolemy.util.test.WatchDog.cancel(): canceling Sun Apr 29 21:04:18 UTC 2018
auto.tcl: Setting watchdog for 200 seconds at Sun Apr 29 21:04:18 UTC 2018
3 ms. Memory: 278528K Free: 263034K (94%)
ptolemy.util.test.WatchDog.cancel(): canceling Sun Apr 29 21:04:18 UTC 2018
------------------ testing $PTII/ptolemy/domains/de/test/auto/ResettableTimer1.xml
auto.tcl: Setting watchdog for 200 seconds at Sun Apr 29 21:04:18 UTC 2018
4 ms. Memory: 280064K Free: 267301K (95%)
ptolemy.util.test.WatchDog.cancel(): canceling Sun Apr 29 21:04:18 UTC 2018
auto.tcl: Setting watchdog for 200 seconds at Sun Apr 29 21:04:18 UTC 2018
2 ms. Memory: 280064K Free: 267301K (95%)
ptolemy.util.test.WatchDog.cancel(): canceling Sun Apr 29 21:04:18 UTC 2018
------------------ testing $PTII/ptolemy/domains/de/test/auto/ResettableTimer2.xml
auto.tcl: Setting watchdog for 200 seconds at Sun Apr 29 21:04:18 UTC 2018
4 ms. Memory: 278528K Free: 265920K (95%)
ptolemy.util.test.WatchDog.cancel(): canceling Sun Apr 29 21:04:18 UTC 2018
auto.tcl: Setting watchdog for 200 seconds at Sun Apr 29 21:04:18 UTC 2018
2 ms. Memory: 278528K Free: 265920K (95%)
ptolemy.util.test.WatchDog.cancel(): canceling Sun Apr 29 21:04:18 UTC 2018
------------------ testing $PTII/ptolemy/domains/de/test/auto/ResettableTimer3.xml
auto.tcl: Setting watchdog for 200 seconds at Sun Apr 29 21:04:18 UTC 2018
1 ms. Memory: 279552K Free: 266862K (95%)
ptolemy.util.test.WatchDog.cancel(): canceling Sun Apr 29 21:04:18 UTC 2018
auto.tcl: Setting watchdog for 200 seconds at Sun Apr 29 21:04:18 UTC 2018
2 ms. Memory: 279552K Free: 266862K (95%)
ptolemy.util.test.WatchDog.cancel(): canceling Sun Apr 29 21:04:18 UTC 2018
------------------ testing $PTII/ptolemy/domains/de/test/auto/ResettableTimer4.xml
auto.tcl: Setting watchdog for 200 seconds at Sun Apr 29 21:04:18 UTC 2018
1 ms. Memory: 278528K Free: 265948K (95%)
ptolemy.util.test.WatchDog.cancel(): canceling Sun Apr 29 21:04:19 UTC 2018
auto.tcl: Setting watchdog for 200 seconds at Sun Apr 29 21:04:19 UTC 2018
2 ms. Memory: 278528K Free: 265948K (95%)
ptolemy.util.test.WatchDog.cancel(): canceling Sun Apr 29 21:04:19 UTC 2018
------------------ testing $PTII/ptolemy/domains/de/test/auto/ResettableTimer5.xml
auto.tcl: Setting watchdog for 200 seconds at Sun Apr 29 21:04:19 UTC 2018
2 ms. Memory: 279552K Free: 264983K (95%)
ptolemy.util.test.WatchDog.cancel(): canceling Sun Apr 29 21:04:19 UTC 2018
auto.tcl: Setting watchdog for 200 seconds at Sun Apr 29 21:04:19 UTC 2018
2 ms. Memory: 279552K Free: 264983K (95%)
ptolemy.util.test.WatchDog.cancel(): canceling Sun Apr 29 21:04:19 UTC 2018
------------------ testing $PTII/ptolemy/domains/de/test/auto/ResettableTimer6.xml
auto.tcl: Setting watchdog for 200 seconds at Sun Apr 29 21:04:19 UTC 2018
1 ms. Memory: 278528K Free: 263812K (95%)
ptolemy.util.test.WatchDog.cancel(): canceling Sun Apr 29 21:04:19 UTC 2018
auto.tcl: Setting watchdog for 200 seconds at Sun Apr 29 21:04:19 UTC 2018
2 ms. Memory: 278528K Free: 263812K (95%)
ptolemy.util.test.WatchDog.cancel(): canceling Sun Apr 29 21:04:19 UTC 2018
------------------ testing $PTII/ptolemy/domains/de/test/auto/ServerZeroDelay.xml
auto.tcl: Setting watchdog for 200 seconds at Sun Apr 29 21:04:19 UTC 2018
3 ms. Memory: 279552K Free: 266895K (95%)
ptolemy.util.test.WatchDog.cancel(): canceling Sun Apr 29 21:04:19 UTC 2018
auto.tcl: Setting watchdog for 200 seconds at Sun Apr 29 21:04:19 UTC 2018
2 ms. Memory: 279552K Free: 266895K (95%)
ptolemy.util.test.WatchDog.cancel(): canceling Sun Apr 29 21:04:19 UTC 2018
------------------ testing $PTII/ptolemy/domains/de/test/auto/SmartSender.xml
auto.tcl: Setting watchdog for 200 seconds at Sun Apr 29 21:04:19 UTC 2018
3002 ms. Memory: 278528K Free: 263903K (95%)
ptolemy.util.test.WatchDog.cancel(): canceling Sun Apr 29 21:04:22 UTC 2018
auto.tcl: Setting watchdog for 200 seconds at Sun Apr 29 21:04:22 UTC 2018
3002 ms. Memory: 278528K Free: 263903K (95%)
ptolemy.util.test.WatchDog.cancel(): canceling Sun Apr 29 21:04:25 UTC 2018
------------------ testing $PTII/ptolemy/domains/de/test/auto/ThreadedComposite.xml
auto.tcl: Setting watchdog for 200 seconds at Sun Apr 29 21:04:25 UTC 2018
315 ms. Memory: 279552K Free: 240841K (86%)
ptolemy.util.test.WatchDog.cancel(): canceling Sun Apr 29 21:04:25 UTC 2018
auto.tcl: Setting watchdog for 200 seconds at Sun Apr 29 21:04:25 UTC 2018
214 ms. Memory: 279552K Free: 223542K (80%)
ptolemy.util.test.WatchDog.cancel(): canceling Sun Apr 29 21:04:25 UTC 2018
------------------ testing $PTII/ptolemy/domains/de/test/auto/Time.xml
auto.tcl: Setting watchdog for 200 seconds at Sun Apr 29 21:04:25 UTC 2018
605 ms. Memory: 278528K Free: 210299K (76%)
ptolemy.util.test.WatchDog.cancel(): canceling Sun Apr 29 21:04:26 UTC 2018
auto.tcl: Setting watchdog for 200 seconds at Sun Apr 29 21:04:26 UTC 2018
554 ms. Memory: 278528K Free: 155580K (56%)
ptolemy.util.test.WatchDog.cancel(): canceling Sun Apr 29 21:04:27 UTC 2018
------------------ testing $PTII/ptolemy/domains/de/test/auto/TimeDelayZeroDelay.xml
auto.tcl: Setting watchdog for 200 seconds at Sun Apr 29 21:04:27 UTC 2018
2 ms. Memory: 279040K Free: 266770K (96%)
ptolemy.util.test.WatchDog.cancel(): canceling Sun Apr 29 21:04:27 UTC 2018
auto.tcl: Setting watchdog for 200 seconds at Sun Apr 29 21:04:27 UTC 2018
2 ms. Memory: 279040K Free: 266770K (96%)
ptolemy.util.test.WatchDog.cancel(): canceling Sun Apr 29 21:04:27 UTC 2018
------------------ testing $PTII/ptolemy/domains/de/test/auto/TimerZeroDelay.xml
auto.tcl: Setting watchdog for 200 seconds at Sun Apr 29 21:04:27 UTC 2018
4 ms. Memory: 278528K Free: 266364K (96%)
ptolemy.util.test.WatchDog.cancel(): canceling Sun Apr 29 21:04:27 UTC 2018
auto.tcl: Setting watchdog for 200 seconds at Sun Apr 29 21:04:27 UTC 2018
2 ms. Memory: 278528K Free: 266364K (96%)
ptolemy.util.test.WatchDog.cancel(): canceling Sun Apr 29 21:04:27 UTC 2018
------------------ testing $PTII/ptolemy/domains/de/test/auto/TimingParadox.xml
auto.tcl: Setting watchdog for 200 seconds at Sun Apr 29 21:04:27 UTC 2018
397 ms. Memory: 279040K Free: 197138K (71%)
ptolemy.util.test.WatchDog.cancel(): canceling Sun Apr 29 21:04:27 UTC 2018
auto.tcl: Setting watchdog for 200 seconds at Sun Apr 29 21:04:27 UTC 2018
361 ms. Memory: 279040K Free: 160098K (57%)
ptolemy.util.test.WatchDog.cancel(): canceling Sun Apr 29 21:04:28 UTC 2018
------------------ testing $PTII/ptolemy/domains/de/test/auto/TransferInputs.xml
auto.tcl: Setting watchdog for 200 seconds at Sun Apr 29 21:04:28 UTC 2018
2 ms. Memory: 279040K Free: 265770K (95%)
ptolemy.util.test.WatchDog.cancel(): canceling Sun Apr 29 21:04:28 UTC 2018
auto.tcl: Setting watchdog for 200 seconds at Sun Apr 29 21:04:28 UTC 2018
2 ms. Memory: 279040K Free: 265770K (95%)
ptolemy.util.test.WatchDog.cancel(): canceling Sun Apr 29 21:04:28 UTC 2018
------------------ testing $PTII/ptolemy/domains/de/test/auto/TransferOutputs2.xml
auto.tcl: Setting watchdog for 200 seconds at Sun Apr 29 21:04:28 UTC 2018
3 ms. Memory: 278528K Free: 261929K (94%)
ptolemy.util.test.WatchDog.cancel(): canceling Sun Apr 29 21:04:28 UTC 2018
auto.tcl: Setting watchdog for 200 seconds at Sun Apr 29 21:04:28 UTC 2018
3 ms. Memory: 278528K Free: 259438K (93%)
ptolemy.util.test.WatchDog.cancel(): canceling Sun Apr 29 21:04:28 UTC 2018
------------------ testing $PTII/ptolemy/domains/de/test/auto/Trilateration.xml
auto.tcl: Setting watchdog for 200 seconds at Sun Apr 29 21:04:28 UTC 2018
14415 ms. Memory: 365056K Free: 193904K (53%)
ptolemy.util.test.WatchDog.cancel(): canceling Sun Apr 29 21:04:44 UTC 2018
auto.tcl: Setting watchdog for 200 seconds at Sun Apr 29 21:04:44 UTC 2018
10793 ms. Memory: 249856K Free: 201177K (81%)
ptolemy.util.test.WatchDog.cancel(): canceling Sun Apr 29 21:04:54 UTC 2018
------------------ testing $PTII/ptolemy/domains/de/test/auto/TwoSigmaDelta.xml
auto.tcl: Setting watchdog for 200 seconds at Sun Apr 29 21:04:55 UTC 2018
3011 ms. Memory: 243712K Free: 105424K (43%)
ptolemy.util.test.WatchDog.cancel(): canceling Sun Apr 29 21:04:58 UTC 2018
auto.tcl: Setting watchdog for 200 seconds at Sun Apr 29 21:04:58 UTC 2018
2436 ms. Memory: 230400K Free: 162409K (70%)
ptolemy.util.test.WatchDog.cancel(): canceling Sun Apr 29 21:05:00 UTC 2018
------------------ testing $PTII/ptolemy/domains/de/test/auto/VariableDelay.xml
auto.tcl: Setting watchdog for 200 seconds at Sun Apr 29 21:05:00 UTC 2018
3 ms. Memory: 231424K Free: 218461K (94%)
ptolemy.util.test.WatchDog.cancel(): canceling Sun Apr 29 21:05:00 UTC 2018
auto.tcl: Setting watchdog for 200 seconds at Sun Apr 29 21:05:00 UTC 2018
2 ms. Memory: 231424K Free: 216364K (93%)
ptolemy.util.test.WatchDog.cancel(): canceling Sun Apr 29 21:05:00 UTC 2018
------------------ testing $PTII/ptolemy/domains/de/test/auto/VariableDelay2.xml
auto.tcl: Setting watchdog for 200 seconds at Sun Apr 29 21:05:00 UTC 2018
6 ms. Memory: 230400K Free: 217860K (95%)
ptolemy.util.test.WatchDog.cancel(): canceling Sun Apr 29 21:05:00 UTC 2018
auto.tcl: Setting watchdog for 200 seconds at Sun Apr 29 21:05:00 UTC 2018
2 ms. Memory: 230400K Free: 215756K (94%)
ptolemy.util.test.WatchDog.cancel(): canceling Sun Apr 29 21:05:00 UTC 2018
------------------ testing $PTII/ptolemy/domains/de/test/auto/VariableDelayZeroDelay.xml
auto.tcl: Setting watchdog for 200 seconds at Sun Apr 29 21:05:00 UTC 2018
3 ms. Memory: 231424K Free: 218875K (95%)
ptolemy.util.test.WatchDog.cancel(): canceling Sun Apr 29 21:05:00 UTC 2018
auto.tcl: Setting watchdog for 200 seconds at Sun Apr 29 21:05:00 UTC 2018
2 ms. Memory: 231424K Free: 218875K (95%)
ptolemy.util.test.WatchDog.cancel(): canceling Sun Apr 29 21:05:00 UTC 2018
------------------ testing $PTII/ptolemy/domains/de/test/auto/VariableDelayZeroDelay2.xml
auto.tcl: Setting watchdog for 200 seconds at Sun Apr 29 21:05:00 UTC 2018
2 ms. Memory: 230400K Free: 217841K (95%)
ptolemy.util.test.WatchDog.cancel(): canceling Sun Apr 29 21:05:00 UTC 2018
auto.tcl: Setting watchdog for 200 seconds at Sun Apr 29 21:05:00 UTC 2018
2 ms. Memory: 230400K Free: 217841K (95%)
ptolemy.util.test.WatchDog.cancel(): canceling Sun Apr 29 21:05:00 UTC 2018
------------------ testing $PTII/ptolemy/domains/de/test/auto/deInCt.xml
auto.tcl: Setting watchdog for 200 seconds at Sun Apr 29 21:05:00 UTC 2018
0
1
1
1
0
0
0
1
1
1
0
0
0
1
1
1
0
0
0
0
0
1
1
0
0
1
1
0
0
0
1
1
1
1
0
0
0
0
0
1
1
1
1
8 ms. Memory: 231424K Free: 218876K (95%)
ptolemy.util.test.WatchDog.cancel(): canceling Sun Apr 29 21:05:00 UTC 2018
auto.tcl: Setting watchdog for 200 seconds at Sun Apr 29 21:05:00 UTC 2018
0
1
1
0
0
0
1
1
1
1
0
0
0
0
1
1
1
0
0
1
1
0
0
0
1
1
1
0
0
0
0
0
0
1
1
1
1
7 ms. Memory: 231424K Free: 216772K (94%)
ptolemy.util.test.WatchDog.cancel(): canceling Sun Apr 29 21:05:00 UTC 2018
------------------ testing $PTII/ptolemy/domains/de/test/auto/deInCt2.xml
auto.tcl: Setting watchdog for 200 seconds at Sun Apr 29 21:05:01 UTC 2018
0
1
1
1
0
0
1
1
1
0
0
1
1
1
0
0
1
1
1
0
0
1
1
1
0
0
1
1
1
0
0
1
1
1
0
0
1
1
1
0
0
0
17 ms. Memory: 230400K Free: 217852K (95%)
ptolemy.util.test.WatchDog.cancel(): canceling Sun Apr 29 21:05:01 UTC 2018
auto.tcl: Setting watchdog for 200 seconds at Sun Apr 29 21:05:01 UTC 2018
0
1
1
1
0
0
1
1
1
0
0
1
1
1
0
0
1
1
1
0
0
1
1
1
0
0
1
1
1
0
0
1
1
1
0
0
1
1
1
0
0
0
5 ms. Memory: 230400K Free: 215748K (94%)
ptolemy.util.test.WatchDog.cancel(): canceling Sun Apr 29 21:05:01 UTC 2018
------------------ testing $PTII/ptolemy/domains/de/test/auto/dynamicCausalityInterface1.xml
auto.tcl: Setting watchdog for 200 seconds at Sun Apr 29 21:05:01 UTC 2018
1 ms. Memory: 230912K Free: 213579K (92%)
ptolemy.util.test.WatchDog.cancel(): canceling Sun Apr 29 21:05:01 UTC 2018
auto.tcl: Setting watchdog for 200 seconds at Sun Apr 29 21:05:01 UTC 2018
1 ms. Memory: 230912K Free: 213579K (92%)
ptolemy.util.test.WatchDog.cancel(): canceling Sun Apr 29 21:05:01 UTC 2018
------------------ testing $PTII/ptolemy/domains/de/test/auto/fsm_de_test.xml
auto.tcl: Setting watchdog for 200 seconds at Sun Apr 29 21:05:01 UTC 2018
18 ms. Memory: 230400K Free: 213536K (93%)
ptolemy.util.test.WatchDog.cancel(): canceling Sun Apr 29 21:05:01 UTC 2018
auto.tcl: Setting watchdog for 200 seconds at Sun Apr 29 21:05:01 UTC 2018
7 ms. Memory: 230400K Free: 211448K (92%)
ptolemy.util.test.WatchDog.cancel(): canceling Sun Apr 29 21:05:01 UTC 2018
------------------ testing $PTII/ptolemy/domains/de/test/auto/functionDependencyReconstruction.xml
auto.tcl: Setting watchdog for 200 seconds at Sun Apr 29 21:05:01 UTC 2018
3 ms. Memory: 230912K Free: 205692K (89%)
ptolemy.util.test.WatchDog.cancel(): canceling Sun Apr 29 21:05:01 UTC 2018
auto.tcl: Setting watchdog for 200 seconds at Sun Apr 29 21:05:01 UTC 2018
2 ms. Memory: 230912K Free: 203604K (88%)
ptolemy.util.test.WatchDog.cancel(): canceling Sun Apr 29 21:05:01 UTC 2018
------------------ testing $PTII/ptolemy/domains/de/test/auto/multirate.xml
auto.tcl: Setting watchdog for 200 seconds at Sun Apr 29 21:05:01 UTC 2018
3 ms. Memory: 230400K Free: 216998K (94%)
ptolemy.util.test.WatchDog.cancel(): canceling Sun Apr 29 21:05:01 UTC 2018
auto.tcl: Setting watchdog for 200 seconds at Sun Apr 29 21:05:01 UTC 2018
3 ms. Memory: 230400K Free: 214893K (93%)
ptolemy.util.test.WatchDog.cancel(): canceling Sun Apr 29 21:05:01 UTC 2018
------------------ testing $PTII/ptolemy/domains/de/test/auto/multirate2.xml
auto.tcl: Setting watchdog for 200 seconds at Sun Apr 29 21:05:01 UTC 2018
3 ms. Memory: 230912K Free: 216208K (94%)
ptolemy.util.test.WatchDog.cancel(): canceling Sun Apr 29 21:05:01 UTC 2018
auto.tcl: Setting watchdog for 200 seconds at Sun Apr 29 21:05:01 UTC 2018
3 ms. Memory: 230912K Free: 214104K (93%)
ptolemy.util.test.WatchDog.cancel(): canceling Sun Apr 29 21:05:01 UTC 2018
------------------ testing $PTII/ptolemy/domains/de/test/auto/realtime.xml
auto.tcl: Setting watchdog for 200 seconds at Sun Apr 29 21:05:01 UTC 2018
10002 ms. Memory: 230400K Free: 217781K (95%)
ptolemy.util.test.WatchDog.cancel(): canceling Sun Apr 29 21:05:11 UTC 2018
auto.tcl: Setting watchdog for 200 seconds at Sun Apr 29 21:05:11 UTC 2018
10001 ms. Memory: 230400K Free: 215677K (94%)
ptolemy.util.test.WatchDog.cancel(): canceling Sun Apr 29 21:05:21 UTC 2018
------------------ testing $PTII/ptolemy/domains/de/test/auto/relationGroup.xml
auto.tcl: Setting watchdog for 200 seconds at Sun Apr 29 21:05:21 UTC 2018
2 ms. Memory: 230912K Free: 218321K (95%)
ptolemy.util.test.WatchDog.cancel(): canceling Sun Apr 29 21:05:21 UTC 2018
auto.tcl: Setting watchdog for 200 seconds at Sun Apr 29 21:05:21 UTC 2018
1 ms. Memory: 230912K Free: 218321K (95%)
ptolemy.util.test.WatchDog.cancel(): canceling Sun Apr 29 21:05:21 UTC 2018
------------------ testing $PTII/ptolemy/domains/de/test/auto/relationGroup2.xml
auto.tcl: Setting watchdog for 200 seconds at Sun Apr 29 21:05:21 UTC 2018
4 ms. Memory: 230400K Free: 217835K (95%)
ptolemy.util.test.WatchDog.cancel(): canceling Sun Apr 29 21:05:21 UTC 2018
auto.tcl: Setting watchdog for 200 seconds at Sun Apr 29 21:05:21 UTC 2018
1 ms. Memory: 230400K Free: 217835K (95%)
ptolemy.util.test.WatchDog.cancel(): canceling Sun Apr 29 21:05:21 UTC 2018
------------------ testing $PTII/ptolemy/domains/de/test/auto/sortWithOpaquePorts.xml
auto.tcl: Setting watchdog for 200 seconds at Sun Apr 29 21:05:21 UTC 2018
2 ms. Memory: 230912K Free: 218348K (95%)
ptolemy.util.test.WatchDog.cancel(): canceling Sun Apr 29 21:05:21 UTC 2018
auto.tcl: Setting watchdog for 200 seconds at Sun Apr 29 21:05:21 UTC 2018
1 ms. Memory: 230912K Free: 216260K (94%)
ptolemy.util.test.WatchDog.cancel(): canceling Sun Apr 29 21:05:21 UTC 2018
------------------ testing $PTII/ptolemy/domains/de/test/auto/transferInputsandOutputs.xml
auto.tcl: Setting watchdog for 200 seconds at Sun Apr 29 21:05:21 UTC 2018
2 ms. Memory: 230400K Free: 215743K (94%)
ptolemy.util.test.WatchDog.cancel(): canceling Sun Apr 29 21:05:21 UTC 2018
auto.tcl: Setting watchdog for 200 seconds at Sun Apr 29 21:05:21 UTC 2018
2 ms. Memory: 230400K Free: 213655K (93%)
ptolemy.util.test.WatchDog.cancel(): canceling Sun Apr 29 21:05:21 UTC 2018
------------------ testing $PTII/ptolemy/domains/de/test/auto/triggerType.xml
auto.tcl: Setting watchdog for 200 seconds at Sun Apr 29 21:05:21 UTC 2018
2 ms. Memory: 230912K Free: 218284K (95%)
ptolemy.util.test.WatchDog.cancel(): canceling Sun Apr 29 21:05:21 UTC 2018
auto.tcl: Setting watchdog for 200 seconds at Sun Apr 29 21:05:21 UTC 2018
2 ms. Memory: 230912K Free: 216196K (94%)
ptolemy.util.test.WatchDog.cancel(): canceling Sun Apr 29 21:05:21 UTC 2018
04/29/18 09:05:21
Failed: 0  Total Tests: 192  ((Passed: 187, Newly Passed: 1)  Known Failed: 5) /home/travis/build/icyphy/ptII/ptolemy/domains/de/test
04/29/18 09:05:21
Failed: 0  Total Tests: 192  ((Passed: 187, Newly Passed: 1)  Known Failed: 5) /home/travis/build/icyphy/ptII/ptolemy/domains/de/test
----------------- testing (KnownFailure) /home/travis/build/icyphy/ptII/ptolemy/domains/de/test/auto/knownFailedTests/DESDFClockTest.xml
2016 ms. Memory: 230400K Free: 210974K (92%)
Known Failure: java.lang.reflect.InvocationTargetException
----------------- testing (KnownFailure) /home/travis/build/icyphy/ptII/ptolemy/domains/de/test/auto/knownFailedTests/DirectFeedback.xml
1 ms. Memory: 230400K Free: 199055K (86%)
Known Failure: java.lang.reflect.InvocationTargetException
----------------- testing (KnownFailure) /home/travis/build/icyphy/ptII/ptolemy/domains/de/test/auto/knownFailedTests/FSMSource.xml
5 ms. Memory: 230400K Free: 184139K (80%)
----------------- testing (KnownFailure) /home/travis/build/icyphy/ptII/ptolemy/domains/de/test/auto/knownFailedTests/HierarchicalModel.xml
2 ms. Memory: 230400K Free: 163245K (71%)
Known Failure: java.lang.reflect.InvocationTargetException
----------------- testing (KnownFailure) /home/travis/build/icyphy/ptII/ptolemy/domains/de/test/auto/knownFailedTests/dependencyLoop.xml
1 ms. Memory: 230400K Free: 139406K (61%)
Known Failure: java.lang.reflect.InvocationTargetException
----------------- testing (KnownFailure) /home/travis/build/icyphy/ptII/ptolemy/domains/de/test/auto/knownFailedTests/dependencyLoop2.xml
3 ms. Memory: 230400K Free: 115535K (50%)
Known Failure: java.lang.reflect.InvocationTargetException
No auto/*.xml tests in /home/travis/build/icyphy/ptII/ptolemy/domains/de/test
AutoTests.java: About to close Vertx.
AutoTests.java: Vertx closed.
----------------- testing Sun Apr 29 21:05:24 UTC 2018 /home/travis/build/icyphy/ptII/ptolemy/domains/de/test/auto/ActorDepthCalculation_actorWithoutPorts.xml
2 ms. Memory: 230400K Free: 97648K (42%)
reloadAllAccessors: .ActorDepthCalculation_actorWithoutPorts
----------------- testing Sun Apr 29 21:05:24 UTC 2018 /home/travis/build/icyphy/ptII/ptolemy/domains/de/test/auto/AssemblyLine.xml
2 ms. Memory: 230400K Free: 85728K (37%)
reloadAllAccessors: .AssemblyLine
----------------- testing Sun Apr 29 21:05:24 UTC 2018 /home/travis/build/icyphy/ptII/ptolemy/domains/de/test/auto/CQBug1.xml
1 ms. Memory: 230400K Free: 77680K (34%)
reloadAllAccessors: .CQBug1
----------------- testing Sun Apr 29 21:05:24 UTC 2018 /home/travis/build/icyphy/ptII/ptolemy/domains/de/test/auto/CancelFireAt.xml
9 ms. Memory: 224256K Free: 215610K (96%)
reloadAllAccessors: .CancelFireAt
----------------- testing Sun Apr 29 21:05:24 UTC 2018 /home/travis/build/icyphy/ptII/ptolemy/domains/de/test/auto/CausalityAndComposabilityAnalysis.xml
1 ms. Memory: 224256K Free: 208564K (93%)
reloadAllAccessors: .CausalityAndComposabilityAnalysis
----------------- testing Sun Apr 29 21:05:24 UTC 2018 /home/travis/build/icyphy/ptII/ptolemy/domains/de/test/auto/CausalityInterface1.xml
3 ms. Memory: 224256K Free: 202834K (90%)
reloadAllAccessors: .CausalityInterface1
----------------- testing Sun Apr 29 21:05:24 UTC 2018 /home/travis/build/icyphy/ptII/ptolemy/domains/de/test/auto/CausalityInterface15.xml
1 ms. Memory: 224256K Free: 194344K (87%)
reloadAllAccessors: .CausalityInterface15
----------------- testing Sun Apr 29 21:05:24 UTC 2018 /home/travis/build/icyphy/ptII/ptolemy/domains/de/test/auto/CausalityInterface2.xml
0 ms. Memory: 224256K Free: 188622K (84%)
reloadAllAccessors: .CausalityInterface2
----------------- testing Sun Apr 29 21:05:24 UTC 2018 /home/travis/build/icyphy/ptII/ptolemy/domains/de/test/auto/CausalityInterface3.xml
1 ms. Memory: 224256K Free: 181471K (81%)
reloadAllAccessors: .CausalityInterface3
----------------- testing Sun Apr 29 21:05:24 UTC 2018 /home/travis/build/icyphy/ptII/ptolemy/domains/de/test/auto/ClockDrift.xml
9 ms. Memory: 224256K Free: 165806K (74%)
reloadAllAccessors: .ClockDrift
----------------- testing Sun Apr 29 21:05:24 UTC 2018 /home/travis/build/icyphy/ptII/ptolemy/domains/de/test/auto/ClockDriftAndValueChange.xml
8 ms. Memory: 224256K Free: 151481K (68%)
reloadAllAccessors: .ClockDriftAndValueChange
----------------- testing Sun Apr 29 21:05:24 UTC 2018 /home/travis/build/icyphy/ptII/ptolemy/domains/de/test/auto/ClockDriftChange.xml
7 ms. Memory: 224256K Free: 140013K (62%)
reloadAllAccessors: .ClockDriftChange
----------------- testing Sun Apr 29 21:05:24 UTC 2018 /home/travis/build/icyphy/ptII/ptolemy/domains/de/test/auto/ComposableCausalityAnalysis.xml
0 ms. Memory: 224256K Free: 131539K (59%)
reloadAllAccessors: .ComposableCausalityAnalysis
----------------- testing Sun Apr 29 21:05:24 UTC 2018 /home/travis/build/icyphy/ptII/ptolemy/domains/de/test/auto/DEFixedPointLimitation.xml
1 ms. Memory: 224256K Free: 125809K (56%)
reloadAllAccessors: .DEFixedPointLimitation
----------------- testing Sun Apr 29 21:05:24 UTC 2018 /home/travis/build/icyphy/ptII/ptolemy/domains/de/test/auto/DEScheduleTest.xml
1 ms. Memory: 224256K Free: 120095K (54%)
reloadAllAccessors: .DEScheduleTest
----------------- testing Sun Apr 29 21:05:24 UTC 2018 /home/travis/build/icyphy/ptII/ptolemy/domains/de/test/auto/DEinDEwithStartTimes.xml
1 ms. Memory: 224256K Free: 111613K (50%)
reloadAllAccessors: .DEinDEwithStartTimes
----------------- testing Sun Apr 29 21:05:24 UTC 2018 /home/travis/build/icyphy/ptII/ptolemy/domains/de/test/auto/DEinDEwithStartTimes2.xml
2 ms. Memory: 224256K Free: 104446K (47%)
reloadAllAccessors: .DEinDEwithStartTimes2
----------------- testing Sun Apr 29 21:05:24 UTC 2018 /home/travis/build/icyphy/ptII/ptolemy/domains/de/test/auto/DateDemo.xml
4 ms. Memory: 224256K Free: 90111K (40%)
reloadAllAccessors: .DateDemo
----------------- testing Sun Apr 29 21:05:24 UTC 2018 /home/travis/build/icyphy/ptII/ptolemy/domains/de/test/auto/DateToEvent.xml
2003 ms. Memory: 218624K Free: 206824K (95%)
reloadAllAccessors: .DateToEvent
[...]
java.lang.RuntimeException: Execution failed
	at ptolemy.moml.MoMLSimpleApplication$UnloadThread.run(MoMLSimpleApplication.java:402)
Caused by: ptolemy.kernel.util.IllegalActionException: Test fails in iteration 1.
Value was: 1.0. Should have been: 2.0
  in .DirectFeedback.Test
	at ptolemy.actor.lib.Test.fire(Test.java:268)
	at ptolemy.domains.de.kernel.DEDirector._fire(DEDirector.java:1948)
	at ptolemy.domains.de.kernel.DEDirector.fire(DEDirector.java:502)
	at ptolemy.actor.CompositeActor.fire(CompositeActor.java:455)
	at ptolemy.actor.Manager.iterate(Manager.java:851)
	at ptolemy.actor.Manager.execute(Manager.java:369)
	at ptolemy.actor.Manager.run(Manager.java:1263)
	at ptolemy.actor.Manager$PtolemyRunThread.run(Manager.java:1915)
java.lang.RuntimeException: Execution failed
	at ptolemy.moml.MoMLSimpleApplication$UnloadThread.run(MoMLSimpleApplication.java:402)
Caused by: ptolemy.kernel.util.IllegalActionException: Actor is not ready to fire.  Perhaps UpSample.prefire() returned false? Try debugging the actor by selecting "Listen to Actor".  Also, for SDF check moml for tokenConsumptionRate on input.
  in .DESDFClockTest.Play Bell.Copy1:SDF Director and .DESDFClockTest.Play Bell.UpSample
	at ptolemy.actor.sched.StaticSchedulingDirector.fire(StaticSchedulingDirector.java:227)
	at ptolemy.domains.sdf.kernel.SDFDirector.fire(SDFDirector.java:500)
	at ptolemy.actor.CompositeActor.fire(CompositeActor.java:455)
	at ptolemy.domains.de.kernel.DEDirector._fire(DEDirector.java:1948)
	at ptolemy.domains.de.kernel.DEDirector.fire(DEDirector.java:502)
	at ptolemy.actor.CompositeActor.fire(CompositeActor.java:455)
	at ptolemy.actor.Manager.iterate(Manager.java:851)
	at ptolemy.actor.Manager.execute(Manager.java:369)
	at ptolemy.actor.Manager.run(Manager.java:1263)
	at ptolemy.actor.Manager$PtolemyRunThread.run(Manager.java:1915)
java.lang.reflect.InvocationTargetException
	at sun.reflect.NativeConstructorAccessorImpl.newInstance0(Native Method)
	at sun.reflect.NativeConstructorAccessorImpl.newInstance(NativeConstructorAccessorImpl.java:62)
	at sun.reflect.DelegatingConstructorAccessorImpl.newInstance(DelegatingConstructorAccessorImpl.java:45)
	at java.lang.reflect.Constructor.newInstance(Constructor.java:423)
	at ptolemy.util.test.junit.AutoKnownFailedTests.RunModel(AutoKnownFailedTests.java:107)
	at sun.reflect.NativeMethodAccessorImpl.invoke0(Native Method)
	at sun.reflect.NativeMethodAccessorImpl.invoke(NativeMethodAccessorImpl.java:62)
	at sun.reflect.DelegatingMethodAccessorImpl.invoke(DelegatingMethodAccessorImpl.java:43)
	at java.lang.reflect.Method.invoke(Method.java:498)
	at org.junit.runners.model.FrameworkMethod$1.runReflectiveCall(FrameworkMethod.java:44)
	at org.junit.internal.runners.model.ReflectiveCallable.run(ReflectiveCallable.java:15)
	at org.junit.runners.model.FrameworkMethod.invokeExplosively(FrameworkMethod.java:41)
	at junitparams.internal.InvokeParameterisedMethod.evaluate(InvokeParameterisedMethod.java:102)
	at org.junit.internal.runners.statements.FailOnTimeout$1.run(FailOnTimeout.java:28)
Caused by: ptolemy.kernel.util.IllegalActionException: Actor is not ready to fire.  Perhaps UpSample.prefire() returned false? Try debugging the actor by selecting "Listen to Actor".  Also, for SDF check moml for tokenConsumptionRate on input.
  in .DESDFClockTest.Play Bell.Copy1:SDF Director and .DESDFClockTest.Play Bell.UpSample
	at ptolemy.actor.sched.StaticSchedulingDirector.fire(StaticSchedulingDirector.java:227)
	at ptolemy.domains.sdf.kernel.SDFDirector.fire(SDFDirector.java:500)
	at ptolemy.actor.CompositeActor.fire(CompositeActor.java:455)
	at ptolemy.domains.de.kernel.DEDirector._fire(DEDirector.java:1948)
	at ptolemy.domains.de.kernel.DEDirector.fire(DEDirector.java:502)
	at ptolemy.actor.CompositeActor.fire(CompositeActor.java:455)
	at ptolemy.actor.Manager.iterate(Manager.java:851)
	at ptolemy.actor.Manager.execute(Manager.java:369)
	at ptolemy.actor.Manager.run(Manager.java:1263)
	at ptolemy.actor.Manager$PtolemyRunThread.run(Manager.java:1915)
java.lang.RuntimeException: Execution failed
	at ptolemy.moml.MoMLSimpleApplication$UnloadThread.run(MoMLSimpleApplication.java:402)
Caused by: ptolemy.kernel.util.IllegalActionException: Test fails in iteration 1.
Value was: 1.0. Should have been: 2.0
  in .DirectFeedback.Test
	at ptolemy.actor.lib.Test.fire(Test.java:268)
	at ptolemy.domains.de.kernel.DEDirector._fire(DEDirector.java:1948)
	at ptolemy.domains.de.kernel.DEDirector.fire(DEDirector.java:502)
	at ptolemy.actor.CompositeActor.fire(CompositeActor.java:455)
	at ptolemy.actor.Manager.iterate(Manager.java:851)
	at ptolemy.actor.Manager.execute(Manager.java:369)
	at ptolemy.actor.Manager.run(Manager.java:1263)
	at ptolemy.actor.Manager$PtolemyRunThread.run(Manager.java:1915)
java.lang.reflect.InvocationTargetException
	at sun.reflect.NativeConstructorAccessorImpl.newInstance0(Native Method)
	at sun.reflect.NativeConstructorAccessorImpl.newInstance(NativeConstructorAccessorImpl.java:62)
	at sun.reflect.DelegatingConstructorAccessorImpl.newInstance(DelegatingConstructorAccessorImpl.java:45)
	at java.lang.reflect.Constructor.newInstance(Constructor.java:423)
	at ptolemy.util.test.junit.AutoKnownFailedTests.RunModel(AutoKnownFailedTests.java:107)
	at sun.reflect.NativeMethodAccessorImpl.invoke0(Native Method)
	at sun.reflect.NativeMethodAccessorImpl.invoke(NativeMethodAccessorImpl.java:62)
	at sun.reflect.DelegatingMethodAccessorImpl.invoke(DelegatingMethodAccessorImpl.java:43)
	at java.lang.reflect.Method.invoke(Method.java:498)
	at org.junit.runners.model.FrameworkMethod$1.runReflectiveCall(FrameworkMethod.java:44)
	at org.junit.internal.runners.model.ReflectiveCallable.run(ReflectiveCallable.java:15)
	at org.junit.runners.model.FrameworkMethod.invokeExplosively(FrameworkMethod.java:41)
	at junitparams.internal.InvokeParameterisedMethod.evaluate(InvokeParameterisedMethod.java:102)
	at org.junit.internal.runners.statements.FailOnTimeout$1.run(FailOnTimeout.java:28)
Caused by: ptolemy.kernel.util.IllegalActionException: Test fails in iteration 1.
Value was: 1.0. Should have been: 2.0
  in .DirectFeedback.Test
	at ptolemy.actor.lib.Test.fire(Test.java:268)
	at ptolemy.domains.de.kernel.DEDirector._fire(DEDirector.java:1948)
	at ptolemy.domains.de.kernel.DEDirector.fire(DEDirector.java:502)
	at ptolemy.actor.CompositeActor.fire(CompositeActor.java:455)
	at ptolemy.actor.Manager.iterate(Manager.java:851)
	at ptolemy.actor.Manager.execute(Manager.java:369)
	at ptolemy.actor.Manager.run(Manager.java:1263)
	at ptolemy.actor.Manager$PtolemyRunThread.run(Manager.java:1915)
java.lang.RuntimeException: Execution failed
	at ptolemy.moml.MoMLSimpleApplication$UnloadThread.run(MoMLSimpleApplication.java:402)
Caused by: ptolemy.kernel.util.IllegalActionException: Found a zero delay loop containing .HierarchicalModel.A
  in .HierarchicalModel and .HierarchicalModel.A
	at ptolemy.actor.util.CausalityInterfaceForComposites._computeOutputPortDepth(CausalityInterfaceForComposites.java:759)
	at ptolemy.actor.util.CausalityInterfaceForComposites._computeInputDepth(CausalityInterfaceForComposites.java:696)
	at ptolemy.actor.util.CausalityInterfaceForComposites._computeOutputPortDepth(CausalityInterfaceForComposites.java:765)
	at ptolemy.actor.util.CausalityInterfaceForComposites._computeInputDepth(CausalityInterfaceForComposites.java:696)
	at ptolemy.actor.util.CausalityInterfaceForComposites._computeOutputPortDepth(CausalityInterfaceForComposites.java:765)
	at ptolemy.actor.util.CausalityInterfaceForComposites._computeInputDepth(CausalityInterfaceForComposites.java:696)
	at ptolemy.actor.util.CausalityInterfaceForComposites._computeActorDepth(CausalityInterfaceForComposites.java:532)
	at ptolemy.actor.util.CausalityInterfaceForComposites.checkForCycles(CausalityInterfaceForComposites.java:96)
	at ptolemy.domains.de.kernel.DEDirector.preinitialize(DEDirector.java:1337)
	at ptolemy.actor.CompositeActor.preinitialize(CompositeActor.java:1828)
	at ptolemy.actor.Manager.preinitializeAndResolveTypes(Manager.java:1040)
	at ptolemy.actor.Manager.initialize(Manager.java:710)
	at ptolemy.actor.Manager.execute(Manager.java:356)
	at ptolemy.actor.Manager.run(Manager.java:1263)
	at ptolemy.actor.Manager$PtolemyRunThread.run(Manager.java:1915)
java.lang.reflect.InvocationTargetException
	at sun.reflect.NativeConstructorAccessorImpl.newInstance0(Native Method)
	at sun.reflect.NativeConstructorAccessorImpl.newInstance(NativeConstructorAccessorImpl.java:62)
	at sun.reflect.DelegatingConstructorAccessorImpl.newInstance(DelegatingConstructorAccessorImpl.java:45)
	at java.lang.reflect.Constructor.newInstance(Constructor.java:423)
	at ptolemy.util.test.junit.AutoKnownFailedTests.RunModel(AutoKnownFailedTests.java:107)
	at sun.reflect.NativeMethodAccessorImpl.invoke0(Native Method)
	at sun.reflect.NativeMethodAccessorImpl.invoke(NativeMethodAccessorImpl.java:62)
	at sun.reflect.DelegatingMethodAccessorImpl.invoke(DelegatingMethodAccessorImpl.java:43)
	at java.lang.reflect.Method.invoke(Method.java:498)
	at org.junit.runners.model.FrameworkMethod$1.runReflectiveCall(FrameworkMethod.java:44)
	at org.junit.internal.runners.model.ReflectiveCallable.run(ReflectiveCallable.java:15)
	at org.junit.runners.model.FrameworkMethod.invokeExplosively(FrameworkMethod.java:41)
	at junitparams.internal.InvokeParameterisedMethod.evaluate(InvokeParameterisedMethod.java:102)
	at org.junit.internal.runners.statements.FailOnTimeout$1.run(FailOnTimeout.java:28)
Caused by: ptolemy.kernel.util.IllegalActionException: Found a zero delay loop containing .HierarchicalModel.A
  in .HierarchicalModel and .HierarchicalModel.A
	at ptolemy.actor.util.CausalityInterfaceForComposites._computeOutputPortDepth(CausalityInterfaceForComposites.java:759)
	at ptolemy.actor.util.CausalityInterfaceForComposites._computeInputDepth(CausalityInterfaceForComposites.java:696)
	at ptolemy.actor.util.CausalityInterfaceForComposites._computeOutputPortDepth(CausalityInterfaceForComposites.java:765)
	at ptolemy.actor.util.CausalityInterfaceForComposites._computeInputDepth(CausalityInterfaceForComposites.java:696)
	at ptolemy.actor.util.CausalityInterfaceForComposites._computeOutputPortDepth(CausalityInterfaceForComposites.java:765)
	at ptolemy.actor.util.CausalityInterfaceForComposites._computeInputDepth(CausalityInterfaceForComposites.java:696)
	at ptolemy.actor.util.CausalityInterfaceForComposites._computeActorDepth(CausalityInterfaceForComposites.java:532)
	at ptolemy.actor.util.CausalityInterfaceForComposites.checkForCycles(CausalityInterfaceForComposites.java:96)
	at ptolemy.domains.de.kernel.DEDirector.preinitialize(DEDirector.java:1337)
	at ptolemy.actor.CompositeActor.preinitialize(CompositeActor.java:1828)
	at ptolemy.actor.Manager.preinitializeAndResolveTypes(Manager.java:1040)
	at ptolemy.actor.Manager.initialize(Manager.java:710)
	at ptolemy.actor.Manager.execute(Manager.java:356)
	at ptolemy.actor.Manager.run(Manager.java:1263)
	at ptolemy.actor.Manager$PtolemyRunThread.run(Manager.java:1915)
java.lang.RuntimeException: Execution failed
	at ptolemy.moml.MoMLSimpleApplication$UnloadThread.run(MoMLSimpleApplication.java:402)
Caused by: ptolemy.kernel.util.IllegalActionException: Found a zero delay loop containing .dependencyLoop.original
  in .dependencyLoop and .dependencyLoop.original
	at ptolemy.actor.util.CausalityInterfaceForComposites._computeOutputPortDepth(CausalityInterfaceForComposites.java:759)
	at ptolemy.actor.util.CausalityInterfaceForComposites._computeInputDepth(CausalityInterfaceForComposites.java:696)
	at ptolemy.actor.util.CausalityInterfaceForComposites._computeOutputPortDepth(CausalityInterfaceForComposites.java:765)
	at ptolemy.actor.util.CausalityInterfaceForComposites._computeInputDepth(CausalityInterfaceForComposites.java:696)
	at ptolemy.actor.util.CausalityInterfaceForComposites._computeOutputPortDepth(CausalityInterfaceForComposites.java:765)
	at ptolemy.actor.util.CausalityInterfaceForComposites._computeInputDepth(CausalityInterfaceForComposites.java:696)
	at ptolemy.actor.util.CausalityInterfaceForComposites._computeActorDepth(CausalityInterfaceForComposites.java:532)
	at ptolemy.actor.util.CausalityInterfaceForComposites.checkForCycles(CausalityInterfaceForComposites.java:96)
	at ptolemy.domains.de.kernel.DEDirector.preinitialize(DEDirector.java:1337)
	at ptolemy.actor.CompositeActor.preinitialize(CompositeActor.java:1828)
	at ptolemy.actor.Manager.preinitializeAndResolveTypes(Manager.java:1040)
	at ptolemy.actor.Manager.initialize(Manager.java:710)
	at ptolemy.actor.Manager.execute(Manager.java:356)
	at ptolemy.actor.Manager.run(Manager.java:1263)
	at ptolemy.actor.Manager$PtolemyRunThread.run(Manager.java:1915)
java.lang.reflect.InvocationTargetException
	at sun.reflect.NativeConstructorAccessorImpl.newInstance0(Native Method)
	at sun.reflect.NativeConstructorAccessorImpl.newInstance(NativeConstructorAccessorImpl.java:62)
	at sun.reflect.DelegatingConstructorAccessorImpl.newInstance(DelegatingConstructorAccessorImpl.java:45)
	at java.lang.reflect.Constructor.newInstance(Constructor.java:423)
	at ptolemy.util.test.junit.AutoKnownFailedTests.RunModel(AutoKnownFailedTests.java:107)
	at sun.reflect.NativeMethodAccessorImpl.invoke0(Native Method)
	at sun.reflect.NativeMethodAccessorImpl.invoke(NativeMethodAccessorImpl.java:62)
	at sun.reflect.DelegatingMethodAccessorImpl.invoke(DelegatingMethodAccessorImpl.java:43)
	at java.lang.reflect.Method.invoke(Method.java:498)
	at org.junit.runners.model.FrameworkMethod$1.runReflectiveCall(FrameworkMethod.java:44)
	at org.junit.internal.runners.model.ReflectiveCallable.run(ReflectiveCallable.java:15)
	at org.junit.runners.model.FrameworkMethod.invokeExplosively(FrameworkMethod.java:41)
	at junitparams.internal.InvokeParameterisedMethod.evaluate(InvokeParameterisedMethod.java:102)
	at org.junit.internal.runners.statements.FailOnTimeout$1.run(FailOnTimeout.java:28)
Caused by: ptolemy.kernel.util.IllegalActionException: Found a zero delay loop containing .dependencyLoop.original
  in .dependencyLoop and .dependencyLoop.original
	at ptolemy.actor.util.CausalityInterfaceForComposites._computeOutputPortDepth(CausalityInterfaceForComposites.java:759)
	at ptolemy.actor.util.CausalityInterfaceForComposites._computeInputDepth(CausalityInterfaceForComposites.java:696)
	at ptolemy.actor.util.CausalityInterfaceForComposites._computeOutputPortDepth(CausalityInterfaceForComposites.java:765)
	at ptolemy.actor.util.CausalityInterfaceForComposites._computeInputDepth(CausalityInterfaceForComposites.java:696)
	at ptolemy.actor.util.CausalityInterfaceForComposites._computeOutputPortDepth(CausalityInterfaceForComposites.java:765)
	at ptolemy.actor.util.CausalityInterfaceForComposites._computeInputDepth(CausalityInterfaceForComposites.java:696)
	at ptolemy.actor.util.CausalityInterfaceForComposites._computeActorDepth(CausalityInterfaceForComposites.java:532)
	at ptolemy.actor.util.CausalityInterfaceForComposites.checkForCycles(CausalityInterfaceForComposites.java:96)
	at ptolemy.domains.de.kernel.DEDirector.preinitialize(DEDirector.java:1337)
	at ptolemy.actor.CompositeActor.preinitialize(CompositeActor.java:1828)
	at ptolemy.actor.Manager.preinitializeAndResolveTypes(Manager.java:1040)
	at ptolemy.actor.Manager.initialize(Manager.java:710)
	at ptolemy.actor.Manager.execute(Manager.java:356)
	at ptolemy.actor.Manager.run(Manager.java:1263)
	at ptolemy.actor.Manager$PtolemyRunThread.run(Manager.java:1915)
java.lang.RuntimeException: Execution failed
	at ptolemy.moml.MoMLSimpleApplication$UnloadThread.run(MoMLSimpleApplication.java:402)
Caused by: ptolemy.kernel.util.IllegalActionException: Found a zero delay loop containing .dependencyLoop2.original
  in .dependencyLoop2 and .dependencyLoop2.original
	at ptolemy.actor.util.CausalityInterfaceForComposites._computeOutputPortDepth(CausalityInterfaceForComposites.java:759)
	at ptolemy.actor.util.CausalityInterfaceForComposites._computeInputDepth(CausalityInterfaceForComposites.java:696)
	at ptolemy.actor.util.CausalityInterfaceForComposites._computeOutputPortDepth(CausalityInterfaceForComposites.java:765)
	at ptolemy.actor.util.CausalityInterfaceForComposites._computeInputDepth(CausalityInterfaceForComposites.java:696)
	at ptolemy.actor.util.CausalityInterfaceForComposites._computeOutputPortDepth(CausalityInterfaceForComposites.java:765)
	at ptolemy.actor.util.CausalityInterfaceForComposites._computeInputDepth(CausalityInterfaceForComposites.java:696)
	at ptolemy.actor.util.CausalityInterfaceForComposites._computeActorDepth(CausalityInterfaceForComposites.java:532)
	at ptolemy.actor.util.CausalityInterfaceForComposites.checkForCycles(CausalityInterfaceForComposites.java:96)
	at ptolemy.domains.de.kernel.DEDirector.preinitialize(DEDirector.java:1337)
	at ptolemy.actor.CompositeActor.preinitialize(CompositeActor.java:1828)
	at ptolemy.actor.Manager.preinitializeAndResolveTypes(Manager.java:1040)
	at ptolemy.actor.Manager.initialize(Manager.java:710)
	at ptolemy.actor.Manager.execute(Manager.java:356)
	at ptolemy.actor.Manager.run(Manager.java:1263)
	at ptolemy.actor.Manager$PtolemyRunThread.run(Manager.java:1915)
java.lang.reflect.InvocationTargetException
	at sun.reflect.NativeConstructorAccessorImpl.newInstance0(Native Method)
	at sun.reflect.NativeConstructorAccessorImpl.newInstance(NativeConstructorAccessorImpl.java:62)
	at sun.reflect.DelegatingConstructorAccessorImpl.newInstance(DelegatingConstructorAccessorImpl.java:45)
	at java.lang.reflect.Constructor.newInstance(Constructor.java:423)
	at ptolemy.util.test.junit.AutoKnownFailedTests.RunModel(AutoKnownFailedTests.java:107)
	at sun.reflect.NativeMethodAccessorImpl.invoke0(Native Method)
	at sun.reflect.NativeMethodAccessorImpl.invoke(NativeMethodAccessorImpl.java:62)
	at sun.reflect.DelegatingMethodAccessorImpl.invoke(DelegatingMethodAccessorImpl.java:43)
	at java.lang.reflect.Method.invoke(Method.java:498)
	at org.junit.runners.model.FrameworkMethod$1.runReflectiveCall(FrameworkMethod.java:44)
	at org.junit.internal.runners.model.ReflectiveCallable.run(ReflectiveCallable.java:15)
	at org.junit.runners.model.FrameworkMethod.invokeExplosively(FrameworkMethod.java:41)
	at junitparams.internal.InvokeParameterisedMethod.evaluate(InvokeParameterisedMethod.java:102)
	at org.junit.internal.runners.statements.FailOnTimeout$1.run(FailOnTimeout.java:28)
Caused by: ptolemy.kernel.util.IllegalActionException: Found a zero delay loop containing .dependencyLoop2.original
  in .dependencyLoop2 and .dependencyLoop2.original
	at ptolemy.actor.util.CausalityInterfaceForComposites._computeOutputPortDepth(CausalityInterfaceForComposites.java:759)
	at ptolemy.actor.util.CausalityInterfaceForComposites._computeInputDepth(CausalityInterfaceForComposites.java:696)
	at ptolemy.actor.util.CausalityInterfaceForComposites._computeOutputPortDepth(CausalityInterfaceForComposites.java:765)
	at ptolemy.actor.util.CausalityInterfaceForComposites._computeInputDepth(CausalityInterfaceForComposites.java:696)
	at ptolemy.actor.util.CausalityInterfaceForComposites._computeOutputPortDepth(CausalityInterfaceForComposites.java:765)
	at ptolemy.actor.util.CausalityInterfaceForComposites._computeInputDepth(CausalityInterfaceForComposites.java:696)
	at ptolemy.actor.util.CausalityInterfaceForComposites._computeActorDepth(CausalityInterfaceForComposites.java:532)
	at ptolemy.actor.util.CausalityInterfaceForComposites.checkForCycles(CausalityInterfaceForComposites.java:96)
	at ptolemy.domains.de.kernel.DEDirector.preinitialize(DEDirector.java:1337)
	at ptolemy.actor.CompositeActor.preinitialize(CompositeActor.java:1828)
	at ptolemy.actor.Manager.preinitializeAndResolveTypes(Manager.java:1040)
	at ptolemy.actor.Manager.initialize(Manager.java:710)
	at ptolemy.actor.Manager.execute(Manager.java:356)
	at ptolemy.actor.Manager.run(Manager.java:1263)
	at ptolemy.actor.Manager$PtolemyRunThread.run(Manager.java:1915)
]]></system-err>
</testsuite>
