<?xml version="1.0" encoding="UTF-8" ?>
<testsuite errors="0" failures="0" hostname="travis-job-19728a33-7aca-4e5e-bdd6-891169f1a6a4" name="ptolemy.cg.adapter.generic.program.procedural.c.adapters.ptolemy.actor.lib.test.junit.JUnitCGCTest" skipped="0" tests="86" time="148.057" timestamp="2018-04-19T03:36:22">
  <properties>
    <property name="npm.executable" value="npm" />
    <property name="file.encoding.pkg" value="sun.io" />
    <property name="ptII.mk.exists" value="true" />
    <property name="env.rvm_bin_path" value="/home/travis/.rvm/bin" />
    <property name="java.home" value="/usr/lib/jvm/java-8-oracle/jre" />
    <property name="env.TRAVIS_JOB_NUMBER" value="270.6" />
    <property name="env.DISPLAY" value=":99.0" />
    <property name="java.net.preferIPv4Stack" value="true" />
    <property name="env.SSH_TTY" value="/dev/pts/0" />
    <property name="timeout.short" value="1000000" />
    <property name="env.TRAVIS_STACK_NODE_ATTRIBUTES" value="/.node-attributes.yml" />
    <property name="junit.formatter" value="xml" />
    <property name="java.endorsed.dirs" value="/usr/lib/jvm/java-8-oracle/jre/lib/endorsed" />
    <property name="env.TRAVIS_SUDO" value="true" />
    <property name="env.LOGNAME" value="travis" />
    <property name="jsdoc.home" value="node_modules/@terraswarm/jsdoc" />
    <property name="debuglevel" value="source,lines,vars" />
    <property name="checkstyle.formatter" value="xml" />
    <property name="bin.vergil.makeable" value="true" />
    <property name="env._system_version" value="14.04" />
    <property name="sun.os.patch.level" value="unknown" />
    <property name="java.vendor.url" value="http://java.oracle.com/" />
    <property name="java.version" value="1.8.0_151" />
    <property name="env.TZ" value="UTC" />
    <property name="env.PT_NO_NET" value="true" />
    <property name="env.TRAVIS_PULL_REQUEST_SHA" value="" />
    <property name="env.TRAVIS_SECURE_ENV_VARS" value="true" />
    <property name="env._system_type" value="Linux" />
    <property name="java.vendor.url.bug" value="http://bugreport.sun.com/bugreport/" />
    <property name="env.SSH_CLIENT" value="10.10.16.9 49804 22" />
    <property name="npmjs-org-is-up" value="true" />
    <property name="env.GEM_HOME" value="/home/travis/.rvm/gems/ruby-2.4.1" />
    <property name="env.HAS_ANTARES_THREE_LITTLE_FRONZIES_BADGE" value="true" />
    <property name="env.PS4" value="+" />
    <property name="ant.project.invoked-targets" value="build-all,test.report.short" />
    <property name="env.TRAVIS_PULL_REQUEST_BRANCH" value="" />
    <property name="env.TRAVIS_REPO_SLUG" value="icyphy/ptII" />
    <property name="node.in.path" value="true" />
    <property name="java.maxmemory" value="1400m" />
    <property name="env.RUBY_VERSION" value="ruby-2.4.1" />
    <property name="user.name" value="travis" />
    <property name="env.LANG" value="en_US.UTF-8" />
    <property name="sun.io.unicode.encoding" value="UnicodeLittle" />
    <property name="sun.jnu.encoding" value="UTF-8" />
    <property name="java.runtime.name" value="Java(TM) SE Runtime Environment" />
    <property name="usefile" value="false" />
    <property name="return.code" value="0" />
    <property name="junit.single.formatter" value="plain" />
    <property name="env.DYLD_LIBRARY_PATH" value="/home/travis/pthla/certi-tools/lib:" />
    <property name="env.DEBIAN_FRONTEND" value="noninteractive" />
    <property name="env.SSH_CONNECTION" value="10.10.16.9 49804 10.20.0.18 22" />
    <property name="env.MYSQL_UNIX_PORT" value="/var/run/mysqld/mysqld.sock" />
    <property name="env.TRAVIS_ALLOW_FAILURE" value="false" />
    <property name="env.LC_ALL" value="en_US.UTF-8" />
    <property name="java.specification.name" value="Java Platform API Specification" />
    <property name="node.works" value="true" />
    <property name="user.timezone" value="" />
    <property name="path.separator" value=":" />
    <property name="env.PYTHON_CFLAGS" value="-g -fstack-protector --param=ssp-buffer-size=4 -Wformat -Werror=format-security" />
    <property name="timeout.long" value="4000000" />
    <property name="env.CERTI_HOME" value="/home/travis/pthla/certi-tools" />
    <property name="file.encoding" value="UTF-8" />
    <property name="ant.file.ptII" value="/home/travis/build/icyphy/ptII/build.xml" />
    <property name="javadoc.packagenames" value="com.*,diva.*,lbnl.*,org.hlacerti.*,org.json.*,org.ptolemy.*,org.terraswarm.*,ptolemy.*,ptserver.*" />
    <property name="env.TRAVIS_PULL_REQUEST_SLUG" value="" />
    <property name="ant.project.default-target" value="build" />
    <property name="env.GIT_ASKPASS" value="echo" />
    <property name="env.HOME" value="/home/travis" />
    <property name="sun.java.command" value="org.apache.tools.ant.taskdefs.optional.junit.JUnitTestRunner ptolemy.cg.adapter.generic.program.procedural.c.adapters.ptolemy.actor.lib.test.junit.JUnitCGCTest skipNonTests=false filtertrace=true haltOnError=false haltOnFailure=false formatter=org.apache.tools.ant.taskdefs.optional.junit.OutErrSummaryJUnitResultFormatter showoutput=true outputtoformatters=true logfailedtests=true threadid=0 logtestlistenerevents=false formatter=org.apache.tools.ant.taskdefs.optional.junit.XMLJUnitResultFormatter,/home/travis/build/icyphy/ptII/reports/junit/TEST-ptolemy.cg.adapter.generic.program.procedural.c.adapters.ptolemy.actor.lib.test.junit.JUnitCGCTest.xml crashfile=/home/travis/build/icyphy/ptII/junitvmwatcher2219082642529960421.properties propsfile=/home/travis/build/icyphy/ptII/junit2360583676618359225.properties" />
    <property name="env.MANPATH" value="/home/travis/.nvm/versions/node/v7.10.1/share/man:/home/travis/.kiex/elixirs/elixir-1.4.5/man:/home/travis/.rvm/rubies/ruby-2.4.1/share/man:/usr/local/man:/usr/local/cmake-3.9.2/man:/usr/local/clang-5.0.0/share/man:/usr/local/share/man:/usr/share/man:/home/travis/.rvm/man" />
    <property name="env.COMPOSER_NO_INTERACTION" value="1" />
    <property name="env.JDK_SWITCHER_DEFAULT" value="oraclejdk8" />
    <property name="ant.file" value="/home/travis/build/icyphy/ptII/build.xml" />
    <property name="env.TRAVIS_COMMIT_RANGE" value="1147a6b8c9bd...32d59bbacfa8" />
    <property name="env._system_name" value="Ubuntu" />
    <property name="timeout" value="2400000" />
    <property name="ptII.classpath.optional.property" value="/home/travis/build/icyphy/ptII/lib/bsh-2.0b4.jar:/home/travis/build/icyphy/ptII/lib/ptCal.jar:/home/travis/build/icyphy/ptII/lib/java_cup.jar:/home/travis/build/icyphy/ptII/lib/saxon8.jar:/home/travis/build/icyphy/ptII/lib/saxon8-dom.jar:/home/travis/build/icyphy/ptII/lib/chic.jar:/home/travis/build/icyphy/ptII/lib/ptcolt.jar:/usr/lib/jvm/java-8-oracle/lib/tools.jar:/usr/lib/eclipse/plugins/org.eclipse.jdt.core_3.8.2.dist.jar:/usr/lib/eclipse/plugins/org.eclipse.core.runtime_3.8.0.dist.jar:/usr/lib/eclipse/plugins/org.eclipse.osgi_3.8.1.dist.jar:/usr/lib/eclipse/plugins/org.eclipse.core.resources_3.8.1.dist.jar:/usr/lib/eclipse/plugins/org.eclipse.equinox.common_3.6.100.dist.jar:/usr/lib/eclipse/plugins/org.eclipse.core.jobs_3.5.200.dist.jar:/usr/lib/eclipse/plugins/org.eclipse.core.contenttype_3.4.200.dist.jar:/usr/lib/eclipse/plugins/org.eclipse.equinox.preferences_3.5.0.dist.jar:/usr/lib/eclipse/plugins/org.eclipse.text_3.5.200.dist.jar:/usr/lib/eclipse/plugins/org.eclipse.ui.workbench_3.8.1.dist.jar:/usr/lib/eclipse/plugins/org.eclipse.jface_3.8.0.dist.jar:/usr/lib/eclipse/plugins/org.eclipse.swt_3.8.2.jar:/usr/lib/eclipse/plugins/org.eclipse.jface.text_3.8.1.dist.jar:/usr/lib/eclipse/plugins/org.eclipse.ui.workbench.texteditor_3.8.0.dist.jar:/usr/lib/eclipse/plugins/org.eclipse.ui.editors_3.8.0.dist.jar:/usr/lib/eclipse/plugins/org.eclipse.core.commands_3.6.1.dist.jar:/usr/lib/eclipse/plugins/org.eclipse.equinox.registry_3.5.200.dist.jar:/usr/lib/eclipse/plugins/org.eclipse.ui.console_3.5.100.dist.jar:/usr/lib/eclipse/plugins/org.eclipse.ui.forms_3.5.200.dist.jar:/usr/lib/eclipse/plugins/org.eclipse.ui.ide_3.8.1.dist.jar:/home/travis/build/icyphy/ptII/vendors/oracle/dbxml.jar:/home/travis/build/icyphy/ptII/vendors/oracle/db.jar:/home/travis/build/icyphy/ptII/vendors/misc/itext/iText.jar:/home/travis/build/icyphy/ptII/lib/g4ltl.jar:/home/travis/build/icyphy/ptII/lib/StructuralCoder.jar:/home/travis/build/icyphy/ptII/lib/org-openide-util.jar:/home/travis/build/icyphy/ptII/lib/org-openide-util-lookup.jar:/home/travis/build/icyphy/ptII/lib/org-netbeans-api-visual.jar:/home/travis/build/icyphy/ptII/vendors/jai-1_1_2_01/lib/jai_core.jar:/home/travis/build/icyphy/ptII/vendors/jai-1_1_2_01/lib/jai_codec.jar:/home/travis/build/icyphy/ptII/lib/jcerti.jar:/home/travis/build/icyphy/ptII/lib/smack.jar:/home/travis/build/icyphy/ptII/lib/smackx.jar:/home/travis/build/icyphy/ptII/lib/jetty-all-8.1.5-v20120716.jar:/home/travis/build/icyphy/ptII/lib/javax.servlet-api-3.0.1.jar:/home/travis/build/icyphy/ptII/lib/javax.mail.jar:/home/travis/build/icyphy/ptII/vendors/JMF-2.1.1e/lib/jmf.jar:/home/travis/build/icyphy/ptII/lib/jna-4.0.0-variadic.jar:/home/travis/build/icyphy/ptII/vendors/misc/joystick/Joystick.jar:/home/travis/build/icyphy/ptII/lib/ptjacl.jar:/home/travis/build/icyphy/ptII/lib/jsoup-1.8.2.jar:/home/travis/build/icyphy/ptII/lib/junit-4.8.2.jar:/home/travis/build/icyphy/ptII/lib/JUnitParams-0.4.0.jar:/home/travis/build/icyphy/ptII/ptolemy/actor/lib/excel/jxl.jar:/home/travis/build/icyphy/ptII/lib/jython.jar:/home/travis/build/icyphy/ptII/lib/kieler.jar:/home/travis/build/icyphy/ptII/vendors/opencv/share/OpenCV/java/opencv-341.jar:/home/travis/build/icyphy/ptII/lib/oscP5.jar:/home/travis/build/icyphy/ptII/lib/nrjavaserial-3.11.0.devel.jar:/usr/share/java/j3dcore.jar:/usr/share/java/j3dutils.jar:/usr/share/java/vecmath.jar:/home/travis/build/icyphy/ptII/ptolemy/distributed/jini/jar/jini-core.jar:/home/travis/build/icyphy/ptII/ptolemy/distributed/jini/jar/jini-ext.jar:/home/travis/build/icyphy/ptII/ptolemy/distributed/jini/jar/sun-util.jar:/home/travis/build/icyphy/ptII/lib/protobuf-java-2.4.1.jar:/home/travis/build/icyphy/ptII/lib/org.eclipse.paho.client.mqttv3.jar:/home/travis/build/icyphy/ptII/ptserver/lib/hessian-4.0.7.jar:/home/travis/build/icyphy/ptII/ptserver/lib/wmqtt.jar:/home/travis/build/icyphy/ptII/lib/mapss.jar:/home/travis/build/icyphy/ptII/ptolemy/actor/ptalon/antlr/antlr.jar:/home/travis/build/icyphy/ptII/lib/JRI.jar:/home/travis/build/icyphy/ptII/lib/commons-lang-2.6.jar:/home/travis/build/icyphy/ptII/lib/commons-logging-1.1.1.jar:/home/travis/build/icyphy/ptII/lib/sootclasses.jar:/home/travis/build/icyphy/ptII/ptolemy/actor/lib/database/mysql-connector-java-5.1.6-bin.jar:/home/travis/build/icyphy/ptII/vendors/misc/sphinx4/sphinx4-data-5prealpha.jar:/home/travis/build/icyphy/ptII/vendors/misc/sphinx4/sphinx4-core-5prealpha.jar:/home/travis/build/icyphy/ptII/lib/PDFRenderer.jar:/home/travis/build/icyphy/ptII/lib/svgSalamander.jar:/home/travis/build/icyphy/ptII/lib/rsyntaxtextarea-2.6.0-SNAPSHOT.jar:/home/travis/build/icyphy/ptII/lib/hazelcast-3.8.2.jar:/home/travis/build/icyphy/ptII/lib/jackson-annotations-2.9.0.jar:/home/travis/build/icyphy/ptII/lib/jackson-core-2.9.3.jar:/home/travis/build/icyphy/ptII/lib/jackson-databind-2.9.3.jar:/home/travis/build/icyphy/ptII/lib/netty-buffer-4.1.19.Final.jar:/home/travis/build/icyphy/ptII/lib/netty-codec-4.1.19.Final.jar:/home/travis/build/icyphy/ptII/lib/netty-codec-dns-4.1.19.Final.jar:/home/travis/build/icyphy/ptII/lib/netty-codec-http-4.1.19.Final.jar:/home/travis/build/icyphy/ptII/lib/netty-codec-http2-4.1.19.Final.jar:/home/travis/build/icyphy/ptII/lib/netty-common-4.1.19.Final.jar:/home/travis/build/icyphy/ptII/lib/netty-handler-4.1.19.Final.jar:/home/travis/build/icyphy/ptII/lib/netty-resolver-4.1.19.Final.jar:/home/travis/build/icyphy/ptII/lib/netty-resolver-dns-4.1.19.Final.jar:/home/travis/build/icyphy/ptII/lib/netty-transport-4.1.19.Final.jar:/home/travis/build/icyphy/ptII/lib/vertx-codegen-3.5.1.jar:/home/travis/build/icyphy/ptII/lib/vertx-core-3.5.1.jar:/home/travis/build/icyphy/ptII/lib/vertx-hazelcast-3.5.1.jar:/home/travis/build/icyphy/ptII/lib/vertx-lang-js-3.5.1.jar:/home/travis/build/icyphy/ptII/lib/vertx-service-proxy-3.5.1.jar:/home/travis/build/icyphy/ptII/lib/vertx-web-3.5.1.jar:/home/travis/build/icyphy/ptII/lib/slf4j-api-1.7.13.jar:/home/travis/build/icyphy/ptII/lib/slf4j-simple-1.7.13.jar:/home/travis/build/icyphy/ptII/lib/webcam-capture-0.3.12.jar:/home/travis/build/icyphy/ptII/lib/bridj-0.7.0.jar:/home/travis/build/icyphy/ptII/lib/xbjlib-1.1.0.nrjavaserial.jar" />
    <property name="test.batch" value="**/junit/*.java" />
    <property name="env._" value="/usr/bin/perl" />
    <property name="java.io.tmpdir" value="/tmp" />
    <property name="user.language" value="en" />
    <property name="env.HISTCONTROL" value="ignoredups:ignorespace" />
    <property name="env.GOROOT" value="/home/travis/.gimme/versions/go1.7.4.linux.amd64" />
    <property name="line.separator" value="&#xa;" />
    <property name="target" value="1.8" />
    <property name="env.TRAVIS_BUILD_DIR" value="/home/travis/build/icyphy/ptII" />
    <property name="env.ANT_OPTS" value="-Xmx1024m" />
    <property name="ant.file.type" value="file" />
    <property name="ptolemy.ptII.batchMode" value="true" />
    <property name="env.HISTSIZE" value="1000" />
    <property name="env.MERB_ENV" value="test" />
    <property name="java.vm.info" value="mixed mode" />
    <property name="source" value="1.8" />
    <property name="java.vm.specification.name" value="Java Virtual Machine Specification" />
    <property name="env.TRAVIS_TEST_RESULT" value="0" />
    <property name="jsdoc.command" value="node_modules/@terraswarm/jsdoc/jsdoc.js" />
    <property name="npm.works" value="true" />
    <property name="cobertura.dir" value="/home/travis/build/icyphy/ptII/vendors/cobertura-2.0.3" />
    <property name="jsdoc.command.exists" value="true" />
    <property name="env.rvm_path" value="/home/travis/.rvm" />
    <property name="env.GEM_PATH" value="/home/travis/.rvm/gems/ruby-2.4.1:/home/travis/.rvm/gems/ruby-2.4.1@global" />
    <property name="env.LC_CTYPE" value="en_US.UTF-8" />
    <property name="java.awt.printerjob" value="sun.print.PSPrinterJob" />
    <property name="env.TRAVIS_STACK_NAME" value="garnet" />
    <property name="env.PT_TRAVIS_TEST_REPORT_SHORT" value="true" />
    <property name="ant.version" value="Apache Ant(TM) version 1.10.1 compiled on February 2 2017" />
    <property name="ptII.reports" value="/home/travis/build/icyphy/ptII/reports" />
    <property name="env.TRAVIS_STACK_TIMESTAMP" value="2017-12-05 19:33:09 UTC" />
    <property name="ant.file.type.ptII" value="file" />
    <property name="env.RBENV_SHELL" value="bash" />
    <property name="os.name" value="Linux" />
    <property name="java.specification.vendor" value="Oracle Corporation" />
    <property name="env.rvm_version" value="1.29.3 (latest)" />
    <property name="env.TERM" value="xterm" />
    <property name="java.vm.name" value="Java HotSpot(TM) 64-Bit Server VM" />
    <property name="env.TRAVIS_BUILD_NUMBER" value="270" />
    <property name="env.CI" value="true" />
    <property name="java.library.path" value="/home/travis/pthla/certi-tools/lib:/usr/lib/jni:/usr/local/share/OpenCV/java/:/usr/share/OpenCV/java::/usr/java/packages/lib/amd64:/usr/lib64:/lib64:/lib:/usr/lib" />
    <property name="env.rvm_prefix" value="/home/travis" />
    <property name="env.PATH" value="/home/travis/pthla/certi-tools/share/scripts:/home/travis/.rvm/gems/ruby-2.4.1/bin:/home/travis/.rvm/gems/ruby-2.4.1@global/bin:/home/travis/.rvm/rubies/ruby-2.4.1/bin:/home/travis/.rvm/bin:/home/travis/.nvm/versions/node/v7.10.1/bin:./node_modules/.bin:/home/travis/build/icyphy/ptII/bin:/home/travis/pthla/certi-tools/bin:/home/travis/bin:/home/travis/.local/bin:/opt/pyenv/shims:/home/travis/.phpenv/shims:/home/travis/perl5/perlbrew/bin:/home/travis/.kiex/elixirs/elixir-1.4.5/bin:/home/travis/.kiex/bin:/home/travis/gopath/bin:/home/travis/.gimme/versions/go1.7.4.linux.amd64/bin:/usr/local/phantomjs/bin:/usr/local/phantomjs:/usr/local/neo4j-3.2.7/bin:/usr/local/maven-3.5.2/bin:/usr/local/cmake-3.9.2/bin:/usr/local/clang-5.0.0/bin:/usr/local/sbin:/usr/local/bin:/usr/sbin:/usr/bin:/sbin:/bin:/home/travis/.phpenv/bin:/opt/pyenv/bin:/home/travis/.yarn/bin" />
    <property name="env.TRAVIS_OS_NAME" value="linux" />
    <property name="ant.java.version" value="1.8" />
    <property name="basedir" value="/home/travis/build/icyphy/ptII" />
    <property name="java.class.version" value="52.0" />
    <property name="env.SHLVL" value="3" />
    <property name="env.LD_LIBRARY_PATH" value="/home/travis/pthla/certi-tools/lib:/usr/lib/jni:/usr/local/share/OpenCV/java/:/usr/share/OpenCV/java:" />
    <property name="env.RACK_ENV" value="test" />
    <property name="ant.home" value="/home/travis/build/icyphy/ptII/ant" />
    <property name="env.NVM_DIR" value="/home/travis/.nvm" />
    <property name="env.PERLBREW_BASHRC_VERSION" value="0.80" />
    <property name="env.CERTI_FOM_PATH" value="/home/travis/pthla/certi-tools/share/federations" />
    <property name="env.TRAVIS_BUILD_ID" value="368453190" />
    <property name="env.PYENV_ROOT" value="/opt/pyenv" />
    <property name="env.TRAVIS_UID" value="2000" />
    <property name="env.rvm_pretty_print_flag" value="auto" />
    <property name="env.NVM_BIN" value="/home/travis/.nvm/versions/node/v7.10.1/bin" />
    <property name="env.TRAVIS_COMMIT" value="32d59bbacfa84219be80788cc221143a56b570af" />
    <property name="env._system_arch" value="x86_64" />
    <property name="node.executable" value="node" />
    <property name="sun.boot.library.path" value="/usr/lib/jvm/java-8-oracle/jre/lib/amd64" />
    <property name="sun.management.compiler" value="HotSpot 64-Bit Tiered Compilers" />
    <property name="java.awt.graphicsenv" value="sun.awt.X11GraphicsEnvironment" />
    <property name="env.GOPATH" value="/home/travis/gopath" />
    <property name="ptolemy.ptII.dir" value="/home/travis/build/icyphy/ptII" />
    <property name="env.USER" value="travis" />
    <property name="env.HISTFILESIZE" value="2000" />
    <property name="timeout.longest" value="19000000" />
    <property name="env.TRAVIS_STACK_FEATURES" value="basic cassandra chromium couchdb disabled-ipv6 docker docker-compose elasticsearch firefox go-toolchain google-chrome jdk memcached mongodb mysql neo4j nodejs_interpreter perl_interpreter perlbrew phantomjs postgresql python_interpreter rabbitmq redis riak ruby_interpreter sqlite xserver" />
    <property name="env.TRAVIS_PULL_REQUEST" value="false" />
    <property name="env.PYENV_SHELL" value="bash" />
    <property name="ant.project.name" value="ptII" />
    <property name="bin.vergil.exists" value="true" />
    <property name="java.vm.specification.version" value="1.8" />
    <property name="env.CERTI_VERSION" value="4.0.0" />
    <property name="env.NLSPATH" value="/usr/dt/lib/nls/msg/%L/%N.cat" />
    <property name="env.CERTI_HOST" value="localhost" />
    <property name="awt.toolkit" value="sun.awt.X11.XToolkit" />
    <property name="env.MY_RUBY_HOME" value="/home/travis/.rvm/rubies/ruby-2.4.1" />
    <property name="sun.cpu.isalist" value="" />
    <property name="java.ext.dirs" value="/usr/lib/jvm/java-8-oracle/jre/lib/ext:/usr/java/packages/lib/ext" />
    <property name="os.version" value="4.4.0-101-generic" />
    <property name="user.home" value="/home/travis" />
    <property name="env.MIX_ARCHIVES" value="/home/travis/.kiex/mix/elixir-1.4.5" />
    <property name="java.vm.vendor" value="Oracle Corporation" />
    <property name="env.TRAVIS_TAG" value="nightly" />
    <property name="env.TRAVIS_FILTERED" value="redirect_io" />
    <property name="env.JAVA_HOME" value="/usr/lib/jvm/java-8-oracle" />
    <property name="javadoc.excludepackagenames" value="adm.cvs2svn.*,build.*,config.*,doc.coding.templates.*,jni.test.jni.meaningOfLife.*,jni.test.jni.testDeux.*,jni.test.jni.testTrois.*,org.terraswarm.accessor.accessors.web.node_modules.*,org.terraswarm.accessor.accessors.web.hosts.cordova.demo.*,org.terraswarm.accessor.accessors.web.hosts.cordova.plugins.*,org.terraswarm.accessor.accessors-svn.*,pt-modules.*,ptolemy.apps.agilent.*,ptolemy.apps.anytimecontrol.*,ptolemy.apps.apes.*,ptolemy.apps.charon.*,ptolemy.apps.crazyboard.*,ptolemy.apps.eclipse.*,ptolemy.apps.etherealSting.*,ptolemy.apps.fullscreen.*,ptolemy.apps.giotto.*,ptolemy.apps.ia.*,ptolemy.apps.interfaces.*,ptolemy.apps.jmf.*,ptolemy.apps.kurt.*,ptolemy.apps.kvm.*,ptolemy.apps.lego.*,ptolemy.apps.lejos.*,ptolemy.apps.midp.*,ptolemy.apps.mobileCoding.*,ptolemy.apps.pendulum.*,ptolemy.apps.rijndael.*,ptolemy.apps.robot.*,ptolemy.apps.security.*,ptolemy.apps.sobel.*,ptolemy.apps.soot.*,ptolemy.apps.throttle.*,ptolemy.apps.tini.*,ptolemy.apps.transmission.*,ptolemy.apps.vergil.*,ptolemy.apps.waba.*,ptolemy.apps.websensor.*,ptolemy.apps.webstart.*,ptolemy.apps.xsl.*,ptolemy.apps.zaurus.*,ptolemy.backtrack.eclipse.plugin.*,ptolemy.backtrack.test.*,ptolemy.codegen.c.actor.lib.oldJavaFiles.*,ptolemy.codegen.dsp.lib.*,ptolemy.codegen.kernel.newInterfaces.*,ptolemy.codegen.lib.*,ptolemy.copernicus.kernel.fragment.*,ptolemy.copernicus.shallow.cg.*,ptolemy.domains.giotto.demo.Hierarchy.Hierarchy.*,ptolemy.domains.giotto.demo.Multimode.Multimode.*,ptolemy.domains.giotto.demo.Simple.Simple.*,ptolemy.domains.gr.lib.experimental.*,ptolemy.domains.gro.*,ptolemy.domains.pdf.*,ptolemy.domains.ptinyos.demo.Surge.output.*,ptolemy.moml.test.NoPackageActor.java*,ptolemy.plot.adm.*,ptolemy.plot.servlet.*,reports.*,signed.*,src.*,target.*,vendors.*,ptolemy.copernicus.applet.*,ptolemy.media.viewer.*,ptolemy.cg.adapter.generic.program.procedural.c.mbed*,ptolemy.matlab.*,ptolemy.actor.lib.fmi.fmus.omc*,ptolemy.domains.openmodelica*,ptdb.kernel.bl.save.test.*,ptdb.kernel.bl.load.test.*,ptdb.kernel.bl.search.test.*,ptdb.kernel.bl.migration.test.*,ptdb.kernel.database.test.*,ptdb.test.*,ptdb.gui.test.*,org.ptolemy.scala.*,diva.util.java2d.svg.*,ptolemy.domains.ptinyos.*,ptolemy.actor.lib.fmi.fmipp.*,,org.terraswarm.accessor.accessors.web.node_modules.*,org.terraswarm.accessor.accessors-svn,ptolemy.actor.ptalon.demo.ptinyos.SendAndReceiveCnt.output,ptolemy.actor.ptalon.demo.ptinyos.SenseToLeds.output,ptolemy.domains.ptinyos.demo.CntToLedsAndRfm.output,ptolemy.domains.ptinyos.demo.RfmToLeds.output,ptolemy.domains.ptinyos.demo.SendAndReceiveCnt.output,ptolemy.domains.ptinyos.demo.SenseToLeds.output" />
    <property name="env.PTII" value="/home/travis/build/icyphy/ptII" />
    <property name="env.TRAVIS_COMMIT_MESSAGE" value="After Test completes, invoke Stop." />
    <property name="env.XDG_SESSION_ID" value="2" />
    <property name="keystore" value="ptKeystore" />
    <property name="junit.output.dir" value="/home/travis/build/icyphy/ptII/reports/junit" />
    <property name="npm.return.code" value="0" />
    <property name="user.dir" value="/home/travis/build/icyphy/ptII/ptolemy/cg/adapter/generic/program/procedural/c/adapters/ptolemy/actor/lib/test" />
    <property name="env.XFILESEARCHPATH" value="/usr/dt/app-defaults/%L/Dt" />
    <property name="env.TRAVIS_NODE_VERSION" value="7" />
    <property name="env.TRAVIS_EVENT_TYPE" value="push" />
    <property name="env.MAIL" value="/var/mail/travis" />
    <property name="env.PWD" value="/home/travis/build/icyphy/ptII" />
    <property name="env.PERLBREW_ROOT" value="/home/travis/perl5/perlbrew" />
    <property name="timeout.npm" value="45000" />
    <property name="env.PAGER" value="cat" />
    <property name="sun.cpu.endian" value="little" />
    <property name="env.TRAVIS_BUILD_STAGE_NAME" value="" />
    <property name="env.PERLBREW_HOME" value="/home/travis/.perlbrew" />
    <property name="java.vm.version" value="25.151-b12" />
    <property name="env.RAILS_ENV" value="test" />
    <property name="java.class.path" value="/home/travis/.ptolemyII:/home/travis/.ptolemyII/*:/home/travis/build/icyphy/ptII:/home/travis/build/icyphy/ptII/lib/bsh-2.0b4.jar:/home/travis/build/icyphy/ptII/lib/ptCal.jar:/home/travis/build/icyphy/ptII/lib/java_cup.jar:/home/travis/build/icyphy/ptII/lib/saxon8.jar:/home/travis/build/icyphy/ptII/lib/saxon8-dom.jar:/home/travis/build/icyphy/ptII/lib/chic.jar:/home/travis/build/icyphy/ptII/lib/ptcolt.jar:/usr/lib/jvm/java-8-oracle/lib/tools.jar:/usr/lib/eclipse/plugins/org.eclipse.jdt.core_3.8.2.dist.jar:/usr/lib/eclipse/plugins/org.eclipse.core.runtime_3.8.0.dist.jar:/usr/lib/eclipse/plugins/org.eclipse.osgi_3.8.1.dist.jar:/usr/lib/eclipse/plugins/org.eclipse.core.resources_3.8.1.dist.jar:/usr/lib/eclipse/plugins/org.eclipse.equinox.common_3.6.100.dist.jar:/usr/lib/eclipse/plugins/org.eclipse.core.jobs_3.5.200.dist.jar:/usr/lib/eclipse/plugins/org.eclipse.core.contenttype_3.4.200.dist.jar:/usr/lib/eclipse/plugins/org.eclipse.equinox.preferences_3.5.0.dist.jar:/usr/lib/eclipse/plugins/org.eclipse.text_3.5.200.dist.jar:/usr/lib/eclipse/plugins/org.eclipse.ui.workbench_3.8.1.dist.jar:/usr/lib/eclipse/plugins/org.eclipse.jface_3.8.0.dist.jar:/usr/lib/eclipse/plugins/org.eclipse.swt_3.8.2.jar:/usr/lib/eclipse/plugins/org.eclipse.jface.text_3.8.1.dist.jar:/usr/lib/eclipse/plugins/org.eclipse.ui.workbench.texteditor_3.8.0.dist.jar:/usr/lib/eclipse/plugins/org.eclipse.ui.editors_3.8.0.dist.jar:/usr/lib/eclipse/plugins/org.eclipse.core.commands_3.6.1.dist.jar:/usr/lib/eclipse/plugins/org.eclipse.equinox.registry_3.5.200.dist.jar:/usr/lib/eclipse/plugins/org.eclipse.ui.console_3.5.100.dist.jar:/usr/lib/eclipse/plugins/org.eclipse.ui.forms_3.5.200.dist.jar:/usr/lib/eclipse/plugins/org.eclipse.ui.ide_3.8.1.dist.jar:/home/travis/build/icyphy/ptII/vendors/oracle/dbxml.jar:/home/travis/build/icyphy/ptII/vendors/oracle/db.jar:/home/travis/build/icyphy/ptII/vendors/misc/itext/iText.jar:/home/travis/build/icyphy/ptII/lib/g4ltl.jar:/home/travis/build/icyphy/ptII/lib/StructuralCoder.jar:/home/travis/build/icyphy/ptII/lib/org-openide-util.jar:/home/travis/build/icyphy/ptII/lib/org-openide-util-lookup.jar:/home/travis/build/icyphy/ptII/lib/org-netbeans-api-visual.jar:/home/travis/build/icyphy/ptII/vendors/jai-1_1_2_01/lib/jai_core.jar:/home/travis/build/icyphy/ptII/vendors/jai-1_1_2_01/lib/jai_codec.jar:/home/travis/build/icyphy/ptII/lib/jcerti.jar:/home/travis/build/icyphy/ptII/lib/smack.jar:/home/travis/build/icyphy/ptII/lib/smackx.jar:/home/travis/build/icyphy/ptII/lib/jetty-all-8.1.5-v20120716.jar:/home/travis/build/icyphy/ptII/lib/javax.servlet-api-3.0.1.jar:/home/travis/build/icyphy/ptII/lib/javax.mail.jar:/home/travis/build/icyphy/ptII/vendors/JMF-2.1.1e/lib/jmf.jar:/home/travis/build/icyphy/ptII/lib/jna-4.0.0-variadic.jar:/home/travis/build/icyphy/ptII/vendors/misc/joystick/Joystick.jar:/home/travis/build/icyphy/ptII/lib/ptjacl.jar:/home/travis/build/icyphy/ptII/lib/jsoup-1.8.2.jar:/home/travis/build/icyphy/ptII/lib/junit-4.8.2.jar:/home/travis/build/icyphy/ptII/lib/JUnitParams-0.4.0.jar:/home/travis/build/icyphy/ptII/ptolemy/actor/lib/excel/jxl.jar:/home/travis/build/icyphy/ptII/lib/jython.jar:/home/travis/build/icyphy/ptII/lib/kieler.jar:/home/travis/build/icyphy/ptII/vendors/opencv/share/OpenCV/java/opencv-341.jar:/home/travis/build/icyphy/ptII/lib/oscP5.jar:/home/travis/build/icyphy/ptII/lib/nrjavaserial-3.11.0.devel.jar:/usr/share/java/j3dcore.jar:/usr/share/java/j3dutils.jar:/usr/share/java/vecmath.jar:/home/travis/build/icyphy/ptII/ptolemy/distributed/jini/jar/jini-core.jar:/home/travis/build/icyphy/ptII/ptolemy/distributed/jini/jar/jini-ext.jar:/home/travis/build/icyphy/ptII/ptolemy/distributed/jini/jar/sun-util.jar:/home/travis/build/icyphy/ptII/lib/protobuf-java-2.4.1.jar:/home/travis/build/icyphy/ptII/lib/org.eclipse.paho.client.mqttv3.jar:/home/travis/build/icyphy/ptII/ptserver/lib/hessian-4.0.7.jar:/home/travis/build/icyphy/ptII/ptserver/lib/wmqtt.jar:/home/travis/build/icyphy/ptII/lib/mapss.jar:/home/travis/build/icyphy/ptII/ptolemy/actor/ptalon/antlr/antlr.jar:/home/travis/build/icyphy/ptII/lib/JRI.jar:/home/travis/build/icyphy/ptII/lib/commons-lang-2.6.jar:/home/travis/build/icyphy/ptII/lib/commons-logging-1.1.1.jar:/home/travis/build/icyphy/ptII/lib/sootclasses.jar:/home/travis/build/icyphy/ptII/ptolemy/actor/lib/database/mysql-connector-java-5.1.6-bin.jar:/home/travis/build/icyphy/ptII/vendors/misc/sphinx4/sphinx4-data-5prealpha.jar:/home/travis/build/icyphy/ptII/vendors/misc/sphinx4/sphinx4-core-5prealpha.jar:/home/travis/build/icyphy/ptII/lib/PDFRenderer.jar:/home/travis/build/icyphy/ptII/lib/svgSalamander.jar:/home/travis/build/icyphy/ptII/lib/rsyntaxtextarea-2.6.0-SNAPSHOT.jar:/home/travis/build/icyphy/ptII/lib/hazelcast-3.8.2.jar:/home/travis/build/icyphy/ptII/lib/jackson-annotations-2.9.0.jar:/home/travis/build/icyphy/ptII/lib/jackson-core-2.9.3.jar:/home/travis/build/icyphy/ptII/lib/jackson-databind-2.9.3.jar:/home/travis/build/icyphy/ptII/lib/netty-buffer-4.1.19.Final.jar:/home/travis/build/icyphy/ptII/lib/netty-codec-4.1.19.Final.jar:/home/travis/build/icyphy/ptII/lib/netty-codec-dns-4.1.19.Final.jar:/home/travis/build/icyphy/ptII/lib/netty-codec-http-4.1.19.Final.jar:/home/travis/build/icyphy/ptII/lib/netty-codec-http2-4.1.19.Final.jar:/home/travis/build/icyphy/ptII/lib/netty-common-4.1.19.Final.jar:/home/travis/build/icyphy/ptII/lib/netty-handler-4.1.19.Final.jar:/home/travis/build/icyphy/ptII/lib/netty-resolver-4.1.19.Final.jar:/home/travis/build/icyphy/ptII/lib/netty-resolver-dns-4.1.19.Final.jar:/home/travis/build/icyphy/ptII/lib/netty-transport-4.1.19.Final.jar:/home/travis/build/icyphy/ptII/lib/vertx-codegen-3.5.1.jar:/home/travis/build/icyphy/ptII/lib/vertx-core-3.5.1.jar:/home/travis/build/icyphy/ptII/lib/vertx-hazelcast-3.5.1.jar:/home/travis/build/icyphy/ptII/lib/vertx-lang-js-3.5.1.jar:/home/travis/build/icyphy/ptII/lib/vertx-service-proxy-3.5.1.jar:/home/travis/build/icyphy/ptII/lib/vertx-web-3.5.1.jar:/home/travis/build/icyphy/ptII/lib/slf4j-api-1.7.13.jar:/home/travis/build/icyphy/ptII/lib/slf4j-simple-1.7.13.jar:/home/travis/build/icyphy/ptII/lib/webcam-capture-0.3.12.jar:/home/travis/build/icyphy/ptII/lib/bridj-0.7.0.jar:/home/travis/build/icyphy/ptII/lib/xbjlib-1.1.0.nrjavaserial.jar:/home/travis/build/icyphy/ptII/ptolemy/moml/test:/home/travis/build/icyphy/ptII/ant/lib/ant-launcher.jar:/home/travis/build/icyphy/ptII/ant/lib/ant.jar:/home/travis/build/icyphy/ptII/ant/lib/ant-junit.jar:/home/travis/build/icyphy/ptII/ant/lib/ant-junit4.jar" />
    <property name="ant.library.dir" value="/home/travis/build/icyphy/ptII/ant/lib" />
    <property name="os.arch" value="amd64" />
    <property name="env.TRAVIS_LANGUAGE" value="node_js" />
    <property name="env.CONTINUOUS_INTEGRATION" value="true" />
    <property name="env.TRAVIS_STACK_LANGUAGES" value="__garnet__ c c++ clojure cplusplus cpp default go groovy java node_js php pure_java python ruby scala" />
    <property name="test.name" value="ptolemy.actor.lib.test.junit.JUnitTclTest" />
    <property name="sun.java.launcher" value="SUN_STANDARD" />
    <property name="env.PYTHON_CONFIGURE_OPTS" value="--enable-unicode=ucs4 --with-wide-unicode --enable-shared --enable-ipv6 --enable-loadable-sqlite-extensions --with-computed-gotos" />
    <property name="ant.core.lib" value="/home/travis/build/icyphy/ptII/ant/lib/ant.jar" />
    <property name="java.vm.specification.vendor" value="Oracle Corporation" />
    <property name="env.BCVTB_HOME" value="/home/travis/build/icyphy/ptII/lbnl" />
    <property name="file.separator" value="/" />
    <property name="java.runtime.version" value="1.8.0_151-b12" />
    <property name="spotbugs.home" value="/home/travis/build/icyphy/ptII/vendors/spotbugs-3.1.1" />
    <property name="sun.boot.class.path" value="/usr/lib/jvm/java-8-oracle/jre/lib/resources.jar:/usr/lib/jvm/java-8-oracle/jre/lib/rt.jar:/usr/lib/jvm/java-8-oracle/jre/lib/sunrsasign.jar:/usr/lib/jvm/java-8-oracle/jre/lib/jsse.jar:/usr/lib/jvm/java-8-oracle/jre/lib/jce.jar:/usr/lib/jvm/java-8-oracle/jre/lib/charsets.jar:/usr/lib/jvm/java-8-oracle/jre/lib/jfr.jar:/usr/lib/jvm/java-8-oracle/jre/classes" />
    <property name="env.HAS_JOSH_K_SEAL_OF_APPROVAL" value="true" />
    <property name="env.XDG_RUNTIME_DIR" value="/run/user/2000" />
    <property name="env.TRAVIS_OSX_IMAGE" value="" />
    <property name="env.TRAVIS_BRANCH" value="master" />
    <property name="env.TRAVIS_JOB_ID" value="368453196" />
    <property name="user.country" value="US" />
    <property name="env.CERTI_HOME_TRAVIS" value="/home/travis/pthla/certi-tools" />
    <property name="env.SHELL" value="/bin/bash" />
    <property name="model" value="" />
    <property name="java.maxmemory.large" value="8000m" />
    <property name="env.CASHER_DIR" value="/home/travis/.casher" />
    <property name="env.NVM_CD_FLAGS" value="" />
    <property name="jshint.executable" value="/home/travis/node_modules/jshint/bin/jshint" />
    <property name="java.vendor" value="Oracle Corporation" />
    <property name="env.JRUBY_OPTS" value=" --client -J-XX:+TieredCompilation -J-XX:TieredStopAtLevel=1 -J-Xss2m -Xcompile.invokedynamic=false" />
    <property name="env.TRAVIS_PRE_CHEF_BOOTSTRAP_TIME" value="2017-12-05T19:32:55" />
    <property name="env.ELIXIR_VERSION" value="1.4.5" />
    <property name="env.TRAVIS_STACK_JOB_BOARD_REGISTER" value="/.job-board-register.yml" />
    <property name="java.specification.version" value="1.8" />
    <property name="env.TRAVIS" value="true" />
    <property name="env.IRBRC" value="/home/travis/.rvm/rubies/ruby-2.4.1/.irbrc" />
    <property name="sun.arch.data.model" value="64" />
  </properties>
  <testcase classname="ptolemy.util.test.junit.AutoCGCKnownFailedTests" name="[0] /home/travis/build/icyphy/ptII/ptolemy/cg/adapter/generic/program/procedural/c/adapters/ptolemy/actor/lib/test/auto/knownFailedTests/ExpressionMultiplyPower2.xml (runModelInline)" time="2.15" />
  <testcase classname="ptolemy.util.test.junit.AutoCGCKnownFailedTests" name="[0] /home/travis/build/icyphy/ptII/ptolemy/cg/adapter/generic/program/procedural/c/adapters/ptolemy/actor/lib/test/auto/knownFailedTests/ExpressionMultiplyPower2.xml (runModelNoInline)" time="1.617" />
  <testcase classname="ptolemy.util.test.junit.AutoCGCNoInlineTests" name="[0] /home/travis/build/icyphy/ptII/ptolemy/cg/adapter/generic/program/procedural/c/adapters/ptolemy/actor/lib/test/auto/AccumulatorWithReset.xml (runModelNoInline)" time="2.117" />
  <testcase classname="ptolemy.util.test.junit.AutoCGCNoInlineTests" name="[1] /home/travis/build/icyphy/ptII/ptolemy/cg/adapter/generic/program/procedural/c/adapters/ptolemy/actor/lib/test/auto/ActorOrientedClass.xml (runModelNoInline)" time="1.617" />
  <testcase classname="ptolemy.util.test.junit.AutoCGCNoInlineTests" name="[2] /home/travis/build/icyphy/ptII/ptolemy/cg/adapter/generic/program/procedural/c/adapters/ptolemy/actor/lib/test/auto/AddSubtract.xml (runModelNoInline)" time="1.731" />
  <testcase classname="ptolemy.util.test.junit.AutoCGCNoInlineTests" name="[3] /home/travis/build/icyphy/ptII/ptolemy/cg/adapter/generic/program/procedural/c/adapters/ptolemy/actor/lib/test/auto/AddSubtract3.xml (runModelNoInline)" time="1.695" />
  <testcase classname="ptolemy.util.test.junit.AutoCGCNoInlineTests" name="[4] /home/travis/build/icyphy/ptII/ptolemy/cg/adapter/generic/program/procedural/c/adapters/ptolemy/actor/lib/test/auto/Bernoulli.xml (runModelNoInline)" time="1.617" />
  <testcase classname="ptolemy.util.test.junit.AutoCGCNoInlineTests" name="[5] /home/travis/build/icyphy/ptII/ptolemy/cg/adapter/generic/program/procedural/c/adapters/ptolemy/actor/lib/test/auto/DB.xml (runModelNoInline)" time="1.958" />
  <testcase classname="ptolemy.util.test.junit.AutoCGCNoInlineTests" name="[6] /home/travis/build/icyphy/ptII/ptolemy/cg/adapter/generic/program/procedural/c/adapters/ptolemy/actor/lib/test/auto/DiscreteClock.xml (runModelNoInline)" time="1.524" />
  <testcase classname="ptolemy.util.test.junit.AutoCGCNoInlineTests" name="[7] /home/travis/build/icyphy/ptII/ptolemy/cg/adapter/generic/program/procedural/c/adapters/ptolemy/actor/lib/test/auto/DiscreteClock10.xml (runModelNoInline)" time="1.811" />
  <testcase classname="ptolemy.util.test.junit.AutoCGCNoInlineTests" name="[8] /home/travis/build/icyphy/ptII/ptolemy/cg/adapter/generic/program/procedural/c/adapters/ptolemy/actor/lib/test/auto/DiscreteClock11.xml (runModelNoInline)" time="1.918" />
  <testcase classname="ptolemy.util.test.junit.AutoCGCNoInlineTests" name="[9] /home/travis/build/icyphy/ptII/ptolemy/cg/adapter/generic/program/procedural/c/adapters/ptolemy/actor/lib/test/auto/DiscreteClock12.xml (runModelNoInline)" time="1.924" />
  <testcase classname="ptolemy.util.test.junit.AutoCGCNoInlineTests" name="[10] /home/travis/build/icyphy/ptII/ptolemy/cg/adapter/generic/program/procedural/c/adapters/ptolemy/actor/lib/test/auto/DiscreteClock13.xml (runModelNoInline)" time="1.858" />
  <testcase classname="ptolemy.util.test.junit.AutoCGCNoInlineTests" name="[11] /home/travis/build/icyphy/ptII/ptolemy/cg/adapter/generic/program/procedural/c/adapters/ptolemy/actor/lib/test/auto/DiscreteClock14.xml (runModelNoInline)" time="1.813" />
  <testcase classname="ptolemy.util.test.junit.AutoCGCNoInlineTests" name="[12] /home/travis/build/icyphy/ptII/ptolemy/cg/adapter/generic/program/procedural/c/adapters/ptolemy/actor/lib/test/auto/DiscreteClock15.xml (runModelNoInline)" time="1.951" />
  <testcase classname="ptolemy.util.test.junit.AutoCGCNoInlineTests" name="[13] /home/travis/build/icyphy/ptII/ptolemy/cg/adapter/generic/program/procedural/c/adapters/ptolemy/actor/lib/test/auto/DiscreteClock2.xml (runModelNoInline)" time="1.712" />
  <testcase classname="ptolemy.util.test.junit.AutoCGCNoInlineTests" name="[14] /home/travis/build/icyphy/ptII/ptolemy/cg/adapter/generic/program/procedural/c/adapters/ptolemy/actor/lib/test/auto/DiscreteClock20.xml (runModelNoInline)" time="1.906" />
  <testcase classname="ptolemy.util.test.junit.AutoCGCNoInlineTests" name="[15] /home/travis/build/icyphy/ptII/ptolemy/cg/adapter/generic/program/procedural/c/adapters/ptolemy/actor/lib/test/auto/DiscreteClock22.xml (runModelNoInline)" time="1.795" />
  <testcase classname="ptolemy.util.test.junit.AutoCGCNoInlineTests" name="[16] /home/travis/build/icyphy/ptII/ptolemy/cg/adapter/generic/program/procedural/c/adapters/ptolemy/actor/lib/test/auto/DiscreteClock23.xml (runModelNoInline)" time="1.653" />
  <testcase classname="ptolemy.util.test.junit.AutoCGCNoInlineTests" name="[17] /home/travis/build/icyphy/ptII/ptolemy/cg/adapter/generic/program/procedural/c/adapters/ptolemy/actor/lib/test/auto/DiscreteClock24.xml (runModelNoInline)" time="1.868" />
  <testcase classname="ptolemy.util.test.junit.AutoCGCNoInlineTests" name="[18] /home/travis/build/icyphy/ptII/ptolemy/cg/adapter/generic/program/procedural/c/adapters/ptolemy/actor/lib/test/auto/DiscreteClock4.xml (runModelNoInline)" time="1.626" />
  <testcase classname="ptolemy.util.test.junit.AutoCGCNoInlineTests" name="[19] /home/travis/build/icyphy/ptII/ptolemy/cg/adapter/generic/program/procedural/c/adapters/ptolemy/actor/lib/test/auto/DiscreteClock6.xml (runModelNoInline)" time="1.583" />
  <testcase classname="ptolemy.util.test.junit.AutoCGCNoInlineTests" name="[20] /home/travis/build/icyphy/ptII/ptolemy/cg/adapter/generic/program/procedural/c/adapters/ptolemy/actor/lib/test/auto/DiscreteClock7.xml (runModelNoInline)" time="1.531" />
  <testcase classname="ptolemy.util.test.junit.AutoCGCNoInlineTests" name="[21] /home/travis/build/icyphy/ptII/ptolemy/cg/adapter/generic/program/procedural/c/adapters/ptolemy/actor/lib/test/auto/DiscreteClock8.xml (runModelNoInline)" time="1.668" />
  <testcase classname="ptolemy.util.test.junit.AutoCGCNoInlineTests" name="[22] /home/travis/build/icyphy/ptII/ptolemy/cg/adapter/generic/program/procedural/c/adapters/ptolemy/actor/lib/test/auto/DiscreteClock9.xml (runModelNoInline)" time="1.778" />
  <testcase classname="ptolemy.util.test.junit.AutoCGCNoInlineTests" name="[23] /home/travis/build/icyphy/ptII/ptolemy/cg/adapter/generic/program/procedural/c/adapters/ptolemy/actor/lib/test/auto/DistributorMultipleTypes.xml (runModelNoInline)" time="1.617" />
  <testcase classname="ptolemy.util.test.junit.AutoCGCNoInlineTests" name="[24] /home/travis/build/icyphy/ptII/ptolemy/cg/adapter/generic/program/procedural/c/adapters/ptolemy/actor/lib/test/auto/ExpressionIntegerDoubleDivision.xml (runModelNoInline)" time="1.394" />
  <testcase classname="ptolemy.util.test.junit.AutoCGCNoInlineTests" name="[25] /home/travis/build/icyphy/ptII/ptolemy/cg/adapter/generic/program/procedural/c/adapters/ptolemy/actor/lib/test/auto/Gaussian.xml (runModelNoInline)" time="1.812" />
  <testcase classname="ptolemy.util.test.junit.AutoCGCNoInlineTests" name="[26] /home/travis/build/icyphy/ptII/ptolemy/cg/adapter/generic/program/procedural/c/adapters/ptolemy/actor/lib/test/auto/MatrixToArray.xml (runModelNoInline)" time="1.557" />
  <testcase classname="ptolemy.util.test.junit.AutoCGCNoInlineTests" name="[27] /home/travis/build/icyphy/ptII/ptolemy/cg/adapter/generic/program/procedural/c/adapters/ptolemy/actor/lib/test/auto/MultiplyDivideDivideOnly.xml (runModelNoInline)" time="1.446" />
  <testcase classname="ptolemy.util.test.junit.AutoCGCNoInlineTests" name="[28] /home/travis/build/icyphy/ptII/ptolemy/cg/adapter/generic/program/procedural/c/adapters/ptolemy/actor/lib/test/auto/OpaqueConst.xml (runModelNoInline)" time="1.453" />
  <testcase classname="ptolemy.util.test.junit.AutoCGCNoInlineTests" name="[29] /home/travis/build/icyphy/ptII/ptolemy/cg/adapter/generic/program/procedural/c/adapters/ptolemy/actor/lib/test/auto/PoissonClock.xml (runModelNoInline)" time="1.808" />
  <testcase classname="ptolemy.util.test.junit.AutoCGCNoInlineTests" name="[30] /home/travis/build/icyphy/ptII/ptolemy/cg/adapter/generic/program/procedural/c/adapters/ptolemy/actor/lib/test/auto/PoissonClock2.xml (runModelNoInline)" time="1.492" />
  <testcase classname="ptolemy.util.test.junit.AutoCGCNoInlineTests" name="[31] /home/travis/build/icyphy/ptII/ptolemy/cg/adapter/generic/program/procedural/c/adapters/ptolemy/actor/lib/test/auto/PoissonClock3.xml (runModelNoInline)" time="1.651" />
  <testcase classname="ptolemy.util.test.junit.AutoCGCNoInlineTests" name="[32] /home/travis/build/icyphy/ptII/ptolemy/cg/adapter/generic/program/procedural/c/adapters/ptolemy/actor/lib/test/auto/PublisherSubscriber.xml (runModelNoInline)" time="1.709" />
  <testcase classname="ptolemy.util.test.junit.AutoCGCNoInlineTests" name="[33] /home/travis/build/icyphy/ptII/ptolemy/cg/adapter/generic/program/procedural/c/adapters/ptolemy/actor/lib/test/auto/PublisherSubscriber2.xml (runModelNoInline)" time="1.56" />
  <testcase classname="ptolemy.util.test.junit.AutoCGCNoInlineTests" name="[34] /home/travis/build/icyphy/ptII/ptolemy/cg/adapter/generic/program/procedural/c/adapters/ptolemy/actor/lib/test/auto/PublisherSubscriber3.xml (runModelNoInline)" time="1.649" />
  <testcase classname="ptolemy.util.test.junit.AutoCGCNoInlineTests" name="[35] /home/travis/build/icyphy/ptII/ptolemy/cg/adapter/generic/program/procedural/c/adapters/ptolemy/actor/lib/test/auto/PublisherSubscriber4.xml (runModelNoInline)" time="1.481" />
  <testcase classname="ptolemy.util.test.junit.AutoCGCNoInlineTests" name="[36] /home/travis/build/icyphy/ptII/ptolemy/cg/adapter/generic/program/procedural/c/adapters/ptolemy/actor/lib/test/auto/PublisherSubscriber5.xml (runModelNoInline)" time="1.689" />
  <testcase classname="ptolemy.util.test.junit.AutoCGCNoInlineTests" name="[37] /home/travis/build/icyphy/ptII/ptolemy/cg/adapter/generic/program/procedural/c/adapters/ptolemy/actor/lib/test/auto/PublisherSubscriber6.xml (runModelNoInline)" time="1.727" />
  <testcase classname="ptolemy.util.test.junit.AutoCGCNoInlineTests" name="[38] /home/travis/build/icyphy/ptII/ptolemy/cg/adapter/generic/program/procedural/c/adapters/ptolemy/actor/lib/test/auto/PublisherSubscriber7.xml (runModelNoInline)" time="1.63" />
  <testcase classname="ptolemy.util.test.junit.AutoCGCNoInlineTests" name="[39] /home/travis/build/icyphy/ptII/ptolemy/cg/adapter/generic/program/procedural/c/adapters/ptolemy/actor/lib/test/auto/PublisherTestSubscriber.xml (runModelNoInline)" time="2.002" />
  <testcase classname="ptolemy.util.test.junit.AutoCGCNoInlineTests" name="[40] /home/travis/build/icyphy/ptII/ptolemy/cg/adapter/generic/program/procedural/c/adapters/ptolemy/actor/lib/test/auto/PublisherTestSubscriber11.xml (runModelNoInline)" time="1.739" />
  <testcase classname="ptolemy.util.test.junit.AutoCGCNoInlineTests" name="[41] /home/travis/build/icyphy/ptII/ptolemy/cg/adapter/generic/program/procedural/c/adapters/ptolemy/actor/lib/test/auto/PublisherTestSubscriber12.xml (runModelNoInline)" time="1.558" />
  <testcase classname="ptolemy.util.test.junit.AutoCGCNoInlineTests" name="[42] /home/travis/build/icyphy/ptII/ptolemy/cg/adapter/generic/program/procedural/c/adapters/ptolemy/actor/lib/test/auto/PublisherTestSubscriber14.xml (runModelNoInline)" time="1.72" />
  <testcase classname="ptolemy.util.test.junit.AutoCGCNoInlineTests" name="[43] /home/travis/build/icyphy/ptII/ptolemy/cg/adapter/generic/program/procedural/c/adapters/ptolemy/actor/lib/test/auto/PublisherTestSubscriber2.xml (runModelNoInline)" time="1.681" />
  <testcase classname="ptolemy.util.test.junit.AutoCGCNoInlineTests" name="[44] /home/travis/build/icyphy/ptII/ptolemy/cg/adapter/generic/program/procedural/c/adapters/ptolemy/actor/lib/test/auto/PublisherTestSubscriber3.xml (runModelNoInline)" time="1.556" />
  <testcase classname="ptolemy.util.test.junit.AutoCGCNoInlineTests" name="[45] /home/travis/build/icyphy/ptII/ptolemy/cg/adapter/generic/program/procedural/c/adapters/ptolemy/actor/lib/test/auto/PublisherTestSubscriber4.xml (runModelNoInline)" time="1.65" />
  <testcase classname="ptolemy.util.test.junit.AutoCGCNoInlineTests" name="[46] /home/travis/build/icyphy/ptII/ptolemy/cg/adapter/generic/program/procedural/c/adapters/ptolemy/actor/lib/test/auto/PublisherTestSubscriber5.xml (runModelNoInline)" time="1.714" />
  <testcase classname="ptolemy.util.test.junit.AutoCGCNoInlineTests" name="[47] /home/travis/build/icyphy/ptII/ptolemy/cg/adapter/generic/program/procedural/c/adapters/ptolemy/actor/lib/test/auto/PublisherTestSubscriber6.xml (runModelNoInline)" time="1.949" />
  <testcase classname="ptolemy.util.test.junit.AutoCGCNoInlineTests" name="[48] /home/travis/build/icyphy/ptII/ptolemy/cg/adapter/generic/program/procedural/c/adapters/ptolemy/actor/lib/test/auto/PublisherTestSubscriber7.xml (runModelNoInline)" time="1.752" />
  <testcase classname="ptolemy.util.test.junit.AutoCGCNoInlineTests" name="[49] /home/travis/build/icyphy/ptII/ptolemy/cg/adapter/generic/program/procedural/c/adapters/ptolemy/actor/lib/test/auto/PublisherTestSubscriberClassr.xml (runModelNoInline)" time="1.587" />
  <testcase classname="ptolemy.util.test.junit.AutoCGCNoInlineTests" name="[50] /home/travis/build/icyphy/ptII/ptolemy/cg/adapter/generic/program/procedural/c/adapters/ptolemy/actor/lib/test/auto/Ramp.xml (runModelNoInline)" time="1.629" />
  <testcase classname="ptolemy.util.test.junit.AutoCGCNoInlineTests" name="[51] /home/travis/build/icyphy/ptII/ptolemy/cg/adapter/generic/program/procedural/c/adapters/ptolemy/actor/lib/test/auto/Ramp1000.xml (runModelNoInline)" time="1.827" />
  <testcase classname="ptolemy.util.test.junit.AutoCGCNoInlineTests" name="[52] /home/travis/build/icyphy/ptII/ptolemy/cg/adapter/generic/program/procedural/c/adapters/ptolemy/actor/lib/test/auto/Recorder.xml (runModelNoInline)" time="1.605" />
  <testcase classname="ptolemy.util.test.junit.AutoCGCNoInlineTests" name="[53] /home/travis/build/icyphy/ptII/ptolemy/cg/adapter/generic/program/procedural/c/adapters/ptolemy/actor/lib/test/auto/Sequence.xml (runModelNoInline)" time="1.473" />
  <testcase classname="ptolemy.util.test.junit.AutoCGCNoInlineTests" name="[54] /home/travis/build/icyphy/ptII/ptolemy/cg/adapter/generic/program/procedural/c/adapters/ptolemy/actor/lib/test/auto/Sequence2.xml (runModelNoInline)" time="1.578" />
  <testcase classname="ptolemy.util.test.junit.AutoCGCNoInlineTests" name="[55] /home/travis/build/icyphy/ptII/ptolemy/cg/adapter/generic/program/procedural/c/adapters/ptolemy/actor/lib/test/auto/StringConstComposite.xml (runModelNoInline)" time="1.613" />
  <testcase classname="ptolemy.util.test.junit.AutoCGCNoInlineTests" name="[56] /home/travis/build/icyphy/ptII/ptolemy/cg/adapter/generic/program/procedural/c/adapters/ptolemy/actor/lib/test/auto/Test.xml (runModelNoInline)" time="1.421" />
  <testcase classname="ptolemy.util.test.junit.AutoCGCNoInlineTests" name="[57] /home/travis/build/icyphy/ptII/ptolemy/cg/adapter/generic/program/procedural/c/adapters/ptolemy/actor/lib/test/auto/TestMultiPortDouble.xml (runModelNoInline)" time="1.511" />
  <testcase classname="ptolemy.util.test.junit.AutoCGCNoInlineTests" name="[58] /home/travis/build/icyphy/ptII/ptolemy/cg/adapter/generic/program/procedural/c/adapters/ptolemy/actor/lib/test/auto/TestNaN.xml (runModelNoInline)" time="1.647" />
  <testcase classname="ptolemy.util.test.junit.AutoCGCNoInlineTests" name="[59] /home/travis/build/icyphy/ptII/ptolemy/cg/adapter/generic/program/procedural/c/adapters/ptolemy/actor/lib/test/auto/arrayType.xml (runModelNoInline)" time="1.929" />
  <testcase classname="ptolemy.util.test.junit.AutoCGCNoInlineTests" name="[60] /home/travis/build/icyphy/ptII/ptolemy/cg/adapter/generic/program/procedural/c/adapters/ptolemy/actor/lib/test/auto/arrayType10.xml (runModelNoInline)" time="1.746" />
  <testcase classname="ptolemy.util.test.junit.AutoCGCNoInlineTests" name="[61] /home/travis/build/icyphy/ptII/ptolemy/cg/adapter/generic/program/procedural/c/adapters/ptolemy/actor/lib/test/auto/arrayType11.xml (runModelNoInline)" time="1.852" />
  <testcase classname="ptolemy.util.test.junit.AutoCGCNoInlineTests" name="[62] /home/travis/build/icyphy/ptII/ptolemy/cg/adapter/generic/program/procedural/c/adapters/ptolemy/actor/lib/test/auto/arrayType12.xml (runModelNoInline)" time="1.854" />
  <testcase classname="ptolemy.util.test.junit.AutoCGCNoInlineTests" name="[63] /home/travis/build/icyphy/ptII/ptolemy/cg/adapter/generic/program/procedural/c/adapters/ptolemy/actor/lib/test/auto/arrayType13.xml (runModelNoInline)" time="1.891" />
  <testcase classname="ptolemy.util.test.junit.AutoCGCNoInlineTests" name="[64] /home/travis/build/icyphy/ptII/ptolemy/cg/adapter/generic/program/procedural/c/adapters/ptolemy/actor/lib/test/auto/arrayType14.xml (runModelNoInline)" time="1.791" />
  <testcase classname="ptolemy.util.test.junit.AutoCGCNoInlineTests" name="[65] /home/travis/build/icyphy/ptII/ptolemy/cg/adapter/generic/program/procedural/c/adapters/ptolemy/actor/lib/test/auto/arrayType15.xml (runModelNoInline)" time="1.98" />
  <testcase classname="ptolemy.util.test.junit.AutoCGCNoInlineTests" name="[66] /home/travis/build/icyphy/ptII/ptolemy/cg/adapter/generic/program/procedural/c/adapters/ptolemy/actor/lib/test/auto/arrayType16.xml (runModelNoInline)" time="1.827" />
  <testcase classname="ptolemy.util.test.junit.AutoCGCNoInlineTests" name="[67] /home/travis/build/icyphy/ptII/ptolemy/cg/adapter/generic/program/procedural/c/adapters/ptolemy/actor/lib/test/auto/arrayType17.xml (runModelNoInline)" time="1.781" />
  <testcase classname="ptolemy.util.test.junit.AutoCGCNoInlineTests" name="[68] /home/travis/build/icyphy/ptII/ptolemy/cg/adapter/generic/program/procedural/c/adapters/ptolemy/actor/lib/test/auto/arrayType18.xml (runModelNoInline)" time="1.79" />
  <testcase classname="ptolemy.util.test.junit.AutoCGCNoInlineTests" name="[69] /home/travis/build/icyphy/ptII/ptolemy/cg/adapter/generic/program/procedural/c/adapters/ptolemy/actor/lib/test/auto/arrayType19.xml (runModelNoInline)" time="1.901" />
  <testcase classname="ptolemy.util.test.junit.AutoCGCNoInlineTests" name="[70] /home/travis/build/icyphy/ptII/ptolemy/cg/adapter/generic/program/procedural/c/adapters/ptolemy/actor/lib/test/auto/arrayType2.xml (runModelNoInline)" time="1.742" />
  <testcase classname="ptolemy.util.test.junit.AutoCGCNoInlineTests" name="[71] /home/travis/build/icyphy/ptII/ptolemy/cg/adapter/generic/program/procedural/c/adapters/ptolemy/actor/lib/test/auto/arrayType20.xml (runModelNoInline)" time="1.762" />
  <testcase classname="ptolemy.util.test.junit.AutoCGCNoInlineTests" name="[72] /home/travis/build/icyphy/ptII/ptolemy/cg/adapter/generic/program/procedural/c/adapters/ptolemy/actor/lib/test/auto/arrayType21.xml (runModelNoInline)" time="1.725" />
  <testcase classname="ptolemy.util.test.junit.AutoCGCNoInlineTests" name="[73] /home/travis/build/icyphy/ptII/ptolemy/cg/adapter/generic/program/procedural/c/adapters/ptolemy/actor/lib/test/auto/arrayType22.xml (runModelNoInline)" time="1.682" />
  <testcase classname="ptolemy.util.test.junit.AutoCGCNoInlineTests" name="[74] /home/travis/build/icyphy/ptII/ptolemy/cg/adapter/generic/program/procedural/c/adapters/ptolemy/actor/lib/test/auto/arrayType23.xml (runModelNoInline)" time="1.732" />
  <testcase classname="ptolemy.util.test.junit.AutoCGCNoInlineTests" name="[75] /home/travis/build/icyphy/ptII/ptolemy/cg/adapter/generic/program/procedural/c/adapters/ptolemy/actor/lib/test/auto/arrayType24.xml (runModelNoInline)" time="1.908" />
  <testcase classname="ptolemy.util.test.junit.AutoCGCNoInlineTests" name="[76] /home/travis/build/icyphy/ptII/ptolemy/cg/adapter/generic/program/procedural/c/adapters/ptolemy/actor/lib/test/auto/arrayType4.xml (runModelNoInline)" time="1.785" />
  <testcase classname="ptolemy.util.test.junit.AutoCGCNoInlineTests" name="[77] /home/travis/build/icyphy/ptII/ptolemy/cg/adapter/generic/program/procedural/c/adapters/ptolemy/actor/lib/test/auto/arrayType5.xml (runModelNoInline)" time="1.718" />
  <testcase classname="ptolemy.util.test.junit.AutoCGCNoInlineTests" name="[78] /home/travis/build/icyphy/ptII/ptolemy/cg/adapter/generic/program/procedural/c/adapters/ptolemy/actor/lib/test/auto/arrayType6.xml (runModelNoInline)" time="1.761" />
  <testcase classname="ptolemy.util.test.junit.AutoCGCNoInlineTests" name="[79] /home/travis/build/icyphy/ptII/ptolemy/cg/adapter/generic/program/procedural/c/adapters/ptolemy/actor/lib/test/auto/arrayType7.xml (runModelNoInline)" time="1.633" />
  <testcase classname="ptolemy.util.test.junit.AutoCGCNoInlineTests" name="[80] /home/travis/build/icyphy/ptII/ptolemy/cg/adapter/generic/program/procedural/c/adapters/ptolemy/actor/lib/test/auto/arrayType8.xml (runModelNoInline)" time="1.714" />
  <testcase classname="ptolemy.util.test.junit.AutoCGCNoInlineTests" name="[81] /home/travis/build/icyphy/ptII/ptolemy/cg/adapter/generic/program/procedural/c/adapters/ptolemy/actor/lib/test/auto/arrayType9.xml (runModelNoInline)" time="1.76" />
  <testcase classname="ptolemy.util.test.junit.AutoCGCNoInlineTests" name="[82] /home/travis/build/icyphy/ptII/ptolemy/cg/adapter/generic/program/procedural/c/adapters/ptolemy/actor/lib/test/auto/hierarchicalModel_1_1.xml (runModelNoInline)" time="1.524" />
  <testcase classname="ptolemy.util.test.junit.AutoCGCNoInlineTests" name="[83] /home/travis/build/icyphy/ptII/ptolemy/cg/adapter/generic/program/procedural/c/adapters/ptolemy/actor/lib/test/auto/hierarchicalModel_2_2e.xml (runModelNoInline)" time="1.742" />
  <system-out><![CDATA[----------------- (Known Failure) AutoCG $PTII/bin/ptcg -language c -generateInSubdirectory false -inline true -maximumLinesPerBlock 2500 -variablesAsArrays false /home/travis/build/icyphy/ptII/ptolemy/cg/adapter/generic/program/procedural/c/adapters/ptolemy/actor/lib/test/auto/knownFailedTests/ExpressionMultiplyPower2.xmlCCodeGenerator._generateCode(): Deleting /home/travis/cg/
CCodeGenerator set the container? : actor.getContainer(): null _isTopLevel: true generateEmbeddedCode: false
CCodeGenerator include the container .h? : container.getContainer(): null _isTopLevel: true generateEmbeddedCode: false
Reading "ptolemy/cg/kernel/generic/program/procedural/c/makefile.in",
    writing "/home/travis/cg/ExpressionMultiplyPower2.mk"
Using ptolemy/cg/kernel/generic/program/procedural/c/makefile.in
In "/home/travis/cg", about to execute:
    make -f ExpressionMultiplyPower2.mk
gcc -D__int64="long long" -Wall -std=c99  -ggdb  -I /home/travis/cg//_ExpressionMultiplyPower2 -I /home/travis/cg/commons/ ExpressionMultiplyPower2_Main.c _ExpressionMultiplyPower2/ExpressionMultiplyPower2.c _ExpressionMultiplyPower2/ExpressionMultiplyPower2_Ramp.c _ExpressionMultiplyPower2/ExpressionMultiplyPower2_CompositeActor_Expression2.c _ExpressionMultiplyPower2/ExpressionMultiplyPower2_CompositeActor_Test2.c _ExpressionMultiplyPower2/ExpressionMultiplyPower2_CompositeActor_Const.c _ExpressionMultiplyPower2/ExpressionMultiplyPower2_SDFSchedule.c commons/_SDFReceiver.c commons/_CompositeActor.c commons/_AtomicActor.c commons/_Director.c commons/pblSet.c commons/pblHeap.c commons/_LocalClock.c commons/_SDFDirector.c commons/pblIterator.c commons/_Receiver.c commons/_IOPort.c commons/pblMap.c commons/_Actor.c commons/pblList.c commons/_ptTypes.c commons/pblCollection.c commons/pblPriorityQueue.c commons/pblhash.c commons/_TypedIOPort.c commons/pbl.c -o ExpressionMultiplyPower2 -lm 
_ExpressionMultiplyPower2/ExpressionMultiplyPower2.c: In function ExpressionMultiplyPower2_New:
_ExpressionMultiplyPower2/ExpressionMultiplyPower2.c:57:20: warning: unused variable ExpressionMultiplyPower2_Ramp_output [-Wunused-variable]
     struct IOPort* ExpressionMultiplyPower2_Ramp_output = (struct IOPort*)ExpressionMultiplyPower2_Ramp_get_output();
                    ^
_ExpressionMultiplyPower2/ExpressionMultiplyPower2_CompositeActor_Const.c: In function ExpressionMultiplyPower2_CompositeActor_Const_fire:
_ExpressionMultiplyPower2/ExpressionMultiplyPower2_CompositeActor_Const.c:89:62: error: LBW undeclared (first use in this function)
     (*(output->send))((struct IOPort*) output, 0, Int_new((*(LBW->get))((struct IOPort*) LBW, 0)->payload.Token));
                                                              ^
_ExpressionMultiplyPower2/ExpressionMultiplyPower2_CompositeActor_Const.c:89:62: note: each undeclared identifier is reported only once for each function it appears in
make: *** [ExpressionMultiplyPower2] Error 1
All Done
Known Failure: Return value of the last command executed was not zero, it was: 2
----------------- (Known Failure) AutoCG $PTII/bin/ptcg -language c -generateInSubdirectory false -inline false -maximumLinesPerBlock 2500 -variablesAsArrays false /home/travis/build/icyphy/ptII/ptolemy/cg/adapter/generic/program/procedural/c/adapters/ptolemy/actor/lib/test/auto/knownFailedTests/ExpressionMultiplyPower2.xmlCCodeGenerator._generateCode(): Deleting /home/travis/cg/
CCodeGenerator set the container? : actor.getContainer(): null _isTopLevel: true generateEmbeddedCode: false
CCodeGenerator include the container .h? : container.getContainer(): null _isTopLevel: true generateEmbeddedCode: false
Reading "ptolemy/cg/kernel/generic/program/procedural/c/makefile.in",
    writing "/home/travis/cg/ExpressionMultiplyPower2.mk"
Using ptolemy/cg/kernel/generic/program/procedural/c/makefile.in
In "/home/travis/cg", about to execute:
    make -f ExpressionMultiplyPower2.mk
gcc -D__int64="long long" -Wall -std=c99  -ggdb  -I /home/travis/cg//_ExpressionMultiplyPower2 -I /home/travis/cg/commons/ ExpressionMultiplyPower2_Main.c _ExpressionMultiplyPower2/ExpressionMultiplyPower2.c _ExpressionMultiplyPower2/ExpressionMultiplyPower2_Ramp.c _ExpressionMultiplyPower2/ExpressionMultiplyPower2_CompositeActor_Expression2.c _ExpressionMultiplyPower2/ExpressionMultiplyPower2_CompositeActor_Test2.c _ExpressionMultiplyPower2/ExpressionMultiplyPower2_CompositeActor_Const.c _ExpressionMultiplyPower2/ExpressionMultiplyPower2_SDFSchedule.c commons/_SDFReceiver.c commons/_CompositeActor.c commons/_AtomicActor.c commons/_Director.c commons/pblSet.c commons/pblHeap.c commons/_LocalClock.c commons/_SDFDirector.c commons/pblIterator.c commons/_Receiver.c commons/_IOPort.c commons/pblMap.c commons/_Actor.c commons/pblList.c commons/_ptTypes.c commons/pblCollection.c commons/pblPriorityQueue.c commons/pblhash.c commons/_TypedIOPort.c commons/pbl.c -o ExpressionMultiplyPower2 -lm 
_ExpressionMultiplyPower2/ExpressionMultiplyPower2.c: In function ExpressionMultiplyPower2_New:
_ExpressionMultiplyPower2/ExpressionMultiplyPower2.c:57:20: warning: unused variable ExpressionMultiplyPower2_Ramp_output [-Wunused-variable]
     struct IOPort* ExpressionMultiplyPower2_Ramp_output = (struct IOPort*)ExpressionMultiplyPower2_Ramp_get_output();
                    ^
_ExpressionMultiplyPower2/ExpressionMultiplyPower2_CompositeActor_Const.c: In function ExpressionMultiplyPower2_CompositeActor_Const_fire:
_ExpressionMultiplyPower2/ExpressionMultiplyPower2_CompositeActor_Const.c:89:62: error: LBW undeclared (first use in this function)
     (*(output->send))((struct IOPort*) output, 0, Int_new((*(LBW->get))((struct IOPort*) LBW, 0)->payload.Token));
                                                              ^
_ExpressionMultiplyPower2/ExpressionMultiplyPower2_CompositeActor_Const.c:89:62: note: each undeclared identifier is reported only once for each function it appears in
make: *** [ExpressionMultiplyPower2] Error 1
All Done
Known Failure: Return value of the last command executed was not zero, it was: 2
----------------- AutoCG $PTII/bin/ptcg -language c -generateInSubdirectory false -inline false -maximumLinesPerBlock 2500 -variablesAsArrays false /home/travis/build/icyphy/ptII/ptolemy/cg/adapter/generic/program/procedural/c/adapters/ptolemy/actor/lib/test/auto/AccumulatorWithReset.xmlCCodeGenerator._generateCode(): Deleting /home/travis/cg/
CCodeGenerator set the container? : actor.getContainer(): null _isTopLevel: true generateEmbeddedCode: false
CCodeGenerator include the container .h? : container.getContainer(): null _isTopLevel: true generateEmbeddedCode: false
Reading "ptolemy/cg/kernel/generic/program/procedural/c/makefile.in",
    writing "/home/travis/cg/AccumulatorWithReset.mk"
Using ptolemy/cg/kernel/generic/program/procedural/c/makefile.in
In "/home/travis/cg", about to execute:
    make -f AccumulatorWithReset.mk
gcc -D__int64="long long" -Wall -std=c99  -ggdb  -I /home/travis/cg/commons/ -I /home/travis/cg//_AccumulatorWithReset AccumulatorWithReset_Main.c commons/_SDFReceiver.c commons/_CompositeActor.c commons/_AtomicActor.c commons/_Director.c commons/pblSet.c commons/pblHeap.c commons/_LocalClock.c commons/_SDFDirector.c commons/pblIterator.c commons/_Receiver.c commons/_IOPort.c commons/pblMap.c commons/_Actor.c commons/pblList.c commons/_ptTypes.c commons/pblCollection.c commons/pblPriorityQueue.c commons/pblhash.c commons/_TypedIOPort.c commons/pbl.c _AccumulatorWithReset/AccumulatorWithReset_Sequence2.c _AccumulatorWithReset/AccumulatorWithReset_Accumulator.c _AccumulatorWithReset/AccumulatorWithReset.c _AccumulatorWithReset/AccumulatorWithReset_Ramp2.c _AccumulatorWithReset/AccumulatorWithReset_Test.c _AccumulatorWithReset/AccumulatorWithReset_SDFSchedule.c _AccumulatorWithReset/AccumulatorWithReset_Sequence.c _AccumulatorWithReset/AccumulatorWithReset_Ramp.c -o AccumulatorWithReset -lm 
In "/home/travis/cg", about to execute:
    make -f AccumulatorWithReset.mk run
./AccumulatorWithReset
All Done
----------------- AutoCG $PTII/bin/ptcg -language c -generateInSubdirectory false -inline false -maximumLinesPerBlock 2500 -variablesAsArrays false /home/travis/build/icyphy/ptII/ptolemy/cg/adapter/generic/program/procedural/c/adapters/ptolemy/actor/lib/test/auto/ActorOrientedClass.xmlCCodeGenerator._generateCode(): Deleting /home/travis/cg/
CCodeGenerator set the container? : actor.getContainer(): null _isTopLevel: true generateEmbeddedCode: false
CCodeGenerator include the container .h? : container.getContainer(): null _isTopLevel: true generateEmbeddedCode: false
CCodeGenerator set the container? : actor.getContainer(): ptolemy.actor.TypedCompositeActor {.ActorOrientedClass} _isTopLevel: true generateEmbeddedCode: false
CCodeGenerator include the container .h? : container.getContainer(): ptolemy.actor.TypedCompositeActor {.ActorOrientedClass} _isTopLevel: true generateEmbeddedCode: false
Reading "ptolemy/cg/kernel/generic/program/procedural/c/makefile.in",
    writing "/home/travis/cg/ActorOrientedClass.mk"
Using ptolemy/cg/kernel/generic/program/procedural/c/makefile.in
In "/home/travis/cg", about to execute:
    make -f ActorOrientedClass.mk
gcc -D__int64="long long" -Wall -std=c99  -ggdb  -I /home/travis/cg//_ActorOrientedClass/_InstanceOfCompositeClassDefinition -I /home/travis/cg/commons/ -I /home/travis/cg//_ActorOrientedClass ActorOrientedClass_Main.c _ActorOrientedClass/ActorOrientedClass.c _ActorOrientedClass/ActorOrientedClass_Test.c _ActorOrientedClass/_InstanceOfCompositeClassDefinition/ActorOrientedClass_InstanceOfCompositeClassDefinition_SDFSchedule.c _ActorOrientedClass/_InstanceOfCompositeClassDefinition/ActorOrientedClass_InstanceOfCompositeClassDefinition.c _ActorOrientedClass/_InstanceOfCompositeClassDefinition/ActorOrientedClass_InstanceOfCompositeClassDefinition_Const.c _ActorOrientedClass/_InstanceOfCompositeClassDefinition/ActorOrientedClass_InstanceOfCompositeClassDefinition_AddSubtract.c _ActorOrientedClass/ActorOrientedClass_SDFSchedule.c commons/_SDFReceiver.c commons/_CompositeActor.c commons/_AtomicActor.c commons/_Director.c commons/pblSet.c commons/pblHeap.c commons/_LocalClock.c commons/_SDFDirector.c commons/pblIterator.c commons/_Receiver.c commons/_IOPort.c commons/pblMap.c commons/_Actor.c commons/pblList.c commons/_ptTypes.c commons/pblCollection.c commons/pblPriorityQueue.c commons/pblhash.c commons/_TypedIOPort.c commons/pbl.c -o ActorOrientedClass -lm 
In "/home/travis/cg", about to execute:
    make -f ActorOrientedClass.mk run
./ActorOrientedClass
All Done
----------------- AutoCG $PTII/bin/ptcg -language c -generateInSubdirectory false -inline false -maximumLinesPerBlock 2500 -variablesAsArrays false /home/travis/build/icyphy/ptII/ptolemy/cg/adapter/generic/program/procedural/c/adapters/ptolemy/actor/lib/test/auto/AddSubtract.xmlCCodeGenerator._generateCode(): Deleting /home/travis/cg/
CCodeGenerator set the container? : actor.getContainer(): null _isTopLevel: true generateEmbeddedCode: false
CCodeGenerator include the container .h? : container.getContainer(): null _isTopLevel: true generateEmbeddedCode: false
Reading "ptolemy/cg/kernel/generic/program/procedural/c/makefile.in",
    writing "/home/travis/cg/AddSubtract.mk"
Using ptolemy/cg/kernel/generic/program/procedural/c/makefile.in
In "/home/travis/cg", about to execute:
    make -f AddSubtract.mk
gcc -D__int64="long long" -Wall -std=c99  -ggdb  -I /home/travis/cg/commons/ -I /home/travis/cg//_AddSubtract AddSubtract_Main.c commons/_SDFReceiver.c commons/_CompositeActor.c commons/_AtomicActor.c commons/_Director.c commons/pblSet.c commons/pblHeap.c commons/_LocalClock.c commons/_SDFDirector.c commons/pblIterator.c commons/_Receiver.c commons/_IOPort.c commons/pblMap.c commons/_Actor.c commons/pblList.c commons/_ptTypes.c commons/pblCollection.c commons/pblPriorityQueue.c commons/pblhash.c commons/_TypedIOPort.c commons/pbl.c _AddSubtract/AddSubtract_AddSubtract.c _AddSubtract/AddSubtract_Const.c _AddSubtract/AddSubtract_SDFSchedule.c _AddSubtract/AddSubtract_Const2.c _AddSubtract/AddSubtract_Test.c _AddSubtract/AddSubtract.c -o AddSubtract -lm 
In "/home/travis/cg", about to execute:
    make -f AddSubtract.mk run
./AddSubtract
All Done
----------------- AutoCG $PTII/bin/ptcg -language c -generateInSubdirectory false -inline false -maximumLinesPerBlock 2500 -variablesAsArrays false /home/travis/build/icyphy/ptII/ptolemy/cg/adapter/generic/program/procedural/c/adapters/ptolemy/actor/lib/test/auto/AddSubtract3.xmlCCodeGenerator._generateCode(): Deleting /home/travis/cg/
CCodeGenerator set the container? : actor.getContainer(): null _isTopLevel: true generateEmbeddedCode: false
CCodeGenerator include the container .h? : container.getContainer(): null _isTopLevel: true generateEmbeddedCode: false
Reading "ptolemy/cg/kernel/generic/program/procedural/c/makefile.in",
    writing "/home/travis/cg/AddSubtract3.mk"
Using ptolemy/cg/kernel/generic/program/procedural/c/makefile.in
In "/home/travis/cg", about to execute:
    make -f AddSubtract3.mk
gcc -D__int64="long long" -Wall -std=c99  -ggdb  -I /home/travis/cg/commons/ -I /home/travis/cg//_AddSubtract3 AddSubtract3_Main.c _AddSubtract3/AddSubtract3_AddSubtract.c _AddSubtract3/AddSubtract3_Const3.c _AddSubtract3/AddSubtract3_Const.c _AddSubtract3/AddSubtract3_SDFSchedule.c _AddSubtract3/AddSubtract3.c _AddSubtract3/AddSubtract3_Const2.c _AddSubtract3/AddSubtract3_Test.c commons/_SDFReceiver.c commons/_CompositeActor.c commons/_AtomicActor.c commons/_Director.c commons/pblSet.c commons/pblHeap.c commons/_LocalClock.c commons/_SDFDirector.c commons/pblIterator.c commons/_Receiver.c commons/_IOPort.c commons/pblMap.c commons/_Actor.c commons/pblList.c commons/_ptTypes.c commons/pblCollection.c commons/pblPriorityQueue.c commons/pblhash.c commons/_TypedIOPort.c commons/pbl.c -o AddSubtract3 -lm 
In "/home/travis/cg", about to execute:
    make -f AddSubtract3.mk run
./AddSubtract3
All Done
----------------- AutoCG $PTII/bin/ptcg -language c -generateInSubdirectory false -inline false -maximumLinesPerBlock 2500 -variablesAsArrays false /home/travis/build/icyphy/ptII/ptolemy/cg/adapter/generic/program/procedural/c/adapters/ptolemy/actor/lib/test/auto/Bernoulli.xmlCCodeGenerator._generateCode(): Deleting /home/travis/cg/
CCodeGenerator set the container? : actor.getContainer(): null _isTopLevel: true generateEmbeddedCode: false
CCodeGenerator include the container .h? : container.getContainer(): null _isTopLevel: true generateEmbeddedCode: false
Reading "ptolemy/cg/kernel/generic/program/procedural/c/makefile.in",
    writing "/home/travis/cg/Bernoulli.mk"
Using ptolemy/cg/kernel/generic/program/procedural/c/makefile.in
In "/home/travis/cg", about to execute:
    make -f Bernoulli.mk
gcc -D__int64="long long" -Wall -std=c99  -ggdb  -I /home/travis/cg//_Bernoulli -I /home/travis/cg/commons/ Bernoulli_Main.c _Bernoulli/Bernoulli_Bernoulli.c _Bernoulli/Bernoulli_Test.c _Bernoulli/Bernoulli.c _Bernoulli/Bernoulli_SDFSchedule.c commons/_SDFReceiver.c commons/_CompositeActor.c commons/_AtomicActor.c commons/_Director.c commons/pblSet.c commons/pblHeap.c commons/_LocalClock.c commons/_SDFDirector.c commons/pblIterator.c commons/_Receiver.c commons/_IOPort.c commons/pblMap.c commons/_Actor.c commons/pblList.c commons/_ptTypes.c commons/pblCollection.c commons/pblPriorityQueue.c commons/pblhash.c commons/_TypedIOPort.c commons/pbl.c -o Bernoulli -lm 
In "/home/travis/cg", about to execute:
    make -f Bernoulli.mk run
./Bernoulli
All Done
----------------- AutoCG $PTII/bin/ptcg -language c -generateInSubdirectory false -inline false -maximumLinesPerBlock 2500 -variablesAsArrays false /home/travis/build/icyphy/ptII/ptolemy/cg/adapter/generic/program/procedural/c/adapters/ptolemy/actor/lib/test/auto/DB.xmlCCodeGenerator._generateCode(): Deleting /home/travis/cg/
CCodeGenerator set the container? : actor.getContainer(): null _isTopLevel: true generateEmbeddedCode: false
CCodeGenerator include the container .h? : container.getContainer(): null _isTopLevel: true generateEmbeddedCode: false
Reading "ptolemy/cg/kernel/generic/program/procedural/c/makefile.in",
    writing "/home/travis/cg/DB.mk"
Using ptolemy/cg/kernel/generic/program/procedural/c/makefile.in
In "/home/travis/cg", about to execute:
    make -f DB.mk
gcc -D__int64="long long" -Wall -std=c99  -ggdb  -I /home/travis/cg/commons/ -I /home/travis/cg//_DB DB_Main.c _DB/DB_Test13.c _DB/DB_DB0.c _DB/DB_SDFSchedule.c _DB/DB_DB7.c _DB/DB_Ramp1.c _DB/DB.c _DB/DB_Test4.c commons/_SDFReceiver.c commons/_CompositeActor.c commons/_AtomicActor.c commons/_Director.c commons/pblSet.c commons/pblHeap.c commons/_LocalClock.c commons/_SDFDirector.c commons/pblIterator.c commons/_Receiver.c commons/_IOPort.c commons/pblMap.c commons/_Actor.c commons/pblList.c commons/_ptTypes.c commons/pblCollection.c commons/pblPriorityQueue.c commons/pblhash.c commons/_TypedIOPort.c commons/pbl.c -o DB -lm 
In "/home/travis/cg", about to execute:
    make -f DB.mk run
./DB
All Done
----------------- AutoCG $PTII/bin/ptcg -language c -generateInSubdirectory false -inline false -maximumLinesPerBlock 2500 -variablesAsArrays false /home/travis/build/icyphy/ptII/ptolemy/cg/adapter/generic/program/procedural/c/adapters/ptolemy/actor/lib/test/auto/DiscreteClock.xmlCCodeGenerator._generateCode(): Deleting /home/travis/cg/
CCodeGenerator set the container? : actor.getContainer(): null _isTopLevel: true generateEmbeddedCode: false
CCodeGenerator include the container .h? : container.getContainer(): null _isTopLevel: true generateEmbeddedCode: false
Reading "ptolemy/cg/kernel/generic/program/procedural/c/makefile.in",
    writing "/home/travis/cg/DiscreteClock.mk"
Using ptolemy/cg/kernel/generic/program/procedural/c/makefile.in
In "/home/travis/cg", about to execute:
    make -f DiscreteClock.mk
gcc -D__int64="long long" -Wall -std=c99  -ggdb  -I /home/travis/cg//_DiscreteClock -I /home/travis/cg/commons/ DiscreteClock_Main.c commons/_CompositeActor.c commons/_DEEvent.c commons/_AtomicActor.c commons/_Director.c commons/pblSet.c commons/pblHeap.c commons/_LocalClock.c commons/pblIterator.c commons/_CalendarQueue.c commons/_Receiver.c commons/_IOPort.c commons/pblMap.c commons/_Actor.c commons/pblList.c commons/_ptTypes.c commons/pblCollection.c commons/pblPriorityQueue.c commons/pblhash.c commons/_DEDirector.c commons/_TypedIOPort.c commons/pbl.c commons/_DEReceiver.c _DiscreteClock/DiscreteClock_Test.c _DiscreteClock/DiscreteClock.c _DiscreteClock/DiscreteClock_DiscreteClock.c -o DiscreteClock -lm 
In "/home/travis/cg", about to execute:
    make -f DiscreteClock.mk run
./DiscreteClock
All Done
----------------- AutoCG $PTII/bin/ptcg -language c -generateInSubdirectory false -inline false -maximumLinesPerBlock 2500 -variablesAsArrays false /home/travis/build/icyphy/ptII/ptolemy/cg/adapter/generic/program/procedural/c/adapters/ptolemy/actor/lib/test/auto/DiscreteClock10.xmlCCodeGenerator._generateCode(): Deleting /home/travis/cg/
CCodeGenerator set the container? : actor.getContainer(): null _isTopLevel: true generateEmbeddedCode: false
CCodeGenerator include the container .h? : container.getContainer(): null _isTopLevel: true generateEmbeddedCode: false
Reading "ptolemy/cg/kernel/generic/program/procedural/c/makefile.in",
    writing "/home/travis/cg/DiscreteClock10.mk"
Using ptolemy/cg/kernel/generic/program/procedural/c/makefile.in
In "/home/travis/cg", about to execute:
    make -f DiscreteClock10.mk
gcc -D__int64="long long" -Wall -std=c99  -ggdb  -I /home/travis/cg//_DiscreteClock10 -I /home/travis/cg/commons/ DiscreteClock10_Main.c _DiscreteClock10/DiscreteClock10_DiscreteClock.c _DiscreteClock10/DiscreteClock10_control.c _DiscreteClock10/DiscreteClock10_Test2.c _DiscreteClock10/DiscreteClock10.c _DiscreteClock10/DiscreteClock10_SingleEvent.c _DiscreteClock10/DiscreteClock10_CurrentTime.c commons/_CompositeActor.c commons/_DEEvent.c commons/_AtomicActor.c commons/_Director.c commons/pblSet.c commons/pblHeap.c commons/_LocalClock.c commons/pblIterator.c commons/_CalendarQueue.c commons/_Receiver.c commons/_IOPort.c commons/pblMap.c commons/_Actor.c commons/pblList.c commons/_ptTypes.c commons/pblCollection.c commons/pblPriorityQueue.c commons/pblhash.c commons/_DEDirector.c commons/_TypedIOPort.c commons/pbl.c commons/_DEReceiver.c -o DiscreteClock10 -lm 
In "/home/travis/cg", about to execute:
    make -f DiscreteClock10.mk run
./DiscreteClock10
All Done
----------------- AutoCG $PTII/bin/ptcg -language c -generateInSubdirectory false -inline false -maximumLinesPerBlock 2500 -variablesAsArrays false /home/travis/build/icyphy/ptII/ptolemy/cg/adapter/generic/program/procedural/c/adapters/ptolemy/actor/lib/test/auto/DiscreteClock11.xmlCCodeGenerator._generateCode(): Deleting /home/travis/cg/
CCodeGenerator set the container? : actor.getContainer(): null _isTopLevel: true generateEmbeddedCode: false
CCodeGenerator include the container .h? : container.getContainer(): null _isTopLevel: true generateEmbeddedCode: false
Reading "ptolemy/cg/kernel/generic/program/procedural/c/makefile.in",
    writing "/home/travis/cg/DiscreteClock11.mk"
Using ptolemy/cg/kernel/generic/program/procedural/c/makefile.in
In "/home/travis/cg", about to execute:
    make -f DiscreteClock11.mk
gcc -D__int64="long long" -Wall -std=c99  -ggdb  -I /home/travis/cg//_DiscreteClock11 -I /home/travis/cg/commons/ DiscreteClock11_Main.c commons/_CompositeActor.c commons/_DEEvent.c commons/_AtomicActor.c commons/_Director.c commons/pblSet.c commons/pblHeap.c commons/_LocalClock.c commons/pblIterator.c commons/_CalendarQueue.c commons/_Receiver.c commons/_IOPort.c commons/pblMap.c commons/_Actor.c commons/pblList.c commons/_ptTypes.c commons/pblCollection.c commons/pblPriorityQueue.c commons/pblhash.c commons/_DEDirector.c commons/_TypedIOPort.c commons/pbl.c commons/_DEReceiver.c _DiscreteClock11/DiscreteClock11_control.c _DiscreteClock11/DiscreteClock11_SingleEvent.c _DiscreteClock11/DiscreteClock11.c _DiscreteClock11/DiscreteClock11_DiscreteClock.c _DiscreteClock11/DiscreteClock11_CurrentTime.c _DiscreteClock11/DiscreteClock11_Test2.c -o DiscreteClock11 -lm 
In "/home/travis/cg", about to execute:
    make -f DiscreteClock11.mk run
./DiscreteClock11
All Done
----------------- AutoCG $PTII/bin/ptcg -language c -generateInSubdirectory false -inline false -maximumLinesPerBlock 2500 -variablesAsArrays false /home/travis/build/icyphy/ptII/ptolemy/cg/adapter/generic/program/procedural/c/adapters/ptolemy/actor/lib/test/auto/DiscreteClock12.xmlCCodeGenerator._generateCode(): Deleting /home/travis/cg/
CCodeGenerator set the container? : actor.getContainer(): null _isTopLevel: true generateEmbeddedCode: false
CCodeGenerator include the container .h? : container.getContainer(): null _isTopLevel: true generateEmbeddedCode: false
Reading "ptolemy/cg/kernel/generic/program/procedural/c/makefile.in",
    writing "/home/travis/cg/DiscreteClock12.mk"
Using ptolemy/cg/kernel/generic/program/procedural/c/makefile.in
In "/home/travis/cg", about to execute:
    make -f DiscreteClock12.mk
gcc -D__int64="long long" -Wall -std=c99  -ggdb  -I /home/travis/cg/commons/ -I /home/travis/cg//_DiscreteClock12 DiscreteClock12_Main.c commons/_CompositeActor.c commons/_DEEvent.c commons/_AtomicActor.c commons/_Director.c commons/pblSet.c commons/pblHeap.c commons/_LocalClock.c commons/pblIterator.c commons/_CalendarQueue.c commons/_Receiver.c commons/_IOPort.c commons/pblMap.c commons/_Actor.c commons/pblList.c commons/_ptTypes.c commons/pblCollection.c commons/pblPriorityQueue.c commons/pblhash.c commons/_DEDirector.c commons/_TypedIOPort.c commons/pbl.c commons/_DEReceiver.c _DiscreteClock12/DiscreteClock12.c _DiscreteClock12/DiscreteClock12_Test2.c _DiscreteClock12/DiscreteClock12_CurrentTime.c _DiscreteClock12/DiscreteClock12_SingleEvent.c _DiscreteClock12/DiscreteClock12_DiscreteClock.c _DiscreteClock12/DiscreteClock12_control.c -o DiscreteClock12 -lm 
In "/home/travis/cg", about to execute:
    make -f DiscreteClock12.mk run
./DiscreteClock12
All Done
----------------- AutoCG $PTII/bin/ptcg -language c -generateInSubdirectory false -inline false -maximumLinesPerBlock 2500 -variablesAsArrays false /home/travis/build/icyphy/ptII/ptolemy/cg/adapter/generic/program/procedural/c/adapters/ptolemy/actor/lib/test/auto/DiscreteClock13.xmlCCodeGenerator._generateCode(): Deleting /home/travis/cg/
CCodeGenerator set the container? : actor.getContainer(): null _isTopLevel: true generateEmbeddedCode: false
CCodeGenerator include the container .h? : container.getContainer(): null _isTopLevel: true generateEmbeddedCode: false
Reading "ptolemy/cg/kernel/generic/program/procedural/c/makefile.in",
    writing "/home/travis/cg/DiscreteClock13.mk"
Using ptolemy/cg/kernel/generic/program/procedural/c/makefile.in
In "/home/travis/cg", about to execute:
    make -f DiscreteClock13.mk
gcc -D__int64="long long" -Wall -std=c99  -ggdb  -I /home/travis/cg/commons/ -I /home/travis/cg//_DiscreteClock13 DiscreteClock13_Main.c commons/_CompositeActor.c commons/_DEEvent.c commons/_AtomicActor.c commons/_Director.c commons/pblSet.c commons/pblHeap.c commons/_LocalClock.c commons/pblIterator.c commons/_CalendarQueue.c commons/_Receiver.c commons/_IOPort.c commons/pblMap.c commons/_Actor.c commons/pblList.c commons/_ptTypes.c commons/pblCollection.c commons/pblPriorityQueue.c commons/pblhash.c commons/_DEDirector.c commons/_TypedIOPort.c commons/pbl.c commons/_DEReceiver.c _DiscreteClock13/DiscreteClock13_Test.c _DiscreteClock13/DiscreteClock13_control.c _DiscreteClock13/DiscreteClock13.c _DiscreteClock13/DiscreteClock13_Test2.c _DiscreteClock13/DiscreteClock13_CurrentTime.c _DiscreteClock13/DiscreteClock13_DiscreteClock.c -o DiscreteClock13 -lm 
In "/home/travis/cg", about to execute:
    make -f DiscreteClock13.mk run
./DiscreteClock13
All Done
----------------- AutoCG $PTII/bin/ptcg -language c -generateInSubdirectory false -inline false -maximumLinesPerBlock 2500 -variablesAsArrays false /home/travis/build/icyphy/ptII/ptolemy/cg/adapter/generic/program/procedural/c/adapters/ptolemy/actor/lib/test/auto/DiscreteClock14.xmlCCodeGenerator._generateCode(): Deleting /home/travis/cg/
CCodeGenerator set the container? : actor.getContainer(): null _isTopLevel: true generateEmbeddedCode: false
CCodeGenerator include the container .h? : container.getContainer(): null _isTopLevel: true generateEmbeddedCode: false
Reading "ptolemy/cg/kernel/generic/program/procedural/c/makefile.in",
    writing "/home/travis/cg/DiscreteClock14.mk"
Using ptolemy/cg/kernel/generic/program/procedural/c/makefile.in
In "/home/travis/cg", about to execute:
    make -f DiscreteClock14.mk
gcc -D__int64="long long" -Wall -std=c99  -ggdb  -I /home/travis/cg/commons/ -I /home/travis/cg//_DiscreteClock14 DiscreteClock14_Main.c commons/_CompositeActor.c commons/_DEEvent.c commons/_AtomicActor.c commons/_Director.c commons/pblSet.c commons/pblHeap.c commons/_LocalClock.c commons/pblIterator.c commons/_CalendarQueue.c commons/_Receiver.c commons/_IOPort.c commons/pblMap.c commons/_Actor.c commons/pblList.c commons/_ptTypes.c commons/pblCollection.c commons/pblPriorityQueue.c commons/pblhash.c commons/_DEDirector.c commons/_TypedIOPort.c commons/pbl.c commons/_DEReceiver.c _DiscreteClock14/DiscreteClock14_DiscreteClock.c _DiscreteClock14/DiscreteClock14_Test.c _DiscreteClock14/DiscreteClock14_Test2.c _DiscreteClock14/DiscreteClock14_CurrentTime.c _DiscreteClock14/DiscreteClock14_control.c _DiscreteClock14/DiscreteClock14.c -o DiscreteClock14 -lm 
In "/home/travis/cg", about to execute:
    make -f DiscreteClock14.mk run
./DiscreteClock14
All Done
----------------- AutoCG $PTII/bin/ptcg -language c -generateInSubdirectory false -inline false -maximumLinesPerBlock 2500 -variablesAsArrays false /home/travis/build/icyphy/ptII/ptolemy/cg/adapter/generic/program/procedural/c/adapters/ptolemy/actor/lib/test/auto/DiscreteClock15.xmlCCodeGenerator._generateCode(): Deleting /home/travis/cg/
CCodeGenerator set the container? : actor.getContainer(): null _isTopLevel: true generateEmbeddedCode: false
CCodeGenerator include the container .h? : container.getContainer(): null _isTopLevel: true generateEmbeddedCode: false
Reading "ptolemy/cg/kernel/generic/program/procedural/c/makefile.in",
    writing "/home/travis/cg/DiscreteClock15.mk"
Using ptolemy/cg/kernel/generic/program/procedural/c/makefile.in
In "/home/travis/cg", about to execute:
    make -f DiscreteClock15.mk
gcc -D__int64="long long" -Wall -std=c99  -ggdb  -I /home/travis/cg/commons/ -I /home/travis/cg//_DiscreteClock15 DiscreteClock15_Main.c _DiscreteClock15/DiscreteClock15_control.c _DiscreteClock15/DiscreteClock15_Test2.c _DiscreteClock15/DiscreteClock15_CurrentTime.c _DiscreteClock15/DiscreteClock15.c _DiscreteClock15/DiscreteClock15_Test.c _DiscreteClock15/DiscreteClock15_DiscreteClock.c commons/_CompositeActor.c commons/_DEEvent.c commons/_AtomicActor.c commons/_Director.c commons/pblSet.c commons/pblHeap.c commons/_LocalClock.c commons/pblIterator.c commons/_CalendarQueue.c commons/_Receiver.c commons/_IOPort.c commons/pblMap.c commons/_Actor.c commons/pblList.c commons/_ptTypes.c commons/pblCollection.c commons/pblPriorityQueue.c commons/pblhash.c commons/_DEDirector.c commons/_TypedIOPort.c commons/pbl.c commons/_DEReceiver.c -o DiscreteClock15 -lm 
In "/home/travis/cg", about to execute:
    make -f DiscreteClock15.mk run
./DiscreteClock15
All Done
----------------- AutoCG $PTII/bin/ptcg -language c -generateInSubdirectory false -inline false -maximumLinesPerBlock 2500 -variablesAsArrays false /home/travis/build/icyphy/ptII/ptolemy/cg/adapter/generic/program/procedural/c/adapters/ptolemy/actor/lib/test/auto/DiscreteClock2.xmlCCodeGenerator._generateCode(): Deleting /home/travis/cg/
CCodeGenerator set the container? : actor.getContainer(): null _isTopLevel: true generateEmbeddedCode: false
CCodeGenerator include the container .h? : container.getContainer(): null _isTopLevel: true generateEmbeddedCode: false
Reading "ptolemy/cg/kernel/generic/program/procedural/c/makefile.in",
    writing "/home/travis/cg/DiscreteClock2.mk"
Using ptolemy/cg/kernel/generic/program/procedural/c/makefile.in
In "/home/travis/cg", about to execute:
    make -f DiscreteClock2.mk
gcc -D__int64="long long" -Wall -std=c99  -ggdb  -I /home/travis/cg//_DiscreteClock2 -I /home/travis/cg/commons/ DiscreteClock2_Main.c _DiscreteClock2/DiscreteClock2.c _DiscreteClock2/DiscreteClock2_DiscreteClock.c _DiscreteClock2/DiscreteClock2_Test.c _DiscreteClock2/DiscreteClock2_CurrentTime.c commons/_CompositeActor.c commons/_DEEvent.c commons/_AtomicActor.c commons/_Director.c commons/pblSet.c commons/pblHeap.c commons/_LocalClock.c commons/pblIterator.c commons/_CalendarQueue.c commons/_Receiver.c commons/_IOPort.c commons/pblMap.c commons/_Actor.c commons/pblList.c commons/_ptTypes.c commons/pblCollection.c commons/pblPriorityQueue.c commons/pblhash.c commons/_DEDirector.c commons/_TypedIOPort.c commons/pbl.c commons/_DEReceiver.c -o DiscreteClock2 -lm 
In "/home/travis/cg", about to execute:
    make -f DiscreteClock2.mk run
./DiscreteClock2
All Done
----------------- AutoCG $PTII/bin/ptcg -language c -generateInSubdirectory false -inline false -maximumLinesPerBlock 2500 -variablesAsArrays false /home/travis/build/icyphy/ptII/ptolemy/cg/adapter/generic/program/procedural/c/adapters/ptolemy/actor/lib/test/auto/DiscreteClock20.xmlCCodeGenerator._generateCode(): Deleting /home/travis/cg/
CCodeGenerator set the container? : actor.getContainer(): null _isTopLevel: true generateEmbeddedCode: false
CCodeGenerator include the container .h? : container.getContainer(): null _isTopLevel: true generateEmbeddedCode: false
Reading "ptolemy/cg/kernel/generic/program/procedural/c/makefile.in",
    writing "/home/travis/cg/DiscreteClock20.mk"
Using ptolemy/cg/kernel/generic/program/procedural/c/makefile.in
In "/home/travis/cg", about to execute:
    make -f DiscreteClock20.mk
gcc -D__int64="long long" -Wall -std=c99  -ggdb  -I /home/travis/cg//_DiscreteClock20 -I /home/travis/cg/commons/ DiscreteClock20_Main.c commons/_CompositeActor.c commons/_DEEvent.c commons/_AtomicActor.c commons/_Director.c commons/pblSet.c commons/pblHeap.c commons/_LocalClock.c commons/pblIterator.c commons/_CalendarQueue.c commons/_Receiver.c commons/_IOPort.c commons/pblMap.c commons/_Actor.c commons/pblList.c commons/_ptTypes.c commons/pblCollection.c commons/pblPriorityQueue.c commons/pblhash.c commons/_DEDirector.c commons/_TypedIOPort.c commons/pbl.c commons/_DEReceiver.c _DiscreteClock20/DiscreteClock20_Test.c _DiscreteClock20/DiscreteClock20_DiscreteClock.c _DiscreteClock20/DiscreteClock20_Test2.c _DiscreteClock20/DiscreteClock20.c _DiscreteClock20/DiscreteClock20_TimeDelay.c _DiscreteClock20/DiscreteClock20_CurrentTime.c -o DiscreteClock20 -lm 
In "/home/travis/cg", about to execute:
    make -f DiscreteClock20.mk run
./DiscreteClock20
All Done
----------------- AutoCG $PTII/bin/ptcg -language c -generateInSubdirectory false -inline false -maximumLinesPerBlock 2500 -variablesAsArrays false /home/travis/build/icyphy/ptII/ptolemy/cg/adapter/generic/program/procedural/c/adapters/ptolemy/actor/lib/test/auto/DiscreteClock22.xmlCCodeGenerator._generateCode(): Deleting /home/travis/cg/
CCodeGenerator set the container? : actor.getContainer(): null _isTopLevel: true generateEmbeddedCode: false
CCodeGenerator include the container .h? : container.getContainer(): null _isTopLevel: true generateEmbeddedCode: false
Reading "ptolemy/cg/kernel/generic/program/procedural/c/makefile.in",
    writing "/home/travis/cg/DiscreteClock22.mk"
Using ptolemy/cg/kernel/generic/program/procedural/c/makefile.in
In "/home/travis/cg", about to execute:
    make -f DiscreteClock22.mk
gcc -D__int64="long long" -Wall -std=c99  -ggdb  -I /home/travis/cg//_DiscreteClock22 -I /home/travis/cg/commons/ DiscreteClock22_Main.c _DiscreteClock22/DiscreteClock22_DiscreteClock.c _DiscreteClock22/DiscreteClock22_TimeDelay.c _DiscreteClock22/DiscreteClock22.c _DiscreteClock22/DiscreteClock22_Test2.c _DiscreteClock22/DiscreteClock22_CurrentTime.c _DiscreteClock22/DiscreteClock22_Test.c commons/_CompositeActor.c commons/_DEEvent.c commons/_AtomicActor.c commons/_Director.c commons/pblSet.c commons/pblHeap.c commons/_LocalClock.c commons/pblIterator.c commons/_CalendarQueue.c commons/_Receiver.c commons/_IOPort.c commons/pblMap.c commons/_Actor.c commons/pblList.c commons/_ptTypes.c commons/pblCollection.c commons/pblPriorityQueue.c commons/pblhash.c commons/_DEDirector.c commons/_TypedIOPort.c commons/pbl.c commons/_DEReceiver.c -o DiscreteClock22 -lm 
In "/home/travis/cg", about to execute:
    make -f DiscreteClock22.mk run
./DiscreteClock22
All Done
----------------- AutoCG $PTII/bin/ptcg -language c -generateInSubdirectory false -inline false -maximumLinesPerBlock 2500 -variablesAsArrays false /home/travis/build/icyphy/ptII/ptolemy/cg/adapter/generic/program/procedural/c/adapters/ptolemy/actor/lib/test/auto/DiscreteClock23.xmlCCodeGenerator._generateCode(): Deleting /home/travis/cg/
CCodeGenerator set the container? : actor.getContainer(): null _isTopLevel: true generateEmbeddedCode: false
CCodeGenerator include the container .h? : container.getContainer(): null _isTopLevel: true generateEmbeddedCode: false
Reading "ptolemy/cg/kernel/generic/program/procedural/c/makefile.in",
    writing "/home/travis/cg/DiscreteClock23.mk"
Using ptolemy/cg/kernel/generic/program/procedural/c/makefile.in
In "/home/travis/cg", about to execute:
    make -f DiscreteClock23.mk
gcc -D__int64="long long" -Wall -std=c99  -ggdb  -I /home/travis/cg/commons/ -I /home/travis/cg//_DiscreteClock23 DiscreteClock23_Main.c commons/_CompositeActor.c commons/_DEEvent.c commons/_AtomicActor.c commons/_Director.c commons/pblSet.c commons/pblHeap.c commons/_LocalClock.c commons/pblIterator.c commons/_CalendarQueue.c commons/_Receiver.c commons/_IOPort.c commons/pblMap.c commons/_Actor.c commons/pblList.c commons/_ptTypes.c commons/pblCollection.c commons/pblPriorityQueue.c commons/pblhash.c commons/_DEDirector.c commons/_TypedIOPort.c commons/pbl.c commons/_DEReceiver.c _DiscreteClock23/DiscreteClock23_CurrentTime.c _DiscreteClock23/DiscreteClock23_TimeDelay2.c _DiscreteClock23/DiscreteClock23_Test2.c _DiscreteClock23/DiscreteClock23_DiscreteClock.c _DiscreteClock23/DiscreteClock23_Test.c _DiscreteClock23/DiscreteClock23.c -o DiscreteClock23 -lm 
In "/home/travis/cg", about to execute:
    make -f DiscreteClock23.mk run
./DiscreteClock23
All Done
----------------- AutoCG $PTII/bin/ptcg -language c -generateInSubdirectory false -inline false -maximumLinesPerBlock 2500 -variablesAsArrays false /home/travis/build/icyphy/ptII/ptolemy/cg/adapter/generic/program/procedural/c/adapters/ptolemy/actor/lib/test/auto/DiscreteClock24.xmlCCodeGenerator._generateCode(): Deleting /home/travis/cg/
CCodeGenerator set the container? : actor.getContainer(): null _isTopLevel: true generateEmbeddedCode: false
CCodeGenerator include the container .h? : container.getContainer(): null _isTopLevel: true generateEmbeddedCode: false
Reading "ptolemy/cg/kernel/generic/program/procedural/c/makefile.in",
    writing "/home/travis/cg/DiscreteClock24.mk"
Using ptolemy/cg/kernel/generic/program/procedural/c/makefile.in
In "/home/travis/cg", about to execute:
    make -f DiscreteClock24.mk
gcc -D__int64="long long" -Wall -std=c99  -ggdb  -I /home/travis/cg/commons/ -I /home/travis/cg//_DiscreteClock24 DiscreteClock24_Main.c commons/_CompositeActor.c commons/_DEEvent.c commons/_AtomicActor.c commons/_Director.c commons/pblSet.c commons/pblHeap.c commons/_LocalClock.c commons/pblIterator.c commons/_CalendarQueue.c commons/_Receiver.c commons/_IOPort.c commons/pblMap.c commons/_Actor.c commons/pblList.c commons/_ptTypes.c commons/pblCollection.c commons/pblPriorityQueue.c commons/pblhash.c commons/_DEDirector.c commons/_TypedIOPort.c commons/pbl.c commons/_DEReceiver.c _DiscreteClock24/DiscreteClock24.c _DiscreteClock24/DiscreteClock24_CurrentTime.c _DiscreteClock24/DiscreteClock24_Test.c _DiscreteClock24/DiscreteClock24_Test2.c _DiscreteClock24/DiscreteClock24_DiscreteClock.c _DiscreteClock24/DiscreteClock24_TimeDelay.c -o DiscreteClock24 -lm 
In "/home/travis/cg", about to execute:
    make -f DiscreteClock24.mk run
./DiscreteClock24
All Done
----------------- AutoCG $PTII/bin/ptcg -language c -generateInSubdirectory false -inline false -maximumLinesPerBlock 2500 -variablesAsArrays false /home/travis/build/icyphy/ptII/ptolemy/cg/adapter/generic/program/procedural/c/adapters/ptolemy/actor/lib/test/auto/DiscreteClock4.xmlCCodeGenerator._generateCode(): Deleting /home/travis/cg/
CCodeGenerator set the container? : actor.getContainer(): null _isTopLevel: true generateEmbeddedCode: false
CCodeGenerator include the container .h? : container.getContainer(): null _isTopLevel: true generateEmbeddedCode: false
Reading "ptolemy/cg/kernel/generic/program/procedural/c/makefile.in",
    writing "/home/travis/cg/DiscreteClock4.mk"
Using ptolemy/cg/kernel/generic/program/procedural/c/makefile.in
In "/home/travis/cg", about to execute:
    make -f DiscreteClock4.mk
gcc -D__int64="long long" -Wall -std=c99  -ggdb  -I /home/travis/cg//_DiscreteClock4 -I /home/travis/cg/commons/ DiscreteClock4_Main.c _DiscreteClock4/DiscreteClock4_Test2.c _DiscreteClock4/DiscreteClock4_SingleEvent.c _DiscreteClock4/DiscreteClock4_DiscreteClock.c _DiscreteClock4/DiscreteClock4_CurrentTime.c _DiscreteClock4/DiscreteClock4.c _DiscreteClock4/DiscreteClock4_Test.c commons/_CompositeActor.c commons/_DEEvent.c commons/_AtomicActor.c commons/_Director.c commons/pblSet.c commons/pblHeap.c commons/_LocalClock.c commons/pblIterator.c commons/_CalendarQueue.c commons/_Receiver.c commons/_IOPort.c commons/pblMap.c commons/_Actor.c commons/pblList.c commons/_ptTypes.c commons/pblCollection.c commons/pblPriorityQueue.c commons/pblhash.c commons/_DEDirector.c commons/_TypedIOPort.c commons/pbl.c commons/_DEReceiver.c -o DiscreteClock4 -lm 
In "/home/travis/cg", about to execute:
    make -f DiscreteClock4.mk run
./DiscreteClock4
All Done
----------------- AutoCG $PTII/bin/ptcg -language c -generateInSubdirectory false -inline false -maximumLinesPerBlock 2500 -variablesAsArrays false /home/travis/build/icyphy/ptII/ptolemy/cg/adapter/generic/program/procedural/c/adapters/ptolemy/actor/lib/test/auto/DiscreteClock6.xmlCCodeGenerator._generateCode(): Deleting /home/travis/cg/
CCodeGenerator set the container? : actor.getContainer(): null _isTopLevel: true generateEmbeddedCode: false
CCodeGenerator include the container .h? : container.getContainer(): null _isTopLevel: true generateEmbeddedCode: false
Reading "ptolemy/cg/kernel/generic/program/procedural/c/makefile.in",
    writing "/home/travis/cg/DiscreteClock6.mk"
Using ptolemy/cg/kernel/generic/program/procedural/c/makefile.in
In "/home/travis/cg", about to execute:
    make -f DiscreteClock6.mk
gcc -D__int64="long long" -Wall -std=c99  -ggdb  -I /home/travis/cg//_DiscreteClock6 -I /home/travis/cg/commons/ DiscreteClock6_Main.c _DiscreteClock6/DiscreteClock6_CurrentTime.c _DiscreteClock6/DiscreteClock6_Test.c _DiscreteClock6/DiscreteClock6_DiscreteClock.c _DiscreteClock6/DiscreteClock6.c commons/_CompositeActor.c commons/_DEEvent.c commons/_AtomicActor.c commons/_Director.c commons/pblSet.c commons/pblHeap.c commons/_LocalClock.c commons/pblIterator.c commons/_CalendarQueue.c commons/_Receiver.c commons/_IOPort.c commons/pblMap.c commons/_Actor.c commons/pblList.c commons/_ptTypes.c commons/pblCollection.c commons/pblPriorityQueue.c commons/pblhash.c commons/_DEDirector.c commons/_TypedIOPort.c commons/pbl.c commons/_DEReceiver.c -o DiscreteClock6 -lm 
In "/home/travis/cg", about to execute:
    make -f DiscreteClock6.mk run
./DiscreteClock6
All Done
----------------- AutoCG $PTII/bin/ptcg -language c -generateInSubdirectory false -inline false -maximumLinesPerBlock 2500 -variablesAsArrays false /home/travis/build/icyphy/ptII/ptolemy/cg/adapter/generic/program/procedural/c/adapters/ptolemy/actor/lib/test/auto/DiscreteClock7.xmlCCodeGenerator._generateCode(): Deleting /home/travis/cg/
CCodeGenerator set the container? : actor.getContainer(): null _isTopLevel: true generateEmbeddedCode: false
CCodeGenerator include the container .h? : container.getContainer(): null _isTopLevel: true generateEmbeddedCode: false
Reading "ptolemy/cg/kernel/generic/program/procedural/c/makefile.in",
    writing "/home/travis/cg/DiscreteClock7.mk"
Using ptolemy/cg/kernel/generic/program/procedural/c/makefile.in
In "/home/travis/cg", about to execute:
    make -f DiscreteClock7.mk
gcc -D__int64="long long" -Wall -std=c99  -ggdb  -I /home/travis/cg/commons/ -I /home/travis/cg//_DiscreteClock7 DiscreteClock7_Main.c commons/_CompositeActor.c commons/_DEEvent.c commons/_AtomicActor.c commons/_Director.c commons/pblSet.c commons/pblHeap.c commons/_LocalClock.c commons/pblIterator.c commons/_CalendarQueue.c commons/_Receiver.c commons/_IOPort.c commons/pblMap.c commons/_Actor.c commons/pblList.c commons/_ptTypes.c commons/pblCollection.c commons/pblPriorityQueue.c commons/pblhash.c commons/_DEDirector.c commons/_TypedIOPort.c commons/pbl.c commons/_DEReceiver.c _DiscreteClock7/DiscreteClock7.c _DiscreteClock7/DiscreteClock7_Test.c _DiscreteClock7/DiscreteClock7_Test2.c _DiscreteClock7/DiscreteClock7_DiscreteClock.c _DiscreteClock7/DiscreteClock7_CurrentTime.c -o DiscreteClock7 -lm 
In "/home/travis/cg", about to execute:
    make -f DiscreteClock7.mk run
./DiscreteClock7
All Done
----------------- AutoCG $PTII/bin/ptcg -language c -generateInSubdirectory false -inline false -maximumLinesPerBlock 2500 -variablesAsArrays false /home/travis/build/icyphy/ptII/ptolemy/cg/adapter/generic/program/procedural/c/adapters/ptolemy/actor/lib/test/auto/DiscreteClock8.xmlCCodeGenerator._generateCode(): Deleting /home/travis/cg/
CCodeGenerator set the container? : actor.getContainer(): null _isTopLevel: true generateEmbeddedCode: false
CCodeGenerator include the container .h? : container.getContainer(): null _isTopLevel: true generateEmbeddedCode: false
Reading "ptolemy/cg/kernel/generic/program/procedural/c/makefile.in",
    writing "/home/travis/cg/DiscreteClock8.mk"
Using ptolemy/cg/kernel/generic/program/procedural/c/makefile.in
In "/home/travis/cg", about to execute:
    make -f DiscreteClock8.mk
gcc -D__int64="long long" -Wall -std=c99  -ggdb  -I /home/travis/cg/commons/ -I /home/travis/cg//_DiscreteClock8 DiscreteClock8_Main.c _DiscreteClock8/DiscreteClock8_DiscreteClock.c _DiscreteClock8/DiscreteClock8.c _DiscreteClock8/DiscreteClock8_Test.c _DiscreteClock8/DiscreteClock8_CurrentTime.c _DiscreteClock8/DiscreteClock8_control.c commons/_CompositeActor.c commons/_DEEvent.c commons/_AtomicActor.c commons/_Director.c commons/pblSet.c commons/pblHeap.c commons/_LocalClock.c commons/pblIterator.c commons/_CalendarQueue.c commons/_Receiver.c commons/_IOPort.c commons/pblMap.c commons/_Actor.c commons/pblList.c commons/_ptTypes.c commons/pblCollection.c commons/pblPriorityQueue.c commons/pblhash.c commons/_DEDirector.c commons/_TypedIOPort.c commons/pbl.c commons/_DEReceiver.c -o DiscreteClock8 -lm 
In "/home/travis/cg", about to execute:
    make -f DiscreteClock8.mk run
./DiscreteClock8
All Done
----------------- AutoCG $PTII/bin/ptcg -language c -generateInSubdirectory false -inline false -maximumLinesPerBlock 2500 -variablesAsArrays false /home/travis/build/icyphy/ptII/ptolemy/cg/adapter/generic/program/procedural/c/adapters/ptolemy/actor/lib/test/auto/DiscreteClock9.xmlCCodeGenerator._generateCode(): Deleting /home/travis/cg/
CCodeGenerator set the container? : actor.getContainer(): null _isTopLevel: true generateEmbeddedCode: false
CCodeGenerator include the container .h? : container.getContainer(): null _isTopLevel: true generateEmbeddedCode: false
Reading "ptolemy/cg/kernel/generic/program/procedural/c/makefile.in",
    writing "/home/travis/cg/DiscreteClock9.mk"
Using ptolemy/cg/kernel/generic/program/procedural/c/makefile.in
In "/home/travis/cg", about to execute:
    make -f DiscreteClock9.mk
gcc -D__int64="long long" -Wall -std=c99  -ggdb  -I /home/travis/cg/commons/ -I /home/travis/cg//_DiscreteClock9 DiscreteClock9_Main.c commons/_CompositeActor.c commons/_DEEvent.c commons/_AtomicActor.c commons/_Director.c commons/pblSet.c commons/pblHeap.c commons/_LocalClock.c commons/pblIterator.c commons/_CalendarQueue.c commons/_Receiver.c commons/_IOPort.c commons/pblMap.c commons/_Actor.c commons/pblList.c commons/_ptTypes.c commons/pblCollection.c commons/pblPriorityQueue.c commons/pblhash.c commons/_DEDirector.c commons/_TypedIOPort.c commons/pbl.c commons/_DEReceiver.c _DiscreteClock9/DiscreteClock9_control.c _DiscreteClock9/DiscreteClock9_DiscreteClock.c _DiscreteClock9/DiscreteClock9.c _DiscreteClock9/DiscreteClock9_CurrentTime.c _DiscreteClock9/DiscreteClock9_Test.c -o DiscreteClock9 -lm 
In "/home/travis/cg", about to execute:
    make -f DiscreteClock9.mk run
./DiscreteClock9
All Done
----------------- AutoCG $PTII/bin/ptcg -language c -generateInSubdirectory false -inline false -maximumLinesPerBlock 2500 -variablesAsArrays false /home/travis/build/icyphy/ptII/ptolemy/cg/adapter/generic/program/procedural/c/adapters/ptolemy/actor/lib/test/auto/DistributorMultipleTypes.xmlCCodeGenerator._generateCode(): Deleting /home/travis/cg/
CCodeGenerator set the container? : actor.getContainer(): null _isTopLevel: true generateEmbeddedCode: false
CCodeGenerator include the container .h? : container.getContainer(): null _isTopLevel: true generateEmbeddedCode: false
Reading "ptolemy/cg/kernel/generic/program/procedural/c/makefile.in",
    writing "/home/travis/cg/DistributorMultipleTypes.mk"
Using ptolemy/cg/kernel/generic/program/procedural/c/makefile.in
In "/home/travis/cg", about to execute:
    make -f DistributorMultipleTypes.mk
gcc -D__int64="long long" -Wall -std=c99  -ggdb  -I /home/travis/cg/commons/ -I /home/travis/cg//_DistributorMultipleTypes DistributorMultipleTypes_Main.c _DistributorMultipleTypes/DistributorMultipleTypes_SDFSchedule.c _DistributorMultipleTypes/DistributorMultipleTypes_Test2.c _DistributorMultipleTypes/DistributorMultipleTypes_StringLength.c _DistributorMultipleTypes/DistributorMultipleTypes_MultiplyDivide.c _DistributorMultipleTypes/DistributorMultipleTypes_Distributor.c _DistributorMultipleTypes/DistributorMultipleTypes_Test.c _DistributorMultipleTypes/DistributorMultipleTypes_Ramp.c _DistributorMultipleTypes/DistributorMultipleTypes.c commons/_SDFReceiver.c commons/_CompositeActor.c commons/_AtomicActor.c commons/_Director.c commons/pblSet.c commons/pblHeap.c commons/_LocalClock.c commons/_SDFDirector.c commons/pblIterator.c commons/_Receiver.c commons/_IOPort.c commons/pblMap.c commons/_Actor.c commons/pblList.c commons/_ptTypes.c commons/pblCollection.c commons/pblPriorityQueue.c commons/pblhash.c commons/_TypedIOPort.c commons/pbl.c -o DistributorMultipleTypes -lm 
In "/home/travis/cg", about to execute:
    make -f DistributorMultipleTypes.mk run
./DistributorMultipleTypes
All Done
----------------- AutoCG $PTII/bin/ptcg -language c -generateInSubdirectory false -inline false -maximumLinesPerBlock 2500 -variablesAsArrays false /home/travis/build/icyphy/ptII/ptolemy/cg/adapter/generic/program/procedural/c/adapters/ptolemy/actor/lib/test/auto/ExpressionIntegerDoubleDivision.xmlCCodeGenerator._generateCode(): Deleting /home/travis/cg/
CCodeGenerator set the container? : actor.getContainer(): null _isTopLevel: true generateEmbeddedCode: false
CCodeGenerator include the container .h? : container.getContainer(): null _isTopLevel: true generateEmbeddedCode: false
Reading "ptolemy/cg/kernel/generic/program/procedural/c/makefile.in",
    writing "/home/travis/cg/ExpressionIntegerDoubleDivision.mk"
Using ptolemy/cg/kernel/generic/program/procedural/c/makefile.in
In "/home/travis/cg", about to execute:
    make -f ExpressionIntegerDoubleDivision.mk
gcc -D__int64="long long" -Wall -std=c99  -ggdb  -I /home/travis/cg/commons/ -I /home/travis/cg//_ExpressionIntegerDoubleDivision ExpressionIntegerDoubleDivision_Main.c _ExpressionIntegerDoubleDivision/ExpressionIntegerDoubleDivision_Const.c _ExpressionIntegerDoubleDivision/ExpressionIntegerDoubleDivision_Const2.c _ExpressionIntegerDoubleDivision/ExpressionIntegerDoubleDivision.c _ExpressionIntegerDoubleDivision/ExpressionIntegerDoubleDivision_Expression.c _ExpressionIntegerDoubleDivision/ExpressionIntegerDoubleDivision_Test.c _ExpressionIntegerDoubleDivision/ExpressionIntegerDoubleDivision_SDFSchedule.c commons/_SDFReceiver.c commons/_CompositeActor.c commons/_AtomicActor.c commons/_Director.c commons/pblSet.c commons/pblHeap.c commons/_LocalClock.c commons/_SDFDirector.c commons/pblIterator.c commons/_Receiver.c commons/_IOPort.c commons/pblMap.c commons/_Actor.c commons/pblList.c commons/_ptTypes.c commons/pblCollection.c commons/pblPriorityQueue.c commons/pblhash.c commons/_TypedIOPort.c commons/pbl.c -o ExpressionIntegerDoubleDivision -lm 
In "/home/travis/cg", about to execute:
    make -f ExpressionIntegerDoubleDivision.mk run
./ExpressionIntegerDoubleDivision
All Done
----------------- AutoCG $PTII/bin/ptcg -language c -generateInSubdirectory false -inline false -maximumLinesPerBlock 2500 -variablesAsArrays false /home/travis/build/icyphy/ptII/ptolemy/cg/adapter/generic/program/procedural/c/adapters/ptolemy/actor/lib/test/auto/Gaussian.xmlCCodeGenerator._generateCode(): Deleting /home/travis/cg/
CCodeGenerator set the container? : actor.getContainer(): null _isTopLevel: true generateEmbeddedCode: false
CCodeGenerator include the container .h? : container.getContainer(): null _isTopLevel: true generateEmbeddedCode: false
Reading "ptolemy/cg/kernel/generic/program/procedural/c/makefile.in",
    writing "/home/travis/cg/Gaussian.mk"
Using ptolemy/cg/kernel/generic/program/procedural/c/makefile.in
In "/home/travis/cg", about to execute:
    make -f Gaussian.mk
gcc -D__int64="long long" -Wall -std=c99  -ggdb  -I /home/travis/cg//_Gaussian -I /home/travis/cg/commons/ Gaussian_Main.c commons/_SDFReceiver.c commons/_CompositeActor.c commons/_AtomicActor.c commons/_Director.c commons/pblSet.c commons/pblHeap.c commons/_LocalClock.c commons/_SDFDirector.c commons/pblIterator.c commons/_Receiver.c commons/_IOPort.c commons/pblMap.c commons/_Actor.c commons/pblList.c commons/_ptTypes.c commons/pblCollection.c commons/pblPriorityQueue.c commons/pblhash.c commons/_TypedIOPort.c commons/pbl.c _Gaussian/Gaussian_Gaussian4.c _Gaussian/Gaussian_SDFSchedule.c _Gaussian/Gaussian_Test.c _Gaussian/Gaussian_Gaussian3.c _Gaussian/Gaussian_AddSubtract.c _Gaussian/Gaussian.c _Gaussian/Gaussian_Gaussian2.c _Gaussian/Gaussian_Gaussian.c -o Gaussian -lm 
In "/home/travis/cg", about to execute:
    make -f Gaussian.mk run
./Gaussian
All Done
----------------- AutoCG $PTII/bin/ptcg -language c -generateInSubdirectory false -inline false -maximumLinesPerBlock 2500 -variablesAsArrays false /home/travis/build/icyphy/ptII/ptolemy/cg/adapter/generic/program/procedural/c/adapters/ptolemy/actor/lib/test/auto/MatrixToArray.xmlCCodeGenerator._generateCode(): Deleting /home/travis/cg/
CCodeGenerator set the container? : actor.getContainer(): null _isTopLevel: true generateEmbeddedCode: false
CCodeGenerator include the container .h? : container.getContainer(): null _isTopLevel: true generateEmbeddedCode: false
Reading "ptolemy/cg/kernel/generic/program/procedural/c/makefile.in",
    writing "/home/travis/cg/MatrixToArray.mk"
Using ptolemy/cg/kernel/generic/program/procedural/c/makefile.in
In "/home/travis/cg", about to execute:
    make -f MatrixToArray.mk
gcc -D__int64="long long" -Wall -std=c99  -ggdb  -I /home/travis/cg/commons/ -I /home/travis/cg//_MatrixToArray MatrixToArray_Main.c commons/_SDFReceiver.c commons/_CompositeActor.c commons/_AtomicActor.c commons/_Director.c commons/pblSet.c commons/pblHeap.c commons/_LocalClock.c commons/_SDFDirector.c commons/pblIterator.c commons/_Receiver.c commons/_IOPort.c commons/pblMap.c commons/_Actor.c commons/pblList.c commons/_ptTypes.c commons/pblCollection.c commons/pblPriorityQueue.c commons/pblhash.c commons/_TypedIOPort.c commons/pbl.c _MatrixToArray/MatrixToArray_Test.c _MatrixToArray/MatrixToArray_SDFSchedule.c _MatrixToArray/MatrixToArray_Expression.c _MatrixToArray/MatrixToArray.c _MatrixToArray/MatrixToArray_Const.c -o MatrixToArray -lm 
commons/_ptTypes.c: In function String_new:
commons/_ptTypes.c:894:9: warning: implicit declaration of function strdup [-Wimplicit-function-declaration]
         result->payload.String = strdup(s);
         ^
commons/_ptTypes.c:894:32: warning: assignment makes pointer from integer without a cast [enabled by default]
         result->payload.String = strdup(s);
                                ^
In "/home/travis/cg", about to execute:
    make -f MatrixToArray.mk run
./MatrixToArray
All Done
----------------- AutoCG $PTII/bin/ptcg -language c -generateInSubdirectory false -inline false -maximumLinesPerBlock 2500 -variablesAsArrays false /home/travis/build/icyphy/ptII/ptolemy/cg/adapter/generic/program/procedural/c/adapters/ptolemy/actor/lib/test/auto/MultiplyDivideDivideOnly.xmlCCodeGenerator._generateCode(): Deleting /home/travis/cg/
CCodeGenerator set the container? : actor.getContainer(): null _isTopLevel: true generateEmbeddedCode: false
CCodeGenerator include the container .h? : container.getContainer(): null _isTopLevel: true generateEmbeddedCode: false
Reading "ptolemy/cg/kernel/generic/program/procedural/c/makefile.in",
    writing "/home/travis/cg/MultiplyDivideDivideOnly.mk"
Using ptolemy/cg/kernel/generic/program/procedural/c/makefile.in
In "/home/travis/cg", about to execute:
    make -f MultiplyDivideDivideOnly.mk
gcc -D__int64="long long" -Wall -std=c99  -ggdb  -I /home/travis/cg/commons/ -I /home/travis/cg//_MultiplyDivideDivideOnly MultiplyDivideDivideOnly_Main.c _MultiplyDivideDivideOnly/MultiplyDivideDivideOnly_SDFSchedule.c _MultiplyDivideDivideOnly/MultiplyDivideDivideOnly_Ramp.c _MultiplyDivideDivideOnly/MultiplyDivideDivideOnly_MultiplyDivide.c _MultiplyDivideDivideOnly/MultiplyDivideDivideOnly.c _MultiplyDivideDivideOnly/MultiplyDivideDivideOnly_Test.c commons/_SDFReceiver.c commons/_CompositeActor.c commons/_AtomicActor.c commons/_Director.c commons/pblSet.c commons/pblHeap.c commons/_LocalClock.c commons/_SDFDirector.c commons/pblIterator.c commons/_Receiver.c commons/_IOPort.c commons/pblMap.c commons/_Actor.c commons/pblList.c commons/_ptTypes.c commons/pblCollection.c commons/pblPriorityQueue.c commons/pblhash.c commons/_TypedIOPort.c commons/pbl.c -o MultiplyDivideDivideOnly -lm 
In "/home/travis/cg", about to execute:
    make -f MultiplyDivideDivideOnly.mk run
./MultiplyDivideDivideOnly
All Done
----------------- AutoCG $PTII/bin/ptcg -language c -generateInSubdirectory false -inline false -maximumLinesPerBlock 2500 -variablesAsArrays false /home/travis/build/icyphy/ptII/ptolemy/cg/adapter/generic/program/procedural/c/adapters/ptolemy/actor/lib/test/auto/OpaqueConst.xmlCCodeGenerator._generateCode(): Deleting /home/travis/cg/
CCodeGenerator set the container? : actor.getContainer(): null _isTopLevel: true generateEmbeddedCode: false
CCodeGenerator include the container .h? : container.getContainer(): null _isTopLevel: true generateEmbeddedCode: false
CCodeGenerator set the container? : actor.getContainer(): ptolemy.actor.TypedCompositeActor {.OpaqueConst} _isTopLevel: true generateEmbeddedCode: false
CCodeGenerator include the container .h? : container.getContainer(): ptolemy.actor.TypedCompositeActor {.OpaqueConst} _isTopLevel: true generateEmbeddedCode: false
Reading "ptolemy/cg/kernel/generic/program/procedural/c/makefile.in",
    writing "/home/travis/cg/OpaqueConst.mk"
Using ptolemy/cg/kernel/generic/program/procedural/c/makefile.in
In "/home/travis/cg", about to execute:
    make -f OpaqueConst.mk
gcc -D__int64="long long" -Wall -std=c99  -ggdb  -I /home/travis/cg/commons/ -I /home/travis/cg//_OpaqueConst -I /home/travis/cg//_OpaqueConst/_CompositeActor2 OpaqueConst_Main.c _OpaqueConst/OpaqueConst_SDFSchedule.c _OpaqueConst/OpaqueConst_Test.c _OpaqueConst/OpaqueConst.c _OpaqueConst/_CompositeActor2/OpaqueConst_CompositeActor2_Ramp.c _OpaqueConst/_CompositeActor2/OpaqueConst_CompositeActor2_SDFSchedule.c _OpaqueConst/_CompositeActor2/OpaqueConst_CompositeActor2.c commons/_SDFReceiver.c commons/_CompositeActor.c commons/_AtomicActor.c commons/_Director.c commons/pblSet.c commons/pblHeap.c commons/_LocalClock.c commons/_SDFDirector.c commons/pblIterator.c commons/_Receiver.c commons/_IOPort.c commons/pblMap.c commons/_Actor.c commons/pblList.c commons/_ptTypes.c commons/pblCollection.c commons/pblPriorityQueue.c commons/pblhash.c commons/_TypedIOPort.c commons/pbl.c -o OpaqueConst -lm 
In "/home/travis/cg", about to execute:
    make -f OpaqueConst.mk run
./OpaqueConst
All Done
----------------- AutoCG $PTII/bin/ptcg -language c -generateInSubdirectory false -inline false -maximumLinesPerBlock 2500 -variablesAsArrays false /home/travis/build/icyphy/ptII/ptolemy/cg/adapter/generic/program/procedural/c/adapters/ptolemy/actor/lib/test/auto/PoissonClock.xmlCCodeGenerator._generateCode(): Deleting /home/travis/cg/
CCodeGenerator set the container? : actor.getContainer(): null _isTopLevel: true generateEmbeddedCode: false
CCodeGenerator include the container .h? : container.getContainer(): null _isTopLevel: true generateEmbeddedCode: false
Reading "ptolemy/cg/kernel/generic/program/procedural/c/makefile.in",
    writing "/home/travis/cg/PoissonClock.mk"
Using ptolemy/cg/kernel/generic/program/procedural/c/makefile.in
In "/home/travis/cg", about to execute:
    make -f PoissonClock.mk
gcc -D__int64="long long" -Wall -std=c99  -ggdb  -I /home/travis/cg/commons/ -I /home/travis/cg//_PoissonClock PoissonClock_Main.c _PoissonClock/PoissonClock.c _PoissonClock/PoissonClock_PoissonClock0.c _PoissonClock/PoissonClock_Test1.c commons/_CompositeActor.c commons/_DEEvent.c commons/_AtomicActor.c commons/_Director.c commons/pblSet.c commons/pblHeap.c commons/_LocalClock.c commons/pblIterator.c commons/_CalendarQueue.c commons/_Receiver.c commons/_IOPort.c commons/pblMap.c commons/_Actor.c commons/pblList.c commons/_ptTypes.c commons/pblCollection.c commons/pblPriorityQueue.c commons/pblhash.c commons/_DEDirector.c commons/_TypedIOPort.c commons/pbl.c commons/_DEReceiver.c -o PoissonClock -lm 
_PoissonClock/PoissonClock_PoissonClock0.c: In function PoissonClock_PoissonClock0_initialize:
_PoissonClock/PoissonClock_PoissonClock0.c:43:81: warning: operation on PoissonClock_PoissonClock0__seed may be undefined [-Wsequence-point]
 #define nextRandom(i) ((int) ((unsigned int) ((PoissonClock_PoissonClock0__seed = ((PoissonClock_PoissonClock0__seed * 0x5DEECE66DL + 0xBL) & ((1L << 48) - 1))) >> (48 - (i)))))
                                                                                 ^
_PoissonClock/PoissonClock_PoissonClock0.c:44:32: note: in expansion of macro nextRandom
 #define nextDouble() ((((long) nextRandom(26) << 27) + nextRandom(27)) / (double) (1L << 53))
                                ^
_PoissonClock/PoissonClock_PoissonClock0.c:116:71: note: in expansion of macro nextDouble
                 PoissonClock_PoissonClock0__randomNumber = -log(1.0 - nextDouble()) * PoissonClock_PoissonClock0__meanTime;
                                                                       ^
_PoissonClock/PoissonClock_PoissonClock0.c: In function PoissonClock_PoissonClock0_fire:
_PoissonClock/PoissonClock_PoissonClock0.c:43:81: warning: operation on PoissonClock_PoissonClock0__seed may be undefined [-Wsequence-point]
 #define nextRandom(i) ((int) ((unsigned int) ((PoissonClock_PoissonClock0__seed = ((PoissonClock_PoissonClock0__seed * 0x5DEECE66DL + 0xBL) & ((1L << 48) - 1))) >> (48 - (i)))))
                                                                                 ^
_PoissonClock/PoissonClock_PoissonClock0.c:44:32: note: in expansion of macro nextRandom
 #define nextDouble() ((((long) nextRandom(26) << 27) + nextRandom(27)) / (double) (1L << 53))
                                ^
_PoissonClock/PoissonClock_PoissonClock0.c:145:63: note: in expansion of macro nextDouble
         PoissonClock_PoissonClock0__randomNumber = -log(1.0 - nextDouble()) * PoissonClock_PoissonClock0__meanTime;
                                                               ^
In "/home/travis/cg", about to execute:
    make -f PoissonClock.mk run
./PoissonClock
All Done
----------------- AutoCG $PTII/bin/ptcg -language c -generateInSubdirectory false -inline false -maximumLinesPerBlock 2500 -variablesAsArrays false /home/travis/build/icyphy/ptII/ptolemy/cg/adapter/generic/program/procedural/c/adapters/ptolemy/actor/lib/test/auto/PoissonClock2.xmlCCodeGenerator._generateCode(): Deleting /home/travis/cg/
CCodeGenerator set the container? : actor.getContainer(): null _isTopLevel: true generateEmbeddedCode: false
CCodeGenerator include the container .h? : container.getContainer(): null _isTopLevel: true generateEmbeddedCode: false
Reading "ptolemy/cg/kernel/generic/program/procedural/c/makefile.in",
    writing "/home/travis/cg/PoissonClock2.mk"
Using ptolemy/cg/kernel/generic/program/procedural/c/makefile.in
In "/home/travis/cg", about to execute:
    make -f PoissonClock2.mk
gcc -D__int64="long long" -Wall -std=c99  -ggdb  -I /home/travis/cg/commons/ -I /home/travis/cg//_PoissonClock2 PoissonClock2_Main.c commons/_CompositeActor.c commons/_DEEvent.c commons/_AtomicActor.c commons/_Director.c commons/pblSet.c commons/pblHeap.c commons/_LocalClock.c commons/pblIterator.c commons/_CalendarQueue.c commons/_Receiver.c commons/_IOPort.c commons/pblMap.c commons/_Actor.c commons/pblList.c commons/_ptTypes.c commons/pblCollection.c commons/pblPriorityQueue.c commons/pblhash.c commons/_DEDirector.c commons/_TypedIOPort.c commons/pbl.c commons/_DEReceiver.c _PoissonClock2/PoissonClock2.c _PoissonClock2/PoissonClock2_Test1.c _PoissonClock2/PoissonClock2_PoissonClock0.c _PoissonClock2/PoissonClock2_CurrentTime.c -o PoissonClock2 -lm 
_PoissonClock2/PoissonClock2_PoissonClock0.c: In function PoissonClock2_PoissonClock0_initialize:
_PoissonClock2/PoissonClock2_PoissonClock0.c:43:82: warning: operation on PoissonClock2_PoissonClock0__seed may be undefined [-Wsequence-point]
 #define nextRandom(i) ((int) ((unsigned int) ((PoissonClock2_PoissonClock0__seed = ((PoissonClock2_PoissonClock0__seed * 0x5DEECE66DL + 0xBL) & ((1L << 48) - 1))) >> (48 - (i)))))
                                                                                  ^
_PoissonClock2/PoissonClock2_PoissonClock0.c:44:32: note: in expansion of macro nextRandom
 #define nextDouble() ((((long) nextRandom(26) << 27) + nextRandom(27)) / (double) (1L << 53))
                                ^
_PoissonClock2/PoissonClock2_PoissonClock0.c:116:72: note: in expansion of macro nextDouble
                 PoissonClock2_PoissonClock0__randomNumber = -log(1.0 - nextDouble()) * PoissonClock2_PoissonClock0__meanTime;
                                                                        ^
_PoissonClock2/PoissonClock2_PoissonClock0.c: In function PoissonClock2_PoissonClock0_fire:
_PoissonClock2/PoissonClock2_PoissonClock0.c:43:82: warning: operation on PoissonClock2_PoissonClock0__seed may be undefined [-Wsequence-point]
 #define nextRandom(i) ((int) ((unsigned int) ((PoissonClock2_PoissonClock0__seed = ((PoissonClock2_PoissonClock0__seed * 0x5DEECE66DL + 0xBL) & ((1L << 48) - 1))) >> (48 - (i)))))
                                                                                  ^
_PoissonClock2/PoissonClock2_PoissonClock0.c:44:32: note: in expansion of macro nextRandom
 #define nextDouble() ((((long) nextRandom(26) << 27) + nextRandom(27)) / (double) (1L << 53))
                                ^
_PoissonClock2/PoissonClock2_PoissonClock0.c:145:64: note: in expansion of macro nextDouble
         PoissonClock2_PoissonClock0__randomNumber = -log(1.0 - nextDouble()) * PoissonClock2_PoissonClock0__meanTime;
                                                                ^
In "/home/travis/cg", about to execute:
    make -f PoissonClock2.mk run
All Done
./PoissonClock2
----------------- AutoCG $PTII/bin/ptcg -language c -generateInSubdirectory false -inline false -maximumLinesPerBlock 2500 -variablesAsArrays false /home/travis/build/icyphy/ptII/ptolemy/cg/adapter/generic/program/procedural/c/adapters/ptolemy/actor/lib/test/auto/PoissonClock3.xmlCCodeGenerator._generateCode(): Deleting /home/travis/cg/
CCodeGenerator set the container? : actor.getContainer(): null _isTopLevel: true generateEmbeddedCode: false
CCodeGenerator include the container .h? : container.getContainer(): null _isTopLevel: true generateEmbeddedCode: false
Reading "ptolemy/cg/kernel/generic/program/procedural/c/makefile.in",
    writing "/home/travis/cg/PoissonClock3.mk"
Using ptolemy/cg/kernel/generic/program/procedural/c/makefile.in
In "/home/travis/cg", about to execute:
    make -f PoissonClock3.mk
gcc -D__int64="long long" -Wall -std=c99  -ggdb  -I /home/travis/cg//_PoissonClock3 -I /home/travis/cg/commons/ PoissonClock3_Main.c _PoissonClock3/PoissonClock3_CurrentTime.c _PoissonClock3/PoissonClock3_Test1.c _PoissonClock3/PoissonClock3.c _PoissonClock3/PoissonClock3_PoissonClock0.c _PoissonClock3/PoissonClock3_SingleEvent.c commons/_CompositeActor.c commons/_DEEvent.c commons/_AtomicActor.c commons/_Director.c commons/pblSet.c commons/pblHeap.c commons/_LocalClock.c commons/pblIterator.c commons/_CalendarQueue.c commons/_Receiver.c commons/_IOPort.c commons/pblMap.c commons/_Actor.c commons/pblList.c commons/_ptTypes.c commons/pblCollection.c commons/pblPriorityQueue.c commons/pblhash.c commons/_DEDirector.c commons/_TypedIOPort.c commons/pbl.c commons/_DEReceiver.c -o PoissonClock3 -lm 
_PoissonClock3/PoissonClock3_PoissonClock0.c: In function PoissonClock3_PoissonClock0_initialize:
_PoissonClock3/PoissonClock3_PoissonClock0.c:43:82: warning: operation on PoissonClock3_PoissonClock0__seed may be undefined [-Wsequence-point]
 #define nextRandom(i) ((int) ((unsigned int) ((PoissonClock3_PoissonClock0__seed = ((PoissonClock3_PoissonClock0__seed * 0x5DEECE66DL + 0xBL) & ((1L << 48) - 1))) >> (48 - (i)))))
                                                                                  ^
_PoissonClock3/PoissonClock3_PoissonClock0.c:44:32: note: in expansion of macro nextRandom
 #define nextDouble() ((((long) nextRandom(26) << 27) + nextRandom(27)) / (double) (1L << 53))
                                ^
_PoissonClock3/PoissonClock3_PoissonClock0.c:142:72: note: in expansion of macro nextDouble
                 PoissonClock3_PoissonClock0__randomNumber = -log(1.0 - nextDouble()) * PoissonClock3_PoissonClock0__meanTime;
                                                                        ^
_PoissonClock3/PoissonClock3_PoissonClock0.c: In function PoissonClock3_PoissonClock0_fire:
_PoissonClock3/PoissonClock3_PoissonClock0.c:159:64: warning: value computed is not used [-Wunused-value]
         (*(trigger->get))((struct IOPort*) trigger, 0)->payload.Boolean;
                                                                ^
_PoissonClock3/PoissonClock3_PoissonClock0.c:43:82: warning: operation on PoissonClock3_PoissonClock0__seed may be undefined [-Wsequence-point]
 #define nextRandom(i) ((int) ((unsigned int) ((PoissonClock3_PoissonClock0__seed = ((PoissonClock3_PoissonClock0__seed * 0x5DEECE66DL + 0xBL) & ((1L << 48) - 1))) >> (48 - (i)))))
                                                                                  ^
_PoissonClock3/PoissonClock3_PoissonClock0.c:44:32: note: in expansion of macro nextRandom
 #define nextDouble() ((((long) nextRandom(26) << 27) + nextRandom(27)) / (double) (1L << 53))
                                ^
_PoissonClock3/PoissonClock3_PoissonClock0.c:175:64: note: in expansion of macro nextDouble
         PoissonClock3_PoissonClock0__randomNumber = -log(1.0 - nextDouble()) * PoissonClock3_PoissonClock0__meanTime;
                                                                ^
In "/home/travis/cg", about to execute:
    make -f PoissonClock3.mk run
./PoissonClock3
All Done
----------------- AutoCG $PTII/bin/ptcg -language c -generateInSubdirectory false -inline false -maximumLinesPerBlock 2500 -variablesAsArrays false /home/travis/build/icyphy/ptII/ptolemy/cg/adapter/generic/program/procedural/c/adapters/ptolemy/actor/lib/test/auto/PublisherSubscriber.xmlCCodeGenerator._generateCode(): Deleting /home/travis/cg/
CCodeGenerator set the container? : actor.getContainer(): null _isTopLevel: true generateEmbeddedCode: false
CCodeGenerator include the container .h? : container.getContainer(): null _isTopLevel: true generateEmbeddedCode: false
Reading "ptolemy/cg/kernel/generic/program/procedural/c/makefile.in",
    writing "/home/travis/cg/PublisherSubscriber.mk"
Using ptolemy/cg/kernel/generic/program/procedural/c/makefile.in
In "/home/travis/cg", about to execute:
    make -f PublisherSubscriber.mk
gcc -D__int64="long long" -Wall -std=c99  -ggdb  -I /home/travis/cg//_PublisherSubscriber -I /home/travis/cg/commons/ PublisherSubscriber_Main.c commons/_SDFReceiver.c commons/_CompositeActor.c commons/_AtomicActor.c commons/_Director.c commons/pblSet.c commons/pblHeap.c commons/_LocalClock.c commons/_SDFDirector.c commons/pblIterator.c commons/_Receiver.c commons/_IOPort.c commons/pblMap.c commons/_Actor.c commons/pblList.c commons/_ptTypes.c commons/pblCollection.c commons/pblPriorityQueue.c commons/pblhash.c commons/_TypedIOPort.c commons/pbl.c _PublisherSubscriber/PublisherSubscriber_Subscriber.c _PublisherSubscriber/PublisherSubscriber_Ramp2.c _PublisherSubscriber/PublisherSubscriber_Test2.c _PublisherSubscriber/PublisherSubscriber_Subscriber2.c _PublisherSubscriber/PublisherSubscriber_Ramp3.c _PublisherSubscriber/PublisherSubscriber_Publisher2.c _PublisherSubscriber/PublisherSubscriber.c _PublisherSubscriber/PublisherSubscriber_SDFSchedule.c _PublisherSubscriber/PublisherSubscriber_Publisher3.c _PublisherSubscriber/PublisherSubscriber_Publisher.c _PublisherSubscriber/PublisherSubscriber_Ramp.c _PublisherSubscriber/PublisherSubscriber_Test.c -o PublisherSubscriber -lm 
In "/home/travis/cg", about to execute:
    make -f PublisherSubscriber.mk run
./PublisherSubscriber
All Done
----------------- AutoCG $PTII/bin/ptcg -language c -generateInSubdirectory false -inline false -maximumLinesPerBlock 2500 -variablesAsArrays false /home/travis/build/icyphy/ptII/ptolemy/cg/adapter/generic/program/procedural/c/adapters/ptolemy/actor/lib/test/auto/PublisherSubscriber2.xmlCCodeGenerator._generateCode(): Deleting /home/travis/cg/
CCodeGenerator set the container? : actor.getContainer(): null _isTopLevel: true generateEmbeddedCode: false
CCodeGenerator include the container .h? : container.getContainer(): null _isTopLevel: true generateEmbeddedCode: false
Reading "ptolemy/cg/kernel/generic/program/procedural/c/makefile.in",
    writing "/home/travis/cg/PublisherSubscriber2.mk"
Using ptolemy/cg/kernel/generic/program/procedural/c/makefile.in
In "/home/travis/cg", about to execute:
    make -f PublisherSubscriber2.mk
gcc -D__int64="long long" -Wall -std=c99  -ggdb  -I /home/travis/cg/commons/ -I /home/travis/cg//_PublisherSubscriber2 PublisherSubscriber2_Main.c _PublisherSubscriber2/PublisherSubscriber2.c _PublisherSubscriber2/PublisherSubscriber2_Ramp.c _PublisherSubscriber2/PublisherSubscriber2_Publisher.c _PublisherSubscriber2/PublisherSubscriber2_CompositeActor_Test.c _PublisherSubscriber2/PublisherSubscriber2_SDFSchedule.c _PublisherSubscriber2/PublisherSubscriber2_CompositeActor_Subscriber.c commons/_SDFReceiver.c commons/_CompositeActor.c commons/_AtomicActor.c commons/_Director.c commons/pblSet.c commons/pblHeap.c commons/_LocalClock.c commons/_SDFDirector.c commons/pblIterator.c commons/_Receiver.c commons/_IOPort.c commons/pblMap.c commons/_Actor.c commons/pblList.c commons/_ptTypes.c commons/pblCollection.c commons/pblPriorityQueue.c commons/pblhash.c commons/_TypedIOPort.c commons/pbl.c -o PublisherSubscriber2 -lm 
In "/home/travis/cg", about to execute:
    make -f PublisherSubscriber2.mk run
./PublisherSubscriber2
All Done
----------------- AutoCG $PTII/bin/ptcg -language c -generateInSubdirectory false -inline false -maximumLinesPerBlock 2500 -variablesAsArrays false /home/travis/build/icyphy/ptII/ptolemy/cg/adapter/generic/program/procedural/c/adapters/ptolemy/actor/lib/test/auto/PublisherSubscriber3.xmlCCodeGenerator._generateCode(): Deleting /home/travis/cg/
CCodeGenerator set the container? : actor.getContainer(): null _isTopLevel: true generateEmbeddedCode: false
CCodeGenerator include the container .h? : container.getContainer(): null _isTopLevel: true generateEmbeddedCode: false
Reading "ptolemy/cg/kernel/generic/program/procedural/c/makefile.in",
    writing "/home/travis/cg/PublisherSubscriber3.mk"
Using ptolemy/cg/kernel/generic/program/procedural/c/makefile.in
In "/home/travis/cg", about to execute:
    make -f PublisherSubscriber3.mk
gcc -D__int64="long long" -Wall -std=c99  -ggdb  -I /home/travis/cg/commons/ -I /home/travis/cg//_PublisherSubscriber3 PublisherSubscriber3_Main.c commons/_SDFReceiver.c commons/_CompositeActor.c commons/_AtomicActor.c commons/_Director.c commons/pblSet.c commons/pblHeap.c commons/_LocalClock.c commons/_SDFDirector.c commons/pblIterator.c commons/_Receiver.c commons/_IOPort.c commons/pblMap.c commons/_Actor.c commons/pblList.c commons/_ptTypes.c commons/pblCollection.c commons/pblPriorityQueue.c commons/pblhash.c commons/_TypedIOPort.c commons/pbl.c _PublisherSubscriber3/PublisherSubscriber3_Subscriber.c _PublisherSubscriber3/PublisherSubscriber3_SDFSchedule.c _PublisherSubscriber3/PublisherSubscriber3_CompositeActor_Ramp.c _PublisherSubscriber3/PublisherSubscriber3.c _PublisherSubscriber3/PublisherSubscriber3_Test.c _PublisherSubscriber3/PublisherSubscriber3_CompositeActor_Publisher.c -o PublisherSubscriber3 -lm 
In "/home/travis/cg", about to execute:
    make -f PublisherSubscriber3.mk run
./PublisherSubscriber3
All Done
----------------- AutoCG $PTII/bin/ptcg -language c -generateInSubdirectory false -inline false -maximumLinesPerBlock 2500 -variablesAsArrays false /home/travis/build/icyphy/ptII/ptolemy/cg/adapter/generic/program/procedural/c/adapters/ptolemy/actor/lib/test/auto/PublisherSubscriber4.xmlCCodeGenerator._generateCode(): Deleting /home/travis/cg/
CCodeGenerator set the container? : actor.getContainer(): null _isTopLevel: true generateEmbeddedCode: false
CCodeGenerator include the container .h? : container.getContainer(): null _isTopLevel: true generateEmbeddedCode: false
Reading "ptolemy/cg/kernel/generic/program/procedural/c/makefile.in",
    writing "/home/travis/cg/PublisherSubscriber4.mk"
Using ptolemy/cg/kernel/generic/program/procedural/c/makefile.in
In "/home/travis/cg", about to execute:
    make -f PublisherSubscriber4.mk
gcc -D__int64="long long" -Wall -std=c99  -ggdb  -I /home/travis/cg/commons/ -I /home/travis/cg//_PublisherSubscriber4 PublisherSubscriber4_Main.c commons/_SDFReceiver.c commons/_CompositeActor.c commons/_AtomicActor.c commons/_Director.c commons/pblSet.c commons/pblHeap.c commons/_LocalClock.c commons/_SDFDirector.c commons/pblIterator.c commons/_Receiver.c commons/_IOPort.c commons/pblMap.c commons/_Actor.c commons/pblList.c commons/_ptTypes.c commons/pblCollection.c commons/pblPriorityQueue.c commons/pblhash.c commons/_TypedIOPort.c commons/pbl.c _PublisherSubscriber4/PublisherSubscriber4_Ramp.c _PublisherSubscriber4/PublisherSubscriber4_Subscriber.c _PublisherSubscriber4/PublisherSubscriber4.c _PublisherSubscriber4/PublisherSubscriber4_Publisher.c _PublisherSubscriber4/PublisherSubscriber4_Test.c _PublisherSubscriber4/PublisherSubscriber4_SDFSchedule.c -o PublisherSubscriber4 -lm 
In "/home/travis/cg", about to execute:
    make -f PublisherSubscriber4.mk run
./PublisherSubscriber4
All Done
----------------- AutoCG $PTII/bin/ptcg -language c -generateInSubdirectory false -inline false -maximumLinesPerBlock 2500 -variablesAsArrays false /home/travis/build/icyphy/ptII/ptolemy/cg/adapter/generic/program/procedural/c/adapters/ptolemy/actor/lib/test/auto/PublisherSubscriber5.xmlCCodeGenerator._generateCode(): Deleting /home/travis/cg/
CCodeGenerator set the container? : actor.getContainer(): null _isTopLevel: true generateEmbeddedCode: false
CCodeGenerator include the container .h? : container.getContainer(): null _isTopLevel: true generateEmbeddedCode: false
Reading "ptolemy/cg/kernel/generic/program/procedural/c/makefile.in",
    writing "/home/travis/cg/PublisherSubscriber5.mk"
Using ptolemy/cg/kernel/generic/program/procedural/c/makefile.in
In "/home/travis/cg", about to execute:
    make -f PublisherSubscriber5.mk
gcc -D__int64="long long" -Wall -std=c99  -ggdb  -I /home/travis/cg/commons/ -I /home/travis/cg//_PublisherSubscriber5 PublisherSubscriber5_Main.c commons/_SDFReceiver.c commons/_CompositeActor.c commons/_AtomicActor.c commons/_Director.c commons/pblSet.c commons/pblHeap.c commons/_LocalClock.c commons/_SDFDirector.c commons/pblIterator.c commons/_Receiver.c commons/_IOPort.c commons/pblMap.c commons/_Actor.c commons/pblList.c commons/_ptTypes.c commons/pblCollection.c commons/pblPriorityQueue.c commons/pblhash.c commons/_TypedIOPort.c commons/pbl.c _PublisherSubscriber5/PublisherSubscriber5_Test.c _PublisherSubscriber5/PublisherSubscriber5_Subscriber2.c _PublisherSubscriber5/PublisherSubscriber5_Publisher.c _PublisherSubscriber5/PublisherSubscriber5_SDFSchedule.c _PublisherSubscriber5/PublisherSubscriber5_SampleDelay.c _PublisherSubscriber5/PublisherSubscriber5_Subscriber.c _PublisherSubscriber5/PublisherSubscriber5_Publisher3.c _PublisherSubscriber5/PublisherSubscriber5.c _PublisherSubscriber5/PublisherSubscriber5_Accumulator.c -o PublisherSubscriber5 -lm 
In "/home/travis/cg", about to execute:
    make -f PublisherSubscriber5.mk run
./PublisherSubscriber5
All Done
----------------- AutoCG $PTII/bin/ptcg -language c -generateInSubdirectory false -inline false -maximumLinesPerBlock 2500 -variablesAsArrays false /home/travis/build/icyphy/ptII/ptolemy/cg/adapter/generic/program/procedural/c/adapters/ptolemy/actor/lib/test/auto/PublisherSubscriber6.xmlCCodeGenerator._generateCode(): Deleting /home/travis/cg/
CCodeGenerator set the container? : actor.getContainer(): null _isTopLevel: true generateEmbeddedCode: false
CCodeGenerator include the container .h? : container.getContainer(): null _isTopLevel: true generateEmbeddedCode: false
Reading "ptolemy/cg/kernel/generic/program/procedural/c/makefile.in",
    writing "/home/travis/cg/PublisherSubscriber6.mk"
Using ptolemy/cg/kernel/generic/program/procedural/c/makefile.in
In "/home/travis/cg", about to execute:
    make -f PublisherSubscriber6.mk
gcc -D__int64="long long" -Wall -std=c99  -ggdb  -I /home/travis/cg//_PublisherSubscriber6 -I /home/travis/cg/commons/ PublisherSubscriber6_Main.c commons/_SDFReceiver.c commons/_CompositeActor.c commons/_AtomicActor.c commons/_Director.c commons/pblSet.c commons/pblHeap.c commons/_LocalClock.c commons/_SDFDirector.c commons/pblIterator.c commons/_Receiver.c commons/_IOPort.c commons/pblMap.c commons/_Actor.c commons/pblList.c commons/_ptTypes.c commons/pblCollection.c commons/pblPriorityQueue.c commons/pblhash.c commons/_TypedIOPort.c commons/pbl.c _PublisherSubscriber6/PublisherSubscriber6_SampleDelay.c _PublisherSubscriber6/PublisherSubscriber6_Test.c _PublisherSubscriber6/PublisherSubscriber6.c _PublisherSubscriber6/PublisherSubscriber6_Accumulator.c _PublisherSubscriber6/PublisherSubscriber6_Publisher.c _PublisherSubscriber6/PublisherSubscriber6_SDFSchedule.c _PublisherSubscriber6/PublisherSubscriber6_Publisher3.c _PublisherSubscriber6/PublisherSubscriber6_Subscriber2.c _PublisherSubscriber6/PublisherSubscriber6_Subscriber.c -o PublisherSubscriber6 -lm 
In "/home/travis/cg", about to execute:
    make -f PublisherSubscriber6.mk run
./PublisherSubscriber6
All Done
----------------- AutoCG $PTII/bin/ptcg -language c -generateInSubdirectory false -inline false -maximumLinesPerBlock 2500 -variablesAsArrays false /home/travis/build/icyphy/ptII/ptolemy/cg/adapter/generic/program/procedural/c/adapters/ptolemy/actor/lib/test/auto/PublisherSubscriber7.xmlCCodeGenerator._generateCode(): Deleting /home/travis/cg/
CCodeGenerator set the container? : actor.getContainer(): null _isTopLevel: true generateEmbeddedCode: false
CCodeGenerator include the container .h? : container.getContainer(): null _isTopLevel: true generateEmbeddedCode: false
Reading "ptolemy/cg/kernel/generic/program/procedural/c/makefile.in",
    writing "/home/travis/cg/PublisherSubscriber7.mk"
Using ptolemy/cg/kernel/generic/program/procedural/c/makefile.in
In "/home/travis/cg", about to execute:
    make -f PublisherSubscriber7.mk
gcc -D__int64="long long" -Wall -std=c99  -ggdb  -I /home/travis/cg//_PublisherSubscriber7 -I /home/travis/cg/commons/ PublisherSubscriber7_Main.c commons/_SDFReceiver.c commons/_CompositeActor.c commons/_AtomicActor.c commons/_Director.c commons/pblSet.c commons/pblHeap.c commons/_LocalClock.c commons/_SDFDirector.c commons/pblIterator.c commons/_Receiver.c commons/_IOPort.c commons/pblMap.c commons/_Actor.c commons/pblList.c commons/_ptTypes.c commons/pblCollection.c commons/pblPriorityQueue.c commons/pblhash.c commons/_TypedIOPort.c commons/pbl.c _PublisherSubscriber7/PublisherSubscriber7_SDFSchedule.c _PublisherSubscriber7/PublisherSubscriber7_CompositeActor_Publisher.c _PublisherSubscriber7/PublisherSubscriber7_Test.c _PublisherSubscriber7/PublisherSubscriber7_Subscriber.c _PublisherSubscriber7/PublisherSubscriber7_Accumulator.c _PublisherSubscriber7/PublisherSubscriber7_SampleDelay.c _PublisherSubscriber7/PublisherSubscriber7_CompositeActor2_Subscriber2.c _PublisherSubscriber7/PublisherSubscriber7.c _PublisherSubscriber7/PublisherSubscriber7_Publisher3.c -o PublisherSubscriber7 -lm 
In "/home/travis/cg", about to execute:
    make -f PublisherSubscriber7.mk run
./PublisherSubscriber7
All Done
----------------- AutoCG $PTII/bin/ptcg -language c -generateInSubdirectory false -inline false -maximumLinesPerBlock 2500 -variablesAsArrays false /home/travis/build/icyphy/ptII/ptolemy/cg/adapter/generic/program/procedural/c/adapters/ptolemy/actor/lib/test/auto/PublisherTestSubscriber.xmlCCodeGenerator._generateCode(): Deleting /home/travis/cg/
CCodeGenerator set the container? : actor.getContainer(): null _isTopLevel: true generateEmbeddedCode: false
CCodeGenerator include the container .h? : container.getContainer(): null _isTopLevel: true generateEmbeddedCode: false
Reading "ptolemy/cg/kernel/generic/program/procedural/c/makefile.in",
    writing "/home/travis/cg/PublisherTestSubscriber.mk"
Using ptolemy/cg/kernel/generic/program/procedural/c/makefile.in
In "/home/travis/cg", about to execute:
    make -f PublisherTestSubscriber.mk
gcc -D__int64="long long" -Wall -std=c99  -ggdb  -I /home/travis/cg//_PublisherTestSubscriber -I /home/travis/cg/commons/ PublisherTestSubscriber_Main.c _PublisherTestSubscriber/PublisherTestSubscriber_Subscriber.c _PublisherTestSubscriber/PublisherTestSubscriber.c _PublisherTestSubscriber/PublisherTestSubscriber_Ramp.c _PublisherTestSubscriber/PublisherTestSubscriber_PublisherTest.c _PublisherTestSubscriber/PublisherTestSubscriber_PublisherTest3.c _PublisherTestSubscriber/PublisherTestSubscriber_Subscriber2.c _PublisherTestSubscriber/PublisherTestSubscriber_SDFSchedule.c _PublisherTestSubscriber/PublisherTestSubscriber_Test.c _PublisherTestSubscriber/PublisherTestSubscriber_Test2.c _PublisherTestSubscriber/PublisherTestSubscriber_Ramp3.c _PublisherTestSubscriber/PublisherTestSubscriber_Ramp2.c _PublisherTestSubscriber/PublisherTestSubscriber_PublisherTest2.c commons/_SDFReceiver.c commons/_CompositeActor.c commons/_AtomicActor.c commons/_Director.c commons/pblSet.c commons/pblHeap.c commons/_LocalClock.c commons/_SDFDirector.c commons/pblIterator.c commons/_Receiver.c commons/_IOPort.c commons/pblMap.c commons/_Actor.c commons/pblList.c commons/_ptTypes.c commons/pblCollection.c commons/pblPriorityQueue.c commons/pblhash.c commons/_TypedIOPort.c commons/pbl.c -o PublisherTestSubscriber -lm 
In "/home/travis/cg", about to execute:
    make -f PublisherTestSubscriber.mk run
All Done
----------------- AutoCG $PTII/bin/ptcg -language c -generateInSubdirectory false -inline false -maximumLinesPerBlock 2500 -variablesAsArrays false /home/travis/build/icyphy/ptII/ptolemy/cg/adapter/generic/program/procedural/c/adapters/ptolemy/actor/lib/test/auto/PublisherTestSubscriber11.xml./PublisherTestSubscriber
CCodeGenerator._generateCode(): Deleting /home/travis/cg/
CCodeGenerator set the container? : actor.getContainer(): null _isTopLevel: true generateEmbeddedCode: false
CCodeGenerator include the container .h? : container.getContainer(): null _isTopLevel: true generateEmbeddedCode: false
Reading "ptolemy/cg/kernel/generic/program/procedural/c/makefile.in",
    writing "/home/travis/cg/PublisherTestSubscriber11.mk"
Using ptolemy/cg/kernel/generic/program/procedural/c/makefile.in
In "/home/travis/cg", about to execute:
    make -f PublisherTestSubscriber11.mk
gcc -D__int64="long long" -Wall -std=c99  -ggdb  -I /home/travis/cg//_PublisherTestSubscriber11 -I /home/travis/cg/commons/ PublisherTestSubscriber11_Main.c commons/_SDFReceiver.c commons/_CompositeActor.c commons/_AtomicActor.c commons/_Director.c commons/pblSet.c commons/pblHeap.c commons/_LocalClock.c commons/_SDFDirector.c commons/pblIterator.c commons/_Receiver.c commons/_IOPort.c commons/pblMap.c commons/_Actor.c commons/pblList.c commons/_ptTypes.c commons/pblCollection.c commons/pblPriorityQueue.c commons/pblhash.c commons/_TypedIOPort.c commons/pbl.c _PublisherTestSubscriber11/PublisherTestSubscriber11_Test2.c _PublisherTestSubscriber11/PublisherTestSubscriber11_Ramp.c _PublisherTestSubscriber11/PublisherTestSubscriber11_SDFSchedule.c _PublisherTestSubscriber11/PublisherTestSubscriber11.c _PublisherTestSubscriber11/PublisherTestSubscriber11_Ramp2.c _PublisherTestSubscriber11/PublisherTestSubscriber11_Subscriber.c _PublisherTestSubscriber11/PublisherTestSubscriber11_Publisher.c _PublisherTestSubscriber11/PublisherTestSubscriber11_Test.c -o PublisherTestSubscriber11 -lm 
In "/home/travis/cg", about to execute:
    make -f PublisherTestSubscriber11.mk run
./PublisherTestSubscriber11
All Done
----------------- AutoCG $PTII/bin/ptcg -language c -generateInSubdirectory false -inline false -maximumLinesPerBlock 2500 -variablesAsArrays false /home/travis/build/icyphy/ptII/ptolemy/cg/adapter/generic/program/procedural/c/adapters/ptolemy/actor/lib/test/auto/PublisherTestSubscriber12.xmlCCodeGenerator._generateCode(): Deleting /home/travis/cg/
CCodeGenerator set the container? : actor.getContainer(): null _isTopLevel: true generateEmbeddedCode: false
CCodeGenerator include the container .h? : container.getContainer(): null _isTopLevel: true generateEmbeddedCode: false
Reading "ptolemy/cg/kernel/generic/program/procedural/c/makefile.in",
    writing "/home/travis/cg/PublisherTestSubscriber12.mk"
Using ptolemy/cg/kernel/generic/program/procedural/c/makefile.in
In "/home/travis/cg", about to execute:
    make -f PublisherTestSubscriber12.mk
gcc -D__int64="long long" -Wall -std=c99  -ggdb  -I /home/travis/cg//_PublisherTestSubscriber12 -I /home/travis/cg/commons/ PublisherTestSubscriber12_Main.c commons/_SDFReceiver.c commons/_CompositeActor.c commons/_AtomicActor.c commons/_Director.c commons/pblSet.c commons/pblHeap.c commons/_LocalClock.c commons/_SDFDirector.c commons/pblIterator.c commons/_Receiver.c commons/_IOPort.c commons/pblMap.c commons/_Actor.c commons/pblList.c commons/_ptTypes.c commons/pblCollection.c commons/pblPriorityQueue.c commons/pblhash.c commons/_TypedIOPort.c commons/pbl.c _PublisherTestSubscriber12/PublisherTestSubscriber12_Test.c _PublisherTestSubscriber12/PublisherTestSubscriber12.c _PublisherTestSubscriber12/PublisherTestSubscriber12_Publisher.c _PublisherTestSubscriber12/PublisherTestSubscriber12_Subscriber.c _PublisherTestSubscriber12/PublisherTestSubscriber12_Ramp2.c _PublisherTestSubscriber12/PublisherTestSubscriber12_Ramp3.c _PublisherTestSubscriber12/PublisherTestSubscriber12_Ramp.c _PublisherTestSubscriber12/PublisherTestSubscriber12_Test2.c _PublisherTestSubscriber12/PublisherTestSubscriber12_SDFSchedule.c -o PublisherTestSubscriber12 -lm 
In "/home/travis/cg", about to execute:
    make -f PublisherTestSubscriber12.mk run
./PublisherTestSubscriber12
All Done
----------------- AutoCG $PTII/bin/ptcg -language c -generateInSubdirectory false -inline false -maximumLinesPerBlock 2500 -variablesAsArrays false /home/travis/build/icyphy/ptII/ptolemy/cg/adapter/generic/program/procedural/c/adapters/ptolemy/actor/lib/test/auto/PublisherTestSubscriber14.xmlCCodeGenerator._generateCode(): Deleting /home/travis/cg/
CCodeGenerator set the container? : actor.getContainer(): null _isTopLevel: true generateEmbeddedCode: false
CCodeGenerator include the container .h? : container.getContainer(): null _isTopLevel: true generateEmbeddedCode: false
Reading "ptolemy/cg/kernel/generic/program/procedural/c/makefile.in",
    writing "/home/travis/cg/PublisherTestSubscriber14.mk"
Using ptolemy/cg/kernel/generic/program/procedural/c/makefile.in
In "/home/travis/cg", about to execute:
    make -f PublisherTestSubscriber14.mk
gcc -D__int64="long long" -Wall -std=c99  -ggdb  -I /home/travis/cg//_PublisherTestSubscriber14 -I /home/travis/cg/commons/ PublisherTestSubscriber14_Main.c _PublisherTestSubscriber14/PublisherTestSubscriber14_SDFSchedule.c _PublisherTestSubscriber14/PublisherTestSubscriber14_Test.c _PublisherTestSubscriber14/PublisherTestSubscriber14.c _PublisherTestSubscriber14/PublisherTestSubscriber14_publisherClass_Ramp.c _PublisherTestSubscriber14/PublisherTestSubscriber14_subscriberClass_Subscriber.c _PublisherTestSubscriber14/PublisherTestSubscriber14_publisherClass_Publisher.c commons/_SDFReceiver.c commons/_CompositeActor.c commons/_AtomicActor.c commons/_Director.c commons/pblSet.c commons/pblHeap.c commons/_LocalClock.c commons/_SDFDirector.c commons/pblIterator.c commons/_Receiver.c commons/_IOPort.c commons/pblMap.c commons/_Actor.c commons/pblList.c commons/_ptTypes.c commons/pblCollection.c commons/pblPriorityQueue.c commons/pblhash.c commons/_TypedIOPort.c commons/pbl.c -o PublisherTestSubscriber14 -lm 
In "/home/travis/cg", about to execute:
    make -f PublisherTestSubscriber14.mk run
./PublisherTestSubscriber14
All Done
----------------- AutoCG $PTII/bin/ptcg -language c -generateInSubdirectory false -inline false -maximumLinesPerBlock 2500 -variablesAsArrays false /home/travis/build/icyphy/ptII/ptolemy/cg/adapter/generic/program/procedural/c/adapters/ptolemy/actor/lib/test/auto/PublisherTestSubscriber2.xmlCCodeGenerator._generateCode(): Deleting /home/travis/cg/
CCodeGenerator set the container? : actor.getContainer(): null _isTopLevel: true generateEmbeddedCode: false
CCodeGenerator include the container .h? : container.getContainer(): null _isTopLevel: true generateEmbeddedCode: false
Reading "ptolemy/cg/kernel/generic/program/procedural/c/makefile.in",
    writing "/home/travis/cg/PublisherTestSubscriber2.mk"
Using ptolemy/cg/kernel/generic/program/procedural/c/makefile.in
In "/home/travis/cg", about to execute:
    make -f PublisherTestSubscriber2.mk
gcc -D__int64="long long" -Wall -std=c99  -ggdb  -I /home/travis/cg//_PublisherTestSubscriber2 -I /home/travis/cg/commons/ PublisherTestSubscriber2_Main.c commons/_SDFReceiver.c commons/_CompositeActor.c commons/_AtomicActor.c commons/_Director.c commons/pblSet.c commons/pblHeap.c commons/_LocalClock.c commons/_SDFDirector.c commons/pblIterator.c commons/_Receiver.c commons/_IOPort.c commons/pblMap.c commons/_Actor.c commons/pblList.c commons/_ptTypes.c commons/pblCollection.c commons/pblPriorityQueue.c commons/pblhash.c commons/_TypedIOPort.c commons/pbl.c _PublisherTestSubscriber2/PublisherTestSubscriber2_SDFSchedule.c _PublisherTestSubscriber2/PublisherTestSubscriber2_CompositeActor_Test.c _PublisherTestSubscriber2/PublisherTestSubscriber2_CompositeActor_Subscriber.c _PublisherTestSubscriber2/PublisherTestSubscriber2_Ramp.c _PublisherTestSubscriber2/PublisherTestSubscriber2.c _PublisherTestSubscriber2/PublisherTestSubscriber2_Publisher.c -o PublisherTestSubscriber2 -lm 
In "/home/travis/cg", about to execute:
    make -f PublisherTestSubscriber2.mk run
./PublisherTestSubscriber2
All Done
----------------- AutoCG $PTII/bin/ptcg -language c -generateInSubdirectory false -inline false -maximumLinesPerBlock 2500 -variablesAsArrays false /home/travis/build/icyphy/ptII/ptolemy/cg/adapter/generic/program/procedural/c/adapters/ptolemy/actor/lib/test/auto/PublisherTestSubscriber3.xmlCCodeGenerator._generateCode(): Deleting /home/travis/cg/
CCodeGenerator set the container? : actor.getContainer(): null _isTopLevel: true generateEmbeddedCode: false
CCodeGenerator include the container .h? : container.getContainer(): null _isTopLevel: true generateEmbeddedCode: false
Reading "ptolemy/cg/kernel/generic/program/procedural/c/makefile.in",
    writing "/home/travis/cg/PublisherTestSubscriber3.mk"
Using ptolemy/cg/kernel/generic/program/procedural/c/makefile.in
In "/home/travis/cg", about to execute:
    make -f PublisherTestSubscriber3.mk
gcc -D__int64="long long" -Wall -std=c99  -ggdb  -I /home/travis/cg//_PublisherTestSubscriber3 -I /home/travis/cg/commons/ PublisherTestSubscriber3_Main.c commons/_SDFReceiver.c commons/_CompositeActor.c commons/_AtomicActor.c commons/_Director.c commons/pblSet.c commons/pblHeap.c commons/_LocalClock.c commons/_SDFDirector.c commons/pblIterator.c commons/_Receiver.c commons/_IOPort.c commons/pblMap.c commons/_Actor.c commons/pblList.c commons/_ptTypes.c commons/pblCollection.c commons/pblPriorityQueue.c commons/pblhash.c commons/_TypedIOPort.c commons/pbl.c _PublisherTestSubscriber3/PublisherTestSubscriber3_Subscriber.c _PublisherTestSubscriber3/PublisherTestSubscriber3_Test.c _PublisherTestSubscriber3/PublisherTestSubscriber3_CompositeActor_Ramp.c _PublisherTestSubscriber3/PublisherTestSubscriber3_CompositeActor_Publisher.c _PublisherTestSubscriber3/PublisherTestSubscriber3.c _PublisherTestSubscriber3/PublisherTestSubscriber3_SDFSchedule.c -o PublisherTestSubscriber3 -lm 
In "/home/travis/cg", about to execute:
    make -f PublisherTestSubscriber3.mk run
./PublisherTestSubscriber3
All Done
----------------- AutoCG $PTII/bin/ptcg -language c -generateInSubdirectory false -inline false -maximumLinesPerBlock 2500 -variablesAsArrays false /home/travis/build/icyphy/ptII/ptolemy/cg/adapter/generic/program/procedural/c/adapters/ptolemy/actor/lib/test/auto/PublisherTestSubscriber4.xmlCCodeGenerator._generateCode(): Deleting /home/travis/cg/
CCodeGenerator set the container? : actor.getContainer(): null _isTopLevel: true generateEmbeddedCode: false
CCodeGenerator include the container .h? : container.getContainer(): null _isTopLevel: true generateEmbeddedCode: false
Reading "ptolemy/cg/kernel/generic/program/procedural/c/makefile.in",
    writing "/home/travis/cg/PublisherTestSubscriber4.mk"
Using ptolemy/cg/kernel/generic/program/procedural/c/makefile.in
In "/home/travis/cg", about to execute:
    make -f PublisherTestSubscriber4.mk
gcc -D__int64="long long" -Wall -std=c99  -ggdb  -I /home/travis/cg//_PublisherTestSubscriber4 -I /home/travis/cg/commons/ PublisherTestSubscriber4_Main.c commons/_SDFReceiver.c commons/_CompositeActor.c commons/_AtomicActor.c commons/_Director.c commons/pblSet.c commons/pblHeap.c commons/_LocalClock.c commons/_SDFDirector.c commons/pblIterator.c commons/_Receiver.c commons/_IOPort.c commons/pblMap.c commons/_Actor.c commons/pblList.c commons/_ptTypes.c commons/pblCollection.c commons/pblPriorityQueue.c commons/pblhash.c commons/_TypedIOPort.c commons/pbl.c _PublisherTestSubscriber4/PublisherTestSubscriber4_Ramp.c _PublisherTestSubscriber4/PublisherTestSubscriber4_Test.c _PublisherTestSubscriber4/PublisherTestSubscriber4_SDFSchedule.c _PublisherTestSubscriber4/PublisherTestSubscriber4_Subscriber.c _PublisherTestSubscriber4/PublisherTestSubscriber4.c _PublisherTestSubscriber4/PublisherTestSubscriber4_Publisher.c -o PublisherTestSubscriber4 -lm 
In "/home/travis/cg", about to execute:
    make -f PublisherTestSubscriber4.mk run
./PublisherTestSubscriber4
All Done
----------------- AutoCG $PTII/bin/ptcg -language c -generateInSubdirectory false -inline false -maximumLinesPerBlock 2500 -variablesAsArrays false /home/travis/build/icyphy/ptII/ptolemy/cg/adapter/generic/program/procedural/c/adapters/ptolemy/actor/lib/test/auto/PublisherTestSubscriber5.xmlCCodeGenerator._generateCode(): Deleting /home/travis/cg/
CCodeGenerator set the container? : actor.getContainer(): null _isTopLevel: true generateEmbeddedCode: false
CCodeGenerator include the container .h? : container.getContainer(): null _isTopLevel: true generateEmbeddedCode: false
Reading "ptolemy/cg/kernel/generic/program/procedural/c/makefile.in",
    writing "/home/travis/cg/PublisherTestSubscriber5.mk"
Using ptolemy/cg/kernel/generic/program/procedural/c/makefile.in
In "/home/travis/cg", about to execute:
    make -f PublisherTestSubscriber5.mk
gcc -D__int64="long long" -Wall -std=c99  -ggdb  -I /home/travis/cg//_PublisherTestSubscriber5 -I /home/travis/cg/commons/ PublisherTestSubscriber5_Main.c commons/_SDFReceiver.c commons/_CompositeActor.c commons/_AtomicActor.c commons/_Director.c commons/pblSet.c commons/pblHeap.c commons/_LocalClock.c commons/_SDFDirector.c commons/pblIterator.c commons/_Receiver.c commons/_IOPort.c commons/pblMap.c commons/_Actor.c commons/pblList.c commons/_ptTypes.c commons/pblCollection.c commons/pblPriorityQueue.c commons/pblhash.c commons/_TypedIOPort.c commons/pbl.c _PublisherTestSubscriber5/PublisherTestSubscriber5_SampleDelay.c _PublisherTestSubscriber5/PublisherTestSubscriber5.c _PublisherTestSubscriber5/PublisherTestSubscriber5_Publisher3.c _PublisherTestSubscriber5/PublisherTestSubscriber5_Subscriber.c _PublisherTestSubscriber5/PublisherTestSubscriber5_Subscriber2.c _PublisherTestSubscriber5/PublisherTestSubscriber5_Accumulator.c _PublisherTestSubscriber5/PublisherTestSubscriber5_Test.c _PublisherTestSubscriber5/PublisherTestSubscriber5_Publisher.c _PublisherTestSubscriber5/PublisherTestSubscriber5_SDFSchedule.c -o PublisherTestSubscriber5 -lm 
In "/home/travis/cg", about to execute:
    make -f PublisherTestSubscriber5.mk run
./PublisherTestSubscriber5
All Done
----------------- AutoCG $PTII/bin/ptcg -language c -generateInSubdirectory false -inline false -maximumLinesPerBlock 2500 -variablesAsArrays false /home/travis/build/icyphy/ptII/ptolemy/cg/adapter/generic/program/procedural/c/adapters/ptolemy/actor/lib/test/auto/PublisherTestSubscriber6.xmlCCodeGenerator._generateCode(): Deleting /home/travis/cg/
CCodeGenerator set the container? : actor.getContainer(): null _isTopLevel: true generateEmbeddedCode: false
CCodeGenerator include the container .h? : container.getContainer(): null _isTopLevel: true generateEmbeddedCode: false
Reading "ptolemy/cg/kernel/generic/program/procedural/c/makefile.in",
    writing "/home/travis/cg/PublisherTestSubscriber6.mk"
Using ptolemy/cg/kernel/generic/program/procedural/c/makefile.in
In "/home/travis/cg", about to execute:
    make -f PublisherTestSubscriber6.mk
gcc -D__int64="long long" -Wall -std=c99  -ggdb  -I /home/travis/cg//_PublisherTestSubscriber6 -I /home/travis/cg/commons/ PublisherTestSubscriber6_Main.c commons/_SDFReceiver.c commons/_CompositeActor.c commons/_AtomicActor.c commons/_Director.c commons/pblSet.c commons/pblHeap.c commons/_LocalClock.c commons/_SDFDirector.c commons/pblIterator.c commons/_Receiver.c commons/_IOPort.c commons/pblMap.c commons/_Actor.c commons/pblList.c commons/_ptTypes.c commons/pblCollection.c commons/pblPriorityQueue.c commons/pblhash.c commons/_TypedIOPort.c commons/pbl.c _PublisherTestSubscriber6/PublisherTestSubscriber6_Subscriber.c _PublisherTestSubscriber6/PublisherTestSubscriber6_Publisher3.c _PublisherTestSubscriber6/PublisherTestSubscriber6_Test.c _PublisherTestSubscriber6/PublisherTestSubscriber6_Publisher.c _PublisherTestSubscriber6/PublisherTestSubscriber6_SampleDelay.c _PublisherTestSubscriber6/PublisherTestSubscriber6_SDFSchedule.c _PublisherTestSubscriber6/PublisherTestSubscriber6.c _PublisherTestSubscriber6/PublisherTestSubscriber6_Subscriber2.c _PublisherTestSubscriber6/PublisherTestSubscriber6_Accumulator.c -o PublisherTestSubscriber6 -lm 
In "/home/travis/cg", about to execute:
    make -f PublisherTestSubscriber6.mk run
./PublisherTestSubscriber6
All Done
----------------- AutoCG $PTII/bin/ptcg -language c -generateInSubdirectory false -inline false -maximumLinesPerBlock 2500 -variablesAsArrays false /home/travis/build/icyphy/ptII/ptolemy/cg/adapter/generic/program/procedural/c/adapters/ptolemy/actor/lib/test/auto/PublisherTestSubscriber7.xmlCCodeGenerator._generateCode(): Deleting /home/travis/cg/
CCodeGenerator set the container? : actor.getContainer(): null _isTopLevel: true generateEmbeddedCode: false
CCodeGenerator include the container .h? : container.getContainer(): null _isTopLevel: true generateEmbeddedCode: false
Reading "ptolemy/cg/kernel/generic/program/procedural/c/makefile.in",
    writing "/home/travis/cg/PublisherTestSubscriber7.mk"
Using ptolemy/cg/kernel/generic/program/procedural/c/makefile.in
In "/home/travis/cg", about to execute:
    make -f PublisherTestSubscriber7.mk
gcc -D__int64="long long" -Wall -std=c99  -ggdb  -I /home/travis/cg//_PublisherTestSubscriber7 -I /home/travis/cg/commons/ PublisherTestSubscriber7_Main.c _PublisherTestSubscriber7/PublisherTestSubscriber7_Accumulator.c _PublisherTestSubscriber7/PublisherTestSubscriber7.c _PublisherTestSubscriber7/PublisherTestSubscriber7_Publisher3.c _PublisherTestSubscriber7/PublisherTestSubscriber7_CompositeActor_Publisher.c _PublisherTestSubscriber7/PublisherTestSubscriber7_CompositeActor2_Subscriber2.c _PublisherTestSubscriber7/PublisherTestSubscriber7_Subscriber.c _PublisherTestSubscriber7/PublisherTestSubscriber7_SDFSchedule.c _PublisherTestSubscriber7/PublisherTestSubscriber7_SampleDelay.c _PublisherTestSubscriber7/PublisherTestSubscriber7_Test.c commons/_SDFReceiver.c commons/_CompositeActor.c commons/_AtomicActor.c commons/_Director.c commons/pblSet.c commons/pblHeap.c commons/_LocalClock.c commons/_SDFDirector.c commons/pblIterator.c commons/_Receiver.c commons/_IOPort.c commons/pblMap.c commons/_Actor.c commons/pblList.c commons/_ptTypes.c commons/pblCollection.c commons/pblPriorityQueue.c commons/pblhash.c commons/_TypedIOPort.c commons/pbl.c -o PublisherTestSubscriber7 -lm 
In "/home/travis/cg", about to execute:
    make -f PublisherTestSubscriber7.mk run
./PublisherTestSubscriber7
All Done
----------------- AutoCG $PTII/bin/ptcg -language c -generateInSubdirectory false -inline false -maximumLinesPerBlock 2500 -variablesAsArrays false /home/travis/build/icyphy/ptII/ptolemy/cg/adapter/generic/program/procedural/c/adapters/ptolemy/actor/lib/test/auto/PublisherTestSubscriberClassr.xmlCCodeGenerator._generateCode(): Deleting /home/travis/cg/
CCodeGenerator set the container? : actor.getContainer(): null _isTopLevel: true generateEmbeddedCode: false
CCodeGenerator include the container .h? : container.getContainer(): null _isTopLevel: true generateEmbeddedCode: false
Reading "ptolemy/cg/kernel/generic/program/procedural/c/makefile.in",
    writing "/home/travis/cg/PublisherTestSubscriberClass.mk"
Using ptolemy/cg/kernel/generic/program/procedural/c/makefile.in
In "/home/travis/cg", about to execute:
    make -f PublisherTestSubscriberClass.mk
gcc -D__int64="long long" -Wall -std=c99  -ggdb  -I /home/travis/cg//_PublisherTestSubscriberClass -I /home/travis/cg/commons/ PublisherTestSubscriberClass_Main.c commons/_SDFReceiver.c commons/_CompositeActor.c commons/_AtomicActor.c commons/_Director.c commons/pblSet.c commons/pblHeap.c commons/_LocalClock.c commons/_SDFDirector.c commons/pblIterator.c commons/_Receiver.c commons/_IOPort.c commons/pblMap.c commons/_Actor.c commons/pblList.c commons/_ptTypes.c commons/pblCollection.c commons/pblPriorityQueue.c commons/pblhash.c commons/_TypedIOPort.c commons/pbl.c _PublisherTestSubscriberClass/PublisherTestSubscriberClass_InstanceOfSubscriberClassDefinition_Subscriber.c _PublisherTestSubscriberClass/PublisherTestSubscriberClass_InstanceOfPublisherTestClassDefinition_PublisherTest.c _PublisherTestSubscriberClass/PublisherTestSubscriberClass_InstanceOfPublisherTestClassDefinition_Ramp.c _PublisherTestSubscriberClass/PublisherTestSubscriberClass_Test.c _PublisherTestSubscriberClass/PublisherTestSubscriberClass.c _PublisherTestSubscriberClass/PublisherTestSubscriberClass_SDFSchedule.c -o PublisherTestSubscriberClass -lm 
In "/home/travis/cg", about to execute:
    make -f PublisherTestSubscriberClass.mk run
./PublisherTestSubscriberClass
All Done
----------------- AutoCG $PTII/bin/ptcg -language c -generateInSubdirectory false -inline false -maximumLinesPerBlock 2500 -variablesAsArrays false /home/travis/build/icyphy/ptII/ptolemy/cg/adapter/generic/program/procedural/c/adapters/ptolemy/actor/lib/test/auto/Ramp.xmlCCodeGenerator._generateCode(): Deleting /home/travis/cg/
CCodeGenerator set the container? : actor.getContainer(): null _isTopLevel: true generateEmbeddedCode: false
CCodeGenerator include the container .h? : container.getContainer(): null _isTopLevel: true generateEmbeddedCode: false
Reading "ptolemy/cg/kernel/generic/program/procedural/c/makefile.in",
    writing "/home/travis/cg/Ramp.mk"
Using ptolemy/cg/kernel/generic/program/procedural/c/makefile.in
In "/home/travis/cg", about to execute:
    make -f Ramp.mk
gcc -D__int64="long long" -Wall -std=c99  -ggdb  -I /home/travis/cg//_Ramp -I /home/travis/cg/commons/ Ramp_Main.c commons/_SDFReceiver.c commons/_CompositeActor.c commons/_AtomicActor.c commons/_Director.c commons/pblSet.c commons/pblHeap.c commons/_LocalClock.c commons/_SDFDirector.c commons/pblIterator.c commons/_Receiver.c commons/_IOPort.c commons/pblMap.c commons/_Actor.c commons/pblList.c commons/_ptTypes.c commons/pblCollection.c commons/pblPriorityQueue.c commons/pblhash.c commons/_TypedIOPort.c commons/pbl.c _Ramp/Ramp_Scale.c _Ramp/Ramp_AddSubtract.c _Ramp/Ramp_Ramp.c _Ramp/Ramp_SDFSchedule.c _Ramp/Ramp.c _Ramp/Ramp_Test.c _Ramp/Ramp_Ramp2.c -o Ramp -lm 
In "/home/travis/cg", about to execute:
    make -f Ramp.mk run
./Ramp
All Done
----------------- AutoCG $PTII/bin/ptcg -language c -generateInSubdirectory false -inline false -maximumLinesPerBlock 2500 -variablesAsArrays false /home/travis/build/icyphy/ptII/ptolemy/cg/adapter/generic/program/procedural/c/adapters/ptolemy/actor/lib/test/auto/Ramp1000.xmlCCodeGenerator._generateCode(): Deleting /home/travis/cg/
CCodeGenerator set the container? : actor.getContainer(): null _isTopLevel: true generateEmbeddedCode: false
CCodeGenerator include the container .h? : container.getContainer(): null _isTopLevel: true generateEmbeddedCode: false
Reading "ptolemy/cg/kernel/generic/program/procedural/c/makefile.in",
    writing "/home/travis/cg/Ramp1000.mk"
Using ptolemy/cg/kernel/generic/program/procedural/c/makefile.in
In "/home/travis/cg", about to execute:
    make -f Ramp1000.mk
gcc -D__int64="long long" -Wall -std=c99  -ggdb  -I /home/travis/cg/commons/ -I /home/travis/cg//_Ramp1000 Ramp1000_Main.c commons/_SDFReceiver.c commons/_CompositeActor.c commons/_AtomicActor.c commons/_Director.c commons/pblSet.c commons/pblHeap.c commons/_LocalClock.c commons/_SDFDirector.c commons/pblIterator.c commons/_Receiver.c commons/_IOPort.c commons/pblMap.c commons/_Actor.c commons/pblList.c commons/_ptTypes.c commons/pblCollection.c commons/pblPriorityQueue.c commons/pblhash.c commons/_TypedIOPort.c commons/pbl.c _Ramp1000/Ramp1000_SDFSchedule.c _Ramp1000/Ramp1000.c _Ramp1000/Ramp1000_AddSubtract.c _Ramp1000/Ramp1000_Ramp.c _Ramp1000/Ramp1000_Ramp2.c _Ramp1000/Ramp1000_Scale.c _Ramp1000/Ramp1000_Test.c -o Ramp1000 -lm 
In "/home/travis/cg", about to execute:
    make -f Ramp1000.mk run
./Ramp1000
All Done
----------------- AutoCG $PTII/bin/ptcg -language c -generateInSubdirectory false -inline false -maximumLinesPerBlock 2500 -variablesAsArrays false /home/travis/build/icyphy/ptII/ptolemy/cg/adapter/generic/program/procedural/c/adapters/ptolemy/actor/lib/test/auto/Recorder.xmlCCodeGenerator._generateCode(): Deleting /home/travis/cg/
CCodeGenerator set the container? : actor.getContainer(): null _isTopLevel: true generateEmbeddedCode: false
CCodeGenerator include the container .h? : container.getContainer(): null _isTopLevel: true generateEmbeddedCode: false
Reading "ptolemy/cg/kernel/generic/program/procedural/c/makefile.in",
    writing "/home/travis/cg/Recorder.mk"
Using ptolemy/cg/kernel/generic/program/procedural/c/makefile.in
In "/home/travis/cg", about to execute:
    make -f Recorder.mk
gcc -D__int64="long long" -Wall -std=c99  -ggdb  -I /home/travis/cg//_Recorder -I /home/travis/cg/commons/ Recorder_Main.c commons/_SDFReceiver.c commons/_CompositeActor.c commons/_AtomicActor.c commons/_Director.c commons/pblSet.c commons/pblHeap.c commons/_LocalClock.c commons/_SDFDirector.c commons/pblIterator.c commons/_Receiver.c commons/_IOPort.c commons/pblMap.c commons/_Actor.c commons/pblList.c commons/_ptTypes.c commons/pblCollection.c commons/pblPriorityQueue.c commons/pblhash.c commons/_TypedIOPort.c commons/pbl.c _Recorder/Recorder_Ramp.c _Recorder/Recorder_SDFSchedule.c _Recorder/Recorder_rec.c _Recorder/Recorder.c -o Recorder -lm 
In "/home/travis/cg", about to execute:
    make -f Recorder.mk run
./Recorder
All Done
----------------- AutoCG $PTII/bin/ptcg -language c -generateInSubdirectory false -inline false -maximumLinesPerBlock 2500 -variablesAsArrays false /home/travis/build/icyphy/ptII/ptolemy/cg/adapter/generic/program/procedural/c/adapters/ptolemy/actor/lib/test/auto/Sequence.xmlCCodeGenerator._generateCode(): Deleting /home/travis/cg/
CCodeGenerator set the container? : actor.getContainer(): null _isTopLevel: true generateEmbeddedCode: false
CCodeGenerator include the container .h? : container.getContainer(): null _isTopLevel: true generateEmbeddedCode: false
Reading "ptolemy/cg/kernel/generic/program/procedural/c/makefile.in",
    writing "/home/travis/cg/Sequence.mk"
Using ptolemy/cg/kernel/generic/program/procedural/c/makefile.in
In "/home/travis/cg", about to execute:
    make -f Sequence.mk
gcc -D__int64="long long" -Wall -std=c99  -ggdb  -I /home/travis/cg/commons/ -I /home/travis/cg//_Sequence Sequence_Main.c commons/_SDFReceiver.c commons/_CompositeActor.c commons/_AtomicActor.c commons/_Director.c commons/pblSet.c commons/pblHeap.c commons/_LocalClock.c commons/_SDFDirector.c commons/pblIterator.c commons/_Receiver.c commons/_IOPort.c commons/pblMap.c commons/_Actor.c commons/pblList.c commons/_ptTypes.c commons/pblCollection.c commons/pblPriorityQueue.c commons/pblhash.c commons/_TypedIOPort.c commons/pbl.c _Sequence/Sequence_Sequence2.c _Sequence/Sequence_Test.c _Sequence/Sequence_SDFSchedule.c _Sequence/Sequence.c -o Sequence -lm 
In "/home/travis/cg", about to execute:
    make -f Sequence.mk run
./Sequence
All Done
----------------- AutoCG $PTII/bin/ptcg -language c -generateInSubdirectory false -inline false -maximumLinesPerBlock 2500 -variablesAsArrays false /home/travis/build/icyphy/ptII/ptolemy/cg/adapter/generic/program/procedural/c/adapters/ptolemy/actor/lib/test/auto/Sequence2.xmlCCodeGenerator._generateCode(): Deleting /home/travis/cg/
CCodeGenerator set the container? : actor.getContainer(): null _isTopLevel: true generateEmbeddedCode: false
CCodeGenerator include the container .h? : container.getContainer(): null _isTopLevel: true generateEmbeddedCode: false
Reading "ptolemy/cg/kernel/generic/program/procedural/c/makefile.in",
    writing "/home/travis/cg/Sequence2.mk"
Using ptolemy/cg/kernel/generic/program/procedural/c/makefile.in
In "/home/travis/cg", about to execute:
    make -f Sequence2.mk
gcc -D__int64="long long" -Wall -std=c99  -ggdb  -I /home/travis/cg/commons/ -I /home/travis/cg//_Sequence2 Sequence2_Main.c commons/_SDFReceiver.c commons/_CompositeActor.c commons/_AtomicActor.c commons/_Director.c commons/pblSet.c commons/pblHeap.c commons/_LocalClock.c commons/_SDFDirector.c commons/pblIterator.c commons/_Receiver.c commons/_IOPort.c commons/pblMap.c commons/_Actor.c commons/pblList.c commons/_ptTypes.c commons/pblCollection.c commons/pblPriorityQueue.c commons/pblhash.c commons/_TypedIOPort.c commons/pbl.c _Sequence2/Sequence2_Test.c _Sequence2/Sequence2.c _Sequence2/Sequence2_SDFSchedule.c _Sequence2/Sequence2_Const.c _Sequence2/Sequence2_Sequence2.c -o Sequence2 -lm 
In "/home/travis/cg", about to execute:
    make -f Sequence2.mk run
./Sequence2
All Done
----------------- AutoCG $PTII/bin/ptcg -language c -generateInSubdirectory false -inline false -maximumLinesPerBlock 2500 -variablesAsArrays false /home/travis/build/icyphy/ptII/ptolemy/cg/adapter/generic/program/procedural/c/adapters/ptolemy/actor/lib/test/auto/StringConstComposite.xmlCCodeGenerator._generateCode(): Deleting /home/travis/cg/
CCodeGenerator set the container? : actor.getContainer(): null _isTopLevel: true generateEmbeddedCode: false
CCodeGenerator include the container .h? : container.getContainer(): null _isTopLevel: true generateEmbeddedCode: false
Reading "ptolemy/cg/kernel/generic/program/procedural/c/makefile.in",
    writing "/home/travis/cg/StringConstComposite.mk"
Using ptolemy/cg/kernel/generic/program/procedural/c/makefile.in
In "/home/travis/cg", about to execute:
    make -f StringConstComposite.mk
gcc -D__int64="long long" -Wall -std=c99  -ggdb  -I /home/travis/cg/commons/ -I /home/travis/cg//_StringConstComposite StringConstComposite_Main.c _StringConstComposite/StringConstComposite_Ramp.c _StringConstComposite/StringConstComposite.c _StringConstComposite/StringConstComposite_Composite_StringConst.c _StringConstComposite/StringConstComposite_Composite_Expression2.c _StringConstComposite/StringConstComposite_Test.c _StringConstComposite/StringConstComposite_SDFSchedule.c commons/_SDFReceiver.c commons/_CompositeActor.c commons/_AtomicActor.c commons/_Director.c commons/pblSet.c commons/pblHeap.c commons/_LocalClock.c commons/_SDFDirector.c commons/pblIterator.c commons/_Receiver.c commons/_IOPort.c commons/pblMap.c commons/_Actor.c commons/pblList.c commons/_ptTypes.c commons/pblCollection.c commons/pblPriorityQueue.c commons/pblhash.c commons/_TypedIOPort.c commons/pbl.c -o StringConstComposite -lm 
_StringConstComposite/StringConstComposite.c: In function StringConstComposite_New:
_StringConstComposite/StringConstComposite.c:55:20: warning: unused variable StringConstComposite_Composite_StringConst_output [-Wunused-variable]
     struct IOPort* StringConstComposite_Composite_StringConst_output = (struct IOPort*)StringConstComposite_Composite_StringConst_get_output();
                    ^
commons/_ptTypes.c: In function String_new:
commons/_ptTypes.c:137:9: warning: implicit declaration of function strdup [-Wimplicit-function-declaration]
         result->payload.String = strdup(s);
         ^
commons/_ptTypes.c:137:32: warning: assignment makes pointer from integer without a cast [enabled by default]
         result->payload.String = strdup(s);
                                ^
In "/home/travis/cg", about to execute:
    make -f StringConstComposite.mk run
./StringConstComposite
All Done
----------------- AutoCG $PTII/bin/ptcg -language c -generateInSubdirectory false -inline false -maximumLinesPerBlock 2500 -variablesAsArrays false /home/travis/build/icyphy/ptII/ptolemy/cg/adapter/generic/program/procedural/c/adapters/ptolemy/actor/lib/test/auto/Test.xmlCCodeGenerator._generateCode(): Deleting /home/travis/cg/
CCodeGenerator set the container? : actor.getContainer(): null _isTopLevel: true generateEmbeddedCode: false
CCodeGenerator include the container .h? : container.getContainer(): null _isTopLevel: true generateEmbeddedCode: false
Reading "ptolemy/cg/kernel/generic/program/procedural/c/makefile.in",
    writing "/home/travis/cg/Test.mk"
Using ptolemy/cg/kernel/generic/program/procedural/c/makefile.in
In "/home/travis/cg", about to execute:
    make -f Test.mk
gcc -D__int64="long long" -Wall -std=c99  -ggdb  -I /home/travis/cg//_Test -I /home/travis/cg/commons/ Test_Main.c commons/_SDFReceiver.c commons/_CompositeActor.c commons/_AtomicActor.c commons/_Director.c commons/pblSet.c commons/pblHeap.c commons/_LocalClock.c commons/_SDFDirector.c commons/pblIterator.c commons/_Receiver.c commons/_IOPort.c commons/pblMap.c commons/_Actor.c commons/pblList.c commons/_ptTypes.c commons/pblCollection.c commons/pblPriorityQueue.c commons/pblhash.c commons/_TypedIOPort.c commons/pbl.c _Test/Test_Test.c _Test/Test.c _Test/Test_SDFSchedule.c _Test/Test_Ramp.c -o Test -lm 
In "/home/travis/cg", about to execute:
    make -f Test.mk run
./Test
All Done
----------------- AutoCG $PTII/bin/ptcg -language c -generateInSubdirectory false -inline false -maximumLinesPerBlock 2500 -variablesAsArrays false /home/travis/build/icyphy/ptII/ptolemy/cg/adapter/generic/program/procedural/c/adapters/ptolemy/actor/lib/test/auto/TestMultiPortDouble.xmlCCodeGenerator._generateCode(): Deleting /home/travis/cg/
CCodeGenerator set the container? : actor.getContainer(): null _isTopLevel: true generateEmbeddedCode: false
CCodeGenerator include the container .h? : container.getContainer(): null _isTopLevel: true generateEmbeddedCode: false
Reading "ptolemy/cg/kernel/generic/program/procedural/c/makefile.in",
    writing "/home/travis/cg/TestMultiPortDouble.mk"
Using ptolemy/cg/kernel/generic/program/procedural/c/makefile.in
In "/home/travis/cg", about to execute:
    make -f TestMultiPortDouble.mk
gcc -D__int64="long long" -Wall -std=c99  -ggdb  -I /home/travis/cg/commons/ -I /home/travis/cg//_TestMultiPortDouble TestMultiPortDouble_Main.c commons/_SDFReceiver.c commons/_CompositeActor.c commons/_AtomicActor.c commons/_Director.c commons/pblSet.c commons/pblHeap.c commons/_LocalClock.c commons/_SDFDirector.c commons/pblIterator.c commons/_Receiver.c commons/_IOPort.c commons/pblMap.c commons/_Actor.c commons/pblList.c commons/_ptTypes.c commons/pblCollection.c commons/pblPriorityQueue.c commons/pblhash.c commons/_TypedIOPort.c commons/pbl.c _TestMultiPortDouble/TestMultiPortDouble_Const2.c _TestMultiPortDouble/TestMultiPortDouble_Const.c _TestMultiPortDouble/TestMultiPortDouble_Test.c _TestMultiPortDouble/TestMultiPortDouble_SDFSchedule.c _TestMultiPortDouble/TestMultiPortDouble.c _TestMultiPortDouble/TestMultiPortDouble_Const3.c -o TestMultiPortDouble -lm 
In "/home/travis/cg", about to execute:
    make -f TestMultiPortDouble.mk run
./TestMultiPortDouble
All Done
----------------- AutoCG $PTII/bin/ptcg -language c -generateInSubdirectory false -inline false -maximumLinesPerBlock 2500 -variablesAsArrays false /home/travis/build/icyphy/ptII/ptolemy/cg/adapter/generic/program/procedural/c/adapters/ptolemy/actor/lib/test/auto/TestNaN.xmlCCodeGenerator._generateCode(): Deleting /home/travis/cg/
CCodeGenerator set the container? : actor.getContainer(): null _isTopLevel: true generateEmbeddedCode: false
CCodeGenerator include the container .h? : container.getContainer(): null _isTopLevel: true generateEmbeddedCode: false
Reading "ptolemy/cg/kernel/generic/program/procedural/c/makefile.in",
    writing "/home/travis/cg/TestNaN.mk"
Using ptolemy/cg/kernel/generic/program/procedural/c/makefile.in
In "/home/travis/cg", about to execute:
    make -f TestNaN.mk
gcc -D__int64="long long" -Wall -std=c99  -ggdb  -I /home/travis/cg/commons/ -I /home/travis/cg//_TestNaN TestNaN_Main.c _TestNaN/TestNaN_Ramp.c _TestNaN/TestNaN_Test.c _TestNaN/TestNaN.c _TestNaN/TestNaN_MultiplyDivide.c _TestNaN/TestNaN_SDFSchedule.c _TestNaN/TestNaN_Const.c commons/_SDFReceiver.c commons/_CompositeActor.c commons/_AtomicActor.c commons/_Director.c commons/pblSet.c commons/pblHeap.c commons/_LocalClock.c commons/_SDFDirector.c commons/pblIterator.c commons/_Receiver.c commons/_IOPort.c commons/pblMap.c commons/_Actor.c commons/pblList.c commons/_ptTypes.c commons/pblCollection.c commons/pblPriorityQueue.c commons/pblhash.c commons/_TypedIOPort.c commons/pbl.c -o TestNaN -lm 
In "/home/travis/cg", about to execute:
    make -f TestNaN.mk run
./TestNaN
All Done
----------------- AutoCG $PTII/bin/ptcg -language c -generateInSubdirectory false -inline false -maximumLinesPerBlock 2500 -variablesAsArrays false /home/travis/build/icyphy/ptII/ptolemy/cg/adapter/generic/program/procedural/c/adapters/ptolemy/actor/lib/test/auto/arrayType.xmlCCodeGenerator._generateCode(): Deleting /home/travis/cg/
CCodeGenerator set the container? : actor.getContainer(): null _isTopLevel: true generateEmbeddedCode: false
CCodeGenerator include the container .h? : container.getContainer(): null _isTopLevel: true generateEmbeddedCode: false
Reading "ptolemy/cg/kernel/generic/program/procedural/c/makefile.in",
    writing "/home/travis/cg/arrayType.mk"
Using ptolemy/cg/kernel/generic/program/procedural/c/makefile.in
In "/home/travis/cg", about to execute:
    make -f arrayType.mk
gcc -D__int64="long long" -Wall -std=c99  -ggdb  -I /home/travis/cg/commons/ -I /home/travis/cg//_arrayType arrayType_Main.c _arrayType/arrayType_Const.c _arrayType/arrayType_Expression.c _arrayType/arrayType_Test.c _arrayType/arrayType_SDFSchedule.c _arrayType/arrayType_Scale.c _arrayType/arrayType.c _arrayType/arrayType_Const2.c commons/_SDFReceiver.c commons/_CompositeActor.c commons/_AtomicActor.c commons/_Director.c commons/pblSet.c commons/pblHeap.c commons/_LocalClock.c commons/_SDFDirector.c commons/pblIterator.c commons/_Receiver.c commons/_IOPort.c commons/pblMap.c commons/_Actor.c commons/pblList.c commons/_ptTypes.c commons/pblCollection.c commons/pblPriorityQueue.c commons/pblhash.c commons/_TypedIOPort.c commons/pbl.c -o arrayType -lm 
commons/_ptTypes.c: In function String_new:
commons/_ptTypes.c:885:9: warning: implicit declaration of function strdup [-Wimplicit-function-declaration]
         result->payload.String = strdup(s);
         ^
commons/_ptTypes.c:885:32: warning: assignment makes pointer from integer without a cast [enabled by default]
         result->payload.String = strdup(s);
                                ^
In "/home/travis/cg", about to execute:
    make -f arrayType.mk run
./arrayType
All Done
----------------- AutoCG $PTII/bin/ptcg -language c -generateInSubdirectory false -inline false -maximumLinesPerBlock 2500 -variablesAsArrays false /home/travis/build/icyphy/ptII/ptolemy/cg/adapter/generic/program/procedural/c/adapters/ptolemy/actor/lib/test/auto/arrayType10.xmlCCodeGenerator._generateCode(): Deleting /home/travis/cg/
CCodeGenerator set the container? : actor.getContainer(): null _isTopLevel: true generateEmbeddedCode: false
CCodeGenerator include the container .h? : container.getContainer(): null _isTopLevel: true generateEmbeddedCode: false
Reading "ptolemy/cg/kernel/generic/program/procedural/c/makefile.in",
    writing "/home/travis/cg/arrayType10.mk"
Using ptolemy/cg/kernel/generic/program/procedural/c/makefile.in
In "/home/travis/cg", about to execute:
    make -f arrayType10.mk
gcc -D__int64="long long" -Wall -std=c99  -ggdb  -I /home/travis/cg/commons/ -I /home/travis/cg//_arrayType10 arrayType10_Main.c _arrayType10/arrayType10_Const.c _arrayType10/arrayType10_Test.c _arrayType10/arrayType10_Const2.c _arrayType10/arrayType10.c _arrayType10/arrayType10_MultiplyDivide.c _arrayType10/arrayType10_SDFSchedule.c _arrayType10/arrayType10_Scale.c commons/_SDFReceiver.c commons/_CompositeActor.c commons/_AtomicActor.c commons/_Director.c commons/pblSet.c commons/pblHeap.c commons/_LocalClock.c commons/_SDFDirector.c commons/pblIterator.c commons/_Receiver.c commons/_IOPort.c commons/pblMap.c commons/_Actor.c commons/pblList.c commons/_ptTypes.c commons/pblCollection.c commons/pblPriorityQueue.c commons/pblhash.c commons/_TypedIOPort.c commons/pbl.c -o arrayType10 -lm 
commons/_ptTypes.c: In function String_new:
commons/_ptTypes.c:906:9: warning: implicit declaration of function strdup [-Wimplicit-function-declaration]
         result->payload.String = strdup(s);
         ^
commons/_ptTypes.c:906:32: warning: assignment makes pointer from integer without a cast [enabled by default]
         result->payload.String = strdup(s);
                                ^
In "/home/travis/cg", about to execute:
    make -f arrayType10.mk run
./arrayType10
All Done
----------------- AutoCG $PTII/bin/ptcg -language c -generateInSubdirectory false -inline false -maximumLinesPerBlock 2500 -variablesAsArrays false /home/travis/build/icyphy/ptII/ptolemy/cg/adapter/generic/program/procedural/c/adapters/ptolemy/actor/lib/test/auto/arrayType11.xmlCCodeGenerator._generateCode(): Deleting /home/travis/cg/
CCodeGenerator set the container? : actor.getContainer(): null _isTopLevel: true generateEmbeddedCode: false
CCodeGenerator include the container .h? : container.getContainer(): null _isTopLevel: true generateEmbeddedCode: false
Reading "ptolemy/cg/kernel/generic/program/procedural/c/makefile.in",
    writing "/home/travis/cg/arrayType11.mk"
Using ptolemy/cg/kernel/generic/program/procedural/c/makefile.in
In "/home/travis/cg", about to execute:
    make -f arrayType11.mk
gcc -D__int64="long long" -Wall -std=c99  -ggdb  -I /home/travis/cg/commons/ -I /home/travis/cg//_arrayType11 arrayType11_Main.c commons/_SDFReceiver.c commons/_CompositeActor.c commons/_AtomicActor.c commons/_Director.c commons/pblSet.c commons/pblHeap.c commons/_LocalClock.c commons/_SDFDirector.c commons/pblIterator.c commons/_Receiver.c commons/_IOPort.c commons/pblMap.c commons/_Actor.c commons/pblList.c commons/_ptTypes.c commons/pblCollection.c commons/pblPriorityQueue.c commons/pblhash.c commons/_TypedIOPort.c commons/pbl.c _arrayType11/arrayType11_SDFSchedule.c _arrayType11/arrayType11_MultiplyDivide.c _arrayType11/arrayType11.c _arrayType11/arrayType11_Const2.c _arrayType11/arrayType11_Const.c _arrayType11/arrayType11_Test.c _arrayType11/arrayType11_Scale.c -o arrayType11 -lm 
commons/_ptTypes.c: In function String_new:
commons/_ptTypes.c:906:9: warning: implicit declaration of function strdup [-Wimplicit-function-declaration]
         result->payload.String = strdup(s);
         ^
commons/_ptTypes.c:906:32: warning: assignment makes pointer from integer without a cast [enabled by default]
         result->payload.String = strdup(s);
                                ^
In "/home/travis/cg", about to execute:
    make -f arrayType11.mk run
./arrayType11
All Done
----------------- AutoCG $PTII/bin/ptcg -language c -generateInSubdirectory false -inline false -maximumLinesPerBlock 2500 -variablesAsArrays false /home/travis/build/icyphy/ptII/ptolemy/cg/adapter/generic/program/procedural/c/adapters/ptolemy/actor/lib/test/auto/arrayType12.xmlCCodeGenerator._generateCode(): Deleting /home/travis/cg/
CCodeGenerator set the container? : actor.getContainer(): null _isTopLevel: true generateEmbeddedCode: false
CCodeGenerator include the container .h? : container.getContainer(): null _isTopLevel: true generateEmbeddedCode: false
Reading "ptolemy/cg/kernel/generic/program/procedural/c/makefile.in",
    writing "/home/travis/cg/arrayType12.mk"
Using ptolemy/cg/kernel/generic/program/procedural/c/makefile.in
In "/home/travis/cg", about to execute:
    make -f arrayType12.mk
gcc -D__int64="long long" -Wall -std=c99  -ggdb  -I /home/travis/cg/commons/ -I /home/travis/cg//_arrayType12 arrayType12_Main.c _arrayType12/arrayType12_MultiplyDivide.c _arrayType12/arrayType12_Test.c _arrayType12/arrayType12_Const.c _arrayType12/arrayType12_Const3.c _arrayType12/arrayType12.c _arrayType12/arrayType12_Const2.c _arrayType12/arrayType12_Scale.c _arrayType12/arrayType12_SDFSchedule.c commons/_SDFReceiver.c commons/_CompositeActor.c commons/_AtomicActor.c commons/_Director.c commons/pblSet.c commons/pblHeap.c commons/_LocalClock.c commons/_SDFDirector.c commons/pblIterator.c commons/_Receiver.c commons/_IOPort.c commons/pblMap.c commons/_Actor.c commons/pblList.c commons/_ptTypes.c commons/pblCollection.c commons/pblPriorityQueue.c commons/pblhash.c commons/_TypedIOPort.c commons/pbl.c -o arrayType12 -lm 
commons/_ptTypes.c: In function String_new:
commons/_ptTypes.c:913:9: warning: implicit declaration of function strdup [-Wimplicit-function-declaration]
         result->payload.String = strdup(s);
         ^
commons/_ptTypes.c:913:32: warning: assignment makes pointer from integer without a cast [enabled by default]
         result->payload.String = strdup(s);
                                ^
In "/home/travis/cg", about to execute:
    make -f arrayType12.mk run
./arrayType12
All Done
----------------- AutoCG $PTII/bin/ptcg -language c -generateInSubdirectory false -inline false -maximumLinesPerBlock 2500 -variablesAsArrays false /home/travis/build/icyphy/ptII/ptolemy/cg/adapter/generic/program/procedural/c/adapters/ptolemy/actor/lib/test/auto/arrayType13.xmlCCodeGenerator._generateCode(): Deleting /home/travis/cg/
CCodeGenerator set the container? : actor.getContainer(): null _isTopLevel: true generateEmbeddedCode: false
CCodeGenerator include the container .h? : container.getContainer(): null _isTopLevel: true generateEmbeddedCode: false
Reading "ptolemy/cg/kernel/generic/program/procedural/c/makefile.in",
    writing "/home/travis/cg/arrayType13.mk"
Using ptolemy/cg/kernel/generic/program/procedural/c/makefile.in
In "/home/travis/cg", about to execute:
    make -f arrayType13.mk
gcc -D__int64="long long" -Wall -std=c99  -ggdb  -I /home/travis/cg/commons/ -I /home/travis/cg//_arrayType13 arrayType13_Main.c commons/_SDFReceiver.c commons/_CompositeActor.c commons/_AtomicActor.c commons/_Director.c commons/pblSet.c commons/pblHeap.c commons/_LocalClock.c commons/_SDFDirector.c commons/pblIterator.c commons/_Receiver.c commons/_IOPort.c commons/pblMap.c commons/_Actor.c commons/pblList.c commons/_ptTypes.c commons/pblCollection.c commons/pblPriorityQueue.c commons/pblhash.c commons/_TypedIOPort.c commons/pbl.c _arrayType13/arrayType13_Const2.c _arrayType13/arrayType13.c _arrayType13/arrayType13_SDFSchedule.c _arrayType13/arrayType13_Test.c _arrayType13/arrayType13_Expression.c _arrayType13/arrayType13_Scale.c _arrayType13/arrayType13_Const.c -o arrayType13 -lm 
commons/_ptTypes.c: In function String_new:
commons/_ptTypes.c:885:9: warning: implicit declaration of function strdup [-Wimplicit-function-declaration]
         result->payload.String = strdup(s);
         ^
commons/_ptTypes.c:885:32: warning: assignment makes pointer from integer without a cast [enabled by default]
         result->payload.String = strdup(s);
                                ^
In "/home/travis/cg", about to execute:
    make -f arrayType13.mk run
./arrayType13
All Done
----------------- AutoCG $PTII/bin/ptcg -language c -generateInSubdirectory false -inline false -maximumLinesPerBlock 2500 -variablesAsArrays false /home/travis/build/icyphy/ptII/ptolemy/cg/adapter/generic/program/procedural/c/adapters/ptolemy/actor/lib/test/auto/arrayType14.xmlCCodeGenerator._generateCode(): Deleting /home/travis/cg/
CCodeGenerator set the container? : actor.getContainer(): null _isTopLevel: true generateEmbeddedCode: false
CCodeGenerator include the container .h? : container.getContainer(): null _isTopLevel: true generateEmbeddedCode: false
Reading "ptolemy/cg/kernel/generic/program/procedural/c/makefile.in",
    writing "/home/travis/cg/arrayType14.mk"
Using ptolemy/cg/kernel/generic/program/procedural/c/makefile.in
In "/home/travis/cg", about to execute:
    make -f arrayType14.mk
gcc -D__int64="long long" -Wall -std=c99  -ggdb  -I /home/travis/cg//_arrayType14 -I /home/travis/cg/commons/ arrayType14_Main.c commons/_SDFReceiver.c commons/_CompositeActor.c commons/_AtomicActor.c commons/_Director.c commons/pblSet.c commons/pblHeap.c commons/_LocalClock.c commons/_SDFDirector.c commons/pblIterator.c commons/_Receiver.c commons/_IOPort.c commons/pblMap.c commons/_Actor.c commons/pblList.c commons/_ptTypes.c commons/pblCollection.c commons/pblPriorityQueue.c commons/pblhash.c commons/_TypedIOPort.c commons/pbl.c _arrayType14/arrayType14_Const2.c _arrayType14/arrayType14_Expression.c _arrayType14/arrayType14_Test.c _arrayType14/arrayType14_SDFSchedule.c _arrayType14/arrayType14.c _arrayType14/arrayType14_Scale.c _arrayType14/arrayType14_Const.c -o arrayType14 -lm 
commons/_ptTypes.c: In function String_new:
commons/_ptTypes.c:885:9: warning: implicit declaration of function strdup [-Wimplicit-function-declaration]
         result->payload.String = strdup(s);
         ^
commons/_ptTypes.c:885:32: warning: assignment makes pointer from integer without a cast [enabled by default]
         result->payload.String = strdup(s);
                                ^
In "/home/travis/cg", about to execute:
    make -f arrayType14.mk run
./arrayType14
All Done
----------------- AutoCG $PTII/bin/ptcg -language c -generateInSubdirectory false -inline false -maximumLinesPerBlock 2500 -variablesAsArrays false /home/travis/build/icyphy/ptII/ptolemy/cg/adapter/generic/program/procedural/c/adapters/ptolemy/actor/lib/test/auto/arrayType15.xmlCCodeGenerator._generateCode(): Deleting /home/travis/cg/
CCodeGenerator set the container? : actor.getContainer(): null _isTopLevel: true generateEmbeddedCode: false
CCodeGenerator include the container .h? : container.getContainer(): null _isTopLevel: true generateEmbeddedCode: false
Reading "ptolemy/cg/kernel/generic/program/procedural/c/makefile.in",
    writing "/home/travis/cg/arrayType15.mk"
Using ptolemy/cg/kernel/generic/program/procedural/c/makefile.in
In "/home/travis/cg", about to execute:
    make -f arrayType15.mk
gcc -D__int64="long long" -Wall -std=c99  -ggdb  -I /home/travis/cg/commons/ -I /home/travis/cg//_arrayType15 arrayType15_Main.c commons/_SDFReceiver.c commons/_CompositeActor.c commons/_AtomicActor.c commons/_Director.c commons/pblSet.c commons/pblHeap.c commons/_LocalClock.c commons/_SDFDirector.c commons/pblIterator.c commons/_Receiver.c commons/_IOPort.c commons/pblMap.c commons/_Actor.c commons/pblList.c commons/_ptTypes.c commons/pblCollection.c commons/pblPriorityQueue.c commons/pblhash.c commons/_TypedIOPort.c commons/pbl.c _arrayType15/arrayType15_Expression.c _arrayType15/arrayType15_SDFSchedule.c _arrayType15/arrayType15_Const2.c _arrayType15/arrayType15.c _arrayType15/arrayType15_Const.c _arrayType15/arrayType15_Scale.c _arrayType15/arrayType15_Test.c -o arrayType15 -lm 
commons/_ptTypes.c: In function String_new:
commons/_ptTypes.c:915:9: warning: implicit declaration of function strdup [-Wimplicit-function-declaration]
         result->payload.String = strdup(s);
         ^
commons/_ptTypes.c:915:32: warning: assignment makes pointer from integer without a cast [enabled by default]
         result->payload.String = strdup(s);
                                ^
In "/home/travis/cg", about to execute:
    make -f arrayType15.mk run
./arrayType15
All Done
----------------- AutoCG $PTII/bin/ptcg -language c -generateInSubdirectory false -inline false -maximumLinesPerBlock 2500 -variablesAsArrays false /home/travis/build/icyphy/ptII/ptolemy/cg/adapter/generic/program/procedural/c/adapters/ptolemy/actor/lib/test/auto/arrayType16.xmlCCodeGenerator._generateCode(): Deleting /home/travis/cg/
CCodeGenerator set the container? : actor.getContainer(): null _isTopLevel: true generateEmbeddedCode: false
CCodeGenerator include the container .h? : container.getContainer(): null _isTopLevel: true generateEmbeddedCode: false
Reading "ptolemy/cg/kernel/generic/program/procedural/c/makefile.in",
    writing "/home/travis/cg/arrayType16.mk"
Using ptolemy/cg/kernel/generic/program/procedural/c/makefile.in
In "/home/travis/cg", about to execute:
    make -f arrayType16.mk
gcc -D__int64="long long" -Wall -std=c99  -ggdb  -I /home/travis/cg//_arrayType16 -I /home/travis/cg/commons/ arrayType16_Main.c commons/_SDFReceiver.c commons/_CompositeActor.c commons/_AtomicActor.c commons/_Director.c commons/pblSet.c commons/pblHeap.c commons/_LocalClock.c commons/_SDFDirector.c commons/pblIterator.c commons/_Receiver.c commons/_IOPort.c commons/pblMap.c commons/_Actor.c commons/pblList.c commons/_ptTypes.c commons/pblCollection.c commons/pblPriorityQueue.c commons/pblhash.c commons/_TypedIOPort.c commons/pbl.c _arrayType16/arrayType16.c _arrayType16/arrayType16_Test.c _arrayType16/arrayType16_SDFSchedule.c _arrayType16/arrayType16_Const.c _arrayType16/arrayType16_Const2.c _arrayType16/arrayType16_Expression.c _arrayType16/arrayType16_Scale.c -o arrayType16 -lm 
commons/_ptTypes.c: In function String_new:
commons/_ptTypes.c:912:9: warning: implicit declaration of function strdup [-Wimplicit-function-declaration]
         result->payload.String = strdup(s);
         ^
commons/_ptTypes.c:912:32: warning: assignment makes pointer from integer without a cast [enabled by default]
         result->payload.String = strdup(s);
                                ^
In "/home/travis/cg", about to execute:
    make -f arrayType16.mk run
./arrayType16
All Done
----------------- AutoCG $PTII/bin/ptcg -language c -generateInSubdirectory false -inline false -maximumLinesPerBlock 2500 -variablesAsArrays false /home/travis/build/icyphy/ptII/ptolemy/cg/adapter/generic/program/procedural/c/adapters/ptolemy/actor/lib/test/auto/arrayType17.xmlCCodeGenerator._generateCode(): Deleting /home/travis/cg/
CCodeGenerator set the container? : actor.getContainer(): null _isTopLevel: true generateEmbeddedCode: false
CCodeGenerator include the container .h? : container.getContainer(): null _isTopLevel: true generateEmbeddedCode: false
Reading "ptolemy/cg/kernel/generic/program/procedural/c/makefile.in",
    writing "/home/travis/cg/arrayType17.mk"
Using ptolemy/cg/kernel/generic/program/procedural/c/makefile.in
In "/home/travis/cg", about to execute:
    make -f arrayType17.mk
gcc -D__int64="long long" -Wall -std=c99  -ggdb  -I /home/travis/cg//_arrayType17 -I /home/travis/cg/commons/ arrayType17_Main.c commons/_SDFReceiver.c commons/_CompositeActor.c commons/_AtomicActor.c commons/_Director.c commons/pblSet.c commons/pblHeap.c commons/_LocalClock.c commons/_SDFDirector.c commons/pblIterator.c commons/_Receiver.c commons/_IOPort.c commons/pblMap.c commons/_Actor.c commons/pblList.c commons/_ptTypes.c commons/pblCollection.c commons/pblPriorityQueue.c commons/pblhash.c commons/_TypedIOPort.c commons/pbl.c _arrayType17/arrayType17_SDFSchedule.c _arrayType17/arrayType17_Scale.c _arrayType17/arrayType17_Expression.c _arrayType17/arrayType17_Const.c _arrayType17/arrayType17.c _arrayType17/arrayType17_Test.c _arrayType17/arrayType17_Const2.c -o arrayType17 -lm 
commons/_ptTypes.c: In function String_new:
commons/_ptTypes.c:905:9: warning: implicit declaration of function strdup [-Wimplicit-function-declaration]
         result->payload.String = strdup(s);
         ^
commons/_ptTypes.c:905:32: warning: assignment makes pointer from integer without a cast [enabled by default]
         result->payload.String = strdup(s);
                                ^
In "/home/travis/cg", about to execute:
    make -f arrayType17.mk run
./arrayType17
All Done
----------------- AutoCG $PTII/bin/ptcg -language c -generateInSubdirectory false -inline false -maximumLinesPerBlock 2500 -variablesAsArrays false /home/travis/build/icyphy/ptII/ptolemy/cg/adapter/generic/program/procedural/c/adapters/ptolemy/actor/lib/test/auto/arrayType18.xmlCCodeGenerator._generateCode(): Deleting /home/travis/cg/
CCodeGenerator set the container? : actor.getContainer(): null _isTopLevel: true generateEmbeddedCode: false
CCodeGenerator include the container .h? : container.getContainer(): null _isTopLevel: true generateEmbeddedCode: false
Reading "ptolemy/cg/kernel/generic/program/procedural/c/makefile.in",
    writing "/home/travis/cg/arrayType18.mk"
Using ptolemy/cg/kernel/generic/program/procedural/c/makefile.in
In "/home/travis/cg", about to execute:
    make -f arrayType18.mk
gcc -D__int64="long long" -Wall -std=c99  -ggdb  -I /home/travis/cg//_arrayType18 -I /home/travis/cg/commons/ arrayType18_Main.c _arrayType18/arrayType18_Const.c _arrayType18/arrayType18_Const2.c _arrayType18/arrayType18_Test.c _arrayType18/arrayType18.c _arrayType18/arrayType18_SDFSchedule.c _arrayType18/arrayType18_AddSubtract.c _arrayType18/arrayType18_Scale.c commons/_SDFReceiver.c commons/_CompositeActor.c commons/_AtomicActor.c commons/_Director.c commons/pblSet.c commons/pblHeap.c commons/_LocalClock.c commons/_SDFDirector.c commons/pblIterator.c commons/_Receiver.c commons/_IOPort.c commons/pblMap.c commons/_Actor.c commons/pblList.c commons/_ptTypes.c commons/pblCollection.c commons/pblPriorityQueue.c commons/pblhash.c commons/_TypedIOPort.c commons/pbl.c -o arrayType18 -lm 
commons/_ptTypes.c: In function String_new:
commons/_ptTypes.c:923:9: warning: implicit declaration of function strdup [-Wimplicit-function-declaration]
         result->payload.String = strdup(s);
         ^
commons/_ptTypes.c:923:32: warning: assignment makes pointer from integer without a cast [enabled by default]
         result->payload.String = strdup(s);
                                ^
In "/home/travis/cg", about to execute:
    make -f arrayType18.mk run
./arrayType18
All Done
----------------- AutoCG $PTII/bin/ptcg -language c -generateInSubdirectory false -inline false -maximumLinesPerBlock 2500 -variablesAsArrays false /home/travis/build/icyphy/ptII/ptolemy/cg/adapter/generic/program/procedural/c/adapters/ptolemy/actor/lib/test/auto/arrayType19.xmlCCodeGenerator._generateCode(): Deleting /home/travis/cg/
CCodeGenerator set the container? : actor.getContainer(): null _isTopLevel: true generateEmbeddedCode: false
CCodeGenerator include the container .h? : container.getContainer(): null _isTopLevel: true generateEmbeddedCode: false
Reading "ptolemy/cg/kernel/generic/program/procedural/c/makefile.in",
    writing "/home/travis/cg/arrayType19.mk"
Using ptolemy/cg/kernel/generic/program/procedural/c/makefile.in
In "/home/travis/cg", about to execute:
    make -f arrayType19.mk
gcc -D__int64="long long" -Wall -std=c99  -ggdb  -I /home/travis/cg//_arrayType19 -I /home/travis/cg/commons/ arrayType19_Main.c _arrayType19/arrayType19_Const2.c _arrayType19/arrayType19_SDFSchedule.c _arrayType19/arrayType19.c _arrayType19/arrayType19_AddSubtract.c _arrayType19/arrayType19_Const.c _arrayType19/arrayType19_Scale.c _arrayType19/arrayType19_Test.c commons/_SDFReceiver.c commons/_CompositeActor.c commons/_AtomicActor.c commons/_Director.c commons/pblSet.c commons/pblHeap.c commons/_LocalClock.c commons/_SDFDirector.c commons/pblIterator.c commons/_Receiver.c commons/_IOPort.c commons/pblMap.c commons/_Actor.c commons/pblList.c commons/_ptTypes.c commons/pblCollection.c commons/pblPriorityQueue.c commons/pblhash.c commons/_TypedIOPort.c commons/pbl.c -o arrayType19 -lm 
commons/_ptTypes.c: In function String_new:
commons/_ptTypes.c:961:9: warning: implicit declaration of function strdup [-Wimplicit-function-declaration]
         result->payload.String = strdup(s);
         ^
commons/_ptTypes.c:961:32: warning: assignment makes pointer from integer without a cast [enabled by default]
         result->payload.String = strdup(s);
                                ^
In "/home/travis/cg", about to execute:
    make -f arrayType19.mk run
./arrayType19
All Done
----------------- AutoCG $PTII/bin/ptcg -language c -generateInSubdirectory false -inline false -maximumLinesPerBlock 2500 -variablesAsArrays false /home/travis/build/icyphy/ptII/ptolemy/cg/adapter/generic/program/procedural/c/adapters/ptolemy/actor/lib/test/auto/arrayType2.xmlCCodeGenerator._generateCode(): Deleting /home/travis/cg/
CCodeGenerator set the container? : actor.getContainer(): null _isTopLevel: true generateEmbeddedCode: false
CCodeGenerator include the container .h? : container.getContainer(): null _isTopLevel: true generateEmbeddedCode: false
Reading "ptolemy/cg/kernel/generic/program/procedural/c/makefile.in",
    writing "/home/travis/cg/arrayType2.mk"
Using ptolemy/cg/kernel/generic/program/procedural/c/makefile.in
In "/home/travis/cg", about to execute:
    make -f arrayType2.mk
gcc -D__int64="long long" -Wall -std=c99  -ggdb  -I /home/travis/cg//_arrayType2 -I /home/travis/cg/commons/ arrayType2_Main.c commons/_SDFReceiver.c commons/_CompositeActor.c commons/_AtomicActor.c commons/_Director.c commons/pblSet.c commons/pblHeap.c commons/_LocalClock.c commons/_SDFDirector.c commons/pblIterator.c commons/_Receiver.c commons/_IOPort.c commons/pblMap.c commons/_Actor.c commons/pblList.c commons/_ptTypes.c commons/pblCollection.c commons/pblPriorityQueue.c commons/pblhash.c commons/_TypedIOPort.c commons/pbl.c _arrayType2/arrayType2.c _arrayType2/arrayType2_Expression.c _arrayType2/arrayType2_Scale.c _arrayType2/arrayType2_Test.c _arrayType2/arrayType2_SDFSchedule.c _arrayType2/arrayType2_Const2.c _arrayType2/arrayType2_Const.c -o arrayType2 -lm 
commons/_ptTypes.c: In function String_new:
commons/_ptTypes.c:885:9: warning: implicit declaration of function strdup [-Wimplicit-function-declaration]
         result->payload.String = strdup(s);
         ^
commons/_ptTypes.c:885:32: warning: assignment makes pointer from integer without a cast [enabled by default]
         result->payload.String = strdup(s);
                                ^
In "/home/travis/cg", about to execute:
    make -f arrayType2.mk run
./arrayType2
All Done
----------------- AutoCG $PTII/bin/ptcg -language c -generateInSubdirectory false -inline false -maximumLinesPerBlock 2500 -variablesAsArrays false /home/travis/build/icyphy/ptII/ptolemy/cg/adapter/generic/program/procedural/c/adapters/ptolemy/actor/lib/test/auto/arrayType20.xmlCCodeGenerator._generateCode(): Deleting /home/travis/cg/
CCodeGenerator set the container? : actor.getContainer(): null _isTopLevel: true generateEmbeddedCode: false
CCodeGenerator include the container .h? : container.getContainer(): null _isTopLevel: true generateEmbeddedCode: false
Reading "ptolemy/cg/kernel/generic/program/procedural/c/makefile.in",
    writing "/home/travis/cg/arrayType20.mk"
Using ptolemy/cg/kernel/generic/program/procedural/c/makefile.in
In "/home/travis/cg", about to execute:
    make -f arrayType20.mk
gcc -D__int64="long long" -Wall -std=c99  -ggdb  -I /home/travis/cg/commons/ -I /home/travis/cg//_arrayType20 arrayType20_Main.c commons/_SDFReceiver.c commons/_CompositeActor.c commons/_AtomicActor.c commons/_Director.c commons/pblSet.c commons/pblHeap.c commons/_LocalClock.c commons/_SDFDirector.c commons/pblIterator.c commons/_Receiver.c commons/_IOPort.c commons/pblMap.c commons/_Actor.c commons/pblList.c commons/_ptTypes.c commons/pblCollection.c commons/pblPriorityQueue.c commons/pblhash.c commons/_TypedIOPort.c commons/pbl.c _arrayType20/arrayType20_SDFSchedule.c _arrayType20/arrayType20_Const3.c _arrayType20/arrayType20_Test.c _arrayType20/arrayType20_AddSubtract.c _arrayType20/arrayType20.c _arrayType20/arrayType20_Const.c _arrayType20/arrayType20_Const2.c _arrayType20/arrayType20_Scale.c -o arrayType20 -lm 
commons/_ptTypes.c: In function String_new:
commons/_ptTypes.c:961:9: warning: implicit declaration of function strdup [-Wimplicit-function-declaration]
         result->payload.String = strdup(s);
         ^
commons/_ptTypes.c:961:32: warning: assignment makes pointer from integer without a cast [enabled by default]
         result->payload.String = strdup(s);
                                ^
In "/home/travis/cg", about to execute:
    make -f arrayType20.mk run
./arrayType20
All Done
----------------- AutoCG $PTII/bin/ptcg -language c -generateInSubdirectory false -inline false -maximumLinesPerBlock 2500 -variablesAsArrays false /home/travis/build/icyphy/ptII/ptolemy/cg/adapter/generic/program/procedural/c/adapters/ptolemy/actor/lib/test/auto/arrayType21.xmlCCodeGenerator._generateCode(): Deleting /home/travis/cg/
CCodeGenerator set the container? : actor.getContainer(): null _isTopLevel: true generateEmbeddedCode: false
CCodeGenerator include the container .h? : container.getContainer(): null _isTopLevel: true generateEmbeddedCode: false
Reading "ptolemy/cg/kernel/generic/program/procedural/c/makefile.in",
    writing "/home/travis/cg/arrayType21.mk"
Using ptolemy/cg/kernel/generic/program/procedural/c/makefile.in
In "/home/travis/cg", about to execute:
    make -f arrayType21.mk
gcc -D__int64="long long" -Wall -std=c99  -ggdb  -I /home/travis/cg/commons/ -I /home/travis/cg//_arrayType21 arrayType21_Main.c commons/_SDFReceiver.c commons/_CompositeActor.c commons/_AtomicActor.c commons/_Director.c commons/pblSet.c commons/pblHeap.c commons/_LocalClock.c commons/_SDFDirector.c commons/pblIterator.c commons/_Receiver.c commons/_IOPort.c commons/pblMap.c commons/_Actor.c commons/pblList.c commons/_ptTypes.c commons/pblCollection.c commons/pblPriorityQueue.c commons/pblhash.c commons/_TypedIOPort.c commons/pbl.c _arrayType21/arrayType21_Const.c _arrayType21/arrayType21_Const3.c _arrayType21/arrayType21_Scale.c _arrayType21/arrayType21.c _arrayType21/arrayType21_SDFSchedule.c _arrayType21/arrayType21_AddSubtract.c _arrayType21/arrayType21_Test.c -o arrayType21 -lm 
commons/_ptTypes.c: In function String_new:
commons/_ptTypes.c:954:9: warning: implicit declaration of function strdup [-Wimplicit-function-declaration]
         result->payload.String = strdup(s);
         ^
commons/_ptTypes.c:954:32: warning: assignment makes pointer from integer without a cast [enabled by default]
         result->payload.String = strdup(s);
                                ^
In "/home/travis/cg", about to execute:
    make -f arrayType21.mk run
./arrayType21
All Done
----------------- AutoCG $PTII/bin/ptcg -language c -generateInSubdirectory false -inline false -maximumLinesPerBlock 2500 -variablesAsArrays false /home/travis/build/icyphy/ptII/ptolemy/cg/adapter/generic/program/procedural/c/adapters/ptolemy/actor/lib/test/auto/arrayType22.xmlCCodeGenerator._generateCode(): Deleting /home/travis/cg/
CCodeGenerator set the container? : actor.getContainer(): null _isTopLevel: true generateEmbeddedCode: false
CCodeGenerator include the container .h? : container.getContainer(): null _isTopLevel: true generateEmbeddedCode: false
Reading "ptolemy/cg/kernel/generic/program/procedural/c/makefile.in",
    writing "/home/travis/cg/arrayType22.mk"
Using ptolemy/cg/kernel/generic/program/procedural/c/makefile.in
In "/home/travis/cg", about to execute:
    make -f arrayType22.mk
gcc -D__int64="long long" -Wall -std=c99  -ggdb  -I /home/travis/cg/commons/ -I /home/travis/cg//_arrayType22 arrayType22_Main.c commons/_SDFReceiver.c commons/_CompositeActor.c commons/_AtomicActor.c commons/_Director.c commons/pblSet.c commons/pblHeap.c commons/_LocalClock.c commons/_SDFDirector.c commons/pblIterator.c commons/_Receiver.c commons/_IOPort.c commons/pblMap.c commons/_Actor.c commons/pblList.c commons/_ptTypes.c commons/pblCollection.c commons/pblPriorityQueue.c commons/pblhash.c commons/_TypedIOPort.c commons/pbl.c _arrayType22/arrayType22_AddSubtract.c _arrayType22/arrayType22.c _arrayType22/arrayType22_Const2.c _arrayType22/arrayType22_Const.c _arrayType22/arrayType22_Test.c _arrayType22/arrayType22_Scale.c _arrayType22/arrayType22_SDFSchedule.c -o arrayType22 -lm 
commons/_ptTypes.c: In function String_new:
commons/_ptTypes.c:916:9: warning: implicit declaration of function strdup [-Wimplicit-function-declaration]
         result->payload.String = strdup(s);
         ^
commons/_ptTypes.c:916:32: warning: assignment makes pointer from integer without a cast [enabled by default]
         result->payload.String = strdup(s);
                                ^
In "/home/travis/cg", about to execute:
    make -f arrayType22.mk run
./arrayType22
All Done
----------------- AutoCG $PTII/bin/ptcg -language c -generateInSubdirectory false -inline false -maximumLinesPerBlock 2500 -variablesAsArrays false /home/travis/build/icyphy/ptII/ptolemy/cg/adapter/generic/program/procedural/c/adapters/ptolemy/actor/lib/test/auto/arrayType23.xmlCCodeGenerator._generateCode(): Deleting /home/travis/cg/
CCodeGenerator set the container? : actor.getContainer(): null _isTopLevel: true generateEmbeddedCode: false
CCodeGenerator include the container .h? : container.getContainer(): null _isTopLevel: true generateEmbeddedCode: false
Reading "ptolemy/cg/kernel/generic/program/procedural/c/makefile.in",
    writing "/home/travis/cg/arrayType23.mk"
Using ptolemy/cg/kernel/generic/program/procedural/c/makefile.in
In "/home/travis/cg", about to execute:
    make -f arrayType23.mk
gcc -D__int64="long long" -Wall -std=c99  -ggdb  -I /home/travis/cg/commons/ -I /home/travis/cg//_arrayType23 arrayType23_Main.c commons/_SDFReceiver.c commons/_CompositeActor.c commons/_AtomicActor.c commons/_Director.c commons/pblSet.c commons/pblHeap.c commons/_LocalClock.c commons/_SDFDirector.c commons/pblIterator.c commons/_Receiver.c commons/_IOPort.c commons/pblMap.c commons/_Actor.c commons/pblList.c commons/_ptTypes.c commons/pblCollection.c commons/pblPriorityQueue.c commons/pblhash.c commons/_TypedIOPort.c commons/pbl.c _arrayType23/arrayType23.c _arrayType23/arrayType23_Scale.c _arrayType23/arrayType23_SDFSchedule.c _arrayType23/arrayType23_Const2.c _arrayType23/arrayType23_Test.c _arrayType23/arrayType23_Const.c _arrayType23/arrayType23_AddSubtract.c -o arrayType23 -lm 
commons/_ptTypes.c: In function String_new:
commons/_ptTypes.c:916:9: warning: implicit declaration of function strdup [-Wimplicit-function-declaration]
         result->payload.String = strdup(s);
         ^
commons/_ptTypes.c:916:32: warning: assignment makes pointer from integer without a cast [enabled by default]
         result->payload.String = strdup(s);
                                ^
In "/home/travis/cg", about to execute:
    make -f arrayType23.mk run
./arrayType23
All Done
----------------- AutoCG $PTII/bin/ptcg -language c -generateInSubdirectory false -inline false -maximumLinesPerBlock 2500 -variablesAsArrays false /home/travis/build/icyphy/ptII/ptolemy/cg/adapter/generic/program/procedural/c/adapters/ptolemy/actor/lib/test/auto/arrayType24.xmlCCodeGenerator._generateCode(): Deleting /home/travis/cg/
CCodeGenerator set the container? : actor.getContainer(): null _isTopLevel: true generateEmbeddedCode: false
CCodeGenerator include the container .h? : container.getContainer(): null _isTopLevel: true generateEmbeddedCode: false
Reading "ptolemy/cg/kernel/generic/program/procedural/c/makefile.in",
    writing "/home/travis/cg/arrayType24.mk"
Using ptolemy/cg/kernel/generic/program/procedural/c/makefile.in
In "/home/travis/cg", about to execute:
    make -f arrayType24.mk
gcc -D__int64="long long" -Wall -std=c99  -ggdb  -I /home/travis/cg/commons/ -I /home/travis/cg//_arrayType24 arrayType24_Main.c commons/_SDFReceiver.c commons/_CompositeActor.c commons/_AtomicActor.c commons/_Director.c commons/pblSet.c commons/pblHeap.c commons/_LocalClock.c commons/_SDFDirector.c commons/pblIterator.c commons/_Receiver.c commons/_IOPort.c commons/pblMap.c commons/_Actor.c commons/pblList.c commons/_ptTypes.c commons/pblCollection.c commons/pblPriorityQueue.c commons/pblhash.c commons/_TypedIOPort.c commons/pbl.c _arrayType24/arrayType24_Test.c _arrayType24/arrayType24_AddSubtract.c _arrayType24/arrayType24_Scale.c _arrayType24/arrayType24_SDFSchedule.c _arrayType24/arrayType24_Const2.c _arrayType24/arrayType24.c _arrayType24/arrayType24_Const3.c _arrayType24/arrayType24_Const.c -o arrayType24 -lm 
commons/_ptTypes.c: In function String_new:
commons/_ptTypes.c:961:9: warning: implicit declaration of function strdup [-Wimplicit-function-declaration]
         result->payload.String = strdup(s);
         ^
commons/_ptTypes.c:961:32: warning: assignment makes pointer from integer without a cast [enabled by default]
         result->payload.String = strdup(s);
                                ^
In "/home/travis/cg", about to execute:
    make -f arrayType24.mk run
./arrayType24
All Done
----------------- AutoCG $PTII/bin/ptcg -language c -generateInSubdirectory false -inline false -maximumLinesPerBlock 2500 -variablesAsArrays false /home/travis/build/icyphy/ptII/ptolemy/cg/adapter/generic/program/procedural/c/adapters/ptolemy/actor/lib/test/auto/arrayType4.xmlCCodeGenerator._generateCode(): Deleting /home/travis/cg/
CCodeGenerator set the container? : actor.getContainer(): null _isTopLevel: true generateEmbeddedCode: false
CCodeGenerator include the container .h? : container.getContainer(): null _isTopLevel: true generateEmbeddedCode: false
Reading "ptolemy/cg/kernel/generic/program/procedural/c/makefile.in",
    writing "/home/travis/cg/arrayType4.mk"
Using ptolemy/cg/kernel/generic/program/procedural/c/makefile.in
In "/home/travis/cg", about to execute:
    make -f arrayType4.mk
gcc -D__int64="long long" -Wall -std=c99  -ggdb  -I /home/travis/cg/commons/ -I /home/travis/cg//_arrayType4 arrayType4_Main.c commons/_SDFReceiver.c commons/_CompositeActor.c commons/_AtomicActor.c commons/_Director.c commons/pblSet.c commons/pblHeap.c commons/_LocalClock.c commons/_SDFDirector.c commons/pblIterator.c commons/_Receiver.c commons/_IOPort.c commons/pblMap.c commons/_Actor.c commons/pblList.c commons/_ptTypes.c commons/pblCollection.c commons/pblPriorityQueue.c commons/pblhash.c commons/_TypedIOPort.c commons/pbl.c _arrayType4/arrayType4_SDFSchedule.c _arrayType4/arrayType4_Expression.c _arrayType4/arrayType4_Const2.c _arrayType4/arrayType4_Const.c _arrayType4/arrayType4.c _arrayType4/arrayType4_Test.c _arrayType4/arrayType4_Scale.c -o arrayType4 -lm 
commons/_ptTypes.c: In function String_new:
commons/_ptTypes.c:885:9: warning: implicit declaration of function strdup [-Wimplicit-function-declaration]
         result->payload.String = strdup(s);
         ^
commons/_ptTypes.c:885:32: warning: assignment makes pointer from integer without a cast [enabled by default]
         result->payload.String = strdup(s);
                                ^
In "/home/travis/cg", about to execute:
    make -f arrayType4.mk run
./arrayType4
All Done
----------------- AutoCG $PTII/bin/ptcg -language c -generateInSubdirectory false -inline false -maximumLinesPerBlock 2500 -variablesAsArrays false /home/travis/build/icyphy/ptII/ptolemy/cg/adapter/generic/program/procedural/c/adapters/ptolemy/actor/lib/test/auto/arrayType5.xmlCCodeGenerator._generateCode(): Deleting /home/travis/cg/
CCodeGenerator set the container? : actor.getContainer(): null _isTopLevel: true generateEmbeddedCode: false
CCodeGenerator include the container .h? : container.getContainer(): null _isTopLevel: true generateEmbeddedCode: false
Reading "ptolemy/cg/kernel/generic/program/procedural/c/makefile.in",
    writing "/home/travis/cg/arrayType5.mk"
Using ptolemy/cg/kernel/generic/program/procedural/c/makefile.in
In "/home/travis/cg", about to execute:
    make -f arrayType5.mk
gcc -D__int64="long long" -Wall -std=c99  -ggdb  -I /home/travis/cg/commons/ -I /home/travis/cg//_arrayType5 arrayType5_Main.c commons/_SDFReceiver.c commons/_CompositeActor.c commons/_AtomicActor.c commons/_Director.c commons/pblSet.c commons/pblHeap.c commons/_LocalClock.c commons/_SDFDirector.c commons/pblIterator.c commons/_Receiver.c commons/_IOPort.c commons/pblMap.c commons/_Actor.c commons/pblList.c commons/_ptTypes.c commons/pblCollection.c commons/pblPriorityQueue.c commons/pblhash.c commons/_TypedIOPort.c commons/pbl.c _arrayType5/arrayType5_SDFSchedule.c _arrayType5/arrayType5_Const.c _arrayType5/arrayType5_Scale.c _arrayType5/arrayType5.c _arrayType5/arrayType5_Test.c _arrayType5/arrayType5_Const2.c _arrayType5/arrayType5_Expression.c -o arrayType5 -lm 
commons/_ptTypes.c: In function String_new:
commons/_ptTypes.c:903:9: warning: implicit declaration of function strdup [-Wimplicit-function-declaration]
         result->payload.String = strdup(s);
         ^
commons/_ptTypes.c:903:32: warning: assignment makes pointer from integer without a cast [enabled by default]
         result->payload.String = strdup(s);
                                ^
In "/home/travis/cg", about to execute:
    make -f arrayType5.mk run
./arrayType5
All Done
----------------- AutoCG $PTII/bin/ptcg -language c -generateInSubdirectory false -inline false -maximumLinesPerBlock 2500 -variablesAsArrays false /home/travis/build/icyphy/ptII/ptolemy/cg/adapter/generic/program/procedural/c/adapters/ptolemy/actor/lib/test/auto/arrayType6.xmlCCodeGenerator._generateCode(): Deleting /home/travis/cg/
CCodeGenerator set the container? : actor.getContainer(): null _isTopLevel: true generateEmbeddedCode: false
CCodeGenerator include the container .h? : container.getContainer(): null _isTopLevel: true generateEmbeddedCode: false
Reading "ptolemy/cg/kernel/generic/program/procedural/c/makefile.in",
    writing "/home/travis/cg/arrayType6.mk"
Using ptolemy/cg/kernel/generic/program/procedural/c/makefile.in
In "/home/travis/cg", about to execute:
    make -f arrayType6.mk
gcc -D__int64="long long" -Wall -std=c99  -ggdb  -I /home/travis/cg/commons/ -I /home/travis/cg//_arrayType6 arrayType6_Main.c commons/_SDFReceiver.c commons/_CompositeActor.c commons/_AtomicActor.c commons/_Director.c commons/pblSet.c commons/pblHeap.c commons/_LocalClock.c commons/_SDFDirector.c commons/pblIterator.c commons/_Receiver.c commons/_IOPort.c commons/pblMap.c commons/_Actor.c commons/pblList.c commons/_ptTypes.c commons/pblCollection.c commons/pblPriorityQueue.c commons/pblhash.c commons/_TypedIOPort.c commons/pbl.c _arrayType6/arrayType6.c _arrayType6/arrayType6_Const2.c _arrayType6/arrayType6_Scale.c _arrayType6/arrayType6_MultiplyDivide.c _arrayType6/arrayType6_Test.c _arrayType6/arrayType6_SDFSchedule.c _arrayType6/arrayType6_Const.c -o arrayType6 -lm 
commons/_ptTypes.c: In function String_new:
commons/_ptTypes.c:913:9: warning: implicit declaration of function strdup [-Wimplicit-function-declaration]
         result->payload.String = strdup(s);
         ^
commons/_ptTypes.c:913:32: warning: assignment makes pointer from integer without a cast [enabled by default]
         result->payload.String = strdup(s);
                                ^
In "/home/travis/cg", about to execute:
    make -f arrayType6.mk run
./arrayType6
All Done
----------------- AutoCG $PTII/bin/ptcg -language c -generateInSubdirectory false -inline false -maximumLinesPerBlock 2500 -variablesAsArrays false /home/travis/build/icyphy/ptII/ptolemy/cg/adapter/generic/program/procedural/c/adapters/ptolemy/actor/lib/test/auto/arrayType7.xmlCCodeGenerator._generateCode(): Deleting /home/travis/cg/
CCodeGenerator set the container? : actor.getContainer(): null _isTopLevel: true generateEmbeddedCode: false
CCodeGenerator include the container .h? : container.getContainer(): null _isTopLevel: true generateEmbeddedCode: false
Reading "ptolemy/cg/kernel/generic/program/procedural/c/makefile.in",
    writing "/home/travis/cg/arrayType7.mk"
Using ptolemy/cg/kernel/generic/program/procedural/c/makefile.in
In "/home/travis/cg", about to execute:
    make -f arrayType7.mk
gcc -D__int64="long long" -Wall -std=c99  -ggdb  -I /home/travis/cg/commons/ -I /home/travis/cg//_arrayType7 arrayType7_Main.c _arrayType7/arrayType7_Const.c _arrayType7/arrayType7_Test.c _arrayType7/arrayType7_MultiplyDivide.c _arrayType7/arrayType7_SDFSchedule.c _arrayType7/arrayType7_Scale.c _arrayType7/arrayType7_Const2.c _arrayType7/arrayType7.c commons/_SDFReceiver.c commons/_CompositeActor.c commons/_AtomicActor.c commons/_Director.c commons/pblSet.c commons/pblHeap.c commons/_LocalClock.c commons/_SDFDirector.c commons/pblIterator.c commons/_Receiver.c commons/_IOPort.c commons/pblMap.c commons/_Actor.c commons/pblList.c commons/_ptTypes.c commons/pblCollection.c commons/pblPriorityQueue.c commons/pblhash.c commons/_TypedIOPort.c commons/pbl.c -o arrayType7 -lm 
commons/_ptTypes.c: In function String_new:
commons/_ptTypes.c:913:9: warning: implicit declaration of function strdup [-Wimplicit-function-declaration]
         result->payload.String = strdup(s);
         ^
commons/_ptTypes.c:913:32: warning: assignment makes pointer from integer without a cast [enabled by default]
         result->payload.String = strdup(s);
                                ^
In "/home/travis/cg", about to execute:
    make -f arrayType7.mk run
./arrayType7
All Done
----------------- AutoCG $PTII/bin/ptcg -language c -generateInSubdirectory false -inline false -maximumLinesPerBlock 2500 -variablesAsArrays false /home/travis/build/icyphy/ptII/ptolemy/cg/adapter/generic/program/procedural/c/adapters/ptolemy/actor/lib/test/auto/arrayType8.xmlCCodeGenerator._generateCode(): Deleting /home/travis/cg/
CCodeGenerator set the container? : actor.getContainer(): null _isTopLevel: true generateEmbeddedCode: false
CCodeGenerator include the container .h? : container.getContainer(): null _isTopLevel: true generateEmbeddedCode: false
Reading "ptolemy/cg/kernel/generic/program/procedural/c/makefile.in",
    writing "/home/travis/cg/arrayType8.mk"
Using ptolemy/cg/kernel/generic/program/procedural/c/makefile.in
In "/home/travis/cg", about to execute:
    make -f arrayType8.mk
gcc -D__int64="long long" -Wall -std=c99  -ggdb  -I /home/travis/cg/commons/ -I /home/travis/cg//_arrayType8 arrayType8_Main.c commons/_SDFReceiver.c commons/_CompositeActor.c commons/_AtomicActor.c commons/_Director.c commons/pblSet.c commons/pblHeap.c commons/_LocalClock.c commons/_SDFDirector.c commons/pblIterator.c commons/_Receiver.c commons/_IOPort.c commons/pblMap.c commons/_Actor.c commons/pblList.c commons/_ptTypes.c commons/pblCollection.c commons/pblPriorityQueue.c commons/pblhash.c commons/_TypedIOPort.c commons/pbl.c _arrayType8/arrayType8.c _arrayType8/arrayType8_Const3.c _arrayType8/arrayType8_Test.c _arrayType8/arrayType8_Const2.c _arrayType8/arrayType8_SDFSchedule.c _arrayType8/arrayType8_Const.c _arrayType8/arrayType8_Scale.c _arrayType8/arrayType8_MultiplyDivide.c -o arrayType8 -lm 
commons/_ptTypes.c: In function String_new:
commons/_ptTypes.c:913:9: warning: implicit declaration of function strdup [-Wimplicit-function-declaration]
         result->payload.String = strdup(s);
         ^
commons/_ptTypes.c:913:32: warning: assignment makes pointer from integer without a cast [enabled by default]
         result->payload.String = strdup(s);
                                ^
In "/home/travis/cg", about to execute:
    make -f arrayType8.mk run
./arrayType8
All Done
----------------- AutoCG $PTII/bin/ptcg -language c -generateInSubdirectory false -inline false -maximumLinesPerBlock 2500 -variablesAsArrays false /home/travis/build/icyphy/ptII/ptolemy/cg/adapter/generic/program/procedural/c/adapters/ptolemy/actor/lib/test/auto/arrayType9.xmlCCodeGenerator._generateCode(): Deleting /home/travis/cg/
CCodeGenerator set the container? : actor.getContainer(): null _isTopLevel: true generateEmbeddedCode: false
CCodeGenerator include the container .h? : container.getContainer(): null _isTopLevel: true generateEmbeddedCode: false
Reading "ptolemy/cg/kernel/generic/program/procedural/c/makefile.in",
    writing "/home/travis/cg/arrayType9.mk"
Using ptolemy/cg/kernel/generic/program/procedural/c/makefile.in
In "/home/travis/cg", about to execute:
    make -f arrayType9.mk
gcc -D__int64="long long" -Wall -std=c99  -ggdb  -I /home/travis/cg/commons/ -I /home/travis/cg//_arrayType9 arrayType9_Main.c _arrayType9/arrayType9.c _arrayType9/arrayType9_Const3.c _arrayType9/arrayType9_Scale.c _arrayType9/arrayType9_Test.c _arrayType9/arrayType9_SDFSchedule.c _arrayType9/arrayType9_MultiplyDivide.c _arrayType9/arrayType9_Const.c commons/_SDFReceiver.c commons/_CompositeActor.c commons/_AtomicActor.c commons/_Director.c commons/pblSet.c commons/pblHeap.c commons/_LocalClock.c commons/_SDFDirector.c commons/pblIterator.c commons/_Receiver.c commons/_IOPort.c commons/pblMap.c commons/_Actor.c commons/pblList.c commons/_ptTypes.c commons/pblCollection.c commons/pblPriorityQueue.c commons/pblhash.c commons/_TypedIOPort.c commons/pbl.c -o arrayType9 -lm 
commons/_ptTypes.c: In function String_new:
commons/_ptTypes.c:906:9: warning: implicit declaration of function strdup [-Wimplicit-function-declaration]
         result->payload.String = strdup(s);
         ^
commons/_ptTypes.c:906:32: warning: assignment makes pointer from integer without a cast [enabled by default]
         result->payload.String = strdup(s);
                                ^
In "/home/travis/cg", about to execute:
    make -f arrayType9.mk run
./arrayType9
All Done
----------------- AutoCG $PTII/bin/ptcg -language c -generateInSubdirectory false -inline false -maximumLinesPerBlock 2500 -variablesAsArrays false /home/travis/build/icyphy/ptII/ptolemy/cg/adapter/generic/program/procedural/c/adapters/ptolemy/actor/lib/test/auto/hierarchicalModel_1_1.xmlCCodeGenerator._generateCode(): Deleting /home/travis/cg/
CCodeGenerator set the container? : actor.getContainer(): null _isTopLevel: true generateEmbeddedCode: false
CCodeGenerator include the container .h? : container.getContainer(): null _isTopLevel: true generateEmbeddedCode: false
Reading "ptolemy/cg/kernel/generic/program/procedural/c/makefile.in",
    writing "/home/travis/cg/hierarchicalModel_1_1.mk"
Using ptolemy/cg/kernel/generic/program/procedural/c/makefile.in
In "/home/travis/cg", about to execute:
    make -f hierarchicalModel_1_1.mk
gcc -D__int64="long long" -Wall -std=c99  -ggdb  -I /home/travis/cg/commons/ -I /home/travis/cg//_hierarchicalModel_1_1 hierarchicalModel_1_1_Main.c _hierarchicalModel_1_1/hierarchicalModel_1_1_Ramp.c _hierarchicalModel_1_1/hierarchicalModel_1_1_SDFSchedule.c _hierarchicalModel_1_1/hierarchicalModel_1_1_CompositeActor_Scale.c _hierarchicalModel_1_1/hierarchicalModel_1_1.c _hierarchicalModel_1_1/hierarchicalModel_1_1_Test.c commons/_SDFReceiver.c commons/_CompositeActor.c commons/_AtomicActor.c commons/_Director.c commons/pblSet.c commons/pblHeap.c commons/_LocalClock.c commons/_SDFDirector.c commons/pblIterator.c commons/_Receiver.c commons/_IOPort.c commons/pblMap.c commons/_Actor.c commons/pblList.c commons/_ptTypes.c commons/pblCollection.c commons/pblPriorityQueue.c commons/pblhash.c commons/_TypedIOPort.c commons/pbl.c -o hierarchicalModel_1_1 -lm 
In "/home/travis/cg", about to execute:
    make -f hierarchicalModel_1_1.mk run
./hierarchicalModel_1_1
All Done
----------------- AutoCG $PTII/bin/ptcg -language c -generateInSubdirectory false -inline false -maximumLinesPerBlock 2500 -variablesAsArrays false /home/travis/build/icyphy/ptII/ptolemy/cg/adapter/generic/program/procedural/c/adapters/ptolemy/actor/lib/test/auto/hierarchicalModel_2_2e.xmlCCodeGenerator._generateCode(): Deleting /home/travis/cg/
CCodeGenerator set the container? : actor.getContainer(): null _isTopLevel: true generateEmbeddedCode: false
CCodeGenerator include the container .h? : container.getContainer(): null _isTopLevel: true generateEmbeddedCode: false
CCodeGenerator set the container? : actor.getContainer(): ptolemy.actor.TypedCompositeActor {.hierarchicalModel_2_2e} _isTopLevel: true generateEmbeddedCode: false
CCodeGenerator include the container .h? : container.getContainer(): ptolemy.actor.TypedCompositeActor {.hierarchicalModel_2_2e} _isTopLevel: true generateEmbeddedCode: false
Reading "ptolemy/cg/kernel/generic/program/procedural/c/makefile.in",
    writing "/home/travis/cg/hierarchicalModel_2_2e.mk"
Using ptolemy/cg/kernel/generic/program/procedural/c/makefile.in
In "/home/travis/cg", about to execute:
    make -f hierarchicalModel_2_2e.mk
gcc -D__int64="long long" -Wall -std=c99  -ggdb  -I /home/travis/cg//_hierarchicalModel_2_2e -I /home/travis/cg/commons/ -I /home/travis/cg//_hierarchicalModel_2_2e/_en-1 hierarchicalModel_2_2e_Main.c commons/_SDFReceiver.c commons/_CompositeActor.c commons/_AtomicActor.c commons/_Director.c commons/pblSet.c commons/pblHeap.c commons/_LocalClock.c commons/_SDFDirector.c commons/pblIterator.c commons/_Receiver.c commons/_IOPort.c commons/pblMap.c commons/_Actor.c commons/pblList.c commons/_ptTypes.c commons/pblCollection.c commons/pblPriorityQueue.c commons/pblhash.c commons/_TypedIOPort.c commons/pbl.c _hierarchicalModel_2_2e/_en-1/hierarchicalModel_2_2e_en_1.c _hierarchicalModel_2_2e/_en-1/hierarchicalModel_2_2e_en_1_CompositeActor_Scale.c _hierarchicalModel_2_2e/_en-1/hierarchicalModel_2_2e_en_1_SDFSchedule.c _hierarchicalModel_2_2e/hierarchicalModel_2_2e_SDFSchedule.c _hierarchicalModel_2_2e/hierarchicalModel_2_2e_Ramp.c _hierarchicalModel_2_2e/hierarchicalModel_2_2e.c _hierarchicalModel_2_2e/hierarchicalModel_2_2e_Test.c -o hierarchicalModel_2_2e -lm 
In "/home/travis/cg", about to execute:
    make -f hierarchicalModel_2_2e.mk run
./hierarchicalModel_2_2e
All Done
]]></system-out>
  <system-err><![CDATA[]]></system-err>
</testsuite>
