<?xml version="1.0" encoding="UTF-8" ?>
<testsuite errors="0" failures="0" hostname="travis-job-3af8182e-19b2-4196-9c84-082341036957" name="ptolemy.domains.modal.test.junit.JUnitTclTest" skipped="0" tests="148" time="10.997" timestamp="2018-05-10T02:40:24">
  <properties>
[...]
</properties>
  <testcase classname="ptolemy.util.test.junit.TclTests" name="[0] /home/travis/build/icyphy/ptII/ptolemy/domains/modal/test/SystemLevelType.tcl (RunTclFile)" time="1.949" />
  <testcase classname="ptolemy.util.test.junit.AutoKnownFailedTests" name="[0] /home/travis/build/icyphy/ptII/ptolemy/domains/modal/test/auto/knownFailedTests/CannotAnalysisWithPreemption.xml (RunModel)" time="0.14" />
  <testcase classname="ptolemy.util.test.junit.AutoNameArchTests" name="[0] ThereAreNoAutoTests (RunModel)" time="0.005" />
  <testcase classname="ptolemy.util.test.junit.AutoTests" name="[0] /home/travis/build/icyphy/ptII/ptolemy/domains/modal/test/auto/ABPTest.xml (RunModel)" time="0.844" />
  <testcase classname="ptolemy.util.test.junit.AutoTests" name="[1] /home/travis/build/icyphy/ptII/ptolemy/domains/modal/test/auto/ABROFlat.xml (RunModel)" time="0.086" />
  <testcase classname="ptolemy.util.test.junit.AutoTests" name="[2] /home/travis/build/icyphy/ptII/ptolemy/domains/modal/test/auto/ABROFlat2.xml (RunModel)" time="0.077" />
  <testcase classname="ptolemy.util.test.junit.AutoTests" name="[3] /home/travis/build/icyphy/ptII/ptolemy/domains/modal/test/auto/ABRO_present_hmm.xml (RunModel)" time="0.179" />
  <testcase classname="ptolemy.util.test.junit.AutoTests" name="[4] /home/travis/build/icyphy/ptII/ptolemy/domains/modal/test/auto/AMICoderExample.xml (RunModel)" time="0.053" />
  <testcase classname="ptolemy.util.test.junit.AutoTests" name="[5] /home/travis/build/icyphy/ptII/ptolemy/domains/modal/test/auto/AbsentToPresent.xml (RunModel)" time="0.033" />
  <testcase classname="ptolemy.util.test.junit.AutoTests" name="[6] /home/travis/build/icyphy/ptII/ptolemy/domains/modal/test/auto/Blending.xml (RunModel)" time="0.268" />
  <testcase classname="ptolemy.util.test.junit.AutoTests" name="[7] /home/travis/build/icyphy/ptII/ptolemy/domains/modal/test/auto/Broadcast.xml (RunModel)" time="0.042" />
  <testcase classname="ptolemy.util.test.junit.AutoTests" name="[8] /home/travis/build/icyphy/ptII/ptolemy/domains/modal/test/auto/BroadcastHierarchy.xml (RunModel)" time="0.084" />
  <testcase classname="ptolemy.util.test.junit.AutoTests" name="[9] /home/travis/build/icyphy/ptII/ptolemy/domains/modal/test/auto/BroadcastHierarchy2.xml (RunModel)" time="0.138" />
  <testcase classname="ptolemy.util.test.junit.AutoTests" name="[10] /home/travis/build/icyphy/ptII/ptolemy/domains/modal/test/auto/BroadcastHierarchy3.xml (RunModel)" time="0.099" />
  <testcase classname="ptolemy.util.test.junit.AutoTests" name="[11] /home/travis/build/icyphy/ptII/ptolemy/domains/modal/test/auto/BroadcastHierarchy4.xml (RunModel)" time="0.116" />
  <testcase classname="ptolemy.util.test.junit.AutoTests" name="[12] /home/travis/build/icyphy/ptII/ptolemy/domains/modal/test/auto/CannotAnalysisWithPreemption2.xml (RunModel)" time="0.049" />
  <testcase classname="ptolemy.util.test.junit.AutoTests" name="[13] /home/travis/build/icyphy/ptII/ptolemy/domains/modal/test/auto/CannotAnalysisWithPreemption3.xml (RunModel)" time="0.064" />
  <testcase classname="ptolemy.util.test.junit.AutoTests" name="[14] /home/travis/build/icyphy/ptII/ptolemy/domains/modal/test/auto/CannotProduce.xml (RunModel)" time="0.037" />
  <testcase classname="ptolemy.util.test.junit.AutoTests" name="[15] /home/travis/build/icyphy/ptII/ptolemy/domains/modal/test/auto/CannotProduceModal.xml (RunModel)" time="0.029" />
  <testcase classname="ptolemy.util.test.junit.AutoTests" name="[16] /home/travis/build/icyphy/ptII/ptolemy/domains/modal/test/auto/Case.xml (RunModel)" time="0.075" />
  <testcase classname="ptolemy.util.test.junit.AutoTests" name="[17] /home/travis/build/icyphy/ptII/ptolemy/domains/modal/test/auto/Case1.xml (RunModel)" time="0.033" />
  <testcase classname="ptolemy.util.test.junit.AutoTests" name="[18] /home/travis/build/icyphy/ptII/ptolemy/domains/modal/test/auto/Case2.xml (RunModel)" time="0.067" />
  <testcase classname="ptolemy.util.test.junit.AutoTests" name="[19] /home/travis/build/icyphy/ptII/ptolemy/domains/modal/test/auto/CausalityInterface1.xml (RunModel)" time="0.025" />
  <testcase classname="ptolemy.util.test.junit.AutoTests" name="[20] /home/travis/build/icyphy/ptII/ptolemy/domains/modal/test/auto/CausalityInterface10.xml (RunModel)" time="0.065" />
  <testcase classname="ptolemy.util.test.junit.AutoTests" name="[21] /home/travis/build/icyphy/ptII/ptolemy/domains/modal/test/auto/CausalityInterface11.xml (RunModel)" time="0.06" />
  <testcase classname="ptolemy.util.test.junit.AutoTests" name="[22] /home/travis/build/icyphy/ptII/ptolemy/domains/modal/test/auto/CausalityInterface12.xml (RunModel)" time="0.057" />
  <testcase classname="ptolemy.util.test.junit.AutoTests" name="[23] /home/travis/build/icyphy/ptII/ptolemy/domains/modal/test/auto/CausalityInterface13.xml (RunModel)" time="0.077" />
  <testcase classname="ptolemy.util.test.junit.AutoTests" name="[24] /home/travis/build/icyphy/ptII/ptolemy/domains/modal/test/auto/CausalityInterface14.xml (RunModel)" time="0.059" />
  <testcase classname="ptolemy.util.test.junit.AutoTests" name="[25] /home/travis/build/icyphy/ptII/ptolemy/domains/modal/test/auto/CausalityInterface2.xml (RunModel)" time="0.026" />
  <testcase classname="ptolemy.util.test.junit.AutoTests" name="[26] /home/travis/build/icyphy/ptII/ptolemy/domains/modal/test/auto/CausalityInterface3.xml (RunModel)" time="0.023" />
  <testcase classname="ptolemy.util.test.junit.AutoTests" name="[27] /home/travis/build/icyphy/ptII/ptolemy/domains/modal/test/auto/CausalityInterface4.xml (RunModel)" time="0.022" />
  <testcase classname="ptolemy.util.test.junit.AutoTests" name="[28] /home/travis/build/icyphy/ptII/ptolemy/domains/modal/test/auto/CausalityInterface5.xml (RunModel)" time="0.039" />
  <testcase classname="ptolemy.util.test.junit.AutoTests" name="[29] /home/travis/build/icyphy/ptII/ptolemy/domains/modal/test/auto/CausalityInterface6.xml (RunModel)" time="0.034" />
  <testcase classname="ptolemy.util.test.junit.AutoTests" name="[30] /home/travis/build/icyphy/ptII/ptolemy/domains/modal/test/auto/CausalityInterface7.xml (RunModel)" time="0.041" />
  <testcase classname="ptolemy.util.test.junit.AutoTests" name="[31] /home/travis/build/icyphy/ptII/ptolemy/domains/modal/test/auto/CausalityInterface8.xml (RunModel)" time="0.051" />
  <testcase classname="ptolemy.util.test.junit.AutoTests" name="[32] /home/travis/build/icyphy/ptII/ptolemy/domains/modal/test/auto/CausalityInterface9.xml (RunModel)" time="0.041" />
  <testcase classname="ptolemy.util.test.junit.AutoTests" name="[33] /home/travis/build/icyphy/ptII/ptolemy/domains/modal/test/auto/ChainedTransitions.xml (RunModel)" time="0.18" />
  <testcase classname="ptolemy.util.test.junit.AutoTests" name="[34] /home/travis/build/icyphy/ptII/ptolemy/domains/modal/test/auto/CycleOfImmediateTransitionsFSM.xml (RunModel)" time="0.024" />
  <testcase classname="ptolemy.util.test.junit.AutoTests" name="[35] /home/travis/build/icyphy/ptII/ptolemy/domains/modal/test/auto/CycleOfImmediateTransitionsModal.xml (RunModel)" time="0.021" />
  <testcase classname="ptolemy.util.test.junit.AutoTests" name="[36] /home/travis/build/icyphy/ptII/ptolemy/domains/modal/test/auto/CycleOfImmediateTransitionsModal2.xml (RunModel)" time="0.038" />
  <testcase classname="ptolemy.util.test.junit.AutoTests" name="[37] /home/travis/build/icyphy/ptII/ptolemy/domains/modal/test/auto/CycleOfImmediateTransitionsModal3.xml (RunModel)" time="0.088" />
  <testcase classname="ptolemy.util.test.junit.AutoTests" name="[38] /home/travis/build/icyphy/ptII/ptolemy/domains/modal/test/auto/DeepModal1.xml (RunModel)" time="0.059" />
  <testcase classname="ptolemy.util.test.junit.AutoTests" name="[39] /home/travis/build/icyphy/ptII/ptolemy/domains/modal/test/auto/DeepModal2.xml (RunModel)" time="0.081" />
  <testcase classname="ptolemy.util.test.junit.AutoTests" name="[40] /home/travis/build/icyphy/ptII/ptolemy/domains/modal/test/auto/DeepModal3.xml (RunModel)" time="0.067" />
  <testcase classname="ptolemy.util.test.junit.AutoTests" name="[41] /home/travis/build/icyphy/ptII/ptolemy/domains/modal/test/auto/DeepModal4.xml (RunModel)" time="0.074" />
  <testcase classname="ptolemy.util.test.junit.AutoTests" name="[42] /home/travis/build/icyphy/ptII/ptolemy/domains/modal/test/auto/Default1.xml (RunModel)" time="0.023" />
  <testcase classname="ptolemy.util.test.junit.AutoTests" name="[43] /home/travis/build/icyphy/ptII/ptolemy/domains/modal/test/auto/Default2.xml (RunModel)" time="0.075" />
  <testcase classname="ptolemy.util.test.junit.AutoTests" name="[44] /home/travis/build/icyphy/ptII/ptolemy/domains/modal/test/auto/Default3.xml (RunModel)" time="0.016" />
  <testcase classname="ptolemy.util.test.junit.AutoTests" name="[45] /home/travis/build/icyphy/ptII/ptolemy/domains/modal/test/auto/Default4.xml (RunModel)" time="0.015" />
  <testcase classname="ptolemy.util.test.junit.AutoTests" name="[46] /home/travis/build/icyphy/ptII/ptolemy/domains/modal/test/auto/Default5.xml (RunModel)" time="0.021" />
  <testcase classname="ptolemy.util.test.junit.AutoTests" name="[47] /home/travis/build/icyphy/ptII/ptolemy/domains/modal/test/auto/EmptyGuard.xml (RunModel)" time="0.023" />
  <testcase classname="ptolemy.util.test.junit.AutoTests" name="[48] /home/travis/build/icyphy/ptII/ptolemy/domains/modal/test/auto/ErrorTransition1.xml (RunModel)" time="0.024" />
  <testcase classname="ptolemy.util.test.junit.AutoTests" name="[49] /home/travis/build/icyphy/ptII/ptolemy/domains/modal/test/auto/ErrorTransition10.xml (RunModel)" time="0.035" />
  <testcase classname="ptolemy.util.test.junit.AutoTests" name="[50] /home/travis/build/icyphy/ptII/ptolemy/domains/modal/test/auto/ErrorTransition11.xml (RunModel)" time="0.037" />
  <testcase classname="ptolemy.util.test.junit.AutoTests" name="[51] /home/travis/build/icyphy/ptII/ptolemy/domains/modal/test/auto/ErrorTransition2.xml (RunModel)" time="0.029" />
  <testcase classname="ptolemy.util.test.junit.AutoTests" name="[52] /home/travis/build/icyphy/ptII/ptolemy/domains/modal/test/auto/ErrorTransition3.xml (RunModel)" time="0.033" />
  <testcase classname="ptolemy.util.test.junit.AutoTests" name="[53] /home/travis/build/icyphy/ptII/ptolemy/domains/modal/test/auto/ErrorTransition4.xml (RunModel)" time="0.038" />
  <testcase classname="ptolemy.util.test.junit.AutoTests" name="[54] /home/travis/build/icyphy/ptII/ptolemy/domains/modal/test/auto/ErrorTransition5.xml (RunModel)" time="0.031" />
  <testcase classname="ptolemy.util.test.junit.AutoTests" name="[55] /home/travis/build/icyphy/ptII/ptolemy/domains/modal/test/auto/ErrorTransition6.xml (RunModel)" time="0.032" />
  <testcase classname="ptolemy.util.test.junit.AutoTests" name="[56] /home/travis/build/icyphy/ptII/ptolemy/domains/modal/test/auto/ErrorTransition7.xml (RunModel)" time="0.043" />
  <testcase classname="ptolemy.util.test.junit.AutoTests" name="[57] /home/travis/build/icyphy/ptII/ptolemy/domains/modal/test/auto/ErrorTransition8.xml (RunModel)" time="0.074" />
  <testcase classname="ptolemy.util.test.junit.AutoTests" name="[58] /home/travis/build/icyphy/ptII/ptolemy/domains/modal/test/auto/ErrorTransition9.xml (RunModel)" time="0.045" />
  <testcase classname="ptolemy.util.test.junit.AutoTests" name="[59] /home/travis/build/icyphy/ptII/ptolemy/domains/modal/test/auto/ExtendedFSM.xml (RunModel)" time="0.029" />
  <testcase classname="ptolemy.util.test.junit.AutoTests" name="[60] /home/travis/build/icyphy/ptII/ptolemy/domains/modal/test/auto/FinalStates.xml (RunModel)" time="0.03" />
  <testcase classname="ptolemy.util.test.junit.AutoTests" name="[61] /home/travis/build/icyphy/ptII/ptolemy/domains/modal/test/auto/FixedPointFSM.xml (RunModel)" time="0.05" />
  <testcase classname="ptolemy.util.test.junit.AutoTests" name="[62] /home/travis/build/icyphy/ptII/ptolemy/domains/modal/test/auto/FixedPointIterationFSMActor.xml (RunModel)" time="0.037" />
  <testcase classname="ptolemy.util.test.junit.AutoTests" name="[63] /home/travis/build/icyphy/ptII/ptolemy/domains/modal/test/auto/FixedPointIterationFSMActor2.xml (RunModel)" time="0.036" />
  <testcase classname="ptolemy.util.test.junit.AutoTests" name="[64] /home/travis/build/icyphy/ptII/ptolemy/domains/modal/test/auto/ForbiddenInstantanousLoop.xml (RunModel)" time="0.035" />
  <testcase classname="ptolemy.util.test.junit.AutoTests" name="[65] /home/travis/build/icyphy/ptII/ptolemy/domains/modal/test/auto/FunctionDependencyOfFSMActorTest.xml (RunModel)" time="0.021" />
  <testcase classname="ptolemy.util.test.junit.AutoTests" name="[66] /home/travis/build/icyphy/ptII/ptolemy/domains/modal/test/auto/GuardExpression.xml (RunModel)" time="0.022" />
  <testcase classname="ptolemy.util.test.junit.AutoTests" name="[67] /home/travis/build/icyphy/ptII/ptolemy/domains/modal/test/auto/GuardNotEvaluated.xml (RunModel)" time="0.038" />
  <testcase classname="ptolemy.util.test.junit.AutoTests" name="[68] /home/travis/build/icyphy/ptII/ptolemy/domains/modal/test/auto/GuardNotEvaluated2.xml (RunModel)" time="0.025" />
  <testcase classname="ptolemy.util.test.junit.AutoTests" name="[69] /home/travis/build/icyphy/ptII/ptolemy/domains/modal/test/auto/GuardOnAbsent.xml (RunModel)" time="0.03" />
  <testcase classname="ptolemy.util.test.junit.AutoTests" name="[70] /home/travis/build/icyphy/ptII/ptolemy/domains/modal/test/auto/HierarchicalFSMTypeInference.xml (RunModel)" time="0.034" />
  <testcase classname="ptolemy.util.test.junit.AutoTests" name="[71] /home/travis/build/icyphy/ptII/ptolemy/domains/modal/test/auto/Hysteresis.xml (RunModel)" time="0.045" />
  <testcase classname="ptolemy.util.test.junit.AutoTests" name="[72] /home/travis/build/icyphy/ptII/ptolemy/domains/modal/test/auto/HysteresisWithDefault.xml (RunModel)" time="0.082" />
  <testcase classname="ptolemy.util.test.junit.AutoTests" name="[73] /home/travis/build/icyphy/ptII/ptolemy/domains/modal/test/auto/HysteresisWithDefault2.xml (RunModel)" time="0.073" />
  <testcase classname="ptolemy.util.test.junit.AutoTests" name="[74] /home/travis/build/icyphy/ptII/ptolemy/domains/modal/test/auto/ImmediateNonConstructiveness.xml (RunModel)" time="0.017" />
  <testcase classname="ptolemy.util.test.junit.AutoTests" name="[75] /home/travis/build/icyphy/ptII/ptolemy/domains/modal/test/auto/ImmediateNonConstructiveness2.xml (RunModel)" time="0.016" />
  <testcase classname="ptolemy.util.test.junit.AutoTests" name="[76] /home/travis/build/icyphy/ptII/ptolemy/domains/modal/test/auto/ImmediateTransitionReset.xml (RunModel)" time="0.03" />
  <testcase classname="ptolemy.util.test.junit.AutoTests" name="[77] /home/travis/build/icyphy/ptII/ptolemy/domains/modal/test/auto/ImmediateTransitions1.xml (RunModel)" time="0.135" />
  <testcase classname="ptolemy.util.test.junit.AutoTests" name="[78] /home/travis/build/icyphy/ptII/ptolemy/domains/modal/test/auto/ImmediateTransitionsInstantaneousCommunication.xml (RunModel)" time="0.05" />
  <testcase classname="ptolemy.util.test.junit.AutoTests" name="[79] /home/travis/build/icyphy/ptII/ptolemy/domains/modal/test/auto/InitialImmediateTransition.xml (RunModel)" time="0.018" />
  <testcase classname="ptolemy.util.test.junit.AutoTests" name="[80] /home/travis/build/icyphy/ptII/ptolemy/domains/modal/test/auto/InitialOutputs.xml (RunModel)" time="0.017" />
  <testcase classname="ptolemy.util.test.junit.AutoTests" name="[81] /home/travis/build/icyphy/ptII/ptolemy/domains/modal/test/auto/InitialStateTransition1.xml (RunModel)" time="0.021" />
  <testcase classname="ptolemy.util.test.junit.AutoTests" name="[82] /home/travis/build/icyphy/ptII/ptolemy/domains/modal/test/auto/InitialStateTransition2.xml (RunModel)" time="0.025" />
  <testcase classname="ptolemy.util.test.junit.AutoTests" name="[83] /home/travis/build/icyphy/ptII/ptolemy/domains/modal/test/auto/InitialStateTransition3.xml (RunModel)" time="0.028" />
  <testcase classname="ptolemy.util.test.junit.AutoTests" name="[84] /home/travis/build/icyphy/ptII/ptolemy/domains/modal/test/auto/InitialStateTransition4.xml (RunModel)" time="0.027" />
  <testcase classname="ptolemy.util.test.junit.AutoTests" name="[85] /home/travis/build/icyphy/ptII/ptolemy/domains/modal/test/auto/MalformedGuardExpressionNotCaught.xml (RunModel)" time="0.022" />
  <testcase classname="ptolemy.util.test.junit.AutoTests" name="[86] /home/travis/build/icyphy/ptII/ptolemy/domains/modal/test/auto/ModalBSC.xml (RunModel)" time="0.093" />
  <testcase classname="ptolemy.util.test.junit.AutoTests" name="[87] /home/travis/build/icyphy/ptII/ptolemy/domains/modal/test/auto/ModalClocks.xml (RunModel)" time="0.095" />
  <testcase classname="ptolemy.util.test.junit.AutoTests" name="[88] /home/travis/build/icyphy/ptII/ptolemy/domains/modal/test/auto/ModalDelay.xml (RunModel)" time="0.043" />
  <testcase classname="ptolemy.util.test.junit.AutoTests" name="[89] /home/travis/build/icyphy/ptII/ptolemy/domains/modal/test/auto/ModalDelay2.xml (RunModel)" time="0.042" />
  <testcase classname="ptolemy.util.test.junit.AutoTests" name="[90] /home/travis/build/icyphy/ptII/ptolemy/domains/modal/test/auto/ModalModelFromMemo.xml (RunModel)" time="0.069" />
  <testcase classname="ptolemy.util.test.junit.AutoTests" name="[91] /home/travis/build/icyphy/ptII/ptolemy/domains/modal/test/auto/ModalModelWithMultirateTransient.xml (RunModel)" time="0.051" />
  <testcase classname="ptolemy.util.test.junit.AutoTests" name="[92] /home/travis/build/icyphy/ptII/ptolemy/domains/modal/test/auto/ModalModelWithReset.xml (RunModel)" time="0.071" />
  <testcase classname="ptolemy.util.test.junit.AutoTests" name="[93] /home/travis/build/icyphy/ptII/ptolemy/domains/modal/test/auto/MouseClickFSM.xml (RunModel)" time="0.049" />
  <testcase classname="ptolemy.util.test.junit.AutoTests" name="[94] /home/travis/build/icyphy/ptII/ptolemy/domains/modal/test/auto/MouseClickFSMModal.xml (RunModel)" time="0.039" />
  <testcase classname="ptolemy.util.test.junit.AutoTests" name="[95] /home/travis/build/icyphy/ptII/ptolemy/domains/modal/test/auto/NonStrictFSM_FeedbackLoop.xml (RunModel)" time="0.053" />
  <testcase classname="ptolemy.util.test.junit.AutoTests" name="[96] /home/travis/build/icyphy/ptII/ptolemy/domains/modal/test/auto/NonStrictFSM_FeedbackLoop_Refinement.xml (RunModel)" time="0.072" />
  <testcase classname="ptolemy.util.test.junit.AutoTests" name="[97] /home/travis/build/icyphy/ptII/ptolemy/domains/modal/test/auto/NonStrictFSM_FeedbackLoop_preemptive.xml (RunModel)" time="0.071" />
  <testcase classname="ptolemy.util.test.junit.AutoTests" name="[98] /home/travis/build/icyphy/ptII/ptolemy/domains/modal/test/auto/NormalTermination.xml (RunModel)" time="0.06" />
  <testcase classname="ptolemy.util.test.junit.AutoTests" name="[99] /home/travis/build/icyphy/ptII/ptolemy/domains/modal/test/auto/Pong.xml (RunModel)" time="0.068" />
  <testcase classname="ptolemy.util.test.junit.AutoTests" name="[100] /home/travis/build/icyphy/ptII/ptolemy/domains/modal/test/auto/Pong_test.xml (RunModel)" time="0.124" />
  <testcase classname="ptolemy.util.test.junit.AutoTests" name="[101] /home/travis/build/icyphy/ptII/ptolemy/domains/modal/test/auto/PreemptionHierarchy.xml (RunModel)" time="0.03" />
  <testcase classname="ptolemy.util.test.junit.AutoTests" name="[102] /home/travis/build/icyphy/ptII/ptolemy/domains/modal/test/auto/PreemptionHierarchy2.xml (RunModel)" time="0.035" />
  <testcase classname="ptolemy.util.test.junit.AutoTests" name="[103] /home/travis/build/icyphy/ptII/ptolemy/domains/modal/test/auto/PreemptiveTransition.xml (RunModel)" time="0.026" />
  <testcase classname="ptolemy.util.test.junit.AutoTests" name="[104] /home/travis/build/icyphy/ptII/ptolemy/domains/modal/test/auto/Priorities.xml (RunModel)" time="0.081" />
  <testcase classname="ptolemy.util.test.junit.AutoTests" name="[105] /home/travis/build/icyphy/ptII/ptolemy/domains/modal/test/auto/ResetFinal.xml (RunModel)" time="0.048" />
  <testcase classname="ptolemy.util.test.junit.AutoTests" name="[106] /home/travis/build/icyphy/ptII/ptolemy/domains/modal/test/auto/ResetFinal2.xml (RunModel)" time="0.045" />
  <testcase classname="ptolemy.util.test.junit.AutoTests" name="[107] /home/travis/build/icyphy/ptII/ptolemy/domains/modal/test/auto/ResetTransitionWithStartTime.xml (RunModel)" time="0.035" />
  <testcase classname="ptolemy.util.test.junit.AutoTests" name="[108] /home/travis/build/icyphy/ptII/ptolemy/domains/modal/test/auto/SDF-FSMComposite.xml (RunModel)" time="0.028" />
  <testcase classname="ptolemy.util.test.junit.AutoTests" name="[109] /home/travis/build/icyphy/ptII/ptolemy/domains/modal/test/auto/SeeminglyNondeterminate.xml (RunModel)" time="0.072" />
  <testcase classname="ptolemy.util.test.junit.AutoTests" name="[110] /home/travis/build/icyphy/ptII/ptolemy/domains/modal/test/auto/SeeminglyNondeterminate2.xml (RunModel)" time="0.066" />
  <testcase classname="ptolemy.util.test.junit.AutoTests" name="[111] /home/travis/build/icyphy/ptII/ptolemy/domains/modal/test/auto/SpontaneousFSM.xml (RunModel)" time="0.04" />
  <testcase classname="ptolemy.util.test.junit.AutoTests" name="[112] /home/travis/build/icyphy/ptII/ptolemy/domains/modal/test/auto/SpontaneousFSM2.xml (RunModel)" time="0.029" />
  <testcase classname="ptolemy.util.test.junit.AutoTests" name="[113] /home/travis/build/icyphy/ptII/ptolemy/domains/modal/test/auto/SpontaneousFSM3.xml (RunModel)" time="0.043" />
  <testcase classname="ptolemy.util.test.junit.AutoTests" name="[114] /home/travis/build/icyphy/ptII/ptolemy/domains/modal/test/auto/SpontaneousFSM4.xml (RunModel)" time="0.048" />
  <testcase classname="ptolemy.util.test.junit.AutoTests" name="[115] /home/travis/build/icyphy/ptII/ptolemy/domains/modal/test/auto/StateTrackerTest.xml (RunModel)" time="0.069" />
  <testcase classname="ptolemy.util.test.junit.AutoTests" name="[116] /home/travis/build/icyphy/ptII/ptolemy/domains/modal/test/auto/StrongImmediateTransition.xml (RunModel)" time="0.024" />
  <testcase classname="ptolemy.util.test.junit.AutoTests" name="[117] /home/travis/build/icyphy/ptII/ptolemy/domains/modal/test/auto/SustainHierarchy.xml (RunModel)" time="0.033" />
  <testcase classname="ptolemy.util.test.junit.AutoTests" name="[118] /home/travis/build/icyphy/ptII/ptolemy/domains/modal/test/auto/TerminationTransition1.xml (RunModel)" time="0.02" />
  <testcase classname="ptolemy.util.test.junit.AutoTests" name="[119] /home/travis/build/icyphy/ptII/ptolemy/domains/modal/test/auto/TerminationTransition2.xml (RunModel)" time="0.027" />
  <testcase classname="ptolemy.util.test.junit.AutoTests" name="[120] /home/travis/build/icyphy/ptII/ptolemy/domains/modal/test/auto/TerminationTransition3.xml (RunModel)" time="0.029" />
  <testcase classname="ptolemy.util.test.junit.AutoTests" name="[121] /home/travis/build/icyphy/ptII/ptolemy/domains/modal/test/auto/TerminationTransition4.xml (RunModel)" time="0.036" />
  <testcase classname="ptolemy.util.test.junit.AutoTests" name="[122] /home/travis/build/icyphy/ptII/ptolemy/domains/modal/test/auto/TerminationTransition5.xml (RunModel)" time="0.032" />
  <testcase classname="ptolemy.util.test.junit.AutoTests" name="[123] /home/travis/build/icyphy/ptII/ptolemy/domains/modal/test/auto/TerminationTransition6.xml (RunModel)" time="0.021" />
  <testcase classname="ptolemy.util.test.junit.AutoTests" name="[124] /home/travis/build/icyphy/ptII/ptolemy/domains/modal/test/auto/TerminationTransition7.xml (RunModel)" time="0.023" />
  <testcase classname="ptolemy.util.test.junit.AutoTests" name="[125] /home/travis/build/icyphy/ptII/ptolemy/domains/modal/test/auto/TerminationTransition8.xml (RunModel)" time="0.026" />
  <testcase classname="ptolemy.util.test.junit.AutoTests" name="[126] /home/travis/build/icyphy/ptII/ptolemy/domains/modal/test/auto/Thermostat_NoHysteresis.xml (RunModel)" time="0.08" />
  <testcase classname="ptolemy.util.test.junit.AutoTests" name="[127] /home/travis/build/icyphy/ptII/ptolemy/domains/modal/test/auto/TimedFSM.xml (RunModel)" time="0.036" />
  <testcase classname="ptolemy.util.test.junit.AutoTests" name="[128] /home/travis/build/icyphy/ptII/ptolemy/domains/modal/test/auto/Timeout1.xml (RunModel)" time="0.014" />
  <testcase classname="ptolemy.util.test.junit.AutoTests" name="[129] /home/travis/build/icyphy/ptII/ptolemy/domains/modal/test/auto/Timeout2.xml (RunModel)" time="0.02" />
  <testcase classname="ptolemy.util.test.junit.AutoTests" name="[130] /home/travis/build/icyphy/ptII/ptolemy/domains/modal/test/auto/Timeout3.xml (RunModel)" time="0.012" />
  <testcase classname="ptolemy.util.test.junit.AutoTests" name="[131] /home/travis/build/icyphy/ptII/ptolemy/domains/modal/test/auto/Timeout4.xml (RunModel)" time="0.013" />
  <testcase classname="ptolemy.util.test.junit.AutoTests" name="[132] /home/travis/build/icyphy/ptII/ptolemy/domains/modal/test/auto/TransientstateModelAdvanced.xml (RunModel)" time="0.03" />
  <testcase classname="ptolemy.util.test.junit.AutoTests" name="[133] /home/travis/build/icyphy/ptII/ptolemy/domains/modal/test/auto/TransientstateModelAdvanced2.xml (RunModel)" time="0.03" />
  <testcase classname="ptolemy.util.test.junit.AutoTests" name="[134] /home/travis/build/icyphy/ptII/ptolemy/domains/modal/test/auto/TransitionRefinements.xml (RunModel)" time="0.025" />
  <testcase classname="ptolemy.util.test.junit.AutoTests" name="[135] /home/travis/build/icyphy/ptII/ptolemy/domains/modal/test/auto/TwoRefinements1.xml (RunModel)" time="0.024" />
  <testcase classname="ptolemy.util.test.junit.AutoTests" name="[136] /home/travis/build/icyphy/ptII/ptolemy/domains/modal/test/auto/TwoRefinements2.xml (RunModel)" time="0.024" />
  <testcase classname="ptolemy.util.test.junit.AutoTests" name="[137] /home/travis/build/icyphy/ptII/ptolemy/domains/modal/test/auto/WeakImmediateTransition.xml (RunModel)" time="0.02" />
  <testcase classname="ptolemy.util.test.junit.AutoTests" name="[138] /home/travis/build/icyphy/ptII/ptolemy/domains/modal/test/auto/booleanSelect.xml (RunModel)" time="0.059" />
  <testcase classname="ptolemy.util.test.junit.AutoTests" name="[139] /home/travis/build/icyphy/ptII/ptolemy/domains/modal/test/auto/modalChangingParams.xml (RunModel)" time="0.279" />
  <testcase classname="ptolemy.util.test.junit.AutoTests" name="[140] /home/travis/build/icyphy/ptII/ptolemy/domains/modal/test/auto/modalModel.xml (RunModel)" time="0.032" />
  <testcase classname="ptolemy.util.test.junit.AutoTests" name="[141] /home/travis/build/icyphy/ptII/ptolemy/domains/modal/test/auto/modalModel2.xml (RunModel)" time="0.044" />
  <testcase classname="ptolemy.util.test.junit.AutoTests" name="[142] /home/travis/build/icyphy/ptII/ptolemy/domains/modal/test/auto/modalModel3.xml (RunModel)" time="0.039" />
  <testcase classname="ptolemy.util.test.junit.AutoTests" name="[143] /home/travis/build/icyphy/ptII/ptolemy/domains/modal/test/auto/model1.xml (RunModel)" time="0.019" />
  <testcase classname="ptolemy.util.test.junit.AutoTests" name="[144] /home/travis/build/icyphy/ptII/ptolemy/domains/modal/test/auto/test-direct-in-out.xml (RunModel)" time="0.017" />
  <system-out><![CDATA[/home/travis/build/icyphy/ptII/ptolemy/domains/modal/test/SystemLevelType.tcl
testDefs.tcl: setting time out to 9000 seconds at Thu May 10 02:40:24 UTC 2018
05/10/18 02:40:26
Failed: 0  Total Tests: 1  ((Passed: 1, Newly Passed: 0)  Known Failed: 0) /home/travis/build/icyphy/ptII/ptolemy/domains/modal/test
----------------- testing (KnownFailure) /home/travis/build/icyphy/ptII/ptolemy/domains/modal/test/auto/knownFailedTests/CannotAnalysisWithPreemption.xml
61 ms. Memory: 209408K Free: 129290K (62%)
Known Failure: java.lang.reflect.InvocationTargetException
No auto/*.xml tests in /home/travis/build/icyphy/ptII/ptolemy/domains/modal/test
AutoTests.java: About to close Vertx.
AutoTests.java: Vertx closed.
----------------- testing Thu May 10 02:40:26 UTC 2018 /home/travis/build/icyphy/ptII/ptolemy/domains/modal/test/auto/ABPTest.xml
----------------- Instantiating /home/travis/build/icyphy/ptII/ptolemy/domains/modal/test/auto/ABPTest.xml
353 ms. Memory: 209920K Free: 113846K (54%)
----------------- Invoking toplevel() on ptolemy.moml.MoMLSimpleApplication@26ed8bd9
----------------- Done invoking toplevel() on ptolemy.moml.MoMLSimpleApplication@26ed8bd9
reloadAllAccessors: .ABPTest
----------------- testing Thu May 10 02:40:27 UTC 2018 /home/travis/build/icyphy/ptII/ptolemy/domains/modal/test/auto/ABROFlat.xml
----------------- Instantiating /home/travis/build/icyphy/ptII/ptolemy/domains/modal/test/auto/ABROFlat.xml
23 ms. Memory: 209920K Free: 96053K (46%)
----------------- Invoking toplevel() on ptolemy.moml.MoMLSimpleApplication@2b71f138
----------------- Done invoking toplevel() on ptolemy.moml.MoMLSimpleApplication@2b71f138
reloadAllAccessors: .ABROFlat
----------------- testing Thu May 10 02:40:27 UTC 2018 /home/travis/build/icyphy/ptII/ptolemy/domains/modal/test/auto/ABROFlat2.xml
----------------- Instantiating /home/travis/build/icyphy/ptII/ptolemy/domains/modal/test/auto/ABROFlat2.xml
19 ms. Memory: 209920K Free: 77769K (37%)
----------------- Invoking toplevel() on ptolemy.moml.MoMLSimpleApplication@2b90e909
----------------- Done invoking toplevel() on ptolemy.moml.MoMLSimpleApplication@2b90e909
reloadAllAccessors: .ABROFlat2
----------------- testing Thu May 10 02:40:27 UTC 2018 /home/travis/build/icyphy/ptII/ptolemy/domains/modal/test/auto/ABRO_present_hmm.xml
----------------- Instantiating /home/travis/build/icyphy/ptII/ptolemy/domains/modal/test/auto/ABRO_present_hmm.xml
44 ms. Memory: 334336K Free: 294720K (88%)
----------------- Invoking toplevel() on ptolemy.moml.MoMLSimpleApplication@74305359
----------------- Done invoking toplevel() on ptolemy.moml.MoMLSimpleApplication@74305359
reloadAllAccessors: .ABRO_present_hmm
----------------- testing Thu May 10 02:40:28 UTC 2018 /home/travis/build/icyphy/ptII/ptolemy/domains/modal/test/auto/AMICoderExample.xml
----------------- Instantiating /home/travis/build/icyphy/ptII/ptolemy/domains/modal/test/auto/AMICoderExample.xml
18 ms. Memory: 334336K Free: 275574K (82%)
----------------- Invoking toplevel() on ptolemy.moml.MoMLSimpleApplication@55749e81
----------------- Done invoking toplevel() on ptolemy.moml.MoMLSimpleApplication@55749e81
reloadAllAccessors: .AMICoderExample
----------------- testing Thu May 10 02:40:28 UTC 2018 /home/travis/build/icyphy/ptII/ptolemy/domains/modal/test/auto/AbsentToPresent.xml
----------------- Instantiating /home/travis/build/icyphy/ptII/ptolemy/domains/modal/test/auto/AbsentToPresent.xml
10 ms. Memory: 334336K Free: 270663K (81%)
----------------- Invoking toplevel() on ptolemy.moml.MoMLSimpleApplication@6f0009b7
----------------- Done invoking toplevel() on ptolemy.moml.MoMLSimpleApplication@6f0009b7
reloadAllAccessors: .AbsentToPresent
----------------- testing Thu May 10 02:40:28 UTC 2018 /home/travis/build/icyphy/ptII/ptolemy/domains/modal/test/auto/Blending.xml
----------------- Instantiating /home/travis/build/icyphy/ptII/ptolemy/domains/modal/test/auto/Blending.xml
118 ms. Memory: 334336K Free: 219883K (66%)
----------------- Invoking toplevel() on ptolemy.moml.MoMLSimpleApplication@37510753
----------------- Done invoking toplevel() on ptolemy.moml.MoMLSimpleApplication@37510753
reloadAllAccessors: .Blending
----------------- testing Thu May 10 02:40:28 UTC 2018 /home/travis/build/icyphy/ptII/ptolemy/domains/modal/test/auto/Broadcast.xml
----------------- Instantiating /home/travis/build/icyphy/ptII/ptolemy/domains/modal/test/auto/Broadcast.xml
7 ms. Memory: 334336K Free: 203960K (61%)
----------------- Invoking toplevel() on ptolemy.moml.MoMLSimpleApplication@314cf032
----------------- Done invoking toplevel() on ptolemy.moml.MoMLSimpleApplication@314cf032
reloadAllAccessors: .Broadcast
----------------- testing Thu May 10 02:40:28 UTC 2018 /home/travis/build/icyphy/ptII/ptolemy/domains/modal/test/auto/BroadcastHierarchy.xml
----------------- Instantiating /home/travis/build/icyphy/ptII/ptolemy/domains/modal/test/auto/BroadcastHierarchy.xml
16 ms. Memory: 334336K Free: 185932K (56%)
----------------- Invoking toplevel() on ptolemy.moml.MoMLSimpleApplication@625fe072
----------------- Done invoking toplevel() on ptolemy.moml.MoMLSimpleApplication@625fe072
reloadAllAccessors: .BroadcastHierarchy
----------------- testing Thu May 10 02:40:28 UTC 2018 /home/travis/build/icyphy/ptII/ptolemy/domains/modal/test/auto/BroadcastHierarchy2.xml
----------------- Instantiating /home/travis/build/icyphy/ptII/ptolemy/domains/modal/test/auto/BroadcastHierarchy2.xml
28 ms. Memory: 334336K Free: 149908K (45%)
----------------- Invoking toplevel() on ptolemy.moml.MoMLSimpleApplication@457b2664
----------------- Done invoking toplevel() on ptolemy.moml.MoMLSimpleApplication@457b2664
reloadAllAccessors: .BroadcastHierarchy2
----------------- testing Thu May 10 02:40:28 UTC 2018 /home/travis/build/icyphy/ptII/ptolemy/domains/modal/test/auto/BroadcastHierarchy3.xml
----------------- Instantiating /home/travis/build/icyphy/ptII/ptolemy/domains/modal/test/auto/BroadcastHierarchy3.xml
21 ms. Memory: 334336K Free: 123706K (37%)
----------------- Invoking toplevel() on ptolemy.moml.MoMLSimpleApplication@1619fd81
----------------- Done invoking toplevel() on ptolemy.moml.MoMLSimpleApplication@1619fd81
reloadAllAccessors: .BroadcastHierarchy3
----------------- testing Thu May 10 02:40:28 UTC 2018 /home/travis/build/icyphy/ptII/ptolemy/domains/modal/test/auto/BroadcastHierarchy4.xml
----------------- Instantiating /home/travis/build/icyphy/ptII/ptolemy/domains/modal/test/auto/BroadcastHierarchy4.xml
25 ms. Memory: 334336K Free: 88146K (26%)
----------------- Invoking toplevel() on ptolemy.moml.MoMLSimpleApplication@6aa75314
----------------- Done invoking toplevel() on ptolemy.moml.MoMLSimpleApplication@6aa75314
reloadAllAccessors: .BroadcastHierarchy4
----------------- testing Thu May 10 02:40:28 UTC 2018 /home/travis/build/icyphy/ptII/ptolemy/domains/modal/test/auto/CannotAnalysisWithPreemption2.xml
----------------- Instantiating /home/travis/build/icyphy/ptII/ptolemy/domains/modal/test/auto/CannotAnalysisWithPreemption2.xml
16 ms. Memory: 334336K Free: 324492K (97%)
----------------- Invoking toplevel() on ptolemy.moml.MoMLSimpleApplication@5de500ed
----------------- Done invoking toplevel() on ptolemy.moml.MoMLSimpleApplication@5de500ed
reloadAllAccessors: .CannotAnalysisWithPreemption2
----------------- testing Thu May 10 02:40:29 UTC 2018 /home/travis/build/icyphy/ptII/ptolemy/domains/modal/test/auto/CannotAnalysisWithPreemption3.xml
----------------- Instantiating /home/travis/build/icyphy/ptII/ptolemy/domains/modal/test/auto/CannotAnalysisWithPreemption3.xml
6 ms. Memory: 334336K Free: 309474K (93%)
----------------- Invoking toplevel() on ptolemy.moml.MoMLSimpleApplication@27755eab
----------------- Done invoking toplevel() on ptolemy.moml.MoMLSimpleApplication@27755eab
reloadAllAccessors: .CannotAnalysisWithPreemption3
----------------- testing Thu May 10 02:40:29 UTC 2018 /home/travis/build/icyphy/ptII/ptolemy/domains/modal/test/auto/CannotProduce.xml
----------------- Instantiating /home/travis/build/icyphy/ptII/ptolemy/domains/modal/test/auto/CannotProduce.xml
12 ms. Memory: 334336K Free: 302100K (90%)
----------------- Invoking toplevel() on ptolemy.moml.MoMLSimpleApplication@274b86c6
----------------- Done invoking toplevel() on ptolemy.moml.MoMLSimpleApplication@274b86c6
reloadAllAccessors: .CannotProduce
----------------- testing Thu May 10 02:40:29 UTC 2018 /home/travis/build/icyphy/ptII/ptolemy/domains/modal/test/auto/CannotProduceModal.xml
----------------- Instantiating /home/travis/build/icyphy/ptII/ptolemy/domains/modal/test/auto/CannotProduceModal.xml
7 ms. Memory: 334336K Free: 291586K (87%)
----------------- Invoking toplevel() on ptolemy.moml.MoMLSimpleApplication@2489c2a7
----------------- Done invoking toplevel() on ptolemy.moml.MoMLSimpleApplication@2489c2a7
reloadAllAccessors: .CannotProduceModal
----------------- testing Thu May 10 02:40:29 UTC 2018 /home/travis/build/icyphy/ptII/ptolemy/domains/modal/test/auto/Case.xml
----------------- Instantiating /home/travis/build/icyphy/ptII/ptolemy/domains/modal/test/auto/Case.xml
29 ms. Memory: 334336K Free: 279277K (84%)
----------------- Invoking toplevel() on ptolemy.moml.MoMLSimpleApplication@28dfd5c3
----------------- Done invoking toplevel() on ptolemy.moml.MoMLSimpleApplication@28dfd5c3
reloadAllAccessors: .Case
----------------- testing Thu May 10 02:40:29 UTC 2018 /home/travis/build/icyphy/ptII/ptolemy/domains/modal/test/auto/Case1.xml
----------------- Instantiating /home/travis/build/icyphy/ptII/ptolemy/domains/modal/test/auto/Case1.xml
8 ms. Memory: 334336K Free: 270663K (81%)
----------------- Invoking toplevel() on ptolemy.moml.MoMLSimpleApplication@6f6224f9
----------------- Done invoking toplevel() on ptolemy.moml.MoMLSimpleApplication@6f6224f9
reloadAllAccessors: .Case1
----------------- testing Thu May 10 02:40:29 UTC 2018 /home/travis/build/icyphy/ptII/ptolemy/domains/modal/test/auto/Case2.xml
----------------- Instantiating /home/travis/build/icyphy/ptII/ptolemy/domains/modal/test/auto/Case2.xml
33 ms. Memory: 334336K Free: 256462K (77%)
----------------- Invoking toplevel() on ptolemy.moml.MoMLSimpleApplication@2ea4c7d0
----------------- Done invoking toplevel() on ptolemy.moml.MoMLSimpleApplication@2ea4c7d0
reloadAllAccessors: .Case2
----------------- testing Thu May 10 02:40:29 UTC 2018 /home/travis/build/icyphy/ptII/ptolemy/domains/modal/test/auto/CausalityInterface1.xml
----------------- Instantiating /home/travis/build/icyphy/ptII/ptolemy/domains/modal/test/auto/CausalityInterface1.xml
2 ms. Memory: 334336K Free: 250328K (75%)
----------------- Invoking toplevel() on ptolemy.moml.MoMLSimpleApplication@792ddc0e
----------------- Done invoking toplevel() on ptolemy.moml.MoMLSimpleApplication@792ddc0e
reloadAllAccessors: .CausalityInterface1
----------------- testing Thu May 10 02:40:29 UTC 2018 /home/travis/build/icyphy/ptII/ptolemy/domains/modal/test/auto/CausalityInterface10.xml
----------------- Instantiating /home/travis/build/icyphy/ptII/ptolemy/domains/modal/test/auto/CausalityInterface10.xml
9 ms. Memory: 334336K Free: 231248K (69%)
----------------- Invoking toplevel() on ptolemy.moml.MoMLSimpleApplication@7028d767
----------------- Done invoking toplevel() on ptolemy.moml.MoMLSimpleApplication@7028d767
reloadAllAccessors: .CausalityInterface10
----------------- testing Thu May 10 02:40:29 UTC 2018 /home/travis/build/icyphy/ptII/ptolemy/domains/modal/test/auto/CausalityInterface11.xml
----------------- Instantiating /home/travis/build/icyphy/ptII/ptolemy/domains/modal/test/auto/CausalityInterface11.xml
7 ms. Memory: 334336K Free: 215275K (64%)
----------------- Invoking toplevel() on ptolemy.moml.MoMLSimpleApplication@3402887d
----------------- Done invoking toplevel() on ptolemy.moml.MoMLSimpleApplication@3402887d
reloadAllAccessors: .CausalityInterface11
----------------- testing Thu May 10 02:40:29 UTC 2018 /home/travis/build/icyphy/ptII/ptolemy/domains/modal/test/auto/CausalityInterface12.xml
----------------- Instantiating /home/travis/build/icyphy/ptII/ptolemy/domains/modal/test/auto/CausalityInterface12.xml
8 ms. Memory: 334336K Free: 199287K (60%)
----------------- Invoking toplevel() on ptolemy.moml.MoMLSimpleApplication@1add19ab
----------------- Done invoking toplevel() on ptolemy.moml.MoMLSimpleApplication@1add19ab
reloadAllAccessors: .CausalityInterface12
----------------- testing Thu May 10 02:40:29 UTC 2018 /home/travis/build/icyphy/ptII/ptolemy/domains/modal/test/auto/CausalityInterface13.xml
----------------- Instantiating /home/travis/build/icyphy/ptII/ptolemy/domains/modal/test/auto/CausalityInterface13.xml
19 ms. Memory: 334336K Free: 180166K (54%)
----------------- Invoking toplevel() on ptolemy.moml.MoMLSimpleApplication@3979e9d8
----------------- Done invoking toplevel() on ptolemy.moml.MoMLSimpleApplication@3979e9d8
reloadAllAccessors: .CausalityInterface13
----------------- testing Thu May 10 02:40:29 UTC 2018 /home/travis/build/icyphy/ptII/ptolemy/domains/modal/test/auto/CausalityInterface14.xml
----------------- Instantiating /home/travis/build/icyphy/ptII/ptolemy/domains/modal/test/auto/CausalityInterface14.xml
10 ms. Memory: 334336K Free: 162946K (49%)
----------------- Invoking toplevel() on ptolemy.moml.MoMLSimpleApplication@be3fa6a
----------------- Done invoking toplevel() on ptolemy.moml.MoMLSimpleApplication@be3fa6a
reloadAllAccessors: .CausalityInterface14
----------------- testing Thu May 10 02:40:29 UTC 2018 /home/travis/build/icyphy/ptII/ptolemy/domains/modal/test/auto/CausalityInterface2.xml
----------------- Instantiating /home/travis/build/icyphy/ptII/ptolemy/domains/modal/test/auto/CausalityInterface2.xml
8 ms. Memory: 334336K Free: 153696K (46%)
----------------- Invoking toplevel() on ptolemy.moml.MoMLSimpleApplication@155928d
----------------- Done invoking toplevel() on ptolemy.moml.MoMLSimpleApplication@155928d
reloadAllAccessors: .CausalityInterface2
----------------- testing Thu May 10 02:40:29 UTC 2018 /home/travis/build/icyphy/ptII/ptolemy/domains/modal/test/auto/CausalityInterface3.xml
----------------- Instantiating /home/travis/build/icyphy/ptII/ptolemy/domains/modal/test/auto/CausalityInterface3.xml
7 ms. Memory: 334336K Free: 146322K (44%)
----------------- Invoking toplevel() on ptolemy.moml.MoMLSimpleApplication@84262e0
----------------- Done invoking toplevel() on ptolemy.moml.MoMLSimpleApplication@84262e0
reloadAllAccessors: .CausalityInterface3
----------------- testing Thu May 10 02:40:29 UTC 2018 /home/travis/build/icyphy/ptII/ptolemy/domains/modal/test/auto/CausalityInterface4.xml
----------------- Instantiating /home/travis/build/icyphy/ptII/ptolemy/domains/modal/test/auto/CausalityInterface4.xml
4 ms. Memory: 334336K Free: 138964K (42%)
----------------- Invoking toplevel() on ptolemy.moml.MoMLSimpleApplication@469d79ff
----------------- Done invoking toplevel() on ptolemy.moml.MoMLSimpleApplication@469d79ff
reloadAllAccessors: .CausalityInterface4
----------------- testing Thu May 10 02:40:29 UTC 2018 /home/travis/build/icyphy/ptII/ptolemy/domains/modal/test/auto/CausalityInterface5.xml
----------------- Instantiating /home/travis/build/icyphy/ptII/ptolemy/domains/modal/test/auto/CausalityInterface5.xml
5 ms. Memory: 334336K Free: 127227K (38%)
----------------- Invoking toplevel() on ptolemy.moml.MoMLSimpleApplication@28721744
----------------- Done invoking toplevel() on ptolemy.moml.MoMLSimpleApplication@28721744
reloadAllAccessors: .CausalityInterface5
----------------- testing Thu May 10 02:40:29 UTC 2018 /home/travis/build/icyphy/ptII/ptolemy/domains/modal/test/auto/CausalityInterface6.xml
----------------- Instantiating /home/travis/build/icyphy/ptII/ptolemy/domains/modal/test/auto/CausalityInterface6.xml
5 ms. Memory: 334336K Free: 117381K (35%)
----------------- Invoking toplevel() on ptolemy.moml.MoMLSimpleApplication@33f3fa46
----------------- Done invoking toplevel() on ptolemy.moml.MoMLSimpleApplication@33f3fa46
reloadAllAccessors: .CausalityInterface6
----------------- testing Thu May 10 02:40:29 UTC 2018 /home/travis/build/icyphy/ptII/ptolemy/domains/modal/test/auto/CausalityInterface7.xml
----------------- Instantiating /home/travis/build/icyphy/ptII/ptolemy/domains/modal/test/auto/CausalityInterface7.xml
6 ms. Memory: 334336K Free: 107543K (32%)
----------------- Invoking toplevel() on ptolemy.moml.MoMLSimpleApplication@31ac9718
----------------- Done invoking toplevel() on ptolemy.moml.MoMLSimpleApplication@31ac9718
reloadAllAccessors: .CausalityInterface7
----------------- testing Thu May 10 02:40:29 UTC 2018 /home/travis/build/icyphy/ptII/ptolemy/domains/modal/test/auto/CausalityInterface8.xml
----------------- Instantiating /home/travis/build/icyphy/ptII/ptolemy/domains/modal/test/auto/CausalityInterface8.xml
4 ms. Memory: 334336K Free: 95822K (29%)
----------------- Invoking toplevel() on ptolemy.moml.MoMLSimpleApplication@117cdc01
----------------- Done invoking toplevel() on ptolemy.moml.MoMLSimpleApplication@117cdc01
reloadAllAccessors: .CausalityInterface8
----------------- testing Thu May 10 02:40:29 UTC 2018 /home/travis/build/icyphy/ptII/ptolemy/domains/modal/test/auto/CausalityInterface9.xml
----------------- Instantiating /home/travis/build/icyphy/ptII/ptolemy/domains/modal/test/auto/CausalityInterface9.xml
10 ms. Memory: 334336K Free: 84761K (25%)
----------------- Invoking toplevel() on ptolemy.moml.MoMLSimpleApplication@531c0820
----------------- Done invoking toplevel() on ptolemy.moml.MoMLSimpleApplication@531c0820
reloadAllAccessors: .CausalityInterface9
----------------- testing Thu May 10 02:40:30 UTC 2018 /home/travis/build/icyphy/ptII/ptolemy/domains/modal/test/auto/ChainedTransitions.xml
----------------- Instantiating /home/travis/build/icyphy/ptII/ptolemy/domains/modal/test/auto/ChainedTransitions.xml
101 ms. Memory: 481792K Free: 446293K (93%)
----------------- Invoking toplevel() on ptolemy.moml.MoMLSimpleApplication@5cb43bb1
----------------- Done invoking toplevel() on ptolemy.moml.MoMLSimpleApplication@5cb43bb1
reloadAllAccessors: .ChainedTransitions
----------------- testing Thu May 10 02:40:30 UTC 2018 /home/travis/build/icyphy/ptII/ptolemy/domains/modal/test/auto/CycleOfImmediateTransitionsFSM.xml
----------------- Instantiating /home/travis/build/icyphy/ptII/ptolemy/domains/modal/test/auto/CycleOfImmediateTransitionsFSM.xml
4 ms. Memory: 481792K Free: 436307K (91%)
----------------- Invoking toplevel() on ptolemy.moml.MoMLSimpleApplication@1a86759b
----------------- Done invoking toplevel() on ptolemy.moml.MoMLSimpleApplication@1a86759b
reloadAllAccessors: .CycleOfImmediateTransitionsFSM
----------------- testing Thu May 10 02:40:30 UTC 2018 /home/travis/build/icyphy/ptII/ptolemy/domains/modal/test/auto/CycleOfImmediateTransitionsModal.xml
----------------- Instantiating /home/travis/build/icyphy/ptII/ptolemy/domains/modal/test/auto/CycleOfImmediateTransitionsModal.xml
2 ms. Memory: 481792K Free: 428465K (89%)
----------------- Invoking toplevel() on ptolemy.moml.MoMLSimpleApplication@12ca0a5e
----------------- Done invoking toplevel() on ptolemy.moml.MoMLSimpleApplication@12ca0a5e
reloadAllAccessors: .CycleOfImmediateTransitionsModal
----------------- testing Thu May 10 02:40:30 UTC 2018 /home/travis/build/icyphy/ptII/ptolemy/domains/modal/test/auto/CycleOfImmediateTransitionsModal2.xml
----------------- Instantiating /home/travis/build/icyphy/ptII/ptolemy/domains/modal/test/auto/CycleOfImmediateTransitionsModal2.xml
4 ms. Memory: 481792K Free: 416504K (86%)
----------------- Invoking toplevel() on ptolemy.moml.MoMLSimpleApplication@36a3b7ca
----------------- Done invoking toplevel() on ptolemy.moml.MoMLSimpleApplication@36a3b7ca
reloadAllAccessors: .CycleOfImmediateTransitionsModal2
----------------- testing Thu May 10 02:40:30 UTC 2018 /home/travis/build/icyphy/ptII/ptolemy/domains/modal/test/auto/CycleOfImmediateTransitionsModal3.xml
----------------- Instantiating /home/travis/build/icyphy/ptII/ptolemy/domains/modal/test/auto/CycleOfImmediateTransitionsModal3.xml
13 ms. Memory: 481792K Free: 387039K (80%)
----------------- Invoking toplevel() on ptolemy.moml.MoMLSimpleApplication@4dc87769
----------------- Done invoking toplevel() on ptolemy.moml.MoMLSimpleApplication@4dc87769
reloadAllAccessors: .CycleOfImmediateTransitionsModal3
----------------- testing Thu May 10 02:40:30 UTC 2018 /home/travis/build/icyphy/ptII/ptolemy/domains/modal/test/auto/DeepModal1.xml
----------------- Instantiating /home/travis/build/icyphy/ptII/ptolemy/domains/modal/test/auto/DeepModal1.xml
28 ms. Memory: 481792K Free: 369366K (77%)
----------------- Invoking toplevel() on ptolemy.moml.MoMLSimpleApplication@380ffd31
----------------- Done invoking toplevel() on ptolemy.moml.MoMLSimpleApplication@380ffd31
reloadAllAccessors: .DeepModal1
----------------- testing Thu May 10 02:40:30 UTC 2018 /home/travis/build/icyphy/ptII/ptolemy/domains/modal/test/auto/DeepModal2.xml
----------------- Instantiating /home/travis/build/icyphy/ptII/ptolemy/domains/modal/test/auto/DeepModal2.xml
29 ms. Memory: 481792K Free: 345614K (72%)
----------------- Invoking toplevel() on ptolemy.moml.MoMLSimpleApplication@52683edb
----------------- Done invoking toplevel() on ptolemy.moml.MoMLSimpleApplication@52683edb
reloadAllAccessors: .DeepModal2
----------------- testing Thu May 10 02:40:30 UTC 2018 /home/travis/build/icyphy/ptII/ptolemy/domains/modal/test/auto/DeepModal3.xml
----------------- Instantiating /home/travis/build/icyphy/ptII/ptolemy/domains/modal/test/auto/DeepModal3.xml
20 ms. Memory: 481792K Free: 324007K (67%)
----------------- Invoking toplevel() on ptolemy.moml.MoMLSimpleApplication@6b1db09a
----------------- Done invoking toplevel() on ptolemy.moml.MoMLSimpleApplication@6b1db09a
reloadAllAccessors: .DeepModal3
----------------- testing Thu May 10 02:40:30 UTC 2018 /home/travis/build/icyphy/ptII/ptolemy/domains/modal/test/auto/DeepModal4.xml
----------------- Instantiating /home/travis/build/icyphy/ptII/ptolemy/domains/modal/test/auto/DeepModal4.xml
26 ms. Memory: 481792K Free: 302392K (63%)
----------------- Invoking toplevel() on ptolemy.moml.MoMLSimpleApplication@1d67c007
----------------- Done invoking toplevel() on ptolemy.moml.MoMLSimpleApplication@1d67c007
reloadAllAccessors: .DeepModal4
----------------- testing Thu May 10 02:40:30 UTC 2018 /home/travis/build/icyphy/ptII/ptolemy/domains/modal/test/auto/Default1.xml
----------------- Instantiating /home/travis/build/icyphy/ptII/ptolemy/domains/modal/test/auto/Default1.xml
6 ms. Memory: 481792K Free: 292406K (61%)
----------------- Invoking toplevel() on ptolemy.moml.MoMLSimpleApplication@1f95071d
----------------- Done invoking toplevel() on ptolemy.moml.MoMLSimpleApplication@1f95071d
reloadAllAccessors: .Default1
----------------- testing Thu May 10 02:40:30 UTC 2018 /home/travis/build/icyphy/ptII/ptolemy/domains/modal/test/auto/Default2.xml
----------------- Instantiating /home/travis/build/icyphy/ptII/ptolemy/domains/modal/test/auto/Default2.xml
62 ms. Memory: 481792K Free: 284564K (59%)
----------------- Invoking toplevel() on ptolemy.moml.MoMLSimpleApplication@51dbd17b
----------------- Done invoking toplevel() on ptolemy.moml.MoMLSimpleApplication@51dbd17b
reloadAllAccessors: .Default2
----------------- testing Thu May 10 02:40:30 UTC 2018 /home/travis/build/icyphy/ptII/ptolemy/domains/modal/test/auto/Default3.xml
----------------- Instantiating /home/travis/build/icyphy/ptII/ptolemy/domains/modal/test/auto/Default3.xml
2 ms. Memory: 481792K Free: 274756K (57%)
----------------- Invoking toplevel() on ptolemy.moml.MoMLSimpleApplication@588e638e
----------------- Done invoking toplevel() on ptolemy.moml.MoMLSimpleApplication@588e638e
reloadAllAccessors: .Default3
----------------- testing Thu May 10 02:40:30 UTC 2018 /home/travis/build/icyphy/ptII/ptolemy/domains/modal/test/auto/Default4.xml
----------------- Instantiating /home/travis/build/icyphy/ptII/ptolemy/domains/modal/test/auto/Default4.xml
2 ms. Memory: 481792K Free: 264770K (55%)
----------------- Invoking toplevel() on ptolemy.moml.MoMLSimpleApplication@54bdb668
----------------- Done invoking toplevel() on ptolemy.moml.MoMLSimpleApplication@54bdb668
reloadAllAccessors: .Default4
----------------- testing Thu May 10 02:40:30 UTC 2018 /home/travis/build/icyphy/ptII/ptolemy/domains/modal/test/auto/Default5.xml
----------------- Instantiating /home/travis/build/icyphy/ptII/ptolemy/domains/modal/test/auto/Default5.xml
3 ms. Memory: 481792K Free: 254945K (53%)
----------------- Invoking toplevel() on ptolemy.moml.MoMLSimpleApplication@5315d516
----------------- Done invoking toplevel() on ptolemy.moml.MoMLSimpleApplication@5315d516
reloadAllAccessors: .Default5
----------------- testing Thu May 10 02:40:30 UTC 2018 /home/travis/build/icyphy/ptII/ptolemy/domains/modal/test/auto/EmptyGuard.xml
----------------- Instantiating /home/travis/build/icyphy/ptII/ptolemy/domains/modal/test/auto/EmptyGuard.xml
5 ms. Memory: 481792K Free: 245121K (51%)
----------------- Invoking toplevel() on ptolemy.moml.MoMLSimpleApplication@7aa779d5
----------------- Done invoking toplevel() on ptolemy.moml.MoMLSimpleApplication@7aa779d5
reloadAllAccessors: .EmptyGuard
----------------- testing Thu May 10 02:40:30 UTC 2018 /home/travis/build/icyphy/ptII/ptolemy/domains/modal/test/auto/ErrorTransition1.xml
----------------- Instantiating /home/travis/build/icyphy/ptII/ptolemy/domains/modal/test/auto/ErrorTransition1.xml
4 ms. Memory: 481792K Free: 233184K (48%)
----------------- Invoking toplevel() on ptolemy.moml.MoMLSimpleApplication@76ffbfaf
----------------- Done invoking toplevel() on ptolemy.moml.MoMLSimpleApplication@76ffbfaf
reloadAllAccessors: .ErrorTransition1
----------------- testing Thu May 10 02:40:30 UTC 2018 /home/travis/build/icyphy/ptII/ptolemy/domains/modal/test/auto/ErrorTransition10.xml
----------------- Instantiating /home/travis/build/icyphy/ptII/ptolemy/domains/modal/test/auto/ErrorTransition10.xml
6 ms. Memory: 481792K Free: 217453K (45%)
----------------- Invoking toplevel() on ptolemy.moml.MoMLSimpleApplication@5b83d2ec
----------------- Done invoking toplevel() on ptolemy.moml.MoMLSimpleApplication@5b83d2ec
reloadAllAccessors: .ErrorTransition10
----------------- testing Thu May 10 02:40:30 UTC 2018 /home/travis/build/icyphy/ptII/ptolemy/domains/modal/test/auto/ErrorTransition11.xml
----------------- Instantiating /home/travis/build/icyphy/ptII/ptolemy/domains/modal/test/auto/ErrorTransition11.xml
4 ms. Memory: 481792K Free: 201543K (42%)
----------------- Invoking toplevel() on ptolemy.moml.MoMLSimpleApplication@4590d3fe
----------------- Done invoking toplevel() on ptolemy.moml.MoMLSimpleApplication@4590d3fe
reloadAllAccessors: .ErrorTransition11
----------------- testing Thu May 10 02:40:30 UTC 2018 /home/travis/build/icyphy/ptII/ptolemy/domains/modal/test/auto/ErrorTransition2.xml
----------------- Instantiating /home/travis/build/icyphy/ptII/ptolemy/domains/modal/test/auto/ErrorTransition2.xml
7 ms. Memory: 481792K Free: 191719K (40%)
----------------- Invoking toplevel() on ptolemy.moml.MoMLSimpleApplication@3bbf64c2
----------------- Done invoking toplevel() on ptolemy.moml.MoMLSimpleApplication@3bbf64c2
reloadAllAccessors: .ErrorTransition2
----------------- testing Thu May 10 02:40:31 UTC 2018 /home/travis/build/icyphy/ptII/ptolemy/domains/modal/test/auto/ErrorTransition3.xml
----------------- Instantiating /home/travis/build/icyphy/ptII/ptolemy/domains/modal/test/auto/ErrorTransition3.xml
11 ms. Memory: 481792K Free: 181895K (38%)
----------------- Invoking toplevel() on ptolemy.moml.MoMLSimpleApplication@7ee7f1ae
----------------- Done invoking toplevel() on ptolemy.moml.MoMLSimpleApplication@7ee7f1ae
reloadAllAccessors: .ErrorTransition3
----------------- testing Thu May 10 02:40:31 UTC 2018 /home/travis/build/icyphy/ptII/ptolemy/domains/modal/test/auto/ErrorTransition4.xml
----------------- Instantiating /home/travis/build/icyphy/ptII/ptolemy/domains/modal/test/auto/ErrorTransition4.xml
10 ms. Memory: 481792K Free: 167984K (35%)
----------------- Invoking toplevel() on ptolemy.moml.MoMLSimpleApplication@61e88555
----------------- Done invoking toplevel() on ptolemy.moml.MoMLSimpleApplication@61e88555
reloadAllAccessors: .ErrorTransition4
----------------- testing Thu May 10 02:40:31 UTC 2018 /home/travis/build/icyphy/ptII/ptolemy/domains/modal/test/auto/ErrorTransition5.xml
----------------- Instantiating /home/travis/build/icyphy/ptII/ptolemy/domains/modal/test/auto/ErrorTransition5.xml
5 ms. Memory: 481792K Free: 156201K (32%)
----------------- Invoking toplevel() on ptolemy.moml.MoMLSimpleApplication@6c2aa758
----------------- Done invoking toplevel() on ptolemy.moml.MoMLSimpleApplication@6c2aa758
reloadAllAccessors: .ErrorTransition5
----------------- testing Thu May 10 02:40:31 UTC 2018 /home/travis/build/icyphy/ptII/ptolemy/domains/modal/test/auto/ErrorTransition6.xml
----------------- Instantiating /home/travis/build/icyphy/ptII/ptolemy/domains/modal/test/auto/ErrorTransition6.xml
7 ms. Memory: 481792K Free: 142444K (30%)
----------------- Invoking toplevel() on ptolemy.moml.MoMLSimpleApplication@5a2ef109
----------------- Done invoking toplevel() on ptolemy.moml.MoMLSimpleApplication@5a2ef109
reloadAllAccessors: .ErrorTransition6
----------------- testing Thu May 10 02:40:31 UTC 2018 /home/travis/build/icyphy/ptII/ptolemy/domains/modal/test/auto/ErrorTransition7.xml
----------------- Instantiating /home/travis/build/icyphy/ptII/ptolemy/domains/modal/test/auto/ErrorTransition7.xml
10 ms. Memory: 481792K Free: 124592K (26%)
----------------- Invoking toplevel() on ptolemy.moml.MoMLSimpleApplication@6fa8055d
----------------- Done invoking toplevel() on ptolemy.moml.MoMLSimpleApplication@6fa8055d
reloadAllAccessors: .ErrorTransition7
----------------- testing Thu May 10 02:40:31 UTC 2018 /home/travis/build/icyphy/ptII/ptolemy/domains/modal/test/auto/ErrorTransition8.xml
----------------- Instantiating /home/travis/build/icyphy/ptII/ptolemy/domains/modal/test/auto/ErrorTransition8.xml
45 ms. Memory: 481792K Free: 108892K (23%)
----------------- Invoking toplevel() on ptolemy.moml.MoMLSimpleApplication@7b8f5893
----------------- Done invoking toplevel() on ptolemy.moml.MoMLSimpleApplication@7b8f5893
reloadAllAccessors: .ErrorTransition8
----------------- testing Thu May 10 02:40:31 UTC 2018 /home/travis/build/icyphy/ptII/ptolemy/domains/modal/test/auto/ErrorTransition9.xml
----------------- Instantiating /home/travis/build/icyphy/ptII/ptolemy/domains/modal/test/auto/ErrorTransition9.xml
16 ms. Memory: 481792K Free: 93185K (19%)
----------------- Invoking toplevel() on ptolemy.moml.MoMLSimpleApplication@51ec1693
----------------- Done invoking toplevel() on ptolemy.moml.MoMLSimpleApplication@51ec1693
reloadAllAccessors: .ErrorTransition9
----------------- testing Thu May 10 02:40:31 UTC 2018 /home/travis/build/icyphy/ptII/ptolemy/domains/modal/test/auto/ExtendedFSM.xml
----------------- Instantiating /home/travis/build/icyphy/ptII/ptolemy/domains/modal/test/auto/ExtendedFSM.xml
13 ms. Memory: 481792K Free: 81232K (17%)
----------------- Invoking toplevel() on ptolemy.moml.MoMLSimpleApplication@1be31184
----------------- Done invoking toplevel() on ptolemy.moml.MoMLSimpleApplication@1be31184
reloadAllAccessors: .ExtendedFSM
----------------- testing Thu May 10 02:40:31 UTC 2018 /home/travis/build/icyphy/ptII/ptolemy/domains/modal/test/auto/FinalStates.xml
----------------- Instantiating /home/travis/build/icyphy/ptII/ptolemy/domains/modal/test/auto/FinalStates.xml
5 ms. Memory: 481792K Free: 461142K (96%)
----------------- Invoking toplevel() on ptolemy.moml.MoMLSimpleApplication@23e614ff
----------------- Done invoking toplevel() on ptolemy.moml.MoMLSimpleApplication@23e614ff
reloadAllAccessors: .FinalStates
----------------- testing Thu May 10 02:40:31 UTC 2018 /home/travis/build/icyphy/ptII/ptolemy/domains/modal/test/auto/FixedPointFSM.xml
----------------- Instantiating /home/travis/build/icyphy/ptII/ptolemy/domains/modal/test/auto/FixedPointFSM.xml
24 ms. Memory: 481792K Free: 441919K (92%)
----------------- Invoking toplevel() on ptolemy.moml.MoMLSimpleApplication@294550ba
----------------- Done invoking toplevel() on ptolemy.moml.MoMLSimpleApplication@294550ba
reloadAllAccessors: .FixedPointFSM
----------------- testing Thu May 10 02:40:31 UTC 2018 /home/travis/build/icyphy/ptII/ptolemy/domains/modal/test/auto/FixedPointIterationFSMActor.xml
----------------- Instantiating /home/travis/build/icyphy/ptII/ptolemy/domains/modal/test/auto/FixedPointIterationFSMActor.xml
6 ms. Memory: 481792K Free: 426645K (89%)
----------------- Invoking toplevel() on ptolemy.moml.MoMLSimpleApplication@7449b0c
----------------- Done invoking toplevel() on ptolemy.moml.MoMLSimpleApplication@7449b0c
reloadAllAccessors: .FixedPointIterationFSMActor
----------------- testing Thu May 10 02:40:31 UTC 2018 /home/travis/build/icyphy/ptII/ptolemy/domains/modal/test/auto/FixedPointIterationFSMActor2.xml
----------------- Instantiating /home/travis/build/icyphy/ptII/ptolemy/domains/modal/test/auto/FixedPointIterationFSMActor2.xml
13 ms. Memory: 481792K Free: 412822K (86%)
----------------- Invoking toplevel() on ptolemy.moml.MoMLSimpleApplication@20de81fe
----------------- Done invoking toplevel() on ptolemy.moml.MoMLSimpleApplication@20de81fe
reloadAllAccessors: .FixedPointIterationFSMActor2
----------------- testing Thu May 10 02:40:31 UTC 2018 /home/travis/build/icyphy/ptII/ptolemy/domains/modal/test/auto/ForbiddenInstantanousLoop.xml
----------------- Instantiating /home/travis/build/icyphy/ptII/ptolemy/domains/modal/test/auto/ForbiddenInstantanousLoop.xml
5 ms. Memory: 481792K Free: 397555K (83%)
----------------- Invoking toplevel() on ptolemy.moml.MoMLSimpleApplication@53780160
----------------- Done invoking toplevel() on ptolemy.moml.MoMLSimpleApplication@53780160
reloadAllAccessors: .ForbiddenInstantanousLoop
----------------- testing Thu May 10 02:40:31 UTC 2018 /home/travis/build/icyphy/ptII/ptolemy/domains/modal/test/auto/FunctionDependencyOfFSMActorTest.xml
----------------- Instantiating /home/travis/build/icyphy/ptII/ptolemy/domains/modal/test/auto/FunctionDependencyOfFSMActorTest.xml
6 ms. Memory: 481792K Free: 389706K (81%)
----------------- Invoking toplevel() on ptolemy.moml.MoMLSimpleApplication@44f0fd20
----------------- Done invoking toplevel() on ptolemy.moml.MoMLSimpleApplication@44f0fd20
reloadAllAccessors: .FunctionDependencyOfFSMActorTest
----------------- testing Thu May 10 02:40:31 UTC 2018 /home/travis/build/icyphy/ptII/ptolemy/domains/modal/test/auto/GuardExpression.xml
----------------- Instantiating /home/travis/build/icyphy/ptII/ptolemy/domains/modal/test/auto/GuardExpression.xml
4 ms. Memory: 481792K Free: 380331K (79%)
----------------- Invoking toplevel() on ptolemy.moml.MoMLSimpleApplication@132c731f
----------------- Done invoking toplevel() on ptolemy.moml.MoMLSimpleApplication@132c731f
reloadAllAccessors: .GuardExpression
----------------- testing Thu May 10 02:40:31 UTC 2018 /home/travis/build/icyphy/ptII/ptolemy/domains/modal/test/auto/GuardNotEvaluated.xml
----------------- Instantiating /home/travis/build/icyphy/ptII/ptolemy/domains/modal/test/auto/GuardNotEvaluated.xml
11 ms. Memory: 481792K Free: 370515K (77%)
----------------- Invoking toplevel() on ptolemy.moml.MoMLSimpleApplication@750cce1e
----------------- Done invoking toplevel() on ptolemy.moml.MoMLSimpleApplication@750cce1e
reloadAllAccessors: .GuardNotEvaluated
----------------- testing Thu May 10 02:40:31 UTC 2018 /home/travis/build/icyphy/ptII/ptolemy/domains/modal/test/auto/GuardNotEvaluated2.xml
----------------- Instantiating /home/travis/build/icyphy/ptII/ptolemy/domains/modal/test/auto/GuardNotEvaluated2.xml
6 ms. Memory: 481792K Free: 357199K (74%)
----------------- Invoking toplevel() on ptolemy.moml.MoMLSimpleApplication@2bcc3266
----------------- Done invoking toplevel() on ptolemy.moml.MoMLSimpleApplication@2bcc3266
reloadAllAccessors: .GuardNotEvaluated2
----------------- testing Thu May 10 02:40:31 UTC 2018 /home/travis/build/icyphy/ptII/ptolemy/domains/modal/test/auto/GuardOnAbsent.xml
----------------- Instantiating /home/travis/build/icyphy/ptII/ptolemy/domains/modal/test/auto/GuardOnAbsent.xml
14 ms. Memory: 481792K Free: 349349K (73%)
----------------- Invoking toplevel() on ptolemy.moml.MoMLSimpleApplication@41131056
----------------- Done invoking toplevel() on ptolemy.moml.MoMLSimpleApplication@41131056
reloadAllAccessors: .GuardOnAbsent
----------------- testing Thu May 10 02:40:31 UTC 2018 /home/travis/build/icyphy/ptII/ptolemy/domains/modal/test/auto/HierarchicalFSMTypeInference.xml
----------------- Instantiating /home/travis/build/icyphy/ptII/ptolemy/domains/modal/test/auto/HierarchicalFSMTypeInference.xml
5 ms. Memory: 481792K Free: 334074K (69%)
----------------- Invoking toplevel() on ptolemy.moml.MoMLSimpleApplication@1dc337ec
----------------- Done invoking toplevel() on ptolemy.moml.MoMLSimpleApplication@1dc337ec
reloadAllAccessors: .HierarchicalFSMTypeInference
----------------- testing Thu May 10 02:40:31 UTC 2018 /home/travis/build/icyphy/ptII/ptolemy/domains/modal/test/auto/Hysteresis.xml
----------------- Instantiating /home/travis/build/icyphy/ptII/ptolemy/domains/modal/test/auto/Hysteresis.xml
13 ms. Memory: 481792K Free: 318359K (66%)
----------------- Invoking toplevel() on ptolemy.moml.MoMLSimpleApplication@66aeff5c
----------------- Done invoking toplevel() on ptolemy.moml.MoMLSimpleApplication@66aeff5c
reloadAllAccessors: .Hysteresis
----------------- testing Thu May 10 02:40:31 UTC 2018 /home/travis/build/icyphy/ptII/ptolemy/domains/modal/test/auto/HysteresisWithDefault.xml
----------------- Instantiating /home/travis/build/icyphy/ptII/ptolemy/domains/modal/test/auto/HysteresisWithDefault.xml
42 ms. Memory: 481792K Free: 291270K (60%)
----------------- Invoking toplevel() on ptolemy.moml.MoMLSimpleApplication@152eb9db
----------------- Done invoking toplevel() on ptolemy.moml.MoMLSimpleApplication@152eb9db
reloadAllAccessors: .HysteresisWithDefault
----------------- testing Thu May 10 02:40:31 UTC 2018 /home/travis/build/icyphy/ptII/ptolemy/domains/modal/test/auto/HysteresisWithDefault2.xml
----------------- Instantiating /home/travis/build/icyphy/ptII/ptolemy/domains/modal/test/auto/HysteresisWithDefault2.xml
40 ms. Memory: 481792K Free: 257872K (54%)
----------------- Invoking toplevel() on ptolemy.moml.MoMLSimpleApplication@3a4e099a
----------------- Done invoking toplevel() on ptolemy.moml.MoMLSimpleApplication@3a4e099a
reloadAllAccessors: .HysteresisWithDefault2
----------------- testing Thu May 10 02:40:31 UTC 2018 /home/travis/build/icyphy/ptII/ptolemy/domains/modal/test/auto/ImmediateNonConstructiveness.xml
----------------- Instantiating /home/travis/build/icyphy/ptII/ptolemy/domains/modal/test/auto/ImmediateNonConstructiveness.xml
3 ms. Memory: 481792K Free: 246523K (51%)
----------------- Invoking toplevel() on ptolemy.moml.MoMLSimpleApplication@5b192d32
----------------- Done invoking toplevel() on ptolemy.moml.MoMLSimpleApplication@5b192d32
reloadAllAccessors: .ImmediateNonConstructiveness
----------------- testing Thu May 10 02:40:31 UTC 2018 /home/travis/build/icyphy/ptII/ptolemy/domains/modal/test/auto/ImmediateNonConstructiveness2.xml
----------------- Instantiating /home/travis/build/icyphy/ptII/ptolemy/domains/modal/test/auto/ImmediateNonConstructiveness2.xml
1 ms. Memory: 481792K Free: 238673K (50%)
----------------- Invoking toplevel() on ptolemy.moml.MoMLSimpleApplication@3a8dfa40
----------------- Done invoking toplevel() on ptolemy.moml.MoMLSimpleApplication@3a8dfa40
reloadAllAccessors: .ImmediateNonConstructiveness2
----------------- testing Thu May 10 02:40:31 UTC 2018 /home/travis/build/icyphy/ptII/ptolemy/domains/modal/test/auto/ImmediateTransitionReset.xml
----------------- Instantiating /home/travis/build/icyphy/ptII/ptolemy/domains/modal/test/auto/ImmediateTransitionReset.xml
3 ms. Memory: 481792K Free: 223375K (46%)
----------------- Invoking toplevel() on ptolemy.moml.MoMLSimpleApplication@f8138a2
----------------- Done invoking toplevel() on ptolemy.moml.MoMLSimpleApplication@f8138a2
reloadAllAccessors: .ImmediateTransitionReset
----------------- testing Thu May 10 02:40:32 UTC 2018 /home/travis/build/icyphy/ptII/ptolemy/domains/modal/test/auto/ImmediateTransitions1.xml
----------------- Instantiating /home/travis/build/icyphy/ptII/ptolemy/domains/modal/test/auto/ImmediateTransitions1.xml
124 ms. Memory: 693248K Free: 682382K (98%)
----------------- Invoking toplevel() on ptolemy.moml.MoMLSimpleApplication@41252615
----------------- Done invoking toplevel() on ptolemy.moml.MoMLSimpleApplication@41252615
reloadAllAccessors: .ImmediateTransitions1
----------------- testing Thu May 10 02:40:32 UTC 2018 /home/travis/build/icyphy/ptII/ptolemy/domains/modal/test/auto/ImmediateTransitionsInstantaneousCommunication.xml
----------------- Instantiating /home/travis/build/icyphy/ptII/ptolemy/domains/modal/test/auto/ImmediateTransitionsInstantaneousCommunication.xml
7 ms. Memory: 693248K Free: 663149K (96%)
----------------- Invoking toplevel() on ptolemy.moml.MoMLSimpleApplication@47c654f6
----------------- Done invoking toplevel() on ptolemy.moml.MoMLSimpleApplication@47c654f6
reloadAllAccessors: .ImmediateTransitionsInstantaneousCommunication
----------------- testing Thu May 10 02:40:32 UTC 2018 /home/travis/build/icyphy/ptII/ptolemy/domains/modal/test/auto/InitialImmediateTransition.xml
----------------- Instantiating /home/travis/build/icyphy/ptII/ptolemy/domains/modal/test/auto/InitialImmediateTransition.xml
5 ms. Memory: 693248K Free: 653748K (94%)
----------------- Invoking toplevel() on ptolemy.moml.MoMLSimpleApplication@39370a1a
----------------- Done invoking toplevel() on ptolemy.moml.MoMLSimpleApplication@39370a1a
reloadAllAccessors: .InitialImmediateTransition
----------------- testing Thu May 10 02:40:32 UTC 2018 /home/travis/build/icyphy/ptII/ptolemy/domains/modal/test/auto/InitialOutputs.xml
----------------- Instantiating /home/travis/build/icyphy/ptII/ptolemy/domains/modal/test/auto/InitialOutputs.xml
3 ms. Memory: 693248K Free: 642539K (93%)
----------------- Invoking toplevel() on ptolemy.moml.MoMLSimpleApplication@69718a7a
----------------- Done invoking toplevel() on ptolemy.moml.MoMLSimpleApplication@69718a7a
reloadAllAccessors: .InitialOutputs
----------------- testing Thu May 10 02:40:32 UTC 2018 /home/travis/build/icyphy/ptII/ptolemy/domains/modal/test/auto/InitialStateTransition1.xml
----------------- Instantiating /home/travis/build/icyphy/ptII/ptolemy/domains/modal/test/auto/InitialStateTransition1.xml
2 ms. Memory: 693248K Free: 630015K (91%)
----------------- Invoking toplevel() on ptolemy.moml.MoMLSimpleApplication@309b70b
----------------- Done invoking toplevel() on ptolemy.moml.MoMLSimpleApplication@309b70b
reloadAllAccessors: .InitialStateTransition1
----------------- testing Thu May 10 02:40:32 UTC 2018 /home/travis/build/icyphy/ptII/ptolemy/domains/modal/test/auto/InitialStateTransition2.xml
----------------- Instantiating /home/travis/build/icyphy/ptII/ptolemy/domains/modal/test/auto/InitialStateTransition2.xml
.InitialStateTransition2.TestExceptionAttributeNonConstructive: initialize() was not invoked, but wrapup() was.  This is unusual, but not always a problem.  For example, exporting JNLP will do this.
1 ms. Memory: 693248K Free: 615666K (89%)
----------------- Invoking toplevel() on ptolemy.moml.MoMLSimpleApplication@7813f1c4
----------------- Done invoking toplevel() on ptolemy.moml.MoMLSimpleApplication@7813f1c4
reloadAllAccessors: .InitialStateTransition2
----------------- testing Thu May 10 02:40:32 UTC 2018 /home/travis/build/icyphy/ptII/ptolemy/domains/modal/test/auto/InitialStateTransition3.xml
----------------- Instantiating /home/travis/build/icyphy/ptII/ptolemy/domains/modal/test/auto/InitialStateTransition3.xml
3 ms. Memory: 693248K Free: 603126K (87%)
----------------- Invoking toplevel() on ptolemy.moml.MoMLSimpleApplication@6ada7dae
----------------- Done invoking toplevel() on ptolemy.moml.MoMLSimpleApplication@6ada7dae
reloadAllAccessors: .InitialStateTransition3
----------------- testing Thu May 10 02:40:32 UTC 2018 /home/travis/build/icyphy/ptII/ptolemy/domains/modal/test/auto/InitialStateTransition4.xml
----------------- Instantiating /home/travis/build/icyphy/ptII/ptolemy/domains/modal/test/auto/InitialStateTransition4.xml
3 ms. Memory: 693248K Free: 585639K (84%)
----------------- Invoking toplevel() on ptolemy.moml.MoMLSimpleApplication@529a8b79
----------------- Done invoking toplevel() on ptolemy.moml.MoMLSimpleApplication@529a8b79
reloadAllAccessors: .InitialStateTransition4
----------------- testing Thu May 10 02:40:32 UTC 2018 /home/travis/build/icyphy/ptII/ptolemy/domains/modal/test/auto/MalformedGuardExpressionNotCaught.xml
----------------- Instantiating /home/travis/build/icyphy/ptII/ptolemy/domains/modal/test/auto/MalformedGuardExpressionNotCaught.xml
2 ms. Memory: 693248K Free: 573083K (83%)
----------------- Invoking toplevel() on ptolemy.moml.MoMLSimpleApplication@706f2ad3
----------------- Done invoking toplevel() on ptolemy.moml.MoMLSimpleApplication@706f2ad3
reloadAllAccessors: .MalformedGuardExpressionNotCaught
----------------- testing Thu May 10 02:40:32 UTC 2018 /home/travis/build/icyphy/ptII/ptolemy/domains/modal/test/auto/ModalBSC.xml
----------------- Instantiating /home/travis/build/icyphy/ptII/ptolemy/domains/modal/test/auto/ModalBSC.xml
38 ms. Memory: 693248K Free: 539886K (78%)
----------------- Invoking toplevel() on ptolemy.moml.MoMLSimpleApplication@3854d33e
----------------- Done invoking toplevel() on ptolemy.moml.MoMLSimpleApplication@3854d33e
reloadAllAccessors: .ModalBSC
----------------- testing Thu May 10 02:40:32 UTC 2018 /home/travis/build/icyphy/ptII/ptolemy/domains/modal/test/auto/ModalClocks.xml
----------------- Instantiating /home/travis/build/icyphy/ptII/ptolemy/domains/modal/test/auto/ModalClocks.xml
47 ms. Memory: 693248K Free: 511627K (74%)
----------------- Invoking toplevel() on ptolemy.moml.MoMLSimpleApplication@651912a6
----------------- Done invoking toplevel() on ptolemy.moml.MoMLSimpleApplication@651912a6
reloadAllAccessors: .ModalClocks
----------------- testing Thu May 10 02:40:32 UTC 2018 /home/travis/build/icyphy/ptII/ptolemy/domains/modal/test/auto/ModalDelay.xml
----------------- Instantiating /home/travis/build/icyphy/ptII/ptolemy/domains/modal/test/auto/ModalDelay.xml
11 ms. Memory: 693248K Free: 492810K (71%)
----------------- Invoking toplevel() on ptolemy.moml.MoMLSimpleApplication@332039f9
----------------- Done invoking toplevel() on ptolemy.moml.MoMLSimpleApplication@332039f9
reloadAllAccessors: .ModalDelay
----------------- testing Thu May 10 02:40:32 UTC 2018 /home/travis/build/icyphy/ptII/ptolemy/domains/modal/test/auto/ModalDelay2.xml
----------------- Instantiating /home/travis/build/icyphy/ptII/ptolemy/domains/modal/test/auto/ModalDelay2.xml
15 ms. Memory: 693248K Free: 472176K (68%)
----------------- Invoking toplevel() on ptolemy.moml.MoMLSimpleApplication@50bb610f
----------------- Done invoking toplevel() on ptolemy.moml.MoMLSimpleApplication@50bb610f
reloadAllAccessors: .ModalDelay2
----------------- testing Thu May 10 02:40:32 UTC 2018 /home/travis/build/icyphy/ptII/ptolemy/domains/modal/test/auto/ModalModelFromMemo.xml
----------------- Instantiating /home/travis/build/icyphy/ptII/ptolemy/domains/modal/test/auto/ModalModelFromMemo.xml
23 ms. Memory: 693248K Free: 447080K (64%)
----------------- Invoking toplevel() on ptolemy.moml.MoMLSimpleApplication@68ef1cb3
----------------- Done invoking toplevel() on ptolemy.moml.MoMLSimpleApplication@68ef1cb3
reloadAllAccessors: .ModalModelFromMemo
----------------- testing Thu May 10 02:40:32 UTC 2018 /home/travis/build/icyphy/ptII/ptolemy/domains/modal/test/auto/ModalModelWithMultirateTransient.xml
----------------- Instantiating /home/travis/build/icyphy/ptII/ptolemy/domains/modal/test/auto/ModalModelWithMultirateTransient.xml
18 ms. Memory: 693248K Free: 426430K (62%)
----------------- Invoking toplevel() on ptolemy.moml.MoMLSimpleApplication@6c7877ea
----------------- Done invoking toplevel() on ptolemy.moml.MoMLSimpleApplication@6c7877ea
reloadAllAccessors: .ModalModelWithMultirateTransient
----------------- testing Thu May 10 02:40:32 UTC 2018 /home/travis/build/icyphy/ptII/ptolemy/domains/modal/test/auto/ModalModelWithReset.xml
----------------- Instantiating /home/travis/build/icyphy/ptII/ptolemy/domains/modal/test/auto/ModalModelWithReset.xml
19 ms. Memory: 693248K Free: 407612K (59%)
----------------- Invoking toplevel() on ptolemy.moml.MoMLSimpleApplication@3370b269
----------------- Done invoking toplevel() on ptolemy.moml.MoMLSimpleApplication@3370b269
reloadAllAccessors: .ModalModelWithReset
----------------- testing Thu May 10 02:40:32 UTC 2018 /home/travis/build/icyphy/ptII/ptolemy/domains/modal/test/auto/MouseClickFSM.xml
----------------- Instantiating /home/travis/build/icyphy/ptII/ptolemy/domains/modal/test/auto/MouseClickFSM.xml
19 ms. Memory: 693248K Free: 386970K (56%)
----------------- Invoking toplevel() on ptolemy.moml.MoMLSimpleApplication@2ab6423d
----------------- Done invoking toplevel() on ptolemy.moml.MoMLSimpleApplication@2ab6423d
reloadAllAccessors: .MouseClickFSM
----------------- testing Thu May 10 02:40:32 UTC 2018 /home/travis/build/icyphy/ptII/ptolemy/domains/modal/test/auto/MouseClickFSMModal.xml
----------------- Instantiating /home/travis/build/icyphy/ptII/ptolemy/domains/modal/test/auto/MouseClickFSMModal.xml
11 ms. Memory: 693248K Free: 368136K (53%)
----------------- Invoking toplevel() on ptolemy.moml.MoMLSimpleApplication@282683af
----------------- Done invoking toplevel() on ptolemy.moml.MoMLSimpleApplication@282683af
reloadAllAccessors: .MouseClickFSMModal
----------------- testing Thu May 10 02:40:32 UTC 2018 /home/travis/build/icyphy/ptII/ptolemy/domains/modal/test/auto/NonStrictFSM_FeedbackLoop.xml
----------------- Instantiating /home/travis/build/icyphy/ptII/ptolemy/domains/modal/test/auto/NonStrictFSM_FeedbackLoop.xml
25 ms. Memory: 693248K Free: 341240K (49%)
----------------- Invoking toplevel() on ptolemy.moml.MoMLSimpleApplication@3780b82c
----------------- Done invoking toplevel() on ptolemy.moml.MoMLSimpleApplication@3780b82c
reloadAllAccessors: .NonStrictFSM_FeedbackLoop
----------------- testing Thu May 10 02:40:33 UTC 2018 /home/travis/build/icyphy/ptII/ptolemy/domains/modal/test/auto/NonStrictFSM_FeedbackLoop_Refinement.xml
----------------- Instantiating /home/travis/build/icyphy/ptII/ptolemy/domains/modal/test/auto/NonStrictFSM_FeedbackLoop_Refinement.xml
44 ms. Memory: 693248K Free: 313030K (45%)
----------------- Invoking toplevel() on ptolemy.moml.MoMLSimpleApplication@9587c4b
----------------- Done invoking toplevel() on ptolemy.moml.MoMLSimpleApplication@9587c4b
reloadAllAccessors: .NonStrictFSM_FeedbackLoop_Refinement
----------------- testing Thu May 10 02:40:33 UTC 2018 /home/travis/build/icyphy/ptII/ptolemy/domains/modal/test/auto/NonStrictFSM_FeedbackLoop_preemptive.xml
----------------- Instantiating /home/travis/build/icyphy/ptII/ptolemy/domains/modal/test/auto/NonStrictFSM_FeedbackLoop_preemptive.xml
16 ms. Memory: 693248K Free: 284812K (41%)
----------------- Invoking toplevel() on ptolemy.moml.MoMLSimpleApplication@9a61b45
----------------- Done invoking toplevel() on ptolemy.moml.MoMLSimpleApplication@9a61b45
reloadAllAccessors: .NonStrictFSM_FeedbackLoop_preemptive
----------------- testing Thu May 10 02:40:33 UTC 2018 /home/travis/build/icyphy/ptII/ptolemy/domains/modal/test/auto/NormalTermination.xml
----------------- Instantiating /home/travis/build/icyphy/ptII/ptolemy/domains/modal/test/auto/NormalTermination.xml
13 ms. Memory: 693248K Free: 261030K (38%)
----------------- Invoking toplevel() on ptolemy.moml.MoMLSimpleApplication@556b0d10
----------------- Done invoking toplevel() on ptolemy.moml.MoMLSimpleApplication@556b0d10
reloadAllAccessors: .NormalTermination
----------------- testing Thu May 10 02:40:33 UTC 2018 /home/travis/build/icyphy/ptII/ptolemy/domains/modal/test/auto/Pong.xml
----------------- Instantiating /home/travis/build/icyphy/ptII/ptolemy/domains/modal/test/auto/Pong.xml
49 ms. Memory: 693248K Free: 235911K (34%)
----------------- Invoking toplevel() on ptolemy.moml.MoMLSimpleApplication@5751d9e3
----------------- Done invoking toplevel() on ptolemy.moml.MoMLSimpleApplication@5751d9e3
reloadAllAccessors: .Pong
[...]
2 ms. Memory: 693760K Free: 495383K (71%)
----------------- Invoking toplevel() on ptolemy.moml.MoMLSimpleApplication@50b76f5b
----------------- Done invoking toplevel() on ptolemy.moml.MoMLSimpleApplication@50b76f5b
reloadAllAccessors: .StrongImmediateTransition
----------------- testing Thu May 10 02:40:34 UTC 2018 /home/travis/build/icyphy/ptII/ptolemy/domains/modal/test/auto/SustainHierarchy.xml
----------------- Instantiating /home/travis/build/icyphy/ptII/ptolemy/domains/modal/test/auto/SustainHierarchy.xml
5 ms. Memory: 693760K Free: 479697K (69%)
----------------- Invoking toplevel() on ptolemy.moml.MoMLSimpleApplication@43485b74
----------------- Done invoking toplevel() on ptolemy.moml.MoMLSimpleApplication@43485b74
reloadAllAccessors: .SustainHierarchy
----------------- testing Thu May 10 02:40:34 UTC 2018 /home/travis/build/icyphy/ptII/ptolemy/domains/modal/test/auto/TerminationTransition1.xml
----------------- Instantiating /home/travis/build/icyphy/ptII/ptolemy/domains/modal/test/auto/TerminationTransition1.xml
2 ms. Memory: 693760K Free: 465806K (67%)
----------------- Invoking toplevel() on ptolemy.moml.MoMLSimpleApplication@16755be3
----------------- Done invoking toplevel() on ptolemy.moml.MoMLSimpleApplication@16755be3
reloadAllAccessors: .TerminationTransition1
----------------- testing Thu May 10 02:40:34 UTC 2018 /home/travis/build/icyphy/ptII/ptolemy/domains/modal/test/auto/TerminationTransition2.xml
----------------- Instantiating /home/travis/build/icyphy/ptII/ptolemy/domains/modal/test/auto/TerminationTransition2.xml
3 ms. Memory: 693760K Free: 453266K (65%)
----------------- Invoking toplevel() on ptolemy.moml.MoMLSimpleApplication@52045886
----------------- Done invoking toplevel() on ptolemy.moml.MoMLSimpleApplication@52045886
reloadAllAccessors: .TerminationTransition2
----------------- testing Thu May 10 02:40:34 UTC 2018 /home/travis/build/icyphy/ptII/ptolemy/domains/modal/test/auto/TerminationTransition3.xml
----------------- Instantiating /home/travis/build/icyphy/ptII/ptolemy/domains/modal/test/auto/TerminationTransition3.xml
2 ms. Memory: 693760K Free: 436221K (63%)
----------------- Invoking toplevel() on ptolemy.moml.MoMLSimpleApplication@7999db65
----------------- Done invoking toplevel() on ptolemy.moml.MoMLSimpleApplication@7999db65
reloadAllAccessors: .TerminationTransition3
----------------- testing Thu May 10 02:40:34 UTC 2018 /home/travis/build/icyphy/ptII/ptolemy/domains/modal/test/auto/TerminationTransition4.xml
----------------- Instantiating /home/travis/build/icyphy/ptII/ptolemy/domains/modal/test/auto/TerminationTransition4.xml
4 ms. Memory: 693760K Free: 416044K (60%)
----------------- Invoking toplevel() on ptolemy.moml.MoMLSimpleApplication@2eeb87cd
----------------- Done invoking toplevel() on ptolemy.moml.MoMLSimpleApplication@2eeb87cd
reloadAllAccessors: .TerminationTransition4
----------------- testing Thu May 10 02:40:34 UTC 2018 /home/travis/build/icyphy/ptII/ptolemy/domains/modal/test/auto/TerminationTransition5.xml
----------------- Instantiating /home/travis/build/icyphy/ptII/ptolemy/domains/modal/test/auto/TerminationTransition5.xml
2 ms. Memory: 693760K Free: 397243K (57%)
----------------- Invoking toplevel() on ptolemy.moml.MoMLSimpleApplication@70a21223
----------------- Done invoking toplevel() on ptolemy.moml.MoMLSimpleApplication@70a21223
reloadAllAccessors: .TerminationTransition5
----------------- testing Thu May 10 02:40:34 UTC 2018 /home/travis/build/icyphy/ptII/ptolemy/domains/modal/test/auto/TerminationTransition6.xml
----------------- Instantiating /home/travis/build/icyphy/ptII/ptolemy/domains/modal/test/auto/TerminationTransition6.xml
2 ms. Memory: 693760K Free: 383344K (55%)
----------------- Invoking toplevel() on ptolemy.moml.MoMLSimpleApplication@56d1f978
----------------- Done invoking toplevel() on ptolemy.moml.MoMLSimpleApplication@56d1f978
reloadAllAccessors: .TerminationTransition6
----------------- testing Thu May 10 02:40:34 UTC 2018 /home/travis/build/icyphy/ptII/ptolemy/domains/modal/test/auto/TerminationTransition7.xml
----------------- Instantiating /home/travis/build/icyphy/ptII/ptolemy/domains/modal/test/auto/TerminationTransition7.xml
4 ms. Memory: 693760K Free: 369445K (53%)
----------------- Invoking toplevel() on ptolemy.moml.MoMLSimpleApplication@48688577
----------------- Done invoking toplevel() on ptolemy.moml.MoMLSimpleApplication@48688577
reloadAllAccessors: .TerminationTransition7
----------------- testing Thu May 10 02:40:34 UTC 2018 /home/travis/build/icyphy/ptII/ptolemy/domains/modal/test/auto/TerminationTransition8.xml
----------------- Instantiating /home/travis/build/icyphy/ptII/ptolemy/domains/modal/test/auto/TerminationTransition8.xml
2 ms. Memory: 693760K Free: 356906K (51%)
----------------- Invoking toplevel() on ptolemy.moml.MoMLSimpleApplication@a93d094
----------------- Done invoking toplevel() on ptolemy.moml.MoMLSimpleApplication@a93d094
reloadAllAccessors: .TerminationTransition8
----------------- testing Thu May 10 02:40:34 UTC 2018 /home/travis/build/icyphy/ptII/ptolemy/domains/modal/test/auto/Thermostat_NoHysteresis.xml
----------------- Instantiating /home/travis/build/icyphy/ptII/ptolemy/domains/modal/test/auto/Thermostat_NoHysteresis.xml
35 ms. Memory: 693760K Free: 327304K (47%)
----------------- Invoking toplevel() on ptolemy.moml.MoMLSimpleApplication@134df384
----------------- Done invoking toplevel() on ptolemy.moml.MoMLSimpleApplication@134df384
reloadAllAccessors: .Thermostat_NoHysteresis
----------------- testing Thu May 10 02:40:34 UTC 2018 /home/travis/build/icyphy/ptII/ptolemy/domains/modal/test/auto/TimedFSM.xml
----------------- Instantiating /home/travis/build/icyphy/ptII/ptolemy/domains/modal/test/auto/TimedFSM.xml
9 ms. Memory: 693760K Free: 314781K (45%)
----------------- Invoking toplevel() on ptolemy.moml.MoMLSimpleApplication@21cd58dc
----------------- Done invoking toplevel() on ptolemy.moml.MoMLSimpleApplication@21cd58dc
reloadAllAccessors: .TimedFSM
----------------- testing Thu May 10 02:40:34 UTC 2018 /home/travis/build/icyphy/ptII/ptolemy/domains/modal/test/auto/Timeout1.xml
----------------- Instantiating /home/travis/build/icyphy/ptII/ptolemy/domains/modal/test/auto/Timeout1.xml
3 ms. Memory: 693760K Free: 304013K (44%)
----------------- Invoking toplevel() on ptolemy.moml.MoMLSimpleApplication@6b628123
----------------- Done invoking toplevel() on ptolemy.moml.MoMLSimpleApplication@6b628123
reloadAllAccessors: .Timeout1
----------------- testing Thu May 10 02:40:34 UTC 2018 /home/travis/build/icyphy/ptII/ptolemy/domains/modal/test/auto/Timeout2.xml
----------------- Instantiating /home/travis/build/icyphy/ptII/ptolemy/domains/modal/test/auto/Timeout2.xml
6 ms. Memory: 693760K Free: 293245K (42%)
----------------- Invoking toplevel() on ptolemy.moml.MoMLSimpleApplication@6429aab7
----------------- Done invoking toplevel() on ptolemy.moml.MoMLSimpleApplication@6429aab7
reloadAllAccessors: .Timeout2
----------------- testing Thu May 10 02:40:34 UTC 2018 /home/travis/build/icyphy/ptII/ptolemy/domains/modal/test/auto/Timeout3.xml
----------------- Instantiating /home/travis/build/icyphy/ptII/ptolemy/domains/modal/test/auto/Timeout3.xml
2 ms. Memory: 693760K Free: 283844K (41%)
----------------- Invoking toplevel() on ptolemy.moml.MoMLSimpleApplication@c25477a
----------------- Done invoking toplevel() on ptolemy.moml.MoMLSimpleApplication@c25477a
reloadAllAccessors: .Timeout3
----------------- testing Thu May 10 02:40:34 UTC 2018 /home/travis/build/icyphy/ptII/ptolemy/domains/modal/test/auto/Timeout4.xml
----------------- Instantiating /home/travis/build/icyphy/ptII/ptolemy/domains/modal/test/auto/Timeout4.xml
2 ms. Memory: 693760K Free: 273076K (39%)
----------------- Invoking toplevel() on ptolemy.moml.MoMLSimpleApplication@4c31649
----------------- Done invoking toplevel() on ptolemy.moml.MoMLSimpleApplication@4c31649
reloadAllAccessors: .Timeout4
----------------- testing Thu May 10 02:40:34 UTC 2018 /home/travis/build/icyphy/ptII/ptolemy/domains/modal/test/auto/TransientstateModelAdvanced.xml
----------------- Instantiating /home/travis/build/icyphy/ptII/ptolemy/domains/modal/test/auto/TransientstateModelAdvanced.xml
2 ms. Memory: 693760K Free: 256046K (37%)
----------------- Invoking toplevel() on ptolemy.moml.MoMLSimpleApplication@67baaf99
----------------- Done invoking toplevel() on ptolemy.moml.MoMLSimpleApplication@67baaf99
reloadAllAccessors: .TransientstateModelAdvanced
----------------- testing Thu May 10 02:40:34 UTC 2018 /home/travis/build/icyphy/ptII/ptolemy/domains/modal/test/auto/TransientstateModelAdvanced2.xml
----------------- Instantiating /home/travis/build/icyphy/ptII/ptolemy/domains/modal/test/auto/TransientstateModelAdvanced2.xml
3 ms. Memory: 693760K Free: 237229K (34%)
----------------- Invoking toplevel() on ptolemy.moml.MoMLSimpleApplication@12ff7647
----------------- Done invoking toplevel() on ptolemy.moml.MoMLSimpleApplication@12ff7647
reloadAllAccessors: .transientstatemodelAdvanced
----------------- testing Thu May 10 02:40:34 UTC 2018 /home/travis/build/icyphy/ptII/ptolemy/domains/modal/test/auto/TransitionRefinements.xml
----------------- Instantiating /home/travis/build/icyphy/ptII/ptolemy/domains/modal/test/auto/TransitionRefinements.xml
8 ms. Memory: 693760K Free: 223330K (32%)
----------------- Invoking toplevel() on ptolemy.moml.MoMLSimpleApplication@1902c29d
----------------- Done invoking toplevel() on ptolemy.moml.MoMLSimpleApplication@1902c29d
reloadAllAccessors: .TransitionRefinements
----------------- testing Thu May 10 02:40:34 UTC 2018 /home/travis/build/icyphy/ptII/ptolemy/domains/modal/test/auto/TwoRefinements1.xml
----------------- Instantiating /home/travis/build/icyphy/ptII/ptolemy/domains/modal/test/auto/TwoRefinements1.xml
2 ms. Memory: 693760K Free: 206285K (30%)
----------------- Invoking toplevel() on ptolemy.moml.MoMLSimpleApplication@6a0c58a3
----------------- Done invoking toplevel() on ptolemy.moml.MoMLSimpleApplication@6a0c58a3
reloadAllAccessors: .TwoRefinements1
----------------- testing Thu May 10 02:40:34 UTC 2018 /home/travis/build/icyphy/ptII/ptolemy/domains/modal/test/auto/TwoRefinements2.xml
----------------- Instantiating /home/travis/build/icyphy/ptII/ptolemy/domains/modal/test/auto/TwoRefinements2.xml
3 ms. Memory: 693760K Free: 190614K (27%)
----------------- Invoking toplevel() on ptolemy.moml.MoMLSimpleApplication@74bb1395
----------------- Done invoking toplevel() on ptolemy.moml.MoMLSimpleApplication@74bb1395
reloadAllAccessors: .TwoRefinements2
----------------- testing Thu May 10 02:40:34 UTC 2018 /home/travis/build/icyphy/ptII/ptolemy/domains/modal/test/auto/WeakImmediateTransition.xml
----------------- Instantiating /home/travis/build/icyphy/ptII/ptolemy/domains/modal/test/auto/WeakImmediateTransition.xml
3 ms. Memory: 693760K Free: 176716K (25%)
----------------- Invoking toplevel() on ptolemy.moml.MoMLSimpleApplication@7bc381a2
----------------- Done invoking toplevel() on ptolemy.moml.MoMLSimpleApplication@7bc381a2
reloadAllAccessors: .WeakImmediateTransition
----------------- testing Thu May 10 02:40:34 UTC 2018 /home/travis/build/icyphy/ptII/ptolemy/domains/modal/test/auto/booleanSelect.xml
----------------- Instantiating /home/travis/build/icyphy/ptII/ptolemy/domains/modal/test/auto/booleanSelect.xml
32 ms. Memory: 693760K Free: 153376K (22%)
----------------- Invoking toplevel() on ptolemy.moml.MoMLSimpleApplication@56e32cae
----------------- Done invoking toplevel() on ptolemy.moml.MoMLSimpleApplication@56e32cae
reloadAllAccessors: .booleanSelect
----------------- testing Thu May 10 02:40:34 UTC 2018 /home/travis/build/icyphy/ptII/ptolemy/domains/modal/test/auto/modalChangingParams.xml
----------------- Instantiating /home/travis/build/icyphy/ptII/ptolemy/domains/modal/test/auto/modalChangingParams.xml
0
1
0
2
4
6
8
7
0
2
4
6
8
13
0
2
4
6
8
19
0
2
4
6
8
25
0
2
4
6
8
31
0
2
4
6
8
37
0
2
4
6
8
43
0
2
4
6
8
49
0
2
4
6
8
55
0
2
4
6
8
61
0
2
4
6
8
67
0
2
4
6
8
73
0
2
4
6
8
79
0
2
4
6
8
85
0
2
4
6
8
91
0
2
4
6
8
97
0
2
4
6
8
103
0
2
4
6
8
109
0
2
4
6
8
115
0
2
4
6
8
121
0
2
4
6
8
127
0
2
4
6
8
133
0
2
4
6
8
139
0
2
4
6
8
145
0
2
4
6
8
151
0
2
4
6
8
157
0
2
4
6
8
163
0
2
4
6
8
169
0
2
4
6
8
175
0
2
4
6
8
181
0
2
4
6
8
187
0
2
4
6
8
193
0
2
4
6
8
199
0
2
4
6
8
205
0
2
4
6
8
211
0
2
4
6
8
217
0
2
4
6
8
223
0
2
4
6
8
229
0
2
4
6
8
235
0
2
4
6
8
241
0
2
4
6
8
247
0
2
4
6
8
253
0
2
4
6
8
259
0
2
4
6
8
265
0
2
4
6
8
271
0
2
4
6
8
277
0
2
4
6
8
283
0
2
4
6
8
289
0
2
4
6
8
295
0
2
4
6
8
301
0
2
4
6
8
307
0
2
4
6
8
313
0
2
4
6
8
319
0
2
4
6
8
325
0
2
4
6
8
331
0
2
4
6
8
337
0
2
4
6
8
343
0
2
4
6
8
349
0
2
4
6
8
355
0
2
4
6
8
361
0
2
4
6
8
367
0
2
4
6
8
373
0
2
4
6
8
379
0
2
4
6
8
385
0
2
4
6
8
391
0
2
4
6
8
397
0
2
4
6
8
403
0
2
4
6
8
409
0
2
4
6
8
415
0
2
4
6
8
421
0
2
4
6
8
427
0
2
4
6
8
433
0
2
4
6
8
439
0
2
4
6
8
445
0
2
4
6
8
451
0
2
4
6
8
457
0
2
4
6
8
463
0
2
4
6
8
469
0
2
4
6
8
475
0
2
4
6
8
481
0
2
4
6
8
487
0
2
4
6
8
493
0
2
4
6
8
499
0
2
4
6
8
505
0
2
4
6
8
511
0
2
4
6
8
517
0
2
4
6
8
523
0
2
4
6
8
529
0
2
4
6
8
535
0
2
4
6
8
541
0
2
4
6
8
547
0
2
4
6
8
553
0
2
4
6
8
559
0
2
4
6
8
565
0
2
4
6
8
571
0
2
4
6
8
577
0
2
4
6
8
583
0
2
4
6
8
589
0
2
4
6
8
595
0
2
4
6
8
601
0
2
4
6
8
607
0
2
4
6
8
613
0
2
4
6
8
619
0
2
4
6
8
625
0
2
4
6
8
631
0
2
4
6
8
637
0
2
4
6
8
643
0
2
4
6
8
649
0
2
4
6
8
655
0
2
4
6
8
661
0
2
4
6
8
667
0
2
4
6
8
673
0
2
4
6
8
679
0
2
4
6
8
685
0
2
4
6
8
691
0
2
4
6
8
697
0
2
4
6
8
703
0
2
4
6
8
709
0
2
4
6
8
715
0
2
4
6
8
721
0
2
4
6
8
727
0
2
4
6
8
733
0
2
4
6
8
739
0
2
4
6
8
745
0
2
4
6
8
751
0
2
4
6
8
757
0
2
4
6
8
763
0
2
4
6
8
769
0
2
4
6
8
775
0
2
4
6
8
781
0
2
4
6
8
787
0
2
4
6
8
793
0
2
4
6
8
799
0
2
4
6
8
805
0
2
4
6
8
811
0
2
4
6
8
817
0
2
4
6
8
823
0
2
4
6
8
829
0
2
4
6
8
835
0
2
4
6
8
841
0
2
4
6
8
847
0
2
4
6
8
853
0
2
4
6
8
859
0
2
4
6
8
865
0
2
4
6
8
871
0
2
4
6
8
877
0
2
4
6
8
883
0
2
4
6
8
889
0
2
4
6
8
895
0
2
4
6
8
901
0
2
4
6
8
907
0
2
4
6
8
913
0
2
4
6
8
919
0
2
4
6
8
925
0
2
4
6
8
931
0
2
4
6
8
937
0
2
4
6
8
943
0
2
4
6
8
949
0
2
4
6
8
955
0
2
4
6
8
961
0
2
4
6
8
967
0
2
4
6
8
973
0
2
4
6
8
979
0
2
4
6
8
985
0
2
4
6
8
991
0
2
4
6
8
997
0
2
237 ms. Memory: 834048K Free: 799999K (96%)
----------------- Invoking toplevel() on ptolemy.moml.MoMLSimpleApplication@14a00174
----------------- Done invoking toplevel() on ptolemy.moml.MoMLSimpleApplication@14a00174
reloadAllAccessors: .modalChangingParams
----------------- testing Thu May 10 02:40:35 UTC 2018 /home/travis/build/icyphy/ptII/ptolemy/domains/modal/test/auto/modalModel.xml
----------------- Instantiating /home/travis/build/icyphy/ptII/ptolemy/domains/modal/test/auto/modalModel.xml
10 ms. Memory: 834048K Free: 784983K (94%)
----------------- Invoking toplevel() on ptolemy.moml.MoMLSimpleApplication@75543b30
----------------- Done invoking toplevel() on ptolemy.moml.MoMLSimpleApplication@75543b30
reloadAllAccessors: .modalModel
----------------- testing Thu May 10 02:40:35 UTC 2018 /home/travis/build/icyphy/ptII/ptolemy/domains/modal/test/auto/modalModel2.xml
----------------- Instantiating /home/travis/build/icyphy/ptII/ptolemy/domains/modal/test/auto/modalModel2.xml
10 ms. Memory: 834048K Free: 768146K (92%)
----------------- Invoking toplevel() on ptolemy.moml.MoMLSimpleApplication@3ed82523
----------------- Done invoking toplevel() on ptolemy.moml.MoMLSimpleApplication@3ed82523
reloadAllAccessors: .modalModel2
----------------- testing Thu May 10 02:40:35 UTC 2018 /home/travis/build/icyphy/ptII/ptolemy/domains/modal/test/auto/modalModel3.xml
----------------- Instantiating /home/travis/build/icyphy/ptII/ptolemy/domains/modal/test/auto/modalModel3.xml
0	0	0
3	2	1
6	4	2
9	6	3
4	0	4
7	2	5
10	4	6
13	6	7
8	0	8
11	2	9
14	4	10
17	6	11
12	0	12
15	2	13
18	4	14
14 ms. Memory: 834048K Free: 747379K (90%)
----------------- Invoking toplevel() on ptolemy.moml.MoMLSimpleApplication@4f1f3662
----------------- Done invoking toplevel() on ptolemy.moml.MoMLSimpleApplication@4f1f3662
reloadAllAccessors: .modalModel3
----------------- testing Thu May 10 02:40:35 UTC 2018 /home/travis/build/icyphy/ptII/ptolemy/domains/modal/test/auto/model1.xml
----------------- Instantiating /home/travis/build/icyphy/ptII/ptolemy/domains/modal/test/auto/model1.xml
10 ms. Memory: 834048K Free: 739628K (89%)
----------------- Invoking toplevel() on ptolemy.moml.MoMLSimpleApplication@2545cb96
----------------- Done invoking toplevel() on ptolemy.moml.MoMLSimpleApplication@2545cb96
reloadAllAccessors: .model1
----------------- testing Thu May 10 02:40:35 UTC 2018 /home/travis/build/icyphy/ptII/ptolemy/domains/modal/test/auto/test-direct-in-out.xml
----------------- Instantiating /home/travis/build/icyphy/ptII/ptolemy/domains/modal/test/auto/test-direct-in-out.xml
4 ms. Memory: 834048K Free: 726666K (87%)
----------------- Invoking toplevel() on ptolemy.moml.MoMLSimpleApplication@3b69715d
----------------- Done invoking toplevel() on ptolemy.moml.MoMLSimpleApplication@3b69715d
reloadAllAccessors: .test-direct-in-out
AutoTests.java: About to close Vertx.
AutoTests.java: Vertx closed.
]]></system-out>
  <system-err><![CDATA[java.lang.RuntimeException: Execution failed
	at ptolemy.moml.MoMLSimpleApplication$UnloadThread.run(MoMLSimpleApplication.java:402)
Caused by: ptolemy.kernel.util.IllegalActionException: Unknown inputs remain. Possible causality loop:
L_model_1893289564i

  in .CannotAnalysisWithPreemption.model_1893289564_region_1 and .CannotAnalysisWithPreemption.model_1893289564_region_1.L_model_1893289564i
	at ptolemy.actor.sched.FixedPointDirector.postfire(FixedPointDirector.java:515)
	at ptolemy.domains.sr.kernel.SRDirector.postfire(SRDirector.java:417)
	at ptolemy.actor.CompositeActor.postfire(CompositeActor.java:1668)
	at ptolemy.actor.Manager.iterate(Manager.java:852)
	at ptolemy.actor.Manager.execute(Manager.java:369)
	at ptolemy.actor.Manager.run(Manager.java:1263)
	at ptolemy.actor.Manager$PtolemyRunThread.run(Manager.java:1915)
java.lang.reflect.InvocationTargetException
	at sun.reflect.NativeConstructorAccessorImpl.newInstance0(Native Method)
	at sun.reflect.NativeConstructorAccessorImpl.newInstance(NativeConstructorAccessorImpl.java:62)
	at sun.reflect.DelegatingConstructorAccessorImpl.newInstance(DelegatingConstructorAccessorImpl.java:45)
	at java.lang.reflect.Constructor.newInstance(Constructor.java:423)
	at ptolemy.util.test.junit.AutoKnownFailedTests.RunModel(AutoKnownFailedTests.java:107)
	at sun.reflect.NativeMethodAccessorImpl.invoke0(Native Method)
	at sun.reflect.NativeMethodAccessorImpl.invoke(NativeMethodAccessorImpl.java:62)
	at sun.reflect.DelegatingMethodAccessorImpl.invoke(DelegatingMethodAccessorImpl.java:43)
	at java.lang.reflect.Method.invoke(Method.java:498)
	at org.junit.runners.model.FrameworkMethod$1.runReflectiveCall(FrameworkMethod.java:44)
	at org.junit.internal.runners.model.ReflectiveCallable.run(ReflectiveCallable.java:15)
	at org.junit.runners.model.FrameworkMethod.invokeExplosively(FrameworkMethod.java:41)
	at junitparams.internal.InvokeParameterisedMethod.evaluate(InvokeParameterisedMethod.java:102)
	at org.junit.internal.runners.statements.FailOnTimeout$1.run(FailOnTimeout.java:28)
Caused by: ptolemy.kernel.util.IllegalActionException: Unknown inputs remain. Possible causality loop:
L_model_1893289564i

  in .CannotAnalysisWithPreemption.model_1893289564_region_1 and .CannotAnalysisWithPreemption.model_1893289564_region_1.L_model_1893289564i
	at ptolemy.actor.sched.FixedPointDirector.postfire(FixedPointDirector.java:515)
	at ptolemy.domains.sr.kernel.SRDirector.postfire(SRDirector.java:417)
	at ptolemy.actor.CompositeActor.postfire(CompositeActor.java:1668)
	at ptolemy.actor.Manager.iterate(Manager.java:852)
	at ptolemy.actor.Manager.execute(Manager.java:369)
	at ptolemy.actor.Manager.run(Manager.java:1263)
	at ptolemy.actor.Manager$PtolemyRunThread.run(Manager.java:1915)
]]></system-err>
</testsuite>
