<?xml version="1.0" encoding="UTF-8" ?>
<testsuite errors="0" failures="0" hostname="travis-job-f3b6b3dc-db57-4d42-b150-9636eed1850d" name="ptolemy.domains.sdf.test.junit.JUnitTclTest" skipped="0" tests="66" time="20.086" timestamp="2018-05-05T01:04:31">
  <properties>
[...]
</properties>
  <testcase classname="ptolemy.util.test.junit.TclTests" name="[0] /home/travis/build/icyphy/ptII/ptolemy/domains/sdf/test/SDFSchedulerErrors.tcl (RunTclFile)" time="0.624" />
  <testcase classname="ptolemy.util.test.junit.TclTests" name="[1] /home/travis/build/icyphy/ptII/ptolemy/domains/sdf/test/composition.tcl (RunTclFile)" time="0.142" />
  <testcase classname="ptolemy.util.test.junit.TclTests" name="[2] /home/travis/build/icyphy/ptII/ptolemy/domains/sdf/test/cycle.tcl (RunTclFile)" time="0.052" />
  <testcase classname="ptolemy.util.test.junit.AutoKnownFailedTests" name="[0] ThereAreNoKnowFailedTests (RunModel)" time="0.004" />
  <testcase classname="ptolemy.util.test.junit.AutoNameArchTests" name="[0] ThereAreNoAutoTests (RunModel)" time="0.003" />
  <testcase classname="ptolemy.util.test.junit.AutoTests" name="[0] /home/travis/build/icyphy/ptII/ptolemy/domains/sdf/test/auto/Array.xml (RunModel)" time="0.177" />
  <testcase classname="ptolemy.util.test.junit.AutoTests" name="[1] /home/travis/build/icyphy/ptII/ptolemy/domains/sdf/test/auto/Butterfly.xml (RunModel)" time="0.115" />
  <testcase classname="ptolemy.util.test.junit.AutoTests" name="[2] /home/travis/build/icyphy/ptII/ptolemy/domains/sdf/test/auto/Expression.xml (RunModel)" time="0.063" />
  <testcase classname="ptolemy.util.test.junit.AutoTests" name="[3] /home/travis/build/icyphy/ptII/ptolemy/domains/sdf/test/auto/Eye.xml (RunModel)" time="0.381" />
  <testcase classname="ptolemy.util.test.junit.AutoTests" name="[4] /home/travis/build/icyphy/ptII/ptolemy/domains/sdf/test/auto/FixFIR.xml (RunModel)" time="0.421" />
  <testcase classname="ptolemy.util.test.junit.AutoTests" name="[5] /home/travis/build/icyphy/ptII/ptolemy/domains/sdf/test/auto/FixPoint.xml (RunModel)" time="0.062" />
  <testcase classname="ptolemy.util.test.junit.AutoTests" name="[6] /home/travis/build/icyphy/ptII/ptolemy/domains/sdf/test/auto/Gravitation.xml (RunModel)" time="3.334" />
  <testcase classname="ptolemy.util.test.junit.AutoTests" name="[7] /home/travis/build/icyphy/ptII/ptolemy/domains/sdf/test/auto/GravitationWithCollisionDetection.xml (RunModel)" time="6.172" />
  <testcase classname="ptolemy.util.test.junit.AutoTests" name="[8] /home/travis/build/icyphy/ptII/ptolemy/domains/sdf/test/auto/HDF.xml (RunModel)" time="0.086" />
  <testcase classname="ptolemy.util.test.junit.AutoTests" name="[9] /home/travis/build/icyphy/ptII/ptolemy/domains/sdf/test/auto/HDFwithTransientStates.xml (RunModel)" time="0.079" />
  <testcase classname="ptolemy.util.test.junit.AutoTests" name="[10] /home/travis/build/icyphy/ptII/ptolemy/domains/sdf/test/auto/HTVQ.xml (RunModel)" time="0.801" />
  <testcase classname="ptolemy.util.test.junit.AutoTests" name="[11] /home/travis/build/icyphy/ptII/ptolemy/domains/sdf/test/auto/InferInitProduction.xml (RunModel)" time="0.035" />
  <testcase classname="ptolemy.util.test.junit.AutoTests" name="[12] /home/travis/build/icyphy/ptII/ptolemy/domains/sdf/test/auto/InferInitProductionDeeper.xml (RunModel)" time="0.028" />
  <testcase classname="ptolemy.util.test.junit.AutoTests" name="[13] /home/travis/build/icyphy/ptII/ptolemy/domains/sdf/test/auto/LMSAdaptive.xml (RunModel)" time="0.08" />
  <testcase classname="ptolemy.util.test.junit.AutoTests" name="[14] /home/travis/build/icyphy/ptII/ptolemy/domains/sdf/test/auto/LogisticMap.xml (RunModel)" time="0.467" />
  <testcase classname="ptolemy.util.test.junit.AutoTests" name="[15] /home/travis/build/icyphy/ptII/ptolemy/domains/sdf/test/auto/MaximumEntropySpectrum.xml (RunModel)" time="0.287" />
  <testcase classname="ptolemy.util.test.junit.AutoTests" name="[16] /home/travis/build/icyphy/ptII/ptolemy/domains/sdf/test/auto/MultirateSDF.xml (RunModel)" time="0.066" />
  <testcase classname="ptolemy.util.test.junit.AutoTests" name="[17] /home/travis/build/icyphy/ptII/ptolemy/domains/sdf/test/auto/MultirateSDFwithTransientStates.xml (RunModel)" time="0.09" />
  <testcase classname="ptolemy.util.test.junit.AutoTests" name="[18] /home/travis/build/icyphy/ptII/ptolemy/domains/sdf/test/auto/NoisySinewave.xml (RunModel)" time="0.071" />
  <testcase classname="ptolemy.util.test.junit.AutoTests" name="[19] /home/travis/build/icyphy/ptII/ptolemy/domains/sdf/test/auto/Objects.xml (RunModel)" time="0.054" />
  <testcase classname="ptolemy.util.test.junit.AutoTests" name="[20] /home/travis/build/icyphy/ptII/ptolemy/domains/sdf/test/auto/OrthogonalCom.xml (RunModel)" time="0.038" />
  <testcase classname="ptolemy.util.test.junit.AutoTests" name="[21] /home/travis/build/icyphy/ptII/ptolemy/domains/sdf/test/auto/RijndaelEncryption.xml (RunModel)" time="0.543" />
  <testcase classname="ptolemy.util.test.junit.AutoTests" name="[22] /home/travis/build/icyphy/ptII/ptolemy/domains/sdf/test/auto/SDFEmptyIterations.xml (RunModel)" time="0.023" />
  <testcase classname="ptolemy.util.test.junit.AutoTests" name="[23] /home/travis/build/icyphy/ptII/ptolemy/domains/sdf/test/auto/Spectrum.xml (RunModel)" time="0.107" />
  <testcase classname="ptolemy.util.test.junit.AutoTests" name="[24] /home/travis/build/icyphy/ptII/ptolemy/domains/sdf/test/auto/de_inside_sdf.xml (RunModel)" time="0.029" />
  <testcase classname="ptolemy.util.test.junit.AutoTests" name="[25] /home/travis/build/icyphy/ptII/ptolemy/domains/sdf/test/auto/disconnectedHierarchicalSDF.xml (RunModel)" time="0.028" />
  <testcase classname="ptolemy.util.test.junit.AutoTests" name="[26] /home/travis/build/icyphy/ptII/ptolemy/domains/sdf/test/auto/disconnectedSDF.xml (RunModel)" time="0.022" />
  <testcase classname="ptolemy.util.test.junit.AutoTests" name="[27] /home/travis/build/icyphy/ptII/ptolemy/domains/sdf/test/auto/emptyRefinement.xml (RunModel)" time="0.019" />
  <testcase classname="ptolemy.util.test.junit.AutoTests" name="[28] /home/travis/build/icyphy/ptII/ptolemy/domains/sdf/test/auto/filePortParameter.xml (RunModel)" time="0.044" />
  <testcase classname="ptolemy.util.test.junit.AutoTests" name="[29] /home/travis/build/icyphy/ptII/ptolemy/domains/sdf/test/auto/inferRelationWidth1.xml (RunModel)" time="0.015" />
  <testcase classname="ptolemy.util.test.junit.AutoTests" name="[30] /home/travis/build/icyphy/ptII/ptolemy/domains/sdf/test/auto/initProductionInference.xml (RunModel)" time="0.023" />
  <testcase classname="ptolemy.util.test.junit.AutoTests" name="[31] /home/travis/build/icyphy/ptII/ptolemy/domains/sdf/test/auto/relationGroup.xml (RunModel)" time="0.017" />
  <testcase classname="ptolemy.util.test.junit.AutoTests" name="[32] /home/travis/build/icyphy/ptII/ptolemy/domains/sdf/test/auto/relationGroup10.xml (RunModel)" time="0.016" />
  <testcase classname="ptolemy.util.test.junit.AutoTests" name="[33] /home/travis/build/icyphy/ptII/ptolemy/domains/sdf/test/auto/relationGroup11.xml (RunModel)" time="0.022" />
  <testcase classname="ptolemy.util.test.junit.AutoTests" name="[34] /home/travis/build/icyphy/ptII/ptolemy/domains/sdf/test/auto/relationGroup12.xml (RunModel)" time="0.013" />
  <testcase classname="ptolemy.util.test.junit.AutoTests" name="[35] /home/travis/build/icyphy/ptII/ptolemy/domains/sdf/test/auto/relationGroup13.xml (RunModel)" time="0.025" />
  <testcase classname="ptolemy.util.test.junit.AutoTests" name="[36] /home/travis/build/icyphy/ptII/ptolemy/domains/sdf/test/auto/relationGroup14.xml (RunModel)" time="0.241" />
  <testcase classname="ptolemy.util.test.junit.AutoTests" name="[37] /home/travis/build/icyphy/ptII/ptolemy/domains/sdf/test/auto/relationGroup15.xml (RunModel)" time="0.013" />
  <testcase classname="ptolemy.util.test.junit.AutoTests" name="[38] /home/travis/build/icyphy/ptII/ptolemy/domains/sdf/test/auto/relationGroup2.xml (RunModel)" time="0.01" />
  <testcase classname="ptolemy.util.test.junit.AutoTests" name="[39] /home/travis/build/icyphy/ptII/ptolemy/domains/sdf/test/auto/relationGroup3.xml (RunModel)" time="0.014" />
  <testcase classname="ptolemy.util.test.junit.AutoTests" name="[40] /home/travis/build/icyphy/ptII/ptolemy/domains/sdf/test/auto/relationGroup4.xml (RunModel)" time="0.015" />
  <testcase classname="ptolemy.util.test.junit.AutoTests" name="[41] /home/travis/build/icyphy/ptII/ptolemy/domains/sdf/test/auto/relationGroup5.xml (RunModel)" time="0.028" />
  <testcase classname="ptolemy.util.test.junit.AutoTests" name="[42] /home/travis/build/icyphy/ptII/ptolemy/domains/sdf/test/auto/relationGroup6.xml (RunModel)" time="0.021" />
  <testcase classname="ptolemy.util.test.junit.AutoTests" name="[43] /home/travis/build/icyphy/ptII/ptolemy/domains/sdf/test/auto/relationGroup7.xml (RunModel)" time="0.011" />
  <testcase classname="ptolemy.util.test.junit.AutoTests" name="[44] /home/travis/build/icyphy/ptII/ptolemy/domains/sdf/test/auto/relationGroup8.xml (RunModel)" time="0.018" />
  <testcase classname="ptolemy.util.test.junit.AutoTests" name="[45] /home/travis/build/icyphy/ptII/ptolemy/domains/sdf/test/auto/relationGroup9.xml (RunModel)" time="0.017" />
  <testcase classname="ptolemy.util.test.junit.AutoTests" name="[46] /home/travis/build/icyphy/ptII/ptolemy/domains/sdf/test/auto/sdf_inside_de.xml (RunModel)" time="0.048" />
  <testcase classname="ptolemy.util.test.junit.AutoTests" name="[47] /home/travis/build/icyphy/ptII/ptolemy/domains/sdf/test/auto/sdf_inside_pn.xml (RunModel)" time="0.067" />
  <testcase classname="ptolemy.util.test.junit.AutoTests" name="[48] /home/travis/build/icyphy/ptII/ptolemy/domains/sdf/test/auto/sdf_sdf1.xml (RunModel)" time="0.029" />
  <testcase classname="ptolemy.util.test.junit.AutoTests" name="[49] /home/travis/build/icyphy/ptII/ptolemy/domains/sdf/test/auto/test1.xml (RunModel)" time="0.016" />
  <testcase classname="ptolemy.util.test.junit.AutoTests" name="[50] /home/travis/build/icyphy/ptII/ptolemy/domains/sdf/test/auto/time1.xml (RunModel)" time="0.009" />
  <testcase classname="ptolemy.util.test.junit.AutoTests" name="[51] /home/travis/build/icyphy/ptII/ptolemy/domains/sdf/test/auto/time2.xml (RunModel)" time="0.01" />
  <testcase classname="ptolemy.util.test.junit.AutoTests" name="[52] /home/travis/build/icyphy/ptII/ptolemy/domains/sdf/test/auto/time3.xml (RunModel)" time="0.021" />
  <testcase classname="ptolemy.util.test.junit.AutoTests" name="[53] /home/travis/build/icyphy/ptII/ptolemy/domains/sdf/test/auto/time4.xml (RunModel)" time="0.019" />
  <testcase classname="ptolemy.util.test.junit.AutoTests" name="[54] /home/travis/build/icyphy/ptII/ptolemy/domains/sdf/test/auto/time5.xml (RunModel)" time="4.01" />
  <testcase classname="ptolemy.util.test.junit.AutoTests" name="[55] /home/travis/build/icyphy/ptII/ptolemy/domains/sdf/test/auto/typeSystem_Const_Integer_smallest_Type.xml (RunModel)" time="0.026" />
  <testcase classname="ptolemy.util.test.junit.AutoTests" name="[56] /home/travis/build/icyphy/ptII/ptolemy/domains/sdf/test/auto/typeSystem_declared_Inports_OutportTypeException.xml (RunModel)" time="0.028" />
  <testcase classname="ptolemy.util.test.junit.AutoTests" name="[57] /home/travis/build/icyphy/ptII/ptolemy/domains/sdf/test/auto/typeSystem_oneDeclaredInportType_wrongTypeOutport.xml (RunModel)" time="0.031" />
  <testcase classname="ptolemy.util.test.junit.AutoTests" name="[58] /home/travis/build/icyphy/ptII/ptolemy/domains/sdf/test/auto/width.xml (RunModel)" time="0.017" />
  <testcase classname="ptolemy.util.test.junit.AutoTests" name="[59] /home/travis/build/icyphy/ptII/ptolemy/domains/sdf/test/auto/width2.xml (RunModel)" time="0.051" />
  <testcase classname="ptolemy.util.test.junit.AutoTests" name="[60] /home/travis/build/icyphy/ptII/ptolemy/domains/sdf/test/auto/width3.xml (RunModel)" time="0.038" />
  <system-out><![CDATA[/home/travis/build/icyphy/ptII/ptolemy/domains/sdf/test/SDFSchedulerErrors.tcl
testDefs.tcl: setting time out to 9000 seconds at Sat May 05 01:04:31 UTC 2018
17 ms. Memory: 116224K Free: 106881K (92%)
5 ms. Memory: 116224K Free: 99873K (86%)
5 ms. Memory: 116224K Free: 92913K (80%)
7 ms. Memory: 116224K Free: 89884K (77%)
/home/travis/build/icyphy/ptII/ptolemy/domains/sdf/test/composition.tcl
27 ms. Memory: 116224K Free: 85678K (74%)
7 ms. Memory: 116224K Free: 83894K (72%)
/home/travis/build/icyphy/ptII/ptolemy/domains/sdf/test/cycle.tcl
.Toplevel.Director Preinitializing ...
Invoking preinitialize():  .Toplevel.Actor1
Invoking preinitialize():  .Toplevel.Actor2
Invoking preinitialize():  .Toplevel.Delay
.Toplevel.Director Finished preinitialize().
### Schedule:
Execute Schedule{
Fire Actor ptolemy.domains.sdf.kernel.test.SDFTestDelay {.Toplevel.Actor1}
Fire Actor ptolemy.domains.sdf.kernel.test.SDFTestDelay {.Toplevel.Actor2}
Fire Actor ptolemy.domains.sdf.lib.SampleDelay {.Toplevel.Delay}
}
### End schedule
Called initialize().
Invoking initialize():  .Toplevel.Actor1
Initializing actor: .Toplevel.Actor1.
Invoking initialize():  .Toplevel.Actor2
Initializing actor: .Toplevel.Actor2.
Invoking initialize():  .Toplevel.Delay
Initializing actor: .Toplevel.Delay.
Director: Called prefire().
-- Setting current time to 0.0
Director prefire returns true.
The actor .Toplevel.Actor1 will be iterated.
The actor .Toplevel.Actor1 was iterated.
The actor .Toplevel.Actor2 will be iterated.
The actor .Toplevel.Actor2 was iterated.
The actor .Toplevel.Delay will be iterated.
The actor .Toplevel.Delay was iterated.
Director: Called postfire().
Postfire returns: true
Director: Called prefire().
-- Setting current time to 0.0
Director prefire returns true.
The actor .Toplevel.Actor1 will be iterated.
The actor .Toplevel.Actor1 was iterated.
The actor .Toplevel.Actor2 will be iterated.
The actor .Toplevel.Actor2 was iterated.
The actor .Toplevel.Delay will be iterated.
The actor .Toplevel.Delay was iterated.
Director: Called postfire().
Postfire returns: true
Director: Called prefire().
-- Setting current time to 0.0
Director prefire returns true.
The actor .Toplevel.Actor1 will be iterated.
The actor .Toplevel.Actor1 was iterated.
The actor .Toplevel.Actor2 will be iterated.
The actor .Toplevel.Actor2 was iterated.
The actor .Toplevel.Delay will be iterated.
The actor .Toplevel.Delay was iterated.
Director: Called postfire().
Postfire returns: true
Director: Called prefire().
-- Setting current time to 0.0
Director prefire returns true.
The actor .Toplevel.Actor1 will be iterated.
The actor .Toplevel.Actor1 was iterated.
The actor .Toplevel.Actor2 will be iterated.
The actor .Toplevel.Actor2 was iterated.
The actor .Toplevel.Delay will be iterated.
The actor .Toplevel.Delay was iterated.
Director: Called postfire().
Postfire returns: true
Director: Called prefire().
-- Setting current time to 0.0
Director prefire returns true.
The actor .Toplevel.Actor1 will be iterated.
The actor .Toplevel.Actor1 was iterated.
The actor .Toplevel.Actor2 will be iterated.
The actor .Toplevel.Actor2 was iterated.
The actor .Toplevel.Delay will be iterated.
The actor .Toplevel.Delay was iterated.
Director: Called postfire().
Postfire returns: true
Director: Called prefire().
-- Setting current time to 0.0
Director prefire returns true.
The actor .Toplevel.Actor1 will be iterated.
The actor .Toplevel.Actor1 was iterated.
The actor .Toplevel.Actor2 will be iterated.
The actor .Toplevel.Actor2 was iterated.
The actor .Toplevel.Delay will be iterated.
The actor .Toplevel.Delay was iterated.
Reached specified number of iterations: 6
Director: Called wrapup().
17 ms. Memory: 116224K Free: 81473K (70%)
05/05/18 01:04:32
Failed: 0  Total Tests: 8  ((Passed: 8, Newly Passed: 0)  Known Failed: 0) /home/travis/build/icyphy/ptII/ptolemy/domains/sdf/test
No auto/knownFailedTests/*.xml tests in /home/travis/build/icyphy/ptII/ptolemy/domains/sdf/test
No auto/*.xml tests in /home/travis/build/icyphy/ptII/ptolemy/domains/sdf/test
AutoTests.java: About to close Vertx.
AutoTests.java: Vertx closed.
----------------- testing Sat May 05 01:04:32 UTC 2018 /home/travis/build/icyphy/ptII/ptolemy/domains/sdf/test/auto/Array.xml
----------------- Instantiating /home/travis/build/icyphy/ptII/ptolemy/domains/sdf/test/auto/Array.xml
42 ms. Memory: 116224K Free: 102833K (88%)
----------------- Invoking toplevel() on ptolemy.moml.MoMLSimpleApplication@6333e945
----------------- Done invoking toplevel() on ptolemy.moml.MoMLSimpleApplication@6333e945
reloadAllAccessors: .Array
----------------- testing Sat May 05 01:04:32 UTC 2018 /home/travis/build/icyphy/ptII/ptolemy/domains/sdf/test/auto/Butterfly.xml
----------------- Instantiating /home/travis/build/icyphy/ptII/ptolemy/domains/sdf/test/auto/Butterfly.xml
58 ms. Memory: 116224K Free: 96611K (83%)
----------------- Invoking toplevel() on ptolemy.moml.MoMLSimpleApplication@2abe1458
----------------- Done invoking toplevel() on ptolemy.moml.MoMLSimpleApplication@2abe1458
reloadAllAccessors: .Butterfly
----------------- testing Sat May 05 01:04:33 UTC 2018 /home/travis/build/icyphy/ptII/ptolemy/domains/sdf/test/auto/Expression.xml
----------------- Instantiating /home/travis/build/icyphy/ptII/ptolemy/domains/sdf/test/auto/Expression.xml
44 ms. Memory: 116224K Free: 91339K (79%)
----------------- Invoking toplevel() on ptolemy.moml.MoMLSimpleApplication@4d0b05e4
----------------- Done invoking toplevel() on ptolemy.moml.MoMLSimpleApplication@4d0b05e4
reloadAllAccessors: .Expression
----------------- testing Sat May 05 01:04:33 UTC 2018 /home/travis/build/icyphy/ptII/ptolemy/domains/sdf/test/auto/Eye.xml
----------------- Instantiating /home/travis/build/icyphy/ptII/ptolemy/domains/sdf/test/auto/Eye.xml
300 ms. Memory: 146944K Free: 126376K (86%)
----------------- Invoking toplevel() on ptolemy.moml.MoMLSimpleApplication@121860e7
----------------- Done invoking toplevel() on ptolemy.moml.MoMLSimpleApplication@121860e7
reloadAllAccessors: .Eye
----------------- testing Sat May 05 01:04:33 UTC 2018 /home/travis/build/icyphy/ptII/ptolemy/domains/sdf/test/auto/FixFIR.xml
----------------- Instantiating /home/travis/build/icyphy/ptII/ptolemy/domains/sdf/test/auto/FixFIR.xml
193 ms. Memory: 146944K Free: 88060K (60%)
----------------- Invoking toplevel() on ptolemy.moml.MoMLSimpleApplication@76ecfe
----------------- Done invoking toplevel() on ptolemy.moml.MoMLSimpleApplication@76ecfe
reloadAllAccessors: .FixFIR
----------------- testing Sat May 05 01:04:33 UTC 2018 /home/travis/build/icyphy/ptII/ptolemy/domains/sdf/test/auto/FixPoint.xml
----------------- Instantiating /home/travis/build/icyphy/ptII/ptolemy/domains/sdf/test/auto/FixPoint.xml
34 ms. Memory: 146944K Free: 83622K (57%)
----------------- Invoking toplevel() on ptolemy.moml.MoMLSimpleApplication@538f765e
----------------- Done invoking toplevel() on ptolemy.moml.MoMLSimpleApplication@538f765e
reloadAllAccessors: .FixPoint
----------------- testing Sat May 05 01:04:33 UTC 2018 /home/travis/build/icyphy/ptII/ptolemy/domains/sdf/test/auto/Gravitation.xml
----------------- Instantiating /home/travis/build/icyphy/ptII/ptolemy/domains/sdf/test/auto/Gravitation.xml
3191 ms. Memory: 209920K Free: 178331K (85%)
----------------- Invoking toplevel() on ptolemy.moml.MoMLSimpleApplication@b77a4e2
----------------- Done invoking toplevel() on ptolemy.moml.MoMLSimpleApplication@b77a4e2
reloadAllAccessors: .Gravitation
----------------- testing Sat May 05 01:04:37 UTC 2018 /home/travis/build/icyphy/ptII/ptolemy/domains/sdf/test/auto/GravitationWithCollisionDetection.xml
----------------- Instantiating /home/travis/build/icyphy/ptII/ptolemy/domains/sdf/test/auto/GravitationWithCollisionDetection.xml
6043 ms. Memory: 676352K Free: 622615K (92%)
----------------- Invoking toplevel() on ptolemy.moml.MoMLSimpleApplication@5c1282c9
----------------- Done invoking toplevel() on ptolemy.moml.MoMLSimpleApplication@5c1282c9
reloadAllAccessors: .GravitationWithCollisionDetection
----------------- testing Sat May 05 01:04:43 UTC 2018 /home/travis/build/icyphy/ptII/ptolemy/domains/sdf/test/auto/HDF.xml
----------------- Instantiating /home/travis/build/icyphy/ptII/ptolemy/domains/sdf/test/auto/HDF.xml
33 ms. Memory: 676352K Free: 598755K (89%)
----------------- Invoking toplevel() on ptolemy.moml.MoMLSimpleApplication@6bcbd696
----------------- Done invoking toplevel() on ptolemy.moml.MoMLSimpleApplication@6bcbd696
reloadAllAccessors: .HDF
----------------- testing Sat May 05 01:04:43 UTC 2018 /home/travis/build/icyphy/ptII/ptolemy/domains/sdf/test/auto/HDFwithTransientStates.xml
----------------- Instantiating /home/travis/build/icyphy/ptII/ptolemy/domains/sdf/test/auto/HDFwithTransientStates.xml
32 ms. Memory: 676352K Free: 574751K (85%)
----------------- Invoking toplevel() on ptolemy.moml.MoMLSimpleApplication@508ce016
----------------- Done invoking toplevel() on ptolemy.moml.MoMLSimpleApplication@508ce016
reloadAllAccessors: .HDFwithTransientStates
----------------- testing Sat May 05 01:04:43 UTC 2018 /home/travis/build/icyphy/ptII/ptolemy/domains/sdf/test/auto/HTVQ.xml
----------------- Instantiating /home/travis/build/icyphy/ptII/ptolemy/domains/sdf/test/auto/HTVQ.xml
752 ms. Memory: 676352K Free: 407951K (60%)
----------------- Invoking toplevel() on ptolemy.moml.MoMLSimpleApplication@3e43bc87
----------------- Done invoking toplevel() on ptolemy.moml.MoMLSimpleApplication@3e43bc87
reloadAllAccessors: .HTVQ
----------------- testing Sat May 05 01:04:44 UTC 2018 /home/travis/build/icyphy/ptII/ptolemy/domains/sdf/test/auto/InferInitProduction.xml
----------------- Instantiating /home/travis/build/icyphy/ptII/ptolemy/domains/sdf/test/auto/InferInitProduction.xml
7 ms. Memory: 676352K Free: 396052K (59%)
----------------- Invoking toplevel() on ptolemy.moml.MoMLSimpleApplication@262b1430
----------------- Done invoking toplevel() on ptolemy.moml.MoMLSimpleApplication@262b1430
reloadAllAccessors: .InferInitProduction
----------------- testing Sat May 05 01:04:44 UTC 2018 /home/travis/build/icyphy/ptII/ptolemy/domains/sdf/test/auto/InferInitProductionDeeper.xml
----------------- Instantiating /home/travis/build/icyphy/ptII/ptolemy/domains/sdf/test/auto/InferInitProductionDeeper.xml
8 ms. Memory: 676352K Free: 384153K (57%)
----------------- Invoking toplevel() on ptolemy.moml.MoMLSimpleApplication@69e20f8b
----------------- Done invoking toplevel() on ptolemy.moml.MoMLSimpleApplication@69e20f8b
reloadAllAccessors: .InferInitProductionDeeper
----------------- testing Sat May 05 01:04:44 UTC 2018 /home/travis/build/icyphy/ptII/ptolemy/domains/sdf/test/auto/LMSAdaptive.xml
----------------- Instantiating /home/travis/build/icyphy/ptII/ptolemy/domains/sdf/test/auto/LMSAdaptive.xml
14 ms. Memory: 676352K Free: 366304K (54%)
----------------- Invoking toplevel() on ptolemy.moml.MoMLSimpleApplication@4270605b
----------------- Done invoking toplevel() on ptolemy.moml.MoMLSimpleApplication@4270605b
reloadAllAccessors: .LMSAdaptive
----------------- testing Sat May 05 01:04:44 UTC 2018 /home/travis/build/icyphy/ptII/ptolemy/domains/sdf/test/auto/LogisticMap.xml
----------------- Instantiating /home/travis/build/icyphy/ptII/ptolemy/domains/sdf/test/auto/LogisticMap.xml
436 ms. Memory: 676352K Free: 354405K (52%)
----------------- Invoking toplevel() on ptolemy.moml.MoMLSimpleApplication@258e7f01
----------------- Done invoking toplevel() on ptolemy.moml.MoMLSimpleApplication@258e7f01
reloadAllAccessors: .LogisticMap
----------------- testing Sat May 05 01:04:45 UTC 2018 /home/travis/build/icyphy/ptII/ptolemy/domains/sdf/test/auto/MaximumEntropySpectrum.xml
----------------- Instantiating /home/travis/build/icyphy/ptII/ptolemy/domains/sdf/test/auto/MaximumEntropySpectrum.xml
82 ms. Memory: 676352K Free: 282948K (42%)
----------------- Invoking toplevel() on ptolemy.moml.MoMLSimpleApplication@2c09ebf4
----------------- Done invoking toplevel() on ptolemy.moml.MoMLSimpleApplication@2c09ebf4
reloadAllAccessors: .MaximumEntropySpectrum
----------------- testing Sat May 05 01:04:45 UTC 2018 /home/travis/build/icyphy/ptII/ptolemy/domains/sdf/test/auto/MultirateSDF.xml
----------------- Instantiating /home/travis/build/icyphy/ptII/ptolemy/domains/sdf/test/auto/MultirateSDF.xml
20 ms. Memory: 676352K Free: 262297K (39%)
----------------- Invoking toplevel() on ptolemy.moml.MoMLSimpleApplication@20f0ff92
----------------- Done invoking toplevel() on ptolemy.moml.MoMLSimpleApplication@20f0ff92
reloadAllAccessors: .MultirateSDF
----------------- testing Sat May 05 01:04:45 UTC 2018 /home/travis/build/icyphy/ptII/ptolemy/domains/sdf/test/auto/MultirateSDFwithTransientStates.xml
----------------- Instantiating /home/travis/build/icyphy/ptII/ptolemy/domains/sdf/test/auto/MultirateSDFwithTransientStates.xml
21 ms. Memory: 676352K Free: 238499K (35%)
----------------- Invoking toplevel() on ptolemy.moml.MoMLSimpleApplication@4c373afc
----------------- Done invoking toplevel() on ptolemy.moml.MoMLSimpleApplication@4c373afc
reloadAllAccessors: .MultirateSDFwithTransientStates
----------------- testing Sat May 05 01:04:45 UTC 2018 /home/travis/build/icyphy/ptII/ptolemy/domains/sdf/test/auto/NoisySinewave.xml
----------------- Instantiating /home/travis/build/icyphy/ptII/ptolemy/domains/sdf/test/auto/NoisySinewave.xml
16 ms. Memory: 676352K Free: 214677K (32%)
----------------- Invoking toplevel() on ptolemy.moml.MoMLSimpleApplication@59722514
----------------- Done invoking toplevel() on ptolemy.moml.MoMLSimpleApplication@59722514
reloadAllAccessors: .NoisySinewave
----------------- testing Sat May 05 01:04:45 UTC 2018 /home/travis/build/icyphy/ptII/ptolemy/domains/sdf/test/auto/Objects.xml
----------------- Instantiating /home/travis/build/icyphy/ptII/ptolemy/domains/sdf/test/auto/Objects.xml
4 ms. Memory: 676352K Free: 196821K (29%)
----------------- Invoking toplevel() on ptolemy.moml.MoMLSimpleApplication@54dd0de9
----------------- Done invoking toplevel() on ptolemy.moml.MoMLSimpleApplication@54dd0de9
reloadAllAccessors: .Objects
----------------- testing Sat May 05 01:04:45 UTC 2018 /home/travis/build/icyphy/ptII/ptolemy/domains/sdf/test/auto/OrthogonalCom.xml
----------------- Instantiating /home/travis/build/icyphy/ptII/ptolemy/domains/sdf/test/auto/OrthogonalCom.xml
5 ms. Memory: 676352K Free: 178956K (26%)
----------------- Invoking toplevel() on ptolemy.moml.MoMLSimpleApplication@3a7e7efe
----------------- Done invoking toplevel() on ptolemy.moml.MoMLSimpleApplication@3a7e7efe
reloadAllAccessors: .OrthogonalCom
----------------- testing Sat May 05 01:04:45 UTC 2018 /home/travis/build/icyphy/ptII/ptolemy/domains/sdf/test/auto/RijndaelEncryption.xml
----------------- Instantiating /home/travis/build/icyphy/ptII/ptolemy/domains/sdf/test/auto/RijndaelEncryption.xml
248 ms. Memory: 650752K Free: 585738K (90%)
----------------- Invoking toplevel() on ptolemy.moml.MoMLSimpleApplication@56849fbf
----------------- Done invoking toplevel() on ptolemy.moml.MoMLSimpleApplication@56849fbf
reloadAllAccessors: .RijndaelEncryption
----------------- testing Sat May 05 01:04:46 UTC 2018 /home/travis/build/icyphy/ptII/ptolemy/domains/sdf/test/auto/SDFEmptyIterations.xml
----------------- Instantiating /home/travis/build/icyphy/ptII/ptolemy/domains/sdf/test/auto/SDFEmptyIterations.xml
6 ms. Memory: 650752K Free: 572659K (88%)
----------------- Invoking toplevel() on ptolemy.moml.MoMLSimpleApplication@36d0f7ba
----------------- Done invoking toplevel() on ptolemy.moml.MoMLSimpleApplication@36d0f7ba
reloadAllAccessors: .SDFEmptyIterations
----------------- testing Sat May 05 01:04:46 UTC 2018 /home/travis/build/icyphy/ptII/ptolemy/domains/sdf/test/auto/Spectrum.xml
----------------- Instantiating /home/travis/build/icyphy/ptII/ptolemy/domains/sdf/test/auto/Spectrum.xml
38 ms. Memory: 650752K Free: 544256K (84%)
----------------- Invoking toplevel() on ptolemy.moml.MoMLSimpleApplication@31f21677
----------------- Done invoking toplevel() on ptolemy.moml.MoMLSimpleApplication@31f21677
reloadAllAccessors: .Spectrum
----------------- testing Sat May 05 01:04:46 UTC 2018 /home/travis/build/icyphy/ptII/ptolemy/domains/sdf/test/auto/de_inside_sdf.xml
----------------- Instantiating /home/travis/build/icyphy/ptII/ptolemy/domains/sdf/test/auto/de_inside_sdf.xml
14 ms. Memory: 650752K Free: 532920K (82%)
----------------- Invoking toplevel() on ptolemy.moml.MoMLSimpleApplication@37db6efc
----------------- Done invoking toplevel() on ptolemy.moml.MoMLSimpleApplication@37db6efc
reloadAllAccessors: .de_inside_sdf
----------------- testing Sat May 05 01:04:46 UTC 2018 /home/travis/build/icyphy/ptII/ptolemy/domains/sdf/test/auto/disconnectedHierarchicalSDF.xml
----------------- Instantiating /home/travis/build/icyphy/ptII/ptolemy/domains/sdf/test/auto/disconnectedHierarchicalSDF.xml
6 ms. Memory: 650752K Free: 521584K (80%)
----------------- Invoking toplevel() on ptolemy.moml.MoMLSimpleApplication@33c97214
----------------- Done invoking toplevel() on ptolemy.moml.MoMLSimpleApplication@33c97214
reloadAllAccessors: .disconnectedHierarchicalSDF
----------------- testing Sat May 05 01:04:46 UTC 2018 /home/travis/build/icyphy/ptII/ptolemy/domains/sdf/test/auto/disconnectedSDF.xml
----------------- Instantiating /home/travis/build/icyphy/ptII/ptolemy/domains/sdf/test/auto/disconnectedSDF.xml
3 ms. Memory: 650752K Free: 510248K (78%)
----------------- Invoking toplevel() on ptolemy.moml.MoMLSimpleApplication@4cc1f569
----------------- Done invoking toplevel() on ptolemy.moml.MoMLSimpleApplication@4cc1f569
reloadAllAccessors: .disconnectedSDF
----------------- testing Sat May 05 01:04:46 UTC 2018 /home/travis/build/icyphy/ptII/ptolemy/domains/sdf/test/auto/emptyRefinement.xml
----------------- Instantiating /home/travis/build/icyphy/ptII/ptolemy/domains/sdf/test/auto/emptyRefinement.xml
3 ms. Memory: 650752K Free: 497169K (76%)
----------------- Invoking toplevel() on ptolemy.moml.MoMLSimpleApplication@3b070a1b
----------------- Done invoking toplevel() on ptolemy.moml.MoMLSimpleApplication@3b070a1b
reloadAllAccessors: .emptyRefinement
----------------- testing Sat May 05 01:04:46 UTC 2018 /home/travis/build/icyphy/ptII/ptolemy/domains/sdf/test/auto/filePortParameter.xml
----------------- Instantiating /home/travis/build/icyphy/ptII/ptolemy/domains/sdf/test/auto/filePortParameter.xml
16 ms. Memory: 650752K Free: 485833K (75%)
----------------- Invoking toplevel() on ptolemy.moml.MoMLSimpleApplication@414f40b9
----------------- Done invoking toplevel() on ptolemy.moml.MoMLSimpleApplication@414f40b9
reloadAllAccessors: .filePortParameter
----------------- testing Sat May 05 01:04:46 UTC 2018 /home/travis/build/icyphy/ptII/ptolemy/domains/sdf/test/auto/inferRelationWidth1.xml
----------------- Instantiating /home/travis/build/icyphy/ptII/ptolemy/domains/sdf/test/auto/inferRelationWidth1.xml
2 ms. Memory: 650752K Free: 474497K (73%)
----------------- Invoking toplevel() on ptolemy.moml.MoMLSimpleApplication@63838170
----------------- Done invoking toplevel() on ptolemy.moml.MoMLSimpleApplication@63838170
reloadAllAccessors: .inferRelationWidth1
----------------- testing Sat May 05 01:04:46 UTC 2018 /home/travis/build/icyphy/ptII/ptolemy/domains/sdf/test/auto/initProductionInference.xml
----------------- Instantiating /home/travis/build/icyphy/ptII/ptolemy/domains/sdf/test/auto/initProductionInference.xml
3 ms. Memory: 650752K Free: 463162K (71%)
----------------- Invoking toplevel() on ptolemy.moml.MoMLSimpleApplication@4c26522
----------------- Done invoking toplevel() on ptolemy.moml.MoMLSimpleApplication@4c26522
reloadAllAccessors: .initProductionInference
----------------- testing Sat May 05 01:04:46 UTC 2018 /home/travis/build/icyphy/ptII/ptolemy/domains/sdf/test/auto/relationGroup.xml
----------------- Instantiating /home/travis/build/icyphy/ptII/ptolemy/domains/sdf/test/auto/relationGroup.xml
2 ms. Memory: 650752K Free: 451826K (69%)
----------------- Invoking toplevel() on ptolemy.moml.MoMLSimpleApplication@43cb0e71
----------------- Done invoking toplevel() on ptolemy.moml.MoMLSimpleApplication@43cb0e71
reloadAllAccessors: .relationGroup
----------------- testing Sat May 05 01:04:46 UTC 2018 /home/travis/build/icyphy/ptII/ptolemy/domains/sdf/test/auto/relationGroup10.xml
----------------- Instantiating /home/travis/build/icyphy/ptII/ptolemy/domains/sdf/test/auto/relationGroup10.xml
2 ms. Memory: 650752K Free: 438746K (67%)
----------------- Invoking toplevel() on ptolemy.moml.MoMLSimpleApplication@48aa5d43
----------------- Done invoking toplevel() on ptolemy.moml.MoMLSimpleApplication@48aa5d43
reloadAllAccessors: .relationGroup10
----------------- testing Sat May 05 01:04:46 UTC 2018 /home/travis/build/icyphy/ptII/ptolemy/domains/sdf/test/auto/relationGroup11.xml
----------------- Instantiating /home/travis/build/icyphy/ptII/ptolemy/domains/sdf/test/auto/relationGroup11.xml
6 ms. Memory: 650752K Free: 427411K (66%)
----------------- Invoking toplevel() on ptolemy.moml.MoMLSimpleApplication@2c75b0c
----------------- Done invoking toplevel() on ptolemy.moml.MoMLSimpleApplication@2c75b0c
reloadAllAccessors: .relationGroup11
----------------- testing Sat May 05 01:04:46 UTC 2018 /home/travis/build/icyphy/ptII/ptolemy/domains/sdf/test/auto/relationGroup12.xml
----------------- Instantiating /home/travis/build/icyphy/ptII/ptolemy/domains/sdf/test/auto/relationGroup12.xml
4 ms. Memory: 650752K Free: 416075K (64%)
----------------- Invoking toplevel() on ptolemy.moml.MoMLSimpleApplication@28727e59
----------------- Done invoking toplevel() on ptolemy.moml.MoMLSimpleApplication@28727e59
reloadAllAccessors: .relationGroup12
----------------- testing Sat May 05 01:04:46 UTC 2018 /home/travis/build/icyphy/ptII/ptolemy/domains/sdf/test/auto/relationGroup13.xml
----------------- Instantiating /home/travis/build/icyphy/ptII/ptolemy/domains/sdf/test/auto/relationGroup13.xml
6 ms. Memory: 650752K Free: 404739K (62%)
----------------- Invoking toplevel() on ptolemy.moml.MoMLSimpleApplication@10577c67
----------------- Done invoking toplevel() on ptolemy.moml.MoMLSimpleApplication@10577c67
reloadAllAccessors: .relationGroup13
----------------- testing Sat May 05 01:04:46 UTC 2018 /home/travis/build/icyphy/ptII/ptolemy/domains/sdf/test/auto/relationGroup14.xml
----------------- Instantiating /home/travis/build/icyphy/ptII/ptolemy/domains/sdf/test/auto/relationGroup14.xml
3 ms. Memory: 650752K Free: 393403K (60%)
----------------- Invoking toplevel() on ptolemy.moml.MoMLSimpleApplication@15000d77
----------------- Done invoking toplevel() on ptolemy.moml.MoMLSimpleApplication@15000d77
reloadAllAccessors: .relationGroup14
----------------- testing Sat May 05 01:04:46 UTC 2018 /home/travis/build/icyphy/ptII/ptolemy/domains/sdf/test/auto/relationGroup15.xml
----------------- Instantiating /home/travis/build/icyphy/ptII/ptolemy/domains/sdf/test/auto/relationGroup15.xml
2 ms. Memory: 650752K Free: 380324K (58%)
----------------- Invoking toplevel() on ptolemy.moml.MoMLSimpleApplication@7aff72e4
----------------- Done invoking toplevel() on ptolemy.moml.MoMLSimpleApplication@7aff72e4
reloadAllAccessors: .relationGroup15
----------------- testing Sat May 05 01:04:46 UTC 2018 /home/travis/build/icyphy/ptII/ptolemy/domains/sdf/test/auto/relationGroup2.xml
----------------- Instantiating /home/travis/build/icyphy/ptII/ptolemy/domains/sdf/test/auto/relationGroup2.xml
1 ms. Memory: 650752K Free: 368988K (57%)
----------------- Invoking toplevel() on ptolemy.moml.MoMLSimpleApplication@7d486e10
----------------- Done invoking toplevel() on ptolemy.moml.MoMLSimpleApplication@7d486e10
reloadAllAccessors: .relationGroup2
----------------- testing Sat May 05 01:04:46 UTC 2018 /home/travis/build/icyphy/ptII/ptolemy/domains/sdf/test/auto/relationGroup3.xml
----------------- Instantiating /home/travis/build/icyphy/ptII/ptolemy/domains/sdf/test/auto/relationGroup3.xml
2 ms. Memory: 650752K Free: 357652K (55%)
----------------- Invoking toplevel() on ptolemy.moml.MoMLSimpleApplication@6371e3dd
----------------- Done invoking toplevel() on ptolemy.moml.MoMLSimpleApplication@6371e3dd
reloadAllAccessors: .relationGroup3
----------------- testing Sat May 05 01:04:46 UTC 2018 /home/travis/build/icyphy/ptII/ptolemy/domains/sdf/test/auto/relationGroup4.xml
----------------- Instantiating /home/travis/build/icyphy/ptII/ptolemy/domains/sdf/test/auto/relationGroup4.xml
4 ms. Memory: 650752K Free: 346316K (53%)
----------------- Invoking toplevel() on ptolemy.moml.MoMLSimpleApplication@45d70550
----------------- Done invoking toplevel() on ptolemy.moml.MoMLSimpleApplication@45d70550
reloadAllAccessors: .relationGroup4
----------------- testing Sat May 05 01:04:46 UTC 2018 /home/travis/build/icyphy/ptII/ptolemy/domains/sdf/test/auto/relationGroup5.xml
----------------- Instantiating /home/travis/build/icyphy/ptII/ptolemy/domains/sdf/test/auto/relationGroup5.xml
4 ms. Memory: 650752K Free: 334981K (51%)
----------------- Invoking toplevel() on ptolemy.moml.MoMLSimpleApplication@4d6e0bfe
----------------- Done invoking toplevel() on ptolemy.moml.MoMLSimpleApplication@4d6e0bfe
reloadAllAccessors: .relationGroup5
----------------- testing Sat May 05 01:04:46 UTC 2018 /home/travis/build/icyphy/ptII/ptolemy/domains/sdf/test/auto/relationGroup6.xml
----------------- Instantiating /home/travis/build/icyphy/ptII/ptolemy/domains/sdf/test/auto/relationGroup6.xml
4 ms. Memory: 650752K Free: 321901K (49%)
----------------- Invoking toplevel() on ptolemy.moml.MoMLSimpleApplication@437ee4b7
----------------- Done invoking toplevel() on ptolemy.moml.MoMLSimpleApplication@437ee4b7
reloadAllAccessors: .relationGroup6
----------------- testing Sat May 05 01:04:46 UTC 2018 /home/travis/build/icyphy/ptII/ptolemy/domains/sdf/test/auto/relationGroup7.xml
----------------- Instantiating /home/travis/build/icyphy/ptII/ptolemy/domains/sdf/test/auto/relationGroup7.xml
1 ms. Memory: 650752K Free: 310565K (48%)
----------------- Invoking toplevel() on ptolemy.moml.MoMLSimpleApplication@6244cdbe
----------------- Done invoking toplevel() on ptolemy.moml.MoMLSimpleApplication@6244cdbe
reloadAllAccessors: .relationGroup7
----------------- testing Sat May 05 01:04:47 UTC 2018 /home/travis/build/icyphy/ptII/ptolemy/domains/sdf/test/auto/relationGroup8.xml
----------------- Instantiating /home/travis/build/icyphy/ptII/ptolemy/domains/sdf/test/auto/relationGroup8.xml
1 ms. Memory: 650752K Free: 299230K (46%)
----------------- Invoking toplevel() on ptolemy.moml.MoMLSimpleApplication@63650c95
----------------- Done invoking toplevel() on ptolemy.moml.MoMLSimpleApplication@63650c95
reloadAllAccessors: .relationGroup8
----------------- testing Sat May 05 01:04:47 UTC 2018 /home/travis/build/icyphy/ptII/ptolemy/domains/sdf/test/auto/relationGroup9.xml
----------------- Instantiating /home/travis/build/icyphy/ptII/ptolemy/domains/sdf/test/auto/relationGroup9.xml
5 ms. Memory: 650752K Free: 287894K (44%)
----------------- Invoking toplevel() on ptolemy.moml.MoMLSimpleApplication@366475be
----------------- Done invoking toplevel() on ptolemy.moml.MoMLSimpleApplication@366475be
reloadAllAccessors: .relationGroup9
----------------- testing Sat May 05 01:04:47 UTC 2018 /home/travis/build/icyphy/ptII/ptolemy/domains/sdf/test/auto/sdf_inside_de.xml
----------------- Instantiating /home/travis/build/icyphy/ptII/ptolemy/domains/sdf/test/auto/sdf_inside_de.xml
15 ms. Memory: 650752K Free: 270882K (42%)
----------------- Invoking toplevel() on ptolemy.moml.MoMLSimpleApplication@4b97a2ed
----------------- Done invoking toplevel() on ptolemy.moml.MoMLSimpleApplication@4b97a2ed
reloadAllAccessors: .sdf_inside_de
----------------- testing Sat May 05 01:04:47 UTC 2018 /home/travis/build/icyphy/ptII/ptolemy/domains/sdf/test/auto/sdf_inside_pn.xml
----------------- Instantiating /home/travis/build/icyphy/ptII/ptolemy/domains/sdf/test/auto/sdf_inside_pn.xml
40 ms. Memory: 650752K Free: 229463K (35%)
----------------- Invoking toplevel() on ptolemy.moml.MoMLSimpleApplication@444bde2a
----------------- Done invoking toplevel() on ptolemy.moml.MoMLSimpleApplication@444bde2a
reloadAllAccessors: .sdf_inside_pn
----------------- testing Sat May 05 01:04:47 UTC 2018 /home/travis/build/icyphy/ptII/ptolemy/domains/sdf/test/auto/sdf_sdf1.xml
----------------- Instantiating /home/travis/build/icyphy/ptII/ptolemy/domains/sdf/test/auto/sdf_sdf1.xml
7 ms. Memory: 650752K Free: 218128K (34%)
----------------- Invoking toplevel() on ptolemy.moml.MoMLSimpleApplication@7af7618a
----------------- Done invoking toplevel() on ptolemy.moml.MoMLSimpleApplication@7af7618a
reloadAllAccessors: .sdf_sdf1
----------------- testing Sat May 05 01:04:47 UTC 2018 /home/travis/build/icyphy/ptII/ptolemy/domains/sdf/test/auto/test1.xml
----------------- Instantiating /home/travis/build/icyphy/ptII/ptolemy/domains/sdf/test/auto/test1.xml
3 ms. Memory: 650752K Free: 206792K (32%)
----------------- Invoking toplevel() on ptolemy.moml.MoMLSimpleApplication@785e1e39
----------------- Done invoking toplevel() on ptolemy.moml.MoMLSimpleApplication@785e1e39
reloadAllAccessors: .test1
----------------- testing Sat May 05 01:04:47 UTC 2018 /home/travis/build/icyphy/ptII/ptolemy/domains/sdf/test/auto/time1.xml
----------------- Instantiating /home/travis/build/icyphy/ptII/ptolemy/domains/sdf/test/auto/time1.xml
2 ms. Memory: 650752K Free: 195456K (30%)
----------------- Invoking toplevel() on ptolemy.moml.MoMLSimpleApplication@1f9f3e51
----------------- Done invoking toplevel() on ptolemy.moml.MoMLSimpleApplication@1f9f3e51
reloadAllAccessors: .time1
----------------- testing Sat May 05 01:04:47 UTC 2018 /home/travis/build/icyphy/ptII/ptolemy/domains/sdf/test/auto/time2.xml
----------------- Instantiating /home/travis/build/icyphy/ptII/ptolemy/domains/sdf/test/auto/time2.xml
3 ms. Memory: 650752K Free: 184120K (28%)
----------------- Invoking toplevel() on ptolemy.moml.MoMLSimpleApplication@60887fe6
----------------- Done invoking toplevel() on ptolemy.moml.MoMLSimpleApplication@60887fe6
reloadAllAccessors: .time2
----------------- testing Sat May 05 01:04:47 UTC 2018 /home/travis/build/icyphy/ptII/ptolemy/domains/sdf/test/auto/time3.xml
----------------- Instantiating /home/travis/build/icyphy/ptII/ptolemy/domains/sdf/test/auto/time3.xml
8 ms. Memory: 650752K Free: 171041K (26%)
----------------- Invoking toplevel() on ptolemy.moml.MoMLSimpleApplication@64e8a58d
----------------- Done invoking toplevel() on ptolemy.moml.MoMLSimpleApplication@64e8a58d
reloadAllAccessors: .time3
----------------- testing Sat May 05 01:04:47 UTC 2018 /home/travis/build/icyphy/ptII/ptolemy/domains/sdf/test/auto/time4.xml
----------------- Instantiating /home/travis/build/icyphy/ptII/ptolemy/domains/sdf/test/auto/time4.xml
6 ms. Memory: 650752K Free: 159705K (25%)
----------------- Invoking toplevel() on ptolemy.moml.MoMLSimpleApplication@61b23adb
----------------- Done invoking toplevel() on ptolemy.moml.MoMLSimpleApplication@61b23adb
reloadAllAccessors: .time4
----------------- testing Sat May 05 01:04:47 UTC 2018 /home/travis/build/icyphy/ptII/ptolemy/domains/sdf/test/auto/time5.xml
----------------- Instantiating /home/travis/build/icyphy/ptII/ptolemy/domains/sdf/test/auto/time5.xml
4002 ms. Memory: 650752K Free: 148369K (23%)
----------------- Invoking toplevel() on ptolemy.moml.MoMLSimpleApplication@5ffedce4
----------------- Done invoking toplevel() on ptolemy.moml.MoMLSimpleApplication@5ffedce4
reloadAllAccessors: .time5
----------------- testing Sat May 05 01:04:51 UTC 2018 /home/travis/build/icyphy/ptII/ptolemy/domains/sdf/test/auto/typeSystem_Const_Integer_smallest_Type.xml
----------------- Instantiating /home/travis/build/icyphy/ptII/ptolemy/domains/sdf/test/auto/typeSystem_Const_Integer_smallest_Type.xml
3 ms. Memory: 650752K Free: 137034K (21%)
----------------- Invoking toplevel() on ptolemy.moml.MoMLSimpleApplication@fa64d1
----------------- Done invoking toplevel() on ptolemy.moml.MoMLSimpleApplication@fa64d1
reloadAllAccessors: .typeSystem_Const_Integer_smallest_Type
----------------- testing Sat May 05 01:04:51 UTC 2018 /home/travis/build/icyphy/ptII/ptolemy/domains/sdf/test/auto/typeSystem_declared_Inports_OutportTypeException.xml
----------------- Instantiating /home/travis/build/icyphy/ptII/ptolemy/domains/sdf/test/auto/typeSystem_declared_Inports_OutportTypeException.xml
.typeSystem_declared_Inports_OutportTypeException.TestExceptionAttribute: initialize() was not invoked, but wrapup() was.  This is unusual, but not always a problem.  For example, exporting JNLP will do this.
3 ms. Memory: 650752K Free: 123954K (19%)
----------------- Invoking toplevel() on ptolemy.moml.MoMLSimpleApplication@9f48edb
----------------- Done invoking toplevel() on ptolemy.moml.MoMLSimpleApplication@9f48edb
reloadAllAccessors: .typeSystem_declared_Inports_OutportTypeException
----------------- testing Sat May 05 01:04:51 UTC 2018 /home/travis/build/icyphy/ptII/ptolemy/domains/sdf/test/auto/typeSystem_oneDeclaredInportType_wrongTypeOutport.xml
----------------- Instantiating /home/travis/build/icyphy/ptII/ptolemy/domains/sdf/test/auto/typeSystem_oneDeclaredInportType_wrongTypeOutport.xml
3 ms. Memory: 650752K Free: 112618K (17%)
----------------- Invoking toplevel() on ptolemy.moml.MoMLSimpleApplication@c33e623
----------------- Done invoking toplevel() on ptolemy.moml.MoMLSimpleApplication@c33e623
reloadAllAccessors: .typeSystem_oneDeclaredInportType_wrongTypeOutport
----------------- testing Sat May 05 01:04:51 UTC 2018 /home/travis/build/icyphy/ptII/ptolemy/domains/sdf/test/auto/width.xml
----------------- Instantiating /home/travis/build/icyphy/ptII/ptolemy/domains/sdf/test/auto/width.xml
5 ms. Memory: 650752K Free: 101283K (16%)
----------------- Invoking toplevel() on ptolemy.moml.MoMLSimpleApplication@7a7e27f3
----------------- Done invoking toplevel() on ptolemy.moml.MoMLSimpleApplication@7a7e27f3
reloadAllAccessors: .width
----------------- testing Sat May 05 01:04:51 UTC 2018 /home/travis/build/icyphy/ptII/ptolemy/domains/sdf/test/auto/width2.xml
----------------- Instantiating /home/travis/build/icyphy/ptII/ptolemy/domains/sdf/test/auto/width2.xml
26 ms. Memory: 650752K Free: 89947K (14%)
----------------- Invoking toplevel() on ptolemy.moml.MoMLSimpleApplication@507a20c7
----------------- Done invoking toplevel() on ptolemy.moml.MoMLSimpleApplication@507a20c7
reloadAllAccessors: .width2
----------------- testing Sat May 05 01:04:51 UTC 2018 /home/travis/build/icyphy/ptII/ptolemy/domains/sdf/test/auto/width3.xml
----------------- Instantiating /home/travis/build/icyphy/ptII/ptolemy/domains/sdf/test/auto/width3.xml
29 ms. Memory: 650752K Free: 78611K (12%)
----------------- Invoking toplevel() on ptolemy.moml.MoMLSimpleApplication@3e8ddaca
----------------- Done invoking toplevel() on ptolemy.moml.MoMLSimpleApplication@3e8ddaca
reloadAllAccessors: .width3
AutoTests.java: About to close Vertx.
AutoTests.java: Vertx closed.
]]></system-out>
  <system-err><![CDATA[java.lang.RuntimeException: Execution failed
	at ptolemy.moml.MoMLSimpleApplication$UnloadThread.run(MoMLSimpleApplication.java:402)
Caused by: ptolemy.actor.sched.NotSchedulableException: No solution exists for the balance equations.
Graph is not consistent under the SDF domain detected on external port .rateConsistency.actor.port2
  in .rateConsistency.SDF Director.Scheduler
	at ptolemy.domains.sdf.kernel.SDFScheduler._propagatePort(SDFScheduler.java:1425)
	at ptolemy.domains.sdf.kernel.SDFScheduler._solveBalanceEquations(SDFScheduler.java:710)
	at ptolemy.domains.sdf.kernel.SDFScheduler._getSchedule(SDFScheduler.java:566)
	at ptolemy.actor.sched.Scheduler.getSchedule(Scheduler.java:189)
	at ptolemy.domains.sdf.kernel.SDFDirector.createSchedule(SDFDirector.java:408)
	at ptolemy.domains.sdf.kernel.SDFDirector.preinitialize(SDFDirector.java:764)
	at ptolemy.actor.CompositeActor.preinitialize(CompositeActor.java:1828)
	at ptolemy.actor.Manager.preinitializeAndResolveTypes(Manager.java:1040)
	at ptolemy.actor.Manager.initialize(Manager.java:710)
	at ptolemy.actor.Manager.execute(Manager.java:356)
	at ptolemy.actor.Manager.run(Manager.java:1263)
	at ptolemy.actor.Manager$PtolemyRunThread.run(Manager.java:1915)
java.lang.RuntimeException: Execution failed
	at ptolemy.moml.MoMLSimpleApplication$UnloadThread.run(MoMLSimpleApplication.java:402)
Caused by: ptolemy.kernel.util.IllegalActionException: Failed to compute schedule:
  in .badRateChanges.typed composite actor.SDF Director
Because:
The SDF rate parameter may change. This is not allowed in SDF models that will be run through the code generator.  If you don't care about code generation, then you might consider setting the allowRateChanges parameter of the SDF director to false.
  in .badRateChanges.typed composite actor.Repeat.output.tokenProductionRate
	at ptolemy.domains.sdf.kernel.SDFDirector.createSchedule(SDFDirector.java:418)
	at ptolemy.domains.sdf.kernel.SDFDirector.preinitialize(SDFDirector.java:764)
	at ptolemy.actor.CompositeActor.preinitialize(CompositeActor.java:1828)
	at ptolemy.actor.Director.preinitialize(Director.java:1302)
	at ptolemy.actor.Director.preinitialize(Director.java:1257)
	at ptolemy.domains.sdf.kernel.SDFDirector.preinitialize(SDFDirector.java:763)
	at ptolemy.actor.CompositeActor.preinitialize(CompositeActor.java:1828)
	at ptolemy.actor.Manager.preinitializeAndResolveTypes(Manager.java:1040)
	at ptolemy.actor.Manager.initialize(Manager.java:710)
	at ptolemy.actor.Manager.execute(Manager.java:356)
	at ptolemy.actor.Manager.run(Manager.java:1263)
	at ptolemy.actor.Manager$PtolemyRunThread.run(Manager.java:1915)
Caused by: ptolemy.kernel.util.IllegalActionException: The SDF rate parameter may change. This is not allowed in SDF models that will be run through the code generator.  If you don't care about code generation, then you might consider setting the allowRateChanges parameter of the SDF director to false.
  in .badRateChanges.typed composite actor.Repeat.output.tokenProductionRate
	at ptolemy.domains.sdf.kernel.SDFScheduler._assertDynamicRateVariable(SDFScheduler.java:931)
	at ptolemy.domains.sdf.kernel.SDFScheduler._checkDynamicRateVariables(SDFScheduler.java:339)
	at ptolemy.domains.sdf.kernel.SDFScheduler._getSchedule(SDFScheduler.java:527)
	at ptolemy.actor.sched.Scheduler.getSchedule(Scheduler.java:189)
	at ptolemy.domains.sdf.kernel.SDFDirector.createSchedule(SDFDirector.java:408)
	... 11 more
java.lang.RuntimeException: Execution failed
	at ptolemy.moml.MoMLSimpleApplication$UnloadThread.run(MoMLSimpleApplication.java:402)
Caused by: ptolemy.kernel.util.IllegalActionException: Failed to compute schedule:
  in .badRateChanges2.typed composite actor.SDF Director
Because:
The SDF rate parameter may change. This is not allowed in SDF models that will be run through the code generator.  If you don't care about code generation, then you might consider setting the allowRateChanges parameter of the SDF director to false.
  in .badRateChanges2.typed composite actor.Repeat.output.tokenProductionRate
	at ptolemy.domains.sdf.kernel.SDFDirector.createSchedule(SDFDirector.java:418)
	at ptolemy.domains.sdf.kernel.SDFDirector.preinitialize(SDFDirector.java:764)
	at ptolemy.actor.CompositeActor.preinitialize(CompositeActor.java:1828)
	at ptolemy.actor.Director.preinitialize(Director.java:1302)
	at ptolemy.actor.Director.preinitialize(Director.java:1257)
	at ptolemy.domains.sdf.kernel.SDFDirector.preinitialize(SDFDirector.java:763)
	at ptolemy.actor.CompositeActor.preinitialize(CompositeActor.java:1828)
	at ptolemy.actor.Manager.preinitializeAndResolveTypes(Manager.java:1040)
	at ptolemy.actor.Manager.initialize(Manager.java:710)
	at ptolemy.actor.Manager.execute(Manager.java:356)
	at ptolemy.actor.Manager.run(Manager.java:1263)
	at ptolemy.actor.Manager$PtolemyRunThread.run(Manager.java:1915)
Caused by: ptolemy.kernel.util.IllegalActionException: The SDF rate parameter may change. This is not allowed in SDF models that will be run through the code generator.  If you don't care about code generation, then you might consider setting the allowRateChanges parameter of the SDF director to false.
  in .badRateChanges2.typed composite actor.Repeat.output.tokenProductionRate
	at ptolemy.domains.sdf.kernel.SDFScheduler._assertDynamicRateVariable(SDFScheduler.java:931)
	at ptolemy.domains.sdf.kernel.SDFScheduler._checkDynamicRateVariables(SDFScheduler.java:339)
	at ptolemy.domains.sdf.kernel.SDFScheduler._getSchedule(SDFScheduler.java:527)
	at ptolemy.actor.sched.Scheduler.getSchedule(Scheduler.java:189)
	at ptolemy.domains.sdf.kernel.SDFDirector.createSchedule(SDFDirector.java:408)
	... 11 more
java.lang.RuntimeException: Execution failed
	at ptolemy.moml.MoMLSimpleApplication$UnloadThread.run(MoMLSimpleApplication.java:402)
Caused by: ptolemy.actor.sched.NotSchedulableException: Actors remain that cannot be scheduled!

There are several possible reasons:
* SDF Graphs with feedback loops should have an actor with a delay in the loop, such as a SampleDelay.
* The SDF director has an "allowDisconnectedGraphs"parameter, which, when true, permits disconnected SDF graphs.
* The token consumption rate and production rates might be mismatched.
Usually, actors produce one token or consume one token on a port.  To produce or consume multiple tokens per firing, add a "tokenConsumptionRate" or "tokenProductionRate" parameter to the appropriate port.
Unscheduled actors:
.partiallyConnected.Const2 
Scheduled actors:
.partiallyConnected.Const 
  in .partiallyConnected.SDF Director.Scheduler
	at ptolemy.domains.sdf.kernel.SDFScheduler._scheduleConnectedActors(SDFScheduler.java:1828)
	at ptolemy.domains.sdf.kernel.SDFScheduler._getSchedule(SDFScheduler.java:587)
	at ptolemy.actor.sched.Scheduler.getSchedule(Scheduler.java:189)
	at ptolemy.domains.sdf.kernel.SDFDirector.createSchedule(SDFDirector.java:408)
	at ptolemy.domains.sdf.kernel.SDFDirector.preinitialize(SDFDirector.java:764)
	at ptolemy.actor.CompositeActor.preinitialize(CompositeActor.java:1828)
	at ptolemy.actor.Manager.preinitializeAndResolveTypes(Manager.java:1040)
	at ptolemy.actor.Manager.initialize(Manager.java:710)
	at ptolemy.actor.Manager.execute(Manager.java:356)
	at ptolemy.actor.Manager.run(Manager.java:1263)
	at ptolemy.actor.Manager$PtolemyRunThread.run(Manager.java:1915)
]]></system-err>
</testsuite>
