<?xml version="1.0" encoding="UTF-8" ?>
<testsuite errors="0" failures="0" hostname="travis-job-2bfec96f-2ce4-4f9d-a2ad-052871c64d08" name="ptolemy.domains.de.test.junit.JUnitTclTest" skipped="0" tests="101" time="125.864" timestamp="2018-05-10T15:03:08">
  <properties>
[...]
</properties>
  <testcase classname="ptolemy.util.test.junit.TclTests" name="[0] /home/travis/build/icyphy/ptII/ptolemy/domains/de/test/DependencyLoop.tcl (RunTclFile)" time="0.704" />
  <testcase classname="ptolemy.util.test.junit.TclTests" name="[1] /home/travis/build/icyphy/ptII/ptolemy/domains/de/test/RunDETestsAsQSS.tcl (RunTclFile)" time="86.437" />
  <testcase classname="ptolemy.util.test.junit.AutoKnownFailedTests" name="[0] /home/travis/build/icyphy/ptII/ptolemy/domains/de/test/auto/knownFailedTests/DESDFClockTest.xml (RunModel)" time="2.023" />
  <testcase classname="ptolemy.util.test.junit.AutoKnownFailedTests" name="[1] /home/travis/build/icyphy/ptII/ptolemy/domains/de/test/auto/knownFailedTests/DirectFeedback.xml (RunModel)" time="0.013" />
  <testcase classname="ptolemy.util.test.junit.AutoKnownFailedTests" name="[2] /home/travis/build/icyphy/ptII/ptolemy/domains/de/test/auto/knownFailedTests/FSMSource.xml (RunModel)" time="0.022" />
  <testcase classname="ptolemy.util.test.junit.AutoKnownFailedTests" name="[3] /home/travis/build/icyphy/ptII/ptolemy/domains/de/test/auto/knownFailedTests/HierarchicalModel.xml (RunModel)" time="0.028" />
  <testcase classname="ptolemy.util.test.junit.AutoKnownFailedTests" name="[4] /home/travis/build/icyphy/ptII/ptolemy/domains/de/test/auto/knownFailedTests/dependencyLoop.xml (RunModel)" time="0.024" />
  <testcase classname="ptolemy.util.test.junit.AutoKnownFailedTests" name="[5] /home/travis/build/icyphy/ptII/ptolemy/domains/de/test/auto/knownFailedTests/dependencyLoop2.xml (RunModel)" time="0.04" />
  <testcase classname="ptolemy.util.test.junit.AutoNameArchTests" name="[0] ThereAreNoAutoTests (RunModel)" time="0.001" />
  <testcase classname="ptolemy.util.test.junit.AutoTests" name="[0] /home/travis/build/icyphy/ptII/ptolemy/domains/de/test/auto/ActorDepthCalculation_actorWithoutPorts.xml (RunModel)" time="0.015" />
  <testcase classname="ptolemy.util.test.junit.AutoTests" name="[1] /home/travis/build/icyphy/ptII/ptolemy/domains/de/test/auto/AssemblyLine.xml (RunModel)" time="0.015" />
  <testcase classname="ptolemy.util.test.junit.AutoTests" name="[2] /home/travis/build/icyphy/ptII/ptolemy/domains/de/test/auto/CQBug1.xml (RunModel)" time="0.014" />
  <testcase classname="ptolemy.util.test.junit.AutoTests" name="[3] /home/travis/build/icyphy/ptII/ptolemy/domains/de/test/auto/CancelFireAt.xml (RunModel)" time="0.013" />
  <testcase classname="ptolemy.util.test.junit.AutoTests" name="[4] /home/travis/build/icyphy/ptII/ptolemy/domains/de/test/auto/CausalityAndComposabilityAnalysis.xml (RunModel)" time="0.011" />
  <testcase classname="ptolemy.util.test.junit.AutoTests" name="[5] /home/travis/build/icyphy/ptII/ptolemy/domains/de/test/auto/CausalityInterface1.xml (RunModel)" time="0.015" />
  <testcase classname="ptolemy.util.test.junit.AutoTests" name="[6] /home/travis/build/icyphy/ptII/ptolemy/domains/de/test/auto/CausalityInterface15.xml (RunModel)" time="0.01" />
  <testcase classname="ptolemy.util.test.junit.AutoTests" name="[7] /home/travis/build/icyphy/ptII/ptolemy/domains/de/test/auto/CausalityInterface2.xml (RunModel)" time="0.008" />
  <testcase classname="ptolemy.util.test.junit.AutoTests" name="[8] /home/travis/build/icyphy/ptII/ptolemy/domains/de/test/auto/CausalityInterface3.xml (RunModel)" time="0.012" />
  <testcase classname="ptolemy.util.test.junit.AutoTests" name="[9] /home/travis/build/icyphy/ptII/ptolemy/domains/de/test/auto/ClockDrift.xml (RunModel)" time="0.025" />
  <testcase classname="ptolemy.util.test.junit.AutoTests" name="[10] /home/travis/build/icyphy/ptII/ptolemy/domains/de/test/auto/ClockDriftAndValueChange.xml (RunModel)" time="0.023" />
  <testcase classname="ptolemy.util.test.junit.AutoTests" name="[11] /home/travis/build/icyphy/ptII/ptolemy/domains/de/test/auto/ClockDriftChange.xml (RunModel)" time="0.019" />
  <testcase classname="ptolemy.util.test.junit.AutoTests" name="[12] /home/travis/build/icyphy/ptII/ptolemy/domains/de/test/auto/ComposableCausalityAnalysis.xml (RunModel)" time="0.021" />
  <testcase classname="ptolemy.util.test.junit.AutoTests" name="[13] /home/travis/build/icyphy/ptII/ptolemy/domains/de/test/auto/DEFixedPointLimitation.xml (RunModel)" time="0.007" />
  <testcase classname="ptolemy.util.test.junit.AutoTests" name="[14] /home/travis/build/icyphy/ptII/ptolemy/domains/de/test/auto/DEScheduleTest.xml (RunModel)" time="0.008" />
  <testcase classname="ptolemy.util.test.junit.AutoTests" name="[15] /home/travis/build/icyphy/ptII/ptolemy/domains/de/test/auto/DEinDEwithStartTimes.xml (RunModel)" time="0.01" />
  <testcase classname="ptolemy.util.test.junit.AutoTests" name="[16] /home/travis/build/icyphy/ptII/ptolemy/domains/de/test/auto/DEinDEwithStartTimes2.xml (RunModel)" time="0.012" />
  <testcase classname="ptolemy.util.test.junit.AutoTests" name="[17] /home/travis/build/icyphy/ptII/ptolemy/domains/de/test/auto/DateDemo.xml (RunModel)" time="0.025" />
  <testcase classname="ptolemy.util.test.junit.AutoTests" name="[18] /home/travis/build/icyphy/ptII/ptolemy/domains/de/test/auto/DateToEvent.xml (RunModel)" time="2.031" />
  <testcase classname="ptolemy.util.test.junit.AutoTests" name="[19] /home/travis/build/icyphy/ptII/ptolemy/domains/de/test/auto/DepthTest1.xml (RunModel)" time="0.007" />
  <testcase classname="ptolemy.util.test.junit.AutoTests" name="[20] /home/travis/build/icyphy/ptII/ptolemy/domains/de/test/auto/DepthTest2.xml (RunModel)" time="0.014" />
  <testcase classname="ptolemy.util.test.junit.AutoTests" name="[21] /home/travis/build/icyphy/ptII/ptolemy/domains/de/test/auto/DepthTest3.xml (RunModel)" time="0.006" />
  <testcase classname="ptolemy.util.test.junit.AutoTests" name="[22] /home/travis/build/icyphy/ptII/ptolemy/domains/de/test/auto/DepthTest4.xml (RunModel)" time="0.01" />
  <testcase classname="ptolemy.util.test.junit.AutoTests" name="[23] /home/travis/build/icyphy/ptII/ptolemy/domains/de/test/auto/DepthTest5.xml (RunModel)" time="0.012" />
  <testcase classname="ptolemy.util.test.junit.AutoTests" name="[24] /home/travis/build/icyphy/ptII/ptolemy/domains/de/test/auto/DepthTest6.xml (RunModel)" time="0.011" />
  <testcase classname="ptolemy.util.test.junit.AutoTests" name="[25] /home/travis/build/icyphy/ptII/ptolemy/domains/de/test/auto/DepthTest7.xml (RunModel)" time="0.011" />
  <testcase classname="ptolemy.util.test.junit.AutoTests" name="[26] /home/travis/build/icyphy/ptII/ptolemy/domains/de/test/auto/EventToDate.xml (RunModel)" time="3.031" />
  <testcase classname="ptolemy.util.test.junit.AutoTests" name="[27] /home/travis/build/icyphy/ptII/ptolemy/domains/de/test/auto/FSM1.xml (RunModel)" time="0.029" />
  <testcase classname="ptolemy.util.test.junit.AutoTests" name="[28] /home/travis/build/icyphy/ptII/ptolemy/domains/de/test/auto/FSM7.xml (RunModel)" time="0.04" />
  <testcase classname="ptolemy.util.test.junit.AutoTests" name="[29] /home/travis/build/icyphy/ptII/ptolemy/domains/de/test/auto/Inspection.xml (RunModel)" time="0.041" />
  <testcase classname="ptolemy.util.test.junit.AutoTests" name="[30] /home/travis/build/icyphy/ptII/ptolemy/domains/de/test/auto/Iteration.xml (RunModel)" time="0.026" />
  <testcase classname="ptolemy.util.test.junit.AutoTests" name="[31] /home/travis/build/icyphy/ptII/ptolemy/domains/de/test/auto/LineFault.xml (RunModel)" time="0.5" />
  <testcase classname="ptolemy.util.test.junit.AutoTests" name="[32] /home/travis/build/icyphy/ptII/ptolemy/domains/de/test/auto/MergeModel1Add.xml (RunModel)" time="0.039" />
  <testcase classname="ptolemy.util.test.junit.AutoTests" name="[33] /home/travis/build/icyphy/ptII/ptolemy/domains/de/test/auto/MergeModel2Add.xml (RunModel)" time="0.033" />
  <testcase classname="ptolemy.util.test.junit.AutoTests" name="[34] /home/travis/build/icyphy/ptII/ptolemy/domains/de/test/auto/MergeModel3Add.xml (RunModel)" time="0.037" />
  <testcase classname="ptolemy.util.test.junit.AutoTests" name="[35] /home/travis/build/icyphy/ptII/ptolemy/domains/de/test/auto/MergeWithoutDiscard.xml (RunModel)" time="0.012" />
  <testcase classname="ptolemy.util.test.junit.AutoTests" name="[36] /home/travis/build/icyphy/ptII/ptolemy/domains/de/test/auto/Modal1.xml (RunModel)" time="0.023" />
  <testcase classname="ptolemy.util.test.junit.AutoTests" name="[37] /home/travis/build/icyphy/ptII/ptolemy/domains/de/test/auto/Modal2.xml (RunModel)" time="0.031" />
  <testcase classname="ptolemy.util.test.junit.AutoTests" name="[38] /home/travis/build/icyphy/ptII/ptolemy/domains/de/test/auto/Modal3.xml (RunModel)" time="0.026" />
  <testcase classname="ptolemy.util.test.junit.AutoTests" name="[39] /home/travis/build/icyphy/ptII/ptolemy/domains/de/test/auto/Modal4.xml (RunModel)" time="0.03" />
  <testcase classname="ptolemy.util.test.junit.AutoTests" name="[40] /home/travis/build/icyphy/ptII/ptolemy/domains/de/test/auto/Modal5.xml (RunModel)" time="0.027" />
  <testcase classname="ptolemy.util.test.junit.AutoTests" name="[41] /home/travis/build/icyphy/ptII/ptolemy/domains/de/test/auto/Modal6.xml (RunModel)" time="0.024" />
  <testcase classname="ptolemy.util.test.junit.AutoTests" name="[42] /home/travis/build/icyphy/ptII/ptolemy/domains/de/test/auto/Modal7.xml (RunModel)" time="0.025" />
  <testcase classname="ptolemy.util.test.junit.AutoTests" name="[43] /home/travis/build/icyphy/ptII/ptolemy/domains/de/test/auto/ModalModel.xml (RunModel)" time="0.132" />
  <testcase classname="ptolemy.util.test.junit.AutoTests" name="[44] /home/travis/build/icyphy/ptII/ptolemy/domains/de/test/auto/ModalSource.xml (RunModel)" time="0.017" />
  <testcase classname="ptolemy.util.test.junit.AutoTests" name="[45] /home/travis/build/icyphy/ptII/ptolemy/domains/de/test/auto/NonInterruptibleTimerZeroDelay.xml (RunModel)" time="0.009" />
  <testcase classname="ptolemy.util.test.junit.AutoTests" name="[46] /home/travis/build/icyphy/ptII/ptolemy/domains/de/test/auto/OpenQueueingNetwork.xml (RunModel)" time="2.119" />
  <testcase classname="ptolemy.util.test.junit.AutoTests" name="[47] /home/travis/build/icyphy/ptII/ptolemy/domains/de/test/auto/OpenQueuingNetwork.xml (RunModel)" time="0.251" />
  <testcase classname="ptolemy.util.test.junit.AutoTests" name="[48] /home/travis/build/icyphy/ptII/ptolemy/domains/de/test/auto/PeriodicSampler.xml (RunModel)" time="0.006" />
  <testcase classname="ptolemy.util.test.junit.AutoTests" name="[49] /home/travis/build/icyphy/ptII/ptolemy/domains/de/test/auto/PersistentIO.xml (RunModel)" time="0.021" />
  <testcase classname="ptolemy.util.test.junit.AutoTests" name="[50] /home/travis/build/icyphy/ptII/ptolemy/domains/de/test/auto/PortParameterResetOnInitialize.xml (RunModel)" time="0.009" />
  <testcase classname="ptolemy.util.test.junit.AutoTests" name="[51] /home/travis/build/icyphy/ptII/ptolemy/domains/de/test/auto/PortParameterUpdates.xml (RunModel)" time="0.013" />
  <testcase classname="ptolemy.util.test.junit.AutoTests" name="[52] /home/travis/build/icyphy/ptII/ptolemy/domains/de/test/auto/QueueAndServer.xml (RunModel)" time="0.018" />
  <testcase classname="ptolemy.util.test.junit.AutoTests" name="[53] /home/travis/build/icyphy/ptII/ptolemy/domains/de/test/auto/Records.xml (RunModel)" time="0.012" />
  <testcase classname="ptolemy.util.test.junit.AutoTests" name="[54] /home/travis/build/icyphy/ptII/ptolemy/domains/de/test/auto/ResetTransitionWithStartTime1.xml (RunModel)" time="0.018" />
  <testcase classname="ptolemy.util.test.junit.AutoTests" name="[55] /home/travis/build/icyphy/ptII/ptolemy/domains/de/test/auto/ResetTransitionWithStartTime2.xml (RunModel)" time="0.016" />
  <testcase classname="ptolemy.util.test.junit.AutoTests" name="[56] /home/travis/build/icyphy/ptII/ptolemy/domains/de/test/auto/ResetTransitionWithStartTime3.xml (RunModel)" time="0.016" />
  <testcase classname="ptolemy.util.test.junit.AutoTests" name="[57] /home/travis/build/icyphy/ptII/ptolemy/domains/de/test/auto/ResetTransitionWithStartTime4.xml (RunModel)" time="0.021" />
  <testcase classname="ptolemy.util.test.junit.AutoTests" name="[58] /home/travis/build/icyphy/ptII/ptolemy/domains/de/test/auto/ResettableTimer1.xml (RunModel)" time="0.01" />
  <testcase classname="ptolemy.util.test.junit.AutoTests" name="[59] /home/travis/build/icyphy/ptII/ptolemy/domains/de/test/auto/ResettableTimer2.xml (RunModel)" time="0.01" />
  <testcase classname="ptolemy.util.test.junit.AutoTests" name="[60] /home/travis/build/icyphy/ptII/ptolemy/domains/de/test/auto/ResettableTimer3.xml (RunModel)" time="0.009" />
  <testcase classname="ptolemy.util.test.junit.AutoTests" name="[61] /home/travis/build/icyphy/ptII/ptolemy/domains/de/test/auto/ResettableTimer4.xml (RunModel)" time="0.008" />
  <testcase classname="ptolemy.util.test.junit.AutoTests" name="[62] /home/travis/build/icyphy/ptII/ptolemy/domains/de/test/auto/ResettableTimer5.xml (RunModel)" time="0.009" />
  <testcase classname="ptolemy.util.test.junit.AutoTests" name="[63] /home/travis/build/icyphy/ptII/ptolemy/domains/de/test/auto/ResettableTimer6.xml (RunModel)" time="0.01" />
  <testcase classname="ptolemy.util.test.junit.AutoTests" name="[64] /home/travis/build/icyphy/ptII/ptolemy/domains/de/test/auto/ServerZeroDelay.xml (RunModel)" time="0.008" />
  <testcase classname="ptolemy.util.test.junit.AutoTests" name="[65] /home/travis/build/icyphy/ptII/ptolemy/domains/de/test/auto/SmartSender.xml (RunModel)" time="3.007" />
  <testcase classname="ptolemy.util.test.junit.AutoTests" name="[66] /home/travis/build/icyphy/ptII/ptolemy/domains/de/test/auto/ThreadedComposite.xml (RunModel)" time="0.207" />
  <testcase classname="ptolemy.util.test.junit.AutoTests" name="[67] /home/travis/build/icyphy/ptII/ptolemy/domains/de/test/auto/Time.xml (RunModel)" time="0.428" />
  <testcase classname="ptolemy.util.test.junit.AutoTests" name="[68] /home/travis/build/icyphy/ptII/ptolemy/domains/de/test/auto/TimeDelayZeroDelay.xml (RunModel)" time="0.01" />
  <testcase classname="ptolemy.util.test.junit.AutoTests" name="[69] /home/travis/build/icyphy/ptII/ptolemy/domains/de/test/auto/TimerZeroDelay.xml (RunModel)" time="0.009" />
  <testcase classname="ptolemy.util.test.junit.AutoTests" name="[70] /home/travis/build/icyphy/ptII/ptolemy/domains/de/test/auto/TimingParadox.xml (RunModel)" time="0.34" />
  <testcase classname="ptolemy.util.test.junit.AutoTests" name="[71] /home/travis/build/icyphy/ptII/ptolemy/domains/de/test/auto/TransferInputs.xml (RunModel)" time="0.008" />
  <testcase classname="ptolemy.util.test.junit.AutoTests" name="[72] /home/travis/build/icyphy/ptII/ptolemy/domains/de/test/auto/TransferOutputs2.xml (RunModel)" time="0.017" />
  <testcase classname="ptolemy.util.test.junit.AutoTests" name="[73] /home/travis/build/icyphy/ptII/ptolemy/domains/de/test/auto/Trilateration.xml (RunModel)" time="11.036" />
  <testcase classname="ptolemy.util.test.junit.AutoTests" name="[74] /home/travis/build/icyphy/ptII/ptolemy/domains/de/test/auto/TwoSigmaDelta.xml (RunModel)" time="1.944" />
  <testcase classname="ptolemy.util.test.junit.AutoTests" name="[75] /home/travis/build/icyphy/ptII/ptolemy/domains/de/test/auto/VariableDelay.xml (RunModel)" time="0.01" />
  <testcase classname="ptolemy.util.test.junit.AutoTests" name="[76] /home/travis/build/icyphy/ptII/ptolemy/domains/de/test/auto/VariableDelay2.xml (RunModel)" time="0.009" />
  <testcase classname="ptolemy.util.test.junit.AutoTests" name="[77] /home/travis/build/icyphy/ptII/ptolemy/domains/de/test/auto/VariableDelayZeroDelay.xml (RunModel)" time="0.009" />
  <testcase classname="ptolemy.util.test.junit.AutoTests" name="[78] /home/travis/build/icyphy/ptII/ptolemy/domains/de/test/auto/VariableDelayZeroDelay2.xml (RunModel)" time="0.009" />
  <testcase classname="ptolemy.util.test.junit.AutoTests" name="[79] /home/travis/build/icyphy/ptII/ptolemy/domains/de/test/auto/deInCt.xml (RunModel)" time="0.017" />
  <testcase classname="ptolemy.util.test.junit.AutoTests" name="[80] /home/travis/build/icyphy/ptII/ptolemy/domains/de/test/auto/deInCt2.xml (RunModel)" time="0.019" />
  <testcase classname="ptolemy.util.test.junit.AutoTests" name="[81] /home/travis/build/icyphy/ptII/ptolemy/domains/de/test/auto/dynamicCausalityInterface1.xml (RunModel)" time="0.018" />
  <testcase classname="ptolemy.util.test.junit.AutoTests" name="[82] /home/travis/build/icyphy/ptII/ptolemy/domains/de/test/auto/fsm_de_test.xml (RunModel)" time="0.028" />
  <testcase classname="ptolemy.util.test.junit.AutoTests" name="[83] /home/travis/build/icyphy/ptII/ptolemy/domains/de/test/auto/functionDependencyReconstruction.xml (RunModel)" time="0.037" />
  <testcase classname="ptolemy.util.test.junit.AutoTests" name="[84] /home/travis/build/icyphy/ptII/ptolemy/domains/de/test/auto/multirate.xml (RunModel)" time="0.015" />
  <testcase classname="ptolemy.util.test.junit.AutoTests" name="[85] /home/travis/build/icyphy/ptII/ptolemy/domains/de/test/auto/multirate2.xml (RunModel)" time="0.018" />
  <testcase classname="ptolemy.util.test.junit.AutoTests" name="[86] /home/travis/build/icyphy/ptII/ptolemy/domains/de/test/auto/realtime.xml (RunModel)" time="10.01" />
  <testcase classname="ptolemy.util.test.junit.AutoTests" name="[87] /home/travis/build/icyphy/ptII/ptolemy/domains/de/test/auto/relationGroup.xml (RunModel)" time="0.006" />
  <testcase classname="ptolemy.util.test.junit.AutoTests" name="[88] /home/travis/build/icyphy/ptII/ptolemy/domains/de/test/auto/relationGroup2.xml (RunModel)" time="0.006" />
  <testcase classname="ptolemy.util.test.junit.AutoTests" name="[89] /home/travis/build/icyphy/ptII/ptolemy/domains/de/test/auto/sortWithOpaquePorts.xml (RunModel)" time="0.015" />
  <testcase classname="ptolemy.util.test.junit.AutoTests" name="[90] /home/travis/build/icyphy/ptII/ptolemy/domains/de/test/auto/transferInputsandOutputs.xml (RunModel)" time="0.024" />
  <testcase classname="ptolemy.util.test.junit.AutoTests" name="[91] /home/travis/build/icyphy/ptII/ptolemy/domains/de/test/auto/triggerType.xml (RunModel)" time="0.008" />
  <system-out><![CDATA[/home/travis/build/icyphy/ptII/ptolemy/domains/de/test/DependencyLoop.tcl
testDefs.tcl: setting time out to 9000 seconds at Thu May 10 15:03:08 UTC 2018
13 ms. Memory: 116224K Free: 95065K (82%)
6 ms. Memory: 146944K Free: 138642K (94%)
/home/travis/build/icyphy/ptII/ptolemy/domains/de/test/RunDETestsAsQSS.tcl
Run the DE tests using ptolemy.domains.qss.test.QSSDirectorTest, which extends QSSDirector and prints a message in the constructors.
------------------ testing $PTII/ptolemy/domains/de/test/auto/knownFailedTests/dependencyLoop.xml (Known Failure) 
14 ms. Memory: 146944K Free: 134369K (91%)


==== $PTIIhome/travis/build/icyphy/ptII/ptolemy/domains/de/test/../../../../: Auto Automatic test in file $PTII/ptolemy/domains/de/test/auto/knownFailedTests/dependencyLoop.xml
==== Contents of test case:

	    # FIXME: we should use $relativeFilename here, but it
	    # might have backslashes under Windows, which causes no end
	    # of trouble.
	    createAndExecute $file
	    list {}
	
.... Test generated KNOWN error:
    while executing
ptolemy.kernel.util.IllegalActionException: Found a zero delay loop containing .dependencyLoop.original
  in .dependencyLoop and .dependencyLoop.original
	at ptolemy.actor.util.CausalityInterfaceForComposites._computeOutputPortDepth(CausalityInterfaceForComposites.java:759)
	at ptolemy.actor.util.CausalityInterfaceForComposites._computeInputDepth(CausalityInterfaceForComposites.java:696)
	at ptolemy.actor.util.CausalityInterfaceForComposites._computeOutputPortDepth(CausalityInterfaceForComposites.java:765)
	at ptolemy.actor.util.CausalityInterfaceForComposites._computeInputDepth(CausalityInterfaceForComposites.java:696)
	at ptolemy.actor.util.CausalityInterfaceForComposites._computeOutputPortDepth(CausalityInterfaceForComposites.java:765)
	at ptolemy.actor.util.CausalityInterfaceForComposites._computeInputDepth(CausalityInterfaceForComposites.java:696)
	at ptolemy.actor.util.CausalityInterfaceForComposites._computeActorDepth(CausalityInterfaceForComposites.java:532)
	at ptolemy.actor.util.CausalityInterfaceForComposites.checkForCycles(CausalityInterfaceForComposites.java:96)
	at ptolemy.domains.de.kernel.DEDirector.preinitialize(DEDirector.java:1337)
	at ptolemy.actor.CompositeActor.preinitialize(CompositeActor.java:1828)
	at ptolemy.actor.Manager.preinitializeAndResolveTypes(Manager.java:1040)
	at ptolemy.actor.Manager.initialize(Manager.java:710)
	at ptolemy.actor.Manager.execute(Manager.java:356)
	at ptolemy.actor.Manager.run(Manager.java:1263)
	at ptolemy.actor.Manager$PtolemyRunThread.run(Manager.java:1915)

    while executing
ptolemy.kernel.util.IllegalActionException: Found a zero delay loop containing .dependencyLoop.original
  in .dependencyLoop and .dependencyLoop.original
    while executing
"java::new ptolemy.moml.MoMLSimpleApplication $file
"
    (procedure "createAndExecute" line 2)
    invoked from within
"createAndExecute $file"
    ("uplevel" body line 5)
    invoked from within
"uplevel $contents_of_test"
------------------ testing $PTII/ptolemy/domains/de/test/auto/knownFailedTests/DESDFClockTest.xml (Known Failure) 
2136 ms. Memory: 146944K Free: 118316K (81%)


==== $PTIIhome/travis/build/icyphy/ptII/ptolemy/domains/de/test/../../../../: Auto Automatic test in file $PTII/ptolemy/domains/de/test/auto/knownFailedTests/DESDFClockTest.xml
==== Contents of test case:

	    # FIXME: we should use $relativeFilename here, but it
	    # might have backslashes under Windows, which causes no end
	    # of trouble.
	    createAndExecute $file
	    list {}
	
.... Test generated KNOWN error:
    while executing
ptolemy.kernel.util.IllegalActionException: Actor is not ready to fire.  Perhaps UpSample.prefire() returned false? Try debugging the actor by selecting "Listen to Actor".  Also, for SDF check moml for tokenConsumptionRate on input.
  in .DESDFClockTest.Play Bell.Copy1:SDF Director and .DESDFClockTest.Play Bell.UpSample
	at ptolemy.actor.sched.StaticSchedulingDirector.fire(StaticSchedulingDirector.java:227)
	at ptolemy.domains.sdf.kernel.SDFDirector.fire(SDFDirector.java:500)
	at ptolemy.actor.CompositeActor.fire(CompositeActor.java:455)
	at ptolemy.domains.de.kernel.DEDirector._fire(DEDirector.java:1948)
	at ptolemy.domains.de.kernel.DEDirector.fire(DEDirector.java:502)
	at ptolemy.actor.CompositeActor.fire(CompositeActor.java:455)
	at ptolemy.actor.Manager.iterate(Manager.java:851)
	at ptolemy.actor.Manager.execute(Manager.java:369)
	at ptolemy.actor.Manager.run(Manager.java:1263)
	at ptolemy.actor.Manager$PtolemyRunThread.run(Manager.java:1915)

    while executing
ptolemy.kernel.util.IllegalActionException: Actor is not ready to fire.  Perhaps UpSample.prefire() returned false? Try debugging the actor by selecting "Listen to Actor".  Also, for SDF check moml for tokenConsumptionRate on input.
  in .DESDFClockTest.Play Bell.Copy1:SDF Director and .DESDFClockTest.Play Bell.UpSample
    while executing
"java::new ptolemy.moml.MoMLSimpleApplication $file
"
    (procedure "createAndExecute" line 2)
    invoked from within
"createAndExecute $file"
    ("uplevel" body line 5)
    invoked from within
"uplevel $contents_of_test"
------------------ testing $PTII/ptolemy/domains/de/test/auto/knownFailedTests/FSMSource.xml (Known Failure) 
54 ms. Memory: 146944K Free: 109350K (74%)
!!!! Auto was marked as failing, but now passes
------------------ testing $PTII/ptolemy/domains/de/test/auto/knownFailedTests/dependencyLoop2.xml (Known Failure) 
12 ms. Memory: 146944K Free: 107466K (73%)


==== $PTIIhome/travis/build/icyphy/ptII/ptolemy/domains/de/test/../../../../: Auto Automatic test in file $PTII/ptolemy/domains/de/test/auto/knownFailedTests/dependencyLoop2.xml
==== Contents of test case:

	    # FIXME: we should use $relativeFilename here, but it
	    # might have backslashes under Windows, which causes no end
	    # of trouble.
	    createAndExecute $file
	    list {}
	
.... Test generated KNOWN error:
    while executing
ptolemy.kernel.util.IllegalActionException: Found a zero delay loop containing .dependencyLoop2.original
  in .dependencyLoop2 and .dependencyLoop2.original
	at ptolemy.actor.util.CausalityInterfaceForComposites._computeOutputPortDepth(CausalityInterfaceForComposites.java:759)
	at ptolemy.actor.util.CausalityInterfaceForComposites._computeInputDepth(CausalityInterfaceForComposites.java:696)
	at ptolemy.actor.util.CausalityInterfaceForComposites._computeOutputPortDepth(CausalityInterfaceForComposites.java:765)
	at ptolemy.actor.util.CausalityInterfaceForComposites._computeInputDepth(CausalityInterfaceForComposites.java:696)
	at ptolemy.actor.util.CausalityInterfaceForComposites._computeOutputPortDepth(CausalityInterfaceForComposites.java:765)
	at ptolemy.actor.util.CausalityInterfaceForComposites._computeInputDepth(CausalityInterfaceForComposites.java:696)
	at ptolemy.actor.util.CausalityInterfaceForComposites._computeActorDepth(CausalityInterfaceForComposites.java:532)
	at ptolemy.actor.util.CausalityInterfaceForComposites.checkForCycles(CausalityInterfaceForComposites.java:96)
	at ptolemy.domains.de.kernel.DEDirector.preinitialize(DEDirector.java:1337)
	at ptolemy.actor.CompositeActor.preinitialize(CompositeActor.java:1828)
	at ptolemy.actor.Manager.preinitializeAndResolveTypes(Manager.java:1040)
	at ptolemy.actor.Manager.initialize(Manager.java:710)
	at ptolemy.actor.Manager.execute(Manager.java:356)
	at ptolemy.actor.Manager.run(Manager.java:1263)
	at ptolemy.actor.Manager$PtolemyRunThread.run(Manager.java:1915)

    while executing
ptolemy.kernel.util.IllegalActionException: Found a zero delay loop containing .dependencyLoop2.original
  in .dependencyLoop2 and .dependencyLoop2.original
    while executing
"java::new ptolemy.moml.MoMLSimpleApplication $file
"
    (procedure "createAndExecute" line 2)
    invoked from within
"createAndExecute $file"
    ("uplevel" body line 5)
    invoked from within
"uplevel $contents_of_test"
------------------ testing $PTII/ptolemy/domains/de/test/auto/knownFailedTests/HierarchicalModel.xml (Known Failure) 
4 ms. Memory: 146944K Free: 86960K (59%)


==== $PTIIhome/travis/build/icyphy/ptII/ptolemy/domains/de/test/../../../../: Auto Automatic test in file $PTII/ptolemy/domains/de/test/auto/knownFailedTests/HierarchicalModel.xml
==== Contents of test case:

	    # FIXME: we should use $relativeFilename here, but it
	    # might have backslashes under Windows, which causes no end
	    # of trouble.
	    createAndExecute $file
	    list {}
	
.... Test generated KNOWN error:
    while executing
ptolemy.kernel.util.IllegalActionException: Found a zero delay loop containing .HierarchicalModel.A
  in .HierarchicalModel and .HierarchicalModel.A
	at ptolemy.actor.util.CausalityInterfaceForComposites._computeOutputPortDepth(CausalityInterfaceForComposites.java:759)
	at ptolemy.actor.util.CausalityInterfaceForComposites._computeInputDepth(CausalityInterfaceForComposites.java:696)
	at ptolemy.actor.util.CausalityInterfaceForComposites._computeOutputPortDepth(CausalityInterfaceForComposites.java:765)
	at ptolemy.actor.util.CausalityInterfaceForComposites._computeInputDepth(CausalityInterfaceForComposites.java:696)
	at ptolemy.actor.util.CausalityInterfaceForComposites._computeOutputPortDepth(CausalityInterfaceForComposites.java:765)
	at ptolemy.actor.util.CausalityInterfaceForComposites._computeInputDepth(CausalityInterfaceForComposites.java:696)
	at ptolemy.actor.util.CausalityInterfaceForComposites._computeActorDepth(CausalityInterfaceForComposites.java:532)
	at ptolemy.actor.util.CausalityInterfaceForComposites.checkForCycles(CausalityInterfaceForComposites.java:96)
	at ptolemy.domains.de.kernel.DEDirector.preinitialize(DEDirector.java:1337)
	at ptolemy.actor.CompositeActor.preinitialize(CompositeActor.java:1828)
	at ptolemy.actor.Manager.preinitializeAndResolveTypes(Manager.java:1040)
	at ptolemy.actor.Manager.initialize(Manager.java:710)
	at ptolemy.actor.Manager.execute(Manager.java:356)
	at ptolemy.actor.Manager.run(Manager.java:1263)
	at ptolemy.actor.Manager$PtolemyRunThread.run(Manager.java:1915)

    while executing
ptolemy.kernel.util.IllegalActionException: Found a zero delay loop containing .HierarchicalModel.A
  in .HierarchicalModel and .HierarchicalModel.A
    while executing
"java::new ptolemy.moml.MoMLSimpleApplication $file
"
    (procedure "createAndExecute" line 2)
    invoked from within
"createAndExecute $file"
    ("uplevel" body line 5)
    invoked from within
"uplevel $contents_of_test"
------------------ testing $PTII/ptolemy/domains/de/test/auto/knownFailedTests/DirectFeedback.xml (Known Failure) 
15 ms. Memory: 146944K Free: 141464K (96%)


==== $PTIIhome/travis/build/icyphy/ptII/ptolemy/domains/de/test/../../../../: Auto Automatic test in file $PTII/ptolemy/domains/de/test/auto/knownFailedTests/DirectFeedback.xml
==== Contents of test case:

	    # FIXME: we should use $relativeFilename here, but it
	    # might have backslashes under Windows, which causes no end
	    # of trouble.
	    createAndExecute $file
	    list {}
	
.... Test generated KNOWN error:
    while executing
ptolemy.kernel.util.IllegalActionException: Test fails in iteration 1.
Value was: 1.0. Should have been: 2.0
  in .DirectFeedback.Test
	at ptolemy.actor.lib.Test.fire(Test.java:268)
	at ptolemy.domains.de.kernel.DEDirector._fire(DEDirector.java:1948)
	at ptolemy.domains.de.kernel.DEDirector.fire(DEDirector.java:502)
	at ptolemy.actor.CompositeActor.fire(CompositeActor.java:455)
	at ptolemy.actor.Manager.iterate(Manager.java:851)
	at ptolemy.actor.Manager.execute(Manager.java:369)
	at ptolemy.actor.Manager.run(Manager.java:1263)
	at ptolemy.actor.Manager$PtolemyRunThread.run(Manager.java:1915)

    while executing
ptolemy.kernel.util.IllegalActionException: Test fails in iteration 1.
Value was: 1.0. Should have been: 2.0
  in .DirectFeedback.Test
    while executing
"java::new ptolemy.moml.MoMLSimpleApplication $file
"
    (procedure "createAndExecute" line 2)
    invoked from within
"createAndExecute $file"
    ("uplevel" body line 5)
    invoked from within
"uplevel $contents_of_test"
------------------ testing $PTII/ptolemy/domains/de/test/auto/ActorDepthCalculation_actorWithoutPorts.xml
auto.tcl: Setting watchdog for 200 seconds at Thu May 10 15:03:12 UTC 2018
4 ms. Memory: 146944K Free: 132723K (90%)
ptolemy.util.test.WatchDog.cancel(): canceling Thu May 10 15:03:12 UTC 2018
auto.tcl: Setting watchdog for 200 seconds at Thu May 10 15:03:12 UTC 2018
4 ms. Memory: 146944K Free: 131692K (90%)
ptolemy.util.test.WatchDog.cancel(): canceling Thu May 10 15:03:12 UTC 2018
------------------ testing $PTII/ptolemy/domains/de/test/auto/AssemblyLine.xml
auto.tcl: Setting watchdog for 200 seconds at Thu May 10 15:03:12 UTC 2018
35 ms. Memory: 208384K Free: 186038K (89%)
ptolemy.util.test.WatchDog.cancel(): canceling Thu May 10 15:03:13 UTC 2018
auto.tcl: Setting watchdog for 200 seconds at Thu May 10 15:03:13 UTC 2018
7 ms. Memory: 208384K Free: 186038K (89%)
ptolemy.util.test.WatchDog.cancel(): canceling Thu May 10 15:03:13 UTC 2018
------------------ testing $PTII/ptolemy/domains/de/test/auto/CQBug1.xml
auto.tcl: Setting watchdog for 200 seconds at Thu May 10 15:03:13 UTC 2018
3 ms. Memory: 208384K Free: 197249K (95%)
ptolemy.util.test.WatchDog.cancel(): canceling Thu May 10 15:03:13 UTC 2018
auto.tcl: Setting watchdog for 200 seconds at Thu May 10 15:03:13 UTC 2018
2 ms. Memory: 208384K Free: 197249K (95%)
ptolemy.util.test.WatchDog.cancel(): canceling Thu May 10 15:03:13 UTC 2018
------------------ testing $PTII/ptolemy/domains/de/test/auto/CancelFireAt.xml
auto.tcl: Setting watchdog for 200 seconds at Thu May 10 15:03:13 UTC 2018
10 ms. Memory: 208384K Free: 200943K (96%)
ptolemy.util.test.WatchDog.cancel(): canceling Thu May 10 15:03:13 UTC 2018
auto.tcl: Setting watchdog for 200 seconds at Thu May 10 15:03:13 UTC 2018
2 ms. Memory: 208384K Free: 198865K (95%)
ptolemy.util.test.WatchDog.cancel(): canceling Thu May 10 15:03:13 UTC 2018
------------------ testing $PTII/ptolemy/domains/de/test/auto/CausalityAndComposabilityAnalysis.xml
auto.tcl: Setting watchdog for 200 seconds at Thu May 10 15:03:13 UTC 2018
18 ms. Memory: 208384K Free: 196800K (94%)
ptolemy.util.test.WatchDog.cancel(): canceling Thu May 10 15:03:13 UTC 2018
auto.tcl: Setting watchdog for 200 seconds at Thu May 10 15:03:13 UTC 2018
4 ms. Memory: 208384K Free: 196800K (94%)
ptolemy.util.test.WatchDog.cancel(): canceling Thu May 10 15:03:13 UTC 2018
------------------ testing $PTII/ptolemy/domains/de/test/auto/CausalityInterface1.xml
auto.tcl: Setting watchdog for 200 seconds at Thu May 10 15:03:13 UTC 2018
24 ms. Memory: 208384K Free: 196328K (94%)
ptolemy.util.test.WatchDog.cancel(): canceling Thu May 10 15:03:13 UTC 2018
auto.tcl: Setting watchdog for 200 seconds at Thu May 10 15:03:13 UTC 2018
4 ms. Memory: 208384K Free: 196328K (94%)
ptolemy.util.test.WatchDog.cancel(): canceling Thu May 10 15:03:13 UTC 2018
------------------ testing $PTII/ptolemy/domains/de/test/auto/CausalityInterface15.xml
auto.tcl: Setting watchdog for 200 seconds at Thu May 10 15:03:13 UTC 2018
12 ms. Memory: 208384K Free: 196311K (94%)
ptolemy.util.test.WatchDog.cancel(): canceling Thu May 10 15:03:13 UTC 2018
auto.tcl: Setting watchdog for 200 seconds at Thu May 10 15:03:13 UTC 2018
4 ms. Memory: 208384K Free: 194236K (93%)
ptolemy.util.test.WatchDog.cancel(): canceling Thu May 10 15:03:13 UTC 2018
------------------ testing $PTII/ptolemy/domains/de/test/auto/CausalityInterface2.xml
auto.tcl: Setting watchdog for 200 seconds at Thu May 10 15:03:13 UTC 2018
10 ms. Memory: 208384K Free: 196296K (94%)
ptolemy.util.test.WatchDog.cancel(): canceling Thu May 10 15:03:13 UTC 2018
auto.tcl: Setting watchdog for 200 seconds at Thu May 10 15:03:13 UTC 2018
2 ms. Memory: 208384K Free: 196296K (94%)
ptolemy.util.test.WatchDog.cancel(): canceling Thu May 10 15:03:13 UTC 2018
------------------ testing $PTII/ptolemy/domains/de/test/auto/CausalityInterface3.xml
auto.tcl: Setting watchdog for 200 seconds at Thu May 10 15:03:13 UTC 2018
6 ms. Memory: 208384K Free: 196641K (94%)
ptolemy.util.test.WatchDog.cancel(): canceling Thu May 10 15:03:13 UTC 2018
auto.tcl: Setting watchdog for 200 seconds at Thu May 10 15:03:13 UTC 2018
2 ms. Memory: 208384K Free: 196303K (94%)
ptolemy.util.test.WatchDog.cancel(): canceling Thu May 10 15:03:13 UTC 2018
------------------ testing $PTII/ptolemy/domains/de/test/auto/ClockDrift.xml
auto.tcl: Setting watchdog for 200 seconds at Thu May 10 15:03:13 UTC 2018
88 ms. Memory: 208384K Free: 187610K (90%)
ptolemy.util.test.WatchDog.cancel(): canceling Thu May 10 15:03:13 UTC 2018
auto.tcl: Setting watchdog for 200 seconds at Thu May 10 15:03:13 UTC 2018
63 ms. Memory: 208384K Free: 185535K (89%)
ptolemy.util.test.WatchDog.cancel(): canceling Thu May 10 15:03:14 UTC 2018
------------------ testing $PTII/ptolemy/domains/de/test/auto/ClockDriftAndValueChange.xml
auto.tcl: Setting watchdog for 200 seconds at Thu May 10 15:03:14 UTC 2018
33 ms. Memory: 208384K Free: 187445K (90%)
ptolemy.util.test.WatchDog.cancel(): canceling Thu May 10 15:03:14 UTC 2018
auto.tcl: Setting watchdog for 200 seconds at Thu May 10 15:03:14 UTC 2018
36 ms. Memory: 208384K Free: 185370K (89%)
ptolemy.util.test.WatchDog.cancel(): canceling Thu May 10 15:03:14 UTC 2018
------------------ testing $PTII/ptolemy/domains/de/test/auto/ClockDriftChange.xml
auto.tcl: Setting watchdog for 200 seconds at Thu May 10 15:03:14 UTC 2018
21 ms. Memory: 208384K Free: 190748K (92%)
ptolemy.util.test.WatchDog.cancel(): canceling Thu May 10 15:03:14 UTC 2018
auto.tcl: Setting watchdog for 200 seconds at Thu May 10 15:03:14 UTC 2018
27 ms. Memory: 208384K Free: 188674K (91%)
ptolemy.util.test.WatchDog.cancel(): canceling Thu May 10 15:03:14 UTC 2018
------------------ testing $PTII/ptolemy/domains/de/test/auto/ComposableCausalityAnalysis.xml
auto.tcl: Setting watchdog for 200 seconds at Thu May 10 15:03:14 UTC 2018
2 ms. Memory: 208384K Free: 196165K (94%)
ptolemy.util.test.WatchDog.cancel(): canceling Thu May 10 15:03:14 UTC 2018
auto.tcl: Setting watchdog for 200 seconds at Thu May 10 15:03:14 UTC 2018
2 ms. Memory: 208384K Free: 194090K (93%)
ptolemy.util.test.WatchDog.cancel(): canceling Thu May 10 15:03:14 UTC 2018
------------------ testing $PTII/ptolemy/domains/de/test/auto/DEFixedPointLimitation.xml
auto.tcl: Setting watchdog for 200 seconds at Thu May 10 15:03:14 UTC 2018
2 ms. Memory: 208384K Free: 196244K (94%)
ptolemy.util.test.WatchDog.cancel(): canceling Thu May 10 15:03:14 UTC 2018
auto.tcl: Setting watchdog for 200 seconds at Thu May 10 15:03:14 UTC 2018
1 ms. Memory: 208384K Free: 196244K (94%)
ptolemy.util.test.WatchDog.cancel(): canceling Thu May 10 15:03:14 UTC 2018
------------------ testing $PTII/ptolemy/domains/de/test/auto/DEScheduleTest.xml
auto.tcl: Setting watchdog for 200 seconds at Thu May 10 15:03:14 UTC 2018
5 ms. Memory: 208384K Free: 198692K (95%)
ptolemy.util.test.WatchDog.cancel(): canceling Thu May 10 15:03:14 UTC 2018
auto.tcl: Setting watchdog for 200 seconds at Thu May 10 15:03:14 UTC 2018
5 ms. Memory: 208384K Free: 196280K (94%)
ptolemy.util.test.WatchDog.cancel(): canceling Thu May 10 15:03:14 UTC 2018
------------------ testing $PTII/ptolemy/domains/de/test/auto/DEinDEwithStartTimes.xml
auto.tcl: Setting watchdog for 200 seconds at Thu May 10 15:03:14 UTC 2018
6 ms. Memory: 208384K Free: 196249K (94%)
ptolemy.util.test.WatchDog.cancel(): canceling Thu May 10 15:03:14 UTC 2018
auto.tcl: Setting watchdog for 200 seconds at Thu May 10 15:03:14 UTC 2018
3 ms. Memory: 208384K Free: 194174K (93%)
ptolemy.util.test.WatchDog.cancel(): canceling Thu May 10 15:03:14 UTC 2018
------------------ testing $PTII/ptolemy/domains/de/test/auto/DEinDEwithStartTimes2.xml
auto.tcl: Setting watchdog for 200 seconds at Thu May 10 15:03:14 UTC 2018
9 ms. Memory: 208384K Free: 196229K (94%)
ptolemy.util.test.WatchDog.cancel(): canceling Thu May 10 15:03:14 UTC 2018
auto.tcl: Setting watchdog for 200 seconds at Thu May 10 15:03:14 UTC 2018
5 ms. Memory: 208384K Free: 194154K (93%)
ptolemy.util.test.WatchDog.cancel(): canceling Thu May 10 15:03:14 UTC 2018
------------------ testing $PTII/ptolemy/domains/de/test/auto/DateDemo.xml
auto.tcl: Setting watchdog for 200 seconds at Thu May 10 15:03:14 UTC 2018
15 ms. Memory: 208384K Free: 188752K (91%)
ptolemy.util.test.WatchDog.cancel(): canceling Thu May 10 15:03:14 UTC 2018
auto.tcl: Setting watchdog for 200 seconds at Thu May 10 15:03:14 UTC 2018
9 ms. Memory: 208384K Free: 186677K (90%)
ptolemy.util.test.WatchDog.cancel(): canceling Thu May 10 15:03:14 UTC 2018
------------------ testing $PTII/ptolemy/domains/de/test/auto/DateToEvent.xml
auto.tcl: Setting watchdog for 200 seconds at Thu May 10 15:03:15 UTC 2018
2018 ms. Memory: 208384K Free: 183551K (88%)
ptolemy.util.test.WatchDog.cancel(): canceling Thu May 10 15:03:17 UTC 2018
auto.tcl: Setting watchdog for 200 seconds at Thu May 10 15:03:17 UTC 2018
2004 ms. Memory: 208384K Free: 179019K (86%)
ptolemy.util.test.WatchDog.cancel(): canceling Thu May 10 15:03:19 UTC 2018
------------------ testing $PTII/ptolemy/domains/de/test/auto/DepthTest1.xml
auto.tcl: Setting watchdog for 200 seconds at Thu May 10 15:03:19 UTC 2018
11 ms. Memory: 208384K Free: 197541K (95%)
ptolemy.util.test.WatchDog.cancel(): canceling Thu May 10 15:03:19 UTC 2018
auto.tcl: Setting watchdog for 200 seconds at Thu May 10 15:03:19 UTC 2018
10 ms. Memory: 208384K Free: 197541K (95%)
ptolemy.util.test.WatchDog.cancel(): canceling Thu May 10 15:03:19 UTC 2018
------------------ testing $PTII/ptolemy/domains/de/test/auto/DepthTest2.xml
auto.tcl: Setting watchdog for 200 seconds at Thu May 10 15:03:19 UTC 2018
3 ms. Memory: 208384K Free: 193793K (93%)
ptolemy.util.test.WatchDog.cancel(): canceling Thu May 10 15:03:19 UTC 2018
auto.tcl: Setting watchdog for 200 seconds at Thu May 10 15:03:19 UTC 2018
5 ms. Memory: 208384K Free: 193793K (93%)
ptolemy.util.test.WatchDog.cancel(): canceling Thu May 10 15:03:19 UTC 2018
------------------ testing $PTII/ptolemy/domains/de/test/auto/DepthTest3.xml
auto.tcl: Setting watchdog for 200 seconds at Thu May 10 15:03:19 UTC 2018
3 ms. Memory: 208384K Free: 197875K (95%)
ptolemy.util.test.WatchDog.cancel(): canceling Thu May 10 15:03:19 UTC 2018
auto.tcl: Setting watchdog for 200 seconds at Thu May 10 15:03:19 UTC 2018
2 ms. Memory: 208384K Free: 197875K (95%)
ptolemy.util.test.WatchDog.cancel(): canceling Thu May 10 15:03:19 UTC 2018
------------------ testing $PTII/ptolemy/domains/de/test/auto/DepthTest4.xml
auto.tcl: Setting watchdog for 200 seconds at Thu May 10 15:03:19 UTC 2018
6 ms. Memory: 208384K Free: 195887K (94%)
ptolemy.util.test.WatchDog.cancel(): canceling Thu May 10 15:03:19 UTC 2018
auto.tcl: Setting watchdog for 200 seconds at Thu May 10 15:03:19 UTC 2018
2 ms. Memory: 208384K Free: 195887K (94%)
ptolemy.util.test.WatchDog.cancel(): canceling Thu May 10 15:03:19 UTC 2018
------------------ testing $PTII/ptolemy/domains/de/test/auto/DepthTest5.xml
auto.tcl: Setting watchdog for 200 seconds at Thu May 10 15:03:19 UTC 2018
5 ms. Memory: 208384K Free: 195835K (94%)
ptolemy.util.test.WatchDog.cancel(): canceling Thu May 10 15:03:19 UTC 2018
auto.tcl: Setting watchdog for 200 seconds at Thu May 10 15:03:19 UTC 2018
3 ms. Memory: 208384K Free: 195835K (94%)
ptolemy.util.test.WatchDog.cancel(): canceling Thu May 10 15:03:19 UTC 2018
------------------ testing $PTII/ptolemy/domains/de/test/auto/DepthTest6.xml
auto.tcl: Setting watchdog for 200 seconds at Thu May 10 15:03:19 UTC 2018
4 ms. Memory: 208384K Free: 195811K (94%)
ptolemy.util.test.WatchDog.cancel(): canceling Thu May 10 15:03:19 UTC 2018
auto.tcl: Setting watchdog for 200 seconds at Thu May 10 15:03:19 UTC 2018
2 ms. Memory: 208384K Free: 195811K (94%)
ptolemy.util.test.WatchDog.cancel(): canceling Thu May 10 15:03:19 UTC 2018
------------------ testing $PTII/ptolemy/domains/de/test/auto/DepthTest7.xml
auto.tcl: Setting watchdog for 200 seconds at Thu May 10 15:03:19 UTC 2018
3 ms. Memory: 208384K Free: 195807K (94%)
ptolemy.util.test.WatchDog.cancel(): canceling Thu May 10 15:03:19 UTC 2018
auto.tcl: Setting watchdog for 200 seconds at Thu May 10 15:03:19 UTC 2018
2 ms. Memory: 208384K Free: 195807K (94%)
ptolemy.util.test.WatchDog.cancel(): canceling Thu May 10 15:03:19 UTC 2018
------------------ testing $PTII/ptolemy/domains/de/test/auto/EventToDate.xml
auto.tcl: Setting watchdog for 200 seconds at Thu May 10 15:03:19 UTC 2018
3015 ms. Memory: 208384K Free: 182999K (88%)
ptolemy.util.test.WatchDog.cancel(): canceling Thu May 10 15:03:22 UTC 2018
auto.tcl: Setting watchdog for 200 seconds at Thu May 10 15:03:22 UTC 2018
3005 ms. Memory: 208384K Free: 182999K (88%)
ptolemy.util.test.WatchDog.cancel(): canceling Thu May 10 15:03:25 UTC 2018
------------------ testing $PTII/ptolemy/domains/de/test/auto/FSM1.xml
auto.tcl: Setting watchdog for 200 seconds at Thu May 10 15:03:25 UTC 2018
17 ms. Memory: 208384K Free: 186835K (90%)
ptolemy.util.test.WatchDog.cancel(): canceling Thu May 10 15:03:25 UTC 2018
auto.tcl: Setting watchdog for 200 seconds at Thu May 10 15:03:25 UTC 2018
14 ms. Memory: 208384K Free: 184761K (89%)
ptolemy.util.test.WatchDog.cancel(): canceling Thu May 10 15:03:25 UTC 2018
------------------ testing $PTII/ptolemy/domains/de/test/auto/FSM7.xml
auto.tcl: Setting watchdog for 200 seconds at Thu May 10 15:03:25 UTC 2018
17 ms. Memory: 208384K Free: 187039K (90%)
ptolemy.util.test.WatchDog.cancel(): canceling Thu May 10 15:03:26 UTC 2018
auto.tcl: Setting watchdog for 200 seconds at Thu May 10 15:03:26 UTC 2018
18 ms. Memory: 208384K Free: 184948K (89%)
ptolemy.util.test.WatchDog.cancel(): canceling Thu May 10 15:03:26 UTC 2018
------------------ testing $PTII/ptolemy/domains/de/test/auto/Inspection.xml
auto.tcl: Setting watchdog for 200 seconds at Thu May 10 15:03:26 UTC 2018
41 ms. Memory: 208384K Free: 188238K (90%)
ptolemy.util.test.WatchDog.cancel(): canceling Thu May 10 15:03:26 UTC 2018
auto.tcl: Setting watchdog for 200 seconds at Thu May 10 15:03:26 UTC 2018
24 ms. Memory: 208384K Free: 186148K (89%)
ptolemy.util.test.WatchDog.cancel(): canceling Thu May 10 15:03:26 UTC 2018
------------------ testing $PTII/ptolemy/domains/de/test/auto/Iteration.xml
auto.tcl: Setting watchdog for 200 seconds at Thu May 10 15:03:26 UTC 2018
11 ms. Memory: 208384K Free: 193517K (93%)
ptolemy.util.test.WatchDog.cancel(): canceling Thu May 10 15:03:26 UTC 2018
auto.tcl: Setting watchdog for 200 seconds at Thu May 10 15:03:26 UTC 2018
7 ms. Memory: 208384K Free: 193517K (93%)
ptolemy.util.test.WatchDog.cancel(): canceling Thu May 10 15:03:26 UTC 2018
------------------ testing $PTII/ptolemy/domains/de/test/auto/LineFault.xml
auto.tcl: Setting watchdog for 200 seconds at Thu May 10 15:03:26 UTC 2018
686 ms. Memory: 208384K Free: 196863K (94%)
ptolemy.util.test.WatchDog.cancel(): canceling Thu May 10 15:03:27 UTC 2018
auto.tcl: Setting watchdog for 200 seconds at Thu May 10 15:03:27 UTC 2018
599 ms. Memory: 208384K Free: 140139K (67%)
ptolemy.util.test.WatchDog.cancel(): canceling Thu May 10 15:03:27 UTC 2018
------------------ testing $PTII/ptolemy/domains/de/test/auto/MergeModel1Add.xml
auto.tcl: Setting watchdog for 200 seconds at Thu May 10 15:03:27 UTC 2018
26 ms. Memory: 331264K Free: 302237K (91%)
ptolemy.util.test.WatchDog.cancel(): canceling Thu May 10 15:03:27 UTC 2018
auto.tcl: Setting watchdog for 200 seconds at Thu May 10 15:03:27 UTC 2018
13 ms. Memory: 331264K Free: 298281K (90%)
ptolemy.util.test.WatchDog.cancel(): canceling Thu May 10 15:03:27 UTC 2018
------------------ testing $PTII/ptolemy/domains/de/test/auto/MergeModel2Add.xml
auto.tcl: Setting watchdog for 200 seconds at Thu May 10 15:03:28 UTC 2018
13 ms. Memory: 331264K Free: 303569K (92%)
ptolemy.util.test.WatchDog.cancel(): canceling Thu May 10 15:03:28 UTC 2018
auto.tcl: Setting watchdog for 200 seconds at Thu May 10 15:03:28 UTC 2018
10 ms. Memory: 331264K Free: 299612K (90%)
ptolemy.util.test.WatchDog.cancel(): canceling Thu May 10 15:03:28 UTC 2018
------------------ testing $PTII/ptolemy/domains/de/test/auto/MergeModel3Add.xml
auto.tcl: Setting watchdog for 200 seconds at Thu May 10 15:03:28 UTC 2018
11 ms. Memory: 331264K Free: 303586K (92%)
ptolemy.util.test.WatchDog.cancel(): canceling Thu May 10 15:03:28 UTC 2018
auto.tcl: Setting watchdog for 200 seconds at Thu May 10 15:03:28 UTC 2018
10 ms. Memory: 331264K Free: 299630K (90%)
ptolemy.util.test.WatchDog.cancel(): canceling Thu May 10 15:03:28 UTC 2018
------------------ testing $PTII/ptolemy/domains/de/test/auto/MergeWithoutDiscard.xml
auto.tcl: Setting watchdog for 200 seconds at Thu May 10 15:03:28 UTC 2018
5 ms. Memory: 331264K Free: 319425K (96%)
ptolemy.util.test.WatchDog.cancel(): canceling Thu May 10 15:03:28 UTC 2018
auto.tcl: Setting watchdog for 200 seconds at Thu May 10 15:03:28 UTC 2018
2 ms. Memory: 331264K Free: 315469K (95%)
ptolemy.util.test.WatchDog.cancel(): canceling Thu May 10 15:03:28 UTC 2018
------------------ testing $PTII/ptolemy/domains/de/test/auto/Modal1.xml
auto.tcl: Setting watchdog for 200 seconds at Thu May 10 15:03:28 UTC 2018
16 ms. Memory: 331264K Free: 309320K (93%)
ptolemy.util.test.WatchDog.cancel(): canceling Thu May 10 15:03:28 UTC 2018
auto.tcl: Setting watchdog for 200 seconds at Thu May 10 15:03:28 UTC 2018
27 ms. Memory: 331264K Free: 305364K (92%)
ptolemy.util.test.WatchDog.cancel(): canceling Thu May 10 15:03:28 UTC 2018
------------------ testing $PTII/ptolemy/domains/de/test/auto/Modal2.xml
auto.tcl: Setting watchdog for 200 seconds at Thu May 10 15:03:28 UTC 2018
17 ms. Memory: 331264K Free: 304294K (92%)
ptolemy.util.test.WatchDog.cancel(): canceling Thu May 10 15:03:28 UTC 2018
auto.tcl: Setting watchdog for 200 seconds at Thu May 10 15:03:28 UTC 2018
10 ms. Memory: 331264K Free: 300338K (91%)
ptolemy.util.test.WatchDog.cancel(): canceling Thu May 10 15:03:28 UTC 2018
------------------ testing $PTII/ptolemy/domains/de/test/auto/Modal3.xml
auto.tcl: Setting watchdog for 200 seconds at Thu May 10 15:03:28 UTC 2018
10 ms. Memory: 331264K Free: 309477K (93%)
ptolemy.util.test.WatchDog.cancel(): canceling Thu May 10 15:03:28 UTC 2018
auto.tcl: Setting watchdog for 200 seconds at Thu May 10 15:03:28 UTC 2018
10 ms. Memory: 331264K Free: 305219K (92%)
ptolemy.util.test.WatchDog.cancel(): canceling Thu May 10 15:03:28 UTC 2018
------------------ testing $PTII/ptolemy/domains/de/test/auto/Modal4.xml
auto.tcl: Setting watchdog for 200 seconds at Thu May 10 15:03:28 UTC 2018
14 ms. Memory: 331264K Free: 309221K (93%)
ptolemy.util.test.WatchDog.cancel(): canceling Thu May 10 15:03:28 UTC 2018
auto.tcl: Setting watchdog for 200 seconds at Thu May 10 15:03:28 UTC 2018
16 ms. Memory: 331264K Free: 305265K (92%)
ptolemy.util.test.WatchDog.cancel(): canceling Thu May 10 15:03:28 UTC 2018
------------------ testing $PTII/ptolemy/domains/de/test/auto/Modal5.xml
auto.tcl: Setting watchdog for 200 seconds at Thu May 10 15:03:28 UTC 2018
20 ms. Memory: 331264K Free: 309217K (93%)
ptolemy.util.test.WatchDog.cancel(): canceling Thu May 10 15:03:28 UTC 2018
auto.tcl: Setting watchdog for 200 seconds at Thu May 10 15:03:28 UTC 2018
21 ms. Memory: 331264K Free: 305244K (92%)
ptolemy.util.test.WatchDog.cancel(): canceling Thu May 10 15:03:28 UTC 2018
------------------ testing $PTII/ptolemy/domains/de/test/auto/Modal6.xml
auto.tcl: Setting watchdog for 200 seconds at Thu May 10 15:03:28 UTC 2018
17 ms. Memory: 331264K Free: 309222K (93%)
ptolemy.util.test.WatchDog.cancel(): canceling Thu May 10 15:03:29 UTC 2018
auto.tcl: Setting watchdog for 200 seconds at Thu May 10 15:03:29 UTC 2018
13 ms. Memory: 331264K Free: 305249K (92%)
ptolemy.util.test.WatchDog.cancel(): canceling Thu May 10 15:03:29 UTC 2018
------------------ testing $PTII/ptolemy/domains/de/test/auto/Modal7.xml
auto.tcl: Setting watchdog for 200 seconds at Thu May 10 15:03:29 UTC 2018
18 ms. Memory: 331264K Free: 309214K (93%)
ptolemy.util.test.WatchDog.cancel(): canceling Thu May 10 15:03:29 UTC 2018
auto.tcl: Setting watchdog for 200 seconds at Thu May 10 15:03:29 UTC 2018
10 ms. Memory: 331264K Free: 305242K (92%)
ptolemy.util.test.WatchDog.cancel(): canceling Thu May 10 15:03:29 UTC 2018
------------------ testing $PTII/ptolemy/domains/de/test/auto/ModalModel.xml
auto.tcl: Setting watchdog for 200 seconds at Thu May 10 15:03:29 UTC 2018
211 ms. Memory: 331264K Free: 247936K (75%)
ptolemy.util.test.WatchDog.cancel(): canceling Thu May 10 15:03:29 UTC 2018
auto.tcl: Setting watchdog for 200 seconds at Thu May 10 15:03:29 UTC 2018
170 ms. Memory: 331264K Free: 192353K (58%)
ptolemy.util.test.WatchDog.cancel(): canceling Thu May 10 15:03:29 UTC 2018
------------------ testing $PTII/ptolemy/domains/de/test/auto/ModalSource.xml
auto.tcl: Setting watchdog for 200 seconds at Thu May 10 15:03:29 UTC 2018
7 ms. Memory: 331264K Free: 316166K (95%)
ptolemy.util.test.WatchDog.cancel(): canceling Thu May 10 15:03:29 UTC 2018
auto.tcl: Setting watchdog for 200 seconds at Thu May 10 15:03:29 UTC 2018
6 ms. Memory: 331264K Free: 312627K (94%)
ptolemy.util.test.WatchDog.cancel(): canceling Thu May 10 15:03:29 UTC 2018
------------------ testing $PTII/ptolemy/domains/de/test/auto/NonInterruptibleTimerZeroDelay.xml
auto.tcl: Setting watchdog for 200 seconds at Thu May 10 15:03:29 UTC 2018
4 ms. Memory: 331264K Free: 320365K (97%)
ptolemy.util.test.WatchDog.cancel(): canceling Thu May 10 15:03:29 UTC 2018
auto.tcl: Setting watchdog for 200 seconds at Thu May 10 15:03:29 UTC 2018
3 ms. Memory: 331264K Free: 316826K (96%)
ptolemy.util.test.WatchDog.cancel(): canceling Thu May 10 15:03:29 UTC 2018
------------------ testing $PTII/ptolemy/domains/de/test/auto/OpenQueueingNetwork.xml
auto.tcl: Setting watchdog for 200 seconds at Thu May 10 15:03:29 UTC 2018
2601 ms. Memory: 573952K Free: 418003K (73%)
ptolemy.util.test.WatchDog.cancel(): canceling Thu May 10 15:03:32 UTC 2018
auto.tcl: Setting watchdog for 200 seconds at Thu May 10 15:03:32 UTC 2018
2325 ms. Memory: 550912K Free: 319962K (58%)
ptolemy.util.test.WatchDog.cancel(): canceling Thu May 10 15:03:34 UTC 2018
------------------ testing $PTII/ptolemy/domains/de/test/auto/OpenQueuingNetwork.xml
auto.tcl: Setting watchdog for 200 seconds at Thu May 10 15:03:35 UTC 2018
242 ms. Memory: 549888K Free: 444976K (81%)
ptolemy.util.test.WatchDog.cancel(): canceling Thu May 10 15:03:35 UTC 2018
auto.tcl: Setting watchdog for 200 seconds at Thu May 10 15:03:35 UTC 2018
213 ms. Memory: 549888K Free: 384824K (70%)
ptolemy.util.test.WatchDog.cancel(): canceling Thu May 10 15:03:35 UTC 2018
------------------ testing $PTII/ptolemy/domains/de/test/auto/PeriodicSampler.xml
auto.tcl: Setting watchdog for 200 seconds at Thu May 10 15:03:35 UTC 2018
2 ms. Memory: 551936K Free: 531589K (96%)
ptolemy.util.test.WatchDog.cancel(): canceling Thu May 10 15:03:35 UTC 2018
auto.tcl: Setting watchdog for 200 seconds at Thu May 10 15:03:35 UTC 2018
2 ms. Memory: 551936K Free: 531589K (96%)
ptolemy.util.test.WatchDog.cancel(): canceling Thu May 10 15:03:35 UTC 2018
------------------ testing $PTII/ptolemy/domains/de/test/auto/PersistentIO.xml
auto.tcl: Setting watchdog for 200 seconds at Thu May 10 15:03:35 UTC 2018
12 ms. Memory: 549376K Free: 523915K (95%)
ptolemy.util.test.WatchDog.cancel(): canceling Thu May 10 15:03:35 UTC 2018
auto.tcl: Setting watchdog for 200 seconds at Thu May 10 15:03:35 UTC 2018
4 ms. Memory: 549376K Free: 523915K (95%)
ptolemy.util.test.WatchDog.cancel(): canceling Thu May 10 15:03:35 UTC 2018
------------------ testing $PTII/ptolemy/domains/de/test/auto/PortParameterResetOnInitialize.xml
auto.tcl: Setting watchdog for 200 seconds at Thu May 10 15:03:35 UTC 2018
2 ms. Memory: 551424K Free: 531537K (96%)
ptolemy.util.test.WatchDog.cancel(): canceling Thu May 10 15:03:35 UTC 2018
auto.tcl: Setting watchdog for 200 seconds at Thu May 10 15:03:35 UTC 2018
2 ms. Memory: 551424K Free: 531537K (96%)
ptolemy.util.test.WatchDog.cancel(): canceling Thu May 10 15:03:35 UTC 2018
------------------ testing $PTII/ptolemy/domains/de/test/auto/PortParameterUpdates.xml
auto.tcl: Setting watchdog for 200 seconds at Thu May 10 15:03:35 UTC 2018
4 ms. Memory: 549376K Free: 529393K (96%)
ptolemy.util.test.WatchDog.cancel(): canceling Thu May 10 15:03:35 UTC 2018
auto.tcl: Setting watchdog for 200 seconds at Thu May 10 15:03:35 UTC 2018
3 ms. Memory: 549376K Free: 523908K (95%)
ptolemy.util.test.WatchDog.cancel(): canceling Thu May 10 15:03:35 UTC 2018
------------------ testing $PTII/ptolemy/domains/de/test/auto/QueueAndServer.xml
auto.tcl: Setting watchdog for 200 seconds at Thu May 10 15:03:35 UTC 2018
11 ms. Memory: 551424K Free: 530615K (96%)
ptolemy.util.test.WatchDog.cancel(): canceling Thu May 10 15:03:35 UTC 2018
auto.tcl: Setting watchdog for 200 seconds at Thu May 10 15:03:35 UTC 2018
5 ms. Memory: 551424K Free: 530615K (96%)
ptolemy.util.test.WatchDog.cancel(): canceling Thu May 10 15:03:35 UTC 2018
------------------ testing $PTII/ptolemy/domains/de/test/auto/Records.xml
auto.tcl: Setting watchdog for 200 seconds at Thu May 10 15:03:35 UTC 2018
8 ms. Memory: 549376K Free: 533978K (97%)
ptolemy.util.test.WatchDog.cancel(): canceling Thu May 10 15:03:36 UTC 2018
auto.tcl: Setting watchdog for 200 seconds at Thu May 10 15:03:36 UTC 2018
2 ms. Memory: 549376K Free: 533978K (97%)
ptolemy.util.test.WatchDog.cancel(): canceling Thu May 10 15:03:36 UTC 2018
------------------ testing $PTII/ptolemy/domains/de/test/auto/ResetTransitionWithStartTime1.xml
auto.tcl: Setting watchdog for 200 seconds at Thu May 10 15:03:36 UTC 2018
16 ms. Memory: 551424K Free: 530567K (96%)
ptolemy.util.test.WatchDog.cancel(): canceling Thu May 10 15:03:36 UTC 2018
auto.tcl: Setting watchdog for 200 seconds at Thu May 10 15:03:36 UTC 2018
6 ms. Memory: 551424K Free: 530567K (96%)
ptolemy.util.test.WatchDog.cancel(): canceling Thu May 10 15:03:36 UTC 2018
------------------ testing $PTII/ptolemy/domains/de/test/auto/ResetTransitionWithStartTime2.xml
auto.tcl: Setting watchdog for 200 seconds at Thu May 10 15:03:36 UTC 2018
8 ms. Memory: 549376K Free: 528739K (96%)
ptolemy.util.test.WatchDog.cancel(): canceling Thu May 10 15:03:36 UTC 2018
auto.tcl: Setting watchdog for 200 seconds at Thu May 10 15:03:36 UTC 2018
6 ms. Memory: 549376K Free: 528739K (96%)
ptolemy.util.test.WatchDog.cancel(): canceling Thu May 10 15:03:36 UTC 2018
------------------ testing $PTII/ptolemy/domains/de/test/auto/ResetTransitionWithStartTime3.xml
auto.tcl: Setting watchdog for 200 seconds at Thu May 10 15:03:36 UTC 2018
7 ms. Memory: 550912K Free: 530044K (96%)
ptolemy.util.test.WatchDog.cancel(): canceling Thu May 10 15:03:36 UTC 2018
auto.tcl: Setting watchdog for 200 seconds at Thu May 10 15:03:36 UTC 2018
4 ms. Memory: 550912K Free: 530044K (96%)
ptolemy.util.test.WatchDog.cancel(): canceling Thu May 10 15:03:36 UTC 2018
------------------ testing $PTII/ptolemy/domains/de/test/auto/ResetTransitionWithStartTime4.xml
auto.tcl: Setting watchdog for 200 seconds at Thu May 10 15:03:36 UTC 2018
4 ms. Memory: 549376K Free: 528506K (96%)
ptolemy.util.test.WatchDog.cancel(): canceling Thu May 10 15:03:36 UTC 2018
auto.tcl: Setting watchdog for 200 seconds at Thu May 10 15:03:36 UTC 2018
4 ms. Memory: 549376K Free: 528506K (96%)
ptolemy.util.test.WatchDog.cancel(): canceling Thu May 10 15:03:36 UTC 2018
------------------ testing $PTII/ptolemy/domains/de/test/auto/ResettableTimer1.xml
auto.tcl: Setting watchdog for 200 seconds at Thu May 10 15:03:36 UTC 2018
3 ms. Memory: 550912K Free: 535752K (97%)
ptolemy.util.test.WatchDog.cancel(): canceling Thu May 10 15:03:36 UTC 2018
auto.tcl: Setting watchdog for 200 seconds at Thu May 10 15:03:36 UTC 2018
2 ms. Memory: 550912K Free: 535752K (97%)
ptolemy.util.test.WatchDog.cancel(): canceling Thu May 10 15:03:36 UTC 2018
------------------ testing $PTII/ptolemy/domains/de/test/auto/ResettableTimer2.xml
auto.tcl: Setting watchdog for 200 seconds at Thu May 10 15:03:36 UTC 2018
2 ms. Memory: 549376K Free: 534274K (97%)
ptolemy.util.test.WatchDog.cancel(): canceling Thu May 10 15:03:36 UTC 2018
auto.tcl: Setting watchdog for 200 seconds at Thu May 10 15:03:36 UTC 2018
2 ms. Memory: 549376K Free: 534274K (97%)
ptolemy.util.test.WatchDog.cancel(): canceling Thu May 10 15:03:36 UTC 2018
------------------ testing $PTII/ptolemy/domains/de/test/auto/ResettableTimer3.xml
auto.tcl: Setting watchdog for 200 seconds at Thu May 10 15:03:36 UTC 2018
1 ms. Memory: 550912K Free: 530900K (96%)
ptolemy.util.test.WatchDog.cancel(): canceling Thu May 10 15:03:36 UTC 2018
auto.tcl: Setting watchdog for 200 seconds at Thu May 10 15:03:36 UTC 2018
1 ms. Memory: 550912K Free: 530900K (96%)
ptolemy.util.test.WatchDog.cancel(): canceling Thu May 10 15:03:36 UTC 2018
------------------ testing $PTII/ptolemy/domains/de/test/auto/ResettableTimer4.xml
auto.tcl: Setting watchdog for 200 seconds at Thu May 10 15:03:36 UTC 2018
2 ms. Memory: 549376K Free: 534287K (97%)
ptolemy.util.test.WatchDog.cancel(): canceling Thu May 10 15:03:36 UTC 2018
auto.tcl: Setting watchdog for 200 seconds at Thu May 10 15:03:36 UTC 2018
1 ms. Memory: 549376K Free: 534287K (97%)
ptolemy.util.test.WatchDog.cancel(): canceling Thu May 10 15:03:36 UTC 2018
------------------ testing $PTII/ptolemy/domains/de/test/auto/ResettableTimer5.xml
auto.tcl: Setting watchdog for 200 seconds at Thu May 10 15:03:36 UTC 2018
2 ms. Memory: 550400K Free: 530629K (96%)
ptolemy.util.test.WatchDog.cancel(): canceling Thu May 10 15:03:36 UTC 2018
auto.tcl: Setting watchdog for 200 seconds at Thu May 10 15:03:36 UTC 2018
1 ms. Memory: 550400K Free: 530629K (96%)
ptolemy.util.test.WatchDog.cancel(): canceling Thu May 10 15:03:36 UTC 2018
------------------ testing $PTII/ptolemy/domains/de/test/auto/ResettableTimer6.xml
auto.tcl: Setting watchdog for 200 seconds at Thu May 10 15:03:36 UTC 2018
1 ms. Memory: 549376K Free: 529325K (96%)
ptolemy.util.test.WatchDog.cancel(): canceling Thu May 10 15:03:36 UTC 2018
auto.tcl: Setting watchdog for 200 seconds at Thu May 10 15:03:36 UTC 2018
1 ms. Memory: 549376K Free: 529325K (96%)
ptolemy.util.test.WatchDog.cancel(): canceling Thu May 10 15:03:36 UTC 2018
------------------ testing $PTII/ptolemy/domains/de/test/auto/ServerZeroDelay.xml
auto.tcl: Setting watchdog for 200 seconds at Thu May 10 15:03:36 UTC 2018
7 ms. Memory: 550400K Free: 535249K (97%)
ptolemy.util.test.WatchDog.cancel(): canceling Thu May 10 15:03:36 UTC 2018
auto.tcl: Setting watchdog for 200 seconds at Thu May 10 15:03:36 UTC 2018
2 ms. Memory: 550400K Free: 535249K (97%)
ptolemy.util.test.WatchDog.cancel(): canceling Thu May 10 15:03:36 UTC 2018
------------------ testing $PTII/ptolemy/domains/de/test/auto/SmartSender.xml
auto.tcl: Setting watchdog for 200 seconds at Thu May 10 15:03:36 UTC 2018
3001 ms. Memory: 549376K Free: 529541K (96%)
ptolemy.util.test.WatchDog.cancel(): canceling Thu May 10 15:03:39 UTC 2018
auto.tcl: Setting watchdog for 200 seconds at Thu May 10 15:03:39 UTC 2018
3002 ms. Memory: 549376K Free: 529541K (96%)
ptolemy.util.test.WatchDog.cancel(): canceling Thu May 10 15:03:42 UTC 2018
------------------ testing $PTII/ptolemy/domains/de/test/auto/ThreadedComposite.xml
auto.tcl: Setting watchdog for 200 seconds at Thu May 10 15:03:42 UTC 2018
189 ms. Memory: 550400K Free: 510045K (93%)
ptolemy.util.test.WatchDog.cancel(): canceling Thu May 10 15:03:43 UTC 2018
auto.tcl: Setting watchdog for 200 seconds at Thu May 10 15:03:43 UTC 2018
113 ms. Memory: 550400K Free: 495217K (90%)
ptolemy.util.test.WatchDog.cancel(): canceling Thu May 10 15:03:43 UTC 2018
------------------ testing $PTII/ptolemy/domains/de/test/auto/Time.xml
auto.tcl: Setting watchdog for 200 seconds at Thu May 10 15:03:43 UTC 2018
517 ms. Memory: 549376K Free: 482240K (88%)
ptolemy.util.test.WatchDog.cancel(): canceling Thu May 10 15:03:43 UTC 2018
auto.tcl: Setting watchdog for 200 seconds at Thu May 10 15:03:43 UTC 2018
457 ms. Memory: 549376K Free: 427557K (78%)
ptolemy.util.test.WatchDog.cancel(): canceling Thu May 10 15:03:44 UTC 2018
------------------ testing $PTII/ptolemy/domains/de/test/auto/TimeDelayZeroDelay.xml
auto.tcl: Setting watchdog for 200 seconds at Thu May 10 15:03:44 UTC 2018
1 ms. Memory: 550400K Free: 534938K (97%)
ptolemy.util.test.WatchDog.cancel(): canceling Thu May 10 15:03:44 UTC 2018
auto.tcl: Setting watchdog for 200 seconds at Thu May 10 15:03:44 UTC 2018
2 ms. Memory: 550400K Free: 534938K (97%)
ptolemy.util.test.WatchDog.cancel(): canceling Thu May 10 15:03:44 UTC 2018
------------------ testing $PTII/ptolemy/domains/de/test/auto/TimerZeroDelay.xml
auto.tcl: Setting watchdog for 200 seconds at Thu May 10 15:03:44 UTC 2018
2 ms. Memory: 549376K Free: 534188K (97%)
ptolemy.util.test.WatchDog.cancel(): canceling Thu May 10 15:03:44 UTC 2018
auto.tcl: Setting watchdog for 200 seconds at Thu May 10 15:03:44 UTC 2018
2 ms. Memory: 549376K Free: 534188K (97%)
ptolemy.util.test.WatchDog.cancel(): canceling Thu May 10 15:03:44 UTC 2018
------------------ testing $PTII/ptolemy/domains/de/test/auto/TimingParadox.xml
auto.tcl: Setting watchdog for 200 seconds at Thu May 10 15:03:44 UTC 2018
326 ms. Memory: 549888K Free: 464158K (84%)
ptolemy.util.test.WatchDog.cancel(): canceling Thu May 10 15:03:44 UTC 2018
auto.tcl: Setting watchdog for 200 seconds at Thu May 10 15:03:44 UTC 2018
306 ms. Memory: 549888K Free: 425880K (77%)
ptolemy.util.test.WatchDog.cancel(): canceling Thu May 10 15:03:45 UTC 2018
------------------ testing $PTII/ptolemy/domains/de/test/auto/TransferInputs.xml
auto.tcl: Setting watchdog for 200 seconds at Thu May 10 15:03:45 UTC 2018
2 ms. Memory: 549888K Free: 533604K (97%)
ptolemy.util.test.WatchDog.cancel(): canceling Thu May 10 15:03:45 UTC 2018
auto.tcl: Setting watchdog for 200 seconds at Thu May 10 15:03:45 UTC 2018
1 ms. Memory: 549888K Free: 533604K (97%)
ptolemy.util.test.WatchDog.cancel(): canceling Thu May 10 15:03:45 UTC 2018
------------------ testing $PTII/ptolemy/domains/de/test/auto/TransferOutputs2.xml
auto.tcl: Setting watchdog for 200 seconds at Thu May 10 15:03:45 UTC 2018
3 ms. Memory: 549376K Free: 524030K (95%)
ptolemy.util.test.WatchDog.cancel(): canceling Thu May 10 15:03:45 UTC 2018
auto.tcl: Setting watchdog for 200 seconds at Thu May 10 15:03:45 UTC 2018
3 ms. Memory: 549376K Free: 524030K (95%)
ptolemy.util.test.WatchDog.cancel(): canceling Thu May 10 15:03:45 UTC 2018
------------------ testing $PTII/ptolemy/domains/de/test/auto/Trilateration.xml
auto.tcl: Setting watchdog for 200 seconds at Thu May 10 15:03:45 UTC 2018
12982 ms. Memory: 766976K Free: 214460K (28%)
ptolemy.util.test.WatchDog.cancel(): canceling Thu May 10 15:03:59 UTC 2018
auto.tcl: Setting watchdog for 200 seconds at Thu May 10 15:03:59 UTC 2018
10756 ms. Memory: 646144K Free: 70767K (11%)
ptolemy.util.test.WatchDog.cancel(): canceling Thu May 10 15:04:10 UTC 2018
------------------ testing $PTII/ptolemy/domains/de/test/auto/TwoSigmaDelta.xml
auto.tcl: Setting watchdog for 200 seconds at Thu May 10 15:04:10 UTC 2018
2539 ms. Memory: 649728K Free: 342072K (53%)
ptolemy.util.test.WatchDog.cancel(): canceling Thu May 10 15:04:12 UTC 2018
auto.tcl: Setting watchdog for 200 seconds at Thu May 10 15:04:12 UTC 2018
1928 ms. Memory: 649728K Free: 116806K (18%)
ptolemy.util.test.WatchDog.cancel(): canceling Thu May 10 15:04:14 UTC 2018
------------------ testing $PTII/ptolemy/domains/de/test/auto/VariableDelay.xml
auto.tcl: Setting watchdog for 200 seconds at Thu May 10 15:04:14 UTC 2018
2 ms. Memory: 646656K Free: 626858K (97%)
ptolemy.util.test.WatchDog.cancel(): canceling Thu May 10 15:04:14 UTC 2018
auto.tcl: Setting watchdog for 200 seconds at Thu May 10 15:04:14 UTC 2018
2 ms. Memory: 646656K Free: 626858K (97%)
ptolemy.util.test.WatchDog.cancel(): canceling Thu May 10 15:04:14 UTC 2018
------------------ testing $PTII/ptolemy/domains/de/test/auto/VariableDelay2.xml
auto.tcl: Setting watchdog for 200 seconds at Thu May 10 15:04:14 UTC 2018
2 ms. Memory: 646144K Free: 626792K (97%)
ptolemy.util.test.WatchDog.cancel(): canceling Thu May 10 15:04:14 UTC 2018
auto.tcl: Setting watchdog for 200 seconds at Thu May 10 15:04:14 UTC 2018
2 ms. Memory: 646144K Free: 626792K (97%)
ptolemy.util.test.WatchDog.cancel(): canceling Thu May 10 15:04:14 UTC 2018
------------------ testing $PTII/ptolemy/domains/de/test/auto/VariableDelayZeroDelay.xml
auto.tcl: Setting watchdog for 200 seconds at Thu May 10 15:04:14 UTC 2018
2 ms. Memory: 646144K Free: 621144K (96%)
ptolemy.util.test.WatchDog.cancel(): canceling Thu May 10 15:04:15 UTC 2018
auto.tcl: Setting watchdog for 200 seconds at Thu May 10 15:04:15 UTC 2018
2 ms. Memory: 646144K Free: 621144K (96%)
ptolemy.util.test.WatchDog.cancel(): canceling Thu May 10 15:04:15 UTC 2018
------------------ testing $PTII/ptolemy/domains/de/test/auto/VariableDelayZeroDelay2.xml
auto.tcl: Setting watchdog for 200 seconds at Thu May 10 15:04:15 UTC 2018
1 ms. Memory: 649216K Free: 624214K (96%)
ptolemy.util.test.WatchDog.cancel(): canceling Thu May 10 15:04:15 UTC 2018
auto.tcl: Setting watchdog for 200 seconds at Thu May 10 15:04:15 UTC 2018
2 ms. Memory: 649216K Free: 624214K (96%)
ptolemy.util.test.WatchDog.cancel(): canceling Thu May 10 15:04:15 UTC 2018
------------------ testing $PTII/ptolemy/domains/de/test/auto/deInCt.xml
auto.tcl: Setting watchdog for 200 seconds at Thu May 10 15:04:15 UTC 2018
0
1
1
1
1
0
0
0
1
1
1
0
0
0
1
1
1
1
0
0
1
1
1
0
0
0
0
1
1
1
0
0
0
0
0
1
1
1
0
0
0
0
19 ms. Memory: 646144K Free: 621107K (96%)
ptolemy.util.test.WatchDog.cancel(): canceling Thu May 10 15:04:15 UTC 2018
auto.tcl: Setting watchdog for 200 seconds at Thu May 10 15:04:15 UTC 2018
0
1
1
1
1
0
0
0
1
1
1
0
0
0
0
1
1
1
1
1
0
0
0
1
1
1
0
0
0
1
1
1
1
1
8 ms. Memory: 646144K Free: 621107K (96%)
ptolemy.util.test.WatchDog.cancel(): canceling Thu May 10 15:04:15 UTC 2018
------------------ testing $PTII/ptolemy/domains/de/test/auto/deInCt2.xml
auto.tcl: Setting watchdog for 200 seconds at Thu May 10 15:04:15 UTC 2018
0
1
1
1
0
0
1
1
1
0
0
1
1
1
0
0
1
1
1
0
0
1
1
1
0
0
1
1
1
0
0
1
1
1
0
0
1
1
1
0
0
0
6 ms. Memory: 648704K Free: 629346K (97%)
ptolemy.util.test.WatchDog.cancel(): canceling Thu May 10 15:04:15 UTC 2018
auto.tcl: Setting watchdog for 200 seconds at Thu May 10 15:04:15 UTC 2018
0
1
1
1
0
0
1
1
1
0
0
1
1
1
0
0
1
1
1
0
0
1
1
1
0
0
1
1
1
0
0
1
1
1
0
0
1
1
1
0
0
0
6 ms. Memory: 648704K Free: 629346K (97%)
ptolemy.util.test.WatchDog.cancel(): canceling Thu May 10 15:04:15 UTC 2018
------------------ testing $PTII/ptolemy/domains/de/test/auto/dynamicCausalityInterface1.xml
auto.tcl: Setting watchdog for 200 seconds at Thu May 10 15:04:15 UTC 2018
2 ms. Memory: 646144K Free: 618227K (96%)
ptolemy.util.test.WatchDog.cancel(): canceling Thu May 10 15:04:15 UTC 2018
auto.tcl: Setting watchdog for 200 seconds at Thu May 10 15:04:15 UTC 2018
1 ms. Memory: 646144K Free: 618227K (96%)
ptolemy.util.test.WatchDog.cancel(): canceling Thu May 10 15:04:15 UTC 2018
------------------ testing $PTII/ptolemy/domains/de/test/auto/fsm_de_test.xml
auto.tcl: Setting watchdog for 200 seconds at Thu May 10 15:04:15 UTC 2018
12 ms. Memory: 648192K Free: 623078K (96%)
ptolemy.util.test.WatchDog.cancel(): canceling Thu May 10 15:04:15 UTC 2018
auto.tcl: Setting watchdog for 200 seconds at Thu May 10 15:04:15 UTC 2018
3 ms. Memory: 648192K Free: 614539K (95%)
ptolemy.util.test.WatchDog.cancel(): canceling Thu May 10 15:04:15 UTC 2018
------------------ testing $PTII/ptolemy/domains/de/test/auto/functionDependencyReconstruction.xml
auto.tcl: Setting watchdog for 200 seconds at Thu May 10 15:04:15 UTC 2018
2 ms. Memory: 646144K Free: 612482K (95%)
ptolemy.util.test.WatchDog.cancel(): canceling Thu May 10 15:04:15 UTC 2018
auto.tcl: Setting watchdog for 200 seconds at Thu May 10 15:04:15 UTC 2018
3 ms. Memory: 646144K Free: 603943K (93%)
ptolemy.util.test.WatchDog.cancel(): canceling Thu May 10 15:04:15 UTC 2018
------------------ testing $PTII/ptolemy/domains/de/test/auto/multirate.xml
auto.tcl: Setting watchdog for 200 seconds at Thu May 10 15:04:15 UTC 2018
2 ms. Memory: 648192K Free: 622944K (96%)
ptolemy.util.test.WatchDog.cancel(): canceling Thu May 10 15:04:15 UTC 2018
auto.tcl: Setting watchdog for 200 seconds at Thu May 10 15:04:15 UTC 2018
3 ms. Memory: 648192K Free: 622912K (96%)
ptolemy.util.test.WatchDog.cancel(): canceling Thu May 10 15:04:15 UTC 2018
------------------ testing $PTII/ptolemy/domains/de/test/auto/multirate2.xml
auto.tcl: Setting watchdog for 200 seconds at Thu May 10 15:04:15 UTC 2018
4 ms. Memory: 646144K Free: 621085K (96%)
ptolemy.util.test.WatchDog.cancel(): canceling Thu May 10 15:04:15 UTC 2018
auto.tcl: Setting watchdog for 200 seconds at Thu May 10 15:04:15 UTC 2018
4 ms. Memory: 646144K Free: 621085K (96%)
ptolemy.util.test.WatchDog.cancel(): canceling Thu May 10 15:04:15 UTC 2018
------------------ testing $PTII/ptolemy/domains/de/test/auto/realtime.xml
auto.tcl: Setting watchdog for 200 seconds at Thu May 10 15:04:15 UTC 2018
10002 ms. Memory: 647680K Free: 622588K (96%)
ptolemy.util.test.WatchDog.cancel(): canceling Thu May 10 15:04:25 UTC 2018
auto.tcl: Setting watchdog for 200 seconds at Thu May 10 15:04:25 UTC 2018
10001 ms. Memory: 647680K Free: 622588K (96%)
ptolemy.util.test.WatchDog.cancel(): canceling Thu May 10 15:04:35 UTC 2018
------------------ testing $PTII/ptolemy/domains/de/test/auto/relationGroup.xml
auto.tcl: Setting watchdog for 200 seconds at Thu May 10 15:04:35 UTC 2018
2 ms. Memory: 646144K Free: 626757K (97%)
ptolemy.util.test.WatchDog.cancel(): canceling Thu May 10 15:04:35 UTC 2018
auto.tcl: Setting watchdog for 200 seconds at Thu May 10 15:04:35 UTC 2018
1 ms. Memory: 646144K Free: 626757K (97%)
ptolemy.util.test.WatchDog.cancel(): canceling Thu May 10 15:04:35 UTC 2018
------------------ testing $PTII/ptolemy/domains/de/test/auto/relationGroup2.xml
auto.tcl: Setting watchdog for 200 seconds at Thu May 10 15:04:35 UTC 2018
5 ms. Memory: 647680K Free: 622673K (96%)
ptolemy.util.test.WatchDog.cancel(): canceling Thu May 10 15:04:35 UTC 2018
auto.tcl: Setting watchdog for 200 seconds at Thu May 10 15:04:35 UTC 2018
1 ms. Memory: 647680K Free: 622673K (96%)
ptolemy.util.test.WatchDog.cancel(): canceling Thu May 10 15:04:35 UTC 2018
------------------ testing $PTII/ptolemy/domains/de/test/auto/sortWithOpaquePorts.xml
auto.tcl: Setting watchdog for 200 seconds at Thu May 10 15:04:35 UTC 2018
1 ms. Memory: 646144K Free: 621138K (96%)
ptolemy.util.test.WatchDog.cancel(): canceling Thu May 10 15:04:35 UTC 2018
auto.tcl: Setting watchdog for 200 seconds at Thu May 10 15:04:35 UTC 2018
1 ms. Memory: 646144K Free: 621138K (96%)
ptolemy.util.test.WatchDog.cancel(): canceling Thu May 10 15:04:35 UTC 2018
------------------ testing $PTII/ptolemy/domains/de/test/auto/transferInputsandOutputs.xml
auto.tcl: Setting watchdog for 200 seconds at Thu May 10 15:04:35 UTC 2018
2 ms. Memory: 647168K Free: 622116K (96%)
ptolemy.util.test.WatchDog.cancel(): canceling Thu May 10 15:04:35 UTC 2018
auto.tcl: Setting watchdog for 200 seconds at Thu May 10 15:04:35 UTC 2018
1 ms. Memory: 647168K Free: 622116K (96%)
ptolemy.util.test.WatchDog.cancel(): canceling Thu May 10 15:04:35 UTC 2018
------------------ testing $PTII/ptolemy/domains/de/test/auto/triggerType.xml
auto.tcl: Setting watchdog for 200 seconds at Thu May 10 15:04:36 UTC 2018
1 ms. Memory: 646144K Free: 621075K (96%)
ptolemy.util.test.WatchDog.cancel(): canceling Thu May 10 15:04:36 UTC 2018
auto.tcl: Setting watchdog for 200 seconds at Thu May 10 15:04:36 UTC 2018
1 ms. Memory: 646144K Free: 621075K (96%)
ptolemy.util.test.WatchDog.cancel(): canceling Thu May 10 15:04:36 UTC 2018
05/10/18 03:04:36
Failed: 0  Total Tests: 192  ((Passed: 187, Newly Passed: 1)  Known Failed: 5) /home/travis/build/icyphy/ptII/ptolemy/domains/de/test
05/10/18 03:04:36
Failed: 0  Total Tests: 192  ((Passed: 187, Newly Passed: 1)  Known Failed: 5) /home/travis/build/icyphy/ptII/ptolemy/domains/de/test
----------------- testing (KnownFailure) /home/travis/build/icyphy/ptII/ptolemy/domains/de/test/auto/knownFailedTests/DESDFClockTest.xml
2007 ms. Memory: 647168K Free: 610825K (94%)
Known Failure: java.lang.reflect.InvocationTargetException
----------------- testing (KnownFailure) /home/travis/build/icyphy/ptII/ptolemy/domains/de/test/auto/knownFailedTests/DirectFeedback.xml
1 ms. Memory: 647168K Free: 565646K (87%)
Known Failure: java.lang.reflect.InvocationTargetException
----------------- testing (KnownFailure) /home/travis/build/icyphy/ptII/ptolemy/domains/de/test/auto/knownFailedTests/FSMSource.xml
4 ms. Memory: 647168K Free: 520467K (80%)
----------------- testing (KnownFailure) /home/travis/build/icyphy/ptII/ptolemy/domains/de/test/auto/knownFailedTests/HierarchicalModel.xml
1 ms. Memory: 647168K Free: 486567K (75%)
Known Failure: java.lang.reflect.InvocationTargetException
----------------- testing (KnownFailure) /home/travis/build/icyphy/ptII/ptolemy/domains/de/test/auto/knownFailedTests/dependencyLoop.xml
2 ms. Memory: 647168K Free: 430077K (66%)
Known Failure: java.lang.reflect.InvocationTargetException
----------------- testing (KnownFailure) /home/travis/build/icyphy/ptII/ptolemy/domains/de/test/auto/knownFailedTests/dependencyLoop2.xml
4 ms. Memory: 647168K Free: 373595K (58%)
Known Failure: java.lang.reflect.InvocationTargetException
No auto/*.xml tests in /home/travis/build/icyphy/ptII/ptolemy/domains/de/test
AutoTests.java: About to close Vertx.
AutoTests.java: Vertx closed.
----------------- testing Thu May 10 15:04:38 UTC 2018 /home/travis/build/icyphy/ptII/ptolemy/domains/de/test/auto/ActorDepthCalculation_actorWithoutPorts.xml
----------------- Instantiating /home/travis/build/icyphy/ptII/ptolemy/domains/de/test/auto/ActorDepthCalculation_actorWithoutPorts.xml
2 ms. Memory: 647168K Free: 317121K (49%)
----------------- Invoking toplevel() on ptolemy.moml.MoMLSimpleApplication@25424342
----------------- Done invoking toplevel() on ptolemy.moml.MoMLSimpleApplication@25424342
reloadAllAccessors: .ActorDepthCalculation_actorWithoutPorts
----------------- testing Thu May 10 15:04:38 UTC 2018 /home/travis/build/icyphy/ptII/ptolemy/domains/de/test/auto/AssemblyLine.xml
----------------- Instantiating /home/travis/build/icyphy/ptII/ptolemy/domains/de/test/auto/AssemblyLine.xml
2 ms. Memory: 647168K Free: 294531K (46%)
----------------- Invoking toplevel() on ptolemy.moml.MoMLSimpleApplication@58b0c668
----------------- Done invoking toplevel() on ptolemy.moml.MoMLSimpleApplication@58b0c668
reloadAllAccessors: .AssemblyLine
----------------- testing Thu May 10 15:04:38 UTC 2018 /home/travis/build/icyphy/ptII/ptolemy/domains/de/test/auto/CQBug1.xml
----------------- Instantiating /home/travis/build/icyphy/ptII/ptolemy/domains/de/test/auto/CQBug1.xml
0 ms. Memory: 647168K Free: 271942K (42%)
----------------- Invoking toplevel() on ptolemy.moml.MoMLSimpleApplication@20c10ab3
----------------- Done invoking toplevel() on ptolemy.moml.MoMLSimpleApplication@20c10ab3
reloadAllAccessors: .CQBug1
----------------- testing Thu May 10 15:04:38 UTC 2018 /home/travis/build/icyphy/ptII/ptolemy/domains/de/test/auto/CancelFireAt.xml
----------------- Instantiating /home/travis/build/icyphy/ptII/ptolemy/domains/de/test/auto/CancelFireAt.xml
2 ms. Memory: 647168K Free: 249352K (39%)
----------------- Invoking toplevel() on ptolemy.moml.MoMLSimpleApplication@1404e379
----------------- Done invoking toplevel() on ptolemy.moml.MoMLSimpleApplication@1404e379
reloadAllAccessors: .CancelFireAt
----------------- testing Thu May 10 15:04:38 UTC 2018 /home/travis/build/icyphy/ptII/ptolemy/domains/de/test/auto/CausalityAndComposabilityAnalysis.xml
----------------- Instantiating /home/travis/build/icyphy/ptII/ptolemy/domains/de/test/auto/CausalityAndComposabilityAnalysis.xml
1 ms. Memory: 647168K Free: 226763K (35%)
----------------- Invoking toplevel() on ptolemy.moml.MoMLSimpleApplication@7ea1d453
----------------- Done invoking toplevel() on ptolemy.moml.MoMLSimpleApplication@7ea1d453
reloadAllAccessors: .CausalityAndComposabilityAnalysis
----------------- testing Thu May 10 15:04:38 UTC 2018 /home/travis/build/icyphy/ptII/ptolemy/domains/de/test/auto/CausalityInterface1.xml
----------------- Instantiating /home/travis/build/icyphy/ptII/ptolemy/domains/de/test/auto/CausalityInterface1.xml
3 ms. Memory: 647168K Free: 204173K (32%)
----------------- Invoking toplevel() on ptolemy.moml.MoMLSimpleApplication@507d9f59
----------------- Done invoking toplevel() on ptolemy.moml.MoMLSimpleApplication@507d9f59
reloadAllAccessors: .CausalityInterface1
----------------- testing Thu May 10 15:04:38 UTC 2018 /home/travis/build/icyphy/ptII/ptolemy/domains/de/test/auto/CausalityInterface15.xml
----------------- Instantiating /home/travis/build/icyphy/ptII/ptolemy/domains/de/test/auto/CausalityInterface15.xml
2 ms. Memory: 647168K Free: 181584K (28%)
----------------- Invoking toplevel() on ptolemy.moml.MoMLSimpleApplication@22ef552e
----------------- Done invoking toplevel() on ptolemy.moml.MoMLSimpleApplication@22ef552e
reloadAllAccessors: .CausalityInterface15
----------------- testing Thu May 10 15:04:38 UTC 2018 /home/travis/build/icyphy/ptII/ptolemy/domains/de/test/auto/CausalityInterface2.xml
----------------- Instantiating /home/travis/build/icyphy/ptII/ptolemy/domains/de/test/auto/CausalityInterface2.xml
1 ms. Memory: 647168K Free: 158994K (25%)
----------------- Invoking toplevel() on ptolemy.moml.MoMLSimpleApplication@488f3170
----------------- Done invoking toplevel() on ptolemy.moml.MoMLSimpleApplication@488f3170
reloadAllAccessors: .CausalityInterface2
----------------- testing Thu May 10 15:04:38 UTC 2018 /home/travis/build/icyphy/ptII/ptolemy/domains/de/test/auto/CausalityInterface3.xml
[...]
java.lang.RuntimeException: Execution failed
	at ptolemy.moml.MoMLSimpleApplication$UnloadThread.run(MoMLSimpleApplication.java:402)
Caused by: ptolemy.kernel.util.IllegalActionException: Test fails in iteration 1.
Value was: 1.0. Should have been: 2.0
  in .DirectFeedback.Test
	at ptolemy.actor.lib.Test.fire(Test.java:268)
	at ptolemy.domains.de.kernel.DEDirector._fire(DEDirector.java:1948)
	at ptolemy.domains.de.kernel.DEDirector.fire(DEDirector.java:502)
	at ptolemy.actor.CompositeActor.fire(CompositeActor.java:455)
	at ptolemy.actor.Manager.iterate(Manager.java:851)
	at ptolemy.actor.Manager.execute(Manager.java:369)
	at ptolemy.actor.Manager.run(Manager.java:1263)
	at ptolemy.actor.Manager$PtolemyRunThread.run(Manager.java:1915)
java.lang.RuntimeException: Execution failed
	at ptolemy.moml.MoMLSimpleApplication$UnloadThread.run(MoMLSimpleApplication.java:402)
Caused by: ptolemy.kernel.util.IllegalActionException: Actor is not ready to fire.  Perhaps UpSample.prefire() returned false? Try debugging the actor by selecting "Listen to Actor".  Also, for SDF check moml for tokenConsumptionRate on input.
  in .DESDFClockTest.Play Bell.Copy1:SDF Director and .DESDFClockTest.Play Bell.UpSample
	at ptolemy.actor.sched.StaticSchedulingDirector.fire(StaticSchedulingDirector.java:227)
	at ptolemy.domains.sdf.kernel.SDFDirector.fire(SDFDirector.java:500)
	at ptolemy.actor.CompositeActor.fire(CompositeActor.java:455)
	at ptolemy.domains.de.kernel.DEDirector._fire(DEDirector.java:1948)
	at ptolemy.domains.de.kernel.DEDirector.fire(DEDirector.java:502)
	at ptolemy.actor.CompositeActor.fire(CompositeActor.java:455)
	at ptolemy.actor.Manager.iterate(Manager.java:851)
	at ptolemy.actor.Manager.execute(Manager.java:369)
	at ptolemy.actor.Manager.run(Manager.java:1263)
	at ptolemy.actor.Manager$PtolemyRunThread.run(Manager.java:1915)
java.lang.reflect.InvocationTargetException
	at sun.reflect.NativeConstructorAccessorImpl.newInstance0(Native Method)
	at sun.reflect.NativeConstructorAccessorImpl.newInstance(NativeConstructorAccessorImpl.java:62)
	at sun.reflect.DelegatingConstructorAccessorImpl.newInstance(DelegatingConstructorAccessorImpl.java:45)
	at java.lang.reflect.Constructor.newInstance(Constructor.java:423)
	at ptolemy.util.test.junit.AutoKnownFailedTests.RunModel(AutoKnownFailedTests.java:107)
	at sun.reflect.NativeMethodAccessorImpl.invoke0(Native Method)
	at sun.reflect.NativeMethodAccessorImpl.invoke(NativeMethodAccessorImpl.java:62)
	at sun.reflect.DelegatingMethodAccessorImpl.invoke(DelegatingMethodAccessorImpl.java:43)
	at java.lang.reflect.Method.invoke(Method.java:498)
	at org.junit.runners.model.FrameworkMethod$1.runReflectiveCall(FrameworkMethod.java:44)
	at org.junit.internal.runners.model.ReflectiveCallable.run(ReflectiveCallable.java:15)
	at org.junit.runners.model.FrameworkMethod.invokeExplosively(FrameworkMethod.java:41)
	at junitparams.internal.InvokeParameterisedMethod.evaluate(InvokeParameterisedMethod.java:102)
	at org.junit.internal.runners.statements.FailOnTimeout$1.run(FailOnTimeout.java:28)
Caused by: ptolemy.kernel.util.IllegalActionException: Actor is not ready to fire.  Perhaps UpSample.prefire() returned false? Try debugging the actor by selecting "Listen to Actor".  Also, for SDF check moml for tokenConsumptionRate on input.
  in .DESDFClockTest.Play Bell.Copy1:SDF Director and .DESDFClockTest.Play Bell.UpSample
	at ptolemy.actor.sched.StaticSchedulingDirector.fire(StaticSchedulingDirector.java:227)
	at ptolemy.domains.sdf.kernel.SDFDirector.fire(SDFDirector.java:500)
	at ptolemy.actor.CompositeActor.fire(CompositeActor.java:455)
	at ptolemy.domains.de.kernel.DEDirector._fire(DEDirector.java:1948)
	at ptolemy.domains.de.kernel.DEDirector.fire(DEDirector.java:502)
	at ptolemy.actor.CompositeActor.fire(CompositeActor.java:455)
	at ptolemy.actor.Manager.iterate(Manager.java:851)
	at ptolemy.actor.Manager.execute(Manager.java:369)
	at ptolemy.actor.Manager.run(Manager.java:1263)
	at ptolemy.actor.Manager$PtolemyRunThread.run(Manager.java:1915)
java.lang.RuntimeException: Execution failed
	at ptolemy.moml.MoMLSimpleApplication$UnloadThread.run(MoMLSimpleApplication.java:402)
Caused by: ptolemy.kernel.util.IllegalActionException: Test fails in iteration 1.
Value was: 1.0. Should have been: 2.0
  in .DirectFeedback.Test
	at ptolemy.actor.lib.Test.fire(Test.java:268)
	at ptolemy.domains.de.kernel.DEDirector._fire(DEDirector.java:1948)
	at ptolemy.domains.de.kernel.DEDirector.fire(DEDirector.java:502)
	at ptolemy.actor.CompositeActor.fire(CompositeActor.java:455)
	at ptolemy.actor.Manager.iterate(Manager.java:851)
	at ptolemy.actor.Manager.execute(Manager.java:369)
	at ptolemy.actor.Manager.run(Manager.java:1263)
	at ptolemy.actor.Manager$PtolemyRunThread.run(Manager.java:1915)
java.lang.reflect.InvocationTargetException
	at sun.reflect.NativeConstructorAccessorImpl.newInstance0(Native Method)
	at sun.reflect.NativeConstructorAccessorImpl.newInstance(NativeConstructorAccessorImpl.java:62)
	at sun.reflect.DelegatingConstructorAccessorImpl.newInstance(DelegatingConstructorAccessorImpl.java:45)
	at java.lang.reflect.Constructor.newInstance(Constructor.java:423)
	at ptolemy.util.test.junit.AutoKnownFailedTests.RunModel(AutoKnownFailedTests.java:107)
	at sun.reflect.NativeMethodAccessorImpl.invoke0(Native Method)
	at sun.reflect.NativeMethodAccessorImpl.invoke(NativeMethodAccessorImpl.java:62)
	at sun.reflect.DelegatingMethodAccessorImpl.invoke(DelegatingMethodAccessorImpl.java:43)
	at java.lang.reflect.Method.invoke(Method.java:498)
	at org.junit.runners.model.FrameworkMethod$1.runReflectiveCall(FrameworkMethod.java:44)
	at org.junit.internal.runners.model.ReflectiveCallable.run(ReflectiveCallable.java:15)
	at org.junit.runners.model.FrameworkMethod.invokeExplosively(FrameworkMethod.java:41)
	at junitparams.internal.InvokeParameterisedMethod.evaluate(InvokeParameterisedMethod.java:102)
	at org.junit.internal.runners.statements.FailOnTimeout$1.run(FailOnTimeout.java:28)
Caused by: ptolemy.kernel.util.IllegalActionException: Test fails in iteration 1.
Value was: 1.0. Should have been: 2.0
  in .DirectFeedback.Test
	at ptolemy.actor.lib.Test.fire(Test.java:268)
	at ptolemy.domains.de.kernel.DEDirector._fire(DEDirector.java:1948)
	at ptolemy.domains.de.kernel.DEDirector.fire(DEDirector.java:502)
	at ptolemy.actor.CompositeActor.fire(CompositeActor.java:455)
	at ptolemy.actor.Manager.iterate(Manager.java:851)
	at ptolemy.actor.Manager.execute(Manager.java:369)
	at ptolemy.actor.Manager.run(Manager.java:1263)
	at ptolemy.actor.Manager$PtolemyRunThread.run(Manager.java:1915)
java.lang.RuntimeException: Execution failed
	at ptolemy.moml.MoMLSimpleApplication$UnloadThread.run(MoMLSimpleApplication.java:402)
Caused by: ptolemy.kernel.util.IllegalActionException: Found a zero delay loop containing .HierarchicalModel.A
  in .HierarchicalModel and .HierarchicalModel.A
	at ptolemy.actor.util.CausalityInterfaceForComposites._computeOutputPortDepth(CausalityInterfaceForComposites.java:759)
	at ptolemy.actor.util.CausalityInterfaceForComposites._computeInputDepth(CausalityInterfaceForComposites.java:696)
	at ptolemy.actor.util.CausalityInterfaceForComposites._computeOutputPortDepth(CausalityInterfaceForComposites.java:765)
	at ptolemy.actor.util.CausalityInterfaceForComposites._computeInputDepth(CausalityInterfaceForComposites.java:696)
	at ptolemy.actor.util.CausalityInterfaceForComposites._computeOutputPortDepth(CausalityInterfaceForComposites.java:765)
	at ptolemy.actor.util.CausalityInterfaceForComposites._computeInputDepth(CausalityInterfaceForComposites.java:696)
	at ptolemy.actor.util.CausalityInterfaceForComposites._computeActorDepth(CausalityInterfaceForComposites.java:532)
	at ptolemy.actor.util.CausalityInterfaceForComposites.checkForCycles(CausalityInterfaceForComposites.java:96)
	at ptolemy.domains.de.kernel.DEDirector.preinitialize(DEDirector.java:1337)
	at ptolemy.actor.CompositeActor.preinitialize(CompositeActor.java:1828)
	at ptolemy.actor.Manager.preinitializeAndResolveTypes(Manager.java:1040)
	at ptolemy.actor.Manager.initialize(Manager.java:710)
	at ptolemy.actor.Manager.execute(Manager.java:356)
	at ptolemy.actor.Manager.run(Manager.java:1263)
	at ptolemy.actor.Manager$PtolemyRunThread.run(Manager.java:1915)
java.lang.reflect.InvocationTargetException
	at sun.reflect.NativeConstructorAccessorImpl.newInstance0(Native Method)
	at sun.reflect.NativeConstructorAccessorImpl.newInstance(NativeConstructorAccessorImpl.java:62)
	at sun.reflect.DelegatingConstructorAccessorImpl.newInstance(DelegatingConstructorAccessorImpl.java:45)
	at java.lang.reflect.Constructor.newInstance(Constructor.java:423)
	at ptolemy.util.test.junit.AutoKnownFailedTests.RunModel(AutoKnownFailedTests.java:107)
	at sun.reflect.NativeMethodAccessorImpl.invoke0(Native Method)
	at sun.reflect.NativeMethodAccessorImpl.invoke(NativeMethodAccessorImpl.java:62)
	at sun.reflect.DelegatingMethodAccessorImpl.invoke(DelegatingMethodAccessorImpl.java:43)
	at java.lang.reflect.Method.invoke(Method.java:498)
	at org.junit.runners.model.FrameworkMethod$1.runReflectiveCall(FrameworkMethod.java:44)
	at org.junit.internal.runners.model.ReflectiveCallable.run(ReflectiveCallable.java:15)
	at org.junit.runners.model.FrameworkMethod.invokeExplosively(FrameworkMethod.java:41)
	at junitparams.internal.InvokeParameterisedMethod.evaluate(InvokeParameterisedMethod.java:102)
	at org.junit.internal.runners.statements.FailOnTimeout$1.run(FailOnTimeout.java:28)
Caused by: ptolemy.kernel.util.IllegalActionException: Found a zero delay loop containing .HierarchicalModel.A
  in .HierarchicalModel and .HierarchicalModel.A
	at ptolemy.actor.util.CausalityInterfaceForComposites._computeOutputPortDepth(CausalityInterfaceForComposites.java:759)
	at ptolemy.actor.util.CausalityInterfaceForComposites._computeInputDepth(CausalityInterfaceForComposites.java:696)
	at ptolemy.actor.util.CausalityInterfaceForComposites._computeOutputPortDepth(CausalityInterfaceForComposites.java:765)
	at ptolemy.actor.util.CausalityInterfaceForComposites._computeInputDepth(CausalityInterfaceForComposites.java:696)
	at ptolemy.actor.util.CausalityInterfaceForComposites._computeOutputPortDepth(CausalityInterfaceForComposites.java:765)
	at ptolemy.actor.util.CausalityInterfaceForComposites._computeInputDepth(CausalityInterfaceForComposites.java:696)
	at ptolemy.actor.util.CausalityInterfaceForComposites._computeActorDepth(CausalityInterfaceForComposites.java:532)
	at ptolemy.actor.util.CausalityInterfaceForComposites.checkForCycles(CausalityInterfaceForComposites.java:96)
	at ptolemy.domains.de.kernel.DEDirector.preinitialize(DEDirector.java:1337)
	at ptolemy.actor.CompositeActor.preinitialize(CompositeActor.java:1828)
	at ptolemy.actor.Manager.preinitializeAndResolveTypes(Manager.java:1040)
	at ptolemy.actor.Manager.initialize(Manager.java:710)
	at ptolemy.actor.Manager.execute(Manager.java:356)
	at ptolemy.actor.Manager.run(Manager.java:1263)
	at ptolemy.actor.Manager$PtolemyRunThread.run(Manager.java:1915)
java.lang.RuntimeException: Execution failed
	at ptolemy.moml.MoMLSimpleApplication$UnloadThread.run(MoMLSimpleApplication.java:402)
Caused by: ptolemy.kernel.util.IllegalActionException: Found a zero delay loop containing .dependencyLoop.original
  in .dependencyLoop and .dependencyLoop.original
	at ptolemy.actor.util.CausalityInterfaceForComposites._computeOutputPortDepth(CausalityInterfaceForComposites.java:759)
	at ptolemy.actor.util.CausalityInterfaceForComposites._computeInputDepth(CausalityInterfaceForComposites.java:696)
	at ptolemy.actor.util.CausalityInterfaceForComposites._computeOutputPortDepth(CausalityInterfaceForComposites.java:765)
	at ptolemy.actor.util.CausalityInterfaceForComposites._computeInputDepth(CausalityInterfaceForComposites.java:696)
	at ptolemy.actor.util.CausalityInterfaceForComposites._computeOutputPortDepth(CausalityInterfaceForComposites.java:765)
	at ptolemy.actor.util.CausalityInterfaceForComposites._computeInputDepth(CausalityInterfaceForComposites.java:696)
	at ptolemy.actor.util.CausalityInterfaceForComposites._computeActorDepth(CausalityInterfaceForComposites.java:532)
	at ptolemy.actor.util.CausalityInterfaceForComposites.checkForCycles(CausalityInterfaceForComposites.java:96)
	at ptolemy.domains.de.kernel.DEDirector.preinitialize(DEDirector.java:1337)
	at ptolemy.actor.CompositeActor.preinitialize(CompositeActor.java:1828)
	at ptolemy.actor.Manager.preinitializeAndResolveTypes(Manager.java:1040)
	at ptolemy.actor.Manager.initialize(Manager.java:710)
	at ptolemy.actor.Manager.execute(Manager.java:356)
	at ptolemy.actor.Manager.run(Manager.java:1263)
	at ptolemy.actor.Manager$PtolemyRunThread.run(Manager.java:1915)
java.lang.reflect.InvocationTargetException
	at sun.reflect.NativeConstructorAccessorImpl.newInstance0(Native Method)
	at sun.reflect.NativeConstructorAccessorImpl.newInstance(NativeConstructorAccessorImpl.java:62)
	at sun.reflect.DelegatingConstructorAccessorImpl.newInstance(DelegatingConstructorAccessorImpl.java:45)
	at java.lang.reflect.Constructor.newInstance(Constructor.java:423)
	at ptolemy.util.test.junit.AutoKnownFailedTests.RunModel(AutoKnownFailedTests.java:107)
	at sun.reflect.NativeMethodAccessorImpl.invoke0(Native Method)
	at sun.reflect.NativeMethodAccessorImpl.invoke(NativeMethodAccessorImpl.java:62)
	at sun.reflect.DelegatingMethodAccessorImpl.invoke(DelegatingMethodAccessorImpl.java:43)
	at java.lang.reflect.Method.invoke(Method.java:498)
	at org.junit.runners.model.FrameworkMethod$1.runReflectiveCall(FrameworkMethod.java:44)
	at org.junit.internal.runners.model.ReflectiveCallable.run(ReflectiveCallable.java:15)
	at org.junit.runners.model.FrameworkMethod.invokeExplosively(FrameworkMethod.java:41)
	at junitparams.internal.InvokeParameterisedMethod.evaluate(InvokeParameterisedMethod.java:102)
	at org.junit.internal.runners.statements.FailOnTimeout$1.run(FailOnTimeout.java:28)
Caused by: ptolemy.kernel.util.IllegalActionException: Found a zero delay loop containing .dependencyLoop.original
  in .dependencyLoop and .dependencyLoop.original
	at ptolemy.actor.util.CausalityInterfaceForComposites._computeOutputPortDepth(CausalityInterfaceForComposites.java:759)
	at ptolemy.actor.util.CausalityInterfaceForComposites._computeInputDepth(CausalityInterfaceForComposites.java:696)
	at ptolemy.actor.util.CausalityInterfaceForComposites._computeOutputPortDepth(CausalityInterfaceForComposites.java:765)
	at ptolemy.actor.util.CausalityInterfaceForComposites._computeInputDepth(CausalityInterfaceForComposites.java:696)
	at ptolemy.actor.util.CausalityInterfaceForComposites._computeOutputPortDepth(CausalityInterfaceForComposites.java:765)
	at ptolemy.actor.util.CausalityInterfaceForComposites._computeInputDepth(CausalityInterfaceForComposites.java:696)
	at ptolemy.actor.util.CausalityInterfaceForComposites._computeActorDepth(CausalityInterfaceForComposites.java:532)
	at ptolemy.actor.util.CausalityInterfaceForComposites.checkForCycles(CausalityInterfaceForComposites.java:96)
	at ptolemy.domains.de.kernel.DEDirector.preinitialize(DEDirector.java:1337)
	at ptolemy.actor.CompositeActor.preinitialize(CompositeActor.java:1828)
	at ptolemy.actor.Manager.preinitializeAndResolveTypes(Manager.java:1040)
	at ptolemy.actor.Manager.initialize(Manager.java:710)
	at ptolemy.actor.Manager.execute(Manager.java:356)
	at ptolemy.actor.Manager.run(Manager.java:1263)
	at ptolemy.actor.Manager$PtolemyRunThread.run(Manager.java:1915)
java.lang.RuntimeException: Execution failed
	at ptolemy.moml.MoMLSimpleApplication$UnloadThread.run(MoMLSimpleApplication.java:402)
Caused by: ptolemy.kernel.util.IllegalActionException: Found a zero delay loop containing .dependencyLoop2.original
  in .dependencyLoop2 and .dependencyLoop2.original
	at ptolemy.actor.util.CausalityInterfaceForComposites._computeOutputPortDepth(CausalityInterfaceForComposites.java:759)
	at ptolemy.actor.util.CausalityInterfaceForComposites._computeInputDepth(CausalityInterfaceForComposites.java:696)
	at ptolemy.actor.util.CausalityInterfaceForComposites._computeOutputPortDepth(CausalityInterfaceForComposites.java:765)
	at ptolemy.actor.util.CausalityInterfaceForComposites._computeInputDepth(CausalityInterfaceForComposites.java:696)
	at ptolemy.actor.util.CausalityInterfaceForComposites._computeOutputPortDepth(CausalityInterfaceForComposites.java:765)
	at ptolemy.actor.util.CausalityInterfaceForComposites._computeInputDepth(CausalityInterfaceForComposites.java:696)
	at ptolemy.actor.util.CausalityInterfaceForComposites._computeActorDepth(CausalityInterfaceForComposites.java:532)
	at ptolemy.actor.util.CausalityInterfaceForComposites.checkForCycles(CausalityInterfaceForComposites.java:96)
	at ptolemy.domains.de.kernel.DEDirector.preinitialize(DEDirector.java:1337)
	at ptolemy.actor.CompositeActor.preinitialize(CompositeActor.java:1828)
	at ptolemy.actor.Manager.preinitializeAndResolveTypes(Manager.java:1040)
	at ptolemy.actor.Manager.initialize(Manager.java:710)
	at ptolemy.actor.Manager.execute(Manager.java:356)
	at ptolemy.actor.Manager.run(Manager.java:1263)
	at ptolemy.actor.Manager$PtolemyRunThread.run(Manager.java:1915)
java.lang.reflect.InvocationTargetException
	at sun.reflect.NativeConstructorAccessorImpl.newInstance0(Native Method)
	at sun.reflect.NativeConstructorAccessorImpl.newInstance(NativeConstructorAccessorImpl.java:62)
	at sun.reflect.DelegatingConstructorAccessorImpl.newInstance(DelegatingConstructorAccessorImpl.java:45)
	at java.lang.reflect.Constructor.newInstance(Constructor.java:423)
	at ptolemy.util.test.junit.AutoKnownFailedTests.RunModel(AutoKnownFailedTests.java:107)
	at sun.reflect.NativeMethodAccessorImpl.invoke0(Native Method)
	at sun.reflect.NativeMethodAccessorImpl.invoke(NativeMethodAccessorImpl.java:62)
	at sun.reflect.DelegatingMethodAccessorImpl.invoke(DelegatingMethodAccessorImpl.java:43)
	at java.lang.reflect.Method.invoke(Method.java:498)
	at org.junit.runners.model.FrameworkMethod$1.runReflectiveCall(FrameworkMethod.java:44)
	at org.junit.internal.runners.model.ReflectiveCallable.run(ReflectiveCallable.java:15)
	at org.junit.runners.model.FrameworkMethod.invokeExplosively(FrameworkMethod.java:41)
	at junitparams.internal.InvokeParameterisedMethod.evaluate(InvokeParameterisedMethod.java:102)
	at org.junit.internal.runners.statements.FailOnTimeout$1.run(FailOnTimeout.java:28)
Caused by: ptolemy.kernel.util.IllegalActionException: Found a zero delay loop containing .dependencyLoop2.original
  in .dependencyLoop2 and .dependencyLoop2.original
	at ptolemy.actor.util.CausalityInterfaceForComposites._computeOutputPortDepth(CausalityInterfaceForComposites.java:759)
	at ptolemy.actor.util.CausalityInterfaceForComposites._computeInputDepth(CausalityInterfaceForComposites.java:696)
	at ptolemy.actor.util.CausalityInterfaceForComposites._computeOutputPortDepth(CausalityInterfaceForComposites.java:765)
	at ptolemy.actor.util.CausalityInterfaceForComposites._computeInputDepth(CausalityInterfaceForComposites.java:696)
	at ptolemy.actor.util.CausalityInterfaceForComposites._computeOutputPortDepth(CausalityInterfaceForComposites.java:765)
	at ptolemy.actor.util.CausalityInterfaceForComposites._computeInputDepth(CausalityInterfaceForComposites.java:696)
	at ptolemy.actor.util.CausalityInterfaceForComposites._computeActorDepth(CausalityInterfaceForComposites.java:532)
	at ptolemy.actor.util.CausalityInterfaceForComposites.checkForCycles(CausalityInterfaceForComposites.java:96)
	at ptolemy.domains.de.kernel.DEDirector.preinitialize(DEDirector.java:1337)
	at ptolemy.actor.CompositeActor.preinitialize(CompositeActor.java:1828)
	at ptolemy.actor.Manager.preinitializeAndResolveTypes(Manager.java:1040)
	at ptolemy.actor.Manager.initialize(Manager.java:710)
	at ptolemy.actor.Manager.execute(Manager.java:356)
	at ptolemy.actor.Manager.run(Manager.java:1263)
	at ptolemy.actor.Manager$PtolemyRunThread.run(Manager.java:1915)
]]></system-err>
</testsuite>
