<?xml version="1.0" encoding="UTF-8" ?>
<testsuite errors="0" failures="0" hostname="travis-job-52cbe87f-62b4-43ed-8e91-e44d36cbedd9" name="ptolemy.domains.de.test.junit.JUnitTclTest" skipped="0" tests="101" time="131.198" timestamp="2018-04-26T01:56:21">
  <properties>
[...]
</properties>
  <testcase classname="ptolemy.util.test.junit.TclTests" name="[0] /home/travis/build/icyphy/ptII/ptolemy/domains/de/test/DependencyLoop.tcl (RunTclFile)" time="0.819" />
  <testcase classname="ptolemy.util.test.junit.TclTests" name="[1] /home/travis/build/icyphy/ptII/ptolemy/domains/de/test/RunDETestsAsQSS.tcl (RunTclFile)" time="89.594" />
  <testcase classname="ptolemy.util.test.junit.AutoKnownFailedTests" name="[0] /home/travis/build/icyphy/ptII/ptolemy/domains/de/test/auto/knownFailedTests/DESDFClockTest.xml (RunModel)" time="2.047" />
  <testcase classname="ptolemy.util.test.junit.AutoKnownFailedTests" name="[1] /home/travis/build/icyphy/ptII/ptolemy/domains/de/test/auto/knownFailedTests/DirectFeedback.xml (RunModel)" time="0.015" />
  <testcase classname="ptolemy.util.test.junit.AutoKnownFailedTests" name="[2] /home/travis/build/icyphy/ptII/ptolemy/domains/de/test/auto/knownFailedTests/FSMSource.xml (RunModel)" time="0.013" />
  <testcase classname="ptolemy.util.test.junit.AutoKnownFailedTests" name="[3] /home/travis/build/icyphy/ptII/ptolemy/domains/de/test/auto/knownFailedTests/HierarchicalModel.xml (RunModel)" time="0.029" />
  <testcase classname="ptolemy.util.test.junit.AutoKnownFailedTests" name="[4] /home/travis/build/icyphy/ptII/ptolemy/domains/de/test/auto/knownFailedTests/dependencyLoop.xml (RunModel)" time="0.032" />
  <testcase classname="ptolemy.util.test.junit.AutoKnownFailedTests" name="[5] /home/travis/build/icyphy/ptII/ptolemy/domains/de/test/auto/knownFailedTests/dependencyLoop2.xml (RunModel)" time="0.031" />
  <testcase classname="ptolemy.util.test.junit.AutoNameArchTests" name="[0] ThereAreNoAutoTests (RunModel)" time="0.001" />
  <testcase classname="ptolemy.util.test.junit.AutoTests" name="[0] /home/travis/build/icyphy/ptII/ptolemy/domains/de/test/auto/ActorDepthCalculation_actorWithoutPorts.xml (RunModel)" time="0.01" />
  <testcase classname="ptolemy.util.test.junit.AutoTests" name="[1] /home/travis/build/icyphy/ptII/ptolemy/domains/de/test/auto/AssemblyLine.xml (RunModel)" time="0.018" />
  <testcase classname="ptolemy.util.test.junit.AutoTests" name="[2] /home/travis/build/icyphy/ptII/ptolemy/domains/de/test/auto/CQBug1.xml (RunModel)" time="0.007" />
  <testcase classname="ptolemy.util.test.junit.AutoTests" name="[3] /home/travis/build/icyphy/ptII/ptolemy/domains/de/test/auto/CancelFireAt.xml (RunModel)" time="0.01" />
  <testcase classname="ptolemy.util.test.junit.AutoTests" name="[4] /home/travis/build/icyphy/ptII/ptolemy/domains/de/test/auto/CausalityAndComposabilityAnalysis.xml (RunModel)" time="0.011" />
  <testcase classname="ptolemy.util.test.junit.AutoTests" name="[5] /home/travis/build/icyphy/ptII/ptolemy/domains/de/test/auto/CausalityInterface1.xml (RunModel)" time="0.009" />
  <testcase classname="ptolemy.util.test.junit.AutoTests" name="[6] /home/travis/build/icyphy/ptII/ptolemy/domains/de/test/auto/CausalityInterface15.xml (RunModel)" time="0.01" />
  <testcase classname="ptolemy.util.test.junit.AutoTests" name="[7] /home/travis/build/icyphy/ptII/ptolemy/domains/de/test/auto/CausalityInterface2.xml (RunModel)" time="0.007" />
  <testcase classname="ptolemy.util.test.junit.AutoTests" name="[8] /home/travis/build/icyphy/ptII/ptolemy/domains/de/test/auto/CausalityInterface3.xml (RunModel)" time="0.009" />
  <testcase classname="ptolemy.util.test.junit.AutoTests" name="[9] /home/travis/build/icyphy/ptII/ptolemy/domains/de/test/auto/ClockDrift.xml (RunModel)" time="0.026" />
  <testcase classname="ptolemy.util.test.junit.AutoTests" name="[10] /home/travis/build/icyphy/ptII/ptolemy/domains/de/test/auto/ClockDriftAndValueChange.xml (RunModel)" time="0.028" />
  <testcase classname="ptolemy.util.test.junit.AutoTests" name="[11] /home/travis/build/icyphy/ptII/ptolemy/domains/de/test/auto/ClockDriftChange.xml (RunModel)" time="0.019" />
  <testcase classname="ptolemy.util.test.junit.AutoTests" name="[12] /home/travis/build/icyphy/ptII/ptolemy/domains/de/test/auto/ComposableCausalityAnalysis.xml (RunModel)" time="0.014" />
  <testcase classname="ptolemy.util.test.junit.AutoTests" name="[13] /home/travis/build/icyphy/ptII/ptolemy/domains/de/test/auto/DEFixedPointLimitation.xml (RunModel)" time="0.007" />
  <testcase classname="ptolemy.util.test.junit.AutoTests" name="[14] /home/travis/build/icyphy/ptII/ptolemy/domains/de/test/auto/DEScheduleTest.xml (RunModel)" time="0.008" />
  <testcase classname="ptolemy.util.test.junit.AutoTests" name="[15] /home/travis/build/icyphy/ptII/ptolemy/domains/de/test/auto/DEinDEwithStartTimes.xml (RunModel)" time="0.01" />
  <testcase classname="ptolemy.util.test.junit.AutoTests" name="[16] /home/travis/build/icyphy/ptII/ptolemy/domains/de/test/auto/DEinDEwithStartTimes2.xml (RunModel)" time="0.01" />
  <testcase classname="ptolemy.util.test.junit.AutoTests" name="[17] /home/travis/build/icyphy/ptII/ptolemy/domains/de/test/auto/DateDemo.xml (RunModel)" time="0.02" />
  <testcase classname="ptolemy.util.test.junit.AutoTests" name="[18] /home/travis/build/icyphy/ptII/ptolemy/domains/de/test/auto/DateToEvent.xml (RunModel)" time="2.03" />
  <testcase classname="ptolemy.util.test.junit.AutoTests" name="[19] /home/travis/build/icyphy/ptII/ptolemy/domains/de/test/auto/DepthTest1.xml (RunModel)" time="0.007" />
  <testcase classname="ptolemy.util.test.junit.AutoTests" name="[20] /home/travis/build/icyphy/ptII/ptolemy/domains/de/test/auto/DepthTest2.xml (RunModel)" time="0.019" />
  <testcase classname="ptolemy.util.test.junit.AutoTests" name="[21] /home/travis/build/icyphy/ptII/ptolemy/domains/de/test/auto/DepthTest3.xml (RunModel)" time="0.009" />
  <testcase classname="ptolemy.util.test.junit.AutoTests" name="[22] /home/travis/build/icyphy/ptII/ptolemy/domains/de/test/auto/DepthTest4.xml (RunModel)" time="0.011" />
  <testcase classname="ptolemy.util.test.junit.AutoTests" name="[23] /home/travis/build/icyphy/ptII/ptolemy/domains/de/test/auto/DepthTest5.xml (RunModel)" time="0.014" />
  <testcase classname="ptolemy.util.test.junit.AutoTests" name="[24] /home/travis/build/icyphy/ptII/ptolemy/domains/de/test/auto/DepthTest6.xml (RunModel)" time="0.013" />
  <testcase classname="ptolemy.util.test.junit.AutoTests" name="[25] /home/travis/build/icyphy/ptII/ptolemy/domains/de/test/auto/DepthTest7.xml (RunModel)" time="0.012" />
  <testcase classname="ptolemy.util.test.junit.AutoTests" name="[26] /home/travis/build/icyphy/ptII/ptolemy/domains/de/test/auto/EventToDate.xml (RunModel)" time="3.036" />
  <testcase classname="ptolemy.util.test.junit.AutoTests" name="[27] /home/travis/build/icyphy/ptII/ptolemy/domains/de/test/auto/FSM1.xml (RunModel)" time="0.033" />
  <testcase classname="ptolemy.util.test.junit.AutoTests" name="[28] /home/travis/build/icyphy/ptII/ptolemy/domains/de/test/auto/FSM7.xml (RunModel)" time="0.031" />
  <testcase classname="ptolemy.util.test.junit.AutoTests" name="[29] /home/travis/build/icyphy/ptII/ptolemy/domains/de/test/auto/Inspection.xml (RunModel)" time="0.039" />
  <testcase classname="ptolemy.util.test.junit.AutoTests" name="[30] /home/travis/build/icyphy/ptII/ptolemy/domains/de/test/auto/Iteration.xml (RunModel)" time="0.02" />
  <testcase classname="ptolemy.util.test.junit.AutoTests" name="[31] /home/travis/build/icyphy/ptII/ptolemy/domains/de/test/auto/LineFault.xml (RunModel)" time="0.564" />
  <testcase classname="ptolemy.util.test.junit.AutoTests" name="[32] /home/travis/build/icyphy/ptII/ptolemy/domains/de/test/auto/MergeModel1Add.xml (RunModel)" time="0.049" />
  <testcase classname="ptolemy.util.test.junit.AutoTests" name="[33] /home/travis/build/icyphy/ptII/ptolemy/domains/de/test/auto/MergeModel2Add.xml (RunModel)" time="0.04" />
  <testcase classname="ptolemy.util.test.junit.AutoTests" name="[34] /home/travis/build/icyphy/ptII/ptolemy/domains/de/test/auto/MergeModel3Add.xml (RunModel)" time="0.039" />
  <testcase classname="ptolemy.util.test.junit.AutoTests" name="[35] /home/travis/build/icyphy/ptII/ptolemy/domains/de/test/auto/MergeWithoutDiscard.xml (RunModel)" time="0.01" />
  <testcase classname="ptolemy.util.test.junit.AutoTests" name="[36] /home/travis/build/icyphy/ptII/ptolemy/domains/de/test/auto/Modal1.xml (RunModel)" time="0.039" />
  <testcase classname="ptolemy.util.test.junit.AutoTests" name="[37] /home/travis/build/icyphy/ptII/ptolemy/domains/de/test/auto/Modal2.xml (RunModel)" time="0.031" />
  <testcase classname="ptolemy.util.test.junit.AutoTests" name="[38] /home/travis/build/icyphy/ptII/ptolemy/domains/de/test/auto/Modal3.xml (RunModel)" time="0.033" />
  <testcase classname="ptolemy.util.test.junit.AutoTests" name="[39] /home/travis/build/icyphy/ptII/ptolemy/domains/de/test/auto/Modal4.xml (RunModel)" time="0.038" />
  <testcase classname="ptolemy.util.test.junit.AutoTests" name="[40] /home/travis/build/icyphy/ptII/ptolemy/domains/de/test/auto/Modal5.xml (RunModel)" time="0.038" />
  <testcase classname="ptolemy.util.test.junit.AutoTests" name="[41] /home/travis/build/icyphy/ptII/ptolemy/domains/de/test/auto/Modal6.xml (RunModel)" time="0.03" />
  <testcase classname="ptolemy.util.test.junit.AutoTests" name="[42] /home/travis/build/icyphy/ptII/ptolemy/domains/de/test/auto/Modal7.xml (RunModel)" time="0.032" />
  <testcase classname="ptolemy.util.test.junit.AutoTests" name="[43] /home/travis/build/icyphy/ptII/ptolemy/domains/de/test/auto/ModalModel.xml (RunModel)" time="0.194" />
  <testcase classname="ptolemy.util.test.junit.AutoTests" name="[44] /home/travis/build/icyphy/ptII/ptolemy/domains/de/test/auto/ModalSource.xml (RunModel)" time="0.022" />
  <testcase classname="ptolemy.util.test.junit.AutoTests" name="[45] /home/travis/build/icyphy/ptII/ptolemy/domains/de/test/auto/NonInterruptibleTimerZeroDelay.xml (RunModel)" time="0.015" />
  <testcase classname="ptolemy.util.test.junit.AutoTests" name="[46] /home/travis/build/icyphy/ptII/ptolemy/domains/de/test/auto/OpenQueueingNetwork.xml (RunModel)" time="2.425" />
  <testcase classname="ptolemy.util.test.junit.AutoTests" name="[47] /home/travis/build/icyphy/ptII/ptolemy/domains/de/test/auto/OpenQueuingNetwork.xml (RunModel)" time="0.265" />
  <testcase classname="ptolemy.util.test.junit.AutoTests" name="[48] /home/travis/build/icyphy/ptII/ptolemy/domains/de/test/auto/PeriodicSampler.xml (RunModel)" time="0.009" />
  <testcase classname="ptolemy.util.test.junit.AutoTests" name="[49] /home/travis/build/icyphy/ptII/ptolemy/domains/de/test/auto/PersistentIO.xml (RunModel)" time="0.021" />
  <testcase classname="ptolemy.util.test.junit.AutoTests" name="[50] /home/travis/build/icyphy/ptII/ptolemy/domains/de/test/auto/PortParameterResetOnInitialize.xml (RunModel)" time="0.01" />
  <testcase classname="ptolemy.util.test.junit.AutoTests" name="[51] /home/travis/build/icyphy/ptII/ptolemy/domains/de/test/auto/PortParameterUpdates.xml (RunModel)" time="0.015" />
  <testcase classname="ptolemy.util.test.junit.AutoTests" name="[52] /home/travis/build/icyphy/ptII/ptolemy/domains/de/test/auto/QueueAndServer.xml (RunModel)" time="0.02" />
  <testcase classname="ptolemy.util.test.junit.AutoTests" name="[53] /home/travis/build/icyphy/ptII/ptolemy/domains/de/test/auto/Records.xml (RunModel)" time="0.014" />
  <testcase classname="ptolemy.util.test.junit.AutoTests" name="[54] /home/travis/build/icyphy/ptII/ptolemy/domains/de/test/auto/ResetTransitionWithStartTime1.xml (RunModel)" time="0.02" />
  <testcase classname="ptolemy.util.test.junit.AutoTests" name="[55] /home/travis/build/icyphy/ptII/ptolemy/domains/de/test/auto/ResetTransitionWithStartTime2.xml (RunModel)" time="0.019" />
  <testcase classname="ptolemy.util.test.junit.AutoTests" name="[56] /home/travis/build/icyphy/ptII/ptolemy/domains/de/test/auto/ResetTransitionWithStartTime3.xml (RunModel)" time="0.018" />
  <testcase classname="ptolemy.util.test.junit.AutoTests" name="[57] /home/travis/build/icyphy/ptII/ptolemy/domains/de/test/auto/ResetTransitionWithStartTime4.xml (RunModel)" time="0.018" />
  <testcase classname="ptolemy.util.test.junit.AutoTests" name="[58] /home/travis/build/icyphy/ptII/ptolemy/domains/de/test/auto/ResettableTimer1.xml (RunModel)" time="0.01" />
  <testcase classname="ptolemy.util.test.junit.AutoTests" name="[59] /home/travis/build/icyphy/ptII/ptolemy/domains/de/test/auto/ResettableTimer2.xml (RunModel)" time="0.01" />
  <testcase classname="ptolemy.util.test.junit.AutoTests" name="[60] /home/travis/build/icyphy/ptII/ptolemy/domains/de/test/auto/ResettableTimer3.xml (RunModel)" time="0.009" />
  <testcase classname="ptolemy.util.test.junit.AutoTests" name="[61] /home/travis/build/icyphy/ptII/ptolemy/domains/de/test/auto/ResettableTimer4.xml (RunModel)" time="0.009" />
  <testcase classname="ptolemy.util.test.junit.AutoTests" name="[62] /home/travis/build/icyphy/ptII/ptolemy/domains/de/test/auto/ResettableTimer5.xml (RunModel)" time="0.01" />
  <testcase classname="ptolemy.util.test.junit.AutoTests" name="[63] /home/travis/build/icyphy/ptII/ptolemy/domains/de/test/auto/ResettableTimer6.xml (RunModel)" time="0.011" />
  <testcase classname="ptolemy.util.test.junit.AutoTests" name="[64] /home/travis/build/icyphy/ptII/ptolemy/domains/de/test/auto/ServerZeroDelay.xml (RunModel)" time="0.01" />
  <testcase classname="ptolemy.util.test.junit.AutoTests" name="[65] /home/travis/build/icyphy/ptII/ptolemy/domains/de/test/auto/SmartSender.xml (RunModel)" time="3.01" />
  <testcase classname="ptolemy.util.test.junit.AutoTests" name="[66] /home/travis/build/icyphy/ptII/ptolemy/domains/de/test/auto/ThreadedComposite.xml (RunModel)" time="0.156" />
  <testcase classname="ptolemy.util.test.junit.AutoTests" name="[67] /home/travis/build/icyphy/ptII/ptolemy/domains/de/test/auto/Time.xml (RunModel)" time="0.436" />
  <testcase classname="ptolemy.util.test.junit.AutoTests" name="[68] /home/travis/build/icyphy/ptII/ptolemy/domains/de/test/auto/TimeDelayZeroDelay.xml (RunModel)" time="0.01" />
  <testcase classname="ptolemy.util.test.junit.AutoTests" name="[69] /home/travis/build/icyphy/ptII/ptolemy/domains/de/test/auto/TimerZeroDelay.xml (RunModel)" time="0.009" />
  <testcase classname="ptolemy.util.test.junit.AutoTests" name="[70] /home/travis/build/icyphy/ptII/ptolemy/domains/de/test/auto/TimingParadox.xml (RunModel)" time="0.356" />
  <testcase classname="ptolemy.util.test.junit.AutoTests" name="[71] /home/travis/build/icyphy/ptII/ptolemy/domains/de/test/auto/TransferInputs.xml (RunModel)" time="0.01" />
  <testcase classname="ptolemy.util.test.junit.AutoTests" name="[72] /home/travis/build/icyphy/ptII/ptolemy/domains/de/test/auto/TransferOutputs2.xml (RunModel)" time="0.017" />
  <testcase classname="ptolemy.util.test.junit.AutoTests" name="[73] /home/travis/build/icyphy/ptII/ptolemy/domains/de/test/auto/Trilateration.xml (RunModel)" time="11.979" />
  <testcase classname="ptolemy.util.test.junit.AutoTests" name="[74] /home/travis/build/icyphy/ptII/ptolemy/domains/de/test/auto/TwoSigmaDelta.xml (RunModel)" time="2.465" />
  <testcase classname="ptolemy.util.test.junit.AutoTests" name="[75] /home/travis/build/icyphy/ptII/ptolemy/domains/de/test/auto/VariableDelay.xml (RunModel)" time="0.01" />
  <testcase classname="ptolemy.util.test.junit.AutoTests" name="[76] /home/travis/build/icyphy/ptII/ptolemy/domains/de/test/auto/VariableDelay2.xml (RunModel)" time="0.008" />
  <testcase classname="ptolemy.util.test.junit.AutoTests" name="[77] /home/travis/build/icyphy/ptII/ptolemy/domains/de/test/auto/VariableDelayZeroDelay.xml (RunModel)" time="0.014" />
  <testcase classname="ptolemy.util.test.junit.AutoTests" name="[78] /home/travis/build/icyphy/ptII/ptolemy/domains/de/test/auto/VariableDelayZeroDelay2.xml (RunModel)" time="0.013" />
  <testcase classname="ptolemy.util.test.junit.AutoTests" name="[79] /home/travis/build/icyphy/ptII/ptolemy/domains/de/test/auto/deInCt.xml (RunModel)" time="0.023" />
  <testcase classname="ptolemy.util.test.junit.AutoTests" name="[80] /home/travis/build/icyphy/ptII/ptolemy/domains/de/test/auto/deInCt2.xml (RunModel)" time="0.029" />
  <testcase classname="ptolemy.util.test.junit.AutoTests" name="[81] /home/travis/build/icyphy/ptII/ptolemy/domains/de/test/auto/dynamicCausalityInterface1.xml (RunModel)" time="0.023" />
  <testcase classname="ptolemy.util.test.junit.AutoTests" name="[82] /home/travis/build/icyphy/ptII/ptolemy/domains/de/test/auto/fsm_de_test.xml (RunModel)" time="0.027" />
  <testcase classname="ptolemy.util.test.junit.AutoTests" name="[83] /home/travis/build/icyphy/ptII/ptolemy/domains/de/test/auto/functionDependencyReconstruction.xml (RunModel)" time="0.033" />
  <testcase classname="ptolemy.util.test.junit.AutoTests" name="[84] /home/travis/build/icyphy/ptII/ptolemy/domains/de/test/auto/multirate.xml (RunModel)" time="0.015" />
  <testcase classname="ptolemy.util.test.junit.AutoTests" name="[85] /home/travis/build/icyphy/ptII/ptolemy/domains/de/test/auto/multirate2.xml (RunModel)" time="0.015" />
  <testcase classname="ptolemy.util.test.junit.AutoTests" name="[86] /home/travis/build/icyphy/ptII/ptolemy/domains/de/test/auto/realtime.xml (RunModel)" time="10.014" />
  <testcase classname="ptolemy.util.test.junit.AutoTests" name="[87] /home/travis/build/icyphy/ptII/ptolemy/domains/de/test/auto/relationGroup.xml (RunModel)" time="0.007" />
  <testcase classname="ptolemy.util.test.junit.AutoTests" name="[88] /home/travis/build/icyphy/ptII/ptolemy/domains/de/test/auto/relationGroup2.xml (RunModel)" time="0.007" />
  <testcase classname="ptolemy.util.test.junit.AutoTests" name="[89] /home/travis/build/icyphy/ptII/ptolemy/domains/de/test/auto/sortWithOpaquePorts.xml (RunModel)" time="0.009" />
  <testcase classname="ptolemy.util.test.junit.AutoTests" name="[90] /home/travis/build/icyphy/ptII/ptolemy/domains/de/test/auto/transferInputsandOutputs.xml (RunModel)" time="0.015" />
  <testcase classname="ptolemy.util.test.junit.AutoTests" name="[91] /home/travis/build/icyphy/ptII/ptolemy/domains/de/test/auto/triggerType.xml (RunModel)" time="0.009" />
  <system-out><![CDATA[/home/travis/build/icyphy/ptII/ptolemy/domains/de/test/DependencyLoop.tcl
testDefs.tcl: setting time out to 9000 seconds at Thu Apr 26 01:56:21 UTC 2018
17 ms. Memory: 116224K Free: 93463K (80%)
7 ms. Memory: 116224K Free: 105323K (91%)
/home/travis/build/icyphy/ptII/ptolemy/domains/de/test/RunDETestsAsQSS.tcl
Run the DE tests using ptolemy.domains.qss.test.QSSDirectorTest, which extends QSSDirector and prints a message in the constructors.
------------------ testing $PTII/ptolemy/domains/de/test/auto/knownFailedTests/dependencyLoop.xml (Known Failure) 
8 ms. Memory: 116224K Free: 102165K (88%)


==== $PTIIhome/travis/build/icyphy/ptII/ptolemy/domains/de/test/../../../../: Auto Automatic test in file $PTII/ptolemy/domains/de/test/auto/knownFailedTests/dependencyLoop.xml
==== Contents of test case:

	    # FIXME: we should use $relativeFilename here, but it
	    # might have backslashes under Windows, which causes no end
	    # of trouble.
	    createAndExecute $file
	    list {}
	
.... Test generated KNOWN error:
    while executing
ptolemy.kernel.util.IllegalActionException: Found a zero delay loop containing .dependencyLoop.original
  in .dependencyLoop and .dependencyLoop.original
	at ptolemy.actor.util.CausalityInterfaceForComposites._computeOutputPortDepth(CausalityInterfaceForComposites.java:759)
	at ptolemy.actor.util.CausalityInterfaceForComposites._computeInputDepth(CausalityInterfaceForComposites.java:696)
	at ptolemy.actor.util.CausalityInterfaceForComposites._computeOutputPortDepth(CausalityInterfaceForComposites.java:765)
	at ptolemy.actor.util.CausalityInterfaceForComposites._computeInputDepth(CausalityInterfaceForComposites.java:696)
	at ptolemy.actor.util.CausalityInterfaceForComposites._computeOutputPortDepth(CausalityInterfaceForComposites.java:765)
	at ptolemy.actor.util.CausalityInterfaceForComposites._computeInputDepth(CausalityInterfaceForComposites.java:696)
	at ptolemy.actor.util.CausalityInterfaceForComposites._computeActorDepth(CausalityInterfaceForComposites.java:532)
	at ptolemy.actor.util.CausalityInterfaceForComposites.checkForCycles(CausalityInterfaceForComposites.java:96)
	at ptolemy.domains.de.kernel.DEDirector.preinitialize(DEDirector.java:1337)
	at ptolemy.actor.CompositeActor.preinitialize(CompositeActor.java:1828)
	at ptolemy.actor.Manager.preinitializeAndResolveTypes(Manager.java:1040)
	at ptolemy.actor.Manager.initialize(Manager.java:710)
	at ptolemy.actor.Manager.execute(Manager.java:356)
	at ptolemy.actor.Manager.run(Manager.java:1263)
	at ptolemy.actor.Manager$PtolemyRunThread.run(Manager.java:1915)

    while executing
ptolemy.kernel.util.IllegalActionException: Found a zero delay loop containing .dependencyLoop.original
  in .dependencyLoop and .dependencyLoop.original
    while executing
"java::new ptolemy.moml.MoMLSimpleApplication $file
"
    (procedure "createAndExecute" line 2)
    invoked from within
"createAndExecute $file"
    ("uplevel" body line 5)
    invoked from within
"uplevel $contents_of_test"
------------------ testing $PTII/ptolemy/domains/de/test/auto/knownFailedTests/DESDFClockTest.xml (Known Failure) 
2105 ms. Memory: 116224K Free: 87319K (75%)


==== $PTIIhome/travis/build/icyphy/ptII/ptolemy/domains/de/test/../../../../: Auto Automatic test in file $PTII/ptolemy/domains/de/test/auto/knownFailedTests/DESDFClockTest.xml
==== Contents of test case:

	    # FIXME: we should use $relativeFilename here, but it
	    # might have backslashes under Windows, which causes no end
	    # of trouble.
	    createAndExecute $file
	    list {}
	
.... Test generated KNOWN error:
    while executing
ptolemy.kernel.util.IllegalActionException: Actor is not ready to fire.  Perhaps UpSample.prefire() returned false? Try debugging the actor by selecting "Listen to Actor".  Also, for SDF check moml for tokenConsumptionRate on input.
  in .DESDFClockTest.Play Bell.Copy1:SDF Director and .DESDFClockTest.Play Bell.UpSample
	at ptolemy.actor.sched.StaticSchedulingDirector.fire(StaticSchedulingDirector.java:227)
	at ptolemy.domains.sdf.kernel.SDFDirector.fire(SDFDirector.java:500)
	at ptolemy.actor.CompositeActor.fire(CompositeActor.java:455)
	at ptolemy.domains.de.kernel.DEDirector._fire(DEDirector.java:1948)
	at ptolemy.domains.de.kernel.DEDirector.fire(DEDirector.java:502)
	at ptolemy.actor.CompositeActor.fire(CompositeActor.java:455)
	at ptolemy.actor.Manager.iterate(Manager.java:851)
	at ptolemy.actor.Manager.execute(Manager.java:369)
	at ptolemy.actor.Manager.run(Manager.java:1263)
	at ptolemy.actor.Manager$PtolemyRunThread.run(Manager.java:1915)

    while executing
ptolemy.kernel.util.IllegalActionException: Actor is not ready to fire.  Perhaps UpSample.prefire() returned false? Try debugging the actor by selecting "Listen to Actor".  Also, for SDF check moml for tokenConsumptionRate on input.
  in .DESDFClockTest.Play Bell.Copy1:SDF Director and .DESDFClockTest.Play Bell.UpSample
    while executing
"java::new ptolemy.moml.MoMLSimpleApplication $file
"
    (procedure "createAndExecute" line 2)
    invoked from within
"createAndExecute $file"
    ("uplevel" body line 5)
    invoked from within
"uplevel $contents_of_test"
------------------ testing $PTII/ptolemy/domains/de/test/auto/knownFailedTests/FSMSource.xml (Known Failure) 
46 ms. Memory: 116224K Free: 109177K (94%)
!!!! Auto was marked as failing, but now passes
------------------ testing $PTII/ptolemy/domains/de/test/auto/knownFailedTests/dependencyLoop2.xml (Known Failure) 
6 ms. Memory: 116224K Free: 91626K (79%)


==== $PTIIhome/travis/build/icyphy/ptII/ptolemy/domains/de/test/../../../../: Auto Automatic test in file $PTII/ptolemy/domains/de/test/auto/knownFailedTests/dependencyLoop2.xml
==== Contents of test case:

	    # FIXME: we should use $relativeFilename here, but it
	    # might have backslashes under Windows, which causes no end
	    # of trouble.
	    createAndExecute $file
	    list {}
	
.... Test generated KNOWN error:
    while executing
ptolemy.kernel.util.IllegalActionException: Found a zero delay loop containing .dependencyLoop2.original
  in .dependencyLoop2 and .dependencyLoop2.original
	at ptolemy.actor.util.CausalityInterfaceForComposites._computeOutputPortDepth(CausalityInterfaceForComposites.java:759)
	at ptolemy.actor.util.CausalityInterfaceForComposites._computeInputDepth(CausalityInterfaceForComposites.java:696)
	at ptolemy.actor.util.CausalityInterfaceForComposites._computeOutputPortDepth(CausalityInterfaceForComposites.java:765)
	at ptolemy.actor.util.CausalityInterfaceForComposites._computeInputDepth(CausalityInterfaceForComposites.java:696)
	at ptolemy.actor.util.CausalityInterfaceForComposites._computeOutputPortDepth(CausalityInterfaceForComposites.java:765)
	at ptolemy.actor.util.CausalityInterfaceForComposites._computeInputDepth(CausalityInterfaceForComposites.java:696)
	at ptolemy.actor.util.CausalityInterfaceForComposites._computeActorDepth(CausalityInterfaceForComposites.java:532)
	at ptolemy.actor.util.CausalityInterfaceForComposites.checkForCycles(CausalityInterfaceForComposites.java:96)
	at ptolemy.domains.de.kernel.DEDirector.preinitialize(DEDirector.java:1337)
	at ptolemy.actor.CompositeActor.preinitialize(CompositeActor.java:1828)
	at ptolemy.actor.Manager.preinitializeAndResolveTypes(Manager.java:1040)
	at ptolemy.actor.Manager.initialize(Manager.java:710)
	at ptolemy.actor.Manager.execute(Manager.java:356)
	at ptolemy.actor.Manager.run(Manager.java:1263)
	at ptolemy.actor.Manager$PtolemyRunThread.run(Manager.java:1915)

    while executing
ptolemy.kernel.util.IllegalActionException: Found a zero delay loop containing .dependencyLoop2.original
  in .dependencyLoop2 and .dependencyLoop2.original
    while executing
"java::new ptolemy.moml.MoMLSimpleApplication $file
"
    (procedure "createAndExecute" line 2)
    invoked from within
"createAndExecute $file"
    ("uplevel" body line 5)
    invoked from within
"uplevel $contents_of_test"
------------------ testing $PTII/ptolemy/domains/de/test/auto/knownFailedTests/HierarchicalModel.xml (Known Failure) 
5 ms. Memory: 146944K Free: 132332K (90%)


==== $PTIIhome/travis/build/icyphy/ptII/ptolemy/domains/de/test/../../../../: Auto Automatic test in file $PTII/ptolemy/domains/de/test/auto/knownFailedTests/HierarchicalModel.xml
==== Contents of test case:

	    # FIXME: we should use $relativeFilename here, but it
	    # might have backslashes under Windows, which causes no end
	    # of trouble.
	    createAndExecute $file
	    list {}
	
.... Test generated KNOWN error:
    while executing
ptolemy.kernel.util.IllegalActionException: Found a zero delay loop containing .HierarchicalModel.A
  in .HierarchicalModel and .HierarchicalModel.A
	at ptolemy.actor.util.CausalityInterfaceForComposites._computeOutputPortDepth(CausalityInterfaceForComposites.java:759)
	at ptolemy.actor.util.CausalityInterfaceForComposites._computeInputDepth(CausalityInterfaceForComposites.java:696)
	at ptolemy.actor.util.CausalityInterfaceForComposites._computeOutputPortDepth(CausalityInterfaceForComposites.java:765)
	at ptolemy.actor.util.CausalityInterfaceForComposites._computeInputDepth(CausalityInterfaceForComposites.java:696)
	at ptolemy.actor.util.CausalityInterfaceForComposites._computeOutputPortDepth(CausalityInterfaceForComposites.java:765)
	at ptolemy.actor.util.CausalityInterfaceForComposites._computeInputDepth(CausalityInterfaceForComposites.java:696)
	at ptolemy.actor.util.CausalityInterfaceForComposites._computeActorDepth(CausalityInterfaceForComposites.java:532)
	at ptolemy.actor.util.CausalityInterfaceForComposites.checkForCycles(CausalityInterfaceForComposites.java:96)
	at ptolemy.domains.de.kernel.DEDirector.preinitialize(DEDirector.java:1337)
	at ptolemy.actor.CompositeActor.preinitialize(CompositeActor.java:1828)
	at ptolemy.actor.Manager.preinitializeAndResolveTypes(Manager.java:1040)
	at ptolemy.actor.Manager.initialize(Manager.java:710)
	at ptolemy.actor.Manager.execute(Manager.java:356)
	at ptolemy.actor.Manager.run(Manager.java:1263)
	at ptolemy.actor.Manager$PtolemyRunThread.run(Manager.java:1915)

    while executing
ptolemy.kernel.util.IllegalActionException: Found a zero delay loop containing .HierarchicalModel.A
  in .HierarchicalModel and .HierarchicalModel.A
    while executing
"java::new ptolemy.moml.MoMLSimpleApplication $file
"
    (procedure "createAndExecute" line 2)
    invoked from within
"createAndExecute $file"
    ("uplevel" body line 5)
    invoked from within
"uplevel $contents_of_test"
------------------ testing $PTII/ptolemy/domains/de/test/auto/knownFailedTests/DirectFeedback.xml (Known Failure) 
4 ms. Memory: 146944K Free: 127330K (87%)


==== $PTIIhome/travis/build/icyphy/ptII/ptolemy/domains/de/test/../../../../: Auto Automatic test in file $PTII/ptolemy/domains/de/test/auto/knownFailedTests/DirectFeedback.xml
==== Contents of test case:

	    # FIXME: we should use $relativeFilename here, but it
	    # might have backslashes under Windows, which causes no end
	    # of trouble.
	    createAndExecute $file
	    list {}
	
.... Test generated KNOWN error:
    while executing
ptolemy.kernel.util.IllegalActionException: Test fails in iteration 1.
Value was: 1.0. Should have been: 2.0
  in .DirectFeedback.Test
	at ptolemy.actor.lib.Test.fire(Test.java:268)
	at ptolemy.domains.de.kernel.DEDirector._fire(DEDirector.java:1948)
	at ptolemy.domains.de.kernel.DEDirector.fire(DEDirector.java:502)
	at ptolemy.actor.CompositeActor.fire(CompositeActor.java:455)
	at ptolemy.actor.Manager.iterate(Manager.java:851)
	at ptolemy.actor.Manager.execute(Manager.java:369)
	at ptolemy.actor.Manager.run(Manager.java:1263)
	at ptolemy.actor.Manager$PtolemyRunThread.run(Manager.java:1915)

    while executing
ptolemy.kernel.util.IllegalActionException: Test fails in iteration 1.
Value was: 1.0. Should have been: 2.0
  in .DirectFeedback.Test
    while executing
"java::new ptolemy.moml.MoMLSimpleApplication $file
"
    (procedure "createAndExecute" line 2)
    invoked from within
"createAndExecute $file"
    ("uplevel" body line 5)
    invoked from within
"uplevel $contents_of_test"
------------------ testing $PTII/ptolemy/domains/de/test/auto/ActorDepthCalculation_actorWithoutPorts.xml
auto.tcl: Setting watchdog for 200 seconds at Thu Apr 26 01:56:25 UTC 2018
4 ms. Memory: 146944K Free: 118585K (81%)
ptolemy.util.test.WatchDog.cancel(): canceling Thu Apr 26 01:56:25 UTC 2018
auto.tcl: Setting watchdog for 200 seconds at Thu Apr 26 01:56:25 UTC 2018
10 ms. Memory: 146944K Free: 117537K (80%)
ptolemy.util.test.WatchDog.cancel(): canceling Thu Apr 26 01:56:25 UTC 2018
------------------ testing $PTII/ptolemy/domains/de/test/auto/AssemblyLine.xml
auto.tcl: Setting watchdog for 200 seconds at Thu Apr 26 01:56:25 UTC 2018
17 ms. Memory: 146944K Free: 127529K (87%)
ptolemy.util.test.WatchDog.cancel(): canceling Thu Apr 26 01:56:25 UTC 2018
auto.tcl: Setting watchdog for 200 seconds at Thu Apr 26 01:56:25 UTC 2018
7 ms. Memory: 146944K Free: 126484K (86%)
ptolemy.util.test.WatchDog.cancel(): canceling Thu Apr 26 01:56:25 UTC 2018
------------------ testing $PTII/ptolemy/domains/de/test/auto/CQBug1.xml
auto.tcl: Setting watchdog for 200 seconds at Thu Apr 26 01:56:26 UTC 2018
4 ms. Memory: 146944K Free: 138360K (94%)
ptolemy.util.test.WatchDog.cancel(): canceling Thu Apr 26 01:56:26 UTC 2018
auto.tcl: Setting watchdog for 200 seconds at Thu Apr 26 01:56:26 UTC 2018
2 ms. Memory: 146944K Free: 138360K (94%)
ptolemy.util.test.WatchDog.cancel(): canceling Thu Apr 26 01:56:26 UTC 2018
------------------ testing $PTII/ptolemy/domains/de/test/auto/CancelFireAt.xml
auto.tcl: Setting watchdog for 200 seconds at Thu Apr 26 01:56:26 UTC 2018
4 ms. Memory: 146944K Free: 139366K (95%)
ptolemy.util.test.WatchDog.cancel(): canceling Thu Apr 26 01:56:26 UTC 2018
auto.tcl: Setting watchdog for 200 seconds at Thu Apr 26 01:56:26 UTC 2018
2 ms. Memory: 146944K Free: 139366K (95%)
ptolemy.util.test.WatchDog.cancel(): canceling Thu Apr 26 01:56:26 UTC 2018
------------------ testing $PTII/ptolemy/domains/de/test/auto/CausalityAndComposabilityAnalysis.xml
auto.tcl: Setting watchdog for 200 seconds at Thu Apr 26 01:56:26 UTC 2018
20 ms. Memory: 146944K Free: 136969K (93%)
ptolemy.util.test.WatchDog.cancel(): canceling Thu Apr 26 01:56:26 UTC 2018
auto.tcl: Setting watchdog for 200 seconds at Thu Apr 26 01:56:26 UTC 2018
6 ms. Memory: 146944K Free: 136969K (93%)
ptolemy.util.test.WatchDog.cancel(): canceling Thu Apr 26 01:56:26 UTC 2018
------------------ testing $PTII/ptolemy/domains/de/test/auto/CausalityInterface1.xml
auto.tcl: Setting watchdog for 200 seconds at Thu Apr 26 01:56:26 UTC 2018
18 ms. Memory: 146944K Free: 136291K (93%)
ptolemy.util.test.WatchDog.cancel(): canceling Thu Apr 26 01:56:26 UTC 2018
auto.tcl: Setting watchdog for 200 seconds at Thu Apr 26 01:56:26 UTC 2018
5 ms. Memory: 146944K Free: 135246K (92%)
ptolemy.util.test.WatchDog.cancel(): canceling Thu Apr 26 01:56:26 UTC 2018
------------------ testing $PTII/ptolemy/domains/de/test/auto/CausalityInterface15.xml
auto.tcl: Setting watchdog for 200 seconds at Thu Apr 26 01:56:26 UTC 2018
8 ms. Memory: 146944K Free: 135238K (92%)
ptolemy.util.test.WatchDog.cancel(): canceling Thu Apr 26 01:56:26 UTC 2018
auto.tcl: Setting watchdog for 200 seconds at Thu Apr 26 01:56:26 UTC 2018
4 ms. Memory: 146944K Free: 134193K (91%)
ptolemy.util.test.WatchDog.cancel(): canceling Thu Apr 26 01:56:26 UTC 2018
------------------ testing $PTII/ptolemy/domains/de/test/auto/CausalityInterface2.xml
auto.tcl: Setting watchdog for 200 seconds at Thu Apr 26 01:56:26 UTC 2018
8 ms. Memory: 146944K Free: 136266K (93%)
ptolemy.util.test.WatchDog.cancel(): canceling Thu Apr 26 01:56:26 UTC 2018
auto.tcl: Setting watchdog for 200 seconds at Thu Apr 26 01:56:26 UTC 2018
4 ms. Memory: 146944K Free: 136266K (93%)
ptolemy.util.test.WatchDog.cancel(): canceling Thu Apr 26 01:56:26 UTC 2018
------------------ testing $PTII/ptolemy/domains/de/test/auto/CausalityInterface3.xml
auto.tcl: Setting watchdog for 200 seconds at Thu Apr 26 01:56:26 UTC 2018
9 ms. Memory: 146944K Free: 136279K (93%)
ptolemy.util.test.WatchDog.cancel(): canceling Thu Apr 26 01:56:26 UTC 2018
auto.tcl: Setting watchdog for 200 seconds at Thu Apr 26 01:56:26 UTC 2018
3 ms. Memory: 146944K Free: 135234K (92%)
ptolemy.util.test.WatchDog.cancel(): canceling Thu Apr 26 01:56:26 UTC 2018
------------------ testing $PTII/ptolemy/domains/de/test/auto/ClockDrift.xml
auto.tcl: Setting watchdog for 200 seconds at Thu Apr 26 01:56:26 UTC 2018
90 ms. Memory: 146944K Free: 128153K (87%)
ptolemy.util.test.WatchDog.cancel(): canceling Thu Apr 26 01:56:26 UTC 2018
auto.tcl: Setting watchdog for 200 seconds at Thu Apr 26 01:56:26 UTC 2018
54 ms. Memory: 146944K Free: 125019K (85%)
ptolemy.util.test.WatchDog.cancel(): canceling Thu Apr 26 01:56:27 UTC 2018
------------------ testing $PTII/ptolemy/domains/de/test/auto/ClockDriftAndValueChange.xml
auto.tcl: Setting watchdog for 200 seconds at Thu Apr 26 01:56:27 UTC 2018
32 ms. Memory: 146944K Free: 127989K (87%)
ptolemy.util.test.WatchDog.cancel(): canceling Thu Apr 26 01:56:27 UTC 2018
auto.tcl: Setting watchdog for 200 seconds at Thu Apr 26 01:56:27 UTC 2018
32 ms. Memory: 146944K Free: 124854K (85%)
ptolemy.util.test.WatchDog.cancel(): canceling Thu Apr 26 01:56:27 UTC 2018
------------------ testing $PTII/ptolemy/domains/de/test/auto/ClockDriftChange.xml
auto.tcl: Setting watchdog for 200 seconds at Thu Apr 26 01:56:27 UTC 2018
22 ms. Memory: 146944K Free: 130672K (89%)
ptolemy.util.test.WatchDog.cancel(): canceling Thu Apr 26 01:56:27 UTC 2018
auto.tcl: Setting watchdog for 200 seconds at Thu Apr 26 01:56:27 UTC 2018
21 ms. Memory: 146944K Free: 127537K (87%)
ptolemy.util.test.WatchDog.cancel(): canceling Thu Apr 26 01:56:27 UTC 2018
------------------ testing $PTII/ptolemy/domains/de/test/auto/ComposableCausalityAnalysis.xml
auto.tcl: Setting watchdog for 200 seconds at Thu Apr 26 01:56:27 UTC 2018
3 ms. Memory: 146944K Free: 135090K (92%)
ptolemy.util.test.WatchDog.cancel(): canceling Thu Apr 26 01:56:27 UTC 2018
auto.tcl: Setting watchdog for 200 seconds at Thu Apr 26 01:56:27 UTC 2018
2 ms. Memory: 146944K Free: 134045K (91%)
ptolemy.util.test.WatchDog.cancel(): canceling Thu Apr 26 01:56:27 UTC 2018
------------------ testing $PTII/ptolemy/domains/de/test/auto/DEFixedPointLimitation.xml
auto.tcl: Setting watchdog for 200 seconds at Thu Apr 26 01:56:27 UTC 2018
4 ms. Memory: 146944K Free: 136013K (93%)
ptolemy.util.test.WatchDog.cancel(): canceling Thu Apr 26 01:56:27 UTC 2018
auto.tcl: Setting watchdog for 200 seconds at Thu Apr 26 01:56:27 UTC 2018
1 ms. Memory: 146944K Free: 136013K (93%)
ptolemy.util.test.WatchDog.cancel(): canceling Thu Apr 26 01:56:27 UTC 2018
------------------ testing $PTII/ptolemy/domains/de/test/auto/DEScheduleTest.xml
auto.tcl: Setting watchdog for 200 seconds at Thu Apr 26 01:56:27 UTC 2018
6 ms. Memory: 146944K Free: 137092K (93%)
ptolemy.util.test.WatchDog.cancel(): canceling Thu Apr 26 01:56:27 UTC 2018
auto.tcl: Setting watchdog for 200 seconds at Thu Apr 26 01:56:27 UTC 2018
4 ms. Memory: 146944K Free: 136047K (93%)
ptolemy.util.test.WatchDog.cancel(): canceling Thu Apr 26 01:56:27 UTC 2018
------------------ testing $PTII/ptolemy/domains/de/test/auto/DEinDEwithStartTimes.xml
auto.tcl: Setting watchdog for 200 seconds at Thu Apr 26 01:56:27 UTC 2018
4 ms. Memory: 146944K Free: 134972K (92%)
ptolemy.util.test.WatchDog.cancel(): canceling Thu Apr 26 01:56:27 UTC 2018
auto.tcl: Setting watchdog for 200 seconds at Thu Apr 26 01:56:27 UTC 2018
4 ms. Memory: 146944K Free: 133927K (91%)
ptolemy.util.test.WatchDog.cancel(): canceling Thu Apr 26 01:56:27 UTC 2018
------------------ testing $PTII/ptolemy/domains/de/test/auto/DEinDEwithStartTimes2.xml
auto.tcl: Setting watchdog for 200 seconds at Thu Apr 26 01:56:27 UTC 2018
5 ms. Memory: 146944K Free: 134952K (92%)
ptolemy.util.test.WatchDog.cancel(): canceling Thu Apr 26 01:56:27 UTC 2018
auto.tcl: Setting watchdog for 200 seconds at Thu Apr 26 01:56:27 UTC 2018
5 ms. Memory: 146944K Free: 133907K (91%)
ptolemy.util.test.WatchDog.cancel(): canceling Thu Apr 26 01:56:27 UTC 2018
------------------ testing $PTII/ptolemy/domains/de/test/auto/DateDemo.xml
auto.tcl: Setting watchdog for 200 seconds at Thu Apr 26 01:56:27 UTC 2018
21 ms. Memory: 146944K Free: 129071K (88%)
ptolemy.util.test.WatchDog.cancel(): canceling Thu Apr 26 01:56:27 UTC 2018
auto.tcl: Setting watchdog for 200 seconds at Thu Apr 26 01:56:27 UTC 2018
7 ms. Memory: 146944K Free: 126981K (86%)
ptolemy.util.test.WatchDog.cancel(): canceling Thu Apr 26 01:56:27 UTC 2018
------------------ testing $PTII/ptolemy/domains/de/test/auto/DateToEvent.xml
auto.tcl: Setting watchdog for 200 seconds at Thu Apr 26 01:56:27 UTC 2018
2009 ms. Memory: 146944K Free: 122181K (83%)
ptolemy.util.test.WatchDog.cancel(): canceling Thu Apr 26 01:56:29 UTC 2018
auto.tcl: Setting watchdog for 200 seconds at Thu Apr 26 01:56:29 UTC 2018
2005 ms. Memory: 146944K Free: 119907K (82%)
ptolemy.util.test.WatchDog.cancel(): canceling Thu Apr 26 01:56:32 UTC 2018
------------------ testing $PTII/ptolemy/domains/de/test/auto/DepthTest1.xml
auto.tcl: Setting watchdog for 200 seconds at Thu Apr 26 01:56:32 UTC 2018
4 ms. Memory: 146944K Free: 138391K (94%)
ptolemy.util.test.WatchDog.cancel(): canceling Thu Apr 26 01:56:32 UTC 2018
auto.tcl: Setting watchdog for 200 seconds at Thu Apr 26 01:56:32 UTC 2018
2 ms. Memory: 146944K Free: 138391K (94%)
ptolemy.util.test.WatchDog.cancel(): canceling Thu Apr 26 01:56:32 UTC 2018
------------------ testing $PTII/ptolemy/domains/de/test/auto/DepthTest2.xml
auto.tcl: Setting watchdog for 200 seconds at Thu Apr 26 01:56:32 UTC 2018
4 ms. Memory: 146944K Free: 133998K (91%)
ptolemy.util.test.WatchDog.cancel(): canceling Thu Apr 26 01:56:32 UTC 2018
auto.tcl: Setting watchdog for 200 seconds at Thu Apr 26 01:56:32 UTC 2018
7 ms. Memory: 146944K Free: 133998K (91%)
ptolemy.util.test.WatchDog.cancel(): canceling Thu Apr 26 01:56:32 UTC 2018
------------------ testing $PTII/ptolemy/domains/de/test/auto/DepthTest3.xml
auto.tcl: Setting watchdog for 200 seconds at Thu Apr 26 01:56:32 UTC 2018
7 ms. Memory: 146944K Free: 138616K (94%)
ptolemy.util.test.WatchDog.cancel(): canceling Thu Apr 26 01:56:32 UTC 2018
auto.tcl: Setting watchdog for 200 seconds at Thu Apr 26 01:56:32 UTC 2018
2 ms. Memory: 146944K Free: 138616K (94%)
ptolemy.util.test.WatchDog.cancel(): canceling Thu Apr 26 01:56:32 UTC 2018
------------------ testing $PTII/ptolemy/domains/de/test/auto/DepthTest4.xml
auto.tcl: Setting watchdog for 200 seconds at Thu Apr 26 01:56:32 UTC 2018
5 ms. Memory: 146944K Free: 136613K (93%)
ptolemy.util.test.WatchDog.cancel(): canceling Thu Apr 26 01:56:32 UTC 2018
auto.tcl: Setting watchdog for 200 seconds at Thu Apr 26 01:56:32 UTC 2018
3 ms. Memory: 146944K Free: 134954K (92%)
ptolemy.util.test.WatchDog.cancel(): canceling Thu Apr 26 01:56:32 UTC 2018
------------------ testing $PTII/ptolemy/domains/de/test/auto/DepthTest5.xml
auto.tcl: Setting watchdog for 200 seconds at Thu Apr 26 01:56:32 UTC 2018
4 ms. Memory: 146944K Free: 134900K (92%)
ptolemy.util.test.WatchDog.cancel(): canceling Thu Apr 26 01:56:32 UTC 2018
auto.tcl: Setting watchdog for 200 seconds at Thu Apr 26 01:56:32 UTC 2018
3 ms. Memory: 146944K Free: 134900K (92%)
ptolemy.util.test.WatchDog.cancel(): canceling Thu Apr 26 01:56:32 UTC 2018
------------------ testing $PTII/ptolemy/domains/de/test/auto/DepthTest6.xml
auto.tcl: Setting watchdog for 200 seconds at Thu Apr 26 01:56:32 UTC 2018
6 ms. Memory: 146944K Free: 134988K (92%)
ptolemy.util.test.WatchDog.cancel(): canceling Thu Apr 26 01:56:32 UTC 2018
auto.tcl: Setting watchdog for 200 seconds at Thu Apr 26 01:56:32 UTC 2018
2 ms. Memory: 146944K Free: 134988K (92%)
ptolemy.util.test.WatchDog.cancel(): canceling Thu Apr 26 01:56:32 UTC 2018
------------------ testing $PTII/ptolemy/domains/de/test/auto/DepthTest7.xml
auto.tcl: Setting watchdog for 200 seconds at Thu Apr 26 01:56:32 UTC 2018
7 ms. Memory: 146944K Free: 135920K (92%)
ptolemy.util.test.WatchDog.cancel(): canceling Thu Apr 26 01:56:32 UTC 2018
auto.tcl: Setting watchdog for 200 seconds at Thu Apr 26 01:56:32 UTC 2018
2 ms. Memory: 146944K Free: 134875K (92%)
ptolemy.util.test.WatchDog.cancel(): canceling Thu Apr 26 01:56:32 UTC 2018
------------------ testing $PTII/ptolemy/domains/de/test/auto/EventToDate.xml
auto.tcl: Setting watchdog for 200 seconds at Thu Apr 26 01:56:32 UTC 2018
3009 ms. Memory: 146944K Free: 125460K (85%)
ptolemy.util.test.WatchDog.cancel(): canceling Thu Apr 26 01:56:35 UTC 2018
auto.tcl: Setting watchdog for 200 seconds at Thu Apr 26 01:56:35 UTC 2018
3005 ms. Memory: 146944K Free: 124415K (85%)
ptolemy.util.test.WatchDog.cancel(): canceling Thu Apr 26 01:56:38 UTC 2018
------------------ testing $PTII/ptolemy/domains/de/test/auto/FSM1.xml
auto.tcl: Setting watchdog for 200 seconds at Thu Apr 26 01:56:38 UTC 2018
22 ms. Memory: 146944K Free: 126853K (86%)
ptolemy.util.test.WatchDog.cancel(): canceling Thu Apr 26 01:56:38 UTC 2018
auto.tcl: Setting watchdog for 200 seconds at Thu Apr 26 01:56:38 UTC 2018
15 ms. Memory: 146944K Free: 123718K (84%)
ptolemy.util.test.WatchDog.cancel(): canceling Thu Apr 26 01:56:38 UTC 2018
------------------ testing $PTII/ptolemy/domains/de/test/auto/FSM7.xml
auto.tcl: Setting watchdog for 200 seconds at Thu Apr 26 01:56:38 UTC 2018
24 ms. Memory: 146944K Free: 126611K (86%)
ptolemy.util.test.WatchDog.cancel(): canceling Thu Apr 26 01:56:38 UTC 2018
auto.tcl: Setting watchdog for 200 seconds at Thu Apr 26 01:56:38 UTC 2018
25 ms. Memory: 146944K Free: 123476K (84%)
ptolemy.util.test.WatchDog.cancel(): canceling Thu Apr 26 01:56:38 UTC 2018
------------------ testing $PTII/ptolemy/domains/de/test/auto/Inspection.xml
auto.tcl: Setting watchdog for 200 seconds at Thu Apr 26 01:56:38 UTC 2018
25 ms. Memory: 146944K Free: 127453K (87%)
ptolemy.util.test.WatchDog.cancel(): canceling Thu Apr 26 01:56:39 UTC 2018
auto.tcl: Setting watchdog for 200 seconds at Thu Apr 26 01:56:39 UTC 2018
23 ms. Memory: 146944K Free: 125364K (85%)
ptolemy.util.test.WatchDog.cancel(): canceling Thu Apr 26 01:56:39 UTC 2018
------------------ testing $PTII/ptolemy/domains/de/test/auto/Iteration.xml
auto.tcl: Setting watchdog for 200 seconds at Thu Apr 26 01:56:39 UTC 2018
10 ms. Memory: 146944K Free: 133283K (91%)
ptolemy.util.test.WatchDog.cancel(): canceling Thu Apr 26 01:56:39 UTC 2018
auto.tcl: Setting watchdog for 200 seconds at Thu Apr 26 01:56:39 UTC 2018
7 ms. Memory: 146944K Free: 132128K (90%)
ptolemy.util.test.WatchDog.cancel(): canceling Thu Apr 26 01:56:39 UTC 2018
------------------ testing $PTII/ptolemy/domains/de/test/auto/LineFault.xml
auto.tcl: Setting watchdog for 200 seconds at Thu Apr 26 01:56:39 UTC 2018
754 ms. Memory: 146944K Free: 136607K (93%)
ptolemy.util.test.WatchDog.cancel(): canceling Thu Apr 26 01:56:40 UTC 2018
auto.tcl: Setting watchdog for 200 seconds at Thu Apr 26 01:56:40 UTC 2018
627 ms. Memory: 146944K Free: 80755K (55%)
ptolemy.util.test.WatchDog.cancel(): canceling Thu Apr 26 01:56:40 UTC 2018
------------------ testing $PTII/ptolemy/domains/de/test/auto/MergeModel1Add.xml
auto.tcl: Setting watchdog for 200 seconds at Thu Apr 26 01:56:40 UTC 2018
17 ms. Memory: 209920K Free: 180013K (86%)
ptolemy.util.test.WatchDog.cancel(): canceling Thu Apr 26 01:56:41 UTC 2018
auto.tcl: Setting watchdog for 200 seconds at Thu Apr 26 01:56:41 UTC 2018
15 ms. Memory: 209920K Free: 178129K (85%)
ptolemy.util.test.WatchDog.cancel(): canceling Thu Apr 26 01:56:41 UTC 2018
------------------ testing $PTII/ptolemy/domains/de/test/auto/MergeModel2Add.xml
auto.tcl: Setting watchdog for 200 seconds at Thu Apr 26 01:56:41 UTC 2018
14 ms. Memory: 210432K Free: 183714K (87%)
ptolemy.util.test.WatchDog.cancel(): canceling Thu Apr 26 01:56:41 UTC 2018
auto.tcl: Setting watchdog for 200 seconds at Thu Apr 26 01:56:41 UTC 2018
12 ms. Memory: 210432K Free: 181830K (86%)
ptolemy.util.test.WatchDog.cancel(): canceling Thu Apr 26 01:56:41 UTC 2018
------------------ testing $PTII/ptolemy/domains/de/test/auto/MergeModel3Add.xml
auto.tcl: Setting watchdog for 200 seconds at Thu Apr 26 01:56:41 UTC 2018
12 ms. Memory: 209920K Free: 181201K (86%)
ptolemy.util.test.WatchDog.cancel(): canceling Thu Apr 26 01:56:41 UTC 2018
auto.tcl: Setting watchdog for 200 seconds at Thu Apr 26 01:56:41 UTC 2018
13 ms. Memory: 209920K Free: 181201K (86%)
ptolemy.util.test.WatchDog.cancel(): canceling Thu Apr 26 01:56:41 UTC 2018
------------------ testing $PTII/ptolemy/domains/de/test/auto/MergeWithoutDiscard.xml
auto.tcl: Setting watchdog for 200 seconds at Thu Apr 26 01:56:41 UTC 2018
5 ms. Memory: 210432K Free: 198180K (94%)
ptolemy.util.test.WatchDog.cancel(): canceling Thu Apr 26 01:56:41 UTC 2018
auto.tcl: Setting watchdog for 200 seconds at Thu Apr 26 01:56:41 UTC 2018
2 ms. Memory: 210432K Free: 198180K (94%)
ptolemy.util.test.WatchDog.cancel(): canceling Thu Apr 26 01:56:41 UTC 2018
------------------ testing $PTII/ptolemy/domains/de/test/auto/Modal1.xml
auto.tcl: Setting watchdog for 200 seconds at Thu Apr 26 01:56:41 UTC 2018
11 ms. Memory: 210432K Free: 190278K (90%)
ptolemy.util.test.WatchDog.cancel(): canceling Thu Apr 26 01:56:41 UTC 2018
auto.tcl: Setting watchdog for 200 seconds at Thu Apr 26 01:56:41 UTC 2018
12 ms. Memory: 210432K Free: 186495K (89%)
ptolemy.util.test.WatchDog.cancel(): canceling Thu Apr 26 01:56:41 UTC 2018
------------------ testing $PTII/ptolemy/domains/de/test/auto/Modal2.xml
auto.tcl: Setting watchdog for 200 seconds at Thu Apr 26 01:56:41 UTC 2018
17 ms. Memory: 210432K Free: 190152K (90%)
ptolemy.util.test.WatchDog.cancel(): canceling Thu Apr 26 01:56:41 UTC 2018
auto.tcl: Setting watchdog for 200 seconds at Thu Apr 26 01:56:41 UTC 2018
20 ms. Memory: 210432K Free: 186369K (89%)
ptolemy.util.test.WatchDog.cancel(): canceling Thu Apr 26 01:56:41 UTC 2018
------------------ testing $PTII/ptolemy/domains/de/test/auto/Modal3.xml
auto.tcl: Setting watchdog for 200 seconds at Thu Apr 26 01:56:41 UTC 2018
14 ms. Memory: 210432K Free: 190151K (90%)
ptolemy.util.test.WatchDog.cancel(): canceling Thu Apr 26 01:56:41 UTC 2018
auto.tcl: Setting watchdog for 200 seconds at Thu Apr 26 01:56:41 UTC 2018
17 ms. Memory: 210432K Free: 183828K (87%)
ptolemy.util.test.WatchDog.cancel(): canceling Thu Apr 26 01:56:41 UTC 2018
------------------ testing $PTII/ptolemy/domains/de/test/auto/Modal4.xml
auto.tcl: Setting watchdog for 200 seconds at Thu Apr 26 01:56:41 UTC 2018
17 ms. Memory: 208384K Free: 188100K (90%)
ptolemy.util.test.WatchDog.cancel(): canceling Thu Apr 26 01:56:41 UTC 2018
auto.tcl: Setting watchdog for 200 seconds at Thu Apr 26 01:56:41 UTC 2018
16 ms. Memory: 208384K Free: 184316K (88%)
ptolemy.util.test.WatchDog.cancel(): canceling Thu Apr 26 01:56:41 UTC 2018
------------------ testing $PTII/ptolemy/domains/de/test/auto/Modal5.xml
auto.tcl: Setting watchdog for 200 seconds at Thu Apr 26 01:56:41 UTC 2018
16 ms. Memory: 209920K Free: 189622K (90%)
ptolemy.util.test.WatchDog.cancel(): canceling Thu Apr 26 01:56:42 UTC 2018
auto.tcl: Setting watchdog for 200 seconds at Thu Apr 26 01:56:42 UTC 2018
16 ms. Memory: 209920K Free: 185838K (89%)
ptolemy.util.test.WatchDog.cancel(): canceling Thu Apr 26 01:56:42 UTC 2018
------------------ testing $PTII/ptolemy/domains/de/test/auto/Modal6.xml
auto.tcl: Setting watchdog for 200 seconds at Thu Apr 26 01:56:42 UTC 2018
11 ms. Memory: 209920K Free: 189680K (90%)
ptolemy.util.test.WatchDog.cancel(): canceling Thu Apr 26 01:56:42 UTC 2018
auto.tcl: Setting watchdog for 200 seconds at Thu Apr 26 01:56:42 UTC 2018
15 ms. Memory: 209920K Free: 185896K (89%)
ptolemy.util.test.WatchDog.cancel(): canceling Thu Apr 26 01:56:42 UTC 2018
------------------ testing $PTII/ptolemy/domains/de/test/auto/Modal7.xml
auto.tcl: Setting watchdog for 200 seconds at Thu Apr 26 01:56:42 UTC 2018
19 ms. Memory: 209920K Free: 187729K (89%)
ptolemy.util.test.WatchDog.cancel(): canceling Thu Apr 26 01:56:42 UTC 2018
auto.tcl: Setting watchdog for 200 seconds at Thu Apr 26 01:56:42 UTC 2018
21 ms. Memory: 209920K Free: 183945K (88%)
ptolemy.util.test.WatchDog.cancel(): canceling Thu Apr 26 01:56:42 UTC 2018
------------------ testing $PTII/ptolemy/domains/de/test/auto/ModalModel.xml
auto.tcl: Setting watchdog for 200 seconds at Thu Apr 26 01:56:42 UTC 2018
238 ms. Memory: 209920K Free: 129339K (62%)
ptolemy.util.test.WatchDog.cancel(): canceling Thu Apr 26 01:56:42 UTC 2018
auto.tcl: Setting watchdog for 200 seconds at Thu Apr 26 01:56:42 UTC 2018
223 ms. Memory: 209920K Free: 196916K (94%)
ptolemy.util.test.WatchDog.cancel(): canceling Thu Apr 26 01:56:42 UTC 2018
------------------ testing $PTII/ptolemy/domains/de/test/auto/ModalSource.xml
auto.tcl: Setting watchdog for 200 seconds at Thu Apr 26 01:56:42 UTC 2018
9 ms. Memory: 209920K Free: 194665K (93%)
ptolemy.util.test.WatchDog.cancel(): canceling Thu Apr 26 01:56:42 UTC 2018
auto.tcl: Setting watchdog for 200 seconds at Thu Apr 26 01:56:42 UTC 2018
7 ms. Memory: 209920K Free: 192914K (92%)
ptolemy.util.test.WatchDog.cancel(): canceling Thu Apr 26 01:56:42 UTC 2018
------------------ testing $PTII/ptolemy/domains/de/test/auto/NonInterruptibleTimerZeroDelay.xml
auto.tcl: Setting watchdog for 200 seconds at Thu Apr 26 01:56:43 UTC 2018
4 ms. Memory: 336896K Free: 325848K (97%)
ptolemy.util.test.WatchDog.cancel(): canceling Thu Apr 26 01:56:43 UTC 2018
auto.tcl: Setting watchdog for 200 seconds at Thu Apr 26 01:56:43 UTC 2018
3 ms. Memory: 336896K Free: 322346K (96%)
ptolemy.util.test.WatchDog.cancel(): canceling Thu Apr 26 01:56:43 UTC 2018
------------------ testing $PTII/ptolemy/domains/de/test/auto/OpenQueueingNetwork.xml
auto.tcl: Setting watchdog for 200 seconds at Thu Apr 26 01:56:43 UTC 2018
3243 ms. Memory: 336384K Free: 214321K (64%)
ptolemy.util.test.WatchDog.cancel(): canceling Thu Apr 26 01:56:46 UTC 2018
auto.tcl: Setting watchdog for 200 seconds at Thu Apr 26 01:56:46 UTC 2018
2118 ms. Memory: 314880K Free: 145603K (46%)
ptolemy.util.test.WatchDog.cancel(): canceling Thu Apr 26 01:56:48 UTC 2018
------------------ testing $PTII/ptolemy/domains/de/test/auto/OpenQueuingNetwork.xml
auto.tcl: Setting watchdog for 200 seconds at Thu Apr 26 01:56:48 UTC 2018
252 ms. Memory: 313344K Free: 213297K (68%)
ptolemy.util.test.WatchDog.cancel(): canceling Thu Apr 26 01:56:49 UTC 2018
auto.tcl: Setting watchdog for 200 seconds at Thu Apr 26 01:56:49 UTC 2018
238 ms. Memory: 313344K Free: 158394K (51%)
ptolemy.util.test.WatchDog.cancel(): canceling Thu Apr 26 01:56:49 UTC 2018
------------------ testing $PTII/ptolemy/domains/de/test/auto/PeriodicSampler.xml
auto.tcl: Setting watchdog for 200 seconds at Thu Apr 26 01:56:49 UTC 2018
2 ms. Memory: 314880K Free: 301298K (96%)
ptolemy.util.test.WatchDog.cancel(): canceling Thu Apr 26 01:56:49 UTC 2018
auto.tcl: Setting watchdog for 200 seconds at Thu Apr 26 01:56:49 UTC 2018
2 ms. Memory: 314880K Free: 297964K (95%)
ptolemy.util.test.WatchDog.cancel(): canceling Thu Apr 26 01:56:49 UTC 2018
------------------ testing $PTII/ptolemy/domains/de/test/auto/PersistentIO.xml
auto.tcl: Setting watchdog for 200 seconds at Thu Apr 26 01:56:49 UTC 2018
13 ms. Memory: 313344K Free: 293677K (94%)
ptolemy.util.test.WatchDog.cancel(): canceling Thu Apr 26 01:56:49 UTC 2018
auto.tcl: Setting watchdog for 200 seconds at Thu Apr 26 01:56:49 UTC 2018
4 ms. Memory: 313344K Free: 290342K (93%)
ptolemy.util.test.WatchDog.cancel(): canceling Thu Apr 26 01:56:49 UTC 2018
------------------ testing $PTII/ptolemy/domains/de/test/auto/PortParameterResetOnInitialize.xml
auto.tcl: Setting watchdog for 200 seconds at Thu Apr 26 01:56:49 UTC 2018
2 ms. Memory: 314880K Free: 300751K (96%)
ptolemy.util.test.WatchDog.cancel(): canceling Thu Apr 26 01:56:49 UTC 2018
auto.tcl: Setting watchdog for 200 seconds at Thu Apr 26 01:56:49 UTC 2018
5 ms. Memory: 314880K Free: 300751K (96%)
ptolemy.util.test.WatchDog.cancel(): canceling Thu Apr 26 01:56:49 UTC 2018
------------------ testing $PTII/ptolemy/domains/de/test/auto/PortParameterUpdates.xml
auto.tcl: Setting watchdog for 200 seconds at Thu Apr 26 01:56:49 UTC 2018
6 ms. Memory: 313344K Free: 297037K (95%)
ptolemy.util.test.WatchDog.cancel(): canceling Thu Apr 26 01:56:49 UTC 2018
auto.tcl: Setting watchdog for 200 seconds at Thu Apr 26 01:56:49 UTC 2018
4 ms. Memory: 313344K Free: 293703K (94%)
ptolemy.util.test.WatchDog.cancel(): canceling Thu Apr 26 01:56:49 UTC 2018
------------------ testing $PTII/ptolemy/domains/de/test/auto/QueueAndServer.xml
auto.tcl: Setting watchdog for 200 seconds at Thu Apr 26 01:56:49 UTC 2018
12 ms. Memory: 314368K Free: 300305K (96%)
ptolemy.util.test.WatchDog.cancel(): canceling Thu Apr 26 01:56:49 UTC 2018
auto.tcl: Setting watchdog for 200 seconds at Thu Apr 26 01:56:49 UTC 2018
7 ms. Memory: 314368K Free: 296971K (94%)
ptolemy.util.test.WatchDog.cancel(): canceling Thu Apr 26 01:56:49 UTC 2018
------------------ testing $PTII/ptolemy/domains/de/test/auto/Records.xml
auto.tcl: Setting watchdog for 200 seconds at Thu Apr 26 01:56:49 UTC 2018
5 ms. Memory: 313344K Free: 299231K (95%)
ptolemy.util.test.WatchDog.cancel(): canceling Thu Apr 26 01:56:49 UTC 2018
auto.tcl: Setting watchdog for 200 seconds at Thu Apr 26 01:56:49 UTC 2018
2 ms. Memory: 313344K Free: 299231K (95%)
ptolemy.util.test.WatchDog.cancel(): canceling Thu Apr 26 01:56:49 UTC 2018
------------------ testing $PTII/ptolemy/domains/de/test/auto/ResetTransitionWithStartTime1.xml
auto.tcl: Setting watchdog for 200 seconds at Thu Apr 26 01:56:49 UTC 2018
7 ms. Memory: 314368K Free: 296930K (94%)
ptolemy.util.test.WatchDog.cancel(): canceling Thu Apr 26 01:56:49 UTC 2018
auto.tcl: Setting watchdog for 200 seconds at Thu Apr 26 01:56:49 UTC 2018
6 ms. Memory: 314368K Free: 296930K (94%)
ptolemy.util.test.WatchDog.cancel(): canceling Thu Apr 26 01:56:49 UTC 2018
------------------ testing $PTII/ptolemy/domains/de/test/auto/ResetTransitionWithStartTime2.xml
auto.tcl: Setting watchdog for 200 seconds at Thu Apr 26 01:56:49 UTC 2018
6 ms. Memory: 313344K Free: 295936K (94%)
ptolemy.util.test.WatchDog.cancel(): canceling Thu Apr 26 01:56:49 UTC 2018
auto.tcl: Setting watchdog for 200 seconds at Thu Apr 26 01:56:49 UTC 2018
6 ms. Memory: 313344K Free: 295936K (94%)
ptolemy.util.test.WatchDog.cancel(): canceling Thu Apr 26 01:56:49 UTC 2018
------------------ testing $PTII/ptolemy/domains/de/test/auto/ResetTransitionWithStartTime3.xml
auto.tcl: Setting watchdog for 200 seconds at Thu Apr 26 01:56:49 UTC 2018
5 ms. Memory: 314368K Free: 296927K (94%)
ptolemy.util.test.WatchDog.cancel(): canceling Thu Apr 26 01:56:49 UTC 2018
auto.tcl: Setting watchdog for 200 seconds at Thu Apr 26 01:56:49 UTC 2018
6 ms. Memory: 314368K Free: 296927K (94%)
ptolemy.util.test.WatchDog.cancel(): canceling Thu Apr 26 01:56:50 UTC 2018
------------------ testing $PTII/ptolemy/domains/de/test/auto/ResetTransitionWithStartTime4.xml
auto.tcl: Setting watchdog for 200 seconds at Thu Apr 26 01:56:50 UTC 2018
3 ms. Memory: 313344K Free: 295893K (94%)
ptolemy.util.test.WatchDog.cancel(): canceling Thu Apr 26 01:56:50 UTC 2018
auto.tcl: Setting watchdog for 200 seconds at Thu Apr 26 01:56:50 UTC 2018
4 ms. Memory: 313344K Free: 295893K (94%)
ptolemy.util.test.WatchDog.cancel(): canceling Thu Apr 26 01:56:50 UTC 2018
------------------ testing $PTII/ptolemy/domains/de/test/auto/ResettableTimer1.xml
auto.tcl: Setting watchdog for 200 seconds at Thu Apr 26 01:56:50 UTC 2018
3 ms. Memory: 313856K Free: 299735K (96%)
ptolemy.util.test.WatchDog.cancel(): canceling Thu Apr 26 01:56:50 UTC 2018
auto.tcl: Setting watchdog for 200 seconds at Thu Apr 26 01:56:50 UTC 2018
2 ms. Memory: 313856K Free: 299735K (96%)
ptolemy.util.test.WatchDog.cancel(): canceling Thu Apr 26 01:56:50 UTC 2018
------------------ testing $PTII/ptolemy/domains/de/test/auto/ResettableTimer2.xml
auto.tcl: Setting watchdog for 200 seconds at Thu Apr 26 01:56:50 UTC 2018
3 ms. Memory: 313344K Free: 299328K (96%)
ptolemy.util.test.WatchDog.cancel(): canceling Thu Apr 26 01:56:50 UTC 2018
auto.tcl: Setting watchdog for 200 seconds at Thu Apr 26 01:56:50 UTC 2018
2 ms. Memory: 313344K Free: 299328K (96%)
ptolemy.util.test.WatchDog.cancel(): canceling Thu Apr 26 01:56:50 UTC 2018
------------------ testing $PTII/ptolemy/domains/de/test/auto/ResettableTimer3.xml
auto.tcl: Setting watchdog for 200 seconds at Thu Apr 26 01:56:50 UTC 2018
1 ms. Memory: 313856K Free: 299793K (96%)
ptolemy.util.test.WatchDog.cancel(): canceling Thu Apr 26 01:56:50 UTC 2018
auto.tcl: Setting watchdog for 200 seconds at Thu Apr 26 01:56:50 UTC 2018
1 ms. Memory: 313856K Free: 299793K (96%)
ptolemy.util.test.WatchDog.cancel(): canceling Thu Apr 26 01:56:50 UTC 2018
------------------ testing $PTII/ptolemy/domains/de/test/auto/ResettableTimer4.xml
auto.tcl: Setting watchdog for 200 seconds at Thu Apr 26 01:56:50 UTC 2018
2 ms. Memory: 313344K Free: 299325K (96%)
ptolemy.util.test.WatchDog.cancel(): canceling Thu Apr 26 01:56:50 UTC 2018
auto.tcl: Setting watchdog for 200 seconds at Thu Apr 26 01:56:50 UTC 2018
1 ms. Memory: 313344K Free: 299325K (96%)
ptolemy.util.test.WatchDog.cancel(): canceling Thu Apr 26 01:56:50 UTC 2018
------------------ testing $PTII/ptolemy/domains/de/test/auto/ResettableTimer5.xml
auto.tcl: Setting watchdog for 200 seconds at Thu Apr 26 01:56:50 UTC 2018
1 ms. Memory: 313856K Free: 297500K (95%)
ptolemy.util.test.WatchDog.cancel(): canceling Thu Apr 26 01:56:50 UTC 2018
auto.tcl: Setting watchdog for 200 seconds at Thu Apr 26 01:56:50 UTC 2018
1 ms. Memory: 313856K Free: 297500K (95%)
ptolemy.util.test.WatchDog.cancel(): canceling Thu Apr 26 01:56:50 UTC 2018
------------------ testing $PTII/ptolemy/domains/de/test/auto/ResettableTimer6.xml
auto.tcl: Setting watchdog for 200 seconds at Thu Apr 26 01:56:50 UTC 2018
2 ms. Memory: 313344K Free: 299241K (95%)
ptolemy.util.test.WatchDog.cancel(): canceling Thu Apr 26 01:56:50 UTC 2018
auto.tcl: Setting watchdog for 200 seconds at Thu Apr 26 01:56:50 UTC 2018
1 ms. Memory: 313344K Free: 299241K (95%)
ptolemy.util.test.WatchDog.cancel(): canceling Thu Apr 26 01:56:50 UTC 2018
------------------ testing $PTII/ptolemy/domains/de/test/auto/ServerZeroDelay.xml
auto.tcl: Setting watchdog for 200 seconds at Thu Apr 26 01:56:50 UTC 2018
2 ms. Memory: 313856K Free: 303110K (97%)
ptolemy.util.test.WatchDog.cancel(): canceling Thu Apr 26 01:56:50 UTC 2018
auto.tcl: Setting watchdog for 200 seconds at Thu Apr 26 01:56:50 UTC 2018
3 ms. Memory: 313856K Free: 299791K (96%)
ptolemy.util.test.WatchDog.cancel(): canceling Thu Apr 26 01:56:50 UTC 2018
------------------ testing $PTII/ptolemy/domains/de/test/auto/SmartSender.xml
auto.tcl: Setting watchdog for 200 seconds at Thu Apr 26 01:56:50 UTC 2018
3002 ms. Memory: 313344K Free: 299259K (96%)
ptolemy.util.test.WatchDog.cancel(): canceling Thu Apr 26 01:56:53 UTC 2018
auto.tcl: Setting watchdog for 200 seconds at Thu Apr 26 01:56:53 UTC 2018
3001 ms. Memory: 313344K Free: 299259K (96%)
ptolemy.util.test.WatchDog.cancel(): canceling Thu Apr 26 01:56:56 UTC 2018
------------------ testing $PTII/ptolemy/domains/de/test/auto/ThreadedComposite.xml
auto.tcl: Setting watchdog for 200 seconds at Thu Apr 26 01:56:56 UTC 2018
214 ms. Memory: 313856K Free: 276865K (88%)
ptolemy.util.test.WatchDog.cancel(): canceling Thu Apr 26 01:56:56 UTC 2018
auto.tcl: Setting watchdog for 200 seconds at Thu Apr 26 01:56:56 UTC 2018
174 ms. Memory: 313856K Free: 260934K (83%)
ptolemy.util.test.WatchDog.cancel(): canceling Thu Apr 26 01:56:57 UTC 2018
------------------ testing $PTII/ptolemy/domains/de/test/auto/Time.xml
auto.tcl: Setting watchdog for 200 seconds at Thu Apr 26 01:56:57 UTC 2018
580 ms. Memory: 313344K Free: 245607K (78%)
ptolemy.util.test.WatchDog.cancel(): canceling Thu Apr 26 01:56:57 UTC 2018
auto.tcl: Setting watchdog for 200 seconds at Thu Apr 26 01:56:57 UTC 2018
562 ms. Memory: 313344K Free: 192514K (61%)
ptolemy.util.test.WatchDog.cancel(): canceling Thu Apr 26 01:56:58 UTC 2018
------------------ testing $PTII/ptolemy/domains/de/test/auto/TimeDelayZeroDelay.xml
auto.tcl: Setting watchdog for 200 seconds at Thu Apr 26 01:56:58 UTC 2018
2 ms. Memory: 313856K Free: 302997K (97%)
ptolemy.util.test.WatchDog.cancel(): canceling Thu Apr 26 01:56:58 UTC 2018
auto.tcl: Setting watchdog for 200 seconds at Thu Apr 26 01:56:58 UTC 2018
2 ms. Memory: 313856K Free: 299662K (95%)
ptolemy.util.test.WatchDog.cancel(): canceling Thu Apr 26 01:56:58 UTC 2018
------------------ testing $PTII/ptolemy/domains/de/test/auto/TimerZeroDelay.xml
auto.tcl: Setting watchdog for 200 seconds at Thu Apr 26 01:56:58 UTC 2018
5 ms. Memory: 313344K Free: 302560K (97%)
ptolemy.util.test.WatchDog.cancel(): canceling Thu Apr 26 01:56:58 UTC 2018
auto.tcl: Setting watchdog for 200 seconds at Thu Apr 26 01:56:58 UTC 2018
2 ms. Memory: 313344K Free: 299226K (95%)
ptolemy.util.test.WatchDog.cancel(): canceling Thu Apr 26 01:56:58 UTC 2018
------------------ testing $PTII/ptolemy/domains/de/test/auto/TimingParadox.xml
auto.tcl: Setting watchdog for 200 seconds at Thu Apr 26 01:56:58 UTC 2018
417 ms. Memory: 313856K Free: 235010K (75%)
ptolemy.util.test.WatchDog.cancel(): canceling Thu Apr 26 01:56:58 UTC 2018
auto.tcl: Setting watchdog for 200 seconds at Thu Apr 26 01:56:58 UTC 2018
352 ms. Memory: 313856K Free: 198509K (63%)
ptolemy.util.test.WatchDog.cancel(): canceling Thu Apr 26 01:56:59 UTC 2018
------------------ testing $PTII/ptolemy/domains/de/test/auto/TransferInputs.xml
auto.tcl: Setting watchdog for 200 seconds at Thu Apr 26 01:56:59 UTC 2018
3 ms. Memory: 313856K Free: 298642K (95%)
ptolemy.util.test.WatchDog.cancel(): canceling Thu Apr 26 01:56:59 UTC 2018
auto.tcl: Setting watchdog for 200 seconds at Thu Apr 26 01:56:59 UTC 2018
2 ms. Memory: 313856K Free: 298642K (95%)
ptolemy.util.test.WatchDog.cancel(): canceling Thu Apr 26 01:56:59 UTC 2018
------------------ testing $PTII/ptolemy/domains/de/test/auto/TransferOutputs2.xml
auto.tcl: Setting watchdog for 200 seconds at Thu Apr 26 01:56:59 UTC 2018
3 ms. Memory: 313344K Free: 293578K (94%)
ptolemy.util.test.WatchDog.cancel(): canceling Thu Apr 26 01:56:59 UTC 2018
auto.tcl: Setting watchdog for 200 seconds at Thu Apr 26 01:56:59 UTC 2018
3 ms. Memory: 313344K Free: 293578K (94%)
ptolemy.util.test.WatchDog.cancel(): canceling Thu Apr 26 01:56:59 UTC 2018
------------------ testing $PTII/ptolemy/domains/de/test/auto/Trilateration.xml
auto.tcl: Setting watchdog for 200 seconds at Thu Apr 26 01:56:59 UTC 2018
14127 ms. Memory: 377856K Free: 131165K (35%)
ptolemy.util.test.WatchDog.cancel(): canceling Thu Apr 26 01:57:14 UTC 2018
auto.tcl: Setting watchdog for 200 seconds at Thu Apr 26 01:57:14 UTC 2018
10601 ms. Memory: 266240K Free: 87921K (33%)
ptolemy.util.test.WatchDog.cancel(): canceling Thu Apr 26 01:57:25 UTC 2018
------------------ testing $PTII/ptolemy/domains/de/test/auto/TwoSigmaDelta.xml
auto.tcl: Setting watchdog for 200 seconds at Thu Apr 26 01:57:25 UTC 2018
2960 ms. Memory: 258048K Free: 138117K (54%)
ptolemy.util.test.WatchDog.cancel(): canceling Thu Apr 26 01:57:28 UTC 2018
auto.tcl: Setting watchdog for 200 seconds at Thu Apr 26 01:57:28 UTC 2018
2307 ms. Memory: 249344K Free: 68344K (27%)
ptolemy.util.test.WatchDog.cancel(): canceling Thu Apr 26 01:57:31 UTC 2018
------------------ testing $PTII/ptolemy/domains/de/test/auto/VariableDelay.xml
auto.tcl: Setting watchdog for 200 seconds at Thu Apr 26 01:57:31 UTC 2018
2 ms. Memory: 250880K Free: 238588K (95%)
ptolemy.util.test.WatchDog.cancel(): canceling Thu Apr 26 01:57:31 UTC 2018
auto.tcl: Setting watchdog for 200 seconds at Thu Apr 26 01:57:31 UTC 2018
2 ms. Memory: 250880K Free: 238588K (95%)
ptolemy.util.test.WatchDog.cancel(): canceling Thu Apr 26 01:57:31 UTC 2018
------------------ testing $PTII/ptolemy/domains/de/test/auto/VariableDelay2.xml
auto.tcl: Setting watchdog for 200 seconds at Thu Apr 26 01:57:31 UTC 2018
8 ms. Memory: 249344K Free: 237460K (95%)
ptolemy.util.test.WatchDog.cancel(): canceling Thu Apr 26 01:57:31 UTC 2018
auto.tcl: Setting watchdog for 200 seconds at Thu Apr 26 01:57:31 UTC 2018
2 ms. Memory: 249344K Free: 237460K (95%)
ptolemy.util.test.WatchDog.cancel(): canceling Thu Apr 26 01:57:31 UTC 2018
------------------ testing $PTII/ptolemy/domains/de/test/auto/VariableDelayZeroDelay.xml
auto.tcl: Setting watchdog for 200 seconds at Thu Apr 26 01:57:31 UTC 2018
2 ms. Memory: 250880K Free: 237316K (95%)
ptolemy.util.test.WatchDog.cancel(): canceling Thu Apr 26 01:57:31 UTC 2018
auto.tcl: Setting watchdog for 200 seconds at Thu Apr 26 01:57:31 UTC 2018
2 ms. Memory: 250880K Free: 237316K (95%)
ptolemy.util.test.WatchDog.cancel(): canceling Thu Apr 26 01:57:31 UTC 2018
------------------ testing $PTII/ptolemy/domains/de/test/auto/VariableDelayZeroDelay2.xml
auto.tcl: Setting watchdog for 200 seconds at Thu Apr 26 01:57:31 UTC 2018
2 ms. Memory: 249344K Free: 235794K (95%)
ptolemy.util.test.WatchDog.cancel(): canceling Thu Apr 26 01:57:31 UTC 2018
auto.tcl: Setting watchdog for 200 seconds at Thu Apr 26 01:57:31 UTC 2018
2 ms. Memory: 249344K Free: 235794K (95%)
ptolemy.util.test.WatchDog.cancel(): canceling Thu Apr 26 01:57:31 UTC 2018
------------------ testing $PTII/ptolemy/domains/de/test/auto/deInCt.xml
auto.tcl: Setting watchdog for 200 seconds at Thu Apr 26 01:57:31 UTC 2018
0
1
1
1
0
0
0
1
1
1
0
0
0
1
1
0
0
1
1
0
0
0
1
1
1
0
0
0
1
1
1
0
0
0
1
1
1
1
0
0
0
1
1
1
0
0
0
1
1
1
0
0
0
0
0
11 ms. Memory: 250368K Free: 236816K (95%)
ptolemy.util.test.WatchDog.cancel(): canceling Thu Apr 26 01:57:31 UTC 2018
auto.tcl: Setting watchdog for 200 seconds at Thu Apr 26 01:57:31 UTC 2018
0
1
1
0
0
0
1
1
1
1
1
1
1
0
0
0
1
1
1
0
0
0
1
1
1
1
0
0
0
1
1
1
0
0
0
1
1
1
1
6 ms. Memory: 250368K Free: 234360K (94%)
ptolemy.util.test.WatchDog.cancel(): canceling Thu Apr 26 01:57:31 UTC 2018
------------------ testing $PTII/ptolemy/domains/de/test/auto/deInCt2.xml
auto.tcl: Setting watchdog for 200 seconds at Thu Apr 26 01:57:31 UTC 2018
0
1
1
1
0
0
1
1
1
0
0
1
1
1
0
0
1
1
1
0
0
1
1
1
0
0
1
1
1
0
0
1
1
1
0
0
1
1
1
0
0
0
17 ms. Memory: 249344K Free: 235791K (95%)
ptolemy.util.test.WatchDog.cancel(): canceling Thu Apr 26 01:57:31 UTC 2018
auto.tcl: Setting watchdog for 200 seconds at Thu Apr 26 01:57:31 UTC 2018
0
1
1
1
0
0
1
1
1
0
0
1
1
1
0
0
1
1
1
0
0
1
1
1
0
0
1
1
1
0
0
1
1
1
0
0
1
1
1
0
0
0
10 ms. Memory: 249344K Free: 233328K (94%)
ptolemy.util.test.WatchDog.cancel(): canceling Thu Apr 26 01:57:31 UTC 2018
------------------ testing $PTII/ptolemy/domains/de/test/auto/dynamicCausalityInterface1.xml
auto.tcl: Setting watchdog for 200 seconds at Thu Apr 26 01:57:31 UTC 2018
1 ms. Memory: 250368K Free: 231885K (93%)
ptolemy.util.test.WatchDog.cancel(): canceling Thu Apr 26 01:57:31 UTC 2018
auto.tcl: Setting watchdog for 200 seconds at Thu Apr 26 01:57:31 UTC 2018
1 ms. Memory: 250368K Free: 229414K (92%)
ptolemy.util.test.WatchDog.cancel(): canceling Thu Apr 26 01:57:31 UTC 2018
------------------ testing $PTII/ptolemy/domains/de/test/auto/fsm_de_test.xml
auto.tcl: Setting watchdog for 200 seconds at Thu Apr 26 01:57:31 UTC 2018
6 ms. Memory: 249344K Free: 230740K (93%)
ptolemy.util.test.WatchDog.cancel(): canceling Thu Apr 26 01:57:31 UTC 2018
auto.tcl: Setting watchdog for 200 seconds at Thu Apr 26 01:57:31 UTC 2018
5 ms. Memory: 249344K Free: 228269K (92%)
ptolemy.util.test.WatchDog.cancel(): canceling Thu Apr 26 01:57:31 UTC 2018
------------------ testing $PTII/ptolemy/domains/de/test/auto/functionDependencyReconstruction.xml
auto.tcl: Setting watchdog for 200 seconds at Thu Apr 26 01:57:31 UTC 2018
2 ms. Memory: 250368K Free: 224387K (90%)
ptolemy.util.test.WatchDog.cancel(): canceling Thu Apr 26 01:57:31 UTC 2018
auto.tcl: Setting watchdog for 200 seconds at Thu Apr 26 01:57:31 UTC 2018
3 ms. Memory: 250368K Free: 221916K (89%)
ptolemy.util.test.WatchDog.cancel(): canceling Thu Apr 26 01:57:31 UTC 2018
------------------ testing $PTII/ptolemy/domains/de/test/auto/multirate.xml
auto.tcl: Setting watchdog for 200 seconds at Thu Apr 26 01:57:31 UTC 2018
3 ms. Memory: 249344K Free: 229719K (92%)
ptolemy.util.test.WatchDog.cancel(): canceling Thu Apr 26 01:57:31 UTC 2018
auto.tcl: Setting watchdog for 200 seconds at Thu Apr 26 01:57:31 UTC 2018
4 ms. Memory: 249344K Free: 229719K (92%)
ptolemy.util.test.WatchDog.cancel(): canceling Thu Apr 26 01:57:31 UTC 2018
------------------ testing $PTII/ptolemy/domains/de/test/auto/multirate2.xml
auto.tcl: Setting watchdog for 200 seconds at Thu Apr 26 01:57:31 UTC 2018
3 ms. Memory: 249856K Free: 235440K (94%)
ptolemy.util.test.WatchDog.cancel(): canceling Thu Apr 26 01:57:31 UTC 2018
auto.tcl: Setting watchdog for 200 seconds at Thu Apr 26 01:57:31 UTC 2018
3 ms. Memory: 249856K Free: 235440K (94%)
ptolemy.util.test.WatchDog.cancel(): canceling Thu Apr 26 01:57:31 UTC 2018
------------------ testing $PTII/ptolemy/domains/de/test/auto/realtime.xml
auto.tcl: Setting watchdog for 200 seconds at Thu Apr 26 01:57:31 UTC 2018
10002 ms. Memory: 249344K Free: 237413K (95%)
ptolemy.util.test.WatchDog.cancel(): canceling Thu Apr 26 01:57:41 UTC 2018
auto.tcl: Setting watchdog for 200 seconds at Thu Apr 26 01:57:41 UTC 2018
10001 ms. Memory: 249344K Free: 237413K (95%)
ptolemy.util.test.WatchDog.cancel(): canceling Thu Apr 26 01:57:51 UTC 2018
------------------ testing $PTII/ptolemy/domains/de/test/auto/relationGroup.xml
auto.tcl: Setting watchdog for 200 seconds at Thu Apr 26 01:57:51 UTC 2018
2 ms. Memory: 249856K Free: 237945K (95%)
ptolemy.util.test.WatchDog.cancel(): canceling Thu Apr 26 01:57:51 UTC 2018
auto.tcl: Setting watchdog for 200 seconds at Thu Apr 26 01:57:51 UTC 2018
1 ms. Memory: 249856K Free: 237945K (95%)
ptolemy.util.test.WatchDog.cancel(): canceling Thu Apr 26 01:57:51 UTC 2018
------------------ testing $PTII/ptolemy/domains/de/test/auto/relationGroup2.xml
auto.tcl: Setting watchdog for 200 seconds at Thu Apr 26 01:57:51 UTC 2018
1 ms. Memory: 249344K Free: 237452K (95%)
ptolemy.util.test.WatchDog.cancel(): canceling Thu Apr 26 01:57:51 UTC 2018
auto.tcl: Setting watchdog for 200 seconds at Thu Apr 26 01:57:51 UTC 2018
1 ms. Memory: 249344K Free: 237452K (95%)
ptolemy.util.test.WatchDog.cancel(): canceling Thu Apr 26 01:57:51 UTC 2018
------------------ testing $PTII/ptolemy/domains/de/test/auto/sortWithOpaquePorts.xml
auto.tcl: Setting watchdog for 200 seconds at Thu Apr 26 01:57:52 UTC 2018
1 ms. Memory: 249856K Free: 236293K (95%)
ptolemy.util.test.WatchDog.cancel(): canceling Thu Apr 26 01:57:52 UTC 2018
auto.tcl: Setting watchdog for 200 seconds at Thu Apr 26 01:57:52 UTC 2018
1 ms. Memory: 249856K Free: 236293K (95%)
ptolemy.util.test.WatchDog.cancel(): canceling Thu Apr 26 01:57:52 UTC 2018
------------------ testing $PTII/ptolemy/domains/de/test/auto/transferInputsandOutputs.xml
auto.tcl: Setting watchdog for 200 seconds at Thu Apr 26 01:57:52 UTC 2018
7 ms. Memory: 249344K Free: 233321K (94%)
ptolemy.util.test.WatchDog.cancel(): canceling Thu Apr 26 01:57:52 UTC 2018
auto.tcl: Setting watchdog for 200 seconds at Thu Apr 26 01:57:52 UTC 2018
1 ms. Memory: 249344K Free: 233321K (94%)
ptolemy.util.test.WatchDog.cancel(): canceling Thu Apr 26 01:57:52 UTC 2018
------------------ testing $PTII/ptolemy/domains/de/test/auto/triggerType.xml
auto.tcl: Setting watchdog for 200 seconds at Thu Apr 26 01:57:52 UTC 2018
2 ms. Memory: 249856K Free: 236237K (95%)
ptolemy.util.test.WatchDog.cancel(): canceling Thu Apr 26 01:57:52 UTC 2018
auto.tcl: Setting watchdog for 200 seconds at Thu Apr 26 01:57:52 UTC 2018
1 ms. Memory: 249856K Free: 236237K (95%)
ptolemy.util.test.WatchDog.cancel(): canceling Thu Apr 26 01:57:52 UTC 2018
04/26/18 01:57:52
Failed: 0  Total Tests: 192  ((Passed: 187, Newly Passed: 1)  Known Failed: 5) /home/travis/build/icyphy/ptII/ptolemy/domains/de/test
04/26/18 01:57:52
Failed: 0  Total Tests: 192  ((Passed: 187, Newly Passed: 1)  Known Failed: 5) /home/travis/build/icyphy/ptII/ptolemy/domains/de/test
----------------- testing (KnownFailure) /home/travis/build/icyphy/ptII/ptolemy/domains/de/test/auto/knownFailedTests/DESDFClockTest.xml
2012 ms. Memory: 249344K Free: 228142K (91%)
Known Failure: java.lang.reflect.InvocationTargetException
----------------- testing (KnownFailure) /home/travis/build/icyphy/ptII/ptolemy/domains/de/test/auto/knownFailedTests/DirectFeedback.xml
1 ms. Memory: 249344K Free: 214707K (86%)
Known Failure: java.lang.reflect.InvocationTargetException
----------------- testing (KnownFailure) /home/travis/build/icyphy/ptII/ptolemy/domains/de/test/auto/knownFailedTests/FSMSource.xml
5 ms. Memory: 249344K Free: 197897K (79%)
----------------- testing (KnownFailure) /home/travis/build/icyphy/ptII/ptolemy/domains/de/test/auto/knownFailedTests/HierarchicalModel.xml
1 ms. Memory: 249344K Free: 177728K (71%)
Known Failure: java.lang.reflect.InvocationTargetException
----------------- testing (KnownFailure) /home/travis/build/icyphy/ptII/ptolemy/domains/de/test/auto/knownFailedTests/dependencyLoop.xml
4 ms. Memory: 249344K Free: 150840K (60%)
Known Failure: java.lang.reflect.InvocationTargetException
----------------- testing (KnownFailure) /home/travis/build/icyphy/ptII/ptolemy/domains/de/test/auto/knownFailedTests/dependencyLoop2.xml
2 ms. Memory: 249344K Free: 123954K (50%)
Known Failure: java.lang.reflect.InvocationTargetException
No auto/*.xml tests in /home/travis/build/icyphy/ptII/ptolemy/domains/de/test
AutoTests.java: About to close Vertx.
AutoTests.java: Vertx closed.
----------------- testing Thu Apr 26 01:57:54 UTC 2018 /home/travis/build/icyphy/ptII/ptolemy/domains/de/test/auto/ActorDepthCalculation_actorWithoutPorts.xml
2 ms. Memory: 249344K Free: 103785K (42%)
reloadAllAccessors: .ActorDepthCalculation_actorWithoutPorts
----------------- testing Thu Apr 26 01:57:54 UTC 2018 /home/travis/build/icyphy/ptII/ptolemy/domains/de/test/auto/AssemblyLine.xml
1 ms. Memory: 249344K Free: 93701K (38%)
reloadAllAccessors: .AssemblyLine
----------------- testing Thu Apr 26 01:57:54 UTC 2018 /home/travis/build/icyphy/ptII/ptolemy/domains/de/test/auto/CQBug1.xml
1 ms. Memory: 249344K Free: 86983K (35%)
reloadAllAccessors: .CQBug1
----------------- testing Thu Apr 26 01:57:54 UTC 2018 /home/travis/build/icyphy/ptII/ptolemy/domains/de/test/auto/CancelFireAt.xml
1 ms. Memory: 249344K Free: 77810K (31%)
reloadAllAccessors: .CancelFireAt
----------------- testing Thu Apr 26 01:57:54 UTC 2018 /home/travis/build/icyphy/ptII/ptolemy/domains/de/test/auto/CausalityAndComposabilityAnalysis.xml
1 ms. Memory: 243200K Free: 232471K (96%)
reloadAllAccessors: .CausalityAndComposabilityAnalysis
----------------- testing Thu Apr 26 01:57:54 UTC 2018 /home/travis/build/icyphy/ptII/ptolemy/domains/de/test/auto/CausalityInterface1.xml
3 ms. Memory: 243200K Free: 224471K (92%)
reloadAllAccessors: .CausalityInterface1
----------------- testing Thu Apr 26 01:57:54 UTC 2018 /home/travis/build/icyphy/ptII/ptolemy/domains/de/test/auto/CausalityInterface15.xml
1 ms. Memory: 243200K Free: 216375K (89%)
reloadAllAccessors: .CausalityInterface15
----------------- testing Thu Apr 26 01:57:54 UTC 2018 /home/travis/build/icyphy/ptII/ptolemy/domains/de/test/auto/CausalityInterface2.xml
1 ms. Memory: 243200K Free: 209907K (86%)
reloadAllAccessors: .CausalityInterface2
----------------- testing Thu Apr 26 01:57:54 UTC 2018 /home/travis/build/icyphy/ptII/ptolemy/domains/de/test/auto/CausalityInterface3.xml
2 ms. Memory: 243200K Free: 201888K (83%)
reloadAllAccessors: .CausalityInterface3
----------------- testing Thu Apr 26 01:57:54 UTC 2018 /home/travis/build/icyphy/ptII/ptolemy/domains/de/test/auto/ClockDrift.xml
9 ms. Memory: 243200K Free: 187317K (77%)
reloadAllAccessors: .ClockDrift
----------------- testing Thu Apr 26 01:57:54 UTC 2018 /home/travis/build/icyphy/ptII/ptolemy/domains/de/test/auto/ClockDriftAndValueChange.xml
7 ms. Memory: 243200K Free: 172761K (71%)
reloadAllAccessors: .ClockDriftAndValueChange
----------------- testing Thu Apr 26 01:57:54 UTC 2018 /home/travis/build/icyphy/ptII/ptolemy/domains/de/test/auto/ClockDriftChange.xml
7 ms. Memory: 243200K Free: 158261K (65%)
reloadAllAccessors: .ClockDriftChange
----------------- testing Thu Apr 26 01:57:54 UTC 2018 /home/travis/build/icyphy/ptII/ptolemy/domains/de/test/auto/ComposableCausalityAnalysis.xml
0 ms. Memory: 243200K Free: 150165K (62%)
reloadAllAccessors: .ComposableCausalityAnalysis
----------------- testing Thu Apr 26 01:57:54 UTC 2018 /home/travis/build/icyphy/ptII/ptolemy/domains/de/test/auto/DEFixedPointLimitation.xml
0 ms. Memory: 243200K Free: 143713K (59%)
reloadAllAccessors: .DEFixedPointLimitation
----------------- testing Thu Apr 26 01:57:54 UTC 2018 /home/travis/build/icyphy/ptII/ptolemy/domains/de/test/auto/DEScheduleTest.xml
1 ms. Memory: 243200K Free: 137245K (56%)
reloadAllAccessors: .DEScheduleTest
----------------- testing Thu Apr 26 01:57:54 UTC 2018 /home/travis/build/icyphy/ptII/ptolemy/domains/de/test/auto/DEinDEwithStartTimes.xml
2 ms. Memory: 243200K Free: 127600K (52%)
reloadAllAccessors: .DEinDEwithStartTimes
----------------- testing Thu Apr 26 01:57:54 UTC 2018 /home/travis/build/icyphy/ptII/ptolemy/domains/de/test/auto/DEinDEwithStartTimes2.xml
2 ms. Memory: 243200K Free: 119520K (49%)
reloadAllAccessors: .DEinDEwithStartTimes2
----------------- testing Thu Apr 26 01:57:54 UTC 2018 /home/travis/build/icyphy/ptII/ptolemy/domains/de/test/auto/DateDemo.xml
4 ms. Memory: 243200K Free: 106569K (44%)
reloadAllAccessors: .DateDemo
----------------- testing Thu Apr 26 01:57:54 UTC 2018 /home/travis/build/icyphy/ptII/ptolemy/domains/de/test/auto/DateToEvent.xml
2004 ms. Memory: 243200K Free: 85578K (35%)
reloadAllAccessors: .DateToEvent
[...]
java.lang.RuntimeException: Execution failed
	at ptolemy.moml.MoMLSimpleApplication$UnloadThread.run(MoMLSimpleApplication.java:402)
Caused by: ptolemy.kernel.util.IllegalActionException: Test fails in iteration 1.
Value was: 1.0. Should have been: 2.0
  in .DirectFeedback.Test
	at ptolemy.actor.lib.Test.fire(Test.java:268)
	at ptolemy.domains.de.kernel.DEDirector._fire(DEDirector.java:1948)
	at ptolemy.domains.de.kernel.DEDirector.fire(DEDirector.java:502)
	at ptolemy.actor.CompositeActor.fire(CompositeActor.java:455)
	at ptolemy.actor.Manager.iterate(Manager.java:851)
	at ptolemy.actor.Manager.execute(Manager.java:369)
	at ptolemy.actor.Manager.run(Manager.java:1263)
	at ptolemy.actor.Manager$PtolemyRunThread.run(Manager.java:1915)
java.lang.RuntimeException: Execution failed
	at ptolemy.moml.MoMLSimpleApplication$UnloadThread.run(MoMLSimpleApplication.java:402)
Caused by: ptolemy.kernel.util.IllegalActionException: Actor is not ready to fire.  Perhaps UpSample.prefire() returned false? Try debugging the actor by selecting "Listen to Actor".  Also, for SDF check moml for tokenConsumptionRate on input.
  in .DESDFClockTest.Play Bell.Copy1:SDF Director and .DESDFClockTest.Play Bell.UpSample
	at ptolemy.actor.sched.StaticSchedulingDirector.fire(StaticSchedulingDirector.java:227)
	at ptolemy.domains.sdf.kernel.SDFDirector.fire(SDFDirector.java:500)
	at ptolemy.actor.CompositeActor.fire(CompositeActor.java:455)
	at ptolemy.domains.de.kernel.DEDirector._fire(DEDirector.java:1948)
	at ptolemy.domains.de.kernel.DEDirector.fire(DEDirector.java:502)
	at ptolemy.actor.CompositeActor.fire(CompositeActor.java:455)
	at ptolemy.actor.Manager.iterate(Manager.java:851)
	at ptolemy.actor.Manager.execute(Manager.java:369)
	at ptolemy.actor.Manager.run(Manager.java:1263)
	at ptolemy.actor.Manager$PtolemyRunThread.run(Manager.java:1915)
java.lang.reflect.InvocationTargetException
	at sun.reflect.NativeConstructorAccessorImpl.newInstance0(Native Method)
	at sun.reflect.NativeConstructorAccessorImpl.newInstance(NativeConstructorAccessorImpl.java:62)
	at sun.reflect.DelegatingConstructorAccessorImpl.newInstance(DelegatingConstructorAccessorImpl.java:45)
	at java.lang.reflect.Constructor.newInstance(Constructor.java:423)
	at ptolemy.util.test.junit.AutoKnownFailedTests.RunModel(AutoKnownFailedTests.java:107)
	at sun.reflect.NativeMethodAccessorImpl.invoke0(Native Method)
	at sun.reflect.NativeMethodAccessorImpl.invoke(NativeMethodAccessorImpl.java:62)
	at sun.reflect.DelegatingMethodAccessorImpl.invoke(DelegatingMethodAccessorImpl.java:43)
	at java.lang.reflect.Method.invoke(Method.java:498)
	at org.junit.runners.model.FrameworkMethod$1.runReflectiveCall(FrameworkMethod.java:44)
	at org.junit.internal.runners.model.ReflectiveCallable.run(ReflectiveCallable.java:15)
	at org.junit.runners.model.FrameworkMethod.invokeExplosively(FrameworkMethod.java:41)
	at junitparams.internal.InvokeParameterisedMethod.evaluate(InvokeParameterisedMethod.java:102)
	at org.junit.internal.runners.statements.FailOnTimeout$1.run(FailOnTimeout.java:28)
Caused by: ptolemy.kernel.util.IllegalActionException: Actor is not ready to fire.  Perhaps UpSample.prefire() returned false? Try debugging the actor by selecting "Listen to Actor".  Also, for SDF check moml for tokenConsumptionRate on input.
  in .DESDFClockTest.Play Bell.Copy1:SDF Director and .DESDFClockTest.Play Bell.UpSample
	at ptolemy.actor.sched.StaticSchedulingDirector.fire(StaticSchedulingDirector.java:227)
	at ptolemy.domains.sdf.kernel.SDFDirector.fire(SDFDirector.java:500)
	at ptolemy.actor.CompositeActor.fire(CompositeActor.java:455)
	at ptolemy.domains.de.kernel.DEDirector._fire(DEDirector.java:1948)
	at ptolemy.domains.de.kernel.DEDirector.fire(DEDirector.java:502)
	at ptolemy.actor.CompositeActor.fire(CompositeActor.java:455)
	at ptolemy.actor.Manager.iterate(Manager.java:851)
	at ptolemy.actor.Manager.execute(Manager.java:369)
	at ptolemy.actor.Manager.run(Manager.java:1263)
	at ptolemy.actor.Manager$PtolemyRunThread.run(Manager.java:1915)
java.lang.RuntimeException: Execution failed
	at ptolemy.moml.MoMLSimpleApplication$UnloadThread.run(MoMLSimpleApplication.java:402)
Caused by: ptolemy.kernel.util.IllegalActionException: Test fails in iteration 1.
Value was: 1.0. Should have been: 2.0
  in .DirectFeedback.Test
	at ptolemy.actor.lib.Test.fire(Test.java:268)
	at ptolemy.domains.de.kernel.DEDirector._fire(DEDirector.java:1948)
	at ptolemy.domains.de.kernel.DEDirector.fire(DEDirector.java:502)
	at ptolemy.actor.CompositeActor.fire(CompositeActor.java:455)
	at ptolemy.actor.Manager.iterate(Manager.java:851)
	at ptolemy.actor.Manager.execute(Manager.java:369)
	at ptolemy.actor.Manager.run(Manager.java:1263)
	at ptolemy.actor.Manager$PtolemyRunThread.run(Manager.java:1915)
java.lang.reflect.InvocationTargetException
	at sun.reflect.NativeConstructorAccessorImpl.newInstance0(Native Method)
	at sun.reflect.NativeConstructorAccessorImpl.newInstance(NativeConstructorAccessorImpl.java:62)
	at sun.reflect.DelegatingConstructorAccessorImpl.newInstance(DelegatingConstructorAccessorImpl.java:45)
	at java.lang.reflect.Constructor.newInstance(Constructor.java:423)
	at ptolemy.util.test.junit.AutoKnownFailedTests.RunModel(AutoKnownFailedTests.java:107)
	at sun.reflect.NativeMethodAccessorImpl.invoke0(Native Method)
	at sun.reflect.NativeMethodAccessorImpl.invoke(NativeMethodAccessorImpl.java:62)
	at sun.reflect.DelegatingMethodAccessorImpl.invoke(DelegatingMethodAccessorImpl.java:43)
	at java.lang.reflect.Method.invoke(Method.java:498)
	at org.junit.runners.model.FrameworkMethod$1.runReflectiveCall(FrameworkMethod.java:44)
	at org.junit.internal.runners.model.ReflectiveCallable.run(ReflectiveCallable.java:15)
	at org.junit.runners.model.FrameworkMethod.invokeExplosively(FrameworkMethod.java:41)
	at junitparams.internal.InvokeParameterisedMethod.evaluate(InvokeParameterisedMethod.java:102)
	at org.junit.internal.runners.statements.FailOnTimeout$1.run(FailOnTimeout.java:28)
Caused by: ptolemy.kernel.util.IllegalActionException: Test fails in iteration 1.
Value was: 1.0. Should have been: 2.0
  in .DirectFeedback.Test
	at ptolemy.actor.lib.Test.fire(Test.java:268)
	at ptolemy.domains.de.kernel.DEDirector._fire(DEDirector.java:1948)
	at ptolemy.domains.de.kernel.DEDirector.fire(DEDirector.java:502)
	at ptolemy.actor.CompositeActor.fire(CompositeActor.java:455)
	at ptolemy.actor.Manager.iterate(Manager.java:851)
	at ptolemy.actor.Manager.execute(Manager.java:369)
	at ptolemy.actor.Manager.run(Manager.java:1263)
	at ptolemy.actor.Manager$PtolemyRunThread.run(Manager.java:1915)
java.lang.RuntimeException: Execution failed
	at ptolemy.moml.MoMLSimpleApplication$UnloadThread.run(MoMLSimpleApplication.java:402)
Caused by: ptolemy.kernel.util.IllegalActionException: Found a zero delay loop containing .HierarchicalModel.A
  in .HierarchicalModel and .HierarchicalModel.A
	at ptolemy.actor.util.CausalityInterfaceForComposites._computeOutputPortDepth(CausalityInterfaceForComposites.java:759)
	at ptolemy.actor.util.CausalityInterfaceForComposites._computeInputDepth(CausalityInterfaceForComposites.java:696)
	at ptolemy.actor.util.CausalityInterfaceForComposites._computeOutputPortDepth(CausalityInterfaceForComposites.java:765)
	at ptolemy.actor.util.CausalityInterfaceForComposites._computeInputDepth(CausalityInterfaceForComposites.java:696)
	at ptolemy.actor.util.CausalityInterfaceForComposites._computeOutputPortDepth(CausalityInterfaceForComposites.java:765)
	at ptolemy.actor.util.CausalityInterfaceForComposites._computeInputDepth(CausalityInterfaceForComposites.java:696)
	at ptolemy.actor.util.CausalityInterfaceForComposites._computeActorDepth(CausalityInterfaceForComposites.java:532)
	at ptolemy.actor.util.CausalityInterfaceForComposites.checkForCycles(CausalityInterfaceForComposites.java:96)
	at ptolemy.domains.de.kernel.DEDirector.preinitialize(DEDirector.java:1337)
	at ptolemy.actor.CompositeActor.preinitialize(CompositeActor.java:1828)
	at ptolemy.actor.Manager.preinitializeAndResolveTypes(Manager.java:1040)
	at ptolemy.actor.Manager.initialize(Manager.java:710)
	at ptolemy.actor.Manager.execute(Manager.java:356)
	at ptolemy.actor.Manager.run(Manager.java:1263)
	at ptolemy.actor.Manager$PtolemyRunThread.run(Manager.java:1915)
java.lang.reflect.InvocationTargetException
	at sun.reflect.NativeConstructorAccessorImpl.newInstance0(Native Method)
	at sun.reflect.NativeConstructorAccessorImpl.newInstance(NativeConstructorAccessorImpl.java:62)
	at sun.reflect.DelegatingConstructorAccessorImpl.newInstance(DelegatingConstructorAccessorImpl.java:45)
	at java.lang.reflect.Constructor.newInstance(Constructor.java:423)
	at ptolemy.util.test.junit.AutoKnownFailedTests.RunModel(AutoKnownFailedTests.java:107)
	at sun.reflect.NativeMethodAccessorImpl.invoke0(Native Method)
	at sun.reflect.NativeMethodAccessorImpl.invoke(NativeMethodAccessorImpl.java:62)
	at sun.reflect.DelegatingMethodAccessorImpl.invoke(DelegatingMethodAccessorImpl.java:43)
	at java.lang.reflect.Method.invoke(Method.java:498)
	at org.junit.runners.model.FrameworkMethod$1.runReflectiveCall(FrameworkMethod.java:44)
	at org.junit.internal.runners.model.ReflectiveCallable.run(ReflectiveCallable.java:15)
	at org.junit.runners.model.FrameworkMethod.invokeExplosively(FrameworkMethod.java:41)
	at junitparams.internal.InvokeParameterisedMethod.evaluate(InvokeParameterisedMethod.java:102)
	at org.junit.internal.runners.statements.FailOnTimeout$1.run(FailOnTimeout.java:28)
Caused by: ptolemy.kernel.util.IllegalActionException: Found a zero delay loop containing .HierarchicalModel.A
  in .HierarchicalModel and .HierarchicalModel.A
	at ptolemy.actor.util.CausalityInterfaceForComposites._computeOutputPortDepth(CausalityInterfaceForComposites.java:759)
	at ptolemy.actor.util.CausalityInterfaceForComposites._computeInputDepth(CausalityInterfaceForComposites.java:696)
	at ptolemy.actor.util.CausalityInterfaceForComposites._computeOutputPortDepth(CausalityInterfaceForComposites.java:765)
	at ptolemy.actor.util.CausalityInterfaceForComposites._computeInputDepth(CausalityInterfaceForComposites.java:696)
	at ptolemy.actor.util.CausalityInterfaceForComposites._computeOutputPortDepth(CausalityInterfaceForComposites.java:765)
	at ptolemy.actor.util.CausalityInterfaceForComposites._computeInputDepth(CausalityInterfaceForComposites.java:696)
	at ptolemy.actor.util.CausalityInterfaceForComposites._computeActorDepth(CausalityInterfaceForComposites.java:532)
	at ptolemy.actor.util.CausalityInterfaceForComposites.checkForCycles(CausalityInterfaceForComposites.java:96)
	at ptolemy.domains.de.kernel.DEDirector.preinitialize(DEDirector.java:1337)
	at ptolemy.actor.CompositeActor.preinitialize(CompositeActor.java:1828)
	at ptolemy.actor.Manager.preinitializeAndResolveTypes(Manager.java:1040)
	at ptolemy.actor.Manager.initialize(Manager.java:710)
	at ptolemy.actor.Manager.execute(Manager.java:356)
	at ptolemy.actor.Manager.run(Manager.java:1263)
	at ptolemy.actor.Manager$PtolemyRunThread.run(Manager.java:1915)
java.lang.RuntimeException: Execution failed
	at ptolemy.moml.MoMLSimpleApplication$UnloadThread.run(MoMLSimpleApplication.java:402)
Caused by: ptolemy.kernel.util.IllegalActionException: Found a zero delay loop containing .dependencyLoop.original
  in .dependencyLoop and .dependencyLoop.original
	at ptolemy.actor.util.CausalityInterfaceForComposites._computeOutputPortDepth(CausalityInterfaceForComposites.java:759)
	at ptolemy.actor.util.CausalityInterfaceForComposites._computeInputDepth(CausalityInterfaceForComposites.java:696)
	at ptolemy.actor.util.CausalityInterfaceForComposites._computeOutputPortDepth(CausalityInterfaceForComposites.java:765)
	at ptolemy.actor.util.CausalityInterfaceForComposites._computeInputDepth(CausalityInterfaceForComposites.java:696)
	at ptolemy.actor.util.CausalityInterfaceForComposites._computeOutputPortDepth(CausalityInterfaceForComposites.java:765)
	at ptolemy.actor.util.CausalityInterfaceForComposites._computeInputDepth(CausalityInterfaceForComposites.java:696)
	at ptolemy.actor.util.CausalityInterfaceForComposites._computeActorDepth(CausalityInterfaceForComposites.java:532)
	at ptolemy.actor.util.CausalityInterfaceForComposites.checkForCycles(CausalityInterfaceForComposites.java:96)
	at ptolemy.domains.de.kernel.DEDirector.preinitialize(DEDirector.java:1337)
	at ptolemy.actor.CompositeActor.preinitialize(CompositeActor.java:1828)
	at ptolemy.actor.Manager.preinitializeAndResolveTypes(Manager.java:1040)
	at ptolemy.actor.Manager.initialize(Manager.java:710)
	at ptolemy.actor.Manager.execute(Manager.java:356)
	at ptolemy.actor.Manager.run(Manager.java:1263)
	at ptolemy.actor.Manager$PtolemyRunThread.run(Manager.java:1915)
java.lang.reflect.InvocationTargetException
	at sun.reflect.NativeConstructorAccessorImpl.newInstance0(Native Method)
	at sun.reflect.NativeConstructorAccessorImpl.newInstance(NativeConstructorAccessorImpl.java:62)
	at sun.reflect.DelegatingConstructorAccessorImpl.newInstance(DelegatingConstructorAccessorImpl.java:45)
	at java.lang.reflect.Constructor.newInstance(Constructor.java:423)
	at ptolemy.util.test.junit.AutoKnownFailedTests.RunModel(AutoKnownFailedTests.java:107)
	at sun.reflect.NativeMethodAccessorImpl.invoke0(Native Method)
	at sun.reflect.NativeMethodAccessorImpl.invoke(NativeMethodAccessorImpl.java:62)
	at sun.reflect.DelegatingMethodAccessorImpl.invoke(DelegatingMethodAccessorImpl.java:43)
	at java.lang.reflect.Method.invoke(Method.java:498)
	at org.junit.runners.model.FrameworkMethod$1.runReflectiveCall(FrameworkMethod.java:44)
	at org.junit.internal.runners.model.ReflectiveCallable.run(ReflectiveCallable.java:15)
	at org.junit.runners.model.FrameworkMethod.invokeExplosively(FrameworkMethod.java:41)
	at junitparams.internal.InvokeParameterisedMethod.evaluate(InvokeParameterisedMethod.java:102)
	at org.junit.internal.runners.statements.FailOnTimeout$1.run(FailOnTimeout.java:28)
Caused by: ptolemy.kernel.util.IllegalActionException: Found a zero delay loop containing .dependencyLoop.original
  in .dependencyLoop and .dependencyLoop.original
	at ptolemy.actor.util.CausalityInterfaceForComposites._computeOutputPortDepth(CausalityInterfaceForComposites.java:759)
	at ptolemy.actor.util.CausalityInterfaceForComposites._computeInputDepth(CausalityInterfaceForComposites.java:696)
	at ptolemy.actor.util.CausalityInterfaceForComposites._computeOutputPortDepth(CausalityInterfaceForComposites.java:765)
	at ptolemy.actor.util.CausalityInterfaceForComposites._computeInputDepth(CausalityInterfaceForComposites.java:696)
	at ptolemy.actor.util.CausalityInterfaceForComposites._computeOutputPortDepth(CausalityInterfaceForComposites.java:765)
	at ptolemy.actor.util.CausalityInterfaceForComposites._computeInputDepth(CausalityInterfaceForComposites.java:696)
	at ptolemy.actor.util.CausalityInterfaceForComposites._computeActorDepth(CausalityInterfaceForComposites.java:532)
	at ptolemy.actor.util.CausalityInterfaceForComposites.checkForCycles(CausalityInterfaceForComposites.java:96)
	at ptolemy.domains.de.kernel.DEDirector.preinitialize(DEDirector.java:1337)
	at ptolemy.actor.CompositeActor.preinitialize(CompositeActor.java:1828)
	at ptolemy.actor.Manager.preinitializeAndResolveTypes(Manager.java:1040)
	at ptolemy.actor.Manager.initialize(Manager.java:710)
	at ptolemy.actor.Manager.execute(Manager.java:356)
	at ptolemy.actor.Manager.run(Manager.java:1263)
	at ptolemy.actor.Manager$PtolemyRunThread.run(Manager.java:1915)
java.lang.RuntimeException: Execution failed
	at ptolemy.moml.MoMLSimpleApplication$UnloadThread.run(MoMLSimpleApplication.java:402)
Caused by: ptolemy.kernel.util.IllegalActionException: Found a zero delay loop containing .dependencyLoop2.original
  in .dependencyLoop2 and .dependencyLoop2.original
	at ptolemy.actor.util.CausalityInterfaceForComposites._computeOutputPortDepth(CausalityInterfaceForComposites.java:759)
	at ptolemy.actor.util.CausalityInterfaceForComposites._computeInputDepth(CausalityInterfaceForComposites.java:696)
	at ptolemy.actor.util.CausalityInterfaceForComposites._computeOutputPortDepth(CausalityInterfaceForComposites.java:765)
	at ptolemy.actor.util.CausalityInterfaceForComposites._computeInputDepth(CausalityInterfaceForComposites.java:696)
	at ptolemy.actor.util.CausalityInterfaceForComposites._computeOutputPortDepth(CausalityInterfaceForComposites.java:765)
	at ptolemy.actor.util.CausalityInterfaceForComposites._computeInputDepth(CausalityInterfaceForComposites.java:696)
	at ptolemy.actor.util.CausalityInterfaceForComposites._computeActorDepth(CausalityInterfaceForComposites.java:532)
	at ptolemy.actor.util.CausalityInterfaceForComposites.checkForCycles(CausalityInterfaceForComposites.java:96)
	at ptolemy.domains.de.kernel.DEDirector.preinitialize(DEDirector.java:1337)
	at ptolemy.actor.CompositeActor.preinitialize(CompositeActor.java:1828)
	at ptolemy.actor.Manager.preinitializeAndResolveTypes(Manager.java:1040)
	at ptolemy.actor.Manager.initialize(Manager.java:710)
	at ptolemy.actor.Manager.execute(Manager.java:356)
	at ptolemy.actor.Manager.run(Manager.java:1263)
	at ptolemy.actor.Manager$PtolemyRunThread.run(Manager.java:1915)
java.lang.reflect.InvocationTargetException
	at sun.reflect.NativeConstructorAccessorImpl.newInstance0(Native Method)
	at sun.reflect.NativeConstructorAccessorImpl.newInstance(NativeConstructorAccessorImpl.java:62)
	at sun.reflect.DelegatingConstructorAccessorImpl.newInstance(DelegatingConstructorAccessorImpl.java:45)
	at java.lang.reflect.Constructor.newInstance(Constructor.java:423)
	at ptolemy.util.test.junit.AutoKnownFailedTests.RunModel(AutoKnownFailedTests.java:107)
	at sun.reflect.NativeMethodAccessorImpl.invoke0(Native Method)
	at sun.reflect.NativeMethodAccessorImpl.invoke(NativeMethodAccessorImpl.java:62)
	at sun.reflect.DelegatingMethodAccessorImpl.invoke(DelegatingMethodAccessorImpl.java:43)
	at java.lang.reflect.Method.invoke(Method.java:498)
	at org.junit.runners.model.FrameworkMethod$1.runReflectiveCall(FrameworkMethod.java:44)
	at org.junit.internal.runners.model.ReflectiveCallable.run(ReflectiveCallable.java:15)
	at org.junit.runners.model.FrameworkMethod.invokeExplosively(FrameworkMethod.java:41)
	at junitparams.internal.InvokeParameterisedMethod.evaluate(InvokeParameterisedMethod.java:102)
	at org.junit.internal.runners.statements.FailOnTimeout$1.run(FailOnTimeout.java:28)
Caused by: ptolemy.kernel.util.IllegalActionException: Found a zero delay loop containing .dependencyLoop2.original
  in .dependencyLoop2 and .dependencyLoop2.original
	at ptolemy.actor.util.CausalityInterfaceForComposites._computeOutputPortDepth(CausalityInterfaceForComposites.java:759)
	at ptolemy.actor.util.CausalityInterfaceForComposites._computeInputDepth(CausalityInterfaceForComposites.java:696)
	at ptolemy.actor.util.CausalityInterfaceForComposites._computeOutputPortDepth(CausalityInterfaceForComposites.java:765)
	at ptolemy.actor.util.CausalityInterfaceForComposites._computeInputDepth(CausalityInterfaceForComposites.java:696)
	at ptolemy.actor.util.CausalityInterfaceForComposites._computeOutputPortDepth(CausalityInterfaceForComposites.java:765)
	at ptolemy.actor.util.CausalityInterfaceForComposites._computeInputDepth(CausalityInterfaceForComposites.java:696)
	at ptolemy.actor.util.CausalityInterfaceForComposites._computeActorDepth(CausalityInterfaceForComposites.java:532)
	at ptolemy.actor.util.CausalityInterfaceForComposites.checkForCycles(CausalityInterfaceForComposites.java:96)
	at ptolemy.domains.de.kernel.DEDirector.preinitialize(DEDirector.java:1337)
	at ptolemy.actor.CompositeActor.preinitialize(CompositeActor.java:1828)
	at ptolemy.actor.Manager.preinitializeAndResolveTypes(Manager.java:1040)
	at ptolemy.actor.Manager.initialize(Manager.java:710)
	at ptolemy.actor.Manager.execute(Manager.java:356)
	at ptolemy.actor.Manager.run(Manager.java:1263)
	at ptolemy.actor.Manager$PtolemyRunThread.run(Manager.java:1915)
]]></system-err>
</testsuite>
