<?xml version="1.0" encoding="UTF-8" ?>
<testsuite errors="0" failures="0" hostname="travis-job-b8c19330-a3b1-463d-b628-d65b069a161c" name="ptolemy.domains.modal.test.junit.JUnitTclTest" skipped="0" tests="148" time="11.727" timestamp="2018-05-04T01:03:35">
  <properties>
[...]
</properties>
  <testcase classname="ptolemy.util.test.junit.TclTests" name="[0] /home/travis/build/icyphy/ptII/ptolemy/domains/modal/test/SystemLevelType.tcl (RunTclFile)" time="2.124" />
  <testcase classname="ptolemy.util.test.junit.AutoKnownFailedTests" name="[0] /home/travis/build/icyphy/ptII/ptolemy/domains/modal/test/auto/knownFailedTests/CannotAnalysisWithPreemption.xml (RunModel)" time="0.19" />
  <testcase classname="ptolemy.util.test.junit.AutoNameArchTests" name="[0] ThereAreNoAutoTests (RunModel)" time="0.005" />
  <testcase classname="ptolemy.util.test.junit.AutoTests" name="[0] /home/travis/build/icyphy/ptII/ptolemy/domains/modal/test/auto/ABPTest.xml (RunModel)" time="0.799" />
  <testcase classname="ptolemy.util.test.junit.AutoTests" name="[1] /home/travis/build/icyphy/ptII/ptolemy/domains/modal/test/auto/ABROFlat.xml (RunModel)" time="0.076" />
  <testcase classname="ptolemy.util.test.junit.AutoTests" name="[2] /home/travis/build/icyphy/ptII/ptolemy/domains/modal/test/auto/ABROFlat2.xml (RunModel)" time="0.116" />
  <testcase classname="ptolemy.util.test.junit.AutoTests" name="[3] /home/travis/build/icyphy/ptII/ptolemy/domains/modal/test/auto/ABRO_present_hmm.xml (RunModel)" time="0.176" />
  <testcase classname="ptolemy.util.test.junit.AutoTests" name="[4] /home/travis/build/icyphy/ptII/ptolemy/domains/modal/test/auto/AMICoderExample.xml (RunModel)" time="0.08" />
  <testcase classname="ptolemy.util.test.junit.AutoTests" name="[5] /home/travis/build/icyphy/ptII/ptolemy/domains/modal/test/auto/AbsentToPresent.xml (RunModel)" time="0.027" />
  <testcase classname="ptolemy.util.test.junit.AutoTests" name="[6] /home/travis/build/icyphy/ptII/ptolemy/domains/modal/test/auto/Blending.xml (RunModel)" time="0.293" />
  <testcase classname="ptolemy.util.test.junit.AutoTests" name="[7] /home/travis/build/icyphy/ptII/ptolemy/domains/modal/test/auto/Broadcast.xml (RunModel)" time="0.055" />
  <testcase classname="ptolemy.util.test.junit.AutoTests" name="[8] /home/travis/build/icyphy/ptII/ptolemy/domains/modal/test/auto/BroadcastHierarchy.xml (RunModel)" time="0.078" />
  <testcase classname="ptolemy.util.test.junit.AutoTests" name="[9] /home/travis/build/icyphy/ptII/ptolemy/domains/modal/test/auto/BroadcastHierarchy2.xml (RunModel)" time="0.135" />
  <testcase classname="ptolemy.util.test.junit.AutoTests" name="[10] /home/travis/build/icyphy/ptII/ptolemy/domains/modal/test/auto/BroadcastHierarchy3.xml (RunModel)" time="0.114" />
  <testcase classname="ptolemy.util.test.junit.AutoTests" name="[11] /home/travis/build/icyphy/ptII/ptolemy/domains/modal/test/auto/BroadcastHierarchy4.xml (RunModel)" time="0.128" />
  <testcase classname="ptolemy.util.test.junit.AutoTests" name="[12] /home/travis/build/icyphy/ptII/ptolemy/domains/modal/test/auto/CannotAnalysisWithPreemption2.xml (RunModel)" time="0.037" />
  <testcase classname="ptolemy.util.test.junit.AutoTests" name="[13] /home/travis/build/icyphy/ptII/ptolemy/domains/modal/test/auto/CannotAnalysisWithPreemption3.xml (RunModel)" time="0.074" />
  <testcase classname="ptolemy.util.test.junit.AutoTests" name="[14] /home/travis/build/icyphy/ptII/ptolemy/domains/modal/test/auto/CannotProduce.xml (RunModel)" time="0.041" />
  <testcase classname="ptolemy.util.test.junit.AutoTests" name="[15] /home/travis/build/icyphy/ptII/ptolemy/domains/modal/test/auto/CannotProduceModal.xml (RunModel)" time="0.039" />
  <testcase classname="ptolemy.util.test.junit.AutoTests" name="[16] /home/travis/build/icyphy/ptII/ptolemy/domains/modal/test/auto/Case.xml (RunModel)" time="0.113" />
  <testcase classname="ptolemy.util.test.junit.AutoTests" name="[17] /home/travis/build/icyphy/ptII/ptolemy/domains/modal/test/auto/Case1.xml (RunModel)" time="0.035" />
  <testcase classname="ptolemy.util.test.junit.AutoTests" name="[18] /home/travis/build/icyphy/ptII/ptolemy/domains/modal/test/auto/Case2.xml (RunModel)" time="0.073" />
  <testcase classname="ptolemy.util.test.junit.AutoTests" name="[19] /home/travis/build/icyphy/ptII/ptolemy/domains/modal/test/auto/CausalityInterface1.xml (RunModel)" time="0.035" />
  <testcase classname="ptolemy.util.test.junit.AutoTests" name="[20] /home/travis/build/icyphy/ptII/ptolemy/domains/modal/test/auto/CausalityInterface10.xml (RunModel)" time="0.074" />
  <testcase classname="ptolemy.util.test.junit.AutoTests" name="[21] /home/travis/build/icyphy/ptII/ptolemy/domains/modal/test/auto/CausalityInterface11.xml (RunModel)" time="0.072" />
  <testcase classname="ptolemy.util.test.junit.AutoTests" name="[22] /home/travis/build/icyphy/ptII/ptolemy/domains/modal/test/auto/CausalityInterface12.xml (RunModel)" time="0.061" />
  <testcase classname="ptolemy.util.test.junit.AutoTests" name="[23] /home/travis/build/icyphy/ptII/ptolemy/domains/modal/test/auto/CausalityInterface13.xml (RunModel)" time="0.072" />
  <testcase classname="ptolemy.util.test.junit.AutoTests" name="[24] /home/travis/build/icyphy/ptII/ptolemy/domains/modal/test/auto/CausalityInterface14.xml (RunModel)" time="0.054" />
  <testcase classname="ptolemy.util.test.junit.AutoTests" name="[25] /home/travis/build/icyphy/ptII/ptolemy/domains/modal/test/auto/CausalityInterface2.xml (RunModel)" time="0.031" />
  <testcase classname="ptolemy.util.test.junit.AutoTests" name="[26] /home/travis/build/icyphy/ptII/ptolemy/domains/modal/test/auto/CausalityInterface3.xml (RunModel)" time="0.028" />
  <testcase classname="ptolemy.util.test.junit.AutoTests" name="[27] /home/travis/build/icyphy/ptII/ptolemy/domains/modal/test/auto/CausalityInterface4.xml (RunModel)" time="0.028" />
  <testcase classname="ptolemy.util.test.junit.AutoTests" name="[28] /home/travis/build/icyphy/ptII/ptolemy/domains/modal/test/auto/CausalityInterface5.xml (RunModel)" time="0.048" />
  <testcase classname="ptolemy.util.test.junit.AutoTests" name="[29] /home/travis/build/icyphy/ptII/ptolemy/domains/modal/test/auto/CausalityInterface6.xml (RunModel)" time="0.041" />
  <testcase classname="ptolemy.util.test.junit.AutoTests" name="[30] /home/travis/build/icyphy/ptII/ptolemy/domains/modal/test/auto/CausalityInterface7.xml (RunModel)" time="0.048" />
  <testcase classname="ptolemy.util.test.junit.AutoTests" name="[31] /home/travis/build/icyphy/ptII/ptolemy/domains/modal/test/auto/CausalityInterface8.xml (RunModel)" time="0.034" />
  <testcase classname="ptolemy.util.test.junit.AutoTests" name="[32] /home/travis/build/icyphy/ptII/ptolemy/domains/modal/test/auto/CausalityInterface9.xml (RunModel)" time="0.043" />
  <testcase classname="ptolemy.util.test.junit.AutoTests" name="[33] /home/travis/build/icyphy/ptII/ptolemy/domains/modal/test/auto/ChainedTransitions.xml (RunModel)" time="0.182" />
  <testcase classname="ptolemy.util.test.junit.AutoTests" name="[34] /home/travis/build/icyphy/ptII/ptolemy/domains/modal/test/auto/CycleOfImmediateTransitionsFSM.xml (RunModel)" time="0.026" />
  <testcase classname="ptolemy.util.test.junit.AutoTests" name="[35] /home/travis/build/icyphy/ptII/ptolemy/domains/modal/test/auto/CycleOfImmediateTransitionsModal.xml (RunModel)" time="0.02" />
  <testcase classname="ptolemy.util.test.junit.AutoTests" name="[36] /home/travis/build/icyphy/ptII/ptolemy/domains/modal/test/auto/CycleOfImmediateTransitionsModal2.xml (RunModel)" time="0.04" />
  <testcase classname="ptolemy.util.test.junit.AutoTests" name="[37] /home/travis/build/icyphy/ptII/ptolemy/domains/modal/test/auto/CycleOfImmediateTransitionsModal3.xml (RunModel)" time="0.089" />
  <testcase classname="ptolemy.util.test.junit.AutoTests" name="[38] /home/travis/build/icyphy/ptII/ptolemy/domains/modal/test/auto/DeepModal1.xml (RunModel)" time="0.065" />
  <testcase classname="ptolemy.util.test.junit.AutoTests" name="[39] /home/travis/build/icyphy/ptII/ptolemy/domains/modal/test/auto/DeepModal2.xml (RunModel)" time="0.093" />
  <testcase classname="ptolemy.util.test.junit.AutoTests" name="[40] /home/travis/build/icyphy/ptII/ptolemy/domains/modal/test/auto/DeepModal3.xml (RunModel)" time="0.069" />
  <testcase classname="ptolemy.util.test.junit.AutoTests" name="[41] /home/travis/build/icyphy/ptII/ptolemy/domains/modal/test/auto/DeepModal4.xml (RunModel)" time="0.059" />
  <testcase classname="ptolemy.util.test.junit.AutoTests" name="[42] /home/travis/build/icyphy/ptII/ptolemy/domains/modal/test/auto/Default1.xml (RunModel)" time="0.026" />
  <testcase classname="ptolemy.util.test.junit.AutoTests" name="[43] /home/travis/build/icyphy/ptII/ptolemy/domains/modal/test/auto/Default2.xml (RunModel)" time="0.016" />
  <testcase classname="ptolemy.util.test.junit.AutoTests" name="[44] /home/travis/build/icyphy/ptII/ptolemy/domains/modal/test/auto/Default3.xml (RunModel)" time="0.024" />
  <testcase classname="ptolemy.util.test.junit.AutoTests" name="[45] /home/travis/build/icyphy/ptII/ptolemy/domains/modal/test/auto/Default4.xml (RunModel)" time="0.017" />
  <testcase classname="ptolemy.util.test.junit.AutoTests" name="[46] /home/travis/build/icyphy/ptII/ptolemy/domains/modal/test/auto/Default5.xml (RunModel)" time="0.024" />
  <testcase classname="ptolemy.util.test.junit.AutoTests" name="[47] /home/travis/build/icyphy/ptII/ptolemy/domains/modal/test/auto/EmptyGuard.xml (RunModel)" time="0.025" />
  <testcase classname="ptolemy.util.test.junit.AutoTests" name="[48] /home/travis/build/icyphy/ptII/ptolemy/domains/modal/test/auto/ErrorTransition1.xml (RunModel)" time="0.027" />
  <testcase classname="ptolemy.util.test.junit.AutoTests" name="[49] /home/travis/build/icyphy/ptII/ptolemy/domains/modal/test/auto/ErrorTransition10.xml (RunModel)" time="0.042" />
  <testcase classname="ptolemy.util.test.junit.AutoTests" name="[50] /home/travis/build/icyphy/ptII/ptolemy/domains/modal/test/auto/ErrorTransition11.xml (RunModel)" time="0.04" />
  <testcase classname="ptolemy.util.test.junit.AutoTests" name="[51] /home/travis/build/icyphy/ptII/ptolemy/domains/modal/test/auto/ErrorTransition2.xml (RunModel)" time="0.028" />
  <testcase classname="ptolemy.util.test.junit.AutoTests" name="[52] /home/travis/build/icyphy/ptII/ptolemy/domains/modal/test/auto/ErrorTransition3.xml (RunModel)" time="0.029" />
  <testcase classname="ptolemy.util.test.junit.AutoTests" name="[53] /home/travis/build/icyphy/ptII/ptolemy/domains/modal/test/auto/ErrorTransition4.xml (RunModel)" time="0.038" />
  <testcase classname="ptolemy.util.test.junit.AutoTests" name="[54] /home/travis/build/icyphy/ptII/ptolemy/domains/modal/test/auto/ErrorTransition5.xml (RunModel)" time="0.034" />
  <testcase classname="ptolemy.util.test.junit.AutoTests" name="[55] /home/travis/build/icyphy/ptII/ptolemy/domains/modal/test/auto/ErrorTransition6.xml (RunModel)" time="0.036" />
  <testcase classname="ptolemy.util.test.junit.AutoTests" name="[56] /home/travis/build/icyphy/ptII/ptolemy/domains/modal/test/auto/ErrorTransition7.xml (RunModel)" time="0.049" />
  <testcase classname="ptolemy.util.test.junit.AutoTests" name="[57] /home/travis/build/icyphy/ptII/ptolemy/domains/modal/test/auto/ErrorTransition8.xml (RunModel)" time="0.067" />
  <testcase classname="ptolemy.util.test.junit.AutoTests" name="[58] /home/travis/build/icyphy/ptII/ptolemy/domains/modal/test/auto/ErrorTransition9.xml (RunModel)" time="0.055" />
  <testcase classname="ptolemy.util.test.junit.AutoTests" name="[59] /home/travis/build/icyphy/ptII/ptolemy/domains/modal/test/auto/ExtendedFSM.xml (RunModel)" time="0.023" />
  <testcase classname="ptolemy.util.test.junit.AutoTests" name="[60] /home/travis/build/icyphy/ptII/ptolemy/domains/modal/test/auto/FinalStates.xml (RunModel)" time="0.026" />
  <testcase classname="ptolemy.util.test.junit.AutoTests" name="[61] /home/travis/build/icyphy/ptII/ptolemy/domains/modal/test/auto/FixedPointFSM.xml (RunModel)" time="0.051" />
  <testcase classname="ptolemy.util.test.junit.AutoTests" name="[62] /home/travis/build/icyphy/ptII/ptolemy/domains/modal/test/auto/FixedPointIterationFSMActor.xml (RunModel)" time="0.033" />
  <testcase classname="ptolemy.util.test.junit.AutoTests" name="[63] /home/travis/build/icyphy/ptII/ptolemy/domains/modal/test/auto/FixedPointIterationFSMActor2.xml (RunModel)" time="0.03" />
  <testcase classname="ptolemy.util.test.junit.AutoTests" name="[64] /home/travis/build/icyphy/ptII/ptolemy/domains/modal/test/auto/ForbiddenInstantanousLoop.xml (RunModel)" time="0.034" />
  <testcase classname="ptolemy.util.test.junit.AutoTests" name="[65] /home/travis/build/icyphy/ptII/ptolemy/domains/modal/test/auto/FunctionDependencyOfFSMActorTest.xml (RunModel)" time="0.029" />
  <testcase classname="ptolemy.util.test.junit.AutoTests" name="[66] /home/travis/build/icyphy/ptII/ptolemy/domains/modal/test/auto/GuardExpression.xml (RunModel)" time="0.018" />
  <testcase classname="ptolemy.util.test.junit.AutoTests" name="[67] /home/travis/build/icyphy/ptII/ptolemy/domains/modal/test/auto/GuardNotEvaluated.xml (RunModel)" time="0.029" />
  <testcase classname="ptolemy.util.test.junit.AutoTests" name="[68] /home/travis/build/icyphy/ptII/ptolemy/domains/modal/test/auto/GuardNotEvaluated2.xml (RunModel)" time="0.036" />
  <testcase classname="ptolemy.util.test.junit.AutoTests" name="[69] /home/travis/build/icyphy/ptII/ptolemy/domains/modal/test/auto/GuardOnAbsent.xml (RunModel)" time="0.047" />
  <testcase classname="ptolemy.util.test.junit.AutoTests" name="[70] /home/travis/build/icyphy/ptII/ptolemy/domains/modal/test/auto/HierarchicalFSMTypeInference.xml (RunModel)" time="0.038" />
  <testcase classname="ptolemy.util.test.junit.AutoTests" name="[71] /home/travis/build/icyphy/ptII/ptolemy/domains/modal/test/auto/Hysteresis.xml (RunModel)" time="0.054" />
  <testcase classname="ptolemy.util.test.junit.AutoTests" name="[72] /home/travis/build/icyphy/ptII/ptolemy/domains/modal/test/auto/HysteresisWithDefault.xml (RunModel)" time="0.095" />
  <testcase classname="ptolemy.util.test.junit.AutoTests" name="[73] /home/travis/build/icyphy/ptII/ptolemy/domains/modal/test/auto/HysteresisWithDefault2.xml (RunModel)" time="0.092" />
  <testcase classname="ptolemy.util.test.junit.AutoTests" name="[74] /home/travis/build/icyphy/ptII/ptolemy/domains/modal/test/auto/ImmediateNonConstructiveness.xml (RunModel)" time="0.02" />
  <testcase classname="ptolemy.util.test.junit.AutoTests" name="[75] /home/travis/build/icyphy/ptII/ptolemy/domains/modal/test/auto/ImmediateNonConstructiveness2.xml (RunModel)" time="0.02" />
  <testcase classname="ptolemy.util.test.junit.AutoTests" name="[76] /home/travis/build/icyphy/ptII/ptolemy/domains/modal/test/auto/ImmediateTransitionReset.xml (RunModel)" time="0.047" />
  <testcase classname="ptolemy.util.test.junit.AutoTests" name="[77] /home/travis/build/icyphy/ptII/ptolemy/domains/modal/test/auto/ImmediateTransitions1.xml (RunModel)" time="0.014" />
  <testcase classname="ptolemy.util.test.junit.AutoTests" name="[78] /home/travis/build/icyphy/ptII/ptolemy/domains/modal/test/auto/ImmediateTransitionsInstantaneousCommunication.xml (RunModel)" time="0.04" />
  <testcase classname="ptolemy.util.test.junit.AutoTests" name="[79] /home/travis/build/icyphy/ptII/ptolemy/domains/modal/test/auto/InitialImmediateTransition.xml (RunModel)" time="0.021" />
  <testcase classname="ptolemy.util.test.junit.AutoTests" name="[80] /home/travis/build/icyphy/ptII/ptolemy/domains/modal/test/auto/InitialOutputs.xml (RunModel)" time="0.018" />
  <testcase classname="ptolemy.util.test.junit.AutoTests" name="[81] /home/travis/build/icyphy/ptII/ptolemy/domains/modal/test/auto/InitialStateTransition1.xml (RunModel)" time="0.03" />
  <testcase classname="ptolemy.util.test.junit.AutoTests" name="[82] /home/travis/build/icyphy/ptII/ptolemy/domains/modal/test/auto/InitialStateTransition2.xml (RunModel)" time="0.032" />
  <testcase classname="ptolemy.util.test.junit.AutoTests" name="[83] /home/travis/build/icyphy/ptII/ptolemy/domains/modal/test/auto/InitialStateTransition3.xml (RunModel)" time="0.028" />
  <testcase classname="ptolemy.util.test.junit.AutoTests" name="[84] /home/travis/build/icyphy/ptII/ptolemy/domains/modal/test/auto/InitialStateTransition4.xml (RunModel)" time="0.034" />
  <testcase classname="ptolemy.util.test.junit.AutoTests" name="[85] /home/travis/build/icyphy/ptII/ptolemy/domains/modal/test/auto/MalformedGuardExpressionNotCaught.xml (RunModel)" time="0.024" />
  <testcase classname="ptolemy.util.test.junit.AutoTests" name="[86] /home/travis/build/icyphy/ptII/ptolemy/domains/modal/test/auto/ModalBSC.xml (RunModel)" time="0.118" />
  <testcase classname="ptolemy.util.test.junit.AutoTests" name="[87] /home/travis/build/icyphy/ptII/ptolemy/domains/modal/test/auto/ModalClocks.xml (RunModel)" time="0.097" />
  <testcase classname="ptolemy.util.test.junit.AutoTests" name="[88] /home/travis/build/icyphy/ptII/ptolemy/domains/modal/test/auto/ModalDelay.xml (RunModel)" time="0.053" />
  <testcase classname="ptolemy.util.test.junit.AutoTests" name="[89] /home/travis/build/icyphy/ptII/ptolemy/domains/modal/test/auto/ModalDelay2.xml (RunModel)" time="0.048" />
  <testcase classname="ptolemy.util.test.junit.AutoTests" name="[90] /home/travis/build/icyphy/ptII/ptolemy/domains/modal/test/auto/ModalModelFromMemo.xml (RunModel)" time="0.073" />
  <testcase classname="ptolemy.util.test.junit.AutoTests" name="[91] /home/travis/build/icyphy/ptII/ptolemy/domains/modal/test/auto/ModalModelWithMultirateTransient.xml (RunModel)" time="0.057" />
  <testcase classname="ptolemy.util.test.junit.AutoTests" name="[92] /home/travis/build/icyphy/ptII/ptolemy/domains/modal/test/auto/ModalModelWithReset.xml (RunModel)" time="0.059" />
  <testcase classname="ptolemy.util.test.junit.AutoTests" name="[93] /home/travis/build/icyphy/ptII/ptolemy/domains/modal/test/auto/MouseClickFSM.xml (RunModel)" time="0.083" />
  <testcase classname="ptolemy.util.test.junit.AutoTests" name="[94] /home/travis/build/icyphy/ptII/ptolemy/domains/modal/test/auto/MouseClickFSMModal.xml (RunModel)" time="0.047" />
  <testcase classname="ptolemy.util.test.junit.AutoTests" name="[95] /home/travis/build/icyphy/ptII/ptolemy/domains/modal/test/auto/NonStrictFSM_FeedbackLoop.xml (RunModel)" time="0.052" />
  <testcase classname="ptolemy.util.test.junit.AutoTests" name="[96] /home/travis/build/icyphy/ptII/ptolemy/domains/modal/test/auto/NonStrictFSM_FeedbackLoop_Refinement.xml (RunModel)" time="0.056" />
  <testcase classname="ptolemy.util.test.junit.AutoTests" name="[97] /home/travis/build/icyphy/ptII/ptolemy/domains/modal/test/auto/NonStrictFSM_FeedbackLoop_preemptive.xml (RunModel)" time="0.054" />
  <testcase classname="ptolemy.util.test.junit.AutoTests" name="[98] /home/travis/build/icyphy/ptII/ptolemy/domains/modal/test/auto/NormalTermination.xml (RunModel)" time="0.072" />
  <testcase classname="ptolemy.util.test.junit.AutoTests" name="[99] /home/travis/build/icyphy/ptII/ptolemy/domains/modal/test/auto/Pong.xml (RunModel)" time="0.089" />
  <testcase classname="ptolemy.util.test.junit.AutoTests" name="[100] /home/travis/build/icyphy/ptII/ptolemy/domains/modal/test/auto/Pong_test.xml (RunModel)" time="0.117" />
  <testcase classname="ptolemy.util.test.junit.AutoTests" name="[101] /home/travis/build/icyphy/ptII/ptolemy/domains/modal/test/auto/PreemptionHierarchy.xml (RunModel)" time="0.034" />
  <testcase classname="ptolemy.util.test.junit.AutoTests" name="[102] /home/travis/build/icyphy/ptII/ptolemy/domains/modal/test/auto/PreemptionHierarchy2.xml (RunModel)" time="0.043" />
  <testcase classname="ptolemy.util.test.junit.AutoTests" name="[103] /home/travis/build/icyphy/ptII/ptolemy/domains/modal/test/auto/PreemptiveTransition.xml (RunModel)" time="0.027" />
  <testcase classname="ptolemy.util.test.junit.AutoTests" name="[104] /home/travis/build/icyphy/ptII/ptolemy/domains/modal/test/auto/Priorities.xml (RunModel)" time="0.115" />
  <testcase classname="ptolemy.util.test.junit.AutoTests" name="[105] /home/travis/build/icyphy/ptII/ptolemy/domains/modal/test/auto/ResetFinal.xml (RunModel)" time="0.055" />
  <testcase classname="ptolemy.util.test.junit.AutoTests" name="[106] /home/travis/build/icyphy/ptII/ptolemy/domains/modal/test/auto/ResetFinal2.xml (RunModel)" time="0.037" />
  <testcase classname="ptolemy.util.test.junit.AutoTests" name="[107] /home/travis/build/icyphy/ptII/ptolemy/domains/modal/test/auto/ResetTransitionWithStartTime.xml (RunModel)" time="0.032" />
  <testcase classname="ptolemy.util.test.junit.AutoTests" name="[108] /home/travis/build/icyphy/ptII/ptolemy/domains/modal/test/auto/SDF-FSMComposite.xml (RunModel)" time="0.027" />
  <testcase classname="ptolemy.util.test.junit.AutoTests" name="[109] /home/travis/build/icyphy/ptII/ptolemy/domains/modal/test/auto/SeeminglyNondeterminate.xml (RunModel)" time="0.083" />
  <testcase classname="ptolemy.util.test.junit.AutoTests" name="[110] /home/travis/build/icyphy/ptII/ptolemy/domains/modal/test/auto/SeeminglyNondeterminate2.xml (RunModel)" time="0.084" />
  <testcase classname="ptolemy.util.test.junit.AutoTests" name="[111] /home/travis/build/icyphy/ptII/ptolemy/domains/modal/test/auto/SpontaneousFSM.xml (RunModel)" time="0.066" />
  <testcase classname="ptolemy.util.test.junit.AutoTests" name="[112] /home/travis/build/icyphy/ptII/ptolemy/domains/modal/test/auto/SpontaneousFSM2.xml (RunModel)" time="0.038" />
  <testcase classname="ptolemy.util.test.junit.AutoTests" name="[113] /home/travis/build/icyphy/ptII/ptolemy/domains/modal/test/auto/SpontaneousFSM3.xml (RunModel)" time="0.047" />
  <testcase classname="ptolemy.util.test.junit.AutoTests" name="[114] /home/travis/build/icyphy/ptII/ptolemy/domains/modal/test/auto/SpontaneousFSM4.xml (RunModel)" time="0.062" />
  <testcase classname="ptolemy.util.test.junit.AutoTests" name="[115] /home/travis/build/icyphy/ptII/ptolemy/domains/modal/test/auto/StateTrackerTest.xml (RunModel)" time="0.069" />
  <testcase classname="ptolemy.util.test.junit.AutoTests" name="[116] /home/travis/build/icyphy/ptII/ptolemy/domains/modal/test/auto/StrongImmediateTransition.xml (RunModel)" time="0.03" />
  <testcase classname="ptolemy.util.test.junit.AutoTests" name="[117] /home/travis/build/icyphy/ptII/ptolemy/domains/modal/test/auto/SustainHierarchy.xml (RunModel)" time="0.042" />
  <testcase classname="ptolemy.util.test.junit.AutoTests" name="[118] /home/travis/build/icyphy/ptII/ptolemy/domains/modal/test/auto/TerminationTransition1.xml (RunModel)" time="0.023" />
  <testcase classname="ptolemy.util.test.junit.AutoTests" name="[119] /home/travis/build/icyphy/ptII/ptolemy/domains/modal/test/auto/TerminationTransition2.xml (RunModel)" time="0.03" />
  <testcase classname="ptolemy.util.test.junit.AutoTests" name="[120] /home/travis/build/icyphy/ptII/ptolemy/domains/modal/test/auto/TerminationTransition3.xml (RunModel)" time="0.027" />
  <testcase classname="ptolemy.util.test.junit.AutoTests" name="[121] /home/travis/build/icyphy/ptII/ptolemy/domains/modal/test/auto/TerminationTransition4.xml (RunModel)" time="0.042" />
  <testcase classname="ptolemy.util.test.junit.AutoTests" name="[122] /home/travis/build/icyphy/ptII/ptolemy/domains/modal/test/auto/TerminationTransition5.xml (RunModel)" time="0.037" />
  <testcase classname="ptolemy.util.test.junit.AutoTests" name="[123] /home/travis/build/icyphy/ptII/ptolemy/domains/modal/test/auto/TerminationTransition6.xml (RunModel)" time="0.024" />
  <testcase classname="ptolemy.util.test.junit.AutoTests" name="[124] /home/travis/build/icyphy/ptII/ptolemy/domains/modal/test/auto/TerminationTransition7.xml (RunModel)" time="0.024" />
  <testcase classname="ptolemy.util.test.junit.AutoTests" name="[125] /home/travis/build/icyphy/ptII/ptolemy/domains/modal/test/auto/TerminationTransition8.xml (RunModel)" time="0.025" />
  <testcase classname="ptolemy.util.test.junit.AutoTests" name="[126] /home/travis/build/icyphy/ptII/ptolemy/domains/modal/test/auto/Thermostat_NoHysteresis.xml (RunModel)" time="0.067" />
  <testcase classname="ptolemy.util.test.junit.AutoTests" name="[127] /home/travis/build/icyphy/ptII/ptolemy/domains/modal/test/auto/TimedFSM.xml (RunModel)" time="0.041" />
  <testcase classname="ptolemy.util.test.junit.AutoTests" name="[128] /home/travis/build/icyphy/ptII/ptolemy/domains/modal/test/auto/Timeout1.xml (RunModel)" time="0.013" />
  <testcase classname="ptolemy.util.test.junit.AutoTests" name="[129] /home/travis/build/icyphy/ptII/ptolemy/domains/modal/test/auto/Timeout2.xml (RunModel)" time="0.022" />
  <testcase classname="ptolemy.util.test.junit.AutoTests" name="[130] /home/travis/build/icyphy/ptII/ptolemy/domains/modal/test/auto/Timeout3.xml (RunModel)" time="0.017" />
  <testcase classname="ptolemy.util.test.junit.AutoTests" name="[131] /home/travis/build/icyphy/ptII/ptolemy/domains/modal/test/auto/Timeout4.xml (RunModel)" time="0.017" />
  <testcase classname="ptolemy.util.test.junit.AutoTests" name="[132] /home/travis/build/icyphy/ptII/ptolemy/domains/modal/test/auto/TransientstateModelAdvanced.xml (RunModel)" time="0.032" />
  <testcase classname="ptolemy.util.test.junit.AutoTests" name="[133] /home/travis/build/icyphy/ptII/ptolemy/domains/modal/test/auto/TransientstateModelAdvanced2.xml (RunModel)" time="0.036" />
  <testcase classname="ptolemy.util.test.junit.AutoTests" name="[134] /home/travis/build/icyphy/ptII/ptolemy/domains/modal/test/auto/TransitionRefinements.xml (RunModel)" time="0.032" />
  <testcase classname="ptolemy.util.test.junit.AutoTests" name="[135] /home/travis/build/icyphy/ptII/ptolemy/domains/modal/test/auto/TwoRefinements1.xml (RunModel)" time="0.028" />
  <testcase classname="ptolemy.util.test.junit.AutoTests" name="[136] /home/travis/build/icyphy/ptII/ptolemy/domains/modal/test/auto/TwoRefinements2.xml (RunModel)" time="0.028" />
  <testcase classname="ptolemy.util.test.junit.AutoTests" name="[137] /home/travis/build/icyphy/ptII/ptolemy/domains/modal/test/auto/WeakImmediateTransition.xml (RunModel)" time="0.03" />
  <testcase classname="ptolemy.util.test.junit.AutoTests" name="[138] /home/travis/build/icyphy/ptII/ptolemy/domains/modal/test/auto/booleanSelect.xml (RunModel)" time="0.077" />
  <testcase classname="ptolemy.util.test.junit.AutoTests" name="[139] /home/travis/build/icyphy/ptII/ptolemy/domains/modal/test/auto/modalChangingParams.xml (RunModel)" time="0.326" />
  <testcase classname="ptolemy.util.test.junit.AutoTests" name="[140] /home/travis/build/icyphy/ptII/ptolemy/domains/modal/test/auto/modalModel.xml (RunModel)" time="0.023" />
  <testcase classname="ptolemy.util.test.junit.AutoTests" name="[141] /home/travis/build/icyphy/ptII/ptolemy/domains/modal/test/auto/modalModel2.xml (RunModel)" time="0.031" />
  <testcase classname="ptolemy.util.test.junit.AutoTests" name="[142] /home/travis/build/icyphy/ptII/ptolemy/domains/modal/test/auto/modalModel3.xml (RunModel)" time="0.04" />
  <testcase classname="ptolemy.util.test.junit.AutoTests" name="[143] /home/travis/build/icyphy/ptII/ptolemy/domains/modal/test/auto/model1.xml (RunModel)" time="0.023" />
  <testcase classname="ptolemy.util.test.junit.AutoTests" name="[144] /home/travis/build/icyphy/ptII/ptolemy/domains/modal/test/auto/test-direct-in-out.xml (RunModel)" time="0.026" />
  <system-out><![CDATA[/home/travis/build/icyphy/ptII/ptolemy/domains/modal/test/SystemLevelType.tcl
testDefs.tcl: setting time out to 9000 seconds at Fri May 04 01:03:35 UTC 2018
05/04/18 01:03:37
Failed: 0  Total Tests: 1  ((Passed: 1, Newly Passed: 0)  Known Failed: 0) /home/travis/build/icyphy/ptII/ptolemy/domains/modal/test
----------------- testing (KnownFailure) /home/travis/build/icyphy/ptII/ptolemy/domains/modal/test/auto/knownFailedTests/CannotAnalysisWithPreemption.xml
68 ms. Memory: 209408K Free: 129214K (62%)
Known Failure: java.lang.reflect.InvocationTargetException
No auto/*.xml tests in /home/travis/build/icyphy/ptII/ptolemy/domains/modal/test
AutoTests.java: About to close Vertx.
AutoTests.java: Vertx closed.
----------------- testing Fri May 04 01:03:38 UTC 2018 /home/travis/build/icyphy/ptII/ptolemy/domains/modal/test/auto/ABPTest.xml
----------------- Instantiating /home/travis/build/icyphy/ptII/ptolemy/domains/modal/test/auto/ABPTest.xml
371 ms. Memory: 209920K Free: 111617K (53%)
----------------- Invoking toplevel() on ptolemy.moml.MoMLSimpleApplication@46ab9971
----------------- Done invoking toplevel() on ptolemy.moml.MoMLSimpleApplication@46ab9971
reloadAllAccessors: .ABPTest
----------------- testing Fri May 04 01:03:39 UTC 2018 /home/travis/build/icyphy/ptII/ptolemy/domains/modal/test/auto/ABROFlat.xml
----------------- Instantiating /home/travis/build/icyphy/ptII/ptolemy/domains/modal/test/auto/ABROFlat.xml
14 ms. Memory: 209920K Free: 93835K (45%)
----------------- Invoking toplevel() on ptolemy.moml.MoMLSimpleApplication@3b7d05a
----------------- Done invoking toplevel() on ptolemy.moml.MoMLSimpleApplication@3b7d05a
reloadAllAccessors: .ABROFlat
----------------- testing Fri May 04 01:03:39 UTC 2018 /home/travis/build/icyphy/ptII/ptolemy/domains/modal/test/auto/ABROFlat2.xml
----------------- Instantiating /home/travis/build/icyphy/ptII/ptolemy/domains/modal/test/auto/ABROFlat2.xml
35 ms. Memory: 334336K Free: 324442K (97%)
----------------- Invoking toplevel() on ptolemy.moml.MoMLSimpleApplication@18bfbe2b
----------------- Done invoking toplevel() on ptolemy.moml.MoMLSimpleApplication@18bfbe2b
reloadAllAccessors: .ABROFlat2
----------------- testing Fri May 04 01:03:39 UTC 2018 /home/travis/build/icyphy/ptII/ptolemy/domains/modal/test/auto/ABRO_present_hmm.xml
----------------- Instantiating /home/travis/build/icyphy/ptII/ptolemy/domains/modal/test/auto/ABRO_present_hmm.xml
46 ms. Memory: 334336K Free: 288423K (86%)
----------------- Invoking toplevel() on ptolemy.moml.MoMLSimpleApplication@4801d48d
----------------- Done invoking toplevel() on ptolemy.moml.MoMLSimpleApplication@4801d48d
reloadAllAccessors: .ABRO_present_hmm
----------------- testing Fri May 04 01:03:39 UTC 2018 /home/travis/build/icyphy/ptII/ptolemy/domains/modal/test/auto/AMICoderExample.xml
----------------- Instantiating /home/travis/build/icyphy/ptII/ptolemy/domains/modal/test/auto/AMICoderExample.xml
26 ms. Memory: 334336K Free: 278581K (83%)
----------------- Invoking toplevel() on ptolemy.moml.MoMLSimpleApplication@2b18317f
----------------- Done invoking toplevel() on ptolemy.moml.MoMLSimpleApplication@2b18317f
reloadAllAccessors: .AMICoderExample
----------------- testing Fri May 04 01:03:39 UTC 2018 /home/travis/build/icyphy/ptII/ptolemy/domains/modal/test/auto/AbsentToPresent.xml
----------------- Instantiating /home/travis/build/icyphy/ptII/ptolemy/domains/modal/test/auto/AbsentToPresent.xml
7 ms. Memory: 334336K Free: 273670K (82%)
----------------- Invoking toplevel() on ptolemy.moml.MoMLSimpleApplication@474f01ba
----------------- Done invoking toplevel() on ptolemy.moml.MoMLSimpleApplication@474f01ba
reloadAllAccessors: .AbsentToPresent
----------------- testing Fri May 04 01:03:39 UTC 2018 /home/travis/build/icyphy/ptII/ptolemy/domains/modal/test/auto/Blending.xml
----------------- Instantiating /home/travis/build/icyphy/ptII/ptolemy/domains/modal/test/auto/Blending.xml
153 ms. Memory: 334336K Free: 220369K (66%)
----------------- Invoking toplevel() on ptolemy.moml.MoMLSimpleApplication@3ed9824c
----------------- Done invoking toplevel() on ptolemy.moml.MoMLSimpleApplication@3ed9824c
reloadAllAccessors: .Blending
----------------- testing Fri May 04 01:03:39 UTC 2018 /home/travis/build/icyphy/ptII/ptolemy/domains/modal/test/auto/Broadcast.xml
----------------- Instantiating /home/travis/build/icyphy/ptII/ptolemy/domains/modal/test/auto/Broadcast.xml
6 ms. Memory: 334336K Free: 208092K (62%)
----------------- Invoking toplevel() on ptolemy.moml.MoMLSimpleApplication@25e16e74
----------------- Done invoking toplevel() on ptolemy.moml.MoMLSimpleApplication@25e16e74
reloadAllAccessors: .Broadcast
----------------- testing Fri May 04 01:03:39 UTC 2018 /home/travis/build/icyphy/ptII/ptolemy/domains/modal/test/auto/BroadcastHierarchy.xml
----------------- Instantiating /home/travis/build/icyphy/ptII/ptolemy/domains/modal/test/auto/BroadcastHierarchy.xml
15 ms. Memory: 334336K Free: 189656K (57%)
----------------- Invoking toplevel() on ptolemy.moml.MoMLSimpleApplication@487f2e50
----------------- Done invoking toplevel() on ptolemy.moml.MoMLSimpleApplication@487f2e50
reloadAllAccessors: .BroadcastHierarchy
----------------- testing Fri May 04 01:03:39 UTC 2018 /home/travis/build/icyphy/ptII/ptolemy/domains/modal/test/auto/BroadcastHierarchy2.xml
----------------- Instantiating /home/travis/build/icyphy/ptII/ptolemy/domains/modal/test/auto/BroadcastHierarchy2.xml
29 ms. Memory: 334336K Free: 155247K (46%)
----------------- Invoking toplevel() on ptolemy.moml.MoMLSimpleApplication@7174eee
----------------- Done invoking toplevel() on ptolemy.moml.MoMLSimpleApplication@7174eee
reloadAllAccessors: .BroadcastHierarchy2
----------------- testing Fri May 04 01:03:40 UTC 2018 /home/travis/build/icyphy/ptII/ptolemy/domains/modal/test/auto/BroadcastHierarchy3.xml
----------------- Instantiating /home/travis/build/icyphy/ptII/ptolemy/domains/modal/test/auto/BroadcastHierarchy3.xml
22 ms. Memory: 334336K Free: 125380K (38%)
----------------- Invoking toplevel() on ptolemy.moml.MoMLSimpleApplication@1d0f4de2
----------------- Done invoking toplevel() on ptolemy.moml.MoMLSimpleApplication@1d0f4de2
reloadAllAccessors: .BroadcastHierarchy3
----------------- testing Fri May 04 01:03:40 UTC 2018 /home/travis/build/icyphy/ptII/ptolemy/domains/modal/test/auto/BroadcastHierarchy4.xml
----------------- Instantiating /home/travis/build/icyphy/ptII/ptolemy/domains/modal/test/auto/BroadcastHierarchy4.xml
18 ms. Memory: 334336K Free: 93418K (28%)
----------------- Invoking toplevel() on ptolemy.moml.MoMLSimpleApplication@3243b03
----------------- Done invoking toplevel() on ptolemy.moml.MoMLSimpleApplication@3243b03
reloadAllAccessors: .BroadcastHierarchy4
----------------- testing Fri May 04 01:03:40 UTC 2018 /home/travis/build/icyphy/ptII/ptolemy/domains/modal/test/auto/CannotAnalysisWithPreemption2.xml
----------------- Instantiating /home/travis/build/icyphy/ptII/ptolemy/domains/modal/test/auto/CannotAnalysisWithPreemption2.xml
5 ms. Memory: 334336K Free: 84820K (25%)
----------------- Invoking toplevel() on ptolemy.moml.MoMLSimpleApplication@5ea66a93
----------------- Done invoking toplevel() on ptolemy.moml.MoMLSimpleApplication@5ea66a93
reloadAllAccessors: .CannotAnalysisWithPreemption2
----------------- testing Fri May 04 01:03:40 UTC 2018 /home/travis/build/icyphy/ptII/ptolemy/domains/modal/test/auto/CannotAnalysisWithPreemption3.xml
----------------- Instantiating /home/travis/build/icyphy/ptII/ptolemy/domains/modal/test/auto/CannotAnalysisWithPreemption3.xml
5 ms. Memory: 334336K Free: 317197K (95%)
----------------- Invoking toplevel() on ptolemy.moml.MoMLSimpleApplication@21977215
----------------- Done invoking toplevel() on ptolemy.moml.MoMLSimpleApplication@21977215
reloadAllAccessors: .CannotAnalysisWithPreemption3
----------------- testing Fri May 04 01:03:40 UTC 2018 /home/travis/build/icyphy/ptII/ptolemy/domains/modal/test/auto/CannotProduce.xml
----------------- Instantiating /home/travis/build/icyphy/ptII/ptolemy/domains/modal/test/auto/CannotProduce.xml
12 ms. Memory: 334336K Free: 307948K (92%)
----------------- Invoking toplevel() on ptolemy.moml.MoMLSimpleApplication@39add1a8
----------------- Done invoking toplevel() on ptolemy.moml.MoMLSimpleApplication@39add1a8
reloadAllAccessors: .CannotProduce
----------------- testing Fri May 04 01:03:40 UTC 2018 /home/travis/build/icyphy/ptII/ptolemy/domains/modal/test/auto/CannotProduceModal.xml
----------------- Instantiating /home/travis/build/icyphy/ptII/ptolemy/domains/modal/test/auto/CannotProduceModal.xml
13 ms. Memory: 334336K Free: 299350K (90%)
----------------- Invoking toplevel() on ptolemy.moml.MoMLSimpleApplication@7cd327b7
----------------- Done invoking toplevel() on ptolemy.moml.MoMLSimpleApplication@7cd327b7
reloadAllAccessors: .CannotProduceModal
----------------- testing Fri May 04 01:03:40 UTC 2018 /home/travis/build/icyphy/ptII/ptolemy/domains/modal/test/auto/Case.xml
----------------- Instantiating /home/travis/build/icyphy/ptII/ptolemy/domains/modal/test/auto/Case.xml
41 ms. Memory: 334336K Free: 283934K (85%)
----------------- Invoking toplevel() on ptolemy.moml.MoMLSimpleApplication@6828f0ee
----------------- Done invoking toplevel() on ptolemy.moml.MoMLSimpleApplication@6828f0ee
reloadAllAccessors: .Case
----------------- testing Fri May 04 01:03:40 UTC 2018 /home/travis/build/icyphy/ptII/ptolemy/domains/modal/test/auto/Case1.xml
----------------- Instantiating /home/travis/build/icyphy/ptII/ptolemy/domains/modal/test/auto/Case1.xml
9 ms. Memory: 334336K Free: 275336K (82%)
----------------- Invoking toplevel() on ptolemy.moml.MoMLSimpleApplication@62a71796
----------------- Done invoking toplevel() on ptolemy.moml.MoMLSimpleApplication@62a71796
reloadAllAccessors: .Case1
----------------- testing Fri May 04 01:03:40 UTC 2018 /home/travis/build/icyphy/ptII/ptolemy/domains/modal/test/auto/Case2.xml
----------------- Instantiating /home/travis/build/icyphy/ptII/ptolemy/domains/modal/test/auto/Case2.xml
28 ms. Memory: 334336K Free: 263051K (79%)
----------------- Invoking toplevel() on ptolemy.moml.MoMLSimpleApplication@6738a588
----------------- Done invoking toplevel() on ptolemy.moml.MoMLSimpleApplication@6738a588
reloadAllAccessors: .Case2
----------------- testing Fri May 04 01:03:40 UTC 2018 /home/travis/build/icyphy/ptII/ptolemy/domains/modal/test/auto/CausalityInterface1.xml
----------------- Instantiating /home/travis/build/icyphy/ptII/ptolemy/domains/modal/test/auto/CausalityInterface1.xml
4 ms. Memory: 334336K Free: 255041K (76%)
----------------- Invoking toplevel() on ptolemy.moml.MoMLSimpleApplication@255e6ea1
----------------- Done invoking toplevel() on ptolemy.moml.MoMLSimpleApplication@255e6ea1
reloadAllAccessors: .CausalityInterface1
----------------- testing Fri May 04 01:03:40 UTC 2018 /home/travis/build/icyphy/ptII/ptolemy/domains/modal/test/auto/CausalityInterface10.xml
----------------- Instantiating /home/travis/build/icyphy/ptII/ptolemy/domains/modal/test/auto/CausalityInterface10.xml
6 ms. Memory: 334336K Free: 237877K (71%)
----------------- Invoking toplevel() on ptolemy.moml.MoMLSimpleApplication@3360cf0c
----------------- Done invoking toplevel() on ptolemy.moml.MoMLSimpleApplication@3360cf0c
reloadAllAccessors: .CausalityInterface10
----------------- testing Fri May 04 01:03:40 UTC 2018 /home/travis/build/icyphy/ptII/ptolemy/domains/modal/test/auto/CausalityInterface11.xml
----------------- Instantiating /home/travis/build/icyphy/ptII/ptolemy/domains/modal/test/auto/CausalityInterface11.xml
13 ms. Memory: 334336K Free: 220068K (66%)
----------------- Invoking toplevel() on ptolemy.moml.MoMLSimpleApplication@e7da032
----------------- Done invoking toplevel() on ptolemy.moml.MoMLSimpleApplication@e7da032
reloadAllAccessors: .CausalityInterface11
----------------- testing Fri May 04 01:03:40 UTC 2018 /home/travis/build/icyphy/ptII/ptolemy/domains/modal/test/auto/CausalityInterface12.xml
----------------- Instantiating /home/travis/build/icyphy/ptII/ptolemy/domains/modal/test/auto/CausalityInterface12.xml
7 ms. Memory: 334336K Free: 204103K (61%)
----------------- Invoking toplevel() on ptolemy.moml.MoMLSimpleApplication@24af30d8
----------------- Done invoking toplevel() on ptolemy.moml.MoMLSimpleApplication@24af30d8
reloadAllAccessors: .CausalityInterface12
----------------- testing Fri May 04 01:03:41 UTC 2018 /home/travis/build/icyphy/ptII/ptolemy/domains/modal/test/auto/CausalityInterface13.xml
----------------- Instantiating /home/travis/build/icyphy/ptII/ptolemy/domains/modal/test/auto/CausalityInterface13.xml
17 ms. Memory: 334336K Free: 186875K (56%)
----------------- Invoking toplevel() on ptolemy.moml.MoMLSimpleApplication@73e81cd8
----------------- Done invoking toplevel() on ptolemy.moml.MoMLSimpleApplication@73e81cd8
reloadAllAccessors: .CausalityInterface13
----------------- testing Fri May 04 01:03:41 UTC 2018 /home/travis/build/icyphy/ptII/ptolemy/domains/modal/test/auto/CausalityInterface14.xml
----------------- Instantiating /home/travis/build/icyphy/ptII/ptolemy/domains/modal/test/auto/CausalityInterface14.xml
5 ms. Memory: 334336K Free: 167771K (50%)
----------------- Invoking toplevel() on ptolemy.moml.MoMLSimpleApplication@72be2dff
----------------- Done invoking toplevel() on ptolemy.moml.MoMLSimpleApplication@72be2dff
reloadAllAccessors: .CausalityInterface14
----------------- testing Fri May 04 01:03:41 UTC 2018 /home/travis/build/icyphy/ptII/ptolemy/domains/modal/test/auto/CausalityInterface2.xml
----------------- Instantiating /home/travis/build/icyphy/ptII/ptolemy/domains/modal/test/auto/CausalityInterface2.xml
3 ms. Memory: 334336K Free: 160413K (48%)
----------------- Invoking toplevel() on ptolemy.moml.MoMLSimpleApplication@44509f11
----------------- Done invoking toplevel() on ptolemy.moml.MoMLSimpleApplication@44509f11
reloadAllAccessors: .CausalityInterface2
----------------- testing Fri May 04 01:03:41 UTC 2018 /home/travis/build/icyphy/ptII/ptolemy/domains/modal/test/auto/CausalityInterface3.xml
----------------- Instantiating /home/travis/build/icyphy/ptII/ptolemy/domains/modal/test/auto/CausalityInterface3.xml
3 ms. Memory: 334336K Free: 151164K (45%)
----------------- Invoking toplevel() on ptolemy.moml.MoMLSimpleApplication@60d3c1c5
----------------- Done invoking toplevel() on ptolemy.moml.MoMLSimpleApplication@60d3c1c5
reloadAllAccessors: .CausalityInterface3
----------------- testing Fri May 04 01:03:41 UTC 2018 /home/travis/build/icyphy/ptII/ptolemy/domains/modal/test/auto/CausalityInterface4.xml
----------------- Instantiating /home/travis/build/icyphy/ptII/ptolemy/domains/modal/test/auto/CausalityInterface4.xml
4 ms. Memory: 334336K Free: 143797K (43%)
----------------- Invoking toplevel() on ptolemy.moml.MoMLSimpleApplication@102490e6
----------------- Done invoking toplevel() on ptolemy.moml.MoMLSimpleApplication@102490e6
reloadAllAccessors: .CausalityInterface4
----------------- testing Fri May 04 01:03:41 UTC 2018 /home/travis/build/icyphy/ptII/ptolemy/domains/modal/test/auto/CausalityInterface5.xml
----------------- Instantiating /home/travis/build/icyphy/ptII/ptolemy/domains/modal/test/auto/CausalityInterface5.xml
6 ms. Memory: 334336K Free: 133943K (40%)
----------------- Invoking toplevel() on ptolemy.moml.MoMLSimpleApplication@1a634fd6
----------------- Done invoking toplevel() on ptolemy.moml.MoMLSimpleApplication@1a634fd6
reloadAllAccessors: .CausalityInterface5
----------------- testing Fri May 04 01:03:41 UTC 2018 /home/travis/build/icyphy/ptII/ptolemy/domains/modal/test/auto/CausalityInterface6.xml
----------------- Instantiating /home/travis/build/icyphy/ptII/ptolemy/domains/modal/test/auto/CausalityInterface6.xml
6 ms. Memory: 334336K Free: 122214K (37%)
----------------- Invoking toplevel() on ptolemy.moml.MoMLSimpleApplication@5eff22ab
----------------- Done invoking toplevel() on ptolemy.moml.MoMLSimpleApplication@5eff22ab
reloadAllAccessors: .CausalityInterface6
----------------- testing Fri May 04 01:03:41 UTC 2018 /home/travis/build/icyphy/ptII/ptolemy/domains/modal/test/auto/CausalityInterface7.xml
----------------- Instantiating /home/travis/build/icyphy/ptII/ptolemy/domains/modal/test/auto/CausalityInterface7.xml
3 ms. Memory: 334336K Free: 112328K (34%)
----------------- Invoking toplevel() on ptolemy.moml.MoMLSimpleApplication@5ac59f
----------------- Done invoking toplevel() on ptolemy.moml.MoMLSimpleApplication@5ac59f
reloadAllAccessors: .CausalityInterface7
----------------- testing Fri May 04 01:03:41 UTC 2018 /home/travis/build/icyphy/ptII/ptolemy/domains/modal/test/auto/CausalityInterface8.xml
----------------- Instantiating /home/travis/build/icyphy/ptII/ptolemy/domains/modal/test/auto/CausalityInterface8.xml
8 ms. Memory: 334336K Free: 100583K (30%)
----------------- Invoking toplevel() on ptolemy.moml.MoMLSimpleApplication@3a3e87f2
----------------- Done invoking toplevel() on ptolemy.moml.MoMLSimpleApplication@3a3e87f2
reloadAllAccessors: .CausalityInterface8
----------------- testing Fri May 04 01:03:41 UTC 2018 /home/travis/build/icyphy/ptII/ptolemy/domains/modal/test/auto/CausalityInterface9.xml
----------------- Instantiating /home/travis/build/icyphy/ptII/ptolemy/domains/modal/test/auto/CausalityInterface9.xml
10 ms. Memory: 334336K Free: 89553K (27%)
----------------- Invoking toplevel() on ptolemy.moml.MoMLSimpleApplication@6d1688cb
----------------- Done invoking toplevel() on ptolemy.moml.MoMLSimpleApplication@6d1688cb
reloadAllAccessors: .CausalityInterface9
----------------- testing Fri May 04 01:03:41 UTC 2018 /home/travis/build/icyphy/ptII/ptolemy/domains/modal/test/auto/ChainedTransitions.xml
----------------- Instantiating /home/travis/build/icyphy/ptII/ptolemy/domains/modal/test/auto/ChainedTransitions.xml
100 ms. Memory: 480768K Free: 452882K (94%)
----------------- Invoking toplevel() on ptolemy.moml.MoMLSimpleApplication@3dfec42a
----------------- Done invoking toplevel() on ptolemy.moml.MoMLSimpleApplication@3dfec42a
reloadAllAccessors: .ChainedTransitions
----------------- testing Fri May 04 01:03:41 UTC 2018 /home/travis/build/icyphy/ptII/ptolemy/domains/modal/test/auto/CycleOfImmediateTransitionsFSM.xml
----------------- Instantiating /home/travis/build/icyphy/ptII/ptolemy/domains/modal/test/auto/CycleOfImmediateTransitionsFSM.xml
3 ms. Memory: 480768K Free: 442924K (92%)
----------------- Invoking toplevel() on ptolemy.moml.MoMLSimpleApplication@4e61a74
----------------- Done invoking toplevel() on ptolemy.moml.MoMLSimpleApplication@4e61a74
reloadAllAccessors: .CycleOfImmediateTransitionsFSM
----------------- testing Fri May 04 01:03:41 UTC 2018 /home/travis/build/icyphy/ptII/ptolemy/domains/modal/test/auto/CycleOfImmediateTransitionsModal.xml
----------------- Instantiating /home/travis/build/icyphy/ptII/ptolemy/domains/modal/test/auto/CycleOfImmediateTransitionsModal.xml
2 ms. Memory: 480768K Free: 432461K (90%)
----------------- Invoking toplevel() on ptolemy.moml.MoMLSimpleApplication@78771e36
----------------- Done invoking toplevel() on ptolemy.moml.MoMLSimpleApplication@78771e36
reloadAllAccessors: .CycleOfImmediateTransitionsModal
----------------- testing Fri May 04 01:03:41 UTC 2018 /home/travis/build/icyphy/ptII/ptolemy/domains/modal/test/auto/CycleOfImmediateTransitionsModal2.xml
----------------- Instantiating /home/travis/build/icyphy/ptII/ptolemy/domains/modal/test/auto/CycleOfImmediateTransitionsModal2.xml
4 ms. Memory: 480768K Free: 419894K (87%)
----------------- Invoking toplevel() on ptolemy.moml.MoMLSimpleApplication@16e75267
----------------- Done invoking toplevel() on ptolemy.moml.MoMLSimpleApplication@16e75267
reloadAllAccessors: .CycleOfImmediateTransitionsModal2
----------------- testing Fri May 04 01:03:41 UTC 2018 /home/travis/build/icyphy/ptII/ptolemy/domains/modal/test/auto/CycleOfImmediateTransitionsModal3.xml
----------------- Instantiating /home/travis/build/icyphy/ptII/ptolemy/domains/modal/test/auto/CycleOfImmediateTransitionsModal3.xml
13 ms. Memory: 480768K Free: 391152K (81%)
----------------- Invoking toplevel() on ptolemy.moml.MoMLSimpleApplication@45cfe760
----------------- Done invoking toplevel() on ptolemy.moml.MoMLSimpleApplication@45cfe760
reloadAllAccessors: .CycleOfImmediateTransitionsModal3
----------------- testing Fri May 04 01:03:41 UTC 2018 /home/travis/build/icyphy/ptII/ptolemy/domains/modal/test/auto/DeepModal1.xml
----------------- Instantiating /home/travis/build/icyphy/ptII/ptolemy/domains/modal/test/auto/DeepModal1.xml
33 ms. Memory: 480768K Free: 375504K (78%)
----------------- Invoking toplevel() on ptolemy.moml.MoMLSimpleApplication@4d1b28ea
----------------- Done invoking toplevel() on ptolemy.moml.MoMLSimpleApplication@4d1b28ea
reloadAllAccessors: .DeepModal1
----------------- testing Fri May 04 01:03:41 UTC 2018 /home/travis/build/icyphy/ptII/ptolemy/domains/modal/test/auto/DeepModal2.xml
----------------- Instantiating /home/travis/build/icyphy/ptII/ptolemy/domains/modal/test/auto/DeepModal2.xml
29 ms. Memory: 480768K Free: 349826K (73%)
----------------- Invoking toplevel() on ptolemy.moml.MoMLSimpleApplication@38586c94
----------------- Done invoking toplevel() on ptolemy.moml.MoMLSimpleApplication@38586c94
reloadAllAccessors: .DeepModal2
----------------- testing Fri May 04 01:03:42 UTC 2018 /home/travis/build/icyphy/ptII/ptolemy/domains/modal/test/auto/DeepModal3.xml
----------------- Instantiating /home/travis/build/icyphy/ptII/ptolemy/domains/modal/test/auto/DeepModal3.xml
26 ms. Memory: 480768K Free: 326300K (68%)
----------------- Invoking toplevel() on ptolemy.moml.MoMLSimpleApplication@2b1a49fa
----------------- Done invoking toplevel() on ptolemy.moml.MoMLSimpleApplication@2b1a49fa
reloadAllAccessors: .DeepModal3
----------------- testing Fri May 04 01:03:42 UTC 2018 /home/travis/build/icyphy/ptII/ptolemy/domains/modal/test/auto/DeepModal4.xml
----------------- Instantiating /home/travis/build/icyphy/ptII/ptolemy/domains/modal/test/auto/DeepModal4.xml
19 ms. Memory: 480768K Free: 302782K (63%)
----------------- Invoking toplevel() on ptolemy.moml.MoMLSimpleApplication@2037100b
----------------- Done invoking toplevel() on ptolemy.moml.MoMLSimpleApplication@2037100b
reloadAllAccessors: .DeepModal4
----------------- testing Fri May 04 01:03:42 UTC 2018 /home/travis/build/icyphy/ptII/ptolemy/domains/modal/test/auto/Default1.xml
----------------- Instantiating /home/travis/build/icyphy/ptII/ptolemy/domains/modal/test/auto/Default1.xml
3 ms. Memory: 480768K Free: 290215K (60%)
----------------- Invoking toplevel() on ptolemy.moml.MoMLSimpleApplication@4492d464
----------------- Done invoking toplevel() on ptolemy.moml.MoMLSimpleApplication@4492d464
reloadAllAccessors: .Default1
----------------- testing Fri May 04 01:03:42 UTC 2018 /home/travis/build/icyphy/ptII/ptolemy/domains/modal/test/auto/Default2.xml
----------------- Instantiating /home/travis/build/icyphy/ptII/ptolemy/domains/modal/test/auto/Default2.xml
1 ms. Memory: 480768K Free: 282392K (59%)
----------------- Invoking toplevel() on ptolemy.moml.MoMLSimpleApplication@b0c81cc
----------------- Done invoking toplevel() on ptolemy.moml.MoMLSimpleApplication@b0c81cc
reloadAllAccessors: .Default2
----------------- testing Fri May 04 01:03:42 UTC 2018 /home/travis/build/icyphy/ptII/ptolemy/domains/modal/test/auto/Default3.xml
----------------- Instantiating /home/travis/build/icyphy/ptII/ptolemy/domains/modal/test/auto/Default3.xml
2 ms. Memory: 480768K Free: 271929K (57%)
----------------- Invoking toplevel() on ptolemy.moml.MoMLSimpleApplication@60ba6639
----------------- Done invoking toplevel() on ptolemy.moml.MoMLSimpleApplication@60ba6639
reloadAllAccessors: .Default3
----------------- testing Fri May 04 01:03:42 UTC 2018 /home/travis/build/icyphy/ptII/ptolemy/domains/modal/test/auto/Default4.xml
----------------- Instantiating /home/travis/build/icyphy/ptII/ptolemy/domains/modal/test/auto/Default4.xml
2 ms. Memory: 480768K Free: 261978K (54%)
----------------- Invoking toplevel() on ptolemy.moml.MoMLSimpleApplication@47763f29
----------------- Done invoking toplevel() on ptolemy.moml.MoMLSimpleApplication@47763f29
reloadAllAccessors: .Default4
----------------- testing Fri May 04 01:03:42 UTC 2018 /home/travis/build/icyphy/ptII/ptolemy/domains/modal/test/auto/Default5.xml
----------------- Instantiating /home/travis/build/icyphy/ptII/ptolemy/domains/modal/test/auto/Default5.xml
2 ms. Memory: 480768K Free: 251531K (52%)
----------------- Invoking toplevel() on ptolemy.moml.MoMLSimpleApplication@674be05d
----------------- Done invoking toplevel() on ptolemy.moml.MoMLSimpleApplication@674be05d
reloadAllAccessors: .Default5
----------------- testing Fri May 04 01:03:42 UTC 2018 /home/travis/build/icyphy/ptII/ptolemy/domains/modal/test/auto/EmptyGuard.xml
----------------- Instantiating /home/travis/build/icyphy/ptII/ptolemy/domains/modal/test/auto/EmptyGuard.xml
6 ms. Memory: 480768K Free: 241100K (50%)
----------------- Invoking toplevel() on ptolemy.moml.MoMLSimpleApplication@7a8683d3
----------------- Done invoking toplevel() on ptolemy.moml.MoMLSimpleApplication@7a8683d3
reloadAllAccessors: .EmptyGuard
----------------- testing Fri May 04 01:03:42 UTC 2018 /home/travis/build/icyphy/ptII/ptolemy/domains/modal/test/auto/ErrorTransition1.xml
----------------- Instantiating /home/travis/build/icyphy/ptII/ptolemy/domains/modal/test/auto/ErrorTransition1.xml
5 ms. Memory: 480768K Free: 228533K (48%)
----------------- Invoking toplevel() on ptolemy.moml.MoMLSimpleApplication@60da27f8
----------------- Done invoking toplevel() on ptolemy.moml.MoMLSimpleApplication@60da27f8
reloadAllAccessors: .ErrorTransition1
----------------- testing Fri May 04 01:03:42 UTC 2018 /home/travis/build/icyphy/ptII/ptolemy/domains/modal/test/auto/ErrorTransition10.xml
----------------- Instantiating /home/travis/build/icyphy/ptII/ptolemy/domains/modal/test/auto/ErrorTransition10.xml
8 ms. Memory: 480768K Free: 210254K (44%)
----------------- Invoking toplevel() on ptolemy.moml.MoMLSimpleApplication@4adbe039
----------------- Done invoking toplevel() on ptolemy.moml.MoMLSimpleApplication@4adbe039
reloadAllAccessors: .ErrorTransition10
----------------- testing Fri May 04 01:03:42 UTC 2018 /home/travis/build/icyphy/ptII/ptolemy/domains/modal/test/auto/ErrorTransition11.xml
----------------- Instantiating /home/travis/build/icyphy/ptII/ptolemy/domains/modal/test/auto/ErrorTransition11.xml
5 ms. Memory: 480768K Free: 192464K (40%)
----------------- Invoking toplevel() on ptolemy.moml.MoMLSimpleApplication@2410ef9f
----------------- Done invoking toplevel() on ptolemy.moml.MoMLSimpleApplication@2410ef9f
reloadAllAccessors: .ErrorTransition11
----------------- testing Fri May 04 01:03:42 UTC 2018 /home/travis/build/icyphy/ptII/ptolemy/domains/modal/test/auto/ErrorTransition2.xml
----------------- Instantiating /home/travis/build/icyphy/ptII/ptolemy/domains/modal/test/auto/ErrorTransition2.xml
5 ms. Memory: 480768K Free: 182017K (38%)
----------------- Invoking toplevel() on ptolemy.moml.MoMLSimpleApplication@6c77c189
----------------- Done invoking toplevel() on ptolemy.moml.MoMLSimpleApplication@6c77c189
reloadAllAccessors: .ErrorTransition2
----------------- testing Fri May 04 01:03:42 UTC 2018 /home/travis/build/icyphy/ptII/ptolemy/domains/modal/test/auto/ErrorTransition3.xml
----------------- Instantiating /home/travis/build/icyphy/ptII/ptolemy/domains/modal/test/auto/ErrorTransition3.xml
6 ms. Memory: 480768K Free: 171586K (36%)
----------------- Invoking toplevel() on ptolemy.moml.MoMLSimpleApplication@40481514
----------------- Done invoking toplevel() on ptolemy.moml.MoMLSimpleApplication@40481514
reloadAllAccessors: .ErrorTransition3
----------------- testing Fri May 04 01:03:42 UTC 2018 /home/travis/build/icyphy/ptII/ptolemy/domains/modal/test/auto/ErrorTransition4.xml
----------------- Instantiating /home/travis/build/icyphy/ptII/ptolemy/domains/modal/test/auto/ErrorTransition4.xml
9 ms. Memory: 480768K Free: 156411K (33%)
----------------- Invoking toplevel() on ptolemy.moml.MoMLSimpleApplication@3a668d3e
----------------- Done invoking toplevel() on ptolemy.moml.MoMLSimpleApplication@3a668d3e
reloadAllAccessors: .ErrorTransition4
----------------- testing Fri May 04 01:03:42 UTC 2018 /home/travis/build/icyphy/ptII/ptolemy/domains/modal/test/auto/ErrorTransition5.xml
----------------- Instantiating /home/travis/build/icyphy/ptII/ptolemy/domains/modal/test/auto/ErrorTransition5.xml
10 ms. Memory: 480768K Free: 143340K (30%)
----------------- Invoking toplevel() on ptolemy.moml.MoMLSimpleApplication@7b0423fd
----------------- Done invoking toplevel() on ptolemy.moml.MoMLSimpleApplication@7b0423fd
reloadAllAccessors: .ErrorTransition5
----------------- testing Fri May 04 01:03:42 UTC 2018 /home/travis/build/icyphy/ptII/ptolemy/domains/modal/test/auto/ErrorTransition6.xml
----------------- Instantiating /home/travis/build/icyphy/ptII/ptolemy/domains/modal/test/auto/ErrorTransition6.xml
9 ms. Memory: 480768K Free: 130269K (27%)
----------------- Invoking toplevel() on ptolemy.moml.MoMLSimpleApplication@1da5ba7f
----------------- Done invoking toplevel() on ptolemy.moml.MoMLSimpleApplication@1da5ba7f
reloadAllAccessors: .ErrorTransition6
----------------- testing Fri May 04 01:03:42 UTC 2018 /home/travis/build/icyphy/ptII/ptolemy/domains/modal/test/auto/ErrorTransition7.xml
----------------- Instantiating /home/travis/build/icyphy/ptII/ptolemy/domains/modal/test/auto/ErrorTransition7.xml
13 ms. Memory: 480768K Free: 112455K (23%)
----------------- Invoking toplevel() on ptolemy.moml.MoMLSimpleApplication@7b6306ed
----------------- Done invoking toplevel() on ptolemy.moml.MoMLSimpleApplication@7b6306ed
reloadAllAccessors: .ErrorTransition7
----------------- testing Fri May 04 01:03:42 UTC 2018 /home/travis/build/icyphy/ptII/ptolemy/domains/modal/test/auto/ErrorTransition8.xml
----------------- Instantiating /home/travis/build/icyphy/ptII/ptolemy/domains/modal/test/auto/ErrorTransition8.xml
34 ms. Memory: 480768K Free: 94137K (20%)
----------------- Invoking toplevel() on ptolemy.moml.MoMLSimpleApplication@1aabb0dc
----------------- Done invoking toplevel() on ptolemy.moml.MoMLSimpleApplication@1aabb0dc
reloadAllAccessors: .ErrorTransition8
----------------- testing Fri May 04 01:03:42 UTC 2018 /home/travis/build/icyphy/ptII/ptolemy/domains/modal/test/auto/ErrorTransition9.xml
----------------- Instantiating /home/travis/build/icyphy/ptII/ptolemy/domains/modal/test/auto/ErrorTransition9.xml
23 ms. Memory: 481280K Free: 468639K (97%)
----------------- Invoking toplevel() on ptolemy.moml.MoMLSimpleApplication@20b75aa9
----------------- Done invoking toplevel() on ptolemy.moml.MoMLSimpleApplication@20b75aa9
reloadAllAccessors: .ErrorTransition9
----------------- testing Fri May 04 01:03:42 UTC 2018 /home/travis/build/icyphy/ptII/ptolemy/domains/modal/test/auto/ExtendedFSM.xml
----------------- Instantiating /home/travis/build/icyphy/ptII/ptolemy/domains/modal/test/auto/ExtendedFSM.xml
6 ms. Memory: 481280K Free: 455913K (95%)
----------------- Invoking toplevel() on ptolemy.moml.MoMLSimpleApplication@4d52cce1
----------------- Done invoking toplevel() on ptolemy.moml.MoMLSimpleApplication@4d52cce1
reloadAllAccessors: .ExtendedFSM
----------------- testing Fri May 04 01:03:42 UTC 2018 /home/travis/build/icyphy/ptII/ptolemy/domains/modal/test/auto/FinalStates.xml
----------------- Instantiating /home/travis/build/icyphy/ptII/ptolemy/domains/modal/test/auto/FinalStates.xml
5 ms. Memory: 481280K Free: 444603K (92%)
----------------- Invoking toplevel() on ptolemy.moml.MoMLSimpleApplication@535cf355
----------------- Done invoking toplevel() on ptolemy.moml.MoMLSimpleApplication@535cf355
reloadAllAccessors: .FinalStates
----------------- testing Fri May 04 01:03:42 UTC 2018 /home/travis/build/icyphy/ptII/ptolemy/domains/modal/test/auto/FixedPointFSM.xml
----------------- Instantiating /home/travis/build/icyphy/ptII/ptolemy/domains/modal/test/auto/FixedPointFSM.xml
20 ms. Memory: 481280K Free: 426847K (89%)
----------------- Invoking toplevel() on ptolemy.moml.MoMLSimpleApplication@4dd51402
----------------- Done invoking toplevel() on ptolemy.moml.MoMLSimpleApplication@4dd51402
reloadAllAccessors: .FixedPointFSM
----------------- testing Fri May 04 01:03:42 UTC 2018 /home/travis/build/icyphy/ptII/ptolemy/domains/modal/test/auto/FixedPointIterationFSMActor.xml
----------------- Instantiating /home/travis/build/icyphy/ptII/ptolemy/domains/modal/test/auto/FixedPointIterationFSMActor.xml
7 ms. Memory: 481280K Free: 411649K (86%)
----------------- Invoking toplevel() on ptolemy.moml.MoMLSimpleApplication@39f575c3
----------------- Done invoking toplevel() on ptolemy.moml.MoMLSimpleApplication@39f575c3
reloadAllAccessors: .FixedPointIterationFSMActor
----------------- testing Fri May 04 01:03:42 UTC 2018 /home/travis/build/icyphy/ptII/ptolemy/domains/modal/test/auto/FixedPointIterationFSMActor2.xml
----------------- Instantiating /home/travis/build/icyphy/ptII/ptolemy/domains/modal/test/auto/FixedPointIterationFSMActor2.xml
9 ms. Memory: 481280K Free: 397926K (83%)
----------------- Invoking toplevel() on ptolemy.moml.MoMLSimpleApplication@569f21
----------------- Done invoking toplevel() on ptolemy.moml.MoMLSimpleApplication@569f21
reloadAllAccessors: .FixedPointIterationFSMActor2
----------------- testing Fri May 04 01:03:43 UTC 2018 /home/travis/build/icyphy/ptII/ptolemy/domains/modal/test/auto/ForbiddenInstantanousLoop.xml
----------------- Instantiating /home/travis/build/icyphy/ptII/ptolemy/domains/modal/test/auto/ForbiddenInstantanousLoop.xml
6 ms. Memory: 481280K Free: 382704K (80%)
----------------- Invoking toplevel() on ptolemy.moml.MoMLSimpleApplication@5c28f16c
----------------- Done invoking toplevel() on ptolemy.moml.MoMLSimpleApplication@5c28f16c
reloadAllAccessors: .ForbiddenInstantanousLoop
----------------- testing Fri May 04 01:03:43 UTC 2018 /home/travis/build/icyphy/ptII/ptolemy/domains/modal/test/auto/FunctionDependencyOfFSMActorTest.xml
----------------- Instantiating /home/travis/build/icyphy/ptII/ptolemy/domains/modal/test/auto/FunctionDependencyOfFSMActorTest.xml
10 ms. Memory: 481280K Free: 374864K (78%)
----------------- Invoking toplevel() on ptolemy.moml.MoMLSimpleApplication@76f969c1
----------------- Done invoking toplevel() on ptolemy.moml.MoMLSimpleApplication@76f969c1
reloadAllAccessors: .FunctionDependencyOfFSMActorTest
----------------- testing Fri May 04 01:03:43 UTC 2018 /home/travis/build/icyphy/ptII/ptolemy/domains/modal/test/auto/GuardExpression.xml
----------------- Instantiating /home/travis/build/icyphy/ptII/ptolemy/domains/modal/test/auto/GuardExpression.xml
4 ms. Memory: 481280K Free: 365526K (76%)
----------------- Invoking toplevel() on ptolemy.moml.MoMLSimpleApplication@1f529ecf
----------------- Done invoking toplevel() on ptolemy.moml.MoMLSimpleApplication@1f529ecf
reloadAllAccessors: .GuardExpression
----------------- testing Fri May 04 01:03:43 UTC 2018 /home/travis/build/icyphy/ptII/ptolemy/domains/modal/test/auto/GuardNotEvaluated.xml
----------------- Instantiating /home/travis/build/icyphy/ptII/ptolemy/domains/modal/test/auto/GuardNotEvaluated.xml
8 ms. Memory: 481280K Free: 355723K (74%)
----------------- Invoking toplevel() on ptolemy.moml.MoMLSimpleApplication@458016cd
----------------- Done invoking toplevel() on ptolemy.moml.MoMLSimpleApplication@458016cd
reloadAllAccessors: .GuardNotEvaluated
----------------- testing Fri May 04 01:03:43 UTC 2018 /home/travis/build/icyphy/ptII/ptolemy/domains/modal/test/auto/GuardNotEvaluated2.xml
----------------- Instantiating /home/travis/build/icyphy/ptII/ptolemy/domains/modal/test/auto/GuardNotEvaluated2.xml
13 ms. Memory: 481280K Free: 342441K (71%)
----------------- Invoking toplevel() on ptolemy.moml.MoMLSimpleApplication@6b2a905e
----------------- Done invoking toplevel() on ptolemy.moml.MoMLSimpleApplication@6b2a905e
reloadAllAccessors: .GuardNotEvaluated2
----------------- testing Fri May 04 01:03:43 UTC 2018 /home/travis/build/icyphy/ptII/ptolemy/domains/modal/test/auto/GuardOnAbsent.xml
----------------- Instantiating /home/travis/build/icyphy/ptII/ptolemy/domains/modal/test/auto/GuardOnAbsent.xml
9 ms. Memory: 481280K Free: 334617K (70%)
----------------- Invoking toplevel() on ptolemy.moml.MoMLSimpleApplication@311e8635
----------------- Done invoking toplevel() on ptolemy.moml.MoMLSimpleApplication@311e8635
reloadAllAccessors: .GuardOnAbsent
----------------- testing Fri May 04 01:03:43 UTC 2018 /home/travis/build/icyphy/ptII/ptolemy/domains/modal/test/auto/HierarchicalFSMTypeInference.xml
----------------- Instantiating /home/travis/build/icyphy/ptII/ptolemy/domains/modal/test/auto/HierarchicalFSMTypeInference.xml
5 ms. Memory: 481280K Free: 319363K (66%)
----------------- Invoking toplevel() on ptolemy.moml.MoMLSimpleApplication@8632b7d
----------------- Done invoking toplevel() on ptolemy.moml.MoMLSimpleApplication@8632b7d
reloadAllAccessors: .HierarchicalFSMTypeInference
----------------- testing Fri May 04 01:03:43 UTC 2018 /home/travis/build/icyphy/ptII/ptolemy/domains/modal/test/auto/Hysteresis.xml
----------------- Instantiating /home/travis/build/icyphy/ptII/ptolemy/domains/modal/test/auto/Hysteresis.xml
18 ms. Memory: 481280K Free: 303676K (63%)
----------------- Invoking toplevel() on ptolemy.moml.MoMLSimpleApplication@46ad7aa8
----------------- Done invoking toplevel() on ptolemy.moml.MoMLSimpleApplication@46ad7aa8
reloadAllAccessors: .Hysteresis
----------------- testing Fri May 04 01:03:43 UTC 2018 /home/travis/build/icyphy/ptII/ptolemy/domains/modal/test/auto/HysteresisWithDefault.xml
----------------- Instantiating /home/travis/build/icyphy/ptII/ptolemy/domains/modal/test/auto/HysteresisWithDefault.xml
52 ms. Memory: 481280K Free: 274746K (57%)
----------------- Invoking toplevel() on ptolemy.moml.MoMLSimpleApplication@27241960
----------------- Done invoking toplevel() on ptolemy.moml.MoMLSimpleApplication@27241960
reloadAllAccessors: .HysteresisWithDefault
----------------- testing Fri May 04 01:03:43 UTC 2018 /home/travis/build/icyphy/ptII/ptolemy/domains/modal/test/auto/HysteresisWithDefault2.xml
----------------- Instantiating /home/travis/build/icyphy/ptII/ptolemy/domains/modal/test/auto/HysteresisWithDefault2.xml
53 ms. Memory: 481280K Free: 241360K (50%)
----------------- Invoking toplevel() on ptolemy.moml.MoMLSimpleApplication@38f93cb
----------------- Done invoking toplevel() on ptolemy.moml.MoMLSimpleApplication@38f93cb
reloadAllAccessors: .HysteresisWithDefault2
----------------- testing Fri May 04 01:03:43 UTC 2018 /home/travis/build/icyphy/ptII/ptolemy/domains/modal/test/auto/ImmediateNonConstructiveness.xml
----------------- Instantiating /home/travis/build/icyphy/ptII/ptolemy/domains/modal/test/auto/ImmediateNonConstructiveness.xml
4 ms. Memory: 481280K Free: 230058K (48%)
----------------- Invoking toplevel() on ptolemy.moml.MoMLSimpleApplication@7ccc89c5
----------------- Done invoking toplevel() on ptolemy.moml.MoMLSimpleApplication@7ccc89c5
reloadAllAccessors: .ImmediateNonConstructiveness
----------------- testing Fri May 04 01:03:43 UTC 2018 /home/travis/build/icyphy/ptII/ptolemy/domains/modal/test/auto/ImmediateNonConstructiveness2.xml
----------------- Instantiating /home/travis/build/icyphy/ptII/ptolemy/domains/modal/test/auto/ImmediateNonConstructiveness2.xml
2 ms. Memory: 481280K Free: 222234K (46%)
----------------- Invoking toplevel() on ptolemy.moml.MoMLSimpleApplication@78468998
----------------- Done invoking toplevel() on ptolemy.moml.MoMLSimpleApplication@78468998
reloadAllAccessors: .ImmediateNonConstructiveness2
----------------- testing Fri May 04 01:03:43 UTC 2018 /home/travis/build/icyphy/ptII/ptolemy/domains/modal/test/auto/ImmediateTransitionReset.xml
----------------- Instantiating /home/travis/build/icyphy/ptII/ptolemy/domains/modal/test/auto/ImmediateTransitionReset.xml
8 ms. Memory: 481280K Free: 205041K (43%)
----------------- Invoking toplevel() on ptolemy.moml.MoMLSimpleApplication@36b643a1
----------------- Done invoking toplevel() on ptolemy.moml.MoMLSimpleApplication@36b643a1
reloadAllAccessors: .ImmediateTransitionReset
----------------- testing Fri May 04 01:03:43 UTC 2018 /home/travis/build/icyphy/ptII/ptolemy/domains/modal/test/auto/ImmediateTransitions1.xml
----------------- Instantiating /home/travis/build/icyphy/ptII/ptolemy/domains/modal/test/auto/ImmediateTransitions1.xml
2 ms. Memory: 481280K Free: 197201K (41%)
----------------- Invoking toplevel() on ptolemy.moml.MoMLSimpleApplication@52869728
----------------- Done invoking toplevel() on ptolemy.moml.MoMLSimpleApplication@52869728
reloadAllAccessors: .ImmediateTransitions1
----------------- testing Fri May 04 01:03:43 UTC 2018 /home/travis/build/icyphy/ptII/ptolemy/domains/modal/test/auto/ImmediateTransitionsInstantaneousCommunication.xml
----------------- Instantiating /home/travis/build/icyphy/ptII/ptolemy/domains/modal/test/auto/ImmediateTransitionsInstantaneousCommunication.xml
6 ms. Memory: 481280K Free: 179991K (37%)
----------------- Invoking toplevel() on ptolemy.moml.MoMLSimpleApplication@601350d
----------------- Done invoking toplevel() on ptolemy.moml.MoMLSimpleApplication@601350d
reloadAllAccessors: .ImmediateTransitionsInstantaneousCommunication
----------------- testing Fri May 04 01:03:43 UTC 2018 /home/travis/build/icyphy/ptII/ptolemy/domains/modal/test/auto/InitialImmediateTransition.xml
----------------- Instantiating /home/travis/build/icyphy/ptII/ptolemy/domains/modal/test/auto/InitialImmediateTransition.xml
3 ms. Memory: 481280K Free: 170653K (35%)
----------------- Invoking toplevel() on ptolemy.moml.MoMLSimpleApplication@15819402
----------------- Done invoking toplevel() on ptolemy.moml.MoMLSimpleApplication@15819402
reloadAllAccessors: .InitialImmediateTransition
----------------- testing Fri May 04 01:03:43 UTC 2018 /home/travis/build/icyphy/ptII/ptolemy/domains/modal/test/auto/InitialOutputs.xml
----------------- Instantiating /home/travis/build/icyphy/ptII/ptolemy/domains/modal/test/auto/InitialOutputs.xml
3 ms. Memory: 481280K Free: 162822K (34%)
----------------- Invoking toplevel() on ptolemy.moml.MoMLSimpleApplication@1a30b402
----------------- Done invoking toplevel() on ptolemy.moml.MoMLSimpleApplication@1a30b402
reloadAllAccessors: .InitialOutputs
----------------- testing Fri May 04 01:03:43 UTC 2018 /home/travis/build/icyphy/ptII/ptolemy/domains/modal/test/auto/InitialStateTransition1.xml
----------------- Instantiating /home/travis/build/icyphy/ptII/ptolemy/domains/modal/test/auto/InitialStateTransition1.xml
4 ms. Memory: 481280K Free: 151519K (31%)
----------------- Invoking toplevel() on ptolemy.moml.MoMLSimpleApplication@2f1c2ce8
----------------- Done invoking toplevel() on ptolemy.moml.MoMLSimpleApplication@2f1c2ce8
reloadAllAccessors: .InitialStateTransition1
----------------- testing Fri May 04 01:03:43 UTC 2018 /home/travis/build/icyphy/ptII/ptolemy/domains/modal/test/auto/InitialStateTransition2.xml
----------------- Instantiating /home/travis/build/icyphy/ptII/ptolemy/domains/modal/test/auto/InitialStateTransition2.xml
.InitialStateTransition2.TestExceptionAttributeNonConstructive: initialize() was not invoked, but wrapup() was.  This is unusual, but not always a problem.  For example, exporting JNLP will do this.
2 ms. Memory: 481280K Free: 141716K (29%)
----------------- Invoking toplevel() on ptolemy.moml.MoMLSimpleApplication@733744b9
----------------- Done invoking toplevel() on ptolemy.moml.MoMLSimpleApplication@733744b9
reloadAllAccessors: .InitialStateTransition2
----------------- testing Fri May 04 01:03:43 UTC 2018 /home/travis/build/icyphy/ptII/ptolemy/domains/modal/test/auto/InitialStateTransition3.xml
----------------- Instantiating /home/travis/build/icyphy/ptII/ptolemy/domains/modal/test/auto/InitialStateTransition3.xml
5 ms. Memory: 481280K Free: 128442K (27%)
----------------- Invoking toplevel() on ptolemy.moml.MoMLSimpleApplication@7a25ea55
----------------- Done invoking toplevel() on ptolemy.moml.MoMLSimpleApplication@7a25ea55
reloadAllAccessors: .InitialStateTransition3
----------------- testing Fri May 04 01:03:43 UTC 2018 /home/travis/build/icyphy/ptII/ptolemy/domains/modal/test/auto/InitialStateTransition4.xml
----------------- Instantiating /home/travis/build/icyphy/ptII/ptolemy/domains/modal/test/auto/InitialStateTransition4.xml
5 ms. Memory: 481280K Free: 116690K (24%)
----------------- Invoking toplevel() on ptolemy.moml.MoMLSimpleApplication@1470a554
----------------- Done invoking toplevel() on ptolemy.moml.MoMLSimpleApplication@1470a554
reloadAllAccessors: .InitialStateTransition4
----------------- testing Fri May 04 01:03:43 UTC 2018 /home/travis/build/icyphy/ptII/ptolemy/domains/modal/test/auto/MalformedGuardExpressionNotCaught.xml
----------------- Instantiating /home/travis/build/icyphy/ptII/ptolemy/domains/modal/test/auto/MalformedGuardExpressionNotCaught.xml
3 ms. Memory: 481280K Free: 105380K (22%)
----------------- Invoking toplevel() on ptolemy.moml.MoMLSimpleApplication@50b11501
----------------- Done invoking toplevel() on ptolemy.moml.MoMLSimpleApplication@50b11501
reloadAllAccessors: .MalformedGuardExpressionNotCaught
----------------- testing Fri May 04 01:03:43 UTC 2018 /home/travis/build/icyphy/ptII/ptolemy/domains/modal/test/auto/ModalBSC.xml
----------------- Instantiating /home/travis/build/icyphy/ptII/ptolemy/domains/modal/test/auto/ModalBSC.xml
62 ms. Memory: 716288K Free: 700422K (98%)
----------------- Invoking toplevel() on ptolemy.moml.MoMLSimpleApplication@2aef3468
----------------- Done invoking toplevel() on ptolemy.moml.MoMLSimpleApplication@2aef3468
reloadAllAccessors: .ModalBSC
----------------- testing Fri May 04 01:03:44 UTC 2018 /home/travis/build/icyphy/ptII/ptolemy/domains/modal/test/auto/ModalClocks.xml
----------------- Instantiating /home/travis/build/icyphy/ptII/ptolemy/domains/modal/test/auto/ModalClocks.xml
47 ms. Memory: 716288K Free: 668521K (93%)
----------------- Invoking toplevel() on ptolemy.moml.MoMLSimpleApplication@4f315ec9
----------------- Done invoking toplevel() on ptolemy.moml.MoMLSimpleApplication@4f315ec9
reloadAllAccessors: .ModalClocks
----------------- testing Fri May 04 01:03:44 UTC 2018 /home/travis/build/icyphy/ptII/ptolemy/domains/modal/test/auto/ModalDelay.xml
----------------- Instantiating /home/travis/build/icyphy/ptII/ptolemy/domains/modal/test/auto/ModalDelay.xml
17 ms. Memory: 716288K Free: 649703K (91%)
----------------- Invoking toplevel() on ptolemy.moml.MoMLSimpleApplication@361a1a60
----------------- Done invoking toplevel() on ptolemy.moml.MoMLSimpleApplication@361a1a60
reloadAllAccessors: .ModalDelay
----------------- testing Fri May 04 01:03:44 UTC 2018 /home/travis/build/icyphy/ptII/ptolemy/domains/modal/test/auto/ModalDelay2.xml
----------------- Instantiating /home/travis/build/icyphy/ptII/ptolemy/domains/modal/test/auto/ModalDelay2.xml
16 ms. Memory: 716288K Free: 629074K (88%)
----------------- Invoking toplevel() on ptolemy.moml.MoMLSimpleApplication@3395632b
----------------- Done invoking toplevel() on ptolemy.moml.MoMLSimpleApplication@3395632b
reloadAllAccessors: .ModalDelay2
----------------- testing Fri May 04 01:03:44 UTC 2018 /home/travis/build/icyphy/ptII/ptolemy/domains/modal/test/auto/ModalModelFromMemo.xml
----------------- Instantiating /home/travis/build/icyphy/ptII/ptolemy/domains/modal/test/auto/ModalModelFromMemo.xml
19 ms. Memory: 716288K Free: 604003K (84%)
----------------- Invoking toplevel() on ptolemy.moml.MoMLSimpleApplication@5747c2bb
----------------- Done invoking toplevel() on ptolemy.moml.MoMLSimpleApplication@5747c2bb
reloadAllAccessors: .ModalModelFromMemo
----------------- testing Fri May 04 01:03:44 UTC 2018 /home/travis/build/icyphy/ptII/ptolemy/domains/modal/test/auto/ModalModelWithMultirateTransient.xml
----------------- Instantiating /home/travis/build/icyphy/ptII/ptolemy/domains/modal/test/auto/ModalModelWithMultirateTransient.xml
19 ms. Memory: 716288K Free: 583342K (81%)
----------------- Invoking toplevel() on ptolemy.moml.MoMLSimpleApplication@5a5553e8
----------------- Done invoking toplevel() on ptolemy.moml.MoMLSimpleApplication@5a5553e8
reloadAllAccessors: .ModalModelWithMultirateTransient
----------------- testing Fri May 04 01:03:44 UTC 2018 /home/travis/build/icyphy/ptII/ptolemy/domains/modal/test/auto/ModalModelWithReset.xml
----------------- Instantiating /home/travis/build/icyphy/ptII/ptolemy/domains/modal/test/auto/ModalModelWithReset.xml
23 ms. Memory: 716288K Free: 564525K (79%)
----------------- Invoking toplevel() on ptolemy.moml.MoMLSimpleApplication@5097ec7b
----------------- Done invoking toplevel() on ptolemy.moml.MoMLSimpleApplication@5097ec7b
reloadAllAccessors: .ModalModelWithReset
----------------- testing Fri May 04 01:03:44 UTC 2018 /home/travis/build/icyphy/ptII/ptolemy/domains/modal/test/auto/MouseClickFSM.xml
----------------- Instantiating /home/travis/build/icyphy/ptII/ptolemy/domains/modal/test/auto/MouseClickFSM.xml
24 ms. Memory: 716288K Free: 543896K (76%)
----------------- Invoking toplevel() on ptolemy.moml.MoMLSimpleApplication@7e880497
----------------- Done invoking toplevel() on ptolemy.moml.MoMLSimpleApplication@7e880497
reloadAllAccessors: .MouseClickFSM
----------------- testing Fri May 04 01:03:44 UTC 2018 /home/travis/build/icyphy/ptII/ptolemy/domains/modal/test/auto/MouseClickFSMModal.xml
----------------- Instantiating /home/travis/build/icyphy/ptII/ptolemy/domains/modal/test/auto/MouseClickFSMModal.xml
12 ms. Memory: 716288K Free: 525078K (73%)
----------------- Invoking toplevel() on ptolemy.moml.MoMLSimpleApplication@4be36ec
----------------- Done invoking toplevel() on ptolemy.moml.MoMLSimpleApplication@4be36ec
reloadAllAccessors: .MouseClickFSMModal
----------------- testing Fri May 04 01:03:44 UTC 2018 /home/travis/build/icyphy/ptII/ptolemy/domains/modal/test/auto/NonStrictFSM_FeedbackLoop.xml
----------------- Instantiating /home/travis/build/icyphy/ptII/ptolemy/domains/modal/test/auto/NonStrictFSM_FeedbackLoop.xml
24 ms. Memory: 716288K Free: 498188K (70%)
----------------- Invoking toplevel() on ptolemy.moml.MoMLSimpleApplication@45eb1b4c
----------------- Done invoking toplevel() on ptolemy.moml.MoMLSimpleApplication@45eb1b4c
reloadAllAccessors: .NonStrictFSM_FeedbackLoop
----------------- testing Fri May 04 01:03:44 UTC 2018 /home/travis/build/icyphy/ptII/ptolemy/domains/modal/test/auto/NonStrictFSM_FeedbackLoop_Refinement.xml
----------------- Instantiating /home/travis/build/icyphy/ptII/ptolemy/domains/modal/test/auto/NonStrictFSM_FeedbackLoop_Refinement.xml
25 ms. Memory: 716288K Free: 469977K (66%)
----------------- Invoking toplevel() on ptolemy.moml.MoMLSimpleApplication@7ef61895
----------------- Done invoking toplevel() on ptolemy.moml.MoMLSimpleApplication@7ef61895
reloadAllAccessors: .NonStrictFSM_FeedbackLoop_Refinement
----------------- testing Fri May 04 01:03:44 UTC 2018 /home/travis/build/icyphy/ptII/ptolemy/domains/modal/test/auto/NonStrictFSM_FeedbackLoop_preemptive.xml
----------------- Instantiating /home/travis/build/icyphy/ptII/ptolemy/domains/modal/test/auto/NonStrictFSM_FeedbackLoop_preemptive.xml
20 ms. Memory: 716288K Free: 441751K (62%)
----------------- Invoking toplevel() on ptolemy.moml.MoMLSimpleApplication@1cefccad
----------------- Done invoking toplevel() on ptolemy.moml.MoMLSimpleApplication@1cefccad
reloadAllAccessors: .NonStrictFSM_FeedbackLoop_preemptive
----------------- testing Fri May 04 01:03:44 UTC 2018 /home/travis/build/icyphy/ptII/ptolemy/domains/modal/test/auto/NormalTermination.xml
----------------- Instantiating /home/travis/build/icyphy/ptII/ptolemy/domains/modal/test/auto/NormalTermination.xml
10 ms. Memory: 716288K Free: 417983K (58%)
----------------- Invoking toplevel() on ptolemy.moml.MoMLSimpleApplication@1ead17a1
----------------- Done invoking toplevel() on ptolemy.moml.MoMLSimpleApplication@1ead17a1
reloadAllAccessors: .NormalTermination
----------------- testing Fri May 04 01:03:44 UTC 2018 /home/travis/build/icyphy/ptII/ptolemy/domains/modal/test/auto/Pong.xml
----------------- Instantiating /home/travis/build/icyphy/ptII/ptolemy/domains/modal/test/auto/Pong.xml
67 ms. Memory: 716288K Free: 392896K (55%)
----------------- Invoking toplevel() on ptolemy.moml.MoMLSimpleApplication@9968c8a
----------------- Done invoking toplevel() on ptolemy.moml.MoMLSimpleApplication@9968c8a
reloadAllAccessors: .Pong
[...]
4 ms. Memory: 716288K Free: 651343K (91%)
----------------- Invoking toplevel() on ptolemy.moml.MoMLSimpleApplication@2cc183ac
----------------- Done invoking toplevel() on ptolemy.moml.MoMLSimpleApplication@2cc183ac
reloadAllAccessors: .StrongImmediateTransition
----------------- testing Fri May 04 01:03:45 UTC 2018 /home/travis/build/icyphy/ptII/ptolemy/domains/modal/test/auto/SustainHierarchy.xml
----------------- Instantiating /home/travis/build/icyphy/ptII/ptolemy/domains/modal/test/auto/SustainHierarchy.xml
6 ms. Memory: 716288K Free: 634629K (89%)
----------------- Invoking toplevel() on ptolemy.moml.MoMLSimpleApplication@2dd2cd4c
----------------- Done invoking toplevel() on ptolemy.moml.MoMLSimpleApplication@2dd2cd4c
reloadAllAccessors: .SustainHierarchy
----------------- testing Fri May 04 01:03:45 UTC 2018 /home/travis/build/icyphy/ptII/ptolemy/domains/modal/test/auto/TerminationTransition1.xml
----------------- Instantiating /home/travis/build/icyphy/ptII/ptolemy/domains/modal/test/auto/TerminationTransition1.xml
2 ms. Memory: 716288K Free: 620756K (87%)
----------------- Invoking toplevel() on ptolemy.moml.MoMLSimpleApplication@1225857c
----------------- Done invoking toplevel() on ptolemy.moml.MoMLSimpleApplication@1225857c
reloadAllAccessors: .TerminationTransition1
----------------- testing Fri May 04 01:03:45 UTC 2018 /home/travis/build/icyphy/ptII/ptolemy/domains/modal/test/auto/TerminationTransition2.xml
----------------- Instantiating /home/travis/build/icyphy/ptII/ptolemy/domains/modal/test/auto/TerminationTransition2.xml
3 ms. Memory: 716288K Free: 602708K (84%)
----------------- Invoking toplevel() on ptolemy.moml.MoMLSimpleApplication@332fc552
----------------- Done invoking toplevel() on ptolemy.moml.MoMLSimpleApplication@332fc552
reloadAllAccessors: .TerminationTransition2
----------------- testing Fri May 04 01:03:46 UTC 2018 /home/travis/build/icyphy/ptII/ptolemy/domains/modal/test/auto/TerminationTransition3.xml
----------------- Instantiating /home/travis/build/icyphy/ptII/ptolemy/domains/modal/test/auto/TerminationTransition3.xml
2 ms. Memory: 716288K Free: 585994K (82%)
----------------- Invoking toplevel() on ptolemy.moml.MoMLSimpleApplication@692129f2
----------------- Done invoking toplevel() on ptolemy.moml.MoMLSimpleApplication@692129f2
reloadAllAccessors: .TerminationTransition3
----------------- testing Fri May 04 01:03:46 UTC 2018 /home/travis/build/icyphy/ptII/ptolemy/domains/modal/test/auto/TerminationTransition4.xml
----------------- Instantiating /home/travis/build/icyphy/ptII/ptolemy/domains/modal/test/auto/TerminationTransition4.xml
6 ms. Memory: 716288K Free: 563756K (79%)
----------------- Invoking toplevel() on ptolemy.moml.MoMLSimpleApplication@464f8a73
----------------- Done invoking toplevel() on ptolemy.moml.MoMLSimpleApplication@464f8a73
reloadAllAccessors: .TerminationTransition4
----------------- testing Fri May 04 01:03:46 UTC 2018 /home/travis/build/icyphy/ptII/ptolemy/domains/modal/test/auto/TerminationTransition5.xml
----------------- Instantiating /home/travis/build/icyphy/ptII/ptolemy/domains/modal/test/auto/TerminationTransition5.xml
2 ms. Memory: 716288K Free: 541509K (76%)
----------------- Invoking toplevel() on ptolemy.moml.MoMLSimpleApplication@48d85d1a
----------------- Done invoking toplevel() on ptolemy.moml.MoMLSimpleApplication@48d85d1a
reloadAllAccessors: .TerminationTransition5
----------------- testing Fri May 04 01:03:46 UTC 2018 /home/travis/build/icyphy/ptII/ptolemy/domains/modal/test/auto/TerminationTransition6.xml
----------------- Instantiating /home/travis/build/icyphy/ptII/ptolemy/domains/modal/test/auto/TerminationTransition6.xml
2 ms. Memory: 716288K Free: 528986K (74%)
----------------- Invoking toplevel() on ptolemy.moml.MoMLSimpleApplication@211c0e77
----------------- Done invoking toplevel() on ptolemy.moml.MoMLSimpleApplication@211c0e77
reloadAllAccessors: .TerminationTransition6
----------------- testing Fri May 04 01:03:46 UTC 2018 /home/travis/build/icyphy/ptII/ptolemy/domains/modal/test/auto/TerminationTransition7.xml
----------------- Instantiating /home/travis/build/icyphy/ptII/ptolemy/domains/modal/test/auto/TerminationTransition7.xml
1 ms. Memory: 716288K Free: 510922K (71%)
----------------- Invoking toplevel() on ptolemy.moml.MoMLSimpleApplication@1f2c8ec8
----------------- Done invoking toplevel() on ptolemy.moml.MoMLSimpleApplication@1f2c8ec8
reloadAllAccessors: .TerminationTransition7
----------------- testing Fri May 04 01:03:46 UTC 2018 /home/travis/build/icyphy/ptII/ptolemy/domains/modal/test/auto/TerminationTransition8.xml
----------------- Instantiating /home/travis/build/icyphy/ptII/ptolemy/domains/modal/test/auto/TerminationTransition8.xml
2 ms. Memory: 716288K Free: 492850K (69%)
----------------- Invoking toplevel() on ptolemy.moml.MoMLSimpleApplication@78062b7a
----------------- Done invoking toplevel() on ptolemy.moml.MoMLSimpleApplication@78062b7a
reloadAllAccessors: .TerminationTransition8
----------------- testing Fri May 04 01:03:46 UTC 2018 /home/travis/build/icyphy/ptII/ptolemy/domains/modal/test/auto/Thermostat_NoHysteresis.xml
----------------- Instantiating /home/travis/build/icyphy/ptII/ptolemy/domains/modal/test/auto/Thermostat_NoHysteresis.xml
27 ms. Memory: 716288K Free: 463572K (65%)
----------------- Invoking toplevel() on ptolemy.moml.MoMLSimpleApplication@710a9480
----------------- Done invoking toplevel() on ptolemy.moml.MoMLSimpleApplication@710a9480
reloadAllAccessors: .Thermostat_NoHysteresis
----------------- testing Fri May 04 01:03:46 UTC 2018 /home/travis/build/icyphy/ptII/ptolemy/domains/modal/test/auto/TimedFSM.xml
----------------- Instantiating /home/travis/build/icyphy/ptII/ptolemy/domains/modal/test/auto/TimedFSM.xml
8 ms. Memory: 716288K Free: 445508K (62%)
----------------- Invoking toplevel() on ptolemy.moml.MoMLSimpleApplication@4b4f2a0f
----------------- Done invoking toplevel() on ptolemy.moml.MoMLSimpleApplication@4b4f2a0f
reloadAllAccessors: .TimedFSM
----------------- testing Fri May 04 01:03:46 UTC 2018 /home/travis/build/icyphy/ptII/ptolemy/domains/modal/test/auto/Timeout1.xml
----------------- Instantiating /home/travis/build/icyphy/ptII/ptolemy/domains/modal/test/auto/Timeout1.xml
3 ms. Memory: 716288K Free: 437159K (61%)
----------------- Invoking toplevel() on ptolemy.moml.MoMLSimpleApplication@22d22cef
----------------- Done invoking toplevel() on ptolemy.moml.MoMLSimpleApplication@22d22cef
reloadAllAccessors: .Timeout1
----------------- testing Fri May 04 01:03:46 UTC 2018 /home/travis/build/icyphy/ptII/ptolemy/domains/modal/test/auto/Timeout2.xml
----------------- Instantiating /home/travis/build/icyphy/ptII/ptolemy/domains/modal/test/auto/Timeout2.xml
6 ms. Memory: 716288K Free: 423270K (59%)
----------------- Invoking toplevel() on ptolemy.moml.MoMLSimpleApplication@5f270690
----------------- Done invoking toplevel() on ptolemy.moml.MoMLSimpleApplication@5f270690
reloadAllAccessors: .Timeout2
----------------- testing Fri May 04 01:03:46 UTC 2018 /home/travis/build/icyphy/ptII/ptolemy/domains/modal/test/auto/Timeout3.xml
----------------- Instantiating /home/travis/build/icyphy/ptII/ptolemy/domains/modal/test/auto/Timeout3.xml
7 ms. Memory: 716288K Free: 413571K (58%)
----------------- Invoking toplevel() on ptolemy.moml.MoMLSimpleApplication@7277eee3
----------------- Done invoking toplevel() on ptolemy.moml.MoMLSimpleApplication@7277eee3
reloadAllAccessors: .Timeout3
----------------- testing Fri May 04 01:03:46 UTC 2018 /home/travis/build/icyphy/ptII/ptolemy/domains/modal/test/auto/Timeout4.xml
----------------- Instantiating /home/travis/build/icyphy/ptII/ptolemy/domains/modal/test/auto/Timeout4.xml
4 ms. Memory: 716288K Free: 405222K (57%)
----------------- Invoking toplevel() on ptolemy.moml.MoMLSimpleApplication@1814ec82
----------------- Done invoking toplevel() on ptolemy.moml.MoMLSimpleApplication@1814ec82
reloadAllAccessors: .Timeout4
----------------- testing Fri May 04 01:03:46 UTC 2018 /home/travis/build/icyphy/ptII/ptolemy/domains/modal/test/auto/TransientstateModelAdvanced.xml
----------------- Instantiating /home/travis/build/icyphy/ptII/ptolemy/domains/modal/test/auto/TransientstateModelAdvanced.xml
3 ms. Memory: 716288K Free: 387159K (54%)
----------------- Invoking toplevel() on ptolemy.moml.MoMLSimpleApplication@5898c6f4
----------------- Done invoking toplevel() on ptolemy.moml.MoMLSimpleApplication@5898c6f4
reloadAllAccessors: .TransientstateModelAdvanced
----------------- testing Fri May 04 01:03:46 UTC 2018 /home/travis/build/icyphy/ptII/ptolemy/domains/modal/test/auto/TransientstateModelAdvanced2.xml
----------------- Instantiating /home/travis/build/icyphy/ptII/ptolemy/domains/modal/test/auto/TransientstateModelAdvanced2.xml
3 ms. Memory: 716288K Free: 364920K (51%)
----------------- Invoking toplevel() on ptolemy.moml.MoMLSimpleApplication@4cc507b9
----------------- Done invoking toplevel() on ptolemy.moml.MoMLSimpleApplication@4cc507b9
reloadAllAccessors: .transientstatemodelAdvanced
----------------- testing Fri May 04 01:03:46 UTC 2018 /home/travis/build/icyphy/ptII/ptolemy/domains/modal/test/auto/TransitionRefinements.xml
----------------- Instantiating /home/travis/build/icyphy/ptII/ptolemy/domains/modal/test/auto/TransitionRefinements.xml
10 ms. Memory: 716288K Free: 352380K (49%)
----------------- Invoking toplevel() on ptolemy.moml.MoMLSimpleApplication@79505ba
----------------- Done invoking toplevel() on ptolemy.moml.MoMLSimpleApplication@79505ba
reloadAllAccessors: .TransitionRefinements
----------------- testing Fri May 04 01:03:46 UTC 2018 /home/travis/build/icyphy/ptII/ptolemy/domains/modal/test/auto/TwoRefinements1.xml
----------------- Instantiating /home/travis/build/icyphy/ptII/ptolemy/domains/modal/test/auto/TwoRefinements1.xml
2 ms. Memory: 716288K Free: 334317K (47%)
----------------- Invoking toplevel() on ptolemy.moml.MoMLSimpleApplication@f4e3896
----------------- Done invoking toplevel() on ptolemy.moml.MoMLSimpleApplication@f4e3896
reloadAllAccessors: .TwoRefinements1
----------------- testing Fri May 04 01:03:46 UTC 2018 /home/travis/build/icyphy/ptII/ptolemy/domains/modal/test/auto/TwoRefinements2.xml
----------------- Instantiating /home/travis/build/icyphy/ptII/ptolemy/domains/modal/test/auto/TwoRefinements2.xml
2 ms. Memory: 716288K Free: 316252K (44%)
----------------- Invoking toplevel() on ptolemy.moml.MoMLSimpleApplication@62110da8
----------------- Done invoking toplevel() on ptolemy.moml.MoMLSimpleApplication@62110da8
reloadAllAccessors: .TwoRefinements2
----------------- testing Fri May 04 01:03:46 UTC 2018 /home/travis/build/icyphy/ptII/ptolemy/domains/modal/test/auto/WeakImmediateTransition.xml
----------------- Instantiating /home/travis/build/icyphy/ptII/ptolemy/domains/modal/test/auto/WeakImmediateTransition.xml
3 ms. Memory: 716288K Free: 303721K (42%)
----------------- Invoking toplevel() on ptolemy.moml.MoMLSimpleApplication@20c677fd
----------------- Done invoking toplevel() on ptolemy.moml.MoMLSimpleApplication@20c677fd
reloadAllAccessors: .WeakImmediateTransition
----------------- testing Fri May 04 01:03:46 UTC 2018 /home/travis/build/icyphy/ptII/ptolemy/domains/modal/test/auto/booleanSelect.xml
----------------- Instantiating /home/travis/build/icyphy/ptII/ptolemy/domains/modal/test/auto/booleanSelect.xml
29 ms. Memory: 716288K Free: 281459K (39%)
----------------- Invoking toplevel() on ptolemy.moml.MoMLSimpleApplication@3c5db6fb
----------------- Done invoking toplevel() on ptolemy.moml.MoMLSimpleApplication@3c5db6fb
reloadAllAccessors: .booleanSelect
----------------- testing Fri May 04 01:03:46 UTC 2018 /home/travis/build/icyphy/ptII/ptolemy/domains/modal/test/auto/modalChangingParams.xml
----------------- Instantiating /home/travis/build/icyphy/ptII/ptolemy/domains/modal/test/auto/modalChangingParams.xml
0
1
0
2
4
6
8
7
0
2
4
6
8
13
0
2
4
6
8
19
0
2
4
6
8
25
0
2
4
6
8
31
0
2
4
6
8
37
0
2
4
6
8
43
0
2
4
6
8
49
0
2
4
6
8
55
0
2
4
6
8
61
0
2
4
6
8
67
0
2
4
6
8
73
0
2
4
6
8
79
0
2
4
6
8
85
0
2
4
6
8
91
0
2
4
6
8
97
0
2
4
6
8
103
0
2
4
6
8
109
0
2
4
6
8
115
0
2
4
6
8
121
0
2
4
6
8
127
0
2
4
6
8
133
0
2
4
6
8
139
0
2
4
6
8
145
0
2
4
6
8
151
0
2
4
6
8
157
0
2
4
6
8
163
0
2
4
6
8
169
0
2
4
6
8
175
0
2
4
6
8
181
0
2
4
6
8
187
0
2
4
6
8
193
0
2
4
6
8
199
0
2
4
6
8
205
0
2
4
6
8
211
0
2
4
6
8
217
0
2
4
6
8
223
0
2
4
6
8
229
0
2
4
6
8
235
0
2
4
6
8
241
0
2
4
6
8
247
0
2
4
6
8
253
0
2
4
6
8
259
0
2
4
6
8
265
0
2
4
6
8
271
0
2
4
6
8
277
0
2
4
6
8
283
0
2
4
6
8
289
0
2
4
6
8
295
0
2
4
6
8
301
0
2
4
6
8
307
0
2
4
6
8
313
0
2
4
6
8
319
0
2
4
6
8
325
0
2
4
6
8
331
0
2
4
6
8
337
0
2
4
6
8
343
0
2
4
6
8
349
0
2
4
6
8
355
0
2
4
6
8
361
0
2
4
6
8
367
0
2
4
6
8
373
0
2
4
6
8
379
0
2
4
6
8
385
0
2
4
6
8
391
0
2
4
6
8
397
0
2
4
6
8
403
0
2
4
6
8
409
0
2
4
6
8
415
0
2
4
6
8
421
0
2
4
6
8
427
0
2
4
6
8
433
0
2
4
6
8
439
0
2
4
6
8
445
0
2
4
6
8
451
0
2
4
6
8
457
0
2
4
6
8
463
0
2
4
6
8
469
0
2
4
6
8
475
0
2
4
6
8
481
0
2
4
6
8
487
0
2
4
6
8
493
0
2
4
6
8
499
0
2
4
6
8
505
0
2
4
6
8
511
0
2
4
6
8
517
0
2
4
6
8
523
0
2
4
6
8
529
0
2
4
6
8
535
0
2
4
6
8
541
0
2
4
6
8
547
0
2
4
6
8
553
0
2
4
6
8
559
0
2
4
6
8
565
0
2
4
6
8
571
0
2
4
6
8
577
0
2
4
6
8
583
0
2
4
6
8
589
0
2
4
6
8
595
0
2
4
6
8
601
0
2
4
6
8
607
0
2
4
6
8
613
0
2
4
6
8
619
0
2
4
6
8
625
0
2
4
6
8
631
0
2
4
6
8
637
0
2
4
6
8
643
0
2
4
6
8
649
0
2
4
6
8
655
0
2
4
6
8
661
0
2
4
6
8
667
0
2
4
6
8
673
0
2
4
6
8
679
0
2
4
6
8
685
0
2
4
6
8
691
0
2
4
6
8
697
0
2
4
6
8
703
0
2
4
6
8
709
0
2
4
6
8
715
0
2
4
6
8
721
0
2
4
6
8
727
0
2
4
6
8
733
0
2
4
6
8
739
0
2
4
6
8
745
0
2
4
6
8
751
0
2
4
6
8
757
0
2
4
6
8
763
0
2
4
6
8
769
0
2
4
6
8
775
0
2
4
6
8
781
0
2
4
6
8
787
0
2
4
6
8
793
0
2
4
6
8
799
0
2
4
6
8
805
0
2
4
6
8
811
0
2
4
6
8
817
0
2
4
6
8
823
0
2
4
6
8
829
0
2
4
6
8
835
0
2
4
6
8
841
0
2
4
6
8
847
0
2
4
6
8
853
0
2
4
6
8
859
0
2
4
6
8
865
0
2
4
6
8
871
0
2
4
6
8
877
0
2
4
6
8
883
0
2
4
6
8
889
0
2
4
6
8
895
0
2
4
6
8
901
0
2
4
6
8
907
0
2
4
6
8
913
0
2
4
6
8
919
0
2
4
6
8
925
0
2
4
6
8
931
0
2
4
6
8
937
0
2
4
6
8
943
0
2
4
6
8
949
0
2
4
6
8
955
0
2
4
6
8
961
0
2
4
6
8
967
0
2
4
6
8
973
0
2
4
6
8
979
0
2
4
6
8
985
0
2
4
6
8
991
0
2
4
6
8
997
0
2
281 ms. Memory: 716288K Free: 162942K (23%)
----------------- Invoking toplevel() on ptolemy.moml.MoMLSimpleApplication@704c7813
----------------- Done invoking toplevel() on ptolemy.moml.MoMLSimpleApplication@704c7813
reloadAllAccessors: .modalChangingParams
----------------- testing Fri May 04 01:03:47 UTC 2018 /home/travis/build/icyphy/ptII/ptolemy/domains/modal/test/auto/modalModel.xml
----------------- Instantiating /home/travis/build/icyphy/ptII/ptolemy/domains/modal/test/auto/modalModel.xml
5 ms. Memory: 716288K Free: 150419K (21%)
----------------- Invoking toplevel() on ptolemy.moml.MoMLSimpleApplication@51c91a67
----------------- Done invoking toplevel() on ptolemy.moml.MoMLSimpleApplication@51c91a67
reloadAllAccessors: .modalModel
----------------- testing Fri May 04 01:03:47 UTC 2018 /home/travis/build/icyphy/ptII/ptolemy/domains/modal/test/auto/modalModel2.xml
----------------- Instantiating /home/travis/build/icyphy/ptII/ptolemy/domains/modal/test/auto/modalModel2.xml
6 ms. Memory: 716288K Free: 136530K (19%)
----------------- Invoking toplevel() on ptolemy.moml.MoMLSimpleApplication@50f7823e
----------------- Done invoking toplevel() on ptolemy.moml.MoMLSimpleApplication@50f7823e
reloadAllAccessors: .modalModel2
----------------- testing Fri May 04 01:03:47 UTC 2018 /home/travis/build/icyphy/ptII/ptolemy/domains/modal/test/auto/modalModel3.xml
----------------- Instantiating /home/travis/build/icyphy/ptII/ptolemy/domains/modal/test/auto/modalModel3.xml
0	0	0
1	0	1
4	2	2
7	4	3
10	6	4
5	0	5
8	2	6
11	4	7
14	6	8
9	0	9
12	2	10
15	4	11
18	6	12
13	0	13
16	2	14
11 ms. Memory: 716288K Free: 114291K (16%)
----------------- Invoking toplevel() on ptolemy.moml.MoMLSimpleApplication@6ff92183
----------------- Done invoking toplevel() on ptolemy.moml.MoMLSimpleApplication@6ff92183
reloadAllAccessors: .modalModel3
----------------- testing Fri May 04 01:03:47 UTC 2018 /home/travis/build/icyphy/ptII/ptolemy/domains/modal/test/auto/model1.xml
----------------- Instantiating /home/travis/build/icyphy/ptII/ptolemy/domains/modal/test/auto/model1.xml
10 ms. Memory: 716288K Free: 105942K (15%)
----------------- Invoking toplevel() on ptolemy.moml.MoMLSimpleApplication@59d0e140
----------------- Done invoking toplevel() on ptolemy.moml.MoMLSimpleApplication@59d0e140
reloadAllAccessors: .model1
----------------- testing Fri May 04 01:03:47 UTC 2018 /home/travis/build/icyphy/ptII/ptolemy/domains/modal/test/auto/test-direct-in-out.xml
----------------- Instantiating /home/travis/build/icyphy/ptII/ptolemy/domains/modal/test/auto/test-direct-in-out.xml
5 ms. Memory: 716288K Free: 92069K (13%)
----------------- Invoking toplevel() on ptolemy.moml.MoMLSimpleApplication@5749a1d6
----------------- Done invoking toplevel() on ptolemy.moml.MoMLSimpleApplication@5749a1d6
reloadAllAccessors: .test-direct-in-out
AutoTests.java: About to close Vertx.
AutoTests.java: Vertx closed.
]]></system-out>
  <system-err><![CDATA[java.lang.RuntimeException: Execution failed
	at ptolemy.moml.MoMLSimpleApplication$UnloadThread.run(MoMLSimpleApplication.java:402)
Caused by: ptolemy.kernel.util.IllegalActionException: Unknown inputs remain. Possible causality loop:
L_model_1893289564i

  in .CannotAnalysisWithPreemption.model_1893289564_region_1 and .CannotAnalysisWithPreemption.model_1893289564_region_1.L_model_1893289564i
	at ptolemy.actor.sched.FixedPointDirector.postfire(FixedPointDirector.java:515)
	at ptolemy.domains.sr.kernel.SRDirector.postfire(SRDirector.java:417)
	at ptolemy.actor.CompositeActor.postfire(CompositeActor.java:1668)
	at ptolemy.actor.Manager.iterate(Manager.java:852)
	at ptolemy.actor.Manager.execute(Manager.java:369)
	at ptolemy.actor.Manager.run(Manager.java:1263)
	at ptolemy.actor.Manager$PtolemyRunThread.run(Manager.java:1915)
java.lang.reflect.InvocationTargetException
	at sun.reflect.NativeConstructorAccessorImpl.newInstance0(Native Method)
	at sun.reflect.NativeConstructorAccessorImpl.newInstance(NativeConstructorAccessorImpl.java:62)
	at sun.reflect.DelegatingConstructorAccessorImpl.newInstance(DelegatingConstructorAccessorImpl.java:45)
	at java.lang.reflect.Constructor.newInstance(Constructor.java:423)
	at ptolemy.util.test.junit.AutoKnownFailedTests.RunModel(AutoKnownFailedTests.java:107)
	at sun.reflect.NativeMethodAccessorImpl.invoke0(Native Method)
	at sun.reflect.NativeMethodAccessorImpl.invoke(NativeMethodAccessorImpl.java:62)
	at sun.reflect.DelegatingMethodAccessorImpl.invoke(DelegatingMethodAccessorImpl.java:43)
	at java.lang.reflect.Method.invoke(Method.java:498)
	at org.junit.runners.model.FrameworkMethod$1.runReflectiveCall(FrameworkMethod.java:44)
	at org.junit.internal.runners.model.ReflectiveCallable.run(ReflectiveCallable.java:15)
	at org.junit.runners.model.FrameworkMethod.invokeExplosively(FrameworkMethod.java:41)
	at junitparams.internal.InvokeParameterisedMethod.evaluate(InvokeParameterisedMethod.java:102)
	at org.junit.internal.runners.statements.FailOnTimeout$1.run(FailOnTimeout.java:28)
Caused by: ptolemy.kernel.util.IllegalActionException: Unknown inputs remain. Possible causality loop:
L_model_1893289564i

  in .CannotAnalysisWithPreemption.model_1893289564_region_1 and .CannotAnalysisWithPreemption.model_1893289564_region_1.L_model_1893289564i
	at ptolemy.actor.sched.FixedPointDirector.postfire(FixedPointDirector.java:515)
	at ptolemy.domains.sr.kernel.SRDirector.postfire(SRDirector.java:417)
	at ptolemy.actor.CompositeActor.postfire(CompositeActor.java:1668)
	at ptolemy.actor.Manager.iterate(Manager.java:852)
	at ptolemy.actor.Manager.execute(Manager.java:369)
	at ptolemy.actor.Manager.run(Manager.java:1263)
	at ptolemy.actor.Manager$PtolemyRunThread.run(Manager.java:1915)
]]></system-err>
</testsuite>
