<?xml version="1.0" encoding="UTF-8" ?>
<testsuite errors="0" failures="0" hostname="travis-job-b5060c73-8d8f-477b-ba06-86bb4597bbb6" name="ptolemy.domains.de.test.junit.JUnitTclTest" skipped="0" tests="101" time="128.556" timestamp="2018-04-23T01:07:00">
  <properties>
[...]
</properties>
  <testcase classname="ptolemy.util.test.junit.TclTests" name="[0] /home/travis/build/icyphy/ptII/ptolemy/domains/de/test/DependencyLoop.tcl (RunTclFile)" time="0.75" />
  <testcase classname="ptolemy.util.test.junit.TclTests" name="[1] /home/travis/build/icyphy/ptII/ptolemy/domains/de/test/RunDETestsAsQSS.tcl (RunTclFile)" time="87.264" />
  <testcase classname="ptolemy.util.test.junit.AutoKnownFailedTests" name="[0] /home/travis/build/icyphy/ptII/ptolemy/domains/de/test/auto/knownFailedTests/DESDFClockTest.xml (RunModel)" time="2.028" />
  <testcase classname="ptolemy.util.test.junit.AutoKnownFailedTests" name="[1] /home/travis/build/icyphy/ptII/ptolemy/domains/de/test/auto/knownFailedTests/DirectFeedback.xml (RunModel)" time="0.021" />
  <testcase classname="ptolemy.util.test.junit.AutoKnownFailedTests" name="[2] /home/travis/build/icyphy/ptII/ptolemy/domains/de/test/auto/knownFailedTests/FSMSource.xml (RunModel)" time="0.02" />
  <testcase classname="ptolemy.util.test.junit.AutoKnownFailedTests" name="[3] /home/travis/build/icyphy/ptII/ptolemy/domains/de/test/auto/knownFailedTests/HierarchicalModel.xml (RunModel)" time="0.042" />
  <testcase classname="ptolemy.util.test.junit.AutoKnownFailedTests" name="[4] /home/travis/build/icyphy/ptII/ptolemy/domains/de/test/auto/knownFailedTests/dependencyLoop.xml (RunModel)" time="0.036" />
  <testcase classname="ptolemy.util.test.junit.AutoKnownFailedTests" name="[5] /home/travis/build/icyphy/ptII/ptolemy/domains/de/test/auto/knownFailedTests/dependencyLoop2.xml (RunModel)" time="0.037" />
  <testcase classname="ptolemy.util.test.junit.AutoNameArchTests" name="[0] ThereAreNoAutoTests (RunModel)" time="0.0" />
  <testcase classname="ptolemy.util.test.junit.AutoTests" name="[0] /home/travis/build/icyphy/ptII/ptolemy/domains/de/test/auto/ActorDepthCalculation_actorWithoutPorts.xml (RunModel)" time="0.017" />
  <testcase classname="ptolemy.util.test.junit.AutoTests" name="[1] /home/travis/build/icyphy/ptII/ptolemy/domains/de/test/auto/AssemblyLine.xml (RunModel)" time="0.019" />
  <testcase classname="ptolemy.util.test.junit.AutoTests" name="[2] /home/travis/build/icyphy/ptII/ptolemy/domains/de/test/auto/CQBug1.xml (RunModel)" time="0.005" />
  <testcase classname="ptolemy.util.test.junit.AutoTests" name="[3] /home/travis/build/icyphy/ptII/ptolemy/domains/de/test/auto/CancelFireAt.xml (RunModel)" time="0.005" />
  <testcase classname="ptolemy.util.test.junit.AutoTests" name="[4] /home/travis/build/icyphy/ptII/ptolemy/domains/de/test/auto/CausalityAndComposabilityAnalysis.xml (RunModel)" time="0.009" />
  <testcase classname="ptolemy.util.test.junit.AutoTests" name="[5] /home/travis/build/icyphy/ptII/ptolemy/domains/de/test/auto/CausalityInterface1.xml (RunModel)" time="0.008" />
  <testcase classname="ptolemy.util.test.junit.AutoTests" name="[6] /home/travis/build/icyphy/ptII/ptolemy/domains/de/test/auto/CausalityInterface15.xml (RunModel)" time="0.01" />
  <testcase classname="ptolemy.util.test.junit.AutoTests" name="[7] /home/travis/build/icyphy/ptII/ptolemy/domains/de/test/auto/CausalityInterface2.xml (RunModel)" time="0.008" />
  <testcase classname="ptolemy.util.test.junit.AutoTests" name="[8] /home/travis/build/icyphy/ptII/ptolemy/domains/de/test/auto/CausalityInterface3.xml (RunModel)" time="0.013" />
  <testcase classname="ptolemy.util.test.junit.AutoTests" name="[9] /home/travis/build/icyphy/ptII/ptolemy/domains/de/test/auto/ClockDrift.xml (RunModel)" time="0.023" />
  <testcase classname="ptolemy.util.test.junit.AutoTests" name="[10] /home/travis/build/icyphy/ptII/ptolemy/domains/de/test/auto/ClockDriftAndValueChange.xml (RunModel)" time="0.024" />
  <testcase classname="ptolemy.util.test.junit.AutoTests" name="[11] /home/travis/build/icyphy/ptII/ptolemy/domains/de/test/auto/ClockDriftChange.xml (RunModel)" time="0.019" />
  <testcase classname="ptolemy.util.test.junit.AutoTests" name="[12] /home/travis/build/icyphy/ptII/ptolemy/domains/de/test/auto/ComposableCausalityAnalysis.xml (RunModel)" time="0.012" />
  <testcase classname="ptolemy.util.test.junit.AutoTests" name="[13] /home/travis/build/icyphy/ptII/ptolemy/domains/de/test/auto/DEFixedPointLimitation.xml (RunModel)" time="0.007" />
  <testcase classname="ptolemy.util.test.junit.AutoTests" name="[14] /home/travis/build/icyphy/ptII/ptolemy/domains/de/test/auto/DEScheduleTest.xml (RunModel)" time="0.008" />
  <testcase classname="ptolemy.util.test.junit.AutoTests" name="[15] /home/travis/build/icyphy/ptII/ptolemy/domains/de/test/auto/DEinDEwithStartTimes.xml (RunModel)" time="0.009" />
  <testcase classname="ptolemy.util.test.junit.AutoTests" name="[16] /home/travis/build/icyphy/ptII/ptolemy/domains/de/test/auto/DEinDEwithStartTimes2.xml (RunModel)" time="0.01" />
  <testcase classname="ptolemy.util.test.junit.AutoTests" name="[17] /home/travis/build/icyphy/ptII/ptolemy/domains/de/test/auto/DateDemo.xml (RunModel)" time="0.019" />
  <testcase classname="ptolemy.util.test.junit.AutoTests" name="[18] /home/travis/build/icyphy/ptII/ptolemy/domains/de/test/auto/DateToEvent.xml (RunModel)" time="2.027" />
  <testcase classname="ptolemy.util.test.junit.AutoTests" name="[19] /home/travis/build/icyphy/ptII/ptolemy/domains/de/test/auto/DepthTest1.xml (RunModel)" time="0.007" />
  <testcase classname="ptolemy.util.test.junit.AutoTests" name="[20] /home/travis/build/icyphy/ptII/ptolemy/domains/de/test/auto/DepthTest2.xml (RunModel)" time="0.017" />
  <testcase classname="ptolemy.util.test.junit.AutoTests" name="[21] /home/travis/build/icyphy/ptII/ptolemy/domains/de/test/auto/DepthTest3.xml (RunModel)" time="0.007" />
  <testcase classname="ptolemy.util.test.junit.AutoTests" name="[22] /home/travis/build/icyphy/ptII/ptolemy/domains/de/test/auto/DepthTest4.xml (RunModel)" time="0.012" />
  <testcase classname="ptolemy.util.test.junit.AutoTests" name="[23] /home/travis/build/icyphy/ptII/ptolemy/domains/de/test/auto/DepthTest5.xml (RunModel)" time="0.013" />
  <testcase classname="ptolemy.util.test.junit.AutoTests" name="[24] /home/travis/build/icyphy/ptII/ptolemy/domains/de/test/auto/DepthTest6.xml (RunModel)" time="0.013" />
  <testcase classname="ptolemy.util.test.junit.AutoTests" name="[25] /home/travis/build/icyphy/ptII/ptolemy/domains/de/test/auto/DepthTest7.xml (RunModel)" time="0.011" />
  <testcase classname="ptolemy.util.test.junit.AutoTests" name="[26] /home/travis/build/icyphy/ptII/ptolemy/domains/de/test/auto/EventToDate.xml (RunModel)" time="3.033" />
  <testcase classname="ptolemy.util.test.junit.AutoTests" name="[27] /home/travis/build/icyphy/ptII/ptolemy/domains/de/test/auto/FSM1.xml (RunModel)" time="0.032" />
  <testcase classname="ptolemy.util.test.junit.AutoTests" name="[28] /home/travis/build/icyphy/ptII/ptolemy/domains/de/test/auto/FSM7.xml (RunModel)" time="0.048" />
  <testcase classname="ptolemy.util.test.junit.AutoTests" name="[29] /home/travis/build/icyphy/ptII/ptolemy/domains/de/test/auto/Inspection.xml (RunModel)" time="0.059" />
  <testcase classname="ptolemy.util.test.junit.AutoTests" name="[30] /home/travis/build/icyphy/ptII/ptolemy/domains/de/test/auto/Iteration.xml (RunModel)" time="0.028" />
  <testcase classname="ptolemy.util.test.junit.AutoTests" name="[31] /home/travis/build/icyphy/ptII/ptolemy/domains/de/test/auto/LineFault.xml (RunModel)" time="0.535" />
  <testcase classname="ptolemy.util.test.junit.AutoTests" name="[32] /home/travis/build/icyphy/ptII/ptolemy/domains/de/test/auto/MergeModel1Add.xml (RunModel)" time="0.041" />
  <testcase classname="ptolemy.util.test.junit.AutoTests" name="[33] /home/travis/build/icyphy/ptII/ptolemy/domains/de/test/auto/MergeModel2Add.xml (RunModel)" time="0.034" />
  <testcase classname="ptolemy.util.test.junit.AutoTests" name="[34] /home/travis/build/icyphy/ptII/ptolemy/domains/de/test/auto/MergeModel3Add.xml (RunModel)" time="0.034" />
  <testcase classname="ptolemy.util.test.junit.AutoTests" name="[35] /home/travis/build/icyphy/ptII/ptolemy/domains/de/test/auto/MergeWithoutDiscard.xml (RunModel)" time="0.009" />
  <testcase classname="ptolemy.util.test.junit.AutoTests" name="[36] /home/travis/build/icyphy/ptII/ptolemy/domains/de/test/auto/Modal1.xml (RunModel)" time="0.024" />
  <testcase classname="ptolemy.util.test.junit.AutoTests" name="[37] /home/travis/build/icyphy/ptII/ptolemy/domains/de/test/auto/Modal2.xml (RunModel)" time="0.025" />
  <testcase classname="ptolemy.util.test.junit.AutoTests" name="[38] /home/travis/build/icyphy/ptII/ptolemy/domains/de/test/auto/Modal3.xml (RunModel)" time="0.025" />
  <testcase classname="ptolemy.util.test.junit.AutoTests" name="[39] /home/travis/build/icyphy/ptII/ptolemy/domains/de/test/auto/Modal4.xml (RunModel)" time="0.031" />
  <testcase classname="ptolemy.util.test.junit.AutoTests" name="[40] /home/travis/build/icyphy/ptII/ptolemy/domains/de/test/auto/Modal5.xml (RunModel)" time="0.027" />
  <testcase classname="ptolemy.util.test.junit.AutoTests" name="[41] /home/travis/build/icyphy/ptII/ptolemy/domains/de/test/auto/Modal6.xml (RunModel)" time="0.026" />
  <testcase classname="ptolemy.util.test.junit.AutoTests" name="[42] /home/travis/build/icyphy/ptII/ptolemy/domains/de/test/auto/Modal7.xml (RunModel)" time="0.027" />
  <testcase classname="ptolemy.util.test.junit.AutoTests" name="[43] /home/travis/build/icyphy/ptII/ptolemy/domains/de/test/auto/ModalModel.xml (RunModel)" time="0.15" />
  <testcase classname="ptolemy.util.test.junit.AutoTests" name="[44] /home/travis/build/icyphy/ptII/ptolemy/domains/de/test/auto/ModalSource.xml (RunModel)" time="0.017" />
  <testcase classname="ptolemy.util.test.junit.AutoTests" name="[45] /home/travis/build/icyphy/ptII/ptolemy/domains/de/test/auto/NonInterruptibleTimerZeroDelay.xml (RunModel)" time="0.01" />
  <testcase classname="ptolemy.util.test.junit.AutoTests" name="[46] /home/travis/build/icyphy/ptII/ptolemy/domains/de/test/auto/OpenQueueingNetwork.xml (RunModel)" time="2.01" />
  <testcase classname="ptolemy.util.test.junit.AutoTests" name="[47] /home/travis/build/icyphy/ptII/ptolemy/domains/de/test/auto/OpenQueuingNetwork.xml (RunModel)" time="0.242" />
  <testcase classname="ptolemy.util.test.junit.AutoTests" name="[48] /home/travis/build/icyphy/ptII/ptolemy/domains/de/test/auto/PeriodicSampler.xml (RunModel)" time="0.007" />
  <testcase classname="ptolemy.util.test.junit.AutoTests" name="[49] /home/travis/build/icyphy/ptII/ptolemy/domains/de/test/auto/PersistentIO.xml (RunModel)" time="0.023" />
  <testcase classname="ptolemy.util.test.junit.AutoTests" name="[50] /home/travis/build/icyphy/ptII/ptolemy/domains/de/test/auto/PortParameterResetOnInitialize.xml (RunModel)" time="0.009" />
  <testcase classname="ptolemy.util.test.junit.AutoTests" name="[51] /home/travis/build/icyphy/ptII/ptolemy/domains/de/test/auto/PortParameterUpdates.xml (RunModel)" time="0.013" />
  <testcase classname="ptolemy.util.test.junit.AutoTests" name="[52] /home/travis/build/icyphy/ptII/ptolemy/domains/de/test/auto/QueueAndServer.xml (RunModel)" time="0.018" />
  <testcase classname="ptolemy.util.test.junit.AutoTests" name="[53] /home/travis/build/icyphy/ptII/ptolemy/domains/de/test/auto/Records.xml (RunModel)" time="0.017" />
  <testcase classname="ptolemy.util.test.junit.AutoTests" name="[54] /home/travis/build/icyphy/ptII/ptolemy/domains/de/test/auto/ResetTransitionWithStartTime1.xml (RunModel)" time="0.02" />
  <testcase classname="ptolemy.util.test.junit.AutoTests" name="[55] /home/travis/build/icyphy/ptII/ptolemy/domains/de/test/auto/ResetTransitionWithStartTime2.xml (RunModel)" time="0.023" />
  <testcase classname="ptolemy.util.test.junit.AutoTests" name="[56] /home/travis/build/icyphy/ptII/ptolemy/domains/de/test/auto/ResetTransitionWithStartTime3.xml (RunModel)" time="0.019" />
  <testcase classname="ptolemy.util.test.junit.AutoTests" name="[57] /home/travis/build/icyphy/ptII/ptolemy/domains/de/test/auto/ResetTransitionWithStartTime4.xml (RunModel)" time="0.019" />
  <testcase classname="ptolemy.util.test.junit.AutoTests" name="[58] /home/travis/build/icyphy/ptII/ptolemy/domains/de/test/auto/ResettableTimer1.xml (RunModel)" time="0.011" />
  <testcase classname="ptolemy.util.test.junit.AutoTests" name="[59] /home/travis/build/icyphy/ptII/ptolemy/domains/de/test/auto/ResettableTimer2.xml (RunModel)" time="0.01" />
  <testcase classname="ptolemy.util.test.junit.AutoTests" name="[60] /home/travis/build/icyphy/ptII/ptolemy/domains/de/test/auto/ResettableTimer3.xml (RunModel)" time="0.009" />
  <testcase classname="ptolemy.util.test.junit.AutoTests" name="[61] /home/travis/build/icyphy/ptII/ptolemy/domains/de/test/auto/ResettableTimer4.xml (RunModel)" time="0.011" />
  <testcase classname="ptolemy.util.test.junit.AutoTests" name="[62] /home/travis/build/icyphy/ptII/ptolemy/domains/de/test/auto/ResettableTimer5.xml (RunModel)" time="0.01" />
  <testcase classname="ptolemy.util.test.junit.AutoTests" name="[63] /home/travis/build/icyphy/ptII/ptolemy/domains/de/test/auto/ResettableTimer6.xml (RunModel)" time="0.019" />
  <testcase classname="ptolemy.util.test.junit.AutoTests" name="[64] /home/travis/build/icyphy/ptII/ptolemy/domains/de/test/auto/ServerZeroDelay.xml (RunModel)" time="0.009" />
  <testcase classname="ptolemy.util.test.junit.AutoTests" name="[65] /home/travis/build/icyphy/ptII/ptolemy/domains/de/test/auto/SmartSender.xml (RunModel)" time="3.008" />
  <testcase classname="ptolemy.util.test.junit.AutoTests" name="[66] /home/travis/build/icyphy/ptII/ptolemy/domains/de/test/auto/ThreadedComposite.xml (RunModel)" time="0.126" />
  <testcase classname="ptolemy.util.test.junit.AutoTests" name="[67] /home/travis/build/icyphy/ptII/ptolemy/domains/de/test/auto/Time.xml (RunModel)" time="0.416" />
  <testcase classname="ptolemy.util.test.junit.AutoTests" name="[68] /home/travis/build/icyphy/ptII/ptolemy/domains/de/test/auto/TimeDelayZeroDelay.xml (RunModel)" time="0.012" />
  <testcase classname="ptolemy.util.test.junit.AutoTests" name="[69] /home/travis/build/icyphy/ptII/ptolemy/domains/de/test/auto/TimerZeroDelay.xml (RunModel)" time="0.011" />
  <testcase classname="ptolemy.util.test.junit.AutoTests" name="[70] /home/travis/build/icyphy/ptII/ptolemy/domains/de/test/auto/TimingParadox.xml (RunModel)" time="0.341" />
  <testcase classname="ptolemy.util.test.junit.AutoTests" name="[71] /home/travis/build/icyphy/ptII/ptolemy/domains/de/test/auto/TransferInputs.xml (RunModel)" time="0.013" />
  <testcase classname="ptolemy.util.test.junit.AutoTests" name="[72] /home/travis/build/icyphy/ptII/ptolemy/domains/de/test/auto/TransferOutputs2.xml (RunModel)" time="0.015" />
  <testcase classname="ptolemy.util.test.junit.AutoTests" name="[73] /home/travis/build/icyphy/ptII/ptolemy/domains/de/test/auto/Trilateration.xml (RunModel)" time="12.888" />
  <testcase classname="ptolemy.util.test.junit.AutoTests" name="[74] /home/travis/build/icyphy/ptII/ptolemy/domains/de/test/auto/TwoSigmaDelta.xml (RunModel)" time="1.988" />
  <testcase classname="ptolemy.util.test.junit.AutoTests" name="[75] /home/travis/build/icyphy/ptII/ptolemy/domains/de/test/auto/VariableDelay.xml (RunModel)" time="0.014" />
  <testcase classname="ptolemy.util.test.junit.AutoTests" name="[76] /home/travis/build/icyphy/ptII/ptolemy/domains/de/test/auto/VariableDelay2.xml (RunModel)" time="0.009" />
  <testcase classname="ptolemy.util.test.junit.AutoTests" name="[77] /home/travis/build/icyphy/ptII/ptolemy/domains/de/test/auto/VariableDelayZeroDelay.xml (RunModel)" time="0.011" />
  <testcase classname="ptolemy.util.test.junit.AutoTests" name="[78] /home/travis/build/icyphy/ptII/ptolemy/domains/de/test/auto/VariableDelayZeroDelay2.xml (RunModel)" time="0.01" />
  <testcase classname="ptolemy.util.test.junit.AutoTests" name="[79] /home/travis/build/icyphy/ptII/ptolemy/domains/de/test/auto/deInCt.xml (RunModel)" time="0.018" />
  <testcase classname="ptolemy.util.test.junit.AutoTests" name="[80] /home/travis/build/icyphy/ptII/ptolemy/domains/de/test/auto/deInCt2.xml (RunModel)" time="0.016" />
  <testcase classname="ptolemy.util.test.junit.AutoTests" name="[81] /home/travis/build/icyphy/ptII/ptolemy/domains/de/test/auto/dynamicCausalityInterface1.xml (RunModel)" time="0.017" />
  <testcase classname="ptolemy.util.test.junit.AutoTests" name="[82] /home/travis/build/icyphy/ptII/ptolemy/domains/de/test/auto/fsm_de_test.xml (RunModel)" time="0.023" />
  <testcase classname="ptolemy.util.test.junit.AutoTests" name="[83] /home/travis/build/icyphy/ptII/ptolemy/domains/de/test/auto/functionDependencyReconstruction.xml (RunModel)" time="0.029" />
  <testcase classname="ptolemy.util.test.junit.AutoTests" name="[84] /home/travis/build/icyphy/ptII/ptolemy/domains/de/test/auto/multirate.xml (RunModel)" time="0.016" />
  <testcase classname="ptolemy.util.test.junit.AutoTests" name="[85] /home/travis/build/icyphy/ptII/ptolemy/domains/de/test/auto/multirate2.xml (RunModel)" time="0.013" />
  <testcase classname="ptolemy.util.test.junit.AutoTests" name="[86] /home/travis/build/icyphy/ptII/ptolemy/domains/de/test/auto/realtime.xml (RunModel)" time="10.009" />
  <testcase classname="ptolemy.util.test.junit.AutoTests" name="[87] /home/travis/build/icyphy/ptII/ptolemy/domains/de/test/auto/relationGroup.xml (RunModel)" time="0.007" />
  <testcase classname="ptolemy.util.test.junit.AutoTests" name="[88] /home/travis/build/icyphy/ptII/ptolemy/domains/de/test/auto/relationGroup2.xml (RunModel)" time="0.006" />
  <testcase classname="ptolemy.util.test.junit.AutoTests" name="[89] /home/travis/build/icyphy/ptII/ptolemy/domains/de/test/auto/sortWithOpaquePorts.xml (RunModel)" time="0.008" />
  <testcase classname="ptolemy.util.test.junit.AutoTests" name="[90] /home/travis/build/icyphy/ptII/ptolemy/domains/de/test/auto/transferInputsandOutputs.xml (RunModel)" time="0.014" />
  <testcase classname="ptolemy.util.test.junit.AutoTests" name="[91] /home/travis/build/icyphy/ptII/ptolemy/domains/de/test/auto/triggerType.xml (RunModel)" time="0.008" />
  <system-out><![CDATA[/home/travis/build/icyphy/ptII/ptolemy/domains/de/test/DependencyLoop.tcl
testDefs.tcl: setting time out to 9000 seconds at Mon Apr 23 01:07:00 UTC 2018
14 ms. Memory: 116224K Free: 93469K (80%)
9 ms. Memory: 146944K Free: 135046K (92%)
/home/travis/build/icyphy/ptII/ptolemy/domains/de/test/RunDETestsAsQSS.tcl
Run the DE tests using ptolemy.domains.qss.test.QSSDirectorTest, which extends QSSDirector and prints a message in the constructors.
------------------ testing $PTII/ptolemy/domains/de/test/auto/knownFailedTests/dependencyLoop.xml (Known Failure) 
5 ms. Memory: 146944K Free: 130771K (89%)


==== $PTIIhome/travis/build/icyphy/ptII/ptolemy/domains/de/test/../../../../: Auto Automatic test in file $PTII/ptolemy/domains/de/test/auto/knownFailedTests/dependencyLoop.xml
==== Contents of test case:

	    # FIXME: we should use $relativeFilename here, but it
	    # might have backslashes under Windows, which causes no end
	    # of trouble.
	    createAndExecute $file
	    list {}
	
.... Test generated KNOWN error:
    while executing
ptolemy.kernel.util.IllegalActionException: Found a zero delay loop containing .dependencyLoop.original
  in .dependencyLoop and .dependencyLoop.original
	at ptolemy.actor.util.CausalityInterfaceForComposites._computeOutputPortDepth(CausalityInterfaceForComposites.java:759)
	at ptolemy.actor.util.CausalityInterfaceForComposites._computeInputDepth(CausalityInterfaceForComposites.java:696)
	at ptolemy.actor.util.CausalityInterfaceForComposites._computeOutputPortDepth(CausalityInterfaceForComposites.java:765)
	at ptolemy.actor.util.CausalityInterfaceForComposites._computeInputDepth(CausalityInterfaceForComposites.java:696)
	at ptolemy.actor.util.CausalityInterfaceForComposites._computeOutputPortDepth(CausalityInterfaceForComposites.java:765)
	at ptolemy.actor.util.CausalityInterfaceForComposites._computeInputDepth(CausalityInterfaceForComposites.java:696)
	at ptolemy.actor.util.CausalityInterfaceForComposites._computeActorDepth(CausalityInterfaceForComposites.java:532)
	at ptolemy.actor.util.CausalityInterfaceForComposites.checkForCycles(CausalityInterfaceForComposites.java:96)
	at ptolemy.domains.de.kernel.DEDirector.preinitialize(DEDirector.java:1337)
	at ptolemy.actor.CompositeActor.preinitialize(CompositeActor.java:1828)
	at ptolemy.actor.Manager.preinitializeAndResolveTypes(Manager.java:1040)
	at ptolemy.actor.Manager.initialize(Manager.java:710)
	at ptolemy.actor.Manager.execute(Manager.java:356)
	at ptolemy.actor.Manager.run(Manager.java:1263)
	at ptolemy.actor.Manager$PtolemyRunThread.run(Manager.java:1915)

    while executing
ptolemy.kernel.util.IllegalActionException: Found a zero delay loop containing .dependencyLoop.original
  in .dependencyLoop and .dependencyLoop.original
    while executing
"java::new ptolemy.moml.MoMLSimpleApplication $file
"
    (procedure "createAndExecute" line 2)
    invoked from within
"createAndExecute $file"
    ("uplevel" body line 5)
    invoked from within
"uplevel $contents_of_test"
------------------ testing $PTII/ptolemy/domains/de/test/auto/knownFailedTests/DESDFClockTest.xml (Known Failure) 
2083 ms. Memory: 146944K Free: 115330K (78%)


==== $PTIIhome/travis/build/icyphy/ptII/ptolemy/domains/de/test/../../../../: Auto Automatic test in file $PTII/ptolemy/domains/de/test/auto/knownFailedTests/DESDFClockTest.xml
==== Contents of test case:

	    # FIXME: we should use $relativeFilename here, but it
	    # might have backslashes under Windows, which causes no end
	    # of trouble.
	    createAndExecute $file
	    list {}
	
.... Test generated KNOWN error:
    while executing
ptolemy.kernel.util.IllegalActionException: Actor is not ready to fire.  Perhaps UpSample.prefire() returned false? Try debugging the actor by selecting "Listen to Actor".  Also, for SDF check moml for tokenConsumptionRate on input.
  in .DESDFClockTest.Play Bell.Copy1:SDF Director and .DESDFClockTest.Play Bell.UpSample
	at ptolemy.actor.sched.StaticSchedulingDirector.fire(StaticSchedulingDirector.java:227)
	at ptolemy.domains.sdf.kernel.SDFDirector.fire(SDFDirector.java:500)
	at ptolemy.actor.CompositeActor.fire(CompositeActor.java:455)
	at ptolemy.domains.de.kernel.DEDirector._fire(DEDirector.java:1948)
	at ptolemy.domains.de.kernel.DEDirector.fire(DEDirector.java:502)
	at ptolemy.actor.CompositeActor.fire(CompositeActor.java:455)
	at ptolemy.actor.Manager.iterate(Manager.java:851)
	at ptolemy.actor.Manager.execute(Manager.java:369)
	at ptolemy.actor.Manager.run(Manager.java:1263)
	at ptolemy.actor.Manager$PtolemyRunThread.run(Manager.java:1915)

    while executing
ptolemy.kernel.util.IllegalActionException: Actor is not ready to fire.  Perhaps UpSample.prefire() returned false? Try debugging the actor by selecting "Listen to Actor".  Also, for SDF check moml for tokenConsumptionRate on input.
  in .DESDFClockTest.Play Bell.Copy1:SDF Director and .DESDFClockTest.Play Bell.UpSample
    while executing
"java::new ptolemy.moml.MoMLSimpleApplication $file
"
    (procedure "createAndExecute" line 2)
    invoked from within
"createAndExecute $file"
    ("uplevel" body line 5)
    invoked from within
"uplevel $contents_of_test"
------------------ testing $PTII/ptolemy/domains/de/test/auto/knownFailedTests/FSMSource.xml (Known Failure) 
37 ms. Memory: 146944K Free: 105751K (72%)
!!!! Auto was marked as failing, but now passes
------------------ testing $PTII/ptolemy/domains/de/test/auto/knownFailedTests/dependencyLoop2.xml (Known Failure) 
7 ms. Memory: 146944K Free: 103859K (71%)


==== $PTIIhome/travis/build/icyphy/ptII/ptolemy/domains/de/test/../../../../: Auto Automatic test in file $PTII/ptolemy/domains/de/test/auto/knownFailedTests/dependencyLoop2.xml
==== Contents of test case:

	    # FIXME: we should use $relativeFilename here, but it
	    # might have backslashes under Windows, which causes no end
	    # of trouble.
	    createAndExecute $file
	    list {}
	
.... Test generated KNOWN error:
    while executing
ptolemy.kernel.util.IllegalActionException: Found a zero delay loop containing .dependencyLoop2.original
  in .dependencyLoop2 and .dependencyLoop2.original
	at ptolemy.actor.util.CausalityInterfaceForComposites._computeOutputPortDepth(CausalityInterfaceForComposites.java:759)
	at ptolemy.actor.util.CausalityInterfaceForComposites._computeInputDepth(CausalityInterfaceForComposites.java:696)
	at ptolemy.actor.util.CausalityInterfaceForComposites._computeOutputPortDepth(CausalityInterfaceForComposites.java:765)
	at ptolemy.actor.util.CausalityInterfaceForComposites._computeInputDepth(CausalityInterfaceForComposites.java:696)
	at ptolemy.actor.util.CausalityInterfaceForComposites._computeOutputPortDepth(CausalityInterfaceForComposites.java:765)
	at ptolemy.actor.util.CausalityInterfaceForComposites._computeInputDepth(CausalityInterfaceForComposites.java:696)
	at ptolemy.actor.util.CausalityInterfaceForComposites._computeActorDepth(CausalityInterfaceForComposites.java:532)
	at ptolemy.actor.util.CausalityInterfaceForComposites.checkForCycles(CausalityInterfaceForComposites.java:96)
	at ptolemy.domains.de.kernel.DEDirector.preinitialize(DEDirector.java:1337)
	at ptolemy.actor.CompositeActor.preinitialize(CompositeActor.java:1828)
	at ptolemy.actor.Manager.preinitializeAndResolveTypes(Manager.java:1040)
	at ptolemy.actor.Manager.initialize(Manager.java:710)
	at ptolemy.actor.Manager.execute(Manager.java:356)
	at ptolemy.actor.Manager.run(Manager.java:1263)
	at ptolemy.actor.Manager$PtolemyRunThread.run(Manager.java:1915)

    while executing
ptolemy.kernel.util.IllegalActionException: Found a zero delay loop containing .dependencyLoop2.original
  in .dependencyLoop2 and .dependencyLoop2.original
    while executing
"java::new ptolemy.moml.MoMLSimpleApplication $file
"
    (procedure "createAndExecute" line 2)
    invoked from within
"createAndExecute $file"
    ("uplevel" body line 5)
    invoked from within
"uplevel $contents_of_test"
------------------ testing $PTII/ptolemy/domains/de/test/auto/knownFailedTests/HierarchicalModel.xml (Known Failure) 
4 ms. Memory: 146944K Free: 83318K (57%)


==== $PTIIhome/travis/build/icyphy/ptII/ptolemy/domains/de/test/../../../../: Auto Automatic test in file $PTII/ptolemy/domains/de/test/auto/knownFailedTests/HierarchicalModel.xml
==== Contents of test case:

	    # FIXME: we should use $relativeFilename here, but it
	    # might have backslashes under Windows, which causes no end
	    # of trouble.
	    createAndExecute $file
	    list {}
	
.... Test generated KNOWN error:
    while executing
ptolemy.kernel.util.IllegalActionException: Found a zero delay loop containing .HierarchicalModel.A
  in .HierarchicalModel and .HierarchicalModel.A
	at ptolemy.actor.util.CausalityInterfaceForComposites._computeOutputPortDepth(CausalityInterfaceForComposites.java:759)
	at ptolemy.actor.util.CausalityInterfaceForComposites._computeInputDepth(CausalityInterfaceForComposites.java:696)
	at ptolemy.actor.util.CausalityInterfaceForComposites._computeOutputPortDepth(CausalityInterfaceForComposites.java:765)
	at ptolemy.actor.util.CausalityInterfaceForComposites._computeInputDepth(CausalityInterfaceForComposites.java:696)
	at ptolemy.actor.util.CausalityInterfaceForComposites._computeOutputPortDepth(CausalityInterfaceForComposites.java:765)
	at ptolemy.actor.util.CausalityInterfaceForComposites._computeInputDepth(CausalityInterfaceForComposites.java:696)
	at ptolemy.actor.util.CausalityInterfaceForComposites._computeActorDepth(CausalityInterfaceForComposites.java:532)
	at ptolemy.actor.util.CausalityInterfaceForComposites.checkForCycles(CausalityInterfaceForComposites.java:96)
	at ptolemy.domains.de.kernel.DEDirector.preinitialize(DEDirector.java:1337)
	at ptolemy.actor.CompositeActor.preinitialize(CompositeActor.java:1828)
	at ptolemy.actor.Manager.preinitializeAndResolveTypes(Manager.java:1040)
	at ptolemy.actor.Manager.initialize(Manager.java:710)
	at ptolemy.actor.Manager.execute(Manager.java:356)
	at ptolemy.actor.Manager.run(Manager.java:1263)
	at ptolemy.actor.Manager$PtolemyRunThread.run(Manager.java:1915)

    while executing
ptolemy.kernel.util.IllegalActionException: Found a zero delay loop containing .HierarchicalModel.A
  in .HierarchicalModel and .HierarchicalModel.A
    while executing
"java::new ptolemy.moml.MoMLSimpleApplication $file
"
    (procedure "createAndExecute" line 2)
    invoked from within
"createAndExecute $file"
    ("uplevel" body line 5)
    invoked from within
"uplevel $contents_of_test"
------------------ testing $PTII/ptolemy/domains/de/test/auto/knownFailedTests/DirectFeedback.xml (Known Failure) 
4 ms. Memory: 146944K Free: 139230K (95%)


==== $PTIIhome/travis/build/icyphy/ptII/ptolemy/domains/de/test/../../../../: Auto Automatic test in file $PTII/ptolemy/domains/de/test/auto/knownFailedTests/DirectFeedback.xml
==== Contents of test case:

	    # FIXME: we should use $relativeFilename here, but it
	    # might have backslashes under Windows, which causes no end
	    # of trouble.
	    createAndExecute $file
	    list {}
	
.... Test generated KNOWN error:
    while executing
ptolemy.kernel.util.IllegalActionException: Test fails in iteration 1.
Value was: 1.0. Should have been: 2.0
  in .DirectFeedback.Test
	at ptolemy.actor.lib.Test.fire(Test.java:268)
	at ptolemy.domains.de.kernel.DEDirector._fire(DEDirector.java:1948)
	at ptolemy.domains.de.kernel.DEDirector.fire(DEDirector.java:502)
	at ptolemy.actor.CompositeActor.fire(CompositeActor.java:455)
	at ptolemy.actor.Manager.iterate(Manager.java:851)
	at ptolemy.actor.Manager.execute(Manager.java:369)
	at ptolemy.actor.Manager.run(Manager.java:1263)
	at ptolemy.actor.Manager$PtolemyRunThread.run(Manager.java:1915)

    while executing
ptolemy.kernel.util.IllegalActionException: Test fails in iteration 1.
Value was: 1.0. Should have been: 2.0
  in .DirectFeedback.Test
    while executing
"java::new ptolemy.moml.MoMLSimpleApplication $file
"
    (procedure "createAndExecute" line 2)
    invoked from within
"createAndExecute $file"
    ("uplevel" body line 5)
    invoked from within
"uplevel $contents_of_test"
------------------ testing $PTII/ptolemy/domains/de/test/auto/ActorDepthCalculation_actorWithoutPorts.xml
auto.tcl: Setting watchdog for 200 seconds at Mon Apr 23 01:07:04 UTC 2018
10 ms. Memory: 146944K Free: 131702K (90%)
ptolemy.util.test.WatchDog.cancel(): canceling Mon Apr 23 01:07:04 UTC 2018
auto.tcl: Setting watchdog for 200 seconds at Mon Apr 23 01:07:04 UTC 2018
5 ms. Memory: 146944K Free: 129634K (88%)
ptolemy.util.test.WatchDog.cancel(): canceling Mon Apr 23 01:07:04 UTC 2018
------------------ testing $PTII/ptolemy/domains/de/test/auto/AssemblyLine.xml
auto.tcl: Setting watchdog for 200 seconds at Mon Apr 23 01:07:04 UTC 2018
12 ms. Memory: 208384K Free: 186124K (89%)
ptolemy.util.test.WatchDog.cancel(): canceling Mon Apr 23 01:07:04 UTC 2018
auto.tcl: Setting watchdog for 200 seconds at Mon Apr 23 01:07:04 UTC 2018
7 ms. Memory: 208384K Free: 186124K (89%)
ptolemy.util.test.WatchDog.cancel(): canceling Mon Apr 23 01:07:04 UTC 2018
------------------ testing $PTII/ptolemy/domains/de/test/auto/CQBug1.xml
auto.tcl: Setting watchdog for 200 seconds at Mon Apr 23 01:07:04 UTC 2018
3 ms. Memory: 208384K Free: 197718K (95%)
ptolemy.util.test.WatchDog.cancel(): canceling Mon Apr 23 01:07:04 UTC 2018
auto.tcl: Setting watchdog for 200 seconds at Mon Apr 23 01:07:04 UTC 2018
2 ms. Memory: 208384K Free: 197718K (95%)
ptolemy.util.test.WatchDog.cancel(): canceling Mon Apr 23 01:07:04 UTC 2018
------------------ testing $PTII/ptolemy/domains/de/test/auto/CancelFireAt.xml
auto.tcl: Setting watchdog for 200 seconds at Mon Apr 23 01:07:04 UTC 2018
8 ms. Memory: 208384K Free: 201098K (97%)
ptolemy.util.test.WatchDog.cancel(): canceling Mon Apr 23 01:07:04 UTC 2018
auto.tcl: Setting watchdog for 200 seconds at Mon Apr 23 01:07:04 UTC 2018
2 ms. Memory: 208384K Free: 199000K (95%)
ptolemy.util.test.WatchDog.cancel(): canceling Mon Apr 23 01:07:04 UTC 2018
------------------ testing $PTII/ptolemy/domains/de/test/auto/CausalityAndComposabilityAnalysis.xml
auto.tcl: Setting watchdog for 200 seconds at Mon Apr 23 01:07:04 UTC 2018
8 ms. Memory: 208384K Free: 196910K (94%)
ptolemy.util.test.WatchDog.cancel(): canceling Mon Apr 23 01:07:05 UTC 2018
auto.tcl: Setting watchdog for 200 seconds at Mon Apr 23 01:07:05 UTC 2018
14 ms. Memory: 208384K Free: 196910K (94%)
ptolemy.util.test.WatchDog.cancel(): canceling Mon Apr 23 01:07:05 UTC 2018
------------------ testing $PTII/ptolemy/domains/de/test/auto/CausalityInterface1.xml
auto.tcl: Setting watchdog for 200 seconds at Mon Apr 23 01:07:05 UTC 2018
11 ms. Memory: 208384K Free: 196438K (94%)
ptolemy.util.test.WatchDog.cancel(): canceling Mon Apr 23 01:07:05 UTC 2018
auto.tcl: Setting watchdog for 200 seconds at Mon Apr 23 01:07:05 UTC 2018
4 ms. Memory: 208384K Free: 196438K (94%)
ptolemy.util.test.WatchDog.cancel(): canceling Mon Apr 23 01:07:05 UTC 2018
------------------ testing $PTII/ptolemy/domains/de/test/auto/CausalityInterface15.xml
auto.tcl: Setting watchdog for 200 seconds at Mon Apr 23 01:07:05 UTC 2018
4 ms. Memory: 208384K Free: 196429K (94%)
ptolemy.util.test.WatchDog.cancel(): canceling Mon Apr 23 01:07:05 UTC 2018
auto.tcl: Setting watchdog for 200 seconds at Mon Apr 23 01:07:05 UTC 2018
4 ms. Memory: 208384K Free: 194331K (93%)
ptolemy.util.test.WatchDog.cancel(): canceling Mon Apr 23 01:07:05 UTC 2018
------------------ testing $PTII/ptolemy/domains/de/test/auto/CausalityInterface2.xml
auto.tcl: Setting watchdog for 200 seconds at Mon Apr 23 01:07:05 UTC 2018
7 ms. Memory: 208384K Free: 196412K (94%)
ptolemy.util.test.WatchDog.cancel(): canceling Mon Apr 23 01:07:05 UTC 2018
auto.tcl: Setting watchdog for 200 seconds at Mon Apr 23 01:07:05 UTC 2018
3 ms. Memory: 208384K Free: 196412K (94%)
ptolemy.util.test.WatchDog.cancel(): canceling Mon Apr 23 01:07:05 UTC 2018
------------------ testing $PTII/ptolemy/domains/de/test/auto/CausalityInterface3.xml
auto.tcl: Setting watchdog for 200 seconds at Mon Apr 23 01:07:05 UTC 2018
4 ms. Memory: 208384K Free: 196425K (94%)
ptolemy.util.test.WatchDog.cancel(): canceling Mon Apr 23 01:07:05 UTC 2018
auto.tcl: Setting watchdog for 200 seconds at Mon Apr 23 01:07:05 UTC 2018
4 ms. Memory: 208384K Free: 196425K (94%)
ptolemy.util.test.WatchDog.cancel(): canceling Mon Apr 23 01:07:05 UTC 2018
------------------ testing $PTII/ptolemy/domains/de/test/auto/ClockDrift.xml
auto.tcl: Setting watchdog for 200 seconds at Mon Apr 23 01:07:05 UTC 2018
68 ms. Memory: 208384K Free: 187663K (90%)
ptolemy.util.test.WatchDog.cancel(): canceling Mon Apr 23 01:07:05 UTC 2018
auto.tcl: Setting watchdog for 200 seconds at Mon Apr 23 01:07:05 UTC 2018
35 ms. Memory: 208384K Free: 185565K (89%)
ptolemy.util.test.WatchDog.cancel(): canceling Mon Apr 23 01:07:05 UTC 2018
------------------ testing $PTII/ptolemy/domains/de/test/auto/ClockDriftAndValueChange.xml
auto.tcl: Setting watchdog for 200 seconds at Mon Apr 23 01:07:05 UTC 2018
31 ms. Memory: 208384K Free: 187501K (90%)
ptolemy.util.test.WatchDog.cancel(): canceling Mon Apr 23 01:07:05 UTC 2018
auto.tcl: Setting watchdog for 200 seconds at Mon Apr 23 01:07:05 UTC 2018
30 ms. Memory: 208384K Free: 185403K (89%)
ptolemy.util.test.WatchDog.cancel(): canceling Mon Apr 23 01:07:05 UTC 2018
------------------ testing $PTII/ptolemy/domains/de/test/auto/ClockDriftChange.xml
auto.tcl: Setting watchdog for 200 seconds at Mon Apr 23 01:07:05 UTC 2018
20 ms. Memory: 208384K Free: 190830K (92%)
ptolemy.util.test.WatchDog.cancel(): canceling Mon Apr 23 01:07:05 UTC 2018
auto.tcl: Setting watchdog for 200 seconds at Mon Apr 23 01:07:05 UTC 2018
20 ms. Memory: 208384K Free: 188732K (91%)
ptolemy.util.test.WatchDog.cancel(): canceling Mon Apr 23 01:07:05 UTC 2018
------------------ testing $PTII/ptolemy/domains/de/test/auto/ComposableCausalityAnalysis.xml
auto.tcl: Setting watchdog for 200 seconds at Mon Apr 23 01:07:05 UTC 2018
2 ms. Memory: 208384K Free: 196293K (94%)
ptolemy.util.test.WatchDog.cancel(): canceling Mon Apr 23 01:07:05 UTC 2018
auto.tcl: Setting watchdog for 200 seconds at Mon Apr 23 01:07:05 UTC 2018
1 ms. Memory: 208384K Free: 194195K (93%)
ptolemy.util.test.WatchDog.cancel(): canceling Mon Apr 23 01:07:05 UTC 2018
------------------ testing $PTII/ptolemy/domains/de/test/auto/DEFixedPointLimitation.xml
auto.tcl: Setting watchdog for 200 seconds at Mon Apr 23 01:07:06 UTC 2018
1 ms. Memory: 208384K Free: 196371K (94%)
ptolemy.util.test.WatchDog.cancel(): canceling Mon Apr 23 01:07:06 UTC 2018
auto.tcl: Setting watchdog for 200 seconds at Mon Apr 23 01:07:06 UTC 2018
1 ms. Memory: 208384K Free: 196371K (94%)
ptolemy.util.test.WatchDog.cancel(): canceling Mon Apr 23 01:07:06 UTC 2018
------------------ testing $PTII/ptolemy/domains/de/test/auto/DEScheduleTest.xml
auto.tcl: Setting watchdog for 200 seconds at Mon Apr 23 01:07:06 UTC 2018
6 ms. Memory: 208384K Free: 198504K (95%)
ptolemy.util.test.WatchDog.cancel(): canceling Mon Apr 23 01:07:06 UTC 2018
auto.tcl: Setting watchdog for 200 seconds at Mon Apr 23 01:07:06 UTC 2018
3 ms. Memory: 208384K Free: 196406K (94%)
ptolemy.util.test.WatchDog.cancel(): canceling Mon Apr 23 01:07:06 UTC 2018
------------------ testing $PTII/ptolemy/domains/de/test/auto/DEinDEwithStartTimes.xml
auto.tcl: Setting watchdog for 200 seconds at Mon Apr 23 01:07:06 UTC 2018
5 ms. Memory: 208384K Free: 196375K (94%)
ptolemy.util.test.WatchDog.cancel(): canceling Mon Apr 23 01:07:06 UTC 2018
auto.tcl: Setting watchdog for 200 seconds at Mon Apr 23 01:07:06 UTC 2018
3 ms. Memory: 208384K Free: 194277K (93%)
ptolemy.util.test.WatchDog.cancel(): canceling Mon Apr 23 01:07:06 UTC 2018
------------------ testing $PTII/ptolemy/domains/de/test/auto/DEinDEwithStartTimes2.xml
auto.tcl: Setting watchdog for 200 seconds at Mon Apr 23 01:07:06 UTC 2018
5 ms. Memory: 208384K Free: 196246K (94%)
ptolemy.util.test.WatchDog.cancel(): canceling Mon Apr 23 01:07:06 UTC 2018
auto.tcl: Setting watchdog for 200 seconds at Mon Apr 23 01:07:06 UTC 2018
4 ms. Memory: 208384K Free: 194148K (93%)
ptolemy.util.test.WatchDog.cancel(): canceling Mon Apr 23 01:07:06 UTC 2018
------------------ testing $PTII/ptolemy/domains/de/test/auto/DateDemo.xml
auto.tcl: Setting watchdog for 200 seconds at Mon Apr 23 01:07:06 UTC 2018
8 ms. Memory: 208384K Free: 188696K (91%)
ptolemy.util.test.WatchDog.cancel(): canceling Mon Apr 23 01:07:06 UTC 2018
auto.tcl: Setting watchdog for 200 seconds at Mon Apr 23 01:07:06 UTC 2018
13 ms. Memory: 208384K Free: 186598K (90%)
ptolemy.util.test.WatchDog.cancel(): canceling Mon Apr 23 01:07:06 UTC 2018
------------------ testing $PTII/ptolemy/domains/de/test/auto/DateToEvent.xml
auto.tcl: Setting watchdog for 200 seconds at Mon Apr 23 01:07:06 UTC 2018
2009 ms. Memory: 208384K Free: 183424K (88%)
ptolemy.util.test.WatchDog.cancel(): canceling Mon Apr 23 01:07:08 UTC 2018
auto.tcl: Setting watchdog for 200 seconds at Mon Apr 23 01:07:08 UTC 2018
2004 ms. Memory: 208384K Free: 180967K (87%)
ptolemy.util.test.WatchDog.cancel(): canceling Mon Apr 23 01:07:10 UTC 2018
------------------ testing $PTII/ptolemy/domains/de/test/auto/DepthTest1.xml
auto.tcl: Setting watchdog for 200 seconds at Mon Apr 23 01:07:10 UTC 2018
4 ms. Memory: 208384K Free: 198258K (95%)
ptolemy.util.test.WatchDog.cancel(): canceling Mon Apr 23 01:07:10 UTC 2018
auto.tcl: Setting watchdog for 200 seconds at Mon Apr 23 01:07:10 UTC 2018
5 ms. Memory: 208384K Free: 198258K (95%)
ptolemy.util.test.WatchDog.cancel(): canceling Mon Apr 23 01:07:10 UTC 2018
------------------ testing $PTII/ptolemy/domains/de/test/auto/DepthTest2.xml
auto.tcl: Setting watchdog for 200 seconds at Mon Apr 23 01:07:10 UTC 2018
3 ms. Memory: 208384K Free: 194126K (93%)
ptolemy.util.test.WatchDog.cancel(): canceling Mon Apr 23 01:07:10 UTC 2018
auto.tcl: Setting watchdog for 200 seconds at Mon Apr 23 01:07:10 UTC 2018
3 ms. Memory: 208384K Free: 194126K (93%)
ptolemy.util.test.WatchDog.cancel(): canceling Mon Apr 23 01:07:10 UTC 2018
------------------ testing $PTII/ptolemy/domains/de/test/auto/DepthTest3.xml
auto.tcl: Setting watchdog for 200 seconds at Mon Apr 23 01:07:10 UTC 2018
3 ms. Memory: 208384K Free: 198256K (95%)
ptolemy.util.test.WatchDog.cancel(): canceling Mon Apr 23 01:07:10 UTC 2018
auto.tcl: Setting watchdog for 200 seconds at Mon Apr 23 01:07:10 UTC 2018
2 ms. Memory: 208384K Free: 198256K (95%)
ptolemy.util.test.WatchDog.cancel(): canceling Mon Apr 23 01:07:10 UTC 2018
------------------ testing $PTII/ptolemy/domains/de/test/auto/DepthTest4.xml
auto.tcl: Setting watchdog for 200 seconds at Mon Apr 23 01:07:10 UTC 2018
3 ms. Memory: 208384K Free: 196245K (94%)
ptolemy.util.test.WatchDog.cancel(): canceling Mon Apr 23 01:07:10 UTC 2018
auto.tcl: Setting watchdog for 200 seconds at Mon Apr 23 01:07:10 UTC 2018
2 ms. Memory: 208384K Free: 196245K (94%)
ptolemy.util.test.WatchDog.cancel(): canceling Mon Apr 23 01:07:10 UTC 2018
------------------ testing $PTII/ptolemy/domains/de/test/auto/DepthTest5.xml
auto.tcl: Setting watchdog for 200 seconds at Mon Apr 23 01:07:10 UTC 2018
3 ms. Memory: 208384K Free: 196192K (94%)
ptolemy.util.test.WatchDog.cancel(): canceling Mon Apr 23 01:07:10 UTC 2018
auto.tcl: Setting watchdog for 200 seconds at Mon Apr 23 01:07:10 UTC 2018
3 ms. Memory: 208384K Free: 196192K (94%)
ptolemy.util.test.WatchDog.cancel(): canceling Mon Apr 23 01:07:10 UTC 2018
------------------ testing $PTII/ptolemy/domains/de/test/auto/DepthTest6.xml
auto.tcl: Setting watchdog for 200 seconds at Mon Apr 23 01:07:10 UTC 2018
5 ms. Memory: 208384K Free: 196169K (94%)
ptolemy.util.test.WatchDog.cancel(): canceling Mon Apr 23 01:07:10 UTC 2018
auto.tcl: Setting watchdog for 200 seconds at Mon Apr 23 01:07:10 UTC 2018
3 ms. Memory: 208384K Free: 196169K (94%)
ptolemy.util.test.WatchDog.cancel(): canceling Mon Apr 23 01:07:10 UTC 2018
------------------ testing $PTII/ptolemy/domains/de/test/auto/DepthTest7.xml
auto.tcl: Setting watchdog for 200 seconds at Mon Apr 23 01:07:10 UTC 2018
2 ms. Memory: 208384K Free: 196165K (94%)
ptolemy.util.test.WatchDog.cancel(): canceling Mon Apr 23 01:07:11 UTC 2018
auto.tcl: Setting watchdog for 200 seconds at Mon Apr 23 01:07:11 UTC 2018
2 ms. Memory: 208384K Free: 196165K (94%)
ptolemy.util.test.WatchDog.cancel(): canceling Mon Apr 23 01:07:11 UTC 2018
------------------ testing $PTII/ptolemy/domains/de/test/auto/EventToDate.xml
auto.tcl: Setting watchdog for 200 seconds at Mon Apr 23 01:07:11 UTC 2018
3009 ms. Memory: 208384K Free: 185696K (89%)
ptolemy.util.test.WatchDog.cancel(): canceling Mon Apr 23 01:07:14 UTC 2018
auto.tcl: Setting watchdog for 200 seconds at Mon Apr 23 01:07:14 UTC 2018
3004 ms. Memory: 208384K Free: 185696K (89%)
ptolemy.util.test.WatchDog.cancel(): canceling Mon Apr 23 01:07:17 UTC 2018
------------------ testing $PTII/ptolemy/domains/de/test/auto/FSM1.xml
auto.tcl: Setting watchdog for 200 seconds at Mon Apr 23 01:07:17 UTC 2018
16 ms. Memory: 208384K Free: 187106K (90%)
ptolemy.util.test.WatchDog.cancel(): canceling Mon Apr 23 01:07:17 UTC 2018
auto.tcl: Setting watchdog for 200 seconds at Mon Apr 23 01:07:17 UTC 2018
14 ms. Memory: 208384K Free: 185008K (89%)
ptolemy.util.test.WatchDog.cancel(): canceling Mon Apr 23 01:07:17 UTC 2018
------------------ testing $PTII/ptolemy/domains/de/test/auto/FSM7.xml
auto.tcl: Setting watchdog for 200 seconds at Mon Apr 23 01:07:17 UTC 2018
13 ms. Memory: 208384K Free: 187310K (90%)
ptolemy.util.test.WatchDog.cancel(): canceling Mon Apr 23 01:07:17 UTC 2018
auto.tcl: Setting watchdog for 200 seconds at Mon Apr 23 01:07:17 UTC 2018
19 ms. Memory: 208384K Free: 185212K (89%)
ptolemy.util.test.WatchDog.cancel(): canceling Mon Apr 23 01:07:17 UTC 2018
------------------ testing $PTII/ptolemy/domains/de/test/auto/Inspection.xml
auto.tcl: Setting watchdog for 200 seconds at Mon Apr 23 01:07:17 UTC 2018
33 ms. Memory: 208384K Free: 188863K (91%)
ptolemy.util.test.WatchDog.cancel(): canceling Mon Apr 23 01:07:17 UTC 2018
auto.tcl: Setting watchdog for 200 seconds at Mon Apr 23 01:07:17 UTC 2018
32 ms. Memory: 208384K Free: 186427K (89%)
ptolemy.util.test.WatchDog.cancel(): canceling Mon Apr 23 01:07:17 UTC 2018
------------------ testing $PTII/ptolemy/domains/de/test/auto/Iteration.xml
auto.tcl: Setting watchdog for 200 seconds at Mon Apr 23 01:07:17 UTC 2018
7 ms. Memory: 208384K Free: 194197K (93%)
ptolemy.util.test.WatchDog.cancel(): canceling Mon Apr 23 01:07:17 UTC 2018
auto.tcl: Setting watchdog for 200 seconds at Mon Apr 23 01:07:17 UTC 2018
7 ms. Memory: 208384K Free: 194197K (93%)
ptolemy.util.test.WatchDog.cancel(): canceling Mon Apr 23 01:07:17 UTC 2018
------------------ testing $PTII/ptolemy/domains/de/test/auto/LineFault.xml
auto.tcl: Setting watchdog for 200 seconds at Mon Apr 23 01:07:17 UTC 2018
678 ms. Memory: 208384K Free: 196168K (94%)
ptolemy.util.test.WatchDog.cancel(): canceling Mon Apr 23 01:07:18 UTC 2018
auto.tcl: Setting watchdog for 200 seconds at Mon Apr 23 01:07:18 UTC 2018
535 ms. Memory: 208384K Free: 138892K (67%)
ptolemy.util.test.WatchDog.cancel(): canceling Mon Apr 23 01:07:19 UTC 2018
------------------ testing $PTII/ptolemy/domains/de/test/auto/MergeModel1Add.xml
auto.tcl: Setting watchdog for 200 seconds at Mon Apr 23 01:07:19 UTC 2018
29 ms. Memory: 331264K Free: 302641K (91%)
ptolemy.util.test.WatchDog.cancel(): canceling Mon Apr 23 01:07:19 UTC 2018
auto.tcl: Setting watchdog for 200 seconds at Mon Apr 23 01:07:19 UTC 2018
13 ms. Memory: 331264K Free: 298678K (90%)
ptolemy.util.test.WatchDog.cancel(): canceling Mon Apr 23 01:07:19 UTC 2018
------------------ testing $PTII/ptolemy/domains/de/test/auto/MergeModel2Add.xml
auto.tcl: Setting watchdog for 200 seconds at Mon Apr 23 01:07:19 UTC 2018
7 ms. Memory: 331264K Free: 303977K (92%)
ptolemy.util.test.WatchDog.cancel(): canceling Mon Apr 23 01:07:19 UTC 2018
auto.tcl: Setting watchdog for 200 seconds at Mon Apr 23 01:07:19 UTC 2018
7 ms. Memory: 331264K Free: 300015K (91%)
ptolemy.util.test.WatchDog.cancel(): canceling Mon Apr 23 01:07:19 UTC 2018
------------------ testing $PTII/ptolemy/domains/de/test/auto/MergeModel3Add.xml
auto.tcl: Setting watchdog for 200 seconds at Mon Apr 23 01:07:19 UTC 2018
8 ms. Memory: 331264K Free: 303987K (92%)
ptolemy.util.test.WatchDog.cancel(): canceling Mon Apr 23 01:07:19 UTC 2018
auto.tcl: Setting watchdog for 200 seconds at Mon Apr 23 01:07:19 UTC 2018
7 ms. Memory: 331264K Free: 300025K (91%)
ptolemy.util.test.WatchDog.cancel(): canceling Mon Apr 23 01:07:19 UTC 2018
------------------ testing $PTII/ptolemy/domains/de/test/auto/MergeWithoutDiscard.xml
auto.tcl: Setting watchdog for 200 seconds at Mon Apr 23 01:07:19 UTC 2018
2 ms. Memory: 331264K Free: 316156K (95%)
ptolemy.util.test.WatchDog.cancel(): canceling Mon Apr 23 01:07:19 UTC 2018
auto.tcl: Setting watchdog for 200 seconds at Mon Apr 23 01:07:19 UTC 2018
2 ms. Memory: 331264K Free: 316156K (95%)
ptolemy.util.test.WatchDog.cancel(): canceling Mon Apr 23 01:07:19 UTC 2018
------------------ testing $PTII/ptolemy/domains/de/test/auto/Modal1.xml
auto.tcl: Setting watchdog for 200 seconds at Mon Apr 23 01:07:19 UTC 2018
16 ms. Memory: 331264K Free: 309764K (94%)
ptolemy.util.test.WatchDog.cancel(): canceling Mon Apr 23 01:07:19 UTC 2018
auto.tcl: Setting watchdog for 200 seconds at Mon Apr 23 01:07:19 UTC 2018
15 ms. Memory: 331264K Free: 305802K (92%)
ptolemy.util.test.WatchDog.cancel(): canceling Mon Apr 23 01:07:19 UTC 2018
------------------ testing $PTII/ptolemy/domains/de/test/auto/Modal2.xml
auto.tcl: Setting watchdog for 200 seconds at Mon Apr 23 01:07:19 UTC 2018
18 ms. Memory: 331264K Free: 309631K (93%)
ptolemy.util.test.WatchDog.cancel(): canceling Mon Apr 23 01:07:19 UTC 2018
auto.tcl: Setting watchdog for 200 seconds at Mon Apr 23 01:07:19 UTC 2018
11 ms. Memory: 331264K Free: 305668K (92%)
ptolemy.util.test.WatchDog.cancel(): canceling Mon Apr 23 01:07:19 UTC 2018
------------------ testing $PTII/ptolemy/domains/de/test/auto/Modal3.xml
auto.tcl: Setting watchdog for 200 seconds at Mon Apr 23 01:07:19 UTC 2018
17 ms. Memory: 331264K Free: 309637K (93%)
ptolemy.util.test.WatchDog.cancel(): canceling Mon Apr 23 01:07:19 UTC 2018
auto.tcl: Setting watchdog for 200 seconds at Mon Apr 23 01:07:19 UTC 2018
9 ms. Memory: 331264K Free: 305675K (92%)
ptolemy.util.test.WatchDog.cancel(): canceling Mon Apr 23 01:07:19 UTC 2018
------------------ testing $PTII/ptolemy/domains/de/test/auto/Modal4.xml
auto.tcl: Setting watchdog for 200 seconds at Mon Apr 23 01:07:19 UTC 2018
20 ms. Memory: 331264K Free: 309634K (93%)
ptolemy.util.test.WatchDog.cancel(): canceling Mon Apr 23 01:07:20 UTC 2018
auto.tcl: Setting watchdog for 200 seconds at Mon Apr 23 01:07:20 UTC 2018
14 ms. Memory: 331264K Free: 305672K (92%)
ptolemy.util.test.WatchDog.cancel(): canceling Mon Apr 23 01:07:20 UTC 2018
------------------ testing $PTII/ptolemy/domains/de/test/auto/Modal5.xml
auto.tcl: Setting watchdog for 200 seconds at Mon Apr 23 01:07:20 UTC 2018
15 ms. Memory: 331264K Free: 309621K (93%)
ptolemy.util.test.WatchDog.cancel(): canceling Mon Apr 23 01:07:20 UTC 2018
auto.tcl: Setting watchdog for 200 seconds at Mon Apr 23 01:07:20 UTC 2018
13 ms. Memory: 331264K Free: 305659K (92%)
ptolemy.util.test.WatchDog.cancel(): canceling Mon Apr 23 01:07:20 UTC 2018
------------------ testing $PTII/ptolemy/domains/de/test/auto/Modal6.xml
auto.tcl: Setting watchdog for 200 seconds at Mon Apr 23 01:07:20 UTC 2018
11 ms. Memory: 331264K Free: 309903K (94%)
ptolemy.util.test.WatchDog.cancel(): canceling Mon Apr 23 01:07:20 UTC 2018
auto.tcl: Setting watchdog for 200 seconds at Mon Apr 23 01:07:20 UTC 2018
11 ms. Memory: 331264K Free: 305941K (92%)
ptolemy.util.test.WatchDog.cancel(): canceling Mon Apr 23 01:07:20 UTC 2018
------------------ testing $PTII/ptolemy/domains/de/test/auto/Modal7.xml
auto.tcl: Setting watchdog for 200 seconds at Mon Apr 23 01:07:20 UTC 2018
10 ms. Memory: 331264K Free: 309618K (93%)
ptolemy.util.test.WatchDog.cancel(): canceling Mon Apr 23 01:07:20 UTC 2018
auto.tcl: Setting watchdog for 200 seconds at Mon Apr 23 01:07:20 UTC 2018
10 ms. Memory: 331264K Free: 305656K (92%)
ptolemy.util.test.WatchDog.cancel(): canceling Mon Apr 23 01:07:20 UTC 2018
------------------ testing $PTII/ptolemy/domains/de/test/auto/ModalModel.xml
auto.tcl: Setting watchdog for 200 seconds at Mon Apr 23 01:07:20 UTC 2018
201 ms. Memory: 331264K Free: 246090K (74%)
ptolemy.util.test.WatchDog.cancel(): canceling Mon Apr 23 01:07:20 UTC 2018
auto.tcl: Setting watchdog for 200 seconds at Mon Apr 23 01:07:20 UTC 2018
165 ms. Memory: 331264K Free: 190554K (58%)
ptolemy.util.test.WatchDog.cancel(): canceling Mon Apr 23 01:07:20 UTC 2018
------------------ testing $PTII/ptolemy/domains/de/test/auto/ModalSource.xml
auto.tcl: Setting watchdog for 200 seconds at Mon Apr 23 01:07:20 UTC 2018
8 ms. Memory: 331264K Free: 316597K (96%)
ptolemy.util.test.WatchDog.cancel(): canceling Mon Apr 23 01:07:20 UTC 2018
auto.tcl: Setting watchdog for 200 seconds at Mon Apr 23 01:07:20 UTC 2018
6 ms. Memory: 331264K Free: 313070K (95%)
ptolemy.util.test.WatchDog.cancel(): canceling Mon Apr 23 01:07:20 UTC 2018
------------------ testing $PTII/ptolemy/domains/de/test/auto/NonInterruptibleTimerZeroDelay.xml
auto.tcl: Setting watchdog for 200 seconds at Mon Apr 23 01:07:20 UTC 2018
4 ms. Memory: 331264K Free: 320605K (97%)
ptolemy.util.test.WatchDog.cancel(): canceling Mon Apr 23 01:07:20 UTC 2018
auto.tcl: Setting watchdog for 200 seconds at Mon Apr 23 01:07:20 UTC 2018
2 ms. Memory: 331264K Free: 317079K (96%)
ptolemy.util.test.WatchDog.cancel(): canceling Mon Apr 23 01:07:20 UTC 2018
------------------ testing $PTII/ptolemy/domains/de/test/auto/OpenQueueingNetwork.xml
auto.tcl: Setting watchdog for 200 seconds at Mon Apr 23 01:07:20 UTC 2018
2657 ms. Memory: 573952K Free: 413221K (72%)
ptolemy.util.test.WatchDog.cancel(): canceling Mon Apr 23 01:07:23 UTC 2018
auto.tcl: Setting watchdog for 200 seconds at Mon Apr 23 01:07:23 UTC 2018
2468 ms. Memory: 550912K Free: 295232K (54%)
ptolemy.util.test.WatchDog.cancel(): canceling Mon Apr 23 01:07:26 UTC 2018
------------------ testing $PTII/ptolemy/domains/de/test/auto/OpenQueuingNetwork.xml
auto.tcl: Setting watchdog for 200 seconds at Mon Apr 23 01:07:26 UTC 2018
231 ms. Memory: 549888K Free: 444547K (81%)
ptolemy.util.test.WatchDog.cancel(): canceling Mon Apr 23 01:07:26 UTC 2018
auto.tcl: Setting watchdog for 200 seconds at Mon Apr 23 01:07:26 UTC 2018
224 ms. Memory: 549888K Free: 383994K (70%)
ptolemy.util.test.WatchDog.cancel(): canceling Mon Apr 23 01:07:26 UTC 2018
------------------ testing $PTII/ptolemy/domains/de/test/auto/PeriodicSampler.xml
auto.tcl: Setting watchdog for 200 seconds at Mon Apr 23 01:07:26 UTC 2018
2 ms. Memory: 551936K Free: 530751K (96%)
ptolemy.util.test.WatchDog.cancel(): canceling Mon Apr 23 01:07:26 UTC 2018
auto.tcl: Setting watchdog for 200 seconds at Mon Apr 23 01:07:26 UTC 2018
2 ms. Memory: 551936K Free: 530751K (96%)
ptolemy.util.test.WatchDog.cancel(): canceling Mon Apr 23 01:07:26 UTC 2018
------------------ testing $PTII/ptolemy/domains/de/test/auto/PersistentIO.xml
auto.tcl: Setting watchdog for 200 seconds at Mon Apr 23 01:07:26 UTC 2018
8 ms. Memory: 549376K Free: 522047K (95%)
ptolemy.util.test.WatchDog.cancel(): canceling Mon Apr 23 01:07:27 UTC 2018
auto.tcl: Setting watchdog for 200 seconds at Mon Apr 23 01:07:27 UTC 2018
7 ms. Memory: 549376K Free: 522047K (95%)
ptolemy.util.test.WatchDog.cancel(): canceling Mon Apr 23 01:07:27 UTC 2018
------------------ testing $PTII/ptolemy/domains/de/test/auto/PortParameterResetOnInitialize.xml
auto.tcl: Setting watchdog for 200 seconds at Mon Apr 23 01:07:27 UTC 2018
2 ms. Memory: 551424K Free: 530471K (96%)
ptolemy.util.test.WatchDog.cancel(): canceling Mon Apr 23 01:07:27 UTC 2018
auto.tcl: Setting watchdog for 200 seconds at Mon Apr 23 01:07:27 UTC 2018
2 ms. Memory: 551424K Free: 530471K (96%)
ptolemy.util.test.WatchDog.cancel(): canceling Mon Apr 23 01:07:27 UTC 2018
------------------ testing $PTII/ptolemy/domains/de/test/auto/PortParameterUpdates.xml
auto.tcl: Setting watchdog for 200 seconds at Mon Apr 23 01:07:27 UTC 2018
3 ms. Memory: 549376K Free: 528785K (96%)
ptolemy.util.test.WatchDog.cancel(): canceling Mon Apr 23 01:07:27 UTC 2018
auto.tcl: Setting watchdog for 200 seconds at Mon Apr 23 01:07:27 UTC 2018
4 ms. Memory: 549376K Free: 522057K (95%)
ptolemy.util.test.WatchDog.cancel(): canceling Mon Apr 23 01:07:27 UTC 2018
------------------ testing $PTII/ptolemy/domains/de/test/auto/QueueAndServer.xml
auto.tcl: Setting watchdog for 200 seconds at Mon Apr 23 01:07:27 UTC 2018
10 ms. Memory: 551424K Free: 535247K (97%)
ptolemy.util.test.WatchDog.cancel(): canceling Mon Apr 23 01:07:27 UTC 2018
auto.tcl: Setting watchdog for 200 seconds at Mon Apr 23 01:07:27 UTC 2018
7 ms. Memory: 551424K Free: 528503K (96%)
ptolemy.util.test.WatchDog.cancel(): canceling Mon Apr 23 01:07:27 UTC 2018
------------------ testing $PTII/ptolemy/domains/de/test/auto/Records.xml
auto.tcl: Setting watchdog for 200 seconds at Mon Apr 23 01:07:27 UTC 2018
4 ms. Memory: 549376K Free: 533141K (97%)
ptolemy.util.test.WatchDog.cancel(): canceling Mon Apr 23 01:07:27 UTC 2018
auto.tcl: Setting watchdog for 200 seconds at Mon Apr 23 01:07:27 UTC 2018
2 ms. Memory: 549376K Free: 533141K (97%)
ptolemy.util.test.WatchDog.cancel(): canceling Mon Apr 23 01:07:27 UTC 2018
------------------ testing $PTII/ptolemy/domains/de/test/auto/ResetTransitionWithStartTime1.xml
auto.tcl: Setting watchdog for 200 seconds at Mon Apr 23 01:07:27 UTC 2018
10 ms. Memory: 551424K Free: 528699K (96%)
ptolemy.util.test.WatchDog.cancel(): canceling Mon Apr 23 01:07:27 UTC 2018
auto.tcl: Setting watchdog for 200 seconds at Mon Apr 23 01:07:27 UTC 2018
9 ms. Memory: 551424K Free: 528469K (96%)
ptolemy.util.test.WatchDog.cancel(): canceling Mon Apr 23 01:07:27 UTC 2018
------------------ testing $PTII/ptolemy/domains/de/test/auto/ResetTransitionWithStartTime2.xml
auto.tcl: Setting watchdog for 200 seconds at Mon Apr 23 01:07:27 UTC 2018
4 ms. Memory: 549376K Free: 526642K (96%)
ptolemy.util.test.WatchDog.cancel(): canceling Mon Apr 23 01:07:27 UTC 2018
auto.tcl: Setting watchdog for 200 seconds at Mon Apr 23 01:07:27 UTC 2018
5 ms. Memory: 549376K Free: 526642K (96%)
ptolemy.util.test.WatchDog.cancel(): canceling Mon Apr 23 01:07:27 UTC 2018
------------------ testing $PTII/ptolemy/domains/de/test/auto/ResetTransitionWithStartTime3.xml
auto.tcl: Setting watchdog for 200 seconds at Mon Apr 23 01:07:27 UTC 2018
4 ms. Memory: 550912K Free: 527955K (96%)
ptolemy.util.test.WatchDog.cancel(): canceling Mon Apr 23 01:07:27 UTC 2018
auto.tcl: Setting watchdog for 200 seconds at Mon Apr 23 01:07:27 UTC 2018
5 ms. Memory: 550912K Free: 527955K (96%)
ptolemy.util.test.WatchDog.cancel(): canceling Mon Apr 23 01:07:27 UTC 2018
------------------ testing $PTII/ptolemy/domains/de/test/auto/ResetTransitionWithStartTime4.xml
auto.tcl: Setting watchdog for 200 seconds at Mon Apr 23 01:07:27 UTC 2018
4 ms. Memory: 549376K Free: 526409K (96%)
ptolemy.util.test.WatchDog.cancel(): canceling Mon Apr 23 01:07:27 UTC 2018
auto.tcl: Setting watchdog for 200 seconds at Mon Apr 23 01:07:27 UTC 2018
3 ms. Memory: 549376K Free: 526409K (96%)
ptolemy.util.test.WatchDog.cancel(): canceling Mon Apr 23 01:07:27 UTC 2018
------------------ testing $PTII/ptolemy/domains/de/test/auto/ResettableTimer1.xml
auto.tcl: Setting watchdog for 200 seconds at Mon Apr 23 01:07:27 UTC 2018
3 ms. Memory: 550912K Free: 534681K (97%)
ptolemy.util.test.WatchDog.cancel(): canceling Mon Apr 23 01:07:27 UTC 2018
auto.tcl: Setting watchdog for 200 seconds at Mon Apr 23 01:07:27 UTC 2018
2 ms. Memory: 550912K Free: 534681K (97%)
ptolemy.util.test.WatchDog.cancel(): canceling Mon Apr 23 01:07:27 UTC 2018
------------------ testing $PTII/ptolemy/domains/de/test/auto/ResettableTimer2.xml
auto.tcl: Setting watchdog for 200 seconds at Mon Apr 23 01:07:27 UTC 2018
2 ms. Memory: 549376K Free: 533436K (97%)
ptolemy.util.test.WatchDog.cancel(): canceling Mon Apr 23 01:07:27 UTC 2018
auto.tcl: Setting watchdog for 200 seconds at Mon Apr 23 01:07:27 UTC 2018
2 ms. Memory: 549376K Free: 533436K (97%)
ptolemy.util.test.WatchDog.cancel(): canceling Mon Apr 23 01:07:27 UTC 2018
------------------ testing $PTII/ptolemy/domains/de/test/auto/ResettableTimer3.xml
auto.tcl: Setting watchdog for 200 seconds at Mon Apr 23 01:07:27 UTC 2018
1 ms. Memory: 550912K Free: 534742K (97%)
ptolemy.util.test.WatchDog.cancel(): canceling Mon Apr 23 01:07:27 UTC 2018
auto.tcl: Setting watchdog for 200 seconds at Mon Apr 23 01:07:27 UTC 2018
1 ms. Memory: 550912K Free: 534742K (97%)
ptolemy.util.test.WatchDog.cancel(): canceling Mon Apr 23 01:07:27 UTC 2018
------------------ testing $PTII/ptolemy/domains/de/test/auto/ResettableTimer4.xml
auto.tcl: Setting watchdog for 200 seconds at Mon Apr 23 01:07:27 UTC 2018
1 ms. Memory: 549376K Free: 533449K (97%)
ptolemy.util.test.WatchDog.cancel(): canceling Mon Apr 23 01:07:27 UTC 2018
auto.tcl: Setting watchdog for 200 seconds at Mon Apr 23 01:07:27 UTC 2018
2 ms. Memory: 549376K Free: 533449K (97%)
ptolemy.util.test.WatchDog.cancel(): canceling Mon Apr 23 01:07:27 UTC 2018
------------------ testing $PTII/ptolemy/domains/de/test/auto/ResettableTimer5.xml
auto.tcl: Setting watchdog for 200 seconds at Mon Apr 23 01:07:27 UTC 2018
2 ms. Memory: 550400K Free: 534241K (97%)
ptolemy.util.test.WatchDog.cancel(): canceling Mon Apr 23 01:07:27 UTC 2018
auto.tcl: Setting watchdog for 200 seconds at Mon Apr 23 01:07:27 UTC 2018
1 ms. Memory: 550400K Free: 534241K (97%)
ptolemy.util.test.WatchDog.cancel(): canceling Mon Apr 23 01:07:27 UTC 2018
------------------ testing $PTII/ptolemy/domains/de/test/auto/ResettableTimer6.xml
auto.tcl: Setting watchdog for 200 seconds at Mon Apr 23 01:07:27 UTC 2018
1 ms. Memory: 549376K Free: 533166K (97%)
ptolemy.util.test.WatchDog.cancel(): canceling Mon Apr 23 01:07:27 UTC 2018
auto.tcl: Setting watchdog for 200 seconds at Mon Apr 23 01:07:27 UTC 2018
1 ms. Memory: 549376K Free: 533166K (97%)
ptolemy.util.test.WatchDog.cancel(): canceling Mon Apr 23 01:07:27 UTC 2018
------------------ testing $PTII/ptolemy/domains/de/test/auto/ServerZeroDelay.xml
auto.tcl: Setting watchdog for 200 seconds at Mon Apr 23 01:07:27 UTC 2018
4 ms. Memory: 550400K Free: 534411K (97%)
ptolemy.util.test.WatchDog.cancel(): canceling Mon Apr 23 01:07:27 UTC 2018
auto.tcl: Setting watchdog for 200 seconds at Mon Apr 23 01:07:27 UTC 2018
2 ms. Memory: 550400K Free: 534411K (97%)
ptolemy.util.test.WatchDog.cancel(): canceling Mon Apr 23 01:07:27 UTC 2018
------------------ testing $PTII/ptolemy/domains/de/test/auto/SmartSender.xml
auto.tcl: Setting watchdog for 200 seconds at Mon Apr 23 01:07:28 UTC 2018
3001 ms. Memory: 549376K Free: 533383K (97%)
ptolemy.util.test.WatchDog.cancel(): canceling Mon Apr 23 01:07:31 UTC 2018
auto.tcl: Setting watchdog for 200 seconds at Mon Apr 23 01:07:31 UTC 2018
3001 ms. Memory: 549376K Free: 533383K (97%)
ptolemy.util.test.WatchDog.cancel(): canceling Mon Apr 23 01:07:34 UTC 2018
------------------ testing $PTII/ptolemy/domains/de/test/auto/ThreadedComposite.xml
auto.tcl: Setting watchdog for 200 seconds at Mon Apr 23 01:07:34 UTC 2018
199 ms. Memory: 550400K Free: 513423K (93%)
ptolemy.util.test.WatchDog.cancel(): canceling Mon Apr 23 01:07:34 UTC 2018
auto.tcl: Setting watchdog for 200 seconds at Mon Apr 23 01:07:34 UTC 2018
130 ms. Memory: 550400K Free: 497320K (90%)
ptolemy.util.test.WatchDog.cancel(): canceling Mon Apr 23 01:07:34 UTC 2018
------------------ testing $PTII/ptolemy/domains/de/test/auto/Time.xml
auto.tcl: Setting watchdog for 200 seconds at Mon Apr 23 01:07:34 UTC 2018
492 ms. Memory: 549376K Free: 476720K (87%)
ptolemy.util.test.WatchDog.cancel(): canceling Mon Apr 23 01:07:35 UTC 2018
auto.tcl: Setting watchdog for 200 seconds at Mon Apr 23 01:07:35 UTC 2018
455 ms. Memory: 549376K Free: 406808K (74%)
ptolemy.util.test.WatchDog.cancel(): canceling Mon Apr 23 01:07:35 UTC 2018
------------------ testing $PTII/ptolemy/domains/de/test/auto/TimeDelayZeroDelay.xml
auto.tcl: Setting watchdog for 200 seconds at Mon Apr 23 01:07:35 UTC 2018
3 ms. Memory: 550400K Free: 534097K (97%)
ptolemy.util.test.WatchDog.cancel(): canceling Mon Apr 23 01:07:35 UTC 2018
auto.tcl: Setting watchdog for 200 seconds at Mon Apr 23 01:07:35 UTC 2018
2 ms. Memory: 550400K Free: 534097K (97%)
ptolemy.util.test.WatchDog.cancel(): canceling Mon Apr 23 01:07:35 UTC 2018
------------------ testing $PTII/ptolemy/domains/de/test/auto/TimerZeroDelay.xml
auto.tcl: Setting watchdog for 200 seconds at Mon Apr 23 01:07:35 UTC 2018
4 ms. Memory: 549376K Free: 533346K (97%)
ptolemy.util.test.WatchDog.cancel(): canceling Mon Apr 23 01:07:35 UTC 2018
auto.tcl: Setting watchdog for 200 seconds at Mon Apr 23 01:07:35 UTC 2018
2 ms. Memory: 549376K Free: 533346K (97%)
ptolemy.util.test.WatchDog.cancel(): canceling Mon Apr 23 01:07:35 UTC 2018
------------------ testing $PTII/ptolemy/domains/de/test/auto/TimingParadox.xml
auto.tcl: Setting watchdog for 200 seconds at Mon Apr 23 01:07:35 UTC 2018
318 ms. Memory: 549888K Free: 462519K (84%)
ptolemy.util.test.WatchDog.cancel(): canceling Mon Apr 23 01:07:36 UTC 2018
auto.tcl: Setting watchdog for 200 seconds at Mon Apr 23 01:07:36 UTC 2018
316 ms. Memory: 549888K Free: 428879K (78%)
ptolemy.util.test.WatchDog.cancel(): canceling Mon Apr 23 01:07:36 UTC 2018
------------------ testing $PTII/ptolemy/domains/de/test/auto/TransferInputs.xml
auto.tcl: Setting watchdog for 200 seconds at Mon Apr 23 01:07:36 UTC 2018
1 ms. Memory: 549888K Free: 532763K (97%)
ptolemy.util.test.WatchDog.cancel(): canceling Mon Apr 23 01:07:36 UTC 2018
auto.tcl: Setting watchdog for 200 seconds at Mon Apr 23 01:07:36 UTC 2018
1 ms. Memory: 549888K Free: 532763K (97%)
ptolemy.util.test.WatchDog.cancel(): canceling Mon Apr 23 01:07:36 UTC 2018
------------------ testing $PTII/ptolemy/domains/de/test/auto/TransferOutputs2.xml
auto.tcl: Setting watchdog for 200 seconds at Mon Apr 23 01:07:36 UTC 2018
3 ms. Memory: 549376K Free: 526609K (96%)
ptolemy.util.test.WatchDog.cancel(): canceling Mon Apr 23 01:07:36 UTC 2018
auto.tcl: Setting watchdog for 200 seconds at Mon Apr 23 01:07:36 UTC 2018
3 ms. Memory: 549376K Free: 526609K (96%)
ptolemy.util.test.WatchDog.cancel(): canceling Mon Apr 23 01:07:36 UTC 2018
------------------ testing $PTII/ptolemy/domains/de/test/auto/Trilateration.xml
auto.tcl: Setting watchdog for 200 seconds at Mon Apr 23 01:07:36 UTC 2018
13912 ms. Memory: 628224K Free: 321320K (51%)
ptolemy.util.test.WatchDog.cancel(): canceling Mon Apr 23 01:07:51 UTC 2018
auto.tcl: Setting watchdog for 200 seconds at Mon Apr 23 01:07:51 UTC 2018
11204 ms. Memory: 508416K Free: 97632K (19%)
ptolemy.util.test.WatchDog.cancel(): canceling Mon Apr 23 01:08:02 UTC 2018
------------------ testing $PTII/ptolemy/domains/de/test/auto/TwoSigmaDelta.xml
auto.tcl: Setting watchdog for 200 seconds at Mon Apr 23 01:08:02 UTC 2018
2524 ms. Memory: 512000K Free: 223205K (44%)
ptolemy.util.test.WatchDog.cancel(): canceling Mon Apr 23 01:08:05 UTC 2018
auto.tcl: Setting watchdog for 200 seconds at Mon Apr 23 01:08:05 UTC 2018
2047 ms. Memory: 489472K Free: 397190K (81%)
ptolemy.util.test.WatchDog.cancel(): canceling Mon Apr 23 01:08:07 UTC 2018
------------------ testing $PTII/ptolemy/domains/de/test/auto/VariableDelay.xml
auto.tcl: Setting watchdog for 200 seconds at Mon Apr 23 01:08:07 UTC 2018
3 ms. Memory: 492032K Free: 472450K (96%)
ptolemy.util.test.WatchDog.cancel(): canceling Mon Apr 23 01:08:07 UTC 2018
auto.tcl: Setting watchdog for 200 seconds at Mon Apr 23 01:08:07 UTC 2018
2 ms. Memory: 492032K Free: 472450K (96%)
ptolemy.util.test.WatchDog.cancel(): canceling Mon Apr 23 01:08:07 UTC 2018
------------------ testing $PTII/ptolemy/domains/de/test/auto/VariableDelay2.xml
auto.tcl: Setting watchdog for 200 seconds at Mon Apr 23 01:08:07 UTC 2018
2 ms. Memory: 488960K Free: 473874K (97%)
ptolemy.util.test.WatchDog.cancel(): canceling Mon Apr 23 01:08:07 UTC 2018
auto.tcl: Setting watchdog for 200 seconds at Mon Apr 23 01:08:07 UTC 2018
1 ms. Memory: 488960K Free: 473874K (97%)
ptolemy.util.test.WatchDog.cancel(): canceling Mon Apr 23 01:08:07 UTC 2018
------------------ testing $PTII/ptolemy/domains/de/test/auto/VariableDelayZeroDelay.xml
auto.tcl: Setting watchdog for 200 seconds at Mon Apr 23 01:08:07 UTC 2018
2 ms. Memory: 491520K Free: 472357K (96%)
ptolemy.util.test.WatchDog.cancel(): canceling Mon Apr 23 01:08:07 UTC 2018
auto.tcl: Setting watchdog for 200 seconds at Mon Apr 23 01:08:07 UTC 2018
2 ms. Memory: 491520K Free: 472357K (96%)
ptolemy.util.test.WatchDog.cancel(): canceling Mon Apr 23 01:08:07 UTC 2018
------------------ testing $PTII/ptolemy/domains/de/test/auto/VariableDelayZeroDelay2.xml
auto.tcl: Setting watchdog for 200 seconds at Mon Apr 23 01:08:07 UTC 2018
1 ms. Memory: 488960K Free: 469796K (96%)
ptolemy.util.test.WatchDog.cancel(): canceling Mon Apr 23 01:08:07 UTC 2018
auto.tcl: Setting watchdog for 200 seconds at Mon Apr 23 01:08:07 UTC 2018
2 ms. Memory: 488960K Free: 469796K (96%)
ptolemy.util.test.WatchDog.cancel(): canceling Mon Apr 23 01:08:07 UTC 2018
------------------ testing $PTII/ptolemy/domains/de/test/auto/deInCt.xml
auto.tcl: Setting watchdog for 200 seconds at Mon Apr 23 01:08:07 UTC 2018
0
1
1
1
1
0
0
0
0
1
1
1
1
0
0
0
1
1
1
0
0
0
1
1
1
0
0
0
0
0
1
1
1
0
0
0
0
0
8 ms. Memory: 491008K Free: 471840K (96%)
ptolemy.util.test.WatchDog.cancel(): canceling Mon Apr 23 01:08:08 UTC 2018
auto.tcl: Setting watchdog for 200 seconds at Mon Apr 23 01:08:08 UTC 2018
0
1
1
1
1
0
0
0
1
1
1
1
1
0
0
0
1
1
1
0
0
0
1
1
1
0
0
0
0
0
0
5 ms. Memory: 491008K Free: 471840K (96%)
ptolemy.util.test.WatchDog.cancel(): canceling Mon Apr 23 01:08:08 UTC 2018
------------------ testing $PTII/ptolemy/domains/de/test/auto/deInCt2.xml
auto.tcl: Setting watchdog for 200 seconds at Mon Apr 23 01:08:08 UTC 2018
0
1
1
1
0
0
1
1
1
0
0
1
1
1
0
0
1
1
1
0
0
1
1
1
0
0
1
1
1
0
0
1
1
1
0
0
1
1
1
0
0
0
6 ms. Memory: 488960K Free: 469777K (96%)
ptolemy.util.test.WatchDog.cancel(): canceling Mon Apr 23 01:08:08 UTC 2018
auto.tcl: Setting watchdog for 200 seconds at Mon Apr 23 01:08:08 UTC 2018
0
1
1
1
0
0
1
1
1
0
0
1
1
1
0
0
1
1
1
0
0
1
1
1
0
0
1
1
1
0
0
1
1
1
0
0
1
1
1
0
0
0
5 ms. Memory: 488960K Free: 469777K (96%)
ptolemy.util.test.WatchDog.cancel(): canceling Mon Apr 23 01:08:08 UTC 2018
------------------ testing $PTII/ptolemy/domains/de/test/auto/dynamicCausalityInterface1.xml
auto.tcl: Setting watchdog for 200 seconds at Mon Apr 23 01:08:08 UTC 2018
5 ms. Memory: 491008K Free: 465586K (95%)
ptolemy.util.test.WatchDog.cancel(): canceling Mon Apr 23 01:08:08 UTC 2018
auto.tcl: Setting watchdog for 200 seconds at Mon Apr 23 01:08:08 UTC 2018
1 ms. Memory: 491008K Free: 465586K (95%)
ptolemy.util.test.WatchDog.cancel(): canceling Mon Apr 23 01:08:08 UTC 2018
------------------ testing $PTII/ptolemy/domains/de/test/auto/fsm_de_test.xml
auto.tcl: Setting watchdog for 200 seconds at Mon Apr 23 01:08:08 UTC 2018
10 ms. Memory: 488960K Free: 463417K (95%)
ptolemy.util.test.WatchDog.cancel(): canceling Mon Apr 23 01:08:08 UTC 2018
auto.tcl: Setting watchdog for 200 seconds at Mon Apr 23 01:08:08 UTC 2018
8 ms. Memory: 488960K Free: 463417K (95%)
ptolemy.util.test.WatchDog.cancel(): canceling Mon Apr 23 01:08:08 UTC 2018
------------------ testing $PTII/ptolemy/domains/de/test/auto/functionDependencyReconstruction.xml
auto.tcl: Setting watchdog for 200 seconds at Mon Apr 23 01:08:08 UTC 2018
2 ms. Memory: 490496K Free: 458702K (94%)
ptolemy.util.test.WatchDog.cancel(): canceling Mon Apr 23 01:08:08 UTC 2018
auto.tcl: Setting watchdog for 200 seconds at Mon Apr 23 01:08:08 UTC 2018
2 ms. Memory: 490496K Free: 458702K (94%)
ptolemy.util.test.WatchDog.cancel(): canceling Mon Apr 23 01:08:08 UTC 2018
------------------ testing $PTII/ptolemy/domains/de/test/auto/multirate.xml
auto.tcl: Setting watchdog for 200 seconds at Mon Apr 23 01:08:08 UTC 2018
8 ms. Memory: 488960K Free: 469550K (96%)
ptolemy.util.test.WatchDog.cancel(): canceling Mon Apr 23 01:08:08 UTC 2018
auto.tcl: Setting watchdog for 200 seconds at Mon Apr 23 01:08:08 UTC 2018
4 ms. Memory: 488960K Free: 463277K (95%)
ptolemy.util.test.WatchDog.cancel(): canceling Mon Apr 23 01:08:08 UTC 2018
------------------ testing $PTII/ptolemy/domains/de/test/auto/multirate2.xml
auto.tcl: Setting watchdog for 200 seconds at Mon Apr 23 01:08:08 UTC 2018
6 ms. Memory: 490496K Free: 471274K (96%)
ptolemy.util.test.WatchDog.cancel(): canceling Mon Apr 23 01:08:08 UTC 2018
auto.tcl: Setting watchdog for 200 seconds at Mon Apr 23 01:08:08 UTC 2018
3 ms. Memory: 490496K Free: 465016K (95%)
ptolemy.util.test.WatchDog.cancel(): canceling Mon Apr 23 01:08:08 UTC 2018
------------------ testing $PTII/ptolemy/domains/de/test/auto/realtime.xml
auto.tcl: Setting watchdog for 200 seconds at Mon Apr 23 01:08:08 UTC 2018
10002 ms. Memory: 488960K Free: 469721K (96%)
ptolemy.util.test.WatchDog.cancel(): canceling Mon Apr 23 01:08:18 UTC 2018
auto.tcl: Setting watchdog for 200 seconds at Mon Apr 23 01:08:18 UTC 2018
10001 ms. Memory: 488960K Free: 469721K (96%)
ptolemy.util.test.WatchDog.cancel(): canceling Mon Apr 23 01:08:28 UTC 2018
------------------ testing $PTII/ptolemy/domains/de/test/auto/relationGroup.xml
auto.tcl: Setting watchdog for 200 seconds at Mon Apr 23 01:08:28 UTC 2018
1 ms. Memory: 489984K Free: 474862K (97%)
ptolemy.util.test.WatchDog.cancel(): canceling Mon Apr 23 01:08:28 UTC 2018
auto.tcl: Setting watchdog for 200 seconds at Mon Apr 23 01:08:28 UTC 2018
1 ms. Memory: 489984K Free: 474862K (97%)
ptolemy.util.test.WatchDog.cancel(): canceling Mon Apr 23 01:08:28 UTC 2018
------------------ testing $PTII/ptolemy/domains/de/test/auto/relationGroup2.xml
auto.tcl: Setting watchdog for 200 seconds at Mon Apr 23 01:08:28 UTC 2018
1 ms. Memory: 488960K Free: 469788K (96%)
ptolemy.util.test.WatchDog.cancel(): canceling Mon Apr 23 01:08:28 UTC 2018
auto.tcl: Setting watchdog for 200 seconds at Mon Apr 23 01:08:28 UTC 2018
1 ms. Memory: 488960K Free: 469788K (96%)
ptolemy.util.test.WatchDog.cancel(): canceling Mon Apr 23 01:08:28 UTC 2018
------------------ testing $PTII/ptolemy/domains/de/test/auto/sortWithOpaquePorts.xml
auto.tcl: Setting watchdog for 200 seconds at Mon Apr 23 01:08:28 UTC 2018
1 ms. Memory: 489984K Free: 470813K (96%)
ptolemy.util.test.WatchDog.cancel(): canceling Mon Apr 23 01:08:28 UTC 2018
auto.tcl: Setting watchdog for 200 seconds at Mon Apr 23 01:08:28 UTC 2018
1 ms. Memory: 489984K Free: 470813K (96%)
ptolemy.util.test.WatchDog.cancel(): canceling Mon Apr 23 01:08:28 UTC 2018
------------------ testing $PTII/ptolemy/domains/de/test/auto/transferInputsandOutputs.xml
auto.tcl: Setting watchdog for 200 seconds at Mon Apr 23 01:08:28 UTC 2018
1 ms. Memory: 488960K Free: 469777K (96%)
ptolemy.util.test.WatchDog.cancel(): canceling Mon Apr 23 01:08:28 UTC 2018
auto.tcl: Setting watchdog for 200 seconds at Mon Apr 23 01:08:28 UTC 2018
2 ms. Memory: 488960K Free: 463511K (95%)
ptolemy.util.test.WatchDog.cancel(): canceling Mon Apr 23 01:08:28 UTC 2018
------------------ testing $PTII/ptolemy/domains/de/test/auto/triggerType.xml
auto.tcl: Setting watchdog for 200 seconds at Mon Apr 23 01:08:28 UTC 2018
1 ms. Memory: 489984K Free: 470750K (96%)
ptolemy.util.test.WatchDog.cancel(): canceling Mon Apr 23 01:08:28 UTC 2018
auto.tcl: Setting watchdog for 200 seconds at Mon Apr 23 01:08:28 UTC 2018
1 ms. Memory: 489984K Free: 470750K (96%)
ptolemy.util.test.WatchDog.cancel(): canceling Mon Apr 23 01:08:28 UTC 2018
04/23/18 01:08:28
Failed: 0  Total Tests: 192  ((Passed: 187, Newly Passed: 1)  Known Failed: 5) /home/travis/build/icyphy/ptII/ptolemy/domains/de/test
04/23/18 01:08:28
Failed: 0  Total Tests: 192  ((Passed: 187, Newly Passed: 1)  Known Failed: 5) /home/travis/build/icyphy/ptII/ptolemy/domains/de/test
----------------- testing (KnownFailure) /home/travis/build/icyphy/ptII/ptolemy/domains/de/test/auto/knownFailedTests/DESDFClockTest.xml
2007 ms. Memory: 488960K Free: 453446K (93%)
Known Failure: java.lang.reflect.InvocationTargetException
----------------- testing (KnownFailure) /home/travis/build/icyphy/ptII/ptolemy/domains/de/test/auto/knownFailedTests/DirectFeedback.xml
1 ms. Memory: 488960K Free: 420842K (86%)
Known Failure: java.lang.reflect.InvocationTargetException
----------------- testing (KnownFailure) /home/travis/build/icyphy/ptII/ptolemy/domains/de/test/auto/knownFailedTests/FSMSource.xml
9 ms. Memory: 488960K Free: 388237K (79%)
----------------- testing (KnownFailure) /home/travis/build/icyphy/ptII/ptolemy/domains/de/test/auto/knownFailedTests/HierarchicalModel.xml
2 ms. Memory: 488960K Free: 355617K (73%)
Known Failure: java.lang.reflect.InvocationTargetException
----------------- testing (KnownFailure) /home/travis/build/icyphy/ptII/ptolemy/domains/de/test/auto/knownFailedTests/dependencyLoop.xml
2 ms. Memory: 488960K Free: 314845K (64%)
Known Failure: java.lang.reflect.InvocationTargetException
----------------- testing (KnownFailure) /home/travis/build/icyphy/ptII/ptolemy/domains/de/test/auto/knownFailedTests/dependencyLoop2.xml
2 ms. Memory: 488960K Free: 274082K (56%)
Known Failure: java.lang.reflect.InvocationTargetException
No auto/*.xml tests in /home/travis/build/icyphy/ptII/ptolemy/domains/de/test
AutoTests.java: About to close Vertx.
AutoTests.java: Vertx closed.
----------------- testing Mon Apr 23 01:08:31 UTC 2018 /home/travis/build/icyphy/ptII/ptolemy/domains/de/test/auto/ActorDepthCalculation_actorWithoutPorts.xml
1 ms. Memory: 488960K Free: 233326K (48%)
reloadAllAccessors: .ActorDepthCalculation_actorWithoutPorts
----------------- testing Mon Apr 23 01:08:31 UTC 2018 /home/travis/build/icyphy/ptII/ptolemy/domains/de/test/auto/AssemblyLine.xml
1 ms. Memory: 488960K Free: 217024K (44%)
reloadAllAccessors: .AssemblyLine
----------------- testing Mon Apr 23 01:08:31 UTC 2018 /home/travis/build/icyphy/ptII/ptolemy/domains/de/test/auto/CQBug1.xml
1 ms. Memory: 488960K Free: 200722K (41%)
reloadAllAccessors: .CQBug1
----------------- testing Mon Apr 23 01:08:31 UTC 2018 /home/travis/build/icyphy/ptII/ptolemy/domains/de/test/auto/CancelFireAt.xml
0 ms. Memory: 488960K Free: 184420K (38%)
reloadAllAccessors: .CancelFireAt
----------------- testing Mon Apr 23 01:08:31 UTC 2018 /home/travis/build/icyphy/ptII/ptolemy/domains/de/test/auto/CausalityAndComposabilityAnalysis.xml
1 ms. Memory: 488960K Free: 168118K (34%)
reloadAllAccessors: .CausalityAndComposabilityAnalysis
----------------- testing Mon Apr 23 01:08:31 UTC 2018 /home/travis/build/icyphy/ptII/ptolemy/domains/de/test/auto/CausalityInterface1.xml
2 ms. Memory: 488960K Free: 151816K (31%)
reloadAllAccessors: .CausalityInterface1
----------------- testing Mon Apr 23 01:08:31 UTC 2018 /home/travis/build/icyphy/ptII/ptolemy/domains/de/test/auto/CausalityInterface15.xml
1 ms. Memory: 488960K Free: 135513K (28%)
reloadAllAccessors: .CausalityInterface15
----------------- testing Mon Apr 23 01:08:31 UTC 2018 /home/travis/build/icyphy/ptII/ptolemy/domains/de/test/auto/CausalityInterface2.xml
1 ms. Memory: 488960K Free: 119211K (24%)
reloadAllAccessors: .CausalityInterface2
----------------- testing Mon Apr 23 01:08:31 UTC 2018 /home/travis/build/icyphy/ptII/ptolemy/domains/de/test/auto/CausalityInterface3.xml
1 ms. Memory: 488960K Free: 102909K (21%)
reloadAllAccessors: .CausalityInterface3
----------------- testing Mon Apr 23 01:08:31 UTC 2018 /home/travis/build/icyphy/ptII/ptolemy/domains/de/test/auto/ClockDrift.xml
9 ms. Memory: 488960K Free: 78440K (16%)
reloadAllAccessors: .ClockDrift
----------------- testing Mon Apr 23 01:08:31 UTC 2018 /home/travis/build/icyphy/ptII/ptolemy/domains/de/test/auto/ClockDriftAndValueChange.xml
8 ms. Memory: 470528K Free: 449543K (96%)
reloadAllAccessors: .ClockDriftAndValueChange
----------------- testing Mon Apr 23 01:08:31 UTC 2018 /home/travis/build/icyphy/ptII/ptolemy/domains/de/test/auto/ClockDriftChange.xml
8 ms. Memory: 470528K Free: 430117K (91%)
reloadAllAccessors: .ClockDriftChange
----------------- testing Mon Apr 23 01:08:31 UTC 2018 /home/travis/build/icyphy/ptII/ptolemy/domains/de/test/auto/ComposableCausalityAnalysis.xml
1 ms. Memory: 470528K Free: 418433K (89%)
reloadAllAccessors: .ComposableCausalityAnalysis
----------------- testing Mon Apr 23 01:08:31 UTC 2018 /home/travis/build/icyphy/ptII/ptolemy/domains/de/test/auto/DEFixedPointLimitation.xml
0 ms. Memory: 470528K Free: 406759K (86%)
reloadAllAccessors: .DEFixedPointLimitation
----------------- testing Mon Apr 23 01:08:31 UTC 2018 /home/travis/build/icyphy/ptII/ptolemy/domains/de/test/auto/DEScheduleTest.xml
1 ms. Memory: 470528K Free: 398986K (85%)
reloadAllAccessors: .DEScheduleTest
----------------- testing Mon Apr 23 01:08:31 UTC 2018 /home/travis/build/icyphy/ptII/ptolemy/domains/de/test/auto/DEinDEwithStartTimes.xml
1 ms. Memory: 470528K Free: 387312K (82%)
reloadAllAccessors: .DEinDEwithStartTimes
----------------- testing Mon Apr 23 01:08:31 UTC 2018 /home/travis/build/icyphy/ptII/ptolemy/domains/de/test/auto/DEinDEwithStartTimes2.xml
1 ms. Memory: 470528K Free: 375654K (80%)
reloadAllAccessors: .DEinDEwithStartTimes2
----------------- testing Mon Apr 23 01:08:31 UTC 2018 /home/travis/build/icyphy/ptII/ptolemy/domains/de/test/auto/DateDemo.xml
3 ms. Memory: 470528K Free: 360093K (77%)
reloadAllAccessors: .DateDemo
----------------- testing Mon Apr 23 01:08:31 UTC 2018 /home/travis/build/icyphy/ptII/ptolemy/domains/de/test/auto/DateToEvent.xml
2004 ms. Memory: 470528K Free: 336736K (72%)
reloadAllAccessors: .DateToEvent
----------------- testing Mon Apr 23 01:08:33 UTC 2018 /home/travis/build/icyphy/ptII/ptolemy/domains/de/test/auto/DepthTest1.xml
[...]
java.lang.RuntimeException: Execution failed
	at ptolemy.moml.MoMLSimpleApplication$UnloadThread.run(MoMLSimpleApplication.java:402)
Caused by: ptolemy.kernel.util.IllegalActionException: Test fails in iteration 1.
Value was: 1.0. Should have been: 2.0
  in .DirectFeedback.Test
	at ptolemy.actor.lib.Test.fire(Test.java:268)
	at ptolemy.domains.de.kernel.DEDirector._fire(DEDirector.java:1948)
	at ptolemy.domains.de.kernel.DEDirector.fire(DEDirector.java:502)
	at ptolemy.actor.CompositeActor.fire(CompositeActor.java:455)
	at ptolemy.actor.Manager.iterate(Manager.java:851)
	at ptolemy.actor.Manager.execute(Manager.java:369)
	at ptolemy.actor.Manager.run(Manager.java:1263)
	at ptolemy.actor.Manager$PtolemyRunThread.run(Manager.java:1915)
java.lang.RuntimeException: Execution failed
	at ptolemy.moml.MoMLSimpleApplication$UnloadThread.run(MoMLSimpleApplication.java:402)
Caused by: ptolemy.kernel.util.IllegalActionException: Actor is not ready to fire.  Perhaps UpSample.prefire() returned false? Try debugging the actor by selecting "Listen to Actor".  Also, for SDF check moml for tokenConsumptionRate on input.
  in .DESDFClockTest.Play Bell.Copy1:SDF Director and .DESDFClockTest.Play Bell.UpSample
	at ptolemy.actor.sched.StaticSchedulingDirector.fire(StaticSchedulingDirector.java:227)
	at ptolemy.domains.sdf.kernel.SDFDirector.fire(SDFDirector.java:500)
	at ptolemy.actor.CompositeActor.fire(CompositeActor.java:455)
	at ptolemy.domains.de.kernel.DEDirector._fire(DEDirector.java:1948)
	at ptolemy.domains.de.kernel.DEDirector.fire(DEDirector.java:502)
	at ptolemy.actor.CompositeActor.fire(CompositeActor.java:455)
	at ptolemy.actor.Manager.iterate(Manager.java:851)
	at ptolemy.actor.Manager.execute(Manager.java:369)
	at ptolemy.actor.Manager.run(Manager.java:1263)
	at ptolemy.actor.Manager$PtolemyRunThread.run(Manager.java:1915)
java.lang.reflect.InvocationTargetException
	at sun.reflect.NativeConstructorAccessorImpl.newInstance0(Native Method)
	at sun.reflect.NativeConstructorAccessorImpl.newInstance(NativeConstructorAccessorImpl.java:62)
	at sun.reflect.DelegatingConstructorAccessorImpl.newInstance(DelegatingConstructorAccessorImpl.java:45)
	at java.lang.reflect.Constructor.newInstance(Constructor.java:423)
	at ptolemy.util.test.junit.AutoKnownFailedTests.RunModel(AutoKnownFailedTests.java:107)
	at sun.reflect.NativeMethodAccessorImpl.invoke0(Native Method)
	at sun.reflect.NativeMethodAccessorImpl.invoke(NativeMethodAccessorImpl.java:62)
	at sun.reflect.DelegatingMethodAccessorImpl.invoke(DelegatingMethodAccessorImpl.java:43)
	at java.lang.reflect.Method.invoke(Method.java:498)
	at org.junit.runners.model.FrameworkMethod$1.runReflectiveCall(FrameworkMethod.java:44)
	at org.junit.internal.runners.model.ReflectiveCallable.run(ReflectiveCallable.java:15)
	at org.junit.runners.model.FrameworkMethod.invokeExplosively(FrameworkMethod.java:41)
	at junitparams.internal.InvokeParameterisedMethod.evaluate(InvokeParameterisedMethod.java:102)
	at org.junit.internal.runners.statements.FailOnTimeout$1.run(FailOnTimeout.java:28)
Caused by: ptolemy.kernel.util.IllegalActionException: Actor is not ready to fire.  Perhaps UpSample.prefire() returned false? Try debugging the actor by selecting "Listen to Actor".  Also, for SDF check moml for tokenConsumptionRate on input.
  in .DESDFClockTest.Play Bell.Copy1:SDF Director and .DESDFClockTest.Play Bell.UpSample
	at ptolemy.actor.sched.StaticSchedulingDirector.fire(StaticSchedulingDirector.java:227)
	at ptolemy.domains.sdf.kernel.SDFDirector.fire(SDFDirector.java:500)
	at ptolemy.actor.CompositeActor.fire(CompositeActor.java:455)
	at ptolemy.domains.de.kernel.DEDirector._fire(DEDirector.java:1948)
	at ptolemy.domains.de.kernel.DEDirector.fire(DEDirector.java:502)
	at ptolemy.actor.CompositeActor.fire(CompositeActor.java:455)
	at ptolemy.actor.Manager.iterate(Manager.java:851)
	at ptolemy.actor.Manager.execute(Manager.java:369)
	at ptolemy.actor.Manager.run(Manager.java:1263)
	at ptolemy.actor.Manager$PtolemyRunThread.run(Manager.java:1915)
java.lang.RuntimeException: Execution failed
	at ptolemy.moml.MoMLSimpleApplication$UnloadThread.run(MoMLSimpleApplication.java:402)
Caused by: ptolemy.kernel.util.IllegalActionException: Test fails in iteration 1.
Value was: 1.0. Should have been: 2.0
  in .DirectFeedback.Test
	at ptolemy.actor.lib.Test.fire(Test.java:268)
	at ptolemy.domains.de.kernel.DEDirector._fire(DEDirector.java:1948)
	at ptolemy.domains.de.kernel.DEDirector.fire(DEDirector.java:502)
	at ptolemy.actor.CompositeActor.fire(CompositeActor.java:455)
	at ptolemy.actor.Manager.iterate(Manager.java:851)
	at ptolemy.actor.Manager.execute(Manager.java:369)
	at ptolemy.actor.Manager.run(Manager.java:1263)
	at ptolemy.actor.Manager$PtolemyRunThread.run(Manager.java:1915)
java.lang.reflect.InvocationTargetException
	at sun.reflect.NativeConstructorAccessorImpl.newInstance0(Native Method)
	at sun.reflect.NativeConstructorAccessorImpl.newInstance(NativeConstructorAccessorImpl.java:62)
	at sun.reflect.DelegatingConstructorAccessorImpl.newInstance(DelegatingConstructorAccessorImpl.java:45)
	at java.lang.reflect.Constructor.newInstance(Constructor.java:423)
	at ptolemy.util.test.junit.AutoKnownFailedTests.RunModel(AutoKnownFailedTests.java:107)
	at sun.reflect.NativeMethodAccessorImpl.invoke0(Native Method)
	at sun.reflect.NativeMethodAccessorImpl.invoke(NativeMethodAccessorImpl.java:62)
	at sun.reflect.DelegatingMethodAccessorImpl.invoke(DelegatingMethodAccessorImpl.java:43)
	at java.lang.reflect.Method.invoke(Method.java:498)
	at org.junit.runners.model.FrameworkMethod$1.runReflectiveCall(FrameworkMethod.java:44)
	at org.junit.internal.runners.model.ReflectiveCallable.run(ReflectiveCallable.java:15)
	at org.junit.runners.model.FrameworkMethod.invokeExplosively(FrameworkMethod.java:41)
	at junitparams.internal.InvokeParameterisedMethod.evaluate(InvokeParameterisedMethod.java:102)
	at org.junit.internal.runners.statements.FailOnTimeout$1.run(FailOnTimeout.java:28)
Caused by: ptolemy.kernel.util.IllegalActionException: Test fails in iteration 1.
Value was: 1.0. Should have been: 2.0
  in .DirectFeedback.Test
	at ptolemy.actor.lib.Test.fire(Test.java:268)
	at ptolemy.domains.de.kernel.DEDirector._fire(DEDirector.java:1948)
	at ptolemy.domains.de.kernel.DEDirector.fire(DEDirector.java:502)
	at ptolemy.actor.CompositeActor.fire(CompositeActor.java:455)
	at ptolemy.actor.Manager.iterate(Manager.java:851)
	at ptolemy.actor.Manager.execute(Manager.java:369)
	at ptolemy.actor.Manager.run(Manager.java:1263)
	at ptolemy.actor.Manager$PtolemyRunThread.run(Manager.java:1915)
java.lang.RuntimeException: Execution failed
	at ptolemy.moml.MoMLSimpleApplication$UnloadThread.run(MoMLSimpleApplication.java:402)
Caused by: ptolemy.kernel.util.IllegalActionException: Found a zero delay loop containing .HierarchicalModel.A
  in .HierarchicalModel and .HierarchicalModel.A
	at ptolemy.actor.util.CausalityInterfaceForComposites._computeOutputPortDepth(CausalityInterfaceForComposites.java:759)
	at ptolemy.actor.util.CausalityInterfaceForComposites._computeInputDepth(CausalityInterfaceForComposites.java:696)
	at ptolemy.actor.util.CausalityInterfaceForComposites._computeOutputPortDepth(CausalityInterfaceForComposites.java:765)
	at ptolemy.actor.util.CausalityInterfaceForComposites._computeInputDepth(CausalityInterfaceForComposites.java:696)
	at ptolemy.actor.util.CausalityInterfaceForComposites._computeOutputPortDepth(CausalityInterfaceForComposites.java:765)
	at ptolemy.actor.util.CausalityInterfaceForComposites._computeInputDepth(CausalityInterfaceForComposites.java:696)
	at ptolemy.actor.util.CausalityInterfaceForComposites._computeActorDepth(CausalityInterfaceForComposites.java:532)
	at ptolemy.actor.util.CausalityInterfaceForComposites.checkForCycles(CausalityInterfaceForComposites.java:96)
	at ptolemy.domains.de.kernel.DEDirector.preinitialize(DEDirector.java:1337)
	at ptolemy.actor.CompositeActor.preinitialize(CompositeActor.java:1828)
	at ptolemy.actor.Manager.preinitializeAndResolveTypes(Manager.java:1040)
	at ptolemy.actor.Manager.initialize(Manager.java:710)
	at ptolemy.actor.Manager.execute(Manager.java:356)
	at ptolemy.actor.Manager.run(Manager.java:1263)
	at ptolemy.actor.Manager$PtolemyRunThread.run(Manager.java:1915)
java.lang.reflect.InvocationTargetException
	at sun.reflect.NativeConstructorAccessorImpl.newInstance0(Native Method)
	at sun.reflect.NativeConstructorAccessorImpl.newInstance(NativeConstructorAccessorImpl.java:62)
	at sun.reflect.DelegatingConstructorAccessorImpl.newInstance(DelegatingConstructorAccessorImpl.java:45)
	at java.lang.reflect.Constructor.newInstance(Constructor.java:423)
	at ptolemy.util.test.junit.AutoKnownFailedTests.RunModel(AutoKnownFailedTests.java:107)
	at sun.reflect.NativeMethodAccessorImpl.invoke0(Native Method)
	at sun.reflect.NativeMethodAccessorImpl.invoke(NativeMethodAccessorImpl.java:62)
	at sun.reflect.DelegatingMethodAccessorImpl.invoke(DelegatingMethodAccessorImpl.java:43)
	at java.lang.reflect.Method.invoke(Method.java:498)
	at org.junit.runners.model.FrameworkMethod$1.runReflectiveCall(FrameworkMethod.java:44)
	at org.junit.internal.runners.model.ReflectiveCallable.run(ReflectiveCallable.java:15)
	at org.junit.runners.model.FrameworkMethod.invokeExplosively(FrameworkMethod.java:41)
	at junitparams.internal.InvokeParameterisedMethod.evaluate(InvokeParameterisedMethod.java:102)
	at org.junit.internal.runners.statements.FailOnTimeout$1.run(FailOnTimeout.java:28)
Caused by: ptolemy.kernel.util.IllegalActionException: Found a zero delay loop containing .HierarchicalModel.A
  in .HierarchicalModel and .HierarchicalModel.A
	at ptolemy.actor.util.CausalityInterfaceForComposites._computeOutputPortDepth(CausalityInterfaceForComposites.java:759)
	at ptolemy.actor.util.CausalityInterfaceForComposites._computeInputDepth(CausalityInterfaceForComposites.java:696)
	at ptolemy.actor.util.CausalityInterfaceForComposites._computeOutputPortDepth(CausalityInterfaceForComposites.java:765)
	at ptolemy.actor.util.CausalityInterfaceForComposites._computeInputDepth(CausalityInterfaceForComposites.java:696)
	at ptolemy.actor.util.CausalityInterfaceForComposites._computeOutputPortDepth(CausalityInterfaceForComposites.java:765)
	at ptolemy.actor.util.CausalityInterfaceForComposites._computeInputDepth(CausalityInterfaceForComposites.java:696)
	at ptolemy.actor.util.CausalityInterfaceForComposites._computeActorDepth(CausalityInterfaceForComposites.java:532)
	at ptolemy.actor.util.CausalityInterfaceForComposites.checkForCycles(CausalityInterfaceForComposites.java:96)
	at ptolemy.domains.de.kernel.DEDirector.preinitialize(DEDirector.java:1337)
	at ptolemy.actor.CompositeActor.preinitialize(CompositeActor.java:1828)
	at ptolemy.actor.Manager.preinitializeAndResolveTypes(Manager.java:1040)
	at ptolemy.actor.Manager.initialize(Manager.java:710)
	at ptolemy.actor.Manager.execute(Manager.java:356)
	at ptolemy.actor.Manager.run(Manager.java:1263)
	at ptolemy.actor.Manager$PtolemyRunThread.run(Manager.java:1915)
java.lang.RuntimeException: Execution failed
	at ptolemy.moml.MoMLSimpleApplication$UnloadThread.run(MoMLSimpleApplication.java:402)
Caused by: ptolemy.kernel.util.IllegalActionException: Found a zero delay loop containing .dependencyLoop.original
  in .dependencyLoop and .dependencyLoop.original
	at ptolemy.actor.util.CausalityInterfaceForComposites._computeOutputPortDepth(CausalityInterfaceForComposites.java:759)
	at ptolemy.actor.util.CausalityInterfaceForComposites._computeInputDepth(CausalityInterfaceForComposites.java:696)
	at ptolemy.actor.util.CausalityInterfaceForComposites._computeOutputPortDepth(CausalityInterfaceForComposites.java:765)
	at ptolemy.actor.util.CausalityInterfaceForComposites._computeInputDepth(CausalityInterfaceForComposites.java:696)
	at ptolemy.actor.util.CausalityInterfaceForComposites._computeOutputPortDepth(CausalityInterfaceForComposites.java:765)
	at ptolemy.actor.util.CausalityInterfaceForComposites._computeInputDepth(CausalityInterfaceForComposites.java:696)
	at ptolemy.actor.util.CausalityInterfaceForComposites._computeActorDepth(CausalityInterfaceForComposites.java:532)
	at ptolemy.actor.util.CausalityInterfaceForComposites.checkForCycles(CausalityInterfaceForComposites.java:96)
	at ptolemy.domains.de.kernel.DEDirector.preinitialize(DEDirector.java:1337)
	at ptolemy.actor.CompositeActor.preinitialize(CompositeActor.java:1828)
	at ptolemy.actor.Manager.preinitializeAndResolveTypes(Manager.java:1040)
	at ptolemy.actor.Manager.initialize(Manager.java:710)
	at ptolemy.actor.Manager.execute(Manager.java:356)
	at ptolemy.actor.Manager.run(Manager.java:1263)
	at ptolemy.actor.Manager$PtolemyRunThread.run(Manager.java:1915)
java.lang.reflect.InvocationTargetException
	at sun.reflect.NativeConstructorAccessorImpl.newInstance0(Native Method)
	at sun.reflect.NativeConstructorAccessorImpl.newInstance(NativeConstructorAccessorImpl.java:62)
	at sun.reflect.DelegatingConstructorAccessorImpl.newInstance(DelegatingConstructorAccessorImpl.java:45)
	at java.lang.reflect.Constructor.newInstance(Constructor.java:423)
	at ptolemy.util.test.junit.AutoKnownFailedTests.RunModel(AutoKnownFailedTests.java:107)
	at sun.reflect.NativeMethodAccessorImpl.invoke0(Native Method)
	at sun.reflect.NativeMethodAccessorImpl.invoke(NativeMethodAccessorImpl.java:62)
	at sun.reflect.DelegatingMethodAccessorImpl.invoke(DelegatingMethodAccessorImpl.java:43)
	at java.lang.reflect.Method.invoke(Method.java:498)
	at org.junit.runners.model.FrameworkMethod$1.runReflectiveCall(FrameworkMethod.java:44)
	at org.junit.internal.runners.model.ReflectiveCallable.run(ReflectiveCallable.java:15)
	at org.junit.runners.model.FrameworkMethod.invokeExplosively(FrameworkMethod.java:41)
	at junitparams.internal.InvokeParameterisedMethod.evaluate(InvokeParameterisedMethod.java:102)
	at org.junit.internal.runners.statements.FailOnTimeout$1.run(FailOnTimeout.java:28)
Caused by: ptolemy.kernel.util.IllegalActionException: Found a zero delay loop containing .dependencyLoop.original
  in .dependencyLoop and .dependencyLoop.original
	at ptolemy.actor.util.CausalityInterfaceForComposites._computeOutputPortDepth(CausalityInterfaceForComposites.java:759)
	at ptolemy.actor.util.CausalityInterfaceForComposites._computeInputDepth(CausalityInterfaceForComposites.java:696)
	at ptolemy.actor.util.CausalityInterfaceForComposites._computeOutputPortDepth(CausalityInterfaceForComposites.java:765)
	at ptolemy.actor.util.CausalityInterfaceForComposites._computeInputDepth(CausalityInterfaceForComposites.java:696)
	at ptolemy.actor.util.CausalityInterfaceForComposites._computeOutputPortDepth(CausalityInterfaceForComposites.java:765)
	at ptolemy.actor.util.CausalityInterfaceForComposites._computeInputDepth(CausalityInterfaceForComposites.java:696)
	at ptolemy.actor.util.CausalityInterfaceForComposites._computeActorDepth(CausalityInterfaceForComposites.java:532)
	at ptolemy.actor.util.CausalityInterfaceForComposites.checkForCycles(CausalityInterfaceForComposites.java:96)
	at ptolemy.domains.de.kernel.DEDirector.preinitialize(DEDirector.java:1337)
	at ptolemy.actor.CompositeActor.preinitialize(CompositeActor.java:1828)
	at ptolemy.actor.Manager.preinitializeAndResolveTypes(Manager.java:1040)
	at ptolemy.actor.Manager.initialize(Manager.java:710)
	at ptolemy.actor.Manager.execute(Manager.java:356)
	at ptolemy.actor.Manager.run(Manager.java:1263)
	at ptolemy.actor.Manager$PtolemyRunThread.run(Manager.java:1915)
java.lang.RuntimeException: Execution failed
	at ptolemy.moml.MoMLSimpleApplication$UnloadThread.run(MoMLSimpleApplication.java:402)
Caused by: ptolemy.kernel.util.IllegalActionException: Found a zero delay loop containing .dependencyLoop2.original
  in .dependencyLoop2 and .dependencyLoop2.original
	at ptolemy.actor.util.CausalityInterfaceForComposites._computeOutputPortDepth(CausalityInterfaceForComposites.java:759)
	at ptolemy.actor.util.CausalityInterfaceForComposites._computeInputDepth(CausalityInterfaceForComposites.java:696)
	at ptolemy.actor.util.CausalityInterfaceForComposites._computeOutputPortDepth(CausalityInterfaceForComposites.java:765)
	at ptolemy.actor.util.CausalityInterfaceForComposites._computeInputDepth(CausalityInterfaceForComposites.java:696)
	at ptolemy.actor.util.CausalityInterfaceForComposites._computeOutputPortDepth(CausalityInterfaceForComposites.java:765)
	at ptolemy.actor.util.CausalityInterfaceForComposites._computeInputDepth(CausalityInterfaceForComposites.java:696)
	at ptolemy.actor.util.CausalityInterfaceForComposites._computeActorDepth(CausalityInterfaceForComposites.java:532)
	at ptolemy.actor.util.CausalityInterfaceForComposites.checkForCycles(CausalityInterfaceForComposites.java:96)
	at ptolemy.domains.de.kernel.DEDirector.preinitialize(DEDirector.java:1337)
	at ptolemy.actor.CompositeActor.preinitialize(CompositeActor.java:1828)
	at ptolemy.actor.Manager.preinitializeAndResolveTypes(Manager.java:1040)
	at ptolemy.actor.Manager.initialize(Manager.java:710)
	at ptolemy.actor.Manager.execute(Manager.java:356)
	at ptolemy.actor.Manager.run(Manager.java:1263)
	at ptolemy.actor.Manager$PtolemyRunThread.run(Manager.java:1915)
java.lang.reflect.InvocationTargetException
	at sun.reflect.NativeConstructorAccessorImpl.newInstance0(Native Method)
	at sun.reflect.NativeConstructorAccessorImpl.newInstance(NativeConstructorAccessorImpl.java:62)
	at sun.reflect.DelegatingConstructorAccessorImpl.newInstance(DelegatingConstructorAccessorImpl.java:45)
	at java.lang.reflect.Constructor.newInstance(Constructor.java:423)
	at ptolemy.util.test.junit.AutoKnownFailedTests.RunModel(AutoKnownFailedTests.java:107)
	at sun.reflect.NativeMethodAccessorImpl.invoke0(Native Method)
	at sun.reflect.NativeMethodAccessorImpl.invoke(NativeMethodAccessorImpl.java:62)
	at sun.reflect.DelegatingMethodAccessorImpl.invoke(DelegatingMethodAccessorImpl.java:43)
	at java.lang.reflect.Method.invoke(Method.java:498)
	at org.junit.runners.model.FrameworkMethod$1.runReflectiveCall(FrameworkMethod.java:44)
	at org.junit.internal.runners.model.ReflectiveCallable.run(ReflectiveCallable.java:15)
	at org.junit.runners.model.FrameworkMethod.invokeExplosively(FrameworkMethod.java:41)
	at junitparams.internal.InvokeParameterisedMethod.evaluate(InvokeParameterisedMethod.java:102)
	at org.junit.internal.runners.statements.FailOnTimeout$1.run(FailOnTimeout.java:28)
Caused by: ptolemy.kernel.util.IllegalActionException: Found a zero delay loop containing .dependencyLoop2.original
  in .dependencyLoop2 and .dependencyLoop2.original
	at ptolemy.actor.util.CausalityInterfaceForComposites._computeOutputPortDepth(CausalityInterfaceForComposites.java:759)
	at ptolemy.actor.util.CausalityInterfaceForComposites._computeInputDepth(CausalityInterfaceForComposites.java:696)
	at ptolemy.actor.util.CausalityInterfaceForComposites._computeOutputPortDepth(CausalityInterfaceForComposites.java:765)
	at ptolemy.actor.util.CausalityInterfaceForComposites._computeInputDepth(CausalityInterfaceForComposites.java:696)
	at ptolemy.actor.util.CausalityInterfaceForComposites._computeOutputPortDepth(CausalityInterfaceForComposites.java:765)
	at ptolemy.actor.util.CausalityInterfaceForComposites._computeInputDepth(CausalityInterfaceForComposites.java:696)
	at ptolemy.actor.util.CausalityInterfaceForComposites._computeActorDepth(CausalityInterfaceForComposites.java:532)
	at ptolemy.actor.util.CausalityInterfaceForComposites.checkForCycles(CausalityInterfaceForComposites.java:96)
	at ptolemy.domains.de.kernel.DEDirector.preinitialize(DEDirector.java:1337)
	at ptolemy.actor.CompositeActor.preinitialize(CompositeActor.java:1828)
	at ptolemy.actor.Manager.preinitializeAndResolveTypes(Manager.java:1040)
	at ptolemy.actor.Manager.initialize(Manager.java:710)
	at ptolemy.actor.Manager.execute(Manager.java:356)
	at ptolemy.actor.Manager.run(Manager.java:1263)
	at ptolemy.actor.Manager$PtolemyRunThread.run(Manager.java:1915)
]]></system-err>
</testsuite>
