<?xml version="1.0" encoding="UTF-8" ?>
<testsuite errors="0" failures="0" hostname="travis-job-e5a050d7-6855-4525-88b4-76aaa0a03cf5" name="ptolemy.domains.de.test.junit.JUnitTclTest" skipped="0" tests="101" time="129.242" timestamp="2018-04-28T00:36:07">
  <properties>
[...]
</properties>
  <testcase classname="ptolemy.util.test.junit.TclTests" name="[0] /home/travis/build/icyphy/ptII/ptolemy/domains/de/test/DependencyLoop.tcl (RunTclFile)" time="0.755" />
  <testcase classname="ptolemy.util.test.junit.TclTests" name="[1] /home/travis/build/icyphy/ptII/ptolemy/domains/de/test/RunDETestsAsQSS.tcl (RunTclFile)" time="89.418" />
  <testcase classname="ptolemy.util.test.junit.AutoKnownFailedTests" name="[0] /home/travis/build/icyphy/ptII/ptolemy/domains/de/test/auto/knownFailedTests/DESDFClockTest.xml (RunModel)" time="2.023" />
  <testcase classname="ptolemy.util.test.junit.AutoKnownFailedTests" name="[1] /home/travis/build/icyphy/ptII/ptolemy/domains/de/test/auto/knownFailedTests/DirectFeedback.xml (RunModel)" time="0.011" />
  <testcase classname="ptolemy.util.test.junit.AutoKnownFailedTests" name="[2] /home/travis/build/icyphy/ptII/ptolemy/domains/de/test/auto/knownFailedTests/FSMSource.xml (RunModel)" time="0.016" />
  <testcase classname="ptolemy.util.test.junit.AutoKnownFailedTests" name="[3] /home/travis/build/icyphy/ptII/ptolemy/domains/de/test/auto/knownFailedTests/HierarchicalModel.xml (RunModel)" time="0.029" />
  <testcase classname="ptolemy.util.test.junit.AutoKnownFailedTests" name="[4] /home/travis/build/icyphy/ptII/ptolemy/domains/de/test/auto/knownFailedTests/dependencyLoop.xml (RunModel)" time="0.029" />
  <testcase classname="ptolemy.util.test.junit.AutoKnownFailedTests" name="[5] /home/travis/build/icyphy/ptII/ptolemy/domains/de/test/auto/knownFailedTests/dependencyLoop2.xml (RunModel)" time="0.022" />
  <testcase classname="ptolemy.util.test.junit.AutoNameArchTests" name="[0] ThereAreNoAutoTests (RunModel)" time="0.001" />
  <testcase classname="ptolemy.util.test.junit.AutoTests" name="[0] /home/travis/build/icyphy/ptII/ptolemy/domains/de/test/auto/ActorDepthCalculation_actorWithoutPorts.xml (RunModel)" time="0.008" />
  <testcase classname="ptolemy.util.test.junit.AutoTests" name="[1] /home/travis/build/icyphy/ptII/ptolemy/domains/de/test/auto/AssemblyLine.xml (RunModel)" time="0.01" />
  <testcase classname="ptolemy.util.test.junit.AutoTests" name="[2] /home/travis/build/icyphy/ptII/ptolemy/domains/de/test/auto/CQBug1.xml (RunModel)" time="0.004" />
  <testcase classname="ptolemy.util.test.junit.AutoTests" name="[3] /home/travis/build/icyphy/ptII/ptolemy/domains/de/test/auto/CancelFireAt.xml (RunModel)" time="0.011" />
  <testcase classname="ptolemy.util.test.junit.AutoTests" name="[4] /home/travis/build/icyphy/ptII/ptolemy/domains/de/test/auto/CausalityAndComposabilityAnalysis.xml (RunModel)" time="0.009" />
  <testcase classname="ptolemy.util.test.junit.AutoTests" name="[5] /home/travis/build/icyphy/ptII/ptolemy/domains/de/test/auto/CausalityInterface1.xml (RunModel)" time="0.009" />
  <testcase classname="ptolemy.util.test.junit.AutoTests" name="[6] /home/travis/build/icyphy/ptII/ptolemy/domains/de/test/auto/CausalityInterface15.xml (RunModel)" time="0.012" />
  <testcase classname="ptolemy.util.test.junit.AutoTests" name="[7] /home/travis/build/icyphy/ptII/ptolemy/domains/de/test/auto/CausalityInterface2.xml (RunModel)" time="0.009" />
  <testcase classname="ptolemy.util.test.junit.AutoTests" name="[8] /home/travis/build/icyphy/ptII/ptolemy/domains/de/test/auto/CausalityInterface3.xml (RunModel)" time="0.012" />
  <testcase classname="ptolemy.util.test.junit.AutoTests" name="[9] /home/travis/build/icyphy/ptII/ptolemy/domains/de/test/auto/ClockDrift.xml (RunModel)" time="0.024" />
  <testcase classname="ptolemy.util.test.junit.AutoTests" name="[10] /home/travis/build/icyphy/ptII/ptolemy/domains/de/test/auto/ClockDriftAndValueChange.xml (RunModel)" time="0.021" />
  <testcase classname="ptolemy.util.test.junit.AutoTests" name="[11] /home/travis/build/icyphy/ptII/ptolemy/domains/de/test/auto/ClockDriftChange.xml (RunModel)" time="0.023" />
  <testcase classname="ptolemy.util.test.junit.AutoTests" name="[12] /home/travis/build/icyphy/ptII/ptolemy/domains/de/test/auto/ComposableCausalityAnalysis.xml (RunModel)" time="0.011" />
  <testcase classname="ptolemy.util.test.junit.AutoTests" name="[13] /home/travis/build/icyphy/ptII/ptolemy/domains/de/test/auto/DEFixedPointLimitation.xml (RunModel)" time="0.006" />
  <testcase classname="ptolemy.util.test.junit.AutoTests" name="[14] /home/travis/build/icyphy/ptII/ptolemy/domains/de/test/auto/DEScheduleTest.xml (RunModel)" time="0.009" />
  <testcase classname="ptolemy.util.test.junit.AutoTests" name="[15] /home/travis/build/icyphy/ptII/ptolemy/domains/de/test/auto/DEinDEwithStartTimes.xml (RunModel)" time="0.012" />
  <testcase classname="ptolemy.util.test.junit.AutoTests" name="[16] /home/travis/build/icyphy/ptII/ptolemy/domains/de/test/auto/DEinDEwithStartTimes2.xml (RunModel)" time="0.011" />
  <testcase classname="ptolemy.util.test.junit.AutoTests" name="[17] /home/travis/build/icyphy/ptII/ptolemy/domains/de/test/auto/DateDemo.xml (RunModel)" time="0.025" />
  <testcase classname="ptolemy.util.test.junit.AutoTests" name="[18] /home/travis/build/icyphy/ptII/ptolemy/domains/de/test/auto/DateToEvent.xml (RunModel)" time="2.029" />
  <testcase classname="ptolemy.util.test.junit.AutoTests" name="[19] /home/travis/build/icyphy/ptII/ptolemy/domains/de/test/auto/DepthTest1.xml (RunModel)" time="0.005" />
  <testcase classname="ptolemy.util.test.junit.AutoTests" name="[20] /home/travis/build/icyphy/ptII/ptolemy/domains/de/test/auto/DepthTest2.xml (RunModel)" time="0.012" />
  <testcase classname="ptolemy.util.test.junit.AutoTests" name="[21] /home/travis/build/icyphy/ptII/ptolemy/domains/de/test/auto/DepthTest3.xml (RunModel)" time="0.006" />
  <testcase classname="ptolemy.util.test.junit.AutoTests" name="[22] /home/travis/build/icyphy/ptII/ptolemy/domains/de/test/auto/DepthTest4.xml (RunModel)" time="0.01" />
  <testcase classname="ptolemy.util.test.junit.AutoTests" name="[23] /home/travis/build/icyphy/ptII/ptolemy/domains/de/test/auto/DepthTest5.xml (RunModel)" time="0.009" />
  <testcase classname="ptolemy.util.test.junit.AutoTests" name="[24] /home/travis/build/icyphy/ptII/ptolemy/domains/de/test/auto/DepthTest6.xml (RunModel)" time="0.008" />
  <testcase classname="ptolemy.util.test.junit.AutoTests" name="[25] /home/travis/build/icyphy/ptII/ptolemy/domains/de/test/auto/DepthTest7.xml (RunModel)" time="0.01" />
  <testcase classname="ptolemy.util.test.junit.AutoTests" name="[26] /home/travis/build/icyphy/ptII/ptolemy/domains/de/test/auto/EventToDate.xml (RunModel)" time="3.025" />
  <testcase classname="ptolemy.util.test.junit.AutoTests" name="[27] /home/travis/build/icyphy/ptII/ptolemy/domains/de/test/auto/FSM1.xml (RunModel)" time="0.04" />
  <testcase classname="ptolemy.util.test.junit.AutoTests" name="[28] /home/travis/build/icyphy/ptII/ptolemy/domains/de/test/auto/FSM7.xml (RunModel)" time="0.02" />
  <testcase classname="ptolemy.util.test.junit.AutoTests" name="[29] /home/travis/build/icyphy/ptII/ptolemy/domains/de/test/auto/Inspection.xml (RunModel)" time="0.023" />
  <testcase classname="ptolemy.util.test.junit.AutoTests" name="[30] /home/travis/build/icyphy/ptII/ptolemy/domains/de/test/auto/Iteration.xml (RunModel)" time="0.012" />
  <testcase classname="ptolemy.util.test.junit.AutoTests" name="[31] /home/travis/build/icyphy/ptII/ptolemy/domains/de/test/auto/LineFault.xml (RunModel)" time="0.37" />
  <testcase classname="ptolemy.util.test.junit.AutoTests" name="[32] /home/travis/build/icyphy/ptII/ptolemy/domains/de/test/auto/MergeModel1Add.xml (RunModel)" time="0.031" />
  <testcase classname="ptolemy.util.test.junit.AutoTests" name="[33] /home/travis/build/icyphy/ptII/ptolemy/domains/de/test/auto/MergeModel2Add.xml (RunModel)" time="0.025" />
  <testcase classname="ptolemy.util.test.junit.AutoTests" name="[34] /home/travis/build/icyphy/ptII/ptolemy/domains/de/test/auto/MergeModel3Add.xml (RunModel)" time="0.025" />
  <testcase classname="ptolemy.util.test.junit.AutoTests" name="[35] /home/travis/build/icyphy/ptII/ptolemy/domains/de/test/auto/MergeWithoutDiscard.xml (RunModel)" time="0.012" />
  <testcase classname="ptolemy.util.test.junit.AutoTests" name="[36] /home/travis/build/icyphy/ptII/ptolemy/domains/de/test/auto/Modal1.xml (RunModel)" time="0.019" />
  <testcase classname="ptolemy.util.test.junit.AutoTests" name="[37] /home/travis/build/icyphy/ptII/ptolemy/domains/de/test/auto/Modal2.xml (RunModel)" time="0.019" />
  <testcase classname="ptolemy.util.test.junit.AutoTests" name="[38] /home/travis/build/icyphy/ptII/ptolemy/domains/de/test/auto/Modal3.xml (RunModel)" time="0.019" />
  <testcase classname="ptolemy.util.test.junit.AutoTests" name="[39] /home/travis/build/icyphy/ptII/ptolemy/domains/de/test/auto/Modal4.xml (RunModel)" time="0.019" />
  <testcase classname="ptolemy.util.test.junit.AutoTests" name="[40] /home/travis/build/icyphy/ptII/ptolemy/domains/de/test/auto/Modal5.xml (RunModel)" time="0.018" />
  <testcase classname="ptolemy.util.test.junit.AutoTests" name="[41] /home/travis/build/icyphy/ptII/ptolemy/domains/de/test/auto/Modal6.xml (RunModel)" time="0.02" />
  <testcase classname="ptolemy.util.test.junit.AutoTests" name="[42] /home/travis/build/icyphy/ptII/ptolemy/domains/de/test/auto/Modal7.xml (RunModel)" time="0.019" />
  <testcase classname="ptolemy.util.test.junit.AutoTests" name="[43] /home/travis/build/icyphy/ptII/ptolemy/domains/de/test/auto/ModalModel.xml (RunModel)" time="0.129" />
  <testcase classname="ptolemy.util.test.junit.AutoTests" name="[44] /home/travis/build/icyphy/ptII/ptolemy/domains/de/test/auto/ModalSource.xml (RunModel)" time="0.011" />
  <testcase classname="ptolemy.util.test.junit.AutoTests" name="[45] /home/travis/build/icyphy/ptII/ptolemy/domains/de/test/auto/NonInterruptibleTimerZeroDelay.xml (RunModel)" time="0.006" />
  <testcase classname="ptolemy.util.test.junit.AutoTests" name="[46] /home/travis/build/icyphy/ptII/ptolemy/domains/de/test/auto/OpenQueueingNetwork.xml (RunModel)" time="1.863" />
  <testcase classname="ptolemy.util.test.junit.AutoTests" name="[47] /home/travis/build/icyphy/ptII/ptolemy/domains/de/test/auto/OpenQueuingNetwork.xml (RunModel)" time="0.306" />
  <testcase classname="ptolemy.util.test.junit.AutoTests" name="[48] /home/travis/build/icyphy/ptII/ptolemy/domains/de/test/auto/PeriodicSampler.xml (RunModel)" time="0.009" />
  <testcase classname="ptolemy.util.test.junit.AutoTests" name="[49] /home/travis/build/icyphy/ptII/ptolemy/domains/de/test/auto/PersistentIO.xml (RunModel)" time="0.019" />
  <testcase classname="ptolemy.util.test.junit.AutoTests" name="[50] /home/travis/build/icyphy/ptII/ptolemy/domains/de/test/auto/PortParameterResetOnInitialize.xml (RunModel)" time="0.008" />
  <testcase classname="ptolemy.util.test.junit.AutoTests" name="[51] /home/travis/build/icyphy/ptII/ptolemy/domains/de/test/auto/PortParameterUpdates.xml (RunModel)" time="0.013" />
  <testcase classname="ptolemy.util.test.junit.AutoTests" name="[52] /home/travis/build/icyphy/ptII/ptolemy/domains/de/test/auto/QueueAndServer.xml (RunModel)" time="0.019" />
  <testcase classname="ptolemy.util.test.junit.AutoTests" name="[53] /home/travis/build/icyphy/ptII/ptolemy/domains/de/test/auto/Records.xml (RunModel)" time="0.013" />
  <testcase classname="ptolemy.util.test.junit.AutoTests" name="[54] /home/travis/build/icyphy/ptII/ptolemy/domains/de/test/auto/ResetTransitionWithStartTime1.xml (RunModel)" time="0.018" />
  <testcase classname="ptolemy.util.test.junit.AutoTests" name="[55] /home/travis/build/icyphy/ptII/ptolemy/domains/de/test/auto/ResetTransitionWithStartTime2.xml (RunModel)" time="0.018" />
  <testcase classname="ptolemy.util.test.junit.AutoTests" name="[56] /home/travis/build/icyphy/ptII/ptolemy/domains/de/test/auto/ResetTransitionWithStartTime3.xml (RunModel)" time="0.018" />
  <testcase classname="ptolemy.util.test.junit.AutoTests" name="[57] /home/travis/build/icyphy/ptII/ptolemy/domains/de/test/auto/ResetTransitionWithStartTime4.xml (RunModel)" time="0.016" />
  <testcase classname="ptolemy.util.test.junit.AutoTests" name="[58] /home/travis/build/icyphy/ptII/ptolemy/domains/de/test/auto/ResettableTimer1.xml (RunModel)" time="0.01" />
  <testcase classname="ptolemy.util.test.junit.AutoTests" name="[59] /home/travis/build/icyphy/ptII/ptolemy/domains/de/test/auto/ResettableTimer2.xml (RunModel)" time="0.008" />
  <testcase classname="ptolemy.util.test.junit.AutoTests" name="[60] /home/travis/build/icyphy/ptII/ptolemy/domains/de/test/auto/ResettableTimer3.xml (RunModel)" time="0.009" />
  <testcase classname="ptolemy.util.test.junit.AutoTests" name="[61] /home/travis/build/icyphy/ptII/ptolemy/domains/de/test/auto/ResettableTimer4.xml (RunModel)" time="0.008" />
  <testcase classname="ptolemy.util.test.junit.AutoTests" name="[62] /home/travis/build/icyphy/ptII/ptolemy/domains/de/test/auto/ResettableTimer5.xml (RunModel)" time="0.009" />
  <testcase classname="ptolemy.util.test.junit.AutoTests" name="[63] /home/travis/build/icyphy/ptII/ptolemy/domains/de/test/auto/ResettableTimer6.xml (RunModel)" time="0.009" />
  <testcase classname="ptolemy.util.test.junit.AutoTests" name="[64] /home/travis/build/icyphy/ptII/ptolemy/domains/de/test/auto/ServerZeroDelay.xml (RunModel)" time="0.009" />
  <testcase classname="ptolemy.util.test.junit.AutoTests" name="[65] /home/travis/build/icyphy/ptII/ptolemy/domains/de/test/auto/SmartSender.xml (RunModel)" time="3.008" />
  <testcase classname="ptolemy.util.test.junit.AutoTests" name="[66] /home/travis/build/icyphy/ptII/ptolemy/domains/de/test/auto/ThreadedComposite.xml (RunModel)" time="0.182" />
  <testcase classname="ptolemy.util.test.junit.AutoTests" name="[67] /home/travis/build/icyphy/ptII/ptolemy/domains/de/test/auto/Time.xml (RunModel)" time="0.459" />
  <testcase classname="ptolemy.util.test.junit.AutoTests" name="[68] /home/travis/build/icyphy/ptII/ptolemy/domains/de/test/auto/TimeDelayZeroDelay.xml (RunModel)" time="0.011" />
  <testcase classname="ptolemy.util.test.junit.AutoTests" name="[69] /home/travis/build/icyphy/ptII/ptolemy/domains/de/test/auto/TimerZeroDelay.xml (RunModel)" time="0.008" />
  <testcase classname="ptolemy.util.test.junit.AutoTests" name="[70] /home/travis/build/icyphy/ptII/ptolemy/domains/de/test/auto/TimingParadox.xml (RunModel)" time="0.373" />
  <testcase classname="ptolemy.util.test.junit.AutoTests" name="[71] /home/travis/build/icyphy/ptII/ptolemy/domains/de/test/auto/TransferInputs.xml (RunModel)" time="0.009" />
  <testcase classname="ptolemy.util.test.junit.AutoTests" name="[72] /home/travis/build/icyphy/ptII/ptolemy/domains/de/test/auto/TransferOutputs2.xml (RunModel)" time="0.018" />
  <testcase classname="ptolemy.util.test.junit.AutoTests" name="[73] /home/travis/build/icyphy/ptII/ptolemy/domains/de/test/auto/Trilateration.xml (RunModel)" time="11.409" />
  <testcase classname="ptolemy.util.test.junit.AutoTests" name="[74] /home/travis/build/icyphy/ptII/ptolemy/domains/de/test/auto/TwoSigmaDelta.xml (RunModel)" time="2.395" />
  <testcase classname="ptolemy.util.test.junit.AutoTests" name="[75] /home/travis/build/icyphy/ptII/ptolemy/domains/de/test/auto/VariableDelay.xml (RunModel)" time="0.011" />
  <testcase classname="ptolemy.util.test.junit.AutoTests" name="[76] /home/travis/build/icyphy/ptII/ptolemy/domains/de/test/auto/VariableDelay2.xml (RunModel)" time="0.009" />
  <testcase classname="ptolemy.util.test.junit.AutoTests" name="[77] /home/travis/build/icyphy/ptII/ptolemy/domains/de/test/auto/VariableDelayZeroDelay.xml (RunModel)" time="0.009" />
  <testcase classname="ptolemy.util.test.junit.AutoTests" name="[78] /home/travis/build/icyphy/ptII/ptolemy/domains/de/test/auto/VariableDelayZeroDelay2.xml (RunModel)" time="0.009" />
  <testcase classname="ptolemy.util.test.junit.AutoTests" name="[79] /home/travis/build/icyphy/ptII/ptolemy/domains/de/test/auto/deInCt.xml (RunModel)" time="0.018" />
  <testcase classname="ptolemy.util.test.junit.AutoTests" name="[80] /home/travis/build/icyphy/ptII/ptolemy/domains/de/test/auto/deInCt2.xml (RunModel)" time="0.02" />
  <testcase classname="ptolemy.util.test.junit.AutoTests" name="[81] /home/travis/build/icyphy/ptII/ptolemy/domains/de/test/auto/dynamicCausalityInterface1.xml (RunModel)" time="0.019" />
  <testcase classname="ptolemy.util.test.junit.AutoTests" name="[82] /home/travis/build/icyphy/ptII/ptolemy/domains/de/test/auto/fsm_de_test.xml (RunModel)" time="0.025" />
  <testcase classname="ptolemy.util.test.junit.AutoTests" name="[83] /home/travis/build/icyphy/ptII/ptolemy/domains/de/test/auto/functionDependencyReconstruction.xml (RunModel)" time="0.034" />
  <testcase classname="ptolemy.util.test.junit.AutoTests" name="[84] /home/travis/build/icyphy/ptII/ptolemy/domains/de/test/auto/multirate.xml (RunModel)" time="0.016" />
  <testcase classname="ptolemy.util.test.junit.AutoTests" name="[85] /home/travis/build/icyphy/ptII/ptolemy/domains/de/test/auto/multirate2.xml (RunModel)" time="0.015" />
  <testcase classname="ptolemy.util.test.junit.AutoTests" name="[86] /home/travis/build/icyphy/ptII/ptolemy/domains/de/test/auto/realtime.xml (RunModel)" time="10.01" />
  <testcase classname="ptolemy.util.test.junit.AutoTests" name="[87] /home/travis/build/icyphy/ptII/ptolemy/domains/de/test/auto/relationGroup.xml (RunModel)" time="0.015" />
  <testcase classname="ptolemy.util.test.junit.AutoTests" name="[88] /home/travis/build/icyphy/ptII/ptolemy/domains/de/test/auto/relationGroup2.xml (RunModel)" time="0.007" />
  <testcase classname="ptolemy.util.test.junit.AutoTests" name="[89] /home/travis/build/icyphy/ptII/ptolemy/domains/de/test/auto/sortWithOpaquePorts.xml (RunModel)" time="0.008" />
  <testcase classname="ptolemy.util.test.junit.AutoTests" name="[90] /home/travis/build/icyphy/ptII/ptolemy/domains/de/test/auto/transferInputsandOutputs.xml (RunModel)" time="0.03" />
  <testcase classname="ptolemy.util.test.junit.AutoTests" name="[91] /home/travis/build/icyphy/ptII/ptolemy/domains/de/test/auto/triggerType.xml (RunModel)" time="0.005" />
  <system-out><![CDATA[/home/travis/build/icyphy/ptII/ptolemy/domains/de/test/DependencyLoop.tcl
testDefs.tcl: setting time out to 9000 seconds at Sat Apr 28 00:36:07 UTC 2018
18 ms. Memory: 116224K Free: 95096K (82%)
7 ms. Memory: 116224K Free: 107466K (92%)
/home/travis/build/icyphy/ptII/ptolemy/domains/de/test/RunDETestsAsQSS.tcl
Run the DE tests using ptolemy.domains.qss.test.QSSDirectorTest, which extends QSSDirector and prints a message in the constructors.
------------------ testing $PTII/ptolemy/domains/de/test/auto/knownFailedTests/dependencyLoop.xml (Known Failure) 
7 ms. Memory: 116224K Free: 104299K (90%)


==== $PTIIhome/travis/build/icyphy/ptII/ptolemy/domains/de/test/../../../../: Auto Automatic test in file $PTII/ptolemy/domains/de/test/auto/knownFailedTests/dependencyLoop.xml
==== Contents of test case:

	    # FIXME: we should use $relativeFilename here, but it
	    # might have backslashes under Windows, which causes no end
	    # of trouble.
	    createAndExecute $file
	    list {}
	
.... Test generated KNOWN error:
    while executing
ptolemy.kernel.util.IllegalActionException: Found a zero delay loop containing .dependencyLoop.original
  in .dependencyLoop and .dependencyLoop.original
	at ptolemy.actor.util.CausalityInterfaceForComposites._computeOutputPortDepth(CausalityInterfaceForComposites.java:759)
	at ptolemy.actor.util.CausalityInterfaceForComposites._computeInputDepth(CausalityInterfaceForComposites.java:696)
	at ptolemy.actor.util.CausalityInterfaceForComposites._computeOutputPortDepth(CausalityInterfaceForComposites.java:765)
	at ptolemy.actor.util.CausalityInterfaceForComposites._computeInputDepth(CausalityInterfaceForComposites.java:696)
	at ptolemy.actor.util.CausalityInterfaceForComposites._computeOutputPortDepth(CausalityInterfaceForComposites.java:765)
	at ptolemy.actor.util.CausalityInterfaceForComposites._computeInputDepth(CausalityInterfaceForComposites.java:696)
	at ptolemy.actor.util.CausalityInterfaceForComposites._computeActorDepth(CausalityInterfaceForComposites.java:532)
	at ptolemy.actor.util.CausalityInterfaceForComposites.checkForCycles(CausalityInterfaceForComposites.java:96)
	at ptolemy.domains.de.kernel.DEDirector.preinitialize(DEDirector.java:1337)
	at ptolemy.actor.CompositeActor.preinitialize(CompositeActor.java:1828)
	at ptolemy.actor.Manager.preinitializeAndResolveTypes(Manager.java:1040)
	at ptolemy.actor.Manager.initialize(Manager.java:710)
	at ptolemy.actor.Manager.execute(Manager.java:356)
	at ptolemy.actor.Manager.run(Manager.java:1263)
	at ptolemy.actor.Manager$PtolemyRunThread.run(Manager.java:1915)

    while executing
ptolemy.kernel.util.IllegalActionException: Found a zero delay loop containing .dependencyLoop.original
  in .dependencyLoop and .dependencyLoop.original
    while executing
"java::new ptolemy.moml.MoMLSimpleApplication $file
"
    (procedure "createAndExecute" line 2)
    invoked from within
"createAndExecute $file"
    ("uplevel" body line 5)
    invoked from within
"uplevel $contents_of_test"
------------------ testing $PTII/ptolemy/domains/de/test/auto/knownFailedTests/DESDFClockTest.xml (Known Failure) 
2057 ms. Memory: 116224K Free: 89695K (77%)


==== $PTIIhome/travis/build/icyphy/ptII/ptolemy/domains/de/test/../../../../: Auto Automatic test in file $PTII/ptolemy/domains/de/test/auto/knownFailedTests/DESDFClockTest.xml
==== Contents of test case:

	    # FIXME: we should use $relativeFilename here, but it
	    # might have backslashes under Windows, which causes no end
	    # of trouble.
	    createAndExecute $file
	    list {}
	
.... Test generated KNOWN error:
    while executing
ptolemy.kernel.util.IllegalActionException: Actor is not ready to fire.  Perhaps UpSample.prefire() returned false? Try debugging the actor by selecting "Listen to Actor".  Also, for SDF check moml for tokenConsumptionRate on input.
  in .DESDFClockTest.Play Bell.Copy1:SDF Director and .DESDFClockTest.Play Bell.UpSample
	at ptolemy.actor.sched.StaticSchedulingDirector.fire(StaticSchedulingDirector.java:227)
	at ptolemy.domains.sdf.kernel.SDFDirector.fire(SDFDirector.java:500)
	at ptolemy.actor.CompositeActor.fire(CompositeActor.java:455)
	at ptolemy.domains.de.kernel.DEDirector._fire(DEDirector.java:1948)
	at ptolemy.domains.de.kernel.DEDirector.fire(DEDirector.java:502)
	at ptolemy.actor.CompositeActor.fire(CompositeActor.java:455)
	at ptolemy.actor.Manager.iterate(Manager.java:851)
	at ptolemy.actor.Manager.execute(Manager.java:369)
	at ptolemy.actor.Manager.run(Manager.java:1263)
	at ptolemy.actor.Manager$PtolemyRunThread.run(Manager.java:1915)

    while executing
ptolemy.kernel.util.IllegalActionException: Actor is not ready to fire.  Perhaps UpSample.prefire() returned false? Try debugging the actor by selecting "Listen to Actor".  Also, for SDF check moml for tokenConsumptionRate on input.
  in .DESDFClockTest.Play Bell.Copy1:SDF Director and .DESDFClockTest.Play Bell.UpSample
    while executing
"java::new ptolemy.moml.MoMLSimpleApplication $file
"
    (procedure "createAndExecute" line 2)
    invoked from within
"createAndExecute $file"
    ("uplevel" body line 5)
    invoked from within
"uplevel $contents_of_test"
------------------ testing $PTII/ptolemy/domains/de/test/auto/knownFailedTests/FSMSource.xml (Known Failure) 
44 ms. Memory: 116224K Free: 111698K (96%)
!!!! Auto was marked as failing, but now passes
------------------ testing $PTII/ptolemy/domains/de/test/auto/knownFailedTests/dependencyLoop2.xml (Known Failure) 
9 ms. Memory: 116224K Free: 93694K (81%)


==== $PTIIhome/travis/build/icyphy/ptII/ptolemy/domains/de/test/../../../../: Auto Automatic test in file $PTII/ptolemy/domains/de/test/auto/knownFailedTests/dependencyLoop2.xml
==== Contents of test case:

	    # FIXME: we should use $relativeFilename here, but it
	    # might have backslashes under Windows, which causes no end
	    # of trouble.
	    createAndExecute $file
	    list {}
	
.... Test generated KNOWN error:
    while executing
ptolemy.kernel.util.IllegalActionException: Found a zero delay loop containing .dependencyLoop2.original
  in .dependencyLoop2 and .dependencyLoop2.original
	at ptolemy.actor.util.CausalityInterfaceForComposites._computeOutputPortDepth(CausalityInterfaceForComposites.java:759)
	at ptolemy.actor.util.CausalityInterfaceForComposites._computeInputDepth(CausalityInterfaceForComposites.java:696)
	at ptolemy.actor.util.CausalityInterfaceForComposites._computeOutputPortDepth(CausalityInterfaceForComposites.java:765)
	at ptolemy.actor.util.CausalityInterfaceForComposites._computeInputDepth(CausalityInterfaceForComposites.java:696)
	at ptolemy.actor.util.CausalityInterfaceForComposites._computeOutputPortDepth(CausalityInterfaceForComposites.java:765)
	at ptolemy.actor.util.CausalityInterfaceForComposites._computeInputDepth(CausalityInterfaceForComposites.java:696)
	at ptolemy.actor.util.CausalityInterfaceForComposites._computeActorDepth(CausalityInterfaceForComposites.java:532)
	at ptolemy.actor.util.CausalityInterfaceForComposites.checkForCycles(CausalityInterfaceForComposites.java:96)
	at ptolemy.domains.de.kernel.DEDirector.preinitialize(DEDirector.java:1337)
	at ptolemy.actor.CompositeActor.preinitialize(CompositeActor.java:1828)
	at ptolemy.actor.Manager.preinitializeAndResolveTypes(Manager.java:1040)
	at ptolemy.actor.Manager.initialize(Manager.java:710)
	at ptolemy.actor.Manager.execute(Manager.java:356)
	at ptolemy.actor.Manager.run(Manager.java:1263)
	at ptolemy.actor.Manager$PtolemyRunThread.run(Manager.java:1915)

    while executing
ptolemy.kernel.util.IllegalActionException: Found a zero delay loop containing .dependencyLoop2.original
  in .dependencyLoop2 and .dependencyLoop2.original
    while executing
"java::new ptolemy.moml.MoMLSimpleApplication $file
"
    (procedure "createAndExecute" line 2)
    invoked from within
"createAndExecute $file"
    ("uplevel" body line 5)
    invoked from within
"uplevel $contents_of_test"
------------------ testing $PTII/ptolemy/domains/de/test/auto/knownFailedTests/HierarchicalModel.xml (Known Failure) 
10 ms. Memory: 146944K Free: 134490K (92%)


==== $PTIIhome/travis/build/icyphy/ptII/ptolemy/domains/de/test/../../../../: Auto Automatic test in file $PTII/ptolemy/domains/de/test/auto/knownFailedTests/HierarchicalModel.xml
==== Contents of test case:

	    # FIXME: we should use $relativeFilename here, but it
	    # might have backslashes under Windows, which causes no end
	    # of trouble.
	    createAndExecute $file
	    list {}
	
.... Test generated KNOWN error:
    while executing
ptolemy.kernel.util.IllegalActionException: Found a zero delay loop containing .HierarchicalModel.A
  in .HierarchicalModel and .HierarchicalModel.A
	at ptolemy.actor.util.CausalityInterfaceForComposites._computeOutputPortDepth(CausalityInterfaceForComposites.java:759)
	at ptolemy.actor.util.CausalityInterfaceForComposites._computeInputDepth(CausalityInterfaceForComposites.java:696)
	at ptolemy.actor.util.CausalityInterfaceForComposites._computeOutputPortDepth(CausalityInterfaceForComposites.java:765)
	at ptolemy.actor.util.CausalityInterfaceForComposites._computeInputDepth(CausalityInterfaceForComposites.java:696)
	at ptolemy.actor.util.CausalityInterfaceForComposites._computeOutputPortDepth(CausalityInterfaceForComposites.java:765)
	at ptolemy.actor.util.CausalityInterfaceForComposites._computeInputDepth(CausalityInterfaceForComposites.java:696)
	at ptolemy.actor.util.CausalityInterfaceForComposites._computeActorDepth(CausalityInterfaceForComposites.java:532)
	at ptolemy.actor.util.CausalityInterfaceForComposites.checkForCycles(CausalityInterfaceForComposites.java:96)
	at ptolemy.domains.de.kernel.DEDirector.preinitialize(DEDirector.java:1337)
	at ptolemy.actor.CompositeActor.preinitialize(CompositeActor.java:1828)
	at ptolemy.actor.Manager.preinitializeAndResolveTypes(Manager.java:1040)
	at ptolemy.actor.Manager.initialize(Manager.java:710)
	at ptolemy.actor.Manager.execute(Manager.java:356)
	at ptolemy.actor.Manager.run(Manager.java:1263)
	at ptolemy.actor.Manager$PtolemyRunThread.run(Manager.java:1915)

    while executing
ptolemy.kernel.util.IllegalActionException: Found a zero delay loop containing .HierarchicalModel.A
  in .HierarchicalModel and .HierarchicalModel.A
    while executing
"java::new ptolemy.moml.MoMLSimpleApplication $file
"
    (procedure "createAndExecute" line 2)
    invoked from within
"createAndExecute $file"
    ("uplevel" body line 5)
    invoked from within
"uplevel $contents_of_test"
------------------ testing $PTII/ptolemy/domains/de/test/auto/knownFailedTests/DirectFeedback.xml (Known Failure) 
8 ms. Memory: 146944K Free: 129454K (88%)


==== $PTIIhome/travis/build/icyphy/ptII/ptolemy/domains/de/test/../../../../: Auto Automatic test in file $PTII/ptolemy/domains/de/test/auto/knownFailedTests/DirectFeedback.xml
==== Contents of test case:

	    # FIXME: we should use $relativeFilename here, but it
	    # might have backslashes under Windows, which causes no end
	    # of trouble.
	    createAndExecute $file
	    list {}
	
.... Test generated KNOWN error:
    while executing
ptolemy.kernel.util.IllegalActionException: Test fails in iteration 1.
Value was: 1.0. Should have been: 2.0
  in .DirectFeedback.Test
	at ptolemy.actor.lib.Test.fire(Test.java:268)
	at ptolemy.domains.de.kernel.DEDirector._fire(DEDirector.java:1948)
	at ptolemy.domains.de.kernel.DEDirector.fire(DEDirector.java:502)
	at ptolemy.actor.CompositeActor.fire(CompositeActor.java:455)
	at ptolemy.actor.Manager.iterate(Manager.java:851)
	at ptolemy.actor.Manager.execute(Manager.java:369)
	at ptolemy.actor.Manager.run(Manager.java:1263)
	at ptolemy.actor.Manager$PtolemyRunThread.run(Manager.java:1915)

    while executing
ptolemy.kernel.util.IllegalActionException: Test fails in iteration 1.
Value was: 1.0. Should have been: 2.0
  in .DirectFeedback.Test
    while executing
"java::new ptolemy.moml.MoMLSimpleApplication $file
"
    (procedure "createAndExecute" line 2)
    invoked from within
"createAndExecute $file"
    ("uplevel" body line 5)
    invoked from within
"uplevel $contents_of_test"
------------------ testing $PTII/ptolemy/domains/de/test/auto/ActorDepthCalculation_actorWithoutPorts.xml
auto.tcl: Setting watchdog for 200 seconds at Sat Apr 28 00:36:10 UTC 2018
6 ms. Memory: 146944K Free: 121670K (83%)
ptolemy.util.test.WatchDog.cancel(): canceling Sat Apr 28 00:36:10 UTC 2018
auto.tcl: Setting watchdog for 200 seconds at Sat Apr 28 00:36:10 UTC 2018
5 ms. Memory: 146944K Free: 119553K (81%)
ptolemy.util.test.WatchDog.cancel(): canceling Sat Apr 28 00:36:10 UTC 2018
------------------ testing $PTII/ptolemy/domains/de/test/auto/AssemblyLine.xml
auto.tcl: Setting watchdog for 200 seconds at Sat Apr 28 00:36:11 UTC 2018
22 ms. Memory: 146944K Free: 129246K (88%)
ptolemy.util.test.WatchDog.cancel(): canceling Sat Apr 28 00:36:11 UTC 2018
auto.tcl: Setting watchdog for 200 seconds at Sat Apr 28 00:36:11 UTC 2018
11 ms. Memory: 146944K Free: 128203K (87%)
ptolemy.util.test.WatchDog.cancel(): canceling Sat Apr 28 00:36:11 UTC 2018
------------------ testing $PTII/ptolemy/domains/de/test/auto/CQBug1.xml
auto.tcl: Setting watchdog for 200 seconds at Sat Apr 28 00:36:11 UTC 2018
8 ms. Memory: 146944K Free: 138336K (94%)
ptolemy.util.test.WatchDog.cancel(): canceling Sat Apr 28 00:36:11 UTC 2018
auto.tcl: Setting watchdog for 200 seconds at Sat Apr 28 00:36:11 UTC 2018
2 ms. Memory: 146944K Free: 138336K (94%)
ptolemy.util.test.WatchDog.cancel(): canceling Sat Apr 28 00:36:11 UTC 2018
------------------ testing $PTII/ptolemy/domains/de/test/auto/CancelFireAt.xml
auto.tcl: Setting watchdog for 200 seconds at Sat Apr 28 00:36:11 UTC 2018
4 ms. Memory: 146944K Free: 139780K (95%)
ptolemy.util.test.WatchDog.cancel(): canceling Sat Apr 28 00:36:11 UTC 2018
auto.tcl: Setting watchdog for 200 seconds at Sat Apr 28 00:36:11 UTC 2018
6 ms. Memory: 146944K Free: 138628K (94%)
ptolemy.util.test.WatchDog.cancel(): canceling Sat Apr 28 00:36:11 UTC 2018
------------------ testing $PTII/ptolemy/domains/de/test/auto/CausalityAndComposabilityAnalysis.xml
auto.tcl: Setting watchdog for 200 seconds at Sat Apr 28 00:36:11 UTC 2018
18 ms. Memory: 146944K Free: 136777K (93%)
ptolemy.util.test.WatchDog.cancel(): canceling Sat Apr 28 00:36:11 UTC 2018
auto.tcl: Setting watchdog for 200 seconds at Sat Apr 28 00:36:11 UTC 2018
9 ms. Memory: 146944K Free: 136777K (93%)
ptolemy.util.test.WatchDog.cancel(): canceling Sat Apr 28 00:36:11 UTC 2018
------------------ testing $PTII/ptolemy/domains/de/test/auto/CausalityInterface1.xml
auto.tcl: Setting watchdog for 200 seconds at Sat Apr 28 00:36:11 UTC 2018
14 ms. Memory: 146944K Free: 136305K (93%)
ptolemy.util.test.WatchDog.cancel(): canceling Sat Apr 28 00:36:11 UTC 2018
auto.tcl: Setting watchdog for 200 seconds at Sat Apr 28 00:36:11 UTC 2018
4 ms. Memory: 146944K Free: 135262K (92%)
ptolemy.util.test.WatchDog.cancel(): canceling Sat Apr 28 00:36:11 UTC 2018
------------------ testing $PTII/ptolemy/domains/de/test/auto/CausalityInterface15.xml
auto.tcl: Setting watchdog for 200 seconds at Sat Apr 28 00:36:11 UTC 2018
12 ms. Memory: 146944K Free: 135253K (92%)
ptolemy.util.test.WatchDog.cancel(): canceling Sat Apr 28 00:36:11 UTC 2018
auto.tcl: Setting watchdog for 200 seconds at Sat Apr 28 00:36:11 UTC 2018
9 ms. Memory: 146944K Free: 134210K (91%)
ptolemy.util.test.WatchDog.cancel(): canceling Sat Apr 28 00:36:11 UTC 2018
------------------ testing $PTII/ptolemy/domains/de/test/auto/CausalityInterface2.xml
auto.tcl: Setting watchdog for 200 seconds at Sat Apr 28 00:36:11 UTC 2018
6 ms. Memory: 146944K Free: 136279K (93%)
ptolemy.util.test.WatchDog.cancel(): canceling Sat Apr 28 00:36:12 UTC 2018
auto.tcl: Setting watchdog for 200 seconds at Sat Apr 28 00:36:12 UTC 2018
3 ms. Memory: 146944K Free: 136279K (93%)
ptolemy.util.test.WatchDog.cancel(): canceling Sat Apr 28 00:36:12 UTC 2018
------------------ testing $PTII/ptolemy/domains/de/test/auto/CausalityInterface3.xml
auto.tcl: Setting watchdog for 200 seconds at Sat Apr 28 00:36:12 UTC 2018
4 ms. Memory: 146944K Free: 136291K (93%)
ptolemy.util.test.WatchDog.cancel(): canceling Sat Apr 28 00:36:12 UTC 2018
auto.tcl: Setting watchdog for 200 seconds at Sat Apr 28 00:36:12 UTC 2018
3 ms. Memory: 146944K Free: 135248K (92%)
ptolemy.util.test.WatchDog.cancel(): canceling Sat Apr 28 00:36:12 UTC 2018
------------------ testing $PTII/ptolemy/domains/de/test/auto/ClockDrift.xml
auto.tcl: Setting watchdog for 200 seconds at Sat Apr 28 00:36:12 UTC 2018
61 ms. Memory: 146944K Free: 128180K (87%)
ptolemy.util.test.WatchDog.cancel(): canceling Sat Apr 28 00:36:12 UTC 2018
auto.tcl: Setting watchdog for 200 seconds at Sat Apr 28 00:36:12 UTC 2018
78 ms. Memory: 146944K Free: 125052K (85%)
ptolemy.util.test.WatchDog.cancel(): canceling Sat Apr 28 00:36:12 UTC 2018
------------------ testing $PTII/ptolemy/domains/de/test/auto/ClockDriftAndValueChange.xml
auto.tcl: Setting watchdog for 200 seconds at Sat Apr 28 00:36:12 UTC 2018
49 ms. Memory: 146944K Free: 128016K (87%)
ptolemy.util.test.WatchDog.cancel(): canceling Sat Apr 28 00:36:12 UTC 2018
auto.tcl: Setting watchdog for 200 seconds at Sat Apr 28 00:36:12 UTC 2018
35 ms. Memory: 146944K Free: 124888K (85%)
ptolemy.util.test.WatchDog.cancel(): canceling Sat Apr 28 00:36:12 UTC 2018
------------------ testing $PTII/ptolemy/domains/de/test/auto/ClockDriftChange.xml
auto.tcl: Setting watchdog for 200 seconds at Sat Apr 28 00:36:12 UTC 2018
39 ms. Memory: 146944K Free: 130692K (89%)
ptolemy.util.test.WatchDog.cancel(): canceling Sat Apr 28 00:36:12 UTC 2018
auto.tcl: Setting watchdog for 200 seconds at Sat Apr 28 00:36:12 UTC 2018
24 ms. Memory: 146944K Free: 127564K (87%)
ptolemy.util.test.WatchDog.cancel(): canceling Sat Apr 28 00:36:12 UTC 2018
------------------ testing $PTII/ptolemy/domains/de/test/auto/ComposableCausalityAnalysis.xml
auto.tcl: Setting watchdog for 200 seconds at Sat Apr 28 00:36:12 UTC 2018
3 ms. Memory: 146944K Free: 135104K (92%)
ptolemy.util.test.WatchDog.cancel(): canceling Sat Apr 28 00:36:12 UTC 2018
auto.tcl: Setting watchdog for 200 seconds at Sat Apr 28 00:36:12 UTC 2018
2 ms. Memory: 146944K Free: 134061K (91%)
ptolemy.util.test.WatchDog.cancel(): canceling Sat Apr 28 00:36:12 UTC 2018
------------------ testing $PTII/ptolemy/domains/de/test/auto/DEFixedPointLimitation.xml
auto.tcl: Setting watchdog for 200 seconds at Sat Apr 28 00:36:12 UTC 2018
4 ms. Memory: 146944K Free: 136025K (93%)
ptolemy.util.test.WatchDog.cancel(): canceling Sat Apr 28 00:36:12 UTC 2018
auto.tcl: Setting watchdog for 200 seconds at Sat Apr 28 00:36:12 UTC 2018
1 ms. Memory: 146944K Free: 136025K (93%)
ptolemy.util.test.WatchDog.cancel(): canceling Sat Apr 28 00:36:12 UTC 2018
------------------ testing $PTII/ptolemy/domains/de/test/auto/DEScheduleTest.xml
auto.tcl: Setting watchdog for 200 seconds at Sat Apr 28 00:36:12 UTC 2018
4 ms. Memory: 146944K Free: 137102K (93%)
ptolemy.util.test.WatchDog.cancel(): canceling Sat Apr 28 00:36:12 UTC 2018
auto.tcl: Setting watchdog for 200 seconds at Sat Apr 28 00:36:12 UTC 2018
6 ms. Memory: 146944K Free: 136059K (93%)
ptolemy.util.test.WatchDog.cancel(): canceling Sat Apr 28 00:36:12 UTC 2018
------------------ testing $PTII/ptolemy/domains/de/test/auto/DEinDEwithStartTimes.xml
auto.tcl: Setting watchdog for 200 seconds at Sat Apr 28 00:36:12 UTC 2018
7 ms. Memory: 146944K Free: 136029K (93%)
ptolemy.util.test.WatchDog.cancel(): canceling Sat Apr 28 00:36:13 UTC 2018
auto.tcl: Setting watchdog for 200 seconds at Sat Apr 28 00:36:13 UTC 2018
9 ms. Memory: 146944K Free: 133944K (91%)
ptolemy.util.test.WatchDog.cancel(): canceling Sat Apr 28 00:36:13 UTC 2018
------------------ testing $PTII/ptolemy/domains/de/test/auto/DEinDEwithStartTimes2.xml
auto.tcl: Setting watchdog for 200 seconds at Sat Apr 28 00:36:13 UTC 2018
6 ms. Memory: 146944K Free: 135076K (92%)
ptolemy.util.test.WatchDog.cancel(): canceling Sat Apr 28 00:36:13 UTC 2018
auto.tcl: Setting watchdog for 200 seconds at Sat Apr 28 00:36:13 UTC 2018
6 ms. Memory: 146944K Free: 133923K (91%)
ptolemy.util.test.WatchDog.cancel(): canceling Sat Apr 28 00:36:13 UTC 2018
------------------ testing $PTII/ptolemy/domains/de/test/auto/DateDemo.xml
auto.tcl: Setting watchdog for 200 seconds at Sat Apr 28 00:36:13 UTC 2018
8 ms. Memory: 146944K Free: 129089K (88%)
ptolemy.util.test.WatchDog.cancel(): canceling Sat Apr 28 00:36:13 UTC 2018
auto.tcl: Setting watchdog for 200 seconds at Sat Apr 28 00:36:13 UTC 2018
6 ms. Memory: 146944K Free: 127004K (86%)
ptolemy.util.test.WatchDog.cancel(): canceling Sat Apr 28 00:36:13 UTC 2018
------------------ testing $PTII/ptolemy/domains/de/test/auto/DateToEvent.xml
auto.tcl: Setting watchdog for 200 seconds at Sat Apr 28 00:36:13 UTC 2018
2017 ms. Memory: 146944K Free: 122215K (83%)
ptolemy.util.test.WatchDog.cancel(): canceling Sat Apr 28 00:36:15 UTC 2018
auto.tcl: Setting watchdog for 200 seconds at Sat Apr 28 00:36:15 UTC 2018
2008 ms. Memory: 146944K Free: 119943K (82%)
ptolemy.util.test.WatchDog.cancel(): canceling Sat Apr 28 00:36:17 UTC 2018
------------------ testing $PTII/ptolemy/domains/de/test/auto/DepthTest1.xml
auto.tcl: Setting watchdog for 200 seconds at Sat Apr 28 00:36:17 UTC 2018
3 ms. Memory: 146944K Free: 138289K (94%)
ptolemy.util.test.WatchDog.cancel(): canceling Sat Apr 28 00:36:17 UTC 2018
auto.tcl: Setting watchdog for 200 seconds at Sat Apr 28 00:36:17 UTC 2018
3 ms. Memory: 146944K Free: 138289K (94%)
ptolemy.util.test.WatchDog.cancel(): canceling Sat Apr 28 00:36:17 UTC 2018
------------------ testing $PTII/ptolemy/domains/de/test/auto/DepthTest2.xml
auto.tcl: Setting watchdog for 200 seconds at Sat Apr 28 00:36:17 UTC 2018
3 ms. Memory: 146944K Free: 133982K (91%)
ptolemy.util.test.WatchDog.cancel(): canceling Sat Apr 28 00:36:17 UTC 2018
auto.tcl: Setting watchdog for 200 seconds at Sat Apr 28 00:36:17 UTC 2018
9 ms. Memory: 146944K Free: 133982K (91%)
ptolemy.util.test.WatchDog.cancel(): canceling Sat Apr 28 00:36:17 UTC 2018
------------------ testing $PTII/ptolemy/domains/de/test/auto/DepthTest3.xml
auto.tcl: Setting watchdog for 200 seconds at Sat Apr 28 00:36:17 UTC 2018
3 ms. Memory: 146944K Free: 138622K (94%)
ptolemy.util.test.WatchDog.cancel(): canceling Sat Apr 28 00:36:17 UTC 2018
auto.tcl: Setting watchdog for 200 seconds at Sat Apr 28 00:36:17 UTC 2018
1 ms. Memory: 146944K Free: 138622K (94%)
ptolemy.util.test.WatchDog.cancel(): canceling Sat Apr 28 00:36:17 UTC 2018
------------------ testing $PTII/ptolemy/domains/de/test/auto/DepthTest4.xml
auto.tcl: Setting watchdog for 200 seconds at Sat Apr 28 00:36:17 UTC 2018
9 ms. Memory: 146944K Free: 136625K (93%)
ptolemy.util.test.WatchDog.cancel(): canceling Sat Apr 28 00:36:17 UTC 2018
auto.tcl: Setting watchdog for 200 seconds at Sat Apr 28 00:36:17 UTC 2018
2 ms. Memory: 146944K Free: 134967K (92%)
ptolemy.util.test.WatchDog.cancel(): canceling Sat Apr 28 00:36:17 UTC 2018
------------------ testing $PTII/ptolemy/domains/de/test/auto/DepthTest5.xml
auto.tcl: Setting watchdog for 200 seconds at Sat Apr 28 00:36:17 UTC 2018
3 ms. Memory: 146944K Free: 134914K (92%)
ptolemy.util.test.WatchDog.cancel(): canceling Sat Apr 28 00:36:17 UTC 2018
auto.tcl: Setting watchdog for 200 seconds at Sat Apr 28 00:36:17 UTC 2018
3 ms. Memory: 146944K Free: 134914K (92%)
ptolemy.util.test.WatchDog.cancel(): canceling Sat Apr 28 00:36:17 UTC 2018
------------------ testing $PTII/ptolemy/domains/de/test/auto/DepthTest6.xml
auto.tcl: Setting watchdog for 200 seconds at Sat Apr 28 00:36:17 UTC 2018
10 ms. Memory: 146944K Free: 134985K (92%)
ptolemy.util.test.WatchDog.cancel(): canceling Sat Apr 28 00:36:17 UTC 2018
auto.tcl: Setting watchdog for 200 seconds at Sat Apr 28 00:36:17 UTC 2018
3 ms. Memory: 146944K Free: 134985K (92%)
ptolemy.util.test.WatchDog.cancel(): canceling Sat Apr 28 00:36:17 UTC 2018
------------------ testing $PTII/ptolemy/domains/de/test/auto/DepthTest7.xml
auto.tcl: Setting watchdog for 200 seconds at Sat Apr 28 00:36:17 UTC 2018
2 ms. Memory: 146944K Free: 135914K (92%)
ptolemy.util.test.WatchDog.cancel(): canceling Sat Apr 28 00:36:17 UTC 2018
auto.tcl: Setting watchdog for 200 seconds at Sat Apr 28 00:36:17 UTC 2018
2 ms. Memory: 146944K Free: 134872K (92%)
ptolemy.util.test.WatchDog.cancel(): canceling Sat Apr 28 00:36:17 UTC 2018
------------------ testing $PTII/ptolemy/domains/de/test/auto/EventToDate.xml
auto.tcl: Setting watchdog for 200 seconds at Sat Apr 28 00:36:18 UTC 2018
3011 ms. Memory: 146944K Free: 125510K (85%)
ptolemy.util.test.WatchDog.cancel(): canceling Sat Apr 28 00:36:21 UTC 2018
auto.tcl: Setting watchdog for 200 seconds at Sat Apr 28 00:36:21 UTC 2018
3003 ms. Memory: 146944K Free: 124467K (85%)
ptolemy.util.test.WatchDog.cancel(): canceling Sat Apr 28 00:36:24 UTC 2018
------------------ testing $PTII/ptolemy/domains/de/test/auto/FSM1.xml
auto.tcl: Setting watchdog for 200 seconds at Sat Apr 28 00:36:24 UTC 2018
18 ms. Memory: 146944K Free: 127913K (87%)
ptolemy.util.test.WatchDog.cancel(): canceling Sat Apr 28 00:36:24 UTC 2018
auto.tcl: Setting watchdog for 200 seconds at Sat Apr 28 00:36:24 UTC 2018
25 ms. Memory: 146944K Free: 124784K (85%)
ptolemy.util.test.WatchDog.cancel(): canceling Sat Apr 28 00:36:24 UTC 2018
------------------ testing $PTII/ptolemy/domains/de/test/auto/FSM7.xml
auto.tcl: Setting watchdog for 200 seconds at Sat Apr 28 00:36:24 UTC 2018
17 ms. Memory: 146944K Free: 127195K (87%)
ptolemy.util.test.WatchDog.cancel(): canceling Sat Apr 28 00:36:24 UTC 2018
auto.tcl: Setting watchdog for 200 seconds at Sat Apr 28 00:36:24 UTC 2018
15 ms. Memory: 146944K Free: 124067K (84%)
ptolemy.util.test.WatchDog.cancel(): canceling Sat Apr 28 00:36:24 UTC 2018
------------------ testing $PTII/ptolemy/domains/de/test/auto/Inspection.xml
auto.tcl: Setting watchdog for 200 seconds at Sat Apr 28 00:36:24 UTC 2018
54 ms. Memory: 146944K Free: 127370K (87%)
ptolemy.util.test.WatchDog.cancel(): canceling Sat Apr 28 00:36:24 UTC 2018
auto.tcl: Setting watchdog for 200 seconds at Sat Apr 28 00:36:24 UTC 2018
34 ms. Memory: 146944K Free: 125284K (85%)
ptolemy.util.test.WatchDog.cancel(): canceling Sat Apr 28 00:36:24 UTC 2018
------------------ testing $PTII/ptolemy/domains/de/test/auto/Iteration.xml
auto.tcl: Setting watchdog for 200 seconds at Sat Apr 28 00:36:24 UTC 2018
16 ms. Memory: 146944K Free: 133642K (91%)
ptolemy.util.test.WatchDog.cancel(): canceling Sat Apr 28 00:36:24 UTC 2018
auto.tcl: Setting watchdog for 200 seconds at Sat Apr 28 00:36:24 UTC 2018
8 ms. Memory: 146944K Free: 132599K (90%)
ptolemy.util.test.WatchDog.cancel(): canceling Sat Apr 28 00:36:24 UTC 2018
------------------ testing $PTII/ptolemy/domains/de/test/auto/LineFault.xml
auto.tcl: Setting watchdog for 200 seconds at Sat Apr 28 00:36:24 UTC 2018
687 ms. Memory: 146944K Free: 137026K (93%)
ptolemy.util.test.WatchDog.cancel(): canceling Sat Apr 28 00:36:25 UTC 2018
auto.tcl: Setting watchdog for 200 seconds at Sat Apr 28 00:36:25 UTC 2018
587 ms. Memory: 146944K Free: 81228K (55%)
ptolemy.util.test.WatchDog.cancel(): canceling Sat Apr 28 00:36:26 UTC 2018
------------------ testing $PTII/ptolemy/domains/de/test/auto/MergeModel1Add.xml
auto.tcl: Setting watchdog for 200 seconds at Sat Apr 28 00:36:26 UTC 2018
15 ms. Memory: 209920K Free: 180603K (86%)
ptolemy.util.test.WatchDog.cancel(): canceling Sat Apr 28 00:36:26 UTC 2018
auto.tcl: Setting watchdog for 200 seconds at Sat Apr 28 00:36:26 UTC 2018
9 ms. Memory: 209920K Free: 178735K (85%)
ptolemy.util.test.WatchDog.cancel(): canceling Sat Apr 28 00:36:26 UTC 2018
------------------ testing $PTII/ptolemy/domains/de/test/auto/MergeModel2Add.xml
auto.tcl: Setting watchdog for 200 seconds at Sat Apr 28 00:36:26 UTC 2018
7 ms. Memory: 210432K Free: 184304K (88%)
ptolemy.util.test.WatchDog.cancel(): canceling Sat Apr 28 00:36:26 UTC 2018
auto.tcl: Setting watchdog for 200 seconds at Sat Apr 28 00:36:26 UTC 2018
7 ms. Memory: 210432K Free: 182435K (87%)
ptolemy.util.test.WatchDog.cancel(): canceling Sat Apr 28 00:36:26 UTC 2018
------------------ testing $PTII/ptolemy/domains/de/test/auto/MergeModel3Add.xml
auto.tcl: Setting watchdog for 200 seconds at Sat Apr 28 00:36:26 UTC 2018
8 ms. Memory: 209920K Free: 181807K (87%)
ptolemy.util.test.WatchDog.cancel(): canceling Sat Apr 28 00:36:26 UTC 2018
auto.tcl: Setting watchdog for 200 seconds at Sat Apr 28 00:36:26 UTC 2018
8 ms. Memory: 209920K Free: 179931K (86%)
ptolemy.util.test.WatchDog.cancel(): canceling Sat Apr 28 00:36:26 UTC 2018
------------------ testing $PTII/ptolemy/domains/de/test/auto/MergeWithoutDiscard.xml
auto.tcl: Setting watchdog for 200 seconds at Sat Apr 28 00:36:26 UTC 2018
3 ms. Memory: 210432K Free: 198707K (94%)
ptolemy.util.test.WatchDog.cancel(): canceling Sat Apr 28 00:36:26 UTC 2018
auto.tcl: Setting watchdog for 200 seconds at Sat Apr 28 00:36:26 UTC 2018
1 ms. Memory: 210432K Free: 198707K (94%)
ptolemy.util.test.WatchDog.cancel(): canceling Sat Apr 28 00:36:26 UTC 2018
------------------ testing $PTII/ptolemy/domains/de/test/auto/Modal1.xml
auto.tcl: Setting watchdog for 200 seconds at Sat Apr 28 00:36:26 UTC 2018
13 ms. Memory: 210432K Free: 190790K (91%)
ptolemy.util.test.WatchDog.cancel(): canceling Sat Apr 28 00:36:26 UTC 2018
auto.tcl: Setting watchdog for 200 seconds at Sat Apr 28 00:36:26 UTC 2018
13 ms. Memory: 210432K Free: 187038K (89%)
ptolemy.util.test.WatchDog.cancel(): canceling Sat Apr 28 00:36:26 UTC 2018
------------------ testing $PTII/ptolemy/domains/de/test/auto/Modal2.xml
auto.tcl: Setting watchdog for 200 seconds at Sat Apr 28 00:36:26 UTC 2018
12 ms. Memory: 210432K Free: 190665K (91%)
ptolemy.util.test.WatchDog.cancel(): canceling Sat Apr 28 00:36:27 UTC 2018
auto.tcl: Setting watchdog for 200 seconds at Sat Apr 28 00:36:27 UTC 2018
13 ms. Memory: 210432K Free: 186913K (89%)
ptolemy.util.test.WatchDog.cancel(): canceling Sat Apr 28 00:36:27 UTC 2018
------------------ testing $PTII/ptolemy/domains/de/test/auto/Modal3.xml
auto.tcl: Setting watchdog for 200 seconds at Sat Apr 28 00:36:27 UTC 2018
17 ms. Memory: 210432K Free: 190663K (91%)
ptolemy.util.test.WatchDog.cancel(): canceling Sat Apr 28 00:36:27 UTC 2018
auto.tcl: Setting watchdog for 200 seconds at Sat Apr 28 00:36:27 UTC 2018
13 ms. Memory: 210432K Free: 186910K (89%)
ptolemy.util.test.WatchDog.cancel(): canceling Sat Apr 28 00:36:27 UTC 2018
------------------ testing $PTII/ptolemy/domains/de/test/auto/Modal4.xml
auto.tcl: Setting watchdog for 200 seconds at Sat Apr 28 00:36:27 UTC 2018
13 ms. Memory: 208384K Free: 188611K (91%)
ptolemy.util.test.WatchDog.cancel(): canceling Sat Apr 28 00:36:27 UTC 2018
auto.tcl: Setting watchdog for 200 seconds at Sat Apr 28 00:36:27 UTC 2018
15 ms. Memory: 208384K Free: 184859K (89%)
ptolemy.util.test.WatchDog.cancel(): canceling Sat Apr 28 00:36:27 UTC 2018
------------------ testing $PTII/ptolemy/domains/de/test/auto/Modal5.xml
auto.tcl: Setting watchdog for 200 seconds at Sat Apr 28 00:36:27 UTC 2018
17 ms. Memory: 209920K Free: 190133K (91%)
ptolemy.util.test.WatchDog.cancel(): canceling Sat Apr 28 00:36:27 UTC 2018
auto.tcl: Setting watchdog for 200 seconds at Sat Apr 28 00:36:27 UTC 2018
15 ms. Memory: 209920K Free: 186381K (89%)
ptolemy.util.test.WatchDog.cancel(): canceling Sat Apr 28 00:36:27 UTC 2018
------------------ testing $PTII/ptolemy/domains/de/test/auto/Modal6.xml
auto.tcl: Setting watchdog for 200 seconds at Sat Apr 28 00:36:27 UTC 2018
12 ms. Memory: 209920K Free: 190131K (91%)
ptolemy.util.test.WatchDog.cancel(): canceling Sat Apr 28 00:36:27 UTC 2018
auto.tcl: Setting watchdog for 200 seconds at Sat Apr 28 00:36:27 UTC 2018
14 ms. Memory: 209920K Free: 186379K (89%)
ptolemy.util.test.WatchDog.cancel(): canceling Sat Apr 28 00:36:27 UTC 2018
------------------ testing $PTII/ptolemy/domains/de/test/auto/Modal7.xml
auto.tcl: Setting watchdog for 200 seconds at Sat Apr 28 00:36:27 UTC 2018
21 ms. Memory: 209920K Free: 185716K (88%)
ptolemy.util.test.WatchDog.cancel(): canceling Sat Apr 28 00:36:27 UTC 2018
auto.tcl: Setting watchdog for 200 seconds at Sat Apr 28 00:36:27 UTC 2018
13 ms. Memory: 209920K Free: 181964K (87%)
ptolemy.util.test.WatchDog.cancel(): canceling Sat Apr 28 00:36:27 UTC 2018
------------------ testing $PTII/ptolemy/domains/de/test/auto/ModalModel.xml
auto.tcl: Setting watchdog for 200 seconds at Sat Apr 28 00:36:27 UTC 2018
240 ms. Memory: 209920K Free: 129929K (62%)
ptolemy.util.test.WatchDog.cancel(): canceling Sat Apr 28 00:36:27 UTC 2018
auto.tcl: Setting watchdog for 200 seconds at Sat Apr 28 00:36:27 UTC 2018
251 ms. Memory: 209920K Free: 197326K (94%)
ptolemy.util.test.WatchDog.cancel(): canceling Sat Apr 28 00:36:28 UTC 2018
------------------ testing $PTII/ptolemy/domains/de/test/auto/ModalSource.xml
auto.tcl: Setting watchdog for 200 seconds at Sat Apr 28 00:36:28 UTC 2018
7 ms. Memory: 209920K Free: 195075K (93%)
ptolemy.util.test.WatchDog.cancel(): canceling Sat Apr 28 00:36:28 UTC 2018
auto.tcl: Setting watchdog for 200 seconds at Sat Apr 28 00:36:28 UTC 2018
7 ms. Memory: 209920K Free: 193330K (92%)
ptolemy.util.test.WatchDog.cancel(): canceling Sat Apr 28 00:36:28 UTC 2018
------------------ testing $PTII/ptolemy/domains/de/test/auto/NonInterruptibleTimerZeroDelay.xml
auto.tcl: Setting watchdog for 200 seconds at Sat Apr 28 00:36:28 UTC 2018
4 ms. Memory: 336896K Free: 326278K (97%)
ptolemy.util.test.WatchDog.cancel(): canceling Sat Apr 28 00:36:28 UTC 2018
auto.tcl: Setting watchdog for 200 seconds at Sat Apr 28 00:36:28 UTC 2018
2 ms. Memory: 336896K Free: 322772K (96%)
ptolemy.util.test.WatchDog.cancel(): canceling Sat Apr 28 00:36:28 UTC 2018
------------------ testing $PTII/ptolemy/domains/de/test/auto/OpenQueueingNetwork.xml
auto.tcl: Setting watchdog for 200 seconds at Sat Apr 28 00:36:28 UTC 2018
3022 ms. Memory: 336384K Free: 206804K (61%)
ptolemy.util.test.WatchDog.cancel(): canceling Sat Apr 28 00:36:31 UTC 2018
auto.tcl: Setting watchdog for 200 seconds at Sat Apr 28 00:36:31 UTC 2018
2819 ms. Memory: 314880K Free: 107048K (34%)
ptolemy.util.test.WatchDog.cancel(): canceling Sat Apr 28 00:36:34 UTC 2018
------------------ testing $PTII/ptolemy/domains/de/test/auto/OpenQueuingNetwork.xml
auto.tcl: Setting watchdog for 200 seconds at Sat Apr 28 00:36:34 UTC 2018
285 ms. Memory: 313344K Free: 209264K (67%)
ptolemy.util.test.WatchDog.cancel(): canceling Sat Apr 28 00:36:34 UTC 2018
auto.tcl: Setting watchdog for 200 seconds at Sat Apr 28 00:36:34 UTC 2018
328 ms. Memory: 313344K Free: 147338K (47%)
ptolemy.util.test.WatchDog.cancel(): canceling Sat Apr 28 00:36:35 UTC 2018
------------------ testing $PTII/ptolemy/domains/de/test/auto/PeriodicSampler.xml
auto.tcl: Setting watchdog for 200 seconds at Sat Apr 28 00:36:35 UTC 2018
2 ms. Memory: 314880K Free: 301749K (96%)
ptolemy.util.test.WatchDog.cancel(): canceling Sat Apr 28 00:36:35 UTC 2018
auto.tcl: Setting watchdog for 200 seconds at Sat Apr 28 00:36:35 UTC 2018
2 ms. Memory: 314880K Free: 298455K (95%)
ptolemy.util.test.WatchDog.cancel(): canceling Sat Apr 28 00:36:35 UTC 2018
------------------ testing $PTII/ptolemy/domains/de/test/auto/PersistentIO.xml
auto.tcl: Setting watchdog for 200 seconds at Sat Apr 28 00:36:35 UTC 2018
4 ms. Memory: 313344K Free: 294217K (94%)
ptolemy.util.test.WatchDog.cancel(): canceling Sat Apr 28 00:36:35 UTC 2018
auto.tcl: Setting watchdog for 200 seconds at Sat Apr 28 00:36:35 UTC 2018
4 ms. Memory: 313344K Free: 290924K (93%)
ptolemy.util.test.WatchDog.cancel(): canceling Sat Apr 28 00:36:35 UTC 2018
------------------ testing $PTII/ptolemy/domains/de/test/auto/PortParameterResetOnInitialize.xml
auto.tcl: Setting watchdog for 200 seconds at Sat Apr 28 00:36:35 UTC 2018
2 ms. Memory: 314880K Free: 298901K (95%)
ptolemy.util.test.WatchDog.cancel(): canceling Sat Apr 28 00:36:35 UTC 2018
auto.tcl: Setting watchdog for 200 seconds at Sat Apr 28 00:36:35 UTC 2018
2 ms. Memory: 314880K Free: 298901K (95%)
ptolemy.util.test.WatchDog.cancel(): canceling Sat Apr 28 00:36:35 UTC 2018
------------------ testing $PTII/ptolemy/domains/de/test/auto/PortParameterUpdates.xml
auto.tcl: Setting watchdog for 200 seconds at Sat Apr 28 00:36:35 UTC 2018
5 ms. Memory: 313344K Free: 297483K (95%)
ptolemy.util.test.WatchDog.cancel(): canceling Sat Apr 28 00:36:35 UTC 2018
auto.tcl: Setting watchdog for 200 seconds at Sat Apr 28 00:36:35 UTC 2018
6 ms. Memory: 313344K Free: 294173K (94%)
ptolemy.util.test.WatchDog.cancel(): canceling Sat Apr 28 00:36:35 UTC 2018
------------------ testing $PTII/ptolemy/domains/de/test/auto/QueueAndServer.xml
auto.tcl: Setting watchdog for 200 seconds at Sat Apr 28 00:36:35 UTC 2018
12 ms. Memory: 314368K Free: 298463K (95%)
ptolemy.util.test.WatchDog.cancel(): canceling Sat Apr 28 00:36:35 UTC 2018
auto.tcl: Setting watchdog for 200 seconds at Sat Apr 28 00:36:35 UTC 2018
10 ms. Memory: 314368K Free: 295169K (94%)
ptolemy.util.test.WatchDog.cancel(): canceling Sat Apr 28 00:36:35 UTC 2018
------------------ testing $PTII/ptolemy/domains/de/test/auto/Records.xml
auto.tcl: Setting watchdog for 200 seconds at Sat Apr 28 00:36:35 UTC 2018
8 ms. Memory: 313344K Free: 299706K (96%)
ptolemy.util.test.WatchDog.cancel(): canceling Sat Apr 28 00:36:35 UTC 2018
auto.tcl: Setting watchdog for 200 seconds at Sat Apr 28 00:36:35 UTC 2018
2 ms. Memory: 313344K Free: 299706K (96%)
ptolemy.util.test.WatchDog.cancel(): canceling Sat Apr 28 00:36:35 UTC 2018
------------------ testing $PTII/ptolemy/domains/de/test/auto/ResetTransitionWithStartTime1.xml
auto.tcl: Setting watchdog for 200 seconds at Sat Apr 28 00:36:35 UTC 2018
12 ms. Memory: 314368K Free: 297431K (95%)
ptolemy.util.test.WatchDog.cancel(): canceling Sat Apr 28 00:36:35 UTC 2018
auto.tcl: Setting watchdog for 200 seconds at Sat Apr 28 00:36:35 UTC 2018
6 ms. Memory: 314368K Free: 297431K (95%)
ptolemy.util.test.WatchDog.cancel(): canceling Sat Apr 28 00:36:35 UTC 2018
------------------ testing $PTII/ptolemy/domains/de/test/auto/ResetTransitionWithStartTime2.xml
auto.tcl: Setting watchdog for 200 seconds at Sat Apr 28 00:36:35 UTC 2018
8 ms. Memory: 313344K Free: 296445K (95%)
ptolemy.util.test.WatchDog.cancel(): canceling Sat Apr 28 00:36:35 UTC 2018
auto.tcl: Setting watchdog for 200 seconds at Sat Apr 28 00:36:35 UTC 2018
7 ms. Memory: 313344K Free: 296445K (95%)
ptolemy.util.test.WatchDog.cancel(): canceling Sat Apr 28 00:36:35 UTC 2018
------------------ testing $PTII/ptolemy/domains/de/test/auto/ResetTransitionWithStartTime3.xml
auto.tcl: Setting watchdog for 200 seconds at Sat Apr 28 00:36:35 UTC 2018
5 ms. Memory: 314368K Free: 297437K (95%)
ptolemy.util.test.WatchDog.cancel(): canceling Sat Apr 28 00:36:35 UTC 2018
auto.tcl: Setting watchdog for 200 seconds at Sat Apr 28 00:36:35 UTC 2018
7 ms. Memory: 314368K Free: 297437K (95%)
ptolemy.util.test.WatchDog.cancel(): canceling Sat Apr 28 00:36:35 UTC 2018
------------------ testing $PTII/ptolemy/domains/de/test/auto/ResetTransitionWithStartTime4.xml
auto.tcl: Setting watchdog for 200 seconds at Sat Apr 28 00:36:35 UTC 2018
4 ms. Memory: 313344K Free: 296426K (95%)
ptolemy.util.test.WatchDog.cancel(): canceling Sat Apr 28 00:36:35 UTC 2018
auto.tcl: Setting watchdog for 200 seconds at Sat Apr 28 00:36:35 UTC 2018
5 ms. Memory: 313344K Free: 296426K (95%)
ptolemy.util.test.WatchDog.cancel(): canceling Sat Apr 28 00:36:35 UTC 2018
------------------ testing $PTII/ptolemy/domains/de/test/auto/ResettableTimer1.xml
auto.tcl: Setting watchdog for 200 seconds at Sat Apr 28 00:36:35 UTC 2018
3 ms. Memory: 313856K Free: 297892K (95%)
ptolemy.util.test.WatchDog.cancel(): canceling Sat Apr 28 00:36:35 UTC 2018
auto.tcl: Setting watchdog for 200 seconds at Sat Apr 28 00:36:35 UTC 2018
2 ms. Memory: 313856K Free: 297892K (95%)
ptolemy.util.test.WatchDog.cancel(): canceling Sat Apr 28 00:36:36 UTC 2018
------------------ testing $PTII/ptolemy/domains/de/test/auto/ResettableTimer2.xml
auto.tcl: Setting watchdog for 200 seconds at Sat Apr 28 00:36:36 UTC 2018
2 ms. Memory: 313344K Free: 299789K (96%)
ptolemy.util.test.WatchDog.cancel(): canceling Sat Apr 28 00:36:36 UTC 2018
auto.tcl: Setting watchdog for 200 seconds at Sat Apr 28 00:36:36 UTC 2018
2 ms. Memory: 313344K Free: 299789K (96%)
ptolemy.util.test.WatchDog.cancel(): canceling Sat Apr 28 00:36:36 UTC 2018
------------------ testing $PTII/ptolemy/domains/de/test/auto/ResettableTimer3.xml
auto.tcl: Setting watchdog for 200 seconds at Sat Apr 28 00:36:36 UTC 2018
2 ms. Memory: 313856K Free: 297949K (95%)
ptolemy.util.test.WatchDog.cancel(): canceling Sat Apr 28 00:36:36 UTC 2018
auto.tcl: Setting watchdog for 200 seconds at Sat Apr 28 00:36:36 UTC 2018
1 ms. Memory: 313856K Free: 297949K (95%)
ptolemy.util.test.WatchDog.cancel(): canceling Sat Apr 28 00:36:36 UTC 2018
------------------ testing $PTII/ptolemy/domains/de/test/auto/ResettableTimer4.xml
auto.tcl: Setting watchdog for 200 seconds at Sat Apr 28 00:36:36 UTC 2018
5 ms. Memory: 313344K Free: 299801K (96%)
ptolemy.util.test.WatchDog.cancel(): canceling Sat Apr 28 00:36:36 UTC 2018
auto.tcl: Setting watchdog for 200 seconds at Sat Apr 28 00:36:36 UTC 2018
1 ms. Memory: 313344K Free: 299801K (96%)
ptolemy.util.test.WatchDog.cancel(): canceling Sat Apr 28 00:36:36 UTC 2018
------------------ testing $PTII/ptolemy/domains/de/test/auto/ResettableTimer5.xml
auto.tcl: Setting watchdog for 200 seconds at Sat Apr 28 00:36:36 UTC 2018
5 ms. Memory: 313856K Free: 297977K (95%)
ptolemy.util.test.WatchDog.cancel(): canceling Sat Apr 28 00:36:36 UTC 2018
auto.tcl: Setting watchdog for 200 seconds at Sat Apr 28 00:36:36 UTC 2018
1 ms. Memory: 313856K Free: 297977K (95%)
ptolemy.util.test.WatchDog.cancel(): canceling Sat Apr 28 00:36:36 UTC 2018
------------------ testing $PTII/ptolemy/domains/de/test/auto/ResettableTimer6.xml
auto.tcl: Setting watchdog for 200 seconds at Sat Apr 28 00:36:36 UTC 2018
2 ms. Memory: 313344K Free: 299718K (96%)
ptolemy.util.test.WatchDog.cancel(): canceling Sat Apr 28 00:36:36 UTC 2018
auto.tcl: Setting watchdog for 200 seconds at Sat Apr 28 00:36:36 UTC 2018
1 ms. Memory: 313344K Free: 299718K (96%)
ptolemy.util.test.WatchDog.cancel(): canceling Sat Apr 28 00:36:36 UTC 2018
------------------ testing $PTII/ptolemy/domains/de/test/auto/ServerZeroDelay.xml
auto.tcl: Setting watchdog for 200 seconds at Sat Apr 28 00:36:36 UTC 2018
3 ms. Memory: 313856K Free: 303561K (97%)
ptolemy.util.test.WatchDog.cancel(): canceling Sat Apr 28 00:36:36 UTC 2018
auto.tcl: Setting watchdog for 200 seconds at Sat Apr 28 00:36:36 UTC 2018
2 ms. Memory: 313856K Free: 300252K (96%)
ptolemy.util.test.WatchDog.cancel(): canceling Sat Apr 28 00:36:36 UTC 2018
------------------ testing $PTII/ptolemy/domains/de/test/auto/SmartSender.xml
auto.tcl: Setting watchdog for 200 seconds at Sat Apr 28 00:36:36 UTC 2018
3001 ms. Memory: 313344K Free: 297416K (95%)
ptolemy.util.test.WatchDog.cancel(): canceling Sat Apr 28 00:36:39 UTC 2018
auto.tcl: Setting watchdog for 200 seconds at Sat Apr 28 00:36:39 UTC 2018
3001 ms. Memory: 313344K Free: 297416K (95%)
ptolemy.util.test.WatchDog.cancel(): canceling Sat Apr 28 00:36:42 UTC 2018
------------------ testing $PTII/ptolemy/domains/de/test/auto/ThreadedComposite.xml
auto.tcl: Setting watchdog for 200 seconds at Sat Apr 28 00:36:42 UTC 2018
332 ms. Memory: 313856K Free: 277391K (88%)
ptolemy.util.test.WatchDog.cancel(): canceling Sat Apr 28 00:36:42 UTC 2018
auto.tcl: Setting watchdog for 200 seconds at Sat Apr 28 00:36:42 UTC 2018
251 ms. Memory: 313856K Free: 261526K (83%)
ptolemy.util.test.WatchDog.cancel(): canceling Sat Apr 28 00:36:43 UTC 2018
------------------ testing $PTII/ptolemy/domains/de/test/auto/Time.xml
auto.tcl: Setting watchdog for 200 seconds at Sat Apr 28 00:36:43 UTC 2018
559 ms. Memory: 313344K Free: 243778K (78%)
ptolemy.util.test.WatchDog.cancel(): canceling Sat Apr 28 00:36:43 UTC 2018
auto.tcl: Setting watchdog for 200 seconds at Sat Apr 28 00:36:43 UTC 2018
482 ms. Memory: 313344K Free: 187790K (60%)
ptolemy.util.test.WatchDog.cancel(): canceling Sat Apr 28 00:36:44 UTC 2018
------------------ testing $PTII/ptolemy/domains/de/test/auto/TimeDelayZeroDelay.xml
auto.tcl: Setting watchdog for 200 seconds at Sat Apr 28 00:36:44 UTC 2018
4 ms. Memory: 313856K Free: 300869K (96%)
ptolemy.util.test.WatchDog.cancel(): canceling Sat Apr 28 00:36:44 UTC 2018
auto.tcl: Setting watchdog for 200 seconds at Sat Apr 28 00:36:44 UTC 2018
2 ms. Memory: 313856K Free: 300869K (96%)
ptolemy.util.test.WatchDog.cancel(): canceling Sat Apr 28 00:36:44 UTC 2018
------------------ testing $PTII/ptolemy/domains/de/test/auto/TimerZeroDelay.xml
auto.tcl: Setting watchdog for 200 seconds at Sat Apr 28 00:36:44 UTC 2018
2 ms. Memory: 313344K Free: 300420K (96%)
ptolemy.util.test.WatchDog.cancel(): canceling Sat Apr 28 00:36:44 UTC 2018
auto.tcl: Setting watchdog for 200 seconds at Sat Apr 28 00:36:44 UTC 2018
2 ms. Memory: 313344K Free: 300420K (96%)
ptolemy.util.test.WatchDog.cancel(): canceling Sat Apr 28 00:36:44 UTC 2018
------------------ testing $PTII/ptolemy/domains/de/test/auto/TimingParadox.xml
auto.tcl: Setting watchdog for 200 seconds at Sat Apr 28 00:36:44 UTC 2018
390 ms. Memory: 313856K Free: 231369K (74%)
ptolemy.util.test.WatchDog.cancel(): canceling Sat Apr 28 00:36:44 UTC 2018
auto.tcl: Setting watchdog for 200 seconds at Sat Apr 28 00:36:44 UTC 2018
365 ms. Memory: 313856K Free: 196103K (62%)
ptolemy.util.test.WatchDog.cancel(): canceling Sat Apr 28 00:36:45 UTC 2018
------------------ testing $PTII/ptolemy/domains/de/test/auto/TransferInputs.xml
auto.tcl: Setting watchdog for 200 seconds at Sat Apr 28 00:36:45 UTC 2018
6 ms. Memory: 313856K Free: 299821K (96%)
ptolemy.util.test.WatchDog.cancel(): canceling Sat Apr 28 00:36:45 UTC 2018
auto.tcl: Setting watchdog for 200 seconds at Sat Apr 28 00:36:45 UTC 2018
3 ms. Memory: 313856K Free: 299821K (96%)
ptolemy.util.test.WatchDog.cancel(): canceling Sat Apr 28 00:36:45 UTC 2018
------------------ testing $PTII/ptolemy/domains/de/test/auto/TransferOutputs2.xml
auto.tcl: Setting watchdog for 200 seconds at Sat Apr 28 00:36:45 UTC 2018
3 ms. Memory: 313344K Free: 295161K (94%)
ptolemy.util.test.WatchDog.cancel(): canceling Sat Apr 28 00:36:45 UTC 2018
auto.tcl: Setting watchdog for 200 seconds at Sat Apr 28 00:36:45 UTC 2018
4 ms. Memory: 313344K Free: 295161K (94%)
ptolemy.util.test.WatchDog.cancel(): canceling Sat Apr 28 00:36:45 UTC 2018
------------------ testing $PTII/ptolemy/domains/de/test/auto/Trilateration.xml
auto.tcl: Setting watchdog for 200 seconds at Sat Apr 28 00:36:45 UTC 2018
13357 ms. Memory: 378368K Free: 258695K (68%)
ptolemy.util.test.WatchDog.cancel(): canceling Sat Apr 28 00:37:00 UTC 2018
auto.tcl: Setting watchdog for 200 seconds at Sat Apr 28 00:37:00 UTC 2018
10722 ms. Memory: 261632K Free: 171894K (66%)
ptolemy.util.test.WatchDog.cancel(): canceling Sat Apr 28 00:37:10 UTC 2018
------------------ testing $PTII/ptolemy/domains/de/test/auto/TwoSigmaDelta.xml
auto.tcl: Setting watchdog for 200 seconds at Sat Apr 28 00:37:10 UTC 2018
2950 ms. Memory: 254464K Free: 140782K (55%)
ptolemy.util.test.WatchDog.cancel(): canceling Sat Apr 28 00:37:14 UTC 2018
auto.tcl: Setting watchdog for 200 seconds at Sat Apr 28 00:37:14 UTC 2018
2245 ms. Memory: 246784K Free: 75358K (31%)
ptolemy.util.test.WatchDog.cancel(): canceling Sat Apr 28 00:37:16 UTC 2018
------------------ testing $PTII/ptolemy/domains/de/test/auto/VariableDelay.xml
auto.tcl: Setting watchdog for 200 seconds at Sat Apr 28 00:37:16 UTC 2018
2 ms. Memory: 246784K Free: 234962K (95%)
ptolemy.util.test.WatchDog.cancel(): canceling Sat Apr 28 00:37:16 UTC 2018
auto.tcl: Setting watchdog for 200 seconds at Sat Apr 28 00:37:16 UTC 2018
1 ms. Memory: 246784K Free: 234962K (95%)
ptolemy.util.test.WatchDog.cancel(): canceling Sat Apr 28 00:37:16 UTC 2018
------------------ testing $PTII/ptolemy/domains/de/test/auto/VariableDelay2.xml
auto.tcl: Setting watchdog for 200 seconds at Sat Apr 28 00:37:16 UTC 2018
1 ms. Memory: 248320K Free: 236906K (95%)
ptolemy.util.test.WatchDog.cancel(): canceling Sat Apr 28 00:37:16 UTC 2018
auto.tcl: Setting watchdog for 200 seconds at Sat Apr 28 00:37:16 UTC 2018
2 ms. Memory: 248320K Free: 236906K (95%)
ptolemy.util.test.WatchDog.cancel(): canceling Sat Apr 28 00:37:16 UTC 2018
------------------ testing $PTII/ptolemy/domains/de/test/auto/VariableDelayZeroDelay.xml
auto.tcl: Setting watchdog for 200 seconds at Sat Apr 28 00:37:16 UTC 2018
2 ms. Memory: 246784K Free: 235385K (95%)
ptolemy.util.test.WatchDog.cancel(): canceling Sat Apr 28 00:37:16 UTC 2018
auto.tcl: Setting watchdog for 200 seconds at Sat Apr 28 00:37:16 UTC 2018
3 ms. Memory: 246784K Free: 235385K (95%)
ptolemy.util.test.WatchDog.cancel(): canceling Sat Apr 28 00:37:16 UTC 2018
------------------ testing $PTII/ptolemy/domains/de/test/auto/VariableDelayZeroDelay2.xml
auto.tcl: Setting watchdog for 200 seconds at Sat Apr 28 00:37:16 UTC 2018
2 ms. Memory: 247808K Free: 234738K (95%)
ptolemy.util.test.WatchDog.cancel(): canceling Sat Apr 28 00:37:16 UTC 2018
auto.tcl: Setting watchdog for 200 seconds at Sat Apr 28 00:37:16 UTC 2018
2 ms. Memory: 247808K Free: 234738K (95%)
ptolemy.util.test.WatchDog.cancel(): canceling Sat Apr 28 00:37:16 UTC 2018
------------------ testing $PTII/ptolemy/domains/de/test/auto/deInCt.xml
auto.tcl: Setting watchdog for 200 seconds at Sat Apr 28 00:37:16 UTC 2018
0
1
1
1
0
0
0
1
1
1
0
0
0
0
1
1
1
0
0
0
1
1
1
1
0
0
0
1
1
1
1
0
0
0
0
0
18 ms. Memory: 246784K Free: 233710K (95%)
ptolemy.util.test.WatchDog.cancel(): canceling Sat Apr 28 00:37:16 UTC 2018
auto.tcl: Setting watchdog for 200 seconds at Sat Apr 28 00:37:16 UTC 2018
0
1
1
1
0
0
0
0
0
1
1
0
0
0
1
1
1
1
0
0
0
1
1
1
1
0
0
0
1
1
1
0
0
0
0
1
1
0
0
0
6 ms. Memory: 246784K Free: 231251K (94%)
ptolemy.util.test.WatchDog.cancel(): canceling Sat Apr 28 00:37:16 UTC 2018
------------------ testing $PTII/ptolemy/domains/de/test/auto/deInCt2.xml
auto.tcl: Setting watchdog for 200 seconds at Sat Apr 28 00:37:16 UTC 2018
0
1
1
1
0
0
1
1
1
0
0
1
1
1
0
0
1
1
1
0
0
1
1
1
0
0
1
1
1
0
0
1
1
1
0
0
1
1
1
0
0
0
10 ms. Memory: 247808K Free: 234732K (95%)
ptolemy.util.test.WatchDog.cancel(): canceling Sat Apr 28 00:37:16 UTC 2018
auto.tcl: Setting watchdog for 200 seconds at Sat Apr 28 00:37:16 UTC 2018
0
1
1
1
0
0
1
1
1
0
0
1
1
1
0
0
1
1
1
0
0
1
1
1
0
0
1
1
1
0
0
1
1
1
0
0
1
1
1
0
0
0
11 ms. Memory: 247808K Free: 232274K (94%)
ptolemy.util.test.WatchDog.cancel(): canceling Sat Apr 28 00:37:16 UTC 2018
------------------ testing $PTII/ptolemy/domains/de/test/auto/dynamicCausalityInterface1.xml
auto.tcl: Setting watchdog for 200 seconds at Sat Apr 28 00:37:16 UTC 2018
0 ms. Memory: 246784K Free: 228804K (93%)
ptolemy.util.test.WatchDog.cancel(): canceling Sat Apr 28 00:37:16 UTC 2018
auto.tcl: Setting watchdog for 200 seconds at Sat Apr 28 00:37:16 UTC 2018
1 ms. Memory: 246784K Free: 226361K (92%)
ptolemy.util.test.WatchDog.cancel(): canceling Sat Apr 28 00:37:16 UTC 2018
------------------ testing $PTII/ptolemy/domains/de/test/auto/fsm_de_test.xml
auto.tcl: Setting watchdog for 200 seconds at Sat Apr 28 00:37:16 UTC 2018
7 ms. Memory: 247808K Free: 229723K (93%)
ptolemy.util.test.WatchDog.cancel(): canceling Sat Apr 28 00:37:16 UTC 2018
auto.tcl: Setting watchdog for 200 seconds at Sat Apr 28 00:37:16 UTC 2018
5 ms. Memory: 247808K Free: 227280K (92%)
ptolemy.util.test.WatchDog.cancel(): canceling Sat Apr 28 00:37:16 UTC 2018
------------------ testing $PTII/ptolemy/domains/de/test/auto/functionDependencyReconstruction.xml
auto.tcl: Setting watchdog for 200 seconds at Sat Apr 28 00:37:16 UTC 2018
5 ms. Memory: 246784K Free: 221351K (90%)
ptolemy.util.test.WatchDog.cancel(): canceling Sat Apr 28 00:37:17 UTC 2018
auto.tcl: Setting watchdog for 200 seconds at Sat Apr 28 00:37:17 UTC 2018
3 ms. Memory: 246784K Free: 218900K (89%)
ptolemy.util.test.WatchDog.cancel(): canceling Sat Apr 28 00:37:17 UTC 2018
------------------ testing $PTII/ptolemy/domains/de/test/auto/multirate.xml
auto.tcl: Setting watchdog for 200 seconds at Sat Apr 28 00:37:17 UTC 2018
5 ms. Memory: 247296K Free: 231544K (94%)
ptolemy.util.test.WatchDog.cancel(): canceling Sat Apr 28 00:37:17 UTC 2018
auto.tcl: Setting watchdog for 200 seconds at Sat Apr 28 00:37:17 UTC 2018
3 ms. Memory: 247296K Free: 231544K (94%)
ptolemy.util.test.WatchDog.cancel(): canceling Sat Apr 28 00:37:17 UTC 2018
------------------ testing $PTII/ptolemy/domains/de/test/auto/multirate2.xml
auto.tcl: Setting watchdog for 200 seconds at Sat Apr 28 00:37:17 UTC 2018
3 ms. Memory: 246784K Free: 231221K (94%)
ptolemy.util.test.WatchDog.cancel(): canceling Sat Apr 28 00:37:17 UTC 2018
auto.tcl: Setting watchdog for 200 seconds at Sat Apr 28 00:37:17 UTC 2018
3 ms. Memory: 246784K Free: 231221K (94%)
ptolemy.util.test.WatchDog.cancel(): canceling Sat Apr 28 00:37:17 UTC 2018
------------------ testing $PTII/ptolemy/domains/de/test/auto/realtime.xml
auto.tcl: Setting watchdog for 200 seconds at Sat Apr 28 00:37:17 UTC 2018
10001 ms. Memory: 247296K Free: 234165K (95%)
ptolemy.util.test.WatchDog.cancel(): canceling Sat Apr 28 00:37:27 UTC 2018
auto.tcl: Setting watchdog for 200 seconds at Sat Apr 28 00:37:27 UTC 2018
10001 ms. Memory: 247296K Free: 234165K (95%)
ptolemy.util.test.WatchDog.cancel(): canceling Sat Apr 28 00:37:37 UTC 2018
------------------ testing $PTII/ptolemy/domains/de/test/auto/relationGroup.xml
auto.tcl: Setting watchdog for 200 seconds at Sat Apr 28 00:37:37 UTC 2018
1 ms. Memory: 246784K Free: 233681K (95%)
ptolemy.util.test.WatchDog.cancel(): canceling Sat Apr 28 00:37:37 UTC 2018
auto.tcl: Setting watchdog for 200 seconds at Sat Apr 28 00:37:37 UTC 2018
1 ms. Memory: 246784K Free: 233681K (95%)
ptolemy.util.test.WatchDog.cancel(): canceling Sat Apr 28 00:37:37 UTC 2018
------------------ testing $PTII/ptolemy/domains/de/test/auto/relationGroup2.xml
auto.tcl: Setting watchdog for 200 seconds at Sat Apr 28 00:37:37 UTC 2018
8 ms. Memory: 247296K Free: 234219K (95%)
ptolemy.util.test.WatchDog.cancel(): canceling Sat Apr 28 00:37:37 UTC 2018
auto.tcl: Setting watchdog for 200 seconds at Sat Apr 28 00:37:37 UTC 2018
1 ms. Memory: 247296K Free: 234219K (95%)
ptolemy.util.test.WatchDog.cancel(): canceling Sat Apr 28 00:37:37 UTC 2018
------------------ testing $PTII/ptolemy/domains/de/test/auto/sortWithOpaquePorts.xml
auto.tcl: Setting watchdog for 200 seconds at Sat Apr 28 00:37:37 UTC 2018
2 ms. Memory: 246784K Free: 233708K (95%)
ptolemy.util.test.WatchDog.cancel(): canceling Sat Apr 28 00:37:37 UTC 2018
auto.tcl: Setting watchdog for 200 seconds at Sat Apr 28 00:37:37 UTC 2018
1 ms. Memory: 246784K Free: 233708K (95%)
ptolemy.util.test.WatchDog.cancel(): canceling Sat Apr 28 00:37:37 UTC 2018
------------------ testing $PTII/ptolemy/domains/de/test/auto/transferInputsandOutputs.xml
auto.tcl: Setting watchdog for 200 seconds at Sat Apr 28 00:37:37 UTC 2018
1 ms. Memory: 247296K Free: 231764K (94%)
ptolemy.util.test.WatchDog.cancel(): canceling Sat Apr 28 00:37:37 UTC 2018
auto.tcl: Setting watchdog for 200 seconds at Sat Apr 28 00:37:37 UTC 2018
1 ms. Memory: 247296K Free: 231764K (94%)
ptolemy.util.test.WatchDog.cancel(): canceling Sat Apr 28 00:37:37 UTC 2018
------------------ testing $PTII/ptolemy/domains/de/test/auto/triggerType.xml
auto.tcl: Setting watchdog for 200 seconds at Sat Apr 28 00:37:37 UTC 2018
1 ms. Memory: 246784K Free: 233646K (95%)
ptolemy.util.test.WatchDog.cancel(): canceling Sat Apr 28 00:37:37 UTC 2018
auto.tcl: Setting watchdog for 200 seconds at Sat Apr 28 00:37:37 UTC 2018
1 ms. Memory: 246784K Free: 233646K (95%)
ptolemy.util.test.WatchDog.cancel(): canceling Sat Apr 28 00:37:37 UTC 2018
04/28/18 12:37:37
Failed: 0  Total Tests: 192  ((Passed: 187, Newly Passed: 1)  Known Failed: 5) /home/travis/build/icyphy/ptII/ptolemy/domains/de/test
04/28/18 12:37:37
Failed: 0  Total Tests: 192  ((Passed: 187, Newly Passed: 1)  Known Failed: 5) /home/travis/build/icyphy/ptII/ptolemy/domains/de/test
----------------- testing (KnownFailure) /home/travis/build/icyphy/ptII/ptolemy/domains/de/test/auto/knownFailedTests/DESDFClockTest.xml
2007 ms. Memory: 247296K Free: 226732K (92%)
Known Failure: java.lang.reflect.InvocationTargetException
----------------- testing (KnownFailure) /home/travis/build/icyphy/ptII/ptolemy/domains/de/test/auto/knownFailedTests/DirectFeedback.xml
1 ms. Memory: 247296K Free: 213497K (86%)
Known Failure: java.lang.reflect.InvocationTargetException
----------------- testing (KnownFailure) /home/travis/build/icyphy/ptII/ptolemy/domains/de/test/auto/knownFailedTests/FSMSource.xml
8 ms. Memory: 247296K Free: 196943K (80%)
----------------- testing (KnownFailure) /home/travis/build/icyphy/ptII/ptolemy/domains/de/test/auto/knownFailedTests/HierarchicalModel.xml
1 ms. Memory: 247296K Free: 177066K (72%)
Known Failure: java.lang.reflect.InvocationTargetException
----------------- testing (KnownFailure) /home/travis/build/icyphy/ptII/ptolemy/domains/de/test/auto/knownFailedTests/dependencyLoop.xml
1 ms. Memory: 247296K Free: 147266K (60%)
Known Failure: java.lang.reflect.InvocationTargetException
----------------- testing (KnownFailure) /home/travis/build/icyphy/ptII/ptolemy/domains/de/test/auto/knownFailedTests/dependencyLoop2.xml
2 ms. Memory: 247296K Free: 120781K (49%)
Known Failure: java.lang.reflect.InvocationTargetException
No auto/*.xml tests in /home/travis/build/icyphy/ptII/ptolemy/domains/de/test
AutoTests.java: About to close Vertx.
AutoTests.java: Vertx closed.
----------------- testing Sat Apr 28 00:37:39 UTC 2018 /home/travis/build/icyphy/ptII/ptolemy/domains/de/test/auto/ActorDepthCalculation_actorWithoutPorts.xml
1 ms. Memory: 247296K Free: 100935K (41%)
reloadAllAccessors: .ActorDepthCalculation_actorWithoutPorts
----------------- testing Sat Apr 28 00:37:39 UTC 2018 /home/travis/build/icyphy/ptII/ptolemy/domains/de/test/auto/AssemblyLine.xml
1 ms. Memory: 247296K Free: 87689K (35%)
reloadAllAccessors: .AssemblyLine
----------------- testing Sat Apr 28 00:37:39 UTC 2018 /home/travis/build/icyphy/ptII/ptolemy/domains/de/test/auto/CQBug1.xml
1 ms. Memory: 247296K Free: 81074K (33%)
reloadAllAccessors: .CQBug1
----------------- testing Sat Apr 28 00:37:39 UTC 2018 /home/travis/build/icyphy/ptII/ptolemy/domains/de/test/auto/CancelFireAt.xml
3 ms. Memory: 240128K Free: 231646K (96%)
reloadAllAccessors: .CancelFireAt
----------------- testing Sat Apr 28 00:37:39 UTC 2018 /home/travis/build/icyphy/ptII/ptolemy/domains/de/test/auto/CausalityAndComposabilityAnalysis.xml
1 ms. Memory: 240128K Free: 223757K (93%)
reloadAllAccessors: .CausalityAndComposabilityAnalysis
----------------- testing Sat Apr 28 00:37:39 UTC 2018 /home/travis/build/icyphy/ptII/ptolemy/domains/de/test/auto/CausalityInterface1.xml
3 ms. Memory: 240128K Free: 217400K (91%)
reloadAllAccessors: .CausalityInterface1
----------------- testing Sat Apr 28 00:37:39 UTC 2018 /home/travis/build/icyphy/ptII/ptolemy/domains/de/test/auto/CausalityInterface15.xml
1 ms. Memory: 240128K Free: 209431K (87%)
reloadAllAccessors: .CausalityInterface15
----------------- testing Sat Apr 28 00:37:39 UTC 2018 /home/travis/build/icyphy/ptII/ptolemy/domains/de/test/auto/CausalityInterface2.xml
1 ms. Memory: 240128K Free: 201534K (84%)
reloadAllAccessors: .CausalityInterface2
----------------- testing Sat Apr 28 00:37:39 UTC 2018 /home/travis/build/icyphy/ptII/ptolemy/domains/de/test/auto/CausalityInterface3.xml
1 ms. Memory: 240128K Free: 195169K (81%)
reloadAllAccessors: .CausalityInterface3
----------------- testing Sat Apr 28 00:37:39 UTC 2018 /home/travis/build/icyphy/ptII/ptolemy/domains/de/test/auto/ClockDrift.xml
10 ms. Memory: 240128K Free: 180835K (75%)
reloadAllAccessors: .ClockDrift
----------------- testing Sat Apr 28 00:37:39 UTC 2018 /home/travis/build/icyphy/ptII/ptolemy/domains/de/test/auto/ClockDriftAndValueChange.xml
7 ms. Memory: 240128K Free: 164946K (69%)
reloadAllAccessors: .ClockDriftAndValueChange
----------------- testing Sat Apr 28 00:37:39 UTC 2018 /home/travis/build/icyphy/ptII/ptolemy/domains/de/test/auto/ClockDriftChange.xml
7 ms. Memory: 240128K Free: 152231K (63%)
reloadAllAccessors: .ClockDriftChange
----------------- testing Sat Apr 28 00:37:39 UTC 2018 /home/travis/build/icyphy/ptII/ptolemy/domains/de/test/auto/ComposableCausalityAnalysis.xml
0 ms. Memory: 240128K Free: 144271K (60%)
reloadAllAccessors: .ComposableCausalityAnalysis
----------------- testing Sat Apr 28 00:37:39 UTC 2018 /home/travis/build/icyphy/ptII/ptolemy/domains/de/test/auto/DEFixedPointLimitation.xml
0 ms. Memory: 240128K Free: 137906K (57%)
reloadAllAccessors: .DEFixedPointLimitation
----------------- testing Sat Apr 28 00:37:39 UTC 2018 /home/travis/build/icyphy/ptII/ptolemy/domains/de/test/auto/DEScheduleTest.xml
1 ms. Memory: 240128K Free: 130001K (54%)
reloadAllAccessors: .DEScheduleTest
----------------- testing Sat Apr 28 00:37:39 UTC 2018 /home/travis/build/icyphy/ptII/ptolemy/domains/de/test/auto/DEinDEwithStartTimes.xml
1 ms. Memory: 240128K Free: 122049K (51%)
reloadAllAccessors: .DEinDEwithStartTimes
----------------- testing Sat Apr 28 00:37:39 UTC 2018 /home/travis/build/icyphy/ptII/ptolemy/domains/de/test/auto/DEinDEwithStartTimes2.xml
2 ms. Memory: 240128K Free: 114088K (48%)
reloadAllAccessors: .DEinDEwithStartTimes2
----------------- testing Sat Apr 28 00:37:39 UTC 2018 /home/travis/build/icyphy/ptII/ptolemy/domains/de/test/auto/DateDemo.xml
3 ms. Memory: 240128K Free: 99792K (42%)
reloadAllAccessors: .DateDemo
----------------- testing Sat Apr 28 00:37:39 UTC 2018 /home/travis/build/icyphy/ptII/ptolemy/domains/de/test/auto/DateToEvent.xml
2003 ms. Memory: 240128K Free: 80697K (34%)
reloadAllAccessors: .DateToEvent
----------------- testing Sat Apr 28 00:37:41 UTC 2018 /home/travis/build/icyphy/ptII/ptolemy/domains/de/test/auto/DepthTest1.xml
[...]
java.lang.RuntimeException: Execution failed
	at ptolemy.moml.MoMLSimpleApplication$UnloadThread.run(MoMLSimpleApplication.java:402)
Caused by: ptolemy.kernel.util.IllegalActionException: Test fails in iteration 1.
Value was: 1.0. Should have been: 2.0
  in .DirectFeedback.Test
	at ptolemy.actor.lib.Test.fire(Test.java:268)
	at ptolemy.domains.de.kernel.DEDirector._fire(DEDirector.java:1948)
	at ptolemy.domains.de.kernel.DEDirector.fire(DEDirector.java:502)
	at ptolemy.actor.CompositeActor.fire(CompositeActor.java:455)
	at ptolemy.actor.Manager.iterate(Manager.java:851)
	at ptolemy.actor.Manager.execute(Manager.java:369)
	at ptolemy.actor.Manager.run(Manager.java:1263)
	at ptolemy.actor.Manager$PtolemyRunThread.run(Manager.java:1915)
java.lang.RuntimeException: Execution failed
	at ptolemy.moml.MoMLSimpleApplication$UnloadThread.run(MoMLSimpleApplication.java:402)
Caused by: ptolemy.kernel.util.IllegalActionException: Actor is not ready to fire.  Perhaps UpSample.prefire() returned false? Try debugging the actor by selecting "Listen to Actor".  Also, for SDF check moml for tokenConsumptionRate on input.
  in .DESDFClockTest.Play Bell.Copy1:SDF Director and .DESDFClockTest.Play Bell.UpSample
	at ptolemy.actor.sched.StaticSchedulingDirector.fire(StaticSchedulingDirector.java:227)
	at ptolemy.domains.sdf.kernel.SDFDirector.fire(SDFDirector.java:500)
	at ptolemy.actor.CompositeActor.fire(CompositeActor.java:455)
	at ptolemy.domains.de.kernel.DEDirector._fire(DEDirector.java:1948)
	at ptolemy.domains.de.kernel.DEDirector.fire(DEDirector.java:502)
	at ptolemy.actor.CompositeActor.fire(CompositeActor.java:455)
	at ptolemy.actor.Manager.iterate(Manager.java:851)
	at ptolemy.actor.Manager.execute(Manager.java:369)
	at ptolemy.actor.Manager.run(Manager.java:1263)
	at ptolemy.actor.Manager$PtolemyRunThread.run(Manager.java:1915)
java.lang.reflect.InvocationTargetException
	at sun.reflect.NativeConstructorAccessorImpl.newInstance0(Native Method)
	at sun.reflect.NativeConstructorAccessorImpl.newInstance(NativeConstructorAccessorImpl.java:62)
	at sun.reflect.DelegatingConstructorAccessorImpl.newInstance(DelegatingConstructorAccessorImpl.java:45)
	at java.lang.reflect.Constructor.newInstance(Constructor.java:423)
	at ptolemy.util.test.junit.AutoKnownFailedTests.RunModel(AutoKnownFailedTests.java:107)
	at sun.reflect.NativeMethodAccessorImpl.invoke0(Native Method)
	at sun.reflect.NativeMethodAccessorImpl.invoke(NativeMethodAccessorImpl.java:62)
	at sun.reflect.DelegatingMethodAccessorImpl.invoke(DelegatingMethodAccessorImpl.java:43)
	at java.lang.reflect.Method.invoke(Method.java:498)
	at org.junit.runners.model.FrameworkMethod$1.runReflectiveCall(FrameworkMethod.java:44)
	at org.junit.internal.runners.model.ReflectiveCallable.run(ReflectiveCallable.java:15)
	at org.junit.runners.model.FrameworkMethod.invokeExplosively(FrameworkMethod.java:41)
	at junitparams.internal.InvokeParameterisedMethod.evaluate(InvokeParameterisedMethod.java:102)
	at org.junit.internal.runners.statements.FailOnTimeout$1.run(FailOnTimeout.java:28)
Caused by: ptolemy.kernel.util.IllegalActionException: Actor is not ready to fire.  Perhaps UpSample.prefire() returned false? Try debugging the actor by selecting "Listen to Actor".  Also, for SDF check moml for tokenConsumptionRate on input.
  in .DESDFClockTest.Play Bell.Copy1:SDF Director and .DESDFClockTest.Play Bell.UpSample
	at ptolemy.actor.sched.StaticSchedulingDirector.fire(StaticSchedulingDirector.java:227)
	at ptolemy.domains.sdf.kernel.SDFDirector.fire(SDFDirector.java:500)
	at ptolemy.actor.CompositeActor.fire(CompositeActor.java:455)
	at ptolemy.domains.de.kernel.DEDirector._fire(DEDirector.java:1948)
	at ptolemy.domains.de.kernel.DEDirector.fire(DEDirector.java:502)
	at ptolemy.actor.CompositeActor.fire(CompositeActor.java:455)
	at ptolemy.actor.Manager.iterate(Manager.java:851)
	at ptolemy.actor.Manager.execute(Manager.java:369)
	at ptolemy.actor.Manager.run(Manager.java:1263)
	at ptolemy.actor.Manager$PtolemyRunThread.run(Manager.java:1915)
java.lang.RuntimeException: Execution failed
	at ptolemy.moml.MoMLSimpleApplication$UnloadThread.run(MoMLSimpleApplication.java:402)
Caused by: ptolemy.kernel.util.IllegalActionException: Test fails in iteration 1.
Value was: 1.0. Should have been: 2.0
  in .DirectFeedback.Test
	at ptolemy.actor.lib.Test.fire(Test.java:268)
	at ptolemy.domains.de.kernel.DEDirector._fire(DEDirector.java:1948)
	at ptolemy.domains.de.kernel.DEDirector.fire(DEDirector.java:502)
	at ptolemy.actor.CompositeActor.fire(CompositeActor.java:455)
	at ptolemy.actor.Manager.iterate(Manager.java:851)
	at ptolemy.actor.Manager.execute(Manager.java:369)
	at ptolemy.actor.Manager.run(Manager.java:1263)
	at ptolemy.actor.Manager$PtolemyRunThread.run(Manager.java:1915)
java.lang.reflect.InvocationTargetException
	at sun.reflect.NativeConstructorAccessorImpl.newInstance0(Native Method)
	at sun.reflect.NativeConstructorAccessorImpl.newInstance(NativeConstructorAccessorImpl.java:62)
	at sun.reflect.DelegatingConstructorAccessorImpl.newInstance(DelegatingConstructorAccessorImpl.java:45)
	at java.lang.reflect.Constructor.newInstance(Constructor.java:423)
	at ptolemy.util.test.junit.AutoKnownFailedTests.RunModel(AutoKnownFailedTests.java:107)
	at sun.reflect.NativeMethodAccessorImpl.invoke0(Native Method)
	at sun.reflect.NativeMethodAccessorImpl.invoke(NativeMethodAccessorImpl.java:62)
	at sun.reflect.DelegatingMethodAccessorImpl.invoke(DelegatingMethodAccessorImpl.java:43)
	at java.lang.reflect.Method.invoke(Method.java:498)
	at org.junit.runners.model.FrameworkMethod$1.runReflectiveCall(FrameworkMethod.java:44)
	at org.junit.internal.runners.model.ReflectiveCallable.run(ReflectiveCallable.java:15)
	at org.junit.runners.model.FrameworkMethod.invokeExplosively(FrameworkMethod.java:41)
	at junitparams.internal.InvokeParameterisedMethod.evaluate(InvokeParameterisedMethod.java:102)
	at org.junit.internal.runners.statements.FailOnTimeout$1.run(FailOnTimeout.java:28)
Caused by: ptolemy.kernel.util.IllegalActionException: Test fails in iteration 1.
Value was: 1.0. Should have been: 2.0
  in .DirectFeedback.Test
	at ptolemy.actor.lib.Test.fire(Test.java:268)
	at ptolemy.domains.de.kernel.DEDirector._fire(DEDirector.java:1948)
	at ptolemy.domains.de.kernel.DEDirector.fire(DEDirector.java:502)
	at ptolemy.actor.CompositeActor.fire(CompositeActor.java:455)
	at ptolemy.actor.Manager.iterate(Manager.java:851)
	at ptolemy.actor.Manager.execute(Manager.java:369)
	at ptolemy.actor.Manager.run(Manager.java:1263)
	at ptolemy.actor.Manager$PtolemyRunThread.run(Manager.java:1915)
java.lang.RuntimeException: Execution failed
	at ptolemy.moml.MoMLSimpleApplication$UnloadThread.run(MoMLSimpleApplication.java:402)
Caused by: ptolemy.kernel.util.IllegalActionException: Found a zero delay loop containing .HierarchicalModel.A
  in .HierarchicalModel and .HierarchicalModel.A
	at ptolemy.actor.util.CausalityInterfaceForComposites._computeOutputPortDepth(CausalityInterfaceForComposites.java:759)
	at ptolemy.actor.util.CausalityInterfaceForComposites._computeInputDepth(CausalityInterfaceForComposites.java:696)
	at ptolemy.actor.util.CausalityInterfaceForComposites._computeOutputPortDepth(CausalityInterfaceForComposites.java:765)
	at ptolemy.actor.util.CausalityInterfaceForComposites._computeInputDepth(CausalityInterfaceForComposites.java:696)
	at ptolemy.actor.util.CausalityInterfaceForComposites._computeOutputPortDepth(CausalityInterfaceForComposites.java:765)
	at ptolemy.actor.util.CausalityInterfaceForComposites._computeInputDepth(CausalityInterfaceForComposites.java:696)
	at ptolemy.actor.util.CausalityInterfaceForComposites._computeActorDepth(CausalityInterfaceForComposites.java:532)
	at ptolemy.actor.util.CausalityInterfaceForComposites.checkForCycles(CausalityInterfaceForComposites.java:96)
	at ptolemy.domains.de.kernel.DEDirector.preinitialize(DEDirector.java:1337)
	at ptolemy.actor.CompositeActor.preinitialize(CompositeActor.java:1828)
	at ptolemy.actor.Manager.preinitializeAndResolveTypes(Manager.java:1040)
	at ptolemy.actor.Manager.initialize(Manager.java:710)
	at ptolemy.actor.Manager.execute(Manager.java:356)
	at ptolemy.actor.Manager.run(Manager.java:1263)
	at ptolemy.actor.Manager$PtolemyRunThread.run(Manager.java:1915)
java.lang.reflect.InvocationTargetException
	at sun.reflect.NativeConstructorAccessorImpl.newInstance0(Native Method)
	at sun.reflect.NativeConstructorAccessorImpl.newInstance(NativeConstructorAccessorImpl.java:62)
	at sun.reflect.DelegatingConstructorAccessorImpl.newInstance(DelegatingConstructorAccessorImpl.java:45)
	at java.lang.reflect.Constructor.newInstance(Constructor.java:423)
	at ptolemy.util.test.junit.AutoKnownFailedTests.RunModel(AutoKnownFailedTests.java:107)
	at sun.reflect.NativeMethodAccessorImpl.invoke0(Native Method)
	at sun.reflect.NativeMethodAccessorImpl.invoke(NativeMethodAccessorImpl.java:62)
	at sun.reflect.DelegatingMethodAccessorImpl.invoke(DelegatingMethodAccessorImpl.java:43)
	at java.lang.reflect.Method.invoke(Method.java:498)
	at org.junit.runners.model.FrameworkMethod$1.runReflectiveCall(FrameworkMethod.java:44)
	at org.junit.internal.runners.model.ReflectiveCallable.run(ReflectiveCallable.java:15)
	at org.junit.runners.model.FrameworkMethod.invokeExplosively(FrameworkMethod.java:41)
	at junitparams.internal.InvokeParameterisedMethod.evaluate(InvokeParameterisedMethod.java:102)
	at org.junit.internal.runners.statements.FailOnTimeout$1.run(FailOnTimeout.java:28)
Caused by: ptolemy.kernel.util.IllegalActionException: Found a zero delay loop containing .HierarchicalModel.A
  in .HierarchicalModel and .HierarchicalModel.A
	at ptolemy.actor.util.CausalityInterfaceForComposites._computeOutputPortDepth(CausalityInterfaceForComposites.java:759)
	at ptolemy.actor.util.CausalityInterfaceForComposites._computeInputDepth(CausalityInterfaceForComposites.java:696)
	at ptolemy.actor.util.CausalityInterfaceForComposites._computeOutputPortDepth(CausalityInterfaceForComposites.java:765)
	at ptolemy.actor.util.CausalityInterfaceForComposites._computeInputDepth(CausalityInterfaceForComposites.java:696)
	at ptolemy.actor.util.CausalityInterfaceForComposites._computeOutputPortDepth(CausalityInterfaceForComposites.java:765)
	at ptolemy.actor.util.CausalityInterfaceForComposites._computeInputDepth(CausalityInterfaceForComposites.java:696)
	at ptolemy.actor.util.CausalityInterfaceForComposites._computeActorDepth(CausalityInterfaceForComposites.java:532)
	at ptolemy.actor.util.CausalityInterfaceForComposites.checkForCycles(CausalityInterfaceForComposites.java:96)
	at ptolemy.domains.de.kernel.DEDirector.preinitialize(DEDirector.java:1337)
	at ptolemy.actor.CompositeActor.preinitialize(CompositeActor.java:1828)
	at ptolemy.actor.Manager.preinitializeAndResolveTypes(Manager.java:1040)
	at ptolemy.actor.Manager.initialize(Manager.java:710)
	at ptolemy.actor.Manager.execute(Manager.java:356)
	at ptolemy.actor.Manager.run(Manager.java:1263)
	at ptolemy.actor.Manager$PtolemyRunThread.run(Manager.java:1915)
java.lang.RuntimeException: Execution failed
	at ptolemy.moml.MoMLSimpleApplication$UnloadThread.run(MoMLSimpleApplication.java:402)
Caused by: ptolemy.kernel.util.IllegalActionException: Found a zero delay loop containing .dependencyLoop.original
  in .dependencyLoop and .dependencyLoop.original
	at ptolemy.actor.util.CausalityInterfaceForComposites._computeOutputPortDepth(CausalityInterfaceForComposites.java:759)
	at ptolemy.actor.util.CausalityInterfaceForComposites._computeInputDepth(CausalityInterfaceForComposites.java:696)
	at ptolemy.actor.util.CausalityInterfaceForComposites._computeOutputPortDepth(CausalityInterfaceForComposites.java:765)
	at ptolemy.actor.util.CausalityInterfaceForComposites._computeInputDepth(CausalityInterfaceForComposites.java:696)
	at ptolemy.actor.util.CausalityInterfaceForComposites._computeOutputPortDepth(CausalityInterfaceForComposites.java:765)
	at ptolemy.actor.util.CausalityInterfaceForComposites._computeInputDepth(CausalityInterfaceForComposites.java:696)
	at ptolemy.actor.util.CausalityInterfaceForComposites._computeActorDepth(CausalityInterfaceForComposites.java:532)
	at ptolemy.actor.util.CausalityInterfaceForComposites.checkForCycles(CausalityInterfaceForComposites.java:96)
	at ptolemy.domains.de.kernel.DEDirector.preinitialize(DEDirector.java:1337)
	at ptolemy.actor.CompositeActor.preinitialize(CompositeActor.java:1828)
	at ptolemy.actor.Manager.preinitializeAndResolveTypes(Manager.java:1040)
	at ptolemy.actor.Manager.initialize(Manager.java:710)
	at ptolemy.actor.Manager.execute(Manager.java:356)
	at ptolemy.actor.Manager.run(Manager.java:1263)
	at ptolemy.actor.Manager$PtolemyRunThread.run(Manager.java:1915)
java.lang.reflect.InvocationTargetException
	at sun.reflect.NativeConstructorAccessorImpl.newInstance0(Native Method)
	at sun.reflect.NativeConstructorAccessorImpl.newInstance(NativeConstructorAccessorImpl.java:62)
	at sun.reflect.DelegatingConstructorAccessorImpl.newInstance(DelegatingConstructorAccessorImpl.java:45)
	at java.lang.reflect.Constructor.newInstance(Constructor.java:423)
	at ptolemy.util.test.junit.AutoKnownFailedTests.RunModel(AutoKnownFailedTests.java:107)
	at sun.reflect.NativeMethodAccessorImpl.invoke0(Native Method)
	at sun.reflect.NativeMethodAccessorImpl.invoke(NativeMethodAccessorImpl.java:62)
	at sun.reflect.DelegatingMethodAccessorImpl.invoke(DelegatingMethodAccessorImpl.java:43)
	at java.lang.reflect.Method.invoke(Method.java:498)
	at org.junit.runners.model.FrameworkMethod$1.runReflectiveCall(FrameworkMethod.java:44)
	at org.junit.internal.runners.model.ReflectiveCallable.run(ReflectiveCallable.java:15)
	at org.junit.runners.model.FrameworkMethod.invokeExplosively(FrameworkMethod.java:41)
	at junitparams.internal.InvokeParameterisedMethod.evaluate(InvokeParameterisedMethod.java:102)
	at org.junit.internal.runners.statements.FailOnTimeout$1.run(FailOnTimeout.java:28)
Caused by: ptolemy.kernel.util.IllegalActionException: Found a zero delay loop containing .dependencyLoop.original
  in .dependencyLoop and .dependencyLoop.original
	at ptolemy.actor.util.CausalityInterfaceForComposites._computeOutputPortDepth(CausalityInterfaceForComposites.java:759)
	at ptolemy.actor.util.CausalityInterfaceForComposites._computeInputDepth(CausalityInterfaceForComposites.java:696)
	at ptolemy.actor.util.CausalityInterfaceForComposites._computeOutputPortDepth(CausalityInterfaceForComposites.java:765)
	at ptolemy.actor.util.CausalityInterfaceForComposites._computeInputDepth(CausalityInterfaceForComposites.java:696)
	at ptolemy.actor.util.CausalityInterfaceForComposites._computeOutputPortDepth(CausalityInterfaceForComposites.java:765)
	at ptolemy.actor.util.CausalityInterfaceForComposites._computeInputDepth(CausalityInterfaceForComposites.java:696)
	at ptolemy.actor.util.CausalityInterfaceForComposites._computeActorDepth(CausalityInterfaceForComposites.java:532)
	at ptolemy.actor.util.CausalityInterfaceForComposites.checkForCycles(CausalityInterfaceForComposites.java:96)
	at ptolemy.domains.de.kernel.DEDirector.preinitialize(DEDirector.java:1337)
	at ptolemy.actor.CompositeActor.preinitialize(CompositeActor.java:1828)
	at ptolemy.actor.Manager.preinitializeAndResolveTypes(Manager.java:1040)
	at ptolemy.actor.Manager.initialize(Manager.java:710)
	at ptolemy.actor.Manager.execute(Manager.java:356)
	at ptolemy.actor.Manager.run(Manager.java:1263)
	at ptolemy.actor.Manager$PtolemyRunThread.run(Manager.java:1915)
java.lang.RuntimeException: Execution failed
	at ptolemy.moml.MoMLSimpleApplication$UnloadThread.run(MoMLSimpleApplication.java:402)
Caused by: ptolemy.kernel.util.IllegalActionException: Found a zero delay loop containing .dependencyLoop2.original
  in .dependencyLoop2 and .dependencyLoop2.original
	at ptolemy.actor.util.CausalityInterfaceForComposites._computeOutputPortDepth(CausalityInterfaceForComposites.java:759)
	at ptolemy.actor.util.CausalityInterfaceForComposites._computeInputDepth(CausalityInterfaceForComposites.java:696)
	at ptolemy.actor.util.CausalityInterfaceForComposites._computeOutputPortDepth(CausalityInterfaceForComposites.java:765)
	at ptolemy.actor.util.CausalityInterfaceForComposites._computeInputDepth(CausalityInterfaceForComposites.java:696)
	at ptolemy.actor.util.CausalityInterfaceForComposites._computeOutputPortDepth(CausalityInterfaceForComposites.java:765)
	at ptolemy.actor.util.CausalityInterfaceForComposites._computeInputDepth(CausalityInterfaceForComposites.java:696)
	at ptolemy.actor.util.CausalityInterfaceForComposites._computeActorDepth(CausalityInterfaceForComposites.java:532)
	at ptolemy.actor.util.CausalityInterfaceForComposites.checkForCycles(CausalityInterfaceForComposites.java:96)
	at ptolemy.domains.de.kernel.DEDirector.preinitialize(DEDirector.java:1337)
	at ptolemy.actor.CompositeActor.preinitialize(CompositeActor.java:1828)
	at ptolemy.actor.Manager.preinitializeAndResolveTypes(Manager.java:1040)
	at ptolemy.actor.Manager.initialize(Manager.java:710)
	at ptolemy.actor.Manager.execute(Manager.java:356)
	at ptolemy.actor.Manager.run(Manager.java:1263)
	at ptolemy.actor.Manager$PtolemyRunThread.run(Manager.java:1915)
java.lang.reflect.InvocationTargetException
	at sun.reflect.NativeConstructorAccessorImpl.newInstance0(Native Method)
	at sun.reflect.NativeConstructorAccessorImpl.newInstance(NativeConstructorAccessorImpl.java:62)
	at sun.reflect.DelegatingConstructorAccessorImpl.newInstance(DelegatingConstructorAccessorImpl.java:45)
	at java.lang.reflect.Constructor.newInstance(Constructor.java:423)
	at ptolemy.util.test.junit.AutoKnownFailedTests.RunModel(AutoKnownFailedTests.java:107)
	at sun.reflect.NativeMethodAccessorImpl.invoke0(Native Method)
	at sun.reflect.NativeMethodAccessorImpl.invoke(NativeMethodAccessorImpl.java:62)
	at sun.reflect.DelegatingMethodAccessorImpl.invoke(DelegatingMethodAccessorImpl.java:43)
	at java.lang.reflect.Method.invoke(Method.java:498)
	at org.junit.runners.model.FrameworkMethod$1.runReflectiveCall(FrameworkMethod.java:44)
	at org.junit.internal.runners.model.ReflectiveCallable.run(ReflectiveCallable.java:15)
	at org.junit.runners.model.FrameworkMethod.invokeExplosively(FrameworkMethod.java:41)
	at junitparams.internal.InvokeParameterisedMethod.evaluate(InvokeParameterisedMethod.java:102)
	at org.junit.internal.runners.statements.FailOnTimeout$1.run(FailOnTimeout.java:28)
Caused by: ptolemy.kernel.util.IllegalActionException: Found a zero delay loop containing .dependencyLoop2.original
  in .dependencyLoop2 and .dependencyLoop2.original
	at ptolemy.actor.util.CausalityInterfaceForComposites._computeOutputPortDepth(CausalityInterfaceForComposites.java:759)
	at ptolemy.actor.util.CausalityInterfaceForComposites._computeInputDepth(CausalityInterfaceForComposites.java:696)
	at ptolemy.actor.util.CausalityInterfaceForComposites._computeOutputPortDepth(CausalityInterfaceForComposites.java:765)
	at ptolemy.actor.util.CausalityInterfaceForComposites._computeInputDepth(CausalityInterfaceForComposites.java:696)
	at ptolemy.actor.util.CausalityInterfaceForComposites._computeOutputPortDepth(CausalityInterfaceForComposites.java:765)
	at ptolemy.actor.util.CausalityInterfaceForComposites._computeInputDepth(CausalityInterfaceForComposites.java:696)
	at ptolemy.actor.util.CausalityInterfaceForComposites._computeActorDepth(CausalityInterfaceForComposites.java:532)
	at ptolemy.actor.util.CausalityInterfaceForComposites.checkForCycles(CausalityInterfaceForComposites.java:96)
	at ptolemy.domains.de.kernel.DEDirector.preinitialize(DEDirector.java:1337)
	at ptolemy.actor.CompositeActor.preinitialize(CompositeActor.java:1828)
	at ptolemy.actor.Manager.preinitializeAndResolveTypes(Manager.java:1040)
	at ptolemy.actor.Manager.initialize(Manager.java:710)
	at ptolemy.actor.Manager.execute(Manager.java:356)
	at ptolemy.actor.Manager.run(Manager.java:1263)
	at ptolemy.actor.Manager$PtolemyRunThread.run(Manager.java:1915)
]]></system-err>
</testsuite>
