<?xml version="1.0" encoding="UTF-8" ?>
<testsuite errors="0" failures="0" hostname="travis-job-b570ec7c-4a95-44bb-8155-e5716f48c8b5" name="ptolemy.demo.test.junit.JUnitTclTest" skipped="0" tests="23" time="65.848" timestamp="2018-05-30T16:04:42">
  <properties>
[...]
</properties>
  <testcase classname="ptolemy.util.test.junit.TclTests" name="[0] ThereAreNoTclTests (RunTclFile)" time="0.001" />
  <testcase classname="ptolemy.util.test.junit.AutoKnownFailedTests" name="[0] ThereAreNoKnowFailedTests (RunModel)" time="0.001" />
  <testcase classname="ptolemy.util.test.junit.AutoNameArchTests" name="[0] ThereAreNoAutoArchTests (RunModel)" time="0.0" />
  <testcase classname="ptolemy.util.test.junit.AutoTests" name="[0] /home/travis/build/icyphy/ptII/ptolemy/demo/test/auto/ChannelFaultModel.xml (RunModel)" time="0.916" />
  <testcase classname="ptolemy.util.test.junit.AutoTests" name="[1] /home/travis/build/icyphy/ptII/ptolemy/demo/test/auto/ContactorTester.xml (RunModel)" time="1.06" />
  <testcase classname="ptolemy.util.test.junit.AutoTests" name="[2] /home/travis/build/icyphy/ptII/ptolemy/demo/test/auto/FuelSystem.xml (RunModel)" time="7.136" />
  <testcase classname="ptolemy.util.test.junit.AutoTests" name="[3] /home/travis/build/icyphy/ptII/ptolemy/demo/test/auto/FuelSystem2Tanks.xml (RunModel)" time="0.84" />
  <testcase classname="ptolemy.util.test.junit.AutoTests" name="[4] /home/travis/build/icyphy/ptII/ptolemy/demo/test/auto/FuelSystemErrorHandling.xml (RunModel)" time="7.596" />
  <testcase classname="ptolemy.util.test.junit.AutoTests" name="[5] /home/travis/build/icyphy/ptII/ptolemy/demo/test/auto/FuelSystemOntology.xml (RunModel)" time="10.35" />
  <testcase classname="ptolemy.util.test.junit.AutoTests" name="[6] /home/travis/build/icyphy/ptII/ptolemy/demo/test/auto/FuelSystemQuantityManager.xml (RunModel)" time="0.856" />
  <testcase classname="ptolemy.util.test.junit.AutoTests" name="[7] /home/travis/build/icyphy/ptII/ptolemy/demo/test/auto/FuelSystemSingleTankImproved.xml (RunModel)" time="0.25" />
  <testcase classname="ptolemy.util.test.junit.AutoTests" name="[8] /home/travis/build/icyphy/ptII/ptolemy/demo/test/auto/GMMConvergenceAnalysis.xml (RunModel)" time="31.387" />
  <testcase classname="ptolemy.util.test.junit.AutoTests" name="[9] /home/travis/build/icyphy/ptII/ptolemy/demo/test/auto/GaussianMixtureModel.xml (RunModel)" time="0.089" />
  <testcase classname="ptolemy.util.test.junit.AutoTests" name="[10] /home/travis/build/icyphy/ptII/ptolemy/demo/test/auto/GeneratorRegulator.xml (RunModel)" time="0.418" />
  <testcase classname="ptolemy.util.test.junit.AutoTests" name="[11] /home/travis/build/icyphy/ptII/ptolemy/demo/test/auto/GeneratorRegulatorFMUProtector.xml (RunModel)" time="0.533" />
  <testcase classname="ptolemy.util.test.junit.AutoTests" name="[12] /home/travis/build/icyphy/ptII/ptolemy/demo/test/auto/GeneratorRegulatorProtector.xml (RunModel)" time="0.358" />
  <testcase classname="ptolemy.util.test.junit.AutoTests" name="[13] /home/travis/build/icyphy/ptII/ptolemy/demo/test/auto/GeneratorRegulatorProtectorTuLiP.xml (RunModel)" time="0.386" />
  <testcase classname="ptolemy.util.test.junit.AutoTests" name="[14] /home/travis/build/icyphy/ptII/ptolemy/demo/test/auto/GeneratorRegulatorProtectorWithBus.xml (RunModel)" time="0.397" />
  <testcase classname="ptolemy.util.test.junit.AutoTests" name="[15] /home/travis/build/icyphy/ptII/ptolemy/demo/test/auto/GeneratorRegulatorProtectorWithConstraintMonitor.xml (RunModel)" time="0.673" />
  <testcase classname="ptolemy.util.test.junit.AutoTests" name="[16] /home/travis/build/icyphy/ptII/ptolemy/demo/test/auto/GeneratorRegulatorProtectorWithProcessor.xml (RunModel)" time="0.568" />
  <testcase classname="ptolemy.util.test.junit.AutoTests" name="[17] /home/travis/build/icyphy/ptII/ptolemy/demo/test/auto/GeneratorRegulatorProtectorWithSpecification.xml (RunModel)" time="0.478" />
  <testcase classname="ptolemy.util.test.junit.AutoTests" name="[18] /home/travis/build/icyphy/ptII/ptolemy/demo/test/auto/GeneratorTester.xml (RunModel)" time="0.306" />
  <testcase classname="ptolemy.util.test.junit.AutoTests" name="[19] /home/travis/build/icyphy/ptII/ptolemy/demo/test/auto/HiddenMarkovModelAnalysis.xml (RunModel)" time="0.728" />
  <system-out><![CDATA[No tcl tests in /home/travis/build/icyphy/ptII/ptolemy/demo/test
No auto/knownFailedTests/*.xml tests in /home/travis/build/icyphy/ptII/ptolemy/demo/test
No auto/linux-amd64/*.xml tests in /home/travis/build/icyphy/ptII/ptolemy/demo/test
AutoTests.java: About to close Vertx.
AutoTests.java: Vertx closed.
----------------- testing Wed May 30 16:04:43 UTC 2018 /home/travis/build/icyphy/ptII/ptolemy/demo/test/auto/ChannelFaultModel.xml
----------------- Instantiating /home/travis/build/icyphy/ptII/ptolemy/demo/test/auto/ChannelFaultModel.xml
330 ms. Memory: 116224K Free: 105389K (91%)
----------------- Invoking toplevel() on ptolemy.moml.MoMLSimpleApplication@2d6c2d2b
----------------- Done invoking toplevel() on ptolemy.moml.MoMLSimpleApplication@2d6c2d2b
reloadAllAccessors: .ChannelFaultModel
----------------- testing Wed May 30 16:04:43 UTC 2018 /home/travis/build/icyphy/ptII/ptolemy/demo/test/auto/ContactorTester.xml
----------------- Instantiating /home/travis/build/icyphy/ptII/ptolemy/demo/test/auto/ContactorTester.xml
760 ms. Memory: 146944K Free: 102588K (70%)
----------------- Invoking toplevel() on ptolemy.moml.MoMLSimpleApplication@42f1c5c0
----------------- Done invoking toplevel() on ptolemy.moml.MoMLSimpleApplication@42f1c5c0
reloadAllAccessors: .ContactorTester
----------------- testing Wed May 30 16:04:44 UTC 2018 /home/travis/build/icyphy/ptII/ptolemy/demo/test/auto/FuelSystem.xml
----------------- Instantiating /home/travis/build/icyphy/ptII/ptolemy/demo/test/auto/FuelSystem.xml
7000 ms. Memory: 146944K Free: 136152K (93%)
----------------- Invoking toplevel() on ptolemy.moml.MoMLSimpleApplication@3d7cc1a5
----------------- Done invoking toplevel() on ptolemy.moml.MoMLSimpleApplication@3d7cc1a5
reloadAllAccessors: .FuelSystem
----------------- testing Wed May 30 16:04:52 UTC 2018 /home/travis/build/icyphy/ptII/ptolemy/demo/test/auto/FuelSystem2Tanks.xml
----------------- Instantiating /home/travis/build/icyphy/ptII/ptolemy/demo/test/auto/FuelSystem2Tanks.xml
488 ms. Memory: 207872K Free: 80819K (39%)
----------------- Invoking toplevel() on ptolemy.moml.MoMLSimpleApplication@2448f3c6
----------------- Done invoking toplevel() on ptolemy.moml.MoMLSimpleApplication@2448f3c6
reloadAllAccessors: .FuelSystem2Tanks
----------------- testing Wed May 30 16:04:52 UTC 2018 /home/travis/build/icyphy/ptII/ptolemy/demo/test/auto/FuelSystemErrorHandling.xml
----------------- Instantiating /home/travis/build/icyphy/ptII/ptolemy/demo/test/auto/FuelSystemErrorHandling.xml
6834 ms. Memory: 673792K Free: 512833K (76%)
----------------- Invoking toplevel() on ptolemy.moml.MoMLSimpleApplication@1aa528eb
----------------- Done invoking toplevel() on ptolemy.moml.MoMLSimpleApplication@1aa528eb
reloadAllAccessors: .FuelSystemErrorHandling
----------------- testing Wed May 30 16:05:00 UTC 2018 /home/travis/build/icyphy/ptII/ptolemy/demo/test/auto/FuelSystemOntology.xml
----------------- Instantiating /home/travis/build/icyphy/ptII/ptolemy/demo/test/auto/FuelSystemOntology.xml
10027 ms. Memory: 673792K Free: 298582K (44%)
----------------- Invoking toplevel() on ptolemy.moml.MoMLSimpleApplication@73c08e29
----------------- Done invoking toplevel() on ptolemy.moml.MoMLSimpleApplication@73c08e29
reloadAllAccessors: .FuelSystemOntology
----------------- testing Wed May 30 16:05:10 UTC 2018 /home/travis/build/icyphy/ptII/ptolemy/demo/test/auto/FuelSystemQuantityManager.xml
----------------- Instantiating /home/travis/build/icyphy/ptII/ptolemy/demo/test/auto/FuelSystemQuantityManager.xml
731 ms. Memory: 647168K Free: 522716K (81%)
----------------- Invoking toplevel() on ptolemy.moml.MoMLSimpleApplication@6c6c53b3
----------------- Done invoking toplevel() on ptolemy.moml.MoMLSimpleApplication@6c6c53b3
reloadAllAccessors: .FuelSystemQuantityManager
----------------- testing Wed May 30 16:05:11 UTC 2018 /home/travis/build/icyphy/ptII/ptolemy/demo/test/auto/FuelSystemSingleTankImproved.xml
----------------- Instantiating /home/travis/build/icyphy/ptII/ptolemy/demo/test/auto/FuelSystemSingleTankImproved.xml
199 ms. Memory: 647168K Free: 409002K (63%)
----------------- Invoking toplevel() on ptolemy.moml.MoMLSimpleApplication@29f644e
----------------- Done invoking toplevel() on ptolemy.moml.MoMLSimpleApplication@29f644e
reloadAllAccessors: .FuelSystemSingleTankImproved
----------------- testing Wed May 30 16:05:12 UTC 2018 /home/travis/build/icyphy/ptII/ptolemy/demo/test/auto/GMMConvergenceAnalysis.xml
----------------- Instantiating /home/travis/build/icyphy/ptII/ptolemy/demo/test/auto/GMMConvergenceAnalysis.xml
TableauFrame._addMenus: configuration == null?
TableauFrame._addMenus: configuration == null?
31001 ms. Memory: 537600K Free: 266073K (49%)
----------------- Invoking toplevel() on ptolemy.moml.MoMLSimpleApplication@509efd55
----------------- Done invoking toplevel() on ptolemy.moml.MoMLSimpleApplication@509efd55
reloadAllAccessors: .GMMConvergenceAnalysis
----------------- testing Wed May 30 16:05:43 UTC 2018 /home/travis/build/icyphy/ptII/ptolemy/demo/test/auto/GaussianMixtureModel.xml
----------------- Instantiating /home/travis/build/icyphy/ptII/ptolemy/demo/test/auto/GaussianMixtureModel.xml
19 ms. Memory: 537600K Free: 243429K (45%)
----------------- Invoking toplevel() on ptolemy.moml.MoMLSimpleApplication@3d797efe
----------------- Done invoking toplevel() on ptolemy.moml.MoMLSimpleApplication@3d797efe
reloadAllAccessors: .GaussianMixtureModel
----------------- testing Wed May 30 16:05:43 UTC 2018 /home/travis/build/icyphy/ptII/ptolemy/demo/test/auto/GeneratorRegulator.xml
----------------- Instantiating /home/travis/build/icyphy/ptII/ptolemy/demo/test/auto/GeneratorRegulator.xml
334 ms. Memory: 537600K Free: 179924K (33%)
----------------- Invoking toplevel() on ptolemy.moml.MoMLSimpleApplication@6004b898
----------------- Done invoking toplevel() on ptolemy.moml.MoMLSimpleApplication@6004b898
reloadAllAccessors: .GeneratorRegulator
----------------- testing Wed May 30 16:05:43 UTC 2018 /home/travis/build/icyphy/ptII/ptolemy/demo/test/auto/GeneratorRegulatorFMUProtector.xml
----------------- Instantiating /home/travis/build/icyphy/ptII/ptolemy/demo/test/auto/GeneratorRegulatorFMUProtector.xml
408 ms. Memory: 537600K Free: 121333K (23%)
----------------- Invoking toplevel() on ptolemy.moml.MoMLSimpleApplication@3b1d6fda
----------------- Done invoking toplevel() on ptolemy.moml.MoMLSimpleApplication@3b1d6fda
reloadAllAccessors: .GeneratorRegulatorFMUProtector
----------------- testing Wed May 30 16:05:44 UTC 2018 /home/travis/build/icyphy/ptII/ptolemy/demo/test/auto/GeneratorRegulatorProtector.xml
----------------- Instantiating /home/travis/build/icyphy/ptII/ptolemy/demo/test/auto/GeneratorRegulatorProtector.xml
309 ms. Memory: 537600K Free: 62746K (12%)
----------------- Invoking toplevel() on ptolemy.moml.MoMLSimpleApplication@4b788274
----------------- Done invoking toplevel() on ptolemy.moml.MoMLSimpleApplication@4b788274
reloadAllAccessors: .GeneratorRegulatorProtector
----------------- testing Wed May 30 16:05:44 UTC 2018 /home/travis/build/icyphy/ptII/ptolemy/demo/test/auto/GeneratorRegulatorProtectorTuLiP.xml
----------------- Instantiating /home/travis/build/icyphy/ptII/ptolemy/demo/test/auto/GeneratorRegulatorProtectorTuLiP.xml
313 ms. Memory: 613376K Free: 551266K (90%)
----------------- Invoking toplevel() on ptolemy.moml.MoMLSimpleApplication@22b485ec
----------------- Done invoking toplevel() on ptolemy.moml.MoMLSimpleApplication@22b485ec
reloadAllAccessors: .GeneratorRegulatorProtectorTuLiP
----------------- testing Wed May 30 16:05:45 UTC 2018 /home/travis/build/icyphy/ptII/ptolemy/demo/test/auto/GeneratorRegulatorProtectorWithBus.xml
----------------- Instantiating /home/travis/build/icyphy/ptII/ptolemy/demo/test/auto/GeneratorRegulatorProtectorWithBus.xml
334 ms. Memory: 613376K Free: 483809K (79%)
----------------- Invoking toplevel() on ptolemy.moml.MoMLSimpleApplication@5f434e4f
----------------- Done invoking toplevel() on ptolemy.moml.MoMLSimpleApplication@5f434e4f
reloadAllAccessors: .GeneratorRegulatorProtectorWithBus
----------------- testing Wed May 30 16:05:45 UTC 2018 /home/travis/build/icyphy/ptII/ptolemy/demo/test/auto/GeneratorRegulatorProtectorWithConstraintMonitor.xml
----------------- Instantiating /home/travis/build/icyphy/ptII/ptolemy/demo/test/auto/GeneratorRegulatorProtectorWithConstraintMonitor.xml
WARNING: The execution aspects in this model can influence the timing of actors by delaying the 
execution, potentially changing the behavior. There is no guarantee that actors fire at the 
time they request to be fired. 
Use Ptides for deterministic DE behavior that is not influenced by execution aspects. 

489 ms. Memory: 613376K Free: 363299K (59%)
----------------- Invoking toplevel() on ptolemy.moml.MoMLSimpleApplication@2781e635
----------------- Done invoking toplevel() on ptolemy.moml.MoMLSimpleApplication@2781e635
reloadAllAccessors: .GeneratorRegulatorProtectorWithConstraintMonitor
----------------- testing Wed May 30 16:05:46 UTC 2018 /home/travis/build/icyphy/ptII/ptolemy/demo/test/auto/GeneratorRegulatorProtectorWithProcessor.xml
----------------- Instantiating /home/travis/build/icyphy/ptII/ptolemy/demo/test/auto/GeneratorRegulatorProtectorWithProcessor.xml
WARNING: The execution aspects in this model can influence the timing of actors by delaying the 
execution, potentially changing the behavior. There is no guarantee that actors fire at the 
time they request to be fired. 
Use Ptides for deterministic DE behavior that is not influenced by execution aspects. 

409 ms. Memory: 613376K Free: 253822K (41%)
----------------- Invoking toplevel() on ptolemy.moml.MoMLSimpleApplication@71587e21
----------------- Done invoking toplevel() on ptolemy.moml.MoMLSimpleApplication@71587e21
reloadAllAccessors: .GeneratorRegulatorProtectorWithProcessor
----------------- testing Wed May 30 16:05:46 UTC 2018 /home/travis/build/icyphy/ptII/ptolemy/demo/test/auto/GeneratorRegulatorProtectorWithSpecification.xml
----------------- Instantiating /home/travis/build/icyphy/ptII/ptolemy/demo/test/auto/GeneratorRegulatorProtectorWithSpecification.xml
346 ms. Memory: 613376K Free: 155973K (25%)
----------------- Invoking toplevel() on ptolemy.moml.MoMLSimpleApplication@353fe569
----------------- Done invoking toplevel() on ptolemy.moml.MoMLSimpleApplication@353fe569
reloadAllAccessors: .GeneratorRegulatorProtectorWithSpecification
----------------- testing Wed May 30 16:05:47 UTC 2018 /home/travis/build/icyphy/ptII/ptolemy/demo/test/auto/GeneratorTester.xml
----------------- Instantiating /home/travis/build/icyphy/ptII/ptolemy/demo/test/auto/GeneratorTester.xml
272 ms. Memory: 613376K Free: 114618K (19%)
----------------- Invoking toplevel() on ptolemy.moml.MoMLSimpleApplication@5f213e0c
----------------- Done invoking toplevel() on ptolemy.moml.MoMLSimpleApplication@5f213e0c
reloadAllAccessors: .GeneratorTester
----------------- testing Wed May 30 16:05:47 UTC 2018 /home/travis/build/icyphy/ptII/ptolemy/demo/test/auto/HiddenMarkovModelAnalysis.xml
----------------- Instantiating /home/travis/build/icyphy/ptII/ptolemy/demo/test/auto/HiddenMarkovModelAnalysis.xml
626 ms. Memory: 586752K Free: 348747K (59%)
----------------- Invoking toplevel() on ptolemy.moml.MoMLSimpleApplication@442f683e
----------------- Done invoking toplevel() on ptolemy.moml.MoMLSimpleApplication@442f683e
reloadAllAccessors: .HiddenMarkovModelAnalysis
AutoTests.java: About to close Vertx.
AutoTests.java: Vertx closed.
]]></system-out>
  <system-err><![CDATA[Warning: Tried to create Export PDF menu item, but failed: java.lang.IndexOutOfBoundsException: Index: 0, Size: 0
Warning: Tried to create Export PDF menu item, but failed: java.lang.IndexOutOfBoundsException: Index: 0, Size: 0
Warning: '.HiddenMarkovModelAnalysis.NonStrictTest2' The test produced only 411 tokens, yet the correctValues parameter was expecting 418 tokens.
Warning: '.HiddenMarkovModelAnalysis.NonStrictTest3' The test produced only 821 tokens, yet the correctValues parameter was expecting 827 tokens.
]]></system-err>
</testsuite>
