<?xml version="1.0" encoding="UTF-8" ?>
<testsuite errors="0" failures="0" hostname="travis-job-20cae2ee-6288-41a5-b019-3d7facba18ad" name="ptolemy.domains.de.test.junit.JUnitTclTest" skipped="0" tests="101" time="153.283" timestamp="2018-05-14T01:05:34">
  <properties>
[...]
</properties>
  <testcase classname="ptolemy.util.test.junit.TclTests" name="[0] /home/travis/build/icyphy/ptII/ptolemy/domains/de/test/DependencyLoop.tcl (RunTclFile)" time="0.887" />
  <testcase classname="ptolemy.util.test.junit.TclTests" name="[1] /home/travis/build/icyphy/ptII/ptolemy/domains/de/test/RunDETestsAsQSS.tcl (RunTclFile)" time="105.017" />
  <testcase classname="ptolemy.util.test.junit.AutoKnownFailedTests" name="[0] /home/travis/build/icyphy/ptII/ptolemy/domains/de/test/auto/knownFailedTests/DESDFClockTest.xml (RunModel)" time="2.032" />
  <testcase classname="ptolemy.util.test.junit.AutoKnownFailedTests" name="[1] /home/travis/build/icyphy/ptII/ptolemy/domains/de/test/auto/knownFailedTests/DirectFeedback.xml (RunModel)" time="0.016" />
  <testcase classname="ptolemy.util.test.junit.AutoKnownFailedTests" name="[2] /home/travis/build/icyphy/ptII/ptolemy/domains/de/test/auto/knownFailedTests/FSMSource.xml (RunModel)" time="0.02" />
  <testcase classname="ptolemy.util.test.junit.AutoKnownFailedTests" name="[3] /home/travis/build/icyphy/ptII/ptolemy/domains/de/test/auto/knownFailedTests/HierarchicalModel.xml (RunModel)" time="0.036" />
  <testcase classname="ptolemy.util.test.junit.AutoKnownFailedTests" name="[4] /home/travis/build/icyphy/ptII/ptolemy/domains/de/test/auto/knownFailedTests/dependencyLoop.xml (RunModel)" time="0.046" />
  <testcase classname="ptolemy.util.test.junit.AutoKnownFailedTests" name="[5] /home/travis/build/icyphy/ptII/ptolemy/domains/de/test/auto/knownFailedTests/dependencyLoop2.xml (RunModel)" time="0.044" />
  <testcase classname="ptolemy.util.test.junit.AutoNameArchTests" name="[0] ThereAreNoAutoTests (RunModel)" time="0.005" />
  <testcase classname="ptolemy.util.test.junit.AutoTests" name="[0] /home/travis/build/icyphy/ptII/ptolemy/domains/de/test/auto/ActorDepthCalculation_actorWithoutPorts.xml (RunModel)" time="0.025" />
  <testcase classname="ptolemy.util.test.junit.AutoTests" name="[1] /home/travis/build/icyphy/ptII/ptolemy/domains/de/test/auto/AssemblyLine.xml (RunModel)" time="0.02" />
  <testcase classname="ptolemy.util.test.junit.AutoTests" name="[2] /home/travis/build/icyphy/ptII/ptolemy/domains/de/test/auto/CQBug1.xml (RunModel)" time="0.006" />
  <testcase classname="ptolemy.util.test.junit.AutoTests" name="[3] /home/travis/build/icyphy/ptII/ptolemy/domains/de/test/auto/CancelFireAt.xml (RunModel)" time="0.011" />
  <testcase classname="ptolemy.util.test.junit.AutoTests" name="[4] /home/travis/build/icyphy/ptII/ptolemy/domains/de/test/auto/CausalityAndComposabilityAnalysis.xml (RunModel)" time="0.01" />
  <testcase classname="ptolemy.util.test.junit.AutoTests" name="[5] /home/travis/build/icyphy/ptII/ptolemy/domains/de/test/auto/CausalityInterface1.xml (RunModel)" time="0.017" />
  <testcase classname="ptolemy.util.test.junit.AutoTests" name="[6] /home/travis/build/icyphy/ptII/ptolemy/domains/de/test/auto/CausalityInterface15.xml (RunModel)" time="0.017" />
  <testcase classname="ptolemy.util.test.junit.AutoTests" name="[7] /home/travis/build/icyphy/ptII/ptolemy/domains/de/test/auto/CausalityInterface2.xml (RunModel)" time="0.01" />
  <testcase classname="ptolemy.util.test.junit.AutoTests" name="[8] /home/travis/build/icyphy/ptII/ptolemy/domains/de/test/auto/CausalityInterface3.xml (RunModel)" time="0.017" />
  <testcase classname="ptolemy.util.test.junit.AutoTests" name="[9] /home/travis/build/icyphy/ptII/ptolemy/domains/de/test/auto/ClockDrift.xml (RunModel)" time="0.033" />
  <testcase classname="ptolemy.util.test.junit.AutoTests" name="[10] /home/travis/build/icyphy/ptII/ptolemy/domains/de/test/auto/ClockDriftAndValueChange.xml (RunModel)" time="0.03" />
  <testcase classname="ptolemy.util.test.junit.AutoTests" name="[11] /home/travis/build/icyphy/ptII/ptolemy/domains/de/test/auto/ClockDriftChange.xml (RunModel)" time="0.028" />
  <testcase classname="ptolemy.util.test.junit.AutoTests" name="[12] /home/travis/build/icyphy/ptII/ptolemy/domains/de/test/auto/ComposableCausalityAnalysis.xml (RunModel)" time="0.015" />
  <testcase classname="ptolemy.util.test.junit.AutoTests" name="[13] /home/travis/build/icyphy/ptII/ptolemy/domains/de/test/auto/DEFixedPointLimitation.xml (RunModel)" time="0.009" />
  <testcase classname="ptolemy.util.test.junit.AutoTests" name="[14] /home/travis/build/icyphy/ptII/ptolemy/domains/de/test/auto/DEScheduleTest.xml (RunModel)" time="0.011" />
  <testcase classname="ptolemy.util.test.junit.AutoTests" name="[15] /home/travis/build/icyphy/ptII/ptolemy/domains/de/test/auto/DEinDEwithStartTimes.xml (RunModel)" time="0.012" />
  <testcase classname="ptolemy.util.test.junit.AutoTests" name="[16] /home/travis/build/icyphy/ptII/ptolemy/domains/de/test/auto/DEinDEwithStartTimes2.xml (RunModel)" time="0.014" />
  <testcase classname="ptolemy.util.test.junit.AutoTests" name="[17] /home/travis/build/icyphy/ptII/ptolemy/domains/de/test/auto/DateDemo.xml (RunModel)" time="0.041" />
  <testcase classname="ptolemy.util.test.junit.AutoTests" name="[18] /home/travis/build/icyphy/ptII/ptolemy/domains/de/test/auto/DateToEvent.xml (RunModel)" time="2.048" />
  <testcase classname="ptolemy.util.test.junit.AutoTests" name="[19] /home/travis/build/icyphy/ptII/ptolemy/domains/de/test/auto/DepthTest1.xml (RunModel)" time="0.01" />
  <testcase classname="ptolemy.util.test.junit.AutoTests" name="[20] /home/travis/build/icyphy/ptII/ptolemy/domains/de/test/auto/DepthTest2.xml (RunModel)" time="0.025" />
  <testcase classname="ptolemy.util.test.junit.AutoTests" name="[21] /home/travis/build/icyphy/ptII/ptolemy/domains/de/test/auto/DepthTest3.xml (RunModel)" time="0.01" />
  <testcase classname="ptolemy.util.test.junit.AutoTests" name="[22] /home/travis/build/icyphy/ptII/ptolemy/domains/de/test/auto/DepthTest4.xml (RunModel)" time="0.023" />
  <testcase classname="ptolemy.util.test.junit.AutoTests" name="[23] /home/travis/build/icyphy/ptII/ptolemy/domains/de/test/auto/DepthTest5.xml (RunModel)" time="0.019" />
  <testcase classname="ptolemy.util.test.junit.AutoTests" name="[24] /home/travis/build/icyphy/ptII/ptolemy/domains/de/test/auto/DepthTest6.xml (RunModel)" time="0.017" />
  <testcase classname="ptolemy.util.test.junit.AutoTests" name="[25] /home/travis/build/icyphy/ptII/ptolemy/domains/de/test/auto/DepthTest7.xml (RunModel)" time="0.016" />
  <testcase classname="ptolemy.util.test.junit.AutoTests" name="[26] /home/travis/build/icyphy/ptII/ptolemy/domains/de/test/auto/EventToDate.xml (RunModel)" time="3.053" />
  <testcase classname="ptolemy.util.test.junit.AutoTests" name="[27] /home/travis/build/icyphy/ptII/ptolemy/domains/de/test/auto/FSM1.xml (RunModel)" time="0.05" />
  <testcase classname="ptolemy.util.test.junit.AutoTests" name="[28] /home/travis/build/icyphy/ptII/ptolemy/domains/de/test/auto/FSM7.xml (RunModel)" time="0.042" />
  <testcase classname="ptolemy.util.test.junit.AutoTests" name="[29] /home/travis/build/icyphy/ptII/ptolemy/domains/de/test/auto/Inspection.xml (RunModel)" time="0.057" />
  <testcase classname="ptolemy.util.test.junit.AutoTests" name="[30] /home/travis/build/icyphy/ptII/ptolemy/domains/de/test/auto/Iteration.xml (RunModel)" time="0.029" />
  <testcase classname="ptolemy.util.test.junit.AutoTests" name="[31] /home/travis/build/icyphy/ptII/ptolemy/domains/de/test/auto/LineFault.xml (RunModel)" time="0.9" />
  <testcase classname="ptolemy.util.test.junit.AutoTests" name="[32] /home/travis/build/icyphy/ptII/ptolemy/domains/de/test/auto/MergeModel1Add.xml (RunModel)" time="0.062" />
  <testcase classname="ptolemy.util.test.junit.AutoTests" name="[33] /home/travis/build/icyphy/ptII/ptolemy/domains/de/test/auto/MergeModel2Add.xml (RunModel)" time="0.053" />
  <testcase classname="ptolemy.util.test.junit.AutoTests" name="[34] /home/travis/build/icyphy/ptII/ptolemy/domains/de/test/auto/MergeModel3Add.xml (RunModel)" time="0.061" />
  <testcase classname="ptolemy.util.test.junit.AutoTests" name="[35] /home/travis/build/icyphy/ptII/ptolemy/domains/de/test/auto/MergeWithoutDiscard.xml (RunModel)" time="0.013" />
  <testcase classname="ptolemy.util.test.junit.AutoTests" name="[36] /home/travis/build/icyphy/ptII/ptolemy/domains/de/test/auto/Modal1.xml (RunModel)" time="0.04" />
  <testcase classname="ptolemy.util.test.junit.AutoTests" name="[37] /home/travis/build/icyphy/ptII/ptolemy/domains/de/test/auto/Modal2.xml (RunModel)" time="0.038" />
  <testcase classname="ptolemy.util.test.junit.AutoTests" name="[38] /home/travis/build/icyphy/ptII/ptolemy/domains/de/test/auto/Modal3.xml (RunModel)" time="0.04" />
  <testcase classname="ptolemy.util.test.junit.AutoTests" name="[39] /home/travis/build/icyphy/ptII/ptolemy/domains/de/test/auto/Modal4.xml (RunModel)" time="0.041" />
  <testcase classname="ptolemy.util.test.junit.AutoTests" name="[40] /home/travis/build/icyphy/ptII/ptolemy/domains/de/test/auto/Modal5.xml (RunModel)" time="0.04" />
  <testcase classname="ptolemy.util.test.junit.AutoTests" name="[41] /home/travis/build/icyphy/ptII/ptolemy/domains/de/test/auto/Modal6.xml (RunModel)" time="0.047" />
  <testcase classname="ptolemy.util.test.junit.AutoTests" name="[42] /home/travis/build/icyphy/ptII/ptolemy/domains/de/test/auto/Modal7.xml (RunModel)" time="0.039" />
  <testcase classname="ptolemy.util.test.junit.AutoTests" name="[43] /home/travis/build/icyphy/ptII/ptolemy/domains/de/test/auto/ModalModel.xml (RunModel)" time="0.252" />
  <testcase classname="ptolemy.util.test.junit.AutoTests" name="[44] /home/travis/build/icyphy/ptII/ptolemy/domains/de/test/auto/ModalSource.xml (RunModel)" time="0.024" />
  <testcase classname="ptolemy.util.test.junit.AutoTests" name="[45] /home/travis/build/icyphy/ptII/ptolemy/domains/de/test/auto/NonInterruptibleTimerZeroDelay.xml (RunModel)" time="0.013" />
  <testcase classname="ptolemy.util.test.junit.AutoTests" name="[46] /home/travis/build/icyphy/ptII/ptolemy/domains/de/test/auto/OpenQueueingNetwork.xml (RunModel)" time="3.942" />
  <testcase classname="ptolemy.util.test.junit.AutoTests" name="[47] /home/travis/build/icyphy/ptII/ptolemy/domains/de/test/auto/OpenQueuingNetwork.xml (RunModel)" time="0.474" />
  <testcase classname="ptolemy.util.test.junit.AutoTests" name="[48] /home/travis/build/icyphy/ptII/ptolemy/domains/de/test/auto/PeriodicSampler.xml (RunModel)" time="0.015" />
  <testcase classname="ptolemy.util.test.junit.AutoTests" name="[49] /home/travis/build/icyphy/ptII/ptolemy/domains/de/test/auto/PersistentIO.xml (RunModel)" time="0.034" />
  <testcase classname="ptolemy.util.test.junit.AutoTests" name="[50] /home/travis/build/icyphy/ptII/ptolemy/domains/de/test/auto/PortParameterResetOnInitialize.xml (RunModel)" time="0.012" />
  <testcase classname="ptolemy.util.test.junit.AutoTests" name="[51] /home/travis/build/icyphy/ptII/ptolemy/domains/de/test/auto/PortParameterUpdates.xml (RunModel)" time="0.022" />
  <testcase classname="ptolemy.util.test.junit.AutoTests" name="[52] /home/travis/build/icyphy/ptII/ptolemy/domains/de/test/auto/QueueAndServer.xml (RunModel)" time="0.027" />
  <testcase classname="ptolemy.util.test.junit.AutoTests" name="[53] /home/travis/build/icyphy/ptII/ptolemy/domains/de/test/auto/Records.xml (RunModel)" time="0.021" />
  <testcase classname="ptolemy.util.test.junit.AutoTests" name="[54] /home/travis/build/icyphy/ptII/ptolemy/domains/de/test/auto/ResetTransitionWithStartTime1.xml (RunModel)" time="0.024" />
  <testcase classname="ptolemy.util.test.junit.AutoTests" name="[55] /home/travis/build/icyphy/ptII/ptolemy/domains/de/test/auto/ResetTransitionWithStartTime2.xml (RunModel)" time="0.024" />
  <testcase classname="ptolemy.util.test.junit.AutoTests" name="[56] /home/travis/build/icyphy/ptII/ptolemy/domains/de/test/auto/ResetTransitionWithStartTime3.xml (RunModel)" time="0.024" />
  <testcase classname="ptolemy.util.test.junit.AutoTests" name="[57] /home/travis/build/icyphy/ptII/ptolemy/domains/de/test/auto/ResetTransitionWithStartTime4.xml (RunModel)" time="0.024" />
  <testcase classname="ptolemy.util.test.junit.AutoTests" name="[58] /home/travis/build/icyphy/ptII/ptolemy/domains/de/test/auto/ResettableTimer1.xml (RunModel)" time="0.014" />
  <testcase classname="ptolemy.util.test.junit.AutoTests" name="[59] /home/travis/build/icyphy/ptII/ptolemy/domains/de/test/auto/ResettableTimer2.xml (RunModel)" time="0.014" />
  <testcase classname="ptolemy.util.test.junit.AutoTests" name="[60] /home/travis/build/icyphy/ptII/ptolemy/domains/de/test/auto/ResettableTimer3.xml (RunModel)" time="0.011" />
  <testcase classname="ptolemy.util.test.junit.AutoTests" name="[61] /home/travis/build/icyphy/ptII/ptolemy/domains/de/test/auto/ResettableTimer4.xml (RunModel)" time="0.012" />
  <testcase classname="ptolemy.util.test.junit.AutoTests" name="[62] /home/travis/build/icyphy/ptII/ptolemy/domains/de/test/auto/ResettableTimer5.xml (RunModel)" time="0.013" />
  <testcase classname="ptolemy.util.test.junit.AutoTests" name="[63] /home/travis/build/icyphy/ptII/ptolemy/domains/de/test/auto/ResettableTimer6.xml (RunModel)" time="0.015" />
  <testcase classname="ptolemy.util.test.junit.AutoTests" name="[64] /home/travis/build/icyphy/ptII/ptolemy/domains/de/test/auto/ServerZeroDelay.xml (RunModel)" time="0.013" />
  <testcase classname="ptolemy.util.test.junit.AutoTests" name="[65] /home/travis/build/icyphy/ptII/ptolemy/domains/de/test/auto/SmartSender.xml (RunModel)" time="3.013" />
  <testcase classname="ptolemy.util.test.junit.AutoTests" name="[66] /home/travis/build/icyphy/ptII/ptolemy/domains/de/test/auto/ThreadedComposite.xml (RunModel)" time="0.246" />
  <testcase classname="ptolemy.util.test.junit.AutoTests" name="[67] /home/travis/build/icyphy/ptII/ptolemy/domains/de/test/auto/Time.xml (RunModel)" time="0.806" />
  <testcase classname="ptolemy.util.test.junit.AutoTests" name="[68] /home/travis/build/icyphy/ptII/ptolemy/domains/de/test/auto/TimeDelayZeroDelay.xml (RunModel)" time="0.029" />
  <testcase classname="ptolemy.util.test.junit.AutoTests" name="[69] /home/travis/build/icyphy/ptII/ptolemy/domains/de/test/auto/TimerZeroDelay.xml (RunModel)" time="0.013" />
  <testcase classname="ptolemy.util.test.junit.AutoTests" name="[70] /home/travis/build/icyphy/ptII/ptolemy/domains/de/test/auto/TimingParadox.xml (RunModel)" time="0.625" />
  <testcase classname="ptolemy.util.test.junit.AutoTests" name="[71] /home/travis/build/icyphy/ptII/ptolemy/domains/de/test/auto/TransferInputs.xml (RunModel)" time="0.014" />
  <testcase classname="ptolemy.util.test.junit.AutoTests" name="[72] /home/travis/build/icyphy/ptII/ptolemy/domains/de/test/auto/TransferOutputs2.xml (RunModel)" time="0.027" />
  <testcase classname="ptolemy.util.test.junit.AutoTests" name="[73] /home/travis/build/icyphy/ptII/ptolemy/domains/de/test/auto/Trilateration.xml (RunModel)" time="14.955" />
  <testcase classname="ptolemy.util.test.junit.AutoTests" name="[74] /home/travis/build/icyphy/ptII/ptolemy/domains/de/test/auto/TwoSigmaDelta.xml (RunModel)" time="2.663" />
  <testcase classname="ptolemy.util.test.junit.AutoTests" name="[75] /home/travis/build/icyphy/ptII/ptolemy/domains/de/test/auto/VariableDelay.xml (RunModel)" time="0.011" />
  <testcase classname="ptolemy.util.test.junit.AutoTests" name="[76] /home/travis/build/icyphy/ptII/ptolemy/domains/de/test/auto/VariableDelay2.xml (RunModel)" time="0.008" />
  <testcase classname="ptolemy.util.test.junit.AutoTests" name="[77] /home/travis/build/icyphy/ptII/ptolemy/domains/de/test/auto/VariableDelayZeroDelay.xml (RunModel)" time="0.011" />
  <testcase classname="ptolemy.util.test.junit.AutoTests" name="[78] /home/travis/build/icyphy/ptII/ptolemy/domains/de/test/auto/VariableDelayZeroDelay2.xml (RunModel)" time="0.018" />
  <testcase classname="ptolemy.util.test.junit.AutoTests" name="[79] /home/travis/build/icyphy/ptII/ptolemy/domains/de/test/auto/deInCt.xml (RunModel)" time="0.024" />
  <testcase classname="ptolemy.util.test.junit.AutoTests" name="[80] /home/travis/build/icyphy/ptII/ptolemy/domains/de/test/auto/deInCt2.xml (RunModel)" time="0.021" />
  <testcase classname="ptolemy.util.test.junit.AutoTests" name="[81] /home/travis/build/icyphy/ptII/ptolemy/domains/de/test/auto/dynamicCausalityInterface1.xml (RunModel)" time="0.026" />
  <testcase classname="ptolemy.util.test.junit.AutoTests" name="[82] /home/travis/build/icyphy/ptII/ptolemy/domains/de/test/auto/fsm_de_test.xml (RunModel)" time="0.029" />
  <testcase classname="ptolemy.util.test.junit.AutoTests" name="[83] /home/travis/build/icyphy/ptII/ptolemy/domains/de/test/auto/functionDependencyReconstruction.xml (RunModel)" time="0.046" />
  <testcase classname="ptolemy.util.test.junit.AutoTests" name="[84] /home/travis/build/icyphy/ptII/ptolemy/domains/de/test/auto/multirate.xml (RunModel)" time="0.022" />
  <testcase classname="ptolemy.util.test.junit.AutoTests" name="[85] /home/travis/build/icyphy/ptII/ptolemy/domains/de/test/auto/multirate2.xml (RunModel)" time="0.02" />
  <testcase classname="ptolemy.util.test.junit.AutoTests" name="[86] /home/travis/build/icyphy/ptII/ptolemy/domains/de/test/auto/realtime.xml (RunModel)" time="10.014" />
  <testcase classname="ptolemy.util.test.junit.AutoTests" name="[87] /home/travis/build/icyphy/ptII/ptolemy/domains/de/test/auto/relationGroup.xml (RunModel)" time="0.01" />
  <testcase classname="ptolemy.util.test.junit.AutoTests" name="[88] /home/travis/build/icyphy/ptII/ptolemy/domains/de/test/auto/relationGroup2.xml (RunModel)" time="0.009" />
  <testcase classname="ptolemy.util.test.junit.AutoTests" name="[89] /home/travis/build/icyphy/ptII/ptolemy/domains/de/test/auto/sortWithOpaquePorts.xml (RunModel)" time="0.013" />
  <testcase classname="ptolemy.util.test.junit.AutoTests" name="[90] /home/travis/build/icyphy/ptII/ptolemy/domains/de/test/auto/transferInputsandOutputs.xml (RunModel)" time="0.016" />
  <testcase classname="ptolemy.util.test.junit.AutoTests" name="[91] /home/travis/build/icyphy/ptII/ptolemy/domains/de/test/auto/triggerType.xml (RunModel)" time="0.008" />
  <system-out><![CDATA[/home/travis/build/icyphy/ptII/ptolemy/domains/de/test/DependencyLoop.tcl
testDefs.tcl: setting time out to 9000 seconds at Mon May 14 01:05:34 UTC 2018
22 ms. Memory: 116224K Free: 95026K (82%)
8 ms. Memory: 116224K Free: 107505K (92%)
/home/travis/build/icyphy/ptII/ptolemy/domains/de/test/RunDETestsAsQSS.tcl
Run the DE tests using ptolemy.domains.qss.test.QSSDirectorTest, which extends QSSDirector and prints a message in the constructors.
------------------ testing $PTII/ptolemy/domains/de/test/auto/knownFailedTests/dependencyLoop.xml (Known Failure) 
9 ms. Memory: 116224K Free: 104345K (90%)


==== $PTIIhome/travis/build/icyphy/ptII/ptolemy/domains/de/test/../../../../: Auto Automatic test in file $PTII/ptolemy/domains/de/test/auto/knownFailedTests/dependencyLoop.xml
==== Contents of test case:

	    # FIXME: we should use $relativeFilename here, but it
	    # might have backslashes under Windows, which causes no end
	    # of trouble.
	    createAndExecute $file
	    list {}
	
.... Test generated KNOWN error:
    while executing
ptolemy.kernel.util.IllegalActionException: Found a zero delay loop containing .dependencyLoop.original
  in .dependencyLoop and .dependencyLoop.original
	at ptolemy.actor.util.CausalityInterfaceForComposites._computeOutputPortDepth(CausalityInterfaceForComposites.java:759)
	at ptolemy.actor.util.CausalityInterfaceForComposites._computeInputDepth(CausalityInterfaceForComposites.java:696)
	at ptolemy.actor.util.CausalityInterfaceForComposites._computeOutputPortDepth(CausalityInterfaceForComposites.java:765)
	at ptolemy.actor.util.CausalityInterfaceForComposites._computeInputDepth(CausalityInterfaceForComposites.java:696)
	at ptolemy.actor.util.CausalityInterfaceForComposites._computeOutputPortDepth(CausalityInterfaceForComposites.java:765)
	at ptolemy.actor.util.CausalityInterfaceForComposites._computeInputDepth(CausalityInterfaceForComposites.java:696)
	at ptolemy.actor.util.CausalityInterfaceForComposites._computeActorDepth(CausalityInterfaceForComposites.java:532)
	at ptolemy.actor.util.CausalityInterfaceForComposites.checkForCycles(CausalityInterfaceForComposites.java:96)
	at ptolemy.domains.de.kernel.DEDirector.preinitialize(DEDirector.java:1337)
	at ptolemy.actor.CompositeActor.preinitialize(CompositeActor.java:1828)
	at ptolemy.actor.Manager.preinitializeAndResolveTypes(Manager.java:1040)
	at ptolemy.actor.Manager.initialize(Manager.java:710)
	at ptolemy.actor.Manager.execute(Manager.java:356)
	at ptolemy.actor.Manager.run(Manager.java:1263)
	at ptolemy.actor.Manager$PtolemyRunThread.run(Manager.java:1915)

    while executing
ptolemy.kernel.util.IllegalActionException: Found a zero delay loop containing .dependencyLoop.original
  in .dependencyLoop and .dependencyLoop.original
    while executing
"java::new ptolemy.moml.MoMLSimpleApplication $file
"
    (procedure "createAndExecute" line 2)
    invoked from within
"createAndExecute $file"
    ("uplevel" body line 5)
    invoked from within
"uplevel $contents_of_test"
------------------ testing $PTII/ptolemy/domains/de/test/auto/knownFailedTests/DESDFClockTest.xml (Known Failure) 
2080 ms. Memory: 116224K Free: 89736K (77%)


==== $PTIIhome/travis/build/icyphy/ptII/ptolemy/domains/de/test/../../../../: Auto Automatic test in file $PTII/ptolemy/domains/de/test/auto/knownFailedTests/DESDFClockTest.xml
==== Contents of test case:

	    # FIXME: we should use $relativeFilename here, but it
	    # might have backslashes under Windows, which causes no end
	    # of trouble.
	    createAndExecute $file
	    list {}
	
.... Test generated KNOWN error:
    while executing
ptolemy.kernel.util.IllegalActionException: Actor is not ready to fire.  Perhaps UpSample.prefire() returned false? Try debugging the actor by selecting "Listen to Actor".  Also, for SDF check moml for tokenConsumptionRate on input.
  in .DESDFClockTest.Play Bell.Copy1:SDF Director and .DESDFClockTest.Play Bell.UpSample
	at ptolemy.actor.sched.StaticSchedulingDirector.fire(StaticSchedulingDirector.java:227)
	at ptolemy.domains.sdf.kernel.SDFDirector.fire(SDFDirector.java:500)
	at ptolemy.actor.CompositeActor.fire(CompositeActor.java:455)
	at ptolemy.domains.de.kernel.DEDirector._fire(DEDirector.java:1948)
	at ptolemy.domains.de.kernel.DEDirector.fire(DEDirector.java:502)
	at ptolemy.actor.CompositeActor.fire(CompositeActor.java:455)
	at ptolemy.actor.Manager.iterate(Manager.java:851)
	at ptolemy.actor.Manager.execute(Manager.java:369)
	at ptolemy.actor.Manager.run(Manager.java:1263)
	at ptolemy.actor.Manager$PtolemyRunThread.run(Manager.java:1915)

    while executing
ptolemy.kernel.util.IllegalActionException: Actor is not ready to fire.  Perhaps UpSample.prefire() returned false? Try debugging the actor by selecting "Listen to Actor".  Also, for SDF check moml for tokenConsumptionRate on input.
  in .DESDFClockTest.Play Bell.Copy1:SDF Director and .DESDFClockTest.Play Bell.UpSample
    while executing
"java::new ptolemy.moml.MoMLSimpleApplication $file
"
    (procedure "createAndExecute" line 2)
    invoked from within
"createAndExecute $file"
    ("uplevel" body line 5)
    invoked from within
"uplevel $contents_of_test"
------------------ testing $PTII/ptolemy/domains/de/test/auto/knownFailedTests/FSMSource.xml (Known Failure) 
57 ms. Memory: 116224K Free: 111647K (96%)
!!!! Auto was marked as failing, but now passes
------------------ testing $PTII/ptolemy/domains/de/test/auto/knownFailedTests/dependencyLoop2.xml (Known Failure) 
7 ms. Memory: 116224K Free: 94184K (81%)


==== $PTIIhome/travis/build/icyphy/ptII/ptolemy/domains/de/test/../../../../: Auto Automatic test in file $PTII/ptolemy/domains/de/test/auto/knownFailedTests/dependencyLoop2.xml
==== Contents of test case:

	    # FIXME: we should use $relativeFilename here, but it
	    # might have backslashes under Windows, which causes no end
	    # of trouble.
	    createAndExecute $file
	    list {}
	
.... Test generated KNOWN error:
    while executing
ptolemy.kernel.util.IllegalActionException: Found a zero delay loop containing .dependencyLoop2.original
  in .dependencyLoop2 and .dependencyLoop2.original
	at ptolemy.actor.util.CausalityInterfaceForComposites._computeOutputPortDepth(CausalityInterfaceForComposites.java:759)
	at ptolemy.actor.util.CausalityInterfaceForComposites._computeInputDepth(CausalityInterfaceForComposites.java:696)
	at ptolemy.actor.util.CausalityInterfaceForComposites._computeOutputPortDepth(CausalityInterfaceForComposites.java:765)
	at ptolemy.actor.util.CausalityInterfaceForComposites._computeInputDepth(CausalityInterfaceForComposites.java:696)
	at ptolemy.actor.util.CausalityInterfaceForComposites._computeOutputPortDepth(CausalityInterfaceForComposites.java:765)
	at ptolemy.actor.util.CausalityInterfaceForComposites._computeInputDepth(CausalityInterfaceForComposites.java:696)
	at ptolemy.actor.util.CausalityInterfaceForComposites._computeActorDepth(CausalityInterfaceForComposites.java:532)
	at ptolemy.actor.util.CausalityInterfaceForComposites.checkForCycles(CausalityInterfaceForComposites.java:96)
	at ptolemy.domains.de.kernel.DEDirector.preinitialize(DEDirector.java:1337)
	at ptolemy.actor.CompositeActor.preinitialize(CompositeActor.java:1828)
	at ptolemy.actor.Manager.preinitializeAndResolveTypes(Manager.java:1040)
	at ptolemy.actor.Manager.initialize(Manager.java:710)
	at ptolemy.actor.Manager.execute(Manager.java:356)
	at ptolemy.actor.Manager.run(Manager.java:1263)
	at ptolemy.actor.Manager$PtolemyRunThread.run(Manager.java:1915)

    while executing
ptolemy.kernel.util.IllegalActionException: Found a zero delay loop containing .dependencyLoop2.original
  in .dependencyLoop2 and .dependencyLoop2.original
    while executing
"java::new ptolemy.moml.MoMLSimpleApplication $file
"
    (procedure "createAndExecute" line 2)
    invoked from within
"createAndExecute $file"
    ("uplevel" body line 5)
    invoked from within
"uplevel $contents_of_test"
------------------ testing $PTII/ptolemy/domains/de/test/auto/knownFailedTests/HierarchicalModel.xml (Known Failure) 
7 ms. Memory: 146944K Free: 134644K (92%)


==== $PTIIhome/travis/build/icyphy/ptII/ptolemy/domains/de/test/../../../../: Auto Automatic test in file $PTII/ptolemy/domains/de/test/auto/knownFailedTests/HierarchicalModel.xml
==== Contents of test case:

	    # FIXME: we should use $relativeFilename here, but it
	    # might have backslashes under Windows, which causes no end
	    # of trouble.
	    createAndExecute $file
	    list {}
	
.... Test generated KNOWN error:
    while executing
ptolemy.kernel.util.IllegalActionException: Found a zero delay loop containing .HierarchicalModel.A
  in .HierarchicalModel and .HierarchicalModel.A
	at ptolemy.actor.util.CausalityInterfaceForComposites._computeOutputPortDepth(CausalityInterfaceForComposites.java:759)
	at ptolemy.actor.util.CausalityInterfaceForComposites._computeInputDepth(CausalityInterfaceForComposites.java:696)
	at ptolemy.actor.util.CausalityInterfaceForComposites._computeOutputPortDepth(CausalityInterfaceForComposites.java:765)
	at ptolemy.actor.util.CausalityInterfaceForComposites._computeInputDepth(CausalityInterfaceForComposites.java:696)
	at ptolemy.actor.util.CausalityInterfaceForComposites._computeOutputPortDepth(CausalityInterfaceForComposites.java:765)
	at ptolemy.actor.util.CausalityInterfaceForComposites._computeInputDepth(CausalityInterfaceForComposites.java:696)
	at ptolemy.actor.util.CausalityInterfaceForComposites._computeActorDepth(CausalityInterfaceForComposites.java:532)
	at ptolemy.actor.util.CausalityInterfaceForComposites.checkForCycles(CausalityInterfaceForComposites.java:96)
	at ptolemy.domains.de.kernel.DEDirector.preinitialize(DEDirector.java:1337)
	at ptolemy.actor.CompositeActor.preinitialize(CompositeActor.java:1828)
	at ptolemy.actor.Manager.preinitializeAndResolveTypes(Manager.java:1040)
	at ptolemy.actor.Manager.initialize(Manager.java:710)
	at ptolemy.actor.Manager.execute(Manager.java:356)
	at ptolemy.actor.Manager.run(Manager.java:1263)
	at ptolemy.actor.Manager$PtolemyRunThread.run(Manager.java:1915)

    while executing
ptolemy.kernel.util.IllegalActionException: Found a zero delay loop containing .HierarchicalModel.A
  in .HierarchicalModel and .HierarchicalModel.A
    while executing
"java::new ptolemy.moml.MoMLSimpleApplication $file
"
    (procedure "createAndExecute" line 2)
    invoked from within
"createAndExecute $file"
    ("uplevel" body line 5)
    invoked from within
"uplevel $contents_of_test"
------------------ testing $PTII/ptolemy/domains/de/test/auto/knownFailedTests/DirectFeedback.xml (Known Failure) 
10 ms. Memory: 146944K Free: 130519K (89%)


==== $PTIIhome/travis/build/icyphy/ptII/ptolemy/domains/de/test/../../../../: Auto Automatic test in file $PTII/ptolemy/domains/de/test/auto/knownFailedTests/DirectFeedback.xml
==== Contents of test case:

	    # FIXME: we should use $relativeFilename here, but it
	    # might have backslashes under Windows, which causes no end
	    # of trouble.
	    createAndExecute $file
	    list {}
	
.... Test generated KNOWN error:
    while executing
ptolemy.kernel.util.IllegalActionException: Test fails in iteration 1.
Value was: 1.0. Should have been: 2.0
  in .DirectFeedback.Test
	at ptolemy.actor.lib.Test.fire(Test.java:268)
	at ptolemy.domains.de.kernel.DEDirector._fire(DEDirector.java:1948)
	at ptolemy.domains.de.kernel.DEDirector.fire(DEDirector.java:502)
	at ptolemy.actor.CompositeActor.fire(CompositeActor.java:455)
	at ptolemy.actor.Manager.iterate(Manager.java:851)
	at ptolemy.actor.Manager.execute(Manager.java:369)
	at ptolemy.actor.Manager.run(Manager.java:1263)
	at ptolemy.actor.Manager$PtolemyRunThread.run(Manager.java:1915)

    while executing
ptolemy.kernel.util.IllegalActionException: Test fails in iteration 1.
Value was: 1.0. Should have been: 2.0
  in .DirectFeedback.Test
    while executing
"java::new ptolemy.moml.MoMLSimpleApplication $file
"
    (procedure "createAndExecute" line 2)
    invoked from within
"createAndExecute $file"
    ("uplevel" body line 5)
    invoked from within
"uplevel $contents_of_test"
------------------ testing $PTII/ptolemy/domains/de/test/auto/ActorDepthCalculation_actorWithoutPorts.xml
auto.tcl: Setting watchdog for 200 seconds at Mon May 14 01:05:37 UTC 2018
11 ms. Memory: 146944K Free: 121722K (83%)
ptolemy.util.test.WatchDog.cancel(): canceling Mon May 14 01:05:38 UTC 2018
auto.tcl: Setting watchdog for 200 seconds at Mon May 14 01:05:38 UTC 2018
6 ms. Memory: 146944K Free: 120666K (82%)
ptolemy.util.test.WatchDog.cancel(): canceling Mon May 14 01:05:38 UTC 2018
------------------ testing $PTII/ptolemy/domains/de/test/auto/AssemblyLine.xml
auto.tcl: Setting watchdog for 200 seconds at Mon May 14 01:05:38 UTC 2018
25 ms. Memory: 146944K Free: 129239K (88%)
ptolemy.util.test.WatchDog.cancel(): canceling Mon May 14 01:05:38 UTC 2018
auto.tcl: Setting watchdog for 200 seconds at Mon May 14 01:05:38 UTC 2018
11 ms. Memory: 146944K Free: 128195K (87%)
ptolemy.util.test.WatchDog.cancel(): canceling Mon May 14 01:05:38 UTC 2018
------------------ testing $PTII/ptolemy/domains/de/test/auto/CQBug1.xml
auto.tcl: Setting watchdog for 200 seconds at Mon May 14 01:05:38 UTC 2018
10 ms. Memory: 146944K Free: 138225K (94%)
ptolemy.util.test.WatchDog.cancel(): canceling Mon May 14 01:05:38 UTC 2018
auto.tcl: Setting watchdog for 200 seconds at Mon May 14 01:05:38 UTC 2018
2 ms. Memory: 146944K Free: 138225K (94%)
ptolemy.util.test.WatchDog.cancel(): canceling Mon May 14 01:05:38 UTC 2018
------------------ testing $PTII/ptolemy/domains/de/test/auto/CancelFireAt.xml
auto.tcl: Setting watchdog for 200 seconds at Mon May 14 01:05:38 UTC 2018
8 ms. Memory: 146944K Free: 140307K (95%)
ptolemy.util.test.WatchDog.cancel(): canceling Mon May 14 01:05:39 UTC 2018
auto.tcl: Setting watchdog for 200 seconds at Mon May 14 01:05:39 UTC 2018
7 ms. Memory: 146944K Free: 139263K (95%)
ptolemy.util.test.WatchDog.cancel(): canceling Mon May 14 01:05:39 UTC 2018
------------------ testing $PTII/ptolemy/domains/de/test/auto/CausalityAndComposabilityAnalysis.xml
auto.tcl: Setting watchdog for 200 seconds at Mon May 14 01:05:39 UTC 2018
14 ms. Memory: 146944K Free: 136773K (93%)
ptolemy.util.test.WatchDog.cancel(): canceling Mon May 14 01:05:39 UTC 2018
auto.tcl: Setting watchdog for 200 seconds at Mon May 14 01:05:39 UTC 2018
7 ms. Memory: 146944K Free: 136773K (93%)
ptolemy.util.test.WatchDog.cancel(): canceling Mon May 14 01:05:39 UTC 2018
------------------ testing $PTII/ptolemy/domains/de/test/auto/CausalityInterface1.xml
auto.tcl: Setting watchdog for 200 seconds at Mon May 14 01:05:39 UTC 2018
22 ms. Memory: 146944K Free: 136295K (93%)
ptolemy.util.test.WatchDog.cancel(): canceling Mon May 14 01:05:39 UTC 2018
auto.tcl: Setting watchdog for 200 seconds at Mon May 14 01:05:39 UTC 2018
5 ms. Memory: 146944K Free: 135251K (92%)
ptolemy.util.test.WatchDog.cancel(): canceling Mon May 14 01:05:39 UTC 2018
------------------ testing $PTII/ptolemy/domains/de/test/auto/CausalityInterface15.xml
auto.tcl: Setting watchdog for 200 seconds at Mon May 14 01:05:39 UTC 2018
7 ms. Memory: 146944K Free: 135243K (92%)
ptolemy.util.test.WatchDog.cancel(): canceling Mon May 14 01:05:39 UTC 2018
auto.tcl: Setting watchdog for 200 seconds at Mon May 14 01:05:39 UTC 2018
9 ms. Memory: 146944K Free: 134199K (91%)
ptolemy.util.test.WatchDog.cancel(): canceling Mon May 14 01:05:39 UTC 2018
------------------ testing $PTII/ptolemy/domains/de/test/auto/CausalityInterface2.xml
auto.tcl: Setting watchdog for 200 seconds at Mon May 14 01:05:39 UTC 2018
7 ms. Memory: 146944K Free: 136269K (93%)
ptolemy.util.test.WatchDog.cancel(): canceling Mon May 14 01:05:39 UTC 2018
auto.tcl: Setting watchdog for 200 seconds at Mon May 14 01:05:39 UTC 2018
8 ms. Memory: 146944K Free: 136269K (93%)
ptolemy.util.test.WatchDog.cancel(): canceling Mon May 14 01:05:39 UTC 2018
------------------ testing $PTII/ptolemy/domains/de/test/auto/CausalityInterface3.xml
auto.tcl: Setting watchdog for 200 seconds at Mon May 14 01:05:39 UTC 2018
8 ms. Memory: 146944K Free: 136281K (93%)
ptolemy.util.test.WatchDog.cancel(): canceling Mon May 14 01:05:39 UTC 2018
auto.tcl: Setting watchdog for 200 seconds at Mon May 14 01:05:39 UTC 2018
4 ms. Memory: 146944K Free: 135237K (92%)
ptolemy.util.test.WatchDog.cancel(): canceling Mon May 14 01:05:39 UTC 2018
------------------ testing $PTII/ptolemy/domains/de/test/auto/ClockDrift.xml
auto.tcl: Setting watchdog for 200 seconds at Mon May 14 01:05:39 UTC 2018
131 ms. Memory: 146944K Free: 128161K (87%)
ptolemy.util.test.WatchDog.cancel(): canceling Mon May 14 01:05:39 UTC 2018
auto.tcl: Setting watchdog for 200 seconds at Mon May 14 01:05:39 UTC 2018
85 ms. Memory: 146944K Free: 125029K (85%)
ptolemy.util.test.WatchDog.cancel(): canceling Mon May 14 01:05:39 UTC 2018
------------------ testing $PTII/ptolemy/domains/de/test/auto/ClockDriftAndValueChange.xml
auto.tcl: Setting watchdog for 200 seconds at Mon May 14 01:05:39 UTC 2018
38 ms. Memory: 146944K Free: 127996K (87%)
ptolemy.util.test.WatchDog.cancel(): canceling Mon May 14 01:05:40 UTC 2018
auto.tcl: Setting watchdog for 200 seconds at Mon May 14 01:05:40 UTC 2018
42 ms. Memory: 146944K Free: 124864K (85%)
ptolemy.util.test.WatchDog.cancel(): canceling Mon May 14 01:05:40 UTC 2018
------------------ testing $PTII/ptolemy/domains/de/test/auto/ClockDriftChange.xml
auto.tcl: Setting watchdog for 200 seconds at Mon May 14 01:05:40 UTC 2018
32 ms. Memory: 146944K Free: 130681K (89%)
ptolemy.util.test.WatchDog.cancel(): canceling Mon May 14 01:05:40 UTC 2018
auto.tcl: Setting watchdog for 200 seconds at Mon May 14 01:05:40 UTC 2018
39 ms. Memory: 146944K Free: 127549K (87%)
ptolemy.util.test.WatchDog.cancel(): canceling Mon May 14 01:05:40 UTC 2018
------------------ testing $PTII/ptolemy/domains/de/test/auto/ComposableCausalityAnalysis.xml
auto.tcl: Setting watchdog for 200 seconds at Mon May 14 01:05:40 UTC 2018
4 ms. Memory: 146944K Free: 135098K (92%)
ptolemy.util.test.WatchDog.cancel(): canceling Mon May 14 01:05:40 UTC 2018
auto.tcl: Setting watchdog for 200 seconds at Mon May 14 01:05:40 UTC 2018
5 ms. Memory: 146944K Free: 134054K (91%)
ptolemy.util.test.WatchDog.cancel(): canceling Mon May 14 01:05:40 UTC 2018
------------------ testing $PTII/ptolemy/domains/de/test/auto/DEFixedPointLimitation.xml
auto.tcl: Setting watchdog for 200 seconds at Mon May 14 01:05:40 UTC 2018
3 ms. Memory: 146944K Free: 136223K (93%)
ptolemy.util.test.WatchDog.cancel(): canceling Mon May 14 01:05:40 UTC 2018
auto.tcl: Setting watchdog for 200 seconds at Mon May 14 01:05:40 UTC 2018
2 ms. Memory: 146944K Free: 136223K (93%)
ptolemy.util.test.WatchDog.cancel(): canceling Mon May 14 01:05:40 UTC 2018
------------------ testing $PTII/ptolemy/domains/de/test/auto/DEScheduleTest.xml
auto.tcl: Setting watchdog for 200 seconds at Mon May 14 01:05:40 UTC 2018
8 ms. Memory: 146944K Free: 137303K (93%)
ptolemy.util.test.WatchDog.cancel(): canceling Mon May 14 01:05:40 UTC 2018
auto.tcl: Setting watchdog for 200 seconds at Mon May 14 01:05:40 UTC 2018
5 ms. Memory: 146944K Free: 136259K (93%)
ptolemy.util.test.WatchDog.cancel(): canceling Mon May 14 01:05:40 UTC 2018
------------------ testing $PTII/ptolemy/domains/de/test/auto/DEinDEwithStartTimes.xml
auto.tcl: Setting watchdog for 200 seconds at Mon May 14 01:05:40 UTC 2018
10 ms. Memory: 146944K Free: 135184K (92%)
ptolemy.util.test.WatchDog.cancel(): canceling Mon May 14 01:05:40 UTC 2018
auto.tcl: Setting watchdog for 200 seconds at Mon May 14 01:05:40 UTC 2018
7 ms. Memory: 146944K Free: 134140K (91%)
ptolemy.util.test.WatchDog.cancel(): canceling Mon May 14 01:05:40 UTC 2018
------------------ testing $PTII/ptolemy/domains/de/test/auto/DEinDEwithStartTimes2.xml
auto.tcl: Setting watchdog for 200 seconds at Mon May 14 01:05:40 UTC 2018
11 ms. Memory: 146944K Free: 135163K (92%)
ptolemy.util.test.WatchDog.cancel(): canceling Mon May 14 01:05:40 UTC 2018
auto.tcl: Setting watchdog for 200 seconds at Mon May 14 01:05:40 UTC 2018
11 ms. Memory: 146944K Free: 134119K (91%)
ptolemy.util.test.WatchDog.cancel(): canceling Mon May 14 01:05:40 UTC 2018
------------------ testing $PTII/ptolemy/domains/de/test/auto/DateDemo.xml
auto.tcl: Setting watchdog for 200 seconds at Mon May 14 01:05:40 UTC 2018
19 ms. Memory: 146944K Free: 129295K (88%)
ptolemy.util.test.WatchDog.cancel(): canceling Mon May 14 01:05:40 UTC 2018
auto.tcl: Setting watchdog for 200 seconds at Mon May 14 01:05:40 UTC 2018
12 ms. Memory: 146944K Free: 127207K (87%)
ptolemy.util.test.WatchDog.cancel(): canceling Mon May 14 01:05:40 UTC 2018
------------------ testing $PTII/ptolemy/domains/de/test/auto/DateToEvent.xml
auto.tcl: Setting watchdog for 200 seconds at Mon May 14 01:05:40 UTC 2018
2030 ms. Memory: 146944K Free: 123431K (84%)
ptolemy.util.test.WatchDog.cancel(): canceling Mon May 14 01:05:43 UTC 2018
auto.tcl: Setting watchdog for 200 seconds at Mon May 14 01:05:43 UTC 2018
2009 ms. Memory: 146944K Free: 122387K (83%)
ptolemy.util.test.WatchDog.cancel(): canceling Mon May 14 01:05:45 UTC 2018
------------------ testing $PTII/ptolemy/domains/de/test/auto/DepthTest1.xml
auto.tcl: Setting watchdog for 200 seconds at Mon May 14 01:05:45 UTC 2018
5 ms. Memory: 146944K Free: 138599K (94%)
ptolemy.util.test.WatchDog.cancel(): canceling Mon May 14 01:05:45 UTC 2018
auto.tcl: Setting watchdog for 200 seconds at Mon May 14 01:05:45 UTC 2018
1 ms. Memory: 146944K Free: 138489K (94%)
ptolemy.util.test.WatchDog.cancel(): canceling Mon May 14 01:05:45 UTC 2018
------------------ testing $PTII/ptolemy/domains/de/test/auto/DepthTest2.xml
auto.tcl: Setting watchdog for 200 seconds at Mon May 14 01:05:45 UTC 2018
9 ms. Memory: 146944K Free: 134239K (91%)
ptolemy.util.test.WatchDog.cancel(): canceling Mon May 14 01:05:45 UTC 2018
auto.tcl: Setting watchdog for 200 seconds at Mon May 14 01:05:45 UTC 2018
3 ms. Memory: 146944K Free: 134239K (91%)
ptolemy.util.test.WatchDog.cancel(): canceling Mon May 14 01:05:45 UTC 2018
------------------ testing $PTII/ptolemy/domains/de/test/auto/DepthTest3.xml
auto.tcl: Setting watchdog for 200 seconds at Mon May 14 01:05:45 UTC 2018
2 ms. Memory: 146944K Free: 138824K (94%)
ptolemy.util.test.WatchDog.cancel(): canceling Mon May 14 01:05:45 UTC 2018
auto.tcl: Setting watchdog for 200 seconds at Mon May 14 01:05:45 UTC 2018
2 ms. Memory: 146944K Free: 138824K (94%)
ptolemy.util.test.WatchDog.cancel(): canceling Mon May 14 01:05:45 UTC 2018
------------------ testing $PTII/ptolemy/domains/de/test/auto/DepthTest4.xml
auto.tcl: Setting watchdog for 200 seconds at Mon May 14 01:05:45 UTC 2018
7 ms. Memory: 146944K Free: 136207K (93%)
ptolemy.util.test.WatchDog.cancel(): canceling Mon May 14 01:05:45 UTC 2018
auto.tcl: Setting watchdog for 200 seconds at Mon May 14 01:05:45 UTC 2018
2 ms. Memory: 146944K Free: 135163K (92%)
ptolemy.util.test.WatchDog.cancel(): canceling Mon May 14 01:05:45 UTC 2018
------------------ testing $PTII/ptolemy/domains/de/test/auto/DepthTest5.xml
auto.tcl: Setting watchdog for 200 seconds at Mon May 14 01:05:45 UTC 2018
7 ms. Memory: 146944K Free: 135112K (92%)
ptolemy.util.test.WatchDog.cancel(): canceling Mon May 14 01:05:45 UTC 2018
auto.tcl: Setting watchdog for 200 seconds at Mon May 14 01:05:45 UTC 2018
4 ms. Memory: 146944K Free: 135112K (92%)
ptolemy.util.test.WatchDog.cancel(): canceling Mon May 14 01:05:45 UTC 2018
------------------ testing $PTII/ptolemy/domains/de/test/auto/DepthTest6.xml
auto.tcl: Setting watchdog for 200 seconds at Mon May 14 01:05:45 UTC 2018
8 ms. Memory: 146944K Free: 135073K (92%)
ptolemy.util.test.WatchDog.cancel(): canceling Mon May 14 01:05:45 UTC 2018
auto.tcl: Setting watchdog for 200 seconds at Mon May 14 01:05:45 UTC 2018
4 ms. Memory: 146944K Free: 135073K (92%)
ptolemy.util.test.WatchDog.cancel(): canceling Mon May 14 01:05:45 UTC 2018
------------------ testing $PTII/ptolemy/domains/de/test/auto/DepthTest7.xml
auto.tcl: Setting watchdog for 200 seconds at Mon May 14 01:05:45 UTC 2018
4 ms. Memory: 146944K Free: 136113K (93%)
ptolemy.util.test.WatchDog.cancel(): canceling Mon May 14 01:05:45 UTC 2018
auto.tcl: Setting watchdog for 200 seconds at Mon May 14 01:05:45 UTC 2018
3 ms. Memory: 146944K Free: 135069K (92%)
ptolemy.util.test.WatchDog.cancel(): canceling Mon May 14 01:05:45 UTC 2018
------------------ testing $PTII/ptolemy/domains/de/test/auto/EventToDate.xml
auto.tcl: Setting watchdog for 200 seconds at Mon May 14 01:05:45 UTC 2018
3016 ms. Memory: 146944K Free: 124466K (85%)
ptolemy.util.test.WatchDog.cancel(): canceling Mon May 14 01:05:48 UTC 2018
auto.tcl: Setting watchdog for 200 seconds at Mon May 14 01:05:48 UTC 2018
3005 ms. Memory: 146944K Free: 124466K (85%)
ptolemy.util.test.WatchDog.cancel(): canceling Mon May 14 01:05:51 UTC 2018
------------------ testing $PTII/ptolemy/domains/de/test/auto/FSM1.xml
auto.tcl: Setting watchdog for 200 seconds at Mon May 14 01:05:51 UTC 2018
20 ms. Memory: 146944K Free: 126829K (86%)
ptolemy.util.test.WatchDog.cancel(): canceling Mon May 14 01:05:51 UTC 2018
auto.tcl: Setting watchdog for 200 seconds at Mon May 14 01:05:51 UTC 2018
18 ms. Memory: 146944K Free: 123665K (84%)
ptolemy.util.test.WatchDog.cancel(): canceling Mon May 14 01:05:51 UTC 2018
------------------ testing $PTII/ptolemy/domains/de/test/auto/FSM7.xml
auto.tcl: Setting watchdog for 200 seconds at Mon May 14 01:05:52 UTC 2018
19 ms. Memory: 146944K Free: 127470K (87%)
ptolemy.util.test.WatchDog.cancel(): canceling Mon May 14 01:05:52 UTC 2018
auto.tcl: Setting watchdog for 200 seconds at Mon May 14 01:05:52 UTC 2018
19 ms. Memory: 146944K Free: 124306K (85%)
ptolemy.util.test.WatchDog.cancel(): canceling Mon May 14 01:05:52 UTC 2018
------------------ testing $PTII/ptolemy/domains/de/test/auto/Inspection.xml
auto.tcl: Setting watchdog for 200 seconds at Mon May 14 01:05:52 UTC 2018
42 ms. Memory: 146944K Free: 128076K (87%)
ptolemy.util.test.WatchDog.cancel(): canceling Mon May 14 01:05:52 UTC 2018
auto.tcl: Setting watchdog for 200 seconds at Mon May 14 01:05:52 UTC 2018
61 ms. Memory: 146944K Free: 125988K (86%)
ptolemy.util.test.WatchDog.cancel(): canceling Mon May 14 01:05:52 UTC 2018
------------------ testing $PTII/ptolemy/domains/de/test/auto/Iteration.xml
auto.tcl: Setting watchdog for 200 seconds at Mon May 14 01:05:52 UTC 2018
15 ms. Memory: 146944K Free: 133796K (91%)
ptolemy.util.test.WatchDog.cancel(): canceling Mon May 14 01:05:52 UTC 2018
auto.tcl: Setting watchdog for 200 seconds at Mon May 14 01:05:52 UTC 2018
13 ms. Memory: 146944K Free: 132752K (90%)
ptolemy.util.test.WatchDog.cancel(): canceling Mon May 14 01:05:52 UTC 2018
------------------ testing $PTII/ptolemy/domains/de/test/auto/LineFault.xml
auto.tcl: Setting watchdog for 200 seconds at Mon May 14 01:05:52 UTC 2018
1355 ms. Memory: 146944K Free: 138079K (94%)
ptolemy.util.test.WatchDog.cancel(): canceling Mon May 14 01:05:54 UTC 2018
auto.tcl: Setting watchdog for 200 seconds at Mon May 14 01:05:54 UTC 2018
1195 ms. Memory: 146944K Free: 81967K (56%)
ptolemy.util.test.WatchDog.cancel(): canceling Mon May 14 01:05:55 UTC 2018
------------------ testing $PTII/ptolemy/domains/de/test/auto/MergeModel1Add.xml
auto.tcl: Setting watchdog for 200 seconds at Mon May 14 01:05:55 UTC 2018
47 ms. Memory: 209920K Free: 180457K (86%)
ptolemy.util.test.WatchDog.cancel(): canceling Mon May 14 01:05:55 UTC 2018
auto.tcl: Setting watchdog for 200 seconds at Mon May 14 01:05:55 UTC 2018
20 ms. Memory: 209920K Free: 178556K (85%)
ptolemy.util.test.WatchDog.cancel(): canceling Mon May 14 01:05:55 UTC 2018
------------------ testing $PTII/ptolemy/domains/de/test/auto/MergeModel2Add.xml
auto.tcl: Setting watchdog for 200 seconds at Mon May 14 01:05:55 UTC 2018
21 ms. Memory: 210432K Free: 182379K (87%)
ptolemy.util.test.WatchDog.cancel(): canceling Mon May 14 01:05:55 UTC 2018
auto.tcl: Setting watchdog for 200 seconds at Mon May 14 01:05:55 UTC 2018
19 ms. Memory: 210432K Free: 182379K (87%)
ptolemy.util.test.WatchDog.cancel(): canceling Mon May 14 01:05:55 UTC 2018
------------------ testing $PTII/ptolemy/domains/de/test/auto/MergeModel3Add.xml
auto.tcl: Setting watchdog for 200 seconds at Mon May 14 01:05:55 UTC 2018
15 ms. Memory: 209920K Free: 183675K (87%)
ptolemy.util.test.WatchDog.cancel(): canceling Mon May 14 01:05:55 UTC 2018
auto.tcl: Setting watchdog for 200 seconds at Mon May 14 01:05:55 UTC 2018
13 ms. Memory: 209920K Free: 181782K (87%)
ptolemy.util.test.WatchDog.cancel(): canceling Mon May 14 01:05:55 UTC 2018
------------------ testing $PTII/ptolemy/domains/de/test/auto/MergeWithoutDiscard.xml
auto.tcl: Setting watchdog for 200 seconds at Mon May 14 01:05:56 UTC 2018
4 ms. Memory: 210432K Free: 198784K (94%)
ptolemy.util.test.WatchDog.cancel(): canceling Mon May 14 01:05:56 UTC 2018
auto.tcl: Setting watchdog for 200 seconds at Mon May 14 01:05:56 UTC 2018
1 ms. Memory: 210432K Free: 198784K (94%)
ptolemy.util.test.WatchDog.cancel(): canceling Mon May 14 01:05:56 UTC 2018
------------------ testing $PTII/ptolemy/domains/de/test/auto/Modal1.xml
auto.tcl: Setting watchdog for 200 seconds at Mon May 14 01:05:56 UTC 2018
25 ms. Memory: 210432K Free: 190832K (91%)
ptolemy.util.test.WatchDog.cancel(): canceling Mon May 14 01:05:56 UTC 2018
auto.tcl: Setting watchdog for 200 seconds at Mon May 14 01:05:56 UTC 2018
34 ms. Memory: 210432K Free: 187015K (89%)
ptolemy.util.test.WatchDog.cancel(): canceling Mon May 14 01:05:56 UTC 2018
------------------ testing $PTII/ptolemy/domains/de/test/auto/Modal2.xml
auto.tcl: Setting watchdog for 200 seconds at Mon May 14 01:05:56 UTC 2018
23 ms. Memory: 210432K Free: 190730K (91%)
ptolemy.util.test.WatchDog.cancel(): canceling Mon May 14 01:05:56 UTC 2018
auto.tcl: Setting watchdog for 200 seconds at Mon May 14 01:05:56 UTC 2018
16 ms. Memory: 210432K Free: 186913K (89%)
ptolemy.util.test.WatchDog.cancel(): canceling Mon May 14 01:05:56 UTC 2018
------------------ testing $PTII/ptolemy/domains/de/test/auto/Modal3.xml
auto.tcl: Setting watchdog for 200 seconds at Mon May 14 01:05:56 UTC 2018
22 ms. Memory: 210432K Free: 190767K (91%)
ptolemy.util.test.WatchDog.cancel(): canceling Mon May 14 01:05:56 UTC 2018
auto.tcl: Setting watchdog for 200 seconds at Mon May 14 01:05:56 UTC 2018
21 ms. Memory: 210432K Free: 186887K (89%)
ptolemy.util.test.WatchDog.cancel(): canceling Mon May 14 01:05:56 UTC 2018
------------------ testing $PTII/ptolemy/domains/de/test/auto/Modal4.xml
auto.tcl: Setting watchdog for 200 seconds at Mon May 14 01:05:56 UTC 2018
27 ms. Memory: 208384K Free: 188645K (91%)
ptolemy.util.test.WatchDog.cancel(): canceling Mon May 14 01:05:56 UTC 2018
auto.tcl: Setting watchdog for 200 seconds at Mon May 14 01:05:56 UTC 2018
22 ms. Memory: 208384K Free: 184843K (89%)
ptolemy.util.test.WatchDog.cancel(): canceling Mon May 14 01:05:56 UTC 2018
------------------ testing $PTII/ptolemy/domains/de/test/auto/Modal5.xml
auto.tcl: Setting watchdog for 200 seconds at Mon May 14 01:05:56 UTC 2018
25 ms. Memory: 209920K Free: 190253K (91%)
ptolemy.util.test.WatchDog.cancel(): canceling Mon May 14 01:05:56 UTC 2018
auto.tcl: Setting watchdog for 200 seconds at Mon May 14 01:05:56 UTC 2018
19 ms. Memory: 209920K Free: 186452K (89%)
ptolemy.util.test.WatchDog.cancel(): canceling Mon May 14 01:05:56 UTC 2018
------------------ testing $PTII/ptolemy/domains/de/test/auto/Modal6.xml
auto.tcl: Setting watchdog for 200 seconds at Mon May 14 01:05:56 UTC 2018
21 ms. Memory: 209920K Free: 190236K (91%)
ptolemy.util.test.WatchDog.cancel(): canceling Mon May 14 01:05:56 UTC 2018
auto.tcl: Setting watchdog for 200 seconds at Mon May 14 01:05:56 UTC 2018
24 ms. Memory: 209920K Free: 186372K (89%)
ptolemy.util.test.WatchDog.cancel(): canceling Mon May 14 01:05:56 UTC 2018
------------------ testing $PTII/ptolemy/domains/de/test/auto/Modal7.xml
auto.tcl: Setting watchdog for 200 seconds at Mon May 14 01:05:56 UTC 2018
26 ms. Memory: 209920K Free: 188298K (90%)
ptolemy.util.test.WatchDog.cancel(): canceling Mon May 14 01:05:56 UTC 2018
auto.tcl: Setting watchdog for 200 seconds at Mon May 14 01:05:56 UTC 2018
16 ms. Memory: 209920K Free: 186389K (89%)
ptolemy.util.test.WatchDog.cancel(): canceling Mon May 14 01:05:56 UTC 2018
------------------ testing $PTII/ptolemy/domains/de/test/auto/ModalModel.xml
auto.tcl: Setting watchdog for 200 seconds at Mon May 14 01:05:57 UTC 2018
303 ms. Memory: 209920K Free: 129408K (62%)
ptolemy.util.test.WatchDog.cancel(): canceling Mon May 14 01:05:57 UTC 2018
auto.tcl: Setting watchdog for 200 seconds at Mon May 14 01:05:57 UTC 2018
309 ms. Memory: 209920K Free: 197574K (94%)
ptolemy.util.test.WatchDog.cancel(): canceling Mon May 14 01:05:57 UTC 2018
------------------ testing $PTII/ptolemy/domains/de/test/auto/ModalSource.xml
auto.tcl: Setting watchdog for 200 seconds at Mon May 14 01:05:57 UTC 2018
9 ms. Memory: 209920K Free: 195329K (93%)
ptolemy.util.test.WatchDog.cancel(): canceling Mon May 14 01:05:57 UTC 2018
auto.tcl: Setting watchdog for 200 seconds at Mon May 14 01:05:57 UTC 2018
9 ms. Memory: 209920K Free: 193581K (92%)
ptolemy.util.test.WatchDog.cancel(): canceling Mon May 14 01:05:57 UTC 2018
------------------ testing $PTII/ptolemy/domains/de/test/auto/NonInterruptibleTimerZeroDelay.xml
auto.tcl: Setting watchdog for 200 seconds at Mon May 14 01:05:57 UTC 2018
5 ms. Memory: 336896K Free: 326508K (97%)
ptolemy.util.test.WatchDog.cancel(): canceling Mon May 14 01:05:57 UTC 2018
auto.tcl: Setting watchdog for 200 seconds at Mon May 14 01:05:57 UTC 2018
4 ms. Memory: 336896K Free: 323027K (96%)
ptolemy.util.test.WatchDog.cancel(): canceling Mon May 14 01:05:57 UTC 2018
------------------ testing $PTII/ptolemy/domains/de/test/auto/OpenQueueingNetwork.xml
auto.tcl: Setting watchdog for 200 seconds at Mon May 14 01:05:57 UTC 2018
5587 ms. Memory: 313344K Free: 171005K (55%)
ptolemy.util.test.WatchDog.cancel(): canceling Mon May 14 01:06:03 UTC 2018
auto.tcl: Setting watchdog for 200 seconds at Mon May 14 01:06:03 UTC 2018
2860 ms. Memory: 284160K Free: 255825K (90%)
ptolemy.util.test.WatchDog.cancel(): canceling Mon May 14 01:06:06 UTC 2018
------------------ testing $PTII/ptolemy/domains/de/test/auto/OpenQueuingNetwork.xml
auto.tcl: Setting watchdog for 200 seconds at Mon May 14 01:06:06 UTC 2018
389 ms. Memory: 285696K Free: 190427K (67%)
ptolemy.util.test.WatchDog.cancel(): canceling Mon May 14 01:06:07 UTC 2018
auto.tcl: Setting watchdog for 200 seconds at Mon May 14 01:06:07 UTC 2018
372 ms. Memory: 285696K Free: 130726K (46%)
ptolemy.util.test.WatchDog.cancel(): canceling Mon May 14 01:06:07 UTC 2018
------------------ testing $PTII/ptolemy/domains/de/test/auto/PeriodicSampler.xml
auto.tcl: Setting watchdog for 200 seconds at Mon May 14 01:06:07 UTC 2018
4 ms. Memory: 284672K Free: 269909K (95%)
ptolemy.util.test.WatchDog.cancel(): canceling Mon May 14 01:06:07 UTC 2018
auto.tcl: Setting watchdog for 200 seconds at Mon May 14 01:06:07 UTC 2018
3 ms. Memory: 284672K Free: 269909K (95%)
ptolemy.util.test.WatchDog.cancel(): canceling Mon May 14 01:06:07 UTC 2018
------------------ testing $PTII/ptolemy/domains/de/test/auto/PersistentIO.xml
auto.tcl: Setting watchdog for 200 seconds at Mon May 14 01:06:07 UTC 2018
15 ms. Memory: 284160K Free: 264276K (93%)
ptolemy.util.test.WatchDog.cancel(): canceling Mon May 14 01:06:07 UTC 2018
auto.tcl: Setting watchdog for 200 seconds at Mon May 14 01:06:07 UTC 2018
6 ms. Memory: 284160K Free: 264276K (93%)
ptolemy.util.test.WatchDog.cancel(): canceling Mon May 14 01:06:07 UTC 2018
------------------ testing $PTII/ptolemy/domains/de/test/auto/PortParameterResetOnInitialize.xml
auto.tcl: Setting watchdog for 200 seconds at Mon May 14 01:06:07 UTC 2018
3 ms. Memory: 284160K Free: 269856K (95%)
ptolemy.util.test.WatchDog.cancel(): canceling Mon May 14 01:06:07 UTC 2018
auto.tcl: Setting watchdog for 200 seconds at Mon May 14 01:06:07 UTC 2018
4 ms. Memory: 284160K Free: 269856K (95%)
ptolemy.util.test.WatchDog.cancel(): canceling Mon May 14 01:06:07 UTC 2018
------------------ testing $PTII/ptolemy/domains/de/test/auto/PortParameterUpdates.xml
auto.tcl: Setting watchdog for 200 seconds at Mon May 14 01:06:07 UTC 2018
5 ms. Memory: 285184K Free: 271013K (95%)
ptolemy.util.test.WatchDog.cancel(): canceling Mon May 14 01:06:07 UTC 2018
auto.tcl: Setting watchdog for 200 seconds at Mon May 14 01:06:07 UTC 2018
5 ms. Memory: 285184K Free: 268146K (94%)
ptolemy.util.test.WatchDog.cancel(): canceling Mon May 14 01:06:07 UTC 2018
------------------ testing $PTII/ptolemy/domains/de/test/auto/QueueAndServer.xml
auto.tcl: Setting watchdog for 200 seconds at Mon May 14 01:06:07 UTC 2018
21 ms. Memory: 284160K Free: 267043K (94%)
ptolemy.util.test.WatchDog.cancel(): canceling Mon May 14 01:06:08 UTC 2018
auto.tcl: Setting watchdog for 200 seconds at Mon May 14 01:06:08 UTC 2018
10 ms. Memory: 284160K Free: 267043K (94%)
ptolemy.util.test.WatchDog.cancel(): canceling Mon May 14 01:06:08 UTC 2018
------------------ testing $PTII/ptolemy/domains/de/test/auto/Records.xml
auto.tcl: Setting watchdog for 200 seconds at Mon May 14 01:06:08 UTC 2018
6 ms. Memory: 285184K Free: 272901K (96%)
ptolemy.util.test.WatchDog.cancel(): canceling Mon May 14 01:06:08 UTC 2018
auto.tcl: Setting watchdog for 200 seconds at Mon May 14 01:06:08 UTC 2018
3 ms. Memory: 285184K Free: 272901K (96%)
ptolemy.util.test.WatchDog.cancel(): canceling Mon May 14 01:06:08 UTC 2018
------------------ testing $PTII/ptolemy/domains/de/test/auto/ResetTransitionWithStartTime1.xml
auto.tcl: Setting watchdog for 200 seconds at Mon May 14 01:06:08 UTC 2018
11 ms. Memory: 284160K Free: 269052K (95%)
ptolemy.util.test.WatchDog.cancel(): canceling Mon May 14 01:06:08 UTC 2018
auto.tcl: Setting watchdog for 200 seconds at Mon May 14 01:06:08 UTC 2018
10 ms. Memory: 284160K Free: 266185K (94%)
ptolemy.util.test.WatchDog.cancel(): canceling Mon May 14 01:06:08 UTC 2018
------------------ testing $PTII/ptolemy/domains/de/test/auto/ResetTransitionWithStartTime2.xml
auto.tcl: Setting watchdog for 200 seconds at Mon May 14 01:06:08 UTC 2018
13 ms. Memory: 285184K Free: 270094K (95%)
ptolemy.util.test.WatchDog.cancel(): canceling Mon May 14 01:06:08 UTC 2018
auto.tcl: Setting watchdog for 200 seconds at Mon May 14 01:06:08 UTC 2018
11 ms. Memory: 285184K Free: 267235K (94%)
ptolemy.util.test.WatchDog.cancel(): canceling Mon May 14 01:06:08 UTC 2018
------------------ testing $PTII/ptolemy/domains/de/test/auto/ResetTransitionWithStartTime3.xml
auto.tcl: Setting watchdog for 200 seconds at Mon May 14 01:06:08 UTC 2018
8 ms. Memory: 284160K Free: 269041K (95%)
ptolemy.util.test.WatchDog.cancel(): canceling Mon May 14 01:06:08 UTC 2018
auto.tcl: Setting watchdog for 200 seconds at Mon May 14 01:06:08 UTC 2018
6 ms. Memory: 284160K Free: 266190K (94%)
ptolemy.util.test.WatchDog.cancel(): canceling Mon May 14 01:06:08 UTC 2018
------------------ testing $PTII/ptolemy/domains/de/test/auto/ResetTransitionWithStartTime4.xml
auto.tcl: Setting watchdog for 200 seconds at Mon May 14 01:06:08 UTC 2018
6 ms. Memory: 284672K Free: 269579K (95%)
ptolemy.util.test.WatchDog.cancel(): canceling Mon May 14 01:06:08 UTC 2018
auto.tcl: Setting watchdog for 200 seconds at Mon May 14 01:06:08 UTC 2018
5 ms. Memory: 284672K Free: 269579K (95%)
ptolemy.util.test.WatchDog.cancel(): canceling Mon May 14 01:06:08 UTC 2018
------------------ testing $PTII/ptolemy/domains/de/test/auto/ResettableTimer1.xml
auto.tcl: Setting watchdog for 200 seconds at Mon May 14 01:06:08 UTC 2018
5 ms. Memory: 284160K Free: 269885K (95%)
ptolemy.util.test.WatchDog.cancel(): canceling Mon May 14 01:06:08 UTC 2018
auto.tcl: Setting watchdog for 200 seconds at Mon May 14 01:06:08 UTC 2018
5 ms. Memory: 284160K Free: 269885K (95%)
ptolemy.util.test.WatchDog.cancel(): canceling Mon May 14 01:06:08 UTC 2018
------------------ testing $PTII/ptolemy/domains/de/test/auto/ResettableTimer2.xml
auto.tcl: Setting watchdog for 200 seconds at Mon May 14 01:06:08 UTC 2018
5 ms. Memory: 284672K Free: 270456K (95%)
ptolemy.util.test.WatchDog.cancel(): canceling Mon May 14 01:06:08 UTC 2018
auto.tcl: Setting watchdog for 200 seconds at Mon May 14 01:06:08 UTC 2018
6 ms. Memory: 284672K Free: 270456K (95%)
ptolemy.util.test.WatchDog.cancel(): canceling Mon May 14 01:06:08 UTC 2018
------------------ testing $PTII/ptolemy/domains/de/test/auto/ResettableTimer3.xml
auto.tcl: Setting watchdog for 200 seconds at Mon May 14 01:06:08 UTC 2018
2 ms. Memory: 284160K Free: 269916K (95%)
ptolemy.util.test.WatchDog.cancel(): canceling Mon May 14 01:06:08 UTC 2018
auto.tcl: Setting watchdog for 200 seconds at Mon May 14 01:06:08 UTC 2018
2 ms. Memory: 284160K Free: 269916K (95%)
ptolemy.util.test.WatchDog.cancel(): canceling Mon May 14 01:06:08 UTC 2018
------------------ testing $PTII/ptolemy/domains/de/test/auto/ResettableTimer4.xml
auto.tcl: Setting watchdog for 200 seconds at Mon May 14 01:06:08 UTC 2018
2 ms. Memory: 284672K Free: 270468K (95%)
ptolemy.util.test.WatchDog.cancel(): canceling Mon May 14 01:06:08 UTC 2018
auto.tcl: Setting watchdog for 200 seconds at Mon May 14 01:06:08 UTC 2018
1 ms. Memory: 284672K Free: 270468K (95%)
ptolemy.util.test.WatchDog.cancel(): canceling Mon May 14 01:06:08 UTC 2018
------------------ testing $PTII/ptolemy/domains/de/test/auto/ResettableTimer5.xml
auto.tcl: Setting watchdog for 200 seconds at Mon May 14 01:06:08 UTC 2018
2 ms. Memory: 284160K Free: 269954K (95%)
ptolemy.util.test.WatchDog.cancel(): canceling Mon May 14 01:06:08 UTC 2018
auto.tcl: Setting watchdog for 200 seconds at Mon May 14 01:06:08 UTC 2018
2 ms. Memory: 284160K Free: 269954K (95%)
ptolemy.util.test.WatchDog.cancel(): canceling Mon May 14 01:06:08 UTC 2018
------------------ testing $PTII/ptolemy/domains/de/test/auto/ResettableTimer6.xml
auto.tcl: Setting watchdog for 200 seconds at Mon May 14 01:06:08 UTC 2018
2 ms. Memory: 284672K Free: 270388K (95%)
ptolemy.util.test.WatchDog.cancel(): canceling Mon May 14 01:06:08 UTC 2018
auto.tcl: Setting watchdog for 200 seconds at Mon May 14 01:06:08 UTC 2018
2 ms. Memory: 284672K Free: 270388K (95%)
ptolemy.util.test.WatchDog.cancel(): canceling Mon May 14 01:06:08 UTC 2018
------------------ testing $PTII/ptolemy/domains/de/test/auto/ServerZeroDelay.xml
auto.tcl: Setting watchdog for 200 seconds at Mon May 14 01:06:09 UTC 2018
5 ms. Memory: 284160K Free: 269910K (95%)
ptolemy.util.test.WatchDog.cancel(): canceling Mon May 14 01:06:09 UTC 2018
auto.tcl: Setting watchdog for 200 seconds at Mon May 14 01:06:09 UTC 2018
6 ms. Memory: 284160K Free: 269910K (95%)
ptolemy.util.test.WatchDog.cancel(): canceling Mon May 14 01:06:09 UTC 2018
------------------ testing $PTII/ptolemy/domains/de/test/auto/SmartSender.xml
auto.tcl: Setting watchdog for 200 seconds at Mon May 14 01:06:09 UTC 2018
3002 ms. Memory: 284672K Free: 270401K (95%)
ptolemy.util.test.WatchDog.cancel(): canceling Mon May 14 01:06:12 UTC 2018
auto.tcl: Setting watchdog for 200 seconds at Mon May 14 01:06:12 UTC 2018
3001 ms. Memory: 284672K Free: 270401K (95%)
ptolemy.util.test.WatchDog.cancel(): canceling Mon May 14 01:06:15 UTC 2018
------------------ testing $PTII/ptolemy/domains/de/test/auto/ThreadedComposite.xml
auto.tcl: Setting watchdog for 200 seconds at Mon May 14 01:06:15 UTC 2018
350 ms. Memory: 284160K Free: 249141K (88%)
ptolemy.util.test.WatchDog.cancel(): canceling Mon May 14 01:06:15 UTC 2018
auto.tcl: Setting watchdog for 200 seconds at Mon May 14 01:06:15 UTC 2018
299 ms. Memory: 284160K Free: 231274K (81%)
ptolemy.util.test.WatchDog.cancel(): canceling Mon May 14 01:06:15 UTC 2018
------------------ testing $PTII/ptolemy/domains/de/test/auto/Time.xml
auto.tcl: Setting watchdog for 200 seconds at Mon May 14 01:06:15 UTC 2018
1120 ms. Memory: 284672K Free: 221446K (78%)
ptolemy.util.test.WatchDog.cancel(): canceling Mon May 14 01:06:17 UTC 2018
auto.tcl: Setting watchdog for 200 seconds at Mon May 14 01:06:17 UTC 2018
1144 ms. Memory: 284672K Free: 170130K (60%)
ptolemy.util.test.WatchDog.cancel(): canceling Mon May 14 01:06:18 UTC 2018
------------------ testing $PTII/ptolemy/domains/de/test/auto/TimeDelayZeroDelay.xml
auto.tcl: Setting watchdog for 200 seconds at Mon May 14 01:06:18 UTC 2018
3 ms. Memory: 284160K Free: 272432K (96%)
ptolemy.util.test.WatchDog.cancel(): canceling Mon May 14 01:06:18 UTC 2018
auto.tcl: Setting watchdog for 200 seconds at Mon May 14 01:06:18 UTC 2018
4 ms. Memory: 284160K Free: 272432K (96%)
ptolemy.util.test.WatchDog.cancel(): canceling Mon May 14 01:06:18 UTC 2018
------------------ testing $PTII/ptolemy/domains/de/test/auto/TimerZeroDelay.xml
auto.tcl: Setting watchdog for 200 seconds at Mon May 14 01:06:18 UTC 2018
6 ms. Memory: 284672K Free: 272998K (96%)
ptolemy.util.test.WatchDog.cancel(): canceling Mon May 14 01:06:18 UTC 2018
auto.tcl: Setting watchdog for 200 seconds at Mon May 14 01:06:18 UTC 2018
4 ms. Memory: 284672K Free: 272998K (96%)
ptolemy.util.test.WatchDog.cancel(): canceling Mon May 14 01:06:18 UTC 2018
------------------ testing $PTII/ptolemy/domains/de/test/auto/TimingParadox.xml
auto.tcl: Setting watchdog for 200 seconds at Mon May 14 01:06:18 UTC 2018
749 ms. Memory: 284160K Free: 207242K (73%)
ptolemy.util.test.WatchDog.cancel(): canceling Mon May 14 01:06:19 UTC 2018
auto.tcl: Setting watchdog for 200 seconds at Mon May 14 01:06:19 UTC 2018
583 ms. Memory: 284160K Free: 174047K (61%)
ptolemy.util.test.WatchDog.cancel(): canceling Mon May 14 01:06:19 UTC 2018
------------------ testing $PTII/ptolemy/domains/de/test/auto/TransferInputs.xml
auto.tcl: Setting watchdog for 200 seconds at Mon May 14 01:06:19 UTC 2018
2 ms. Memory: 284672K Free: 271871K (96%)
ptolemy.util.test.WatchDog.cancel(): canceling Mon May 14 01:06:19 UTC 2018
auto.tcl: Setting watchdog for 200 seconds at Mon May 14 01:06:19 UTC 2018
3 ms. Memory: 284672K Free: 271871K (96%)
ptolemy.util.test.WatchDog.cancel(): canceling Mon May 14 01:06:19 UTC 2018
------------------ testing $PTII/ptolemy/domains/de/test/auto/TransferOutputs2.xml
auto.tcl: Setting watchdog for 200 seconds at Mon May 14 01:06:19 UTC 2018
3 ms. Memory: 284160K Free: 267884K (94%)
ptolemy.util.test.WatchDog.cancel(): canceling Mon May 14 01:06:20 UTC 2018
auto.tcl: Setting watchdog for 200 seconds at Mon May 14 01:06:20 UTC 2018
4 ms. Memory: 284160K Free: 265311K (93%)
ptolemy.util.test.WatchDog.cancel(): canceling Mon May 14 01:06:20 UTC 2018
------------------ testing $PTII/ptolemy/domains/de/test/auto/Trilateration.xml
auto.tcl: Setting watchdog for 200 seconds at Mon May 14 01:06:20 UTC 2018
17030 ms. Memory: 308736K Free: 233128K (76%)
ptolemy.util.test.WatchDog.cancel(): canceling Mon May 14 01:06:38 UTC 2018
auto.tcl: Setting watchdog for 200 seconds at Mon May 14 01:06:38 UTC 2018
13314 ms. Memory: 204800K Free: 125833K (61%)
ptolemy.util.test.WatchDog.cancel(): canceling Mon May 14 01:06:52 UTC 2018
------------------ testing $PTII/ptolemy/domains/de/test/auto/TwoSigmaDelta.xml
auto.tcl: Setting watchdog for 200 seconds at Mon May 14 01:06:52 UTC 2018
3946 ms. Memory: 194560K Free: 145403K (75%)
ptolemy.util.test.WatchDog.cancel(): canceling Mon May 14 01:06:56 UTC 2018
auto.tcl: Setting watchdog for 200 seconds at Mon May 14 01:06:56 UTC 2018
2572 ms. Memory: 186368K Free: 128465K (69%)
ptolemy.util.test.WatchDog.cancel(): canceling Mon May 14 01:06:58 UTC 2018
------------------ testing $PTII/ptolemy/domains/de/test/auto/VariableDelay.xml
auto.tcl: Setting watchdog for 200 seconds at Mon May 14 01:06:58 UTC 2018
3 ms. Memory: 186880K Free: 174600K (93%)
ptolemy.util.test.WatchDog.cancel(): canceling Mon May 14 01:06:58 UTC 2018
auto.tcl: Setting watchdog for 200 seconds at Mon May 14 01:06:58 UTC 2018
3 ms. Memory: 186880K Free: 174600K (93%)
ptolemy.util.test.WatchDog.cancel(): canceling Mon May 14 01:06:58 UTC 2018
------------------ testing $PTII/ptolemy/domains/de/test/auto/VariableDelay2.xml
auto.tcl: Setting watchdog for 200 seconds at Mon May 14 01:06:58 UTC 2018
2 ms. Memory: 186368K Free: 174496K (94%)
ptolemy.util.test.WatchDog.cancel(): canceling Mon May 14 01:06:59 UTC 2018
auto.tcl: Setting watchdog for 200 seconds at Mon May 14 01:06:59 UTC 2018
2 ms. Memory: 186368K Free: 174496K (94%)
ptolemy.util.test.WatchDog.cancel(): canceling Mon May 14 01:06:59 UTC 2018
------------------ testing $PTII/ptolemy/domains/de/test/auto/VariableDelayZeroDelay.xml
auto.tcl: Setting watchdog for 200 seconds at Mon May 14 01:06:59 UTC 2018
3 ms. Memory: 186880K Free: 176710K (95%)
ptolemy.util.test.WatchDog.cancel(): canceling Mon May 14 01:06:59 UTC 2018
auto.tcl: Setting watchdog for 200 seconds at Mon May 14 01:06:59 UTC 2018
3 ms. Memory: 186880K Free: 175015K (94%)
ptolemy.util.test.WatchDog.cancel(): canceling Mon May 14 01:06:59 UTC 2018
------------------ testing $PTII/ptolemy/domains/de/test/auto/VariableDelayZeroDelay2.xml
auto.tcl: Setting watchdog for 200 seconds at Mon May 14 01:06:59 UTC 2018
4 ms. Memory: 186368K Free: 176204K (95%)
ptolemy.util.test.WatchDog.cancel(): canceling Mon May 14 01:06:59 UTC 2018
auto.tcl: Setting watchdog for 200 seconds at Mon May 14 01:06:59 UTC 2018
3 ms. Memory: 186368K Free: 174510K (94%)
ptolemy.util.test.WatchDog.cancel(): canceling Mon May 14 01:06:59 UTC 2018
------------------ testing $PTII/ptolemy/domains/de/test/auto/deInCt.xml
auto.tcl: Setting watchdog for 200 seconds at Mon May 14 01:06:59 UTC 2018
0
1
1
1
0
0
0
1
1
1
0
0
0
1
1
1
1
1
1
0
0
0
0
1
1
1
0
0
0
1
1
0
0
1
1
1
1
24 ms. Memory: 186880K Free: 175008K (94%)
ptolemy.util.test.WatchDog.cancel(): canceling Mon May 14 01:06:59 UTC 2018
auto.tcl: Setting watchdog for 200 seconds at Mon May 14 01:06:59 UTC 2018
0
1
1
1
1
0
0
1
1
1
1
0
0
0
1
1
1
1
0
0
0
1
1
1
1
1
1
1
6 ms. Memory: 186880K Free: 173313K (93%)
ptolemy.util.test.WatchDog.cancel(): canceling Mon May 14 01:06:59 UTC 2018
------------------ testing $PTII/ptolemy/domains/de/test/auto/deInCt2.xml
auto.tcl: Setting watchdog for 200 seconds at Mon May 14 01:06:59 UTC 2018
0
1
1
1
0
0
1
1
1
0
0
1
1
1
0
0
1
1
1
0
0
1
1
1
0
0
1
1
1
0
0
1
1
1
0
0
1
1
1
0
0
0
21 ms. Memory: 186368K Free: 174512K (94%)
ptolemy.util.test.WatchDog.cancel(): canceling Mon May 14 01:06:59 UTC 2018
auto.tcl: Setting watchdog for 200 seconds at Mon May 14 01:06:59 UTC 2018
0
1
1
1
0
0
1
1
1
0
0
1
1
1
0
0
1
1
1
0
0
1
1
1
0
0
1
1
1
0
0
1
1
1
0
0
1
1
1
0
0
0
8 ms. Memory: 186368K Free: 172801K (93%)
ptolemy.util.test.WatchDog.cancel(): canceling Mon May 14 01:06:59 UTC 2018
------------------ testing $PTII/ptolemy/domains/de/test/auto/dynamicCausalityInterface1.xml
auto.tcl: Setting watchdog for 200 seconds at Mon May 14 01:06:59 UTC 2018
2 ms. Memory: 186880K Free: 170947K (91%)
ptolemy.util.test.WatchDog.cancel(): canceling Mon May 14 01:06:59 UTC 2018
auto.tcl: Setting watchdog for 200 seconds at Mon May 14 01:06:59 UTC 2018
1 ms. Memory: 186880K Free: 170947K (91%)
ptolemy.util.test.WatchDog.cancel(): canceling Mon May 14 01:06:59 UTC 2018
------------------ testing $PTII/ptolemy/domains/de/test/auto/fsm_de_test.xml
auto.tcl: Setting watchdog for 200 seconds at Mon May 14 01:06:59 UTC 2018
7 ms. Memory: 186368K Free: 171016K (92%)
ptolemy.util.test.WatchDog.cancel(): canceling Mon May 14 01:06:59 UTC 2018
auto.tcl: Setting watchdog for 200 seconds at Mon May 14 01:06:59 UTC 2018
6 ms. Memory: 186368K Free: 169305K (91%)
ptolemy.util.test.WatchDog.cancel(): canceling Mon May 14 01:06:59 UTC 2018
------------------ testing $PTII/ptolemy/domains/de/test/auto/functionDependencyReconstruction.xml
auto.tcl: Setting watchdog for 200 seconds at Mon May 14 01:06:59 UTC 2018
3 ms. Memory: 186880K Free: 162979K (87%)
ptolemy.util.test.WatchDog.cancel(): canceling Mon May 14 01:06:59 UTC 2018
auto.tcl: Setting watchdog for 200 seconds at Mon May 14 01:06:59 UTC 2018
4 ms. Memory: 186880K Free: 161269K (86%)
ptolemy.util.test.WatchDog.cancel(): canceling Mon May 14 01:06:59 UTC 2018
------------------ testing $PTII/ptolemy/domains/de/test/auto/multirate.xml
auto.tcl: Setting watchdog for 200 seconds at Mon May 14 01:06:59 UTC 2018
8 ms. Memory: 186368K Free: 172553K (93%)
ptolemy.util.test.WatchDog.cancel(): canceling Mon May 14 01:06:59 UTC 2018
auto.tcl: Setting watchdog for 200 seconds at Mon May 14 01:06:59 UTC 2018
8 ms. Memory: 186368K Free: 170856K (92%)
ptolemy.util.test.WatchDog.cancel(): canceling Mon May 14 01:06:59 UTC 2018
------------------ testing $PTII/ptolemy/domains/de/test/auto/multirate2.xml
auto.tcl: Setting watchdog for 200 seconds at Mon May 14 01:06:59 UTC 2018
4 ms. Memory: 186880K Free: 173253K (93%)
ptolemy.util.test.WatchDog.cancel(): canceling Mon May 14 01:06:59 UTC 2018
auto.tcl: Setting watchdog for 200 seconds at Mon May 14 01:06:59 UTC 2018
4 ms. Memory: 186880K Free: 173253K (93%)
ptolemy.util.test.WatchDog.cancel(): canceling Mon May 14 01:06:59 UTC 2018
------------------ testing $PTII/ptolemy/domains/de/test/auto/realtime.xml
auto.tcl: Setting watchdog for 200 seconds at Mon May 14 01:06:59 UTC 2018
10001 ms. Memory: 186368K Free: 174441K (94%)
ptolemy.util.test.WatchDog.cancel(): canceling Mon May 14 01:07:09 UTC 2018
auto.tcl: Setting watchdog for 200 seconds at Mon May 14 01:07:09 UTC 2018
10002 ms. Memory: 186368K Free: 174441K (94%)
ptolemy.util.test.WatchDog.cancel(): canceling Mon May 14 01:07:19 UTC 2018
------------------ testing $PTII/ptolemy/domains/de/test/auto/relationGroup.xml
auto.tcl: Setting watchdog for 200 seconds at Mon May 14 01:07:19 UTC 2018
2 ms. Memory: 186880K Free: 177725K (95%)
ptolemy.util.test.WatchDog.cancel(): canceling Mon May 14 01:07:19 UTC 2018
auto.tcl: Setting watchdog for 200 seconds at Mon May 14 01:07:19 UTC 2018
1 ms. Memory: 186880K Free: 177725K (95%)
ptolemy.util.test.WatchDog.cancel(): canceling Mon May 14 01:07:19 UTC 2018
------------------ testing $PTII/ptolemy/domains/de/test/auto/relationGroup2.xml
auto.tcl: Setting watchdog for 200 seconds at Mon May 14 01:07:20 UTC 2018
1 ms. Memory: 186368K Free: 176190K (95%)
ptolemy.util.test.WatchDog.cancel(): canceling Mon May 14 01:07:20 UTC 2018
auto.tcl: Setting watchdog for 200 seconds at Mon May 14 01:07:20 UTC 2018
1 ms. Memory: 186368K Free: 176190K (95%)
ptolemy.util.test.WatchDog.cancel(): canceling Mon May 14 01:07:20 UTC 2018
------------------ testing $PTII/ptolemy/domains/de/test/auto/sortWithOpaquePorts.xml
auto.tcl: Setting watchdog for 200 seconds at Mon May 14 01:07:20 UTC 2018
1 ms. Memory: 186368K Free: 174488K (94%)
ptolemy.util.test.WatchDog.cancel(): canceling Mon May 14 01:07:20 UTC 2018
auto.tcl: Setting watchdog for 200 seconds at Mon May 14 01:07:20 UTC 2018
2 ms. Memory: 186368K Free: 174488K (94%)
ptolemy.util.test.WatchDog.cancel(): canceling Mon May 14 01:07:20 UTC 2018
------------------ testing $PTII/ptolemy/domains/de/test/auto/transferInputsandOutputs.xml
auto.tcl: Setting watchdog for 200 seconds at Mon May 14 01:07:20 UTC 2018
2 ms. Memory: 186368K Free: 172781K (93%)
ptolemy.util.test.WatchDog.cancel(): canceling Mon May 14 01:07:20 UTC 2018
auto.tcl: Setting watchdog for 200 seconds at Mon May 14 01:07:20 UTC 2018
2 ms. Memory: 186368K Free: 171070K (92%)
ptolemy.util.test.WatchDog.cancel(): canceling Mon May 14 01:07:20 UTC 2018
------------------ testing $PTII/ptolemy/domains/de/test/auto/triggerType.xml
auto.tcl: Setting watchdog for 200 seconds at Mon May 14 01:07:20 UTC 2018
2 ms. Memory: 186368K Free: 176137K (95%)
ptolemy.util.test.WatchDog.cancel(): canceling Mon May 14 01:07:20 UTC 2018
auto.tcl: Setting watchdog for 200 seconds at Mon May 14 01:07:20 UTC 2018
1 ms. Memory: 186368K Free: 174427K (94%)
ptolemy.util.test.WatchDog.cancel(): canceling Mon May 14 01:07:20 UTC 2018
05/14/18 01:07:20
Failed: 0  Total Tests: 192  ((Passed: 187, Newly Passed: 1)  Known Failed: 5) /home/travis/build/icyphy/ptII/ptolemy/domains/de/test
05/14/18 01:07:20
Failed: 0  Total Tests: 192  ((Passed: 187, Newly Passed: 1)  Known Failed: 5) /home/travis/build/icyphy/ptII/ptolemy/domains/de/test
----------------- testing (KnownFailure) /home/travis/build/icyphy/ptII/ptolemy/domains/de/test/auto/knownFailedTests/DESDFClockTest.xml
2009 ms. Memory: 186368K Free: 165245K (89%)
Known Failure: java.lang.reflect.InvocationTargetException
----------------- testing (KnownFailure) /home/travis/build/icyphy/ptII/ptolemy/domains/de/test/auto/knownFailedTests/DirectFeedback.xml
1 ms. Memory: 186368K Free: 154749K (83%)
Known Failure: java.lang.reflect.InvocationTargetException
----------------- testing (KnownFailure) /home/travis/build/icyphy/ptII/ptolemy/domains/de/test/auto/knownFailedTests/FSMSource.xml
6 ms. Memory: 186368K Free: 142154K (76%)
----------------- testing (KnownFailure) /home/travis/build/icyphy/ptII/ptolemy/domains/de/test/auto/knownFailedTests/HierarchicalModel.xml
2 ms. Memory: 186368K Free: 123228K (66%)
Known Failure: java.lang.reflect.InvocationTargetException
----------------- testing (KnownFailure) /home/travis/build/icyphy/ptII/ptolemy/domains/de/test/auto/knownFailedTests/dependencyLoop.xml
2 ms. Memory: 186368K Free: 102188K (55%)
Known Failure: java.lang.reflect.InvocationTargetException
----------------- testing (KnownFailure) /home/travis/build/icyphy/ptII/ptolemy/domains/de/test/auto/knownFailedTests/dependencyLoop2.xml
4 ms. Memory: 186368K Free: 81155K (44%)
Known Failure: java.lang.reflect.InvocationTargetException
No auto/*.xml tests in /home/travis/build/icyphy/ptII/ptolemy/domains/de/test
AutoTests.java: About to close Vertx.
AutoTests.java: Vertx closed.
----------------- testing Mon May 14 01:07:22 UTC 2018 /home/travis/build/icyphy/ptII/ptolemy/domains/de/test/auto/ActorDepthCalculation_actorWithoutPorts.xml
----------------- Instantiating /home/travis/build/icyphy/ptII/ptolemy/domains/de/test/auto/ActorDepthCalculation_actorWithoutPorts.xml
1 ms. Memory: 182784K Free: 169816K (93%)
----------------- Invoking toplevel() on ptolemy.moml.MoMLSimpleApplication@36efc204
----------------- Done invoking toplevel() on ptolemy.moml.MoMLSimpleApplication@36efc204
reloadAllAccessors: .ActorDepthCalculation_actorWithoutPorts
----------------- testing Mon May 14 01:07:22 UTC 2018 /home/travis/build/icyphy/ptII/ptolemy/domains/de/test/auto/AssemblyLine.xml
----------------- Instantiating /home/travis/build/icyphy/ptII/ptolemy/domains/de/test/auto/AssemblyLine.xml
4 ms. Memory: 182784K Free: 158582K (87%)
----------------- Invoking toplevel() on ptolemy.moml.MoMLSimpleApplication@67ef71c4
----------------- Done invoking toplevel() on ptolemy.moml.MoMLSimpleApplication@67ef71c4
reloadAllAccessors: .AssemblyLine
----------------- testing Mon May 14 01:07:22 UTC 2018 /home/travis/build/icyphy/ptII/ptolemy/domains/de/test/auto/CQBug1.xml
----------------- Instantiating /home/travis/build/icyphy/ptII/ptolemy/domains/de/test/auto/CQBug1.xml
1 ms. Memory: 182784K Free: 152483K (83%)
----------------- Invoking toplevel() on ptolemy.moml.MoMLSimpleApplication@4454d6d7
----------------- Done invoking toplevel() on ptolemy.moml.MoMLSimpleApplication@4454d6d7
reloadAllAccessors: .CQBug1
----------------- testing Mon May 14 01:07:22 UTC 2018 /home/travis/build/icyphy/ptII/ptolemy/domains/de/test/auto/CancelFireAt.xml
----------------- Instantiating /home/travis/build/icyphy/ptII/ptolemy/domains/de/test/auto/CancelFireAt.xml
2 ms. Memory: 182784K Free: 147364K (81%)
----------------- Invoking toplevel() on ptolemy.moml.MoMLSimpleApplication@471ab58b
----------------- Done invoking toplevel() on ptolemy.moml.MoMLSimpleApplication@471ab58b
reloadAllAccessors: .CancelFireAt
----------------- testing Mon May 14 01:07:22 UTC 2018 /home/travis/build/icyphy/ptII/ptolemy/domains/de/test/auto/CausalityAndComposabilityAnalysis.xml
----------------- Instantiating /home/travis/build/icyphy/ptII/ptolemy/domains/de/test/auto/CausalityAndComposabilityAnalysis.xml
1 ms. Memory: 182784K Free: 141281K (77%)
----------------- Invoking toplevel() on ptolemy.moml.MoMLSimpleApplication@e4cccf7
----------------- Done invoking toplevel() on ptolemy.moml.MoMLSimpleApplication@e4cccf7
reloadAllAccessors: .CausalityAndComposabilityAnalysis
----------------- testing Mon May 14 01:07:22 UTC 2018 /home/travis/build/icyphy/ptII/ptolemy/domains/de/test/auto/CausalityInterface1.xml
----------------- Instantiating /home/travis/build/icyphy/ptII/ptolemy/domains/de/test/auto/CausalityInterface1.xml
6 ms. Memory: 182784K Free: 134118K (73%)
----------------- Invoking toplevel() on ptolemy.moml.MoMLSimpleApplication@46eb1c1d
----------------- Done invoking toplevel() on ptolemy.moml.MoMLSimpleApplication@46eb1c1d
reloadAllAccessors: .CausalityInterface1
----------------- testing Mon May 14 01:07:22 UTC 2018 /home/travis/build/icyphy/ptII/ptolemy/domains/de/test/auto/CausalityInterface15.xml
----------------- Instantiating /home/travis/build/icyphy/ptII/ptolemy/domains/de/test/auto/CausalityInterface15.xml
2 ms. Memory: 182784K Free: 126008K (69%)
----------------- Invoking toplevel() on ptolemy.moml.MoMLSimpleApplication@14eab87d
----------------- Done invoking toplevel() on ptolemy.moml.MoMLSimpleApplication@14eab87d
reloadAllAccessors: .CausalityInterface15
----------------- testing Mon May 14 01:07:22 UTC 2018 /home/travis/build/icyphy/ptII/ptolemy/domains/de/test/auto/CausalityInterface2.xml
----------------- Instantiating /home/travis/build/icyphy/ptII/ptolemy/domains/de/test/auto/CausalityInterface2.xml
1 ms. Memory: 182784K Free: 119917K (66%)
----------------- Invoking toplevel() on ptolemy.moml.MoMLSimpleApplication@57a6dfc8
----------------- Done invoking toplevel() on ptolemy.moml.MoMLSimpleApplication@57a6dfc8
reloadAllAccessors: .CausalityInterface2
----------------- testing Mon May 14 01:07:22 UTC 2018 /home/travis/build/icyphy/ptII/ptolemy/domains/de/test/auto/CausalityInterface3.xml
[...]
java.lang.RuntimeException: Execution failed
	at ptolemy.moml.MoMLSimpleApplication$UnloadThread.run(MoMLSimpleApplication.java:402)
Caused by: ptolemy.kernel.util.IllegalActionException: Test fails in iteration 1.
Value was: 1.0. Should have been: 2.0
  in .DirectFeedback.Test
	at ptolemy.actor.lib.Test.fire(Test.java:268)
	at ptolemy.domains.de.kernel.DEDirector._fire(DEDirector.java:1948)
	at ptolemy.domains.de.kernel.DEDirector.fire(DEDirector.java:502)
	at ptolemy.actor.CompositeActor.fire(CompositeActor.java:455)
	at ptolemy.actor.Manager.iterate(Manager.java:851)
	at ptolemy.actor.Manager.execute(Manager.java:369)
	at ptolemy.actor.Manager.run(Manager.java:1263)
	at ptolemy.actor.Manager$PtolemyRunThread.run(Manager.java:1915)
java.lang.RuntimeException: Execution failed
	at ptolemy.moml.MoMLSimpleApplication$UnloadThread.run(MoMLSimpleApplication.java:402)
Caused by: ptolemy.kernel.util.IllegalActionException: Actor is not ready to fire.  Perhaps UpSample.prefire() returned false? Try debugging the actor by selecting "Listen to Actor".  Also, for SDF check moml for tokenConsumptionRate on input.
  in .DESDFClockTest.Play Bell.Copy1:SDF Director and .DESDFClockTest.Play Bell.UpSample
	at ptolemy.actor.sched.StaticSchedulingDirector.fire(StaticSchedulingDirector.java:227)
	at ptolemy.domains.sdf.kernel.SDFDirector.fire(SDFDirector.java:500)
	at ptolemy.actor.CompositeActor.fire(CompositeActor.java:455)
	at ptolemy.domains.de.kernel.DEDirector._fire(DEDirector.java:1948)
	at ptolemy.domains.de.kernel.DEDirector.fire(DEDirector.java:502)
	at ptolemy.actor.CompositeActor.fire(CompositeActor.java:455)
	at ptolemy.actor.Manager.iterate(Manager.java:851)
	at ptolemy.actor.Manager.execute(Manager.java:369)
	at ptolemy.actor.Manager.run(Manager.java:1263)
	at ptolemy.actor.Manager$PtolemyRunThread.run(Manager.java:1915)
java.lang.reflect.InvocationTargetException
	at sun.reflect.NativeConstructorAccessorImpl.newInstance0(Native Method)
	at sun.reflect.NativeConstructorAccessorImpl.newInstance(NativeConstructorAccessorImpl.java:62)
	at sun.reflect.DelegatingConstructorAccessorImpl.newInstance(DelegatingConstructorAccessorImpl.java:45)
	at java.lang.reflect.Constructor.newInstance(Constructor.java:423)
	at ptolemy.util.test.junit.AutoKnownFailedTests.RunModel(AutoKnownFailedTests.java:107)
	at sun.reflect.NativeMethodAccessorImpl.invoke0(Native Method)
	at sun.reflect.NativeMethodAccessorImpl.invoke(NativeMethodAccessorImpl.java:62)
	at sun.reflect.DelegatingMethodAccessorImpl.invoke(DelegatingMethodAccessorImpl.java:43)
	at java.lang.reflect.Method.invoke(Method.java:498)
	at org.junit.runners.model.FrameworkMethod$1.runReflectiveCall(FrameworkMethod.java:44)
	at org.junit.internal.runners.model.ReflectiveCallable.run(ReflectiveCallable.java:15)
	at org.junit.runners.model.FrameworkMethod.invokeExplosively(FrameworkMethod.java:41)
	at junitparams.internal.InvokeParameterisedMethod.evaluate(InvokeParameterisedMethod.java:102)
	at org.junit.internal.runners.statements.FailOnTimeout$1.run(FailOnTimeout.java:28)
Caused by: ptolemy.kernel.util.IllegalActionException: Actor is not ready to fire.  Perhaps UpSample.prefire() returned false? Try debugging the actor by selecting "Listen to Actor".  Also, for SDF check moml for tokenConsumptionRate on input.
  in .DESDFClockTest.Play Bell.Copy1:SDF Director and .DESDFClockTest.Play Bell.UpSample
	at ptolemy.actor.sched.StaticSchedulingDirector.fire(StaticSchedulingDirector.java:227)
	at ptolemy.domains.sdf.kernel.SDFDirector.fire(SDFDirector.java:500)
	at ptolemy.actor.CompositeActor.fire(CompositeActor.java:455)
	at ptolemy.domains.de.kernel.DEDirector._fire(DEDirector.java:1948)
	at ptolemy.domains.de.kernel.DEDirector.fire(DEDirector.java:502)
	at ptolemy.actor.CompositeActor.fire(CompositeActor.java:455)
	at ptolemy.actor.Manager.iterate(Manager.java:851)
	at ptolemy.actor.Manager.execute(Manager.java:369)
	at ptolemy.actor.Manager.run(Manager.java:1263)
	at ptolemy.actor.Manager$PtolemyRunThread.run(Manager.java:1915)
java.lang.RuntimeException: Execution failed
	at ptolemy.moml.MoMLSimpleApplication$UnloadThread.run(MoMLSimpleApplication.java:402)
Caused by: ptolemy.kernel.util.IllegalActionException: Test fails in iteration 1.
Value was: 1.0. Should have been: 2.0
  in .DirectFeedback.Test
	at ptolemy.actor.lib.Test.fire(Test.java:268)
	at ptolemy.domains.de.kernel.DEDirector._fire(DEDirector.java:1948)
	at ptolemy.domains.de.kernel.DEDirector.fire(DEDirector.java:502)
	at ptolemy.actor.CompositeActor.fire(CompositeActor.java:455)
	at ptolemy.actor.Manager.iterate(Manager.java:851)
	at ptolemy.actor.Manager.execute(Manager.java:369)
	at ptolemy.actor.Manager.run(Manager.java:1263)
	at ptolemy.actor.Manager$PtolemyRunThread.run(Manager.java:1915)
java.lang.reflect.InvocationTargetException
	at sun.reflect.NativeConstructorAccessorImpl.newInstance0(Native Method)
	at sun.reflect.NativeConstructorAccessorImpl.newInstance(NativeConstructorAccessorImpl.java:62)
	at sun.reflect.DelegatingConstructorAccessorImpl.newInstance(DelegatingConstructorAccessorImpl.java:45)
	at java.lang.reflect.Constructor.newInstance(Constructor.java:423)
	at ptolemy.util.test.junit.AutoKnownFailedTests.RunModel(AutoKnownFailedTests.java:107)
	at sun.reflect.NativeMethodAccessorImpl.invoke0(Native Method)
	at sun.reflect.NativeMethodAccessorImpl.invoke(NativeMethodAccessorImpl.java:62)
	at sun.reflect.DelegatingMethodAccessorImpl.invoke(DelegatingMethodAccessorImpl.java:43)
	at java.lang.reflect.Method.invoke(Method.java:498)
	at org.junit.runners.model.FrameworkMethod$1.runReflectiveCall(FrameworkMethod.java:44)
	at org.junit.internal.runners.model.ReflectiveCallable.run(ReflectiveCallable.java:15)
	at org.junit.runners.model.FrameworkMethod.invokeExplosively(FrameworkMethod.java:41)
	at junitparams.internal.InvokeParameterisedMethod.evaluate(InvokeParameterisedMethod.java:102)
	at org.junit.internal.runners.statements.FailOnTimeout$1.run(FailOnTimeout.java:28)
Caused by: ptolemy.kernel.util.IllegalActionException: Test fails in iteration 1.
Value was: 1.0. Should have been: 2.0
  in .DirectFeedback.Test
	at ptolemy.actor.lib.Test.fire(Test.java:268)
	at ptolemy.domains.de.kernel.DEDirector._fire(DEDirector.java:1948)
	at ptolemy.domains.de.kernel.DEDirector.fire(DEDirector.java:502)
	at ptolemy.actor.CompositeActor.fire(CompositeActor.java:455)
	at ptolemy.actor.Manager.iterate(Manager.java:851)
	at ptolemy.actor.Manager.execute(Manager.java:369)
	at ptolemy.actor.Manager.run(Manager.java:1263)
	at ptolemy.actor.Manager$PtolemyRunThread.run(Manager.java:1915)
java.lang.RuntimeException: Execution failed
	at ptolemy.moml.MoMLSimpleApplication$UnloadThread.run(MoMLSimpleApplication.java:402)
Caused by: ptolemy.kernel.util.IllegalActionException: Found a zero delay loop containing .HierarchicalModel.A
  in .HierarchicalModel and .HierarchicalModel.A
	at ptolemy.actor.util.CausalityInterfaceForComposites._computeOutputPortDepth(CausalityInterfaceForComposites.java:759)
	at ptolemy.actor.util.CausalityInterfaceForComposites._computeInputDepth(CausalityInterfaceForComposites.java:696)
	at ptolemy.actor.util.CausalityInterfaceForComposites._computeOutputPortDepth(CausalityInterfaceForComposites.java:765)
	at ptolemy.actor.util.CausalityInterfaceForComposites._computeInputDepth(CausalityInterfaceForComposites.java:696)
	at ptolemy.actor.util.CausalityInterfaceForComposites._computeOutputPortDepth(CausalityInterfaceForComposites.java:765)
	at ptolemy.actor.util.CausalityInterfaceForComposites._computeInputDepth(CausalityInterfaceForComposites.java:696)
	at ptolemy.actor.util.CausalityInterfaceForComposites._computeActorDepth(CausalityInterfaceForComposites.java:532)
	at ptolemy.actor.util.CausalityInterfaceForComposites.checkForCycles(CausalityInterfaceForComposites.java:96)
	at ptolemy.domains.de.kernel.DEDirector.preinitialize(DEDirector.java:1337)
	at ptolemy.actor.CompositeActor.preinitialize(CompositeActor.java:1828)
	at ptolemy.actor.Manager.preinitializeAndResolveTypes(Manager.java:1040)
	at ptolemy.actor.Manager.initialize(Manager.java:710)
	at ptolemy.actor.Manager.execute(Manager.java:356)
	at ptolemy.actor.Manager.run(Manager.java:1263)
	at ptolemy.actor.Manager$PtolemyRunThread.run(Manager.java:1915)
java.lang.reflect.InvocationTargetException
	at sun.reflect.NativeConstructorAccessorImpl.newInstance0(Native Method)
	at sun.reflect.NativeConstructorAccessorImpl.newInstance(NativeConstructorAccessorImpl.java:62)
	at sun.reflect.DelegatingConstructorAccessorImpl.newInstance(DelegatingConstructorAccessorImpl.java:45)
	at java.lang.reflect.Constructor.newInstance(Constructor.java:423)
	at ptolemy.util.test.junit.AutoKnownFailedTests.RunModel(AutoKnownFailedTests.java:107)
	at sun.reflect.NativeMethodAccessorImpl.invoke0(Native Method)
	at sun.reflect.NativeMethodAccessorImpl.invoke(NativeMethodAccessorImpl.java:62)
	at sun.reflect.DelegatingMethodAccessorImpl.invoke(DelegatingMethodAccessorImpl.java:43)
	at java.lang.reflect.Method.invoke(Method.java:498)
	at org.junit.runners.model.FrameworkMethod$1.runReflectiveCall(FrameworkMethod.java:44)
	at org.junit.internal.runners.model.ReflectiveCallable.run(ReflectiveCallable.java:15)
	at org.junit.runners.model.FrameworkMethod.invokeExplosively(FrameworkMethod.java:41)
	at junitparams.internal.InvokeParameterisedMethod.evaluate(InvokeParameterisedMethod.java:102)
	at org.junit.internal.runners.statements.FailOnTimeout$1.run(FailOnTimeout.java:28)
Caused by: ptolemy.kernel.util.IllegalActionException: Found a zero delay loop containing .HierarchicalModel.A
  in .HierarchicalModel and .HierarchicalModel.A
	at ptolemy.actor.util.CausalityInterfaceForComposites._computeOutputPortDepth(CausalityInterfaceForComposites.java:759)
	at ptolemy.actor.util.CausalityInterfaceForComposites._computeInputDepth(CausalityInterfaceForComposites.java:696)
	at ptolemy.actor.util.CausalityInterfaceForComposites._computeOutputPortDepth(CausalityInterfaceForComposites.java:765)
	at ptolemy.actor.util.CausalityInterfaceForComposites._computeInputDepth(CausalityInterfaceForComposites.java:696)
	at ptolemy.actor.util.CausalityInterfaceForComposites._computeOutputPortDepth(CausalityInterfaceForComposites.java:765)
	at ptolemy.actor.util.CausalityInterfaceForComposites._computeInputDepth(CausalityInterfaceForComposites.java:696)
	at ptolemy.actor.util.CausalityInterfaceForComposites._computeActorDepth(CausalityInterfaceForComposites.java:532)
	at ptolemy.actor.util.CausalityInterfaceForComposites.checkForCycles(CausalityInterfaceForComposites.java:96)
	at ptolemy.domains.de.kernel.DEDirector.preinitialize(DEDirector.java:1337)
	at ptolemy.actor.CompositeActor.preinitialize(CompositeActor.java:1828)
	at ptolemy.actor.Manager.preinitializeAndResolveTypes(Manager.java:1040)
	at ptolemy.actor.Manager.initialize(Manager.java:710)
	at ptolemy.actor.Manager.execute(Manager.java:356)
	at ptolemy.actor.Manager.run(Manager.java:1263)
	at ptolemy.actor.Manager$PtolemyRunThread.run(Manager.java:1915)
java.lang.RuntimeException: Execution failed
	at ptolemy.moml.MoMLSimpleApplication$UnloadThread.run(MoMLSimpleApplication.java:402)
Caused by: ptolemy.kernel.util.IllegalActionException: Found a zero delay loop containing .dependencyLoop.original
  in .dependencyLoop and .dependencyLoop.original
	at ptolemy.actor.util.CausalityInterfaceForComposites._computeOutputPortDepth(CausalityInterfaceForComposites.java:759)
	at ptolemy.actor.util.CausalityInterfaceForComposites._computeInputDepth(CausalityInterfaceForComposites.java:696)
	at ptolemy.actor.util.CausalityInterfaceForComposites._computeOutputPortDepth(CausalityInterfaceForComposites.java:765)
	at ptolemy.actor.util.CausalityInterfaceForComposites._computeInputDepth(CausalityInterfaceForComposites.java:696)
	at ptolemy.actor.util.CausalityInterfaceForComposites._computeOutputPortDepth(CausalityInterfaceForComposites.java:765)
	at ptolemy.actor.util.CausalityInterfaceForComposites._computeInputDepth(CausalityInterfaceForComposites.java:696)
	at ptolemy.actor.util.CausalityInterfaceForComposites._computeActorDepth(CausalityInterfaceForComposites.java:532)
	at ptolemy.actor.util.CausalityInterfaceForComposites.checkForCycles(CausalityInterfaceForComposites.java:96)
	at ptolemy.domains.de.kernel.DEDirector.preinitialize(DEDirector.java:1337)
	at ptolemy.actor.CompositeActor.preinitialize(CompositeActor.java:1828)
	at ptolemy.actor.Manager.preinitializeAndResolveTypes(Manager.java:1040)
	at ptolemy.actor.Manager.initialize(Manager.java:710)
	at ptolemy.actor.Manager.execute(Manager.java:356)
	at ptolemy.actor.Manager.run(Manager.java:1263)
	at ptolemy.actor.Manager$PtolemyRunThread.run(Manager.java:1915)
java.lang.reflect.InvocationTargetException
	at sun.reflect.NativeConstructorAccessorImpl.newInstance0(Native Method)
	at sun.reflect.NativeConstructorAccessorImpl.newInstance(NativeConstructorAccessorImpl.java:62)
	at sun.reflect.DelegatingConstructorAccessorImpl.newInstance(DelegatingConstructorAccessorImpl.java:45)
	at java.lang.reflect.Constructor.newInstance(Constructor.java:423)
	at ptolemy.util.test.junit.AutoKnownFailedTests.RunModel(AutoKnownFailedTests.java:107)
	at sun.reflect.NativeMethodAccessorImpl.invoke0(Native Method)
	at sun.reflect.NativeMethodAccessorImpl.invoke(NativeMethodAccessorImpl.java:62)
	at sun.reflect.DelegatingMethodAccessorImpl.invoke(DelegatingMethodAccessorImpl.java:43)
	at java.lang.reflect.Method.invoke(Method.java:498)
	at org.junit.runners.model.FrameworkMethod$1.runReflectiveCall(FrameworkMethod.java:44)
	at org.junit.internal.runners.model.ReflectiveCallable.run(ReflectiveCallable.java:15)
	at org.junit.runners.model.FrameworkMethod.invokeExplosively(FrameworkMethod.java:41)
	at junitparams.internal.InvokeParameterisedMethod.evaluate(InvokeParameterisedMethod.java:102)
	at org.junit.internal.runners.statements.FailOnTimeout$1.run(FailOnTimeout.java:28)
Caused by: ptolemy.kernel.util.IllegalActionException: Found a zero delay loop containing .dependencyLoop.original
  in .dependencyLoop and .dependencyLoop.original
	at ptolemy.actor.util.CausalityInterfaceForComposites._computeOutputPortDepth(CausalityInterfaceForComposites.java:759)
	at ptolemy.actor.util.CausalityInterfaceForComposites._computeInputDepth(CausalityInterfaceForComposites.java:696)
	at ptolemy.actor.util.CausalityInterfaceForComposites._computeOutputPortDepth(CausalityInterfaceForComposites.java:765)
	at ptolemy.actor.util.CausalityInterfaceForComposites._computeInputDepth(CausalityInterfaceForComposites.java:696)
	at ptolemy.actor.util.CausalityInterfaceForComposites._computeOutputPortDepth(CausalityInterfaceForComposites.java:765)
	at ptolemy.actor.util.CausalityInterfaceForComposites._computeInputDepth(CausalityInterfaceForComposites.java:696)
	at ptolemy.actor.util.CausalityInterfaceForComposites._computeActorDepth(CausalityInterfaceForComposites.java:532)
	at ptolemy.actor.util.CausalityInterfaceForComposites.checkForCycles(CausalityInterfaceForComposites.java:96)
	at ptolemy.domains.de.kernel.DEDirector.preinitialize(DEDirector.java:1337)
	at ptolemy.actor.CompositeActor.preinitialize(CompositeActor.java:1828)
	at ptolemy.actor.Manager.preinitializeAndResolveTypes(Manager.java:1040)
	at ptolemy.actor.Manager.initialize(Manager.java:710)
	at ptolemy.actor.Manager.execute(Manager.java:356)
	at ptolemy.actor.Manager.run(Manager.java:1263)
	at ptolemy.actor.Manager$PtolemyRunThread.run(Manager.java:1915)
java.lang.RuntimeException: Execution failed
	at ptolemy.moml.MoMLSimpleApplication$UnloadThread.run(MoMLSimpleApplication.java:402)
Caused by: ptolemy.kernel.util.IllegalActionException: Found a zero delay loop containing .dependencyLoop2.original
  in .dependencyLoop2 and .dependencyLoop2.original
	at ptolemy.actor.util.CausalityInterfaceForComposites._computeOutputPortDepth(CausalityInterfaceForComposites.java:759)
	at ptolemy.actor.util.CausalityInterfaceForComposites._computeInputDepth(CausalityInterfaceForComposites.java:696)
	at ptolemy.actor.util.CausalityInterfaceForComposites._computeOutputPortDepth(CausalityInterfaceForComposites.java:765)
	at ptolemy.actor.util.CausalityInterfaceForComposites._computeInputDepth(CausalityInterfaceForComposites.java:696)
	at ptolemy.actor.util.CausalityInterfaceForComposites._computeOutputPortDepth(CausalityInterfaceForComposites.java:765)
	at ptolemy.actor.util.CausalityInterfaceForComposites._computeInputDepth(CausalityInterfaceForComposites.java:696)
	at ptolemy.actor.util.CausalityInterfaceForComposites._computeActorDepth(CausalityInterfaceForComposites.java:532)
	at ptolemy.actor.util.CausalityInterfaceForComposites.checkForCycles(CausalityInterfaceForComposites.java:96)
	at ptolemy.domains.de.kernel.DEDirector.preinitialize(DEDirector.java:1337)
	at ptolemy.actor.CompositeActor.preinitialize(CompositeActor.java:1828)
	at ptolemy.actor.Manager.preinitializeAndResolveTypes(Manager.java:1040)
	at ptolemy.actor.Manager.initialize(Manager.java:710)
	at ptolemy.actor.Manager.execute(Manager.java:356)
	at ptolemy.actor.Manager.run(Manager.java:1263)
	at ptolemy.actor.Manager$PtolemyRunThread.run(Manager.java:1915)
java.lang.reflect.InvocationTargetException
	at sun.reflect.NativeConstructorAccessorImpl.newInstance0(Native Method)
	at sun.reflect.NativeConstructorAccessorImpl.newInstance(NativeConstructorAccessorImpl.java:62)
	at sun.reflect.DelegatingConstructorAccessorImpl.newInstance(DelegatingConstructorAccessorImpl.java:45)
	at java.lang.reflect.Constructor.newInstance(Constructor.java:423)
	at ptolemy.util.test.junit.AutoKnownFailedTests.RunModel(AutoKnownFailedTests.java:107)
	at sun.reflect.NativeMethodAccessorImpl.invoke0(Native Method)
	at sun.reflect.NativeMethodAccessorImpl.invoke(NativeMethodAccessorImpl.java:62)
	at sun.reflect.DelegatingMethodAccessorImpl.invoke(DelegatingMethodAccessorImpl.java:43)
	at java.lang.reflect.Method.invoke(Method.java:498)
	at org.junit.runners.model.FrameworkMethod$1.runReflectiveCall(FrameworkMethod.java:44)
	at org.junit.internal.runners.model.ReflectiveCallable.run(ReflectiveCallable.java:15)
	at org.junit.runners.model.FrameworkMethod.invokeExplosively(FrameworkMethod.java:41)
	at junitparams.internal.InvokeParameterisedMethod.evaluate(InvokeParameterisedMethod.java:102)
	at org.junit.internal.runners.statements.FailOnTimeout$1.run(FailOnTimeout.java:28)
Caused by: ptolemy.kernel.util.IllegalActionException: Found a zero delay loop containing .dependencyLoop2.original
  in .dependencyLoop2 and .dependencyLoop2.original
	at ptolemy.actor.util.CausalityInterfaceForComposites._computeOutputPortDepth(CausalityInterfaceForComposites.java:759)
	at ptolemy.actor.util.CausalityInterfaceForComposites._computeInputDepth(CausalityInterfaceForComposites.java:696)
	at ptolemy.actor.util.CausalityInterfaceForComposites._computeOutputPortDepth(CausalityInterfaceForComposites.java:765)
	at ptolemy.actor.util.CausalityInterfaceForComposites._computeInputDepth(CausalityInterfaceForComposites.java:696)
	at ptolemy.actor.util.CausalityInterfaceForComposites._computeOutputPortDepth(CausalityInterfaceForComposites.java:765)
	at ptolemy.actor.util.CausalityInterfaceForComposites._computeInputDepth(CausalityInterfaceForComposites.java:696)
	at ptolemy.actor.util.CausalityInterfaceForComposites._computeActorDepth(CausalityInterfaceForComposites.java:532)
	at ptolemy.actor.util.CausalityInterfaceForComposites.checkForCycles(CausalityInterfaceForComposites.java:96)
	at ptolemy.domains.de.kernel.DEDirector.preinitialize(DEDirector.java:1337)
	at ptolemy.actor.CompositeActor.preinitialize(CompositeActor.java:1828)
	at ptolemy.actor.Manager.preinitializeAndResolveTypes(Manager.java:1040)
	at ptolemy.actor.Manager.initialize(Manager.java:710)
	at ptolemy.actor.Manager.execute(Manager.java:356)
	at ptolemy.actor.Manager.run(Manager.java:1263)
	at ptolemy.actor.Manager$PtolemyRunThread.run(Manager.java:1915)
]]></system-err>
</testsuite>
