<?xml version="1.0" encoding="UTF-8" ?>
<testsuite errors="8" failures="0" hostname="travis-job-2a111087-c2c5-4beb-bc9e-205c9c66de54" name="ptolemy.actor.lib.jjs.modules.socket.test.junit.JUnitTclTest" skipped="0" tests="30" time="1748.945" timestamp="2018-04-29T20:32:43">
  <properties>
[...]
</properties>
  <testcase classname="ptolemy.util.test.junit.TclTests" name="[0] ThereAreNoTclTests (RunTclFile)" time="0.002" />
  <testcase classname="ptolemy.util.test.junit.AutoKnownFailedTests" name="[0] /home/travis/build/icyphy/ptII/ptolemy/actor/lib/jjs/modules/socket/test/auto/knownFailedTests/SocketLong.xml (RunModel)" time="12.981" />
  <testcase classname="ptolemy.util.test.junit.AutoKnownFailedTests" name="[1] /home/travis/build/icyphy/ptII/ptolemy/actor/lib/jjs/modules/socket/test/auto/knownFailedTests/SocketUnsignedInt.xml (RunModel)" time="7.913" />
  <testcase classname="ptolemy.util.test.junit.AutoNameArchTests" name="[0] ThereAreNoAutoTests (RunModel)" time="0.0" />
  <testcase classname="ptolemy.util.test.junit.AutoTests" name="[0] /home/travis/build/icyphy/ptII/ptolemy/actor/lib/jjs/modules/socket/test/auto/Message1.xml (RunModel)" time="30.543" />
  <testcase classname="ptolemy.util.test.junit.AutoTests" name="[1] /home/travis/build/icyphy/ptII/ptolemy/actor/lib/jjs/modules/socket/test/auto/Message2.xml (RunModel)" time="153.711">
    <error type="java.lang.reflect.InvocationTargetException">java.lang.reflect.InvocationTargetException
	at java.lang.reflect.Constructor.newInstance(Constructor.java:423)
	at ptolemy.util.test.junit.AutoTests.RunModel(AutoTests.java:160)
	at junitparams.internal.InvokeParameterisedMethod.evaluate(InvokeParameterisedMethod.java:102)
Caused by: ptolemy.kernel.util.IllegalActionException: Exceptions occurred during wrapup:
ptolemy.kernel.util.IllegalActionException: Failure executing the wrapup function: Error: TrainableTest: The input handler of this accessor was never invoked. Usually, this is an error indicating that starvation is occurring. in &lt;function&gt; at line number 393 at column number 16
  in .Message2.TrainableTest
Because:
Error: TrainableTest: The input handler of this accessor was never invoked. Usually, this is an error indicating that starvation is occurring. in &lt;function&gt; at line number 393 at column number 16
ptolemy.kernel.util.IllegalActionException: Failure executing the wrapup function: Error: TrainableTest2: The input handler of this accessor was never invoked. Usually, this is an error indicating that starvation is occurring. in &lt;function&gt; at line number 393 at column number 16
  in .Message2.TrainableTest2
Because:
Error: TrainableTest2: The input handler of this accessor was never invoked. Usually, this is an error indicating that starvation is occurring. in &lt;function&gt; at line number 393 at column number 16

  in .Message2.DE Director
Because:
Failure executing the wrapup function: Error: TrainableTest: The input handler of this accessor was never invoked. Usually, this is an error indicating that starvation is occurring. in &lt;function&gt; at line number 393 at column number 16
  in .Message2.TrainableTest
Because:
Error: TrainableTest: The input handler of this accessor was never invoked. Usually, this is an error indicating that starvation is occurring. in &lt;function&gt; at line number 393 at column number 16
	at ptolemy.actor.Director.wrapup(Director.java:1736)
	at ptolemy.domains.de.kernel.DEDirector.wrapup(DEDirector.java:1526)
	at ptolemy.actor.CompositeActor.wrapup(CompositeActor.java:2735)
	at ptolemy.actor.Manager.wrapup(Manager.java:1512)
	at ptolemy.actor.Manager.execute(Manager.java:407)
	at ptolemy.actor.Manager.run(Manager.java:1263)
	at ptolemy.actor.Manager$PtolemyRunThread.run(Manager.java:1915)
Caused by: ptolemy.kernel.util.IllegalActionException: Failure executing the wrapup function: Error: TrainableTest: The input handler of this accessor was never invoked. Usually, this is an error indicating that starvation is occurring. in &lt;function&gt; at line number 393 at column number 16
  in .Message2.TrainableTest
Because:
Error: TrainableTest: The input handler of this accessor was never invoked. Usually, this is an error indicating that starvation is occurring. in &lt;function&gt; at line number 393 at column number 16
	at ptolemy.actor.lib.jjs.JavaScript._invokeMethodInContext(JavaScript.java:2216)
	at ptolemy.actor.lib.jjs.JavaScript.wrapup(JavaScript.java:2111)
	at ptolemy.actor.Director.wrapup(Director.java:1722)
Caused by: javax.script.ScriptException: Error: TrainableTest: The input handler of this accessor was never invoked. Usually, this is an error indicating that starvation is occurring. in &lt;function&gt; at line number 393 at column number 16
	at jdk.nashorn.api.scripting.NashornScriptEngine.throwAsScriptException(NashornScriptEngine.java:470)
	at jdk.nashorn.api.scripting.NashornScriptEngine.invokeImpl(NashornScriptEngine.java:392)
	at jdk.nashorn.api.scripting.NashornScriptEngine.invokeMethod(NashornScriptEngine.java:199)
	at ptolemy.actor.lib.jjs.JavaScript._invokeMethodInContext(JavaScript.java:2193)
Caused by: &lt;function&gt;:393:16 Error: TrainableTest: The input handler of this accessor was never invoked. Usually, this is an error indicating that starvation is occurring.
	at jdk.nashorn.internal.objects.NativeError.initException(NativeError.java:137)
	at jdk.nashorn.internal.objects.NativeError.&lt;init&gt;(NativeError.java:102)
	at jdk.nashorn.internal.objects.NativeError.&lt;init&gt;(NativeError.java:106)
	at jdk.nashorn.internal.objects.NativeError.&lt;init&gt;(NativeError.java:110)
	at jdk.nashorn.internal.objects.NativeError.constructor(NativeError.java:129)
	at jdk.nashorn.internal.scripts.Script$Recompilation$4969$18508$\^function\_.L:1#wrapup(&lt;function&gt;:393)
	at jdk.nashorn.internal.scripts.Script$Recompilation$4967$30328$require.L:1#Accessor#wrapup(/home/travis/build/icyphy/ptII/ptolemy/actor/lib/jjs/external/require.js#401:30&lt;eval&gt;:673)
	at jdk.nashorn.internal.runtime.ScriptFunctionData.invoke(ScriptFunctionData.java:637)
	at jdk.nashorn.internal.runtime.ScriptFunction.invoke(ScriptFunction.java:494)
	at jdk.nashorn.internal.runtime.ScriptRuntime.apply(ScriptRuntime.java:393)
	at jdk.nashorn.api.scripting.ScriptObjectMirror.callMember(ScriptObjectMirror.java:199)
	at jdk.nashorn.api.scripting.NashornScriptEngine.invokeImpl(NashornScriptEngine.java:386)
</error>
  </testcase>
  <testcase classname="ptolemy.util.test.junit.AutoTests" name="[2] /home/travis/build/icyphy/ptII/ptolemy/actor/lib/jjs/modules/socket/test/auto/Message3.xml (RunModel)" time="153.236">
    <error type="java.lang.reflect.InvocationTargetException">java.lang.reflect.InvocationTargetException
	at java.lang.reflect.Constructor.newInstance(Constructor.java:423)
	at ptolemy.util.test.junit.AutoTests.RunModel(AutoTests.java:160)
	at junitparams.internal.InvokeParameterisedMethod.evaluate(InvokeParameterisedMethod.java:102)
Caused by: ptolemy.kernel.util.IllegalActionException: Exceptions occurred during wrapup:
ptolemy.kernel.util.IllegalActionException: Failure executing the wrapup function: Error: TrainableTest: The input handler of this accessor was never invoked. Usually, this is an error indicating that starvation is occurring. in &lt;function&gt; at line number 393 at column number 16
  in .Message3.TrainableTest
Because:
Error: TrainableTest: The input handler of this accessor was never invoked. Usually, this is an error indicating that starvation is occurring. in &lt;function&gt; at line number 393 at column number 16
ptolemy.kernel.util.IllegalActionException: Failure executing the wrapup function: Error: TrainableTest2: The input handler of this accessor was never invoked. Usually, this is an error indicating that starvation is occurring. in &lt;function&gt; at line number 393 at column number 16
  in .Message3.TrainableTest2
Because:
Error: TrainableTest2: The input handler of this accessor was never invoked. Usually, this is an error indicating that starvation is occurring. in &lt;function&gt; at line number 393 at column number 16

  in .Message3.DE Director
Because:
Failure executing the wrapup function: Error: TrainableTest: The input handler of this accessor was never invoked. Usually, this is an error indicating that starvation is occurring. in &lt;function&gt; at line number 393 at column number 16
  in .Message3.TrainableTest
Because:
Error: TrainableTest: The input handler of this accessor was never invoked. Usually, this is an error indicating that starvation is occurring. in &lt;function&gt; at line number 393 at column number 16
	at ptolemy.actor.Director.wrapup(Director.java:1736)
	at ptolemy.domains.de.kernel.DEDirector.wrapup(DEDirector.java:1526)
	at ptolemy.actor.CompositeActor.wrapup(CompositeActor.java:2735)
	at ptolemy.actor.Manager.wrapup(Manager.java:1512)
	at ptolemy.actor.Manager.execute(Manager.java:407)
	at ptolemy.actor.Manager.run(Manager.java:1263)
	at ptolemy.actor.Manager$PtolemyRunThread.run(Manager.java:1915)
Caused by: ptolemy.kernel.util.IllegalActionException: Failure executing the wrapup function: Error: TrainableTest: The input handler of this accessor was never invoked. Usually, this is an error indicating that starvation is occurring. in &lt;function&gt; at line number 393 at column number 16
  in .Message3.TrainableTest
Because:
Error: TrainableTest: The input handler of this accessor was never invoked. Usually, this is an error indicating that starvation is occurring. in &lt;function&gt; at line number 393 at column number 16
	at ptolemy.actor.lib.jjs.JavaScript._invokeMethodInContext(JavaScript.java:2216)
	at ptolemy.actor.lib.jjs.JavaScript.wrapup(JavaScript.java:2111)
	at ptolemy.actor.Director.wrapup(Director.java:1722)
Caused by: javax.script.ScriptException: Error: TrainableTest: The input handler of this accessor was never invoked. Usually, this is an error indicating that starvation is occurring. in &lt;function&gt; at line number 393 at column number 16
	at jdk.nashorn.api.scripting.NashornScriptEngine.throwAsScriptException(NashornScriptEngine.java:470)
	at jdk.nashorn.api.scripting.NashornScriptEngine.invokeImpl(NashornScriptEngine.java:392)
	at jdk.nashorn.api.scripting.NashornScriptEngine.invokeMethod(NashornScriptEngine.java:199)
	at ptolemy.actor.lib.jjs.JavaScript._invokeMethodInContext(JavaScript.java:2193)
Caused by: &lt;function&gt;:393:16 Error: TrainableTest: The input handler of this accessor was never invoked. Usually, this is an error indicating that starvation is occurring.
	at jdk.nashorn.internal.objects.NativeError.initException(NativeError.java:137)
	at jdk.nashorn.internal.objects.NativeError.&lt;init&gt;(NativeError.java:102)
	at jdk.nashorn.internal.objects.NativeError.&lt;init&gt;(NativeError.java:106)
	at jdk.nashorn.internal.objects.NativeError.&lt;init&gt;(NativeError.java:110)
	at jdk.nashorn.internal.objects.NativeError.constructor(NativeError.java:129)
	at jdk.nashorn.internal.scripts.Script$Recompilation$7004$18508$\^function\_.L:1#wrapup(&lt;function&gt;:393)
	at jdk.nashorn.internal.scripts.Script$Recompilation$7002$30328$require.L:1#Accessor#wrapup(/home/travis/build/icyphy/ptII/ptolemy/actor/lib/jjs/external/require.js#401:30&lt;eval&gt;:673)
	at jdk.nashorn.internal.runtime.ScriptFunctionData.invoke(ScriptFunctionData.java:637)
	at jdk.nashorn.internal.runtime.ScriptFunction.invoke(ScriptFunction.java:494)
	at jdk.nashorn.internal.runtime.ScriptRuntime.apply(ScriptRuntime.java:393)
	at jdk.nashorn.api.scripting.ScriptObjectMirror.callMember(ScriptObjectMirror.java:199)
	at jdk.nashorn.api.scripting.NashornScriptEngine.invokeImpl(NashornScriptEngine.java:386)
</error>
  </testcase>
  <testcase classname="ptolemy.util.test.junit.AutoTests" name="[3] /home/travis/build/icyphy/ptII/ptolemy/actor/lib/jjs/modules/socket/test/auto/Message4.xml (RunModel)" time="64.775" />
  <testcase classname="ptolemy.util.test.junit.AutoTests" name="[4] /home/travis/build/icyphy/ptII/ptolemy/actor/lib/jjs/modules/socket/test/auto/Socket1.xml (RunModel)" time="55.619" />
  <testcase classname="ptolemy.util.test.junit.AutoTests" name="[5] /home/travis/build/icyphy/ptII/ptolemy/actor/lib/jjs/modules/socket/test/auto/Socket2.xml (RunModel)" time="30.604" />
  <testcase classname="ptolemy.util.test.junit.AutoTests" name="[6] /home/travis/build/icyphy/ptII/ptolemy/actor/lib/jjs/modules/socket/test/auto/Socket3.xml (RunModel)" time="30.085">
    <error type="java.lang.reflect.InvocationTargetException">java.lang.reflect.InvocationTargetException
	at java.lang.reflect.Constructor.newInstance(Constructor.java:423)
	at ptolemy.util.test.junit.AutoTests.RunModel(AutoTests.java:160)
	at junitparams.internal.InvokeParameterisedMethod.evaluate(InvokeParameterisedMethod.java:102)
Caused by: ptolemy.kernel.util.IllegalActionException: Test fails in iteration 0.
Value was: &quot;aaa&quot;. Should have been: &quot;aa&quot;
  in .Socket3.Test
	at ptolemy.actor.lib.Test.fire(Test.java:268)
	at ptolemy.domains.de.kernel.DEDirector._fire(DEDirector.java:1948)
	at ptolemy.domains.de.kernel.DEDirector.fire(DEDirector.java:502)
	at ptolemy.actor.CompositeActor.fire(CompositeActor.java:455)
	at ptolemy.actor.Manager.iterate(Manager.java:851)
	at ptolemy.actor.Manager.execute(Manager.java:369)
	at ptolemy.actor.Manager.run(Manager.java:1263)
	at ptolemy.actor.Manager$PtolemyRunThread.run(Manager.java:1915)
</error>
  </testcase>
  <testcase classname="ptolemy.util.test.junit.AutoTests" name="[7] /home/travis/build/icyphy/ptII/ptolemy/actor/lib/jjs/modules/socket/test/auto/SocketByte.xml (RunModel)" time="40.207">
    <error type="java.lang.reflect.InvocationTargetException">java.lang.reflect.InvocationTargetException
	at java.lang.reflect.Constructor.newInstance(Constructor.java:423)
	at ptolemy.util.test.junit.AutoTests.RunModel(AutoTests.java:160)
	at junitparams.internal.InvokeParameterisedMethod.evaluate(InvokeParameterisedMethod.java:102)
Caused by: java.lang.RuntimeException: ptolemy.kernel.util.IllegalActionException: Failed to connect: 
Connection refused: localhost/127.0.0.1:4011
Connection refused
  in .SocketByte.Client
Because:
Connection refused: localhost/127.0.0.1:4011
	at ptolemy.util.MessageHandler.error(MessageHandler.java:115)
	at ptolemy.actor.lib.jjs.JavaScript.error(JavaScript.java:857)
	at ptolemy.actor.lib.jjs.HelperBase$2.run(HelperBase.java:213)
	at ptolemy.actor.lib.jjs.JavaScript.fire(JavaScript.java:1050)
	at ptolemy.domains.de.kernel.DEDirector._fire(DEDirector.java:1948)
	at ptolemy.domains.de.kernel.DEDirector.fire(DEDirector.java:502)
	at ptolemy.actor.CompositeActor.fire(CompositeActor.java:455)
	at ptolemy.actor.Manager.iterate(Manager.java:851)
	at ptolemy.actor.Manager.execute(Manager.java:369)
	at ptolemy.actor.Manager.run(Manager.java:1263)
	at ptolemy.actor.Manager$PtolemyRunThread.run(Manager.java:1915)
Caused by: ptolemy.kernel.util.IllegalActionException: Failed to connect: 
Connection refused: localhost/127.0.0.1:4011
Connection refused
  in .SocketByte.Client
Because:
Connection refused: localhost/127.0.0.1:4011
Caused by: io.netty.channel.AbstractChannel$AnnotatedConnectException: Connection refused: localhost/127.0.0.1:4011
	at sun.nio.ch.SocketChannelImpl.checkConnect(Native Method)
	at sun.nio.ch.SocketChannelImpl.finishConnect(SocketChannelImpl.java:717)
	at io.netty.channel.socket.nio.NioSocketChannel.doFinishConnect(NioSocketChannel.java:325)
	at io.netty.channel.nio.AbstractNioChannel$AbstractNioUnsafe.finishConnect(AbstractNioChannel.java:340)
	at io.netty.channel.nio.NioEventLoop.processSelectedKey(NioEventLoop.java:633)
	at io.netty.channel.nio.NioEventLoop.processSelectedKeysOptimized(NioEventLoop.java:580)
	at io.netty.channel.nio.NioEventLoop.processSelectedKeys(NioEventLoop.java:497)
	at io.netty.channel.nio.NioEventLoop.run(NioEventLoop.java:459)
	at io.netty.util.concurrent.SingleThreadEventExecutor$5.run(SingleThreadEventExecutor.java:886)
	at io.netty.util.concurrent.FastThreadLocalRunnable.run(FastThreadLocalRunnable.java:30)
	at java.lang.Thread.run(Thread.java:748)
Caused by: java.net.ConnectException: Connection refused
</error>
  </testcase>
  <testcase classname="ptolemy.util.test.junit.AutoTests" name="[8] /home/travis/build/icyphy/ptII/ptolemy/actor/lib/jjs/modules/socket/test/auto/SocketDouble.xml (RunModel)" time="59.947" />
  <testcase classname="ptolemy.util.test.junit.AutoTests" name="[9] /home/travis/build/icyphy/ptII/ptolemy/actor/lib/jjs/modules/socket/test/auto/SocketDoubleArray.xml (RunModel)" time="39.353">
    <error type="java.lang.reflect.InvocationTargetException">java.lang.reflect.InvocationTargetException
	at java.lang.reflect.Constructor.newInstance(Constructor.java:423)
	at ptolemy.util.test.junit.AutoTests.RunModel(AutoTests.java:160)
	at junitparams.internal.InvokeParameterisedMethod.evaluate(InvokeParameterisedMethod.java:102)
Caused by: java.lang.RuntimeException: ptolemy.kernel.util.IllegalActionException: Failed to connect: 
Connection refused: localhost/127.0.0.1:4013
Connection refused
  in .SocketDoubleArray.Client
Because:
Connection refused: localhost/127.0.0.1:4013
	at ptolemy.util.MessageHandler.error(MessageHandler.java:115)
	at ptolemy.actor.lib.jjs.JavaScript.error(JavaScript.java:857)
	at ptolemy.actor.lib.jjs.HelperBase$2.run(HelperBase.java:213)
	at ptolemy.actor.lib.jjs.JavaScript.fire(JavaScript.java:1050)
	at ptolemy.domains.de.kernel.DEDirector._fire(DEDirector.java:1948)
	at ptolemy.domains.de.kernel.DEDirector.fire(DEDirector.java:502)
	at ptolemy.actor.CompositeActor.fire(CompositeActor.java:455)
	at ptolemy.actor.Manager.iterate(Manager.java:851)
	at ptolemy.actor.Manager.execute(Manager.java:369)
	at ptolemy.actor.Manager.run(Manager.java:1263)
	at ptolemy.actor.Manager$PtolemyRunThread.run(Manager.java:1915)
Caused by: ptolemy.kernel.util.IllegalActionException: Failed to connect: 
Connection refused: localhost/127.0.0.1:4013
Connection refused
  in .SocketDoubleArray.Client
Because:
Connection refused: localhost/127.0.0.1:4013
Caused by: io.netty.channel.AbstractChannel$AnnotatedConnectException: Connection refused: localhost/127.0.0.1:4013
	at sun.nio.ch.SocketChannelImpl.checkConnect(Native Method)
	at sun.nio.ch.SocketChannelImpl.finishConnect(SocketChannelImpl.java:717)
	at io.netty.channel.socket.nio.NioSocketChannel.doFinishConnect(NioSocketChannel.java:325)
	at io.netty.channel.nio.AbstractNioChannel$AbstractNioUnsafe.finishConnect(AbstractNioChannel.java:340)
	at io.netty.channel.nio.NioEventLoop.processSelectedKey(NioEventLoop.java:633)
	at io.netty.channel.nio.NioEventLoop.processSelectedKeysOptimized(NioEventLoop.java:580)
	at io.netty.channel.nio.NioEventLoop.processSelectedKeys(NioEventLoop.java:497)
	at io.netty.channel.nio.NioEventLoop.run(NioEventLoop.java:459)
	at io.netty.util.concurrent.SingleThreadEventExecutor$5.run(SingleThreadEventExecutor.java:886)
	at io.netty.util.concurrent.FastThreadLocalRunnable.run(FastThreadLocalRunnable.java:30)
	at java.lang.Thread.run(Thread.java:748)
Caused by: java.net.ConnectException: Connection refused
</error>
  </testcase>
  <testcase classname="ptolemy.util.test.junit.AutoTests" name="[10] /home/travis/build/icyphy/ptII/ptolemy/actor/lib/jjs/modules/socket/test/auto/SocketDoubleArrayBatched.xml (RunModel)" time="30.362" />
  <testcase classname="ptolemy.util.test.junit.AutoTests" name="[11] /home/travis/build/icyphy/ptII/ptolemy/actor/lib/jjs/modules/socket/test/auto/SocketFloat.xml (RunModel)" time="60.008" />
  <testcase classname="ptolemy.util.test.junit.AutoTests" name="[12] /home/travis/build/icyphy/ptII/ptolemy/actor/lib/jjs/modules/socket/test/auto/SocketImage.xml (RunModel)" time="69.025" />
  <testcase classname="ptolemy.util.test.junit.AutoTests" name="[13] /home/travis/build/icyphy/ptII/ptolemy/actor/lib/jjs/modules/socket/test/auto/SocketImagePNG.xml (RunModel)" time="59.97" />
  <testcase classname="ptolemy.util.test.junit.AutoTests" name="[14] /home/travis/build/icyphy/ptII/ptolemy/actor/lib/jjs/modules/socket/test/auto/SocketImageRaw.xml (RunModel)" time="40.072">
    <error type="java.lang.reflect.InvocationTargetException">java.lang.reflect.InvocationTargetException
	at java.lang.reflect.Constructor.newInstance(Constructor.java:423)
	at ptolemy.util.test.junit.AutoTests.RunModel(AutoTests.java:160)
	at junitparams.internal.InvokeParameterisedMethod.evaluate(InvokeParameterisedMethod.java:102)
Caused by: java.lang.RuntimeException: ptolemy.kernel.util.IllegalActionException: Failed to connect: 
Connection refused: localhost/127.0.0.1:4000
Connection refused
  in .SocketImageRaw.Client
Because:
Connection refused: localhost/127.0.0.1:4000
	at ptolemy.util.MessageHandler.error(MessageHandler.java:115)
	at ptolemy.actor.lib.jjs.JavaScript.error(JavaScript.java:857)
	at ptolemy.actor.lib.jjs.HelperBase$2.run(HelperBase.java:213)
	at ptolemy.actor.lib.jjs.JavaScript.fire(JavaScript.java:1050)
	at ptolemy.domains.de.kernel.DEDirector._fire(DEDirector.java:1948)
	at ptolemy.domains.de.kernel.DEDirector.fire(DEDirector.java:502)
	at ptolemy.actor.CompositeActor.fire(CompositeActor.java:455)
	at ptolemy.actor.Manager.iterate(Manager.java:851)
	at ptolemy.actor.Manager.execute(Manager.java:369)
	at ptolemy.actor.Manager.run(Manager.java:1263)
	at ptolemy.actor.Manager$PtolemyRunThread.run(Manager.java:1915)
Caused by: ptolemy.kernel.util.IllegalActionException: Failed to connect: 
Connection refused: localhost/127.0.0.1:4000
Connection refused
  in .SocketImageRaw.Client
Because:
Connection refused: localhost/127.0.0.1:4000
Caused by: io.netty.channel.AbstractChannel$AnnotatedConnectException: Connection refused: localhost/127.0.0.1:4000
	at sun.nio.ch.SocketChannelImpl.checkConnect(Native Method)
	at sun.nio.ch.SocketChannelImpl.finishConnect(SocketChannelImpl.java:717)
	at io.netty.channel.socket.nio.NioSocketChannel.doFinishConnect(NioSocketChannel.java:325)
	at io.netty.channel.nio.AbstractNioChannel$AbstractNioUnsafe.finishConnect(AbstractNioChannel.java:340)
	at io.netty.channel.nio.NioEventLoop.processSelectedKey(NioEventLoop.java:633)
	at io.netty.channel.nio.NioEventLoop.processSelectedKeysOptimized(NioEventLoop.java:580)
	at io.netty.channel.nio.NioEventLoop.processSelectedKeys(NioEventLoop.java:497)
	at io.netty.channel.nio.NioEventLoop.run(NioEventLoop.java:459)
	at io.netty.util.concurrent.SingleThreadEventExecutor$5.run(SingleThreadEventExecutor.java:886)
	at io.netty.util.concurrent.FastThreadLocalRunnable.run(FastThreadLocalRunnable.java:30)
	at java.lang.Thread.run(Thread.java:748)
Caused by: java.net.ConnectException: Connection refused
</error>
  </testcase>
  <testcase classname="ptolemy.util.test.junit.AutoTests" name="[15] /home/travis/build/icyphy/ptII/ptolemy/actor/lib/jjs/modules/socket/test/auto/SocketInt.xml (RunModel)" time="62.342" />
  <testcase classname="ptolemy.util.test.junit.AutoTests" name="[16] /home/travis/build/icyphy/ptII/ptolemy/actor/lib/jjs/modules/socket/test/auto/SocketShort.xml (RunModel)" time="63.704" />
  <testcase classname="ptolemy.util.test.junit.AutoTests" name="[17] /home/travis/build/icyphy/ptII/ptolemy/actor/lib/jjs/modules/socket/test/auto/SocketStringArray.xml (RunModel)" time="62.977" />
  <testcase classname="ptolemy.util.test.junit.AutoTests" name="[18] /home/travis/build/icyphy/ptII/ptolemy/actor/lib/jjs/modules/socket/test/auto/SocketTypicalUsage.xml (RunModel)" time="60.874" />
  <testcase classname="ptolemy.util.test.junit.AutoTests" name="[19] /home/travis/build/icyphy/ptII/ptolemy/actor/lib/jjs/modules/socket/test/auto/SocketUnsignedByte.xml (RunModel)" time="31.978">
    <error type="java.lang.reflect.InvocationTargetException">java.lang.reflect.InvocationTargetException
	at java.lang.reflect.Constructor.newInstance(Constructor.java:423)
	at ptolemy.util.test.junit.AutoTests.RunModel(AutoTests.java:160)
	at junitparams.internal.InvokeParameterisedMethod.evaluate(InvokeParameterisedMethod.java:102)
Caused by: ptolemy.kernel.util.IllegalActionException: Exceptions occurred during wrapup:
ptolemy.kernel.util.IllegalActionException: The fire() method of this actor was never called. Usually, this is an error indicating that starvation is occurring.
  in .SocketUnsignedByte.Test
ptolemy.kernel.util.IllegalActionException: The fire() method of this actor was never called. Usually, this is an error indicating that starvation is occurring.
  in .SocketUnsignedByte.Test2
ptolemy.kernel.util.IllegalActionException: The fire() method of this actor was never called. Usually, this is an error indicating that starvation is occurring.
  in .SocketUnsignedByte.Test3

  in .SocketUnsignedByte.DE Director
Because:
The fire() method of this actor was never called. Usually, this is an error indicating that starvation is occurring.
  in .SocketUnsignedByte.Test
	at ptolemy.actor.Director.wrapup(Director.java:1736)
	at ptolemy.domains.de.kernel.DEDirector.wrapup(DEDirector.java:1526)
	at ptolemy.actor.CompositeActor.wrapup(CompositeActor.java:2735)
	at ptolemy.actor.Manager.wrapup(Manager.java:1512)
	at ptolemy.actor.Manager.execute(Manager.java:407)
	at ptolemy.actor.Manager.run(Manager.java:1263)
	at ptolemy.actor.Manager$PtolemyRunThread.run(Manager.java:1915)
Caused by: ptolemy.kernel.util.IllegalActionException: The fire() method of this actor was never called. Usually, this is an error indicating that starvation is occurring.
  in .SocketUnsignedByte.Test
	at ptolemy.actor.lib.NonStrictTest.wrapup(NonStrictTest.java:393)
	at ptolemy.actor.Director.wrapup(Director.java:1722)
</error>
  </testcase>
  <testcase classname="ptolemy.util.test.junit.AutoTests" name="[20] /home/travis/build/icyphy/ptII/ptolemy/actor/lib/jjs/modules/socket/test/auto/SocketUnsignedShort.xml (RunModel)" time="63.695" />
  <testcase classname="ptolemy.util.test.junit.AutoTests" name="[21] /home/travis/build/icyphy/ptII/ptolemy/actor/lib/jjs/modules/socket/test/auto/TCPSocketDoubleArrayBatched.xml (RunModel)" time="60.513" />
  <testcase classname="ptolemy.util.test.junit.AutoTests" name="[22] /home/travis/build/icyphy/ptII/ptolemy/actor/lib/jjs/modules/socket/test/auto/TCPSocketSecureServerClient.xml (RunModel)" time="161.721">
    <error type="java.lang.reflect.InvocationTargetException">java.lang.reflect.InvocationTargetException
	at java.lang.reflect.Constructor.newInstance(Constructor.java:423)
	at ptolemy.util.test.junit.AutoTests.RunModel(AutoTests.java:160)
	at junitparams.internal.InvokeParameterisedMethod.evaluate(InvokeParameterisedMethod.java:102)
Caused by: ptolemy.kernel.util.IllegalActionException: Exceptions occurred during wrapup:
ptolemy.kernel.util.IllegalActionException: Failure executing the wrapup function: Error: TrainableTest: The input handler of this accessor was never invoked. Usually, this is an error indicating that starvation is occurring. in &lt;function&gt; at line number 393 at column number 16
  in .TCPSocketSecureServerClient.TrainableTest
Because:
Error: TrainableTest: The input handler of this accessor was never invoked. Usually, this is an error indicating that starvation is occurring. in &lt;function&gt; at line number 393 at column number 16
ptolemy.kernel.util.IllegalActionException: Failure executing the wrapup function: Error: TrainableTest2: The input handler of this accessor was never invoked. Usually, this is an error indicating that starvation is occurring. in &lt;function&gt; at line number 393 at column number 16
  in .TCPSocketSecureServerClient.TrainableTest2
Because:
Error: TrainableTest2: The input handler of this accessor was never invoked. Usually, this is an error indicating that starvation is occurring. in &lt;function&gt; at line number 393 at column number 16
ptolemy.kernel.util.IllegalActionException: Failure executing the wrapup function: Error: TrainableTest3: The input handler of this accessor was never invoked. Usually, this is an error indicating that starvation is occurring. in &lt;function&gt; at line number 393 at column number 16
  in .TCPSocketSecureServerClient.TrainableTest3
Because:
Error: TrainableTest3: The input handler of this accessor was never invoked. Usually, this is an error indicating that starvation is occurring. in &lt;function&gt; at line number 393 at column number 16
ptolemy.kernel.util.IllegalActionException: Failure executing the wrapup function: Error: TrainableTest4: The input handler of this accessor was never invoked. Usually, this is an error indicating that starvation is occurring. in &lt;function&gt; at line number 393 at column number 16
  in .TCPSocketSecureServerClient.TrainableTest4
Because:
Error: TrainableTest4: The input handler of this accessor was never invoked. Usually, this is an error indicating that starvation is occurring. in &lt;function&gt; at line number 393 at column number 16

  in .TCPSocketSecureServerClient.DE Director
Because:
Failure executing the wrapup function: Error: TrainableTest: The input handler of this accessor was never invoked. Usually, this is an error indicating that starvation is occurring. in &lt;function&gt; at line number 393 at column number 16
  in .TCPSocketSecureServerClient.TrainableTest
Because:
Error: TrainableTest: The input handler of this accessor was never invoked. Usually, this is an error indicating that starvation is occurring. in &lt;function&gt; at line number 393 at column number 16
	at ptolemy.actor.Director.wrapup(Director.java:1736)
	at ptolemy.domains.de.kernel.DEDirector.wrapup(DEDirector.java:1526)
	at ptolemy.actor.CompositeActor.wrapup(CompositeActor.java:2735)
	at ptolemy.actor.Manager.wrapup(Manager.java:1512)
	at ptolemy.actor.Manager.execute(Manager.java:407)
	at ptolemy.actor.Manager.run(Manager.java:1263)
	at ptolemy.actor.Manager$PtolemyRunThread.run(Manager.java:1915)
Caused by: ptolemy.kernel.util.IllegalActionException: Failure executing the wrapup function: Error: TrainableTest: The input handler of this accessor was never invoked. Usually, this is an error indicating that starvation is occurring. in &lt;function&gt; at line number 393 at column number 16
  in .TCPSocketSecureServerClient.TrainableTest
Because:
Error: TrainableTest: The input handler of this accessor was never invoked. Usually, this is an error indicating that starvation is occurring. in &lt;function&gt; at line number 393 at column number 16
	at ptolemy.actor.lib.jjs.JavaScript._invokeMethodInContext(JavaScript.java:2216)
	at ptolemy.actor.lib.jjs.JavaScript.wrapup(JavaScript.java:2111)
	at ptolemy.actor.Director.wrapup(Director.java:1722)
Caused by: javax.script.ScriptException: Error: TrainableTest: The input handler of this accessor was never invoked. Usually, this is an error indicating that starvation is occurring. in &lt;function&gt; at line number 393 at column number 16
	at jdk.nashorn.api.scripting.NashornScriptEngine.throwAsScriptException(NashornScriptEngine.java:470)
	at jdk.nashorn.api.scripting.NashornScriptEngine.invokeImpl(NashornScriptEngine.java:392)
	at jdk.nashorn.api.scripting.NashornScriptEngine.invokeMethod(NashornScriptEngine.java:199)
	at ptolemy.actor.lib.jjs.JavaScript._invokeMethodInContext(JavaScript.java:2193)
Caused by: &lt;function&gt;:393:16 Error: TrainableTest: The input handler of this accessor was never invoked. Usually, this is an error indicating that starvation is occurring.
	at jdk.nashorn.internal.objects.NativeError.initException(NativeError.java:137)
	at jdk.nashorn.internal.objects.NativeError.&lt;init&gt;(NativeError.java:102)
	at jdk.nashorn.internal.objects.NativeError.&lt;init&gt;(NativeError.java:106)
	at jdk.nashorn.internal.objects.NativeError.&lt;init&gt;(NativeError.java:110)
	at jdk.nashorn.internal.objects.NativeError.constructor(NativeError.java:129)
	at jdk.nashorn.internal.scripts.Script$Recompilation$54961$18508$\^function\_.L:1#wrapup(&lt;function&gt;:393)
	at jdk.nashorn.internal.scripts.Script$Recompilation$54959$30328$require.L:1#Accessor#wrapup(/home/travis/build/icyphy/ptII/ptolemy/actor/lib/jjs/external/require.js#401:30&lt;eval&gt;:673)
	at jdk.nashorn.internal.runtime.ScriptFunctionData.invoke(ScriptFunctionData.java:637)
	at jdk.nashorn.internal.runtime.ScriptFunction.invoke(ScriptFunction.java:494)
	at jdk.nashorn.internal.runtime.ScriptRuntime.apply(ScriptRuntime.java:393)
	at jdk.nashorn.api.scripting.ScriptObjectMirror.callMember(ScriptObjectMirror.java:199)
	at jdk.nashorn.api.scripting.NashornScriptEngine.invokeImpl(NashornScriptEngine.java:386)
</error>
  </testcase>
  <testcase classname="ptolemy.util.test.junit.AutoTests" name="[23] /home/travis/build/icyphy/ptII/ptolemy/actor/lib/jjs/modules/socket/test/auto/TCPSocketTwoClients.xml (RunModel)" time="95.982" />
  <testcase classname="ptolemy.util.test.junit.AutoTests" name="[24] /home/travis/build/icyphy/ptII/ptolemy/actor/lib/jjs/modules/socket/test/auto/TCPSocketUnsignedShort.xml (RunModel)" time="80.1" />
  <testcase classname="ptolemy.util.test.junit.AutoTests" name="[25] /home/travis/build/icyphy/ptII/ptolemy/actor/lib/jjs/modules/socket/test/auto/TCPSocketUnsignedShortSimple.xml (RunModel)" time="66.497" />
  <system-out><![CDATA[No tcl tests in /home/travis/build/icyphy/ptII/ptolemy/actor/lib/jjs/modules/socket/test
----------------- testing (KnownFailure) /home/travis/build/icyphy/ptII/ptolemy/actor/lib/jjs/modules/socket/test/auto/knownFailedTests/SocketLong.xml
6899 ms. Memory: 385024K Free: 313386K (81%)
Known Failure: java.lang.reflect.InvocationTargetException
----------------- testing (KnownFailure) /home/travis/build/icyphy/ptII/ptolemy/actor/lib/jjs/modules/socket/test/auto/knownFailedTests/SocketUnsignedInt.xml
5729 ms. Memory: 654848K Free: 488692K (75%)
Known Failure: java.lang.reflect.InvocationTargetException
No auto/*.xml tests in /home/travis/build/icyphy/ptII/ptolemy/actor/lib/jjs/modules/socket/test
AutoTests.java: About to close Vertx.
AutoTests.java: Vertx closed.
----------------- testing Sun Apr 29 20:33:04 UTC 2018 /home/travis/build/icyphy/ptII/ptolemy/actor/lib/jjs/modules/socket/test/auto/Message1.xml
----------------- Sun Apr 29 20:33:04 UTC 2018 About to sleep for 25.0 seconds before rerunning.  Test is: /home/travis/build/icyphy/ptII/ptolemy/actor/lib/jjs/modules/socket/test/auto/Message1.xml
Client: Sending data: -1,0,1,128,256 (Thread[Message1,1,main])
4541 ms. Memory: 656896K Free: 188988K (29%)
reloadAllAccessors: .Message1
----------------- testing Sun Apr 29 20:33:34 UTC 2018 /home/travis/build/icyphy/ptII/ptolemy/actor/lib/jjs/modules/socket/test/auto/Message2.xml
----------------- Sun Apr 29 20:33:34 UTC 2018 About to sleep for 25.0 seconds before rerunning.  Test is: /home/travis/build/icyphy/ptII/ptolemy/actor/lib/jjs/modules/socket/test/auto/Message2.xml
JSAccessor: PT_NO_NET environment variable is set, so git pull and ptdoc are not being run.
125303 ms. Memory: 773120K Free: 370534K (48%)
----------------- testing Sun Apr 29 20:36:08 UTC 2018 /home/travis/build/icyphy/ptII/ptolemy/actor/lib/jjs/modules/socket/test/auto/Message3.xml
----------------- Sun Apr 29 20:36:08 UTC 2018 About to sleep for 25.0 seconds before rerunning.  Test is: /home/travis/build/icyphy/ptII/ptolemy/actor/lib/jjs/modules/socket/test/auto/Message3.xml
125402 ms. Memory: 809472K Free: 504860K (62%)
----------------- testing Sun Apr 29 20:38:41 UTC 2018 /home/travis/build/icyphy/ptII/ptolemy/actor/lib/jjs/modules/socket/test/auto/Message4.xml
----------------- Sun Apr 29 20:38:41 UTC 2018 About to sleep for 25.0 seconds before rerunning.  Test is: /home/travis/build/icyphy/ptII/ptolemy/actor/lib/jjs/modules/socket/test/auto/Message4.xml
Client: Sending data: 5,1,2,3 (Thread[Message4,1,main])
Client: Sending data: 4,5,3,1,2,3,2,1 (Thread[Message4,1,main])
5871 ms. Memory: 868864K Free: 607429K (70%)
reloadAllAccessors: .Message4
This is the first time that the reloadAllAccessors method has been invoked in this JVM, so the the accessors repo will be checked out or updated and JSDoc invoked. Note that running the tests may end up invoking a new JVM for each directory, so the repo may be checked out or updated and JSDoc invoked more than once when the tests are run.
----------------- Sun Apr 29 20:39:15 UTC 2018 About to sleep for 25.0 seconds before rerunning.  Test is: /home/travis/build/icyphy/ptII/ptolemy/actor/lib/jjs/modules/socket/test/auto/Message4.xml
----------------- Reloaded Accessors and testing again Sun Apr 29 20:39:40 UTC 2018 /home/travis/build/icyphy/ptII/ptolemy/actor/lib/jjs/modules/socket/test/auto/Message4.xml
Client: Sending data: 5,1,2,3 (Thread[Thread-21,5,main])
Client: Sending data: 4,5,3,1,2,3,2,1 (Thread[Thread-21,5,main])
5407 ms. Memory: 891904K Free: 731812K (82%)
----------------- testing Sun Apr 29 20:39:46 UTC 2018 /home/travis/build/icyphy/ptII/ptolemy/actor/lib/jjs/modules/socket/test/auto/Socket1.xml
----------------- Sun Apr 29 20:39:46 UTC 2018 About to sleep for 25.0 seconds before rerunning.  Test is: /home/travis/build/icyphy/ptII/ptolemy/actor/lib/jjs/modules/socket/test/auto/Socket1.xml
1978 ms. Memory: 892416K Free: 253671K (28%)
reloadAllAccessors: .Socket1
----------------- Sun Apr 29 20:40:14 UTC 2018 About to sleep for 25.0 seconds before rerunning.  Test is: /home/travis/build/icyphy/ptII/ptolemy/actor/lib/jjs/modules/socket/test/auto/Socket1.xml
----------------- Reloaded Accessors and testing again Sun Apr 29 20:40:39 UTC 2018 /home/travis/build/icyphy/ptII/ptolemy/actor/lib/jjs/modules/socket/test/auto/Socket1.xml
1969 ms. Memory: 894464K Free: 458896K (51%)
----------------- testing Sun Apr 29 20:40:41 UTC 2018 /home/travis/build/icyphy/ptII/ptolemy/actor/lib/jjs/modules/socket/test/auto/Socket2.xml
----------------- Sun Apr 29 20:40:41 UTC 2018 About to sleep for 25.0 seconds before rerunning.  Test is: /home/travis/build/icyphy/ptII/ptolemy/actor/lib/jjs/modules/socket/test/auto/Socket2.xml
3886 ms. Memory: 935936K Free: 318633K (34%)
reloadAllAccessors: .Socket2
----------------- testing Sun Apr 29 20:41:12 UTC 2018 /home/travis/build/icyphy/ptII/ptolemy/actor/lib/jjs/modules/socket/test/auto/Socket3.xml
----------------- Sun Apr 29 20:41:12 UTC 2018 About to sleep for 25.0 seconds before rerunning.  Test is: /home/travis/build/icyphy/ptII/ptolemy/actor/lib/jjs/modules/socket/test/auto/Socket3.xml
3959 ms. Memory: 936960K Free: 323859K (35%)
----------------- testing Sun Apr 29 20:41:42 UTC 2018 /home/travis/build/icyphy/ptII/ptolemy/actor/lib/jjs/modules/socket/test/auto/SocketByte.xml
----------------- Sun Apr 29 20:41:42 UTC 2018 About to sleep for 25.0 seconds before rerunning.  Test is: /home/travis/build/icyphy/ptII/ptolemy/actor/lib/jjs/modules/socket/test/auto/SocketByte.xml
12854 ms. Memory: 975360K Free: 359315K (37%)
----------------- testing Sun Apr 29 20:42:22 UTC 2018 /home/travis/build/icyphy/ptII/ptolemy/actor/lib/jjs/modules/socket/test/auto/SocketDouble.xml
----------------- Sun Apr 29 20:42:22 UTC 2018 About to sleep for 25.0 seconds before rerunning.  Test is: /home/travis/build/icyphy/ptII/ptolemy/actor/lib/jjs/modules/socket/test/auto/SocketDouble.xml
Client: Sending data: 1.1 (Thread[SocketDouble,1,main])
Client3: Sending data: 2.2 (Thread[SocketDouble,1,main])
3519 ms. Memory: 976896K Free: 179176K (18%)
reloadAllAccessors: .SocketDouble
----------------- Sun Apr 29 20:42:53 UTC 2018 About to sleep for 25.0 seconds before rerunning.  Test is: /home/travis/build/icyphy/ptII/ptolemy/actor/lib/jjs/modules/socket/test/auto/SocketDouble.xml
----------------- Reloaded Accessors and testing again Sun Apr 29 20:43:18 UTC 2018 /home/travis/build/icyphy/ptII/ptolemy/actor/lib/jjs/modules/socket/test/auto/SocketDouble.xml
Client: Sending data: 1.1 (Thread[Thread-38,5,main])
Client3: Sending data: 2.2 (Thread[Thread-38,5,main])
4008 ms. Memory: 1014272K Free: 739930K (73%)
----------------- testing Sun Apr 29 20:43:22 UTC 2018 /home/travis/build/icyphy/ptII/ptolemy/actor/lib/jjs/modules/socket/test/auto/SocketDoubleArray.xml
----------------- Sun Apr 29 20:43:22 UTC 2018 About to sleep for 25.0 seconds before rerunning.  Test is: /home/travis/build/icyphy/ptII/ptolemy/actor/lib/jjs/modules/socket/test/auto/SocketDoubleArray.xml
12257 ms. Memory: 1015296K Free: 609378K (60%)
----------------- testing Sun Apr 29 20:44:02 UTC 2018 /home/travis/build/icyphy/ptII/ptolemy/actor/lib/jjs/modules/socket/test/auto/SocketDoubleArrayBatched.xml
----------------- Sun Apr 29 20:44:02 UTC 2018 About to sleep for 25.0 seconds before rerunning.  Test is: /home/travis/build/icyphy/ptII/ptolemy/actor/lib/jjs/modules/socket/test/auto/SocketDoubleArrayBatched.xml
Client: Sending data: 1.1,1.2 (Thread[SocketDoubleArrayBatched,1,main])
Client2: Sending data: 2.2 (Thread[SocketDoubleArrayBatched,1,main])
3134 ms. Memory: 1057280K Free: 432184K (41%)
reloadAllAccessors: .SocketDoubleArrayBatched
----------------- testing Sun Apr 29 20:44:32 UTC 2018 /home/travis/build/icyphy/ptII/ptolemy/actor/lib/jjs/modules/socket/test/auto/SocketFloat.xml
----------------- Sun Apr 29 20:44:32 UTC 2018 About to sleep for 25.0 seconds before rerunning.  Test is: /home/travis/build/icyphy/ptII/ptolemy/actor/lib/jjs/modules/socket/test/auto/SocketFloat.xml
Client: Sending data: -1,0,1,128,-2147483648 (Thread[SocketFloat,1,main])
Client3: Sending data: 3.14159 (Thread[SocketFloat,1,main])
3611 ms. Memory: 1059840K Free: 281933K (27%)
reloadAllAccessors: .SocketFloat
----------------- Sun Apr 29 20:45:03 UTC 2018 About to sleep for 25.0 seconds before rerunning.  Test is: /home/travis/build/icyphy/ptII/ptolemy/actor/lib/jjs/modules/socket/test/auto/SocketFloat.xml
----------------- Reloaded Accessors and testing again Sun Apr 29 20:45:28 UTC 2018 /home/travis/build/icyphy/ptII/ptolemy/actor/lib/jjs/modules/socket/test/auto/SocketFloat.xml
Client: Sending data: -1,0,1,128,-2147483648 (Thread[Thread-48,5,main])
Client3: Sending data: 3.14159 (Thread[Thread-48,5,main])
4063 ms. Memory: 1095168K Free: 392632K (36%)
----------------- testing Sun Apr 29 20:45:32 UTC 2018 /home/travis/build/icyphy/ptII/ptolemy/actor/lib/jjs/modules/socket/test/auto/SocketImage.xml
----------------- Sun Apr 29 20:45:32 UTC 2018 About to sleep for 25.0 seconds before rerunning.  Test is: /home/travis/build/icyphy/ptII/ptolemy/actor/lib/jjs/modules/socket/test/auto/SocketImage.xml
No physical cameras found, using WebcamDummyDriver.
6073 ms. Memory: 1096192K Free: 534877K (49%)
reloadAllAccessors: .SocketImage
----------------- Sun Apr 29 20:46:10 UTC 2018 About to sleep for 25.0 seconds before rerunning.  Test is: /home/travis/build/icyphy/ptII/ptolemy/actor/lib/jjs/modules/socket/test/auto/SocketImage.xml
----------------- Reloaded Accessors and testing again Sun Apr 29 20:46:35 UTC 2018 /home/travis/build/icyphy/ptII/ptolemy/actor/lib/jjs/modules/socket/test/auto/SocketImage.xml
5762 ms. Memory: 1157632K Free: 464674K (40%)
----------------- testing Sun Apr 29 20:46:41 UTC 2018 /home/travis/build/icyphy/ptII/ptolemy/actor/lib/jjs/modules/socket/test/auto/SocketImagePNG.xml
----------------- Sun Apr 29 20:46:41 UTC 2018 About to sleep for 25.0 seconds before rerunning.  Test is: /home/travis/build/icyphy/ptII/ptolemy/actor/lib/jjs/modules/socket/test/auto/SocketImagePNG.xml
Client: Sending data: {type="class ptolemy.data.AWTImageToken", width="176", height="144"} (Thread[SocketImagePNG,1,main])
4236 ms. Memory: 1157632K Free: 427080K (37%)
reloadAllAccessors: .SocketImagePNG
----------------- Sun Apr 29 20:47:12 UTC 2018 About to sleep for 25.0 seconds before rerunning.  Test is: /home/travis/build/icyphy/ptII/ptolemy/actor/lib/jjs/modules/socket/test/auto/SocketImagePNG.xml
----------------- Reloaded Accessors and testing again Sun Apr 29 20:47:37 UTC 2018 /home/travis/build/icyphy/ptII/ptolemy/actor/lib/jjs/modules/socket/test/auto/SocketImagePNG.xml
Client: Sending data: {type="class ptolemy.data.AWTImageToken", width="176", height="144"} (Thread[Thread-60,5,main])
4238 ms. Memory: 1154048K Free: 161489K (14%)
----------------- testing Sun Apr 29 20:47:41 UTC 2018 /home/travis/build/icyphy/ptII/ptolemy/actor/lib/jjs/modules/socket/test/auto/SocketImageRaw.xml
----------------- Sun Apr 29 20:47:41 UTC 2018 About to sleep for 25.0 seconds before rerunning.  Test is: /home/travis/build/icyphy/ptII/ptolemy/actor/lib/jjs/modules/socket/test/auto/SocketImageRaw.xml
12351 ms. Memory: 1253888K Free: 247235K (20%)
----------------- testing Sun Apr 29 20:48:21 UTC 2018 /home/travis/build/icyphy/ptII/ptolemy/actor/lib/jjs/modules/socket/test/auto/SocketInt.xml
----------------- Sun Apr 29 20:48:21 UTC 2018 About to sleep for 25.0 seconds before rerunning.  Test is: /home/travis/build/icyphy/ptII/ptolemy/actor/lib/jjs/modules/socket/test/auto/SocketInt.xml
Client: Sending data: -1,0,1,128,-2147483648 (Thread[SocketInt,1,main])
Client3: Sending data: 3.14159 (Thread[SocketInt,1,main])
4283 ms. Memory: 1253376K Free: 111010K (9%)
reloadAllAccessors: .SocketInt
----------------- Sun Apr 29 20:48:54 UTC 2018 About to sleep for 25.0 seconds before rerunning.  Test is: /home/travis/build/icyphy/ptII/ptolemy/actor/lib/jjs/modules/socket/test/auto/SocketInt.xml
----------------- Reloaded Accessors and testing again Sun Apr 29 20:49:19 UTC 2018 /home/travis/build/icyphy/ptII/ptolemy/actor/lib/jjs/modules/socket/test/auto/SocketInt.xml
Client: Sending data: -1,0,1,128,-2147483648 (Thread[Thread-70,5,main])
Client3: Sending data: 3.14159 (Thread[Thread-70,5,main])
4651 ms. Memory: 1310720K Free: 742080K (57%)
----------------- testing Sun Apr 29 20:49:23 UTC 2018 /home/travis/build/icyphy/ptII/ptolemy/actor/lib/jjs/modules/socket/test/auto/SocketShort.xml
----------------- Sun Apr 29 20:49:23 UTC 2018 About to sleep for 25.0 seconds before rerunning.  Test is: /home/travis/build/icyphy/ptII/ptolemy/actor/lib/jjs/modules/socket/test/auto/SocketShort.xml
Client: Sending data: -1,0,1,128,32768 (Thread[SocketShort,1,main])
Client3: Sending data: 3.14159 (Thread[SocketShort,1,main])
4630 ms. Memory: 1310208K Free: 604907K (46%)
reloadAllAccessors: .SocketShort
----------------- Sun Apr 29 20:49:56 UTC 2018 About to sleep for 25.0 seconds before rerunning.  Test is: /home/travis/build/icyphy/ptII/ptolemy/actor/lib/jjs/modules/socket/test/auto/SocketShort.xml
----------------- Reloaded Accessors and testing again Sun Apr 29 20:50:21 UTC 2018 /home/travis/build/icyphy/ptII/ptolemy/actor/lib/jjs/modules/socket/test/auto/SocketShort.xml
Client: Sending data: -1,0,1,128,32768 (Thread[Thread-74,5,main])
Client3: Sending data: 3.14159 (Thread[Thread-74,5,main])
6107 ms. Memory: 1361920K Free: 735450K (54%)
----------------- testing Sun Apr 29 20:50:27 UTC 2018 /home/travis/build/icyphy/ptII/ptolemy/actor/lib/jjs/modules/socket/test/auto/SocketStringArray.xml
----------------- Sun Apr 29 20:50:27 UTC 2018 About to sleep for 25.0 seconds before rerunning.  Test is: /home/travis/build/icyphy/ptII/ptolemy/actor/lib/jjs/modules/socket/test/auto/SocketStringArray.xml
Client: Sending data: a,b (Thread[SocketStringArray,1,main])
Client2: Sending data: c (Thread[SocketStringArray,1,main])
4723 ms. Memory: 1362432K Free: 589326K (43%)
reloadAllAccessors: .SocketStringArray
----------------- Sun Apr 29 20:51:00 UTC 2018 About to sleep for 25.0 seconds before rerunning.  Test is: /home/travis/build/icyphy/ptII/ptolemy/actor/lib/jjs/modules/socket/test/auto/SocketStringArray.xml
----------------- Reloaded Accessors and testing again Sun Apr 29 20:51:25 UTC 2018 /home/travis/build/icyphy/ptII/ptolemy/actor/lib/jjs/modules/socket/test/auto/SocketStringArray.xml
Client: Sending data: a,b (Thread[Thread-78,5,main])
Client2: Sending data: c (Thread[Thread-78,5,main])
5247 ms. Memory: 1361920K Free: 460749K (34%)
----------------- testing Sun Apr 29 20:51:30 UTC 2018 /home/travis/build/icyphy/ptII/ptolemy/actor/lib/jjs/modules/socket/test/auto/SocketTypicalUsage.xml
----------------- Sun Apr 29 20:51:30 UTC 2018 About to sleep for 25.0 seconds before rerunning.  Test is: /home/travis/build/icyphy/ptII/ptolemy/actor/lib/jjs/modules/socket/test/auto/SocketTypicalUsage.xml
Server: Server listening on port: 4093 (Thread[vert.x-eventloop-thread-2,1,main])
Server: Server connected on a new socket number: 0 (Thread[vert.x-eventloop-thread-2,1,main])
Server: Server connected on a new socket number: 1 (Thread[vert.x-eventloop-thread-2,1,main])
Server: Server received data on connection 1: 1.1 (Thread[SocketTypicalUsage,1,main])
Server: Server received data on connection 0: 2.2 (Thread[SocketTypicalUsage,1,main])
3711 ms. Memory: 1421824K Free: 443433K (31%)
reloadAllAccessors: .SocketTypicalUsage
----------------- Sun Apr 29 20:52:02 UTC 2018 About to sleep for 25.0 seconds before rerunning.  Test is: /home/travis/build/icyphy/ptII/ptolemy/actor/lib/jjs/modules/socket/test/auto/SocketTypicalUsage.xml
----------------- Reloaded Accessors and testing again Sun Apr 29 20:52:27 UTC 2018 /home/travis/build/icyphy/ptII/ptolemy/actor/lib/jjs/modules/socket/test/auto/SocketTypicalUsage.xml
Server: Server listening on port: 4093 (Thread[vert.x-eventloop-thread-2,1,main])
Server: Server connected on a new socket number: 0 (Thread[vert.x-eventloop-thread-2,1,main])
Server: Server connected on a new socket number: 1 (Thread[vert.x-eventloop-thread-2,1,main])
Server: Server received data on connection 1: 1.1 (Thread[Thread-82,5,main])
Server: Server received data on connection 0: 2.2 (Thread[Thread-82,5,main])
3733 ms. Memory: 1422336K Free: 544234K (38%)
----------------- testing Sun Apr 29 20:52:31 UTC 2018 /home/travis/build/icyphy/ptII/ptolemy/actor/lib/jjs/modules/socket/test/auto/SocketUnsignedByte.xml
----------------- Sun Apr 29 20:52:31 UTC 2018 About to sleep for 25.0 seconds before rerunning.  Test is: /home/travis/build/icyphy/ptII/ptolemy/actor/lib/jjs/modules/socket/test/auto/SocketUnsignedByte.xml
5193 ms. Memory: 1422336K Free: 546303K (38%)
----------------- testing Sun Apr 29 20:53:03 UTC 2018 /home/travis/build/icyphy/ptII/ptolemy/actor/lib/jjs/modules/socket/test/auto/SocketUnsignedShort.xml
----------------- Sun Apr 29 20:53:03 UTC 2018 About to sleep for 25.0 seconds before rerunning.  Test is: /home/travis/build/icyphy/ptII/ptolemy/actor/lib/jjs/modules/socket/test/auto/SocketUnsignedShort.xml
Client: Sending data: -1,0,1,65535,65536 (Thread[SocketUnsignedShort,1,main])
Client3: Sending data: 3.14159 (Thread[SocketUnsignedShort,1,main])
5850 ms. Memory: 1476608K Free: 698288K (47%)
reloadAllAccessors: .SocketUnsignedShort
----------------- Sun Apr 29 20:53:37 UTC 2018 About to sleep for 25.0 seconds before rerunning.  Test is: /home/travis/build/icyphy/ptII/ptolemy/actor/lib/jjs/modules/socket/test/auto/SocketUnsignedShort.xml
----------------- Reloaded Accessors and testing again Sun Apr 29 20:54:02 UTC 2018 /home/travis/build/icyphy/ptII/ptolemy/actor/lib/jjs/modules/socket/test/auto/SocketUnsignedShort.xml
Client: Sending data: -1,0,1,65535,65536 (Thread[Thread-89,5,main])
Client3: Sending data: 3.14159 (Thread[Thread-89,5,main])
5068 ms. Memory: 1476608K Free: 579565K (39%)
----------------- testing Sun Apr 29 20:54:07 UTC 2018 /home/travis/build/icyphy/ptII/ptolemy/actor/lib/jjs/modules/socket/test/auto/TCPSocketDoubleArrayBatched.xml
----------------- Sun Apr 29 20:54:07 UTC 2018 About to sleep for 25.0 seconds before rerunning.  Test is: /home/travis/build/icyphy/ptII/ptolemy/actor/lib/jjs/modules/socket/test/auto/TCPSocketDoubleArrayBatched.xml
4151 ms. Memory: 1476608K Free: 345639K (23%)
reloadAllAccessors: .TCPSocketDoubleArrayBatched
----------------- Sun Apr 29 20:54:38 UTC 2018 About to sleep for 25.0 seconds before rerunning.  Test is: /home/travis/build/icyphy/ptII/ptolemy/actor/lib/jjs/modules/socket/test/auto/TCPSocketDoubleArrayBatched.xml
----------------- Reloaded Accessors and testing again Sun Apr 29 20:55:03 UTC 2018 /home/travis/build/icyphy/ptII/ptolemy/actor/lib/jjs/modules/socket/test/auto/TCPSocketDoubleArrayBatched.xml
4232 ms. Memory: 1474560K Free: 189975K (13%)
----------------- testing Sun Apr 29 20:55:07 UTC 2018 /home/travis/build/icyphy/ptII/ptolemy/actor/lib/jjs/modules/socket/test/auto/TCPSocketSecureServerClient.xml
----------------- Sun Apr 29 20:55:07 UTC 2018 About to sleep for 25.0 seconds before rerunning.  Test is: /home/travis/build/icyphy/ptII/ptolemy/actor/lib/jjs/modules/socket/test/auto/TCPSocketSecureServerClient.xml
130008 ms. Memory: 1527296K Free: 624005K (41%)
----------------- testing Sun Apr 29 20:57:49 UTC 2018 /home/travis/build/icyphy/ptII/ptolemy/actor/lib/jjs/modules/socket/test/auto/TCPSocketTwoClients.xml
----------------- Sun Apr 29 20:57:49 UTC 2018 About to sleep for 25.0 seconds before rerunning.  Test is: /home/travis/build/icyphy/ptII/ptolemy/actor/lib/jjs/modules/socket/test/auto/TCPSocketTwoClients.xml
Manager.initialize() finished: 12020 ms. Memory: 1599488K Free: 589135K (37%)
TextDisplayHelper: { id: 1,
  remoteHost: '127.0.0.1',
  remotePort: 44678,
  status: 'open' }
TextDisplayHelper: { id: 2,
  remoteHost: '127.0.0.1',
  remotePort: 44680,
  status: 'open' }
TextDisplayHelper: 1
TextDisplayHelper: 0
TextDisplayHelper: 2
TextDisplayHelper: 1
TextDisplayHelper: 1
TextDisplayHelper: 2
TextDisplayHelper: 2
TextDisplayHelper: 1
TextDisplayHelper: 3
15286 ms. Memory: 1599488K Free: 462940K (29%)
reloadAllAccessors: .TCPSocketTwoClients
----------------- Sun Apr 29 20:58:42 UTC 2018 About to sleep for 25.0 seconds before rerunning.  Test is: /home/travis/build/icyphy/ptII/ptolemy/actor/lib/jjs/modules/socket/test/auto/TCPSocketTwoClients.xml
----------------- Reloaded Accessors and testing again Sun Apr 29 20:59:07 UTC 2018 /home/travis/build/icyphy/ptII/ptolemy/actor/lib/jjs/modules/socket/test/auto/TCPSocketTwoClients.xml
Manager.initialize() finished: 14147 ms. Memory: 1639424K Free: 762229K (46%)
TextDisplayHelper: { id: 1,
  remoteHost: '127.0.0.1',
  remotePort: 41830,
  status: 'open' }
TextDisplayHelper: { id: 2,
  remoteHost: '127.0.0.1',
  remotePort: 41832,
  status: 'open' }
TextDisplayHelper: 1
TextDisplayHelper: 0
TextDisplayHelper: 2
TextDisplayHelper: 1
TextDisplayHelper: 1
TextDisplayHelper: 2
TextDisplayHelper: 2
TextDisplayHelper: 1
TextDisplayHelper: 3
17423 ms. Memory: 1639424K Free: 633112K (39%)
----------------- testing Sun Apr 29 20:59:25 UTC 2018 /home/travis/build/icyphy/ptII/ptolemy/actor/lib/jjs/modules/socket/test/auto/TCPSocketUnsignedShort.xml
----------------- Sun Apr 29 20:59:25 UTC 2018 About to sleep for 25.0 seconds before rerunning.  Test is: /home/travis/build/icyphy/ptII/ptolemy/actor/lib/jjs/modules/socket/test/auto/TCPSocketUnsignedShort.xml
Manager.initialize() finished: 11365 ms. Memory: 1699840K Free: 793461K (47%)
TextDisplayHelper: 65535
TextDisplayHelper: 0
TextDisplayHelper: 1
TextDisplayHelper: 65535
TextDisplayHelper: 0
TextDisplayHelper: 2
TextDisplayHelper: 0
TextDisplayHelper: 1
TextDisplayHelper: 2
TextDisplayHelper: 0
TextDisplayHelper: 1
TextDisplayHelper: 3
11918 ms. Memory: 1699840K Free: 701158K (41%)
reloadAllAccessors: .TCPSocketUnsignedShort
----------------- Sun Apr 29 21:00:10 UTC 2018 About to sleep for 25.0 seconds before rerunning.  Test is: /home/travis/build/icyphy/ptII/ptolemy/actor/lib/jjs/modules/socket/test/auto/TCPSocketUnsignedShort.xml
----------------- Reloaded Accessors and testing again Sun Apr 29 21:00:35 UTC 2018 /home/travis/build/icyphy/ptII/ptolemy/actor/lib/jjs/modules/socket/test/auto/TCPSocketUnsignedShort.xml
TextDisplayHelper: 65535
TextDisplayHelper: 0
TextDisplayHelper: 1
TextDisplayHelper: 65535
TextDisplayHelper: 0
TextDisplayHelper: 2
TextDisplayHelper: 0
TextDisplayHelper: 1
TextDisplayHelper: 2
TextDisplayHelper: 0
TextDisplayHelper: 1
TextDisplayHelper: 3
10108 ms. Memory: 1699840K Free: 499321K (29%)
----------------- testing Sun Apr 29 21:00:45 UTC 2018 /home/travis/build/icyphy/ptII/ptolemy/actor/lib/jjs/modules/socket/test/auto/TCPSocketUnsignedShortSimple.xml
----------------- Sun Apr 29 21:00:45 UTC 2018 About to sleep for 25.0 seconds before rerunning.  Test is: /home/travis/build/icyphy/ptII/ptolemy/actor/lib/jjs/modules/socket/test/auto/TCPSocketUnsignedShortSimple.xml
5270 ms. Memory: 1700864K Free: 329911K (19%)
reloadAllAccessors: .TCPSocketUnsignedShortSimple
----------------- Sun Apr 29 21:01:21 UTC 2018 About to sleep for 25.0 seconds before rerunning.  Test is: /home/travis/build/icyphy/ptII/ptolemy/actor/lib/jjs/modules/socket/test/auto/TCPSocketUnsignedShortSimple.xml
----------------- Reloaded Accessors and testing again Sun Apr 29 21:01:46 UTC 2018 /home/travis/build/icyphy/ptII/ptolemy/actor/lib/jjs/modules/socket/test/auto/TCPSocketUnsignedShortSimple.xml
5171 ms. Memory: 1762816K Free: 802407K (46%)
AutoTests.java: About to close Vertx.
AutoTests.java: Vertx closed.
]]></system-out>
  <system-err><![CDATA[Apr 29, 2018 8:32:54 PM io.vertx.core.impl.ContextImpl
SEVERE: Unhandled exception
java.lang.IllegalArgumentException: Invalid send data type: long
	at ptolemy.actor.lib.jjs.modules.socket.SocketHelper$SocketWrapper.<init>(SocketHelper.java:566)
	at jdk.nashorn.internal.scripts.Script$Recompilation$1080$13304A$require.L:1#_opened(/home/travis/build/icyphy/ptII/ptolemy/actor/lib/jjs/external/require.js#401:30<eval>:296)
	at jdk.nashorn.internal.runtime.ScriptFunctionData.invoke(ScriptFunctionData.java:639)
	at jdk.nashorn.internal.runtime.ScriptFunction.invoke(ScriptFunction.java:494)
	at jdk.nashorn.internal.runtime.ScriptRuntime.apply(ScriptRuntime.java:393)
	at jdk.nashorn.api.scripting.ScriptObjectMirror.callMember(ScriptObjectMirror.java:199)
	at ptolemy.actor.lib.jjs.modules.socket.SocketHelper.lambda$null$0(SocketHelper.java:219)
	at io.vertx.core.net.impl.NetClientImpl.lambda$connect$2(NetClientImpl.java:113)
	at io.vertx.core.net.impl.NetClientImpl.lambda$null$9(NetClientImpl.java:251)
	at io.vertx.core.impl.ContextImpl.lambda$wrapTask$2(ContextImpl.java:337)
	at io.vertx.core.impl.ContextImpl.executeFromIO(ContextImpl.java:195)
	at io.vertx.core.net.impl.NetClientImpl.lambda$connected$10(NetClientImpl.java:247)
	at io.vertx.core.net.impl.VertxHandler.setConnection(VertxHandler.java:46)
	at io.vertx.core.net.impl.VertxNetHandler.handlerAdded(VertxNetHandler.java:39)
	at io.netty.channel.DefaultChannelPipeline.callHandlerAdded0(DefaultChannelPipeline.java:606)
	at io.netty.channel.DefaultChannelPipeline.addLast(DefaultChannelPipeline.java:235)
	at io.netty.channel.DefaultChannelPipeline.addLast(DefaultChannelPipeline.java:201)
	at io.vertx.core.net.impl.NetClientImpl.connected(NetClientImpl.java:257)
	at io.vertx.core.net.impl.NetClientImpl.lambda$doConnect$7(NetClientImpl.java:212)
	at io.vertx.core.net.impl.ChannelProvider.lambda$connect$0(ChannelProvider.java:52)
	at io.netty.util.concurrent.DefaultPromise.notifyListener0(DefaultPromise.java:507)
	at io.netty.util.concurrent.DefaultPromise.notifyListeners0(DefaultPromise.java:500)
	at io.netty.util.concurrent.DefaultPromise.notifyListenersNow(DefaultPromise.java:479)
	at io.netty.util.concurrent.DefaultPromise.notifyListeners(DefaultPromise.java:420)
	at io.netty.util.concurrent.DefaultPromise.trySuccess(DefaultPromise.java:104)
	at io.netty.channel.DefaultChannelPromise.trySuccess(DefaultChannelPromise.java:82)
	at io.netty.channel.nio.AbstractNioChannel$AbstractNioUnsafe.fulfillConnectPromise(AbstractNioChannel.java:306)
	at io.netty.channel.nio.AbstractNioChannel$AbstractNioUnsafe.finishConnect(AbstractNioChannel.java:341)
	at io.netty.channel.nio.NioEventLoop.processSelectedKey(NioEventLoop.java:633)
	at io.netty.channel.nio.NioEventLoop.processSelectedKeysOptimized(NioEventLoop.java:580)
	at io.netty.channel.nio.NioEventLoop.processSelectedKeys(NioEventLoop.java:497)
	at io.netty.channel.nio.NioEventLoop.run(NioEventLoop.java:459)
	at io.netty.util.concurrent.SingleThreadEventExecutor$5.run(SingleThreadEventExecutor.java:886)
	at io.netty.util.concurrent.FastThreadLocalRunnable.run(FastThreadLocalRunnable.java:30)
	at java.lang.Thread.run(Thread.java:748)

Apr 29, 2018 8:32:54 PM io.vertx.core.impl.ContextImpl
SEVERE: Unhandled exception
java.lang.IllegalArgumentException: Invalid send data type: long
	at ptolemy.actor.lib.jjs.modules.socket.SocketHelper$SocketWrapper.<init>(SocketHelper.java:566)
	at jdk.nashorn.internal.scripts.Script$Recompilation$1078$27606AAAAAA$require.L:1#Socket(/home/travis/build/icyphy/ptII/ptolemy/actor/lib/jjs/external/require.js#401:30<eval>:630)
	at jdk.nashorn.internal.scripts.Script$Recompilation$1077$25670A$require.L:1#_socketCreated(/home/travis/build/icyphy/ptII/ptolemy/actor/lib/jjs/external/require.js#401:30<eval>:582)
	at jdk.nashorn.internal.runtime.ScriptFunctionData.invoke(ScriptFunctionData.java:639)
	at jdk.nashorn.internal.runtime.ScriptFunction.invoke(ScriptFunction.java:494)
	at jdk.nashorn.internal.runtime.ScriptRuntime.apply(ScriptRuntime.java:393)
	at jdk.nashorn.api.scripting.ScriptObjectMirror.callMember(ScriptObjectMirror.java:199)
	at ptolemy.actor.lib.jjs.modules.socket.SocketHelper.lambda$null$2(SocketHelper.java:394)
	at io.vertx.core.net.impl.NetServerImpl.lambda$connected$11(NetServerImpl.java:457)
	at io.vertx.core.impl.ContextImpl.lambda$wrapTask$2(ContextImpl.java:337)
	at io.vertx.core.impl.ContextImpl.executeFromIO(ContextImpl.java:195)
	at io.vertx.core.net.impl.NetServerImpl.connected(NetServerImpl.java:453)
	at io.vertx.core.net.impl.NetServerImpl.access$200(NetServerImpl.java:57)
	at io.vertx.core.net.impl.NetServerImpl$1.initChannel(NetServerImpl.java:209)
	at io.netty.channel.ChannelInitializer.initChannel(ChannelInitializer.java:113)
	at io.netty.channel.ChannelInitializer.handlerAdded(ChannelInitializer.java:105)
	at io.netty.channel.DefaultChannelPipeline.callHandlerAdded0(DefaultChannelPipeline.java:606)
	at io.netty.channel.DefaultChannelPipeline.access$000(DefaultChannelPipeline.java:46)
	at io.netty.channel.DefaultChannelPipeline$PendingHandlerAddedTask.execute(DefaultChannelPipeline.java:1412)
	at io.netty.channel.DefaultChannelPipeline.callHandlerAddedForAllHandlers(DefaultChannelPipeline.java:1131)
	at io.netty.channel.DefaultChannelPipeline.invokeHandlerAddedIfNeeded(DefaultChannelPipeline.java:656)
	at io.netty.channel.AbstractChannel$AbstractUnsafe.register0(AbstractChannel.java:510)
	at io.netty.channel.AbstractChannel$AbstractUnsafe.register(AbstractChannel.java:476)
	at io.netty.channel.SingleThreadEventLoop.register(SingleThreadEventLoop.java:80)
	at io.netty.channel.SingleThreadEventLoop.register(SingleThreadEventLoop.java:74)
	at io.vertx.core.net.impl.VertxEventLoopGroup.register(VertxEventLoopGroup.java:53)
	at io.netty.bootstrap.ServerBootstrap$ServerBootstrapAcceptor.channelRead(ServerBootstrap.java:255)
	at io.netty.channel.AbstractChannelHandlerContext.invokeChannelRead(AbstractChannelHandlerContext.java:362)
	at io.netty.channel.AbstractChannelHandlerContext.invokeChannelRead(AbstractChannelHandlerContext.java:348)
	at io.netty.channel.AbstractChannelHandlerContext.fireChannelRead(AbstractChannelHandlerContext.java:340)
	at io.netty.channel.DefaultChannelPipeline$HeadContext.channelRead(DefaultChannelPipeline.java:1359)
	at io.netty.channel.AbstractChannelHandlerContext.invokeChannelRead(AbstractChannelHandlerContext.java:362)
	at io.netty.channel.AbstractChannelHandlerContext.invokeChannelRead(AbstractChannelHandlerContext.java:348)
	at io.netty.channel.DefaultChannelPipeline.fireChannelRead(DefaultChannelPipeline.java:935)
	at io.netty.channel.nio.AbstractNioMessageChannel$NioMessageUnsafe.read(AbstractNioMessageChannel.java:93)
	at io.netty.channel.nio.NioEventLoop.processSelectedKey(NioEventLoop.java:645)
	at io.netty.channel.nio.NioEventLoop.processSelectedKeysOptimized(NioEventLoop.java:580)
	at io.netty.channel.nio.NioEventLoop.processSelectedKeys(NioEventLoop.java:497)
	at io.netty.channel.nio.NioEventLoop.run(NioEventLoop.java:459)
	at io.netty.util.concurrent.SingleThreadEventExecutor$5.run(SingleThreadEventExecutor.java:886)
	at io.netty.util.concurrent.FastThreadLocalRunnable.run(FastThreadLocalRunnable.java:30)
	at java.lang.Thread.run(Thread.java:748)

java.lang.RuntimeException: Execution failed
	at ptolemy.moml.MoMLSimpleApplication$UnloadThread.run(MoMLSimpleApplication.java:402)
Caused by: ptolemy.kernel.util.IllegalActionException: Exceptions occurred during wrapup:
ptolemy.kernel.util.IllegalActionException: The fire() method of this actor was never called. Usually, this is an error indicating that starvation is occurring.
  in .SocketLong.Test
ptolemy.kernel.util.IllegalActionException: The fire() method of this actor was never called. Usually, this is an error indicating that starvation is occurring.
  in .SocketLong.Test2
ptolemy.kernel.util.IllegalActionException: The fire() method of this actor was never called. Usually, this is an error indicating that starvation is occurring.
  in .SocketLong.Test3

  in .SocketLong.DE Director
Because:
The fire() method of this actor was never called. Usually, this is an error indicating that starvation is occurring.
  in .SocketLong.Test
	at ptolemy.actor.Director.wrapup(Director.java:1736)
	at ptolemy.domains.de.kernel.DEDirector.wrapup(DEDirector.java:1526)
	at ptolemy.actor.CompositeActor.wrapup(CompositeActor.java:2735)
	at ptolemy.actor.Manager.wrapup(Manager.java:1512)
	at ptolemy.actor.Manager.execute(Manager.java:407)
	at ptolemy.actor.Manager.run(Manager.java:1263)
	at ptolemy.actor.Manager$PtolemyRunThread.run(Manager.java:1915)
Caused by: ptolemy.kernel.util.IllegalActionException: The fire() method of this actor was never called. Usually, this is an error indicating that starvation is occurring.
  in .SocketLong.Test
	at ptolemy.actor.lib.NonStrictTest.wrapup(NonStrictTest.java:393)
	at ptolemy.actor.Director.wrapup(Director.java:1722)
	... 6 more
java.lang.reflect.InvocationTargetException
	at sun.reflect.NativeConstructorAccessorImpl.newInstance0(Native Method)
	at sun.reflect.NativeConstructorAccessorImpl.newInstance(NativeConstructorAccessorImpl.java:62)
	at sun.reflect.DelegatingConstructorAccessorImpl.newInstance(DelegatingConstructorAccessorImpl.java:45)
	at java.lang.reflect.Constructor.newInstance(Constructor.java:423)
	at ptolemy.util.test.junit.AutoKnownFailedTests.RunModel(AutoKnownFailedTests.java:107)
	at sun.reflect.NativeMethodAccessorImpl.invoke0(Native Method)
	at sun.reflect.NativeMethodAccessorImpl.invoke(NativeMethodAccessorImpl.java:62)
	at sun.reflect.DelegatingMethodAccessorImpl.invoke(DelegatingMethodAccessorImpl.java:43)
	at java.lang.reflect.Method.invoke(Method.java:498)
	at org.junit.runners.model.FrameworkMethod$1.runReflectiveCall(FrameworkMethod.java:44)
	at org.junit.internal.runners.model.ReflectiveCallable.run(ReflectiveCallable.java:15)
	at org.junit.runners.model.FrameworkMethod.invokeExplosively(FrameworkMethod.java:41)
	at junitparams.internal.InvokeParameterisedMethod.evaluate(InvokeParameterisedMethod.java:102)
	at org.junit.internal.runners.statements.FailOnTimeout$1.run(FailOnTimeout.java:28)
Caused by: ptolemy.kernel.util.IllegalActionException: Exceptions occurred during wrapup:
ptolemy.kernel.util.IllegalActionException: The fire() method of this actor was never called. Usually, this is an error indicating that starvation is occurring.
  in .SocketLong.Test
ptolemy.kernel.util.IllegalActionException: The fire() method of this actor was never called. Usually, this is an error indicating that starvation is occurring.
  in .SocketLong.Test2
ptolemy.kernel.util.IllegalActionException: The fire() method of this actor was never called. Usually, this is an error indicating that starvation is occurring.
  in .SocketLong.Test3

  in .SocketLong.DE Director
Because:
The fire() method of this actor was never called. Usually, this is an error indicating that starvation is occurring.
  in .SocketLong.Test
	at ptolemy.actor.Director.wrapup(Director.java:1736)
	at ptolemy.domains.de.kernel.DEDirector.wrapup(DEDirector.java:1526)
	at ptolemy.actor.CompositeActor.wrapup(CompositeActor.java:2735)
	at ptolemy.actor.Manager.wrapup(Manager.java:1512)
	at ptolemy.actor.Manager.execute(Manager.java:407)
	at ptolemy.actor.Manager.run(Manager.java:1263)
	at ptolemy.actor.Manager$PtolemyRunThread.run(Manager.java:1915)
Caused by: ptolemy.kernel.util.IllegalActionException: The fire() method of this actor was never called. Usually, this is an error indicating that starvation is occurring.
  in .SocketLong.Test
	at ptolemy.actor.lib.NonStrictTest.wrapup(NonStrictTest.java:393)
	at ptolemy.actor.Director.wrapup(Director.java:1722)
	... 6 more
java.lang.RuntimeException: Execution failed
	at ptolemy.moml.MoMLSimpleApplication$UnloadThread.run(MoMLSimpleApplication.java:402)
Caused by: ptolemy.kernel.util.IllegalActionException: Exceptions occurred during wrapup:
ptolemy.kernel.util.IllegalActionException: The fire() method of this actor was never called. Usually, this is an error indicating that starvation is occurring.
  in .SocketUnsignedInt.Test
ptolemy.kernel.util.IllegalActionException: The fire() method of this actor was never called. Usually, this is an error indicating that starvation is occurring.
  in .SocketUnsignedInt.Test2
ptolemy.kernel.util.IllegalActionException: The fire() method of this actor was never called. Usually, this is an error indicating that starvation is occurring.
  in .SocketUnsignedInt.Test3

  in .SocketUnsignedInt.DE Director
Because:
The fire() method of this actor was never called. Usually, this is an error indicating that starvation is occurring.
  in .SocketUnsignedInt.Test
	at ptolemy.actor.Director.wrapup(Director.java:1736)
	at ptolemy.domains.de.kernel.DEDirector.wrapup(DEDirector.java:1526)
	at ptolemy.actor.CompositeActor.wrapup(CompositeActor.java:2735)
	at ptolemy.actor.Manager.wrapup(Manager.java:1512)
	at ptolemy.actor.Manager.execute(Manager.java:407)
	at ptolemy.actor.Manager.run(Manager.java:1263)
	at ptolemy.actor.Manager$PtolemyRunThread.run(Manager.java:1915)
Caused by: ptolemy.kernel.util.IllegalActionException: The fire() method of this actor was never called. Usually, this is an error indicating that starvation is occurring.
  in .SocketUnsignedInt.Test
	at ptolemy.actor.lib.NonStrictTest.wrapup(NonStrictTest.java:393)
	at ptolemy.actor.Director.wrapup(Director.java:1722)
	... 6 more
java.lang.reflect.InvocationTargetException
	at sun.reflect.NativeConstructorAccessorImpl.newInstance0(Native Method)
	at sun.reflect.NativeConstructorAccessorImpl.newInstance(NativeConstructorAccessorImpl.java:62)
	at sun.reflect.DelegatingConstructorAccessorImpl.newInstance(DelegatingConstructorAccessorImpl.java:45)
	at java.lang.reflect.Constructor.newInstance(Constructor.java:423)
	at ptolemy.util.test.junit.AutoKnownFailedTests.RunModel(AutoKnownFailedTests.java:107)
	at sun.reflect.NativeMethodAccessorImpl.invoke0(Native Method)
	at sun.reflect.NativeMethodAccessorImpl.invoke(NativeMethodAccessorImpl.java:62)
	at sun.reflect.DelegatingMethodAccessorImpl.invoke(DelegatingMethodAccessorImpl.java:43)
	at java.lang.reflect.Method.invoke(Method.java:498)
	at org.junit.runners.model.FrameworkMethod$1.runReflectiveCall(FrameworkMethod.java:44)
	at org.junit.internal.runners.model.ReflectiveCallable.run(ReflectiveCallable.java:15)
	at org.junit.runners.model.FrameworkMethod.invokeExplosively(FrameworkMethod.java:41)
	at junitparams.internal.InvokeParameterisedMethod.evaluate(InvokeParameterisedMethod.java:102)
	at org.junit.internal.runners.statements.FailOnTimeout$1.run(FailOnTimeout.java:28)
Caused by: ptolemy.kernel.util.IllegalActionException: Exceptions occurred during wrapup:
ptolemy.kernel.util.IllegalActionException: The fire() method of this actor was never called. Usually, this is an error indicating that starvation is occurring.
  in .SocketUnsignedInt.Test
ptolemy.kernel.util.IllegalActionException: The fire() method of this actor was never called. Usually, this is an error indicating that starvation is occurring.
  in .SocketUnsignedInt.Test2
ptolemy.kernel.util.IllegalActionException: The fire() method of this actor was never called. Usually, this is an error indicating that starvation is occurring.
  in .SocketUnsignedInt.Test3

  in .SocketUnsignedInt.DE Director
Because:
The fire() method of this actor was never called. Usually, this is an error indicating that starvation is occurring.
  in .SocketUnsignedInt.Test
	at ptolemy.actor.Director.wrapup(Director.java:1736)
	at ptolemy.domains.de.kernel.DEDirector.wrapup(DEDirector.java:1526)
	at ptolemy.actor.CompositeActor.wrapup(CompositeActor.java:2735)
	at ptolemy.actor.Manager.wrapup(Manager.java:1512)
	at ptolemy.actor.Manager.execute(Manager.java:407)
	at ptolemy.actor.Manager.run(Manager.java:1263)
	at ptolemy.actor.Manager$PtolemyRunThread.run(Manager.java:1915)
Caused by: ptolemy.kernel.util.IllegalActionException: The fire() method of this actor was never called. Usually, this is an error indicating that starvation is occurring.
  in .SocketUnsignedInt.Test
	at ptolemy.actor.lib.NonStrictTest.wrapup(NonStrictTest.java:393)
	at ptolemy.actor.Director.wrapup(Director.java:1722)
	... 6 more
java.lang.RuntimeException: Execution failed
	at ptolemy.moml.MoMLSimpleApplication$UnloadThread.run(MoMLSimpleApplication.java:402)
Caused by: ptolemy.kernel.util.IllegalActionException: Exceptions occurred during wrapup:
ptolemy.kernel.util.IllegalActionException: Failure executing the wrapup function: Error: TrainableTest: The input handler of this accessor was never invoked. Usually, this is an error indicating that starvation is occurring. in <function> at line number 393 at column number 16
  in .Message2.TrainableTest
Because:
Error: TrainableTest: The input handler of this accessor was never invoked. Usually, this is an error indicating that starvation is occurring. in <function> at line number 393 at column number 16
ptolemy.kernel.util.IllegalActionException: Failure executing the wrapup function: Error: TrainableTest2: The input handler of this accessor was never invoked. Usually, this is an error indicating that starvation is occurring. in <function> at line number 393 at column number 16
  in .Message2.TrainableTest2
Because:
Error: TrainableTest2: The input handler of this accessor was never invoked. Usually, this is an error indicating that starvation is occurring. in <function> at line number 393 at column number 16

  in .Message2.DE Director
Because:
Failure executing the wrapup function: Error: TrainableTest: The input handler of this accessor was never invoked. Usually, this is an error indicating that starvation is occurring. in <function> at line number 393 at column number 16
  in .Message2.TrainableTest
Because:
Error: TrainableTest: The input handler of this accessor was never invoked. Usually, this is an error indicating that starvation is occurring. in <function> at line number 393 at column number 16
	at ptolemy.actor.Director.wrapup(Director.java:1736)
	at ptolemy.domains.de.kernel.DEDirector.wrapup(DEDirector.java:1526)
	at ptolemy.actor.CompositeActor.wrapup(CompositeActor.java:2735)
	at ptolemy.actor.Manager.wrapup(Manager.java:1512)
	at ptolemy.actor.Manager.execute(Manager.java:407)
	at ptolemy.actor.Manager.run(Manager.java:1263)
	at ptolemy.actor.Manager$PtolemyRunThread.run(Manager.java:1915)
Caused by: ptolemy.kernel.util.IllegalActionException: Failure executing the wrapup function: Error: TrainableTest: The input handler of this accessor was never invoked. Usually, this is an error indicating that starvation is occurring. in <function> at line number 393 at column number 16
  in .Message2.TrainableTest
Because:
Error: TrainableTest: The input handler of this accessor was never invoked. Usually, this is an error indicating that starvation is occurring. in <function> at line number 393 at column number 16
	at ptolemy.actor.lib.jjs.JavaScript._invokeMethodInContext(JavaScript.java:2216)
	at ptolemy.actor.lib.jjs.JavaScript.wrapup(JavaScript.java:2111)
	at ptolemy.actor.Director.wrapup(Director.java:1722)
	... 6 more
Caused by: javax.script.ScriptException: Error: TrainableTest: The input handler of this accessor was never invoked. Usually, this is an error indicating that starvation is occurring. in <function> at line number 393 at column number 16
	at jdk.nashorn.api.scripting.NashornScriptEngine.throwAsScriptException(NashornScriptEngine.java:470)
	at jdk.nashorn.api.scripting.NashornScriptEngine.invokeImpl(NashornScriptEngine.java:392)
	at jdk.nashorn.api.scripting.NashornScriptEngine.invokeMethod(NashornScriptEngine.java:199)
	at ptolemy.actor.lib.jjs.JavaScript._invokeMethodInContext(JavaScript.java:2193)
	... 8 more
Caused by: <function>:393:16 Error: TrainableTest: The input handler of this accessor was never invoked. Usually, this is an error indicating that starvation is occurring.
	at jdk.nashorn.internal.objects.NativeError.initException(NativeError.java:137)
	at jdk.nashorn.internal.objects.NativeError.<init>(NativeError.java:102)
	at jdk.nashorn.internal.objects.NativeError.<init>(NativeError.java:106)
	at jdk.nashorn.internal.objects.NativeError.<init>(NativeError.java:110)
	at jdk.nashorn.internal.objects.NativeError.constructor(NativeError.java:129)
	at jdk.nashorn.internal.scripts.Script$Recompilation$4969$18508$\^function\_.L:1#wrapup(<function>:393)
	at jdk.nashorn.internal.scripts.Script$Recompilation$4967$30328$require.L:1#Accessor#wrapup(/home/travis/build/icyphy/ptII/ptolemy/actor/lib/jjs/external/require.js#401:30<eval>:673)
	at jdk.nashorn.internal.runtime.ScriptFunctionData.invoke(ScriptFunctionData.java:637)
	at jdk.nashorn.internal.runtime.ScriptFunction.invoke(ScriptFunction.java:494)
	at jdk.nashorn.internal.runtime.ScriptRuntime.apply(ScriptRuntime.java:393)
	at jdk.nashorn.api.scripting.ScriptObjectMirror.callMember(ScriptObjectMirror.java:199)
	at jdk.nashorn.api.scripting.NashornScriptEngine.invokeImpl(NashornScriptEngine.java:386)
	... 10 more
java.lang.RuntimeException: Execution failed
	at ptolemy.moml.MoMLSimpleApplication$UnloadThread.run(MoMLSimpleApplication.java:402)
Caused by: ptolemy.kernel.util.IllegalActionException: Exceptions occurred during wrapup:
ptolemy.kernel.util.IllegalActionException: Failure executing the wrapup function: Error: TrainableTest: The input handler of this accessor was never invoked. Usually, this is an error indicating that starvation is occurring. in <function> at line number 393 at column number 16
  in .Message3.TrainableTest
Because:
Error: TrainableTest: The input handler of this accessor was never invoked. Usually, this is an error indicating that starvation is occurring. in <function> at line number 393 at column number 16
ptolemy.kernel.util.IllegalActionException: Failure executing the wrapup function: Error: TrainableTest2: The input handler of this accessor was never invoked. Usually, this is an error indicating that starvation is occurring. in <function> at line number 393 at column number 16
  in .Message3.TrainableTest2
Because:
Error: TrainableTest2: The input handler of this accessor was never invoked. Usually, this is an error indicating that starvation is occurring. in <function> at line number 393 at column number 16

  in .Message3.DE Director
Because:
Failure executing the wrapup function: Error: TrainableTest: The input handler of this accessor was never invoked. Usually, this is an error indicating that starvation is occurring. in <function> at line number 393 at column number 16
  in .Message3.TrainableTest
Because:
Error: TrainableTest: The input handler of this accessor was never invoked. Usually, this is an error indicating that starvation is occurring. in <function> at line number 393 at column number 16
	at ptolemy.actor.Director.wrapup(Director.java:1736)
	at ptolemy.domains.de.kernel.DEDirector.wrapup(DEDirector.java:1526)
	at ptolemy.actor.CompositeActor.wrapup(CompositeActor.java:2735)
	at ptolemy.actor.Manager.wrapup(Manager.java:1512)
	at ptolemy.actor.Manager.execute(Manager.java:407)
	at ptolemy.actor.Manager.run(Manager.java:1263)
	at ptolemy.actor.Manager$PtolemyRunThread.run(Manager.java:1915)
[...]
	at io.netty.channel.nio.NioEventLoop.run(NioEventLoop.java:459)
	at io.netty.util.concurrent.SingleThreadEventExecutor$5.run(SingleThreadEventExecutor.java:886)
	at io.netty.util.concurrent.FastThreadLocalRunnable.run(FastThreadLocalRunnable.java:30)
	at java.lang.Thread.run(Thread.java:748)
Caused by: java.net.ConnectException: Connection refused
	... 11 more
ptolemy.kernel.util.IllegalActionException: Failed to connect: 
Connection refused: localhost/127.0.0.1:4013
Connection refused
  in .SocketDoubleArray.Client
Because:
Connection refused: localhost/127.0.0.1:4013
	at ptolemy.actor.lib.jjs.HelperBase$2.run(HelperBase.java:213)
	at ptolemy.actor.lib.jjs.JavaScript.fire(JavaScript.java:1050)
	at ptolemy.domains.de.kernel.DEDirector._fire(DEDirector.java:1948)
	at ptolemy.domains.de.kernel.DEDirector.fire(DEDirector.java:502)
	at ptolemy.actor.CompositeActor.fire(CompositeActor.java:455)
	at ptolemy.actor.Manager.iterate(Manager.java:851)
	at ptolemy.actor.Manager.execute(Manager.java:369)
	at ptolemy.actor.Manager.run(Manager.java:1263)
	at ptolemy.actor.Manager$PtolemyRunThread.run(Manager.java:1915)
Caused by: io.netty.channel.AbstractChannel$AnnotatedConnectException: Connection refused: localhost/127.0.0.1:4013
	at sun.nio.ch.SocketChannelImpl.checkConnect(Native Method)
	at sun.nio.ch.SocketChannelImpl.finishConnect(SocketChannelImpl.java:717)
	at io.netty.channel.socket.nio.NioSocketChannel.doFinishConnect(NioSocketChannel.java:325)
	at io.netty.channel.nio.AbstractNioChannel$AbstractNioUnsafe.finishConnect(AbstractNioChannel.java:340)
	at io.netty.channel.nio.NioEventLoop.processSelectedKey(NioEventLoop.java:633)
	at io.netty.channel.nio.NioEventLoop.processSelectedKeysOptimized(NioEventLoop.java:580)
	at io.netty.channel.nio.NioEventLoop.processSelectedKeys(NioEventLoop.java:497)
	at io.netty.channel.nio.NioEventLoop.run(NioEventLoop.java:459)
	at io.netty.util.concurrent.SingleThreadEventExecutor$5.run(SingleThreadEventExecutor.java:886)
	at io.netty.util.concurrent.FastThreadLocalRunnable.run(FastThreadLocalRunnable.java:30)
	at java.lang.Thread.run(Thread.java:748)
Caused by: java.net.ConnectException: Connection refused
	... 11 more
Caused by: io.netty.channel.AbstractChannel$AnnotatedConnectException: Connection refused: localhost/127.0.0.1:4013
	at sun.nio.ch.SocketChannelImpl.checkConnect(Native Method)
	at sun.nio.ch.SocketChannelImpl.finishConnect(SocketChannelImpl.java:717)
	at io.netty.channel.socket.nio.NioSocketChannel.doFinishConnect(NioSocketChannel.java:325)
	at io.netty.channel.nio.AbstractNioChannel$AbstractNioUnsafe.finishConnect(AbstractNioChannel.java:340)
	at io.netty.channel.nio.NioEventLoop.processSelectedKey(NioEventLoop.java:633)
	at io.netty.channel.nio.NioEventLoop.processSelectedKeysOptimized(NioEventLoop.java:580)
	at io.netty.channel.nio.NioEventLoop.processSelectedKeys(NioEventLoop.java:497)
	at io.netty.channel.nio.NioEventLoop.run(NioEventLoop.java:459)
	at io.netty.util.concurrent.SingleThreadEventExecutor$5.run(SingleThreadEventExecutor.java:886)
	at io.netty.util.concurrent.FastThreadLocalRunnable.run(FastThreadLocalRunnable.java:30)
	at java.lang.Thread.run(Thread.java:748)
Caused by: java.net.ConnectException: Connection refused
	... 11 more
java.lang.RuntimeException: Execution failed
	at ptolemy.moml.MoMLSimpleApplication$UnloadThread.run(MoMLSimpleApplication.java:402)
Caused by: java.lang.RuntimeException: ptolemy.kernel.util.IllegalActionException: Failed to connect: 
Connection refused: localhost/127.0.0.1:4013
Connection refused
  in .SocketDoubleArray.Client
Because:
Connection refused: localhost/127.0.0.1:4013
	at ptolemy.util.MessageHandler.error(MessageHandler.java:115)
	at ptolemy.actor.lib.jjs.JavaScript.error(JavaScript.java:857)
	at ptolemy.actor.lib.jjs.HelperBase$2.run(HelperBase.java:213)
	at ptolemy.actor.lib.jjs.JavaScript.fire(JavaScript.java:1050)
	at ptolemy.domains.de.kernel.DEDirector._fire(DEDirector.java:1948)
	at ptolemy.domains.de.kernel.DEDirector.fire(DEDirector.java:502)
	at ptolemy.actor.CompositeActor.fire(CompositeActor.java:455)
	at ptolemy.actor.Manager.iterate(Manager.java:851)
	at ptolemy.actor.Manager.execute(Manager.java:369)
	at ptolemy.actor.Manager.run(Manager.java:1263)
	at ptolemy.actor.Manager$PtolemyRunThread.run(Manager.java:1915)
Caused by: ptolemy.kernel.util.IllegalActionException: Failed to connect: 
Connection refused: localhost/127.0.0.1:4013
Connection refused
  in .SocketDoubleArray.Client
Because:
Connection refused: localhost/127.0.0.1:4013
	... 9 more
Caused by: io.netty.channel.AbstractChannel$AnnotatedConnectException: Connection refused: localhost/127.0.0.1:4013
	at sun.nio.ch.SocketChannelImpl.checkConnect(Native Method)
	at sun.nio.ch.SocketChannelImpl.finishConnect(SocketChannelImpl.java:717)
	at io.netty.channel.socket.nio.NioSocketChannel.doFinishConnect(NioSocketChannel.java:325)
	at io.netty.channel.nio.AbstractNioChannel$AbstractNioUnsafe.finishConnect(AbstractNioChannel.java:340)
	at io.netty.channel.nio.NioEventLoop.processSelectedKey(NioEventLoop.java:633)
	at io.netty.channel.nio.NioEventLoop.processSelectedKeysOptimized(NioEventLoop.java:580)
	at io.netty.channel.nio.NioEventLoop.processSelectedKeys(NioEventLoop.java:497)
	at io.netty.channel.nio.NioEventLoop.run(NioEventLoop.java:459)
	at io.netty.util.concurrent.SingleThreadEventExecutor$5.run(SingleThreadEventExecutor.java:886)
	at io.netty.util.concurrent.FastThreadLocalRunnable.run(FastThreadLocalRunnable.java:30)
	at java.lang.Thread.run(Thread.java:748)
Caused by: java.net.ConnectException: Connection refused
	... 11 more
[Thread-52] INFO com.github.sarxos.webcam.Webcam - WebcamDefaultDriver capture driver will be used
[atomic-processor-1] INFO com.github.sarxos.webcam.ds.cgt.WebcamOpenTask - Opening webcam Dummy Webcam 0
[atomic-processor-1] INFO com.github.sarxos.webcam.ds.cgt.WebcamCloseTask - Closing Dummy Webcam 0
[atomic-processor-1] INFO com.github.sarxos.webcam.ds.cgt.WebcamOpenTask - Opening webcam Dummy Webcam 0
[atomic-processor-1] INFO com.github.sarxos.webcam.ds.cgt.WebcamCloseTask - Closing Dummy Webcam 0
[atomic-processor-1] INFO com.github.sarxos.webcam.ds.cgt.WebcamOpenTask - Opening webcam Dummy Webcam 0
[atomic-processor-1] INFO com.github.sarxos.webcam.ds.cgt.WebcamCloseTask - Closing Dummy Webcam 0
[atomic-processor-1] INFO com.github.sarxos.webcam.ds.cgt.WebcamOpenTask - Opening webcam Dummy Webcam 0
[atomic-processor-1] INFO com.github.sarxos.webcam.ds.cgt.WebcamCloseTask - Closing Dummy Webcam 0
[atomic-processor-1] INFO com.github.sarxos.webcam.ds.cgt.WebcamOpenTask - Opening webcam Dummy Webcam 0
ptolemy.kernel.util.IllegalActionException: Failed to connect: 
Connection refused: localhost/127.0.0.1:4000
Connection refused
  in .SocketImageRaw.Client
Because:
Connection refused: localhost/127.0.0.1:4000
	at ptolemy.actor.lib.jjs.HelperBase$2.run(HelperBase.java:213)
	at ptolemy.actor.lib.jjs.JavaScript.fire(JavaScript.java:1050)
	at ptolemy.domains.de.kernel.DEDirector._fire(DEDirector.java:1948)
	at ptolemy.domains.de.kernel.DEDirector.fire(DEDirector.java:502)
	at ptolemy.actor.CompositeActor.fire(CompositeActor.java:455)
	at ptolemy.actor.Manager.iterate(Manager.java:851)
	at ptolemy.actor.Manager.execute(Manager.java:369)
	at ptolemy.actor.Manager.run(Manager.java:1263)
	at ptolemy.actor.Manager$PtolemyRunThread.run(Manager.java:1915)
Caused by: io.netty.channel.AbstractChannel$AnnotatedConnectException: Connection refused: localhost/127.0.0.1:4000
	at sun.nio.ch.SocketChannelImpl.checkConnect(Native Method)
	at sun.nio.ch.SocketChannelImpl.finishConnect(SocketChannelImpl.java:717)
	at io.netty.channel.socket.nio.NioSocketChannel.doFinishConnect(NioSocketChannel.java:325)
	at io.netty.channel.nio.AbstractNioChannel$AbstractNioUnsafe.finishConnect(AbstractNioChannel.java:340)
	at io.netty.channel.nio.NioEventLoop.processSelectedKey(NioEventLoop.java:633)
	at io.netty.channel.nio.NioEventLoop.processSelectedKeysOptimized(NioEventLoop.java:580)
	at io.netty.channel.nio.NioEventLoop.processSelectedKeys(NioEventLoop.java:497)
	at io.netty.channel.nio.NioEventLoop.run(NioEventLoop.java:459)
	at io.netty.util.concurrent.SingleThreadEventExecutor$5.run(SingleThreadEventExecutor.java:886)
	at io.netty.util.concurrent.FastThreadLocalRunnable.run(FastThreadLocalRunnable.java:30)
	at java.lang.Thread.run(Thread.java:748)
Caused by: java.net.ConnectException: Connection refused
	... 11 more
Caused by: io.netty.channel.AbstractChannel$AnnotatedConnectException: Connection refused: localhost/127.0.0.1:4000
	at sun.nio.ch.SocketChannelImpl.checkConnect(Native Method)
	at sun.nio.ch.SocketChannelImpl.finishConnect(SocketChannelImpl.java:717)
	at io.netty.channel.socket.nio.NioSocketChannel.doFinishConnect(NioSocketChannel.java:325)
	at io.netty.channel.nio.AbstractNioChannel$AbstractNioUnsafe.finishConnect(AbstractNioChannel.java:340)
	at io.netty.channel.nio.NioEventLoop.processSelectedKey(NioEventLoop.java:633)
	at io.netty.channel.nio.NioEventLoop.processSelectedKeysOptimized(NioEventLoop.java:580)
	at io.netty.channel.nio.NioEventLoop.processSelectedKeys(NioEventLoop.java:497)
	at io.netty.channel.nio.NioEventLoop.run(NioEventLoop.java:459)
	at io.netty.util.concurrent.SingleThreadEventExecutor$5.run(SingleThreadEventExecutor.java:886)
	at io.netty.util.concurrent.FastThreadLocalRunnable.run(FastThreadLocalRunnable.java:30)
	at java.lang.Thread.run(Thread.java:748)
Caused by: java.net.ConnectException: Connection refused
	... 11 more
[atomic-processor-1] INFO com.github.sarxos.webcam.ds.cgt.WebcamCloseTask - Closing Dummy Webcam 0
java.lang.RuntimeException: Execution failed
	at ptolemy.moml.MoMLSimpleApplication$UnloadThread.run(MoMLSimpleApplication.java:402)
Caused by: java.lang.RuntimeException: ptolemy.kernel.util.IllegalActionException: Failed to connect: 
Connection refused: localhost/127.0.0.1:4000
Connection refused
  in .SocketImageRaw.Client
Because:
Connection refused: localhost/127.0.0.1:4000
	at ptolemy.util.MessageHandler.error(MessageHandler.java:115)
	at ptolemy.actor.lib.jjs.JavaScript.error(JavaScript.java:857)
	at ptolemy.actor.lib.jjs.HelperBase$2.run(HelperBase.java:213)
	at ptolemy.actor.lib.jjs.JavaScript.fire(JavaScript.java:1050)
	at ptolemy.domains.de.kernel.DEDirector._fire(DEDirector.java:1948)
	at ptolemy.domains.de.kernel.DEDirector.fire(DEDirector.java:502)
	at ptolemy.actor.CompositeActor.fire(CompositeActor.java:455)
	at ptolemy.actor.Manager.iterate(Manager.java:851)
	at ptolemy.actor.Manager.execute(Manager.java:369)
	at ptolemy.actor.Manager.run(Manager.java:1263)
	at ptolemy.actor.Manager$PtolemyRunThread.run(Manager.java:1915)
Caused by: ptolemy.kernel.util.IllegalActionException: Failed to connect: 
Connection refused: localhost/127.0.0.1:4000
Connection refused
  in .SocketImageRaw.Client
Because:
Connection refused: localhost/127.0.0.1:4000
	... 9 more
Caused by: io.netty.channel.AbstractChannel$AnnotatedConnectException: Connection refused: localhost/127.0.0.1:4000
	at sun.nio.ch.SocketChannelImpl.checkConnect(Native Method)
	at sun.nio.ch.SocketChannelImpl.finishConnect(SocketChannelImpl.java:717)
	at io.netty.channel.socket.nio.NioSocketChannel.doFinishConnect(NioSocketChannel.java:325)
	at io.netty.channel.nio.AbstractNioChannel$AbstractNioUnsafe.finishConnect(AbstractNioChannel.java:340)
	at io.netty.channel.nio.NioEventLoop.processSelectedKey(NioEventLoop.java:633)
	at io.netty.channel.nio.NioEventLoop.processSelectedKeysOptimized(NioEventLoop.java:580)
	at io.netty.channel.nio.NioEventLoop.processSelectedKeys(NioEventLoop.java:497)
	at io.netty.channel.nio.NioEventLoop.run(NioEventLoop.java:459)
	at io.netty.util.concurrent.SingleThreadEventExecutor$5.run(SingleThreadEventExecutor.java:886)
	at io.netty.util.concurrent.FastThreadLocalRunnable.run(FastThreadLocalRunnable.java:30)
	at java.lang.Thread.run(Thread.java:748)
Caused by: java.net.ConnectException: Connection refused
	... 11 more
java.lang.RuntimeException: Execution failed
	at ptolemy.moml.MoMLSimpleApplication$UnloadThread.run(MoMLSimpleApplication.java:402)
Caused by: ptolemy.kernel.util.IllegalActionException: Exceptions occurred during wrapup:
ptolemy.kernel.util.IllegalActionException: The fire() method of this actor was never called. Usually, this is an error indicating that starvation is occurring.
  in .SocketUnsignedByte.Test
ptolemy.kernel.util.IllegalActionException: The fire() method of this actor was never called. Usually, this is an error indicating that starvation is occurring.
  in .SocketUnsignedByte.Test2
ptolemy.kernel.util.IllegalActionException: The fire() method of this actor was never called. Usually, this is an error indicating that starvation is occurring.
  in .SocketUnsignedByte.Test3

  in .SocketUnsignedByte.DE Director
Because:
The fire() method of this actor was never called. Usually, this is an error indicating that starvation is occurring.
  in .SocketUnsignedByte.Test
	at ptolemy.actor.Director.wrapup(Director.java:1736)
	at ptolemy.domains.de.kernel.DEDirector.wrapup(DEDirector.java:1526)
	at ptolemy.actor.CompositeActor.wrapup(CompositeActor.java:2735)
	at ptolemy.actor.Manager.wrapup(Manager.java:1512)
	at ptolemy.actor.Manager.execute(Manager.java:407)
	at ptolemy.actor.Manager.run(Manager.java:1263)
	at ptolemy.actor.Manager$PtolemyRunThread.run(Manager.java:1915)
Caused by: ptolemy.kernel.util.IllegalActionException: The fire() method of this actor was never called. Usually, this is an error indicating that starvation is occurring.
  in .SocketUnsignedByte.Test
	at ptolemy.actor.lib.NonStrictTest.wrapup(NonStrictTest.java:393)
	at ptolemy.actor.Director.wrapup(Director.java:1722)
	... 6 more
java.lang.RuntimeException: Execution failed
	at ptolemy.moml.MoMLSimpleApplication$UnloadThread.run(MoMLSimpleApplication.java:402)
Caused by: ptolemy.kernel.util.IllegalActionException: Exceptions occurred during wrapup:
ptolemy.kernel.util.IllegalActionException: Failure executing the wrapup function: Error: TrainableTest: The input handler of this accessor was never invoked. Usually, this is an error indicating that starvation is occurring. in <function> at line number 393 at column number 16
  in .TCPSocketSecureServerClient.TrainableTest
Because:
Error: TrainableTest: The input handler of this accessor was never invoked. Usually, this is an error indicating that starvation is occurring. in <function> at line number 393 at column number 16
ptolemy.kernel.util.IllegalActionException: Failure executing the wrapup function: Error: TrainableTest2: The input handler of this accessor was never invoked. Usually, this is an error indicating that starvation is occurring. in <function> at line number 393 at column number 16
  in .TCPSocketSecureServerClient.TrainableTest2
Because:
Error: TrainableTest2: The input handler of this accessor was never invoked. Usually, this is an error indicating that starvation is occurring. in <function> at line number 393 at column number 16
ptolemy.kernel.util.IllegalActionException: Failure executing the wrapup function: Error: TrainableTest3: The input handler of this accessor was never invoked. Usually, this is an error indicating that starvation is occurring. in <function> at line number 393 at column number 16
  in .TCPSocketSecureServerClient.TrainableTest3
Because:
Error: TrainableTest3: The input handler of this accessor was never invoked. Usually, this is an error indicating that starvation is occurring. in <function> at line number 393 at column number 16
ptolemy.kernel.util.IllegalActionException: Failure executing the wrapup function: Error: TrainableTest4: The input handler of this accessor was never invoked. Usually, this is an error indicating that starvation is occurring. in <function> at line number 393 at column number 16
  in .TCPSocketSecureServerClient.TrainableTest4
Because:
Error: TrainableTest4: The input handler of this accessor was never invoked. Usually, this is an error indicating that starvation is occurring. in <function> at line number 393 at column number 16

  in .TCPSocketSecureServerClient.DE Director
Because:
Failure executing the wrapup function: Error: TrainableTest: The input handler of this accessor was never invoked. Usually, this is an error indicating that starvation is occurring. in <function> at line number 393 at column number 16
  in .TCPSocketSecureServerClient.TrainableTest
Because:
Error: TrainableTest: The input handler of this accessor was never invoked. Usually, this is an error indicating that starvation is occurring. in <function> at line number 393 at column number 16
	at ptolemy.actor.Director.wrapup(Director.java:1736)
	at ptolemy.domains.de.kernel.DEDirector.wrapup(DEDirector.java:1526)
	at ptolemy.actor.CompositeActor.wrapup(CompositeActor.java:2735)
	at ptolemy.actor.Manager.wrapup(Manager.java:1512)
	at ptolemy.actor.Manager.execute(Manager.java:407)
	at ptolemy.actor.Manager.run(Manager.java:1263)
	at ptolemy.actor.Manager$PtolemyRunThread.run(Manager.java:1915)
Caused by: ptolemy.kernel.util.IllegalActionException: Failure executing the wrapup function: Error: TrainableTest: The input handler of this accessor was never invoked. Usually, this is an error indicating that starvation is occurring. in <function> at line number 393 at column number 16
  in .TCPSocketSecureServerClient.TrainableTest
Because:
Error: TrainableTest: The input handler of this accessor was never invoked. Usually, this is an error indicating that starvation is occurring. in <function> at line number 393 at column number 16
	at ptolemy.actor.lib.jjs.JavaScript._invokeMethodInContext(JavaScript.java:2216)
	at ptolemy.actor.lib.jjs.JavaScript.wrapup(JavaScript.java:2111)
	at ptolemy.actor.Director.wrapup(Director.java:1722)
	... 6 more
Caused by: javax.script.ScriptException: Error: TrainableTest: The input handler of this accessor was never invoked. Usually, this is an error indicating that starvation is occurring. in <function> at line number 393 at column number 16
	at jdk.nashorn.api.scripting.NashornScriptEngine.throwAsScriptException(NashornScriptEngine.java:470)
	at jdk.nashorn.api.scripting.NashornScriptEngine.invokeImpl(NashornScriptEngine.java:392)
	at jdk.nashorn.api.scripting.NashornScriptEngine.invokeMethod(NashornScriptEngine.java:199)
	at ptolemy.actor.lib.jjs.JavaScript._invokeMethodInContext(JavaScript.java:2193)
	... 8 more
Caused by: <function>:393:16 Error: TrainableTest: The input handler of this accessor was never invoked. Usually, this is an error indicating that starvation is occurring.
	at jdk.nashorn.internal.objects.NativeError.initException(NativeError.java:137)
	at jdk.nashorn.internal.objects.NativeError.<init>(NativeError.java:102)
	at jdk.nashorn.internal.objects.NativeError.<init>(NativeError.java:106)
	at jdk.nashorn.internal.objects.NativeError.<init>(NativeError.java:110)
	at jdk.nashorn.internal.objects.NativeError.constructor(NativeError.java:129)
	at jdk.nashorn.internal.scripts.Script$Recompilation$54961$18508$\^function\_.L:1#wrapup(<function>:393)
	at jdk.nashorn.internal.scripts.Script$Recompilation$54959$30328$require.L:1#Accessor#wrapup(/home/travis/build/icyphy/ptII/ptolemy/actor/lib/jjs/external/require.js#401:30<eval>:673)
	at jdk.nashorn.internal.runtime.ScriptFunctionData.invoke(ScriptFunctionData.java:637)
	at jdk.nashorn.internal.runtime.ScriptFunction.invoke(ScriptFunction.java:494)
	at jdk.nashorn.internal.runtime.ScriptRuntime.apply(ScriptRuntime.java:393)
	at jdk.nashorn.api.scripting.ScriptObjectMirror.callMember(ScriptObjectMirror.java:199)
	at jdk.nashorn.api.scripting.NashornScriptEngine.invokeImpl(NashornScriptEngine.java:386)
	... 10 more
WARNING: JavaScriptDiscreteClock: Model stopped before executing actions (e.g. producing outputs) scheduled for execution at times [4.106, 5.106]
WARNING: JavaScriptDiscreteClock: Model stopped before executing actions (e.g. producing outputs) scheduled for execution at times [4.107, 5.107]
]]></system-err>
</testsuite>
