<?xml version="1.0" encoding="UTF-8" ?>
<testsuite errors="0" failures="0" hostname="travis-job-b2e77f67-070d-4a0c-842f-f8c52e66e7c2" name="ptolemy.domains.de.test.junit.JUnitTclTest" skipped="0" tests="101" time="130.395" timestamp="2018-05-01T21:36:57">
  <properties>
[...]
</properties>
  <testcase classname="ptolemy.util.test.junit.TclTests" name="[0] /home/travis/build/icyphy/ptII/ptolemy/domains/de/test/DependencyLoop.tcl (RunTclFile)" time="0.785" />
  <testcase classname="ptolemy.util.test.junit.TclTests" name="[1] /home/travis/build/icyphy/ptII/ptolemy/domains/de/test/RunDETestsAsQSS.tcl (RunTclFile)" time="88.983" />
  <testcase classname="ptolemy.util.test.junit.AutoKnownFailedTests" name="[0] /home/travis/build/icyphy/ptII/ptolemy/domains/de/test/auto/knownFailedTests/DESDFClockTest.xml (RunModel)" time="2.032" />
  <testcase classname="ptolemy.util.test.junit.AutoKnownFailedTests" name="[1] /home/travis/build/icyphy/ptII/ptolemy/domains/de/test/auto/knownFailedTests/DirectFeedback.xml (RunModel)" time="0.012" />
  <testcase classname="ptolemy.util.test.junit.AutoKnownFailedTests" name="[2] /home/travis/build/icyphy/ptII/ptolemy/domains/de/test/auto/knownFailedTests/FSMSource.xml (RunModel)" time="0.03" />
  <testcase classname="ptolemy.util.test.junit.AutoKnownFailedTests" name="[3] /home/travis/build/icyphy/ptII/ptolemy/domains/de/test/auto/knownFailedTests/HierarchicalModel.xml (RunModel)" time="0.026" />
  <testcase classname="ptolemy.util.test.junit.AutoKnownFailedTests" name="[4] /home/travis/build/icyphy/ptII/ptolemy/domains/de/test/auto/knownFailedTests/dependencyLoop.xml (RunModel)" time="0.027" />
  <testcase classname="ptolemy.util.test.junit.AutoKnownFailedTests" name="[5] /home/travis/build/icyphy/ptII/ptolemy/domains/de/test/auto/knownFailedTests/dependencyLoop2.xml (RunModel)" time="0.039" />
  <testcase classname="ptolemy.util.test.junit.AutoNameArchTests" name="[0] ThereAreNoAutoTests (RunModel)" time="0.005" />
  <testcase classname="ptolemy.util.test.junit.AutoTests" name="[0] /home/travis/build/icyphy/ptII/ptolemy/domains/de/test/auto/ActorDepthCalculation_actorWithoutPorts.xml (RunModel)" time="0.012" />
  <testcase classname="ptolemy.util.test.junit.AutoTests" name="[1] /home/travis/build/icyphy/ptII/ptolemy/domains/de/test/auto/AssemblyLine.xml (RunModel)" time="0.017" />
  <testcase classname="ptolemy.util.test.junit.AutoTests" name="[2] /home/travis/build/icyphy/ptII/ptolemy/domains/de/test/auto/CQBug1.xml (RunModel)" time="0.009" />
  <testcase classname="ptolemy.util.test.junit.AutoTests" name="[3] /home/travis/build/icyphy/ptII/ptolemy/domains/de/test/auto/CancelFireAt.xml (RunModel)" time="0.008" />
  <testcase classname="ptolemy.util.test.junit.AutoTests" name="[4] /home/travis/build/icyphy/ptII/ptolemy/domains/de/test/auto/CausalityAndComposabilityAnalysis.xml (RunModel)" time="0.011" />
  <testcase classname="ptolemy.util.test.junit.AutoTests" name="[5] /home/travis/build/icyphy/ptII/ptolemy/domains/de/test/auto/CausalityInterface1.xml (RunModel)" time="0.013" />
  <testcase classname="ptolemy.util.test.junit.AutoTests" name="[6] /home/travis/build/icyphy/ptII/ptolemy/domains/de/test/auto/CausalityInterface15.xml (RunModel)" time="0.011" />
  <testcase classname="ptolemy.util.test.junit.AutoTests" name="[7] /home/travis/build/icyphy/ptII/ptolemy/domains/de/test/auto/CausalityInterface2.xml (RunModel)" time="0.011" />
  <testcase classname="ptolemy.util.test.junit.AutoTests" name="[8] /home/travis/build/icyphy/ptII/ptolemy/domains/de/test/auto/CausalityInterface3.xml (RunModel)" time="0.016" />
  <testcase classname="ptolemy.util.test.junit.AutoTests" name="[9] /home/travis/build/icyphy/ptII/ptolemy/domains/de/test/auto/ClockDrift.xml (RunModel)" time="0.04" />
  <testcase classname="ptolemy.util.test.junit.AutoTests" name="[10] /home/travis/build/icyphy/ptII/ptolemy/domains/de/test/auto/ClockDriftAndValueChange.xml (RunModel)" time="0.021" />
  <testcase classname="ptolemy.util.test.junit.AutoTests" name="[11] /home/travis/build/icyphy/ptII/ptolemy/domains/de/test/auto/ClockDriftChange.xml (RunModel)" time="0.018" />
  <testcase classname="ptolemy.util.test.junit.AutoTests" name="[12] /home/travis/build/icyphy/ptII/ptolemy/domains/de/test/auto/ComposableCausalityAnalysis.xml (RunModel)" time="0.013" />
  <testcase classname="ptolemy.util.test.junit.AutoTests" name="[13] /home/travis/build/icyphy/ptII/ptolemy/domains/de/test/auto/DEFixedPointLimitation.xml (RunModel)" time="0.007" />
  <testcase classname="ptolemy.util.test.junit.AutoTests" name="[14] /home/travis/build/icyphy/ptII/ptolemy/domains/de/test/auto/DEScheduleTest.xml (RunModel)" time="0.007" />
  <testcase classname="ptolemy.util.test.junit.AutoTests" name="[15] /home/travis/build/icyphy/ptII/ptolemy/domains/de/test/auto/DEinDEwithStartTimes.xml (RunModel)" time="0.009" />
  <testcase classname="ptolemy.util.test.junit.AutoTests" name="[16] /home/travis/build/icyphy/ptII/ptolemy/domains/de/test/auto/DEinDEwithStartTimes2.xml (RunModel)" time="0.016" />
  <testcase classname="ptolemy.util.test.junit.AutoTests" name="[17] /home/travis/build/icyphy/ptII/ptolemy/domains/de/test/auto/DateDemo.xml (RunModel)" time="0.019" />
  <testcase classname="ptolemy.util.test.junit.AutoTests" name="[18] /home/travis/build/icyphy/ptII/ptolemy/domains/de/test/auto/DateToEvent.xml (RunModel)" time="2.029" />
  <testcase classname="ptolemy.util.test.junit.AutoTests" name="[19] /home/travis/build/icyphy/ptII/ptolemy/domains/de/test/auto/DepthTest1.xml (RunModel)" time="0.007" />
  <testcase classname="ptolemy.util.test.junit.AutoTests" name="[20] /home/travis/build/icyphy/ptII/ptolemy/domains/de/test/auto/DepthTest2.xml (RunModel)" time="0.018" />
  <testcase classname="ptolemy.util.test.junit.AutoTests" name="[21] /home/travis/build/icyphy/ptII/ptolemy/domains/de/test/auto/DepthTest3.xml (RunModel)" time="0.007" />
  <testcase classname="ptolemy.util.test.junit.AutoTests" name="[22] /home/travis/build/icyphy/ptII/ptolemy/domains/de/test/auto/DepthTest4.xml (RunModel)" time="0.014" />
  <testcase classname="ptolemy.util.test.junit.AutoTests" name="[23] /home/travis/build/icyphy/ptII/ptolemy/domains/de/test/auto/DepthTest5.xml (RunModel)" time="0.014" />
  <testcase classname="ptolemy.util.test.junit.AutoTests" name="[24] /home/travis/build/icyphy/ptII/ptolemy/domains/de/test/auto/DepthTest6.xml (RunModel)" time="0.014" />
  <testcase classname="ptolemy.util.test.junit.AutoTests" name="[25] /home/travis/build/icyphy/ptII/ptolemy/domains/de/test/auto/DepthTest7.xml (RunModel)" time="0.016" />
  <testcase classname="ptolemy.util.test.junit.AutoTests" name="[26] /home/travis/build/icyphy/ptII/ptolemy/domains/de/test/auto/EventToDate.xml (RunModel)" time="3.039" />
  <testcase classname="ptolemy.util.test.junit.AutoTests" name="[27] /home/travis/build/icyphy/ptII/ptolemy/domains/de/test/auto/FSM1.xml (RunModel)" time="0.04" />
  <testcase classname="ptolemy.util.test.junit.AutoTests" name="[28] /home/travis/build/icyphy/ptII/ptolemy/domains/de/test/auto/FSM7.xml (RunModel)" time="0.063" />
  <testcase classname="ptolemy.util.test.junit.AutoTests" name="[29] /home/travis/build/icyphy/ptII/ptolemy/domains/de/test/auto/Inspection.xml (RunModel)" time="0.055" />
  <testcase classname="ptolemy.util.test.junit.AutoTests" name="[30] /home/travis/build/icyphy/ptII/ptolemy/domains/de/test/auto/Iteration.xml (RunModel)" time="0.032" />
  <testcase classname="ptolemy.util.test.junit.AutoTests" name="[31] /home/travis/build/icyphy/ptII/ptolemy/domains/de/test/auto/LineFault.xml (RunModel)" time="0.664" />
  <testcase classname="ptolemy.util.test.junit.AutoTests" name="[32] /home/travis/build/icyphy/ptII/ptolemy/domains/de/test/auto/MergeModel1Add.xml (RunModel)" time="0.046" />
  <testcase classname="ptolemy.util.test.junit.AutoTests" name="[33] /home/travis/build/icyphy/ptII/ptolemy/domains/de/test/auto/MergeModel2Add.xml (RunModel)" time="0.049" />
  <testcase classname="ptolemy.util.test.junit.AutoTests" name="[34] /home/travis/build/icyphy/ptII/ptolemy/domains/de/test/auto/MergeModel3Add.xml (RunModel)" time="0.046" />
  <testcase classname="ptolemy.util.test.junit.AutoTests" name="[35] /home/travis/build/icyphy/ptII/ptolemy/domains/de/test/auto/MergeWithoutDiscard.xml (RunModel)" time="0.01" />
  <testcase classname="ptolemy.util.test.junit.AutoTests" name="[36] /home/travis/build/icyphy/ptII/ptolemy/domains/de/test/auto/Modal1.xml (RunModel)" time="0.029" />
  <testcase classname="ptolemy.util.test.junit.AutoTests" name="[37] /home/travis/build/icyphy/ptII/ptolemy/domains/de/test/auto/Modal2.xml (RunModel)" time="0.028" />
  <testcase classname="ptolemy.util.test.junit.AutoTests" name="[38] /home/travis/build/icyphy/ptII/ptolemy/domains/de/test/auto/Modal3.xml (RunModel)" time="0.037" />
  <testcase classname="ptolemy.util.test.junit.AutoTests" name="[39] /home/travis/build/icyphy/ptII/ptolemy/domains/de/test/auto/Modal4.xml (RunModel)" time="0.037" />
  <testcase classname="ptolemy.util.test.junit.AutoTests" name="[40] /home/travis/build/icyphy/ptII/ptolemy/domains/de/test/auto/Modal5.xml (RunModel)" time="0.035" />
  <testcase classname="ptolemy.util.test.junit.AutoTests" name="[41] /home/travis/build/icyphy/ptII/ptolemy/domains/de/test/auto/Modal6.xml (RunModel)" time="0.029" />
  <testcase classname="ptolemy.util.test.junit.AutoTests" name="[42] /home/travis/build/icyphy/ptII/ptolemy/domains/de/test/auto/Modal7.xml (RunModel)" time="0.03" />
  <testcase classname="ptolemy.util.test.junit.AutoTests" name="[43] /home/travis/build/icyphy/ptII/ptolemy/domains/de/test/auto/ModalModel.xml (RunModel)" time="0.183" />
  <testcase classname="ptolemy.util.test.junit.AutoTests" name="[44] /home/travis/build/icyphy/ptII/ptolemy/domains/de/test/auto/ModalSource.xml (RunModel)" time="0.021" />
  <testcase classname="ptolemy.util.test.junit.AutoTests" name="[45] /home/travis/build/icyphy/ptII/ptolemy/domains/de/test/auto/NonInterruptibleTimerZeroDelay.xml (RunModel)" time="0.011" />
  <testcase classname="ptolemy.util.test.junit.AutoTests" name="[46] /home/travis/build/icyphy/ptII/ptolemy/domains/de/test/auto/OpenQueueingNetwork.xml (RunModel)" time="2.632" />
  <testcase classname="ptolemy.util.test.junit.AutoTests" name="[47] /home/travis/build/icyphy/ptII/ptolemy/domains/de/test/auto/OpenQueuingNetwork.xml (RunModel)" time="0.316" />
  <testcase classname="ptolemy.util.test.junit.AutoTests" name="[48] /home/travis/build/icyphy/ptII/ptolemy/domains/de/test/auto/PeriodicSampler.xml (RunModel)" time="0.009" />
  <testcase classname="ptolemy.util.test.junit.AutoTests" name="[49] /home/travis/build/icyphy/ptII/ptolemy/domains/de/test/auto/PersistentIO.xml (RunModel)" time="0.028" />
  <testcase classname="ptolemy.util.test.junit.AutoTests" name="[50] /home/travis/build/icyphy/ptII/ptolemy/domains/de/test/auto/PortParameterResetOnInitialize.xml (RunModel)" time="0.01" />
  <testcase classname="ptolemy.util.test.junit.AutoTests" name="[51] /home/travis/build/icyphy/ptII/ptolemy/domains/de/test/auto/PortParameterUpdates.xml (RunModel)" time="0.019" />
  <testcase classname="ptolemy.util.test.junit.AutoTests" name="[52] /home/travis/build/icyphy/ptII/ptolemy/domains/de/test/auto/QueueAndServer.xml (RunModel)" time="0.019" />
  <testcase classname="ptolemy.util.test.junit.AutoTests" name="[53] /home/travis/build/icyphy/ptII/ptolemy/domains/de/test/auto/Records.xml (RunModel)" time="0.013" />
  <testcase classname="ptolemy.util.test.junit.AutoTests" name="[54] /home/travis/build/icyphy/ptII/ptolemy/domains/de/test/auto/ResetTransitionWithStartTime1.xml (RunModel)" time="0.019" />
  <testcase classname="ptolemy.util.test.junit.AutoTests" name="[55] /home/travis/build/icyphy/ptII/ptolemy/domains/de/test/auto/ResetTransitionWithStartTime2.xml (RunModel)" time="0.021" />
  <testcase classname="ptolemy.util.test.junit.AutoTests" name="[56] /home/travis/build/icyphy/ptII/ptolemy/domains/de/test/auto/ResetTransitionWithStartTime3.xml (RunModel)" time="0.021" />
  <testcase classname="ptolemy.util.test.junit.AutoTests" name="[57] /home/travis/build/icyphy/ptII/ptolemy/domains/de/test/auto/ResetTransitionWithStartTime4.xml (RunModel)" time="0.019" />
  <testcase classname="ptolemy.util.test.junit.AutoTests" name="[58] /home/travis/build/icyphy/ptII/ptolemy/domains/de/test/auto/ResettableTimer1.xml (RunModel)" time="0.01" />
  <testcase classname="ptolemy.util.test.junit.AutoTests" name="[59] /home/travis/build/icyphy/ptII/ptolemy/domains/de/test/auto/ResettableTimer2.xml (RunModel)" time="0.01" />
  <testcase classname="ptolemy.util.test.junit.AutoTests" name="[60] /home/travis/build/icyphy/ptII/ptolemy/domains/de/test/auto/ResettableTimer3.xml (RunModel)" time="0.009" />
  <testcase classname="ptolemy.util.test.junit.AutoTests" name="[61] /home/travis/build/icyphy/ptII/ptolemy/domains/de/test/auto/ResettableTimer4.xml (RunModel)" time="0.009" />
  <testcase classname="ptolemy.util.test.junit.AutoTests" name="[62] /home/travis/build/icyphy/ptII/ptolemy/domains/de/test/auto/ResettableTimer5.xml (RunModel)" time="0.01" />
  <testcase classname="ptolemy.util.test.junit.AutoTests" name="[63] /home/travis/build/icyphy/ptII/ptolemy/domains/de/test/auto/ResettableTimer6.xml (RunModel)" time="0.017" />
  <testcase classname="ptolemy.util.test.junit.AutoTests" name="[64] /home/travis/build/icyphy/ptII/ptolemy/domains/de/test/auto/ServerZeroDelay.xml (RunModel)" time="0.017" />
  <testcase classname="ptolemy.util.test.junit.AutoTests" name="[65] /home/travis/build/icyphy/ptII/ptolemy/domains/de/test/auto/SmartSender.xml (RunModel)" time="3.011" />
  <testcase classname="ptolemy.util.test.junit.AutoTests" name="[66] /home/travis/build/icyphy/ptII/ptolemy/domains/de/test/auto/ThreadedComposite.xml (RunModel)" time="0.19" />
  <testcase classname="ptolemy.util.test.junit.AutoTests" name="[67] /home/travis/build/icyphy/ptII/ptolemy/domains/de/test/auto/Time.xml (RunModel)" time="0.43" />
  <testcase classname="ptolemy.util.test.junit.AutoTests" name="[68] /home/travis/build/icyphy/ptII/ptolemy/domains/de/test/auto/TimeDelayZeroDelay.xml (RunModel)" time="0.015" />
  <testcase classname="ptolemy.util.test.junit.AutoTests" name="[69] /home/travis/build/icyphy/ptII/ptolemy/domains/de/test/auto/TimerZeroDelay.xml (RunModel)" time="0.014" />
  <testcase classname="ptolemy.util.test.junit.AutoTests" name="[70] /home/travis/build/icyphy/ptII/ptolemy/domains/de/test/auto/TimingParadox.xml (RunModel)" time="0.373" />
  <testcase classname="ptolemy.util.test.junit.AutoTests" name="[71] /home/travis/build/icyphy/ptII/ptolemy/domains/de/test/auto/TransferInputs.xml (RunModel)" time="0.009" />
  <testcase classname="ptolemy.util.test.junit.AutoTests" name="[72] /home/travis/build/icyphy/ptII/ptolemy/domains/de/test/auto/TransferOutputs2.xml (RunModel)" time="0.017" />
  <testcase classname="ptolemy.util.test.junit.AutoTests" name="[73] /home/travis/build/icyphy/ptII/ptolemy/domains/de/test/auto/Trilateration.xml (RunModel)" time="11.512" />
  <testcase classname="ptolemy.util.test.junit.AutoTests" name="[74] /home/travis/build/icyphy/ptII/ptolemy/domains/de/test/auto/TwoSigmaDelta.xml (RunModel)" time="2.252" />
  <testcase classname="ptolemy.util.test.junit.AutoTests" name="[75] /home/travis/build/icyphy/ptII/ptolemy/domains/de/test/auto/VariableDelay.xml (RunModel)" time="0.015" />
  <testcase classname="ptolemy.util.test.junit.AutoTests" name="[76] /home/travis/build/icyphy/ptII/ptolemy/domains/de/test/auto/VariableDelay2.xml (RunModel)" time="0.013" />
  <testcase classname="ptolemy.util.test.junit.AutoTests" name="[77] /home/travis/build/icyphy/ptII/ptolemy/domains/de/test/auto/VariableDelayZeroDelay.xml (RunModel)" time="0.02" />
  <testcase classname="ptolemy.util.test.junit.AutoTests" name="[78] /home/travis/build/icyphy/ptII/ptolemy/domains/de/test/auto/VariableDelayZeroDelay2.xml (RunModel)" time="0.017" />
  <testcase classname="ptolemy.util.test.junit.AutoTests" name="[79] /home/travis/build/icyphy/ptII/ptolemy/domains/de/test/auto/deInCt.xml (RunModel)" time="0.021" />
  <testcase classname="ptolemy.util.test.junit.AutoTests" name="[80] /home/travis/build/icyphy/ptII/ptolemy/domains/de/test/auto/deInCt2.xml (RunModel)" time="0.021" />
  <testcase classname="ptolemy.util.test.junit.AutoTests" name="[81] /home/travis/build/icyphy/ptII/ptolemy/domains/de/test/auto/dynamicCausalityInterface1.xml (RunModel)" time="0.025" />
  <testcase classname="ptolemy.util.test.junit.AutoTests" name="[82] /home/travis/build/icyphy/ptII/ptolemy/domains/de/test/auto/fsm_de_test.xml (RunModel)" time="0.023" />
  <testcase classname="ptolemy.util.test.junit.AutoTests" name="[83] /home/travis/build/icyphy/ptII/ptolemy/domains/de/test/auto/functionDependencyReconstruction.xml (RunModel)" time="0.036" />
  <testcase classname="ptolemy.util.test.junit.AutoTests" name="[84] /home/travis/build/icyphy/ptII/ptolemy/domains/de/test/auto/multirate.xml (RunModel)" time="0.016" />
  <testcase classname="ptolemy.util.test.junit.AutoTests" name="[85] /home/travis/build/icyphy/ptII/ptolemy/domains/de/test/auto/multirate2.xml (RunModel)" time="0.016" />
  <testcase classname="ptolemy.util.test.junit.AutoTests" name="[86] /home/travis/build/icyphy/ptII/ptolemy/domains/de/test/auto/realtime.xml (RunModel)" time="10.011" />
  <testcase classname="ptolemy.util.test.junit.AutoTests" name="[87] /home/travis/build/icyphy/ptII/ptolemy/domains/de/test/auto/relationGroup.xml (RunModel)" time="0.008" />
  <testcase classname="ptolemy.util.test.junit.AutoTests" name="[88] /home/travis/build/icyphy/ptII/ptolemy/domains/de/test/auto/relationGroup2.xml (RunModel)" time="0.007" />
  <testcase classname="ptolemy.util.test.junit.AutoTests" name="[89] /home/travis/build/icyphy/ptII/ptolemy/domains/de/test/auto/sortWithOpaquePorts.xml (RunModel)" time="0.01" />
  <testcase classname="ptolemy.util.test.junit.AutoTests" name="[90] /home/travis/build/icyphy/ptII/ptolemy/domains/de/test/auto/transferInputsandOutputs.xml (RunModel)" time="0.02" />
  <testcase classname="ptolemy.util.test.junit.AutoTests" name="[91] /home/travis/build/icyphy/ptII/ptolemy/domains/de/test/auto/triggerType.xml (RunModel)" time="0.011" />
  <system-out><![CDATA[/home/travis/build/icyphy/ptII/ptolemy/domains/de/test/DependencyLoop.tcl
testDefs.tcl: setting time out to 9000 seconds at Tue May 01 21:36:57 UTC 2018
15 ms. Memory: 116224K Free: 95014K (82%)
7 ms. Memory: 146944K Free: 137807K (94%)
/home/travis/build/icyphy/ptII/ptolemy/domains/de/test/RunDETestsAsQSS.tcl
Run the DE tests using ptolemy.domains.qss.test.QSSDirectorTest, which extends QSSDirector and prints a message in the constructors.
------------------ testing $PTII/ptolemy/domains/de/test/auto/knownFailedTests/dependencyLoop.xml (Known Failure) 
7 ms. Memory: 146944K Free: 133538K (91%)


==== $PTIIhome/travis/build/icyphy/ptII/ptolemy/domains/de/test/../../../../: Auto Automatic test in file $PTII/ptolemy/domains/de/test/auto/knownFailedTests/dependencyLoop.xml
==== Contents of test case:

	    # FIXME: we should use $relativeFilename here, but it
	    # might have backslashes under Windows, which causes no end
	    # of trouble.
	    createAndExecute $file
	    list {}
	
.... Test generated KNOWN error:
    while executing
ptolemy.kernel.util.IllegalActionException: Found a zero delay loop containing .dependencyLoop.original
  in .dependencyLoop and .dependencyLoop.original
	at ptolemy.actor.util.CausalityInterfaceForComposites._computeOutputPortDepth(CausalityInterfaceForComposites.java:759)
	at ptolemy.actor.util.CausalityInterfaceForComposites._computeInputDepth(CausalityInterfaceForComposites.java:696)
	at ptolemy.actor.util.CausalityInterfaceForComposites._computeOutputPortDepth(CausalityInterfaceForComposites.java:765)
	at ptolemy.actor.util.CausalityInterfaceForComposites._computeInputDepth(CausalityInterfaceForComposites.java:696)
	at ptolemy.actor.util.CausalityInterfaceForComposites._computeOutputPortDepth(CausalityInterfaceForComposites.java:765)
	at ptolemy.actor.util.CausalityInterfaceForComposites._computeInputDepth(CausalityInterfaceForComposites.java:696)
	at ptolemy.actor.util.CausalityInterfaceForComposites._computeActorDepth(CausalityInterfaceForComposites.java:532)
	at ptolemy.actor.util.CausalityInterfaceForComposites.checkForCycles(CausalityInterfaceForComposites.java:96)
	at ptolemy.domains.de.kernel.DEDirector.preinitialize(DEDirector.java:1337)
	at ptolemy.actor.CompositeActor.preinitialize(CompositeActor.java:1828)
	at ptolemy.actor.Manager.preinitializeAndResolveTypes(Manager.java:1040)
	at ptolemy.actor.Manager.initialize(Manager.java:710)
	at ptolemy.actor.Manager.execute(Manager.java:356)
	at ptolemy.actor.Manager.run(Manager.java:1263)
	at ptolemy.actor.Manager$PtolemyRunThread.run(Manager.java:1915)

    while executing
ptolemy.kernel.util.IllegalActionException: Found a zero delay loop containing .dependencyLoop.original
  in .dependencyLoop and .dependencyLoop.original
    while executing
"java::new ptolemy.moml.MoMLSimpleApplication $file
"
    (procedure "createAndExecute" line 2)
    invoked from within
"createAndExecute $file"
    ("uplevel" body line 5)
    invoked from within
"uplevel $contents_of_test"
------------------ testing $PTII/ptolemy/domains/de/test/auto/knownFailedTests/DESDFClockTest.xml (Known Failure) 
2053 ms. Memory: 146944K Free: 117745K (80%)


==== $PTIIhome/travis/build/icyphy/ptII/ptolemy/domains/de/test/../../../../: Auto Automatic test in file $PTII/ptolemy/domains/de/test/auto/knownFailedTests/DESDFClockTest.xml
==== Contents of test case:

	    # FIXME: we should use $relativeFilename here, but it
	    # might have backslashes under Windows, which causes no end
	    # of trouble.
	    createAndExecute $file
	    list {}
	
.... Test generated KNOWN error:
    while executing
ptolemy.kernel.util.IllegalActionException: Actor is not ready to fire.  Perhaps UpSample.prefire() returned false? Try debugging the actor by selecting "Listen to Actor".  Also, for SDF check moml for tokenConsumptionRate on input.
  in .DESDFClockTest.Play Bell.Copy1:SDF Director and .DESDFClockTest.Play Bell.UpSample
	at ptolemy.actor.sched.StaticSchedulingDirector.fire(StaticSchedulingDirector.java:227)
	at ptolemy.domains.sdf.kernel.SDFDirector.fire(SDFDirector.java:500)
	at ptolemy.actor.CompositeActor.fire(CompositeActor.java:455)
	at ptolemy.domains.de.kernel.DEDirector._fire(DEDirector.java:1948)
	at ptolemy.domains.de.kernel.DEDirector.fire(DEDirector.java:502)
	at ptolemy.actor.CompositeActor.fire(CompositeActor.java:455)
	at ptolemy.actor.Manager.iterate(Manager.java:851)
	at ptolemy.actor.Manager.execute(Manager.java:369)
	at ptolemy.actor.Manager.run(Manager.java:1263)
	at ptolemy.actor.Manager$PtolemyRunThread.run(Manager.java:1915)

    while executing
ptolemy.kernel.util.IllegalActionException: Actor is not ready to fire.  Perhaps UpSample.prefire() returned false? Try debugging the actor by selecting "Listen to Actor".  Also, for SDF check moml for tokenConsumptionRate on input.
  in .DESDFClockTest.Play Bell.Copy1:SDF Director and .DESDFClockTest.Play Bell.UpSample
    while executing
"java::new ptolemy.moml.MoMLSimpleApplication $file
"
    (procedure "createAndExecute" line 2)
    invoked from within
"createAndExecute $file"
    ("uplevel" body line 5)
    invoked from within
"uplevel $contents_of_test"
------------------ testing $PTII/ptolemy/domains/de/test/auto/knownFailedTests/FSMSource.xml (Known Failure) 
40 ms. Memory: 146944K Free: 108784K (74%)
!!!! Auto was marked as failing, but now passes
------------------ testing $PTII/ptolemy/domains/de/test/auto/knownFailedTests/dependencyLoop2.xml (Known Failure) 
7 ms. Memory: 146944K Free: 106900K (73%)


==== $PTIIhome/travis/build/icyphy/ptII/ptolemy/domains/de/test/../../../../: Auto Automatic test in file $PTII/ptolemy/domains/de/test/auto/knownFailedTests/dependencyLoop2.xml
==== Contents of test case:

	    # FIXME: we should use $relativeFilename here, but it
	    # might have backslashes under Windows, which causes no end
	    # of trouble.
	    createAndExecute $file
	    list {}
	
.... Test generated KNOWN error:
    while executing
ptolemy.kernel.util.IllegalActionException: Found a zero delay loop containing .dependencyLoop2.original
  in .dependencyLoop2 and .dependencyLoop2.original
	at ptolemy.actor.util.CausalityInterfaceForComposites._computeOutputPortDepth(CausalityInterfaceForComposites.java:759)
	at ptolemy.actor.util.CausalityInterfaceForComposites._computeInputDepth(CausalityInterfaceForComposites.java:696)
	at ptolemy.actor.util.CausalityInterfaceForComposites._computeOutputPortDepth(CausalityInterfaceForComposites.java:765)
	at ptolemy.actor.util.CausalityInterfaceForComposites._computeInputDepth(CausalityInterfaceForComposites.java:696)
	at ptolemy.actor.util.CausalityInterfaceForComposites._computeOutputPortDepth(CausalityInterfaceForComposites.java:765)
	at ptolemy.actor.util.CausalityInterfaceForComposites._computeInputDepth(CausalityInterfaceForComposites.java:696)
	at ptolemy.actor.util.CausalityInterfaceForComposites._computeActorDepth(CausalityInterfaceForComposites.java:532)
	at ptolemy.actor.util.CausalityInterfaceForComposites.checkForCycles(CausalityInterfaceForComposites.java:96)
	at ptolemy.domains.de.kernel.DEDirector.preinitialize(DEDirector.java:1337)
	at ptolemy.actor.CompositeActor.preinitialize(CompositeActor.java:1828)
	at ptolemy.actor.Manager.preinitializeAndResolveTypes(Manager.java:1040)
	at ptolemy.actor.Manager.initialize(Manager.java:710)
	at ptolemy.actor.Manager.execute(Manager.java:356)
	at ptolemy.actor.Manager.run(Manager.java:1263)
	at ptolemy.actor.Manager$PtolemyRunThread.run(Manager.java:1915)

    while executing
ptolemy.kernel.util.IllegalActionException: Found a zero delay loop containing .dependencyLoop2.original
  in .dependencyLoop2 and .dependencyLoop2.original
    while executing
"java::new ptolemy.moml.MoMLSimpleApplication $file
"
    (procedure "createAndExecute" line 2)
    invoked from within
"createAndExecute $file"
    ("uplevel" body line 5)
    invoked from within
"uplevel $contents_of_test"
------------------ testing $PTII/ptolemy/domains/de/test/auto/knownFailedTests/HierarchicalModel.xml (Known Failure) 
9 ms. Memory: 146944K Free: 86389K (59%)


==== $PTIIhome/travis/build/icyphy/ptII/ptolemy/domains/de/test/../../../../: Auto Automatic test in file $PTII/ptolemy/domains/de/test/auto/knownFailedTests/HierarchicalModel.xml
==== Contents of test case:

	    # FIXME: we should use $relativeFilename here, but it
	    # might have backslashes under Windows, which causes no end
	    # of trouble.
	    createAndExecute $file
	    list {}
	
.... Test generated KNOWN error:
    while executing
ptolemy.kernel.util.IllegalActionException: Found a zero delay loop containing .HierarchicalModel.A
  in .HierarchicalModel and .HierarchicalModel.A
	at ptolemy.actor.util.CausalityInterfaceForComposites._computeOutputPortDepth(CausalityInterfaceForComposites.java:759)
	at ptolemy.actor.util.CausalityInterfaceForComposites._computeInputDepth(CausalityInterfaceForComposites.java:696)
	at ptolemy.actor.util.CausalityInterfaceForComposites._computeOutputPortDepth(CausalityInterfaceForComposites.java:765)
	at ptolemy.actor.util.CausalityInterfaceForComposites._computeInputDepth(CausalityInterfaceForComposites.java:696)
	at ptolemy.actor.util.CausalityInterfaceForComposites._computeOutputPortDepth(CausalityInterfaceForComposites.java:765)
	at ptolemy.actor.util.CausalityInterfaceForComposites._computeInputDepth(CausalityInterfaceForComposites.java:696)
	at ptolemy.actor.util.CausalityInterfaceForComposites._computeActorDepth(CausalityInterfaceForComposites.java:532)
	at ptolemy.actor.util.CausalityInterfaceForComposites.checkForCycles(CausalityInterfaceForComposites.java:96)
	at ptolemy.domains.de.kernel.DEDirector.preinitialize(DEDirector.java:1337)
	at ptolemy.actor.CompositeActor.preinitialize(CompositeActor.java:1828)
	at ptolemy.actor.Manager.preinitializeAndResolveTypes(Manager.java:1040)
	at ptolemy.actor.Manager.initialize(Manager.java:710)
	at ptolemy.actor.Manager.execute(Manager.java:356)
	at ptolemy.actor.Manager.run(Manager.java:1263)
	at ptolemy.actor.Manager$PtolemyRunThread.run(Manager.java:1915)

    while executing
ptolemy.kernel.util.IllegalActionException: Found a zero delay loop containing .HierarchicalModel.A
  in .HierarchicalModel and .HierarchicalModel.A
    while executing
"java::new ptolemy.moml.MoMLSimpleApplication $file
"
    (procedure "createAndExecute" line 2)
    invoked from within
"createAndExecute $file"
    ("uplevel" body line 5)
    invoked from within
"uplevel $contents_of_test"
------------------ testing $PTII/ptolemy/domains/de/test/auto/knownFailedTests/DirectFeedback.xml (Known Failure) 
15 ms. Memory: 146944K Free: 142591K (97%)


==== $PTIIhome/travis/build/icyphy/ptII/ptolemy/domains/de/test/../../../../: Auto Automatic test in file $PTII/ptolemy/domains/de/test/auto/knownFailedTests/DirectFeedback.xml
==== Contents of test case:

	    # FIXME: we should use $relativeFilename here, but it
	    # might have backslashes under Windows, which causes no end
	    # of trouble.
	    createAndExecute $file
	    list {}
	
.... Test generated KNOWN error:
    while executing
ptolemy.kernel.util.IllegalActionException: Test fails in iteration 1.
Value was: 1.0. Should have been: 2.0
  in .DirectFeedback.Test
	at ptolemy.actor.lib.Test.fire(Test.java:268)
	at ptolemy.domains.de.kernel.DEDirector._fire(DEDirector.java:1948)
	at ptolemy.domains.de.kernel.DEDirector.fire(DEDirector.java:502)
	at ptolemy.actor.CompositeActor.fire(CompositeActor.java:455)
	at ptolemy.actor.Manager.iterate(Manager.java:851)
	at ptolemy.actor.Manager.execute(Manager.java:369)
	at ptolemy.actor.Manager.run(Manager.java:1263)
	at ptolemy.actor.Manager$PtolemyRunThread.run(Manager.java:1915)

    while executing
ptolemy.kernel.util.IllegalActionException: Test fails in iteration 1.
Value was: 1.0. Should have been: 2.0
  in .DirectFeedback.Test
    while executing
"java::new ptolemy.moml.MoMLSimpleApplication $file
"
    (procedure "createAndExecute" line 2)
    invoked from within
"createAndExecute $file"
    ("uplevel" body line 5)
    invoked from within
"uplevel $contents_of_test"
------------------ testing $PTII/ptolemy/domains/de/test/auto/ActorDepthCalculation_actorWithoutPorts.xml
auto.tcl: Setting watchdog for 200 seconds at Tue May 01 21:37:00 UTC 2018
11 ms. Memory: 146944K Free: 133624K (91%)
ptolemy.util.test.WatchDog.cancel(): canceling Tue May 01 21:37:00 UTC 2018
auto.tcl: Setting watchdog for 200 seconds at Tue May 01 21:37:00 UTC 2018
9 ms. Memory: 146944K Free: 132585K (90%)
ptolemy.util.test.WatchDog.cancel(): canceling Tue May 01 21:37:00 UTC 2018
------------------ testing $PTII/ptolemy/domains/de/test/auto/AssemblyLine.xml
auto.tcl: Setting watchdog for 200 seconds at Tue May 01 21:37:00 UTC 2018
14 ms. Memory: 208384K Free: 182845K (88%)
ptolemy.util.test.WatchDog.cancel(): canceling Tue May 01 21:37:01 UTC 2018
auto.tcl: Setting watchdog for 200 seconds at Tue May 01 21:37:01 UTC 2018
15 ms. Memory: 208384K Free: 182845K (88%)
ptolemy.util.test.WatchDog.cancel(): canceling Tue May 01 21:37:01 UTC 2018
------------------ testing $PTII/ptolemy/domains/de/test/auto/CQBug1.xml
auto.tcl: Setting watchdog for 200 seconds at Tue May 01 21:37:01 UTC 2018
4 ms. Memory: 208384K Free: 197721K (95%)
ptolemy.util.test.WatchDog.cancel(): canceling Tue May 01 21:37:01 UTC 2018
auto.tcl: Setting watchdog for 200 seconds at Tue May 01 21:37:01 UTC 2018
2 ms. Memory: 208384K Free: 197721K (95%)
ptolemy.util.test.WatchDog.cancel(): canceling Tue May 01 21:37:01 UTC 2018
------------------ testing $PTII/ptolemy/domains/de/test/auto/CancelFireAt.xml
auto.tcl: Setting watchdog for 200 seconds at Tue May 01 21:37:01 UTC 2018
6 ms. Memory: 208384K Free: 201443K (97%)
ptolemy.util.test.WatchDog.cancel(): canceling Tue May 01 21:37:01 UTC 2018
auto.tcl: Setting watchdog for 200 seconds at Tue May 01 21:37:01 UTC 2018
3 ms. Memory: 208384K Free: 199341K (96%)
ptolemy.util.test.WatchDog.cancel(): canceling Tue May 01 21:37:01 UTC 2018
------------------ testing $PTII/ptolemy/domains/de/test/auto/CausalityAndComposabilityAnalysis.xml
auto.tcl: Setting watchdog for 200 seconds at Tue May 01 21:37:01 UTC 2018
24 ms. Memory: 208384K Free: 196500K (94%)
ptolemy.util.test.WatchDog.cancel(): canceling Tue May 01 21:37:01 UTC 2018
auto.tcl: Setting watchdog for 200 seconds at Tue May 01 21:37:01 UTC 2018
7 ms. Memory: 208384K Free: 196500K (94%)
ptolemy.util.test.WatchDog.cancel(): canceling Tue May 01 21:37:01 UTC 2018
------------------ testing $PTII/ptolemy/domains/de/test/auto/CausalityInterface1.xml
auto.tcl: Setting watchdog for 200 seconds at Tue May 01 21:37:01 UTC 2018
27 ms. Memory: 208384K Free: 196434K (94%)
ptolemy.util.test.WatchDog.cancel(): canceling Tue May 01 21:37:01 UTC 2018
auto.tcl: Setting watchdog for 200 seconds at Tue May 01 21:37:01 UTC 2018
9 ms. Memory: 208384K Free: 196434K (94%)
ptolemy.util.test.WatchDog.cancel(): canceling Tue May 01 21:37:01 UTC 2018
------------------ testing $PTII/ptolemy/domains/de/test/auto/CausalityInterface15.xml
auto.tcl: Setting watchdog for 200 seconds at Tue May 01 21:37:01 UTC 2018
23 ms. Memory: 208384K Free: 196424K (94%)
ptolemy.util.test.WatchDog.cancel(): canceling Tue May 01 21:37:01 UTC 2018
auto.tcl: Setting watchdog for 200 seconds at Tue May 01 21:37:01 UTC 2018
6 ms. Memory: 208384K Free: 196424K (94%)
ptolemy.util.test.WatchDog.cancel(): canceling Tue May 01 21:37:01 UTC 2018
------------------ testing $PTII/ptolemy/domains/de/test/auto/CausalityInterface2.xml
auto.tcl: Setting watchdog for 200 seconds at Tue May 01 21:37:01 UTC 2018
8 ms. Memory: 208384K Free: 196746K (94%)
ptolemy.util.test.WatchDog.cancel(): canceling Tue May 01 21:37:01 UTC 2018
auto.tcl: Setting watchdog for 200 seconds at Tue May 01 21:37:01 UTC 2018
3 ms. Memory: 208384K Free: 196746K (94%)
ptolemy.util.test.WatchDog.cancel(): canceling Tue May 01 21:37:01 UTC 2018
------------------ testing $PTII/ptolemy/domains/de/test/auto/CausalityInterface3.xml
auto.tcl: Setting watchdog for 200 seconds at Tue May 01 21:37:01 UTC 2018
11 ms. Memory: 208384K Free: 196421K (94%)
ptolemy.util.test.WatchDog.cancel(): canceling Tue May 01 21:37:01 UTC 2018
auto.tcl: Setting watchdog for 200 seconds at Tue May 01 21:37:01 UTC 2018
6 ms. Memory: 208384K Free: 196421K (94%)
ptolemy.util.test.WatchDog.cancel(): canceling Tue May 01 21:37:01 UTC 2018
------------------ testing $PTII/ptolemy/domains/de/test/auto/ClockDrift.xml
auto.tcl: Setting watchdog for 200 seconds at Tue May 01 21:37:01 UTC 2018
86 ms. Memory: 208384K Free: 187647K (90%)
ptolemy.util.test.WatchDog.cancel(): canceling Tue May 01 21:37:02 UTC 2018
auto.tcl: Setting watchdog for 200 seconds at Tue May 01 21:37:02 UTC 2018
63 ms. Memory: 208384K Free: 185544K (89%)
ptolemy.util.test.WatchDog.cancel(): canceling Tue May 01 21:37:02 UTC 2018
------------------ testing $PTII/ptolemy/domains/de/test/auto/ClockDriftAndValueChange.xml
auto.tcl: Setting watchdog for 200 seconds at Tue May 01 21:37:02 UTC 2018
30 ms. Memory: 208384K Free: 187480K (90%)
ptolemy.util.test.WatchDog.cancel(): canceling Tue May 01 21:37:02 UTC 2018
auto.tcl: Setting watchdog for 200 seconds at Tue May 01 21:37:02 UTC 2018
28 ms. Memory: 208384K Free: 185377K (89%)
ptolemy.util.test.WatchDog.cancel(): canceling Tue May 01 21:37:02 UTC 2018
------------------ testing $PTII/ptolemy/domains/de/test/auto/ClockDriftChange.xml
auto.tcl: Setting watchdog for 200 seconds at Tue May 01 21:37:02 UTC 2018
22 ms. Memory: 208384K Free: 191143K (92%)
ptolemy.util.test.WatchDog.cancel(): canceling Tue May 01 21:37:02 UTC 2018
auto.tcl: Setting watchdog for 200 seconds at Tue May 01 21:37:02 UTC 2018
37 ms. Memory: 208384K Free: 188703K (91%)
ptolemy.util.test.WatchDog.cancel(): canceling Tue May 01 21:37:02 UTC 2018
------------------ testing $PTII/ptolemy/domains/de/test/auto/ComposableCausalityAnalysis.xml
auto.tcl: Setting watchdog for 200 seconds at Tue May 01 21:37:02 UTC 2018
3 ms. Memory: 208384K Free: 196277K (94%)
ptolemy.util.test.WatchDog.cancel(): canceling Tue May 01 21:37:02 UTC 2018
auto.tcl: Setting watchdog for 200 seconds at Tue May 01 21:37:02 UTC 2018
2 ms. Memory: 208384K Free: 194175K (93%)
ptolemy.util.test.WatchDog.cancel(): canceling Tue May 01 21:37:02 UTC 2018
------------------ testing $PTII/ptolemy/domains/de/test/auto/DEFixedPointLimitation.xml
auto.tcl: Setting watchdog for 200 seconds at Tue May 01 21:37:02 UTC 2018
2 ms. Memory: 208384K Free: 196357K (94%)
ptolemy.util.test.WatchDog.cancel(): canceling Tue May 01 21:37:02 UTC 2018
auto.tcl: Setting watchdog for 200 seconds at Tue May 01 21:37:02 UTC 2018
2 ms. Memory: 208384K Free: 196357K (94%)
ptolemy.util.test.WatchDog.cancel(): canceling Tue May 01 21:37:02 UTC 2018
------------------ testing $PTII/ptolemy/domains/de/test/auto/DEScheduleTest.xml
auto.tcl: Setting watchdog for 200 seconds at Tue May 01 21:37:02 UTC 2018
8 ms. Memory: 208384K Free: 198495K (95%)
ptolemy.util.test.WatchDog.cancel(): canceling Tue May 01 21:37:02 UTC 2018
auto.tcl: Setting watchdog for 200 seconds at Tue May 01 21:37:02 UTC 2018
5 ms. Memory: 208384K Free: 196392K (94%)
ptolemy.util.test.WatchDog.cancel(): canceling Tue May 01 21:37:02 UTC 2018
------------------ testing $PTII/ptolemy/domains/de/test/auto/DEinDEwithStartTimes.xml
auto.tcl: Setting watchdog for 200 seconds at Tue May 01 21:37:02 UTC 2018
7 ms. Memory: 208384K Free: 196362K (94%)
ptolemy.util.test.WatchDog.cancel(): canceling Tue May 01 21:37:02 UTC 2018
auto.tcl: Setting watchdog for 200 seconds at Tue May 01 21:37:02 UTC 2018
4 ms. Memory: 208384K Free: 194260K (93%)
ptolemy.util.test.WatchDog.cancel(): canceling Tue May 01 21:37:02 UTC 2018
------------------ testing $PTII/ptolemy/domains/de/test/auto/DEinDEwithStartTimes2.xml
auto.tcl: Setting watchdog for 200 seconds at Tue May 01 21:37:02 UTC 2018
5 ms. Memory: 208384K Free: 196679K (94%)
ptolemy.util.test.WatchDog.cancel(): canceling Tue May 01 21:37:02 UTC 2018
auto.tcl: Setting watchdog for 200 seconds at Tue May 01 21:37:02 UTC 2018
5 ms. Memory: 208384K Free: 194239K (93%)
ptolemy.util.test.WatchDog.cancel(): canceling Tue May 01 21:37:02 UTC 2018
------------------ testing $PTII/ptolemy/domains/de/test/auto/DateDemo.xml
auto.tcl: Setting watchdog for 200 seconds at Tue May 01 21:37:02 UTC 2018
11 ms. Memory: 208384K Free: 188774K (91%)
ptolemy.util.test.WatchDog.cancel(): canceling Tue May 01 21:37:02 UTC 2018
auto.tcl: Setting watchdog for 200 seconds at Tue May 01 21:37:02 UTC 2018
10 ms. Memory: 208384K Free: 186672K (90%)
ptolemy.util.test.WatchDog.cancel(): canceling Tue May 01 21:37:02 UTC 2018
------------------ testing $PTII/ptolemy/domains/de/test/auto/DateToEvent.xml
auto.tcl: Setting watchdog for 200 seconds at Tue May 01 21:37:03 UTC 2018
2022 ms. Memory: 208384K Free: 183481K (88%)
ptolemy.util.test.WatchDog.cancel(): canceling Tue May 01 21:37:05 UTC 2018
auto.tcl: Setting watchdog for 200 seconds at Tue May 01 21:37:05 UTC 2018
2005 ms. Memory: 208384K Free: 181024K (87%)
ptolemy.util.test.WatchDog.cancel(): canceling Tue May 01 21:37:07 UTC 2018
------------------ testing $PTII/ptolemy/domains/de/test/auto/DepthTest1.xml
auto.tcl: Setting watchdog for 200 seconds at Tue May 01 21:37:07 UTC 2018
6 ms. Memory: 208384K Free: 198024K (95%)
ptolemy.util.test.WatchDog.cancel(): canceling Tue May 01 21:37:07 UTC 2018
auto.tcl: Setting watchdog for 200 seconds at Tue May 01 21:37:07 UTC 2018
2 ms. Memory: 208384K Free: 198024K (95%)
ptolemy.util.test.WatchDog.cancel(): canceling Tue May 01 21:37:07 UTC 2018
------------------ testing $PTII/ptolemy/domains/de/test/auto/DepthTest2.xml
auto.tcl: Setting watchdog for 200 seconds at Tue May 01 21:37:07 UTC 2018
10 ms. Memory: 208384K Free: 194221K (93%)
ptolemy.util.test.WatchDog.cancel(): canceling Tue May 01 21:37:07 UTC 2018
auto.tcl: Setting watchdog for 200 seconds at Tue May 01 21:37:07 UTC 2018
6 ms. Memory: 208384K Free: 194221K (93%)
ptolemy.util.test.WatchDog.cancel(): canceling Tue May 01 21:37:07 UTC 2018
------------------ testing $PTII/ptolemy/domains/de/test/auto/DepthTest3.xml
auto.tcl: Setting watchdog for 200 seconds at Tue May 01 21:37:07 UTC 2018
3 ms. Memory: 208384K Free: 198359K (95%)
ptolemy.util.test.WatchDog.cancel(): canceling Tue May 01 21:37:07 UTC 2018
auto.tcl: Setting watchdog for 200 seconds at Tue May 01 21:37:07 UTC 2018
2 ms. Memory: 208384K Free: 198359K (95%)
ptolemy.util.test.WatchDog.cancel(): canceling Tue May 01 21:37:07 UTC 2018
------------------ testing $PTII/ptolemy/domains/de/test/auto/DepthTest4.xml
auto.tcl: Setting watchdog for 200 seconds at Tue May 01 21:37:07 UTC 2018
10 ms. Memory: 208384K Free: 196344K (94%)
ptolemy.util.test.WatchDog.cancel(): canceling Tue May 01 21:37:07 UTC 2018
auto.tcl: Setting watchdog for 200 seconds at Tue May 01 21:37:07 UTC 2018
3 ms. Memory: 208384K Free: 196344K (94%)
ptolemy.util.test.WatchDog.cancel(): canceling Tue May 01 21:37:07 UTC 2018
------------------ testing $PTII/ptolemy/domains/de/test/auto/DepthTest5.xml
auto.tcl: Setting watchdog for 200 seconds at Tue May 01 21:37:07 UTC 2018
3 ms. Memory: 208384K Free: 196629K (94%)
ptolemy.util.test.WatchDog.cancel(): canceling Tue May 01 21:37:07 UTC 2018
auto.tcl: Setting watchdog for 200 seconds at Tue May 01 21:37:07 UTC 2018
2 ms. Memory: 208384K Free: 196629K (94%)
ptolemy.util.test.WatchDog.cancel(): canceling Tue May 01 21:37:07 UTC 2018
------------------ testing $PTII/ptolemy/domains/de/test/auto/DepthTest6.xml
auto.tcl: Setting watchdog for 200 seconds at Tue May 01 21:37:07 UTC 2018
8 ms. Memory: 208384K Free: 196268K (94%)
ptolemy.util.test.WatchDog.cancel(): canceling Tue May 01 21:37:07 UTC 2018
auto.tcl: Setting watchdog for 200 seconds at Tue May 01 21:37:07 UTC 2018
3 ms. Memory: 208384K Free: 196268K (94%)
ptolemy.util.test.WatchDog.cancel(): canceling Tue May 01 21:37:07 UTC 2018
------------------ testing $PTII/ptolemy/domains/de/test/auto/DepthTest7.xml
auto.tcl: Setting watchdog for 200 seconds at Tue May 01 21:37:07 UTC 2018
3 ms. Memory: 208384K Free: 196248K (94%)
ptolemy.util.test.WatchDog.cancel(): canceling Tue May 01 21:37:07 UTC 2018
auto.tcl: Setting watchdog for 200 seconds at Tue May 01 21:37:07 UTC 2018
3 ms. Memory: 208384K Free: 196248K (94%)
ptolemy.util.test.WatchDog.cancel(): canceling Tue May 01 21:37:07 UTC 2018
------------------ testing $PTII/ptolemy/domains/de/test/auto/EventToDate.xml
auto.tcl: Setting watchdog for 200 seconds at Tue May 01 21:37:07 UTC 2018
3010 ms. Memory: 208384K Free: 185759K (89%)
ptolemy.util.test.WatchDog.cancel(): canceling Tue May 01 21:37:10 UTC 2018
auto.tcl: Setting watchdog for 200 seconds at Tue May 01 21:37:10 UTC 2018
3004 ms. Memory: 208384K Free: 185759K (89%)
ptolemy.util.test.WatchDog.cancel(): canceling Tue May 01 21:37:13 UTC 2018
------------------ testing $PTII/ptolemy/domains/de/test/auto/FSM1.xml
auto.tcl: Setting watchdog for 200 seconds at Tue May 01 21:37:13 UTC 2018
18 ms. Memory: 208384K Free: 187532K (90%)
ptolemy.util.test.WatchDog.cancel(): canceling Tue May 01 21:37:13 UTC 2018
auto.tcl: Setting watchdog for 200 seconds at Tue May 01 21:37:13 UTC 2018
16 ms. Memory: 208384K Free: 185092K (89%)
ptolemy.util.test.WatchDog.cancel(): canceling Tue May 01 21:37:13 UTC 2018
------------------ testing $PTII/ptolemy/domains/de/test/auto/FSM7.xml
auto.tcl: Setting watchdog for 200 seconds at Tue May 01 21:37:13 UTC 2018
16 ms. Memory: 208384K Free: 187397K (90%)
ptolemy.util.test.WatchDog.cancel(): canceling Tue May 01 21:37:14 UTC 2018
auto.tcl: Setting watchdog for 200 seconds at Tue May 01 21:37:14 UTC 2018
30 ms. Memory: 208384K Free: 185294K (89%)
ptolemy.util.test.WatchDog.cancel(): canceling Tue May 01 21:37:14 UTC 2018
------------------ testing $PTII/ptolemy/domains/de/test/auto/Inspection.xml
auto.tcl: Setting watchdog for 200 seconds at Tue May 01 21:37:14 UTC 2018
29 ms. Memory: 208384K Free: 188948K (91%)
ptolemy.util.test.WatchDog.cancel(): canceling Tue May 01 21:37:14 UTC 2018
auto.tcl: Setting watchdog for 200 seconds at Tue May 01 21:37:14 UTC 2018
26 ms. Memory: 208384K Free: 186845K (90%)
ptolemy.util.test.WatchDog.cancel(): canceling Tue May 01 21:37:14 UTC 2018
------------------ testing $PTII/ptolemy/domains/de/test/auto/Iteration.xml
auto.tcl: Setting watchdog for 200 seconds at Tue May 01 21:37:14 UTC 2018
12 ms. Memory: 208384K Free: 194290K (93%)
ptolemy.util.test.WatchDog.cancel(): canceling Tue May 01 21:37:14 UTC 2018
auto.tcl: Setting watchdog for 200 seconds at Tue May 01 21:37:14 UTC 2018
5 ms. Memory: 208384K Free: 194290K (93%)
ptolemy.util.test.WatchDog.cancel(): canceling Tue May 01 21:37:14 UTC 2018
------------------ testing $PTII/ptolemy/domains/de/test/auto/LineFault.xml
auto.tcl: Setting watchdog for 200 seconds at Tue May 01 21:37:14 UTC 2018
902 ms. Memory: 208384K Free: 196571K (94%)
ptolemy.util.test.WatchDog.cancel(): canceling Tue May 01 21:37:15 UTC 2018
auto.tcl: Setting watchdog for 200 seconds at Tue May 01 21:37:15 UTC 2018
709 ms. Memory: 208384K Free: 139183K (67%)
ptolemy.util.test.WatchDog.cancel(): canceling Tue May 01 21:37:16 UTC 2018
------------------ testing $PTII/ptolemy/domains/de/test/auto/MergeModel1Add.xml
auto.tcl: Setting watchdog for 200 seconds at Tue May 01 21:37:16 UTC 2018
17 ms. Memory: 208384K Free: 179930K (86%)
ptolemy.util.test.WatchDog.cancel(): canceling Tue May 01 21:37:16 UTC 2018
auto.tcl: Setting watchdog for 200 seconds at Tue May 01 21:37:16 UTC 2018
14 ms. Memory: 208384K Free: 177944K (85%)
ptolemy.util.test.WatchDog.cancel(): canceling Tue May 01 21:37:16 UTC 2018
------------------ testing $PTII/ptolemy/domains/de/test/auto/MergeModel2Add.xml
auto.tcl: Setting watchdog for 200 seconds at Tue May 01 21:37:16 UTC 2018
10 ms. Memory: 208384K Free: 181298K (87%)
ptolemy.util.test.WatchDog.cancel(): canceling Tue May 01 21:37:16 UTC 2018
auto.tcl: Setting watchdog for 200 seconds at Tue May 01 21:37:16 UTC 2018
9 ms. Memory: 208384K Free: 179312K (86%)
ptolemy.util.test.WatchDog.cancel(): canceling Tue May 01 21:37:16 UTC 2018
------------------ testing $PTII/ptolemy/domains/de/test/auto/MergeModel3Add.xml
auto.tcl: Setting watchdog for 200 seconds at Tue May 01 21:37:16 UTC 2018
9 ms. Memory: 208384K Free: 181310K (87%)
ptolemy.util.test.WatchDog.cancel(): canceling Tue May 01 21:37:16 UTC 2018
auto.tcl: Setting watchdog for 200 seconds at Tue May 01 21:37:16 UTC 2018
8 ms. Memory: 208384K Free: 179325K (86%)
ptolemy.util.test.WatchDog.cancel(): canceling Tue May 01 21:37:16 UTC 2018
------------------ testing $PTII/ptolemy/domains/de/test/auto/MergeWithoutDiscard.xml
auto.tcl: Setting watchdog for 200 seconds at Tue May 01 21:37:16 UTC 2018
2 ms. Memory: 208384K Free: 198566K (95%)
ptolemy.util.test.WatchDog.cancel(): canceling Tue May 01 21:37:16 UTC 2018
auto.tcl: Setting watchdog for 200 seconds at Tue May 01 21:37:16 UTC 2018
2 ms. Memory: 208384K Free: 196580K (94%)
ptolemy.util.test.WatchDog.cancel(): canceling Tue May 01 21:37:16 UTC 2018
------------------ testing $PTII/ptolemy/domains/de/test/auto/Modal1.xml
auto.tcl: Setting watchdog for 200 seconds at Tue May 01 21:37:16 UTC 2018
24 ms. Memory: 208384K Free: 188320K (90%)
ptolemy.util.test.WatchDog.cancel(): canceling Tue May 01 21:37:16 UTC 2018
auto.tcl: Setting watchdog for 200 seconds at Tue May 01 21:37:16 UTC 2018
21 ms. Memory: 208384K Free: 186334K (89%)
ptolemy.util.test.WatchDog.cancel(): canceling Tue May 01 21:37:16 UTC 2018
------------------ testing $PTII/ptolemy/domains/de/test/auto/Modal2.xml
auto.tcl: Setting watchdog for 200 seconds at Tue May 01 21:37:16 UTC 2018
11 ms. Memory: 208384K Free: 188205K (90%)
ptolemy.util.test.WatchDog.cancel(): canceling Tue May 01 21:37:16 UTC 2018
auto.tcl: Setting watchdog for 200 seconds at Tue May 01 21:37:16 UTC 2018
13 ms. Memory: 208384K Free: 186219K (89%)
ptolemy.util.test.WatchDog.cancel(): canceling Tue May 01 21:37:17 UTC 2018
------------------ testing $PTII/ptolemy/domains/de/test/auto/Modal3.xml
auto.tcl: Setting watchdog for 200 seconds at Tue May 01 21:37:17 UTC 2018
11 ms. Memory: 208384K Free: 188192K (90%)
ptolemy.util.test.WatchDog.cancel(): canceling Tue May 01 21:37:17 UTC 2018
auto.tcl: Setting watchdog for 200 seconds at Tue May 01 21:37:17 UTC 2018
12 ms. Memory: 208384K Free: 184220K (88%)
ptolemy.util.test.WatchDog.cancel(): canceling Tue May 01 21:37:17 UTC 2018
------------------ testing $PTII/ptolemy/domains/de/test/auto/Modal4.xml
auto.tcl: Setting watchdog for 200 seconds at Tue May 01 21:37:17 UTC 2018
14 ms. Memory: 208384K Free: 186977K (90%)
ptolemy.util.test.WatchDog.cancel(): canceling Tue May 01 21:37:17 UTC 2018
auto.tcl: Setting watchdog for 200 seconds at Tue May 01 21:37:17 UTC 2018
15 ms. Memory: 208384K Free: 183005K (88%)
ptolemy.util.test.WatchDog.cancel(): canceling Tue May 01 21:37:17 UTC 2018
------------------ testing $PTII/ptolemy/domains/de/test/auto/Modal5.xml
auto.tcl: Setting watchdog for 200 seconds at Tue May 01 21:37:17 UTC 2018
13 ms. Memory: 208384K Free: 186964K (90%)
ptolemy.util.test.WatchDog.cancel(): canceling Tue May 01 21:37:17 UTC 2018
auto.tcl: Setting watchdog for 200 seconds at Tue May 01 21:37:17 UTC 2018
13 ms. Memory: 208384K Free: 182992K (88%)
ptolemy.util.test.WatchDog.cancel(): canceling Tue May 01 21:37:17 UTC 2018
------------------ testing $PTII/ptolemy/domains/de/test/auto/Modal6.xml
auto.tcl: Setting watchdog for 200 seconds at Tue May 01 21:37:17 UTC 2018
12 ms. Memory: 208384K Free: 186961K (90%)
ptolemy.util.test.WatchDog.cancel(): canceling Tue May 01 21:37:17 UTC 2018
auto.tcl: Setting watchdog for 200 seconds at Tue May 01 21:37:17 UTC 2018
14 ms. Memory: 208384K Free: 182989K (88%)
ptolemy.util.test.WatchDog.cancel(): canceling Tue May 01 21:37:17 UTC 2018
------------------ testing $PTII/ptolemy/domains/de/test/auto/Modal7.xml
auto.tcl: Setting watchdog for 200 seconds at Tue May 01 21:37:17 UTC 2018
10 ms. Memory: 208384K Free: 188190K (90%)
ptolemy.util.test.WatchDog.cancel(): canceling Tue May 01 21:37:17 UTC 2018
auto.tcl: Setting watchdog for 200 seconds at Tue May 01 21:37:17 UTC 2018
11 ms. Memory: 208384K Free: 184218K (88%)
ptolemy.util.test.WatchDog.cancel(): canceling Tue May 01 21:37:17 UTC 2018
------------------ testing $PTII/ptolemy/domains/de/test/auto/ModalModel.xml
auto.tcl: Setting watchdog for 200 seconds at Tue May 01 21:37:17 UTC 2018
232 ms. Memory: 208384K Free: 126619K (61%)
ptolemy.util.test.WatchDog.cancel(): canceling Tue May 01 21:37:17 UTC 2018
auto.tcl: Setting watchdog for 200 seconds at Tue May 01 21:37:17 UTC 2018
208 ms. Memory: 200192K Free: 182883K (91%)
ptolemy.util.test.WatchDog.cancel(): canceling Tue May 01 21:37:18 UTC 2018
------------------ testing $PTII/ptolemy/domains/de/test/auto/ModalSource.xml
auto.tcl: Setting watchdog for 200 seconds at Tue May 01 21:37:18 UTC 2018
11 ms. Memory: 200192K Free: 185909K (93%)
ptolemy.util.test.WatchDog.cancel(): canceling Tue May 01 21:37:18 UTC 2018
auto.tcl: Setting watchdog for 200 seconds at Tue May 01 21:37:18 UTC 2018
8 ms. Memory: 200192K Free: 182501K (91%)
ptolemy.util.test.WatchDog.cancel(): canceling Tue May 01 21:37:18 UTC 2018
------------------ testing $PTII/ptolemy/domains/de/test/auto/NonInterruptibleTimerZeroDelay.xml
auto.tcl: Setting watchdog for 200 seconds at Tue May 01 21:37:18 UTC 2018
4 ms. Memory: 199680K Free: 190725K (96%)
ptolemy.util.test.WatchDog.cancel(): canceling Tue May 01 21:37:18 UTC 2018
auto.tcl: Setting watchdog for 200 seconds at Tue May 01 21:37:18 UTC 2018
3 ms. Memory: 199680K Free: 189013K (95%)
ptolemy.util.test.WatchDog.cancel(): canceling Tue May 01 21:37:18 UTC 2018
------------------ testing $PTII/ptolemy/domains/de/test/auto/OpenQueueingNetwork.xml
auto.tcl: Setting watchdog for 200 seconds at Tue May 01 21:37:18 UTC 2018
3306 ms. Memory: 187392K Free: 129747K (69%)
ptolemy.util.test.WatchDog.cancel(): canceling Tue May 01 21:37:21 UTC 2018
auto.tcl: Setting watchdog for 200 seconds at Tue May 01 21:37:21 UTC 2018
2543 ms. Memory: 166912K Free: 131355K (79%)
ptolemy.util.test.WatchDog.cancel(): canceling Tue May 01 21:37:24 UTC 2018
------------------ testing $PTII/ptolemy/domains/de/test/auto/OpenQueuingNetwork.xml
auto.tcl: Setting watchdog for 200 seconds at Tue May 01 21:37:24 UTC 2018
283 ms. Memory: 164352K Free: 150765K (92%)
ptolemy.util.test.WatchDog.cancel(): canceling Tue May 01 21:37:24 UTC 2018
auto.tcl: Setting watchdog for 200 seconds at Tue May 01 21:37:24 UTC 2018
248 ms. Memory: 164352K Free: 89396K (54%)
ptolemy.util.test.WatchDog.cancel(): canceling Tue May 01 21:37:24 UTC 2018
------------------ testing $PTII/ptolemy/domains/de/test/auto/PeriodicSampler.xml
auto.tcl: Setting watchdog for 200 seconds at Tue May 01 21:37:25 UTC 2018
2 ms. Memory: 163840K Free: 153236K (94%)
ptolemy.util.test.WatchDog.cancel(): canceling Tue May 01 21:37:25 UTC 2018
auto.tcl: Setting watchdog for 200 seconds at Tue May 01 21:37:25 UTC 2018
2 ms. Memory: 163840K Free: 153236K (94%)
ptolemy.util.test.WatchDog.cancel(): canceling Tue May 01 21:37:25 UTC 2018
------------------ testing $PTII/ptolemy/domains/de/test/auto/PersistentIO.xml
auto.tcl: Setting watchdog for 200 seconds at Tue May 01 21:37:25 UTC 2018
6 ms. Memory: 163840K Free: 148643K (91%)
ptolemy.util.test.WatchDog.cancel(): canceling Tue May 01 21:37:25 UTC 2018
auto.tcl: Setting watchdog for 200 seconds at Tue May 01 21:37:25 UTC 2018
4 ms. Memory: 163840K Free: 147333K (90%)
ptolemy.util.test.WatchDog.cancel(): canceling Tue May 01 21:37:25 UTC 2018
------------------ testing $PTII/ptolemy/domains/de/test/auto/PortParameterResetOnInitialize.xml
auto.tcl: Setting watchdog for 200 seconds at Tue May 01 21:37:25 UTC 2018
6 ms. Memory: 164864K Free: 154761K (94%)
ptolemy.util.test.WatchDog.cancel(): canceling Tue May 01 21:37:25 UTC 2018
auto.tcl: Setting watchdog for 200 seconds at Tue May 01 21:37:25 UTC 2018
2 ms. Memory: 164864K Free: 153402K (93%)
ptolemy.util.test.WatchDog.cancel(): canceling Tue May 01 21:37:25 UTC 2018
------------------ testing $PTII/ptolemy/domains/de/test/auto/PortParameterUpdates.xml
auto.tcl: Setting watchdog for 200 seconds at Tue May 01 21:37:25 UTC 2018
4 ms. Memory: 163840K Free: 151234K (92%)
ptolemy.util.test.WatchDog.cancel(): canceling Tue May 01 21:37:25 UTC 2018
auto.tcl: Setting watchdog for 200 seconds at Tue May 01 21:37:25 UTC 2018
4 ms. Memory: 163840K Free: 149916K (92%)
ptolemy.util.test.WatchDog.cancel(): canceling Tue May 01 21:37:25 UTC 2018
------------------ testing $PTII/ptolemy/domains/de/test/auto/QueueAndServer.xml
auto.tcl: Setting watchdog for 200 seconds at Tue May 01 21:37:25 UTC 2018
8 ms. Memory: 164864K Free: 152181K (92%)
ptolemy.util.test.WatchDog.cancel(): canceling Tue May 01 21:37:25 UTC 2018
auto.tcl: Setting watchdog for 200 seconds at Tue May 01 21:37:25 UTC 2018
7 ms. Memory: 164864K Free: 150863K (92%)
ptolemy.util.test.WatchDog.cancel(): canceling Tue May 01 21:37:25 UTC 2018
------------------ testing $PTII/ptolemy/domains/de/test/auto/Records.xml
auto.tcl: Setting watchdog for 200 seconds at Tue May 01 21:37:25 UTC 2018
8 ms. Memory: 163840K Free: 153249K (94%)
ptolemy.util.test.WatchDog.cancel(): canceling Tue May 01 21:37:25 UTC 2018
auto.tcl: Setting watchdog for 200 seconds at Tue May 01 21:37:25 UTC 2018
2 ms. Memory: 163840K Free: 151947K (93%)
ptolemy.util.test.WatchDog.cancel(): canceling Tue May 01 21:37:25 UTC 2018
------------------ testing $PTII/ptolemy/domains/de/test/auto/ResetTransitionWithStartTime1.xml
auto.tcl: Setting watchdog for 200 seconds at Tue May 01 21:37:25 UTC 2018
14 ms. Memory: 164352K Free: 149453K (91%)
ptolemy.util.test.WatchDog.cancel(): canceling Tue May 01 21:37:25 UTC 2018
auto.tcl: Setting watchdog for 200 seconds at Tue May 01 21:37:25 UTC 2018
5 ms. Memory: 164352K Free: 148135K (90%)
ptolemy.util.test.WatchDog.cancel(): canceling Tue May 01 21:37:25 UTC 2018
------------------ testing $PTII/ptolemy/domains/de/test/auto/ResetTransitionWithStartTime2.xml
auto.tcl: Setting watchdog for 200 seconds at Tue May 01 21:37:25 UTC 2018
11 ms. Memory: 163840K Free: 149012K (91%)
ptolemy.util.test.WatchDog.cancel(): canceling Tue May 01 21:37:25 UTC 2018
auto.tcl: Setting watchdog for 200 seconds at Tue May 01 21:37:25 UTC 2018
6 ms. Memory: 163840K Free: 147694K (90%)
ptolemy.util.test.WatchDog.cancel(): canceling Tue May 01 21:37:25 UTC 2018
------------------ testing $PTII/ptolemy/domains/de/test/auto/ResetTransitionWithStartTime3.xml
auto.tcl: Setting watchdog for 200 seconds at Tue May 01 21:37:25 UTC 2018
6 ms. Memory: 164352K Free: 149482K (91%)
ptolemy.util.test.WatchDog.cancel(): canceling Tue May 01 21:37:25 UTC 2018
auto.tcl: Setting watchdog for 200 seconds at Tue May 01 21:37:25 UTC 2018
6 ms. Memory: 164352K Free: 148165K (90%)
ptolemy.util.test.WatchDog.cancel(): canceling Tue May 01 21:37:25 UTC 2018
------------------ testing $PTII/ptolemy/domains/de/test/auto/ResetTransitionWithStartTime4.xml
auto.tcl: Setting watchdog for 200 seconds at Tue May 01 21:37:25 UTC 2018
4 ms. Memory: 163840K Free: 149840K (91%)
ptolemy.util.test.WatchDog.cancel(): canceling Tue May 01 21:37:25 UTC 2018
auto.tcl: Setting watchdog for 200 seconds at Tue May 01 21:37:25 UTC 2018
4 ms. Memory: 163840K Free: 148522K (91%)
ptolemy.util.test.WatchDog.cancel(): canceling Tue May 01 21:37:25 UTC 2018
------------------ testing $PTII/ptolemy/domains/de/test/auto/ResettableTimer1.xml
auto.tcl: Setting watchdog for 200 seconds at Tue May 01 21:37:25 UTC 2018
5 ms. Memory: 164352K Free: 155078K (94%)
ptolemy.util.test.WatchDog.cancel(): canceling Tue May 01 21:37:25 UTC 2018
auto.tcl: Setting watchdog for 200 seconds at Tue May 01 21:37:25 UTC 2018
2 ms. Memory: 164352K Free: 153776K (94%)
ptolemy.util.test.WatchDog.cancel(): canceling Tue May 01 21:37:25 UTC 2018
------------------ testing $PTII/ptolemy/domains/de/test/auto/ResettableTimer2.xml
auto.tcl: Setting watchdog for 200 seconds at Tue May 01 21:37:25 UTC 2018
8 ms. Memory: 163840K Free: 154672K (94%)
ptolemy.util.test.WatchDog.cancel(): canceling Tue May 01 21:37:25 UTC 2018
auto.tcl: Setting watchdog for 200 seconds at Tue May 01 21:37:25 UTC 2018
3 ms. Memory: 163840K Free: 153362K (94%)
ptolemy.util.test.WatchDog.cancel(): canceling Tue May 01 21:37:25 UTC 2018
------------------ testing $PTII/ptolemy/domains/de/test/auto/ResettableTimer3.xml
auto.tcl: Setting watchdog for 200 seconds at Tue May 01 21:37:25 UTC 2018
3 ms. Memory: 164352K Free: 155175K (94%)
ptolemy.util.test.WatchDog.cancel(): canceling Tue May 01 21:37:25 UTC 2018
auto.tcl: Setting watchdog for 200 seconds at Tue May 01 21:37:25 UTC 2018
1 ms. Memory: 164352K Free: 155175K (94%)
ptolemy.util.test.WatchDog.cancel(): canceling Tue May 01 21:37:25 UTC 2018
------------------ testing $PTII/ptolemy/domains/de/test/auto/ResettableTimer4.xml
auto.tcl: Setting watchdog for 200 seconds at Tue May 01 21:37:25 UTC 2018
1 ms. Memory: 163840K Free: 153853K (94%)
ptolemy.util.test.WatchDog.cancel(): canceling Tue May 01 21:37:25 UTC 2018
auto.tcl: Setting watchdog for 200 seconds at Tue May 01 21:37:25 UTC 2018
1 ms. Memory: 163840K Free: 152551K (93%)
ptolemy.util.test.WatchDog.cancel(): canceling Tue May 01 21:37:25 UTC 2018
------------------ testing $PTII/ptolemy/domains/de/test/auto/ResettableTimer5.xml
auto.tcl: Setting watchdog for 200 seconds at Tue May 01 21:37:25 UTC 2018
1 ms. Memory: 164352K Free: 153020K (93%)
ptolemy.util.test.WatchDog.cancel(): canceling Tue May 01 21:37:25 UTC 2018
auto.tcl: Setting watchdog for 200 seconds at Tue May 01 21:37:25 UTC 2018
2 ms. Memory: 164352K Free: 153020K (93%)
ptolemy.util.test.WatchDog.cancel(): canceling Tue May 01 21:37:25 UTC 2018
------------------ testing $PTII/ptolemy/domains/de/test/auto/ResettableTimer6.xml
auto.tcl: Setting watchdog for 200 seconds at Tue May 01 21:37:26 UTC 2018
2 ms. Memory: 163840K Free: 153282K (94%)
ptolemy.util.test.WatchDog.cancel(): canceling Tue May 01 21:37:26 UTC 2018
auto.tcl: Setting watchdog for 200 seconds at Tue May 01 21:37:26 UTC 2018
1 ms. Memory: 163840K Free: 153282K (94%)
ptolemy.util.test.WatchDog.cancel(): canceling Tue May 01 21:37:26 UTC 2018
------------------ testing $PTII/ptolemy/domains/de/test/auto/ServerZeroDelay.xml
auto.tcl: Setting watchdog for 200 seconds at Tue May 01 21:37:26 UTC 2018
3 ms. Memory: 164352K Free: 154311K (94%)
ptolemy.util.test.WatchDog.cancel(): canceling Tue May 01 21:37:26 UTC 2018
auto.tcl: Setting watchdog for 200 seconds at Tue May 01 21:37:26 UTC 2018
3 ms. Memory: 164352K Free: 152993K (93%)
ptolemy.util.test.WatchDog.cancel(): canceling Tue May 01 21:37:26 UTC 2018
------------------ testing $PTII/ptolemy/domains/de/test/auto/SmartSender.xml
auto.tcl: Setting watchdog for 200 seconds at Tue May 01 21:37:26 UTC 2018
3002 ms. Memory: 163840K Free: 153786K (94%)
ptolemy.util.test.WatchDog.cancel(): canceling Tue May 01 21:37:29 UTC 2018
auto.tcl: Setting watchdog for 200 seconds at Tue May 01 21:37:29 UTC 2018
3003 ms. Memory: 163840K Free: 152469K (93%)
ptolemy.util.test.WatchDog.cancel(): canceling Tue May 01 21:37:32 UTC 2018
------------------ testing $PTII/ptolemy/domains/de/test/auto/ThreadedComposite.xml
auto.tcl: Setting watchdog for 200 seconds at Tue May 01 21:37:32 UTC 2018
240 ms. Memory: 163840K Free: 131393K (80%)
ptolemy.util.test.WatchDog.cancel(): canceling Tue May 01 21:37:32 UTC 2018
auto.tcl: Setting watchdog for 200 seconds at Tue May 01 21:37:32 UTC 2018
213 ms. Memory: 163840K Free: 116277K (71%)
ptolemy.util.test.WatchDog.cancel(): canceling Tue May 01 21:37:32 UTC 2018
------------------ testing $PTII/ptolemy/domains/de/test/auto/Time.xml
auto.tcl: Setting watchdog for 200 seconds at Tue May 01 21:37:32 UTC 2018
605 ms. Memory: 163840K Free: 101722K (62%)
ptolemy.util.test.WatchDog.cancel(): canceling Tue May 01 21:37:33 UTC 2018
auto.tcl: Setting watchdog for 200 seconds at Tue May 01 21:37:33 UTC 2018
555 ms. Memory: 161792K Free: 131232K (81%)
ptolemy.util.test.WatchDog.cancel(): canceling Tue May 01 21:37:33 UTC 2018
------------------ testing $PTII/ptolemy/domains/de/test/auto/TimeDelayZeroDelay.xml
auto.tcl: Setting watchdog for 200 seconds at Tue May 01 21:37:34 UTC 2018
4 ms. Memory: 161280K Free: 152358K (94%)
ptolemy.util.test.WatchDog.cancel(): canceling Tue May 01 21:37:34 UTC 2018
auto.tcl: Setting watchdog for 200 seconds at Tue May 01 21:37:34 UTC 2018
2 ms. Memory: 161280K Free: 151459K (94%)
ptolemy.util.test.WatchDog.cancel(): canceling Tue May 01 21:37:34 UTC 2018
------------------ testing $PTII/ptolemy/domains/de/test/auto/TimerZeroDelay.xml
auto.tcl: Setting watchdog for 200 seconds at Tue May 01 21:37:34 UTC 2018
2 ms. Memory: 161792K Free: 152929K (95%)
ptolemy.util.test.WatchDog.cancel(): canceling Tue May 01 21:37:34 UTC 2018
auto.tcl: Setting watchdog for 200 seconds at Tue May 01 21:37:34 UTC 2018
5 ms. Memory: 161792K Free: 152030K (94%)
ptolemy.util.test.WatchDog.cancel(): canceling Tue May 01 21:37:34 UTC 2018
------------------ testing $PTII/ptolemy/domains/de/test/auto/TimingParadox.xml
auto.tcl: Setting watchdog for 200 seconds at Tue May 01 21:37:34 UTC 2018
384 ms. Memory: 161280K Free: 85975K (53%)
ptolemy.util.test.WatchDog.cancel(): canceling Tue May 01 21:37:34 UTC 2018
auto.tcl: Setting watchdog for 200 seconds at Tue May 01 21:37:34 UTC 2018
352 ms. Memory: 158720K Free: 128105K (81%)
ptolemy.util.test.WatchDog.cancel(): canceling Tue May 01 21:37:34 UTC 2018
------------------ testing $PTII/ptolemy/domains/de/test/auto/TransferInputs.xml
auto.tcl: Setting watchdog for 200 seconds at Tue May 01 21:37:35 UTC 2018
2 ms. Memory: 158720K Free: 147989K (93%)
ptolemy.util.test.WatchDog.cancel(): canceling Tue May 01 21:37:35 UTC 2018
auto.tcl: Setting watchdog for 200 seconds at Tue May 01 21:37:35 UTC 2018
2 ms. Memory: 158720K Free: 147116K (93%)
ptolemy.util.test.WatchDog.cancel(): canceling Tue May 01 21:37:35 UTC 2018
------------------ testing $PTII/ptolemy/domains/de/test/auto/TransferOutputs2.xml
auto.tcl: Setting watchdog for 200 seconds at Tue May 01 21:37:35 UTC 2018
3 ms. Memory: 159232K Free: 145383K (91%)
ptolemy.util.test.WatchDog.cancel(): canceling Tue May 01 21:37:35 UTC 2018
auto.tcl: Setting watchdog for 200 seconds at Tue May 01 21:37:35 UTC 2018
4 ms. Memory: 159232K Free: 144525K (91%)
ptolemy.util.test.WatchDog.cancel(): canceling Tue May 01 21:37:35 UTC 2018
------------------ testing $PTII/ptolemy/domains/de/test/auto/Trilateration.xml
auto.tcl: Setting watchdog for 200 seconds at Tue May 01 21:37:35 UTC 2018
13048 ms. Memory: 281600K Free: 105858K (38%)
ptolemy.util.test.WatchDog.cancel(): canceling Tue May 01 21:37:49 UTC 2018
auto.tcl: Setting watchdog for 200 seconds at Tue May 01 21:37:49 UTC 2018
10953 ms. Memory: 175104K Free: 93146K (53%)
ptolemy.util.test.WatchDog.cancel(): canceling Tue May 01 21:38:00 UTC 2018
------------------ testing $PTII/ptolemy/domains/de/test/auto/TwoSigmaDelta.xml
auto.tcl: Setting watchdog for 200 seconds at Tue May 01 21:38:00 UTC 2018
2939 ms. Memory: 165888K Free: 140710K (85%)
ptolemy.util.test.WatchDog.cancel(): canceling Tue May 01 21:38:03 UTC 2018
auto.tcl: Setting watchdog for 200 seconds at Tue May 01 21:38:03 UTC 2018
2067 ms. Memory: 160256K Free: 69804K (44%)
ptolemy.util.test.WatchDog.cancel(): canceling Tue May 01 21:38:05 UTC 2018
------------------ testing $PTII/ptolemy/domains/de/test/auto/VariableDelay.xml
auto.tcl: Setting watchdog for 200 seconds at Tue May 01 21:38:05 UTC 2018
2 ms. Memory: 160768K Free: 149843K (93%)
ptolemy.util.test.WatchDog.cancel(): canceling Tue May 01 21:38:05 UTC 2018
auto.tcl: Setting watchdog for 200 seconds at Tue May 01 21:38:05 UTC 2018
2 ms. Memory: 160768K Free: 148404K (92%)
ptolemy.util.test.WatchDog.cancel(): canceling Tue May 01 21:38:05 UTC 2018
------------------ testing $PTII/ptolemy/domains/de/test/auto/VariableDelay2.xml
auto.tcl: Setting watchdog for 200 seconds at Tue May 01 21:38:05 UTC 2018
7 ms. Memory: 160256K Free: 149732K (93%)
ptolemy.util.test.WatchDog.cancel(): canceling Tue May 01 21:38:05 UTC 2018
auto.tcl: Setting watchdog for 200 seconds at Tue May 01 21:38:05 UTC 2018
2 ms. Memory: 160256K Free: 148293K (93%)
ptolemy.util.test.WatchDog.cancel(): canceling Tue May 01 21:38:05 UTC 2018
------------------ testing $PTII/ptolemy/domains/de/test/auto/VariableDelayZeroDelay.xml
auto.tcl: Setting watchdog for 200 seconds at Tue May 01 21:38:05 UTC 2018
6 ms. Memory: 160768K Free: 150202K (93%)
ptolemy.util.test.WatchDog.cancel(): canceling Tue May 01 21:38:05 UTC 2018
auto.tcl: Setting watchdog for 200 seconds at Tue May 01 21:38:05 UTC 2018
2 ms. Memory: 160768K Free: 150202K (93%)
ptolemy.util.test.WatchDog.cancel(): canceling Tue May 01 21:38:05 UTC 2018
------------------ testing $PTII/ptolemy/domains/de/test/auto/VariableDelayZeroDelay2.xml
auto.tcl: Setting watchdog for 200 seconds at Tue May 01 21:38:05 UTC 2018
2 ms. Memory: 160256K Free: 149753K (93%)
ptolemy.util.test.WatchDog.cancel(): canceling Tue May 01 21:38:05 UTC 2018
auto.tcl: Setting watchdog for 200 seconds at Tue May 01 21:38:05 UTC 2018
6 ms. Memory: 160256K Free: 149753K (93%)
ptolemy.util.test.WatchDog.cancel(): canceling Tue May 01 21:38:05 UTC 2018
------------------ testing $PTII/ptolemy/domains/de/test/auto/deInCt.xml
auto.tcl: Setting watchdog for 200 seconds at Tue May 01 21:38:05 UTC 2018
0
1
1
1
1
0
0
0
1
1
1
1
0
0
0
0
0
1
1
1
1
1
1
0
0
0
0
10 ms. Memory: 160256K Free: 149732K (93%)
ptolemy.util.test.WatchDog.cancel(): canceling Tue May 01 21:38:06 UTC 2018
auto.tcl: Setting watchdog for 200 seconds at Tue May 01 21:38:06 UTC 2018
0
1
1
1
0
0
0
1
1
1
0
0
0
1
1
1
1
0
0
0
1
1
1
0
0
0
1
1
1
0
0
0
1
1
1
1
1
0
0
0
7 ms. Memory: 160256K Free: 148293K (93%)
ptolemy.util.test.WatchDog.cancel(): canceling Tue May 01 21:38:06 UTC 2018
------------------ testing $PTII/ptolemy/domains/de/test/auto/deInCt2.xml
auto.tcl: Setting watchdog for 200 seconds at Tue May 01 21:38:06 UTC 2018
0
1
1
1
0
0
1
1
1
0
0
1
1
1
0
0
1
1
1
0
0
1
1
1
0
0
1
1
1
0
0
1
1
1
0
0
1
1
1
0
0
0
14 ms. Memory: 160256K Free: 149732K (93%)
ptolemy.util.test.WatchDog.cancel(): canceling Tue May 01 21:38:06 UTC 2018
auto.tcl: Setting watchdog for 200 seconds at Tue May 01 21:38:06 UTC 2018
0
1
1
1
0
0
1
1
1
0
0
1
1
1
0
0
1
1
1
0
0
1
1
1
0
0
1
1
1
0
0
1
1
1
0
0
1
1
1
0
0
0
7 ms. Memory: 160256K Free: 148293K (93%)
ptolemy.util.test.WatchDog.cancel(): canceling Tue May 01 21:38:06 UTC 2018
------------------ testing $PTII/ptolemy/domains/de/test/auto/dynamicCausalityInterface1.xml
auto.tcl: Setting watchdog for 200 seconds at Tue May 01 21:38:06 UTC 2018
3 ms. Memory: 160256K Free: 144802K (90%)
ptolemy.util.test.WatchDog.cancel(): canceling Tue May 01 21:38:06 UTC 2018
auto.tcl: Setting watchdog for 200 seconds at Tue May 01 21:38:06 UTC 2018
1 ms. Memory: 160256K Free: 143380K (89%)
ptolemy.util.test.WatchDog.cancel(): canceling Tue May 01 21:38:06 UTC 2018
------------------ testing $PTII/ptolemy/domains/de/test/auto/fsm_de_test.xml
auto.tcl: Setting watchdog for 200 seconds at Tue May 01 21:38:06 UTC 2018
13 ms. Memory: 160256K Free: 143794K (90%)
ptolemy.util.test.WatchDog.cancel(): canceling Tue May 01 21:38:06 UTC 2018
auto.tcl: Setting watchdog for 200 seconds at Tue May 01 21:38:06 UTC 2018
10 ms. Memory: 160256K Free: 140933K (88%)
ptolemy.util.test.WatchDog.cancel(): canceling Tue May 01 21:38:06 UTC 2018
------------------ testing $PTII/ptolemy/domains/de/test/auto/functionDependencyReconstruction.xml
auto.tcl: Setting watchdog for 200 seconds at Tue May 01 21:38:06 UTC 2018
3 ms. Memory: 160256K Free: 136631K (85%)
ptolemy.util.test.WatchDog.cancel(): canceling Tue May 01 21:38:06 UTC 2018
auto.tcl: Setting watchdog for 200 seconds at Tue May 01 21:38:06 UTC 2018
3 ms. Memory: 160256K Free: 133777K (83%)
ptolemy.util.test.WatchDog.cancel(): canceling Tue May 01 21:38:06 UTC 2018
------------------ testing $PTII/ptolemy/domains/de/test/auto/multirate.xml
auto.tcl: Setting watchdog for 200 seconds at Tue May 01 21:38:06 UTC 2018
4 ms. Memory: 160256K Free: 146622K (91%)
ptolemy.util.test.WatchDog.cancel(): canceling Tue May 01 21:38:06 UTC 2018
auto.tcl: Setting watchdog for 200 seconds at Tue May 01 21:38:06 UTC 2018
3 ms. Memory: 160256K Free: 146622K (91%)
ptolemy.util.test.WatchDog.cancel(): canceling Tue May 01 21:38:06 UTC 2018
------------------ testing $PTII/ptolemy/domains/de/test/auto/multirate2.xml
auto.tcl: Setting watchdog for 200 seconds at Tue May 01 21:38:06 UTC 2018
3 ms. Memory: 160256K Free: 148265K (93%)
ptolemy.util.test.WatchDog.cancel(): canceling Tue May 01 21:38:06 UTC 2018
auto.tcl: Setting watchdog for 200 seconds at Tue May 01 21:38:06 UTC 2018
3 ms. Memory: 160256K Free: 146834K (92%)
ptolemy.util.test.WatchDog.cancel(): canceling Tue May 01 21:38:06 UTC 2018
------------------ testing $PTII/ptolemy/domains/de/test/auto/realtime.xml
auto.tcl: Setting watchdog for 200 seconds at Tue May 01 21:38:06 UTC 2018
10002 ms. Memory: 160256K Free: 148896K (93%)
ptolemy.util.test.WatchDog.cancel(): canceling Tue May 01 21:38:16 UTC 2018
auto.tcl: Setting watchdog for 200 seconds at Tue May 01 21:38:16 UTC 2018
10002 ms. Memory: 160256K Free: 147465K (92%)
ptolemy.util.test.WatchDog.cancel(): canceling Tue May 01 21:38:26 UTC 2018
------------------ testing $PTII/ptolemy/domains/de/test/auto/relationGroup.xml
auto.tcl: Setting watchdog for 200 seconds at Tue May 01 21:38:26 UTC 2018
4 ms. Memory: 160256K Free: 151932K (95%)
ptolemy.util.test.WatchDog.cancel(): canceling Tue May 01 21:38:26 UTC 2018
auto.tcl: Setting watchdog for 200 seconds at Tue May 01 21:38:26 UTC 2018
2 ms. Memory: 160256K Free: 150493K (94%)
ptolemy.util.test.WatchDog.cancel(): canceling Tue May 01 21:38:26 UTC 2018
------------------ testing $PTII/ptolemy/domains/de/test/auto/relationGroup2.xml
auto.tcl: Setting watchdog for 200 seconds at Tue May 01 21:38:26 UTC 2018
7 ms. Memory: 160256K Free: 151162K (94%)
ptolemy.util.test.WatchDog.cancel(): canceling Tue May 01 21:38:26 UTC 2018
auto.tcl: Setting watchdog for 200 seconds at Tue May 01 21:38:26 UTC 2018
1 ms. Memory: 160256K Free: 149723K (93%)
ptolemy.util.test.WatchDog.cancel(): canceling Tue May 01 21:38:26 UTC 2018
------------------ testing $PTII/ptolemy/domains/de/test/auto/sortWithOpaquePorts.xml
auto.tcl: Setting watchdog for 200 seconds at Tue May 01 21:38:26 UTC 2018
1 ms. Memory: 160256K Free: 149716K (93%)
ptolemy.util.test.WatchDog.cancel(): canceling Tue May 01 21:38:26 UTC 2018
auto.tcl: Setting watchdog for 200 seconds at Tue May 01 21:38:26 UTC 2018
1 ms. Memory: 160256K Free: 148293K (93%)
ptolemy.util.test.WatchDog.cancel(): canceling Tue May 01 21:38:26 UTC 2018
------------------ testing $PTII/ptolemy/domains/de/test/auto/transferInputsandOutputs.xml
auto.tcl: Setting watchdog for 200 seconds at Tue May 01 21:38:26 UTC 2018
3 ms. Memory: 160256K Free: 146841K (92%)
ptolemy.util.test.WatchDog.cancel(): canceling Tue May 01 21:38:26 UTC 2018
auto.tcl: Setting watchdog for 200 seconds at Tue May 01 21:38:26 UTC 2018
1 ms. Memory: 160256K Free: 146841K (92%)
ptolemy.util.test.WatchDog.cancel(): canceling Tue May 01 21:38:26 UTC 2018
------------------ testing $PTII/ptolemy/domains/de/test/auto/triggerType.xml
auto.tcl: Setting watchdog for 200 seconds at Tue May 01 21:38:26 UTC 2018
1 ms. Memory: 160256K Free: 149669K (93%)
ptolemy.util.test.WatchDog.cancel(): canceling Tue May 01 21:38:26 UTC 2018
auto.tcl: Setting watchdog for 200 seconds at Tue May 01 21:38:26 UTC 2018
1 ms. Memory: 160256K Free: 149669K (93%)
ptolemy.util.test.WatchDog.cancel(): canceling Tue May 01 21:38:26 UTC 2018
05/01/18 09:38:26
Failed: 0  Total Tests: 192  ((Passed: 187, Newly Passed: 1)  Known Failed: 5) /home/travis/build/icyphy/ptII/ptolemy/domains/de/test
05/01/18 09:38:26
Failed: 0  Total Tests: 192  ((Passed: 187, Newly Passed: 1)  Known Failed: 5) /home/travis/build/icyphy/ptII/ptolemy/domains/de/test
----------------- testing (KnownFailure) /home/travis/build/icyphy/ptII/ptolemy/domains/de/test/auto/knownFailedTests/DESDFClockTest.xml
2008 ms. Memory: 160256K Free: 141497K (88%)
Known Failure: java.lang.reflect.InvocationTargetException
----------------- testing (KnownFailure) /home/travis/build/icyphy/ptII/ptolemy/domains/de/test/auto/knownFailedTests/DirectFeedback.xml
1 ms. Memory: 160256K Free: 133596K (83%)
Known Failure: java.lang.reflect.InvocationTargetException
----------------- testing (KnownFailure) /home/travis/build/icyphy/ptII/ptolemy/domains/de/test/auto/knownFailedTests/FSMSource.xml
6 ms. Memory: 160256K Free: 120940K (75%)
----------------- testing (KnownFailure) /home/travis/build/icyphy/ptII/ptolemy/domains/de/test/auto/knownFailedTests/HierarchicalModel.xml
2 ms. Memory: 160256K Free: 100397K (63%)
Known Failure: java.lang.reflect.InvocationTargetException
----------------- testing (KnownFailure) /home/travis/build/icyphy/ptII/ptolemy/domains/de/test/auto/knownFailedTests/dependencyLoop.xml
2 ms. Memory: 160256K Free: 78263K (49%)
Known Failure: java.lang.reflect.InvocationTargetException
----------------- testing (KnownFailure) /home/travis/build/icyphy/ptII/ptolemy/domains/de/test/auto/knownFailedTests/dependencyLoop2.xml
2 ms. Memory: 157696K Free: 132221K (84%)
Known Failure: java.lang.reflect.InvocationTargetException
No auto/*.xml tests in /home/travis/build/icyphy/ptII/ptolemy/domains/de/test
AutoTests.java: About to close Vertx.
AutoTests.java: Vertx closed.
----------------- testing Tue May 01 21:38:29 UTC 2018 /home/travis/build/icyphy/ptII/ptolemy/domains/de/test/auto/ActorDepthCalculation_actorWithoutPorts.xml
1 ms. Memory: 157696K Free: 122994K (78%)
reloadAllAccessors: .ActorDepthCalculation_actorWithoutPorts
----------------- testing Tue May 01 21:38:29 UTC 2018 /home/travis/build/icyphy/ptII/ptolemy/domains/de/test/auto/AssemblyLine.xml
2 ms. Memory: 157696K Free: 114406K (73%)
reloadAllAccessors: .AssemblyLine
----------------- testing Tue May 01 21:38:29 UTC 2018 /home/travis/build/icyphy/ptII/ptolemy/domains/de/test/auto/CQBug1.xml
1 ms. Memory: 157696K Free: 110559K (70%)
reloadAllAccessors: .CQBug1
----------------- testing Tue May 01 21:38:29 UTC 2018 /home/travis/build/icyphy/ptII/ptolemy/domains/de/test/auto/CancelFireAt.xml
1 ms. Memory: 157696K Free: 106597K (68%)
reloadAllAccessors: .CancelFireAt
----------------- testing Tue May 01 21:38:29 UTC 2018 /home/travis/build/icyphy/ptII/ptolemy/domains/de/test/auto/CausalityAndComposabilityAnalysis.xml
1 ms. Memory: 157696K Free: 101232K (64%)
reloadAllAccessors: .CausalityAndComposabilityAnalysis
----------------- testing Tue May 01 21:38:29 UTC 2018 /home/travis/build/icyphy/ptII/ptolemy/domains/de/test/auto/CausalityInterface1.xml
3 ms. Memory: 157696K Free: 94170K (60%)
reloadAllAccessors: .CausalityInterface1
----------------- testing Tue May 01 21:38:29 UTC 2018 /home/travis/build/icyphy/ptII/ptolemy/domains/de/test/auto/CausalityInterface15.xml
2 ms. Memory: 157696K Free: 87240K (55%)
reloadAllAccessors: .CausalityInterface15
----------------- testing Tue May 01 21:38:29 UTC 2018 /home/travis/build/icyphy/ptII/ptolemy/domains/de/test/auto/CausalityInterface2.xml
1 ms. Memory: 157696K Free: 80972K (51%)
reloadAllAccessors: .CausalityInterface2
----------------- testing Tue May 01 21:38:29 UTC 2018 /home/travis/build/icyphy/ptII/ptolemy/domains/de/test/auto/CausalityInterface3.xml
4 ms. Memory: 155136K Free: 149052K (96%)
reloadAllAccessors: .CausalityInterface3
----------------- testing Tue May 01 21:38:29 UTC 2018 /home/travis/build/icyphy/ptII/ptolemy/domains/de/test/auto/ClockDrift.xml
17 ms. Memory: 155136K Free: 134097K (86%)
reloadAllAccessors: .ClockDrift
----------------- testing Tue May 01 21:38:29 UTC 2018 /home/travis/build/icyphy/ptII/ptolemy/domains/de/test/auto/ClockDriftAndValueChange.xml
7 ms. Memory: 155136K Free: 119962K (77%)
reloadAllAccessors: .ClockDriftAndValueChange
----------------- testing Tue May 01 21:38:29 UTC 2018 /home/travis/build/icyphy/ptII/ptolemy/domains/de/test/auto/ClockDriftChange.xml
7 ms. Memory: 155136K Free: 107817K (69%)
reloadAllAccessors: .ClockDriftChange
----------------- testing Tue May 01 21:38:29 UTC 2018 /home/travis/build/icyphy/ptII/ptolemy/domains/de/test/auto/ComposableCausalityAnalysis.xml
2 ms. Memory: 155136K Free: 100700K (65%)
reloadAllAccessors: .ComposableCausalityAnalysis
----------------- testing Tue May 01 21:38:29 UTC 2018 /home/travis/build/icyphy/ptII/ptolemy/domains/de/test/auto/DEFixedPointLimitation.xml
1 ms. Memory: 155136K Free: 95728K (62%)
reloadAllAccessors: .DEFixedPointLimitation
----------------- testing Tue May 01 21:38:29 UTC 2018 /home/travis/build/icyphy/ptII/ptolemy/domains/de/test/auto/DEScheduleTest.xml
1 ms. Memory: 155136K Free: 90173K (58%)
reloadAllAccessors: .DEScheduleTest
----------------- testing Tue May 01 21:38:29 UTC 2018 /home/travis/build/icyphy/ptII/ptolemy/domains/de/test/auto/DEinDEwithStartTimes.xml
2 ms. Memory: 155136K Free: 83056K (54%)
reloadAllAccessors: .DEinDEwithStartTimes
----------------- testing Tue May 01 21:38:29 UTC 2018 /home/travis/build/icyphy/ptII/ptolemy/domains/de/test/auto/DEinDEwithStartTimes2.xml
8 ms. Memory: 152576K Free: 146445K (96%)
reloadAllAccessors: .DEinDEwithStartTimes2
----------------- testing Tue May 01 21:38:29 UTC 2018 /home/travis/build/icyphy/ptII/ptolemy/domains/de/test/auto/DateDemo.xml
3 ms. Memory: 152576K Free: 132797K (87%)
reloadAllAccessors: .DateDemo
----------------- testing Tue May 01 21:38:29 UTC 2018 /home/travis/build/icyphy/ptII/ptolemy/domains/de/test/auto/DateToEvent.xml
2004 ms. Memory: 152576K Free: 114511K (75%)
reloadAllAccessors: .DateToEvent
----------------- testing Tue May 01 21:38:31 UTC 2018 /home/travis/build/icyphy/ptII/ptolemy/domains/de/test/auto/DepthTest1.xml
[...]
java.lang.RuntimeException: Execution failed
	at ptolemy.moml.MoMLSimpleApplication$UnloadThread.run(MoMLSimpleApplication.java:402)
Caused by: ptolemy.kernel.util.IllegalActionException: Test fails in iteration 1.
Value was: 1.0. Should have been: 2.0
  in .DirectFeedback.Test
	at ptolemy.actor.lib.Test.fire(Test.java:268)
	at ptolemy.domains.de.kernel.DEDirector._fire(DEDirector.java:1948)
	at ptolemy.domains.de.kernel.DEDirector.fire(DEDirector.java:502)
	at ptolemy.actor.CompositeActor.fire(CompositeActor.java:455)
	at ptolemy.actor.Manager.iterate(Manager.java:851)
	at ptolemy.actor.Manager.execute(Manager.java:369)
	at ptolemy.actor.Manager.run(Manager.java:1263)
	at ptolemy.actor.Manager$PtolemyRunThread.run(Manager.java:1915)
java.lang.RuntimeException: Execution failed
	at ptolemy.moml.MoMLSimpleApplication$UnloadThread.run(MoMLSimpleApplication.java:402)
Caused by: ptolemy.kernel.util.IllegalActionException: Actor is not ready to fire.  Perhaps UpSample.prefire() returned false? Try debugging the actor by selecting "Listen to Actor".  Also, for SDF check moml for tokenConsumptionRate on input.
  in .DESDFClockTest.Play Bell.Copy1:SDF Director and .DESDFClockTest.Play Bell.UpSample
	at ptolemy.actor.sched.StaticSchedulingDirector.fire(StaticSchedulingDirector.java:227)
	at ptolemy.domains.sdf.kernel.SDFDirector.fire(SDFDirector.java:500)
	at ptolemy.actor.CompositeActor.fire(CompositeActor.java:455)
	at ptolemy.domains.de.kernel.DEDirector._fire(DEDirector.java:1948)
	at ptolemy.domains.de.kernel.DEDirector.fire(DEDirector.java:502)
	at ptolemy.actor.CompositeActor.fire(CompositeActor.java:455)
	at ptolemy.actor.Manager.iterate(Manager.java:851)
	at ptolemy.actor.Manager.execute(Manager.java:369)
	at ptolemy.actor.Manager.run(Manager.java:1263)
	at ptolemy.actor.Manager$PtolemyRunThread.run(Manager.java:1915)
java.lang.reflect.InvocationTargetException
	at sun.reflect.NativeConstructorAccessorImpl.newInstance0(Native Method)
	at sun.reflect.NativeConstructorAccessorImpl.newInstance(NativeConstructorAccessorImpl.java:62)
	at sun.reflect.DelegatingConstructorAccessorImpl.newInstance(DelegatingConstructorAccessorImpl.java:45)
	at java.lang.reflect.Constructor.newInstance(Constructor.java:423)
	at ptolemy.util.test.junit.AutoKnownFailedTests.RunModel(AutoKnownFailedTests.java:107)
	at sun.reflect.NativeMethodAccessorImpl.invoke0(Native Method)
	at sun.reflect.NativeMethodAccessorImpl.invoke(NativeMethodAccessorImpl.java:62)
	at sun.reflect.DelegatingMethodAccessorImpl.invoke(DelegatingMethodAccessorImpl.java:43)
	at java.lang.reflect.Method.invoke(Method.java:498)
	at org.junit.runners.model.FrameworkMethod$1.runReflectiveCall(FrameworkMethod.java:44)
	at org.junit.internal.runners.model.ReflectiveCallable.run(ReflectiveCallable.java:15)
	at org.junit.runners.model.FrameworkMethod.invokeExplosively(FrameworkMethod.java:41)
	at junitparams.internal.InvokeParameterisedMethod.evaluate(InvokeParameterisedMethod.java:102)
	at org.junit.internal.runners.statements.FailOnTimeout$1.run(FailOnTimeout.java:28)
Caused by: ptolemy.kernel.util.IllegalActionException: Actor is not ready to fire.  Perhaps UpSample.prefire() returned false? Try debugging the actor by selecting "Listen to Actor".  Also, for SDF check moml for tokenConsumptionRate on input.
  in .DESDFClockTest.Play Bell.Copy1:SDF Director and .DESDFClockTest.Play Bell.UpSample
	at ptolemy.actor.sched.StaticSchedulingDirector.fire(StaticSchedulingDirector.java:227)
	at ptolemy.domains.sdf.kernel.SDFDirector.fire(SDFDirector.java:500)
	at ptolemy.actor.CompositeActor.fire(CompositeActor.java:455)
	at ptolemy.domains.de.kernel.DEDirector._fire(DEDirector.java:1948)
	at ptolemy.domains.de.kernel.DEDirector.fire(DEDirector.java:502)
	at ptolemy.actor.CompositeActor.fire(CompositeActor.java:455)
	at ptolemy.actor.Manager.iterate(Manager.java:851)
	at ptolemy.actor.Manager.execute(Manager.java:369)
	at ptolemy.actor.Manager.run(Manager.java:1263)
	at ptolemy.actor.Manager$PtolemyRunThread.run(Manager.java:1915)
java.lang.RuntimeException: Execution failed
	at ptolemy.moml.MoMLSimpleApplication$UnloadThread.run(MoMLSimpleApplication.java:402)
Caused by: ptolemy.kernel.util.IllegalActionException: Test fails in iteration 1.
Value was: 1.0. Should have been: 2.0
  in .DirectFeedback.Test
	at ptolemy.actor.lib.Test.fire(Test.java:268)
	at ptolemy.domains.de.kernel.DEDirector._fire(DEDirector.java:1948)
	at ptolemy.domains.de.kernel.DEDirector.fire(DEDirector.java:502)
	at ptolemy.actor.CompositeActor.fire(CompositeActor.java:455)
	at ptolemy.actor.Manager.iterate(Manager.java:851)
	at ptolemy.actor.Manager.execute(Manager.java:369)
	at ptolemy.actor.Manager.run(Manager.java:1263)
	at ptolemy.actor.Manager$PtolemyRunThread.run(Manager.java:1915)
java.lang.reflect.InvocationTargetException
	at sun.reflect.NativeConstructorAccessorImpl.newInstance0(Native Method)
	at sun.reflect.NativeConstructorAccessorImpl.newInstance(NativeConstructorAccessorImpl.java:62)
	at sun.reflect.DelegatingConstructorAccessorImpl.newInstance(DelegatingConstructorAccessorImpl.java:45)
	at java.lang.reflect.Constructor.newInstance(Constructor.java:423)
	at ptolemy.util.test.junit.AutoKnownFailedTests.RunModel(AutoKnownFailedTests.java:107)
	at sun.reflect.NativeMethodAccessorImpl.invoke0(Native Method)
	at sun.reflect.NativeMethodAccessorImpl.invoke(NativeMethodAccessorImpl.java:62)
	at sun.reflect.DelegatingMethodAccessorImpl.invoke(DelegatingMethodAccessorImpl.java:43)
	at java.lang.reflect.Method.invoke(Method.java:498)
	at org.junit.runners.model.FrameworkMethod$1.runReflectiveCall(FrameworkMethod.java:44)
	at org.junit.internal.runners.model.ReflectiveCallable.run(ReflectiveCallable.java:15)
	at org.junit.runners.model.FrameworkMethod.invokeExplosively(FrameworkMethod.java:41)
	at junitparams.internal.InvokeParameterisedMethod.evaluate(InvokeParameterisedMethod.java:102)
	at org.junit.internal.runners.statements.FailOnTimeout$1.run(FailOnTimeout.java:28)
Caused by: ptolemy.kernel.util.IllegalActionException: Test fails in iteration 1.
Value was: 1.0. Should have been: 2.0
  in .DirectFeedback.Test
	at ptolemy.actor.lib.Test.fire(Test.java:268)
	at ptolemy.domains.de.kernel.DEDirector._fire(DEDirector.java:1948)
	at ptolemy.domains.de.kernel.DEDirector.fire(DEDirector.java:502)
	at ptolemy.actor.CompositeActor.fire(CompositeActor.java:455)
	at ptolemy.actor.Manager.iterate(Manager.java:851)
	at ptolemy.actor.Manager.execute(Manager.java:369)
	at ptolemy.actor.Manager.run(Manager.java:1263)
	at ptolemy.actor.Manager$PtolemyRunThread.run(Manager.java:1915)
java.lang.RuntimeException: Execution failed
	at ptolemy.moml.MoMLSimpleApplication$UnloadThread.run(MoMLSimpleApplication.java:402)
Caused by: ptolemy.kernel.util.IllegalActionException: Found a zero delay loop containing .HierarchicalModel.A
  in .HierarchicalModel and .HierarchicalModel.A
	at ptolemy.actor.util.CausalityInterfaceForComposites._computeOutputPortDepth(CausalityInterfaceForComposites.java:759)
	at ptolemy.actor.util.CausalityInterfaceForComposites._computeInputDepth(CausalityInterfaceForComposites.java:696)
	at ptolemy.actor.util.CausalityInterfaceForComposites._computeOutputPortDepth(CausalityInterfaceForComposites.java:765)
	at ptolemy.actor.util.CausalityInterfaceForComposites._computeInputDepth(CausalityInterfaceForComposites.java:696)
	at ptolemy.actor.util.CausalityInterfaceForComposites._computeOutputPortDepth(CausalityInterfaceForComposites.java:765)
	at ptolemy.actor.util.CausalityInterfaceForComposites._computeInputDepth(CausalityInterfaceForComposites.java:696)
	at ptolemy.actor.util.CausalityInterfaceForComposites._computeActorDepth(CausalityInterfaceForComposites.java:532)
	at ptolemy.actor.util.CausalityInterfaceForComposites.checkForCycles(CausalityInterfaceForComposites.java:96)
	at ptolemy.domains.de.kernel.DEDirector.preinitialize(DEDirector.java:1337)
	at ptolemy.actor.CompositeActor.preinitialize(CompositeActor.java:1828)
	at ptolemy.actor.Manager.preinitializeAndResolveTypes(Manager.java:1040)
	at ptolemy.actor.Manager.initialize(Manager.java:710)
	at ptolemy.actor.Manager.execute(Manager.java:356)
	at ptolemy.actor.Manager.run(Manager.java:1263)
	at ptolemy.actor.Manager$PtolemyRunThread.run(Manager.java:1915)
java.lang.reflect.InvocationTargetException
	at sun.reflect.NativeConstructorAccessorImpl.newInstance0(Native Method)
	at sun.reflect.NativeConstructorAccessorImpl.newInstance(NativeConstructorAccessorImpl.java:62)
	at sun.reflect.DelegatingConstructorAccessorImpl.newInstance(DelegatingConstructorAccessorImpl.java:45)
	at java.lang.reflect.Constructor.newInstance(Constructor.java:423)
	at ptolemy.util.test.junit.AutoKnownFailedTests.RunModel(AutoKnownFailedTests.java:107)
	at sun.reflect.NativeMethodAccessorImpl.invoke0(Native Method)
	at sun.reflect.NativeMethodAccessorImpl.invoke(NativeMethodAccessorImpl.java:62)
	at sun.reflect.DelegatingMethodAccessorImpl.invoke(DelegatingMethodAccessorImpl.java:43)
	at java.lang.reflect.Method.invoke(Method.java:498)
	at org.junit.runners.model.FrameworkMethod$1.runReflectiveCall(FrameworkMethod.java:44)
	at org.junit.internal.runners.model.ReflectiveCallable.run(ReflectiveCallable.java:15)
	at org.junit.runners.model.FrameworkMethod.invokeExplosively(FrameworkMethod.java:41)
	at junitparams.internal.InvokeParameterisedMethod.evaluate(InvokeParameterisedMethod.java:102)
	at org.junit.internal.runners.statements.FailOnTimeout$1.run(FailOnTimeout.java:28)
Caused by: ptolemy.kernel.util.IllegalActionException: Found a zero delay loop containing .HierarchicalModel.A
  in .HierarchicalModel and .HierarchicalModel.A
	at ptolemy.actor.util.CausalityInterfaceForComposites._computeOutputPortDepth(CausalityInterfaceForComposites.java:759)
	at ptolemy.actor.util.CausalityInterfaceForComposites._computeInputDepth(CausalityInterfaceForComposites.java:696)
	at ptolemy.actor.util.CausalityInterfaceForComposites._computeOutputPortDepth(CausalityInterfaceForComposites.java:765)
	at ptolemy.actor.util.CausalityInterfaceForComposites._computeInputDepth(CausalityInterfaceForComposites.java:696)
	at ptolemy.actor.util.CausalityInterfaceForComposites._computeOutputPortDepth(CausalityInterfaceForComposites.java:765)
	at ptolemy.actor.util.CausalityInterfaceForComposites._computeInputDepth(CausalityInterfaceForComposites.java:696)
	at ptolemy.actor.util.CausalityInterfaceForComposites._computeActorDepth(CausalityInterfaceForComposites.java:532)
	at ptolemy.actor.util.CausalityInterfaceForComposites.checkForCycles(CausalityInterfaceForComposites.java:96)
	at ptolemy.domains.de.kernel.DEDirector.preinitialize(DEDirector.java:1337)
	at ptolemy.actor.CompositeActor.preinitialize(CompositeActor.java:1828)
	at ptolemy.actor.Manager.preinitializeAndResolveTypes(Manager.java:1040)
	at ptolemy.actor.Manager.initialize(Manager.java:710)
	at ptolemy.actor.Manager.execute(Manager.java:356)
	at ptolemy.actor.Manager.run(Manager.java:1263)
	at ptolemy.actor.Manager$PtolemyRunThread.run(Manager.java:1915)
java.lang.RuntimeException: Execution failed
	at ptolemy.moml.MoMLSimpleApplication$UnloadThread.run(MoMLSimpleApplication.java:402)
Caused by: ptolemy.kernel.util.IllegalActionException: Found a zero delay loop containing .dependencyLoop.original
  in .dependencyLoop and .dependencyLoop.original
	at ptolemy.actor.util.CausalityInterfaceForComposites._computeOutputPortDepth(CausalityInterfaceForComposites.java:759)
	at ptolemy.actor.util.CausalityInterfaceForComposites._computeInputDepth(CausalityInterfaceForComposites.java:696)
	at ptolemy.actor.util.CausalityInterfaceForComposites._computeOutputPortDepth(CausalityInterfaceForComposites.java:765)
	at ptolemy.actor.util.CausalityInterfaceForComposites._computeInputDepth(CausalityInterfaceForComposites.java:696)
	at ptolemy.actor.util.CausalityInterfaceForComposites._computeOutputPortDepth(CausalityInterfaceForComposites.java:765)
	at ptolemy.actor.util.CausalityInterfaceForComposites._computeInputDepth(CausalityInterfaceForComposites.java:696)
	at ptolemy.actor.util.CausalityInterfaceForComposites._computeActorDepth(CausalityInterfaceForComposites.java:532)
	at ptolemy.actor.util.CausalityInterfaceForComposites.checkForCycles(CausalityInterfaceForComposites.java:96)
	at ptolemy.domains.de.kernel.DEDirector.preinitialize(DEDirector.java:1337)
	at ptolemy.actor.CompositeActor.preinitialize(CompositeActor.java:1828)
	at ptolemy.actor.Manager.preinitializeAndResolveTypes(Manager.java:1040)
	at ptolemy.actor.Manager.initialize(Manager.java:710)
	at ptolemy.actor.Manager.execute(Manager.java:356)
	at ptolemy.actor.Manager.run(Manager.java:1263)
	at ptolemy.actor.Manager$PtolemyRunThread.run(Manager.java:1915)
java.lang.reflect.InvocationTargetException
	at sun.reflect.NativeConstructorAccessorImpl.newInstance0(Native Method)
	at sun.reflect.NativeConstructorAccessorImpl.newInstance(NativeConstructorAccessorImpl.java:62)
	at sun.reflect.DelegatingConstructorAccessorImpl.newInstance(DelegatingConstructorAccessorImpl.java:45)
	at java.lang.reflect.Constructor.newInstance(Constructor.java:423)
	at ptolemy.util.test.junit.AutoKnownFailedTests.RunModel(AutoKnownFailedTests.java:107)
	at sun.reflect.NativeMethodAccessorImpl.invoke0(Native Method)
	at sun.reflect.NativeMethodAccessorImpl.invoke(NativeMethodAccessorImpl.java:62)
	at sun.reflect.DelegatingMethodAccessorImpl.invoke(DelegatingMethodAccessorImpl.java:43)
	at java.lang.reflect.Method.invoke(Method.java:498)
	at org.junit.runners.model.FrameworkMethod$1.runReflectiveCall(FrameworkMethod.java:44)
	at org.junit.internal.runners.model.ReflectiveCallable.run(ReflectiveCallable.java:15)
	at org.junit.runners.model.FrameworkMethod.invokeExplosively(FrameworkMethod.java:41)
	at junitparams.internal.InvokeParameterisedMethod.evaluate(InvokeParameterisedMethod.java:102)
	at org.junit.internal.runners.statements.FailOnTimeout$1.run(FailOnTimeout.java:28)
Caused by: ptolemy.kernel.util.IllegalActionException: Found a zero delay loop containing .dependencyLoop.original
  in .dependencyLoop and .dependencyLoop.original
	at ptolemy.actor.util.CausalityInterfaceForComposites._computeOutputPortDepth(CausalityInterfaceForComposites.java:759)
	at ptolemy.actor.util.CausalityInterfaceForComposites._computeInputDepth(CausalityInterfaceForComposites.java:696)
	at ptolemy.actor.util.CausalityInterfaceForComposites._computeOutputPortDepth(CausalityInterfaceForComposites.java:765)
	at ptolemy.actor.util.CausalityInterfaceForComposites._computeInputDepth(CausalityInterfaceForComposites.java:696)
	at ptolemy.actor.util.CausalityInterfaceForComposites._computeOutputPortDepth(CausalityInterfaceForComposites.java:765)
	at ptolemy.actor.util.CausalityInterfaceForComposites._computeInputDepth(CausalityInterfaceForComposites.java:696)
	at ptolemy.actor.util.CausalityInterfaceForComposites._computeActorDepth(CausalityInterfaceForComposites.java:532)
	at ptolemy.actor.util.CausalityInterfaceForComposites.checkForCycles(CausalityInterfaceForComposites.java:96)
	at ptolemy.domains.de.kernel.DEDirector.preinitialize(DEDirector.java:1337)
	at ptolemy.actor.CompositeActor.preinitialize(CompositeActor.java:1828)
	at ptolemy.actor.Manager.preinitializeAndResolveTypes(Manager.java:1040)
	at ptolemy.actor.Manager.initialize(Manager.java:710)
	at ptolemy.actor.Manager.execute(Manager.java:356)
	at ptolemy.actor.Manager.run(Manager.java:1263)
	at ptolemy.actor.Manager$PtolemyRunThread.run(Manager.java:1915)
java.lang.RuntimeException: Execution failed
	at ptolemy.moml.MoMLSimpleApplication$UnloadThread.run(MoMLSimpleApplication.java:402)
Caused by: ptolemy.kernel.util.IllegalActionException: Found a zero delay loop containing .dependencyLoop2.original
  in .dependencyLoop2 and .dependencyLoop2.original
	at ptolemy.actor.util.CausalityInterfaceForComposites._computeOutputPortDepth(CausalityInterfaceForComposites.java:759)
	at ptolemy.actor.util.CausalityInterfaceForComposites._computeInputDepth(CausalityInterfaceForComposites.java:696)
	at ptolemy.actor.util.CausalityInterfaceForComposites._computeOutputPortDepth(CausalityInterfaceForComposites.java:765)
	at ptolemy.actor.util.CausalityInterfaceForComposites._computeInputDepth(CausalityInterfaceForComposites.java:696)
	at ptolemy.actor.util.CausalityInterfaceForComposites._computeOutputPortDepth(CausalityInterfaceForComposites.java:765)
	at ptolemy.actor.util.CausalityInterfaceForComposites._computeInputDepth(CausalityInterfaceForComposites.java:696)
	at ptolemy.actor.util.CausalityInterfaceForComposites._computeActorDepth(CausalityInterfaceForComposites.java:532)
	at ptolemy.actor.util.CausalityInterfaceForComposites.checkForCycles(CausalityInterfaceForComposites.java:96)
	at ptolemy.domains.de.kernel.DEDirector.preinitialize(DEDirector.java:1337)
	at ptolemy.actor.CompositeActor.preinitialize(CompositeActor.java:1828)
	at ptolemy.actor.Manager.preinitializeAndResolveTypes(Manager.java:1040)
	at ptolemy.actor.Manager.initialize(Manager.java:710)
	at ptolemy.actor.Manager.execute(Manager.java:356)
	at ptolemy.actor.Manager.run(Manager.java:1263)
	at ptolemy.actor.Manager$PtolemyRunThread.run(Manager.java:1915)
java.lang.reflect.InvocationTargetException
	at sun.reflect.NativeConstructorAccessorImpl.newInstance0(Native Method)
	at sun.reflect.NativeConstructorAccessorImpl.newInstance(NativeConstructorAccessorImpl.java:62)
	at sun.reflect.DelegatingConstructorAccessorImpl.newInstance(DelegatingConstructorAccessorImpl.java:45)
	at java.lang.reflect.Constructor.newInstance(Constructor.java:423)
	at ptolemy.util.test.junit.AutoKnownFailedTests.RunModel(AutoKnownFailedTests.java:107)
	at sun.reflect.NativeMethodAccessorImpl.invoke0(Native Method)
	at sun.reflect.NativeMethodAccessorImpl.invoke(NativeMethodAccessorImpl.java:62)
	at sun.reflect.DelegatingMethodAccessorImpl.invoke(DelegatingMethodAccessorImpl.java:43)
	at java.lang.reflect.Method.invoke(Method.java:498)
	at org.junit.runners.model.FrameworkMethod$1.runReflectiveCall(FrameworkMethod.java:44)
	at org.junit.internal.runners.model.ReflectiveCallable.run(ReflectiveCallable.java:15)
	at org.junit.runners.model.FrameworkMethod.invokeExplosively(FrameworkMethod.java:41)
	at junitparams.internal.InvokeParameterisedMethod.evaluate(InvokeParameterisedMethod.java:102)
	at org.junit.internal.runners.statements.FailOnTimeout$1.run(FailOnTimeout.java:28)
Caused by: ptolemy.kernel.util.IllegalActionException: Found a zero delay loop containing .dependencyLoop2.original
  in .dependencyLoop2 and .dependencyLoop2.original
	at ptolemy.actor.util.CausalityInterfaceForComposites._computeOutputPortDepth(CausalityInterfaceForComposites.java:759)
	at ptolemy.actor.util.CausalityInterfaceForComposites._computeInputDepth(CausalityInterfaceForComposites.java:696)
	at ptolemy.actor.util.CausalityInterfaceForComposites._computeOutputPortDepth(CausalityInterfaceForComposites.java:765)
	at ptolemy.actor.util.CausalityInterfaceForComposites._computeInputDepth(CausalityInterfaceForComposites.java:696)
	at ptolemy.actor.util.CausalityInterfaceForComposites._computeOutputPortDepth(CausalityInterfaceForComposites.java:765)
	at ptolemy.actor.util.CausalityInterfaceForComposites._computeInputDepth(CausalityInterfaceForComposites.java:696)
	at ptolemy.actor.util.CausalityInterfaceForComposites._computeActorDepth(CausalityInterfaceForComposites.java:532)
	at ptolemy.actor.util.CausalityInterfaceForComposites.checkForCycles(CausalityInterfaceForComposites.java:96)
	at ptolemy.domains.de.kernel.DEDirector.preinitialize(DEDirector.java:1337)
	at ptolemy.actor.CompositeActor.preinitialize(CompositeActor.java:1828)
	at ptolemy.actor.Manager.preinitializeAndResolveTypes(Manager.java:1040)
	at ptolemy.actor.Manager.initialize(Manager.java:710)
	at ptolemy.actor.Manager.execute(Manager.java:356)
	at ptolemy.actor.Manager.run(Manager.java:1263)
	at ptolemy.actor.Manager$PtolemyRunThread.run(Manager.java:1915)
]]></system-err>
</testsuite>
