<?xml version="1.0" encoding="UTF-8" ?>
<testsuite errors="0" failures="0" hostname="travis-job-6b74b004-0bbf-4d6b-87ac-aec562909570" name="ptolemy.domains.sdf.test.junit.JUnitTclTest" skipped="0" tests="66" time="19.117" timestamp="2018-05-21T01:18:03">
  <properties>
[...]
</properties>
  <testcase classname="ptolemy.util.test.junit.TclTests" name="[0] /home/travis/build/icyphy/ptII/ptolemy/domains/sdf/test/SDFSchedulerErrors.tcl (RunTclFile)" time="0.666" />
  <testcase classname="ptolemy.util.test.junit.TclTests" name="[1] /home/travis/build/icyphy/ptII/ptolemy/domains/sdf/test/composition.tcl (RunTclFile)" time="0.161" />
  <testcase classname="ptolemy.util.test.junit.TclTests" name="[2] /home/travis/build/icyphy/ptII/ptolemy/domains/sdf/test/cycle.tcl (RunTclFile)" time="0.028" />
  <testcase classname="ptolemy.util.test.junit.AutoKnownFailedTests" name="[0] ThereAreNoKnowFailedTests (RunModel)" time="0.0" />
  <testcase classname="ptolemy.util.test.junit.AutoNameArchTests" name="[0] ThereAreNoAutoTests (RunModel)" time="0.0" />
  <testcase classname="ptolemy.util.test.junit.AutoTests" name="[0] /home/travis/build/icyphy/ptII/ptolemy/domains/sdf/test/auto/Array.xml (RunModel)" time="0.136" />
  <testcase classname="ptolemy.util.test.junit.AutoTests" name="[1] /home/travis/build/icyphy/ptII/ptolemy/domains/sdf/test/auto/Butterfly.xml (RunModel)" time="0.084" />
  <testcase classname="ptolemy.util.test.junit.AutoTests" name="[2] /home/travis/build/icyphy/ptII/ptolemy/domains/sdf/test/auto/Expression.xml (RunModel)" time="0.057" />
  <testcase classname="ptolemy.util.test.junit.AutoTests" name="[3] /home/travis/build/icyphy/ptII/ptolemy/domains/sdf/test/auto/Eye.xml (RunModel)" time="0.355" />
  <testcase classname="ptolemy.util.test.junit.AutoTests" name="[4] /home/travis/build/icyphy/ptII/ptolemy/domains/sdf/test/auto/FixFIR.xml (RunModel)" time="0.318" />
  <testcase classname="ptolemy.util.test.junit.AutoTests" name="[5] /home/travis/build/icyphy/ptII/ptolemy/domains/sdf/test/auto/FixPoint.xml (RunModel)" time="0.04" />
  <testcase classname="ptolemy.util.test.junit.AutoTests" name="[6] /home/travis/build/icyphy/ptII/ptolemy/domains/sdf/test/auto/Gravitation.xml (RunModel)" time="3.304" />
  <testcase classname="ptolemy.util.test.junit.AutoTests" name="[7] /home/travis/build/icyphy/ptII/ptolemy/domains/sdf/test/auto/GravitationWithCollisionDetection.xml (RunModel)" time="5.81" />
  <testcase classname="ptolemy.util.test.junit.AutoTests" name="[8] /home/travis/build/icyphy/ptII/ptolemy/domains/sdf/test/auto/HDF.xml (RunModel)" time="0.124" />
  <testcase classname="ptolemy.util.test.junit.AutoTests" name="[9] /home/travis/build/icyphy/ptII/ptolemy/domains/sdf/test/auto/HDFwithTransientStates.xml (RunModel)" time="0.086" />
  <testcase classname="ptolemy.util.test.junit.AutoTests" name="[10] /home/travis/build/icyphy/ptII/ptolemy/domains/sdf/test/auto/HTVQ.xml (RunModel)" time="0.822" />
  <testcase classname="ptolemy.util.test.junit.AutoTests" name="[11] /home/travis/build/icyphy/ptII/ptolemy/domains/sdf/test/auto/InferInitProduction.xml (RunModel)" time="0.025" />
  <testcase classname="ptolemy.util.test.junit.AutoTests" name="[12] /home/travis/build/icyphy/ptII/ptolemy/domains/sdf/test/auto/InferInitProductionDeeper.xml (RunModel)" time="0.033" />
  <testcase classname="ptolemy.util.test.junit.AutoTests" name="[13] /home/travis/build/icyphy/ptII/ptolemy/domains/sdf/test/auto/LMSAdaptive.xml (RunModel)" time="0.055" />
  <testcase classname="ptolemy.util.test.junit.AutoTests" name="[14] /home/travis/build/icyphy/ptII/ptolemy/domains/sdf/test/auto/LogisticMap.xml (RunModel)" time="0.461" />
  <testcase classname="ptolemy.util.test.junit.AutoTests" name="[15] /home/travis/build/icyphy/ptII/ptolemy/domains/sdf/test/auto/MaximumEntropySpectrum.xml (RunModel)" time="0.249" />
  <testcase classname="ptolemy.util.test.junit.AutoTests" name="[16] /home/travis/build/icyphy/ptII/ptolemy/domains/sdf/test/auto/MultirateSDF.xml (RunModel)" time="0.067" />
  <testcase classname="ptolemy.util.test.junit.AutoTests" name="[17] /home/travis/build/icyphy/ptII/ptolemy/domains/sdf/test/auto/MultirateSDFwithTransientStates.xml (RunModel)" time="0.083" />
  <testcase classname="ptolemy.util.test.junit.AutoTests" name="[18] /home/travis/build/icyphy/ptII/ptolemy/domains/sdf/test/auto/NoisySinewave.xml (RunModel)" time="0.064" />
  <testcase classname="ptolemy.util.test.junit.AutoTests" name="[19] /home/travis/build/icyphy/ptII/ptolemy/domains/sdf/test/auto/Objects.xml (RunModel)" time="0.059" />
  <testcase classname="ptolemy.util.test.junit.AutoTests" name="[20] /home/travis/build/icyphy/ptII/ptolemy/domains/sdf/test/auto/OrthogonalCom.xml (RunModel)" time="0.042" />
  <testcase classname="ptolemy.util.test.junit.AutoTests" name="[21] /home/travis/build/icyphy/ptII/ptolemy/domains/sdf/test/auto/RijndaelEncryption.xml (RunModel)" time="0.488" />
  <testcase classname="ptolemy.util.test.junit.AutoTests" name="[22] /home/travis/build/icyphy/ptII/ptolemy/domains/sdf/test/auto/SDFEmptyIterations.xml (RunModel)" time="0.017" />
  <testcase classname="ptolemy.util.test.junit.AutoTests" name="[23] /home/travis/build/icyphy/ptII/ptolemy/domains/sdf/test/auto/Spectrum.xml (RunModel)" time="0.057" />
  <testcase classname="ptolemy.util.test.junit.AutoTests" name="[24] /home/travis/build/icyphy/ptII/ptolemy/domains/sdf/test/auto/de_inside_sdf.xml (RunModel)" time="0.02" />
  <testcase classname="ptolemy.util.test.junit.AutoTests" name="[25] /home/travis/build/icyphy/ptII/ptolemy/domains/sdf/test/auto/disconnectedHierarchicalSDF.xml (RunModel)" time="0.023" />
  <testcase classname="ptolemy.util.test.junit.AutoTests" name="[26] /home/travis/build/icyphy/ptII/ptolemy/domains/sdf/test/auto/disconnectedSDF.xml (RunModel)" time="0.024" />
  <testcase classname="ptolemy.util.test.junit.AutoTests" name="[27] /home/travis/build/icyphy/ptII/ptolemy/domains/sdf/test/auto/emptyRefinement.xml (RunModel)" time="0.015" />
  <testcase classname="ptolemy.util.test.junit.AutoTests" name="[28] /home/travis/build/icyphy/ptII/ptolemy/domains/sdf/test/auto/filePortParameter.xml (RunModel)" time="0.04" />
  <testcase classname="ptolemy.util.test.junit.AutoTests" name="[29] /home/travis/build/icyphy/ptII/ptolemy/domains/sdf/test/auto/inferRelationWidth1.xml (RunModel)" time="0.022" />
  <testcase classname="ptolemy.util.test.junit.AutoTests" name="[30] /home/travis/build/icyphy/ptII/ptolemy/domains/sdf/test/auto/initProductionInference.xml (RunModel)" time="0.011" />
  <testcase classname="ptolemy.util.test.junit.AutoTests" name="[31] /home/travis/build/icyphy/ptII/ptolemy/domains/sdf/test/auto/relationGroup.xml (RunModel)" time="0.013" />
  <testcase classname="ptolemy.util.test.junit.AutoTests" name="[32] /home/travis/build/icyphy/ptII/ptolemy/domains/sdf/test/auto/relationGroup10.xml (RunModel)" time="0.011" />
  <testcase classname="ptolemy.util.test.junit.AutoTests" name="[33] /home/travis/build/icyphy/ptII/ptolemy/domains/sdf/test/auto/relationGroup11.xml (RunModel)" time="0.015" />
  <testcase classname="ptolemy.util.test.junit.AutoTests" name="[34] /home/travis/build/icyphy/ptII/ptolemy/domains/sdf/test/auto/relationGroup12.xml (RunModel)" time="0.019" />
  <testcase classname="ptolemy.util.test.junit.AutoTests" name="[35] /home/travis/build/icyphy/ptII/ptolemy/domains/sdf/test/auto/relationGroup13.xml (RunModel)" time="0.025" />
  <testcase classname="ptolemy.util.test.junit.AutoTests" name="[36] /home/travis/build/icyphy/ptII/ptolemy/domains/sdf/test/auto/relationGroup14.xml (RunModel)" time="0.021" />
  <testcase classname="ptolemy.util.test.junit.AutoTests" name="[37] /home/travis/build/icyphy/ptII/ptolemy/domains/sdf/test/auto/relationGroup15.xml (RunModel)" time="0.011" />
  <testcase classname="ptolemy.util.test.junit.AutoTests" name="[38] /home/travis/build/icyphy/ptII/ptolemy/domains/sdf/test/auto/relationGroup2.xml (RunModel)" time="0.014" />
  <testcase classname="ptolemy.util.test.junit.AutoTests" name="[39] /home/travis/build/icyphy/ptII/ptolemy/domains/sdf/test/auto/relationGroup3.xml (RunModel)" time="0.018" />
  <testcase classname="ptolemy.util.test.junit.AutoTests" name="[40] /home/travis/build/icyphy/ptII/ptolemy/domains/sdf/test/auto/relationGroup4.xml (RunModel)" time="0.02" />
  <testcase classname="ptolemy.util.test.junit.AutoTests" name="[41] /home/travis/build/icyphy/ptII/ptolemy/domains/sdf/test/auto/relationGroup5.xml (RunModel)" time="0.016" />
  <testcase classname="ptolemy.util.test.junit.AutoTests" name="[42] /home/travis/build/icyphy/ptII/ptolemy/domains/sdf/test/auto/relationGroup6.xml (RunModel)" time="0.019" />
  <testcase classname="ptolemy.util.test.junit.AutoTests" name="[43] /home/travis/build/icyphy/ptII/ptolemy/domains/sdf/test/auto/relationGroup7.xml (RunModel)" time="0.012" />
  <testcase classname="ptolemy.util.test.junit.AutoTests" name="[44] /home/travis/build/icyphy/ptII/ptolemy/domains/sdf/test/auto/relationGroup8.xml (RunModel)" time="0.014" />
  <testcase classname="ptolemy.util.test.junit.AutoTests" name="[45] /home/travis/build/icyphy/ptII/ptolemy/domains/sdf/test/auto/relationGroup9.xml (RunModel)" time="0.02" />
  <testcase classname="ptolemy.util.test.junit.AutoTests" name="[46] /home/travis/build/icyphy/ptII/ptolemy/domains/sdf/test/auto/sdf_inside_de.xml (RunModel)" time="0.049" />
  <testcase classname="ptolemy.util.test.junit.AutoTests" name="[47] /home/travis/build/icyphy/ptII/ptolemy/domains/sdf/test/auto/sdf_inside_pn.xml (RunModel)" time="0.067" />
  <testcase classname="ptolemy.util.test.junit.AutoTests" name="[48] /home/travis/build/icyphy/ptII/ptolemy/domains/sdf/test/auto/sdf_sdf1.xml (RunModel)" time="0.023" />
  <testcase classname="ptolemy.util.test.junit.AutoTests" name="[49] /home/travis/build/icyphy/ptII/ptolemy/domains/sdf/test/auto/test1.xml (RunModel)" time="0.015" />
  <testcase classname="ptolemy.util.test.junit.AutoTests" name="[50] /home/travis/build/icyphy/ptII/ptolemy/domains/sdf/test/auto/time1.xml (RunModel)" time="0.009" />
  <testcase classname="ptolemy.util.test.junit.AutoTests" name="[51] /home/travis/build/icyphy/ptII/ptolemy/domains/sdf/test/auto/time2.xml (RunModel)" time="0.009" />
  <testcase classname="ptolemy.util.test.junit.AutoTests" name="[52] /home/travis/build/icyphy/ptII/ptolemy/domains/sdf/test/auto/time3.xml (RunModel)" time="0.019" />
  <testcase classname="ptolemy.util.test.junit.AutoTests" name="[53] /home/travis/build/icyphy/ptII/ptolemy/domains/sdf/test/auto/time4.xml (RunModel)" time="0.018" />
  <testcase classname="ptolemy.util.test.junit.AutoTests" name="[54] /home/travis/build/icyphy/ptII/ptolemy/domains/sdf/test/auto/time5.xml (RunModel)" time="4.01" />
  <testcase classname="ptolemy.util.test.junit.AutoTests" name="[55] /home/travis/build/icyphy/ptII/ptolemy/domains/sdf/test/auto/typeSystem_Const_Integer_smallest_Type.xml (RunModel)" time="0.045" />
  <testcase classname="ptolemy.util.test.junit.AutoTests" name="[56] /home/travis/build/icyphy/ptII/ptolemy/domains/sdf/test/auto/typeSystem_declared_Inports_OutportTypeException.xml (RunModel)" time="0.026" />
  <testcase classname="ptolemy.util.test.junit.AutoTests" name="[57] /home/travis/build/icyphy/ptII/ptolemy/domains/sdf/test/auto/typeSystem_oneDeclaredInportType_wrongTypeOutport.xml (RunModel)" time="0.018" />
  <testcase classname="ptolemy.util.test.junit.AutoTests" name="[58] /home/travis/build/icyphy/ptII/ptolemy/domains/sdf/test/auto/width.xml (RunModel)" time="0.019" />
  <testcase classname="ptolemy.util.test.junit.AutoTests" name="[59] /home/travis/build/icyphy/ptII/ptolemy/domains/sdf/test/auto/width2.xml (RunModel)" time="0.056" />
  <testcase classname="ptolemy.util.test.junit.AutoTests" name="[60] /home/travis/build/icyphy/ptII/ptolemy/domains/sdf/test/auto/width3.xml (RunModel)" time="0.08" />
  <system-out><![CDATA[/home/travis/build/icyphy/ptII/ptolemy/domains/sdf/test/SDFSchedulerErrors.tcl
testDefs.tcl: setting time out to 9000 seconds at Mon May 21 01:18:03 UTC 2018
14 ms. Memory: 116224K Free: 106839K (92%)
5 ms. Memory: 116224K Free: 99774K (86%)
4 ms. Memory: 116224K Free: 92765K (80%)
3 ms. Memory: 116224K Free: 89701K (77%)
/home/travis/build/icyphy/ptII/ptolemy/domains/sdf/test/composition.tcl
43 ms. Memory: 116224K Free: 86028K (74%)
7 ms. Memory: 116224K Free: 84209K (72%)
/home/travis/build/icyphy/ptII/ptolemy/domains/sdf/test/cycle.tcl
.Toplevel.Director Preinitializing ...
Invoking preinitialize():  .Toplevel.Actor1
Invoking preinitialize():  .Toplevel.Actor2
Invoking preinitialize():  .Toplevel.Delay
.Toplevel.Director Finished preinitialize().
### Schedule:
Execute Schedule{
Fire Actor ptolemy.domains.sdf.kernel.test.SDFTestDelay {.Toplevel.Actor1}
Fire Actor ptolemy.domains.sdf.kernel.test.SDFTestDelay {.Toplevel.Actor2}
Fire Actor ptolemy.domains.sdf.lib.SampleDelay {.Toplevel.Delay}
}
### End schedule
Called initialize().
Invoking initialize():  .Toplevel.Actor1
Initializing actor: .Toplevel.Actor1.
Invoking initialize():  .Toplevel.Actor2
Initializing actor: .Toplevel.Actor2.
Invoking initialize():  .Toplevel.Delay
Initializing actor: .Toplevel.Delay.
Director: Called prefire().
-- Setting current time to 0.0
Director prefire returns true.
The actor .Toplevel.Actor1 will be iterated.
The actor .Toplevel.Actor1 was iterated.
The actor .Toplevel.Actor2 will be iterated.
The actor .Toplevel.Actor2 was iterated.
The actor .Toplevel.Delay will be iterated.
The actor .Toplevel.Delay was iterated.
Director: Called postfire().
Postfire returns: true
Director: Called prefire().
-- Setting current time to 0.0
Director prefire returns true.
The actor .Toplevel.Actor1 will be iterated.
The actor .Toplevel.Actor1 was iterated.
The actor .Toplevel.Actor2 will be iterated.
The actor .Toplevel.Actor2 was iterated.
The actor .Toplevel.Delay will be iterated.
The actor .Toplevel.Delay was iterated.
Director: Called postfire().
Postfire returns: true
Director: Called prefire().
-- Setting current time to 0.0
Director prefire returns true.
The actor .Toplevel.Actor1 will be iterated.
The actor .Toplevel.Actor1 was iterated.
The actor .Toplevel.Actor2 will be iterated.
The actor .Toplevel.Actor2 was iterated.
The actor .Toplevel.Delay will be iterated.
The actor .Toplevel.Delay was iterated.
Director: Called postfire().
Postfire returns: true
Director: Called prefire().
-- Setting current time to 0.0
Director prefire returns true.
The actor .Toplevel.Actor1 will be iterated.
The actor .Toplevel.Actor1 was iterated.
The actor .Toplevel.Actor2 will be iterated.
The actor .Toplevel.Actor2 was iterated.
The actor .Toplevel.Delay will be iterated.
The actor .Toplevel.Delay was iterated.
Director: Called postfire().
Postfire returns: true
Director: Called prefire().
-- Setting current time to 0.0
Director prefire returns true.
The actor .Toplevel.Actor1 will be iterated.
The actor .Toplevel.Actor1 was iterated.
The actor .Toplevel.Actor2 will be iterated.
The actor .Toplevel.Actor2 was iterated.
The actor .Toplevel.Delay will be iterated.
The actor .Toplevel.Delay was iterated.
Director: Called postfire().
Postfire returns: true
Director: Called prefire().
-- Setting current time to 0.0
Director prefire returns true.
The actor .Toplevel.Actor1 will be iterated.
The actor .Toplevel.Actor1 was iterated.
The actor .Toplevel.Actor2 will be iterated.
The actor .Toplevel.Actor2 was iterated.
The actor .Toplevel.Delay will be iterated.
The actor .Toplevel.Delay was iterated.
Reached specified number of iterations: 6
Director: Called wrapup().
6 ms. Memory: 116224K Free: 81779K (70%)
05/21/18 01:18:04
Failed: 0  Total Tests: 8  ((Passed: 8, Newly Passed: 0)  Known Failed: 0) /home/travis/build/icyphy/ptII/ptolemy/domains/sdf/test
No auto/knownFailedTests/*.xml tests in /home/travis/build/icyphy/ptII/ptolemy/domains/sdf/test
No auto/*.xml tests in /home/travis/build/icyphy/ptII/ptolemy/domains/sdf/test
AutoTests.java: About to close Vertx.
AutoTests.java: Vertx closed.
----------------- testing Mon May 21 01:18:04 UTC 2018 /home/travis/build/icyphy/ptII/ptolemy/domains/sdf/test/auto/Array.xml
----------------- Instantiating /home/travis/build/icyphy/ptII/ptolemy/domains/sdf/test/auto/Array.xml
28 ms. Memory: 146944K Free: 102038K (69%)
----------------- Invoking toplevel() on ptolemy.moml.MoMLSimpleApplication@54d9f52e
----------------- Done invoking toplevel() on ptolemy.moml.MoMLSimpleApplication@54d9f52e
reloadAllAccessors: .Array
----------------- testing Mon May 21 01:18:04 UTC 2018 /home/travis/build/icyphy/ptII/ptolemy/domains/sdf/test/auto/Butterfly.xml
----------------- Instantiating /home/travis/build/icyphy/ptII/ptolemy/domains/sdf/test/auto/Butterfly.xml
58 ms. Memory: 146944K Free: 95830K (65%)
----------------- Invoking toplevel() on ptolemy.moml.MoMLSimpleApplication@2ce68778
----------------- Done invoking toplevel() on ptolemy.moml.MoMLSimpleApplication@2ce68778
reloadAllAccessors: .Butterfly
----------------- testing Mon May 21 01:18:04 UTC 2018 /home/travis/build/icyphy/ptII/ptolemy/domains/sdf/test/auto/Expression.xml
----------------- Instantiating /home/travis/build/icyphy/ptII/ptolemy/domains/sdf/test/auto/Expression.xml
37 ms. Memory: 146944K Free: 90268K (61%)
----------------- Invoking toplevel() on ptolemy.moml.MoMLSimpleApplication@413d36a4
----------------- Done invoking toplevel() on ptolemy.moml.MoMLSimpleApplication@413d36a4
reloadAllAccessors: .Expression
----------------- testing Mon May 21 01:18:04 UTC 2018 /home/travis/build/icyphy/ptII/ptolemy/domains/sdf/test/auto/Eye.xml
----------------- Instantiating /home/travis/build/icyphy/ptII/ptolemy/domains/sdf/test/auto/Eye.xml
211 ms. Memory: 146944K Free: 121162K (82%)
----------------- Invoking toplevel() on ptolemy.moml.MoMLSimpleApplication@79c49d1b
----------------- Done invoking toplevel() on ptolemy.moml.MoMLSimpleApplication@79c49d1b
reloadAllAccessors: .Eye
----------------- testing Mon May 21 01:18:05 UTC 2018 /home/travis/build/icyphy/ptII/ptolemy/domains/sdf/test/auto/FixFIR.xml
----------------- Instantiating /home/travis/build/icyphy/ptII/ptolemy/domains/sdf/test/auto/FixFIR.xml
126 ms. Memory: 146944K Free: 82699K (56%)
----------------- Invoking toplevel() on ptolemy.moml.MoMLSimpleApplication@7ff83b69
----------------- Done invoking toplevel() on ptolemy.moml.MoMLSimpleApplication@7ff83b69
reloadAllAccessors: .FixFIR
----------------- testing Mon May 21 01:18:05 UTC 2018 /home/travis/build/icyphy/ptII/ptolemy/domains/sdf/test/auto/FixPoint.xml
----------------- Instantiating /home/travis/build/icyphy/ptII/ptolemy/domains/sdf/test/auto/FixPoint.xml
27 ms. Memory: 208384K Free: 201743K (97%)
----------------- Invoking toplevel() on ptolemy.moml.MoMLSimpleApplication@7e7609c8
----------------- Done invoking toplevel() on ptolemy.moml.MoMLSimpleApplication@7e7609c8
reloadAllAccessors: .FixPoint
----------------- testing Mon May 21 01:18:05 UTC 2018 /home/travis/build/icyphy/ptII/ptolemy/domains/sdf/test/auto/Gravitation.xml
----------------- Instantiating /home/travis/build/icyphy/ptII/ptolemy/domains/sdf/test/auto/Gravitation.xml
3182 ms. Memory: 208384K Free: 110754K (53%)
----------------- Invoking toplevel() on ptolemy.moml.MoMLSimpleApplication@422087ac
----------------- Done invoking toplevel() on ptolemy.moml.MoMLSimpleApplication@422087ac
reloadAllAccessors: .Gravitation
----------------- testing Mon May 21 01:18:08 UTC 2018 /home/travis/build/icyphy/ptII/ptolemy/domains/sdf/test/auto/GravitationWithCollisionDetection.xml
----------------- Instantiating /home/travis/build/icyphy/ptII/ptolemy/domains/sdf/test/auto/GravitationWithCollisionDetection.xml
5609 ms. Memory: 873984K Free: 327300K (37%)
----------------- Invoking toplevel() on ptolemy.moml.MoMLSimpleApplication@2bf94eb7
----------------- Done invoking toplevel() on ptolemy.moml.MoMLSimpleApplication@2bf94eb7
reloadAllAccessors: .GravitationWithCollisionDetection
----------------- testing Mon May 21 01:18:14 UTC 2018 /home/travis/build/icyphy/ptII/ptolemy/domains/sdf/test/auto/HDF.xml
----------------- Instantiating /home/travis/build/icyphy/ptII/ptolemy/domains/sdf/test/auto/HDF.xml
46 ms. Memory: 873984K Free: 296768K (34%)
----------------- Invoking toplevel() on ptolemy.moml.MoMLSimpleApplication@9a7e443
----------------- Done invoking toplevel() on ptolemy.moml.MoMLSimpleApplication@9a7e443
reloadAllAccessors: .HDF
----------------- testing Mon May 21 01:18:14 UTC 2018 /home/travis/build/icyphy/ptII/ptolemy/domains/sdf/test/auto/HDFwithTransientStates.xml
----------------- Instantiating /home/travis/build/icyphy/ptII/ptolemy/domains/sdf/test/auto/HDFwithTransientStates.xml
29 ms. Memory: 873984K Free: 273182K (31%)
----------------- Invoking toplevel() on ptolemy.moml.MoMLSimpleApplication@7ca77a0c
----------------- Done invoking toplevel() on ptolemy.moml.MoMLSimpleApplication@7ca77a0c
reloadAllAccessors: .HDFwithTransientStates
----------------- testing Mon May 21 01:18:14 UTC 2018 /home/travis/build/icyphy/ptII/ptolemy/domains/sdf/test/auto/HTVQ.xml
----------------- Instantiating /home/travis/build/icyphy/ptII/ptolemy/domains/sdf/test/auto/HTVQ.xml
783 ms. Memory: 873984K Free: 100262K (11%)
----------------- Invoking toplevel() on ptolemy.moml.MoMLSimpleApplication@496a8abe
----------------- Done invoking toplevel() on ptolemy.moml.MoMLSimpleApplication@496a8abe
reloadAllAccessors: .HTVQ
----------------- testing Mon May 21 01:18:15 UTC 2018 /home/travis/build/icyphy/ptII/ptolemy/domains/sdf/test/auto/InferInitProduction.xml
----------------- Instantiating /home/travis/build/icyphy/ptII/ptolemy/domains/sdf/test/auto/InferInitProduction.xml
6 ms. Memory: 873984K Free: 84544K (10%)
----------------- Invoking toplevel() on ptolemy.moml.MoMLSimpleApplication@23c2a7b
----------------- Done invoking toplevel() on ptolemy.moml.MoMLSimpleApplication@23c2a7b
reloadAllAccessors: .InferInitProduction
----------------- testing Mon May 21 01:18:15 UTC 2018 /home/travis/build/icyphy/ptII/ptolemy/domains/sdf/test/auto/InferInitProductionDeeper.xml
----------------- Instantiating /home/travis/build/icyphy/ptII/ptolemy/domains/sdf/test/auto/InferInitProductionDeeper.xml
11 ms. Memory: 874496K Free: 859272K (98%)
----------------- Invoking toplevel() on ptolemy.moml.MoMLSimpleApplication@5f52e9fe
----------------- Done invoking toplevel() on ptolemy.moml.MoMLSimpleApplication@5f52e9fe
reloadAllAccessors: .InferInitProductionDeeper
----------------- testing Mon May 21 01:18:15 UTC 2018 /home/travis/build/icyphy/ptII/ptolemy/domains/sdf/test/auto/LMSAdaptive.xml
----------------- Instantiating /home/travis/build/icyphy/ptII/ptolemy/domains/sdf/test/auto/LMSAdaptive.xml
8 ms. Memory: 874496K Free: 837435K (96%)
----------------- Invoking toplevel() on ptolemy.moml.MoMLSimpleApplication@29ebd57c
----------------- Done invoking toplevel() on ptolemy.moml.MoMLSimpleApplication@29ebd57c
reloadAllAccessors: .LMSAdaptive
----------------- testing Mon May 21 01:18:15 UTC 2018 /home/travis/build/icyphy/ptII/ptolemy/domains/sdf/test/auto/LogisticMap.xml
----------------- Instantiating /home/travis/build/icyphy/ptII/ptolemy/domains/sdf/test/auto/LogisticMap.xml
440 ms. Memory: 874496K Free: 826956K (95%)
----------------- Invoking toplevel() on ptolemy.moml.MoMLSimpleApplication@6014582d
----------------- Done invoking toplevel() on ptolemy.moml.MoMLSimpleApplication@6014582d
reloadAllAccessors: .LogisticMap
----------------- testing Mon May 21 01:18:16 UTC 2018 /home/travis/build/icyphy/ptII/ptolemy/domains/sdf/test/auto/MaximumEntropySpectrum.xml
----------------- Instantiating /home/travis/build/icyphy/ptII/ptolemy/domains/sdf/test/auto/MaximumEntropySpectrum.xml
72 ms. Memory: 874496K Free: 758723K (87%)
----------------- Invoking toplevel() on ptolemy.moml.MoMLSimpleApplication@390aa6fd
----------------- Done invoking toplevel() on ptolemy.moml.MoMLSimpleApplication@390aa6fd
reloadAllAccessors: .MaximumEntropySpectrum
----------------- testing Mon May 21 01:18:16 UTC 2018 /home/travis/build/icyphy/ptII/ptolemy/domains/sdf/test/auto/MultirateSDF.xml
----------------- Instantiating /home/travis/build/icyphy/ptII/ptolemy/domains/sdf/test/auto/MultirateSDF.xml
17 ms. Memory: 874496K Free: 737748K (84%)
----------------- Invoking toplevel() on ptolemy.moml.MoMLSimpleApplication@18876c63
----------------- Done invoking toplevel() on ptolemy.moml.MoMLSimpleApplication@18876c63
reloadAllAccessors: .MultirateSDF
----------------- testing Mon May 21 01:18:16 UTC 2018 /home/travis/build/icyphy/ptII/ptolemy/domains/sdf/test/auto/MultirateSDFwithTransientStates.xml
----------------- Instantiating /home/travis/build/icyphy/ptII/ptolemy/domains/sdf/test/auto/MultirateSDFwithTransientStates.xml
19 ms. Memory: 874496K Free: 711519K (81%)
----------------- Invoking toplevel() on ptolemy.moml.MoMLSimpleApplication@1551f77b
----------------- Done invoking toplevel() on ptolemy.moml.MoMLSimpleApplication@1551f77b
reloadAllAccessors: .MultirateSDFwithTransientStates
----------------- testing Mon May 21 01:18:16 UTC 2018 /home/travis/build/icyphy/ptII/ptolemy/domains/sdf/test/auto/NoisySinewave.xml
----------------- Instantiating /home/travis/build/icyphy/ptII/ptolemy/domains/sdf/test/auto/NoisySinewave.xml
15 ms. Memory: 874496K Free: 690529K (79%)
----------------- Invoking toplevel() on ptolemy.moml.MoMLSimpleApplication@13d47a33
----------------- Done invoking toplevel() on ptolemy.moml.MoMLSimpleApplication@13d47a33
reloadAllAccessors: .NoisySinewave
----------------- testing Mon May 21 01:18:16 UTC 2018 /home/travis/build/icyphy/ptII/ptolemy/domains/sdf/test/auto/Objects.xml
----------------- Instantiating /home/travis/build/icyphy/ptII/ptolemy/domains/sdf/test/auto/Objects.xml
3 ms. Memory: 874496K Free: 672768K (77%)
----------------- Invoking toplevel() on ptolemy.moml.MoMLSimpleApplication@43414126
----------------- Done invoking toplevel() on ptolemy.moml.MoMLSimpleApplication@43414126
reloadAllAccessors: .Objects
----------------- testing Mon May 21 01:18:16 UTC 2018 /home/travis/build/icyphy/ptII/ptolemy/domains/sdf/test/auto/OrthogonalCom.xml
----------------- Instantiating /home/travis/build/icyphy/ptII/ptolemy/domains/sdf/test/auto/OrthogonalCom.xml
6 ms. Memory: 874496K Free: 657042K (75%)
----------------- Invoking toplevel() on ptolemy.moml.MoMLSimpleApplication@6b5c6d7f
----------------- Done invoking toplevel() on ptolemy.moml.MoMLSimpleApplication@6b5c6d7f
reloadAllAccessors: .OrthogonalCom
----------------- testing Mon May 21 01:18:16 UTC 2018 /home/travis/build/icyphy/ptII/ptolemy/domains/sdf/test/auto/RijndaelEncryption.xml
----------------- Instantiating /home/travis/build/icyphy/ptII/ptolemy/domains/sdf/test/auto/RijndaelEncryption.xml
243 ms. Memory: 874496K Free: 494361K (57%)
----------------- Invoking toplevel() on ptolemy.moml.MoMLSimpleApplication@37c01036
----------------- Done invoking toplevel() on ptolemy.moml.MoMLSimpleApplication@37c01036
reloadAllAccessors: .RijndaelEncryption
----------------- testing Mon May 21 01:18:17 UTC 2018 /home/travis/build/icyphy/ptII/ptolemy/domains/sdf/test/auto/SDFEmptyIterations.xml
----------------- Instantiating /home/travis/build/icyphy/ptII/ptolemy/domains/sdf/test/auto/SDFEmptyIterations.xml
4 ms. Memory: 874496K Free: 483882K (55%)
----------------- Invoking toplevel() on ptolemy.moml.MoMLSimpleApplication@17914b3a
----------------- Done invoking toplevel() on ptolemy.moml.MoMLSimpleApplication@17914b3a
reloadAllAccessors: .SDFEmptyIterations
----------------- testing Mon May 21 01:18:17 UTC 2018 /home/travis/build/icyphy/ptII/ptolemy/domains/sdf/test/auto/Spectrum.xml
----------------- Instantiating /home/travis/build/icyphy/ptII/ptolemy/domains/sdf/test/auto/Spectrum.xml
22 ms. Memory: 874496K Free: 462924K (53%)
----------------- Invoking toplevel() on ptolemy.moml.MoMLSimpleApplication@23767456
----------------- Done invoking toplevel() on ptolemy.moml.MoMLSimpleApplication@23767456
reloadAllAccessors: .Spectrum
----------------- testing Mon May 21 01:18:17 UTC 2018 /home/travis/build/icyphy/ptII/ptolemy/domains/sdf/test/auto/de_inside_sdf.xml
----------------- Instantiating /home/travis/build/icyphy/ptII/ptolemy/domains/sdf/test/auto/de_inside_sdf.xml
5 ms. Memory: 874496K Free: 452445K (52%)
----------------- Invoking toplevel() on ptolemy.moml.MoMLSimpleApplication@57c309f2
----------------- Done invoking toplevel() on ptolemy.moml.MoMLSimpleApplication@57c309f2
reloadAllAccessors: .de_inside_sdf
----------------- testing Mon May 21 01:18:17 UTC 2018 /home/travis/build/icyphy/ptII/ptolemy/domains/sdf/test/auto/disconnectedHierarchicalSDF.xml
----------------- Instantiating /home/travis/build/icyphy/ptII/ptolemy/domains/sdf/test/auto/disconnectedHierarchicalSDF.xml
5 ms. Memory: 874496K Free: 439940K (50%)
----------------- Invoking toplevel() on ptolemy.moml.MoMLSimpleApplication@cebcd1e
----------------- Done invoking toplevel() on ptolemy.moml.MoMLSimpleApplication@cebcd1e
reloadAllAccessors: .disconnectedHierarchicalSDF
----------------- testing Mon May 21 01:18:17 UTC 2018 /home/travis/build/icyphy/ptII/ptolemy/domains/sdf/test/auto/disconnectedSDF.xml
----------------- Instantiating /home/travis/build/icyphy/ptII/ptolemy/domains/sdf/test/auto/disconnectedSDF.xml
4 ms. Memory: 874496K Free: 429461K (49%)
----------------- Invoking toplevel() on ptolemy.moml.MoMLSimpleApplication@1f3575e2
----------------- Done invoking toplevel() on ptolemy.moml.MoMLSimpleApplication@1f3575e2
reloadAllAccessors: .disconnectedSDF
----------------- testing Mon May 21 01:18:17 UTC 2018 /home/travis/build/icyphy/ptII/ptolemy/domains/sdf/test/auto/emptyRefinement.xml
----------------- Instantiating /home/travis/build/icyphy/ptII/ptolemy/domains/sdf/test/auto/emptyRefinement.xml
3 ms. Memory: 874496K Free: 418982K (48%)
----------------- Invoking toplevel() on ptolemy.moml.MoMLSimpleApplication@32157278
----------------- Done invoking toplevel() on ptolemy.moml.MoMLSimpleApplication@32157278
reloadAllAccessors: .emptyRefinement
----------------- testing Mon May 21 01:18:17 UTC 2018 /home/travis/build/icyphy/ptII/ptolemy/domains/sdf/test/auto/filePortParameter.xml
----------------- Instantiating /home/travis/build/icyphy/ptII/ptolemy/domains/sdf/test/auto/filePortParameter.xml
14 ms. Memory: 874496K Free: 403248K (46%)
----------------- Invoking toplevel() on ptolemy.moml.MoMLSimpleApplication@2aa17598
----------------- Done invoking toplevel() on ptolemy.moml.MoMLSimpleApplication@2aa17598
reloadAllAccessors: .filePortParameter
----------------- testing Mon May 21 01:18:17 UTC 2018 /home/travis/build/icyphy/ptII/ptolemy/domains/sdf/test/auto/inferRelationWidth1.xml
----------------- Instantiating /home/travis/build/icyphy/ptII/ptolemy/domains/sdf/test/auto/inferRelationWidth1.xml
6 ms. Memory: 874496K Free: 392768K (45%)
----------------- Invoking toplevel() on ptolemy.moml.MoMLSimpleApplication@4146065c
----------------- Done invoking toplevel() on ptolemy.moml.MoMLSimpleApplication@4146065c
reloadAllAccessors: .inferRelationWidth1
----------------- testing Mon May 21 01:18:17 UTC 2018 /home/travis/build/icyphy/ptII/ptolemy/domains/sdf/test/auto/initProductionInference.xml
----------------- Instantiating /home/travis/build/icyphy/ptII/ptolemy/domains/sdf/test/auto/initProductionInference.xml
3 ms. Memory: 874496K Free: 382289K (44%)
----------------- Invoking toplevel() on ptolemy.moml.MoMLSimpleApplication@31571ad1
----------------- Done invoking toplevel() on ptolemy.moml.MoMLSimpleApplication@31571ad1
reloadAllAccessors: .initProductionInference
----------------- testing Mon May 21 01:18:17 UTC 2018 /home/travis/build/icyphy/ptII/ptolemy/domains/sdf/test/auto/relationGroup.xml
----------------- Instantiating /home/travis/build/icyphy/ptII/ptolemy/domains/sdf/test/auto/relationGroup.xml
2 ms. Memory: 874496K Free: 369785K (42%)
----------------- Invoking toplevel() on ptolemy.moml.MoMLSimpleApplication@11a921ec
----------------- Done invoking toplevel() on ptolemy.moml.MoMLSimpleApplication@11a921ec
reloadAllAccessors: .relationGroup
----------------- testing Mon May 21 01:18:17 UTC 2018 /home/travis/build/icyphy/ptII/ptolemy/domains/sdf/test/auto/relationGroup10.xml
----------------- Instantiating /home/travis/build/icyphy/ptII/ptolemy/domains/sdf/test/auto/relationGroup10.xml
2 ms. Memory: 874496K Free: 359306K (41%)
----------------- Invoking toplevel() on ptolemy.moml.MoMLSimpleApplication@1a2a3e05
----------------- Done invoking toplevel() on ptolemy.moml.MoMLSimpleApplication@1a2a3e05
reloadAllAccessors: .relationGroup10
----------------- testing Mon May 21 01:18:17 UTC 2018 /home/travis/build/icyphy/ptII/ptolemy/domains/sdf/test/auto/relationGroup11.xml
----------------- Instantiating /home/travis/build/icyphy/ptII/ptolemy/domains/sdf/test/auto/relationGroup11.xml
3 ms. Memory: 874496K Free: 348826K (40%)
----------------- Invoking toplevel() on ptolemy.moml.MoMLSimpleApplication@2c34b73d
----------------- Done invoking toplevel() on ptolemy.moml.MoMLSimpleApplication@2c34b73d
reloadAllAccessors: .relationGroup11
----------------- testing Mon May 21 01:18:17 UTC 2018 /home/travis/build/icyphy/ptII/ptolemy/domains/sdf/test/auto/relationGroup12.xml
----------------- Instantiating /home/travis/build/icyphy/ptII/ptolemy/domains/sdf/test/auto/relationGroup12.xml
5 ms. Memory: 874496K Free: 338347K (39%)
----------------- Invoking toplevel() on ptolemy.moml.MoMLSimpleApplication@7b25e1b7
----------------- Done invoking toplevel() on ptolemy.moml.MoMLSimpleApplication@7b25e1b7
reloadAllAccessors: .relationGroup12
----------------- testing Mon May 21 01:18:17 UTC 2018 /home/travis/build/icyphy/ptII/ptolemy/domains/sdf/test/auto/relationGroup13.xml
----------------- Instantiating /home/travis/build/icyphy/ptII/ptolemy/domains/sdf/test/auto/relationGroup13.xml
7 ms. Memory: 874496K Free: 327868K (37%)
----------------- Invoking toplevel() on ptolemy.moml.MoMLSimpleApplication@acb79fe
----------------- Done invoking toplevel() on ptolemy.moml.MoMLSimpleApplication@acb79fe
reloadAllAccessors: .relationGroup13
----------------- testing Mon May 21 01:18:17 UTC 2018 /home/travis/build/icyphy/ptII/ptolemy/domains/sdf/test/auto/relationGroup14.xml
----------------- Instantiating /home/travis/build/icyphy/ptII/ptolemy/domains/sdf/test/auto/relationGroup14.xml
3 ms. Memory: 874496K Free: 317389K (36%)
----------------- Invoking toplevel() on ptolemy.moml.MoMLSimpleApplication@7028ae46
----------------- Done invoking toplevel() on ptolemy.moml.MoMLSimpleApplication@7028ae46
reloadAllAccessors: .relationGroup14
----------------- testing Mon May 21 01:18:17 UTC 2018 /home/travis/build/icyphy/ptII/ptolemy/domains/sdf/test/auto/relationGroup15.xml
----------------- Instantiating /home/travis/build/icyphy/ptII/ptolemy/domains/sdf/test/auto/relationGroup15.xml
2 ms. Memory: 874496K Free: 304884K (35%)
----------------- Invoking toplevel() on ptolemy.moml.MoMLSimpleApplication@5fdfad6f
----------------- Done invoking toplevel() on ptolemy.moml.MoMLSimpleApplication@5fdfad6f
reloadAllAccessors: .relationGroup15
----------------- testing Mon May 21 01:18:17 UTC 2018 /home/travis/build/icyphy/ptII/ptolemy/domains/sdf/test/auto/relationGroup2.xml
----------------- Instantiating /home/travis/build/icyphy/ptII/ptolemy/domains/sdf/test/auto/relationGroup2.xml
2 ms. Memory: 874496K Free: 294405K (34%)
----------------- Invoking toplevel() on ptolemy.moml.MoMLSimpleApplication@427e6ccf
----------------- Done invoking toplevel() on ptolemy.moml.MoMLSimpleApplication@427e6ccf
reloadAllAccessors: .relationGroup2
----------------- testing Mon May 21 01:18:17 UTC 2018 /home/travis/build/icyphy/ptII/ptolemy/domains/sdf/test/auto/relationGroup3.xml
----------------- Instantiating /home/travis/build/icyphy/ptII/ptolemy/domains/sdf/test/auto/relationGroup3.xml
3 ms. Memory: 874496K Free: 283926K (32%)
----------------- Invoking toplevel() on ptolemy.moml.MoMLSimpleApplication@e7cd375
----------------- Done invoking toplevel() on ptolemy.moml.MoMLSimpleApplication@e7cd375
reloadAllAccessors: .relationGroup3
----------------- testing Mon May 21 01:18:17 UTC 2018 /home/travis/build/icyphy/ptII/ptolemy/domains/sdf/test/auto/relationGroup4.xml
----------------- Instantiating /home/travis/build/icyphy/ptII/ptolemy/domains/sdf/test/auto/relationGroup4.xml
5 ms. Memory: 874496K Free: 273447K (31%)
----------------- Invoking toplevel() on ptolemy.moml.MoMLSimpleApplication@55873555
----------------- Done invoking toplevel() on ptolemy.moml.MoMLSimpleApplication@55873555
reloadAllAccessors: .relationGroup4
----------------- testing Mon May 21 01:18:17 UTC 2018 /home/travis/build/icyphy/ptII/ptolemy/domains/sdf/test/auto/relationGroup5.xml
----------------- Instantiating /home/travis/build/icyphy/ptII/ptolemy/domains/sdf/test/auto/relationGroup5.xml
2 ms. Memory: 874496K Free: 262968K (30%)
----------------- Invoking toplevel() on ptolemy.moml.MoMLSimpleApplication@39598640
----------------- Done invoking toplevel() on ptolemy.moml.MoMLSimpleApplication@39598640
reloadAllAccessors: .relationGroup5
----------------- testing Mon May 21 01:18:17 UTC 2018 /home/travis/build/icyphy/ptII/ptolemy/domains/sdf/test/auto/relationGroup6.xml
----------------- Instantiating /home/travis/build/icyphy/ptII/ptolemy/domains/sdf/test/auto/relationGroup6.xml
2 ms. Memory: 874496K Free: 252489K (29%)
----------------- Invoking toplevel() on ptolemy.moml.MoMLSimpleApplication@23ce43ec
----------------- Done invoking toplevel() on ptolemy.moml.MoMLSimpleApplication@23ce43ec
reloadAllAccessors: .relationGroup6
----------------- testing Mon May 21 01:18:17 UTC 2018 /home/travis/build/icyphy/ptII/ptolemy/domains/sdf/test/auto/relationGroup7.xml
----------------- Instantiating /home/travis/build/icyphy/ptII/ptolemy/domains/sdf/test/auto/relationGroup7.xml
2 ms. Memory: 874496K Free: 239984K (27%)
----------------- Invoking toplevel() on ptolemy.moml.MoMLSimpleApplication@3d16478b
----------------- Done invoking toplevel() on ptolemy.moml.MoMLSimpleApplication@3d16478b
reloadAllAccessors: .relationGroup7
----------------- testing Mon May 21 01:18:17 UTC 2018 /home/travis/build/icyphy/ptII/ptolemy/domains/sdf/test/auto/relationGroup8.xml
----------------- Instantiating /home/travis/build/icyphy/ptII/ptolemy/domains/sdf/test/auto/relationGroup8.xml
2 ms. Memory: 874496K Free: 229505K (26%)
----------------- Invoking toplevel() on ptolemy.moml.MoMLSimpleApplication@37081bbc
----------------- Done invoking toplevel() on ptolemy.moml.MoMLSimpleApplication@37081bbc
reloadAllAccessors: .relationGroup8
----------------- testing Mon May 21 01:18:17 UTC 2018 /home/travis/build/icyphy/ptII/ptolemy/domains/sdf/test/auto/relationGroup9.xml
----------------- Instantiating /home/travis/build/icyphy/ptII/ptolemy/domains/sdf/test/auto/relationGroup9.xml
6 ms. Memory: 874496K Free: 219026K (25%)
----------------- Invoking toplevel() on ptolemy.moml.MoMLSimpleApplication@70a2ce1c
----------------- Done invoking toplevel() on ptolemy.moml.MoMLSimpleApplication@70a2ce1c
reloadAllAccessors: .relationGroup9
----------------- testing Mon May 21 01:18:17 UTC 2018 /home/travis/build/icyphy/ptII/ptolemy/domains/sdf/test/auto/sdf_inside_de.xml
----------------- Instantiating /home/travis/build/icyphy/ptII/ptolemy/domains/sdf/test/auto/sdf_inside_de.xml
18 ms. Memory: 874496K Free: 203300K (23%)
----------------- Invoking toplevel() on ptolemy.moml.MoMLSimpleApplication@a1db10c
----------------- Done invoking toplevel() on ptolemy.moml.MoMLSimpleApplication@a1db10c
reloadAllAccessors: .sdf_inside_de
----------------- testing Mon May 21 01:18:17 UTC 2018 /home/travis/build/icyphy/ptII/ptolemy/domains/sdf/test/auto/sdf_inside_pn.xml
----------------- Instantiating /home/travis/build/icyphy/ptII/ptolemy/domains/sdf/test/auto/sdf_inside_pn.xml
44 ms. Memory: 874496K Free: 161368K (18%)
----------------- Invoking toplevel() on ptolemy.moml.MoMLSimpleApplication@3d57da4e
----------------- Done invoking toplevel() on ptolemy.moml.MoMLSimpleApplication@3d57da4e
reloadAllAccessors: .sdf_inside_pn
----------------- testing Mon May 21 01:18:17 UTC 2018 /home/travis/build/icyphy/ptII/ptolemy/domains/sdf/test/auto/sdf_sdf1.xml
----------------- Instantiating /home/travis/build/icyphy/ptII/ptolemy/domains/sdf/test/auto/sdf_sdf1.xml
3 ms. Memory: 874496K Free: 148862K (17%)
----------------- Invoking toplevel() on ptolemy.moml.MoMLSimpleApplication@544d70d0
----------------- Done invoking toplevel() on ptolemy.moml.MoMLSimpleApplication@544d70d0
reloadAllAccessors: .sdf_sdf1
----------------- testing Mon May 21 01:18:18 UTC 2018 /home/travis/build/icyphy/ptII/ptolemy/domains/sdf/test/auto/test1.xml
----------------- Instantiating /home/travis/build/icyphy/ptII/ptolemy/domains/sdf/test/auto/test1.xml
2 ms. Memory: 874496K Free: 138383K (16%)
----------------- Invoking toplevel() on ptolemy.moml.MoMLSimpleApplication@30dffca4
----------------- Done invoking toplevel() on ptolemy.moml.MoMLSimpleApplication@30dffca4
reloadAllAccessors: .test1
----------------- testing Mon May 21 01:18:18 UTC 2018 /home/travis/build/icyphy/ptII/ptolemy/domains/sdf/test/auto/time1.xml
----------------- Instantiating /home/travis/build/icyphy/ptII/ptolemy/domains/sdf/test/auto/time1.xml
1 ms. Memory: 874496K Free: 127904K (15%)
----------------- Invoking toplevel() on ptolemy.moml.MoMLSimpleApplication@54a45ed9
----------------- Done invoking toplevel() on ptolemy.moml.MoMLSimpleApplication@54a45ed9
reloadAllAccessors: .time1
----------------- testing Mon May 21 01:18:18 UTC 2018 /home/travis/build/icyphy/ptII/ptolemy/domains/sdf/test/auto/time2.xml
----------------- Instantiating /home/travis/build/icyphy/ptII/ptolemy/domains/sdf/test/auto/time2.xml
3 ms. Memory: 874496K Free: 117425K (13%)
----------------- Invoking toplevel() on ptolemy.moml.MoMLSimpleApplication@45cc6900
----------------- Done invoking toplevel() on ptolemy.moml.MoMLSimpleApplication@45cc6900
reloadAllAccessors: .time2
----------------- testing Mon May 21 01:18:18 UTC 2018 /home/travis/build/icyphy/ptII/ptolemy/domains/sdf/test/auto/time3.xml
----------------- Instantiating /home/travis/build/icyphy/ptII/ptolemy/domains/sdf/test/auto/time3.xml
7 ms. Memory: 874496K Free: 106946K (12%)
----------------- Invoking toplevel() on ptolemy.moml.MoMLSimpleApplication@5de466c1
----------------- Done invoking toplevel() on ptolemy.moml.MoMLSimpleApplication@5de466c1
reloadAllAccessors: .time3
----------------- testing Mon May 21 01:18:18 UTC 2018 /home/travis/build/icyphy/ptII/ptolemy/domains/sdf/test/auto/time4.xml
----------------- Instantiating /home/travis/build/icyphy/ptII/ptolemy/domains/sdf/test/auto/time4.xml
6 ms. Memory: 874496K Free: 96467K (11%)
----------------- Invoking toplevel() on ptolemy.moml.MoMLSimpleApplication@32d4d595
----------------- Done invoking toplevel() on ptolemy.moml.MoMLSimpleApplication@32d4d595
reloadAllAccessors: .time4
----------------- testing Mon May 21 01:18:18 UTC 2018 /home/travis/build/icyphy/ptII/ptolemy/domains/sdf/test/auto/time5.xml
----------------- Instantiating /home/travis/build/icyphy/ptII/ptolemy/domains/sdf/test/auto/time5.xml
4003 ms. Memory: 874496K Free: 83962K (10%)
----------------- Invoking toplevel() on ptolemy.moml.MoMLSimpleApplication@2cb28485
----------------- Done invoking toplevel() on ptolemy.moml.MoMLSimpleApplication@2cb28485
reloadAllAccessors: .time5
----------------- testing Mon May 21 01:18:22 UTC 2018 /home/travis/build/icyphy/ptII/ptolemy/domains/sdf/test/auto/typeSystem_Const_Integer_smallest_Type.xml
----------------- Instantiating /home/travis/build/icyphy/ptII/ptolemy/domains/sdf/test/auto/typeSystem_Const_Integer_smallest_Type.xml
6 ms. Memory: 874496K Free: 77282K (9%)
----------------- Invoking toplevel() on ptolemy.moml.MoMLSimpleApplication@309ee6f6
----------------- Done invoking toplevel() on ptolemy.moml.MoMLSimpleApplication@309ee6f6
reloadAllAccessors: .typeSystem_Const_Integer_smallest_Type
----------------- testing Mon May 21 01:18:22 UTC 2018 /home/travis/build/icyphy/ptII/ptolemy/domains/sdf/test/auto/typeSystem_declared_Inports_OutportTypeException.xml
----------------- Instantiating /home/travis/build/icyphy/ptII/ptolemy/domains/sdf/test/auto/typeSystem_declared_Inports_OutportTypeException.xml
.typeSystem_declared_Inports_OutportTypeException.TestExceptionAttribute: initialize() was not invoked, but wrapup() was.  This is unusual, but not always a problem.  For example, exporting JNLP will do this.
2 ms. Memory: 1346560K Free: 1317668K (98%)
----------------- Invoking toplevel() on ptolemy.moml.MoMLSimpleApplication@54e43faa
----------------- Done invoking toplevel() on ptolemy.moml.MoMLSimpleApplication@54e43faa
reloadAllAccessors: .typeSystem_declared_Inports_OutportTypeException
----------------- testing Mon May 21 01:18:22 UTC 2018 /home/travis/build/icyphy/ptII/ptolemy/domains/sdf/test/auto/typeSystem_oneDeclaredInportType_wrongTypeOutport.xml
----------------- Instantiating /home/travis/build/icyphy/ptII/ptolemy/domains/sdf/test/auto/typeSystem_oneDeclaredInportType_wrongTypeOutport.xml
3 ms. Memory: 1346560K Free: 1298619K (96%)
----------------- Invoking toplevel() on ptolemy.moml.MoMLSimpleApplication@54adbed9
----------------- Done invoking toplevel() on ptolemy.moml.MoMLSimpleApplication@54adbed9
reloadAllAccessors: .typeSystem_oneDeclaredInportType_wrongTypeOutport
----------------- testing Mon May 21 01:18:22 UTC 2018 /home/travis/build/icyphy/ptII/ptolemy/domains/sdf/test/auto/width.xml
----------------- Instantiating /home/travis/build/icyphy/ptII/ptolemy/domains/sdf/test/auto/width.xml
8 ms. Memory: 1346560K Free: 1281852K (95%)
----------------- Invoking toplevel() on ptolemy.moml.MoMLSimpleApplication@25fcb65c
----------------- Done invoking toplevel() on ptolemy.moml.MoMLSimpleApplication@25fcb65c
reloadAllAccessors: .width
----------------- testing Mon May 21 01:18:22 UTC 2018 /home/travis/build/icyphy/ptII/ptolemy/domains/sdf/test/auto/width2.xml
----------------- Instantiating /home/travis/build/icyphy/ptII/ptolemy/domains/sdf/test/auto/width2.xml
48 ms. Memory: 1346560K Free: 1265086K (94%)
----------------- Invoking toplevel() on ptolemy.moml.MoMLSimpleApplication@4bf44dbe
----------------- Done invoking toplevel() on ptolemy.moml.MoMLSimpleApplication@4bf44dbe
reloadAllAccessors: .width2
----------------- testing Mon May 21 01:18:22 UTC 2018 /home/travis/build/icyphy/ptII/ptolemy/domains/sdf/test/auto/width3.xml
----------------- Instantiating /home/travis/build/icyphy/ptII/ptolemy/domains/sdf/test/auto/width3.xml
49 ms. Memory: 1346560K Free: 1248150K (93%)
----------------- Invoking toplevel() on ptolemy.moml.MoMLSimpleApplication@70568adb
----------------- Done invoking toplevel() on ptolemy.moml.MoMLSimpleApplication@70568adb
reloadAllAccessors: .width3
AutoTests.java: About to close Vertx.
AutoTests.java: Vertx closed.
]]></system-out>
  <system-err><![CDATA[java.lang.RuntimeException: Execution failed
	at ptolemy.moml.MoMLSimpleApplication$UnloadThread.run(MoMLSimpleApplication.java:402)
Caused by: ptolemy.actor.sched.NotSchedulableException: No solution exists for the balance equations.
Graph is not consistent under the SDF domain detected on external port .rateConsistency.actor.port2
  in .rateConsistency.SDF Director.Scheduler
	at ptolemy.domains.sdf.kernel.SDFScheduler._propagatePort(SDFScheduler.java:1425)
	at ptolemy.domains.sdf.kernel.SDFScheduler._solveBalanceEquations(SDFScheduler.java:710)
	at ptolemy.domains.sdf.kernel.SDFScheduler._getSchedule(SDFScheduler.java:566)
	at ptolemy.actor.sched.Scheduler.getSchedule(Scheduler.java:189)
	at ptolemy.domains.sdf.kernel.SDFDirector.createSchedule(SDFDirector.java:408)
	at ptolemy.domains.sdf.kernel.SDFDirector.preinitialize(SDFDirector.java:764)
	at ptolemy.actor.CompositeActor.preinitialize(CompositeActor.java:1828)
	at ptolemy.actor.Manager.preinitializeAndResolveTypes(Manager.java:1040)
	at ptolemy.actor.Manager.initialize(Manager.java:710)
	at ptolemy.actor.Manager.execute(Manager.java:356)
	at ptolemy.actor.Manager.run(Manager.java:1263)
	at ptolemy.actor.Manager$PtolemyRunThread.run(Manager.java:1915)
java.lang.RuntimeException: Execution failed
	at ptolemy.moml.MoMLSimpleApplication$UnloadThread.run(MoMLSimpleApplication.java:402)
Caused by: ptolemy.kernel.util.IllegalActionException: Failed to compute schedule:
  in .badRateChanges.typed composite actor.SDF Director
Because:
The SDF rate parameter may change. This is not allowed in SDF models that will be run through the code generator.  If you don't care about code generation, then you might consider setting the allowRateChanges parameter of the SDF director to false.
  in .badRateChanges.typed composite actor.Repeat.output.tokenProductionRate
	at ptolemy.domains.sdf.kernel.SDFDirector.createSchedule(SDFDirector.java:418)
	at ptolemy.domains.sdf.kernel.SDFDirector.preinitialize(SDFDirector.java:764)
	at ptolemy.actor.CompositeActor.preinitialize(CompositeActor.java:1828)
	at ptolemy.actor.Director.preinitialize(Director.java:1302)
	at ptolemy.actor.Director.preinitialize(Director.java:1257)
	at ptolemy.domains.sdf.kernel.SDFDirector.preinitialize(SDFDirector.java:763)
	at ptolemy.actor.CompositeActor.preinitialize(CompositeActor.java:1828)
	at ptolemy.actor.Manager.preinitializeAndResolveTypes(Manager.java:1040)
	at ptolemy.actor.Manager.initialize(Manager.java:710)
	at ptolemy.actor.Manager.execute(Manager.java:356)
	at ptolemy.actor.Manager.run(Manager.java:1263)
	at ptolemy.actor.Manager$PtolemyRunThread.run(Manager.java:1915)
Caused by: ptolemy.kernel.util.IllegalActionException: The SDF rate parameter may change. This is not allowed in SDF models that will be run through the code generator.  If you don't care about code generation, then you might consider setting the allowRateChanges parameter of the SDF director to false.
  in .badRateChanges.typed composite actor.Repeat.output.tokenProductionRate
	at ptolemy.domains.sdf.kernel.SDFScheduler._assertDynamicRateVariable(SDFScheduler.java:931)
	at ptolemy.domains.sdf.kernel.SDFScheduler._checkDynamicRateVariables(SDFScheduler.java:339)
	at ptolemy.domains.sdf.kernel.SDFScheduler._getSchedule(SDFScheduler.java:527)
	at ptolemy.actor.sched.Scheduler.getSchedule(Scheduler.java:189)
	at ptolemy.domains.sdf.kernel.SDFDirector.createSchedule(SDFDirector.java:408)
	... 11 more
java.lang.RuntimeException: Execution failed
	at ptolemy.moml.MoMLSimpleApplication$UnloadThread.run(MoMLSimpleApplication.java:402)
Caused by: ptolemy.kernel.util.IllegalActionException: Failed to compute schedule:
  in .badRateChanges2.typed composite actor.SDF Director
Because:
The SDF rate parameter may change. This is not allowed in SDF models that will be run through the code generator.  If you don't care about code generation, then you might consider setting the allowRateChanges parameter of the SDF director to false.
  in .badRateChanges2.typed composite actor.Repeat.output.tokenProductionRate
	at ptolemy.domains.sdf.kernel.SDFDirector.createSchedule(SDFDirector.java:418)
	at ptolemy.domains.sdf.kernel.SDFDirector.preinitialize(SDFDirector.java:764)
	at ptolemy.actor.CompositeActor.preinitialize(CompositeActor.java:1828)
	at ptolemy.actor.Director.preinitialize(Director.java:1302)
	at ptolemy.actor.Director.preinitialize(Director.java:1257)
	at ptolemy.domains.sdf.kernel.SDFDirector.preinitialize(SDFDirector.java:763)
	at ptolemy.actor.CompositeActor.preinitialize(CompositeActor.java:1828)
	at ptolemy.actor.Manager.preinitializeAndResolveTypes(Manager.java:1040)
	at ptolemy.actor.Manager.initialize(Manager.java:710)
	at ptolemy.actor.Manager.execute(Manager.java:356)
	at ptolemy.actor.Manager.run(Manager.java:1263)
	at ptolemy.actor.Manager$PtolemyRunThread.run(Manager.java:1915)
Caused by: ptolemy.kernel.util.IllegalActionException: The SDF rate parameter may change. This is not allowed in SDF models that will be run through the code generator.  If you don't care about code generation, then you might consider setting the allowRateChanges parameter of the SDF director to false.
  in .badRateChanges2.typed composite actor.Repeat.output.tokenProductionRate
	at ptolemy.domains.sdf.kernel.SDFScheduler._assertDynamicRateVariable(SDFScheduler.java:931)
	at ptolemy.domains.sdf.kernel.SDFScheduler._checkDynamicRateVariables(SDFScheduler.java:339)
	at ptolemy.domains.sdf.kernel.SDFScheduler._getSchedule(SDFScheduler.java:527)
	at ptolemy.actor.sched.Scheduler.getSchedule(Scheduler.java:189)
	at ptolemy.domains.sdf.kernel.SDFDirector.createSchedule(SDFDirector.java:408)
	... 11 more
java.lang.RuntimeException: Execution failed
	at ptolemy.moml.MoMLSimpleApplication$UnloadThread.run(MoMLSimpleApplication.java:402)
Caused by: ptolemy.actor.sched.NotSchedulableException: Actors remain that cannot be scheduled!

There are several possible reasons:
* SDF Graphs with feedback loops should have an actor with a delay in the loop, such as a SampleDelay.
* The SDF director has an "allowDisconnectedGraphs"parameter, which, when true, permits disconnected SDF graphs.
* The token consumption rate and production rates might be mismatched.
Usually, actors produce one token or consume one token on a port.  To produce or consume multiple tokens per firing, add a "tokenConsumptionRate" or "tokenProductionRate" parameter to the appropriate port.
Unscheduled actors:
.partiallyConnected.Const2 
Scheduled actors:
.partiallyConnected.Const 
  in .partiallyConnected.SDF Director.Scheduler
	at ptolemy.domains.sdf.kernel.SDFScheduler._scheduleConnectedActors(SDFScheduler.java:1828)
	at ptolemy.domains.sdf.kernel.SDFScheduler._getSchedule(SDFScheduler.java:587)
	at ptolemy.actor.sched.Scheduler.getSchedule(Scheduler.java:189)
	at ptolemy.domains.sdf.kernel.SDFDirector.createSchedule(SDFDirector.java:408)
	at ptolemy.domains.sdf.kernel.SDFDirector.preinitialize(SDFDirector.java:764)
	at ptolemy.actor.CompositeActor.preinitialize(CompositeActor.java:1828)
	at ptolemy.actor.Manager.preinitializeAndResolveTypes(Manager.java:1040)
	at ptolemy.actor.Manager.initialize(Manager.java:710)
	at ptolemy.actor.Manager.execute(Manager.java:356)
	at ptolemy.actor.Manager.run(Manager.java:1263)
	at ptolemy.actor.Manager$PtolemyRunThread.run(Manager.java:1915)
]]></system-err>
</testsuite>
