<?xml version="1.0" encoding="UTF-8" ?>
<testsuite errors="0" failures="0" hostname="travis-job-b8c19330-a3b1-463d-b628-d65b069a161c" name="ptolemy.domains.pn.test.junit.JUnitTclTest" skipped="0" tests="43" time="7.275" timestamp="2018-05-04T01:03:54">
  <properties>
[...]
</properties>
  <testcase classname="ptolemy.util.test.junit.TclTests" name="[0] /home/travis/build/icyphy/ptII/ptolemy/domains/pn/test/PNDirector.tcl (RunTclFile)" time="0.529" />
  <testcase classname="ptolemy.util.test.junit.TclTests" name="[1] /home/travis/build/icyphy/ptII/ptolemy/domains/pn/test/TimedPNDirector.tcl (RunTclFile)" time="0.014" />
  <testcase classname="ptolemy.util.test.junit.AutoKnownFailedTests" name="[0] ThereAreNoKnowFailedTests (RunModel)" time="0.0" />
  <testcase classname="ptolemy.util.test.junit.AutoNameArchTests" name="[0] ThereAreNoAutoTests (RunModel)" time="0.0" />
  <testcase classname="ptolemy.util.test.junit.AutoTests" name="[0] /home/travis/build/icyphy/ptII/ptolemy/domains/pn/test/auto/Branching-switch-PN-ptolemy-2.xml (RunModel)" time="0.134" />
  <testcase classname="ptolemy.util.test.junit.AutoTests" name="[1] /home/travis/build/icyphy/ptII/ptolemy/domains/pn/test/auto/Branching-switch-PN-ptolemy.xml (RunModel)" time="0.115" />
  <testcase classname="ptolemy.util.test.junit.AutoTests" name="[2] /home/travis/build/icyphy/ptII/ptolemy/domains/pn/test/auto/BrockAckermanTest.xml (RunModel)" time="0.394" />
  <testcase classname="ptolemy.util.test.junit.AutoTests" name="[3] /home/travis/build/icyphy/ptII/ptolemy/domains/pn/test/auto/CounterMachine.xml (RunModel)" time="1.741" />
  <testcase classname="ptolemy.util.test.junit.AutoTests" name="[4] /home/travis/build/icyphy/ptII/ptolemy/domains/pn/test/auto/CounterMachine1.xml (RunModel)" time="1.451" />
  <testcase classname="ptolemy.util.test.junit.AutoTests" name="[5] /home/travis/build/icyphy/ptII/ptolemy/domains/pn/test/auto/CounterMachineWithException.xml (RunModel)" time="0.677" />
  <testcase classname="ptolemy.util.test.junit.AutoTests" name="[6] /home/travis/build/icyphy/ptII/ptolemy/domains/pn/test/auto/FinalState.xml (RunModel)" time="0.089" />
  <testcase classname="ptolemy.util.test.junit.AutoTests" name="[7] /home/travis/build/icyphy/ptII/ptolemy/domains/pn/test/auto/FourExpressions.xml (RunModel)" time="0.057" />
  <testcase classname="ptolemy.util.test.junit.AutoTests" name="[8] /home/travis/build/icyphy/ptII/ptolemy/domains/pn/test/auto/Identity.xml (RunModel)" time="0.073" />
  <testcase classname="ptolemy.util.test.junit.AutoTests" name="[9] /home/travis/build/icyphy/ptII/ptolemy/domains/pn/test/auto/IdentityWithFeedback.xml (RunModel)" time="0.041" />
  <testcase classname="ptolemy.util.test.junit.AutoTests" name="[10] /home/travis/build/icyphy/ptII/ptolemy/domains/pn/test/auto/NondeterministicMergeTest.xml (RunModel)" time="0.09" />
  <testcase classname="ptolemy.util.test.junit.AutoTests" name="[11] /home/travis/build/icyphy/ptII/ptolemy/domains/pn/test/auto/OrderedMerge.xml (RunModel)" time="0.186" />
  <testcase classname="ptolemy.util.test.junit.AutoTests" name="[12] /home/travis/build/icyphy/ptII/ptolemy/domains/pn/test/auto/PNAbstractReceiverTest.xml (RunModel)" time="0.058" />
  <testcase classname="ptolemy.util.test.junit.AutoTests" name="[13] /home/travis/build/icyphy/ptII/ptolemy/domains/pn/test/auto/QR.xml (RunModel)" time="0.077" />
  <testcase classname="ptolemy.util.test.junit.AutoTests" name="[14] /home/travis/build/icyphy/ptII/ptolemy/domains/pn/test/auto/RemoveNilTokens.xml (RunModel)" time="0.059" />
  <testcase classname="ptolemy.util.test.junit.AutoTests" name="[15] /home/travis/build/icyphy/ptII/ptolemy/domains/pn/test/auto/Stack.xml (RunModel)" time="0.148" />
  <testcase classname="ptolemy.util.test.junit.AutoTests" name="[16] /home/travis/build/icyphy/ptII/ptolemy/domains/pn/test/auto/TestRemoveNilTokens.xml (RunModel)" time="0.042" />
  <testcase classname="ptolemy.util.test.junit.AutoTests" name="[17] /home/travis/build/icyphy/ptII/ptolemy/domains/pn/test/auto/TestSeq2Array.xml (RunModel)" time="0.049" />
  <testcase classname="ptolemy.util.test.junit.AutoTests" name="[18] /home/travis/build/icyphy/ptII/ptolemy/domains/pn/test/auto/TrivialIdentity.xml (RunModel)" time="0.035" />
  <testcase classname="ptolemy.util.test.junit.AutoTests" name="[19] /home/travis/build/icyphy/ptII/ptolemy/domains/pn/test/auto/WidthInferenceTest1.xml (RunModel)" time="0.048" />
  <testcase classname="ptolemy.util.test.junit.AutoTests" name="[20] /home/travis/build/icyphy/ptII/ptolemy/domains/pn/test/auto/WidthInferenceTest2.xml (RunModel)" time="0.031" />
  <testcase classname="ptolemy.util.test.junit.AutoTests" name="[21] /home/travis/build/icyphy/ptII/ptolemy/domains/pn/test/auto/WidthInferenceTest3.xml (RunModel)" time="0.077" />
  <testcase classname="ptolemy.util.test.junit.AutoTests" name="[22] /home/travis/build/icyphy/ptII/ptolemy/domains/pn/test/auto/WidthInferenceTest4.xml (RunModel)" time="0.065" />
  <testcase classname="ptolemy.util.test.junit.AutoTests" name="[23] /home/travis/build/icyphy/ptII/ptolemy/domains/pn/test/auto/WidthInferenceTest5.xml (RunModel)" time="0.072" />
  <testcase classname="ptolemy.util.test.junit.AutoTests" name="[24] /home/travis/build/icyphy/ptII/ptolemy/domains/pn/test/auto/controlled_kahnnet.xml (RunModel)" time="0.044" />
  <testcase classname="ptolemy.util.test.junit.AutoTests" name="[25] /home/travis/build/icyphy/ptII/ptolemy/domains/pn/test/auto/demandDriven.xml (RunModel)" time="0.026" />
  <testcase classname="ptolemy.util.test.junit.AutoTests" name="[26] /home/travis/build/icyphy/ptII/ptolemy/domains/pn/test/auto/feedback.xml (RunModel)" time="0.03" />
  <testcase classname="ptolemy.util.test.junit.AutoTests" name="[27] /home/travis/build/icyphy/ptII/ptolemy/domains/pn/test/auto/helloWorld.xml (RunModel)" time="0.023" />
  <testcase classname="ptolemy.util.test.junit.AutoTests" name="[28] /home/travis/build/icyphy/ptII/ptolemy/domains/pn/test/auto/helloWorld2.xml (RunModel)" time="0.035" />
  <testcase classname="ptolemy.util.test.junit.AutoTests" name="[29] /home/travis/build/icyphy/ptII/ptolemy/domains/pn/test/auto/noOutput.xml (RunModel)" time="0.068" />
  <testcase classname="ptolemy.util.test.junit.AutoTests" name="[30] /home/travis/build/icyphy/ptII/ptolemy/domains/pn/test/auto/relationGroup.xml (RunModel)" time="0.024" />
  <testcase classname="ptolemy.util.test.junit.AutoTests" name="[31] /home/travis/build/icyphy/ptII/ptolemy/domains/pn/test/auto/relationGroup2.xml (RunModel)" time="0.027" />
  <testcase classname="ptolemy.util.test.junit.AutoTests" name="[32] /home/travis/build/icyphy/ptII/ptolemy/domains/pn/test/auto/relationGroup3.xml (RunModel)" time="0.041" />
  <testcase classname="ptolemy.util.test.junit.AutoTests" name="[33] /home/travis/build/icyphy/ptII/ptolemy/domains/pn/test/auto/relationGroup4.xml (RunModel)" time="0.018" />
  <testcase classname="ptolemy.util.test.junit.AutoTests" name="[34] /home/travis/build/icyphy/ptII/ptolemy/domains/pn/test/auto/relationGroup5.xml (RunModel)" time="0.023" />
  <testcase classname="ptolemy.util.test.junit.AutoTests" name="[35] /home/travis/build/icyphy/ptII/ptolemy/domains/pn/test/auto/relationGroup6.xml (RunModel)" time="0.017" />
  <testcase classname="ptolemy.util.test.junit.AutoTests" name="[36] /home/travis/build/icyphy/ptII/ptolemy/domains/pn/test/auto/relationGroup7.xml (RunModel)" time="0.014" />
  <testcase classname="ptolemy.util.test.junit.AutoTests" name="[37] /home/travis/build/icyphy/ptII/ptolemy/domains/pn/test/auto/relationGroup8.xml (RunModel)" time="0.02" />
  <testcase classname="ptolemy.util.test.junit.AutoTests" name="[38] /home/travis/build/icyphy/ptII/ptolemy/domains/pn/test/auto/widthTest.xml (RunModel)" time="0.046" />
  <system-out><![CDATA[/home/travis/build/icyphy/ptII/ptolemy/domains/pn/test/PNDirector.tcl
testDefs.tcl: setting time out to 9000 seconds at Fri May 04 01:03:54 UTC 2018
75 ms. Memory: 116224K Free: 87137K (75%)
9 ms. Memory: 116224K Free: 107302K (92%)
/home/travis/build/icyphy/ptII/ptolemy/domains/pn/test/TimedPNDirector.tcl


==== $PTII/ptolemy/domains/pn/test/TimedPNDirector.tcl: TimedPNDirector-6.1 Test an application
==== Contents of test case:


    set e0 [java::new ptolemy.actor.TypedCompositeActor]
    set manager [java::new ptolemy.actor.Manager]
    set director [java::new ptolemy.domains.pn.kernel.TimedPNDirector]
    $e0 setDirector $director
    $e0 setName top
    $e0 setManager $manager

    # FIXME: why doesn't the getParameter option work.
    set ramp [java::new ptolemy.actor.lib.Ramp $e0 ramp]
    set param [java::cast ptolemy.data.expr.Parameter  [$ramp getAttribute  firingCountLimit]]
    $param setExpression 20

    set rec [java::new ptolemy.actor.lib.Recorder $e0 rec]
    $e0 connect  [java::field [java::cast ptolemy.actor.lib.Source $ramp] output]  [java::field [java::cast ptolemy.actor.lib.Sink $rec] input]

    error "Running this test sometimes causes an endless loop" 

#    [$e0 getManager] execute
#    enumToTokenValues [$rec getRecord 0]


.... Test generated KNOWN error:
Running this test sometimes causes an endless loop
    while executing
"error "Running this test sometimes causes an endless loop" "
    ("uplevel" body line 18)
    invoked from within
"uplevel $contents_of_test"
05/04/18 01:03:54
Failed: 0  Total Tests: 3  ((Passed: 2, Newly Passed: 0)  Known Failed: 1) /home/travis/build/icyphy/ptII/ptolemy/domains/pn/test
No auto/knownFailedTests/*.xml tests in /home/travis/build/icyphy/ptII/ptolemy/domains/pn/test
No auto/*.xml tests in /home/travis/build/icyphy/ptII/ptolemy/domains/pn/test
AutoTests.java: About to close Vertx.
AutoTests.java: Vertx closed.
----------------- testing Fri May 04 01:03:54 UTC 2018 /home/travis/build/icyphy/ptII/ptolemy/domains/pn/test/auto/Branching-switch-PN-ptolemy-2.xml
----------------- Instantiating /home/travis/build/icyphy/ptII/ptolemy/domains/pn/test/auto/Branching-switch-PN-ptolemy-2.xml
24 ms. Memory: 116224K Free: 100626K (87%)
----------------- Invoking toplevel() on ptolemy.moml.MoMLSimpleApplication@5c5a6a3d
----------------- Done invoking toplevel() on ptolemy.moml.MoMLSimpleApplication@5c5a6a3d
reloadAllAccessors: .Branching-switch-PN-ptolemy-2
----------------- testing Fri May 04 01:03:55 UTC 2018 /home/travis/build/icyphy/ptII/ptolemy/domains/pn/test/auto/Branching-switch-PN-ptolemy.xml
----------------- Instantiating /home/travis/build/icyphy/ptII/ptolemy/domains/pn/test/auto/Branching-switch-PN-ptolemy.xml
45 ms. Memory: 116224K Free: 90568K (78%)
----------------- Invoking toplevel() on ptolemy.moml.MoMLSimpleApplication@33096004
----------------- Done invoking toplevel() on ptolemy.moml.MoMLSimpleApplication@33096004
reloadAllAccessors: .Branching-switch-PN-ptolemy
----------------- testing Fri May 04 01:03:55 UTC 2018 /home/travis/build/icyphy/ptII/ptolemy/domains/pn/test/auto/BrockAckermanTest.xml
----------------- Instantiating /home/travis/build/icyphy/ptII/ptolemy/domains/pn/test/auto/BrockAckermanTest.xml
265 ms. Memory: 116224K Free: 105714K (91%)
----------------- Invoking toplevel() on ptolemy.moml.MoMLSimpleApplication@378e339f
----------------- Done invoking toplevel() on ptolemy.moml.MoMLSimpleApplication@378e339f
reloadAllAccessors: .BrockAckermanTest
----------------- testing Fri May 04 01:03:55 UTC 2018 /home/travis/build/icyphy/ptII/ptolemy/domains/pn/test/auto/CounterMachine.xml
----------------- Instantiating /home/travis/build/icyphy/ptII/ptolemy/domains/pn/test/auto/CounterMachine.xml
1080 ms. Memory: 209920K Free: 145047K (69%)
----------------- Invoking toplevel() on ptolemy.moml.MoMLSimpleApplication@4819bcde
----------------- Done invoking toplevel() on ptolemy.moml.MoMLSimpleApplication@4819bcde
reloadAllAccessors: .CounterMachine
----------------- testing Fri May 04 01:03:57 UTC 2018 /home/travis/build/icyphy/ptII/ptolemy/domains/pn/test/auto/CounterMachine1.xml
----------------- Instantiating /home/travis/build/icyphy/ptII/ptolemy/domains/pn/test/auto/CounterMachine1.xml
963 ms. Memory: 209920K Free: 123694K (59%)
----------------- Invoking toplevel() on ptolemy.moml.MoMLSimpleApplication@66c29fcf
----------------- Done invoking toplevel() on ptolemy.moml.MoMLSimpleApplication@66c29fcf
reloadAllAccessors: .CounterMachine1
----------------- testing Fri May 04 01:03:58 UTC 2018 /home/travis/build/icyphy/ptII/ptolemy/domains/pn/test/auto/CounterMachineWithException.xml
----------------- Instantiating /home/travis/build/icyphy/ptII/ptolemy/domains/pn/test/auto/CounterMachineWithException.xml
320 ms. Memory: 332800K Free: 221962K (67%)
----------------- Invoking toplevel() on ptolemy.moml.MoMLSimpleApplication@26611793
----------------- Done invoking toplevel() on ptolemy.moml.MoMLSimpleApplication@26611793
reloadAllAccessors: .CounterMachineWithException
----------------- testing Fri May 04 01:03:59 UTC 2018 /home/travis/build/icyphy/ptII/ptolemy/domains/pn/test/auto/FinalState.xml
----------------- Instantiating /home/travis/build/icyphy/ptII/ptolemy/domains/pn/test/auto/FinalState.xml
12 ms. Memory: 332800K Free: 214457K (64%)
----------------- Invoking toplevel() on ptolemy.moml.MoMLSimpleApplication@116e9841
----------------- Done invoking toplevel() on ptolemy.moml.MoMLSimpleApplication@116e9841
reloadAllAccessors: .FinalState
----------------- testing Fri May 04 01:03:59 UTC 2018 /home/travis/build/icyphy/ptII/ptolemy/domains/pn/test/auto/FourExpressions.xml
----------------- Instantiating /home/travis/build/icyphy/ptII/ptolemy/domains/pn/test/auto/FourExpressions.xml
19 ms. Memory: 332800K Free: 205646K (62%)
----------------- Invoking toplevel() on ptolemy.moml.MoMLSimpleApplication@6bf81e25
----------------- Done invoking toplevel() on ptolemy.moml.MoMLSimpleApplication@6bf81e25
reloadAllAccessors: .FourExpressions
----------------- testing Fri May 04 01:03:59 UTC 2018 /home/travis/build/icyphy/ptII/ptolemy/domains/pn/test/auto/Identity.xml
----------------- Instantiating /home/travis/build/icyphy/ptII/ptolemy/domains/pn/test/auto/Identity.xml
21 ms. Memory: 332800K Free: 198635K (60%)
----------------- Invoking toplevel() on ptolemy.moml.MoMLSimpleApplication@4d174f7b
----------------- Done invoking toplevel() on ptolemy.moml.MoMLSimpleApplication@4d174f7b
reloadAllAccessors: .Identity
----------------- testing Fri May 04 01:03:59 UTC 2018 /home/travis/build/icyphy/ptII/ptolemy/domains/pn/test/auto/IdentityWithFeedback.xml
----------------- Instantiating /home/travis/build/icyphy/ptII/ptolemy/domains/pn/test/auto/IdentityWithFeedback.xml
11 ms. Memory: 332800K Free: 192845K (58%)
----------------- Invoking toplevel() on ptolemy.moml.MoMLSimpleApplication@7265e2e9
----------------- Done invoking toplevel() on ptolemy.moml.MoMLSimpleApplication@7265e2e9
reloadAllAccessors: .IdentityWithFeedback
----------------- testing Fri May 04 01:03:59 UTC 2018 /home/travis/build/icyphy/ptII/ptolemy/domains/pn/test/auto/NondeterministicMergeTest.xml
----------------- Instantiating /home/travis/build/icyphy/ptII/ptolemy/domains/pn/test/auto/NondeterministicMergeTest.xml
49 ms. Memory: 332800K Free: 185105K (56%)
----------------- Invoking toplevel() on ptolemy.moml.MoMLSimpleApplication@75c6ba51
----------------- Done invoking toplevel() on ptolemy.moml.MoMLSimpleApplication@75c6ba51
reloadAllAccessors: .NondeterministicMergeTest
----------------- testing Fri May 04 01:03:59 UTC 2018 /home/travis/build/icyphy/ptII/ptolemy/domains/pn/test/auto/OrderedMerge.xml
----------------- Instantiating /home/travis/build/icyphy/ptII/ptolemy/domains/pn/test/auto/OrderedMerge.xml
148 ms. Memory: 332800K Free: 173313K (52%)
----------------- Invoking toplevel() on ptolemy.moml.MoMLSimpleApplication@60e2cfe0
----------------- Done invoking toplevel() on ptolemy.moml.MoMLSimpleApplication@60e2cfe0
reloadAllAccessors: .OrderedMerge
----------------- testing Fri May 04 01:04:00 UTC 2018 /home/travis/build/icyphy/ptII/ptolemy/domains/pn/test/auto/PNAbstractReceiverTest.xml
----------------- Instantiating /home/travis/build/icyphy/ptII/ptolemy/domains/pn/test/auto/PNAbstractReceiverTest.xml
21 ms. Memory: 332800K Free: 169316K (51%)
----------------- Invoking toplevel() on ptolemy.moml.MoMLSimpleApplication@5ecb5941
----------------- Done invoking toplevel() on ptolemy.moml.MoMLSimpleApplication@5ecb5941
reloadAllAccessors: .PNAbstractReceiverTest
----------------- testing Fri May 04 01:04:00 UTC 2018 /home/travis/build/icyphy/ptII/ptolemy/domains/pn/test/auto/QR.xml
----------------- Instantiating /home/travis/build/icyphy/ptII/ptolemy/domains/pn/test/auto/QR.xml
24 ms. Memory: 332800K Free: 157534K (47%)
----------------- Invoking toplevel() on ptolemy.moml.MoMLSimpleApplication@3ca29f43
----------------- Done invoking toplevel() on ptolemy.moml.MoMLSimpleApplication@3ca29f43
reloadAllAccessors: .QR
----------------- testing Fri May 04 01:04:00 UTC 2018 /home/travis/build/icyphy/ptII/ptolemy/domains/pn/test/auto/RemoveNilTokens.xml
----------------- Instantiating /home/travis/build/icyphy/ptII/ptolemy/domains/pn/test/auto/RemoveNilTokens.xml
19 ms. Memory: 332800K Free: 146812K (44%)
----------------- Invoking toplevel() on ptolemy.moml.MoMLSimpleApplication@3e638aa7
----------------- Done invoking toplevel() on ptolemy.moml.MoMLSimpleApplication@3e638aa7
reloadAllAccessors: .RemoveNilTokens
----------------- testing Fri May 04 01:04:00 UTC 2018 /home/travis/build/icyphy/ptII/ptolemy/domains/pn/test/auto/Stack.xml
----------------- Instantiating /home/travis/build/icyphy/ptII/ptolemy/domains/pn/test/auto/Stack.xml
61 ms. Memory: 332800K Free: 120886K (36%)
----------------- Invoking toplevel() on ptolemy.moml.MoMLSimpleApplication@328adf72
----------------- Done invoking toplevel() on ptolemy.moml.MoMLSimpleApplication@328adf72
reloadAllAccessors: .Stack
----------------- testing Fri May 04 01:04:00 UTC 2018 /home/travis/build/icyphy/ptII/ptolemy/domains/pn/test/auto/TestRemoveNilTokens.xml
----------------- Instantiating /home/travis/build/icyphy/ptII/ptolemy/domains/pn/test/auto/TestRemoveNilTokens.xml
19 ms. Memory: 332800K Free: 113066K (34%)
----------------- Invoking toplevel() on ptolemy.moml.MoMLSimpleApplication@29a43e6f
----------------- Done invoking toplevel() on ptolemy.moml.MoMLSimpleApplication@29a43e6f
reloadAllAccessors: .TestRemoveNilTokens
----------------- testing Fri May 04 01:04:00 UTC 2018 /home/travis/build/icyphy/ptII/ptolemy/domains/pn/test/auto/TestSeq2Array.xml
----------------- Instantiating /home/travis/build/icyphy/ptII/ptolemy/domains/pn/test/auto/TestSeq2Array.xml
12 ms. Memory: 332800K Free: 106165K (32%)
----------------- Invoking toplevel() on ptolemy.moml.MoMLSimpleApplication@1ff86a2d
----------------- Done invoking toplevel() on ptolemy.moml.MoMLSimpleApplication@1ff86a2d
reloadAllAccessors: .TestSeq2Array
----------------- testing Fri May 04 01:04:00 UTC 2018 /home/travis/build/icyphy/ptII/ptolemy/domains/pn/test/auto/TrivialIdentity.xml
----------------- Instantiating /home/travis/build/icyphy/ptII/ptolemy/domains/pn/test/auto/TrivialIdentity.xml
10 ms. Memory: 332800K Free: 100907K (30%)
----------------- Invoking toplevel() on ptolemy.moml.MoMLSimpleApplication@57d6b2f7
----------------- Done invoking toplevel() on ptolemy.moml.MoMLSimpleApplication@57d6b2f7
reloadAllAccessors: .TrivialIdentity
----------------- testing Fri May 04 01:04:00 UTC 2018 /home/travis/build/icyphy/ptII/ptolemy/domains/pn/test/auto/WidthInferenceTest1.xml
----------------- Instantiating /home/travis/build/icyphy/ptII/ptolemy/domains/pn/test/auto/WidthInferenceTest1.xml
12 ms. Memory: 332800K Free: 94118K (28%)
----------------- Invoking toplevel() on ptolemy.moml.MoMLSimpleApplication@716f019a
----------------- Done invoking toplevel() on ptolemy.moml.MoMLSimpleApplication@716f019a
reloadAllAccessors: .1
----------------- testing Fri May 04 01:04:00 UTC 2018 /home/travis/build/icyphy/ptII/ptolemy/domains/pn/test/auto/WidthInferenceTest2.xml
----------------- Instantiating /home/travis/build/icyphy/ptII/ptolemy/domains/pn/test/auto/WidthInferenceTest2.xml
9 ms. Memory: 332800K Free: 86891K (26%)
----------------- Invoking toplevel() on ptolemy.moml.MoMLSimpleApplication@127d0e5b
----------------- Done invoking toplevel() on ptolemy.moml.MoMLSimpleApplication@127d0e5b
reloadAllAccessors: .2
----------------- testing Fri May 04 01:04:00 UTC 2018 /home/travis/build/icyphy/ptII/ptolemy/domains/pn/test/auto/WidthInferenceTest3.xml
----------------- Instantiating /home/travis/build/icyphy/ptII/ptolemy/domains/pn/test/auto/WidthInferenceTest3.xml
16 ms. Memory: 332800K Free: 317403K (95%)
----------------- Invoking toplevel() on ptolemy.moml.MoMLSimpleApplication@3dbdefb7
----------------- Done invoking toplevel() on ptolemy.moml.MoMLSimpleApplication@3dbdefb7
reloadAllAccessors: .3
----------------- testing Fri May 04 01:04:00 UTC 2018 /home/travis/build/icyphy/ptII/ptolemy/domains/pn/test/auto/WidthInferenceTest4.xml
----------------- Instantiating /home/travis/build/icyphy/ptII/ptolemy/domains/pn/test/auto/WidthInferenceTest4.xml
21 ms. Memory: 332800K Free: 299951K (90%)
----------------- Invoking toplevel() on ptolemy.moml.MoMLSimpleApplication@78727a79
----------------- Done invoking toplevel() on ptolemy.moml.MoMLSimpleApplication@78727a79
reloadAllAccessors: .WidthInferenceTest4
----------------- testing Fri May 04 01:04:00 UTC 2018 /home/travis/build/icyphy/ptII/ptolemy/domains/pn/test/auto/WidthInferenceTest5.xml
----------------- Instantiating /home/travis/build/icyphy/ptII/ptolemy/domains/pn/test/auto/WidthInferenceTest5.xml
42 ms. Memory: 332800K Free: 283671K (85%)
----------------- Invoking toplevel() on ptolemy.moml.MoMLSimpleApplication@596cb435
----------------- Done invoking toplevel() on ptolemy.moml.MoMLSimpleApplication@596cb435
reloadAllAccessors: .WidthInferenceTest5
----------------- testing Fri May 04 01:04:00 UTC 2018 /home/travis/build/icyphy/ptII/ptolemy/domains/pn/test/auto/controlled_kahnnet.xml
----------------- Instantiating /home/travis/build/icyphy/ptII/ptolemy/domains/pn/test/auto/controlled_kahnnet.xml
13 ms. Memory: 332800K Free: 277023K (83%)
----------------- Invoking toplevel() on ptolemy.moml.MoMLSimpleApplication@3096848b
----------------- Done invoking toplevel() on ptolemy.moml.MoMLSimpleApplication@3096848b
reloadAllAccessors: .controlled_kahnnet
----------------- testing Fri May 04 01:04:00 UTC 2018 /home/travis/build/icyphy/ptII/ptolemy/domains/pn/test/auto/demandDriven.xml
----------------- Instantiating /home/travis/build/icyphy/ptII/ptolemy/domains/pn/test/auto/demandDriven.xml
9 ms. Memory: 332800K Free: 272044K (82%)
----------------- Invoking toplevel() on ptolemy.moml.MoMLSimpleApplication@24a2fd94
----------------- Done invoking toplevel() on ptolemy.moml.MoMLSimpleApplication@24a2fd94
reloadAllAccessors: .demandDriven
----------------- testing Fri May 04 01:04:00 UTC 2018 /home/travis/build/icyphy/ptII/ptolemy/domains/pn/test/auto/feedback.xml
----------------- Instantiating /home/travis/build/icyphy/ptII/ptolemy/domains/pn/test/auto/feedback.xml
10 ms. Memory: 332800K Free: 266529K (80%)
----------------- Invoking toplevel() on ptolemy.moml.MoMLSimpleApplication@4eb0c01f
----------------- Done invoking toplevel() on ptolemy.moml.MoMLSimpleApplication@4eb0c01f
reloadAllAccessors: .feedback
----------------- testing Fri May 04 01:04:00 UTC 2018 /home/travis/build/icyphy/ptII/ptolemy/domains/pn/test/auto/helloWorld.xml
----------------- Instantiating /home/travis/build/icyphy/ptII/ptolemy/domains/pn/test/auto/helloWorld.xml
9 ms. Memory: 332800K Free: 264039K (79%)
----------------- Invoking toplevel() on ptolemy.moml.MoMLSimpleApplication@799814a6
----------------- Done invoking toplevel() on ptolemy.moml.MoMLSimpleApplication@799814a6
reloadAllAccessors: .helloWorld
----------------- testing Fri May 04 01:04:00 UTC 2018 /home/travis/build/icyphy/ptII/ptolemy/domains/pn/test/auto/helloWorld2.xml
----------------- Instantiating /home/travis/build/icyphy/ptII/ptolemy/domains/pn/test/auto/helloWorld2.xml
10 ms. Memory: 332800K Free: 258629K (78%)
----------------- Invoking toplevel() on ptolemy.moml.MoMLSimpleApplication@54a507d0
----------------- Done invoking toplevel() on ptolemy.moml.MoMLSimpleApplication@54a507d0
reloadAllAccessors: .helloWorld2
----------------- testing Fri May 04 01:04:00 UTC 2018 /home/travis/build/icyphy/ptII/ptolemy/domains/pn/test/auto/noOutput.xml
----------------- Instantiating /home/travis/build/icyphy/ptII/ptolemy/domains/pn/test/auto/noOutput.xml
48 ms. Memory: 332800K Free: 251702K (76%)
----------------- Invoking toplevel() on ptolemy.moml.MoMLSimpleApplication@456a13a3
----------------- Done invoking toplevel() on ptolemy.moml.MoMLSimpleApplication@456a13a3
reloadAllAccessors: .noOutput
----------------- testing Fri May 04 01:04:01 UTC 2018 /home/travis/build/icyphy/ptII/ptolemy/domains/pn/test/auto/relationGroup.xml
----------------- Instantiating /home/travis/build/icyphy/ptII/ptolemy/domains/pn/test/auto/relationGroup.xml
10 ms. Memory: 332800K Free: 248494K (75%)
----------------- Invoking toplevel() on ptolemy.moml.MoMLSimpleApplication@58649bf
----------------- Done invoking toplevel() on ptolemy.moml.MoMLSimpleApplication@58649bf
reloadAllAccessors: .relationGroup
----------------- testing Fri May 04 01:04:01 UTC 2018 /home/travis/build/icyphy/ptII/ptolemy/domains/pn/test/auto/relationGroup2.xml
----------------- Instantiating /home/travis/build/icyphy/ptII/ptolemy/domains/pn/test/auto/relationGroup2.xml
6 ms. Memory: 332800K Free: 245095K (74%)
----------------- Invoking toplevel() on ptolemy.moml.MoMLSimpleApplication@374909dc
----------------- Done invoking toplevel() on ptolemy.moml.MoMLSimpleApplication@374909dc
reloadAllAccessors: .relationGroup2
----------------- testing Fri May 04 01:04:01 UTC 2018 /home/travis/build/icyphy/ptII/ptolemy/domains/pn/test/auto/relationGroup3.xml
----------------- Instantiating /home/travis/build/icyphy/ptII/ptolemy/domains/pn/test/auto/relationGroup3.xml
12 ms. Memory: 332800K Free: 242230K (73%)
----------------- Invoking toplevel() on ptolemy.moml.MoMLSimpleApplication@4dc5f155
----------------- Done invoking toplevel() on ptolemy.moml.MoMLSimpleApplication@4dc5f155
reloadAllAccessors: .relationGroup3
----------------- testing Fri May 04 01:04:01 UTC 2018 /home/travis/build/icyphy/ptII/ptolemy/domains/pn/test/auto/relationGroup4.xml
----------------- Instantiating /home/travis/build/icyphy/ptII/ptolemy/domains/pn/test/auto/relationGroup4.xml
1 ms. Memory: 332800K Free: 238822K (72%)
----------------- Invoking toplevel() on ptolemy.moml.MoMLSimpleApplication@5b6dd11d
----------------- Done invoking toplevel() on ptolemy.moml.MoMLSimpleApplication@5b6dd11d
reloadAllAccessors: .relationGroup4
----------------- testing Fri May 04 01:04:01 UTC 2018 /home/travis/build/icyphy/ptII/ptolemy/domains/pn/test/auto/relationGroup5.xml
----------------- Instantiating /home/travis/build/icyphy/ptII/ptolemy/domains/pn/test/auto/relationGroup5.xml
5 ms. Memory: 332800K Free: 236340K (71%)
----------------- Invoking toplevel() on ptolemy.moml.MoMLSimpleApplication@117ffa70
----------------- Done invoking toplevel() on ptolemy.moml.MoMLSimpleApplication@117ffa70
reloadAllAccessors: .relationGroup5
----------------- testing Fri May 04 01:04:01 UTC 2018 /home/travis/build/icyphy/ptII/ptolemy/domains/pn/test/auto/relationGroup6.xml
----------------- Instantiating /home/travis/build/icyphy/ptII/ptolemy/domains/pn/test/auto/relationGroup6.xml
3 ms. Memory: 332800K Free: 232238K (70%)
----------------- Invoking toplevel() on ptolemy.moml.MoMLSimpleApplication@69cc8384
----------------- Done invoking toplevel() on ptolemy.moml.MoMLSimpleApplication@69cc8384
reloadAllAccessors: .relationGroup6
----------------- testing Fri May 04 01:04:01 UTC 2018 /home/travis/build/icyphy/ptII/ptolemy/domains/pn/test/auto/relationGroup7.xml
----------------- Instantiating /home/travis/build/icyphy/ptII/ptolemy/domains/pn/test/auto/relationGroup7.xml
4 ms. Memory: 332800K Free: 228320K (69%)
----------------- Invoking toplevel() on ptolemy.moml.MoMLSimpleApplication@5d986cb3
----------------- Done invoking toplevel() on ptolemy.moml.MoMLSimpleApplication@5d986cb3
reloadAllAccessors: .relationGroup7
----------------- testing Fri May 04 01:04:01 UTC 2018 /home/travis/build/icyphy/ptII/ptolemy/domains/pn/test/auto/relationGroup8.xml
----------------- Instantiating /home/travis/build/icyphy/ptII/ptolemy/domains/pn/test/auto/relationGroup8.xml
4 ms. Memory: 332800K Free: 224385K (67%)
----------------- Invoking toplevel() on ptolemy.moml.MoMLSimpleApplication@66b2c0ee
----------------- Done invoking toplevel() on ptolemy.moml.MoMLSimpleApplication@66b2c0ee
reloadAllAccessors: .relationGroup8
----------------- testing Fri May 04 01:04:01 UTC 2018 /home/travis/build/icyphy/ptII/ptolemy/domains/pn/test/auto/widthTest.xml
----------------- Instantiating /home/travis/build/icyphy/ptII/ptolemy/domains/pn/test/auto/widthTest.xml
12 ms. Memory: 332800K Free: 219836K (66%)
----------------- Invoking toplevel() on ptolemy.moml.MoMLSimpleApplication@17583107
----------------- Done invoking toplevel() on ptolemy.moml.MoMLSimpleApplication@17583107
reloadAllAccessors: .widthTest
AutoTests.java: About to close Vertx.
AutoTests.java: Vertx closed.
]]></system-out>
  <system-err><![CDATA[java.lang.RuntimeException: Execution failed
	at ptolemy.moml.MoMLSimpleApplication$UnloadThread.run(MoMLSimpleApplication.java:402)
Caused by: ptolemy.kernel.util.IllegalActionException: At the current time, process-oriented domains (PN and CSP) cannot be nested inside firing-based domains (SDF, DE, CT, etc.).
  in .PNInsideDE.CompositeActor.port
Because:
ptolemy.domains.de.kernel.DEReceiver cannot be cast to ptolemy.actor.process.ProcessReceiver
	at ptolemy.actor.process.BranchController.addBranches(BranchController.java:182)
	at ptolemy.actor.process.CompositeProcessDirector.createBranchController(CompositeProcessDirector.java:221)
	at ptolemy.actor.process.CompositeProcessDirector.initialize(CompositeProcessDirector.java:289)
	at ptolemy.domains.pn.kernel.PNDirector.initialize(PNDirector.java:241)
	at ptolemy.actor.CompositeActor.initialize(CompositeActor.java:935)
	at ptolemy.actor.Director.initialize(Director.java:938)
	at ptolemy.actor.Director.initialize(Director.java:907)
	at ptolemy.domains.de.kernel.DEDirector.initialize(DEDirector.java:943)
	at ptolemy.actor.CompositeActor.initialize(CompositeActor.java:935)
	at ptolemy.actor.Manager.initialize(Manager.java:724)
	at ptolemy.actor.Manager.execute(Manager.java:356)
	at ptolemy.actor.Manager.run(Manager.java:1263)
	at ptolemy.actor.Manager$PtolemyRunThread.run(Manager.java:1915)
Caused by: java.lang.ClassCastException: ptolemy.domains.de.kernel.DEReceiver cannot be cast to ptolemy.actor.process.ProcessReceiver
	at ptolemy.actor.process.BranchController.addBranches(BranchController.java:178)
	... 12 more
Warning: '.RemoveNilTokens.Test' The test produced only 9 tokens, yet the correctValues parameter was expecting 13 tokens.
Warning: '.RemoveNilTokens.Test2' The test produced only 7 tokens, yet the correctValues parameter was expecting 8 tokens.
]]></system-err>
</testsuite>
