<?xml version="1.0" encoding="UTF-8" ?>
<testsuite errors="0" failures="0" hostname="travis-job-e99c76fe-0839-4ae5-b9a6-9839f3b91d98" name="ptolemy.domains.sdf.lib.test.junit.JUnitTclTest" skipped="0" tests="82" time="10.579" timestamp="2018-05-09T01:06:20">
  <properties>
[...]
</properties>
  <testcase classname="ptolemy.util.test.junit.TclTests" name="[0] /home/travis/build/icyphy/ptII/ptolemy/domains/sdf/lib/test/ArrayToSequence.tcl (RunTclFile)" time="0.665" />
  <testcase classname="ptolemy.util.test.junit.TclTests" name="[1] /home/travis/build/icyphy/ptII/ptolemy/domains/sdf/lib/test/BitsToInt.tcl (RunTclFile)" time="0.08" />
  <testcase classname="ptolemy.util.test.junit.TclTests" name="[2] /home/travis/build/icyphy/ptII/ptolemy/domains/sdf/lib/test/DelayLine.tcl (RunTclFile)" time="0.06" />
  <testcase classname="ptolemy.util.test.junit.TclTests" name="[3] /home/travis/build/icyphy/ptII/ptolemy/domains/sdf/lib/test/FFT.tcl (RunTclFile)" time="0.042" />
  <testcase classname="ptolemy.util.test.junit.TclTests" name="[4] /home/travis/build/icyphy/ptII/ptolemy/domains/sdf/lib/test/FIR.tcl (RunTclFile)" time="0.117" />
  <testcase classname="ptolemy.util.test.junit.TclTests" name="[5] /home/travis/build/icyphy/ptII/ptolemy/domains/sdf/lib/test/IntToBits.tcl (RunTclFile)" time="0.052" />
  <testcase classname="ptolemy.util.test.junit.TclTests" name="[6] /home/travis/build/icyphy/ptII/ptolemy/domains/sdf/lib/test/MaximumEntropySpectrum.tcl (RunTclFile)" time="0.34" />
  <testcase classname="ptolemy.util.test.junit.TclTests" name="[7] /home/travis/build/icyphy/ptII/ptolemy/domains/sdf/lib/test/Repeat.tcl (RunTclFile)" time="0.037" />
  <testcase classname="ptolemy.util.test.junit.TclTests" name="[8] /home/travis/build/icyphy/ptII/ptolemy/domains/sdf/lib/test/SampleDelay.tcl (RunTclFile)" time="0.046" />
  <testcase classname="ptolemy.util.test.junit.TclTests" name="[9] /home/travis/build/icyphy/ptII/ptolemy/domains/sdf/lib/test/SequenceToArray.tcl (RunTclFile)" time="0.045" />
  <testcase classname="ptolemy.util.test.junit.AutoKnownFailedTests" name="[0] ThereAreNoKnowFailedTests (RunModel)" time="0.0" />
  <testcase classname="ptolemy.util.test.junit.AutoNameArchTests" name="[0] ThereAreNoAutoTests (RunModel)" time="0.001" />
  <testcase classname="ptolemy.util.test.junit.AutoTests" name="[0] /home/travis/build/icyphy/ptII/ptolemy/domains/sdf/lib/test/auto/ArrayToSequence.xml (RunModel)" time="0.181" />
  <testcase classname="ptolemy.util.test.junit.AutoTests" name="[1] /home/travis/build/icyphy/ptII/ptolemy/domains/sdf/lib/test/auto/ArrayToSequenceTest.xml (RunModel)" time="0.048" />
  <testcase classname="ptolemy.util.test.junit.AutoTests" name="[2] /home/travis/build/icyphy/ptII/ptolemy/domains/sdf/lib/test/auto/Autocorrelation.xml (RunModel)" time="0.062" />
  <testcase classname="ptolemy.util.test.junit.AutoTests" name="[3] /home/travis/build/icyphy/ptII/ptolemy/domains/sdf/lib/test/auto/Autocorrelation2.xml (RunModel)" time="0.03" />
  <testcase classname="ptolemy.util.test.junit.AutoTests" name="[4] /home/travis/build/icyphy/ptII/ptolemy/domains/sdf/lib/test/auto/Autocorrelation3.xml (RunModel)" time="0.026" />
  <testcase classname="ptolemy.util.test.junit.AutoTests" name="[5] /home/travis/build/icyphy/ptII/ptolemy/domains/sdf/lib/test/auto/Autocorrelation4.xml (RunModel)" time="0.038" />
  <testcase classname="ptolemy.util.test.junit.AutoTests" name="[6] /home/travis/build/icyphy/ptII/ptolemy/domains/sdf/lib/test/auto/Autocorrelation5.xml (RunModel)" time="0.07" />
  <testcase classname="ptolemy.util.test.junit.AutoTests" name="[7] /home/travis/build/icyphy/ptII/ptolemy/domains/sdf/lib/test/auto/BitsToInt.xml (RunModel)" time="0.026" />
  <testcase classname="ptolemy.util.test.junit.AutoTests" name="[8] /home/travis/build/icyphy/ptII/ptolemy/domains/sdf/lib/test/auto/BooleanJoin.xml (RunModel)" time="0.041" />
  <testcase classname="ptolemy.util.test.junit.AutoTests" name="[9] /home/travis/build/icyphy/ptII/ptolemy/domains/sdf/lib/test/auto/BootstrapSampleDelay.xml (RunModel)" time="0.059" />
  <testcase classname="ptolemy.util.test.junit.AutoTests" name="[10] /home/travis/build/icyphy/ptII/ptolemy/domains/sdf/lib/test/auto/Chop.xml (RunModel)" time="0.096" />
  <testcase classname="ptolemy.util.test.junit.AutoTests" name="[11] /home/travis/build/icyphy/ptII/ptolemy/domains/sdf/lib/test/auto/Chop2.xml (RunModel)" time="0.062" />
  <testcase classname="ptolemy.util.test.junit.AutoTests" name="[12] /home/travis/build/icyphy/ptII/ptolemy/domains/sdf/lib/test/auto/ComplexJoin.xml (RunModel)" time="0.053" />
  <testcase classname="ptolemy.util.test.junit.AutoTests" name="[13] /home/travis/build/icyphy/ptII/ptolemy/domains/sdf/lib/test/auto/CountTrues.xml (RunModel)" time="0.025" />
  <testcase classname="ptolemy.util.test.junit.AutoTests" name="[14] /home/travis/build/icyphy/ptII/ptolemy/domains/sdf/lib/test/auto/DelayLine.xml (RunModel)" time="0.043" />
  <testcase classname="ptolemy.util.test.junit.AutoTests" name="[15] /home/travis/build/icyphy/ptII/ptolemy/domains/sdf/lib/test/auto/DotProduct.xml (RunModel)" time="0.047" />
  <testcase classname="ptolemy.util.test.junit.AutoTests" name="[16] /home/travis/build/icyphy/ptII/ptolemy/domains/sdf/lib/test/auto/DotProductMatrix.xml (RunModel)" time="0.023" />
  <testcase classname="ptolemy.util.test.junit.AutoTests" name="[17] /home/travis/build/icyphy/ptII/ptolemy/domains/sdf/lib/test/auto/DownSample1.xml (RunModel)" time="0.03" />
  <testcase classname="ptolemy.util.test.junit.AutoTests" name="[18] /home/travis/build/icyphy/ptII/ptolemy/domains/sdf/lib/test/auto/DynamicRateChange.xml (RunModel)" time="0.041" />
  <testcase classname="ptolemy.util.test.junit.AutoTests" name="[19] /home/travis/build/icyphy/ptII/ptolemy/domains/sdf/lib/test/auto/DynamicRates.xml (RunModel)" time="0.043" />
  <testcase classname="ptolemy.util.test.junit.AutoTests" name="[20] /home/travis/build/icyphy/ptII/ptolemy/domains/sdf/lib/test/auto/FFT1.xml (RunModel)" time="0.044" />
  <testcase classname="ptolemy.util.test.junit.AutoTests" name="[21] /home/travis/build/icyphy/ptII/ptolemy/domains/sdf/lib/test/auto/FIR1.xml (RunModel)" time="0.067" />
  <testcase classname="ptolemy.util.test.junit.AutoTests" name="[22] /home/travis/build/icyphy/ptII/ptolemy/domains/sdf/lib/test/auto/FIR2.xml (RunModel)" time="0.029" />
  <testcase classname="ptolemy.util.test.junit.AutoTests" name="[23] /home/travis/build/icyphy/ptII/ptolemy/domains/sdf/lib/test/auto/FIR4.xml (RunModel)" time="0.055" />
  <testcase classname="ptolemy.util.test.junit.AutoTests" name="[24] /home/travis/build/icyphy/ptII/ptolemy/domains/sdf/lib/test/auto/FixJoin.xml (RunModel)" time="0.052" />
  <testcase classname="ptolemy.util.test.junit.AutoTests" name="[25] /home/travis/build/icyphy/ptII/ptolemy/domains/sdf/lib/test/auto/IntJoin1.xml (RunModel)" time="0.026" />
  <testcase classname="ptolemy.util.test.junit.AutoTests" name="[26] /home/travis/build/icyphy/ptII/ptolemy/domains/sdf/lib/test/auto/IntJoin2.xml (RunModel)" time="0.022" />
  <testcase classname="ptolemy.util.test.junit.AutoTests" name="[27] /home/travis/build/icyphy/ptII/ptolemy/domains/sdf/lib/test/auto/IntJoin3.xml (RunModel)" time="0.03" />
  <testcase classname="ptolemy.util.test.junit.AutoTests" name="[28] /home/travis/build/icyphy/ptII/ptolemy/domains/sdf/lib/test/auto/IntJoin4.xml (RunModel)" time="0.03" />
  <testcase classname="ptolemy.util.test.junit.AutoTests" name="[29] /home/travis/build/icyphy/ptII/ptolemy/domains/sdf/lib/test/auto/IntJoin5.xml (RunModel)" time="0.036" />
  <testcase classname="ptolemy.util.test.junit.AutoTests" name="[30] /home/travis/build/icyphy/ptII/ptolemy/domains/sdf/lib/test/auto/IntToBits.xml (RunModel)" time="0.022" />
  <testcase classname="ptolemy.util.test.junit.AutoTests" name="[31] /home/travis/build/icyphy/ptII/ptolemy/domains/sdf/lib/test/auto/LMSAdaptive.xml (RunModel)" time="0.069" />
  <testcase classname="ptolemy.util.test.junit.AutoTests" name="[32] /home/travis/build/icyphy/ptII/ptolemy/domains/sdf/lib/test/auto/LMSAdaptiveFIR.xml (RunModel)" time="0.399" />
  <testcase classname="ptolemy.util.test.junit.AutoTests" name="[33] /home/travis/build/icyphy/ptII/ptolemy/domains/sdf/lib/test/auto/LMSAdaptiveFIR2.xml (RunModel)" time="0.542" />
  <testcase classname="ptolemy.util.test.junit.AutoTests" name="[34] /home/travis/build/icyphy/ptII/ptolemy/domains/sdf/lib/test/auto/LongJoin.xml (RunModel)" time="0.034" />
  <testcase classname="ptolemy.util.test.junit.AutoTests" name="[35] /home/travis/build/icyphy/ptII/ptolemy/domains/sdf/lib/test/auto/Matrix1.xml (RunModel)" time="0.035" />
  <testcase classname="ptolemy.util.test.junit.AutoTests" name="[36] /home/travis/build/icyphy/ptII/ptolemy/domains/sdf/lib/test/auto/Matrix2.xml (RunModel)" time="0.03" />
  <testcase classname="ptolemy.util.test.junit.AutoTests" name="[37] /home/travis/build/icyphy/ptII/ptolemy/domains/sdf/lib/test/auto/MatrixJoin1.xml (RunModel)" time="0.046" />
  <testcase classname="ptolemy.util.test.junit.AutoTests" name="[38] /home/travis/build/icyphy/ptII/ptolemy/domains/sdf/lib/test/auto/MatrixJoin2.xml (RunModel)" time="0.056" />
  <testcase classname="ptolemy.util.test.junit.AutoTests" name="[39] /home/travis/build/icyphy/ptII/ptolemy/domains/sdf/lib/test/auto/MatrixJoin3.xml (RunModel)" time="0.026" />
  <testcase classname="ptolemy.util.test.junit.AutoTests" name="[40] /home/travis/build/icyphy/ptII/ptolemy/domains/sdf/lib/test/auto/MatrixJoin4.xml (RunModel)" time="0.021" />
  <testcase classname="ptolemy.util.test.junit.AutoTests" name="[41] /home/travis/build/icyphy/ptII/ptolemy/domains/sdf/lib/test/auto/MatrixJoin5.xml (RunModel)" time="0.027" />
  <testcase classname="ptolemy.util.test.junit.AutoTests" name="[42] /home/travis/build/icyphy/ptII/ptolemy/domains/sdf/lib/test/auto/MatrixSplit1.xml (RunModel)" time="0.037" />
  <testcase classname="ptolemy.util.test.junit.AutoTests" name="[43] /home/travis/build/icyphy/ptII/ptolemy/domains/sdf/lib/test/auto/MatrixSplit10.xml (RunModel)" time="0.026" />
  <testcase classname="ptolemy.util.test.junit.AutoTests" name="[44] /home/travis/build/icyphy/ptII/ptolemy/domains/sdf/lib/test/auto/MatrixSplit11.xml (RunModel)" time="0.025" />
  <testcase classname="ptolemy.util.test.junit.AutoTests" name="[45] /home/travis/build/icyphy/ptII/ptolemy/domains/sdf/lib/test/auto/MatrixSplit12.xml (RunModel)" time="0.024" />
  <testcase classname="ptolemy.util.test.junit.AutoTests" name="[46] /home/travis/build/icyphy/ptII/ptolemy/domains/sdf/lib/test/auto/MatrixSplit13.xml (RunModel)" time="0.041" />
  <testcase classname="ptolemy.util.test.junit.AutoTests" name="[47] /home/travis/build/icyphy/ptII/ptolemy/domains/sdf/lib/test/auto/MatrixSplit14.xml (RunModel)" time="0.021" />
  <testcase classname="ptolemy.util.test.junit.AutoTests" name="[48] /home/travis/build/icyphy/ptII/ptolemy/domains/sdf/lib/test/auto/MatrixSplit2.xml (RunModel)" time="0.023" />
  <testcase classname="ptolemy.util.test.junit.AutoTests" name="[49] /home/travis/build/icyphy/ptII/ptolemy/domains/sdf/lib/test/auto/MatrixSplit3.xml (RunModel)" time="0.02" />
  <testcase classname="ptolemy.util.test.junit.AutoTests" name="[50] /home/travis/build/icyphy/ptII/ptolemy/domains/sdf/lib/test/auto/MatrixSplit4.xml (RunModel)" time="0.027" />
  <testcase classname="ptolemy.util.test.junit.AutoTests" name="[51] /home/travis/build/icyphy/ptII/ptolemy/domains/sdf/lib/test/auto/MatrixSplit5.xml (RunModel)" time="0.023" />
  <testcase classname="ptolemy.util.test.junit.AutoTests" name="[52] /home/travis/build/icyphy/ptII/ptolemy/domains/sdf/lib/test/auto/MatrixSplit6.xml (RunModel)" time="0.024" />
  <testcase classname="ptolemy.util.test.junit.AutoTests" name="[53] /home/travis/build/icyphy/ptII/ptolemy/domains/sdf/lib/test/auto/MatrixSplit7.xml (RunModel)" time="0.023" />
  <testcase classname="ptolemy.util.test.junit.AutoTests" name="[54] /home/travis/build/icyphy/ptII/ptolemy/domains/sdf/lib/test/auto/MatrixSplit8.xml (RunModel)" time="0.026" />
  <testcase classname="ptolemy.util.test.junit.AutoTests" name="[55] /home/travis/build/icyphy/ptII/ptolemy/domains/sdf/lib/test/auto/MatrixSplit9.xml (RunModel)" time="0.042" />
  <testcase classname="ptolemy.util.test.junit.AutoTests" name="[56] /home/travis/build/icyphy/ptII/ptolemy/domains/sdf/lib/test/auto/MatrixToSequence.xml (RunModel)" time="0.07" />
  <testcase classname="ptolemy.util.test.junit.AutoTests" name="[57] /home/travis/build/icyphy/ptII/ptolemy/domains/sdf/lib/test/auto/MaximumEntropySpectrum.xml (RunModel)" time="0.121" />
  <testcase classname="ptolemy.util.test.junit.AutoTests" name="[58] /home/travis/build/icyphy/ptII/ptolemy/domains/sdf/lib/test/auto/SampleDelayConversion.xml (RunModel)" time="0.035" />
  <testcase classname="ptolemy.util.test.junit.AutoTests" name="[59] /home/travis/build/icyphy/ptII/ptolemy/domains/sdf/lib/test/auto/SequenceToArray.xml (RunModel)" time="0.061" />
  <testcase classname="ptolemy.util.test.junit.AutoTests" name="[60] /home/travis/build/icyphy/ptII/ptolemy/domains/sdf/lib/test/auto/SequenceToMatrix.xml (RunModel)" time="4.654" />
  <testcase classname="ptolemy.util.test.junit.AutoTests" name="[61] /home/travis/build/icyphy/ptII/ptolemy/domains/sdf/lib/test/auto/SmoothedPeriodogram.xml (RunModel)" time="0.065" />
  <testcase classname="ptolemy.util.test.junit.AutoTests" name="[62] /home/travis/build/icyphy/ptII/ptolemy/domains/sdf/lib/test/auto/UpDownSample1.xml (RunModel)" time="0.027" />
  <testcase classname="ptolemy.util.test.junit.AutoTests" name="[63] /home/travis/build/icyphy/ptII/ptolemy/domains/sdf/lib/test/auto/UpSample1.xml (RunModel)" time="0.033" />
  <testcase classname="ptolemy.util.test.junit.AutoTests" name="[64] /home/travis/build/icyphy/ptII/ptolemy/domains/sdf/lib/test/auto/VariableFIR.xml (RunModel)" time="0.046" />
  <testcase classname="ptolemy.util.test.junit.AutoTests" name="[65] /home/travis/build/icyphy/ptII/ptolemy/domains/sdf/lib/test/auto/VariableFIR2.xml (RunModel)" time="0.049" />
  <testcase classname="ptolemy.util.test.junit.AutoTests" name="[66] /home/travis/build/icyphy/ptII/ptolemy/domains/sdf/lib/test/auto/VariableLattice.xml (RunModel)" time="0.042" />
  <testcase classname="ptolemy.util.test.junit.AutoTests" name="[67] /home/travis/build/icyphy/ptII/ptolemy/domains/sdf/lib/test/auto/VariableLattice2.xml (RunModel)" time="0.038" />
  <testcase classname="ptolemy.util.test.junit.AutoTests" name="[68] /home/travis/build/icyphy/ptII/ptolemy/domains/sdf/lib/test/auto/VariableRecursiveLattice.xml (RunModel)" time="0.032" />
  <testcase classname="ptolemy.util.test.junit.AutoTests" name="[69] /home/travis/build/icyphy/ptII/ptolemy/domains/sdf/lib/test/auto/VariableRecursiveLattice2.xml (RunModel)" time="0.034" />
  <system-out><![CDATA[/home/travis/build/icyphy/ptII/ptolemy/domains/sdf/lib/test/ArrayToSequence.tcl
testDefs.tcl: setting time out to 9000 seconds at Wed May 09 01:06:20 UTC 2018
43 ms. Memory: 116224K Free: 85734K (74%)
9 ms. Memory: 116224K Free: 110124K (95%)
11 ms. Memory: 116224K Free: 107710K (93%)
20 ms. Memory: 116224K Free: 106479K (92%)
/home/travis/build/icyphy/ptII/ptolemy/domains/sdf/lib/test/BitsToInt.tcl
14 ms. Memory: 116224K Free: 104680K (90%)
17 ms. Memory: 116224K Free: 102842K (88%)
/home/travis/build/icyphy/ptII/ptolemy/domains/sdf/lib/test/DelayLine.tcl
9 ms. Memory: 116224K Free: 101012K (87%)
/home/travis/build/icyphy/ptII/ptolemy/domains/sdf/lib/test/FFT.tcl
20 ms. Memory: 116224K Free: 99234K (85%)
/home/travis/build/icyphy/ptII/ptolemy/domains/sdf/lib/test/FIR.tcl
22 ms. Memory: 116224K Free: 97443K (84%)
9 ms. Memory: 116224K Free: 96244K (83%)
ptolemy.kernel.util.IllegalActionException: multiplyReverse method not supported between ptolemy.data.FixToken 'fix(-0.0625,6,2)' and ptolemy.data.IntToken '1' because the types are incomparable.
  in .top.FIRclone
Because:
multiplyReverse method not supported between ptolemy.data.FixToken 'fix(-0.0625,6,2)' and ptolemy.data.IntToken '1' because the types are incomparable.
18 ms. Memory: 116224K Free: 93838K (81%)
/home/travis/build/icyphy/ptII/ptolemy/domains/sdf/lib/test/IntToBits.tcl
6 ms. Memory: 116224K Free: 92048K (79%)
10 ms. Memory: 116224K Free: 90849K (78%)
/home/travis/build/icyphy/ptII/ptolemy/domains/sdf/lib/test/MaximumEntropySpectrum.tcl
/home/travis/build/icyphy/ptII/ptolemy/domains/sdf/lib/test/Repeat.tcl
7 ms. Memory: 146944K Free: 119599K (81%)
/home/travis/build/icyphy/ptII/ptolemy/domains/sdf/lib/test/SampleDelay.tcl
5 ms. Memory: 146944K Free: 118415K (81%)
4 ms. Memory: 146944K Free: 117230K (80%)
4 ms. Memory: 146944K Free: 116045K (79%)
5 ms. Memory: 146944K Free: 116045K (79%)
3 ms. Memory: 146944K Free: 114860K (78%)
1 ms. Memory: 146944K Free: 114860K (78%)
/home/travis/build/icyphy/ptII/ptolemy/domains/sdf/lib/test/SequenceToArray.tcl
5 ms. Memory: 146944K Free: 112491K (77%)
5 ms. Memory: 146944K Free: 112491K (77%)
6 ms. Memory: 146944K Free: 110122K (75%)
6 ms. Memory: 146944K Free: 110122K (75%)
05/09/18 01:06:22
Failed: 0  Total Tests: 41  ((Passed: 41, Newly Passed: 0)  Known Failed: 0) /home/travis/build/icyphy/ptII/ptolemy/domains/sdf/lib/test
No auto/knownFailedTests/*.xml tests in /home/travis/build/icyphy/ptII/ptolemy/domains/sdf/lib/test
No auto/*.xml tests in /home/travis/build/icyphy/ptII/ptolemy/domains/sdf/lib/test
AutoTests.java: About to close Vertx.
AutoTests.java: Vertx closed.
----------------- testing Wed May 09 01:06:22 UTC 2018 /home/travis/build/icyphy/ptII/ptolemy/domains/sdf/lib/test/auto/ArrayToSequence.xml
----------------- Instantiating /home/travis/build/icyphy/ptII/ptolemy/domains/sdf/lib/test/auto/ArrayToSequence.xml
34 ms. Memory: 146944K Free: 127376K (87%)
----------------- Invoking toplevel() on ptolemy.moml.MoMLSimpleApplication@726e962
----------------- Done invoking toplevel() on ptolemy.moml.MoMLSimpleApplication@726e962
reloadAllAccessors: .ArrayToSequence
----------------- testing Wed May 09 01:06:22 UTC 2018 /home/travis/build/icyphy/ptII/ptolemy/domains/sdf/lib/test/auto/ArrayToSequenceTest.xml
----------------- Instantiating /home/travis/build/icyphy/ptII/ptolemy/domains/sdf/lib/test/auto/ArrayToSequenceTest.xml
10 ms. Memory: 146944K Free: 119992K (82%)
----------------- Invoking toplevel() on ptolemy.moml.MoMLSimpleApplication@25fbeb6d
----------------- Done invoking toplevel() on ptolemy.moml.MoMLSimpleApplication@25fbeb6d
reloadAllAccessors: .ArrayToSequenceTest
----------------- testing Wed May 09 01:06:22 UTC 2018 /home/travis/build/icyphy/ptII/ptolemy/domains/sdf/lib/test/auto/Autocorrelation.xml
----------------- Instantiating /home/travis/build/icyphy/ptII/ptolemy/domains/sdf/lib/test/auto/Autocorrelation.xml
12 ms. Memory: 146944K Free: 115350K (78%)
----------------- Invoking toplevel() on ptolemy.moml.MoMLSimpleApplication@31f47de8
----------------- Done invoking toplevel() on ptolemy.moml.MoMLSimpleApplication@31f47de8
reloadAllAccessors: .Autocorrelation
----------------- testing Wed May 09 01:06:22 UTC 2018 /home/travis/build/icyphy/ptII/ptolemy/domains/sdf/lib/test/auto/Autocorrelation2.xml
----------------- Instantiating /home/travis/build/icyphy/ptII/ptolemy/domains/sdf/lib/test/auto/Autocorrelation2.xml
4 ms. Memory: 146944K Free: 110708K (75%)
----------------- Invoking toplevel() on ptolemy.moml.MoMLSimpleApplication@44bd6964
----------------- Done invoking toplevel() on ptolemy.moml.MoMLSimpleApplication@44bd6964
reloadAllAccessors: .Autocorrelation2
----------------- testing Wed May 09 01:06:23 UTC 2018 /home/travis/build/icyphy/ptII/ptolemy/domains/sdf/lib/test/auto/Autocorrelation3.xml
----------------- Instantiating /home/travis/build/icyphy/ptII/ptolemy/domains/sdf/lib/test/auto/Autocorrelation3.xml
3 ms. Memory: 146944K Free: 105364K (72%)
----------------- Invoking toplevel() on ptolemy.moml.MoMLSimpleApplication@1a0642ca
----------------- Done invoking toplevel() on ptolemy.moml.MoMLSimpleApplication@1a0642ca
reloadAllAccessors: .Autocorrelation3
----------------- testing Wed May 09 01:06:23 UTC 2018 /home/travis/build/icyphy/ptII/ptolemy/domains/sdf/lib/test/auto/Autocorrelation4.xml
----------------- Instantiating /home/travis/build/icyphy/ptII/ptolemy/domains/sdf/lib/test/auto/Autocorrelation4.xml
3 ms. Memory: 146944K Free: 100825K (69%)
----------------- Invoking toplevel() on ptolemy.moml.MoMLSimpleApplication@1705e902
----------------- Done invoking toplevel() on ptolemy.moml.MoMLSimpleApplication@1705e902
reloadAllAccessors: .Autocorrelation4
----------------- testing Wed May 09 01:06:23 UTC 2018 /home/travis/build/icyphy/ptII/ptolemy/domains/sdf/lib/test/auto/Autocorrelation5.xml
----------------- Instantiating /home/travis/build/icyphy/ptII/ptolemy/domains/sdf/lib/test/auto/Autocorrelation5.xml
39 ms. Memory: 146944K Free: 93338K (64%)
----------------- Invoking toplevel() on ptolemy.moml.MoMLSimpleApplication@4c37cdc3
----------------- Done invoking toplevel() on ptolemy.moml.MoMLSimpleApplication@4c37cdc3
reloadAllAccessors: .Autocorrelation5
----------------- testing Wed May 09 01:06:23 UTC 2018 /home/travis/build/icyphy/ptII/ptolemy/domains/sdf/lib/test/auto/BitsToInt.xml
----------------- Instantiating /home/travis/build/icyphy/ptII/ptolemy/domains/sdf/lib/test/auto/BitsToInt.xml
3 ms. Memory: 146944K Free: 88901K (60%)
----------------- Invoking toplevel() on ptolemy.moml.MoMLSimpleApplication@3c3c7cd2
----------------- Done invoking toplevel() on ptolemy.moml.MoMLSimpleApplication@3c3c7cd2
reloadAllAccessors: .BitsToInt
----------------- testing Wed May 09 01:06:23 UTC 2018 /home/travis/build/icyphy/ptII/ptolemy/domains/sdf/lib/test/auto/BooleanJoin.xml
----------------- Instantiating /home/travis/build/icyphy/ptII/ptolemy/domains/sdf/lib/test/auto/BooleanJoin.xml
3 ms. Memory: 146944K Free: 83873K (57%)
----------------- Invoking toplevel() on ptolemy.moml.MoMLSimpleApplication@6c9391f3
----------------- Done invoking toplevel() on ptolemy.moml.MoMLSimpleApplication@6c9391f3
reloadAllAccessors: .BooleanJoin
----------------- testing Wed May 09 01:06:23 UTC 2018 /home/travis/build/icyphy/ptII/ptolemy/domains/sdf/lib/test/auto/BootstrapSampleDelay.xml
----------------- Instantiating /home/travis/build/icyphy/ptII/ptolemy/domains/sdf/lib/test/auto/BootstrapSampleDelay.xml
14 ms. Memory: 146944K Free: 80082K (54%)
----------------- Invoking toplevel() on ptolemy.moml.MoMLSimpleApplication@55b97c60
----------------- Done invoking toplevel() on ptolemy.moml.MoMLSimpleApplication@55b97c60
reloadAllAccessors: .BootstrapSampleDelay
----------------- testing Wed May 09 01:06:23 UTC 2018 /home/travis/build/icyphy/ptII/ptolemy/domains/sdf/lib/test/auto/Chop.xml
----------------- Instantiating /home/travis/build/icyphy/ptII/ptolemy/domains/sdf/lib/test/auto/Chop.xml
11 ms. Memory: 208384K Free: 193037K (93%)
----------------- Invoking toplevel() on ptolemy.moml.MoMLSimpleApplication@3ac86f3
----------------- Done invoking toplevel() on ptolemy.moml.MoMLSimpleApplication@3ac86f3
reloadAllAccessors: .Chop
----------------- testing Wed May 09 01:06:23 UTC 2018 /home/travis/build/icyphy/ptII/ptolemy/domains/sdf/lib/test/auto/Chop2.xml
----------------- Instantiating /home/travis/build/icyphy/ptII/ptolemy/domains/sdf/lib/test/auto/Chop2.xml
14 ms. Memory: 208384K Free: 184711K (89%)
----------------- Invoking toplevel() on ptolemy.moml.MoMLSimpleApplication@28c62bb2
----------------- Done invoking toplevel() on ptolemy.moml.MoMLSimpleApplication@28c62bb2
reloadAllAccessors: .Chop2
----------------- testing Wed May 09 01:06:23 UTC 2018 /home/travis/build/icyphy/ptII/ptolemy/domains/sdf/lib/test/auto/ComplexJoin.xml
----------------- Instantiating /home/travis/build/icyphy/ptII/ptolemy/domains/sdf/lib/test/auto/ComplexJoin.xml
9 ms. Memory: 208384K Free: 180394K (87%)
----------------- Invoking toplevel() on ptolemy.moml.MoMLSimpleApplication@1a57bea
----------------- Done invoking toplevel() on ptolemy.moml.MoMLSimpleApplication@1a57bea
reloadAllAccessors: .ComplexJoin
----------------- testing Wed May 09 01:06:23 UTC 2018 /home/travis/build/icyphy/ptII/ptolemy/domains/sdf/lib/test/auto/CountTrues.xml
----------------- Instantiating /home/travis/build/icyphy/ptII/ptolemy/domains/sdf/lib/test/auto/CountTrues.xml
2 ms. Memory: 208384K Free: 177306K (85%)
----------------- Invoking toplevel() on ptolemy.moml.MoMLSimpleApplication@58a04b35
----------------- Done invoking toplevel() on ptolemy.moml.MoMLSimpleApplication@58a04b35
reloadAllAccessors: .CountTrues
----------------- testing Wed May 09 01:06:23 UTC 2018 /home/travis/build/icyphy/ptII/ptolemy/domains/sdf/lib/test/auto/DelayLine.xml
----------------- Instantiating /home/travis/build/icyphy/ptII/ptolemy/domains/sdf/lib/test/auto/DelayLine.xml
8 ms. Memory: 208384K Free: 171728K (82%)
----------------- Invoking toplevel() on ptolemy.moml.MoMLSimpleApplication@6c7c6034
----------------- Done invoking toplevel() on ptolemy.moml.MoMLSimpleApplication@6c7c6034
reloadAllAccessors: .DelayLine
----------------- testing Wed May 09 01:06:23 UTC 2018 /home/travis/build/icyphy/ptII/ptolemy/domains/sdf/lib/test/auto/DotProduct.xml
----------------- Instantiating /home/travis/build/icyphy/ptII/ptolemy/domains/sdf/lib/test/auto/DotProduct.xml
6 ms. Memory: 208384K Free: 167102K (80%)
----------------- Invoking toplevel() on ptolemy.moml.MoMLSimpleApplication@3ae312b1
----------------- Done invoking toplevel() on ptolemy.moml.MoMLSimpleApplication@3ae312b1
reloadAllAccessors: .DotProduct
----------------- testing Wed May 09 01:06:23 UTC 2018 /home/travis/build/icyphy/ptII/ptolemy/domains/sdf/lib/test/auto/DotProductMatrix.xml
----------------- Instantiating /home/travis/build/icyphy/ptII/ptolemy/domains/sdf/lib/test/auto/DotProductMatrix.xml
5 ms. Memory: 208384K Free: 163981K (79%)
----------------- Invoking toplevel() on ptolemy.moml.MoMLSimpleApplication@42cdde5a
----------------- Done invoking toplevel() on ptolemy.moml.MoMLSimpleApplication@42cdde5a
reloadAllAccessors: .DotProductMatrix
----------------- testing Wed May 09 01:06:23 UTC 2018 /home/travis/build/icyphy/ptII/ptolemy/domains/sdf/lib/test/auto/DownSample1.xml
----------------- Instantiating /home/travis/build/icyphy/ptII/ptolemy/domains/sdf/lib/test/auto/DownSample1.xml
4 ms. Memory: 208384K Free: 160295K (77%)
----------------- Invoking toplevel() on ptolemy.moml.MoMLSimpleApplication@1f59ea23
----------------- Done invoking toplevel() on ptolemy.moml.MoMLSimpleApplication@1f59ea23
reloadAllAccessors: .DownSample1
----------------- testing Wed May 09 01:06:23 UTC 2018 /home/travis/build/icyphy/ptII/ptolemy/domains/sdf/lib/test/auto/DynamicRateChange.xml
----------------- Instantiating /home/travis/build/icyphy/ptII/ptolemy/domains/sdf/lib/test/auto/DynamicRateChange.xml
15 ms. Memory: 208384K Free: 154150K (74%)
----------------- Invoking toplevel() on ptolemy.moml.MoMLSimpleApplication@16a3bd5
----------------- Done invoking toplevel() on ptolemy.moml.MoMLSimpleApplication@16a3bd5
reloadAllAccessors: .DynamicRateChange
----------------- testing Wed May 09 01:06:23 UTC 2018 /home/travis/build/icyphy/ptII/ptolemy/domains/sdf/lib/test/auto/DynamicRates.xml
----------------- Instantiating /home/travis/build/icyphy/ptII/ptolemy/domains/sdf/lib/test/auto/DynamicRates.xml
14 ms. Memory: 208384K Free: 147084K (71%)
----------------- Invoking toplevel() on ptolemy.moml.MoMLSimpleApplication@3fff91a5
----------------- Done invoking toplevel() on ptolemy.moml.MoMLSimpleApplication@3fff91a5
reloadAllAccessors: .DynamicRates
----------------- testing Wed May 09 01:06:23 UTC 2018 /home/travis/build/icyphy/ptII/ptolemy/domains/sdf/lib/test/auto/FFT1.xml
----------------- Instantiating /home/travis/build/icyphy/ptII/ptolemy/domains/sdf/lib/test/auto/FFT1.xml
6 ms. Memory: 208384K Free: 142169K (68%)
----------------- Invoking toplevel() on ptolemy.moml.MoMLSimpleApplication@30f75742
----------------- Done invoking toplevel() on ptolemy.moml.MoMLSimpleApplication@30f75742
reloadAllAccessors: .FFT1
----------------- testing Wed May 09 01:06:23 UTC 2018 /home/travis/build/icyphy/ptII/ptolemy/domains/sdf/lib/test/auto/FIR1.xml
----------------- Instantiating /home/travis/build/icyphy/ptII/ptolemy/domains/sdf/lib/test/auto/FIR1.xml
30 ms. Memory: 208384K Free: 134684K (65%)
----------------- Invoking toplevel() on ptolemy.moml.MoMLSimpleApplication@1e0aacb4
----------------- Done invoking toplevel() on ptolemy.moml.MoMLSimpleApplication@1e0aacb4
reloadAllAccessors: .FIR1
----------------- testing Wed May 09 01:06:23 UTC 2018 /home/travis/build/icyphy/ptII/ptolemy/domains/sdf/lib/test/auto/FIR2.xml
----------------- Instantiating /home/travis/build/icyphy/ptII/ptolemy/domains/sdf/lib/test/auto/FIR2.xml
4 ms. Memory: 208384K Free: 130981K (63%)
----------------- Invoking toplevel() on ptolemy.moml.MoMLSimpleApplication@1f81f608
----------------- Done invoking toplevel() on ptolemy.moml.MoMLSimpleApplication@1f81f608
reloadAllAccessors: .FIR2
----------------- testing Wed May 09 01:06:23 UTC 2018 /home/travis/build/icyphy/ptII/ptolemy/domains/sdf/lib/test/auto/FIR4.xml
----------------- Instantiating /home/travis/build/icyphy/ptII/ptolemy/domains/sdf/lib/test/auto/FIR4.xml
7 ms. Memory: 208384K Free: 120795K (58%)
----------------- Invoking toplevel() on ptolemy.moml.MoMLSimpleApplication@681c0b98
----------------- Done invoking toplevel() on ptolemy.moml.MoMLSimpleApplication@681c0b98
reloadAllAccessors: .FIR4
----------------- testing Wed May 09 01:06:23 UTC 2018 /home/travis/build/icyphy/ptII/ptolemy/domains/sdf/lib/test/auto/FixJoin.xml
----------------- Instantiating /home/travis/build/icyphy/ptII/ptolemy/domains/sdf/lib/test/auto/FixJoin.xml
5 ms. Memory: 208384K Free: 115863K (56%)
----------------- Invoking toplevel() on ptolemy.moml.MoMLSimpleApplication@3a2661d0
----------------- Done invoking toplevel() on ptolemy.moml.MoMLSimpleApplication@3a2661d0
reloadAllAccessors: .FixJoin
----------------- testing Wed May 09 01:06:24 UTC 2018 /home/travis/build/icyphy/ptII/ptolemy/domains/sdf/lib/test/auto/IntJoin1.xml
----------------- Instantiating /home/travis/build/icyphy/ptII/ptolemy/domains/sdf/lib/test/auto/IntJoin1.xml
5 ms. Memory: 208384K Free: 111530K (54%)
----------------- Invoking toplevel() on ptolemy.moml.MoMLSimpleApplication@278111d3
----------------- Done invoking toplevel() on ptolemy.moml.MoMLSimpleApplication@278111d3
reloadAllAccessors: .IntJoin1
----------------- testing Wed May 09 01:06:24 UTC 2018 /home/travis/build/icyphy/ptII/ptolemy/domains/sdf/lib/test/auto/IntJoin2.xml
----------------- Instantiating /home/travis/build/icyphy/ptII/ptolemy/domains/sdf/lib/test/auto/IntJoin2.xml
3 ms. Memory: 208384K Free: 107197K (51%)
----------------- Invoking toplevel() on ptolemy.moml.MoMLSimpleApplication@6618642a
----------------- Done invoking toplevel() on ptolemy.moml.MoMLSimpleApplication@6618642a
reloadAllAccessors: .IntJoin2
----------------- testing Wed May 09 01:06:24 UTC 2018 /home/travis/build/icyphy/ptII/ptolemy/domains/sdf/lib/test/auto/IntJoin3.xml
----------------- Instantiating /home/travis/build/icyphy/ptII/ptolemy/domains/sdf/lib/test/auto/IntJoin3.xml
4 ms. Memory: 208384K Free: 101320K (49%)
----------------- Invoking toplevel() on ptolemy.moml.MoMLSimpleApplication@5cd65c7d
----------------- Done invoking toplevel() on ptolemy.moml.MoMLSimpleApplication@5cd65c7d
reloadAllAccessors: .IntJoin3
----------------- testing Wed May 09 01:06:24 UTC 2018 /home/travis/build/icyphy/ptII/ptolemy/domains/sdf/lib/test/auto/IntJoin4.xml
----------------- Instantiating /home/travis/build/icyphy/ptII/ptolemy/domains/sdf/lib/test/auto/IntJoin4.xml
5 ms. Memory: 208384K Free: 96325K (46%)
----------------- Invoking toplevel() on ptolemy.moml.MoMLSimpleApplication@30f9e41e
----------------- Done invoking toplevel() on ptolemy.moml.MoMLSimpleApplication@30f9e41e
reloadAllAccessors: .IntJoin4
----------------- testing Wed May 09 01:06:24 UTC 2018 /home/travis/build/icyphy/ptII/ptolemy/domains/sdf/lib/test/auto/IntJoin5.xml
----------------- Instantiating /home/travis/build/icyphy/ptII/ptolemy/domains/sdf/lib/test/auto/IntJoin5.xml
5 ms. Memory: 208384K Free: 92016K (44%)
----------------- Invoking toplevel() on ptolemy.moml.MoMLSimpleApplication@6190edc0
----------------- Done invoking toplevel() on ptolemy.moml.MoMLSimpleApplication@6190edc0
reloadAllAccessors: .IntJoin5
----------------- testing Wed May 09 01:06:24 UTC 2018 /home/travis/build/icyphy/ptII/ptolemy/domains/sdf/lib/test/auto/IntToBits.xml
----------------- Instantiating /home/travis/build/icyphy/ptII/ptolemy/domains/sdf/lib/test/auto/IntToBits.xml
9 ms. Memory: 208384K Free: 88927K (43%)
----------------- Invoking toplevel() on ptolemy.moml.MoMLSimpleApplication@1fb28e2b
----------------- Done invoking toplevel() on ptolemy.moml.MoMLSimpleApplication@1fb28e2b
reloadAllAccessors: .IntToBits
----------------- testing Wed May 09 01:06:24 UTC 2018 /home/travis/build/icyphy/ptII/ptolemy/domains/sdf/lib/test/auto/LMSAdaptive.xml
----------------- Instantiating /home/travis/build/icyphy/ptII/ptolemy/domains/sdf/lib/test/auto/LMSAdaptive.xml
8 ms. Memory: 208384K Free: 78678K (38%)
----------------- Invoking toplevel() on ptolemy.moml.MoMLSimpleApplication@4d38efc3
----------------- Done invoking toplevel() on ptolemy.moml.MoMLSimpleApplication@4d38efc3
reloadAllAccessors: .LMSAdaptive
----------------- testing Wed May 09 01:06:24 UTC 2018 /home/travis/build/icyphy/ptII/ptolemy/domains/sdf/lib/test/auto/LMSAdaptiveFIR.xml
----------------- Instantiating /home/travis/build/icyphy/ptII/ptolemy/domains/sdf/lib/test/auto/LMSAdaptiveFIR.xml
273 ms. Memory: 208384K Free: 161013K (77%)
----------------- Invoking toplevel() on ptolemy.moml.MoMLSimpleApplication@5341f888
----------------- Done invoking toplevel() on ptolemy.moml.MoMLSimpleApplication@5341f888
reloadAllAccessors: .LMSAdaptiveFIR
----------------- testing Wed May 09 01:06:24 UTC 2018 /home/travis/build/icyphy/ptII/ptolemy/domains/sdf/lib/test/auto/LMSAdaptiveFIR2.xml
----------------- Instantiating /home/travis/build/icyphy/ptII/ptolemy/domains/sdf/lib/test/auto/LMSAdaptiveFIR2.xml
433 ms. Memory: 208384K Free: 99234K (48%)
----------------- Invoking toplevel() on ptolemy.moml.MoMLSimpleApplication@5e314f43
----------------- Done invoking toplevel() on ptolemy.moml.MoMLSimpleApplication@5e314f43
reloadAllAccessors: .LMSAdaptiveFIR2
----------------- testing Wed May 09 01:06:25 UTC 2018 /home/travis/build/icyphy/ptII/ptolemy/domains/sdf/lib/test/auto/LongJoin.xml
----------------- Instantiating /home/travis/build/icyphy/ptII/ptolemy/domains/sdf/lib/test/auto/LongJoin.xml
5 ms. Memory: 208384K Free: 94271K (45%)
----------------- Invoking toplevel() on ptolemy.moml.MoMLSimpleApplication@4299af8e
----------------- Done invoking toplevel() on ptolemy.moml.MoMLSimpleApplication@4299af8e
reloadAllAccessors: .LongJoin
----------------- testing Wed May 09 01:06:25 UTC 2018 /home/travis/build/icyphy/ptII/ptolemy/domains/sdf/lib/test/auto/Matrix1.xml
----------------- Instantiating /home/travis/build/icyphy/ptII/ptolemy/domains/sdf/lib/test/auto/Matrix1.xml
4 ms. Memory: 208384K Free: 89090K (43%)
----------------- Invoking toplevel() on ptolemy.moml.MoMLSimpleApplication@4f29b8f6
----------------- Done invoking toplevel() on ptolemy.moml.MoMLSimpleApplication@4f29b8f6
reloadAllAccessors: .Matrix1
----------------- testing Wed May 09 01:06:25 UTC 2018 /home/travis/build/icyphy/ptII/ptolemy/domains/sdf/lib/test/auto/Matrix2.xml
----------------- Instantiating /home/travis/build/icyphy/ptII/ptolemy/domains/sdf/lib/test/auto/Matrix2.xml
7 ms. Memory: 208384K Free: 84962K (41%)
----------------- Invoking toplevel() on ptolemy.moml.MoMLSimpleApplication@809d56f
----------------- Done invoking toplevel() on ptolemy.moml.MoMLSimpleApplication@809d56f
reloadAllAccessors: .Matrix2
----------------- testing Wed May 09 01:06:25 UTC 2018 /home/travis/build/icyphy/ptII/ptolemy/domains/sdf/lib/test/auto/MatrixJoin1.xml
----------------- Instantiating /home/travis/build/icyphy/ptII/ptolemy/domains/sdf/lib/test/auto/MatrixJoin1.xml
4 ms. Memory: 208384K Free: 79999K (38%)
----------------- Invoking toplevel() on ptolemy.moml.MoMLSimpleApplication@394c062e
----------------- Done invoking toplevel() on ptolemy.moml.MoMLSimpleApplication@394c062e
reloadAllAccessors: .MatrixJoin1
----------------- testing Wed May 09 01:06:25 UTC 2018 /home/travis/build/icyphy/ptII/ptolemy/domains/sdf/lib/test/auto/MatrixJoin2.xml
----------------- Instantiating /home/travis/build/icyphy/ptII/ptolemy/domains/sdf/lib/test/auto/MatrixJoin2.xml
7 ms. Memory: 333312K Free: 320924K (96%)
----------------- Invoking toplevel() on ptolemy.moml.MoMLSimpleApplication@e856ca6
----------------- Done invoking toplevel() on ptolemy.moml.MoMLSimpleApplication@e856ca6
reloadAllAccessors: .MatrixJoin2
----------------- testing Wed May 09 01:06:25 UTC 2018 /home/travis/build/icyphy/ptII/ptolemy/domains/sdf/lib/test/auto/MatrixJoin3.xml
----------------- Instantiating /home/travis/build/icyphy/ptII/ptolemy/domains/sdf/lib/test/auto/MatrixJoin3.xml
10 ms. Memory: 333312K Free: 312934K (94%)
----------------- Invoking toplevel() on ptolemy.moml.MoMLSimpleApplication@5670e4d1
----------------- Done invoking toplevel() on ptolemy.moml.MoMLSimpleApplication@5670e4d1
reloadAllAccessors: .MatrixJoin3
----------------- testing Wed May 09 01:06:25 UTC 2018 /home/travis/build/icyphy/ptII/ptolemy/domains/sdf/lib/test/auto/MatrixJoin4.xml
----------------- Instantiating /home/travis/build/icyphy/ptII/ptolemy/domains/sdf/lib/test/auto/MatrixJoin4.xml
2 ms. Memory: 333312K Free: 306348K (92%)
----------------- Invoking toplevel() on ptolemy.moml.MoMLSimpleApplication@7fe2c364
----------------- Done invoking toplevel() on ptolemy.moml.MoMLSimpleApplication@7fe2c364
reloadAllAccessors: .MatrixJoin4
----------------- testing Wed May 09 01:06:25 UTC 2018 /home/travis/build/icyphy/ptII/ptolemy/domains/sdf/lib/test/auto/MatrixJoin5.xml
----------------- Instantiating /home/travis/build/icyphy/ptII/ptolemy/domains/sdf/lib/test/auto/MatrixJoin5.xml
3 ms. Memory: 333312K Free: 299762K (90%)
----------------- Invoking toplevel() on ptolemy.moml.MoMLSimpleApplication@68572afd
----------------- Done invoking toplevel() on ptolemy.moml.MoMLSimpleApplication@68572afd
reloadAllAccessors: .MatrixJoin5
----------------- testing Wed May 09 01:06:25 UTC 2018 /home/travis/build/icyphy/ptII/ptolemy/domains/sdf/lib/test/auto/MatrixSplit1.xml
----------------- Instantiating /home/travis/build/icyphy/ptII/ptolemy/domains/sdf/lib/test/auto/MatrixSplit1.xml
4 ms. Memory: 333312K Free: 291804K (88%)
----------------- Invoking toplevel() on ptolemy.moml.MoMLSimpleApplication@1ba1eaf9
----------------- Done invoking toplevel() on ptolemy.moml.MoMLSimpleApplication@1ba1eaf9
reloadAllAccessors: .MatrixSplit1
----------------- testing Wed May 09 01:06:25 UTC 2018 /home/travis/build/icyphy/ptII/ptolemy/domains/sdf/lib/test/auto/MatrixSplit10.xml
----------------- Instantiating /home/travis/build/icyphy/ptII/ptolemy/domains/sdf/lib/test/auto/MatrixSplit10.xml
3 ms. Memory: 333312K Free: 286888K (86%)
----------------- Invoking toplevel() on ptolemy.moml.MoMLSimpleApplication@54ee9023
----------------- Done invoking toplevel() on ptolemy.moml.MoMLSimpleApplication@54ee9023
reloadAllAccessors: .MatrixSplit10
----------------- testing Wed May 09 01:06:25 UTC 2018 /home/travis/build/icyphy/ptII/ptolemy/domains/sdf/lib/test/auto/MatrixSplit11.xml
----------------- Instantiating /home/travis/build/icyphy/ptII/ptolemy/domains/sdf/lib/test/auto/MatrixSplit11.xml
7 ms. Memory: 333312K Free: 281973K (85%)
----------------- Invoking toplevel() on ptolemy.moml.MoMLSimpleApplication@61559020
----------------- Done invoking toplevel() on ptolemy.moml.MoMLSimpleApplication@61559020
reloadAllAccessors: .MatrixSplit11
----------------- testing Wed May 09 01:06:25 UTC 2018 /home/travis/build/icyphy/ptII/ptolemy/domains/sdf/lib/test/auto/MatrixSplit12.xml
----------------- Instantiating /home/travis/build/icyphy/ptII/ptolemy/domains/sdf/lib/test/auto/MatrixSplit12.xml
2 ms. Memory: 333312K Free: 277058K (83%)
----------------- Invoking toplevel() on ptolemy.moml.MoMLSimpleApplication@2d4ee17
----------------- Done invoking toplevel() on ptolemy.moml.MoMLSimpleApplication@2d4ee17
reloadAllAccessors: .MatrixSplit12
----------------- testing Wed May 09 01:06:25 UTC 2018 /home/travis/build/icyphy/ptII/ptolemy/domains/sdf/lib/test/auto/MatrixSplit13.xml
----------------- Instantiating /home/travis/build/icyphy/ptII/ptolemy/domains/sdf/lib/test/auto/MatrixSplit13.xml
5 ms. Memory: 333312K Free: 270737K (81%)
----------------- Invoking toplevel() on ptolemy.moml.MoMLSimpleApplication@7aced05b
----------------- Done invoking toplevel() on ptolemy.moml.MoMLSimpleApplication@7aced05b
reloadAllAccessors: .MatrixSplit13
----------------- testing Wed May 09 01:06:25 UTC 2018 /home/travis/build/icyphy/ptII/ptolemy/domains/sdf/lib/test/auto/MatrixSplit14.xml
----------------- Instantiating /home/travis/build/icyphy/ptII/ptolemy/domains/sdf/lib/test/auto/MatrixSplit14.xml
2 ms. Memory: 333312K Free: 265822K (80%)
----------------- Invoking toplevel() on ptolemy.moml.MoMLSimpleApplication@3ab48e68
----------------- Done invoking toplevel() on ptolemy.moml.MoMLSimpleApplication@3ab48e68
reloadAllAccessors: .MatrixSplit14
----------------- testing Wed May 09 01:06:25 UTC 2018 /home/travis/build/icyphy/ptII/ptolemy/domains/sdf/lib/test/auto/MatrixSplit2.xml
----------------- Instantiating /home/travis/build/icyphy/ptII/ptolemy/domains/sdf/lib/test/auto/MatrixSplit2.xml
7 ms. Memory: 333312K Free: 260907K (78%)
----------------- Invoking toplevel() on ptolemy.moml.MoMLSimpleApplication@41de8c5c
----------------- Done invoking toplevel() on ptolemy.moml.MoMLSimpleApplication@41de8c5c
reloadAllAccessors: .MatrixSplit2
----------------- testing Wed May 09 01:06:25 UTC 2018 /home/travis/build/icyphy/ptII/ptolemy/domains/sdf/lib/test/auto/MatrixSplit3.xml
----------------- Instantiating /home/travis/build/icyphy/ptII/ptolemy/domains/sdf/lib/test/auto/MatrixSplit3.xml
3 ms. Memory: 333312K Free: 254586K (76%)
----------------- Invoking toplevel() on ptolemy.moml.MoMLSimpleApplication@2a57ecc9
----------------- Done invoking toplevel() on ptolemy.moml.MoMLSimpleApplication@2a57ecc9
reloadAllAccessors: .MatrixSplit3
----------------- testing Wed May 09 01:06:25 UTC 2018 /home/travis/build/icyphy/ptII/ptolemy/domains/sdf/lib/test/auto/MatrixSplit4.xml
----------------- Instantiating /home/travis/build/icyphy/ptII/ptolemy/domains/sdf/lib/test/auto/MatrixSplit4.xml
3 ms. Memory: 333312K Free: 249671K (75%)
----------------- Invoking toplevel() on ptolemy.moml.MoMLSimpleApplication@45e8f2a2
----------------- Done invoking toplevel() on ptolemy.moml.MoMLSimpleApplication@45e8f2a2
reloadAllAccessors: .MatrixSplit4
----------------- testing Wed May 09 01:06:25 UTC 2018 /home/travis/build/icyphy/ptII/ptolemy/domains/sdf/lib/test/auto/MatrixSplit5.xml
----------------- Instantiating /home/travis/build/icyphy/ptII/ptolemy/domains/sdf/lib/test/auto/MatrixSplit5.xml
3 ms. Memory: 333312K Free: 244756K (73%)
----------------- Invoking toplevel() on ptolemy.moml.MoMLSimpleApplication@52db7ba
----------------- Done invoking toplevel() on ptolemy.moml.MoMLSimpleApplication@52db7ba
reloadAllAccessors: .MatrixSplit5
----------------- testing Wed May 09 01:06:25 UTC 2018 /home/travis/build/icyphy/ptII/ptolemy/domains/sdf/lib/test/auto/MatrixSplit6.xml
----------------- Instantiating /home/travis/build/icyphy/ptII/ptolemy/domains/sdf/lib/test/auto/MatrixSplit6.xml
2 ms. Memory: 333312K Free: 238435K (72%)
----------------- Invoking toplevel() on ptolemy.moml.MoMLSimpleApplication@65a034ff
----------------- Done invoking toplevel() on ptolemy.moml.MoMLSimpleApplication@65a034ff
reloadAllAccessors: .MatrixSplit6
----------------- testing Wed May 09 01:06:25 UTC 2018 /home/travis/build/icyphy/ptII/ptolemy/domains/sdf/lib/test/auto/MatrixSplit7.xml
----------------- Instantiating /home/travis/build/icyphy/ptII/ptolemy/domains/sdf/lib/test/auto/MatrixSplit7.xml
5 ms. Memory: 333312K Free: 233520K (70%)
----------------- Invoking toplevel() on ptolemy.moml.MoMLSimpleApplication@49a22429
----------------- Done invoking toplevel() on ptolemy.moml.MoMLSimpleApplication@49a22429
reloadAllAccessors: .MatrixSplit7
----------------- testing Wed May 09 01:06:25 UTC 2018 /home/travis/build/icyphy/ptII/ptolemy/domains/sdf/lib/test/auto/MatrixSplit8.xml
----------------- Instantiating /home/travis/build/icyphy/ptII/ptolemy/domains/sdf/lib/test/auto/MatrixSplit8.xml
3 ms. Memory: 333312K Free: 228605K (69%)
----------------- Invoking toplevel() on ptolemy.moml.MoMLSimpleApplication@70e4dd45
----------------- Done invoking toplevel() on ptolemy.moml.MoMLSimpleApplication@70e4dd45
reloadAllAccessors: .MatrixSplit8
----------------- testing Wed May 09 01:06:25 UTC 2018 /home/travis/build/icyphy/ptII/ptolemy/domains/sdf/lib/test/auto/MatrixSplit9.xml
----------------- Instantiating /home/travis/build/icyphy/ptII/ptolemy/domains/sdf/lib/test/auto/MatrixSplit9.xml
3 ms. Memory: 333312K Free: 223690K (67%)
----------------- Invoking toplevel() on ptolemy.moml.MoMLSimpleApplication@6e4a80a6
----------------- Done invoking toplevel() on ptolemy.moml.MoMLSimpleApplication@6e4a80a6
reloadAllAccessors: .MatrixSplit9
----------------- testing Wed May 09 01:06:25 UTC 2018 /home/travis/build/icyphy/ptII/ptolemy/domains/sdf/lib/test/auto/MatrixToSequence.xml
----------------- Instantiating /home/travis/build/icyphy/ptII/ptolemy/domains/sdf/lib/test/auto/MatrixToSequence.xml
13 ms. Memory: 333312K Free: 210815K (63%)
----------------- Invoking toplevel() on ptolemy.moml.MoMLSimpleApplication@1bc11443
----------------- Done invoking toplevel() on ptolemy.moml.MoMLSimpleApplication@1bc11443
reloadAllAccessors: .MatrixToSequence
----------------- testing Wed May 09 01:06:26 UTC 2018 /home/travis/build/icyphy/ptII/ptolemy/domains/sdf/lib/test/auto/MaximumEntropySpectrum.xml
----------------- Instantiating /home/travis/build/icyphy/ptII/ptolemy/domains/sdf/lib/test/auto/MaximumEntropySpectrum.xml
24 ms. Memory: 333312K Free: 186207K (56%)
----------------- Invoking toplevel() on ptolemy.moml.MoMLSimpleApplication@5615f6f4
----------------- Done invoking toplevel() on ptolemy.moml.MoMLSimpleApplication@5615f6f4
reloadAllAccessors: .MaximumEntropySpectrum
----------------- testing Wed May 09 01:06:26 UTC 2018 /home/travis/build/icyphy/ptII/ptolemy/domains/sdf/lib/test/auto/SampleDelayConversion.xml
----------------- Instantiating /home/travis/build/icyphy/ptII/ptolemy/domains/sdf/lib/test/auto/SampleDelayConversion.xml
3 ms. Memory: 333312K Free: 181292K (54%)
----------------- Invoking toplevel() on ptolemy.moml.MoMLSimpleApplication@5fae197c
----------------- Done invoking toplevel() on ptolemy.moml.MoMLSimpleApplication@5fae197c
reloadAllAccessors: .SampleDelayConversion
----------------- testing Wed May 09 01:06:26 UTC 2018 /home/travis/build/icyphy/ptII/ptolemy/domains/sdf/lib/test/auto/SequenceToArray.xml
----------------- Instantiating /home/travis/build/icyphy/ptII/ptolemy/domains/sdf/lib/test/auto/SequenceToArray.xml
14 ms. Memory: 333312K Free: 166763K (50%)
----------------- Invoking toplevel() on ptolemy.moml.MoMLSimpleApplication@772ba9a1
----------------- Done invoking toplevel() on ptolemy.moml.MoMLSimpleApplication@772ba9a1
reloadAllAccessors: .SequenceToArray
----------------- testing Wed May 09 01:06:26 UTC 2018 /home/travis/build/icyphy/ptII/ptolemy/domains/sdf/lib/test/auto/SequenceToMatrix.xml
----------------- Instantiating /home/travis/build/icyphy/ptII/ptolemy/domains/sdf/lib/test/auto/SequenceToMatrix.xml
4620 ms. Memory: 579072K Free: 521677K (90%)
----------------- Invoking toplevel() on ptolemy.moml.MoMLSimpleApplication@72bfdf16
----------------- Done invoking toplevel() on ptolemy.moml.MoMLSimpleApplication@72bfdf16
reloadAllAccessors: .SequenceToMatrix
----------------- testing Wed May 09 01:06:30 UTC 2018 /home/travis/build/icyphy/ptII/ptolemy/domains/sdf/lib/test/auto/SmoothedPeriodogram.xml
----------------- Instantiating /home/travis/build/icyphy/ptII/ptolemy/domains/sdf/lib/test/auto/SmoothedPeriodogram.xml
14 ms. Memory: 579072K Free: 498082K (86%)
----------------- Invoking toplevel() on ptolemy.moml.MoMLSimpleApplication@1ae12d94
----------------- Done invoking toplevel() on ptolemy.moml.MoMLSimpleApplication@1ae12d94
reloadAllAccessors: .SmoothedPeriodogram
----------------- testing Wed May 09 01:06:30 UTC 2018 /home/travis/build/icyphy/ptII/ptolemy/domains/sdf/lib/test/auto/UpDownSample1.xml
----------------- Instantiating /home/travis/build/icyphy/ptII/ptolemy/domains/sdf/lib/test/auto/UpDownSample1.xml
7 ms. Memory: 579072K Free: 491535K (85%)
----------------- Invoking toplevel() on ptolemy.moml.MoMLSimpleApplication@8ff8333
----------------- Done invoking toplevel() on ptolemy.moml.MoMLSimpleApplication@8ff8333
reloadAllAccessors: .UpDownSample1
----------------- testing Wed May 09 01:06:30 UTC 2018 /home/travis/build/icyphy/ptII/ptolemy/domains/sdf/lib/test/auto/UpSample1.xml
----------------- Instantiating /home/travis/build/icyphy/ptII/ptolemy/domains/sdf/lib/test/auto/UpSample1.xml
4 ms. Memory: 579072K Free: 484988K (84%)
----------------- Invoking toplevel() on ptolemy.moml.MoMLSimpleApplication@5b68cce0
----------------- Done invoking toplevel() on ptolemy.moml.MoMLSimpleApplication@5b68cce0
reloadAllAccessors: .UpSample1
----------------- testing Wed May 09 01:06:31 UTC 2018 /home/travis/build/icyphy/ptII/ptolemy/domains/sdf/lib/test/auto/VariableFIR.xml
----------------- Instantiating /home/travis/build/icyphy/ptII/ptolemy/domains/sdf/lib/test/auto/VariableFIR.xml
12 ms. Memory: 579072K Free: 475168K (82%)
----------------- Invoking toplevel() on ptolemy.moml.MoMLSimpleApplication@77a63cbf
----------------- Done invoking toplevel() on ptolemy.moml.MoMLSimpleApplication@77a63cbf
reloadAllAccessors: .VariableFIR
----------------- testing Wed May 09 01:06:31 UTC 2018 /home/travis/build/icyphy/ptII/ptolemy/domains/sdf/lib/test/auto/VariableFIR2.xml
----------------- Instantiating /home/travis/build/icyphy/ptII/ptolemy/domains/sdf/lib/test/auto/VariableFIR2.xml
8 ms. Memory: 579072K Free: 463402K (80%)
----------------- Invoking toplevel() on ptolemy.moml.MoMLSimpleApplication@6f051c43
----------------- Done invoking toplevel() on ptolemy.moml.MoMLSimpleApplication@6f051c43
reloadAllAccessors: .VariableFIR2
----------------- testing Wed May 09 01:06:31 UTC 2018 /home/travis/build/icyphy/ptII/ptolemy/domains/sdf/lib/test/auto/VariableLattice.xml
----------------- Instantiating /home/travis/build/icyphy/ptII/ptolemy/domains/sdf/lib/test/auto/VariableLattice.xml
7 ms. Memory: 579072K Free: 453581K (78%)
----------------- Invoking toplevel() on ptolemy.moml.MoMLSimpleApplication@11fb4b49
----------------- Done invoking toplevel() on ptolemy.moml.MoMLSimpleApplication@11fb4b49
reloadAllAccessors: .VariableLattice
----------------- testing Wed May 09 01:06:31 UTC 2018 /home/travis/build/icyphy/ptII/ptolemy/domains/sdf/lib/test/auto/VariableLattice2.xml
----------------- Instantiating /home/travis/build/icyphy/ptII/ptolemy/domains/sdf/lib/test/auto/VariableLattice2.xml
1.0
-1.999999602036
1.9099998677481
-0.9099996420674
0.205
0.0
0.0
1.0
-0.25
-0.5
0.0
0.0
0.0
0.0
11 ms. Memory: 579072K Free: 443761K (77%)
----------------- Invoking toplevel() on ptolemy.moml.MoMLSimpleApplication@6128f4bf
----------------- Done invoking toplevel() on ptolemy.moml.MoMLSimpleApplication@6128f4bf
reloadAllAccessors: .VariableLattice2
----------------- testing Wed May 09 01:06:31 UTC 2018 /home/travis/build/icyphy/ptII/ptolemy/domains/sdf/lib/test/auto/VariableRecursiveLattice.xml
----------------- Instantiating /home/travis/build/icyphy/ptII/ptolemy/domains/sdf/lib/test/auto/VariableRecursiveLattice.xml
4 ms. Memory: 579072K Free: 433941K (75%)
----------------- Invoking toplevel() on ptolemy.moml.MoMLSimpleApplication@5c45649f
----------------- Done invoking toplevel() on ptolemy.moml.MoMLSimpleApplication@5c45649f
reloadAllAccessors: .VariableRecursiveLattice
----------------- testing Wed May 09 01:06:31 UTC 2018 /home/travis/build/icyphy/ptII/ptolemy/domains/sdf/lib/test/auto/VariableRecursiveLattice2.xml
----------------- Instantiating /home/travis/build/icyphy/ptII/ptolemy/domains/sdf/lib/test/auto/VariableRecursiveLattice2.xml
4 ms. Memory: 579072K Free: 427394K (74%)
----------------- Invoking toplevel() on ptolemy.moml.MoMLSimpleApplication@3a87e636
----------------- Done invoking toplevel() on ptolemy.moml.MoMLSimpleApplication@3a87e636
reloadAllAccessors: .VariableRecursiveLattice2
AutoTests.java: About to close Vertx.
AutoTests.java: Vertx closed.
]]></system-out>
  <system-err><![CDATA[]]></system-err>
</testsuite>
