<?xml version="1.0" encoding="UTF-8" ?>
<testsuite errors="0" failures="0" hostname="travis-job-5b16b9eb-3e02-4f67-b450-a5c373700437" name="ptolemy.domains.modal.test.junit.JUnitTclTest" skipped="0" tests="148" time="12.867" timestamp="2018-05-25T01:20:48">
  <properties>
[...]
</properties>
  <testcase classname="ptolemy.util.test.junit.TclTests" name="[0] /home/travis/build/icyphy/ptII/ptolemy/domains/modal/test/SystemLevelType.tcl (RunTclFile)" time="2.245" />
  <testcase classname="ptolemy.util.test.junit.AutoKnownFailedTests" name="[0] /home/travis/build/icyphy/ptII/ptolemy/domains/modal/test/auto/knownFailedTests/CannotAnalysisWithPreemption.xml (RunModel)" time="0.202" />
  <testcase classname="ptolemy.util.test.junit.AutoNameArchTests" name="[0] ThereAreNoAutoTests (RunModel)" time="0.016" />
  <testcase classname="ptolemy.util.test.junit.AutoTests" name="[0] /home/travis/build/icyphy/ptII/ptolemy/domains/modal/test/auto/ABPTest.xml (RunModel)" time="0.94" />
  <testcase classname="ptolemy.util.test.junit.AutoTests" name="[1] /home/travis/build/icyphy/ptII/ptolemy/domains/modal/test/auto/ABROFlat.xml (RunModel)" time="0.107" />
  <testcase classname="ptolemy.util.test.junit.AutoTests" name="[2] /home/travis/build/icyphy/ptII/ptolemy/domains/modal/test/auto/ABROFlat2.xml (RunModel)" time="0.142" />
  <testcase classname="ptolemy.util.test.junit.AutoTests" name="[3] /home/travis/build/icyphy/ptII/ptolemy/domains/modal/test/auto/ABRO_present_hmm.xml (RunModel)" time="0.205" />
  <testcase classname="ptolemy.util.test.junit.AutoTests" name="[4] /home/travis/build/icyphy/ptII/ptolemy/domains/modal/test/auto/AMICoderExample.xml (RunModel)" time="0.067" />
  <testcase classname="ptolemy.util.test.junit.AutoTests" name="[5] /home/travis/build/icyphy/ptII/ptolemy/domains/modal/test/auto/AbsentToPresent.xml (RunModel)" time="0.028" />
  <testcase classname="ptolemy.util.test.junit.AutoTests" name="[6] /home/travis/build/icyphy/ptII/ptolemy/domains/modal/test/auto/Blending.xml (RunModel)" time="0.356" />
  <testcase classname="ptolemy.util.test.junit.AutoTests" name="[7] /home/travis/build/icyphy/ptII/ptolemy/domains/modal/test/auto/Broadcast.xml (RunModel)" time="0.061" />
  <testcase classname="ptolemy.util.test.junit.AutoTests" name="[8] /home/travis/build/icyphy/ptII/ptolemy/domains/modal/test/auto/BroadcastHierarchy.xml (RunModel)" time="0.084" />
  <testcase classname="ptolemy.util.test.junit.AutoTests" name="[9] /home/travis/build/icyphy/ptII/ptolemy/domains/modal/test/auto/BroadcastHierarchy2.xml (RunModel)" time="0.157" />
  <testcase classname="ptolemy.util.test.junit.AutoTests" name="[10] /home/travis/build/icyphy/ptII/ptolemy/domains/modal/test/auto/BroadcastHierarchy3.xml (RunModel)" time="0.122" />
  <testcase classname="ptolemy.util.test.junit.AutoTests" name="[11] /home/travis/build/icyphy/ptII/ptolemy/domains/modal/test/auto/BroadcastHierarchy4.xml (RunModel)" time="0.129" />
  <testcase classname="ptolemy.util.test.junit.AutoTests" name="[12] /home/travis/build/icyphy/ptII/ptolemy/domains/modal/test/auto/CannotAnalysisWithPreemption2.xml (RunModel)" time="0.04" />
  <testcase classname="ptolemy.util.test.junit.AutoTests" name="[13] /home/travis/build/icyphy/ptII/ptolemy/domains/modal/test/auto/CannotAnalysisWithPreemption3.xml (RunModel)" time="0.089" />
  <testcase classname="ptolemy.util.test.junit.AutoTests" name="[14] /home/travis/build/icyphy/ptII/ptolemy/domains/modal/test/auto/CannotProduce.xml (RunModel)" time="0.043" />
  <testcase classname="ptolemy.util.test.junit.AutoTests" name="[15] /home/travis/build/icyphy/ptII/ptolemy/domains/modal/test/auto/CannotProduceModal.xml (RunModel)" time="0.034" />
  <testcase classname="ptolemy.util.test.junit.AutoTests" name="[16] /home/travis/build/icyphy/ptII/ptolemy/domains/modal/test/auto/Case.xml (RunModel)" time="0.089" />
  <testcase classname="ptolemy.util.test.junit.AutoTests" name="[17] /home/travis/build/icyphy/ptII/ptolemy/domains/modal/test/auto/Case1.xml (RunModel)" time="0.032" />
  <testcase classname="ptolemy.util.test.junit.AutoTests" name="[18] /home/travis/build/icyphy/ptII/ptolemy/domains/modal/test/auto/Case2.xml (RunModel)" time="0.08" />
  <testcase classname="ptolemy.util.test.junit.AutoTests" name="[19] /home/travis/build/icyphy/ptII/ptolemy/domains/modal/test/auto/CausalityInterface1.xml (RunModel)" time="0.034" />
  <testcase classname="ptolemy.util.test.junit.AutoTests" name="[20] /home/travis/build/icyphy/ptII/ptolemy/domains/modal/test/auto/CausalityInterface10.xml (RunModel)" time="0.096" />
  <testcase classname="ptolemy.util.test.junit.AutoTests" name="[21] /home/travis/build/icyphy/ptII/ptolemy/domains/modal/test/auto/CausalityInterface11.xml (RunModel)" time="0.063" />
  <testcase classname="ptolemy.util.test.junit.AutoTests" name="[22] /home/travis/build/icyphy/ptII/ptolemy/domains/modal/test/auto/CausalityInterface12.xml (RunModel)" time="0.068" />
  <testcase classname="ptolemy.util.test.junit.AutoTests" name="[23] /home/travis/build/icyphy/ptII/ptolemy/domains/modal/test/auto/CausalityInterface13.xml (RunModel)" time="0.072" />
  <testcase classname="ptolemy.util.test.junit.AutoTests" name="[24] /home/travis/build/icyphy/ptII/ptolemy/domains/modal/test/auto/CausalityInterface14.xml (RunModel)" time="0.075" />
  <testcase classname="ptolemy.util.test.junit.AutoTests" name="[25] /home/travis/build/icyphy/ptII/ptolemy/domains/modal/test/auto/CausalityInterface2.xml (RunModel)" time="0.029" />
  <testcase classname="ptolemy.util.test.junit.AutoTests" name="[26] /home/travis/build/icyphy/ptII/ptolemy/domains/modal/test/auto/CausalityInterface3.xml (RunModel)" time="0.035" />
  <testcase classname="ptolemy.util.test.junit.AutoTests" name="[27] /home/travis/build/icyphy/ptII/ptolemy/domains/modal/test/auto/CausalityInterface4.xml (RunModel)" time="0.033" />
  <testcase classname="ptolemy.util.test.junit.AutoTests" name="[28] /home/travis/build/icyphy/ptII/ptolemy/domains/modal/test/auto/CausalityInterface5.xml (RunModel)" time="0.045" />
  <testcase classname="ptolemy.util.test.junit.AutoTests" name="[29] /home/travis/build/icyphy/ptII/ptolemy/domains/modal/test/auto/CausalityInterface6.xml (RunModel)" time="0.041" />
  <testcase classname="ptolemy.util.test.junit.AutoTests" name="[30] /home/travis/build/icyphy/ptII/ptolemy/domains/modal/test/auto/CausalityInterface7.xml (RunModel)" time="0.039" />
  <testcase classname="ptolemy.util.test.junit.AutoTests" name="[31] /home/travis/build/icyphy/ptII/ptolemy/domains/modal/test/auto/CausalityInterface8.xml (RunModel)" time="0.04" />
  <testcase classname="ptolemy.util.test.junit.AutoTests" name="[32] /home/travis/build/icyphy/ptII/ptolemy/domains/modal/test/auto/CausalityInterface9.xml (RunModel)" time="0.041" />
  <testcase classname="ptolemy.util.test.junit.AutoTests" name="[33] /home/travis/build/icyphy/ptII/ptolemy/domains/modal/test/auto/ChainedTransitions.xml (RunModel)" time="0.182" />
  <testcase classname="ptolemy.util.test.junit.AutoTests" name="[34] /home/travis/build/icyphy/ptII/ptolemy/domains/modal/test/auto/CycleOfImmediateTransitionsFSM.xml (RunModel)" time="0.032" />
  <testcase classname="ptolemy.util.test.junit.AutoTests" name="[35] /home/travis/build/icyphy/ptII/ptolemy/domains/modal/test/auto/CycleOfImmediateTransitionsModal.xml (RunModel)" time="0.028" />
  <testcase classname="ptolemy.util.test.junit.AutoTests" name="[36] /home/travis/build/icyphy/ptII/ptolemy/domains/modal/test/auto/CycleOfImmediateTransitionsModal2.xml (RunModel)" time="0.036" />
  <testcase classname="ptolemy.util.test.junit.AutoTests" name="[37] /home/travis/build/icyphy/ptII/ptolemy/domains/modal/test/auto/CycleOfImmediateTransitionsModal3.xml (RunModel)" time="0.102" />
  <testcase classname="ptolemy.util.test.junit.AutoTests" name="[38] /home/travis/build/icyphy/ptII/ptolemy/domains/modal/test/auto/DeepModal1.xml (RunModel)" time="0.086" />
  <testcase classname="ptolemy.util.test.junit.AutoTests" name="[39] /home/travis/build/icyphy/ptII/ptolemy/domains/modal/test/auto/DeepModal2.xml (RunModel)" time="0.076" />
  <testcase classname="ptolemy.util.test.junit.AutoTests" name="[40] /home/travis/build/icyphy/ptII/ptolemy/domains/modal/test/auto/DeepModal3.xml (RunModel)" time="0.094" />
  <testcase classname="ptolemy.util.test.junit.AutoTests" name="[41] /home/travis/build/icyphy/ptII/ptolemy/domains/modal/test/auto/DeepModal4.xml (RunModel)" time="0.094" />
  <testcase classname="ptolemy.util.test.junit.AutoTests" name="[42] /home/travis/build/icyphy/ptII/ptolemy/domains/modal/test/auto/Default1.xml (RunModel)" time="0.019" />
  <testcase classname="ptolemy.util.test.junit.AutoTests" name="[43] /home/travis/build/icyphy/ptII/ptolemy/domains/modal/test/auto/Default2.xml (RunModel)" time="0.018" />
  <testcase classname="ptolemy.util.test.junit.AutoTests" name="[44] /home/travis/build/icyphy/ptII/ptolemy/domains/modal/test/auto/Default3.xml (RunModel)" time="0.02" />
  <testcase classname="ptolemy.util.test.junit.AutoTests" name="[45] /home/travis/build/icyphy/ptII/ptolemy/domains/modal/test/auto/Default4.xml (RunModel)" time="0.024" />
  <testcase classname="ptolemy.util.test.junit.AutoTests" name="[46] /home/travis/build/icyphy/ptII/ptolemy/domains/modal/test/auto/Default5.xml (RunModel)" time="0.035" />
  <testcase classname="ptolemy.util.test.junit.AutoTests" name="[47] /home/travis/build/icyphy/ptII/ptolemy/domains/modal/test/auto/EmptyGuard.xml (RunModel)" time="0.041" />
  <testcase classname="ptolemy.util.test.junit.AutoTests" name="[48] /home/travis/build/icyphy/ptII/ptolemy/domains/modal/test/auto/ErrorTransition1.xml (RunModel)" time="0.034" />
  <testcase classname="ptolemy.util.test.junit.AutoTests" name="[49] /home/travis/build/icyphy/ptII/ptolemy/domains/modal/test/auto/ErrorTransition10.xml (RunModel)" time="0.047" />
  <testcase classname="ptolemy.util.test.junit.AutoTests" name="[50] /home/travis/build/icyphy/ptII/ptolemy/domains/modal/test/auto/ErrorTransition11.xml (RunModel)" time="0.046" />
  <testcase classname="ptolemy.util.test.junit.AutoTests" name="[51] /home/travis/build/icyphy/ptII/ptolemy/domains/modal/test/auto/ErrorTransition2.xml (RunModel)" time="0.04" />
  <testcase classname="ptolemy.util.test.junit.AutoTests" name="[52] /home/travis/build/icyphy/ptII/ptolemy/domains/modal/test/auto/ErrorTransition3.xml (RunModel)" time="0.041" />
  <testcase classname="ptolemy.util.test.junit.AutoTests" name="[53] /home/travis/build/icyphy/ptII/ptolemy/domains/modal/test/auto/ErrorTransition4.xml (RunModel)" time="0.049" />
  <testcase classname="ptolemy.util.test.junit.AutoTests" name="[54] /home/travis/build/icyphy/ptII/ptolemy/domains/modal/test/auto/ErrorTransition5.xml (RunModel)" time="0.034" />
  <testcase classname="ptolemy.util.test.junit.AutoTests" name="[55] /home/travis/build/icyphy/ptII/ptolemy/domains/modal/test/auto/ErrorTransition6.xml (RunModel)" time="0.039" />
  <testcase classname="ptolemy.util.test.junit.AutoTests" name="[56] /home/travis/build/icyphy/ptII/ptolemy/domains/modal/test/auto/ErrorTransition7.xml (RunModel)" time="0.049" />
  <testcase classname="ptolemy.util.test.junit.AutoTests" name="[57] /home/travis/build/icyphy/ptII/ptolemy/domains/modal/test/auto/ErrorTransition8.xml (RunModel)" time="0.066" />
  <testcase classname="ptolemy.util.test.junit.AutoTests" name="[58] /home/travis/build/icyphy/ptII/ptolemy/domains/modal/test/auto/ErrorTransition9.xml (RunModel)" time="0.065" />
  <testcase classname="ptolemy.util.test.junit.AutoTests" name="[59] /home/travis/build/icyphy/ptII/ptolemy/domains/modal/test/auto/ExtendedFSM.xml (RunModel)" time="0.035" />
  <testcase classname="ptolemy.util.test.junit.AutoTests" name="[60] /home/travis/build/icyphy/ptII/ptolemy/domains/modal/test/auto/FinalStates.xml (RunModel)" time="0.027" />
  <testcase classname="ptolemy.util.test.junit.AutoTests" name="[61] /home/travis/build/icyphy/ptII/ptolemy/domains/modal/test/auto/FixedPointFSM.xml (RunModel)" time="0.048" />
  <testcase classname="ptolemy.util.test.junit.AutoTests" name="[62] /home/travis/build/icyphy/ptII/ptolemy/domains/modal/test/auto/FixedPointIterationFSMActor.xml (RunModel)" time="0.036" />
  <testcase classname="ptolemy.util.test.junit.AutoTests" name="[63] /home/travis/build/icyphy/ptII/ptolemy/domains/modal/test/auto/FixedPointIterationFSMActor2.xml (RunModel)" time="0.04" />
  <testcase classname="ptolemy.util.test.junit.AutoTests" name="[64] /home/travis/build/icyphy/ptII/ptolemy/domains/modal/test/auto/ForbiddenInstantanousLoop.xml (RunModel)" time="0.037" />
  <testcase classname="ptolemy.util.test.junit.AutoTests" name="[65] /home/travis/build/icyphy/ptII/ptolemy/domains/modal/test/auto/FunctionDependencyOfFSMActorTest.xml (RunModel)" time="0.029" />
  <testcase classname="ptolemy.util.test.junit.AutoTests" name="[66] /home/travis/build/icyphy/ptII/ptolemy/domains/modal/test/auto/GuardExpression.xml (RunModel)" time="0.032" />
  <testcase classname="ptolemy.util.test.junit.AutoTests" name="[67] /home/travis/build/icyphy/ptII/ptolemy/domains/modal/test/auto/GuardNotEvaluated.xml (RunModel)" time="0.031" />
  <testcase classname="ptolemy.util.test.junit.AutoTests" name="[68] /home/travis/build/icyphy/ptII/ptolemy/domains/modal/test/auto/GuardNotEvaluated2.xml (RunModel)" time="0.029" />
  <testcase classname="ptolemy.util.test.junit.AutoTests" name="[69] /home/travis/build/icyphy/ptII/ptolemy/domains/modal/test/auto/GuardOnAbsent.xml (RunModel)" time="0.025" />
  <testcase classname="ptolemy.util.test.junit.AutoTests" name="[70] /home/travis/build/icyphy/ptII/ptolemy/domains/modal/test/auto/HierarchicalFSMTypeInference.xml (RunModel)" time="0.037" />
  <testcase classname="ptolemy.util.test.junit.AutoTests" name="[71] /home/travis/build/icyphy/ptII/ptolemy/domains/modal/test/auto/Hysteresis.xml (RunModel)" time="0.053" />
  <testcase classname="ptolemy.util.test.junit.AutoTests" name="[72] /home/travis/build/icyphy/ptII/ptolemy/domains/modal/test/auto/HysteresisWithDefault.xml (RunModel)" time="0.081" />
  <testcase classname="ptolemy.util.test.junit.AutoTests" name="[73] /home/travis/build/icyphy/ptII/ptolemy/domains/modal/test/auto/HysteresisWithDefault2.xml (RunModel)" time="0.097" />
  <testcase classname="ptolemy.util.test.junit.AutoTests" name="[74] /home/travis/build/icyphy/ptII/ptolemy/domains/modal/test/auto/ImmediateNonConstructiveness.xml (RunModel)" time="0.026" />
  <testcase classname="ptolemy.util.test.junit.AutoTests" name="[75] /home/travis/build/icyphy/ptII/ptolemy/domains/modal/test/auto/ImmediateNonConstructiveness2.xml (RunModel)" time="0.025" />
  <testcase classname="ptolemy.util.test.junit.AutoTests" name="[76] /home/travis/build/icyphy/ptII/ptolemy/domains/modal/test/auto/ImmediateTransitionReset.xml (RunModel)" time="0.055" />
  <testcase classname="ptolemy.util.test.junit.AutoTests" name="[77] /home/travis/build/icyphy/ptII/ptolemy/domains/modal/test/auto/ImmediateTransitions1.xml (RunModel)" time="0.016" />
  <testcase classname="ptolemy.util.test.junit.AutoTests" name="[78] /home/travis/build/icyphy/ptII/ptolemy/domains/modal/test/auto/ImmediateTransitionsInstantaneousCommunication.xml (RunModel)" time="0.048" />
  <testcase classname="ptolemy.util.test.junit.AutoTests" name="[79] /home/travis/build/icyphy/ptII/ptolemy/domains/modal/test/auto/InitialImmediateTransition.xml (RunModel)" time="0.023" />
  <testcase classname="ptolemy.util.test.junit.AutoTests" name="[80] /home/travis/build/icyphy/ptII/ptolemy/domains/modal/test/auto/InitialOutputs.xml (RunModel)" time="0.022" />
  <testcase classname="ptolemy.util.test.junit.AutoTests" name="[81] /home/travis/build/icyphy/ptII/ptolemy/domains/modal/test/auto/InitialStateTransition1.xml (RunModel)" time="0.03" />
  <testcase classname="ptolemy.util.test.junit.AutoTests" name="[82] /home/travis/build/icyphy/ptII/ptolemy/domains/modal/test/auto/InitialStateTransition2.xml (RunModel)" time="0.031" />
  <testcase classname="ptolemy.util.test.junit.AutoTests" name="[83] /home/travis/build/icyphy/ptII/ptolemy/domains/modal/test/auto/InitialStateTransition3.xml (RunModel)" time="0.032" />
  <testcase classname="ptolemy.util.test.junit.AutoTests" name="[84] /home/travis/build/icyphy/ptII/ptolemy/domains/modal/test/auto/InitialStateTransition4.xml (RunModel)" time="0.044" />
  <testcase classname="ptolemy.util.test.junit.AutoTests" name="[85] /home/travis/build/icyphy/ptII/ptolemy/domains/modal/test/auto/MalformedGuardExpressionNotCaught.xml (RunModel)" time="0.023" />
  <testcase classname="ptolemy.util.test.junit.AutoTests" name="[86] /home/travis/build/icyphy/ptII/ptolemy/domains/modal/test/auto/ModalBSC.xml (RunModel)" time="0.128" />
  <testcase classname="ptolemy.util.test.junit.AutoTests" name="[87] /home/travis/build/icyphy/ptII/ptolemy/domains/modal/test/auto/ModalClocks.xml (RunModel)" time="0.081" />
  <testcase classname="ptolemy.util.test.junit.AutoTests" name="[88] /home/travis/build/icyphy/ptII/ptolemy/domains/modal/test/auto/ModalDelay.xml (RunModel)" time="0.053" />
  <testcase classname="ptolemy.util.test.junit.AutoTests" name="[89] /home/travis/build/icyphy/ptII/ptolemy/domains/modal/test/auto/ModalDelay2.xml (RunModel)" time="0.047" />
  <testcase classname="ptolemy.util.test.junit.AutoTests" name="[90] /home/travis/build/icyphy/ptII/ptolemy/domains/modal/test/auto/ModalModelFromMemo.xml (RunModel)" time="0.084" />
  <testcase classname="ptolemy.util.test.junit.AutoTests" name="[91] /home/travis/build/icyphy/ptII/ptolemy/domains/modal/test/auto/ModalModelWithMultirateTransient.xml (RunModel)" time="0.059" />
  <testcase classname="ptolemy.util.test.junit.AutoTests" name="[92] /home/travis/build/icyphy/ptII/ptolemy/domains/modal/test/auto/ModalModelWithReset.xml (RunModel)" time="0.064" />
  <testcase classname="ptolemy.util.test.junit.AutoTests" name="[93] /home/travis/build/icyphy/ptII/ptolemy/domains/modal/test/auto/MouseClickFSM.xml (RunModel)" time="0.059" />
  <testcase classname="ptolemy.util.test.junit.AutoTests" name="[94] /home/travis/build/icyphy/ptII/ptolemy/domains/modal/test/auto/MouseClickFSMModal.xml (RunModel)" time="0.045" />
  <testcase classname="ptolemy.util.test.junit.AutoTests" name="[95] /home/travis/build/icyphy/ptII/ptolemy/domains/modal/test/auto/NonStrictFSM_FeedbackLoop.xml (RunModel)" time="0.057" />
  <testcase classname="ptolemy.util.test.junit.AutoTests" name="[96] /home/travis/build/icyphy/ptII/ptolemy/domains/modal/test/auto/NonStrictFSM_FeedbackLoop_Refinement.xml (RunModel)" time="0.088" />
  <testcase classname="ptolemy.util.test.junit.AutoTests" name="[97] /home/travis/build/icyphy/ptII/ptolemy/domains/modal/test/auto/NonStrictFSM_FeedbackLoop_preemptive.xml (RunModel)" time="0.056" />
  <testcase classname="ptolemy.util.test.junit.AutoTests" name="[98] /home/travis/build/icyphy/ptII/ptolemy/domains/modal/test/auto/NormalTermination.xml (RunModel)" time="0.057" />
  <testcase classname="ptolemy.util.test.junit.AutoTests" name="[99] /home/travis/build/icyphy/ptII/ptolemy/domains/modal/test/auto/Pong.xml (RunModel)" time="0.131" />
  <testcase classname="ptolemy.util.test.junit.AutoTests" name="[100] /home/travis/build/icyphy/ptII/ptolemy/domains/modal/test/auto/Pong_test.xml (RunModel)" time="0.151" />
  <testcase classname="ptolemy.util.test.junit.AutoTests" name="[101] /home/travis/build/icyphy/ptII/ptolemy/domains/modal/test/auto/PreemptionHierarchy.xml (RunModel)" time="0.037" />
  <testcase classname="ptolemy.util.test.junit.AutoTests" name="[102] /home/travis/build/icyphy/ptII/ptolemy/domains/modal/test/auto/PreemptionHierarchy2.xml (RunModel)" time="0.043" />
  <testcase classname="ptolemy.util.test.junit.AutoTests" name="[103] /home/travis/build/icyphy/ptII/ptolemy/domains/modal/test/auto/PreemptiveTransition.xml (RunModel)" time="0.031" />
  <testcase classname="ptolemy.util.test.junit.AutoTests" name="[104] /home/travis/build/icyphy/ptII/ptolemy/domains/modal/test/auto/Priorities.xml (RunModel)" time="0.098" />
  <testcase classname="ptolemy.util.test.junit.AutoTests" name="[105] /home/travis/build/icyphy/ptII/ptolemy/domains/modal/test/auto/ResetFinal.xml (RunModel)" time="0.056" />
  <testcase classname="ptolemy.util.test.junit.AutoTests" name="[106] /home/travis/build/icyphy/ptII/ptolemy/domains/modal/test/auto/ResetFinal2.xml (RunModel)" time="0.041" />
  <testcase classname="ptolemy.util.test.junit.AutoTests" name="[107] /home/travis/build/icyphy/ptII/ptolemy/domains/modal/test/auto/ResetTransitionWithStartTime.xml (RunModel)" time="0.036" />
  <testcase classname="ptolemy.util.test.junit.AutoTests" name="[108] /home/travis/build/icyphy/ptII/ptolemy/domains/modal/test/auto/SDF-FSMComposite.xml (RunModel)" time="0.028" />
  <testcase classname="ptolemy.util.test.junit.AutoTests" name="[109] /home/travis/build/icyphy/ptII/ptolemy/domains/modal/test/auto/SeeminglyNondeterminate.xml (RunModel)" time="0.079" />
  <testcase classname="ptolemy.util.test.junit.AutoTests" name="[110] /home/travis/build/icyphy/ptII/ptolemy/domains/modal/test/auto/SeeminglyNondeterminate2.xml (RunModel)" time="0.095" />
  <testcase classname="ptolemy.util.test.junit.AutoTests" name="[111] /home/travis/build/icyphy/ptII/ptolemy/domains/modal/test/auto/SpontaneousFSM.xml (RunModel)" time="0.056" />
  <testcase classname="ptolemy.util.test.junit.AutoTests" name="[112] /home/travis/build/icyphy/ptII/ptolemy/domains/modal/test/auto/SpontaneousFSM2.xml (RunModel)" time="0.035" />
  <testcase classname="ptolemy.util.test.junit.AutoTests" name="[113] /home/travis/build/icyphy/ptII/ptolemy/domains/modal/test/auto/SpontaneousFSM3.xml (RunModel)" time="0.048" />
  <testcase classname="ptolemy.util.test.junit.AutoTests" name="[114] /home/travis/build/icyphy/ptII/ptolemy/domains/modal/test/auto/SpontaneousFSM4.xml (RunModel)" time="0.047" />
  <testcase classname="ptolemy.util.test.junit.AutoTests" name="[115] /home/travis/build/icyphy/ptII/ptolemy/domains/modal/test/auto/StateTrackerTest.xml (RunModel)" time="0.057" />
  <testcase classname="ptolemy.util.test.junit.AutoTests" name="[116] /home/travis/build/icyphy/ptII/ptolemy/domains/modal/test/auto/StrongImmediateTransition.xml (RunModel)" time="0.044" />
  <testcase classname="ptolemy.util.test.junit.AutoTests" name="[117] /home/travis/build/icyphy/ptII/ptolemy/domains/modal/test/auto/SustainHierarchy.xml (RunModel)" time="0.04" />
  <testcase classname="ptolemy.util.test.junit.AutoTests" name="[118] /home/travis/build/icyphy/ptII/ptolemy/domains/modal/test/auto/TerminationTransition1.xml (RunModel)" time="0.026" />
  <testcase classname="ptolemy.util.test.junit.AutoTests" name="[119] /home/travis/build/icyphy/ptII/ptolemy/domains/modal/test/auto/TerminationTransition2.xml (RunModel)" time="0.029" />
  <testcase classname="ptolemy.util.test.junit.AutoTests" name="[120] /home/travis/build/icyphy/ptII/ptolemy/domains/modal/test/auto/TerminationTransition3.xml (RunModel)" time="0.028" />
  <testcase classname="ptolemy.util.test.junit.AutoTests" name="[121] /home/travis/build/icyphy/ptII/ptolemy/domains/modal/test/auto/TerminationTransition4.xml (RunModel)" time="0.042" />
  <testcase classname="ptolemy.util.test.junit.AutoTests" name="[122] /home/travis/build/icyphy/ptII/ptolemy/domains/modal/test/auto/TerminationTransition5.xml (RunModel)" time="0.042" />
  <testcase classname="ptolemy.util.test.junit.AutoTests" name="[123] /home/travis/build/icyphy/ptII/ptolemy/domains/modal/test/auto/TerminationTransition6.xml (RunModel)" time="0.025" />
  <testcase classname="ptolemy.util.test.junit.AutoTests" name="[124] /home/travis/build/icyphy/ptII/ptolemy/domains/modal/test/auto/TerminationTransition7.xml (RunModel)" time="0.027" />
  <testcase classname="ptolemy.util.test.junit.AutoTests" name="[125] /home/travis/build/icyphy/ptII/ptolemy/domains/modal/test/auto/TerminationTransition8.xml (RunModel)" time="0.026" />
  <testcase classname="ptolemy.util.test.junit.AutoTests" name="[126] /home/travis/build/icyphy/ptII/ptolemy/domains/modal/test/auto/Thermostat_NoHysteresis.xml (RunModel)" time="0.076" />
  <testcase classname="ptolemy.util.test.junit.AutoTests" name="[127] /home/travis/build/icyphy/ptII/ptolemy/domains/modal/test/auto/TimedFSM.xml (RunModel)" time="0.04" />
  <testcase classname="ptolemy.util.test.junit.AutoTests" name="[128] /home/travis/build/icyphy/ptII/ptolemy/domains/modal/test/auto/Timeout1.xml (RunModel)" time="0.016" />
  <testcase classname="ptolemy.util.test.junit.AutoTests" name="[129] /home/travis/build/icyphy/ptII/ptolemy/domains/modal/test/auto/Timeout2.xml (RunModel)" time="0.025" />
  <testcase classname="ptolemy.util.test.junit.AutoTests" name="[130] /home/travis/build/icyphy/ptII/ptolemy/domains/modal/test/auto/Timeout3.xml (RunModel)" time="0.016" />
  <testcase classname="ptolemy.util.test.junit.AutoTests" name="[131] /home/travis/build/icyphy/ptII/ptolemy/domains/modal/test/auto/Timeout4.xml (RunModel)" time="0.014" />
  <testcase classname="ptolemy.util.test.junit.AutoTests" name="[132] /home/travis/build/icyphy/ptII/ptolemy/domains/modal/test/auto/TransientstateModelAdvanced.xml (RunModel)" time="0.038" />
  <testcase classname="ptolemy.util.test.junit.AutoTests" name="[133] /home/travis/build/icyphy/ptII/ptolemy/domains/modal/test/auto/TransientstateModelAdvanced2.xml (RunModel)" time="0.043" />
  <testcase classname="ptolemy.util.test.junit.AutoTests" name="[134] /home/travis/build/icyphy/ptII/ptolemy/domains/modal/test/auto/TransitionRefinements.xml (RunModel)" time="0.032" />
  <testcase classname="ptolemy.util.test.junit.AutoTests" name="[135] /home/travis/build/icyphy/ptII/ptolemy/domains/modal/test/auto/TwoRefinements1.xml (RunModel)" time="0.033" />
  <testcase classname="ptolemy.util.test.junit.AutoTests" name="[136] /home/travis/build/icyphy/ptII/ptolemy/domains/modal/test/auto/TwoRefinements2.xml (RunModel)" time="0.033" />
  <testcase classname="ptolemy.util.test.junit.AutoTests" name="[137] /home/travis/build/icyphy/ptII/ptolemy/domains/modal/test/auto/WeakImmediateTransition.xml (RunModel)" time="0.027" />
  <testcase classname="ptolemy.util.test.junit.AutoTests" name="[138] /home/travis/build/icyphy/ptII/ptolemy/domains/modal/test/auto/booleanSelect.xml (RunModel)" time="0.074" />
  <testcase classname="ptolemy.util.test.junit.AutoTests" name="[139] /home/travis/build/icyphy/ptII/ptolemy/domains/modal/test/auto/modalChangingParams.xml (RunModel)" time="0.362" />
  <testcase classname="ptolemy.util.test.junit.AutoTests" name="[140] /home/travis/build/icyphy/ptII/ptolemy/domains/modal/test/auto/modalModel.xml (RunModel)" time="0.039" />
  <testcase classname="ptolemy.util.test.junit.AutoTests" name="[141] /home/travis/build/icyphy/ptII/ptolemy/domains/modal/test/auto/modalModel2.xml (RunModel)" time="0.037" />
  <testcase classname="ptolemy.util.test.junit.AutoTests" name="[142] /home/travis/build/icyphy/ptII/ptolemy/domains/modal/test/auto/modalModel3.xml (RunModel)" time="0.045" />
  <testcase classname="ptolemy.util.test.junit.AutoTests" name="[143] /home/travis/build/icyphy/ptII/ptolemy/domains/modal/test/auto/model1.xml (RunModel)" time="0.023" />
  <testcase classname="ptolemy.util.test.junit.AutoTests" name="[144] /home/travis/build/icyphy/ptII/ptolemy/domains/modal/test/auto/test-direct-in-out.xml (RunModel)" time="0.027" />
  <system-out><![CDATA[/home/travis/build/icyphy/ptII/ptolemy/domains/modal/test/SystemLevelType.tcl
testDefs.tcl: setting time out to 9000 seconds at Fri May 25 01:20:48 UTC 2018
05/25/18 01:20:50
Failed: 0  Total Tests: 1  ((Passed: 1, Newly Passed: 0)  Known Failed: 0) /home/travis/build/icyphy/ptII/ptolemy/domains/modal/test
----------------- testing (KnownFailure) /home/travis/build/icyphy/ptII/ptolemy/domains/modal/test/auto/knownFailedTests/CannotAnalysisWithPreemption.xml
70 ms. Memory: 209408K Free: 129518K (62%)
Known Failure: java.lang.reflect.InvocationTargetException
No auto/*.xml tests in /home/travis/build/icyphy/ptII/ptolemy/domains/modal/test
AutoTests.java: About to close Vertx.
AutoTests.java: Vertx closed.
----------------- testing Fri May 25 01:20:51 UTC 2018 /home/travis/build/icyphy/ptII/ptolemy/domains/modal/test/auto/ABPTest.xml
----------------- Instantiating /home/travis/build/icyphy/ptII/ptolemy/domains/modal/test/auto/ABPTest.xml
405 ms. Memory: 209920K Free: 111662K (53%)
----------------- Invoking toplevel() on ptolemy.moml.MoMLSimpleApplication@62c754d6
----------------- Done invoking toplevel() on ptolemy.moml.MoMLSimpleApplication@62c754d6
reloadAllAccessors: .ABPTest
----------------- testing Fri May 25 01:20:52 UTC 2018 /home/travis/build/icyphy/ptII/ptolemy/domains/modal/test/auto/ABROFlat.xml
----------------- Instantiating /home/travis/build/icyphy/ptII/ptolemy/domains/modal/test/auto/ABROFlat.xml
36 ms. Memory: 209920K Free: 93046K (44%)
----------------- Invoking toplevel() on ptolemy.moml.MoMLSimpleApplication@1b0e3046
----------------- Done invoking toplevel() on ptolemy.moml.MoMLSimpleApplication@1b0e3046
reloadAllAccessors: .ABROFlat
----------------- testing Fri May 25 01:20:52 UTC 2018 /home/travis/build/icyphy/ptII/ptolemy/domains/modal/test/auto/ABROFlat2.xml
----------------- Instantiating /home/travis/build/icyphy/ptII/ptolemy/domains/modal/test/auto/ABROFlat2.xml
59 ms. Memory: 332800K Free: 322180K (97%)
----------------- Invoking toplevel() on ptolemy.moml.MoMLSimpleApplication@29cfe009
----------------- Done invoking toplevel() on ptolemy.moml.MoMLSimpleApplication@29cfe009
reloadAllAccessors: .ABROFlat2
----------------- testing Fri May 25 01:20:52 UTC 2018 /home/travis/build/icyphy/ptII/ptolemy/domains/modal/test/auto/ABRO_present_hmm.xml
----------------- Instantiating /home/travis/build/icyphy/ptII/ptolemy/domains/modal/test/auto/ABRO_present_hmm.xml
37 ms. Memory: 332800K Free: 286337K (86%)
----------------- Invoking toplevel() on ptolemy.moml.MoMLSimpleApplication@4110baa9
----------------- Done invoking toplevel() on ptolemy.moml.MoMLSimpleApplication@4110baa9
reloadAllAccessors: .ABRO_present_hmm
----------------- testing Fri May 25 01:20:52 UTC 2018 /home/travis/build/icyphy/ptII/ptolemy/domains/modal/test/auto/AMICoderExample.xml
----------------- Instantiating /home/travis/build/icyphy/ptII/ptolemy/domains/modal/test/auto/AMICoderExample.xml
25 ms. Memory: 332800K Free: 276484K (83%)
----------------- Invoking toplevel() on ptolemy.moml.MoMLSimpleApplication@19dae574
----------------- Done invoking toplevel() on ptolemy.moml.MoMLSimpleApplication@19dae574
reloadAllAccessors: .AMICoderExample
----------------- testing Fri May 25 01:20:53 UTC 2018 /home/travis/build/icyphy/ptII/ptolemy/domains/modal/test/auto/AbsentToPresent.xml
----------------- Instantiating /home/travis/build/icyphy/ptII/ptolemy/domains/modal/test/auto/AbsentToPresent.xml
7 ms. Memory: 332800K Free: 271573K (82%)
----------------- Invoking toplevel() on ptolemy.moml.MoMLSimpleApplication@56e35b66
----------------- Done invoking toplevel() on ptolemy.moml.MoMLSimpleApplication@56e35b66
reloadAllAccessors: .AbsentToPresent
----------------- testing Fri May 25 01:20:53 UTC 2018 /home/travis/build/icyphy/ptII/ptolemy/domains/modal/test/auto/Blending.xml
----------------- Instantiating /home/travis/build/icyphy/ptII/ptolemy/domains/modal/test/auto/Blending.xml
170 ms. Memory: 332800K Free: 218255K (66%)
----------------- Invoking toplevel() on ptolemy.moml.MoMLSimpleApplication@a8b2bdc
----------------- Done invoking toplevel() on ptolemy.moml.MoMLSimpleApplication@a8b2bdc
reloadAllAccessors: .Blending
----------------- testing Fri May 25 01:20:53 UTC 2018 /home/travis/build/icyphy/ptII/ptolemy/domains/modal/test/auto/Broadcast.xml
----------------- Instantiating /home/travis/build/icyphy/ptII/ptolemy/domains/modal/test/auto/Broadcast.xml
11 ms. Memory: 332800K Free: 205954K (62%)
----------------- Invoking toplevel() on ptolemy.moml.MoMLSimpleApplication@c7b42b2
----------------- Done invoking toplevel() on ptolemy.moml.MoMLSimpleApplication@c7b42b2
reloadAllAccessors: .Broadcast
----------------- testing Fri May 25 01:20:53 UTC 2018 /home/travis/build/icyphy/ptII/ptolemy/domains/modal/test/auto/BroadcastHierarchy.xml
----------------- Instantiating /home/travis/build/icyphy/ptII/ptolemy/domains/modal/test/auto/BroadcastHierarchy.xml
14 ms. Memory: 332800K Free: 187510K (56%)
----------------- Invoking toplevel() on ptolemy.moml.MoMLSimpleApplication@46a91be6
----------------- Done invoking toplevel() on ptolemy.moml.MoMLSimpleApplication@46a91be6
reloadAllAccessors: .BroadcastHierarchy
----------------- testing Fri May 25 01:20:53 UTC 2018 /home/travis/build/icyphy/ptII/ptolemy/domains/modal/test/auto/BroadcastHierarchy2.xml
----------------- Instantiating /home/travis/build/icyphy/ptII/ptolemy/domains/modal/test/auto/BroadcastHierarchy2.xml
28 ms. Memory: 332800K Free: 153077K (46%)
----------------- Invoking toplevel() on ptolemy.moml.MoMLSimpleApplication@2764d09d
----------------- Done invoking toplevel() on ptolemy.moml.MoMLSimpleApplication@2764d09d
reloadAllAccessors: .BroadcastHierarchy2
----------------- testing Fri May 25 01:20:53 UTC 2018 /home/travis/build/icyphy/ptII/ptolemy/domains/modal/test/auto/BroadcastHierarchy3.xml
----------------- Instantiating /home/travis/build/icyphy/ptII/ptolemy/domains/modal/test/auto/BroadcastHierarchy3.xml
28 ms. Memory: 332800K Free: 123218K (37%)
----------------- Invoking toplevel() on ptolemy.moml.MoMLSimpleApplication@548b8a20
----------------- Done invoking toplevel() on ptolemy.moml.MoMLSimpleApplication@548b8a20
reloadAllAccessors: .BroadcastHierarchy3
----------------- testing Fri May 25 01:20:53 UTC 2018 /home/travis/build/icyphy/ptII/ptolemy/domains/modal/test/auto/BroadcastHierarchy4.xml
----------------- Instantiating /home/travis/build/icyphy/ptII/ptolemy/domains/modal/test/auto/BroadcastHierarchy4.xml
22 ms. Memory: 332800K Free: 91265K (27%)
----------------- Invoking toplevel() on ptolemy.moml.MoMLSimpleApplication@337ba733
----------------- Done invoking toplevel() on ptolemy.moml.MoMLSimpleApplication@337ba733
reloadAllAccessors: .BroadcastHierarchy4
----------------- testing Fri May 25 01:20:54 UTC 2018 /home/travis/build/icyphy/ptII/ptolemy/domains/modal/test/auto/CannotAnalysisWithPreemption2.xml
----------------- Instantiating /home/travis/build/icyphy/ptII/ptolemy/domains/modal/test/auto/CannotAnalysisWithPreemption2.xml
3 ms. Memory: 332800K Free: 82667K (25%)
----------------- Invoking toplevel() on ptolemy.moml.MoMLSimpleApplication@43ae4a7f
----------------- Done invoking toplevel() on ptolemy.moml.MoMLSimpleApplication@43ae4a7f
reloadAllAccessors: .CannotAnalysisWithPreemption2
----------------- testing Fri May 25 01:20:54 UTC 2018 /home/travis/build/icyphy/ptII/ptolemy/domains/modal/test/auto/CannotAnalysisWithPreemption3.xml
----------------- Instantiating /home/travis/build/icyphy/ptII/ptolemy/domains/modal/test/auto/CannotAnalysisWithPreemption3.xml
4 ms. Memory: 332800K Free: 315051K (95%)
----------------- Invoking toplevel() on ptolemy.moml.MoMLSimpleApplication@480b23b9
----------------- Done invoking toplevel() on ptolemy.moml.MoMLSimpleApplication@480b23b9
reloadAllAccessors: .CannotAnalysisWithPreemption3
----------------- testing Fri May 25 01:20:54 UTC 2018 /home/travis/build/icyphy/ptII/ptolemy/domains/modal/test/auto/CannotProduce.xml
----------------- Instantiating /home/travis/build/icyphy/ptII/ptolemy/domains/modal/test/auto/CannotProduce.xml
11 ms. Memory: 332800K Free: 305999K (92%)
----------------- Invoking toplevel() on ptolemy.moml.MoMLSimpleApplication@4fbd2822
----------------- Done invoking toplevel() on ptolemy.moml.MoMLSimpleApplication@4fbd2822
reloadAllAccessors: .CannotProduce
----------------- testing Fri May 25 01:20:54 UTC 2018 /home/travis/build/icyphy/ptII/ptolemy/domains/modal/test/auto/CannotProduceModal.xml
----------------- Instantiating /home/travis/build/icyphy/ptII/ptolemy/domains/modal/test/auto/CannotProduceModal.xml
5 ms. Memory: 332800K Free: 297825K (89%)
----------------- Invoking toplevel() on ptolemy.moml.MoMLSimpleApplication@1197a9ca
----------------- Done invoking toplevel() on ptolemy.moml.MoMLSimpleApplication@1197a9ca
reloadAllAccessors: .CannotProduceModal
----------------- testing Fri May 25 01:20:54 UTC 2018 /home/travis/build/icyphy/ptII/ptolemy/domains/modal/test/auto/Case.xml
----------------- Instantiating /home/travis/build/icyphy/ptII/ptolemy/domains/modal/test/auto/Case.xml
39 ms. Memory: 332800K Free: 282851K (85%)
----------------- Invoking toplevel() on ptolemy.moml.MoMLSimpleApplication@146ecc46
----------------- Done invoking toplevel() on ptolemy.moml.MoMLSimpleApplication@146ecc46
reloadAllAccessors: .Case
----------------- testing Fri May 25 01:20:54 UTC 2018 /home/travis/build/icyphy/ptII/ptolemy/domains/modal/test/auto/Case1.xml
----------------- Instantiating /home/travis/build/icyphy/ptII/ptolemy/domains/modal/test/auto/Case1.xml
7 ms. Memory: 332800K Free: 274661K (83%)
----------------- Invoking toplevel() on ptolemy.moml.MoMLSimpleApplication@2984515b
----------------- Done invoking toplevel() on ptolemy.moml.MoMLSimpleApplication@2984515b
reloadAllAccessors: .Case1
----------------- testing Fri May 25 01:20:54 UTC 2018 /home/travis/build/icyphy/ptII/ptolemy/domains/modal/test/auto/Case2.xml
----------------- Instantiating /home/travis/build/icyphy/ptII/ptolemy/domains/modal/test/auto/Case2.xml
34 ms. Memory: 332800K Free: 263200K (79%)
----------------- Invoking toplevel() on ptolemy.moml.MoMLSimpleApplication@777b07f9
----------------- Done invoking toplevel() on ptolemy.moml.MoMLSimpleApplication@777b07f9
reloadAllAccessors: .Case2
----------------- testing Fri May 25 01:20:54 UTC 2018 /home/travis/build/icyphy/ptII/ptolemy/domains/modal/test/auto/CausalityInterface1.xml
----------------- Instantiating /home/travis/build/icyphy/ptII/ptolemy/domains/modal/test/auto/CausalityInterface1.xml
3 ms. Memory: 332800K Free: 254793K (77%)
----------------- Invoking toplevel() on ptolemy.moml.MoMLSimpleApplication@715182ce
----------------- Done invoking toplevel() on ptolemy.moml.MoMLSimpleApplication@715182ce
reloadAllAccessors: .CausalityInterface1
----------------- testing Fri May 25 01:20:54 UTC 2018 /home/travis/build/icyphy/ptII/ptolemy/domains/modal/test/auto/CausalityInterface10.xml
----------------- Instantiating /home/travis/build/icyphy/ptII/ptolemy/domains/modal/test/auto/CausalityInterface10.xml
17 ms. Memory: 332800K Free: 238397K (72%)
----------------- Invoking toplevel() on ptolemy.moml.MoMLSimpleApplication@3e067cdc
----------------- Done invoking toplevel() on ptolemy.moml.MoMLSimpleApplication@3e067cdc
reloadAllAccessors: .CausalityInterface10
----------------- testing Fri May 25 01:20:54 UTC 2018 /home/travis/build/icyphy/ptII/ptolemy/domains/modal/test/auto/CausalityInterface11.xml
----------------- Instantiating /home/travis/build/icyphy/ptII/ptolemy/domains/modal/test/auto/CausalityInterface11.xml
7 ms. Memory: 332800K Free: 220153K (66%)
----------------- Invoking toplevel() on ptolemy.moml.MoMLSimpleApplication@704f599d
----------------- Done invoking toplevel() on ptolemy.moml.MoMLSimpleApplication@704f599d
reloadAllAccessors: .CausalityInterface11
----------------- testing Fri May 25 01:20:54 UTC 2018 /home/travis/build/icyphy/ptII/ptolemy/domains/modal/test/auto/CausalityInterface12.xml
----------------- Instantiating /home/travis/build/icyphy/ptII/ptolemy/domains/modal/test/auto/CausalityInterface12.xml
10 ms. Memory: 332800K Free: 203772K (61%)
----------------- Invoking toplevel() on ptolemy.moml.MoMLSimpleApplication@73fab90a
----------------- Done invoking toplevel() on ptolemy.moml.MoMLSimpleApplication@73fab90a
reloadAllAccessors: .CausalityInterface12
----------------- testing Fri May 25 01:20:54 UTC 2018 /home/travis/build/icyphy/ptII/ptolemy/domains/modal/test/auto/CausalityInterface13.xml
----------------- Instantiating /home/travis/build/icyphy/ptII/ptolemy/domains/modal/test/auto/CausalityInterface13.xml
7 ms. Memory: 332800K Free: 187408K (56%)
----------------- Invoking toplevel() on ptolemy.moml.MoMLSimpleApplication@318fe024
----------------- Done invoking toplevel() on ptolemy.moml.MoMLSimpleApplication@318fe024
reloadAllAccessors: .CausalityInterface13
----------------- testing Fri May 25 01:20:54 UTC 2018 /home/travis/build/icyphy/ptII/ptolemy/domains/modal/test/auto/CausalityInterface14.xml
----------------- Instantiating /home/travis/build/icyphy/ptII/ptolemy/domains/modal/test/auto/CausalityInterface14.xml
12 ms. Memory: 332800K Free: 169163K (51%)
----------------- Invoking toplevel() on ptolemy.moml.MoMLSimpleApplication@1478a7df
----------------- Done invoking toplevel() on ptolemy.moml.MoMLSimpleApplication@1478a7df
reloadAllAccessors: .CausalityInterface14
----------------- testing Fri May 25 01:20:54 UTC 2018 /home/travis/build/icyphy/ptII/ptolemy/domains/modal/test/auto/CausalityInterface2.xml
----------------- Instantiating /home/travis/build/icyphy/ptII/ptolemy/domains/modal/test/auto/CausalityInterface2.xml
2 ms. Memory: 332800K Free: 160973K (48%)
----------------- Invoking toplevel() on ptolemy.moml.MoMLSimpleApplication@455a26fc
----------------- Done invoking toplevel() on ptolemy.moml.MoMLSimpleApplication@455a26fc
reloadAllAccessors: .CausalityInterface2
----------------- testing Fri May 25 01:20:54 UTC 2018 /home/travis/build/icyphy/ptII/ptolemy/domains/modal/test/auto/CausalityInterface3.xml
----------------- Instantiating /home/travis/build/icyphy/ptII/ptolemy/domains/modal/test/auto/CausalityInterface3.xml
5 ms. Memory: 332800K Free: 150935K (45%)
----------------- Invoking toplevel() on ptolemy.moml.MoMLSimpleApplication@eb464c2
----------------- Done invoking toplevel() on ptolemy.moml.MoMLSimpleApplication@eb464c2
reloadAllAccessors: .CausalityInterface3
----------------- testing Fri May 25 01:20:54 UTC 2018 /home/travis/build/icyphy/ptII/ptolemy/domains/modal/test/auto/CausalityInterface4.xml
----------------- Instantiating /home/travis/build/icyphy/ptII/ptolemy/domains/modal/test/auto/CausalityInterface4.xml
3 ms. Memory: 332800K Free: 142753K (43%)
----------------- Invoking toplevel() on ptolemy.moml.MoMLSimpleApplication@2f963e58
----------------- Done invoking toplevel() on ptolemy.moml.MoMLSimpleApplication@2f963e58
reloadAllAccessors: .CausalityInterface4
----------------- testing Fri May 25 01:20:55 UTC 2018 /home/travis/build/icyphy/ptII/ptolemy/domains/modal/test/auto/CausalityInterface5.xml
----------------- Instantiating /home/travis/build/icyphy/ptII/ptolemy/domains/modal/test/auto/CausalityInterface5.xml
5 ms. Memory: 332800K Free: 132931K (40%)
----------------- Invoking toplevel() on ptolemy.moml.MoMLSimpleApplication@7527db7
----------------- Done invoking toplevel() on ptolemy.moml.MoMLSimpleApplication@7527db7
reloadAllAccessors: .CausalityInterface5
----------------- testing Fri May 25 01:20:55 UTC 2018 /home/travis/build/icyphy/ptII/ptolemy/domains/modal/test/auto/CausalityInterface6.xml
----------------- Instantiating /home/travis/build/icyphy/ptII/ptolemy/domains/modal/test/auto/CausalityInterface6.xml
5 ms. Memory: 332800K Free: 121245K (36%)
----------------- Invoking toplevel() on ptolemy.moml.MoMLSimpleApplication@76f5277
----------------- Done invoking toplevel() on ptolemy.moml.MoMLSimpleApplication@76f5277
reloadAllAccessors: .CausalityInterface6
----------------- testing Fri May 25 01:20:55 UTC 2018 /home/travis/build/icyphy/ptII/ptolemy/domains/modal/test/auto/CausalityInterface7.xml
----------------- Instantiating /home/travis/build/icyphy/ptII/ptolemy/domains/modal/test/auto/CausalityInterface7.xml
4 ms. Memory: 332800K Free: 111423K (33%)
----------------- Invoking toplevel() on ptolemy.moml.MoMLSimpleApplication@7152fa4b
----------------- Done invoking toplevel() on ptolemy.moml.MoMLSimpleApplication@7152fa4b
reloadAllAccessors: .CausalityInterface7
----------------- testing Fri May 25 01:20:55 UTC 2018 /home/travis/build/icyphy/ptII/ptolemy/domains/modal/test/auto/CausalityInterface8.xml
----------------- Instantiating /home/travis/build/icyphy/ptII/ptolemy/domains/modal/test/auto/CausalityInterface8.xml
8 ms. Memory: 332800K Free: 99761K (30%)
----------------- Invoking toplevel() on ptolemy.moml.MoMLSimpleApplication@1289ea61
----------------- Done invoking toplevel() on ptolemy.moml.MoMLSimpleApplication@1289ea61
reloadAllAccessors: .CausalityInterface8
----------------- testing Fri May 25 01:20:55 UTC 2018 /home/travis/build/icyphy/ptII/ptolemy/domains/modal/test/auto/CausalityInterface9.xml
----------------- Instantiating /home/travis/build/icyphy/ptII/ptolemy/domains/modal/test/auto/CausalityInterface9.xml
4 ms. Memory: 332800K Free: 88324K (27%)
----------------- Invoking toplevel() on ptolemy.moml.MoMLSimpleApplication@6cd7c52c
----------------- Done invoking toplevel() on ptolemy.moml.MoMLSimpleApplication@6cd7c52c
reloadAllAccessors: .CausalityInterface9
----------------- testing Fri May 25 01:20:55 UTC 2018 /home/travis/build/icyphy/ptII/ptolemy/domains/modal/test/auto/ChainedTransitions.xml
----------------- Instantiating /home/travis/build/icyphy/ptII/ptolemy/domains/modal/test/auto/ChainedTransitions.xml
105 ms. Memory: 479232K Free: 452318K (94%)
----------------- Invoking toplevel() on ptolemy.moml.MoMLSimpleApplication@5b3119e5
----------------- Done invoking toplevel() on ptolemy.moml.MoMLSimpleApplication@5b3119e5
reloadAllAccessors: .ChainedTransitions
----------------- testing Fri May 25 01:20:55 UTC 2018 /home/travis/build/icyphy/ptII/ptolemy/domains/modal/test/auto/CycleOfImmediateTransitionsFSM.xml
----------------- Instantiating /home/travis/build/icyphy/ptII/ptolemy/domains/modal/test/auto/CycleOfImmediateTransitionsFSM.xml
4 ms. Memory: 479232K Free: 439748K (92%)
----------------- Invoking toplevel() on ptolemy.moml.MoMLSimpleApplication@76b4ca7c
----------------- Done invoking toplevel() on ptolemy.moml.MoMLSimpleApplication@76b4ca7c
reloadAllAccessors: .CycleOfImmediateTransitionsFSM
----------------- testing Fri May 25 01:20:55 UTC 2018 /home/travis/build/icyphy/ptII/ptolemy/domains/modal/test/auto/CycleOfImmediateTransitionsModal.xml
----------------- Instantiating /home/travis/build/icyphy/ptII/ptolemy/domains/modal/test/auto/CycleOfImmediateTransitionsModal.xml
3 ms. Memory: 479232K Free: 429300K (90%)
----------------- Invoking toplevel() on ptolemy.moml.MoMLSimpleApplication@6220e7ba
----------------- Done invoking toplevel() on ptolemy.moml.MoMLSimpleApplication@6220e7ba
reloadAllAccessors: .CycleOfImmediateTransitionsModal
----------------- testing Fri May 25 01:20:55 UTC 2018 /home/travis/build/icyphy/ptII/ptolemy/domains/modal/test/auto/CycleOfImmediateTransitionsModal2.xml
----------------- Instantiating /home/travis/build/icyphy/ptII/ptolemy/domains/modal/test/auto/CycleOfImmediateTransitionsModal2.xml
8 ms. Memory: 479232K Free: 416745K (87%)
----------------- Invoking toplevel() on ptolemy.moml.MoMLSimpleApplication@12cade59
----------------- Done invoking toplevel() on ptolemy.moml.MoMLSimpleApplication@12cade59
reloadAllAccessors: .CycleOfImmediateTransitionsModal2
----------------- testing Fri May 25 01:20:55 UTC 2018 /home/travis/build/icyphy/ptII/ptolemy/domains/modal/test/auto/CycleOfImmediateTransitionsModal3.xml
----------------- Instantiating /home/travis/build/icyphy/ptII/ptolemy/domains/modal/test/auto/CycleOfImmediateTransitionsModal3.xml
11 ms. Memory: 479232K Free: 388003K (81%)
----------------- Invoking toplevel() on ptolemy.moml.MoMLSimpleApplication@79c7185d
----------------- Done invoking toplevel() on ptolemy.moml.MoMLSimpleApplication@79c7185d
reloadAllAccessors: .CycleOfImmediateTransitionsModal3
----------------- testing Fri May 25 01:20:55 UTC 2018 /home/travis/build/icyphy/ptII/ptolemy/domains/modal/test/auto/DeepModal1.xml
----------------- Instantiating /home/travis/build/icyphy/ptII/ptolemy/domains/modal/test/auto/DeepModal1.xml
41 ms. Memory: 479232K Free: 372332K (78%)
----------------- Invoking toplevel() on ptolemy.moml.MoMLSimpleApplication@537546b8
----------------- Done invoking toplevel() on ptolemy.moml.MoMLSimpleApplication@537546b8
reloadAllAccessors: .DeepModal1
----------------- testing Fri May 25 01:20:55 UTC 2018 /home/travis/build/icyphy/ptII/ptolemy/domains/modal/test/auto/DeepModal2.xml
----------------- Instantiating /home/travis/build/icyphy/ptII/ptolemy/domains/modal/test/auto/DeepModal2.xml
22 ms. Memory: 479232K Free: 346682K (72%)
----------------- Invoking toplevel() on ptolemy.moml.MoMLSimpleApplication@4d03f329
----------------- Done invoking toplevel() on ptolemy.moml.MoMLSimpleApplication@4d03f329
reloadAllAccessors: .DeepModal2
----------------- testing Fri May 25 01:20:55 UTC 2018 /home/travis/build/icyphy/ptII/ptolemy/domains/modal/test/auto/DeepModal3.xml
----------------- Instantiating /home/travis/build/icyphy/ptII/ptolemy/domains/modal/test/auto/DeepModal3.xml
40 ms. Memory: 479232K Free: 323164K (67%)
----------------- Invoking toplevel() on ptolemy.moml.MoMLSimpleApplication@2bb367cb
----------------- Done invoking toplevel() on ptolemy.moml.MoMLSimpleApplication@2bb367cb
reloadAllAccessors: .DeepModal3
----------------- testing Fri May 25 01:20:55 UTC 2018 /home/travis/build/icyphy/ptII/ptolemy/domains/modal/test/auto/DeepModal4.xml
----------------- Instantiating /home/travis/build/icyphy/ptII/ptolemy/domains/modal/test/auto/DeepModal4.xml
33 ms. Memory: 479232K Free: 299645K (63%)
----------------- Invoking toplevel() on ptolemy.moml.MoMLSimpleApplication@40377fda
----------------- Done invoking toplevel() on ptolemy.moml.MoMLSimpleApplication@40377fda
reloadAllAccessors: .DeepModal4
----------------- testing Fri May 25 01:20:56 UTC 2018 /home/travis/build/icyphy/ptII/ptolemy/domains/modal/test/auto/Default1.xml
----------------- Instantiating /home/travis/build/icyphy/ptII/ptolemy/domains/modal/test/auto/Default1.xml
2 ms. Memory: 479232K Free: 287083K (60%)
----------------- Invoking toplevel() on ptolemy.moml.MoMLSimpleApplication@5b20ff35
----------------- Done invoking toplevel() on ptolemy.moml.MoMLSimpleApplication@5b20ff35
reloadAllAccessors: .Default1
----------------- testing Fri May 25 01:20:56 UTC 2018 /home/travis/build/icyphy/ptII/ptolemy/domains/modal/test/auto/Default2.xml
----------------- Instantiating /home/travis/build/icyphy/ptII/ptolemy/domains/modal/test/auto/Default2.xml
3 ms. Memory: 479232K Free: 279251K (58%)
----------------- Invoking toplevel() on ptolemy.moml.MoMLSimpleApplication@200bc583
----------------- Done invoking toplevel() on ptolemy.moml.MoMLSimpleApplication@200bc583
reloadAllAccessors: .Default2
----------------- testing Fri May 25 01:20:56 UTC 2018 /home/travis/build/icyphy/ptII/ptolemy/domains/modal/test/auto/Default3.xml
----------------- Instantiating /home/travis/build/icyphy/ptII/ptolemy/domains/modal/test/auto/Default3.xml
3 ms. Memory: 479232K Free: 268788K (56%)
----------------- Invoking toplevel() on ptolemy.moml.MoMLSimpleApplication@15612efb
----------------- Done invoking toplevel() on ptolemy.moml.MoMLSimpleApplication@15612efb
reloadAllAccessors: .Default3
----------------- testing Fri May 25 01:20:56 UTC 2018 /home/travis/build/icyphy/ptII/ptolemy/domains/modal/test/auto/Default4.xml
----------------- Instantiating /home/travis/build/icyphy/ptII/ptolemy/domains/modal/test/auto/Default4.xml
7 ms. Memory: 479232K Free: 258857K (54%)
----------------- Invoking toplevel() on ptolemy.moml.MoMLSimpleApplication@7ae41744
----------------- Done invoking toplevel() on ptolemy.moml.MoMLSimpleApplication@7ae41744
reloadAllAccessors: .Default4
----------------- testing Fri May 25 01:20:56 UTC 2018 /home/travis/build/icyphy/ptII/ptolemy/domains/modal/test/auto/Default5.xml
----------------- Instantiating /home/travis/build/icyphy/ptII/ptolemy/domains/modal/test/auto/Default5.xml
7 ms. Memory: 479232K Free: 245810K (51%)
----------------- Invoking toplevel() on ptolemy.moml.MoMLSimpleApplication@28a20570
----------------- Done invoking toplevel() on ptolemy.moml.MoMLSimpleApplication@28a20570
reloadAllAccessors: .Default5
----------------- testing Fri May 25 01:20:56 UTC 2018 /home/travis/build/icyphy/ptII/ptolemy/domains/modal/test/auto/EmptyGuard.xml
----------------- Instantiating /home/travis/build/icyphy/ptII/ptolemy/domains/modal/test/auto/EmptyGuard.xml
14 ms. Memory: 479232K Free: 233247K (49%)
----------------- Invoking toplevel() on ptolemy.moml.MoMLSimpleApplication@2c7978bd
----------------- Done invoking toplevel() on ptolemy.moml.MoMLSimpleApplication@2c7978bd
reloadAllAccessors: .EmptyGuard
----------------- testing Fri May 25 01:20:56 UTC 2018 /home/travis/build/icyphy/ptII/ptolemy/domains/modal/test/auto/ErrorTransition1.xml
----------------- Instantiating /home/travis/build/icyphy/ptII/ptolemy/domains/modal/test/auto/ErrorTransition1.xml
8 ms. Memory: 479232K Free: 222808K (46%)
----------------- Invoking toplevel() on ptolemy.moml.MoMLSimpleApplication@1ad3f1e7
----------------- Done invoking toplevel() on ptolemy.moml.MoMLSimpleApplication@1ad3f1e7
reloadAllAccessors: .ErrorTransition1
----------------- testing Fri May 25 01:20:56 UTC 2018 /home/travis/build/icyphy/ptII/ptolemy/domains/modal/test/auto/ErrorTransition10.xml
----------------- Instantiating /home/travis/build/icyphy/ptII/ptolemy/domains/modal/test/auto/ErrorTransition10.xml
11 ms. Memory: 479232K Free: 204520K (43%)
----------------- Invoking toplevel() on ptolemy.moml.MoMLSimpleApplication@57d16e79
----------------- Done invoking toplevel() on ptolemy.moml.MoMLSimpleApplication@57d16e79
reloadAllAccessors: .ErrorTransition10
----------------- testing Fri May 25 01:20:56 UTC 2018 /home/travis/build/icyphy/ptII/ptolemy/domains/modal/test/auto/ErrorTransition11.xml
----------------- Instantiating /home/travis/build/icyphy/ptII/ptolemy/domains/modal/test/auto/ErrorTransition11.xml
5 ms. Memory: 479232K Free: 186733K (39%)
----------------- Invoking toplevel() on ptolemy.moml.MoMLSimpleApplication@ab8c7dd
----------------- Done invoking toplevel() on ptolemy.moml.MoMLSimpleApplication@ab8c7dd
reloadAllAccessors: .ErrorTransition11
----------------- testing Fri May 25 01:20:56 UTC 2018 /home/travis/build/icyphy/ptII/ptolemy/domains/modal/test/auto/ErrorTransition2.xml
----------------- Instantiating /home/travis/build/icyphy/ptII/ptolemy/domains/modal/test/auto/ErrorTransition2.xml
5 ms. Memory: 479232K Free: 176294K (37%)
----------------- Invoking toplevel() on ptolemy.moml.MoMLSimpleApplication@62dd69f4
----------------- Done invoking toplevel() on ptolemy.moml.MoMLSimpleApplication@62dd69f4
reloadAllAccessors: .ErrorTransition2
----------------- testing Fri May 25 01:20:56 UTC 2018 /home/travis/build/icyphy/ptII/ptolemy/domains/modal/test/auto/ErrorTransition3.xml
----------------- Instantiating /home/travis/build/icyphy/ptII/ptolemy/domains/modal/test/auto/ErrorTransition3.xml
15 ms. Memory: 479232K Free: 165855K (35%)
----------------- Invoking toplevel() on ptolemy.moml.MoMLSimpleApplication@47bdd884
----------------- Done invoking toplevel() on ptolemy.moml.MoMLSimpleApplication@47bdd884
reloadAllAccessors: .ErrorTransition3
----------------- testing Fri May 25 01:20:56 UTC 2018 /home/travis/build/icyphy/ptII/ptolemy/domains/modal/test/auto/ErrorTransition4.xml
----------------- Instantiating /home/travis/build/icyphy/ptII/ptolemy/domains/modal/test/auto/ErrorTransition4.xml
13 ms. Memory: 479232K Free: 142853K (30%)
----------------- Invoking toplevel() on ptolemy.moml.MoMLSimpleApplication@31719ace
----------------- Done invoking toplevel() on ptolemy.moml.MoMLSimpleApplication@31719ace
reloadAllAccessors: .ErrorTransition4
----------------- testing Fri May 25 01:20:56 UTC 2018 /home/travis/build/icyphy/ptII/ptolemy/domains/modal/test/auto/ErrorTransition5.xml
----------------- Instantiating /home/travis/build/icyphy/ptII/ptolemy/domains/modal/test/auto/ErrorTransition5.xml
6 ms. Memory: 479232K Free: 129790K (27%)
----------------- Invoking toplevel() on ptolemy.moml.MoMLSimpleApplication@7dad2ea0
----------------- Done invoking toplevel() on ptolemy.moml.MoMLSimpleApplication@7dad2ea0
reloadAllAccessors: .ErrorTransition5
----------------- testing Fri May 25 01:20:56 UTC 2018 /home/travis/build/icyphy/ptII/ptolemy/domains/modal/test/auto/ErrorTransition6.xml
----------------- Instantiating /home/travis/build/icyphy/ptII/ptolemy/domains/modal/test/auto/ErrorTransition6.xml
8 ms. Memory: 479232K Free: 116719K (24%)
----------------- Invoking toplevel() on ptolemy.moml.MoMLSimpleApplication@16935370
----------------- Done invoking toplevel() on ptolemy.moml.MoMLSimpleApplication@16935370
reloadAllAccessors: .ErrorTransition6
----------------- testing Fri May 25 01:20:56 UTC 2018 /home/travis/build/icyphy/ptII/ptolemy/domains/modal/test/auto/ErrorTransition7.xml
----------------- Instantiating /home/travis/build/icyphy/ptII/ptolemy/domains/modal/test/auto/ErrorTransition7.xml
12 ms. Memory: 479232K Free: 98917K (21%)
----------------- Invoking toplevel() on ptolemy.moml.MoMLSimpleApplication@4c7bf160
----------------- Done invoking toplevel() on ptolemy.moml.MoMLSimpleApplication@4c7bf160
reloadAllAccessors: .ErrorTransition7
----------------- testing Fri May 25 01:20:56 UTC 2018 /home/travis/build/icyphy/ptII/ptolemy/domains/modal/test/auto/ErrorTransition8.xml
----------------- Instantiating /home/travis/build/icyphy/ptII/ptolemy/domains/modal/test/auto/ErrorTransition8.xml
30 ms. Memory: 479232K Free: 80598K (17%)
----------------- Invoking toplevel() on ptolemy.moml.MoMLSimpleApplication@14434431
----------------- Done invoking toplevel() on ptolemy.moml.MoMLSimpleApplication@14434431
reloadAllAccessors: .ErrorTransition8
----------------- testing Fri May 25 01:20:56 UTC 2018 /home/travis/build/icyphy/ptII/ptolemy/domains/modal/test/auto/ErrorTransition9.xml
----------------- Instantiating /home/travis/build/icyphy/ptII/ptolemy/domains/modal/test/auto/ErrorTransition9.xml
18 ms. Memory: 479744K Free: 451834K (94%)
----------------- Invoking toplevel() on ptolemy.moml.MoMLSimpleApplication@20061d6c
----------------- Done invoking toplevel() on ptolemy.moml.MoMLSimpleApplication@20061d6c
reloadAllAccessors: .ErrorTransition9
----------------- testing Fri May 25 01:20:56 UTC 2018 /home/travis/build/icyphy/ptII/ptolemy/domains/modal/test/auto/ExtendedFSM.xml
----------------- Instantiating /home/travis/build/icyphy/ptII/ptolemy/domains/modal/test/auto/ExtendedFSM.xml
15 ms. Memory: 479744K Free: 439858K (92%)
----------------- Invoking toplevel() on ptolemy.moml.MoMLSimpleApplication@7e32aa2
----------------- Done invoking toplevel() on ptolemy.moml.MoMLSimpleApplication@7e32aa2
reloadAllAccessors: .ExtendedFSM
----------------- testing Fri May 25 01:20:56 UTC 2018 /home/travis/build/icyphy/ptII/ptolemy/domains/modal/test/auto/FinalStates.xml
----------------- Instantiating /home/travis/build/icyphy/ptII/ptolemy/domains/modal/test/auto/FinalStates.xml
5 ms. Memory: 479744K Free: 427890K (89%)
----------------- Invoking toplevel() on ptolemy.moml.MoMLSimpleApplication@49256922
----------------- Done invoking toplevel() on ptolemy.moml.MoMLSimpleApplication@49256922
reloadAllAccessors: .FinalStates
----------------- testing Fri May 25 01:20:56 UTC 2018 /home/travis/build/icyphy/ptII/ptolemy/domains/modal/test/auto/FixedPointFSM.xml
----------------- Instantiating /home/travis/build/icyphy/ptII/ptolemy/domains/modal/test/auto/FixedPointFSM.xml
15 ms. Memory: 479744K Free: 409603K (85%)
----------------- Invoking toplevel() on ptolemy.moml.MoMLSimpleApplication@501d9fdd
----------------- Done invoking toplevel() on ptolemy.moml.MoMLSimpleApplication@501d9fdd
reloadAllAccessors: .FixedPointFSM
----------------- testing Fri May 25 01:20:56 UTC 2018 /home/travis/build/icyphy/ptII/ptolemy/domains/modal/test/auto/FixedPointIterationFSMActor.xml
----------------- Instantiating /home/travis/build/icyphy/ptII/ptolemy/domains/modal/test/auto/FixedPointIterationFSMActor.xml
7 ms. Memory: 479744K Free: 395028K (82%)
----------------- Invoking toplevel() on ptolemy.moml.MoMLSimpleApplication@5bd6dc7d
----------------- Done invoking toplevel() on ptolemy.moml.MoMLSimpleApplication@5bd6dc7d
reloadAllAccessors: .FixedPointIterationFSMActor
----------------- testing Fri May 25 01:20:56 UTC 2018 /home/travis/build/icyphy/ptII/ptolemy/domains/modal/test/auto/FixedPointIterationFSMActor2.xml
----------------- Instantiating /home/travis/build/icyphy/ptII/ptolemy/domains/modal/test/auto/FixedPointIterationFSMActor2.xml
11 ms. Memory: 479744K Free: 379357K (79%)
----------------- Invoking toplevel() on ptolemy.moml.MoMLSimpleApplication@3d9023af
----------------- Done invoking toplevel() on ptolemy.moml.MoMLSimpleApplication@3d9023af
reloadAllAccessors: .FixedPointIterationFSMActor2
----------------- testing Fri May 25 01:20:56 UTC 2018 /home/travis/build/icyphy/ptII/ptolemy/domains/modal/test/auto/ForbiddenInstantanousLoop.xml
----------------- Instantiating /home/travis/build/icyphy/ptII/ptolemy/domains/modal/test/auto/ForbiddenInstantanousLoop.xml
6 ms. Memory: 479744K Free: 362149K (75%)
----------------- Invoking toplevel() on ptolemy.moml.MoMLSimpleApplication@4fd0b2d8
----------------- Done invoking toplevel() on ptolemy.moml.MoMLSimpleApplication@4fd0b2d8
reloadAllAccessors: .ForbiddenInstantanousLoop
----------------- testing Fri May 25 01:20:57 UTC 2018 /home/travis/build/icyphy/ptII/ptolemy/domains/modal/test/auto/FunctionDependencyOfFSMActorTest.xml
----------------- Instantiating /home/travis/build/icyphy/ptII/ptolemy/domains/modal/test/auto/FunctionDependencyOfFSMActorTest.xml
9 ms. Memory: 479744K Free: 354310K (74%)
----------------- Invoking toplevel() on ptolemy.moml.MoMLSimpleApplication@44d9bb46
----------------- Done invoking toplevel() on ptolemy.moml.MoMLSimpleApplication@44d9bb46
reloadAllAccessors: .FunctionDependencyOfFSMActorTest
----------------- testing Fri May 25 01:20:57 UTC 2018 /home/travis/build/icyphy/ptII/ptolemy/domains/modal/test/auto/GuardExpression.xml
----------------- Instantiating /home/travis/build/icyphy/ptII/ptolemy/domains/modal/test/auto/GuardExpression.xml
2 ms. Memory: 479744K Free: 344950K (72%)
----------------- Invoking toplevel() on ptolemy.moml.MoMLSimpleApplication@21f6377d
----------------- Done invoking toplevel() on ptolemy.moml.MoMLSimpleApplication@21f6377d
reloadAllAccessors: .GuardExpression
----------------- testing Fri May 25 01:20:57 UTC 2018 /home/travis/build/icyphy/ptII/ptolemy/domains/modal/test/auto/GuardNotEvaluated.xml
----------------- Instantiating /home/travis/build/icyphy/ptII/ptolemy/domains/modal/test/auto/GuardNotEvaluated.xml
7 ms. Memory: 479744K Free: 334510K (70%)
----------------- Invoking toplevel() on ptolemy.moml.MoMLSimpleApplication@676a86a5
----------------- Done invoking toplevel() on ptolemy.moml.MoMLSimpleApplication@676a86a5
reloadAllAccessors: .GuardNotEvaluated
----------------- testing Fri May 25 01:20:57 UTC 2018 /home/travis/build/icyphy/ptII/ptolemy/domains/modal/test/auto/GuardNotEvaluated2.xml
----------------- Instantiating /home/travis/build/icyphy/ptII/ptolemy/domains/modal/test/auto/GuardNotEvaluated2.xml
7 ms. Memory: 479744K Free: 322534K (67%)
----------------- Invoking toplevel() on ptolemy.moml.MoMLSimpleApplication@5141d7a3
----------------- Done invoking toplevel() on ptolemy.moml.MoMLSimpleApplication@5141d7a3
reloadAllAccessors: .GuardNotEvaluated2
----------------- testing Fri May 25 01:20:57 UTC 2018 /home/travis/build/icyphy/ptII/ptolemy/domains/modal/test/auto/GuardOnAbsent.xml
----------------- Instantiating /home/travis/build/icyphy/ptII/ptolemy/domains/modal/test/auto/GuardOnAbsent.xml
8 ms. Memory: 479744K Free: 312071K (65%)
----------------- Invoking toplevel() on ptolemy.moml.MoMLSimpleApplication@53cda949
----------------- Done invoking toplevel() on ptolemy.moml.MoMLSimpleApplication@53cda949
reloadAllAccessors: .GuardOnAbsent
----------------- testing Fri May 25 01:20:57 UTC 2018 /home/travis/build/icyphy/ptII/ptolemy/domains/modal/test/auto/HierarchicalFSMTypeInference.xml
----------------- Instantiating /home/travis/build/icyphy/ptII/ptolemy/domains/modal/test/auto/HierarchicalFSMTypeInference.xml
6 ms. Memory: 479744K Free: 294879K (61%)
----------------- Invoking toplevel() on ptolemy.moml.MoMLSimpleApplication@5d81624d
----------------- Done invoking toplevel() on ptolemy.moml.MoMLSimpleApplication@5d81624d
reloadAllAccessors: .HierarchicalFSMTypeInference
----------------- testing Fri May 25 01:20:57 UTC 2018 /home/travis/build/icyphy/ptII/ptolemy/domains/modal/test/auto/Hysteresis.xml
----------------- Instantiating /home/travis/build/icyphy/ptII/ptolemy/domains/modal/test/auto/Hysteresis.xml
12 ms. Memory: 479744K Free: 276601K (58%)
----------------- Invoking toplevel() on ptolemy.moml.MoMLSimpleApplication@4975919a
----------------- Done invoking toplevel() on ptolemy.moml.MoMLSimpleApplication@4975919a
reloadAllAccessors: .Hysteresis
----------------- testing Fri May 25 01:20:57 UTC 2018 /home/travis/build/icyphy/ptII/ptolemy/domains/modal/test/auto/HysteresisWithDefault.xml
----------------- Instantiating /home/travis/build/icyphy/ptII/ptolemy/domains/modal/test/auto/HysteresisWithDefault.xml
44 ms. Memory: 479744K Free: 248930K (52%)
----------------- Invoking toplevel() on ptolemy.moml.MoMLSimpleApplication@317419e4
----------------- Done invoking toplevel() on ptolemy.moml.MoMLSimpleApplication@317419e4
reloadAllAccessors: .HysteresisWithDefault
----------------- testing Fri May 25 01:20:57 UTC 2018 /home/travis/build/icyphy/ptII/ptolemy/domains/modal/test/auto/HysteresisWithDefault2.xml
----------------- Instantiating /home/travis/build/icyphy/ptII/ptolemy/domains/modal/test/auto/HysteresisWithDefault2.xml
55 ms. Memory: 479744K Free: 214965K (45%)
----------------- Invoking toplevel() on ptolemy.moml.MoMLSimpleApplication@584bc0aa
----------------- Done invoking toplevel() on ptolemy.moml.MoMLSimpleApplication@584bc0aa
reloadAllAccessors: .HysteresisWithDefault2
----------------- testing Fri May 25 01:20:57 UTC 2018 /home/travis/build/icyphy/ptII/ptolemy/domains/modal/test/auto/ImmediateNonConstructiveness.xml
----------------- Instantiating /home/travis/build/icyphy/ptII/ptolemy/domains/modal/test/auto/ImmediateNonConstructiveness.xml
5 ms. Memory: 479744K Free: 202997K (42%)
----------------- Invoking toplevel() on ptolemy.moml.MoMLSimpleApplication@5074cfb3
----------------- Done invoking toplevel() on ptolemy.moml.MoMLSimpleApplication@5074cfb3
reloadAllAccessors: .ImmediateNonConstructiveness
----------------- testing Fri May 25 01:20:57 UTC 2018 /home/travis/build/icyphy/ptII/ptolemy/domains/modal/test/auto/ImmediateNonConstructiveness2.xml
----------------- Instantiating /home/travis/build/icyphy/ptII/ptolemy/domains/modal/test/auto/ImmediateNonConstructiveness2.xml
2 ms. Memory: 479744K Free: 192550K (40%)
----------------- Invoking toplevel() on ptolemy.moml.MoMLSimpleApplication@2c999e82
----------------- Done invoking toplevel() on ptolemy.moml.MoMLSimpleApplication@2c999e82
reloadAllAccessors: .ImmediateNonConstructiveness2
----------------- testing Fri May 25 01:20:57 UTC 2018 /home/travis/build/icyphy/ptII/ptolemy/domains/modal/test/auto/ImmediateTransitionReset.xml
----------------- Instantiating /home/travis/build/icyphy/ptII/ptolemy/domains/modal/test/auto/ImmediateTransitionReset.xml
6 ms. Memory: 479744K Free: 175350K (37%)
----------------- Invoking toplevel() on ptolemy.moml.MoMLSimpleApplication@29223301
----------------- Done invoking toplevel() on ptolemy.moml.MoMLSimpleApplication@29223301
reloadAllAccessors: .ImmediateTransitionReset
----------------- testing Fri May 25 01:20:57 UTC 2018 /home/travis/build/icyphy/ptII/ptolemy/domains/modal/test/auto/ImmediateTransitions1.xml
----------------- Instantiating /home/travis/build/icyphy/ptII/ptolemy/domains/modal/test/auto/ImmediateTransitions1.xml
2 ms. Memory: 479744K Free: 167511K (35%)
----------------- Invoking toplevel() on ptolemy.moml.MoMLSimpleApplication@35ec627a
----------------- Done invoking toplevel() on ptolemy.moml.MoMLSimpleApplication@35ec627a
reloadAllAccessors: .ImmediateTransitions1
----------------- testing Fri May 25 01:20:57 UTC 2018 /home/travis/build/icyphy/ptII/ptolemy/domains/modal/test/auto/ImmediateTransitionsInstantaneousCommunication.xml
----------------- Instantiating /home/travis/build/icyphy/ptII/ptolemy/domains/modal/test/auto/ImmediateTransitionsInstantaneousCommunication.xml
4 ms. Memory: 479744K Free: 150295K (31%)
----------------- Invoking toplevel() on ptolemy.moml.MoMLSimpleApplication@1a895ec9
----------------- Done invoking toplevel() on ptolemy.moml.MoMLSimpleApplication@1a895ec9
reloadAllAccessors: .ImmediateTransitionsInstantaneousCommunication
----------------- testing Fri May 25 01:20:57 UTC 2018 /home/travis/build/icyphy/ptII/ptolemy/domains/modal/test/auto/InitialImmediateTransition.xml
----------------- Instantiating /home/travis/build/icyphy/ptII/ptolemy/domains/modal/test/auto/InitialImmediateTransition.xml
4 ms. Memory: 479744K Free: 139832K (29%)
----------------- Invoking toplevel() on ptolemy.moml.MoMLSimpleApplication@30f42f95
----------------- Done invoking toplevel() on ptolemy.moml.MoMLSimpleApplication@30f42f95
reloadAllAccessors: .InitialImmediateTransition
----------------- testing Fri May 25 01:20:57 UTC 2018 /home/travis/build/icyphy/ptII/ptolemy/domains/modal/test/auto/InitialOutputs.xml
----------------- Instantiating /home/travis/build/icyphy/ptII/ptolemy/domains/modal/test/auto/InitialOutputs.xml
3 ms. Memory: 479744K Free: 127840K (27%)
----------------- Invoking toplevel() on ptolemy.moml.MoMLSimpleApplication@27ae80a9
----------------- Done invoking toplevel() on ptolemy.moml.MoMLSimpleApplication@27ae80a9
reloadAllAccessors: .InitialOutputs
----------------- testing Fri May 25 01:20:57 UTC 2018 /home/travis/build/icyphy/ptII/ptolemy/domains/modal/test/auto/InitialStateTransition1.xml
----------------- Instantiating /home/travis/build/icyphy/ptII/ptolemy/domains/modal/test/auto/InitialStateTransition1.xml
3 ms. Memory: 479744K Free: 117409K (24%)
----------------- Invoking toplevel() on ptolemy.moml.MoMLSimpleApplication@354c1dfb
----------------- Done invoking toplevel() on ptolemy.moml.MoMLSimpleApplication@354c1dfb
reloadAllAccessors: .InitialStateTransition1
----------------- testing Fri May 25 01:20:57 UTC 2018 /home/travis/build/icyphy/ptII/ptolemy/domains/modal/test/auto/InitialStateTransition2.xml
----------------- Instantiating /home/travis/build/icyphy/ptII/ptolemy/domains/modal/test/auto/InitialStateTransition2.xml
.InitialStateTransition2.TestExceptionAttributeNonConstructive: initialize() was not invoked, but wrapup() was.  This is unusual, but not always a problem.  For example, exporting JNLP will do this.
2 ms. Memory: 479744K Free: 105433K (22%)
----------------- Invoking toplevel() on ptolemy.moml.MoMLSimpleApplication@20bf5cb5
----------------- Done invoking toplevel() on ptolemy.moml.MoMLSimpleApplication@20bf5cb5
reloadAllAccessors: .InitialStateTransition2
----------------- testing Fri May 25 01:20:57 UTC 2018 /home/travis/build/icyphy/ptII/ptolemy/domains/modal/test/auto/InitialStateTransition3.xml
----------------- Instantiating /home/travis/build/icyphy/ptII/ptolemy/domains/modal/test/auto/InitialStateTransition3.xml
5 ms. Memory: 479744K Free: 92362K (19%)
----------------- Invoking toplevel() on ptolemy.moml.MoMLSimpleApplication@2f543a8
----------------- Done invoking toplevel() on ptolemy.moml.MoMLSimpleApplication@2f543a8
reloadAllAccessors: .InitialStateTransition3
----------------- testing Fri May 25 01:20:57 UTC 2018 /home/travis/build/icyphy/ptII/ptolemy/domains/modal/test/auto/InitialStateTransition4.xml
----------------- Instantiating /home/travis/build/icyphy/ptII/ptolemy/domains/modal/test/auto/InitialStateTransition4.xml
5 ms. Memory: 479744K Free: 79038K (16%)
----------------- Invoking toplevel() on ptolemy.moml.MoMLSimpleApplication@f2f06c9
----------------- Done invoking toplevel() on ptolemy.moml.MoMLSimpleApplication@f2f06c9
reloadAllAccessors: .InitialStateTransition4
----------------- testing Fri May 25 01:20:57 UTC 2018 /home/travis/build/icyphy/ptII/ptolemy/domains/modal/test/auto/MalformedGuardExpressionNotCaught.xml
----------------- Instantiating /home/travis/build/icyphy/ptII/ptolemy/domains/modal/test/auto/MalformedGuardExpressionNotCaught.xml
3 ms. Memory: 715264K Free: 691004K (97%)
----------------- Invoking toplevel() on ptolemy.moml.MoMLSimpleApplication@6fe87b8d
----------------- Done invoking toplevel() on ptolemy.moml.MoMLSimpleApplication@6fe87b8d
reloadAllAccessors: .MalformedGuardExpressionNotCaught
----------------- testing Fri May 25 01:20:57 UTC 2018 /home/travis/build/icyphy/ptII/ptolemy/domains/modal/test/auto/ModalBSC.xml
----------------- Instantiating /home/travis/build/icyphy/ptII/ptolemy/domains/modal/test/auto/ModalBSC.xml
56 ms. Memory: 715264K Free: 657528K (92%)
----------------- Invoking toplevel() on ptolemy.moml.MoMLSimpleApplication@4a68b67e
----------------- Done invoking toplevel() on ptolemy.moml.MoMLSimpleApplication@4a68b67e
reloadAllAccessors: .ModalBSC
----------------- testing Fri May 25 01:20:58 UTC 2018 /home/travis/build/icyphy/ptII/ptolemy/domains/modal/test/auto/ModalClocks.xml
----------------- Instantiating /home/travis/build/icyphy/ptII/ptolemy/domains/modal/test/auto/ModalClocks.xml
27 ms. Memory: 715264K Free: 628258K (88%)
----------------- Invoking toplevel() on ptolemy.moml.MoMLSimpleApplication@653a168b
----------------- Done invoking toplevel() on ptolemy.moml.MoMLSimpleApplication@653a168b
reloadAllAccessors: .ModalClocks
----------------- testing Fri May 25 01:20:58 UTC 2018 /home/travis/build/icyphy/ptII/ptolemy/domains/modal/test/auto/ModalDelay.xml
----------------- Instantiating /home/travis/build/icyphy/ptII/ptolemy/domains/modal/test/auto/ModalDelay.xml
18 ms. Memory: 715264K Free: 609696K (85%)
----------------- Invoking toplevel() on ptolemy.moml.MoMLSimpleApplication@5c123a0c
----------------- Done invoking toplevel() on ptolemy.moml.MoMLSimpleApplication@5c123a0c
reloadAllAccessors: .ModalDelay
----------------- testing Fri May 25 01:20:58 UTC 2018 /home/travis/build/icyphy/ptII/ptolemy/domains/modal/test/auto/ModalDelay2.xml
----------------- Instantiating /home/travis/build/icyphy/ptII/ptolemy/domains/modal/test/auto/ModalDelay2.xml
13 ms. Memory: 715264K Free: 592982K (83%)
----------------- Invoking toplevel() on ptolemy.moml.MoMLSimpleApplication@565a11d4
----------------- Done invoking toplevel() on ptolemy.moml.MoMLSimpleApplication@565a11d4
reloadAllAccessors: .ModalDelay2
----------------- testing Fri May 25 01:20:58 UTC 2018 /home/travis/build/icyphy/ptII/ptolemy/domains/modal/test/auto/ModalModelFromMemo.xml
----------------- Instantiating /home/travis/build/icyphy/ptII/ptolemy/domains/modal/test/auto/ModalModelFromMemo.xml
27 ms. Memory: 715264K Free: 566063K (79%)
----------------- Invoking toplevel() on ptolemy.moml.MoMLSimpleApplication@ae0e38f
----------------- Done invoking toplevel() on ptolemy.moml.MoMLSimpleApplication@ae0e38f
reloadAllAccessors: .ModalModelFromMemo
----------------- testing Fri May 25 01:20:58 UTC 2018 /home/travis/build/icyphy/ptII/ptolemy/domains/modal/test/auto/ModalModelWithMultirateTransient.xml
----------------- Instantiating /home/travis/build/icyphy/ptII/ptolemy/domains/modal/test/auto/ModalModelWithMultirateTransient.xml
16 ms. Memory: 715264K Free: 545174K (76%)
----------------- Invoking toplevel() on ptolemy.moml.MoMLSimpleApplication@4da84302
----------------- Done invoking toplevel() on ptolemy.moml.MoMLSimpleApplication@4da84302
reloadAllAccessors: .ModalModelWithMultirateTransient
----------------- testing Fri May 25 01:20:58 UTC 2018 /home/travis/build/icyphy/ptII/ptolemy/domains/modal/test/auto/ModalModelWithReset.xml
----------------- Instantiating /home/travis/build/icyphy/ptII/ptolemy/domains/modal/test/auto/ModalModelWithReset.xml
24 ms. Memory: 715264K Free: 526620K (74%)
----------------- Invoking toplevel() on ptolemy.moml.MoMLSimpleApplication@61b6af76
----------------- Done invoking toplevel() on ptolemy.moml.MoMLSimpleApplication@61b6af76
reloadAllAccessors: .ModalModelWithReset
----------------- testing Fri May 25 01:20:58 UTC 2018 /home/travis/build/icyphy/ptII/ptolemy/domains/modal/test/auto/MouseClickFSM.xml
----------------- Instantiating /home/travis/build/icyphy/ptII/ptolemy/domains/modal/test/auto/MouseClickFSM.xml
22 ms. Memory: 715264K Free: 505731K (71%)
----------------- Invoking toplevel() on ptolemy.moml.MoMLSimpleApplication@13f643f1
----------------- Done invoking toplevel() on ptolemy.moml.MoMLSimpleApplication@13f643f1
reloadAllAccessors: .MouseClickFSM
----------------- testing Fri May 25 01:20:58 UTC 2018 /home/travis/build/icyphy/ptII/ptolemy/domains/modal/test/auto/MouseClickFSMModal.xml
----------------- Instantiating /home/travis/build/icyphy/ptII/ptolemy/domains/modal/test/auto/MouseClickFSMModal.xml
14 ms. Memory: 715264K Free: 483003K (68%)
----------------- Invoking toplevel() on ptolemy.moml.MoMLSimpleApplication@12f5b129
----------------- Done invoking toplevel() on ptolemy.moml.MoMLSimpleApplication@12f5b129
reloadAllAccessors: .MouseClickFSMModal
----------------- testing Fri May 25 01:20:58 UTC 2018 /home/travis/build/icyphy/ptII/ptolemy/domains/modal/test/auto/NonStrictFSM_FeedbackLoop.xml
----------------- Instantiating /home/travis/build/icyphy/ptII/ptolemy/domains/modal/test/auto/NonStrictFSM_FeedbackLoop.xml
26 ms. Memory: 715264K Free: 457940K (64%)
----------------- Invoking toplevel() on ptolemy.moml.MoMLSimpleApplication@33cbaf9f
----------------- Done invoking toplevel() on ptolemy.moml.MoMLSimpleApplication@33cbaf9f
reloadAllAccessors: .NonStrictFSM_FeedbackLoop
----------------- testing Fri May 25 01:20:58 UTC 2018 /home/travis/build/icyphy/ptII/ptolemy/domains/modal/test/auto/NonStrictFSM_FeedbackLoop_Refinement.xml
----------------- Instantiating /home/travis/build/icyphy/ptII/ptolemy/domains/modal/test/auto/NonStrictFSM_FeedbackLoop_Refinement.xml
50 ms. Memory: 715264K Free: 424527K (59%)
----------------- Invoking toplevel() on ptolemy.moml.MoMLSimpleApplication@35ef85e1
----------------- Done invoking toplevel() on ptolemy.moml.MoMLSimpleApplication@35ef85e1
reloadAllAccessors: .NonStrictFSM_FeedbackLoop_Refinement
----------------- testing Fri May 25 01:20:58 UTC 2018 /home/travis/build/icyphy/ptII/ptolemy/domains/modal/test/auto/NonStrictFSM_FeedbackLoop_preemptive.xml
----------------- Instantiating /home/travis/build/icyphy/ptII/ptolemy/domains/modal/test/auto/NonStrictFSM_FeedbackLoop_preemptive.xml
16 ms. Memory: 715264K Free: 393449K (55%)
----------------- Invoking toplevel() on ptolemy.moml.MoMLSimpleApplication@14269451
----------------- Done invoking toplevel() on ptolemy.moml.MoMLSimpleApplication@14269451
reloadAllAccessors: .NonStrictFSM_FeedbackLoop_preemptive
----------------- testing Fri May 25 01:20:58 UTC 2018 /home/travis/build/icyphy/ptII/ptolemy/domains/modal/test/auto/NormalTermination.xml
----------------- Instantiating /home/travis/build/icyphy/ptII/ptolemy/domains/modal/test/auto/NormalTermination.xml
5 ms. Memory: 715264K Free: 368402K (52%)
----------------- Invoking toplevel() on ptolemy.moml.MoMLSimpleApplication@3413ac62
----------------- Done invoking toplevel() on ptolemy.moml.MoMLSimpleApplication@3413ac62
reloadAllAccessors: .NormalTermination
----------------- testing Fri May 25 01:20:58 UTC 2018 /home/travis/build/icyphy/ptII/ptolemy/domains/modal/test/auto/Pong.xml
----------------- Instantiating /home/travis/build/icyphy/ptII/ptolemy/domains/modal/test/auto/Pong.xml
108 ms. Memory: 715264K Free: 341443K (48%)
----------------- Invoking toplevel() on ptolemy.moml.MoMLSimpleApplication@72101a45
----------------- Done invoking toplevel() on ptolemy.moml.MoMLSimpleApplication@72101a45
reloadAllAccessors: .Pong
[...]
2 ms. Memory: 715264K Free: 575271K (80%)
----------------- Invoking toplevel() on ptolemy.moml.MoMLSimpleApplication@6790ad57
----------------- Done invoking toplevel() on ptolemy.moml.MoMLSimpleApplication@6790ad57
reloadAllAccessors: .StrongImmediateTransition
----------------- testing Fri May 25 01:21:00 UTC 2018 /home/travis/build/icyphy/ptII/ptolemy/domains/modal/test/auto/SustainHierarchy.xml
----------------- Instantiating /home/travis/build/icyphy/ptII/ptolemy/domains/modal/test/auto/SustainHierarchy.xml
6 ms. Memory: 715264K Free: 557213K (78%)
----------------- Invoking toplevel() on ptolemy.moml.MoMLSimpleApplication@26ef5454
----------------- Done invoking toplevel() on ptolemy.moml.MoMLSimpleApplication@26ef5454
reloadAllAccessors: .SustainHierarchy
----------------- testing Fri May 25 01:21:00 UTC 2018 /home/travis/build/icyphy/ptII/ptolemy/domains/modal/test/auto/TerminationTransition1.xml
----------------- Instantiating /home/travis/build/icyphy/ptII/ptolemy/domains/modal/test/auto/TerminationTransition1.xml
2 ms. Memory: 715264K Free: 543346K (76%)
----------------- Invoking toplevel() on ptolemy.moml.MoMLSimpleApplication@133f224a
----------------- Done invoking toplevel() on ptolemy.moml.MoMLSimpleApplication@133f224a
reloadAllAccessors: .TerminationTransition1
----------------- testing Fri May 25 01:21:00 UTC 2018 /home/travis/build/icyphy/ptII/ptolemy/domains/modal/test/auto/TerminationTransition2.xml
----------------- Instantiating /home/travis/build/icyphy/ptII/ptolemy/domains/modal/test/auto/TerminationTransition2.xml
2 ms. Memory: 715264K Free: 526632K (74%)
----------------- Invoking toplevel() on ptolemy.moml.MoMLSimpleApplication@765e572c
----------------- Done invoking toplevel() on ptolemy.moml.MoMLSimpleApplication@765e572c
reloadAllAccessors: .TerminationTransition2
----------------- testing Fri May 25 01:21:00 UTC 2018 /home/travis/build/icyphy/ptII/ptolemy/domains/modal/test/auto/TerminationTransition3.xml
----------------- Instantiating /home/travis/build/icyphy/ptII/ptolemy/domains/modal/test/auto/TerminationTransition3.xml
2 ms. Memory: 715264K Free: 508575K (71%)
----------------- Invoking toplevel() on ptolemy.moml.MoMLSimpleApplication@3d2062e2
----------------- Done invoking toplevel() on ptolemy.moml.MoMLSimpleApplication@3d2062e2
reloadAllAccessors: .TerminationTransition3
----------------- testing Fri May 25 01:21:00 UTC 2018 /home/travis/build/icyphy/ptII/ptolemy/domains/modal/test/auto/TerminationTransition4.xml
----------------- Instantiating /home/travis/build/icyphy/ptII/ptolemy/domains/modal/test/auto/TerminationTransition4.xml
3 ms. Memory: 715264K Free: 486319K (68%)
----------------- Invoking toplevel() on ptolemy.moml.MoMLSimpleApplication@51f2c7d4
----------------- Done invoking toplevel() on ptolemy.moml.MoMLSimpleApplication@51f2c7d4
reloadAllAccessors: .TerminationTransition4
----------------- testing Fri May 25 01:21:00 UTC 2018 /home/travis/build/icyphy/ptII/ptolemy/domains/modal/test/auto/TerminationTransition5.xml
----------------- Instantiating /home/travis/build/icyphy/ptII/ptolemy/domains/modal/test/auto/TerminationTransition5.xml
3 ms. Memory: 715264K Free: 465430K (65%)
----------------- Invoking toplevel() on ptolemy.moml.MoMLSimpleApplication@7d449549
----------------- Done invoking toplevel() on ptolemy.moml.MoMLSimpleApplication@7d449549
reloadAllAccessors: .TerminationTransition5
----------------- testing Fri May 25 01:21:00 UTC 2018 /home/travis/build/icyphy/ptII/ptolemy/domains/modal/test/auto/TerminationTransition6.xml
----------------- Instantiating /home/travis/build/icyphy/ptII/ptolemy/domains/modal/test/auto/TerminationTransition6.xml
1 ms. Memory: 715264K Free: 451563K (63%)
----------------- Invoking toplevel() on ptolemy.moml.MoMLSimpleApplication@610dfd42
----------------- Done invoking toplevel() on ptolemy.moml.MoMLSimpleApplication@610dfd42
reloadAllAccessors: .TerminationTransition6
----------------- testing Fri May 25 01:21:00 UTC 2018 /home/travis/build/icyphy/ptII/ptolemy/domains/modal/test/auto/TerminationTransition7.xml
----------------- Instantiating /home/travis/build/icyphy/ptII/ptolemy/domains/modal/test/auto/TerminationTransition7.xml
2 ms. Memory: 715264K Free: 434849K (61%)
----------------- Invoking toplevel() on ptolemy.moml.MoMLSimpleApplication@2d1e10c4
----------------- Done invoking toplevel() on ptolemy.moml.MoMLSimpleApplication@2d1e10c4
reloadAllAccessors: .TerminationTransition7
----------------- testing Fri May 25 01:21:00 UTC 2018 /home/travis/build/icyphy/ptII/ptolemy/domains/modal/test/auto/TerminationTransition8.xml
----------------- Instantiating /home/travis/build/icyphy/ptII/ptolemy/domains/modal/test/auto/TerminationTransition8.xml
2 ms. Memory: 715264K Free: 416792K (58%)
----------------- Invoking toplevel() on ptolemy.moml.MoMLSimpleApplication@78df809d
----------------- Done invoking toplevel() on ptolemy.moml.MoMLSimpleApplication@78df809d
reloadAllAccessors: .TerminationTransition8
----------------- testing Fri May 25 01:21:00 UTC 2018 /home/travis/build/icyphy/ptII/ptolemy/domains/modal/test/auto/Thermostat_NoHysteresis.xml
----------------- Instantiating /home/travis/build/icyphy/ptII/ptolemy/domains/modal/test/auto/Thermostat_NoHysteresis.xml
35 ms. Memory: 715264K Free: 386178K (54%)
----------------- Invoking toplevel() on ptolemy.moml.MoMLSimpleApplication@3623c844
----------------- Done invoking toplevel() on ptolemy.moml.MoMLSimpleApplication@3623c844
reloadAllAccessors: .Thermostat_NoHysteresis
----------------- testing Fri May 25 01:21:00 UTC 2018 /home/travis/build/icyphy/ptII/ptolemy/domains/modal/test/auto/TimedFSM.xml
----------------- Instantiating /home/travis/build/icyphy/ptII/ptolemy/domains/modal/test/auto/TimedFSM.xml
10 ms. Memory: 715264K Free: 369464K (52%)
----------------- Invoking toplevel() on ptolemy.moml.MoMLSimpleApplication@25534e02
----------------- Done invoking toplevel() on ptolemy.moml.MoMLSimpleApplication@25534e02
reloadAllAccessors: .TimedFSM
----------------- testing Fri May 25 01:21:00 UTC 2018 /home/travis/build/icyphy/ptII/ptolemy/domains/modal/test/auto/Timeout1.xml
----------------- Instantiating /home/travis/build/icyphy/ptII/ptolemy/domains/modal/test/auto/Timeout1.xml
4 ms. Memory: 715264K Free: 359771K (50%)
----------------- Invoking toplevel() on ptolemy.moml.MoMLSimpleApplication@742a0b19
----------------- Done invoking toplevel() on ptolemy.moml.MoMLSimpleApplication@742a0b19
reloadAllAccessors: .Timeout1
----------------- testing Fri May 25 01:21:00 UTC 2018 /home/travis/build/icyphy/ptII/ptolemy/domains/modal/test/auto/Timeout2.xml
----------------- Instantiating /home/travis/build/icyphy/ptII/ptolemy/domains/modal/test/auto/Timeout2.xml
8 ms. Memory: 715264K Free: 345888K (48%)
----------------- Invoking toplevel() on ptolemy.moml.MoMLSimpleApplication@1ed62eef
----------------- Done invoking toplevel() on ptolemy.moml.MoMLSimpleApplication@1ed62eef
reloadAllAccessors: .Timeout2
----------------- testing Fri May 25 01:21:00 UTC 2018 /home/travis/build/icyphy/ptII/ptolemy/domains/modal/test/auto/Timeout3.xml
----------------- Instantiating /home/travis/build/icyphy/ptII/ptolemy/domains/modal/test/auto/Timeout3.xml
3 ms. Memory: 715264K Free: 337539K (47%)
----------------- Invoking toplevel() on ptolemy.moml.MoMLSimpleApplication@473d397a
----------------- Done invoking toplevel() on ptolemy.moml.MoMLSimpleApplication@473d397a
reloadAllAccessors: .Timeout3
----------------- testing Fri May 25 01:21:00 UTC 2018 /home/travis/build/icyphy/ptII/ptolemy/domains/modal/test/auto/Timeout4.xml
----------------- Instantiating /home/travis/build/icyphy/ptII/ptolemy/domains/modal/test/auto/Timeout4.xml
2 ms. Memory: 715264K Free: 327847K (46%)
----------------- Invoking toplevel() on ptolemy.moml.MoMLSimpleApplication@63790a4f
----------------- Done invoking toplevel() on ptolemy.moml.MoMLSimpleApplication@63790a4f
reloadAllAccessors: .Timeout4
----------------- testing Fri May 25 01:21:00 UTC 2018 /home/travis/build/icyphy/ptII/ptolemy/domains/modal/test/auto/TransientstateModelAdvanced.xml
----------------- Instantiating /home/travis/build/icyphy/ptII/ptolemy/domains/modal/test/auto/TransientstateModelAdvanced.xml
3 ms. Memory: 715264K Free: 309789K (43%)
----------------- Invoking toplevel() on ptolemy.moml.MoMLSimpleApplication@376e1df2
----------------- Done invoking toplevel() on ptolemy.moml.MoMLSimpleApplication@376e1df2
reloadAllAccessors: .TransientstateModelAdvanced
----------------- testing Fri May 25 01:21:00 UTC 2018 /home/travis/build/icyphy/ptII/ptolemy/domains/modal/test/auto/TransientstateModelAdvanced2.xml
----------------- Instantiating /home/travis/build/icyphy/ptII/ptolemy/domains/modal/test/auto/TransientstateModelAdvanced2.xml
3 ms. Memory: 715264K Free: 288900K (40%)
----------------- Invoking toplevel() on ptolemy.moml.MoMLSimpleApplication@4ff3c2c0
----------------- Done invoking toplevel() on ptolemy.moml.MoMLSimpleApplication@4ff3c2c0
reloadAllAccessors: .transientstatemodelAdvanced
----------------- testing Fri May 25 01:21:00 UTC 2018 /home/travis/build/icyphy/ptII/ptolemy/domains/modal/test/auto/TransitionRefinements.xml
----------------- Instantiating /home/travis/build/icyphy/ptII/ptolemy/domains/modal/test/auto/TransitionRefinements.xml
7 ms. Memory: 715264K Free: 275017K (38%)
----------------- Invoking toplevel() on ptolemy.moml.MoMLSimpleApplication@528c20b2
----------------- Done invoking toplevel() on ptolemy.moml.MoMLSimpleApplication@528c20b2
reloadAllAccessors: .TransitionRefinements
----------------- testing Fri May 25 01:21:00 UTC 2018 /home/travis/build/icyphy/ptII/ptolemy/domains/modal/test/auto/TwoRefinements1.xml
----------------- Instantiating /home/travis/build/icyphy/ptII/ptolemy/domains/modal/test/auto/TwoRefinements1.xml
2 ms. Memory: 715264K Free: 256960K (36%)
----------------- Invoking toplevel() on ptolemy.moml.MoMLSimpleApplication@392d431a
----------------- Done invoking toplevel() on ptolemy.moml.MoMLSimpleApplication@392d431a
reloadAllAccessors: .TwoRefinements1
----------------- testing Fri May 25 01:21:00 UTC 2018 /home/travis/build/icyphy/ptII/ptolemy/domains/modal/test/auto/TwoRefinements2.xml
----------------- Instantiating /home/travis/build/icyphy/ptII/ptolemy/domains/modal/test/auto/TwoRefinements2.xml
2 ms. Memory: 715264K Free: 240245K (34%)
----------------- Invoking toplevel() on ptolemy.moml.MoMLSimpleApplication@66940f60
----------------- Done invoking toplevel() on ptolemy.moml.MoMLSimpleApplication@66940f60
reloadAllAccessors: .TwoRefinements2
----------------- testing Fri May 25 01:21:00 UTC 2018 /home/travis/build/icyphy/ptII/ptolemy/domains/modal/test/auto/WeakImmediateTransition.xml
----------------- Instantiating /home/travis/build/icyphy/ptII/ptolemy/domains/modal/test/auto/WeakImmediateTransition.xml
3 ms. Memory: 715264K Free: 226363K (32%)
----------------- Invoking toplevel() on ptolemy.moml.MoMLSimpleApplication@7e18e1aa
----------------- Done invoking toplevel() on ptolemy.moml.MoMLSimpleApplication@7e18e1aa
reloadAllAccessors: .WeakImmediateTransition
----------------- testing Fri May 25 01:21:00 UTC 2018 /home/travis/build/icyphy/ptII/ptolemy/domains/modal/test/auto/booleanSelect.xml
----------------- Instantiating /home/travis/build/icyphy/ptII/ptolemy/domains/modal/test/auto/booleanSelect.xml
39 ms. Memory: 715264K Free: 204122K (29%)
----------------- Invoking toplevel() on ptolemy.moml.MoMLSimpleApplication@8befc09
----------------- Done invoking toplevel() on ptolemy.moml.MoMLSimpleApplication@8befc09
reloadAllAccessors: .booleanSelect
----------------- testing Fri May 25 01:21:00 UTC 2018 /home/travis/build/icyphy/ptII/ptolemy/domains/modal/test/auto/modalChangingParams.xml
----------------- Instantiating /home/travis/build/icyphy/ptII/ptolemy/domains/modal/test/auto/modalChangingParams.xml
0
1
0
2
4
6
8
7
0
2
4
6
8
13
0
2
4
6
8
19
0
2
4
6
8
25
0
2
4
6
8
31
0
2
4
6
8
37
0
2
4
6
8
43
0
2
4
6
8
49
0
2
4
6
8
55
0
2
4
6
8
61
0
2
4
6
8
67
0
2
4
6
8
73
0
2
4
6
8
79
0
2
4
6
8
85
0
2
4
6
8
91
0
2
4
6
8
97
0
2
4
6
8
103
0
2
4
6
8
109
0
2
4
6
8
115
0
2
4
6
8
121
0
2
4
6
8
127
0
2
4
6
8
133
0
2
4
6
8
139
0
2
4
6
8
145
0
2
4
6
8
151
0
2
4
6
8
157
0
2
4
6
8
163
0
2
4
6
8
169
0
2
4
6
8
175
0
2
4
6
8
181
0
2
4
6
8
187
0
2
4
6
8
193
0
2
4
6
8
199
0
2
4
6
8
205
0
2
4
6
8
211
0
2
4
6
8
217
0
2
4
6
8
223
0
2
4
6
8
229
0
2
4
6
8
235
0
2
4
6
8
241
0
2
4
6
8
247
0
2
4
6
8
253
0
2
4
6
8
259
0
2
4
6
8
265
0
2
4
6
8
271
0
2
4
6
8
277
0
2
4
6
8
283
0
2
4
6
8
289
0
2
4
6
8
295
0
2
4
6
8
301
0
2
4
6
8
307
0
2
4
6
8
313
0
2
4
6
8
319
0
2
4
6
8
325
0
2
4
6
8
331
0
2
4
6
8
337
0
2
4
6
8
343
0
2
4
6
8
349
0
2
4
6
8
355
0
2
4
6
8
361
0
2
4
6
8
367
0
2
4
6
8
373
0
2
4
6
8
379
0
2
4
6
8
385
0
2
4
6
8
391
0
2
4
6
8
397
0
2
4
6
8
403
0
2
4
6
8
409
0
2
4
6
8
415
0
2
4
6
8
421
0
2
4
6
8
427
0
2
4
6
8
433
0
2
4
6
8
439
0
2
4
6
8
445
0
2
4
6
8
451
0
2
4
6
8
457
0
2
4
6
8
463
0
2
4
6
8
469
0
2
4
6
8
475
0
2
4
6
8
481
0
2
4
6
8
487
0
2
4
6
8
493
0
2
4
6
8
499
0
2
4
6
8
505
0
2
4
6
8
511
0
2
4
6
8
517
0
2
4
6
8
523
0
2
4
6
8
529
0
2
4
6
8
535
0
2
4
6
8
541
0
2
4
6
8
547
0
2
4
6
8
553
0
2
4
6
8
559
0
2
4
6
8
565
0
2
4
6
8
571
0
2
4
6
8
577
0
2
4
6
8
583
0
2
4
6
8
589
0
2
4
6
8
595
0
2
4
6
8
601
0
2
4
6
8
607
0
2
4
6
8
613
0
2
4
6
8
619
0
2
4
6
8
625
0
2
4
6
8
631
0
2
4
6
8
637
0
2
4
6
8
643
0
2
4
6
8
649
0
2
4
6
8
655
0
2
4
6
8
661
0
2
4
6
8
667
0
2
4
6
8
673
0
2
4
6
8
679
0
2
4
6
8
685
0
2
4
6
8
691
0
2
4
6
8
697
0
2
4
6
8
703
0
2
4
6
8
709
0
2
4
6
8
715
0
2
4
6
8
721
0
2
4
6
8
727
0
2
4
6
8
733
0
2
4
6
8
739
0
2
4
6
8
745
0
2
4
6
8
751
0
2
4
6
8
757
0
2
4
6
8
763
0
2
4
6
8
769
0
2
4
6
8
775
0
2
4
6
8
781
0
2
4
6
8
787
0
2
4
6
8
793
0
2
4
6
8
799
0
2
4
6
8
805
0
2
4
6
8
811
0
2
4
6
8
817
0
2
4
6
8
823
0
2
4
6
8
829
0
2
4
6
8
835
0
2
4
6
8
841
0
2
4
6
8
847
0
2
4
6
8
853
0
2
4
6
8
859
0
2
4
6
8
865
0
2
4
6
8
871
0
2
4
6
8
877
0
2
4
6
8
883
0
2
4
6
8
889
0
2
4
6
8
895
0
2
4
6
8
901
0
2
4
6
8
907
0
2
4
6
8
913
0
2
4
6
8
919
0
2
4
6
8
925
0
2
4
6
8
931
0
2
4
6
8
937
0
2
4
6
8
943
0
2
4
6
8
949
0
2
4
6
8
955
0
2
4
6
8
961
0
2
4
6
8
967
0
2
4
6
8
973
0
2
4
6
8
979
0
2
4
6
8
985
0
2
4
6
8
991
0
2
4
6
8
997
0
2
326 ms. Memory: 715264K Free: 86956K (12%)
----------------- Invoking toplevel() on ptolemy.moml.MoMLSimpleApplication@485468d7
----------------- Done invoking toplevel() on ptolemy.moml.MoMLSimpleApplication@485468d7
reloadAllAccessors: .modalChangingParams
----------------- testing Fri May 25 01:21:01 UTC 2018 /home/travis/build/icyphy/ptII/ptolemy/domains/modal/test/auto/modalModel.xml
----------------- Instantiating /home/travis/build/icyphy/ptII/ptolemy/domains/modal/test/auto/modalModel.xml
16 ms. Memory: 677888K Free: 662800K (98%)
----------------- Invoking toplevel() on ptolemy.moml.MoMLSimpleApplication@741d70f0
----------------- Done invoking toplevel() on ptolemy.moml.MoMLSimpleApplication@741d70f0
reloadAllAccessors: .modalModel
----------------- testing Fri May 25 01:21:01 UTC 2018 /home/travis/build/icyphy/ptII/ptolemy/domains/modal/test/auto/modalModel2.xml
----------------- Instantiating /home/travis/build/icyphy/ptII/ptolemy/domains/modal/test/auto/modalModel2.xml
8 ms. Memory: 677888K Free: 643852K (95%)
----------------- Invoking toplevel() on ptolemy.moml.MoMLSimpleApplication@3bff7c23
----------------- Done invoking toplevel() on ptolemy.moml.MoMLSimpleApplication@3bff7c23
reloadAllAccessors: .modalModel2
----------------- testing Fri May 25 01:21:01 UTC 2018 /home/travis/build/icyphy/ptII/ptolemy/domains/modal/test/auto/modalModel3.xml
----------------- Instantiating /home/travis/build/icyphy/ptII/ptolemy/domains/modal/test/auto/modalModel3.xml
0	0	0
3	2	1
6	4	2
9	6	3
4	0	4
7	2	5
10	4	6
13	6	7
8	0	8
11	2	9
14	4	10
17	6	11
12	0	12
15	2	13
18	4	14
13 ms. Memory: 677888K Free: 622909K (92%)
----------------- Invoking toplevel() on ptolemy.moml.MoMLSimpleApplication@7ea2a3a0
----------------- Done invoking toplevel() on ptolemy.moml.MoMLSimpleApplication@7ea2a3a0
reloadAllAccessors: .modalModel3
----------------- testing Fri May 25 01:21:01 UTC 2018 /home/travis/build/icyphy/ptII/ptolemy/domains/modal/test/auto/model1.xml
----------------- Instantiating /home/travis/build/icyphy/ptII/ptolemy/domains/modal/test/auto/model1.xml
11 ms. Memory: 677888K Free: 613950K (91%)
----------------- Invoking toplevel() on ptolemy.moml.MoMLSimpleApplication@2448082c
----------------- Done invoking toplevel() on ptolemy.moml.MoMLSimpleApplication@2448082c
reloadAllAccessors: .model1
----------------- testing Fri May 25 01:21:01 UTC 2018 /home/travis/build/icyphy/ptII/ptolemy/domains/modal/test/auto/test-direct-in-out.xml
----------------- Instantiating /home/travis/build/icyphy/ptII/ptolemy/domains/modal/test/auto/test-direct-in-out.xml
10 ms. Memory: 677888K Free: 600999K (89%)
----------------- Invoking toplevel() on ptolemy.moml.MoMLSimpleApplication@7965e9d1
----------------- Done invoking toplevel() on ptolemy.moml.MoMLSimpleApplication@7965e9d1
reloadAllAccessors: .test-direct-in-out
AutoTests.java: About to close Vertx.
AutoTests.java: Vertx closed.
]]></system-out>
  <system-err><![CDATA[java.lang.RuntimeException: Execution failed
	at ptolemy.moml.MoMLSimpleApplication$UnloadThread.run(MoMLSimpleApplication.java:402)
Caused by: ptolemy.kernel.util.IllegalActionException: Unknown inputs remain. Possible causality loop:
L_model_1893289564i

  in .CannotAnalysisWithPreemption.model_1893289564_region_1 and .CannotAnalysisWithPreemption.model_1893289564_region_1.L_model_1893289564i
	at ptolemy.actor.sched.FixedPointDirector.postfire(FixedPointDirector.java:515)
	at ptolemy.domains.sr.kernel.SRDirector.postfire(SRDirector.java:417)
	at ptolemy.actor.CompositeActor.postfire(CompositeActor.java:1668)
	at ptolemy.actor.Manager.iterate(Manager.java:852)
	at ptolemy.actor.Manager.execute(Manager.java:369)
	at ptolemy.actor.Manager.run(Manager.java:1263)
	at ptolemy.actor.Manager$PtolemyRunThread.run(Manager.java:1915)
java.lang.reflect.InvocationTargetException
	at sun.reflect.NativeConstructorAccessorImpl.newInstance0(Native Method)
	at sun.reflect.NativeConstructorAccessorImpl.newInstance(NativeConstructorAccessorImpl.java:62)
	at sun.reflect.DelegatingConstructorAccessorImpl.newInstance(DelegatingConstructorAccessorImpl.java:45)
	at java.lang.reflect.Constructor.newInstance(Constructor.java:423)
	at ptolemy.util.test.junit.AutoKnownFailedTests.RunModel(AutoKnownFailedTests.java:107)
	at sun.reflect.NativeMethodAccessorImpl.invoke0(Native Method)
	at sun.reflect.NativeMethodAccessorImpl.invoke(NativeMethodAccessorImpl.java:62)
	at sun.reflect.DelegatingMethodAccessorImpl.invoke(DelegatingMethodAccessorImpl.java:43)
	at java.lang.reflect.Method.invoke(Method.java:498)
	at org.junit.runners.model.FrameworkMethod$1.runReflectiveCall(FrameworkMethod.java:44)
	at org.junit.internal.runners.model.ReflectiveCallable.run(ReflectiveCallable.java:15)
	at org.junit.runners.model.FrameworkMethod.invokeExplosively(FrameworkMethod.java:41)
	at junitparams.internal.InvokeParameterisedMethod.evaluate(InvokeParameterisedMethod.java:102)
	at org.junit.internal.runners.statements.FailOnTimeout$1.run(FailOnTimeout.java:28)
Caused by: ptolemy.kernel.util.IllegalActionException: Unknown inputs remain. Possible causality loop:
L_model_1893289564i

  in .CannotAnalysisWithPreemption.model_1893289564_region_1 and .CannotAnalysisWithPreemption.model_1893289564_region_1.L_model_1893289564i
	at ptolemy.actor.sched.FixedPointDirector.postfire(FixedPointDirector.java:515)
	at ptolemy.domains.sr.kernel.SRDirector.postfire(SRDirector.java:417)
	at ptolemy.actor.CompositeActor.postfire(CompositeActor.java:1668)
	at ptolemy.actor.Manager.iterate(Manager.java:852)
	at ptolemy.actor.Manager.execute(Manager.java:369)
	at ptolemy.actor.Manager.run(Manager.java:1263)
	at ptolemy.actor.Manager$PtolemyRunThread.run(Manager.java:1915)
]]></system-err>
</testsuite>
