<?xml version="1.0" encoding="UTF-8" ?>
<testsuite errors="0" failures="0" hostname="travis-job-9e948ac1-b9de-42db-9a62-e06ab15766dd" name="ptolemy.domains.sdf.test.junit.JUnitTclTest" skipped="0" tests="66" time="19.121" timestamp="2018-05-28T01:22:14">
  <properties>
[...]
</properties>
  <testcase classname="ptolemy.util.test.junit.TclTests" name="[0] /home/travis/build/icyphy/ptII/ptolemy/domains/sdf/test/SDFSchedulerErrors.tcl (RunTclFile)" time="0.64" />
  <testcase classname="ptolemy.util.test.junit.TclTests" name="[1] /home/travis/build/icyphy/ptII/ptolemy/domains/sdf/test/composition.tcl (RunTclFile)" time="0.168" />
  <testcase classname="ptolemy.util.test.junit.TclTests" name="[2] /home/travis/build/icyphy/ptII/ptolemy/domains/sdf/test/cycle.tcl (RunTclFile)" time="0.047" />
  <testcase classname="ptolemy.util.test.junit.AutoKnownFailedTests" name="[0] ThereAreNoKnowFailedTests (RunModel)" time="0.003" />
  <testcase classname="ptolemy.util.test.junit.AutoNameArchTests" name="[0] ThereAreNoAutoTests (RunModel)" time="0.003" />
  <testcase classname="ptolemy.util.test.junit.AutoTests" name="[0] /home/travis/build/icyphy/ptII/ptolemy/domains/sdf/test/auto/Array.xml (RunModel)" time="0.142" />
  <testcase classname="ptolemy.util.test.junit.AutoTests" name="[1] /home/travis/build/icyphy/ptII/ptolemy/domains/sdf/test/auto/Butterfly.xml (RunModel)" time="0.08" />
  <testcase classname="ptolemy.util.test.junit.AutoTests" name="[2] /home/travis/build/icyphy/ptII/ptolemy/domains/sdf/test/auto/Expression.xml (RunModel)" time="0.142" />
  <testcase classname="ptolemy.util.test.junit.AutoTests" name="[3] /home/travis/build/icyphy/ptII/ptolemy/domains/sdf/test/auto/Eye.xml (RunModel)" time="0.353" />
  <testcase classname="ptolemy.util.test.junit.AutoTests" name="[4] /home/travis/build/icyphy/ptII/ptolemy/domains/sdf/test/auto/FixFIR.xml (RunModel)" time="0.329" />
  <testcase classname="ptolemy.util.test.junit.AutoTests" name="[5] /home/travis/build/icyphy/ptII/ptolemy/domains/sdf/test/auto/FixPoint.xml (RunModel)" time="0.045" />
  <testcase classname="ptolemy.util.test.junit.AutoTests" name="[6] /home/travis/build/icyphy/ptII/ptolemy/domains/sdf/test/auto/Gravitation.xml (RunModel)" time="3.298" />
  <testcase classname="ptolemy.util.test.junit.AutoTests" name="[7] /home/travis/build/icyphy/ptII/ptolemy/domains/sdf/test/auto/GravitationWithCollisionDetection.xml (RunModel)" time="5.949" />
  <testcase classname="ptolemy.util.test.junit.AutoTests" name="[8] /home/travis/build/icyphy/ptII/ptolemy/domains/sdf/test/auto/HDF.xml (RunModel)" time="0.129" />
  <testcase classname="ptolemy.util.test.junit.AutoTests" name="[9] /home/travis/build/icyphy/ptII/ptolemy/domains/sdf/test/auto/HDFwithTransientStates.xml (RunModel)" time="0.089" />
  <testcase classname="ptolemy.util.test.junit.AutoTests" name="[10] /home/travis/build/icyphy/ptII/ptolemy/domains/sdf/test/auto/HTVQ.xml (RunModel)" time="0.793" />
  <testcase classname="ptolemy.util.test.junit.AutoTests" name="[11] /home/travis/build/icyphy/ptII/ptolemy/domains/sdf/test/auto/InferInitProduction.xml (RunModel)" time="0.031" />
  <testcase classname="ptolemy.util.test.junit.AutoTests" name="[12] /home/travis/build/icyphy/ptII/ptolemy/domains/sdf/test/auto/InferInitProductionDeeper.xml (RunModel)" time="0.038" />
  <testcase classname="ptolemy.util.test.junit.AutoTests" name="[13] /home/travis/build/icyphy/ptII/ptolemy/domains/sdf/test/auto/LMSAdaptive.xml (RunModel)" time="0.063" />
  <testcase classname="ptolemy.util.test.junit.AutoTests" name="[14] /home/travis/build/icyphy/ptII/ptolemy/domains/sdf/test/auto/LogisticMap.xml (RunModel)" time="0.476" />
  <testcase classname="ptolemy.util.test.junit.AutoTests" name="[15] /home/travis/build/icyphy/ptII/ptolemy/domains/sdf/test/auto/MaximumEntropySpectrum.xml (RunModel)" time="0.241" />
  <testcase classname="ptolemy.util.test.junit.AutoTests" name="[16] /home/travis/build/icyphy/ptII/ptolemy/domains/sdf/test/auto/MultirateSDF.xml (RunModel)" time="0.067" />
  <testcase classname="ptolemy.util.test.junit.AutoTests" name="[17] /home/travis/build/icyphy/ptII/ptolemy/domains/sdf/test/auto/MultirateSDFwithTransientStates.xml (RunModel)" time="0.078" />
  <testcase classname="ptolemy.util.test.junit.AutoTests" name="[18] /home/travis/build/icyphy/ptII/ptolemy/domains/sdf/test/auto/NoisySinewave.xml (RunModel)" time="0.053" />
  <testcase classname="ptolemy.util.test.junit.AutoTests" name="[19] /home/travis/build/icyphy/ptII/ptolemy/domains/sdf/test/auto/Objects.xml (RunModel)" time="0.047" />
  <testcase classname="ptolemy.util.test.junit.AutoTests" name="[20] /home/travis/build/icyphy/ptII/ptolemy/domains/sdf/test/auto/OrthogonalCom.xml (RunModel)" time="0.046" />
  <testcase classname="ptolemy.util.test.junit.AutoTests" name="[21] /home/travis/build/icyphy/ptII/ptolemy/domains/sdf/test/auto/RijndaelEncryption.xml (RunModel)" time="0.475" />
  <testcase classname="ptolemy.util.test.junit.AutoTests" name="[22] /home/travis/build/icyphy/ptII/ptolemy/domains/sdf/test/auto/SDFEmptyIterations.xml (RunModel)" time="0.014" />
  <testcase classname="ptolemy.util.test.junit.AutoTests" name="[23] /home/travis/build/icyphy/ptII/ptolemy/domains/sdf/test/auto/Spectrum.xml (RunModel)" time="0.051" />
  <testcase classname="ptolemy.util.test.junit.AutoTests" name="[24] /home/travis/build/icyphy/ptII/ptolemy/domains/sdf/test/auto/de_inside_sdf.xml (RunModel)" time="0.016" />
  <testcase classname="ptolemy.util.test.junit.AutoTests" name="[25] /home/travis/build/icyphy/ptII/ptolemy/domains/sdf/test/auto/disconnectedHierarchicalSDF.xml (RunModel)" time="0.016" />
  <testcase classname="ptolemy.util.test.junit.AutoTests" name="[26] /home/travis/build/icyphy/ptII/ptolemy/domains/sdf/test/auto/disconnectedSDF.xml (RunModel)" time="0.011" />
  <testcase classname="ptolemy.util.test.junit.AutoTests" name="[27] /home/travis/build/icyphy/ptII/ptolemy/domains/sdf/test/auto/emptyRefinement.xml (RunModel)" time="0.01" />
  <testcase classname="ptolemy.util.test.junit.AutoTests" name="[28] /home/travis/build/icyphy/ptII/ptolemy/domains/sdf/test/auto/filePortParameter.xml (RunModel)" time="0.055" />
  <testcase classname="ptolemy.util.test.junit.AutoTests" name="[29] /home/travis/build/icyphy/ptII/ptolemy/domains/sdf/test/auto/inferRelationWidth1.xml (RunModel)" time="0.011" />
  <testcase classname="ptolemy.util.test.junit.AutoTests" name="[30] /home/travis/build/icyphy/ptII/ptolemy/domains/sdf/test/auto/initProductionInference.xml (RunModel)" time="0.017" />
  <testcase classname="ptolemy.util.test.junit.AutoTests" name="[31] /home/travis/build/icyphy/ptII/ptolemy/domains/sdf/test/auto/relationGroup.xml (RunModel)" time="0.013" />
  <testcase classname="ptolemy.util.test.junit.AutoTests" name="[32] /home/travis/build/icyphy/ptII/ptolemy/domains/sdf/test/auto/relationGroup10.xml (RunModel)" time="0.013" />
  <testcase classname="ptolemy.util.test.junit.AutoTests" name="[33] /home/travis/build/icyphy/ptII/ptolemy/domains/sdf/test/auto/relationGroup11.xml (RunModel)" time="0.013" />
  <testcase classname="ptolemy.util.test.junit.AutoTests" name="[34] /home/travis/build/icyphy/ptII/ptolemy/domains/sdf/test/auto/relationGroup12.xml (RunModel)" time="0.013" />
  <testcase classname="ptolemy.util.test.junit.AutoTests" name="[35] /home/travis/build/icyphy/ptII/ptolemy/domains/sdf/test/auto/relationGroup13.xml (RunModel)" time="0.018" />
  <testcase classname="ptolemy.util.test.junit.AutoTests" name="[36] /home/travis/build/icyphy/ptII/ptolemy/domains/sdf/test/auto/relationGroup14.xml (RunModel)" time="0.015" />
  <testcase classname="ptolemy.util.test.junit.AutoTests" name="[37] /home/travis/build/icyphy/ptII/ptolemy/domains/sdf/test/auto/relationGroup15.xml (RunModel)" time="0.013" />
  <testcase classname="ptolemy.util.test.junit.AutoTests" name="[38] /home/travis/build/icyphy/ptII/ptolemy/domains/sdf/test/auto/relationGroup2.xml (RunModel)" time="0.012" />
  <testcase classname="ptolemy.util.test.junit.AutoTests" name="[39] /home/travis/build/icyphy/ptII/ptolemy/domains/sdf/test/auto/relationGroup3.xml (RunModel)" time="0.011" />
  <testcase classname="ptolemy.util.test.junit.AutoTests" name="[40] /home/travis/build/icyphy/ptII/ptolemy/domains/sdf/test/auto/relationGroup4.xml (RunModel)" time="0.014" />
  <testcase classname="ptolemy.util.test.junit.AutoTests" name="[41] /home/travis/build/icyphy/ptII/ptolemy/domains/sdf/test/auto/relationGroup5.xml (RunModel)" time="0.014" />
  <testcase classname="ptolemy.util.test.junit.AutoTests" name="[42] /home/travis/build/icyphy/ptII/ptolemy/domains/sdf/test/auto/relationGroup6.xml (RunModel)" time="0.023" />
  <testcase classname="ptolemy.util.test.junit.AutoTests" name="[43] /home/travis/build/icyphy/ptII/ptolemy/domains/sdf/test/auto/relationGroup7.xml (RunModel)" time="0.019" />
  <testcase classname="ptolemy.util.test.junit.AutoTests" name="[44] /home/travis/build/icyphy/ptII/ptolemy/domains/sdf/test/auto/relationGroup8.xml (RunModel)" time="0.017" />
  <testcase classname="ptolemy.util.test.junit.AutoTests" name="[45] /home/travis/build/icyphy/ptII/ptolemy/domains/sdf/test/auto/relationGroup9.xml (RunModel)" time="0.022" />
  <testcase classname="ptolemy.util.test.junit.AutoTests" name="[46] /home/travis/build/icyphy/ptII/ptolemy/domains/sdf/test/auto/sdf_inside_de.xml (RunModel)" time="0.06" />
  <testcase classname="ptolemy.util.test.junit.AutoTests" name="[47] /home/travis/build/icyphy/ptII/ptolemy/domains/sdf/test/auto/sdf_inside_pn.xml (RunModel)" time="0.059" />
  <testcase classname="ptolemy.util.test.junit.AutoTests" name="[48] /home/travis/build/icyphy/ptII/ptolemy/domains/sdf/test/auto/sdf_sdf1.xml (RunModel)" time="0.023" />
  <testcase classname="ptolemy.util.test.junit.AutoTests" name="[49] /home/travis/build/icyphy/ptII/ptolemy/domains/sdf/test/auto/test1.xml (RunModel)" time="0.014" />
  <testcase classname="ptolemy.util.test.junit.AutoTests" name="[50] /home/travis/build/icyphy/ptII/ptolemy/domains/sdf/test/auto/time1.xml (RunModel)" time="0.007" />
  <testcase classname="ptolemy.util.test.junit.AutoTests" name="[51] /home/travis/build/icyphy/ptII/ptolemy/domains/sdf/test/auto/time2.xml (RunModel)" time="0.009" />
  <testcase classname="ptolemy.util.test.junit.AutoTests" name="[52] /home/travis/build/icyphy/ptII/ptolemy/domains/sdf/test/auto/time3.xml (RunModel)" time="0.02" />
  <testcase classname="ptolemy.util.test.junit.AutoTests" name="[53] /home/travis/build/icyphy/ptII/ptolemy/domains/sdf/test/auto/time4.xml (RunModel)" time="0.017" />
  <testcase classname="ptolemy.util.test.junit.AutoTests" name="[54] /home/travis/build/icyphy/ptII/ptolemy/domains/sdf/test/auto/time5.xml (RunModel)" time="4.01" />
  <testcase classname="ptolemy.util.test.junit.AutoTests" name="[55] /home/travis/build/icyphy/ptII/ptolemy/domains/sdf/test/auto/typeSystem_Const_Integer_smallest_Type.xml (RunModel)" time="0.029" />
  <testcase classname="ptolemy.util.test.junit.AutoTests" name="[56] /home/travis/build/icyphy/ptII/ptolemy/domains/sdf/test/auto/typeSystem_declared_Inports_OutportTypeException.xml (RunModel)" time="0.016" />
  <testcase classname="ptolemy.util.test.junit.AutoTests" name="[57] /home/travis/build/icyphy/ptII/ptolemy/domains/sdf/test/auto/typeSystem_oneDeclaredInportType_wrongTypeOutport.xml (RunModel)" time="0.015" />
  <testcase classname="ptolemy.util.test.junit.AutoTests" name="[58] /home/travis/build/icyphy/ptII/ptolemy/domains/sdf/test/auto/width.xml (RunModel)" time="0.01" />
  <testcase classname="ptolemy.util.test.junit.AutoTests" name="[59] /home/travis/build/icyphy/ptII/ptolemy/domains/sdf/test/auto/width2.xml (RunModel)" time="0.042" />
  <testcase classname="ptolemy.util.test.junit.AutoTests" name="[60] /home/travis/build/icyphy/ptII/ptolemy/domains/sdf/test/auto/width3.xml (RunModel)" time="0.035" />
  <system-out><![CDATA[/home/travis/build/icyphy/ptII/ptolemy/domains/sdf/test/SDFSchedulerErrors.tcl
testDefs.tcl: setting time out to 9000 seconds at Mon May 28 01:22:14 UTC 2018
21 ms. Memory: 116224K Free: 106854K (92%)
10 ms. Memory: 116224K Free: 99837K (86%)
5 ms. Memory: 116224K Free: 92923K (80%)
5 ms. Memory: 116224K Free: 89822K (77%)
/home/travis/build/icyphy/ptII/ptolemy/domains/sdf/test/composition.tcl
25 ms. Memory: 116224K Free: 86220K (74%)
6 ms. Memory: 116224K Free: 83846K (72%)
/home/travis/build/icyphy/ptII/ptolemy/domains/sdf/test/cycle.tcl
.Toplevel.Director Preinitializing ...
Invoking preinitialize():  .Toplevel.Actor1
Invoking preinitialize():  .Toplevel.Actor2
Invoking preinitialize():  .Toplevel.Delay
.Toplevel.Director Finished preinitialize().
### Schedule:
Execute Schedule{
Fire Actor ptolemy.domains.sdf.kernel.test.SDFTestDelay {.Toplevel.Actor1}
Fire Actor ptolemy.domains.sdf.kernel.test.SDFTestDelay {.Toplevel.Actor2}
Fire Actor ptolemy.domains.sdf.lib.SampleDelay {.Toplevel.Delay}
}
### End schedule
Called initialize().
Invoking initialize():  .Toplevel.Actor1
Initializing actor: .Toplevel.Actor1.
Invoking initialize():  .Toplevel.Actor2
Initializing actor: .Toplevel.Actor2.
Invoking initialize():  .Toplevel.Delay
Initializing actor: .Toplevel.Delay.
Director: Called prefire().
-- Setting current time to 0.0
Director prefire returns true.
The actor .Toplevel.Actor1 will be iterated.
The actor .Toplevel.Actor1 was iterated.
The actor .Toplevel.Actor2 will be iterated.
The actor .Toplevel.Actor2 was iterated.
The actor .Toplevel.Delay will be iterated.
The actor .Toplevel.Delay was iterated.
Director: Called postfire().
Postfire returns: true
Director: Called prefire().
-- Setting current time to 0.0
Director prefire returns true.
The actor .Toplevel.Actor1 will be iterated.
The actor .Toplevel.Actor1 was iterated.
The actor .Toplevel.Actor2 will be iterated.
The actor .Toplevel.Actor2 was iterated.
The actor .Toplevel.Delay will be iterated.
The actor .Toplevel.Delay was iterated.
Director: Called postfire().
Postfire returns: true
Director: Called prefire().
-- Setting current time to 0.0
Director prefire returns true.
The actor .Toplevel.Actor1 will be iterated.
The actor .Toplevel.Actor1 was iterated.
The actor .Toplevel.Actor2 will be iterated.
The actor .Toplevel.Actor2 was iterated.
The actor .Toplevel.Delay will be iterated.
The actor .Toplevel.Delay was iterated.
Director: Called postfire().
Postfire returns: true
Director: Called prefire().
-- Setting current time to 0.0
Director prefire returns true.
The actor .Toplevel.Actor1 will be iterated.
The actor .Toplevel.Actor1 was iterated.
The actor .Toplevel.Actor2 will be iterated.
The actor .Toplevel.Actor2 was iterated.
The actor .Toplevel.Delay will be iterated.
The actor .Toplevel.Delay was iterated.
Director: Called postfire().
Postfire returns: true
Director: Called prefire().
-- Setting current time to 0.0
Director prefire returns true.
The actor .Toplevel.Actor1 will be iterated.
The actor .Toplevel.Actor1 was iterated.
The actor .Toplevel.Actor2 will be iterated.
The actor .Toplevel.Actor2 was iterated.
The actor .Toplevel.Delay will be iterated.
The actor .Toplevel.Delay was iterated.
Director: Called postfire().
Postfire returns: true
Director: Called prefire().
-- Setting current time to 0.0
Director prefire returns true.
The actor .Toplevel.Actor1 will be iterated.
The actor .Toplevel.Actor1 was iterated.
The actor .Toplevel.Actor2 will be iterated.
The actor .Toplevel.Actor2 was iterated.
The actor .Toplevel.Delay will be iterated.
The actor .Toplevel.Delay was iterated.
Reached specified number of iterations: 6
Director: Called wrapup().
22 ms. Memory: 116224K Free: 82062K (71%)
05/28/18 01:22:15
Failed: 0  Total Tests: 8  ((Passed: 8, Newly Passed: 0)  Known Failed: 0) /home/travis/build/icyphy/ptII/ptolemy/domains/sdf/test
No auto/knownFailedTests/*.xml tests in /home/travis/build/icyphy/ptII/ptolemy/domains/sdf/test
No auto/*.xml tests in /home/travis/build/icyphy/ptII/ptolemy/domains/sdf/test
AutoTests.java: About to close Vertx.
AutoTests.java: Vertx closed.
----------------- testing Mon May 28 01:22:15 UTC 2018 /home/travis/build/icyphy/ptII/ptolemy/domains/sdf/test/auto/Array.xml
----------------- Instantiating /home/travis/build/icyphy/ptII/ptolemy/domains/sdf/test/auto/Array.xml
26 ms. Memory: 146944K Free: 103801K (71%)
----------------- Invoking toplevel() on ptolemy.moml.MoMLSimpleApplication@24f16983
----------------- Done invoking toplevel() on ptolemy.moml.MoMLSimpleApplication@24f16983
reloadAllAccessors: .Array
----------------- testing Mon May 28 01:22:16 UTC 2018 /home/travis/build/icyphy/ptII/ptolemy/domains/sdf/test/auto/Butterfly.xml
----------------- Instantiating /home/travis/build/icyphy/ptII/ptolemy/domains/sdf/test/auto/Butterfly.xml
54 ms. Memory: 146944K Free: 96484K (66%)
----------------- Invoking toplevel() on ptolemy.moml.MoMLSimpleApplication@7cf0bcdc
----------------- Done invoking toplevel() on ptolemy.moml.MoMLSimpleApplication@7cf0bcdc
reloadAllAccessors: .Butterfly
----------------- testing Mon May 28 01:22:16 UTC 2018 /home/travis/build/icyphy/ptII/ptolemy/domains/sdf/test/auto/Expression.xml
----------------- Instantiating /home/travis/build/icyphy/ptII/ptolemy/domains/sdf/test/auto/Expression.xml
87 ms. Memory: 146944K Free: 90914K (62%)
----------------- Invoking toplevel() on ptolemy.moml.MoMLSimpleApplication@72b2394b
----------------- Done invoking toplevel() on ptolemy.moml.MoMLSimpleApplication@72b2394b
reloadAllAccessors: .Expression
----------------- testing Mon May 28 01:22:16 UTC 2018 /home/travis/build/icyphy/ptII/ptolemy/domains/sdf/test/auto/Eye.xml
----------------- Instantiating /home/travis/build/icyphy/ptII/ptolemy/domains/sdf/test/auto/Eye.xml
196 ms. Memory: 146944K Free: 122089K (83%)
----------------- Invoking toplevel() on ptolemy.moml.MoMLSimpleApplication@694977ab
----------------- Done invoking toplevel() on ptolemy.moml.MoMLSimpleApplication@694977ab
reloadAllAccessors: .Eye
----------------- testing Mon May 28 01:22:16 UTC 2018 /home/travis/build/icyphy/ptII/ptolemy/domains/sdf/test/auto/FixFIR.xml
----------------- Instantiating /home/travis/build/icyphy/ptII/ptolemy/domains/sdf/test/auto/FixFIR.xml
149 ms. Memory: 146944K Free: 83926K (57%)
----------------- Invoking toplevel() on ptolemy.moml.MoMLSimpleApplication@3413da14
----------------- Done invoking toplevel() on ptolemy.moml.MoMLSimpleApplication@3413da14
reloadAllAccessors: .FixFIR
----------------- testing Mon May 28 01:22:17 UTC 2018 /home/travis/build/icyphy/ptII/ptolemy/domains/sdf/test/auto/FixPoint.xml
----------------- Instantiating /home/travis/build/icyphy/ptII/ptolemy/domains/sdf/test/auto/FixPoint.xml
16 ms. Memory: 146944K Free: 79404K (54%)
----------------- Invoking toplevel() on ptolemy.moml.MoMLSimpleApplication@2e96f40e
----------------- Done invoking toplevel() on ptolemy.moml.MoMLSimpleApplication@2e96f40e
reloadAllAccessors: .FixPoint
----------------- testing Mon May 28 01:22:17 UTC 2018 /home/travis/build/icyphy/ptII/ptolemy/domains/sdf/test/auto/Gravitation.xml
----------------- Instantiating /home/travis/build/icyphy/ptII/ptolemy/domains/sdf/test/auto/Gravitation.xml
3174 ms. Memory: 208384K Free: 113997K (55%)
----------------- Invoking toplevel() on ptolemy.moml.MoMLSimpleApplication@724e7a46
----------------- Done invoking toplevel() on ptolemy.moml.MoMLSimpleApplication@724e7a46
reloadAllAccessors: .Gravitation
----------------- testing Mon May 28 01:22:20 UTC 2018 /home/travis/build/icyphy/ptII/ptolemy/domains/sdf/test/auto/GravitationWithCollisionDetection.xml
----------------- Instantiating /home/travis/build/icyphy/ptII/ptolemy/domains/sdf/test/auto/GravitationWithCollisionDetection.xml
5783 ms. Memory: 873984K Free: 323700K (37%)
----------------- Invoking toplevel() on ptolemy.moml.MoMLSimpleApplication@64f46ed0
----------------- Done invoking toplevel() on ptolemy.moml.MoMLSimpleApplication@64f46ed0
reloadAllAccessors: .GravitationWithCollisionDetection
----------------- testing Mon May 28 01:22:26 UTC 2018 /home/travis/build/icyphy/ptII/ptolemy/domains/sdf/test/auto/HDF.xml
----------------- Instantiating /home/travis/build/icyphy/ptII/ptolemy/domains/sdf/test/auto/HDF.xml
46 ms. Memory: 873984K Free: 290703K (33%)
----------------- Invoking toplevel() on ptolemy.moml.MoMLSimpleApplication@7e01c1a6
----------------- Done invoking toplevel() on ptolemy.moml.MoMLSimpleApplication@7e01c1a6
reloadAllAccessors: .HDF
----------------- testing Mon May 28 01:22:26 UTC 2018 /home/travis/build/icyphy/ptII/ptolemy/domains/sdf/test/auto/HDFwithTransientStates.xml
----------------- Instantiating /home/travis/build/icyphy/ptII/ptolemy/domains/sdf/test/auto/HDFwithTransientStates.xml
20 ms. Memory: 873984K Free: 267109K (31%)
----------------- Invoking toplevel() on ptolemy.moml.MoMLSimpleApplication@721f33cd
----------------- Done invoking toplevel() on ptolemy.moml.MoMLSimpleApplication@721f33cd
reloadAllAccessors: .HDFwithTransientStates
----------------- testing Mon May 28 01:22:26 UTC 2018 /home/travis/build/icyphy/ptII/ptolemy/domains/sdf/test/auto/HTVQ.xml
----------------- Instantiating /home/travis/build/icyphy/ptII/ptolemy/domains/sdf/test/auto/HTVQ.xml
745 ms. Memory: 873984K Free: 93992K (11%)
----------------- Invoking toplevel() on ptolemy.moml.MoMLSimpleApplication@3e3b3d36
----------------- Done invoking toplevel() on ptolemy.moml.MoMLSimpleApplication@3e3b3d36
reloadAllAccessors: .HTVQ
----------------- testing Mon May 28 01:22:27 UTC 2018 /home/travis/build/icyphy/ptII/ptolemy/domains/sdf/test/auto/InferInitProduction.xml
----------------- Instantiating /home/travis/build/icyphy/ptII/ptolemy/domains/sdf/test/auto/InferInitProduction.xml
9 ms. Memory: 873984K Free: 78274K (9%)
----------------- Invoking toplevel() on ptolemy.moml.MoMLSimpleApplication@6f2a4875
----------------- Done invoking toplevel() on ptolemy.moml.MoMLSimpleApplication@6f2a4875
reloadAllAccessors: .InferInitProduction
----------------- testing Mon May 28 01:22:27 UTC 2018 /home/travis/build/icyphy/ptII/ptolemy/domains/sdf/test/auto/InferInitProductionDeeper.xml
----------------- Instantiating /home/travis/build/icyphy/ptII/ptolemy/domains/sdf/test/auto/InferInitProductionDeeper.xml
5 ms. Memory: 874496K Free: 851364K (97%)
----------------- Invoking toplevel() on ptolemy.moml.MoMLSimpleApplication@6ea10a46
----------------- Done invoking toplevel() on ptolemy.moml.MoMLSimpleApplication@6ea10a46
reloadAllAccessors: .InferInitProductionDeeper
----------------- testing Mon May 28 01:22:27 UTC 2018 /home/travis/build/icyphy/ptII/ptolemy/domains/sdf/test/auto/LMSAdaptive.xml
----------------- Instantiating /home/travis/build/icyphy/ptII/ptolemy/domains/sdf/test/auto/LMSAdaptive.xml
12 ms. Memory: 874496K Free: 824671K (94%)
----------------- Invoking toplevel() on ptolemy.moml.MoMLSimpleApplication@4126c724
----------------- Done invoking toplevel() on ptolemy.moml.MoMLSimpleApplication@4126c724
reloadAllAccessors: .LMSAdaptive
----------------- testing Mon May 28 01:22:27 UTC 2018 /home/travis/build/icyphy/ptII/ptolemy/domains/sdf/test/auto/LogisticMap.xml
----------------- Instantiating /home/travis/build/icyphy/ptII/ptolemy/domains/sdf/test/auto/LogisticMap.xml
445 ms. Memory: 874496K Free: 808702K (92%)
----------------- Invoking toplevel() on ptolemy.moml.MoMLSimpleApplication@5493df
----------------- Done invoking toplevel() on ptolemy.moml.MoMLSimpleApplication@5493df
reloadAllAccessors: .LogisticMap
----------------- testing Mon May 28 01:22:27 UTC 2018 /home/travis/build/icyphy/ptII/ptolemy/domains/sdf/test/auto/MaximumEntropySpectrum.xml
----------------- Instantiating /home/travis/build/icyphy/ptII/ptolemy/domains/sdf/test/auto/MaximumEntropySpectrum.xml
64 ms. Memory: 874496K Free: 730061K (83%)
----------------- Invoking toplevel() on ptolemy.moml.MoMLSimpleApplication@48689c29
----------------- Done invoking toplevel() on ptolemy.moml.MoMLSimpleApplication@48689c29
reloadAllAccessors: .MaximumEntropySpectrum
----------------- testing Mon May 28 01:22:28 UTC 2018 /home/travis/build/icyphy/ptII/ptolemy/domains/sdf/test/auto/MultirateSDF.xml
----------------- Instantiating /home/travis/build/icyphy/ptII/ptolemy/domains/sdf/test/auto/MultirateSDF.xml
19 ms. Memory: 874496K Free: 706476K (81%)
----------------- Invoking toplevel() on ptolemy.moml.MoMLSimpleApplication@1c31098
----------------- Done invoking toplevel() on ptolemy.moml.MoMLSimpleApplication@1c31098
reloadAllAccessors: .MultirateSDF
----------------- testing Mon May 28 01:22:28 UTC 2018 /home/travis/build/icyphy/ptII/ptolemy/domains/sdf/test/auto/MultirateSDFwithTransientStates.xml
----------------- Instantiating /home/travis/build/icyphy/ptII/ptolemy/domains/sdf/test/auto/MultirateSDFwithTransientStates.xml
13 ms. Memory: 874496K Free: 682890K (78%)
----------------- Invoking toplevel() on ptolemy.moml.MoMLSimpleApplication@7d5eeae9
----------------- Done invoking toplevel() on ptolemy.moml.MoMLSimpleApplication@7d5eeae9
reloadAllAccessors: .MultirateSDFwithTransientStates
----------------- testing Mon May 28 01:22:28 UTC 2018 /home/travis/build/icyphy/ptII/ptolemy/domains/sdf/test/auto/NoisySinewave.xml
----------------- Instantiating /home/travis/build/icyphy/ptII/ptolemy/domains/sdf/test/auto/NoisySinewave.xml
10 ms. Memory: 874496K Free: 659296K (75%)
----------------- Invoking toplevel() on ptolemy.moml.MoMLSimpleApplication@410eea08
----------------- Done invoking toplevel() on ptolemy.moml.MoMLSimpleApplication@410eea08
reloadAllAccessors: .NoisySinewave
----------------- testing Mon May 28 01:22:28 UTC 2018 /home/travis/build/icyphy/ptII/ptolemy/domains/sdf/test/auto/Objects.xml
----------------- Instantiating /home/travis/build/icyphy/ptII/ptolemy/domains/sdf/test/auto/Objects.xml
2 ms. Memory: 874496K Free: 635703K (73%)
----------------- Invoking toplevel() on ptolemy.moml.MoMLSimpleApplication@3dad9fcd
----------------- Done invoking toplevel() on ptolemy.moml.MoMLSimpleApplication@3dad9fcd
reloadAllAccessors: .Objects
----------------- testing Mon May 28 01:22:28 UTC 2018 /home/travis/build/icyphy/ptII/ptolemy/domains/sdf/test/auto/OrthogonalCom.xml
----------------- Instantiating /home/travis/build/icyphy/ptII/ptolemy/domains/sdf/test/auto/OrthogonalCom.xml
6 ms. Memory: 874496K Free: 619984K (71%)
----------------- Invoking toplevel() on ptolemy.moml.MoMLSimpleApplication@698424d0
----------------- Done invoking toplevel() on ptolemy.moml.MoMLSimpleApplication@698424d0
reloadAllAccessors: .OrthogonalCom
----------------- testing Mon May 28 01:22:28 UTC 2018 /home/travis/build/icyphy/ptII/ptolemy/domains/sdf/test/auto/RijndaelEncryption.xml
----------------- Instantiating /home/travis/build/icyphy/ptII/ptolemy/domains/sdf/test/auto/RijndaelEncryption.xml
225 ms. Memory: 874496K Free: 454788K (52%)
----------------- Invoking toplevel() on ptolemy.moml.MoMLSimpleApplication@5b51b7cc
----------------- Done invoking toplevel() on ptolemy.moml.MoMLSimpleApplication@5b51b7cc
reloadAllAccessors: .RijndaelEncryption
----------------- testing Mon May 28 01:22:28 UTC 2018 /home/travis/build/icyphy/ptII/ptolemy/domains/sdf/test/auto/SDFEmptyIterations.xml
----------------- Instantiating /home/travis/build/icyphy/ptII/ptolemy/domains/sdf/test/auto/SDFEmptyIterations.xml
5 ms. Memory: 874496K Free: 435971K (50%)
----------------- Invoking toplevel() on ptolemy.moml.MoMLSimpleApplication@48c0ae45
----------------- Done invoking toplevel() on ptolemy.moml.MoMLSimpleApplication@48c0ae45
reloadAllAccessors: .SDFEmptyIterations
----------------- testing Mon May 28 01:22:28 UTC 2018 /home/travis/build/icyphy/ptII/ptolemy/domains/sdf/test/auto/Spectrum.xml
----------------- Instantiating /home/travis/build/icyphy/ptII/ptolemy/domains/sdf/test/auto/Spectrum.xml
21 ms. Memory: 874496K Free: 412377K (47%)
----------------- Invoking toplevel() on ptolemy.moml.MoMLSimpleApplication@387562b5
----------------- Done invoking toplevel() on ptolemy.moml.MoMLSimpleApplication@387562b5
reloadAllAccessors: .Spectrum
----------------- testing Mon May 28 01:22:29 UTC 2018 /home/travis/build/icyphy/ptII/ptolemy/domains/sdf/test/auto/de_inside_sdf.xml
----------------- Instantiating /home/travis/build/icyphy/ptII/ptolemy/domains/sdf/test/auto/de_inside_sdf.xml
4 ms. Memory: 874496K Free: 396659K (45%)
----------------- Invoking toplevel() on ptolemy.moml.MoMLSimpleApplication@69adf9e0
----------------- Done invoking toplevel() on ptolemy.moml.MoMLSimpleApplication@69adf9e0
reloadAllAccessors: .de_inside_sdf
----------------- testing Mon May 28 01:22:29 UTC 2018 /home/travis/build/icyphy/ptII/ptolemy/domains/sdf/test/auto/disconnectedHierarchicalSDF.xml
----------------- Instantiating /home/travis/build/icyphy/ptII/ptolemy/domains/sdf/test/auto/disconnectedHierarchicalSDF.xml
4 ms. Memory: 874496K Free: 380940K (44%)
----------------- Invoking toplevel() on ptolemy.moml.MoMLSimpleApplication@174b3524
----------------- Done invoking toplevel() on ptolemy.moml.MoMLSimpleApplication@174b3524
reloadAllAccessors: .disconnectedHierarchicalSDF
----------------- testing Mon May 28 01:22:29 UTC 2018 /home/travis/build/icyphy/ptII/ptolemy/domains/sdf/test/auto/disconnectedSDF.xml
----------------- Instantiating /home/travis/build/icyphy/ptII/ptolemy/domains/sdf/test/auto/disconnectedSDF.xml
2 ms. Memory: 874496K Free: 365222K (42%)
----------------- Invoking toplevel() on ptolemy.moml.MoMLSimpleApplication@64a94e7a
----------------- Done invoking toplevel() on ptolemy.moml.MoMLSimpleApplication@64a94e7a
reloadAllAccessors: .disconnectedSDF
----------------- testing Mon May 28 01:22:29 UTC 2018 /home/travis/build/icyphy/ptII/ptolemy/domains/sdf/test/auto/emptyRefinement.xml
----------------- Instantiating /home/travis/build/icyphy/ptII/ptolemy/domains/sdf/test/auto/emptyRefinement.xml
3 ms. Memory: 874496K Free: 349503K (40%)
----------------- Invoking toplevel() on ptolemy.moml.MoMLSimpleApplication@7e02d981
----------------- Done invoking toplevel() on ptolemy.moml.MoMLSimpleApplication@7e02d981
reloadAllAccessors: .emptyRefinement
----------------- testing Mon May 28 01:22:29 UTC 2018 /home/travis/build/icyphy/ptII/ptolemy/domains/sdf/test/auto/filePortParameter.xml
----------------- Instantiating /home/travis/build/icyphy/ptII/ptolemy/domains/sdf/test/auto/filePortParameter.xml
7 ms. Memory: 874496K Free: 333785K (38%)
----------------- Invoking toplevel() on ptolemy.moml.MoMLSimpleApplication@6bd435aa
----------------- Done invoking toplevel() on ptolemy.moml.MoMLSimpleApplication@6bd435aa
reloadAllAccessors: .filePortParameter
----------------- testing Mon May 28 01:22:29 UTC 2018 /home/travis/build/icyphy/ptII/ptolemy/domains/sdf/test/auto/inferRelationWidth1.xml
----------------- Instantiating /home/travis/build/icyphy/ptII/ptolemy/domains/sdf/test/auto/inferRelationWidth1.xml
3 ms. Memory: 874496K Free: 318066K (36%)
----------------- Invoking toplevel() on ptolemy.moml.MoMLSimpleApplication@19e710a7
----------------- Done invoking toplevel() on ptolemy.moml.MoMLSimpleApplication@19e710a7
reloadAllAccessors: .inferRelationWidth1
----------------- testing Mon May 28 01:22:29 UTC 2018 /home/travis/build/icyphy/ptII/ptolemy/domains/sdf/test/auto/initProductionInference.xml
----------------- Instantiating /home/travis/build/icyphy/ptII/ptolemy/domains/sdf/test/auto/initProductionInference.xml
7 ms. Memory: 874496K Free: 302348K (35%)
----------------- Invoking toplevel() on ptolemy.moml.MoMLSimpleApplication@1b428c1c
----------------- Done invoking toplevel() on ptolemy.moml.MoMLSimpleApplication@1b428c1c
reloadAllAccessors: .initProductionInference
----------------- testing Mon May 28 01:22:29 UTC 2018 /home/travis/build/icyphy/ptII/ptolemy/domains/sdf/test/auto/relationGroup.xml
----------------- Instantiating /home/travis/build/icyphy/ptII/ptolemy/domains/sdf/test/auto/relationGroup.xml
2 ms. Memory: 874496K Free: 283530K (32%)
----------------- Invoking toplevel() on ptolemy.moml.MoMLSimpleApplication@56efe2fb
----------------- Done invoking toplevel() on ptolemy.moml.MoMLSimpleApplication@56efe2fb
reloadAllAccessors: .relationGroup
----------------- testing Mon May 28 01:22:29 UTC 2018 /home/travis/build/icyphy/ptII/ptolemy/domains/sdf/test/auto/relationGroup10.xml
----------------- Instantiating /home/travis/build/icyphy/ptII/ptolemy/domains/sdf/test/auto/relationGroup10.xml
2 ms. Memory: 874496K Free: 267811K (31%)
----------------- Invoking toplevel() on ptolemy.moml.MoMLSimpleApplication@4b47dc90
----------------- Done invoking toplevel() on ptolemy.moml.MoMLSimpleApplication@4b47dc90
reloadAllAccessors: .relationGroup10
----------------- testing Mon May 28 01:22:29 UTC 2018 /home/travis/build/icyphy/ptII/ptolemy/domains/sdf/test/auto/relationGroup11.xml
----------------- Instantiating /home/travis/build/icyphy/ptII/ptolemy/domains/sdf/test/auto/relationGroup11.xml
1 ms. Memory: 874496K Free: 252093K (29%)
----------------- Invoking toplevel() on ptolemy.moml.MoMLSimpleApplication@295d10b1
----------------- Done invoking toplevel() on ptolemy.moml.MoMLSimpleApplication@295d10b1
reloadAllAccessors: .relationGroup11
----------------- testing Mon May 28 01:22:29 UTC 2018 /home/travis/build/icyphy/ptII/ptolemy/domains/sdf/test/auto/relationGroup12.xml
----------------- Instantiating /home/travis/build/icyphy/ptII/ptolemy/domains/sdf/test/auto/relationGroup12.xml
2 ms. Memory: 874496K Free: 236374K (27%)
----------------- Invoking toplevel() on ptolemy.moml.MoMLSimpleApplication@4813ebe7
----------------- Done invoking toplevel() on ptolemy.moml.MoMLSimpleApplication@4813ebe7
reloadAllAccessors: .relationGroup12
----------------- testing Mon May 28 01:22:29 UTC 2018 /home/travis/build/icyphy/ptII/ptolemy/domains/sdf/test/auto/relationGroup13.xml
----------------- Instantiating /home/travis/build/icyphy/ptII/ptolemy/domains/sdf/test/auto/relationGroup13.xml
3 ms. Memory: 874496K Free: 220656K (25%)
----------------- Invoking toplevel() on ptolemy.moml.MoMLSimpleApplication@490a091b
----------------- Done invoking toplevel() on ptolemy.moml.MoMLSimpleApplication@490a091b
reloadAllAccessors: .relationGroup13
----------------- testing Mon May 28 01:22:29 UTC 2018 /home/travis/build/icyphy/ptII/ptolemy/domains/sdf/test/auto/relationGroup14.xml
----------------- Instantiating /home/travis/build/icyphy/ptII/ptolemy/domains/sdf/test/auto/relationGroup14.xml
3 ms. Memory: 874496K Free: 204937K (23%)
----------------- Invoking toplevel() on ptolemy.moml.MoMLSimpleApplication@550fcbba
----------------- Done invoking toplevel() on ptolemy.moml.MoMLSimpleApplication@550fcbba
reloadAllAccessors: .relationGroup14
----------------- testing Mon May 28 01:22:29 UTC 2018 /home/travis/build/icyphy/ptII/ptolemy/domains/sdf/test/auto/relationGroup15.xml
----------------- Instantiating /home/travis/build/icyphy/ptII/ptolemy/domains/sdf/test/auto/relationGroup15.xml
1 ms. Memory: 874496K Free: 189219K (22%)
----------------- Invoking toplevel() on ptolemy.moml.MoMLSimpleApplication@58526712
----------------- Done invoking toplevel() on ptolemy.moml.MoMLSimpleApplication@58526712
reloadAllAccessors: .relationGroup15
----------------- testing Mon May 28 01:22:29 UTC 2018 /home/travis/build/icyphy/ptII/ptolemy/domains/sdf/test/auto/relationGroup2.xml
----------------- Instantiating /home/travis/build/icyphy/ptII/ptolemy/domains/sdf/test/auto/relationGroup2.xml
1 ms. Memory: 874496K Free: 173500K (20%)
----------------- Invoking toplevel() on ptolemy.moml.MoMLSimpleApplication@7794f720
----------------- Done invoking toplevel() on ptolemy.moml.MoMLSimpleApplication@7794f720
reloadAllAccessors: .relationGroup2
----------------- testing Mon May 28 01:22:29 UTC 2018 /home/travis/build/icyphy/ptII/ptolemy/domains/sdf/test/auto/relationGroup3.xml
----------------- Instantiating /home/travis/build/icyphy/ptII/ptolemy/domains/sdf/test/auto/relationGroup3.xml
2 ms. Memory: 874496K Free: 157782K (18%)
----------------- Invoking toplevel() on ptolemy.moml.MoMLSimpleApplication@a4d0f7f
----------------- Done invoking toplevel() on ptolemy.moml.MoMLSimpleApplication@a4d0f7f
reloadAllAccessors: .relationGroup3
----------------- testing Mon May 28 01:22:29 UTC 2018 /home/travis/build/icyphy/ptII/ptolemy/domains/sdf/test/auto/relationGroup4.xml
----------------- Instantiating /home/travis/build/icyphy/ptII/ptolemy/domains/sdf/test/auto/relationGroup4.xml
2 ms. Memory: 874496K Free: 138964K (16%)
----------------- Invoking toplevel() on ptolemy.moml.MoMLSimpleApplication@f879747
----------------- Done invoking toplevel() on ptolemy.moml.MoMLSimpleApplication@f879747
reloadAllAccessors: .relationGroup4
----------------- testing Mon May 28 01:22:29 UTC 2018 /home/travis/build/icyphy/ptII/ptolemy/domains/sdf/test/auto/relationGroup5.xml
----------------- Instantiating /home/travis/build/icyphy/ptII/ptolemy/domains/sdf/test/auto/relationGroup5.xml
3 ms. Memory: 874496K Free: 123245K (14%)
----------------- Invoking toplevel() on ptolemy.moml.MoMLSimpleApplication@30d38323
----------------- Done invoking toplevel() on ptolemy.moml.MoMLSimpleApplication@30d38323
reloadAllAccessors: .relationGroup5
----------------- testing Mon May 28 01:22:29 UTC 2018 /home/travis/build/icyphy/ptII/ptolemy/domains/sdf/test/auto/relationGroup6.xml
----------------- Instantiating /home/travis/build/icyphy/ptII/ptolemy/domains/sdf/test/auto/relationGroup6.xml
7 ms. Memory: 874496K Free: 107527K (12%)
----------------- Invoking toplevel() on ptolemy.moml.MoMLSimpleApplication@30307c80
----------------- Done invoking toplevel() on ptolemy.moml.MoMLSimpleApplication@30307c80
reloadAllAccessors: .relationGroup6
----------------- testing Mon May 28 01:22:29 UTC 2018 /home/travis/build/icyphy/ptII/ptolemy/domains/sdf/test/auto/relationGroup7.xml
----------------- Instantiating /home/travis/build/icyphy/ptII/ptolemy/domains/sdf/test/auto/relationGroup7.xml
7 ms. Memory: 874496K Free: 91808K (10%)
----------------- Invoking toplevel() on ptolemy.moml.MoMLSimpleApplication@cdcb516
----------------- Done invoking toplevel() on ptolemy.moml.MoMLSimpleApplication@cdcb516
reloadAllAccessors: .relationGroup7
----------------- testing Mon May 28 01:22:29 UTC 2018 /home/travis/build/icyphy/ptII/ptolemy/domains/sdf/test/auto/relationGroup8.xml
----------------- Instantiating /home/travis/build/icyphy/ptII/ptolemy/domains/sdf/test/auto/relationGroup8.xml
5 ms. Memory: 874496K Free: 77245K (9%)
----------------- Invoking toplevel() on ptolemy.moml.MoMLSimpleApplication@38c19eef
----------------- Done invoking toplevel() on ptolemy.moml.MoMLSimpleApplication@38c19eef
reloadAllAccessors: .relationGroup8
----------------- testing Mon May 28 01:22:29 UTC 2018 /home/travis/build/icyphy/ptII/ptolemy/domains/sdf/test/auto/relationGroup9.xml
----------------- Instantiating /home/travis/build/icyphy/ptII/ptolemy/domains/sdf/test/auto/relationGroup9.xml
6 ms. Memory: 830464K Free: 803492K (97%)
----------------- Invoking toplevel() on ptolemy.moml.MoMLSimpleApplication@12e74b92
----------------- Done invoking toplevel() on ptolemy.moml.MoMLSimpleApplication@12e74b92
reloadAllAccessors: .relationGroup9
----------------- testing Mon May 28 01:22:29 UTC 2018 /home/travis/build/icyphy/ptII/ptolemy/domains/sdf/test/auto/sdf_inside_de.xml
----------------- Instantiating /home/travis/build/icyphy/ptII/ptolemy/domains/sdf/test/auto/sdf_inside_de.xml
24 ms. Memory: 830464K Free: 779028K (94%)
----------------- Invoking toplevel() on ptolemy.moml.MoMLSimpleApplication@48263602
----------------- Done invoking toplevel() on ptolemy.moml.MoMLSimpleApplication@48263602
reloadAllAccessors: .sdf_inside_de
----------------- testing Mon May 28 01:22:29 UTC 2018 /home/travis/build/icyphy/ptII/ptolemy/domains/sdf/test/auto/sdf_inside_pn.xml
----------------- Instantiating /home/travis/build/icyphy/ptII/ptolemy/domains/sdf/test/auto/sdf_inside_pn.xml
39 ms. Memory: 830464K Free: 726630K (87%)
----------------- Invoking toplevel() on ptolemy.moml.MoMLSimpleApplication@23b9e177
----------------- Done invoking toplevel() on ptolemy.moml.MoMLSimpleApplication@23b9e177
reloadAllAccessors: .sdf_inside_pn
----------------- testing Mon May 28 01:22:29 UTC 2018 /home/travis/build/icyphy/ptII/ptolemy/domains/sdf/test/auto/sdf_sdf1.xml
----------------- Instantiating /home/travis/build/icyphy/ptII/ptolemy/domains/sdf/test/auto/sdf_sdf1.xml
4 ms. Memory: 830464K Free: 711659K (86%)
----------------- Invoking toplevel() on ptolemy.moml.MoMLSimpleApplication@464db31c
----------------- Done invoking toplevel() on ptolemy.moml.MoMLSimpleApplication@464db31c
reloadAllAccessors: .sdf_sdf1
----------------- testing Mon May 28 01:22:29 UTC 2018 /home/travis/build/icyphy/ptII/ptolemy/domains/sdf/test/auto/test1.xml
----------------- Instantiating /home/travis/build/icyphy/ptII/ptolemy/domains/sdf/test/auto/test1.xml
3 ms. Memory: 830464K Free: 696688K (84%)
----------------- Invoking toplevel() on ptolemy.moml.MoMLSimpleApplication@417c0c54
----------------- Done invoking toplevel() on ptolemy.moml.MoMLSimpleApplication@417c0c54
reloadAllAccessors: .test1
----------------- testing Mon May 28 01:22:29 UTC 2018 /home/travis/build/icyphy/ptII/ptolemy/domains/sdf/test/auto/time1.xml
----------------- Instantiating /home/travis/build/icyphy/ptII/ptolemy/domains/sdf/test/auto/time1.xml
2 ms. Memory: 830464K Free: 681717K (82%)
----------------- Invoking toplevel() on ptolemy.moml.MoMLSimpleApplication@4d91bfa5
----------------- Done invoking toplevel() on ptolemy.moml.MoMLSimpleApplication@4d91bfa5
reloadAllAccessors: .time1
----------------- testing Mon May 28 01:22:29 UTC 2018 /home/travis/build/icyphy/ptII/ptolemy/domains/sdf/test/auto/time2.xml
----------------- Instantiating /home/travis/build/icyphy/ptII/ptolemy/domains/sdf/test/auto/time2.xml
2 ms. Memory: 830464K Free: 664754K (80%)
----------------- Invoking toplevel() on ptolemy.moml.MoMLSimpleApplication@54a45ed9
----------------- Done invoking toplevel() on ptolemy.moml.MoMLSimpleApplication@54a45ed9
reloadAllAccessors: .time2
----------------- testing Mon May 28 01:22:29 UTC 2018 /home/travis/build/icyphy/ptII/ptolemy/domains/sdf/test/auto/time3.xml
----------------- Instantiating /home/travis/build/icyphy/ptII/ptolemy/domains/sdf/test/auto/time3.xml
8 ms. Memory: 830464K Free: 649783K (78%)
----------------- Invoking toplevel() on ptolemy.moml.MoMLSimpleApplication@15426496
----------------- Done invoking toplevel() on ptolemy.moml.MoMLSimpleApplication@15426496
reloadAllAccessors: .time3
----------------- testing Mon May 28 01:22:29 UTC 2018 /home/travis/build/icyphy/ptII/ptolemy/domains/sdf/test/auto/time4.xml
----------------- Instantiating /home/travis/build/icyphy/ptII/ptolemy/domains/sdf/test/auto/time4.xml
5 ms. Memory: 830464K Free: 634812K (76%)
----------------- Invoking toplevel() on ptolemy.moml.MoMLSimpleApplication@52b0f396
----------------- Done invoking toplevel() on ptolemy.moml.MoMLSimpleApplication@52b0f396
reloadAllAccessors: .time4
----------------- testing Mon May 28 01:22:29 UTC 2018 /home/travis/build/icyphy/ptII/ptolemy/domains/sdf/test/auto/time5.xml
----------------- Instantiating /home/travis/build/icyphy/ptII/ptolemy/domains/sdf/test/auto/time5.xml
4002 ms. Memory: 830464K Free: 619841K (75%)
----------------- Invoking toplevel() on ptolemy.moml.MoMLSimpleApplication@de205a0
----------------- Done invoking toplevel() on ptolemy.moml.MoMLSimpleApplication@de205a0
reloadAllAccessors: .time5
----------------- testing Mon May 28 01:22:33 UTC 2018 /home/travis/build/icyphy/ptII/ptolemy/domains/sdf/test/auto/typeSystem_Const_Integer_smallest_Type.xml
----------------- Instantiating /home/travis/build/icyphy/ptII/ptolemy/domains/sdf/test/auto/typeSystem_Const_Integer_smallest_Type.xml
9 ms. Memory: 830464K Free: 604871K (73%)
----------------- Invoking toplevel() on ptolemy.moml.MoMLSimpleApplication@4e1ecfe3
----------------- Done invoking toplevel() on ptolemy.moml.MoMLSimpleApplication@4e1ecfe3
reloadAllAccessors: .typeSystem_Const_Integer_smallest_Type
----------------- testing Mon May 28 01:22:33 UTC 2018 /home/travis/build/icyphy/ptII/ptolemy/domains/sdf/test/auto/typeSystem_declared_Inports_OutportTypeException.xml
----------------- Instantiating /home/travis/build/icyphy/ptII/ptolemy/domains/sdf/test/auto/typeSystem_declared_Inports_OutportTypeException.xml
.typeSystem_declared_Inports_OutportTypeException.TestExceptionAttribute: initialize() was not invoked, but wrapup() was.  This is unusual, but not always a problem.  For example, exporting JNLP will do this.
2 ms. Memory: 830464K Free: 587908K (71%)
----------------- Invoking toplevel() on ptolemy.moml.MoMLSimpleApplication@18a4bbb9
----------------- Done invoking toplevel() on ptolemy.moml.MoMLSimpleApplication@18a4bbb9
reloadAllAccessors: .typeSystem_declared_Inports_OutportTypeException
----------------- testing Mon May 28 01:22:33 UTC 2018 /home/travis/build/icyphy/ptII/ptolemy/domains/sdf/test/auto/typeSystem_oneDeclaredInportType_wrongTypeOutport.xml
----------------- Instantiating /home/travis/build/icyphy/ptII/ptolemy/domains/sdf/test/auto/typeSystem_oneDeclaredInportType_wrongTypeOutport.xml
3 ms. Memory: 830464K Free: 572937K (69%)
----------------- Invoking toplevel() on ptolemy.moml.MoMLSimpleApplication@6ad58f1e
----------------- Done invoking toplevel() on ptolemy.moml.MoMLSimpleApplication@6ad58f1e
reloadAllAccessors: .typeSystem_oneDeclaredInportType_wrongTypeOutport
----------------- testing Mon May 28 01:22:33 UTC 2018 /home/travis/build/icyphy/ptII/ptolemy/domains/sdf/test/auto/width.xml
----------------- Instantiating /home/travis/build/icyphy/ptII/ptolemy/domains/sdf/test/auto/width.xml
1 ms. Memory: 830464K Free: 557966K (67%)
----------------- Invoking toplevel() on ptolemy.moml.MoMLSimpleApplication@6412a533
----------------- Done invoking toplevel() on ptolemy.moml.MoMLSimpleApplication@6412a533
reloadAllAccessors: .width
----------------- testing Mon May 28 01:22:33 UTC 2018 /home/travis/build/icyphy/ptII/ptolemy/domains/sdf/test/auto/width2.xml
----------------- Instantiating /home/travis/build/icyphy/ptII/ptolemy/domains/sdf/test/auto/width2.xml
34 ms. Memory: 830464K Free: 542995K (65%)
----------------- Invoking toplevel() on ptolemy.moml.MoMLSimpleApplication@253f449b
----------------- Done invoking toplevel() on ptolemy.moml.MoMLSimpleApplication@253f449b
reloadAllAccessors: .width2
----------------- testing Mon May 28 01:22:33 UTC 2018 /home/travis/build/icyphy/ptII/ptolemy/domains/sdf/test/auto/width3.xml
----------------- Instantiating /home/travis/build/icyphy/ptII/ptolemy/domains/sdf/test/auto/width3.xml
25 ms. Memory: 830464K Free: 528024K (64%)
----------------- Invoking toplevel() on ptolemy.moml.MoMLSimpleApplication@51b0273a
----------------- Done invoking toplevel() on ptolemy.moml.MoMLSimpleApplication@51b0273a
reloadAllAccessors: .width3
AutoTests.java: About to close Vertx.
AutoTests.java: Vertx closed.
]]></system-out>
  <system-err><![CDATA[java.lang.RuntimeException: Execution failed
	at ptolemy.moml.MoMLSimpleApplication$UnloadThread.run(MoMLSimpleApplication.java:402)
Caused by: ptolemy.actor.sched.NotSchedulableException: No solution exists for the balance equations.
Graph is not consistent under the SDF domain detected on external port .rateConsistency.actor.port2
  in .rateConsistency.SDF Director.Scheduler
	at ptolemy.domains.sdf.kernel.SDFScheduler._propagatePort(SDFScheduler.java:1425)
	at ptolemy.domains.sdf.kernel.SDFScheduler._solveBalanceEquations(SDFScheduler.java:710)
	at ptolemy.domains.sdf.kernel.SDFScheduler._getSchedule(SDFScheduler.java:566)
	at ptolemy.actor.sched.Scheduler.getSchedule(Scheduler.java:189)
	at ptolemy.domains.sdf.kernel.SDFDirector.createSchedule(SDFDirector.java:408)
	at ptolemy.domains.sdf.kernel.SDFDirector.preinitialize(SDFDirector.java:764)
	at ptolemy.actor.CompositeActor.preinitialize(CompositeActor.java:1828)
	at ptolemy.actor.Manager.preinitializeAndResolveTypes(Manager.java:1040)
	at ptolemy.actor.Manager.initialize(Manager.java:710)
	at ptolemy.actor.Manager.execute(Manager.java:356)
	at ptolemy.actor.Manager.run(Manager.java:1263)
	at ptolemy.actor.Manager$PtolemyRunThread.run(Manager.java:1915)
java.lang.RuntimeException: Execution failed
	at ptolemy.moml.MoMLSimpleApplication$UnloadThread.run(MoMLSimpleApplication.java:402)
Caused by: ptolemy.kernel.util.IllegalActionException: Failed to compute schedule:
  in .badRateChanges.typed composite actor.SDF Director
Because:
The SDF rate parameter may change. This is not allowed in SDF models that will be run through the code generator.  If you don't care about code generation, then you might consider setting the allowRateChanges parameter of the SDF director to false.
  in .badRateChanges.typed composite actor.Repeat.output.tokenProductionRate
	at ptolemy.domains.sdf.kernel.SDFDirector.createSchedule(SDFDirector.java:418)
	at ptolemy.domains.sdf.kernel.SDFDirector.preinitialize(SDFDirector.java:764)
	at ptolemy.actor.CompositeActor.preinitialize(CompositeActor.java:1828)
	at ptolemy.actor.Director.preinitialize(Director.java:1302)
	at ptolemy.actor.Director.preinitialize(Director.java:1257)
	at ptolemy.domains.sdf.kernel.SDFDirector.preinitialize(SDFDirector.java:763)
	at ptolemy.actor.CompositeActor.preinitialize(CompositeActor.java:1828)
	at ptolemy.actor.Manager.preinitializeAndResolveTypes(Manager.java:1040)
	at ptolemy.actor.Manager.initialize(Manager.java:710)
	at ptolemy.actor.Manager.execute(Manager.java:356)
	at ptolemy.actor.Manager.run(Manager.java:1263)
	at ptolemy.actor.Manager$PtolemyRunThread.run(Manager.java:1915)
Caused by: ptolemy.kernel.util.IllegalActionException: The SDF rate parameter may change. This is not allowed in SDF models that will be run through the code generator.  If you don't care about code generation, then you might consider setting the allowRateChanges parameter of the SDF director to false.
  in .badRateChanges.typed composite actor.Repeat.output.tokenProductionRate
	at ptolemy.domains.sdf.kernel.SDFScheduler._assertDynamicRateVariable(SDFScheduler.java:931)
	at ptolemy.domains.sdf.kernel.SDFScheduler._checkDynamicRateVariables(SDFScheduler.java:339)
	at ptolemy.domains.sdf.kernel.SDFScheduler._getSchedule(SDFScheduler.java:527)
	at ptolemy.actor.sched.Scheduler.getSchedule(Scheduler.java:189)
	at ptolemy.domains.sdf.kernel.SDFDirector.createSchedule(SDFDirector.java:408)
	... 11 more
java.lang.RuntimeException: Execution failed
	at ptolemy.moml.MoMLSimpleApplication$UnloadThread.run(MoMLSimpleApplication.java:402)
Caused by: ptolemy.kernel.util.IllegalActionException: Failed to compute schedule:
  in .badRateChanges2.typed composite actor.SDF Director
Because:
The SDF rate parameter may change. This is not allowed in SDF models that will be run through the code generator.  If you don't care about code generation, then you might consider setting the allowRateChanges parameter of the SDF director to false.
  in .badRateChanges2.typed composite actor.Repeat.output.tokenProductionRate
	at ptolemy.domains.sdf.kernel.SDFDirector.createSchedule(SDFDirector.java:418)
	at ptolemy.domains.sdf.kernel.SDFDirector.preinitialize(SDFDirector.java:764)
	at ptolemy.actor.CompositeActor.preinitialize(CompositeActor.java:1828)
	at ptolemy.actor.Director.preinitialize(Director.java:1302)
	at ptolemy.actor.Director.preinitialize(Director.java:1257)
	at ptolemy.domains.sdf.kernel.SDFDirector.preinitialize(SDFDirector.java:763)
	at ptolemy.actor.CompositeActor.preinitialize(CompositeActor.java:1828)
	at ptolemy.actor.Manager.preinitializeAndResolveTypes(Manager.java:1040)
	at ptolemy.actor.Manager.initialize(Manager.java:710)
	at ptolemy.actor.Manager.execute(Manager.java:356)
	at ptolemy.actor.Manager.run(Manager.java:1263)
	at ptolemy.actor.Manager$PtolemyRunThread.run(Manager.java:1915)
Caused by: ptolemy.kernel.util.IllegalActionException: The SDF rate parameter may change. This is not allowed in SDF models that will be run through the code generator.  If you don't care about code generation, then you might consider setting the allowRateChanges parameter of the SDF director to false.
  in .badRateChanges2.typed composite actor.Repeat.output.tokenProductionRate
	at ptolemy.domains.sdf.kernel.SDFScheduler._assertDynamicRateVariable(SDFScheduler.java:931)
	at ptolemy.domains.sdf.kernel.SDFScheduler._checkDynamicRateVariables(SDFScheduler.java:339)
	at ptolemy.domains.sdf.kernel.SDFScheduler._getSchedule(SDFScheduler.java:527)
	at ptolemy.actor.sched.Scheduler.getSchedule(Scheduler.java:189)
	at ptolemy.domains.sdf.kernel.SDFDirector.createSchedule(SDFDirector.java:408)
	... 11 more
java.lang.RuntimeException: Execution failed
	at ptolemy.moml.MoMLSimpleApplication$UnloadThread.run(MoMLSimpleApplication.java:402)
Caused by: ptolemy.actor.sched.NotSchedulableException: Actors remain that cannot be scheduled!

There are several possible reasons:
* SDF Graphs with feedback loops should have an actor with a delay in the loop, such as a SampleDelay.
* The SDF director has an "allowDisconnectedGraphs"parameter, which, when true, permits disconnected SDF graphs.
* The token consumption rate and production rates might be mismatched.
Usually, actors produce one token or consume one token on a port.  To produce or consume multiple tokens per firing, add a "tokenConsumptionRate" or "tokenProductionRate" parameter to the appropriate port.
Unscheduled actors:
.partiallyConnected.Const2 
Scheduled actors:
.partiallyConnected.Const 
  in .partiallyConnected.SDF Director.Scheduler
	at ptolemy.domains.sdf.kernel.SDFScheduler._scheduleConnectedActors(SDFScheduler.java:1828)
	at ptolemy.domains.sdf.kernel.SDFScheduler._getSchedule(SDFScheduler.java:587)
	at ptolemy.actor.sched.Scheduler.getSchedule(Scheduler.java:189)
	at ptolemy.domains.sdf.kernel.SDFDirector.createSchedule(SDFDirector.java:408)
	at ptolemy.domains.sdf.kernel.SDFDirector.preinitialize(SDFDirector.java:764)
	at ptolemy.actor.CompositeActor.preinitialize(CompositeActor.java:1828)
	at ptolemy.actor.Manager.preinitializeAndResolveTypes(Manager.java:1040)
	at ptolemy.actor.Manager.initialize(Manager.java:710)
	at ptolemy.actor.Manager.execute(Manager.java:356)
	at ptolemy.actor.Manager.run(Manager.java:1263)
	at ptolemy.actor.Manager$PtolemyRunThread.run(Manager.java:1915)
]]></system-err>
</testsuite>
