<?xml version="1.0" encoding="UTF-8" ?>
<testsuite errors="0" failures="0" hostname="travis-job-e3dc3b44-54d3-4fdf-ae14-0b35dc91dffd" name="ptolemy.domains.de.test.junit.JUnitTclTest" skipped="0" tests="101" time="163.011" timestamp="2018-04-29T00:57:48">
  <properties>
[...]
</properties>
  <testcase classname="ptolemy.util.test.junit.TclTests" name="[0] /home/travis/build/icyphy/ptII/ptolemy/domains/de/test/DependencyLoop.tcl (RunTclFile)" time="1.007" />
  <testcase classname="ptolemy.util.test.junit.TclTests" name="[1] /home/travis/build/icyphy/ptII/ptolemy/domains/de/test/RunDETestsAsQSS.tcl (RunTclFile)" time="111.178" />
  <testcase classname="ptolemy.util.test.junit.AutoKnownFailedTests" name="[0] /home/travis/build/icyphy/ptII/ptolemy/domains/de/test/auto/knownFailedTests/DESDFClockTest.xml (RunModel)" time="2.043" />
  <testcase classname="ptolemy.util.test.junit.AutoKnownFailedTests" name="[1] /home/travis/build/icyphy/ptII/ptolemy/domains/de/test/auto/knownFailedTests/DirectFeedback.xml (RunModel)" time="0.022" />
  <testcase classname="ptolemy.util.test.junit.AutoKnownFailedTests" name="[2] /home/travis/build/icyphy/ptII/ptolemy/domains/de/test/auto/knownFailedTests/FSMSource.xml (RunModel)" time="0.025" />
  <testcase classname="ptolemy.util.test.junit.AutoKnownFailedTests" name="[3] /home/travis/build/icyphy/ptII/ptolemy/domains/de/test/auto/knownFailedTests/HierarchicalModel.xml (RunModel)" time="0.052" />
  <testcase classname="ptolemy.util.test.junit.AutoKnownFailedTests" name="[4] /home/travis/build/icyphy/ptII/ptolemy/domains/de/test/auto/knownFailedTests/dependencyLoop.xml (RunModel)" time="0.044" />
  <testcase classname="ptolemy.util.test.junit.AutoKnownFailedTests" name="[5] /home/travis/build/icyphy/ptII/ptolemy/domains/de/test/auto/knownFailedTests/dependencyLoop2.xml (RunModel)" time="0.053" />
  <testcase classname="ptolemy.util.test.junit.AutoNameArchTests" name="[0] ThereAreNoAutoTests (RunModel)" time="0.0" />
  <testcase classname="ptolemy.util.test.junit.AutoTests" name="[0] /home/travis/build/icyphy/ptII/ptolemy/domains/de/test/auto/ActorDepthCalculation_actorWithoutPorts.xml (RunModel)" time="0.022" />
  <testcase classname="ptolemy.util.test.junit.AutoTests" name="[1] /home/travis/build/icyphy/ptII/ptolemy/domains/de/test/auto/AssemblyLine.xml (RunModel)" time="0.021" />
  <testcase classname="ptolemy.util.test.junit.AutoTests" name="[2] /home/travis/build/icyphy/ptII/ptolemy/domains/de/test/auto/CQBug1.xml (RunModel)" time="0.01" />
  <testcase classname="ptolemy.util.test.junit.AutoTests" name="[3] /home/travis/build/icyphy/ptII/ptolemy/domains/de/test/auto/CancelFireAt.xml (RunModel)" time="0.007" />
  <testcase classname="ptolemy.util.test.junit.AutoTests" name="[4] /home/travis/build/icyphy/ptII/ptolemy/domains/de/test/auto/CausalityAndComposabilityAnalysis.xml (RunModel)" time="0.017" />
  <testcase classname="ptolemy.util.test.junit.AutoTests" name="[5] /home/travis/build/icyphy/ptII/ptolemy/domains/de/test/auto/CausalityInterface1.xml (RunModel)" time="0.014" />
  <testcase classname="ptolemy.util.test.junit.AutoTests" name="[6] /home/travis/build/icyphy/ptII/ptolemy/domains/de/test/auto/CausalityInterface15.xml (RunModel)" time="0.024" />
  <testcase classname="ptolemy.util.test.junit.AutoTests" name="[7] /home/travis/build/icyphy/ptII/ptolemy/domains/de/test/auto/CausalityInterface2.xml (RunModel)" time="0.023" />
  <testcase classname="ptolemy.util.test.junit.AutoTests" name="[8] /home/travis/build/icyphy/ptII/ptolemy/domains/de/test/auto/CausalityInterface3.xml (RunModel)" time="0.025" />
  <testcase classname="ptolemy.util.test.junit.AutoTests" name="[9] /home/travis/build/icyphy/ptII/ptolemy/domains/de/test/auto/ClockDrift.xml (RunModel)" time="0.061" />
  <testcase classname="ptolemy.util.test.junit.AutoTests" name="[10] /home/travis/build/icyphy/ptII/ptolemy/domains/de/test/auto/ClockDriftAndValueChange.xml (RunModel)" time="0.038" />
  <testcase classname="ptolemy.util.test.junit.AutoTests" name="[11] /home/travis/build/icyphy/ptII/ptolemy/domains/de/test/auto/ClockDriftChange.xml (RunModel)" time="0.038" />
  <testcase classname="ptolemy.util.test.junit.AutoTests" name="[12] /home/travis/build/icyphy/ptII/ptolemy/domains/de/test/auto/ComposableCausalityAnalysis.xml (RunModel)" time="0.022" />
  <testcase classname="ptolemy.util.test.junit.AutoTests" name="[13] /home/travis/build/icyphy/ptII/ptolemy/domains/de/test/auto/DEFixedPointLimitation.xml (RunModel)" time="0.014" />
  <testcase classname="ptolemy.util.test.junit.AutoTests" name="[14] /home/travis/build/icyphy/ptII/ptolemy/domains/de/test/auto/DEScheduleTest.xml (RunModel)" time="0.047" />
  <testcase classname="ptolemy.util.test.junit.AutoTests" name="[15] /home/travis/build/icyphy/ptII/ptolemy/domains/de/test/auto/DEinDEwithStartTimes.xml (RunModel)" time="0.025" />
  <testcase classname="ptolemy.util.test.junit.AutoTests" name="[16] /home/travis/build/icyphy/ptII/ptolemy/domains/de/test/auto/DEinDEwithStartTimes2.xml (RunModel)" time="0.022" />
  <testcase classname="ptolemy.util.test.junit.AutoTests" name="[17] /home/travis/build/icyphy/ptII/ptolemy/domains/de/test/auto/DateDemo.xml (RunModel)" time="0.048" />
  <testcase classname="ptolemy.util.test.junit.AutoTests" name="[18] /home/travis/build/icyphy/ptII/ptolemy/domains/de/test/auto/DateToEvent.xml (RunModel)" time="2.051" />
  <testcase classname="ptolemy.util.test.junit.AutoTests" name="[19] /home/travis/build/icyphy/ptII/ptolemy/domains/de/test/auto/DepthTest1.xml (RunModel)" time="0.012" />
  <testcase classname="ptolemy.util.test.junit.AutoTests" name="[20] /home/travis/build/icyphy/ptII/ptolemy/domains/de/test/auto/DepthTest2.xml (RunModel)" time="0.034" />
  <testcase classname="ptolemy.util.test.junit.AutoTests" name="[21] /home/travis/build/icyphy/ptII/ptolemy/domains/de/test/auto/DepthTest3.xml (RunModel)" time="0.011" />
  <testcase classname="ptolemy.util.test.junit.AutoTests" name="[22] /home/travis/build/icyphy/ptII/ptolemy/domains/de/test/auto/DepthTest4.xml (RunModel)" time="0.021" />
  <testcase classname="ptolemy.util.test.junit.AutoTests" name="[23] /home/travis/build/icyphy/ptII/ptolemy/domains/de/test/auto/DepthTest5.xml (RunModel)" time="0.027" />
  <testcase classname="ptolemy.util.test.junit.AutoTests" name="[24] /home/travis/build/icyphy/ptII/ptolemy/domains/de/test/auto/DepthTest6.xml (RunModel)" time="0.022" />
  <testcase classname="ptolemy.util.test.junit.AutoTests" name="[25] /home/travis/build/icyphy/ptII/ptolemy/domains/de/test/auto/DepthTest7.xml (RunModel)" time="0.026" />
  <testcase classname="ptolemy.util.test.junit.AutoTests" name="[26] /home/travis/build/icyphy/ptII/ptolemy/domains/de/test/auto/EventToDate.xml (RunModel)" time="3.056" />
  <testcase classname="ptolemy.util.test.junit.AutoTests" name="[27] /home/travis/build/icyphy/ptII/ptolemy/domains/de/test/auto/FSM1.xml (RunModel)" time="0.047" />
  <testcase classname="ptolemy.util.test.junit.AutoTests" name="[28] /home/travis/build/icyphy/ptII/ptolemy/domains/de/test/auto/FSM7.xml (RunModel)" time="0.05" />
  <testcase classname="ptolemy.util.test.junit.AutoTests" name="[29] /home/travis/build/icyphy/ptII/ptolemy/domains/de/test/auto/Inspection.xml (RunModel)" time="0.067" />
  <testcase classname="ptolemy.util.test.junit.AutoTests" name="[30] /home/travis/build/icyphy/ptII/ptolemy/domains/de/test/auto/Iteration.xml (RunModel)" time="0.032" />
  <testcase classname="ptolemy.util.test.junit.AutoTests" name="[31] /home/travis/build/icyphy/ptII/ptolemy/domains/de/test/auto/LineFault.xml (RunModel)" time="1.078" />
  <testcase classname="ptolemy.util.test.junit.AutoTests" name="[32] /home/travis/build/icyphy/ptII/ptolemy/domains/de/test/auto/MergeModel1Add.xml (RunModel)" time="0.072" />
  <testcase classname="ptolemy.util.test.junit.AutoTests" name="[33] /home/travis/build/icyphy/ptII/ptolemy/domains/de/test/auto/MergeModel2Add.xml (RunModel)" time="0.062" />
  <testcase classname="ptolemy.util.test.junit.AutoTests" name="[34] /home/travis/build/icyphy/ptII/ptolemy/domains/de/test/auto/MergeModel3Add.xml (RunModel)" time="0.07" />
  <testcase classname="ptolemy.util.test.junit.AutoTests" name="[35] /home/travis/build/icyphy/ptII/ptolemy/domains/de/test/auto/MergeWithoutDiscard.xml (RunModel)" time="0.016" />
  <testcase classname="ptolemy.util.test.junit.AutoTests" name="[36] /home/travis/build/icyphy/ptII/ptolemy/domains/de/test/auto/Modal1.xml (RunModel)" time="0.044" />
  <testcase classname="ptolemy.util.test.junit.AutoTests" name="[37] /home/travis/build/icyphy/ptII/ptolemy/domains/de/test/auto/Modal2.xml (RunModel)" time="0.045" />
  <testcase classname="ptolemy.util.test.junit.AutoTests" name="[38] /home/travis/build/icyphy/ptII/ptolemy/domains/de/test/auto/Modal3.xml (RunModel)" time="0.041" />
  <testcase classname="ptolemy.util.test.junit.AutoTests" name="[39] /home/travis/build/icyphy/ptII/ptolemy/domains/de/test/auto/Modal4.xml (RunModel)" time="0.045" />
  <testcase classname="ptolemy.util.test.junit.AutoTests" name="[40] /home/travis/build/icyphy/ptII/ptolemy/domains/de/test/auto/Modal5.xml (RunModel)" time="0.045" />
  <testcase classname="ptolemy.util.test.junit.AutoTests" name="[41] /home/travis/build/icyphy/ptII/ptolemy/domains/de/test/auto/Modal6.xml (RunModel)" time="0.04" />
  <testcase classname="ptolemy.util.test.junit.AutoTests" name="[42] /home/travis/build/icyphy/ptII/ptolemy/domains/de/test/auto/Modal7.xml (RunModel)" time="0.043" />
  <testcase classname="ptolemy.util.test.junit.AutoTests" name="[43] /home/travis/build/icyphy/ptII/ptolemy/domains/de/test/auto/ModalModel.xml (RunModel)" time="0.29" />
  <testcase classname="ptolemy.util.test.junit.AutoTests" name="[44] /home/travis/build/icyphy/ptII/ptolemy/domains/de/test/auto/ModalSource.xml (RunModel)" time="0.03" />
  <testcase classname="ptolemy.util.test.junit.AutoTests" name="[45] /home/travis/build/icyphy/ptII/ptolemy/domains/de/test/auto/NonInterruptibleTimerZeroDelay.xml (RunModel)" time="0.024" />
  <testcase classname="ptolemy.util.test.junit.AutoTests" name="[46] /home/travis/build/icyphy/ptII/ptolemy/domains/de/test/auto/OpenQueueingNetwork.xml (RunModel)" time="4.136" />
  <testcase classname="ptolemy.util.test.junit.AutoTests" name="[47] /home/travis/build/icyphy/ptII/ptolemy/domains/de/test/auto/OpenQueuingNetwork.xml (RunModel)" time="0.404" />
  <testcase classname="ptolemy.util.test.junit.AutoTests" name="[48] /home/travis/build/icyphy/ptII/ptolemy/domains/de/test/auto/PeriodicSampler.xml (RunModel)" time="0.02" />
  <testcase classname="ptolemy.util.test.junit.AutoTests" name="[49] /home/travis/build/icyphy/ptII/ptolemy/domains/de/test/auto/PersistentIO.xml (RunModel)" time="0.029" />
  <testcase classname="ptolemy.util.test.junit.AutoTests" name="[50] /home/travis/build/icyphy/ptII/ptolemy/domains/de/test/auto/PortParameterResetOnInitialize.xml (RunModel)" time="0.01" />
  <testcase classname="ptolemy.util.test.junit.AutoTests" name="[51] /home/travis/build/icyphy/ptII/ptolemy/domains/de/test/auto/PortParameterUpdates.xml (RunModel)" time="0.021" />
  <testcase classname="ptolemy.util.test.junit.AutoTests" name="[52] /home/travis/build/icyphy/ptII/ptolemy/domains/de/test/auto/QueueAndServer.xml (RunModel)" time="0.03" />
  <testcase classname="ptolemy.util.test.junit.AutoTests" name="[53] /home/travis/build/icyphy/ptII/ptolemy/domains/de/test/auto/Records.xml (RunModel)" time="0.023" />
  <testcase classname="ptolemy.util.test.junit.AutoTests" name="[54] /home/travis/build/icyphy/ptII/ptolemy/domains/de/test/auto/ResetTransitionWithStartTime1.xml (RunModel)" time="0.028" />
  <testcase classname="ptolemy.util.test.junit.AutoTests" name="[55] /home/travis/build/icyphy/ptII/ptolemy/domains/de/test/auto/ResetTransitionWithStartTime2.xml (RunModel)" time="0.029" />
  <testcase classname="ptolemy.util.test.junit.AutoTests" name="[56] /home/travis/build/icyphy/ptII/ptolemy/domains/de/test/auto/ResetTransitionWithStartTime3.xml (RunModel)" time="0.035" />
  <testcase classname="ptolemy.util.test.junit.AutoTests" name="[57] /home/travis/build/icyphy/ptII/ptolemy/domains/de/test/auto/ResetTransitionWithStartTime4.xml (RunModel)" time="0.043" />
  <testcase classname="ptolemy.util.test.junit.AutoTests" name="[58] /home/travis/build/icyphy/ptII/ptolemy/domains/de/test/auto/ResettableTimer1.xml (RunModel)" time="0.016" />
  <testcase classname="ptolemy.util.test.junit.AutoTests" name="[59] /home/travis/build/icyphy/ptII/ptolemy/domains/de/test/auto/ResettableTimer2.xml (RunModel)" time="0.019" />
  <testcase classname="ptolemy.util.test.junit.AutoTests" name="[60] /home/travis/build/icyphy/ptII/ptolemy/domains/de/test/auto/ResettableTimer3.xml (RunModel)" time="0.013" />
  <testcase classname="ptolemy.util.test.junit.AutoTests" name="[61] /home/travis/build/icyphy/ptII/ptolemy/domains/de/test/auto/ResettableTimer4.xml (RunModel)" time="0.013" />
  <testcase classname="ptolemy.util.test.junit.AutoTests" name="[62] /home/travis/build/icyphy/ptII/ptolemy/domains/de/test/auto/ResettableTimer5.xml (RunModel)" time="0.015" />
  <testcase classname="ptolemy.util.test.junit.AutoTests" name="[63] /home/travis/build/icyphy/ptII/ptolemy/domains/de/test/auto/ResettableTimer6.xml (RunModel)" time="0.015" />
  <testcase classname="ptolemy.util.test.junit.AutoTests" name="[64] /home/travis/build/icyphy/ptII/ptolemy/domains/de/test/auto/ServerZeroDelay.xml (RunModel)" time="0.014" />
  <testcase classname="ptolemy.util.test.junit.AutoTests" name="[65] /home/travis/build/icyphy/ptII/ptolemy/domains/de/test/auto/SmartSender.xml (RunModel)" time="3.013" />
  <testcase classname="ptolemy.util.test.junit.AutoTests" name="[66] /home/travis/build/icyphy/ptII/ptolemy/domains/de/test/auto/ThreadedComposite.xml (RunModel)" time="0.314" />
  <testcase classname="ptolemy.util.test.junit.AutoTests" name="[67] /home/travis/build/icyphy/ptII/ptolemy/domains/de/test/auto/Time.xml (RunModel)" time="0.865" />
  <testcase classname="ptolemy.util.test.junit.AutoTests" name="[68] /home/travis/build/icyphy/ptII/ptolemy/domains/de/test/auto/TimeDelayZeroDelay.xml (RunModel)" time="0.023" />
  <testcase classname="ptolemy.util.test.junit.AutoTests" name="[69] /home/travis/build/icyphy/ptII/ptolemy/domains/de/test/auto/TimerZeroDelay.xml (RunModel)" time="0.015" />
  <testcase classname="ptolemy.util.test.junit.AutoTests" name="[70] /home/travis/build/icyphy/ptII/ptolemy/domains/de/test/auto/TimingParadox.xml (RunModel)" time="0.561" />
  <testcase classname="ptolemy.util.test.junit.AutoTests" name="[71] /home/travis/build/icyphy/ptII/ptolemy/domains/de/test/auto/TransferInputs.xml (RunModel)" time="0.018" />
  <testcase classname="ptolemy.util.test.junit.AutoTests" name="[72] /home/travis/build/icyphy/ptII/ptolemy/domains/de/test/auto/TransferOutputs2.xml (RunModel)" time="0.023" />
  <testcase classname="ptolemy.util.test.junit.AutoTests" name="[73] /home/travis/build/icyphy/ptII/ptolemy/domains/de/test/auto/Trilateration.xml (RunModel)" time="16.848" />
  <testcase classname="ptolemy.util.test.junit.AutoTests" name="[74] /home/travis/build/icyphy/ptII/ptolemy/domains/de/test/auto/TwoSigmaDelta.xml (RunModel)" time="3.299" />
  <testcase classname="ptolemy.util.test.junit.AutoTests" name="[75] /home/travis/build/icyphy/ptII/ptolemy/domains/de/test/auto/VariableDelay.xml (RunModel)" time="0.014" />
  <testcase classname="ptolemy.util.test.junit.AutoTests" name="[76] /home/travis/build/icyphy/ptII/ptolemy/domains/de/test/auto/VariableDelay2.xml (RunModel)" time="0.013" />
  <testcase classname="ptolemy.util.test.junit.AutoTests" name="[77] /home/travis/build/icyphy/ptII/ptolemy/domains/de/test/auto/VariableDelayZeroDelay.xml (RunModel)" time="0.017" />
  <testcase classname="ptolemy.util.test.junit.AutoTests" name="[78] /home/travis/build/icyphy/ptII/ptolemy/domains/de/test/auto/VariableDelayZeroDelay2.xml (RunModel)" time="0.015" />
  <testcase classname="ptolemy.util.test.junit.AutoTests" name="[79] /home/travis/build/icyphy/ptII/ptolemy/domains/de/test/auto/deInCt.xml (RunModel)" time="0.023" />
  <testcase classname="ptolemy.util.test.junit.AutoTests" name="[80] /home/travis/build/icyphy/ptII/ptolemy/domains/de/test/auto/deInCt2.xml (RunModel)" time="0.022" />
  <testcase classname="ptolemy.util.test.junit.AutoTests" name="[81] /home/travis/build/icyphy/ptII/ptolemy/domains/de/test/auto/dynamicCausalityInterface1.xml (RunModel)" time="0.029" />
  <testcase classname="ptolemy.util.test.junit.AutoTests" name="[82] /home/travis/build/icyphy/ptII/ptolemy/domains/de/test/auto/fsm_de_test.xml (RunModel)" time="0.034" />
  <testcase classname="ptolemy.util.test.junit.AutoTests" name="[83] /home/travis/build/icyphy/ptII/ptolemy/domains/de/test/auto/functionDependencyReconstruction.xml (RunModel)" time="0.054" />
  <testcase classname="ptolemy.util.test.junit.AutoTests" name="[84] /home/travis/build/icyphy/ptII/ptolemy/domains/de/test/auto/multirate.xml (RunModel)" time="0.024" />
  <testcase classname="ptolemy.util.test.junit.AutoTests" name="[85] /home/travis/build/icyphy/ptII/ptolemy/domains/de/test/auto/multirate2.xml (RunModel)" time="0.024" />
  <testcase classname="ptolemy.util.test.junit.AutoTests" name="[86] /home/travis/build/icyphy/ptII/ptolemy/domains/de/test/auto/realtime.xml (RunModel)" time="10.016" />
  <testcase classname="ptolemy.util.test.junit.AutoTests" name="[87] /home/travis/build/icyphy/ptII/ptolemy/domains/de/test/auto/relationGroup.xml (RunModel)" time="0.034" />
  <testcase classname="ptolemy.util.test.junit.AutoTests" name="[88] /home/travis/build/icyphy/ptII/ptolemy/domains/de/test/auto/relationGroup2.xml (RunModel)" time="0.016" />
  <testcase classname="ptolemy.util.test.junit.AutoTests" name="[89] /home/travis/build/icyphy/ptII/ptolemy/domains/de/test/auto/sortWithOpaquePorts.xml (RunModel)" time="0.014" />
  <testcase classname="ptolemy.util.test.junit.AutoTests" name="[90] /home/travis/build/icyphy/ptII/ptolemy/domains/de/test/auto/transferInputsandOutputs.xml (RunModel)" time="0.026" />
  <testcase classname="ptolemy.util.test.junit.AutoTests" name="[91] /home/travis/build/icyphy/ptII/ptolemy/domains/de/test/auto/triggerType.xml (RunModel)" time="0.014" />
  <system-out><![CDATA[/home/travis/build/icyphy/ptII/ptolemy/domains/de/test/DependencyLoop.tcl
testDefs.tcl: setting time out to 9000 seconds at Sun Apr 29 00:57:48 UTC 2018
22 ms. Memory: 116224K Free: 94970K (82%)
12 ms. Memory: 146944K Free: 137855K (94%)
/home/travis/build/icyphy/ptII/ptolemy/domains/de/test/RunDETestsAsQSS.tcl
Run the DE tests using ptolemy.domains.qss.test.QSSDirectorTest, which extends QSSDirector and prints a message in the constructors.
------------------ testing $PTII/ptolemy/domains/de/test/auto/knownFailedTests/dependencyLoop.xml (Known Failure) 
29 ms. Memory: 146944K Free: 133578K (91%)


==== $PTIIhome/travis/build/icyphy/ptII/ptolemy/domains/de/test/../../../../: Auto Automatic test in file $PTII/ptolemy/domains/de/test/auto/knownFailedTests/dependencyLoop.xml
==== Contents of test case:

	    # FIXME: we should use $relativeFilename here, but it
	    # might have backslashes under Windows, which causes no end
	    # of trouble.
	    createAndExecute $file
	    list {}
	
.... Test generated KNOWN error:
    while executing
ptolemy.kernel.util.IllegalActionException: Found a zero delay loop containing .dependencyLoop.original
  in .dependencyLoop and .dependencyLoop.original
	at ptolemy.actor.util.CausalityInterfaceForComposites._computeOutputPortDepth(CausalityInterfaceForComposites.java:759)
	at ptolemy.actor.util.CausalityInterfaceForComposites._computeInputDepth(CausalityInterfaceForComposites.java:696)
	at ptolemy.actor.util.CausalityInterfaceForComposites._computeOutputPortDepth(CausalityInterfaceForComposites.java:765)
	at ptolemy.actor.util.CausalityInterfaceForComposites._computeInputDepth(CausalityInterfaceForComposites.java:696)
	at ptolemy.actor.util.CausalityInterfaceForComposites._computeOutputPortDepth(CausalityInterfaceForComposites.java:765)
	at ptolemy.actor.util.CausalityInterfaceForComposites._computeInputDepth(CausalityInterfaceForComposites.java:696)
	at ptolemy.actor.util.CausalityInterfaceForComposites._computeActorDepth(CausalityInterfaceForComposites.java:532)
	at ptolemy.actor.util.CausalityInterfaceForComposites.checkForCycles(CausalityInterfaceForComposites.java:96)
	at ptolemy.domains.de.kernel.DEDirector.preinitialize(DEDirector.java:1337)
	at ptolemy.actor.CompositeActor.preinitialize(CompositeActor.java:1828)
	at ptolemy.actor.Manager.preinitializeAndResolveTypes(Manager.java:1040)
	at ptolemy.actor.Manager.initialize(Manager.java:710)
	at ptolemy.actor.Manager.execute(Manager.java:356)
	at ptolemy.actor.Manager.run(Manager.java:1263)
	at ptolemy.actor.Manager$PtolemyRunThread.run(Manager.java:1915)

    while executing
ptolemy.kernel.util.IllegalActionException: Found a zero delay loop containing .dependencyLoop.original
  in .dependencyLoop and .dependencyLoop.original
    while executing
"java::new ptolemy.moml.MoMLSimpleApplication $file
"
    (procedure "createAndExecute" line 2)
    invoked from within
"createAndExecute $file"
    ("uplevel" body line 5)
    invoked from within
"uplevel $contents_of_test"
------------------ testing $PTII/ptolemy/domains/de/test/auto/knownFailedTests/DESDFClockTest.xml (Known Failure) 
2091 ms. Memory: 146944K Free: 117755K (80%)


==== $PTIIhome/travis/build/icyphy/ptII/ptolemy/domains/de/test/../../../../: Auto Automatic test in file $PTII/ptolemy/domains/de/test/auto/knownFailedTests/DESDFClockTest.xml
==== Contents of test case:

	    # FIXME: we should use $relativeFilename here, but it
	    # might have backslashes under Windows, which causes no end
	    # of trouble.
	    createAndExecute $file
	    list {}
	
.... Test generated KNOWN error:
    while executing
ptolemy.kernel.util.IllegalActionException: Actor is not ready to fire.  Perhaps UpSample.prefire() returned false? Try debugging the actor by selecting "Listen to Actor".  Also, for SDF check moml for tokenConsumptionRate on input.
  in .DESDFClockTest.Play Bell.Copy1:SDF Director and .DESDFClockTest.Play Bell.UpSample
	at ptolemy.actor.sched.StaticSchedulingDirector.fire(StaticSchedulingDirector.java:227)
	at ptolemy.domains.sdf.kernel.SDFDirector.fire(SDFDirector.java:500)
	at ptolemy.actor.CompositeActor.fire(CompositeActor.java:455)
	at ptolemy.domains.de.kernel.DEDirector._fire(DEDirector.java:1948)
	at ptolemy.domains.de.kernel.DEDirector.fire(DEDirector.java:502)
	at ptolemy.actor.CompositeActor.fire(CompositeActor.java:455)
	at ptolemy.actor.Manager.iterate(Manager.java:851)
	at ptolemy.actor.Manager.execute(Manager.java:369)
	at ptolemy.actor.Manager.run(Manager.java:1263)
	at ptolemy.actor.Manager$PtolemyRunThread.run(Manager.java:1915)

    while executing
ptolemy.kernel.util.IllegalActionException: Actor is not ready to fire.  Perhaps UpSample.prefire() returned false? Try debugging the actor by selecting "Listen to Actor".  Also, for SDF check moml for tokenConsumptionRate on input.
  in .DESDFClockTest.Play Bell.Copy1:SDF Director and .DESDFClockTest.Play Bell.UpSample
    while executing
"java::new ptolemy.moml.MoMLSimpleApplication $file
"
    (procedure "createAndExecute" line 2)
    invoked from within
"createAndExecute $file"
    ("uplevel" body line 5)
    invoked from within
"uplevel $contents_of_test"
------------------ testing $PTII/ptolemy/domains/de/test/auto/knownFailedTests/FSMSource.xml (Known Failure) 
52 ms. Memory: 146944K Free: 108798K (74%)
!!!! Auto was marked as failing, but now passes
------------------ testing $PTII/ptolemy/domains/de/test/auto/knownFailedTests/dependencyLoop2.xml (Known Failure) 
18 ms. Memory: 146944K Free: 106915K (73%)


==== $PTIIhome/travis/build/icyphy/ptII/ptolemy/domains/de/test/../../../../: Auto Automatic test in file $PTII/ptolemy/domains/de/test/auto/knownFailedTests/dependencyLoop2.xml
==== Contents of test case:

	    # FIXME: we should use $relativeFilename here, but it
	    # might have backslashes under Windows, which causes no end
	    # of trouble.
	    createAndExecute $file
	    list {}
	
.... Test generated KNOWN error:
    while executing
ptolemy.kernel.util.IllegalActionException: Found a zero delay loop containing .dependencyLoop2.original
  in .dependencyLoop2 and .dependencyLoop2.original
	at ptolemy.actor.util.CausalityInterfaceForComposites._computeOutputPortDepth(CausalityInterfaceForComposites.java:759)
	at ptolemy.actor.util.CausalityInterfaceForComposites._computeInputDepth(CausalityInterfaceForComposites.java:696)
	at ptolemy.actor.util.CausalityInterfaceForComposites._computeOutputPortDepth(CausalityInterfaceForComposites.java:765)
	at ptolemy.actor.util.CausalityInterfaceForComposites._computeInputDepth(CausalityInterfaceForComposites.java:696)
	at ptolemy.actor.util.CausalityInterfaceForComposites._computeOutputPortDepth(CausalityInterfaceForComposites.java:765)
	at ptolemy.actor.util.CausalityInterfaceForComposites._computeInputDepth(CausalityInterfaceForComposites.java:696)
	at ptolemy.actor.util.CausalityInterfaceForComposites._computeActorDepth(CausalityInterfaceForComposites.java:532)
	at ptolemy.actor.util.CausalityInterfaceForComposites.checkForCycles(CausalityInterfaceForComposites.java:96)
	at ptolemy.domains.de.kernel.DEDirector.preinitialize(DEDirector.java:1337)
	at ptolemy.actor.CompositeActor.preinitialize(CompositeActor.java:1828)
	at ptolemy.actor.Manager.preinitializeAndResolveTypes(Manager.java:1040)
	at ptolemy.actor.Manager.initialize(Manager.java:710)
	at ptolemy.actor.Manager.execute(Manager.java:356)
	at ptolemy.actor.Manager.run(Manager.java:1263)
	at ptolemy.actor.Manager$PtolemyRunThread.run(Manager.java:1915)

    while executing
ptolemy.kernel.util.IllegalActionException: Found a zero delay loop containing .dependencyLoop2.original
  in .dependencyLoop2 and .dependencyLoop2.original
    while executing
"java::new ptolemy.moml.MoMLSimpleApplication $file
"
    (procedure "createAndExecute" line 2)
    invoked from within
"createAndExecute $file"
    ("uplevel" body line 5)
    invoked from within
"uplevel $contents_of_test"
------------------ testing $PTII/ptolemy/domains/de/test/auto/knownFailedTests/HierarchicalModel.xml (Known Failure) 
18 ms. Memory: 146944K Free: 86357K (59%)


==== $PTIIhome/travis/build/icyphy/ptII/ptolemy/domains/de/test/../../../../: Auto Automatic test in file $PTII/ptolemy/domains/de/test/auto/knownFailedTests/HierarchicalModel.xml
==== Contents of test case:

	    # FIXME: we should use $relativeFilename here, but it
	    # might have backslashes under Windows, which causes no end
	    # of trouble.
	    createAndExecute $file
	    list {}
	
.... Test generated KNOWN error:
    while executing
ptolemy.kernel.util.IllegalActionException: Found a zero delay loop containing .HierarchicalModel.A
  in .HierarchicalModel and .HierarchicalModel.A
	at ptolemy.actor.util.CausalityInterfaceForComposites._computeOutputPortDepth(CausalityInterfaceForComposites.java:759)
	at ptolemy.actor.util.CausalityInterfaceForComposites._computeInputDepth(CausalityInterfaceForComposites.java:696)
	at ptolemy.actor.util.CausalityInterfaceForComposites._computeOutputPortDepth(CausalityInterfaceForComposites.java:765)
	at ptolemy.actor.util.CausalityInterfaceForComposites._computeInputDepth(CausalityInterfaceForComposites.java:696)
	at ptolemy.actor.util.CausalityInterfaceForComposites._computeOutputPortDepth(CausalityInterfaceForComposites.java:765)
	at ptolemy.actor.util.CausalityInterfaceForComposites._computeInputDepth(CausalityInterfaceForComposites.java:696)
	at ptolemy.actor.util.CausalityInterfaceForComposites._computeActorDepth(CausalityInterfaceForComposites.java:532)
	at ptolemy.actor.util.CausalityInterfaceForComposites.checkForCycles(CausalityInterfaceForComposites.java:96)
	at ptolemy.domains.de.kernel.DEDirector.preinitialize(DEDirector.java:1337)
	at ptolemy.actor.CompositeActor.preinitialize(CompositeActor.java:1828)
	at ptolemy.actor.Manager.preinitializeAndResolveTypes(Manager.java:1040)
	at ptolemy.actor.Manager.initialize(Manager.java:710)
	at ptolemy.actor.Manager.execute(Manager.java:356)
	at ptolemy.actor.Manager.run(Manager.java:1263)
	at ptolemy.actor.Manager$PtolemyRunThread.run(Manager.java:1915)

    while executing
ptolemy.kernel.util.IllegalActionException: Found a zero delay loop containing .HierarchicalModel.A
  in .HierarchicalModel and .HierarchicalModel.A
    while executing
"java::new ptolemy.moml.MoMLSimpleApplication $file
"
    (procedure "createAndExecute" line 2)
    invoked from within
"createAndExecute $file"
    ("uplevel" body line 5)
    invoked from within
"uplevel $contents_of_test"
------------------ testing $PTII/ptolemy/domains/de/test/auto/knownFailedTests/DirectFeedback.xml (Known Failure) 
25 ms. Memory: 146944K Free: 142601K (97%)


==== $PTIIhome/travis/build/icyphy/ptII/ptolemy/domains/de/test/../../../../: Auto Automatic test in file $PTII/ptolemy/domains/de/test/auto/knownFailedTests/DirectFeedback.xml
==== Contents of test case:

	    # FIXME: we should use $relativeFilename here, but it
	    # might have backslashes under Windows, which causes no end
	    # of trouble.
	    createAndExecute $file
	    list {}
	
.... Test generated KNOWN error:
    while executing
ptolemy.kernel.util.IllegalActionException: Test fails in iteration 1.
Value was: 1.0. Should have been: 2.0
  in .DirectFeedback.Test
	at ptolemy.actor.lib.Test.fire(Test.java:268)
	at ptolemy.domains.de.kernel.DEDirector._fire(DEDirector.java:1948)
	at ptolemy.domains.de.kernel.DEDirector.fire(DEDirector.java:502)
	at ptolemy.actor.CompositeActor.fire(CompositeActor.java:455)
	at ptolemy.actor.Manager.iterate(Manager.java:851)
	at ptolemy.actor.Manager.execute(Manager.java:369)
	at ptolemy.actor.Manager.run(Manager.java:1263)
	at ptolemy.actor.Manager$PtolemyRunThread.run(Manager.java:1915)

    while executing
ptolemy.kernel.util.IllegalActionException: Test fails in iteration 1.
Value was: 1.0. Should have been: 2.0
  in .DirectFeedback.Test
    while executing
"java::new ptolemy.moml.MoMLSimpleApplication $file
"
    (procedure "createAndExecute" line 2)
    invoked from within
"createAndExecute $file"
    ("uplevel" body line 5)
    invoked from within
"uplevel $contents_of_test"
------------------ testing $PTII/ptolemy/domains/de/test/auto/ActorDepthCalculation_actorWithoutPorts.xml
auto.tcl: Setting watchdog for 200 seconds at Sun Apr 29 00:57:52 UTC 2018
12 ms. Memory: 146944K Free: 133634K (91%)
ptolemy.util.test.WatchDog.cancel(): canceling Sun Apr 29 00:57:52 UTC 2018
auto.tcl: Setting watchdog for 200 seconds at Sun Apr 29 00:57:52 UTC 2018
10 ms. Memory: 146944K Free: 132595K (90%)
ptolemy.util.test.WatchDog.cancel(): canceling Sun Apr 29 00:57:52 UTC 2018
------------------ testing $PTII/ptolemy/domains/de/test/auto/AssemblyLine.xml
auto.tcl: Setting watchdog for 200 seconds at Sun Apr 29 00:57:52 UTC 2018
23 ms. Memory: 208384K Free: 186360K (89%)
ptolemy.util.test.WatchDog.cancel(): canceling Sun Apr 29 00:57:52 UTC 2018
auto.tcl: Setting watchdog for 200 seconds at Sun Apr 29 00:57:52 UTC 2018
11 ms. Memory: 208384K Free: 186360K (89%)
ptolemy.util.test.WatchDog.cancel(): canceling Sun Apr 29 00:57:52 UTC 2018
------------------ testing $PTII/ptolemy/domains/de/test/auto/CQBug1.xml
auto.tcl: Setting watchdog for 200 seconds at Sun Apr 29 00:57:52 UTC 2018
12 ms. Memory: 208384K Free: 197740K (95%)
ptolemy.util.test.WatchDog.cancel(): canceling Sun Apr 29 00:57:52 UTC 2018
auto.tcl: Setting watchdog for 200 seconds at Sun Apr 29 00:57:52 UTC 2018
3 ms. Memory: 208384K Free: 197740K (95%)
ptolemy.util.test.WatchDog.cancel(): canceling Sun Apr 29 00:57:52 UTC 2018
------------------ testing $PTII/ptolemy/domains/de/test/auto/CancelFireAt.xml
auto.tcl: Setting watchdog for 200 seconds at Sun Apr 29 00:57:53 UTC 2018
4 ms. Memory: 208384K Free: 201450K (97%)
ptolemy.util.test.WatchDog.cancel(): canceling Sun Apr 29 00:57:53 UTC 2018
auto.tcl: Setting watchdog for 200 seconds at Sun Apr 29 00:57:53 UTC 2018
2 ms. Memory: 208384K Free: 199359K (96%)
ptolemy.util.test.WatchDog.cancel(): canceling Sun Apr 29 00:57:53 UTC 2018
------------------ testing $PTII/ptolemy/domains/de/test/auto/CausalityAndComposabilityAnalysis.xml
auto.tcl: Setting watchdog for 200 seconds at Sun Apr 29 00:57:53 UTC 2018
21 ms. Memory: 208384K Free: 196528K (94%)
ptolemy.util.test.WatchDog.cancel(): canceling Sun Apr 29 00:57:53 UTC 2018
auto.tcl: Setting watchdog for 200 seconds at Sun Apr 29 00:57:53 UTC 2018
13 ms. Memory: 208384K Free: 196528K (94%)
ptolemy.util.test.WatchDog.cancel(): canceling Sun Apr 29 00:57:53 UTC 2018
------------------ testing $PTII/ptolemy/domains/de/test/auto/CausalityInterface1.xml
auto.tcl: Setting watchdog for 200 seconds at Sun Apr 29 00:57:53 UTC 2018
23 ms. Memory: 208384K Free: 196464K (94%)
ptolemy.util.test.WatchDog.cancel(): canceling Sun Apr 29 00:57:53 UTC 2018
auto.tcl: Setting watchdog for 200 seconds at Sun Apr 29 00:57:53 UTC 2018
7 ms. Memory: 208384K Free: 196464K (94%)
ptolemy.util.test.WatchDog.cancel(): canceling Sun Apr 29 00:57:53 UTC 2018
------------------ testing $PTII/ptolemy/domains/de/test/auto/CausalityInterface15.xml
auto.tcl: Setting watchdog for 200 seconds at Sun Apr 29 00:57:53 UTC 2018
26 ms. Memory: 208384K Free: 196455K (94%)
ptolemy.util.test.WatchDog.cancel(): canceling Sun Apr 29 00:57:53 UTC 2018
auto.tcl: Setting watchdog for 200 seconds at Sun Apr 29 00:57:53 UTC 2018
16 ms. Memory: 208384K Free: 194364K (93%)
ptolemy.util.test.WatchDog.cancel(): canceling Sun Apr 29 00:57:53 UTC 2018
------------------ testing $PTII/ptolemy/domains/de/test/auto/CausalityInterface2.xml
auto.tcl: Setting watchdog for 200 seconds at Sun Apr 29 00:57:53 UTC 2018
6 ms. Memory: 208384K Free: 196438K (94%)
ptolemy.util.test.WatchDog.cancel(): canceling Sun Apr 29 00:57:53 UTC 2018
auto.tcl: Setting watchdog for 200 seconds at Sun Apr 29 00:57:53 UTC 2018
4 ms. Memory: 208384K Free: 196438K (94%)
ptolemy.util.test.WatchDog.cancel(): canceling Sun Apr 29 00:57:53 UTC 2018
------------------ testing $PTII/ptolemy/domains/de/test/auto/CausalityInterface3.xml
auto.tcl: Setting watchdog for 200 seconds at Sun Apr 29 00:57:53 UTC 2018
4 ms. Memory: 208384K Free: 196335K (94%)
ptolemy.util.test.WatchDog.cancel(): canceling Sun Apr 29 00:57:53 UTC 2018
auto.tcl: Setting watchdog for 200 seconds at Sun Apr 29 00:57:53 UTC 2018
4 ms. Memory: 208384K Free: 196335K (94%)
ptolemy.util.test.WatchDog.cancel(): canceling Sun Apr 29 00:57:53 UTC 2018
------------------ testing $PTII/ptolemy/domains/de/test/auto/ClockDrift.xml
auto.tcl: Setting watchdog for 200 seconds at Sun Apr 29 00:57:53 UTC 2018
117 ms. Memory: 208384K Free: 187592K (90%)
ptolemy.util.test.WatchDog.cancel(): canceling Sun Apr 29 00:57:54 UTC 2018
auto.tcl: Setting watchdog for 200 seconds at Sun Apr 29 00:57:54 UTC 2018
129 ms. Memory: 208384K Free: 185500K (89%)
ptolemy.util.test.WatchDog.cancel(): canceling Sun Apr 29 00:57:54 UTC 2018
------------------ testing $PTII/ptolemy/domains/de/test/auto/ClockDriftAndValueChange.xml
auto.tcl: Setting watchdog for 200 seconds at Sun Apr 29 00:57:54 UTC 2018
50 ms. Memory: 208384K Free: 187427K (90%)
ptolemy.util.test.WatchDog.cancel(): canceling Sun Apr 29 00:57:54 UTC 2018
auto.tcl: Setting watchdog for 200 seconds at Sun Apr 29 00:57:54 UTC 2018
52 ms. Memory: 208384K Free: 185335K (89%)
ptolemy.util.test.WatchDog.cancel(): canceling Sun Apr 29 00:57:54 UTC 2018
------------------ testing $PTII/ptolemy/domains/de/test/auto/ClockDriftChange.xml
auto.tcl: Setting watchdog for 200 seconds at Sun Apr 29 00:57:54 UTC 2018
57 ms. Memory: 208384K Free: 190741K (92%)
ptolemy.util.test.WatchDog.cancel(): canceling Sun Apr 29 00:57:54 UTC 2018
auto.tcl: Setting watchdog for 200 seconds at Sun Apr 29 00:57:54 UTC 2018
53 ms. Memory: 208384K Free: 188649K (91%)
ptolemy.util.test.WatchDog.cancel(): canceling Sun Apr 29 00:57:54 UTC 2018
------------------ testing $PTII/ptolemy/domains/de/test/auto/ComposableCausalityAnalysis.xml
auto.tcl: Setting watchdog for 200 seconds at Sun Apr 29 00:57:54 UTC 2018
3 ms. Memory: 208384K Free: 196191K (94%)
ptolemy.util.test.WatchDog.cancel(): canceling Sun Apr 29 00:57:54 UTC 2018
auto.tcl: Setting watchdog for 200 seconds at Sun Apr 29 00:57:54 UTC 2018
3 ms. Memory: 208384K Free: 194100K (93%)
ptolemy.util.test.WatchDog.cancel(): canceling Sun Apr 29 00:57:54 UTC 2018
------------------ testing $PTII/ptolemy/domains/de/test/auto/DEFixedPointLimitation.xml
auto.tcl: Setting watchdog for 200 seconds at Sun Apr 29 00:57:54 UTC 2018
9 ms. Memory: 208384K Free: 196272K (94%)
ptolemy.util.test.WatchDog.cancel(): canceling Sun Apr 29 00:57:54 UTC 2018
auto.tcl: Setting watchdog for 200 seconds at Sun Apr 29 00:57:54 UTC 2018
3 ms. Memory: 208384K Free: 196272K (94%)
ptolemy.util.test.WatchDog.cancel(): canceling Sun Apr 29 00:57:54 UTC 2018
------------------ testing $PTII/ptolemy/domains/de/test/auto/DEScheduleTest.xml
auto.tcl: Setting watchdog for 200 seconds at Sun Apr 29 00:57:54 UTC 2018
8 ms. Memory: 208384K Free: 198399K (95%)
ptolemy.util.test.WatchDog.cancel(): canceling Sun Apr 29 00:57:54 UTC 2018
auto.tcl: Setting watchdog for 200 seconds at Sun Apr 29 00:57:54 UTC 2018
5 ms. Memory: 208384K Free: 196307K (94%)
ptolemy.util.test.WatchDog.cancel(): canceling Sun Apr 29 00:57:54 UTC 2018
------------------ testing $PTII/ptolemy/domains/de/test/auto/DEinDEwithStartTimes.xml
auto.tcl: Setting watchdog for 200 seconds at Sun Apr 29 00:57:55 UTC 2018
6 ms. Memory: 208384K Free: 196277K (94%)
ptolemy.util.test.WatchDog.cancel(): canceling Sun Apr 29 00:57:55 UTC 2018
auto.tcl: Setting watchdog for 200 seconds at Sun Apr 29 00:57:55 UTC 2018
10 ms. Memory: 208384K Free: 194185K (93%)
ptolemy.util.test.WatchDog.cancel(): canceling Sun Apr 29 00:57:55 UTC 2018
------------------ testing $PTII/ptolemy/domains/de/test/auto/DEinDEwithStartTimes2.xml
auto.tcl: Setting watchdog for 200 seconds at Sun Apr 29 00:57:55 UTC 2018
6 ms. Memory: 208384K Free: 196256K (94%)
ptolemy.util.test.WatchDog.cancel(): canceling Sun Apr 29 00:57:55 UTC 2018
auto.tcl: Setting watchdog for 200 seconds at Sun Apr 29 00:57:55 UTC 2018
9 ms. Memory: 208384K Free: 194165K (93%)
ptolemy.util.test.WatchDog.cancel(): canceling Sun Apr 29 00:57:55 UTC 2018
------------------ testing $PTII/ptolemy/domains/de/test/auto/DateDemo.xml
auto.tcl: Setting watchdog for 200 seconds at Sun Apr 29 00:57:55 UTC 2018
27 ms. Memory: 208384K Free: 188720K (91%)
ptolemy.util.test.WatchDog.cancel(): canceling Sun Apr 29 00:57:55 UTC 2018
auto.tcl: Setting watchdog for 200 seconds at Sun Apr 29 00:57:55 UTC 2018
20 ms. Memory: 208384K Free: 186628K (90%)
ptolemy.util.test.WatchDog.cancel(): canceling Sun Apr 29 00:57:55 UTC 2018
------------------ testing $PTII/ptolemy/domains/de/test/auto/DateToEvent.xml
auto.tcl: Setting watchdog for 200 seconds at Sun Apr 29 00:57:55 UTC 2018
2015 ms. Memory: 208384K Free: 181002K (87%)
ptolemy.util.test.WatchDog.cancel(): canceling Sun Apr 29 00:57:57 UTC 2018
auto.tcl: Setting watchdog for 200 seconds at Sun Apr 29 00:57:57 UTC 2018
2009 ms. Memory: 208384K Free: 181002K (87%)
ptolemy.util.test.WatchDog.cancel(): canceling Sun Apr 29 00:57:59 UTC 2018
------------------ testing $PTII/ptolemy/domains/de/test/auto/DepthTest1.xml
auto.tcl: Setting watchdog for 200 seconds at Sun Apr 29 00:57:59 UTC 2018
4 ms. Memory: 208384K Free: 197926K (95%)
ptolemy.util.test.WatchDog.cancel(): canceling Sun Apr 29 00:57:59 UTC 2018
auto.tcl: Setting watchdog for 200 seconds at Sun Apr 29 00:57:59 UTC 2018
2 ms. Memory: 208384K Free: 197926K (95%)
ptolemy.util.test.WatchDog.cancel(): canceling Sun Apr 29 00:57:59 UTC 2018
------------------ testing $PTII/ptolemy/domains/de/test/auto/DepthTest2.xml
auto.tcl: Setting watchdog for 200 seconds at Sun Apr 29 00:57:59 UTC 2018
5 ms. Memory: 208384K Free: 194145K (93%)
ptolemy.util.test.WatchDog.cancel(): canceling Sun Apr 29 00:57:59 UTC 2018
auto.tcl: Setting watchdog for 200 seconds at Sun Apr 29 00:57:59 UTC 2018
5 ms. Memory: 208384K Free: 194145K (93%)
ptolemy.util.test.WatchDog.cancel(): canceling Sun Apr 29 00:57:59 UTC 2018
------------------ testing $PTII/ptolemy/domains/de/test/auto/DepthTest3.xml
auto.tcl: Setting watchdog for 200 seconds at Sun Apr 29 00:57:59 UTC 2018
4 ms. Memory: 208384K Free: 198261K (95%)
ptolemy.util.test.WatchDog.cancel(): canceling Sun Apr 29 00:57:59 UTC 2018
auto.tcl: Setting watchdog for 200 seconds at Sun Apr 29 00:57:59 UTC 2018
3 ms. Memory: 208384K Free: 198261K (95%)
ptolemy.util.test.WatchDog.cancel(): canceling Sun Apr 29 00:57:59 UTC 2018
------------------ testing $PTII/ptolemy/domains/de/test/auto/DepthTest4.xml
auto.tcl: Setting watchdog for 200 seconds at Sun Apr 29 00:57:59 UTC 2018
5 ms. Memory: 208384K Free: 196257K (94%)
ptolemy.util.test.WatchDog.cancel(): canceling Sun Apr 29 00:57:59 UTC 2018
auto.tcl: Setting watchdog for 200 seconds at Sun Apr 29 00:57:59 UTC 2018
3 ms. Memory: 208384K Free: 196257K (94%)
ptolemy.util.test.WatchDog.cancel(): canceling Sun Apr 29 00:57:59 UTC 2018
------------------ testing $PTII/ptolemy/domains/de/test/auto/DepthTest5.xml
auto.tcl: Setting watchdog for 200 seconds at Sun Apr 29 00:57:59 UTC 2018
8 ms. Memory: 208384K Free: 196542K (94%)
ptolemy.util.test.WatchDog.cancel(): canceling Sun Apr 29 00:58:00 UTC 2018
auto.tcl: Setting watchdog for 200 seconds at Sun Apr 29 00:58:00 UTC 2018
4 ms. Memory: 208384K Free: 196542K (94%)
ptolemy.util.test.WatchDog.cancel(): canceling Sun Apr 29 00:58:00 UTC 2018
------------------ testing $PTII/ptolemy/domains/de/test/auto/DepthTest6.xml
auto.tcl: Setting watchdog for 200 seconds at Sun Apr 29 00:58:00 UTC 2018
15 ms. Memory: 208384K Free: 196519K (94%)
ptolemy.util.test.WatchDog.cancel(): canceling Sun Apr 29 00:58:00 UTC 2018
auto.tcl: Setting watchdog for 200 seconds at Sun Apr 29 00:58:00 UTC 2018
4 ms. Memory: 208384K Free: 196519K (94%)
ptolemy.util.test.WatchDog.cancel(): canceling Sun Apr 29 00:58:00 UTC 2018
------------------ testing $PTII/ptolemy/domains/de/test/auto/DepthTest7.xml
auto.tcl: Setting watchdog for 200 seconds at Sun Apr 29 00:58:00 UTC 2018
4 ms. Memory: 208384K Free: 194933K (94%)
ptolemy.util.test.WatchDog.cancel(): canceling Sun Apr 29 00:58:00 UTC 2018
auto.tcl: Setting watchdog for 200 seconds at Sun Apr 29 00:58:00 UTC 2018
3 ms. Memory: 208384K Free: 194933K (94%)
ptolemy.util.test.WatchDog.cancel(): canceling Sun Apr 29 00:58:00 UTC 2018
------------------ testing $PTII/ptolemy/domains/de/test/auto/EventToDate.xml
auto.tcl: Setting watchdog for 200 seconds at Sun Apr 29 00:58:00 UTC 2018
3017 ms. Memory: 208384K Free: 185725K (89%)
ptolemy.util.test.WatchDog.cancel(): canceling Sun Apr 29 00:58:03 UTC 2018
auto.tcl: Setting watchdog for 200 seconds at Sun Apr 29 00:58:03 UTC 2018
3006 ms. Memory: 208384K Free: 185725K (89%)
ptolemy.util.test.WatchDog.cancel(): canceling Sun Apr 29 00:58:06 UTC 2018
------------------ testing $PTII/ptolemy/domains/de/test/auto/FSM1.xml
auto.tcl: Setting watchdog for 200 seconds at Sun Apr 29 00:58:06 UTC 2018
29 ms. Memory: 208384K Free: 189231K (91%)
ptolemy.util.test.WatchDog.cancel(): canceling Sun Apr 29 00:58:06 UTC 2018
auto.tcl: Setting watchdog for 200 seconds at Sun Apr 29 00:58:06 UTC 2018
26 ms. Memory: 208384K Free: 185048K (89%)
ptolemy.util.test.WatchDog.cancel(): canceling Sun Apr 29 00:58:06 UTC 2018
------------------ testing $PTII/ptolemy/domains/de/test/auto/FSM7.xml
auto.tcl: Setting watchdog for 200 seconds at Sun Apr 29 00:58:06 UTC 2018
41 ms. Memory: 208384K Free: 187342K (90%)
ptolemy.util.test.WatchDog.cancel(): canceling Sun Apr 29 00:58:06 UTC 2018
auto.tcl: Setting watchdog for 200 seconds at Sun Apr 29 00:58:06 UTC 2018
38 ms. Memory: 208384K Free: 185251K (89%)
ptolemy.util.test.WatchDog.cancel(): canceling Sun Apr 29 00:58:06 UTC 2018
------------------ testing $PTII/ptolemy/domains/de/test/auto/Inspection.xml
auto.tcl: Setting watchdog for 200 seconds at Sun Apr 29 00:58:06 UTC 2018
75 ms. Memory: 208384K Free: 188892K (91%)
ptolemy.util.test.WatchDog.cancel(): canceling Sun Apr 29 00:58:06 UTC 2018
auto.tcl: Setting watchdog for 200 seconds at Sun Apr 29 00:58:06 UTC 2018
64 ms. Memory: 208384K Free: 186463K (89%)
ptolemy.util.test.WatchDog.cancel(): canceling Sun Apr 29 00:58:07 UTC 2018
------------------ testing $PTII/ptolemy/domains/de/test/auto/Iteration.xml
auto.tcl: Setting watchdog for 200 seconds at Sun Apr 29 00:58:07 UTC 2018
21 ms. Memory: 208384K Free: 191416K (92%)
ptolemy.util.test.WatchDog.cancel(): canceling Sun Apr 29 00:58:07 UTC 2018
auto.tcl: Setting watchdog for 200 seconds at Sun Apr 29 00:58:07 UTC 2018
14 ms. Memory: 208384K Free: 191416K (92%)
ptolemy.util.test.WatchDog.cancel(): canceling Sun Apr 29 00:58:07 UTC 2018
------------------ testing $PTII/ptolemy/domains/de/test/auto/LineFault.xml
auto.tcl: Setting watchdog for 200 seconds at Sun Apr 29 00:58:07 UTC 2018
1510 ms. Memory: 208384K Free: 196055K (94%)
ptolemy.util.test.WatchDog.cancel(): canceling Sun Apr 29 00:58:09 UTC 2018
auto.tcl: Setting watchdog for 200 seconds at Sun Apr 29 00:58:09 UTC 2018
1430 ms. Memory: 208384K Free: 138961K (67%)
ptolemy.util.test.WatchDog.cancel(): canceling Sun Apr 29 00:58:10 UTC 2018
------------------ testing $PTII/ptolemy/domains/de/test/auto/MergeModel1Add.xml
auto.tcl: Setting watchdog for 200 seconds at Sun Apr 29 00:58:10 UTC 2018
49 ms. Memory: 331264K Free: 302715K (91%)
ptolemy.util.test.WatchDog.cancel(): canceling Sun Apr 29 00:58:10 UTC 2018
auto.tcl: Setting watchdog for 200 seconds at Sun Apr 29 00:58:10 UTC 2018
16 ms. Memory: 331264K Free: 298769K (90%)
ptolemy.util.test.WatchDog.cancel(): canceling Sun Apr 29 00:58:10 UTC 2018
------------------ testing $PTII/ptolemy/domains/de/test/auto/MergeModel2Add.xml
auto.tcl: Setting watchdog for 200 seconds at Sun Apr 29 00:58:10 UTC 2018
18 ms. Memory: 331264K Free: 304051K (92%)
ptolemy.util.test.WatchDog.cancel(): canceling Sun Apr 29 00:58:11 UTC 2018
auto.tcl: Setting watchdog for 200 seconds at Sun Apr 29 00:58:11 UTC 2018
15 ms. Memory: 331264K Free: 300106K (91%)
ptolemy.util.test.WatchDog.cancel(): canceling Sun Apr 29 00:58:11 UTC 2018
------------------ testing $PTII/ptolemy/domains/de/test/auto/MergeModel3Add.xml
auto.tcl: Setting watchdog for 200 seconds at Sun Apr 29 00:58:11 UTC 2018
19 ms. Memory: 331264K Free: 304062K (92%)
ptolemy.util.test.WatchDog.cancel(): canceling Sun Apr 29 00:58:11 UTC 2018
auto.tcl: Setting watchdog for 200 seconds at Sun Apr 29 00:58:11 UTC 2018
15 ms. Memory: 331264K Free: 300116K (91%)
ptolemy.util.test.WatchDog.cancel(): canceling Sun Apr 29 00:58:11 UTC 2018
------------------ testing $PTII/ptolemy/domains/de/test/auto/MergeWithoutDiscard.xml
auto.tcl: Setting watchdog for 200 seconds at Sun Apr 29 00:58:11 UTC 2018
7 ms. Memory: 331264K Free: 316181K (95%)
ptolemy.util.test.WatchDog.cancel(): canceling Sun Apr 29 00:58:11 UTC 2018
auto.tcl: Setting watchdog for 200 seconds at Sun Apr 29 00:58:11 UTC 2018
2 ms. Memory: 331264K Free: 316181K (95%)
ptolemy.util.test.WatchDog.cancel(): canceling Sun Apr 29 00:58:11 UTC 2018
------------------ testing $PTII/ptolemy/domains/de/test/auto/Modal1.xml
auto.tcl: Setting watchdog for 200 seconds at Sun Apr 29 00:58:11 UTC 2018
26 ms. Memory: 331264K Free: 309806K (94%)
ptolemy.util.test.WatchDog.cancel(): canceling Sun Apr 29 00:58:11 UTC 2018
auto.tcl: Setting watchdog for 200 seconds at Sun Apr 29 00:58:11 UTC 2018
37 ms. Memory: 331264K Free: 305861K (92%)
ptolemy.util.test.WatchDog.cancel(): canceling Sun Apr 29 00:58:11 UTC 2018
------------------ testing $PTII/ptolemy/domains/de/test/auto/Modal2.xml
auto.tcl: Setting watchdog for 200 seconds at Sun Apr 29 00:58:11 UTC 2018
16 ms. Memory: 331264K Free: 309677K (93%)
ptolemy.util.test.WatchDog.cancel(): canceling Sun Apr 29 00:58:11 UTC 2018
auto.tcl: Setting watchdog for 200 seconds at Sun Apr 29 00:58:11 UTC 2018
17 ms. Memory: 331264K Free: 305731K (92%)
ptolemy.util.test.WatchDog.cancel(): canceling Sun Apr 29 00:58:11 UTC 2018
------------------ testing $PTII/ptolemy/domains/de/test/auto/Modal3.xml
auto.tcl: Setting watchdog for 200 seconds at Sun Apr 29 00:58:11 UTC 2018
19 ms. Memory: 331264K Free: 309661K (93%)
ptolemy.util.test.WatchDog.cancel(): canceling Sun Apr 29 00:58:11 UTC 2018
auto.tcl: Setting watchdog for 200 seconds at Sun Apr 29 00:58:11 UTC 2018
18 ms. Memory: 331264K Free: 305716K (92%)
ptolemy.util.test.WatchDog.cancel(): canceling Sun Apr 29 00:58:11 UTC 2018
------------------ testing $PTII/ptolemy/domains/de/test/auto/Modal4.xml
auto.tcl: Setting watchdog for 200 seconds at Sun Apr 29 00:58:11 UTC 2018
19 ms. Memory: 331264K Free: 309675K (93%)
ptolemy.util.test.WatchDog.cancel(): canceling Sun Apr 29 00:58:11 UTC 2018
auto.tcl: Setting watchdog for 200 seconds at Sun Apr 29 00:58:11 UTC 2018
21 ms. Memory: 331264K Free: 305729K (92%)
ptolemy.util.test.WatchDog.cancel(): canceling Sun Apr 29 00:58:11 UTC 2018
------------------ testing $PTII/ptolemy/domains/de/test/auto/Modal5.xml
auto.tcl: Setting watchdog for 200 seconds at Sun Apr 29 00:58:11 UTC 2018
21 ms. Memory: 331264K Free: 309662K (93%)
ptolemy.util.test.WatchDog.cancel(): canceling Sun Apr 29 00:58:12 UTC 2018
auto.tcl: Setting watchdog for 200 seconds at Sun Apr 29 00:58:12 UTC 2018
21 ms. Memory: 331264K Free: 305717K (92%)
ptolemy.util.test.WatchDog.cancel(): canceling Sun Apr 29 00:58:12 UTC 2018
------------------ testing $PTII/ptolemy/domains/de/test/auto/Modal6.xml
auto.tcl: Setting watchdog for 200 seconds at Sun Apr 29 00:58:12 UTC 2018
23 ms. Memory: 331264K Free: 309660K (93%)
ptolemy.util.test.WatchDog.cancel(): canceling Sun Apr 29 00:58:12 UTC 2018
auto.tcl: Setting watchdog for 200 seconds at Sun Apr 29 00:58:12 UTC 2018
24 ms. Memory: 331264K Free: 305714K (92%)
ptolemy.util.test.WatchDog.cancel(): canceling Sun Apr 29 00:58:12 UTC 2018
------------------ testing $PTII/ptolemy/domains/de/test/auto/Modal7.xml
auto.tcl: Setting watchdog for 200 seconds at Sun Apr 29 00:58:12 UTC 2018
26 ms. Memory: 331264K Free: 309660K (93%)
ptolemy.util.test.WatchDog.cancel(): canceling Sun Apr 29 00:58:12 UTC 2018
auto.tcl: Setting watchdog for 200 seconds at Sun Apr 29 00:58:12 UTC 2018
17 ms. Memory: 331264K Free: 305715K (92%)
ptolemy.util.test.WatchDog.cancel(): canceling Sun Apr 29 00:58:12 UTC 2018
------------------ testing $PTII/ptolemy/domains/de/test/auto/ModalModel.xml
auto.tcl: Setting watchdog for 200 seconds at Sun Apr 29 00:58:12 UTC 2018
323 ms. Memory: 331264K Free: 248574K (75%)
ptolemy.util.test.WatchDog.cancel(): canceling Sun Apr 29 00:58:12 UTC 2018
auto.tcl: Setting watchdog for 200 seconds at Sun Apr 29 00:58:12 UTC 2018
315 ms. Memory: 331264K Free: 193208K (58%)
ptolemy.util.test.WatchDog.cancel(): canceling Sun Apr 29 00:58:13 UTC 2018
------------------ testing $PTII/ptolemy/domains/de/test/auto/ModalSource.xml
auto.tcl: Setting watchdog for 200 seconds at Sun Apr 29 00:58:13 UTC 2018
14 ms. Memory: 331264K Free: 316408K (96%)
ptolemy.util.test.WatchDog.cancel(): canceling Sun Apr 29 00:58:13 UTC 2018
auto.tcl: Setting watchdog for 200 seconds at Sun Apr 29 00:58:13 UTC 2018
9 ms. Memory: 331264K Free: 312869K (94%)
ptolemy.util.test.WatchDog.cancel(): canceling Sun Apr 29 00:58:13 UTC 2018
------------------ testing $PTII/ptolemy/domains/de/test/auto/NonInterruptibleTimerZeroDelay.xml
auto.tcl: Setting watchdog for 200 seconds at Sun Apr 29 00:58:13 UTC 2018
5 ms. Memory: 331264K Free: 320777K (97%)
ptolemy.util.test.WatchDog.cancel(): canceling Sun Apr 29 00:58:13 UTC 2018
auto.tcl: Setting watchdog for 200 seconds at Sun Apr 29 00:58:13 UTC 2018
4 ms. Memory: 331264K Free: 317246K (96%)
ptolemy.util.test.WatchDog.cancel(): canceling Sun Apr 29 00:58:13 UTC 2018
------------------ testing $PTII/ptolemy/domains/de/test/auto/OpenQueueingNetwork.xml
auto.tcl: Setting watchdog for 200 seconds at Sun Apr 29 00:58:13 UTC 2018
5622 ms. Memory: 317952K Free: 190511K (60%)
ptolemy.util.test.WatchDog.cancel(): canceling Sun Apr 29 00:58:19 UTC 2018
auto.tcl: Setting watchdog for 200 seconds at Sun Apr 29 00:58:19 UTC 2018
3144 ms. Memory: 297472K Free: 86087K (29%)
ptolemy.util.test.WatchDog.cancel(): canceling Sun Apr 29 00:58:22 UTC 2018
------------------ testing $PTII/ptolemy/domains/de/test/auto/OpenQueuingNetwork.xml
auto.tcl: Setting watchdog for 200 seconds at Sun Apr 29 00:58:22 UTC 2018
437 ms. Memory: 296448K Free: 199497K (67%)
ptolemy.util.test.WatchDog.cancel(): canceling Sun Apr 29 00:58:23 UTC 2018
auto.tcl: Setting watchdog for 200 seconds at Sun Apr 29 00:58:23 UTC 2018
404 ms. Memory: 296448K Free: 141891K (48%)
ptolemy.util.test.WatchDog.cancel(): canceling Sun Apr 29 00:58:23 UTC 2018
------------------ testing $PTII/ptolemy/domains/de/test/auto/PeriodicSampler.xml
auto.tcl: Setting watchdog for 200 seconds at Sun Apr 29 00:58:23 UTC 2018
4 ms. Memory: 296960K Free: 284467K (96%)
ptolemy.util.test.WatchDog.cancel(): canceling Sun Apr 29 00:58:23 UTC 2018
auto.tcl: Setting watchdog for 200 seconds at Sun Apr 29 00:58:23 UTC 2018
3 ms. Memory: 296960K Free: 281374K (95%)
ptolemy.util.test.WatchDog.cancel(): canceling Sun Apr 29 00:58:23 UTC 2018
------------------ testing $PTII/ptolemy/domains/de/test/auto/PersistentIO.xml
auto.tcl: Setting watchdog for 200 seconds at Sun Apr 29 00:58:23 UTC 2018
18 ms. Memory: 296448K Free: 278370K (94%)
ptolemy.util.test.WatchDog.cancel(): canceling Sun Apr 29 00:58:23 UTC 2018
auto.tcl: Setting watchdog for 200 seconds at Sun Apr 29 00:58:23 UTC 2018
4 ms. Memory: 296448K Free: 275285K (93%)
ptolemy.util.test.WatchDog.cancel(): canceling Sun Apr 29 00:58:23 UTC 2018
------------------ testing $PTII/ptolemy/domains/de/test/auto/PortParameterResetOnInitialize.xml
auto.tcl: Setting watchdog for 200 seconds at Sun Apr 29 00:58:23 UTC 2018
7 ms. Memory: 296448K Free: 281324K (95%)
ptolemy.util.test.WatchDog.cancel(): canceling Sun Apr 29 00:58:23 UTC 2018
auto.tcl: Setting watchdog for 200 seconds at Sun Apr 29 00:58:23 UTC 2018
4 ms. Memory: 296448K Free: 281324K (95%)
ptolemy.util.test.WatchDog.cancel(): canceling Sun Apr 29 00:58:23 UTC 2018
------------------ testing $PTII/ptolemy/domains/de/test/auto/PortParameterUpdates.xml
auto.tcl: Setting watchdog for 200 seconds at Sun Apr 29 00:58:23 UTC 2018
13 ms. Memory: 298496K Free: 283415K (95%)
ptolemy.util.test.WatchDog.cancel(): canceling Sun Apr 29 00:58:23 UTC 2018
auto.tcl: Setting watchdog for 200 seconds at Sun Apr 29 00:58:23 UTC 2018
6 ms. Memory: 298496K Free: 280323K (94%)
ptolemy.util.test.WatchDog.cancel(): canceling Sun Apr 29 00:58:23 UTC 2018
------------------ testing $PTII/ptolemy/domains/de/test/auto/QueueAndServer.xml
auto.tcl: Setting watchdog for 200 seconds at Sun Apr 29 00:58:23 UTC 2018
25 ms. Memory: 296448K Free: 278238K (94%)
ptolemy.util.test.WatchDog.cancel(): canceling Sun Apr 29 00:58:23 UTC 2018
auto.tcl: Setting watchdog for 200 seconds at Sun Apr 29 00:58:23 UTC 2018
15 ms. Memory: 296448K Free: 278238K (94%)
ptolemy.util.test.WatchDog.cancel(): canceling Sun Apr 29 00:58:24 UTC 2018
------------------ testing $PTII/ptolemy/domains/de/test/auto/Records.xml
auto.tcl: Setting watchdog for 200 seconds at Sun Apr 29 00:58:24 UTC 2018
12 ms. Memory: 298496K Free: 285455K (96%)
ptolemy.util.test.WatchDog.cancel(): canceling Sun Apr 29 00:58:24 UTC 2018
auto.tcl: Setting watchdog for 200 seconds at Sun Apr 29 00:58:24 UTC 2018
4 ms. Memory: 298496K Free: 285455K (96%)
ptolemy.util.test.WatchDog.cancel(): canceling Sun Apr 29 00:58:24 UTC 2018
------------------ testing $PTII/ptolemy/domains/de/test/auto/ResetTransitionWithStartTime1.xml
auto.tcl: Setting watchdog for 200 seconds at Sun Apr 29 00:58:24 UTC 2018
27 ms. Memory: 296448K Free: 280339K (95%)
ptolemy.util.test.WatchDog.cancel(): canceling Sun Apr 29 00:58:24 UTC 2018
auto.tcl: Setting watchdog for 200 seconds at Sun Apr 29 00:58:24 UTC 2018
22 ms. Memory: 296448K Free: 280339K (95%)
ptolemy.util.test.WatchDog.cancel(): canceling Sun Apr 29 00:58:24 UTC 2018
------------------ testing $PTII/ptolemy/domains/de/test/auto/ResetTransitionWithStartTime2.xml
auto.tcl: Setting watchdog for 200 seconds at Sun Apr 29 00:58:24 UTC 2018
14 ms. Memory: 297984K Free: 281972K (95%)
ptolemy.util.test.WatchDog.cancel(): canceling Sun Apr 29 00:58:24 UTC 2018
auto.tcl: Setting watchdog for 200 seconds at Sun Apr 29 00:58:24 UTC 2018
11 ms. Memory: 297984K Free: 281972K (95%)
ptolemy.util.test.WatchDog.cancel(): canceling Sun Apr 29 00:58:24 UTC 2018
------------------ testing $PTII/ptolemy/domains/de/test/auto/ResetTransitionWithStartTime3.xml
auto.tcl: Setting watchdog for 200 seconds at Sun Apr 29 00:58:24 UTC 2018
11 ms. Memory: 296448K Free: 280434K (95%)
ptolemy.util.test.WatchDog.cancel(): canceling Sun Apr 29 00:58:24 UTC 2018
auto.tcl: Setting watchdog for 200 seconds at Sun Apr 29 00:58:24 UTC 2018
15 ms. Memory: 296448K Free: 280329K (95%)
ptolemy.util.test.WatchDog.cancel(): canceling Sun Apr 29 00:58:24 UTC 2018
------------------ testing $PTII/ptolemy/domains/de/test/auto/ResetTransitionWithStartTime4.xml
auto.tcl: Setting watchdog for 200 seconds at Sun Apr 29 00:58:24 UTC 2018
7 ms. Memory: 297984K Free: 281862K (95%)
ptolemy.util.test.WatchDog.cancel(): canceling Sun Apr 29 00:58:24 UTC 2018
auto.tcl: Setting watchdog for 200 seconds at Sun Apr 29 00:58:24 UTC 2018
6 ms. Memory: 297984K Free: 281862K (95%)
ptolemy.util.test.WatchDog.cancel(): canceling Sun Apr 29 00:58:24 UTC 2018
------------------ testing $PTII/ptolemy/domains/de/test/auto/ResettableTimer1.xml
auto.tcl: Setting watchdog for 200 seconds at Sun Apr 29 00:58:24 UTC 2018
7 ms. Memory: 296448K Free: 283381K (96%)
ptolemy.util.test.WatchDog.cancel(): canceling Sun Apr 29 00:58:24 UTC 2018
auto.tcl: Setting watchdog for 200 seconds at Sun Apr 29 00:58:24 UTC 2018
4 ms. Memory: 296448K Free: 283381K (96%)
ptolemy.util.test.WatchDog.cancel(): canceling Sun Apr 29 00:58:24 UTC 2018
------------------ testing $PTII/ptolemy/domains/de/test/auto/ResettableTimer2.xml
auto.tcl: Setting watchdog for 200 seconds at Sun Apr 29 00:58:24 UTC 2018
7 ms. Memory: 297984K Free: 284982K (96%)
ptolemy.util.test.WatchDog.cancel(): canceling Sun Apr 29 00:58:24 UTC 2018
auto.tcl: Setting watchdog for 200 seconds at Sun Apr 29 00:58:24 UTC 2018
5 ms. Memory: 297984K Free: 284982K (96%)
ptolemy.util.test.WatchDog.cancel(): canceling Sun Apr 29 00:58:24 UTC 2018
------------------ testing $PTII/ptolemy/domains/de/test/auto/ResettableTimer3.xml
auto.tcl: Setting watchdog for 200 seconds at Sun Apr 29 00:58:24 UTC 2018
2 ms. Memory: 296448K Free: 281198K (95%)
ptolemy.util.test.WatchDog.cancel(): canceling Sun Apr 29 00:58:24 UTC 2018
auto.tcl: Setting watchdog for 200 seconds at Sun Apr 29 00:58:24 UTC 2018
2 ms. Memory: 296448K Free: 281198K (95%)
ptolemy.util.test.WatchDog.cancel(): canceling Sun Apr 29 00:58:24 UTC 2018
------------------ testing $PTII/ptolemy/domains/de/test/auto/ResettableTimer4.xml
auto.tcl: Setting watchdog for 200 seconds at Sun Apr 29 00:58:24 UTC 2018
3 ms. Memory: 297472K Free: 284490K (96%)
ptolemy.util.test.WatchDog.cancel(): canceling Sun Apr 29 00:58:24 UTC 2018
auto.tcl: Setting watchdog for 200 seconds at Sun Apr 29 00:58:24 UTC 2018
2 ms. Memory: 297472K Free: 284490K (96%)
ptolemy.util.test.WatchDog.cancel(): canceling Sun Apr 29 00:58:24 UTC 2018
------------------ testing $PTII/ptolemy/domains/de/test/auto/ResettableTimer5.xml
auto.tcl: Setting watchdog for 200 seconds at Sun Apr 29 00:58:25 UTC 2018
3 ms. Memory: 296448K Free: 281298K (95%)
ptolemy.util.test.WatchDog.cancel(): canceling Sun Apr 29 00:58:25 UTC 2018
auto.tcl: Setting watchdog for 200 seconds at Sun Apr 29 00:58:25 UTC 2018
3 ms. Memory: 296448K Free: 281298K (95%)
ptolemy.util.test.WatchDog.cancel(): canceling Sun Apr 29 00:58:25 UTC 2018
------------------ testing $PTII/ptolemy/domains/de/test/auto/ResettableTimer6.xml
auto.tcl: Setting watchdog for 200 seconds at Sun Apr 29 00:58:25 UTC 2018
3 ms. Memory: 297472K Free: 282166K (95%)
ptolemy.util.test.WatchDog.cancel(): canceling Sun Apr 29 00:58:25 UTC 2018
auto.tcl: Setting watchdog for 200 seconds at Sun Apr 29 00:58:25 UTC 2018
3 ms. Memory: 297472K Free: 282166K (95%)
ptolemy.util.test.WatchDog.cancel(): canceling Sun Apr 29 00:58:25 UTC 2018
------------------ testing $PTII/ptolemy/domains/de/test/auto/ServerZeroDelay.xml
auto.tcl: Setting watchdog for 200 seconds at Sun Apr 29 00:58:25 UTC 2018
4 ms. Memory: 296448K Free: 283388K (96%)
ptolemy.util.test.WatchDog.cancel(): canceling Sun Apr 29 00:58:25 UTC 2018
auto.tcl: Setting watchdog for 200 seconds at Sun Apr 29 00:58:25 UTC 2018
5 ms. Memory: 296448K Free: 283388K (96%)
ptolemy.util.test.WatchDog.cancel(): canceling Sun Apr 29 00:58:25 UTC 2018
------------------ testing $PTII/ptolemy/domains/de/test/auto/SmartSender.xml
auto.tcl: Setting watchdog for 200 seconds at Sun Apr 29 00:58:25 UTC 2018
3002 ms. Memory: 297472K Free: 282159K (95%)
ptolemy.util.test.WatchDog.cancel(): canceling Sun Apr 29 00:58:28 UTC 2018
auto.tcl: Setting watchdog for 200 seconds at Sun Apr 29 00:58:28 UTC 2018
3001 ms. Memory: 297472K Free: 282159K (95%)
ptolemy.util.test.WatchDog.cancel(): canceling Sun Apr 29 00:58:31 UTC 2018
------------------ testing $PTII/ptolemy/domains/de/test/auto/ThreadedComposite.xml
auto.tcl: Setting watchdog for 200 seconds at Sun Apr 29 00:58:31 UTC 2018
531 ms. Memory: 296448K Free: 259918K (88%)
ptolemy.util.test.WatchDog.cancel(): canceling Sun Apr 29 00:58:31 UTC 2018
auto.tcl: Setting watchdog for 200 seconds at Sun Apr 29 00:58:31 UTC 2018
365 ms. Memory: 296448K Free: 242997K (82%)
ptolemy.util.test.WatchDog.cancel(): canceling Sun Apr 29 00:58:32 UTC 2018
------------------ testing $PTII/ptolemy/domains/de/test/auto/Time.xml
auto.tcl: Setting watchdog for 200 seconds at Sun Apr 29 00:58:32 UTC 2018
1159 ms. Memory: 297472K Free: 234566K (79%)
ptolemy.util.test.WatchDog.cancel(): canceling Sun Apr 29 00:58:33 UTC 2018
auto.tcl: Setting watchdog for 200 seconds at Sun Apr 29 00:58:33 UTC 2018
1011 ms. Memory: 297472K Free: 182266K (61%)
ptolemy.util.test.WatchDog.cancel(): canceling Sun Apr 29 00:58:34 UTC 2018
------------------ testing $PTII/ptolemy/domains/de/test/auto/TimeDelayZeroDelay.xml
auto.tcl: Setting watchdog for 200 seconds at Sun Apr 29 00:58:34 UTC 2018
6 ms. Memory: 296448K Free: 283884K (96%)
ptolemy.util.test.WatchDog.cancel(): canceling Sun Apr 29 00:58:34 UTC 2018
auto.tcl: Setting watchdog for 200 seconds at Sun Apr 29 00:58:34 UTC 2018
3 ms. Memory: 296448K Free: 283884K (96%)
ptolemy.util.test.WatchDog.cancel(): canceling Sun Apr 29 00:58:34 UTC 2018
------------------ testing $PTII/ptolemy/domains/de/test/auto/TimerZeroDelay.xml
auto.tcl: Setting watchdog for 200 seconds at Sun Apr 29 00:58:34 UTC 2018
4 ms. Memory: 296960K Free: 284517K (96%)
ptolemy.util.test.WatchDog.cancel(): canceling Sun Apr 29 00:58:34 UTC 2018
auto.tcl: Setting watchdog for 200 seconds at Sun Apr 29 00:58:34 UTC 2018
4 ms. Memory: 296960K Free: 284517K (96%)
ptolemy.util.test.WatchDog.cancel(): canceling Sun Apr 29 00:58:34 UTC 2018
------------------ testing $PTII/ptolemy/domains/de/test/auto/TimingParadox.xml
auto.tcl: Setting watchdog for 200 seconds at Sun Apr 29 00:58:34 UTC 2018
584 ms. Memory: 296448K Free: 221301K (75%)
ptolemy.util.test.WatchDog.cancel(): canceling Sun Apr 29 00:58:35 UTC 2018
auto.tcl: Setting watchdog for 200 seconds at Sun Apr 29 00:58:35 UTC 2018
573 ms. Memory: 296448K Free: 185452K (63%)
ptolemy.util.test.WatchDog.cancel(): canceling Sun Apr 29 00:58:36 UTC 2018
------------------ testing $PTII/ptolemy/domains/de/test/auto/TransferInputs.xml
auto.tcl: Setting watchdog for 200 seconds at Sun Apr 29 00:58:36 UTC 2018
2 ms. Memory: 296960K Free: 283404K (95%)
ptolemy.util.test.WatchDog.cancel(): canceling Sun Apr 29 00:58:36 UTC 2018
auto.tcl: Setting watchdog for 200 seconds at Sun Apr 29 00:58:36 UTC 2018
3 ms. Memory: 296960K Free: 283404K (95%)
ptolemy.util.test.WatchDog.cancel(): canceling Sun Apr 29 00:58:36 UTC 2018
------------------ testing $PTII/ptolemy/domains/de/test/auto/TransferOutputs2.xml
auto.tcl: Setting watchdog for 200 seconds at Sun Apr 29 00:58:36 UTC 2018
5 ms. Memory: 296448K Free: 281237K (95%)
ptolemy.util.test.WatchDog.cancel(): canceling Sun Apr 29 00:58:36 UTC 2018
auto.tcl: Setting watchdog for 200 seconds at Sun Apr 29 00:58:36 UTC 2018
6 ms. Memory: 296448K Free: 278480K (94%)
ptolemy.util.test.WatchDog.cancel(): canceling Sun Apr 29 00:58:36 UTC 2018
------------------ testing $PTII/ptolemy/domains/de/test/auto/Trilateration.xml
auto.tcl: Setting watchdog for 200 seconds at Sun Apr 29 00:58:36 UTC 2018
18301 ms. Memory: 453120K Free: 400658K (88%)
ptolemy.util.test.WatchDog.cancel(): canceling Sun Apr 29 00:58:56 UTC 2018
auto.tcl: Setting watchdog for 200 seconds at Sun Apr 29 00:58:56 UTC 2018
14683 ms. Memory: 338944K Free: 229987K (68%)
ptolemy.util.test.WatchDog.cancel(): canceling Sun Apr 29 00:59:11 UTC 2018
------------------ testing $PTII/ptolemy/domains/de/test/auto/TwoSigmaDelta.xml
auto.tcl: Setting watchdog for 200 seconds at Sun Apr 29 00:59:11 UTC 2018
4328 ms. Memory: 327680K Free: 296377K (90%)
ptolemy.util.test.WatchDog.cancel(): canceling Sun Apr 29 00:59:15 UTC 2018
auto.tcl: Setting watchdog for 200 seconds at Sun Apr 29 00:59:15 UTC 2018
2990 ms. Memory: 327680K Free: 67026K (20%)
ptolemy.util.test.WatchDog.cancel(): canceling Sun Apr 29 00:59:18 UTC 2018
------------------ testing $PTII/ptolemy/domains/de/test/auto/VariableDelay.xml
auto.tcl: Setting watchdog for 200 seconds at Sun Apr 29 00:59:18 UTC 2018
7 ms. Memory: 325120K Free: 311196K (96%)
ptolemy.util.test.WatchDog.cancel(): canceling Sun Apr 29 00:59:18 UTC 2018
auto.tcl: Setting watchdog for 200 seconds at Sun Apr 29 00:59:18 UTC 2018
4 ms. Memory: 325120K Free: 307474K (95%)
ptolemy.util.test.WatchDog.cancel(): canceling Sun Apr 29 00:59:18 UTC 2018
------------------ testing $PTII/ptolemy/domains/de/test/auto/VariableDelay2.xml
auto.tcl: Setting watchdog for 200 seconds at Sun Apr 29 00:59:18 UTC 2018
6 ms. Memory: 327168K Free: 316096K (97%)
ptolemy.util.test.WatchDog.cancel(): canceling Sun Apr 29 00:59:18 UTC 2018
auto.tcl: Setting watchdog for 200 seconds at Sun Apr 29 00:59:18 UTC 2018
3 ms. Memory: 327168K Free: 312358K (95%)
ptolemy.util.test.WatchDog.cancel(): canceling Sun Apr 29 00:59:18 UTC 2018
------------------ testing $PTII/ptolemy/domains/de/test/auto/VariableDelayZeroDelay.xml
auto.tcl: Setting watchdog for 200 seconds at Sun Apr 29 00:59:19 UTC 2018
3 ms. Memory: 325120K Free: 311610K (96%)
ptolemy.util.test.WatchDog.cancel(): canceling Sun Apr 29 00:59:19 UTC 2018
auto.tcl: Setting watchdog for 200 seconds at Sun Apr 29 00:59:19 UTC 2018
3 ms. Memory: 325120K Free: 307863K (95%)
ptolemy.util.test.WatchDog.cancel(): canceling Sun Apr 29 00:59:19 UTC 2018
------------------ testing $PTII/ptolemy/domains/de/test/auto/VariableDelayZeroDelay2.xml
auto.tcl: Setting watchdog for 200 seconds at Sun Apr 29 00:59:19 UTC 2018
3 ms. Memory: 326656K Free: 315581K (97%)
ptolemy.util.test.WatchDog.cancel(): canceling Sun Apr 29 00:59:19 UTC 2018
auto.tcl: Setting watchdog for 200 seconds at Sun Apr 29 00:59:19 UTC 2018
3 ms. Memory: 326656K Free: 311843K (95%)
ptolemy.util.test.WatchDog.cancel(): canceling Sun Apr 29 00:59:19 UTC 2018
------------------ testing $PTII/ptolemy/domains/de/test/auto/deInCt.xml
auto.tcl: Setting watchdog for 200 seconds at Sun Apr 29 00:59:19 UTC 2018
0
1
1
1
0
0
0
0
1
1
0
0
0
1
1
1
0
0
0
0
1
1
1
1
1
1
0
0
0
1
1
1
1
0
0
0
1
1
1
0
0
0
29 ms. Memory: 325120K Free: 307867K (95%)
ptolemy.util.test.WatchDog.cancel(): canceling Sun Apr 29 00:59:19 UTC 2018
auto.tcl: Setting watchdog for 200 seconds at Sun Apr 29 00:59:19 UTC 2018
0
1
1
1
0
0
0
0
0
0
0
0
1
1
0
0
0
1
1
1
0
0
1
1
1
0
0
0
1
1
1
1
1
18 ms. Memory: 325120K Free: 307867K (95%)
ptolemy.util.test.WatchDog.cancel(): canceling Sun Apr 29 00:59:19 UTC 2018
------------------ testing $PTII/ptolemy/domains/de/test/auto/deInCt2.xml
auto.tcl: Setting watchdog for 200 seconds at Sun Apr 29 00:59:19 UTC 2018
0
1
1
1
0
0
1
1
1
0
0
1
1
1
0
0
1
1
1
0
0
1
1
1
0
0
1
1
1
0
0
1
1
1
0
0
1
1
1
0
0
0
17 ms. Memory: 326656K Free: 311839K (95%)
ptolemy.util.test.WatchDog.cancel(): canceling Sun Apr 29 00:59:19 UTC 2018
auto.tcl: Setting watchdog for 200 seconds at Sun Apr 29 00:59:19 UTC 2018
0
1
1
1
0
0
1
1
1
0
0
1
1
1
0
0
1
1
1
0
0
1
1
1
0
0
1
1
1
0
0
1
1
1
0
0
1
1
1
0
0
0
14 ms. Memory: 326656K Free: 311839K (95%)
ptolemy.util.test.WatchDog.cancel(): canceling Sun Apr 29 00:59:19 UTC 2018
------------------ testing $PTII/ptolemy/domains/de/test/auto/dynamicCausalityInterface1.xml
auto.tcl: Setting watchdog for 200 seconds at Sun Apr 29 00:59:19 UTC 2018
1 ms. Memory: 325120K Free: 306578K (94%)
ptolemy.util.test.WatchDog.cancel(): canceling Sun Apr 29 00:59:19 UTC 2018
auto.tcl: Setting watchdog for 200 seconds at Sun Apr 29 00:59:19 UTC 2018
2 ms. Memory: 325120K Free: 306578K (94%)
ptolemy.util.test.WatchDog.cancel(): canceling Sun Apr 29 00:59:19 UTC 2018
------------------ testing $PTII/ptolemy/domains/de/test/auto/fsm_de_test.xml
auto.tcl: Setting watchdog for 200 seconds at Sun Apr 29 00:59:19 UTC 2018
10 ms. Memory: 326144K Free: 305044K (94%)
ptolemy.util.test.WatchDog.cancel(): canceling Sun Apr 29 00:59:19 UTC 2018
auto.tcl: Setting watchdog for 200 seconds at Sun Apr 29 00:59:19 UTC 2018
7 ms. Memory: 326144K Free: 305044K (94%)
ptolemy.util.test.WatchDog.cancel(): canceling Sun Apr 29 00:59:19 UTC 2018
------------------ testing $PTII/ptolemy/domains/de/test/auto/functionDependencyReconstruction.xml
auto.tcl: Setting watchdog for 200 seconds at Sun Apr 29 00:59:19 UTC 2018
3 ms. Memory: 325120K Free: 296559K (91%)
ptolemy.util.test.WatchDog.cancel(): canceling Sun Apr 29 00:59:19 UTC 2018
auto.tcl: Setting watchdog for 200 seconds at Sun Apr 29 00:59:19 UTC 2018
5 ms. Memory: 325120K Free: 296559K (91%)
ptolemy.util.test.WatchDog.cancel(): canceling Sun Apr 29 00:59:19 UTC 2018
------------------ testing $PTII/ptolemy/domains/de/test/auto/multirate.xml
auto.tcl: Setting watchdog for 200 seconds at Sun Apr 29 00:59:19 UTC 2018
4 ms. Memory: 326144K Free: 311076K (95%)
ptolemy.util.test.WatchDog.cancel(): canceling Sun Apr 29 00:59:19 UTC 2018
auto.tcl: Setting watchdog for 200 seconds at Sun Apr 29 00:59:19 UTC 2018
6 ms. Memory: 326144K Free: 311076K (95%)
ptolemy.util.test.WatchDog.cancel(): canceling Sun Apr 29 00:59:19 UTC 2018
------------------ testing $PTII/ptolemy/domains/de/test/auto/multirate2.xml
auto.tcl: Setting watchdog for 200 seconds at Sun Apr 29 00:59:19 UTC 2018
8 ms. Memory: 325120K Free: 310249K (95%)
ptolemy.util.test.WatchDog.cancel(): canceling Sun Apr 29 00:59:19 UTC 2018
auto.tcl: Setting watchdog for 200 seconds at Sun Apr 29 00:59:19 UTC 2018
5 ms. Memory: 325120K Free: 310249K (95%)
ptolemy.util.test.WatchDog.cancel(): canceling Sun Apr 29 00:59:19 UTC 2018
------------------ testing $PTII/ptolemy/domains/de/test/auto/realtime.xml
auto.tcl: Setting watchdog for 200 seconds at Sun Apr 29 00:59:19 UTC 2018
10003 ms. Memory: 326144K Free: 308826K (95%)
ptolemy.util.test.WatchDog.cancel(): canceling Sun Apr 29 00:59:29 UTC 2018
auto.tcl: Setting watchdog for 200 seconds at Sun Apr 29 00:59:29 UTC 2018
10002 ms. Memory: 326144K Free: 308826K (95%)
ptolemy.util.test.WatchDog.cancel(): canceling Sun Apr 29 00:59:39 UTC 2018
------------------ testing $PTII/ptolemy/domains/de/test/auto/relationGroup.xml
auto.tcl: Setting watchdog for 200 seconds at Sun Apr 29 00:59:40 UTC 2018
3 ms. Memory: 325120K Free: 314011K (97%)
ptolemy.util.test.WatchDog.cancel(): canceling Sun Apr 29 00:59:40 UTC 2018
auto.tcl: Setting watchdog for 200 seconds at Sun Apr 29 00:59:40 UTC 2018
1 ms. Memory: 325120K Free: 314011K (97%)
ptolemy.util.test.WatchDog.cancel(): canceling Sun Apr 29 00:59:40 UTC 2018
------------------ testing $PTII/ptolemy/domains/de/test/auto/relationGroup2.xml
auto.tcl: Setting watchdog for 200 seconds at Sun Apr 29 00:59:40 UTC 2018
2 ms. Memory: 325632K Free: 312113K (96%)
ptolemy.util.test.WatchDog.cancel(): canceling Sun Apr 29 00:59:40 UTC 2018
auto.tcl: Setting watchdog for 200 seconds at Sun Apr 29 00:59:40 UTC 2018
1 ms. Memory: 325632K Free: 312113K (96%)
ptolemy.util.test.WatchDog.cancel(): canceling Sun Apr 29 00:59:40 UTC 2018
------------------ testing $PTII/ptolemy/domains/de/test/auto/sortWithOpaquePorts.xml
auto.tcl: Setting watchdog for 200 seconds at Sun Apr 29 00:59:40 UTC 2018
6 ms. Memory: 325120K Free: 311602K (96%)
ptolemy.util.test.WatchDog.cancel(): canceling Sun Apr 29 00:59:40 UTC 2018
auto.tcl: Setting watchdog for 200 seconds at Sun Apr 29 00:59:40 UTC 2018
2 ms. Memory: 325120K Free: 307864K (95%)
ptolemy.util.test.WatchDog.cancel(): canceling Sun Apr 29 00:59:40 UTC 2018
------------------ testing $PTII/ptolemy/domains/de/test/auto/transferInputsandOutputs.xml
auto.tcl: Setting watchdog for 200 seconds at Sun Apr 29 00:59:40 UTC 2018
3 ms. Memory: 325632K Free: 308363K (95%)
ptolemy.util.test.WatchDog.cancel(): canceling Sun Apr 29 00:59:40 UTC 2018
auto.tcl: Setting watchdog for 200 seconds at Sun Apr 29 00:59:40 UTC 2018
4 ms. Memory: 325632K Free: 308363K (95%)
ptolemy.util.test.WatchDog.cancel(): canceling Sun Apr 29 00:59:40 UTC 2018
------------------ testing $PTII/ptolemy/domains/de/test/auto/triggerType.xml
auto.tcl: Setting watchdog for 200 seconds at Sun Apr 29 00:59:40 UTC 2018
2 ms. Memory: 325120K Free: 311540K (96%)
ptolemy.util.test.WatchDog.cancel(): canceling Sun Apr 29 00:59:40 UTC 2018
auto.tcl: Setting watchdog for 200 seconds at Sun Apr 29 00:59:40 UTC 2018
2 ms. Memory: 325120K Free: 307810K (95%)
ptolemy.util.test.WatchDog.cancel(): canceling Sun Apr 29 00:59:40 UTC 2018
04/29/18 12:59:40
Failed: 0  Total Tests: 192  ((Passed: 187, Newly Passed: 1)  Known Failed: 5) /home/travis/build/icyphy/ptII/ptolemy/domains/de/test
04/29/18 12:59:40
Failed: 0  Total Tests: 192  ((Passed: 187, Newly Passed: 1)  Known Failed: 5) /home/travis/build/icyphy/ptII/ptolemy/domains/de/test
----------------- testing (KnownFailure) /home/travis/build/icyphy/ptII/ptolemy/domains/de/test/auto/knownFailedTests/DESDFClockTest.xml
2013 ms. Memory: 325632K Free: 302341K (93%)
Known Failure: java.lang.reflect.InvocationTargetException
----------------- testing (KnownFailure) /home/travis/build/icyphy/ptII/ptolemy/domains/de/test/auto/knownFailedTests/DirectFeedback.xml
1 ms. Memory: 325632K Free: 282844K (87%)
Known Failure: java.lang.reflect.InvocationTargetException
----------------- testing (KnownFailure) /home/travis/build/icyphy/ptII/ptolemy/domains/de/test/auto/knownFailedTests/FSMSource.xml
9 ms. Memory: 325632K Free: 258456K (79%)
----------------- testing (KnownFailure) /home/travis/build/icyphy/ptII/ptolemy/domains/de/test/auto/knownFailedTests/HierarchicalModel.xml
3 ms. Memory: 325632K Free: 234052K (72%)
Known Failure: java.lang.reflect.InvocationTargetException
----------------- testing (KnownFailure) /home/travis/build/icyphy/ptII/ptolemy/domains/de/test/auto/knownFailedTests/dependencyLoop.xml
3 ms. Memory: 325632K Free: 204790K (63%)
Known Failure: java.lang.reflect.InvocationTargetException
----------------- testing (KnownFailure) /home/travis/build/icyphy/ptII/ptolemy/domains/de/test/auto/knownFailedTests/dependencyLoop2.xml
4 ms. Memory: 325632K Free: 165779K (51%)
Known Failure: java.lang.reflect.InvocationTargetException
No auto/*.xml tests in /home/travis/build/icyphy/ptII/ptolemy/domains/de/test
AutoTests.java: About to close Vertx.
AutoTests.java: Vertx closed.
----------------- testing Sun Apr 29 00:59:42 UTC 2018 /home/travis/build/icyphy/ptII/ptolemy/domains/de/test/auto/ActorDepthCalculation_actorWithoutPorts.xml
3 ms. Memory: 325632K Free: 141408K (43%)
reloadAllAccessors: .ActorDepthCalculation_actorWithoutPorts
----------------- testing Sun Apr 29 00:59:42 UTC 2018 /home/travis/build/icyphy/ptII/ptolemy/domains/de/test/auto/AssemblyLine.xml
2 ms. Memory: 325632K Free: 126785K (39%)
reloadAllAccessors: .AssemblyLine
----------------- testing Sun Apr 29 00:59:42 UTC 2018 /home/travis/build/icyphy/ptII/ptolemy/domains/de/test/auto/CQBug1.xml
1 ms. Memory: 325632K Free: 117036K (36%)
reloadAllAccessors: .CQBug1
----------------- testing Sun Apr 29 00:59:42 UTC 2018 /home/travis/build/icyphy/ptII/ptolemy/domains/de/test/auto/CancelFireAt.xml
1 ms. Memory: 325632K Free: 107287K (33%)
reloadAllAccessors: .CancelFireAt
----------------- testing Sun Apr 29 00:59:42 UTC 2018 /home/travis/build/icyphy/ptII/ptolemy/domains/de/test/auto/CausalityAndComposabilityAnalysis.xml
3 ms. Memory: 325632K Free: 97539K (30%)
reloadAllAccessors: .CausalityAndComposabilityAnalysis
----------------- testing Sun Apr 29 00:59:42 UTC 2018 /home/travis/build/icyphy/ptII/ptolemy/domains/de/test/auto/CausalityInterface1.xml
4 ms. Memory: 325632K Free: 87790K (27%)
reloadAllAccessors: .CausalityInterface1
----------------- testing Sun Apr 29 00:59:42 UTC 2018 /home/travis/build/icyphy/ptII/ptolemy/domains/de/test/auto/CausalityInterface15.xml
8 ms. Memory: 314368K Free: 304418K (97%)
reloadAllAccessors: .CausalityInterface15
----------------- testing Sun Apr 29 00:59:42 UTC 2018 /home/travis/build/icyphy/ptII/ptolemy/domains/de/test/auto/CausalityInterface2.xml
2 ms. Memory: 314368K Free: 292707K (93%)
reloadAllAccessors: .CausalityInterface2
----------------- testing Sun Apr 29 00:59:42 UTC 2018 /home/travis/build/icyphy/ptII/ptolemy/domains/de/test/auto/CausalityInterface3.xml
1 ms. Memory: 314368K Free: 285712K (91%)
reloadAllAccessors: .CausalityInterface3
----------------- testing Sun Apr 29 00:59:42 UTC 2018 /home/travis/build/icyphy/ptII/ptolemy/domains/de/test/auto/ClockDrift.xml
19 ms. Memory: 314368K Free: 269381K (86%)
reloadAllAccessors: .ClockDrift
----------------- testing Sun Apr 29 00:59:42 UTC 2018 /home/travis/build/icyphy/ptII/ptolemy/domains/de/test/auto/ClockDriftAndValueChange.xml
12 ms. Memory: 314368K Free: 253041K (80%)
reloadAllAccessors: .ClockDriftAndValueChange
----------------- testing Sun Apr 29 00:59:42 UTC 2018 /home/travis/build/icyphy/ptII/ptolemy/domains/de/test/auto/ClockDriftChange.xml
11 ms. Memory: 314368K Free: 241369K (77%)
reloadAllAccessors: .ClockDriftChange
----------------- testing Sun Apr 29 00:59:42 UTC 2018 /home/travis/build/icyphy/ptII/ptolemy/domains/de/test/auto/ComposableCausalityAnalysis.xml
2 ms. Memory: 314368K Free: 229681K (73%)
reloadAllAccessors: .ComposableCausalityAnalysis
----------------- testing Sun Apr 29 00:59:42 UTC 2018 /home/travis/build/icyphy/ptII/ptolemy/domains/de/test/auto/DEFixedPointLimitation.xml
1 ms. Memory: 314368K Free: 222676K (71%)
reloadAllAccessors: .DEFixedPointLimitation
----------------- testing Sun Apr 29 00:59:42 UTC 2018 /home/travis/build/icyphy/ptII/ptolemy/domains/de/test/auto/DEScheduleTest.xml
9 ms. Memory: 314368K Free: 215671K (69%)
reloadAllAccessors: .DEScheduleTest
----------------- testing Sun Apr 29 00:59:43 UTC 2018 /home/travis/build/icyphy/ptII/ptolemy/domains/de/test/auto/DEinDEwithStartTimes.xml
4 ms. Memory: 314368K Free: 206329K (66%)
reloadAllAccessors: .DEinDEwithStartTimes
----------------- testing Sun Apr 29 00:59:43 UTC 2018 /home/travis/build/icyphy/ptII/ptolemy/domains/de/test/auto/DEinDEwithStartTimes2.xml
6 ms. Memory: 314368K Free: 196986K (63%)
reloadAllAccessors: .DEinDEwithStartTimes2
----------------- testing Sun Apr 29 00:59:43 UTC 2018 /home/travis/build/icyphy/ptII/ptolemy/domains/de/test/auto/DateDemo.xml
7 ms. Memory: 314368K Free: 180623K (57%)
reloadAllAccessors: .DateDemo
----------------- testing Sun Apr 29 00:59:43 UTC 2018 /home/travis/build/icyphy/ptII/ptolemy/domains/de/test/auto/DateToEvent.xml
2005 ms. Memory: 314368K Free: 159608K (51%)
reloadAllAccessors: .DateToEvent
[...]
java.lang.RuntimeException: Execution failed
	at ptolemy.moml.MoMLSimpleApplication$UnloadThread.run(MoMLSimpleApplication.java:402)
Caused by: ptolemy.kernel.util.IllegalActionException: Test fails in iteration 1.
Value was: 1.0. Should have been: 2.0
  in .DirectFeedback.Test
	at ptolemy.actor.lib.Test.fire(Test.java:268)
	at ptolemy.domains.de.kernel.DEDirector._fire(DEDirector.java:1948)
	at ptolemy.domains.de.kernel.DEDirector.fire(DEDirector.java:502)
	at ptolemy.actor.CompositeActor.fire(CompositeActor.java:455)
	at ptolemy.actor.Manager.iterate(Manager.java:851)
	at ptolemy.actor.Manager.execute(Manager.java:369)
	at ptolemy.actor.Manager.run(Manager.java:1263)
	at ptolemy.actor.Manager$PtolemyRunThread.run(Manager.java:1915)
java.lang.RuntimeException: Execution failed
	at ptolemy.moml.MoMLSimpleApplication$UnloadThread.run(MoMLSimpleApplication.java:402)
Caused by: ptolemy.kernel.util.IllegalActionException: Actor is not ready to fire.  Perhaps UpSample.prefire() returned false? Try debugging the actor by selecting "Listen to Actor".  Also, for SDF check moml for tokenConsumptionRate on input.
  in .DESDFClockTest.Play Bell.Copy1:SDF Director and .DESDFClockTest.Play Bell.UpSample
	at ptolemy.actor.sched.StaticSchedulingDirector.fire(StaticSchedulingDirector.java:227)
	at ptolemy.domains.sdf.kernel.SDFDirector.fire(SDFDirector.java:500)
	at ptolemy.actor.CompositeActor.fire(CompositeActor.java:455)
	at ptolemy.domains.de.kernel.DEDirector._fire(DEDirector.java:1948)
	at ptolemy.domains.de.kernel.DEDirector.fire(DEDirector.java:502)
	at ptolemy.actor.CompositeActor.fire(CompositeActor.java:455)
	at ptolemy.actor.Manager.iterate(Manager.java:851)
	at ptolemy.actor.Manager.execute(Manager.java:369)
	at ptolemy.actor.Manager.run(Manager.java:1263)
	at ptolemy.actor.Manager$PtolemyRunThread.run(Manager.java:1915)
java.lang.reflect.InvocationTargetException
	at sun.reflect.NativeConstructorAccessorImpl.newInstance0(Native Method)
	at sun.reflect.NativeConstructorAccessorImpl.newInstance(NativeConstructorAccessorImpl.java:62)
	at sun.reflect.DelegatingConstructorAccessorImpl.newInstance(DelegatingConstructorAccessorImpl.java:45)
	at java.lang.reflect.Constructor.newInstance(Constructor.java:423)
	at ptolemy.util.test.junit.AutoKnownFailedTests.RunModel(AutoKnownFailedTests.java:107)
	at sun.reflect.NativeMethodAccessorImpl.invoke0(Native Method)
	at sun.reflect.NativeMethodAccessorImpl.invoke(NativeMethodAccessorImpl.java:62)
	at sun.reflect.DelegatingMethodAccessorImpl.invoke(DelegatingMethodAccessorImpl.java:43)
	at java.lang.reflect.Method.invoke(Method.java:498)
	at org.junit.runners.model.FrameworkMethod$1.runReflectiveCall(FrameworkMethod.java:44)
	at org.junit.internal.runners.model.ReflectiveCallable.run(ReflectiveCallable.java:15)
	at org.junit.runners.model.FrameworkMethod.invokeExplosively(FrameworkMethod.java:41)
	at junitparams.internal.InvokeParameterisedMethod.evaluate(InvokeParameterisedMethod.java:102)
	at org.junit.internal.runners.statements.FailOnTimeout$1.run(FailOnTimeout.java:28)
Caused by: ptolemy.kernel.util.IllegalActionException: Actor is not ready to fire.  Perhaps UpSample.prefire() returned false? Try debugging the actor by selecting "Listen to Actor".  Also, for SDF check moml for tokenConsumptionRate on input.
  in .DESDFClockTest.Play Bell.Copy1:SDF Director and .DESDFClockTest.Play Bell.UpSample
	at ptolemy.actor.sched.StaticSchedulingDirector.fire(StaticSchedulingDirector.java:227)
	at ptolemy.domains.sdf.kernel.SDFDirector.fire(SDFDirector.java:500)
	at ptolemy.actor.CompositeActor.fire(CompositeActor.java:455)
	at ptolemy.domains.de.kernel.DEDirector._fire(DEDirector.java:1948)
	at ptolemy.domains.de.kernel.DEDirector.fire(DEDirector.java:502)
	at ptolemy.actor.CompositeActor.fire(CompositeActor.java:455)
	at ptolemy.actor.Manager.iterate(Manager.java:851)
	at ptolemy.actor.Manager.execute(Manager.java:369)
	at ptolemy.actor.Manager.run(Manager.java:1263)
	at ptolemy.actor.Manager$PtolemyRunThread.run(Manager.java:1915)
java.lang.RuntimeException: Execution failed
	at ptolemy.moml.MoMLSimpleApplication$UnloadThread.run(MoMLSimpleApplication.java:402)
Caused by: ptolemy.kernel.util.IllegalActionException: Test fails in iteration 1.
Value was: 1.0. Should have been: 2.0
  in .DirectFeedback.Test
	at ptolemy.actor.lib.Test.fire(Test.java:268)
	at ptolemy.domains.de.kernel.DEDirector._fire(DEDirector.java:1948)
	at ptolemy.domains.de.kernel.DEDirector.fire(DEDirector.java:502)
	at ptolemy.actor.CompositeActor.fire(CompositeActor.java:455)
	at ptolemy.actor.Manager.iterate(Manager.java:851)
	at ptolemy.actor.Manager.execute(Manager.java:369)
	at ptolemy.actor.Manager.run(Manager.java:1263)
	at ptolemy.actor.Manager$PtolemyRunThread.run(Manager.java:1915)
java.lang.reflect.InvocationTargetException
	at sun.reflect.NativeConstructorAccessorImpl.newInstance0(Native Method)
	at sun.reflect.NativeConstructorAccessorImpl.newInstance(NativeConstructorAccessorImpl.java:62)
	at sun.reflect.DelegatingConstructorAccessorImpl.newInstance(DelegatingConstructorAccessorImpl.java:45)
	at java.lang.reflect.Constructor.newInstance(Constructor.java:423)
	at ptolemy.util.test.junit.AutoKnownFailedTests.RunModel(AutoKnownFailedTests.java:107)
	at sun.reflect.NativeMethodAccessorImpl.invoke0(Native Method)
	at sun.reflect.NativeMethodAccessorImpl.invoke(NativeMethodAccessorImpl.java:62)
	at sun.reflect.DelegatingMethodAccessorImpl.invoke(DelegatingMethodAccessorImpl.java:43)
	at java.lang.reflect.Method.invoke(Method.java:498)
	at org.junit.runners.model.FrameworkMethod$1.runReflectiveCall(FrameworkMethod.java:44)
	at org.junit.internal.runners.model.ReflectiveCallable.run(ReflectiveCallable.java:15)
	at org.junit.runners.model.FrameworkMethod.invokeExplosively(FrameworkMethod.java:41)
	at junitparams.internal.InvokeParameterisedMethod.evaluate(InvokeParameterisedMethod.java:102)
	at org.junit.internal.runners.statements.FailOnTimeout$1.run(FailOnTimeout.java:28)
Caused by: ptolemy.kernel.util.IllegalActionException: Test fails in iteration 1.
Value was: 1.0. Should have been: 2.0
  in .DirectFeedback.Test
	at ptolemy.actor.lib.Test.fire(Test.java:268)
	at ptolemy.domains.de.kernel.DEDirector._fire(DEDirector.java:1948)
	at ptolemy.domains.de.kernel.DEDirector.fire(DEDirector.java:502)
	at ptolemy.actor.CompositeActor.fire(CompositeActor.java:455)
	at ptolemy.actor.Manager.iterate(Manager.java:851)
	at ptolemy.actor.Manager.execute(Manager.java:369)
	at ptolemy.actor.Manager.run(Manager.java:1263)
	at ptolemy.actor.Manager$PtolemyRunThread.run(Manager.java:1915)
java.lang.RuntimeException: Execution failed
	at ptolemy.moml.MoMLSimpleApplication$UnloadThread.run(MoMLSimpleApplication.java:402)
Caused by: ptolemy.kernel.util.IllegalActionException: Found a zero delay loop containing .HierarchicalModel.A
  in .HierarchicalModel and .HierarchicalModel.A
	at ptolemy.actor.util.CausalityInterfaceForComposites._computeOutputPortDepth(CausalityInterfaceForComposites.java:759)
	at ptolemy.actor.util.CausalityInterfaceForComposites._computeInputDepth(CausalityInterfaceForComposites.java:696)
	at ptolemy.actor.util.CausalityInterfaceForComposites._computeOutputPortDepth(CausalityInterfaceForComposites.java:765)
	at ptolemy.actor.util.CausalityInterfaceForComposites._computeInputDepth(CausalityInterfaceForComposites.java:696)
	at ptolemy.actor.util.CausalityInterfaceForComposites._computeOutputPortDepth(CausalityInterfaceForComposites.java:765)
	at ptolemy.actor.util.CausalityInterfaceForComposites._computeInputDepth(CausalityInterfaceForComposites.java:696)
	at ptolemy.actor.util.CausalityInterfaceForComposites._computeActorDepth(CausalityInterfaceForComposites.java:532)
	at ptolemy.actor.util.CausalityInterfaceForComposites.checkForCycles(CausalityInterfaceForComposites.java:96)
	at ptolemy.domains.de.kernel.DEDirector.preinitialize(DEDirector.java:1337)
	at ptolemy.actor.CompositeActor.preinitialize(CompositeActor.java:1828)
	at ptolemy.actor.Manager.preinitializeAndResolveTypes(Manager.java:1040)
	at ptolemy.actor.Manager.initialize(Manager.java:710)
	at ptolemy.actor.Manager.execute(Manager.java:356)
	at ptolemy.actor.Manager.run(Manager.java:1263)
	at ptolemy.actor.Manager$PtolemyRunThread.run(Manager.java:1915)
java.lang.reflect.InvocationTargetException
	at sun.reflect.NativeConstructorAccessorImpl.newInstance0(Native Method)
	at sun.reflect.NativeConstructorAccessorImpl.newInstance(NativeConstructorAccessorImpl.java:62)
	at sun.reflect.DelegatingConstructorAccessorImpl.newInstance(DelegatingConstructorAccessorImpl.java:45)
	at java.lang.reflect.Constructor.newInstance(Constructor.java:423)
	at ptolemy.util.test.junit.AutoKnownFailedTests.RunModel(AutoKnownFailedTests.java:107)
	at sun.reflect.NativeMethodAccessorImpl.invoke0(Native Method)
	at sun.reflect.NativeMethodAccessorImpl.invoke(NativeMethodAccessorImpl.java:62)
	at sun.reflect.DelegatingMethodAccessorImpl.invoke(DelegatingMethodAccessorImpl.java:43)
	at java.lang.reflect.Method.invoke(Method.java:498)
	at org.junit.runners.model.FrameworkMethod$1.runReflectiveCall(FrameworkMethod.java:44)
	at org.junit.internal.runners.model.ReflectiveCallable.run(ReflectiveCallable.java:15)
	at org.junit.runners.model.FrameworkMethod.invokeExplosively(FrameworkMethod.java:41)
	at junitparams.internal.InvokeParameterisedMethod.evaluate(InvokeParameterisedMethod.java:102)
	at org.junit.internal.runners.statements.FailOnTimeout$1.run(FailOnTimeout.java:28)
Caused by: ptolemy.kernel.util.IllegalActionException: Found a zero delay loop containing .HierarchicalModel.A
  in .HierarchicalModel and .HierarchicalModel.A
	at ptolemy.actor.util.CausalityInterfaceForComposites._computeOutputPortDepth(CausalityInterfaceForComposites.java:759)
	at ptolemy.actor.util.CausalityInterfaceForComposites._computeInputDepth(CausalityInterfaceForComposites.java:696)
	at ptolemy.actor.util.CausalityInterfaceForComposites._computeOutputPortDepth(CausalityInterfaceForComposites.java:765)
	at ptolemy.actor.util.CausalityInterfaceForComposites._computeInputDepth(CausalityInterfaceForComposites.java:696)
	at ptolemy.actor.util.CausalityInterfaceForComposites._computeOutputPortDepth(CausalityInterfaceForComposites.java:765)
	at ptolemy.actor.util.CausalityInterfaceForComposites._computeInputDepth(CausalityInterfaceForComposites.java:696)
	at ptolemy.actor.util.CausalityInterfaceForComposites._computeActorDepth(CausalityInterfaceForComposites.java:532)
	at ptolemy.actor.util.CausalityInterfaceForComposites.checkForCycles(CausalityInterfaceForComposites.java:96)
	at ptolemy.domains.de.kernel.DEDirector.preinitialize(DEDirector.java:1337)
	at ptolemy.actor.CompositeActor.preinitialize(CompositeActor.java:1828)
	at ptolemy.actor.Manager.preinitializeAndResolveTypes(Manager.java:1040)
	at ptolemy.actor.Manager.initialize(Manager.java:710)
	at ptolemy.actor.Manager.execute(Manager.java:356)
	at ptolemy.actor.Manager.run(Manager.java:1263)
	at ptolemy.actor.Manager$PtolemyRunThread.run(Manager.java:1915)
java.lang.RuntimeException: Execution failed
	at ptolemy.moml.MoMLSimpleApplication$UnloadThread.run(MoMLSimpleApplication.java:402)
Caused by: ptolemy.kernel.util.IllegalActionException: Found a zero delay loop containing .dependencyLoop.original
  in .dependencyLoop and .dependencyLoop.original
	at ptolemy.actor.util.CausalityInterfaceForComposites._computeOutputPortDepth(CausalityInterfaceForComposites.java:759)
	at ptolemy.actor.util.CausalityInterfaceForComposites._computeInputDepth(CausalityInterfaceForComposites.java:696)
	at ptolemy.actor.util.CausalityInterfaceForComposites._computeOutputPortDepth(CausalityInterfaceForComposites.java:765)
	at ptolemy.actor.util.CausalityInterfaceForComposites._computeInputDepth(CausalityInterfaceForComposites.java:696)
	at ptolemy.actor.util.CausalityInterfaceForComposites._computeOutputPortDepth(CausalityInterfaceForComposites.java:765)
	at ptolemy.actor.util.CausalityInterfaceForComposites._computeInputDepth(CausalityInterfaceForComposites.java:696)
	at ptolemy.actor.util.CausalityInterfaceForComposites._computeActorDepth(CausalityInterfaceForComposites.java:532)
	at ptolemy.actor.util.CausalityInterfaceForComposites.checkForCycles(CausalityInterfaceForComposites.java:96)
	at ptolemy.domains.de.kernel.DEDirector.preinitialize(DEDirector.java:1337)
	at ptolemy.actor.CompositeActor.preinitialize(CompositeActor.java:1828)
	at ptolemy.actor.Manager.preinitializeAndResolveTypes(Manager.java:1040)
	at ptolemy.actor.Manager.initialize(Manager.java:710)
	at ptolemy.actor.Manager.execute(Manager.java:356)
	at ptolemy.actor.Manager.run(Manager.java:1263)
	at ptolemy.actor.Manager$PtolemyRunThread.run(Manager.java:1915)
java.lang.reflect.InvocationTargetException
	at sun.reflect.NativeConstructorAccessorImpl.newInstance0(Native Method)
	at sun.reflect.NativeConstructorAccessorImpl.newInstance(NativeConstructorAccessorImpl.java:62)
	at sun.reflect.DelegatingConstructorAccessorImpl.newInstance(DelegatingConstructorAccessorImpl.java:45)
	at java.lang.reflect.Constructor.newInstance(Constructor.java:423)
	at ptolemy.util.test.junit.AutoKnownFailedTests.RunModel(AutoKnownFailedTests.java:107)
	at sun.reflect.NativeMethodAccessorImpl.invoke0(Native Method)
	at sun.reflect.NativeMethodAccessorImpl.invoke(NativeMethodAccessorImpl.java:62)
	at sun.reflect.DelegatingMethodAccessorImpl.invoke(DelegatingMethodAccessorImpl.java:43)
	at java.lang.reflect.Method.invoke(Method.java:498)
	at org.junit.runners.model.FrameworkMethod$1.runReflectiveCall(FrameworkMethod.java:44)
	at org.junit.internal.runners.model.ReflectiveCallable.run(ReflectiveCallable.java:15)
	at org.junit.runners.model.FrameworkMethod.invokeExplosively(FrameworkMethod.java:41)
	at junitparams.internal.InvokeParameterisedMethod.evaluate(InvokeParameterisedMethod.java:102)
	at org.junit.internal.runners.statements.FailOnTimeout$1.run(FailOnTimeout.java:28)
Caused by: ptolemy.kernel.util.IllegalActionException: Found a zero delay loop containing .dependencyLoop.original
  in .dependencyLoop and .dependencyLoop.original
	at ptolemy.actor.util.CausalityInterfaceForComposites._computeOutputPortDepth(CausalityInterfaceForComposites.java:759)
	at ptolemy.actor.util.CausalityInterfaceForComposites._computeInputDepth(CausalityInterfaceForComposites.java:696)
	at ptolemy.actor.util.CausalityInterfaceForComposites._computeOutputPortDepth(CausalityInterfaceForComposites.java:765)
	at ptolemy.actor.util.CausalityInterfaceForComposites._computeInputDepth(CausalityInterfaceForComposites.java:696)
	at ptolemy.actor.util.CausalityInterfaceForComposites._computeOutputPortDepth(CausalityInterfaceForComposites.java:765)
	at ptolemy.actor.util.CausalityInterfaceForComposites._computeInputDepth(CausalityInterfaceForComposites.java:696)
	at ptolemy.actor.util.CausalityInterfaceForComposites._computeActorDepth(CausalityInterfaceForComposites.java:532)
	at ptolemy.actor.util.CausalityInterfaceForComposites.checkForCycles(CausalityInterfaceForComposites.java:96)
	at ptolemy.domains.de.kernel.DEDirector.preinitialize(DEDirector.java:1337)
	at ptolemy.actor.CompositeActor.preinitialize(CompositeActor.java:1828)
	at ptolemy.actor.Manager.preinitializeAndResolveTypes(Manager.java:1040)
	at ptolemy.actor.Manager.initialize(Manager.java:710)
	at ptolemy.actor.Manager.execute(Manager.java:356)
	at ptolemy.actor.Manager.run(Manager.java:1263)
	at ptolemy.actor.Manager$PtolemyRunThread.run(Manager.java:1915)
java.lang.RuntimeException: Execution failed
	at ptolemy.moml.MoMLSimpleApplication$UnloadThread.run(MoMLSimpleApplication.java:402)
Caused by: ptolemy.kernel.util.IllegalActionException: Found a zero delay loop containing .dependencyLoop2.original
  in .dependencyLoop2 and .dependencyLoop2.original
	at ptolemy.actor.util.CausalityInterfaceForComposites._computeOutputPortDepth(CausalityInterfaceForComposites.java:759)
	at ptolemy.actor.util.CausalityInterfaceForComposites._computeInputDepth(CausalityInterfaceForComposites.java:696)
	at ptolemy.actor.util.CausalityInterfaceForComposites._computeOutputPortDepth(CausalityInterfaceForComposites.java:765)
	at ptolemy.actor.util.CausalityInterfaceForComposites._computeInputDepth(CausalityInterfaceForComposites.java:696)
	at ptolemy.actor.util.CausalityInterfaceForComposites._computeOutputPortDepth(CausalityInterfaceForComposites.java:765)
	at ptolemy.actor.util.CausalityInterfaceForComposites._computeInputDepth(CausalityInterfaceForComposites.java:696)
	at ptolemy.actor.util.CausalityInterfaceForComposites._computeActorDepth(CausalityInterfaceForComposites.java:532)
	at ptolemy.actor.util.CausalityInterfaceForComposites.checkForCycles(CausalityInterfaceForComposites.java:96)
	at ptolemy.domains.de.kernel.DEDirector.preinitialize(DEDirector.java:1337)
	at ptolemy.actor.CompositeActor.preinitialize(CompositeActor.java:1828)
	at ptolemy.actor.Manager.preinitializeAndResolveTypes(Manager.java:1040)
	at ptolemy.actor.Manager.initialize(Manager.java:710)
	at ptolemy.actor.Manager.execute(Manager.java:356)
	at ptolemy.actor.Manager.run(Manager.java:1263)
	at ptolemy.actor.Manager$PtolemyRunThread.run(Manager.java:1915)
java.lang.reflect.InvocationTargetException
	at sun.reflect.NativeConstructorAccessorImpl.newInstance0(Native Method)
	at sun.reflect.NativeConstructorAccessorImpl.newInstance(NativeConstructorAccessorImpl.java:62)
	at sun.reflect.DelegatingConstructorAccessorImpl.newInstance(DelegatingConstructorAccessorImpl.java:45)
	at java.lang.reflect.Constructor.newInstance(Constructor.java:423)
	at ptolemy.util.test.junit.AutoKnownFailedTests.RunModel(AutoKnownFailedTests.java:107)
	at sun.reflect.NativeMethodAccessorImpl.invoke0(Native Method)
	at sun.reflect.NativeMethodAccessorImpl.invoke(NativeMethodAccessorImpl.java:62)
	at sun.reflect.DelegatingMethodAccessorImpl.invoke(DelegatingMethodAccessorImpl.java:43)
	at java.lang.reflect.Method.invoke(Method.java:498)
	at org.junit.runners.model.FrameworkMethod$1.runReflectiveCall(FrameworkMethod.java:44)
	at org.junit.internal.runners.model.ReflectiveCallable.run(ReflectiveCallable.java:15)
	at org.junit.runners.model.FrameworkMethod.invokeExplosively(FrameworkMethod.java:41)
	at junitparams.internal.InvokeParameterisedMethod.evaluate(InvokeParameterisedMethod.java:102)
	at org.junit.internal.runners.statements.FailOnTimeout$1.run(FailOnTimeout.java:28)
Caused by: ptolemy.kernel.util.IllegalActionException: Found a zero delay loop containing .dependencyLoop2.original
  in .dependencyLoop2 and .dependencyLoop2.original
	at ptolemy.actor.util.CausalityInterfaceForComposites._computeOutputPortDepth(CausalityInterfaceForComposites.java:759)
	at ptolemy.actor.util.CausalityInterfaceForComposites._computeInputDepth(CausalityInterfaceForComposites.java:696)
	at ptolemy.actor.util.CausalityInterfaceForComposites._computeOutputPortDepth(CausalityInterfaceForComposites.java:765)
	at ptolemy.actor.util.CausalityInterfaceForComposites._computeInputDepth(CausalityInterfaceForComposites.java:696)
	at ptolemy.actor.util.CausalityInterfaceForComposites._computeOutputPortDepth(CausalityInterfaceForComposites.java:765)
	at ptolemy.actor.util.CausalityInterfaceForComposites._computeInputDepth(CausalityInterfaceForComposites.java:696)
	at ptolemy.actor.util.CausalityInterfaceForComposites._computeActorDepth(CausalityInterfaceForComposites.java:532)
	at ptolemy.actor.util.CausalityInterfaceForComposites.checkForCycles(CausalityInterfaceForComposites.java:96)
	at ptolemy.domains.de.kernel.DEDirector.preinitialize(DEDirector.java:1337)
	at ptolemy.actor.CompositeActor.preinitialize(CompositeActor.java:1828)
	at ptolemy.actor.Manager.preinitializeAndResolveTypes(Manager.java:1040)
	at ptolemy.actor.Manager.initialize(Manager.java:710)
	at ptolemy.actor.Manager.execute(Manager.java:356)
	at ptolemy.actor.Manager.run(Manager.java:1263)
	at ptolemy.actor.Manager$PtolemyRunThread.run(Manager.java:1915)
]]></system-err>
</testsuite>
