<?xml version="1.0" encoding="UTF-8" ?>
<testsuite errors="0" failures="0" hostname="travis-job-0fed756a-5421-4bcf-aa58-a0d6fa49e6b3" name="ptolemy.domains.sdf.test.junit.JUnitTclTest" skipped="0" tests="66" time="19.762" timestamp="2018-05-11T21:07:15">
  <properties>
[...]
</properties>
  <testcase classname="ptolemy.util.test.junit.TclTests" name="[0] /home/travis/build/icyphy/ptII/ptolemy/domains/sdf/test/SDFSchedulerErrors.tcl (RunTclFile)" time="0.601" />
  <testcase classname="ptolemy.util.test.junit.TclTests" name="[1] /home/travis/build/icyphy/ptII/ptolemy/domains/sdf/test/composition.tcl (RunTclFile)" time="0.129" />
  <testcase classname="ptolemy.util.test.junit.TclTests" name="[2] /home/travis/build/icyphy/ptII/ptolemy/domains/sdf/test/cycle.tcl (RunTclFile)" time="0.047" />
  <testcase classname="ptolemy.util.test.junit.AutoKnownFailedTests" name="[0] ThereAreNoKnowFailedTests (RunModel)" time="0.004" />
  <testcase classname="ptolemy.util.test.junit.AutoNameArchTests" name="[0] ThereAreNoAutoTests (RunModel)" time="0.006" />
  <testcase classname="ptolemy.util.test.junit.AutoTests" name="[0] /home/travis/build/icyphy/ptII/ptolemy/domains/sdf/test/auto/Array.xml (RunModel)" time="0.134" />
  <testcase classname="ptolemy.util.test.junit.AutoTests" name="[1] /home/travis/build/icyphy/ptII/ptolemy/domains/sdf/test/auto/Butterfly.xml (RunModel)" time="0.134" />
  <testcase classname="ptolemy.util.test.junit.AutoTests" name="[2] /home/travis/build/icyphy/ptII/ptolemy/domains/sdf/test/auto/Expression.xml (RunModel)" time="0.12" />
  <testcase classname="ptolemy.util.test.junit.AutoTests" name="[3] /home/travis/build/icyphy/ptII/ptolemy/domains/sdf/test/auto/Eye.xml (RunModel)" time="0.349" />
  <testcase classname="ptolemy.util.test.junit.AutoTests" name="[4] /home/travis/build/icyphy/ptII/ptolemy/domains/sdf/test/auto/FixFIR.xml (RunModel)" time="0.367" />
  <testcase classname="ptolemy.util.test.junit.AutoTests" name="[5] /home/travis/build/icyphy/ptII/ptolemy/domains/sdf/test/auto/FixPoint.xml (RunModel)" time="0.046" />
  <testcase classname="ptolemy.util.test.junit.AutoTests" name="[6] /home/travis/build/icyphy/ptII/ptolemy/domains/sdf/test/auto/Gravitation.xml (RunModel)" time="3.29" />
  <testcase classname="ptolemy.util.test.junit.AutoTests" name="[7] /home/travis/build/icyphy/ptII/ptolemy/domains/sdf/test/auto/GravitationWithCollisionDetection.xml (RunModel)" time="6.196" />
  <testcase classname="ptolemy.util.test.junit.AutoTests" name="[8] /home/travis/build/icyphy/ptII/ptolemy/domains/sdf/test/auto/HDF.xml (RunModel)" time="0.147" />
  <testcase classname="ptolemy.util.test.junit.AutoTests" name="[9] /home/travis/build/icyphy/ptII/ptolemy/domains/sdf/test/auto/HDFwithTransientStates.xml (RunModel)" time="0.096" />
  <testcase classname="ptolemy.util.test.junit.AutoTests" name="[10] /home/travis/build/icyphy/ptII/ptolemy/domains/sdf/test/auto/HTVQ.xml (RunModel)" time="0.909" />
  <testcase classname="ptolemy.util.test.junit.AutoTests" name="[11] /home/travis/build/icyphy/ptII/ptolemy/domains/sdf/test/auto/InferInitProduction.xml (RunModel)" time="0.03" />
  <testcase classname="ptolemy.util.test.junit.AutoTests" name="[12] /home/travis/build/icyphy/ptII/ptolemy/domains/sdf/test/auto/InferInitProductionDeeper.xml (RunModel)" time="0.027" />
  <testcase classname="ptolemy.util.test.junit.AutoTests" name="[13] /home/travis/build/icyphy/ptII/ptolemy/domains/sdf/test/auto/LMSAdaptive.xml (RunModel)" time="0.07" />
  <testcase classname="ptolemy.util.test.junit.AutoTests" name="[14] /home/travis/build/icyphy/ptII/ptolemy/domains/sdf/test/auto/LogisticMap.xml (RunModel)" time="0.468" />
  <testcase classname="ptolemy.util.test.junit.AutoTests" name="[15] /home/travis/build/icyphy/ptII/ptolemy/domains/sdf/test/auto/MaximumEntropySpectrum.xml (RunModel)" time="0.242" />
  <testcase classname="ptolemy.util.test.junit.AutoTests" name="[16] /home/travis/build/icyphy/ptII/ptolemy/domains/sdf/test/auto/MultirateSDF.xml (RunModel)" time="0.064" />
  <testcase classname="ptolemy.util.test.junit.AutoTests" name="[17] /home/travis/build/icyphy/ptII/ptolemy/domains/sdf/test/auto/MultirateSDFwithTransientStates.xml (RunModel)" time="0.075" />
  <testcase classname="ptolemy.util.test.junit.AutoTests" name="[18] /home/travis/build/icyphy/ptII/ptolemy/domains/sdf/test/auto/NoisySinewave.xml (RunModel)" time="0.067" />
  <testcase classname="ptolemy.util.test.junit.AutoTests" name="[19] /home/travis/build/icyphy/ptII/ptolemy/domains/sdf/test/auto/Objects.xml (RunModel)" time="0.06" />
  <testcase classname="ptolemy.util.test.junit.AutoTests" name="[20] /home/travis/build/icyphy/ptII/ptolemy/domains/sdf/test/auto/OrthogonalCom.xml (RunModel)" time="0.042" />
  <testcase classname="ptolemy.util.test.junit.AutoTests" name="[21] /home/travis/build/icyphy/ptII/ptolemy/domains/sdf/test/auto/RijndaelEncryption.xml (RunModel)" time="0.524" />
  <testcase classname="ptolemy.util.test.junit.AutoTests" name="[22] /home/travis/build/icyphy/ptII/ptolemy/domains/sdf/test/auto/SDFEmptyIterations.xml (RunModel)" time="0.018" />
  <testcase classname="ptolemy.util.test.junit.AutoTests" name="[23] /home/travis/build/icyphy/ptII/ptolemy/domains/sdf/test/auto/Spectrum.xml (RunModel)" time="0.073" />
  <testcase classname="ptolemy.util.test.junit.AutoTests" name="[24] /home/travis/build/icyphy/ptII/ptolemy/domains/sdf/test/auto/de_inside_sdf.xml (RunModel)" time="0.025" />
  <testcase classname="ptolemy.util.test.junit.AutoTests" name="[25] /home/travis/build/icyphy/ptII/ptolemy/domains/sdf/test/auto/disconnectedHierarchicalSDF.xml (RunModel)" time="0.024" />
  <testcase classname="ptolemy.util.test.junit.AutoTests" name="[26] /home/travis/build/icyphy/ptII/ptolemy/domains/sdf/test/auto/disconnectedSDF.xml (RunModel)" time="0.026" />
  <testcase classname="ptolemy.util.test.junit.AutoTests" name="[27] /home/travis/build/icyphy/ptII/ptolemy/domains/sdf/test/auto/emptyRefinement.xml (RunModel)" time="0.017" />
  <testcase classname="ptolemy.util.test.junit.AutoTests" name="[28] /home/travis/build/icyphy/ptII/ptolemy/domains/sdf/test/auto/filePortParameter.xml (RunModel)" time="0.046" />
  <testcase classname="ptolemy.util.test.junit.AutoTests" name="[29] /home/travis/build/icyphy/ptII/ptolemy/domains/sdf/test/auto/inferRelationWidth1.xml (RunModel)" time="0.017" />
  <testcase classname="ptolemy.util.test.junit.AutoTests" name="[30] /home/travis/build/icyphy/ptII/ptolemy/domains/sdf/test/auto/initProductionInference.xml (RunModel)" time="0.023" />
  <testcase classname="ptolemy.util.test.junit.AutoTests" name="[31] /home/travis/build/icyphy/ptII/ptolemy/domains/sdf/test/auto/relationGroup.xml (RunModel)" time="0.017" />
  <testcase classname="ptolemy.util.test.junit.AutoTests" name="[32] /home/travis/build/icyphy/ptII/ptolemy/domains/sdf/test/auto/relationGroup10.xml (RunModel)" time="0.016" />
  <testcase classname="ptolemy.util.test.junit.AutoTests" name="[33] /home/travis/build/icyphy/ptII/ptolemy/domains/sdf/test/auto/relationGroup11.xml (RunModel)" time="0.015" />
  <testcase classname="ptolemy.util.test.junit.AutoTests" name="[34] /home/travis/build/icyphy/ptII/ptolemy/domains/sdf/test/auto/relationGroup12.xml (RunModel)" time="0.019" />
  <testcase classname="ptolemy.util.test.junit.AutoTests" name="[35] /home/travis/build/icyphy/ptII/ptolemy/domains/sdf/test/auto/relationGroup13.xml (RunModel)" time="0.028" />
  <testcase classname="ptolemy.util.test.junit.AutoTests" name="[36] /home/travis/build/icyphy/ptII/ptolemy/domains/sdf/test/auto/relationGroup14.xml (RunModel)" time="0.02" />
  <testcase classname="ptolemy.util.test.junit.AutoTests" name="[37] /home/travis/build/icyphy/ptII/ptolemy/domains/sdf/test/auto/relationGroup15.xml (RunModel)" time="0.012" />
  <testcase classname="ptolemy.util.test.junit.AutoTests" name="[38] /home/travis/build/icyphy/ptII/ptolemy/domains/sdf/test/auto/relationGroup2.xml (RunModel)" time="0.016" />
  <testcase classname="ptolemy.util.test.junit.AutoTests" name="[39] /home/travis/build/icyphy/ptII/ptolemy/domains/sdf/test/auto/relationGroup3.xml (RunModel)" time="0.009" />
  <testcase classname="ptolemy.util.test.junit.AutoTests" name="[40] /home/travis/build/icyphy/ptII/ptolemy/domains/sdf/test/auto/relationGroup4.xml (RunModel)" time="0.02" />
  <testcase classname="ptolemy.util.test.junit.AutoTests" name="[41] /home/travis/build/icyphy/ptII/ptolemy/domains/sdf/test/auto/relationGroup5.xml (RunModel)" time="0.016" />
  <testcase classname="ptolemy.util.test.junit.AutoTests" name="[42] /home/travis/build/icyphy/ptII/ptolemy/domains/sdf/test/auto/relationGroup6.xml (RunModel)" time="0.022" />
  <testcase classname="ptolemy.util.test.junit.AutoTests" name="[43] /home/travis/build/icyphy/ptII/ptolemy/domains/sdf/test/auto/relationGroup7.xml (RunModel)" time="0.015" />
  <testcase classname="ptolemy.util.test.junit.AutoTests" name="[44] /home/travis/build/icyphy/ptII/ptolemy/domains/sdf/test/auto/relationGroup8.xml (RunModel)" time="0.01" />
  <testcase classname="ptolemy.util.test.junit.AutoTests" name="[45] /home/travis/build/icyphy/ptII/ptolemy/domains/sdf/test/auto/relationGroup9.xml (RunModel)" time="0.03" />
  <testcase classname="ptolemy.util.test.junit.AutoTests" name="[46] /home/travis/build/icyphy/ptII/ptolemy/domains/sdf/test/auto/sdf_inside_de.xml (RunModel)" time="0.053" />
  <testcase classname="ptolemy.util.test.junit.AutoTests" name="[47] /home/travis/build/icyphy/ptII/ptolemy/domains/sdf/test/auto/sdf_inside_pn.xml (RunModel)" time="0.065" />
  <testcase classname="ptolemy.util.test.junit.AutoTests" name="[48] /home/travis/build/icyphy/ptII/ptolemy/domains/sdf/test/auto/sdf_sdf1.xml (RunModel)" time="0.024" />
  <testcase classname="ptolemy.util.test.junit.AutoTests" name="[49] /home/travis/build/icyphy/ptII/ptolemy/domains/sdf/test/auto/test1.xml (RunModel)" time="0.024" />
  <testcase classname="ptolemy.util.test.junit.AutoTests" name="[50] /home/travis/build/icyphy/ptII/ptolemy/domains/sdf/test/auto/time1.xml (RunModel)" time="0.01" />
  <testcase classname="ptolemy.util.test.junit.AutoTests" name="[51] /home/travis/build/icyphy/ptII/ptolemy/domains/sdf/test/auto/time2.xml (RunModel)" time="0.011" />
  <testcase classname="ptolemy.util.test.junit.AutoTests" name="[52] /home/travis/build/icyphy/ptII/ptolemy/domains/sdf/test/auto/time3.xml (RunModel)" time="0.021" />
  <testcase classname="ptolemy.util.test.junit.AutoTests" name="[53] /home/travis/build/icyphy/ptII/ptolemy/domains/sdf/test/auto/time4.xml (RunModel)" time="0.02" />
  <testcase classname="ptolemy.util.test.junit.AutoTests" name="[54] /home/travis/build/icyphy/ptII/ptolemy/domains/sdf/test/auto/time5.xml (RunModel)" time="4.01" />
  <testcase classname="ptolemy.util.test.junit.AutoTests" name="[55] /home/travis/build/icyphy/ptII/ptolemy/domains/sdf/test/auto/typeSystem_Const_Integer_smallest_Type.xml (RunModel)" time="0.031" />
  <testcase classname="ptolemy.util.test.junit.AutoTests" name="[56] /home/travis/build/icyphy/ptII/ptolemy/domains/sdf/test/auto/typeSystem_declared_Inports_OutportTypeException.xml (RunModel)" time="0.018" />
  <testcase classname="ptolemy.util.test.junit.AutoTests" name="[57] /home/travis/build/icyphy/ptII/ptolemy/domains/sdf/test/auto/typeSystem_oneDeclaredInportType_wrongTypeOutport.xml (RunModel)" time="0.02" />
  <testcase classname="ptolemy.util.test.junit.AutoTests" name="[58] /home/travis/build/icyphy/ptII/ptolemy/domains/sdf/test/auto/width.xml (RunModel)" time="0.011" />
  <testcase classname="ptolemy.util.test.junit.AutoTests" name="[59] /home/travis/build/icyphy/ptII/ptolemy/domains/sdf/test/auto/width2.xml (RunModel)" time="0.035" />
  <testcase classname="ptolemy.util.test.junit.AutoTests" name="[60] /home/travis/build/icyphy/ptII/ptolemy/domains/sdf/test/auto/width3.xml (RunModel)" time="0.037" />
  <system-out><![CDATA[/home/travis/build/icyphy/ptII/ptolemy/domains/sdf/test/SDFSchedulerErrors.tcl
testDefs.tcl: setting time out to 9000 seconds at Fri May 11 21:07:15 UTC 2018
18 ms. Memory: 116224K Free: 106823K (92%)
5 ms. Memory: 116224K Free: 99758K (86%)
4 ms. Memory: 116224K Free: 92709K (80%)
5 ms. Memory: 116224K Free: 89645K (77%)
/home/travis/build/icyphy/ptII/ptolemy/domains/sdf/test/composition.tcl
39 ms. Memory: 116224K Free: 85996K (74%)
6 ms. Memory: 116224K Free: 84185K (72%)
/home/travis/build/icyphy/ptII/ptolemy/domains/sdf/test/cycle.tcl
.Toplevel.Director Preinitializing ...
Invoking preinitialize():  .Toplevel.Actor1
Invoking preinitialize():  .Toplevel.Actor2
Invoking preinitialize():  .Toplevel.Delay
.Toplevel.Director Finished preinitialize().
### Schedule:
Execute Schedule{
Fire Actor ptolemy.domains.sdf.kernel.test.SDFTestDelay {.Toplevel.Actor1}
Fire Actor ptolemy.domains.sdf.kernel.test.SDFTestDelay {.Toplevel.Actor2}
Fire Actor ptolemy.domains.sdf.lib.SampleDelay {.Toplevel.Delay}
}
### End schedule
Called initialize().
Invoking initialize():  .Toplevel.Actor1
Initializing actor: .Toplevel.Actor1.
Invoking initialize():  .Toplevel.Actor2
Initializing actor: .Toplevel.Actor2.
Invoking initialize():  .Toplevel.Delay
Initializing actor: .Toplevel.Delay.
Director: Called prefire().
-- Setting current time to 0.0
Director prefire returns true.
The actor .Toplevel.Actor1 will be iterated.
The actor .Toplevel.Actor1 was iterated.
The actor .Toplevel.Actor2 will be iterated.
The actor .Toplevel.Actor2 was iterated.
The actor .Toplevel.Delay will be iterated.
The actor .Toplevel.Delay was iterated.
Director: Called postfire().
Postfire returns: true
Director: Called prefire().
-- Setting current time to 0.0
Director prefire returns true.
The actor .Toplevel.Actor1 will be iterated.
The actor .Toplevel.Actor1 was iterated.
The actor .Toplevel.Actor2 will be iterated.
The actor .Toplevel.Actor2 was iterated.
The actor .Toplevel.Delay will be iterated.
The actor .Toplevel.Delay was iterated.
Director: Called postfire().
Postfire returns: true
Director: Called prefire().
-- Setting current time to 0.0
Director prefire returns true.
The actor .Toplevel.Actor1 will be iterated.
The actor .Toplevel.Actor1 was iterated.
The actor .Toplevel.Actor2 will be iterated.
The actor .Toplevel.Actor2 was iterated.
The actor .Toplevel.Delay will be iterated.
The actor .Toplevel.Delay was iterated.
Director: Called postfire().
Postfire returns: true
Director: Called prefire().
-- Setting current time to 0.0
Director prefire returns true.
The actor .Toplevel.Actor1 will be iterated.
The actor .Toplevel.Actor1 was iterated.
The actor .Toplevel.Actor2 will be iterated.
The actor .Toplevel.Actor2 was iterated.
The actor .Toplevel.Delay will be iterated.
The actor .Toplevel.Delay was iterated.
Director: Called postfire().
Postfire returns: true
Director: Called prefire().
-- Setting current time to 0.0
Director prefire returns true.
The actor .Toplevel.Actor1 will be iterated.
The actor .Toplevel.Actor1 was iterated.
The actor .Toplevel.Actor2 will be iterated.
The actor .Toplevel.Actor2 was iterated.
The actor .Toplevel.Delay will be iterated.
The actor .Toplevel.Delay was iterated.
Director: Called postfire().
Postfire returns: true
Director: Called prefire().
-- Setting current time to 0.0
Director prefire returns true.
The actor .Toplevel.Actor1 will be iterated.
The actor .Toplevel.Actor1 was iterated.
The actor .Toplevel.Actor2 will be iterated.
The actor .Toplevel.Actor2 was iterated.
The actor .Toplevel.Delay will be iterated.
The actor .Toplevel.Delay was iterated.
Reached specified number of iterations: 6
Director: Called wrapup().
8 ms. Memory: 116224K Free: 81731K (70%)
05/11/18 09:07:16
Failed: 0  Total Tests: 8  ((Passed: 8, Newly Passed: 0)  Known Failed: 0) /home/travis/build/icyphy/ptII/ptolemy/domains/sdf/test
No auto/knownFailedTests/*.xml tests in /home/travis/build/icyphy/ptII/ptolemy/domains/sdf/test
No auto/*.xml tests in /home/travis/build/icyphy/ptII/ptolemy/domains/sdf/test
AutoTests.java: About to close Vertx.
AutoTests.java: Vertx closed.
----------------- testing Fri May 11 21:07:16 UTC 2018 /home/travis/build/icyphy/ptII/ptolemy/domains/sdf/test/auto/Array.xml
----------------- Instantiating /home/travis/build/icyphy/ptII/ptolemy/domains/sdf/test/auto/Array.xml
29 ms. Memory: 146944K Free: 102710K (70%)
----------------- Invoking toplevel() on ptolemy.moml.MoMLSimpleApplication@7c8ea4ab
----------------- Done invoking toplevel() on ptolemy.moml.MoMLSimpleApplication@7c8ea4ab
reloadAllAccessors: .Array
----------------- testing Fri May 11 21:07:16 UTC 2018 /home/travis/build/icyphy/ptII/ptolemy/domains/sdf/test/auto/Butterfly.xml
----------------- Instantiating /home/travis/build/icyphy/ptII/ptolemy/domains/sdf/test/auto/Butterfly.xml
83 ms. Memory: 146944K Free: 97164K (66%)
----------------- Invoking toplevel() on ptolemy.moml.MoMLSimpleApplication@63399c87
----------------- Done invoking toplevel() on ptolemy.moml.MoMLSimpleApplication@63399c87
reloadAllAccessors: .Butterfly
----------------- testing Fri May 11 21:07:16 UTC 2018 /home/travis/build/icyphy/ptII/ptolemy/domains/sdf/test/auto/Expression.xml
----------------- Instantiating /home/travis/build/icyphy/ptII/ptolemy/domains/sdf/test/auto/Expression.xml
67 ms. Memory: 146944K Free: 92209K (63%)
----------------- Invoking toplevel() on ptolemy.moml.MoMLSimpleApplication@6526329e
----------------- Done invoking toplevel() on ptolemy.moml.MoMLSimpleApplication@6526329e
reloadAllAccessors: .Expression
----------------- testing Fri May 11 21:07:17 UTC 2018 /home/travis/build/icyphy/ptII/ptolemy/domains/sdf/test/auto/Eye.xml
----------------- Instantiating /home/travis/build/icyphy/ptII/ptolemy/domains/sdf/test/auto/Eye.xml
228 ms. Memory: 146944K Free: 123218K (84%)
----------------- Invoking toplevel() on ptolemy.moml.MoMLSimpleApplication@56144209
----------------- Done invoking toplevel() on ptolemy.moml.MoMLSimpleApplication@56144209
reloadAllAccessors: .Eye
----------------- testing Fri May 11 21:07:17 UTC 2018 /home/travis/build/icyphy/ptII/ptolemy/domains/sdf/test/auto/FixFIR.xml
----------------- Instantiating /home/travis/build/icyphy/ptII/ptolemy/domains/sdf/test/auto/FixFIR.xml
164 ms. Memory: 146944K Free: 84721K (58%)
----------------- Invoking toplevel() on ptolemy.moml.MoMLSimpleApplication@5c7eb5a6
----------------- Done invoking toplevel() on ptolemy.moml.MoMLSimpleApplication@5c7eb5a6
reloadAllAccessors: .FixFIR
----------------- testing Fri May 11 21:07:17 UTC 2018 /home/travis/build/icyphy/ptII/ptolemy/domains/sdf/test/auto/FixPoint.xml
----------------- Instantiating /home/travis/build/icyphy/ptII/ptolemy/domains/sdf/test/auto/FixPoint.xml
14 ms. Memory: 146944K Free: 80167K (55%)
----------------- Invoking toplevel() on ptolemy.moml.MoMLSimpleApplication@538f765e
----------------- Done invoking toplevel() on ptolemy.moml.MoMLSimpleApplication@538f765e
reloadAllAccessors: .FixPoint
----------------- testing Fri May 11 21:07:17 UTC 2018 /home/travis/build/icyphy/ptII/ptolemy/domains/sdf/test/auto/Gravitation.xml
----------------- Instantiating /home/travis/build/icyphy/ptII/ptolemy/domains/sdf/test/auto/Gravitation.xml
3157 ms. Memory: 208384K Free: 109014K (52%)
----------------- Invoking toplevel() on ptolemy.moml.MoMLSimpleApplication@16adf842
----------------- Done invoking toplevel() on ptolemy.moml.MoMLSimpleApplication@16adf842
reloadAllAccessors: .Gravitation
----------------- testing Fri May 11 21:07:21 UTC 2018 /home/travis/build/icyphy/ptII/ptolemy/domains/sdf/test/auto/GravitationWithCollisionDetection.xml
----------------- Instantiating /home/travis/build/icyphy/ptII/ptolemy/domains/sdf/test/auto/GravitationWithCollisionDetection.xml
6011 ms. Memory: 873984K Free: 316997K (36%)
----------------- Invoking toplevel() on ptolemy.moml.MoMLSimpleApplication@17be0294
----------------- Done invoking toplevel() on ptolemy.moml.MoMLSimpleApplication@17be0294
reloadAllAccessors: .GravitationWithCollisionDetection
----------------- testing Fri May 11 21:07:27 UTC 2018 /home/travis/build/icyphy/ptII/ptolemy/domains/sdf/test/auto/HDF.xml
----------------- Instantiating /home/travis/build/icyphy/ptII/ptolemy/domains/sdf/test/auto/HDF.xml
45 ms. Memory: 873984K Free: 284639K (33%)
----------------- Invoking toplevel() on ptolemy.moml.MoMLSimpleApplication@5f03312c
----------------- Done invoking toplevel() on ptolemy.moml.MoMLSimpleApplication@5f03312c
reloadAllAccessors: .HDF
----------------- testing Fri May 11 21:07:27 UTC 2018 /home/travis/build/icyphy/ptII/ptolemy/domains/sdf/test/auto/HDFwithTransientStates.xml
----------------- Instantiating /home/travis/build/icyphy/ptII/ptolemy/domains/sdf/test/auto/HDFwithTransientStates.xml
34 ms. Memory: 873984K Free: 261045K (30%)
----------------- Invoking toplevel() on ptolemy.moml.MoMLSimpleApplication@53153ba9
----------------- Done invoking toplevel() on ptolemy.moml.MoMLSimpleApplication@53153ba9
reloadAllAccessors: .HDFwithTransientStates
----------------- testing Fri May 11 21:07:27 UTC 2018 /home/travis/build/icyphy/ptII/ptolemy/domains/sdf/test/auto/HTVQ.xml
----------------- Instantiating /home/travis/build/icyphy/ptII/ptolemy/domains/sdf/test/auto/HTVQ.xml
864 ms. Memory: 873984K Free: 88141K (10%)
----------------- Invoking toplevel() on ptolemy.moml.MoMLSimpleApplication@3d236a7c
----------------- Done invoking toplevel() on ptolemy.moml.MoMLSimpleApplication@3d236a7c
reloadAllAccessors: .HTVQ
----------------- testing Fri May 11 21:07:28 UTC 2018 /home/travis/build/icyphy/ptII/ptolemy/domains/sdf/test/auto/InferInitProduction.xml
----------------- Instantiating /home/travis/build/icyphy/ptII/ptolemy/domains/sdf/test/auto/InferInitProduction.xml
11 ms. Memory: 873984K Free: 77051K (9%)
----------------- Invoking toplevel() on ptolemy.moml.MoMLSimpleApplication@6a4989bd
----------------- Done invoking toplevel() on ptolemy.moml.MoMLSimpleApplication@6a4989bd
reloadAllAccessors: .InferInitProduction
----------------- testing Fri May 11 21:07:28 UTC 2018 /home/travis/build/icyphy/ptII/ptolemy/domains/sdf/test/auto/InferInitProductionDeeper.xml
----------------- Instantiating /home/travis/build/icyphy/ptII/ptolemy/domains/sdf/test/auto/InferInitProductionDeeper.xml
3 ms. Memory: 874496K Free: 847318K (97%)
----------------- Invoking toplevel() on ptolemy.moml.MoMLSimpleApplication@3d2a1678
----------------- Done invoking toplevel() on ptolemy.moml.MoMLSimpleApplication@3d2a1678
reloadAllAccessors: .InferInitProductionDeeper
----------------- testing Fri May 11 21:07:28 UTC 2018 /home/travis/build/icyphy/ptII/ptolemy/domains/sdf/test/auto/LMSAdaptive.xml
----------------- Instantiating /home/travis/build/icyphy/ptII/ptolemy/domains/sdf/test/auto/LMSAdaptive.xml
13 ms. Memory: 874496K Free: 820615K (94%)
----------------- Invoking toplevel() on ptolemy.moml.MoMLSimpleApplication@40f17150
----------------- Done invoking toplevel() on ptolemy.moml.MoMLSimpleApplication@40f17150
reloadAllAccessors: .LMSAdaptive
----------------- testing Fri May 11 21:07:28 UTC 2018 /home/travis/build/icyphy/ptII/ptolemy/domains/sdf/test/auto/LogisticMap.xml
----------------- Instantiating /home/travis/build/icyphy/ptII/ptolemy/domains/sdf/test/auto/LogisticMap.xml
438 ms. Memory: 874496K Free: 804897K (92%)
----------------- Invoking toplevel() on ptolemy.moml.MoMLSimpleApplication@58fcc3ef
----------------- Done invoking toplevel() on ptolemy.moml.MoMLSimpleApplication@58fcc3ef
reloadAllAccessors: .LogisticMap
----------------- testing Fri May 11 21:07:29 UTC 2018 /home/travis/build/icyphy/ptII/ptolemy/domains/sdf/test/auto/MaximumEntropySpectrum.xml
----------------- Instantiating /home/travis/build/icyphy/ptII/ptolemy/domains/sdf/test/auto/MaximumEntropySpectrum.xml
49 ms. Memory: 874496K Free: 726232K (83%)
----------------- Invoking toplevel() on ptolemy.moml.MoMLSimpleApplication@1defd73e
----------------- Done invoking toplevel() on ptolemy.moml.MoMLSimpleApplication@1defd73e
reloadAllAccessors: .MaximumEntropySpectrum
----------------- testing Fri May 11 21:07:29 UTC 2018 /home/travis/build/icyphy/ptII/ptolemy/domains/sdf/test/auto/MultirateSDF.xml
----------------- Instantiating /home/travis/build/icyphy/ptII/ptolemy/domains/sdf/test/auto/MultirateSDF.xml
22 ms. Memory: 874496K Free: 702655K (80%)
----------------- Invoking toplevel() on ptolemy.moml.MoMLSimpleApplication@2c569ad
----------------- Done invoking toplevel() on ptolemy.moml.MoMLSimpleApplication@2c569ad
reloadAllAccessors: .MultirateSDF
----------------- testing Fri May 11 21:07:29 UTC 2018 /home/travis/build/icyphy/ptII/ptolemy/domains/sdf/test/auto/MultirateSDFwithTransientStates.xml
----------------- Instantiating /home/travis/build/icyphy/ptII/ptolemy/domains/sdf/test/auto/MultirateSDFwithTransientStates.xml
17 ms. Memory: 874496K Free: 679061K (78%)
----------------- Invoking toplevel() on ptolemy.moml.MoMLSimpleApplication@6010d79d
----------------- Done invoking toplevel() on ptolemy.moml.MoMLSimpleApplication@6010d79d
reloadAllAccessors: .MultirateSDFwithTransientStates
----------------- testing Fri May 11 21:07:29 UTC 2018 /home/travis/build/icyphy/ptII/ptolemy/domains/sdf/test/auto/NoisySinewave.xml
----------------- Instantiating /home/travis/build/icyphy/ptII/ptolemy/domains/sdf/test/auto/NoisySinewave.xml
16 ms. Memory: 874496K Free: 655467K (75%)
----------------- Invoking toplevel() on ptolemy.moml.MoMLSimpleApplication@78dd5c80
----------------- Done invoking toplevel() on ptolemy.moml.MoMLSimpleApplication@78dd5c80
reloadAllAccessors: .NoisySinewave
----------------- testing Fri May 11 21:07:29 UTC 2018 /home/travis/build/icyphy/ptII/ptolemy/domains/sdf/test/auto/Objects.xml
----------------- Instantiating /home/travis/build/icyphy/ptII/ptolemy/domains/sdf/test/auto/Objects.xml
3 ms. Memory: 874496K Free: 631882K (72%)
----------------- Invoking toplevel() on ptolemy.moml.MoMLSimpleApplication@197fa5ed
----------------- Done invoking toplevel() on ptolemy.moml.MoMLSimpleApplication@197fa5ed
reloadAllAccessors: .Objects
----------------- testing Fri May 11 21:07:29 UTC 2018 /home/travis/build/icyphy/ptII/ptolemy/domains/sdf/test/auto/OrthogonalCom.xml
----------------- Instantiating /home/travis/build/icyphy/ptII/ptolemy/domains/sdf/test/auto/OrthogonalCom.xml
7 ms. Memory: 874496K Free: 616163K (70%)
----------------- Invoking toplevel() on ptolemy.moml.MoMLSimpleApplication@98fbb6f
----------------- Done invoking toplevel() on ptolemy.moml.MoMLSimpleApplication@98fbb6f
reloadAllAccessors: .OrthogonalCom
----------------- testing Fri May 11 21:07:29 UTC 2018 /home/travis/build/icyphy/ptII/ptolemy/domains/sdf/test/auto/RijndaelEncryption.xml
----------------- Instantiating /home/travis/build/icyphy/ptII/ptolemy/domains/sdf/test/auto/RijndaelEncryption.xml
274 ms. Memory: 874496K Free: 458874K (52%)
----------------- Invoking toplevel() on ptolemy.moml.MoMLSimpleApplication@714aac6e
----------------- Done invoking toplevel() on ptolemy.moml.MoMLSimpleApplication@714aac6e
reloadAllAccessors: .RijndaelEncryption
----------------- testing Fri May 11 21:07:30 UTC 2018 /home/travis/build/icyphy/ptII/ptolemy/domains/sdf/test/auto/SDFEmptyIterations.xml
----------------- Instantiating /home/travis/build/icyphy/ptII/ptolemy/domains/sdf/test/auto/SDFEmptyIterations.xml
5 ms. Memory: 874496K Free: 440038K (50%)
----------------- Invoking toplevel() on ptolemy.moml.MoMLSimpleApplication@49817683
----------------- Done invoking toplevel() on ptolemy.moml.MoMLSimpleApplication@49817683
reloadAllAccessors: .SDFEmptyIterations
----------------- testing Fri May 11 21:07:30 UTC 2018 /home/travis/build/icyphy/ptII/ptolemy/domains/sdf/test/auto/Spectrum.xml
----------------- Instantiating /home/travis/build/icyphy/ptII/ptolemy/domains/sdf/test/auto/Spectrum.xml
27 ms. Memory: 874496K Free: 416444K (48%)
----------------- Invoking toplevel() on ptolemy.moml.MoMLSimpleApplication@14ed3600
----------------- Done invoking toplevel() on ptolemy.moml.MoMLSimpleApplication@14ed3600
reloadAllAccessors: .Spectrum
----------------- testing Fri May 11 21:07:30 UTC 2018 /home/travis/build/icyphy/ptII/ptolemy/domains/sdf/test/auto/de_inside_sdf.xml
----------------- Instantiating /home/travis/build/icyphy/ptII/ptolemy/domains/sdf/test/auto/de_inside_sdf.xml
7 ms. Memory: 874496K Free: 400726K (46%)
----------------- Invoking toplevel() on ptolemy.moml.MoMLSimpleApplication@59e56764
----------------- Done invoking toplevel() on ptolemy.moml.MoMLSimpleApplication@59e56764
reloadAllAccessors: .de_inside_sdf
----------------- testing Fri May 11 21:07:30 UTC 2018 /home/travis/build/icyphy/ptII/ptolemy/domains/sdf/test/auto/disconnectedHierarchicalSDF.xml
----------------- Instantiating /home/travis/build/icyphy/ptII/ptolemy/domains/sdf/test/auto/disconnectedHierarchicalSDF.xml
4 ms. Memory: 874496K Free: 385007K (44%)
----------------- Invoking toplevel() on ptolemy.moml.MoMLSimpleApplication@1147fbea
----------------- Done invoking toplevel() on ptolemy.moml.MoMLSimpleApplication@1147fbea
reloadAllAccessors: .disconnectedHierarchicalSDF
----------------- testing Fri May 11 21:07:30 UTC 2018 /home/travis/build/icyphy/ptII/ptolemy/domains/sdf/test/auto/disconnectedSDF.xml
----------------- Instantiating /home/travis/build/icyphy/ptII/ptolemy/domains/sdf/test/auto/disconnectedSDF.xml
3 ms. Memory: 874496K Free: 369289K (42%)
----------------- Invoking toplevel() on ptolemy.moml.MoMLSimpleApplication@126d02b4
----------------- Done invoking toplevel() on ptolemy.moml.MoMLSimpleApplication@126d02b4
reloadAllAccessors: .disconnectedSDF
----------------- testing Fri May 11 21:07:30 UTC 2018 /home/travis/build/icyphy/ptII/ptolemy/domains/sdf/test/auto/emptyRefinement.xml
----------------- Instantiating /home/travis/build/icyphy/ptII/ptolemy/domains/sdf/test/auto/emptyRefinement.xml
3 ms. Memory: 874496K Free: 353570K (40%)
----------------- Invoking toplevel() on ptolemy.moml.MoMLSimpleApplication@10df61c0
----------------- Done invoking toplevel() on ptolemy.moml.MoMLSimpleApplication@10df61c0
reloadAllAccessors: .emptyRefinement
----------------- testing Fri May 11 21:07:30 UTC 2018 /home/travis/build/icyphy/ptII/ptolemy/domains/sdf/test/auto/filePortParameter.xml
----------------- Instantiating /home/travis/build/icyphy/ptII/ptolemy/domains/sdf/test/auto/filePortParameter.xml
16 ms. Memory: 874496K Free: 337852K (39%)
----------------- Invoking toplevel() on ptolemy.moml.MoMLSimpleApplication@54d5fc87
----------------- Done invoking toplevel() on ptolemy.moml.MoMLSimpleApplication@54d5fc87
reloadAllAccessors: .filePortParameter
----------------- testing Fri May 11 21:07:30 UTC 2018 /home/travis/build/icyphy/ptII/ptolemy/domains/sdf/test/auto/inferRelationWidth1.xml
----------------- Instantiating /home/travis/build/icyphy/ptII/ptolemy/domains/sdf/test/auto/inferRelationWidth1.xml
3 ms. Memory: 874496K Free: 322133K (37%)
----------------- Invoking toplevel() on ptolemy.moml.MoMLSimpleApplication@273254cf
----------------- Done invoking toplevel() on ptolemy.moml.MoMLSimpleApplication@273254cf
reloadAllAccessors: .inferRelationWidth1
----------------- testing Fri May 11 21:07:30 UTC 2018 /home/travis/build/icyphy/ptII/ptolemy/domains/sdf/test/auto/initProductionInference.xml
----------------- Instantiating /home/travis/build/icyphy/ptII/ptolemy/domains/sdf/test/auto/initProductionInference.xml
8 ms. Memory: 874496K Free: 306415K (35%)
----------------- Invoking toplevel() on ptolemy.moml.MoMLSimpleApplication@1bec4fd1
----------------- Done invoking toplevel() on ptolemy.moml.MoMLSimpleApplication@1bec4fd1
reloadAllAccessors: .initProductionInference
----------------- testing Fri May 11 21:07:30 UTC 2018 /home/travis/build/icyphy/ptII/ptolemy/domains/sdf/test/auto/relationGroup.xml
----------------- Instantiating /home/travis/build/icyphy/ptII/ptolemy/domains/sdf/test/auto/relationGroup.xml
2 ms. Memory: 874496K Free: 287579K (33%)
----------------- Invoking toplevel() on ptolemy.moml.MoMLSimpleApplication@7853f3d4
----------------- Done invoking toplevel() on ptolemy.moml.MoMLSimpleApplication@7853f3d4
reloadAllAccessors: .relationGroup
----------------- testing Fri May 11 21:07:30 UTC 2018 /home/travis/build/icyphy/ptII/ptolemy/domains/sdf/test/auto/relationGroup10.xml
----------------- Instantiating /home/travis/build/icyphy/ptII/ptolemy/domains/sdf/test/auto/relationGroup10.xml
2 ms. Memory: 874496K Free: 271860K (31%)
----------------- Invoking toplevel() on ptolemy.moml.MoMLSimpleApplication@35ae0309
----------------- Done invoking toplevel() on ptolemy.moml.MoMLSimpleApplication@35ae0309
reloadAllAccessors: .relationGroup10
----------------- testing Fri May 11 21:07:30 UTC 2018 /home/travis/build/icyphy/ptII/ptolemy/domains/sdf/test/auto/relationGroup11.xml
----------------- Instantiating /home/travis/build/icyphy/ptII/ptolemy/domains/sdf/test/auto/relationGroup11.xml
2 ms. Memory: 874496K Free: 256142K (29%)
----------------- Invoking toplevel() on ptolemy.moml.MoMLSimpleApplication@2c75b0c
----------------- Done invoking toplevel() on ptolemy.moml.MoMLSimpleApplication@2c75b0c
reloadAllAccessors: .relationGroup11
----------------- testing Fri May 11 21:07:30 UTC 2018 /home/travis/build/icyphy/ptII/ptolemy/domains/sdf/test/auto/relationGroup12.xml
----------------- Instantiating /home/travis/build/icyphy/ptII/ptolemy/domains/sdf/test/auto/relationGroup12.xml
6 ms. Memory: 874496K Free: 240423K (27%)
----------------- Invoking toplevel() on ptolemy.moml.MoMLSimpleApplication@28727e59
----------------- Done invoking toplevel() on ptolemy.moml.MoMLSimpleApplication@28727e59
reloadAllAccessors: .relationGroup12
----------------- testing Fri May 11 21:07:30 UTC 2018 /home/travis/build/icyphy/ptII/ptolemy/domains/sdf/test/auto/relationGroup13.xml
----------------- Instantiating /home/travis/build/icyphy/ptII/ptolemy/domains/sdf/test/auto/relationGroup13.xml
6 ms. Memory: 874496K Free: 224705K (26%)
----------------- Invoking toplevel() on ptolemy.moml.MoMLSimpleApplication@3a7c9d2d
----------------- Done invoking toplevel() on ptolemy.moml.MoMLSimpleApplication@3a7c9d2d
reloadAllAccessors: .relationGroup13
----------------- testing Fri May 11 21:07:30 UTC 2018 /home/travis/build/icyphy/ptII/ptolemy/domains/sdf/test/auto/relationGroup14.xml
----------------- Instantiating /home/travis/build/icyphy/ptII/ptolemy/domains/sdf/test/auto/relationGroup14.xml
3 ms. Memory: 874496K Free: 208986K (24%)
----------------- Invoking toplevel() on ptolemy.moml.MoMLSimpleApplication@7a273c57
----------------- Done invoking toplevel() on ptolemy.moml.MoMLSimpleApplication@7a273c57
reloadAllAccessors: .relationGroup14
----------------- testing Fri May 11 21:07:30 UTC 2018 /home/travis/build/icyphy/ptII/ptolemy/domains/sdf/test/auto/relationGroup15.xml
----------------- Instantiating /home/travis/build/icyphy/ptII/ptolemy/domains/sdf/test/auto/relationGroup15.xml
1 ms. Memory: 874496K Free: 193268K (22%)
----------------- Invoking toplevel() on ptolemy.moml.MoMLSimpleApplication@2b2bbe69
----------------- Done invoking toplevel() on ptolemy.moml.MoMLSimpleApplication@2b2bbe69
reloadAllAccessors: .relationGroup15
----------------- testing Fri May 11 21:07:30 UTC 2018 /home/travis/build/icyphy/ptII/ptolemy/domains/sdf/test/auto/relationGroup2.xml
----------------- Instantiating /home/travis/build/icyphy/ptII/ptolemy/domains/sdf/test/auto/relationGroup2.xml
1 ms. Memory: 874496K Free: 177549K (20%)
----------------- Invoking toplevel() on ptolemy.moml.MoMLSimpleApplication@445ccf76
----------------- Done invoking toplevel() on ptolemy.moml.MoMLSimpleApplication@445ccf76
reloadAllAccessors: .relationGroup2
----------------- testing Fri May 11 21:07:30 UTC 2018 /home/travis/build/icyphy/ptII/ptolemy/domains/sdf/test/auto/relationGroup3.xml
----------------- Instantiating /home/travis/build/icyphy/ptII/ptolemy/domains/sdf/test/auto/relationGroup3.xml
1 ms. Memory: 874496K Free: 161831K (19%)
----------------- Invoking toplevel() on ptolemy.moml.MoMLSimpleApplication@7c8ba348
----------------- Done invoking toplevel() on ptolemy.moml.MoMLSimpleApplication@7c8ba348
reloadAllAccessors: .relationGroup3
----------------- testing Fri May 11 21:07:30 UTC 2018 /home/travis/build/icyphy/ptII/ptolemy/domains/sdf/test/auto/relationGroup4.xml
----------------- Instantiating /home/travis/build/icyphy/ptII/ptolemy/domains/sdf/test/auto/relationGroup4.xml
6 ms. Memory: 874496K Free: 142995K (16%)
----------------- Invoking toplevel() on ptolemy.moml.MoMLSimpleApplication@17184f98
----------------- Done invoking toplevel() on ptolemy.moml.MoMLSimpleApplication@17184f98
reloadAllAccessors: .relationGroup4
----------------- testing Fri May 11 21:07:30 UTC 2018 /home/travis/build/icyphy/ptII/ptolemy/domains/sdf/test/auto/relationGroup5.xml
----------------- Instantiating /home/travis/build/icyphy/ptII/ptolemy/domains/sdf/test/auto/relationGroup5.xml
3 ms. Memory: 874496K Free: 127276K (15%)
----------------- Invoking toplevel() on ptolemy.moml.MoMLSimpleApplication@4ecba6ff
----------------- Done invoking toplevel() on ptolemy.moml.MoMLSimpleApplication@4ecba6ff
reloadAllAccessors: .relationGroup5
----------------- testing Fri May 11 21:07:30 UTC 2018 /home/travis/build/icyphy/ptII/ptolemy/domains/sdf/test/auto/relationGroup6.xml
----------------- Instantiating /home/travis/build/icyphy/ptII/ptolemy/domains/sdf/test/auto/relationGroup6.xml
5 ms. Memory: 874496K Free: 111558K (13%)
----------------- Invoking toplevel() on ptolemy.moml.MoMLSimpleApplication@4287102e
----------------- Done invoking toplevel() on ptolemy.moml.MoMLSimpleApplication@4287102e
reloadAllAccessors: .relationGroup6
----------------- testing Fri May 11 21:07:30 UTC 2018 /home/travis/build/icyphy/ptII/ptolemy/domains/sdf/test/auto/relationGroup7.xml
----------------- Instantiating /home/travis/build/icyphy/ptII/ptolemy/domains/sdf/test/auto/relationGroup7.xml
1 ms. Memory: 874496K Free: 95839K (11%)
----------------- Invoking toplevel() on ptolemy.moml.MoMLSimpleApplication@65a1f79f
----------------- Done invoking toplevel() on ptolemy.moml.MoMLSimpleApplication@65a1f79f
reloadAllAccessors: .relationGroup7
----------------- testing Fri May 11 21:07:30 UTC 2018 /home/travis/build/icyphy/ptII/ptolemy/domains/sdf/test/auto/relationGroup8.xml
----------------- Instantiating /home/travis/build/icyphy/ptII/ptolemy/domains/sdf/test/auto/relationGroup8.xml
2 ms. Memory: 874496K Free: 80121K (9%)
----------------- Invoking toplevel() on ptolemy.moml.MoMLSimpleApplication@63a52414
----------------- Done invoking toplevel() on ptolemy.moml.MoMLSimpleApplication@63a52414
reloadAllAccessors: .relationGroup8
----------------- testing Fri May 11 21:07:30 UTC 2018 /home/travis/build/icyphy/ptII/ptolemy/domains/sdf/test/auto/relationGroup9.xml
----------------- Instantiating /home/travis/build/icyphy/ptII/ptolemy/domains/sdf/test/auto/relationGroup9.xml
3 ms. Memory: 830464K Free: 807230K (97%)
----------------- Invoking toplevel() on ptolemy.moml.MoMLSimpleApplication@38d9d7fa
----------------- Done invoking toplevel() on ptolemy.moml.MoMLSimpleApplication@38d9d7fa
reloadAllAccessors: .relationGroup9
----------------- testing Fri May 11 21:07:30 UTC 2018 /home/travis/build/icyphy/ptII/ptolemy/domains/sdf/test/auto/sdf_inside_de.xml
----------------- Instantiating /home/travis/build/icyphy/ptII/ptolemy/domains/sdf/test/auto/sdf_inside_de.xml
19 ms. Memory: 830464K Free: 782599K (94%)
----------------- Invoking toplevel() on ptolemy.moml.MoMLSimpleApplication@6343bd4d
----------------- Done invoking toplevel() on ptolemy.moml.MoMLSimpleApplication@6343bd4d
reloadAllAccessors: .sdf_inside_de
----------------- testing Fri May 11 21:07:30 UTC 2018 /home/travis/build/icyphy/ptII/ptolemy/domains/sdf/test/auto/sdf_inside_pn.xml
----------------- Instantiating /home/travis/build/icyphy/ptII/ptolemy/domains/sdf/test/auto/sdf_inside_pn.xml
39 ms. Memory: 830464K Free: 730201K (88%)
----------------- Invoking toplevel() on ptolemy.moml.MoMLSimpleApplication@1c43ba7c
----------------- Done invoking toplevel() on ptolemy.moml.MoMLSimpleApplication@1c43ba7c
reloadAllAccessors: .sdf_inside_pn
----------------- testing Fri May 11 21:07:30 UTC 2018 /home/travis/build/icyphy/ptII/ptolemy/domains/sdf/test/auto/sdf_sdf1.xml
----------------- Instantiating /home/travis/build/icyphy/ptII/ptolemy/domains/sdf/test/auto/sdf_sdf1.xml
4 ms. Memory: 830464K Free: 715230K (86%)
----------------- Invoking toplevel() on ptolemy.moml.MoMLSimpleApplication@290bbf78
----------------- Done invoking toplevel() on ptolemy.moml.MoMLSimpleApplication@290bbf78
reloadAllAccessors: .sdf_sdf1
----------------- testing Fri May 11 21:07:30 UTC 2018 /home/travis/build/icyphy/ptII/ptolemy/domains/sdf/test/auto/test1.xml
----------------- Instantiating /home/travis/build/icyphy/ptII/ptolemy/domains/sdf/test/auto/test1.xml
6 ms. Memory: 830464K Free: 700259K (84%)
----------------- Invoking toplevel() on ptolemy.moml.MoMLSimpleApplication@36436c85
----------------- Done invoking toplevel() on ptolemy.moml.MoMLSimpleApplication@36436c85
reloadAllAccessors: .test1
----------------- testing Fri May 11 21:07:30 UTC 2018 /home/travis/build/icyphy/ptII/ptolemy/domains/sdf/test/auto/time1.xml
----------------- Instantiating /home/travis/build/icyphy/ptII/ptolemy/domains/sdf/test/auto/time1.xml
2 ms. Memory: 830464K Free: 685288K (83%)
----------------- Invoking toplevel() on ptolemy.moml.MoMLSimpleApplication@5607f0ca
----------------- Done invoking toplevel() on ptolemy.moml.MoMLSimpleApplication@5607f0ca
reloadAllAccessors: .time1
----------------- testing Fri May 11 21:07:30 UTC 2018 /home/travis/build/icyphy/ptII/ptolemy/domains/sdf/test/auto/time2.xml
----------------- Instantiating /home/travis/build/icyphy/ptII/ptolemy/domains/sdf/test/auto/time2.xml
3 ms. Memory: 830464K Free: 668314K (80%)
----------------- Invoking toplevel() on ptolemy.moml.MoMLSimpleApplication@7cf0a95e
----------------- Done invoking toplevel() on ptolemy.moml.MoMLSimpleApplication@7cf0a95e
reloadAllAccessors: .time2
----------------- testing Fri May 11 21:07:30 UTC 2018 /home/travis/build/icyphy/ptII/ptolemy/domains/sdf/test/auto/time3.xml
----------------- Instantiating /home/travis/build/icyphy/ptII/ptolemy/domains/sdf/test/auto/time3.xml
7 ms. Memory: 830464K Free: 653343K (79%)
----------------- Invoking toplevel() on ptolemy.moml.MoMLSimpleApplication@4a5c3fc1
----------------- Done invoking toplevel() on ptolemy.moml.MoMLSimpleApplication@4a5c3fc1
reloadAllAccessors: .time3
----------------- testing Fri May 11 21:07:30 UTC 2018 /home/travis/build/icyphy/ptII/ptolemy/domains/sdf/test/auto/time4.xml
----------------- Instantiating /home/travis/build/icyphy/ptII/ptolemy/domains/sdf/test/auto/time4.xml
5 ms. Memory: 830464K Free: 638372K (77%)
----------------- Invoking toplevel() on ptolemy.moml.MoMLSimpleApplication@7107dffb
----------------- Done invoking toplevel() on ptolemy.moml.MoMLSimpleApplication@7107dffb
reloadAllAccessors: .time4
----------------- testing Fri May 11 21:07:30 UTC 2018 /home/travis/build/icyphy/ptII/ptolemy/domains/sdf/test/auto/time5.xml
----------------- Instantiating /home/travis/build/icyphy/ptII/ptolemy/domains/sdf/test/auto/time5.xml
4002 ms. Memory: 830464K Free: 623401K (75%)
----------------- Invoking toplevel() on ptolemy.moml.MoMLSimpleApplication@32c03e5f
----------------- Done invoking toplevel() on ptolemy.moml.MoMLSimpleApplication@32c03e5f
reloadAllAccessors: .time5
----------------- testing Fri May 11 21:07:34 UTC 2018 /home/travis/build/icyphy/ptII/ptolemy/domains/sdf/test/auto/typeSystem_Const_Integer_smallest_Type.xml
----------------- Instantiating /home/travis/build/icyphy/ptII/ptolemy/domains/sdf/test/auto/typeSystem_Const_Integer_smallest_Type.xml
5 ms. Memory: 830464K Free: 608430K (73%)
----------------- Invoking toplevel() on ptolemy.moml.MoMLSimpleApplication@5fafd3a8
----------------- Done invoking toplevel() on ptolemy.moml.MoMLSimpleApplication@5fafd3a8
reloadAllAccessors: .typeSystem_Const_Integer_smallest_Type
----------------- testing Fri May 11 21:07:34 UTC 2018 /home/travis/build/icyphy/ptII/ptolemy/domains/sdf/test/auto/typeSystem_declared_Inports_OutportTypeException.xml
----------------- Instantiating /home/travis/build/icyphy/ptII/ptolemy/domains/sdf/test/auto/typeSystem_declared_Inports_OutportTypeException.xml
.typeSystem_declared_Inports_OutportTypeException.TestExceptionAttribute: initialize() was not invoked, but wrapup() was.  This is unusual, but not always a problem.  For example, exporting JNLP will do this.
2 ms. Memory: 830464K Free: 591456K (71%)
----------------- Invoking toplevel() on ptolemy.moml.MoMLSimpleApplication@1170bcb5
----------------- Done invoking toplevel() on ptolemy.moml.MoMLSimpleApplication@1170bcb5
reloadAllAccessors: .typeSystem_declared_Inports_OutportTypeException
----------------- testing Fri May 11 21:07:34 UTC 2018 /home/travis/build/icyphy/ptII/ptolemy/domains/sdf/test/auto/typeSystem_oneDeclaredInportType_wrongTypeOutport.xml
----------------- Instantiating /home/travis/build/icyphy/ptII/ptolemy/domains/sdf/test/auto/typeSystem_oneDeclaredInportType_wrongTypeOutport.xml
8 ms. Memory: 830464K Free: 576485K (69%)
----------------- Invoking toplevel() on ptolemy.moml.MoMLSimpleApplication@5cde041a
----------------- Done invoking toplevel() on ptolemy.moml.MoMLSimpleApplication@5cde041a
reloadAllAccessors: .typeSystem_oneDeclaredInportType_wrongTypeOutport
----------------- testing Fri May 11 21:07:35 UTC 2018 /home/travis/build/icyphy/ptII/ptolemy/domains/sdf/test/auto/width.xml
----------------- Instantiating /home/travis/build/icyphy/ptII/ptolemy/domains/sdf/test/auto/width.xml
2 ms. Memory: 830464K Free: 561514K (68%)
----------------- Invoking toplevel() on ptolemy.moml.MoMLSimpleApplication@27f6e1db
----------------- Done invoking toplevel() on ptolemy.moml.MoMLSimpleApplication@27f6e1db
reloadAllAccessors: .width
----------------- testing Fri May 11 21:07:35 UTC 2018 /home/travis/build/icyphy/ptII/ptolemy/domains/sdf/test/auto/width2.xml
----------------- Instantiating /home/travis/build/icyphy/ptII/ptolemy/domains/sdf/test/auto/width2.xml
25 ms. Memory: 830464K Free: 546543K (66%)
----------------- Invoking toplevel() on ptolemy.moml.MoMLSimpleApplication@6ef54d57
----------------- Done invoking toplevel() on ptolemy.moml.MoMLSimpleApplication@6ef54d57
reloadAllAccessors: .width2
----------------- testing Fri May 11 21:07:35 UTC 2018 /home/travis/build/icyphy/ptII/ptolemy/domains/sdf/test/auto/width3.xml
----------------- Instantiating /home/travis/build/icyphy/ptII/ptolemy/domains/sdf/test/auto/width3.xml
25 ms. Memory: 830464K Free: 531572K (64%)
----------------- Invoking toplevel() on ptolemy.moml.MoMLSimpleApplication@16072d96
----------------- Done invoking toplevel() on ptolemy.moml.MoMLSimpleApplication@16072d96
reloadAllAccessors: .width3
AutoTests.java: About to close Vertx.
AutoTests.java: Vertx closed.
]]></system-out>
  <system-err><![CDATA[java.lang.RuntimeException: Execution failed
	at ptolemy.moml.MoMLSimpleApplication$UnloadThread.run(MoMLSimpleApplication.java:402)
Caused by: ptolemy.actor.sched.NotSchedulableException: No solution exists for the balance equations.
Graph is not consistent under the SDF domain detected on external port .rateConsistency.actor.port2
  in .rateConsistency.SDF Director.Scheduler
	at ptolemy.domains.sdf.kernel.SDFScheduler._propagatePort(SDFScheduler.java:1425)
	at ptolemy.domains.sdf.kernel.SDFScheduler._solveBalanceEquations(SDFScheduler.java:710)
	at ptolemy.domains.sdf.kernel.SDFScheduler._getSchedule(SDFScheduler.java:566)
	at ptolemy.actor.sched.Scheduler.getSchedule(Scheduler.java:189)
	at ptolemy.domains.sdf.kernel.SDFDirector.createSchedule(SDFDirector.java:408)
	at ptolemy.domains.sdf.kernel.SDFDirector.preinitialize(SDFDirector.java:764)
	at ptolemy.actor.CompositeActor.preinitialize(CompositeActor.java:1828)
	at ptolemy.actor.Manager.preinitializeAndResolveTypes(Manager.java:1040)
	at ptolemy.actor.Manager.initialize(Manager.java:710)
	at ptolemy.actor.Manager.execute(Manager.java:356)
	at ptolemy.actor.Manager.run(Manager.java:1263)
	at ptolemy.actor.Manager$PtolemyRunThread.run(Manager.java:1915)
java.lang.RuntimeException: Execution failed
	at ptolemy.moml.MoMLSimpleApplication$UnloadThread.run(MoMLSimpleApplication.java:402)
Caused by: ptolemy.kernel.util.IllegalActionException: Failed to compute schedule:
  in .badRateChanges.typed composite actor.SDF Director
Because:
The SDF rate parameter may change. This is not allowed in SDF models that will be run through the code generator.  If you don't care about code generation, then you might consider setting the allowRateChanges parameter of the SDF director to false.
  in .badRateChanges.typed composite actor.Repeat.output.tokenProductionRate
	at ptolemy.domains.sdf.kernel.SDFDirector.createSchedule(SDFDirector.java:418)
	at ptolemy.domains.sdf.kernel.SDFDirector.preinitialize(SDFDirector.java:764)
	at ptolemy.actor.CompositeActor.preinitialize(CompositeActor.java:1828)
	at ptolemy.actor.Director.preinitialize(Director.java:1302)
	at ptolemy.actor.Director.preinitialize(Director.java:1257)
	at ptolemy.domains.sdf.kernel.SDFDirector.preinitialize(SDFDirector.java:763)
	at ptolemy.actor.CompositeActor.preinitialize(CompositeActor.java:1828)
	at ptolemy.actor.Manager.preinitializeAndResolveTypes(Manager.java:1040)
	at ptolemy.actor.Manager.initialize(Manager.java:710)
	at ptolemy.actor.Manager.execute(Manager.java:356)
	at ptolemy.actor.Manager.run(Manager.java:1263)
	at ptolemy.actor.Manager$PtolemyRunThread.run(Manager.java:1915)
Caused by: ptolemy.kernel.util.IllegalActionException: The SDF rate parameter may change. This is not allowed in SDF models that will be run through the code generator.  If you don't care about code generation, then you might consider setting the allowRateChanges parameter of the SDF director to false.
  in .badRateChanges.typed composite actor.Repeat.output.tokenProductionRate
	at ptolemy.domains.sdf.kernel.SDFScheduler._assertDynamicRateVariable(SDFScheduler.java:931)
	at ptolemy.domains.sdf.kernel.SDFScheduler._checkDynamicRateVariables(SDFScheduler.java:339)
	at ptolemy.domains.sdf.kernel.SDFScheduler._getSchedule(SDFScheduler.java:527)
	at ptolemy.actor.sched.Scheduler.getSchedule(Scheduler.java:189)
	at ptolemy.domains.sdf.kernel.SDFDirector.createSchedule(SDFDirector.java:408)
	... 11 more
java.lang.RuntimeException: Execution failed
	at ptolemy.moml.MoMLSimpleApplication$UnloadThread.run(MoMLSimpleApplication.java:402)
Caused by: ptolemy.kernel.util.IllegalActionException: Failed to compute schedule:
  in .badRateChanges2.typed composite actor.SDF Director
Because:
The SDF rate parameter may change. This is not allowed in SDF models that will be run through the code generator.  If you don't care about code generation, then you might consider setting the allowRateChanges parameter of the SDF director to false.
  in .badRateChanges2.typed composite actor.Repeat.output.tokenProductionRate
	at ptolemy.domains.sdf.kernel.SDFDirector.createSchedule(SDFDirector.java:418)
	at ptolemy.domains.sdf.kernel.SDFDirector.preinitialize(SDFDirector.java:764)
	at ptolemy.actor.CompositeActor.preinitialize(CompositeActor.java:1828)
	at ptolemy.actor.Director.preinitialize(Director.java:1302)
	at ptolemy.actor.Director.preinitialize(Director.java:1257)
	at ptolemy.domains.sdf.kernel.SDFDirector.preinitialize(SDFDirector.java:763)
	at ptolemy.actor.CompositeActor.preinitialize(CompositeActor.java:1828)
	at ptolemy.actor.Manager.preinitializeAndResolveTypes(Manager.java:1040)
	at ptolemy.actor.Manager.initialize(Manager.java:710)
	at ptolemy.actor.Manager.execute(Manager.java:356)
	at ptolemy.actor.Manager.run(Manager.java:1263)
	at ptolemy.actor.Manager$PtolemyRunThread.run(Manager.java:1915)
Caused by: ptolemy.kernel.util.IllegalActionException: The SDF rate parameter may change. This is not allowed in SDF models that will be run through the code generator.  If you don't care about code generation, then you might consider setting the allowRateChanges parameter of the SDF director to false.
  in .badRateChanges2.typed composite actor.Repeat.output.tokenProductionRate
	at ptolemy.domains.sdf.kernel.SDFScheduler._assertDynamicRateVariable(SDFScheduler.java:931)
	at ptolemy.domains.sdf.kernel.SDFScheduler._checkDynamicRateVariables(SDFScheduler.java:339)
	at ptolemy.domains.sdf.kernel.SDFScheduler._getSchedule(SDFScheduler.java:527)
	at ptolemy.actor.sched.Scheduler.getSchedule(Scheduler.java:189)
	at ptolemy.domains.sdf.kernel.SDFDirector.createSchedule(SDFDirector.java:408)
	... 11 more
java.lang.RuntimeException: Execution failed
	at ptolemy.moml.MoMLSimpleApplication$UnloadThread.run(MoMLSimpleApplication.java:402)
Caused by: ptolemy.actor.sched.NotSchedulableException: Actors remain that cannot be scheduled!

There are several possible reasons:
* SDF Graphs with feedback loops should have an actor with a delay in the loop, such as a SampleDelay.
* The SDF director has an "allowDisconnectedGraphs"parameter, which, when true, permits disconnected SDF graphs.
* The token consumption rate and production rates might be mismatched.
Usually, actors produce one token or consume one token on a port.  To produce or consume multiple tokens per firing, add a "tokenConsumptionRate" or "tokenProductionRate" parameter to the appropriate port.
Unscheduled actors:
.partiallyConnected.Const2 
Scheduled actors:
.partiallyConnected.Const 
  in .partiallyConnected.SDF Director.Scheduler
	at ptolemy.domains.sdf.kernel.SDFScheduler._scheduleConnectedActors(SDFScheduler.java:1828)
	at ptolemy.domains.sdf.kernel.SDFScheduler._getSchedule(SDFScheduler.java:587)
	at ptolemy.actor.sched.Scheduler.getSchedule(Scheduler.java:189)
	at ptolemy.domains.sdf.kernel.SDFDirector.createSchedule(SDFDirector.java:408)
	at ptolemy.domains.sdf.kernel.SDFDirector.preinitialize(SDFDirector.java:764)
	at ptolemy.actor.CompositeActor.preinitialize(CompositeActor.java:1828)
	at ptolemy.actor.Manager.preinitializeAndResolveTypes(Manager.java:1040)
	at ptolemy.actor.Manager.initialize(Manager.java:710)
	at ptolemy.actor.Manager.execute(Manager.java:356)
	at ptolemy.actor.Manager.run(Manager.java:1263)
	at ptolemy.actor.Manager$PtolemyRunThread.run(Manager.java:1915)
]]></system-err>
</testsuite>
