<?xml version="1.0" encoding="UTF-8" ?>
<testsuite errors="0" failures="0" hostname="travis-job-45c587b4-d148-48bd-864b-c77f76b4d71e" name="ptolemy.domains.de.test.junit.JUnitTclTest" skipped="0" tests="101" time="152.299" timestamp="2018-05-02T12:38:58">
  <properties>
[...]
</properties>
  <testcase classname="ptolemy.util.test.junit.TclTests" name="[0] /home/travis/build/icyphy/ptII/ptolemy/domains/de/test/DependencyLoop.tcl (RunTclFile)" time="0.891" />
  <testcase classname="ptolemy.util.test.junit.TclTests" name="[1] /home/travis/build/icyphy/ptII/ptolemy/domains/de/test/RunDETestsAsQSS.tcl (RunTclFile)" time="104.553" />
  <testcase classname="ptolemy.util.test.junit.AutoKnownFailedTests" name="[0] /home/travis/build/icyphy/ptII/ptolemy/domains/de/test/auto/knownFailedTests/DESDFClockTest.xml (RunModel)" time="2.033" />
  <testcase classname="ptolemy.util.test.junit.AutoKnownFailedTests" name="[1] /home/travis/build/icyphy/ptII/ptolemy/domains/de/test/auto/knownFailedTests/DirectFeedback.xml (RunModel)" time="0.012" />
  <testcase classname="ptolemy.util.test.junit.AutoKnownFailedTests" name="[2] /home/travis/build/icyphy/ptII/ptolemy/domains/de/test/auto/knownFailedTests/FSMSource.xml (RunModel)" time="0.018" />
  <testcase classname="ptolemy.util.test.junit.AutoKnownFailedTests" name="[3] /home/travis/build/icyphy/ptII/ptolemy/domains/de/test/auto/knownFailedTests/HierarchicalModel.xml (RunModel)" time="0.032" />
  <testcase classname="ptolemy.util.test.junit.AutoKnownFailedTests" name="[4] /home/travis/build/icyphy/ptII/ptolemy/domains/de/test/auto/knownFailedTests/dependencyLoop.xml (RunModel)" time="0.035" />
  <testcase classname="ptolemy.util.test.junit.AutoKnownFailedTests" name="[5] /home/travis/build/icyphy/ptII/ptolemy/domains/de/test/auto/knownFailedTests/dependencyLoop2.xml (RunModel)" time="0.043" />
  <testcase classname="ptolemy.util.test.junit.AutoNameArchTests" name="[0] ThereAreNoAutoTests (RunModel)" time="0.0" />
  <testcase classname="ptolemy.util.test.junit.AutoTests" name="[0] /home/travis/build/icyphy/ptII/ptolemy/domains/de/test/auto/ActorDepthCalculation_actorWithoutPorts.xml (RunModel)" time="0.013" />
  <testcase classname="ptolemy.util.test.junit.AutoTests" name="[1] /home/travis/build/icyphy/ptII/ptolemy/domains/de/test/auto/AssemblyLine.xml (RunModel)" time="0.02" />
  <testcase classname="ptolemy.util.test.junit.AutoTests" name="[2] /home/travis/build/icyphy/ptII/ptolemy/domains/de/test/auto/CQBug1.xml (RunModel)" time="0.012" />
  <testcase classname="ptolemy.util.test.junit.AutoTests" name="[3] /home/travis/build/icyphy/ptII/ptolemy/domains/de/test/auto/CancelFireAt.xml (RunModel)" time="0.007" />
  <testcase classname="ptolemy.util.test.junit.AutoTests" name="[4] /home/travis/build/icyphy/ptII/ptolemy/domains/de/test/auto/CausalityAndComposabilityAnalysis.xml (RunModel)" time="0.011" />
  <testcase classname="ptolemy.util.test.junit.AutoTests" name="[5] /home/travis/build/icyphy/ptII/ptolemy/domains/de/test/auto/CausalityInterface1.xml (RunModel)" time="0.012" />
  <testcase classname="ptolemy.util.test.junit.AutoTests" name="[6] /home/travis/build/icyphy/ptII/ptolemy/domains/de/test/auto/CausalityInterface15.xml (RunModel)" time="0.013" />
  <testcase classname="ptolemy.util.test.junit.AutoTests" name="[7] /home/travis/build/icyphy/ptII/ptolemy/domains/de/test/auto/CausalityInterface2.xml (RunModel)" time="0.01" />
  <testcase classname="ptolemy.util.test.junit.AutoTests" name="[8] /home/travis/build/icyphy/ptII/ptolemy/domains/de/test/auto/CausalityInterface3.xml (RunModel)" time="0.012" />
  <testcase classname="ptolemy.util.test.junit.AutoTests" name="[9] /home/travis/build/icyphy/ptII/ptolemy/domains/de/test/auto/ClockDrift.xml (RunModel)" time="0.035" />
  <testcase classname="ptolemy.util.test.junit.AutoTests" name="[10] /home/travis/build/icyphy/ptII/ptolemy/domains/de/test/auto/ClockDriftAndValueChange.xml (RunModel)" time="0.037" />
  <testcase classname="ptolemy.util.test.junit.AutoTests" name="[11] /home/travis/build/icyphy/ptII/ptolemy/domains/de/test/auto/ClockDriftChange.xml (RunModel)" time="0.029" />
  <testcase classname="ptolemy.util.test.junit.AutoTests" name="[12] /home/travis/build/icyphy/ptII/ptolemy/domains/de/test/auto/ComposableCausalityAnalysis.xml (RunModel)" time="0.016" />
  <testcase classname="ptolemy.util.test.junit.AutoTests" name="[13] /home/travis/build/icyphy/ptII/ptolemy/domains/de/test/auto/DEFixedPointLimitation.xml (RunModel)" time="0.009" />
  <testcase classname="ptolemy.util.test.junit.AutoTests" name="[14] /home/travis/build/icyphy/ptII/ptolemy/domains/de/test/auto/DEScheduleTest.xml (RunModel)" time="0.01" />
  <testcase classname="ptolemy.util.test.junit.AutoTests" name="[15] /home/travis/build/icyphy/ptII/ptolemy/domains/de/test/auto/DEinDEwithStartTimes.xml (RunModel)" time="0.012" />
  <testcase classname="ptolemy.util.test.junit.AutoTests" name="[16] /home/travis/build/icyphy/ptII/ptolemy/domains/de/test/auto/DEinDEwithStartTimes2.xml (RunModel)" time="0.019" />
  <testcase classname="ptolemy.util.test.junit.AutoTests" name="[17] /home/travis/build/icyphy/ptII/ptolemy/domains/de/test/auto/DateDemo.xml (RunModel)" time="0.03" />
  <testcase classname="ptolemy.util.test.junit.AutoTests" name="[18] /home/travis/build/icyphy/ptII/ptolemy/domains/de/test/auto/DateToEvent.xml (RunModel)" time="2.051" />
  <testcase classname="ptolemy.util.test.junit.AutoTests" name="[19] /home/travis/build/icyphy/ptII/ptolemy/domains/de/test/auto/DepthTest1.xml (RunModel)" time="0.01" />
  <testcase classname="ptolemy.util.test.junit.AutoTests" name="[20] /home/travis/build/icyphy/ptII/ptolemy/domains/de/test/auto/DepthTest2.xml (RunModel)" time="0.024" />
  <testcase classname="ptolemy.util.test.junit.AutoTests" name="[21] /home/travis/build/icyphy/ptII/ptolemy/domains/de/test/auto/DepthTest3.xml (RunModel)" time="0.009" />
  <testcase classname="ptolemy.util.test.junit.AutoTests" name="[22] /home/travis/build/icyphy/ptII/ptolemy/domains/de/test/auto/DepthTest4.xml (RunModel)" time="0.018" />
  <testcase classname="ptolemy.util.test.junit.AutoTests" name="[23] /home/travis/build/icyphy/ptII/ptolemy/domains/de/test/auto/DepthTest5.xml (RunModel)" time="0.021" />
  <testcase classname="ptolemy.util.test.junit.AutoTests" name="[24] /home/travis/build/icyphy/ptII/ptolemy/domains/de/test/auto/DepthTest6.xml (RunModel)" time="0.018" />
  <testcase classname="ptolemy.util.test.junit.AutoTests" name="[25] /home/travis/build/icyphy/ptII/ptolemy/domains/de/test/auto/DepthTest7.xml (RunModel)" time="0.017" />
  <testcase classname="ptolemy.util.test.junit.AutoTests" name="[26] /home/travis/build/icyphy/ptII/ptolemy/domains/de/test/auto/EventToDate.xml (RunModel)" time="3.052" />
  <testcase classname="ptolemy.util.test.junit.AutoTests" name="[27] /home/travis/build/icyphy/ptII/ptolemy/domains/de/test/auto/FSM1.xml (RunModel)" time="0.055" />
  <testcase classname="ptolemy.util.test.junit.AutoTests" name="[28] /home/travis/build/icyphy/ptII/ptolemy/domains/de/test/auto/FSM7.xml (RunModel)" time="0.044" />
  <testcase classname="ptolemy.util.test.junit.AutoTests" name="[29] /home/travis/build/icyphy/ptII/ptolemy/domains/de/test/auto/Inspection.xml (RunModel)" time="0.059" />
  <testcase classname="ptolemy.util.test.junit.AutoTests" name="[30] /home/travis/build/icyphy/ptII/ptolemy/domains/de/test/auto/Iteration.xml (RunModel)" time="0.027" />
  <testcase classname="ptolemy.util.test.junit.AutoTests" name="[31] /home/travis/build/icyphy/ptII/ptolemy/domains/de/test/auto/LineFault.xml (RunModel)" time="0.925" />
  <testcase classname="ptolemy.util.test.junit.AutoTests" name="[32] /home/travis/build/icyphy/ptII/ptolemy/domains/de/test/auto/MergeModel1Add.xml (RunModel)" time="0.067" />
  <testcase classname="ptolemy.util.test.junit.AutoTests" name="[33] /home/travis/build/icyphy/ptII/ptolemy/domains/de/test/auto/MergeModel2Add.xml (RunModel)" time="0.056" />
  <testcase classname="ptolemy.util.test.junit.AutoTests" name="[34] /home/travis/build/icyphy/ptII/ptolemy/domains/de/test/auto/MergeModel3Add.xml (RunModel)" time="0.061" />
  <testcase classname="ptolemy.util.test.junit.AutoTests" name="[35] /home/travis/build/icyphy/ptII/ptolemy/domains/de/test/auto/MergeWithoutDiscard.xml (RunModel)" time="0.014" />
  <testcase classname="ptolemy.util.test.junit.AutoTests" name="[36] /home/travis/build/icyphy/ptII/ptolemy/domains/de/test/auto/Modal1.xml (RunModel)" time="0.04" />
  <testcase classname="ptolemy.util.test.junit.AutoTests" name="[37] /home/travis/build/icyphy/ptII/ptolemy/domains/de/test/auto/Modal2.xml (RunModel)" time="0.049" />
  <testcase classname="ptolemy.util.test.junit.AutoTests" name="[38] /home/travis/build/icyphy/ptII/ptolemy/domains/de/test/auto/Modal3.xml (RunModel)" time="0.042" />
  <testcase classname="ptolemy.util.test.junit.AutoTests" name="[39] /home/travis/build/icyphy/ptII/ptolemy/domains/de/test/auto/Modal4.xml (RunModel)" time="0.043" />
  <testcase classname="ptolemy.util.test.junit.AutoTests" name="[40] /home/travis/build/icyphy/ptII/ptolemy/domains/de/test/auto/Modal5.xml (RunModel)" time="0.041" />
  <testcase classname="ptolemy.util.test.junit.AutoTests" name="[41] /home/travis/build/icyphy/ptII/ptolemy/domains/de/test/auto/Modal6.xml (RunModel)" time="0.046" />
  <testcase classname="ptolemy.util.test.junit.AutoTests" name="[42] /home/travis/build/icyphy/ptII/ptolemy/domains/de/test/auto/Modal7.xml (RunModel)" time="0.04" />
  <testcase classname="ptolemy.util.test.junit.AutoTests" name="[43] /home/travis/build/icyphy/ptII/ptolemy/domains/de/test/auto/ModalModel.xml (RunModel)" time="0.277" />
  <testcase classname="ptolemy.util.test.junit.AutoTests" name="[44] /home/travis/build/icyphy/ptII/ptolemy/domains/de/test/auto/ModalSource.xml (RunModel)" time="0.027" />
  <testcase classname="ptolemy.util.test.junit.AutoTests" name="[45] /home/travis/build/icyphy/ptII/ptolemy/domains/de/test/auto/NonInterruptibleTimerZeroDelay.xml (RunModel)" time="0.014" />
  <testcase classname="ptolemy.util.test.junit.AutoTests" name="[46] /home/travis/build/icyphy/ptII/ptolemy/domains/de/test/auto/OpenQueueingNetwork.xml (RunModel)" time="3.169" />
  <testcase classname="ptolemy.util.test.junit.AutoTests" name="[47] /home/travis/build/icyphy/ptII/ptolemy/domains/de/test/auto/OpenQueuingNetwork.xml (RunModel)" time="0.443" />
  <testcase classname="ptolemy.util.test.junit.AutoTests" name="[48] /home/travis/build/icyphy/ptII/ptolemy/domains/de/test/auto/PeriodicSampler.xml (RunModel)" time="0.012" />
  <testcase classname="ptolemy.util.test.junit.AutoTests" name="[49] /home/travis/build/icyphy/ptII/ptolemy/domains/de/test/auto/PersistentIO.xml (RunModel)" time="0.028" />
  <testcase classname="ptolemy.util.test.junit.AutoTests" name="[50] /home/travis/build/icyphy/ptII/ptolemy/domains/de/test/auto/PortParameterResetOnInitialize.xml (RunModel)" time="0.012" />
  <testcase classname="ptolemy.util.test.junit.AutoTests" name="[51] /home/travis/build/icyphy/ptII/ptolemy/domains/de/test/auto/PortParameterUpdates.xml (RunModel)" time="0.018" />
  <testcase classname="ptolemy.util.test.junit.AutoTests" name="[52] /home/travis/build/icyphy/ptII/ptolemy/domains/de/test/auto/QueueAndServer.xml (RunModel)" time="0.026" />
  <testcase classname="ptolemy.util.test.junit.AutoTests" name="[53] /home/travis/build/icyphy/ptII/ptolemy/domains/de/test/auto/Records.xml (RunModel)" time="0.018" />
  <testcase classname="ptolemy.util.test.junit.AutoTests" name="[54] /home/travis/build/icyphy/ptII/ptolemy/domains/de/test/auto/ResetTransitionWithStartTime1.xml (RunModel)" time="0.024" />
  <testcase classname="ptolemy.util.test.junit.AutoTests" name="[55] /home/travis/build/icyphy/ptII/ptolemy/domains/de/test/auto/ResetTransitionWithStartTime2.xml (RunModel)" time="0.023" />
  <testcase classname="ptolemy.util.test.junit.AutoTests" name="[56] /home/travis/build/icyphy/ptII/ptolemy/domains/de/test/auto/ResetTransitionWithStartTime3.xml (RunModel)" time="0.023" />
  <testcase classname="ptolemy.util.test.junit.AutoTests" name="[57] /home/travis/build/icyphy/ptII/ptolemy/domains/de/test/auto/ResetTransitionWithStartTime4.xml (RunModel)" time="0.024" />
  <testcase classname="ptolemy.util.test.junit.AutoTests" name="[58] /home/travis/build/icyphy/ptII/ptolemy/domains/de/test/auto/ResettableTimer1.xml (RunModel)" time="0.013" />
  <testcase classname="ptolemy.util.test.junit.AutoTests" name="[59] /home/travis/build/icyphy/ptII/ptolemy/domains/de/test/auto/ResettableTimer2.xml (RunModel)" time="0.013" />
  <testcase classname="ptolemy.util.test.junit.AutoTests" name="[60] /home/travis/build/icyphy/ptII/ptolemy/domains/de/test/auto/ResettableTimer3.xml (RunModel)" time="0.012" />
  <testcase classname="ptolemy.util.test.junit.AutoTests" name="[61] /home/travis/build/icyphy/ptII/ptolemy/domains/de/test/auto/ResettableTimer4.xml (RunModel)" time="0.012" />
  <testcase classname="ptolemy.util.test.junit.AutoTests" name="[62] /home/travis/build/icyphy/ptII/ptolemy/domains/de/test/auto/ResettableTimer5.xml (RunModel)" time="0.013" />
  <testcase classname="ptolemy.util.test.junit.AutoTests" name="[63] /home/travis/build/icyphy/ptII/ptolemy/domains/de/test/auto/ResettableTimer6.xml (RunModel)" time="0.018" />
  <testcase classname="ptolemy.util.test.junit.AutoTests" name="[64] /home/travis/build/icyphy/ptII/ptolemy/domains/de/test/auto/ServerZeroDelay.xml (RunModel)" time="0.013" />
  <testcase classname="ptolemy.util.test.junit.AutoTests" name="[65] /home/travis/build/icyphy/ptII/ptolemy/domains/de/test/auto/SmartSender.xml (RunModel)" time="3.012" />
  <testcase classname="ptolemy.util.test.junit.AutoTests" name="[66] /home/travis/build/icyphy/ptII/ptolemy/domains/de/test/auto/ThreadedComposite.xml (RunModel)" time="0.362" />
  <testcase classname="ptolemy.util.test.junit.AutoTests" name="[67] /home/travis/build/icyphy/ptII/ptolemy/domains/de/test/auto/Time.xml (RunModel)" time="0.528" />
  <testcase classname="ptolemy.util.test.junit.AutoTests" name="[68] /home/travis/build/icyphy/ptII/ptolemy/domains/de/test/auto/TimeDelayZeroDelay.xml (RunModel)" time="0.015" />
  <testcase classname="ptolemy.util.test.junit.AutoTests" name="[69] /home/travis/build/icyphy/ptII/ptolemy/domains/de/test/auto/TimerZeroDelay.xml (RunModel)" time="0.014" />
  <testcase classname="ptolemy.util.test.junit.AutoTests" name="[70] /home/travis/build/icyphy/ptII/ptolemy/domains/de/test/auto/TimingParadox.xml (RunModel)" time="0.509" />
  <testcase classname="ptolemy.util.test.junit.AutoTests" name="[71] /home/travis/build/icyphy/ptII/ptolemy/domains/de/test/auto/TransferInputs.xml (RunModel)" time="0.019" />
  <testcase classname="ptolemy.util.test.junit.AutoTests" name="[72] /home/travis/build/icyphy/ptII/ptolemy/domains/de/test/auto/TransferOutputs2.xml (RunModel)" time="0.021" />
  <testcase classname="ptolemy.util.test.junit.AutoTests" name="[73] /home/travis/build/icyphy/ptII/ptolemy/domains/de/test/auto/Trilateration.xml (RunModel)" time="15.281" />
  <testcase classname="ptolemy.util.test.junit.AutoTests" name="[74] /home/travis/build/icyphy/ptII/ptolemy/domains/de/test/auto/TwoSigmaDelta.xml (RunModel)" time="2.785" />
  <testcase classname="ptolemy.util.test.junit.AutoTests" name="[75] /home/travis/build/icyphy/ptII/ptolemy/domains/de/test/auto/VariableDelay.xml (RunModel)" time="0.014" />
  <testcase classname="ptolemy.util.test.junit.AutoTests" name="[76] /home/travis/build/icyphy/ptII/ptolemy/domains/de/test/auto/VariableDelay2.xml (RunModel)" time="0.012" />
  <testcase classname="ptolemy.util.test.junit.AutoTests" name="[77] /home/travis/build/icyphy/ptII/ptolemy/domains/de/test/auto/VariableDelayZeroDelay.xml (RunModel)" time="0.013" />
  <testcase classname="ptolemy.util.test.junit.AutoTests" name="[78] /home/travis/build/icyphy/ptII/ptolemy/domains/de/test/auto/VariableDelayZeroDelay2.xml (RunModel)" time="0.014" />
  <testcase classname="ptolemy.util.test.junit.AutoTests" name="[79] /home/travis/build/icyphy/ptII/ptolemy/domains/de/test/auto/deInCt.xml (RunModel)" time="0.024" />
  <testcase classname="ptolemy.util.test.junit.AutoTests" name="[80] /home/travis/build/icyphy/ptII/ptolemy/domains/de/test/auto/deInCt2.xml (RunModel)" time="0.022" />
  <testcase classname="ptolemy.util.test.junit.AutoTests" name="[81] /home/travis/build/icyphy/ptII/ptolemy/domains/de/test/auto/dynamicCausalityInterface1.xml (RunModel)" time="0.029" />
  <testcase classname="ptolemy.util.test.junit.AutoTests" name="[82] /home/travis/build/icyphy/ptII/ptolemy/domains/de/test/auto/fsm_de_test.xml (RunModel)" time="0.035" />
  <testcase classname="ptolemy.util.test.junit.AutoTests" name="[83] /home/travis/build/icyphy/ptII/ptolemy/domains/de/test/auto/functionDependencyReconstruction.xml (RunModel)" time="0.049" />
  <testcase classname="ptolemy.util.test.junit.AutoTests" name="[84] /home/travis/build/icyphy/ptII/ptolemy/domains/de/test/auto/multirate.xml (RunModel)" time="0.025" />
  <testcase classname="ptolemy.util.test.junit.AutoTests" name="[85] /home/travis/build/icyphy/ptII/ptolemy/domains/de/test/auto/multirate2.xml (RunModel)" time="0.022" />
  <testcase classname="ptolemy.util.test.junit.AutoTests" name="[86] /home/travis/build/icyphy/ptII/ptolemy/domains/de/test/auto/realtime.xml (RunModel)" time="10.014" />
  <testcase classname="ptolemy.util.test.junit.AutoTests" name="[87] /home/travis/build/icyphy/ptII/ptolemy/domains/de/test/auto/relationGroup.xml (RunModel)" time="0.012" />
  <testcase classname="ptolemy.util.test.junit.AutoTests" name="[88] /home/travis/build/icyphy/ptII/ptolemy/domains/de/test/auto/relationGroup2.xml (RunModel)" time="0.017" />
  <testcase classname="ptolemy.util.test.junit.AutoTests" name="[89] /home/travis/build/icyphy/ptII/ptolemy/domains/de/test/auto/sortWithOpaquePorts.xml (RunModel)" time="0.013" />
  <testcase classname="ptolemy.util.test.junit.AutoTests" name="[90] /home/travis/build/icyphy/ptII/ptolemy/domains/de/test/auto/transferInputsandOutputs.xml (RunModel)" time="0.024" />
  <testcase classname="ptolemy.util.test.junit.AutoTests" name="[91] /home/travis/build/icyphy/ptII/ptolemy/domains/de/test/auto/triggerType.xml (RunModel)" time="0.013" />
  <system-out><![CDATA[/home/travis/build/icyphy/ptII/ptolemy/domains/de/test/DependencyLoop.tcl
testDefs.tcl: setting time out to 9000 seconds at Wed May 02 12:38:58 UTC 2018
17 ms. Memory: 116224K Free: 95019K (82%)
15 ms. Memory: 116224K Free: 108049K (93%)
/home/travis/build/icyphy/ptII/ptolemy/domains/de/test/RunDETestsAsQSS.tcl
Run the DE tests using ptolemy.domains.qss.test.QSSDirectorTest, which extends QSSDirector and prints a message in the constructors.
------------------ testing $PTII/ptolemy/domains/de/test/auto/knownFailedTests/dependencyLoop.xml (Known Failure) 
15 ms. Memory: 116224K Free: 104890K (90%)


==== $PTIIhome/travis/build/icyphy/ptII/ptolemy/domains/de/test/../../../../: Auto Automatic test in file $PTII/ptolemy/domains/de/test/auto/knownFailedTests/dependencyLoop.xml
==== Contents of test case:

	    # FIXME: we should use $relativeFilename here, but it
	    # might have backslashes under Windows, which causes no end
	    # of trouble.
	    createAndExecute $file
	    list {}
	
.... Test generated KNOWN error:
    while executing
ptolemy.kernel.util.IllegalActionException: Found a zero delay loop containing .dependencyLoop.original
  in .dependencyLoop and .dependencyLoop.original
	at ptolemy.actor.util.CausalityInterfaceForComposites._computeOutputPortDepth(CausalityInterfaceForComposites.java:759)
	at ptolemy.actor.util.CausalityInterfaceForComposites._computeInputDepth(CausalityInterfaceForComposites.java:696)
	at ptolemy.actor.util.CausalityInterfaceForComposites._computeOutputPortDepth(CausalityInterfaceForComposites.java:765)
	at ptolemy.actor.util.CausalityInterfaceForComposites._computeInputDepth(CausalityInterfaceForComposites.java:696)
	at ptolemy.actor.util.CausalityInterfaceForComposites._computeOutputPortDepth(CausalityInterfaceForComposites.java:765)
	at ptolemy.actor.util.CausalityInterfaceForComposites._computeInputDepth(CausalityInterfaceForComposites.java:696)
	at ptolemy.actor.util.CausalityInterfaceForComposites._computeActorDepth(CausalityInterfaceForComposites.java:532)
	at ptolemy.actor.util.CausalityInterfaceForComposites.checkForCycles(CausalityInterfaceForComposites.java:96)
	at ptolemy.domains.de.kernel.DEDirector.preinitialize(DEDirector.java:1337)
	at ptolemy.actor.CompositeActor.preinitialize(CompositeActor.java:1828)
	at ptolemy.actor.Manager.preinitializeAndResolveTypes(Manager.java:1040)
	at ptolemy.actor.Manager.initialize(Manager.java:710)
	at ptolemy.actor.Manager.execute(Manager.java:356)
	at ptolemy.actor.Manager.run(Manager.java:1263)
	at ptolemy.actor.Manager$PtolemyRunThread.run(Manager.java:1915)

    while executing
ptolemy.kernel.util.IllegalActionException: Found a zero delay loop containing .dependencyLoop.original
  in .dependencyLoop and .dependencyLoop.original
    while executing
"java::new ptolemy.moml.MoMLSimpleApplication $file
"
    (procedure "createAndExecute" line 2)
    invoked from within
"createAndExecute $file"
    ("uplevel" body line 5)
    invoked from within
"uplevel $contents_of_test"
------------------ testing $PTII/ptolemy/domains/de/test/auto/knownFailedTests/DESDFClockTest.xml (Known Failure) 
2078 ms. Memory: 116224K Free: 90225K (78%)


==== $PTIIhome/travis/build/icyphy/ptII/ptolemy/domains/de/test/../../../../: Auto Automatic test in file $PTII/ptolemy/domains/de/test/auto/knownFailedTests/DESDFClockTest.xml
==== Contents of test case:

	    # FIXME: we should use $relativeFilename here, but it
	    # might have backslashes under Windows, which causes no end
	    # of trouble.
	    createAndExecute $file
	    list {}
	
.... Test generated KNOWN error:
    while executing
ptolemy.kernel.util.IllegalActionException: Actor is not ready to fire.  Perhaps UpSample.prefire() returned false? Try debugging the actor by selecting "Listen to Actor".  Also, for SDF check moml for tokenConsumptionRate on input.
  in .DESDFClockTest.Play Bell.Copy1:SDF Director and .DESDFClockTest.Play Bell.UpSample
	at ptolemy.actor.sched.StaticSchedulingDirector.fire(StaticSchedulingDirector.java:227)
	at ptolemy.domains.sdf.kernel.SDFDirector.fire(SDFDirector.java:500)
	at ptolemy.actor.CompositeActor.fire(CompositeActor.java:455)
	at ptolemy.domains.de.kernel.DEDirector._fire(DEDirector.java:1948)
	at ptolemy.domains.de.kernel.DEDirector.fire(DEDirector.java:502)
	at ptolemy.actor.CompositeActor.fire(CompositeActor.java:455)
	at ptolemy.actor.Manager.iterate(Manager.java:851)
	at ptolemy.actor.Manager.execute(Manager.java:369)
	at ptolemy.actor.Manager.run(Manager.java:1263)
	at ptolemy.actor.Manager$PtolemyRunThread.run(Manager.java:1915)

    while executing
ptolemy.kernel.util.IllegalActionException: Actor is not ready to fire.  Perhaps UpSample.prefire() returned false? Try debugging the actor by selecting "Listen to Actor".  Also, for SDF check moml for tokenConsumptionRate on input.
  in .DESDFClockTest.Play Bell.Copy1:SDF Director and .DESDFClockTest.Play Bell.UpSample
    while executing
"java::new ptolemy.moml.MoMLSimpleApplication $file
"
    (procedure "createAndExecute" line 2)
    invoked from within
"createAndExecute $file"
    ("uplevel" body line 5)
    invoked from within
"uplevel $contents_of_test"
------------------ testing $PTII/ptolemy/domains/de/test/auto/knownFailedTests/FSMSource.xml (Known Failure) 
80 ms. Memory: 116224K Free: 112208K (97%)
!!!! Auto was marked as failing, but now passes
------------------ testing $PTII/ptolemy/domains/de/test/auto/knownFailedTests/dependencyLoop2.xml (Known Failure) 
12 ms. Memory: 116224K Free: 94208K (81%)


==== $PTIIhome/travis/build/icyphy/ptII/ptolemy/domains/de/test/../../../../: Auto Automatic test in file $PTII/ptolemy/domains/de/test/auto/knownFailedTests/dependencyLoop2.xml
==== Contents of test case:

	    # FIXME: we should use $relativeFilename here, but it
	    # might have backslashes under Windows, which causes no end
	    # of trouble.
	    createAndExecute $file
	    list {}
	
.... Test generated KNOWN error:
    while executing
ptolemy.kernel.util.IllegalActionException: Found a zero delay loop containing .dependencyLoop2.original
  in .dependencyLoop2 and .dependencyLoop2.original
	at ptolemy.actor.util.CausalityInterfaceForComposites._computeOutputPortDepth(CausalityInterfaceForComposites.java:759)
	at ptolemy.actor.util.CausalityInterfaceForComposites._computeInputDepth(CausalityInterfaceForComposites.java:696)
	at ptolemy.actor.util.CausalityInterfaceForComposites._computeOutputPortDepth(CausalityInterfaceForComposites.java:765)
	at ptolemy.actor.util.CausalityInterfaceForComposites._computeInputDepth(CausalityInterfaceForComposites.java:696)
	at ptolemy.actor.util.CausalityInterfaceForComposites._computeOutputPortDepth(CausalityInterfaceForComposites.java:765)
	at ptolemy.actor.util.CausalityInterfaceForComposites._computeInputDepth(CausalityInterfaceForComposites.java:696)
	at ptolemy.actor.util.CausalityInterfaceForComposites._computeActorDepth(CausalityInterfaceForComposites.java:532)
	at ptolemy.actor.util.CausalityInterfaceForComposites.checkForCycles(CausalityInterfaceForComposites.java:96)
	at ptolemy.domains.de.kernel.DEDirector.preinitialize(DEDirector.java:1337)
	at ptolemy.actor.CompositeActor.preinitialize(CompositeActor.java:1828)
	at ptolemy.actor.Manager.preinitializeAndResolveTypes(Manager.java:1040)
	at ptolemy.actor.Manager.initialize(Manager.java:710)
	at ptolemy.actor.Manager.execute(Manager.java:356)
	at ptolemy.actor.Manager.run(Manager.java:1263)
	at ptolemy.actor.Manager$PtolemyRunThread.run(Manager.java:1915)

    while executing
ptolemy.kernel.util.IllegalActionException: Found a zero delay loop containing .dependencyLoop2.original
  in .dependencyLoop2 and .dependencyLoop2.original
    while executing
"java::new ptolemy.moml.MoMLSimpleApplication $file
"
    (procedure "createAndExecute" line 2)
    invoked from within
"createAndExecute $file"
    ("uplevel" body line 5)
    invoked from within
"uplevel $contents_of_test"
------------------ testing $PTII/ptolemy/domains/de/test/auto/knownFailedTests/HierarchicalModel.xml (Known Failure) 
11 ms. Memory: 146944K Free: 134398K (91%)


==== $PTIIhome/travis/build/icyphy/ptII/ptolemy/domains/de/test/../../../../: Auto Automatic test in file $PTII/ptolemy/domains/de/test/auto/knownFailedTests/HierarchicalModel.xml
==== Contents of test case:

	    # FIXME: we should use $relativeFilename here, but it
	    # might have backslashes under Windows, which causes no end
	    # of trouble.
	    createAndExecute $file
	    list {}
	
.... Test generated KNOWN error:
    while executing
ptolemy.kernel.util.IllegalActionException: Found a zero delay loop containing .HierarchicalModel.A
  in .HierarchicalModel and .HierarchicalModel.A
	at ptolemy.actor.util.CausalityInterfaceForComposites._computeOutputPortDepth(CausalityInterfaceForComposites.java:759)
	at ptolemy.actor.util.CausalityInterfaceForComposites._computeInputDepth(CausalityInterfaceForComposites.java:696)
	at ptolemy.actor.util.CausalityInterfaceForComposites._computeOutputPortDepth(CausalityInterfaceForComposites.java:765)
	at ptolemy.actor.util.CausalityInterfaceForComposites._computeInputDepth(CausalityInterfaceForComposites.java:696)
	at ptolemy.actor.util.CausalityInterfaceForComposites._computeOutputPortDepth(CausalityInterfaceForComposites.java:765)
	at ptolemy.actor.util.CausalityInterfaceForComposites._computeInputDepth(CausalityInterfaceForComposites.java:696)
	at ptolemy.actor.util.CausalityInterfaceForComposites._computeActorDepth(CausalityInterfaceForComposites.java:532)
	at ptolemy.actor.util.CausalityInterfaceForComposites.checkForCycles(CausalityInterfaceForComposites.java:96)
	at ptolemy.domains.de.kernel.DEDirector.preinitialize(DEDirector.java:1337)
	at ptolemy.actor.CompositeActor.preinitialize(CompositeActor.java:1828)
	at ptolemy.actor.Manager.preinitializeAndResolveTypes(Manager.java:1040)
	at ptolemy.actor.Manager.initialize(Manager.java:710)
	at ptolemy.actor.Manager.execute(Manager.java:356)
	at ptolemy.actor.Manager.run(Manager.java:1263)
	at ptolemy.actor.Manager$PtolemyRunThread.run(Manager.java:1915)

    while executing
ptolemy.kernel.util.IllegalActionException: Found a zero delay loop containing .HierarchicalModel.A
  in .HierarchicalModel and .HierarchicalModel.A
    while executing
"java::new ptolemy.moml.MoMLSimpleApplication $file
"
    (procedure "createAndExecute" line 2)
    invoked from within
"createAndExecute $file"
    ("uplevel" body line 5)
    invoked from within
"uplevel $contents_of_test"
------------------ testing $PTII/ptolemy/domains/de/test/auto/knownFailedTests/DirectFeedback.xml (Known Failure) 
14 ms. Memory: 146944K Free: 130422K (89%)


==== $PTIIhome/travis/build/icyphy/ptII/ptolemy/domains/de/test/../../../../: Auto Automatic test in file $PTII/ptolemy/domains/de/test/auto/knownFailedTests/DirectFeedback.xml
==== Contents of test case:

	    # FIXME: we should use $relativeFilename here, but it
	    # might have backslashes under Windows, which causes no end
	    # of trouble.
	    createAndExecute $file
	    list {}
	
.... Test generated KNOWN error:
    while executing
ptolemy.kernel.util.IllegalActionException: Test fails in iteration 1.
Value was: 1.0. Should have been: 2.0
  in .DirectFeedback.Test
	at ptolemy.actor.lib.Test.fire(Test.java:268)
	at ptolemy.domains.de.kernel.DEDirector._fire(DEDirector.java:1948)
	at ptolemy.domains.de.kernel.DEDirector.fire(DEDirector.java:502)
	at ptolemy.actor.CompositeActor.fire(CompositeActor.java:455)
	at ptolemy.actor.Manager.iterate(Manager.java:851)
	at ptolemy.actor.Manager.execute(Manager.java:369)
	at ptolemy.actor.Manager.run(Manager.java:1263)
	at ptolemy.actor.Manager$PtolemyRunThread.run(Manager.java:1915)

    while executing
ptolemy.kernel.util.IllegalActionException: Test fails in iteration 1.
Value was: 1.0. Should have been: 2.0
  in .DirectFeedback.Test
    while executing
"java::new ptolemy.moml.MoMLSimpleApplication $file
"
    (procedure "createAndExecute" line 2)
    invoked from within
"createAndExecute $file"
    ("uplevel" body line 5)
    invoked from within
"uplevel $contents_of_test"
------------------ testing $PTII/ptolemy/domains/de/test/auto/ActorDepthCalculation_actorWithoutPorts.xml
auto.tcl: Setting watchdog for 200 seconds at Wed May 02 12:39:02 UTC 2018
11 ms. Memory: 146944K Free: 121567K (83%)
ptolemy.util.test.WatchDog.cancel(): canceling Wed May 02 12:39:02 UTC 2018
auto.tcl: Setting watchdog for 200 seconds at Wed May 02 12:39:02 UTC 2018
6 ms. Memory: 146944K Free: 120500K (82%)
ptolemy.util.test.WatchDog.cancel(): canceling Wed May 02 12:39:02 UTC 2018
------------------ testing $PTII/ptolemy/domains/de/test/auto/AssemblyLine.xml
auto.tcl: Setting watchdog for 200 seconds at Wed May 02 12:39:03 UTC 2018
22 ms. Memory: 146944K Free: 126929K (86%)
ptolemy.util.test.WatchDog.cancel(): canceling Wed May 02 12:39:03 UTC 2018
auto.tcl: Setting watchdog for 200 seconds at Wed May 02 12:39:03 UTC 2018
14 ms. Memory: 146944K Free: 125878K (86%)
ptolemy.util.test.WatchDog.cancel(): canceling Wed May 02 12:39:03 UTC 2018
------------------ testing $PTII/ptolemy/domains/de/test/auto/CQBug1.xml
auto.tcl: Setting watchdog for 200 seconds at Wed May 02 12:39:03 UTC 2018
5 ms. Memory: 146944K Free: 137692K (94%)
ptolemy.util.test.WatchDog.cancel(): canceling Wed May 02 12:39:03 UTC 2018
auto.tcl: Setting watchdog for 200 seconds at Wed May 02 12:39:03 UTC 2018
2 ms. Memory: 146944K Free: 137692K (94%)
ptolemy.util.test.WatchDog.cancel(): canceling Wed May 02 12:39:03 UTC 2018
------------------ testing $PTII/ptolemy/domains/de/test/auto/CancelFireAt.xml
auto.tcl: Setting watchdog for 200 seconds at Wed May 02 12:39:03 UTC 2018
4 ms. Memory: 146944K Free: 140286K (95%)
ptolemy.util.test.WatchDog.cancel(): canceling Wed May 02 12:39:03 UTC 2018
auto.tcl: Setting watchdog for 200 seconds at Wed May 02 12:39:03 UTC 2018
2 ms. Memory: 146944K Free: 139235K (95%)
ptolemy.util.test.WatchDog.cancel(): canceling Wed May 02 12:39:03 UTC 2018
------------------ testing $PTII/ptolemy/domains/de/test/auto/CausalityAndComposabilityAnalysis.xml
auto.tcl: Setting watchdog for 200 seconds at Wed May 02 12:39:03 UTC 2018
18 ms. Memory: 146944K Free: 137986K (94%)
ptolemy.util.test.WatchDog.cancel(): canceling Wed May 02 12:39:03 UTC 2018
auto.tcl: Setting watchdog for 200 seconds at Wed May 02 12:39:03 UTC 2018
12 ms. Memory: 146944K Free: 136931K (93%)
ptolemy.util.test.WatchDog.cancel(): canceling Wed May 02 12:39:03 UTC 2018
------------------ testing $PTII/ptolemy/domains/de/test/auto/CausalityInterface1.xml
auto.tcl: Setting watchdog for 200 seconds at Wed May 02 12:39:03 UTC 2018
20 ms. Memory: 146944K Free: 136258K (93%)
ptolemy.util.test.WatchDog.cancel(): canceling Wed May 02 12:39:03 UTC 2018
auto.tcl: Setting watchdog for 200 seconds at Wed May 02 12:39:03 UTC 2018
10 ms. Memory: 146944K Free: 135207K (92%)
ptolemy.util.test.WatchDog.cancel(): canceling Wed May 02 12:39:03 UTC 2018
------------------ testing $PTII/ptolemy/domains/de/test/auto/CausalityInterface15.xml
auto.tcl: Setting watchdog for 200 seconds at Wed May 02 12:39:03 UTC 2018
10 ms. Memory: 146944K Free: 135199K (92%)
ptolemy.util.test.WatchDog.cancel(): canceling Wed May 02 12:39:03 UTC 2018
auto.tcl: Setting watchdog for 200 seconds at Wed May 02 12:39:03 UTC 2018
16 ms. Memory: 146944K Free: 135199K (92%)
ptolemy.util.test.WatchDog.cancel(): canceling Wed May 02 12:39:03 UTC 2018
------------------ testing $PTII/ptolemy/domains/de/test/auto/CausalityInterface2.xml
auto.tcl: Setting watchdog for 200 seconds at Wed May 02 12:39:03 UTC 2018
5 ms. Memory: 146944K Free: 136232K (93%)
ptolemy.util.test.WatchDog.cancel(): canceling Wed May 02 12:39:03 UTC 2018
auto.tcl: Setting watchdog for 200 seconds at Wed May 02 12:39:04 UTC 2018
7 ms. Memory: 146944K Free: 136232K (93%)
ptolemy.util.test.WatchDog.cancel(): canceling Wed May 02 12:39:04 UTC 2018
------------------ testing $PTII/ptolemy/domains/de/test/auto/CausalityInterface3.xml
auto.tcl: Setting watchdog for 200 seconds at Wed May 02 12:39:04 UTC 2018
5 ms. Memory: 146944K Free: 136245K (93%)
ptolemy.util.test.WatchDog.cancel(): canceling Wed May 02 12:39:04 UTC 2018
auto.tcl: Setting watchdog for 200 seconds at Wed May 02 12:39:04 UTC 2018
7 ms. Memory: 146944K Free: 135194K (92%)
ptolemy.util.test.WatchDog.cancel(): canceling Wed May 02 12:39:04 UTC 2018
------------------ testing $PTII/ptolemy/domains/de/test/auto/ClockDrift.xml
auto.tcl: Setting watchdog for 200 seconds at Wed May 02 12:39:04 UTC 2018
117 ms. Memory: 146944K Free: 128084K (87%)
ptolemy.util.test.WatchDog.cancel(): canceling Wed May 02 12:39:04 UTC 2018
auto.tcl: Setting watchdog for 200 seconds at Wed May 02 12:39:04 UTC 2018
98 ms. Memory: 146944K Free: 124931K (85%)
ptolemy.util.test.WatchDog.cancel(): canceling Wed May 02 12:39:04 UTC 2018
------------------ testing $PTII/ptolemy/domains/de/test/auto/ClockDriftAndValueChange.xml
auto.tcl: Setting watchdog for 200 seconds at Wed May 02 12:39:04 UTC 2018
65 ms. Memory: 146944K Free: 127918K (87%)
ptolemy.util.test.WatchDog.cancel(): canceling Wed May 02 12:39:04 UTC 2018
auto.tcl: Setting watchdog for 200 seconds at Wed May 02 12:39:04 UTC 2018
60 ms. Memory: 146944K Free: 124765K (85%)
ptolemy.util.test.WatchDog.cancel(): canceling Wed May 02 12:39:04 UTC 2018
------------------ testing $PTII/ptolemy/domains/de/test/auto/ClockDriftChange.xml
auto.tcl: Setting watchdog for 200 seconds at Wed May 02 12:39:04 UTC 2018
56 ms. Memory: 146944K Free: 130612K (89%)
ptolemy.util.test.WatchDog.cancel(): canceling Wed May 02 12:39:04 UTC 2018
auto.tcl: Setting watchdog for 200 seconds at Wed May 02 12:39:04 UTC 2018
40 ms. Memory: 146944K Free: 128510K (87%)
ptolemy.util.test.WatchDog.cancel(): canceling Wed May 02 12:39:04 UTC 2018
------------------ testing $PTII/ptolemy/domains/de/test/auto/ComposableCausalityAnalysis.xml
auto.tcl: Setting watchdog for 200 seconds at Wed May 02 12:39:04 UTC 2018
3 ms. Memory: 146944K Free: 135051K (92%)
ptolemy.util.test.WatchDog.cancel(): canceling Wed May 02 12:39:05 UTC 2018
auto.tcl: Setting watchdog for 200 seconds at Wed May 02 12:39:05 UTC 2018
2 ms. Memory: 146944K Free: 134000K (91%)
ptolemy.util.test.WatchDog.cancel(): canceling Wed May 02 12:39:05 UTC 2018
------------------ testing $PTII/ptolemy/domains/de/test/auto/DEFixedPointLimitation.xml
auto.tcl: Setting watchdog for 200 seconds at Wed May 02 12:39:05 UTC 2018
3 ms. Memory: 146944K Free: 136183K (93%)
ptolemy.util.test.WatchDog.cancel(): canceling Wed May 02 12:39:05 UTC 2018
auto.tcl: Setting watchdog for 200 seconds at Wed May 02 12:39:05 UTC 2018
2 ms. Memory: 146944K Free: 136183K (93%)
ptolemy.util.test.WatchDog.cancel(): canceling Wed May 02 12:39:05 UTC 2018
------------------ testing $PTII/ptolemy/domains/de/test/auto/DEScheduleTest.xml
auto.tcl: Setting watchdog for 200 seconds at Wed May 02 12:39:05 UTC 2018
7 ms. Memory: 146944K Free: 137269K (93%)
ptolemy.util.test.WatchDog.cancel(): canceling Wed May 02 12:39:05 UTC 2018
auto.tcl: Setting watchdog for 200 seconds at Wed May 02 12:39:05 UTC 2018
7 ms. Memory: 146944K Free: 136218K (93%)
ptolemy.util.test.WatchDog.cancel(): canceling Wed May 02 12:39:05 UTC 2018
------------------ testing $PTII/ptolemy/domains/de/test/auto/DEinDEwithStartTimes.xml
auto.tcl: Setting watchdog for 200 seconds at Wed May 02 12:39:05 UTC 2018
5 ms. Memory: 146944K Free: 136187K (93%)
ptolemy.util.test.WatchDog.cancel(): canceling Wed May 02 12:39:05 UTC 2018
auto.tcl: Setting watchdog for 200 seconds at Wed May 02 12:39:05 UTC 2018
6 ms. Memory: 146944K Free: 134085K (91%)
ptolemy.util.test.WatchDog.cancel(): canceling Wed May 02 12:39:05 UTC 2018
------------------ testing $PTII/ptolemy/domains/de/test/auto/DEinDEwithStartTimes2.xml
auto.tcl: Setting watchdog for 200 seconds at Wed May 02 12:39:05 UTC 2018
12 ms. Memory: 146944K Free: 135117K (92%)
ptolemy.util.test.WatchDog.cancel(): canceling Wed May 02 12:39:05 UTC 2018
auto.tcl: Setting watchdog for 200 seconds at Wed May 02 12:39:05 UTC 2018
8 ms. Memory: 146944K Free: 134066K (91%)
ptolemy.util.test.WatchDog.cancel(): canceling Wed May 02 12:39:05 UTC 2018
------------------ testing $PTII/ptolemy/domains/de/test/auto/DateDemo.xml
auto.tcl: Setting watchdog for 200 seconds at Wed May 02 12:39:05 UTC 2018
20 ms. Memory: 146944K Free: 129206K (88%)
ptolemy.util.test.WatchDog.cancel(): canceling Wed May 02 12:39:05 UTC 2018
auto.tcl: Setting watchdog for 200 seconds at Wed May 02 12:39:05 UTC 2018
13 ms. Memory: 146944K Free: 127104K (86%)
ptolemy.util.test.WatchDog.cancel(): canceling Wed May 02 12:39:05 UTC 2018
------------------ testing $PTII/ptolemy/domains/de/test/auto/DateToEvent.xml
auto.tcl: Setting watchdog for 200 seconds at Wed May 02 12:39:05 UTC 2018
2018 ms. Memory: 146944K Free: 123292K (84%)
ptolemy.util.test.WatchDog.cancel(): canceling Wed May 02 12:39:07 UTC 2018
auto.tcl: Setting watchdog for 200 seconds at Wed May 02 12:39:07 UTC 2018
2007 ms. Memory: 146944K Free: 122241K (83%)
ptolemy.util.test.WatchDog.cancel(): canceling Wed May 02 12:39:09 UTC 2018
------------------ testing $PTII/ptolemy/domains/de/test/auto/DepthTest1.xml
auto.tcl: Setting watchdog for 200 seconds at Wed May 02 12:39:09 UTC 2018
5 ms. Memory: 146944K Free: 138464K (94%)
ptolemy.util.test.WatchDog.cancel(): canceling Wed May 02 12:39:09 UTC 2018
auto.tcl: Setting watchdog for 200 seconds at Wed May 02 12:39:09 UTC 2018
6 ms. Memory: 146944K Free: 138464K (94%)
ptolemy.util.test.WatchDog.cancel(): canceling Wed May 02 12:39:09 UTC 2018
------------------ testing $PTII/ptolemy/domains/de/test/auto/DepthTest2.xml
auto.tcl: Setting watchdog for 200 seconds at Wed May 02 12:39:09 UTC 2018
10 ms. Memory: 146944K Free: 134156K (91%)
ptolemy.util.test.WatchDog.cancel(): canceling Wed May 02 12:39:09 UTC 2018
auto.tcl: Setting watchdog for 200 seconds at Wed May 02 12:39:10 UTC 2018
4 ms. Memory: 146944K Free: 134156K (91%)
ptolemy.util.test.WatchDog.cancel(): canceling Wed May 02 12:39:10 UTC 2018
------------------ testing $PTII/ptolemy/domains/de/test/auto/DepthTest3.xml
auto.tcl: Setting watchdog for 200 seconds at Wed May 02 12:39:10 UTC 2018
5 ms. Memory: 146944K Free: 138909K (95%)
ptolemy.util.test.WatchDog.cancel(): canceling Wed May 02 12:39:10 UTC 2018
auto.tcl: Setting watchdog for 200 seconds at Wed May 02 12:39:10 UTC 2018
2 ms. Memory: 146944K Free: 138909K (95%)
ptolemy.util.test.WatchDog.cancel(): canceling Wed May 02 12:39:10 UTC 2018
------------------ testing $PTII/ptolemy/domains/de/test/auto/DepthTest4.xml
auto.tcl: Setting watchdog for 200 seconds at Wed May 02 12:39:10 UTC 2018
4 ms. Memory: 146944K Free: 136170K (93%)
ptolemy.util.test.WatchDog.cancel(): canceling Wed May 02 12:39:10 UTC 2018
auto.tcl: Setting watchdog for 200 seconds at Wed May 02 12:39:10 UTC 2018
3 ms. Memory: 146944K Free: 135119K (92%)
ptolemy.util.test.WatchDog.cancel(): canceling Wed May 02 12:39:10 UTC 2018
------------------ testing $PTII/ptolemy/domains/de/test/auto/DepthTest5.xml
auto.tcl: Setting watchdog for 200 seconds at Wed May 02 12:39:10 UTC 2018
6 ms. Memory: 146944K Free: 135065K (92%)
ptolemy.util.test.WatchDog.cancel(): canceling Wed May 02 12:39:10 UTC 2018
auto.tcl: Setting watchdog for 200 seconds at Wed May 02 12:39:10 UTC 2018
4 ms. Memory: 146944K Free: 135065K (92%)
ptolemy.util.test.WatchDog.cancel(): canceling Wed May 02 12:39:10 UTC 2018
------------------ testing $PTII/ptolemy/domains/de/test/auto/DepthTest6.xml
auto.tcl: Setting watchdog for 200 seconds at Wed May 02 12:39:10 UTC 2018
9 ms. Memory: 146944K Free: 135120K (92%)
ptolemy.util.test.WatchDog.cancel(): canceling Wed May 02 12:39:10 UTC 2018
auto.tcl: Setting watchdog for 200 seconds at Wed May 02 12:39:10 UTC 2018
3 ms. Memory: 146944K Free: 135120K (92%)
ptolemy.util.test.WatchDog.cancel(): canceling Wed May 02 12:39:10 UTC 2018
------------------ testing $PTII/ptolemy/domains/de/test/auto/DepthTest7.xml
auto.tcl: Setting watchdog for 200 seconds at Wed May 02 12:39:10 UTC 2018
4 ms. Memory: 146944K Free: 136065K (93%)
ptolemy.util.test.WatchDog.cancel(): canceling Wed May 02 12:39:10 UTC 2018
auto.tcl: Setting watchdog for 200 seconds at Wed May 02 12:39:10 UTC 2018
3 ms. Memory: 146944K Free: 135014K (92%)
ptolemy.util.test.WatchDog.cancel(): canceling Wed May 02 12:39:10 UTC 2018
------------------ testing $PTII/ptolemy/domains/de/test/auto/EventToDate.xml
auto.tcl: Setting watchdog for 200 seconds at Wed May 02 12:39:10 UTC 2018
3012 ms. Memory: 146944K Free: 125585K (85%)
ptolemy.util.test.WatchDog.cancel(): canceling Wed May 02 12:39:13 UTC 2018
auto.tcl: Setting watchdog for 200 seconds at Wed May 02 12:39:13 UTC 2018
3006 ms. Memory: 146944K Free: 125585K (85%)
ptolemy.util.test.WatchDog.cancel(): canceling Wed May 02 12:39:16 UTC 2018
------------------ testing $PTII/ptolemy/domains/de/test/auto/FSM1.xml
auto.tcl: Setting watchdog for 200 seconds at Wed May 02 12:39:16 UTC 2018
23 ms. Memory: 146944K Free: 128517K (87%)
ptolemy.util.test.WatchDog.cancel(): canceling Wed May 02 12:39:16 UTC 2018
auto.tcl: Setting watchdog for 200 seconds at Wed May 02 12:39:16 UTC 2018
19 ms. Memory: 146944K Free: 125324K (85%)
ptolemy.util.test.WatchDog.cancel(): canceling Wed May 02 12:39:16 UTC 2018
------------------ testing $PTII/ptolemy/domains/de/test/auto/FSM7.xml
auto.tcl: Setting watchdog for 200 seconds at Wed May 02 12:39:16 UTC 2018
28 ms. Memory: 146944K Free: 127113K (87%)
ptolemy.util.test.WatchDog.cancel(): canceling Wed May 02 12:39:16 UTC 2018
auto.tcl: Setting watchdog for 200 seconds at Wed May 02 12:39:16 UTC 2018
37 ms. Memory: 146944K Free: 123912K (84%)
ptolemy.util.test.WatchDog.cancel(): canceling Wed May 02 12:39:16 UTC 2018
------------------ testing $PTII/ptolemy/domains/de/test/auto/Inspection.xml
auto.tcl: Setting watchdog for 200 seconds at Wed May 02 12:39:16 UTC 2018
53 ms. Memory: 146944K Free: 127922K (87%)
ptolemy.util.test.WatchDog.cancel(): canceling Wed May 02 12:39:17 UTC 2018
auto.tcl: Setting watchdog for 200 seconds at Wed May 02 12:39:17 UTC 2018
38 ms. Memory: 146944K Free: 125804K (86%)
ptolemy.util.test.WatchDog.cancel(): canceling Wed May 02 12:39:17 UTC 2018
------------------ testing $PTII/ptolemy/domains/de/test/auto/Iteration.xml
auto.tcl: Setting watchdog for 200 seconds at Wed May 02 12:39:17 UTC 2018
14 ms. Memory: 146944K Free: 133770K (91%)
ptolemy.util.test.WatchDog.cancel(): canceling Wed May 02 12:39:17 UTC 2018
auto.tcl: Setting watchdog for 200 seconds at Wed May 02 12:39:17 UTC 2018
15 ms. Memory: 146944K Free: 132719K (90%)
ptolemy.util.test.WatchDog.cancel(): canceling Wed May 02 12:39:17 UTC 2018
------------------ testing $PTII/ptolemy/domains/de/test/auto/LineFault.xml
auto.tcl: Setting watchdog for 200 seconds at Wed May 02 12:39:17 UTC 2018
1317 ms. Memory: 146944K Free: 138120K (94%)
ptolemy.util.test.WatchDog.cancel(): canceling Wed May 02 12:39:18 UTC 2018
auto.tcl: Setting watchdog for 200 seconds at Wed May 02 12:39:18 UTC 2018
880 ms. Memory: 146944K Free: 82578K (56%)
ptolemy.util.test.WatchDog.cancel(): canceling Wed May 02 12:39:19 UTC 2018
------------------ testing $PTII/ptolemy/domains/de/test/auto/MergeModel1Add.xml
auto.tcl: Setting watchdog for 200 seconds at Wed May 02 12:39:19 UTC 2018
44 ms. Memory: 209920K Free: 180507K (86%)
ptolemy.util.test.WatchDog.cancel(): canceling Wed May 02 12:39:20 UTC 2018
auto.tcl: Setting watchdog for 200 seconds at Wed May 02 12:39:20 UTC 2018
16 ms. Memory: 209920K Free: 178607K (85%)
ptolemy.util.test.WatchDog.cancel(): canceling Wed May 02 12:39:20 UTC 2018
------------------ testing $PTII/ptolemy/domains/de/test/auto/MergeModel2Add.xml
auto.tcl: Setting watchdog for 200 seconds at Wed May 02 12:39:20 UTC 2018
16 ms. Memory: 210432K Free: 184265K (88%)
ptolemy.util.test.WatchDog.cancel(): canceling Wed May 02 12:39:20 UTC 2018
auto.tcl: Setting watchdog for 200 seconds at Wed May 02 12:39:20 UTC 2018
16 ms. Memory: 210432K Free: 182381K (87%)
ptolemy.util.test.WatchDog.cancel(): canceling Wed May 02 12:39:20 UTC 2018
------------------ testing $PTII/ptolemy/domains/de/test/auto/MergeModel3Add.xml
auto.tcl: Setting watchdog for 200 seconds at Wed May 02 12:39:20 UTC 2018
14 ms. Memory: 209920K Free: 183644K (87%)
ptolemy.util.test.WatchDog.cancel(): canceling Wed May 02 12:39:20 UTC 2018
auto.tcl: Setting watchdog for 200 seconds at Wed May 02 12:39:20 UTC 2018
12 ms. Memory: 209920K Free: 181752K (87%)
ptolemy.util.test.WatchDog.cancel(): canceling Wed May 02 12:39:20 UTC 2018
------------------ testing $PTII/ptolemy/domains/de/test/auto/MergeWithoutDiscard.xml
auto.tcl: Setting watchdog for 200 seconds at Wed May 02 12:39:20 UTC 2018
2 ms. Memory: 210432K Free: 198832K (94%)
ptolemy.util.test.WatchDog.cancel(): canceling Wed May 02 12:39:20 UTC 2018
auto.tcl: Setting watchdog for 200 seconds at Wed May 02 12:39:20 UTC 2018
2 ms. Memory: 210432K Free: 198769K (94%)
ptolemy.util.test.WatchDog.cancel(): canceling Wed May 02 12:39:20 UTC 2018
------------------ testing $PTII/ptolemy/domains/de/test/auto/Modal1.xml
auto.tcl: Setting watchdog for 200 seconds at Wed May 02 12:39:20 UTC 2018
16 ms. Memory: 210432K Free: 190829K (91%)
ptolemy.util.test.WatchDog.cancel(): canceling Wed May 02 12:39:20 UTC 2018
auto.tcl: Setting watchdog for 200 seconds at Wed May 02 12:39:20 UTC 2018
17 ms. Memory: 210432K Free: 187013K (89%)
ptolemy.util.test.WatchDog.cancel(): canceling Wed May 02 12:39:20 UTC 2018
------------------ testing $PTII/ptolemy/domains/de/test/auto/Modal2.xml
auto.tcl: Setting watchdog for 200 seconds at Wed May 02 12:39:20 UTC 2018
21 ms. Memory: 210432K Free: 188139K (89%)
ptolemy.util.test.WatchDog.cancel(): canceling Wed May 02 12:39:20 UTC 2018
auto.tcl: Setting watchdog for 200 seconds at Wed May 02 12:39:20 UTC 2018
25 ms. Memory: 210432K Free: 184348K (88%)
ptolemy.util.test.WatchDog.cancel(): canceling Wed May 02 12:39:20 UTC 2018
------------------ testing $PTII/ptolemy/domains/de/test/auto/Modal3.xml
auto.tcl: Setting watchdog for 200 seconds at Wed May 02 12:39:20 UTC 2018
22 ms. Memory: 210432K Free: 190677K (91%)
ptolemy.util.test.WatchDog.cancel(): canceling Wed May 02 12:39:20 UTC 2018
auto.tcl: Setting watchdog for 200 seconds at Wed May 02 12:39:20 UTC 2018
12 ms. Memory: 210432K Free: 186870K (89%)
ptolemy.util.test.WatchDog.cancel(): canceling Wed May 02 12:39:20 UTC 2018
------------------ testing $PTII/ptolemy/domains/de/test/auto/Modal4.xml
auto.tcl: Setting watchdog for 200 seconds at Wed May 02 12:39:20 UTC 2018
27 ms. Memory: 208384K Free: 188658K (91%)
ptolemy.util.test.WatchDog.cancel(): canceling Wed May 02 12:39:21 UTC 2018
auto.tcl: Setting watchdog for 200 seconds at Wed May 02 12:39:21 UTC 2018
34 ms. Memory: 208384K Free: 184858K (89%)
ptolemy.util.test.WatchDog.cancel(): canceling Wed May 02 12:39:21 UTC 2018
------------------ testing $PTII/ptolemy/domains/de/test/auto/Modal5.xml
auto.tcl: Setting watchdog for 200 seconds at Wed May 02 12:39:21 UTC 2018
17 ms. Memory: 209920K Free: 190242K (91%)
ptolemy.util.test.WatchDog.cancel(): canceling Wed May 02 12:39:21 UTC 2018
auto.tcl: Setting watchdog for 200 seconds at Wed May 02 12:39:21 UTC 2018
18 ms. Memory: 209920K Free: 186443K (89%)
ptolemy.util.test.WatchDog.cancel(): canceling Wed May 02 12:39:21 UTC 2018
------------------ testing $PTII/ptolemy/domains/de/test/auto/Modal6.xml
auto.tcl: Setting watchdog for 200 seconds at Wed May 02 12:39:21 UTC 2018
15 ms. Memory: 209920K Free: 190224K (91%)
ptolemy.util.test.WatchDog.cancel(): canceling Wed May 02 12:39:21 UTC 2018
auto.tcl: Setting watchdog for 200 seconds at Wed May 02 12:39:21 UTC 2018
18 ms. Memory: 209920K Free: 186425K (89%)
ptolemy.util.test.WatchDog.cancel(): canceling Wed May 02 12:39:21 UTC 2018
------------------ testing $PTII/ptolemy/domains/de/test/auto/Modal7.xml
auto.tcl: Setting watchdog for 200 seconds at Wed May 02 12:39:21 UTC 2018
16 ms. Memory: 209920K Free: 187002K (89%)
ptolemy.util.test.WatchDog.cancel(): canceling Wed May 02 12:39:21 UTC 2018
auto.tcl: Setting watchdog for 200 seconds at Wed May 02 12:39:21 UTC 2018
15 ms. Memory: 209920K Free: 185094K (88%)
ptolemy.util.test.WatchDog.cancel(): canceling Wed May 02 12:39:21 UTC 2018
------------------ testing $PTII/ptolemy/domains/de/test/auto/ModalModel.xml
auto.tcl: Setting watchdog for 200 seconds at Wed May 02 12:39:21 UTC 2018
319 ms. Memory: 209920K Free: 129401K (62%)
ptolemy.util.test.WatchDog.cancel(): canceling Wed May 02 12:39:21 UTC 2018
auto.tcl: Setting watchdog for 200 seconds at Wed May 02 12:39:21 UTC 2018
309 ms. Memory: 209920K Free: 197559K (94%)
ptolemy.util.test.WatchDog.cancel(): canceling Wed May 02 12:39:22 UTC 2018
------------------ testing $PTII/ptolemy/domains/de/test/auto/ModalSource.xml
auto.tcl: Setting watchdog for 200 seconds at Wed May 02 12:39:22 UTC 2018
8 ms. Memory: 209920K Free: 195314K (93%)
ptolemy.util.test.WatchDog.cancel(): canceling Wed May 02 12:39:22 UTC 2018
auto.tcl: Setting watchdog for 200 seconds at Wed May 02 12:39:22 UTC 2018
9 ms. Memory: 209920K Free: 193567K (92%)
ptolemy.util.test.WatchDog.cancel(): canceling Wed May 02 12:39:22 UTC 2018
------------------ testing $PTII/ptolemy/domains/de/test/auto/NonInterruptibleTimerZeroDelay.xml
auto.tcl: Setting watchdog for 200 seconds at Wed May 02 12:39:22 UTC 2018
6 ms. Memory: 335872K Free: 325468K (97%)
ptolemy.util.test.WatchDog.cancel(): canceling Wed May 02 12:39:22 UTC 2018
auto.tcl: Setting watchdog for 200 seconds at Wed May 02 12:39:22 UTC 2018
4 ms. Memory: 335872K Free: 321988K (96%)
ptolemy.util.test.WatchDog.cancel(): canceling Wed May 02 12:39:22 UTC 2018
------------------ testing $PTII/ptolemy/domains/de/test/auto/OpenQueueingNetwork.xml
auto.tcl: Setting watchdog for 200 seconds at Wed May 02 12:39:22 UTC 2018
5349 ms. Memory: 313344K Free: 179739K (57%)
ptolemy.util.test.WatchDog.cancel(): canceling Wed May 02 12:39:28 UTC 2018
auto.tcl: Setting watchdog for 200 seconds at Wed May 02 12:39:28 UTC 2018
3201 ms. Memory: 284160K Free: 271480K (96%)
ptolemy.util.test.WatchDog.cancel(): canceling Wed May 02 12:39:31 UTC 2018
------------------ testing $PTII/ptolemy/domains/de/test/auto/OpenQueuingNetwork.xml
auto.tcl: Setting watchdog for 200 seconds at Wed May 02 12:39:31 UTC 2018
420 ms. Memory: 285696K Free: 186127K (65%)
ptolemy.util.test.WatchDog.cancel(): canceling Wed May 02 12:39:31 UTC 2018
auto.tcl: Setting watchdog for 200 seconds at Wed May 02 12:39:31 UTC 2018
400 ms. Memory: 285696K Free: 125980K (44%)
ptolemy.util.test.WatchDog.cancel(): canceling Wed May 02 12:39:32 UTC 2018
------------------ testing $PTII/ptolemy/domains/de/test/auto/PeriodicSampler.xml
auto.tcl: Setting watchdog for 200 seconds at Wed May 02 12:39:32 UTC 2018
4 ms. Memory: 284672K Free: 271939K (96%)
ptolemy.util.test.WatchDog.cancel(): canceling Wed May 02 12:39:32 UTC 2018
auto.tcl: Setting watchdog for 200 seconds at Wed May 02 12:39:32 UTC 2018
3 ms. Memory: 284672K Free: 271939K (96%)
ptolemy.util.test.WatchDog.cancel(): canceling Wed May 02 12:39:32 UTC 2018
------------------ testing $PTII/ptolemy/domains/de/test/auto/PersistentIO.xml
auto.tcl: Setting watchdog for 200 seconds at Wed May 02 12:39:32 UTC 2018
8 ms. Memory: 284160K Free: 264281K (93%)
ptolemy.util.test.WatchDog.cancel(): canceling Wed May 02 12:39:32 UTC 2018
auto.tcl: Setting watchdog for 200 seconds at Wed May 02 12:39:32 UTC 2018
6 ms. Memory: 284160K Free: 264281K (93%)
ptolemy.util.test.WatchDog.cancel(): canceling Wed May 02 12:39:32 UTC 2018
------------------ testing $PTII/ptolemy/domains/de/test/auto/PortParameterResetOnInitialize.xml
auto.tcl: Setting watchdog for 200 seconds at Wed May 02 12:39:32 UTC 2018
3 ms. Memory: 284160K Free: 271888K (96%)
ptolemy.util.test.WatchDog.cancel(): canceling Wed May 02 12:39:32 UTC 2018
auto.tcl: Setting watchdog for 200 seconds at Wed May 02 12:39:32 UTC 2018
3 ms. Memory: 284160K Free: 271888K (96%)
ptolemy.util.test.WatchDog.cancel(): canceling Wed May 02 12:39:32 UTC 2018
------------------ testing $PTII/ptolemy/domains/de/test/auto/PortParameterUpdates.xml
auto.tcl: Setting watchdog for 200 seconds at Wed May 02 12:39:32 UTC 2018
5 ms. Memory: 285184K Free: 273037K (96%)
ptolemy.util.test.WatchDog.cancel(): canceling Wed May 02 12:39:32 UTC 2018
auto.tcl: Setting watchdog for 200 seconds at Wed May 02 12:39:32 UTC 2018
5 ms. Memory: 285184K Free: 270174K (95%)
ptolemy.util.test.WatchDog.cancel(): canceling Wed May 02 12:39:32 UTC 2018
------------------ testing $PTII/ptolemy/domains/de/test/auto/QueueAndServer.xml
auto.tcl: Setting watchdog for 200 seconds at Wed May 02 12:39:32 UTC 2018
13 ms. Memory: 284160K Free: 269078K (95%)
ptolemy.util.test.WatchDog.cancel(): canceling Wed May 02 12:39:32 UTC 2018
auto.tcl: Setting watchdog for 200 seconds at Wed May 02 12:39:32 UTC 2018
12 ms. Memory: 284160K Free: 269078K (95%)
ptolemy.util.test.WatchDog.cancel(): canceling Wed May 02 12:39:32 UTC 2018
------------------ testing $PTII/ptolemy/domains/de/test/auto/Records.xml
auto.tcl: Setting watchdog for 200 seconds at Wed May 02 12:39:32 UTC 2018
8 ms. Memory: 285184K Free: 272907K (96%)
ptolemy.util.test.WatchDog.cancel(): canceling Wed May 02 12:39:32 UTC 2018
auto.tcl: Setting watchdog for 200 seconds at Wed May 02 12:39:32 UTC 2018
3 ms. Memory: 285184K Free: 272907K (96%)
ptolemy.util.test.WatchDog.cancel(): canceling Wed May 02 12:39:32 UTC 2018
------------------ testing $PTII/ptolemy/domains/de/test/auto/ResetTransitionWithStartTime1.xml
auto.tcl: Setting watchdog for 200 seconds at Wed May 02 12:39:32 UTC 2018
9 ms. Memory: 284160K Free: 269062K (95%)
ptolemy.util.test.WatchDog.cancel(): canceling Wed May 02 12:39:32 UTC 2018
auto.tcl: Setting watchdog for 200 seconds at Wed May 02 12:39:32 UTC 2018
9 ms. Memory: 284160K Free: 266215K (94%)
ptolemy.util.test.WatchDog.cancel(): canceling Wed May 02 12:39:32 UTC 2018
------------------ testing $PTII/ptolemy/domains/de/test/auto/ResetTransitionWithStartTime2.xml
auto.tcl: Setting watchdog for 200 seconds at Wed May 02 12:39:32 UTC 2018
9 ms. Memory: 285184K Free: 270104K (95%)
ptolemy.util.test.WatchDog.cancel(): canceling Wed May 02 12:39:32 UTC 2018
auto.tcl: Setting watchdog for 200 seconds at Wed May 02 12:39:32 UTC 2018
8 ms. Memory: 285184K Free: 267257K (94%)
ptolemy.util.test.WatchDog.cancel(): canceling Wed May 02 12:39:32 UTC 2018
------------------ testing $PTII/ptolemy/domains/de/test/auto/ResetTransitionWithStartTime3.xml
auto.tcl: Setting watchdog for 200 seconds at Wed May 02 12:39:32 UTC 2018
10 ms. Memory: 284160K Free: 269086K (95%)
ptolemy.util.test.WatchDog.cancel(): canceling Wed May 02 12:39:33 UTC 2018
auto.tcl: Setting watchdog for 200 seconds at Wed May 02 12:39:33 UTC 2018
14 ms. Memory: 284160K Free: 266211K (94%)
ptolemy.util.test.WatchDog.cancel(): canceling Wed May 02 12:39:33 UTC 2018
------------------ testing $PTII/ptolemy/domains/de/test/auto/ResetTransitionWithStartTime4.xml
auto.tcl: Setting watchdog for 200 seconds at Wed May 02 12:39:33 UTC 2018
6 ms. Memory: 284672K Free: 269588K (95%)
ptolemy.util.test.WatchDog.cancel(): canceling Wed May 02 12:39:33 UTC 2018
auto.tcl: Setting watchdog for 200 seconds at Wed May 02 12:39:33 UTC 2018
5 ms. Memory: 284672K Free: 269588K (95%)
ptolemy.util.test.WatchDog.cancel(): canceling Wed May 02 12:39:33 UTC 2018
------------------ testing $PTII/ptolemy/domains/de/test/auto/ResettableTimer1.xml
auto.tcl: Setting watchdog for 200 seconds at Wed May 02 12:39:33 UTC 2018
4 ms. Memory: 284160K Free: 269864K (95%)
ptolemy.util.test.WatchDog.cancel(): canceling Wed May 02 12:39:33 UTC 2018
auto.tcl: Setting watchdog for 200 seconds at Wed May 02 12:39:33 UTC 2018
4 ms. Memory: 284160K Free: 269864K (95%)
ptolemy.util.test.WatchDog.cancel(): canceling Wed May 02 12:39:33 UTC 2018
------------------ testing $PTII/ptolemy/domains/de/test/auto/ResettableTimer2.xml
auto.tcl: Setting watchdog for 200 seconds at Wed May 02 12:39:33 UTC 2018
4 ms. Memory: 284672K Free: 272489K (96%)
ptolemy.util.test.WatchDog.cancel(): canceling Wed May 02 12:39:33 UTC 2018
auto.tcl: Setting watchdog for 200 seconds at Wed May 02 12:39:33 UTC 2018
5 ms. Memory: 284672K Free: 272489K (96%)
ptolemy.util.test.WatchDog.cancel(): canceling Wed May 02 12:39:33 UTC 2018
------------------ testing $PTII/ptolemy/domains/de/test/auto/ResettableTimer3.xml
auto.tcl: Setting watchdog for 200 seconds at Wed May 02 12:39:33 UTC 2018
4 ms. Memory: 284160K Free: 269921K (95%)
ptolemy.util.test.WatchDog.cancel(): canceling Wed May 02 12:39:33 UTC 2018
auto.tcl: Setting watchdog for 200 seconds at Wed May 02 12:39:33 UTC 2018
2 ms. Memory: 284160K Free: 269921K (95%)
ptolemy.util.test.WatchDog.cancel(): canceling Wed May 02 12:39:33 UTC 2018
------------------ testing $PTII/ptolemy/domains/de/test/auto/ResettableTimer4.xml
auto.tcl: Setting watchdog for 200 seconds at Wed May 02 12:39:33 UTC 2018
1 ms. Memory: 284672K Free: 272473K (96%)
ptolemy.util.test.WatchDog.cancel(): canceling Wed May 02 12:39:33 UTC 2018
auto.tcl: Setting watchdog for 200 seconds at Wed May 02 12:39:33 UTC 2018
2 ms. Memory: 284672K Free: 272473K (96%)
ptolemy.util.test.WatchDog.cancel(): canceling Wed May 02 12:39:33 UTC 2018
------------------ testing $PTII/ptolemy/domains/de/test/auto/ResettableTimer5.xml
auto.tcl: Setting watchdog for 200 seconds at Wed May 02 12:39:33 UTC 2018
2 ms. Memory: 284160K Free: 271987K (96%)
ptolemy.util.test.WatchDog.cancel(): canceling Wed May 02 12:39:33 UTC 2018
auto.tcl: Setting watchdog for 200 seconds at Wed May 02 12:39:33 UTC 2018
2 ms. Memory: 284160K Free: 271987K (96%)
ptolemy.util.test.WatchDog.cancel(): canceling Wed May 02 12:39:33 UTC 2018
------------------ testing $PTII/ptolemy/domains/de/test/auto/ResettableTimer6.xml
auto.tcl: Setting watchdog for 200 seconds at Wed May 02 12:39:33 UTC 2018
3 ms. Memory: 284672K Free: 270392K (95%)
ptolemy.util.test.WatchDog.cancel(): canceling Wed May 02 12:39:33 UTC 2018
auto.tcl: Setting watchdog for 200 seconds at Wed May 02 12:39:33 UTC 2018
2 ms. Memory: 284672K Free: 270392K (95%)
ptolemy.util.test.WatchDog.cancel(): canceling Wed May 02 12:39:33 UTC 2018
------------------ testing $PTII/ptolemy/domains/de/test/auto/ServerZeroDelay.xml
auto.tcl: Setting watchdog for 200 seconds at Wed May 02 12:39:33 UTC 2018
9 ms. Memory: 284160K Free: 271941K (96%)
ptolemy.util.test.WatchDog.cancel(): canceling Wed May 02 12:39:33 UTC 2018
auto.tcl: Setting watchdog for 200 seconds at Wed May 02 12:39:33 UTC 2018
9 ms. Memory: 284160K Free: 271941K (96%)
ptolemy.util.test.WatchDog.cancel(): canceling Wed May 02 12:39:33 UTC 2018
------------------ testing $PTII/ptolemy/domains/de/test/auto/SmartSender.xml
auto.tcl: Setting watchdog for 200 seconds at Wed May 02 12:39:33 UTC 2018
3001 ms. Memory: 284672K Free: 270421K (95%)
ptolemy.util.test.WatchDog.cancel(): canceling Wed May 02 12:39:36 UTC 2018
auto.tcl: Setting watchdog for 200 seconds at Wed May 02 12:39:36 UTC 2018
3002 ms. Memory: 284672K Free: 270421K (95%)
ptolemy.util.test.WatchDog.cancel(): canceling Wed May 02 12:39:39 UTC 2018
------------------ testing $PTII/ptolemy/domains/de/test/auto/ThreadedComposite.xml
auto.tcl: Setting watchdog for 200 seconds at Wed May 02 12:39:39 UTC 2018
434 ms. Memory: 284160K Free: 249164K (88%)
ptolemy.util.test.WatchDog.cancel(): canceling Wed May 02 12:39:40 UTC 2018
auto.tcl: Setting watchdog for 200 seconds at Wed May 02 12:39:40 UTC 2018
318 ms. Memory: 284160K Free: 231305K (81%)
ptolemy.util.test.WatchDog.cancel(): canceling Wed May 02 12:39:40 UTC 2018
------------------ testing $PTII/ptolemy/domains/de/test/auto/Time.xml
auto.tcl: Setting watchdog for 200 seconds at Wed May 02 12:39:40 UTC 2018
987 ms. Memory: 284672K Free: 221442K (78%)
ptolemy.util.test.WatchDog.cancel(): canceling Wed May 02 12:39:41 UTC 2018
auto.tcl: Setting watchdog for 200 seconds at Wed May 02 12:39:41 UTC 2018
858 ms. Memory: 284672K Free: 170195K (60%)
ptolemy.util.test.WatchDog.cancel(): canceling Wed May 02 12:39:42 UTC 2018
------------------ testing $PTII/ptolemy/domains/de/test/auto/TimeDelayZeroDelay.xml
auto.tcl: Setting watchdog for 200 seconds at Wed May 02 12:39:42 UTC 2018
4 ms. Memory: 284160K Free: 272427K (96%)
ptolemy.util.test.WatchDog.cancel(): canceling Wed May 02 12:39:42 UTC 2018
auto.tcl: Setting watchdog for 200 seconds at Wed May 02 12:39:42 UTC 2018
4 ms. Memory: 284160K Free: 272427K (96%)
ptolemy.util.test.WatchDog.cancel(): canceling Wed May 02 12:39:42 UTC 2018
------------------ testing $PTII/ptolemy/domains/de/test/auto/TimerZeroDelay.xml
auto.tcl: Setting watchdog for 200 seconds at Wed May 02 12:39:42 UTC 2018
3 ms. Memory: 284672K Free: 272991K (96%)
ptolemy.util.test.WatchDog.cancel(): canceling Wed May 02 12:39:42 UTC 2018
auto.tcl: Setting watchdog for 200 seconds at Wed May 02 12:39:42 UTC 2018
4 ms. Memory: 284672K Free: 272991K (96%)
ptolemy.util.test.WatchDog.cancel(): canceling Wed May 02 12:39:42 UTC 2018
------------------ testing $PTII/ptolemy/domains/de/test/auto/TimingParadox.xml
auto.tcl: Setting watchdog for 200 seconds at Wed May 02 12:39:42 UTC 2018
559 ms. Memory: 284160K Free: 209301K (74%)
ptolemy.util.test.WatchDog.cancel(): canceling Wed May 02 12:39:43 UTC 2018
auto.tcl: Setting watchdog for 200 seconds at Wed May 02 12:39:43 UTC 2018
432 ms. Memory: 284160K Free: 176143K (62%)
ptolemy.util.test.WatchDog.cancel(): canceling Wed May 02 12:39:43 UTC 2018
------------------ testing $PTII/ptolemy/domains/de/test/auto/TransferInputs.xml
auto.tcl: Setting watchdog for 200 seconds at Wed May 02 12:39:43 UTC 2018
3 ms. Memory: 284672K Free: 271858K (95%)
ptolemy.util.test.WatchDog.cancel(): canceling Wed May 02 12:39:43 UTC 2018
auto.tcl: Setting watchdog for 200 seconds at Wed May 02 12:39:43 UTC 2018
2 ms. Memory: 284672K Free: 271858K (95%)
ptolemy.util.test.WatchDog.cancel(): canceling Wed May 02 12:39:43 UTC 2018
------------------ testing $PTII/ptolemy/domains/de/test/auto/TransferOutputs2.xml
auto.tcl: Setting watchdog for 200 seconds at Wed May 02 12:39:43 UTC 2018
5 ms. Memory: 284160K Free: 267852K (94%)
ptolemy.util.test.WatchDog.cancel(): canceling Wed May 02 12:39:43 UTC 2018
auto.tcl: Setting watchdog for 200 seconds at Wed May 02 12:39:43 UTC 2018
5 ms. Memory: 284160K Free: 265268K (93%)
ptolemy.util.test.WatchDog.cancel(): canceling Wed May 02 12:39:43 UTC 2018
------------------ testing $PTII/ptolemy/domains/de/test/auto/Trilateration.xml
auto.tcl: Setting watchdog for 200 seconds at Wed May 02 12:39:44 UTC 2018
16195 ms. Memory: 299008K Free: 148559K (50%)
ptolemy.util.test.WatchDog.cancel(): canceling Wed May 02 12:40:01 UTC 2018
auto.tcl: Setting watchdog for 200 seconds at Wed May 02 12:40:01 UTC 2018
13524 ms. Memory: 191488K Free: 162748K (85%)
ptolemy.util.test.WatchDog.cancel(): canceling Wed May 02 12:40:15 UTC 2018
------------------ testing $PTII/ptolemy/domains/de/test/auto/TwoSigmaDelta.xml
auto.tcl: Setting watchdog for 200 seconds at Wed May 02 12:40:15 UTC 2018
4324 ms. Memory: 182784K Free: 104909K (57%)
ptolemy.util.test.WatchDog.cancel(): canceling Wed May 02 12:40:20 UTC 2018
auto.tcl: Setting watchdog for 200 seconds at Wed May 02 12:40:20 UTC 2018
2744 ms. Memory: 173056K Free: 154263K (89%)
ptolemy.util.test.WatchDog.cancel(): canceling Wed May 02 12:40:22 UTC 2018
------------------ testing $PTII/ptolemy/domains/de/test/auto/VariableDelay.xml
auto.tcl: Setting watchdog for 200 seconds at Wed May 02 12:40:22 UTC 2018
2 ms. Memory: 172544K Free: 161101K (93%)
ptolemy.util.test.WatchDog.cancel(): canceling Wed May 02 12:40:22 UTC 2018
auto.tcl: Setting watchdog for 200 seconds at Wed May 02 12:40:22 UTC 2018
2 ms. Memory: 172544K Free: 161101K (93%)
ptolemy.util.test.WatchDog.cancel(): canceling Wed May 02 12:40:22 UTC 2018
------------------ testing $PTII/ptolemy/domains/de/test/auto/VariableDelay2.xml
auto.tcl: Setting watchdog for 200 seconds at Wed May 02 12:40:22 UTC 2018
11 ms. Memory: 173056K Free: 162002K (94%)
ptolemy.util.test.WatchDog.cancel(): canceling Wed May 02 12:40:22 UTC 2018
auto.tcl: Setting watchdog for 200 seconds at Wed May 02 12:40:22 UTC 2018
3 ms. Memory: 173056K Free: 162002K (94%)
ptolemy.util.test.WatchDog.cancel(): canceling Wed May 02 12:40:22 UTC 2018
------------------ testing $PTII/ptolemy/domains/de/test/auto/VariableDelayZeroDelay.xml
auto.tcl: Setting watchdog for 200 seconds at Wed May 02 12:40:23 UTC 2018
3 ms. Memory: 172544K Free: 161498K (94%)
ptolemy.util.test.WatchDog.cancel(): canceling Wed May 02 12:40:23 UTC 2018
auto.tcl: Setting watchdog for 200 seconds at Wed May 02 12:40:23 UTC 2018
4 ms. Memory: 172544K Free: 161496K (94%)
ptolemy.util.test.WatchDog.cancel(): canceling Wed May 02 12:40:23 UTC 2018
------------------ testing $PTII/ptolemy/domains/de/test/auto/VariableDelayZeroDelay2.xml
auto.tcl: Setting watchdog for 200 seconds at Wed May 02 12:40:23 UTC 2018
3 ms. Memory: 173056K Free: 162912K (94%)
ptolemy.util.test.WatchDog.cancel(): canceling Wed May 02 12:40:23 UTC 2018
auto.tcl: Setting watchdog for 200 seconds at Wed May 02 12:40:23 UTC 2018
3 ms. Memory: 173056K Free: 162912K (94%)
ptolemy.util.test.WatchDog.cancel(): canceling Wed May 02 12:40:23 UTC 2018
------------------ testing $PTII/ptolemy/domains/de/test/auto/deInCt.xml
auto.tcl: Setting watchdog for 200 seconds at Wed May 02 12:40:23 UTC 2018
0
1
1
0
0
0
1
1
1
0
0
0
1
1
1
0
0
0
1
1
1
1
0
0
1
1
0
0
0
1
1
1
0
0
0
1
1
1
0
0
0
0
1
1
1
0
0
0
1
1
1
1
1
26 ms. Memory: 172544K Free: 161499K (94%)
ptolemy.util.test.WatchDog.cancel(): canceling Wed May 02 12:40:23 UTC 2018
auto.tcl: Setting watchdog for 200 seconds at Wed May 02 12:40:23 UTC 2018
0
1
1
1
1
0
0
0
1
1
1
0
0
0
1
1
1
0
0
0
1
1
0
0
0
1
1
1
0
0
0
1
1
1
0
0
0
1
1
1
0
0
0
1
1
1
0
0
0
0
29 ms. Memory: 172544K Free: 159974K (93%)
ptolemy.util.test.WatchDog.cancel(): canceling Wed May 02 12:40:23 UTC 2018
------------------ testing $PTII/ptolemy/domains/de/test/auto/deInCt2.xml
auto.tcl: Setting watchdog for 200 seconds at Wed May 02 12:40:23 UTC 2018
0
1
1
1
0
0
1
1
1
0
0
1
1
1
0
0
1
1
1
0
0
1
1
1
0
0
1
1
1
0
0
1
1
1
0
0
1
1
1
0
0
0
12 ms. Memory: 173056K Free: 161987K (94%)
ptolemy.util.test.WatchDog.cancel(): canceling Wed May 02 12:40:23 UTC 2018
auto.tcl: Setting watchdog for 200 seconds at Wed May 02 12:40:23 UTC 2018
0
1
1
1
0
0
1
1
1
0
0
1
1
1
0
0
1
1
1
0
0
1
1
1
0
0
1
1
1
0
0
1
1
1
0
0
1
1
1
0
0
0
9 ms. Memory: 173056K Free: 160462K (93%)
ptolemy.util.test.WatchDog.cancel(): canceling Wed May 02 12:40:23 UTC 2018
------------------ testing $PTII/ptolemy/domains/de/test/auto/dynamicCausalityInterface1.xml
auto.tcl: Setting watchdog for 200 seconds at Wed May 02 12:40:23 UTC 2018
2 ms. Memory: 172544K Free: 156307K (91%)
ptolemy.util.test.WatchDog.cancel(): canceling Wed May 02 12:40:23 UTC 2018
auto.tcl: Setting watchdog for 200 seconds at Wed May 02 12:40:23 UTC 2018
1 ms. Memory: 172544K Free: 156307K (91%)
ptolemy.util.test.WatchDog.cancel(): canceling Wed May 02 12:40:23 UTC 2018
------------------ testing $PTII/ptolemy/domains/de/test/auto/fsm_de_test.xml
auto.tcl: Setting watchdog for 200 seconds at Wed May 02 12:40:23 UTC 2018
8 ms. Memory: 173056K Free: 157305K (91%)
ptolemy.util.test.WatchDog.cancel(): canceling Wed May 02 12:40:23 UTC 2018
auto.tcl: Setting watchdog for 200 seconds at Wed May 02 12:40:23 UTC 2018
7 ms. Memory: 173056K Free: 155771K (90%)
ptolemy.util.test.WatchDog.cancel(): canceling Wed May 02 12:40:23 UTC 2018
------------------ testing $PTII/ptolemy/domains/de/test/auto/functionDependencyReconstruction.xml
auto.tcl: Setting watchdog for 200 seconds at Wed May 02 12:40:23 UTC 2018
4 ms. Memory: 172544K Free: 149195K (86%)
ptolemy.util.test.WatchDog.cancel(): canceling Wed May 02 12:40:23 UTC 2018
auto.tcl: Setting watchdog for 200 seconds at Wed May 02 12:40:23 UTC 2018
4 ms. Memory: 172544K Free: 147669K (86%)
ptolemy.util.test.WatchDog.cancel(): canceling Wed May 02 12:40:23 UTC 2018
------------------ testing $PTII/ptolemy/domains/de/test/auto/multirate.xml
auto.tcl: Setting watchdog for 200 seconds at Wed May 02 12:40:23 UTC 2018
5 ms. Memory: 173056K Free: 160227K (93%)
ptolemy.util.test.WatchDog.cancel(): canceling Wed May 02 12:40:23 UTC 2018
auto.tcl: Setting watchdog for 200 seconds at Wed May 02 12:40:23 UTC 2018
5 ms. Memory: 173056K Free: 158694K (92%)
ptolemy.util.test.WatchDog.cancel(): canceling Wed May 02 12:40:23 UTC 2018
------------------ testing $PTII/ptolemy/domains/de/test/auto/multirate2.xml
auto.tcl: Setting watchdog for 200 seconds at Wed May 02 12:40:23 UTC 2018
4 ms. Memory: 172544K Free: 159905K (93%)
ptolemy.util.test.WatchDog.cancel(): canceling Wed May 02 12:40:23 UTC 2018
auto.tcl: Setting watchdog for 200 seconds at Wed May 02 12:40:23 UTC 2018
5 ms. Memory: 172544K Free: 158380K (92%)
ptolemy.util.test.WatchDog.cancel(): canceling Wed May 02 12:40:23 UTC 2018
------------------ testing $PTII/ptolemy/domains/de/test/auto/realtime.xml
auto.tcl: Setting watchdog for 200 seconds at Wed May 02 12:40:23 UTC 2018
10002 ms. Memory: 173056K Free: 161941K (94%)
ptolemy.util.test.WatchDog.cancel(): canceling Wed May 02 12:40:33 UTC 2018
auto.tcl: Setting watchdog for 200 seconds at Wed May 02 12:40:33 UTC 2018
10003 ms. Memory: 173056K Free: 160423K (93%)
ptolemy.util.test.WatchDog.cancel(): canceling Wed May 02 12:40:43 UTC 2018
------------------ testing $PTII/ptolemy/domains/de/test/auto/relationGroup.xml
auto.tcl: Setting watchdog for 200 seconds at Wed May 02 12:40:43 UTC 2018
2 ms. Memory: 172544K Free: 162988K (94%)
ptolemy.util.test.WatchDog.cancel(): canceling Wed May 02 12:40:43 UTC 2018
auto.tcl: Setting watchdog for 200 seconds at Wed May 02 12:40:43 UTC 2018
1 ms. Memory: 172544K Free: 161455K (94%)
ptolemy.util.test.WatchDog.cancel(): canceling Wed May 02 12:40:43 UTC 2018
------------------ testing $PTII/ptolemy/domains/de/test/auto/relationGroup2.xml
auto.tcl: Setting watchdog for 200 seconds at Wed May 02 12:40:43 UTC 2018
1 ms. Memory: 172544K Free: 163014K (94%)
ptolemy.util.test.WatchDog.cancel(): canceling Wed May 02 12:40:44 UTC 2018
auto.tcl: Setting watchdog for 200 seconds at Wed May 02 12:40:44 UTC 2018
1 ms. Memory: 172544K Free: 161481K (94%)
ptolemy.util.test.WatchDog.cancel(): canceling Wed May 02 12:40:44 UTC 2018
------------------ testing $PTII/ptolemy/domains/de/test/auto/sortWithOpaquePorts.xml
auto.tcl: Setting watchdog for 200 seconds at Wed May 02 12:40:44 UTC 2018
4 ms. Memory: 172544K Free: 161482K (94%)
ptolemy.util.test.WatchDog.cancel(): canceling Wed May 02 12:40:44 UTC 2018
auto.tcl: Setting watchdog for 200 seconds at Wed May 02 12:40:44 UTC 2018
2 ms. Memory: 172544K Free: 159949K (93%)
ptolemy.util.test.WatchDog.cancel(): canceling Wed May 02 12:40:44 UTC 2018
------------------ testing $PTII/ptolemy/domains/de/test/auto/transferInputsandOutputs.xml
auto.tcl: Setting watchdog for 200 seconds at Wed May 02 12:40:44 UTC 2018
2 ms. Memory: 172544K Free: 159968K (93%)
ptolemy.util.test.WatchDog.cancel(): canceling Wed May 02 12:40:44 UTC 2018
auto.tcl: Setting watchdog for 200 seconds at Wed May 02 12:40:44 UTC 2018
2 ms. Memory: 172544K Free: 158451K (92%)
ptolemy.util.test.WatchDog.cancel(): canceling Wed May 02 12:40:44 UTC 2018
------------------ testing $PTII/ptolemy/domains/de/test/auto/triggerType.xml
auto.tcl: Setting watchdog for 200 seconds at Wed May 02 12:40:44 UTC 2018
2 ms. Memory: 172544K Free: 161412K (94%)
ptolemy.util.test.WatchDog.cancel(): canceling Wed May 02 12:40:44 UTC 2018
auto.tcl: Setting watchdog for 200 seconds at Wed May 02 12:40:44 UTC 2018
2 ms. Memory: 172544K Free: 161412K (94%)
ptolemy.util.test.WatchDog.cancel(): canceling Wed May 02 12:40:44 UTC 2018
05/02/18 12:40:44
Failed: 0  Total Tests: 192  ((Passed: 187, Newly Passed: 1)  Known Failed: 5) /home/travis/build/icyphy/ptII/ptolemy/domains/de/test
05/02/18 12:40:44
Failed: 0  Total Tests: 192  ((Passed: 187, Newly Passed: 1)  Known Failed: 5) /home/travis/build/icyphy/ptII/ptolemy/domains/de/test
----------------- testing (KnownFailure) /home/travis/build/icyphy/ptII/ptolemy/domains/de/test/auto/knownFailedTests/DESDFClockTest.xml
2010 ms. Memory: 172544K Free: 153562K (89%)
Known Failure: java.lang.reflect.InvocationTargetException
----------------- testing (KnownFailure) /home/travis/build/icyphy/ptII/ptolemy/domains/de/test/auto/knownFailedTests/DirectFeedback.xml
2 ms. Memory: 172544K Free: 144429K (84%)
Known Failure: java.lang.reflect.InvocationTargetException
----------------- testing (KnownFailure) /home/travis/build/icyphy/ptII/ptolemy/domains/de/test/auto/knownFailedTests/FSMSource.xml
8 ms. Memory: 172544K Free: 133485K (77%)
----------------- testing (KnownFailure) /home/travis/build/icyphy/ptII/ptolemy/domains/de/test/auto/knownFailedTests/HierarchicalModel.xml
2 ms. Memory: 172544K Free: 113394K (66%)
Known Failure: java.lang.reflect.InvocationTargetException
----------------- testing (KnownFailure) /home/travis/build/icyphy/ptII/ptolemy/domains/de/test/auto/knownFailedTests/dependencyLoop.xml
2 ms. Memory: 172544K Free: 91481K (53%)
Known Failure: java.lang.reflect.InvocationTargetException
----------------- testing (KnownFailure) /home/travis/build/icyphy/ptII/ptolemy/domains/de/test/auto/knownFailedTests/dependencyLoop2.xml
2 ms. Memory: 169472K Free: 157582K (93%)
Known Failure: java.lang.reflect.InvocationTargetException
No auto/*.xml tests in /home/travis/build/icyphy/ptII/ptolemy/domains/de/test
AutoTests.java: About to close Vertx.
AutoTests.java: Vertx closed.
----------------- testing Wed May 02 12:40:46 UTC 2018 /home/travis/build/icyphy/ptII/ptolemy/domains/de/test/auto/ActorDepthCalculation_actorWithoutPorts.xml
1 ms. Memory: 169472K Free: 146886K (87%)
reloadAllAccessors: .ActorDepthCalculation_actorWithoutPorts
----------------- testing Wed May 02 12:40:46 UTC 2018 /home/travis/build/icyphy/ptII/ptolemy/domains/de/test/auto/AssemblyLine.xml
2 ms. Memory: 169472K Free: 137951K (81%)
reloadAllAccessors: .AssemblyLine
----------------- testing Wed May 02 12:40:46 UTC 2018 /home/travis/build/icyphy/ptII/ptolemy/domains/de/test/auto/CQBug1.xml
1 ms. Memory: 169472K Free: 134420K (79%)
reloadAllAccessors: .CQBug1
----------------- testing Wed May 02 12:40:46 UTC 2018 /home/travis/build/icyphy/ptII/ptolemy/domains/de/test/auto/CancelFireAt.xml
0 ms. Memory: 169472K Free: 129889K (77%)
reloadAllAccessors: .CancelFireAt
----------------- testing Wed May 02 12:40:46 UTC 2018 /home/travis/build/icyphy/ptII/ptolemy/domains/de/test/auto/CausalityAndComposabilityAnalysis.xml
2 ms. Memory: 169472K Free: 124580K (74%)
reloadAllAccessors: .CausalityAndComposabilityAnalysis
----------------- testing Wed May 02 12:40:46 UTC 2018 /home/travis/build/icyphy/ptII/ptolemy/domains/de/test/auto/CausalityInterface1.xml
3 ms. Memory: 169472K Free: 117414K (69%)
reloadAllAccessors: .CausalityInterface1
----------------- testing Wed May 02 12:40:46 UTC 2018 /home/travis/build/icyphy/ptII/ptolemy/domains/de/test/auto/CausalityInterface15.xml
1 ms. Memory: 169472K Free: 111178K (66%)
reloadAllAccessors: .CausalityInterface15
----------------- testing Wed May 02 12:40:46 UTC 2018 /home/travis/build/icyphy/ptII/ptolemy/domains/de/test/auto/CausalityInterface2.xml
2 ms. Memory: 169472K Free: 104908K (62%)
reloadAllAccessors: .CausalityInterface2
----------------- testing Wed May 02 12:40:46 UTC 2018 /home/travis/build/icyphy/ptII/ptolemy/domains/de/test/auto/CausalityInterface3.xml
2 ms. Memory: 169472K Free: 98679K (58%)
reloadAllAccessors: .CausalityInterface3
----------------- testing Wed May 02 12:40:46 UTC 2018 /home/travis/build/icyphy/ptII/ptolemy/domains/de/test/auto/ClockDrift.xml
12 ms. Memory: 169472K Free: 84461K (50%)
reloadAllAccessors: .ClockDrift
----------------- testing Wed May 02 12:40:46 UTC 2018 /home/travis/build/icyphy/ptII/ptolemy/domains/de/test/auto/ClockDriftAndValueChange.xml
10 ms. Memory: 166400K Free: 154323K (93%)
reloadAllAccessors: .ClockDriftAndValueChange
----------------- testing Wed May 02 12:40:46 UTC 2018 /home/travis/build/icyphy/ptII/ptolemy/domains/de/test/auto/ClockDriftChange.xml
11 ms. Memory: 166400K Free: 142543K (86%)
reloadAllAccessors: .ClockDriftChange
----------------- testing Wed May 02 12:40:46 UTC 2018 /home/travis/build/icyphy/ptII/ptolemy/domains/de/test/auto/ComposableCausalityAnalysis.xml
1 ms. Memory: 166400K Free: 135076K (81%)
reloadAllAccessors: .ComposableCausalityAnalysis
----------------- testing Wed May 02 12:40:46 UTC 2018 /home/travis/build/icyphy/ptII/ptolemy/domains/de/test/auto/DEFixedPointLimitation.xml
1 ms. Memory: 166400K Free: 129301K (78%)
reloadAllAccessors: .DEFixedPointLimitation
----------------- testing Wed May 02 12:40:46 UTC 2018 /home/travis/build/icyphy/ptII/ptolemy/domains/de/test/auto/DEScheduleTest.xml
2 ms. Memory: 166400K Free: 124185K (75%)
reloadAllAccessors: .DEScheduleTest
----------------- testing Wed May 02 12:40:46 UTC 2018 /home/travis/build/icyphy/ptII/ptolemy/domains/de/test/auto/DEinDEwithStartTimes.xml
2 ms. Memory: 166400K Free: 116654K (70%)
reloadAllAccessors: .DEinDEwithStartTimes
----------------- testing Wed May 02 12:40:46 UTC 2018 /home/travis/build/icyphy/ptII/ptolemy/domains/de/test/auto/DEinDEwithStartTimes2.xml
2 ms. Memory: 166400K Free: 108297K (65%)
reloadAllAccessors: .DEinDEwithStartTimes2
----------------- testing Wed May 02 12:40:46 UTC 2018 /home/travis/build/icyphy/ptII/ptolemy/domains/de/test/auto/DateDemo.xml
4 ms. Memory: 166400K Free: 94807K (57%)
reloadAllAccessors: .DateDemo
----------------- testing Wed May 02 12:40:46 UTC 2018 /home/travis/build/icyphy/ptII/ptolemy/domains/de/test/auto/DateToEvent.xml
2004 ms. Memory: 166400K Free: 75956K (46%)
reloadAllAccessors: .DateToEvent
[...]
java.lang.RuntimeException: Execution failed
	at ptolemy.moml.MoMLSimpleApplication$UnloadThread.run(MoMLSimpleApplication.java:402)
Caused by: ptolemy.kernel.util.IllegalActionException: Test fails in iteration 1.
Value was: 1.0. Should have been: 2.0
  in .DirectFeedback.Test
	at ptolemy.actor.lib.Test.fire(Test.java:268)
	at ptolemy.domains.de.kernel.DEDirector._fire(DEDirector.java:1948)
	at ptolemy.domains.de.kernel.DEDirector.fire(DEDirector.java:502)
	at ptolemy.actor.CompositeActor.fire(CompositeActor.java:455)
	at ptolemy.actor.Manager.iterate(Manager.java:851)
	at ptolemy.actor.Manager.execute(Manager.java:369)
	at ptolemy.actor.Manager.run(Manager.java:1263)
	at ptolemy.actor.Manager$PtolemyRunThread.run(Manager.java:1915)
java.lang.RuntimeException: Execution failed
	at ptolemy.moml.MoMLSimpleApplication$UnloadThread.run(MoMLSimpleApplication.java:402)
Caused by: ptolemy.kernel.util.IllegalActionException: Actor is not ready to fire.  Perhaps UpSample.prefire() returned false? Try debugging the actor by selecting "Listen to Actor".  Also, for SDF check moml for tokenConsumptionRate on input.
  in .DESDFClockTest.Play Bell.Copy1:SDF Director and .DESDFClockTest.Play Bell.UpSample
	at ptolemy.actor.sched.StaticSchedulingDirector.fire(StaticSchedulingDirector.java:227)
	at ptolemy.domains.sdf.kernel.SDFDirector.fire(SDFDirector.java:500)
	at ptolemy.actor.CompositeActor.fire(CompositeActor.java:455)
	at ptolemy.domains.de.kernel.DEDirector._fire(DEDirector.java:1948)
	at ptolemy.domains.de.kernel.DEDirector.fire(DEDirector.java:502)
	at ptolemy.actor.CompositeActor.fire(CompositeActor.java:455)
	at ptolemy.actor.Manager.iterate(Manager.java:851)
	at ptolemy.actor.Manager.execute(Manager.java:369)
	at ptolemy.actor.Manager.run(Manager.java:1263)
	at ptolemy.actor.Manager$PtolemyRunThread.run(Manager.java:1915)
java.lang.reflect.InvocationTargetException
	at sun.reflect.NativeConstructorAccessorImpl.newInstance0(Native Method)
	at sun.reflect.NativeConstructorAccessorImpl.newInstance(NativeConstructorAccessorImpl.java:62)
	at sun.reflect.DelegatingConstructorAccessorImpl.newInstance(DelegatingConstructorAccessorImpl.java:45)
	at java.lang.reflect.Constructor.newInstance(Constructor.java:423)
	at ptolemy.util.test.junit.AutoKnownFailedTests.RunModel(AutoKnownFailedTests.java:107)
	at sun.reflect.NativeMethodAccessorImpl.invoke0(Native Method)
	at sun.reflect.NativeMethodAccessorImpl.invoke(NativeMethodAccessorImpl.java:62)
	at sun.reflect.DelegatingMethodAccessorImpl.invoke(DelegatingMethodAccessorImpl.java:43)
	at java.lang.reflect.Method.invoke(Method.java:498)
	at org.junit.runners.model.FrameworkMethod$1.runReflectiveCall(FrameworkMethod.java:44)
	at org.junit.internal.runners.model.ReflectiveCallable.run(ReflectiveCallable.java:15)
	at org.junit.runners.model.FrameworkMethod.invokeExplosively(FrameworkMethod.java:41)
	at junitparams.internal.InvokeParameterisedMethod.evaluate(InvokeParameterisedMethod.java:102)
	at org.junit.internal.runners.statements.FailOnTimeout$1.run(FailOnTimeout.java:28)
Caused by: ptolemy.kernel.util.IllegalActionException: Actor is not ready to fire.  Perhaps UpSample.prefire() returned false? Try debugging the actor by selecting "Listen to Actor".  Also, for SDF check moml for tokenConsumptionRate on input.
  in .DESDFClockTest.Play Bell.Copy1:SDF Director and .DESDFClockTest.Play Bell.UpSample
	at ptolemy.actor.sched.StaticSchedulingDirector.fire(StaticSchedulingDirector.java:227)
	at ptolemy.domains.sdf.kernel.SDFDirector.fire(SDFDirector.java:500)
	at ptolemy.actor.CompositeActor.fire(CompositeActor.java:455)
	at ptolemy.domains.de.kernel.DEDirector._fire(DEDirector.java:1948)
	at ptolemy.domains.de.kernel.DEDirector.fire(DEDirector.java:502)
	at ptolemy.actor.CompositeActor.fire(CompositeActor.java:455)
	at ptolemy.actor.Manager.iterate(Manager.java:851)
	at ptolemy.actor.Manager.execute(Manager.java:369)
	at ptolemy.actor.Manager.run(Manager.java:1263)
	at ptolemy.actor.Manager$PtolemyRunThread.run(Manager.java:1915)
java.lang.RuntimeException: Execution failed
	at ptolemy.moml.MoMLSimpleApplication$UnloadThread.run(MoMLSimpleApplication.java:402)
Caused by: ptolemy.kernel.util.IllegalActionException: Test fails in iteration 1.
Value was: 1.0. Should have been: 2.0
  in .DirectFeedback.Test
	at ptolemy.actor.lib.Test.fire(Test.java:268)
	at ptolemy.domains.de.kernel.DEDirector._fire(DEDirector.java:1948)
	at ptolemy.domains.de.kernel.DEDirector.fire(DEDirector.java:502)
	at ptolemy.actor.CompositeActor.fire(CompositeActor.java:455)
	at ptolemy.actor.Manager.iterate(Manager.java:851)
	at ptolemy.actor.Manager.execute(Manager.java:369)
	at ptolemy.actor.Manager.run(Manager.java:1263)
	at ptolemy.actor.Manager$PtolemyRunThread.run(Manager.java:1915)
java.lang.reflect.InvocationTargetException
	at sun.reflect.NativeConstructorAccessorImpl.newInstance0(Native Method)
	at sun.reflect.NativeConstructorAccessorImpl.newInstance(NativeConstructorAccessorImpl.java:62)
	at sun.reflect.DelegatingConstructorAccessorImpl.newInstance(DelegatingConstructorAccessorImpl.java:45)
	at java.lang.reflect.Constructor.newInstance(Constructor.java:423)
	at ptolemy.util.test.junit.AutoKnownFailedTests.RunModel(AutoKnownFailedTests.java:107)
	at sun.reflect.NativeMethodAccessorImpl.invoke0(Native Method)
	at sun.reflect.NativeMethodAccessorImpl.invoke(NativeMethodAccessorImpl.java:62)
	at sun.reflect.DelegatingMethodAccessorImpl.invoke(DelegatingMethodAccessorImpl.java:43)
	at java.lang.reflect.Method.invoke(Method.java:498)
	at org.junit.runners.model.FrameworkMethod$1.runReflectiveCall(FrameworkMethod.java:44)
	at org.junit.internal.runners.model.ReflectiveCallable.run(ReflectiveCallable.java:15)
	at org.junit.runners.model.FrameworkMethod.invokeExplosively(FrameworkMethod.java:41)
	at junitparams.internal.InvokeParameterisedMethod.evaluate(InvokeParameterisedMethod.java:102)
	at org.junit.internal.runners.statements.FailOnTimeout$1.run(FailOnTimeout.java:28)
Caused by: ptolemy.kernel.util.IllegalActionException: Test fails in iteration 1.
Value was: 1.0. Should have been: 2.0
  in .DirectFeedback.Test
	at ptolemy.actor.lib.Test.fire(Test.java:268)
	at ptolemy.domains.de.kernel.DEDirector._fire(DEDirector.java:1948)
	at ptolemy.domains.de.kernel.DEDirector.fire(DEDirector.java:502)
	at ptolemy.actor.CompositeActor.fire(CompositeActor.java:455)
	at ptolemy.actor.Manager.iterate(Manager.java:851)
	at ptolemy.actor.Manager.execute(Manager.java:369)
	at ptolemy.actor.Manager.run(Manager.java:1263)
	at ptolemy.actor.Manager$PtolemyRunThread.run(Manager.java:1915)
java.lang.RuntimeException: Execution failed
	at ptolemy.moml.MoMLSimpleApplication$UnloadThread.run(MoMLSimpleApplication.java:402)
Caused by: ptolemy.kernel.util.IllegalActionException: Found a zero delay loop containing .HierarchicalModel.A
  in .HierarchicalModel and .HierarchicalModel.A
	at ptolemy.actor.util.CausalityInterfaceForComposites._computeOutputPortDepth(CausalityInterfaceForComposites.java:759)
	at ptolemy.actor.util.CausalityInterfaceForComposites._computeInputDepth(CausalityInterfaceForComposites.java:696)
	at ptolemy.actor.util.CausalityInterfaceForComposites._computeOutputPortDepth(CausalityInterfaceForComposites.java:765)
	at ptolemy.actor.util.CausalityInterfaceForComposites._computeInputDepth(CausalityInterfaceForComposites.java:696)
	at ptolemy.actor.util.CausalityInterfaceForComposites._computeOutputPortDepth(CausalityInterfaceForComposites.java:765)
	at ptolemy.actor.util.CausalityInterfaceForComposites._computeInputDepth(CausalityInterfaceForComposites.java:696)
	at ptolemy.actor.util.CausalityInterfaceForComposites._computeActorDepth(CausalityInterfaceForComposites.java:532)
	at ptolemy.actor.util.CausalityInterfaceForComposites.checkForCycles(CausalityInterfaceForComposites.java:96)
	at ptolemy.domains.de.kernel.DEDirector.preinitialize(DEDirector.java:1337)
	at ptolemy.actor.CompositeActor.preinitialize(CompositeActor.java:1828)
	at ptolemy.actor.Manager.preinitializeAndResolveTypes(Manager.java:1040)
	at ptolemy.actor.Manager.initialize(Manager.java:710)
	at ptolemy.actor.Manager.execute(Manager.java:356)
	at ptolemy.actor.Manager.run(Manager.java:1263)
	at ptolemy.actor.Manager$PtolemyRunThread.run(Manager.java:1915)
java.lang.reflect.InvocationTargetException
	at sun.reflect.NativeConstructorAccessorImpl.newInstance0(Native Method)
	at sun.reflect.NativeConstructorAccessorImpl.newInstance(NativeConstructorAccessorImpl.java:62)
	at sun.reflect.DelegatingConstructorAccessorImpl.newInstance(DelegatingConstructorAccessorImpl.java:45)
	at java.lang.reflect.Constructor.newInstance(Constructor.java:423)
	at ptolemy.util.test.junit.AutoKnownFailedTests.RunModel(AutoKnownFailedTests.java:107)
	at sun.reflect.NativeMethodAccessorImpl.invoke0(Native Method)
	at sun.reflect.NativeMethodAccessorImpl.invoke(NativeMethodAccessorImpl.java:62)
	at sun.reflect.DelegatingMethodAccessorImpl.invoke(DelegatingMethodAccessorImpl.java:43)
	at java.lang.reflect.Method.invoke(Method.java:498)
	at org.junit.runners.model.FrameworkMethod$1.runReflectiveCall(FrameworkMethod.java:44)
	at org.junit.internal.runners.model.ReflectiveCallable.run(ReflectiveCallable.java:15)
	at org.junit.runners.model.FrameworkMethod.invokeExplosively(FrameworkMethod.java:41)
	at junitparams.internal.InvokeParameterisedMethod.evaluate(InvokeParameterisedMethod.java:102)
	at org.junit.internal.runners.statements.FailOnTimeout$1.run(FailOnTimeout.java:28)
Caused by: ptolemy.kernel.util.IllegalActionException: Found a zero delay loop containing .HierarchicalModel.A
  in .HierarchicalModel and .HierarchicalModel.A
	at ptolemy.actor.util.CausalityInterfaceForComposites._computeOutputPortDepth(CausalityInterfaceForComposites.java:759)
	at ptolemy.actor.util.CausalityInterfaceForComposites._computeInputDepth(CausalityInterfaceForComposites.java:696)
	at ptolemy.actor.util.CausalityInterfaceForComposites._computeOutputPortDepth(CausalityInterfaceForComposites.java:765)
	at ptolemy.actor.util.CausalityInterfaceForComposites._computeInputDepth(CausalityInterfaceForComposites.java:696)
	at ptolemy.actor.util.CausalityInterfaceForComposites._computeOutputPortDepth(CausalityInterfaceForComposites.java:765)
	at ptolemy.actor.util.CausalityInterfaceForComposites._computeInputDepth(CausalityInterfaceForComposites.java:696)
	at ptolemy.actor.util.CausalityInterfaceForComposites._computeActorDepth(CausalityInterfaceForComposites.java:532)
	at ptolemy.actor.util.CausalityInterfaceForComposites.checkForCycles(CausalityInterfaceForComposites.java:96)
	at ptolemy.domains.de.kernel.DEDirector.preinitialize(DEDirector.java:1337)
	at ptolemy.actor.CompositeActor.preinitialize(CompositeActor.java:1828)
	at ptolemy.actor.Manager.preinitializeAndResolveTypes(Manager.java:1040)
	at ptolemy.actor.Manager.initialize(Manager.java:710)
	at ptolemy.actor.Manager.execute(Manager.java:356)
	at ptolemy.actor.Manager.run(Manager.java:1263)
	at ptolemy.actor.Manager$PtolemyRunThread.run(Manager.java:1915)
java.lang.RuntimeException: Execution failed
	at ptolemy.moml.MoMLSimpleApplication$UnloadThread.run(MoMLSimpleApplication.java:402)
Caused by: ptolemy.kernel.util.IllegalActionException: Found a zero delay loop containing .dependencyLoop.original
  in .dependencyLoop and .dependencyLoop.original
	at ptolemy.actor.util.CausalityInterfaceForComposites._computeOutputPortDepth(CausalityInterfaceForComposites.java:759)
	at ptolemy.actor.util.CausalityInterfaceForComposites._computeInputDepth(CausalityInterfaceForComposites.java:696)
	at ptolemy.actor.util.CausalityInterfaceForComposites._computeOutputPortDepth(CausalityInterfaceForComposites.java:765)
	at ptolemy.actor.util.CausalityInterfaceForComposites._computeInputDepth(CausalityInterfaceForComposites.java:696)
	at ptolemy.actor.util.CausalityInterfaceForComposites._computeOutputPortDepth(CausalityInterfaceForComposites.java:765)
	at ptolemy.actor.util.CausalityInterfaceForComposites._computeInputDepth(CausalityInterfaceForComposites.java:696)
	at ptolemy.actor.util.CausalityInterfaceForComposites._computeActorDepth(CausalityInterfaceForComposites.java:532)
	at ptolemy.actor.util.CausalityInterfaceForComposites.checkForCycles(CausalityInterfaceForComposites.java:96)
	at ptolemy.domains.de.kernel.DEDirector.preinitialize(DEDirector.java:1337)
	at ptolemy.actor.CompositeActor.preinitialize(CompositeActor.java:1828)
	at ptolemy.actor.Manager.preinitializeAndResolveTypes(Manager.java:1040)
	at ptolemy.actor.Manager.initialize(Manager.java:710)
	at ptolemy.actor.Manager.execute(Manager.java:356)
	at ptolemy.actor.Manager.run(Manager.java:1263)
	at ptolemy.actor.Manager$PtolemyRunThread.run(Manager.java:1915)
java.lang.reflect.InvocationTargetException
	at sun.reflect.NativeConstructorAccessorImpl.newInstance0(Native Method)
	at sun.reflect.NativeConstructorAccessorImpl.newInstance(NativeConstructorAccessorImpl.java:62)
	at sun.reflect.DelegatingConstructorAccessorImpl.newInstance(DelegatingConstructorAccessorImpl.java:45)
	at java.lang.reflect.Constructor.newInstance(Constructor.java:423)
	at ptolemy.util.test.junit.AutoKnownFailedTests.RunModel(AutoKnownFailedTests.java:107)
	at sun.reflect.NativeMethodAccessorImpl.invoke0(Native Method)
	at sun.reflect.NativeMethodAccessorImpl.invoke(NativeMethodAccessorImpl.java:62)
	at sun.reflect.DelegatingMethodAccessorImpl.invoke(DelegatingMethodAccessorImpl.java:43)
	at java.lang.reflect.Method.invoke(Method.java:498)
	at org.junit.runners.model.FrameworkMethod$1.runReflectiveCall(FrameworkMethod.java:44)
	at org.junit.internal.runners.model.ReflectiveCallable.run(ReflectiveCallable.java:15)
	at org.junit.runners.model.FrameworkMethod.invokeExplosively(FrameworkMethod.java:41)
	at junitparams.internal.InvokeParameterisedMethod.evaluate(InvokeParameterisedMethod.java:102)
	at org.junit.internal.runners.statements.FailOnTimeout$1.run(FailOnTimeout.java:28)
Caused by: ptolemy.kernel.util.IllegalActionException: Found a zero delay loop containing .dependencyLoop.original
  in .dependencyLoop and .dependencyLoop.original
	at ptolemy.actor.util.CausalityInterfaceForComposites._computeOutputPortDepth(CausalityInterfaceForComposites.java:759)
	at ptolemy.actor.util.CausalityInterfaceForComposites._computeInputDepth(CausalityInterfaceForComposites.java:696)
	at ptolemy.actor.util.CausalityInterfaceForComposites._computeOutputPortDepth(CausalityInterfaceForComposites.java:765)
	at ptolemy.actor.util.CausalityInterfaceForComposites._computeInputDepth(CausalityInterfaceForComposites.java:696)
	at ptolemy.actor.util.CausalityInterfaceForComposites._computeOutputPortDepth(CausalityInterfaceForComposites.java:765)
	at ptolemy.actor.util.CausalityInterfaceForComposites._computeInputDepth(CausalityInterfaceForComposites.java:696)
	at ptolemy.actor.util.CausalityInterfaceForComposites._computeActorDepth(CausalityInterfaceForComposites.java:532)
	at ptolemy.actor.util.CausalityInterfaceForComposites.checkForCycles(CausalityInterfaceForComposites.java:96)
	at ptolemy.domains.de.kernel.DEDirector.preinitialize(DEDirector.java:1337)
	at ptolemy.actor.CompositeActor.preinitialize(CompositeActor.java:1828)
	at ptolemy.actor.Manager.preinitializeAndResolveTypes(Manager.java:1040)
	at ptolemy.actor.Manager.initialize(Manager.java:710)
	at ptolemy.actor.Manager.execute(Manager.java:356)
	at ptolemy.actor.Manager.run(Manager.java:1263)
	at ptolemy.actor.Manager$PtolemyRunThread.run(Manager.java:1915)
java.lang.RuntimeException: Execution failed
	at ptolemy.moml.MoMLSimpleApplication$UnloadThread.run(MoMLSimpleApplication.java:402)
Caused by: ptolemy.kernel.util.IllegalActionException: Found a zero delay loop containing .dependencyLoop2.original
  in .dependencyLoop2 and .dependencyLoop2.original
	at ptolemy.actor.util.CausalityInterfaceForComposites._computeOutputPortDepth(CausalityInterfaceForComposites.java:759)
	at ptolemy.actor.util.CausalityInterfaceForComposites._computeInputDepth(CausalityInterfaceForComposites.java:696)
	at ptolemy.actor.util.CausalityInterfaceForComposites._computeOutputPortDepth(CausalityInterfaceForComposites.java:765)
	at ptolemy.actor.util.CausalityInterfaceForComposites._computeInputDepth(CausalityInterfaceForComposites.java:696)
	at ptolemy.actor.util.CausalityInterfaceForComposites._computeOutputPortDepth(CausalityInterfaceForComposites.java:765)
	at ptolemy.actor.util.CausalityInterfaceForComposites._computeInputDepth(CausalityInterfaceForComposites.java:696)
	at ptolemy.actor.util.CausalityInterfaceForComposites._computeActorDepth(CausalityInterfaceForComposites.java:532)
	at ptolemy.actor.util.CausalityInterfaceForComposites.checkForCycles(CausalityInterfaceForComposites.java:96)
	at ptolemy.domains.de.kernel.DEDirector.preinitialize(DEDirector.java:1337)
	at ptolemy.actor.CompositeActor.preinitialize(CompositeActor.java:1828)
	at ptolemy.actor.Manager.preinitializeAndResolveTypes(Manager.java:1040)
	at ptolemy.actor.Manager.initialize(Manager.java:710)
	at ptolemy.actor.Manager.execute(Manager.java:356)
	at ptolemy.actor.Manager.run(Manager.java:1263)
	at ptolemy.actor.Manager$PtolemyRunThread.run(Manager.java:1915)
java.lang.reflect.InvocationTargetException
	at sun.reflect.NativeConstructorAccessorImpl.newInstance0(Native Method)
	at sun.reflect.NativeConstructorAccessorImpl.newInstance(NativeConstructorAccessorImpl.java:62)
	at sun.reflect.DelegatingConstructorAccessorImpl.newInstance(DelegatingConstructorAccessorImpl.java:45)
	at java.lang.reflect.Constructor.newInstance(Constructor.java:423)
	at ptolemy.util.test.junit.AutoKnownFailedTests.RunModel(AutoKnownFailedTests.java:107)
	at sun.reflect.NativeMethodAccessorImpl.invoke0(Native Method)
	at sun.reflect.NativeMethodAccessorImpl.invoke(NativeMethodAccessorImpl.java:62)
	at sun.reflect.DelegatingMethodAccessorImpl.invoke(DelegatingMethodAccessorImpl.java:43)
	at java.lang.reflect.Method.invoke(Method.java:498)
	at org.junit.runners.model.FrameworkMethod$1.runReflectiveCall(FrameworkMethod.java:44)
	at org.junit.internal.runners.model.ReflectiveCallable.run(ReflectiveCallable.java:15)
	at org.junit.runners.model.FrameworkMethod.invokeExplosively(FrameworkMethod.java:41)
	at junitparams.internal.InvokeParameterisedMethod.evaluate(InvokeParameterisedMethod.java:102)
	at org.junit.internal.runners.statements.FailOnTimeout$1.run(FailOnTimeout.java:28)
Caused by: ptolemy.kernel.util.IllegalActionException: Found a zero delay loop containing .dependencyLoop2.original
  in .dependencyLoop2 and .dependencyLoop2.original
	at ptolemy.actor.util.CausalityInterfaceForComposites._computeOutputPortDepth(CausalityInterfaceForComposites.java:759)
	at ptolemy.actor.util.CausalityInterfaceForComposites._computeInputDepth(CausalityInterfaceForComposites.java:696)
	at ptolemy.actor.util.CausalityInterfaceForComposites._computeOutputPortDepth(CausalityInterfaceForComposites.java:765)
	at ptolemy.actor.util.CausalityInterfaceForComposites._computeInputDepth(CausalityInterfaceForComposites.java:696)
	at ptolemy.actor.util.CausalityInterfaceForComposites._computeOutputPortDepth(CausalityInterfaceForComposites.java:765)
	at ptolemy.actor.util.CausalityInterfaceForComposites._computeInputDepth(CausalityInterfaceForComposites.java:696)
	at ptolemy.actor.util.CausalityInterfaceForComposites._computeActorDepth(CausalityInterfaceForComposites.java:532)
	at ptolemy.actor.util.CausalityInterfaceForComposites.checkForCycles(CausalityInterfaceForComposites.java:96)
	at ptolemy.domains.de.kernel.DEDirector.preinitialize(DEDirector.java:1337)
	at ptolemy.actor.CompositeActor.preinitialize(CompositeActor.java:1828)
	at ptolemy.actor.Manager.preinitializeAndResolveTypes(Manager.java:1040)
	at ptolemy.actor.Manager.initialize(Manager.java:710)
	at ptolemy.actor.Manager.execute(Manager.java:356)
	at ptolemy.actor.Manager.run(Manager.java:1263)
	at ptolemy.actor.Manager$PtolemyRunThread.run(Manager.java:1915)
]]></system-err>
</testsuite>
