<?xml version="1.0" encoding="UTF-8" ?>
<testsuite errors="0" failures="0" hostname="travis-job-cbda7067-2ffd-46de-aaeb-6c797a9b4975" name="ptolemy.domains.modal.test.junit.JUnitTclTest" skipped="0" tests="148" time="9.132" timestamp="2018-05-23T13:13:20">
  <properties>
[...]
</properties>
  <testcase classname="ptolemy.util.test.junit.TclTests" name="[0] /home/travis/build/icyphy/ptII/ptolemy/domains/modal/test/SystemLevelType.tcl (RunTclFile)" time="1.674" />
  <testcase classname="ptolemy.util.test.junit.AutoKnownFailedTests" name="[0] /home/travis/build/icyphy/ptII/ptolemy/domains/modal/test/auto/knownFailedTests/CannotAnalysisWithPreemption.xml (RunModel)" time="0.173" />
  <testcase classname="ptolemy.util.test.junit.AutoNameArchTests" name="[0] ThereAreNoAutoTests (RunModel)" time="0.014" />
  <testcase classname="ptolemy.util.test.junit.AutoTests" name="[0] /home/travis/build/icyphy/ptII/ptolemy/domains/modal/test/auto/ABPTest.xml (RunModel)" time="0.61" />
  <testcase classname="ptolemy.util.test.junit.AutoTests" name="[1] /home/travis/build/icyphy/ptII/ptolemy/domains/modal/test/auto/ABROFlat.xml (RunModel)" time="0.046" />
  <testcase classname="ptolemy.util.test.junit.AutoTests" name="[2] /home/travis/build/icyphy/ptII/ptolemy/domains/modal/test/auto/ABROFlat2.xml (RunModel)" time="0.08" />
  <testcase classname="ptolemy.util.test.junit.AutoTests" name="[3] /home/travis/build/icyphy/ptII/ptolemy/domains/modal/test/auto/ABRO_present_hmm.xml (RunModel)" time="0.083" />
  <testcase classname="ptolemy.util.test.junit.AutoTests" name="[4] /home/travis/build/icyphy/ptII/ptolemy/domains/modal/test/auto/AMICoderExample.xml (RunModel)" time="0.068" />
  <testcase classname="ptolemy.util.test.junit.AutoTests" name="[5] /home/travis/build/icyphy/ptII/ptolemy/domains/modal/test/auto/AbsentToPresent.xml (RunModel)" time="0.018" />
  <testcase classname="ptolemy.util.test.junit.AutoTests" name="[6] /home/travis/build/icyphy/ptII/ptolemy/domains/modal/test/auto/Blending.xml (RunModel)" time="0.265" />
  <testcase classname="ptolemy.util.test.junit.AutoTests" name="[7] /home/travis/build/icyphy/ptII/ptolemy/domains/modal/test/auto/Broadcast.xml (RunModel)" time="0.047" />
  <testcase classname="ptolemy.util.test.junit.AutoTests" name="[8] /home/travis/build/icyphy/ptII/ptolemy/domains/modal/test/auto/BroadcastHierarchy.xml (RunModel)" time="0.059" />
  <testcase classname="ptolemy.util.test.junit.AutoTests" name="[9] /home/travis/build/icyphy/ptII/ptolemy/domains/modal/test/auto/BroadcastHierarchy2.xml (RunModel)" time="0.096" />
  <testcase classname="ptolemy.util.test.junit.AutoTests" name="[10] /home/travis/build/icyphy/ptII/ptolemy/domains/modal/test/auto/BroadcastHierarchy3.xml (RunModel)" time="0.114" />
  <testcase classname="ptolemy.util.test.junit.AutoTests" name="[11] /home/travis/build/icyphy/ptII/ptolemy/domains/modal/test/auto/BroadcastHierarchy4.xml (RunModel)" time="0.087" />
  <testcase classname="ptolemy.util.test.junit.AutoTests" name="[12] /home/travis/build/icyphy/ptII/ptolemy/domains/modal/test/auto/CannotAnalysisWithPreemption2.xml (RunModel)" time="0.041" />
  <testcase classname="ptolemy.util.test.junit.AutoTests" name="[13] /home/travis/build/icyphy/ptII/ptolemy/domains/modal/test/auto/CannotAnalysisWithPreemption3.xml (RunModel)" time="0.045" />
  <testcase classname="ptolemy.util.test.junit.AutoTests" name="[14] /home/travis/build/icyphy/ptII/ptolemy/domains/modal/test/auto/CannotProduce.xml (RunModel)" time="0.031" />
  <testcase classname="ptolemy.util.test.junit.AutoTests" name="[15] /home/travis/build/icyphy/ptII/ptolemy/domains/modal/test/auto/CannotProduceModal.xml (RunModel)" time="0.037" />
  <testcase classname="ptolemy.util.test.junit.AutoTests" name="[16] /home/travis/build/icyphy/ptII/ptolemy/domains/modal/test/auto/Case.xml (RunModel)" time="0.084" />
  <testcase classname="ptolemy.util.test.junit.AutoTests" name="[17] /home/travis/build/icyphy/ptII/ptolemy/domains/modal/test/auto/Case1.xml (RunModel)" time="0.028" />
  <testcase classname="ptolemy.util.test.junit.AutoTests" name="[18] /home/travis/build/icyphy/ptII/ptolemy/domains/modal/test/auto/Case2.xml (RunModel)" time="0.06" />
  <testcase classname="ptolemy.util.test.junit.AutoTests" name="[19] /home/travis/build/icyphy/ptII/ptolemy/domains/modal/test/auto/CausalityInterface1.xml (RunModel)" time="0.025" />
  <testcase classname="ptolemy.util.test.junit.AutoTests" name="[20] /home/travis/build/icyphy/ptII/ptolemy/domains/modal/test/auto/CausalityInterface10.xml (RunModel)" time="0.044" />
  <testcase classname="ptolemy.util.test.junit.AutoTests" name="[21] /home/travis/build/icyphy/ptII/ptolemy/domains/modal/test/auto/CausalityInterface11.xml (RunModel)" time="0.042" />
  <testcase classname="ptolemy.util.test.junit.AutoTests" name="[22] /home/travis/build/icyphy/ptII/ptolemy/domains/modal/test/auto/CausalityInterface12.xml (RunModel)" time="0.039" />
  <testcase classname="ptolemy.util.test.junit.AutoTests" name="[23] /home/travis/build/icyphy/ptII/ptolemy/domains/modal/test/auto/CausalityInterface13.xml (RunModel)" time="0.058" />
  <testcase classname="ptolemy.util.test.junit.AutoTests" name="[24] /home/travis/build/icyphy/ptII/ptolemy/domains/modal/test/auto/CausalityInterface14.xml (RunModel)" time="0.051" />
  <testcase classname="ptolemy.util.test.junit.AutoTests" name="[25] /home/travis/build/icyphy/ptII/ptolemy/domains/modal/test/auto/CausalityInterface2.xml (RunModel)" time="0.03" />
  <testcase classname="ptolemy.util.test.junit.AutoTests" name="[26] /home/travis/build/icyphy/ptII/ptolemy/domains/modal/test/auto/CausalityInterface3.xml (RunModel)" time="0.044" />
  <testcase classname="ptolemy.util.test.junit.AutoTests" name="[27] /home/travis/build/icyphy/ptII/ptolemy/domains/modal/test/auto/CausalityInterface4.xml (RunModel)" time="0.043" />
  <testcase classname="ptolemy.util.test.junit.AutoTests" name="[28] /home/travis/build/icyphy/ptII/ptolemy/domains/modal/test/auto/CausalityInterface5.xml (RunModel)" time="0.029" />
  <testcase classname="ptolemy.util.test.junit.AutoTests" name="[29] /home/travis/build/icyphy/ptII/ptolemy/domains/modal/test/auto/CausalityInterface6.xml (RunModel)" time="0.034" />
  <testcase classname="ptolemy.util.test.junit.AutoTests" name="[30] /home/travis/build/icyphy/ptII/ptolemy/domains/modal/test/auto/CausalityInterface7.xml (RunModel)" time="0.037" />
  <testcase classname="ptolemy.util.test.junit.AutoTests" name="[31] /home/travis/build/icyphy/ptII/ptolemy/domains/modal/test/auto/CausalityInterface8.xml (RunModel)" time="0.047" />
  <testcase classname="ptolemy.util.test.junit.AutoTests" name="[32] /home/travis/build/icyphy/ptII/ptolemy/domains/modal/test/auto/CausalityInterface9.xml (RunModel)" time="0.033" />
  <testcase classname="ptolemy.util.test.junit.AutoTests" name="[33] /home/travis/build/icyphy/ptII/ptolemy/domains/modal/test/auto/ChainedTransitions.xml (RunModel)" time="0.132" />
  <testcase classname="ptolemy.util.test.junit.AutoTests" name="[34] /home/travis/build/icyphy/ptII/ptolemy/domains/modal/test/auto/CycleOfImmediateTransitionsFSM.xml (RunModel)" time="0.017" />
  <testcase classname="ptolemy.util.test.junit.AutoTests" name="[35] /home/travis/build/icyphy/ptII/ptolemy/domains/modal/test/auto/CycleOfImmediateTransitionsModal.xml (RunModel)" time="0.022" />
  <testcase classname="ptolemy.util.test.junit.AutoTests" name="[36] /home/travis/build/icyphy/ptII/ptolemy/domains/modal/test/auto/CycleOfImmediateTransitionsModal2.xml (RunModel)" time="0.02" />
  <testcase classname="ptolemy.util.test.junit.AutoTests" name="[37] /home/travis/build/icyphy/ptII/ptolemy/domains/modal/test/auto/CycleOfImmediateTransitionsModal3.xml (RunModel)" time="0.078" />
  <testcase classname="ptolemy.util.test.junit.AutoTests" name="[38] /home/travis/build/icyphy/ptII/ptolemy/domains/modal/test/auto/DeepModal1.xml (RunModel)" time="0.045" />
  <testcase classname="ptolemy.util.test.junit.AutoTests" name="[39] /home/travis/build/icyphy/ptII/ptolemy/domains/modal/test/auto/DeepModal2.xml (RunModel)" time="0.053" />
  <testcase classname="ptolemy.util.test.junit.AutoTests" name="[40] /home/travis/build/icyphy/ptII/ptolemy/domains/modal/test/auto/DeepModal3.xml (RunModel)" time="0.054" />
  <testcase classname="ptolemy.util.test.junit.AutoTests" name="[41] /home/travis/build/icyphy/ptII/ptolemy/domains/modal/test/auto/DeepModal4.xml (RunModel)" time="0.078" />
  <testcase classname="ptolemy.util.test.junit.AutoTests" name="[42] /home/travis/build/icyphy/ptII/ptolemy/domains/modal/test/auto/Default1.xml (RunModel)" time="0.025" />
  <testcase classname="ptolemy.util.test.junit.AutoTests" name="[43] /home/travis/build/icyphy/ptII/ptolemy/domains/modal/test/auto/Default2.xml (RunModel)" time="0.025" />
  <testcase classname="ptolemy.util.test.junit.AutoTests" name="[44] /home/travis/build/icyphy/ptII/ptolemy/domains/modal/test/auto/Default3.xml (RunModel)" time="0.015" />
  <testcase classname="ptolemy.util.test.junit.AutoTests" name="[45] /home/travis/build/icyphy/ptII/ptolemy/domains/modal/test/auto/Default4.xml (RunModel)" time="0.023" />
  <testcase classname="ptolemy.util.test.junit.AutoTests" name="[46] /home/travis/build/icyphy/ptII/ptolemy/domains/modal/test/auto/Default5.xml (RunModel)" time="0.024" />
  <testcase classname="ptolemy.util.test.junit.AutoTests" name="[47] /home/travis/build/icyphy/ptII/ptolemy/domains/modal/test/auto/EmptyGuard.xml (RunModel)" time="0.024" />
  <testcase classname="ptolemy.util.test.junit.AutoTests" name="[48] /home/travis/build/icyphy/ptII/ptolemy/domains/modal/test/auto/ErrorTransition1.xml (RunModel)" time="0.032" />
  <testcase classname="ptolemy.util.test.junit.AutoTests" name="[49] /home/travis/build/icyphy/ptII/ptolemy/domains/modal/test/auto/ErrorTransition10.xml (RunModel)" time="0.052" />
  <testcase classname="ptolemy.util.test.junit.AutoTests" name="[50] /home/travis/build/icyphy/ptII/ptolemy/domains/modal/test/auto/ErrorTransition11.xml (RunModel)" time="0.037" />
  <testcase classname="ptolemy.util.test.junit.AutoTests" name="[51] /home/travis/build/icyphy/ptII/ptolemy/domains/modal/test/auto/ErrorTransition2.xml (RunModel)" time="0.024" />
  <testcase classname="ptolemy.util.test.junit.AutoTests" name="[52] /home/travis/build/icyphy/ptII/ptolemy/domains/modal/test/auto/ErrorTransition3.xml (RunModel)" time="0.031" />
  <testcase classname="ptolemy.util.test.junit.AutoTests" name="[53] /home/travis/build/icyphy/ptII/ptolemy/domains/modal/test/auto/ErrorTransition4.xml (RunModel)" time="0.033" />
  <testcase classname="ptolemy.util.test.junit.AutoTests" name="[54] /home/travis/build/icyphy/ptII/ptolemy/domains/modal/test/auto/ErrorTransition5.xml (RunModel)" time="0.025" />
  <testcase classname="ptolemy.util.test.junit.AutoTests" name="[55] /home/travis/build/icyphy/ptII/ptolemy/domains/modal/test/auto/ErrorTransition6.xml (RunModel)" time="0.029" />
  <testcase classname="ptolemy.util.test.junit.AutoTests" name="[56] /home/travis/build/icyphy/ptII/ptolemy/domains/modal/test/auto/ErrorTransition7.xml (RunModel)" time="0.038" />
  <testcase classname="ptolemy.util.test.junit.AutoTests" name="[57] /home/travis/build/icyphy/ptII/ptolemy/domains/modal/test/auto/ErrorTransition8.xml (RunModel)" time="0.04" />
  <testcase classname="ptolemy.util.test.junit.AutoTests" name="[58] /home/travis/build/icyphy/ptII/ptolemy/domains/modal/test/auto/ErrorTransition9.xml (RunModel)" time="0.03" />
  <testcase classname="ptolemy.util.test.junit.AutoTests" name="[59] /home/travis/build/icyphy/ptII/ptolemy/domains/modal/test/auto/ExtendedFSM.xml (RunModel)" time="0.034" />
  <testcase classname="ptolemy.util.test.junit.AutoTests" name="[60] /home/travis/build/icyphy/ptII/ptolemy/domains/modal/test/auto/FinalStates.xml (RunModel)" time="0.028" />
  <testcase classname="ptolemy.util.test.junit.AutoTests" name="[61] /home/travis/build/icyphy/ptII/ptolemy/domains/modal/test/auto/FixedPointFSM.xml (RunModel)" time="0.029" />
  <testcase classname="ptolemy.util.test.junit.AutoTests" name="[62] /home/travis/build/icyphy/ptII/ptolemy/domains/modal/test/auto/FixedPointIterationFSMActor.xml (RunModel)" time="0.021" />
  <testcase classname="ptolemy.util.test.junit.AutoTests" name="[63] /home/travis/build/icyphy/ptII/ptolemy/domains/modal/test/auto/FixedPointIterationFSMActor2.xml (RunModel)" time="0.024" />
  <testcase classname="ptolemy.util.test.junit.AutoTests" name="[64] /home/travis/build/icyphy/ptII/ptolemy/domains/modal/test/auto/ForbiddenInstantanousLoop.xml (RunModel)" time="0.025" />
  <testcase classname="ptolemy.util.test.junit.AutoTests" name="[65] /home/travis/build/icyphy/ptII/ptolemy/domains/modal/test/auto/FunctionDependencyOfFSMActorTest.xml (RunModel)" time="0.017" />
  <testcase classname="ptolemy.util.test.junit.AutoTests" name="[66] /home/travis/build/icyphy/ptII/ptolemy/domains/modal/test/auto/GuardExpression.xml (RunModel)" time="0.011" />
  <testcase classname="ptolemy.util.test.junit.AutoTests" name="[67] /home/travis/build/icyphy/ptII/ptolemy/domains/modal/test/auto/GuardNotEvaluated.xml (RunModel)" time="0.019" />
  <testcase classname="ptolemy.util.test.junit.AutoTests" name="[68] /home/travis/build/icyphy/ptII/ptolemy/domains/modal/test/auto/GuardNotEvaluated2.xml (RunModel)" time="0.025" />
  <testcase classname="ptolemy.util.test.junit.AutoTests" name="[69] /home/travis/build/icyphy/ptII/ptolemy/domains/modal/test/auto/GuardOnAbsent.xml (RunModel)" time="0.02" />
  <testcase classname="ptolemy.util.test.junit.AutoTests" name="[70] /home/travis/build/icyphy/ptII/ptolemy/domains/modal/test/auto/HierarchicalFSMTypeInference.xml (RunModel)" time="0.024" />
  <testcase classname="ptolemy.util.test.junit.AutoTests" name="[71] /home/travis/build/icyphy/ptII/ptolemy/domains/modal/test/auto/Hysteresis.xml (RunModel)" time="0.036" />
  <testcase classname="ptolemy.util.test.junit.AutoTests" name="[72] /home/travis/build/icyphy/ptII/ptolemy/domains/modal/test/auto/HysteresisWithDefault.xml (RunModel)" time="0.053" />
  <testcase classname="ptolemy.util.test.junit.AutoTests" name="[73] /home/travis/build/icyphy/ptII/ptolemy/domains/modal/test/auto/HysteresisWithDefault2.xml (RunModel)" time="0.06" />
  <testcase classname="ptolemy.util.test.junit.AutoTests" name="[74] /home/travis/build/icyphy/ptII/ptolemy/domains/modal/test/auto/ImmediateNonConstructiveness.xml (RunModel)" time="0.02" />
  <testcase classname="ptolemy.util.test.junit.AutoTests" name="[75] /home/travis/build/icyphy/ptII/ptolemy/domains/modal/test/auto/ImmediateNonConstructiveness2.xml (RunModel)" time="0.015" />
  <testcase classname="ptolemy.util.test.junit.AutoTests" name="[76] /home/travis/build/icyphy/ptII/ptolemy/domains/modal/test/auto/ImmediateTransitionReset.xml (RunModel)" time="0.029" />
  <testcase classname="ptolemy.util.test.junit.AutoTests" name="[77] /home/travis/build/icyphy/ptII/ptolemy/domains/modal/test/auto/ImmediateTransitions1.xml (RunModel)" time="0.014" />
  <testcase classname="ptolemy.util.test.junit.AutoTests" name="[78] /home/travis/build/icyphy/ptII/ptolemy/domains/modal/test/auto/ImmediateTransitionsInstantaneousCommunication.xml (RunModel)" time="0.036" />
  <testcase classname="ptolemy.util.test.junit.AutoTests" name="[79] /home/travis/build/icyphy/ptII/ptolemy/domains/modal/test/auto/InitialImmediateTransition.xml (RunModel)" time="0.017" />
  <testcase classname="ptolemy.util.test.junit.AutoTests" name="[80] /home/travis/build/icyphy/ptII/ptolemy/domains/modal/test/auto/InitialOutputs.xml (RunModel)" time="0.014" />
  <testcase classname="ptolemy.util.test.junit.AutoTests" name="[81] /home/travis/build/icyphy/ptII/ptolemy/domains/modal/test/auto/InitialStateTransition1.xml (RunModel)" time="0.019" />
  <testcase classname="ptolemy.util.test.junit.AutoTests" name="[82] /home/travis/build/icyphy/ptII/ptolemy/domains/modal/test/auto/InitialStateTransition2.xml (RunModel)" time="0.017" />
  <testcase classname="ptolemy.util.test.junit.AutoTests" name="[83] /home/travis/build/icyphy/ptII/ptolemy/domains/modal/test/auto/InitialStateTransition3.xml (RunModel)" time="0.019" />
  <testcase classname="ptolemy.util.test.junit.AutoTests" name="[84] /home/travis/build/icyphy/ptII/ptolemy/domains/modal/test/auto/InitialStateTransition4.xml (RunModel)" time="0.021" />
  <testcase classname="ptolemy.util.test.junit.AutoTests" name="[85] /home/travis/build/icyphy/ptII/ptolemy/domains/modal/test/auto/MalformedGuardExpressionNotCaught.xml (RunModel)" time="0.015" />
  <testcase classname="ptolemy.util.test.junit.AutoTests" name="[86] /home/travis/build/icyphy/ptII/ptolemy/domains/modal/test/auto/ModalBSC.xml (RunModel)" time="0.063" />
  <testcase classname="ptolemy.util.test.junit.AutoTests" name="[87] /home/travis/build/icyphy/ptII/ptolemy/domains/modal/test/auto/ModalClocks.xml (RunModel)" time="0.055" />
  <testcase classname="ptolemy.util.test.junit.AutoTests" name="[88] /home/travis/build/icyphy/ptII/ptolemy/domains/modal/test/auto/ModalDelay.xml (RunModel)" time="0.054" />
  <testcase classname="ptolemy.util.test.junit.AutoTests" name="[89] /home/travis/build/icyphy/ptII/ptolemy/domains/modal/test/auto/ModalDelay2.xml (RunModel)" time="0.041" />
  <testcase classname="ptolemy.util.test.junit.AutoTests" name="[90] /home/travis/build/icyphy/ptII/ptolemy/domains/modal/test/auto/ModalModelFromMemo.xml (RunModel)" time="0.054" />
  <testcase classname="ptolemy.util.test.junit.AutoTests" name="[91] /home/travis/build/icyphy/ptII/ptolemy/domains/modal/test/auto/ModalModelWithMultirateTransient.xml (RunModel)" time="0.05" />
  <testcase classname="ptolemy.util.test.junit.AutoTests" name="[92] /home/travis/build/icyphy/ptII/ptolemy/domains/modal/test/auto/ModalModelWithReset.xml (RunModel)" time="0.049" />
  <testcase classname="ptolemy.util.test.junit.AutoTests" name="[93] /home/travis/build/icyphy/ptII/ptolemy/domains/modal/test/auto/MouseClickFSM.xml (RunModel)" time="0.042" />
  <testcase classname="ptolemy.util.test.junit.AutoTests" name="[94] /home/travis/build/icyphy/ptII/ptolemy/domains/modal/test/auto/MouseClickFSMModal.xml (RunModel)" time="0.032" />
  <testcase classname="ptolemy.util.test.junit.AutoTests" name="[95] /home/travis/build/icyphy/ptII/ptolemy/domains/modal/test/auto/NonStrictFSM_FeedbackLoop.xml (RunModel)" time="0.045" />
  <testcase classname="ptolemy.util.test.junit.AutoTests" name="[96] /home/travis/build/icyphy/ptII/ptolemy/domains/modal/test/auto/NonStrictFSM_FeedbackLoop_Refinement.xml (RunModel)" time="0.066" />
  <testcase classname="ptolemy.util.test.junit.AutoTests" name="[97] /home/travis/build/icyphy/ptII/ptolemy/domains/modal/test/auto/NonStrictFSM_FeedbackLoop_preemptive.xml (RunModel)" time="0.037" />
  <testcase classname="ptolemy.util.test.junit.AutoTests" name="[98] /home/travis/build/icyphy/ptII/ptolemy/domains/modal/test/auto/NormalTermination.xml (RunModel)" time="0.041" />
  <testcase classname="ptolemy.util.test.junit.AutoTests" name="[99] /home/travis/build/icyphy/ptII/ptolemy/domains/modal/test/auto/Pong.xml (RunModel)" time="0.045" />
  <testcase classname="ptolemy.util.test.junit.AutoTests" name="[100] /home/travis/build/icyphy/ptII/ptolemy/domains/modal/test/auto/Pong_test.xml (RunModel)" time="0.068" />
  <testcase classname="ptolemy.util.test.junit.AutoTests" name="[101] /home/travis/build/icyphy/ptII/ptolemy/domains/modal/test/auto/PreemptionHierarchy.xml (RunModel)" time="0.021" />
  <testcase classname="ptolemy.util.test.junit.AutoTests" name="[102] /home/travis/build/icyphy/ptII/ptolemy/domains/modal/test/auto/PreemptionHierarchy2.xml (RunModel)" time="0.027" />
  <testcase classname="ptolemy.util.test.junit.AutoTests" name="[103] /home/travis/build/icyphy/ptII/ptolemy/domains/modal/test/auto/PreemptiveTransition.xml (RunModel)" time="0.015" />
  <testcase classname="ptolemy.util.test.junit.AutoTests" name="[104] /home/travis/build/icyphy/ptII/ptolemy/domains/modal/test/auto/Priorities.xml (RunModel)" time="0.078" />
  <testcase classname="ptolemy.util.test.junit.AutoTests" name="[105] /home/travis/build/icyphy/ptII/ptolemy/domains/modal/test/auto/ResetFinal.xml (RunModel)" time="0.032" />
  <testcase classname="ptolemy.util.test.junit.AutoTests" name="[106] /home/travis/build/icyphy/ptII/ptolemy/domains/modal/test/auto/ResetFinal2.xml (RunModel)" time="0.025" />
  <testcase classname="ptolemy.util.test.junit.AutoTests" name="[107] /home/travis/build/icyphy/ptII/ptolemy/domains/modal/test/auto/ResetTransitionWithStartTime.xml (RunModel)" time="0.028" />
  <testcase classname="ptolemy.util.test.junit.AutoTests" name="[108] /home/travis/build/icyphy/ptII/ptolemy/domains/modal/test/auto/SDF-FSMComposite.xml (RunModel)" time="0.021" />
  <testcase classname="ptolemy.util.test.junit.AutoTests" name="[109] /home/travis/build/icyphy/ptII/ptolemy/domains/modal/test/auto/SeeminglyNondeterminate.xml (RunModel)" time="0.082" />
  <testcase classname="ptolemy.util.test.junit.AutoTests" name="[110] /home/travis/build/icyphy/ptII/ptolemy/domains/modal/test/auto/SeeminglyNondeterminate2.xml (RunModel)" time="0.065" />
  <testcase classname="ptolemy.util.test.junit.AutoTests" name="[111] /home/travis/build/icyphy/ptII/ptolemy/domains/modal/test/auto/SpontaneousFSM.xml (RunModel)" time="0.042" />
  <testcase classname="ptolemy.util.test.junit.AutoTests" name="[112] /home/travis/build/icyphy/ptII/ptolemy/domains/modal/test/auto/SpontaneousFSM2.xml (RunModel)" time="0.029" />
  <testcase classname="ptolemy.util.test.junit.AutoTests" name="[113] /home/travis/build/icyphy/ptII/ptolemy/domains/modal/test/auto/SpontaneousFSM3.xml (RunModel)" time="0.039" />
  <testcase classname="ptolemy.util.test.junit.AutoTests" name="[114] /home/travis/build/icyphy/ptII/ptolemy/domains/modal/test/auto/SpontaneousFSM4.xml (RunModel)" time="0.041" />
  <testcase classname="ptolemy.util.test.junit.AutoTests" name="[115] /home/travis/build/icyphy/ptII/ptolemy/domains/modal/test/auto/StateTrackerTest.xml (RunModel)" time="0.052" />
  <testcase classname="ptolemy.util.test.junit.AutoTests" name="[116] /home/travis/build/icyphy/ptII/ptolemy/domains/modal/test/auto/StrongImmediateTransition.xml (RunModel)" time="0.024" />
  <testcase classname="ptolemy.util.test.junit.AutoTests" name="[117] /home/travis/build/icyphy/ptII/ptolemy/domains/modal/test/auto/SustainHierarchy.xml (RunModel)" time="0.031" />
  <testcase classname="ptolemy.util.test.junit.AutoTests" name="[118] /home/travis/build/icyphy/ptII/ptolemy/domains/modal/test/auto/TerminationTransition1.xml (RunModel)" time="0.019" />
  <testcase classname="ptolemy.util.test.junit.AutoTests" name="[119] /home/travis/build/icyphy/ptII/ptolemy/domains/modal/test/auto/TerminationTransition2.xml (RunModel)" time="0.025" />
  <testcase classname="ptolemy.util.test.junit.AutoTests" name="[120] /home/travis/build/icyphy/ptII/ptolemy/domains/modal/test/auto/TerminationTransition3.xml (RunModel)" time="0.023" />
  <testcase classname="ptolemy.util.test.junit.AutoTests" name="[121] /home/travis/build/icyphy/ptII/ptolemy/domains/modal/test/auto/TerminationTransition4.xml (RunModel)" time="0.034" />
  <testcase classname="ptolemy.util.test.junit.AutoTests" name="[122] /home/travis/build/icyphy/ptII/ptolemy/domains/modal/test/auto/TerminationTransition5.xml (RunModel)" time="0.031" />
  <testcase classname="ptolemy.util.test.junit.AutoTests" name="[123] /home/travis/build/icyphy/ptII/ptolemy/domains/modal/test/auto/TerminationTransition6.xml (RunModel)" time="0.021" />
  <testcase classname="ptolemy.util.test.junit.AutoTests" name="[124] /home/travis/build/icyphy/ptII/ptolemy/domains/modal/test/auto/TerminationTransition7.xml (RunModel)" time="0.022" />
  <testcase classname="ptolemy.util.test.junit.AutoTests" name="[125] /home/travis/build/icyphy/ptII/ptolemy/domains/modal/test/auto/TerminationTransition8.xml (RunModel)" time="0.03" />
  <testcase classname="ptolemy.util.test.junit.AutoTests" name="[126] /home/travis/build/icyphy/ptII/ptolemy/domains/modal/test/auto/Thermostat_NoHysteresis.xml (RunModel)" time="0.052" />
  <testcase classname="ptolemy.util.test.junit.AutoTests" name="[127] /home/travis/build/icyphy/ptII/ptolemy/domains/modal/test/auto/TimedFSM.xml (RunModel)" time="0.028" />
  <testcase classname="ptolemy.util.test.junit.AutoTests" name="[128] /home/travis/build/icyphy/ptII/ptolemy/domains/modal/test/auto/Timeout1.xml (RunModel)" time="0.015" />
  <testcase classname="ptolemy.util.test.junit.AutoTests" name="[129] /home/travis/build/icyphy/ptII/ptolemy/domains/modal/test/auto/Timeout2.xml (RunModel)" time="0.016" />
  <testcase classname="ptolemy.util.test.junit.AutoTests" name="[130] /home/travis/build/icyphy/ptII/ptolemy/domains/modal/test/auto/Timeout3.xml (RunModel)" time="0.01" />
  <testcase classname="ptolemy.util.test.junit.AutoTests" name="[131] /home/travis/build/icyphy/ptII/ptolemy/domains/modal/test/auto/Timeout4.xml (RunModel)" time="0.01" />
  <testcase classname="ptolemy.util.test.junit.AutoTests" name="[132] /home/travis/build/icyphy/ptII/ptolemy/domains/modal/test/auto/TransientstateModelAdvanced.xml (RunModel)" time="0.025" />
  <testcase classname="ptolemy.util.test.junit.AutoTests" name="[133] /home/travis/build/icyphy/ptII/ptolemy/domains/modal/test/auto/TransientstateModelAdvanced2.xml (RunModel)" time="0.028" />
  <testcase classname="ptolemy.util.test.junit.AutoTests" name="[134] /home/travis/build/icyphy/ptII/ptolemy/domains/modal/test/auto/TransitionRefinements.xml (RunModel)" time="0.022" />
  <testcase classname="ptolemy.util.test.junit.AutoTests" name="[135] /home/travis/build/icyphy/ptII/ptolemy/domains/modal/test/auto/TwoRefinements1.xml (RunModel)" time="0.022" />
  <testcase classname="ptolemy.util.test.junit.AutoTests" name="[136] /home/travis/build/icyphy/ptII/ptolemy/domains/modal/test/auto/TwoRefinements2.xml (RunModel)" time="0.023" />
  <testcase classname="ptolemy.util.test.junit.AutoTests" name="[137] /home/travis/build/icyphy/ptII/ptolemy/domains/modal/test/auto/WeakImmediateTransition.xml (RunModel)" time="0.019" />
  <testcase classname="ptolemy.util.test.junit.AutoTests" name="[138] /home/travis/build/icyphy/ptII/ptolemy/domains/modal/test/auto/booleanSelect.xml (RunModel)" time="0.068" />
  <testcase classname="ptolemy.util.test.junit.AutoTests" name="[139] /home/travis/build/icyphy/ptII/ptolemy/domains/modal/test/auto/modalChangingParams.xml (RunModel)" time="0.252" />
  <testcase classname="ptolemy.util.test.junit.AutoTests" name="[140] /home/travis/build/icyphy/ptII/ptolemy/domains/modal/test/auto/modalModel.xml (RunModel)" time="0.019" />
  <testcase classname="ptolemy.util.test.junit.AutoTests" name="[141] /home/travis/build/icyphy/ptII/ptolemy/domains/modal/test/auto/modalModel2.xml (RunModel)" time="0.036" />
  <testcase classname="ptolemy.util.test.junit.AutoTests" name="[142] /home/travis/build/icyphy/ptII/ptolemy/domains/modal/test/auto/modalModel3.xml (RunModel)" time="0.039" />
  <testcase classname="ptolemy.util.test.junit.AutoTests" name="[143] /home/travis/build/icyphy/ptII/ptolemy/domains/modal/test/auto/model1.xml (RunModel)" time="0.018" />
  <testcase classname="ptolemy.util.test.junit.AutoTests" name="[144] /home/travis/build/icyphy/ptII/ptolemy/domains/modal/test/auto/test-direct-in-out.xml (RunModel)" time="0.019" />
  <system-out><![CDATA[/home/travis/build/icyphy/ptII/ptolemy/domains/modal/test/SystemLevelType.tcl
testDefs.tcl: setting time out to 9000 seconds at Wed May 23 13:13:20 UTC 2018
05/23/18 01:13:22
Failed: 0  Total Tests: 1  ((Passed: 1, Newly Passed: 0)  Known Failed: 0) /home/travis/build/icyphy/ptII/ptolemy/domains/modal/test
----------------- testing (KnownFailure) /home/travis/build/icyphy/ptII/ptolemy/domains/modal/test/auto/knownFailedTests/CannotAnalysisWithPreemption.xml
51 ms. Memory: 208384K Free: 188445K (90%)
Known Failure: java.lang.reflect.InvocationTargetException
No auto/*.xml tests in /home/travis/build/icyphy/ptII/ptolemy/domains/modal/test
AutoTests.java: About to close Vertx.
AutoTests.java: Vertx closed.
----------------- testing Wed May 23 13:13:22 UTC 2018 /home/travis/build/icyphy/ptII/ptolemy/domains/modal/test/auto/ABPTest.xml
----------------- Instantiating /home/travis/build/icyphy/ptII/ptolemy/domains/modal/test/auto/ABPTest.xml
269 ms. Memory: 331776K Free: 292306K (88%)
----------------- Invoking toplevel() on ptolemy.moml.MoMLSimpleApplication@2d589ff8
----------------- Done invoking toplevel() on ptolemy.moml.MoMLSimpleApplication@2d589ff8
reloadAllAccessors: .ABPTest
----------------- testing Wed May 23 13:13:23 UTC 2018 /home/travis/build/icyphy/ptII/ptolemy/domains/modal/test/auto/ABROFlat.xml
----------------- Instantiating /home/travis/build/icyphy/ptII/ptolemy/domains/modal/test/auto/ABROFlat.xml
11 ms. Memory: 331776K Free: 270179K (81%)
----------------- Invoking toplevel() on ptolemy.moml.MoMLSimpleApplication@2b71f138
----------------- Done invoking toplevel() on ptolemy.moml.MoMLSimpleApplication@2b71f138
reloadAllAccessors: .ABROFlat
----------------- testing Wed May 23 13:13:23 UTC 2018 /home/travis/build/icyphy/ptII/ptolemy/domains/modal/test/auto/ABROFlat2.xml
----------------- Instantiating /home/travis/build/icyphy/ptII/ptolemy/domains/modal/test/auto/ABROFlat2.xml
20 ms. Memory: 331776K Free: 252235K (76%)
----------------- Invoking toplevel() on ptolemy.moml.MoMLSimpleApplication@16ae77a1
----------------- Done invoking toplevel() on ptolemy.moml.MoMLSimpleApplication@16ae77a1
reloadAllAccessors: .ABROFlat2
----------------- testing Wed May 23 13:13:23 UTC 2018 /home/travis/build/icyphy/ptII/ptolemy/domains/modal/test/auto/ABRO_present_hmm.xml
----------------- Instantiating /home/travis/build/icyphy/ptII/ptolemy/domains/modal/test/auto/ABRO_present_hmm.xml
15 ms. Memory: 331776K Free: 221250K (67%)
----------------- Invoking toplevel() on ptolemy.moml.MoMLSimpleApplication@fa3af13
----------------- Done invoking toplevel() on ptolemy.moml.MoMLSimpleApplication@fa3af13
reloadAllAccessors: .ABRO_present_hmm
----------------- testing Wed May 23 13:13:23 UTC 2018 /home/travis/build/icyphy/ptII/ptolemy/domains/modal/test/auto/AMICoderExample.xml
----------------- Instantiating /home/travis/build/icyphy/ptII/ptolemy/domains/modal/test/auto/AMICoderExample.xml
22 ms. Memory: 331776K Free: 209837K (63%)
----------------- Invoking toplevel() on ptolemy.moml.MoMLSimpleApplication@be55ee9
----------------- Done invoking toplevel() on ptolemy.moml.MoMLSimpleApplication@be55ee9
reloadAllAccessors: .AMICoderExample
----------------- testing Wed May 23 13:13:23 UTC 2018 /home/travis/build/icyphy/ptII/ptolemy/domains/modal/test/auto/AbsentToPresent.xml
----------------- Instantiating /home/travis/build/icyphy/ptII/ptolemy/domains/modal/test/auto/AbsentToPresent.xml
5 ms. Memory: 331776K Free: 201523K (61%)
----------------- Invoking toplevel() on ptolemy.moml.MoMLSimpleApplication@32888255
----------------- Done invoking toplevel() on ptolemy.moml.MoMLSimpleApplication@32888255
reloadAllAccessors: .AbsentToPresent
----------------- testing Wed May 23 13:13:23 UTC 2018 /home/travis/build/icyphy/ptII/ptolemy/domains/modal/test/auto/Blending.xml
----------------- Instantiating /home/travis/build/icyphy/ptII/ptolemy/domains/modal/test/auto/Blending.xml
152 ms. Memory: 331776K Free: 150939K (45%)
----------------- Invoking toplevel() on ptolemy.moml.MoMLSimpleApplication@2b4d3908
----------------- Done invoking toplevel() on ptolemy.moml.MoMLSimpleApplication@2b4d3908
reloadAllAccessors: .Blending
----------------- testing Wed May 23 13:13:23 UTC 2018 /home/travis/build/icyphy/ptII/ptolemy/domains/modal/test/auto/Broadcast.xml
----------------- Instantiating /home/travis/build/icyphy/ptII/ptolemy/domains/modal/test/auto/Broadcast.xml
14 ms. Memory: 331776K Free: 137877K (42%)
----------------- Invoking toplevel() on ptolemy.moml.MoMLSimpleApplication@707b4d6b
----------------- Done invoking toplevel() on ptolemy.moml.MoMLSimpleApplication@707b4d6b
reloadAllAccessors: .Broadcast
----------------- testing Wed May 23 13:13:23 UTC 2018 /home/travis/build/icyphy/ptII/ptolemy/domains/modal/test/auto/BroadcastHierarchy.xml
----------------- Instantiating /home/travis/build/icyphy/ptII/ptolemy/domains/modal/test/auto/BroadcastHierarchy.xml
12 ms. Memory: 331776K Free: 119972K (36%)
----------------- Invoking toplevel() on ptolemy.moml.MoMLSimpleApplication@4f324e90
----------------- Done invoking toplevel() on ptolemy.moml.MoMLSimpleApplication@4f324e90
reloadAllAccessors: .BroadcastHierarchy
----------------- testing Wed May 23 13:13:23 UTC 2018 /home/travis/build/icyphy/ptII/ptolemy/domains/modal/test/auto/BroadcastHierarchy2.xml
----------------- Instantiating /home/travis/build/icyphy/ptII/ptolemy/domains/modal/test/auto/BroadcastHierarchy2.xml
22 ms. Memory: 331776K Free: 84107K (25%)
----------------- Invoking toplevel() on ptolemy.moml.MoMLSimpleApplication@50f384e6
----------------- Done invoking toplevel() on ptolemy.moml.MoMLSimpleApplication@50f384e6
reloadAllAccessors: .BroadcastHierarchy2
----------------- testing Wed May 23 13:13:24 UTC 2018 /home/travis/build/icyphy/ptII/ptolemy/domains/modal/test/auto/BroadcastHierarchy3.xml
----------------- Instantiating /home/travis/build/icyphy/ptII/ptolemy/domains/modal/test/auto/BroadcastHierarchy3.xml
18 ms. Memory: 333824K Free: 301043K (90%)
----------------- Invoking toplevel() on ptolemy.moml.MoMLSimpleApplication@b0a09c3
----------------- Done invoking toplevel() on ptolemy.moml.MoMLSimpleApplication@b0a09c3
reloadAllAccessors: .BroadcastHierarchy3
----------------- testing Wed May 23 13:13:24 UTC 2018 /home/travis/build/icyphy/ptII/ptolemy/domains/modal/test/auto/BroadcastHierarchy4.xml
----------------- Instantiating /home/travis/build/icyphy/ptII/ptolemy/domains/modal/test/auto/BroadcastHierarchy4.xml
16 ms. Memory: 333824K Free: 266144K (80%)
----------------- Invoking toplevel() on ptolemy.moml.MoMLSimpleApplication@107bfd1e
----------------- Done invoking toplevel() on ptolemy.moml.MoMLSimpleApplication@107bfd1e
reloadAllAccessors: .BroadcastHierarchy4
----------------- testing Wed May 23 13:13:24 UTC 2018 /home/travis/build/icyphy/ptII/ptolemy/domains/modal/test/auto/CannotAnalysisWithPreemption2.xml
----------------- Instantiating /home/travis/build/icyphy/ptII/ptolemy/domains/modal/test/auto/CannotAnalysisWithPreemption2.xml
7 ms. Memory: 333824K Free: 256379K (77%)
----------------- Invoking toplevel() on ptolemy.moml.MoMLSimpleApplication@e0ed584
----------------- Done invoking toplevel() on ptolemy.moml.MoMLSimpleApplication@e0ed584
reloadAllAccessors: .CannotAnalysisWithPreemption2
----------------- testing Wed May 23 13:13:24 UTC 2018 /home/travis/build/icyphy/ptII/ptolemy/domains/modal/test/auto/CannotAnalysisWithPreemption3.xml
----------------- Instantiating /home/travis/build/icyphy/ptII/ptolemy/domains/modal/test/auto/CannotAnalysisWithPreemption3.xml
6 ms. Memory: 333824K Free: 243349K (73%)
----------------- Invoking toplevel() on ptolemy.moml.MoMLSimpleApplication@802573
----------------- Done invoking toplevel() on ptolemy.moml.MoMLSimpleApplication@802573
reloadAllAccessors: .CannotAnalysisWithPreemption3
----------------- testing Wed May 23 13:13:24 UTC 2018 /home/travis/build/icyphy/ptII/ptolemy/domains/modal/test/auto/CannotProduce.xml
----------------- Instantiating /home/travis/build/icyphy/ptII/ptolemy/domains/modal/test/auto/CannotProduce.xml
10 ms. Memory: 333824K Free: 234551K (70%)
----------------- Invoking toplevel() on ptolemy.moml.MoMLSimpleApplication@3424a19
----------------- Done invoking toplevel() on ptolemy.moml.MoMLSimpleApplication@3424a19
reloadAllAccessors: .CannotProduce
----------------- testing Wed May 23 13:13:24 UTC 2018 /home/travis/build/icyphy/ptII/ptolemy/domains/modal/test/auto/CannotProduceModal.xml
----------------- Instantiating /home/travis/build/icyphy/ptII/ptolemy/domains/modal/test/auto/CannotProduceModal.xml
7 ms. Memory: 333824K Free: 226395K (68%)
----------------- Invoking toplevel() on ptolemy.moml.MoMLSimpleApplication@27ed33f3
----------------- Done invoking toplevel() on ptolemy.moml.MoMLSimpleApplication@27ed33f3
reloadAllAccessors: .CannotProduceModal
----------------- testing Wed May 23 13:13:24 UTC 2018 /home/travis/build/icyphy/ptII/ptolemy/domains/modal/test/auto/Case.xml
----------------- Instantiating /home/travis/build/icyphy/ptII/ptolemy/domains/modal/test/auto/Case.xml
29 ms. Memory: 333824K Free: 213341K (64%)
----------------- Invoking toplevel() on ptolemy.moml.MoMLSimpleApplication@58c6da5c
----------------- Done invoking toplevel() on ptolemy.moml.MoMLSimpleApplication@58c6da5c
reloadAllAccessors: .Case
----------------- testing Wed May 23 13:13:24 UTC 2018 /home/travis/build/icyphy/ptII/ptolemy/domains/modal/test/auto/Case1.xml
----------------- Instantiating /home/travis/build/icyphy/ptII/ptolemy/domains/modal/test/auto/Case1.xml
8 ms. Memory: 333824K Free: 202910K (61%)
----------------- Invoking toplevel() on ptolemy.moml.MoMLSimpleApplication@6cd67941
----------------- Done invoking toplevel() on ptolemy.moml.MoMLSimpleApplication@6cd67941
reloadAllAccessors: .Case1
----------------- testing Wed May 23 13:13:24 UTC 2018 /home/travis/build/icyphy/ptII/ptolemy/domains/modal/test/auto/Case2.xml
----------------- Instantiating /home/travis/build/icyphy/ptII/ptolemy/domains/modal/test/auto/Case2.xml
29 ms. Memory: 333824K Free: 189879K (57%)
----------------- Invoking toplevel() on ptolemy.moml.MoMLSimpleApplication@3c123029
----------------- Done invoking toplevel() on ptolemy.moml.MoMLSimpleApplication@3c123029
reloadAllAccessors: .Case2
----------------- testing Wed May 23 13:13:24 UTC 2018 /home/travis/build/icyphy/ptII/ptolemy/domains/modal/test/auto/CausalityInterface1.xml
----------------- Instantiating /home/travis/build/icyphy/ptII/ptolemy/domains/modal/test/auto/CausalityInterface1.xml
3 ms. Memory: 333824K Free: 183364K (55%)
----------------- Invoking toplevel() on ptolemy.moml.MoMLSimpleApplication@6614af31
----------------- Done invoking toplevel() on ptolemy.moml.MoMLSimpleApplication@6614af31
reloadAllAccessors: .CausalityInterface1
----------------- testing Wed May 23 13:13:24 UTC 2018 /home/travis/build/icyphy/ptII/ptolemy/domains/modal/test/auto/CausalityInterface10.xml
----------------- Instantiating /home/travis/build/icyphy/ptII/ptolemy/domains/modal/test/auto/CausalityInterface10.xml
7 ms. Memory: 333824K Free: 164786K (49%)
----------------- Invoking toplevel() on ptolemy.moml.MoMLSimpleApplication@28345de4
----------------- Done invoking toplevel() on ptolemy.moml.MoMLSimpleApplication@28345de4
reloadAllAccessors: .CausalityInterface10
----------------- testing Wed May 23 13:13:24 UTC 2018 /home/travis/build/icyphy/ptII/ptolemy/domains/modal/test/auto/CausalityInterface11.xml
----------------- Instantiating /home/travis/build/icyphy/ptII/ptolemy/domains/modal/test/auto/CausalityInterface11.xml
5 ms. Memory: 333824K Free: 148513K (44%)
----------------- Invoking toplevel() on ptolemy.moml.MoMLSimpleApplication@c56d0b3
----------------- Done invoking toplevel() on ptolemy.moml.MoMLSimpleApplication@c56d0b3
reloadAllAccessors: .CausalityInterface11
----------------- testing Wed May 23 13:13:24 UTC 2018 /home/travis/build/icyphy/ptII/ptolemy/domains/modal/test/auto/CausalityInterface12.xml
----------------- Instantiating /home/travis/build/icyphy/ptII/ptolemy/domains/modal/test/auto/CausalityInterface12.xml
6 ms. Memory: 333824K Free: 132241K (40%)
----------------- Invoking toplevel() on ptolemy.moml.MoMLSimpleApplication@40242379
----------------- Done invoking toplevel() on ptolemy.moml.MoMLSimpleApplication@40242379
reloadAllAccessors: .CausalityInterface12
----------------- testing Wed May 23 13:13:24 UTC 2018 /home/travis/build/icyphy/ptII/ptolemy/domains/modal/test/auto/CausalityInterface13.xml
----------------- Instantiating /home/travis/build/icyphy/ptII/ptolemy/domains/modal/test/auto/CausalityInterface13.xml
6 ms. Memory: 333824K Free: 113654K (34%)
----------------- Invoking toplevel() on ptolemy.moml.MoMLSimpleApplication@44013b00
----------------- Done invoking toplevel() on ptolemy.moml.MoMLSimpleApplication@44013b00
reloadAllAccessors: .CausalityInterface13
----------------- testing Wed May 23 13:13:24 UTC 2018 /home/travis/build/icyphy/ptII/ptolemy/domains/modal/test/auto/CausalityInterface14.xml
----------------- Instantiating /home/travis/build/icyphy/ptII/ptolemy/domains/modal/test/auto/CausalityInterface14.xml
8 ms. Memory: 333824K Free: 97358K (29%)
----------------- Invoking toplevel() on ptolemy.moml.MoMLSimpleApplication@1aec26e8
----------------- Done invoking toplevel() on ptolemy.moml.MoMLSimpleApplication@1aec26e8
reloadAllAccessors: .CausalityInterface14
----------------- testing Wed May 23 13:13:24 UTC 2018 /home/travis/build/icyphy/ptII/ptolemy/domains/modal/test/auto/CausalityInterface2.xml
----------------- Instantiating /home/travis/build/icyphy/ptII/ptolemy/domains/modal/test/auto/CausalityInterface2.xml
6 ms. Memory: 333824K Free: 89226K (27%)
----------------- Invoking toplevel() on ptolemy.moml.MoMLSimpleApplication@7a57d744
----------------- Done invoking toplevel() on ptolemy.moml.MoMLSimpleApplication@7a57d744
reloadAllAccessors: .CausalityInterface2
----------------- testing Wed May 23 13:13:24 UTC 2018 /home/travis/build/icyphy/ptII/ptolemy/domains/modal/test/auto/CausalityInterface3.xml
----------------- Instantiating /home/travis/build/icyphy/ptII/ptolemy/domains/modal/test/auto/CausalityInterface3.xml
18 ms. Memory: 577024K Free: 565216K (98%)
----------------- Invoking toplevel() on ptolemy.moml.MoMLSimpleApplication@4b8991c2
----------------- Done invoking toplevel() on ptolemy.moml.MoMLSimpleApplication@4b8991c2
reloadAllAccessors: .CausalityInterface3
----------------- testing Wed May 23 13:13:24 UTC 2018 /home/travis/build/icyphy/ptII/ptolemy/domains/modal/test/auto/CausalityInterface4.xml
----------------- Instantiating /home/travis/build/icyphy/ptII/ptolemy/domains/modal/test/auto/CausalityInterface4.xml
2 ms. Memory: 577024K Free: 550605K (95%)
----------------- Invoking toplevel() on ptolemy.moml.MoMLSimpleApplication@7ec2105e
----------------- Done invoking toplevel() on ptolemy.moml.MoMLSimpleApplication@7ec2105e
reloadAllAccessors: .CausalityInterface4
----------------- testing Wed May 23 13:13:24 UTC 2018 /home/travis/build/icyphy/ptII/ptolemy/domains/modal/test/auto/CausalityInterface5.xml
----------------- Instantiating /home/travis/build/icyphy/ptII/ptolemy/domains/modal/test/auto/CausalityInterface5.xml
6 ms. Memory: 577024K Free: 538387K (93%)
----------------- Invoking toplevel() on ptolemy.moml.MoMLSimpleApplication@54670a6e
----------------- Done invoking toplevel() on ptolemy.moml.MoMLSimpleApplication@54670a6e
reloadAllAccessors: .CausalityInterface5
----------------- testing Wed May 23 13:13:25 UTC 2018 /home/travis/build/icyphy/ptII/ptolemy/domains/modal/test/auto/CausalityInterface6.xml
----------------- Instantiating /home/travis/build/icyphy/ptII/ptolemy/domains/modal/test/auto/CausalityInterface6.xml
2 ms. Memory: 577024K Free: 526185K (91%)
----------------- Invoking toplevel() on ptolemy.moml.MoMLSimpleApplication@1409e744
----------------- Done invoking toplevel() on ptolemy.moml.MoMLSimpleApplication@1409e744
reloadAllAccessors: .CausalityInterface6
----------------- testing Wed May 23 13:13:25 UTC 2018 /home/travis/build/icyphy/ptII/ptolemy/domains/modal/test/auto/CausalityInterface7.xml
----------------- Instantiating /home/travis/build/icyphy/ptII/ptolemy/domains/modal/test/auto/CausalityInterface7.xml
5 ms. Memory: 577024K Free: 513983K (89%)
----------------- Invoking toplevel() on ptolemy.moml.MoMLSimpleApplication@4160dacc
----------------- Done invoking toplevel() on ptolemy.moml.MoMLSimpleApplication@4160dacc
reloadAllAccessors: .CausalityInterface7
----------------- testing Wed May 23 13:13:25 UTC 2018 /home/travis/build/icyphy/ptII/ptolemy/domains/modal/test/auto/CausalityInterface8.xml
----------------- Instantiating /home/travis/build/icyphy/ptII/ptolemy/domains/modal/test/auto/CausalityInterface8.xml
4 ms. Memory: 577024K Free: 498641K (86%)
----------------- Invoking toplevel() on ptolemy.moml.MoMLSimpleApplication@26344157
----------------- Done invoking toplevel() on ptolemy.moml.MoMLSimpleApplication@26344157
reloadAllAccessors: .CausalityInterface8
----------------- testing Wed May 23 13:13:25 UTC 2018 /home/travis/build/icyphy/ptII/ptolemy/domains/modal/test/auto/CausalityInterface9.xml
----------------- Instantiating /home/travis/build/icyphy/ptII/ptolemy/domains/modal/test/auto/CausalityInterface9.xml
6 ms. Memory: 577024K Free: 486191K (84%)
----------------- Invoking toplevel() on ptolemy.moml.MoMLSimpleApplication@44b5e533
----------------- Done invoking toplevel() on ptolemy.moml.MoMLSimpleApplication@44b5e533
reloadAllAccessors: .CausalityInterface9
----------------- testing Wed May 23 13:13:25 UTC 2018 /home/travis/build/icyphy/ptII/ptolemy/domains/modal/test/auto/ChainedTransitions.xml
----------------- Instantiating /home/travis/build/icyphy/ptII/ptolemy/domains/modal/test/auto/ChainedTransitions.xml
83 ms. Memory: 577024K Free: 456881K (79%)
----------------- Invoking toplevel() on ptolemy.moml.MoMLSimpleApplication@78892e27
----------------- Done invoking toplevel() on ptolemy.moml.MoMLSimpleApplication@78892e27
reloadAllAccessors: .ChainedTransitions
----------------- testing Wed May 23 13:13:25 UTC 2018 /home/travis/build/icyphy/ptII/ptolemy/domains/modal/test/auto/CycleOfImmediateTransitionsFSM.xml
----------------- Instantiating /home/travis/build/icyphy/ptII/ptolemy/domains/modal/test/auto/CycleOfImmediateTransitionsFSM.xml
3 ms. Memory: 577024K Free: 447101K (77%)
----------------- Invoking toplevel() on ptolemy.moml.MoMLSimpleApplication@423b109c
----------------- Done invoking toplevel() on ptolemy.moml.MoMLSimpleApplication@423b109c
reloadAllAccessors: .CycleOfImmediateTransitionsFSM
----------------- testing Wed May 23 13:13:25 UTC 2018 /home/travis/build/icyphy/ptII/ptolemy/domains/modal/test/auto/CycleOfImmediateTransitionsModal.xml
----------------- Instantiating /home/travis/build/icyphy/ptII/ptolemy/domains/modal/test/auto/CycleOfImmediateTransitionsModal.xml
3 ms. Memory: 577024K Free: 434195K (75%)
----------------- Invoking toplevel() on ptolemy.moml.MoMLSimpleApplication@796af5b4
----------------- Done invoking toplevel() on ptolemy.moml.MoMLSimpleApplication@796af5b4
reloadAllAccessors: .CycleOfImmediateTransitionsModal
----------------- testing Wed May 23 13:13:25 UTC 2018 /home/travis/build/icyphy/ptII/ptolemy/domains/modal/test/auto/CycleOfImmediateTransitionsModal2.xml
----------------- Instantiating /home/travis/build/icyphy/ptII/ptolemy/domains/modal/test/auto/CycleOfImmediateTransitionsModal2.xml
2 ms. Memory: 577024K Free: 424430K (74%)
----------------- Invoking toplevel() on ptolemy.moml.MoMLSimpleApplication@61bf37e6
----------------- Done invoking toplevel() on ptolemy.moml.MoMLSimpleApplication@61bf37e6
reloadAllAccessors: .CycleOfImmediateTransitionsModal2
----------------- testing Wed May 23 13:13:25 UTC 2018 /home/travis/build/icyphy/ptII/ptolemy/domains/modal/test/auto/CycleOfImmediateTransitionsModal3.xml
----------------- Instantiating /home/travis/build/icyphy/ptII/ptolemy/domains/modal/test/auto/CycleOfImmediateTransitionsModal3.xml
12 ms. Memory: 577024K Free: 395128K (68%)
----------------- Invoking toplevel() on ptolemy.moml.MoMLSimpleApplication@79b07a56
----------------- Done invoking toplevel() on ptolemy.moml.MoMLSimpleApplication@79b07a56
reloadAllAccessors: .CycleOfImmediateTransitionsModal3
----------------- testing Wed May 23 13:13:25 UTC 2018 /home/travis/build/icyphy/ptII/ptolemy/domains/modal/test/auto/DeepModal1.xml
----------------- Instantiating /home/travis/build/icyphy/ptII/ptolemy/domains/modal/test/auto/DeepModal1.xml
21 ms. Memory: 577024K Free: 378019K (66%)
----------------- Invoking toplevel() on ptolemy.moml.MoMLSimpleApplication@dd44f67
----------------- Done invoking toplevel() on ptolemy.moml.MoMLSimpleApplication@dd44f67
reloadAllAccessors: .DeepModal1
----------------- testing Wed May 23 13:13:25 UTC 2018 /home/travis/build/icyphy/ptII/ptolemy/domains/modal/test/auto/DeepModal2.xml
----------------- Instantiating /home/travis/build/icyphy/ptII/ptolemy/domains/modal/test/auto/DeepModal2.xml
20 ms. Memory: 577024K Free: 352872K (61%)
----------------- Invoking toplevel() on ptolemy.moml.MoMLSimpleApplication@2659bbf
----------------- Done invoking toplevel() on ptolemy.moml.MoMLSimpleApplication@2659bbf
reloadAllAccessors: .DeepModal2
----------------- testing Wed May 23 13:13:25 UTC 2018 /home/travis/build/icyphy/ptII/ptolemy/domains/modal/test/auto/DeepModal3.xml
----------------- Instantiating /home/travis/build/icyphy/ptII/ptolemy/domains/modal/test/auto/DeepModal3.xml
21 ms. Memory: 577024K Free: 330874K (57%)
----------------- Invoking toplevel() on ptolemy.moml.MoMLSimpleApplication@568a27f5
----------------- Done invoking toplevel() on ptolemy.moml.MoMLSimpleApplication@568a27f5
reloadAllAccessors: .DeepModal3
----------------- testing Wed May 23 13:13:25 UTC 2018 /home/travis/build/icyphy/ptII/ptolemy/domains/modal/test/auto/DeepModal4.xml
----------------- Instantiating /home/travis/build/icyphy/ptII/ptolemy/domains/modal/test/auto/DeepModal4.xml
20 ms. Memory: 577024K Free: 308891K (54%)
----------------- Invoking toplevel() on ptolemy.moml.MoMLSimpleApplication@680313f5
----------------- Done invoking toplevel() on ptolemy.moml.MoMLSimpleApplication@680313f5
reloadAllAccessors: .DeepModal4
----------------- testing Wed May 23 13:13:25 UTC 2018 /home/travis/build/icyphy/ptII/ptolemy/domains/modal/test/auto/Default1.xml
----------------- Instantiating /home/travis/build/icyphy/ptII/ptolemy/domains/modal/test/auto/Default1.xml
4 ms. Memory: 577024K Free: 299127K (52%)
----------------- Invoking toplevel() on ptolemy.moml.MoMLSimpleApplication@5d859f9b
----------------- Done invoking toplevel() on ptolemy.moml.MoMLSimpleApplication@5d859f9b
reloadAllAccessors: .Default1
----------------- testing Wed May 23 13:13:25 UTC 2018 /home/travis/build/icyphy/ptII/ptolemy/domains/modal/test/auto/Default2.xml
----------------- Instantiating /home/travis/build/icyphy/ptII/ptolemy/domains/modal/test/auto/Default2.xml
3 ms. Memory: 577024K Free: 286205K (50%)
----------------- Invoking toplevel() on ptolemy.moml.MoMLSimpleApplication@3c481a14
----------------- Done invoking toplevel() on ptolemy.moml.MoMLSimpleApplication@3c481a14
reloadAllAccessors: .Default2
----------------- testing Wed May 23 13:13:25 UTC 2018 /home/travis/build/icyphy/ptII/ptolemy/domains/modal/test/auto/Default3.xml
----------------- Instantiating /home/travis/build/icyphy/ptII/ptolemy/domains/modal/test/auto/Default3.xml
3 ms. Memory: 577024K Free: 276440K (48%)
----------------- Invoking toplevel() on ptolemy.moml.MoMLSimpleApplication@67e2db98
----------------- Done invoking toplevel() on ptolemy.moml.MoMLSimpleApplication@67e2db98
reloadAllAccessors: .Default3
----------------- testing Wed May 23 13:13:25 UTC 2018 /home/travis/build/icyphy/ptII/ptolemy/domains/modal/test/auto/Default4.xml
----------------- Instantiating /home/travis/build/icyphy/ptII/ptolemy/domains/modal/test/auto/Default4.xml
2 ms. Memory: 577024K Free: 266668K (46%)
----------------- Invoking toplevel() on ptolemy.moml.MoMLSimpleApplication@5f356fb2
----------------- Done invoking toplevel() on ptolemy.moml.MoMLSimpleApplication@5f356fb2
reloadAllAccessors: .Default4
----------------- testing Wed May 23 13:13:25 UTC 2018 /home/travis/build/icyphy/ptII/ptolemy/domains/modal/test/auto/Default5.xml
----------------- Instantiating /home/travis/build/icyphy/ptII/ptolemy/domains/modal/test/auto/Default5.xml
3 ms. Memory: 577024K Free: 256903K (45%)
----------------- Invoking toplevel() on ptolemy.moml.MoMLSimpleApplication@7e0d64cf
----------------- Done invoking toplevel() on ptolemy.moml.MoMLSimpleApplication@7e0d64cf
reloadAllAccessors: .Default5
----------------- testing Wed May 23 13:13:25 UTC 2018 /home/travis/build/icyphy/ptII/ptolemy/domains/modal/test/auto/EmptyGuard.xml
----------------- Instantiating /home/travis/build/icyphy/ptII/ptolemy/domains/modal/test/auto/EmptyGuard.xml
5 ms. Memory: 577024K Free: 244006K (42%)
----------------- Invoking toplevel() on ptolemy.moml.MoMLSimpleApplication@3e92ad79
----------------- Done invoking toplevel() on ptolemy.moml.MoMLSimpleApplication@3e92ad79
reloadAllAccessors: .EmptyGuard
----------------- testing Wed May 23 13:13:25 UTC 2018 /home/travis/build/icyphy/ptII/ptolemy/domains/modal/test/auto/ErrorTransition1.xml
----------------- Instantiating /home/travis/build/icyphy/ptII/ptolemy/domains/modal/test/auto/ErrorTransition1.xml
6 ms. Memory: 577024K Free: 234241K (41%)
----------------- Invoking toplevel() on ptolemy.moml.MoMLSimpleApplication@3cd06ada
----------------- Done invoking toplevel() on ptolemy.moml.MoMLSimpleApplication@3cd06ada
reloadAllAccessors: .ErrorTransition1
----------------- testing Wed May 23 13:13:25 UTC 2018 /home/travis/build/icyphy/ptII/ptolemy/domains/modal/test/auto/ErrorTransition10.xml
----------------- Instantiating /home/travis/build/icyphy/ptII/ptolemy/domains/modal/test/auto/ErrorTransition10.xml
15 ms. Memory: 577024K Free: 217173K (38%)
----------------- Invoking toplevel() on ptolemy.moml.MoMLSimpleApplication@6125494c
----------------- Done invoking toplevel() on ptolemy.moml.MoMLSimpleApplication@6125494c
reloadAllAccessors: .ErrorTransition10
----------------- testing Wed May 23 13:13:25 UTC 2018 /home/travis/build/icyphy/ptII/ptolemy/domains/modal/test/auto/ErrorTransition11.xml
----------------- Instantiating /home/travis/build/icyphy/ptII/ptolemy/domains/modal/test/auto/ErrorTransition11.xml
7 ms. Memory: 577024K Free: 202518K (35%)
----------------- Invoking toplevel() on ptolemy.moml.MoMLSimpleApplication@7c82c60
----------------- Done invoking toplevel() on ptolemy.moml.MoMLSimpleApplication@7c82c60
reloadAllAccessors: .ErrorTransition11
----------------- testing Wed May 23 13:13:25 UTC 2018 /home/travis/build/icyphy/ptII/ptolemy/domains/modal/test/auto/ErrorTransition2.xml
----------------- Instantiating /home/travis/build/icyphy/ptII/ptolemy/domains/modal/test/auto/ErrorTransition2.xml
5 ms. Memory: 577024K Free: 192769K (33%)
----------------- Invoking toplevel() on ptolemy.moml.MoMLSimpleApplication@3c467353
----------------- Done invoking toplevel() on ptolemy.moml.MoMLSimpleApplication@3c467353
reloadAllAccessors: .ErrorTransition2
----------------- testing Wed May 23 13:13:26 UTC 2018 /home/travis/build/icyphy/ptII/ptolemy/domains/modal/test/auto/ErrorTransition3.xml
----------------- Instantiating /home/travis/build/icyphy/ptII/ptolemy/domains/modal/test/auto/ErrorTransition3.xml
11 ms. Memory: 577024K Free: 177427K (31%)
----------------- Invoking toplevel() on ptolemy.moml.MoMLSimpleApplication@3b1f0ba0
----------------- Done invoking toplevel() on ptolemy.moml.MoMLSimpleApplication@3b1f0ba0
reloadAllAccessors: .ErrorTransition3
----------------- testing Wed May 23 13:13:26 UTC 2018 /home/travis/build/icyphy/ptII/ptolemy/domains/modal/test/auto/ErrorTransition4.xml
----------------- Instantiating /home/travis/build/icyphy/ptII/ptolemy/domains/modal/test/auto/ErrorTransition4.xml
10 ms. Memory: 577024K Free: 165225K (29%)
----------------- Invoking toplevel() on ptolemy.moml.MoMLSimpleApplication@7d7cd0e4
----------------- Done invoking toplevel() on ptolemy.moml.MoMLSimpleApplication@7d7cd0e4
reloadAllAccessors: .ErrorTransition4
----------------- testing Wed May 23 13:13:26 UTC 2018 /home/travis/build/icyphy/ptII/ptolemy/domains/modal/test/auto/ErrorTransition5.xml
----------------- Instantiating /home/travis/build/icyphy/ptII/ptolemy/domains/modal/test/auto/ErrorTransition5.xml
5 ms. Memory: 577024K Free: 153015K (27%)
----------------- Invoking toplevel() on ptolemy.moml.MoMLSimpleApplication@58d2015b
----------------- Done invoking toplevel() on ptolemy.moml.MoMLSimpleApplication@58d2015b
reloadAllAccessors: .ErrorTransition5
----------------- testing Wed May 23 13:13:26 UTC 2018 /home/travis/build/icyphy/ptII/ptolemy/domains/modal/test/auto/ErrorTransition6.xml
----------------- Instantiating /home/travis/build/icyphy/ptII/ptolemy/domains/modal/test/auto/ErrorTransition6.xml
7 ms. Memory: 577024K Free: 140797K (24%)
----------------- Invoking toplevel() on ptolemy.moml.MoMLSimpleApplication@53ad1039
----------------- Done invoking toplevel() on ptolemy.moml.MoMLSimpleApplication@53ad1039
reloadAllAccessors: .ErrorTransition6
----------------- testing Wed May 23 13:13:26 UTC 2018 /home/travis/build/icyphy/ptII/ptolemy/domains/modal/test/auto/ErrorTransition7.xml
----------------- Instantiating /home/travis/build/icyphy/ptII/ptolemy/domains/modal/test/auto/ErrorTransition7.xml
11 ms. Memory: 577024K Free: 120548K (21%)
----------------- Invoking toplevel() on ptolemy.moml.MoMLSimpleApplication@61211b28
----------------- Done invoking toplevel() on ptolemy.moml.MoMLSimpleApplication@61211b28
reloadAllAccessors: .ErrorTransition7
----------------- testing Wed May 23 13:13:26 UTC 2018 /home/travis/build/icyphy/ptII/ptolemy/domains/modal/test/auto/ErrorTransition8.xml
----------------- Instantiating /home/travis/build/icyphy/ptII/ptolemy/domains/modal/test/auto/ErrorTransition8.xml
19 ms. Memory: 577024K Free: 103472K (18%)
----------------- Invoking toplevel() on ptolemy.moml.MoMLSimpleApplication@7e5d1c6c
----------------- Done invoking toplevel() on ptolemy.moml.MoMLSimpleApplication@7e5d1c6c
reloadAllAccessors: .ErrorTransition8
----------------- testing Wed May 23 13:13:26 UTC 2018 /home/travis/build/icyphy/ptII/ptolemy/domains/modal/test/auto/ErrorTransition9.xml
----------------- Instantiating /home/travis/build/icyphy/ptII/ptolemy/domains/modal/test/auto/ErrorTransition9.xml
7 ms. Memory: 577024K Free: 86364K (15%)
----------------- Invoking toplevel() on ptolemy.moml.MoMLSimpleApplication@3cff405f
----------------- Done invoking toplevel() on ptolemy.moml.MoMLSimpleApplication@3cff405f
reloadAllAccessors: .ErrorTransition9
----------------- testing Wed May 23 13:13:26 UTC 2018 /home/travis/build/icyphy/ptII/ptolemy/domains/modal/test/auto/ExtendedFSM.xml
----------------- Instantiating /home/travis/build/icyphy/ptII/ptolemy/domains/modal/test/auto/ExtendedFSM.xml
21 ms. Memory: 577024K Free: 563816K (98%)
----------------- Invoking toplevel() on ptolemy.moml.MoMLSimpleApplication@36343c25
----------------- Done invoking toplevel() on ptolemy.moml.MoMLSimpleApplication@36343c25
reloadAllAccessors: .ExtendedFSM
----------------- testing Wed May 23 13:13:26 UTC 2018 /home/travis/build/icyphy/ptII/ptolemy/domains/modal/test/auto/FinalStates.xml
----------------- Instantiating /home/travis/build/icyphy/ptII/ptolemy/domains/modal/test/auto/FinalStates.xml
4 ms. Memory: 577024K Free: 550563K (95%)
----------------- Invoking toplevel() on ptolemy.moml.MoMLSimpleApplication@44c62b2c
----------------- Done invoking toplevel() on ptolemy.moml.MoMLSimpleApplication@44c62b2c
reloadAllAccessors: .FinalStates
----------------- testing Wed May 23 13:13:26 UTC 2018 /home/travis/build/icyphy/ptII/ptolemy/domains/modal/test/auto/FixedPointFSM.xml
----------------- Instantiating /home/travis/build/icyphy/ptII/ptolemy/domains/modal/test/auto/FixedPointFSM.xml
9 ms. Memory: 577024K Free: 533439K (92%)
----------------- Invoking toplevel() on ptolemy.moml.MoMLSimpleApplication@36f663d9
----------------- Done invoking toplevel() on ptolemy.moml.MoMLSimpleApplication@36f663d9
reloadAllAccessors: .FixedPointFSM
----------------- testing Wed May 23 13:13:26 UTC 2018 /home/travis/build/icyphy/ptII/ptolemy/domains/modal/test/auto/FixedPointIterationFSMActor.xml
----------------- Instantiating /home/travis/build/icyphy/ptII/ptolemy/domains/modal/test/auto/FixedPointIterationFSMActor.xml
5 ms. Memory: 577024K Free: 519033K (90%)
----------------- Invoking toplevel() on ptolemy.moml.MoMLSimpleApplication@5033714
----------------- Done invoking toplevel() on ptolemy.moml.MoMLSimpleApplication@5033714
reloadAllAccessors: .FixedPointIterationFSMActor
----------------- testing Wed May 23 13:13:26 UTC 2018 /home/travis/build/icyphy/ptII/ptolemy/domains/modal/test/auto/FixedPointIterationFSMActor2.xml
----------------- Instantiating /home/travis/build/icyphy/ptII/ptolemy/domains/modal/test/auto/FixedPointIterationFSMActor2.xml
7 ms. Memory: 577024K Free: 504214K (87%)
----------------- Invoking toplevel() on ptolemy.moml.MoMLSimpleApplication@6e05b17a
----------------- Done invoking toplevel() on ptolemy.moml.MoMLSimpleApplication@6e05b17a
reloadAllAccessors: .FixedPointIterationFSMActor2
----------------- testing Wed May 23 13:13:26 UTC 2018 /home/travis/build/icyphy/ptII/ptolemy/domains/modal/test/auto/ForbiddenInstantanousLoop.xml
----------------- Instantiating /home/travis/build/icyphy/ptII/ptolemy/domains/modal/test/auto/ForbiddenInstantanousLoop.xml
4 ms. Memory: 577024K Free: 489575K (85%)
----------------- Invoking toplevel() on ptolemy.moml.MoMLSimpleApplication@7c9de259
----------------- Done invoking toplevel() on ptolemy.moml.MoMLSimpleApplication@7c9de259
reloadAllAccessors: .ForbiddenInstantanousLoop
----------------- testing Wed May 23 13:13:26 UTC 2018 /home/travis/build/icyphy/ptII/ptolemy/domains/modal/test/auto/FunctionDependencyOfFSMActorTest.xml
----------------- Instantiating /home/travis/build/icyphy/ptII/ptolemy/domains/modal/test/auto/FunctionDependencyOfFSMActorTest.xml
5 ms. Memory: 577024K Free: 480051K (83%)
----------------- Invoking toplevel() on ptolemy.moml.MoMLSimpleApplication@5949d7c
----------------- Done invoking toplevel() on ptolemy.moml.MoMLSimpleApplication@5949d7c
reloadAllAccessors: .FunctionDependencyOfFSMActorTest
----------------- testing Wed May 23 13:13:26 UTC 2018 /home/travis/build/icyphy/ptII/ptolemy/domains/modal/test/auto/GuardExpression.xml
----------------- Instantiating /home/travis/build/icyphy/ptII/ptolemy/domains/modal/test/auto/GuardExpression.xml
1 ms. Memory: 577024K Free: 472724K (82%)
----------------- Invoking toplevel() on ptolemy.moml.MoMLSimpleApplication@3167955c
----------------- Done invoking toplevel() on ptolemy.moml.MoMLSimpleApplication@3167955c
reloadAllAccessors: .GuardExpression
----------------- testing Wed May 23 13:13:26 UTC 2018 /home/travis/build/icyphy/ptII/ptolemy/domains/modal/test/auto/GuardNotEvaluated.xml
----------------- Instantiating /home/travis/build/icyphy/ptII/ptolemy/domains/modal/test/auto/GuardNotEvaluated.xml
3 ms. Memory: 577024K Free: 462959K (80%)
----------------- Invoking toplevel() on ptolemy.moml.MoMLSimpleApplication@52c44b4
----------------- Done invoking toplevel() on ptolemy.moml.MoMLSimpleApplication@52c44b4
reloadAllAccessors: .GuardNotEvaluated
----------------- testing Wed May 23 13:13:26 UTC 2018 /home/travis/build/icyphy/ptII/ptolemy/domains/modal/test/auto/GuardNotEvaluated2.xml
----------------- Instantiating /home/travis/build/icyphy/ptII/ptolemy/domains/modal/test/auto/GuardNotEvaluated2.xml
11 ms. Memory: 577024K Free: 451014K (78%)
----------------- Invoking toplevel() on ptolemy.moml.MoMLSimpleApplication@a113dde
----------------- Done invoking toplevel() on ptolemy.moml.MoMLSimpleApplication@a113dde
reloadAllAccessors: .GuardNotEvaluated2
----------------- testing Wed May 23 13:13:26 UTC 2018 /home/travis/build/icyphy/ptII/ptolemy/domains/modal/test/auto/GuardOnAbsent.xml
----------------- Instantiating /home/travis/build/icyphy/ptII/ptolemy/domains/modal/test/auto/GuardOnAbsent.xml
7 ms. Memory: 577024K Free: 441234K (76%)
----------------- Invoking toplevel() on ptolemy.moml.MoMLSimpleApplication@6182a906
----------------- Done invoking toplevel() on ptolemy.moml.MoMLSimpleApplication@6182a906
reloadAllAccessors: .GuardOnAbsent
----------------- testing Wed May 23 13:13:26 UTC 2018 /home/travis/build/icyphy/ptII/ptolemy/domains/modal/test/auto/HierarchicalFSMTypeInference.xml
----------------- Instantiating /home/travis/build/icyphy/ptII/ptolemy/domains/modal/test/auto/HierarchicalFSMTypeInference.xml
4 ms. Memory: 577024K Free: 426594K (74%)
----------------- Invoking toplevel() on ptolemy.moml.MoMLSimpleApplication@5257ec4c
----------------- Done invoking toplevel() on ptolemy.moml.MoMLSimpleApplication@5257ec4c
reloadAllAccessors: .HierarchicalFSMTypeInference
----------------- testing Wed May 23 13:13:26 UTC 2018 /home/travis/build/icyphy/ptII/ptolemy/domains/modal/test/auto/Hysteresis.xml
----------------- Instantiating /home/travis/build/icyphy/ptII/ptolemy/domains/modal/test/auto/Hysteresis.xml
10 ms. Memory: 577024K Free: 407305K (71%)
----------------- Invoking toplevel() on ptolemy.moml.MoMLSimpleApplication@6a8f4866
----------------- Done invoking toplevel() on ptolemy.moml.MoMLSimpleApplication@6a8f4866
reloadAllAccessors: .Hysteresis
----------------- testing Wed May 23 13:13:26 UTC 2018 /home/travis/build/icyphy/ptII/ptolemy/domains/modal/test/auto/HysteresisWithDefault.xml
----------------- Instantiating /home/travis/build/icyphy/ptII/ptolemy/domains/modal/test/auto/HysteresisWithDefault.xml
29 ms. Memory: 577024K Free: 380417K (66%)
----------------- Invoking toplevel() on ptolemy.moml.MoMLSimpleApplication@6ad9c5d6
----------------- Done invoking toplevel() on ptolemy.moml.MoMLSimpleApplication@6ad9c5d6
reloadAllAccessors: .HysteresisWithDefault
----------------- testing Wed May 23 13:13:26 UTC 2018 /home/travis/build/icyphy/ptII/ptolemy/domains/modal/test/auto/HysteresisWithDefault2.xml
----------------- Instantiating /home/travis/build/icyphy/ptII/ptolemy/domains/modal/test/auto/HysteresisWithDefault2.xml
36 ms. Memory: 577024K Free: 346425K (60%)
----------------- Invoking toplevel() on ptolemy.moml.MoMLSimpleApplication@5403989d
----------------- Done invoking toplevel() on ptolemy.moml.MoMLSimpleApplication@5403989d
reloadAllAccessors: .HysteresisWithDefault2
----------------- testing Wed May 23 13:13:26 UTC 2018 /home/travis/build/icyphy/ptII/ptolemy/domains/modal/test/auto/ImmediateNonConstructiveness.xml
----------------- Instantiating /home/travis/build/icyphy/ptII/ptolemy/domains/modal/test/auto/ImmediateNonConstructiveness.xml
3 ms. Memory: 577024K Free: 336676K (58%)
----------------- Invoking toplevel() on ptolemy.moml.MoMLSimpleApplication@21f0ec85
----------------- Done invoking toplevel() on ptolemy.moml.MoMLSimpleApplication@21f0ec85
reloadAllAccessors: .ImmediateNonConstructiveness
----------------- testing Wed May 23 13:13:26 UTC 2018 /home/travis/build/icyphy/ptII/ptolemy/domains/modal/test/auto/ImmediateNonConstructiveness2.xml
----------------- Instantiating /home/travis/build/icyphy/ptII/ptolemy/domains/modal/test/auto/ImmediateNonConstructiveness2.xml
2 ms. Memory: 577024K Free: 326911K (57%)
----------------- Invoking toplevel() on ptolemy.moml.MoMLSimpleApplication@5b2977b0
----------------- Done invoking toplevel() on ptolemy.moml.MoMLSimpleApplication@5b2977b0
reloadAllAccessors: .ImmediateNonConstructiveness2
----------------- testing Wed May 23 13:13:26 UTC 2018 /home/travis/build/icyphy/ptII/ptolemy/domains/modal/test/auto/ImmediateTransitionReset.xml
----------------- Instantiating /home/travis/build/icyphy/ptII/ptolemy/domains/modal/test/auto/ImmediateTransitionReset.xml
5 ms. Memory: 577024K Free: 310052K (54%)
----------------- Invoking toplevel() on ptolemy.moml.MoMLSimpleApplication@491bcb53
----------------- Done invoking toplevel() on ptolemy.moml.MoMLSimpleApplication@491bcb53
reloadAllAccessors: .ImmediateTransitionReset
----------------- testing Wed May 23 13:13:26 UTC 2018 /home/travis/build/icyphy/ptII/ptolemy/domains/modal/test/auto/ImmediateTransitions1.xml
----------------- Instantiating /home/travis/build/icyphy/ptII/ptolemy/domains/modal/test/auto/ImmediateTransitions1.xml
2 ms. Memory: 577024K Free: 302725K (52%)
----------------- Invoking toplevel() on ptolemy.moml.MoMLSimpleApplication@5816657d
----------------- Done invoking toplevel() on ptolemy.moml.MoMLSimpleApplication@5816657d
reloadAllAccessors: .ImmediateTransitions1
----------------- testing Wed May 23 13:13:26 UTC 2018 /home/travis/build/icyphy/ptII/ptolemy/domains/modal/test/auto/ImmediateTransitionsInstantaneousCommunication.xml
----------------- Instantiating /home/travis/build/icyphy/ptII/ptolemy/domains/modal/test/auto/ImmediateTransitionsInstantaneousCommunication.xml
4 ms. Memory: 577024K Free: 288054K (50%)
----------------- Invoking toplevel() on ptolemy.moml.MoMLSimpleApplication@68b16760
----------------- Done invoking toplevel() on ptolemy.moml.MoMLSimpleApplication@68b16760
reloadAllAccessors: .ImmediateTransitionsInstantaneousCommunication
----------------- testing Wed May 23 13:13:26 UTC 2018 /home/travis/build/icyphy/ptII/ptolemy/domains/modal/test/auto/InitialImmediateTransition.xml
----------------- Instantiating /home/travis/build/icyphy/ptII/ptolemy/domains/modal/test/auto/InitialImmediateTransition.xml
3 ms. Memory: 577024K Free: 276093K (48%)
----------------- Invoking toplevel() on ptolemy.moml.MoMLSimpleApplication@6e6945c1
----------------- Done invoking toplevel() on ptolemy.moml.MoMLSimpleApplication@6e6945c1
reloadAllAccessors: .InitialImmediateTransition
----------------- testing Wed May 23 13:13:26 UTC 2018 /home/travis/build/icyphy/ptII/ptolemy/domains/modal/test/auto/InitialOutputs.xml
----------------- Instantiating /home/travis/build/icyphy/ptII/ptolemy/domains/modal/test/auto/InitialOutputs.xml
2 ms. Memory: 577024K Free: 266327K (46%)
----------------- Invoking toplevel() on ptolemy.moml.MoMLSimpleApplication@7a1232e5
----------------- Done invoking toplevel() on ptolemy.moml.MoMLSimpleApplication@7a1232e5
reloadAllAccessors: .InitialOutputs
----------------- testing Wed May 23 13:13:26 UTC 2018 /home/travis/build/icyphy/ptII/ptolemy/domains/modal/test/auto/InitialStateTransition1.xml
----------------- Instantiating /home/travis/build/icyphy/ptII/ptolemy/domains/modal/test/auto/InitialStateTransition1.xml
1 ms. Memory: 577024K Free: 256579K (44%)
----------------- Invoking toplevel() on ptolemy.moml.MoMLSimpleApplication@3a932b3d
----------------- Done invoking toplevel() on ptolemy.moml.MoMLSimpleApplication@3a932b3d
reloadAllAccessors: .InitialStateTransition1
----------------- testing Wed May 23 13:13:26 UTC 2018 /home/travis/build/icyphy/ptII/ptolemy/domains/modal/test/auto/InitialStateTransition2.xml
----------------- Instantiating /home/travis/build/icyphy/ptII/ptolemy/domains/modal/test/auto/InitialStateTransition2.xml
.InitialStateTransition2.TestExceptionAttributeNonConstructive: initialize() was not invoked, but wrapup() was.  This is unusual, but not always a problem.  For example, exporting JNLP will do this.
1 ms. Memory: 577024K Free: 244618K (42%)
----------------- Invoking toplevel() on ptolemy.moml.MoMLSimpleApplication@7fd60106
----------------- Done invoking toplevel() on ptolemy.moml.MoMLSimpleApplication@7fd60106
reloadAllAccessors: .InitialStateTransition2
----------------- testing Wed May 23 13:13:26 UTC 2018 /home/travis/build/icyphy/ptII/ptolemy/domains/modal/test/auto/InitialStateTransition3.xml
----------------- Instantiating /home/travis/build/icyphy/ptII/ptolemy/domains/modal/test/auto/InitialStateTransition3.xml
2 ms. Memory: 577024K Free: 232400K (40%)
----------------- Invoking toplevel() on ptolemy.moml.MoMLSimpleApplication@526571a5
----------------- Done invoking toplevel() on ptolemy.moml.MoMLSimpleApplication@526571a5
reloadAllAccessors: .InitialStateTransition3
----------------- testing Wed May 23 13:13:26 UTC 2018 /home/travis/build/icyphy/ptII/ptolemy/domains/modal/test/auto/InitialStateTransition4.xml
----------------- Instantiating /home/travis/build/icyphy/ptII/ptolemy/domains/modal/test/auto/InitialStateTransition4.xml
3 ms. Memory: 577024K Free: 218002K (38%)
----------------- Invoking toplevel() on ptolemy.moml.MoMLSimpleApplication@156fb783
----------------- Done invoking toplevel() on ptolemy.moml.MoMLSimpleApplication@156fb783
reloadAllAccessors: .InitialStateTransition4
----------------- testing Wed May 23 13:13:26 UTC 2018 /home/travis/build/icyphy/ptII/ptolemy/domains/modal/test/auto/MalformedGuardExpressionNotCaught.xml
----------------- Instantiating /home/travis/build/icyphy/ptII/ptolemy/domains/modal/test/auto/MalformedGuardExpressionNotCaught.xml
3 ms. Memory: 577024K Free: 208237K (36%)
----------------- Invoking toplevel() on ptolemy.moml.MoMLSimpleApplication@4942268d
----------------- Done invoking toplevel() on ptolemy.moml.MoMLSimpleApplication@4942268d
reloadAllAccessors: .MalformedGuardExpressionNotCaught
----------------- testing Wed May 23 13:13:26 UTC 2018 /home/travis/build/icyphy/ptII/ptolemy/domains/modal/test/auto/ModalBSC.xml
----------------- Instantiating /home/travis/build/icyphy/ptII/ptolemy/domains/modal/test/auto/ModalBSC.xml
26 ms. Memory: 577024K Free: 178919K (31%)
----------------- Invoking toplevel() on ptolemy.moml.MoMLSimpleApplication@39ad8809
----------------- Done invoking toplevel() on ptolemy.moml.MoMLSimpleApplication@39ad8809
reloadAllAccessors: .ModalBSC
----------------- testing Wed May 23 13:13:27 UTC 2018 /home/travis/build/icyphy/ptII/ptolemy/domains/modal/test/auto/ModalClocks.xml
----------------- Instantiating /home/travis/build/icyphy/ptII/ptolemy/domains/modal/test/auto/ModalClocks.xml
19 ms. Memory: 577024K Free: 149874K (26%)
----------------- Invoking toplevel() on ptolemy.moml.MoMLSimpleApplication@1b306e8c
----------------- Done invoking toplevel() on ptolemy.moml.MoMLSimpleApplication@1b306e8c
reloadAllAccessors: .ModalClocks
----------------- testing Wed May 23 13:13:27 UTC 2018 /home/travis/build/icyphy/ptII/ptolemy/domains/modal/test/auto/ModalDelay.xml
----------------- Instantiating /home/travis/build/icyphy/ptII/ptolemy/domains/modal/test/auto/ModalDelay.xml
18 ms. Memory: 577024K Free: 132750K (23%)
----------------- Invoking toplevel() on ptolemy.moml.MoMLSimpleApplication@328677ff
----------------- Done invoking toplevel() on ptolemy.moml.MoMLSimpleApplication@328677ff
reloadAllAccessors: .ModalDelay
----------------- testing Wed May 23 13:13:27 UTC 2018 /home/travis/build/icyphy/ptII/ptolemy/domains/modal/test/auto/ModalDelay2.xml
----------------- Instantiating /home/travis/build/icyphy/ptII/ptolemy/domains/modal/test/auto/ModalDelay2.xml
14 ms. Memory: 577024K Free: 115626K (20%)
----------------- Invoking toplevel() on ptolemy.moml.MoMLSimpleApplication@7f99fe28
----------------- Done invoking toplevel() on ptolemy.moml.MoMLSimpleApplication@7f99fe28
reloadAllAccessors: .ModalDelay2
----------------- testing Wed May 23 13:13:27 UTC 2018 /home/travis/build/icyphy/ptII/ptolemy/domains/modal/test/auto/ModalModelFromMemo.xml
----------------- Instantiating /home/travis/build/icyphy/ptII/ptolemy/domains/modal/test/auto/ModalModelFromMemo.xml
19 ms. Memory: 577024K Free: 89009K (15%)
----------------- Invoking toplevel() on ptolemy.moml.MoMLSimpleApplication@785853bd
----------------- Done invoking toplevel() on ptolemy.moml.MoMLSimpleApplication@785853bd
reloadAllAccessors: .ModalModelFromMemo
----------------- testing Wed May 23 13:13:27 UTC 2018 /home/travis/build/icyphy/ptII/ptolemy/domains/modal/test/auto/ModalModelWithMultirateTransient.xml
----------------- Instantiating /home/travis/build/icyphy/ptII/ptolemy/domains/modal/test/auto/ModalModelWithMultirateTransient.xml
16 ms. Memory: 870400K Free: 851883K (98%)
----------------- Invoking toplevel() on ptolemy.moml.MoMLSimpleApplication@76f5dd09
----------------- Done invoking toplevel() on ptolemy.moml.MoMLSimpleApplication@76f5dd09
reloadAllAccessors: .ModalModelWithMultirateTransient
----------------- testing Wed May 23 13:13:27 UTC 2018 /home/travis/build/icyphy/ptII/ptolemy/domains/modal/test/auto/ModalModelWithReset.xml
----------------- Instantiating /home/travis/build/icyphy/ptII/ptolemy/domains/modal/test/auto/ModalModelWithReset.xml
20 ms. Memory: 870400K Free: 833510K (96%)
----------------- Invoking toplevel() on ptolemy.moml.MoMLSimpleApplication@73770bd4
----------------- Done invoking toplevel() on ptolemy.moml.MoMLSimpleApplication@73770bd4
reloadAllAccessors: .ModalModelWithReset
----------------- testing Wed May 23 13:13:27 UTC 2018 /home/travis/build/icyphy/ptII/ptolemy/domains/modal/test/auto/MouseClickFSM.xml
----------------- Instantiating /home/travis/build/icyphy/ptII/ptolemy/domains/modal/test/auto/MouseClickFSM.xml
15 ms. Memory: 870400K Free: 807484K (93%)
----------------- Invoking toplevel() on ptolemy.moml.MoMLSimpleApplication@655dc8f6
----------------- Done invoking toplevel() on ptolemy.moml.MoMLSimpleApplication@655dc8f6
reloadAllAccessors: .MouseClickFSM
----------------- testing Wed May 23 13:13:27 UTC 2018 /home/travis/build/icyphy/ptII/ptolemy/domains/modal/test/auto/MouseClickFSMModal.xml
----------------- Instantiating /home/travis/build/icyphy/ptII/ptolemy/domains/modal/test/auto/MouseClickFSMModal.xml
11 ms. Memory: 870400K Free: 791870K (91%)
----------------- Invoking toplevel() on ptolemy.moml.MoMLSimpleApplication@1031533f
----------------- Done invoking toplevel() on ptolemy.moml.MoMLSimpleApplication@1031533f
reloadAllAccessors: .MouseClickFSMModal
----------------- testing Wed May 23 13:13:27 UTC 2018 /home/travis/build/icyphy/ptII/ptolemy/domains/modal/test/auto/NonStrictFSM_FeedbackLoop.xml
----------------- Instantiating /home/travis/build/icyphy/ptII/ptolemy/domains/modal/test/auto/NonStrictFSM_FeedbackLoop.xml
22 ms. Memory: 870400K Free: 758053K (87%)
----------------- Invoking toplevel() on ptolemy.moml.MoMLSimpleApplication@7af703af
----------------- Done invoking toplevel() on ptolemy.moml.MoMLSimpleApplication@7af703af
reloadAllAccessors: .NonStrictFSM_FeedbackLoop
----------------- testing Wed May 23 13:13:27 UTC 2018 /home/travis/build/icyphy/ptII/ptolemy/domains/modal/test/auto/NonStrictFSM_FeedbackLoop_Refinement.xml
----------------- Instantiating /home/travis/build/icyphy/ptII/ptolemy/domains/modal/test/auto/NonStrictFSM_FeedbackLoop_Refinement.xml
34 ms. Memory: 870400K Free: 721623K (83%)
----------------- Invoking toplevel() on ptolemy.moml.MoMLSimpleApplication@64fed98d
----------------- Done invoking toplevel() on ptolemy.moml.MoMLSimpleApplication@64fed98d
reloadAllAccessors: .NonStrictFSM_FeedbackLoop_Refinement
----------------- testing Wed May 23 13:13:27 UTC 2018 /home/travis/build/icyphy/ptII/ptolemy/domains/modal/test/auto/NonStrictFSM_FeedbackLoop_preemptive.xml
----------------- Instantiating /home/travis/build/icyphy/ptII/ptolemy/domains/modal/test/auto/NonStrictFSM_FeedbackLoop_preemptive.xml
10 ms. Memory: 870400K Free: 685194K (79%)
----------------- Invoking toplevel() on ptolemy.moml.MoMLSimpleApplication@3d5833b9
----------------- Done invoking toplevel() on ptolemy.moml.MoMLSimpleApplication@3d5833b9
reloadAllAccessors: .NonStrictFSM_FeedbackLoop_preemptive
----------------- testing Wed May 23 13:13:27 UTC 2018 /home/travis/build/icyphy/ptII/ptolemy/domains/modal/test/auto/NormalTermination.xml
----------------- Instantiating /home/travis/build/icyphy/ptII/ptolemy/domains/modal/test/auto/NormalTermination.xml
4 ms. Memory: 870400K Free: 656578K (75%)
----------------- Invoking toplevel() on ptolemy.moml.MoMLSimpleApplication@2e2accb0
----------------- Done invoking toplevel() on ptolemy.moml.MoMLSimpleApplication@2e2accb0
reloadAllAccessors: .NormalTermination
----------------- testing Wed May 23 13:13:27 UTC 2018 /home/travis/build/icyphy/ptII/ptolemy/domains/modal/test/auto/Pong.xml
----------------- Instantiating /home/travis/build/icyphy/ptII/ptolemy/domains/modal/test/auto/Pong.xml
29 ms. Memory: 870400K Free: 630560K (72%)
----------------- Invoking toplevel() on ptolemy.moml.MoMLSimpleApplication@68946097
----------------- Done invoking toplevel() on ptolemy.moml.MoMLSimpleApplication@68946097
reloadAllAccessors: .Pong
[...]
2 ms. Memory: 870400K Free: 234936K (27%)
----------------- Invoking toplevel() on ptolemy.moml.MoMLSimpleApplication@1ffc9add
----------------- Done invoking toplevel() on ptolemy.moml.MoMLSimpleApplication@1ffc9add
reloadAllAccessors: .StrongImmediateTransition
----------------- testing Wed May 23 13:13:28 UTC 2018 /home/travis/build/icyphy/ptII/ptolemy/domains/modal/test/auto/SustainHierarchy.xml
----------------- Instantiating /home/travis/build/icyphy/ptII/ptolemy/domains/modal/test/auto/SustainHierarchy.xml
5 ms. Memory: 870400K Free: 214120K (25%)
----------------- Invoking toplevel() on ptolemy.moml.MoMLSimpleApplication@5a3da905
----------------- Done invoking toplevel() on ptolemy.moml.MoMLSimpleApplication@5a3da905
reloadAllAccessors: .SustainHierarchy
----------------- testing Wed May 23 13:13:28 UTC 2018 /home/travis/build/icyphy/ptII/ptolemy/domains/modal/test/auto/TerminationTransition1.xml
----------------- Instantiating /home/travis/build/icyphy/ptII/ptolemy/domains/modal/test/auto/TerminationTransition1.xml
2 ms. Memory: 870400K Free: 198498K (23%)
----------------- Invoking toplevel() on ptolemy.moml.MoMLSimpleApplication@46d63e7b
----------------- Done invoking toplevel() on ptolemy.moml.MoMLSimpleApplication@46d63e7b
reloadAllAccessors: .TerminationTransition1
----------------- testing Wed May 23 13:13:28 UTC 2018 /home/travis/build/icyphy/ptII/ptolemy/domains/modal/test/auto/TerminationTransition2.xml
----------------- Instantiating /home/travis/build/icyphy/ptII/ptolemy/domains/modal/test/auto/TerminationTransition2.xml
2 ms. Memory: 870400K Free: 180303K (21%)
----------------- Invoking toplevel() on ptolemy.moml.MoMLSimpleApplication@44e329d1
----------------- Done invoking toplevel() on ptolemy.moml.MoMLSimpleApplication@44e329d1
reloadAllAccessors: .TerminationTransition2
----------------- testing Wed May 23 13:13:28 UTC 2018 /home/travis/build/icyphy/ptII/ptolemy/domains/modal/test/auto/TerminationTransition3.xml
----------------- Instantiating /home/travis/build/icyphy/ptII/ptolemy/domains/modal/test/auto/TerminationTransition3.xml
2 ms. Memory: 870400K Free: 164681K (19%)
----------------- Invoking toplevel() on ptolemy.moml.MoMLSimpleApplication@77b1e395
----------------- Done invoking toplevel() on ptolemy.moml.MoMLSimpleApplication@77b1e395
reloadAllAccessors: .TerminationTransition3
----------------- testing Wed May 23 13:13:28 UTC 2018 /home/travis/build/icyphy/ptII/ptolemy/domains/modal/test/auto/TerminationTransition4.xml
----------------- Instantiating /home/travis/build/icyphy/ptII/ptolemy/domains/modal/test/auto/TerminationTransition4.xml
5 ms. Memory: 870400K Free: 143865K (17%)
----------------- Invoking toplevel() on ptolemy.moml.MoMLSimpleApplication@7e378506
----------------- Done invoking toplevel() on ptolemy.moml.MoMLSimpleApplication@7e378506
reloadAllAccessors: .TerminationTransition4
----------------- testing Wed May 23 13:13:28 UTC 2018 /home/travis/build/icyphy/ptII/ptolemy/domains/modal/test/auto/TerminationTransition5.xml
----------------- Instantiating /home/travis/build/icyphy/ptII/ptolemy/domains/modal/test/auto/TerminationTransition5.xml
3 ms. Memory: 870400K Free: 120459K (14%)
----------------- Invoking toplevel() on ptolemy.moml.MoMLSimpleApplication@45d311f6
----------------- Done invoking toplevel() on ptolemy.moml.MoMLSimpleApplication@45d311f6
reloadAllAccessors: .TerminationTransition5
----------------- testing Wed May 23 13:13:28 UTC 2018 /home/travis/build/icyphy/ptII/ptolemy/domains/modal/test/auto/TerminationTransition6.xml
----------------- Instantiating /home/travis/build/icyphy/ptII/ptolemy/domains/modal/test/auto/TerminationTransition6.xml
2 ms. Memory: 870400K Free: 104853K (12%)
----------------- Invoking toplevel() on ptolemy.moml.MoMLSimpleApplication@16a3f0e4
----------------- Done invoking toplevel() on ptolemy.moml.MoMLSimpleApplication@16a3f0e4
reloadAllAccessors: .TerminationTransition6
----------------- testing Wed May 23 13:13:28 UTC 2018 /home/travis/build/icyphy/ptII/ptolemy/domains/modal/test/auto/TerminationTransition7.xml
----------------- Instantiating /home/travis/build/icyphy/ptII/ptolemy/domains/modal/test/auto/TerminationTransition7.xml
3 ms. Memory: 870400K Free: 89247K (10%)
----------------- Invoking toplevel() on ptolemy.moml.MoMLSimpleApplication@d596ac9
----------------- Done invoking toplevel() on ptolemy.moml.MoMLSimpleApplication@d596ac9
reloadAllAccessors: .TerminationTransition7
----------------- testing Wed May 23 13:13:28 UTC 2018 /home/travis/build/icyphy/ptII/ptolemy/domains/modal/test/auto/TerminationTransition8.xml
----------------- Instantiating /home/travis/build/icyphy/ptII/ptolemy/domains/modal/test/auto/TerminationTransition8.xml
1 ms. Memory: 870400K Free: 850740K (98%)
----------------- Invoking toplevel() on ptolemy.moml.MoMLSimpleApplication@413069ad
----------------- Done invoking toplevel() on ptolemy.moml.MoMLSimpleApplication@413069ad
reloadAllAccessors: .TerminationTransition8
----------------- testing Wed May 23 13:13:28 UTC 2018 /home/travis/build/icyphy/ptII/ptolemy/domains/modal/test/auto/Thermostat_NoHysteresis.xml
----------------- Instantiating /home/travis/build/icyphy/ptII/ptolemy/domains/modal/test/auto/Thermostat_NoHysteresis.xml
21 ms. Memory: 870400K Free: 817514K (94%)
----------------- Invoking toplevel() on ptolemy.moml.MoMLSimpleApplication@3bcabe77
----------------- Done invoking toplevel() on ptolemy.moml.MoMLSimpleApplication@3bcabe77
reloadAllAccessors: .Thermostat_NoHysteresis
----------------- testing Wed May 23 13:13:28 UTC 2018 /home/travis/build/icyphy/ptII/ptolemy/domains/modal/test/auto/TimedFSM.xml
----------------- Instantiating /home/travis/build/icyphy/ptII/ptolemy/domains/modal/test/auto/TimedFSM.xml
6 ms. Memory: 870400K Free: 801900K (92%)
----------------- Invoking toplevel() on ptolemy.moml.MoMLSimpleApplication@71ec38a8
----------------- Done invoking toplevel() on ptolemy.moml.MoMLSimpleApplication@71ec38a8
reloadAllAccessors: .TimedFSM
----------------- testing Wed May 23 13:13:28 UTC 2018 /home/travis/build/icyphy/ptII/ptolemy/domains/modal/test/auto/Timeout1.xml
----------------- Instantiating /home/travis/build/icyphy/ptII/ptolemy/domains/modal/test/auto/Timeout1.xml
3 ms. Memory: 870400K Free: 789604K (91%)
----------------- Invoking toplevel() on ptolemy.moml.MoMLSimpleApplication@d3706f3
----------------- Done invoking toplevel() on ptolemy.moml.MoMLSimpleApplication@d3706f3
reloadAllAccessors: .Timeout1
----------------- testing Wed May 23 13:13:28 UTC 2018 /home/travis/build/icyphy/ptII/ptolemy/domains/modal/test/auto/Timeout2.xml
----------------- Instantiating /home/travis/build/icyphy/ptII/ptolemy/domains/modal/test/auto/Timeout2.xml
3 ms. Memory: 870400K Free: 773998K (89%)
----------------- Invoking toplevel() on ptolemy.moml.MoMLSimpleApplication@25f9693b
----------------- Done invoking toplevel() on ptolemy.moml.MoMLSimpleApplication@25f9693b
reloadAllAccessors: .Timeout2
----------------- testing Wed May 23 13:13:28 UTC 2018 /home/travis/build/icyphy/ptII/ptolemy/domains/modal/test/auto/Timeout3.xml
----------------- Instantiating /home/travis/build/icyphy/ptII/ptolemy/domains/modal/test/auto/Timeout3.xml
2 ms. Memory: 870400K Free: 761701K (88%)
----------------- Invoking toplevel() on ptolemy.moml.MoMLSimpleApplication@3ed0bcc6
----------------- Done invoking toplevel() on ptolemy.moml.MoMLSimpleApplication@3ed0bcc6
reloadAllAccessors: .Timeout3
----------------- testing Wed May 23 13:13:28 UTC 2018 /home/travis/build/icyphy/ptII/ptolemy/domains/modal/test/auto/Timeout4.xml
----------------- Instantiating /home/travis/build/icyphy/ptII/ptolemy/domains/modal/test/auto/Timeout4.xml
2 ms. Memory: 870400K Free: 751297K (86%)
----------------- Invoking toplevel() on ptolemy.moml.MoMLSimpleApplication@3bc36bb0
----------------- Done invoking toplevel() on ptolemy.moml.MoMLSimpleApplication@3bc36bb0
reloadAllAccessors: .Timeout4
----------------- testing Wed May 23 13:13:28 UTC 2018 /home/travis/build/icyphy/ptII/ptolemy/domains/modal/test/auto/TransientstateModelAdvanced.xml
----------------- Instantiating /home/travis/build/icyphy/ptII/ptolemy/domains/modal/test/auto/TransientstateModelAdvanced.xml
3 ms. Memory: 870400K Free: 728580K (84%)
----------------- Invoking toplevel() on ptolemy.moml.MoMLSimpleApplication@e7499f6
----------------- Done invoking toplevel() on ptolemy.moml.MoMLSimpleApplication@e7499f6
reloadAllAccessors: .TransientstateModelAdvanced
----------------- testing Wed May 23 13:13:28 UTC 2018 /home/travis/build/icyphy/ptII/ptolemy/domains/modal/test/auto/TransientstateModelAdvanced2.xml
----------------- Instantiating /home/travis/build/icyphy/ptII/ptolemy/domains/modal/test/auto/TransientstateModelAdvanced2.xml
3 ms. Memory: 870400K Free: 707756K (81%)
----------------- Invoking toplevel() on ptolemy.moml.MoMLSimpleApplication@575cebe4
----------------- Done invoking toplevel() on ptolemy.moml.MoMLSimpleApplication@575cebe4
reloadAllAccessors: .transientstatemodelAdvanced
----------------- testing Wed May 23 13:13:28 UTC 2018 /home/travis/build/icyphy/ptII/ptolemy/domains/modal/test/auto/TransitionRefinements.xml
----------------- Instantiating /home/travis/build/icyphy/ptII/ptolemy/domains/modal/test/auto/TransitionRefinements.xml
5 ms. Memory: 870400K Free: 690242K (79%)
----------------- Invoking toplevel() on ptolemy.moml.MoMLSimpleApplication@5199991e
----------------- Done invoking toplevel() on ptolemy.moml.MoMLSimpleApplication@5199991e
reloadAllAccessors: .TransitionRefinements
----------------- testing Wed May 23 13:13:28 UTC 2018 /home/travis/build/icyphy/ptII/ptolemy/domains/modal/test/auto/TwoRefinements1.xml
----------------- Instantiating /home/travis/build/icyphy/ptII/ptolemy/domains/modal/test/auto/TwoRefinements1.xml
2 ms. Memory: 870400K Free: 674620K (78%)
----------------- Invoking toplevel() on ptolemy.moml.MoMLSimpleApplication@63de6aa3
----------------- Done invoking toplevel() on ptolemy.moml.MoMLSimpleApplication@63de6aa3
reloadAllAccessors: .TwoRefinements1
----------------- testing Wed May 23 13:13:28 UTC 2018 /home/travis/build/icyphy/ptII/ptolemy/domains/modal/test/auto/TwoRefinements2.xml
----------------- Instantiating /home/travis/build/icyphy/ptII/ptolemy/domains/modal/test/auto/TwoRefinements2.xml
2 ms. Memory: 870400K Free: 657105K (75%)
----------------- Invoking toplevel() on ptolemy.moml.MoMLSimpleApplication@3279aa50
----------------- Done invoking toplevel() on ptolemy.moml.MoMLSimpleApplication@3279aa50
reloadAllAccessors: .TwoRefinements2
----------------- testing Wed May 23 13:13:28 UTC 2018 /home/travis/build/icyphy/ptII/ptolemy/domains/modal/test/auto/WeakImmediateTransition.xml
----------------- Instantiating /home/travis/build/icyphy/ptII/ptolemy/domains/modal/test/auto/WeakImmediateTransition.xml
2 ms. Memory: 870400K Free: 641499K (74%)
----------------- Invoking toplevel() on ptolemy.moml.MoMLSimpleApplication@46d64ae8
----------------- Done invoking toplevel() on ptolemy.moml.MoMLSimpleApplication@46d64ae8
reloadAllAccessors: .WeakImmediateTransition
----------------- testing Wed May 23 13:13:29 UTC 2018 /home/travis/build/icyphy/ptII/ptolemy/domains/modal/test/auto/booleanSelect.xml
----------------- Instantiating /home/travis/build/icyphy/ptII/ptolemy/domains/modal/test/auto/booleanSelect.xml
46 ms. Memory: 870400K Free: 613549K (70%)
----------------- Invoking toplevel() on ptolemy.moml.MoMLSimpleApplication@5f3d0dbe
----------------- Done invoking toplevel() on ptolemy.moml.MoMLSimpleApplication@5f3d0dbe
reloadAllAccessors: .booleanSelect
----------------- testing Wed May 23 13:13:29 UTC 2018 /home/travis/build/icyphy/ptII/ptolemy/domains/modal/test/auto/modalChangingParams.xml
----------------- Instantiating /home/travis/build/icyphy/ptII/ptolemy/domains/modal/test/auto/modalChangingParams.xml
0
1
0
2
4
6
8
7
0
2
4
6
8
13
0
2
4
6
8
19
0
2
4
6
8
25
0
2
4
6
8
31
0
2
4
6
8
37
0
2
4
6
8
43
0
2
4
6
8
49
0
2
4
6
8
55
0
2
4
6
8
61
0
2
4
6
8
67
0
2
4
6
8
73
0
2
4
6
8
79
0
2
4
6
8
85
0
2
4
6
8
91
0
2
4
6
8
97
0
2
4
6
8
103
0
2
4
6
8
109
0
2
4
6
8
115
0
2
4
6
8
121
0
2
4
6
8
127
0
2
4
6
8
133
0
2
4
6
8
139
0
2
4
6
8
145
0
2
4
6
8
151
0
2
4
6
8
157
0
2
4
6
8
163
0
2
4
6
8
169
0
2
4
6
8
175
0
2
4
6
8
181
0
2
4
6
8
187
0
2
4
6
8
193
0
2
4
6
8
199
0
2
4
6
8
205
0
2
4
6
8
211
0
2
4
6
8
217
0
2
4
6
8
223
0
2
4
6
8
229
0
2
4
6
8
235
0
2
4
6
8
241
0
2
4
6
8
247
0
2
4
6
8
253
0
2
4
6
8
259
0
2
4
6
8
265
0
2
4
6
8
271
0
2
4
6
8
277
0
2
4
6
8
283
0
2
4
6
8
289
0
2
4
6
8
295
0
2
4
6
8
301
0
2
4
6
8
307
0
2
4
6
8
313
0
2
4
6
8
319
0
2
4
6
8
325
0
2
4
6
8
331
0
2
4
6
8
337
0
2
4
6
8
343
0
2
4
6
8
349
0
2
4
6
8
355
0
2
4
6
8
361
0
2
4
6
8
367
0
2
4
6
8
373
0
2
4
6
8
379
0
2
4
6
8
385
0
2
4
6
8
391
0
2
4
6
8
397
0
2
4
6
8
403
0
2
4
6
8
409
0
2
4
6
8
415
0
2
4
6
8
421
0
2
4
6
8
427
0
2
4
6
8
433
0
2
4
6
8
439
0
2
4
6
8
445
0
2
4
6
8
451
0
2
4
6
8
457
0
2
4
6
8
463
0
2
4
6
8
469
0
2
4
6
8
475
0
2
4
6
8
481
0
2
4
6
8
487
0
2
4
6
8
493
0
2
4
6
8
499
0
2
4
6
8
505
0
2
4
6
8
511
0
2
4
6
8
517
0
2
4
6
8
523
0
2
4
6
8
529
0
2
4
6
8
535
0
2
4
6
8
541
0
2
4
6
8
547
0
2
4
6
8
553
0
2
4
6
8
559
0
2
4
6
8
565
0
2
4
6
8
571
0
2
4
6
8
577
0
2
4
6
8
583
0
2
4
6
8
589
0
2
4
6
8
595
0
2
4
6
8
601
0
2
4
6
8
607
0
2
4
6
8
613
0
2
4
6
8
619
0
2
4
6
8
625
0
2
4
6
8
631
0
2
4
6
8
637
0
2
4
6
8
643
0
2
4
6
8
649
0
2
4
6
8
655
0
2
4
6
8
661
0
2
4
6
8
667
0
2
4
6
8
673
0
2
4
6
8
679
0
2
4
6
8
685
0
2
4
6
8
691
0
2
4
6
8
697
0
2
4
6
8
703
0
2
4
6
8
709
0
2
4
6
8
715
0
2
4
6
8
721
0
2
4
6
8
727
0
2
4
6
8
733
0
2
4
6
8
739
0
2
4
6
8
745
0
2
4
6
8
751
0
2
4
6
8
757
0
2
4
6
8
763
0
2
4
6
8
769
0
2
4
6
8
775
0
2
4
6
8
781
0
2
4
6
8
787
0
2
4
6
8
793
0
2
4
6
8
799
0
2
4
6
8
805
0
2
4
6
8
811
0
2
4
6
8
817
0
2
4
6
8
823
0
2
4
6
8
829
0
2
4
6
8
835
0
2
4
6
8
841
0
2
4
6
8
847
0
2
4
6
8
853
0
2
4
6
8
859
0
2
4
6
8
865
0
2
4
6
8
871
0
2
4
6
8
877
0
2
4
6
8
883
0
2
4
6
8
889
0
2
4
6
8
895
0
2
4
6
8
901
0
2
4
6
8
907
0
2
4
6
8
913
0
2
4
6
8
919
0
2
4
6
8
925
0
2
4
6
8
931
0
2
4
6
8
937
0
2
4
6
8
943
0
2
4
6
8
949
0
2
4
6
8
955
0
2
4
6
8
961
0
2
4
6
8
967
0
2
4
6
8
973
0
2
4
6
8
979
0
2
4
6
8
985
0
2
4
6
8
991
0
2
4
6
8
997
0
2
211 ms. Memory: 870400K Free: 493728K (57%)
----------------- Invoking toplevel() on ptolemy.moml.MoMLSimpleApplication@663a8b8
----------------- Done invoking toplevel() on ptolemy.moml.MoMLSimpleApplication@663a8b8
reloadAllAccessors: .modalChangingParams
----------------- testing Wed May 23 13:13:29 UTC 2018 /home/travis/build/icyphy/ptII/ptolemy/domains/modal/test/auto/modalModel.xml
----------------- Instantiating /home/travis/build/icyphy/ptII/ptolemy/domains/modal/test/auto/modalModel.xml
4 ms. Memory: 870400K Free: 478106K (55%)
----------------- Invoking toplevel() on ptolemy.moml.MoMLSimpleApplication@4c346d08
----------------- Done invoking toplevel() on ptolemy.moml.MoMLSimpleApplication@4c346d08
reloadAllAccessors: .modalModel
----------------- testing Wed May 23 13:13:29 UTC 2018 /home/travis/build/icyphy/ptII/ptolemy/domains/modal/test/auto/modalModel2.xml
----------------- Instantiating /home/travis/build/icyphy/ptII/ptolemy/domains/modal/test/auto/modalModel2.xml
11 ms. Memory: 870400K Free: 460591K (53%)
----------------- Invoking toplevel() on ptolemy.moml.MoMLSimpleApplication@5269a060
----------------- Done invoking toplevel() on ptolemy.moml.MoMLSimpleApplication@5269a060
reloadAllAccessors: .modalModel2
----------------- testing Wed May 23 13:13:29 UTC 2018 /home/travis/build/icyphy/ptII/ptolemy/domains/modal/test/auto/modalModel3.xml
----------------- Instantiating /home/travis/build/icyphy/ptII/ptolemy/domains/modal/test/auto/modalModel3.xml
0	0	0
3	2	1
6	4	2
9	6	3
4	0	4
7	2	5
10	4	6
13	6	7
8	0	8
11	2	9
14	4	10
17	6	11
12	0	12
15	2	13
18	4	14
17 ms. Memory: 870400K Free: 439752K (51%)
----------------- Invoking toplevel() on ptolemy.moml.MoMLSimpleApplication@176c8ee
----------------- Done invoking toplevel() on ptolemy.moml.MoMLSimpleApplication@176c8ee
reloadAllAccessors: .modalModel3
----------------- testing Wed May 23 13:13:29 UTC 2018 /home/travis/build/icyphy/ptII/ptolemy/domains/modal/test/auto/model1.xml
----------------- Instantiating /home/travis/build/icyphy/ptII/ptolemy/domains/modal/test/auto/model1.xml
9 ms. Memory: 870400K Free: 427455K (49%)
----------------- Invoking toplevel() on ptolemy.moml.MoMLSimpleApplication@55a64532
----------------- Done invoking toplevel() on ptolemy.moml.MoMLSimpleApplication@55a64532
reloadAllAccessors: .model1
----------------- testing Wed May 23 13:13:29 UTC 2018 /home/travis/build/icyphy/ptII/ptolemy/domains/modal/test/auto/test-direct-in-out.xml
----------------- Instantiating /home/travis/build/icyphy/ptII/ptolemy/domains/modal/test/auto/test-direct-in-out.xml
3 ms. Memory: 870400K Free: 411833K (47%)
----------------- Invoking toplevel() on ptolemy.moml.MoMLSimpleApplication@6f9914e
----------------- Done invoking toplevel() on ptolemy.moml.MoMLSimpleApplication@6f9914e
reloadAllAccessors: .test-direct-in-out
AutoTests.java: About to close Vertx.
AutoTests.java: Vertx closed.
]]></system-out>
  <system-err><![CDATA[java.lang.RuntimeException: Execution failed
	at ptolemy.moml.MoMLSimpleApplication$UnloadThread.run(MoMLSimpleApplication.java:402)
Caused by: ptolemy.kernel.util.IllegalActionException: Unknown inputs remain. Possible causality loop:
L_model_1893289564i

  in .CannotAnalysisWithPreemption.model_1893289564_region_1 and .CannotAnalysisWithPreemption.model_1893289564_region_1.L_model_1893289564i
	at ptolemy.actor.sched.FixedPointDirector.postfire(FixedPointDirector.java:515)
	at ptolemy.domains.sr.kernel.SRDirector.postfire(SRDirector.java:417)
	at ptolemy.actor.CompositeActor.postfire(CompositeActor.java:1668)
	at ptolemy.actor.Manager.iterate(Manager.java:852)
	at ptolemy.actor.Manager.execute(Manager.java:369)
	at ptolemy.actor.Manager.run(Manager.java:1263)
	at ptolemy.actor.Manager$PtolemyRunThread.run(Manager.java:1915)
java.lang.reflect.InvocationTargetException
	at sun.reflect.NativeConstructorAccessorImpl.newInstance0(Native Method)
	at sun.reflect.NativeConstructorAccessorImpl.newInstance(NativeConstructorAccessorImpl.java:62)
	at sun.reflect.DelegatingConstructorAccessorImpl.newInstance(DelegatingConstructorAccessorImpl.java:45)
	at java.lang.reflect.Constructor.newInstance(Constructor.java:423)
	at ptolemy.util.test.junit.AutoKnownFailedTests.RunModel(AutoKnownFailedTests.java:107)
	at sun.reflect.NativeMethodAccessorImpl.invoke0(Native Method)
	at sun.reflect.NativeMethodAccessorImpl.invoke(NativeMethodAccessorImpl.java:62)
	at sun.reflect.DelegatingMethodAccessorImpl.invoke(DelegatingMethodAccessorImpl.java:43)
	at java.lang.reflect.Method.invoke(Method.java:498)
	at org.junit.runners.model.FrameworkMethod$1.runReflectiveCall(FrameworkMethod.java:44)
	at org.junit.internal.runners.model.ReflectiveCallable.run(ReflectiveCallable.java:15)
	at org.junit.runners.model.FrameworkMethod.invokeExplosively(FrameworkMethod.java:41)
	at junitparams.internal.InvokeParameterisedMethod.evaluate(InvokeParameterisedMethod.java:102)
	at org.junit.internal.runners.statements.FailOnTimeout$1.run(FailOnTimeout.java:28)
Caused by: ptolemy.kernel.util.IllegalActionException: Unknown inputs remain. Possible causality loop:
L_model_1893289564i

  in .CannotAnalysisWithPreemption.model_1893289564_region_1 and .CannotAnalysisWithPreemption.model_1893289564_region_1.L_model_1893289564i
	at ptolemy.actor.sched.FixedPointDirector.postfire(FixedPointDirector.java:515)
	at ptolemy.domains.sr.kernel.SRDirector.postfire(SRDirector.java:417)
	at ptolemy.actor.CompositeActor.postfire(CompositeActor.java:1668)
	at ptolemy.actor.Manager.iterate(Manager.java:852)
	at ptolemy.actor.Manager.execute(Manager.java:369)
	at ptolemy.actor.Manager.run(Manager.java:1263)
	at ptolemy.actor.Manager$PtolemyRunThread.run(Manager.java:1915)
]]></system-err>
</testsuite>
