<?xml version="1.0" encoding="UTF-8" ?>
<testsuite errors="0" failures="0" hostname="travis-job-6ea20a2c-62d5-4a6f-bd0b-3ece2f97f62f" name="ptolemy.domains.sdf.test.junit.JUnitTclTest" skipped="0" tests="66" time="21.757" timestamp="2018-05-20T01:21:51">
  <properties>
[...]
</properties>
  <testcase classname="ptolemy.util.test.junit.TclTests" name="[0] /home/travis/build/icyphy/ptII/ptolemy/domains/sdf/test/SDFSchedulerErrors.tcl (RunTclFile)" time="0.75" />
  <testcase classname="ptolemy.util.test.junit.TclTests" name="[1] /home/travis/build/icyphy/ptII/ptolemy/domains/sdf/test/composition.tcl (RunTclFile)" time="0.196" />
  <testcase classname="ptolemy.util.test.junit.TclTests" name="[2] /home/travis/build/icyphy/ptII/ptolemy/domains/sdf/test/cycle.tcl (RunTclFile)" time="0.057" />
  <testcase classname="ptolemy.util.test.junit.AutoKnownFailedTests" name="[0] ThereAreNoKnowFailedTests (RunModel)" time="0.006" />
  <testcase classname="ptolemy.util.test.junit.AutoNameArchTests" name="[0] ThereAreNoAutoTests (RunModel)" time="0.027" />
  <testcase classname="ptolemy.util.test.junit.AutoTests" name="[0] /home/travis/build/icyphy/ptII/ptolemy/domains/sdf/test/auto/Array.xml (RunModel)" time="0.201" />
  <testcase classname="ptolemy.util.test.junit.AutoTests" name="[1] /home/travis/build/icyphy/ptII/ptolemy/domains/sdf/test/auto/Butterfly.xml (RunModel)" time="0.11" />
  <testcase classname="ptolemy.util.test.junit.AutoTests" name="[2] /home/travis/build/icyphy/ptII/ptolemy/domains/sdf/test/auto/Expression.xml (RunModel)" time="0.083" />
  <testcase classname="ptolemy.util.test.junit.AutoTests" name="[3] /home/travis/build/icyphy/ptII/ptolemy/domains/sdf/test/auto/Eye.xml (RunModel)" time="0.405" />
  <testcase classname="ptolemy.util.test.junit.AutoTests" name="[4] /home/travis/build/icyphy/ptII/ptolemy/domains/sdf/test/auto/FixFIR.xml (RunModel)" time="0.347" />
  <testcase classname="ptolemy.util.test.junit.AutoTests" name="[5] /home/travis/build/icyphy/ptII/ptolemy/domains/sdf/test/auto/FixPoint.xml (RunModel)" time="0.057" />
  <testcase classname="ptolemy.util.test.junit.AutoTests" name="[6] /home/travis/build/icyphy/ptII/ptolemy/domains/sdf/test/auto/Gravitation.xml (RunModel)" time="3.261" />
  <testcase classname="ptolemy.util.test.junit.AutoTests" name="[7] /home/travis/build/icyphy/ptII/ptolemy/domains/sdf/test/auto/GravitationWithCollisionDetection.xml (RunModel)" time="7.621" />
  <testcase classname="ptolemy.util.test.junit.AutoTests" name="[8] /home/travis/build/icyphy/ptII/ptolemy/domains/sdf/test/auto/HDF.xml (RunModel)" time="0.146" />
  <testcase classname="ptolemy.util.test.junit.AutoTests" name="[9] /home/travis/build/icyphy/ptII/ptolemy/domains/sdf/test/auto/HDFwithTransientStates.xml (RunModel)" time="0.109" />
  <testcase classname="ptolemy.util.test.junit.AutoTests" name="[10] /home/travis/build/icyphy/ptII/ptolemy/domains/sdf/test/auto/HTVQ.xml (RunModel)" time="0.982" />
  <testcase classname="ptolemy.util.test.junit.AutoTests" name="[11] /home/travis/build/icyphy/ptII/ptolemy/domains/sdf/test/auto/InferInitProduction.xml (RunModel)" time="0.044" />
  <testcase classname="ptolemy.util.test.junit.AutoTests" name="[12] /home/travis/build/icyphy/ptII/ptolemy/domains/sdf/test/auto/InferInitProductionDeeper.xml (RunModel)" time="0.034" />
  <testcase classname="ptolemy.util.test.junit.AutoTests" name="[13] /home/travis/build/icyphy/ptII/ptolemy/domains/sdf/test/auto/LMSAdaptive.xml (RunModel)" time="0.111" />
  <testcase classname="ptolemy.util.test.junit.AutoTests" name="[14] /home/travis/build/icyphy/ptII/ptolemy/domains/sdf/test/auto/LogisticMap.xml (RunModel)" time="0.496" />
  <testcase classname="ptolemy.util.test.junit.AutoTests" name="[15] /home/travis/build/icyphy/ptII/ptolemy/domains/sdf/test/auto/MaximumEntropySpectrum.xml (RunModel)" time="0.297" />
  <testcase classname="ptolemy.util.test.junit.AutoTests" name="[16] /home/travis/build/icyphy/ptII/ptolemy/domains/sdf/test/auto/MultirateSDF.xml (RunModel)" time="0.075" />
  <testcase classname="ptolemy.util.test.junit.AutoTests" name="[17] /home/travis/build/icyphy/ptII/ptolemy/domains/sdf/test/auto/MultirateSDFwithTransientStates.xml (RunModel)" time="0.077" />
  <testcase classname="ptolemy.util.test.junit.AutoTests" name="[18] /home/travis/build/icyphy/ptII/ptolemy/domains/sdf/test/auto/NoisySinewave.xml (RunModel)" time="0.071" />
  <testcase classname="ptolemy.util.test.junit.AutoTests" name="[19] /home/travis/build/icyphy/ptII/ptolemy/domains/sdf/test/auto/Objects.xml (RunModel)" time="0.063" />
  <testcase classname="ptolemy.util.test.junit.AutoTests" name="[20] /home/travis/build/icyphy/ptII/ptolemy/domains/sdf/test/auto/OrthogonalCom.xml (RunModel)" time="0.045" />
  <testcase classname="ptolemy.util.test.junit.AutoTests" name="[21] /home/travis/build/icyphy/ptII/ptolemy/domains/sdf/test/auto/RijndaelEncryption.xml (RunModel)" time="0.55" />
  <testcase classname="ptolemy.util.test.junit.AutoTests" name="[22] /home/travis/build/icyphy/ptII/ptolemy/domains/sdf/test/auto/SDFEmptyIterations.xml (RunModel)" time="0.023" />
  <testcase classname="ptolemy.util.test.junit.AutoTests" name="[23] /home/travis/build/icyphy/ptII/ptolemy/domains/sdf/test/auto/Spectrum.xml (RunModel)" time="0.072" />
  <testcase classname="ptolemy.util.test.junit.AutoTests" name="[24] /home/travis/build/icyphy/ptII/ptolemy/domains/sdf/test/auto/de_inside_sdf.xml (RunModel)" time="0.021" />
  <testcase classname="ptolemy.util.test.junit.AutoTests" name="[25] /home/travis/build/icyphy/ptII/ptolemy/domains/sdf/test/auto/disconnectedHierarchicalSDF.xml (RunModel)" time="0.024" />
  <testcase classname="ptolemy.util.test.junit.AutoTests" name="[26] /home/travis/build/icyphy/ptII/ptolemy/domains/sdf/test/auto/disconnectedSDF.xml (RunModel)" time="0.023" />
  <testcase classname="ptolemy.util.test.junit.AutoTests" name="[27] /home/travis/build/icyphy/ptII/ptolemy/domains/sdf/test/auto/emptyRefinement.xml (RunModel)" time="0.032" />
  <testcase classname="ptolemy.util.test.junit.AutoTests" name="[28] /home/travis/build/icyphy/ptII/ptolemy/domains/sdf/test/auto/filePortParameter.xml (RunModel)" time="0.047" />
  <testcase classname="ptolemy.util.test.junit.AutoTests" name="[29] /home/travis/build/icyphy/ptII/ptolemy/domains/sdf/test/auto/inferRelationWidth1.xml (RunModel)" time="0.017" />
  <testcase classname="ptolemy.util.test.junit.AutoTests" name="[30] /home/travis/build/icyphy/ptII/ptolemy/domains/sdf/test/auto/initProductionInference.xml (RunModel)" time="0.03" />
  <testcase classname="ptolemy.util.test.junit.AutoTests" name="[31] /home/travis/build/icyphy/ptII/ptolemy/domains/sdf/test/auto/relationGroup.xml (RunModel)" time="0.02" />
  <testcase classname="ptolemy.util.test.junit.AutoTests" name="[32] /home/travis/build/icyphy/ptII/ptolemy/domains/sdf/test/auto/relationGroup10.xml (RunModel)" time="0.019" />
  <testcase classname="ptolemy.util.test.junit.AutoTests" name="[33] /home/travis/build/icyphy/ptII/ptolemy/domains/sdf/test/auto/relationGroup11.xml (RunModel)" time="0.017" />
  <testcase classname="ptolemy.util.test.junit.AutoTests" name="[34] /home/travis/build/icyphy/ptII/ptolemy/domains/sdf/test/auto/relationGroup12.xml (RunModel)" time="0.016" />
  <testcase classname="ptolemy.util.test.junit.AutoTests" name="[35] /home/travis/build/icyphy/ptII/ptolemy/domains/sdf/test/auto/relationGroup13.xml (RunModel)" time="0.033" />
  <testcase classname="ptolemy.util.test.junit.AutoTests" name="[36] /home/travis/build/icyphy/ptII/ptolemy/domains/sdf/test/auto/relationGroup14.xml (RunModel)" time="0.021" />
  <testcase classname="ptolemy.util.test.junit.AutoTests" name="[37] /home/travis/build/icyphy/ptII/ptolemy/domains/sdf/test/auto/relationGroup15.xml (RunModel)" time="0.019" />
  <testcase classname="ptolemy.util.test.junit.AutoTests" name="[38] /home/travis/build/icyphy/ptII/ptolemy/domains/sdf/test/auto/relationGroup2.xml (RunModel)" time="0.019" />
  <testcase classname="ptolemy.util.test.junit.AutoTests" name="[39] /home/travis/build/icyphy/ptII/ptolemy/domains/sdf/test/auto/relationGroup3.xml (RunModel)" time="0.014" />
  <testcase classname="ptolemy.util.test.junit.AutoTests" name="[40] /home/travis/build/icyphy/ptII/ptolemy/domains/sdf/test/auto/relationGroup4.xml (RunModel)" time="0.025" />
  <testcase classname="ptolemy.util.test.junit.AutoTests" name="[41] /home/travis/build/icyphy/ptII/ptolemy/domains/sdf/test/auto/relationGroup5.xml (RunModel)" time="0.013" />
  <testcase classname="ptolemy.util.test.junit.AutoTests" name="[42] /home/travis/build/icyphy/ptII/ptolemy/domains/sdf/test/auto/relationGroup6.xml (RunModel)" time="0.012" />
  <testcase classname="ptolemy.util.test.junit.AutoTests" name="[43] /home/travis/build/icyphy/ptII/ptolemy/domains/sdf/test/auto/relationGroup7.xml (RunModel)" time="0.01" />
  <testcase classname="ptolemy.util.test.junit.AutoTests" name="[44] /home/travis/build/icyphy/ptII/ptolemy/domains/sdf/test/auto/relationGroup8.xml (RunModel)" time="0.01" />
  <testcase classname="ptolemy.util.test.junit.AutoTests" name="[45] /home/travis/build/icyphy/ptII/ptolemy/domains/sdf/test/auto/relationGroup9.xml (RunModel)" time="0.012" />
  <testcase classname="ptolemy.util.test.junit.AutoTests" name="[46] /home/travis/build/icyphy/ptII/ptolemy/domains/sdf/test/auto/sdf_inside_de.xml (RunModel)" time="0.039" />
  <testcase classname="ptolemy.util.test.junit.AutoTests" name="[47] /home/travis/build/icyphy/ptII/ptolemy/domains/sdf/test/auto/sdf_inside_pn.xml (RunModel)" time="0.052" />
  <testcase classname="ptolemy.util.test.junit.AutoTests" name="[48] /home/travis/build/icyphy/ptII/ptolemy/domains/sdf/test/auto/sdf_sdf1.xml (RunModel)" time="0.022" />
  <testcase classname="ptolemy.util.test.junit.AutoTests" name="[49] /home/travis/build/icyphy/ptII/ptolemy/domains/sdf/test/auto/test1.xml (RunModel)" time="0.027" />
  <testcase classname="ptolemy.util.test.junit.AutoTests" name="[50] /home/travis/build/icyphy/ptII/ptolemy/domains/sdf/test/auto/time1.xml (RunModel)" time="0.011" />
  <testcase classname="ptolemy.util.test.junit.AutoTests" name="[51] /home/travis/build/icyphy/ptII/ptolemy/domains/sdf/test/auto/time2.xml (RunModel)" time="0.01" />
  <testcase classname="ptolemy.util.test.junit.AutoTests" name="[52] /home/travis/build/icyphy/ptII/ptolemy/domains/sdf/test/auto/time3.xml (RunModel)" time="0.017" />
  <testcase classname="ptolemy.util.test.junit.AutoTests" name="[53] /home/travis/build/icyphy/ptII/ptolemy/domains/sdf/test/auto/time4.xml (RunModel)" time="0.024" />
  <testcase classname="ptolemy.util.test.junit.AutoTests" name="[54] /home/travis/build/icyphy/ptII/ptolemy/domains/sdf/test/auto/time5.xml (RunModel)" time="4.012" />
  <testcase classname="ptolemy.util.test.junit.AutoTests" name="[55] /home/travis/build/icyphy/ptII/ptolemy/domains/sdf/test/auto/typeSystem_Const_Integer_smallest_Type.xml (RunModel)" time="0.053" />
  <testcase classname="ptolemy.util.test.junit.AutoTests" name="[56] /home/travis/build/icyphy/ptII/ptolemy/domains/sdf/test/auto/typeSystem_declared_Inports_OutportTypeException.xml (RunModel)" time="0.027" />
  <testcase classname="ptolemy.util.test.junit.AutoTests" name="[57] /home/travis/build/icyphy/ptII/ptolemy/domains/sdf/test/auto/typeSystem_oneDeclaredInportType_wrongTypeOutport.xml (RunModel)" time="0.023" />
  <testcase classname="ptolemy.util.test.junit.AutoTests" name="[58] /home/travis/build/icyphy/ptII/ptolemy/domains/sdf/test/auto/width.xml (RunModel)" time="0.012" />
  <testcase classname="ptolemy.util.test.junit.AutoTests" name="[59] /home/travis/build/icyphy/ptII/ptolemy/domains/sdf/test/auto/width2.xml (RunModel)" time="0.04" />
  <testcase classname="ptolemy.util.test.junit.AutoTests" name="[60] /home/travis/build/icyphy/ptII/ptolemy/domains/sdf/test/auto/width3.xml (RunModel)" time="0.039" />
  <system-out><![CDATA[/home/travis/build/icyphy/ptII/ptolemy/domains/sdf/test/SDFSchedulerErrors.tcl
testDefs.tcl: setting time out to 9000 seconds at Sun May 20 01:21:51 UTC 2018
18 ms. Memory: 116224K Free: 106873K (92%)
5 ms. Memory: 116224K Free: 99855K (86%)
3 ms. Memory: 116224K Free: 92862K (80%)
3 ms. Memory: 116224K Free: 89809K (77%)
/home/travis/build/icyphy/ptII/ptolemy/domains/sdf/test/composition.tcl
40 ms. Memory: 116224K Free: 86208K (74%)
7 ms. Memory: 116224K Free: 83826K (72%)
/home/travis/build/icyphy/ptII/ptolemy/domains/sdf/test/cycle.tcl
.Toplevel.Director Preinitializing ...
Invoking preinitialize():  .Toplevel.Actor1
Invoking preinitialize():  .Toplevel.Actor2
Invoking preinitialize():  .Toplevel.Delay
.Toplevel.Director Finished preinitialize().
### Schedule:
Execute Schedule{
Fire Actor ptolemy.domains.sdf.kernel.test.SDFTestDelay {.Toplevel.Actor1}
Fire Actor ptolemy.domains.sdf.kernel.test.SDFTestDelay {.Toplevel.Actor2}
Fire Actor ptolemy.domains.sdf.lib.SampleDelay {.Toplevel.Delay}
}
### End schedule
Called initialize().
Invoking initialize():  .Toplevel.Actor1
Initializing actor: .Toplevel.Actor1.
Invoking initialize():  .Toplevel.Actor2
Initializing actor: .Toplevel.Actor2.
Invoking initialize():  .Toplevel.Delay
Initializing actor: .Toplevel.Delay.
Director: Called prefire().
-- Setting current time to 0.0
Director prefire returns true.
The actor .Toplevel.Actor1 will be iterated.
The actor .Toplevel.Actor1 was iterated.
The actor .Toplevel.Actor2 will be iterated.
The actor .Toplevel.Actor2 was iterated.
The actor .Toplevel.Delay will be iterated.
The actor .Toplevel.Delay was iterated.
Director: Called postfire().
Postfire returns: true
Director: Called prefire().
-- Setting current time to 0.0
Director prefire returns true.
The actor .Toplevel.Actor1 will be iterated.
The actor .Toplevel.Actor1 was iterated.
The actor .Toplevel.Actor2 will be iterated.
The actor .Toplevel.Actor2 was iterated.
The actor .Toplevel.Delay will be iterated.
The actor .Toplevel.Delay was iterated.
Director: Called postfire().
Postfire returns: true
Director: Called prefire().
-- Setting current time to 0.0
Director prefire returns true.
The actor .Toplevel.Actor1 will be iterated.
The actor .Toplevel.Actor1 was iterated.
The actor .Toplevel.Actor2 will be iterated.
The actor .Toplevel.Actor2 was iterated.
The actor .Toplevel.Delay will be iterated.
The actor .Toplevel.Delay was iterated.
Director: Called postfire().
Postfire returns: true
Director: Called prefire().
-- Setting current time to 0.0
Director prefire returns true.
The actor .Toplevel.Actor1 will be iterated.
The actor .Toplevel.Actor1 was iterated.
The actor .Toplevel.Actor2 will be iterated.
The actor .Toplevel.Actor2 was iterated.
The actor .Toplevel.Delay will be iterated.
The actor .Toplevel.Delay was iterated.
Director: Called postfire().
Postfire returns: true
Director: Called prefire().
-- Setting current time to 0.0
Director prefire returns true.
The actor .Toplevel.Actor1 will be iterated.
The actor .Toplevel.Actor1 was iterated.
The actor .Toplevel.Actor2 will be iterated.
The actor .Toplevel.Actor2 was iterated.
The actor .Toplevel.Delay will be iterated.
The actor .Toplevel.Delay was iterated.
Director: Called postfire().
Postfire returns: true
Director: Called prefire().
-- Setting current time to 0.0
Director prefire returns true.
The actor .Toplevel.Actor1 will be iterated.
The actor .Toplevel.Actor1 was iterated.
The actor .Toplevel.Actor2 will be iterated.
The actor .Toplevel.Actor2 was iterated.
The actor .Toplevel.Delay will be iterated.
The actor .Toplevel.Delay was iterated.
Reached specified number of iterations: 6
Director: Called wrapup().
7 ms. Memory: 116224K Free: 82038K (71%)
05/20/18 01:21:52
Failed: 0  Total Tests: 8  ((Passed: 8, Newly Passed: 0)  Known Failed: 0) /home/travis/build/icyphy/ptII/ptolemy/domains/sdf/test
No auto/knownFailedTests/*.xml tests in /home/travis/build/icyphy/ptII/ptolemy/domains/sdf/test
No auto/*.xml tests in /home/travis/build/icyphy/ptII/ptolemy/domains/sdf/test
AutoTests.java: About to close Vertx.
AutoTests.java: Vertx closed.
----------------- testing Sun May 20 01:21:52 UTC 2018 /home/travis/build/icyphy/ptII/ptolemy/domains/sdf/test/auto/Array.xml
----------------- Instantiating /home/travis/build/icyphy/ptII/ptolemy/domains/sdf/test/auto/Array.xml
32 ms. Memory: 146944K Free: 102224K (70%)
----------------- Invoking toplevel() on ptolemy.moml.MoMLSimpleApplication@170c3340
----------------- Done invoking toplevel() on ptolemy.moml.MoMLSimpleApplication@170c3340
reloadAllAccessors: .Array
----------------- testing Sun May 20 01:21:52 UTC 2018 /home/travis/build/icyphy/ptII/ptolemy/domains/sdf/test/auto/Butterfly.xml
----------------- Instantiating /home/travis/build/icyphy/ptII/ptolemy/domains/sdf/test/auto/Butterfly.xml
61 ms. Memory: 146944K Free: 96637K (66%)
----------------- Invoking toplevel() on ptolemy.moml.MoMLSimpleApplication@46e21ed9
----------------- Done invoking toplevel() on ptolemy.moml.MoMLSimpleApplication@46e21ed9
reloadAllAccessors: .Butterfly
----------------- testing Sun May 20 01:21:52 UTC 2018 /home/travis/build/icyphy/ptII/ptolemy/domains/sdf/test/auto/Expression.xml
----------------- Instantiating /home/travis/build/icyphy/ptII/ptolemy/domains/sdf/test/auto/Expression.xml
56 ms. Memory: 146944K Free: 91051K (62%)
----------------- Invoking toplevel() on ptolemy.moml.MoMLSimpleApplication@5cc82538
----------------- Done invoking toplevel() on ptolemy.moml.MoMLSimpleApplication@5cc82538
reloadAllAccessors: .Expression
----------------- testing Sun May 20 01:21:52 UTC 2018 /home/travis/build/icyphy/ptII/ptolemy/domains/sdf/test/auto/Eye.xml
----------------- Instantiating /home/travis/build/icyphy/ptII/ptolemy/domains/sdf/test/auto/Eye.xml
213 ms. Memory: 146944K Free: 120719K (82%)
----------------- Invoking toplevel() on ptolemy.moml.MoMLSimpleApplication@79dcb143
----------------- Done invoking toplevel() on ptolemy.moml.MoMLSimpleApplication@79dcb143
reloadAllAccessors: .Eye
----------------- testing Sun May 20 01:21:53 UTC 2018 /home/travis/build/icyphy/ptII/ptolemy/domains/sdf/test/auto/FixFIR.xml
----------------- Instantiating /home/travis/build/icyphy/ptII/ptolemy/domains/sdf/test/auto/FixFIR.xml
157 ms. Memory: 146944K Free: 84206K (57%)
----------------- Invoking toplevel() on ptolemy.moml.MoMLSimpleApplication@4d2728dc
----------------- Done invoking toplevel() on ptolemy.moml.MoMLSimpleApplication@4d2728dc
reloadAllAccessors: .FixFIR
----------------- testing Sun May 20 01:21:53 UTC 2018 /home/travis/build/icyphy/ptII/ptolemy/domains/sdf/test/auto/FixPoint.xml
----------------- Instantiating /home/travis/build/icyphy/ptII/ptolemy/domains/sdf/test/auto/FixPoint.xml
15 ms. Memory: 146944K Free: 78643K (54%)
----------------- Invoking toplevel() on ptolemy.moml.MoMLSimpleApplication@7e7609c8
----------------- Done invoking toplevel() on ptolemy.moml.MoMLSimpleApplication@7e7609c8
reloadAllAccessors: .FixPoint
----------------- testing Sun May 20 01:21:53 UTC 2018 /home/travis/build/icyphy/ptII/ptolemy/domains/sdf/test/auto/Gravitation.xml
----------------- Instantiating /home/travis/build/icyphy/ptII/ptolemy/domains/sdf/test/auto/Gravitation.xml
3139 ms. Memory: 208384K Free: 110683K (53%)
----------------- Invoking toplevel() on ptolemy.moml.MoMLSimpleApplication@a1fef22
----------------- Done invoking toplevel() on ptolemy.moml.MoMLSimpleApplication@a1fef22
reloadAllAccessors: .Gravitation
----------------- testing Sun May 20 01:21:57 UTC 2018 /home/travis/build/icyphy/ptII/ptolemy/domains/sdf/test/auto/GravitationWithCollisionDetection.xml
----------------- Instantiating /home/travis/build/icyphy/ptII/ptolemy/domains/sdf/test/auto/GravitationWithCollisionDetection.xml
7370 ms. Memory: 873984K Free: 316223K (36%)
----------------- Invoking toplevel() on ptolemy.moml.MoMLSimpleApplication@213007f7
----------------- Done invoking toplevel() on ptolemy.moml.MoMLSimpleApplication@213007f7
reloadAllAccessors: .GravitationWithCollisionDetection
----------------- testing Sun May 20 01:22:04 UTC 2018 /home/travis/build/icyphy/ptII/ptolemy/domains/sdf/test/auto/HDF.xml
----------------- Instantiating /home/travis/build/icyphy/ptII/ptolemy/domains/sdf/test/auto/HDF.xml
47 ms. Memory: 873984K Free: 285589K (33%)
----------------- Invoking toplevel() on ptolemy.moml.MoMLSimpleApplication@36bb3cf3
----------------- Done invoking toplevel() on ptolemy.moml.MoMLSimpleApplication@36bb3cf3
reloadAllAccessors: .HDF
----------------- testing Sun May 20 01:22:04 UTC 2018 /home/travis/build/icyphy/ptII/ptolemy/domains/sdf/test/auto/HDFwithTransientStates.xml
----------------- Instantiating /home/travis/build/icyphy/ptII/ptolemy/domains/sdf/test/auto/HDFwithTransientStates.xml
45 ms. Memory: 873984K Free: 261995K (30%)
----------------- Invoking toplevel() on ptolemy.moml.MoMLSimpleApplication@12142454
----------------- Done invoking toplevel() on ptolemy.moml.MoMLSimpleApplication@12142454
reloadAllAccessors: .HDFwithTransientStates
----------------- testing Sun May 20 01:22:04 UTC 2018 /home/travis/build/icyphy/ptII/ptolemy/domains/sdf/test/auto/HTVQ.xml
----------------- Instantiating /home/travis/build/icyphy/ptII/ptolemy/domains/sdf/test/auto/HTVQ.xml
930 ms. Memory: 873984K Free: 89083K (10%)
----------------- Invoking toplevel() on ptolemy.moml.MoMLSimpleApplication@543f1538
----------------- Done invoking toplevel() on ptolemy.moml.MoMLSimpleApplication@543f1538
reloadAllAccessors: .HTVQ
----------------- testing Sun May 20 01:22:05 UTC 2018 /home/travis/build/icyphy/ptII/ptolemy/domains/sdf/test/auto/InferInitProduction.xml
----------------- Instantiating /home/travis/build/icyphy/ptII/ptolemy/domains/sdf/test/auto/InferInitProduction.xml
13 ms. Memory: 873984K Free: 77052K (9%)
----------------- Invoking toplevel() on ptolemy.moml.MoMLSimpleApplication@2311a914
----------------- Done invoking toplevel() on ptolemy.moml.MoMLSimpleApplication@2311a914
reloadAllAccessors: .InferInitProduction
----------------- testing Sun May 20 01:22:05 UTC 2018 /home/travis/build/icyphy/ptII/ptolemy/domains/sdf/test/auto/InferInitProductionDeeper.xml
----------------- Instantiating /home/travis/build/icyphy/ptII/ptolemy/domains/sdf/test/auto/InferInitProductionDeeper.xml
7 ms. Memory: 874496K Free: 850041K (97%)
----------------- Invoking toplevel() on ptolemy.moml.MoMLSimpleApplication@237d13c0
----------------- Done invoking toplevel() on ptolemy.moml.MoMLSimpleApplication@237d13c0
reloadAllAccessors: .InferInitProductionDeeper
----------------- testing Sun May 20 01:22:06 UTC 2018 /home/travis/build/icyphy/ptII/ptolemy/domains/sdf/test/auto/LMSAdaptive.xml
----------------- Instantiating /home/travis/build/icyphy/ptII/ptolemy/domains/sdf/test/auto/LMSAdaptive.xml
15 ms. Memory: 874496K Free: 832063K (95%)
----------------- Invoking toplevel() on ptolemy.moml.MoMLSimpleApplication@4dee233
----------------- Done invoking toplevel() on ptolemy.moml.MoMLSimpleApplication@4dee233
reloadAllAccessors: .LMSAdaptive
----------------- testing Sun May 20 01:22:06 UTC 2018 /home/travis/build/icyphy/ptII/ptolemy/domains/sdf/test/auto/LogisticMap.xml
----------------- Instantiating /home/travis/build/icyphy/ptII/ptolemy/domains/sdf/test/auto/LogisticMap.xml
463 ms. Memory: 874496K Free: 821584K (94%)
----------------- Invoking toplevel() on ptolemy.moml.MoMLSimpleApplication@28fb47a1
----------------- Done invoking toplevel() on ptolemy.moml.MoMLSimpleApplication@28fb47a1
reloadAllAccessors: .LogisticMap
----------------- testing Sun May 20 01:22:06 UTC 2018 /home/travis/build/icyphy/ptII/ptolemy/domains/sdf/test/auto/MaximumEntropySpectrum.xml
----------------- Instantiating /home/travis/build/icyphy/ptII/ptolemy/domains/sdf/test/auto/MaximumEntropySpectrum.xml
86 ms. Memory: 874496K Free: 753342K (86%)
----------------- Invoking toplevel() on ptolemy.moml.MoMLSimpleApplication@3573daf6
----------------- Done invoking toplevel() on ptolemy.moml.MoMLSimpleApplication@3573daf6
reloadAllAccessors: .MaximumEntropySpectrum
----------------- testing Sun May 20 01:22:06 UTC 2018 /home/travis/build/icyphy/ptII/ptolemy/domains/sdf/test/auto/MultirateSDF.xml
----------------- Instantiating /home/travis/build/icyphy/ptII/ptolemy/domains/sdf/test/auto/MultirateSDF.xml
27 ms. Memory: 874496K Free: 732368K (84%)
----------------- Invoking toplevel() on ptolemy.moml.MoMLSimpleApplication@759bd5c0
----------------- Done invoking toplevel() on ptolemy.moml.MoMLSimpleApplication@759bd5c0
reloadAllAccessors: .MultirateSDF
----------------- testing Sun May 20 01:22:06 UTC 2018 /home/travis/build/icyphy/ptII/ptolemy/domains/sdf/test/auto/MultirateSDFwithTransientStates.xml
----------------- Instantiating /home/travis/build/icyphy/ptII/ptolemy/domains/sdf/test/auto/MultirateSDFwithTransientStates.xml
21 ms. Memory: 874496K Free: 711410K (81%)
----------------- Invoking toplevel() on ptolemy.moml.MoMLSimpleApplication@3aeac8fa
----------------- Done invoking toplevel() on ptolemy.moml.MoMLSimpleApplication@3aeac8fa
reloadAllAccessors: .MultirateSDFwithTransientStates
----------------- testing Sun May 20 01:22:07 UTC 2018 /home/travis/build/icyphy/ptII/ptolemy/domains/sdf/test/auto/NoisySinewave.xml
----------------- Instantiating /home/travis/build/icyphy/ptII/ptolemy/domains/sdf/test/auto/NoisySinewave.xml
16 ms. Memory: 874496K Free: 690420K (79%)
----------------- Invoking toplevel() on ptolemy.moml.MoMLSimpleApplication@63ea88cf
----------------- Done invoking toplevel() on ptolemy.moml.MoMLSimpleApplication@63ea88cf
reloadAllAccessors: .NoisySinewave
----------------- testing Sun May 20 01:22:07 UTC 2018 /home/travis/build/icyphy/ptII/ptolemy/domains/sdf/test/auto/Objects.xml
----------------- Instantiating /home/travis/build/icyphy/ptII/ptolemy/domains/sdf/test/auto/Objects.xml
3 ms. Memory: 874496K Free: 672677K (77%)
----------------- Invoking toplevel() on ptolemy.moml.MoMLSimpleApplication@75802796
----------------- Done invoking toplevel() on ptolemy.moml.MoMLSimpleApplication@75802796
reloadAllAccessors: .Objects
----------------- testing Sun May 20 01:22:07 UTC 2018 /home/travis/build/icyphy/ptII/ptolemy/domains/sdf/test/auto/OrthogonalCom.xml
----------------- Instantiating /home/travis/build/icyphy/ptII/ptolemy/domains/sdf/test/auto/OrthogonalCom.xml
6 ms. Memory: 874496K Free: 656958K (75%)
----------------- Invoking toplevel() on ptolemy.moml.MoMLSimpleApplication@1ba6cc71
----------------- Done invoking toplevel() on ptolemy.moml.MoMLSimpleApplication@1ba6cc71
reloadAllAccessors: .OrthogonalCom
----------------- testing Sun May 20 01:22:07 UTC 2018 /home/travis/build/icyphy/ptII/ptolemy/domains/sdf/test/auto/RijndaelEncryption.xml
----------------- Instantiating /home/travis/build/icyphy/ptII/ptolemy/domains/sdf/test/auto/RijndaelEncryption.xml
273 ms. Memory: 874496K Free: 494261K (57%)
----------------- Invoking toplevel() on ptolemy.moml.MoMLSimpleApplication@5b51b7cc
----------------- Done invoking toplevel() on ptolemy.moml.MoMLSimpleApplication@5b51b7cc
reloadAllAccessors: .RijndaelEncryption
----------------- testing Sun May 20 01:22:07 UTC 2018 /home/travis/build/icyphy/ptII/ptolemy/domains/sdf/test/auto/SDFEmptyIterations.xml
----------------- Instantiating /home/travis/build/icyphy/ptII/ptolemy/domains/sdf/test/auto/SDFEmptyIterations.xml
5 ms. Memory: 874496K Free: 483782K (55%)
----------------- Invoking toplevel() on ptolemy.moml.MoMLSimpleApplication@d289056
----------------- Done invoking toplevel() on ptolemy.moml.MoMLSimpleApplication@d289056
reloadAllAccessors: .SDFEmptyIterations
----------------- testing Sun May 20 01:22:07 UTC 2018 /home/travis/build/icyphy/ptII/ptolemy/domains/sdf/test/auto/Spectrum.xml
----------------- Instantiating /home/travis/build/icyphy/ptII/ptolemy/domains/sdf/test/auto/Spectrum.xml
34 ms. Memory: 874496K Free: 462824K (53%)
----------------- Invoking toplevel() on ptolemy.moml.MoMLSimpleApplication@258490bd
----------------- Done invoking toplevel() on ptolemy.moml.MoMLSimpleApplication@258490bd
reloadAllAccessors: .Spectrum
----------------- testing Sun May 20 01:22:07 UTC 2018 /home/travis/build/icyphy/ptII/ptolemy/domains/sdf/test/auto/de_inside_sdf.xml
----------------- Instantiating /home/travis/build/icyphy/ptII/ptolemy/domains/sdf/test/auto/de_inside_sdf.xml
4 ms. Memory: 874496K Free: 452345K (52%)
----------------- Invoking toplevel() on ptolemy.moml.MoMLSimpleApplication@1204046
----------------- Done invoking toplevel() on ptolemy.moml.MoMLSimpleApplication@1204046
reloadAllAccessors: .de_inside_sdf
----------------- testing Sun May 20 01:22:07 UTC 2018 /home/travis/build/icyphy/ptII/ptolemy/domains/sdf/test/auto/disconnectedHierarchicalSDF.xml
----------------- Instantiating /home/travis/build/icyphy/ptII/ptolemy/domains/sdf/test/auto/disconnectedHierarchicalSDF.xml
5 ms. Memory: 874496K Free: 439858K (50%)
----------------- Invoking toplevel() on ptolemy.moml.MoMLSimpleApplication@59301ae3
----------------- Done invoking toplevel() on ptolemy.moml.MoMLSimpleApplication@59301ae3
reloadAllAccessors: .disconnectedHierarchicalSDF
----------------- testing Sun May 20 01:22:07 UTC 2018 /home/travis/build/icyphy/ptII/ptolemy/domains/sdf/test/auto/disconnectedSDF.xml
----------------- Instantiating /home/travis/build/icyphy/ptII/ptolemy/domains/sdf/test/auto/disconnectedSDF.xml
2 ms. Memory: 874496K Free: 429379K (49%)
----------------- Invoking toplevel() on ptolemy.moml.MoMLSimpleApplication@29a4c507
----------------- Done invoking toplevel() on ptolemy.moml.MoMLSimpleApplication@29a4c507
reloadAllAccessors: .disconnectedSDF
----------------- testing Sun May 20 01:22:07 UTC 2018 /home/travis/build/icyphy/ptII/ptolemy/domains/sdf/test/auto/emptyRefinement.xml
----------------- Instantiating /home/travis/build/icyphy/ptII/ptolemy/domains/sdf/test/auto/emptyRefinement.xml
5 ms. Memory: 874496K Free: 418900K (48%)
----------------- Invoking toplevel() on ptolemy.moml.MoMLSimpleApplication@2009e65f
----------------- Done invoking toplevel() on ptolemy.moml.MoMLSimpleApplication@2009e65f
reloadAllAccessors: .emptyRefinement
----------------- testing Sun May 20 01:22:08 UTC 2018 /home/travis/build/icyphy/ptII/ptolemy/domains/sdf/test/auto/filePortParameter.xml
----------------- Instantiating /home/travis/build/icyphy/ptII/ptolemy/domains/sdf/test/auto/filePortParameter.xml
15 ms. Memory: 874496K Free: 403173K (46%)
----------------- Invoking toplevel() on ptolemy.moml.MoMLSimpleApplication@7822b151
----------------- Done invoking toplevel() on ptolemy.moml.MoMLSimpleApplication@7822b151
reloadAllAccessors: .filePortParameter
----------------- testing Sun May 20 01:22:08 UTC 2018 /home/travis/build/icyphy/ptII/ptolemy/domains/sdf/test/auto/inferRelationWidth1.xml
----------------- Instantiating /home/travis/build/icyphy/ptII/ptolemy/domains/sdf/test/auto/inferRelationWidth1.xml
3 ms. Memory: 874496K Free: 392694K (45%)
----------------- Invoking toplevel() on ptolemy.moml.MoMLSimpleApplication@42ea36ff
----------------- Done invoking toplevel() on ptolemy.moml.MoMLSimpleApplication@42ea36ff
reloadAllAccessors: .inferRelationWidth1
----------------- testing Sun May 20 01:22:08 UTC 2018 /home/travis/build/icyphy/ptII/ptolemy/domains/sdf/test/auto/initProductionInference.xml
----------------- Instantiating /home/travis/build/icyphy/ptII/ptolemy/domains/sdf/test/auto/initProductionInference.xml
11 ms. Memory: 874496K Free: 382215K (44%)
----------------- Invoking toplevel() on ptolemy.moml.MoMLSimpleApplication@604e7fd3
----------------- Done invoking toplevel() on ptolemy.moml.MoMLSimpleApplication@604e7fd3
reloadAllAccessors: .initProductionInference
----------------- testing Sun May 20 01:22:08 UTC 2018 /home/travis/build/icyphy/ptII/ptolemy/domains/sdf/test/auto/relationGroup.xml
----------------- Instantiating /home/travis/build/icyphy/ptII/ptolemy/domains/sdf/test/auto/relationGroup.xml
5 ms. Memory: 874496K Free: 369728K (42%)
----------------- Invoking toplevel() on ptolemy.moml.MoMLSimpleApplication@40545e5d
----------------- Done invoking toplevel() on ptolemy.moml.MoMLSimpleApplication@40545e5d
reloadAllAccessors: .relationGroup
----------------- testing Sun May 20 01:22:08 UTC 2018 /home/travis/build/icyphy/ptII/ptolemy/domains/sdf/test/auto/relationGroup10.xml
----------------- Instantiating /home/travis/build/icyphy/ptII/ptolemy/domains/sdf/test/auto/relationGroup10.xml
3 ms. Memory: 874496K Free: 359249K (41%)
----------------- Invoking toplevel() on ptolemy.moml.MoMLSimpleApplication@9959c9c
----------------- Done invoking toplevel() on ptolemy.moml.MoMLSimpleApplication@9959c9c
reloadAllAccessors: .relationGroup10
----------------- testing Sun May 20 01:22:08 UTC 2018 /home/travis/build/icyphy/ptII/ptolemy/domains/sdf/test/auto/relationGroup11.xml
----------------- Instantiating /home/travis/build/icyphy/ptII/ptolemy/domains/sdf/test/auto/relationGroup11.xml
3 ms. Memory: 874496K Free: 348770K (40%)
----------------- Invoking toplevel() on ptolemy.moml.MoMLSimpleApplication@e75a80e
----------------- Done invoking toplevel() on ptolemy.moml.MoMLSimpleApplication@e75a80e
reloadAllAccessors: .relationGroup11
----------------- testing Sun May 20 01:22:08 UTC 2018 /home/travis/build/icyphy/ptII/ptolemy/domains/sdf/test/auto/relationGroup12.xml
----------------- Instantiating /home/travis/build/icyphy/ptII/ptolemy/domains/sdf/test/auto/relationGroup12.xml
3 ms. Memory: 874496K Free: 338291K (39%)
----------------- Invoking toplevel() on ptolemy.moml.MoMLSimpleApplication@79814a28
----------------- Done invoking toplevel() on ptolemy.moml.MoMLSimpleApplication@79814a28
reloadAllAccessors: .relationGroup12
----------------- testing Sun May 20 01:22:08 UTC 2018 /home/travis/build/icyphy/ptII/ptolemy/domains/sdf/test/auto/relationGroup13.xml
----------------- Instantiating /home/travis/build/icyphy/ptII/ptolemy/domains/sdf/test/auto/relationGroup13.xml
7 ms. Memory: 874496K Free: 327812K (37%)
----------------- Invoking toplevel() on ptolemy.moml.MoMLSimpleApplication@7bcdf638
----------------- Done invoking toplevel() on ptolemy.moml.MoMLSimpleApplication@7bcdf638
reloadAllAccessors: .relationGroup13
----------------- testing Sun May 20 01:22:08 UTC 2018 /home/travis/build/icyphy/ptII/ptolemy/domains/sdf/test/auto/relationGroup14.xml
----------------- Instantiating /home/travis/build/icyphy/ptII/ptolemy/domains/sdf/test/auto/relationGroup14.xml
5 ms. Memory: 874496K Free: 317333K (36%)
----------------- Invoking toplevel() on ptolemy.moml.MoMLSimpleApplication@7028ae46
----------------- Done invoking toplevel() on ptolemy.moml.MoMLSimpleApplication@7028ae46
reloadAllAccessors: .relationGroup14
----------------- testing Sun May 20 01:22:08 UTC 2018 /home/travis/build/icyphy/ptII/ptolemy/domains/sdf/test/auto/relationGroup15.xml
----------------- Instantiating /home/travis/build/icyphy/ptII/ptolemy/domains/sdf/test/auto/relationGroup15.xml
2 ms. Memory: 874496K Free: 304846K (35%)
----------------- Invoking toplevel() on ptolemy.moml.MoMLSimpleApplication@86034eb
----------------- Done invoking toplevel() on ptolemy.moml.MoMLSimpleApplication@86034eb
reloadAllAccessors: .relationGroup15
----------------- testing Sun May 20 01:22:08 UTC 2018 /home/travis/build/icyphy/ptII/ptolemy/domains/sdf/test/auto/relationGroup2.xml
----------------- Instantiating /home/travis/build/icyphy/ptII/ptolemy/domains/sdf/test/auto/relationGroup2.xml
2 ms. Memory: 874496K Free: 294367K (34%)
----------------- Invoking toplevel() on ptolemy.moml.MoMLSimpleApplication@3c587060
----------------- Done invoking toplevel() on ptolemy.moml.MoMLSimpleApplication@3c587060
reloadAllAccessors: .relationGroup2
----------------- testing Sun May 20 01:22:08 UTC 2018 /home/travis/build/icyphy/ptII/ptolemy/domains/sdf/test/auto/relationGroup3.xml
----------------- Instantiating /home/travis/build/icyphy/ptII/ptolemy/domains/sdf/test/auto/relationGroup3.xml
2 ms. Memory: 874496K Free: 283888K (32%)
----------------- Invoking toplevel() on ptolemy.moml.MoMLSimpleApplication@3de25d19
----------------- Done invoking toplevel() on ptolemy.moml.MoMLSimpleApplication@3de25d19
reloadAllAccessors: .relationGroup3
----------------- testing Sun May 20 01:22:08 UTC 2018 /home/travis/build/icyphy/ptII/ptolemy/domains/sdf/test/auto/relationGroup4.xml
----------------- Instantiating /home/travis/build/icyphy/ptII/ptolemy/domains/sdf/test/auto/relationGroup4.xml
5 ms. Memory: 874496K Free: 273409K (31%)
----------------- Invoking toplevel() on ptolemy.moml.MoMLSimpleApplication@6c81db2d
----------------- Done invoking toplevel() on ptolemy.moml.MoMLSimpleApplication@6c81db2d
reloadAllAccessors: .relationGroup4
----------------- testing Sun May 20 01:22:08 UTC 2018 /home/travis/build/icyphy/ptII/ptolemy/domains/sdf/test/auto/relationGroup5.xml
----------------- Instantiating /home/travis/build/icyphy/ptII/ptolemy/domains/sdf/test/auto/relationGroup5.xml
3 ms. Memory: 874496K Free: 262930K (30%)
----------------- Invoking toplevel() on ptolemy.moml.MoMLSimpleApplication@5cd1fc5d
----------------- Done invoking toplevel() on ptolemy.moml.MoMLSimpleApplication@5cd1fc5d
reloadAllAccessors: .relationGroup5
----------------- testing Sun May 20 01:22:08 UTC 2018 /home/travis/build/icyphy/ptII/ptolemy/domains/sdf/test/auto/relationGroup6.xml
----------------- Instantiating /home/travis/build/icyphy/ptII/ptolemy/domains/sdf/test/auto/relationGroup6.xml
2 ms. Memory: 874496K Free: 250442K (29%)
----------------- Invoking toplevel() on ptolemy.moml.MoMLSimpleApplication@5496af8e
----------------- Done invoking toplevel() on ptolemy.moml.MoMLSimpleApplication@5496af8e
reloadAllAccessors: .relationGroup6
----------------- testing Sun May 20 01:22:08 UTC 2018 /home/travis/build/icyphy/ptII/ptolemy/domains/sdf/test/auto/relationGroup7.xml
----------------- Instantiating /home/travis/build/icyphy/ptII/ptolemy/domains/sdf/test/auto/relationGroup7.xml
2 ms. Memory: 874496K Free: 239963K (27%)
----------------- Invoking toplevel() on ptolemy.moml.MoMLSimpleApplication@fa7cfd4
----------------- Done invoking toplevel() on ptolemy.moml.MoMLSimpleApplication@fa7cfd4
reloadAllAccessors: .relationGroup7
----------------- testing Sun May 20 01:22:08 UTC 2018 /home/travis/build/icyphy/ptII/ptolemy/domains/sdf/test/auto/relationGroup8.xml
----------------- Instantiating /home/travis/build/icyphy/ptII/ptolemy/domains/sdf/test/auto/relationGroup8.xml
1 ms. Memory: 874496K Free: 229484K (26%)
----------------- Invoking toplevel() on ptolemy.moml.MoMLSimpleApplication@37081bbc
----------------- Done invoking toplevel() on ptolemy.moml.MoMLSimpleApplication@37081bbc
reloadAllAccessors: .relationGroup8
----------------- testing Sun May 20 01:22:08 UTC 2018 /home/travis/build/icyphy/ptII/ptolemy/domains/sdf/test/auto/relationGroup9.xml
----------------- Instantiating /home/travis/build/icyphy/ptII/ptolemy/domains/sdf/test/auto/relationGroup9.xml
3 ms. Memory: 874496K Free: 219005K (25%)
----------------- Invoking toplevel() on ptolemy.moml.MoMLSimpleApplication@5da680cc
----------------- Done invoking toplevel() on ptolemy.moml.MoMLSimpleApplication@5da680cc
reloadAllAccessors: .relationGroup9
----------------- testing Sun May 20 01:22:08 UTC 2018 /home/travis/build/icyphy/ptII/ptolemy/domains/sdf/test/auto/sdf_inside_de.xml
----------------- Instantiating /home/travis/build/icyphy/ptII/ptolemy/domains/sdf/test/auto/sdf_inside_de.xml
8 ms. Memory: 874496K Free: 203271K (23%)
----------------- Invoking toplevel() on ptolemy.moml.MoMLSimpleApplication@5929320a
----------------- Done invoking toplevel() on ptolemy.moml.MoMLSimpleApplication@5929320a
reloadAllAccessors: .sdf_inside_de
----------------- testing Sun May 20 01:22:08 UTC 2018 /home/travis/build/icyphy/ptII/ptolemy/domains/sdf/test/auto/sdf_inside_pn.xml
----------------- Instantiating /home/travis/build/icyphy/ptII/ptolemy/domains/sdf/test/auto/sdf_inside_pn.xml
24 ms. Memory: 874496K Free: 161347K (18%)
----------------- Invoking toplevel() on ptolemy.moml.MoMLSimpleApplication@483107d8
----------------- Done invoking toplevel() on ptolemy.moml.MoMLSimpleApplication@483107d8
reloadAllAccessors: .sdf_inside_pn
----------------- testing Sun May 20 01:22:08 UTC 2018 /home/travis/build/icyphy/ptII/ptolemy/domains/sdf/test/auto/sdf_sdf1.xml
----------------- Instantiating /home/travis/build/icyphy/ptII/ptolemy/domains/sdf/test/auto/sdf_sdf1.xml
3 ms. Memory: 874496K Free: 148859K (17%)
----------------- Invoking toplevel() on ptolemy.moml.MoMLSimpleApplication@372df262
----------------- Done invoking toplevel() on ptolemy.moml.MoMLSimpleApplication@372df262
reloadAllAccessors: .sdf_sdf1
----------------- testing Sun May 20 01:22:08 UTC 2018 /home/travis/build/icyphy/ptII/ptolemy/domains/sdf/test/auto/test1.xml
----------------- Instantiating /home/travis/build/icyphy/ptII/ptolemy/domains/sdf/test/auto/test1.xml
2 ms. Memory: 874496K Free: 138380K (16%)
----------------- Invoking toplevel() on ptolemy.moml.MoMLSimpleApplication@30dffca4
----------------- Done invoking toplevel() on ptolemy.moml.MoMLSimpleApplication@30dffca4
reloadAllAccessors: .test1
----------------- testing Sun May 20 01:22:08 UTC 2018 /home/travis/build/icyphy/ptII/ptolemy/domains/sdf/test/auto/time1.xml
----------------- Instantiating /home/travis/build/icyphy/ptII/ptolemy/domains/sdf/test/auto/time1.xml
2 ms. Memory: 874496K Free: 127901K (15%)
----------------- Invoking toplevel() on ptolemy.moml.MoMLSimpleApplication@67922965
----------------- Done invoking toplevel() on ptolemy.moml.MoMLSimpleApplication@67922965
reloadAllAccessors: .time1
----------------- testing Sun May 20 01:22:08 UTC 2018 /home/travis/build/icyphy/ptII/ptolemy/domains/sdf/test/auto/time2.xml
----------------- Instantiating /home/travis/build/icyphy/ptII/ptolemy/domains/sdf/test/auto/time2.xml
2 ms. Memory: 874496K Free: 117422K (13%)
----------------- Invoking toplevel() on ptolemy.moml.MoMLSimpleApplication@5ae1d97a
----------------- Done invoking toplevel() on ptolemy.moml.MoMLSimpleApplication@5ae1d97a
reloadAllAccessors: .time2
----------------- testing Sun May 20 01:22:08 UTC 2018 /home/travis/build/icyphy/ptII/ptolemy/domains/sdf/test/auto/time3.xml
----------------- Instantiating /home/travis/build/icyphy/ptII/ptolemy/domains/sdf/test/auto/time3.xml
4 ms. Memory: 874496K Free: 106943K (12%)
----------------- Invoking toplevel() on ptolemy.moml.MoMLSimpleApplication@35395650
----------------- Done invoking toplevel() on ptolemy.moml.MoMLSimpleApplication@35395650
reloadAllAccessors: .time3
----------------- testing Sun May 20 01:22:08 UTC 2018 /home/travis/build/icyphy/ptII/ptolemy/domains/sdf/test/auto/time4.xml
----------------- Instantiating /home/travis/build/icyphy/ptII/ptolemy/domains/sdf/test/auto/time4.xml
5 ms. Memory: 874496K Free: 94456K (11%)
----------------- Invoking toplevel() on ptolemy.moml.MoMLSimpleApplication@77e062e5
----------------- Done invoking toplevel() on ptolemy.moml.MoMLSimpleApplication@77e062e5
reloadAllAccessors: .time4
----------------- testing Sun May 20 01:22:08 UTC 2018 /home/travis/build/icyphy/ptII/ptolemy/domains/sdf/test/auto/time5.xml
----------------- Instantiating /home/travis/build/icyphy/ptII/ptolemy/domains/sdf/test/auto/time5.xml
4002 ms. Memory: 874496K Free: 83977K (10%)
----------------- Invoking toplevel() on ptolemy.moml.MoMLSimpleApplication@584d66d8
----------------- Done invoking toplevel() on ptolemy.moml.MoMLSimpleApplication@584d66d8
reloadAllAccessors: .time5
----------------- testing Sun May 20 01:22:12 UTC 2018 /home/travis/build/icyphy/ptII/ptolemy/domains/sdf/test/auto/typeSystem_Const_Integer_smallest_Type.xml
----------------- Instantiating /home/travis/build/icyphy/ptII/ptolemy/domains/sdf/test/auto/typeSystem_Const_Integer_smallest_Type.xml
12 ms. Memory: 874496K Free: 77220K (9%)
----------------- Invoking toplevel() on ptolemy.moml.MoMLSimpleApplication@309ee6f6
----------------- Done invoking toplevel() on ptolemy.moml.MoMLSimpleApplication@309ee6f6
reloadAllAccessors: .typeSystem_Const_Integer_smallest_Type
----------------- testing Sun May 20 01:22:12 UTC 2018 /home/travis/build/icyphy/ptII/ptolemy/domains/sdf/test/auto/typeSystem_declared_Inports_OutportTypeException.xml
----------------- Instantiating /home/travis/build/icyphy/ptII/ptolemy/domains/sdf/test/auto/typeSystem_declared_Inports_OutportTypeException.xml
.typeSystem_declared_Inports_OutportTypeException.TestExceptionAttribute: initialize() was not invoked, but wrapup() was.  This is unusual, but not always a problem.  For example, exporting JNLP will do this.
3 ms. Memory: 830464K Free: 805857K (97%)
----------------- Invoking toplevel() on ptolemy.moml.MoMLSimpleApplication@4533b2e1
----------------- Done invoking toplevel() on ptolemy.moml.MoMLSimpleApplication@4533b2e1
reloadAllAccessors: .typeSystem_declared_Inports_OutportTypeException
----------------- testing Sun May 20 01:22:12 UTC 2018 /home/travis/build/icyphy/ptII/ptolemy/domains/sdf/test/auto/typeSystem_oneDeclaredInportType_wrongTypeOutport.xml
----------------- Instantiating /home/travis/build/icyphy/ptII/ptolemy/domains/sdf/test/auto/typeSystem_oneDeclaredInportType_wrongTypeOutport.xml
8 ms. Memory: 830464K Free: 789538K (95%)
----------------- Invoking toplevel() on ptolemy.moml.MoMLSimpleApplication@54adbed9
----------------- Done invoking toplevel() on ptolemy.moml.MoMLSimpleApplication@54adbed9
reloadAllAccessors: .typeSystem_oneDeclaredInportType_wrongTypeOutport
----------------- testing Sun May 20 01:22:12 UTC 2018 /home/travis/build/icyphy/ptII/ptolemy/domains/sdf/test/auto/width.xml
----------------- Instantiating /home/travis/build/icyphy/ptII/ptolemy/domains/sdf/test/auto/width.xml
2 ms. Memory: 830464K Free: 774567K (93%)
----------------- Invoking toplevel() on ptolemy.moml.MoMLSimpleApplication@25fcb65c
----------------- Done invoking toplevel() on ptolemy.moml.MoMLSimpleApplication@25fcb65c
reloadAllAccessors: .width
----------------- testing Sun May 20 01:22:12 UTC 2018 /home/travis/build/icyphy/ptII/ptolemy/domains/sdf/test/auto/width2.xml
----------------- Instantiating /home/travis/build/icyphy/ptII/ptolemy/domains/sdf/test/auto/width2.xml
28 ms. Memory: 830464K Free: 759596K (91%)
----------------- Invoking toplevel() on ptolemy.moml.MoMLSimpleApplication@4bf44dbe
----------------- Done invoking toplevel() on ptolemy.moml.MoMLSimpleApplication@4bf44dbe
reloadAllAccessors: .width2
----------------- testing Sun May 20 01:22:12 UTC 2018 /home/travis/build/icyphy/ptII/ptolemy/domains/sdf/test/auto/width3.xml
----------------- Instantiating /home/travis/build/icyphy/ptII/ptolemy/domains/sdf/test/auto/width3.xml
26 ms. Memory: 830464K Free: 743123K (89%)
----------------- Invoking toplevel() on ptolemy.moml.MoMLSimpleApplication@70568adb
----------------- Done invoking toplevel() on ptolemy.moml.MoMLSimpleApplication@70568adb
reloadAllAccessors: .width3
AutoTests.java: About to close Vertx.
AutoTests.java: Vertx closed.
]]></system-out>
  <system-err><![CDATA[java.lang.RuntimeException: Execution failed
	at ptolemy.moml.MoMLSimpleApplication$UnloadThread.run(MoMLSimpleApplication.java:402)
Caused by: ptolemy.actor.sched.NotSchedulableException: No solution exists for the balance equations.
Graph is not consistent under the SDF domain detected on external port .rateConsistency.actor.port2
  in .rateConsistency.SDF Director.Scheduler
	at ptolemy.domains.sdf.kernel.SDFScheduler._propagatePort(SDFScheduler.java:1425)
	at ptolemy.domains.sdf.kernel.SDFScheduler._solveBalanceEquations(SDFScheduler.java:710)
	at ptolemy.domains.sdf.kernel.SDFScheduler._getSchedule(SDFScheduler.java:566)
	at ptolemy.actor.sched.Scheduler.getSchedule(Scheduler.java:189)
	at ptolemy.domains.sdf.kernel.SDFDirector.createSchedule(SDFDirector.java:408)
	at ptolemy.domains.sdf.kernel.SDFDirector.preinitialize(SDFDirector.java:764)
	at ptolemy.actor.CompositeActor.preinitialize(CompositeActor.java:1828)
	at ptolemy.actor.Manager.preinitializeAndResolveTypes(Manager.java:1040)
	at ptolemy.actor.Manager.initialize(Manager.java:710)
	at ptolemy.actor.Manager.execute(Manager.java:356)
	at ptolemy.actor.Manager.run(Manager.java:1263)
	at ptolemy.actor.Manager$PtolemyRunThread.run(Manager.java:1915)
java.lang.RuntimeException: Execution failed
	at ptolemy.moml.MoMLSimpleApplication$UnloadThread.run(MoMLSimpleApplication.java:402)
Caused by: ptolemy.kernel.util.IllegalActionException: Failed to compute schedule:
  in .badRateChanges.typed composite actor.SDF Director
Because:
The SDF rate parameter may change. This is not allowed in SDF models that will be run through the code generator.  If you don't care about code generation, then you might consider setting the allowRateChanges parameter of the SDF director to false.
  in .badRateChanges.typed composite actor.Repeat.output.tokenProductionRate
	at ptolemy.domains.sdf.kernel.SDFDirector.createSchedule(SDFDirector.java:418)
	at ptolemy.domains.sdf.kernel.SDFDirector.preinitialize(SDFDirector.java:764)
	at ptolemy.actor.CompositeActor.preinitialize(CompositeActor.java:1828)
	at ptolemy.actor.Director.preinitialize(Director.java:1302)
	at ptolemy.actor.Director.preinitialize(Director.java:1257)
	at ptolemy.domains.sdf.kernel.SDFDirector.preinitialize(SDFDirector.java:763)
	at ptolemy.actor.CompositeActor.preinitialize(CompositeActor.java:1828)
	at ptolemy.actor.Manager.preinitializeAndResolveTypes(Manager.java:1040)
	at ptolemy.actor.Manager.initialize(Manager.java:710)
	at ptolemy.actor.Manager.execute(Manager.java:356)
	at ptolemy.actor.Manager.run(Manager.java:1263)
	at ptolemy.actor.Manager$PtolemyRunThread.run(Manager.java:1915)
Caused by: ptolemy.kernel.util.IllegalActionException: The SDF rate parameter may change. This is not allowed in SDF models that will be run through the code generator.  If you don't care about code generation, then you might consider setting the allowRateChanges parameter of the SDF director to false.
  in .badRateChanges.typed composite actor.Repeat.output.tokenProductionRate
	at ptolemy.domains.sdf.kernel.SDFScheduler._assertDynamicRateVariable(SDFScheduler.java:931)
	at ptolemy.domains.sdf.kernel.SDFScheduler._checkDynamicRateVariables(SDFScheduler.java:339)
	at ptolemy.domains.sdf.kernel.SDFScheduler._getSchedule(SDFScheduler.java:527)
	at ptolemy.actor.sched.Scheduler.getSchedule(Scheduler.java:189)
	at ptolemy.domains.sdf.kernel.SDFDirector.createSchedule(SDFDirector.java:408)
	... 11 more
java.lang.RuntimeException: Execution failed
	at ptolemy.moml.MoMLSimpleApplication$UnloadThread.run(MoMLSimpleApplication.java:402)
Caused by: ptolemy.kernel.util.IllegalActionException: Failed to compute schedule:
  in .badRateChanges2.typed composite actor.SDF Director
Because:
The SDF rate parameter may change. This is not allowed in SDF models that will be run through the code generator.  If you don't care about code generation, then you might consider setting the allowRateChanges parameter of the SDF director to false.
  in .badRateChanges2.typed composite actor.Repeat.output.tokenProductionRate
	at ptolemy.domains.sdf.kernel.SDFDirector.createSchedule(SDFDirector.java:418)
	at ptolemy.domains.sdf.kernel.SDFDirector.preinitialize(SDFDirector.java:764)
	at ptolemy.actor.CompositeActor.preinitialize(CompositeActor.java:1828)
	at ptolemy.actor.Director.preinitialize(Director.java:1302)
	at ptolemy.actor.Director.preinitialize(Director.java:1257)
	at ptolemy.domains.sdf.kernel.SDFDirector.preinitialize(SDFDirector.java:763)
	at ptolemy.actor.CompositeActor.preinitialize(CompositeActor.java:1828)
	at ptolemy.actor.Manager.preinitializeAndResolveTypes(Manager.java:1040)
	at ptolemy.actor.Manager.initialize(Manager.java:710)
	at ptolemy.actor.Manager.execute(Manager.java:356)
	at ptolemy.actor.Manager.run(Manager.java:1263)
	at ptolemy.actor.Manager$PtolemyRunThread.run(Manager.java:1915)
Caused by: ptolemy.kernel.util.IllegalActionException: The SDF rate parameter may change. This is not allowed in SDF models that will be run through the code generator.  If you don't care about code generation, then you might consider setting the allowRateChanges parameter of the SDF director to false.
  in .badRateChanges2.typed composite actor.Repeat.output.tokenProductionRate
	at ptolemy.domains.sdf.kernel.SDFScheduler._assertDynamicRateVariable(SDFScheduler.java:931)
	at ptolemy.domains.sdf.kernel.SDFScheduler._checkDynamicRateVariables(SDFScheduler.java:339)
	at ptolemy.domains.sdf.kernel.SDFScheduler._getSchedule(SDFScheduler.java:527)
	at ptolemy.actor.sched.Scheduler.getSchedule(Scheduler.java:189)
	at ptolemy.domains.sdf.kernel.SDFDirector.createSchedule(SDFDirector.java:408)
	... 11 more
java.lang.RuntimeException: Execution failed
	at ptolemy.moml.MoMLSimpleApplication$UnloadThread.run(MoMLSimpleApplication.java:402)
Caused by: ptolemy.actor.sched.NotSchedulableException: Actors remain that cannot be scheduled!

There are several possible reasons:
* SDF Graphs with feedback loops should have an actor with a delay in the loop, such as a SampleDelay.
* The SDF director has an "allowDisconnectedGraphs"parameter, which, when true, permits disconnected SDF graphs.
* The token consumption rate and production rates might be mismatched.
Usually, actors produce one token or consume one token on a port.  To produce or consume multiple tokens per firing, add a "tokenConsumptionRate" or "tokenProductionRate" parameter to the appropriate port.
Unscheduled actors:
.partiallyConnected.Const2 
Scheduled actors:
.partiallyConnected.Const 
  in .partiallyConnected.SDF Director.Scheduler
	at ptolemy.domains.sdf.kernel.SDFScheduler._scheduleConnectedActors(SDFScheduler.java:1828)
	at ptolemy.domains.sdf.kernel.SDFScheduler._getSchedule(SDFScheduler.java:587)
	at ptolemy.actor.sched.Scheduler.getSchedule(Scheduler.java:189)
	at ptolemy.domains.sdf.kernel.SDFDirector.createSchedule(SDFDirector.java:408)
	at ptolemy.domains.sdf.kernel.SDFDirector.preinitialize(SDFDirector.java:764)
	at ptolemy.actor.CompositeActor.preinitialize(CompositeActor.java:1828)
	at ptolemy.actor.Manager.preinitializeAndResolveTypes(Manager.java:1040)
	at ptolemy.actor.Manager.initialize(Manager.java:710)
	at ptolemy.actor.Manager.execute(Manager.java:356)
	at ptolemy.actor.Manager.run(Manager.java:1263)
	at ptolemy.actor.Manager$PtolemyRunThread.run(Manager.java:1915)
]]></system-err>
</testsuite>
