<?xml version="1.0" encoding="UTF-8" ?>
<testsuite errors="1" failures="0" hostname="travis-job-44eadf6c-0274-4f8a-ae7f-ac6b91c9204a" name="ptolemy.actor.lib.hoc.test.junit.JUnitTclTest" skipped="0" tests="58" time="23.897" timestamp="2018-05-11T20:45:06">
  <properties>
[...]
</properties>
  <testcase classname="ptolemy.util.test.junit.TclTests" name="[0] /home/travis/build/icyphy/ptII/ptolemy/actor/lib/hoc/test/IterateOverArray.tcl (RunTclFile)" time="0.318" />
  <testcase classname="ptolemy.util.test.junit.AutoKnownFailedTests" name="[0] /home/travis/build/icyphy/ptII/ptolemy/actor/lib/hoc/test/auto/knownFailedTests/PreinitializeMustBeInvokedRunComposite.xml (RunModel)" time="0.264" />
  <testcase classname="ptolemy.util.test.junit.AutoNameArchTests" name="[0] ThereAreNoAutoTests (RunModel)" time="0.0" />
  <testcase classname="ptolemy.util.test.junit.AutoTests" name="[0] /home/travis/build/icyphy/ptII/ptolemy/actor/lib/hoc/test/auto/AllToAllMultiInstanceComposite.xml (RunModel)" time="0.339" />
  <testcase classname="ptolemy.util.test.junit.AutoTests" name="[1] /home/travis/build/icyphy/ptII/ptolemy/actor/lib/hoc/test/auto/ApplyFFTTest.xml (RunModel)" time="0.355" />
  <testcase classname="ptolemy.util.test.junit.AutoTests" name="[2] /home/travis/build/icyphy/ptII/ptolemy/actor/lib/hoc/test/auto/ApplyFunction.xml (RunModel)" time="0.067" />
  <testcase classname="ptolemy.util.test.junit.AutoTests" name="[3] /home/travis/build/icyphy/ptII/ptolemy/actor/lib/hoc/test/auto/BackgroundExecution.xml (RunModel)" time="0.703" />
  <testcase classname="ptolemy.util.test.junit.AutoTests" name="[4] /home/travis/build/icyphy/ptII/ptolemy/actor/lib/hoc/test/auto/Case.xml (RunModel)" time="0.067" />
  <testcase classname="ptolemy.util.test.junit.AutoTests" name="[5] /home/travis/build/icyphy/ptII/ptolemy/actor/lib/hoc/test/auto/Case1.xml (RunModel)" time="0.044" />
  <testcase classname="ptolemy.util.test.junit.AutoTests" name="[6] /home/travis/build/icyphy/ptII/ptolemy/actor/lib/hoc/test/auto/Case2.xml (RunModel)" time="0.143" />
  <testcase classname="ptolemy.util.test.junit.AutoTests" name="[7] /home/travis/build/icyphy/ptII/ptolemy/actor/lib/hoc/test/auto/Case3.xml (RunModel)" time="0.065" />
  <testcase classname="ptolemy.util.test.junit.AutoTests" name="[8] /home/travis/build/icyphy/ptII/ptolemy/actor/lib/hoc/test/auto/Case4.xml (RunModel)" time="0.079" />
  <testcase classname="ptolemy.util.test.junit.AutoTests" name="[9] /home/travis/build/icyphy/ptII/ptolemy/actor/lib/hoc/test/auto/Case5.xml (RunModel)" time="0.073" />
  <testcase classname="ptolemy.util.test.junit.AutoTests" name="[10] /home/travis/build/icyphy/ptII/ptolemy/actor/lib/hoc/test/auto/Case6.xml (RunModel)" time="0.085" />
  <testcase classname="ptolemy.util.test.junit.AutoTests" name="[11] /home/travis/build/icyphy/ptII/ptolemy/actor/lib/hoc/test/auto/CaseString2.xml (RunModel)" time="0.037" />
  <testcase classname="ptolemy.util.test.junit.AutoTests" name="[12] /home/travis/build/icyphy/ptII/ptolemy/actor/lib/hoc/test/auto/CatchUpComposite1.xml (RunModel)" time="0.089" />
  <testcase classname="ptolemy.util.test.junit.AutoTests" name="[13] /home/travis/build/icyphy/ptII/ptolemy/actor/lib/hoc/test/auto/CatchUpComposite2.xml (RunModel)" time="0.078" />
  <testcase classname="ptolemy.util.test.junit.AutoTests" name="[14] /home/travis/build/icyphy/ptII/ptolemy/actor/lib/hoc/test/auto/CatchUpComposite3.xml (RunModel)" time="0.034" />
  <testcase classname="ptolemy.util.test.junit.AutoTests" name="[15] /home/travis/build/icyphy/ptII/ptolemy/actor/lib/hoc/test/auto/CatchUpComposite4.xml (RunModel)" time="0.04" />
  <testcase classname="ptolemy.util.test.junit.AutoTests" name="[16] /home/travis/build/icyphy/ptII/ptolemy/actor/lib/hoc/test/auto/CatchUpComposite5.xml (RunModel)" time="0.047" />
  <testcase classname="ptolemy.util.test.junit.AutoTests" name="[17] /home/travis/build/icyphy/ptII/ptolemy/actor/lib/hoc/test/auto/CatchUpComposite6.xml (RunModel)" time="0.192" />
  <testcase classname="ptolemy.util.test.junit.AutoTests" name="[18] /home/travis/build/icyphy/ptII/ptolemy/actor/lib/hoc/test/auto/CatchUpComposite7.xml (RunModel)" time="0.113" />
  <testcase classname="ptolemy.util.test.junit.AutoTests" name="[19] /home/travis/build/icyphy/ptII/ptolemy/actor/lib/hoc/test/auto/ConcurrentExecutionTimeSDF.xml (RunModel)" time="0.069" />
  <testcase classname="ptolemy.util.test.junit.AutoTests" name="[20] /home/travis/build/icyphy/ptII/ptolemy/actor/lib/hoc/test/auto/ConcurrentSleep.xml (RunModel)" time="0.779" />
  <testcase classname="ptolemy.util.test.junit.AutoTests" name="[21] /home/travis/build/icyphy/ptII/ptolemy/actor/lib/hoc/test/auto/DEInPNInRunCompositeActor.xml (RunModel)" time="0.062" />
  <testcase classname="ptolemy.util.test.junit.AutoTests" name="[22] /home/travis/build/icyphy/ptII/ptolemy/actor/lib/hoc/test/auto/DFTSubSetTest.xml (RunModel)" time="0.342" />
  <testcase classname="ptolemy.util.test.junit.AutoTests" name="[23] /home/travis/build/icyphy/ptII/ptolemy/actor/lib/hoc/test/auto/HocDE.xml (RunModel)" time="0.208" />
  <testcase classname="ptolemy.util.test.junit.AutoTests" name="[24] /home/travis/build/icyphy/ptII/ptolemy/actor/lib/hoc/test/auto/IterateOverArray.xml (RunModel)" time="0.046" />
  <testcase classname="ptolemy.util.test.junit.AutoTests" name="[25] /home/travis/build/icyphy/ptII/ptolemy/actor/lib/hoc/test/auto/IterateOverArray10.xml (RunModel)" time="0.021" />
  <testcase classname="ptolemy.util.test.junit.AutoTests" name="[26] /home/travis/build/icyphy/ptII/ptolemy/actor/lib/hoc/test/auto/IterateOverArray11.xml (RunModel)" time="0.036" />
  <testcase classname="ptolemy.util.test.junit.AutoTests" name="[27] /home/travis/build/icyphy/ptII/ptolemy/actor/lib/hoc/test/auto/IterateOverArray12.xml (RunModel)" time="0.049" />
  <testcase classname="ptolemy.util.test.junit.AutoTests" name="[28] /home/travis/build/icyphy/ptII/ptolemy/actor/lib/hoc/test/auto/IterateOverArray13.xml (RunModel)" time="0.176" />
  <testcase classname="ptolemy.util.test.junit.AutoTests" name="[29] /home/travis/build/icyphy/ptII/ptolemy/actor/lib/hoc/test/auto/IterateOverArray14.xml (RunModel)" time="0.161" />
  <testcase classname="ptolemy.util.test.junit.AutoTests" name="[30] /home/travis/build/icyphy/ptII/ptolemy/actor/lib/hoc/test/auto/IterateOverArray2.xml (RunModel)" time="0.033" />
  <testcase classname="ptolemy.util.test.junit.AutoTests" name="[31] /home/travis/build/icyphy/ptII/ptolemy/actor/lib/hoc/test/auto/IterateOverArray3.xml (RunModel)" time="0.051" />
  <testcase classname="ptolemy.util.test.junit.AutoTests" name="[32] /home/travis/build/icyphy/ptII/ptolemy/actor/lib/hoc/test/auto/IterateOverArray4.xml (RunModel)" time="0.033" />
  <testcase classname="ptolemy.util.test.junit.AutoTests" name="[33] /home/travis/build/icyphy/ptII/ptolemy/actor/lib/hoc/test/auto/IterateOverArray5.xml (RunModel)" time="0.026" />
  <testcase classname="ptolemy.util.test.junit.AutoTests" name="[34] /home/travis/build/icyphy/ptII/ptolemy/actor/lib/hoc/test/auto/IterateOverArray6.xml (RunModel)" time="0.02" />
  <testcase classname="ptolemy.util.test.junit.AutoTests" name="[35] /home/travis/build/icyphy/ptII/ptolemy/actor/lib/hoc/test/auto/IterateOverArray7.xml (RunModel)" time="0.028" />
  <testcase classname="ptolemy.util.test.junit.AutoTests" name="[36] /home/travis/build/icyphy/ptII/ptolemy/actor/lib/hoc/test/auto/IterateOverArray8.xml (RunModel)" time="0.028" />
  <testcase classname="ptolemy.util.test.junit.AutoTests" name="[37] /home/travis/build/icyphy/ptII/ptolemy/actor/lib/hoc/test/auto/IterateOverArray9.xml (RunModel)" time="0.04" />
  <testcase classname="ptolemy.util.test.junit.AutoTests" name="[38] /home/travis/build/icyphy/ptII/ptolemy/actor/lib/hoc/test/auto/IterateOverArrayCoercedOutputType.xml (RunModel)" time="0.062" />
  <testcase classname="ptolemy.util.test.junit.AutoTests" name="[39] /home/travis/build/icyphy/ptII/ptolemy/actor/lib/hoc/test/auto/IterateOverArrayInferredOutputType.xml (RunModel)" time="0.045" />
  <testcase classname="ptolemy.util.test.junit.AutoTests" name="[40] /home/travis/build/icyphy/ptII/ptolemy/actor/lib/hoc/test/auto/MobileFunctionTest.xml (RunModel)" time="0.026" />
  <testcase classname="ptolemy.util.test.junit.AutoTests" name="[41] /home/travis/build/icyphy/ptII/ptolemy/actor/lib/hoc/test/auto/MobileModelTest.xml (RunModel)" time="0.155" />
  <testcase classname="ptolemy.util.test.junit.AutoTests" name="[42] /home/travis/build/icyphy/ptII/ptolemy/actor/lib/hoc/test/auto/ModelReference.xml (RunModel)" time="0.074" />
  <testcase classname="ptolemy.util.test.junit.AutoTests" name="[43] /home/travis/build/icyphy/ptII/ptolemy/actor/lib/hoc/test/auto/ModelReference3.xml (RunModel)" time="0.056" />
  <testcase classname="ptolemy.util.test.junit.AutoTests" name="[44] /home/travis/build/icyphy/ptII/ptolemy/actor/lib/hoc/test/auto/ModelReference4.xml (RunModel)" time="10.043" />
  <testcase classname="ptolemy.util.test.junit.AutoTests" name="[45] /home/travis/build/icyphy/ptII/ptolemy/actor/lib/hoc/test/auto/MultiInstanceComposite.xml (RunModel)" time="0.05" />
  <testcase classname="ptolemy.util.test.junit.AutoTests" name="[46] /home/travis/build/icyphy/ptII/ptolemy/actor/lib/hoc/test/auto/MultiInstanceComposite2.xml (RunModel)" time="0.051" />
  <testcase classname="ptolemy.util.test.junit.AutoTests" name="[47] /home/travis/build/icyphy/ptII/ptolemy/actor/lib/hoc/test/auto/MulticoreExecution.xml (RunModel)" time="1.073">
    <error type="java.lang.reflect.InvocationTargetException">java.lang.reflect.InvocationTargetException
	at java.lang.reflect.Constructor.newInstance(Constructor.java:423)
	at ptolemy.util.test.junit.AutoTests.RunModel(AutoTests.java:185)
	at junitparams.internal.InvokeParameterisedMethod.evaluate(InvokeParameterisedMethod.java:102)
Caused by: ptolemy.kernel.util.IllegalActionException: Inside thread was interrupted.
  in .MulticoreExecution.ThreadedComposite.ThreadedDirector
	at ptolemy.actor.lib.hoc.ThreadedComposite$ThreadedDirector.fire(ThreadedComposite.java:646)
	at ptolemy.actor.CompositeActor.fire(CompositeActor.java:455)
	at ptolemy.actor.sched.FixedPointDirector._fireActor(FixedPointDirector.java:768)
	at ptolemy.actor.sched.FixedPointDirector.fire(FixedPointDirector.java:244)
	at ptolemy.actor.CompositeActor.fire(CompositeActor.java:455)
	at ptolemy.actor.Manager.iterate(Manager.java:851)
	at ptolemy.actor.Manager.execute(Manager.java:369)
	at ptolemy.actor.Manager.run(Manager.java:1263)
	at ptolemy.actor.Manager$PtolemyRunThread.run(Manager.java:1915)
</error>
  </testcase>
  <testcase classname="ptolemy.util.test.junit.AutoTests" name="[48] /home/travis/build/icyphy/ptII/ptolemy/actor/lib/hoc/test/auto/ParallelExecution.xml (RunModel)" time="0.955" />
  <testcase classname="ptolemy.util.test.junit.AutoTests" name="[49] /home/travis/build/icyphy/ptII/ptolemy/actor/lib/hoc/test/auto/RunCompositeActor.xml (RunModel)" time="0.048" />
  <testcase classname="ptolemy.util.test.junit.AutoTests" name="[50] /home/travis/build/icyphy/ptII/ptolemy/actor/lib/hoc/test/auto/RunCompositeActor2.xml (RunModel)" time="0.028" />
  <testcase classname="ptolemy.util.test.junit.AutoTests" name="[51] /home/travis/build/icyphy/ptII/ptolemy/actor/lib/hoc/test/auto/RunCompositeActor3.xml (RunModel)" time="0.024" />
  <testcase classname="ptolemy.util.test.junit.AutoTests" name="[52] /home/travis/build/icyphy/ptII/ptolemy/actor/lib/hoc/test/auto/RunCompositeActor4.xml (RunModel)" time="0.032" />
  <testcase classname="ptolemy.util.test.junit.AutoTests" name="[53] /home/travis/build/icyphy/ptII/ptolemy/actor/lib/hoc/test/auto/RunCompositeIterateOverArray.xml (RunModel)" time="0.035" />
  <testcase classname="ptolemy.util.test.junit.AutoTests" name="[54] /home/travis/build/icyphy/ptII/ptolemy/actor/lib/hoc/test/auto/ThreadedJS.xml (RunModel)" time="5.202" />
  <system-out><![CDATA[/home/travis/build/icyphy/ptII/ptolemy/actor/lib/hoc/test/IterateOverArray.tcl
testDefs.tcl: setting time out to 9000 seconds at Fri May 11 20:45:06 UTC 2018
05/11/18 08:45:07
Failed: 0  Total Tests: 2  ((Passed: 2, Newly Passed: 0)  Known Failed: 0) /home/travis/build/icyphy/ptII/ptolemy/actor/lib/hoc/test
----------------- testing (KnownFailure) /home/travis/build/icyphy/ptII/ptolemy/actor/lib/hoc/test/auto/knownFailedTests/PreinitializeMustBeInvokedRunComposite.xml
47 ms. Memory: 116224K Free: 105004K (90%)
Known Failure: java.lang.reflect.InvocationTargetException
No auto/*.xml tests in /home/travis/build/icyphy/ptII/ptolemy/actor/lib/hoc/test
AutoTests.java: About to close Vertx.
AutoTests.java: Vertx closed.
----------------- testing Fri May 11 20:45:07 UTC 2018 /home/travis/build/icyphy/ptII/ptolemy/actor/lib/hoc/test/auto/AllToAllMultiInstanceComposite.xml
----------------- Instantiating /home/travis/build/icyphy/ptII/ptolemy/actor/lib/hoc/test/auto/AllToAllMultiInstanceComposite.xml
91 ms. Memory: 146944K Free: 114174K (78%)
----------------- Invoking toplevel() on ptolemy.moml.MoMLSimpleApplication@6c08a0ed
----------------- Done invoking toplevel() on ptolemy.moml.MoMLSimpleApplication@6c08a0ed
reloadAllAccessors: .AllToAllMultiInstanceComposite
----------------- testing Fri May 11 20:45:07 UTC 2018 /home/travis/build/icyphy/ptII/ptolemy/actor/lib/hoc/test/auto/ApplyFFTTest.xml
----------------- Instantiating /home/travis/build/icyphy/ptII/ptolemy/actor/lib/hoc/test/auto/ApplyFFTTest.xml
155 ms. Memory: 146944K Free: 93066K (63%)
----------------- Invoking toplevel() on ptolemy.moml.MoMLSimpleApplication@292ff3c5
----------------- Done invoking toplevel() on ptolemy.moml.MoMLSimpleApplication@292ff3c5
reloadAllAccessors: .ApplyFFTTest
----------------- testing Fri May 11 20:45:08 UTC 2018 /home/travis/build/icyphy/ptII/ptolemy/actor/lib/hoc/test/auto/ApplyFunction.xml
----------------- Instantiating /home/travis/build/icyphy/ptII/ptolemy/actor/lib/hoc/test/auto/ApplyFunction.xml
14 ms. Memory: 146944K Free: 89308K (61%)
----------------- Invoking toplevel() on ptolemy.moml.MoMLSimpleApplication@215dde9e
----------------- Done invoking toplevel() on ptolemy.moml.MoMLSimpleApplication@215dde9e
reloadAllAccessors: .ApplyFunction
----------------- testing Fri May 11 20:45:08 UTC 2018 /home/travis/build/icyphy/ptII/ptolemy/actor/lib/hoc/test/auto/BackgroundExecution.xml
----------------- Instantiating /home/travis/build/icyphy/ptII/ptolemy/actor/lib/hoc/test/auto/BackgroundExecution.xml
624 ms. Memory: 146944K Free: 81317K (55%)
----------------- Invoking toplevel() on ptolemy.moml.MoMLSimpleApplication@7b725539
----------------- Done invoking toplevel() on ptolemy.moml.MoMLSimpleApplication@7b725539
reloadAllAccessors: .BackgroundExecution
----------------- testing Fri May 11 20:45:09 UTC 2018 /home/travis/build/icyphy/ptII/ptolemy/actor/lib/hoc/test/auto/Case.xml
----------------- Instantiating /home/travis/build/icyphy/ptII/ptolemy/actor/lib/hoc/test/auto/Case.xml
16 ms. Memory: 146944K Free: 133367K (91%)
----------------- Invoking toplevel() on ptolemy.moml.MoMLSimpleApplication@3ad6c1df
----------------- Done invoking toplevel() on ptolemy.moml.MoMLSimpleApplication@3ad6c1df
reloadAllAccessors: .Case
----------------- testing Fri May 11 20:45:09 UTC 2018 /home/travis/build/icyphy/ptII/ptolemy/actor/lib/hoc/test/auto/Case1.xml
----------------- Instantiating /home/travis/build/icyphy/ptII/ptolemy/actor/lib/hoc/test/auto/Case1.xml
17 ms. Memory: 146944K Free: 125500K (85%)
----------------- Invoking toplevel() on ptolemy.moml.MoMLSimpleApplication@4fb8741f
----------------- Done invoking toplevel() on ptolemy.moml.MoMLSimpleApplication@4fb8741f
reloadAllAccessors: .Case1
----------------- testing Fri May 11 20:45:09 UTC 2018 /home/travis/build/icyphy/ptII/ptolemy/actor/lib/hoc/test/auto/Case2.xml
----------------- Instantiating /home/travis/build/icyphy/ptII/ptolemy/actor/lib/hoc/test/auto/Case2.xml
50 ms. Memory: 146944K Free: 114529K (78%)
----------------- Invoking toplevel() on ptolemy.moml.MoMLSimpleApplication@71f13570
----------------- Done invoking toplevel() on ptolemy.moml.MoMLSimpleApplication@71f13570
reloadAllAccessors: .Case2
----------------- testing Fri May 11 20:45:09 UTC 2018 /home/travis/build/icyphy/ptII/ptolemy/actor/lib/hoc/test/auto/Case3.xml
----------------- Instantiating /home/travis/build/icyphy/ptII/ptolemy/actor/lib/hoc/test/auto/Case3.xml
18 ms. Memory: 146944K Free: 107128K (73%)
----------------- Invoking toplevel() on ptolemy.moml.MoMLSimpleApplication@202ab5bb
----------------- Done invoking toplevel() on ptolemy.moml.MoMLSimpleApplication@202ab5bb
reloadAllAccessors: .Case3
----------------- testing Fri May 11 20:45:09 UTC 2018 /home/travis/build/icyphy/ptII/ptolemy/actor/lib/hoc/test/auto/Case4.xml
----------------- Instantiating /home/travis/build/icyphy/ptII/ptolemy/actor/lib/hoc/test/auto/Case4.xml
16 ms. Memory: 146944K Free: 98791K (67%)
----------------- Invoking toplevel() on ptolemy.moml.MoMLSimpleApplication@1c1de4b9
----------------- Done invoking toplevel() on ptolemy.moml.MoMLSimpleApplication@1c1de4b9
reloadAllAccessors: .Case4
----------------- testing Fri May 11 20:45:09 UTC 2018 /home/travis/build/icyphy/ptII/ptolemy/actor/lib/hoc/test/auto/Case5.xml
----------------- Instantiating /home/travis/build/icyphy/ptII/ptolemy/actor/lib/hoc/test/auto/Case5.xml
44 ms. Memory: 146944K Free: 91326K (62%)
----------------- Invoking toplevel() on ptolemy.moml.MoMLSimpleApplication@323e9e25
----------------- Done invoking toplevel() on ptolemy.moml.MoMLSimpleApplication@323e9e25
reloadAllAccessors: .junk
----------------- testing Fri May 11 20:45:09 UTC 2018 /home/travis/build/icyphy/ptII/ptolemy/actor/lib/hoc/test/auto/Case6.xml
----------------- Instantiating /home/travis/build/icyphy/ptII/ptolemy/actor/lib/hoc/test/auto/Case6.xml
49 ms. Memory: 208384K Free: 200854K (96%)
----------------- Invoking toplevel() on ptolemy.moml.MoMLSimpleApplication@2563781a
----------------- Done invoking toplevel() on ptolemy.moml.MoMLSimpleApplication@2563781a
reloadAllAccessors: .Case6
----------------- testing Fri May 11 20:45:09 UTC 2018 /home/travis/build/icyphy/ptII/ptolemy/actor/lib/hoc/test/auto/CaseString2.xml
----------------- Instantiating /home/travis/build/icyphy/ptII/ptolemy/actor/lib/hoc/test/auto/CaseString2.xml
10 ms. Memory: 208384K Free: 190734K (92%)
----------------- Invoking toplevel() on ptolemy.moml.MoMLSimpleApplication@2274aaa8
----------------- Done invoking toplevel() on ptolemy.moml.MoMLSimpleApplication@2274aaa8
reloadAllAccessors: .CaseString2
----------------- testing Fri May 11 20:45:09 UTC 2018 /home/travis/build/icyphy/ptII/ptolemy/actor/lib/hoc/test/auto/CatchUpComposite1.xml
----------------- Instantiating /home/travis/build/icyphy/ptII/ptolemy/actor/lib/hoc/test/auto/CatchUpComposite1.xml
33 ms. Memory: 208384K Free: 180240K (86%)
----------------- Invoking toplevel() on ptolemy.moml.MoMLSimpleApplication@103d63c3
----------------- Done invoking toplevel() on ptolemy.moml.MoMLSimpleApplication@103d63c3
reloadAllAccessors: .CatchUpComposite1
----------------- testing Fri May 11 20:45:09 UTC 2018 /home/travis/build/icyphy/ptII/ptolemy/actor/lib/hoc/test/auto/CatchUpComposite2.xml
----------------- Instantiating /home/travis/build/icyphy/ptII/ptolemy/actor/lib/hoc/test/auto/CatchUpComposite2.xml
15 ms. Memory: 208384K Free: 170361K (82%)
----------------- Invoking toplevel() on ptolemy.moml.MoMLSimpleApplication@48e92bb8
----------------- Done invoking toplevel() on ptolemy.moml.MoMLSimpleApplication@48e92bb8
reloadAllAccessors: .CatchUpComposite2
----------------- testing Fri May 11 20:45:09 UTC 2018 /home/travis/build/icyphy/ptII/ptolemy/actor/lib/hoc/test/auto/CatchUpComposite3.xml
----------------- Instantiating /home/travis/build/icyphy/ptII/ptolemy/actor/lib/hoc/test/auto/CatchUpComposite3.xml
6 ms. Memory: 208384K Free: 160199K (77%)
----------------- Invoking toplevel() on ptolemy.moml.MoMLSimpleApplication@2e499662
----------------- Done invoking toplevel() on ptolemy.moml.MoMLSimpleApplication@2e499662
reloadAllAccessors: .CatchUpComposite3
----------------- testing Fri May 11 20:45:09 UTC 2018 /home/travis/build/icyphy/ptII/ptolemy/actor/lib/hoc/test/auto/CatchUpComposite4.xml
----------------- Instantiating /home/travis/build/icyphy/ptII/ptolemy/actor/lib/hoc/test/auto/CatchUpComposite4.xml
11 ms. Memory: 208384K Free: 150903K (72%)
----------------- Invoking toplevel() on ptolemy.moml.MoMLSimpleApplication@32834dd0
----------------- Done invoking toplevel() on ptolemy.moml.MoMLSimpleApplication@32834dd0
reloadAllAccessors: .CatchUpComposite4
----------------- testing Fri May 11 20:45:09 UTC 2018 /home/travis/build/icyphy/ptII/ptolemy/actor/lib/hoc/test/auto/CatchUpComposite5.xml
----------------- Instantiating /home/travis/build/icyphy/ptII/ptolemy/actor/lib/hoc/test/auto/CatchUpComposite5.xml
14 ms. Memory: 208384K Free: 142301K (68%)
----------------- Invoking toplevel() on ptolemy.moml.MoMLSimpleApplication@6c245ab2
----------------- Done invoking toplevel() on ptolemy.moml.MoMLSimpleApplication@6c245ab2
reloadAllAccessors: .CatchUpComposite5
----------------- testing Fri May 11 20:45:10 UTC 2018 /home/travis/build/icyphy/ptII/ptolemy/actor/lib/hoc/test/auto/CatchUpComposite6.xml
----------------- Instantiating /home/travis/build/icyphy/ptII/ptolemy/actor/lib/hoc/test/auto/CatchUpComposite6.xml
WARNING: The execution aspects in this model can influence the timing of actors by delaying the 
execution, potentially changing the behavior. There is no guarantee that actors fire at the 
time they request to be fired. 
Use Ptides for deterministic DE behavior that is not influenced by execution aspects. 

102 ms. Memory: 208384K Free: 123441K (59%)
----------------- Invoking toplevel() on ptolemy.moml.MoMLSimpleApplication@e6be2f0
----------------- Done invoking toplevel() on ptolemy.moml.MoMLSimpleApplication@e6be2f0
reloadAllAccessors: .CatchUpComposite6
----------------- testing Fri May 11 20:45:10 UTC 2018 /home/travis/build/icyphy/ptII/ptolemy/actor/lib/hoc/test/auto/CatchUpComposite7.xml
----------------- Instantiating /home/travis/build/icyphy/ptII/ptolemy/actor/lib/hoc/test/auto/CatchUpComposite7.xml
WARNING: The execution aspects in this model can influence the timing of actors by delaying the 
execution, potentially changing the behavior. There is no guarantee that actors fire at the 
time they request to be fired. 
Use Ptides for deterministic DE behavior that is not influenced by execution aspects. 

48 ms. Memory: 208384K Free: 106060K (51%)
----------------- Invoking toplevel() on ptolemy.moml.MoMLSimpleApplication@1a7af1de
----------------- Done invoking toplevel() on ptolemy.moml.MoMLSimpleApplication@1a7af1de
reloadAllAccessors: .CatchUpComposite7
----------------- testing Fri May 11 20:45:10 UTC 2018 /home/travis/build/icyphy/ptII/ptolemy/actor/lib/hoc/test/auto/ConcurrentExecutionTimeSDF.xml
----------------- Instantiating /home/travis/build/icyphy/ptII/ptolemy/actor/lib/hoc/test/auto/ConcurrentExecutionTimeSDF.xml
25 ms. Memory: 208384K Free: 97377K (47%)
----------------- Invoking toplevel() on ptolemy.moml.MoMLSimpleApplication@4d9e6160
----------------- Done invoking toplevel() on ptolemy.moml.MoMLSimpleApplication@4d9e6160
reloadAllAccessors: .ConcurrentExecutionTimeSDF
----------------- testing Fri May 11 20:45:10 UTC 2018 /home/travis/build/icyphy/ptII/ptolemy/actor/lib/hoc/test/auto/ConcurrentSleep.xml
----------------- Instantiating /home/travis/build/icyphy/ptII/ptolemy/actor/lib/hoc/test/auto/ConcurrentSleep.xml
744 ms. Memory: 208384K Free: 82899K (40%)
----------------- Invoking toplevel() on ptolemy.moml.MoMLSimpleApplication@432a215e
----------------- Done invoking toplevel() on ptolemy.moml.MoMLSimpleApplication@432a215e
reloadAllAccessors: .ConcurrentSleep
----------------- testing Fri May 11 20:45:11 UTC 2018 /home/travis/build/icyphy/ptII/ptolemy/actor/lib/hoc/test/auto/DEInPNInRunCompositeActor.xml
----------------- Instantiating /home/travis/build/icyphy/ptII/ptolemy/actor/lib/hoc/test/auto/DEInPNInRunCompositeActor.xml
16 ms. Memory: 208384K Free: 199068K (96%)
----------------- Invoking toplevel() on ptolemy.moml.MoMLSimpleApplication@2413f9d0
----------------- Done invoking toplevel() on ptolemy.moml.MoMLSimpleApplication@2413f9d0
reloadAllAccessors: .DEInPNInRunCompositeActor
----------------- testing Fri May 11 20:45:11 UTC 2018 /home/travis/build/icyphy/ptII/ptolemy/actor/lib/hoc/test/auto/DFTSubSetTest.xml
----------------- Instantiating /home/travis/build/icyphy/ptII/ptolemy/actor/lib/hoc/test/auto/DFTSubSetTest.xml
221 ms. Memory: 208384K Free: 151105K (73%)
----------------- Invoking toplevel() on ptolemy.moml.MoMLSimpleApplication@73da4682
----------------- Done invoking toplevel() on ptolemy.moml.MoMLSimpleApplication@73da4682
reloadAllAccessors: .DFTSubSetTest
----------------- testing Fri May 11 20:45:11 UTC 2018 /home/travis/build/icyphy/ptII/ptolemy/actor/lib/hoc/test/auto/HocDE.xml
----------------- Instantiating /home/travis/build/icyphy/ptII/ptolemy/actor/lib/hoc/test/auto/HocDE.xml
158 ms. Memory: 208384K Free: 124557K (60%)
----------------- Invoking toplevel() on ptolemy.moml.MoMLSimpleApplication@67bc4d6f
----------------- Done invoking toplevel() on ptolemy.moml.MoMLSimpleApplication@67bc4d6f
reloadAllAccessors: .HocDE
----------------- testing Fri May 11 20:45:11 UTC 2018 /home/travis/build/icyphy/ptII/ptolemy/actor/lib/hoc/test/auto/IterateOverArray.xml
----------------- Instantiating /home/travis/build/icyphy/ptII/ptolemy/actor/lib/hoc/test/auto/IterateOverArray.xml
9 ms. Memory: 208384K Free: 118963K (57%)
----------------- Invoking toplevel() on ptolemy.moml.MoMLSimpleApplication@34c43529
----------------- Done invoking toplevel() on ptolemy.moml.MoMLSimpleApplication@34c43529
reloadAllAccessors: .IterateOverArray
----------------- testing Fri May 11 20:45:11 UTC 2018 /home/travis/build/icyphy/ptII/ptolemy/actor/lib/hoc/test/auto/IterateOverArray10.xml
----------------- Instantiating /home/travis/build/icyphy/ptII/ptolemy/actor/lib/hoc/test/auto/IterateOverArray10.xml
3 ms. Memory: 208384K Free: 114637K (55%)
----------------- Invoking toplevel() on ptolemy.moml.MoMLSimpleApplication@bb31bf9
----------------- Done invoking toplevel() on ptolemy.moml.MoMLSimpleApplication@bb31bf9
reloadAllAccessors: .IterateOverArray10
----------------- testing Fri May 11 20:45:11 UTC 2018 /home/travis/build/icyphy/ptII/ptolemy/actor/lib/hoc/test/auto/IterateOverArray11.xml
----------------- Instantiating /home/travis/build/icyphy/ptII/ptolemy/actor/lib/hoc/test/auto/IterateOverArray11.xml
8 ms. Memory: 208384K Free: 109625K (53%)
----------------- Invoking toplevel() on ptolemy.moml.MoMLSimpleApplication@5935988a
----------------- Done invoking toplevel() on ptolemy.moml.MoMLSimpleApplication@5935988a
reloadAllAccessors: .IterateOverArray11
----------------- testing Fri May 11 20:45:11 UTC 2018 /home/travis/build/icyphy/ptII/ptolemy/actor/lib/hoc/test/auto/IterateOverArray12.xml
----------------- Instantiating /home/travis/build/icyphy/ptII/ptolemy/actor/lib/hoc/test/auto/IterateOverArray12.xml
23 ms. Memory: 208384K Free: 102204K (49%)
----------------- Invoking toplevel() on ptolemy.moml.MoMLSimpleApplication@26a6ee3a
----------------- Done invoking toplevel() on ptolemy.moml.MoMLSimpleApplication@26a6ee3a
reloadAllAccessors: .IterateOverArray12
----------------- testing Fri May 11 20:45:11 UTC 2018 /home/travis/build/icyphy/ptII/ptolemy/actor/lib/hoc/test/auto/IterateOverArray13.xml
----------------- Instantiating /home/travis/build/icyphy/ptII/ptolemy/actor/lib/hoc/test/auto/IterateOverArray13.xml
100 ms. Memory: 331264K Free: 318249K (96%)
----------------- Invoking toplevel() on ptolemy.moml.MoMLSimpleApplication@4f66d9d7
----------------- Done invoking toplevel() on ptolemy.moml.MoMLSimpleApplication@4f66d9d7
reloadAllAccessors: .IterateOverArray13
----------------- testing Fri May 11 20:45:12 UTC 2018 /home/travis/build/icyphy/ptII/ptolemy/actor/lib/hoc/test/auto/IterateOverArray14.xml
----------------- Instantiating /home/travis/build/icyphy/ptII/ptolemy/actor/lib/hoc/test/auto/IterateOverArray14.xml
65 ms. Memory: 331264K Free: 280975K (85%)
----------------- Invoking toplevel() on ptolemy.moml.MoMLSimpleApplication@5c26bf61
----------------- Done invoking toplevel() on ptolemy.moml.MoMLSimpleApplication@5c26bf61
reloadAllAccessors: .IterateOverArray14
----------------- testing Fri May 11 20:45:12 UTC 2018 /home/travis/build/icyphy/ptII/ptolemy/actor/lib/hoc/test/auto/IterateOverArray2.xml
----------------- Instantiating /home/travis/build/icyphy/ptII/ptolemy/actor/lib/hoc/test/auto/IterateOverArray2.xml
9 ms. Memory: 331264K Free: 276080K (83%)
----------------- Invoking toplevel() on ptolemy.moml.MoMLSimpleApplication@7c77e974
----------------- Done invoking toplevel() on ptolemy.moml.MoMLSimpleApplication@7c77e974
reloadAllAccessors: .IterateOverArray2
----------------- testing Fri May 11 20:45:12 UTC 2018 /home/travis/build/icyphy/ptII/ptolemy/actor/lib/hoc/test/auto/IterateOverArray3.xml
----------------- Instantiating /home/travis/build/icyphy/ptII/ptolemy/actor/lib/hoc/test/auto/IterateOverArray3.xml
23 ms. Memory: 331264K Free: 266685K (81%)
----------------- Invoking toplevel() on ptolemy.moml.MoMLSimpleApplication@30a26e59
----------------- Done invoking toplevel() on ptolemy.moml.MoMLSimpleApplication@30a26e59
reloadAllAccessors: .IterateOverArray3
----------------- testing Fri May 11 20:45:12 UTC 2018 /home/travis/build/icyphy/ptII/ptolemy/actor/lib/hoc/test/auto/IterateOverArray4.xml
----------------- Instantiating /home/travis/build/icyphy/ptII/ptolemy/actor/lib/hoc/test/auto/IterateOverArray4.xml
10 ms. Memory: 331264K Free: 261790K (79%)
----------------- Invoking toplevel() on ptolemy.moml.MoMLSimpleApplication@5cfbe5f8
----------------- Done invoking toplevel() on ptolemy.moml.MoMLSimpleApplication@5cfbe5f8
reloadAllAccessors: .IterateOverArray4
----------------- testing Fri May 11 20:45:12 UTC 2018 /home/travis/build/icyphy/ptII/ptolemy/actor/lib/hoc/test/auto/IterateOverArray5.xml
----------------- Instantiating /home/travis/build/icyphy/ptII/ptolemy/actor/lib/hoc/test/auto/IterateOverArray5.xml
4 ms. Memory: 331264K Free: 256895K (78%)
----------------- Invoking toplevel() on ptolemy.moml.MoMLSimpleApplication@6f1e70dd
----------------- Done invoking toplevel() on ptolemy.moml.MoMLSimpleApplication@6f1e70dd
reloadAllAccessors: .IterateOverArray5
----------------- testing Fri May 11 20:45:12 UTC 2018 /home/travis/build/icyphy/ptII/ptolemy/actor/lib/hoc/test/auto/IterateOverArray6.xml
----------------- Instantiating /home/travis/build/icyphy/ptII/ptolemy/actor/lib/hoc/test/auto/IterateOverArray6.xml
3 ms. Memory: 331264K Free: 252394K (76%)
----------------- Invoking toplevel() on ptolemy.moml.MoMLSimpleApplication@46c3b4a7
----------------- Done invoking toplevel() on ptolemy.moml.MoMLSimpleApplication@46c3b4a7
reloadAllAccessors: .IterateOverArray6
----------------- testing Fri May 11 20:45:12 UTC 2018 /home/travis/build/icyphy/ptII/ptolemy/actor/lib/hoc/test/auto/IterateOverArray7.xml
----------------- Instantiating /home/travis/build/icyphy/ptII/ptolemy/actor/lib/hoc/test/auto/IterateOverArray7.xml
5 ms. Memory: 331264K Free: 247499K (75%)
----------------- Invoking toplevel() on ptolemy.moml.MoMLSimpleApplication@37634ae5
----------------- Done invoking toplevel() on ptolemy.moml.MoMLSimpleApplication@37634ae5
reloadAllAccessors: .IterateOverArray7
----------------- testing Fri May 11 20:45:12 UTC 2018 /home/travis/build/icyphy/ptII/ptolemy/actor/lib/hoc/test/auto/IterateOverArray8.xml
----------------- Instantiating /home/travis/build/icyphy/ptII/ptolemy/actor/lib/hoc/test/auto/IterateOverArray8.xml
7 ms. Memory: 331264K Free: 241775K (73%)
----------------- Invoking toplevel() on ptolemy.moml.MoMLSimpleApplication@416351d1
----------------- Done invoking toplevel() on ptolemy.moml.MoMLSimpleApplication@416351d1
reloadAllAccessors: .IterateOverArray8
----------------- testing Fri May 11 20:45:12 UTC 2018 /home/travis/build/icyphy/ptII/ptolemy/actor/lib/hoc/test/auto/IterateOverArray9.xml
----------------- Instantiating /home/travis/build/icyphy/ptII/ptolemy/actor/lib/hoc/test/auto/IterateOverArray9.xml
13 ms. Memory: 331264K Free: 236880K (72%)
----------------- Invoking toplevel() on ptolemy.moml.MoMLSimpleApplication@4cd32a87
----------------- Done invoking toplevel() on ptolemy.moml.MoMLSimpleApplication@4cd32a87
reloadAllAccessors: .IterateOverArray9
----------------- testing Fri May 11 20:45:12 UTC 2018 /home/travis/build/icyphy/ptII/ptolemy/actor/lib/hoc/test/auto/IterateOverArrayCoercedOutputType.xml
----------------- Instantiating /home/travis/build/icyphy/ptII/ptolemy/actor/lib/hoc/test/auto/IterateOverArrayCoercedOutputType.xml
7 ms. Memory: 331264K Free: 230761K (70%)
----------------- Invoking toplevel() on ptolemy.moml.MoMLSimpleApplication@49397db3
----------------- Done invoking toplevel() on ptolemy.moml.MoMLSimpleApplication@49397db3
reloadAllAccessors: .IterateOverArrayCoercedOutputType
----------------- testing Fri May 11 20:45:12 UTC 2018 /home/travis/build/icyphy/ptII/ptolemy/actor/lib/hoc/test/auto/IterateOverArrayInferredOutputType.xml
----------------- Instantiating /home/travis/build/icyphy/ptII/ptolemy/actor/lib/hoc/test/auto/IterateOverArrayInferredOutputType.xml
17 ms. Memory: 331264K Free: 223812K (68%)
----------------- Invoking toplevel() on ptolemy.moml.MoMLSimpleApplication@68f80f15
----------------- Done invoking toplevel() on ptolemy.moml.MoMLSimpleApplication@68f80f15
reloadAllAccessors: .IterateOverArrayInferredOutputType
----------------- testing Fri May 11 20:45:12 UTC 2018 /home/travis/build/icyphy/ptII/ptolemy/actor/lib/hoc/test/auto/MobileFunctionTest.xml
----------------- Instantiating /home/travis/build/icyphy/ptII/ptolemy/actor/lib/hoc/test/auto/MobileFunctionTest.xml
5 ms. Memory: 331264K Free: 218918K (66%)
----------------- Invoking toplevel() on ptolemy.moml.MoMLSimpleApplication@3db26421
----------------- Done invoking toplevel() on ptolemy.moml.MoMLSimpleApplication@3db26421
reloadAllAccessors: .MobileFunctionTest
----------------- testing Fri May 11 20:45:12 UTC 2018 /home/travis/build/icyphy/ptII/ptolemy/actor/lib/hoc/test/auto/MobileModelTest.xml
----------------- Instantiating /home/travis/build/icyphy/ptII/ptolemy/actor/lib/hoc/test/auto/MobileModelTest.xml
103 ms. Memory: 331264K Free: 192374K (58%)
----------------- Invoking toplevel() on ptolemy.moml.MoMLSimpleApplication@63ea65d7
----------------- Done invoking toplevel() on ptolemy.moml.MoMLSimpleApplication@63ea65d7
reloadAllAccessors: .MobileModelTest
----------------- testing Fri May 11 20:45:12 UTC 2018 /home/travis/build/icyphy/ptII/ptolemy/actor/lib/hoc/test/auto/ModelReference.xml
----------------- Instantiating /home/travis/build/icyphy/ptII/ptolemy/actor/lib/hoc/test/auto/ModelReference.xml
3 ms. Memory: 331264K Free: 183808K (55%)
3 ms. Memory: 331264K Free: 182584K (55%)
1 ms. Memory: 331264K Free: 182584K (55%)
2 ms. Memory: 331264K Free: 181360K (55%)
1 ms. Memory: 331264K Free: 180137K (54%)
1 ms. Memory: 331264K Free: 180137K (54%)
2 ms. Memory: 331264K Free: 178913K (54%)
2 ms. Memory: 331264K Free: 177689K (54%)
2 ms. Memory: 331264K Free: 177689K (54%)
6 ms. Memory: 331264K Free: 176466K (53%)
38 ms. Memory: 331264K Free: 176466K (53%)
----------------- Invoking toplevel() on ptolemy.moml.MoMLSimpleApplication@d5fe6f0
----------------- Done invoking toplevel() on ptolemy.moml.MoMLSimpleApplication@d5fe6f0
reloadAllAccessors: .ModelReference
----------------- testing Fri May 11 20:45:12 UTC 2018 /home/travis/build/icyphy/ptII/ptolemy/actor/lib/hoc/test/auto/ModelReference3.xml
----------------- Instantiating /home/travis/build/icyphy/ptII/ptolemy/actor/lib/hoc/test/auto/ModelReference3.xml
2 ms. Memory: 331264K Free: 170347K (51%)
7 ms. Memory: 331264K Free: 170347K (51%)
2 ms. Memory: 331264K Free: 169123K (51%)
3 ms. Memory: 331264K Free: 167900K (51%)
2 ms. Memory: 331264K Free: 167900K (51%)
2 ms. Memory: 331264K Free: 166676K (50%)
1 ms. Memory: 331264K Free: 165452K (50%)
4 ms. Memory: 331264K Free: 165452K (50%)
2 ms. Memory: 331264K Free: 164229K (50%)
4 ms. Memory: 331264K Free: 163005K (49%)
36 ms. Memory: 331264K Free: 163005K (49%)
----------------- Invoking toplevel() on ptolemy.moml.MoMLSimpleApplication@645152c8
----------------- Done invoking toplevel() on ptolemy.moml.MoMLSimpleApplication@645152c8
reloadAllAccessors: .ModelReference3
----------------- testing Fri May 11 20:45:13 UTC 2018 /home/travis/build/icyphy/ptII/ptolemy/actor/lib/hoc/test/auto/ModelReference4.xml
----------------- Instantiating /home/travis/build/icyphy/ptII/ptolemy/actor/lib/hoc/test/auto/ModelReference4.xml
3 ms. Memory: 331264K Free: 156057K (47%)
4 ms. Memory: 331264K Free: 154833K (47%)
4 ms. Memory: 331264K Free: 152386K (46%)
3 ms. Memory: 331264K Free: 151162K (46%)
3 ms. Memory: 331264K Free: 149938K (45%)
6 ms. Memory: 331264K Free: 148715K (45%)
3 ms. Memory: 331264K Free: 147491K (45%)
5 ms. Memory: 331264K Free: 146267K (44%)
8 ms. Memory: 331264K Free: 143820K (43%)
3 ms. Memory: 331264K Free: 142596K (43%)
10021 ms. Memory: 331264K Free: 142596K (43%)
----------------- Invoking toplevel() on ptolemy.moml.MoMLSimpleApplication@23cb27f7
----------------- Done invoking toplevel() on ptolemy.moml.MoMLSimpleApplication@23cb27f7
reloadAllAccessors: .ModelReference4
----------------- testing Fri May 11 20:45:23 UTC 2018 /home/travis/build/icyphy/ptII/ptolemy/actor/lib/hoc/test/auto/MultiInstanceComposite.xml
----------------- Instantiating /home/travis/build/icyphy/ptII/ptolemy/actor/lib/hoc/test/auto/MultiInstanceComposite.xml
29 ms. Memory: 331264K Free: 126688K (38%)
----------------- Invoking toplevel() on ptolemy.moml.MoMLSimpleApplication@8bbc504
----------------- Done invoking toplevel() on ptolemy.moml.MoMLSimpleApplication@8bbc504
reloadAllAccessors: .MultiInstanceComposite
----------------- testing Fri May 11 20:45:23 UTC 2018 /home/travis/build/icyphy/ptII/ptolemy/actor/lib/hoc/test/auto/MultiInstanceComposite2.xml
----------------- Instantiating /home/travis/build/icyphy/ptII/ptolemy/actor/lib/hoc/test/auto/MultiInstanceComposite2.xml
18 ms. Memory: 331264K Free: 112397K (34%)
----------------- Invoking toplevel() on ptolemy.moml.MoMLSimpleApplication@76cef90d
----------------- Done invoking toplevel() on ptolemy.moml.MoMLSimpleApplication@76cef90d
reloadAllAccessors: .MultiInstanceComposite2
----------------- testing Fri May 11 20:45:23 UTC 2018 /home/travis/build/icyphy/ptII/ptolemy/actor/lib/hoc/test/auto/MulticoreExecution.xml
----------------- Instantiating /home/travis/build/icyphy/ptII/ptolemy/actor/lib/hoc/test/auto/MulticoreExecution.xml
1028 ms. Memory: 331264K Free: 98936K (30%)
----------------- testing Fri May 11 20:45:24 UTC 2018 /home/travis/build/icyphy/ptII/ptolemy/actor/lib/hoc/test/auto/ParallelExecution.xml
----------------- Instantiating /home/travis/build/icyphy/ptII/ptolemy/actor/lib/hoc/test/auto/ParallelExecution.xml
925 ms. Memory: 331264K Free: 84646K (26%)
----------------- Invoking toplevel() on ptolemy.moml.MoMLSimpleApplication@4b8511e6
----------------- Done invoking toplevel() on ptolemy.moml.MoMLSimpleApplication@4b8511e6
reloadAllAccessors: .ParallelExecution
----------------- testing Fri May 11 20:45:25 UTC 2018 /home/travis/build/icyphy/ptII/ptolemy/actor/lib/hoc/test/auto/RunCompositeActor.xml
----------------- Instantiating /home/travis/build/icyphy/ptII/ptolemy/actor/lib/hoc/test/auto/RunCompositeActor.xml
30 ms. Memory: 332288K Free: 321409K (97%)
----------------- Invoking toplevel() on ptolemy.moml.MoMLSimpleApplication@562e2e44
----------------- Done invoking toplevel() on ptolemy.moml.MoMLSimpleApplication@562e2e44
reloadAllAccessors: .RunCompositeActor
----------------- testing Fri May 11 20:45:25 UTC 2018 /home/travis/build/icyphy/ptII/ptolemy/actor/lib/hoc/test/auto/RunCompositeActor2.xml
----------------- Instantiating /home/travis/build/icyphy/ptII/ptolemy/actor/lib/hoc/test/auto/RunCompositeActor2.xml
8 ms. Memory: 332288K Free: 311208K (94%)
----------------- Invoking toplevel() on ptolemy.moml.MoMLSimpleApplication@66e175c1
----------------- Done invoking toplevel() on ptolemy.moml.MoMLSimpleApplication@66e175c1
reloadAllAccessors: .RunCompositeActor2
----------------- testing Fri May 11 20:45:25 UTC 2018 /home/travis/build/icyphy/ptII/ptolemy/actor/lib/hoc/test/auto/RunCompositeActor3.xml
----------------- Instantiating /home/travis/build/icyphy/ptII/ptolemy/actor/lib/hoc/test/auto/RunCompositeActor3.xml
4 ms. Memory: 332288K Free: 304469K (92%)
----------------- Invoking toplevel() on ptolemy.moml.MoMLSimpleApplication@831b800
----------------- Done invoking toplevel() on ptolemy.moml.MoMLSimpleApplication@831b800
reloadAllAccessors: .RunCompositeActor3
----------------- testing Fri May 11 20:45:25 UTC 2018 /home/travis/build/icyphy/ptII/ptolemy/actor/lib/hoc/test/auto/RunCompositeActor4.xml
----------------- Instantiating /home/travis/build/icyphy/ptII/ptolemy/actor/lib/hoc/test/auto/RunCompositeActor4.xml
13 ms. Memory: 332288K Free: 295718K (89%)
----------------- Invoking toplevel() on ptolemy.moml.MoMLSimpleApplication@dd48f0f
----------------- Done invoking toplevel() on ptolemy.moml.MoMLSimpleApplication@dd48f0f
reloadAllAccessors: .RunCompositeActor4
----------------- testing Fri May 11 20:45:25 UTC 2018 /home/travis/build/icyphy/ptII/ptolemy/actor/lib/hoc/test/auto/RunCompositeIterateOverArray.xml
----------------- Instantiating /home/travis/build/icyphy/ptII/ptolemy/actor/lib/hoc/test/auto/RunCompositeIterateOverArray.xml
9 ms. Memory: 332288K Free: 288947K (87%)
----------------- Invoking toplevel() on ptolemy.moml.MoMLSimpleApplication@5521a108
----------------- Done invoking toplevel() on ptolemy.moml.MoMLSimpleApplication@5521a108
reloadAllAccessors: .RunCompositeIterateOverArray
----------------- testing Fri May 11 20:45:25 UTC 2018 /home/travis/build/icyphy/ptII/ptolemy/actor/lib/hoc/test/auto/ThreadedJS.xml
----------------- Instantiating /home/travis/build/icyphy/ptII/ptolemy/actor/lib/hoc/test/auto/ThreadedJS.xml
1958 ms. Memory: 538112K Free: 164650K (31%)
----------------- Invoking toplevel() on ptolemy.moml.MoMLSimpleApplication@4994ff42
----------------- Done invoking toplevel() on ptolemy.moml.MoMLSimpleApplication@4994ff42
reloadAllAccessors: .ThreadedJS
AutoTests.java: About to close Vertx.
AutoTests.java: Vertx closed.
]]></system-out>
  <system-err><![CDATA[java.lang.RuntimeException: Execution failed
	at ptolemy.moml.MoMLSimpleApplication$UnloadThread.run(MoMLSimpleApplication.java:402)
Caused by: ptolemy.kernel.util.IllegalActionException: initialize() was called after wrapup() was called but preinitialize() was not called after wrapup().
	at ptolemy.actor.lib.hoc.test.PreinitializeMustBeInvoked.initialize(PreinitializeMustBeInvoked.java:78)
	at ptolemy.actor.Director.initialize(Director.java:938)
	at ptolemy.actor.Director.initialize(Director.java:907)
	at ptolemy.actor.sched.StaticSchedulingDirector.initialize(StaticSchedulingDirector.java:159)
	at ptolemy.domains.sdf.kernel.SDFDirector.initialize(SDFDirector.java:544)
	at ptolemy.actor.CompositeActor.initialize(CompositeActor.java:935)
	at ptolemy.actor.lib.hoc.LifeCycleManager._executeInsideModel(LifeCycleManager.java:339)
	at ptolemy.actor.lib.hoc.RunCompositeActor.fire(RunCompositeActor.java:205)
	at ptolemy.actor.CompositeActor.iterate(CompositeActor.java:1146)
	at ptolemy.actor.sched.StaticSchedulingDirector.fire(StaticSchedulingDirector.java:216)
	at ptolemy.domains.sdf.kernel.SDFDirector.fire(SDFDirector.java:500)
	at ptolemy.actor.CompositeActor.fire(CompositeActor.java:455)
	at ptolemy.actor.Manager.iterate(Manager.java:851)
	at ptolemy.actor.Manager.execute(Manager.java:369)
	at ptolemy.actor.Manager.run(Manager.java:1263)
	at ptolemy.actor.Manager$PtolemyRunThread.run(Manager.java:1915)
java.lang.reflect.InvocationTargetException
	at sun.reflect.NativeConstructorAccessorImpl.newInstance0(Native Method)
	at sun.reflect.NativeConstructorAccessorImpl.newInstance(NativeConstructorAccessorImpl.java:62)
	at sun.reflect.DelegatingConstructorAccessorImpl.newInstance(DelegatingConstructorAccessorImpl.java:45)
	at java.lang.reflect.Constructor.newInstance(Constructor.java:423)
	at ptolemy.util.test.junit.AutoKnownFailedTests.RunModel(AutoKnownFailedTests.java:107)
	at sun.reflect.NativeMethodAccessorImpl.invoke0(Native Method)
	at sun.reflect.NativeMethodAccessorImpl.invoke(NativeMethodAccessorImpl.java:62)
	at sun.reflect.DelegatingMethodAccessorImpl.invoke(DelegatingMethodAccessorImpl.java:43)
	at java.lang.reflect.Method.invoke(Method.java:498)
	at org.junit.runners.model.FrameworkMethod$1.runReflectiveCall(FrameworkMethod.java:44)
	at org.junit.internal.runners.model.ReflectiveCallable.run(ReflectiveCallable.java:15)
	at org.junit.runners.model.FrameworkMethod.invokeExplosively(FrameworkMethod.java:41)
	at junitparams.internal.InvokeParameterisedMethod.evaluate(InvokeParameterisedMethod.java:102)
	at org.junit.internal.runners.statements.FailOnTimeout$1.run(FailOnTimeout.java:28)
Caused by: ptolemy.kernel.util.IllegalActionException: initialize() was called after wrapup() was called but preinitialize() was not called after wrapup().
	at ptolemy.actor.lib.hoc.test.PreinitializeMustBeInvoked.initialize(PreinitializeMustBeInvoked.java:78)
	at ptolemy.actor.Director.initialize(Director.java:938)
	at ptolemy.actor.Director.initialize(Director.java:907)
	at ptolemy.actor.sched.StaticSchedulingDirector.initialize(StaticSchedulingDirector.java:159)
	at ptolemy.domains.sdf.kernel.SDFDirector.initialize(SDFDirector.java:544)
	at ptolemy.actor.CompositeActor.initialize(CompositeActor.java:935)
	at ptolemy.actor.lib.hoc.LifeCycleManager._executeInsideModel(LifeCycleManager.java:339)
	at ptolemy.actor.lib.hoc.RunCompositeActor.fire(RunCompositeActor.java:205)
	at ptolemy.actor.CompositeActor.iterate(CompositeActor.java:1146)
	at ptolemy.actor.sched.StaticSchedulingDirector.fire(StaticSchedulingDirector.java:216)
	at ptolemy.domains.sdf.kernel.SDFDirector.fire(SDFDirector.java:500)
	at ptolemy.actor.CompositeActor.fire(CompositeActor.java:455)
	at ptolemy.actor.Manager.iterate(Manager.java:851)
	at ptolemy.actor.Manager.execute(Manager.java:369)
	at ptolemy.actor.Manager.run(Manager.java:1263)
	at ptolemy.actor.Manager$PtolemyRunThread.run(Manager.java:1915)
java.lang.RuntimeException: Execution failed
	at ptolemy.moml.MoMLSimpleApplication$UnloadThread.run(MoMLSimpleApplication.java:402)
Caused by: ptolemy.kernel.util.IllegalActionException: Inside thread was interrupted.
  in .MulticoreExecution.ThreadedComposite.ThreadedDirector
	at ptolemy.actor.lib.hoc.ThreadedComposite$ThreadedDirector.fire(ThreadedComposite.java:646)
	at ptolemy.actor.CompositeActor.fire(CompositeActor.java:455)
	at ptolemy.actor.sched.FixedPointDirector._fireActor(FixedPointDirector.java:768)
	at ptolemy.actor.sched.FixedPointDirector.fire(FixedPointDirector.java:244)
	at ptolemy.actor.CompositeActor.fire(CompositeActor.java:455)
	at ptolemy.actor.Manager.iterate(Manager.java:851)
	at ptolemy.actor.Manager.execute(Manager.java:369)
	at ptolemy.actor.Manager.run(Manager.java:1263)
	at ptolemy.actor.Manager$PtolemyRunThread.run(Manager.java:1915)
]]></system-err>
</testsuite>
