<?xml version="1.0" encoding="UTF-8" ?>
<testsuite errors="0" failures="0" hostname="travis-job-1bb0fa1a-054e-461d-96b0-32488af0be85" name="ptolemy.domains.sdf.lib.test.junit.JUnitTclTest" skipped="0" tests="82" time="12.087" timestamp="2018-05-10T04:29:02">
  <properties>
[...]
</properties>
  <testcase classname="ptolemy.util.test.junit.TclTests" name="[0] /home/travis/build/icyphy/ptII/ptolemy/domains/sdf/lib/test/ArrayToSequence.tcl (RunTclFile)" time="0.639" />
  <testcase classname="ptolemy.util.test.junit.TclTests" name="[1] /home/travis/build/icyphy/ptII/ptolemy/domains/sdf/lib/test/BitsToInt.tcl (RunTclFile)" time="0.05" />
  <testcase classname="ptolemy.util.test.junit.TclTests" name="[2] /home/travis/build/icyphy/ptII/ptolemy/domains/sdf/lib/test/DelayLine.tcl (RunTclFile)" time="0.025" />
  <testcase classname="ptolemy.util.test.junit.TclTests" name="[3] /home/travis/build/icyphy/ptII/ptolemy/domains/sdf/lib/test/FFT.tcl (RunTclFile)" time="0.027" />
  <testcase classname="ptolemy.util.test.junit.TclTests" name="[4] /home/travis/build/icyphy/ptII/ptolemy/domains/sdf/lib/test/FIR.tcl (RunTclFile)" time="0.137" />
  <testcase classname="ptolemy.util.test.junit.TclTests" name="[5] /home/travis/build/icyphy/ptII/ptolemy/domains/sdf/lib/test/IntToBits.tcl (RunTclFile)" time="0.039" />
  <testcase classname="ptolemy.util.test.junit.TclTests" name="[6] /home/travis/build/icyphy/ptII/ptolemy/domains/sdf/lib/test/MaximumEntropySpectrum.tcl (RunTclFile)" time="0.368" />
  <testcase classname="ptolemy.util.test.junit.TclTests" name="[7] /home/travis/build/icyphy/ptII/ptolemy/domains/sdf/lib/test/Repeat.tcl (RunTclFile)" time="0.027" />
  <testcase classname="ptolemy.util.test.junit.TclTests" name="[8] /home/travis/build/icyphy/ptII/ptolemy/domains/sdf/lib/test/SampleDelay.tcl (RunTclFile)" time="0.048" />
  <testcase classname="ptolemy.util.test.junit.TclTests" name="[9] /home/travis/build/icyphy/ptII/ptolemy/domains/sdf/lib/test/SequenceToArray.tcl (RunTclFile)" time="0.081" />
  <testcase classname="ptolemy.util.test.junit.AutoKnownFailedTests" name="[0] ThereAreNoKnowFailedTests (RunModel)" time="0.001" />
  <testcase classname="ptolemy.util.test.junit.AutoNameArchTests" name="[0] ThereAreNoAutoTests (RunModel)" time="0.001" />
  <testcase classname="ptolemy.util.test.junit.AutoTests" name="[0] /home/travis/build/icyphy/ptII/ptolemy/domains/sdf/lib/test/auto/ArrayToSequence.xml (RunModel)" time="0.237" />
  <testcase classname="ptolemy.util.test.junit.AutoTests" name="[1] /home/travis/build/icyphy/ptII/ptolemy/domains/sdf/lib/test/auto/ArrayToSequenceTest.xml (RunModel)" time="0.075" />
  <testcase classname="ptolemy.util.test.junit.AutoTests" name="[2] /home/travis/build/icyphy/ptII/ptolemy/domains/sdf/lib/test/auto/Autocorrelation.xml (RunModel)" time="0.043" />
  <testcase classname="ptolemy.util.test.junit.AutoTests" name="[3] /home/travis/build/icyphy/ptII/ptolemy/domains/sdf/lib/test/auto/Autocorrelation2.xml (RunModel)" time="0.029" />
  <testcase classname="ptolemy.util.test.junit.AutoTests" name="[4] /home/travis/build/icyphy/ptII/ptolemy/domains/sdf/lib/test/auto/Autocorrelation3.xml (RunModel)" time="0.023" />
  <testcase classname="ptolemy.util.test.junit.AutoTests" name="[5] /home/travis/build/icyphy/ptII/ptolemy/domains/sdf/lib/test/auto/Autocorrelation4.xml (RunModel)" time="0.068" />
  <testcase classname="ptolemy.util.test.junit.AutoTests" name="[6] /home/travis/build/icyphy/ptII/ptolemy/domains/sdf/lib/test/auto/Autocorrelation5.xml (RunModel)" time="0.09" />
  <testcase classname="ptolemy.util.test.junit.AutoTests" name="[7] /home/travis/build/icyphy/ptII/ptolemy/domains/sdf/lib/test/auto/BitsToInt.xml (RunModel)" time="0.02" />
  <testcase classname="ptolemy.util.test.junit.AutoTests" name="[8] /home/travis/build/icyphy/ptII/ptolemy/domains/sdf/lib/test/auto/BooleanJoin.xml (RunModel)" time="0.04" />
  <testcase classname="ptolemy.util.test.junit.AutoTests" name="[9] /home/travis/build/icyphy/ptII/ptolemy/domains/sdf/lib/test/auto/BootstrapSampleDelay.xml (RunModel)" time="0.032" />
  <testcase classname="ptolemy.util.test.junit.AutoTests" name="[10] /home/travis/build/icyphy/ptII/ptolemy/domains/sdf/lib/test/auto/Chop.xml (RunModel)" time="0.07" />
  <testcase classname="ptolemy.util.test.junit.AutoTests" name="[11] /home/travis/build/icyphy/ptII/ptolemy/domains/sdf/lib/test/auto/Chop2.xml (RunModel)" time="0.04" />
  <testcase classname="ptolemy.util.test.junit.AutoTests" name="[12] /home/travis/build/icyphy/ptII/ptolemy/domains/sdf/lib/test/auto/ComplexJoin.xml (RunModel)" time="0.035" />
  <testcase classname="ptolemy.util.test.junit.AutoTests" name="[13] /home/travis/build/icyphy/ptII/ptolemy/domains/sdf/lib/test/auto/CountTrues.xml (RunModel)" time="0.027" />
  <testcase classname="ptolemy.util.test.junit.AutoTests" name="[14] /home/travis/build/icyphy/ptII/ptolemy/domains/sdf/lib/test/auto/DelayLine.xml (RunModel)" time="0.089" />
  <testcase classname="ptolemy.util.test.junit.AutoTests" name="[15] /home/travis/build/icyphy/ptII/ptolemy/domains/sdf/lib/test/auto/DotProduct.xml (RunModel)" time="0.054" />
  <testcase classname="ptolemy.util.test.junit.AutoTests" name="[16] /home/travis/build/icyphy/ptII/ptolemy/domains/sdf/lib/test/auto/DotProductMatrix.xml (RunModel)" time="0.037" />
  <testcase classname="ptolemy.util.test.junit.AutoTests" name="[17] /home/travis/build/icyphy/ptII/ptolemy/domains/sdf/lib/test/auto/DownSample1.xml (RunModel)" time="0.05" />
  <testcase classname="ptolemy.util.test.junit.AutoTests" name="[18] /home/travis/build/icyphy/ptII/ptolemy/domains/sdf/lib/test/auto/DynamicRateChange.xml (RunModel)" time="0.073" />
  <testcase classname="ptolemy.util.test.junit.AutoTests" name="[19] /home/travis/build/icyphy/ptII/ptolemy/domains/sdf/lib/test/auto/DynamicRates.xml (RunModel)" time="0.055" />
  <testcase classname="ptolemy.util.test.junit.AutoTests" name="[20] /home/travis/build/icyphy/ptII/ptolemy/domains/sdf/lib/test/auto/FFT1.xml (RunModel)" time="0.06" />
  <testcase classname="ptolemy.util.test.junit.AutoTests" name="[21] /home/travis/build/icyphy/ptII/ptolemy/domains/sdf/lib/test/auto/FIR1.xml (RunModel)" time="0.086" />
  <testcase classname="ptolemy.util.test.junit.AutoTests" name="[22] /home/travis/build/icyphy/ptII/ptolemy/domains/sdf/lib/test/auto/FIR2.xml (RunModel)" time="0.034" />
  <testcase classname="ptolemy.util.test.junit.AutoTests" name="[23] /home/travis/build/icyphy/ptII/ptolemy/domains/sdf/lib/test/auto/FIR4.xml (RunModel)" time="0.067" />
  <testcase classname="ptolemy.util.test.junit.AutoTests" name="[24] /home/travis/build/icyphy/ptII/ptolemy/domains/sdf/lib/test/auto/FixJoin.xml (RunModel)" time="0.056" />
  <testcase classname="ptolemy.util.test.junit.AutoTests" name="[25] /home/travis/build/icyphy/ptII/ptolemy/domains/sdf/lib/test/auto/IntJoin1.xml (RunModel)" time="0.041" />
  <testcase classname="ptolemy.util.test.junit.AutoTests" name="[26] /home/travis/build/icyphy/ptII/ptolemy/domains/sdf/lib/test/auto/IntJoin2.xml (RunModel)" time="0.041" />
  <testcase classname="ptolemy.util.test.junit.AutoTests" name="[27] /home/travis/build/icyphy/ptII/ptolemy/domains/sdf/lib/test/auto/IntJoin3.xml (RunModel)" time="0.035" />
  <testcase classname="ptolemy.util.test.junit.AutoTests" name="[28] /home/travis/build/icyphy/ptII/ptolemy/domains/sdf/lib/test/auto/IntJoin4.xml (RunModel)" time="0.037" />
  <testcase classname="ptolemy.util.test.junit.AutoTests" name="[29] /home/travis/build/icyphy/ptII/ptolemy/domains/sdf/lib/test/auto/IntJoin5.xml (RunModel)" time="0.049" />
  <testcase classname="ptolemy.util.test.junit.AutoTests" name="[30] /home/travis/build/icyphy/ptII/ptolemy/domains/sdf/lib/test/auto/IntToBits.xml (RunModel)" time="0.05" />
  <testcase classname="ptolemy.util.test.junit.AutoTests" name="[31] /home/travis/build/icyphy/ptII/ptolemy/domains/sdf/lib/test/auto/LMSAdaptive.xml (RunModel)" time="0.148" />
  <testcase classname="ptolemy.util.test.junit.AutoTests" name="[32] /home/travis/build/icyphy/ptII/ptolemy/domains/sdf/lib/test/auto/LMSAdaptiveFIR.xml (RunModel)" time="0.546" />
  <testcase classname="ptolemy.util.test.junit.AutoTests" name="[33] /home/travis/build/icyphy/ptII/ptolemy/domains/sdf/lib/test/auto/LMSAdaptiveFIR2.xml (RunModel)" time="0.723" />
  <testcase classname="ptolemy.util.test.junit.AutoTests" name="[34] /home/travis/build/icyphy/ptII/ptolemy/domains/sdf/lib/test/auto/LongJoin.xml (RunModel)" time="0.036" />
  <testcase classname="ptolemy.util.test.junit.AutoTests" name="[35] /home/travis/build/icyphy/ptII/ptolemy/domains/sdf/lib/test/auto/Matrix1.xml (RunModel)" time="0.026" />
  <testcase classname="ptolemy.util.test.junit.AutoTests" name="[36] /home/travis/build/icyphy/ptII/ptolemy/domains/sdf/lib/test/auto/Matrix2.xml (RunModel)" time="0.028" />
  <testcase classname="ptolemy.util.test.junit.AutoTests" name="[37] /home/travis/build/icyphy/ptII/ptolemy/domains/sdf/lib/test/auto/MatrixJoin1.xml (RunModel)" time="0.05" />
  <testcase classname="ptolemy.util.test.junit.AutoTests" name="[38] /home/travis/build/icyphy/ptII/ptolemy/domains/sdf/lib/test/auto/MatrixJoin2.xml (RunModel)" time="0.043" />
  <testcase classname="ptolemy.util.test.junit.AutoTests" name="[39] /home/travis/build/icyphy/ptII/ptolemy/domains/sdf/lib/test/auto/MatrixJoin3.xml (RunModel)" time="0.029" />
  <testcase classname="ptolemy.util.test.junit.AutoTests" name="[40] /home/travis/build/icyphy/ptII/ptolemy/domains/sdf/lib/test/auto/MatrixJoin4.xml (RunModel)" time="0.033" />
  <testcase classname="ptolemy.util.test.junit.AutoTests" name="[41] /home/travis/build/icyphy/ptII/ptolemy/domains/sdf/lib/test/auto/MatrixJoin5.xml (RunModel)" time="0.026" />
  <testcase classname="ptolemy.util.test.junit.AutoTests" name="[42] /home/travis/build/icyphy/ptII/ptolemy/domains/sdf/lib/test/auto/MatrixSplit1.xml (RunModel)" time="0.035" />
  <testcase classname="ptolemy.util.test.junit.AutoTests" name="[43] /home/travis/build/icyphy/ptII/ptolemy/domains/sdf/lib/test/auto/MatrixSplit10.xml (RunModel)" time="0.026" />
  <testcase classname="ptolemy.util.test.junit.AutoTests" name="[44] /home/travis/build/icyphy/ptII/ptolemy/domains/sdf/lib/test/auto/MatrixSplit11.xml (RunModel)" time="0.026" />
  <testcase classname="ptolemy.util.test.junit.AutoTests" name="[45] /home/travis/build/icyphy/ptII/ptolemy/domains/sdf/lib/test/auto/MatrixSplit12.xml (RunModel)" time="0.032" />
  <testcase classname="ptolemy.util.test.junit.AutoTests" name="[46] /home/travis/build/icyphy/ptII/ptolemy/domains/sdf/lib/test/auto/MatrixSplit13.xml (RunModel)" time="0.044" />
  <testcase classname="ptolemy.util.test.junit.AutoTests" name="[47] /home/travis/build/icyphy/ptII/ptolemy/domains/sdf/lib/test/auto/MatrixSplit14.xml (RunModel)" time="0.025" />
  <testcase classname="ptolemy.util.test.junit.AutoTests" name="[48] /home/travis/build/icyphy/ptII/ptolemy/domains/sdf/lib/test/auto/MatrixSplit2.xml (RunModel)" time="0.023" />
  <testcase classname="ptolemy.util.test.junit.AutoTests" name="[49] /home/travis/build/icyphy/ptII/ptolemy/domains/sdf/lib/test/auto/MatrixSplit3.xml (RunModel)" time="0.027" />
  <testcase classname="ptolemy.util.test.junit.AutoTests" name="[50] /home/travis/build/icyphy/ptII/ptolemy/domains/sdf/lib/test/auto/MatrixSplit4.xml (RunModel)" time="0.036" />
  <testcase classname="ptolemy.util.test.junit.AutoTests" name="[51] /home/travis/build/icyphy/ptII/ptolemy/domains/sdf/lib/test/auto/MatrixSplit5.xml (RunModel)" time="0.025" />
  <testcase classname="ptolemy.util.test.junit.AutoTests" name="[52] /home/travis/build/icyphy/ptII/ptolemy/domains/sdf/lib/test/auto/MatrixSplit6.xml (RunModel)" time="0.026" />
  <testcase classname="ptolemy.util.test.junit.AutoTests" name="[53] /home/travis/build/icyphy/ptII/ptolemy/domains/sdf/lib/test/auto/MatrixSplit7.xml (RunModel)" time="0.019" />
  <testcase classname="ptolemy.util.test.junit.AutoTests" name="[54] /home/travis/build/icyphy/ptII/ptolemy/domains/sdf/lib/test/auto/MatrixSplit8.xml (RunModel)" time="0.018" />
  <testcase classname="ptolemy.util.test.junit.AutoTests" name="[55] /home/travis/build/icyphy/ptII/ptolemy/domains/sdf/lib/test/auto/MatrixSplit9.xml (RunModel)" time="0.045" />
  <testcase classname="ptolemy.util.test.junit.AutoTests" name="[56] /home/travis/build/icyphy/ptII/ptolemy/domains/sdf/lib/test/auto/MatrixToSequence.xml (RunModel)" time="0.05" />
  <testcase classname="ptolemy.util.test.junit.AutoTests" name="[57] /home/travis/build/icyphy/ptII/ptolemy/domains/sdf/lib/test/auto/MaximumEntropySpectrum.xml (RunModel)" time="0.139" />
  <testcase classname="ptolemy.util.test.junit.AutoTests" name="[58] /home/travis/build/icyphy/ptII/ptolemy/domains/sdf/lib/test/auto/SampleDelayConversion.xml (RunModel)" time="0.031" />
  <testcase classname="ptolemy.util.test.junit.AutoTests" name="[59] /home/travis/build/icyphy/ptII/ptolemy/domains/sdf/lib/test/auto/SequenceToArray.xml (RunModel)" time="0.075" />
  <testcase classname="ptolemy.util.test.junit.AutoTests" name="[60] /home/travis/build/icyphy/ptII/ptolemy/domains/sdf/lib/test/auto/SequenceToMatrix.xml (RunModel)" time="5.459" />
  <testcase classname="ptolemy.util.test.junit.AutoTests" name="[61] /home/travis/build/icyphy/ptII/ptolemy/domains/sdf/lib/test/auto/SmoothedPeriodogram.xml (RunModel)" time="0.088" />
  <testcase classname="ptolemy.util.test.junit.AutoTests" name="[62] /home/travis/build/icyphy/ptII/ptolemy/domains/sdf/lib/test/auto/UpDownSample1.xml (RunModel)" time="0.027" />
  <testcase classname="ptolemy.util.test.junit.AutoTests" name="[63] /home/travis/build/icyphy/ptII/ptolemy/domains/sdf/lib/test/auto/UpSample1.xml (RunModel)" time="0.029" />
  <testcase classname="ptolemy.util.test.junit.AutoTests" name="[64] /home/travis/build/icyphy/ptII/ptolemy/domains/sdf/lib/test/auto/VariableFIR.xml (RunModel)" time="0.051" />
  <testcase classname="ptolemy.util.test.junit.AutoTests" name="[65] /home/travis/build/icyphy/ptII/ptolemy/domains/sdf/lib/test/auto/VariableFIR2.xml (RunModel)" time="0.035" />
  <testcase classname="ptolemy.util.test.junit.AutoTests" name="[66] /home/travis/build/icyphy/ptII/ptolemy/domains/sdf/lib/test/auto/VariableLattice.xml (RunModel)" time="0.048" />
  <testcase classname="ptolemy.util.test.junit.AutoTests" name="[67] /home/travis/build/icyphy/ptII/ptolemy/domains/sdf/lib/test/auto/VariableLattice2.xml (RunModel)" time="0.026" />
  <testcase classname="ptolemy.util.test.junit.AutoTests" name="[68] /home/travis/build/icyphy/ptII/ptolemy/domains/sdf/lib/test/auto/VariableRecursiveLattice.xml (RunModel)" time="0.032" />
  <testcase classname="ptolemy.util.test.junit.AutoTests" name="[69] /home/travis/build/icyphy/ptII/ptolemy/domains/sdf/lib/test/auto/VariableRecursiveLattice2.xml (RunModel)" time="0.022" />
  <system-out><![CDATA[/home/travis/build/icyphy/ptII/ptolemy/domains/sdf/lib/test/ArrayToSequence.tcl
testDefs.tcl: setting time out to 9000 seconds at Thu May 10 04:29:02 UTC 2018
59 ms. Memory: 116224K Free: 85504K (74%)
19 ms. Memory: 116224K Free: 110122K (95%)
15 ms. Memory: 116224K Free: 107736K (93%)
28 ms. Memory: 116224K Free: 106542K (92%)
/home/travis/build/icyphy/ptII/ptolemy/domains/sdf/lib/test/BitsToInt.tcl
11 ms. Memory: 116224K Free: 104740K (90%)
9 ms. Memory: 116224K Free: 102947K (89%)
/home/travis/build/icyphy/ptII/ptolemy/domains/sdf/lib/test/DelayLine.tcl
8 ms. Memory: 116224K Free: 101145K (87%)
/home/travis/build/icyphy/ptII/ptolemy/domains/sdf/lib/test/FFT.tcl
12 ms. Memory: 116224K Free: 99367K (85%)
/home/travis/build/icyphy/ptII/ptolemy/domains/sdf/lib/test/FIR.tcl
23 ms. Memory: 116224K Free: 97542K (84%)
13 ms. Memory: 116224K Free: 96341K (83%)
ptolemy.kernel.util.IllegalActionException: multiplyReverse method not supported between ptolemy.data.FixToken 'fix(-0.0625,6,2)' and ptolemy.data.IntToken '1' because the types are incomparable.
  in .top.FIRclone
Because:
multiplyReverse method not supported between ptolemy.data.FixToken 'fix(-0.0625,6,2)' and ptolemy.data.IntToken '1' because the types are incomparable.
22 ms. Memory: 116224K Free: 93931K (81%)
/home/travis/build/icyphy/ptII/ptolemy/domains/sdf/lib/test/IntToBits.tcl
6 ms. Memory: 116224K Free: 92121K (79%)
6 ms. Memory: 116224K Free: 90327K (78%)
/home/travis/build/icyphy/ptII/ptolemy/domains/sdf/lib/test/MaximumEntropySpectrum.tcl
/home/travis/build/icyphy/ptII/ptolemy/domains/sdf/lib/test/Repeat.tcl
8 ms. Memory: 146944K Free: 120504K (82%)
/home/travis/build/icyphy/ptII/ptolemy/domains/sdf/lib/test/SampleDelay.tcl
6 ms. Memory: 146944K Free: 119288K (81%)
5 ms. Memory: 146944K Free: 118087K (80%)
4 ms. Memory: 146944K Free: 115642K (79%)
5 ms. Memory: 146944K Free: 115642K (79%)
3 ms. Memory: 146944K Free: 114442K (78%)
1 ms. Memory: 146944K Free: 114442K (78%)
/home/travis/build/icyphy/ptII/ptolemy/domains/sdf/lib/test/SequenceToArray.tcl
9 ms. Memory: 146944K Free: 112025K (76%)
14 ms. Memory: 146944K Free: 112025K (76%)
7 ms. Memory: 146944K Free: 109608K (75%)
14 ms. Memory: 146944K Free: 108408K (74%)
05/10/18 04:29:04
Failed: 0  Total Tests: 41  ((Passed: 41, Newly Passed: 0)  Known Failed: 0) /home/travis/build/icyphy/ptII/ptolemy/domains/sdf/lib/test
No auto/knownFailedTests/*.xml tests in /home/travis/build/icyphy/ptII/ptolemy/domains/sdf/lib/test
No auto/*.xml tests in /home/travis/build/icyphy/ptII/ptolemy/domains/sdf/lib/test
AutoTests.java: About to close Vertx.
AutoTests.java: Vertx closed.
----------------- testing Thu May 10 04:29:04 UTC 2018 /home/travis/build/icyphy/ptII/ptolemy/domains/sdf/lib/test/auto/ArrayToSequence.xml
----------------- Instantiating /home/travis/build/icyphy/ptII/ptolemy/domains/sdf/lib/test/auto/ArrayToSequence.xml
44 ms. Memory: 146944K Free: 127571K (87%)
----------------- Invoking toplevel() on ptolemy.moml.MoMLSimpleApplication@5fc65a8e
----------------- Done invoking toplevel() on ptolemy.moml.MoMLSimpleApplication@5fc65a8e
reloadAllAccessors: .ArrayToSequence
----------------- testing Thu May 10 04:29:04 UTC 2018 /home/travis/build/icyphy/ptII/ptolemy/domains/sdf/lib/test/auto/ArrayToSequenceTest.xml
----------------- Instantiating /home/travis/build/icyphy/ptII/ptolemy/domains/sdf/lib/test/auto/ArrayToSequenceTest.xml
10 ms. Memory: 146944K Free: 119714K (81%)
----------------- Invoking toplevel() on ptolemy.moml.MoMLSimpleApplication@21c99d4e
----------------- Done invoking toplevel() on ptolemy.moml.MoMLSimpleApplication@21c99d4e
reloadAllAccessors: .ArrayToSequenceTest
----------------- testing Thu May 10 04:29:04 UTC 2018 /home/travis/build/icyphy/ptII/ptolemy/domains/sdf/lib/test/auto/Autocorrelation.xml
----------------- Instantiating /home/travis/build/icyphy/ptII/ptolemy/domains/sdf/lib/test/auto/Autocorrelation.xml
5 ms. Memory: 146944K Free: 115128K (78%)
----------------- Invoking toplevel() on ptolemy.moml.MoMLSimpleApplication@23a680b0
----------------- Done invoking toplevel() on ptolemy.moml.MoMLSimpleApplication@23a680b0
reloadAllAccessors: .Autocorrelation
----------------- testing Thu May 10 04:29:04 UTC 2018 /home/travis/build/icyphy/ptII/ptolemy/domains/sdf/lib/test/auto/Autocorrelation2.xml
----------------- Instantiating /home/travis/build/icyphy/ptII/ptolemy/domains/sdf/lib/test/auto/Autocorrelation2.xml
5 ms. Memory: 146944K Free: 110494K (75%)
----------------- Invoking toplevel() on ptolemy.moml.MoMLSimpleApplication@4c364052
----------------- Done invoking toplevel() on ptolemy.moml.MoMLSimpleApplication@4c364052
reloadAllAccessors: .Autocorrelation2
----------------- testing Thu May 10 04:29:04 UTC 2018 /home/travis/build/icyphy/ptII/ptolemy/domains/sdf/lib/test/auto/Autocorrelation3.xml
----------------- Instantiating /home/travis/build/icyphy/ptII/ptolemy/domains/sdf/lib/test/auto/Autocorrelation3.xml
4 ms. Memory: 146944K Free: 105215K (72%)
----------------- Invoking toplevel() on ptolemy.moml.MoMLSimpleApplication@25c75438
----------------- Done invoking toplevel() on ptolemy.moml.MoMLSimpleApplication@25c75438
reloadAllAccessors: .Autocorrelation3
----------------- testing Thu May 10 04:29:04 UTC 2018 /home/travis/build/icyphy/ptII/ptolemy/domains/sdf/lib/test/auto/Autocorrelation4.xml
----------------- Instantiating /home/travis/build/icyphy/ptII/ptolemy/domains/sdf/lib/test/auto/Autocorrelation4.xml
15 ms. Memory: 146944K Free: 100533K (68%)
----------------- Invoking toplevel() on ptolemy.moml.MoMLSimpleApplication@31f47de8
----------------- Done invoking toplevel() on ptolemy.moml.MoMLSimpleApplication@31f47de8
reloadAllAccessors: .Autocorrelation4
----------------- testing Thu May 10 04:29:04 UTC 2018 /home/travis/build/icyphy/ptII/ptolemy/domains/sdf/lib/test/auto/Autocorrelation5.xml
----------------- Instantiating /home/travis/build/icyphy/ptII/ptolemy/domains/sdf/lib/test/auto/Autocorrelation5.xml
51 ms. Memory: 146944K Free: 93433K (64%)
----------------- Invoking toplevel() on ptolemy.moml.MoMLSimpleApplication@1802c033
----------------- Done invoking toplevel() on ptolemy.moml.MoMLSimpleApplication@1802c033
reloadAllAccessors: .Autocorrelation5
----------------- testing Thu May 10 04:29:05 UTC 2018 /home/travis/build/icyphy/ptII/ptolemy/domains/sdf/lib/test/auto/BitsToInt.xml
----------------- Instantiating /home/travis/build/icyphy/ptII/ptolemy/domains/sdf/lib/test/auto/BitsToInt.xml
3 ms. Memory: 146944K Free: 88917K (61%)
----------------- Invoking toplevel() on ptolemy.moml.MoMLSimpleApplication@3a25ab17
----------------- Done invoking toplevel() on ptolemy.moml.MoMLSimpleApplication@3a25ab17
reloadAllAccessors: .BitsToInt
----------------- testing Thu May 10 04:29:05 UTC 2018 /home/travis/build/icyphy/ptII/ptolemy/domains/sdf/lib/test/auto/BooleanJoin.xml
----------------- Instantiating /home/travis/build/icyphy/ptII/ptolemy/domains/sdf/lib/test/auto/BooleanJoin.xml
4 ms. Memory: 146944K Free: 84267K (57%)
----------------- Invoking toplevel() on ptolemy.moml.MoMLSimpleApplication@3db8ca65
----------------- Done invoking toplevel() on ptolemy.moml.MoMLSimpleApplication@3db8ca65
reloadAllAccessors: .BooleanJoin
----------------- testing Thu May 10 04:29:05 UTC 2018 /home/travis/build/icyphy/ptII/ptolemy/domains/sdf/lib/test/auto/BootstrapSampleDelay.xml
----------------- Instantiating /home/travis/build/icyphy/ptII/ptolemy/domains/sdf/lib/test/auto/BootstrapSampleDelay.xml
6 ms. Memory: 146944K Free: 80524K (55%)
----------------- Invoking toplevel() on ptolemy.moml.MoMLSimpleApplication@5da46601
----------------- Done invoking toplevel() on ptolemy.moml.MoMLSimpleApplication@5da46601
reloadAllAccessors: .BootstrapSampleDelay
----------------- testing Thu May 10 04:29:05 UTC 2018 /home/travis/build/icyphy/ptII/ptolemy/domains/sdf/lib/test/auto/Chop.xml
----------------- Instantiating /home/travis/build/icyphy/ptII/ptolemy/domains/sdf/lib/test/auto/Chop.xml
8 ms. Memory: 208384K Free: 193630K (93%)
----------------- Invoking toplevel() on ptolemy.moml.MoMLSimpleApplication@30dc33c1
----------------- Done invoking toplevel() on ptolemy.moml.MoMLSimpleApplication@30dc33c1
reloadAllAccessors: .Chop
----------------- testing Thu May 10 04:29:05 UTC 2018 /home/travis/build/icyphy/ptII/ptolemy/domains/sdf/lib/test/auto/Chop2.xml
----------------- Instantiating /home/travis/build/icyphy/ptII/ptolemy/domains/sdf/lib/test/auto/Chop2.xml
7 ms. Memory: 208384K Free: 185234K (89%)
----------------- Invoking toplevel() on ptolemy.moml.MoMLSimpleApplication@36a8b13
----------------- Done invoking toplevel() on ptolemy.moml.MoMLSimpleApplication@36a8b13
reloadAllAccessors: .Chop2
----------------- testing Thu May 10 04:29:05 UTC 2018 /home/travis/build/icyphy/ptII/ptolemy/domains/sdf/lib/test/auto/ComplexJoin.xml
----------------- Instantiating /home/travis/build/icyphy/ptII/ptolemy/domains/sdf/lib/test/auto/ComplexJoin.xml
4 ms. Memory: 208384K Free: 179901K (86%)
----------------- Invoking toplevel() on ptolemy.moml.MoMLSimpleApplication@69c11d0a
----------------- Done invoking toplevel() on ptolemy.moml.MoMLSimpleApplication@69c11d0a
reloadAllAccessors: .ComplexJoin
----------------- testing Thu May 10 04:29:05 UTC 2018 /home/travis/build/icyphy/ptII/ptolemy/domains/sdf/lib/test/auto/CountTrues.xml
----------------- Instantiating /home/travis/build/icyphy/ptII/ptolemy/domains/sdf/lib/test/auto/CountTrues.xml
7 ms. Memory: 208384K Free: 176772K (85%)
----------------- Invoking toplevel() on ptolemy.moml.MoMLSimpleApplication@5b5b549
----------------- Done invoking toplevel() on ptolemy.moml.MoMLSimpleApplication@5b5b549
reloadAllAccessors: .CountTrues
----------------- testing Thu May 10 04:29:05 UTC 2018 /home/travis/build/icyphy/ptII/ptolemy/domains/sdf/lib/test/auto/DelayLine.xml
----------------- Instantiating /home/travis/build/icyphy/ptII/ptolemy/domains/sdf/lib/test/auto/DelayLine.xml
11 ms. Memory: 208384K Free: 171226K (82%)
----------------- Invoking toplevel() on ptolemy.moml.MoMLSimpleApplication@6b28772e
----------------- Done invoking toplevel() on ptolemy.moml.MoMLSimpleApplication@6b28772e
reloadAllAccessors: .DelayLine
----------------- testing Thu May 10 04:29:05 UTC 2018 /home/travis/build/icyphy/ptII/ptolemy/domains/sdf/lib/test/auto/DotProduct.xml
----------------- Instantiating /home/travis/build/icyphy/ptII/ptolemy/domains/sdf/lib/test/auto/DotProduct.xml
7 ms. Memory: 208384K Free: 166587K (80%)
----------------- Invoking toplevel() on ptolemy.moml.MoMLSimpleApplication@4dd1c543
----------------- Done invoking toplevel() on ptolemy.moml.MoMLSimpleApplication@4dd1c543
reloadAllAccessors: .DotProduct
----------------- testing Thu May 10 04:29:05 UTC 2018 /home/travis/build/icyphy/ptII/ptolemy/domains/sdf/lib/test/auto/DotProductMatrix.xml
----------------- Instantiating /home/travis/build/icyphy/ptII/ptolemy/domains/sdf/lib/test/auto/DotProductMatrix.xml
8 ms. Memory: 208384K Free: 163483K (78%)
----------------- Invoking toplevel() on ptolemy.moml.MoMLSimpleApplication@1fb9071d
----------------- Done invoking toplevel() on ptolemy.moml.MoMLSimpleApplication@1fb9071d
reloadAllAccessors: .DotProductMatrix
----------------- testing Thu May 10 04:29:05 UTC 2018 /home/travis/build/icyphy/ptII/ptolemy/domains/sdf/lib/test/auto/DownSample1.xml
----------------- Instantiating /home/travis/build/icyphy/ptII/ptolemy/domains/sdf/lib/test/auto/DownSample1.xml
11 ms. Memory: 208384K Free: 159748K (77%)
----------------- Invoking toplevel() on ptolemy.moml.MoMLSimpleApplication@4dfa28cf
----------------- Done invoking toplevel() on ptolemy.moml.MoMLSimpleApplication@4dfa28cf
reloadAllAccessors: .DownSample1
----------------- testing Thu May 10 04:29:05 UTC 2018 /home/travis/build/icyphy/ptII/ptolemy/domains/sdf/lib/test/auto/DynamicRateChange.xml
----------------- Instantiating /home/travis/build/icyphy/ptII/ptolemy/domains/sdf/lib/test/auto/DynamicRateChange.xml
23 ms. Memory: 208384K Free: 153555K (74%)
----------------- Invoking toplevel() on ptolemy.moml.MoMLSimpleApplication@427a322d
----------------- Done invoking toplevel() on ptolemy.moml.MoMLSimpleApplication@427a322d
reloadAllAccessors: .DynamicRateChange
----------------- testing Thu May 10 04:29:05 UTC 2018 /home/travis/build/icyphy/ptII/ptolemy/domains/sdf/lib/test/auto/DynamicRates.xml
----------------- Instantiating /home/travis/build/icyphy/ptII/ptolemy/domains/sdf/lib/test/auto/DynamicRates.xml
18 ms. Memory: 208384K Free: 146444K (70%)
----------------- Invoking toplevel() on ptolemy.moml.MoMLSimpleApplication@7ffa2730
----------------- Done invoking toplevel() on ptolemy.moml.MoMLSimpleApplication@7ffa2730
reloadAllAccessors: .DynamicRates
----------------- testing Thu May 10 04:29:05 UTC 2018 /home/travis/build/icyphy/ptII/ptolemy/domains/sdf/lib/test/auto/FFT1.xml
----------------- Instantiating /home/travis/build/icyphy/ptII/ptolemy/domains/sdf/lib/test/auto/FFT1.xml
13 ms. Memory: 208384K Free: 141528K (68%)
----------------- Invoking toplevel() on ptolemy.moml.MoMLSimpleApplication@22b3ef6b
----------------- Done invoking toplevel() on ptolemy.moml.MoMLSimpleApplication@22b3ef6b
reloadAllAccessors: .FFT1
----------------- testing Thu May 10 04:29:05 UTC 2018 /home/travis/build/icyphy/ptII/ptolemy/domains/sdf/lib/test/auto/FIR1.xml
----------------- Instantiating /home/travis/build/icyphy/ptII/ptolemy/domains/sdf/lib/test/auto/FIR1.xml
26 ms. Memory: 208384K Free: 133493K (64%)
----------------- Invoking toplevel() on ptolemy.moml.MoMLSimpleApplication@1b2334a6
----------------- Done invoking toplevel() on ptolemy.moml.MoMLSimpleApplication@1b2334a6
reloadAllAccessors: .FIR1
----------------- testing Thu May 10 04:29:05 UTC 2018 /home/travis/build/icyphy/ptII/ptolemy/domains/sdf/lib/test/auto/FIR2.xml
----------------- Instantiating /home/travis/build/icyphy/ptII/ptolemy/domains/sdf/lib/test/auto/FIR2.xml
5 ms. Memory: 208384K Free: 129806K (62%)
----------------- Invoking toplevel() on ptolemy.moml.MoMLSimpleApplication@68c93bf3
----------------- Done invoking toplevel() on ptolemy.moml.MoMLSimpleApplication@68c93bf3
reloadAllAccessors: .FIR2
----------------- testing Thu May 10 04:29:05 UTC 2018 /home/travis/build/icyphy/ptII/ptolemy/domains/sdf/lib/test/auto/FIR4.xml
----------------- Instantiating /home/travis/build/icyphy/ptII/ptolemy/domains/sdf/lib/test/auto/FIR4.xml
10 ms. Memory: 208384K Free: 119591K (57%)
----------------- Invoking toplevel() on ptolemy.moml.MoMLSimpleApplication@65100682
----------------- Done invoking toplevel() on ptolemy.moml.MoMLSimpleApplication@65100682
reloadAllAccessors: .FIR4
----------------- testing Thu May 10 04:29:05 UTC 2018 /home/travis/build/icyphy/ptII/ptolemy/domains/sdf/lib/test/auto/FixJoin.xml
----------------- Instantiating /home/travis/build/icyphy/ptII/ptolemy/domains/sdf/lib/test/auto/FixJoin.xml
4 ms. Memory: 208384K Free: 114660K (55%)
----------------- Invoking toplevel() on ptolemy.moml.MoMLSimpleApplication@7a1baa9
----------------- Done invoking toplevel() on ptolemy.moml.MoMLSimpleApplication@7a1baa9
reloadAllAccessors: .FixJoin
----------------- testing Thu May 10 04:29:06 UTC 2018 /home/travis/build/icyphy/ptII/ptolemy/domains/sdf/lib/test/auto/IntJoin1.xml
----------------- Instantiating /home/travis/build/icyphy/ptII/ptolemy/domains/sdf/lib/test/auto/IntJoin1.xml
6 ms. Memory: 208384K Free: 110325K (53%)
----------------- Invoking toplevel() on ptolemy.moml.MoMLSimpleApplication@7a83fda8
----------------- Done invoking toplevel() on ptolemy.moml.MoMLSimpleApplication@7a83fda8
reloadAllAccessors: .IntJoin1
----------------- testing Thu May 10 04:29:06 UTC 2018 /home/travis/build/icyphy/ptII/ptolemy/domains/sdf/lib/test/auto/IntJoin2.xml
----------------- Instantiating /home/travis/build/icyphy/ptII/ptolemy/domains/sdf/lib/test/auto/IntJoin2.xml
9 ms. Memory: 208384K Free: 105393K (51%)
----------------- Invoking toplevel() on ptolemy.moml.MoMLSimpleApplication@507459df
----------------- Done invoking toplevel() on ptolemy.moml.MoMLSimpleApplication@507459df
reloadAllAccessors: .IntJoin2
----------------- testing Thu May 10 04:29:06 UTC 2018 /home/travis/build/icyphy/ptII/ptolemy/domains/sdf/lib/test/auto/IntJoin3.xml
----------------- Instantiating /home/travis/build/icyphy/ptII/ptolemy/domains/sdf/lib/test/auto/IntJoin3.xml
6 ms. Memory: 208384K Free: 99527K (48%)
----------------- Invoking toplevel() on ptolemy.moml.MoMLSimpleApplication@72a3a248
----------------- Done invoking toplevel() on ptolemy.moml.MoMLSimpleApplication@72a3a248
reloadAllAccessors: .IntJoin3
----------------- testing Thu May 10 04:29:06 UTC 2018 /home/travis/build/icyphy/ptII/ptolemy/domains/sdf/lib/test/auto/IntJoin4.xml
----------------- Instantiating /home/travis/build/icyphy/ptII/ptolemy/domains/sdf/lib/test/auto/IntJoin4.xml
4 ms. Memory: 208384K Free: 95210K (46%)
----------------- Invoking toplevel() on ptolemy.moml.MoMLSimpleApplication@4463f973
----------------- Done invoking toplevel() on ptolemy.moml.MoMLSimpleApplication@4463f973
reloadAllAccessors: .IntJoin4
----------------- testing Thu May 10 04:29:06 UTC 2018 /home/travis/build/icyphy/ptII/ptolemy/domains/sdf/lib/test/auto/IntJoin5.xml
----------------- Instantiating /home/travis/build/icyphy/ptII/ptolemy/domains/sdf/lib/test/auto/IntJoin5.xml
7 ms. Memory: 208384K Free: 90893K (44%)
----------------- Invoking toplevel() on ptolemy.moml.MoMLSimpleApplication@55a5e790
----------------- Done invoking toplevel() on ptolemy.moml.MoMLSimpleApplication@55a5e790
reloadAllAccessors: .IntJoin5
----------------- testing Thu May 10 04:29:06 UTC 2018 /home/travis/build/icyphy/ptII/ptolemy/domains/sdf/lib/test/auto/IntToBits.xml
----------------- Instantiating /home/travis/build/icyphy/ptII/ptolemy/domains/sdf/lib/test/auto/IntToBits.xml
5 ms. Memory: 208384K Free: 87756K (42%)
----------------- Invoking toplevel() on ptolemy.moml.MoMLSimpleApplication@46da2f19
----------------- Done invoking toplevel() on ptolemy.moml.MoMLSimpleApplication@46da2f19
reloadAllAccessors: .IntToBits
----------------- testing Thu May 10 04:29:06 UTC 2018 /home/travis/build/icyphy/ptII/ptolemy/domains/sdf/lib/test/auto/LMSAdaptive.xml
----------------- Instantiating /home/travis/build/icyphy/ptII/ptolemy/domains/sdf/lib/test/auto/LMSAdaptive.xml
42 ms. Memory: 208384K Free: 199982K (96%)
----------------- Invoking toplevel() on ptolemy.moml.MoMLSimpleApplication@7a0c45b0
----------------- Done invoking toplevel() on ptolemy.moml.MoMLSimpleApplication@7a0c45b0
reloadAllAccessors: .LMSAdaptive
----------------- testing Thu May 10 04:29:06 UTC 2018 /home/travis/build/icyphy/ptII/ptolemy/domains/sdf/lib/test/auto/LMSAdaptiveFIR.xml
----------------- Instantiating /home/travis/build/icyphy/ptII/ptolemy/domains/sdf/lib/test/auto/LMSAdaptiveFIR.xml
383 ms. Memory: 208384K Free: 158890K (76%)
----------------- Invoking toplevel() on ptolemy.moml.MoMLSimpleApplication@3a937cdf
----------------- Done invoking toplevel() on ptolemy.moml.MoMLSimpleApplication@3a937cdf
reloadAllAccessors: .LMSAdaptiveFIR
----------------- testing Thu May 10 04:29:07 UTC 2018 /home/travis/build/icyphy/ptII/ptolemy/domains/sdf/lib/test/auto/LMSAdaptiveFIR2.xml
----------------- Instantiating /home/travis/build/icyphy/ptII/ptolemy/domains/sdf/lib/test/auto/LMSAdaptiveFIR2.xml
612 ms. Memory: 208384K Free: 97795K (47%)
----------------- Invoking toplevel() on ptolemy.moml.MoMLSimpleApplication@f1fa1a8
----------------- Done invoking toplevel() on ptolemy.moml.MoMLSimpleApplication@f1fa1a8
reloadAllAccessors: .LMSAdaptiveFIR2
----------------- testing Thu May 10 04:29:07 UTC 2018 /home/travis/build/icyphy/ptII/ptolemy/domains/sdf/lib/test/auto/LongJoin.xml
----------------- Instantiating /home/travis/build/icyphy/ptII/ptolemy/domains/sdf/lib/test/auto/LongJoin.xml
5 ms. Memory: 208384K Free: 92400K (44%)
----------------- Invoking toplevel() on ptolemy.moml.MoMLSimpleApplication@12a2338d
----------------- Done invoking toplevel() on ptolemy.moml.MoMLSimpleApplication@12a2338d
reloadAllAccessors: .LongJoin
----------------- testing Thu May 10 04:29:07 UTC 2018 /home/travis/build/icyphy/ptII/ptolemy/domains/sdf/lib/test/auto/Matrix1.xml
----------------- Instantiating /home/travis/build/icyphy/ptII/ptolemy/domains/sdf/lib/test/auto/Matrix1.xml
4 ms. Memory: 208384K Free: 88099K (42%)
----------------- Invoking toplevel() on ptolemy.moml.MoMLSimpleApplication@7ff046b8
----------------- Done invoking toplevel() on ptolemy.moml.MoMLSimpleApplication@7ff046b8
reloadAllAccessors: .Matrix1
----------------- testing Thu May 10 04:29:07 UTC 2018 /home/travis/build/icyphy/ptII/ptolemy/domains/sdf/lib/test/auto/Matrix2.xml
----------------- Instantiating /home/travis/build/icyphy/ptII/ptolemy/domains/sdf/lib/test/auto/Matrix2.xml
5 ms. Memory: 208384K Free: 83718K (40%)
----------------- Invoking toplevel() on ptolemy.moml.MoMLSimpleApplication@c1ece67
----------------- Done invoking toplevel() on ptolemy.moml.MoMLSimpleApplication@c1ece67
reloadAllAccessors: .Matrix2
----------------- testing Thu May 10 04:29:07 UTC 2018 /home/travis/build/icyphy/ptII/ptolemy/domains/sdf/lib/test/auto/MatrixJoin1.xml
----------------- Instantiating /home/travis/build/icyphy/ptII/ptolemy/domains/sdf/lib/test/auto/MatrixJoin1.xml
5 ms. Memory: 208384K Free: 78307K (38%)
----------------- Invoking toplevel() on ptolemy.moml.MoMLSimpleApplication@737b1875
----------------- Done invoking toplevel() on ptolemy.moml.MoMLSimpleApplication@737b1875
reloadAllAccessors: .MatrixJoin1
----------------- testing Thu May 10 04:29:07 UTC 2018 /home/travis/build/icyphy/ptII/ptolemy/domains/sdf/lib/test/auto/MatrixJoin2.xml
----------------- Instantiating /home/travis/build/icyphy/ptII/ptolemy/domains/sdf/lib/test/auto/MatrixJoin2.xml
3 ms. Memory: 333312K Free: 320039K (96%)
----------------- Invoking toplevel() on ptolemy.moml.MoMLSimpleApplication@4a0b34e3
----------------- Done invoking toplevel() on ptolemy.moml.MoMLSimpleApplication@4a0b34e3
reloadAllAccessors: .MatrixJoin2
----------------- testing Thu May 10 04:29:07 UTC 2018 /home/travis/build/icyphy/ptII/ptolemy/domains/sdf/lib/test/auto/MatrixJoin3.xml
----------------- Instantiating /home/travis/build/icyphy/ptII/ptolemy/domains/sdf/lib/test/auto/MatrixJoin3.xml
2 ms. Memory: 333312K Free: 311757K (94%)
----------------- Invoking toplevel() on ptolemy.moml.MoMLSimpleApplication@3f9c1a9e
----------------- Done invoking toplevel() on ptolemy.moml.MoMLSimpleApplication@3f9c1a9e
reloadAllAccessors: .MatrixJoin3
----------------- testing Thu May 10 04:29:07 UTC 2018 /home/travis/build/icyphy/ptII/ptolemy/domains/sdf/lib/test/auto/MatrixJoin4.xml
----------------- Instantiating /home/travis/build/icyphy/ptII/ptolemy/domains/sdf/lib/test/auto/MatrixJoin4.xml
10 ms. Memory: 333312K Free: 305171K (92%)
----------------- Invoking toplevel() on ptolemy.moml.MoMLSimpleApplication@6798a0f
----------------- Done invoking toplevel() on ptolemy.moml.MoMLSimpleApplication@6798a0f
reloadAllAccessors: .MatrixJoin4
----------------- testing Thu May 10 04:29:07 UTC 2018 /home/travis/build/icyphy/ptII/ptolemy/domains/sdf/lib/test/auto/MatrixJoin5.xml
----------------- Instantiating /home/travis/build/icyphy/ptII/ptolemy/domains/sdf/lib/test/auto/MatrixJoin5.xml
3 ms. Memory: 333312K Free: 298586K (90%)
----------------- Invoking toplevel() on ptolemy.moml.MoMLSimpleApplication@4fc04f17
----------------- Done invoking toplevel() on ptolemy.moml.MoMLSimpleApplication@4fc04f17
reloadAllAccessors: .MatrixJoin5
----------------- testing Thu May 10 04:29:08 UTC 2018 /home/travis/build/icyphy/ptII/ptolemy/domains/sdf/lib/test/auto/MatrixSplit1.xml
----------------- Instantiating /home/travis/build/icyphy/ptII/ptolemy/domains/sdf/lib/test/auto/MatrixSplit1.xml
5 ms. Memory: 333312K Free: 290589K (87%)
----------------- Invoking toplevel() on ptolemy.moml.MoMLSimpleApplication@a298b7e
----------------- Done invoking toplevel() on ptolemy.moml.MoMLSimpleApplication@a298b7e
reloadAllAccessors: .MatrixSplit1
----------------- testing Thu May 10 04:29:08 UTC 2018 /home/travis/build/icyphy/ptII/ptolemy/domains/sdf/lib/test/auto/MatrixSplit10.xml
----------------- Instantiating /home/travis/build/icyphy/ptII/ptolemy/domains/sdf/lib/test/auto/MatrixSplit10.xml
3 ms. Memory: 333312K Free: 285674K (86%)
----------------- Invoking toplevel() on ptolemy.moml.MoMLSimpleApplication@631d0c55
----------------- Done invoking toplevel() on ptolemy.moml.MoMLSimpleApplication@631d0c55
reloadAllAccessors: .MatrixSplit10
----------------- testing Thu May 10 04:29:08 UTC 2018 /home/travis/build/icyphy/ptII/ptolemy/domains/sdf/lib/test/auto/MatrixSplit11.xml
----------------- Instantiating /home/travis/build/icyphy/ptII/ptolemy/domains/sdf/lib/test/auto/MatrixSplit11.xml
4 ms. Memory: 333312K Free: 280758K (84%)
----------------- Invoking toplevel() on ptolemy.moml.MoMLSimpleApplication@67565d26
----------------- Done invoking toplevel() on ptolemy.moml.MoMLSimpleApplication@67565d26
reloadAllAccessors: .MatrixSplit11
----------------- testing Thu May 10 04:29:08 UTC 2018 /home/travis/build/icyphy/ptII/ptolemy/domains/sdf/lib/test/auto/MatrixSplit12.xml
----------------- Instantiating /home/travis/build/icyphy/ptII/ptolemy/domains/sdf/lib/test/auto/MatrixSplit12.xml
3 ms. Memory: 333312K Free: 275843K (83%)
----------------- Invoking toplevel() on ptolemy.moml.MoMLSimpleApplication@7aced05b
----------------- Done invoking toplevel() on ptolemy.moml.MoMLSimpleApplication@7aced05b
reloadAllAccessors: .MatrixSplit12
----------------- testing Thu May 10 04:29:08 UTC 2018 /home/travis/build/icyphy/ptII/ptolemy/domains/sdf/lib/test/auto/MatrixSplit13.xml
----------------- Instantiating /home/travis/build/icyphy/ptII/ptolemy/domains/sdf/lib/test/auto/MatrixSplit13.xml
6 ms. Memory: 333312K Free: 269517K (81%)
----------------- Invoking toplevel() on ptolemy.moml.MoMLSimpleApplication@53b25159
----------------- Done invoking toplevel() on ptolemy.moml.MoMLSimpleApplication@53b25159
reloadAllAccessors: .MatrixSplit13
----------------- testing Thu May 10 04:29:08 UTC 2018 /home/travis/build/icyphy/ptII/ptolemy/domains/sdf/lib/test/auto/MatrixSplit14.xml
----------------- Instantiating /home/travis/build/icyphy/ptII/ptolemy/domains/sdf/lib/test/auto/MatrixSplit14.xml
2 ms. Memory: 333312K Free: 264601K (79%)
----------------- Invoking toplevel() on ptolemy.moml.MoMLSimpleApplication@7528f1b3
----------------- Done invoking toplevel() on ptolemy.moml.MoMLSimpleApplication@7528f1b3
reloadAllAccessors: .MatrixSplit14
----------------- testing Thu May 10 04:29:08 UTC 2018 /home/travis/build/icyphy/ptII/ptolemy/domains/sdf/lib/test/auto/MatrixSplit2.xml
----------------- Instantiating /home/travis/build/icyphy/ptII/ptolemy/domains/sdf/lib/test/auto/MatrixSplit2.xml
3 ms. Memory: 333312K Free: 259686K (78%)
----------------- Invoking toplevel() on ptolemy.moml.MoMLSimpleApplication@2a57ecc9
----------------- Done invoking toplevel() on ptolemy.moml.MoMLSimpleApplication@2a57ecc9
reloadAllAccessors: .MatrixSplit2
----------------- testing Thu May 10 04:29:08 UTC 2018 /home/travis/build/icyphy/ptII/ptolemy/domains/sdf/lib/test/auto/MatrixSplit3.xml
----------------- Instantiating /home/travis/build/icyphy/ptII/ptolemy/domains/sdf/lib/test/auto/MatrixSplit3.xml
3 ms. Memory: 333312K Free: 253360K (76%)
----------------- Invoking toplevel() on ptolemy.moml.MoMLSimpleApplication@71602bca
----------------- Done invoking toplevel() on ptolemy.moml.MoMLSimpleApplication@71602bca
reloadAllAccessors: .MatrixSplit3
----------------- testing Thu May 10 04:29:08 UTC 2018 /home/travis/build/icyphy/ptII/ptolemy/domains/sdf/lib/test/auto/MatrixSplit4.xml
----------------- Instantiating /home/travis/build/icyphy/ptII/ptolemy/domains/sdf/lib/test/auto/MatrixSplit4.xml
4 ms. Memory: 333312K Free: 248444K (75%)
----------------- Invoking toplevel() on ptolemy.moml.MoMLSimpleApplication@68bbec25
----------------- Done invoking toplevel() on ptolemy.moml.MoMLSimpleApplication@68bbec25
reloadAllAccessors: .MatrixSplit4
----------------- testing Thu May 10 04:29:08 UTC 2018 /home/travis/build/icyphy/ptII/ptolemy/domains/sdf/lib/test/auto/MatrixSplit5.xml
----------------- Instantiating /home/travis/build/icyphy/ptII/ptolemy/domains/sdf/lib/test/auto/MatrixSplit5.xml
3 ms. Memory: 333312K Free: 243529K (73%)
----------------- Invoking toplevel() on ptolemy.moml.MoMLSimpleApplication@792c0daa
----------------- Done invoking toplevel() on ptolemy.moml.MoMLSimpleApplication@792c0daa
reloadAllAccessors: .MatrixSplit5
----------------- testing Thu May 10 04:29:08 UTC 2018 /home/travis/build/icyphy/ptII/ptolemy/domains/sdf/lib/test/auto/MatrixSplit6.xml
----------------- Instantiating /home/travis/build/icyphy/ptII/ptolemy/domains/sdf/lib/test/auto/MatrixSplit6.xml
6 ms. Memory: 333312K Free: 237203K (71%)
----------------- Invoking toplevel() on ptolemy.moml.MoMLSimpleApplication@49a22429
----------------- Done invoking toplevel() on ptolemy.moml.MoMLSimpleApplication@49a22429
reloadAllAccessors: .MatrixSplit6
----------------- testing Thu May 10 04:29:08 UTC 2018 /home/travis/build/icyphy/ptII/ptolemy/domains/sdf/lib/test/auto/MatrixSplit7.xml
----------------- Instantiating /home/travis/build/icyphy/ptII/ptolemy/domains/sdf/lib/test/auto/MatrixSplit7.xml
2 ms. Memory: 333312K Free: 232288K (70%)
----------------- Invoking toplevel() on ptolemy.moml.MoMLSimpleApplication@172c2c1a
----------------- Done invoking toplevel() on ptolemy.moml.MoMLSimpleApplication@172c2c1a
reloadAllAccessors: .MatrixSplit7
----------------- testing Thu May 10 04:29:08 UTC 2018 /home/travis/build/icyphy/ptII/ptolemy/domains/sdf/lib/test/auto/MatrixSplit8.xml
----------------- Instantiating /home/travis/build/icyphy/ptII/ptolemy/domains/sdf/lib/test/auto/MatrixSplit8.xml
3 ms. Memory: 333312K Free: 227372K (68%)
----------------- Invoking toplevel() on ptolemy.moml.MoMLSimpleApplication@752c508d
----------------- Done invoking toplevel() on ptolemy.moml.MoMLSimpleApplication@752c508d
reloadAllAccessors: .MatrixSplit8
----------------- testing Thu May 10 04:29:08 UTC 2018 /home/travis/build/icyphy/ptII/ptolemy/domains/sdf/lib/test/auto/MatrixSplit9.xml
----------------- Instantiating /home/travis/build/icyphy/ptII/ptolemy/domains/sdf/lib/test/auto/MatrixSplit9.xml
5 ms. Memory: 333312K Free: 222457K (67%)
----------------- Invoking toplevel() on ptolemy.moml.MoMLSimpleApplication@77ce3ad9
----------------- Done invoking toplevel() on ptolemy.moml.MoMLSimpleApplication@77ce3ad9
reloadAllAccessors: .MatrixSplit9
----------------- testing Thu May 10 04:29:08 UTC 2018 /home/travis/build/icyphy/ptII/ptolemy/domains/sdf/lib/test/auto/MatrixToSequence.xml
----------------- Instantiating /home/travis/build/icyphy/ptII/ptolemy/domains/sdf/lib/test/auto/MatrixToSequence.xml
5 ms. Memory: 333312K Free: 209577K (63%)
----------------- Invoking toplevel() on ptolemy.moml.MoMLSimpleApplication@24c41de1
----------------- Done invoking toplevel() on ptolemy.moml.MoMLSimpleApplication@24c41de1
reloadAllAccessors: .MatrixToSequence
----------------- testing Thu May 10 04:29:08 UTC 2018 /home/travis/build/icyphy/ptII/ptolemy/domains/sdf/lib/test/auto/MaximumEntropySpectrum.xml
----------------- Instantiating /home/travis/build/icyphy/ptII/ptolemy/domains/sdf/lib/test/auto/MaximumEntropySpectrum.xml
16 ms. Memory: 333312K Free: 184953K (55%)
----------------- Invoking toplevel() on ptolemy.moml.MoMLSimpleApplication@7b8ea233
----------------- Done invoking toplevel() on ptolemy.moml.MoMLSimpleApplication@7b8ea233
reloadAllAccessors: .MaximumEntropySpectrum
----------------- testing Thu May 10 04:29:08 UTC 2018 /home/travis/build/icyphy/ptII/ptolemy/domains/sdf/lib/test/auto/SampleDelayConversion.xml
----------------- Instantiating /home/travis/build/icyphy/ptII/ptolemy/domains/sdf/lib/test/auto/SampleDelayConversion.xml
6 ms. Memory: 333312K Free: 180037K (54%)
----------------- Invoking toplevel() on ptolemy.moml.MoMLSimpleApplication@4b6d2088
----------------- Done invoking toplevel() on ptolemy.moml.MoMLSimpleApplication@4b6d2088
reloadAllAccessors: .SampleDelayConversion
----------------- testing Thu May 10 04:29:08 UTC 2018 /home/travis/build/icyphy/ptII/ptolemy/domains/sdf/lib/test/auto/SequenceToArray.xml
----------------- Instantiating /home/travis/build/icyphy/ptII/ptolemy/domains/sdf/lib/test/auto/SequenceToArray.xml
17 ms. Memory: 333312K Free: 165503K (50%)
----------------- Invoking toplevel() on ptolemy.moml.MoMLSimpleApplication@8a5d19b
----------------- Done invoking toplevel() on ptolemy.moml.MoMLSimpleApplication@8a5d19b
reloadAllAccessors: .SequenceToArray
----------------- testing Thu May 10 04:29:08 UTC 2018 /home/travis/build/icyphy/ptII/ptolemy/domains/sdf/lib/test/auto/SequenceToMatrix.xml
----------------- Instantiating /home/travis/build/icyphy/ptII/ptolemy/domains/sdf/lib/test/auto/SequenceToMatrix.xml
5419 ms. Memory: 579072K Free: 543432K (94%)
----------------- Invoking toplevel() on ptolemy.moml.MoMLSimpleApplication@8cbb229
----------------- Done invoking toplevel() on ptolemy.moml.MoMLSimpleApplication@8cbb229
reloadAllAccessors: .SequenceToMatrix
----------------- testing Thu May 10 04:29:14 UTC 2018 /home/travis/build/icyphy/ptII/ptolemy/domains/sdf/lib/test/auto/SmoothedPeriodogram.xml
----------------- Instantiating /home/travis/build/icyphy/ptII/ptolemy/domains/sdf/lib/test/auto/SmoothedPeriodogram.xml
23 ms. Memory: 579072K Free: 519694K (90%)
----------------- Invoking toplevel() on ptolemy.moml.MoMLSimpleApplication@6b36f5c1
----------------- Done invoking toplevel() on ptolemy.moml.MoMLSimpleApplication@6b36f5c1
reloadAllAccessors: .SmoothedPeriodogram
----------------- testing Thu May 10 04:29:14 UTC 2018 /home/travis/build/icyphy/ptII/ptolemy/domains/sdf/lib/test/auto/UpDownSample1.xml
----------------- Instantiating /home/travis/build/icyphy/ptII/ptolemy/domains/sdf/lib/test/auto/UpDownSample1.xml
8 ms. Memory: 579072K Free: 513147K (89%)
----------------- Invoking toplevel() on ptolemy.moml.MoMLSimpleApplication@51b24080
----------------- Done invoking toplevel() on ptolemy.moml.MoMLSimpleApplication@51b24080
reloadAllAccessors: .UpDownSample1
----------------- testing Thu May 10 04:29:14 UTC 2018 /home/travis/build/icyphy/ptII/ptolemy/domains/sdf/lib/test/auto/UpSample1.xml
----------------- Instantiating /home/travis/build/icyphy/ptII/ptolemy/domains/sdf/lib/test/auto/UpSample1.xml
6 ms. Memory: 579072K Free: 506600K (87%)
----------------- Invoking toplevel() on ptolemy.moml.MoMLSimpleApplication@32347296
----------------- Done invoking toplevel() on ptolemy.moml.MoMLSimpleApplication@32347296
reloadAllAccessors: .UpSample1
----------------- testing Thu May 10 04:29:14 UTC 2018 /home/travis/build/icyphy/ptII/ptolemy/domains/sdf/lib/test/auto/VariableFIR.xml
----------------- Instantiating /home/travis/build/icyphy/ptII/ptolemy/domains/sdf/lib/test/auto/VariableFIR.xml
11 ms. Memory: 579072K Free: 496780K (86%)
----------------- Invoking toplevel() on ptolemy.moml.MoMLSimpleApplication@26493c6
----------------- Done invoking toplevel() on ptolemy.moml.MoMLSimpleApplication@26493c6
reloadAllAccessors: .VariableFIR
----------------- testing Thu May 10 04:29:14 UTC 2018 /home/travis/build/icyphy/ptII/ptolemy/domains/sdf/lib/test/auto/VariableFIR2.xml
----------------- Instantiating /home/travis/build/icyphy/ptII/ptolemy/domains/sdf/lib/test/auto/VariableFIR2.xml
3 ms. Memory: 579072K Free: 485001K (84%)
----------------- Invoking toplevel() on ptolemy.moml.MoMLSimpleApplication@108b47da
----------------- Done invoking toplevel() on ptolemy.moml.MoMLSimpleApplication@108b47da
reloadAllAccessors: .VariableFIR2
----------------- testing Thu May 10 04:29:14 UTC 2018 /home/travis/build/icyphy/ptII/ptolemy/domains/sdf/lib/test/auto/VariableLattice.xml
----------------- Instantiating /home/travis/build/icyphy/ptII/ptolemy/domains/sdf/lib/test/auto/VariableLattice.xml
7 ms. Memory: 579072K Free: 475181K (82%)
----------------- Invoking toplevel() on ptolemy.moml.MoMLSimpleApplication@7e91b832
----------------- Done invoking toplevel() on ptolemy.moml.MoMLSimpleApplication@7e91b832
reloadAllAccessors: .VariableLattice
----------------- testing Thu May 10 04:29:14 UTC 2018 /home/travis/build/icyphy/ptII/ptolemy/domains/sdf/lib/test/auto/VariableLattice2.xml
----------------- Instantiating /home/travis/build/icyphy/ptII/ptolemy/domains/sdf/lib/test/auto/VariableLattice2.xml
1.0
-1.999999602036
1.9099998677481
-0.9099996420674
0.205
0.0
0.0
1.0
-0.25
-0.5
0.0
0.0
0.0
0.0
4 ms. Memory: 579072K Free: 465360K (80%)
----------------- Invoking toplevel() on ptolemy.moml.MoMLSimpleApplication@705e4ae4
----------------- Done invoking toplevel() on ptolemy.moml.MoMLSimpleApplication@705e4ae4
reloadAllAccessors: .VariableLattice2
----------------- testing Thu May 10 04:29:14 UTC 2018 /home/travis/build/icyphy/ptII/ptolemy/domains/sdf/lib/test/auto/VariableRecursiveLattice.xml
----------------- Instantiating /home/travis/build/icyphy/ptII/ptolemy/domains/sdf/lib/test/auto/VariableRecursiveLattice.xml
10 ms. Memory: 579072K Free: 455540K (79%)
----------------- Invoking toplevel() on ptolemy.moml.MoMLSimpleApplication@68cdf71
----------------- Done invoking toplevel() on ptolemy.moml.MoMLSimpleApplication@68cdf71
reloadAllAccessors: .VariableRecursiveLattice
----------------- testing Thu May 10 04:29:14 UTC 2018 /home/travis/build/icyphy/ptII/ptolemy/domains/sdf/lib/test/auto/VariableRecursiveLattice2.xml
----------------- Instantiating /home/travis/build/icyphy/ptII/ptolemy/domains/sdf/lib/test/auto/VariableRecursiveLattice2.xml
2 ms. Memory: 579072K Free: 448993K (78%)
----------------- Invoking toplevel() on ptolemy.moml.MoMLSimpleApplication@79ae63e8
----------------- Done invoking toplevel() on ptolemy.moml.MoMLSimpleApplication@79ae63e8
reloadAllAccessors: .VariableRecursiveLattice2
AutoTests.java: About to close Vertx.
AutoTests.java: Vertx closed.
]]></system-out>
  <system-err><![CDATA[]]></system-err>
</testsuite>
