<?xml version="1.0" encoding="UTF-8" ?>
<testsuite errors="0" failures="0" hostname="travis-job-b812b97b-0d8f-41b6-8fb9-a9be6f810137" name="ptolemy.domains.modal.test.junit.JUnitTclTest" skipped="0" tests="148" time="10.833" timestamp="2018-05-31T20:34:29">
  <properties>
[...]
</properties>
  <testcase classname="ptolemy.util.test.junit.TclTests" name="[0] /home/travis/build/icyphy/ptII/ptolemy/domains/modal/test/SystemLevelType.tcl (RunTclFile)" time="1.827" />
  <testcase classname="ptolemy.util.test.junit.AutoKnownFailedTests" name="[0] /home/travis/build/icyphy/ptII/ptolemy/domains/modal/test/auto/knownFailedTests/CannotAnalysisWithPreemption.xml (RunModel)" time="0.188" />
  <testcase classname="ptolemy.util.test.junit.AutoNameArchTests" name="[0] ThereAreNoAutoArchTests (RunModel)" time="0.005" />
  <testcase classname="ptolemy.util.test.junit.AutoTests" name="[0] /home/travis/build/icyphy/ptII/ptolemy/domains/modal/test/auto/ABPTest.xml (RunModel)" time="0.719" />
  <testcase classname="ptolemy.util.test.junit.AutoTests" name="[1] /home/travis/build/icyphy/ptII/ptolemy/domains/modal/test/auto/ABROFlat.xml (RunModel)" time="0.106" />
  <testcase classname="ptolemy.util.test.junit.AutoTests" name="[2] /home/travis/build/icyphy/ptII/ptolemy/domains/modal/test/auto/ABROFlat2.xml (RunModel)" time="0.09" />
  <testcase classname="ptolemy.util.test.junit.AutoTests" name="[3] /home/travis/build/icyphy/ptII/ptolemy/domains/modal/test/auto/ABRO_present_hmm.xml (RunModel)" time="0.167" />
  <testcase classname="ptolemy.util.test.junit.AutoTests" name="[4] /home/travis/build/icyphy/ptII/ptolemy/domains/modal/test/auto/AMICoderExample.xml (RunModel)" time="0.062" />
  <testcase classname="ptolemy.util.test.junit.AutoTests" name="[5] /home/travis/build/icyphy/ptII/ptolemy/domains/modal/test/auto/AbsentToPresent.xml (RunModel)" time="0.021" />
  <testcase classname="ptolemy.util.test.junit.AutoTests" name="[6] /home/travis/build/icyphy/ptII/ptolemy/domains/modal/test/auto/Blending.xml (RunModel)" time="0.302" />
  <testcase classname="ptolemy.util.test.junit.AutoTests" name="[7] /home/travis/build/icyphy/ptII/ptolemy/domains/modal/test/auto/Broadcast.xml (RunModel)" time="0.048" />
  <testcase classname="ptolemy.util.test.junit.AutoTests" name="[8] /home/travis/build/icyphy/ptII/ptolemy/domains/modal/test/auto/BroadcastHierarchy.xml (RunModel)" time="0.071" />
  <testcase classname="ptolemy.util.test.junit.AutoTests" name="[9] /home/travis/build/icyphy/ptII/ptolemy/domains/modal/test/auto/BroadcastHierarchy2.xml (RunModel)" time="0.105" />
  <testcase classname="ptolemy.util.test.junit.AutoTests" name="[10] /home/travis/build/icyphy/ptII/ptolemy/domains/modal/test/auto/BroadcastHierarchy3.xml (RunModel)" time="0.138" />
  <testcase classname="ptolemy.util.test.junit.AutoTests" name="[11] /home/travis/build/icyphy/ptII/ptolemy/domains/modal/test/auto/BroadcastHierarchy4.xml (RunModel)" time="0.116" />
  <testcase classname="ptolemy.util.test.junit.AutoTests" name="[12] /home/travis/build/icyphy/ptII/ptolemy/domains/modal/test/auto/CannotAnalysisWithPreemption2.xml (RunModel)" time="0.071" />
  <testcase classname="ptolemy.util.test.junit.AutoTests" name="[13] /home/travis/build/icyphy/ptII/ptolemy/domains/modal/test/auto/CannotAnalysisWithPreemption3.xml (RunModel)" time="0.046" />
  <testcase classname="ptolemy.util.test.junit.AutoTests" name="[14] /home/travis/build/icyphy/ptII/ptolemy/domains/modal/test/auto/CannotProduce.xml (RunModel)" time="0.039" />
  <testcase classname="ptolemy.util.test.junit.AutoTests" name="[15] /home/travis/build/icyphy/ptII/ptolemy/domains/modal/test/auto/CannotProduceModal.xml (RunModel)" time="0.032" />
  <testcase classname="ptolemy.util.test.junit.AutoTests" name="[16] /home/travis/build/icyphy/ptII/ptolemy/domains/modal/test/auto/Case.xml (RunModel)" time="0.08" />
  <testcase classname="ptolemy.util.test.junit.AutoTests" name="[17] /home/travis/build/icyphy/ptII/ptolemy/domains/modal/test/auto/Case1.xml (RunModel)" time="0.029" />
  <testcase classname="ptolemy.util.test.junit.AutoTests" name="[18] /home/travis/build/icyphy/ptII/ptolemy/domains/modal/test/auto/Case2.xml (RunModel)" time="0.044" />
  <testcase classname="ptolemy.util.test.junit.AutoTests" name="[19] /home/travis/build/icyphy/ptII/ptolemy/domains/modal/test/auto/CausalityInterface1.xml (RunModel)" time="0.031" />
  <testcase classname="ptolemy.util.test.junit.AutoTests" name="[20] /home/travis/build/icyphy/ptII/ptolemy/domains/modal/test/auto/CausalityInterface10.xml (RunModel)" time="0.074" />
  <testcase classname="ptolemy.util.test.junit.AutoTests" name="[21] /home/travis/build/icyphy/ptII/ptolemy/domains/modal/test/auto/CausalityInterface11.xml (RunModel)" time="0.062" />
  <testcase classname="ptolemy.util.test.junit.AutoTests" name="[22] /home/travis/build/icyphy/ptII/ptolemy/domains/modal/test/auto/CausalityInterface12.xml (RunModel)" time="0.053" />
  <testcase classname="ptolemy.util.test.junit.AutoTests" name="[23] /home/travis/build/icyphy/ptII/ptolemy/domains/modal/test/auto/CausalityInterface13.xml (RunModel)" time="0.062" />
  <testcase classname="ptolemy.util.test.junit.AutoTests" name="[24] /home/travis/build/icyphy/ptII/ptolemy/domains/modal/test/auto/CausalityInterface14.xml (RunModel)" time="0.055" />
  <testcase classname="ptolemy.util.test.junit.AutoTests" name="[25] /home/travis/build/icyphy/ptII/ptolemy/domains/modal/test/auto/CausalityInterface2.xml (RunModel)" time="0.027" />
  <testcase classname="ptolemy.util.test.junit.AutoTests" name="[26] /home/travis/build/icyphy/ptII/ptolemy/domains/modal/test/auto/CausalityInterface3.xml (RunModel)" time="0.044" />
  <testcase classname="ptolemy.util.test.junit.AutoTests" name="[27] /home/travis/build/icyphy/ptII/ptolemy/domains/modal/test/auto/CausalityInterface4.xml (RunModel)" time="0.027" />
  <testcase classname="ptolemy.util.test.junit.AutoTests" name="[28] /home/travis/build/icyphy/ptII/ptolemy/domains/modal/test/auto/CausalityInterface5.xml (RunModel)" time="0.045" />
  <testcase classname="ptolemy.util.test.junit.AutoTests" name="[29] /home/travis/build/icyphy/ptII/ptolemy/domains/modal/test/auto/CausalityInterface6.xml (RunModel)" time="0.036" />
  <testcase classname="ptolemy.util.test.junit.AutoTests" name="[30] /home/travis/build/icyphy/ptII/ptolemy/domains/modal/test/auto/CausalityInterface7.xml (RunModel)" time="0.038" />
  <testcase classname="ptolemy.util.test.junit.AutoTests" name="[31] /home/travis/build/icyphy/ptII/ptolemy/domains/modal/test/auto/CausalityInterface8.xml (RunModel)" time="0.048" />
  <testcase classname="ptolemy.util.test.junit.AutoTests" name="[32] /home/travis/build/icyphy/ptII/ptolemy/domains/modal/test/auto/CausalityInterface9.xml (RunModel)" time="0.033" />
  <testcase classname="ptolemy.util.test.junit.AutoTests" name="[33] /home/travis/build/icyphy/ptII/ptolemy/domains/modal/test/auto/ChainedTransitions.xml (RunModel)" time="0.163" />
  <testcase classname="ptolemy.util.test.junit.AutoTests" name="[34] /home/travis/build/icyphy/ptII/ptolemy/domains/modal/test/auto/CycleOfImmediateTransitionsFSM.xml (RunModel)" time="0.023" />
  <testcase classname="ptolemy.util.test.junit.AutoTests" name="[35] /home/travis/build/icyphy/ptII/ptolemy/domains/modal/test/auto/CycleOfImmediateTransitionsModal.xml (RunModel)" time="0.023" />
  <testcase classname="ptolemy.util.test.junit.AutoTests" name="[36] /home/travis/build/icyphy/ptII/ptolemy/domains/modal/test/auto/CycleOfImmediateTransitionsModal2.xml (RunModel)" time="0.036" />
  <testcase classname="ptolemy.util.test.junit.AutoTests" name="[37] /home/travis/build/icyphy/ptII/ptolemy/domains/modal/test/auto/CycleOfImmediateTransitionsModal3.xml (RunModel)" time="0.081" />
  <testcase classname="ptolemy.util.test.junit.AutoTests" name="[38] /home/travis/build/icyphy/ptII/ptolemy/domains/modal/test/auto/DeepModal1.xml (RunModel)" time="0.065" />
  <testcase classname="ptolemy.util.test.junit.AutoTests" name="[39] /home/travis/build/icyphy/ptII/ptolemy/domains/modal/test/auto/DeepModal2.xml (RunModel)" time="0.056" />
  <testcase classname="ptolemy.util.test.junit.AutoTests" name="[40] /home/travis/build/icyphy/ptII/ptolemy/domains/modal/test/auto/DeepModal3.xml (RunModel)" time="0.078" />
  <testcase classname="ptolemy.util.test.junit.AutoTests" name="[41] /home/travis/build/icyphy/ptII/ptolemy/domains/modal/test/auto/DeepModal4.xml (RunModel)" time="0.071" />
  <testcase classname="ptolemy.util.test.junit.AutoTests" name="[42] /home/travis/build/icyphy/ptII/ptolemy/domains/modal/test/auto/Default1.xml (RunModel)" time="0.026" />
  <testcase classname="ptolemy.util.test.junit.AutoTests" name="[43] /home/travis/build/icyphy/ptII/ptolemy/domains/modal/test/auto/Default2.xml (RunModel)" time="0.018" />
  <testcase classname="ptolemy.util.test.junit.AutoTests" name="[44] /home/travis/build/icyphy/ptII/ptolemy/domains/modal/test/auto/Default3.xml (RunModel)" time="0.026" />
  <testcase classname="ptolemy.util.test.junit.AutoTests" name="[45] /home/travis/build/icyphy/ptII/ptolemy/domains/modal/test/auto/Default4.xml (RunModel)" time="0.025" />
  <testcase classname="ptolemy.util.test.junit.AutoTests" name="[46] /home/travis/build/icyphy/ptII/ptolemy/domains/modal/test/auto/Default5.xml (RunModel)" time="0.035" />
  <testcase classname="ptolemy.util.test.junit.AutoTests" name="[47] /home/travis/build/icyphy/ptII/ptolemy/domains/modal/test/auto/EmptyGuard.xml (RunModel)" time="0.037" />
  <testcase classname="ptolemy.util.test.junit.AutoTests" name="[48] /home/travis/build/icyphy/ptII/ptolemy/domains/modal/test/auto/ErrorTransition1.xml (RunModel)" time="0.027" />
  <testcase classname="ptolemy.util.test.junit.AutoTests" name="[49] /home/travis/build/icyphy/ptII/ptolemy/domains/modal/test/auto/ErrorTransition10.xml (RunModel)" time="0.042" />
  <testcase classname="ptolemy.util.test.junit.AutoTests" name="[50] /home/travis/build/icyphy/ptII/ptolemy/domains/modal/test/auto/ErrorTransition11.xml (RunModel)" time="0.036" />
  <testcase classname="ptolemy.util.test.junit.AutoTests" name="[51] /home/travis/build/icyphy/ptII/ptolemy/domains/modal/test/auto/ErrorTransition2.xml (RunModel)" time="0.022" />
  <testcase classname="ptolemy.util.test.junit.AutoTests" name="[52] /home/travis/build/icyphy/ptII/ptolemy/domains/modal/test/auto/ErrorTransition3.xml (RunModel)" time="0.026" />
  <testcase classname="ptolemy.util.test.junit.AutoTests" name="[53] /home/travis/build/icyphy/ptII/ptolemy/domains/modal/test/auto/ErrorTransition4.xml (RunModel)" time="0.031" />
  <testcase classname="ptolemy.util.test.junit.AutoTests" name="[54] /home/travis/build/icyphy/ptII/ptolemy/domains/modal/test/auto/ErrorTransition5.xml (RunModel)" time="0.031" />
  <testcase classname="ptolemy.util.test.junit.AutoTests" name="[55] /home/travis/build/icyphy/ptII/ptolemy/domains/modal/test/auto/ErrorTransition6.xml (RunModel)" time="0.033" />
  <testcase classname="ptolemy.util.test.junit.AutoTests" name="[56] /home/travis/build/icyphy/ptII/ptolemy/domains/modal/test/auto/ErrorTransition7.xml (RunModel)" time="0.042" />
  <testcase classname="ptolemy.util.test.junit.AutoTests" name="[57] /home/travis/build/icyphy/ptII/ptolemy/domains/modal/test/auto/ErrorTransition8.xml (RunModel)" time="0.078" />
  <testcase classname="ptolemy.util.test.junit.AutoTests" name="[58] /home/travis/build/icyphy/ptII/ptolemy/domains/modal/test/auto/ErrorTransition9.xml (RunModel)" time="0.043" />
  <testcase classname="ptolemy.util.test.junit.AutoTests" name="[59] /home/travis/build/icyphy/ptII/ptolemy/domains/modal/test/auto/ExtendedFSM.xml (RunModel)" time="0.022" />
  <testcase classname="ptolemy.util.test.junit.AutoTests" name="[60] /home/travis/build/icyphy/ptII/ptolemy/domains/modal/test/auto/FinalStates.xml (RunModel)" time="0.022" />
  <testcase classname="ptolemy.util.test.junit.AutoTests" name="[61] /home/travis/build/icyphy/ptII/ptolemy/domains/modal/test/auto/FixedPointFSM.xml (RunModel)" time="0.05" />
  <testcase classname="ptolemy.util.test.junit.AutoTests" name="[62] /home/travis/build/icyphy/ptII/ptolemy/domains/modal/test/auto/FixedPointIterationFSMActor.xml (RunModel)" time="0.064" />
  <testcase classname="ptolemy.util.test.junit.AutoTests" name="[63] /home/travis/build/icyphy/ptII/ptolemy/domains/modal/test/auto/FixedPointIterationFSMActor2.xml (RunModel)" time="0.076" />
  <testcase classname="ptolemy.util.test.junit.AutoTests" name="[64] /home/travis/build/icyphy/ptII/ptolemy/domains/modal/test/auto/ForbiddenInstantanousLoop.xml (RunModel)" time="0.068" />
  <testcase classname="ptolemy.util.test.junit.AutoTests" name="[65] /home/travis/build/icyphy/ptII/ptolemy/domains/modal/test/auto/FunctionDependencyOfFSMActorTest.xml (RunModel)" time="0.033" />
  <testcase classname="ptolemy.util.test.junit.AutoTests" name="[66] /home/travis/build/icyphy/ptII/ptolemy/domains/modal/test/auto/GuardExpression.xml (RunModel)" time="0.018" />
  <testcase classname="ptolemy.util.test.junit.AutoTests" name="[67] /home/travis/build/icyphy/ptII/ptolemy/domains/modal/test/auto/GuardNotEvaluated.xml (RunModel)" time="0.032" />
  <testcase classname="ptolemy.util.test.junit.AutoTests" name="[68] /home/travis/build/icyphy/ptII/ptolemy/domains/modal/test/auto/GuardNotEvaluated2.xml (RunModel)" time="0.026" />
  <testcase classname="ptolemy.util.test.junit.AutoTests" name="[69] /home/travis/build/icyphy/ptII/ptolemy/domains/modal/test/auto/GuardOnAbsent.xml (RunModel)" time="0.023" />
  <testcase classname="ptolemy.util.test.junit.AutoTests" name="[70] /home/travis/build/icyphy/ptII/ptolemy/domains/modal/test/auto/HierarchicalFSMTypeInference.xml (RunModel)" time="0.029" />
  <testcase classname="ptolemy.util.test.junit.AutoTests" name="[71] /home/travis/build/icyphy/ptII/ptolemy/domains/modal/test/auto/Hysteresis.xml (RunModel)" time="0.042" />
  <testcase classname="ptolemy.util.test.junit.AutoTests" name="[72] /home/travis/build/icyphy/ptII/ptolemy/domains/modal/test/auto/HysteresisWithDefault.xml (RunModel)" time="0.076" />
  <testcase classname="ptolemy.util.test.junit.AutoTests" name="[73] /home/travis/build/icyphy/ptII/ptolemy/domains/modal/test/auto/HysteresisWithDefault2.xml (RunModel)" time="0.075" />
  <testcase classname="ptolemy.util.test.junit.AutoTests" name="[74] /home/travis/build/icyphy/ptII/ptolemy/domains/modal/test/auto/ImmediateNonConstructiveness.xml (RunModel)" time="0.017" />
  <testcase classname="ptolemy.util.test.junit.AutoTests" name="[75] /home/travis/build/icyphy/ptII/ptolemy/domains/modal/test/auto/ImmediateNonConstructiveness2.xml (RunModel)" time="0.023" />
  <testcase classname="ptolemy.util.test.junit.AutoTests" name="[76] /home/travis/build/icyphy/ptII/ptolemy/domains/modal/test/auto/ImmediateTransitionReset.xml (RunModel)" time="0.05" />
  <testcase classname="ptolemy.util.test.junit.AutoTests" name="[77] /home/travis/build/icyphy/ptII/ptolemy/domains/modal/test/auto/ImmediateTransitions1.xml (RunModel)" time="0.013" />
  <testcase classname="ptolemy.util.test.junit.AutoTests" name="[78] /home/travis/build/icyphy/ptII/ptolemy/domains/modal/test/auto/ImmediateTransitionsInstantaneousCommunication.xml (RunModel)" time="0.054" />
  <testcase classname="ptolemy.util.test.junit.AutoTests" name="[79] /home/travis/build/icyphy/ptII/ptolemy/domains/modal/test/auto/InitialImmediateTransition.xml (RunModel)" time="0.018" />
  <testcase classname="ptolemy.util.test.junit.AutoTests" name="[80] /home/travis/build/icyphy/ptII/ptolemy/domains/modal/test/auto/InitialOutputs.xml (RunModel)" time="0.019" />
  <testcase classname="ptolemy.util.test.junit.AutoTests" name="[81] /home/travis/build/icyphy/ptII/ptolemy/domains/modal/test/auto/InitialStateTransition1.xml (RunModel)" time="0.023" />
  <testcase classname="ptolemy.util.test.junit.AutoTests" name="[82] /home/travis/build/icyphy/ptII/ptolemy/domains/modal/test/auto/InitialStateTransition2.xml (RunModel)" time="0.026" />
  <testcase classname="ptolemy.util.test.junit.AutoTests" name="[83] /home/travis/build/icyphy/ptII/ptolemy/domains/modal/test/auto/InitialStateTransition3.xml (RunModel)" time="0.027" />
  <testcase classname="ptolemy.util.test.junit.AutoTests" name="[84] /home/travis/build/icyphy/ptII/ptolemy/domains/modal/test/auto/InitialStateTransition4.xml (RunModel)" time="0.028" />
  <testcase classname="ptolemy.util.test.junit.AutoTests" name="[85] /home/travis/build/icyphy/ptII/ptolemy/domains/modal/test/auto/MalformedGuardExpressionNotCaught.xml (RunModel)" time="0.02" />
  <testcase classname="ptolemy.util.test.junit.AutoTests" name="[86] /home/travis/build/icyphy/ptII/ptolemy/domains/modal/test/auto/ModalBSC.xml (RunModel)" time="0.091" />
  <testcase classname="ptolemy.util.test.junit.AutoTests" name="[87] /home/travis/build/icyphy/ptII/ptolemy/domains/modal/test/auto/ModalClocks.xml (RunModel)" time="0.1" />
  <testcase classname="ptolemy.util.test.junit.AutoTests" name="[88] /home/travis/build/icyphy/ptII/ptolemy/domains/modal/test/auto/ModalDelay.xml (RunModel)" time="0.054" />
  <testcase classname="ptolemy.util.test.junit.AutoTests" name="[89] /home/travis/build/icyphy/ptII/ptolemy/domains/modal/test/auto/ModalDelay2.xml (RunModel)" time="0.052" />
  <testcase classname="ptolemy.util.test.junit.AutoTests" name="[90] /home/travis/build/icyphy/ptII/ptolemy/domains/modal/test/auto/ModalModelFromMemo.xml (RunModel)" time="0.069" />
  <testcase classname="ptolemy.util.test.junit.AutoTests" name="[91] /home/travis/build/icyphy/ptII/ptolemy/domains/modal/test/auto/ModalModelWithMultirateTransient.xml (RunModel)" time="0.048" />
  <testcase classname="ptolemy.util.test.junit.AutoTests" name="[92] /home/travis/build/icyphy/ptII/ptolemy/domains/modal/test/auto/ModalModelWithReset.xml (RunModel)" time="0.046" />
  <testcase classname="ptolemy.util.test.junit.AutoTests" name="[93] /home/travis/build/icyphy/ptII/ptolemy/domains/modal/test/auto/MouseClickFSM.xml (RunModel)" time="0.047" />
  <testcase classname="ptolemy.util.test.junit.AutoTests" name="[94] /home/travis/build/icyphy/ptII/ptolemy/domains/modal/test/auto/MouseClickFSMModal.xml (RunModel)" time="0.038" />
  <testcase classname="ptolemy.util.test.junit.AutoTests" name="[95] /home/travis/build/icyphy/ptII/ptolemy/domains/modal/test/auto/NonStrictFSM_FeedbackLoop.xml (RunModel)" time="0.052" />
  <testcase classname="ptolemy.util.test.junit.AutoTests" name="[96] /home/travis/build/icyphy/ptII/ptolemy/domains/modal/test/auto/NonStrictFSM_FeedbackLoop_Refinement.xml (RunModel)" time="0.075" />
  <testcase classname="ptolemy.util.test.junit.AutoTests" name="[97] /home/travis/build/icyphy/ptII/ptolemy/domains/modal/test/auto/NonStrictFSM_FeedbackLoop_preemptive.xml (RunModel)" time="0.048" />
  <testcase classname="ptolemy.util.test.junit.AutoTests" name="[98] /home/travis/build/icyphy/ptII/ptolemy/domains/modal/test/auto/NormalTermination.xml (RunModel)" time="0.062" />
  <testcase classname="ptolemy.util.test.junit.AutoTests" name="[99] /home/travis/build/icyphy/ptII/ptolemy/domains/modal/test/auto/Pong.xml (RunModel)" time="0.066" />
  <testcase classname="ptolemy.util.test.junit.AutoTests" name="[100] /home/travis/build/icyphy/ptII/ptolemy/domains/modal/test/auto/Pong_test.xml (RunModel)" time="0.083" />
  <testcase classname="ptolemy.util.test.junit.AutoTests" name="[101] /home/travis/build/icyphy/ptII/ptolemy/domains/modal/test/auto/PreemptionHierarchy.xml (RunModel)" time="0.027" />
  <testcase classname="ptolemy.util.test.junit.AutoTests" name="[102] /home/travis/build/icyphy/ptII/ptolemy/domains/modal/test/auto/PreemptionHierarchy2.xml (RunModel)" time="0.034" />
  <testcase classname="ptolemy.util.test.junit.AutoTests" name="[103] /home/travis/build/icyphy/ptII/ptolemy/domains/modal/test/auto/PreemptiveTransition.xml (RunModel)" time="0.026" />
  <testcase classname="ptolemy.util.test.junit.AutoTests" name="[104] /home/travis/build/icyphy/ptII/ptolemy/domains/modal/test/auto/Priorities.xml (RunModel)" time="0.089" />
  <testcase classname="ptolemy.util.test.junit.AutoTests" name="[105] /home/travis/build/icyphy/ptII/ptolemy/domains/modal/test/auto/ResetFinal.xml (RunModel)" time="0.047" />
  <testcase classname="ptolemy.util.test.junit.AutoTests" name="[106] /home/travis/build/icyphy/ptII/ptolemy/domains/modal/test/auto/ResetFinal2.xml (RunModel)" time="0.033" />
  <testcase classname="ptolemy.util.test.junit.AutoTests" name="[107] /home/travis/build/icyphy/ptII/ptolemy/domains/modal/test/auto/ResetTransitionWithStartTime.xml (RunModel)" time="0.029" />
  <testcase classname="ptolemy.util.test.junit.AutoTests" name="[108] /home/travis/build/icyphy/ptII/ptolemy/domains/modal/test/auto/SDF-FSMComposite.xml (RunModel)" time="0.021" />
  <testcase classname="ptolemy.util.test.junit.AutoTests" name="[109] /home/travis/build/icyphy/ptII/ptolemy/domains/modal/test/auto/SeeminglyNondeterminate.xml (RunModel)" time="0.07" />
  <testcase classname="ptolemy.util.test.junit.AutoTests" name="[110] /home/travis/build/icyphy/ptII/ptolemy/domains/modal/test/auto/SeeminglyNondeterminate2.xml (RunModel)" time="0.08" />
  <testcase classname="ptolemy.util.test.junit.AutoTests" name="[111] /home/travis/build/icyphy/ptII/ptolemy/domains/modal/test/auto/SpontaneousFSM.xml (RunModel)" time="0.042" />
  <testcase classname="ptolemy.util.test.junit.AutoTests" name="[112] /home/travis/build/icyphy/ptII/ptolemy/domains/modal/test/auto/SpontaneousFSM2.xml (RunModel)" time="0.033" />
  <testcase classname="ptolemy.util.test.junit.AutoTests" name="[113] /home/travis/build/icyphy/ptII/ptolemy/domains/modal/test/auto/SpontaneousFSM3.xml (RunModel)" time="0.039" />
  <testcase classname="ptolemy.util.test.junit.AutoTests" name="[114] /home/travis/build/icyphy/ptII/ptolemy/domains/modal/test/auto/SpontaneousFSM4.xml (RunModel)" time="0.039" />
  <testcase classname="ptolemy.util.test.junit.AutoTests" name="[115] /home/travis/build/icyphy/ptII/ptolemy/domains/modal/test/auto/StateTrackerTest.xml (RunModel)" time="0.048" />
  <testcase classname="ptolemy.util.test.junit.AutoTests" name="[116] /home/travis/build/icyphy/ptII/ptolemy/domains/modal/test/auto/StrongImmediateTransition.xml (RunModel)" time="0.025" />
  <testcase classname="ptolemy.util.test.junit.AutoTests" name="[117] /home/travis/build/icyphy/ptII/ptolemy/domains/modal/test/auto/SustainHierarchy.xml (RunModel)" time="0.035" />
  <testcase classname="ptolemy.util.test.junit.AutoTests" name="[118] /home/travis/build/icyphy/ptII/ptolemy/domains/modal/test/auto/TerminationTransition1.xml (RunModel)" time="0.022" />
  <testcase classname="ptolemy.util.test.junit.AutoTests" name="[119] /home/travis/build/icyphy/ptII/ptolemy/domains/modal/test/auto/TerminationTransition2.xml (RunModel)" time="0.027" />
  <testcase classname="ptolemy.util.test.junit.AutoTests" name="[120] /home/travis/build/icyphy/ptII/ptolemy/domains/modal/test/auto/TerminationTransition3.xml (RunModel)" time="0.027" />
  <testcase classname="ptolemy.util.test.junit.AutoTests" name="[121] /home/travis/build/icyphy/ptII/ptolemy/domains/modal/test/auto/TerminationTransition4.xml (RunModel)" time="0.036" />
  <testcase classname="ptolemy.util.test.junit.AutoTests" name="[122] /home/travis/build/icyphy/ptII/ptolemy/domains/modal/test/auto/TerminationTransition5.xml (RunModel)" time="0.037" />
  <testcase classname="ptolemy.util.test.junit.AutoTests" name="[123] /home/travis/build/icyphy/ptII/ptolemy/domains/modal/test/auto/TerminationTransition6.xml (RunModel)" time="0.023" />
  <testcase classname="ptolemy.util.test.junit.AutoTests" name="[124] /home/travis/build/icyphy/ptII/ptolemy/domains/modal/test/auto/TerminationTransition7.xml (RunModel)" time="0.024" />
  <testcase classname="ptolemy.util.test.junit.AutoTests" name="[125] /home/travis/build/icyphy/ptII/ptolemy/domains/modal/test/auto/TerminationTransition8.xml (RunModel)" time="0.028" />
  <testcase classname="ptolemy.util.test.junit.AutoTests" name="[126] /home/travis/build/icyphy/ptII/ptolemy/domains/modal/test/auto/Thermostat_NoHysteresis.xml (RunModel)" time="0.059" />
  <testcase classname="ptolemy.util.test.junit.AutoTests" name="[127] /home/travis/build/icyphy/ptII/ptolemy/domains/modal/test/auto/TimedFSM.xml (RunModel)" time="0.074" />
  <testcase classname="ptolemy.util.test.junit.AutoTests" name="[128] /home/travis/build/icyphy/ptII/ptolemy/domains/modal/test/auto/Timeout1.xml (RunModel)" time="0.029" />
  <testcase classname="ptolemy.util.test.junit.AutoTests" name="[129] /home/travis/build/icyphy/ptII/ptolemy/domains/modal/test/auto/Timeout2.xml (RunModel)" time="0.021" />
  <testcase classname="ptolemy.util.test.junit.AutoTests" name="[130] /home/travis/build/icyphy/ptII/ptolemy/domains/modal/test/auto/Timeout3.xml (RunModel)" time="0.011" />
  <testcase classname="ptolemy.util.test.junit.AutoTests" name="[131] /home/travis/build/icyphy/ptII/ptolemy/domains/modal/test/auto/Timeout4.xml (RunModel)" time="0.012" />
  <testcase classname="ptolemy.util.test.junit.AutoTests" name="[132] /home/travis/build/icyphy/ptII/ptolemy/domains/modal/test/auto/TransientstateModelAdvanced.xml (RunModel)" time="0.029" />
  <testcase classname="ptolemy.util.test.junit.AutoTests" name="[133] /home/travis/build/icyphy/ptII/ptolemy/domains/modal/test/auto/TransientstateModelAdvanced2.xml (RunModel)" time="0.033" />
  <testcase classname="ptolemy.util.test.junit.AutoTests" name="[134] /home/travis/build/icyphy/ptII/ptolemy/domains/modal/test/auto/TransitionRefinements.xml (RunModel)" time="0.027" />
  <testcase classname="ptolemy.util.test.junit.AutoTests" name="[135] /home/travis/build/icyphy/ptII/ptolemy/domains/modal/test/auto/TwoRefinements1.xml (RunModel)" time="0.026" />
  <testcase classname="ptolemy.util.test.junit.AutoTests" name="[136] /home/travis/build/icyphy/ptII/ptolemy/domains/modal/test/auto/TwoRefinements2.xml (RunModel)" time="0.025" />
  <testcase classname="ptolemy.util.test.junit.AutoTests" name="[137] /home/travis/build/icyphy/ptII/ptolemy/domains/modal/test/auto/WeakImmediateTransition.xml (RunModel)" time="0.022" />
  <testcase classname="ptolemy.util.test.junit.AutoTests" name="[138] /home/travis/build/icyphy/ptII/ptolemy/domains/modal/test/auto/booleanSelect.xml (RunModel)" time="0.058" />
  <testcase classname="ptolemy.util.test.junit.AutoTests" name="[139] /home/travis/build/icyphy/ptII/ptolemy/domains/modal/test/auto/modalChangingParams.xml (RunModel)" time="0.314" />
  <testcase classname="ptolemy.util.test.junit.AutoTests" name="[140] /home/travis/build/icyphy/ptII/ptolemy/domains/modal/test/auto/modalModel.xml (RunModel)" time="0.034" />
  <testcase classname="ptolemy.util.test.junit.AutoTests" name="[141] /home/travis/build/icyphy/ptII/ptolemy/domains/modal/test/auto/modalModel2.xml (RunModel)" time="0.039" />
  <testcase classname="ptolemy.util.test.junit.AutoTests" name="[142] /home/travis/build/icyphy/ptII/ptolemy/domains/modal/test/auto/modalModel3.xml (RunModel)" time="0.037" />
  <testcase classname="ptolemy.util.test.junit.AutoTests" name="[143] /home/travis/build/icyphy/ptII/ptolemy/domains/modal/test/auto/model1.xml (RunModel)" time="0.019" />
  <testcase classname="ptolemy.util.test.junit.AutoTests" name="[144] /home/travis/build/icyphy/ptII/ptolemy/domains/modal/test/auto/test-direct-in-out.xml (RunModel)" time="0.018" />
  <system-out><![CDATA[/home/travis/build/icyphy/ptII/ptolemy/domains/modal/test/SystemLevelType.tcl
testDefs.tcl: setting time out to 9000 seconds at Thu May 31 20:34:30 UTC 2018
05/31/18 08:34:31
Failed: 0  Total Tests: 1  ((Passed: 1, Newly Passed: 0)  Known Failed: 0) /home/travis/build/icyphy/ptII/ptolemy/domains/modal/test
----------------- testing (KnownFailure) /home/travis/build/icyphy/ptII/ptolemy/domains/modal/test/auto/knownFailedTests/CannotAnalysisWithPreemption.xml
55 ms. Memory: 208384K Free: 188373K (90%)
Known Failure: java.lang.reflect.InvocationTargetException
No auto/linux-amd64/*.xml tests in /home/travis/build/icyphy/ptII/ptolemy/domains/modal/test
AutoTests.java: About to close Vertx.
AutoTests.java: Vertx closed.

===========================================================================================
----------------- testing Thu May 31 20:34:32 UTC 2018 /home/travis/build/icyphy/ptII/ptolemy/domains/modal/test/auto/ABPTest.xml
----------------- Instantiating /home/travis/build/icyphy/ptII/ptolemy/domains/modal/test/auto/ABPTest.xml
303 ms. Memory: 331776K Free: 293255K (88%)
----------------- Invoking toplevel() on ptolemy.moml.MoMLSimpleApplication@29040a0f
----------------- Done invoking toplevel() on ptolemy.moml.MoMLSimpleApplication@29040a0f
reloadAllAccessors: .ABPTest

===========================================================================================
----------------- testing Thu May 31 20:34:33 UTC 2018 /home/travis/build/icyphy/ptII/ptolemy/domains/modal/test/auto/ABROFlat.xml
----------------- Instantiating /home/travis/build/icyphy/ptII/ptolemy/domains/modal/test/auto/ABROFlat.xml
23 ms. Memory: 331776K Free: 271152K (82%)
----------------- Invoking toplevel() on ptolemy.moml.MoMLSimpleApplication@62be0193
----------------- Done invoking toplevel() on ptolemy.moml.MoMLSimpleApplication@62be0193
reloadAllAccessors: .ABROFlat

===========================================================================================
----------------- testing Thu May 31 20:34:33 UTC 2018 /home/travis/build/icyphy/ptII/ptolemy/domains/modal/test/auto/ABROFlat2.xml
----------------- Instantiating /home/travis/build/icyphy/ptII/ptolemy/domains/modal/test/auto/ABROFlat2.xml
21 ms. Memory: 331776K Free: 253200K (76%)
----------------- Invoking toplevel() on ptolemy.moml.MoMLSimpleApplication@68468ebf
----------------- Done invoking toplevel() on ptolemy.moml.MoMLSimpleApplication@68468ebf
reloadAllAccessors: .ABROFlat2

===========================================================================================
----------------- testing Thu May 31 20:34:33 UTC 2018 /home/travis/build/icyphy/ptII/ptolemy/domains/modal/test/auto/ABRO_present_hmm.xml
----------------- Instantiating /home/travis/build/icyphy/ptII/ptolemy/domains/modal/test/auto/ABRO_present_hmm.xml
37 ms. Memory: 331776K Free: 222209K (67%)
----------------- Invoking toplevel() on ptolemy.moml.MoMLSimpleApplication@58449f11
----------------- Done invoking toplevel() on ptolemy.moml.MoMLSimpleApplication@58449f11
reloadAllAccessors: .ABRO_present_hmm

===========================================================================================
----------------- testing Thu May 31 20:34:33 UTC 2018 /home/travis/build/icyphy/ptII/ptolemy/domains/modal/test/auto/AMICoderExample.xml
----------------- Instantiating /home/travis/build/icyphy/ptII/ptolemy/domains/modal/test/auto/AMICoderExample.xml
24 ms. Memory: 331776K Free: 210796K (64%)
----------------- Invoking toplevel() on ptolemy.moml.MoMLSimpleApplication@115d3adb
----------------- Done invoking toplevel() on ptolemy.moml.MoMLSimpleApplication@115d3adb
reloadAllAccessors: .AMICoderExample

===========================================================================================
----------------- testing Thu May 31 20:34:33 UTC 2018 /home/travis/build/icyphy/ptII/ptolemy/domains/modal/test/auto/AbsentToPresent.xml
----------------- Instantiating /home/travis/build/icyphy/ptII/ptolemy/domains/modal/test/auto/AbsentToPresent.xml
6 ms. Memory: 331776K Free: 200834K (61%)
----------------- Invoking toplevel() on ptolemy.moml.MoMLSimpleApplication@3e27169a
----------------- Done invoking toplevel() on ptolemy.moml.MoMLSimpleApplication@3e27169a
reloadAllAccessors: .AbsentToPresent

===========================================================================================
----------------- testing Thu May 31 20:34:33 UTC 2018 /home/travis/build/icyphy/ptII/ptolemy/domains/modal/test/auto/Blending.xml
----------------- Instantiating /home/travis/build/icyphy/ptII/ptolemy/domains/modal/test/auto/Blending.xml
143 ms. Memory: 331776K Free: 145375K (44%)
----------------- Invoking toplevel() on ptolemy.moml.MoMLSimpleApplication@8a51ca
----------------- Done invoking toplevel() on ptolemy.moml.MoMLSimpleApplication@8a51ca
reloadAllAccessors: .Blending

===========================================================================================
----------------- testing Thu May 31 20:34:33 UTC 2018 /home/travis/build/icyphy/ptII/ptolemy/domains/modal/test/auto/Broadcast.xml
----------------- Instantiating /home/travis/build/icyphy/ptII/ptolemy/domains/modal/test/auto/Broadcast.xml
10 ms. Memory: 331776K Free: 132337K (40%)
----------------- Invoking toplevel() on ptolemy.moml.MoMLSimpleApplication@776044e3
----------------- Done invoking toplevel() on ptolemy.moml.MoMLSimpleApplication@776044e3
reloadAllAccessors: .Broadcast

===========================================================================================
----------------- testing Thu May 31 20:34:33 UTC 2018 /home/travis/build/icyphy/ptII/ptolemy/domains/modal/test/auto/BroadcastHierarchy.xml
----------------- Instantiating /home/travis/build/icyphy/ptII/ptolemy/domains/modal/test/auto/BroadcastHierarchy.xml
18 ms. Memory: 331776K Free: 114416K (34%)
----------------- Invoking toplevel() on ptolemy.moml.MoMLSimpleApplication@77f4e749
----------------- Done invoking toplevel() on ptolemy.moml.MoMLSimpleApplication@77f4e749
reloadAllAccessors: .BroadcastHierarchy

===========================================================================================
----------------- testing Thu May 31 20:34:34 UTC 2018 /home/travis/build/icyphy/ptII/ptolemy/domains/modal/test/auto/BroadcastHierarchy2.xml
----------------- Instantiating /home/travis/build/icyphy/ptII/ptolemy/domains/modal/test/auto/BroadcastHierarchy2.xml
13 ms. Memory: 331776K Free: 78550K (24%)
----------------- Invoking toplevel() on ptolemy.moml.MoMLSimpleApplication@193b571d
----------------- Done invoking toplevel() on ptolemy.moml.MoMLSimpleApplication@193b571d
reloadAllAccessors: .BroadcastHierarchy2

===========================================================================================
----------------- testing Thu May 31 20:34:34 UTC 2018 /home/travis/build/icyphy/ptII/ptolemy/domains/modal/test/auto/BroadcastHierarchy3.xml
----------------- Instantiating /home/travis/build/icyphy/ptII/ptolemy/domains/modal/test/auto/BroadcastHierarchy3.xml
22 ms. Memory: 333824K Free: 297222K (89%)
----------------- Invoking toplevel() on ptolemy.moml.MoMLSimpleApplication@2e3f6020
----------------- Done invoking toplevel() on ptolemy.moml.MoMLSimpleApplication@2e3f6020
reloadAllAccessors: .BroadcastHierarchy3

===========================================================================================
----------------- testing Thu May 31 20:34:34 UTC 2018 /home/travis/build/icyphy/ptII/ptolemy/domains/modal/test/auto/BroadcastHierarchy4.xml
----------------- Instantiating /home/travis/build/icyphy/ptII/ptolemy/domains/modal/test/auto/BroadcastHierarchy4.xml
24 ms. Memory: 333824K Free: 262319K (79%)
----------------- Invoking toplevel() on ptolemy.moml.MoMLSimpleApplication@273575bd
----------------- Done invoking toplevel() on ptolemy.moml.MoMLSimpleApplication@273575bd
reloadAllAccessors: .BroadcastHierarchy4

===========================================================================================
----------------- testing Thu May 31 20:34:34 UTC 2018 /home/travis/build/icyphy/ptII/ptolemy/domains/modal/test/auto/CannotAnalysisWithPreemption2.xml
----------------- Instantiating /home/travis/build/icyphy/ptII/ptolemy/domains/modal/test/auto/CannotAnalysisWithPreemption2.xml
3 ms. Memory: 333824K Free: 252546K (76%)
----------------- Invoking toplevel() on ptolemy.moml.MoMLSimpleApplication@1f9078af
----------------- Done invoking toplevel() on ptolemy.moml.MoMLSimpleApplication@1f9078af
reloadAllAccessors: .CannotAnalysisWithPreemption2

===========================================================================================
----------------- testing Thu May 31 20:34:34 UTC 2018 /home/travis/build/icyphy/ptII/ptolemy/domains/modal/test/auto/CannotAnalysisWithPreemption3.xml
----------------- Instantiating /home/travis/build/icyphy/ptII/ptolemy/domains/modal/test/auto/CannotAnalysisWithPreemption3.xml
6 ms. Memory: 333824K Free: 239499K (72%)
----------------- Invoking toplevel() on ptolemy.moml.MoMLSimpleApplication@60d0dcde
----------------- Done invoking toplevel() on ptolemy.moml.MoMLSimpleApplication@60d0dcde
reloadAllAccessors: .CannotAnalysisWithPreemption3

===========================================================================================
----------------- testing Thu May 31 20:34:34 UTC 2018 /home/travis/build/icyphy/ptII/ptolemy/domains/modal/test/auto/CannotProduce.xml
----------------- Instantiating /home/travis/build/icyphy/ptII/ptolemy/domains/modal/test/auto/CannotProduce.xml
11 ms. Memory: 333824K Free: 230674K (69%)
----------------- Invoking toplevel() on ptolemy.moml.MoMLSimpleApplication@630d8112
----------------- Done invoking toplevel() on ptolemy.moml.MoMLSimpleApplication@630d8112
reloadAllAccessors: .CannotProduce

===========================================================================================
----------------- testing Thu May 31 20:34:34 UTC 2018 /home/travis/build/icyphy/ptII/ptolemy/domains/modal/test/auto/CannotProduceModal.xml
----------------- Instantiating /home/travis/build/icyphy/ptII/ptolemy/domains/modal/test/auto/CannotProduceModal.xml
8 ms. Memory: 333824K Free: 222526K (67%)
----------------- Invoking toplevel() on ptolemy.moml.MoMLSimpleApplication@22f7c16e
----------------- Done invoking toplevel() on ptolemy.moml.MoMLSimpleApplication@22f7c16e
reloadAllAccessors: .CannotProduceModal

===========================================================================================
----------------- testing Thu May 31 20:34:34 UTC 2018 /home/travis/build/icyphy/ptII/ptolemy/domains/modal/test/auto/Case.xml
----------------- Instantiating /home/travis/build/icyphy/ptII/ptolemy/domains/modal/test/auto/Case.xml
37 ms. Memory: 333824K Free: 209456K (63%)
----------------- Invoking toplevel() on ptolemy.moml.MoMLSimpleApplication@25941b70
----------------- Done invoking toplevel() on ptolemy.moml.MoMLSimpleApplication@25941b70
reloadAllAccessors: .Case

===========================================================================================
----------------- testing Thu May 31 20:34:34 UTC 2018 /home/travis/build/icyphy/ptII/ptolemy/domains/modal/test/auto/Case1.xml
----------------- Instantiating /home/travis/build/icyphy/ptII/ptolemy/domains/modal/test/auto/Case1.xml
5 ms. Memory: 333824K Free: 199006K (60%)
----------------- Invoking toplevel() on ptolemy.moml.MoMLSimpleApplication@7e1a15a0
----------------- Done invoking toplevel() on ptolemy.moml.MoMLSimpleApplication@7e1a15a0
reloadAllAccessors: .Case1

===========================================================================================
----------------- testing Thu May 31 20:34:34 UTC 2018 /home/travis/build/icyphy/ptII/ptolemy/domains/modal/test/auto/Case2.xml
----------------- Instantiating /home/travis/build/icyphy/ptII/ptolemy/domains/modal/test/auto/Case2.xml
18 ms. Memory: 333824K Free: 187592K (56%)
----------------- Invoking toplevel() on ptolemy.moml.MoMLSimpleApplication@7ba8daa
----------------- Done invoking toplevel() on ptolemy.moml.MoMLSimpleApplication@7ba8daa
reloadAllAccessors: .Case2

===========================================================================================
----------------- testing Thu May 31 20:34:34 UTC 2018 /home/travis/build/icyphy/ptII/ptolemy/domains/modal/test/auto/CausalityInterface1.xml
----------------- Instantiating /home/travis/build/icyphy/ptII/ptolemy/domains/modal/test/auto/CausalityInterface1.xml
7 ms. Memory: 333824K Free: 181077K (54%)
----------------- Invoking toplevel() on ptolemy.moml.MoMLSimpleApplication@209af526
----------------- Done invoking toplevel() on ptolemy.moml.MoMLSimpleApplication@209af526
reloadAllAccessors: .CausalityInterface1

===========================================================================================
----------------- testing Thu May 31 20:34:34 UTC 2018 /home/travis/build/icyphy/ptII/ptolemy/domains/modal/test/auto/CausalityInterface10.xml
----------------- Instantiating /home/travis/build/icyphy/ptII/ptolemy/domains/modal/test/auto/CausalityInterface10.xml
10 ms. Memory: 333824K Free: 162459K (49%)
----------------- Invoking toplevel() on ptolemy.moml.MoMLSimpleApplication@6bd99b4b
----------------- Done invoking toplevel() on ptolemy.moml.MoMLSimpleApplication@6bd99b4b
reloadAllAccessors: .CausalityInterface10

===========================================================================================
----------------- testing Thu May 31 20:34:34 UTC 2018 /home/travis/build/icyphy/ptII/ptolemy/domains/modal/test/auto/CausalityInterface11.xml
----------------- Instantiating /home/travis/build/icyphy/ptII/ptolemy/domains/modal/test/auto/CausalityInterface11.xml
11 ms. Memory: 333824K Free: 146147K (44%)
----------------- Invoking toplevel() on ptolemy.moml.MoMLSimpleApplication@1add19ab
----------------- Done invoking toplevel() on ptolemy.moml.MoMLSimpleApplication@1add19ab
reloadAllAccessors: .CausalityInterface11

===========================================================================================
----------------- testing Thu May 31 20:34:34 UTC 2018 /home/travis/build/icyphy/ptII/ptolemy/domains/modal/test/auto/CausalityInterface12.xml
----------------- Instantiating /home/travis/build/icyphy/ptII/ptolemy/domains/modal/test/auto/CausalityInterface12.xml
9 ms. Memory: 333824K Free: 129843K (39%)
----------------- Invoking toplevel() on ptolemy.moml.MoMLSimpleApplication@e7da032
----------------- Done invoking toplevel() on ptolemy.moml.MoMLSimpleApplication@e7da032
reloadAllAccessors: .CausalityInterface12

===========================================================================================
----------------- testing Thu May 31 20:34:34 UTC 2018 /home/travis/build/icyphy/ptII/ptolemy/domains/modal/test/auto/CausalityInterface13.xml
----------------- Instantiating /home/travis/build/icyphy/ptII/ptolemy/domains/modal/test/auto/CausalityInterface13.xml
10 ms. Memory: 333824K Free: 111221K (33%)
----------------- Invoking toplevel() on ptolemy.moml.MoMLSimpleApplication@6ea07f10
----------------- Done invoking toplevel() on ptolemy.moml.MoMLSimpleApplication@6ea07f10
reloadAllAccessors: .CausalityInterface13

===========================================================================================
----------------- testing Thu May 31 20:34:35 UTC 2018 /home/travis/build/icyphy/ptII/ptolemy/domains/modal/test/auto/CausalityInterface14.xml
----------------- Instantiating /home/travis/build/icyphy/ptII/ptolemy/domains/modal/test/auto/CausalityInterface14.xml
12 ms. Memory: 333824K Free: 94949K (28%)
----------------- Invoking toplevel() on ptolemy.moml.MoMLSimpleApplication@37cedd0a
----------------- Done invoking toplevel() on ptolemy.moml.MoMLSimpleApplication@37cedd0a
reloadAllAccessors: .CausalityInterface14

===========================================================================================
----------------- testing Thu May 31 20:34:35 UTC 2018 /home/travis/build/icyphy/ptII/ptolemy/domains/modal/test/auto/CausalityInterface2.xml
----------------- Instantiating /home/travis/build/icyphy/ptII/ptolemy/domains/modal/test/auto/CausalityInterface2.xml
6 ms. Memory: 333824K Free: 86801K (26%)
----------------- Invoking toplevel() on ptolemy.moml.MoMLSimpleApplication@4a9f5c8b
----------------- Done invoking toplevel() on ptolemy.moml.MoMLSimpleApplication@4a9f5c8b
reloadAllAccessors: .CausalityInterface2

===========================================================================================
----------------- testing Thu May 31 20:34:35 UTC 2018 /home/travis/build/icyphy/ptII/ptolemy/domains/modal/test/auto/CausalityInterface3.xml
----------------- Instantiating /home/travis/build/icyphy/ptII/ptolemy/domains/modal/test/auto/CausalityInterface3.xml
2 ms. Memory: 576512K Free: 560800K (97%)
----------------- Invoking toplevel() on ptolemy.moml.MoMLSimpleApplication@39e1db09
----------------- Done invoking toplevel() on ptolemy.moml.MoMLSimpleApplication@39e1db09
reloadAllAccessors: .CausalityInterface3

===========================================================================================
----------------- testing Thu May 31 20:34:35 UTC 2018 /home/travis/build/icyphy/ptII/ptolemy/domains/modal/test/auto/CausalityInterface4.xml
----------------- Instantiating /home/travis/build/icyphy/ptII/ptolemy/domains/modal/test/auto/CausalityInterface4.xml
3 ms. Memory: 576512K Free: 547889K (95%)
----------------- Invoking toplevel() on ptolemy.moml.MoMLSimpleApplication@3cf58e47
----------------- Done invoking toplevel() on ptolemy.moml.MoMLSimpleApplication@3cf58e47
reloadAllAccessors: .CausalityInterface4

===========================================================================================
----------------- testing Thu May 31 20:34:35 UTC 2018 /home/travis/build/icyphy/ptII/ptolemy/domains/modal/test/auto/CausalityInterface5.xml
----------------- Instantiating /home/travis/build/icyphy/ptII/ptolemy/domains/modal/test/auto/CausalityInterface5.xml
5 ms. Memory: 576512K Free: 534889K (93%)
----------------- Invoking toplevel() on ptolemy.moml.MoMLSimpleApplication@16dce55f
----------------- Done invoking toplevel() on ptolemy.moml.MoMLSimpleApplication@16dce55f
reloadAllAccessors: .CausalityInterface5

===========================================================================================
----------------- testing Thu May 31 20:34:35 UTC 2018 /home/travis/build/icyphy/ptII/ptolemy/domains/modal/test/auto/CausalityInterface6.xml
----------------- Instantiating /home/travis/build/icyphy/ptII/ptolemy/domains/modal/test/auto/CausalityInterface6.xml
5 ms. Memory: 576512K Free: 521665K (90%)
----------------- Invoking toplevel() on ptolemy.moml.MoMLSimpleApplication@6083b550
----------------- Done invoking toplevel() on ptolemy.moml.MoMLSimpleApplication@6083b550
reloadAllAccessors: .CausalityInterface6

===========================================================================================
----------------- testing Thu May 31 20:34:35 UTC 2018 /home/travis/build/icyphy/ptII/ptolemy/domains/modal/test/auto/CausalityInterface7.xml
----------------- Instantiating /home/travis/build/icyphy/ptII/ptolemy/domains/modal/test/auto/CausalityInterface7.xml
10 ms. Memory: 576512K Free: 508665K (88%)
----------------- Invoking toplevel() on ptolemy.moml.MoMLSimpleApplication@c0470fe
----------------- Done invoking toplevel() on ptolemy.moml.MoMLSimpleApplication@c0470fe
reloadAllAccessors: .CausalityInterface7

===========================================================================================
----------------- testing Thu May 31 20:34:35 UTC 2018 /home/travis/build/icyphy/ptII/ptolemy/domains/modal/test/auto/CausalityInterface8.xml
----------------- Instantiating /home/travis/build/icyphy/ptII/ptolemy/domains/modal/test/auto/CausalityInterface8.xml
7 ms. Memory: 576512K Free: 492507K (85%)
----------------- Invoking toplevel() on ptolemy.moml.MoMLSimpleApplication@4612a420
----------------- Done invoking toplevel() on ptolemy.moml.MoMLSimpleApplication@4612a420
reloadAllAccessors: .CausalityInterface8

===========================================================================================
----------------- testing Thu May 31 20:34:35 UTC 2018 /home/travis/build/icyphy/ptII/ptolemy/domains/modal/test/auto/CausalityInterface9.xml
----------------- Instantiating /home/travis/build/icyphy/ptII/ptolemy/domains/modal/test/auto/CausalityInterface9.xml
4 ms. Memory: 576512K Free: 479507K (83%)
----------------- Invoking toplevel() on ptolemy.moml.MoMLSimpleApplication@501f3cc7
----------------- Done invoking toplevel() on ptolemy.moml.MoMLSimpleApplication@501f3cc7
reloadAllAccessors: .CausalityInterface9

===========================================================================================
----------------- testing Thu May 31 20:34:35 UTC 2018 /home/travis/build/icyphy/ptII/ptolemy/domains/modal/test/auto/ChainedTransitions.xml
----------------- Instantiating /home/travis/build/icyphy/ptII/ptolemy/domains/modal/test/auto/ChainedTransitions.xml
105 ms. Memory: 576512K Free: 445367K (77%)
----------------- Invoking toplevel() on ptolemy.moml.MoMLSimpleApplication@6c272e98
----------------- Done invoking toplevel() on ptolemy.moml.MoMLSimpleApplication@6c272e98
reloadAllAccessors: .ChainedTransitions

===========================================================================================
----------------- testing Thu May 31 20:34:35 UTC 2018 /home/travis/build/icyphy/ptII/ptolemy/domains/modal/test/auto/CycleOfImmediateTransitionsFSM.xml
----------------- Instantiating /home/travis/build/icyphy/ptII/ptolemy/domains/modal/test/auto/CycleOfImmediateTransitionsFSM.xml
3 ms. Memory: 576512K Free: 435620K (76%)
----------------- Invoking toplevel() on ptolemy.moml.MoMLSimpleApplication@6b9d2836
----------------- Done invoking toplevel() on ptolemy.moml.MoMLSimpleApplication@6b9d2836
reloadAllAccessors: .CycleOfImmediateTransitionsFSM

===========================================================================================
----------------- testing Thu May 31 20:34:35 UTC 2018 /home/travis/build/icyphy/ptII/ptolemy/domains/modal/test/auto/CycleOfImmediateTransitionsModal.xml
----------------- Instantiating /home/travis/build/icyphy/ptII/ptolemy/domains/modal/test/auto/CycleOfImmediateTransitionsModal.xml
7 ms. Memory: 576512K Free: 422701K (73%)
----------------- Invoking toplevel() on ptolemy.moml.MoMLSimpleApplication@beda623
----------------- Done invoking toplevel() on ptolemy.moml.MoMLSimpleApplication@beda623
reloadAllAccessors: .CycleOfImmediateTransitionsModal

===========================================================================================
----------------- testing Thu May 31 20:34:35 UTC 2018 /home/travis/build/icyphy/ptII/ptolemy/domains/modal/test/auto/CycleOfImmediateTransitionsModal2.xml
----------------- Instantiating /home/travis/build/icyphy/ptII/ptolemy/domains/modal/test/auto/CycleOfImmediateTransitionsModal2.xml
5 ms. Memory: 576512K Free: 412947K (72%)
----------------- Invoking toplevel() on ptolemy.moml.MoMLSimpleApplication@366274a8
----------------- Done invoking toplevel() on ptolemy.moml.MoMLSimpleApplication@366274a8
reloadAllAccessors: .CycleOfImmediateTransitionsModal2

===========================================================================================
----------------- testing Thu May 31 20:34:35 UTC 2018 /home/travis/build/icyphy/ptII/ptolemy/domains/modal/test/auto/CycleOfImmediateTransitionsModal3.xml
----------------- Instantiating /home/travis/build/icyphy/ptII/ptolemy/domains/modal/test/auto/CycleOfImmediateTransitionsModal3.xml
9 ms. Memory: 576512K Free: 383676K (67%)
----------------- Invoking toplevel() on ptolemy.moml.MoMLSimpleApplication@26b4e1c2
----------------- Done invoking toplevel() on ptolemy.moml.MoMLSimpleApplication@26b4e1c2
reloadAllAccessors: .CycleOfImmediateTransitionsModal3

===========================================================================================
----------------- testing Thu May 31 20:34:35 UTC 2018 /home/travis/build/icyphy/ptII/ptolemy/domains/modal/test/auto/DeepModal1.xml
----------------- Instantiating /home/travis/build/icyphy/ptII/ptolemy/domains/modal/test/auto/DeepModal1.xml
24 ms. Memory: 576512K Free: 364151K (63%)
----------------- Invoking toplevel() on ptolemy.moml.MoMLSimpleApplication@4189888
----------------- Done invoking toplevel() on ptolemy.moml.MoMLSimpleApplication@4189888
reloadAllAccessors: .DeepModal1

===========================================================================================
----------------- testing Thu May 31 20:34:35 UTC 2018 /home/travis/build/icyphy/ptII/ptolemy/domains/modal/test/auto/DeepModal2.xml
----------------- Instantiating /home/travis/build/icyphy/ptII/ptolemy/domains/modal/test/auto/DeepModal2.xml
15 ms. Memory: 576512K Free: 338224K (59%)
----------------- Invoking toplevel() on ptolemy.moml.MoMLSimpleApplication@7e8ce9d7
----------------- Done invoking toplevel() on ptolemy.moml.MoMLSimpleApplication@7e8ce9d7
reloadAllAccessors: .DeepModal2

===========================================================================================
----------------- testing Thu May 31 20:34:35 UTC 2018 /home/travis/build/icyphy/ptII/ptolemy/domains/modal/test/auto/DeepModal3.xml
----------------- Instantiating /home/travis/build/icyphy/ptII/ptolemy/domains/modal/test/auto/DeepModal3.xml
26 ms. Memory: 576512K Free: 315469K (55%)
----------------- Invoking toplevel() on ptolemy.moml.MoMLSimpleApplication@7ff4495f
----------------- Done invoking toplevel() on ptolemy.moml.MoMLSimpleApplication@7ff4495f
reloadAllAccessors: .DeepModal3

===========================================================================================
----------------- testing Thu May 31 20:34:35 UTC 2018 /home/travis/build/icyphy/ptII/ptolemy/domains/modal/test/auto/DeepModal4.xml
----------------- Instantiating /home/travis/build/icyphy/ptII/ptolemy/domains/modal/test/auto/DeepModal4.xml
30 ms. Memory: 576512K Free: 292722K (51%)
----------------- Invoking toplevel() on ptolemy.moml.MoMLSimpleApplication@56e3047c
----------------- Done invoking toplevel() on ptolemy.moml.MoMLSimpleApplication@56e3047c
reloadAllAccessors: .DeepModal4

===========================================================================================
----------------- testing Thu May 31 20:34:36 UTC 2018 /home/travis/build/icyphy/ptII/ptolemy/domains/modal/test/auto/Default1.xml
----------------- Instantiating /home/travis/build/icyphy/ptII/ptolemy/domains/modal/test/auto/Default1.xml
2 ms. Memory: 576512K Free: 282968K (49%)
----------------- Invoking toplevel() on ptolemy.moml.MoMLSimpleApplication@1862ff65
----------------- Done invoking toplevel() on ptolemy.moml.MoMLSimpleApplication@1862ff65
reloadAllAccessors: .Default1

===========================================================================================
----------------- testing Thu May 31 20:34:36 UTC 2018 /home/travis/build/icyphy/ptII/ptolemy/domains/modal/test/auto/Default2.xml
----------------- Instantiating /home/travis/build/icyphy/ptII/ptolemy/domains/modal/test/auto/Default2.xml
2 ms. Memory: 576512K Free: 270065K (47%)
----------------- Invoking toplevel() on ptolemy.moml.MoMLSimpleApplication@1f8c1e78
----------------- Done invoking toplevel() on ptolemy.moml.MoMLSimpleApplication@1f8c1e78
reloadAllAccessors: .Default2

===========================================================================================
----------------- testing Thu May 31 20:34:36 UTC 2018 /home/travis/build/icyphy/ptII/ptolemy/domains/modal/test/auto/Default3.xml
----------------- Instantiating /home/travis/build/icyphy/ptII/ptolemy/domains/modal/test/auto/Default3.xml
8 ms. Memory: 576512K Free: 260310K (45%)
----------------- Invoking toplevel() on ptolemy.moml.MoMLSimpleApplication@2d4f50f
----------------- Done invoking toplevel() on ptolemy.moml.MoMLSimpleApplication@2d4f50f
reloadAllAccessors: .Default3

===========================================================================================
----------------- testing Thu May 31 20:34:36 UTC 2018 /home/travis/build/icyphy/ptII/ptolemy/domains/modal/test/auto/Default4.xml
----------------- Instantiating /home/travis/build/icyphy/ptII/ptolemy/domains/modal/test/auto/Default4.xml
7 ms. Memory: 576512K Free: 250572K (43%)
----------------- Invoking toplevel() on ptolemy.moml.MoMLSimpleApplication@433e0925
----------------- Done invoking toplevel() on ptolemy.moml.MoMLSimpleApplication@433e0925
reloadAllAccessors: .Default4

===========================================================================================
----------------- testing Thu May 31 20:34:36 UTC 2018 /home/travis/build/icyphy/ptII/ptolemy/domains/modal/test/auto/Default5.xml
----------------- Instantiating /home/travis/build/icyphy/ptII/ptolemy/domains/modal/test/auto/Default5.xml
11 ms. Memory: 576512K Free: 237572K (41%)
----------------- Invoking toplevel() on ptolemy.moml.MoMLSimpleApplication@8008c1b
----------------- Done invoking toplevel() on ptolemy.moml.MoMLSimpleApplication@8008c1b
reloadAllAccessors: .Default5

===========================================================================================
----------------- testing Thu May 31 20:34:36 UTC 2018 /home/travis/build/icyphy/ptII/ptolemy/domains/modal/test/auto/EmptyGuard.xml
----------------- Instantiating /home/travis/build/icyphy/ptII/ptolemy/domains/modal/test/auto/EmptyGuard.xml
16 ms. Memory: 576512K Free: 224563K (39%)
----------------- Invoking toplevel() on ptolemy.moml.MoMLSimpleApplication@3e9b0c01
----------------- Done invoking toplevel() on ptolemy.moml.MoMLSimpleApplication@3e9b0c01
reloadAllAccessors: .EmptyGuard

===========================================================================================
----------------- testing Thu May 31 20:34:36 UTC 2018 /home/travis/build/icyphy/ptII/ptolemy/domains/modal/test/auto/ErrorTransition1.xml
----------------- Instantiating /home/travis/build/icyphy/ptII/ptolemy/domains/modal/test/auto/ErrorTransition1.xml
6 ms. Memory: 576512K Free: 208398K (36%)
----------------- Invoking toplevel() on ptolemy.moml.MoMLSimpleApplication@50104aa3
----------------- Done invoking toplevel() on ptolemy.moml.MoMLSimpleApplication@50104aa3
reloadAllAccessors: .ErrorTransition1

===========================================================================================
----------------- testing Thu May 31 20:34:36 UTC 2018 /home/travis/build/icyphy/ptII/ptolemy/domains/modal/test/auto/ErrorTransition10.xml
----------------- Instantiating /home/travis/build/icyphy/ptII/ptolemy/domains/modal/test/auto/ErrorTransition10.xml
13 ms. Memory: 576512K Free: 192143K (33%)
----------------- Invoking toplevel() on ptolemy.moml.MoMLSimpleApplication@18ea9f79
----------------- Done invoking toplevel() on ptolemy.moml.MoMLSimpleApplication@18ea9f79
reloadAllAccessors: .ErrorTransition10

===========================================================================================
----------------- testing Thu May 31 20:34:36 UTC 2018 /home/travis/build/icyphy/ptII/ptolemy/domains/modal/test/auto/ErrorTransition11.xml
----------------- Instantiating /home/travis/build/icyphy/ptII/ptolemy/domains/modal/test/auto/ErrorTransition11.xml
4 ms. Memory: 576512K Free: 175881K (31%)
----------------- Invoking toplevel() on ptolemy.moml.MoMLSimpleApplication@365cdda7
----------------- Done invoking toplevel() on ptolemy.moml.MoMLSimpleApplication@365cdda7
reloadAllAccessors: .ErrorTransition11

===========================================================================================
----------------- testing Thu May 31 20:34:36 UTC 2018 /home/travis/build/icyphy/ptII/ptolemy/domains/modal/test/auto/ErrorTransition2.xml
----------------- Instantiating /home/travis/build/icyphy/ptII/ptolemy/domains/modal/test/auto/ErrorTransition2.xml
5 ms. Memory: 576512K Free: 162881K (28%)
----------------- Invoking toplevel() on ptolemy.moml.MoMLSimpleApplication@26b60ad1
----------------- Done invoking toplevel() on ptolemy.moml.MoMLSimpleApplication@26b60ad1
reloadAllAccessors: .ErrorTransition2

===========================================================================================
----------------- testing Thu May 31 20:34:36 UTC 2018 /home/travis/build/icyphy/ptII/ptolemy/domains/modal/test/auto/ErrorTransition3.xml
----------------- Instantiating /home/travis/build/icyphy/ptII/ptolemy/domains/modal/test/auto/ErrorTransition3.xml
6 ms. Memory: 576512K Free: 146723K (25%)
----------------- Invoking toplevel() on ptolemy.moml.MoMLSimpleApplication@5ba9f8b2
----------------- Done invoking toplevel() on ptolemy.moml.MoMLSimpleApplication@5ba9f8b2
reloadAllAccessors: .ErrorTransition3

===========================================================================================
----------------- testing Thu May 31 20:34:36 UTC 2018 /home/travis/build/icyphy/ptII/ptolemy/domains/modal/test/auto/ErrorTransition4.xml
----------------- Instantiating /home/travis/build/icyphy/ptII/ptolemy/domains/modal/test/auto/ErrorTransition4.xml
5 ms. Memory: 576512K Free: 133731K (23%)
----------------- Invoking toplevel() on ptolemy.moml.MoMLSimpleApplication@65314b95
----------------- Done invoking toplevel() on ptolemy.moml.MoMLSimpleApplication@65314b95
reloadAllAccessors: .ErrorTransition4

===========================================================================================
----------------- testing Thu May 31 20:34:36 UTC 2018 /home/travis/build/icyphy/ptII/ptolemy/domains/modal/test/auto/ErrorTransition5.xml
----------------- Instantiating /home/travis/build/icyphy/ptII/ptolemy/domains/modal/test/auto/ErrorTransition5.xml
6 ms. Memory: 576512K Free: 120731K (21%)
----------------- Invoking toplevel() on ptolemy.moml.MoMLSimpleApplication@4c926fc0
----------------- Done invoking toplevel() on ptolemy.moml.MoMLSimpleApplication@4c926fc0
reloadAllAccessors: .ErrorTransition5

===========================================================================================
----------------- testing Thu May 31 20:34:36 UTC 2018 /home/travis/build/icyphy/ptII/ptolemy/domains/modal/test/auto/ErrorTransition6.xml
----------------- Instantiating /home/travis/build/icyphy/ptII/ptolemy/domains/modal/test/auto/ErrorTransition6.xml
7 ms. Memory: 576512K Free: 107738K (19%)
----------------- Invoking toplevel() on ptolemy.moml.MoMLSimpleApplication@45901af6
----------------- Done invoking toplevel() on ptolemy.moml.MoMLSimpleApplication@45901af6
reloadAllAccessors: .ErrorTransition6

===========================================================================================
----------------- testing Thu May 31 20:34:36 UTC 2018 /home/travis/build/icyphy/ptII/ptolemy/domains/modal/test/auto/ErrorTransition7.xml
----------------- Instantiating /home/travis/build/icyphy/ptII/ptolemy/domains/modal/test/auto/ErrorTransition7.xml
12 ms. Memory: 576512K Free: 88327K (15%)
----------------- Invoking toplevel() on ptolemy.moml.MoMLSimpleApplication@357e99df
----------------- Done invoking toplevel() on ptolemy.moml.MoMLSimpleApplication@357e99df
reloadAllAccessors: .ErrorTransition7

===========================================================================================
----------------- testing Thu May 31 20:34:36 UTC 2018 /home/travis/build/icyphy/ptII/ptolemy/domains/modal/test/auto/ErrorTransition8.xml
----------------- Instantiating /home/travis/build/icyphy/ptII/ptolemy/domains/modal/test/auto/ErrorTransition8.xml
34 ms. Memory: 577024K Free: 559209K (97%)
----------------- Invoking toplevel() on ptolemy.moml.MoMLSimpleApplication@3cef7991
----------------- Done invoking toplevel() on ptolemy.moml.MoMLSimpleApplication@3cef7991
reloadAllAccessors: .ErrorTransition8

===========================================================================================
----------------- testing Thu May 31 20:34:36 UTC 2018 /home/travis/build/icyphy/ptII/ptolemy/domains/modal/test/auto/ErrorTransition9.xml
----------------- Instantiating /home/travis/build/icyphy/ptII/ptolemy/domains/modal/test/auto/ErrorTransition9.xml
14 ms. Memory: 577024K Free: 539939K (94%)
----------------- Invoking toplevel() on ptolemy.moml.MoMLSimpleApplication@29ae1a8f
----------------- Done invoking toplevel() on ptolemy.moml.MoMLSimpleApplication@29ae1a8f
reloadAllAccessors: .ErrorTransition9

===========================================================================================
----------------- testing Thu May 31 20:34:36 UTC 2018 /home/travis/build/icyphy/ptII/ptolemy/domains/modal/test/auto/ExtendedFSM.xml
----------------- Instantiating /home/travis/build/icyphy/ptII/ptolemy/domains/modal/test/auto/ExtendedFSM.xml
5 ms. Memory: 577024K Free: 530184K (92%)
----------------- Invoking toplevel() on ptolemy.moml.MoMLSimpleApplication@5ab26e66
----------------- Done invoking toplevel() on ptolemy.moml.MoMLSimpleApplication@5ab26e66
reloadAllAccessors: .ExtendedFSM

===========================================================================================
----------------- testing Thu May 31 20:34:36 UTC 2018 /home/travis/build/icyphy/ptII/ptolemy/domains/modal/test/auto/FinalStates.xml
----------------- Instantiating /home/travis/build/icyphy/ptII/ptolemy/domains/modal/test/auto/FinalStates.xml
6 ms. Memory: 577024K Free: 518218K (90%)
----------------- Invoking toplevel() on ptolemy.moml.MoMLSimpleApplication@727cbc1a
----------------- Done invoking toplevel() on ptolemy.moml.MoMLSimpleApplication@727cbc1a
reloadAllAccessors: .FinalStates

===========================================================================================
----------------- testing Thu May 31 20:34:36 UTC 2018 /home/travis/build/icyphy/ptII/ptolemy/domains/modal/test/auto/FixedPointFSM.xml
----------------- Instantiating /home/travis/build/icyphy/ptII/ptolemy/domains/modal/test/auto/FixedPointFSM.xml
22 ms. Memory: 577024K Free: 501120K (87%)
----------------- Invoking toplevel() on ptolemy.moml.MoMLSimpleApplication@5c74dec9
----------------- Done invoking toplevel() on ptolemy.moml.MoMLSimpleApplication@5c74dec9
reloadAllAccessors: .FixedPointFSM

===========================================================================================
----------------- testing Thu May 31 20:34:36 UTC 2018 /home/travis/build/icyphy/ptII/ptolemy/domains/modal/test/auto/FixedPointIterationFSMActor.xml
----------------- Instantiating /home/travis/build/icyphy/ptII/ptolemy/domains/modal/test/auto/FixedPointIterationFSMActor.xml
10 ms. Memory: 577024K Free: 488930K (85%)
----------------- Invoking toplevel() on ptolemy.moml.MoMLSimpleApplication@11200f65
----------------- Done invoking toplevel() on ptolemy.moml.MoMLSimpleApplication@11200f65
reloadAllAccessors: .FixedPointIterationFSMActor

===========================================================================================
----------------- testing Thu May 31 20:34:36 UTC 2018 /home/travis/build/icyphy/ptII/ptolemy/domains/modal/test/auto/FixedPointIterationFSMActor2.xml
----------------- Instantiating /home/travis/build/icyphy/ptII/ptolemy/domains/modal/test/auto/FixedPointIterationFSMActor2.xml
26 ms. Memory: 577024K Free: 472062K (82%)
----------------- Invoking toplevel() on ptolemy.moml.MoMLSimpleApplication@c105ab3
----------------- Done invoking toplevel() on ptolemy.moml.MoMLSimpleApplication@c105ab3
reloadAllAccessors: .FixedPointIterationFSMActor2

===========================================================================================
----------------- testing Thu May 31 20:34:36 UTC 2018 /home/travis/build/icyphy/ptII/ptolemy/domains/modal/test/auto/ForbiddenInstantanousLoop.xml
----------------- Instantiating /home/travis/build/icyphy/ptII/ptolemy/domains/modal/test/auto/ForbiddenInstantanousLoop.xml
6 ms. Memory: 577024K Free: 457439K (79%)
----------------- Invoking toplevel() on ptolemy.moml.MoMLSimpleApplication@776193df
----------------- Done invoking toplevel() on ptolemy.moml.MoMLSimpleApplication@776193df
reloadAllAccessors: .ForbiddenInstantanousLoop

===========================================================================================
----------------- testing Thu May 31 20:34:37 UTC 2018 /home/travis/build/icyphy/ptII/ptolemy/domains/modal/test/auto/FunctionDependencyOfFSMActorTest.xml
----------------- Instantiating /home/travis/build/icyphy/ptII/ptolemy/domains/modal/test/auto/FunctionDependencyOfFSMActorTest.xml
16 ms. Memory: 577024K Free: 450119K (78%)
----------------- Invoking toplevel() on ptolemy.moml.MoMLSimpleApplication@28065adf
----------------- Done invoking toplevel() on ptolemy.moml.MoMLSimpleApplication@28065adf
reloadAllAccessors: .FunctionDependencyOfFSMActorTest

===========================================================================================
----------------- testing Thu May 31 20:34:37 UTC 2018 /home/travis/build/icyphy/ptII/ptolemy/domains/modal/test/auto/GuardExpression.xml
----------------- Instantiating /home/travis/build/icyphy/ptII/ptolemy/domains/modal/test/auto/GuardExpression.xml
2 ms. Memory: 577024K Free: 440587K (76%)
----------------- Invoking toplevel() on ptolemy.moml.MoMLSimpleApplication@432dcb3b
----------------- Done invoking toplevel() on ptolemy.moml.MoMLSimpleApplication@432dcb3b
reloadAllAccessors: .GuardExpression

===========================================================================================
----------------- testing Thu May 31 20:34:37 UTC 2018 /home/travis/build/icyphy/ptII/ptolemy/domains/modal/test/auto/GuardNotEvaluated.xml
----------------- Instantiating /home/travis/build/icyphy/ptII/ptolemy/domains/modal/test/auto/GuardNotEvaluated.xml
11 ms. Memory: 577024K Free: 428398K (74%)
----------------- Invoking toplevel() on ptolemy.moml.MoMLSimpleApplication@2b77f488
----------------- Done invoking toplevel() on ptolemy.moml.MoMLSimpleApplication@2b77f488
reloadAllAccessors: .GuardNotEvaluated

===========================================================================================
----------------- testing Thu May 31 20:34:37 UTC 2018 /home/travis/build/icyphy/ptII/ptolemy/domains/modal/test/auto/GuardNotEvaluated2.xml
----------------- Instantiating /home/travis/build/icyphy/ptII/ptolemy/domains/modal/test/auto/GuardNotEvaluated2.xml
8 ms. Memory: 577024K Free: 416208K (72%)
----------------- Invoking toplevel() on ptolemy.moml.MoMLSimpleApplication@7e35fa9e
----------------- Done invoking toplevel() on ptolemy.moml.MoMLSimpleApplication@7e35fa9e
reloadAllAccessors: .GuardNotEvaluated2

===========================================================================================
----------------- testing Thu May 31 20:34:37 UTC 2018 /home/travis/build/icyphy/ptII/ptolemy/domains/modal/test/auto/GuardOnAbsent.xml
----------------- Instantiating /home/travis/build/icyphy/ptII/ptolemy/domains/modal/test/auto/GuardOnAbsent.xml
8 ms. Memory: 577024K Free: 404241K (70%)
----------------- Invoking toplevel() on ptolemy.moml.MoMLSimpleApplication@6d0d7c0b
----------------- Done invoking toplevel() on ptolemy.moml.MoMLSimpleApplication@6d0d7c0b
reloadAllAccessors: .GuardOnAbsent

===========================================================================================
----------------- testing Thu May 31 20:34:37 UTC 2018 /home/travis/build/icyphy/ptII/ptolemy/domains/modal/test/auto/HierarchicalFSMTypeInference.xml
----------------- Instantiating /home/travis/build/icyphy/ptII/ptolemy/domains/modal/test/auto/HierarchicalFSMTypeInference.xml
5 ms. Memory: 577024K Free: 389610K (68%)
----------------- Invoking toplevel() on ptolemy.moml.MoMLSimpleApplication@2d3046d2
----------------- Done invoking toplevel() on ptolemy.moml.MoMLSimpleApplication@2d3046d2
reloadAllAccessors: .HierarchicalFSMTypeInference

===========================================================================================
----------------- testing Thu May 31 20:34:37 UTC 2018 /home/travis/build/icyphy/ptII/ptolemy/domains/modal/test/auto/Hysteresis.xml
----------------- Instantiating /home/travis/build/icyphy/ptII/ptolemy/domains/modal/test/auto/Hysteresis.xml
11 ms. Memory: 577024K Free: 372536K (65%)
----------------- Invoking toplevel() on ptolemy.moml.MoMLSimpleApplication@52821cf1
----------------- Done invoking toplevel() on ptolemy.moml.MoMLSimpleApplication@52821cf1
reloadAllAccessors: .Hysteresis

===========================================================================================
----------------- testing Thu May 31 20:34:37 UTC 2018 /home/travis/build/icyphy/ptII/ptolemy/domains/modal/test/auto/HysteresisWithDefault.xml
----------------- Instantiating /home/travis/build/icyphy/ptII/ptolemy/domains/modal/test/auto/HysteresisWithDefault.xml
44 ms. Memory: 577024K Free: 343479K (60%)
----------------- Invoking toplevel() on ptolemy.moml.MoMLSimpleApplication@7b4619f6
----------------- Done invoking toplevel() on ptolemy.moml.MoMLSimpleApplication@7b4619f6
reloadAllAccessors: .HysteresisWithDefault

===========================================================================================
----------------- testing Thu May 31 20:34:37 UTC 2018 /home/travis/build/icyphy/ptII/ptolemy/domains/modal/test/auto/HysteresisWithDefault2.xml
----------------- Instantiating /home/travis/build/icyphy/ptII/ptolemy/domains/modal/test/auto/HysteresisWithDefault2.xml
44 ms. Memory: 577024K Free: 311749K (54%)
----------------- Invoking toplevel() on ptolemy.moml.MoMLSimpleApplication@32c4b124
----------------- Done invoking toplevel() on ptolemy.moml.MoMLSimpleApplication@32c4b124
reloadAllAccessors: .HysteresisWithDefault2

===========================================================================================
----------------- testing Thu May 31 20:34:37 UTC 2018 /home/travis/build/icyphy/ptII/ptolemy/domains/modal/test/auto/ImmediateNonConstructiveness.xml
----------------- Instantiating /home/travis/build/icyphy/ptII/ptolemy/domains/modal/test/auto/ImmediateNonConstructiveness.xml
3 ms. Memory: 577024K Free: 299783K (52%)
----------------- Invoking toplevel() on ptolemy.moml.MoMLSimpleApplication@5bb67d28
----------------- Done invoking toplevel() on ptolemy.moml.MoMLSimpleApplication@5bb67d28
reloadAllAccessors: .ImmediateNonConstructiveness

===========================================================================================
----------------- testing Thu May 31 20:34:37 UTC 2018 /home/travis/build/icyphy/ptII/ptolemy/domains/modal/test/auto/ImmediateNonConstructiveness2.xml
----------------- Instantiating /home/travis/build/icyphy/ptII/ptolemy/domains/modal/test/auto/ImmediateNonConstructiveness2.xml
2 ms. Memory: 577024K Free: 290028K (50%)
----------------- Invoking toplevel() on ptolemy.moml.MoMLSimpleApplication@21a5f8f8
----------------- Done invoking toplevel() on ptolemy.moml.MoMLSimpleApplication@21a5f8f8
reloadAllAccessors: .ImmediateNonConstructiveness2

===========================================================================================
----------------- testing Thu May 31 20:34:37 UTC 2018 /home/travis/build/icyphy/ptII/ptolemy/domains/modal/test/auto/ImmediateTransitionReset.xml
----------------- Instantiating /home/travis/build/icyphy/ptII/ptolemy/domains/modal/test/auto/ImmediateTransitionReset.xml
6 ms. Memory: 577024K Free: 275389K (48%)
----------------- Invoking toplevel() on ptolemy.moml.MoMLSimpleApplication@2833e53e
----------------- Done invoking toplevel() on ptolemy.moml.MoMLSimpleApplication@2833e53e
reloadAllAccessors: .ImmediateTransitionReset

===========================================================================================
----------------- testing Thu May 31 20:34:37 UTC 2018 /home/travis/build/icyphy/ptII/ptolemy/domains/modal/test/auto/ImmediateTransitions1.xml
----------------- Instantiating /home/travis/build/icyphy/ptII/ptolemy/domains/modal/test/auto/ImmediateTransitions1.xml
2 ms. Memory: 577024K Free: 265856K (46%)
----------------- Invoking toplevel() on ptolemy.moml.MoMLSimpleApplication@8e45f74
----------------- Done invoking toplevel() on ptolemy.moml.MoMLSimpleApplication@8e45f74
reloadAllAccessors: .ImmediateTransitions1

===========================================================================================
----------------- testing Thu May 31 20:34:37 UTC 2018 /home/travis/build/icyphy/ptII/ptolemy/domains/modal/test/auto/ImmediateTransitionsInstantaneousCommunication.xml
----------------- Instantiating /home/travis/build/icyphy/ptII/ptolemy/domains/modal/test/auto/ImmediateTransitionsInstantaneousCommunication.xml
5 ms. Memory: 577024K Free: 251233K (44%)
----------------- Invoking toplevel() on ptolemy.moml.MoMLSimpleApplication@269831c1
----------------- Done invoking toplevel() on ptolemy.moml.MoMLSimpleApplication@269831c1
reloadAllAccessors: .ImmediateTransitionsInstantaneousCommunication

===========================================================================================
----------------- testing Thu May 31 20:34:37 UTC 2018 /home/travis/build/icyphy/ptII/ptolemy/domains/modal/test/auto/InitialImmediateTransition.xml
----------------- Instantiating /home/travis/build/icyphy/ptII/ptolemy/domains/modal/test/auto/InitialImmediateTransition.xml
3 ms. Memory: 577024K Free: 241478K (42%)
----------------- Invoking toplevel() on ptolemy.moml.MoMLSimpleApplication@1537f268
----------------- Done invoking toplevel() on ptolemy.moml.MoMLSimpleApplication@1537f268
reloadAllAccessors: .InitialImmediateTransition

===========================================================================================
----------------- testing Thu May 31 20:34:37 UTC 2018 /home/travis/build/icyphy/ptII/ptolemy/domains/modal/test/auto/InitialOutputs.xml
----------------- Instantiating /home/travis/build/icyphy/ptII/ptolemy/domains/modal/test/auto/InitialOutputs.xml
4 ms. Memory: 577024K Free: 229512K (40%)
----------------- Invoking toplevel() on ptolemy.moml.MoMLSimpleApplication@2eda41d2
----------------- Done invoking toplevel() on ptolemy.moml.MoMLSimpleApplication@2eda41d2
reloadAllAccessors: .InitialOutputs

===========================================================================================
----------------- testing Thu May 31 20:34:37 UTC 2018 /home/travis/build/icyphy/ptII/ptolemy/domains/modal/test/auto/InitialStateTransition1.xml
----------------- Instantiating /home/travis/build/icyphy/ptII/ptolemy/domains/modal/test/auto/InitialStateTransition1.xml
2 ms. Memory: 577024K Free: 219758K (38%)
----------------- Invoking toplevel() on ptolemy.moml.MoMLSimpleApplication@50dcf541
----------------- Done invoking toplevel() on ptolemy.moml.MoMLSimpleApplication@50dcf541
reloadAllAccessors: .InitialStateTransition1

===========================================================================================
----------------- testing Thu May 31 20:34:37 UTC 2018 /home/travis/build/icyphy/ptII/ptolemy/domains/modal/test/auto/InitialStateTransition2.xml
----------------- Instantiating /home/travis/build/icyphy/ptII/ptolemy/domains/modal/test/auto/InitialStateTransition2.xml
.InitialStateTransition2.TestExceptionAttributeNonConstructive: initialize() was not invoked, but wrapup() was.  This is unusual, but not always a problem.  For example, exporting JNLP will do this.
1 ms. Memory: 577024K Free: 207561K (36%)
----------------- Invoking toplevel() on ptolemy.moml.MoMLSimpleApplication@50f939eb
----------------- Done invoking toplevel() on ptolemy.moml.MoMLSimpleApplication@50f939eb
reloadAllAccessors: .InitialStateTransition2

===========================================================================================
----------------- testing Thu May 31 20:34:37 UTC 2018 /home/travis/build/icyphy/ptII/ptolemy/domains/modal/test/auto/InitialStateTransition3.xml
----------------- Instantiating /home/travis/build/icyphy/ptII/ptolemy/domains/modal/test/auto/InitialStateTransition3.xml
5 ms. Memory: 577024K Free: 193168K (33%)
----------------- Invoking toplevel() on ptolemy.moml.MoMLSimpleApplication@70451b89
----------------- Done invoking toplevel() on ptolemy.moml.MoMLSimpleApplication@70451b89
reloadAllAccessors: .InitialStateTransition3

===========================================================================================
----------------- testing Thu May 31 20:34:37 UTC 2018 /home/travis/build/icyphy/ptII/ptolemy/domains/modal/test/auto/InitialStateTransition4.xml
----------------- Instantiating /home/travis/build/icyphy/ptII/ptolemy/domains/modal/test/auto/InitialStateTransition4.xml
2 ms. Memory: 577024K Free: 180994K (31%)
----------------- Invoking toplevel() on ptolemy.moml.MoMLSimpleApplication@60f086e
----------------- Done invoking toplevel() on ptolemy.moml.MoMLSimpleApplication@60f086e
[...]
----------------- Done invoking toplevel() on ptolemy.moml.MoMLSimpleApplication@7d016ef4
reloadAllAccessors: .TerminationTransition3

===========================================================================================
----------------- testing Thu May 31 20:34:39 UTC 2018 /home/travis/build/icyphy/ptII/ptolemy/domains/modal/test/auto/TerminationTransition4.xml
----------------- Instantiating /home/travis/build/icyphy/ptII/ptolemy/domains/modal/test/auto/TerminationTransition4.xml
3 ms. Memory: 868864K Free: 128776K (15%)
----------------- Invoking toplevel() on ptolemy.moml.MoMLSimpleApplication@20822967
----------------- Done invoking toplevel() on ptolemy.moml.MoMLSimpleApplication@20822967
reloadAllAccessors: .TerminationTransition4

===========================================================================================
----------------- testing Thu May 31 20:34:39 UTC 2018 /home/travis/build/icyphy/ptII/ptolemy/domains/modal/test/auto/TerminationTransition5.xml
----------------- Instantiating /home/travis/build/icyphy/ptII/ptolemy/domains/modal/test/auto/TerminationTransition5.xml
3 ms. Memory: 868864K Free: 109275K (13%)
----------------- Invoking toplevel() on ptolemy.moml.MoMLSimpleApplication@194bdf92
----------------- Done invoking toplevel() on ptolemy.moml.MoMLSimpleApplication@194bdf92
reloadAllAccessors: .TerminationTransition5

===========================================================================================
----------------- testing Thu May 31 20:34:39 UTC 2018 /home/travis/build/icyphy/ptII/ptolemy/domains/modal/test/auto/TerminationTransition6.xml
----------------- Instantiating /home/travis/build/icyphy/ptII/ptolemy/domains/modal/test/auto/TerminationTransition6.xml
2 ms. Memory: 868864K Free: 91082K (10%)
----------------- Invoking toplevel() on ptolemy.moml.MoMLSimpleApplication@1225857c
----------------- Done invoking toplevel() on ptolemy.moml.MoMLSimpleApplication@1225857c
reloadAllAccessors: .TerminationTransition6

===========================================================================================
----------------- testing Thu May 31 20:34:39 UTC 2018 /home/travis/build/icyphy/ptII/ptolemy/domains/modal/test/auto/TerminationTransition7.xml
----------------- Instantiating /home/travis/build/icyphy/ptII/ptolemy/domains/modal/test/auto/TerminationTransition7.xml
2 ms. Memory: 868864K Free: 78673K (9%)
----------------- Invoking toplevel() on ptolemy.moml.MoMLSimpleApplication@7fb86271
----------------- Done invoking toplevel() on ptolemy.moml.MoMLSimpleApplication@7fb86271
reloadAllAccessors: .TerminationTransition7

===========================================================================================
----------------- testing Thu May 31 20:34:39 UTC 2018 /home/travis/build/icyphy/ptII/ptolemy/domains/modal/test/auto/TerminationTransition8.xml
----------------- Instantiating /home/travis/build/icyphy/ptII/ptolemy/domains/modal/test/auto/TerminationTransition8.xml
2 ms. Memory: 869376K Free: 840670K (97%)
----------------- Invoking toplevel() on ptolemy.moml.MoMLSimpleApplication@16129010
----------------- Done invoking toplevel() on ptolemy.moml.MoMLSimpleApplication@16129010
reloadAllAccessors: .TerminationTransition8

===========================================================================================
----------------- testing Thu May 31 20:34:39 UTC 2018 /home/travis/build/icyphy/ptII/ptolemy/domains/modal/test/auto/Thermostat_NoHysteresis.xml
----------------- Instantiating /home/travis/build/icyphy/ptII/ptolemy/domains/modal/test/auto/Thermostat_NoHysteresis.xml
24 ms. Memory: 869376K Free: 807599K (93%)
----------------- Invoking toplevel() on ptolemy.moml.MoMLSimpleApplication@7051f91b
----------------- Done invoking toplevel() on ptolemy.moml.MoMLSimpleApplication@7051f91b
reloadAllAccessors: .Thermostat_NoHysteresis

===========================================================================================
----------------- testing Thu May 31 20:34:39 UTC 2018 /home/travis/build/icyphy/ptII/ptolemy/domains/modal/test/auto/TimedFSM.xml
----------------- Instantiating /home/travis/build/icyphy/ptII/ptolemy/domains/modal/test/auto/TimedFSM.xml
8 ms. Memory: 869376K Free: 792008K (91%)
----------------- Invoking toplevel() on ptolemy.moml.MoMLSimpleApplication@46e8789b
----------------- Done invoking toplevel() on ptolemy.moml.MoMLSimpleApplication@46e8789b
reloadAllAccessors: .TimedFSM

===========================================================================================
----------------- testing Thu May 31 20:34:39 UTC 2018 /home/travis/build/icyphy/ptII/ptolemy/domains/modal/test/auto/Timeout1.xml
----------------- Instantiating /home/travis/build/icyphy/ptII/ptolemy/domains/modal/test/auto/Timeout1.xml
3 ms. Memory: 869376K Free: 779630K (90%)
----------------- Invoking toplevel() on ptolemy.moml.MoMLSimpleApplication@4155d1f9
----------------- Done invoking toplevel() on ptolemy.moml.MoMLSimpleApplication@4155d1f9
reloadAllAccessors: .Timeout1

===========================================================================================
----------------- testing Thu May 31 20:34:40 UTC 2018 /home/travis/build/icyphy/ptII/ptolemy/domains/modal/test/auto/Timeout2.xml
----------------- Instantiating /home/travis/build/icyphy/ptII/ptolemy/domains/modal/test/auto/Timeout2.xml
5 ms. Memory: 869376K Free: 764047K (88%)
----------------- Invoking toplevel() on ptolemy.moml.MoMLSimpleApplication@43241e3a
----------------- Done invoking toplevel() on ptolemy.moml.MoMLSimpleApplication@43241e3a
reloadAllAccessors: .Timeout2

===========================================================================================
----------------- testing Thu May 31 20:34:40 UTC 2018 /home/travis/build/icyphy/ptII/ptolemy/domains/modal/test/auto/Timeout3.xml
----------------- Instantiating /home/travis/build/icyphy/ptII/ptolemy/domains/modal/test/auto/Timeout3.xml
2 ms. Memory: 869376K Free: 751775K (86%)
----------------- Invoking toplevel() on ptolemy.moml.MoMLSimpleApplication@6f715e4d
----------------- Done invoking toplevel() on ptolemy.moml.MoMLSimpleApplication@6f715e4d
reloadAllAccessors: .Timeout3

===========================================================================================
----------------- testing Thu May 31 20:34:40 UTC 2018 /home/travis/build/icyphy/ptII/ptolemy/domains/modal/test/auto/Timeout4.xml
----------------- Instantiating /home/travis/build/icyphy/ptII/ptolemy/domains/modal/test/auto/Timeout4.xml
3 ms. Memory: 869376K Free: 741391K (85%)
----------------- Invoking toplevel() on ptolemy.moml.MoMLSimpleApplication@6e290180
----------------- Done invoking toplevel() on ptolemy.moml.MoMLSimpleApplication@6e290180
reloadAllAccessors: .Timeout4

===========================================================================================
----------------- testing Thu May 31 20:34:40 UTC 2018 /home/travis/build/icyphy/ptII/ptolemy/domains/modal/test/auto/TransientstateModelAdvanced.xml
----------------- Instantiating /home/travis/build/icyphy/ptII/ptolemy/domains/modal/test/auto/TransientstateModelAdvanced.xml
3 ms. Memory: 869376K Free: 718720K (83%)
----------------- Invoking toplevel() on ptolemy.moml.MoMLSimpleApplication@77fb7be4
----------------- Done invoking toplevel() on ptolemy.moml.MoMLSimpleApplication@77fb7be4
reloadAllAccessors: .TransientstateModelAdvanced

===========================================================================================
----------------- testing Thu May 31 20:34:40 UTC 2018 /home/travis/build/icyphy/ptII/ptolemy/domains/modal/test/auto/TransientstateModelAdvanced2.xml
----------------- Instantiating /home/travis/build/icyphy/ptII/ptolemy/domains/modal/test/auto/TransientstateModelAdvanced2.xml
2 ms. Memory: 869376K Free: 697953K (80%)
----------------- Invoking toplevel() on ptolemy.moml.MoMLSimpleApplication@2fc92bb0
----------------- Done invoking toplevel() on ptolemy.moml.MoMLSimpleApplication@2fc92bb0
reloadAllAccessors: .transientstatemodelAdvanced

===========================================================================================
----------------- testing Thu May 31 20:34:40 UTC 2018 /home/travis/build/icyphy/ptII/ptolemy/domains/modal/test/auto/TransitionRefinements.xml
----------------- Instantiating /home/travis/build/icyphy/ptII/ptolemy/domains/modal/test/auto/TransitionRefinements.xml
10 ms. Memory: 869376K Free: 680481K (78%)
----------------- Invoking toplevel() on ptolemy.moml.MoMLSimpleApplication@6ce7b6cd
----------------- Done invoking toplevel() on ptolemy.moml.MoMLSimpleApplication@6ce7b6cd
reloadAllAccessors: .TransitionRefinements

===========================================================================================
----------------- testing Thu May 31 20:34:40 UTC 2018 /home/travis/build/icyphy/ptII/ptolemy/domains/modal/test/auto/TwoRefinements1.xml
----------------- Instantiating /home/travis/build/icyphy/ptII/ptolemy/domains/modal/test/auto/TwoRefinements1.xml
3 ms. Memory: 869376K Free: 664890K (76%)
----------------- Invoking toplevel() on ptolemy.moml.MoMLSimpleApplication@70946690
----------------- Done invoking toplevel() on ptolemy.moml.MoMLSimpleApplication@70946690
reloadAllAccessors: .TwoRefinements1

===========================================================================================
----------------- testing Thu May 31 20:34:40 UTC 2018 /home/travis/build/icyphy/ptII/ptolemy/domains/modal/test/auto/TwoRefinements2.xml
----------------- Instantiating /home/travis/build/icyphy/ptII/ptolemy/domains/modal/test/auto/TwoRefinements2.xml
2 ms. Memory: 869376K Free: 647410K (74%)
----------------- Invoking toplevel() on ptolemy.moml.MoMLSimpleApplication@4a536bc
----------------- Done invoking toplevel() on ptolemy.moml.MoMLSimpleApplication@4a536bc
reloadAllAccessors: .TwoRefinements2

===========================================================================================
----------------- testing Thu May 31 20:34:40 UTC 2018 /home/travis/build/icyphy/ptII/ptolemy/domains/modal/test/auto/WeakImmediateTransition.xml
----------------- Instantiating /home/travis/build/icyphy/ptII/ptolemy/domains/modal/test/auto/WeakImmediateTransition.xml
2 ms. Memory: 869376K Free: 631819K (73%)
----------------- Invoking toplevel() on ptolemy.moml.MoMLSimpleApplication@4e335412
----------------- Done invoking toplevel() on ptolemy.moml.MoMLSimpleApplication@4e335412
reloadAllAccessors: .WeakImmediateTransition

===========================================================================================
----------------- testing Thu May 31 20:34:40 UTC 2018 /home/travis/build/icyphy/ptII/ptolemy/domains/modal/test/auto/booleanSelect.xml
----------------- Instantiating /home/travis/build/icyphy/ptII/ptolemy/domains/modal/test/auto/booleanSelect.xml
31 ms. Memory: 869376K Free: 603932K (69%)
----------------- Invoking toplevel() on ptolemy.moml.MoMLSimpleApplication@2f96093b
----------------- Done invoking toplevel() on ptolemy.moml.MoMLSimpleApplication@2f96093b
reloadAllAccessors: .booleanSelect

===========================================================================================
----------------- testing Thu May 31 20:34:40 UTC 2018 /home/travis/build/icyphy/ptII/ptolemy/domains/modal/test/auto/modalChangingParams.xml
----------------- Instantiating /home/travis/build/icyphy/ptII/ptolemy/domains/modal/test/auto/modalChangingParams.xml
0
1
0
2
4
6
8
7
0
2
4
6
8
13
0
2
4
6
8
19
0
2
4
6
8
25
0
2
4
6
8
31
0
2
4
6
8
37
0
2
4
6
8
43
0
2
4
6
8
49
0
2
4
6
8
55
0
2
4
6
8
61
0
2
4
6
8
67
0
2
4
6
8
73
0
2
4
6
8
79
0
2
4
6
8
85
0
2
4
6
8
91
0
2
4
6
8
97
0
2
4
6
8
103
0
2
4
6
8
109
0
2
4
6
8
115
0
2
4
6
8
121
0
2
4
6
8
127
0
2
4
6
8
133
0
2
4
6
8
139
0
2
4
6
8
145
0
2
4
6
8
151
0
2
4
6
8
157
0
2
4
6
8
163
0
2
4
6
8
169
0
2
4
6
8
175
0
2
4
6
8
181
0
2
4
6
8
187
0
2
4
6
8
193
0
2
4
6
8
199
0
2
4
6
8
205
0
2
4
6
8
211
0
2
4
6
8
217
0
2
4
6
8
223
0
2
4
6
8
229
0
2
4
6
8
235
0
2
4
6
8
241
0
2
4
6
8
247
0
2
4
6
8
253
0
2
4
6
8
259
0
2
4
6
8
265
0
2
4
6
8
271
0
2
4
6
8
277
0
2
4
6
8
283
0
2
4
6
8
289
0
2
4
6
8
295
0
2
4
6
8
301
0
2
4
6
8
307
0
2
4
6
8
313
0
2
4
6
8
319
0
2
4
6
8
325
0
2
4
6
8
331
0
2
4
6
8
337
0
2
4
6
8
343
0
2
4
6
8
349
0
2
4
6
8
355
0
2
4
6
8
361
0
2
4
6
8
367
0
2
4
6
8
373
0
2
4
6
8
379
0
2
4
6
8
385
0
2
4
6
8
391
0
2
4
6
8
397
0
2
4
6
8
403
0
2
4
6
8
409
0
2
4
6
8
415
0
2
4
6
8
421
0
2
4
6
8
427
0
2
4
6
8
433
0
2
4
6
8
439
0
2
4
6
8
445
0
2
4
6
8
451
0
2
4
6
8
457
0
2
4
6
8
463
0
2
4
6
8
469
0
2
4
6
8
475
0
2
4
6
8
481
0
2
4
6
8
487
0
2
4
6
8
493
0
2
4
6
8
499
0
2
4
6
8
505
0
2
4
6
8
511
0
2
4
6
8
517
0
2
4
6
8
523
0
2
4
6
8
529
0
2
4
6
8
535
0
2
4
6
8
541
0
2
4
6
8
547
0
2
4
6
8
553
0
2
4
6
8
559
0
2
4
6
8
565
0
2
4
6
8
571
0
2
4
6
8
577
0
2
4
6
8
583
0
2
4
6
8
589
0
2
4
6
8
595
0
2
4
6
8
601
0
2
4
6
8
607
0
2
4
6
8
613
0
2
4
6
8
619
0
2
4
6
8
625
0
2
4
6
8
631
0
2
4
6
8
637
0
2
4
6
8
643
0
2
4
6
8
649
0
2
4
6
8
655
0
2
4
6
8
661
0
2
4
6
8
667
0
2
4
6
8
673
0
2
4
6
8
679
0
2
4
6
8
685
0
2
4
6
8
691
0
2
4
6
8
697
0
2
4
6
8
703
0
2
4
6
8
709
0
2
4
6
8
715
0
2
4
6
8
721
0
2
4
6
8
727
0
2
4
6
8
733
0
2
4
6
8
739
0
2
4
6
8
745
0
2
4
6
8
751
0
2
4
6
8
757
0
2
4
6
8
763
0
2
4
6
8
769
0
2
4
6
8
775
0
2
4
6
8
781
0
2
4
6
8
787
0
2
4
6
8
793
0
2
4
6
8
799
0
2
4
6
8
805
0
2
4
6
8
811
0
2
4
6
8
817
0
2
4
6
8
823
0
2
4
6
8
829
0
2
4
6
8
835
0
2
4
6
8
841
0
2
4
6
8
847
0
2
4
6
8
853
0
2
4
6
8
859
0
2
4
6
8
865
0
2
4
6
8
871
0
2
4
6
8
877
0
2
4
6
8
883
0
2
4
6
8
889
0
2
4
6
8
895
0
2
4
6
8
901
0
2
4
6
8
907
0
2
4
6
8
913
0
2
4
6
8
919
0
2
4
6
8
925
0
2
4
6
8
931
0
2
4
6
8
937
0
2
4
6
8
943
0
2
4
6
8
949
0
2
4
6
8
955
0
2
4
6
8
961
0
2
4
6
8
967
0
2
4
6
8
973
0
2
4
6
8
979
0
2
4
6
8
985
0
2
4
6
8
991
0
2
4
6
8
997
0
2
264 ms. Memory: 869376K Free: 484362K (56%)
----------------- Invoking toplevel() on ptolemy.moml.MoMLSimpleApplication@26d2b17f
----------------- Done invoking toplevel() on ptolemy.moml.MoMLSimpleApplication@26d2b17f
reloadAllAccessors: .modalChangingParams

===========================================================================================
----------------- testing Thu May 31 20:34:40 UTC 2018 /home/travis/build/icyphy/ptII/ptolemy/domains/modal/test/auto/modalModel.xml
----------------- Instantiating /home/travis/build/icyphy/ptII/ptolemy/domains/modal/test/auto/modalModel.xml
12 ms. Memory: 869376K Free: 468771K (54%)
----------------- Invoking toplevel() on ptolemy.moml.MoMLSimpleApplication@4719b12d
----------------- Done invoking toplevel() on ptolemy.moml.MoMLSimpleApplication@4719b12d
reloadAllAccessors: .modalModel

===========================================================================================
----------------- testing Thu May 31 20:34:40 UTC 2018 /home/travis/build/icyphy/ptII/ptolemy/domains/modal/test/auto/modalModel2.xml
----------------- Instantiating /home/travis/build/icyphy/ptII/ptolemy/domains/modal/test/auto/modalModel2.xml
6 ms. Memory: 869376K Free: 451291K (52%)
----------------- Invoking toplevel() on ptolemy.moml.MoMLSimpleApplication@64c740ef
----------------- Done invoking toplevel() on ptolemy.moml.MoMLSimpleApplication@64c740ef
reloadAllAccessors: .modalModel2

===========================================================================================
----------------- testing Thu May 31 20:34:40 UTC 2018 /home/travis/build/icyphy/ptII/ptolemy/domains/modal/test/auto/modalModel3.xml
----------------- Instantiating /home/travis/build/icyphy/ptII/ptolemy/domains/modal/test/auto/modalModel3.xml
0	0	0
3	2	1
6	4	2
9	6	3
4	0	4
7	2	5
10	4	6
13	6	7
8	0	8
11	2	9
14	4	10
17	6	11
12	0	12
15	2	13
18	4	14
12 ms. Memory: 869376K Free: 430508K (50%)
----------------- Invoking toplevel() on ptolemy.moml.MoMLSimpleApplication@e8bd68
----------------- Done invoking toplevel() on ptolemy.moml.MoMLSimpleApplication@e8bd68
reloadAllAccessors: .modalModel3

===========================================================================================
----------------- testing Thu May 31 20:34:40 UTC 2018 /home/travis/build/icyphy/ptII/ptolemy/domains/modal/test/auto/model1.xml
----------------- Instantiating /home/travis/build/icyphy/ptII/ptolemy/domains/modal/test/auto/model1.xml
10 ms. Memory: 869376K Free: 418236K (48%)
----------------- Invoking toplevel() on ptolemy.moml.MoMLSimpleApplication@4f9077e5
----------------- Done invoking toplevel() on ptolemy.moml.MoMLSimpleApplication@4f9077e5
reloadAllAccessors: .model1

===========================================================================================
----------------- testing Thu May 31 20:34:40 UTC 2018 /home/travis/build/icyphy/ptII/ptolemy/domains/modal/test/auto/test-direct-in-out.xml
----------------- Instantiating /home/travis/build/icyphy/ptII/ptolemy/domains/modal/test/auto/test-direct-in-out.xml
4 ms. Memory: 869376K Free: 402645K (46%)
----------------- Invoking toplevel() on ptolemy.moml.MoMLSimpleApplication@2d824d8c
----------------- Done invoking toplevel() on ptolemy.moml.MoMLSimpleApplication@2d824d8c
reloadAllAccessors: .test-direct-in-out
AutoTests.java: About to close Vertx.
AutoTests.java: Vertx closed.
]]></system-out>
  <system-err><![CDATA[java.lang.RuntimeException: Execution failed
	at ptolemy.moml.MoMLSimpleApplication$UnloadThread.run(MoMLSimpleApplication.java:402)
Caused by: ptolemy.kernel.util.IllegalActionException: Unknown inputs remain. Possible causality loop:
L_model_1893289564i

  in .CannotAnalysisWithPreemption.model_1893289564_region_1 and .CannotAnalysisWithPreemption.model_1893289564_region_1.L_model_1893289564i
	at ptolemy.actor.sched.FixedPointDirector.postfire(FixedPointDirector.java:515)
	at ptolemy.domains.sr.kernel.SRDirector.postfire(SRDirector.java:417)
	at ptolemy.actor.CompositeActor.postfire(CompositeActor.java:1668)
	at ptolemy.actor.Manager.iterate(Manager.java:852)
	at ptolemy.actor.Manager.execute(Manager.java:369)
	at ptolemy.actor.Manager.run(Manager.java:1263)
	at ptolemy.actor.Manager$PtolemyRunThread.run(Manager.java:1915)
java.lang.reflect.InvocationTargetException
	at sun.reflect.NativeConstructorAccessorImpl.newInstance0(Native Method)
	at sun.reflect.NativeConstructorAccessorImpl.newInstance(NativeConstructorAccessorImpl.java:62)
	at sun.reflect.DelegatingConstructorAccessorImpl.newInstance(DelegatingConstructorAccessorImpl.java:45)
	at java.lang.reflect.Constructor.newInstance(Constructor.java:423)
	at ptolemy.util.test.junit.AutoKnownFailedTests.RunModel(AutoKnownFailedTests.java:107)
	at sun.reflect.NativeMethodAccessorImpl.invoke0(Native Method)
	at sun.reflect.NativeMethodAccessorImpl.invoke(NativeMethodAccessorImpl.java:62)
	at sun.reflect.DelegatingMethodAccessorImpl.invoke(DelegatingMethodAccessorImpl.java:43)
	at java.lang.reflect.Method.invoke(Method.java:498)
	at org.junit.runners.model.FrameworkMethod$1.runReflectiveCall(FrameworkMethod.java:44)
	at org.junit.internal.runners.model.ReflectiveCallable.run(ReflectiveCallable.java:15)
	at org.junit.runners.model.FrameworkMethod.invokeExplosively(FrameworkMethod.java:41)
	at junitparams.internal.InvokeParameterisedMethod.evaluate(InvokeParameterisedMethod.java:102)
	at org.junit.internal.runners.statements.FailOnTimeout$1.run(FailOnTimeout.java:28)
Caused by: ptolemy.kernel.util.IllegalActionException: Unknown inputs remain. Possible causality loop:
L_model_1893289564i

  in .CannotAnalysisWithPreemption.model_1893289564_region_1 and .CannotAnalysisWithPreemption.model_1893289564_region_1.L_model_1893289564i
	at ptolemy.actor.sched.FixedPointDirector.postfire(FixedPointDirector.java:515)
	at ptolemy.domains.sr.kernel.SRDirector.postfire(SRDirector.java:417)
	at ptolemy.actor.CompositeActor.postfire(CompositeActor.java:1668)
	at ptolemy.actor.Manager.iterate(Manager.java:852)
	at ptolemy.actor.Manager.execute(Manager.java:369)
	at ptolemy.actor.Manager.run(Manager.java:1263)
	at ptolemy.actor.Manager$PtolemyRunThread.run(Manager.java:1915)
]]></system-err>
</testsuite>
