<?xml version="1.0" encoding="UTF-8" ?>
<testsuite errors="0" failures="0" hostname="travis-job-8136c6ae-c04d-4f13-b70a-6cc8a4c3a20f" name="ptolemy.domains.pn.test.junit.JUnitTclTest" skipped="0" tests="43" time="6.083" timestamp="2018-05-29T01:20:55">
  <properties>
[...]
</properties>
  <testcase classname="ptolemy.util.test.junit.TclTests" name="[0] /home/travis/build/icyphy/ptII/ptolemy/domains/pn/test/PNDirector.tcl (RunTclFile)" time="0.469" />
  <testcase classname="ptolemy.util.test.junit.TclTests" name="[1] /home/travis/build/icyphy/ptII/ptolemy/domains/pn/test/TimedPNDirector.tcl (RunTclFile)" time="0.022" />
  <testcase classname="ptolemy.util.test.junit.AutoKnownFailedTests" name="[0] ThereAreNoKnowFailedTests (RunModel)" time="0.003" />
  <testcase classname="ptolemy.util.test.junit.AutoNameArchTests" name="[0] ThereAreNoAutoTests (RunModel)" time="0.001" />
  <testcase classname="ptolemy.util.test.junit.AutoTests" name="[0] /home/travis/build/icyphy/ptII/ptolemy/domains/pn/test/auto/Branching-switch-PN-ptolemy-2.xml (RunModel)" time="0.117" />
  <testcase classname="ptolemy.util.test.junit.AutoTests" name="[1] /home/travis/build/icyphy/ptII/ptolemy/domains/pn/test/auto/Branching-switch-PN-ptolemy.xml (RunModel)" time="0.072" />
  <testcase classname="ptolemy.util.test.junit.AutoTests" name="[2] /home/travis/build/icyphy/ptII/ptolemy/domains/pn/test/auto/BrockAckermanTest.xml (RunModel)" time="0.351" />
  <testcase classname="ptolemy.util.test.junit.AutoTests" name="[3] /home/travis/build/icyphy/ptII/ptolemy/domains/pn/test/auto/CounterMachine.xml (RunModel)" time="1.209" />
  <testcase classname="ptolemy.util.test.junit.AutoTests" name="[4] /home/travis/build/icyphy/ptII/ptolemy/domains/pn/test/auto/CounterMachine1.xml (RunModel)" time="1.149" />
  <testcase classname="ptolemy.util.test.junit.AutoTests" name="[5] /home/travis/build/icyphy/ptII/ptolemy/domains/pn/test/auto/CounterMachineWithException.xml (RunModel)" time="0.676" />
  <testcase classname="ptolemy.util.test.junit.AutoTests" name="[6] /home/travis/build/icyphy/ptII/ptolemy/domains/pn/test/auto/FinalState.xml (RunModel)" time="0.074" />
  <testcase classname="ptolemy.util.test.junit.AutoTests" name="[7] /home/travis/build/icyphy/ptII/ptolemy/domains/pn/test/auto/FourExpressions.xml (RunModel)" time="0.07" />
  <testcase classname="ptolemy.util.test.junit.AutoTests" name="[8] /home/travis/build/icyphy/ptII/ptolemy/domains/pn/test/auto/Identity.xml (RunModel)" time="0.069" />
  <testcase classname="ptolemy.util.test.junit.AutoTests" name="[9] /home/travis/build/icyphy/ptII/ptolemy/domains/pn/test/auto/IdentityWithFeedback.xml (RunModel)" time="0.031" />
  <testcase classname="ptolemy.util.test.junit.AutoTests" name="[10] /home/travis/build/icyphy/ptII/ptolemy/domains/pn/test/auto/NondeterministicMergeTest.xml (RunModel)" time="0.05" />
  <testcase classname="ptolemy.util.test.junit.AutoTests" name="[11] /home/travis/build/icyphy/ptII/ptolemy/domains/pn/test/auto/OrderedMerge.xml (RunModel)" time="0.212" />
  <testcase classname="ptolemy.util.test.junit.AutoTests" name="[12] /home/travis/build/icyphy/ptII/ptolemy/domains/pn/test/auto/PNAbstractReceiverTest.xml (RunModel)" time="0.013" />
  <testcase classname="ptolemy.util.test.junit.AutoTests" name="[13] /home/travis/build/icyphy/ptII/ptolemy/domains/pn/test/auto/QR.xml (RunModel)" time="0.076" />
  <testcase classname="ptolemy.util.test.junit.AutoTests" name="[14] /home/travis/build/icyphy/ptII/ptolemy/domains/pn/test/auto/RemoveNilTokens.xml (RunModel)" time="0.047" />
  <testcase classname="ptolemy.util.test.junit.AutoTests" name="[15] /home/travis/build/icyphy/ptII/ptolemy/domains/pn/test/auto/Stack.xml (RunModel)" time="0.203" />
  <testcase classname="ptolemy.util.test.junit.AutoTests" name="[16] /home/travis/build/icyphy/ptII/ptolemy/domains/pn/test/auto/TestRemoveNilTokens.xml (RunModel)" time="0.037" />
  <testcase classname="ptolemy.util.test.junit.AutoTests" name="[17] /home/travis/build/icyphy/ptII/ptolemy/domains/pn/test/auto/TestSeq2Array.xml (RunModel)" time="0.03" />
  <testcase classname="ptolemy.util.test.junit.AutoTests" name="[18] /home/travis/build/icyphy/ptII/ptolemy/domains/pn/test/auto/TrivialIdentity.xml (RunModel)" time="0.024" />
  <testcase classname="ptolemy.util.test.junit.AutoTests" name="[19] /home/travis/build/icyphy/ptII/ptolemy/domains/pn/test/auto/WidthInferenceTest1.xml (RunModel)" time="0.04" />
  <testcase classname="ptolemy.util.test.junit.AutoTests" name="[20] /home/travis/build/icyphy/ptII/ptolemy/domains/pn/test/auto/WidthInferenceTest2.xml (RunModel)" time="0.042" />
  <testcase classname="ptolemy.util.test.junit.AutoTests" name="[21] /home/travis/build/icyphy/ptII/ptolemy/domains/pn/test/auto/WidthInferenceTest3.xml (RunModel)" time="0.05" />
  <testcase classname="ptolemy.util.test.junit.AutoTests" name="[22] /home/travis/build/icyphy/ptII/ptolemy/domains/pn/test/auto/WidthInferenceTest4.xml (RunModel)" time="0.058" />
  <testcase classname="ptolemy.util.test.junit.AutoTests" name="[23] /home/travis/build/icyphy/ptII/ptolemy/domains/pn/test/auto/WidthInferenceTest5.xml (RunModel)" time="0.053" />
  <testcase classname="ptolemy.util.test.junit.AutoTests" name="[24] /home/travis/build/icyphy/ptII/ptolemy/domains/pn/test/auto/controlled_kahnnet.xml (RunModel)" time="0.04" />
  <testcase classname="ptolemy.util.test.junit.AutoTests" name="[25] /home/travis/build/icyphy/ptII/ptolemy/domains/pn/test/auto/demandDriven.xml (RunModel)" time="0.026" />
  <testcase classname="ptolemy.util.test.junit.AutoTests" name="[26] /home/travis/build/icyphy/ptII/ptolemy/domains/pn/test/auto/feedback.xml (RunModel)" time="0.03" />
  <testcase classname="ptolemy.util.test.junit.AutoTests" name="[27] /home/travis/build/icyphy/ptII/ptolemy/domains/pn/test/auto/helloWorld.xml (RunModel)" time="0.027" />
  <testcase classname="ptolemy.util.test.junit.AutoTests" name="[28] /home/travis/build/icyphy/ptII/ptolemy/domains/pn/test/auto/helloWorld2.xml (RunModel)" time="0.029" />
  <testcase classname="ptolemy.util.test.junit.AutoTests" name="[29] /home/travis/build/icyphy/ptII/ptolemy/domains/pn/test/auto/noOutput.xml (RunModel)" time="0.032" />
  <testcase classname="ptolemy.util.test.junit.AutoTests" name="[30] /home/travis/build/icyphy/ptII/ptolemy/domains/pn/test/auto/relationGroup.xml (RunModel)" time="0.028" />
  <testcase classname="ptolemy.util.test.junit.AutoTests" name="[31] /home/travis/build/icyphy/ptII/ptolemy/domains/pn/test/auto/relationGroup2.xml (RunModel)" time="0.02" />
  <testcase classname="ptolemy.util.test.junit.AutoTests" name="[32] /home/travis/build/icyphy/ptII/ptolemy/domains/pn/test/auto/relationGroup3.xml (RunModel)" time="0.017" />
  <testcase classname="ptolemy.util.test.junit.AutoTests" name="[33] /home/travis/build/icyphy/ptII/ptolemy/domains/pn/test/auto/relationGroup4.xml (RunModel)" time="0.022" />
  <testcase classname="ptolemy.util.test.junit.AutoTests" name="[34] /home/travis/build/icyphy/ptII/ptolemy/domains/pn/test/auto/relationGroup5.xml (RunModel)" time="0.019" />
  <testcase classname="ptolemy.util.test.junit.AutoTests" name="[35] /home/travis/build/icyphy/ptII/ptolemy/domains/pn/test/auto/relationGroup6.xml (RunModel)" time="0.019" />
  <testcase classname="ptolemy.util.test.junit.AutoTests" name="[36] /home/travis/build/icyphy/ptII/ptolemy/domains/pn/test/auto/relationGroup7.xml (RunModel)" time="0.023" />
  <testcase classname="ptolemy.util.test.junit.AutoTests" name="[37] /home/travis/build/icyphy/ptII/ptolemy/domains/pn/test/auto/relationGroup8.xml (RunModel)" time="0.023" />
  <testcase classname="ptolemy.util.test.junit.AutoTests" name="[38] /home/travis/build/icyphy/ptII/ptolemy/domains/pn/test/auto/widthTest.xml (RunModel)" time="0.039" />
  <system-out><![CDATA[/home/travis/build/icyphy/ptII/ptolemy/domains/pn/test/PNDirector.tcl
testDefs.tcl: setting time out to 9000 seconds at Tue May 29 01:20:55 UTC 2018
71 ms. Memory: 116224K Free: 87027K (75%)
7 ms. Memory: 116224K Free: 107830K (93%)
/home/travis/build/icyphy/ptII/ptolemy/domains/pn/test/TimedPNDirector.tcl


==== $PTII/ptolemy/domains/pn/test/TimedPNDirector.tcl: TimedPNDirector-6.1 Test an application
==== Contents of test case:


    set e0 [java::new ptolemy.actor.TypedCompositeActor]
    set manager [java::new ptolemy.actor.Manager]
    set director [java::new ptolemy.domains.pn.kernel.TimedPNDirector]
    $e0 setDirector $director
    $e0 setName top
    $e0 setManager $manager

    # FIXME: why doesn't the getParameter option work.
    set ramp [java::new ptolemy.actor.lib.Ramp $e0 ramp]
    set param [java::cast ptolemy.data.expr.Parameter  [$ramp getAttribute  firingCountLimit]]
    $param setExpression 20

    set rec [java::new ptolemy.actor.lib.Recorder $e0 rec]
    $e0 connect  [java::field [java::cast ptolemy.actor.lib.Source $ramp] output]  [java::field [java::cast ptolemy.actor.lib.Sink $rec] input]

    error "Running this test sometimes causes an endless loop" 

#    [$e0 getManager] execute
#    enumToTokenValues [$rec getRecord 0]


.... Test generated KNOWN error:
Running this test sometimes causes an endless loop
    while executing
"error "Running this test sometimes causes an endless loop" "
    ("uplevel" body line 18)
    invoked from within
"uplevel $contents_of_test"
05/29/18 01:20:55
Failed: 0  Total Tests: 3  ((Passed: 2, Newly Passed: 0)  Known Failed: 1) /home/travis/build/icyphy/ptII/ptolemy/domains/pn/test
No auto/knownFailedTests/*.xml tests in /home/travis/build/icyphy/ptII/ptolemy/domains/pn/test
No auto/*.xml tests in /home/travis/build/icyphy/ptII/ptolemy/domains/pn/test
AutoTests.java: About to close Vertx.
AutoTests.java: Vertx closed.
----------------- testing Tue May 29 01:20:56 UTC 2018 /home/travis/build/icyphy/ptII/ptolemy/domains/pn/test/auto/Branching-switch-PN-ptolemy-2.xml
----------------- Instantiating /home/travis/build/icyphy/ptII/ptolemy/domains/pn/test/auto/Branching-switch-PN-ptolemy-2.xml
22 ms. Memory: 146944K Free: 126949K (86%)
----------------- Invoking toplevel() on ptolemy.moml.MoMLSimpleApplication@13f00421
----------------- Done invoking toplevel() on ptolemy.moml.MoMLSimpleApplication@13f00421
reloadAllAccessors: .Branching-switch-PN-ptolemy-2
----------------- testing Tue May 29 01:20:56 UTC 2018 /home/travis/build/icyphy/ptII/ptolemy/domains/pn/test/auto/Branching-switch-PN-ptolemy.xml
----------------- Instantiating /home/travis/build/icyphy/ptII/ptolemy/domains/pn/test/auto/Branching-switch-PN-ptolemy.xml
24 ms. Memory: 146944K Free: 113366K (77%)
----------------- Invoking toplevel() on ptolemy.moml.MoMLSimpleApplication@52b82802
----------------- Done invoking toplevel() on ptolemy.moml.MoMLSimpleApplication@52b82802
reloadAllAccessors: .Branching-switch-PN-ptolemy
----------------- testing Tue May 29 01:20:56 UTC 2018 /home/travis/build/icyphy/ptII/ptolemy/domains/pn/test/auto/BrockAckermanTest.xml
----------------- Instantiating /home/travis/build/icyphy/ptII/ptolemy/domains/pn/test/auto/BrockAckermanTest.xml
234 ms. Memory: 146944K Free: 92535K (63%)
----------------- Invoking toplevel() on ptolemy.moml.MoMLSimpleApplication@22317cb
----------------- Done invoking toplevel() on ptolemy.moml.MoMLSimpleApplication@22317cb
reloadAllAccessors: .BrockAckermanTest
----------------- testing Tue May 29 01:20:56 UTC 2018 /home/travis/build/icyphy/ptII/ptolemy/domains/pn/test/auto/CounterMachine.xml
----------------- Instantiating /home/travis/build/icyphy/ptII/ptolemy/domains/pn/test/auto/CounterMachine.xml
715 ms. Memory: 208384K Free: 88894K (43%)
----------------- Invoking toplevel() on ptolemy.moml.MoMLSimpleApplication@7fa736e5
----------------- Done invoking toplevel() on ptolemy.moml.MoMLSimpleApplication@7fa736e5
reloadAllAccessors: .CounterMachine
----------------- testing Tue May 29 01:20:57 UTC 2018 /home/travis/build/icyphy/ptII/ptolemy/domains/pn/test/auto/CounterMachine1.xml
----------------- Instantiating /home/travis/build/icyphy/ptII/ptolemy/domains/pn/test/auto/CounterMachine1.xml
751 ms. Memory: 333312K Free: 259954K (78%)
----------------- Invoking toplevel() on ptolemy.moml.MoMLSimpleApplication@2835051d
----------------- Done invoking toplevel() on ptolemy.moml.MoMLSimpleApplication@2835051d
reloadAllAccessors: .CounterMachine1
----------------- testing Tue May 29 01:20:58 UTC 2018 /home/travis/build/icyphy/ptII/ptolemy/domains/pn/test/auto/CounterMachineWithException.xml
----------------- Instantiating /home/travis/build/icyphy/ptII/ptolemy/domains/pn/test/auto/CounterMachineWithException.xml
347 ms. Memory: 333312K Free: 97244K (29%)
----------------- Invoking toplevel() on ptolemy.moml.MoMLSimpleApplication@2f509d44
----------------- Done invoking toplevel() on ptolemy.moml.MoMLSimpleApplication@2f509d44
reloadAllAccessors: .CounterMachineWithException
----------------- testing Tue May 29 01:20:59 UTC 2018 /home/travis/build/icyphy/ptII/ptolemy/domains/pn/test/auto/FinalState.xml
----------------- Instantiating /home/travis/build/icyphy/ptII/ptolemy/domains/pn/test/auto/FinalState.xml
14 ms. Memory: 333312K Free: 90045K (27%)
----------------- Invoking toplevel() on ptolemy.moml.MoMLSimpleApplication@462ba845
----------------- Done invoking toplevel() on ptolemy.moml.MoMLSimpleApplication@462ba845
reloadAllAccessors: .FinalState
----------------- testing Tue May 29 01:20:59 UTC 2018 /home/travis/build/icyphy/ptII/ptolemy/domains/pn/test/auto/FourExpressions.xml
----------------- Instantiating /home/travis/build/icyphy/ptII/ptolemy/domains/pn/test/auto/FourExpressions.xml
19 ms. Memory: 333312K Free: 79416K (24%)
----------------- Invoking toplevel() on ptolemy.moml.MoMLSimpleApplication@45227ce9
----------------- Done invoking toplevel() on ptolemy.moml.MoMLSimpleApplication@45227ce9
reloadAllAccessors: .FourExpressions
----------------- testing Tue May 29 01:20:59 UTC 2018 /home/travis/build/icyphy/ptII/ptolemy/domains/pn/test/auto/Identity.xml
----------------- Instantiating /home/travis/build/icyphy/ptII/ptolemy/domains/pn/test/auto/Identity.xml
13 ms. Memory: 333312K Free: 316045K (95%)
----------------- Invoking toplevel() on ptolemy.moml.MoMLSimpleApplication@78cdaef0
----------------- Done invoking toplevel() on ptolemy.moml.MoMLSimpleApplication@78cdaef0
reloadAllAccessors: .Identity
----------------- testing Tue May 29 01:20:59 UTC 2018 /home/travis/build/icyphy/ptII/ptolemy/domains/pn/test/auto/IdentityWithFeedback.xml
----------------- Instantiating /home/travis/build/icyphy/ptII/ptolemy/domains/pn/test/auto/IdentityWithFeedback.xml
9 ms. Memory: 333312K Free: 307732K (92%)
----------------- Invoking toplevel() on ptolemy.moml.MoMLSimpleApplication@2ee7f3cd
----------------- Done invoking toplevel() on ptolemy.moml.MoMLSimpleApplication@2ee7f3cd
reloadAllAccessors: .IdentityWithFeedback
----------------- testing Tue May 29 01:20:59 UTC 2018 /home/travis/build/icyphy/ptII/ptolemy/domains/pn/test/auto/NondeterministicMergeTest.xml
----------------- Instantiating /home/travis/build/icyphy/ptII/ptolemy/domains/pn/test/auto/NondeterministicMergeTest.xml
18 ms. Memory: 333312K Free: 297885K (89%)
----------------- Invoking toplevel() on ptolemy.moml.MoMLSimpleApplication@17f19be9
----------------- Done invoking toplevel() on ptolemy.moml.MoMLSimpleApplication@17f19be9
reloadAllAccessors: .NondeterministicMergeTest
----------------- testing Tue May 29 01:20:59 UTC 2018 /home/travis/build/icyphy/ptII/ptolemy/domains/pn/test/auto/OrderedMerge.xml
----------------- Instantiating /home/travis/build/icyphy/ptII/ptolemy/domains/pn/test/auto/OrderedMerge.xml
179 ms. Memory: 333312K Free: 283575K (85%)
----------------- Invoking toplevel() on ptolemy.moml.MoMLSimpleApplication@4154f4c2
----------------- Done invoking toplevel() on ptolemy.moml.MoMLSimpleApplication@4154f4c2
reloadAllAccessors: .OrderedMerge
----------------- testing Tue May 29 01:21:00 UTC 2018 /home/travis/build/icyphy/ptII/ptolemy/domains/pn/test/auto/PNAbstractReceiverTest.xml
----------------- Instantiating /home/travis/build/icyphy/ptII/ptolemy/domains/pn/test/auto/PNAbstractReceiverTest.xml
3 ms. Memory: 333312K Free: 277676K (83%)
----------------- Invoking toplevel() on ptolemy.moml.MoMLSimpleApplication@1d037b8d
----------------- Done invoking toplevel() on ptolemy.moml.MoMLSimpleApplication@1d037b8d
reloadAllAccessors: .PNAbstractReceiverTest
----------------- testing Tue May 29 01:21:00 UTC 2018 /home/travis/build/icyphy/ptII/ptolemy/domains/pn/test/auto/QR.xml
----------------- Instantiating /home/travis/build/icyphy/ptII/ptolemy/domains/pn/test/auto/QR.xml
22 ms. Memory: 333312K Free: 264309K (79%)
----------------- Invoking toplevel() on ptolemy.moml.MoMLSimpleApplication@3b890b9e
----------------- Done invoking toplevel() on ptolemy.moml.MoMLSimpleApplication@3b890b9e
reloadAllAccessors: .QR
----------------- testing Tue May 29 01:21:00 UTC 2018 /home/travis/build/icyphy/ptII/ptolemy/domains/pn/test/auto/RemoveNilTokens.xml
----------------- Instantiating /home/travis/build/icyphy/ptII/ptolemy/domains/pn/test/auto/RemoveNilTokens.xml
18 ms. Memory: 333312K Free: 248793K (75%)
----------------- Invoking toplevel() on ptolemy.moml.MoMLSimpleApplication@39a11e0a
----------------- Done invoking toplevel() on ptolemy.moml.MoMLSimpleApplication@39a11e0a
reloadAllAccessors: .RemoveNilTokens
----------------- testing Tue May 29 01:21:00 UTC 2018 /home/travis/build/icyphy/ptII/ptolemy/domains/pn/test/auto/Stack.xml
----------------- Instantiating /home/travis/build/icyphy/ptII/ptolemy/domains/pn/test/auto/Stack.xml
135 ms. Memory: 333312K Free: 216055K (65%)
----------------- Invoking toplevel() on ptolemy.moml.MoMLSimpleApplication@3b097613
----------------- Done invoking toplevel() on ptolemy.moml.MoMLSimpleApplication@3b097613
reloadAllAccessors: .Stack
----------------- testing Tue May 29 01:21:00 UTC 2018 /home/travis/build/icyphy/ptII/ptolemy/domains/pn/test/auto/TestRemoveNilTokens.xml
----------------- Instantiating /home/travis/build/icyphy/ptII/ptolemy/domains/pn/test/auto/TestRemoveNilTokens.xml
16 ms. Memory: 333312K Free: 205137K (62%)
----------------- Invoking toplevel() on ptolemy.moml.MoMLSimpleApplication@19f46439
----------------- Done invoking toplevel() on ptolemy.moml.MoMLSimpleApplication@19f46439
reloadAllAccessors: .TestRemoveNilTokens
----------------- testing Tue May 29 01:21:00 UTC 2018 /home/travis/build/icyphy/ptII/ptolemy/domains/pn/test/auto/TestSeq2Array.xml
----------------- Instantiating /home/travis/build/icyphy/ptII/ptolemy/domains/pn/test/auto/TestSeq2Array.xml
13 ms. Memory: 333312K Free: 197272K (59%)
----------------- Invoking toplevel() on ptolemy.moml.MoMLSimpleApplication@155e4f36
----------------- Done invoking toplevel() on ptolemy.moml.MoMLSimpleApplication@155e4f36
reloadAllAccessors: .TestSeq2Array
----------------- testing Tue May 29 01:21:00 UTC 2018 /home/travis/build/icyphy/ptII/ptolemy/domains/pn/test/auto/TrivialIdentity.xml
----------------- Instantiating /home/travis/build/icyphy/ptII/ptolemy/domains/pn/test/auto/TrivialIdentity.xml
9 ms. Memory: 333312K Free: 190882K (57%)
----------------- Invoking toplevel() on ptolemy.moml.MoMLSimpleApplication@a9efc0c
----------------- Done invoking toplevel() on ptolemy.moml.MoMLSimpleApplication@a9efc0c
reloadAllAccessors: .TrivialIdentity
----------------- testing Tue May 29 01:21:00 UTC 2018 /home/travis/build/icyphy/ptII/ptolemy/domains/pn/test/auto/WidthInferenceTest1.xml
----------------- Instantiating /home/travis/build/icyphy/ptII/ptolemy/domains/pn/test/auto/WidthInferenceTest1.xml
14 ms. Memory: 333312K Free: 182526K (55%)
----------------- Invoking toplevel() on ptolemy.moml.MoMLSimpleApplication@20579ce
----------------- Done invoking toplevel() on ptolemy.moml.MoMLSimpleApplication@20579ce
reloadAllAccessors: .1
----------------- testing Tue May 29 01:21:00 UTC 2018 /home/travis/build/icyphy/ptII/ptolemy/domains/pn/test/auto/WidthInferenceTest2.xml
----------------- Instantiating /home/travis/build/icyphy/ptII/ptolemy/domains/pn/test/auto/WidthInferenceTest2.xml
8 ms. Memory: 333312K Free: 172892K (52%)
----------------- Invoking toplevel() on ptolemy.moml.MoMLSimpleApplication@7f556f24
----------------- Done invoking toplevel() on ptolemy.moml.MoMLSimpleApplication@7f556f24
reloadAllAccessors: .2
----------------- testing Tue May 29 01:21:00 UTC 2018 /home/travis/build/icyphy/ptII/ptolemy/domains/pn/test/auto/WidthInferenceTest3.xml
----------------- Instantiating /home/travis/build/icyphy/ptII/ptolemy/domains/pn/test/auto/WidthInferenceTest3.xml
13 ms. Memory: 333312K Free: 154006K (46%)
----------------- Invoking toplevel() on ptolemy.moml.MoMLSimpleApplication@20567020
----------------- Done invoking toplevel() on ptolemy.moml.MoMLSimpleApplication@20567020
reloadAllAccessors: .3
----------------- testing Tue May 29 01:21:00 UTC 2018 /home/travis/build/icyphy/ptII/ptolemy/domains/pn/test/auto/WidthInferenceTest4.xml
----------------- Instantiating /home/travis/build/icyphy/ptII/ptolemy/domains/pn/test/auto/WidthInferenceTest4.xml
21 ms. Memory: 333312K Free: 134280K (40%)
----------------- Invoking toplevel() on ptolemy.moml.MoMLSimpleApplication@a9bbce6
----------------- Done invoking toplevel() on ptolemy.moml.MoMLSimpleApplication@a9bbce6
reloadAllAccessors: .WidthInferenceTest4
----------------- testing Tue May 29 01:21:00 UTC 2018 /home/travis/build/icyphy/ptII/ptolemy/domains/pn/test/auto/WidthInferenceTest5.xml
----------------- Instantiating /home/travis/build/icyphy/ptII/ptolemy/domains/pn/test/auto/WidthInferenceTest5.xml
26 ms. Memory: 333312K Free: 115110K (35%)
----------------- Invoking toplevel() on ptolemy.moml.MoMLSimpleApplication@19c8a9a1
----------------- Done invoking toplevel() on ptolemy.moml.MoMLSimpleApplication@19c8a9a1
reloadAllAccessors: .WidthInferenceTest5
----------------- testing Tue May 29 01:21:00 UTC 2018 /home/travis/build/icyphy/ptII/ptolemy/domains/pn/test/auto/controlled_kahnnet.xml
----------------- Instantiating /home/travis/build/icyphy/ptII/ptolemy/domains/pn/test/auto/controlled_kahnnet.xml
12 ms. Memory: 333312K Free: 107673K (32%)
----------------- Invoking toplevel() on ptolemy.moml.MoMLSimpleApplication@344d219d
----------------- Done invoking toplevel() on ptolemy.moml.MoMLSimpleApplication@344d219d
reloadAllAccessors: .controlled_kahnnet
----------------- testing Tue May 29 01:21:00 UTC 2018 /home/travis/build/icyphy/ptII/ptolemy/domains/pn/test/auto/demandDriven.xml
----------------- Instantiating /home/travis/build/icyphy/ptII/ptolemy/domains/pn/test/auto/demandDriven.xml
10 ms. Memory: 333312K Free: 100513K (30%)
----------------- Invoking toplevel() on ptolemy.moml.MoMLSimpleApplication@2bbc67dc
----------------- Done invoking toplevel() on ptolemy.moml.MoMLSimpleApplication@2bbc67dc
reloadAllAccessors: .demandDriven
----------------- testing Tue May 29 01:21:00 UTC 2018 /home/travis/build/icyphy/ptII/ptolemy/domains/pn/test/auto/feedback.xml
----------------- Instantiating /home/travis/build/icyphy/ptII/ptolemy/domains/pn/test/auto/feedback.xml
9 ms. Memory: 333312K Free: 94582K (28%)
----------------- Invoking toplevel() on ptolemy.moml.MoMLSimpleApplication@558b5758
----------------- Done invoking toplevel() on ptolemy.moml.MoMLSimpleApplication@558b5758
reloadAllAccessors: .feedback
----------------- testing Tue May 29 01:21:00 UTC 2018 /home/travis/build/icyphy/ptII/ptolemy/domains/pn/test/auto/helloWorld.xml
----------------- Instantiating /home/travis/build/icyphy/ptII/ptolemy/domains/pn/test/auto/helloWorld.xml
9 ms. Memory: 333312K Free: 91633K (27%)
----------------- Invoking toplevel() on ptolemy.moml.MoMLSimpleApplication@4224dcc6
----------------- Done invoking toplevel() on ptolemy.moml.MoMLSimpleApplication@4224dcc6
reloadAllAccessors: .helloWorld
----------------- testing Tue May 29 01:21:00 UTC 2018 /home/travis/build/icyphy/ptII/ptolemy/domains/pn/test/auto/helloWorld2.xml
----------------- Instantiating /home/travis/build/icyphy/ptII/ptolemy/domains/pn/test/auto/helloWorld2.xml
10 ms. Memory: 333312K Free: 85227K (26%)
----------------- Invoking toplevel() on ptolemy.moml.MoMLSimpleApplication@58ed833c
----------------- Done invoking toplevel() on ptolemy.moml.MoMLSimpleApplication@58ed833c
reloadAllAccessors: .helloWorld2
----------------- testing Tue May 29 01:21:00 UTC 2018 /home/travis/build/icyphy/ptII/ptolemy/domains/pn/test/auto/noOutput.xml
----------------- Instantiating /home/travis/build/icyphy/ptII/ptolemy/domains/pn/test/auto/noOutput.xml
15 ms. Memory: 333312K Free: 78274K (23%)
----------------- Invoking toplevel() on ptolemy.moml.MoMLSimpleApplication@5754d09b
----------------- Done invoking toplevel() on ptolemy.moml.MoMLSimpleApplication@5754d09b
reloadAllAccessors: .noOutput
----------------- testing Tue May 29 01:21:01 UTC 2018 /home/travis/build/icyphy/ptII/ptolemy/domains/pn/test/auto/relationGroup.xml
----------------- Instantiating /home/travis/build/icyphy/ptII/ptolemy/domains/pn/test/auto/relationGroup.xml
6 ms. Memory: 579584K Free: 562113K (97%)
----------------- Invoking toplevel() on ptolemy.moml.MoMLSimpleApplication@53e749dc
----------------- Done invoking toplevel() on ptolemy.moml.MoMLSimpleApplication@53e749dc
reloadAllAccessors: .relationGroup
----------------- testing Tue May 29 01:21:01 UTC 2018 /home/travis/build/icyphy/ptII/ptolemy/domains/pn/test/auto/relationGroup2.xml
----------------- Instantiating /home/travis/build/icyphy/ptII/ptolemy/domains/pn/test/auto/relationGroup2.xml
6 ms. Memory: 579584K Free: 553395K (95%)
----------------- Invoking toplevel() on ptolemy.moml.MoMLSimpleApplication@5690aa13
----------------- Done invoking toplevel() on ptolemy.moml.MoMLSimpleApplication@5690aa13
reloadAllAccessors: .relationGroup2
----------------- testing Tue May 29 01:21:01 UTC 2018 /home/travis/build/icyphy/ptII/ptolemy/domains/pn/test/auto/relationGroup3.xml
----------------- Instantiating /home/travis/build/icyphy/ptII/ptolemy/domains/pn/test/auto/relationGroup3.xml
6 ms. Memory: 579584K Free: 546373K (94%)
----------------- Invoking toplevel() on ptolemy.moml.MoMLSimpleApplication@7b3a3c0a
----------------- Done invoking toplevel() on ptolemy.moml.MoMLSimpleApplication@7b3a3c0a
reloadAllAccessors: .relationGroup3
----------------- testing Tue May 29 01:21:01 UTC 2018 /home/travis/build/icyphy/ptII/ptolemy/domains/pn/test/auto/relationGroup4.xml
----------------- Instantiating /home/travis/build/icyphy/ptII/ptolemy/domains/pn/test/auto/relationGroup4.xml
7 ms. Memory: 579584K Free: 539351K (93%)
----------------- Invoking toplevel() on ptolemy.moml.MoMLSimpleApplication@3a8b5172
----------------- Done invoking toplevel() on ptolemy.moml.MoMLSimpleApplication@3a8b5172
reloadAllAccessors: .relationGroup4
----------------- testing Tue May 29 01:21:01 UTC 2018 /home/travis/build/icyphy/ptII/ptolemy/domains/pn/test/auto/relationGroup5.xml
----------------- Instantiating /home/travis/build/icyphy/ptII/ptolemy/domains/pn/test/auto/relationGroup5.xml
6 ms. Memory: 579584K Free: 532329K (92%)
----------------- Invoking toplevel() on ptolemy.moml.MoMLSimpleApplication@7edf658
----------------- Done invoking toplevel() on ptolemy.moml.MoMLSimpleApplication@7edf658
reloadAllAccessors: .relationGroup5
----------------- testing Tue May 29 01:21:01 UTC 2018 /home/travis/build/icyphy/ptII/ptolemy/domains/pn/test/auto/relationGroup6.xml
----------------- Instantiating /home/travis/build/icyphy/ptII/ptolemy/domains/pn/test/auto/relationGroup6.xml
7 ms. Memory: 579584K Free: 523662K (90%)
----------------- Invoking toplevel() on ptolemy.moml.MoMLSimpleApplication@3cc64fa0
----------------- Done invoking toplevel() on ptolemy.moml.MoMLSimpleApplication@3cc64fa0
reloadAllAccessors: .relationGroup6
----------------- testing Tue May 29 01:21:01 UTC 2018 /home/travis/build/icyphy/ptII/ptolemy/domains/pn/test/auto/relationGroup7.xml
----------------- Instantiating /home/travis/build/icyphy/ptII/ptolemy/domains/pn/test/auto/relationGroup7.xml
9 ms. Memory: 579584K Free: 515236K (89%)
----------------- Invoking toplevel() on ptolemy.moml.MoMLSimpleApplication@51badf09
----------------- Done invoking toplevel() on ptolemy.moml.MoMLSimpleApplication@51badf09
reloadAllAccessors: .relationGroup7
----------------- testing Tue May 29 01:21:01 UTC 2018 /home/travis/build/icyphy/ptII/ptolemy/domains/pn/test/auto/relationGroup8.xml
----------------- Instantiating /home/travis/build/icyphy/ptII/ptolemy/domains/pn/test/auto/relationGroup8.xml
7 ms. Memory: 579584K Free: 506518K (87%)
----------------- Invoking toplevel() on ptolemy.moml.MoMLSimpleApplication@77352765
----------------- Done invoking toplevel() on ptolemy.moml.MoMLSimpleApplication@77352765
reloadAllAccessors: .relationGroup8
----------------- testing Tue May 29 01:21:01 UTC 2018 /home/travis/build/icyphy/ptII/ptolemy/domains/pn/test/auto/widthTest.xml
----------------- Instantiating /home/travis/build/icyphy/ptII/ptolemy/domains/pn/test/auto/widthTest.xml
8 ms. Memory: 579584K Free: 500901K (86%)
----------------- Invoking toplevel() on ptolemy.moml.MoMLSimpleApplication@fc194cb
----------------- Done invoking toplevel() on ptolemy.moml.MoMLSimpleApplication@fc194cb
reloadAllAccessors: .widthTest
AutoTests.java: About to close Vertx.
AutoTests.java: Vertx closed.
]]></system-out>
  <system-err><![CDATA[java.lang.RuntimeException: Execution failed
	at ptolemy.moml.MoMLSimpleApplication$UnloadThread.run(MoMLSimpleApplication.java:402)
Caused by: ptolemy.kernel.util.IllegalActionException: At the current time, process-oriented domains (PN and CSP) cannot be nested inside firing-based domains (SDF, DE, CT, etc.).
  in .PNInsideDE.CompositeActor.port
Because:
ptolemy.domains.de.kernel.DEReceiver cannot be cast to ptolemy.actor.process.ProcessReceiver
	at ptolemy.actor.process.BranchController.addBranches(BranchController.java:182)
	at ptolemy.actor.process.CompositeProcessDirector.createBranchController(CompositeProcessDirector.java:221)
	at ptolemy.actor.process.CompositeProcessDirector.initialize(CompositeProcessDirector.java:289)
	at ptolemy.domains.pn.kernel.PNDirector.initialize(PNDirector.java:241)
	at ptolemy.actor.CompositeActor.initialize(CompositeActor.java:935)
	at ptolemy.actor.Director.initialize(Director.java:938)
	at ptolemy.actor.Director.initialize(Director.java:907)
	at ptolemy.domains.de.kernel.DEDirector.initialize(DEDirector.java:943)
	at ptolemy.actor.CompositeActor.initialize(CompositeActor.java:935)
	at ptolemy.actor.Manager.initialize(Manager.java:724)
	at ptolemy.actor.Manager.execute(Manager.java:356)
	at ptolemy.actor.Manager.run(Manager.java:1263)
	at ptolemy.actor.Manager$PtolemyRunThread.run(Manager.java:1915)
Caused by: java.lang.ClassCastException: ptolemy.domains.de.kernel.DEReceiver cannot be cast to ptolemy.actor.process.ProcessReceiver
	at ptolemy.actor.process.BranchController.addBranches(BranchController.java:178)
	... 12 more
Warning: '.RemoveNilTokens.Test2' The test produced only 7 tokens, yet the correctValues parameter was expecting 8 tokens.
Warning: '.RemoveNilTokens.Test' The test produced only 9 tokens, yet the correctValues parameter was expecting 13 tokens.
]]></system-err>
</testsuite>
