<?xml version="1.0" encoding="UTF-8" ?>
<testsuite errors="0" failures="0" hostname="travis-job-e99c76fe-0839-4ae5-b9a6-9839f3b91d98" name="ptolemy.domains.sdf.test.junit.JUnitTclTest" skipped="0" tests="66" time="21.555" timestamp="2018-05-09T01:06:35">
  <properties>
[...]
</properties>
  <testcase classname="ptolemy.util.test.junit.TclTests" name="[0] /home/travis/build/icyphy/ptII/ptolemy/domains/sdf/test/SDFSchedulerErrors.tcl (RunTclFile)" time="0.727" />
  <testcase classname="ptolemy.util.test.junit.TclTests" name="[1] /home/travis/build/icyphy/ptII/ptolemy/domains/sdf/test/composition.tcl (RunTclFile)" time="0.181" />
  <testcase classname="ptolemy.util.test.junit.TclTests" name="[2] /home/travis/build/icyphy/ptII/ptolemy/domains/sdf/test/cycle.tcl (RunTclFile)" time="0.037" />
  <testcase classname="ptolemy.util.test.junit.AutoKnownFailedTests" name="[0] ThereAreNoKnowFailedTests (RunModel)" time="0.002" />
  <testcase classname="ptolemy.util.test.junit.AutoNameArchTests" name="[0] ThereAreNoAutoTests (RunModel)" time="0.001" />
  <testcase classname="ptolemy.util.test.junit.AutoTests" name="[0] /home/travis/build/icyphy/ptII/ptolemy/domains/sdf/test/auto/Array.xml (RunModel)" time="0.185" />
  <testcase classname="ptolemy.util.test.junit.AutoTests" name="[1] /home/travis/build/icyphy/ptII/ptolemy/domains/sdf/test/auto/Butterfly.xml (RunModel)" time="0.171" />
  <testcase classname="ptolemy.util.test.junit.AutoTests" name="[2] /home/travis/build/icyphy/ptII/ptolemy/domains/sdf/test/auto/Expression.xml (RunModel)" time="0.118" />
  <testcase classname="ptolemy.util.test.junit.AutoTests" name="[3] /home/travis/build/icyphy/ptII/ptolemy/domains/sdf/test/auto/Eye.xml (RunModel)" time="0.406" />
  <testcase classname="ptolemy.util.test.junit.AutoTests" name="[4] /home/travis/build/icyphy/ptII/ptolemy/domains/sdf/test/auto/FixFIR.xml (RunModel)" time="0.314" />
  <testcase classname="ptolemy.util.test.junit.AutoTests" name="[5] /home/travis/build/icyphy/ptII/ptolemy/domains/sdf/test/auto/FixPoint.xml (RunModel)" time="0.056" />
  <testcase classname="ptolemy.util.test.junit.AutoTests" name="[6] /home/travis/build/icyphy/ptII/ptolemy/domains/sdf/test/auto/Gravitation.xml (RunModel)" time="3.396" />
  <testcase classname="ptolemy.util.test.junit.AutoTests" name="[7] /home/travis/build/icyphy/ptII/ptolemy/domains/sdf/test/auto/GravitationWithCollisionDetection.xml (RunModel)" time="7.162" />
  <testcase classname="ptolemy.util.test.junit.AutoTests" name="[8] /home/travis/build/icyphy/ptII/ptolemy/domains/sdf/test/auto/HDF.xml (RunModel)" time="0.161" />
  <testcase classname="ptolemy.util.test.junit.AutoTests" name="[9] /home/travis/build/icyphy/ptII/ptolemy/domains/sdf/test/auto/HDFwithTransientStates.xml (RunModel)" time="0.098" />
  <testcase classname="ptolemy.util.test.junit.AutoTests" name="[10] /home/travis/build/icyphy/ptII/ptolemy/domains/sdf/test/auto/HTVQ.xml (RunModel)" time="0.953" />
  <testcase classname="ptolemy.util.test.junit.AutoTests" name="[11] /home/travis/build/icyphy/ptII/ptolemy/domains/sdf/test/auto/InferInitProduction.xml (RunModel)" time="0.04" />
  <testcase classname="ptolemy.util.test.junit.AutoTests" name="[12] /home/travis/build/icyphy/ptII/ptolemy/domains/sdf/test/auto/InferInitProductionDeeper.xml (RunModel)" time="0.04" />
  <testcase classname="ptolemy.util.test.junit.AutoTests" name="[13] /home/travis/build/icyphy/ptII/ptolemy/domains/sdf/test/auto/LMSAdaptive.xml (RunModel)" time="0.074" />
  <testcase classname="ptolemy.util.test.junit.AutoTests" name="[14] /home/travis/build/icyphy/ptII/ptolemy/domains/sdf/test/auto/LogisticMap.xml (RunModel)" time="0.487" />
  <testcase classname="ptolemy.util.test.junit.AutoTests" name="[15] /home/travis/build/icyphy/ptII/ptolemy/domains/sdf/test/auto/MaximumEntropySpectrum.xml (RunModel)" time="0.28" />
  <testcase classname="ptolemy.util.test.junit.AutoTests" name="[16] /home/travis/build/icyphy/ptII/ptolemy/domains/sdf/test/auto/MultirateSDF.xml (RunModel)" time="0.067" />
  <testcase classname="ptolemy.util.test.junit.AutoTests" name="[17] /home/travis/build/icyphy/ptII/ptolemy/domains/sdf/test/auto/MultirateSDFwithTransientStates.xml (RunModel)" time="0.083" />
  <testcase classname="ptolemy.util.test.junit.AutoTests" name="[18] /home/travis/build/icyphy/ptII/ptolemy/domains/sdf/test/auto/NoisySinewave.xml (RunModel)" time="0.074" />
  <testcase classname="ptolemy.util.test.junit.AutoTests" name="[19] /home/travis/build/icyphy/ptII/ptolemy/domains/sdf/test/auto/Objects.xml (RunModel)" time="0.068" />
  <testcase classname="ptolemy.util.test.junit.AutoTests" name="[20] /home/travis/build/icyphy/ptII/ptolemy/domains/sdf/test/auto/OrthogonalCom.xml (RunModel)" time="0.061" />
  <testcase classname="ptolemy.util.test.junit.AutoTests" name="[21] /home/travis/build/icyphy/ptII/ptolemy/domains/sdf/test/auto/RijndaelEncryption.xml (RunModel)" time="0.596" />
  <testcase classname="ptolemy.util.test.junit.AutoTests" name="[22] /home/travis/build/icyphy/ptII/ptolemy/domains/sdf/test/auto/SDFEmptyIterations.xml (RunModel)" time="0.028" />
  <testcase classname="ptolemy.util.test.junit.AutoTests" name="[23] /home/travis/build/icyphy/ptII/ptolemy/domains/sdf/test/auto/Spectrum.xml (RunModel)" time="0.079" />
  <testcase classname="ptolemy.util.test.junit.AutoTests" name="[24] /home/travis/build/icyphy/ptII/ptolemy/domains/sdf/test/auto/de_inside_sdf.xml (RunModel)" time="0.03" />
  <testcase classname="ptolemy.util.test.junit.AutoTests" name="[25] /home/travis/build/icyphy/ptII/ptolemy/domains/sdf/test/auto/disconnectedHierarchicalSDF.xml (RunModel)" time="0.029" />
  <testcase classname="ptolemy.util.test.junit.AutoTests" name="[26] /home/travis/build/icyphy/ptII/ptolemy/domains/sdf/test/auto/disconnectedSDF.xml (RunModel)" time="0.024" />
  <testcase classname="ptolemy.util.test.junit.AutoTests" name="[27] /home/travis/build/icyphy/ptII/ptolemy/domains/sdf/test/auto/emptyRefinement.xml (RunModel)" time="0.028" />
  <testcase classname="ptolemy.util.test.junit.AutoTests" name="[28] /home/travis/build/icyphy/ptII/ptolemy/domains/sdf/test/auto/filePortParameter.xml (RunModel)" time="0.059" />
  <testcase classname="ptolemy.util.test.junit.AutoTests" name="[29] /home/travis/build/icyphy/ptII/ptolemy/domains/sdf/test/auto/inferRelationWidth1.xml (RunModel)" time="0.018" />
  <testcase classname="ptolemy.util.test.junit.AutoTests" name="[30] /home/travis/build/icyphy/ptII/ptolemy/domains/sdf/test/auto/initProductionInference.xml (RunModel)" time="0.027" />
  <testcase classname="ptolemy.util.test.junit.AutoTests" name="[31] /home/travis/build/icyphy/ptII/ptolemy/domains/sdf/test/auto/relationGroup.xml (RunModel)" time="0.028" />
  <testcase classname="ptolemy.util.test.junit.AutoTests" name="[32] /home/travis/build/icyphy/ptII/ptolemy/domains/sdf/test/auto/relationGroup10.xml (RunModel)" time="0.016" />
  <testcase classname="ptolemy.util.test.junit.AutoTests" name="[33] /home/travis/build/icyphy/ptII/ptolemy/domains/sdf/test/auto/relationGroup11.xml (RunModel)" time="0.02" />
  <testcase classname="ptolemy.util.test.junit.AutoTests" name="[34] /home/travis/build/icyphy/ptII/ptolemy/domains/sdf/test/auto/relationGroup12.xml (RunModel)" time="0.018" />
  <testcase classname="ptolemy.util.test.junit.AutoTests" name="[35] /home/travis/build/icyphy/ptII/ptolemy/domains/sdf/test/auto/relationGroup13.xml (RunModel)" time="0.027" />
  <testcase classname="ptolemy.util.test.junit.AutoTests" name="[36] /home/travis/build/icyphy/ptII/ptolemy/domains/sdf/test/auto/relationGroup14.xml (RunModel)" time="0.023" />
  <testcase classname="ptolemy.util.test.junit.AutoTests" name="[37] /home/travis/build/icyphy/ptII/ptolemy/domains/sdf/test/auto/relationGroup15.xml (RunModel)" time="0.019" />
  <testcase classname="ptolemy.util.test.junit.AutoTests" name="[38] /home/travis/build/icyphy/ptII/ptolemy/domains/sdf/test/auto/relationGroup2.xml (RunModel)" time="0.015" />
  <testcase classname="ptolemy.util.test.junit.AutoTests" name="[39] /home/travis/build/icyphy/ptII/ptolemy/domains/sdf/test/auto/relationGroup3.xml (RunModel)" time="0.011" />
  <testcase classname="ptolemy.util.test.junit.AutoTests" name="[40] /home/travis/build/icyphy/ptII/ptolemy/domains/sdf/test/auto/relationGroup4.xml (RunModel)" time="0.02" />
  <testcase classname="ptolemy.util.test.junit.AutoTests" name="[41] /home/travis/build/icyphy/ptII/ptolemy/domains/sdf/test/auto/relationGroup5.xml (RunModel)" time="0.023" />
  <testcase classname="ptolemy.util.test.junit.AutoTests" name="[42] /home/travis/build/icyphy/ptII/ptolemy/domains/sdf/test/auto/relationGroup6.xml (RunModel)" time="0.028" />
  <testcase classname="ptolemy.util.test.junit.AutoTests" name="[43] /home/travis/build/icyphy/ptII/ptolemy/domains/sdf/test/auto/relationGroup7.xml (RunModel)" time="0.02" />
  <testcase classname="ptolemy.util.test.junit.AutoTests" name="[44] /home/travis/build/icyphy/ptII/ptolemy/domains/sdf/test/auto/relationGroup8.xml (RunModel)" time="0.014" />
  <testcase classname="ptolemy.util.test.junit.AutoTests" name="[45] /home/travis/build/icyphy/ptII/ptolemy/domains/sdf/test/auto/relationGroup9.xml (RunModel)" time="0.024" />
  <testcase classname="ptolemy.util.test.junit.AutoTests" name="[46] /home/travis/build/icyphy/ptII/ptolemy/domains/sdf/test/auto/sdf_inside_de.xml (RunModel)" time="0.061" />
  <testcase classname="ptolemy.util.test.junit.AutoTests" name="[47] /home/travis/build/icyphy/ptII/ptolemy/domains/sdf/test/auto/sdf_inside_pn.xml (RunModel)" time="0.077" />
  <testcase classname="ptolemy.util.test.junit.AutoTests" name="[48] /home/travis/build/icyphy/ptII/ptolemy/domains/sdf/test/auto/sdf_sdf1.xml (RunModel)" time="0.02" />
  <testcase classname="ptolemy.util.test.junit.AutoTests" name="[49] /home/travis/build/icyphy/ptII/ptolemy/domains/sdf/test/auto/test1.xml (RunModel)" time="0.018" />
  <testcase classname="ptolemy.util.test.junit.AutoTests" name="[50] /home/travis/build/icyphy/ptII/ptolemy/domains/sdf/test/auto/time1.xml (RunModel)" time="0.012" />
  <testcase classname="ptolemy.util.test.junit.AutoTests" name="[51] /home/travis/build/icyphy/ptII/ptolemy/domains/sdf/test/auto/time2.xml (RunModel)" time="0.024" />
  <testcase classname="ptolemy.util.test.junit.AutoTests" name="[52] /home/travis/build/icyphy/ptII/ptolemy/domains/sdf/test/auto/time3.xml (RunModel)" time="0.029" />
  <testcase classname="ptolemy.util.test.junit.AutoTests" name="[53] /home/travis/build/icyphy/ptII/ptolemy/domains/sdf/test/auto/time4.xml (RunModel)" time="0.018" />
  <testcase classname="ptolemy.util.test.junit.AutoTests" name="[54] /home/travis/build/icyphy/ptII/ptolemy/domains/sdf/test/auto/time5.xml (RunModel)" time="4.013" />
  <testcase classname="ptolemy.util.test.junit.AutoTests" name="[55] /home/travis/build/icyphy/ptII/ptolemy/domains/sdf/test/auto/typeSystem_Const_Integer_smallest_Type.xml (RunModel)" time="0.04" />
  <testcase classname="ptolemy.util.test.junit.AutoTests" name="[56] /home/travis/build/icyphy/ptII/ptolemy/domains/sdf/test/auto/typeSystem_declared_Inports_OutportTypeException.xml (RunModel)" time="0.033" />
  <testcase classname="ptolemy.util.test.junit.AutoTests" name="[57] /home/travis/build/icyphy/ptII/ptolemy/domains/sdf/test/auto/typeSystem_oneDeclaredInportType_wrongTypeOutport.xml (RunModel)" time="0.021" />
  <testcase classname="ptolemy.util.test.junit.AutoTests" name="[58] /home/travis/build/icyphy/ptII/ptolemy/domains/sdf/test/auto/width.xml (RunModel)" time="0.011" />
  <testcase classname="ptolemy.util.test.junit.AutoTests" name="[59] /home/travis/build/icyphy/ptII/ptolemy/domains/sdf/test/auto/width2.xml (RunModel)" time="0.041" />
  <testcase classname="ptolemy.util.test.junit.AutoTests" name="[60] /home/travis/build/icyphy/ptII/ptolemy/domains/sdf/test/auto/width3.xml (RunModel)" time="0.085" />
  <system-out><![CDATA[/home/travis/build/icyphy/ptII/ptolemy/domains/sdf/test/SDFSchedulerErrors.tcl
testDefs.tcl: setting time out to 9000 seconds at Wed May 09 01:06:35 UTC 2018
22 ms. Memory: 116224K Free: 106938K (92%)
6 ms. Memory: 116224K Free: 99908K (86%)
10 ms. Memory: 116224K Free: 92885K (80%)
3 ms. Memory: 116224K Free: 89840K (77%)
/home/travis/build/icyphy/ptII/ptolemy/domains/sdf/test/composition.tcl
42 ms. Memory: 116224K Free: 86232K (74%)
12 ms. Memory: 116224K Free: 83843K (72%)
/home/travis/build/icyphy/ptII/ptolemy/domains/sdf/test/cycle.tcl
.Toplevel.Director Preinitializing ...
Invoking preinitialize():  .Toplevel.Actor1
Invoking preinitialize():  .Toplevel.Actor2
Invoking preinitialize():  .Toplevel.Delay
.Toplevel.Director Finished preinitialize().
### Schedule:
Execute Schedule{
Fire Actor ptolemy.domains.sdf.kernel.test.SDFTestDelay {.Toplevel.Actor1}
Fire Actor ptolemy.domains.sdf.kernel.test.SDFTestDelay {.Toplevel.Actor2}
Fire Actor ptolemy.domains.sdf.lib.SampleDelay {.Toplevel.Delay}
}
### End schedule
Called initialize().
Invoking initialize():  .Toplevel.Actor1
Initializing actor: .Toplevel.Actor1.
Invoking initialize():  .Toplevel.Actor2
Initializing actor: .Toplevel.Actor2.
Invoking initialize():  .Toplevel.Delay
Initializing actor: .Toplevel.Delay.
Director: Called prefire().
-- Setting current time to 0.0
Director prefire returns true.
The actor .Toplevel.Actor1 will be iterated.
The actor .Toplevel.Actor1 was iterated.
The actor .Toplevel.Actor2 will be iterated.
The actor .Toplevel.Actor2 was iterated.
The actor .Toplevel.Delay will be iterated.
The actor .Toplevel.Delay was iterated.
Director: Called postfire().
Postfire returns: true
Director: Called prefire().
-- Setting current time to 0.0
Director prefire returns true.
The actor .Toplevel.Actor1 will be iterated.
The actor .Toplevel.Actor1 was iterated.
The actor .Toplevel.Actor2 will be iterated.
The actor .Toplevel.Actor2 was iterated.
The actor .Toplevel.Delay will be iterated.
The actor .Toplevel.Delay was iterated.
Director: Called postfire().
Postfire returns: true
Director: Called prefire().
-- Setting current time to 0.0
Director prefire returns true.
The actor .Toplevel.Actor1 will be iterated.
The actor .Toplevel.Actor1 was iterated.
The actor .Toplevel.Actor2 will be iterated.
The actor .Toplevel.Actor2 was iterated.
The actor .Toplevel.Delay will be iterated.
The actor .Toplevel.Delay was iterated.
Director: Called postfire().
Postfire returns: true
Director: Called prefire().
-- Setting current time to 0.0
Director prefire returns true.
The actor .Toplevel.Actor1 will be iterated.
The actor .Toplevel.Actor1 was iterated.
The actor .Toplevel.Actor2 will be iterated.
The actor .Toplevel.Actor2 was iterated.
The actor .Toplevel.Delay will be iterated.
The actor .Toplevel.Delay was iterated.
Director: Called postfire().
Postfire returns: true
Director: Called prefire().
-- Setting current time to 0.0
Director prefire returns true.
The actor .Toplevel.Actor1 will be iterated.
The actor .Toplevel.Actor1 was iterated.
The actor .Toplevel.Actor2 will be iterated.
The actor .Toplevel.Actor2 was iterated.
The actor .Toplevel.Delay will be iterated.
The actor .Toplevel.Delay was iterated.
Director: Called postfire().
Postfire returns: true
Director: Called prefire().
-- Setting current time to 0.0
Director prefire returns true.
The actor .Toplevel.Actor1 will be iterated.
The actor .Toplevel.Actor1 was iterated.
The actor .Toplevel.Actor2 will be iterated.
The actor .Toplevel.Actor2 was iterated.
The actor .Toplevel.Delay will be iterated.
The actor .Toplevel.Delay was iterated.
Reached specified number of iterations: 6
Director: Called wrapup().
7 ms. Memory: 116224K Free: 82059K (71%)
05/09/18 01:06:36
Failed: 0  Total Tests: 8  ((Passed: 8, Newly Passed: 0)  Known Failed: 0) /home/travis/build/icyphy/ptII/ptolemy/domains/sdf/test
No auto/knownFailedTests/*.xml tests in /home/travis/build/icyphy/ptII/ptolemy/domains/sdf/test
No auto/*.xml tests in /home/travis/build/icyphy/ptII/ptolemy/domains/sdf/test
AutoTests.java: About to close Vertx.
AutoTests.java: Vertx closed.
----------------- testing Wed May 09 01:06:36 UTC 2018 /home/travis/build/icyphy/ptII/ptolemy/domains/sdf/test/auto/Array.xml
----------------- Instantiating /home/travis/build/icyphy/ptII/ptolemy/domains/sdf/test/auto/Array.xml
52 ms. Memory: 146944K Free: 103831K (71%)
----------------- Invoking toplevel() on ptolemy.moml.MoMLSimpleApplication@60466121
----------------- Done invoking toplevel() on ptolemy.moml.MoMLSimpleApplication@60466121
reloadAllAccessors: .Array
----------------- testing Wed May 09 01:06:36 UTC 2018 /home/travis/build/icyphy/ptII/ptolemy/domains/sdf/test/auto/Butterfly.xml
----------------- Instantiating /home/travis/build/icyphy/ptII/ptolemy/domains/sdf/test/auto/Butterfly.xml
104 ms. Memory: 146944K Free: 96538K (66%)
----------------- Invoking toplevel() on ptolemy.moml.MoMLSimpleApplication@4906c1a1
----------------- Done invoking toplevel() on ptolemy.moml.MoMLSimpleApplication@4906c1a1
reloadAllAccessors: .Butterfly
----------------- testing Wed May 09 01:06:37 UTC 2018 /home/travis/build/icyphy/ptII/ptolemy/domains/sdf/test/auto/Expression.xml
----------------- Instantiating /home/travis/build/icyphy/ptII/ptolemy/domains/sdf/test/auto/Expression.xml
66 ms. Memory: 146944K Free: 91582K (62%)
----------------- Invoking toplevel() on ptolemy.moml.MoMLSimpleApplication@4d0bbbf8
----------------- Done invoking toplevel() on ptolemy.moml.MoMLSimpleApplication@4d0bbbf8
reloadAllAccessors: .Expression
----------------- testing Wed May 09 01:06:37 UTC 2018 /home/travis/build/icyphy/ptII/ptolemy/domains/sdf/test/auto/Eye.xml
----------------- Instantiating /home/travis/build/icyphy/ptII/ptolemy/domains/sdf/test/auto/Eye.xml
305 ms. Memory: 146944K Free: 122616K (83%)
----------------- Invoking toplevel() on ptolemy.moml.MoMLSimpleApplication@7bf09505
----------------- Done invoking toplevel() on ptolemy.moml.MoMLSimpleApplication@7bf09505
reloadAllAccessors: .Eye
----------------- testing Wed May 09 01:06:37 UTC 2018 /home/travis/build/icyphy/ptII/ptolemy/domains/sdf/test/auto/FixFIR.xml
----------------- Instantiating /home/travis/build/icyphy/ptII/ptolemy/domains/sdf/test/auto/FixFIR.xml
164 ms. Memory: 146944K Free: 85970K (59%)
----------------- Invoking toplevel() on ptolemy.moml.MoMLSimpleApplication@59630a9b
----------------- Done invoking toplevel() on ptolemy.moml.MoMLSimpleApplication@59630a9b
reloadAllAccessors: .FixFIR
----------------- testing Wed May 09 01:06:37 UTC 2018 /home/travis/build/icyphy/ptII/ptolemy/domains/sdf/test/auto/FixPoint.xml
----------------- Instantiating /home/travis/build/icyphy/ptII/ptolemy/domains/sdf/test/auto/FixPoint.xml
19 ms. Memory: 146944K Free: 81572K (56%)
----------------- Invoking toplevel() on ptolemy.moml.MoMLSimpleApplication@6d6b7c2b
----------------- Done invoking toplevel() on ptolemy.moml.MoMLSimpleApplication@6d6b7c2b
reloadAllAccessors: .FixPoint
----------------- testing Wed May 09 01:06:37 UTC 2018 /home/travis/build/icyphy/ptII/ptolemy/domains/sdf/test/auto/Gravitation.xml
----------------- Instantiating /home/travis/build/icyphy/ptII/ptolemy/domains/sdf/test/auto/Gravitation.xml
3235 ms. Memory: 208384K Free: 109712K (53%)
----------------- Invoking toplevel() on ptolemy.moml.MoMLSimpleApplication@727c3ddc
----------------- Done invoking toplevel() on ptolemy.moml.MoMLSimpleApplication@727c3ddc
reloadAllAccessors: .Gravitation
----------------- testing Wed May 09 01:06:41 UTC 2018 /home/travis/build/icyphy/ptII/ptolemy/domains/sdf/test/auto/GravitationWithCollisionDetection.xml
----------------- Instantiating /home/travis/build/icyphy/ptII/ptolemy/domains/sdf/test/auto/GravitationWithCollisionDetection.xml
6931 ms. Memory: 873984K Free: 313796K (36%)
----------------- Invoking toplevel() on ptolemy.moml.MoMLSimpleApplication@c1fc248
----------------- Done invoking toplevel() on ptolemy.moml.MoMLSimpleApplication@c1fc248
reloadAllAccessors: .GravitationWithCollisionDetection
----------------- testing Wed May 09 01:06:48 UTC 2018 /home/travis/build/icyphy/ptII/ptolemy/domains/sdf/test/auto/HDF.xml
----------------- Instantiating /home/travis/build/icyphy/ptII/ptolemy/domains/sdf/test/auto/HDF.xml
59 ms. Memory: 873984K Free: 280871K (32%)
----------------- Invoking toplevel() on ptolemy.moml.MoMLSimpleApplication@7cc89072
----------------- Done invoking toplevel() on ptolemy.moml.MoMLSimpleApplication@7cc89072
reloadAllAccessors: .HDF
----------------- testing Wed May 09 01:06:48 UTC 2018 /home/travis/build/icyphy/ptII/ptolemy/domains/sdf/test/auto/HDFwithTransientStates.xml
----------------- Instantiating /home/travis/build/icyphy/ptII/ptolemy/domains/sdf/test/auto/HDFwithTransientStates.xml
23 ms. Memory: 873984K Free: 257277K (29%)
----------------- Invoking toplevel() on ptolemy.moml.MoMLSimpleApplication@16c81b93
----------------- Done invoking toplevel() on ptolemy.moml.MoMLSimpleApplication@16c81b93
reloadAllAccessors: .HDFwithTransientStates
----------------- testing Wed May 09 01:06:48 UTC 2018 /home/travis/build/icyphy/ptII/ptolemy/domains/sdf/test/auto/HTVQ.xml
----------------- Instantiating /home/travis/build/icyphy/ptII/ptolemy/domains/sdf/test/auto/HTVQ.xml
899 ms. Memory: 873984K Free: 84259K (10%)
----------------- Invoking toplevel() on ptolemy.moml.MoMLSimpleApplication@40534872
----------------- Done invoking toplevel() on ptolemy.moml.MoMLSimpleApplication@40534872
reloadAllAccessors: .HTVQ
----------------- testing Wed May 09 01:06:49 UTC 2018 /home/travis/build/icyphy/ptII/ptolemy/domains/sdf/test/auto/InferInitProduction.xml
----------------- Instantiating /home/travis/build/icyphy/ptII/ptolemy/domains/sdf/test/auto/InferInitProduction.xml
12 ms. Memory: 874496K Free: 859320K (98%)
----------------- Invoking toplevel() on ptolemy.moml.MoMLSimpleApplication@1597d8f8
----------------- Done invoking toplevel() on ptolemy.moml.MoMLSimpleApplication@1597d8f8
reloadAllAccessors: .InferInitProduction
----------------- testing Wed May 09 01:06:49 UTC 2018 /home/travis/build/icyphy/ptII/ptolemy/domains/sdf/test/auto/InferInitProductionDeeper.xml
----------------- Instantiating /home/travis/build/icyphy/ptII/ptolemy/domains/sdf/test/auto/InferInitProductionDeeper.xml
5 ms. Memory: 874496K Free: 841562K (96%)
----------------- Invoking toplevel() on ptolemy.moml.MoMLSimpleApplication@4875b321
----------------- Done invoking toplevel() on ptolemy.moml.MoMLSimpleApplication@4875b321
reloadAllAccessors: .InferInitProductionDeeper
----------------- testing Wed May 09 01:06:49 UTC 2018 /home/travis/build/icyphy/ptII/ptolemy/domains/sdf/test/auto/LMSAdaptive.xml
----------------- Instantiating /home/travis/build/icyphy/ptII/ptolemy/domains/sdf/test/auto/LMSAdaptive.xml
17 ms. Memory: 874496K Free: 825844K (94%)
----------------- Invoking toplevel() on ptolemy.moml.MoMLSimpleApplication@139b799f
----------------- Done invoking toplevel() on ptolemy.moml.MoMLSimpleApplication@139b799f
reloadAllAccessors: .LMSAdaptive
----------------- testing Wed May 09 01:06:49 UTC 2018 /home/travis/build/icyphy/ptII/ptolemy/domains/sdf/test/auto/LogisticMap.xml
----------------- Instantiating /home/travis/build/icyphy/ptII/ptolemy/domains/sdf/test/auto/LogisticMap.xml
454 ms. Memory: 874496K Free: 815365K (93%)
----------------- Invoking toplevel() on ptolemy.moml.MoMLSimpleApplication@54322c54
----------------- Done invoking toplevel() on ptolemy.moml.MoMLSimpleApplication@54322c54
reloadAllAccessors: .LogisticMap
----------------- testing Wed May 09 01:06:50 UTC 2018 /home/travis/build/icyphy/ptII/ptolemy/domains/sdf/test/auto/MaximumEntropySpectrum.xml
----------------- Instantiating /home/travis/build/icyphy/ptII/ptolemy/domains/sdf/test/auto/MaximumEntropySpectrum.xml
62 ms. Memory: 874496K Free: 747091K (85%)
----------------- Invoking toplevel() on ptolemy.moml.MoMLSimpleApplication@5ccf0760
----------------- Done invoking toplevel() on ptolemy.moml.MoMLSimpleApplication@5ccf0760
reloadAllAccessors: .MaximumEntropySpectrum
----------------- testing Wed May 09 01:06:50 UTC 2018 /home/travis/build/icyphy/ptII/ptolemy/domains/sdf/test/auto/MultirateSDF.xml
----------------- Instantiating /home/travis/build/icyphy/ptII/ptolemy/domains/sdf/test/auto/MultirateSDF.xml
19 ms. Memory: 874496K Free: 726116K (83%)
----------------- Invoking toplevel() on ptolemy.moml.MoMLSimpleApplication@29871848
----------------- Done invoking toplevel() on ptolemy.moml.MoMLSimpleApplication@29871848
reloadAllAccessors: .MultirateSDF
----------------- testing Wed May 09 01:06:50 UTC 2018 /home/travis/build/icyphy/ptII/ptolemy/domains/sdf/test/auto/MultirateSDFwithTransientStates.xml
----------------- Instantiating /home/travis/build/icyphy/ptII/ptolemy/domains/sdf/test/auto/MultirateSDFwithTransientStates.xml
22 ms. Memory: 874496K Free: 705150K (81%)
----------------- Invoking toplevel() on ptolemy.moml.MoMLSimpleApplication@499b9ad
----------------- Done invoking toplevel() on ptolemy.moml.MoMLSimpleApplication@499b9ad
reloadAllAccessors: .MultirateSDFwithTransientStates
----------------- testing Wed May 09 01:06:50 UTC 2018 /home/travis/build/icyphy/ptII/ptolemy/domains/sdf/test/auto/NoisySinewave.xml
----------------- Instantiating /home/travis/build/icyphy/ptII/ptolemy/domains/sdf/test/auto/NoisySinewave.xml
17 ms. Memory: 874496K Free: 684160K (78%)
----------------- Invoking toplevel() on ptolemy.moml.MoMLSimpleApplication@13ffed14
----------------- Done invoking toplevel() on ptolemy.moml.MoMLSimpleApplication@13ffed14
reloadAllAccessors: .NoisySinewave
----------------- testing Wed May 09 01:06:50 UTC 2018 /home/travis/build/icyphy/ptII/ptolemy/domains/sdf/test/auto/Objects.xml
----------------- Instantiating /home/travis/build/icyphy/ptII/ptolemy/domains/sdf/test/auto/Objects.xml
3 ms. Memory: 874496K Free: 668426K (76%)
----------------- Invoking toplevel() on ptolemy.moml.MoMLSimpleApplication@59db9476
----------------- Done invoking toplevel() on ptolemy.moml.MoMLSimpleApplication@59db9476
reloadAllAccessors: .Objects
----------------- testing Wed May 09 01:06:50 UTC 2018 /home/travis/build/icyphy/ptII/ptolemy/domains/sdf/test/auto/OrthogonalCom.xml
----------------- Instantiating /home/travis/build/icyphy/ptII/ptolemy/domains/sdf/test/auto/OrthogonalCom.xml
7 ms. Memory: 874496K Free: 652707K (75%)
----------------- Invoking toplevel() on ptolemy.moml.MoMLSimpleApplication@6db70d6f
----------------- Done invoking toplevel() on ptolemy.moml.MoMLSimpleApplication@6db70d6f
reloadAllAccessors: .OrthogonalCom
----------------- testing Wed May 09 01:06:51 UTC 2018 /home/travis/build/icyphy/ptII/ptolemy/domains/sdf/test/auto/RijndaelEncryption.xml
----------------- Instantiating /home/travis/build/icyphy/ptII/ptolemy/domains/sdf/test/auto/RijndaelEncryption.xml
336 ms. Memory: 874496K Free: 486873K (56%)
----------------- Invoking toplevel() on ptolemy.moml.MoMLSimpleApplication@1a2ccb1d
----------------- Done invoking toplevel() on ptolemy.moml.MoMLSimpleApplication@1a2ccb1d
reloadAllAccessors: .RijndaelEncryption
----------------- testing Wed May 09 01:06:51 UTC 2018 /home/travis/build/icyphy/ptII/ptolemy/domains/sdf/test/auto/SDFEmptyIterations.xml
----------------- Instantiating /home/travis/build/icyphy/ptII/ptolemy/domains/sdf/test/auto/SDFEmptyIterations.xml
10 ms. Memory: 874496K Free: 476394K (54%)
----------------- Invoking toplevel() on ptolemy.moml.MoMLSimpleApplication@5c09f3ff
----------------- Done invoking toplevel() on ptolemy.moml.MoMLSimpleApplication@5c09f3ff
reloadAllAccessors: .SDFEmptyIterations
----------------- testing Wed May 09 01:06:51 UTC 2018 /home/travis/build/icyphy/ptII/ptolemy/domains/sdf/test/auto/Spectrum.xml
----------------- Instantiating /home/travis/build/icyphy/ptII/ptolemy/domains/sdf/test/auto/Spectrum.xml
35 ms. Memory: 874496K Free: 455420K (52%)
----------------- Invoking toplevel() on ptolemy.moml.MoMLSimpleApplication@61c74dbb
----------------- Done invoking toplevel() on ptolemy.moml.MoMLSimpleApplication@61c74dbb
reloadAllAccessors: .Spectrum
----------------- testing Wed May 09 01:06:51 UTC 2018 /home/travis/build/icyphy/ptII/ptolemy/domains/sdf/test/auto/de_inside_sdf.xml
----------------- Instantiating /home/travis/build/icyphy/ptII/ptolemy/domains/sdf/test/auto/de_inside_sdf.xml
10 ms. Memory: 874496K Free: 444941K (51%)
----------------- Invoking toplevel() on ptolemy.moml.MoMLSimpleApplication@7326e754
----------------- Done invoking toplevel() on ptolemy.moml.MoMLSimpleApplication@7326e754
reloadAllAccessors: .de_inside_sdf
----------------- testing Wed May 09 01:06:51 UTC 2018 /home/travis/build/icyphy/ptII/ptolemy/domains/sdf/test/auto/disconnectedHierarchicalSDF.xml
----------------- Instantiating /home/travis/build/icyphy/ptII/ptolemy/domains/sdf/test/auto/disconnectedHierarchicalSDF.xml
6 ms. Memory: 874496K Free: 434462K (50%)
----------------- Invoking toplevel() on ptolemy.moml.MoMLSimpleApplication@54c31fb8
----------------- Done invoking toplevel() on ptolemy.moml.MoMLSimpleApplication@54c31fb8
reloadAllAccessors: .disconnectedHierarchicalSDF
----------------- testing Wed May 09 01:06:51 UTC 2018 /home/travis/build/icyphy/ptII/ptolemy/domains/sdf/test/auto/disconnectedSDF.xml
----------------- Instantiating /home/travis/build/icyphy/ptII/ptolemy/domains/sdf/test/auto/disconnectedSDF.xml
3 ms. Memory: 874496K Free: 423983K (48%)
----------------- Invoking toplevel() on ptolemy.moml.MoMLSimpleApplication@2b8e4cf8
----------------- Done invoking toplevel() on ptolemy.moml.MoMLSimpleApplication@2b8e4cf8
reloadAllAccessors: .disconnectedSDF
----------------- testing Wed May 09 01:06:51 UTC 2018 /home/travis/build/icyphy/ptII/ptolemy/domains/sdf/test/auto/emptyRefinement.xml
----------------- Instantiating /home/travis/build/icyphy/ptII/ptolemy/domains/sdf/test/auto/emptyRefinement.xml
4 ms. Memory: 874496K Free: 413504K (47%)
----------------- Invoking toplevel() on ptolemy.moml.MoMLSimpleApplication@1ce6e7f5
----------------- Done invoking toplevel() on ptolemy.moml.MoMLSimpleApplication@1ce6e7f5
reloadAllAccessors: .emptyRefinement
----------------- testing Wed May 09 01:06:51 UTC 2018 /home/travis/build/icyphy/ptII/ptolemy/domains/sdf/test/auto/filePortParameter.xml
----------------- Instantiating /home/travis/build/icyphy/ptII/ptolemy/domains/sdf/test/auto/filePortParameter.xml
25 ms. Memory: 874496K Free: 397769K (45%)
----------------- Invoking toplevel() on ptolemy.moml.MoMLSimpleApplication@48b7b7f9
----------------- Done invoking toplevel() on ptolemy.moml.MoMLSimpleApplication@48b7b7f9
reloadAllAccessors: .filePortParameter
----------------- testing Wed May 09 01:06:51 UTC 2018 /home/travis/build/icyphy/ptII/ptolemy/domains/sdf/test/auto/inferRelationWidth1.xml
----------------- Instantiating /home/travis/build/icyphy/ptII/ptolemy/domains/sdf/test/auto/inferRelationWidth1.xml
3 ms. Memory: 874496K Free: 387290K (44%)
----------------- Invoking toplevel() on ptolemy.moml.MoMLSimpleApplication@58caa6d0
----------------- Done invoking toplevel() on ptolemy.moml.MoMLSimpleApplication@58caa6d0
reloadAllAccessors: .inferRelationWidth1
----------------- testing Wed May 09 01:06:51 UTC 2018 /home/travis/build/icyphy/ptII/ptolemy/domains/sdf/test/auto/initProductionInference.xml
----------------- Instantiating /home/travis/build/icyphy/ptII/ptolemy/domains/sdf/test/auto/initProductionInference.xml
9 ms. Memory: 874496K Free: 373713K (43%)
----------------- Invoking toplevel() on ptolemy.moml.MoMLSimpleApplication@2a578926
----------------- Done invoking toplevel() on ptolemy.moml.MoMLSimpleApplication@2a578926
reloadAllAccessors: .initProductionInference
----------------- testing Wed May 09 01:06:51 UTC 2018 /home/travis/build/icyphy/ptII/ptolemy/domains/sdf/test/auto/relationGroup.xml
----------------- Instantiating /home/travis/build/icyphy/ptII/ptolemy/domains/sdf/test/auto/relationGroup.xml
2 ms. Memory: 874496K Free: 363234K (42%)
----------------- Invoking toplevel() on ptolemy.moml.MoMLSimpleApplication@313dcc4c
----------------- Done invoking toplevel() on ptolemy.moml.MoMLSimpleApplication@313dcc4c
reloadAllAccessors: .relationGroup
----------------- testing Wed May 09 01:06:51 UTC 2018 /home/travis/build/icyphy/ptII/ptolemy/domains/sdf/test/auto/relationGroup10.xml
----------------- Instantiating /home/travis/build/icyphy/ptII/ptolemy/domains/sdf/test/auto/relationGroup10.xml
3 ms. Memory: 874496K Free: 352755K (40%)
----------------- Invoking toplevel() on ptolemy.moml.MoMLSimpleApplication@162ca837
----------------- Done invoking toplevel() on ptolemy.moml.MoMLSimpleApplication@162ca837
reloadAllAccessors: .relationGroup10
----------------- testing Wed May 09 01:06:51 UTC 2018 /home/travis/build/icyphy/ptII/ptolemy/domains/sdf/test/auto/relationGroup11.xml
----------------- Instantiating /home/travis/build/icyphy/ptII/ptolemy/domains/sdf/test/auto/relationGroup11.xml
6 ms. Memory: 874496K Free: 342276K (39%)
----------------- Invoking toplevel() on ptolemy.moml.MoMLSimpleApplication@6c188de0
----------------- Done invoking toplevel() on ptolemy.moml.MoMLSimpleApplication@6c188de0
reloadAllAccessors: .relationGroup11
----------------- testing Wed May 09 01:06:52 UTC 2018 /home/travis/build/icyphy/ptII/ptolemy/domains/sdf/test/auto/relationGroup12.xml
----------------- Instantiating /home/travis/build/icyphy/ptII/ptolemy/domains/sdf/test/auto/relationGroup12.xml
2 ms. Memory: 874496K Free: 331797K (38%)
----------------- Invoking toplevel() on ptolemy.moml.MoMLSimpleApplication@628c2ae6
----------------- Done invoking toplevel() on ptolemy.moml.MoMLSimpleApplication@628c2ae6
reloadAllAccessors: .relationGroup12
----------------- testing Wed May 09 01:06:52 UTC 2018 /home/travis/build/icyphy/ptII/ptolemy/domains/sdf/test/auto/relationGroup13.xml
----------------- Instantiating /home/travis/build/icyphy/ptII/ptolemy/domains/sdf/test/auto/relationGroup13.xml
11 ms. Memory: 874496K Free: 321318K (37%)
----------------- Invoking toplevel() on ptolemy.moml.MoMLSimpleApplication@5a9b9c54
----------------- Done invoking toplevel() on ptolemy.moml.MoMLSimpleApplication@5a9b9c54
reloadAllAccessors: .relationGroup13
----------------- testing Wed May 09 01:06:52 UTC 2018 /home/travis/build/icyphy/ptII/ptolemy/domains/sdf/test/auto/relationGroup14.xml
----------------- Instantiating /home/travis/build/icyphy/ptII/ptolemy/domains/sdf/test/auto/relationGroup14.xml
5 ms. Memory: 874496K Free: 310839K (36%)
----------------- Invoking toplevel() on ptolemy.moml.MoMLSimpleApplication@3d16d6d0
----------------- Done invoking toplevel() on ptolemy.moml.MoMLSimpleApplication@3d16d6d0
reloadAllAccessors: .relationGroup14
----------------- testing Wed May 09 01:06:52 UTC 2018 /home/travis/build/icyphy/ptII/ptolemy/domains/sdf/test/auto/relationGroup15.xml
----------------- Instantiating /home/travis/build/icyphy/ptII/ptolemy/domains/sdf/test/auto/relationGroup15.xml
4 ms. Memory: 874496K Free: 300360K (34%)
----------------- Invoking toplevel() on ptolemy.moml.MoMLSimpleApplication@4132ca86
----------------- Done invoking toplevel() on ptolemy.moml.MoMLSimpleApplication@4132ca86
reloadAllAccessors: .relationGroup15
----------------- testing Wed May 09 01:06:52 UTC 2018 /home/travis/build/icyphy/ptII/ptolemy/domains/sdf/test/auto/relationGroup2.xml
----------------- Instantiating /home/travis/build/icyphy/ptII/ptolemy/domains/sdf/test/auto/relationGroup2.xml
2 ms. Memory: 874496K Free: 289881K (33%)
----------------- Invoking toplevel() on ptolemy.moml.MoMLSimpleApplication@769cda47
----------------- Done invoking toplevel() on ptolemy.moml.MoMLSimpleApplication@769cda47
reloadAllAccessors: .relationGroup2
----------------- testing Wed May 09 01:06:52 UTC 2018 /home/travis/build/icyphy/ptII/ptolemy/domains/sdf/test/auto/relationGroup3.xml
----------------- Instantiating /home/travis/build/icyphy/ptII/ptolemy/domains/sdf/test/auto/relationGroup3.xml
2 ms. Memory: 874496K Free: 276303K (32%)
----------------- Invoking toplevel() on ptolemy.moml.MoMLSimpleApplication@1a903f3f
----------------- Done invoking toplevel() on ptolemy.moml.MoMLSimpleApplication@1a903f3f
reloadAllAccessors: .relationGroup3
----------------- testing Wed May 09 01:06:52 UTC 2018 /home/travis/build/icyphy/ptII/ptolemy/domains/sdf/test/auto/relationGroup4.xml
----------------- Instantiating /home/travis/build/icyphy/ptII/ptolemy/domains/sdf/test/auto/relationGroup4.xml
5 ms. Memory: 874496K Free: 265824K (30%)
----------------- Invoking toplevel() on ptolemy.moml.MoMLSimpleApplication@11a2228f
----------------- Done invoking toplevel() on ptolemy.moml.MoMLSimpleApplication@11a2228f
reloadAllAccessors: .relationGroup4
----------------- testing Wed May 09 01:06:52 UTC 2018 /home/travis/build/icyphy/ptII/ptolemy/domains/sdf/test/auto/relationGroup5.xml
----------------- Instantiating /home/travis/build/icyphy/ptII/ptolemy/domains/sdf/test/auto/relationGroup5.xml
4 ms. Memory: 874496K Free: 255345K (29%)
----------------- Invoking toplevel() on ptolemy.moml.MoMLSimpleApplication@7ce7e51
----------------- Done invoking toplevel() on ptolemy.moml.MoMLSimpleApplication@7ce7e51
reloadAllAccessors: .relationGroup5
----------------- testing Wed May 09 01:06:52 UTC 2018 /home/travis/build/icyphy/ptII/ptolemy/domains/sdf/test/auto/relationGroup6.xml
----------------- Instantiating /home/travis/build/icyphy/ptII/ptolemy/domains/sdf/test/auto/relationGroup6.xml
6 ms. Memory: 874496K Free: 244866K (28%)
----------------- Invoking toplevel() on ptolemy.moml.MoMLSimpleApplication@2f3f6905
----------------- Done invoking toplevel() on ptolemy.moml.MoMLSimpleApplication@2f3f6905
reloadAllAccessors: .relationGroup6
----------------- testing Wed May 09 01:06:52 UTC 2018 /home/travis/build/icyphy/ptII/ptolemy/domains/sdf/test/auto/relationGroup7.xml
----------------- Instantiating /home/travis/build/icyphy/ptII/ptolemy/domains/sdf/test/auto/relationGroup7.xml
3 ms. Memory: 874496K Free: 234387K (27%)
----------------- Invoking toplevel() on ptolemy.moml.MoMLSimpleApplication@7472650a
----------------- Done invoking toplevel() on ptolemy.moml.MoMLSimpleApplication@7472650a
reloadAllAccessors: .relationGroup7
----------------- testing Wed May 09 01:06:52 UTC 2018 /home/travis/build/icyphy/ptII/ptolemy/domains/sdf/test/auto/relationGroup8.xml
----------------- Instantiating /home/travis/build/icyphy/ptII/ptolemy/domains/sdf/test/auto/relationGroup8.xml
1 ms. Memory: 874496K Free: 223908K (26%)
----------------- Invoking toplevel() on ptolemy.moml.MoMLSimpleApplication@7ea24665
----------------- Done invoking toplevel() on ptolemy.moml.MoMLSimpleApplication@7ea24665
reloadAllAccessors: .relationGroup8
----------------- testing Wed May 09 01:06:52 UTC 2018 /home/travis/build/icyphy/ptII/ptolemy/domains/sdf/test/auto/relationGroup9.xml
----------------- Instantiating /home/travis/build/icyphy/ptII/ptolemy/domains/sdf/test/auto/relationGroup9.xml
6 ms. Memory: 874496K Free: 213429K (24%)
----------------- Invoking toplevel() on ptolemy.moml.MoMLSimpleApplication@2e49b0f7
----------------- Done invoking toplevel() on ptolemy.moml.MoMLSimpleApplication@2e49b0f7
reloadAllAccessors: .relationGroup9
----------------- testing Wed May 09 01:06:52 UTC 2018 /home/travis/build/icyphy/ptII/ptolemy/domains/sdf/test/auto/sdf_inside_de.xml
----------------- Instantiating /home/travis/build/icyphy/ptII/ptolemy/domains/sdf/test/auto/sdf_inside_de.xml
20 ms. Memory: 874496K Free: 197695K (23%)
----------------- Invoking toplevel() on ptolemy.moml.MoMLSimpleApplication@6455e456
----------------- Done invoking toplevel() on ptolemy.moml.MoMLSimpleApplication@6455e456
reloadAllAccessors: .sdf_inside_de
----------------- testing Wed May 09 01:06:52 UTC 2018 /home/travis/build/icyphy/ptII/ptolemy/domains/sdf/test/auto/sdf_inside_pn.xml
----------------- Instantiating /home/travis/build/icyphy/ptII/ptolemy/domains/sdf/test/auto/sdf_inside_pn.xml
48 ms. Memory: 874496K Free: 155779K (18%)
----------------- Invoking toplevel() on ptolemy.moml.MoMLSimpleApplication@3fb1cf17
----------------- Done invoking toplevel() on ptolemy.moml.MoMLSimpleApplication@3fb1cf17
reloadAllAccessors: .sdf_inside_pn
----------------- testing Wed May 09 01:06:52 UTC 2018 /home/travis/build/icyphy/ptII/ptolemy/domains/sdf/test/auto/sdf_sdf1.xml
----------------- Instantiating /home/travis/build/icyphy/ptII/ptolemy/domains/sdf/test/auto/sdf_sdf1.xml
4 ms. Memory: 874496K Free: 142201K (16%)
----------------- Invoking toplevel() on ptolemy.moml.MoMLSimpleApplication@2d71d86
----------------- Done invoking toplevel() on ptolemy.moml.MoMLSimpleApplication@2d71d86
reloadAllAccessors: .sdf_sdf1
----------------- testing Wed May 09 01:06:52 UTC 2018 /home/travis/build/icyphy/ptII/ptolemy/domains/sdf/test/auto/test1.xml
----------------- Instantiating /home/travis/build/icyphy/ptII/ptolemy/domains/sdf/test/auto/test1.xml
3 ms. Memory: 874496K Free: 131722K (15%)
----------------- Invoking toplevel() on ptolemy.moml.MoMLSimpleApplication@1bb0edda
----------------- Done invoking toplevel() on ptolemy.moml.MoMLSimpleApplication@1bb0edda
reloadAllAccessors: .test1
----------------- testing Wed May 09 01:06:52 UTC 2018 /home/travis/build/icyphy/ptII/ptolemy/domains/sdf/test/auto/time1.xml
----------------- Instantiating /home/travis/build/icyphy/ptII/ptolemy/domains/sdf/test/auto/time1.xml
2 ms. Memory: 874496K Free: 121243K (14%)
----------------- Invoking toplevel() on ptolemy.moml.MoMLSimpleApplication@6ab8755c
----------------- Done invoking toplevel() on ptolemy.moml.MoMLSimpleApplication@6ab8755c
reloadAllAccessors: .time1
----------------- testing Wed May 09 01:06:52 UTC 2018 /home/travis/build/icyphy/ptII/ptolemy/domains/sdf/test/auto/time2.xml
----------------- Instantiating /home/travis/build/icyphy/ptII/ptolemy/domains/sdf/test/auto/time2.xml
11 ms. Memory: 874496K Free: 110764K (13%)
----------------- Invoking toplevel() on ptolemy.moml.MoMLSimpleApplication@2935ac8
----------------- Done invoking toplevel() on ptolemy.moml.MoMLSimpleApplication@2935ac8
reloadAllAccessors: .time2
----------------- testing Wed May 09 01:06:52 UTC 2018 /home/travis/build/icyphy/ptII/ptolemy/domains/sdf/test/auto/time3.xml
----------------- Instantiating /home/travis/build/icyphy/ptII/ptolemy/domains/sdf/test/auto/time3.xml
9 ms. Memory: 874496K Free: 100285K (11%)
----------------- Invoking toplevel() on ptolemy.moml.MoMLSimpleApplication@e48dc3
----------------- Done invoking toplevel() on ptolemy.moml.MoMLSimpleApplication@e48dc3
reloadAllAccessors: .time3
----------------- testing Wed May 09 01:06:52 UTC 2018 /home/travis/build/icyphy/ptII/ptolemy/domains/sdf/test/auto/time4.xml
----------------- Instantiating /home/travis/build/icyphy/ptII/ptolemy/domains/sdf/test/auto/time4.xml
4 ms. Memory: 874496K Free: 89806K (10%)
----------------- Invoking toplevel() on ptolemy.moml.MoMLSimpleApplication@325739bd
----------------- Done invoking toplevel() on ptolemy.moml.MoMLSimpleApplication@325739bd
reloadAllAccessors: .time4
----------------- testing Wed May 09 01:06:52 UTC 2018 /home/travis/build/icyphy/ptII/ptolemy/domains/sdf/test/auto/time5.xml
----------------- Instantiating /home/travis/build/icyphy/ptII/ptolemy/domains/sdf/test/auto/time5.xml
4002 ms. Memory: 874496K Free: 79327K (9%)
----------------- Invoking toplevel() on ptolemy.moml.MoMLSimpleApplication@4a91f3a9
----------------- Done invoking toplevel() on ptolemy.moml.MoMLSimpleApplication@4a91f3a9
reloadAllAccessors: .time5
----------------- testing Wed May 09 01:06:56 UTC 2018 /home/travis/build/icyphy/ptII/ptolemy/domains/sdf/test/auto/typeSystem_Const_Integer_smallest_Type.xml
----------------- Instantiating /home/travis/build/icyphy/ptII/ptolemy/domains/sdf/test/auto/typeSystem_Const_Integer_smallest_Type.xml
3 ms. Memory: 830976K Free: 811146K (98%)
----------------- Invoking toplevel() on ptolemy.moml.MoMLSimpleApplication@569e554d
----------------- Done invoking toplevel() on ptolemy.moml.MoMLSimpleApplication@569e554d
reloadAllAccessors: .typeSystem_Const_Integer_smallest_Type
----------------- testing Wed May 09 01:06:56 UTC 2018 /home/travis/build/icyphy/ptII/ptolemy/domains/sdf/test/auto/typeSystem_declared_Inports_OutportTypeException.xml
----------------- Instantiating /home/travis/build/icyphy/ptII/ptolemy/domains/sdf/test/auto/typeSystem_declared_Inports_OutportTypeException.xml
.typeSystem_declared_Inports_OutportTypeException.TestExceptionAttribute: initialize() was not invoked, but wrapup() was.  This is unusual, but not always a problem.  For example, exporting JNLP will do this.
3 ms. Memory: 830976K Free: 799156K (96%)
----------------- Invoking toplevel() on ptolemy.moml.MoMLSimpleApplication@7f298f7d
----------------- Done invoking toplevel() on ptolemy.moml.MoMLSimpleApplication@7f298f7d
reloadAllAccessors: .typeSystem_declared_Inports_OutportTypeException
----------------- testing Wed May 09 01:06:56 UTC 2018 /home/travis/build/icyphy/ptII/ptolemy/domains/sdf/test/auto/typeSystem_oneDeclaredInportType_wrongTypeOutport.xml
----------------- Instantiating /home/travis/build/icyphy/ptII/ptolemy/domains/sdf/test/auto/typeSystem_oneDeclaredInportType_wrongTypeOutport.xml
4 ms. Memory: 830976K Free: 789176K (95%)
----------------- Invoking toplevel() on ptolemy.moml.MoMLSimpleApplication@270f7e95
----------------- Done invoking toplevel() on ptolemy.moml.MoMLSimpleApplication@270f7e95
reloadAllAccessors: .typeSystem_oneDeclaredInportType_wrongTypeOutport
----------------- testing Wed May 09 01:06:56 UTC 2018 /home/travis/build/icyphy/ptII/ptolemy/domains/sdf/test/auto/width.xml
----------------- Instantiating /home/travis/build/icyphy/ptII/ptolemy/domains/sdf/test/auto/width.xml
2 ms. Memory: 830976K Free: 779195K (94%)
----------------- Invoking toplevel() on ptolemy.moml.MoMLSimpleApplication@27e5ebe7
----------------- Done invoking toplevel() on ptolemy.moml.MoMLSimpleApplication@27e5ebe7
reloadAllAccessors: .width
----------------- testing Wed May 09 01:06:56 UTC 2018 /home/travis/build/icyphy/ptII/ptolemy/domains/sdf/test/auto/width2.xml
----------------- Instantiating /home/travis/build/icyphy/ptII/ptolemy/domains/sdf/test/auto/width2.xml
31 ms. Memory: 830976K Free: 769214K (93%)
----------------- Invoking toplevel() on ptolemy.moml.MoMLSimpleApplication@5320c156
----------------- Done invoking toplevel() on ptolemy.moml.MoMLSimpleApplication@5320c156
reloadAllAccessors: .width2
----------------- testing Wed May 09 01:06:56 UTC 2018 /home/travis/build/icyphy/ptII/ptolemy/domains/sdf/test/auto/width3.xml
----------------- Instantiating /home/travis/build/icyphy/ptII/ptolemy/domains/sdf/test/auto/width3.xml
54 ms. Memory: 830976K Free: 759078K (91%)
----------------- Invoking toplevel() on ptolemy.moml.MoMLSimpleApplication@67121296
----------------- Done invoking toplevel() on ptolemy.moml.MoMLSimpleApplication@67121296
reloadAllAccessors: .width3
AutoTests.java: About to close Vertx.
AutoTests.java: Vertx closed.
]]></system-out>
  <system-err><![CDATA[java.lang.RuntimeException: Execution failed
	at ptolemy.moml.MoMLSimpleApplication$UnloadThread.run(MoMLSimpleApplication.java:402)
Caused by: ptolemy.actor.sched.NotSchedulableException: No solution exists for the balance equations.
Graph is not consistent under the SDF domain detected on external port .rateConsistency.actor.port2
  in .rateConsistency.SDF Director.Scheduler
	at ptolemy.domains.sdf.kernel.SDFScheduler._propagatePort(SDFScheduler.java:1425)
	at ptolemy.domains.sdf.kernel.SDFScheduler._solveBalanceEquations(SDFScheduler.java:710)
	at ptolemy.domains.sdf.kernel.SDFScheduler._getSchedule(SDFScheduler.java:566)
	at ptolemy.actor.sched.Scheduler.getSchedule(Scheduler.java:189)
	at ptolemy.domains.sdf.kernel.SDFDirector.createSchedule(SDFDirector.java:408)
	at ptolemy.domains.sdf.kernel.SDFDirector.preinitialize(SDFDirector.java:764)
	at ptolemy.actor.CompositeActor.preinitialize(CompositeActor.java:1828)
	at ptolemy.actor.Manager.preinitializeAndResolveTypes(Manager.java:1040)
	at ptolemy.actor.Manager.initialize(Manager.java:710)
	at ptolemy.actor.Manager.execute(Manager.java:356)
	at ptolemy.actor.Manager.run(Manager.java:1263)
	at ptolemy.actor.Manager$PtolemyRunThread.run(Manager.java:1915)
java.lang.RuntimeException: Execution failed
	at ptolemy.moml.MoMLSimpleApplication$UnloadThread.run(MoMLSimpleApplication.java:402)
Caused by: ptolemy.kernel.util.IllegalActionException: Failed to compute schedule:
  in .badRateChanges.typed composite actor.SDF Director
Because:
The SDF rate parameter may change. This is not allowed in SDF models that will be run through the code generator.  If you don't care about code generation, then you might consider setting the allowRateChanges parameter of the SDF director to false.
  in .badRateChanges.typed composite actor.Repeat.output.tokenProductionRate
	at ptolemy.domains.sdf.kernel.SDFDirector.createSchedule(SDFDirector.java:418)
	at ptolemy.domains.sdf.kernel.SDFDirector.preinitialize(SDFDirector.java:764)
	at ptolemy.actor.CompositeActor.preinitialize(CompositeActor.java:1828)
	at ptolemy.actor.Director.preinitialize(Director.java:1302)
	at ptolemy.actor.Director.preinitialize(Director.java:1257)
	at ptolemy.domains.sdf.kernel.SDFDirector.preinitialize(SDFDirector.java:763)
	at ptolemy.actor.CompositeActor.preinitialize(CompositeActor.java:1828)
	at ptolemy.actor.Manager.preinitializeAndResolveTypes(Manager.java:1040)
	at ptolemy.actor.Manager.initialize(Manager.java:710)
	at ptolemy.actor.Manager.execute(Manager.java:356)
	at ptolemy.actor.Manager.run(Manager.java:1263)
	at ptolemy.actor.Manager$PtolemyRunThread.run(Manager.java:1915)
Caused by: ptolemy.kernel.util.IllegalActionException: The SDF rate parameter may change. This is not allowed in SDF models that will be run through the code generator.  If you don't care about code generation, then you might consider setting the allowRateChanges parameter of the SDF director to false.
  in .badRateChanges.typed composite actor.Repeat.output.tokenProductionRate
	at ptolemy.domains.sdf.kernel.SDFScheduler._assertDynamicRateVariable(SDFScheduler.java:931)
	at ptolemy.domains.sdf.kernel.SDFScheduler._checkDynamicRateVariables(SDFScheduler.java:339)
	at ptolemy.domains.sdf.kernel.SDFScheduler._getSchedule(SDFScheduler.java:527)
	at ptolemy.actor.sched.Scheduler.getSchedule(Scheduler.java:189)
	at ptolemy.domains.sdf.kernel.SDFDirector.createSchedule(SDFDirector.java:408)
	... 11 more
java.lang.RuntimeException: Execution failed
	at ptolemy.moml.MoMLSimpleApplication$UnloadThread.run(MoMLSimpleApplication.java:402)
Caused by: ptolemy.kernel.util.IllegalActionException: Failed to compute schedule:
  in .badRateChanges2.typed composite actor.SDF Director
Because:
The SDF rate parameter may change. This is not allowed in SDF models that will be run through the code generator.  If you don't care about code generation, then you might consider setting the allowRateChanges parameter of the SDF director to false.
  in .badRateChanges2.typed composite actor.Repeat.output.tokenProductionRate
	at ptolemy.domains.sdf.kernel.SDFDirector.createSchedule(SDFDirector.java:418)
	at ptolemy.domains.sdf.kernel.SDFDirector.preinitialize(SDFDirector.java:764)
	at ptolemy.actor.CompositeActor.preinitialize(CompositeActor.java:1828)
	at ptolemy.actor.Director.preinitialize(Director.java:1302)
	at ptolemy.actor.Director.preinitialize(Director.java:1257)
	at ptolemy.domains.sdf.kernel.SDFDirector.preinitialize(SDFDirector.java:763)
	at ptolemy.actor.CompositeActor.preinitialize(CompositeActor.java:1828)
	at ptolemy.actor.Manager.preinitializeAndResolveTypes(Manager.java:1040)
	at ptolemy.actor.Manager.initialize(Manager.java:710)
	at ptolemy.actor.Manager.execute(Manager.java:356)
	at ptolemy.actor.Manager.run(Manager.java:1263)
	at ptolemy.actor.Manager$PtolemyRunThread.run(Manager.java:1915)
Caused by: ptolemy.kernel.util.IllegalActionException: The SDF rate parameter may change. This is not allowed in SDF models that will be run through the code generator.  If you don't care about code generation, then you might consider setting the allowRateChanges parameter of the SDF director to false.
  in .badRateChanges2.typed composite actor.Repeat.output.tokenProductionRate
	at ptolemy.domains.sdf.kernel.SDFScheduler._assertDynamicRateVariable(SDFScheduler.java:931)
	at ptolemy.domains.sdf.kernel.SDFScheduler._checkDynamicRateVariables(SDFScheduler.java:339)
	at ptolemy.domains.sdf.kernel.SDFScheduler._getSchedule(SDFScheduler.java:527)
	at ptolemy.actor.sched.Scheduler.getSchedule(Scheduler.java:189)
	at ptolemy.domains.sdf.kernel.SDFDirector.createSchedule(SDFDirector.java:408)
	... 11 more
java.lang.RuntimeException: Execution failed
	at ptolemy.moml.MoMLSimpleApplication$UnloadThread.run(MoMLSimpleApplication.java:402)
Caused by: ptolemy.actor.sched.NotSchedulableException: Actors remain that cannot be scheduled!

There are several possible reasons:
* SDF Graphs with feedback loops should have an actor with a delay in the loop, such as a SampleDelay.
* The SDF director has an "allowDisconnectedGraphs"parameter, which, when true, permits disconnected SDF graphs.
* The token consumption rate and production rates might be mismatched.
Usually, actors produce one token or consume one token on a port.  To produce or consume multiple tokens per firing, add a "tokenConsumptionRate" or "tokenProductionRate" parameter to the appropriate port.
Unscheduled actors:
.partiallyConnected.Const2 
Scheduled actors:
.partiallyConnected.Const 
  in .partiallyConnected.SDF Director.Scheduler
	at ptolemy.domains.sdf.kernel.SDFScheduler._scheduleConnectedActors(SDFScheduler.java:1828)
	at ptolemy.domains.sdf.kernel.SDFScheduler._getSchedule(SDFScheduler.java:587)
	at ptolemy.actor.sched.Scheduler.getSchedule(Scheduler.java:189)
	at ptolemy.domains.sdf.kernel.SDFDirector.createSchedule(SDFDirector.java:408)
	at ptolemy.domains.sdf.kernel.SDFDirector.preinitialize(SDFDirector.java:764)
	at ptolemy.actor.CompositeActor.preinitialize(CompositeActor.java:1828)
	at ptolemy.actor.Manager.preinitializeAndResolveTypes(Manager.java:1040)
	at ptolemy.actor.Manager.initialize(Manager.java:710)
	at ptolemy.actor.Manager.execute(Manager.java:356)
	at ptolemy.actor.Manager.run(Manager.java:1263)
	at ptolemy.actor.Manager$PtolemyRunThread.run(Manager.java:1915)
]]></system-err>
</testsuite>
