<?xml version="1.0" encoding="UTF-8" ?>
<testsuite errors="0" failures="0" hostname="travis-job-14df5ac6-d7b4-4390-b1b1-7dd45c34d4e5" name="ptolemy.actor.lib.fmi.test.junit.JUnitTclTest" skipped="0" tests="63" time="23.405" timestamp="2018-05-23T00:57:42">
  <properties>
[...]
</properties>
  <testcase classname="ptolemy.util.test.junit.TclTests" name="[0] /home/travis/build/icyphy/ptII/ptolemy/actor/lib/fmi/test/FMUImport.tcl (RunTclFile)" time="2.613" />
  <testcase classname="ptolemy.util.test.junit.TclTests" name="[1] /home/travis/build/icyphy/ptII/ptolemy/actor/lib/fmi/test/FMUQSS.tcl (RunTclFile)" time="0.087" />
  <testcase classname="ptolemy.util.test.junit.AutoKnownFailedTests" name="[0] /home/travis/build/icyphy/ptII/ptolemy/actor/lib/fmi/test/auto/knownFailedTests/FMUContinuousInc20.xml (RunModel)" time="0.28" />
  <testcase classname="ptolemy.util.test.junit.AutoNameArchTests" name="[0] /home/travis/build/icyphy/ptII/ptolemy/actor/lib/fmi/test/auto/linux-amd64/FMUQSSAirOulet1_QSS1.xml (RunModel)" time="1.455" />
  <testcase classname="ptolemy.util.test.junit.AutoNameArchTests" name="[1] /home/travis/build/icyphy/ptII/ptolemy/actor/lib/fmi/test/auto/linux-amd64/FMUQSSAirToOulet1_QSS1.xml (RunModel)" time="0.694" />
  <testcase classname="ptolemy.util.test.junit.AutoNameArchTests" name="[2] /home/travis/build/icyphy/ptII/ptolemy/actor/lib/fmi/test/auto/linux-amd64/FMUQSSAirToOulet2_QSS1.xml (RunModel)" time="2.295" />
  <testcase classname="ptolemy.util.test.junit.AutoNameArchTests" name="[3] /home/travis/build/icyphy/ptII/ptolemy/actor/lib/fmi/test/auto/linux-amd64/FMUQSSStateEvent1_QSS1.xml (RunModel)" time="0.172" />
  <testcase classname="ptolemy.util.test.junit.AutoNameArchTests" name="[4] /home/travis/build/icyphy/ptII/ptolemy/actor/lib/fmi/test/auto/linux-amd64/FMUQSSStateEvent1_QSS2.xml (RunModel)" time="1.054" />
  <testcase classname="ptolemy.util.test.junit.AutoNameArchTests" name="[5] /home/travis/build/icyphy/ptII/ptolemy/actor/lib/fmi/test/auto/linux-amd64/FMUQSSStateEvent1_QSS3.xml (RunModel)" time="0.408" />
  <testcase classname="ptolemy.util.test.junit.AutoNameArchTests" name="[6] /home/travis/build/icyphy/ptII/ptolemy/actor/lib/fmi/test/auto/linux-amd64/FMUQSSStateEvent2_QSS1.xml (RunModel)" time="0.707" />
  <testcase classname="ptolemy.util.test.junit.AutoNameArchTests" name="[7] /home/travis/build/icyphy/ptII/ptolemy/actor/lib/fmi/test/auto/linux-amd64/FMUQSSStateEvent2_QSS2.xml (RunModel)" time="0.886" />
  <testcase classname="ptolemy.util.test.junit.AutoNameArchTests" name="[8] /home/travis/build/icyphy/ptII/ptolemy/actor/lib/fmi/test/auto/linux-amd64/FMUQSSStateEvent4_QSS1.xml (RunModel)" time="0.308" />
  <testcase classname="ptolemy.util.test.junit.AutoNameArchTests" name="[9] /home/travis/build/icyphy/ptII/ptolemy/actor/lib/fmi/test/auto/linux-amd64/FMUQSSStateEvent4_QSS2.xml (RunModel)" time="0.154" />
  <testcase classname="ptolemy.util.test.junit.AutoNameArchTests" name="[10] /home/travis/build/icyphy/ptII/ptolemy/actor/lib/fmi/test/auto/linux-amd64/FMUQSSStateEvent4_QSS3.xml (RunModel)" time="0.13" />
  <testcase classname="ptolemy.util.test.junit.AutoNameArchTests" name="[11] /home/travis/build/icyphy/ptII/ptolemy/actor/lib/fmi/test/auto/linux-amd64/FMUQSSStateEvent5_QSS1.xml (RunModel)" time="0.192" />
  <testcase classname="ptolemy.util.test.junit.AutoNameArchTests" name="[12] /home/travis/build/icyphy/ptII/ptolemy/actor/lib/fmi/test/auto/linux-amd64/FMUQSSStateEvent5_QSS2.xml (RunModel)" time="0.447" />
  <testcase classname="ptolemy.util.test.junit.AutoNameArchTests" name="[13] /home/travis/build/icyphy/ptII/ptolemy/actor/lib/fmi/test/auto/linux-amd64/FMUQSSStateEvent5_QSS3.xml (RunModel)" time="0.096" />
  <testcase classname="ptolemy.util.test.junit.AutoNameArchTests" name="[14] /home/travis/build/icyphy/ptII/ptolemy/actor/lib/fmi/test/auto/linux-amd64/FMUQSSStateEvent6_QSS1.xml (RunModel)" time="0.787" />
  <testcase classname="ptolemy.util.test.junit.AutoNameArchTests" name="[15] /home/travis/build/icyphy/ptII/ptolemy/actor/lib/fmi/test/auto/linux-amd64/FMUQSSStateEvent6_QSS2.xml (RunModel)" time="1.04" />
  <testcase classname="ptolemy.util.test.junit.AutoTests" name="[0] /home/travis/build/icyphy/ptII/ptolemy/actor/lib/fmi/test/auto/FMU30Inc.xml (RunModel)" time="0.414" />
  <testcase classname="ptolemy.util.test.junit.AutoTests" name="[1] /home/travis/build/icyphy/ptII/ptolemy/actor/lib/fmi/test/auto/FMUBouncingBall.xml (RunModel)" time="0.221" />
  <testcase classname="ptolemy.util.test.junit.AutoTests" name="[2] /home/travis/build/icyphy/ptII/ptolemy/actor/lib/fmi/test/auto/FMUBouncingBallME20.xml (RunModel)" time="0.295" />
  <testcase classname="ptolemy.util.test.junit.AutoTests" name="[3] /home/travis/build/icyphy/ptII/ptolemy/actor/lib/fmi/test/auto/FMUDQ.xml (RunModel)" time="0.035" />
  <testcase classname="ptolemy.util.test.junit.AutoTests" name="[4] /home/travis/build/icyphy/ptII/ptolemy/actor/lib/fmi/test/auto/FMUDq20.xml (RunModel)" time="0.072" />
  <testcase classname="ptolemy.util.test.junit.AutoTests" name="[5] /home/travis/build/icyphy/ptII/ptolemy/actor/lib/fmi/test/auto/FMUDqME20.xml (RunModel)" time="0.052" />
  <testcase classname="ptolemy.util.test.junit.AutoTests" name="[6] /home/travis/build/icyphy/ptII/ptolemy/actor/lib/fmi/test/auto/FMUFourInputsFourOutputsME20.xml (RunModel)" time="0.051" />
  <testcase classname="ptolemy.util.test.junit.AutoTests" name="[7] /home/travis/build/icyphy/ptII/ptolemy/actor/lib/fmi/test/auto/FMUHeaterFlowResistance.xml (RunModel)" time="0.174" />
  <testcase classname="ptolemy.util.test.junit.AutoTests" name="[8] /home/travis/build/icyphy/ptII/ptolemy/actor/lib/fmi/test/auto/FMUHelloWorld.xml (RunModel)" time="0.028" />
  <testcase classname="ptolemy.util.test.junit.AutoTests" name="[9] /home/travis/build/icyphy/ptII/ptolemy/actor/lib/fmi/test/auto/FMUHelloWorldUnBuilt.xml (RunModel)" time="0.093" />
  <testcase classname="ptolemy.util.test.junit.AutoTests" name="[10] /home/travis/build/icyphy/ptII/ptolemy/actor/lib/fmi/test/auto/FMUInc.xml (RunModel)" time="0.025" />
  <testcase classname="ptolemy.util.test.junit.AutoTests" name="[11] /home/travis/build/icyphy/ptII/ptolemy/actor/lib/fmi/test/auto/FMUInc2.xml (RunModel)" time="0.034" />
  <testcase classname="ptolemy.util.test.junit.AutoTests" name="[12] /home/travis/build/icyphy/ptII/ptolemy/actor/lib/fmi/test/auto/FMUIncME1.xml (RunModel)" time="0.024" />
  <testcase classname="ptolemy.util.test.junit.AutoTests" name="[13] /home/travis/build/icyphy/ptII/ptolemy/actor/lib/fmi/test/auto/FMUIncME20.xml (RunModel)" time="0.028" />
  <testcase classname="ptolemy.util.test.junit.AutoTests" name="[14] /home/travis/build/icyphy/ptII/ptolemy/actor/lib/fmi/test/auto/FMUIncScale20RC1pt.xml (RunModel)" time="0.037" />
  <testcase classname="ptolemy.util.test.junit.AutoTests" name="[15] /home/travis/build/icyphy/ptII/ptolemy/actor/lib/fmi/test/auto/FMULevelStairs.xml (RunModel)" time="0.072" />
  <testcase classname="ptolemy.util.test.junit.AutoTests" name="[16] /home/travis/build/icyphy/ptII/ptolemy/actor/lib/fmi/test/auto/FMUPumpConstantSpeed.xml (RunModel)" time="0.14" />
  <testcase classname="ptolemy.util.test.junit.AutoTests" name="[17] /home/travis/build/icyphy/ptII/ptolemy/actor/lib/fmi/test/auto/FMUQSSTankOpen.xml (RunModel)" time="3.957" />
  <testcase classname="ptolemy.util.test.junit.AutoTests" name="[18] /home/travis/build/icyphy/ptII/ptolemy/actor/lib/fmi/test/auto/FMUSDFBouncingBall.xml (RunModel)" time="0.03" />
  <testcase classname="ptolemy.util.test.junit.AutoTests" name="[19] /home/travis/build/icyphy/ptII/ptolemy/actor/lib/fmi/test/auto/FMUSDFBouncingBall20.xml (RunModel)" time="0.243" />
  <testcase classname="ptolemy.util.test.junit.AutoTests" name="[20] /home/travis/build/icyphy/ptII/ptolemy/actor/lib/fmi/test/auto/FMUSDFBouncingBall20RC1.xml (RunModel)" time="0.028" />
  <testcase classname="ptolemy.util.test.junit.AutoTests" name="[21] /home/travis/build/icyphy/ptII/ptolemy/actor/lib/fmi/test/auto/FMUSDFInc20.xml (RunModel)" time="0.025" />
  <testcase classname="ptolemy.util.test.junit.AutoTests" name="[22] /home/travis/build/icyphy/ptII/ptolemy/actor/lib/fmi/test/auto/FMUStairs.xml (RunModel)" time="0.044" />
  <testcase classname="ptolemy.util.test.junit.AutoTests" name="[23] /home/travis/build/icyphy/ptII/ptolemy/actor/lib/fmi/test/auto/FMUStepCounter1.xml (RunModel)" time="0.106" />
  <testcase classname="ptolemy.util.test.junit.AutoTests" name="[24] /home/travis/build/icyphy/ptII/ptolemy/actor/lib/fmi/test/auto/FMUStepCounter2.xml (RunModel)" time="0.116" />
  <testcase classname="ptolemy.util.test.junit.AutoTests" name="[25] /home/travis/build/icyphy/ptII/ptolemy/actor/lib/fmi/test/auto/FMUStepCounterContinuous1.xml (RunModel)" time="0.027" />
  <testcase classname="ptolemy.util.test.junit.AutoTests" name="[26] /home/travis/build/icyphy/ptII/ptolemy/actor/lib/fmi/test/auto/FMUStepCounterContinuous2.xml (RunModel)" time="0.023" />
  <testcase classname="ptolemy.util.test.junit.AutoTests" name="[27] /home/travis/build/icyphy/ptII/ptolemy/actor/lib/fmi/test/auto/FMUStepCounterContinuousTwoFMUs1.xml (RunModel)" time="0.027" />
  <testcase classname="ptolemy.util.test.junit.AutoTests" name="[28] /home/travis/build/icyphy/ptII/ptolemy/actor/lib/fmi/test/auto/FMUStepCounterContinuousTwoFMUs2.xml (RunModel)" time="0.048" />
  <testcase classname="ptolemy.util.test.junit.AutoTests" name="[29] /home/travis/build/icyphy/ptII/ptolemy/actor/lib/fmi/test/auto/FMUStepCounterExtendedFMI.xml (RunModel)" time="0.128" />
  <testcase classname="ptolemy.util.test.junit.AutoTests" name="[30] /home/travis/build/icyphy/ptII/ptolemy/actor/lib/fmi/test/auto/FMUStepCounterPeriodInNameContinuous2.xml (RunModel)" time="0.114" />
  <testcase classname="ptolemy.util.test.junit.AutoTests" name="[31] /home/travis/build/icyphy/ptII/ptolemy/actor/lib/fmi/test/auto/FMUTankOpen.xml (RunModel)" time="0.079" />
  <testcase classname="ptolemy.util.test.junit.AutoTests" name="[32] /home/travis/build/icyphy/ptII/ptolemy/actor/lib/fmi/test/auto/FMUTwoBallCollision.xml (RunModel)" time="0.43" />
  <testcase classname="ptolemy.util.test.junit.AutoTests" name="[33] /home/travis/build/icyphy/ptII/ptolemy/actor/lib/fmi/test/auto/FMUValues.xml (RunModel)" time="0.051" />
  <testcase classname="ptolemy.util.test.junit.AutoTests" name="[34] /home/travis/build/icyphy/ptII/ptolemy/actor/lib/fmi/test/auto/FMUValues20.xml (RunModel)" time="0.053" />
  <testcase classname="ptolemy.util.test.junit.AutoTests" name="[35] /home/travis/build/icyphy/ptII/ptolemy/actor/lib/fmi/test/auto/FMUValuesME20.xml (RunModel)" time="0.104" />
  <testcase classname="ptolemy.util.test.junit.AutoTests" name="[36] /home/travis/build/icyphy/ptII/ptolemy/actor/lib/fmi/test/auto/FMUVanDerPol.xml (RunModel)" time="0.028" />
  <testcase classname="ptolemy.util.test.junit.AutoTests" name="[37] /home/travis/build/icyphy/ptII/ptolemy/actor/lib/fmi/test/auto/FMUVanDerPol20.xml (RunModel)" time="0.124" />
  <testcase classname="ptolemy.util.test.junit.AutoTests" name="[38] /home/travis/build/icyphy/ptII/ptolemy/actor/lib/fmi/test/auto/FMUVanDerPolME20.xml (RunModel)" time="0.042" />
  <testcase classname="ptolemy.util.test.junit.AutoTests" name="[39] /home/travis/build/icyphy/ptII/ptolemy/actor/lib/fmi/test/auto/FMUdq20RC1.xml (RunModel)" time="0.016" />
  <testcase classname="ptolemy.util.test.junit.AutoTests" name="[40] /home/travis/build/icyphy/ptII/ptolemy/actor/lib/fmi/test/auto/FMUvalues20RC1.xml (RunModel)" time="0.035" />
  <testcase classname="ptolemy.util.test.junit.AutoTests" name="[41] /home/travis/build/icyphy/ptII/ptolemy/actor/lib/fmi/test/auto/FMUvanDerPol20RC1.xml (RunModel)" time="0.026" />
  <testcase classname="ptolemy.util.test.junit.AutoTests" name="[42] /home/travis/build/icyphy/ptII/ptolemy/actor/lib/fmi/test/auto/TestZeroDelayFeedback.xml (RunModel)" time="1.421" />
  <testcase classname="ptolemy.util.test.junit.AutoTests" name="[43] /home/travis/build/icyphy/ptII/ptolemy/actor/lib/fmi/test/auto/helloWorldME2.xml (RunModel)" time="0.017" />
  <system-out><![CDATA[/home/travis/build/icyphy/ptII/ptolemy/actor/lib/fmi/test/FMUImport.tcl
testDefs.tcl: setting time out to 9000 seconds at Wed May 23 00:57:42 UTC 2018
.top.ballDynamics
FMUImport.tcl: auto/tankOpen.fmu is to be imported as a modelExchange fmu.
.top.tankOpen
.top.fmuD20pt
Warning: FMU modelDescription provides Integer representation of time, but precision is not specified
.top.SamplerIT
Warning: FMU modelDescription provides Integer representation of time, but precision is not specified
.top.ConstantIT
Warning: FMU modelDescription provides Integer representation of time, but precision is not specified
.top.AdderIT
Warning: FMU modelDescription provides Integer representation of time, but precision is not specified
.top.IntegratorIT
FMUImport.tcl: auto/dqME1.fmu is to be imported as a modelExchange fmu.
.top.dqME
.top.values20RC
Warning: FMU modelDescription provides Integer representation of time, but precision is not specified
.top.ZeroCrossingDetector
Warning: FMU modelDescription provides Integer representation of time, but precision is not specified
.top.ClockW
FMUImport.tcl: auto/valuesME20.fmu is to be imported as a modelExchange fmu.
.top.valuesME
Warning: FMU modelDescription provides Integer representation of time, but precision is not specified
.top.HybridSequenceCheck
Warning: FMU modelDescription provides Integer representation of time, but precision is not specified
.top.ClockIT
.top.inc20RC
Warning: FMU modelDescription provides Integer representation of time, but precision is not specified
.top.CheckEqualityIT
Warning: FMU modelDescription provides Integer representation of time, but precision is not specified
.top.Constant
Warning: FMU modelDescription provides Integer representation of time, but precision is not specified
.top.CTClockW
.top.dq
.top.fmuA20pt
Warning: FMU modelDescription provides Integer representation of time, but precision is not specified
.top.Clock
.top.stepCounter
.top.stepCounter
.top.onOffSupervisor
.top.SamplerFP
FMUImport.tcl: auto/vanDerPolME20.fmu is to be imported as a modelExchange fmu.
.top.vanDerPolME
Warning: FMU modelDescription provides Integer representation of time, but precision is not specified
.top.HybridIntegratorReset
.top.helloWorldUnBuilt
.top.heaterFlowResistance
Warning: FMU modelDescription provides Integer representation of time, but precision is not specified
.top.CTClockIT
.top.stairsB
Warning: FMU modelDescription provides Integer representation of time, but precision is not specified
.top.DelayIT
Warning: FMU modelDescription provides Integer representation of time, but precision is not specified
.top.HybridZeroCrossingDetector
FMUImport.tcl: auto/bouncingBallME1.fmu is to be imported as a modelExchange fmu.
.top.bouncingBallME
.top.stairsA
.top.scale20RC
Warning: FMU modelDescription provides Integer representation of time, but precision is not specified
.top.ZeroCrossingDetectorIT
FMUImport.tcl: auto/dqME20.fmu is to be imported as a modelExchange fmu.
.top.dqME
Warning: FMU modelDescription provides Integer representation of time, but precision is not specified
.top.Delay
.top.bouncingBall
FMUImport.tcl: auto/incME1.fmu is to be imported as a modelExchange fmu.
.top.incME
.top.stepCounterExtendedFMI
.top.dq20RC
Warning: FMU modelDescription provides Integer representation of time, but precision is not specified
.top.DelayW
Warning: FMU modelDescription provides Integer representation of time, but precision is not specified
.top.Integrator
Warning: FMU modelDescription provides Integer representation of time, but precision is not specified
.top.HybridAdder
FMUImport.tcl: auto/incME20.fmu is to be imported as a modelExchange fmu.
.top.incME
.top.qss1State1OutputNoBinaries
Warning: FMU modelDescription provides Integer representation of time, but precision is not specified
.top.HybridConstantSignalGenerator
.top.ClockFP
.top.pumpConstantSpeed
.top.vanDerPol20RC
.top.inc20pt
.top.out20pt
.top.scale20pt
.top.helloWorldME
Warning: FMU modelDescription provides Integer representation of time, but precision is not specified
.top.HybridTriggeredConst
FMUImport.tcl: auto/fourInputsFourOutputsME20.fmu is to be imported as a modelExchange fmu.
.top.fourInputsFourOutputsME
.top.fmuC20pt
FMUImport.tcl: auto/bouncingBallME20.fmu is to be imported as a modelExchange fmu.
.top.bouncingBallME
.top.values
Warning: FMU modelDescription provides Integer representation of time, but precision is not specified
.top.Adder
.top.inc
.top.helloWorld
.top.stepCounterPeriodInName
.top.levelStairs
.top.stairsA20RC1F
.top.fmuB20pt
.top.vanDerPol
Warning: FMU modelDescription provides Integer representation of time, but precision is not specified
.top.HybridDelay
FMUImport.tcl: auto/valuesME1.fmu is to be imported as a modelExchange fmu.
.top.valuesME
FMUImport.tcl: auto/vanDerPolME1.fmu is to be imported as a modelExchange fmu.
.top.vanDerPolME
.top.CheckEqualityFP
.top.bouncingBall20RC
/home/travis/build/icyphy/ptII/ptolemy/actor/lib/fmi/test/FMUQSS.tcl
05/23/18 12:57:44
Failed: 0  Total Tests: 80  ((Passed: 80, Newly Passed: 0)  Known Failed: 0) /home/travis/build/icyphy/ptII/ptolemy/actor/lib/fmi/test
----------------- testing (KnownFailure) /home/travis/build/icyphy/ptII/ptolemy/actor/lib/fmi/test/auto/knownFailedTests/FMUContinuousInc20.xml
155 ms. Memory: 146944K Free: 89105K (61%)
Known Failure: java.lang.reflect.InvocationTargetException
----------------- testing Wed May 23 00:57:45 UTC 2018 /home/travis/build/icyphy/ptII/ptolemy/actor/lib/fmi/test/auto/linux-amd64/FMUQSSAirOulet1_QSS1.xml
----------------- Instantiating /home/travis/build/icyphy/ptII/ptolemy/actor/lib/fmi/test/auto/linux-amd64/FMUQSSAirOulet1_QSS1.xml
 Number of steps: 1811
  stateEvents: 3
  stepEvents: 0
  timeEvents: 0
1197 ms. Memory: 208896K Free: 154998K (74%)
----------------- Invoking toplevel() on ptolemy.moml.MoMLSimpleApplication@68dbe66d
----------------- Done invoking toplevel() on ptolemy.moml.MoMLSimpleApplication@68dbe66d
reloadAllAccessors: .FMUQSSAirOulet1_QSS1
----------------- testing Wed May 23 00:57:46 UTC 2018 /home/travis/build/icyphy/ptII/ptolemy/actor/lib/fmi/test/auto/linux-amd64/FMUQSSAirToOulet1_QSS1.xml
----------------- Instantiating /home/travis/build/icyphy/ptII/ptolemy/actor/lib/fmi/test/auto/linux-amd64/FMUQSSAirToOulet1_QSS1.xml
 Number of steps: 1811
  stateEvents: 3
  stepEvents: 0
  timeEvents: 0
638 ms. Memory: 208896K Free: 102881K (49%)
----------------- Invoking toplevel() on ptolemy.moml.MoMLSimpleApplication@2d271b54
----------------- Done invoking toplevel() on ptolemy.moml.MoMLSimpleApplication@2d271b54
reloadAllAccessors: .FMUQSSAirToOulet1_QSS1
----------------- testing Wed May 23 00:57:47 UTC 2018 /home/travis/build/icyphy/ptII/ptolemy/actor/lib/fmi/test/auto/linux-amd64/FMUQSSAirToOulet2_QSS1.xml
----------------- Instantiating /home/travis/build/icyphy/ptII/ptolemy/actor/lib/fmi/test/auto/linux-amd64/FMUQSSAirToOulet2_QSS1.xml
 Number of steps: 9936
  stateEvents: 1
  stepEvents: 0
  timeEvents: 8
2206 ms. Memory: 332288K Free: 236126K (71%)
----------------- Invoking toplevel() on ptolemy.moml.MoMLSimpleApplication@4966b594
----------------- Done invoking toplevel() on ptolemy.moml.MoMLSimpleApplication@4966b594
reloadAllAccessors: .FMUQSSAirToOulet2_QSS1
----------------- testing Wed May 23 00:57:49 UTC 2018 /home/travis/build/icyphy/ptII/ptolemy/actor/lib/fmi/test/auto/linux-amd64/FMUQSSStateEvent1_QSS1.xml
----------------- Instantiating /home/travis/build/icyphy/ptII/ptolemy/actor/lib/fmi/test/auto/linux-amd64/FMUQSSStateEvent1_QSS1.xml
 Number of steps: 295
  stateEvents: 1
  stepEvents: 0
  timeEvents: 0
100 ms. Memory: 332288K Free: 217411K (65%)
----------------- Invoking toplevel() on ptolemy.moml.MoMLSimpleApplication@6af10bb0
----------------- Done invoking toplevel() on ptolemy.moml.MoMLSimpleApplication@6af10bb0
reloadAllAccessors: .FMUQSSStateEvent1_QSS1
----------------- testing Wed May 23 00:57:49 UTC 2018 /home/travis/build/icyphy/ptII/ptolemy/actor/lib/fmi/test/auto/linux-amd64/FMUQSSStateEvent1_QSS2.xml
----------------- Instantiating /home/travis/build/icyphy/ptII/ptolemy/actor/lib/fmi/test/auto/linux-amd64/FMUQSSStateEvent1_QSS2.xml
 Number of steps: 6179
  stateEvents: 1
  stepEvents: 0
  timeEvents: 0
1007 ms. Memory: 332288K Free: 81044K (24%)
----------------- Invoking toplevel() on ptolemy.moml.MoMLSimpleApplication@2765bc96
----------------- Done invoking toplevel() on ptolemy.moml.MoMLSimpleApplication@2765bc96
reloadAllAccessors: .FMUQSSStateEvent1_QSS2
----------------- testing Wed May 23 00:57:50 UTC 2018 /home/travis/build/icyphy/ptII/ptolemy/actor/lib/fmi/test/auto/linux-amd64/FMUQSSStateEvent1_QSS3.xml
----------------- Instantiating /home/travis/build/icyphy/ptII/ptolemy/actor/lib/fmi/test/auto/linux-amd64/FMUQSSStateEvent1_QSS3.xml
 Number of steps: 1067
  stateEvents: 1
  stepEvents: 0
  timeEvents: 0
367 ms. Memory: 335360K Free: 282878K (84%)
----------------- Invoking toplevel() on ptolemy.moml.MoMLSimpleApplication@39dabaf6
----------------- Done invoking toplevel() on ptolemy.moml.MoMLSimpleApplication@39dabaf6
reloadAllAccessors: .FMUQSSStateEvent1_QSS3
----------------- testing Wed May 23 00:57:51 UTC 2018 /home/travis/build/icyphy/ptII/ptolemy/actor/lib/fmi/test/auto/linux-amd64/FMUQSSStateEvent2_QSS1.xml
----------------- Instantiating /home/travis/build/icyphy/ptII/ptolemy/actor/lib/fmi/test/auto/linux-amd64/FMUQSSStateEvent2_QSS1.xml
 Number of steps: 3368
  stateEvents: 8
  stepEvents: 0
  timeEvents: 0
609 ms. Memory: 335360K Free: 193475K (58%)
----------------- Invoking toplevel() on ptolemy.moml.MoMLSimpleApplication@65cdbbfe
----------------- Done invoking toplevel() on ptolemy.moml.MoMLSimpleApplication@65cdbbfe
reloadAllAccessors: .FMUQSSStateEvent2_QSS1
----------------- testing Wed May 23 00:57:51 UTC 2018 /home/travis/build/icyphy/ptII/ptolemy/actor/lib/fmi/test/auto/linux-amd64/FMUQSSStateEvent2_QSS2.xml
----------------- Instantiating /home/travis/build/icyphy/ptII/ptolemy/actor/lib/fmi/test/auto/linux-amd64/FMUQSSStateEvent2_QSS2.xml
 Number of steps: 2499
  stateEvents: 8
  stepEvents: 0
  timeEvents: 0
693 ms. Memory: 335360K Free: 84383K (25%)
----------------- Invoking toplevel() on ptolemy.moml.MoMLSimpleApplication@326a4de2
----------------- Done invoking toplevel() on ptolemy.moml.MoMLSimpleApplication@326a4de2
reloadAllAccessors: .FMUQSSStateEvent2_QSS2
----------------- testing Wed May 23 00:57:52 UTC 2018 /home/travis/build/icyphy/ptII/ptolemy/actor/lib/fmi/test/auto/linux-amd64/FMUQSSStateEvent4_QSS1.xml
----------------- Instantiating /home/travis/build/icyphy/ptII/ptolemy/actor/lib/fmi/test/auto/linux-amd64/FMUQSSStateEvent4_QSS1.xml
 Number of steps: 707
  stateEvents: 1
  stepEvents: 0
  timeEvents: 1
235 ms. Memory: 481280K Free: 441639K (92%)
----------------- Invoking toplevel() on ptolemy.moml.MoMLSimpleApplication@67d29cfe
----------------- Done invoking toplevel() on ptolemy.moml.MoMLSimpleApplication@67d29cfe
reloadAllAccessors: .FMUQSSStateEvent4_QSS1
----------------- testing Wed May 23 00:57:53 UTC 2018 /home/travis/build/icyphy/ptII/ptolemy/actor/lib/fmi/test/auto/linux-amd64/FMUQSSStateEvent4_QSS2.xml
----------------- Instantiating /home/travis/build/icyphy/ptII/ptolemy/actor/lib/fmi/test/auto/linux-amd64/FMUQSSStateEvent4_QSS2.xml
 Number of steps: 528
  stateEvents: 1
  stepEvents: 0
  timeEvents: 1
89 ms. Memory: 481280K Free: 419207K (87%)
----------------- Invoking toplevel() on ptolemy.moml.MoMLSimpleApplication@28f4a62f
----------------- Done invoking toplevel() on ptolemy.moml.MoMLSimpleApplication@28f4a62f
reloadAllAccessors: .FMUQSSStateEvent4_QSS2
----------------- testing Wed May 23 00:57:53 UTC 2018 /home/travis/build/icyphy/ptII/ptolemy/actor/lib/fmi/test/auto/linux-amd64/FMUQSSStateEvent4_QSS3.xml
----------------- Instantiating /home/travis/build/icyphy/ptII/ptolemy/actor/lib/fmi/test/auto/linux-amd64/FMUQSSStateEvent4_QSS3.xml
 Number of steps: 546
  stateEvents: 1
  stepEvents: 0
  timeEvents: 1
96 ms. Memory: 481280K Free: 400108K (83%)
----------------- Invoking toplevel() on ptolemy.moml.MoMLSimpleApplication@2df52d86
----------------- Done invoking toplevel() on ptolemy.moml.MoMLSimpleApplication@2df52d86
reloadAllAccessors: .FMUQSSStateEvent4_QSS3
----------------- testing Wed May 23 00:57:53 UTC 2018 /home/travis/build/icyphy/ptII/ptolemy/actor/lib/fmi/test/auto/linux-amd64/FMUQSSStateEvent5_QSS1.xml
----------------- Instantiating /home/travis/build/icyphy/ptII/ptolemy/actor/lib/fmi/test/auto/linux-amd64/FMUQSSStateEvent5_QSS1.xml
 Number of steps: 991
  stateEvents: 2
  stepEvents: 0
  timeEvents: 0
107 ms. Memory: 481280K Free: 371461K (77%)
----------------- Invoking toplevel() on ptolemy.moml.MoMLSimpleApplication@6570c0fb
----------------- Done invoking toplevel() on ptolemy.moml.MoMLSimpleApplication@6570c0fb
reloadAllAccessors: .FMUQSSStateEvent5_QSS1
----------------- testing Wed May 23 00:57:53 UTC 2018 /home/travis/build/icyphy/ptII/ptolemy/actor/lib/fmi/test/auto/linux-amd64/FMUQSSStateEvent5_QSS2.xml
----------------- Instantiating /home/travis/build/icyphy/ptII/ptolemy/actor/lib/fmi/test/auto/linux-amd64/FMUQSSStateEvent5_QSS2.xml
 Number of steps: 3082
  stateEvents: 2
  stepEvents: 0
  timeEvents: 0
429 ms. Memory: 481280K Free: 296979K (62%)
----------------- Invoking toplevel() on ptolemy.moml.MoMLSimpleApplication@5b9f44c9
----------------- Done invoking toplevel() on ptolemy.moml.MoMLSimpleApplication@5b9f44c9
reloadAllAccessors: .FMUQSSStateEvent5_QSS2
----------------- testing Wed May 23 00:57:54 UTC 2018 /home/travis/build/icyphy/ptII/ptolemy/actor/lib/fmi/test/auto/linux-amd64/FMUQSSStateEvent5_QSS3.xml
----------------- Instantiating /home/travis/build/icyphy/ptII/ptolemy/actor/lib/fmi/test/auto/linux-amd64/FMUQSSStateEvent5_QSS3.xml
 Number of steps: 416
  stateEvents: 2
  stepEvents: 0
  timeEvents: 0
76 ms. Memory: 481280K Free: 279791K (58%)
----------------- Invoking toplevel() on ptolemy.moml.MoMLSimpleApplication@b62c6b5
----------------- Done invoking toplevel() on ptolemy.moml.MoMLSimpleApplication@b62c6b5
reloadAllAccessors: .FMUQSSStateEvent5_QSS3
----------------- testing Wed May 23 00:57:54 UTC 2018 /home/travis/build/icyphy/ptII/ptolemy/actor/lib/fmi/test/auto/linux-amd64/FMUQSSStateEvent6_QSS1.xml
----------------- Instantiating /home/travis/build/icyphy/ptII/ptolemy/actor/lib/fmi/test/auto/linux-amd64/FMUQSSStateEvent6_QSS1.xml
 Number of steps: 4328
  stateEvents: 8
  stepEvents: 0
  timeEvents: 0
726 ms. Memory: 481280K Free: 172842K (36%)
----------------- Invoking toplevel() on ptolemy.moml.MoMLSimpleApplication@7862a5e6
----------------- Done invoking toplevel() on ptolemy.moml.MoMLSimpleApplication@7862a5e6
reloadAllAccessors: .FMUQSSStateEvent6_QSS1
----------------- testing Wed May 23 00:57:54 UTC 2018 /home/travis/build/icyphy/ptII/ptolemy/actor/lib/fmi/test/auto/linux-amd64/FMUQSSStateEvent6_QSS2.xml
----------------- Instantiating /home/travis/build/icyphy/ptII/ptolemy/actor/lib/fmi/test/auto/linux-amd64/FMUQSSStateEvent6_QSS2.xml
 Number of steps: 2682
  stateEvents: 9
  stepEvents: 0
  timeEvents: 0
835 ms. Memory: 484352K Free: 431427K (89%)
----------------- Invoking toplevel() on ptolemy.moml.MoMLSimpleApplication@3c91874d
----------------- Done invoking toplevel() on ptolemy.moml.MoMLSimpleApplication@3c91874d
reloadAllAccessors: .FMUQSSStateEvent6_QSS2
AutoTests.java: About to close Vertx.
AutoTests.java: Vertx closed.
----------------- testing Wed May 23 00:57:56 UTC 2018 /home/travis/build/icyphy/ptII/ptolemy/actor/lib/fmi/test/auto/FMU30Inc.xml
----------------- Instantiating /home/travis/build/icyphy/ptII/ptolemy/actor/lib/fmi/test/auto/FMU30Inc.xml
239 ms. Memory: 484352K Free: 342018K (71%)
----------------- Invoking toplevel() on ptolemy.moml.MoMLSimpleApplication@3e0b87f9
----------------- Done invoking toplevel() on ptolemy.moml.MoMLSimpleApplication@3e0b87f9
reloadAllAccessors: .FMU30Inc
----------------- testing Wed May 23 00:57:56 UTC 2018 /home/travis/build/icyphy/ptII/ptolemy/actor/lib/fmi/test/auto/FMUBouncingBall.xml
----------------- Instantiating /home/travis/build/icyphy/ptII/ptolemy/actor/lib/fmi/test/auto/FMUBouncingBall.xml
171 ms. Memory: 484352K Free: 327404K (68%)
----------------- Invoking toplevel() on ptolemy.moml.MoMLSimpleApplication@4c008aa7
----------------- Done invoking toplevel() on ptolemy.moml.MoMLSimpleApplication@4c008aa7
reloadAllAccessors: .FMUBouncingBall
----------------- testing Wed May 23 00:57:56 UTC 2018 /home/travis/build/icyphy/ptII/ptolemy/actor/lib/fmi/test/auto/FMUBouncingBallME20.xml
----------------- Instantiating /home/travis/build/icyphy/ptII/ptolemy/actor/lib/fmi/test/auto/FMUBouncingBallME20.xml
177 ms. Memory: 484352K Free: 310184K (64%)
----------------- Invoking toplevel() on ptolemy.moml.MoMLSimpleApplication@370daea9
----------------- Done invoking toplevel() on ptolemy.moml.MoMLSimpleApplication@370daea9
reloadAllAccessors: .FMUBouncingBallME20
----------------- testing Wed May 23 00:57:57 UTC 2018 /home/travis/build/icyphy/ptII/ptolemy/actor/lib/fmi/test/auto/FMUDQ.xml
----------------- Instantiating /home/travis/build/icyphy/ptII/ptolemy/actor/lib/fmi/test/auto/FMUDQ.xml
10 ms. Memory: 484352K Free: 302513K (62%)
----------------- Invoking toplevel() on ptolemy.moml.MoMLSimpleApplication@618c27d4
----------------- Done invoking toplevel() on ptolemy.moml.MoMLSimpleApplication@618c27d4
reloadAllAccessors: .FMUDQ
----------------- testing Wed May 23 00:57:57 UTC 2018 /home/travis/build/icyphy/ptII/ptolemy/actor/lib/fmi/test/auto/FMUDq20.xml
----------------- Instantiating /home/travis/build/icyphy/ptII/ptolemy/actor/lib/fmi/test/auto/FMUDq20.xml
25 ms. Memory: 484352K Free: 289127K (60%)
----------------- Invoking toplevel() on ptolemy.moml.MoMLSimpleApplication@2bf77a3f
----------------- Done invoking toplevel() on ptolemy.moml.MoMLSimpleApplication@2bf77a3f
reloadAllAccessors: .FMUDq20
----------------- testing Wed May 23 00:57:57 UTC 2018 /home/travis/build/icyphy/ptII/ptolemy/actor/lib/fmi/test/auto/FMUDqME20.xml
----------------- Instantiating /home/travis/build/icyphy/ptII/ptolemy/actor/lib/fmi/test/auto/FMUDqME20.xml
13 ms. Memory: 484352K Free: 279562K (58%)
----------------- Invoking toplevel() on ptolemy.moml.MoMLSimpleApplication@147bf90
----------------- Done invoking toplevel() on ptolemy.moml.MoMLSimpleApplication@147bf90
reloadAllAccessors: .FMUDqME20
----------------- testing Wed May 23 00:57:57 UTC 2018 /home/travis/build/icyphy/ptII/ptolemy/actor/lib/fmi/test/auto/FMUFourInputsFourOutputsME20.xml
----------------- Instantiating /home/travis/build/icyphy/ptII/ptolemy/actor/lib/fmi/test/auto/FMUFourInputsFourOutputsME20.xml
18 ms. Memory: 484352K Free: 266866K (55%)
----------------- Invoking toplevel() on ptolemy.moml.MoMLSimpleApplication@49a650bd
----------------- Done invoking toplevel() on ptolemy.moml.MoMLSimpleApplication@49a650bd
reloadAllAccessors: .FMUFourInputsFourOutputsME20
----------------- testing Wed May 23 00:57:57 UTC 2018 /home/travis/build/icyphy/ptII/ptolemy/actor/lib/fmi/test/auto/FMUHeaterFlowResistance.xml
----------------- Instantiating /home/travis/build/icyphy/ptII/ptolemy/actor/lib/fmi/test/auto/FMUHeaterFlowResistance.xml
FMU Builder messages:

Attempting to build /tmp/FMUFile2607146504492943496.tmp/binaries/linux64/heaterFlowResistance.so
architecture: linux64 isWindows: false  command: make target: linux64
make ARCH=linux64 CBITSFLAGS=-fvisibility=hidden PIC=-fPIC SHARED_LIBRARY_SUFFIX=so heaterFlowResistance.so
make[1]: Entering directory `/tmp/FMUFile2607146504492943496.tmp/sources'
echo `pwd`
/tmp/FMUFile2607146504492943496.tmp/sources
cc -g -c -fvisibility=hidden -fPIC -Wall -DFMI_COSIMULATION -I.  heaterFlowResistance.c -o heaterFlowResistance.o
Creating ../binaries/linux64/
cc -fvisibility=hidden -g -Wall -shared -Wl,-soname,heaterFlowResistance.so -DFMI_COSIMULATION -I. -o ../binaries/linux64/heaterFlowResistance.so heaterFlowResistance.o 
rm heaterFlowResistance.o
make[1]: Leaving directory `/tmp/FMUFile2607146504492943496.tmp/sources'

138 ms. Memory: 484352K Free: 249670K (52%)
----------------- Invoking toplevel() on ptolemy.moml.MoMLSimpleApplication@10756f23
----------------- Done invoking toplevel() on ptolemy.moml.MoMLSimpleApplication@10756f23
reloadAllAccessors: .FMUHeaterFlowResistance
----------------- testing Wed May 23 00:57:57 UTC 2018 /home/travis/build/icyphy/ptII/ptolemy/actor/lib/fmi/test/auto/FMUHelloWorld.xml
----------------- Instantiating /home/travis/build/icyphy/ptII/ptolemy/actor/lib/fmi/test/auto/FMUHelloWorld.xml
5 ms. Memory: 484352K Free: 243932K (50%)
----------------- Invoking toplevel() on ptolemy.moml.MoMLSimpleApplication@802c92f
----------------- Done invoking toplevel() on ptolemy.moml.MoMLSimpleApplication@802c92f
reloadAllAccessors: .FMUHelloWorld
----------------- testing Wed May 23 00:57:57 UTC 2018 /home/travis/build/icyphy/ptII/ptolemy/actor/lib/fmi/test/auto/FMUHelloWorldUnBuilt.xml
----------------- Instantiating /home/travis/build/icyphy/ptII/ptolemy/actor/lib/fmi/test/auto/FMUHelloWorldUnBuilt.xml
FMU Builder messages:

Attempting to build /tmp/FMUFile2841980194706854685.tmp/binaries/linux64/helloWorld.so
architecture: linux64 isWindows: false  command: make target: linux64
make ARCH=linux64 CBITSFLAGS=-fvisibility=hidden PIC=-fPIC SHARED_LIBRARY_SUFFIX=so helloWorld.so
make[1]: Entering directory `/tmp/FMUFile2841980194706854685.tmp/sources'
echo `pwd`
/tmp/FMUFile2841980194706854685.tmp/sources
cc -g -c -fvisibility=hidden -fPIC -Wall -DFMI_COSIMULATION -I.  helloWorld.c -o helloWorld.o
Creating ../binaries/linux64/
cc -fvisibility=hidden -g -Wall -shared -Wl,-soname,helloWorld.so -DFMI_COSIMULATION -I. -o ../binaries/linux64/helloWorld.so helloWorld.o 
rm helloWorld.o
make[1]: Leaving directory `/tmp/FMUFile2841980194706854685.tmp/sources'

83 ms. Memory: 484352K Free: 234367K (48%)
----------------- Invoking toplevel() on ptolemy.moml.MoMLSimpleApplication@44e9fef4
----------------- Done invoking toplevel() on ptolemy.moml.MoMLSimpleApplication@44e9fef4
reloadAllAccessors: .FMUHelloWorldUnBuilt
----------------- testing Wed May 23 00:57:57 UTC 2018 /home/travis/build/icyphy/ptII/ptolemy/actor/lib/fmi/test/auto/FMUInc.xml
----------------- Instantiating /home/travis/build/icyphy/ptII/ptolemy/actor/lib/fmi/test/auto/FMUInc.xml
8 ms. Memory: 484352K Free: 228622K (47%)
----------------- Invoking toplevel() on ptolemy.moml.MoMLSimpleApplication@abd4a55
----------------- Done invoking toplevel() on ptolemy.moml.MoMLSimpleApplication@abd4a55
reloadAllAccessors: .FMUInc
----------------- testing Wed May 23 00:57:57 UTC 2018 /home/travis/build/icyphy/ptII/ptolemy/actor/lib/fmi/test/auto/FMUInc2.xml
----------------- Instantiating /home/travis/build/icyphy/ptII/ptolemy/actor/lib/fmi/test/auto/FMUInc2.xml
22 ms. Memory: 484352K Free: 221663K (46%)
----------------- Invoking toplevel() on ptolemy.moml.MoMLSimpleApplication@622ee58a
----------------- Done invoking toplevel() on ptolemy.moml.MoMLSimpleApplication@622ee58a
reloadAllAccessors: .FMUInc2
----------------- testing Wed May 23 00:57:57 UTC 2018 /home/travis/build/icyphy/ptII/ptolemy/actor/lib/fmi/test/auto/FMUIncME1.xml
----------------- Instantiating /home/travis/build/icyphy/ptII/ptolemy/actor/lib/fmi/test/auto/FMUIncME1.xml
11 ms. Memory: 484352K Free: 215918K (45%)
----------------- Invoking toplevel() on ptolemy.moml.MoMLSimpleApplication@7e8bb50e
----------------- Done invoking toplevel() on ptolemy.moml.MoMLSimpleApplication@7e8bb50e
reloadAllAccessors: .FMUIncME1
----------------- testing Wed May 23 00:57:57 UTC 2018 /home/travis/build/icyphy/ptII/ptolemy/actor/lib/fmi/test/auto/FMUIncME20.xml
----------------- Instantiating /home/travis/build/icyphy/ptII/ptolemy/actor/lib/fmi/test/auto/FMUIncME20.xml
9 ms. Memory: 484352K Free: 210173K (43%)
----------------- Invoking toplevel() on ptolemy.moml.MoMLSimpleApplication@53811191
----------------- Done invoking toplevel() on ptolemy.moml.MoMLSimpleApplication@53811191
reloadAllAccessors: .FMUIncME20
----------------- testing Wed May 23 00:57:57 UTC 2018 /home/travis/build/icyphy/ptII/ptolemy/actor/lib/fmi/test/auto/FMUIncScale20RC1pt.xml
----------------- Instantiating /home/travis/build/icyphy/ptII/ptolemy/actor/lib/fmi/test/auto/FMUIncScale20RC1pt.xml
15 ms. Memory: 484352K Free: 202502K (42%)
----------------- Invoking toplevel() on ptolemy.moml.MoMLSimpleApplication@7a080bdf
----------------- Done invoking toplevel() on ptolemy.moml.MoMLSimpleApplication@7a080bdf
reloadAllAccessors: .FMUIncScale20RC1pt
----------------- testing Wed May 23 00:57:57 UTC 2018 /home/travis/build/icyphy/ptII/ptolemy/actor/lib/fmi/test/auto/FMULevelStairs.xml
----------------- Instantiating /home/travis/build/icyphy/ptII/ptolemy/actor/lib/fmi/test/auto/FMULevelStairs.xml
49 ms. Memory: 484352K Free: 196756K (41%)
----------------- Invoking toplevel() on ptolemy.moml.MoMLSimpleApplication@8ef60dd
----------------- Done invoking toplevel() on ptolemy.moml.MoMLSimpleApplication@8ef60dd
reloadAllAccessors: .FMULevelStairs
----------------- testing Wed May 23 00:57:57 UTC 2018 /home/travis/build/icyphy/ptII/ptolemy/actor/lib/fmi/test/auto/FMUPumpConstantSpeed.xml
----------------- Instantiating /home/travis/build/icyphy/ptII/ptolemy/actor/lib/fmi/test/auto/FMUPumpConstantSpeed.xml
FMU Builder messages:

Attempting to build /tmp/FMUFile3059229304610495923.tmp/binaries/linux64/pumpConstantSpeed.so
architecture: linux64 isWindows: false  command: make target: linux64
make ARCH=linux64 CBITSFLAGS=-fvisibility=hidden PIC=-fPIC SHARED_LIBRARY_SUFFIX=so pumpConstantSpeed.so
make[1]: Entering directory `/tmp/FMUFile3059229304610495923.tmp/sources'
echo `pwd`
/tmp/FMUFile3059229304610495923.tmp/sources
cc -g -c -fvisibility=hidden -fPIC -Wall -DFMI_COSIMULATION -I.  pumpConstantSpeed.c -o pumpConstantSpeed.o
Creating ../binaries/linux64/
cc -fvisibility=hidden -g -Wall -shared -Wl,-soname,pumpConstantSpeed.so -DFMI_COSIMULATION -I. -o ../binaries/linux64/pumpConstantSpeed.so pumpConstantSpeed.o 
rm pumpConstantSpeed.o
make[1]: Leaving directory `/tmp/FMUFile3059229304610495923.tmp/sources'

115 ms. Memory: 484352K Free: 182166K (38%)
----------------- Invoking toplevel() on ptolemy.moml.MoMLSimpleApplication@6db2b23c
----------------- Done invoking toplevel() on ptolemy.moml.MoMLSimpleApplication@6db2b23c
reloadAllAccessors: .FMUPumpConstantSpeed
----------------- testing Wed May 23 00:57:58 UTC 2018 /home/travis/build/icyphy/ptII/ptolemy/actor/lib/fmi/test/auto/FMUQSSTankOpen.xml
----------------- Instantiating /home/travis/build/icyphy/ptII/ptolemy/actor/lib/fmi/test/auto/FMUQSSTankOpen.xml
FMU Builder messages:

Attempting to build /tmp/FMUFile1821567742908298700.tmp/binaries/linux64/tankOpen.so
architecture: linux64 isWindows: false  command: make target: linux64
make ARCH=linux64 CBITSFLAGS=-fvisibility=hidden PIC=-fPIC SHARED_LIBRARY_SUFFIX=so tankOpen.so
make[1]: Entering directory `/tmp/FMUFile1821567742908298700.tmp/sources'
echo `pwd`
/tmp/FMUFile1821567742908298700.tmp/sources
cc -g -c -fvisibility=hidden -fPIC -Wall -DFMI_COSIMULATION -I.  tankOpen.c -o tankOpen.o
Creating ../binaries/linux64/
cc -fvisibility=hidden -g -Wall -shared -Wl,-soname,tankOpen.so -DFMI_COSIMULATION -I. -o ../binaries/linux64/tankOpen.so tankOpen.o -lm
rm tankOpen.o
make[1]: Leaving directory `/tmp/FMUFile1821567742908298700.tmp/sources'

 Number of steps: 39894
  stateEvents: 0
  stepEvents: 0
  timeEvents: 0
3909 ms. Memory: 717312K Free: 460278K (64%)
----------------- Invoking toplevel() on ptolemy.moml.MoMLSimpleApplication@33e17a44
----------------- Done invoking toplevel() on ptolemy.moml.MoMLSimpleApplication@33e17a44
reloadAllAccessors: .FMUQSSTankOpen
----------------- testing Wed May 23 00:58:02 UTC 2018 /home/travis/build/icyphy/ptII/ptolemy/actor/lib/fmi/test/auto/FMUSDFBouncingBall.xml
----------------- Instantiating /home/travis/build/icyphy/ptII/ptolemy/actor/lib/fmi/test/auto/FMUSDFBouncingBall.xml
5 ms. Memory: 717312K Free: 447726K (62%)
----------------- Invoking toplevel() on ptolemy.moml.MoMLSimpleApplication@5c730ae3
----------------- Done invoking toplevel() on ptolemy.moml.MoMLSimpleApplication@5c730ae3
reloadAllAccessors: .FMUSDFBouncingBall
----------------- testing Wed May 23 00:58:02 UTC 2018 /home/travis/build/icyphy/ptII/ptolemy/actor/lib/fmi/test/auto/FMUSDFBouncingBall20.xml
----------------- Instantiating /home/travis/build/icyphy/ptII/ptolemy/actor/lib/fmi/test/auto/FMUSDFBouncingBall20.xml
175 ms. Memory: 717312K Free: 404909K (56%)
----------------- Invoking toplevel() on ptolemy.moml.MoMLSimpleApplication@39695235
----------------- Done invoking toplevel() on ptolemy.moml.MoMLSimpleApplication@39695235
reloadAllAccessors: .FMUSDFBouncingBall20
----------------- testing Wed May 23 00:58:02 UTC 2018 /home/travis/build/icyphy/ptII/ptolemy/actor/lib/fmi/test/auto/FMUSDFBouncingBall20RC1.xml
----------------- Instantiating /home/travis/build/icyphy/ptII/ptolemy/actor/lib/fmi/test/auto/FMUSDFBouncingBall20RC1.xml
8 ms. Memory: 717312K Free: 395723K (55%)
----------------- Invoking toplevel() on ptolemy.moml.MoMLSimpleApplication@5a7d8ec9
----------------- Done invoking toplevel() on ptolemy.moml.MoMLSimpleApplication@5a7d8ec9
reloadAllAccessors: .FMUSDFBouncingBall20RC1
----------------- testing Wed May 23 00:58:02 UTC 2018 /home/travis/build/icyphy/ptII/ptolemy/actor/lib/fmi/test/auto/FMUSDFInc20.xml
----------------- Instantiating /home/travis/build/icyphy/ptII/ptolemy/actor/lib/fmi/test/auto/FMUSDFInc20.xml
6 ms. Memory: 717312K Free: 386537K (54%)
----------------- Invoking toplevel() on ptolemy.moml.MoMLSimpleApplication@1f83655b
----------------- Done invoking toplevel() on ptolemy.moml.MoMLSimpleApplication@1f83655b
reloadAllAccessors: .FMUSDFInc20
----------------- testing Wed May 23 00:58:02 UTC 2018 /home/travis/build/icyphy/ptII/ptolemy/actor/lib/fmi/test/auto/FMUStairs.xml
----------------- Instantiating /home/travis/build/icyphy/ptII/ptolemy/actor/lib/fmi/test/auto/FMUStairs.xml
28 ms. Memory: 717312K Free: 377351K (53%)
----------------- Invoking toplevel() on ptolemy.moml.MoMLSimpleApplication@18274cde
----------------- Done invoking toplevel() on ptolemy.moml.MoMLSimpleApplication@18274cde
reloadAllAccessors: .FMUStairs
----------------- testing Wed May 23 00:58:02 UTC 2018 /home/travis/build/icyphy/ptII/ptolemy/actor/lib/fmi/test/auto/FMUStepCounter1.xml
----------------- Instantiating /home/travis/build/icyphy/ptII/ptolemy/actor/lib/fmi/test/auto/FMUStepCounter1.xml
FMU Builder messages:

Attempting to build /tmp/FMUFile2155184427679833566.tmp/binaries/linux64/stepCounter1.so
architecture: linux64 isWindows: false  command: make target: linux64
make ARCH=linux64 CBITSFLAGS=-fvisibility=hidden PIC=-fPIC SHARED_LIBRARY_SUFFIX=so stepCounter1.so
make[1]: Entering directory `/tmp/FMUFile2155184427679833566.tmp/sources'
echo `pwd`
/tmp/FMUFile2155184427679833566.tmp/sources
cc -g -c -fvisibility=hidden -fPIC -Wall -DFMI_COSIMULATION -I.  stepCounter1.c -o stepCounter1.o
Creating ../binaries/linux64/
cc -fvisibility=hidden -g -Wall -shared -Wl,-soname,stepCounter1.so -DFMI_COSIMULATION -I. -o ../binaries/linux64/stepCounter1.so stepCounter1.o 
rm stepCounter1.o
make[1]: Leaving directory `/tmp/FMUFile2155184427679833566.tmp/sources'

92 ms. Memory: 717312K Free: 358094K (50%)
----------------- Invoking toplevel() on ptolemy.moml.MoMLSimpleApplication@7aadf41b
----------------- Done invoking toplevel() on ptolemy.moml.MoMLSimpleApplication@7aadf41b
reloadAllAccessors: .FMUStepCounter1
----------------- testing Wed May 23 00:58:02 UTC 2018 /home/travis/build/icyphy/ptII/ptolemy/actor/lib/fmi/test/auto/FMUStepCounter2.xml
----------------- Instantiating /home/travis/build/icyphy/ptII/ptolemy/actor/lib/fmi/test/auto/FMUStepCounter2.xml
FMU Builder messages:

Attempting to build /tmp/FMUFile1713890261297507323.tmp/binaries/linux64/stepCounter.so
architecture: linux64 isWindows: false  command: make target: linux64
make ARCH=linux64 CBITSFLAGS=-fvisibility=hidden PIC=-fPIC SHARED_LIBRARY_SUFFIX=so stepCounter.so
make[1]: Entering directory `/tmp/FMUFile1713890261297507323.tmp/sources'
echo `pwd`
/tmp/FMUFile1713890261297507323.tmp/sources
cc -g -c -fvisibility=hidden -fPIC -Wall -DFMI_COSIMULATION -I.  stepCounter.c -o stepCounter.o
Creating ../binaries/linux64/
cc -fvisibility=hidden -g -Wall -shared -Wl,-soname,stepCounter.so -DFMI_COSIMULATION -I. -o ../binaries/linux64/stepCounter.so stepCounter.o 
rm stepCounter.o
make[1]: Leaving directory `/tmp/FMUFile1713890261297507323.tmp/sources'

97 ms. Memory: 717312K Free: 341224K (48%)
----------------- Invoking toplevel() on ptolemy.moml.MoMLSimpleApplication@3ccf89be
----------------- Done invoking toplevel() on ptolemy.moml.MoMLSimpleApplication@3ccf89be
reloadAllAccessors: .FMUStepCounter2
----------------- testing Wed May 23 00:58:02 UTC 2018 /home/travis/build/icyphy/ptII/ptolemy/actor/lib/fmi/test/auto/FMUStepCounterContinuous1.xml
----------------- Instantiating /home/travis/build/icyphy/ptII/ptolemy/actor/lib/fmi/test/auto/FMUStepCounterContinuous1.xml
9 ms. Memory: 717312K Free: 335110K (47%)
----------------- Invoking toplevel() on ptolemy.moml.MoMLSimpleApplication@4cdb9e19
----------------- Done invoking toplevel() on ptolemy.moml.MoMLSimpleApplication@4cdb9e19
reloadAllAccessors: .FMUStepCounterContinuous
----------------- testing Wed May 23 00:58:02 UTC 2018 /home/travis/build/icyphy/ptII/ptolemy/actor/lib/fmi/test/auto/FMUStepCounterContinuous2.xml
----------------- Instantiating /home/travis/build/icyphy/ptII/ptolemy/actor/lib/fmi/test/auto/FMUStepCounterContinuous2.xml
8 ms. Memory: 717312K Free: 328997K (46%)
----------------- Invoking toplevel() on ptolemy.moml.MoMLSimpleApplication@31d60677
----------------- Done invoking toplevel() on ptolemy.moml.MoMLSimpleApplication@31d60677
reloadAllAccessors: .FMUStepCounterContinuous2
----------------- testing Wed May 23 00:58:02 UTC 2018 /home/travis/build/icyphy/ptII/ptolemy/actor/lib/fmi/test/auto/FMUStepCounterContinuousTwoFMUs1.xml
----------------- Instantiating /home/travis/build/icyphy/ptII/ptolemy/actor/lib/fmi/test/auto/FMUStepCounterContinuousTwoFMUs1.xml
12 ms. Memory: 717312K Free: 319827K (45%)
----------------- Invoking toplevel() on ptolemy.moml.MoMLSimpleApplication@1694b36b
----------------- Done invoking toplevel() on ptolemy.moml.MoMLSimpleApplication@1694b36b
reloadAllAccessors: .FMUStepCounterContinuousTwoFMUs
----------------- testing Wed May 23 00:58:02 UTC 2018 /home/travis/build/icyphy/ptII/ptolemy/actor/lib/fmi/test/auto/FMUStepCounterContinuousTwoFMUs2.xml
----------------- Instantiating /home/travis/build/icyphy/ptII/ptolemy/actor/lib/fmi/test/auto/FMUStepCounterContinuousTwoFMUs2.xml
29 ms. Memory: 717312K Free: 310649K (43%)
----------------- Invoking toplevel() on ptolemy.moml.MoMLSimpleApplication@c93bf1e
----------------- Done invoking toplevel() on ptolemy.moml.MoMLSimpleApplication@c93bf1e
reloadAllAccessors: .FMUStepCounterContinuousTwoFMUs2
----------------- testing Wed May 23 00:58:02 UTC 2018 /home/travis/build/icyphy/ptII/ptolemy/actor/lib/fmi/test/auto/FMUStepCounterExtendedFMI.xml
----------------- Instantiating /home/travis/build/icyphy/ptII/ptolemy/actor/lib/fmi/test/auto/FMUStepCounterExtendedFMI.xml
FMU Builder messages:

Attempting to build /tmp/FMUFile7888960373565210420.tmp/binaries/linux64/stepCounterExtendedFMI.so
architecture: linux64 isWindows: false  command: make target: linux64
make ARCH=linux64 CBITSFLAGS=-fvisibility=hidden PIC=-fPIC SHARED_LIBRARY_SUFFIX=so stepCounterExtendedFMI.so
make[1]: Entering directory `/tmp/FMUFile7888960373565210420.tmp/sources'
echo `pwd`
/tmp/FMUFile7888960373565210420.tmp/sources
cc -g -c -fvisibility=hidden -fPIC -Wall -DFMI_COSIMULATION -I.  stepCounterExtendedFMI.c -o stepCounterExtendedFMI.o
Creating ../binaries/linux64/
cc -fvisibility=hidden -g -Wall -shared -Wl,-soname,stepCounterExtendedFMI.so -DFMI_COSIMULATION -I. -o ../binaries/linux64/stepCounterExtendedFMI.so stepCounterExtendedFMI.o 
rm stepCounterExtendedFMI.o
make[1]: Leaving directory `/tmp/FMUFile7888960373565210420.tmp/sources'

109 ms. Memory: 717312K Free: 295365K (41%)
----------------- Invoking toplevel() on ptolemy.moml.MoMLSimpleApplication@7dc4674d
----------------- Done invoking toplevel() on ptolemy.moml.MoMLSimpleApplication@7dc4674d
reloadAllAccessors: .FMUStepCounterExtendedFMI
----------------- testing Wed May 23 00:58:02 UTC 2018 /home/travis/build/icyphy/ptII/ptolemy/actor/lib/fmi/test/auto/FMUStepCounterPeriodInNameContinuous2.xml
----------------- Instantiating /home/travis/build/icyphy/ptII/ptolemy/actor/lib/fmi/test/auto/FMUStepCounterPeriodInNameContinuous2.xml
FMU Builder messages:

Attempting to build /tmp/FMUFile3864325668572968221.tmp/binaries/linux64/stepCounterPeriodInName.so
architecture: linux64 isWindows: false  command: make target: linux64
make ARCH=linux64 CBITSFLAGS=-fvisibility=hidden PIC=-fPIC SHARED_LIBRARY_SUFFIX=so stepCounterPeriodInName.so
make[1]: Entering directory `/tmp/FMUFile3864325668572968221.tmp/sources'
echo `pwd`
/tmp/FMUFile3864325668572968221.tmp/sources
cc -g -c -fvisibility=hidden -fPIC -Wall -DFMI_COSIMULATION -I.  stepCounterPeriodInName.c -o stepCounterPeriodInName.o
Creating ../binaries/linux64/
cc -fvisibility=hidden -g -Wall -shared -Wl,-soname,stepCounterPeriodInName.so -DFMI_COSIMULATION -I. -o ../binaries/linux64/stepCounterPeriodInName.so stepCounterPeriodInName.o 
rm stepCounterPeriodInName.o
make[1]: Leaving directory `/tmp/FMUFile3864325668572968221.tmp/sources'

101 ms. Memory: 717312K Free: 278424K (39%)
----------------- Invoking toplevel() on ptolemy.moml.MoMLSimpleApplication@70a39f5e
----------------- Done invoking toplevel() on ptolemy.moml.MoMLSimpleApplication@70a39f5e
reloadAllAccessors: .FMUStepCounterPeriodInNameContinuous2
----------------- testing Wed May 23 00:58:03 UTC 2018 /home/travis/build/icyphy/ptII/ptolemy/actor/lib/fmi/test/auto/FMUTankOpen.xml
----------------- Instantiating /home/travis/build/icyphy/ptII/ptolemy/actor/lib/fmi/test/auto/FMUTankOpen.xml
43 ms. Memory: 717312K Free: 266181K (37%)
----------------- Invoking toplevel() on ptolemy.moml.MoMLSimpleApplication@1ee80aaf
----------------- Done invoking toplevel() on ptolemy.moml.MoMLSimpleApplication@1ee80aaf
reloadAllAccessors: .FMUTankOpen
----------------- testing Wed May 23 00:58:03 UTC 2018 /home/travis/build/icyphy/ptII/ptolemy/actor/lib/fmi/test/auto/FMUTwoBallCollision.xml
----------------- Instantiating /home/travis/build/icyphy/ptII/ptolemy/actor/lib/fmi/test/auto/FMUTwoBallCollision.xml
249 ms. Memory: 717312K Free: 223324K (31%)
----------------- Invoking toplevel() on ptolemy.moml.MoMLSimpleApplication@2f43cdd4
----------------- Done invoking toplevel() on ptolemy.moml.MoMLSimpleApplication@2f43cdd4
reloadAllAccessors: .FMUTwoBallCollision
----------------- testing Wed May 23 00:58:03 UTC 2018 /home/travis/build/icyphy/ptII/ptolemy/actor/lib/fmi/test/auto/FMUValues.xml
----------------- Instantiating /home/travis/build/icyphy/ptII/ptolemy/actor/lib/fmi/test/auto/FMUValues.xml
16 ms. Memory: 717312K Free: 211065K (29%)
----------------- Invoking toplevel() on ptolemy.moml.MoMLSimpleApplication@3ad1dbdf
----------------- Done invoking toplevel() on ptolemy.moml.MoMLSimpleApplication@3ad1dbdf
reloadAllAccessors: .FMUValues
----------------- testing Wed May 23 00:58:03 UTC 2018 /home/travis/build/icyphy/ptII/ptolemy/actor/lib/fmi/test/auto/FMUValues20.xml
----------------- Instantiating /home/travis/build/icyphy/ptII/ptolemy/actor/lib/fmi/test/auto/FMUValues20.xml
19 ms. Memory: 717312K Free: 198822K (28%)
----------------- Invoking toplevel() on ptolemy.moml.MoMLSimpleApplication@19c73423
----------------- Done invoking toplevel() on ptolemy.moml.MoMLSimpleApplication@19c73423
reloadAllAccessors: .FMUValues20
----------------- testing Wed May 23 00:58:03 UTC 2018 /home/travis/build/icyphy/ptII/ptolemy/actor/lib/fmi/test/auto/FMUValuesME20.xml
----------------- Instantiating /home/travis/build/icyphy/ptII/ptolemy/actor/lib/fmi/test/auto/FMUValuesME20.xml
66 ms. Memory: 717312K Free: 178871K (25%)
----------------- Invoking toplevel() on ptolemy.moml.MoMLSimpleApplication@729d7f3b
----------------- Done invoking toplevel() on ptolemy.moml.MoMLSimpleApplication@729d7f3b
reloadAllAccessors: .FMUValuesME20
----------------- testing Wed May 23 00:58:03 UTC 2018 /home/travis/build/icyphy/ptII/ptolemy/actor/lib/fmi/test/auto/FMUVanDerPol.xml
----------------- Instantiating /home/travis/build/icyphy/ptII/ptolemy/actor/lib/fmi/test/auto/FMUVanDerPol.xml
8 ms. Memory: 717312K Free: 169685K (24%)
----------------- Invoking toplevel() on ptolemy.moml.MoMLSimpleApplication@e249c6
----------------- Done invoking toplevel() on ptolemy.moml.MoMLSimpleApplication@e249c6
reloadAllAccessors: .FMUVanDerPol
----------------- testing Wed May 23 00:58:03 UTC 2018 /home/travis/build/icyphy/ptII/ptolemy/actor/lib/fmi/test/auto/FMUVanDerPol20.xml
----------------- Instantiating /home/travis/build/icyphy/ptII/ptolemy/actor/lib/fmi/test/auto/FMUVanDerPol20.xml
71 ms. Memory: 717312K Free: 151345K (21%)
----------------- Invoking toplevel() on ptolemy.moml.MoMLSimpleApplication@7448fd95
----------------- Done invoking toplevel() on ptolemy.moml.MoMLSimpleApplication@7448fd95
reloadAllAccessors: .FMUVanDerPol20
----------------- testing Wed May 23 00:58:03 UTC 2018 /home/travis/build/icyphy/ptII/ptolemy/actor/lib/fmi/test/auto/FMUVanDerPolME20.xml
----------------- Instantiating /home/travis/build/icyphy/ptII/ptolemy/actor/lib/fmi/test/auto/FMUVanDerPolME20.xml
11 ms. Memory: 717312K Free: 136046K (19%)
----------------- Invoking toplevel() on ptolemy.moml.MoMLSimpleApplication@2f63bb22
----------------- Done invoking toplevel() on ptolemy.moml.MoMLSimpleApplication@2f63bb22
reloadAllAccessors: .FMUVanDerPolME20
----------------- testing Wed May 23 00:58:03 UTC 2018 /home/travis/build/icyphy/ptII/ptolemy/actor/lib/fmi/test/auto/FMUdq20RC1.xml
----------------- Instantiating /home/travis/build/icyphy/ptII/ptolemy/actor/lib/fmi/test/auto/FMUdq20RC1.xml
5 ms. Memory: 717312K Free: 126860K (18%)
----------------- Invoking toplevel() on ptolemy.moml.MoMLSimpleApplication@2097115b
----------------- Done invoking toplevel() on ptolemy.moml.MoMLSimpleApplication@2097115b
reloadAllAccessors: .FMUdq20RC1
----------------- testing Wed May 23 00:58:03 UTC 2018 /home/travis/build/icyphy/ptII/ptolemy/actor/lib/fmi/test/auto/FMUvalues20RC1.xml
----------------- Instantiating /home/travis/build/icyphy/ptII/ptolemy/actor/lib/fmi/test/auto/FMUvalues20RC1.xml
10 ms. Memory: 717312K Free: 114617K (16%)
----------------- Invoking toplevel() on ptolemy.moml.MoMLSimpleApplication@4ebba62c
----------------- Done invoking toplevel() on ptolemy.moml.MoMLSimpleApplication@4ebba62c
reloadAllAccessors: .FMUvalues20RC1
----------------- testing Wed May 23 00:58:04 UTC 2018 /home/travis/build/icyphy/ptII/ptolemy/actor/lib/fmi/test/auto/FMUvanDerPol20RC1.xml
----------------- Instantiating /home/travis/build/icyphy/ptII/ptolemy/actor/lib/fmi/test/auto/FMUvanDerPol20RC1.xml
7 ms. Memory: 717312K Free: 103868K (14%)
----------------- Invoking toplevel() on ptolemy.moml.MoMLSimpleApplication@6edf78ba
----------------- Done invoking toplevel() on ptolemy.moml.MoMLSimpleApplication@6edf78ba
reloadAllAccessors: .FMUvanDerPol20RC1
----------------- testing Wed May 23 00:58:04 UTC 2018 /home/travis/build/icyphy/ptII/ptolemy/actor/lib/fmi/test/auto/TestZeroDelayFeedback.xml
----------------- Instantiating /home/travis/build/icyphy/ptII/ptolemy/actor/lib/fmi/test/auto/TestZeroDelayFeedback.xml
FMU Builder messages:

Attempting to build /tmp/FMUFile1587744360914210384.tmp/binaries/linux64/Constant.so
architecture: linux64 isWindows: false  command: make target: linux64
make ARCH=linux64 CBITSFLAGS=-fvisibility=hidden PIC=-fPIC SHARED_LIBRARY_SUFFIX=so Constant.so
make[1]: Entering directory `/tmp/FMUFile1587744360914210384.tmp/sources'
echo `pwd`
/tmp/FMUFile1587744360914210384.tmp/sources
cc -g -c -fvisibility=hidden -fPIC -Wall -DFMI_COSIMULATION -I.  Constant.c -o Constant.o
Creating ../binaries/linux64/
cc -fvisibility=hidden -g -Wall -shared -Wl,-soname,Constant.so -DFMI_COSIMULATION -I. -o ../binaries/linux64/Constant.so Constant.o 
rm Constant.o
make[1]: Leaving directory `/tmp/FMUFile1587744360914210384.tmp/sources'

FMU Builder messages:

Attempting to build /tmp/FMUFile8418478579196686480.tmp/binaries/linux64/Integrator.so
architecture: linux64 isWindows: false  command: make target: linux64
make ARCH=linux64 CBITSFLAGS=-fvisibility=hidden PIC=-fPIC SHARED_LIBRARY_SUFFIX=so Integrator.so
make[1]: Entering directory `/tmp/FMUFile8418478579196686480.tmp/sources'
echo `pwd`
/tmp/FMUFile8418478579196686480.tmp/sources
cc -g -c -fvisibility=hidden -fPIC -Wall -DFMI_COSIMULATION -I.  Integrator.c -o Integrator.o
Integrator.c: In function ‘fmi2HybridGetMaxStepSize’:
Integrator.c:112:20: warning: unused variable ‘comp’ [-Wunused-variable]
     ModelInstance *comp = (ModelInstance *)c;
                    ^
In file included from Integrator.c:123:0:
fmuTemplate.c: In function ‘fmi2HybridDoStep’:
fmuTemplate.c:992:12: warning: variable ‘prevState’ set but not used [-Wunused-but-set-variable]
     double prevState[max(NUMBER_OF_STATES, 1)];
            ^
Creating ../binaries/linux64/
cc -fvisibility=hidden -g -Wall -shared -Wl,-soname,Integrator.so -DFMI_COSIMULATION -I. -o ../binaries/linux64/Integrator.so Integrator.o 
rm Integrator.o
make[1]: Leaving directory `/tmp/FMUFile8418478579196686480.tmp/sources'

FMU Builder messages:

Attempting to build /tmp/FMUFile1620149186342602968.tmp/binaries/linux64/Adder.so
architecture: linux64 isWindows: false  command: make target: linux64
make ARCH=linux64 CBITSFLAGS=-fvisibility=hidden PIC=-fPIC SHARED_LIBRARY_SUFFIX=so Adder.so
make[1]: Entering directory `/tmp/FMUFile1620149186342602968.tmp/sources'
echo `pwd`
/tmp/FMUFile1620149186342602968.tmp/sources
cc -g -c -fvisibility=hidden -fPIC -Wall -DFMI_COSIMULATION -I.  Adder.c -o Adder.o
Creating ../binaries/linux64/
cc -fvisibility=hidden -g -Wall -shared -Wl,-soname,Adder.so -DFMI_COSIMULATION -I. -o ../binaries/linux64/Adder.so Adder.o 
rm Adder.o
make[1]: Leaving directory `/tmp/FMUFile1620149186342602968.tmp/sources'

FMU Builder messages:

Attempting to build /tmp/FMUFile3695941212208334234.tmp/binaries/linux64/ZeroCrossingDetector.so
architecture: linux64 isWindows: false  command: make target: linux64
make ARCH=linux64 CBITSFLAGS=-fvisibility=hidden PIC=-fPIC SHARED_LIBRARY_SUFFIX=so ZeroCrossingDetector.so
make[1]: Entering directory `/tmp/FMUFile3695941212208334234.tmp/sources'
echo `pwd`
/tmp/FMUFile3695941212208334234.tmp/sources
cc -g -c -fvisibility=hidden -fPIC -Wall -DFMI_COSIMULATION -I.  ZeroCrossingDetector.c -o ZeroCrossingDetector.o
Creating ../binaries/linux64/
cc -fvisibility=hidden -g -Wall -shared -Wl,-soname,ZeroCrossingDetector.so -DFMI_COSIMULATION -I. -o ../binaries/linux64/ZeroCrossingDetector.so ZeroCrossingDetector.o 
rm ZeroCrossingDetector.o
make[1]: Leaving directory `/tmp/FMUFile3695941212208334234.tmp/sources'

FMU Builder messages:

Attempting to build /tmp/FMUFile6526390180234716210.tmp/binaries/linux64/Delay.so
architecture: linux64 isWindows: false  command: make target: linux64
make ARCH=linux64 CBITSFLAGS=-fvisibility=hidden PIC=-fPIC SHARED_LIBRARY_SUFFIX=so Delay.so
make[1]: Entering directory `/tmp/FMUFile6526390180234716210.tmp/sources'
echo `pwd`
/tmp/FMUFile6526390180234716210.tmp/sources
cc -g -c -fvisibility=hidden -fPIC -Wall -DFMI_COSIMULATION -I.  Delay.c -o Delay.o
Creating ../binaries/linux64/
cc -fvisibility=hidden -g -Wall -shared -Wl,-soname,Delay.so -DFMI_COSIMULATION -I. -o ../binaries/linux64/Delay.so Delay.o 
rm Delay.o
make[1]: Leaving directory `/tmp/FMUFile6526390180234716210.tmp/sources'

1387 ms. Memory: 718848K Free: 662074K (92%)
----------------- Invoking toplevel() on ptolemy.moml.MoMLSimpleApplication@74910e21
----------------- Done invoking toplevel() on ptolemy.moml.MoMLSimpleApplication@74910e21
reloadAllAccessors: .TestZeroDelayFeedback
----------------- testing Wed May 23 00:58:05 UTC 2018 /home/travis/build/icyphy/ptII/ptolemy/actor/lib/fmi/test/auto/helloWorldME2.xml
----------------- Instantiating /home/travis/build/icyphy/ptII/ptolemy/actor/lib/fmi/test/auto/helloWorldME2.xml
7 ms. Memory: 718848K Free: 652042K (91%)
----------------- Invoking toplevel() on ptolemy.moml.MoMLSimpleApplication@2b75864e
----------------- Done invoking toplevel() on ptolemy.moml.MoMLSimpleApplication@2b75864e
reloadAllAccessors: .helloWorldME2
AutoTests.java: About to close Vertx.
AutoTests.java: Vertx closed.
]]></system-out>
  <system-err><![CDATA[java.lang.RuntimeException: Execution failed
	at ptolemy.moml.MoMLSimpleApplication$UnloadThread.run(MoMLSimpleApplication.java:402)
Caused by: ptolemy.kernel.util.IllegalActionException: Could not simulate, inc20_fmiDoStep(Component, /* time */ 0.0, /* stepSize */0.0, /* newStep */ 1) returned fmiError
  in .FMUInc20.inc20
	at ptolemy.actor.lib.fmi.FMUImport._fmiDoStep(FMUImport.java:2739)
	at ptolemy.actor.lib.fmi.FMUImport.fire(FMUImport.java:675)
	at ptolemy.actor.sched.FixedPointDirector._fireActor(FixedPointDirector.java:768)
	at ptolemy.actor.sched.FixedPointDirector.fire(FixedPointDirector.java:244)
	at ptolemy.domains.continuous.kernel.ContinuousDirector.fire(ContinuousDirector.java:494)
	at ptolemy.actor.CompositeActor.fire(CompositeActor.java:455)
	at ptolemy.actor.Manager.iterate(Manager.java:851)
	at ptolemy.actor.Manager.execute(Manager.java:369)
	at ptolemy.actor.Manager.run(Manager.java:1263)
	at ptolemy.actor.Manager$PtolemyRunThread.run(Manager.java:1915)
java.lang.reflect.InvocationTargetException
	at sun.reflect.NativeConstructorAccessorImpl.newInstance0(Native Method)
	at sun.reflect.NativeConstructorAccessorImpl.newInstance(NativeConstructorAccessorImpl.java:62)
	at sun.reflect.DelegatingConstructorAccessorImpl.newInstance(DelegatingConstructorAccessorImpl.java:45)
	at java.lang.reflect.Constructor.newInstance(Constructor.java:423)
	at ptolemy.util.test.junit.AutoKnownFailedTests.RunModel(AutoKnownFailedTests.java:107)
	at sun.reflect.NativeMethodAccessorImpl.invoke0(Native Method)
	at sun.reflect.NativeMethodAccessorImpl.invoke(NativeMethodAccessorImpl.java:62)
	at sun.reflect.DelegatingMethodAccessorImpl.invoke(DelegatingMethodAccessorImpl.java:43)
	at java.lang.reflect.Method.invoke(Method.java:498)
	at org.junit.runners.model.FrameworkMethod$1.runReflectiveCall(FrameworkMethod.java:44)
	at org.junit.internal.runners.model.ReflectiveCallable.run(ReflectiveCallable.java:15)
	at org.junit.runners.model.FrameworkMethod.invokeExplosively(FrameworkMethod.java:41)
	at junitparams.internal.InvokeParameterisedMethod.evaluate(InvokeParameterisedMethod.java:102)
	at org.junit.internal.runners.statements.FailOnTimeout$1.run(FailOnTimeout.java:28)
Caused by: ptolemy.kernel.util.IllegalActionException: Could not simulate, inc20_fmiDoStep(Component, /* time */ 0.0, /* stepSize */0.0, /* newStep */ 1) returned fmiError
  in .FMUInc20.inc20
	at ptolemy.actor.lib.fmi.FMUImport._fmiDoStep(FMUImport.java:2739)
	at ptolemy.actor.lib.fmi.FMUImport.fire(FMUImport.java:675)
	at ptolemy.actor.sched.FixedPointDirector._fireActor(FixedPointDirector.java:768)
	at ptolemy.actor.sched.FixedPointDirector.fire(FixedPointDirector.java:244)
	at ptolemy.domains.continuous.kernel.ContinuousDirector.fire(ContinuousDirector.java:494)
	at ptolemy.actor.CompositeActor.fire(CompositeActor.java:455)
	at ptolemy.actor.Manager.iterate(Manager.java:851)
	at ptolemy.actor.Manager.execute(Manager.java:369)
	at ptolemy.actor.Manager.run(Manager.java:1263)
	at ptolemy.actor.Manager$PtolemyRunThread.run(Manager.java:1915)
]]></system-err>
</testsuite>
