<?xml version="1.0" encoding="UTF-8" ?>
<testsuite errors="0" failures="0" hostname="travis-job-6b74b004-0bbf-4d6b-87ac-aec562909570" name="ptolemy.domains.de.test.junit.JUnitTclTest" skipped="0" tests="101" time="128.653" timestamp="2018-05-21T01:13:11">
  <properties>
[...]
</properties>
  <testcase classname="ptolemy.util.test.junit.TclTests" name="[0] /home/travis/build/icyphy/ptII/ptolemy/domains/de/test/DependencyLoop.tcl (RunTclFile)" time="0.711" />
  <testcase classname="ptolemy.util.test.junit.TclTests" name="[1] /home/travis/build/icyphy/ptII/ptolemy/domains/de/test/RunDETestsAsQSS.tcl (RunTclFile)" time="88.526" />
  <testcase classname="ptolemy.util.test.junit.AutoKnownFailedTests" name="[0] /home/travis/build/icyphy/ptII/ptolemy/domains/de/test/auto/knownFailedTests/DESDFClockTest.xml (RunModel)" time="2.022" />
  <testcase classname="ptolemy.util.test.junit.AutoKnownFailedTests" name="[1] /home/travis/build/icyphy/ptII/ptolemy/domains/de/test/auto/knownFailedTests/DirectFeedback.xml (RunModel)" time="0.017" />
  <testcase classname="ptolemy.util.test.junit.AutoKnownFailedTests" name="[2] /home/travis/build/icyphy/ptII/ptolemy/domains/de/test/auto/knownFailedTests/FSMSource.xml (RunModel)" time="0.017" />
  <testcase classname="ptolemy.util.test.junit.AutoKnownFailedTests" name="[3] /home/travis/build/icyphy/ptII/ptolemy/domains/de/test/auto/knownFailedTests/HierarchicalModel.xml (RunModel)" time="0.039" />
  <testcase classname="ptolemy.util.test.junit.AutoKnownFailedTests" name="[4] /home/travis/build/icyphy/ptII/ptolemy/domains/de/test/auto/knownFailedTests/dependencyLoop.xml (RunModel)" time="0.033" />
  <testcase classname="ptolemy.util.test.junit.AutoKnownFailedTests" name="[5] /home/travis/build/icyphy/ptII/ptolemy/domains/de/test/auto/knownFailedTests/dependencyLoop2.xml (RunModel)" time="0.033" />
  <testcase classname="ptolemy.util.test.junit.AutoNameArchTests" name="[0] ThereAreNoAutoTests (RunModel)" time="0.001" />
  <testcase classname="ptolemy.util.test.junit.AutoTests" name="[0] /home/travis/build/icyphy/ptII/ptolemy/domains/de/test/auto/ActorDepthCalculation_actorWithoutPorts.xml (RunModel)" time="0.011" />
  <testcase classname="ptolemy.util.test.junit.AutoTests" name="[1] /home/travis/build/icyphy/ptII/ptolemy/domains/de/test/auto/AssemblyLine.xml (RunModel)" time="0.012" />
  <testcase classname="ptolemy.util.test.junit.AutoTests" name="[2] /home/travis/build/icyphy/ptII/ptolemy/domains/de/test/auto/CQBug1.xml (RunModel)" time="0.006" />
  <testcase classname="ptolemy.util.test.junit.AutoTests" name="[3] /home/travis/build/icyphy/ptII/ptolemy/domains/de/test/auto/CancelFireAt.xml (RunModel)" time="0.005" />
  <testcase classname="ptolemy.util.test.junit.AutoTests" name="[4] /home/travis/build/icyphy/ptII/ptolemy/domains/de/test/auto/CausalityAndComposabilityAnalysis.xml (RunModel)" time="0.007" />
  <testcase classname="ptolemy.util.test.junit.AutoTests" name="[5] /home/travis/build/icyphy/ptII/ptolemy/domains/de/test/auto/CausalityInterface1.xml (RunModel)" time="0.013" />
  <testcase classname="ptolemy.util.test.junit.AutoTests" name="[6] /home/travis/build/icyphy/ptII/ptolemy/domains/de/test/auto/CausalityInterface15.xml (RunModel)" time="0.009" />
  <testcase classname="ptolemy.util.test.junit.AutoTests" name="[7] /home/travis/build/icyphy/ptII/ptolemy/domains/de/test/auto/CausalityInterface2.xml (RunModel)" time="0.007" />
  <testcase classname="ptolemy.util.test.junit.AutoTests" name="[8] /home/travis/build/icyphy/ptII/ptolemy/domains/de/test/auto/CausalityInterface3.xml (RunModel)" time="0.009" />
  <testcase classname="ptolemy.util.test.junit.AutoTests" name="[9] /home/travis/build/icyphy/ptII/ptolemy/domains/de/test/auto/ClockDrift.xml (RunModel)" time="0.023" />
  <testcase classname="ptolemy.util.test.junit.AutoTests" name="[10] /home/travis/build/icyphy/ptII/ptolemy/domains/de/test/auto/ClockDriftAndValueChange.xml (RunModel)" time="0.021" />
  <testcase classname="ptolemy.util.test.junit.AutoTests" name="[11] /home/travis/build/icyphy/ptII/ptolemy/domains/de/test/auto/ClockDriftChange.xml (RunModel)" time="0.018" />
  <testcase classname="ptolemy.util.test.junit.AutoTests" name="[12] /home/travis/build/icyphy/ptII/ptolemy/domains/de/test/auto/ComposableCausalityAnalysis.xml (RunModel)" time="0.014" />
  <testcase classname="ptolemy.util.test.junit.AutoTests" name="[13] /home/travis/build/icyphy/ptII/ptolemy/domains/de/test/auto/DEFixedPointLimitation.xml (RunModel)" time="0.007" />
  <testcase classname="ptolemy.util.test.junit.AutoTests" name="[14] /home/travis/build/icyphy/ptII/ptolemy/domains/de/test/auto/DEScheduleTest.xml (RunModel)" time="0.008" />
  <testcase classname="ptolemy.util.test.junit.AutoTests" name="[15] /home/travis/build/icyphy/ptII/ptolemy/domains/de/test/auto/DEinDEwithStartTimes.xml (RunModel)" time="0.009" />
  <testcase classname="ptolemy.util.test.junit.AutoTests" name="[16] /home/travis/build/icyphy/ptII/ptolemy/domains/de/test/auto/DEinDEwithStartTimes2.xml (RunModel)" time="0.009" />
  <testcase classname="ptolemy.util.test.junit.AutoTests" name="[17] /home/travis/build/icyphy/ptII/ptolemy/domains/de/test/auto/DateDemo.xml (RunModel)" time="0.018" />
  <testcase classname="ptolemy.util.test.junit.AutoTests" name="[18] /home/travis/build/icyphy/ptII/ptolemy/domains/de/test/auto/DateToEvent.xml (RunModel)" time="2.026" />
  <testcase classname="ptolemy.util.test.junit.AutoTests" name="[19] /home/travis/build/icyphy/ptII/ptolemy/domains/de/test/auto/DepthTest1.xml (RunModel)" time="0.018" />
  <testcase classname="ptolemy.util.test.junit.AutoTests" name="[20] /home/travis/build/icyphy/ptII/ptolemy/domains/de/test/auto/DepthTest2.xml (RunModel)" time="0.022" />
  <testcase classname="ptolemy.util.test.junit.AutoTests" name="[21] /home/travis/build/icyphy/ptII/ptolemy/domains/de/test/auto/DepthTest3.xml (RunModel)" time="0.007" />
  <testcase classname="ptolemy.util.test.junit.AutoTests" name="[22] /home/travis/build/icyphy/ptII/ptolemy/domains/de/test/auto/DepthTest4.xml (RunModel)" time="0.012" />
  <testcase classname="ptolemy.util.test.junit.AutoTests" name="[23] /home/travis/build/icyphy/ptII/ptolemy/domains/de/test/auto/DepthTest5.xml (RunModel)" time="0.013" />
  <testcase classname="ptolemy.util.test.junit.AutoTests" name="[24] /home/travis/build/icyphy/ptII/ptolemy/domains/de/test/auto/DepthTest6.xml (RunModel)" time="0.012" />
  <testcase classname="ptolemy.util.test.junit.AutoTests" name="[25] /home/travis/build/icyphy/ptII/ptolemy/domains/de/test/auto/DepthTest7.xml (RunModel)" time="0.011" />
  <testcase classname="ptolemy.util.test.junit.AutoTests" name="[26] /home/travis/build/icyphy/ptII/ptolemy/domains/de/test/auto/EventToDate.xml (RunModel)" time="3.031" />
  <testcase classname="ptolemy.util.test.junit.AutoTests" name="[27] /home/travis/build/icyphy/ptII/ptolemy/domains/de/test/auto/FSM1.xml (RunModel)" time="0.043" />
  <testcase classname="ptolemy.util.test.junit.AutoTests" name="[28] /home/travis/build/icyphy/ptII/ptolemy/domains/de/test/auto/FSM7.xml (RunModel)" time="0.051" />
  <testcase classname="ptolemy.util.test.junit.AutoTests" name="[29] /home/travis/build/icyphy/ptII/ptolemy/domains/de/test/auto/Inspection.xml (RunModel)" time="0.049" />
  <testcase classname="ptolemy.util.test.junit.AutoTests" name="[30] /home/travis/build/icyphy/ptII/ptolemy/domains/de/test/auto/Iteration.xml (RunModel)" time="0.021" />
  <testcase classname="ptolemy.util.test.junit.AutoTests" name="[31] /home/travis/build/icyphy/ptII/ptolemy/domains/de/test/auto/LineFault.xml (RunModel)" time="0.543" />
  <testcase classname="ptolemy.util.test.junit.AutoTests" name="[32] /home/travis/build/icyphy/ptII/ptolemy/domains/de/test/auto/MergeModel1Add.xml (RunModel)" time="0.045" />
  <testcase classname="ptolemy.util.test.junit.AutoTests" name="[33] /home/travis/build/icyphy/ptII/ptolemy/domains/de/test/auto/MergeModel2Add.xml (RunModel)" time="0.036" />
  <testcase classname="ptolemy.util.test.junit.AutoTests" name="[34] /home/travis/build/icyphy/ptII/ptolemy/domains/de/test/auto/MergeModel3Add.xml (RunModel)" time="0.043" />
  <testcase classname="ptolemy.util.test.junit.AutoTests" name="[35] /home/travis/build/icyphy/ptII/ptolemy/domains/de/test/auto/MergeWithoutDiscard.xml (RunModel)" time="0.014" />
  <testcase classname="ptolemy.util.test.junit.AutoTests" name="[36] /home/travis/build/icyphy/ptII/ptolemy/domains/de/test/auto/Modal1.xml (RunModel)" time="0.028" />
  <testcase classname="ptolemy.util.test.junit.AutoTests" name="[37] /home/travis/build/icyphy/ptII/ptolemy/domains/de/test/auto/Modal2.xml (RunModel)" time="0.032" />
  <testcase classname="ptolemy.util.test.junit.AutoTests" name="[38] /home/travis/build/icyphy/ptII/ptolemy/domains/de/test/auto/Modal3.xml (RunModel)" time="0.03" />
  <testcase classname="ptolemy.util.test.junit.AutoTests" name="[39] /home/travis/build/icyphy/ptII/ptolemy/domains/de/test/auto/Modal4.xml (RunModel)" time="0.029" />
  <testcase classname="ptolemy.util.test.junit.AutoTests" name="[40] /home/travis/build/icyphy/ptII/ptolemy/domains/de/test/auto/Modal5.xml (RunModel)" time="0.033" />
  <testcase classname="ptolemy.util.test.junit.AutoTests" name="[41] /home/travis/build/icyphy/ptII/ptolemy/domains/de/test/auto/Modal6.xml (RunModel)" time="0.026" />
  <testcase classname="ptolemy.util.test.junit.AutoTests" name="[42] /home/travis/build/icyphy/ptII/ptolemy/domains/de/test/auto/Modal7.xml (RunModel)" time="0.024" />
  <testcase classname="ptolemy.util.test.junit.AutoTests" name="[43] /home/travis/build/icyphy/ptII/ptolemy/domains/de/test/auto/ModalModel.xml (RunModel)" time="0.127" />
  <testcase classname="ptolemy.util.test.junit.AutoTests" name="[44] /home/travis/build/icyphy/ptII/ptolemy/domains/de/test/auto/ModalSource.xml (RunModel)" time="0.015" />
  <testcase classname="ptolemy.util.test.junit.AutoTests" name="[45] /home/travis/build/icyphy/ptII/ptolemy/domains/de/test/auto/NonInterruptibleTimerZeroDelay.xml (RunModel)" time="0.01" />
  <testcase classname="ptolemy.util.test.junit.AutoTests" name="[46] /home/travis/build/icyphy/ptII/ptolemy/domains/de/test/auto/OpenQueueingNetwork.xml (RunModel)" time="2.221" />
  <testcase classname="ptolemy.util.test.junit.AutoTests" name="[47] /home/travis/build/icyphy/ptII/ptolemy/domains/de/test/auto/OpenQueuingNetwork.xml (RunModel)" time="0.273" />
  <testcase classname="ptolemy.util.test.junit.AutoTests" name="[48] /home/travis/build/icyphy/ptII/ptolemy/domains/de/test/auto/PeriodicSampler.xml (RunModel)" time="0.007" />
  <testcase classname="ptolemy.util.test.junit.AutoTests" name="[49] /home/travis/build/icyphy/ptII/ptolemy/domains/de/test/auto/PersistentIO.xml (RunModel)" time="0.018" />
  <testcase classname="ptolemy.util.test.junit.AutoTests" name="[50] /home/travis/build/icyphy/ptII/ptolemy/domains/de/test/auto/PortParameterResetOnInitialize.xml (RunModel)" time="0.008" />
  <testcase classname="ptolemy.util.test.junit.AutoTests" name="[51] /home/travis/build/icyphy/ptII/ptolemy/domains/de/test/auto/PortParameterUpdates.xml (RunModel)" time="0.013" />
  <testcase classname="ptolemy.util.test.junit.AutoTests" name="[52] /home/travis/build/icyphy/ptII/ptolemy/domains/de/test/auto/QueueAndServer.xml (RunModel)" time="0.021" />
  <testcase classname="ptolemy.util.test.junit.AutoTests" name="[53] /home/travis/build/icyphy/ptII/ptolemy/domains/de/test/auto/Records.xml (RunModel)" time="0.019" />
  <testcase classname="ptolemy.util.test.junit.AutoTests" name="[54] /home/travis/build/icyphy/ptII/ptolemy/domains/de/test/auto/ResetTransitionWithStartTime1.xml (RunModel)" time="0.018" />
  <testcase classname="ptolemy.util.test.junit.AutoTests" name="[55] /home/travis/build/icyphy/ptII/ptolemy/domains/de/test/auto/ResetTransitionWithStartTime2.xml (RunModel)" time="0.023" />
  <testcase classname="ptolemy.util.test.junit.AutoTests" name="[56] /home/travis/build/icyphy/ptII/ptolemy/domains/de/test/auto/ResetTransitionWithStartTime3.xml (RunModel)" time="0.015" />
  <testcase classname="ptolemy.util.test.junit.AutoTests" name="[57] /home/travis/build/icyphy/ptII/ptolemy/domains/de/test/auto/ResetTransitionWithStartTime4.xml (RunModel)" time="0.016" />
  <testcase classname="ptolemy.util.test.junit.AutoTests" name="[58] /home/travis/build/icyphy/ptII/ptolemy/domains/de/test/auto/ResettableTimer1.xml (RunModel)" time="0.01" />
  <testcase classname="ptolemy.util.test.junit.AutoTests" name="[59] /home/travis/build/icyphy/ptII/ptolemy/domains/de/test/auto/ResettableTimer2.xml (RunModel)" time="0.009" />
  <testcase classname="ptolemy.util.test.junit.AutoTests" name="[60] /home/travis/build/icyphy/ptII/ptolemy/domains/de/test/auto/ResettableTimer3.xml (RunModel)" time="0.008" />
  <testcase classname="ptolemy.util.test.junit.AutoTests" name="[61] /home/travis/build/icyphy/ptII/ptolemy/domains/de/test/auto/ResettableTimer4.xml (RunModel)" time="0.008" />
  <testcase classname="ptolemy.util.test.junit.AutoTests" name="[62] /home/travis/build/icyphy/ptII/ptolemy/domains/de/test/auto/ResettableTimer5.xml (RunModel)" time="0.009" />
  <testcase classname="ptolemy.util.test.junit.AutoTests" name="[63] /home/travis/build/icyphy/ptII/ptolemy/domains/de/test/auto/ResettableTimer6.xml (RunModel)" time="0.009" />
  <testcase classname="ptolemy.util.test.junit.AutoTests" name="[64] /home/travis/build/icyphy/ptII/ptolemy/domains/de/test/auto/ServerZeroDelay.xml (RunModel)" time="0.01" />
  <testcase classname="ptolemy.util.test.junit.AutoTests" name="[65] /home/travis/build/icyphy/ptII/ptolemy/domains/de/test/auto/SmartSender.xml (RunModel)" time="3.008" />
  <testcase classname="ptolemy.util.test.junit.AutoTests" name="[66] /home/travis/build/icyphy/ptII/ptolemy/domains/de/test/auto/ThreadedComposite.xml (RunModel)" time="0.31" />
  <testcase classname="ptolemy.util.test.junit.AutoTests" name="[67] /home/travis/build/icyphy/ptII/ptolemy/domains/de/test/auto/Time.xml (RunModel)" time="0.414" />
  <testcase classname="ptolemy.util.test.junit.AutoTests" name="[68] /home/travis/build/icyphy/ptII/ptolemy/domains/de/test/auto/TimeDelayZeroDelay.xml (RunModel)" time="0.011" />
  <testcase classname="ptolemy.util.test.junit.AutoTests" name="[69] /home/travis/build/icyphy/ptII/ptolemy/domains/de/test/auto/TimerZeroDelay.xml (RunModel)" time="0.009" />
  <testcase classname="ptolemy.util.test.junit.AutoTests" name="[70] /home/travis/build/icyphy/ptII/ptolemy/domains/de/test/auto/TimingParadox.xml (RunModel)" time="0.339" />
  <testcase classname="ptolemy.util.test.junit.AutoTests" name="[71] /home/travis/build/icyphy/ptII/ptolemy/domains/de/test/auto/TransferInputs.xml (RunModel)" time="0.015" />
  <testcase classname="ptolemy.util.test.junit.AutoTests" name="[72] /home/travis/build/icyphy/ptII/ptolemy/domains/de/test/auto/TransferOutputs2.xml (RunModel)" time="0.024" />
  <testcase classname="ptolemy.util.test.junit.AutoTests" name="[73] /home/travis/build/icyphy/ptII/ptolemy/domains/de/test/auto/Trilateration.xml (RunModel)" time="11.367" />
  <testcase classname="ptolemy.util.test.junit.AutoTests" name="[74] /home/travis/build/icyphy/ptII/ptolemy/domains/de/test/auto/TwoSigmaDelta.xml (RunModel)" time="1.979" />
  <testcase classname="ptolemy.util.test.junit.AutoTests" name="[75] /home/travis/build/icyphy/ptII/ptolemy/domains/de/test/auto/VariableDelay.xml (RunModel)" time="0.016" />
  <testcase classname="ptolemy.util.test.junit.AutoTests" name="[76] /home/travis/build/icyphy/ptII/ptolemy/domains/de/test/auto/VariableDelay2.xml (RunModel)" time="0.008" />
  <testcase classname="ptolemy.util.test.junit.AutoTests" name="[77] /home/travis/build/icyphy/ptII/ptolemy/domains/de/test/auto/VariableDelayZeroDelay.xml (RunModel)" time="0.011" />
  <testcase classname="ptolemy.util.test.junit.AutoTests" name="[78] /home/travis/build/icyphy/ptII/ptolemy/domains/de/test/auto/VariableDelayZeroDelay2.xml (RunModel)" time="0.009" />
  <testcase classname="ptolemy.util.test.junit.AutoTests" name="[79] /home/travis/build/icyphy/ptII/ptolemy/domains/de/test/auto/deInCt.xml (RunModel)" time="0.014" />
  <testcase classname="ptolemy.util.test.junit.AutoTests" name="[80] /home/travis/build/icyphy/ptII/ptolemy/domains/de/test/auto/deInCt2.xml (RunModel)" time="0.02" />
  <testcase classname="ptolemy.util.test.junit.AutoTests" name="[81] /home/travis/build/icyphy/ptII/ptolemy/domains/de/test/auto/dynamicCausalityInterface1.xml (RunModel)" time="0.024" />
  <testcase classname="ptolemy.util.test.junit.AutoTests" name="[82] /home/travis/build/icyphy/ptII/ptolemy/domains/de/test/auto/fsm_de_test.xml (RunModel)" time="0.024" />
  <testcase classname="ptolemy.util.test.junit.AutoTests" name="[83] /home/travis/build/icyphy/ptII/ptolemy/domains/de/test/auto/functionDependencyReconstruction.xml (RunModel)" time="0.031" />
  <testcase classname="ptolemy.util.test.junit.AutoTests" name="[84] /home/travis/build/icyphy/ptII/ptolemy/domains/de/test/auto/multirate.xml (RunModel)" time="0.014" />
  <testcase classname="ptolemy.util.test.junit.AutoTests" name="[85] /home/travis/build/icyphy/ptII/ptolemy/domains/de/test/auto/multirate2.xml (RunModel)" time="0.016" />
  <testcase classname="ptolemy.util.test.junit.AutoTests" name="[86] /home/travis/build/icyphy/ptII/ptolemy/domains/de/test/auto/realtime.xml (RunModel)" time="10.01" />
  <testcase classname="ptolemy.util.test.junit.AutoTests" name="[87] /home/travis/build/icyphy/ptII/ptolemy/domains/de/test/auto/relationGroup.xml (RunModel)" time="0.01" />
  <testcase classname="ptolemy.util.test.junit.AutoTests" name="[88] /home/travis/build/icyphy/ptII/ptolemy/domains/de/test/auto/relationGroup2.xml (RunModel)" time="0.009" />
  <testcase classname="ptolemy.util.test.junit.AutoTests" name="[89] /home/travis/build/icyphy/ptII/ptolemy/domains/de/test/auto/sortWithOpaquePorts.xml (RunModel)" time="0.011" />
  <testcase classname="ptolemy.util.test.junit.AutoTests" name="[90] /home/travis/build/icyphy/ptII/ptolemy/domains/de/test/auto/transferInputsandOutputs.xml (RunModel)" time="0.025" />
  <testcase classname="ptolemy.util.test.junit.AutoTests" name="[91] /home/travis/build/icyphy/ptII/ptolemy/domains/de/test/auto/triggerType.xml (RunModel)" time="0.009" />
  <system-out><![CDATA[/home/travis/build/icyphy/ptII/ptolemy/domains/de/test/DependencyLoop.tcl
testDefs.tcl: setting time out to 9000 seconds at Mon May 21 01:13:11 UTC 2018
19 ms. Memory: 116224K Free: 95279K (82%)
9 ms. Memory: 146944K Free: 137446K (94%)
/home/travis/build/icyphy/ptII/ptolemy/domains/de/test/RunDETestsAsQSS.tcl
Run the DE tests using ptolemy.domains.qss.test.QSSDirectorTest, which extends QSSDirector and prints a message in the constructors.
------------------ testing $PTII/ptolemy/domains/de/test/auto/knownFailedTests/dependencyLoop.xml (Known Failure) 
7 ms. Memory: 146944K Free: 133172K (91%)


==== $PTIIhome/travis/build/icyphy/ptII/ptolemy/domains/de/test/../../../../: Auto Automatic test in file $PTII/ptolemy/domains/de/test/auto/knownFailedTests/dependencyLoop.xml
==== Contents of test case:

	    # FIXME: we should use $relativeFilename here, but it
	    # might have backslashes under Windows, which causes no end
	    # of trouble.
	    createAndExecute $file
	    list {}
	
.... Test generated KNOWN error:
    while executing
ptolemy.kernel.util.IllegalActionException: Found a zero delay loop containing .dependencyLoop.original
  in .dependencyLoop and .dependencyLoop.original
	at ptolemy.actor.util.CausalityInterfaceForComposites._computeOutputPortDepth(CausalityInterfaceForComposites.java:759)
	at ptolemy.actor.util.CausalityInterfaceForComposites._computeInputDepth(CausalityInterfaceForComposites.java:696)
	at ptolemy.actor.util.CausalityInterfaceForComposites._computeOutputPortDepth(CausalityInterfaceForComposites.java:765)
	at ptolemy.actor.util.CausalityInterfaceForComposites._computeInputDepth(CausalityInterfaceForComposites.java:696)
	at ptolemy.actor.util.CausalityInterfaceForComposites._computeOutputPortDepth(CausalityInterfaceForComposites.java:765)
	at ptolemy.actor.util.CausalityInterfaceForComposites._computeInputDepth(CausalityInterfaceForComposites.java:696)
	at ptolemy.actor.util.CausalityInterfaceForComposites._computeActorDepth(CausalityInterfaceForComposites.java:532)
	at ptolemy.actor.util.CausalityInterfaceForComposites.checkForCycles(CausalityInterfaceForComposites.java:96)
	at ptolemy.domains.de.kernel.DEDirector.preinitialize(DEDirector.java:1337)
	at ptolemy.actor.CompositeActor.preinitialize(CompositeActor.java:1828)
	at ptolemy.actor.Manager.preinitializeAndResolveTypes(Manager.java:1040)
	at ptolemy.actor.Manager.initialize(Manager.java:710)
	at ptolemy.actor.Manager.execute(Manager.java:356)
	at ptolemy.actor.Manager.run(Manager.java:1263)
	at ptolemy.actor.Manager$PtolemyRunThread.run(Manager.java:1915)

    while executing
ptolemy.kernel.util.IllegalActionException: Found a zero delay loop containing .dependencyLoop.original
  in .dependencyLoop and .dependencyLoop.original
    while executing
"java::new ptolemy.moml.MoMLSimpleApplication $file
"
    (procedure "createAndExecute" line 2)
    invoked from within
"createAndExecute $file"
    ("uplevel" body line 5)
    invoked from within
"uplevel $contents_of_test"
------------------ testing $PTII/ptolemy/domains/de/test/auto/knownFailedTests/DESDFClockTest.xml (Known Failure) 
2072 ms. Memory: 146944K Free: 117846K (80%)


==== $PTIIhome/travis/build/icyphy/ptII/ptolemy/domains/de/test/../../../../: Auto Automatic test in file $PTII/ptolemy/domains/de/test/auto/knownFailedTests/DESDFClockTest.xml
==== Contents of test case:

	    # FIXME: we should use $relativeFilename here, but it
	    # might have backslashes under Windows, which causes no end
	    # of trouble.
	    createAndExecute $file
	    list {}
	
.... Test generated KNOWN error:
    while executing
ptolemy.kernel.util.IllegalActionException: Actor is not ready to fire.  Perhaps UpSample.prefire() returned false? Try debugging the actor by selecting "Listen to Actor".  Also, for SDF check moml for tokenConsumptionRate on input.
  in .DESDFClockTest.Play Bell.Copy1:SDF Director and .DESDFClockTest.Play Bell.UpSample
	at ptolemy.actor.sched.StaticSchedulingDirector.fire(StaticSchedulingDirector.java:227)
	at ptolemy.domains.sdf.kernel.SDFDirector.fire(SDFDirector.java:500)
	at ptolemy.actor.CompositeActor.fire(CompositeActor.java:455)
	at ptolemy.domains.de.kernel.DEDirector._fire(DEDirector.java:1948)
	at ptolemy.domains.de.kernel.DEDirector.fire(DEDirector.java:502)
	at ptolemy.actor.CompositeActor.fire(CompositeActor.java:455)
	at ptolemy.actor.Manager.iterate(Manager.java:851)
	at ptolemy.actor.Manager.execute(Manager.java:369)
	at ptolemy.actor.Manager.run(Manager.java:1263)
	at ptolemy.actor.Manager$PtolemyRunThread.run(Manager.java:1915)

    while executing
ptolemy.kernel.util.IllegalActionException: Actor is not ready to fire.  Perhaps UpSample.prefire() returned false? Try debugging the actor by selecting "Listen to Actor".  Also, for SDF check moml for tokenConsumptionRate on input.
  in .DESDFClockTest.Play Bell.Copy1:SDF Director and .DESDFClockTest.Play Bell.UpSample
    while executing
"java::new ptolemy.moml.MoMLSimpleApplication $file
"
    (procedure "createAndExecute" line 2)
    invoked from within
"createAndExecute $file"
    ("uplevel" body line 5)
    invoked from within
"uplevel $contents_of_test"
------------------ testing $PTII/ptolemy/domains/de/test/auto/knownFailedTests/FSMSource.xml (Known Failure) 
21 ms. Memory: 146944K Free: 108338K (74%)
!!!! Auto was marked as failing, but now passes
------------------ testing $PTII/ptolemy/domains/de/test/auto/knownFailedTests/dependencyLoop2.xml (Known Failure) 
6 ms. Memory: 146944K Free: 106478K (72%)


==== $PTIIhome/travis/build/icyphy/ptII/ptolemy/domains/de/test/../../../../: Auto Automatic test in file $PTII/ptolemy/domains/de/test/auto/knownFailedTests/dependencyLoop2.xml
==== Contents of test case:

	    # FIXME: we should use $relativeFilename here, but it
	    # might have backslashes under Windows, which causes no end
	    # of trouble.
	    createAndExecute $file
	    list {}
	
.... Test generated KNOWN error:
    while executing
ptolemy.kernel.util.IllegalActionException: Found a zero delay loop containing .dependencyLoop2.original
  in .dependencyLoop2 and .dependencyLoop2.original
	at ptolemy.actor.util.CausalityInterfaceForComposites._computeOutputPortDepth(CausalityInterfaceForComposites.java:759)
	at ptolemy.actor.util.CausalityInterfaceForComposites._computeInputDepth(CausalityInterfaceForComposites.java:696)
	at ptolemy.actor.util.CausalityInterfaceForComposites._computeOutputPortDepth(CausalityInterfaceForComposites.java:765)
	at ptolemy.actor.util.CausalityInterfaceForComposites._computeInputDepth(CausalityInterfaceForComposites.java:696)
	at ptolemy.actor.util.CausalityInterfaceForComposites._computeOutputPortDepth(CausalityInterfaceForComposites.java:765)
	at ptolemy.actor.util.CausalityInterfaceForComposites._computeInputDepth(CausalityInterfaceForComposites.java:696)
	at ptolemy.actor.util.CausalityInterfaceForComposites._computeActorDepth(CausalityInterfaceForComposites.java:532)
	at ptolemy.actor.util.CausalityInterfaceForComposites.checkForCycles(CausalityInterfaceForComposites.java:96)
	at ptolemy.domains.de.kernel.DEDirector.preinitialize(DEDirector.java:1337)
	at ptolemy.actor.CompositeActor.preinitialize(CompositeActor.java:1828)
	at ptolemy.actor.Manager.preinitializeAndResolveTypes(Manager.java:1040)
	at ptolemy.actor.Manager.initialize(Manager.java:710)
	at ptolemy.actor.Manager.execute(Manager.java:356)
	at ptolemy.actor.Manager.run(Manager.java:1263)
	at ptolemy.actor.Manager$PtolemyRunThread.run(Manager.java:1915)

    while executing
ptolemy.kernel.util.IllegalActionException: Found a zero delay loop containing .dependencyLoop2.original
  in .dependencyLoop2 and .dependencyLoop2.original
    while executing
"java::new ptolemy.moml.MoMLSimpleApplication $file
"
    (procedure "createAndExecute" line 2)
    invoked from within
"createAndExecute $file"
    ("uplevel" body line 5)
    invoked from within
"uplevel $contents_of_test"
------------------ testing $PTII/ptolemy/domains/de/test/auto/knownFailedTests/HierarchicalModel.xml (Known Failure) 
6 ms. Memory: 146944K Free: 84907K (58%)


==== $PTIIhome/travis/build/icyphy/ptII/ptolemy/domains/de/test/../../../../: Auto Automatic test in file $PTII/ptolemy/domains/de/test/auto/knownFailedTests/HierarchicalModel.xml
==== Contents of test case:

	    # FIXME: we should use $relativeFilename here, but it
	    # might have backslashes under Windows, which causes no end
	    # of trouble.
	    createAndExecute $file
	    list {}
	
.... Test generated KNOWN error:
    while executing
ptolemy.kernel.util.IllegalActionException: Found a zero delay loop containing .HierarchicalModel.A
  in .HierarchicalModel and .HierarchicalModel.A
	at ptolemy.actor.util.CausalityInterfaceForComposites._computeOutputPortDepth(CausalityInterfaceForComposites.java:759)
	at ptolemy.actor.util.CausalityInterfaceForComposites._computeInputDepth(CausalityInterfaceForComposites.java:696)
	at ptolemy.actor.util.CausalityInterfaceForComposites._computeOutputPortDepth(CausalityInterfaceForComposites.java:765)
	at ptolemy.actor.util.CausalityInterfaceForComposites._computeInputDepth(CausalityInterfaceForComposites.java:696)
	at ptolemy.actor.util.CausalityInterfaceForComposites._computeOutputPortDepth(CausalityInterfaceForComposites.java:765)
	at ptolemy.actor.util.CausalityInterfaceForComposites._computeInputDepth(CausalityInterfaceForComposites.java:696)
	at ptolemy.actor.util.CausalityInterfaceForComposites._computeActorDepth(CausalityInterfaceForComposites.java:532)
	at ptolemy.actor.util.CausalityInterfaceForComposites.checkForCycles(CausalityInterfaceForComposites.java:96)
	at ptolemy.domains.de.kernel.DEDirector.preinitialize(DEDirector.java:1337)
	at ptolemy.actor.CompositeActor.preinitialize(CompositeActor.java:1828)
	at ptolemy.actor.Manager.preinitializeAndResolveTypes(Manager.java:1040)
	at ptolemy.actor.Manager.initialize(Manager.java:710)
	at ptolemy.actor.Manager.execute(Manager.java:356)
	at ptolemy.actor.Manager.run(Manager.java:1263)
	at ptolemy.actor.Manager$PtolemyRunThread.run(Manager.java:1915)

    while executing
ptolemy.kernel.util.IllegalActionException: Found a zero delay loop containing .HierarchicalModel.A
  in .HierarchicalModel and .HierarchicalModel.A
    while executing
"java::new ptolemy.moml.MoMLSimpleApplication $file
"
    (procedure "createAndExecute" line 2)
    invoked from within
"createAndExecute $file"
    ("uplevel" body line 5)
    invoked from within
"uplevel $contents_of_test"
------------------ testing $PTII/ptolemy/domains/de/test/auto/knownFailedTests/DirectFeedback.xml (Known Failure) 
19 ms. Memory: 146944K Free: 142326K (97%)


==== $PTIIhome/travis/build/icyphy/ptII/ptolemy/domains/de/test/../../../../: Auto Automatic test in file $PTII/ptolemy/domains/de/test/auto/knownFailedTests/DirectFeedback.xml
==== Contents of test case:

	    # FIXME: we should use $relativeFilename here, but it
	    # might have backslashes under Windows, which causes no end
	    # of trouble.
	    createAndExecute $file
	    list {}
	
.... Test generated KNOWN error:
    while executing
ptolemy.kernel.util.IllegalActionException: Test fails in iteration 1.
Value was: 1.0. Should have been: 2.0
  in .DirectFeedback.Test
	at ptolemy.actor.lib.Test.fire(Test.java:268)
	at ptolemy.domains.de.kernel.DEDirector._fire(DEDirector.java:1948)
	at ptolemy.domains.de.kernel.DEDirector.fire(DEDirector.java:502)
	at ptolemy.actor.CompositeActor.fire(CompositeActor.java:455)
	at ptolemy.actor.Manager.iterate(Manager.java:851)
	at ptolemy.actor.Manager.execute(Manager.java:369)
	at ptolemy.actor.Manager.run(Manager.java:1263)
	at ptolemy.actor.Manager$PtolemyRunThread.run(Manager.java:1915)

    while executing
ptolemy.kernel.util.IllegalActionException: Test fails in iteration 1.
Value was: 1.0. Should have been: 2.0
  in .DirectFeedback.Test
    while executing
"java::new ptolemy.moml.MoMLSimpleApplication $file
"
    (procedure "createAndExecute" line 2)
    invoked from within
"createAndExecute $file"
    ("uplevel" body line 5)
    invoked from within
"uplevel $contents_of_test"
------------------ testing $PTII/ptolemy/domains/de/test/auto/ActorDepthCalculation_actorWithoutPorts.xml
auto.tcl: Setting watchdog for 200 seconds at Mon May 21 01:13:14 UTC 2018
6 ms. Memory: 146944K Free: 133713K (91%)
ptolemy.util.test.WatchDog.cancel(): canceling Mon May 21 01:13:14 UTC 2018
auto.tcl: Setting watchdog for 200 seconds at Mon May 21 01:13:14 UTC 2018
4 ms. Memory: 146944K Free: 131663K (90%)
ptolemy.util.test.WatchDog.cancel(): canceling Mon May 21 01:13:14 UTC 2018
------------------ testing $PTII/ptolemy/domains/de/test/auto/AssemblyLine.xml
auto.tcl: Setting watchdog for 200 seconds at Mon May 21 01:13:14 UTC 2018
22 ms. Memory: 208384K Free: 182875K (88%)
ptolemy.util.test.WatchDog.cancel(): canceling Mon May 21 01:13:14 UTC 2018
auto.tcl: Setting watchdog for 200 seconds at Mon May 21 01:13:14 UTC 2018
9 ms. Memory: 208384K Free: 182875K (88%)
ptolemy.util.test.WatchDog.cancel(): canceling Mon May 21 01:13:14 UTC 2018
------------------ testing $PTII/ptolemy/domains/de/test/auto/CQBug1.xml
auto.tcl: Setting watchdog for 200 seconds at Mon May 21 01:13:15 UTC 2018
3 ms. Memory: 208384K Free: 197734K (95%)
ptolemy.util.test.WatchDog.cancel(): canceling Mon May 21 01:13:15 UTC 2018
auto.tcl: Setting watchdog for 200 seconds at Mon May 21 01:13:15 UTC 2018
2 ms. Memory: 208384K Free: 197734K (95%)
ptolemy.util.test.WatchDog.cancel(): canceling Mon May 21 01:13:15 UTC 2018
------------------ testing $PTII/ptolemy/domains/de/test/auto/CancelFireAt.xml
auto.tcl: Setting watchdog for 200 seconds at Mon May 21 01:13:15 UTC 2018
4 ms. Memory: 208384K Free: 201448K (97%)
ptolemy.util.test.WatchDog.cancel(): canceling Mon May 21 01:13:15 UTC 2018
auto.tcl: Setting watchdog for 200 seconds at Mon May 21 01:13:15 UTC 2018
9 ms. Memory: 208384K Free: 199354K (96%)
ptolemy.util.test.WatchDog.cancel(): canceling Mon May 21 01:13:15 UTC 2018
------------------ testing $PTII/ptolemy/domains/de/test/auto/CausalityAndComposabilityAnalysis.xml
auto.tcl: Setting watchdog for 200 seconds at Mon May 21 01:13:15 UTC 2018
8 ms. Memory: 208384K Free: 196859K (94%)
ptolemy.util.test.WatchDog.cancel(): canceling Mon May 21 01:13:15 UTC 2018
auto.tcl: Setting watchdog for 200 seconds at Mon May 21 01:13:15 UTC 2018
6 ms. Memory: 208384K Free: 196859K (94%)
ptolemy.util.test.WatchDog.cancel(): canceling Mon May 21 01:13:15 UTC 2018
------------------ testing $PTII/ptolemy/domains/de/test/auto/CausalityInterface1.xml
auto.tcl: Setting watchdog for 200 seconds at Mon May 21 01:13:15 UTC 2018
25 ms. Memory: 208384K Free: 196460K (94%)
ptolemy.util.test.WatchDog.cancel(): canceling Mon May 21 01:13:15 UTC 2018
auto.tcl: Setting watchdog for 200 seconds at Mon May 21 01:13:15 UTC 2018
4 ms. Memory: 208384K Free: 196460K (94%)
ptolemy.util.test.WatchDog.cancel(): canceling Mon May 21 01:13:15 UTC 2018
------------------ testing $PTII/ptolemy/domains/de/test/auto/CausalityInterface15.xml
auto.tcl: Setting watchdog for 200 seconds at Mon May 21 01:13:15 UTC 2018
25 ms. Memory: 208384K Free: 196449K (94%)
ptolemy.util.test.WatchDog.cancel(): canceling Mon May 21 01:13:15 UTC 2018
auto.tcl: Setting watchdog for 200 seconds at Mon May 21 01:13:15 UTC 2018
4 ms. Memory: 208384K Free: 194356K (93%)
ptolemy.util.test.WatchDog.cancel(): canceling Mon May 21 01:13:15 UTC 2018
------------------ testing $PTII/ptolemy/domains/de/test/auto/CausalityInterface2.xml
auto.tcl: Setting watchdog for 200 seconds at Mon May 21 01:13:15 UTC 2018
8 ms. Memory: 208384K Free: 196432K (94%)
ptolemy.util.test.WatchDog.cancel(): canceling Mon May 21 01:13:15 UTC 2018
auto.tcl: Setting watchdog for 200 seconds at Mon May 21 01:13:15 UTC 2018
4 ms. Memory: 208384K Free: 196432K (94%)
ptolemy.util.test.WatchDog.cancel(): canceling Mon May 21 01:13:15 UTC 2018
------------------ testing $PTII/ptolemy/domains/de/test/auto/CausalityInterface3.xml
auto.tcl: Setting watchdog for 200 seconds at Mon May 21 01:13:15 UTC 2018
3 ms. Memory: 208384K Free: 196446K (94%)
ptolemy.util.test.WatchDog.cancel(): canceling Mon May 21 01:13:15 UTC 2018
auto.tcl: Setting watchdog for 200 seconds at Mon May 21 01:13:15 UTC 2018
8 ms. Memory: 208384K Free: 196446K (94%)
ptolemy.util.test.WatchDog.cancel(): canceling Mon May 21 01:13:15 UTC 2018
------------------ testing $PTII/ptolemy/domains/de/test/auto/ClockDrift.xml
auto.tcl: Setting watchdog for 200 seconds at Mon May 21 01:13:15 UTC 2018
91 ms. Memory: 208384K Free: 187698K (90%)
ptolemy.util.test.WatchDog.cancel(): canceling Mon May 21 01:13:15 UTC 2018
auto.tcl: Setting watchdog for 200 seconds at Mon May 21 01:13:15 UTC 2018
60 ms. Memory: 208384K Free: 185604K (89%)
ptolemy.util.test.WatchDog.cancel(): canceling Mon May 21 01:13:16 UTC 2018
------------------ testing $PTII/ptolemy/domains/de/test/auto/ClockDriftAndValueChange.xml
auto.tcl: Setting watchdog for 200 seconds at Mon May 21 01:13:16 UTC 2018
47 ms. Memory: 208384K Free: 187526K (90%)
ptolemy.util.test.WatchDog.cancel(): canceling Mon May 21 01:13:16 UTC 2018
auto.tcl: Setting watchdog for 200 seconds at Mon May 21 01:13:16 UTC 2018
29 ms. Memory: 208384K Free: 185432K (89%)
ptolemy.util.test.WatchDog.cancel(): canceling Mon May 21 01:13:16 UTC 2018
------------------ testing $PTII/ptolemy/domains/de/test/auto/ClockDriftChange.xml
auto.tcl: Setting watchdog for 200 seconds at Mon May 21 01:13:16 UTC 2018
19 ms. Memory: 208384K Free: 190847K (92%)
ptolemy.util.test.WatchDog.cancel(): canceling Mon May 21 01:13:16 UTC 2018
auto.tcl: Setting watchdog for 200 seconds at Mon May 21 01:13:16 UTC 2018
21 ms. Memory: 208384K Free: 188754K (91%)
ptolemy.util.test.WatchDog.cancel(): canceling Mon May 21 01:13:16 UTC 2018
------------------ testing $PTII/ptolemy/domains/de/test/auto/ComposableCausalityAnalysis.xml
auto.tcl: Setting watchdog for 200 seconds at Mon May 21 01:13:16 UTC 2018
3 ms. Memory: 208384K Free: 196299K (94%)
ptolemy.util.test.WatchDog.cancel(): canceling Mon May 21 01:13:16 UTC 2018
auto.tcl: Setting watchdog for 200 seconds at Mon May 21 01:13:16 UTC 2018
1 ms. Memory: 208384K Free: 194206K (93%)
ptolemy.util.test.WatchDog.cancel(): canceling Mon May 21 01:13:16 UTC 2018
------------------ testing $PTII/ptolemy/domains/de/test/auto/DEFixedPointLimitation.xml
auto.tcl: Setting watchdog for 200 seconds at Mon May 21 01:13:16 UTC 2018
1 ms. Memory: 208384K Free: 196380K (94%)
ptolemy.util.test.WatchDog.cancel(): canceling Mon May 21 01:13:16 UTC 2018
auto.tcl: Setting watchdog for 200 seconds at Mon May 21 01:13:16 UTC 2018
2 ms. Memory: 208384K Free: 196380K (94%)
ptolemy.util.test.WatchDog.cancel(): canceling Mon May 21 01:13:16 UTC 2018
------------------ testing $PTII/ptolemy/domains/de/test/auto/DEScheduleTest.xml
auto.tcl: Setting watchdog for 200 seconds at Mon May 21 01:13:16 UTC 2018
5 ms. Memory: 208384K Free: 198508K (95%)
ptolemy.util.test.WatchDog.cancel(): canceling Mon May 21 01:13:16 UTC 2018
auto.tcl: Setting watchdog for 200 seconds at Mon May 21 01:13:16 UTC 2018
5 ms. Memory: 208384K Free: 196415K (94%)
ptolemy.util.test.WatchDog.cancel(): canceling Mon May 21 01:13:16 UTC 2018
------------------ testing $PTII/ptolemy/domains/de/test/auto/DEinDEwithStartTimes.xml
auto.tcl: Setting watchdog for 200 seconds at Mon May 21 01:13:16 UTC 2018
6 ms. Memory: 208384K Free: 196384K (94%)
ptolemy.util.test.WatchDog.cancel(): canceling Mon May 21 01:13:16 UTC 2018
auto.tcl: Setting watchdog for 200 seconds at Mon May 21 01:13:16 UTC 2018
5 ms. Memory: 208384K Free: 194291K (93%)
ptolemy.util.test.WatchDog.cancel(): canceling Mon May 21 01:13:16 UTC 2018
------------------ testing $PTII/ptolemy/domains/de/test/auto/DEinDEwithStartTimes2.xml
auto.tcl: Setting watchdog for 200 seconds at Mon May 21 01:13:16 UTC 2018
4 ms. Memory: 208384K Free: 196364K (94%)
ptolemy.util.test.WatchDog.cancel(): canceling Mon May 21 01:13:16 UTC 2018
auto.tcl: Setting watchdog for 200 seconds at Mon May 21 01:13:16 UTC 2018
4 ms. Memory: 208384K Free: 194271K (93%)
ptolemy.util.test.WatchDog.cancel(): canceling Mon May 21 01:13:16 UTC 2018
------------------ testing $PTII/ptolemy/domains/de/test/auto/DateDemo.xml
auto.tcl: Setting watchdog for 200 seconds at Mon May 21 01:13:16 UTC 2018
16 ms. Memory: 208384K Free: 188830K (91%)
ptolemy.util.test.WatchDog.cancel(): canceling Mon May 21 01:13:16 UTC 2018
auto.tcl: Setting watchdog for 200 seconds at Mon May 21 01:13:16 UTC 2018
6 ms. Memory: 208384K Free: 186737K (90%)
ptolemy.util.test.WatchDog.cancel(): canceling Mon May 21 01:13:16 UTC 2018
------------------ testing $PTII/ptolemy/domains/de/test/auto/DateToEvent.xml
auto.tcl: Setting watchdog for 200 seconds at Mon May 21 01:13:17 UTC 2018
2010 ms. Memory: 208384K Free: 183557K (88%)
ptolemy.util.test.WatchDog.cancel(): canceling Mon May 21 01:13:19 UTC 2018
auto.tcl: Setting watchdog for 200 seconds at Mon May 21 01:13:19 UTC 2018
2008 ms. Memory: 208384K Free: 183557K (88%)
ptolemy.util.test.WatchDog.cancel(): canceling Mon May 21 01:13:21 UTC 2018
------------------ testing $PTII/ptolemy/domains/de/test/auto/DepthTest1.xml
auto.tcl: Setting watchdog for 200 seconds at Mon May 21 01:13:21 UTC 2018
3 ms. Memory: 208384K Free: 198374K (95%)
ptolemy.util.test.WatchDog.cancel(): canceling Mon May 21 01:13:21 UTC 2018
auto.tcl: Setting watchdog for 200 seconds at Mon May 21 01:13:21 UTC 2018
2 ms. Memory: 208384K Free: 198374K (95%)
ptolemy.util.test.WatchDog.cancel(): canceling Mon May 21 01:13:21 UTC 2018
------------------ testing $PTII/ptolemy/domains/de/test/auto/DepthTest2.xml
auto.tcl: Setting watchdog for 200 seconds at Mon May 21 01:13:21 UTC 2018
5 ms. Memory: 208384K Free: 194251K (93%)
ptolemy.util.test.WatchDog.cancel(): canceling Mon May 21 01:13:21 UTC 2018
auto.tcl: Setting watchdog for 200 seconds at Mon May 21 01:13:21 UTC 2018
7 ms. Memory: 208384K Free: 194251K (93%)
ptolemy.util.test.WatchDog.cancel(): canceling Mon May 21 01:13:21 UTC 2018
------------------ testing $PTII/ptolemy/domains/de/test/auto/DepthTest3.xml
auto.tcl: Setting watchdog for 200 seconds at Mon May 21 01:13:21 UTC 2018
3 ms. Memory: 208384K Free: 198707K (95%)
ptolemy.util.test.WatchDog.cancel(): canceling Mon May 21 01:13:21 UTC 2018
auto.tcl: Setting watchdog for 200 seconds at Mon May 21 01:13:21 UTC 2018
1 ms. Memory: 208384K Free: 198707K (95%)
ptolemy.util.test.WatchDog.cancel(): canceling Mon May 21 01:13:21 UTC 2018
------------------ testing $PTII/ptolemy/domains/de/test/auto/DepthTest4.xml
auto.tcl: Setting watchdog for 200 seconds at Mon May 21 01:13:21 UTC 2018
3 ms. Memory: 208384K Free: 196364K (94%)
ptolemy.util.test.WatchDog.cancel(): canceling Mon May 21 01:13:21 UTC 2018
auto.tcl: Setting watchdog for 200 seconds at Mon May 21 01:13:21 UTC 2018
2 ms. Memory: 208384K Free: 196364K (94%)
ptolemy.util.test.WatchDog.cancel(): canceling Mon May 21 01:13:21 UTC 2018
------------------ testing $PTII/ptolemy/domains/de/test/auto/DepthTest5.xml
auto.tcl: Setting watchdog for 200 seconds at Mon May 21 01:13:21 UTC 2018
6 ms. Memory: 208384K Free: 196310K (94%)
ptolemy.util.test.WatchDog.cancel(): canceling Mon May 21 01:13:21 UTC 2018
auto.tcl: Setting watchdog for 200 seconds at Mon May 21 01:13:21 UTC 2018
2 ms. Memory: 208384K Free: 196310K (94%)
ptolemy.util.test.WatchDog.cancel(): canceling Mon May 21 01:13:21 UTC 2018
------------------ testing $PTII/ptolemy/domains/de/test/auto/DepthTest6.xml
auto.tcl: Setting watchdog for 200 seconds at Mon May 21 01:13:21 UTC 2018
5 ms. Memory: 208384K Free: 196287K (94%)
ptolemy.util.test.WatchDog.cancel(): canceling Mon May 21 01:13:21 UTC 2018
auto.tcl: Setting watchdog for 200 seconds at Mon May 21 01:13:21 UTC 2018
2 ms. Memory: 208384K Free: 196287K (94%)
ptolemy.util.test.WatchDog.cancel(): canceling Mon May 21 01:13:21 UTC 2018
------------------ testing $PTII/ptolemy/domains/de/test/auto/DepthTest7.xml
auto.tcl: Setting watchdog for 200 seconds at Mon May 21 01:13:21 UTC 2018
3 ms. Memory: 208384K Free: 196268K (94%)
ptolemy.util.test.WatchDog.cancel(): canceling Mon May 21 01:13:21 UTC 2018
auto.tcl: Setting watchdog for 200 seconds at Mon May 21 01:13:21 UTC 2018
2 ms. Memory: 208384K Free: 196268K (94%)
ptolemy.util.test.WatchDog.cancel(): canceling Mon May 21 01:13:21 UTC 2018
------------------ testing $PTII/ptolemy/domains/de/test/auto/EventToDate.xml
auto.tcl: Setting watchdog for 200 seconds at Mon May 21 01:13:21 UTC 2018
3012 ms. Memory: 208384K Free: 183365K (88%)
ptolemy.util.test.WatchDog.cancel(): canceling Mon May 21 01:13:24 UTC 2018
auto.tcl: Setting watchdog for 200 seconds at Mon May 21 01:13:24 UTC 2018
3004 ms. Memory: 208384K Free: 183365K (88%)
ptolemy.util.test.WatchDog.cancel(): canceling Mon May 21 01:13:27 UTC 2018
------------------ testing $PTII/ptolemy/domains/de/test/auto/FSM1.xml
auto.tcl: Setting watchdog for 200 seconds at Mon May 21 01:13:27 UTC 2018
28 ms. Memory: 208384K Free: 187240K (90%)
ptolemy.util.test.WatchDog.cancel(): canceling Mon May 21 01:13:27 UTC 2018
auto.tcl: Setting watchdog for 200 seconds at Mon May 21 01:13:27 UTC 2018
30 ms. Memory: 208384K Free: 185147K (89%)
ptolemy.util.test.WatchDog.cancel(): canceling Mon May 21 01:13:27 UTC 2018
------------------ testing $PTII/ptolemy/domains/de/test/auto/FSM7.xml
auto.tcl: Setting watchdog for 200 seconds at Mon May 21 01:13:27 UTC 2018
13 ms. Memory: 208384K Free: 187782K (90%)
ptolemy.util.test.WatchDog.cancel(): canceling Mon May 21 01:13:27 UTC 2018
auto.tcl: Setting watchdog for 200 seconds at Mon May 21 01:13:27 UTC 2018
13 ms. Memory: 208384K Free: 185351K (89%)
ptolemy.util.test.WatchDog.cancel(): canceling Mon May 21 01:13:27 UTC 2018
------------------ testing $PTII/ptolemy/domains/de/test/auto/Inspection.xml
auto.tcl: Setting watchdog for 200 seconds at Mon May 21 01:13:28 UTC 2018
28 ms. Memory: 208384K Free: 188660K (91%)
ptolemy.util.test.WatchDog.cancel(): canceling Mon May 21 01:13:28 UTC 2018
auto.tcl: Setting watchdog for 200 seconds at Mon May 21 01:13:28 UTC 2018
27 ms. Memory: 208384K Free: 186567K (90%)
ptolemy.util.test.WatchDog.cancel(): canceling Mon May 21 01:13:28 UTC 2018
------------------ testing $PTII/ptolemy/domains/de/test/auto/Iteration.xml
auto.tcl: Setting watchdog for 200 seconds at Mon May 21 01:13:28 UTC 2018
10 ms. Memory: 208384K Free: 193983K (93%)
ptolemy.util.test.WatchDog.cancel(): canceling Mon May 21 01:13:28 UTC 2018
auto.tcl: Setting watchdog for 200 seconds at Mon May 21 01:13:28 UTC 2018
6 ms. Memory: 208384K Free: 193983K (93%)
ptolemy.util.test.WatchDog.cancel(): canceling Mon May 21 01:13:28 UTC 2018
------------------ testing $PTII/ptolemy/domains/de/test/auto/LineFault.xml
auto.tcl: Setting watchdog for 200 seconds at Mon May 21 01:13:28 UTC 2018
654 ms. Memory: 208384K Free: 196175K (94%)
ptolemy.util.test.WatchDog.cancel(): canceling Mon May 21 01:13:29 UTC 2018
auto.tcl: Setting watchdog for 200 seconds at Mon May 21 01:13:29 UTC 2018
564 ms. Memory: 208384K Free: 139026K (67%)
ptolemy.util.test.WatchDog.cancel(): canceling Mon May 21 01:13:29 UTC 2018
------------------ testing $PTII/ptolemy/domains/de/test/auto/MergeModel1Add.xml
auto.tcl: Setting watchdog for 200 seconds at Mon May 21 01:13:29 UTC 2018
30 ms. Memory: 331264K Free: 302602K (91%)
ptolemy.util.test.WatchDog.cancel(): canceling Mon May 21 01:13:29 UTC 2018
auto.tcl: Setting watchdog for 200 seconds at Mon May 21 01:13:29 UTC 2018
13 ms. Memory: 331264K Free: 298643K (90%)
ptolemy.util.test.WatchDog.cancel(): canceling Mon May 21 01:13:29 UTC 2018
------------------ testing $PTII/ptolemy/domains/de/test/auto/MergeModel2Add.xml
auto.tcl: Setting watchdog for 200 seconds at Mon May 21 01:13:30 UTC 2018
9 ms. Memory: 331264K Free: 303940K (92%)
ptolemy.util.test.WatchDog.cancel(): canceling Mon May 21 01:13:30 UTC 2018
auto.tcl: Setting watchdog for 200 seconds at Mon May 21 01:13:30 UTC 2018
12 ms. Memory: 331264K Free: 299981K (91%)
ptolemy.util.test.WatchDog.cancel(): canceling Mon May 21 01:13:30 UTC 2018
------------------ testing $PTII/ptolemy/domains/de/test/auto/MergeModel3Add.xml
auto.tcl: Setting watchdog for 200 seconds at Mon May 21 01:13:30 UTC 2018
15 ms. Memory: 331264K Free: 303951K (92%)
ptolemy.util.test.WatchDog.cancel(): canceling Mon May 21 01:13:30 UTC 2018
auto.tcl: Setting watchdog for 200 seconds at Mon May 21 01:13:30 UTC 2018
10 ms. Memory: 331264K Free: 299992K (91%)
ptolemy.util.test.WatchDog.cancel(): canceling Mon May 21 01:13:30 UTC 2018
------------------ testing $PTII/ptolemy/domains/de/test/auto/MergeWithoutDiscard.xml
auto.tcl: Setting watchdog for 200 seconds at Mon May 21 01:13:30 UTC 2018
2 ms. Memory: 331264K Free: 320070K (97%)
ptolemy.util.test.WatchDog.cancel(): canceling Mon May 21 01:13:30 UTC 2018
auto.tcl: Setting watchdog for 200 seconds at Mon May 21 01:13:30 UTC 2018
1 ms. Memory: 331264K Free: 316110K (95%)
ptolemy.util.test.WatchDog.cancel(): canceling Mon May 21 01:13:30 UTC 2018
------------------ testing $PTII/ptolemy/domains/de/test/auto/Modal1.xml
auto.tcl: Setting watchdog for 200 seconds at Mon May 21 01:13:30 UTC 2018
20 ms. Memory: 331264K Free: 309706K (93%)
ptolemy.util.test.WatchDog.cancel(): canceling Mon May 21 01:13:30 UTC 2018
auto.tcl: Setting watchdog for 200 seconds at Mon May 21 01:13:30 UTC 2018
17 ms. Memory: 331264K Free: 305747K (92%)
ptolemy.util.test.WatchDog.cancel(): canceling Mon May 21 01:13:30 UTC 2018
------------------ testing $PTII/ptolemy/domains/de/test/auto/Modal2.xml
auto.tcl: Setting watchdog for 200 seconds at Mon May 21 01:13:30 UTC 2018
15 ms. Memory: 331264K Free: 309580K (93%)
ptolemy.util.test.WatchDog.cancel(): canceling Mon May 21 01:13:30 UTC 2018
auto.tcl: Setting watchdog for 200 seconds at Mon May 21 01:13:30 UTC 2018
16 ms. Memory: 331264K Free: 305621K (92%)
ptolemy.util.test.WatchDog.cancel(): canceling Mon May 21 01:13:30 UTC 2018
------------------ testing $PTII/ptolemy/domains/de/test/auto/Modal3.xml
auto.tcl: Setting watchdog for 200 seconds at Mon May 21 01:13:30 UTC 2018
9 ms. Memory: 331264K Free: 309579K (93%)
ptolemy.util.test.WatchDog.cancel(): canceling Mon May 21 01:13:30 UTC 2018
auto.tcl: Setting watchdog for 200 seconds at Mon May 21 01:13:30 UTC 2018
9 ms. Memory: 331264K Free: 305620K (92%)
ptolemy.util.test.WatchDog.cancel(): canceling Mon May 21 01:13:30 UTC 2018
------------------ testing $PTII/ptolemy/domains/de/test/auto/Modal4.xml
auto.tcl: Setting watchdog for 200 seconds at Mon May 21 01:13:30 UTC 2018
11 ms. Memory: 331264K Free: 309592K (93%)
ptolemy.util.test.WatchDog.cancel(): canceling Mon May 21 01:13:30 UTC 2018
auto.tcl: Setting watchdog for 200 seconds at Mon May 21 01:13:30 UTC 2018
12 ms. Memory: 331264K Free: 305633K (92%)
ptolemy.util.test.WatchDog.cancel(): canceling Mon May 21 01:13:30 UTC 2018
------------------ testing $PTII/ptolemy/domains/de/test/auto/Modal5.xml
auto.tcl: Setting watchdog for 200 seconds at Mon May 21 01:13:30 UTC 2018
12 ms. Memory: 331264K Free: 309579K (93%)
ptolemy.util.test.WatchDog.cancel(): canceling Mon May 21 01:13:30 UTC 2018
auto.tcl: Setting watchdog for 200 seconds at Mon May 21 01:13:30 UTC 2018
12 ms. Memory: 331264K Free: 305620K (92%)
ptolemy.util.test.WatchDog.cancel(): canceling Mon May 21 01:13:30 UTC 2018
------------------ testing $PTII/ptolemy/domains/de/test/auto/Modal6.xml
auto.tcl: Setting watchdog for 200 seconds at Mon May 21 01:13:30 UTC 2018
14 ms. Memory: 331264K Free: 309576K (93%)
ptolemy.util.test.WatchDog.cancel(): canceling Mon May 21 01:13:30 UTC 2018
auto.tcl: Setting watchdog for 200 seconds at Mon May 21 01:13:30 UTC 2018
13 ms. Memory: 331264K Free: 305617K (92%)
ptolemy.util.test.WatchDog.cancel(): canceling Mon May 21 01:13:30 UTC 2018
------------------ testing $PTII/ptolemy/domains/de/test/auto/Modal7.xml
auto.tcl: Setting watchdog for 200 seconds at Mon May 21 01:13:31 UTC 2018
10 ms. Memory: 331264K Free: 309576K (93%)
ptolemy.util.test.WatchDog.cancel(): canceling Mon May 21 01:13:31 UTC 2018
auto.tcl: Setting watchdog for 200 seconds at Mon May 21 01:13:31 UTC 2018
9 ms. Memory: 331264K Free: 305617K (92%)
ptolemy.util.test.WatchDog.cancel(): canceling Mon May 21 01:13:31 UTC 2018
------------------ testing $PTII/ptolemy/domains/de/test/auto/ModalModel.xml
auto.tcl: Setting watchdog for 200 seconds at Mon May 21 01:13:31 UTC 2018
160 ms. Memory: 331264K Free: 246057K (74%)
ptolemy.util.test.WatchDog.cancel(): canceling Mon May 21 01:13:31 UTC 2018
auto.tcl: Setting watchdog for 200 seconds at Mon May 21 01:13:31 UTC 2018
168 ms. Memory: 331264K Free: 190629K (58%)
ptolemy.util.test.WatchDog.cancel(): canceling Mon May 21 01:13:31 UTC 2018
------------------ testing $PTII/ptolemy/domains/de/test/auto/ModalSource.xml
auto.tcl: Setting watchdog for 200 seconds at Mon May 21 01:13:31 UTC 2018
6 ms. Memory: 331264K Free: 316380K (96%)
ptolemy.util.test.WatchDog.cancel(): canceling Mon May 21 01:13:31 UTC 2018
auto.tcl: Setting watchdog for 200 seconds at Mon May 21 01:13:31 UTC 2018
5 ms. Memory: 331264K Free: 312855K (94%)
ptolemy.util.test.WatchDog.cancel(): canceling Mon May 21 01:13:31 UTC 2018
------------------ testing $PTII/ptolemy/domains/de/test/auto/NonInterruptibleTimerZeroDelay.xml
auto.tcl: Setting watchdog for 200 seconds at Mon May 21 01:13:31 UTC 2018
3 ms. Memory: 331264K Free: 320742K (97%)
ptolemy.util.test.WatchDog.cancel(): canceling Mon May 21 01:13:31 UTC 2018
auto.tcl: Setting watchdog for 200 seconds at Mon May 21 01:13:31 UTC 2018
2 ms. Memory: 331264K Free: 317217K (96%)
ptolemy.util.test.WatchDog.cancel(): canceling Mon May 21 01:13:31 UTC 2018
------------------ testing $PTII/ptolemy/domains/de/test/auto/OpenQueueingNetwork.xml
auto.tcl: Setting watchdog for 200 seconds at Mon May 21 01:13:31 UTC 2018
3030 ms. Memory: 573952K Free: 406461K (71%)
ptolemy.util.test.WatchDog.cancel(): canceling Mon May 21 01:13:34 UTC 2018
auto.tcl: Setting watchdog for 200 seconds at Mon May 21 01:13:34 UTC 2018
2482 ms. Memory: 550912K Free: 291977K (53%)
ptolemy.util.test.WatchDog.cancel(): canceling Mon May 21 01:13:37 UTC 2018
------------------ testing $PTII/ptolemy/domains/de/test/auto/OpenQueuingNetwork.xml
auto.tcl: Setting watchdog for 200 seconds at Mon May 21 01:13:37 UTC 2018
231 ms. Memory: 549888K Free: 444634K (81%)
ptolemy.util.test.WatchDog.cancel(): canceling Mon May 21 01:13:37 UTC 2018
auto.tcl: Setting watchdog for 200 seconds at Mon May 21 01:13:37 UTC 2018
230 ms. Memory: 549888K Free: 384345K (70%)
ptolemy.util.test.WatchDog.cancel(): canceling Mon May 21 01:13:38 UTC 2018
------------------ testing $PTII/ptolemy/domains/de/test/auto/PeriodicSampler.xml
auto.tcl: Setting watchdog for 200 seconds at Mon May 21 01:13:38 UTC 2018
2 ms. Memory: 551936K Free: 530723K (96%)
ptolemy.util.test.WatchDog.cancel(): canceling Mon May 21 01:13:38 UTC 2018
auto.tcl: Setting watchdog for 200 seconds at Mon May 21 01:13:38 UTC 2018
1 ms. Memory: 551936K Free: 530723K (96%)
ptolemy.util.test.WatchDog.cancel(): canceling Mon May 21 01:13:38 UTC 2018
------------------ testing $PTII/ptolemy/domains/de/test/auto/PersistentIO.xml
auto.tcl: Setting watchdog for 200 seconds at Mon May 21 01:13:38 UTC 2018
10 ms. Memory: 549376K Free: 522056K (95%)
ptolemy.util.test.WatchDog.cancel(): canceling Mon May 21 01:13:38 UTC 2018
auto.tcl: Setting watchdog for 200 seconds at Mon May 21 01:13:38 UTC 2018
3 ms. Memory: 549376K Free: 522056K (95%)
ptolemy.util.test.WatchDog.cancel(): canceling Mon May 21 01:13:38 UTC 2018
------------------ testing $PTII/ptolemy/domains/de/test/auto/PortParameterResetOnInitialize.xml
auto.tcl: Setting watchdog for 200 seconds at Mon May 21 01:13:38 UTC 2018
2 ms. Memory: 551424K Free: 530443K (96%)
ptolemy.util.test.WatchDog.cancel(): canceling Mon May 21 01:13:38 UTC 2018
auto.tcl: Setting watchdog for 200 seconds at Mon May 21 01:13:38 UTC 2018
2 ms. Memory: 551424K Free: 530443K (96%)
ptolemy.util.test.WatchDog.cancel(): canceling Mon May 21 01:13:38 UTC 2018
------------------ testing $PTII/ptolemy/domains/de/test/auto/PortParameterUpdates.xml
auto.tcl: Setting watchdog for 200 seconds at Mon May 21 01:13:38 UTC 2018
5 ms. Memory: 549376K Free: 528758K (96%)
ptolemy.util.test.WatchDog.cancel(): canceling Mon May 21 01:13:38 UTC 2018
auto.tcl: Setting watchdog for 200 seconds at Mon May 21 01:13:38 UTC 2018
3 ms. Memory: 549376K Free: 522059K (95%)
ptolemy.util.test.WatchDog.cancel(): canceling Mon May 21 01:13:38 UTC 2018
------------------ testing $PTII/ptolemy/domains/de/test/auto/QueueAndServer.xml
auto.tcl: Setting watchdog for 200 seconds at Mon May 21 01:13:38 UTC 2018
17 ms. Memory: 551424K Free: 535218K (97%)
ptolemy.util.test.WatchDog.cancel(): canceling Mon May 21 01:13:38 UTC 2018
auto.tcl: Setting watchdog for 200 seconds at Mon May 21 01:13:38 UTC 2018
6 ms. Memory: 551424K Free: 528511K (96%)
ptolemy.util.test.WatchDog.cancel(): canceling Mon May 21 01:13:38 UTC 2018
------------------ testing $PTII/ptolemy/domains/de/test/auto/Records.xml
auto.tcl: Setting watchdog for 200 seconds at Mon May 21 01:13:38 UTC 2018
2 ms. Memory: 549376K Free: 533112K (97%)
ptolemy.util.test.WatchDog.cancel(): canceling Mon May 21 01:13:38 UTC 2018
auto.tcl: Setting watchdog for 200 seconds at Mon May 21 01:13:38 UTC 2018
2 ms. Memory: 549376K Free: 533112K (97%)
ptolemy.util.test.WatchDog.cancel(): canceling Mon May 21 01:13:38 UTC 2018
------------------ testing $PTII/ptolemy/domains/de/test/auto/ResetTransitionWithStartTime1.xml
auto.tcl: Setting watchdog for 200 seconds at Mon May 21 01:13:38 UTC 2018
13 ms. Memory: 551424K Free: 528471K (96%)
ptolemy.util.test.WatchDog.cancel(): canceling Mon May 21 01:13:38 UTC 2018
auto.tcl: Setting watchdog for 200 seconds at Mon May 21 01:13:38 UTC 2018
4 ms. Memory: 551424K Free: 519112K (94%)
ptolemy.util.test.WatchDog.cancel(): canceling Mon May 21 01:13:38 UTC 2018
------------------ testing $PTII/ptolemy/domains/de/test/auto/ResetTransitionWithStartTime2.xml
auto.tcl: Setting watchdog for 200 seconds at Mon May 21 01:13:38 UTC 2018
5 ms. Memory: 549376K Free: 526644K (96%)
ptolemy.util.test.WatchDog.cancel(): canceling Mon May 21 01:13:38 UTC 2018
auto.tcl: Setting watchdog for 200 seconds at Mon May 21 01:13:38 UTC 2018
5 ms. Memory: 549376K Free: 526644K (96%)
ptolemy.util.test.WatchDog.cancel(): canceling Mon May 21 01:13:38 UTC 2018
------------------ testing $PTII/ptolemy/domains/de/test/auto/ResetTransitionWithStartTime3.xml
auto.tcl: Setting watchdog for 200 seconds at Mon May 21 01:13:38 UTC 2018
4 ms. Memory: 550912K Free: 527949K (96%)
ptolemy.util.test.WatchDog.cancel(): canceling Mon May 21 01:13:38 UTC 2018
auto.tcl: Setting watchdog for 200 seconds at Mon May 21 01:13:38 UTC 2018
5 ms. Memory: 550912K Free: 527949K (96%)
ptolemy.util.test.WatchDog.cancel(): canceling Mon May 21 01:13:38 UTC 2018
------------------ testing $PTII/ptolemy/domains/de/test/auto/ResetTransitionWithStartTime4.xml
auto.tcl: Setting watchdog for 200 seconds at Mon May 21 01:13:38 UTC 2018
4 ms. Memory: 549376K Free: 526411K (96%)
ptolemy.util.test.WatchDog.cancel(): canceling Mon May 21 01:13:38 UTC 2018
auto.tcl: Setting watchdog for 200 seconds at Mon May 21 01:13:38 UTC 2018
4 ms. Memory: 549376K Free: 526411K (96%)
ptolemy.util.test.WatchDog.cancel(): canceling Mon May 21 01:13:38 UTC 2018
------------------ testing $PTII/ptolemy/domains/de/test/auto/ResettableTimer1.xml
auto.tcl: Setting watchdog for 200 seconds at Mon May 21 01:13:38 UTC 2018
3 ms. Memory: 550912K Free: 534657K (97%)
ptolemy.util.test.WatchDog.cancel(): canceling Mon May 21 01:13:38 UTC 2018
auto.tcl: Setting watchdog for 200 seconds at Mon May 21 01:13:38 UTC 2018
2 ms. Memory: 550912K Free: 534657K (97%)
ptolemy.util.test.WatchDog.cancel(): canceling Mon May 21 01:13:38 UTC 2018
------------------ testing $PTII/ptolemy/domains/de/test/auto/ResettableTimer2.xml
auto.tcl: Setting watchdog for 200 seconds at Mon May 21 01:13:38 UTC 2018
2 ms. Memory: 549376K Free: 533409K (97%)
ptolemy.util.test.WatchDog.cancel(): canceling Mon May 21 01:13:38 UTC 2018
auto.tcl: Setting watchdog for 200 seconds at Mon May 21 01:13:38 UTC 2018
2 ms. Memory: 549376K Free: 533409K (97%)
ptolemy.util.test.WatchDog.cancel(): canceling Mon May 21 01:13:38 UTC 2018
------------------ testing $PTII/ptolemy/domains/de/test/auto/ResettableTimer3.xml
auto.tcl: Setting watchdog for 200 seconds at Mon May 21 01:13:38 UTC 2018
1 ms. Memory: 550912K Free: 534715K (97%)
ptolemy.util.test.WatchDog.cancel(): canceling Mon May 21 01:13:38 UTC 2018
auto.tcl: Setting watchdog for 200 seconds at Mon May 21 01:13:38 UTC 2018
1 ms. Memory: 550912K Free: 534715K (97%)
ptolemy.util.test.WatchDog.cancel(): canceling Mon May 21 01:13:38 UTC 2018
------------------ testing $PTII/ptolemy/domains/de/test/auto/ResettableTimer4.xml
auto.tcl: Setting watchdog for 200 seconds at Mon May 21 01:13:39 UTC 2018
1 ms. Memory: 549376K Free: 533421K (97%)
ptolemy.util.test.WatchDog.cancel(): canceling Mon May 21 01:13:39 UTC 2018
auto.tcl: Setting watchdog for 200 seconds at Mon May 21 01:13:39 UTC 2018
1 ms. Memory: 549376K Free: 533421K (97%)
ptolemy.util.test.WatchDog.cancel(): canceling Mon May 21 01:13:39 UTC 2018
------------------ testing $PTII/ptolemy/domains/de/test/auto/ResettableTimer5.xml
auto.tcl: Setting watchdog for 200 seconds at Mon May 21 01:13:39 UTC 2018
1 ms. Memory: 550400K Free: 529764K (96%)
ptolemy.util.test.WatchDog.cancel(): canceling Mon May 21 01:13:39 UTC 2018
auto.tcl: Setting watchdog for 200 seconds at Mon May 21 01:13:39 UTC 2018
1 ms. Memory: 550400K Free: 529764K (96%)
ptolemy.util.test.WatchDog.cancel(): canceling Mon May 21 01:13:39 UTC 2018
------------------ testing $PTII/ptolemy/domains/de/test/auto/ResettableTimer6.xml
auto.tcl: Setting watchdog for 200 seconds at Mon May 21 01:13:39 UTC 2018
2 ms. Memory: 549376K Free: 528459K (96%)
ptolemy.util.test.WatchDog.cancel(): canceling Mon May 21 01:13:39 UTC 2018
auto.tcl: Setting watchdog for 200 seconds at Mon May 21 01:13:39 UTC 2018
1 ms. Memory: 549376K Free: 528459K (96%)
ptolemy.util.test.WatchDog.cancel(): canceling Mon May 21 01:13:39 UTC 2018
------------------ testing $PTII/ptolemy/domains/de/test/auto/ServerZeroDelay.xml
auto.tcl: Setting watchdog for 200 seconds at Mon May 21 01:13:39 UTC 2018
8 ms. Memory: 550400K Free: 534383K (97%)
ptolemy.util.test.WatchDog.cancel(): canceling Mon May 21 01:13:39 UTC 2018
auto.tcl: Setting watchdog for 200 seconds at Mon May 21 01:13:39 UTC 2018
2 ms. Memory: 550400K Free: 534383K (97%)
ptolemy.util.test.WatchDog.cancel(): canceling Mon May 21 01:13:39 UTC 2018
------------------ testing $PTII/ptolemy/domains/de/test/auto/SmartSender.xml
auto.tcl: Setting watchdog for 200 seconds at Mon May 21 01:13:39 UTC 2018
3001 ms. Memory: 549376K Free: 528675K (96%)
ptolemy.util.test.WatchDog.cancel(): canceling Mon May 21 01:13:42 UTC 2018
auto.tcl: Setting watchdog for 200 seconds at Mon May 21 01:13:42 UTC 2018
3002 ms. Memory: 549376K Free: 528675K (96%)
ptolemy.util.test.WatchDog.cancel(): canceling Mon May 21 01:13:45 UTC 2018
------------------ testing $PTII/ptolemy/domains/de/test/auto/ThreadedComposite.xml
auto.tcl: Setting watchdog for 200 seconds at Mon May 21 01:13:45 UTC 2018
174 ms. Memory: 550400K Free: 513425K (93%)
ptolemy.util.test.WatchDog.cancel(): canceling Mon May 21 01:13:45 UTC 2018
auto.tcl: Setting watchdog for 200 seconds at Mon May 21 01:13:45 UTC 2018
127 ms. Memory: 550400K Free: 497367K (90%)
ptolemy.util.test.WatchDog.cancel(): canceling Mon May 21 01:13:45 UTC 2018
------------------ testing $PTII/ptolemy/domains/de/test/auto/Time.xml
auto.tcl: Setting watchdog for 200 seconds at Mon May 21 01:13:45 UTC 2018
488 ms. Memory: 549376K Free: 481371K (88%)
ptolemy.util.test.WatchDog.cancel(): canceling Mon May 21 01:13:46 UTC 2018
auto.tcl: Setting watchdog for 200 seconds at Mon May 21 01:13:46 UTC 2018
472 ms. Memory: 549376K Free: 427782K (78%)
ptolemy.util.test.WatchDog.cancel(): canceling Mon May 21 01:13:46 UTC 2018
------------------ testing $PTII/ptolemy/domains/de/test/auto/TimeDelayZeroDelay.xml
auto.tcl: Setting watchdog for 200 seconds at Mon May 21 01:13:46 UTC 2018
2 ms. Memory: 550400K Free: 534070K (97%)
ptolemy.util.test.WatchDog.cancel(): canceling Mon May 21 01:13:46 UTC 2018
auto.tcl: Setting watchdog for 200 seconds at Mon May 21 01:13:46 UTC 2018
2 ms. Memory: 550400K Free: 534070K (97%)
ptolemy.util.test.WatchDog.cancel(): canceling Mon May 21 01:13:46 UTC 2018
------------------ testing $PTII/ptolemy/domains/de/test/auto/TimerZeroDelay.xml
auto.tcl: Setting watchdog for 200 seconds at Mon May 21 01:13:46 UTC 2018
2 ms. Memory: 549376K Free: 533319K (97%)
ptolemy.util.test.WatchDog.cancel(): canceling Mon May 21 01:13:46 UTC 2018
auto.tcl: Setting watchdog for 200 seconds at Mon May 21 01:13:46 UTC 2018
2 ms. Memory: 549376K Free: 533319K (97%)
ptolemy.util.test.WatchDog.cancel(): canceling Mon May 21 01:13:46 UTC 2018
------------------ testing $PTII/ptolemy/domains/de/test/auto/TimingParadox.xml
auto.tcl: Setting watchdog for 200 seconds at Mon May 21 01:13:46 UTC 2018
364 ms. Memory: 549888K Free: 467318K (85%)
ptolemy.util.test.WatchDog.cancel(): canceling Mon May 21 01:13:47 UTC 2018
auto.tcl: Setting watchdog for 200 seconds at Mon May 21 01:13:47 UTC 2018
332 ms. Memory: 549888K Free: 433824K (79%)
ptolemy.util.test.WatchDog.cancel(): canceling Mon May 21 01:13:47 UTC 2018
------------------ testing $PTII/ptolemy/domains/de/test/auto/TransferInputs.xml
auto.tcl: Setting watchdog for 200 seconds at Mon May 21 01:13:47 UTC 2018
1 ms. Memory: 549888K Free: 532736K (97%)
ptolemy.util.test.WatchDog.cancel(): canceling Mon May 21 01:13:47 UTC 2018
auto.tcl: Setting watchdog for 200 seconds at Mon May 21 01:13:47 UTC 2018
1 ms. Memory: 549888K Free: 532736K (97%)
ptolemy.util.test.WatchDog.cancel(): canceling Mon May 21 01:13:47 UTC 2018
------------------ testing $PTII/ptolemy/domains/de/test/auto/TransferOutputs2.xml
auto.tcl: Setting watchdog for 200 seconds at Mon May 21 01:13:47 UTC 2018
2 ms. Memory: 549376K Free: 526611K (96%)
ptolemy.util.test.WatchDog.cancel(): canceling Mon May 21 01:13:47 UTC 2018
auto.tcl: Setting watchdog for 200 seconds at Mon May 21 01:13:47 UTC 2018
3 ms. Memory: 549376K Free: 526611K (96%)
ptolemy.util.test.WatchDog.cancel(): canceling Mon May 21 01:13:47 UTC 2018
------------------ testing $PTII/ptolemy/domains/de/test/auto/Trilateration.xml
auto.tcl: Setting watchdog for 200 seconds at Mon May 21 01:13:47 UTC 2018
14460 ms. Memory: 766976K Free: 252778K (33%)
ptolemy.util.test.WatchDog.cancel(): canceling Mon May 21 01:14:03 UTC 2018
auto.tcl: Setting watchdog for 200 seconds at Mon May 21 01:14:03 UTC 2018
10743 ms. Memory: 646144K Free: 117861K (18%)
ptolemy.util.test.WatchDog.cancel(): canceling Mon May 21 01:14:14 UTC 2018
------------------ testing $PTII/ptolemy/domains/de/test/auto/TwoSigmaDelta.xml
auto.tcl: Setting watchdog for 200 seconds at Mon May 21 01:14:14 UTC 2018
2715 ms. Memory: 649728K Free: 330694K (51%)
ptolemy.util.test.WatchDog.cancel(): canceling Mon May 21 01:14:17 UTC 2018
auto.tcl: Setting watchdog for 200 seconds at Mon May 21 01:14:17 UTC 2018
2090 ms. Memory: 649728K Free: 102236K (16%)
ptolemy.util.test.WatchDog.cancel(): canceling Mon May 21 01:14:19 UTC 2018
------------------ testing $PTII/ptolemy/domains/de/test/auto/VariableDelay.xml
auto.tcl: Setting watchdog for 200 seconds at Mon May 21 01:14:19 UTC 2018
2 ms. Memory: 646656K Free: 627147K (97%)
ptolemy.util.test.WatchDog.cancel(): canceling Mon May 21 01:14:19 UTC 2018
auto.tcl: Setting watchdog for 200 seconds at Mon May 21 01:14:19 UTC 2018
2 ms. Memory: 646656K Free: 627147K (97%)
ptolemy.util.test.WatchDog.cancel(): canceling Mon May 21 01:14:19 UTC 2018
------------------ testing $PTII/ptolemy/domains/de/test/auto/VariableDelay2.xml
auto.tcl: Setting watchdog for 200 seconds at Mon May 21 01:14:19 UTC 2018
2 ms. Memory: 646144K Free: 627081K (97%)
ptolemy.util.test.WatchDog.cancel(): canceling Mon May 21 01:14:19 UTC 2018
auto.tcl: Setting watchdog for 200 seconds at Mon May 21 01:14:19 UTC 2018
2 ms. Memory: 646144K Free: 627081K (97%)
ptolemy.util.test.WatchDog.cancel(): canceling Mon May 21 01:14:19 UTC 2018
------------------ testing $PTII/ptolemy/domains/de/test/auto/VariableDelayZeroDelay.xml
auto.tcl: Setting watchdog for 200 seconds at Mon May 21 01:14:19 UTC 2018
2 ms. Memory: 646144K Free: 621432K (96%)
ptolemy.util.test.WatchDog.cancel(): canceling Mon May 21 01:14:19 UTC 2018
auto.tcl: Setting watchdog for 200 seconds at Mon May 21 01:14:19 UTC 2018
2 ms. Memory: 646144K Free: 621432K (96%)
ptolemy.util.test.WatchDog.cancel(): canceling Mon May 21 01:14:19 UTC 2018
------------------ testing $PTII/ptolemy/domains/de/test/auto/VariableDelayZeroDelay2.xml
auto.tcl: Setting watchdog for 200 seconds at Mon May 21 01:14:19 UTC 2018
1 ms. Memory: 649216K Free: 624503K (96%)
ptolemy.util.test.WatchDog.cancel(): canceling Mon May 21 01:14:19 UTC 2018
auto.tcl: Setting watchdog for 200 seconds at Mon May 21 01:14:19 UTC 2018
2 ms. Memory: 649216K Free: 624503K (96%)
ptolemy.util.test.WatchDog.cancel(): canceling Mon May 21 01:14:19 UTC 2018
------------------ testing $PTII/ptolemy/domains/de/test/auto/deInCt.xml
auto.tcl: Setting watchdog for 200 seconds at Mon May 21 01:14:19 UTC 2018
0
1
1
1
0
0
1
1
1
0
0
0
1
1
0
0
0
1
1
1
1
0
0
0
1
1
1
1
0
0
0
1
1
1
1
0
0
0
1
1
1
0
0
0
1
1
1
0
0
0
1
1
1
1
15 ms. Memory: 646144K Free: 621396K (96%)
ptolemy.util.test.WatchDog.cancel(): canceling Mon May 21 01:14:19 UTC 2018
auto.tcl: Setting watchdog for 200 seconds at Mon May 21 01:14:19 UTC 2018
0
1
1
1
0
0
1
1
1
0
0
0
1
1
1
0
0
0
1
1
1
1
0
0
0
0
1
1
1
1
1
0
0
0
1
1
1
1
1
5 ms. Memory: 646144K Free: 621396K (96%)
ptolemy.util.test.WatchDog.cancel(): canceling Mon May 21 01:14:19 UTC 2018
------------------ testing $PTII/ptolemy/domains/de/test/auto/deInCt2.xml
auto.tcl: Setting watchdog for 200 seconds at Mon May 21 01:14:19 UTC 2018
0
1
1
1
0
0
1
1
1
0
0
1
1
1
0
0
1
1
1
0
0
1
1
1
0
0
1
1
1
0
0
1
1
1
0
0
1
1
1
0
0
0
14 ms. Memory: 648704K Free: 623988K (96%)
ptolemy.util.test.WatchDog.cancel(): canceling Mon May 21 01:14:19 UTC 2018
auto.tcl: Setting watchdog for 200 seconds at Mon May 21 01:14:19 UTC 2018
0
1
1
1
0
0
1
1
1
0
0
1
1
1
0
0
1
1
1
0
0
1
1
1
0
0
1
1
1
0
0
1
1
1
0
0
1
1
1
0
0
0
5 ms. Memory: 648704K Free: 623988K (96%)
ptolemy.util.test.WatchDog.cancel(): canceling Mon May 21 01:14:19 UTC 2018
------------------ testing $PTII/ptolemy/domains/de/test/auto/dynamicCausalityInterface1.xml
auto.tcl: Setting watchdog for 200 seconds at Mon May 21 01:14:19 UTC 2018
1 ms. Memory: 646144K Free: 612817K (95%)
ptolemy.util.test.WatchDog.cancel(): canceling Mon May 21 01:14:19 UTC 2018
auto.tcl: Setting watchdog for 200 seconds at Mon May 21 01:14:19 UTC 2018
1 ms. Memory: 646144K Free: 612817K (95%)
ptolemy.util.test.WatchDog.cancel(): canceling Mon May 21 01:14:19 UTC 2018
------------------ testing $PTII/ptolemy/domains/de/test/auto/fsm_de_test.xml
auto.tcl: Setting watchdog for 200 seconds at Mon May 21 01:14:19 UTC 2018
10 ms. Memory: 648192K Free: 623366K (96%)
ptolemy.util.test.WatchDog.cancel(): canceling Mon May 21 01:14:19 UTC 2018
auto.tcl: Setting watchdog for 200 seconds at Mon May 21 01:14:19 UTC 2018
6 ms. Memory: 648192K Free: 614744K (95%)
ptolemy.util.test.WatchDog.cancel(): canceling Mon May 21 01:14:19 UTC 2018
------------------ testing $PTII/ptolemy/domains/de/test/auto/functionDependencyReconstruction.xml
auto.tcl: Setting watchdog for 200 seconds at Mon May 21 01:14:19 UTC 2018
7 ms. Memory: 646144K Free: 612686K (95%)
ptolemy.util.test.WatchDog.cancel(): canceling Mon May 21 01:14:19 UTC 2018
auto.tcl: Setting watchdog for 200 seconds at Mon May 21 01:14:19 UTC 2018
1 ms. Memory: 646144K Free: 604080K (93%)
ptolemy.util.test.WatchDog.cancel(): canceling Mon May 21 01:14:19 UTC 2018
------------------ testing $PTII/ptolemy/domains/de/test/auto/multirate.xml
auto.tcl: Setting watchdog for 200 seconds at Mon May 21 01:14:19 UTC 2018
4 ms. Memory: 648192K Free: 623234K (96%)
ptolemy.util.test.WatchDog.cancel(): canceling Mon May 21 01:14:19 UTC 2018
auto.tcl: Setting watchdog for 200 seconds at Mon May 21 01:14:19 UTC 2018
2 ms. Memory: 648192K Free: 623234K (96%)
ptolemy.util.test.WatchDog.cancel(): canceling Mon May 21 01:14:19 UTC 2018
------------------ testing $PTII/ptolemy/domains/de/test/auto/multirate2.xml
auto.tcl: Setting watchdog for 200 seconds at Mon May 21 01:14:19 UTC 2018
2 ms. Memory: 646144K Free: 621373K (96%)
ptolemy.util.test.WatchDog.cancel(): canceling Mon May 21 01:14:19 UTC 2018
auto.tcl: Setting watchdog for 200 seconds at Mon May 21 01:14:19 UTC 2018
3 ms. Memory: 646144K Free: 621373K (96%)
ptolemy.util.test.WatchDog.cancel(): canceling Mon May 21 01:14:19 UTC 2018
------------------ testing $PTII/ptolemy/domains/de/test/auto/realtime.xml
auto.tcl: Setting watchdog for 200 seconds at Mon May 21 01:14:20 UTC 2018
10001 ms. Memory: 647680K Free: 622875K (96%)
ptolemy.util.test.WatchDog.cancel(): canceling Mon May 21 01:14:30 UTC 2018
auto.tcl: Setting watchdog for 200 seconds at Mon May 21 01:14:30 UTC 2018
10001 ms. Memory: 647680K Free: 622875K (96%)
ptolemy.util.test.WatchDog.cancel(): canceling Mon May 21 01:14:40 UTC 2018
------------------ testing $PTII/ptolemy/domains/de/test/auto/relationGroup.xml
auto.tcl: Setting watchdog for 200 seconds at Mon May 21 01:14:40 UTC 2018
1 ms. Memory: 646144K Free: 621397K (96%)
ptolemy.util.test.WatchDog.cancel(): canceling Mon May 21 01:14:40 UTC 2018
auto.tcl: Setting watchdog for 200 seconds at Mon May 21 01:14:40 UTC 2018
1 ms. Memory: 646144K Free: 621397K (96%)
ptolemy.util.test.WatchDog.cancel(): canceling Mon May 21 01:14:40 UTC 2018
------------------ testing $PTII/ptolemy/domains/de/test/auto/relationGroup2.xml
auto.tcl: Setting watchdog for 200 seconds at Mon May 21 01:14:40 UTC 2018
1 ms. Memory: 647680K Free: 622960K (96%)
ptolemy.util.test.WatchDog.cancel(): canceling Mon May 21 01:14:40 UTC 2018
auto.tcl: Setting watchdog for 200 seconds at Mon May 21 01:14:40 UTC 2018
1 ms. Memory: 647680K Free: 622960K (96%)
ptolemy.util.test.WatchDog.cancel(): canceling Mon May 21 01:14:40 UTC 2018
------------------ testing $PTII/ptolemy/domains/de/test/auto/sortWithOpaquePorts.xml
auto.tcl: Setting watchdog for 200 seconds at Mon May 21 01:14:40 UTC 2018
1 ms. Memory: 646144K Free: 621425K (96%)
ptolemy.util.test.WatchDog.cancel(): canceling Mon May 21 01:14:40 UTC 2018
auto.tcl: Setting watchdog for 200 seconds at Mon May 21 01:14:40 UTC 2018
2 ms. Memory: 646144K Free: 621425K (96%)
ptolemy.util.test.WatchDog.cancel(): canceling Mon May 21 01:14:40 UTC 2018
------------------ testing $PTII/ptolemy/domains/de/test/auto/transferInputsandOutputs.xml
auto.tcl: Setting watchdog for 200 seconds at Mon May 21 01:14:40 UTC 2018
4 ms. Memory: 647168K Free: 622437K (96%)
ptolemy.util.test.WatchDog.cancel(): canceling Mon May 21 01:14:40 UTC 2018
auto.tcl: Setting watchdog for 200 seconds at Mon May 21 01:14:40 UTC 2018
1 ms. Memory: 647168K Free: 622437K (96%)
ptolemy.util.test.WatchDog.cancel(): canceling Mon May 21 01:14:40 UTC 2018
------------------ testing $PTII/ptolemy/domains/de/test/auto/triggerType.xml
auto.tcl: Setting watchdog for 200 seconds at Mon May 21 01:14:40 UTC 2018
2 ms. Memory: 646144K Free: 621363K (96%)
ptolemy.util.test.WatchDog.cancel(): canceling Mon May 21 01:14:40 UTC 2018
auto.tcl: Setting watchdog for 200 seconds at Mon May 21 01:14:40 UTC 2018
1 ms. Memory: 646144K Free: 621363K (96%)
ptolemy.util.test.WatchDog.cancel(): canceling Mon May 21 01:14:40 UTC 2018
05/21/18 01:14:40
Failed: 0  Total Tests: 192  ((Passed: 187, Newly Passed: 1)  Known Failed: 5) /home/travis/build/icyphy/ptII/ptolemy/domains/de/test
05/21/18 01:14:40
Failed: 0  Total Tests: 192  ((Passed: 187, Newly Passed: 1)  Known Failed: 5) /home/travis/build/icyphy/ptII/ptolemy/domains/de/test
----------------- testing (KnownFailure) /home/travis/build/icyphy/ptII/ptolemy/domains/de/test/auto/knownFailedTests/DESDFClockTest.xml
2007 ms. Memory: 647168K Free: 611146K (94%)
Known Failure: java.lang.reflect.InvocationTargetException
----------------- testing (KnownFailure) /home/travis/build/icyphy/ptII/ptolemy/domains/de/test/auto/knownFailedTests/DirectFeedback.xml
1 ms. Memory: 647168K Free: 565967K (87%)
Known Failure: java.lang.reflect.InvocationTargetException
----------------- testing (KnownFailure) /home/travis/build/icyphy/ptII/ptolemy/domains/de/test/auto/knownFailedTests/FSMSource.xml
5 ms. Memory: 647168K Free: 520788K (80%)
----------------- testing (KnownFailure) /home/travis/build/icyphy/ptII/ptolemy/domains/de/test/auto/knownFailedTests/HierarchicalModel.xml
2 ms. Memory: 647168K Free: 486871K (75%)
Known Failure: java.lang.reflect.InvocationTargetException
----------------- testing (KnownFailure) /home/travis/build/icyphy/ptII/ptolemy/domains/de/test/auto/knownFailedTests/dependencyLoop.xml
3 ms. Memory: 647168K Free: 430382K (67%)
Known Failure: java.lang.reflect.InvocationTargetException
----------------- testing (KnownFailure) /home/travis/build/icyphy/ptII/ptolemy/domains/de/test/auto/knownFailedTests/dependencyLoop2.xml
2 ms. Memory: 647168K Free: 373900K (58%)
Known Failure: java.lang.reflect.InvocationTargetException
No auto/*.xml tests in /home/travis/build/icyphy/ptII/ptolemy/domains/de/test
AutoTests.java: About to close Vertx.
AutoTests.java: Vertx closed.
----------------- testing Mon May 21 01:14:42 UTC 2018 /home/travis/build/icyphy/ptII/ptolemy/domains/de/test/auto/ActorDepthCalculation_actorWithoutPorts.xml
----------------- Instantiating /home/travis/build/icyphy/ptII/ptolemy/domains/de/test/auto/ActorDepthCalculation_actorWithoutPorts.xml
1 ms. Memory: 647168K Free: 317426K (49%)
----------------- Invoking toplevel() on ptolemy.moml.MoMLSimpleApplication@468547c0
----------------- Done invoking toplevel() on ptolemy.moml.MoMLSimpleApplication@468547c0
reloadAllAccessors: .ActorDepthCalculation_actorWithoutPorts
----------------- testing Mon May 21 01:14:42 UTC 2018 /home/travis/build/icyphy/ptII/ptolemy/domains/de/test/auto/AssemblyLine.xml
----------------- Instantiating /home/travis/build/icyphy/ptII/ptolemy/domains/de/test/auto/AssemblyLine.xml
1 ms. Memory: 647168K Free: 294836K (46%)
----------------- Invoking toplevel() on ptolemy.moml.MoMLSimpleApplication@40dad9bb
----------------- Done invoking toplevel() on ptolemy.moml.MoMLSimpleApplication@40dad9bb
reloadAllAccessors: .AssemblyLine
----------------- testing Mon May 21 01:14:42 UTC 2018 /home/travis/build/icyphy/ptII/ptolemy/domains/de/test/auto/CQBug1.xml
----------------- Instantiating /home/travis/build/icyphy/ptII/ptolemy/domains/de/test/auto/CQBug1.xml
0 ms. Memory: 647168K Free: 272247K (42%)
----------------- Invoking toplevel() on ptolemy.moml.MoMLSimpleApplication@6deb316d
----------------- Done invoking toplevel() on ptolemy.moml.MoMLSimpleApplication@6deb316d
reloadAllAccessors: .CQBug1
----------------- testing Mon May 21 01:14:42 UTC 2018 /home/travis/build/icyphy/ptII/ptolemy/domains/de/test/auto/CancelFireAt.xml
----------------- Instantiating /home/travis/build/icyphy/ptII/ptolemy/domains/de/test/auto/CancelFireAt.xml
1 ms. Memory: 647168K Free: 249657K (39%)
----------------- Invoking toplevel() on ptolemy.moml.MoMLSimpleApplication@1a45b39b
----------------- Done invoking toplevel() on ptolemy.moml.MoMLSimpleApplication@1a45b39b
reloadAllAccessors: .CancelFireAt
----------------- testing Mon May 21 01:14:42 UTC 2018 /home/travis/build/icyphy/ptII/ptolemy/domains/de/test/auto/CausalityAndComposabilityAnalysis.xml
----------------- Instantiating /home/travis/build/icyphy/ptII/ptolemy/domains/de/test/auto/CausalityAndComposabilityAnalysis.xml
1 ms. Memory: 647168K Free: 227068K (35%)
----------------- Invoking toplevel() on ptolemy.moml.MoMLSimpleApplication@6ce5213c
----------------- Done invoking toplevel() on ptolemy.moml.MoMLSimpleApplication@6ce5213c
reloadAllAccessors: .CausalityAndComposabilityAnalysis
----------------- testing Mon May 21 01:14:42 UTC 2018 /home/travis/build/icyphy/ptII/ptolemy/domains/de/test/auto/CausalityInterface1.xml
----------------- Instantiating /home/travis/build/icyphy/ptII/ptolemy/domains/de/test/auto/CausalityInterface1.xml
2 ms. Memory: 647168K Free: 204478K (32%)
----------------- Invoking toplevel() on ptolemy.moml.MoMLSimpleApplication@619b823d
----------------- Done invoking toplevel() on ptolemy.moml.MoMLSimpleApplication@619b823d
reloadAllAccessors: .CausalityInterface1
----------------- testing Mon May 21 01:14:42 UTC 2018 /home/travis/build/icyphy/ptII/ptolemy/domains/de/test/auto/CausalityInterface15.xml
----------------- Instantiating /home/travis/build/icyphy/ptII/ptolemy/domains/de/test/auto/CausalityInterface15.xml
1 ms. Memory: 647168K Free: 181888K (28%)
----------------- Invoking toplevel() on ptolemy.moml.MoMLSimpleApplication@f29aa62
----------------- Done invoking toplevel() on ptolemy.moml.MoMLSimpleApplication@f29aa62
reloadAllAccessors: .CausalityInterface15
----------------- testing Mon May 21 01:14:42 UTC 2018 /home/travis/build/icyphy/ptII/ptolemy/domains/de/test/auto/CausalityInterface2.xml
----------------- Instantiating /home/travis/build/icyphy/ptII/ptolemy/domains/de/test/auto/CausalityInterface2.xml
1 ms. Memory: 647168K Free: 159299K (25%)
----------------- Invoking toplevel() on ptolemy.moml.MoMLSimpleApplication@39f897a3
----------------- Done invoking toplevel() on ptolemy.moml.MoMLSimpleApplication@39f897a3
reloadAllAccessors: .CausalityInterface2
----------------- testing Mon May 21 01:14:42 UTC 2018 /home/travis/build/icyphy/ptII/ptolemy/domains/de/test/auto/CausalityInterface3.xml
[...]
java.lang.RuntimeException: Execution failed
	at ptolemy.moml.MoMLSimpleApplication$UnloadThread.run(MoMLSimpleApplication.java:402)
Caused by: ptolemy.kernel.util.IllegalActionException: Test fails in iteration 1.
Value was: 1.0. Should have been: 2.0
  in .DirectFeedback.Test
	at ptolemy.actor.lib.Test.fire(Test.java:268)
	at ptolemy.domains.de.kernel.DEDirector._fire(DEDirector.java:1948)
	at ptolemy.domains.de.kernel.DEDirector.fire(DEDirector.java:502)
	at ptolemy.actor.CompositeActor.fire(CompositeActor.java:455)
	at ptolemy.actor.Manager.iterate(Manager.java:851)
	at ptolemy.actor.Manager.execute(Manager.java:369)
	at ptolemy.actor.Manager.run(Manager.java:1263)
	at ptolemy.actor.Manager$PtolemyRunThread.run(Manager.java:1915)
java.lang.RuntimeException: Execution failed
	at ptolemy.moml.MoMLSimpleApplication$UnloadThread.run(MoMLSimpleApplication.java:402)
Caused by: ptolemy.kernel.util.IllegalActionException: Actor is not ready to fire.  Perhaps UpSample.prefire() returned false? Try debugging the actor by selecting "Listen to Actor".  Also, for SDF check moml for tokenConsumptionRate on input.
  in .DESDFClockTest.Play Bell.Copy1:SDF Director and .DESDFClockTest.Play Bell.UpSample
	at ptolemy.actor.sched.StaticSchedulingDirector.fire(StaticSchedulingDirector.java:227)
	at ptolemy.domains.sdf.kernel.SDFDirector.fire(SDFDirector.java:500)
	at ptolemy.actor.CompositeActor.fire(CompositeActor.java:455)
	at ptolemy.domains.de.kernel.DEDirector._fire(DEDirector.java:1948)
	at ptolemy.domains.de.kernel.DEDirector.fire(DEDirector.java:502)
	at ptolemy.actor.CompositeActor.fire(CompositeActor.java:455)
	at ptolemy.actor.Manager.iterate(Manager.java:851)
	at ptolemy.actor.Manager.execute(Manager.java:369)
	at ptolemy.actor.Manager.run(Manager.java:1263)
	at ptolemy.actor.Manager$PtolemyRunThread.run(Manager.java:1915)
java.lang.reflect.InvocationTargetException
	at sun.reflect.NativeConstructorAccessorImpl.newInstance0(Native Method)
	at sun.reflect.NativeConstructorAccessorImpl.newInstance(NativeConstructorAccessorImpl.java:62)
	at sun.reflect.DelegatingConstructorAccessorImpl.newInstance(DelegatingConstructorAccessorImpl.java:45)
	at java.lang.reflect.Constructor.newInstance(Constructor.java:423)
	at ptolemy.util.test.junit.AutoKnownFailedTests.RunModel(AutoKnownFailedTests.java:107)
	at sun.reflect.NativeMethodAccessorImpl.invoke0(Native Method)
	at sun.reflect.NativeMethodAccessorImpl.invoke(NativeMethodAccessorImpl.java:62)
	at sun.reflect.DelegatingMethodAccessorImpl.invoke(DelegatingMethodAccessorImpl.java:43)
	at java.lang.reflect.Method.invoke(Method.java:498)
	at org.junit.runners.model.FrameworkMethod$1.runReflectiveCall(FrameworkMethod.java:44)
	at org.junit.internal.runners.model.ReflectiveCallable.run(ReflectiveCallable.java:15)
	at org.junit.runners.model.FrameworkMethod.invokeExplosively(FrameworkMethod.java:41)
	at junitparams.internal.InvokeParameterisedMethod.evaluate(InvokeParameterisedMethod.java:102)
	at org.junit.internal.runners.statements.FailOnTimeout$1.run(FailOnTimeout.java:28)
Caused by: ptolemy.kernel.util.IllegalActionException: Actor is not ready to fire.  Perhaps UpSample.prefire() returned false? Try debugging the actor by selecting "Listen to Actor".  Also, for SDF check moml for tokenConsumptionRate on input.
  in .DESDFClockTest.Play Bell.Copy1:SDF Director and .DESDFClockTest.Play Bell.UpSample
	at ptolemy.actor.sched.StaticSchedulingDirector.fire(StaticSchedulingDirector.java:227)
	at ptolemy.domains.sdf.kernel.SDFDirector.fire(SDFDirector.java:500)
	at ptolemy.actor.CompositeActor.fire(CompositeActor.java:455)
	at ptolemy.domains.de.kernel.DEDirector._fire(DEDirector.java:1948)
	at ptolemy.domains.de.kernel.DEDirector.fire(DEDirector.java:502)
	at ptolemy.actor.CompositeActor.fire(CompositeActor.java:455)
	at ptolemy.actor.Manager.iterate(Manager.java:851)
	at ptolemy.actor.Manager.execute(Manager.java:369)
	at ptolemy.actor.Manager.run(Manager.java:1263)
	at ptolemy.actor.Manager$PtolemyRunThread.run(Manager.java:1915)
java.lang.RuntimeException: Execution failed
	at ptolemy.moml.MoMLSimpleApplication$UnloadThread.run(MoMLSimpleApplication.java:402)
Caused by: ptolemy.kernel.util.IllegalActionException: Test fails in iteration 1.
Value was: 1.0. Should have been: 2.0
  in .DirectFeedback.Test
	at ptolemy.actor.lib.Test.fire(Test.java:268)
	at ptolemy.domains.de.kernel.DEDirector._fire(DEDirector.java:1948)
	at ptolemy.domains.de.kernel.DEDirector.fire(DEDirector.java:502)
	at ptolemy.actor.CompositeActor.fire(CompositeActor.java:455)
	at ptolemy.actor.Manager.iterate(Manager.java:851)
	at ptolemy.actor.Manager.execute(Manager.java:369)
	at ptolemy.actor.Manager.run(Manager.java:1263)
	at ptolemy.actor.Manager$PtolemyRunThread.run(Manager.java:1915)
java.lang.reflect.InvocationTargetException
	at sun.reflect.NativeConstructorAccessorImpl.newInstance0(Native Method)
	at sun.reflect.NativeConstructorAccessorImpl.newInstance(NativeConstructorAccessorImpl.java:62)
	at sun.reflect.DelegatingConstructorAccessorImpl.newInstance(DelegatingConstructorAccessorImpl.java:45)
	at java.lang.reflect.Constructor.newInstance(Constructor.java:423)
	at ptolemy.util.test.junit.AutoKnownFailedTests.RunModel(AutoKnownFailedTests.java:107)
	at sun.reflect.NativeMethodAccessorImpl.invoke0(Native Method)
	at sun.reflect.NativeMethodAccessorImpl.invoke(NativeMethodAccessorImpl.java:62)
	at sun.reflect.DelegatingMethodAccessorImpl.invoke(DelegatingMethodAccessorImpl.java:43)
	at java.lang.reflect.Method.invoke(Method.java:498)
	at org.junit.runners.model.FrameworkMethod$1.runReflectiveCall(FrameworkMethod.java:44)
	at org.junit.internal.runners.model.ReflectiveCallable.run(ReflectiveCallable.java:15)
	at org.junit.runners.model.FrameworkMethod.invokeExplosively(FrameworkMethod.java:41)
	at junitparams.internal.InvokeParameterisedMethod.evaluate(InvokeParameterisedMethod.java:102)
	at org.junit.internal.runners.statements.FailOnTimeout$1.run(FailOnTimeout.java:28)
Caused by: ptolemy.kernel.util.IllegalActionException: Test fails in iteration 1.
Value was: 1.0. Should have been: 2.0
  in .DirectFeedback.Test
	at ptolemy.actor.lib.Test.fire(Test.java:268)
	at ptolemy.domains.de.kernel.DEDirector._fire(DEDirector.java:1948)
	at ptolemy.domains.de.kernel.DEDirector.fire(DEDirector.java:502)
	at ptolemy.actor.CompositeActor.fire(CompositeActor.java:455)
	at ptolemy.actor.Manager.iterate(Manager.java:851)
	at ptolemy.actor.Manager.execute(Manager.java:369)
	at ptolemy.actor.Manager.run(Manager.java:1263)
	at ptolemy.actor.Manager$PtolemyRunThread.run(Manager.java:1915)
java.lang.RuntimeException: Execution failed
	at ptolemy.moml.MoMLSimpleApplication$UnloadThread.run(MoMLSimpleApplication.java:402)
Caused by: ptolemy.kernel.util.IllegalActionException: Found a zero delay loop containing .HierarchicalModel.A
  in .HierarchicalModel and .HierarchicalModel.A
	at ptolemy.actor.util.CausalityInterfaceForComposites._computeOutputPortDepth(CausalityInterfaceForComposites.java:759)
	at ptolemy.actor.util.CausalityInterfaceForComposites._computeInputDepth(CausalityInterfaceForComposites.java:696)
	at ptolemy.actor.util.CausalityInterfaceForComposites._computeOutputPortDepth(CausalityInterfaceForComposites.java:765)
	at ptolemy.actor.util.CausalityInterfaceForComposites._computeInputDepth(CausalityInterfaceForComposites.java:696)
	at ptolemy.actor.util.CausalityInterfaceForComposites._computeOutputPortDepth(CausalityInterfaceForComposites.java:765)
	at ptolemy.actor.util.CausalityInterfaceForComposites._computeInputDepth(CausalityInterfaceForComposites.java:696)
	at ptolemy.actor.util.CausalityInterfaceForComposites._computeActorDepth(CausalityInterfaceForComposites.java:532)
	at ptolemy.actor.util.CausalityInterfaceForComposites.checkForCycles(CausalityInterfaceForComposites.java:96)
	at ptolemy.domains.de.kernel.DEDirector.preinitialize(DEDirector.java:1337)
	at ptolemy.actor.CompositeActor.preinitialize(CompositeActor.java:1828)
	at ptolemy.actor.Manager.preinitializeAndResolveTypes(Manager.java:1040)
	at ptolemy.actor.Manager.initialize(Manager.java:710)
	at ptolemy.actor.Manager.execute(Manager.java:356)
	at ptolemy.actor.Manager.run(Manager.java:1263)
	at ptolemy.actor.Manager$PtolemyRunThread.run(Manager.java:1915)
java.lang.reflect.InvocationTargetException
	at sun.reflect.NativeConstructorAccessorImpl.newInstance0(Native Method)
	at sun.reflect.NativeConstructorAccessorImpl.newInstance(NativeConstructorAccessorImpl.java:62)
	at sun.reflect.DelegatingConstructorAccessorImpl.newInstance(DelegatingConstructorAccessorImpl.java:45)
	at java.lang.reflect.Constructor.newInstance(Constructor.java:423)
	at ptolemy.util.test.junit.AutoKnownFailedTests.RunModel(AutoKnownFailedTests.java:107)
	at sun.reflect.NativeMethodAccessorImpl.invoke0(Native Method)
	at sun.reflect.NativeMethodAccessorImpl.invoke(NativeMethodAccessorImpl.java:62)
	at sun.reflect.DelegatingMethodAccessorImpl.invoke(DelegatingMethodAccessorImpl.java:43)
	at java.lang.reflect.Method.invoke(Method.java:498)
	at org.junit.runners.model.FrameworkMethod$1.runReflectiveCall(FrameworkMethod.java:44)
	at org.junit.internal.runners.model.ReflectiveCallable.run(ReflectiveCallable.java:15)
	at org.junit.runners.model.FrameworkMethod.invokeExplosively(FrameworkMethod.java:41)
	at junitparams.internal.InvokeParameterisedMethod.evaluate(InvokeParameterisedMethod.java:102)
	at org.junit.internal.runners.statements.FailOnTimeout$1.run(FailOnTimeout.java:28)
Caused by: ptolemy.kernel.util.IllegalActionException: Found a zero delay loop containing .HierarchicalModel.A
  in .HierarchicalModel and .HierarchicalModel.A
	at ptolemy.actor.util.CausalityInterfaceForComposites._computeOutputPortDepth(CausalityInterfaceForComposites.java:759)
	at ptolemy.actor.util.CausalityInterfaceForComposites._computeInputDepth(CausalityInterfaceForComposites.java:696)
	at ptolemy.actor.util.CausalityInterfaceForComposites._computeOutputPortDepth(CausalityInterfaceForComposites.java:765)
	at ptolemy.actor.util.CausalityInterfaceForComposites._computeInputDepth(CausalityInterfaceForComposites.java:696)
	at ptolemy.actor.util.CausalityInterfaceForComposites._computeOutputPortDepth(CausalityInterfaceForComposites.java:765)
	at ptolemy.actor.util.CausalityInterfaceForComposites._computeInputDepth(CausalityInterfaceForComposites.java:696)
	at ptolemy.actor.util.CausalityInterfaceForComposites._computeActorDepth(CausalityInterfaceForComposites.java:532)
	at ptolemy.actor.util.CausalityInterfaceForComposites.checkForCycles(CausalityInterfaceForComposites.java:96)
	at ptolemy.domains.de.kernel.DEDirector.preinitialize(DEDirector.java:1337)
	at ptolemy.actor.CompositeActor.preinitialize(CompositeActor.java:1828)
	at ptolemy.actor.Manager.preinitializeAndResolveTypes(Manager.java:1040)
	at ptolemy.actor.Manager.initialize(Manager.java:710)
	at ptolemy.actor.Manager.execute(Manager.java:356)
	at ptolemy.actor.Manager.run(Manager.java:1263)
	at ptolemy.actor.Manager$PtolemyRunThread.run(Manager.java:1915)
java.lang.RuntimeException: Execution failed
	at ptolemy.moml.MoMLSimpleApplication$UnloadThread.run(MoMLSimpleApplication.java:402)
Caused by: ptolemy.kernel.util.IllegalActionException: Found a zero delay loop containing .dependencyLoop.original
  in .dependencyLoop and .dependencyLoop.original
	at ptolemy.actor.util.CausalityInterfaceForComposites._computeOutputPortDepth(CausalityInterfaceForComposites.java:759)
	at ptolemy.actor.util.CausalityInterfaceForComposites._computeInputDepth(CausalityInterfaceForComposites.java:696)
	at ptolemy.actor.util.CausalityInterfaceForComposites._computeOutputPortDepth(CausalityInterfaceForComposites.java:765)
	at ptolemy.actor.util.CausalityInterfaceForComposites._computeInputDepth(CausalityInterfaceForComposites.java:696)
	at ptolemy.actor.util.CausalityInterfaceForComposites._computeOutputPortDepth(CausalityInterfaceForComposites.java:765)
	at ptolemy.actor.util.CausalityInterfaceForComposites._computeInputDepth(CausalityInterfaceForComposites.java:696)
	at ptolemy.actor.util.CausalityInterfaceForComposites._computeActorDepth(CausalityInterfaceForComposites.java:532)
	at ptolemy.actor.util.CausalityInterfaceForComposites.checkForCycles(CausalityInterfaceForComposites.java:96)
	at ptolemy.domains.de.kernel.DEDirector.preinitialize(DEDirector.java:1337)
	at ptolemy.actor.CompositeActor.preinitialize(CompositeActor.java:1828)
	at ptolemy.actor.Manager.preinitializeAndResolveTypes(Manager.java:1040)
	at ptolemy.actor.Manager.initialize(Manager.java:710)
	at ptolemy.actor.Manager.execute(Manager.java:356)
	at ptolemy.actor.Manager.run(Manager.java:1263)
	at ptolemy.actor.Manager$PtolemyRunThread.run(Manager.java:1915)
java.lang.reflect.InvocationTargetException
	at sun.reflect.NativeConstructorAccessorImpl.newInstance0(Native Method)
	at sun.reflect.NativeConstructorAccessorImpl.newInstance(NativeConstructorAccessorImpl.java:62)
	at sun.reflect.DelegatingConstructorAccessorImpl.newInstance(DelegatingConstructorAccessorImpl.java:45)
	at java.lang.reflect.Constructor.newInstance(Constructor.java:423)
	at ptolemy.util.test.junit.AutoKnownFailedTests.RunModel(AutoKnownFailedTests.java:107)
	at sun.reflect.NativeMethodAccessorImpl.invoke0(Native Method)
	at sun.reflect.NativeMethodAccessorImpl.invoke(NativeMethodAccessorImpl.java:62)
	at sun.reflect.DelegatingMethodAccessorImpl.invoke(DelegatingMethodAccessorImpl.java:43)
	at java.lang.reflect.Method.invoke(Method.java:498)
	at org.junit.runners.model.FrameworkMethod$1.runReflectiveCall(FrameworkMethod.java:44)
	at org.junit.internal.runners.model.ReflectiveCallable.run(ReflectiveCallable.java:15)
	at org.junit.runners.model.FrameworkMethod.invokeExplosively(FrameworkMethod.java:41)
	at junitparams.internal.InvokeParameterisedMethod.evaluate(InvokeParameterisedMethod.java:102)
	at org.junit.internal.runners.statements.FailOnTimeout$1.run(FailOnTimeout.java:28)
Caused by: ptolemy.kernel.util.IllegalActionException: Found a zero delay loop containing .dependencyLoop.original
  in .dependencyLoop and .dependencyLoop.original
	at ptolemy.actor.util.CausalityInterfaceForComposites._computeOutputPortDepth(CausalityInterfaceForComposites.java:759)
	at ptolemy.actor.util.CausalityInterfaceForComposites._computeInputDepth(CausalityInterfaceForComposites.java:696)
	at ptolemy.actor.util.CausalityInterfaceForComposites._computeOutputPortDepth(CausalityInterfaceForComposites.java:765)
	at ptolemy.actor.util.CausalityInterfaceForComposites._computeInputDepth(CausalityInterfaceForComposites.java:696)
	at ptolemy.actor.util.CausalityInterfaceForComposites._computeOutputPortDepth(CausalityInterfaceForComposites.java:765)
	at ptolemy.actor.util.CausalityInterfaceForComposites._computeInputDepth(CausalityInterfaceForComposites.java:696)
	at ptolemy.actor.util.CausalityInterfaceForComposites._computeActorDepth(CausalityInterfaceForComposites.java:532)
	at ptolemy.actor.util.CausalityInterfaceForComposites.checkForCycles(CausalityInterfaceForComposites.java:96)
	at ptolemy.domains.de.kernel.DEDirector.preinitialize(DEDirector.java:1337)
	at ptolemy.actor.CompositeActor.preinitialize(CompositeActor.java:1828)
	at ptolemy.actor.Manager.preinitializeAndResolveTypes(Manager.java:1040)
	at ptolemy.actor.Manager.initialize(Manager.java:710)
	at ptolemy.actor.Manager.execute(Manager.java:356)
	at ptolemy.actor.Manager.run(Manager.java:1263)
	at ptolemy.actor.Manager$PtolemyRunThread.run(Manager.java:1915)
java.lang.RuntimeException: Execution failed
	at ptolemy.moml.MoMLSimpleApplication$UnloadThread.run(MoMLSimpleApplication.java:402)
Caused by: ptolemy.kernel.util.IllegalActionException: Found a zero delay loop containing .dependencyLoop2.original
  in .dependencyLoop2 and .dependencyLoop2.original
	at ptolemy.actor.util.CausalityInterfaceForComposites._computeOutputPortDepth(CausalityInterfaceForComposites.java:759)
	at ptolemy.actor.util.CausalityInterfaceForComposites._computeInputDepth(CausalityInterfaceForComposites.java:696)
	at ptolemy.actor.util.CausalityInterfaceForComposites._computeOutputPortDepth(CausalityInterfaceForComposites.java:765)
	at ptolemy.actor.util.CausalityInterfaceForComposites._computeInputDepth(CausalityInterfaceForComposites.java:696)
	at ptolemy.actor.util.CausalityInterfaceForComposites._computeOutputPortDepth(CausalityInterfaceForComposites.java:765)
	at ptolemy.actor.util.CausalityInterfaceForComposites._computeInputDepth(CausalityInterfaceForComposites.java:696)
	at ptolemy.actor.util.CausalityInterfaceForComposites._computeActorDepth(CausalityInterfaceForComposites.java:532)
	at ptolemy.actor.util.CausalityInterfaceForComposites.checkForCycles(CausalityInterfaceForComposites.java:96)
	at ptolemy.domains.de.kernel.DEDirector.preinitialize(DEDirector.java:1337)
	at ptolemy.actor.CompositeActor.preinitialize(CompositeActor.java:1828)
	at ptolemy.actor.Manager.preinitializeAndResolveTypes(Manager.java:1040)
	at ptolemy.actor.Manager.initialize(Manager.java:710)
	at ptolemy.actor.Manager.execute(Manager.java:356)
	at ptolemy.actor.Manager.run(Manager.java:1263)
	at ptolemy.actor.Manager$PtolemyRunThread.run(Manager.java:1915)
java.lang.reflect.InvocationTargetException
	at sun.reflect.NativeConstructorAccessorImpl.newInstance0(Native Method)
	at sun.reflect.NativeConstructorAccessorImpl.newInstance(NativeConstructorAccessorImpl.java:62)
	at sun.reflect.DelegatingConstructorAccessorImpl.newInstance(DelegatingConstructorAccessorImpl.java:45)
	at java.lang.reflect.Constructor.newInstance(Constructor.java:423)
	at ptolemy.util.test.junit.AutoKnownFailedTests.RunModel(AutoKnownFailedTests.java:107)
	at sun.reflect.NativeMethodAccessorImpl.invoke0(Native Method)
	at sun.reflect.NativeMethodAccessorImpl.invoke(NativeMethodAccessorImpl.java:62)
	at sun.reflect.DelegatingMethodAccessorImpl.invoke(DelegatingMethodAccessorImpl.java:43)
	at java.lang.reflect.Method.invoke(Method.java:498)
	at org.junit.runners.model.FrameworkMethod$1.runReflectiveCall(FrameworkMethod.java:44)
	at org.junit.internal.runners.model.ReflectiveCallable.run(ReflectiveCallable.java:15)
	at org.junit.runners.model.FrameworkMethod.invokeExplosively(FrameworkMethod.java:41)
	at junitparams.internal.InvokeParameterisedMethod.evaluate(InvokeParameterisedMethod.java:102)
	at org.junit.internal.runners.statements.FailOnTimeout$1.run(FailOnTimeout.java:28)
Caused by: ptolemy.kernel.util.IllegalActionException: Found a zero delay loop containing .dependencyLoop2.original
  in .dependencyLoop2 and .dependencyLoop2.original
	at ptolemy.actor.util.CausalityInterfaceForComposites._computeOutputPortDepth(CausalityInterfaceForComposites.java:759)
	at ptolemy.actor.util.CausalityInterfaceForComposites._computeInputDepth(CausalityInterfaceForComposites.java:696)
	at ptolemy.actor.util.CausalityInterfaceForComposites._computeOutputPortDepth(CausalityInterfaceForComposites.java:765)
	at ptolemy.actor.util.CausalityInterfaceForComposites._computeInputDepth(CausalityInterfaceForComposites.java:696)
	at ptolemy.actor.util.CausalityInterfaceForComposites._computeOutputPortDepth(CausalityInterfaceForComposites.java:765)
	at ptolemy.actor.util.CausalityInterfaceForComposites._computeInputDepth(CausalityInterfaceForComposites.java:696)
	at ptolemy.actor.util.CausalityInterfaceForComposites._computeActorDepth(CausalityInterfaceForComposites.java:532)
	at ptolemy.actor.util.CausalityInterfaceForComposites.checkForCycles(CausalityInterfaceForComposites.java:96)
	at ptolemy.domains.de.kernel.DEDirector.preinitialize(DEDirector.java:1337)
	at ptolemy.actor.CompositeActor.preinitialize(CompositeActor.java:1828)
	at ptolemy.actor.Manager.preinitializeAndResolveTypes(Manager.java:1040)
	at ptolemy.actor.Manager.initialize(Manager.java:710)
	at ptolemy.actor.Manager.execute(Manager.java:356)
	at ptolemy.actor.Manager.run(Manager.java:1263)
	at ptolemy.actor.Manager$PtolemyRunThread.run(Manager.java:1915)
]]></system-err>
</testsuite>
