<?xml version="1.0" encoding="UTF-8" ?>
<testsuite errors="0" failures="0" hostname="travis-job-2bfec96f-2ce4-4f9d-a2ad-052871c64d08" name="ptolemy.domains.sdf.test.junit.JUnitTclTest" skipped="0" tests="66" time="19.677" timestamp="2018-05-10T15:08:07">
  <properties>
[...]
</properties>
  <testcase classname="ptolemy.util.test.junit.TclTests" name="[0] /home/travis/build/icyphy/ptII/ptolemy/domains/sdf/test/SDFSchedulerErrors.tcl (RunTclFile)" time="0.628" />
  <testcase classname="ptolemy.util.test.junit.TclTests" name="[1] /home/travis/build/icyphy/ptII/ptolemy/domains/sdf/test/composition.tcl (RunTclFile)" time="0.163" />
  <testcase classname="ptolemy.util.test.junit.TclTests" name="[2] /home/travis/build/icyphy/ptII/ptolemy/domains/sdf/test/cycle.tcl (RunTclFile)" time="0.039" />
  <testcase classname="ptolemy.util.test.junit.AutoKnownFailedTests" name="[0] ThereAreNoKnowFailedTests (RunModel)" time="0.005" />
  <testcase classname="ptolemy.util.test.junit.AutoNameArchTests" name="[0] ThereAreNoAutoTests (RunModel)" time="0.012" />
  <testcase classname="ptolemy.util.test.junit.AutoTests" name="[0] /home/travis/build/icyphy/ptII/ptolemy/domains/sdf/test/auto/Array.xml (RunModel)" time="0.129" />
  <testcase classname="ptolemy.util.test.junit.AutoTests" name="[1] /home/travis/build/icyphy/ptII/ptolemy/domains/sdf/test/auto/Butterfly.xml (RunModel)" time="0.159" />
  <testcase classname="ptolemy.util.test.junit.AutoTests" name="[2] /home/travis/build/icyphy/ptII/ptolemy/domains/sdf/test/auto/Expression.xml (RunModel)" time="0.103" />
  <testcase classname="ptolemy.util.test.junit.AutoTests" name="[3] /home/travis/build/icyphy/ptII/ptolemy/domains/sdf/test/auto/Eye.xml (RunModel)" time="0.326" />
  <testcase classname="ptolemy.util.test.junit.AutoTests" name="[4] /home/travis/build/icyphy/ptII/ptolemy/domains/sdf/test/auto/FixFIR.xml (RunModel)" time="0.361" />
  <testcase classname="ptolemy.util.test.junit.AutoTests" name="[5] /home/travis/build/icyphy/ptII/ptolemy/domains/sdf/test/auto/FixPoint.xml (RunModel)" time="0.067" />
  <testcase classname="ptolemy.util.test.junit.AutoTests" name="[6] /home/travis/build/icyphy/ptII/ptolemy/domains/sdf/test/auto/Gravitation.xml (RunModel)" time="3.27" />
  <testcase classname="ptolemy.util.test.junit.AutoTests" name="[7] /home/travis/build/icyphy/ptII/ptolemy/domains/sdf/test/auto/GravitationWithCollisionDetection.xml (RunModel)" time="6.216" />
  <testcase classname="ptolemy.util.test.junit.AutoTests" name="[8] /home/travis/build/icyphy/ptII/ptolemy/domains/sdf/test/auto/HDF.xml (RunModel)" time="0.091" />
  <testcase classname="ptolemy.util.test.junit.AutoTests" name="[9] /home/travis/build/icyphy/ptII/ptolemy/domains/sdf/test/auto/HDFwithTransientStates.xml (RunModel)" time="0.146" />
  <testcase classname="ptolemy.util.test.junit.AutoTests" name="[10] /home/travis/build/icyphy/ptII/ptolemy/domains/sdf/test/auto/HTVQ.xml (RunModel)" time="0.799" />
  <testcase classname="ptolemy.util.test.junit.AutoTests" name="[11] /home/travis/build/icyphy/ptII/ptolemy/domains/sdf/test/auto/InferInitProduction.xml (RunModel)" time="0.03" />
  <testcase classname="ptolemy.util.test.junit.AutoTests" name="[12] /home/travis/build/icyphy/ptII/ptolemy/domains/sdf/test/auto/InferInitProductionDeeper.xml (RunModel)" time="0.028" />
  <testcase classname="ptolemy.util.test.junit.AutoTests" name="[13] /home/travis/build/icyphy/ptII/ptolemy/domains/sdf/test/auto/LMSAdaptive.xml (RunModel)" time="0.083" />
  <testcase classname="ptolemy.util.test.junit.AutoTests" name="[14] /home/travis/build/icyphy/ptII/ptolemy/domains/sdf/test/auto/LogisticMap.xml (RunModel)" time="0.488" />
  <testcase classname="ptolemy.util.test.junit.AutoTests" name="[15] /home/travis/build/icyphy/ptII/ptolemy/domains/sdf/test/auto/MaximumEntropySpectrum.xml (RunModel)" time="0.219" />
  <testcase classname="ptolemy.util.test.junit.AutoTests" name="[16] /home/travis/build/icyphy/ptII/ptolemy/domains/sdf/test/auto/MultirateSDF.xml (RunModel)" time="0.08" />
  <testcase classname="ptolemy.util.test.junit.AutoTests" name="[17] /home/travis/build/icyphy/ptII/ptolemy/domains/sdf/test/auto/MultirateSDFwithTransientStates.xml (RunModel)" time="0.085" />
  <testcase classname="ptolemy.util.test.junit.AutoTests" name="[18] /home/travis/build/icyphy/ptII/ptolemy/domains/sdf/test/auto/NoisySinewave.xml (RunModel)" time="0.065" />
  <testcase classname="ptolemy.util.test.junit.AutoTests" name="[19] /home/travis/build/icyphy/ptII/ptolemy/domains/sdf/test/auto/Objects.xml (RunModel)" time="0.061" />
  <testcase classname="ptolemy.util.test.junit.AutoTests" name="[20] /home/travis/build/icyphy/ptII/ptolemy/domains/sdf/test/auto/OrthogonalCom.xml (RunModel)" time="0.044" />
  <testcase classname="ptolemy.util.test.junit.AutoTests" name="[21] /home/travis/build/icyphy/ptII/ptolemy/domains/sdf/test/auto/RijndaelEncryption.xml (RunModel)" time="0.48" />
  <testcase classname="ptolemy.util.test.junit.AutoTests" name="[22] /home/travis/build/icyphy/ptII/ptolemy/domains/sdf/test/auto/SDFEmptyIterations.xml (RunModel)" time="0.03" />
  <testcase classname="ptolemy.util.test.junit.AutoTests" name="[23] /home/travis/build/icyphy/ptII/ptolemy/domains/sdf/test/auto/Spectrum.xml (RunModel)" time="0.072" />
  <testcase classname="ptolemy.util.test.junit.AutoTests" name="[24] /home/travis/build/icyphy/ptII/ptolemy/domains/sdf/test/auto/de_inside_sdf.xml (RunModel)" time="0.024" />
  <testcase classname="ptolemy.util.test.junit.AutoTests" name="[25] /home/travis/build/icyphy/ptII/ptolemy/domains/sdf/test/auto/disconnectedHierarchicalSDF.xml (RunModel)" time="0.029" />
  <testcase classname="ptolemy.util.test.junit.AutoTests" name="[26] /home/travis/build/icyphy/ptII/ptolemy/domains/sdf/test/auto/disconnectedSDF.xml (RunModel)" time="0.025" />
  <testcase classname="ptolemy.util.test.junit.AutoTests" name="[27] /home/travis/build/icyphy/ptII/ptolemy/domains/sdf/test/auto/emptyRefinement.xml (RunModel)" time="0.029" />
  <testcase classname="ptolemy.util.test.junit.AutoTests" name="[28] /home/travis/build/icyphy/ptII/ptolemy/domains/sdf/test/auto/filePortParameter.xml (RunModel)" time="0.06" />
  <testcase classname="ptolemy.util.test.junit.AutoTests" name="[29] /home/travis/build/icyphy/ptII/ptolemy/domains/sdf/test/auto/inferRelationWidth1.xml (RunModel)" time="0.016" />
  <testcase classname="ptolemy.util.test.junit.AutoTests" name="[30] /home/travis/build/icyphy/ptII/ptolemy/domains/sdf/test/auto/initProductionInference.xml (RunModel)" time="0.023" />
  <testcase classname="ptolemy.util.test.junit.AutoTests" name="[31] /home/travis/build/icyphy/ptII/ptolemy/domains/sdf/test/auto/relationGroup.xml (RunModel)" time="0.018" />
  <testcase classname="ptolemy.util.test.junit.AutoTests" name="[32] /home/travis/build/icyphy/ptII/ptolemy/domains/sdf/test/auto/relationGroup10.xml (RunModel)" time="0.018" />
  <testcase classname="ptolemy.util.test.junit.AutoTests" name="[33] /home/travis/build/icyphy/ptII/ptolemy/domains/sdf/test/auto/relationGroup11.xml (RunModel)" time="0.019" />
  <testcase classname="ptolemy.util.test.junit.AutoTests" name="[34] /home/travis/build/icyphy/ptII/ptolemy/domains/sdf/test/auto/relationGroup12.xml (RunModel)" time="0.021" />
  <testcase classname="ptolemy.util.test.junit.AutoTests" name="[35] /home/travis/build/icyphy/ptII/ptolemy/domains/sdf/test/auto/relationGroup13.xml (RunModel)" time="0.027" />
  <testcase classname="ptolemy.util.test.junit.AutoTests" name="[36] /home/travis/build/icyphy/ptII/ptolemy/domains/sdf/test/auto/relationGroup14.xml (RunModel)" time="0.019" />
  <testcase classname="ptolemy.util.test.junit.AutoTests" name="[37] /home/travis/build/icyphy/ptII/ptolemy/domains/sdf/test/auto/relationGroup15.xml (RunModel)" time="0.016" />
  <testcase classname="ptolemy.util.test.junit.AutoTests" name="[38] /home/travis/build/icyphy/ptII/ptolemy/domains/sdf/test/auto/relationGroup2.xml (RunModel)" time="0.016" />
  <testcase classname="ptolemy.util.test.junit.AutoTests" name="[39] /home/travis/build/icyphy/ptII/ptolemy/domains/sdf/test/auto/relationGroup3.xml (RunModel)" time="0.008" />
  <testcase classname="ptolemy.util.test.junit.AutoTests" name="[40] /home/travis/build/icyphy/ptII/ptolemy/domains/sdf/test/auto/relationGroup4.xml (RunModel)" time="0.019" />
  <testcase classname="ptolemy.util.test.junit.AutoTests" name="[41] /home/travis/build/icyphy/ptII/ptolemy/domains/sdf/test/auto/relationGroup5.xml (RunModel)" time="0.016" />
  <testcase classname="ptolemy.util.test.junit.AutoTests" name="[42] /home/travis/build/icyphy/ptII/ptolemy/domains/sdf/test/auto/relationGroup6.xml (RunModel)" time="0.024" />
  <testcase classname="ptolemy.util.test.junit.AutoTests" name="[43] /home/travis/build/icyphy/ptII/ptolemy/domains/sdf/test/auto/relationGroup7.xml (RunModel)" time="0.018" />
  <testcase classname="ptolemy.util.test.junit.AutoTests" name="[44] /home/travis/build/icyphy/ptII/ptolemy/domains/sdf/test/auto/relationGroup8.xml (RunModel)" time="0.019" />
  <testcase classname="ptolemy.util.test.junit.AutoTests" name="[45] /home/travis/build/icyphy/ptII/ptolemy/domains/sdf/test/auto/relationGroup9.xml (RunModel)" time="0.021" />
  <testcase classname="ptolemy.util.test.junit.AutoTests" name="[46] /home/travis/build/icyphy/ptII/ptolemy/domains/sdf/test/auto/sdf_inside_de.xml (RunModel)" time="0.051" />
  <testcase classname="ptolemy.util.test.junit.AutoTests" name="[47] /home/travis/build/icyphy/ptII/ptolemy/domains/sdf/test/auto/sdf_inside_pn.xml (RunModel)" time="0.056" />
  <testcase classname="ptolemy.util.test.junit.AutoTests" name="[48] /home/travis/build/icyphy/ptII/ptolemy/domains/sdf/test/auto/sdf_sdf1.xml (RunModel)" time="0.02" />
  <testcase classname="ptolemy.util.test.junit.AutoTests" name="[49] /home/travis/build/icyphy/ptII/ptolemy/domains/sdf/test/auto/test1.xml (RunModel)" time="0.017" />
  <testcase classname="ptolemy.util.test.junit.AutoTests" name="[50] /home/travis/build/icyphy/ptII/ptolemy/domains/sdf/test/auto/time1.xml (RunModel)" time="0.009" />
  <testcase classname="ptolemy.util.test.junit.AutoTests" name="[51] /home/travis/build/icyphy/ptII/ptolemy/domains/sdf/test/auto/time2.xml (RunModel)" time="0.012" />
  <testcase classname="ptolemy.util.test.junit.AutoTests" name="[52] /home/travis/build/icyphy/ptII/ptolemy/domains/sdf/test/auto/time3.xml (RunModel)" time="0.031" />
  <testcase classname="ptolemy.util.test.junit.AutoTests" name="[53] /home/travis/build/icyphy/ptII/ptolemy/domains/sdf/test/auto/time4.xml (RunModel)" time="0.019" />
  <testcase classname="ptolemy.util.test.junit.AutoTests" name="[54] /home/travis/build/icyphy/ptII/ptolemy/domains/sdf/test/auto/time5.xml (RunModel)" time="4.009" />
  <testcase classname="ptolemy.util.test.junit.AutoTests" name="[55] /home/travis/build/icyphy/ptII/ptolemy/domains/sdf/test/auto/typeSystem_Const_Integer_smallest_Type.xml (RunModel)" time="0.03" />
  <testcase classname="ptolemy.util.test.junit.AutoTests" name="[56] /home/travis/build/icyphy/ptII/ptolemy/domains/sdf/test/auto/typeSystem_declared_Inports_OutportTypeException.xml (RunModel)" time="0.018" />
  <testcase classname="ptolemy.util.test.junit.AutoTests" name="[57] /home/travis/build/icyphy/ptII/ptolemy/domains/sdf/test/auto/typeSystem_oneDeclaredInportType_wrongTypeOutport.xml (RunModel)" time="0.023" />
  <testcase classname="ptolemy.util.test.junit.AutoTests" name="[58] /home/travis/build/icyphy/ptII/ptolemy/domains/sdf/test/auto/width.xml (RunModel)" time="0.011" />
  <testcase classname="ptolemy.util.test.junit.AutoTests" name="[59] /home/travis/build/icyphy/ptII/ptolemy/domains/sdf/test/auto/width2.xml (RunModel)" time="0.038" />
  <testcase classname="ptolemy.util.test.junit.AutoTests" name="[60] /home/travis/build/icyphy/ptII/ptolemy/domains/sdf/test/auto/width3.xml (RunModel)" time="0.039" />
  <system-out><![CDATA[/home/travis/build/icyphy/ptII/ptolemy/domains/sdf/test/SDFSchedulerErrors.tcl
testDefs.tcl: setting time out to 9000 seconds at Thu May 10 15:08:07 UTC 2018
17 ms. Memory: 116224K Free: 106933K (92%)
5 ms. Memory: 116224K Free: 99917K (86%)
4 ms. Memory: 116224K Free: 92895K (80%)
3 ms. Memory: 116224K Free: 89818K (77%)
/home/travis/build/icyphy/ptII/ptolemy/domains/sdf/test/composition.tcl
38 ms. Memory: 116224K Free: 86190K (74%)
11 ms. Memory: 116224K Free: 83805K (72%)
/home/travis/build/icyphy/ptII/ptolemy/domains/sdf/test/cycle.tcl
.Toplevel.Director Preinitializing ...
Invoking preinitialize():  .Toplevel.Actor1
Invoking preinitialize():  .Toplevel.Actor2
Invoking preinitialize():  .Toplevel.Delay
.Toplevel.Director Finished preinitialize().
### Schedule:
Execute Schedule{
Fire Actor ptolemy.domains.sdf.kernel.test.SDFTestDelay {.Toplevel.Actor1}
Fire Actor ptolemy.domains.sdf.kernel.test.SDFTestDelay {.Toplevel.Actor2}
Fire Actor ptolemy.domains.sdf.lib.SampleDelay {.Toplevel.Delay}
}
### End schedule
Called initialize().
Invoking initialize():  .Toplevel.Actor1
Initializing actor: .Toplevel.Actor1.
Invoking initialize():  .Toplevel.Actor2
Initializing actor: .Toplevel.Actor2.
Invoking initialize():  .Toplevel.Delay
Initializing actor: .Toplevel.Delay.
Director: Called prefire().
-- Setting current time to 0.0
Director prefire returns true.
The actor .Toplevel.Actor1 will be iterated.
The actor .Toplevel.Actor1 was iterated.
The actor .Toplevel.Actor2 will be iterated.
The actor .Toplevel.Actor2 was iterated.
The actor .Toplevel.Delay will be iterated.
The actor .Toplevel.Delay was iterated.
Director: Called postfire().
Postfire returns: true
Director: Called prefire().
-- Setting current time to 0.0
Director prefire returns true.
The actor .Toplevel.Actor1 will be iterated.
The actor .Toplevel.Actor1 was iterated.
The actor .Toplevel.Actor2 will be iterated.
The actor .Toplevel.Actor2 was iterated.
The actor .Toplevel.Delay will be iterated.
The actor .Toplevel.Delay was iterated.
Director: Called postfire().
Postfire returns: true
Director: Called prefire().
-- Setting current time to 0.0
Director prefire returns true.
The actor .Toplevel.Actor1 will be iterated.
The actor .Toplevel.Actor1 was iterated.
The actor .Toplevel.Actor2 will be iterated.
The actor .Toplevel.Actor2 was iterated.
The actor .Toplevel.Delay will be iterated.
The actor .Toplevel.Delay was iterated.
Director: Called postfire().
Postfire returns: true
Director: Called prefire().
-- Setting current time to 0.0
Director prefire returns true.
The actor .Toplevel.Actor1 will be iterated.
The actor .Toplevel.Actor1 was iterated.
The actor .Toplevel.Actor2 will be iterated.
The actor .Toplevel.Actor2 was iterated.
The actor .Toplevel.Delay will be iterated.
The actor .Toplevel.Delay was iterated.
Director: Called postfire().
Postfire returns: true
Director: Called prefire().
-- Setting current time to 0.0
Director prefire returns true.
The actor .Toplevel.Actor1 will be iterated.
The actor .Toplevel.Actor1 was iterated.
The actor .Toplevel.Actor2 will be iterated.
The actor .Toplevel.Actor2 was iterated.
The actor .Toplevel.Delay will be iterated.
The actor .Toplevel.Delay was iterated.
Director: Called postfire().
Postfire returns: true
Director: Called prefire().
-- Setting current time to 0.0
Director prefire returns true.
The actor .Toplevel.Actor1 will be iterated.
The actor .Toplevel.Actor1 was iterated.
The actor .Toplevel.Actor2 will be iterated.
The actor .Toplevel.Actor2 was iterated.
The actor .Toplevel.Delay will be iterated.
The actor .Toplevel.Delay was iterated.
Reached specified number of iterations: 6
Director: Called wrapup().
10 ms. Memory: 116224K Free: 82029K (71%)
05/10/18 03:08:08
Failed: 0  Total Tests: 8  ((Passed: 8, Newly Passed: 0)  Known Failed: 0) /home/travis/build/icyphy/ptII/ptolemy/domains/sdf/test
No auto/knownFailedTests/*.xml tests in /home/travis/build/icyphy/ptII/ptolemy/domains/sdf/test
No auto/*.xml tests in /home/travis/build/icyphy/ptII/ptolemy/domains/sdf/test
AutoTests.java: About to close Vertx.
AutoTests.java: Vertx closed.
----------------- testing Thu May 10 15:08:08 UTC 2018 /home/travis/build/icyphy/ptII/ptolemy/domains/sdf/test/auto/Array.xml
----------------- Instantiating /home/travis/build/icyphy/ptII/ptolemy/domains/sdf/test/auto/Array.xml
29 ms. Memory: 146944K Free: 102201K (70%)
----------------- Invoking toplevel() on ptolemy.moml.MoMLSimpleApplication@f697a80
----------------- Done invoking toplevel() on ptolemy.moml.MoMLSimpleApplication@f697a80
reloadAllAccessors: .Array
----------------- testing Thu May 10 15:08:09 UTC 2018 /home/travis/build/icyphy/ptII/ptolemy/domains/sdf/test/auto/Butterfly.xml
----------------- Instantiating /home/travis/build/icyphy/ptII/ptolemy/domains/sdf/test/auto/Butterfly.xml
96 ms. Memory: 146944K Free: 95403K (65%)
----------------- Invoking toplevel() on ptolemy.moml.MoMLSimpleApplication@46e21ed9
----------------- Done invoking toplevel() on ptolemy.moml.MoMLSimpleApplication@46e21ed9
reloadAllAccessors: .Butterfly
----------------- testing Thu May 10 15:08:09 UTC 2018 /home/travis/build/icyphy/ptII/ptolemy/domains/sdf/test/auto/Expression.xml
----------------- Instantiating /home/travis/build/icyphy/ptII/ptolemy/domains/sdf/test/auto/Expression.xml
54 ms. Memory: 146944K Free: 89841K (61%)
----------------- Invoking toplevel() on ptolemy.moml.MoMLSimpleApplication@413d36a4
----------------- Done invoking toplevel() on ptolemy.moml.MoMLSimpleApplication@413d36a4
reloadAllAccessors: .Expression
----------------- testing Thu May 10 15:08:09 UTC 2018 /home/travis/build/icyphy/ptII/ptolemy/domains/sdf/test/auto/Eye.xml
----------------- Instantiating /home/travis/build/icyphy/ptII/ptolemy/domains/sdf/test/auto/Eye.xml
191 ms. Memory: 146944K Free: 119603K (81%)
----------------- Invoking toplevel() on ptolemy.moml.MoMLSimpleApplication@79c49d1b
----------------- Done invoking toplevel() on ptolemy.moml.MoMLSimpleApplication@79c49d1b
reloadAllAccessors: .Eye
----------------- testing Thu May 10 15:08:09 UTC 2018 /home/travis/build/icyphy/ptII/ptolemy/domains/sdf/test/auto/FixFIR.xml
----------------- Instantiating /home/travis/build/icyphy/ptII/ptolemy/domains/sdf/test/auto/FixFIR.xml
147 ms. Memory: 146944K Free: 82576K (56%)
----------------- Invoking toplevel() on ptolemy.moml.MoMLSimpleApplication@4d2728dc
----------------- Done invoking toplevel() on ptolemy.moml.MoMLSimpleApplication@4d2728dc
reloadAllAccessors: .FixFIR
----------------- testing Thu May 10 15:08:10 UTC 2018 /home/travis/build/icyphy/ptII/ptolemy/domains/sdf/test/auto/FixPoint.xml
----------------- Instantiating /home/travis/build/icyphy/ptII/ptolemy/domains/sdf/test/auto/FixPoint.xml
37 ms. Memory: 208384K Free: 201725K (97%)
----------------- Invoking toplevel() on ptolemy.moml.MoMLSimpleApplication@5de30586
----------------- Done invoking toplevel() on ptolemy.moml.MoMLSimpleApplication@5de30586
reloadAllAccessors: .FixPoint
----------------- testing Thu May 10 15:08:10 UTC 2018 /home/travis/build/icyphy/ptII/ptolemy/domains/sdf/test/auto/Gravitation.xml
----------------- Instantiating /home/travis/build/icyphy/ptII/ptolemy/domains/sdf/test/auto/Gravitation.xml
3161 ms. Memory: 208384K Free: 108668K (52%)
----------------- Invoking toplevel() on ptolemy.moml.MoMLSimpleApplication@a1fef22
----------------- Done invoking toplevel() on ptolemy.moml.MoMLSimpleApplication@a1fef22
reloadAllAccessors: .Gravitation
----------------- testing Thu May 10 15:08:13 UTC 2018 /home/travis/build/icyphy/ptII/ptolemy/domains/sdf/test/auto/GravitationWithCollisionDetection.xml
----------------- Instantiating /home/travis/build/icyphy/ptII/ptolemy/domains/sdf/test/auto/GravitationWithCollisionDetection.xml
5986 ms. Memory: 873472K Free: 332753K (38%)
----------------- Invoking toplevel() on ptolemy.moml.MoMLSimpleApplication@508cdddf
----------------- Done invoking toplevel() on ptolemy.moml.MoMLSimpleApplication@508cdddf
reloadAllAccessors: .GravitationWithCollisionDetection
----------------- testing Thu May 10 15:08:19 UTC 2018 /home/travis/build/icyphy/ptII/ptolemy/domains/sdf/test/auto/HDF.xml
----------------- Instantiating /home/travis/build/icyphy/ptII/ptolemy/domains/sdf/test/auto/HDF.xml
27 ms. Memory: 873472K Free: 305088K (35%)
----------------- Invoking toplevel() on ptolemy.moml.MoMLSimpleApplication@36bb3cf3
----------------- Done invoking toplevel() on ptolemy.moml.MoMLSimpleApplication@36bb3cf3
reloadAllAccessors: .HDF
----------------- testing Thu May 10 15:08:19 UTC 2018 /home/travis/build/icyphy/ptII/ptolemy/domains/sdf/test/auto/HDFwithTransientStates.xml
----------------- Instantiating /home/travis/build/icyphy/ptII/ptolemy/domains/sdf/test/auto/HDFwithTransientStates.xml
36 ms. Memory: 873472K Free: 278488K (32%)
----------------- Invoking toplevel() on ptolemy.moml.MoMLSimpleApplication@29d17767
----------------- Done invoking toplevel() on ptolemy.moml.MoMLSimpleApplication@29d17767
reloadAllAccessors: .HDFwithTransientStates
----------------- testing Thu May 10 15:08:19 UTC 2018 /home/travis/build/icyphy/ptII/ptolemy/domains/sdf/test/auto/HTVQ.xml
----------------- Instantiating /home/travis/build/icyphy/ptII/ptolemy/domains/sdf/test/auto/HTVQ.xml
755 ms. Memory: 873472K Free: 115865K (13%)
----------------- Invoking toplevel() on ptolemy.moml.MoMLSimpleApplication@543f1538
----------------- Done invoking toplevel() on ptolemy.moml.MoMLSimpleApplication@543f1538
reloadAllAccessors: .HTVQ
----------------- testing Thu May 10 15:08:20 UTC 2018 /home/travis/build/icyphy/ptII/ptolemy/domains/sdf/test/auto/InferInitProduction.xml
----------------- Instantiating /home/travis/build/icyphy/ptII/ptolemy/domains/sdf/test/auto/InferInitProduction.xml
10 ms. Memory: 873472K Free: 105386K (12%)
----------------- Invoking toplevel() on ptolemy.moml.MoMLSimpleApplication@405573a8
----------------- Done invoking toplevel() on ptolemy.moml.MoMLSimpleApplication@405573a8
reloadAllAccessors: .InferInitProduction
----------------- testing Thu May 10 15:08:20 UTC 2018 /home/travis/build/icyphy/ptII/ptolemy/domains/sdf/test/auto/InferInitProductionDeeper.xml
----------------- Instantiating /home/travis/build/icyphy/ptII/ptolemy/domains/sdf/test/auto/InferInitProductionDeeper.xml
5 ms. Memory: 873472K Free: 94907K (11%)
----------------- Invoking toplevel() on ptolemy.moml.MoMLSimpleApplication@237d13c0
----------------- Done invoking toplevel() on ptolemy.moml.MoMLSimpleApplication@237d13c0
reloadAllAccessors: .InferInitProductionDeeper
----------------- testing Thu May 10 15:08:20 UTC 2018 /home/travis/build/icyphy/ptII/ptolemy/domains/sdf/test/auto/LMSAdaptive.xml
----------------- Instantiating /home/travis/build/icyphy/ptII/ptolemy/domains/sdf/test/auto/LMSAdaptive.xml
19 ms. Memory: 873472K Free: 79181K (9%)
----------------- Invoking toplevel() on ptolemy.moml.MoMLSimpleApplication@6e9e6a88
----------------- Done invoking toplevel() on ptolemy.moml.MoMLSimpleApplication@6e9e6a88
reloadAllAccessors: .LMSAdaptive
----------------- testing Thu May 10 15:08:20 UTC 2018 /home/travis/build/icyphy/ptII/ptolemy/domains/sdf/test/auto/LogisticMap.xml
----------------- Instantiating /home/travis/build/icyphy/ptII/ptolemy/domains/sdf/test/auto/LogisticMap.xml
440 ms. Memory: 829952K Free: 809799K (98%)
----------------- Invoking toplevel() on ptolemy.moml.MoMLSimpleApplication@15d1861d
----------------- Done invoking toplevel() on ptolemy.moml.MoMLSimpleApplication@15d1861d
reloadAllAccessors: .LogisticMap
----------------- testing Thu May 10 15:08:21 UTC 2018 /home/travis/build/icyphy/ptII/ptolemy/domains/sdf/test/auto/MaximumEntropySpectrum.xml
----------------- Instantiating /home/travis/build/icyphy/ptII/ptolemy/domains/sdf/test/auto/MaximumEntropySpectrum.xml
42 ms. Memory: 829952K Free: 737923K (89%)
----------------- Invoking toplevel() on ptolemy.moml.MoMLSimpleApplication@3ec2fdc9
----------------- Done invoking toplevel() on ptolemy.moml.MoMLSimpleApplication@3ec2fdc9
reloadAllAccessors: .MaximumEntropySpectrum
----------------- testing Thu May 10 15:08:21 UTC 2018 /home/travis/build/icyphy/ptII/ptolemy/domains/sdf/test/auto/MultirateSDF.xml
----------------- Instantiating /home/travis/build/icyphy/ptII/ptolemy/domains/sdf/test/auto/MultirateSDF.xml
28 ms. Memory: 829952K Free: 717922K (87%)
----------------- Invoking toplevel() on ptolemy.moml.MoMLSimpleApplication@6ad9f932
----------------- Done invoking toplevel() on ptolemy.moml.MoMLSimpleApplication@6ad9f932
reloadAllAccessors: .MultirateSDF
----------------- testing Thu May 10 15:08:21 UTC 2018 /home/travis/build/icyphy/ptII/ptolemy/domains/sdf/test/auto/MultirateSDFwithTransientStates.xml
----------------- Instantiating /home/travis/build/icyphy/ptII/ptolemy/domains/sdf/test/auto/MultirateSDFwithTransientStates.xml
20 ms. Memory: 829952K Free: 692938K (83%)
----------------- Invoking toplevel() on ptolemy.moml.MoMLSimpleApplication@445d07ec
----------------- Done invoking toplevel() on ptolemy.moml.MoMLSimpleApplication@445d07ec
reloadAllAccessors: .MultirateSDFwithTransientStates
----------------- testing Thu May 10 15:08:21 UTC 2018 /home/travis/build/icyphy/ptII/ptolemy/domains/sdf/test/auto/NoisySinewave.xml
----------------- Instantiating /home/travis/build/icyphy/ptII/ptolemy/domains/sdf/test/auto/NoisySinewave.xml
12 ms. Memory: 829952K Free: 672961K (81%)
----------------- Invoking toplevel() on ptolemy.moml.MoMLSimpleApplication@47781869
----------------- Done invoking toplevel() on ptolemy.moml.MoMLSimpleApplication@47781869
reloadAllAccessors: .NoisySinewave
----------------- testing Thu May 10 15:08:21 UTC 2018 /home/travis/build/icyphy/ptII/ptolemy/domains/sdf/test/auto/Objects.xml
----------------- Instantiating /home/travis/build/icyphy/ptII/ptolemy/domains/sdf/test/auto/Objects.xml
2 ms. Memory: 829952K Free: 657974K (79%)
----------------- Invoking toplevel() on ptolemy.moml.MoMLSimpleApplication@5c792812
----------------- Done invoking toplevel() on ptolemy.moml.MoMLSimpleApplication@5c792812
reloadAllAccessors: .Objects
----------------- testing Thu May 10 15:08:21 UTC 2018 /home/travis/build/icyphy/ptII/ptolemy/domains/sdf/test/auto/OrthogonalCom.xml
----------------- Instantiating /home/travis/build/icyphy/ptII/ptolemy/domains/sdf/test/auto/OrthogonalCom.xml
7 ms. Memory: 829952K Free: 641072K (77%)
----------------- Invoking toplevel() on ptolemy.moml.MoMLSimpleApplication@2e141732
----------------- Done invoking toplevel() on ptolemy.moml.MoMLSimpleApplication@2e141732
reloadAllAccessors: .OrthogonalCom
----------------- testing Thu May 10 15:08:21 UTC 2018 /home/travis/build/icyphy/ptII/ptolemy/domains/sdf/test/auto/RijndaelEncryption.xml
----------------- Instantiating /home/travis/build/icyphy/ptII/ptolemy/domains/sdf/test/auto/RijndaelEncryption.xml
233 ms. Memory: 829952K Free: 481078K (58%)
----------------- Invoking toplevel() on ptolemy.moml.MoMLSimpleApplication@5539785e
----------------- Done invoking toplevel() on ptolemy.moml.MoMLSimpleApplication@5539785e
reloadAllAccessors: .RijndaelEncryption
----------------- testing Thu May 10 15:08:22 UTC 2018 /home/travis/build/icyphy/ptII/ptolemy/domains/sdf/test/auto/SDFEmptyIterations.xml
----------------- Instantiating /home/travis/build/icyphy/ptII/ptolemy/domains/sdf/test/auto/SDFEmptyIterations.xml
5 ms. Memory: 829952K Free: 471097K (57%)
----------------- Invoking toplevel() on ptolemy.moml.MoMLSimpleApplication@2bf1c040
----------------- Done invoking toplevel() on ptolemy.moml.MoMLSimpleApplication@2bf1c040
reloadAllAccessors: .SDFEmptyIterations
----------------- testing Thu May 10 15:08:22 UTC 2018 /home/travis/build/icyphy/ptII/ptolemy/domains/sdf/test/auto/Spectrum.xml
----------------- Instantiating /home/travis/build/icyphy/ptII/ptolemy/domains/sdf/test/auto/Spectrum.xml
30 ms. Memory: 829952K Free: 451096K (54%)
----------------- Invoking toplevel() on ptolemy.moml.MoMLSimpleApplication@387562b5
----------------- Done invoking toplevel() on ptolemy.moml.MoMLSimpleApplication@387562b5
reloadAllAccessors: .Spectrum
----------------- testing Thu May 10 15:08:22 UTC 2018 /home/travis/build/icyphy/ptII/ptolemy/domains/sdf/test/auto/de_inside_sdf.xml
----------------- Instantiating /home/travis/build/icyphy/ptII/ptolemy/domains/sdf/test/auto/de_inside_sdf.xml
8 ms. Memory: 829952K Free: 441115K (53%)
----------------- Invoking toplevel() on ptolemy.moml.MoMLSimpleApplication@7118634c
----------------- Done invoking toplevel() on ptolemy.moml.MoMLSimpleApplication@7118634c
reloadAllAccessors: .de_inside_sdf
----------------- testing Thu May 10 15:08:22 UTC 2018 /home/travis/build/icyphy/ptII/ptolemy/domains/sdf/test/auto/disconnectedHierarchicalSDF.xml
----------------- Instantiating /home/travis/build/icyphy/ptII/ptolemy/domains/sdf/test/auto/disconnectedHierarchicalSDF.xml
5 ms. Memory: 829952K Free: 431134K (52%)
----------------- Invoking toplevel() on ptolemy.moml.MoMLSimpleApplication@491caef1
----------------- Done invoking toplevel() on ptolemy.moml.MoMLSimpleApplication@491caef1
reloadAllAccessors: .disconnectedHierarchicalSDF
----------------- testing Thu May 10 15:08:22 UTC 2018 /home/travis/build/icyphy/ptII/ptolemy/domains/sdf/test/auto/disconnectedSDF.xml
----------------- Instantiating /home/travis/build/icyphy/ptII/ptolemy/domains/sdf/test/auto/disconnectedSDF.xml
5 ms. Memory: 829952K Free: 419239K (51%)
----------------- Invoking toplevel() on ptolemy.moml.MoMLSimpleApplication@7503960a
----------------- Done invoking toplevel() on ptolemy.moml.MoMLSimpleApplication@7503960a
reloadAllAccessors: .disconnectedSDF
----------------- testing Thu May 10 15:08:22 UTC 2018 /home/travis/build/icyphy/ptII/ptolemy/domains/sdf/test/auto/emptyRefinement.xml
----------------- Instantiating /home/travis/build/icyphy/ptII/ptolemy/domains/sdf/test/auto/emptyRefinement.xml
7 ms. Memory: 829952K Free: 409258K (49%)
----------------- Invoking toplevel() on ptolemy.moml.MoMLSimpleApplication@441ad709
----------------- Done invoking toplevel() on ptolemy.moml.MoMLSimpleApplication@441ad709
reloadAllAccessors: .emptyRefinement
----------------- testing Thu May 10 15:08:22 UTC 2018 /home/travis/build/icyphy/ptII/ptolemy/domains/sdf/test/auto/filePortParameter.xml
----------------- Instantiating /home/travis/build/icyphy/ptII/ptolemy/domains/sdf/test/auto/filePortParameter.xml
13 ms. Memory: 829952K Free: 394271K (48%)
----------------- Invoking toplevel() on ptolemy.moml.MoMLSimpleApplication@7b8763c1
----------------- Done invoking toplevel() on ptolemy.moml.MoMLSimpleApplication@7b8763c1
reloadAllAccessors: .filePortParameter
----------------- testing Thu May 10 15:08:22 UTC 2018 /home/travis/build/icyphy/ptII/ptolemy/domains/sdf/test/auto/inferRelationWidth1.xml
----------------- Instantiating /home/travis/build/icyphy/ptII/ptolemy/domains/sdf/test/auto/inferRelationWidth1.xml
2 ms. Memory: 829952K Free: 384290K (46%)
----------------- Invoking toplevel() on ptolemy.moml.MoMLSimpleApplication@457cd20d
----------------- Done invoking toplevel() on ptolemy.moml.MoMLSimpleApplication@457cd20d
reloadAllAccessors: .inferRelationWidth1
----------------- testing Thu May 10 15:08:22 UTC 2018 /home/travis/build/icyphy/ptII/ptolemy/domains/sdf/test/auto/initProductionInference.xml
----------------- Instantiating /home/travis/build/icyphy/ptII/ptolemy/domains/sdf/test/auto/initProductionInference.xml
7 ms. Memory: 829952K Free: 374310K (45%)
----------------- Invoking toplevel() on ptolemy.moml.MoMLSimpleApplication@36d4df5a
----------------- Done invoking toplevel() on ptolemy.moml.MoMLSimpleApplication@36d4df5a
reloadAllAccessors: .initProductionInference
----------------- testing Thu May 10 15:08:22 UTC 2018 /home/travis/build/icyphy/ptII/ptolemy/domains/sdf/test/auto/relationGroup.xml
----------------- Instantiating /home/travis/build/icyphy/ptII/ptolemy/domains/sdf/test/auto/relationGroup.xml
3 ms. Memory: 829952K Free: 364329K (44%)
----------------- Invoking toplevel() on ptolemy.moml.MoMLSimpleApplication@56efe2fb
----------------- Done invoking toplevel() on ptolemy.moml.MoMLSimpleApplication@56efe2fb
reloadAllAccessors: .relationGroup
----------------- testing Thu May 10 15:08:22 UTC 2018 /home/travis/build/icyphy/ptII/ptolemy/domains/sdf/test/auto/relationGroup10.xml
----------------- Instantiating /home/travis/build/icyphy/ptII/ptolemy/domains/sdf/test/auto/relationGroup10.xml
3 ms. Memory: 829952K Free: 352434K (42%)
----------------- Invoking toplevel() on ptolemy.moml.MoMLSimpleApplication@11a921ec
----------------- Done invoking toplevel() on ptolemy.moml.MoMLSimpleApplication@11a921ec
reloadAllAccessors: .relationGroup10
----------------- testing Thu May 10 15:08:22 UTC 2018 /home/travis/build/icyphy/ptII/ptolemy/domains/sdf/test/auto/relationGroup11.xml
----------------- Instantiating /home/travis/build/icyphy/ptII/ptolemy/domains/sdf/test/auto/relationGroup11.xml
5 ms. Memory: 829952K Free: 342453K (41%)
----------------- Invoking toplevel() on ptolemy.moml.MoMLSimpleApplication@4873133a
----------------- Done invoking toplevel() on ptolemy.moml.MoMLSimpleApplication@4873133a
reloadAllAccessors: .relationGroup11
----------------- testing Thu May 10 15:08:22 UTC 2018 /home/travis/build/icyphy/ptII/ptolemy/domains/sdf/test/auto/relationGroup12.xml
----------------- Instantiating /home/travis/build/icyphy/ptII/ptolemy/domains/sdf/test/auto/relationGroup12.xml
3 ms. Memory: 829952K Free: 332472K (40%)
----------------- Invoking toplevel() on ptolemy.moml.MoMLSimpleApplication@3bc71115
----------------- Done invoking toplevel() on ptolemy.moml.MoMLSimpleApplication@3bc71115
reloadAllAccessors: .relationGroup12
----------------- testing Thu May 10 15:08:22 UTC 2018 /home/travis/build/icyphy/ptII/ptolemy/domains/sdf/test/auto/relationGroup13.xml
----------------- Instantiating /home/travis/build/icyphy/ptII/ptolemy/domains/sdf/test/auto/relationGroup13.xml
6 ms. Memory: 829952K Free: 322492K (39%)
----------------- Invoking toplevel() on ptolemy.moml.MoMLSimpleApplication@2f9c92cc
----------------- Done invoking toplevel() on ptolemy.moml.MoMLSimpleApplication@2f9c92cc
reloadAllAccessors: .relationGroup13
----------------- testing Thu May 10 15:08:22 UTC 2018 /home/travis/build/icyphy/ptII/ptolemy/domains/sdf/test/auto/relationGroup14.xml
----------------- Instantiating /home/travis/build/icyphy/ptII/ptolemy/domains/sdf/test/auto/relationGroup14.xml
3 ms. Memory: 829952K Free: 312511K (38%)
----------------- Invoking toplevel() on ptolemy.moml.MoMLSimpleApplication@37848ebf
----------------- Done invoking toplevel() on ptolemy.moml.MoMLSimpleApplication@37848ebf
reloadAllAccessors: .relationGroup14
----------------- testing Thu May 10 15:08:22 UTC 2018 /home/travis/build/icyphy/ptII/ptolemy/domains/sdf/test/auto/relationGroup15.xml
----------------- Instantiating /home/travis/build/icyphy/ptII/ptolemy/domains/sdf/test/auto/relationGroup15.xml
2 ms. Memory: 829952K Free: 300616K (36%)
----------------- Invoking toplevel() on ptolemy.moml.MoMLSimpleApplication@76d98ffe
----------------- Done invoking toplevel() on ptolemy.moml.MoMLSimpleApplication@76d98ffe
reloadAllAccessors: .relationGroup15
----------------- testing Thu May 10 15:08:22 UTC 2018 /home/travis/build/icyphy/ptII/ptolemy/domains/sdf/test/auto/relationGroup2.xml
----------------- Instantiating /home/travis/build/icyphy/ptII/ptolemy/domains/sdf/test/auto/relationGroup2.xml
2 ms. Memory: 829952K Free: 290635K (35%)
----------------- Invoking toplevel() on ptolemy.moml.MoMLSimpleApplication@427e6ccf
----------------- Done invoking toplevel() on ptolemy.moml.MoMLSimpleApplication@427e6ccf
reloadAllAccessors: .relationGroup2
----------------- testing Thu May 10 15:08:22 UTC 2018 /home/travis/build/icyphy/ptII/ptolemy/domains/sdf/test/auto/relationGroup3.xml
----------------- Instantiating /home/travis/build/icyphy/ptII/ptolemy/domains/sdf/test/auto/relationGroup3.xml
2 ms. Memory: 829952K Free: 280654K (34%)
----------------- Invoking toplevel() on ptolemy.moml.MoMLSimpleApplication@e7cd375
----------------- Done invoking toplevel() on ptolemy.moml.MoMLSimpleApplication@e7cd375
reloadAllAccessors: .relationGroup3
----------------- testing Thu May 10 15:08:22 UTC 2018 /home/travis/build/icyphy/ptII/ptolemy/domains/sdf/test/auto/relationGroup4.xml
----------------- Instantiating /home/travis/build/icyphy/ptII/ptolemy/domains/sdf/test/auto/relationGroup4.xml
5 ms. Memory: 829952K Free: 270674K (33%)
----------------- Invoking toplevel() on ptolemy.moml.MoMLSimpleApplication@720b9dcd
----------------- Done invoking toplevel() on ptolemy.moml.MoMLSimpleApplication@720b9dcd
reloadAllAccessors: .relationGroup4
----------------- testing Thu May 10 15:08:22 UTC 2018 /home/travis/build/icyphy/ptII/ptolemy/domains/sdf/test/auto/relationGroup5.xml
----------------- Instantiating /home/travis/build/icyphy/ptII/ptolemy/domains/sdf/test/auto/relationGroup5.xml
5 ms. Memory: 829952K Free: 260693K (31%)
----------------- Invoking toplevel() on ptolemy.moml.MoMLSimpleApplication@30d38323
----------------- Done invoking toplevel() on ptolemy.moml.MoMLSimpleApplication@30d38323
reloadAllAccessors: .relationGroup5
----------------- testing Thu May 10 15:08:22 UTC 2018 /home/travis/build/icyphy/ptII/ptolemy/domains/sdf/test/auto/relationGroup6.xml
----------------- Instantiating /home/travis/build/icyphy/ptII/ptolemy/domains/sdf/test/auto/relationGroup6.xml
5 ms. Memory: 829952K Free: 250712K (30%)
----------------- Invoking toplevel() on ptolemy.moml.MoMLSimpleApplication@a9ef7ac
----------------- Done invoking toplevel() on ptolemy.moml.MoMLSimpleApplication@a9ef7ac
reloadAllAccessors: .relationGroup6
----------------- testing Thu May 10 15:08:22 UTC 2018 /home/travis/build/icyphy/ptII/ptolemy/domains/sdf/test/auto/relationGroup7.xml
----------------- Instantiating /home/travis/build/icyphy/ptII/ptolemy/domains/sdf/test/auto/relationGroup7.xml
3 ms. Memory: 829952K Free: 238817K (29%)
----------------- Invoking toplevel() on ptolemy.moml.MoMLSimpleApplication@3d16478b
----------------- Done invoking toplevel() on ptolemy.moml.MoMLSimpleApplication@3d16478b
reloadAllAccessors: .relationGroup7
----------------- testing Thu May 10 15:08:22 UTC 2018 /home/travis/build/icyphy/ptII/ptolemy/domains/sdf/test/auto/relationGroup8.xml
----------------- Instantiating /home/travis/build/icyphy/ptII/ptolemy/domains/sdf/test/auto/relationGroup8.xml
2 ms. Memory: 829952K Free: 228836K (28%)
----------------- Invoking toplevel() on ptolemy.moml.MoMLSimpleApplication@277489e1
----------------- Done invoking toplevel() on ptolemy.moml.MoMLSimpleApplication@277489e1
reloadAllAccessors: .relationGroup8
----------------- testing Thu May 10 15:08:22 UTC 2018 /home/travis/build/icyphy/ptII/ptolemy/domains/sdf/test/auto/relationGroup9.xml
----------------- Instantiating /home/travis/build/icyphy/ptII/ptolemy/domains/sdf/test/auto/relationGroup9.xml
6 ms. Memory: 829952K Free: 218855K (26%)
----------------- Invoking toplevel() on ptolemy.moml.MoMLSimpleApplication@5da680cc
----------------- Done invoking toplevel() on ptolemy.moml.MoMLSimpleApplication@5da680cc
reloadAllAccessors: .relationGroup9
----------------- testing Thu May 10 15:08:22 UTC 2018 /home/travis/build/icyphy/ptII/ptolemy/domains/sdf/test/auto/sdf_inside_de.xml
----------------- Instantiating /home/travis/build/icyphy/ptII/ptolemy/domains/sdf/test/auto/sdf_inside_de.xml
17 ms. Memory: 829952K Free: 203869K (25%)
----------------- Invoking toplevel() on ptolemy.moml.MoMLSimpleApplication@a1db10c
----------------- Done invoking toplevel() on ptolemy.moml.MoMLSimpleApplication@a1db10c
reloadAllAccessors: .sdf_inside_de
----------------- testing Thu May 10 15:08:22 UTC 2018 /home/travis/build/icyphy/ptII/ptolemy/domains/sdf/test/auto/sdf_inside_pn.xml
----------------- Instantiating /home/travis/build/icyphy/ptII/ptolemy/domains/sdf/test/auto/sdf_inside_pn.xml
33 ms. Memory: 829952K Free: 163938K (20%)
----------------- Invoking toplevel() on ptolemy.moml.MoMLSimpleApplication@3d57da4e
----------------- Done invoking toplevel() on ptolemy.moml.MoMLSimpleApplication@3d57da4e
reloadAllAccessors: .sdf_inside_pn
----------------- testing Thu May 10 15:08:23 UTC 2018 /home/travis/build/icyphy/ptII/ptolemy/domains/sdf/test/auto/sdf_sdf1.xml
----------------- Instantiating /home/travis/build/icyphy/ptII/ptolemy/domains/sdf/test/auto/sdf_sdf1.xml
3 ms. Memory: 829952K Free: 152042K (18%)
----------------- Invoking toplevel() on ptolemy.moml.MoMLSimpleApplication@544d70d0
----------------- Done invoking toplevel() on ptolemy.moml.MoMLSimpleApplication@544d70d0
reloadAllAccessors: .sdf_sdf1
----------------- testing Thu May 10 15:08:23 UTC 2018 /home/travis/build/icyphy/ptII/ptolemy/domains/sdf/test/auto/test1.xml
----------------- Instantiating /home/travis/build/icyphy/ptII/ptolemy/domains/sdf/test/auto/test1.xml
2 ms. Memory: 829952K Free: 142062K (17%)
----------------- Invoking toplevel() on ptolemy.moml.MoMLSimpleApplication@30dffca4
----------------- Done invoking toplevel() on ptolemy.moml.MoMLSimpleApplication@30dffca4
reloadAllAccessors: .test1
----------------- testing Thu May 10 15:08:23 UTC 2018 /home/travis/build/icyphy/ptII/ptolemy/domains/sdf/test/auto/time1.xml
----------------- Instantiating /home/travis/build/icyphy/ptII/ptolemy/domains/sdf/test/auto/time1.xml
2 ms. Memory: 829952K Free: 132081K (16%)
----------------- Invoking toplevel() on ptolemy.moml.MoMLSimpleApplication@54a45ed9
----------------- Done invoking toplevel() on ptolemy.moml.MoMLSimpleApplication@54a45ed9
reloadAllAccessors: .time1
----------------- testing Thu May 10 15:08:23 UTC 2018 /home/travis/build/icyphy/ptII/ptolemy/domains/sdf/test/auto/time2.xml
----------------- Instantiating /home/travis/build/icyphy/ptII/ptolemy/domains/sdf/test/auto/time2.xml
3 ms. Memory: 829952K Free: 122100K (15%)
----------------- Invoking toplevel() on ptolemy.moml.MoMLSimpleApplication@45cc6900
----------------- Done invoking toplevel() on ptolemy.moml.MoMLSimpleApplication@45cc6900
reloadAllAccessors: .time2
----------------- testing Thu May 10 15:08:23 UTC 2018 /home/travis/build/icyphy/ptII/ptolemy/domains/sdf/test/auto/time3.xml
----------------- Instantiating /home/travis/build/icyphy/ptII/ptolemy/domains/sdf/test/auto/time3.xml
7 ms. Memory: 829952K Free: 112120K (14%)
----------------- Invoking toplevel() on ptolemy.moml.MoMLSimpleApplication@5de466c1
----------------- Done invoking toplevel() on ptolemy.moml.MoMLSimpleApplication@5de466c1
reloadAllAccessors: .time3
----------------- testing Thu May 10 15:08:23 UTC 2018 /home/travis/build/icyphy/ptII/ptolemy/domains/sdf/test/auto/time4.xml
----------------- Instantiating /home/travis/build/icyphy/ptII/ptolemy/domains/sdf/test/auto/time4.xml
5 ms. Memory: 829952K Free: 100224K (12%)
----------------- Invoking toplevel() on ptolemy.moml.MoMLSimpleApplication@32d4d595
----------------- Done invoking toplevel() on ptolemy.moml.MoMLSimpleApplication@32d4d595
reloadAllAccessors: .time4
----------------- testing Thu May 10 15:08:23 UTC 2018 /home/travis/build/icyphy/ptII/ptolemy/domains/sdf/test/auto/time5.xml
----------------- Instantiating /home/travis/build/icyphy/ptII/ptolemy/domains/sdf/test/auto/time5.xml
4002 ms. Memory: 829952K Free: 90244K (11%)
----------------- Invoking toplevel() on ptolemy.moml.MoMLSimpleApplication@2cb28485
----------------- Done invoking toplevel() on ptolemy.moml.MoMLSimpleApplication@2cb28485
reloadAllAccessors: .time5
----------------- testing Thu May 10 15:08:27 UTC 2018 /home/travis/build/icyphy/ptII/ptolemy/domains/sdf/test/auto/typeSystem_Const_Integer_smallest_Type.xml
----------------- Instantiating /home/travis/build/icyphy/ptII/ptolemy/domains/sdf/test/auto/typeSystem_Const_Integer_smallest_Type.xml
4 ms. Memory: 829952K Free: 80263K (10%)
----------------- Invoking toplevel() on ptolemy.moml.MoMLSimpleApplication@15fc7eb8
----------------- Done invoking toplevel() on ptolemy.moml.MoMLSimpleApplication@15fc7eb8
reloadAllAccessors: .typeSystem_Const_Integer_smallest_Type
----------------- testing Thu May 10 15:08:27 UTC 2018 /home/travis/build/icyphy/ptII/ptolemy/domains/sdf/test/auto/typeSystem_declared_Inports_OutportTypeException.xml
----------------- Instantiating /home/travis/build/icyphy/ptII/ptolemy/domains/sdf/test/auto/typeSystem_declared_Inports_OutportTypeException.xml
.typeSystem_declared_Inports_OutportTypeException.TestExceptionAttribute: initialize() was not invoked, but wrapup() was.  This is unusual, but not always a problem.  For example, exporting JNLP will do this.
2 ms. Memory: 829952K Free: 71512K (9%)
----------------- Invoking toplevel() on ptolemy.moml.MoMLSimpleApplication@33944c7a
----------------- Done invoking toplevel() on ptolemy.moml.MoMLSimpleApplication@33944c7a
reloadAllAccessors: .typeSystem_declared_Inports_OutportTypeException
----------------- testing Thu May 10 15:08:27 UTC 2018 /home/travis/build/icyphy/ptII/ptolemy/domains/sdf/test/auto/typeSystem_oneDeclaredInportType_wrongTypeOutport.xml
----------------- Instantiating /home/travis/build/icyphy/ptII/ptolemy/domains/sdf/test/auto/typeSystem_oneDeclaredInportType_wrongTypeOutport.xml
5 ms. Memory: 794624K Free: 772131K (97%)
----------------- Invoking toplevel() on ptolemy.moml.MoMLSimpleApplication@27bb25f0
----------------- Done invoking toplevel() on ptolemy.moml.MoMLSimpleApplication@27bb25f0
reloadAllAccessors: .typeSystem_oneDeclaredInportType_wrongTypeOutport
----------------- testing Thu May 10 15:08:27 UTC 2018 /home/travis/build/icyphy/ptII/ptolemy/domains/sdf/test/auto/width.xml
----------------- Instantiating /home/travis/build/icyphy/ptII/ptolemy/domains/sdf/test/auto/width.xml
2 ms. Memory: 794624K Free: 756588K (95%)
----------------- Invoking toplevel() on ptolemy.moml.MoMLSimpleApplication@ed56036
----------------- Done invoking toplevel() on ptolemy.moml.MoMLSimpleApplication@ed56036
reloadAllAccessors: .width
----------------- testing Thu May 10 15:08:27 UTC 2018 /home/travis/build/icyphy/ptII/ptolemy/domains/sdf/test/auto/width2.xml
----------------- Instantiating /home/travis/build/icyphy/ptII/ptolemy/domains/sdf/test/auto/width2.xml
28 ms. Memory: 794624K Free: 742334K (93%)
----------------- Invoking toplevel() on ptolemy.moml.MoMLSimpleApplication@7931c4ce
----------------- Done invoking toplevel() on ptolemy.moml.MoMLSimpleApplication@7931c4ce
reloadAllAccessors: .width2
----------------- testing Thu May 10 15:08:27 UTC 2018 /home/travis/build/icyphy/ptII/ptolemy/domains/sdf/test/auto/width3.xml
----------------- Instantiating /home/travis/build/icyphy/ptII/ptolemy/domains/sdf/test/auto/width3.xml
28 ms. Memory: 794624K Free: 727932K (92%)
----------------- Invoking toplevel() on ptolemy.moml.MoMLSimpleApplication@6d5ac9b7
----------------- Done invoking toplevel() on ptolemy.moml.MoMLSimpleApplication@6d5ac9b7
reloadAllAccessors: .width3
AutoTests.java: About to close Vertx.
AutoTests.java: Vertx closed.
]]></system-out>
  <system-err><![CDATA[java.lang.RuntimeException: Execution failed
	at ptolemy.moml.MoMLSimpleApplication$UnloadThread.run(MoMLSimpleApplication.java:402)
Caused by: ptolemy.actor.sched.NotSchedulableException: No solution exists for the balance equations.
Graph is not consistent under the SDF domain detected on external port .rateConsistency.actor.port2
  in .rateConsistency.SDF Director.Scheduler
	at ptolemy.domains.sdf.kernel.SDFScheduler._propagatePort(SDFScheduler.java:1425)
	at ptolemy.domains.sdf.kernel.SDFScheduler._solveBalanceEquations(SDFScheduler.java:710)
	at ptolemy.domains.sdf.kernel.SDFScheduler._getSchedule(SDFScheduler.java:566)
	at ptolemy.actor.sched.Scheduler.getSchedule(Scheduler.java:189)
	at ptolemy.domains.sdf.kernel.SDFDirector.createSchedule(SDFDirector.java:408)
	at ptolemy.domains.sdf.kernel.SDFDirector.preinitialize(SDFDirector.java:764)
	at ptolemy.actor.CompositeActor.preinitialize(CompositeActor.java:1828)
	at ptolemy.actor.Manager.preinitializeAndResolveTypes(Manager.java:1040)
	at ptolemy.actor.Manager.initialize(Manager.java:710)
	at ptolemy.actor.Manager.execute(Manager.java:356)
	at ptolemy.actor.Manager.run(Manager.java:1263)
	at ptolemy.actor.Manager$PtolemyRunThread.run(Manager.java:1915)
java.lang.RuntimeException: Execution failed
	at ptolemy.moml.MoMLSimpleApplication$UnloadThread.run(MoMLSimpleApplication.java:402)
Caused by: ptolemy.kernel.util.IllegalActionException: Failed to compute schedule:
  in .badRateChanges.typed composite actor.SDF Director
Because:
The SDF rate parameter may change. This is not allowed in SDF models that will be run through the code generator.  If you don't care about code generation, then you might consider setting the allowRateChanges parameter of the SDF director to false.
  in .badRateChanges.typed composite actor.Repeat.output.tokenProductionRate
	at ptolemy.domains.sdf.kernel.SDFDirector.createSchedule(SDFDirector.java:418)
	at ptolemy.domains.sdf.kernel.SDFDirector.preinitialize(SDFDirector.java:764)
	at ptolemy.actor.CompositeActor.preinitialize(CompositeActor.java:1828)
	at ptolemy.actor.Director.preinitialize(Director.java:1302)
	at ptolemy.actor.Director.preinitialize(Director.java:1257)
	at ptolemy.domains.sdf.kernel.SDFDirector.preinitialize(SDFDirector.java:763)
	at ptolemy.actor.CompositeActor.preinitialize(CompositeActor.java:1828)
	at ptolemy.actor.Manager.preinitializeAndResolveTypes(Manager.java:1040)
	at ptolemy.actor.Manager.initialize(Manager.java:710)
	at ptolemy.actor.Manager.execute(Manager.java:356)
	at ptolemy.actor.Manager.run(Manager.java:1263)
	at ptolemy.actor.Manager$PtolemyRunThread.run(Manager.java:1915)
Caused by: ptolemy.kernel.util.IllegalActionException: The SDF rate parameter may change. This is not allowed in SDF models that will be run through the code generator.  If you don't care about code generation, then you might consider setting the allowRateChanges parameter of the SDF director to false.
  in .badRateChanges.typed composite actor.Repeat.output.tokenProductionRate
	at ptolemy.domains.sdf.kernel.SDFScheduler._assertDynamicRateVariable(SDFScheduler.java:931)
	at ptolemy.domains.sdf.kernel.SDFScheduler._checkDynamicRateVariables(SDFScheduler.java:339)
	at ptolemy.domains.sdf.kernel.SDFScheduler._getSchedule(SDFScheduler.java:527)
	at ptolemy.actor.sched.Scheduler.getSchedule(Scheduler.java:189)
	at ptolemy.domains.sdf.kernel.SDFDirector.createSchedule(SDFDirector.java:408)
	... 11 more
java.lang.RuntimeException: Execution failed
	at ptolemy.moml.MoMLSimpleApplication$UnloadThread.run(MoMLSimpleApplication.java:402)
Caused by: ptolemy.kernel.util.IllegalActionException: Failed to compute schedule:
  in .badRateChanges2.typed composite actor.SDF Director
Because:
The SDF rate parameter may change. This is not allowed in SDF models that will be run through the code generator.  If you don't care about code generation, then you might consider setting the allowRateChanges parameter of the SDF director to false.
  in .badRateChanges2.typed composite actor.Repeat.output.tokenProductionRate
	at ptolemy.domains.sdf.kernel.SDFDirector.createSchedule(SDFDirector.java:418)
	at ptolemy.domains.sdf.kernel.SDFDirector.preinitialize(SDFDirector.java:764)
	at ptolemy.actor.CompositeActor.preinitialize(CompositeActor.java:1828)
	at ptolemy.actor.Director.preinitialize(Director.java:1302)
	at ptolemy.actor.Director.preinitialize(Director.java:1257)
	at ptolemy.domains.sdf.kernel.SDFDirector.preinitialize(SDFDirector.java:763)
	at ptolemy.actor.CompositeActor.preinitialize(CompositeActor.java:1828)
	at ptolemy.actor.Manager.preinitializeAndResolveTypes(Manager.java:1040)
	at ptolemy.actor.Manager.initialize(Manager.java:710)
	at ptolemy.actor.Manager.execute(Manager.java:356)
	at ptolemy.actor.Manager.run(Manager.java:1263)
	at ptolemy.actor.Manager$PtolemyRunThread.run(Manager.java:1915)
Caused by: ptolemy.kernel.util.IllegalActionException: The SDF rate parameter may change. This is not allowed in SDF models that will be run through the code generator.  If you don't care about code generation, then you might consider setting the allowRateChanges parameter of the SDF director to false.
  in .badRateChanges2.typed composite actor.Repeat.output.tokenProductionRate
	at ptolemy.domains.sdf.kernel.SDFScheduler._assertDynamicRateVariable(SDFScheduler.java:931)
	at ptolemy.domains.sdf.kernel.SDFScheduler._checkDynamicRateVariables(SDFScheduler.java:339)
	at ptolemy.domains.sdf.kernel.SDFScheduler._getSchedule(SDFScheduler.java:527)
	at ptolemy.actor.sched.Scheduler.getSchedule(Scheduler.java:189)
	at ptolemy.domains.sdf.kernel.SDFDirector.createSchedule(SDFDirector.java:408)
	... 11 more
java.lang.RuntimeException: Execution failed
	at ptolemy.moml.MoMLSimpleApplication$UnloadThread.run(MoMLSimpleApplication.java:402)
Caused by: ptolemy.actor.sched.NotSchedulableException: Actors remain that cannot be scheduled!

There are several possible reasons:
* SDF Graphs with feedback loops should have an actor with a delay in the loop, such as a SampleDelay.
* The SDF director has an "allowDisconnectedGraphs"parameter, which, when true, permits disconnected SDF graphs.
* The token consumption rate and production rates might be mismatched.
Usually, actors produce one token or consume one token on a port.  To produce or consume multiple tokens per firing, add a "tokenConsumptionRate" or "tokenProductionRate" parameter to the appropriate port.
Unscheduled actors:
.partiallyConnected.Const2 
Scheduled actors:
.partiallyConnected.Const 
  in .partiallyConnected.SDF Director.Scheduler
	at ptolemy.domains.sdf.kernel.SDFScheduler._scheduleConnectedActors(SDFScheduler.java:1828)
	at ptolemy.domains.sdf.kernel.SDFScheduler._getSchedule(SDFScheduler.java:587)
	at ptolemy.actor.sched.Scheduler.getSchedule(Scheduler.java:189)
	at ptolemy.domains.sdf.kernel.SDFDirector.createSchedule(SDFDirector.java:408)
	at ptolemy.domains.sdf.kernel.SDFDirector.preinitialize(SDFDirector.java:764)
	at ptolemy.actor.CompositeActor.preinitialize(CompositeActor.java:1828)
	at ptolemy.actor.Manager.preinitializeAndResolveTypes(Manager.java:1040)
	at ptolemy.actor.Manager.initialize(Manager.java:710)
	at ptolemy.actor.Manager.execute(Manager.java:356)
	at ptolemy.actor.Manager.run(Manager.java:1263)
	at ptolemy.actor.Manager$PtolemyRunThread.run(Manager.java:1915)
]]></system-err>
</testsuite>
