<?xml version="1.0" encoding="UTF-8" ?>
<testsuite errors="0" failures="0" hostname="travis-job-28f9d0b8-fcde-442b-9591-f132c7092b17" name="ptolemy.domains.sdf.lib.test.junit.JUnitTclTest" skipped="0" tests="82" time="8.935" timestamp="2018-06-01T01:26:21">
  <properties>
[...]
</properties>
  <testcase classname="ptolemy.util.test.junit.TclTests" name="[0] /home/travis/build/icyphy/ptII/ptolemy/domains/sdf/lib/test/ArrayToSequence.tcl (RunTclFile)" time="0.461" />
  <testcase classname="ptolemy.util.test.junit.TclTests" name="[1] /home/travis/build/icyphy/ptII/ptolemy/domains/sdf/lib/test/BitsToInt.tcl (RunTclFile)" time="0.034" />
  <testcase classname="ptolemy.util.test.junit.TclTests" name="[2] /home/travis/build/icyphy/ptII/ptolemy/domains/sdf/lib/test/DelayLine.tcl (RunTclFile)" time="0.03" />
  <testcase classname="ptolemy.util.test.junit.TclTests" name="[3] /home/travis/build/icyphy/ptII/ptolemy/domains/sdf/lib/test/FFT.tcl (RunTclFile)" time="0.028" />
  <testcase classname="ptolemy.util.test.junit.TclTests" name="[4] /home/travis/build/icyphy/ptII/ptolemy/domains/sdf/lib/test/FIR.tcl (RunTclFile)" time="0.058" />
  <testcase classname="ptolemy.util.test.junit.TclTests" name="[5] /home/travis/build/icyphy/ptII/ptolemy/domains/sdf/lib/test/IntToBits.tcl (RunTclFile)" time="0.028" />
  <testcase classname="ptolemy.util.test.junit.TclTests" name="[6] /home/travis/build/icyphy/ptII/ptolemy/domains/sdf/lib/test/MaximumEntropySpectrum.tcl (RunTclFile)" time="0.239" />
  <testcase classname="ptolemy.util.test.junit.TclTests" name="[7] /home/travis/build/icyphy/ptII/ptolemy/domains/sdf/lib/test/Repeat.tcl (RunTclFile)" time="0.022" />
  <testcase classname="ptolemy.util.test.junit.TclTests" name="[8] /home/travis/build/icyphy/ptII/ptolemy/domains/sdf/lib/test/SampleDelay.tcl (RunTclFile)" time="0.066" />
  <testcase classname="ptolemy.util.test.junit.TclTests" name="[9] /home/travis/build/icyphy/ptII/ptolemy/domains/sdf/lib/test/SequenceToArray.tcl (RunTclFile)" time="0.074" />
  <testcase classname="ptolemy.util.test.junit.AutoKnownFailedTests" name="[0] ThereAreNoKnowFailedTests (RunModel)" time="0.002" />
  <testcase classname="ptolemy.util.test.junit.AutoNameArchTests" name="[0] ThereAreNoAutoArchTests (RunModel)" time="0.001" />
  <testcase classname="ptolemy.util.test.junit.AutoTests" name="[0] /home/travis/build/icyphy/ptII/ptolemy/domains/sdf/lib/test/auto/ArrayToSequence.xml (RunModel)" time="0.225" />
  <testcase classname="ptolemy.util.test.junit.AutoTests" name="[1] /home/travis/build/icyphy/ptII/ptolemy/domains/sdf/lib/test/auto/ArrayToSequenceTest.xml (RunModel)" time="0.067" />
  <testcase classname="ptolemy.util.test.junit.AutoTests" name="[2] /home/travis/build/icyphy/ptII/ptolemy/domains/sdf/lib/test/auto/Autocorrelation.xml (RunModel)" time="0.02" />
  <testcase classname="ptolemy.util.test.junit.AutoTests" name="[3] /home/travis/build/icyphy/ptII/ptolemy/domains/sdf/lib/test/auto/Autocorrelation2.xml (RunModel)" time="0.057" />
  <testcase classname="ptolemy.util.test.junit.AutoTests" name="[4] /home/travis/build/icyphy/ptII/ptolemy/domains/sdf/lib/test/auto/Autocorrelation3.xml (RunModel)" time="0.052" />
  <testcase classname="ptolemy.util.test.junit.AutoTests" name="[5] /home/travis/build/icyphy/ptII/ptolemy/domains/sdf/lib/test/auto/Autocorrelation4.xml (RunModel)" time="0.049" />
  <testcase classname="ptolemy.util.test.junit.AutoTests" name="[6] /home/travis/build/icyphy/ptII/ptolemy/domains/sdf/lib/test/auto/Autocorrelation5.xml (RunModel)" time="0.117" />
  <testcase classname="ptolemy.util.test.junit.AutoTests" name="[7] /home/travis/build/icyphy/ptII/ptolemy/domains/sdf/lib/test/auto/BitsToInt.xml (RunModel)" time="0.033" />
  <testcase classname="ptolemy.util.test.junit.AutoTests" name="[8] /home/travis/build/icyphy/ptII/ptolemy/domains/sdf/lib/test/auto/BooleanJoin.xml (RunModel)" time="0.045" />
  <testcase classname="ptolemy.util.test.junit.AutoTests" name="[9] /home/travis/build/icyphy/ptII/ptolemy/domains/sdf/lib/test/auto/BootstrapSampleDelay.xml (RunModel)" time="0.026" />
  <testcase classname="ptolemy.util.test.junit.AutoTests" name="[10] /home/travis/build/icyphy/ptII/ptolemy/domains/sdf/lib/test/auto/Chop.xml (RunModel)" time="0.062" />
  <testcase classname="ptolemy.util.test.junit.AutoTests" name="[11] /home/travis/build/icyphy/ptII/ptolemy/domains/sdf/lib/test/auto/Chop2.xml (RunModel)" time="0.042" />
  <testcase classname="ptolemy.util.test.junit.AutoTests" name="[12] /home/travis/build/icyphy/ptII/ptolemy/domains/sdf/lib/test/auto/ComplexJoin.xml (RunModel)" time="0.041" />
  <testcase classname="ptolemy.util.test.junit.AutoTests" name="[13] /home/travis/build/icyphy/ptII/ptolemy/domains/sdf/lib/test/auto/CountTrues.xml (RunModel)" time="0.035" />
  <testcase classname="ptolemy.util.test.junit.AutoTests" name="[14] /home/travis/build/icyphy/ptII/ptolemy/domains/sdf/lib/test/auto/DelayLine.xml (RunModel)" time="0.032" />
  <testcase classname="ptolemy.util.test.junit.AutoTests" name="[15] /home/travis/build/icyphy/ptII/ptolemy/domains/sdf/lib/test/auto/DotProduct.xml (RunModel)" time="0.025" />
  <testcase classname="ptolemy.util.test.junit.AutoTests" name="[16] /home/travis/build/icyphy/ptII/ptolemy/domains/sdf/lib/test/auto/DotProductMatrix.xml (RunModel)" time="0.019" />
  <testcase classname="ptolemy.util.test.junit.AutoTests" name="[17] /home/travis/build/icyphy/ptII/ptolemy/domains/sdf/lib/test/auto/DownSample1.xml (RunModel)" time="0.018" />
  <testcase classname="ptolemy.util.test.junit.AutoTests" name="[18] /home/travis/build/icyphy/ptII/ptolemy/domains/sdf/lib/test/auto/DynamicRateChange.xml (RunModel)" time="0.03" />
  <testcase classname="ptolemy.util.test.junit.AutoTests" name="[19] /home/travis/build/icyphy/ptII/ptolemy/domains/sdf/lib/test/auto/DynamicRates.xml (RunModel)" time="0.03" />
  <testcase classname="ptolemy.util.test.junit.AutoTests" name="[20] /home/travis/build/icyphy/ptII/ptolemy/domains/sdf/lib/test/auto/FFT1.xml (RunModel)" time="0.042" />
  <testcase classname="ptolemy.util.test.junit.AutoTests" name="[21] /home/travis/build/icyphy/ptII/ptolemy/domains/sdf/lib/test/auto/FIR1.xml (RunModel)" time="0.051" />
  <testcase classname="ptolemy.util.test.junit.AutoTests" name="[22] /home/travis/build/icyphy/ptII/ptolemy/domains/sdf/lib/test/auto/FIR2.xml (RunModel)" time="0.016" />
  <testcase classname="ptolemy.util.test.junit.AutoTests" name="[23] /home/travis/build/icyphy/ptII/ptolemy/domains/sdf/lib/test/auto/FIR4.xml (RunModel)" time="0.04" />
  <testcase classname="ptolemy.util.test.junit.AutoTests" name="[24] /home/travis/build/icyphy/ptII/ptolemy/domains/sdf/lib/test/auto/FixJoin.xml (RunModel)" time="0.052" />
  <testcase classname="ptolemy.util.test.junit.AutoTests" name="[25] /home/travis/build/icyphy/ptII/ptolemy/domains/sdf/lib/test/auto/IntJoin1.xml (RunModel)" time="0.021" />
  <testcase classname="ptolemy.util.test.junit.AutoTests" name="[26] /home/travis/build/icyphy/ptII/ptolemy/domains/sdf/lib/test/auto/IntJoin2.xml (RunModel)" time="0.024" />
  <testcase classname="ptolemy.util.test.junit.AutoTests" name="[27] /home/travis/build/icyphy/ptII/ptolemy/domains/sdf/lib/test/auto/IntJoin3.xml (RunModel)" time="0.021" />
  <testcase classname="ptolemy.util.test.junit.AutoTests" name="[28] /home/travis/build/icyphy/ptII/ptolemy/domains/sdf/lib/test/auto/IntJoin4.xml (RunModel)" time="0.022" />
  <testcase classname="ptolemy.util.test.junit.AutoTests" name="[29] /home/travis/build/icyphy/ptII/ptolemy/domains/sdf/lib/test/auto/IntJoin5.xml (RunModel)" time="0.03" />
  <testcase classname="ptolemy.util.test.junit.AutoTests" name="[30] /home/travis/build/icyphy/ptII/ptolemy/domains/sdf/lib/test/auto/IntToBits.xml (RunModel)" time="0.029" />
  <testcase classname="ptolemy.util.test.junit.AutoTests" name="[31] /home/travis/build/icyphy/ptII/ptolemy/domains/sdf/lib/test/auto/LMSAdaptive.xml (RunModel)" time="0.091" />
  <testcase classname="ptolemy.util.test.junit.AutoTests" name="[32] /home/travis/build/icyphy/ptII/ptolemy/domains/sdf/lib/test/auto/LMSAdaptiveFIR.xml (RunModel)" time="0.36" />
  <testcase classname="ptolemy.util.test.junit.AutoTests" name="[33] /home/travis/build/icyphy/ptII/ptolemy/domains/sdf/lib/test/auto/LMSAdaptiveFIR2.xml (RunModel)" time="0.442" />
  <testcase classname="ptolemy.util.test.junit.AutoTests" name="[34] /home/travis/build/icyphy/ptII/ptolemy/domains/sdf/lib/test/auto/LongJoin.xml (RunModel)" time="0.026" />
  <testcase classname="ptolemy.util.test.junit.AutoTests" name="[35] /home/travis/build/icyphy/ptII/ptolemy/domains/sdf/lib/test/auto/Matrix1.xml (RunModel)" time="0.026" />
  <testcase classname="ptolemy.util.test.junit.AutoTests" name="[36] /home/travis/build/icyphy/ptII/ptolemy/domains/sdf/lib/test/auto/Matrix2.xml (RunModel)" time="0.048" />
  <testcase classname="ptolemy.util.test.junit.AutoTests" name="[37] /home/travis/build/icyphy/ptII/ptolemy/domains/sdf/lib/test/auto/MatrixJoin1.xml (RunModel)" time="0.037" />
  <testcase classname="ptolemy.util.test.junit.AutoTests" name="[38] /home/travis/build/icyphy/ptII/ptolemy/domains/sdf/lib/test/auto/MatrixJoin2.xml (RunModel)" time="0.024" />
  <testcase classname="ptolemy.util.test.junit.AutoTests" name="[39] /home/travis/build/icyphy/ptII/ptolemy/domains/sdf/lib/test/auto/MatrixJoin3.xml (RunModel)" time="0.023" />
  <testcase classname="ptolemy.util.test.junit.AutoTests" name="[40] /home/travis/build/icyphy/ptII/ptolemy/domains/sdf/lib/test/auto/MatrixJoin4.xml (RunModel)" time="0.02" />
  <testcase classname="ptolemy.util.test.junit.AutoTests" name="[41] /home/travis/build/icyphy/ptII/ptolemy/domains/sdf/lib/test/auto/MatrixJoin5.xml (RunModel)" time="0.022" />
  <testcase classname="ptolemy.util.test.junit.AutoTests" name="[42] /home/travis/build/icyphy/ptII/ptolemy/domains/sdf/lib/test/auto/MatrixSplit1.xml (RunModel)" time="0.025" />
  <testcase classname="ptolemy.util.test.junit.AutoTests" name="[43] /home/travis/build/icyphy/ptII/ptolemy/domains/sdf/lib/test/auto/MatrixSplit10.xml (RunModel)" time="0.018" />
  <testcase classname="ptolemy.util.test.junit.AutoTests" name="[44] /home/travis/build/icyphy/ptII/ptolemy/domains/sdf/lib/test/auto/MatrixSplit11.xml (RunModel)" time="0.018" />
  <testcase classname="ptolemy.util.test.junit.AutoTests" name="[45] /home/travis/build/icyphy/ptII/ptolemy/domains/sdf/lib/test/auto/MatrixSplit12.xml (RunModel)" time="0.021" />
  <testcase classname="ptolemy.util.test.junit.AutoTests" name="[46] /home/travis/build/icyphy/ptII/ptolemy/domains/sdf/lib/test/auto/MatrixSplit13.xml (RunModel)" time="0.033" />
  <testcase classname="ptolemy.util.test.junit.AutoTests" name="[47] /home/travis/build/icyphy/ptII/ptolemy/domains/sdf/lib/test/auto/MatrixSplit14.xml (RunModel)" time="0.024" />
  <testcase classname="ptolemy.util.test.junit.AutoTests" name="[48] /home/travis/build/icyphy/ptII/ptolemy/domains/sdf/lib/test/auto/MatrixSplit2.xml (RunModel)" time="0.018" />
  <testcase classname="ptolemy.util.test.junit.AutoTests" name="[49] /home/travis/build/icyphy/ptII/ptolemy/domains/sdf/lib/test/auto/MatrixSplit3.xml (RunModel)" time="0.021" />
  <testcase classname="ptolemy.util.test.junit.AutoTests" name="[50] /home/travis/build/icyphy/ptII/ptolemy/domains/sdf/lib/test/auto/MatrixSplit4.xml (RunModel)" time="0.022" />
  <testcase classname="ptolemy.util.test.junit.AutoTests" name="[51] /home/travis/build/icyphy/ptII/ptolemy/domains/sdf/lib/test/auto/MatrixSplit5.xml (RunModel)" time="0.018" />
  <testcase classname="ptolemy.util.test.junit.AutoTests" name="[52] /home/travis/build/icyphy/ptII/ptolemy/domains/sdf/lib/test/auto/MatrixSplit6.xml (RunModel)" time="0.016" />
  <testcase classname="ptolemy.util.test.junit.AutoTests" name="[53] /home/travis/build/icyphy/ptII/ptolemy/domains/sdf/lib/test/auto/MatrixSplit7.xml (RunModel)" time="0.019" />
  <testcase classname="ptolemy.util.test.junit.AutoTests" name="[54] /home/travis/build/icyphy/ptII/ptolemy/domains/sdf/lib/test/auto/MatrixSplit8.xml (RunModel)" time="0.016" />
  <testcase classname="ptolemy.util.test.junit.AutoTests" name="[55] /home/travis/build/icyphy/ptII/ptolemy/domains/sdf/lib/test/auto/MatrixSplit9.xml (RunModel)" time="0.036" />
  <testcase classname="ptolemy.util.test.junit.AutoTests" name="[56] /home/travis/build/icyphy/ptII/ptolemy/domains/sdf/lib/test/auto/MatrixToSequence.xml (RunModel)" time="0.053" />
  <testcase classname="ptolemy.util.test.junit.AutoTests" name="[57] /home/travis/build/icyphy/ptII/ptolemy/domains/sdf/lib/test/auto/MaximumEntropySpectrum.xml (RunModel)" time="0.075" />
  <testcase classname="ptolemy.util.test.junit.AutoTests" name="[58] /home/travis/build/icyphy/ptII/ptolemy/domains/sdf/lib/test/auto/SampleDelayConversion.xml (RunModel)" time="0.019" />
  <testcase classname="ptolemy.util.test.junit.AutoTests" name="[59] /home/travis/build/icyphy/ptII/ptolemy/domains/sdf/lib/test/auto/SequenceToArray.xml (RunModel)" time="0.045" />
  <testcase classname="ptolemy.util.test.junit.AutoTests" name="[60] /home/travis/build/icyphy/ptII/ptolemy/domains/sdf/lib/test/auto/SequenceToMatrix.xml (RunModel)" time="4.113" />
  <testcase classname="ptolemy.util.test.junit.AutoTests" name="[61] /home/travis/build/icyphy/ptII/ptolemy/domains/sdf/lib/test/auto/SmoothedPeriodogram.xml (RunModel)" time="0.051" />
  <testcase classname="ptolemy.util.test.junit.AutoTests" name="[62] /home/travis/build/icyphy/ptII/ptolemy/domains/sdf/lib/test/auto/UpDownSample1.xml (RunModel)" time="0.038" />
  <testcase classname="ptolemy.util.test.junit.AutoTests" name="[63] /home/travis/build/icyphy/ptII/ptolemy/domains/sdf/lib/test/auto/UpSample1.xml (RunModel)" time="0.024" />
  <testcase classname="ptolemy.util.test.junit.AutoTests" name="[64] /home/travis/build/icyphy/ptII/ptolemy/domains/sdf/lib/test/auto/VariableFIR.xml (RunModel)" time="0.04" />
  <testcase classname="ptolemy.util.test.junit.AutoTests" name="[65] /home/travis/build/icyphy/ptII/ptolemy/domains/sdf/lib/test/auto/VariableFIR2.xml (RunModel)" time="0.032" />
  <testcase classname="ptolemy.util.test.junit.AutoTests" name="[66] /home/travis/build/icyphy/ptII/ptolemy/domains/sdf/lib/test/auto/VariableLattice.xml (RunModel)" time="0.03" />
  <testcase classname="ptolemy.util.test.junit.AutoTests" name="[67] /home/travis/build/icyphy/ptII/ptolemy/domains/sdf/lib/test/auto/VariableLattice2.xml (RunModel)" time="0.025" />
  <testcase classname="ptolemy.util.test.junit.AutoTests" name="[68] /home/travis/build/icyphy/ptII/ptolemy/domains/sdf/lib/test/auto/VariableRecursiveLattice.xml (RunModel)" time="0.018" />
  <testcase classname="ptolemy.util.test.junit.AutoTests" name="[69] /home/travis/build/icyphy/ptII/ptolemy/domains/sdf/lib/test/auto/VariableRecursiveLattice2.xml (RunModel)" time="0.024" />
  <system-out><![CDATA[/home/travis/build/icyphy/ptII/ptolemy/domains/sdf/lib/test/ArrayToSequence.tcl
testDefs.tcl: setting time out to 9000 seconds at Fri Jun 01 01:26:21 UTC 2018
48 ms. Memory: 116224K Free: 85504K (74%)
7 ms. Memory: 116224K Free: 110121K (95%)
10 ms. Memory: 116224K Free: 107716K (93%)
10 ms. Memory: 116224K Free: 106498K (92%)
/home/travis/build/icyphy/ptII/ptolemy/domains/sdf/lib/test/BitsToInt.tcl
8 ms. Memory: 116224K Free: 104691K (90%)
7 ms. Memory: 116224K Free: 102907K (89%)
/home/travis/build/icyphy/ptII/ptolemy/domains/sdf/lib/test/DelayLine.tcl
10 ms. Memory: 116224K Free: 101116K (87%)
/home/travis/build/icyphy/ptII/ptolemy/domains/sdf/lib/test/FFT.tcl
5 ms. Memory: 116224K Free: 99348K (85%)
/home/travis/build/icyphy/ptII/ptolemy/domains/sdf/lib/test/FIR.tcl
7 ms. Memory: 116224K Free: 97535K (84%)
4 ms. Memory: 116224K Free: 96356K (83%)
ptolemy.kernel.util.IllegalActionException: multiplyReverse method not supported between ptolemy.data.FixToken 'fix(-0.0625,6,2)' and ptolemy.data.IntToken '1' because the types are incomparable.
  in .top.FIRclone
Because:
multiplyReverse method not supported between ptolemy.data.FixToken 'fix(-0.0625,6,2)' and ptolemy.data.IntToken '1' because the types are incomparable.
15 ms. Memory: 116224K Free: 93976K (81%)
/home/travis/build/icyphy/ptII/ptolemy/domains/sdf/lib/test/IntToBits.tcl
5 ms. Memory: 116224K Free: 92201K (79%)
4 ms. Memory: 116224K Free: 90410K (78%)
/home/travis/build/icyphy/ptII/ptolemy/domains/sdf/lib/test/MaximumEntropySpectrum.tcl
/home/travis/build/icyphy/ptII/ptolemy/domains/sdf/lib/test/Repeat.tcl
6 ms. Memory: 146944K Free: 120795K (82%)
/home/travis/build/icyphy/ptII/ptolemy/domains/sdf/lib/test/SampleDelay.tcl
4 ms. Memory: 146944K Free: 118415K (81%)
7 ms. Memory: 146944K Free: 118415K (81%)
6 ms. Memory: 146944K Free: 117225K (80%)
11 ms. Memory: 146944K Free: 116035K (79%)
3 ms. Memory: 146944K Free: 116035K (79%)
1 ms. Memory: 146944K Free: 114844K (78%)
/home/travis/build/icyphy/ptII/ptolemy/domains/sdf/lib/test/SequenceToArray.tcl
15 ms. Memory: 146944K Free: 113654K (77%)
3 ms. Memory: 146944K Free: 112464K (77%)
5 ms. Memory: 146944K Free: 111273K (76%)
11 ms. Memory: 146944K Free: 110083K (75%)
06/01/18 01:26:22
Failed: 0  Total Tests: 41  ((Passed: 41, Newly Passed: 0)  Known Failed: 0) /home/travis/build/icyphy/ptII/ptolemy/domains/sdf/lib/test
No auto/knownFailedTests/*.xml tests in /home/travis/build/icyphy/ptII/ptolemy/domains/sdf/lib/test
No auto/linux-amd64/*.xml tests in /home/travis/build/icyphy/ptII/ptolemy/domains/sdf/lib/test
AutoTests.java: About to close Vertx.
AutoTests.java: Vertx closed.

===========================================================================================
----------------- testing Fri Jun 01 01:26:23 UTC 2018 /home/travis/build/icyphy/ptII/ptolemy/domains/sdf/lib/test/auto/ArrayToSequence.xml
----------------- Instantiating /home/travis/build/icyphy/ptII/ptolemy/domains/sdf/lib/test/auto/ArrayToSequence.xml
17 ms. Memory: 146944K Free: 127653K (87%)
----------------- Invoking toplevel() on ptolemy.moml.MoMLSimpleApplication@193d93ab
----------------- Done invoking toplevel() on ptolemy.moml.MoMLSimpleApplication@193d93ab
reloadAllAccessors: .ArrayToSequence

===========================================================================================
----------------- testing Fri Jun 01 01:26:23 UTC 2018 /home/travis/build/icyphy/ptII/ptolemy/domains/sdf/lib/test/auto/ArrayToSequenceTest.xml
----------------- Instantiating /home/travis/build/icyphy/ptII/ptolemy/domains/sdf/lib/test/auto/ArrayToSequenceTest.xml
12 ms. Memory: 146944K Free: 119886K (82%)
----------------- Invoking toplevel() on ptolemy.moml.MoMLSimpleApplication@6aa9ea7d
----------------- Done invoking toplevel() on ptolemy.moml.MoMLSimpleApplication@6aa9ea7d
reloadAllAccessors: .ArrayToSequenceTest

===========================================================================================
----------------- testing Fri Jun 01 01:26:23 UTC 2018 /home/travis/build/icyphy/ptII/ptolemy/domains/sdf/lib/test/auto/Autocorrelation.xml
----------------- Instantiating /home/travis/build/icyphy/ptII/ptolemy/domains/sdf/lib/test/auto/Autocorrelation.xml
4 ms. Memory: 146944K Free: 114970K (78%)
----------------- Invoking toplevel() on ptolemy.moml.MoMLSimpleApplication@31f47de8
----------------- Done invoking toplevel() on ptolemy.moml.MoMLSimpleApplication@31f47de8
reloadAllAccessors: .Autocorrelation

===========================================================================================
----------------- testing Fri Jun 01 01:26:23 UTC 2018 /home/travis/build/icyphy/ptII/ptolemy/domains/sdf/lib/test/auto/Autocorrelation2.xml
----------------- Instantiating /home/travis/build/icyphy/ptII/ptolemy/domains/sdf/lib/test/auto/Autocorrelation2.xml
12 ms. Memory: 146944K Free: 110368K (75%)
----------------- Invoking toplevel() on ptolemy.moml.MoMLSimpleApplication@44bd6964
----------------- Done invoking toplevel() on ptolemy.moml.MoMLSimpleApplication@44bd6964
reloadAllAccessors: .Autocorrelation2

===========================================================================================
----------------- testing Fri Jun 01 01:26:23 UTC 2018 /home/travis/build/icyphy/ptII/ptolemy/domains/sdf/lib/test/auto/Autocorrelation3.xml
----------------- Instantiating /home/travis/build/icyphy/ptII/ptolemy/domains/sdf/lib/test/auto/Autocorrelation3.xml
7 ms. Memory: 146944K Free: 105011K (71%)
----------------- Invoking toplevel() on ptolemy.moml.MoMLSimpleApplication@7e6d1df0
----------------- Done invoking toplevel() on ptolemy.moml.MoMLSimpleApplication@7e6d1df0
reloadAllAccessors: .Autocorrelation3

===========================================================================================
----------------- testing Fri Jun 01 01:26:23 UTC 2018 /home/travis/build/icyphy/ptII/ptolemy/domains/sdf/lib/test/auto/Autocorrelation4.xml
----------------- Instantiating /home/travis/build/icyphy/ptII/ptolemy/domains/sdf/lib/test/auto/Autocorrelation4.xml
5 ms. Memory: 146944K Free: 100109K (68%)
----------------- Invoking toplevel() on ptolemy.moml.MoMLSimpleApplication@1705e902
----------------- Done invoking toplevel() on ptolemy.moml.MoMLSimpleApplication@1705e902
reloadAllAccessors: .Autocorrelation4

===========================================================================================
----------------- testing Fri Jun 01 01:26:23 UTC 2018 /home/travis/build/icyphy/ptII/ptolemy/domains/sdf/lib/test/auto/Autocorrelation5.xml
----------------- Instantiating /home/travis/build/icyphy/ptII/ptolemy/domains/sdf/lib/test/auto/Autocorrelation5.xml
45 ms. Memory: 146944K Free: 92578K (63%)
----------------- Invoking toplevel() on ptolemy.moml.MoMLSimpleApplication@4c37cdc3
----------------- Done invoking toplevel() on ptolemy.moml.MoMLSimpleApplication@4c37cdc3
reloadAllAccessors: .Autocorrelation5

===========================================================================================
----------------- testing Fri Jun 01 01:26:23 UTC 2018 /home/travis/build/icyphy/ptII/ptolemy/domains/sdf/lib/test/auto/BitsToInt.xml
----------------- Instantiating /home/travis/build/icyphy/ptII/ptolemy/domains/sdf/lib/test/auto/BitsToInt.xml
8 ms. Memory: 146944K Free: 88161K (60%)
----------------- Invoking toplevel() on ptolemy.moml.MoMLSimpleApplication@3c3c7cd2
----------------- Done invoking toplevel() on ptolemy.moml.MoMLSimpleApplication@3c3c7cd2
reloadAllAccessors: .BitsToInt

===========================================================================================
----------------- testing Fri Jun 01 01:26:23 UTC 2018 /home/travis/build/icyphy/ptII/ptolemy/domains/sdf/lib/test/auto/BooleanJoin.xml
----------------- Instantiating /home/travis/build/icyphy/ptII/ptolemy/domains/sdf/lib/test/auto/BooleanJoin.xml
8 ms. Memory: 146944K Free: 83534K (57%)
----------------- Invoking toplevel() on ptolemy.moml.MoMLSimpleApplication@6c9391f3
----------------- Done invoking toplevel() on ptolemy.moml.MoMLSimpleApplication@6c9391f3
reloadAllAccessors: .BooleanJoin

===========================================================================================
----------------- testing Fri Jun 01 01:26:23 UTC 2018 /home/travis/build/icyphy/ptII/ptolemy/domains/sdf/lib/test/auto/BootstrapSampleDelay.xml
----------------- Instantiating /home/travis/build/icyphy/ptII/ptolemy/domains/sdf/lib/test/auto/BootstrapSampleDelay.xml
5 ms. Memory: 146944K Free: 79390K (54%)
----------------- Invoking toplevel() on ptolemy.moml.MoMLSimpleApplication@55b97c60
----------------- Done invoking toplevel() on ptolemy.moml.MoMLSimpleApplication@55b97c60
reloadAllAccessors: .BootstrapSampleDelay

===========================================================================================
----------------- testing Fri Jun 01 01:26:23 UTC 2018 /home/travis/build/icyphy/ptII/ptolemy/domains/sdf/lib/test/auto/Chop.xml
----------------- Instantiating /home/travis/build/icyphy/ptII/ptolemy/domains/sdf/lib/test/auto/Chop.xml
5 ms. Memory: 208384K Free: 192427K (92%)
----------------- Invoking toplevel() on ptolemy.moml.MoMLSimpleApplication@3e982832
----------------- Done invoking toplevel() on ptolemy.moml.MoMLSimpleApplication@3e982832
reloadAllAccessors: .Chop

===========================================================================================
----------------- testing Fri Jun 01 01:26:23 UTC 2018 /home/travis/build/icyphy/ptII/ptolemy/domains/sdf/lib/test/auto/Chop2.xml
----------------- Instantiating /home/travis/build/icyphy/ptII/ptolemy/domains/sdf/lib/test/auto/Chop2.xml
6 ms. Memory: 208384K Free: 184319K (88%)
----------------- Invoking toplevel() on ptolemy.moml.MoMLSimpleApplication@7def6df0
----------------- Done invoking toplevel() on ptolemy.moml.MoMLSimpleApplication@7def6df0
reloadAllAccessors: .Chop2

===========================================================================================
----------------- testing Fri Jun 01 01:26:24 UTC 2018 /home/travis/build/icyphy/ptII/ptolemy/domains/sdf/lib/test/auto/ComplexJoin.xml
----------------- Instantiating /home/travis/build/icyphy/ptII/ptolemy/domains/sdf/lib/test/auto/ComplexJoin.xml
5 ms. Memory: 208384K Free: 179324K (86%)
----------------- Invoking toplevel() on ptolemy.moml.MoMLSimpleApplication@4e97c033
----------------- Done invoking toplevel() on ptolemy.moml.MoMLSimpleApplication@4e97c033
reloadAllAccessors: .ComplexJoin

===========================================================================================
----------------- testing Fri Jun 01 01:26:24 UTC 2018 /home/travis/build/icyphy/ptII/ptolemy/domains/sdf/lib/test/auto/CountTrues.xml
----------------- Instantiating /home/travis/build/icyphy/ptII/ptolemy/domains/sdf/lib/test/auto/CountTrues.xml
9 ms. Memory: 208384K Free: 175983K (84%)
----------------- Invoking toplevel() on ptolemy.moml.MoMLSimpleApplication@62c1de0d
----------------- Done invoking toplevel() on ptolemy.moml.MoMLSimpleApplication@62c1de0d
reloadAllAccessors: .CountTrues

===========================================================================================
----------------- testing Fri Jun 01 01:26:24 UTC 2018 /home/travis/build/icyphy/ptII/ptolemy/domains/sdf/lib/test/auto/DelayLine.xml
----------------- Instantiating /home/travis/build/icyphy/ptII/ptolemy/domains/sdf/lib/test/auto/DelayLine.xml
6 ms. Memory: 208384K Free: 169366K (81%)
----------------- Invoking toplevel() on ptolemy.moml.MoMLSimpleApplication@578ccb8a
----------------- Done invoking toplevel() on ptolemy.moml.MoMLSimpleApplication@578ccb8a
reloadAllAccessors: .DelayLine

===========================================================================================
----------------- testing Fri Jun 01 01:26:24 UTC 2018 /home/travis/build/icyphy/ptII/ptolemy/domains/sdf/lib/test/auto/DotProduct.xml
----------------- Instantiating /home/travis/build/icyphy/ptII/ptolemy/domains/sdf/lib/test/auto/DotProduct.xml
4 ms. Memory: 208384K Free: 164503K (79%)
----------------- Invoking toplevel() on ptolemy.moml.MoMLSimpleApplication@3f288eb
----------------- Done invoking toplevel() on ptolemy.moml.MoMLSimpleApplication@3f288eb
reloadAllAccessors: .DotProduct

===========================================================================================
----------------- testing Fri Jun 01 01:26:24 UTC 2018 /home/travis/build/icyphy/ptII/ptolemy/domains/sdf/lib/test/auto/DotProductMatrix.xml
----------------- Instantiating /home/travis/build/icyphy/ptII/ptolemy/domains/sdf/lib/test/auto/DotProductMatrix.xml
5 ms. Memory: 208384K Free: 161226K (77%)
----------------- Invoking toplevel() on ptolemy.moml.MoMLSimpleApplication@3e6bc983
----------------- Done invoking toplevel() on ptolemy.moml.MoMLSimpleApplication@3e6bc983
reloadAllAccessors: .DotProductMatrix

===========================================================================================
----------------- testing Fri Jun 01 01:26:24 UTC 2018 /home/travis/build/icyphy/ptII/ptolemy/domains/sdf/lib/test/auto/DownSample1.xml
----------------- Instantiating /home/travis/build/icyphy/ptII/ptolemy/domains/sdf/lib/test/auto/DownSample1.xml
2 ms. Memory: 208384K Free: 157917K (76%)
----------------- Invoking toplevel() on ptolemy.moml.MoMLSimpleApplication@292c13c7
----------------- Done invoking toplevel() on ptolemy.moml.MoMLSimpleApplication@292c13c7
reloadAllAccessors: .DownSample1

===========================================================================================
----------------- testing Fri Jun 01 01:26:24 UTC 2018 /home/travis/build/icyphy/ptII/ptolemy/domains/sdf/lib/test/auto/DynamicRateChange.xml
----------------- Instantiating /home/travis/build/icyphy/ptII/ptolemy/domains/sdf/lib/test/auto/DynamicRateChange.xml
12 ms. Memory: 208384K Free: 151363K (73%)
----------------- Invoking toplevel() on ptolemy.moml.MoMLSimpleApplication@be30850
----------------- Done invoking toplevel() on ptolemy.moml.MoMLSimpleApplication@be30850
reloadAllAccessors: .DynamicRateChange

===========================================================================================
----------------- testing Fri Jun 01 01:26:24 UTC 2018 /home/travis/build/icyphy/ptII/ptolemy/domains/sdf/lib/test/auto/DynamicRates.xml
----------------- Instantiating /home/travis/build/icyphy/ptII/ptolemy/domains/sdf/lib/test/auto/DynamicRates.xml
11 ms. Memory: 208384K Free: 144011K (69%)
----------------- Invoking toplevel() on ptolemy.moml.MoMLSimpleApplication@6ca8eb62
----------------- Done invoking toplevel() on ptolemy.moml.MoMLSimpleApplication@6ca8eb62
reloadAllAccessors: .DynamicRates

===========================================================================================
----------------- testing Fri Jun 01 01:26:24 UTC 2018 /home/travis/build/icyphy/ptII/ptolemy/domains/sdf/lib/test/auto/FFT1.xml
----------------- Instantiating /home/travis/build/icyphy/ptII/ptolemy/domains/sdf/lib/test/auto/FFT1.xml
11 ms. Memory: 208384K Free: 138260K (66%)
----------------- Invoking toplevel() on ptolemy.moml.MoMLSimpleApplication@6819f377
----------------- Done invoking toplevel() on ptolemy.moml.MoMLSimpleApplication@6819f377
reloadAllAccessors: .FFT1

===========================================================================================
----------------- testing Fri Jun 01 01:26:24 UTC 2018 /home/travis/build/icyphy/ptII/ptolemy/domains/sdf/lib/test/auto/FIR1.xml
----------------- Instantiating /home/travis/build/icyphy/ptII/ptolemy/domains/sdf/lib/test/auto/FIR1.xml
21 ms. Memory: 208384K Free: 130068K (62%)
----------------- Invoking toplevel() on ptolemy.moml.MoMLSimpleApplication@5f5cfe5a
----------------- Done invoking toplevel() on ptolemy.moml.MoMLSimpleApplication@5f5cfe5a
reloadAllAccessors: .FIR1

===========================================================================================
----------------- testing Fri Jun 01 01:26:24 UTC 2018 /home/travis/build/icyphy/ptII/ptolemy/domains/sdf/lib/test/auto/FIR2.xml
----------------- Instantiating /home/travis/build/icyphy/ptII/ptolemy/domains/sdf/lib/test/auto/FIR2.xml
3 ms. Memory: 208384K Free: 125972K (60%)
----------------- Invoking toplevel() on ptolemy.moml.MoMLSimpleApplication@50734fd6
----------------- Done invoking toplevel() on ptolemy.moml.MoMLSimpleApplication@50734fd6
reloadAllAccessors: .FIR2

===========================================================================================
----------------- testing Fri Jun 01 01:26:24 UTC 2018 /home/travis/build/icyphy/ptII/ptolemy/domains/sdf/lib/test/auto/FIR4.xml
----------------- Instantiating /home/travis/build/icyphy/ptII/ptolemy/domains/sdf/lib/test/auto/FIR4.xml
7 ms. Memory: 208384K Free: 116162K (56%)
----------------- Invoking toplevel() on ptolemy.moml.MoMLSimpleApplication@2dcf3032
----------------- Done invoking toplevel() on ptolemy.moml.MoMLSimpleApplication@2dcf3032
reloadAllAccessors: .FIR4

===========================================================================================
----------------- testing Fri Jun 01 01:26:24 UTC 2018 /home/travis/build/icyphy/ptII/ptolemy/domains/sdf/lib/test/auto/FixJoin.xml
----------------- Instantiating /home/travis/build/icyphy/ptII/ptolemy/domains/sdf/lib/test/auto/FixJoin.xml
6 ms. Memory: 208384K Free: 111199K (53%)
----------------- Invoking toplevel() on ptolemy.moml.MoMLSimpleApplication@45dcc481
----------------- Done invoking toplevel() on ptolemy.moml.MoMLSimpleApplication@45dcc481
reloadAllAccessors: .FixJoin

===========================================================================================
----------------- testing Fri Jun 01 01:26:24 UTC 2018 /home/travis/build/icyphy/ptII/ptolemy/domains/sdf/lib/test/auto/IntJoin1.xml
----------------- Instantiating /home/travis/build/icyphy/ptII/ptolemy/domains/sdf/lib/test/auto/IntJoin1.xml
2 ms. Memory: 208384K Free: 106236K (51%)
----------------- Invoking toplevel() on ptolemy.moml.MoMLSimpleApplication@507459df
----------------- Done invoking toplevel() on ptolemy.moml.MoMLSimpleApplication@507459df
reloadAllAccessors: .IntJoin1

===========================================================================================
----------------- testing Fri Jun 01 01:26:24 UTC 2018 /home/travis/build/icyphy/ptII/ptolemy/domains/sdf/lib/test/auto/IntJoin2.xml
----------------- Instantiating /home/travis/build/icyphy/ptII/ptolemy/domains/sdf/lib/test/auto/IntJoin2.xml
5 ms. Memory: 208384K Free: 101256K (49%)
----------------- Invoking toplevel() on ptolemy.moml.MoMLSimpleApplication@5ca6a3ba
----------------- Done invoking toplevel() on ptolemy.moml.MoMLSimpleApplication@5ca6a3ba
reloadAllAccessors: .IntJoin2

===========================================================================================
----------------- testing Fri Jun 01 01:26:24 UTC 2018 /home/travis/build/icyphy/ptII/ptolemy/domains/sdf/lib/test/auto/IntJoin3.xml
----------------- Instantiating /home/travis/build/icyphy/ptII/ptolemy/domains/sdf/lib/test/auto/IntJoin3.xml
4 ms. Memory: 208384K Free: 94747K (45%)
----------------- Invoking toplevel() on ptolemy.moml.MoMLSimpleApplication@3c5d0bce
----------------- Done invoking toplevel() on ptolemy.moml.MoMLSimpleApplication@3c5d0bce
reloadAllAccessors: .IntJoin3

===========================================================================================
----------------- testing Fri Jun 01 01:26:24 UTC 2018 /home/travis/build/icyphy/ptII/ptolemy/domains/sdf/lib/test/auto/IntJoin4.xml
----------------- Instantiating /home/travis/build/icyphy/ptII/ptolemy/domains/sdf/lib/test/auto/IntJoin4.xml
3 ms. Memory: 208384K Free: 89768K (43%)
----------------- Invoking toplevel() on ptolemy.moml.MoMLSimpleApplication@e767a5e
----------------- Done invoking toplevel() on ptolemy.moml.MoMLSimpleApplication@e767a5e
reloadAllAccessors: .IntJoin4

===========================================================================================
----------------- testing Fri Jun 01 01:26:24 UTC 2018 /home/travis/build/icyphy/ptII/ptolemy/domains/sdf/lib/test/auto/IntJoin5.xml
----------------- Instantiating /home/travis/build/icyphy/ptII/ptolemy/domains/sdf/lib/test/auto/IntJoin5.xml
4 ms. Memory: 208384K Free: 84813K (41%)
----------------- Invoking toplevel() on ptolemy.moml.MoMLSimpleApplication@49dd8417
----------------- Done invoking toplevel() on ptolemy.moml.MoMLSimpleApplication@49dd8417
reloadAllAccessors: .IntJoin5

===========================================================================================
----------------- testing Fri Jun 01 01:26:24 UTC 2018 /home/travis/build/icyphy/ptII/ptolemy/domains/sdf/lib/test/auto/IntToBits.xml
----------------- Instantiating /home/travis/build/icyphy/ptII/ptolemy/domains/sdf/lib/test/auto/IntToBits.xml
5 ms. Memory: 208384K Free: 81536K (39%)
----------------- Invoking toplevel() on ptolemy.moml.MoMLSimpleApplication@29f59bb4
----------------- Done invoking toplevel() on ptolemy.moml.MoMLSimpleApplication@29f59bb4
reloadAllAccessors: .IntToBits

===========================================================================================
----------------- testing Fri Jun 01 01:26:24 UTC 2018 /home/travis/build/icyphy/ptII/ptolemy/domains/sdf/lib/test/auto/LMSAdaptive.xml
----------------- Instantiating /home/travis/build/icyphy/ptII/ptolemy/domains/sdf/lib/test/auto/LMSAdaptive.xml
9 ms. Memory: 208384K Free: 192969K (93%)
----------------- Invoking toplevel() on ptolemy.moml.MoMLSimpleApplication@32decf60
----------------- Done invoking toplevel() on ptolemy.moml.MoMLSimpleApplication@32decf60
reloadAllAccessors: .LMSAdaptive

===========================================================================================
----------------- testing Fri Jun 01 01:26:24 UTC 2018 /home/travis/build/icyphy/ptII/ptolemy/domains/sdf/lib/test/auto/LMSAdaptiveFIR.xml
----------------- Instantiating /home/travis/build/icyphy/ptII/ptolemy/domains/sdf/lib/test/auto/LMSAdaptiveFIR.xml
280 ms. Memory: 208384K Free: 151762K (73%)
----------------- Invoking toplevel() on ptolemy.moml.MoMLSimpleApplication@70c6b155
----------------- Done invoking toplevel() on ptolemy.moml.MoMLSimpleApplication@70c6b155
reloadAllAccessors: .LMSAdaptiveFIR

===========================================================================================
----------------- testing Fri Jun 01 01:26:25 UTC 2018 /home/travis/build/icyphy/ptII/ptolemy/domains/sdf/lib/test/auto/LMSAdaptiveFIR2.xml
----------------- Instantiating /home/travis/build/icyphy/ptII/ptolemy/domains/sdf/lib/test/auto/LMSAdaptiveFIR2.xml
352 ms. Memory: 208384K Free: 91068K (44%)
----------------- Invoking toplevel() on ptolemy.moml.MoMLSimpleApplication@38ed5419
----------------- Done invoking toplevel() on ptolemy.moml.MoMLSimpleApplication@38ed5419
reloadAllAccessors: .LMSAdaptiveFIR2

===========================================================================================
----------------- testing Fri Jun 01 01:26:25 UTC 2018 /home/travis/build/icyphy/ptII/ptolemy/domains/sdf/lib/test/auto/LongJoin.xml
----------------- Instantiating /home/travis/build/icyphy/ptII/ptolemy/domains/sdf/lib/test/auto/LongJoin.xml
5 ms. Memory: 208384K Free: 85024K (41%)
----------------- Invoking toplevel() on ptolemy.moml.MoMLSimpleApplication@4141c6a2
----------------- Done invoking toplevel() on ptolemy.moml.MoMLSimpleApplication@4141c6a2
reloadAllAccessors: .LongJoin

===========================================================================================
----------------- testing Fri Jun 01 01:26:25 UTC 2018 /home/travis/build/icyphy/ptII/ptolemy/domains/sdf/lib/test/auto/Matrix1.xml
----------------- Instantiating /home/travis/build/icyphy/ptII/ptolemy/domains/sdf/lib/test/auto/Matrix1.xml
4 ms. Memory: 208384K Free: 80928K (39%)
----------------- Invoking toplevel() on ptolemy.moml.MoMLSimpleApplication@17d445cf
----------------- Done invoking toplevel() on ptolemy.moml.MoMLSimpleApplication@17d445cf
reloadAllAccessors: .Matrix1

===========================================================================================
----------------- testing Fri Jun 01 01:26:25 UTC 2018 /home/travis/build/icyphy/ptII/ptolemy/domains/sdf/lib/test/auto/Matrix2.xml
----------------- Instantiating /home/travis/build/icyphy/ptII/ptolemy/domains/sdf/lib/test/auto/Matrix2.xml
28 ms. Memory: 333312K Free: 324384K (97%)
----------------- Invoking toplevel() on ptolemy.moml.MoMLSimpleApplication@482d93fc
----------------- Done invoking toplevel() on ptolemy.moml.MoMLSimpleApplication@482d93fc
reloadAllAccessors: .Matrix2

===========================================================================================
----------------- testing Fri Jun 01 01:26:25 UTC 2018 /home/travis/build/icyphy/ptII/ptolemy/domains/sdf/lib/test/auto/MatrixJoin1.xml
----------------- Instantiating /home/travis/build/icyphy/ptII/ptolemy/domains/sdf/lib/test/auto/MatrixJoin1.xml
3 ms. Memory: 333312K Free: 315531K (95%)
----------------- Invoking toplevel() on ptolemy.moml.MoMLSimpleApplication@e30e282
----------------- Done invoking toplevel() on ptolemy.moml.MoMLSimpleApplication@e30e282
reloadAllAccessors: .MatrixJoin1

===========================================================================================
----------------- testing Fri Jun 01 01:26:25 UTC 2018 /home/travis/build/icyphy/ptII/ptolemy/domains/sdf/lib/test/auto/MatrixJoin2.xml
----------------- Instantiating /home/travis/build/icyphy/ptII/ptolemy/domains/sdf/lib/test/auto/MatrixJoin2.xml
5 ms. Memory: 333312K Free: 308659K (93%)
----------------- Invoking toplevel() on ptolemy.moml.MoMLSimpleApplication@23f0a33a
----------------- Done invoking toplevel() on ptolemy.moml.MoMLSimpleApplication@23f0a33a
reloadAllAccessors: .MatrixJoin2

===========================================================================================
----------------- testing Fri Jun 01 01:26:25 UTC 2018 /home/travis/build/icyphy/ptII/ptolemy/domains/sdf/lib/test/auto/MatrixJoin3.xml
----------------- Instantiating /home/travis/build/icyphy/ptII/ptolemy/domains/sdf/lib/test/auto/MatrixJoin3.xml
3 ms. Memory: 333312K Free: 302074K (91%)
----------------- Invoking toplevel() on ptolemy.moml.MoMLSimpleApplication@7f3da529
----------------- Done invoking toplevel() on ptolemy.moml.MoMLSimpleApplication@7f3da529
reloadAllAccessors: .MatrixJoin3

===========================================================================================
----------------- testing Fri Jun 01 01:26:25 UTC 2018 /home/travis/build/icyphy/ptII/ptolemy/domains/sdf/lib/test/auto/MatrixJoin4.xml
----------------- Instantiating /home/travis/build/icyphy/ptII/ptolemy/domains/sdf/lib/test/auto/MatrixJoin4.xml
2 ms. Memory: 333312K Free: 294088K (88%)
----------------- Invoking toplevel() on ptolemy.moml.MoMLSimpleApplication@4bef3011
----------------- Done invoking toplevel() on ptolemy.moml.MoMLSimpleApplication@4bef3011
reloadAllAccessors: .MatrixJoin4

===========================================================================================
----------------- testing Fri Jun 01 01:26:25 UTC 2018 /home/travis/build/icyphy/ptII/ptolemy/domains/sdf/lib/test/auto/MatrixJoin5.xml
----------------- Instantiating /home/travis/build/icyphy/ptII/ptolemy/domains/sdf/lib/test/auto/MatrixJoin5.xml
2 ms. Memory: 333312K Free: 287503K (86%)
----------------- Invoking toplevel() on ptolemy.moml.MoMLSimpleApplication@365c998f
----------------- Done invoking toplevel() on ptolemy.moml.MoMLSimpleApplication@365c998f
reloadAllAccessors: .MatrixJoin5

===========================================================================================
----------------- testing Fri Jun 01 01:26:25 UTC 2018 /home/travis/build/icyphy/ptII/ptolemy/domains/sdf/lib/test/auto/MatrixSplit1.xml
----------------- Instantiating /home/travis/build/icyphy/ptII/ptolemy/domains/sdf/lib/test/auto/MatrixSplit1.xml
3 ms. Memory: 333312K Free: 280917K (84%)
----------------- Invoking toplevel() on ptolemy.moml.MoMLSimpleApplication@55c58518
----------------- Done invoking toplevel() on ptolemy.moml.MoMLSimpleApplication@55c58518
reloadAllAccessors: .MatrixSplit1

===========================================================================================
----------------- testing Fri Jun 01 01:26:25 UTC 2018 /home/travis/build/icyphy/ptII/ptolemy/domains/sdf/lib/test/auto/MatrixSplit10.xml
----------------- Instantiating /home/travis/build/icyphy/ptII/ptolemy/domains/sdf/lib/test/auto/MatrixSplit10.xml
2 ms. Memory: 333312K Free: 276002K (83%)
----------------- Invoking toplevel() on ptolemy.moml.MoMLSimpleApplication@7075c866
----------------- Done invoking toplevel() on ptolemy.moml.MoMLSimpleApplication@7075c866
reloadAllAccessors: .MatrixSplit10

===========================================================================================
----------------- testing Fri Jun 01 01:26:25 UTC 2018 /home/travis/build/icyphy/ptII/ptolemy/domains/sdf/lib/test/auto/MatrixSplit11.xml
----------------- Instantiating /home/travis/build/icyphy/ptII/ptolemy/domains/sdf/lib/test/auto/MatrixSplit11.xml
2 ms. Memory: 333312K Free: 269687K (81%)
----------------- Invoking toplevel() on ptolemy.moml.MoMLSimpleApplication@6311aa50
----------------- Done invoking toplevel() on ptolemy.moml.MoMLSimpleApplication@6311aa50
reloadAllAccessors: .MatrixSplit11

===========================================================================================
----------------- testing Fri Jun 01 01:26:25 UTC 2018 /home/travis/build/icyphy/ptII/ptolemy/domains/sdf/lib/test/auto/MatrixSplit12.xml
----------------- Instantiating /home/travis/build/icyphy/ptII/ptolemy/domains/sdf/lib/test/auto/MatrixSplit12.xml
1 ms. Memory: 333312K Free: 264772K (79%)
----------------- Invoking toplevel() on ptolemy.moml.MoMLSimpleApplication@678657fd
----------------- Done invoking toplevel() on ptolemy.moml.MoMLSimpleApplication@678657fd
reloadAllAccessors: .MatrixSplit12

===========================================================================================
----------------- testing Fri Jun 01 01:26:25 UTC 2018 /home/travis/build/icyphy/ptII/ptolemy/domains/sdf/lib/test/auto/MatrixSplit13.xml
----------------- Instantiating /home/travis/build/icyphy/ptII/ptolemy/domains/sdf/lib/test/auto/MatrixSplit13.xml
8 ms. Memory: 333312K Free: 259857K (78%)
----------------- Invoking toplevel() on ptolemy.moml.MoMLSimpleApplication@547c8f5
----------------- Done invoking toplevel() on ptolemy.moml.MoMLSimpleApplication@547c8f5
reloadAllAccessors: .MatrixSplit13

===========================================================================================
----------------- testing Fri Jun 01 01:26:25 UTC 2018 /home/travis/build/icyphy/ptII/ptolemy/domains/sdf/lib/test/auto/MatrixSplit14.xml
----------------- Instantiating /home/travis/build/icyphy/ptII/ptolemy/domains/sdf/lib/test/auto/MatrixSplit14.xml
2 ms. Memory: 333312K Free: 253542K (76%)
----------------- Invoking toplevel() on ptolemy.moml.MoMLSimpleApplication@124aebe6
----------------- Done invoking toplevel() on ptolemy.moml.MoMLSimpleApplication@124aebe6
reloadAllAccessors: .MatrixSplit14

===========================================================================================
----------------- testing Fri Jun 01 01:26:25 UTC 2018 /home/travis/build/icyphy/ptII/ptolemy/domains/sdf/lib/test/auto/MatrixSplit2.xml
----------------- Instantiating /home/travis/build/icyphy/ptII/ptolemy/domains/sdf/lib/test/auto/MatrixSplit2.xml
4 ms. Memory: 333312K Free: 248626K (75%)
----------------- Invoking toplevel() on ptolemy.moml.MoMLSimpleApplication@2cdbd0c7
----------------- Done invoking toplevel() on ptolemy.moml.MoMLSimpleApplication@2cdbd0c7
reloadAllAccessors: .MatrixSplit2

===========================================================================================
----------------- testing Fri Jun 01 01:26:25 UTC 2018 /home/travis/build/icyphy/ptII/ptolemy/domains/sdf/lib/test/auto/MatrixSplit3.xml
----------------- Instantiating /home/travis/build/icyphy/ptII/ptolemy/domains/sdf/lib/test/auto/MatrixSplit3.xml
2 ms. Memory: 333312K Free: 243711K (73%)
----------------- Invoking toplevel() on ptolemy.moml.MoMLSimpleApplication@3416c8ff
----------------- Done invoking toplevel() on ptolemy.moml.MoMLSimpleApplication@3416c8ff
reloadAllAccessors: .MatrixSplit3

===========================================================================================
----------------- testing Fri Jun 01 01:26:25 UTC 2018 /home/travis/build/icyphy/ptII/ptolemy/domains/sdf/lib/test/auto/MatrixSplit4.xml
----------------- Instantiating /home/travis/build/icyphy/ptII/ptolemy/domains/sdf/lib/test/auto/MatrixSplit4.xml
4 ms. Memory: 333312K Free: 237396K (71%)
----------------- Invoking toplevel() on ptolemy.moml.MoMLSimpleApplication@67565d26
----------------- Done invoking toplevel() on ptolemy.moml.MoMLSimpleApplication@67565d26
reloadAllAccessors: .MatrixSplit4

===========================================================================================
----------------- testing Fri Jun 01 01:26:25 UTC 2018 /home/travis/build/icyphy/ptII/ptolemy/domains/sdf/lib/test/auto/MatrixSplit5.xml
----------------- Instantiating /home/travis/build/icyphy/ptII/ptolemy/domains/sdf/lib/test/auto/MatrixSplit5.xml
4 ms. Memory: 333312K Free: 232481K (70%)
----------------- Invoking toplevel() on ptolemy.moml.MoMLSimpleApplication@7aced05b
----------------- Done invoking toplevel() on ptolemy.moml.MoMLSimpleApplication@7aced05b
reloadAllAccessors: .MatrixSplit5

===========================================================================================
----------------- testing Fri Jun 01 01:26:25 UTC 2018 /home/travis/build/icyphy/ptII/ptolemy/domains/sdf/lib/test/auto/MatrixSplit6.xml
----------------- Instantiating /home/travis/build/icyphy/ptII/ptolemy/domains/sdf/lib/test/auto/MatrixSplit6.xml
2 ms. Memory: 333312K Free: 227566K (68%)
----------------- Invoking toplevel() on ptolemy.moml.MoMLSimpleApplication@3ab48e68
----------------- Done invoking toplevel() on ptolemy.moml.MoMLSimpleApplication@3ab48e68
reloadAllAccessors: .MatrixSplit6

===========================================================================================
----------------- testing Fri Jun 01 01:26:26 UTC 2018 /home/travis/build/icyphy/ptII/ptolemy/domains/sdf/lib/test/auto/MatrixSplit7.xml
----------------- Instantiating /home/travis/build/icyphy/ptII/ptolemy/domains/sdf/lib/test/auto/MatrixSplit7.xml
2 ms. Memory: 333312K Free: 222651K (67%)
----------------- Invoking toplevel() on ptolemy.moml.MoMLSimpleApplication@7528f1b3
----------------- Done invoking toplevel() on ptolemy.moml.MoMLSimpleApplication@7528f1b3
reloadAllAccessors: .MatrixSplit7

===========================================================================================
----------------- testing Fri Jun 01 01:26:26 UTC 2018 /home/travis/build/icyphy/ptII/ptolemy/domains/sdf/lib/test/auto/MatrixSplit8.xml
----------------- Instantiating /home/travis/build/icyphy/ptII/ptolemy/domains/sdf/lib/test/auto/MatrixSplit8.xml
2 ms. Memory: 333312K Free: 216336K (65%)
----------------- Invoking toplevel() on ptolemy.moml.MoMLSimpleApplication@25ba2cc1
----------------- Done invoking toplevel() on ptolemy.moml.MoMLSimpleApplication@25ba2cc1
reloadAllAccessors: .MatrixSplit8

===========================================================================================
----------------- testing Fri Jun 01 01:26:26 UTC 2018 /home/travis/build/icyphy/ptII/ptolemy/domains/sdf/lib/test/auto/MatrixSplit9.xml
----------------- Instantiating /home/travis/build/icyphy/ptII/ptolemy/domains/sdf/lib/test/auto/MatrixSplit9.xml
9 ms. Memory: 333312K Free: 211420K (63%)
----------------- Invoking toplevel() on ptolemy.moml.MoMLSimpleApplication@6ff08f
----------------- Done invoking toplevel() on ptolemy.moml.MoMLSimpleApplication@6ff08f
reloadAllAccessors: .MatrixSplit9

===========================================================================================
----------------- testing Fri Jun 01 01:26:26 UTC 2018 /home/travis/build/icyphy/ptII/ptolemy/domains/sdf/lib/test/auto/MatrixToSequence.xml
----------------- Instantiating /home/travis/build/icyphy/ptII/ptolemy/domains/sdf/lib/test/auto/MatrixToSequence.xml
11 ms. Memory: 333312K Free: 199951K (60%)
----------------- Invoking toplevel() on ptolemy.moml.MoMLSimpleApplication@b3cb3cc
----------------- Done invoking toplevel() on ptolemy.moml.MoMLSimpleApplication@b3cb3cc
reloadAllAccessors: .MatrixToSequence

===========================================================================================
----------------- testing Fri Jun 01 01:26:26 UTC 2018 /home/travis/build/icyphy/ptII/ptolemy/domains/sdf/lib/test/auto/MaximumEntropySpectrum.xml
----------------- Instantiating /home/travis/build/icyphy/ptII/ptolemy/domains/sdf/lib/test/auto/MaximumEntropySpectrum.xml
12 ms. Memory: 333312K Free: 173943K (52%)
----------------- Invoking toplevel() on ptolemy.moml.MoMLSimpleApplication@3f209170
----------------- Done invoking toplevel() on ptolemy.moml.MoMLSimpleApplication@3f209170
reloadAllAccessors: .MaximumEntropySpectrum

===========================================================================================
----------------- testing Fri Jun 01 01:26:26 UTC 2018 /home/travis/build/icyphy/ptII/ptolemy/domains/sdf/lib/test/auto/SampleDelayConversion.xml
----------------- Instantiating /home/travis/build/icyphy/ptII/ptolemy/domains/sdf/lib/test/auto/SampleDelayConversion.xml
5 ms. Memory: 333312K Free: 169028K (51%)
----------------- Invoking toplevel() on ptolemy.moml.MoMLSimpleApplication@316593f4
----------------- Done invoking toplevel() on ptolemy.moml.MoMLSimpleApplication@316593f4
reloadAllAccessors: .SampleDelayConversion

===========================================================================================
----------------- testing Fri Jun 01 01:26:26 UTC 2018 /home/travis/build/icyphy/ptII/ptolemy/domains/sdf/lib/test/auto/SequenceToArray.xml
----------------- Instantiating /home/travis/build/icyphy/ptII/ptolemy/domains/sdf/lib/test/auto/SequenceToArray.xml
12 ms. Memory: 333312K Free: 155904K (47%)
----------------- Invoking toplevel() on ptolemy.moml.MoMLSimpleApplication@17935520
----------------- Done invoking toplevel() on ptolemy.moml.MoMLSimpleApplication@17935520
reloadAllAccessors: .SequenceToArray

===========================================================================================
----------------- testing Fri Jun 01 01:26:26 UTC 2018 /home/travis/build/icyphy/ptII/ptolemy/domains/sdf/lib/test/auto/SequenceToMatrix.xml
----------------- Instantiating /home/travis/build/icyphy/ptII/ptolemy/domains/sdf/lib/test/auto/SequenceToMatrix.xml
4087 ms. Memory: 579072K Free: 500620K (86%)
----------------- Invoking toplevel() on ptolemy.moml.MoMLSimpleApplication@58edf22a
----------------- Done invoking toplevel() on ptolemy.moml.MoMLSimpleApplication@58edf22a
reloadAllAccessors: .SequenceToMatrix

===========================================================================================
----------------- testing Fri Jun 01 01:26:30 UTC 2018 /home/travis/build/icyphy/ptII/ptolemy/domains/sdf/lib/test/auto/SmoothedPeriodogram.xml
----------------- Instantiating /home/travis/build/icyphy/ptII/ptolemy/domains/sdf/lib/test/auto/SmoothedPeriodogram.xml
13 ms. Memory: 579072K Free: 477264K (82%)
----------------- Invoking toplevel() on ptolemy.moml.MoMLSimpleApplication@1fca6680
----------------- Done invoking toplevel() on ptolemy.moml.MoMLSimpleApplication@1fca6680
reloadAllAccessors: .SmoothedPeriodogram

===========================================================================================
----------------- testing Fri Jun 01 01:26:30 UTC 2018 /home/travis/build/icyphy/ptII/ptolemy/domains/sdf/lib/test/auto/UpDownSample1.xml
----------------- Instantiating /home/travis/build/icyphy/ptII/ptolemy/domains/sdf/lib/test/auto/UpDownSample1.xml
2 ms. Memory: 579072K Free: 470476K (81%)
----------------- Invoking toplevel() on ptolemy.moml.MoMLSimpleApplication@79831a5b
----------------- Done invoking toplevel() on ptolemy.moml.MoMLSimpleApplication@79831a5b
reloadAllAccessors: .UpDownSample1

===========================================================================================
----------------- testing Fri Jun 01 01:26:30 UTC 2018 /home/travis/build/icyphy/ptII/ptolemy/domains/sdf/lib/test/auto/UpSample1.xml
----------------- Instantiating /home/travis/build/icyphy/ptII/ptolemy/domains/sdf/lib/test/auto/UpSample1.xml
6 ms. Memory: 579072K Free: 463929K (80%)
----------------- Invoking toplevel() on ptolemy.moml.MoMLSimpleApplication@3e1b651
----------------- Done invoking toplevel() on ptolemy.moml.MoMLSimpleApplication@3e1b651
reloadAllAccessors: .UpSample1

===========================================================================================
----------------- testing Fri Jun 01 01:26:30 UTC 2018 /home/travis/build/icyphy/ptII/ptolemy/domains/sdf/lib/test/auto/VariableFIR.xml
----------------- Instantiating /home/travis/build/icyphy/ptII/ptolemy/domains/sdf/lib/test/auto/VariableFIR.xml
12 ms. Memory: 579072K Free: 454109K (78%)
----------------- Invoking toplevel() on ptolemy.moml.MoMLSimpleApplication@16b5c2ff
----------------- Done invoking toplevel() on ptolemy.moml.MoMLSimpleApplication@16b5c2ff
reloadAllAccessors: .VariableFIR

===========================================================================================
----------------- testing Fri Jun 01 01:26:30 UTC 2018 /home/travis/build/icyphy/ptII/ptolemy/domains/sdf/lib/test/auto/VariableFIR2.xml
----------------- Instantiating /home/travis/build/icyphy/ptII/ptolemy/domains/sdf/lib/test/auto/VariableFIR2.xml
4 ms. Memory: 579072K Free: 442341K (76%)
----------------- Invoking toplevel() on ptolemy.moml.MoMLSimpleApplication@3c6c8e12
----------------- Done invoking toplevel() on ptolemy.moml.MoMLSimpleApplication@3c6c8e12
reloadAllAccessors: .VariableFIR2

===========================================================================================
----------------- testing Fri Jun 01 01:26:30 UTC 2018 /home/travis/build/icyphy/ptII/ptolemy/domains/sdf/lib/test/auto/VariableLattice.xml
----------------- Instantiating /home/travis/build/icyphy/ptII/ptolemy/domains/sdf/lib/test/auto/VariableLattice.xml
6 ms. Memory: 579072K Free: 432521K (75%)
----------------- Invoking toplevel() on ptolemy.moml.MoMLSimpleApplication@6052df53
----------------- Done invoking toplevel() on ptolemy.moml.MoMLSimpleApplication@6052df53
reloadAllAccessors: .VariableLattice

===========================================================================================
----------------- testing Fri Jun 01 01:26:30 UTC 2018 /home/travis/build/icyphy/ptII/ptolemy/domains/sdf/lib/test/auto/VariableLattice2.xml
----------------- Instantiating /home/travis/build/icyphy/ptII/ptolemy/domains/sdf/lib/test/auto/VariableLattice2.xml
1.0
-1.999999602036
1.9099998677481
-0.9099996420674
0.205
0.0
0.0
1.0
-0.25
-0.5
0.0
0.0
0.0
0.0
6 ms. Memory: 579072K Free: 422701K (73%)
----------------- Invoking toplevel() on ptolemy.moml.MoMLSimpleApplication@23c96e86
----------------- Done invoking toplevel() on ptolemy.moml.MoMLSimpleApplication@23c96e86
reloadAllAccessors: .VariableLattice2

===========================================================================================
----------------- testing Fri Jun 01 01:26:30 UTC 2018 /home/travis/build/icyphy/ptII/ptolemy/domains/sdf/lib/test/auto/VariableRecursiveLattice.xml
----------------- Instantiating /home/travis/build/icyphy/ptII/ptolemy/domains/sdf/lib/test/auto/VariableRecursiveLattice.xml
2 ms. Memory: 579072K Free: 412881K (71%)
----------------- Invoking toplevel() on ptolemy.moml.MoMLSimpleApplication@6a458150
----------------- Done invoking toplevel() on ptolemy.moml.MoMLSimpleApplication@6a458150
reloadAllAccessors: .VariableRecursiveLattice

===========================================================================================
----------------- testing Fri Jun 01 01:26:30 UTC 2018 /home/travis/build/icyphy/ptII/ptolemy/domains/sdf/lib/test/auto/VariableRecursiveLattice2.xml
----------------- Instantiating /home/travis/build/icyphy/ptII/ptolemy/domains/sdf/lib/test/auto/VariableRecursiveLattice2.xml
4 ms. Memory: 579072K Free: 406334K (70%)
----------------- Invoking toplevel() on ptolemy.moml.MoMLSimpleApplication@5dd854b2
----------------- Done invoking toplevel() on ptolemy.moml.MoMLSimpleApplication@5dd854b2
reloadAllAccessors: .VariableRecursiveLattice2
AutoTests.java: About to close Vertx.
AutoTests.java: Vertx closed.
]]></system-out>
  <system-err><![CDATA[]]></system-err>
</testsuite>
