<?xml version="1.0" encoding="UTF-8" ?>
<testsuite errors="0" failures="0" hostname="travis-job-6cde1622-a646-433f-904a-1f69d56b4dd9" name="ptolemy.actor.lib.hoc.test.junit.JUnitTclTest" skipped="0" tests="58" time="35.998" timestamp="2018-05-09T23:56:28">
  <properties>
[...]
</properties>
  <testcase classname="ptolemy.util.test.junit.TclTests" name="[0] /home/travis/build/icyphy/ptII/ptolemy/actor/lib/hoc/test/IterateOverArray.tcl (RunTclFile)" time="0.343" />
  <testcase classname="ptolemy.util.test.junit.AutoKnownFailedTests" name="[0] /home/travis/build/icyphy/ptII/ptolemy/actor/lib/hoc/test/auto/knownFailedTests/PreinitializeMustBeInvokedRunComposite.xml (RunModel)" time="0.29" />
  <testcase classname="ptolemy.util.test.junit.AutoNameArchTests" name="[0] ThereAreNoAutoTests (RunModel)" time="0.002" />
  <testcase classname="ptolemy.util.test.junit.AutoTests" name="[0] /home/travis/build/icyphy/ptII/ptolemy/actor/lib/hoc/test/auto/AllToAllMultiInstanceComposite.xml (RunModel)" time="0.355" />
  <testcase classname="ptolemy.util.test.junit.AutoTests" name="[1] /home/travis/build/icyphy/ptII/ptolemy/actor/lib/hoc/test/auto/ApplyFFTTest.xml (RunModel)" time="0.422" />
  <testcase classname="ptolemy.util.test.junit.AutoTests" name="[2] /home/travis/build/icyphy/ptII/ptolemy/actor/lib/hoc/test/auto/ApplyFunction.xml (RunModel)" time="0.054" />
  <testcase classname="ptolemy.util.test.junit.AutoTests" name="[3] /home/travis/build/icyphy/ptII/ptolemy/actor/lib/hoc/test/auto/BackgroundExecution.xml (RunModel)" time="0.737" />
  <testcase classname="ptolemy.util.test.junit.AutoTests" name="[4] /home/travis/build/icyphy/ptII/ptolemy/actor/lib/hoc/test/auto/Case.xml (RunModel)" time="0.088" />
  <testcase classname="ptolemy.util.test.junit.AutoTests" name="[5] /home/travis/build/icyphy/ptII/ptolemy/actor/lib/hoc/test/auto/Case1.xml (RunModel)" time="0.074" />
  <testcase classname="ptolemy.util.test.junit.AutoTests" name="[6] /home/travis/build/icyphy/ptII/ptolemy/actor/lib/hoc/test/auto/Case2.xml (RunModel)" time="0.195" />
  <testcase classname="ptolemy.util.test.junit.AutoTests" name="[7] /home/travis/build/icyphy/ptII/ptolemy/actor/lib/hoc/test/auto/Case3.xml (RunModel)" time="0.079" />
  <testcase classname="ptolemy.util.test.junit.AutoTests" name="[8] /home/travis/build/icyphy/ptII/ptolemy/actor/lib/hoc/test/auto/Case4.xml (RunModel)" time="0.099" />
  <testcase classname="ptolemy.util.test.junit.AutoTests" name="[9] /home/travis/build/icyphy/ptII/ptolemy/actor/lib/hoc/test/auto/Case5.xml (RunModel)" time="0.098" />
  <testcase classname="ptolemy.util.test.junit.AutoTests" name="[10] /home/travis/build/icyphy/ptII/ptolemy/actor/lib/hoc/test/auto/Case6.xml (RunModel)" time="0.141" />
  <testcase classname="ptolemy.util.test.junit.AutoTests" name="[11] /home/travis/build/icyphy/ptII/ptolemy/actor/lib/hoc/test/auto/CaseString2.xml (RunModel)" time="0.079" />
  <testcase classname="ptolemy.util.test.junit.AutoTests" name="[12] /home/travis/build/icyphy/ptII/ptolemy/actor/lib/hoc/test/auto/CatchUpComposite1.xml (RunModel)" time="0.121" />
  <testcase classname="ptolemy.util.test.junit.AutoTests" name="[13] /home/travis/build/icyphy/ptII/ptolemy/actor/lib/hoc/test/auto/CatchUpComposite2.xml (RunModel)" time="0.074" />
  <testcase classname="ptolemy.util.test.junit.AutoTests" name="[14] /home/travis/build/icyphy/ptII/ptolemy/actor/lib/hoc/test/auto/CatchUpComposite3.xml (RunModel)" time="0.077" />
  <testcase classname="ptolemy.util.test.junit.AutoTests" name="[15] /home/travis/build/icyphy/ptII/ptolemy/actor/lib/hoc/test/auto/CatchUpComposite4.xml (RunModel)" time="0.07" />
  <testcase classname="ptolemy.util.test.junit.AutoTests" name="[16] /home/travis/build/icyphy/ptII/ptolemy/actor/lib/hoc/test/auto/CatchUpComposite5.xml (RunModel)" time="0.061" />
  <testcase classname="ptolemy.util.test.junit.AutoTests" name="[17] /home/travis/build/icyphy/ptII/ptolemy/actor/lib/hoc/test/auto/CatchUpComposite6.xml (RunModel)" time="0.262" />
  <testcase classname="ptolemy.util.test.junit.AutoTests" name="[18] /home/travis/build/icyphy/ptII/ptolemy/actor/lib/hoc/test/auto/CatchUpComposite7.xml (RunModel)" time="0.163" />
  <testcase classname="ptolemy.util.test.junit.AutoTests" name="[19] /home/travis/build/icyphy/ptII/ptolemy/actor/lib/hoc/test/auto/ConcurrentExecutionTimeSDF.xml (RunModel)" time="0.049" />
  <testcase classname="ptolemy.util.test.junit.AutoTests" name="[20] /home/travis/build/icyphy/ptII/ptolemy/actor/lib/hoc/test/auto/ConcurrentSleep.xml (RunModel)" time="0.798" />
  <testcase classname="ptolemy.util.test.junit.AutoTests" name="[21] /home/travis/build/icyphy/ptII/ptolemy/actor/lib/hoc/test/auto/DEInPNInRunCompositeActor.xml (RunModel)" time="0.067" />
  <testcase classname="ptolemy.util.test.junit.AutoTests" name="[22] /home/travis/build/icyphy/ptII/ptolemy/actor/lib/hoc/test/auto/DFTSubSetTest.xml (RunModel)" time="0.374" />
  <testcase classname="ptolemy.util.test.junit.AutoTests" name="[23] /home/travis/build/icyphy/ptII/ptolemy/actor/lib/hoc/test/auto/HocDE.xml (RunModel)" time="0.345" />
  <testcase classname="ptolemy.util.test.junit.AutoTests" name="[24] /home/travis/build/icyphy/ptII/ptolemy/actor/lib/hoc/test/auto/IterateOverArray.xml (RunModel)" time="0.057" />
  <testcase classname="ptolemy.util.test.junit.AutoTests" name="[25] /home/travis/build/icyphy/ptII/ptolemy/actor/lib/hoc/test/auto/IterateOverArray10.xml (RunModel)" time="0.023" />
  <testcase classname="ptolemy.util.test.junit.AutoTests" name="[26] /home/travis/build/icyphy/ptII/ptolemy/actor/lib/hoc/test/auto/IterateOverArray11.xml (RunModel)" time="0.032" />
  <testcase classname="ptolemy.util.test.junit.AutoTests" name="[27] /home/travis/build/icyphy/ptII/ptolemy/actor/lib/hoc/test/auto/IterateOverArray12.xml (RunModel)" time="0.051" />
  <testcase classname="ptolemy.util.test.junit.AutoTests" name="[28] /home/travis/build/icyphy/ptII/ptolemy/actor/lib/hoc/test/auto/IterateOverArray13.xml (RunModel)" time="0.23" />
  <testcase classname="ptolemy.util.test.junit.AutoTests" name="[29] /home/travis/build/icyphy/ptII/ptolemy/actor/lib/hoc/test/auto/IterateOverArray14.xml (RunModel)" time="0.217" />
  <testcase classname="ptolemy.util.test.junit.AutoTests" name="[30] /home/travis/build/icyphy/ptII/ptolemy/actor/lib/hoc/test/auto/IterateOverArray2.xml (RunModel)" time="0.031" />
  <testcase classname="ptolemy.util.test.junit.AutoTests" name="[31] /home/travis/build/icyphy/ptII/ptolemy/actor/lib/hoc/test/auto/IterateOverArray3.xml (RunModel)" time="0.045" />
  <testcase classname="ptolemy.util.test.junit.AutoTests" name="[32] /home/travis/build/icyphy/ptII/ptolemy/actor/lib/hoc/test/auto/IterateOverArray4.xml (RunModel)" time="0.038" />
  <testcase classname="ptolemy.util.test.junit.AutoTests" name="[33] /home/travis/build/icyphy/ptII/ptolemy/actor/lib/hoc/test/auto/IterateOverArray5.xml (RunModel)" time="0.03" />
  <testcase classname="ptolemy.util.test.junit.AutoTests" name="[34] /home/travis/build/icyphy/ptII/ptolemy/actor/lib/hoc/test/auto/IterateOverArray6.xml (RunModel)" time="0.021" />
  <testcase classname="ptolemy.util.test.junit.AutoTests" name="[35] /home/travis/build/icyphy/ptII/ptolemy/actor/lib/hoc/test/auto/IterateOverArray7.xml (RunModel)" time="0.028" />
  <testcase classname="ptolemy.util.test.junit.AutoTests" name="[36] /home/travis/build/icyphy/ptII/ptolemy/actor/lib/hoc/test/auto/IterateOverArray8.xml (RunModel)" time="0.041" />
  <testcase classname="ptolemy.util.test.junit.AutoTests" name="[37] /home/travis/build/icyphy/ptII/ptolemy/actor/lib/hoc/test/auto/IterateOverArray9.xml (RunModel)" time="0.039" />
  <testcase classname="ptolemy.util.test.junit.AutoTests" name="[38] /home/travis/build/icyphy/ptII/ptolemy/actor/lib/hoc/test/auto/IterateOverArrayCoercedOutputType.xml (RunModel)" time="0.056" />
  <testcase classname="ptolemy.util.test.junit.AutoTests" name="[39] /home/travis/build/icyphy/ptII/ptolemy/actor/lib/hoc/test/auto/IterateOverArrayInferredOutputType.xml (RunModel)" time="0.033" />
  <testcase classname="ptolemy.util.test.junit.AutoTests" name="[40] /home/travis/build/icyphy/ptII/ptolemy/actor/lib/hoc/test/auto/MobileFunctionTest.xml (RunModel)" time="0.03" />
  <testcase classname="ptolemy.util.test.junit.AutoTests" name="[41] /home/travis/build/icyphy/ptII/ptolemy/actor/lib/hoc/test/auto/MobileModelTest.xml (RunModel)" time="0.113" />
  <testcase classname="ptolemy.util.test.junit.AutoTests" name="[42] /home/travis/build/icyphy/ptII/ptolemy/actor/lib/hoc/test/auto/ModelReference.xml (RunModel)" time="0.073" />
  <testcase classname="ptolemy.util.test.junit.AutoTests" name="[43] /home/travis/build/icyphy/ptII/ptolemy/actor/lib/hoc/test/auto/ModelReference3.xml (RunModel)" time="0.072" />
  <testcase classname="ptolemy.util.test.junit.AutoTests" name="[44] /home/travis/build/icyphy/ptII/ptolemy/actor/lib/hoc/test/auto/ModelReference4.xml (RunModel)" time="10.051" />
  <testcase classname="ptolemy.util.test.junit.AutoTests" name="[45] /home/travis/build/icyphy/ptII/ptolemy/actor/lib/hoc/test/auto/MultiInstanceComposite.xml (RunModel)" time="0.08" />
  <testcase classname="ptolemy.util.test.junit.AutoTests" name="[46] /home/travis/build/icyphy/ptII/ptolemy/actor/lib/hoc/test/auto/MultiInstanceComposite2.xml (RunModel)" time="0.08" />
  <testcase classname="ptolemy.util.test.junit.AutoTests" name="[47] /home/travis/build/icyphy/ptII/ptolemy/actor/lib/hoc/test/auto/MulticoreExecution.xml (RunModel)" time="10.074" />
  <testcase classname="ptolemy.util.test.junit.AutoTests" name="[48] /home/travis/build/icyphy/ptII/ptolemy/actor/lib/hoc/test/auto/ParallelExecution.xml (RunModel)" time="0.956" />
  <testcase classname="ptolemy.util.test.junit.AutoTests" name="[49] /home/travis/build/icyphy/ptII/ptolemy/actor/lib/hoc/test/auto/RunCompositeActor.xml (RunModel)" time="0.035" />
  <testcase classname="ptolemy.util.test.junit.AutoTests" name="[50] /home/travis/build/icyphy/ptII/ptolemy/actor/lib/hoc/test/auto/RunCompositeActor2.xml (RunModel)" time="0.062" />
  <testcase classname="ptolemy.util.test.junit.AutoTests" name="[51] /home/travis/build/icyphy/ptII/ptolemy/actor/lib/hoc/test/auto/RunCompositeActor3.xml (RunModel)" time="0.031" />
  <testcase classname="ptolemy.util.test.junit.AutoTests" name="[52] /home/travis/build/icyphy/ptII/ptolemy/actor/lib/hoc/test/auto/RunCompositeActor4.xml (RunModel)" time="0.044" />
  <testcase classname="ptolemy.util.test.junit.AutoTests" name="[53] /home/travis/build/icyphy/ptII/ptolemy/actor/lib/hoc/test/auto/RunCompositeIterateOverArray.xml (RunModel)" time="0.043" />
  <testcase classname="ptolemy.util.test.junit.AutoTests" name="[54] /home/travis/build/icyphy/ptII/ptolemy/actor/lib/hoc/test/auto/ThreadedJS.xml (RunModel)" time="7.136" />
  <system-out><![CDATA[/home/travis/build/icyphy/ptII/ptolemy/actor/lib/hoc/test/IterateOverArray.tcl
testDefs.tcl: setting time out to 9000 seconds at Wed May 09 23:56:28 UTC 2018
05/09/18 11:56:28
Failed: 0  Total Tests: 2  ((Passed: 2, Newly Passed: 0)  Known Failed: 0) /home/travis/build/icyphy/ptII/ptolemy/actor/lib/hoc/test
----------------- testing (KnownFailure) /home/travis/build/icyphy/ptII/ptolemy/actor/lib/hoc/test/auto/knownFailedTests/PreinitializeMustBeInvokedRunComposite.xml
44 ms. Memory: 116224K Free: 105033K (90%)
Known Failure: java.lang.reflect.InvocationTargetException
No auto/*.xml tests in /home/travis/build/icyphy/ptII/ptolemy/actor/lib/hoc/test
AutoTests.java: About to close Vertx.
AutoTests.java: Vertx closed.
----------------- testing Wed May 09 23:56:29 UTC 2018 /home/travis/build/icyphy/ptII/ptolemy/actor/lib/hoc/test/auto/AllToAllMultiInstanceComposite.xml
----------------- Instantiating /home/travis/build/icyphy/ptII/ptolemy/actor/lib/hoc/test/auto/AllToAllMultiInstanceComposite.xml
125 ms. Memory: 146944K Free: 113810K (77%)
----------------- Invoking toplevel() on ptolemy.moml.MoMLSimpleApplication@342f6ca8
----------------- Done invoking toplevel() on ptolemy.moml.MoMLSimpleApplication@342f6ca8
reloadAllAccessors: .AllToAllMultiInstanceComposite
----------------- testing Wed May 09 23:56:29 UTC 2018 /home/travis/build/icyphy/ptII/ptolemy/actor/lib/hoc/test/auto/ApplyFFTTest.xml
----------------- Instantiating /home/travis/build/icyphy/ptII/ptolemy/actor/lib/hoc/test/auto/ApplyFFTTest.xml
180 ms. Memory: 146944K Free: 92673K (63%)
----------------- Invoking toplevel() on ptolemy.moml.MoMLSimpleApplication@5fa2fccb
----------------- Done invoking toplevel() on ptolemy.moml.MoMLSimpleApplication@5fa2fccb
reloadAllAccessors: .ApplyFFTTest
----------------- testing Wed May 09 23:56:29 UTC 2018 /home/travis/build/icyphy/ptII/ptolemy/actor/lib/hoc/test/auto/ApplyFunction.xml
----------------- Instantiating /home/travis/build/icyphy/ptII/ptolemy/actor/lib/hoc/test/auto/ApplyFunction.xml
20 ms. Memory: 146944K Free: 88882K (60%)
----------------- Invoking toplevel() on ptolemy.moml.MoMLSimpleApplication@71691a1c
----------------- Done invoking toplevel() on ptolemy.moml.MoMLSimpleApplication@71691a1c
reloadAllAccessors: .ApplyFunction
----------------- testing Wed May 09 23:56:30 UTC 2018 /home/travis/build/icyphy/ptII/ptolemy/actor/lib/hoc/test/auto/BackgroundExecution.xml
----------------- Instantiating /home/travis/build/icyphy/ptII/ptolemy/actor/lib/hoc/test/auto/BackgroundExecution.xml
641 ms. Memory: 146944K Free: 80907K (55%)
----------------- Invoking toplevel() on ptolemy.moml.MoMLSimpleApplication@7b725539
----------------- Done invoking toplevel() on ptolemy.moml.MoMLSimpleApplication@7b725539
reloadAllAccessors: .BackgroundExecution
----------------- testing Wed May 09 23:56:30 UTC 2018 /home/travis/build/icyphy/ptII/ptolemy/actor/lib/hoc/test/auto/Case.xml
----------------- Instantiating /home/travis/build/icyphy/ptII/ptolemy/actor/lib/hoc/test/auto/Case.xml
23 ms. Memory: 146944K Free: 133334K (91%)
----------------- Invoking toplevel() on ptolemy.moml.MoMLSimpleApplication@3ad6c1df
----------------- Done invoking toplevel() on ptolemy.moml.MoMLSimpleApplication@3ad6c1df
reloadAllAccessors: .Case
----------------- testing Wed May 09 23:56:30 UTC 2018 /home/travis/build/icyphy/ptII/ptolemy/actor/lib/hoc/test/auto/Case1.xml
----------------- Instantiating /home/travis/build/icyphy/ptII/ptolemy/actor/lib/hoc/test/auto/Case1.xml
31 ms. Memory: 146944K Free: 125924K (86%)
----------------- Invoking toplevel() on ptolemy.moml.MoMLSimpleApplication@34d7d0e0
----------------- Done invoking toplevel() on ptolemy.moml.MoMLSimpleApplication@34d7d0e0
reloadAllAccessors: .Case1
----------------- testing Wed May 09 23:56:30 UTC 2018 /home/travis/build/icyphy/ptII/ptolemy/actor/lib/hoc/test/auto/Case2.xml
----------------- Instantiating /home/travis/build/icyphy/ptII/ptolemy/actor/lib/hoc/test/auto/Case2.xml
82 ms. Memory: 146944K Free: 114590K (78%)
----------------- Invoking toplevel() on ptolemy.moml.MoMLSimpleApplication@b082f55
----------------- Done invoking toplevel() on ptolemy.moml.MoMLSimpleApplication@b082f55
reloadAllAccessors: .Case2
----------------- testing Wed May 09 23:56:31 UTC 2018 /home/travis/build/icyphy/ptII/ptolemy/actor/lib/hoc/test/auto/Case3.xml
----------------- Instantiating /home/travis/build/icyphy/ptII/ptolemy/actor/lib/hoc/test/auto/Case3.xml
24 ms. Memory: 146944K Free: 107300K (73%)
----------------- Invoking toplevel() on ptolemy.moml.MoMLSimpleApplication@202ab5bb
----------------- Done invoking toplevel() on ptolemy.moml.MoMLSimpleApplication@202ab5bb
reloadAllAccessors: .Case3
----------------- testing Wed May 09 23:56:31 UTC 2018 /home/travis/build/icyphy/ptII/ptolemy/actor/lib/hoc/test/auto/Case4.xml
----------------- Instantiating /home/travis/build/icyphy/ptII/ptolemy/actor/lib/hoc/test/auto/Case4.xml
30 ms. Memory: 146944K Free: 98923K (67%)
----------------- Invoking toplevel() on ptolemy.moml.MoMLSimpleApplication@39a35a0d
----------------- Done invoking toplevel() on ptolemy.moml.MoMLSimpleApplication@39a35a0d
reloadAllAccessors: .Case4
----------------- testing Wed May 09 23:56:31 UTC 2018 /home/travis/build/icyphy/ptII/ptolemy/actor/lib/hoc/test/auto/Case5.xml
----------------- Instantiating /home/travis/build/icyphy/ptII/ptolemy/actor/lib/hoc/test/auto/Case5.xml
59 ms. Memory: 146944K Free: 91457K (62%)
----------------- Invoking toplevel() on ptolemy.moml.MoMLSimpleApplication@323e9e25
----------------- Done invoking toplevel() on ptolemy.moml.MoMLSimpleApplication@323e9e25
reloadAllAccessors: .junk
----------------- testing Wed May 09 23:56:31 UTC 2018 /home/travis/build/icyphy/ptII/ptolemy/actor/lib/hoc/test/auto/Case6.xml
----------------- Instantiating /home/travis/build/icyphy/ptII/ptolemy/actor/lib/hoc/test/auto/Case6.xml
87 ms. Memory: 208384K Free: 200702K (96%)
----------------- Invoking toplevel() on ptolemy.moml.MoMLSimpleApplication@3755f3df
----------------- Done invoking toplevel() on ptolemy.moml.MoMLSimpleApplication@3755f3df
reloadAllAccessors: .Case6
----------------- testing Wed May 09 23:56:31 UTC 2018 /home/travis/build/icyphy/ptII/ptolemy/actor/lib/hoc/test/auto/CaseString2.xml
----------------- Instantiating /home/travis/build/icyphy/ptII/ptolemy/actor/lib/hoc/test/auto/CaseString2.xml
22 ms. Memory: 208384K Free: 190560K (91%)
----------------- Invoking toplevel() on ptolemy.moml.MoMLSimpleApplication@117587ba
----------------- Done invoking toplevel() on ptolemy.moml.MoMLSimpleApplication@117587ba
reloadAllAccessors: .CaseString2
----------------- testing Wed May 09 23:56:31 UTC 2018 /home/travis/build/icyphy/ptII/ptolemy/actor/lib/hoc/test/auto/CatchUpComposite1.xml
----------------- Instantiating /home/travis/build/icyphy/ptII/ptolemy/actor/lib/hoc/test/auto/CatchUpComposite1.xml
40 ms. Memory: 208384K Free: 180665K (87%)
----------------- Invoking toplevel() on ptolemy.moml.MoMLSimpleApplication@4ad292f8
----------------- Done invoking toplevel() on ptolemy.moml.MoMLSimpleApplication@4ad292f8
reloadAllAccessors: .CatchUpComposite1
----------------- testing Wed May 09 23:56:31 UTC 2018 /home/travis/build/icyphy/ptII/ptolemy/actor/lib/hoc/test/auto/CatchUpComposite2.xml
----------------- Instantiating /home/travis/build/icyphy/ptII/ptolemy/actor/lib/hoc/test/auto/CatchUpComposite2.xml
27 ms. Memory: 208384K Free: 170785K (82%)
----------------- Invoking toplevel() on ptolemy.moml.MoMLSimpleApplication@2a7a9219
----------------- Done invoking toplevel() on ptolemy.moml.MoMLSimpleApplication@2a7a9219
reloadAllAccessors: .CatchUpComposite2
----------------- testing Wed May 09 23:56:31 UTC 2018 /home/travis/build/icyphy/ptII/ptolemy/actor/lib/hoc/test/auto/CatchUpComposite3.xml
----------------- Instantiating /home/travis/build/icyphy/ptII/ptolemy/actor/lib/hoc/test/auto/CatchUpComposite3.xml
18 ms. Memory: 208384K Free: 160638K (77%)
----------------- Invoking toplevel() on ptolemy.moml.MoMLSimpleApplication@463fec71
----------------- Done invoking toplevel() on ptolemy.moml.MoMLSimpleApplication@463fec71
reloadAllAccessors: .CatchUpComposite3
----------------- testing Wed May 09 23:56:31 UTC 2018 /home/travis/build/icyphy/ptII/ptolemy/actor/lib/hoc/test/auto/CatchUpComposite4.xml
----------------- Instantiating /home/travis/build/icyphy/ptII/ptolemy/actor/lib/hoc/test/auto/CatchUpComposite4.xml
14 ms. Memory: 208384K Free: 151389K (73%)
----------------- Invoking toplevel() on ptolemy.moml.MoMLSimpleApplication@4f4ccf24
----------------- Done invoking toplevel() on ptolemy.moml.MoMLSimpleApplication@4f4ccf24
reloadAllAccessors: .CatchUpComposite4
----------------- testing Wed May 09 23:56:32 UTC 2018 /home/travis/build/icyphy/ptII/ptolemy/actor/lib/hoc/test/auto/CatchUpComposite5.xml
----------------- Instantiating /home/travis/build/icyphy/ptII/ptolemy/actor/lib/hoc/test/auto/CatchUpComposite5.xml
15 ms. Memory: 208384K Free: 142755K (69%)
----------------- Invoking toplevel() on ptolemy.moml.MoMLSimpleApplication@1ee749d2
----------------- Done invoking toplevel() on ptolemy.moml.MoMLSimpleApplication@1ee749d2
reloadAllAccessors: .CatchUpComposite5
----------------- testing Wed May 09 23:56:32 UTC 2018 /home/travis/build/icyphy/ptII/ptolemy/actor/lib/hoc/test/auto/CatchUpComposite6.xml
----------------- Instantiating /home/travis/build/icyphy/ptII/ptolemy/actor/lib/hoc/test/auto/CatchUpComposite6.xml
WARNING: The execution aspects in this model can influence the timing of actors by delaying the 
execution, potentially changing the behavior. There is no guarantee that actors fire at the 
time they request to be fired. 
Use Ptides for deterministic DE behavior that is not influenced by execution aspects. 

151 ms. Memory: 208384K Free: 123876K (59%)
----------------- Invoking toplevel() on ptolemy.moml.MoMLSimpleApplication@c468650
----------------- Done invoking toplevel() on ptolemy.moml.MoMLSimpleApplication@c468650
reloadAllAccessors: .CatchUpComposite6
----------------- testing Wed May 09 23:56:32 UTC 2018 /home/travis/build/icyphy/ptII/ptolemy/actor/lib/hoc/test/auto/CatchUpComposite7.xml
----------------- Instantiating /home/travis/build/icyphy/ptII/ptolemy/actor/lib/hoc/test/auto/CatchUpComposite7.xml
WARNING: The execution aspects in this model can influence the timing of actors by delaying the 
execution, potentially changing the behavior. There is no guarantee that actors fire at the 
time they request to be fired. 
Use Ptides for deterministic DE behavior that is not influenced by execution aspects. 

71 ms. Memory: 208384K Free: 107141K (51%)
----------------- Invoking toplevel() on ptolemy.moml.MoMLSimpleApplication@7261deee
----------------- Done invoking toplevel() on ptolemy.moml.MoMLSimpleApplication@7261deee
reloadAllAccessors: .CatchUpComposite7
----------------- testing Wed May 09 23:56:32 UTC 2018 /home/travis/build/icyphy/ptII/ptolemy/actor/lib/hoc/test/auto/ConcurrentExecutionTimeSDF.xml
----------------- Instantiating /home/travis/build/icyphy/ptII/ptolemy/actor/lib/hoc/test/auto/ConcurrentExecutionTimeSDF.xml
20 ms. Memory: 208384K Free: 98507K (47%)
----------------- Invoking toplevel() on ptolemy.moml.MoMLSimpleApplication@7dbb27d8
----------------- Done invoking toplevel() on ptolemy.moml.MoMLSimpleApplication@7dbb27d8
reloadAllAccessors: .ConcurrentExecutionTimeSDF
----------------- testing Wed May 09 23:56:32 UTC 2018 /home/travis/build/icyphy/ptII/ptolemy/actor/lib/hoc/test/auto/ConcurrentSleep.xml
----------------- Instantiating /home/travis/build/icyphy/ptII/ptolemy/actor/lib/hoc/test/auto/ConcurrentSleep.xml
734 ms. Memory: 208384K Free: 83947K (40%)
----------------- Invoking toplevel() on ptolemy.moml.MoMLSimpleApplication@78ce3357
----------------- Done invoking toplevel() on ptolemy.moml.MoMLSimpleApplication@78ce3357
reloadAllAccessors: .ConcurrentSleep
----------------- testing Wed May 09 23:56:33 UTC 2018 /home/travis/build/icyphy/ptII/ptolemy/actor/lib/hoc/test/auto/DEInPNInRunCompositeActor.xml
----------------- Instantiating /home/travis/build/icyphy/ptII/ptolemy/actor/lib/hoc/test/auto/DEInPNInRunCompositeActor.xml
18 ms. Memory: 208384K Free: 199544K (96%)
----------------- Invoking toplevel() on ptolemy.moml.MoMLSimpleApplication@90bf5d8
----------------- Done invoking toplevel() on ptolemy.moml.MoMLSimpleApplication@90bf5d8
reloadAllAccessors: .DEInPNInRunCompositeActor
----------------- testing Wed May 09 23:56:33 UTC 2018 /home/travis/build/icyphy/ptII/ptolemy/actor/lib/hoc/test/auto/DFTSubSetTest.xml
----------------- Instantiating /home/travis/build/icyphy/ptII/ptolemy/actor/lib/hoc/test/auto/DFTSubSetTest.xml
258 ms. Memory: 208384K Free: 151127K (73%)
----------------- Invoking toplevel() on ptolemy.moml.MoMLSimpleApplication@46009a32
----------------- Done invoking toplevel() on ptolemy.moml.MoMLSimpleApplication@46009a32
reloadAllAccessors: .DFTSubSetTest
----------------- testing Wed May 09 23:56:33 UTC 2018 /home/travis/build/icyphy/ptII/ptolemy/actor/lib/hoc/test/auto/HocDE.xml
----------------- Instantiating /home/travis/build/icyphy/ptII/ptolemy/actor/lib/hoc/test/auto/HocDE.xml
281 ms. Memory: 208384K Free: 124061K (60%)
----------------- Invoking toplevel() on ptolemy.moml.MoMLSimpleApplication@5c432e59
----------------- Done invoking toplevel() on ptolemy.moml.MoMLSimpleApplication@5c432e59
reloadAllAccessors: .HocDE
----------------- testing Wed May 09 23:56:34 UTC 2018 /home/travis/build/icyphy/ptII/ptolemy/actor/lib/hoc/test/auto/IterateOverArray.xml
----------------- Instantiating /home/travis/build/icyphy/ptII/ptolemy/actor/lib/hoc/test/auto/IterateOverArray.xml
13 ms. Memory: 208384K Free: 117710K (56%)
----------------- Invoking toplevel() on ptolemy.moml.MoMLSimpleApplication@13bed2e5
----------------- Done invoking toplevel() on ptolemy.moml.MoMLSimpleApplication@13bed2e5
reloadAllAccessors: .IterateOverArray
----------------- testing Wed May 09 23:56:34 UTC 2018 /home/travis/build/icyphy/ptII/ptolemy/actor/lib/hoc/test/auto/IterateOverArray10.xml
----------------- Instantiating /home/travis/build/icyphy/ptII/ptolemy/actor/lib/hoc/test/auto/IterateOverArray10.xml
5 ms. Memory: 208384K Free: 112981K (54%)
----------------- Invoking toplevel() on ptolemy.moml.MoMLSimpleApplication@6d20301d
----------------- Done invoking toplevel() on ptolemy.moml.MoMLSimpleApplication@6d20301d
reloadAllAccessors: .IterateOverArray10
----------------- testing Wed May 09 23:56:34 UTC 2018 /home/travis/build/icyphy/ptII/ptolemy/actor/lib/hoc/test/auto/IterateOverArray11.xml
----------------- Instantiating /home/travis/build/icyphy/ptII/ptolemy/actor/lib/hoc/test/auto/IterateOverArray11.xml
6 ms. Memory: 208384K Free: 108026K (52%)
----------------- Invoking toplevel() on ptolemy.moml.MoMLSimpleApplication@541e5b89
----------------- Done invoking toplevel() on ptolemy.moml.MoMLSimpleApplication@541e5b89
reloadAllAccessors: .IterateOverArray11
----------------- testing Wed May 09 23:56:34 UTC 2018 /home/travis/build/icyphy/ptII/ptolemy/actor/lib/hoc/test/auto/IterateOverArray12.xml
----------------- Instantiating /home/travis/build/icyphy/ptII/ptolemy/actor/lib/hoc/test/auto/IterateOverArray12.xml
27 ms. Memory: 208384K Free: 100036K (48%)
----------------- Invoking toplevel() on ptolemy.moml.MoMLSimpleApplication@2fabaf5e
----------------- Done invoking toplevel() on ptolemy.moml.MoMLSimpleApplication@2fabaf5e
reloadAllAccessors: .IterateOverArray12
----------------- testing Wed May 09 23:56:34 UTC 2018 /home/travis/build/icyphy/ptII/ptolemy/actor/lib/hoc/test/auto/IterateOverArray13.xml
----------------- Instantiating /home/travis/build/icyphy/ptII/ptolemy/actor/lib/hoc/test/auto/IterateOverArray13.xml
144 ms. Memory: 330752K Free: 313606K (95%)
----------------- Invoking toplevel() on ptolemy.moml.MoMLSimpleApplication@5baa2f30
----------------- Done invoking toplevel() on ptolemy.moml.MoMLSimpleApplication@5baa2f30
reloadAllAccessors: .IterateOverArray13
----------------- testing Wed May 09 23:56:34 UTC 2018 /home/travis/build/icyphy/ptII/ptolemy/actor/lib/hoc/test/auto/IterateOverArray14.xml
----------------- Instantiating /home/travis/build/icyphy/ptII/ptolemy/actor/lib/hoc/test/auto/IterateOverArray14.xml
100 ms. Memory: 330752K Free: 276191K (84%)
----------------- Invoking toplevel() on ptolemy.moml.MoMLSimpleApplication@722a061d
----------------- Done invoking toplevel() on ptolemy.moml.MoMLSimpleApplication@722a061d
reloadAllAccessors: .IterateOverArray14
----------------- testing Wed May 09 23:56:34 UTC 2018 /home/travis/build/icyphy/ptII/ptolemy/actor/lib/hoc/test/auto/IterateOverArray2.xml
----------------- Instantiating /home/travis/build/icyphy/ptII/ptolemy/actor/lib/hoc/test/auto/IterateOverArray2.xml
8 ms. Memory: 330752K Free: 271306K (82%)
----------------- Invoking toplevel() on ptolemy.moml.MoMLSimpleApplication@68ad2529
----------------- Done invoking toplevel() on ptolemy.moml.MoMLSimpleApplication@68ad2529
reloadAllAccessors: .IterateOverArray2
----------------- testing Wed May 09 23:56:34 UTC 2018 /home/travis/build/icyphy/ptII/ptolemy/actor/lib/hoc/test/auto/IterateOverArray3.xml
----------------- Instantiating /home/travis/build/icyphy/ptII/ptolemy/actor/lib/hoc/test/auto/IterateOverArray3.xml
14 ms. Memory: 330752K Free: 261929K (79%)
----------------- Invoking toplevel() on ptolemy.moml.MoMLSimpleApplication@18e1928d
----------------- Done invoking toplevel() on ptolemy.moml.MoMLSimpleApplication@18e1928d
reloadAllAccessors: .IterateOverArray3
----------------- testing Wed May 09 23:56:34 UTC 2018 /home/travis/build/icyphy/ptII/ptolemy/actor/lib/hoc/test/auto/IterateOverArray4.xml
----------------- Instantiating /home/travis/build/icyphy/ptII/ptolemy/actor/lib/hoc/test/auto/IterateOverArray4.xml
7 ms. Memory: 330752K Free: 257044K (78%)
----------------- Invoking toplevel() on ptolemy.moml.MoMLSimpleApplication@63a60c00
----------------- Done invoking toplevel() on ptolemy.moml.MoMLSimpleApplication@63a60c00
reloadAllAccessors: .IterateOverArray4
----------------- testing Wed May 09 23:56:34 UTC 2018 /home/travis/build/icyphy/ptII/ptolemy/actor/lib/hoc/test/auto/IterateOverArray5.xml
----------------- Instantiating /home/travis/build/icyphy/ptII/ptolemy/actor/lib/hoc/test/auto/IterateOverArray5.xml
5 ms. Memory: 330752K Free: 252159K (76%)
----------------- Invoking toplevel() on ptolemy.moml.MoMLSimpleApplication@4156895d
----------------- Done invoking toplevel() on ptolemy.moml.MoMLSimpleApplication@4156895d
reloadAllAccessors: .IterateOverArray5
----------------- testing Wed May 09 23:56:34 UTC 2018 /home/travis/build/icyphy/ptII/ptolemy/actor/lib/hoc/test/auto/IterateOverArray6.xml
----------------- Instantiating /home/travis/build/icyphy/ptII/ptolemy/actor/lib/hoc/test/auto/IterateOverArray6.xml
3 ms. Memory: 330752K Free: 247666K (75%)
----------------- Invoking toplevel() on ptolemy.moml.MoMLSimpleApplication@750cd4f
----------------- Done invoking toplevel() on ptolemy.moml.MoMLSimpleApplication@750cd4f
reloadAllAccessors: .IterateOverArray6
----------------- testing Wed May 09 23:56:34 UTC 2018 /home/travis/build/icyphy/ptII/ptolemy/actor/lib/hoc/test/auto/IterateOverArray7.xml
----------------- Instantiating /home/travis/build/icyphy/ptII/ptolemy/actor/lib/hoc/test/auto/IterateOverArray7.xml
6 ms. Memory: 330752K Free: 242782K (73%)
----------------- Invoking toplevel() on ptolemy.moml.MoMLSimpleApplication@6c32e8e7
----------------- Done invoking toplevel() on ptolemy.moml.MoMLSimpleApplication@6c32e8e7
reloadAllAccessors: .IterateOverArray7
----------------- testing Wed May 09 23:56:34 UTC 2018 /home/travis/build/icyphy/ptII/ptolemy/actor/lib/hoc/test/auto/IterateOverArray8.xml
----------------- Instantiating /home/travis/build/icyphy/ptII/ptolemy/actor/lib/hoc/test/auto/IterateOverArray8.xml
7 ms. Memory: 330752K Free: 237067K (72%)
----------------- Invoking toplevel() on ptolemy.moml.MoMLSimpleApplication@6ec7c946
----------------- Done invoking toplevel() on ptolemy.moml.MoMLSimpleApplication@6ec7c946
reloadAllAccessors: .IterateOverArray8
----------------- testing Wed May 09 23:56:35 UTC 2018 /home/travis/build/icyphy/ptII/ptolemy/actor/lib/hoc/test/auto/IterateOverArray9.xml
----------------- Instantiating /home/travis/build/icyphy/ptII/ptolemy/actor/lib/hoc/test/auto/IterateOverArray9.xml
16 ms. Memory: 330752K Free: 232183K (70%)
----------------- Invoking toplevel() on ptolemy.moml.MoMLSimpleApplication@39d047e2
----------------- Done invoking toplevel() on ptolemy.moml.MoMLSimpleApplication@39d047e2
reloadAllAccessors: .IterateOverArray9
----------------- testing Wed May 09 23:56:35 UTC 2018 /home/travis/build/icyphy/ptII/ptolemy/actor/lib/hoc/test/auto/IterateOverArrayCoercedOutputType.xml
----------------- Instantiating /home/travis/build/icyphy/ptII/ptolemy/actor/lib/hoc/test/auto/IterateOverArrayCoercedOutputType.xml
4 ms. Memory: 330752K Free: 226077K (68%)
----------------- Invoking toplevel() on ptolemy.moml.MoMLSimpleApplication@1015b79a
----------------- Done invoking toplevel() on ptolemy.moml.MoMLSimpleApplication@1015b79a
reloadAllAccessors: .IterateOverArrayCoercedOutputType
----------------- testing Wed May 09 23:56:35 UTC 2018 /home/travis/build/icyphy/ptII/ptolemy/actor/lib/hoc/test/auto/IterateOverArrayInferredOutputType.xml
----------------- Instantiating /home/travis/build/icyphy/ptII/ptolemy/actor/lib/hoc/test/auto/IterateOverArrayInferredOutputType.xml
6 ms. Memory: 330752K Free: 219141K (66%)
----------------- Invoking toplevel() on ptolemy.moml.MoMLSimpleApplication@64aa1230
----------------- Done invoking toplevel() on ptolemy.moml.MoMLSimpleApplication@64aa1230
reloadAllAccessors: .IterateOverArrayInferredOutputType
----------------- testing Wed May 09 23:56:35 UTC 2018 /home/travis/build/icyphy/ptII/ptolemy/actor/lib/hoc/test/auto/MobileFunctionTest.xml
----------------- Instantiating /home/travis/build/icyphy/ptII/ptolemy/actor/lib/hoc/test/auto/MobileFunctionTest.xml
5 ms. Memory: 330752K Free: 214256K (65%)
----------------- Invoking toplevel() on ptolemy.moml.MoMLSimpleApplication@aba2132
----------------- Done invoking toplevel() on ptolemy.moml.MoMLSimpleApplication@aba2132
reloadAllAccessors: .MobileFunctionTest
----------------- testing Wed May 09 23:56:35 UTC 2018 /home/travis/build/icyphy/ptII/ptolemy/actor/lib/hoc/test/auto/MobileModelTest.xml
----------------- Instantiating /home/travis/build/icyphy/ptII/ptolemy/actor/lib/hoc/test/auto/MobileModelTest.xml
78 ms. Memory: 330752K Free: 192668K (58%)
----------------- Invoking toplevel() on ptolemy.moml.MoMLSimpleApplication@42c58757
----------------- Done invoking toplevel() on ptolemy.moml.MoMLSimpleApplication@42c58757
reloadAllAccessors: .MobileModelTest
----------------- testing Wed May 09 23:56:35 UTC 2018 /home/travis/build/icyphy/ptII/ptolemy/actor/lib/hoc/test/auto/ModelReference.xml
----------------- Instantiating /home/travis/build/icyphy/ptII/ptolemy/actor/lib/hoc/test/auto/ModelReference.xml
4 ms. Memory: 330752K Free: 184119K (56%)
3 ms. Memory: 330752K Free: 182898K (55%)
2 ms. Memory: 330752K Free: 182898K (55%)
3 ms. Memory: 330752K Free: 181677K (55%)
2 ms. Memory: 330752K Free: 180456K (55%)
3 ms. Memory: 330752K Free: 180456K (55%)
2 ms. Memory: 330752K Free: 179235K (54%)
2 ms. Memory: 330752K Free: 178014K (54%)
2 ms. Memory: 330752K Free: 178014K (54%)
2 ms. Memory: 330752K Free: 176793K (53%)
37 ms. Memory: 330752K Free: 176793K (53%)
----------------- Invoking toplevel() on ptolemy.moml.MoMLSimpleApplication@71b8657d
----------------- Done invoking toplevel() on ptolemy.moml.MoMLSimpleApplication@71b8657d
reloadAllAccessors: .ModelReference
----------------- testing Wed May 09 23:56:35 UTC 2018 /home/travis/build/icyphy/ptII/ptolemy/actor/lib/hoc/test/auto/ModelReference3.xml
----------------- Instantiating /home/travis/build/icyphy/ptII/ptolemy/actor/lib/hoc/test/auto/ModelReference3.xml
3 ms. Memory: 330752K Free: 170687K (52%)
2 ms. Memory: 330752K Free: 170687K (52%)
7 ms. Memory: 330752K Free: 169466K (51%)
5 ms. Memory: 330752K Free: 168245K (51%)
3 ms. Memory: 330752K Free: 168245K (51%)
1 ms. Memory: 330752K Free: 167024K (50%)
2 ms. Memory: 330752K Free: 165802K (50%)
5 ms. Memory: 330752K Free: 165802K (50%)
2 ms. Memory: 330752K Free: 164581K (50%)
4 ms. Memory: 330752K Free: 163360K (49%)
44 ms. Memory: 330752K Free: 163360K (49%)
----------------- Invoking toplevel() on ptolemy.moml.MoMLSimpleApplication@7c32d8ba
----------------- Done invoking toplevel() on ptolemy.moml.MoMLSimpleApplication@7c32d8ba
reloadAllAccessors: .ModelReference3
----------------- testing Wed May 09 23:56:35 UTC 2018 /home/travis/build/icyphy/ptII/ptolemy/actor/lib/hoc/test/auto/ModelReference4.xml
----------------- Instantiating /home/travis/build/icyphy/ptII/ptolemy/actor/lib/hoc/test/auto/ModelReference4.xml
4 ms. Memory: 330752K Free: 156425K (47%)
4 ms. Memory: 330752K Free: 155204K (47%)
4 ms. Memory: 330752K Free: 152761K (46%)
10 ms. Memory: 330752K Free: 151540K (46%)
6 ms. Memory: 330752K Free: 150319K (45%)
8 ms. Memory: 330752K Free: 149098K (45%)
3 ms. Memory: 330752K Free: 147877K (45%)
3 ms. Memory: 330752K Free: 146656K (44%)
2 ms. Memory: 330752K Free: 144206K (44%)
3 ms. Memory: 330752K Free: 142984K (43%)
10032 ms. Memory: 330752K Free: 142984K (43%)
----------------- Invoking toplevel() on ptolemy.moml.MoMLSimpleApplication@5463808a
----------------- Done invoking toplevel() on ptolemy.moml.MoMLSimpleApplication@5463808a
reloadAllAccessors: .ModelReference4
----------------- testing Wed May 09 23:56:45 UTC 2018 /home/travis/build/icyphy/ptII/ptolemy/actor/lib/hoc/test/auto/MultiInstanceComposite.xml
----------------- Instantiating /home/travis/build/icyphy/ptII/ptolemy/actor/lib/hoc/test/auto/MultiInstanceComposite.xml
48 ms. Memory: 330752K Free: 125768K (38%)
----------------- Invoking toplevel() on ptolemy.moml.MoMLSimpleApplication@af5fe37
----------------- Done invoking toplevel() on ptolemy.moml.MoMLSimpleApplication@af5fe37
reloadAllAccessors: .MultiInstanceComposite
----------------- testing Wed May 09 23:56:45 UTC 2018 /home/travis/build/icyphy/ptII/ptolemy/actor/lib/hoc/test/auto/MultiInstanceComposite2.xml
----------------- Instantiating /home/travis/build/icyphy/ptII/ptolemy/actor/lib/hoc/test/auto/MultiInstanceComposite2.xml
23 ms. Memory: 330752K Free: 111394K (34%)
----------------- Invoking toplevel() on ptolemy.moml.MoMLSimpleApplication@7a8cbf0f
----------------- Done invoking toplevel() on ptolemy.moml.MoMLSimpleApplication@7a8cbf0f
reloadAllAccessors: .MultiInstanceComposite2
----------------- testing Wed May 09 23:56:45 UTC 2018 /home/travis/build/icyphy/ptII/ptolemy/actor/lib/hoc/test/auto/MulticoreExecution.xml
----------------- Instantiating /home/travis/build/icyphy/ptII/ptolemy/actor/lib/hoc/test/auto/MulticoreExecution.xml
10038 ms. Memory: 330752K Free: 97897K (30%)
----------------- Invoking toplevel() on ptolemy.moml.MoMLSimpleApplication@522b6298
----------------- Done invoking toplevel() on ptolemy.moml.MoMLSimpleApplication@522b6298
reloadAllAccessors: .MulticoreExecution
----------------- testing Wed May 09 23:56:55 UTC 2018 /home/travis/build/icyphy/ptII/ptolemy/actor/lib/hoc/test/auto/ParallelExecution.xml
----------------- Instantiating /home/travis/build/icyphy/ptII/ptolemy/actor/lib/hoc/test/auto/ParallelExecution.xml
926 ms. Memory: 330752K Free: 86875K (26%)
----------------- Invoking toplevel() on ptolemy.moml.MoMLSimpleApplication@3e1d50dd
----------------- Done invoking toplevel() on ptolemy.moml.MoMLSimpleApplication@3e1d50dd
reloadAllAccessors: .ParallelExecution
----------------- testing Wed May 09 23:56:56 UTC 2018 /home/travis/build/icyphy/ptII/ptolemy/actor/lib/hoc/test/auto/RunCompositeActor.xml
----------------- Instantiating /home/travis/build/icyphy/ptII/ptolemy/actor/lib/hoc/test/auto/RunCompositeActor.xml
9 ms. Memory: 330752K Free: 78159K (24%)
----------------- Invoking toplevel() on ptolemy.moml.MoMLSimpleApplication@5523332a
----------------- Done invoking toplevel() on ptolemy.moml.MoMLSimpleApplication@5523332a
reloadAllAccessors: .RunCompositeActor
----------------- testing Wed May 09 23:56:56 UTC 2018 /home/travis/build/icyphy/ptII/ptolemy/actor/lib/hoc/test/auto/RunCompositeActor2.xml
----------------- Instantiating /home/travis/build/icyphy/ptII/ptolemy/actor/lib/hoc/test/auto/RunCompositeActor2.xml
11 ms. Memory: 332288K Free: 315260K (95%)
----------------- Invoking toplevel() on ptolemy.moml.MoMLSimpleApplication@19b4be4a
----------------- Done invoking toplevel() on ptolemy.moml.MoMLSimpleApplication@19b4be4a
reloadAllAccessors: .RunCompositeActor2
----------------- testing Wed May 09 23:56:56 UTC 2018 /home/travis/build/icyphy/ptII/ptolemy/actor/lib/hoc/test/auto/RunCompositeActor3.xml
----------------- Instantiating /home/travis/build/icyphy/ptII/ptolemy/actor/lib/hoc/test/auto/RunCompositeActor3.xml
6 ms. Memory: 332288K Free: 308143K (93%)
----------------- Invoking toplevel() on ptolemy.moml.MoMLSimpleApplication@643fe6f4
----------------- Done invoking toplevel() on ptolemy.moml.MoMLSimpleApplication@643fe6f4
reloadAllAccessors: .RunCompositeActor3
----------------- testing Wed May 09 23:56:56 UTC 2018 /home/travis/build/icyphy/ptII/ptolemy/actor/lib/hoc/test/auto/RunCompositeActor4.xml
----------------- Instantiating /home/travis/build/icyphy/ptII/ptolemy/actor/lib/hoc/test/auto/RunCompositeActor4.xml
19 ms. Memory: 332288K Free: 299382K (90%)
----------------- Invoking toplevel() on ptolemy.moml.MoMLSimpleApplication@531f458d
----------------- Done invoking toplevel() on ptolemy.moml.MoMLSimpleApplication@531f458d
reloadAllAccessors: .RunCompositeActor4
----------------- testing Wed May 09 23:56:56 UTC 2018 /home/travis/build/icyphy/ptII/ptolemy/actor/lib/hoc/test/auto/RunCompositeIterateOverArray.xml
----------------- Instantiating /home/travis/build/icyphy/ptII/ptolemy/actor/lib/hoc/test/auto/RunCompositeIterateOverArray.xml
14 ms. Memory: 332288K Free: 292854K (88%)
----------------- Invoking toplevel() on ptolemy.moml.MoMLSimpleApplication@bb40b46
----------------- Done invoking toplevel() on ptolemy.moml.MoMLSimpleApplication@bb40b46
reloadAllAccessors: .RunCompositeIterateOverArray
----------------- testing Wed May 09 23:56:56 UTC 2018 /home/travis/build/icyphy/ptII/ptolemy/actor/lib/hoc/test/auto/ThreadedJS.xml
----------------- Instantiating /home/travis/build/icyphy/ptII/ptolemy/actor/lib/hoc/test/auto/ThreadedJS.xml
2734 ms. Memory: 538112K Free: 163990K (30%)
----------------- Invoking toplevel() on ptolemy.moml.MoMLSimpleApplication@6d133b8e
----------------- Done invoking toplevel() on ptolemy.moml.MoMLSimpleApplication@6d133b8e
reloadAllAccessors: .ThreadedJS
AutoTests.java: About to close Vertx.
AutoTests.java: Vertx closed.
]]></system-out>
  <system-err><![CDATA[java.lang.RuntimeException: Execution failed
	at ptolemy.moml.MoMLSimpleApplication$UnloadThread.run(MoMLSimpleApplication.java:402)
Caused by: ptolemy.kernel.util.IllegalActionException: initialize() was called after wrapup() was called but preinitialize() was not called after wrapup().
	at ptolemy.actor.lib.hoc.test.PreinitializeMustBeInvoked.initialize(PreinitializeMustBeInvoked.java:78)
	at ptolemy.actor.Director.initialize(Director.java:938)
	at ptolemy.actor.Director.initialize(Director.java:907)
	at ptolemy.actor.sched.StaticSchedulingDirector.initialize(StaticSchedulingDirector.java:159)
	at ptolemy.domains.sdf.kernel.SDFDirector.initialize(SDFDirector.java:544)
	at ptolemy.actor.CompositeActor.initialize(CompositeActor.java:935)
	at ptolemy.actor.lib.hoc.LifeCycleManager._executeInsideModel(LifeCycleManager.java:339)
	at ptolemy.actor.lib.hoc.RunCompositeActor.fire(RunCompositeActor.java:205)
	at ptolemy.actor.CompositeActor.iterate(CompositeActor.java:1146)
	at ptolemy.actor.sched.StaticSchedulingDirector.fire(StaticSchedulingDirector.java:216)
	at ptolemy.domains.sdf.kernel.SDFDirector.fire(SDFDirector.java:500)
	at ptolemy.actor.CompositeActor.fire(CompositeActor.java:455)
	at ptolemy.actor.Manager.iterate(Manager.java:851)
	at ptolemy.actor.Manager.execute(Manager.java:369)
	at ptolemy.actor.Manager.run(Manager.java:1263)
	at ptolemy.actor.Manager$PtolemyRunThread.run(Manager.java:1915)
java.lang.reflect.InvocationTargetException
	at sun.reflect.NativeConstructorAccessorImpl.newInstance0(Native Method)
	at sun.reflect.NativeConstructorAccessorImpl.newInstance(NativeConstructorAccessorImpl.java:62)
	at sun.reflect.DelegatingConstructorAccessorImpl.newInstance(DelegatingConstructorAccessorImpl.java:45)
	at java.lang.reflect.Constructor.newInstance(Constructor.java:423)
	at ptolemy.util.test.junit.AutoKnownFailedTests.RunModel(AutoKnownFailedTests.java:107)
	at sun.reflect.NativeMethodAccessorImpl.invoke0(Native Method)
	at sun.reflect.NativeMethodAccessorImpl.invoke(NativeMethodAccessorImpl.java:62)
	at sun.reflect.DelegatingMethodAccessorImpl.invoke(DelegatingMethodAccessorImpl.java:43)
	at java.lang.reflect.Method.invoke(Method.java:498)
	at org.junit.runners.model.FrameworkMethod$1.runReflectiveCall(FrameworkMethod.java:44)
	at org.junit.internal.runners.model.ReflectiveCallable.run(ReflectiveCallable.java:15)
	at org.junit.runners.model.FrameworkMethod.invokeExplosively(FrameworkMethod.java:41)
	at junitparams.internal.InvokeParameterisedMethod.evaluate(InvokeParameterisedMethod.java:102)
	at org.junit.internal.runners.statements.FailOnTimeout$1.run(FailOnTimeout.java:28)
Caused by: ptolemy.kernel.util.IllegalActionException: initialize() was called after wrapup() was called but preinitialize() was not called after wrapup().
	at ptolemy.actor.lib.hoc.test.PreinitializeMustBeInvoked.initialize(PreinitializeMustBeInvoked.java:78)
	at ptolemy.actor.Director.initialize(Director.java:938)
	at ptolemy.actor.Director.initialize(Director.java:907)
	at ptolemy.actor.sched.StaticSchedulingDirector.initialize(StaticSchedulingDirector.java:159)
	at ptolemy.domains.sdf.kernel.SDFDirector.initialize(SDFDirector.java:544)
	at ptolemy.actor.CompositeActor.initialize(CompositeActor.java:935)
	at ptolemy.actor.lib.hoc.LifeCycleManager._executeInsideModel(LifeCycleManager.java:339)
	at ptolemy.actor.lib.hoc.RunCompositeActor.fire(RunCompositeActor.java:205)
	at ptolemy.actor.CompositeActor.iterate(CompositeActor.java:1146)
	at ptolemy.actor.sched.StaticSchedulingDirector.fire(StaticSchedulingDirector.java:216)
	at ptolemy.domains.sdf.kernel.SDFDirector.fire(SDFDirector.java:500)
	at ptolemy.actor.CompositeActor.fire(CompositeActor.java:455)
	at ptolemy.actor.Manager.iterate(Manager.java:851)
	at ptolemy.actor.Manager.execute(Manager.java:369)
	at ptolemy.actor.Manager.run(Manager.java:1263)
	at ptolemy.actor.Manager$PtolemyRunThread.run(Manager.java:1915)
]]></system-err>
</testsuite>
