<?xml version="1.0" encoding="UTF-8" ?>
<testsuite errors="0" failures="0" hostname="travis-job-8136c6ae-c04d-4f13-b70a-6cc8a4c3a20f" name="ptolemy.domains.sdf.lib.test.junit.JUnitTclTest" skipped="0" tests="82" time="8.279" timestamp="2018-05-29T01:23:02">
  <properties>
[...]
</properties>
  <testcase classname="ptolemy.util.test.junit.TclTests" name="[0] /home/travis/build/icyphy/ptII/ptolemy/domains/sdf/lib/test/ArrayToSequence.tcl (RunTclFile)" time="0.481" />
  <testcase classname="ptolemy.util.test.junit.TclTests" name="[1] /home/travis/build/icyphy/ptII/ptolemy/domains/sdf/lib/test/BitsToInt.tcl (RunTclFile)" time="0.061" />
  <testcase classname="ptolemy.util.test.junit.TclTests" name="[2] /home/travis/build/icyphy/ptII/ptolemy/domains/sdf/lib/test/DelayLine.tcl (RunTclFile)" time="0.035" />
  <testcase classname="ptolemy.util.test.junit.TclTests" name="[3] /home/travis/build/icyphy/ptII/ptolemy/domains/sdf/lib/test/FFT.tcl (RunTclFile)" time="0.03" />
  <testcase classname="ptolemy.util.test.junit.TclTests" name="[4] /home/travis/build/icyphy/ptII/ptolemy/domains/sdf/lib/test/FIR.tcl (RunTclFile)" time="0.067" />
  <testcase classname="ptolemy.util.test.junit.TclTests" name="[5] /home/travis/build/icyphy/ptII/ptolemy/domains/sdf/lib/test/IntToBits.tcl (RunTclFile)" time="0.026" />
  <testcase classname="ptolemy.util.test.junit.TclTests" name="[6] /home/travis/build/icyphy/ptII/ptolemy/domains/sdf/lib/test/MaximumEntropySpectrum.tcl (RunTclFile)" time="0.254" />
  <testcase classname="ptolemy.util.test.junit.TclTests" name="[7] /home/travis/build/icyphy/ptII/ptolemy/domains/sdf/lib/test/Repeat.tcl (RunTclFile)" time="0.021" />
  <testcase classname="ptolemy.util.test.junit.TclTests" name="[8] /home/travis/build/icyphy/ptII/ptolemy/domains/sdf/lib/test/SampleDelay.tcl (RunTclFile)" time="0.036" />
  <testcase classname="ptolemy.util.test.junit.TclTests" name="[9] /home/travis/build/icyphy/ptII/ptolemy/domains/sdf/lib/test/SequenceToArray.tcl (RunTclFile)" time="0.043" />
  <testcase classname="ptolemy.util.test.junit.AutoKnownFailedTests" name="[0] ThereAreNoKnowFailedTests (RunModel)" time="0.002" />
  <testcase classname="ptolemy.util.test.junit.AutoNameArchTests" name="[0] ThereAreNoAutoTests (RunModel)" time="0.001" />
  <testcase classname="ptolemy.util.test.junit.AutoTests" name="[0] /home/travis/build/icyphy/ptII/ptolemy/domains/sdf/lib/test/auto/ArrayToSequence.xml (RunModel)" time="0.127" />
  <testcase classname="ptolemy.util.test.junit.AutoTests" name="[1] /home/travis/build/icyphy/ptII/ptolemy/domains/sdf/lib/test/auto/ArrayToSequenceTest.xml (RunModel)" time="0.064" />
  <testcase classname="ptolemy.util.test.junit.AutoTests" name="[2] /home/travis/build/icyphy/ptII/ptolemy/domains/sdf/lib/test/auto/Autocorrelation.xml (RunModel)" time="0.048" />
  <testcase classname="ptolemy.util.test.junit.AutoTests" name="[3] /home/travis/build/icyphy/ptII/ptolemy/domains/sdf/lib/test/auto/Autocorrelation2.xml (RunModel)" time="0.03" />
  <testcase classname="ptolemy.util.test.junit.AutoTests" name="[4] /home/travis/build/icyphy/ptII/ptolemy/domains/sdf/lib/test/auto/Autocorrelation3.xml (RunModel)" time="0.024" />
  <testcase classname="ptolemy.util.test.junit.AutoTests" name="[5] /home/travis/build/icyphy/ptII/ptolemy/domains/sdf/lib/test/auto/Autocorrelation4.xml (RunModel)" time="0.017" />
  <testcase classname="ptolemy.util.test.junit.AutoTests" name="[6] /home/travis/build/icyphy/ptII/ptolemy/domains/sdf/lib/test/auto/Autocorrelation5.xml (RunModel)" time="0.092" />
  <testcase classname="ptolemy.util.test.junit.AutoTests" name="[7] /home/travis/build/icyphy/ptII/ptolemy/domains/sdf/lib/test/auto/BitsToInt.xml (RunModel)" time="0.033" />
  <testcase classname="ptolemy.util.test.junit.AutoTests" name="[8] /home/travis/build/icyphy/ptII/ptolemy/domains/sdf/lib/test/auto/BooleanJoin.xml (RunModel)" time="0.062" />
  <testcase classname="ptolemy.util.test.junit.AutoTests" name="[9] /home/travis/build/icyphy/ptII/ptolemy/domains/sdf/lib/test/auto/BootstrapSampleDelay.xml (RunModel)" time="0.06" />
  <testcase classname="ptolemy.util.test.junit.AutoTests" name="[10] /home/travis/build/icyphy/ptII/ptolemy/domains/sdf/lib/test/auto/Chop.xml (RunModel)" time="0.093" />
  <testcase classname="ptolemy.util.test.junit.AutoTests" name="[11] /home/travis/build/icyphy/ptII/ptolemy/domains/sdf/lib/test/auto/Chop2.xml (RunModel)" time="0.048" />
  <testcase classname="ptolemy.util.test.junit.AutoTests" name="[12] /home/travis/build/icyphy/ptII/ptolemy/domains/sdf/lib/test/auto/ComplexJoin.xml (RunModel)" time="0.029" />
  <testcase classname="ptolemy.util.test.junit.AutoTests" name="[13] /home/travis/build/icyphy/ptII/ptolemy/domains/sdf/lib/test/auto/CountTrues.xml (RunModel)" time="0.025" />
  <testcase classname="ptolemy.util.test.junit.AutoTests" name="[14] /home/travis/build/icyphy/ptII/ptolemy/domains/sdf/lib/test/auto/DelayLine.xml (RunModel)" time="0.047" />
  <testcase classname="ptolemy.util.test.junit.AutoTests" name="[15] /home/travis/build/icyphy/ptII/ptolemy/domains/sdf/lib/test/auto/DotProduct.xml (RunModel)" time="0.019" />
  <testcase classname="ptolemy.util.test.junit.AutoTests" name="[16] /home/travis/build/icyphy/ptII/ptolemy/domains/sdf/lib/test/auto/DotProductMatrix.xml (RunModel)" time="0.02" />
  <testcase classname="ptolemy.util.test.junit.AutoTests" name="[17] /home/travis/build/icyphy/ptII/ptolemy/domains/sdf/lib/test/auto/DownSample1.xml (RunModel)" time="0.017" />
  <testcase classname="ptolemy.util.test.junit.AutoTests" name="[18] /home/travis/build/icyphy/ptII/ptolemy/domains/sdf/lib/test/auto/DynamicRateChange.xml (RunModel)" time="0.035" />
  <testcase classname="ptolemy.util.test.junit.AutoTests" name="[19] /home/travis/build/icyphy/ptII/ptolemy/domains/sdf/lib/test/auto/DynamicRates.xml (RunModel)" time="0.027" />
  <testcase classname="ptolemy.util.test.junit.AutoTests" name="[20] /home/travis/build/icyphy/ptII/ptolemy/domains/sdf/lib/test/auto/FFT1.xml (RunModel)" time="0.035" />
  <testcase classname="ptolemy.util.test.junit.AutoTests" name="[21] /home/travis/build/icyphy/ptII/ptolemy/domains/sdf/lib/test/auto/FIR1.xml (RunModel)" time="0.052" />
  <testcase classname="ptolemy.util.test.junit.AutoTests" name="[22] /home/travis/build/icyphy/ptII/ptolemy/domains/sdf/lib/test/auto/FIR2.xml (RunModel)" time="0.024" />
  <testcase classname="ptolemy.util.test.junit.AutoTests" name="[23] /home/travis/build/icyphy/ptII/ptolemy/domains/sdf/lib/test/auto/FIR4.xml (RunModel)" time="0.04" />
  <testcase classname="ptolemy.util.test.junit.AutoTests" name="[24] /home/travis/build/icyphy/ptII/ptolemy/domains/sdf/lib/test/auto/FixJoin.xml (RunModel)" time="0.032" />
  <testcase classname="ptolemy.util.test.junit.AutoTests" name="[25] /home/travis/build/icyphy/ptII/ptolemy/domains/sdf/lib/test/auto/IntJoin1.xml (RunModel)" time="0.02" />
  <testcase classname="ptolemy.util.test.junit.AutoTests" name="[26] /home/travis/build/icyphy/ptII/ptolemy/domains/sdf/lib/test/auto/IntJoin2.xml (RunModel)" time="0.024" />
  <testcase classname="ptolemy.util.test.junit.AutoTests" name="[27] /home/travis/build/icyphy/ptII/ptolemy/domains/sdf/lib/test/auto/IntJoin3.xml (RunModel)" time="0.019" />
  <testcase classname="ptolemy.util.test.junit.AutoTests" name="[28] /home/travis/build/icyphy/ptII/ptolemy/domains/sdf/lib/test/auto/IntJoin4.xml (RunModel)" time="0.022" />
  <testcase classname="ptolemy.util.test.junit.AutoTests" name="[29] /home/travis/build/icyphy/ptII/ptolemy/domains/sdf/lib/test/auto/IntJoin5.xml (RunModel)" time="0.025" />
  <testcase classname="ptolemy.util.test.junit.AutoTests" name="[30] /home/travis/build/icyphy/ptII/ptolemy/domains/sdf/lib/test/auto/IntToBits.xml (RunModel)" time="0.01" />
  <testcase classname="ptolemy.util.test.junit.AutoTests" name="[31] /home/travis/build/icyphy/ptII/ptolemy/domains/sdf/lib/test/auto/LMSAdaptive.xml (RunModel)" time="0.043" />
  <testcase classname="ptolemy.util.test.junit.AutoTests" name="[32] /home/travis/build/icyphy/ptII/ptolemy/domains/sdf/lib/test/auto/LMSAdaptiveFIR.xml (RunModel)" time="0.325" />
  <testcase classname="ptolemy.util.test.junit.AutoTests" name="[33] /home/travis/build/icyphy/ptII/ptolemy/domains/sdf/lib/test/auto/LMSAdaptiveFIR2.xml (RunModel)" time="0.41" />
  <testcase classname="ptolemy.util.test.junit.AutoTests" name="[34] /home/travis/build/icyphy/ptII/ptolemy/domains/sdf/lib/test/auto/LongJoin.xml (RunModel)" time="0.044" />
  <testcase classname="ptolemy.util.test.junit.AutoTests" name="[35] /home/travis/build/icyphy/ptII/ptolemy/domains/sdf/lib/test/auto/Matrix1.xml (RunModel)" time="0.037" />
  <testcase classname="ptolemy.util.test.junit.AutoTests" name="[36] /home/travis/build/icyphy/ptII/ptolemy/domains/sdf/lib/test/auto/Matrix2.xml (RunModel)" time="0.04" />
  <testcase classname="ptolemy.util.test.junit.AutoTests" name="[37] /home/travis/build/icyphy/ptII/ptolemy/domains/sdf/lib/test/auto/MatrixJoin1.xml (RunModel)" time="0.041" />
  <testcase classname="ptolemy.util.test.junit.AutoTests" name="[38] /home/travis/build/icyphy/ptII/ptolemy/domains/sdf/lib/test/auto/MatrixJoin2.xml (RunModel)" time="0.067" />
  <testcase classname="ptolemy.util.test.junit.AutoTests" name="[39] /home/travis/build/icyphy/ptII/ptolemy/domains/sdf/lib/test/auto/MatrixJoin3.xml (RunModel)" time="0.026" />
  <testcase classname="ptolemy.util.test.junit.AutoTests" name="[40] /home/travis/build/icyphy/ptII/ptolemy/domains/sdf/lib/test/auto/MatrixJoin4.xml (RunModel)" time="0.023" />
  <testcase classname="ptolemy.util.test.junit.AutoTests" name="[41] /home/travis/build/icyphy/ptII/ptolemy/domains/sdf/lib/test/auto/MatrixJoin5.xml (RunModel)" time="0.026" />
  <testcase classname="ptolemy.util.test.junit.AutoTests" name="[42] /home/travis/build/icyphy/ptII/ptolemy/domains/sdf/lib/test/auto/MatrixSplit1.xml (RunModel)" time="0.031" />
  <testcase classname="ptolemy.util.test.junit.AutoTests" name="[43] /home/travis/build/icyphy/ptII/ptolemy/domains/sdf/lib/test/auto/MatrixSplit10.xml (RunModel)" time="0.02" />
  <testcase classname="ptolemy.util.test.junit.AutoTests" name="[44] /home/travis/build/icyphy/ptII/ptolemy/domains/sdf/lib/test/auto/MatrixSplit11.xml (RunModel)" time="0.024" />
  <testcase classname="ptolemy.util.test.junit.AutoTests" name="[45] /home/travis/build/icyphy/ptII/ptolemy/domains/sdf/lib/test/auto/MatrixSplit12.xml (RunModel)" time="0.022" />
  <testcase classname="ptolemy.util.test.junit.AutoTests" name="[46] /home/travis/build/icyphy/ptII/ptolemy/domains/sdf/lib/test/auto/MatrixSplit13.xml (RunModel)" time="0.028" />
  <testcase classname="ptolemy.util.test.junit.AutoTests" name="[47] /home/travis/build/icyphy/ptII/ptolemy/domains/sdf/lib/test/auto/MatrixSplit14.xml (RunModel)" time="0.023" />
  <testcase classname="ptolemy.util.test.junit.AutoTests" name="[48] /home/travis/build/icyphy/ptII/ptolemy/domains/sdf/lib/test/auto/MatrixSplit2.xml (RunModel)" time="0.02" />
  <testcase classname="ptolemy.util.test.junit.AutoTests" name="[49] /home/travis/build/icyphy/ptII/ptolemy/domains/sdf/lib/test/auto/MatrixSplit3.xml (RunModel)" time="0.019" />
  <testcase classname="ptolemy.util.test.junit.AutoTests" name="[50] /home/travis/build/icyphy/ptII/ptolemy/domains/sdf/lib/test/auto/MatrixSplit4.xml (RunModel)" time="0.022" />
  <testcase classname="ptolemy.util.test.junit.AutoTests" name="[51] /home/travis/build/icyphy/ptII/ptolemy/domains/sdf/lib/test/auto/MatrixSplit5.xml (RunModel)" time="0.016" />
  <testcase classname="ptolemy.util.test.junit.AutoTests" name="[52] /home/travis/build/icyphy/ptII/ptolemy/domains/sdf/lib/test/auto/MatrixSplit6.xml (RunModel)" time="0.017" />
  <testcase classname="ptolemy.util.test.junit.AutoTests" name="[53] /home/travis/build/icyphy/ptII/ptolemy/domains/sdf/lib/test/auto/MatrixSplit7.xml (RunModel)" time="0.015" />
  <testcase classname="ptolemy.util.test.junit.AutoTests" name="[54] /home/travis/build/icyphy/ptII/ptolemy/domains/sdf/lib/test/auto/MatrixSplit8.xml (RunModel)" time="0.023" />
  <testcase classname="ptolemy.util.test.junit.AutoTests" name="[55] /home/travis/build/icyphy/ptII/ptolemy/domains/sdf/lib/test/auto/MatrixSplit9.xml (RunModel)" time="0.037" />
  <testcase classname="ptolemy.util.test.junit.AutoTests" name="[56] /home/travis/build/icyphy/ptII/ptolemy/domains/sdf/lib/test/auto/MatrixToSequence.xml (RunModel)" time="0.048" />
  <testcase classname="ptolemy.util.test.junit.AutoTests" name="[57] /home/travis/build/icyphy/ptII/ptolemy/domains/sdf/lib/test/auto/MaximumEntropySpectrum.xml (RunModel)" time="0.092" />
  <testcase classname="ptolemy.util.test.junit.AutoTests" name="[58] /home/travis/build/icyphy/ptII/ptolemy/domains/sdf/lib/test/auto/SampleDelayConversion.xml (RunModel)" time="0.028" />
  <testcase classname="ptolemy.util.test.junit.AutoTests" name="[59] /home/travis/build/icyphy/ptII/ptolemy/domains/sdf/lib/test/auto/SequenceToArray.xml (RunModel)" time="0.047" />
  <testcase classname="ptolemy.util.test.junit.AutoTests" name="[60] /home/travis/build/icyphy/ptII/ptolemy/domains/sdf/lib/test/auto/SequenceToMatrix.xml (RunModel)" time="3.629" />
  <testcase classname="ptolemy.util.test.junit.AutoTests" name="[61] /home/travis/build/icyphy/ptII/ptolemy/domains/sdf/lib/test/auto/SmoothedPeriodogram.xml (RunModel)" time="0.053" />
  <testcase classname="ptolemy.util.test.junit.AutoTests" name="[62] /home/travis/build/icyphy/ptII/ptolemy/domains/sdf/lib/test/auto/UpDownSample1.xml (RunModel)" time="0.019" />
  <testcase classname="ptolemy.util.test.junit.AutoTests" name="[63] /home/travis/build/icyphy/ptII/ptolemy/domains/sdf/lib/test/auto/UpSample1.xml (RunModel)" time="0.015" />
  <testcase classname="ptolemy.util.test.junit.AutoTests" name="[64] /home/travis/build/icyphy/ptII/ptolemy/domains/sdf/lib/test/auto/VariableFIR.xml (RunModel)" time="0.03" />
  <testcase classname="ptolemy.util.test.junit.AutoTests" name="[65] /home/travis/build/icyphy/ptII/ptolemy/domains/sdf/lib/test/auto/VariableFIR2.xml (RunModel)" time="0.02" />
  <testcase classname="ptolemy.util.test.junit.AutoTests" name="[66] /home/travis/build/icyphy/ptII/ptolemy/domains/sdf/lib/test/auto/VariableLattice.xml (RunModel)" time="0.026" />
  <testcase classname="ptolemy.util.test.junit.AutoTests" name="[67] /home/travis/build/icyphy/ptII/ptolemy/domains/sdf/lib/test/auto/VariableLattice2.xml (RunModel)" time="0.022" />
  <testcase classname="ptolemy.util.test.junit.AutoTests" name="[68] /home/travis/build/icyphy/ptII/ptolemy/domains/sdf/lib/test/auto/VariableRecursiveLattice.xml (RunModel)" time="0.029" />
  <testcase classname="ptolemy.util.test.junit.AutoTests" name="[69] /home/travis/build/icyphy/ptII/ptolemy/domains/sdf/lib/test/auto/VariableRecursiveLattice2.xml (RunModel)" time="0.016" />
  <system-out><![CDATA[/home/travis/build/icyphy/ptII/ptolemy/domains/sdf/lib/test/ArrayToSequence.tcl
testDefs.tcl: setting time out to 9000 seconds at Tue May 29 01:23:02 UTC 2018
46 ms. Memory: 116224K Free: 85504K (74%)
16 ms. Memory: 116224K Free: 110113K (95%)
24 ms. Memory: 116224K Free: 107708K (93%)
9 ms. Memory: 116224K Free: 106489K (92%)
/home/travis/build/icyphy/ptII/ptolemy/domains/sdf/lib/test/BitsToInt.tcl
16 ms. Memory: 116224K Free: 104682K (90%)
11 ms. Memory: 116224K Free: 102898K (89%)
/home/travis/build/icyphy/ptII/ptolemy/domains/sdf/lib/test/DelayLine.tcl
13 ms. Memory: 116224K Free: 101114K (87%)
/home/travis/build/icyphy/ptII/ptolemy/domains/sdf/lib/test/FFT.tcl
10 ms. Memory: 116224K Free: 99330K (85%)
/home/travis/build/icyphy/ptII/ptolemy/domains/sdf/lib/test/FIR.tcl
7 ms. Memory: 116224K Free: 97494K (84%)
3 ms. Memory: 116224K Free: 96276K (83%)
ptolemy.kernel.util.IllegalActionException: multiplyReverse method not supported between ptolemy.data.FixToken 'fix(-0.0625,6,2)' and ptolemy.data.IntToken '1' because the types are incomparable.
  in .top.FIRclone
Because:
multiplyReverse method not supported between ptolemy.data.FixToken 'fix(-0.0625,6,2)' and ptolemy.data.IntToken '1' because the types are incomparable.
16 ms. Memory: 116224K Free: 93902K (81%)
/home/travis/build/icyphy/ptII/ptolemy/domains/sdf/lib/test/IntToBits.tcl
4 ms. Memory: 116224K Free: 92094K (79%)
4 ms. Memory: 116224K Free: 90875K (78%)
/home/travis/build/icyphy/ptII/ptolemy/domains/sdf/lib/test/MaximumEntropySpectrum.tcl
/home/travis/build/icyphy/ptII/ptolemy/domains/sdf/lib/test/Repeat.tcl
5 ms. Memory: 146944K Free: 120676K (82%)
/home/travis/build/icyphy/ptII/ptolemy/domains/sdf/lib/test/SampleDelay.tcl
3 ms. Memory: 146944K Free: 117051K (80%)
4 ms. Memory: 146944K Free: 117051K (80%)
3 ms. Memory: 146944K Free: 115852K (79%)
3 ms. Memory: 146944K Free: 114662K (78%)
2 ms. Memory: 146944K Free: 114662K (78%)
1 ms. Memory: 146944K Free: 113472K (77%)
/home/travis/build/icyphy/ptII/ptolemy/domains/sdf/lib/test/SequenceToArray.tcl
5 ms. Memory: 146944K Free: 112280K (76%)
4 ms. Memory: 146944K Free: 111090K (76%)
5 ms. Memory: 146944K Free: 109900K (75%)
5 ms. Memory: 146944K Free: 108709K (74%)
05/29/18 01:23:03
Failed: 0  Total Tests: 41  ((Passed: 41, Newly Passed: 0)  Known Failed: 0) /home/travis/build/icyphy/ptII/ptolemy/domains/sdf/lib/test
No auto/knownFailedTests/*.xml tests in /home/travis/build/icyphy/ptII/ptolemy/domains/sdf/lib/test
No auto/*.xml tests in /home/travis/build/icyphy/ptII/ptolemy/domains/sdf/lib/test
AutoTests.java: About to close Vertx.
AutoTests.java: Vertx closed.
----------------- testing Tue May 29 01:23:04 UTC 2018 /home/travis/build/icyphy/ptII/ptolemy/domains/sdf/lib/test/auto/ArrayToSequence.xml
----------------- Instantiating /home/travis/build/icyphy/ptII/ptolemy/domains/sdf/lib/test/auto/ArrayToSequence.xml
16 ms. Memory: 146944K Free: 126883K (86%)
----------------- Invoking toplevel() on ptolemy.moml.MoMLSimpleApplication@1785845a
----------------- Done invoking toplevel() on ptolemy.moml.MoMLSimpleApplication@1785845a
reloadAllAccessors: .ArrayToSequence
----------------- testing Tue May 29 01:23:04 UTC 2018 /home/travis/build/icyphy/ptII/ptolemy/domains/sdf/lib/test/auto/ArrayToSequenceTest.xml
----------------- Instantiating /home/travis/build/icyphy/ptII/ptolemy/domains/sdf/lib/test/auto/ArrayToSequenceTest.xml
17 ms. Memory: 146944K Free: 119657K (81%)
----------------- Invoking toplevel() on ptolemy.moml.MoMLSimpleApplication@a86d6eb
----------------- Done invoking toplevel() on ptolemy.moml.MoMLSimpleApplication@a86d6eb
reloadAllAccessors: .ArrayToSequenceTest
----------------- testing Tue May 29 01:23:04 UTC 2018 /home/travis/build/icyphy/ptII/ptolemy/domains/sdf/lib/test/auto/Autocorrelation.xml
----------------- Instantiating /home/travis/build/icyphy/ptII/ptolemy/domains/sdf/lib/test/auto/Autocorrelation.xml
4 ms. Memory: 146944K Free: 115091K (78%)
----------------- Invoking toplevel() on ptolemy.moml.MoMLSimpleApplication@5159bc45
----------------- Done invoking toplevel() on ptolemy.moml.MoMLSimpleApplication@5159bc45
reloadAllAccessors: .Autocorrelation
----------------- testing Tue May 29 01:23:04 UTC 2018 /home/travis/build/icyphy/ptII/ptolemy/domains/sdf/lib/test/auto/Autocorrelation2.xml
----------------- Instantiating /home/travis/build/icyphy/ptII/ptolemy/domains/sdf/lib/test/auto/Autocorrelation2.xml
9 ms. Memory: 146944K Free: 110785K (75%)
----------------- Invoking toplevel() on ptolemy.moml.MoMLSimpleApplication@5f4d5b19
----------------- Done invoking toplevel() on ptolemy.moml.MoMLSimpleApplication@5f4d5b19
reloadAllAccessors: .Autocorrelation2
----------------- testing Tue May 29 01:23:04 UTC 2018 /home/travis/build/icyphy/ptII/ptolemy/domains/sdf/lib/test/auto/Autocorrelation3.xml
----------------- Instantiating /home/travis/build/icyphy/ptII/ptolemy/domains/sdf/lib/test/auto/Autocorrelation3.xml
3 ms. Memory: 146944K Free: 105813K (72%)
----------------- Invoking toplevel() on ptolemy.moml.MoMLSimpleApplication@6e961a7d
----------------- Done invoking toplevel() on ptolemy.moml.MoMLSimpleApplication@6e961a7d
reloadAllAccessors: .Autocorrelation3
----------------- testing Tue May 29 01:23:04 UTC 2018 /home/travis/build/icyphy/ptII/ptolemy/domains/sdf/lib/test/auto/Autocorrelation4.xml
----------------- Instantiating /home/travis/build/icyphy/ptII/ptolemy/domains/sdf/lib/test/auto/Autocorrelation4.xml
3 ms. Memory: 146944K Free: 101255K (69%)
----------------- Invoking toplevel() on ptolemy.moml.MoMLSimpleApplication@766d19a
----------------- Done invoking toplevel() on ptolemy.moml.MoMLSimpleApplication@766d19a
reloadAllAccessors: .Autocorrelation4
----------------- testing Tue May 29 01:23:04 UTC 2018 /home/travis/build/icyphy/ptII/ptolemy/domains/sdf/lib/test/auto/Autocorrelation5.xml
----------------- Instantiating /home/travis/build/icyphy/ptII/ptolemy/domains/sdf/lib/test/auto/Autocorrelation5.xml
37 ms. Memory: 146944K Free: 93962K (64%)
----------------- Invoking toplevel() on ptolemy.moml.MoMLSimpleApplication@5cbf6941
----------------- Done invoking toplevel() on ptolemy.moml.MoMLSimpleApplication@5cbf6941
reloadAllAccessors: .Autocorrelation5
----------------- testing Tue May 29 01:23:04 UTC 2018 /home/travis/build/icyphy/ptII/ptolemy/domains/sdf/lib/test/auto/BitsToInt.xml
----------------- Instantiating /home/travis/build/icyphy/ptII/ptolemy/domains/sdf/lib/test/auto/BitsToInt.xml
7 ms. Memory: 146944K Free: 89605K (61%)
----------------- Invoking toplevel() on ptolemy.moml.MoMLSimpleApplication@27180ff0
----------------- Done invoking toplevel() on ptolemy.moml.MoMLSimpleApplication@27180ff0
reloadAllAccessors: .BitsToInt
----------------- testing Tue May 29 01:23:04 UTC 2018 /home/travis/build/icyphy/ptII/ptolemy/domains/sdf/lib/test/auto/BooleanJoin.xml
----------------- Instantiating /home/travis/build/icyphy/ptII/ptolemy/domains/sdf/lib/test/auto/BooleanJoin.xml
11 ms. Memory: 146944K Free: 85167K (58%)
----------------- Invoking toplevel() on ptolemy.moml.MoMLSimpleApplication@266efc17
----------------- Done invoking toplevel() on ptolemy.moml.MoMLSimpleApplication@266efc17
reloadAllAccessors: .BooleanJoin
----------------- testing Tue May 29 01:23:04 UTC 2018 /home/travis/build/icyphy/ptII/ptolemy/domains/sdf/lib/test/auto/BootstrapSampleDelay.xml
----------------- Instantiating /home/travis/build/icyphy/ptII/ptolemy/domains/sdf/lib/test/auto/BootstrapSampleDelay.xml
18 ms. Memory: 146944K Free: 81216K (55%)
----------------- Invoking toplevel() on ptolemy.moml.MoMLSimpleApplication@51ca351a
----------------- Done invoking toplevel() on ptolemy.moml.MoMLSimpleApplication@51ca351a
reloadAllAccessors: .BootstrapSampleDelay
----------------- testing Tue May 29 01:23:04 UTC 2018 /home/travis/build/icyphy/ptII/ptolemy/domains/sdf/lib/test/auto/Chop.xml
----------------- Instantiating /home/travis/build/icyphy/ptII/ptolemy/domains/sdf/lib/test/auto/Chop.xml
13 ms. Memory: 208384K Free: 194527K (93%)
----------------- Invoking toplevel() on ptolemy.moml.MoMLSimpleApplication@3e982832
----------------- Done invoking toplevel() on ptolemy.moml.MoMLSimpleApplication@3e982832
reloadAllAccessors: .Chop
----------------- testing Tue May 29 01:23:04 UTC 2018 /home/travis/build/icyphy/ptII/ptolemy/domains/sdf/lib/test/auto/Chop2.xml
----------------- Instantiating /home/travis/build/icyphy/ptII/ptolemy/domains/sdf/lib/test/auto/Chop2.xml
12 ms. Memory: 208384K Free: 186183K (89%)
----------------- Invoking toplevel() on ptolemy.moml.MoMLSimpleApplication@7def6df0
----------------- Done invoking toplevel() on ptolemy.moml.MoMLSimpleApplication@7def6df0
reloadAllAccessors: .Chop2
----------------- testing Tue May 29 01:23:04 UTC 2018 /home/travis/build/icyphy/ptII/ptolemy/domains/sdf/lib/test/auto/ComplexJoin.xml
----------------- Instantiating /home/travis/build/icyphy/ptII/ptolemy/domains/sdf/lib/test/auto/ComplexJoin.xml
5 ms. Memory: 208384K Free: 181235K (87%)
----------------- Invoking toplevel() on ptolemy.moml.MoMLSimpleApplication@3217f6dc
----------------- Done invoking toplevel() on ptolemy.moml.MoMLSimpleApplication@3217f6dc
reloadAllAccessors: .ComplexJoin
----------------- testing Tue May 29 01:23:04 UTC 2018 /home/travis/build/icyphy/ptII/ptolemy/domains/sdf/lib/test/auto/CountTrues.xml
----------------- Instantiating /home/travis/build/icyphy/ptII/ptolemy/domains/sdf/lib/test/auto/CountTrues.xml
4 ms. Memory: 208384K Free: 178147K (85%)
----------------- Invoking toplevel() on ptolemy.moml.MoMLSimpleApplication@2d9825c
----------------- Done invoking toplevel() on ptolemy.moml.MoMLSimpleApplication@2d9825c
reloadAllAccessors: .CountTrues
----------------- testing Tue May 29 01:23:04 UTC 2018 /home/travis/build/icyphy/ptII/ptolemy/domains/sdf/lib/test/auto/DelayLine.xml
----------------- Instantiating /home/travis/build/icyphy/ptII/ptolemy/domains/sdf/lib/test/auto/DelayLine.xml
11 ms. Memory: 208384K Free: 172617K (83%)
----------------- Invoking toplevel() on ptolemy.moml.MoMLSimpleApplication@46deb830
----------------- Done invoking toplevel() on ptolemy.moml.MoMLSimpleApplication@46deb830
reloadAllAccessors: .DelayLine
----------------- testing Tue May 29 01:23:04 UTC 2018 /home/travis/build/icyphy/ptII/ptolemy/domains/sdf/lib/test/auto/DotProduct.xml
----------------- Instantiating /home/travis/build/icyphy/ptII/ptolemy/domains/sdf/lib/test/auto/DotProduct.xml
2 ms. Memory: 208384K Free: 167989K (81%)
----------------- Invoking toplevel() on ptolemy.moml.MoMLSimpleApplication@1857499
----------------- Done invoking toplevel() on ptolemy.moml.MoMLSimpleApplication@1857499
reloadAllAccessors: .DotProduct
----------------- testing Tue May 29 01:23:04 UTC 2018 /home/travis/build/icyphy/ptII/ptolemy/domains/sdf/lib/test/auto/DotProductMatrix.xml
----------------- Instantiating /home/travis/build/icyphy/ptII/ptolemy/domains/sdf/lib/test/auto/DotProductMatrix.xml
3 ms. Memory: 208384K Free: 164837K (79%)
----------------- Invoking toplevel() on ptolemy.moml.MoMLSimpleApplication@1ebbb3d5
----------------- Done invoking toplevel() on ptolemy.moml.MoMLSimpleApplication@1ebbb3d5
reloadAllAccessors: .DotProductMatrix
----------------- testing Tue May 29 01:23:04 UTC 2018 /home/travis/build/icyphy/ptII/ptolemy/domains/sdf/lib/test/auto/DownSample1.xml
----------------- Instantiating /home/travis/build/icyphy/ptII/ptolemy/domains/sdf/lib/test/auto/DownSample1.xml
5 ms. Memory: 208384K Free: 161134K (77%)
----------------- Invoking toplevel() on ptolemy.moml.MoMLSimpleApplication@2c207ca2
----------------- Done invoking toplevel() on ptolemy.moml.MoMLSimpleApplication@2c207ca2
reloadAllAccessors: .DownSample1
----------------- testing Tue May 29 01:23:04 UTC 2018 /home/travis/build/icyphy/ptII/ptolemy/domains/sdf/lib/test/auto/DynamicRateChange.xml
----------------- Instantiating /home/travis/build/icyphy/ptII/ptolemy/domains/sdf/lib/test/auto/DynamicRateChange.xml
14 ms. Memory: 208384K Free: 154990K (74%)
----------------- Invoking toplevel() on ptolemy.moml.MoMLSimpleApplication@68a3ea98
----------------- Done invoking toplevel() on ptolemy.moml.MoMLSimpleApplication@68a3ea98
reloadAllAccessors: .DynamicRateChange
----------------- testing Tue May 29 01:23:04 UTC 2018 /home/travis/build/icyphy/ptII/ptolemy/domains/sdf/lib/test/auto/DynamicRates.xml
----------------- Instantiating /home/travis/build/icyphy/ptII/ptolemy/domains/sdf/lib/test/auto/DynamicRates.xml
8 ms. Memory: 208384K Free: 147905K (71%)
----------------- Invoking toplevel() on ptolemy.moml.MoMLSimpleApplication@8323be9
----------------- Done invoking toplevel() on ptolemy.moml.MoMLSimpleApplication@8323be9
reloadAllAccessors: .DynamicRates
----------------- testing Tue May 29 01:23:04 UTC 2018 /home/travis/build/icyphy/ptII/ptolemy/domains/sdf/lib/test/auto/FFT1.xml
----------------- Instantiating /home/travis/build/icyphy/ptII/ptolemy/domains/sdf/lib/test/auto/FFT1.xml
9 ms. Memory: 208384K Free: 142894K (69%)
----------------- Invoking toplevel() on ptolemy.moml.MoMLSimpleApplication@4a4be658
----------------- Done invoking toplevel() on ptolemy.moml.MoMLSimpleApplication@4a4be658
reloadAllAccessors: .FFT1
----------------- testing Tue May 29 01:23:05 UTC 2018 /home/travis/build/icyphy/ptII/ptolemy/domains/sdf/lib/test/auto/FIR1.xml
----------------- Instantiating /home/travis/build/icyphy/ptII/ptolemy/domains/sdf/lib/test/auto/FIR1.xml
23 ms. Memory: 208384K Free: 134826K (65%)
----------------- Invoking toplevel() on ptolemy.moml.MoMLSimpleApplication@6bc2bebb
----------------- Done invoking toplevel() on ptolemy.moml.MoMLSimpleApplication@6bc2bebb
reloadAllAccessors: .FIR1
----------------- testing Tue May 29 01:23:05 UTC 2018 /home/travis/build/icyphy/ptII/ptolemy/domains/sdf/lib/test/auto/FIR2.xml
----------------- Instantiating /home/travis/build/icyphy/ptII/ptolemy/domains/sdf/lib/test/auto/FIR2.xml
4 ms. Memory: 208384K Free: 131124K (63%)
----------------- Invoking toplevel() on ptolemy.moml.MoMLSimpleApplication@165638cf
----------------- Done invoking toplevel() on ptolemy.moml.MoMLSimpleApplication@165638cf
reloadAllAccessors: .FIR2
----------------- testing Tue May 29 01:23:05 UTC 2018 /home/travis/build/icyphy/ptII/ptolemy/domains/sdf/lib/test/auto/FIR4.xml
----------------- Instantiating /home/travis/build/icyphy/ptII/ptolemy/domains/sdf/lib/test/auto/FIR4.xml
7 ms. Memory: 208384K Free: 120904K (58%)
----------------- Invoking toplevel() on ptolemy.moml.MoMLSimpleApplication@1782b618
----------------- Done invoking toplevel() on ptolemy.moml.MoMLSimpleApplication@1782b618
reloadAllAccessors: .FIR4
----------------- testing Tue May 29 01:23:05 UTC 2018 /home/travis/build/icyphy/ptII/ptolemy/domains/sdf/lib/test/auto/FixJoin.xml
----------------- Instantiating /home/travis/build/icyphy/ptII/ptolemy/domains/sdf/lib/test/auto/FixJoin.xml
4 ms. Memory: 208384K Free: 115940K (56%)
----------------- Invoking toplevel() on ptolemy.moml.MoMLSimpleApplication@533be99d
----------------- Done invoking toplevel() on ptolemy.moml.MoMLSimpleApplication@533be99d
reloadAllAccessors: .FixJoin
----------------- testing Tue May 29 01:23:05 UTC 2018 /home/travis/build/icyphy/ptII/ptolemy/domains/sdf/lib/test/auto/IntJoin1.xml
----------------- Instantiating /home/travis/build/icyphy/ptII/ptolemy/domains/sdf/lib/test/auto/IntJoin1.xml
3 ms. Memory: 208384K Free: 111559K (54%)
----------------- Invoking toplevel() on ptolemy.moml.MoMLSimpleApplication@3ee0931f
----------------- Done invoking toplevel() on ptolemy.moml.MoMLSimpleApplication@3ee0931f
reloadAllAccessors: .IntJoin1
----------------- testing Tue May 29 01:23:05 UTC 2018 /home/travis/build/icyphy/ptII/ptolemy/domains/sdf/lib/test/auto/IntJoin2.xml
----------------- Instantiating /home/travis/build/icyphy/ptII/ptolemy/domains/sdf/lib/test/auto/IntJoin2.xml
5 ms. Memory: 208384K Free: 106628K (51%)
----------------- Invoking toplevel() on ptolemy.moml.MoMLSimpleApplication@12ec4c23
----------------- Done invoking toplevel() on ptolemy.moml.MoMLSimpleApplication@12ec4c23
reloadAllAccessors: .IntJoin2
----------------- testing Tue May 29 01:23:05 UTC 2018 /home/travis/build/icyphy/ptII/ptolemy/domains/sdf/lib/test/auto/IntJoin3.xml
----------------- Instantiating /home/travis/build/icyphy/ptII/ptolemy/domains/sdf/lib/test/auto/IntJoin3.xml
3 ms. Memory: 208384K Free: 100166K (48%)
----------------- Invoking toplevel() on ptolemy.moml.MoMLSimpleApplication@2ad5112e
----------------- Done invoking toplevel() on ptolemy.moml.MoMLSimpleApplication@2ad5112e
reloadAllAccessors: .IntJoin3
----------------- testing Tue May 29 01:23:05 UTC 2018 /home/travis/build/icyphy/ptII/ptolemy/domains/sdf/lib/test/auto/IntJoin4.xml
----------------- Instantiating /home/travis/build/icyphy/ptII/ptolemy/domains/sdf/lib/test/auto/IntJoin4.xml
3 ms. Memory: 208384K Free: 95833K (46%)
----------------- Invoking toplevel() on ptolemy.moml.MoMLSimpleApplication@5a45349f
----------------- Done invoking toplevel() on ptolemy.moml.MoMLSimpleApplication@5a45349f
reloadAllAccessors: .IntJoin4
----------------- testing Tue May 29 01:23:05 UTC 2018 /home/travis/build/icyphy/ptII/ptolemy/domains/sdf/lib/test/auto/IntJoin5.xml
----------------- Instantiating /home/travis/build/icyphy/ptII/ptolemy/domains/sdf/lib/test/auto/IntJoin5.xml
2 ms. Memory: 208384K Free: 91492K (44%)
----------------- Invoking toplevel() on ptolemy.moml.MoMLSimpleApplication@59bf2321
----------------- Done invoking toplevel() on ptolemy.moml.MoMLSimpleApplication@59bf2321
reloadAllAccessors: .IntJoin5
----------------- testing Tue May 29 01:23:05 UTC 2018 /home/travis/build/icyphy/ptII/ptolemy/domains/sdf/lib/test/auto/IntToBits.xml
----------------- Instantiating /home/travis/build/icyphy/ptII/ptolemy/domains/sdf/lib/test/auto/IntToBits.xml
2 ms. Memory: 208384K Free: 88388K (42%)
----------------- Invoking toplevel() on ptolemy.moml.MoMLSimpleApplication@54ebf430
----------------- Done invoking toplevel() on ptolemy.moml.MoMLSimpleApplication@54ebf430
reloadAllAccessors: .IntToBits
----------------- testing Tue May 29 01:23:05 UTC 2018 /home/travis/build/icyphy/ptII/ptolemy/domains/sdf/lib/test/auto/LMSAdaptive.xml
----------------- Instantiating /home/travis/build/icyphy/ptII/ptolemy/domains/sdf/lib/test/auto/LMSAdaptive.xml
6 ms. Memory: 208384K Free: 78168K (38%)
----------------- Invoking toplevel() on ptolemy.moml.MoMLSimpleApplication@3fc8d7fb
----------------- Done invoking toplevel() on ptolemy.moml.MoMLSimpleApplication@3fc8d7fb
reloadAllAccessors: .LMSAdaptive
----------------- testing Tue May 29 01:23:05 UTC 2018 /home/travis/build/icyphy/ptII/ptolemy/domains/sdf/lib/test/auto/LMSAdaptiveFIR.xml
----------------- Instantiating /home/travis/build/icyphy/ptII/ptolemy/domains/sdf/lib/test/auto/LMSAdaptiveFIR.xml
238 ms. Memory: 208384K Free: 161633K (78%)
----------------- Invoking toplevel() on ptolemy.moml.MoMLSimpleApplication@5a30af7a
----------------- Done invoking toplevel() on ptolemy.moml.MoMLSimpleApplication@5a30af7a
reloadAllAccessors: .LMSAdaptiveFIR
----------------- testing Tue May 29 01:23:05 UTC 2018 /home/travis/build/icyphy/ptII/ptolemy/domains/sdf/lib/test/auto/LMSAdaptiveFIR2.xml
----------------- Instantiating /home/travis/build/icyphy/ptII/ptolemy/domains/sdf/lib/test/auto/LMSAdaptiveFIR2.xml
337 ms. Memory: 208384K Free: 100078K (48%)
----------------- Invoking toplevel() on ptolemy.moml.MoMLSimpleApplication@54633ed5
----------------- Done invoking toplevel() on ptolemy.moml.MoMLSimpleApplication@54633ed5
reloadAllAccessors: .LMSAdaptiveFIR2
----------------- testing Tue May 29 01:23:06 UTC 2018 /home/travis/build/icyphy/ptII/ptolemy/domains/sdf/lib/test/auto/LongJoin.xml
----------------- Instantiating /home/travis/build/icyphy/ptII/ptolemy/domains/sdf/lib/test/auto/LongJoin.xml
6 ms. Memory: 208384K Free: 95130K (46%)
----------------- Invoking toplevel() on ptolemy.moml.MoMLSimpleApplication@4af02d9
----------------- Done invoking toplevel() on ptolemy.moml.MoMLSimpleApplication@4af02d9
reloadAllAccessors: .LongJoin
----------------- testing Tue May 29 01:23:06 UTC 2018 /home/travis/build/icyphy/ptII/ptolemy/domains/sdf/lib/test/auto/Matrix1.xml
----------------- Instantiating /home/travis/build/icyphy/ptII/ptolemy/domains/sdf/lib/test/auto/Matrix1.xml
11 ms. Memory: 208384K Free: 89711K (43%)
----------------- Invoking toplevel() on ptolemy.moml.MoMLSimpleApplication@7a43b875
----------------- Done invoking toplevel() on ptolemy.moml.MoMLSimpleApplication@7a43b875
reloadAllAccessors: .Matrix1
----------------- testing Tue May 29 01:23:06 UTC 2018 /home/travis/build/icyphy/ptII/ptolemy/domains/sdf/lib/test/auto/Matrix2.xml
----------------- Instantiating /home/travis/build/icyphy/ptII/ptolemy/domains/sdf/lib/test/auto/Matrix2.xml
3 ms. Memory: 208384K Free: 85394K (41%)
----------------- Invoking toplevel() on ptolemy.moml.MoMLSimpleApplication@3974ef18
----------------- Done invoking toplevel() on ptolemy.moml.MoMLSimpleApplication@3974ef18
reloadAllAccessors: .Matrix2
----------------- testing Tue May 29 01:23:06 UTC 2018 /home/travis/build/icyphy/ptII/ptolemy/domains/sdf/lib/test/auto/MatrixJoin1.xml
----------------- Instantiating /home/travis/build/icyphy/ptII/ptolemy/domains/sdf/lib/test/auto/MatrixJoin1.xml
5 ms. Memory: 208384K Free: 81045K (39%)
----------------- Invoking toplevel() on ptolemy.moml.MoMLSimpleApplication@edd03f3
----------------- Done invoking toplevel() on ptolemy.moml.MoMLSimpleApplication@edd03f3
reloadAllAccessors: .MatrixJoin1
----------------- testing Tue May 29 01:23:06 UTC 2018 /home/travis/build/icyphy/ptII/ptolemy/domains/sdf/lib/test/auto/MatrixJoin2.xml
----------------- Instantiating /home/travis/build/icyphy/ptII/ptolemy/domains/sdf/lib/test/auto/MatrixJoin2.xml
7 ms. Memory: 332800K Free: 321701K (97%)
----------------- Invoking toplevel() on ptolemy.moml.MoMLSimpleApplication@1203ac10
----------------- Done invoking toplevel() on ptolemy.moml.MoMLSimpleApplication@1203ac10
reloadAllAccessors: .MatrixJoin2
----------------- testing Tue May 29 01:23:06 UTC 2018 /home/travis/build/icyphy/ptII/ptolemy/domains/sdf/lib/test/auto/MatrixJoin3.xml
----------------- Instantiating /home/travis/build/icyphy/ptII/ptolemy/domains/sdf/lib/test/auto/MatrixJoin3.xml
8 ms. Memory: 332800K Free: 315078K (95%)
----------------- Invoking toplevel() on ptolemy.moml.MoMLSimpleApplication@b92253e
----------------- Done invoking toplevel() on ptolemy.moml.MoMLSimpleApplication@b92253e
reloadAllAccessors: .MatrixJoin3
----------------- testing Tue May 29 01:23:06 UTC 2018 /home/travis/build/icyphy/ptII/ptolemy/domains/sdf/lib/test/auto/MatrixJoin4.xml
----------------- Instantiating /home/travis/build/icyphy/ptII/ptolemy/domains/sdf/lib/test/auto/MatrixJoin4.xml
3 ms. Memory: 332800K Free: 308918K (93%)
----------------- Invoking toplevel() on ptolemy.moml.MoMLSimpleApplication@4d4d830
----------------- Done invoking toplevel() on ptolemy.moml.MoMLSimpleApplication@4d4d830
reloadAllAccessors: .MatrixJoin4
----------------- testing Tue May 29 01:23:06 UTC 2018 /home/travis/build/icyphy/ptII/ptolemy/domains/sdf/lib/test/auto/MatrixJoin5.xml
----------------- Instantiating /home/travis/build/icyphy/ptII/ptolemy/domains/sdf/lib/test/auto/MatrixJoin5.xml
2 ms. Memory: 332800K Free: 303986K (91%)
----------------- Invoking toplevel() on ptolemy.moml.MoMLSimpleApplication@66be3df3
----------------- Done invoking toplevel() on ptolemy.moml.MoMLSimpleApplication@66be3df3
reloadAllAccessors: .MatrixJoin5
----------------- testing Tue May 29 01:23:06 UTC 2018 /home/travis/build/icyphy/ptII/ptolemy/domains/sdf/lib/test/auto/MatrixSplit1.xml
----------------- Instantiating /home/travis/build/icyphy/ptII/ptolemy/domains/sdf/lib/test/auto/MatrixSplit1.xml
4 ms. Memory: 332800K Free: 296435K (89%)
----------------- Invoking toplevel() on ptolemy.moml.MoMLSimpleApplication@12044555
----------------- Done invoking toplevel() on ptolemy.moml.MoMLSimpleApplication@12044555
reloadAllAccessors: .MatrixSplit1
----------------- testing Tue May 29 01:23:06 UTC 2018 /home/travis/build/icyphy/ptII/ptolemy/domains/sdf/lib/test/auto/MatrixSplit10.xml
----------------- Instantiating /home/travis/build/icyphy/ptII/ptolemy/domains/sdf/lib/test/auto/MatrixSplit10.xml
2 ms. Memory: 332800K Free: 291520K (88%)
----------------- Invoking toplevel() on ptolemy.moml.MoMLSimpleApplication@3428684e
----------------- Done invoking toplevel() on ptolemy.moml.MoMLSimpleApplication@3428684e
reloadAllAccessors: .MatrixSplit10
----------------- testing Tue May 29 01:23:06 UTC 2018 /home/travis/build/icyphy/ptII/ptolemy/domains/sdf/lib/test/auto/MatrixSplit11.xml
----------------- Instantiating /home/travis/build/icyphy/ptII/ptolemy/domains/sdf/lib/test/auto/MatrixSplit11.xml
2 ms. Memory: 332800K Free: 286605K (86%)
----------------- Invoking toplevel() on ptolemy.moml.MoMLSimpleApplication@3001a839
----------------- Done invoking toplevel() on ptolemy.moml.MoMLSimpleApplication@3001a839
reloadAllAccessors: .MatrixSplit11
----------------- testing Tue May 29 01:23:06 UTC 2018 /home/travis/build/icyphy/ptII/ptolemy/domains/sdf/lib/test/auto/MatrixSplit12.xml
----------------- Instantiating /home/travis/build/icyphy/ptII/ptolemy/domains/sdf/lib/test/auto/MatrixSplit12.xml
2 ms. Memory: 332800K Free: 281690K (85%)
----------------- Invoking toplevel() on ptolemy.moml.MoMLSimpleApplication@18ae0711
----------------- Done invoking toplevel() on ptolemy.moml.MoMLSimpleApplication@18ae0711
reloadAllAccessors: .MatrixSplit12
----------------- testing Tue May 29 01:23:06 UTC 2018 /home/travis/build/icyphy/ptII/ptolemy/domains/sdf/lib/test/auto/MatrixSplit13.xml
----------------- Instantiating /home/travis/build/icyphy/ptII/ptolemy/domains/sdf/lib/test/auto/MatrixSplit13.xml
4 ms. Memory: 332800K Free: 275368K (83%)
----------------- Invoking toplevel() on ptolemy.moml.MoMLSimpleApplication@4654653e
----------------- Done invoking toplevel() on ptolemy.moml.MoMLSimpleApplication@4654653e
reloadAllAccessors: .MatrixSplit13
----------------- testing Tue May 29 01:23:06 UTC 2018 /home/travis/build/icyphy/ptII/ptolemy/domains/sdf/lib/test/auto/MatrixSplit14.xml
----------------- Instantiating /home/travis/build/icyphy/ptII/ptolemy/domains/sdf/lib/test/auto/MatrixSplit14.xml
2 ms. Memory: 332800K Free: 270452K (81%)
----------------- Invoking toplevel() on ptolemy.moml.MoMLSimpleApplication@6c281cae
----------------- Done invoking toplevel() on ptolemy.moml.MoMLSimpleApplication@6c281cae
reloadAllAccessors: .MatrixSplit14
----------------- testing Tue May 29 01:23:06 UTC 2018 /home/travis/build/icyphy/ptII/ptolemy/domains/sdf/lib/test/auto/MatrixSplit2.xml
----------------- Instantiating /home/travis/build/icyphy/ptII/ptolemy/domains/sdf/lib/test/auto/MatrixSplit2.xml
4 ms. Memory: 332800K Free: 265537K (80%)
----------------- Invoking toplevel() on ptolemy.moml.MoMLSimpleApplication@5fdd8043
----------------- Done invoking toplevel() on ptolemy.moml.MoMLSimpleApplication@5fdd8043
reloadAllAccessors: .MatrixSplit2
----------------- testing Tue May 29 01:23:06 UTC 2018 /home/travis/build/icyphy/ptII/ptolemy/domains/sdf/lib/test/auto/MatrixSplit3.xml
----------------- Instantiating /home/travis/build/icyphy/ptII/ptolemy/domains/sdf/lib/test/auto/MatrixSplit3.xml
1 ms. Memory: 332800K Free: 259215K (78%)
----------------- Invoking toplevel() on ptolemy.moml.MoMLSimpleApplication@4820cdde
----------------- Done invoking toplevel() on ptolemy.moml.MoMLSimpleApplication@4820cdde
reloadAllAccessors: .MatrixSplit3
----------------- testing Tue May 29 01:23:06 UTC 2018 /home/travis/build/icyphy/ptII/ptolemy/domains/sdf/lib/test/auto/MatrixSplit4.xml
----------------- Instantiating /home/travis/build/icyphy/ptII/ptolemy/domains/sdf/lib/test/auto/MatrixSplit4.xml
3 ms. Memory: 332800K Free: 254300K (76%)
----------------- Invoking toplevel() on ptolemy.moml.MoMLSimpleApplication@458e8de0
----------------- Done invoking toplevel() on ptolemy.moml.MoMLSimpleApplication@458e8de0
reloadAllAccessors: .MatrixSplit4
----------------- testing Tue May 29 01:23:06 UTC 2018 /home/travis/build/icyphy/ptII/ptolemy/domains/sdf/lib/test/auto/MatrixSplit5.xml
----------------- Instantiating /home/travis/build/icyphy/ptII/ptolemy/domains/sdf/lib/test/auto/MatrixSplit5.xml
2 ms. Memory: 332800K Free: 249385K (75%)
----------------- Invoking toplevel() on ptolemy.moml.MoMLSimpleApplication@36545e70
----------------- Done invoking toplevel() on ptolemy.moml.MoMLSimpleApplication@36545e70
reloadAllAccessors: .MatrixSplit5
----------------- testing Tue May 29 01:23:06 UTC 2018 /home/travis/build/icyphy/ptII/ptolemy/domains/sdf/lib/test/auto/MatrixSplit6.xml
----------------- Instantiating /home/travis/build/icyphy/ptII/ptolemy/domains/sdf/lib/test/auto/MatrixSplit6.xml
1 ms. Memory: 332800K Free: 243063K (73%)
----------------- Invoking toplevel() on ptolemy.moml.MoMLSimpleApplication@79c3a523
----------------- Done invoking toplevel() on ptolemy.moml.MoMLSimpleApplication@79c3a523
reloadAllAccessors: .MatrixSplit6
----------------- testing Tue May 29 01:23:06 UTC 2018 /home/travis/build/icyphy/ptII/ptolemy/domains/sdf/lib/test/auto/MatrixSplit7.xml
----------------- Instantiating /home/travis/build/icyphy/ptII/ptolemy/domains/sdf/lib/test/auto/MatrixSplit7.xml
1 ms. Memory: 332800K Free: 238147K (72%)
----------------- Invoking toplevel() on ptolemy.moml.MoMLSimpleApplication@42a2f45f
----------------- Done invoking toplevel() on ptolemy.moml.MoMLSimpleApplication@42a2f45f
reloadAllAccessors: .MatrixSplit7
----------------- testing Tue May 29 01:23:06 UTC 2018 /home/travis/build/icyphy/ptII/ptolemy/domains/sdf/lib/test/auto/MatrixSplit8.xml
----------------- Instantiating /home/travis/build/icyphy/ptII/ptolemy/domains/sdf/lib/test/auto/MatrixSplit8.xml
2 ms. Memory: 332800K Free: 233232K (70%)
----------------- Invoking toplevel() on ptolemy.moml.MoMLSimpleApplication@4cb9b479
----------------- Done invoking toplevel() on ptolemy.moml.MoMLSimpleApplication@4cb9b479
reloadAllAccessors: .MatrixSplit8
----------------- testing Tue May 29 01:23:06 UTC 2018 /home/travis/build/icyphy/ptII/ptolemy/domains/sdf/lib/test/auto/MatrixSplit9.xml
----------------- Instantiating /home/travis/build/icyphy/ptII/ptolemy/domains/sdf/lib/test/auto/MatrixSplit9.xml
2 ms. Memory: 332800K Free: 228317K (69%)
----------------- Invoking toplevel() on ptolemy.moml.MoMLSimpleApplication@2bfc9f19
----------------- Done invoking toplevel() on ptolemy.moml.MoMLSimpleApplication@2bfc9f19
reloadAllAccessors: .MatrixSplit9
----------------- testing Tue May 29 01:23:06 UTC 2018 /home/travis/build/icyphy/ptII/ptolemy/domains/sdf/lib/test/auto/MatrixToSequence.xml
----------------- Instantiating /home/travis/build/icyphy/ptII/ptolemy/domains/sdf/lib/test/auto/MatrixToSequence.xml
5 ms. Memory: 332800K Free: 217079K (65%)
----------------- Invoking toplevel() on ptolemy.moml.MoMLSimpleApplication@348272c7
----------------- Done invoking toplevel() on ptolemy.moml.MoMLSimpleApplication@348272c7
reloadAllAccessors: .MatrixToSequence
----------------- testing Tue May 29 01:23:06 UTC 2018 /home/travis/build/icyphy/ptII/ptolemy/domains/sdf/lib/test/auto/MaximumEntropySpectrum.xml
----------------- Instantiating /home/travis/build/icyphy/ptII/ptolemy/domains/sdf/lib/test/auto/MaximumEntropySpectrum.xml
12 ms. Memory: 332800K Free: 193711K (58%)
----------------- Invoking toplevel() on ptolemy.moml.MoMLSimpleApplication@437437f1
----------------- Done invoking toplevel() on ptolemy.moml.MoMLSimpleApplication@437437f1
reloadAllAccessors: .MaximumEntropySpectrum
----------------- testing Tue May 29 01:23:06 UTC 2018 /home/travis/build/icyphy/ptII/ptolemy/domains/sdf/lib/test/auto/SampleDelayConversion.xml
----------------- Instantiating /home/travis/build/icyphy/ptII/ptolemy/domains/sdf/lib/test/auto/SampleDelayConversion.xml
2 ms. Memory: 332800K Free: 188796K (57%)
----------------- Invoking toplevel() on ptolemy.moml.MoMLSimpleApplication@6cd7f71b
----------------- Done invoking toplevel() on ptolemy.moml.MoMLSimpleApplication@6cd7f71b
reloadAllAccessors: .SampleDelayConversion
----------------- testing Tue May 29 01:23:06 UTC 2018 /home/travis/build/icyphy/ptII/ptolemy/domains/sdf/lib/test/auto/SequenceToArray.xml
----------------- Instantiating /home/travis/build/icyphy/ptII/ptolemy/domains/sdf/lib/test/auto/SequenceToArray.xml
11 ms. Memory: 332800K Free: 173873K (52%)
----------------- Invoking toplevel() on ptolemy.moml.MoMLSimpleApplication@289e12ef
----------------- Done invoking toplevel() on ptolemy.moml.MoMLSimpleApplication@289e12ef
reloadAllAccessors: .SequenceToArray
----------------- testing Tue May 29 01:23:06 UTC 2018 /home/travis/build/icyphy/ptII/ptolemy/domains/sdf/lib/test/auto/SequenceToMatrix.xml
----------------- Instantiating /home/travis/build/icyphy/ptII/ptolemy/domains/sdf/lib/test/auto/SequenceToMatrix.xml
3594 ms. Memory: 579072K Free: 565764K (98%)
----------------- Invoking toplevel() on ptolemy.moml.MoMLSimpleApplication@563906ad
----------------- Done invoking toplevel() on ptolemy.moml.MoMLSimpleApplication@563906ad
reloadAllAccessors: .SequenceToMatrix
----------------- testing Tue May 29 01:23:10 UTC 2018 /home/travis/build/icyphy/ptII/ptolemy/domains/sdf/lib/test/auto/SmoothedPeriodogram.xml
----------------- Instantiating /home/travis/build/icyphy/ptII/ptolemy/domains/sdf/lib/test/auto/SmoothedPeriodogram.xml
10 ms. Memory: 579072K Free: 542430K (94%)
----------------- Invoking toplevel() on ptolemy.moml.MoMLSimpleApplication@143747ed
----------------- Done invoking toplevel() on ptolemy.moml.MoMLSimpleApplication@143747ed
reloadAllAccessors: .SmoothedPeriodogram
----------------- testing Tue May 29 01:23:10 UTC 2018 /home/travis/build/icyphy/ptII/ptolemy/domains/sdf/lib/test/auto/UpDownSample1.xml
----------------- Instantiating /home/travis/build/icyphy/ptII/ptolemy/domains/sdf/lib/test/auto/UpDownSample1.xml
4 ms. Memory: 579072K Free: 535883K (93%)
----------------- Invoking toplevel() on ptolemy.moml.MoMLSimpleApplication@4c9fc4c5
----------------- Done invoking toplevel() on ptolemy.moml.MoMLSimpleApplication@4c9fc4c5
reloadAllAccessors: .UpDownSample1
----------------- testing Tue May 29 01:23:10 UTC 2018 /home/travis/build/icyphy/ptII/ptolemy/domains/sdf/lib/test/auto/UpSample1.xml
----------------- Instantiating /home/travis/build/icyphy/ptII/ptolemy/domains/sdf/lib/test/auto/UpSample1.xml
2 ms. Memory: 579072K Free: 529336K (91%)
----------------- Invoking toplevel() on ptolemy.moml.MoMLSimpleApplication@7b4ce15a
----------------- Done invoking toplevel() on ptolemy.moml.MoMLSimpleApplication@7b4ce15a
reloadAllAccessors: .UpSample1
----------------- testing Tue May 29 01:23:10 UTC 2018 /home/travis/build/icyphy/ptII/ptolemy/domains/sdf/lib/test/auto/VariableFIR.xml
----------------- Instantiating /home/travis/build/icyphy/ptII/ptolemy/domains/sdf/lib/test/auto/VariableFIR.xml
13 ms. Memory: 579072K Free: 519516K (90%)
----------------- Invoking toplevel() on ptolemy.moml.MoMLSimpleApplication@2ceab691
----------------- Done invoking toplevel() on ptolemy.moml.MoMLSimpleApplication@2ceab691
reloadAllAccessors: .VariableFIR
----------------- testing Tue May 29 01:23:10 UTC 2018 /home/travis/build/icyphy/ptII/ptolemy/domains/sdf/lib/test/auto/VariableFIR2.xml
----------------- Instantiating /home/travis/build/icyphy/ptII/ptolemy/domains/sdf/lib/test/auto/VariableFIR2.xml
3 ms. Memory: 579072K Free: 507748K (88%)
----------------- Invoking toplevel() on ptolemy.moml.MoMLSimpleApplication@815778
----------------- Done invoking toplevel() on ptolemy.moml.MoMLSimpleApplication@815778
reloadAllAccessors: .VariableFIR2
----------------- testing Tue May 29 01:23:10 UTC 2018 /home/travis/build/icyphy/ptII/ptolemy/domains/sdf/lib/test/auto/VariableLattice.xml
----------------- Instantiating /home/travis/build/icyphy/ptII/ptolemy/domains/sdf/lib/test/auto/VariableLattice.xml
4 ms. Memory: 579072K Free: 497927K (86%)
----------------- Invoking toplevel() on ptolemy.moml.MoMLSimpleApplication@216cf577
----------------- Done invoking toplevel() on ptolemy.moml.MoMLSimpleApplication@216cf577
reloadAllAccessors: .VariableLattice
----------------- testing Tue May 29 01:23:10 UTC 2018 /home/travis/build/icyphy/ptII/ptolemy/domains/sdf/lib/test/auto/VariableLattice2.xml
----------------- Instantiating /home/travis/build/icyphy/ptII/ptolemy/domains/sdf/lib/test/auto/VariableLattice2.xml
1.0
-1.999999602036
1.9099998677481
-0.9099996420674
0.205
0.0
0.0
1.0
-0.25
-0.5
0.0
0.0
0.0
0.0
4 ms. Memory: 579072K Free: 488107K (84%)
----------------- Invoking toplevel() on ptolemy.moml.MoMLSimpleApplication@52ff8427
----------------- Done invoking toplevel() on ptolemy.moml.MoMLSimpleApplication@52ff8427
reloadAllAccessors: .VariableLattice2
----------------- testing Tue May 29 01:23:10 UTC 2018 /home/travis/build/icyphy/ptII/ptolemy/domains/sdf/lib/test/auto/VariableRecursiveLattice.xml
----------------- Instantiating /home/travis/build/icyphy/ptII/ptolemy/domains/sdf/lib/test/auto/VariableRecursiveLattice.xml
2 ms. Memory: 579072K Free: 478287K (83%)
----------------- Invoking toplevel() on ptolemy.moml.MoMLSimpleApplication@4a93c516
----------------- Done invoking toplevel() on ptolemy.moml.MoMLSimpleApplication@4a93c516
reloadAllAccessors: .VariableRecursiveLattice
----------------- testing Tue May 29 01:23:10 UTC 2018 /home/travis/build/icyphy/ptII/ptolemy/domains/sdf/lib/test/auto/VariableRecursiveLattice2.xml
----------------- Instantiating /home/travis/build/icyphy/ptII/ptolemy/domains/sdf/lib/test/auto/VariableRecursiveLattice2.xml
6 ms. Memory: 579072K Free: 471740K (81%)
----------------- Invoking toplevel() on ptolemy.moml.MoMLSimpleApplication@6a4db875
----------------- Done invoking toplevel() on ptolemy.moml.MoMLSimpleApplication@6a4db875
reloadAllAccessors: .VariableRecursiveLattice2
AutoTests.java: About to close Vertx.
AutoTests.java: Vertx closed.
]]></system-out>
  <system-err><![CDATA[]]></system-err>
</testsuite>
