<?xml version="1.0" encoding="UTF-8" ?>
<testsuite errors="0" failures="0" hostname="travis-job-2c790269-73c9-457c-a3fd-d63bb00fed8c" name="ptolemy.domains.pn.test.junit.JUnitTclTest" skipped="0" tests="43" time="7.502" timestamp="2018-05-15T01:08:23">
  <properties>
[...]
</properties>
  <testcase classname="ptolemy.util.test.junit.TclTests" name="[0] /home/travis/build/icyphy/ptII/ptolemy/domains/pn/test/PNDirector.tcl (RunTclFile)" time="0.505" />
  <testcase classname="ptolemy.util.test.junit.TclTests" name="[1] /home/travis/build/icyphy/ptII/ptolemy/domains/pn/test/TimedPNDirector.tcl (RunTclFile)" time="0.013" />
  <testcase classname="ptolemy.util.test.junit.AutoKnownFailedTests" name="[0] ThereAreNoKnowFailedTests (RunModel)" time="0.0" />
  <testcase classname="ptolemy.util.test.junit.AutoNameArchTests" name="[0] ThereAreNoAutoTests (RunModel)" time="0.0" />
  <testcase classname="ptolemy.util.test.junit.AutoTests" name="[0] /home/travis/build/icyphy/ptII/ptolemy/domains/pn/test/auto/Branching-switch-PN-ptolemy-2.xml (RunModel)" time="0.128" />
  <testcase classname="ptolemy.util.test.junit.AutoTests" name="[1] /home/travis/build/icyphy/ptII/ptolemy/domains/pn/test/auto/Branching-switch-PN-ptolemy.xml (RunModel)" time="0.104" />
  <testcase classname="ptolemy.util.test.junit.AutoTests" name="[2] /home/travis/build/icyphy/ptII/ptolemy/domains/pn/test/auto/BrockAckermanTest.xml (RunModel)" time="0.377" />
  <testcase classname="ptolemy.util.test.junit.AutoTests" name="[3] /home/travis/build/icyphy/ptII/ptolemy/domains/pn/test/auto/CounterMachine.xml (RunModel)" time="1.735" />
  <testcase classname="ptolemy.util.test.junit.AutoTests" name="[4] /home/travis/build/icyphy/ptII/ptolemy/domains/pn/test/auto/CounterMachine1.xml (RunModel)" time="1.642" />
  <testcase classname="ptolemy.util.test.junit.AutoTests" name="[5] /home/travis/build/icyphy/ptII/ptolemy/domains/pn/test/auto/CounterMachineWithException.xml (RunModel)" time="0.872" />
  <testcase classname="ptolemy.util.test.junit.AutoTests" name="[6] /home/travis/build/icyphy/ptII/ptolemy/domains/pn/test/auto/FinalState.xml (RunModel)" time="0.079" />
  <testcase classname="ptolemy.util.test.junit.AutoTests" name="[7] /home/travis/build/icyphy/ptII/ptolemy/domains/pn/test/auto/FourExpressions.xml (RunModel)" time="0.059" />
  <testcase classname="ptolemy.util.test.junit.AutoTests" name="[8] /home/travis/build/icyphy/ptII/ptolemy/domains/pn/test/auto/Identity.xml (RunModel)" time="0.065" />
  <testcase classname="ptolemy.util.test.junit.AutoTests" name="[9] /home/travis/build/icyphy/ptII/ptolemy/domains/pn/test/auto/IdentityWithFeedback.xml (RunModel)" time="0.045" />
  <testcase classname="ptolemy.util.test.junit.AutoTests" name="[10] /home/travis/build/icyphy/ptII/ptolemy/domains/pn/test/auto/NondeterministicMergeTest.xml (RunModel)" time="0.074" />
  <testcase classname="ptolemy.util.test.junit.AutoTests" name="[11] /home/travis/build/icyphy/ptII/ptolemy/domains/pn/test/auto/OrderedMerge.xml (RunModel)" time="0.174" />
  <testcase classname="ptolemy.util.test.junit.AutoTests" name="[12] /home/travis/build/icyphy/ptII/ptolemy/domains/pn/test/auto/PNAbstractReceiverTest.xml (RunModel)" time="0.031" />
  <testcase classname="ptolemy.util.test.junit.AutoTests" name="[13] /home/travis/build/icyphy/ptII/ptolemy/domains/pn/test/auto/QR.xml (RunModel)" time="0.079" />
  <testcase classname="ptolemy.util.test.junit.AutoTests" name="[14] /home/travis/build/icyphy/ptII/ptolemy/domains/pn/test/auto/RemoveNilTokens.xml (RunModel)" time="0.063" />
  <testcase classname="ptolemy.util.test.junit.AutoTests" name="[15] /home/travis/build/icyphy/ptII/ptolemy/domains/pn/test/auto/Stack.xml (RunModel)" time="0.147" />
  <testcase classname="ptolemy.util.test.junit.AutoTests" name="[16] /home/travis/build/icyphy/ptII/ptolemy/domains/pn/test/auto/TestRemoveNilTokens.xml (RunModel)" time="0.036" />
  <testcase classname="ptolemy.util.test.junit.AutoTests" name="[17] /home/travis/build/icyphy/ptII/ptolemy/domains/pn/test/auto/TestSeq2Array.xml (RunModel)" time="0.041" />
  <testcase classname="ptolemy.util.test.junit.AutoTests" name="[18] /home/travis/build/icyphy/ptII/ptolemy/domains/pn/test/auto/TrivialIdentity.xml (RunModel)" time="0.031" />
  <testcase classname="ptolemy.util.test.junit.AutoTests" name="[19] /home/travis/build/icyphy/ptII/ptolemy/domains/pn/test/auto/WidthInferenceTest1.xml (RunModel)" time="0.049" />
  <testcase classname="ptolemy.util.test.junit.AutoTests" name="[20] /home/travis/build/icyphy/ptII/ptolemy/domains/pn/test/auto/WidthInferenceTest2.xml (RunModel)" time="0.049" />
  <testcase classname="ptolemy.util.test.junit.AutoTests" name="[21] /home/travis/build/icyphy/ptII/ptolemy/domains/pn/test/auto/WidthInferenceTest3.xml (RunModel)" time="0.063" />
  <testcase classname="ptolemy.util.test.junit.AutoTests" name="[22] /home/travis/build/icyphy/ptII/ptolemy/domains/pn/test/auto/WidthInferenceTest4.xml (RunModel)" time="0.076" />
  <testcase classname="ptolemy.util.test.junit.AutoTests" name="[23] /home/travis/build/icyphy/ptII/ptolemy/domains/pn/test/auto/WidthInferenceTest5.xml (RunModel)" time="0.076" />
  <testcase classname="ptolemy.util.test.junit.AutoTests" name="[24] /home/travis/build/icyphy/ptII/ptolemy/domains/pn/test/auto/controlled_kahnnet.xml (RunModel)" time="0.071" />
  <testcase classname="ptolemy.util.test.junit.AutoTests" name="[25] /home/travis/build/icyphy/ptII/ptolemy/domains/pn/test/auto/demandDriven.xml (RunModel)" time="0.026" />
  <testcase classname="ptolemy.util.test.junit.AutoTests" name="[26] /home/travis/build/icyphy/ptII/ptolemy/domains/pn/test/auto/feedback.xml (RunModel)" time="0.029" />
  <testcase classname="ptolemy.util.test.junit.AutoTests" name="[27] /home/travis/build/icyphy/ptII/ptolemy/domains/pn/test/auto/helloWorld.xml (RunModel)" time="0.016" />
  <testcase classname="ptolemy.util.test.junit.AutoTests" name="[28] /home/travis/build/icyphy/ptII/ptolemy/domains/pn/test/auto/helloWorld2.xml (RunModel)" time="0.03" />
  <testcase classname="ptolemy.util.test.junit.AutoTests" name="[29] /home/travis/build/icyphy/ptII/ptolemy/domains/pn/test/auto/noOutput.xml (RunModel)" time="0.077" />
  <testcase classname="ptolemy.util.test.junit.AutoTests" name="[30] /home/travis/build/icyphy/ptII/ptolemy/domains/pn/test/auto/relationGroup.xml (RunModel)" time="0.017" />
  <testcase classname="ptolemy.util.test.junit.AutoTests" name="[31] /home/travis/build/icyphy/ptII/ptolemy/domains/pn/test/auto/relationGroup2.xml (RunModel)" time="0.025" />
  <testcase classname="ptolemy.util.test.junit.AutoTests" name="[32] /home/travis/build/icyphy/ptII/ptolemy/domains/pn/test/auto/relationGroup3.xml (RunModel)" time="0.009" />
  <testcase classname="ptolemy.util.test.junit.AutoTests" name="[33] /home/travis/build/icyphy/ptII/ptolemy/domains/pn/test/auto/relationGroup4.xml (RunModel)" time="0.009" />
  <testcase classname="ptolemy.util.test.junit.AutoTests" name="[34] /home/travis/build/icyphy/ptII/ptolemy/domains/pn/test/auto/relationGroup5.xml (RunModel)" time="0.012" />
  <testcase classname="ptolemy.util.test.junit.AutoTests" name="[35] /home/travis/build/icyphy/ptII/ptolemy/domains/pn/test/auto/relationGroup6.xml (RunModel)" time="0.012" />
  <testcase classname="ptolemy.util.test.junit.AutoTests" name="[36] /home/travis/build/icyphy/ptII/ptolemy/domains/pn/test/auto/relationGroup7.xml (RunModel)" time="0.025" />
  <testcase classname="ptolemy.util.test.junit.AutoTests" name="[37] /home/travis/build/icyphy/ptII/ptolemy/domains/pn/test/auto/relationGroup8.xml (RunModel)" time="0.021" />
  <testcase classname="ptolemy.util.test.junit.AutoTests" name="[38] /home/travis/build/icyphy/ptII/ptolemy/domains/pn/test/auto/widthTest.xml (RunModel)" time="0.044" />
  <system-out><![CDATA[/home/travis/build/icyphy/ptII/ptolemy/domains/pn/test/PNDirector.tcl
testDefs.tcl: setting time out to 9000 seconds at Tue May 15 01:08:23 UTC 2018
79 ms. Memory: 116224K Free: 87015K (75%)
8 ms. Memory: 116224K Free: 107905K (93%)
/home/travis/build/icyphy/ptII/ptolemy/domains/pn/test/TimedPNDirector.tcl


==== $PTII/ptolemy/domains/pn/test/TimedPNDirector.tcl: TimedPNDirector-6.1 Test an application
==== Contents of test case:


    set e0 [java::new ptolemy.actor.TypedCompositeActor]
    set manager [java::new ptolemy.actor.Manager]
    set director [java::new ptolemy.domains.pn.kernel.TimedPNDirector]
    $e0 setDirector $director
    $e0 setName top
    $e0 setManager $manager

    # FIXME: why doesn't the getParameter option work.
    set ramp [java::new ptolemy.actor.lib.Ramp $e0 ramp]
    set param [java::cast ptolemy.data.expr.Parameter  [$ramp getAttribute  firingCountLimit]]
    $param setExpression 20

    set rec [java::new ptolemy.actor.lib.Recorder $e0 rec]
    $e0 connect  [java::field [java::cast ptolemy.actor.lib.Source $ramp] output]  [java::field [java::cast ptolemy.actor.lib.Sink $rec] input]

    error "Running this test sometimes causes an endless loop" 

#    [$e0 getManager] execute
#    enumToTokenValues [$rec getRecord 0]


.... Test generated KNOWN error:
Running this test sometimes causes an endless loop
    while executing
"error "Running this test sometimes causes an endless loop" "
    ("uplevel" body line 18)
    invoked from within
"uplevel $contents_of_test"
05/15/18 01:08:23
Failed: 0  Total Tests: 3  ((Passed: 2, Newly Passed: 0)  Known Failed: 1) /home/travis/build/icyphy/ptII/ptolemy/domains/pn/test
No auto/knownFailedTests/*.xml tests in /home/travis/build/icyphy/ptII/ptolemy/domains/pn/test
No auto/*.xml tests in /home/travis/build/icyphy/ptII/ptolemy/domains/pn/test
AutoTests.java: About to close Vertx.
AutoTests.java: Vertx closed.
----------------- testing Tue May 15 01:08:23 UTC 2018 /home/travis/build/icyphy/ptII/ptolemy/domains/pn/test/auto/Branching-switch-PN-ptolemy-2.xml
----------------- Instantiating /home/travis/build/icyphy/ptII/ptolemy/domains/pn/test/auto/Branching-switch-PN-ptolemy-2.xml
28 ms. Memory: 116224K Free: 100388K (86%)
----------------- Invoking toplevel() on ptolemy.moml.MoMLSimpleApplication@7cb2e714
----------------- Done invoking toplevel() on ptolemy.moml.MoMLSimpleApplication@7cb2e714
reloadAllAccessors: .Branching-switch-PN-ptolemy-2
----------------- testing Tue May 15 01:08:24 UTC 2018 /home/travis/build/icyphy/ptII/ptolemy/domains/pn/test/auto/Branching-switch-PN-ptolemy.xml
----------------- Instantiating /home/travis/build/icyphy/ptII/ptolemy/domains/pn/test/auto/Branching-switch-PN-ptolemy.xml
43 ms. Memory: 116224K Free: 90399K (78%)
----------------- Invoking toplevel() on ptolemy.moml.MoMLSimpleApplication@596ab6d9
----------------- Done invoking toplevel() on ptolemy.moml.MoMLSimpleApplication@596ab6d9
reloadAllAccessors: .Branching-switch-PN-ptolemy
----------------- testing Tue May 15 01:08:24 UTC 2018 /home/travis/build/icyphy/ptII/ptolemy/domains/pn/test/auto/BrockAckermanTest.xml
----------------- Instantiating /home/travis/build/icyphy/ptII/ptolemy/domains/pn/test/auto/BrockAckermanTest.xml
228 ms. Memory: 116224K Free: 104473K (90%)
----------------- Invoking toplevel() on ptolemy.moml.MoMLSimpleApplication@7d9661bc
----------------- Done invoking toplevel() on ptolemy.moml.MoMLSimpleApplication@7d9661bc
reloadAllAccessors: .BrockAckermanTest
----------------- testing Tue May 15 01:08:24 UTC 2018 /home/travis/build/icyphy/ptII/ptolemy/domains/pn/test/auto/CounterMachine.xml
----------------- Instantiating /home/travis/build/icyphy/ptII/ptolemy/domains/pn/test/auto/CounterMachine.xml
1087 ms. Memory: 209920K Free: 152059K (72%)
----------------- Invoking toplevel() on ptolemy.moml.MoMLSimpleApplication@387c2e12
----------------- Done invoking toplevel() on ptolemy.moml.MoMLSimpleApplication@387c2e12
reloadAllAccessors: .CounterMachine
----------------- testing Tue May 15 01:08:26 UTC 2018 /home/travis/build/icyphy/ptII/ptolemy/domains/pn/test/auto/CounterMachine1.xml
----------------- Instantiating /home/travis/build/icyphy/ptII/ptolemy/domains/pn/test/auto/CounterMachine1.xml
1127 ms. Memory: 209920K Free: 126687K (60%)
----------------- Invoking toplevel() on ptolemy.moml.MoMLSimpleApplication@5397a34c
----------------- Done invoking toplevel() on ptolemy.moml.MoMLSimpleApplication@5397a34c
reloadAllAccessors: .CounterMachine1
----------------- testing Tue May 15 01:08:27 UTC 2018 /home/travis/build/icyphy/ptII/ptolemy/domains/pn/test/auto/CounterMachineWithException.xml
----------------- Instantiating /home/travis/build/icyphy/ptII/ptolemy/domains/pn/test/auto/CounterMachineWithException.xml
396 ms. Memory: 332800K Free: 217203K (65%)
----------------- Invoking toplevel() on ptolemy.moml.MoMLSimpleApplication@2df267b9
----------------- Done invoking toplevel() on ptolemy.moml.MoMLSimpleApplication@2df267b9
reloadAllAccessors: .CounterMachineWithException
----------------- testing Tue May 15 01:08:28 UTC 2018 /home/travis/build/icyphy/ptII/ptolemy/domains/pn/test/auto/FinalState.xml
----------------- Instantiating /home/travis/build/icyphy/ptII/ptolemy/domains/pn/test/auto/FinalState.xml
11 ms. Memory: 332800K Free: 209387K (63%)
----------------- Invoking toplevel() on ptolemy.moml.MoMLSimpleApplication@7284d8a3
----------------- Done invoking toplevel() on ptolemy.moml.MoMLSimpleApplication@7284d8a3
reloadAllAccessors: .FinalState
----------------- testing Tue May 15 01:08:28 UTC 2018 /home/travis/build/icyphy/ptII/ptolemy/domains/pn/test/auto/FourExpressions.xml
----------------- Instantiating /home/travis/build/icyphy/ptII/ptolemy/domains/pn/test/auto/FourExpressions.xml
17 ms. Memory: 332800K Free: 199655K (60%)
----------------- Invoking toplevel() on ptolemy.moml.MoMLSimpleApplication@2b44fb73
----------------- Done invoking toplevel() on ptolemy.moml.MoMLSimpleApplication@2b44fb73
reloadAllAccessors: .FourExpressions
----------------- testing Tue May 15 01:08:28 UTC 2018 /home/travis/build/icyphy/ptII/ptolemy/domains/pn/test/auto/Identity.xml
----------------- Instantiating /home/travis/build/icyphy/ptII/ptolemy/domains/pn/test/auto/Identity.xml
15 ms. Memory: 332800K Free: 191910K (58%)
----------------- Invoking toplevel() on ptolemy.moml.MoMLSimpleApplication@3abc02a0
----------------- Done invoking toplevel() on ptolemy.moml.MoMLSimpleApplication@3abc02a0
reloadAllAccessors: .Identity
----------------- testing Tue May 15 01:08:29 UTC 2018 /home/travis/build/icyphy/ptII/ptolemy/domains/pn/test/auto/IdentityWithFeedback.xml
----------------- Instantiating /home/travis/build/icyphy/ptII/ptolemy/domains/pn/test/auto/IdentityWithFeedback.xml
9 ms. Memory: 332800K Free: 185470K (56%)
----------------- Invoking toplevel() on ptolemy.moml.MoMLSimpleApplication@421e15e5
----------------- Done invoking toplevel() on ptolemy.moml.MoMLSimpleApplication@421e15e5
reloadAllAccessors: .IdentityWithFeedback
----------------- testing Tue May 15 01:08:29 UTC 2018 /home/travis/build/icyphy/ptII/ptolemy/domains/pn/test/auto/NondeterministicMergeTest.xml
----------------- Instantiating /home/travis/build/icyphy/ptII/ptolemy/domains/pn/test/auto/NondeterministicMergeTest.xml
37 ms. Memory: 332800K Free: 177370K (53%)
----------------- Invoking toplevel() on ptolemy.moml.MoMLSimpleApplication@13df3fe7
----------------- Done invoking toplevel() on ptolemy.moml.MoMLSimpleApplication@13df3fe7
reloadAllAccessors: .NondeterministicMergeTest
----------------- testing Tue May 15 01:08:29 UTC 2018 /home/travis/build/icyphy/ptII/ptolemy/domains/pn/test/auto/OrderedMerge.xml
----------------- Instantiating /home/travis/build/icyphy/ptII/ptolemy/domains/pn/test/auto/OrderedMerge.xml
134 ms. Memory: 332800K Free: 166108K (50%)
----------------- Invoking toplevel() on ptolemy.moml.MoMLSimpleApplication@1470b84e
----------------- Done invoking toplevel() on ptolemy.moml.MoMLSimpleApplication@1470b84e
reloadAllAccessors: .OrderedMerge
----------------- testing Tue May 15 01:08:29 UTC 2018 /home/travis/build/icyphy/ptII/ptolemy/domains/pn/test/auto/PNAbstractReceiverTest.xml
----------------- Instantiating /home/travis/build/icyphy/ptII/ptolemy/domains/pn/test/auto/PNAbstractReceiverTest.xml
4 ms. Memory: 332800K Free: 161766K (49%)
----------------- Invoking toplevel() on ptolemy.moml.MoMLSimpleApplication@7833b42
----------------- Done invoking toplevel() on ptolemy.moml.MoMLSimpleApplication@7833b42
reloadAllAccessors: .PNAbstractReceiverTest
----------------- testing Tue May 15 01:08:29 UTC 2018 /home/travis/build/icyphy/ptII/ptolemy/domains/pn/test/auto/QR.xml
----------------- Instantiating /home/travis/build/icyphy/ptII/ptolemy/domains/pn/test/auto/QR.xml
24 ms. Memory: 332800K Free: 149691K (45%)
----------------- Invoking toplevel() on ptolemy.moml.MoMLSimpleApplication@72334e51
----------------- Done invoking toplevel() on ptolemy.moml.MoMLSimpleApplication@72334e51
reloadAllAccessors: .QR
----------------- testing Tue May 15 01:08:29 UTC 2018 /home/travis/build/icyphy/ptII/ptolemy/domains/pn/test/auto/RemoveNilTokens.xml
----------------- Instantiating /home/travis/build/icyphy/ptII/ptolemy/domains/pn/test/auto/RemoveNilTokens.xml
22 ms. Memory: 332800K Free: 138301K (42%)
----------------- Invoking toplevel() on ptolemy.moml.MoMLSimpleApplication@7b645c82
----------------- Done invoking toplevel() on ptolemy.moml.MoMLSimpleApplication@7b645c82
reloadAllAccessors: .RemoveNilTokens
----------------- testing Tue May 15 01:08:29 UTC 2018 /home/travis/build/icyphy/ptII/ptolemy/domains/pn/test/auto/Stack.xml
----------------- Instantiating /home/travis/build/icyphy/ptII/ptolemy/domains/pn/test/auto/Stack.xml
59 ms. Memory: 332800K Free: 111102K (33%)
----------------- Invoking toplevel() on ptolemy.moml.MoMLSimpleApplication@f3ea644
----------------- Done invoking toplevel() on ptolemy.moml.MoMLSimpleApplication@f3ea644
reloadAllAccessors: .Stack
----------------- testing Tue May 15 01:08:29 UTC 2018 /home/travis/build/icyphy/ptII/ptolemy/domains/pn/test/auto/TestRemoveNilTokens.xml
----------------- Instantiating /home/travis/build/icyphy/ptII/ptolemy/domains/pn/test/auto/TestRemoveNilTokens.xml
11 ms. Memory: 332800K Free: 102196K (31%)
----------------- Invoking toplevel() on ptolemy.moml.MoMLSimpleApplication@7cb5d8ad
----------------- Done invoking toplevel() on ptolemy.moml.MoMLSimpleApplication@7cb5d8ad
reloadAllAccessors: .TestRemoveNilTokens
----------------- testing Tue May 15 01:08:29 UTC 2018 /home/travis/build/icyphy/ptII/ptolemy/domains/pn/test/auto/TestSeq2Array.xml
----------------- Instantiating /home/travis/build/icyphy/ptII/ptolemy/domains/pn/test/auto/TestSeq2Array.xml
18 ms. Memory: 332800K Free: 94730K (28%)
----------------- Invoking toplevel() on ptolemy.moml.MoMLSimpleApplication@4bd259d9
----------------- Done invoking toplevel() on ptolemy.moml.MoMLSimpleApplication@4bd259d9
reloadAllAccessors: .TestSeq2Array
----------------- testing Tue May 15 01:08:29 UTC 2018 /home/travis/build/icyphy/ptII/ptolemy/domains/pn/test/auto/TrivialIdentity.xml
----------------- Instantiating /home/travis/build/icyphy/ptII/ptolemy/domains/pn/test/auto/TrivialIdentity.xml
12 ms. Memory: 332800K Free: 89419K (27%)
----------------- Invoking toplevel() on ptolemy.moml.MoMLSimpleApplication@57aa43db
----------------- Done invoking toplevel() on ptolemy.moml.MoMLSimpleApplication@57aa43db
reloadAllAccessors: .TrivialIdentity
----------------- testing Tue May 15 01:08:29 UTC 2018 /home/travis/build/icyphy/ptII/ptolemy/domains/pn/test/auto/WidthInferenceTest1.xml
----------------- Instantiating /home/travis/build/icyphy/ptII/ptolemy/domains/pn/test/auto/WidthInferenceTest1.xml
11 ms. Memory: 332800K Free: 82217K (25%)
----------------- Invoking toplevel() on ptolemy.moml.MoMLSimpleApplication@20579ce
----------------- Done invoking toplevel() on ptolemy.moml.MoMLSimpleApplication@20579ce
reloadAllAccessors: .1
----------------- testing Tue May 15 01:08:29 UTC 2018 /home/travis/build/icyphy/ptII/ptolemy/domains/pn/test/auto/WidthInferenceTest2.xml
----------------- Instantiating /home/travis/build/icyphy/ptII/ptolemy/domains/pn/test/auto/WidthInferenceTest2.xml
10 ms. Memory: 332800K Free: 320756K (96%)
----------------- Invoking toplevel() on ptolemy.moml.MoMLSimpleApplication@5b2dfa4b
----------------- Done invoking toplevel() on ptolemy.moml.MoMLSimpleApplication@5b2dfa4b
reloadAllAccessors: .2
----------------- testing Tue May 15 01:08:29 UTC 2018 /home/travis/build/icyphy/ptII/ptolemy/domains/pn/test/auto/WidthInferenceTest3.xml
----------------- Instantiating /home/travis/build/icyphy/ptII/ptolemy/domains/pn/test/auto/WidthInferenceTest3.xml
20 ms. Memory: 332800K Free: 302042K (91%)
----------------- Invoking toplevel() on ptolemy.moml.MoMLSimpleApplication@2005f5c4
----------------- Done invoking toplevel() on ptolemy.moml.MoMLSimpleApplication@2005f5c4
reloadAllAccessors: .3
----------------- testing Tue May 15 01:08:29 UTC 2018 /home/travis/build/icyphy/ptII/ptolemy/domains/pn/test/auto/WidthInferenceTest4.xml
----------------- Instantiating /home/travis/build/icyphy/ptII/ptolemy/domains/pn/test/auto/WidthInferenceTest4.xml
29 ms. Memory: 332800K Free: 283161K (85%)
----------------- Invoking toplevel() on ptolemy.moml.MoMLSimpleApplication@5b2efcc9
----------------- Done invoking toplevel() on ptolemy.moml.MoMLSimpleApplication@5b2efcc9
reloadAllAccessors: .WidthInferenceTest4
----------------- testing Tue May 15 01:08:29 UTC 2018 /home/travis/build/icyphy/ptII/ptolemy/domains/pn/test/auto/WidthInferenceTest5.xml
----------------- Instantiating /home/travis/build/icyphy/ptII/ptolemy/domains/pn/test/auto/WidthInferenceTest5.xml
37 ms. Memory: 332800K Free: 264039K (79%)
----------------- Invoking toplevel() on ptolemy.moml.MoMLSimpleApplication@12ad5a16
----------------- Done invoking toplevel() on ptolemy.moml.MoMLSimpleApplication@12ad5a16
reloadAllAccessors: .WidthInferenceTest5
----------------- testing Tue May 15 01:08:30 UTC 2018 /home/travis/build/icyphy/ptII/ptolemy/domains/pn/test/auto/controlled_kahnnet.xml
----------------- Instantiating /home/travis/build/icyphy/ptII/ptolemy/domains/pn/test/auto/controlled_kahnnet.xml
42 ms. Memory: 332800K Free: 256857K (77%)
----------------- Invoking toplevel() on ptolemy.moml.MoMLSimpleApplication@6b70c6a3
----------------- Done invoking toplevel() on ptolemy.moml.MoMLSimpleApplication@6b70c6a3
reloadAllAccessors: .controlled_kahnnet
----------------- testing Tue May 15 01:08:30 UTC 2018 /home/travis/build/icyphy/ptII/ptolemy/domains/pn/test/auto/demandDriven.xml
----------------- Instantiating /home/travis/build/icyphy/ptII/ptolemy/domains/pn/test/auto/demandDriven.xml
10 ms. Memory: 332800K Free: 250902K (75%)
----------------- Invoking toplevel() on ptolemy.moml.MoMLSimpleApplication@1e1b855c
----------------- Done invoking toplevel() on ptolemy.moml.MoMLSimpleApplication@1e1b855c
reloadAllAccessors: .demandDriven
----------------- testing Tue May 15 01:08:30 UTC 2018 /home/travis/build/icyphy/ptII/ptolemy/domains/pn/test/auto/feedback.xml
----------------- Instantiating /home/travis/build/icyphy/ptII/ptolemy/domains/pn/test/auto/feedback.xml
5 ms. Memory: 332800K Free: 245060K (74%)
----------------- Invoking toplevel() on ptolemy.moml.MoMLSimpleApplication@40aaa463
----------------- Done invoking toplevel() on ptolemy.moml.MoMLSimpleApplication@40aaa463
reloadAllAccessors: .feedback
----------------- testing Tue May 15 01:08:30 UTC 2018 /home/travis/build/icyphy/ptII/ptolemy/domains/pn/test/auto/helloWorld.xml
----------------- Instantiating /home/travis/build/icyphy/ptII/ptolemy/domains/pn/test/auto/helloWorld.xml
6 ms. Memory: 332800K Free: 241932K (73%)
----------------- Invoking toplevel() on ptolemy.moml.MoMLSimpleApplication@5d84a519
----------------- Done invoking toplevel() on ptolemy.moml.MoMLSimpleApplication@5d84a519
reloadAllAccessors: .helloWorld
----------------- testing Tue May 15 01:08:30 UTC 2018 /home/travis/build/icyphy/ptII/ptolemy/domains/pn/test/auto/helloWorld2.xml
----------------- Instantiating /home/travis/build/icyphy/ptII/ptolemy/domains/pn/test/auto/helloWorld2.xml
11 ms. Memory: 332800K Free: 235091K (71%)
----------------- Invoking toplevel() on ptolemy.moml.MoMLSimpleApplication@6bd7482f
----------------- Done invoking toplevel() on ptolemy.moml.MoMLSimpleApplication@6bd7482f
reloadAllAccessors: .helloWorld2
----------------- testing Tue May 15 01:08:30 UTC 2018 /home/travis/build/icyphy/ptII/ptolemy/domains/pn/test/auto/noOutput.xml
----------------- Instantiating /home/travis/build/icyphy/ptII/ptolemy/domains/pn/test/auto/noOutput.xml
59 ms. Memory: 332800K Free: 228388K (69%)
----------------- Invoking toplevel() on ptolemy.moml.MoMLSimpleApplication@725512cb
----------------- Done invoking toplevel() on ptolemy.moml.MoMLSimpleApplication@725512cb
reloadAllAccessors: .noOutput
----------------- testing Tue May 15 01:08:30 UTC 2018 /home/travis/build/icyphy/ptII/ptolemy/domains/pn/test/auto/relationGroup.xml
----------------- Instantiating /home/travis/build/icyphy/ptII/ptolemy/domains/pn/test/auto/relationGroup.xml
7 ms. Memory: 332800K Free: 224260K (67%)
----------------- Invoking toplevel() on ptolemy.moml.MoMLSimpleApplication@66653199
----------------- Done invoking toplevel() on ptolemy.moml.MoMLSimpleApplication@66653199
reloadAllAccessors: .relationGroup
----------------- testing Tue May 15 01:08:30 UTC 2018 /home/travis/build/icyphy/ptII/ptolemy/domains/pn/test/auto/relationGroup2.xml
----------------- Instantiating /home/travis/build/icyphy/ptII/ptolemy/domains/pn/test/auto/relationGroup2.xml
7 ms. Memory: 332800K Free: 221100K (66%)
----------------- Invoking toplevel() on ptolemy.moml.MoMLSimpleApplication@20df93cb
----------------- Done invoking toplevel() on ptolemy.moml.MoMLSimpleApplication@20df93cb
reloadAllAccessors: .relationGroup2
----------------- testing Tue May 15 01:08:30 UTC 2018 /home/travis/build/icyphy/ptII/ptolemy/domains/pn/test/auto/relationGroup3.xml
----------------- Instantiating /home/travis/build/icyphy/ptII/ptolemy/domains/pn/test/auto/relationGroup3.xml
2 ms. Memory: 332800K Free: 217387K (65%)
----------------- Invoking toplevel() on ptolemy.moml.MoMLSimpleApplication@20f74e63
----------------- Done invoking toplevel() on ptolemy.moml.MoMLSimpleApplication@20f74e63
reloadAllAccessors: .relationGroup3
----------------- testing Tue May 15 01:08:30 UTC 2018 /home/travis/build/icyphy/ptII/ptolemy/domains/pn/test/auto/relationGroup4.xml
----------------- Instantiating /home/travis/build/icyphy/ptII/ptolemy/domains/pn/test/auto/relationGroup4.xml
2 ms. Memory: 332800K Free: 214227K (64%)
----------------- Invoking toplevel() on ptolemy.moml.MoMLSimpleApplication@6c687b83
----------------- Done invoking toplevel() on ptolemy.moml.MoMLSimpleApplication@6c687b83
reloadAllAccessors: .relationGroup4
----------------- testing Tue May 15 01:08:30 UTC 2018 /home/travis/build/icyphy/ptII/ptolemy/domains/pn/test/auto/relationGroup5.xml
----------------- Instantiating /home/travis/build/icyphy/ptII/ptolemy/domains/pn/test/auto/relationGroup5.xml
5 ms. Memory: 332800K Free: 211083K (63%)
----------------- Invoking toplevel() on ptolemy.moml.MoMLSimpleApplication@7edf658
----------------- Done invoking toplevel() on ptolemy.moml.MoMLSimpleApplication@7edf658
reloadAllAccessors: .relationGroup5
----------------- testing Tue May 15 01:08:30 UTC 2018 /home/travis/build/icyphy/ptII/ptolemy/domains/pn/test/auto/relationGroup6.xml
----------------- Instantiating /home/travis/build/icyphy/ptII/ptolemy/domains/pn/test/auto/relationGroup6.xml
3 ms. Memory: 332800K Free: 206492K (62%)
----------------- Invoking toplevel() on ptolemy.moml.MoMLSimpleApplication@6ccb4169
----------------- Done invoking toplevel() on ptolemy.moml.MoMLSimpleApplication@6ccb4169
reloadAllAccessors: .relationGroup6
----------------- testing Tue May 15 01:08:30 UTC 2018 /home/travis/build/icyphy/ptII/ptolemy/domains/pn/test/auto/relationGroup7.xml
----------------- Instantiating /home/travis/build/icyphy/ptII/ptolemy/domains/pn/test/auto/relationGroup7.xml
8 ms. Memory: 332800K Free: 202438K (61%)
----------------- Invoking toplevel() on ptolemy.moml.MoMLSimpleApplication@5f1cd359
----------------- Done invoking toplevel() on ptolemy.moml.MoMLSimpleApplication@5f1cd359
reloadAllAccessors: .relationGroup7
----------------- testing Tue May 15 01:08:30 UTC 2018 /home/travis/build/icyphy/ptII/ptolemy/domains/pn/test/auto/relationGroup8.xml
----------------- Instantiating /home/travis/build/icyphy/ptII/ptolemy/domains/pn/test/auto/relationGroup8.xml
5 ms. Memory: 332800K Free: 197807K (59%)
----------------- Invoking toplevel() on ptolemy.moml.MoMLSimpleApplication@26de7ade
----------------- Done invoking toplevel() on ptolemy.moml.MoMLSimpleApplication@26de7ade
reloadAllAccessors: .relationGroup8
----------------- testing Tue May 15 01:08:30 UTC 2018 /home/travis/build/icyphy/ptII/ptolemy/domains/pn/test/auto/widthTest.xml
----------------- Instantiating /home/travis/build/icyphy/ptII/ptolemy/domains/pn/test/auto/widthTest.xml
12 ms. Memory: 332800K Free: 193721K (58%)
----------------- Invoking toplevel() on ptolemy.moml.MoMLSimpleApplication@69626817
----------------- Done invoking toplevel() on ptolemy.moml.MoMLSimpleApplication@69626817
reloadAllAccessors: .widthTest
AutoTests.java: About to close Vertx.
AutoTests.java: Vertx closed.
]]></system-out>
  <system-err><![CDATA[java.lang.RuntimeException: Execution failed
	at ptolemy.moml.MoMLSimpleApplication$UnloadThread.run(MoMLSimpleApplication.java:402)
Caused by: ptolemy.kernel.util.IllegalActionException: At the current time, process-oriented domains (PN and CSP) cannot be nested inside firing-based domains (SDF, DE, CT, etc.).
  in .PNInsideDE.CompositeActor.port
Because:
ptolemy.domains.de.kernel.DEReceiver cannot be cast to ptolemy.actor.process.ProcessReceiver
	at ptolemy.actor.process.BranchController.addBranches(BranchController.java:182)
	at ptolemy.actor.process.CompositeProcessDirector.createBranchController(CompositeProcessDirector.java:221)
	at ptolemy.actor.process.CompositeProcessDirector.initialize(CompositeProcessDirector.java:289)
	at ptolemy.domains.pn.kernel.PNDirector.initialize(PNDirector.java:241)
	at ptolemy.actor.CompositeActor.initialize(CompositeActor.java:935)
	at ptolemy.actor.Director.initialize(Director.java:938)
	at ptolemy.actor.Director.initialize(Director.java:907)
	at ptolemy.domains.de.kernel.DEDirector.initialize(DEDirector.java:943)
	at ptolemy.actor.CompositeActor.initialize(CompositeActor.java:935)
	at ptolemy.actor.Manager.initialize(Manager.java:724)
	at ptolemy.actor.Manager.execute(Manager.java:356)
	at ptolemy.actor.Manager.run(Manager.java:1263)
	at ptolemy.actor.Manager$PtolemyRunThread.run(Manager.java:1915)
Caused by: java.lang.ClassCastException: ptolemy.domains.de.kernel.DEReceiver cannot be cast to ptolemy.actor.process.ProcessReceiver
	at ptolemy.actor.process.BranchController.addBranches(BranchController.java:178)
	... 12 more
Warning: '.RemoveNilTokens.Test' The test produced only 9 tokens, yet the correctValues parameter was expecting 13 tokens.
Warning: '.RemoveNilTokens.Test2' The test produced only 7 tokens, yet the correctValues parameter was expecting 8 tokens.
]]></system-err>
</testsuite>
