<?xml version="1.0" encoding="UTF-8" ?>
<testsuite errors="0" failures="0" hostname="travis-job-b812b97b-0d8f-41b6-8fb9-a9be6f810137" name="ptolemy.domains.sdf.lib.test.junit.JUnitTclTest" skipped="0" tests="82" time="9.764" timestamp="2018-05-31T20:36:41">
  <properties>
[...]
</properties>
  <testcase classname="ptolemy.util.test.junit.TclTests" name="[0] /home/travis/build/icyphy/ptII/ptolemy/domains/sdf/lib/test/ArrayToSequence.tcl (RunTclFile)" time="0.555" />
  <testcase classname="ptolemy.util.test.junit.TclTests" name="[1] /home/travis/build/icyphy/ptII/ptolemy/domains/sdf/lib/test/BitsToInt.tcl (RunTclFile)" time="0.041" />
  <testcase classname="ptolemy.util.test.junit.TclTests" name="[2] /home/travis/build/icyphy/ptII/ptolemy/domains/sdf/lib/test/DelayLine.tcl (RunTclFile)" time="0.046" />
  <testcase classname="ptolemy.util.test.junit.TclTests" name="[3] /home/travis/build/icyphy/ptII/ptolemy/domains/sdf/lib/test/FFT.tcl (RunTclFile)" time="0.03" />
  <testcase classname="ptolemy.util.test.junit.TclTests" name="[4] /home/travis/build/icyphy/ptII/ptolemy/domains/sdf/lib/test/FIR.tcl (RunTclFile)" time="0.101" />
  <testcase classname="ptolemy.util.test.junit.TclTests" name="[5] /home/travis/build/icyphy/ptII/ptolemy/domains/sdf/lib/test/IntToBits.tcl (RunTclFile)" time="0.048" />
  <testcase classname="ptolemy.util.test.junit.TclTests" name="[6] /home/travis/build/icyphy/ptII/ptolemy/domains/sdf/lib/test/MaximumEntropySpectrum.tcl (RunTclFile)" time="0.288" />
  <testcase classname="ptolemy.util.test.junit.TclTests" name="[7] /home/travis/build/icyphy/ptII/ptolemy/domains/sdf/lib/test/Repeat.tcl (RunTclFile)" time="0.021" />
  <testcase classname="ptolemy.util.test.junit.TclTests" name="[8] /home/travis/build/icyphy/ptII/ptolemy/domains/sdf/lib/test/SampleDelay.tcl (RunTclFile)" time="0.063" />
  <testcase classname="ptolemy.util.test.junit.TclTests" name="[9] /home/travis/build/icyphy/ptII/ptolemy/domains/sdf/lib/test/SequenceToArray.tcl (RunTclFile)" time="0.044" />
  <testcase classname="ptolemy.util.test.junit.AutoKnownFailedTests" name="[0] ThereAreNoKnowFailedTests (RunModel)" time="0.001" />
  <testcase classname="ptolemy.util.test.junit.AutoNameArchTests" name="[0] ThereAreNoAutoArchTests (RunModel)" time="0.001" />
  <testcase classname="ptolemy.util.test.junit.AutoTests" name="[0] /home/travis/build/icyphy/ptII/ptolemy/domains/sdf/lib/test/auto/ArrayToSequence.xml (RunModel)" time="0.158" />
  <testcase classname="ptolemy.util.test.junit.AutoTests" name="[1] /home/travis/build/icyphy/ptII/ptolemy/domains/sdf/lib/test/auto/ArrayToSequenceTest.xml (RunModel)" time="0.061" />
  <testcase classname="ptolemy.util.test.junit.AutoTests" name="[2] /home/travis/build/icyphy/ptII/ptolemy/domains/sdf/lib/test/auto/Autocorrelation.xml (RunModel)" time="0.023" />
  <testcase classname="ptolemy.util.test.junit.AutoTests" name="[3] /home/travis/build/icyphy/ptII/ptolemy/domains/sdf/lib/test/auto/Autocorrelation2.xml (RunModel)" time="0.021" />
  <testcase classname="ptolemy.util.test.junit.AutoTests" name="[4] /home/travis/build/icyphy/ptII/ptolemy/domains/sdf/lib/test/auto/Autocorrelation3.xml (RunModel)" time="0.02" />
  <testcase classname="ptolemy.util.test.junit.AutoTests" name="[5] /home/travis/build/icyphy/ptII/ptolemy/domains/sdf/lib/test/auto/Autocorrelation4.xml (RunModel)" time="0.022" />
  <testcase classname="ptolemy.util.test.junit.AutoTests" name="[6] /home/travis/build/icyphy/ptII/ptolemy/domains/sdf/lib/test/auto/Autocorrelation5.xml (RunModel)" time="0.082" />
  <testcase classname="ptolemy.util.test.junit.AutoTests" name="[7] /home/travis/build/icyphy/ptII/ptolemy/domains/sdf/lib/test/auto/BitsToInt.xml (RunModel)" time="0.016" />
  <testcase classname="ptolemy.util.test.junit.AutoTests" name="[8] /home/travis/build/icyphy/ptII/ptolemy/domains/sdf/lib/test/auto/BooleanJoin.xml (RunModel)" time="0.031" />
  <testcase classname="ptolemy.util.test.junit.AutoTests" name="[9] /home/travis/build/icyphy/ptII/ptolemy/domains/sdf/lib/test/auto/BootstrapSampleDelay.xml (RunModel)" time="0.031" />
  <testcase classname="ptolemy.util.test.junit.AutoTests" name="[10] /home/travis/build/icyphy/ptII/ptolemy/domains/sdf/lib/test/auto/Chop.xml (RunModel)" time="0.058" />
  <testcase classname="ptolemy.util.test.junit.AutoTests" name="[11] /home/travis/build/icyphy/ptII/ptolemy/domains/sdf/lib/test/auto/Chop2.xml (RunModel)" time="0.058" />
  <testcase classname="ptolemy.util.test.junit.AutoTests" name="[12] /home/travis/build/icyphy/ptII/ptolemy/domains/sdf/lib/test/auto/ComplexJoin.xml (RunModel)" time="0.05" />
  <testcase classname="ptolemy.util.test.junit.AutoTests" name="[13] /home/travis/build/icyphy/ptII/ptolemy/domains/sdf/lib/test/auto/CountTrues.xml (RunModel)" time="0.041" />
  <testcase classname="ptolemy.util.test.junit.AutoTests" name="[14] /home/travis/build/icyphy/ptII/ptolemy/domains/sdf/lib/test/auto/DelayLine.xml (RunModel)" time="0.057" />
  <testcase classname="ptolemy.util.test.junit.AutoTests" name="[15] /home/travis/build/icyphy/ptII/ptolemy/domains/sdf/lib/test/auto/DotProduct.xml (RunModel)" time="0.036" />
  <testcase classname="ptolemy.util.test.junit.AutoTests" name="[16] /home/travis/build/icyphy/ptII/ptolemy/domains/sdf/lib/test/auto/DotProductMatrix.xml (RunModel)" time="0.022" />
  <testcase classname="ptolemy.util.test.junit.AutoTests" name="[17] /home/travis/build/icyphy/ptII/ptolemy/domains/sdf/lib/test/auto/DownSample1.xml (RunModel)" time="0.019" />
  <testcase classname="ptolemy.util.test.junit.AutoTests" name="[18] /home/travis/build/icyphy/ptII/ptolemy/domains/sdf/lib/test/auto/DynamicRateChange.xml (RunModel)" time="0.024" />
  <testcase classname="ptolemy.util.test.junit.AutoTests" name="[19] /home/travis/build/icyphy/ptII/ptolemy/domains/sdf/lib/test/auto/DynamicRates.xml (RunModel)" time="0.057" />
  <testcase classname="ptolemy.util.test.junit.AutoTests" name="[20] /home/travis/build/icyphy/ptII/ptolemy/domains/sdf/lib/test/auto/FFT1.xml (RunModel)" time="0.043" />
  <testcase classname="ptolemy.util.test.junit.AutoTests" name="[21] /home/travis/build/icyphy/ptII/ptolemy/domains/sdf/lib/test/auto/FIR1.xml (RunModel)" time="0.068" />
  <testcase classname="ptolemy.util.test.junit.AutoTests" name="[22] /home/travis/build/icyphy/ptII/ptolemy/domains/sdf/lib/test/auto/FIR2.xml (RunModel)" time="0.053" />
  <testcase classname="ptolemy.util.test.junit.AutoTests" name="[23] /home/travis/build/icyphy/ptII/ptolemy/domains/sdf/lib/test/auto/FIR4.xml (RunModel)" time="0.055" />
  <testcase classname="ptolemy.util.test.junit.AutoTests" name="[24] /home/travis/build/icyphy/ptII/ptolemy/domains/sdf/lib/test/auto/FixJoin.xml (RunModel)" time="0.056" />
  <testcase classname="ptolemy.util.test.junit.AutoTests" name="[25] /home/travis/build/icyphy/ptII/ptolemy/domains/sdf/lib/test/auto/IntJoin1.xml (RunModel)" time="0.025" />
  <testcase classname="ptolemy.util.test.junit.AutoTests" name="[26] /home/travis/build/icyphy/ptII/ptolemy/domains/sdf/lib/test/auto/IntJoin2.xml (RunModel)" time="0.027" />
  <testcase classname="ptolemy.util.test.junit.AutoTests" name="[27] /home/travis/build/icyphy/ptII/ptolemy/domains/sdf/lib/test/auto/IntJoin3.xml (RunModel)" time="0.033" />
  <testcase classname="ptolemy.util.test.junit.AutoTests" name="[28] /home/travis/build/icyphy/ptII/ptolemy/domains/sdf/lib/test/auto/IntJoin4.xml (RunModel)" time="0.026" />
  <testcase classname="ptolemy.util.test.junit.AutoTests" name="[29] /home/travis/build/icyphy/ptII/ptolemy/domains/sdf/lib/test/auto/IntJoin5.xml (RunModel)" time="0.029" />
  <testcase classname="ptolemy.util.test.junit.AutoTests" name="[30] /home/travis/build/icyphy/ptII/ptolemy/domains/sdf/lib/test/auto/IntToBits.xml (RunModel)" time="0.02" />
  <testcase classname="ptolemy.util.test.junit.AutoTests" name="[31] /home/travis/build/icyphy/ptII/ptolemy/domains/sdf/lib/test/auto/LMSAdaptive.xml (RunModel)" time="0.066" />
  <testcase classname="ptolemy.util.test.junit.AutoTests" name="[32] /home/travis/build/icyphy/ptII/ptolemy/domains/sdf/lib/test/auto/LMSAdaptiveFIR.xml (RunModel)" time="0.428" />
  <testcase classname="ptolemy.util.test.junit.AutoTests" name="[33] /home/travis/build/icyphy/ptII/ptolemy/domains/sdf/lib/test/auto/LMSAdaptiveFIR2.xml (RunModel)" time="0.551" />
  <testcase classname="ptolemy.util.test.junit.AutoTests" name="[34] /home/travis/build/icyphy/ptII/ptolemy/domains/sdf/lib/test/auto/LongJoin.xml (RunModel)" time="0.034" />
  <testcase classname="ptolemy.util.test.junit.AutoTests" name="[35] /home/travis/build/icyphy/ptII/ptolemy/domains/sdf/lib/test/auto/Matrix1.xml (RunModel)" time="0.025" />
  <testcase classname="ptolemy.util.test.junit.AutoTests" name="[36] /home/travis/build/icyphy/ptII/ptolemy/domains/sdf/lib/test/auto/Matrix2.xml (RunModel)" time="0.02" />
  <testcase classname="ptolemy.util.test.junit.AutoTests" name="[37] /home/travis/build/icyphy/ptII/ptolemy/domains/sdf/lib/test/auto/MatrixJoin1.xml (RunModel)" time="0.022" />
  <testcase classname="ptolemy.util.test.junit.AutoTests" name="[38] /home/travis/build/icyphy/ptII/ptolemy/domains/sdf/lib/test/auto/MatrixJoin2.xml (RunModel)" time="0.028" />
  <testcase classname="ptolemy.util.test.junit.AutoTests" name="[39] /home/travis/build/icyphy/ptII/ptolemy/domains/sdf/lib/test/auto/MatrixJoin3.xml (RunModel)" time="0.027" />
  <testcase classname="ptolemy.util.test.junit.AutoTests" name="[40] /home/travis/build/icyphy/ptII/ptolemy/domains/sdf/lib/test/auto/MatrixJoin4.xml (RunModel)" time="0.024" />
  <testcase classname="ptolemy.util.test.junit.AutoTests" name="[41] /home/travis/build/icyphy/ptII/ptolemy/domains/sdf/lib/test/auto/MatrixJoin5.xml (RunModel)" time="0.031" />
  <testcase classname="ptolemy.util.test.junit.AutoTests" name="[42] /home/travis/build/icyphy/ptII/ptolemy/domains/sdf/lib/test/auto/MatrixSplit1.xml (RunModel)" time="0.034" />
  <testcase classname="ptolemy.util.test.junit.AutoTests" name="[43] /home/travis/build/icyphy/ptII/ptolemy/domains/sdf/lib/test/auto/MatrixSplit10.xml (RunModel)" time="0.024" />
  <testcase classname="ptolemy.util.test.junit.AutoTests" name="[44] /home/travis/build/icyphy/ptII/ptolemy/domains/sdf/lib/test/auto/MatrixSplit11.xml (RunModel)" time="0.021" />
  <testcase classname="ptolemy.util.test.junit.AutoTests" name="[45] /home/travis/build/icyphy/ptII/ptolemy/domains/sdf/lib/test/auto/MatrixSplit12.xml (RunModel)" time="0.029" />
  <testcase classname="ptolemy.util.test.junit.AutoTests" name="[46] /home/travis/build/icyphy/ptII/ptolemy/domains/sdf/lib/test/auto/MatrixSplit13.xml (RunModel)" time="0.034" />
  <testcase classname="ptolemy.util.test.junit.AutoTests" name="[47] /home/travis/build/icyphy/ptII/ptolemy/domains/sdf/lib/test/auto/MatrixSplit14.xml (RunModel)" time="0.024" />
  <testcase classname="ptolemy.util.test.junit.AutoTests" name="[48] /home/travis/build/icyphy/ptII/ptolemy/domains/sdf/lib/test/auto/MatrixSplit2.xml (RunModel)" time="0.018" />
  <testcase classname="ptolemy.util.test.junit.AutoTests" name="[49] /home/travis/build/icyphy/ptII/ptolemy/domains/sdf/lib/test/auto/MatrixSplit3.xml (RunModel)" time="0.021" />
  <testcase classname="ptolemy.util.test.junit.AutoTests" name="[50] /home/travis/build/icyphy/ptII/ptolemy/domains/sdf/lib/test/auto/MatrixSplit4.xml (RunModel)" time="0.017" />
  <testcase classname="ptolemy.util.test.junit.AutoTests" name="[51] /home/travis/build/icyphy/ptII/ptolemy/domains/sdf/lib/test/auto/MatrixSplit5.xml (RunModel)" time="0.023" />
  <testcase classname="ptolemy.util.test.junit.AutoTests" name="[52] /home/travis/build/icyphy/ptII/ptolemy/domains/sdf/lib/test/auto/MatrixSplit6.xml (RunModel)" time="0.017" />
  <testcase classname="ptolemy.util.test.junit.AutoTests" name="[53] /home/travis/build/icyphy/ptII/ptolemy/domains/sdf/lib/test/auto/MatrixSplit7.xml (RunModel)" time="0.018" />
  <testcase classname="ptolemy.util.test.junit.AutoTests" name="[54] /home/travis/build/icyphy/ptII/ptolemy/domains/sdf/lib/test/auto/MatrixSplit8.xml (RunModel)" time="0.02" />
  <testcase classname="ptolemy.util.test.junit.AutoTests" name="[55] /home/travis/build/icyphy/ptII/ptolemy/domains/sdf/lib/test/auto/MatrixSplit9.xml (RunModel)" time="0.022" />
  <testcase classname="ptolemy.util.test.junit.AutoTests" name="[56] /home/travis/build/icyphy/ptII/ptolemy/domains/sdf/lib/test/auto/MatrixToSequence.xml (RunModel)" time="0.043" />
  <testcase classname="ptolemy.util.test.junit.AutoTests" name="[57] /home/travis/build/icyphy/ptII/ptolemy/domains/sdf/lib/test/auto/MaximumEntropySpectrum.xml (RunModel)" time="0.097" />
  <testcase classname="ptolemy.util.test.junit.AutoTests" name="[58] /home/travis/build/icyphy/ptII/ptolemy/domains/sdf/lib/test/auto/SampleDelayConversion.xml (RunModel)" time="0.022" />
  <testcase classname="ptolemy.util.test.junit.AutoTests" name="[59] /home/travis/build/icyphy/ptII/ptolemy/domains/sdf/lib/test/auto/SequenceToArray.xml (RunModel)" time="0.059" />
  <testcase classname="ptolemy.util.test.junit.AutoTests" name="[60] /home/travis/build/icyphy/ptII/ptolemy/domains/sdf/lib/test/auto/SequenceToMatrix.xml (RunModel)" time="4.615" />
  <testcase classname="ptolemy.util.test.junit.AutoTests" name="[61] /home/travis/build/icyphy/ptII/ptolemy/domains/sdf/lib/test/auto/SmoothedPeriodogram.xml (RunModel)" time="0.075" />
  <testcase classname="ptolemy.util.test.junit.AutoTests" name="[62] /home/travis/build/icyphy/ptII/ptolemy/domains/sdf/lib/test/auto/UpDownSample1.xml (RunModel)" time="0.024" />
  <testcase classname="ptolemy.util.test.junit.AutoTests" name="[63] /home/travis/build/icyphy/ptII/ptolemy/domains/sdf/lib/test/auto/UpSample1.xml (RunModel)" time="0.012" />
  <testcase classname="ptolemy.util.test.junit.AutoTests" name="[64] /home/travis/build/icyphy/ptII/ptolemy/domains/sdf/lib/test/auto/VariableFIR.xml (RunModel)" time="0.026" />
  <testcase classname="ptolemy.util.test.junit.AutoTests" name="[65] /home/travis/build/icyphy/ptII/ptolemy/domains/sdf/lib/test/auto/VariableFIR2.xml (RunModel)" time="0.032" />
  <testcase classname="ptolemy.util.test.junit.AutoTests" name="[66] /home/travis/build/icyphy/ptII/ptolemy/domains/sdf/lib/test/auto/VariableLattice.xml (RunModel)" time="0.028" />
  <testcase classname="ptolemy.util.test.junit.AutoTests" name="[67] /home/travis/build/icyphy/ptII/ptolemy/domains/sdf/lib/test/auto/VariableLattice2.xml (RunModel)" time="0.023" />
  <testcase classname="ptolemy.util.test.junit.AutoTests" name="[68] /home/travis/build/icyphy/ptII/ptolemy/domains/sdf/lib/test/auto/VariableRecursiveLattice.xml (RunModel)" time="0.022" />
  <testcase classname="ptolemy.util.test.junit.AutoTests" name="[69] /home/travis/build/icyphy/ptII/ptolemy/domains/sdf/lib/test/auto/VariableRecursiveLattice2.xml (RunModel)" time="0.022" />
  <system-out><![CDATA[/home/travis/build/icyphy/ptII/ptolemy/domains/sdf/lib/test/ArrayToSequence.tcl
testDefs.tcl: setting time out to 9000 seconds at Thu May 31 20:36:42 UTC 2018
48 ms. Memory: 116224K Free: 85721K (74%)
22 ms. Memory: 116224K Free: 110152K (95%)
31 ms. Memory: 116224K Free: 108303K (93%)
19 ms. Memory: 116224K Free: 106470K (92%)
/home/travis/build/icyphy/ptII/ptolemy/domains/sdf/lib/test/BitsToInt.tcl
9 ms. Memory: 116224K Free: 104645K (90%)
12 ms. Memory: 116224K Free: 102828K (88%)
/home/travis/build/icyphy/ptII/ptolemy/domains/sdf/lib/test/DelayLine.tcl
11 ms. Memory: 116224K Free: 100979K (87%)
/home/travis/build/icyphy/ptII/ptolemy/domains/sdf/lib/test/FFT.tcl
9 ms. Memory: 116224K Free: 99130K (85%)
/home/travis/build/icyphy/ptII/ptolemy/domains/sdf/lib/test/FIR.tcl
15 ms. Memory: 116224K Free: 97273K (84%)
4 ms. Memory: 116224K Free: 96675K (83%)
ptolemy.kernel.util.IllegalActionException: multiplyReverse method not supported between ptolemy.data.FixToken 'fix(-0.0625,6,2)' and ptolemy.data.IntToken '1' because the types are incomparable.
  in .top.FIRclone
Because:
multiplyReverse method not supported between ptolemy.data.FixToken 'fix(-0.0625,6,2)' and ptolemy.data.IntToken '1' because the types are incomparable.
18 ms. Memory: 116224K Free: 93663K (81%)
/home/travis/build/icyphy/ptII/ptolemy/domains/sdf/lib/test/IntToBits.tcl
10 ms. Memory: 116224K Free: 92436K (80%)
7 ms. Memory: 116224K Free: 90587K (78%)
/home/travis/build/icyphy/ptII/ptolemy/domains/sdf/lib/test/MaximumEntropySpectrum.tcl
/home/travis/build/icyphy/ptII/ptolemy/domains/sdf/lib/test/Repeat.tcl
6 ms. Memory: 116224K Free: 90546K (78%)
/home/travis/build/icyphy/ptII/ptolemy/domains/sdf/lib/test/SampleDelay.tcl
4 ms. Memory: 116224K Free: 88719K (76%)
11 ms. Memory: 116224K Free: 87518K (75%)
12 ms. Memory: 116224K Free: 86917K (75%)
3 ms. Memory: 116224K Free: 86316K (74%)
3 ms. Memory: 116224K Free: 85715K (74%)
2 ms. Memory: 116224K Free: 85115K (73%)
/home/travis/build/icyphy/ptII/ptolemy/domains/sdf/lib/test/SequenceToArray.tcl
5 ms. Memory: 116224K Free: 83280K (72%)
4 ms. Memory: 116224K Free: 82648K (71%)
5 ms. Memory: 116224K Free: 81215K (70%)
5 ms. Memory: 116224K Free: 110317K (95%)
05/31/18 08:36:43
Failed: 0  Total Tests: 41  ((Passed: 41, Newly Passed: 0)  Known Failed: 0) /home/travis/build/icyphy/ptII/ptolemy/domains/sdf/lib/test
No auto/knownFailedTests/*.xml tests in /home/travis/build/icyphy/ptII/ptolemy/domains/sdf/lib/test
No auto/linux-amd64/*.xml tests in /home/travis/build/icyphy/ptII/ptolemy/domains/sdf/lib/test
AutoTests.java: About to close Vertx.
AutoTests.java: Vertx closed.

===========================================================================================
----------------- testing Thu May 31 20:36:43 UTC 2018 /home/travis/build/icyphy/ptII/ptolemy/domains/sdf/lib/test/auto/ArrayToSequence.xml
----------------- Instantiating /home/travis/build/icyphy/ptII/ptolemy/domains/sdf/lib/test/auto/ArrayToSequence.xml
30 ms. Memory: 146944K Free: 131388K (89%)
----------------- Invoking toplevel() on ptolemy.moml.MoMLSimpleApplication@69d93a0
----------------- Done invoking toplevel() on ptolemy.moml.MoMLSimpleApplication@69d93a0
reloadAllAccessors: .ArrayToSequence

===========================================================================================
----------------- testing Thu May 31 20:36:43 UTC 2018 /home/travis/build/icyphy/ptII/ptolemy/domains/sdf/lib/test/auto/ArrayToSequenceTest.xml
----------------- Instantiating /home/travis/build/icyphy/ptII/ptolemy/domains/sdf/lib/test/auto/ArrayToSequenceTest.xml
18 ms. Memory: 146944K Free: 124005K (84%)
----------------- Invoking toplevel() on ptolemy.moml.MoMLSimpleApplication@3a55a5d9
----------------- Done invoking toplevel() on ptolemy.moml.MoMLSimpleApplication@3a55a5d9
reloadAllAccessors: .ArrayToSequenceTest

===========================================================================================
----------------- testing Thu May 31 20:36:43 UTC 2018 /home/travis/build/icyphy/ptII/ptolemy/domains/sdf/lib/test/auto/Autocorrelation.xml
----------------- Instantiating /home/travis/build/icyphy/ptII/ptolemy/domains/sdf/lib/test/auto/Autocorrelation.xml
4 ms. Memory: 146944K Free: 119435K (81%)
----------------- Invoking toplevel() on ptolemy.moml.MoMLSimpleApplication@3273048f
----------------- Done invoking toplevel() on ptolemy.moml.MoMLSimpleApplication@3273048f
reloadAllAccessors: .Autocorrelation

===========================================================================================
----------------- testing Thu May 31 20:36:43 UTC 2018 /home/travis/build/icyphy/ptII/ptolemy/domains/sdf/lib/test/auto/Autocorrelation2.xml
----------------- Instantiating /home/travis/build/icyphy/ptII/ptolemy/domains/sdf/lib/test/auto/Autocorrelation2.xml
4 ms. Memory: 146944K Free: 114801K (78%)
----------------- Invoking toplevel() on ptolemy.moml.MoMLSimpleApplication@45bb8506
----------------- Done invoking toplevel() on ptolemy.moml.MoMLSimpleApplication@45bb8506
reloadAllAccessors: .Autocorrelation2

===========================================================================================
----------------- testing Thu May 31 20:36:43 UTC 2018 /home/travis/build/icyphy/ptII/ptolemy/domains/sdf/lib/test/auto/Autocorrelation3.xml
----------------- Instantiating /home/travis/build/icyphy/ptII/ptolemy/domains/sdf/lib/test/auto/Autocorrelation3.xml
3 ms. Memory: 146944K Free: 109530K (75%)
----------------- Invoking toplevel() on ptolemy.moml.MoMLSimpleApplication@37a9a0c5
----------------- Done invoking toplevel() on ptolemy.moml.MoMLSimpleApplication@37a9a0c5
reloadAllAccessors: .Autocorrelation3

===========================================================================================
----------------- testing Thu May 31 20:36:43 UTC 2018 /home/travis/build/icyphy/ptII/ptolemy/domains/sdf/lib/test/auto/Autocorrelation4.xml
----------------- Instantiating /home/travis/build/icyphy/ptII/ptolemy/domains/sdf/lib/test/auto/Autocorrelation4.xml
4 ms. Memory: 146944K Free: 104614K (71%)
----------------- Invoking toplevel() on ptolemy.moml.MoMLSimpleApplication@3493f05c
----------------- Done invoking toplevel() on ptolemy.moml.MoMLSimpleApplication@3493f05c
reloadAllAccessors: .Autocorrelation4

===========================================================================================
----------------- testing Thu May 31 20:36:43 UTC 2018 /home/travis/build/icyphy/ptII/ptolemy/domains/sdf/lib/test/auto/Autocorrelation5.xml
----------------- Instantiating /home/travis/build/icyphy/ptII/ptolemy/domains/sdf/lib/test/auto/Autocorrelation5.xml
53 ms. Memory: 146944K Free: 97171K (66%)
----------------- Invoking toplevel() on ptolemy.moml.MoMLSimpleApplication@52da82d
----------------- Done invoking toplevel() on ptolemy.moml.MoMLSimpleApplication@52da82d
reloadAllAccessors: .Autocorrelation5

===========================================================================================
----------------- testing Thu May 31 20:36:43 UTC 2018 /home/travis/build/icyphy/ptII/ptolemy/domains/sdf/lib/test/auto/BitsToInt.xml
----------------- Instantiating /home/travis/build/icyphy/ptII/ptolemy/domains/sdf/lib/test/auto/BitsToInt.xml
3 ms. Memory: 146944K Free: 92736K (63%)
----------------- Invoking toplevel() on ptolemy.moml.MoMLSimpleApplication@5a98a6cb
----------------- Done invoking toplevel() on ptolemy.moml.MoMLSimpleApplication@5a98a6cb
reloadAllAccessors: .BitsToInt

===========================================================================================
----------------- testing Thu May 31 20:36:43 UTC 2018 /home/travis/build/icyphy/ptII/ptolemy/domains/sdf/lib/test/auto/BooleanJoin.xml
----------------- Instantiating /home/travis/build/icyphy/ptII/ptolemy/domains/sdf/lib/test/auto/BooleanJoin.xml
3 ms. Memory: 146944K Free: 88102K (60%)
----------------- Invoking toplevel() on ptolemy.moml.MoMLSimpleApplication@16e9d82a
----------------- Done invoking toplevel() on ptolemy.moml.MoMLSimpleApplication@16e9d82a
reloadAllAccessors: .BooleanJoin

===========================================================================================
----------------- testing Thu May 31 20:36:43 UTC 2018 /home/travis/build/icyphy/ptII/ptolemy/domains/sdf/lib/test/auto/BootstrapSampleDelay.xml
----------------- Instantiating /home/travis/build/icyphy/ptII/ptolemy/domains/sdf/lib/test/auto/BootstrapSampleDelay.xml
8 ms. Memory: 146944K Free: 84351K (57%)
----------------- Invoking toplevel() on ptolemy.moml.MoMLSimpleApplication@582bfc6a
----------------- Done invoking toplevel() on ptolemy.moml.MoMLSimpleApplication@582bfc6a
reloadAllAccessors: .BootstrapSampleDelay

===========================================================================================
----------------- testing Thu May 31 20:36:43 UTC 2018 /home/travis/build/icyphy/ptII/ptolemy/domains/sdf/lib/test/auto/Chop.xml
----------------- Instantiating /home/travis/build/icyphy/ptII/ptolemy/domains/sdf/lib/test/auto/Chop.xml
6 ms. Memory: 146944K Free: 136749K (93%)
----------------- Invoking toplevel() on ptolemy.moml.MoMLSimpleApplication@32e7c387
----------------- Done invoking toplevel() on ptolemy.moml.MoMLSimpleApplication@32e7c387
reloadAllAccessors: .Chop

===========================================================================================
----------------- testing Thu May 31 20:36:44 UTC 2018 /home/travis/build/icyphy/ptII/ptolemy/domains/sdf/lib/test/auto/Chop2.xml
----------------- Instantiating /home/travis/build/icyphy/ptII/ptolemy/domains/sdf/lib/test/auto/Chop2.xml
17 ms. Memory: 146944K Free: 129647K (88%)
----------------- Invoking toplevel() on ptolemy.moml.MoMLSimpleApplication@72c32791
----------------- Done invoking toplevel() on ptolemy.moml.MoMLSimpleApplication@72c32791
reloadAllAccessors: .Chop2

===========================================================================================
----------------- testing Thu May 31 20:36:44 UTC 2018 /home/travis/build/icyphy/ptII/ptolemy/domains/sdf/lib/test/auto/ComplexJoin.xml
----------------- Instantiating /home/travis/build/icyphy/ptII/ptolemy/domains/sdf/lib/test/auto/ComplexJoin.xml
12 ms. Memory: 146944K Free: 124861K (85%)
----------------- Invoking toplevel() on ptolemy.moml.MoMLSimpleApplication@790fe86c
----------------- Done invoking toplevel() on ptolemy.moml.MoMLSimpleApplication@790fe86c
reloadAllAccessors: .ComplexJoin

===========================================================================================
----------------- testing Thu May 31 20:36:44 UTC 2018 /home/travis/build/icyphy/ptII/ptolemy/domains/sdf/lib/test/auto/CountTrues.xml
----------------- Instantiating /home/travis/build/icyphy/ptII/ptolemy/domains/sdf/lib/test/auto/CountTrues.xml
4 ms. Memory: 146944K Free: 120707K (82%)
----------------- Invoking toplevel() on ptolemy.moml.MoMLSimpleApplication@2bfe603e
----------------- Done invoking toplevel() on ptolemy.moml.MoMLSimpleApplication@2bfe603e
reloadAllAccessors: .CountTrues

===========================================================================================
----------------- testing Thu May 31 20:36:44 UTC 2018 /home/travis/build/icyphy/ptII/ptolemy/domains/sdf/lib/test/auto/DelayLine.xml
----------------- Instantiating /home/travis/build/icyphy/ptII/ptolemy/domains/sdf/lib/test/auto/DelayLine.xml
6 ms. Memory: 146944K Free: 114780K (78%)
----------------- Invoking toplevel() on ptolemy.moml.MoMLSimpleApplication@77502c2c
----------------- Done invoking toplevel() on ptolemy.moml.MoMLSimpleApplication@77502c2c
reloadAllAccessors: .DelayLine

===========================================================================================
----------------- testing Thu May 31 20:36:44 UTC 2018 /home/travis/build/icyphy/ptII/ptolemy/domains/sdf/lib/test/auto/DotProduct.xml
----------------- Instantiating /home/travis/build/icyphy/ptII/ptolemy/domains/sdf/lib/test/auto/DotProduct.xml
7 ms. Memory: 146944K Free: 110646K (75%)
----------------- Invoking toplevel() on ptolemy.moml.MoMLSimpleApplication@24bd789d
----------------- Done invoking toplevel() on ptolemy.moml.MoMLSimpleApplication@24bd789d
reloadAllAccessors: .DotProduct

===========================================================================================
----------------- testing Thu May 31 20:36:44 UTC 2018 /home/travis/build/icyphy/ptII/ptolemy/domains/sdf/lib/test/auto/DotProductMatrix.xml
----------------- Instantiating /home/travis/build/icyphy/ptII/ptolemy/domains/sdf/lib/test/auto/DotProductMatrix.xml
6 ms. Memory: 146944K Free: 107337K (73%)
----------------- Invoking toplevel() on ptolemy.moml.MoMLSimpleApplication@64f355d7
----------------- Done invoking toplevel() on ptolemy.moml.MoMLSimpleApplication@64f355d7
reloadAllAccessors: .DotProductMatrix

===========================================================================================
----------------- testing Thu May 31 20:36:44 UTC 2018 /home/travis/build/icyphy/ptII/ptolemy/domains/sdf/lib/test/auto/DownSample1.xml
----------------- Instantiating /home/travis/build/icyphy/ptII/ptolemy/domains/sdf/lib/test/auto/DownSample1.xml
3 ms. Memory: 146944K Free: 103167K (70%)
----------------- Invoking toplevel() on ptolemy.moml.MoMLSimpleApplication@5386ec58
----------------- Done invoking toplevel() on ptolemy.moml.MoMLSimpleApplication@5386ec58
reloadAllAccessors: .DownSample1

===========================================================================================
----------------- testing Thu May 31 20:36:44 UTC 2018 /home/travis/build/icyphy/ptII/ptolemy/domains/sdf/lib/test/auto/DynamicRateChange.xml
----------------- Instantiating /home/travis/build/icyphy/ptII/ptolemy/domains/sdf/lib/test/auto/DynamicRateChange.xml
7 ms. Memory: 146944K Free: 96926K (66%)
----------------- Invoking toplevel() on ptolemy.moml.MoMLSimpleApplication@1bdff3f5
----------------- Done invoking toplevel() on ptolemy.moml.MoMLSimpleApplication@1bdff3f5
reloadAllAccessors: .DynamicRateChange

===========================================================================================
----------------- testing Thu May 31 20:36:44 UTC 2018 /home/travis/build/icyphy/ptII/ptolemy/domains/sdf/lib/test/auto/DynamicRates.xml
----------------- Instantiating /home/travis/build/icyphy/ptII/ptolemy/domains/sdf/lib/test/auto/DynamicRates.xml
18 ms. Memory: 146944K Free: 90723K (62%)
----------------- Invoking toplevel() on ptolemy.moml.MoMLSimpleApplication@5d2c0d85
----------------- Done invoking toplevel() on ptolemy.moml.MoMLSimpleApplication@5d2c0d85
reloadAllAccessors: .DynamicRates

===========================================================================================
----------------- testing Thu May 31 20:36:44 UTC 2018 /home/travis/build/icyphy/ptII/ptolemy/domains/sdf/lib/test/auto/FFT1.xml
----------------- Instantiating /home/travis/build/icyphy/ptII/ptolemy/domains/sdf/lib/test/auto/FFT1.xml
12 ms. Memory: 146944K Free: 86113K (59%)
----------------- Invoking toplevel() on ptolemy.moml.MoMLSimpleApplication@257e1ccd
----------------- Done invoking toplevel() on ptolemy.moml.MoMLSimpleApplication@257e1ccd
reloadAllAccessors: .FFT1

===========================================================================================
----------------- testing Thu May 31 20:36:44 UTC 2018 /home/travis/build/icyphy/ptII/ptolemy/domains/sdf/lib/test/auto/FIR1.xml
----------------- Instantiating /home/travis/build/icyphy/ptII/ptolemy/domains/sdf/lib/test/auto/FIR1.xml
25 ms. Memory: 146944K Free: 78281K (53%)
----------------- Invoking toplevel() on ptolemy.moml.MoMLSimpleApplication@1710c8bf
----------------- Done invoking toplevel() on ptolemy.moml.MoMLSimpleApplication@1710c8bf
reloadAllAccessors: .FIR1

===========================================================================================
----------------- testing Thu May 31 20:36:44 UTC 2018 /home/travis/build/icyphy/ptII/ptolemy/domains/sdf/lib/test/auto/FIR2.xml
----------------- Instantiating /home/travis/build/icyphy/ptII/ptolemy/domains/sdf/lib/test/auto/FIR2.xml
3 ms. Memory: 209920K Free: 198683K (95%)
----------------- Invoking toplevel() on ptolemy.moml.MoMLSimpleApplication@78fd6624
----------------- Done invoking toplevel() on ptolemy.moml.MoMLSimpleApplication@78fd6624
reloadAllAccessors: .FIR2

===========================================================================================
----------------- testing Thu May 31 20:36:44 UTC 2018 /home/travis/build/icyphy/ptII/ptolemy/domains/sdf/lib/test/auto/FIR4.xml
----------------- Instantiating /home/travis/build/icyphy/ptII/ptolemy/domains/sdf/lib/test/auto/FIR4.xml
6 ms. Memory: 209920K Free: 189431K (90%)
----------------- Invoking toplevel() on ptolemy.moml.MoMLSimpleApplication@4c364109
----------------- Done invoking toplevel() on ptolemy.moml.MoMLSimpleApplication@4c364109
reloadAllAccessors: .FIR4

===========================================================================================
----------------- testing Thu May 31 20:36:44 UTC 2018 /home/travis/build/icyphy/ptII/ptolemy/domains/sdf/lib/test/auto/FixJoin.xml
----------------- Instantiating /home/travis/build/icyphy/ptII/ptolemy/domains/sdf/lib/test/auto/FixJoin.xml
7 ms. Memory: 209920K Free: 184468K (88%)
----------------- Invoking toplevel() on ptolemy.moml.MoMLSimpleApplication@f468230
----------------- Done invoking toplevel() on ptolemy.moml.MoMLSimpleApplication@f468230
reloadAllAccessors: .FixJoin

===========================================================================================
----------------- testing Thu May 31 20:36:44 UTC 2018 /home/travis/build/icyphy/ptII/ptolemy/domains/sdf/lib/test/auto/IntJoin1.xml
----------------- Instantiating /home/travis/build/icyphy/ptII/ptolemy/domains/sdf/lib/test/auto/IntJoin1.xml
4 ms. Memory: 209920K Free: 178477K (85%)
----------------- Invoking toplevel() on ptolemy.moml.MoMLSimpleApplication@241ae883
----------------- Done invoking toplevel() on ptolemy.moml.MoMLSimpleApplication@241ae883
reloadAllAccessors: .IntJoin1

===========================================================================================
----------------- testing Thu May 31 20:36:44 UTC 2018 /home/travis/build/icyphy/ptII/ptolemy/domains/sdf/lib/test/auto/IntJoin2.xml
----------------- Instantiating /home/travis/build/icyphy/ptII/ptolemy/domains/sdf/lib/test/auto/IntJoin2.xml
6 ms. Memory: 209920K Free: 173527K (83%)
----------------- Invoking toplevel() on ptolemy.moml.MoMLSimpleApplication@287821e5
----------------- Done invoking toplevel() on ptolemy.moml.MoMLSimpleApplication@287821e5
reloadAllAccessors: .IntJoin2

===========================================================================================
----------------- testing Thu May 31 20:36:44 UTC 2018 /home/travis/build/icyphy/ptII/ptolemy/domains/sdf/lib/test/auto/IntJoin3.xml
----------------- Instantiating /home/travis/build/icyphy/ptII/ptolemy/domains/sdf/lib/test/auto/IntJoin3.xml
3 ms. Memory: 209920K Free: 168572K (80%)
----------------- Invoking toplevel() on ptolemy.moml.MoMLSimpleApplication@1ec6bb63
----------------- Done invoking toplevel() on ptolemy.moml.MoMLSimpleApplication@1ec6bb63
reloadAllAccessors: .IntJoin3

===========================================================================================
----------------- testing Thu May 31 20:36:44 UTC 2018 /home/travis/build/icyphy/ptII/ptolemy/domains/sdf/lib/test/auto/IntJoin4.xml
----------------- Instantiating /home/travis/build/icyphy/ptII/ptolemy/domains/sdf/lib/test/auto/IntJoin4.xml
5 ms. Memory: 209920K Free: 162581K (77%)
----------------- Invoking toplevel() on ptolemy.moml.MoMLSimpleApplication@4b24a1fb
----------------- Done invoking toplevel() on ptolemy.moml.MoMLSimpleApplication@4b24a1fb
reloadAllAccessors: .IntJoin4

===========================================================================================
----------------- testing Thu May 31 20:36:44 UTC 2018 /home/travis/build/icyphy/ptII/ptolemy/domains/sdf/lib/test/auto/IntJoin5.xml
----------------- Instantiating /home/travis/build/icyphy/ptII/ptolemy/domains/sdf/lib/test/auto/IntJoin5.xml
4 ms. Memory: 209920K Free: 157626K (75%)
----------------- Invoking toplevel() on ptolemy.moml.MoMLSimpleApplication@359b1e0e
----------------- Done invoking toplevel() on ptolemy.moml.MoMLSimpleApplication@359b1e0e
reloadAllAccessors: .IntJoin5

===========================================================================================
----------------- testing Thu May 31 20:36:44 UTC 2018 /home/travis/build/icyphy/ptII/ptolemy/domains/sdf/lib/test/auto/IntToBits.xml
----------------- Instantiating /home/travis/build/icyphy/ptII/ptolemy/domains/sdf/lib/test/auto/IntToBits.xml
9 ms. Memory: 209920K Free: 153529K (73%)
----------------- Invoking toplevel() on ptolemy.moml.MoMLSimpleApplication@2e80c07a
----------------- Done invoking toplevel() on ptolemy.moml.MoMLSimpleApplication@2e80c07a
reloadAllAccessors: .IntToBits

===========================================================================================
----------------- testing Thu May 31 20:36:44 UTC 2018 /home/travis/build/icyphy/ptII/ptolemy/domains/sdf/lib/test/auto/LMSAdaptive.xml
----------------- Instantiating /home/travis/build/icyphy/ptII/ptolemy/domains/sdf/lib/test/auto/LMSAdaptive.xml
14 ms. Memory: 209920K Free: 143450K (68%)
----------------- Invoking toplevel() on ptolemy.moml.MoMLSimpleApplication@99a6353
----------------- Done invoking toplevel() on ptolemy.moml.MoMLSimpleApplication@99a6353
reloadAllAccessors: .LMSAdaptive

===========================================================================================
----------------- testing Thu May 31 20:36:44 UTC 2018 /home/travis/build/icyphy/ptII/ptolemy/domains/sdf/lib/test/auto/LMSAdaptiveFIR.xml
----------------- Instantiating /home/travis/build/icyphy/ptII/ptolemy/domains/sdf/lib/test/auto/LMSAdaptiveFIR.xml
328 ms. Memory: 209920K Free: 103276K (49%)
----------------- Invoking toplevel() on ptolemy.moml.MoMLSimpleApplication@11d2f193
----------------- Done invoking toplevel() on ptolemy.moml.MoMLSimpleApplication@11d2f193
reloadAllAccessors: .LMSAdaptiveFIR

===========================================================================================
----------------- testing Thu May 31 20:36:45 UTC 2018 /home/travis/build/icyphy/ptII/ptolemy/domains/sdf/lib/test/auto/LMSAdaptiveFIR2.xml
----------------- Instantiating /home/travis/build/icyphy/ptII/ptolemy/domains/sdf/lib/test/auto/LMSAdaptiveFIR2.xml
460 ms. Memory: 210432K Free: 163978K (78%)
----------------- Invoking toplevel() on ptolemy.moml.MoMLSimpleApplication@a1f711d
----------------- Done invoking toplevel() on ptolemy.moml.MoMLSimpleApplication@a1f711d
reloadAllAccessors: .LMSAdaptiveFIR2

===========================================================================================
----------------- testing Thu May 31 20:36:45 UTC 2018 /home/travis/build/icyphy/ptII/ptolemy/domains/sdf/lib/test/auto/LongJoin.xml
----------------- Instantiating /home/travis/build/icyphy/ptII/ptolemy/domains/sdf/lib/test/auto/LongJoin.xml
6 ms. Memory: 210432K Free: 157612K (75%)
----------------- Invoking toplevel() on ptolemy.moml.MoMLSimpleApplication@667c70ff
----------------- Done invoking toplevel() on ptolemy.moml.MoMLSimpleApplication@667c70ff
reloadAllAccessors: .LongJoin

===========================================================================================
----------------- testing Thu May 31 20:36:45 UTC 2018 /home/travis/build/icyphy/ptII/ptolemy/domains/sdf/lib/test/auto/Matrix1.xml
----------------- Instantiating /home/travis/build/icyphy/ptII/ptolemy/domains/sdf/lib/test/auto/Matrix1.xml
4 ms. Memory: 210432K Free: 152814K (73%)
----------------- Invoking toplevel() on ptolemy.moml.MoMLSimpleApplication@c66c2e7
----------------- Done invoking toplevel() on ptolemy.moml.MoMLSimpleApplication@c66c2e7
reloadAllAccessors: .Matrix1

===========================================================================================
----------------- testing Thu May 31 20:36:46 UTC 2018 /home/travis/build/icyphy/ptII/ptolemy/domains/sdf/lib/test/auto/Matrix2.xml
----------------- Instantiating /home/travis/build/icyphy/ptII/ptolemy/domains/sdf/lib/test/auto/Matrix2.xml
4 ms. Memory: 210432K Free: 148718K (71%)
----------------- Invoking toplevel() on ptolemy.moml.MoMLSimpleApplication@209f7f75
----------------- Done invoking toplevel() on ptolemy.moml.MoMLSimpleApplication@209f7f75
reloadAllAccessors: .Matrix2

===========================================================================================
----------------- testing Thu May 31 20:36:46 UTC 2018 /home/travis/build/icyphy/ptII/ptolemy/domains/sdf/lib/test/auto/MatrixJoin1.xml
----------------- Instantiating /home/travis/build/icyphy/ptII/ptolemy/domains/sdf/lib/test/auto/MatrixJoin1.xml
2 ms. Memory: 210432K Free: 143021K (68%)
----------------- Invoking toplevel() on ptolemy.moml.MoMLSimpleApplication@2b3a7470
----------------- Done invoking toplevel() on ptolemy.moml.MoMLSimpleApplication@2b3a7470
reloadAllAccessors: .MatrixJoin1

===========================================================================================
----------------- testing Thu May 31 20:36:46 UTC 2018 /home/travis/build/icyphy/ptII/ptolemy/domains/sdf/lib/test/auto/MatrixJoin2.xml
----------------- Instantiating /home/travis/build/icyphy/ptII/ptolemy/domains/sdf/lib/test/auto/MatrixJoin2.xml
3 ms. Memory: 210432K Free: 138066K (66%)
----------------- Invoking toplevel() on ptolemy.moml.MoMLSimpleApplication@2be3f5ff
----------------- Done invoking toplevel() on ptolemy.moml.MoMLSimpleApplication@2be3f5ff
reloadAllAccessors: .MatrixJoin2

===========================================================================================
----------------- testing Thu May 31 20:36:46 UTC 2018 /home/travis/build/icyphy/ptII/ptolemy/domains/sdf/lib/test/auto/MatrixJoin3.xml
----------------- Instantiating /home/travis/build/icyphy/ptII/ptolemy/domains/sdf/lib/test/auto/MatrixJoin3.xml
4 ms. Memory: 210432K Free: 132417K (63%)
----------------- Invoking toplevel() on ptolemy.moml.MoMLSimpleApplication@5380e83d
----------------- Done invoking toplevel() on ptolemy.moml.MoMLSimpleApplication@5380e83d
reloadAllAccessors: .MatrixJoin3

===========================================================================================
----------------- testing Thu May 31 20:36:46 UTC 2018 /home/travis/build/icyphy/ptII/ptolemy/domains/sdf/lib/test/auto/MatrixJoin4.xml
----------------- Instantiating /home/travis/build/icyphy/ptII/ptolemy/domains/sdf/lib/test/auto/MatrixJoin4.xml
3 ms. Memory: 210432K Free: 127469K (61%)
----------------- Invoking toplevel() on ptolemy.moml.MoMLSimpleApplication@79f0ab22
----------------- Done invoking toplevel() on ptolemy.moml.MoMLSimpleApplication@79f0ab22
reloadAllAccessors: .MatrixJoin4

===========================================================================================
----------------- testing Thu May 31 20:36:46 UTC 2018 /home/travis/build/icyphy/ptII/ptolemy/domains/sdf/lib/test/auto/MatrixJoin5.xml
----------------- Instantiating /home/travis/build/icyphy/ptII/ptolemy/domains/sdf/lib/test/auto/MatrixJoin5.xml
5 ms. Memory: 210432K Free: 121805K (58%)
----------------- Invoking toplevel() on ptolemy.moml.MoMLSimpleApplication@752fb800
----------------- Done invoking toplevel() on ptolemy.moml.MoMLSimpleApplication@752fb800
reloadAllAccessors: .MatrixJoin5

===========================================================================================
----------------- testing Thu May 31 20:36:46 UTC 2018 /home/travis/build/icyphy/ptII/ptolemy/domains/sdf/lib/test/auto/MatrixSplit1.xml
----------------- Instantiating /home/travis/build/icyphy/ptII/ptolemy/domains/sdf/lib/test/auto/MatrixSplit1.xml
6 ms. Memory: 210432K Free: 115353K (55%)
----------------- Invoking toplevel() on ptolemy.moml.MoMLSimpleApplication@352d6fff
----------------- Done invoking toplevel() on ptolemy.moml.MoMLSimpleApplication@352d6fff
reloadAllAccessors: .MatrixSplit1

===========================================================================================
----------------- testing Thu May 31 20:36:46 UTC 2018 /home/travis/build/icyphy/ptII/ptolemy/domains/sdf/lib/test/auto/MatrixSplit10.xml
----------------- Instantiating /home/travis/build/icyphy/ptII/ptolemy/domains/sdf/lib/test/auto/MatrixSplit10.xml
5 ms. Memory: 210432K Free: 111257K (53%)
----------------- Invoking toplevel() on ptolemy.moml.MoMLSimpleApplication@51731a2c
----------------- Done invoking toplevel() on ptolemy.moml.MoMLSimpleApplication@51731a2c
reloadAllAccessors: .MatrixSplit10

===========================================================================================
----------------- testing Thu May 31 20:36:46 UTC 2018 /home/travis/build/icyphy/ptII/ptolemy/domains/sdf/lib/test/auto/MatrixSplit11.xml
----------------- Instantiating /home/travis/build/icyphy/ptII/ptolemy/domains/sdf/lib/test/auto/MatrixSplit11.xml
3 ms. Memory: 210432K Free: 106459K (51%)
----------------- Invoking toplevel() on ptolemy.moml.MoMLSimpleApplication@45a0a3df
----------------- Done invoking toplevel() on ptolemy.moml.MoMLSimpleApplication@45a0a3df
reloadAllAccessors: .MatrixSplit11

===========================================================================================
----------------- testing Thu May 31 20:36:46 UTC 2018 /home/travis/build/icyphy/ptII/ptolemy/domains/sdf/lib/test/auto/MatrixSplit12.xml
----------------- Instantiating /home/travis/build/icyphy/ptII/ptolemy/domains/sdf/lib/test/auto/MatrixSplit12.xml
4 ms. Memory: 210432K Free: 102347K (49%)
----------------- Invoking toplevel() on ptolemy.moml.MoMLSimpleApplication@22df534d
----------------- Done invoking toplevel() on ptolemy.moml.MoMLSimpleApplication@22df534d
reloadAllAccessors: .MatrixSplit12

===========================================================================================
----------------- testing Thu May 31 20:36:46 UTC 2018 /home/travis/build/icyphy/ptII/ptolemy/domains/sdf/lib/test/auto/MatrixSplit13.xml
----------------- Instantiating /home/travis/build/icyphy/ptII/ptolemy/domains/sdf/lib/test/auto/MatrixSplit13.xml
5 ms. Memory: 210432K Free: 97549K (46%)
----------------- Invoking toplevel() on ptolemy.moml.MoMLSimpleApplication@79c3a523
----------------- Done invoking toplevel() on ptolemy.moml.MoMLSimpleApplication@79c3a523
reloadAllAccessors: .MatrixSplit13

===========================================================================================
----------------- testing Thu May 31 20:36:46 UTC 2018 /home/travis/build/icyphy/ptII/ptolemy/domains/sdf/lib/test/auto/MatrixSplit14.xml
----------------- Instantiating /home/travis/build/icyphy/ptII/ptolemy/domains/sdf/lib/test/auto/MatrixSplit14.xml
2 ms. Memory: 210432K Free: 93437K (44%)
----------------- Invoking toplevel() on ptolemy.moml.MoMLSimpleApplication@e3918b3
----------------- Done invoking toplevel() on ptolemy.moml.MoMLSimpleApplication@e3918b3
reloadAllAccessors: .MatrixSplit14

===========================================================================================
----------------- testing Thu May 31 20:36:46 UTC 2018 /home/travis/build/icyphy/ptII/ptolemy/domains/sdf/lib/test/auto/MatrixSplit2.xml
----------------- Instantiating /home/travis/build/icyphy/ptII/ptolemy/domains/sdf/lib/test/auto/MatrixSplit2.xml
3 ms. Memory: 210432K Free: 88591K (42%)
----------------- Invoking toplevel() on ptolemy.moml.MoMLSimpleApplication@307e99c7
----------------- Done invoking toplevel() on ptolemy.moml.MoMLSimpleApplication@307e99c7
reloadAllAccessors: .MatrixSplit2

===========================================================================================
----------------- testing Thu May 31 20:36:46 UTC 2018 /home/travis/build/icyphy/ptII/ptolemy/domains/sdf/lib/test/auto/MatrixSplit3.xml
----------------- Instantiating /home/travis/build/icyphy/ptII/ptolemy/domains/sdf/lib/test/auto/MatrixSplit3.xml
2 ms. Memory: 210432K Free: 83778K (40%)
----------------- Invoking toplevel() on ptolemy.moml.MoMLSimpleApplication@e3607d7
----------------- Done invoking toplevel() on ptolemy.moml.MoMLSimpleApplication@e3607d7
reloadAllAccessors: .MatrixSplit3

===========================================================================================
----------------- testing Thu May 31 20:36:46 UTC 2018 /home/travis/build/icyphy/ptII/ptolemy/domains/sdf/lib/test/auto/MatrixSplit4.xml
----------------- Instantiating /home/travis/build/icyphy/ptII/ptolemy/domains/sdf/lib/test/auto/MatrixSplit4.xml
2 ms. Memory: 210432K Free: 79682K (38%)
----------------- Invoking toplevel() on ptolemy.moml.MoMLSimpleApplication@4981a6fa
----------------- Done invoking toplevel() on ptolemy.moml.MoMLSimpleApplication@4981a6fa
reloadAllAccessors: .MatrixSplit4

===========================================================================================
----------------- testing Thu May 31 20:36:46 UTC 2018 /home/travis/build/icyphy/ptII/ptolemy/domains/sdf/lib/test/auto/MatrixSplit5.xml
----------------- Instantiating /home/travis/build/icyphy/ptII/ptolemy/domains/sdf/lib/test/auto/MatrixSplit5.xml
2 ms. Memory: 333312K Free: 321419K (96%)
----------------- Invoking toplevel() on ptolemy.moml.MoMLSimpleApplication@25ba2cc1
----------------- Done invoking toplevel() on ptolemy.moml.MoMLSimpleApplication@25ba2cc1
reloadAllAccessors: .MatrixSplit5

===========================================================================================
----------------- testing Thu May 31 20:36:46 UTC 2018 /home/travis/build/icyphy/ptII/ptolemy/domains/sdf/lib/test/auto/MatrixSplit6.xml
----------------- Instantiating /home/travis/build/icyphy/ptII/ptolemy/domains/sdf/lib/test/auto/MatrixSplit6.xml
2 ms. Memory: 333312K Free: 315319K (95%)
----------------- Invoking toplevel() on ptolemy.moml.MoMLSimpleApplication@7d7ca434
----------------- Done invoking toplevel() on ptolemy.moml.MoMLSimpleApplication@7d7ca434
reloadAllAccessors: .MatrixSplit6

===========================================================================================
----------------- testing Thu May 31 20:36:46 UTC 2018 /home/travis/build/icyphy/ptII/ptolemy/domains/sdf/lib/test/auto/MatrixSplit7.xml
----------------- Instantiating /home/travis/build/icyphy/ptII/ptolemy/domains/sdf/lib/test/auto/MatrixSplit7.xml
2 ms. Memory: 333312K Free: 310414K (93%)
----------------- Invoking toplevel() on ptolemy.moml.MoMLSimpleApplication@165cbf6
----------------- Done invoking toplevel() on ptolemy.moml.MoMLSimpleApplication@165cbf6
reloadAllAccessors: .MatrixSplit7

===========================================================================================
----------------- testing Thu May 31 20:36:46 UTC 2018 /home/travis/build/icyphy/ptII/ptolemy/domains/sdf/lib/test/auto/MatrixSplit8.xml
----------------- Instantiating /home/travis/build/icyphy/ptII/ptolemy/domains/sdf/lib/test/auto/MatrixSplit8.xml
1 ms. Memory: 333312K Free: 304500K (91%)
----------------- Invoking toplevel() on ptolemy.moml.MoMLSimpleApplication@2fbdeee1
----------------- Done invoking toplevel() on ptolemy.moml.MoMLSimpleApplication@2fbdeee1
reloadAllAccessors: .MatrixSplit8

===========================================================================================
----------------- testing Thu May 31 20:36:46 UTC 2018 /home/travis/build/icyphy/ptII/ptolemy/domains/sdf/lib/test/auto/MatrixSplit9.xml
----------------- Instantiating /home/travis/build/icyphy/ptII/ptolemy/domains/sdf/lib/test/auto/MatrixSplit9.xml
2 ms. Memory: 333312K Free: 299595K (90%)
----------------- Invoking toplevel() on ptolemy.moml.MoMLSimpleApplication@50c537b3
----------------- Done invoking toplevel() on ptolemy.moml.MoMLSimpleApplication@50c537b3
reloadAllAccessors: .MatrixSplit9

===========================================================================================
----------------- testing Thu May 31 20:36:46 UTC 2018 /home/travis/build/icyphy/ptII/ptolemy/domains/sdf/lib/test/auto/MatrixToSequence.xml
----------------- Instantiating /home/travis/build/icyphy/ptII/ptolemy/domains/sdf/lib/test/auto/MatrixToSequence.xml
5 ms. Memory: 333312K Free: 287141K (86%)
----------------- Invoking toplevel() on ptolemy.moml.MoMLSimpleApplication@146fb0ff
----------------- Done invoking toplevel() on ptolemy.moml.MoMLSimpleApplication@146fb0ff
reloadAllAccessors: .MatrixToSequence

===========================================================================================
----------------- testing Thu May 31 20:36:46 UTC 2018 /home/travis/build/icyphy/ptII/ptolemy/domains/sdf/lib/test/auto/MaximumEntropySpectrum.xml
----------------- Instantiating /home/travis/build/icyphy/ptII/ptolemy/domains/sdf/lib/test/auto/MaximumEntropySpectrum.xml
12 ms. Memory: 333312K Free: 262584K (79%)
----------------- Invoking toplevel() on ptolemy.moml.MoMLSimpleApplication@10163562
----------------- Done invoking toplevel() on ptolemy.moml.MoMLSimpleApplication@10163562
reloadAllAccessors: .MaximumEntropySpectrum

===========================================================================================
----------------- testing Thu May 31 20:36:46 UTC 2018 /home/travis/build/icyphy/ptII/ptolemy/domains/sdf/lib/test/auto/SampleDelayConversion.xml
----------------- Instantiating /home/travis/build/icyphy/ptII/ptolemy/domains/sdf/lib/test/auto/SampleDelayConversion.xml
2 ms. Memory: 333312K Free: 257679K (77%)
----------------- Invoking toplevel() on ptolemy.moml.MoMLSimpleApplication@246f7929
----------------- Done invoking toplevel() on ptolemy.moml.MoMLSimpleApplication@246f7929
reloadAllAccessors: .SampleDelayConversion

===========================================================================================
----------------- testing Thu May 31 20:36:46 UTC 2018 /home/travis/build/icyphy/ptII/ptolemy/domains/sdf/lib/test/auto/SequenceToArray.xml
----------------- Instantiating /home/travis/build/icyphy/ptII/ptolemy/domains/sdf/lib/test/auto/SequenceToArray.xml
13 ms. Memory: 333312K Free: 243574K (73%)
----------------- Invoking toplevel() on ptolemy.moml.MoMLSimpleApplication@ba94ef4
----------------- Done invoking toplevel() on ptolemy.moml.MoMLSimpleApplication@ba94ef4
reloadAllAccessors: .SequenceToArray

===========================================================================================
----------------- testing Thu May 31 20:36:46 UTC 2018 /home/travis/build/icyphy/ptII/ptolemy/domains/sdf/lib/test/auto/SequenceToMatrix.xml
----------------- Instantiating /home/travis/build/icyphy/ptII/ptolemy/domains/sdf/lib/test/auto/SequenceToMatrix.xml
4585 ms. Memory: 333824K Free: 90584K (27%)
----------------- Invoking toplevel() on ptolemy.moml.MoMLSimpleApplication@7add35e6
----------------- Done invoking toplevel() on ptolemy.moml.MoMLSimpleApplication@7add35e6
reloadAllAccessors: .SequenceToMatrix

===========================================================================================
----------------- testing Thu May 31 20:36:51 UTC 2018 /home/travis/build/icyphy/ptII/ptolemy/domains/sdf/lib/test/auto/SmoothedPeriodogram.xml
----------------- Instantiating /home/travis/build/icyphy/ptII/ptolemy/domains/sdf/lib/test/auto/SmoothedPeriodogram.xml
16 ms. Memory: 481792K Free: 464147K (96%)
----------------- Invoking toplevel() on ptolemy.moml.MoMLSimpleApplication@50676eb7
----------------- Done invoking toplevel() on ptolemy.moml.MoMLSimpleApplication@50676eb7
reloadAllAccessors: .SmoothedPeriodogram

===========================================================================================
----------------- testing Thu May 31 20:36:51 UTC 2018 /home/travis/build/icyphy/ptII/ptolemy/domains/sdf/lib/test/auto/UpDownSample1.xml
----------------- Instantiating /home/travis/build/icyphy/ptII/ptolemy/domains/sdf/lib/test/auto/UpDownSample1.xml
5 ms. Memory: 481792K Free: 455578K (95%)
----------------- Invoking toplevel() on ptolemy.moml.MoMLSimpleApplication@5712e2a3
----------------- Done invoking toplevel() on ptolemy.moml.MoMLSimpleApplication@5712e2a3
reloadAllAccessors: .UpDownSample1

===========================================================================================
----------------- testing Thu May 31 20:36:51 UTC 2018 /home/travis/build/icyphy/ptII/ptolemy/domains/sdf/lib/test/auto/UpSample1.xml
----------------- Instantiating /home/travis/build/icyphy/ptII/ptolemy/domains/sdf/lib/test/auto/UpSample1.xml
1 ms. Memory: 481792K Free: 449628K (93%)
----------------- Invoking toplevel() on ptolemy.moml.MoMLSimpleApplication@22a85713
----------------- Done invoking toplevel() on ptolemy.moml.MoMLSimpleApplication@22a85713
reloadAllAccessors: .UpSample1

===========================================================================================
----------------- testing Thu May 31 20:36:51 UTC 2018 /home/travis/build/icyphy/ptII/ptolemy/domains/sdf/lib/test/auto/VariableFIR.xml
----------------- Instantiating /home/travis/build/icyphy/ptII/ptolemy/domains/sdf/lib/test/auto/VariableFIR.xml
6 ms. Memory: 481792K Free: 441774K (92%)
----------------- Invoking toplevel() on ptolemy.moml.MoMLSimpleApplication@439bf8dc
----------------- Done invoking toplevel() on ptolemy.moml.MoMLSimpleApplication@439bf8dc
reloadAllAccessors: .VariableFIR

===========================================================================================
----------------- testing Thu May 31 20:36:51 UTC 2018 /home/travis/build/icyphy/ptII/ptolemy/domains/sdf/lib/test/auto/VariableFIR2.xml
----------------- Instantiating /home/travis/build/icyphy/ptII/ptolemy/domains/sdf/lib/test/auto/VariableFIR2.xml
3 ms. Memory: 481792K Free: 433205K (90%)
----------------- Invoking toplevel() on ptolemy.moml.MoMLSimpleApplication@7896ce92
----------------- Done invoking toplevel() on ptolemy.moml.MoMLSimpleApplication@7896ce92
reloadAllAccessors: .VariableFIR2

===========================================================================================
----------------- testing Thu May 31 20:36:51 UTC 2018 /home/travis/build/icyphy/ptII/ptolemy/domains/sdf/lib/test/auto/VariableLattice.xml
----------------- Instantiating /home/travis/build/icyphy/ptII/ptolemy/domains/sdf/lib/test/auto/VariableLattice.xml
3 ms. Memory: 481792K Free: 422018K (88%)
----------------- Invoking toplevel() on ptolemy.moml.MoMLSimpleApplication@4547ef73
----------------- Done invoking toplevel() on ptolemy.moml.MoMLSimpleApplication@4547ef73
reloadAllAccessors: .VariableLattice

===========================================================================================
----------------- testing Thu May 31 20:36:51 UTC 2018 /home/travis/build/icyphy/ptII/ptolemy/domains/sdf/lib/test/auto/VariableLattice2.xml
----------------- Instantiating /home/travis/build/icyphy/ptII/ptolemy/domains/sdf/lib/test/auto/VariableLattice2.xml
1.0
-1.999999602036
1.9099998677481
-0.9099996420674
0.205
0.0
0.0
1.0
-0.25
-0.5
0.0
0.0
0.0
0.0
4 ms. Memory: 481792K Free: 414164K (86%)
----------------- Invoking toplevel() on ptolemy.moml.MoMLSimpleApplication@2f26ada1
----------------- Done invoking toplevel() on ptolemy.moml.MoMLSimpleApplication@2f26ada1
reloadAllAccessors: .VariableLattice2

===========================================================================================
----------------- testing Thu May 31 20:36:51 UTC 2018 /home/travis/build/icyphy/ptII/ptolemy/domains/sdf/lib/test/auto/VariableRecursiveLattice.xml
----------------- Instantiating /home/travis/build/icyphy/ptII/ptolemy/domains/sdf/lib/test/auto/VariableRecursiveLattice.xml
7 ms. Memory: 481792K Free: 405595K (84%)
----------------- Invoking toplevel() on ptolemy.moml.MoMLSimpleApplication@7430a7d7
----------------- Done invoking toplevel() on ptolemy.moml.MoMLSimpleApplication@7430a7d7
reloadAllAccessors: .VariableRecursiveLattice

===========================================================================================
----------------- testing Thu May 31 20:36:51 UTC 2018 /home/travis/build/icyphy/ptII/ptolemy/domains/sdf/lib/test/auto/VariableRecursiveLattice2.xml
----------------- Instantiating /home/travis/build/icyphy/ptII/ptolemy/domains/sdf/lib/test/auto/VariableRecursiveLattice2.xml
6 ms. Memory: 481792K Free: 397741K (83%)
----------------- Invoking toplevel() on ptolemy.moml.MoMLSimpleApplication@7995adc9
----------------- Done invoking toplevel() on ptolemy.moml.MoMLSimpleApplication@7995adc9
reloadAllAccessors: .VariableRecursiveLattice2
AutoTests.java: About to close Vertx.
AutoTests.java: Vertx closed.
]]></system-out>
  <system-err><![CDATA[]]></system-err>
</testsuite>
