<?xml version="1.0" encoding="UTF-8" ?>
<testsuite errors="0" failures="0" hostname="travis-job-434024b8-5acd-4b10-97c1-f2eecad30fa3" name="ptolemy.domains.sdf.test.junit.JUnitTclTest" skipped="0" tests="66" time="20.355" timestamp="2018-05-16T01:57:23">
  <properties>
[...]
</properties>
  <testcase classname="ptolemy.util.test.junit.TclTests" name="[0] /home/travis/build/icyphy/ptII/ptolemy/domains/sdf/test/SDFSchedulerErrors.tcl (RunTclFile)" time="0.634" />
  <testcase classname="ptolemy.util.test.junit.TclTests" name="[1] /home/travis/build/icyphy/ptII/ptolemy/domains/sdf/test/composition.tcl (RunTclFile)" time="0.154" />
  <testcase classname="ptolemy.util.test.junit.TclTests" name="[2] /home/travis/build/icyphy/ptII/ptolemy/domains/sdf/test/cycle.tcl (RunTclFile)" time="0.032" />
  <testcase classname="ptolemy.util.test.junit.AutoKnownFailedTests" name="[0] ThereAreNoKnowFailedTests (RunModel)" time="0.001" />
  <testcase classname="ptolemy.util.test.junit.AutoNameArchTests" name="[0] ThereAreNoAutoTests (RunModel)" time="0.001" />
  <testcase classname="ptolemy.util.test.junit.AutoTests" name="[0] /home/travis/build/icyphy/ptII/ptolemy/domains/sdf/test/auto/Array.xml (RunModel)" time="0.248" />
  <testcase classname="ptolemy.util.test.junit.AutoTests" name="[1] /home/travis/build/icyphy/ptII/ptolemy/domains/sdf/test/auto/Butterfly.xml (RunModel)" time="0.177" />
  <testcase classname="ptolemy.util.test.junit.AutoTests" name="[2] /home/travis/build/icyphy/ptII/ptolemy/domains/sdf/test/auto/Expression.xml (RunModel)" time="0.138" />
  <testcase classname="ptolemy.util.test.junit.AutoTests" name="[3] /home/travis/build/icyphy/ptII/ptolemy/domains/sdf/test/auto/Eye.xml (RunModel)" time="0.322" />
  <testcase classname="ptolemy.util.test.junit.AutoTests" name="[4] /home/travis/build/icyphy/ptII/ptolemy/domains/sdf/test/auto/FixFIR.xml (RunModel)" time="0.384" />
  <testcase classname="ptolemy.util.test.junit.AutoTests" name="[5] /home/travis/build/icyphy/ptII/ptolemy/domains/sdf/test/auto/FixPoint.xml (RunModel)" time="0.048" />
  <testcase classname="ptolemy.util.test.junit.AutoTests" name="[6] /home/travis/build/icyphy/ptII/ptolemy/domains/sdf/test/auto/Gravitation.xml (RunModel)" time="3.3" />
  <testcase classname="ptolemy.util.test.junit.AutoTests" name="[7] /home/travis/build/icyphy/ptII/ptolemy/domains/sdf/test/auto/GravitationWithCollisionDetection.xml (RunModel)" time="6.378" />
  <testcase classname="ptolemy.util.test.junit.AutoTests" name="[8] /home/travis/build/icyphy/ptII/ptolemy/domains/sdf/test/auto/HDF.xml (RunModel)" time="0.136" />
  <testcase classname="ptolemy.util.test.junit.AutoTests" name="[9] /home/travis/build/icyphy/ptII/ptolemy/domains/sdf/test/auto/HDFwithTransientStates.xml (RunModel)" time="0.105" />
  <testcase classname="ptolemy.util.test.junit.AutoTests" name="[10] /home/travis/build/icyphy/ptII/ptolemy/domains/sdf/test/auto/HTVQ.xml (RunModel)" time="0.883" />
  <testcase classname="ptolemy.util.test.junit.AutoTests" name="[11] /home/travis/build/icyphy/ptII/ptolemy/domains/sdf/test/auto/InferInitProduction.xml (RunModel)" time="0.038" />
  <testcase classname="ptolemy.util.test.junit.AutoTests" name="[12] /home/travis/build/icyphy/ptII/ptolemy/domains/sdf/test/auto/InferInitProductionDeeper.xml (RunModel)" time="0.025" />
  <testcase classname="ptolemy.util.test.junit.AutoTests" name="[13] /home/travis/build/icyphy/ptII/ptolemy/domains/sdf/test/auto/LMSAdaptive.xml (RunModel)" time="0.074" />
  <testcase classname="ptolemy.util.test.junit.AutoTests" name="[14] /home/travis/build/icyphy/ptII/ptolemy/domains/sdf/test/auto/LogisticMap.xml (RunModel)" time="0.473" />
  <testcase classname="ptolemy.util.test.junit.AutoTests" name="[15] /home/travis/build/icyphy/ptII/ptolemy/domains/sdf/test/auto/MaximumEntropySpectrum.xml (RunModel)" time="0.276" />
  <testcase classname="ptolemy.util.test.junit.AutoTests" name="[16] /home/travis/build/icyphy/ptII/ptolemy/domains/sdf/test/auto/MultirateSDF.xml (RunModel)" time="0.091" />
  <testcase classname="ptolemy.util.test.junit.AutoTests" name="[17] /home/travis/build/icyphy/ptII/ptolemy/domains/sdf/test/auto/MultirateSDFwithTransientStates.xml (RunModel)" time="0.092" />
  <testcase classname="ptolemy.util.test.junit.AutoTests" name="[18] /home/travis/build/icyphy/ptII/ptolemy/domains/sdf/test/auto/NoisySinewave.xml (RunModel)" time="0.063" />
  <testcase classname="ptolemy.util.test.junit.AutoTests" name="[19] /home/travis/build/icyphy/ptII/ptolemy/domains/sdf/test/auto/Objects.xml (RunModel)" time="0.066" />
  <testcase classname="ptolemy.util.test.junit.AutoTests" name="[20] /home/travis/build/icyphy/ptII/ptolemy/domains/sdf/test/auto/OrthogonalCom.xml (RunModel)" time="0.045" />
  <testcase classname="ptolemy.util.test.junit.AutoTests" name="[21] /home/travis/build/icyphy/ptII/ptolemy/domains/sdf/test/auto/RijndaelEncryption.xml (RunModel)" time="0.606" />
  <testcase classname="ptolemy.util.test.junit.AutoTests" name="[22] /home/travis/build/icyphy/ptII/ptolemy/domains/sdf/test/auto/SDFEmptyIterations.xml (RunModel)" time="0.024" />
  <testcase classname="ptolemy.util.test.junit.AutoTests" name="[23] /home/travis/build/icyphy/ptII/ptolemy/domains/sdf/test/auto/Spectrum.xml (RunModel)" time="0.1" />
  <testcase classname="ptolemy.util.test.junit.AutoTests" name="[24] /home/travis/build/icyphy/ptII/ptolemy/domains/sdf/test/auto/de_inside_sdf.xml (RunModel)" time="0.036" />
  <testcase classname="ptolemy.util.test.junit.AutoTests" name="[25] /home/travis/build/icyphy/ptII/ptolemy/domains/sdf/test/auto/disconnectedHierarchicalSDF.xml (RunModel)" time="0.023" />
  <testcase classname="ptolemy.util.test.junit.AutoTests" name="[26] /home/travis/build/icyphy/ptII/ptolemy/domains/sdf/test/auto/disconnectedSDF.xml (RunModel)" time="0.026" />
  <testcase classname="ptolemy.util.test.junit.AutoTests" name="[27] /home/travis/build/icyphy/ptII/ptolemy/domains/sdf/test/auto/emptyRefinement.xml (RunModel)" time="0.029" />
  <testcase classname="ptolemy.util.test.junit.AutoTests" name="[28] /home/travis/build/icyphy/ptII/ptolemy/domains/sdf/test/auto/filePortParameter.xml (RunModel)" time="0.043" />
  <testcase classname="ptolemy.util.test.junit.AutoTests" name="[29] /home/travis/build/icyphy/ptII/ptolemy/domains/sdf/test/auto/inferRelationWidth1.xml (RunModel)" time="0.017" />
  <testcase classname="ptolemy.util.test.junit.AutoTests" name="[30] /home/travis/build/icyphy/ptII/ptolemy/domains/sdf/test/auto/initProductionInference.xml (RunModel)" time="0.019" />
  <testcase classname="ptolemy.util.test.junit.AutoTests" name="[31] /home/travis/build/icyphy/ptII/ptolemy/domains/sdf/test/auto/relationGroup.xml (RunModel)" time="0.017" />
  <testcase classname="ptolemy.util.test.junit.AutoTests" name="[32] /home/travis/build/icyphy/ptII/ptolemy/domains/sdf/test/auto/relationGroup10.xml (RunModel)" time="0.019" />
  <testcase classname="ptolemy.util.test.junit.AutoTests" name="[33] /home/travis/build/icyphy/ptII/ptolemy/domains/sdf/test/auto/relationGroup11.xml (RunModel)" time="0.013" />
  <testcase classname="ptolemy.util.test.junit.AutoTests" name="[34] /home/travis/build/icyphy/ptII/ptolemy/domains/sdf/test/auto/relationGroup12.xml (RunModel)" time="0.023" />
  <testcase classname="ptolemy.util.test.junit.AutoTests" name="[35] /home/travis/build/icyphy/ptII/ptolemy/domains/sdf/test/auto/relationGroup13.xml (RunModel)" time="0.03" />
  <testcase classname="ptolemy.util.test.junit.AutoTests" name="[36] /home/travis/build/icyphy/ptII/ptolemy/domains/sdf/test/auto/relationGroup14.xml (RunModel)" time="0.02" />
  <testcase classname="ptolemy.util.test.junit.AutoTests" name="[37] /home/travis/build/icyphy/ptII/ptolemy/domains/sdf/test/auto/relationGroup15.xml (RunModel)" time="0.023" />
  <testcase classname="ptolemy.util.test.junit.AutoTests" name="[38] /home/travis/build/icyphy/ptII/ptolemy/domains/sdf/test/auto/relationGroup2.xml (RunModel)" time="0.016" />
  <testcase classname="ptolemy.util.test.junit.AutoTests" name="[39] /home/travis/build/icyphy/ptII/ptolemy/domains/sdf/test/auto/relationGroup3.xml (RunModel)" time="0.013" />
  <testcase classname="ptolemy.util.test.junit.AutoTests" name="[40] /home/travis/build/icyphy/ptII/ptolemy/domains/sdf/test/auto/relationGroup4.xml (RunModel)" time="0.021" />
  <testcase classname="ptolemy.util.test.junit.AutoTests" name="[41] /home/travis/build/icyphy/ptII/ptolemy/domains/sdf/test/auto/relationGroup5.xml (RunModel)" time="0.024" />
  <testcase classname="ptolemy.util.test.junit.AutoTests" name="[42] /home/travis/build/icyphy/ptII/ptolemy/domains/sdf/test/auto/relationGroup6.xml (RunModel)" time="0.02" />
  <testcase classname="ptolemy.util.test.junit.AutoTests" name="[43] /home/travis/build/icyphy/ptII/ptolemy/domains/sdf/test/auto/relationGroup7.xml (RunModel)" time="0.014" />
  <testcase classname="ptolemy.util.test.junit.AutoTests" name="[44] /home/travis/build/icyphy/ptII/ptolemy/domains/sdf/test/auto/relationGroup8.xml (RunModel)" time="0.021" />
  <testcase classname="ptolemy.util.test.junit.AutoTests" name="[45] /home/travis/build/icyphy/ptII/ptolemy/domains/sdf/test/auto/relationGroup9.xml (RunModel)" time="0.021" />
  <testcase classname="ptolemy.util.test.junit.AutoTests" name="[46] /home/travis/build/icyphy/ptII/ptolemy/domains/sdf/test/auto/sdf_inside_de.xml (RunModel)" time="0.046" />
  <testcase classname="ptolemy.util.test.junit.AutoTests" name="[47] /home/travis/build/icyphy/ptII/ptolemy/domains/sdf/test/auto/sdf_inside_pn.xml (RunModel)" time="0.075" />
  <testcase classname="ptolemy.util.test.junit.AutoTests" name="[48] /home/travis/build/icyphy/ptII/ptolemy/domains/sdf/test/auto/sdf_sdf1.xml (RunModel)" time="0.028" />
  <testcase classname="ptolemy.util.test.junit.AutoTests" name="[49] /home/travis/build/icyphy/ptII/ptolemy/domains/sdf/test/auto/test1.xml (RunModel)" time="0.016" />
  <testcase classname="ptolemy.util.test.junit.AutoTests" name="[50] /home/travis/build/icyphy/ptII/ptolemy/domains/sdf/test/auto/time1.xml (RunModel)" time="0.01" />
  <testcase classname="ptolemy.util.test.junit.AutoTests" name="[51] /home/travis/build/icyphy/ptII/ptolemy/domains/sdf/test/auto/time2.xml (RunModel)" time="0.011" />
  <testcase classname="ptolemy.util.test.junit.AutoTests" name="[52] /home/travis/build/icyphy/ptII/ptolemy/domains/sdf/test/auto/time3.xml (RunModel)" time="0.024" />
  <testcase classname="ptolemy.util.test.junit.AutoTests" name="[53] /home/travis/build/icyphy/ptII/ptolemy/domains/sdf/test/auto/time4.xml (RunModel)" time="0.021" />
  <testcase classname="ptolemy.util.test.junit.AutoTests" name="[54] /home/travis/build/icyphy/ptII/ptolemy/domains/sdf/test/auto/time5.xml (RunModel)" time="4.012" />
  <testcase classname="ptolemy.util.test.junit.AutoTests" name="[55] /home/travis/build/icyphy/ptII/ptolemy/domains/sdf/test/auto/typeSystem_Const_Integer_smallest_Type.xml (RunModel)" time="0.046" />
  <testcase classname="ptolemy.util.test.junit.AutoTests" name="[56] /home/travis/build/icyphy/ptII/ptolemy/domains/sdf/test/auto/typeSystem_declared_Inports_OutportTypeException.xml (RunModel)" time="0.017" />
  <testcase classname="ptolemy.util.test.junit.AutoTests" name="[57] /home/travis/build/icyphy/ptII/ptolemy/domains/sdf/test/auto/typeSystem_oneDeclaredInportType_wrongTypeOutport.xml (RunModel)" time="0.013" />
  <testcase classname="ptolemy.util.test.junit.AutoTests" name="[58] /home/travis/build/icyphy/ptII/ptolemy/domains/sdf/test/auto/width.xml (RunModel)" time="0.01" />
  <testcase classname="ptolemy.util.test.junit.AutoTests" name="[59] /home/travis/build/icyphy/ptII/ptolemy/domains/sdf/test/auto/width2.xml (RunModel)" time="0.037" />
  <testcase classname="ptolemy.util.test.junit.AutoTests" name="[60] /home/travis/build/icyphy/ptII/ptolemy/domains/sdf/test/auto/width3.xml (RunModel)" time="0.034" />
  <system-out><![CDATA[/home/travis/build/icyphy/ptII/ptolemy/domains/sdf/test/SDFSchedulerErrors.tcl
testDefs.tcl: setting time out to 9000 seconds at Wed May 16 01:57:23 UTC 2018
19 ms. Memory: 116224K Free: 106968K (92%)
8 ms. Memory: 116224K Free: 99937K (86%)
3 ms. Memory: 116224K Free: 92938K (80%)
4 ms. Memory: 116224K Free: 89861K (77%)
/home/travis/build/icyphy/ptII/ptolemy/domains/sdf/test/composition.tcl
36 ms. Memory: 116224K Free: 86278K (74%)
7 ms. Memory: 116224K Free: 83897K (72%)
/home/travis/build/icyphy/ptII/ptolemy/domains/sdf/test/cycle.tcl
.Toplevel.Director Preinitializing ...
Invoking preinitialize():  .Toplevel.Actor1
Invoking preinitialize():  .Toplevel.Actor2
Invoking preinitialize():  .Toplevel.Delay
.Toplevel.Director Finished preinitialize().
### Schedule:
Execute Schedule{
Fire Actor ptolemy.domains.sdf.kernel.test.SDFTestDelay {.Toplevel.Actor1}
Fire Actor ptolemy.domains.sdf.kernel.test.SDFTestDelay {.Toplevel.Actor2}
Fire Actor ptolemy.domains.sdf.lib.SampleDelay {.Toplevel.Delay}
}
### End schedule
Called initialize().
Invoking initialize():  .Toplevel.Actor1
Initializing actor: .Toplevel.Actor1.
Invoking initialize():  .Toplevel.Actor2
Initializing actor: .Toplevel.Actor2.
Invoking initialize():  .Toplevel.Delay
Initializing actor: .Toplevel.Delay.
Director: Called prefire().
-- Setting current time to 0.0
Director prefire returns true.
The actor .Toplevel.Actor1 will be iterated.
The actor .Toplevel.Actor1 was iterated.
The actor .Toplevel.Actor2 will be iterated.
The actor .Toplevel.Actor2 was iterated.
The actor .Toplevel.Delay will be iterated.
The actor .Toplevel.Delay was iterated.
Director: Called postfire().
Postfire returns: true
Director: Called prefire().
-- Setting current time to 0.0
Director prefire returns true.
The actor .Toplevel.Actor1 will be iterated.
The actor .Toplevel.Actor1 was iterated.
The actor .Toplevel.Actor2 will be iterated.
The actor .Toplevel.Actor2 was iterated.
The actor .Toplevel.Delay will be iterated.
The actor .Toplevel.Delay was iterated.
Director: Called postfire().
Postfire returns: true
Director: Called prefire().
-- Setting current time to 0.0
Director prefire returns true.
The actor .Toplevel.Actor1 will be iterated.
The actor .Toplevel.Actor1 was iterated.
The actor .Toplevel.Actor2 will be iterated.
The actor .Toplevel.Actor2 was iterated.
The actor .Toplevel.Delay will be iterated.
The actor .Toplevel.Delay was iterated.
Director: Called postfire().
Postfire returns: true
Director: Called prefire().
-- Setting current time to 0.0
Director prefire returns true.
The actor .Toplevel.Actor1 will be iterated.
The actor .Toplevel.Actor1 was iterated.
The actor .Toplevel.Actor2 will be iterated.
The actor .Toplevel.Actor2 was iterated.
The actor .Toplevel.Delay will be iterated.
The actor .Toplevel.Delay was iterated.
Director: Called postfire().
Postfire returns: true
Director: Called prefire().
-- Setting current time to 0.0
Director prefire returns true.
The actor .Toplevel.Actor1 will be iterated.
The actor .Toplevel.Actor1 was iterated.
The actor .Toplevel.Actor2 will be iterated.
The actor .Toplevel.Actor2 was iterated.
The actor .Toplevel.Delay will be iterated.
The actor .Toplevel.Delay was iterated.
Director: Called postfire().
Postfire returns: true
Director: Called prefire().
-- Setting current time to 0.0
Director prefire returns true.
The actor .Toplevel.Actor1 will be iterated.
The actor .Toplevel.Actor1 was iterated.
The actor .Toplevel.Actor2 will be iterated.
The actor .Toplevel.Actor2 was iterated.
The actor .Toplevel.Delay will be iterated.
The actor .Toplevel.Delay was iterated.
Reached specified number of iterations: 6
Director: Called wrapup().
8 ms. Memory: 116224K Free: 81540K (70%)
05/16/18 01:57:24
Failed: 0  Total Tests: 8  ((Passed: 8, Newly Passed: 0)  Known Failed: 0) /home/travis/build/icyphy/ptII/ptolemy/domains/sdf/test
No auto/knownFailedTests/*.xml tests in /home/travis/build/icyphy/ptII/ptolemy/domains/sdf/test
No auto/*.xml tests in /home/travis/build/icyphy/ptII/ptolemy/domains/sdf/test
AutoTests.java: About to close Vertx.
AutoTests.java: Vertx closed.
----------------- testing Wed May 16 01:57:25 UTC 2018 /home/travis/build/icyphy/ptII/ptolemy/domains/sdf/test/auto/Array.xml
----------------- Instantiating /home/travis/build/icyphy/ptII/ptolemy/domains/sdf/test/auto/Array.xml
66 ms. Memory: 116224K Free: 103074K (89%)
----------------- Invoking toplevel() on ptolemy.moml.MoMLSimpleApplication@6c77af24
----------------- Done invoking toplevel() on ptolemy.moml.MoMLSimpleApplication@6c77af24
reloadAllAccessors: .Array
----------------- testing Wed May 16 01:57:25 UTC 2018 /home/travis/build/icyphy/ptII/ptolemy/domains/sdf/test/auto/Butterfly.xml
----------------- Instantiating /home/travis/build/icyphy/ptII/ptolemy/domains/sdf/test/auto/Butterfly.xml
106 ms. Memory: 116224K Free: 96909K (83%)
----------------- Invoking toplevel() on ptolemy.moml.MoMLSimpleApplication@63399c87
----------------- Done invoking toplevel() on ptolemy.moml.MoMLSimpleApplication@63399c87
reloadAllAccessors: .Butterfly
----------------- testing Wed May 16 01:57:25 UTC 2018 /home/travis/build/icyphy/ptII/ptolemy/domains/sdf/test/auto/Expression.xml
----------------- Instantiating /home/travis/build/icyphy/ptII/ptolemy/domains/sdf/test/auto/Expression.xml
80 ms. Memory: 116224K Free: 91409K (79%)
----------------- Invoking toplevel() on ptolemy.moml.MoMLSimpleApplication@2646346c
----------------- Done invoking toplevel() on ptolemy.moml.MoMLSimpleApplication@2646346c
reloadAllAccessors: .Expression
----------------- testing Wed May 16 01:57:25 UTC 2018 /home/travis/build/icyphy/ptII/ptolemy/domains/sdf/test/auto/Eye.xml
----------------- Instantiating /home/travis/build/icyphy/ptII/ptolemy/domains/sdf/test/auto/Eye.xml
214 ms. Memory: 146944K Free: 126519K (86%)
----------------- Invoking toplevel() on ptolemy.moml.MoMLSimpleApplication@2639e2e8
----------------- Done invoking toplevel() on ptolemy.moml.MoMLSimpleApplication@2639e2e8
reloadAllAccessors: .Eye
----------------- testing Wed May 16 01:57:26 UTC 2018 /home/travis/build/icyphy/ptII/ptolemy/domains/sdf/test/auto/FixFIR.xml
----------------- Instantiating /home/travis/build/icyphy/ptII/ptolemy/domains/sdf/test/auto/FixFIR.xml
171 ms. Memory: 146944K Free: 88390K (60%)
----------------- Invoking toplevel() on ptolemy.moml.MoMLSimpleApplication@6676994
----------------- Done invoking toplevel() on ptolemy.moml.MoMLSimpleApplication@6676994
reloadAllAccessors: .FixFIR
----------------- testing Wed May 16 01:57:26 UTC 2018 /home/travis/build/icyphy/ptII/ptolemy/domains/sdf/test/auto/FixPoint.xml
----------------- Instantiating /home/travis/build/icyphy/ptII/ptolemy/domains/sdf/test/auto/FixPoint.xml
15 ms. Memory: 146944K Free: 84252K (57%)
----------------- Invoking toplevel() on ptolemy.moml.MoMLSimpleApplication@772e0a31
----------------- Done invoking toplevel() on ptolemy.moml.MoMLSimpleApplication@772e0a31
reloadAllAccessors: .FixPoint
----------------- testing Wed May 16 01:57:26 UTC 2018 /home/travis/build/icyphy/ptII/ptolemy/domains/sdf/test/auto/Gravitation.xml
----------------- Instantiating /home/travis/build/icyphy/ptII/ptolemy/domains/sdf/test/auto/Gravitation.xml
3171 ms. Memory: 209920K Free: 183498K (87%)
----------------- Invoking toplevel() on ptolemy.moml.MoMLSimpleApplication@a1fef22
----------------- Done invoking toplevel() on ptolemy.moml.MoMLSimpleApplication@a1fef22
reloadAllAccessors: .Gravitation
----------------- testing Wed May 16 01:57:29 UTC 2018 /home/travis/build/icyphy/ptII/ptolemy/domains/sdf/test/auto/GravitationWithCollisionDetection.xml
----------------- Instantiating /home/travis/build/icyphy/ptII/ptolemy/domains/sdf/test/auto/GravitationWithCollisionDetection.xml
6142 ms. Memory: 677376K Free: 634681K (94%)
----------------- Invoking toplevel() on ptolemy.moml.MoMLSimpleApplication@2bf94eb7
----------------- Done invoking toplevel() on ptolemy.moml.MoMLSimpleApplication@2bf94eb7
reloadAllAccessors: .GravitationWithCollisionDetection
----------------- testing Wed May 16 01:57:36 UTC 2018 /home/travis/build/icyphy/ptII/ptolemy/domains/sdf/test/auto/HDF.xml
----------------- Instantiating /home/travis/build/icyphy/ptII/ptolemy/domains/sdf/test/auto/HDF.xml
48 ms. Memory: 677376K Free: 610658K (90%)
----------------- Invoking toplevel() on ptolemy.moml.MoMLSimpleApplication@30675135
----------------- Done invoking toplevel() on ptolemy.moml.MoMLSimpleApplication@30675135
reloadAllAccessors: .HDF
----------------- testing Wed May 16 01:57:36 UTC 2018 /home/travis/build/icyphy/ptII/ptolemy/domains/sdf/test/auto/HDFwithTransientStates.xml
----------------- Instantiating /home/travis/build/icyphy/ptII/ptolemy/domains/sdf/test/auto/HDFwithTransientStates.xml
36 ms. Memory: 677376K Free: 586804K (87%)
----------------- Invoking toplevel() on ptolemy.moml.MoMLSimpleApplication@5176357e
----------------- Done invoking toplevel() on ptolemy.moml.MoMLSimpleApplication@5176357e
reloadAllAccessors: .HDFwithTransientStates
----------------- testing Wed May 16 01:57:36 UTC 2018 /home/travis/build/icyphy/ptII/ptolemy/domains/sdf/test/auto/HTVQ.xml
----------------- Instantiating /home/travis/build/icyphy/ptII/ptolemy/domains/sdf/test/auto/HTVQ.xml
836 ms. Memory: 677376K Free: 419816K (62%)
----------------- Invoking toplevel() on ptolemy.moml.MoMLSimpleApplication@3b8a0508
----------------- Done invoking toplevel() on ptolemy.moml.MoMLSimpleApplication@3b8a0508
reloadAllAccessors: .HTVQ
----------------- testing Wed May 16 01:57:37 UTC 2018 /home/travis/build/icyphy/ptII/ptolemy/domains/sdf/test/auto/InferInitProduction.xml
----------------- Instantiating /home/travis/build/icyphy/ptII/ptolemy/domains/sdf/test/auto/InferInitProduction.xml
12 ms. Memory: 677376K Free: 407897K (60%)
----------------- Invoking toplevel() on ptolemy.moml.MoMLSimpleApplication@7599858
----------------- Done invoking toplevel() on ptolemy.moml.MoMLSimpleApplication@7599858
reloadAllAccessors: .InferInitProduction
----------------- testing Wed May 16 01:57:37 UTC 2018 /home/travis/build/icyphy/ptII/ptolemy/domains/sdf/test/auto/InferInitProductionDeeper.xml
----------------- Instantiating /home/travis/build/icyphy/ptII/ptolemy/domains/sdf/test/auto/InferInitProductionDeeper.xml
3 ms. Memory: 677376K Free: 395977K (58%)
----------------- Invoking toplevel() on ptolemy.moml.MoMLSimpleApplication@5c13f612
----------------- Done invoking toplevel() on ptolemy.moml.MoMLSimpleApplication@5c13f612
reloadAllAccessors: .InferInitProductionDeeper
----------------- testing Wed May 16 01:57:37 UTC 2018 /home/travis/build/icyphy/ptII/ptolemy/domains/sdf/test/auto/LMSAdaptive.xml
----------------- Instantiating /home/travis/build/icyphy/ptII/ptolemy/domains/sdf/test/auto/LMSAdaptive.xml
14 ms. Memory: 677376K Free: 378082K (56%)
----------------- Invoking toplevel() on ptolemy.moml.MoMLSimpleApplication@394ebe6a
----------------- Done invoking toplevel() on ptolemy.moml.MoMLSimpleApplication@394ebe6a
reloadAllAccessors: .LMSAdaptive
----------------- testing Wed May 16 01:57:37 UTC 2018 /home/travis/build/icyphy/ptII/ptolemy/domains/sdf/test/auto/LogisticMap.xml
----------------- Instantiating /home/travis/build/icyphy/ptII/ptolemy/domains/sdf/test/auto/LogisticMap.xml
440 ms. Memory: 677376K Free: 366163K (54%)
----------------- Invoking toplevel() on ptolemy.moml.MoMLSimpleApplication@77d75ba1
----------------- Done invoking toplevel() on ptolemy.moml.MoMLSimpleApplication@77d75ba1
reloadAllAccessors: .LogisticMap
----------------- testing Wed May 16 01:57:37 UTC 2018 /home/travis/build/icyphy/ptII/ptolemy/domains/sdf/test/auto/MaximumEntropySpectrum.xml
----------------- Instantiating /home/travis/build/icyphy/ptII/ptolemy/domains/sdf/test/auto/MaximumEntropySpectrum.xml
66 ms. Memory: 677376K Free: 294550K (43%)
----------------- Invoking toplevel() on ptolemy.moml.MoMLSimpleApplication@77fdee92
----------------- Done invoking toplevel() on ptolemy.moml.MoMLSimpleApplication@77fdee92
reloadAllAccessors: .MaximumEntropySpectrum
----------------- testing Wed May 16 01:57:38 UTC 2018 /home/travis/build/icyphy/ptII/ptolemy/domains/sdf/test/auto/MultirateSDF.xml
----------------- Instantiating /home/travis/build/icyphy/ptII/ptolemy/domains/sdf/test/auto/MultirateSDF.xml
27 ms. Memory: 677376K Free: 273869K (40%)
----------------- Invoking toplevel() on ptolemy.moml.MoMLSimpleApplication@68e4da3c
----------------- Done invoking toplevel() on ptolemy.moml.MoMLSimpleApplication@68e4da3c
reloadAllAccessors: .MultirateSDF
----------------- testing Wed May 16 01:57:38 UTC 2018 /home/travis/build/icyphy/ptII/ptolemy/domains/sdf/test/auto/MultirateSDFwithTransientStates.xml
----------------- Instantiating /home/travis/build/icyphy/ptII/ptolemy/domains/sdf/test/auto/MultirateSDFwithTransientStates.xml
17 ms. Memory: 677376K Free: 250014K (37%)
----------------- Invoking toplevel() on ptolemy.moml.MoMLSimpleApplication@5c9c0379
----------------- Done invoking toplevel() on ptolemy.moml.MoMLSimpleApplication@5c9c0379
reloadAllAccessors: .MultirateSDFwithTransientStates
----------------- testing Wed May 16 01:57:38 UTC 2018 /home/travis/build/icyphy/ptII/ptolemy/domains/sdf/test/auto/NoisySinewave.xml
----------------- Instantiating /home/travis/build/icyphy/ptII/ptolemy/domains/sdf/test/auto/NoisySinewave.xml
13 ms. Memory: 677376K Free: 226159K (33%)
----------------- Invoking toplevel() on ptolemy.moml.MoMLSimpleApplication@4ff2310b
----------------- Done invoking toplevel() on ptolemy.moml.MoMLSimpleApplication@4ff2310b
reloadAllAccessors: .NoisySinewave
----------------- testing Wed May 16 01:57:38 UTC 2018 /home/travis/build/icyphy/ptII/ptolemy/domains/sdf/test/auto/Objects.xml
----------------- Instantiating /home/travis/build/icyphy/ptII/ptolemy/domains/sdf/test/auto/Objects.xml
4 ms. Memory: 677376K Free: 208279K (31%)
----------------- Invoking toplevel() on ptolemy.moml.MoMLSimpleApplication@2fdc0323
----------------- Done invoking toplevel() on ptolemy.moml.MoMLSimpleApplication@2fdc0323
reloadAllAccessors: .Objects
----------------- testing Wed May 16 01:57:38 UTC 2018 /home/travis/build/icyphy/ptII/ptolemy/domains/sdf/test/auto/OrthogonalCom.xml
----------------- Instantiating /home/travis/build/icyphy/ptII/ptolemy/domains/sdf/test/auto/OrthogonalCom.xml
6 ms. Memory: 677376K Free: 190384K (28%)
----------------- Invoking toplevel() on ptolemy.moml.MoMLSimpleApplication@a89643
----------------- Done invoking toplevel() on ptolemy.moml.MoMLSimpleApplication@a89643
reloadAllAccessors: .OrthogonalCom
----------------- testing Wed May 16 01:57:38 UTC 2018 /home/travis/build/icyphy/ptII/ptolemy/domains/sdf/test/auto/RijndaelEncryption.xml
----------------- Instantiating /home/travis/build/icyphy/ptII/ptolemy/domains/sdf/test/auto/RijndaelEncryption.xml
318 ms. Memory: 651776K Free: 599328K (92%)
----------------- Invoking toplevel() on ptolemy.moml.MoMLSimpleApplication@2365da35
----------------- Done invoking toplevel() on ptolemy.moml.MoMLSimpleApplication@2365da35
reloadAllAccessors: .RijndaelEncryption
----------------- testing Wed May 16 01:57:39 UTC 2018 /home/travis/build/icyphy/ptII/ptolemy/domains/sdf/test/auto/SDFEmptyIterations.xml
----------------- Instantiating /home/travis/build/icyphy/ptII/ptolemy/domains/sdf/test/auto/SDFEmptyIterations.xml
6 ms. Memory: 651776K Free: 586151K (90%)
----------------- Invoking toplevel() on ptolemy.moml.MoMLSimpleApplication@2eb254f1
----------------- Done invoking toplevel() on ptolemy.moml.MoMLSimpleApplication@2eb254f1
reloadAllAccessors: .SDFEmptyIterations
----------------- testing Wed May 16 01:57:39 UTC 2018 /home/travis/build/icyphy/ptII/ptolemy/domains/sdf/test/auto/Spectrum.xml
----------------- Instantiating /home/travis/build/icyphy/ptII/ptolemy/domains/sdf/test/auto/Spectrum.xml
30 ms. Memory: 651776K Free: 552019K (85%)
----------------- Invoking toplevel() on ptolemy.moml.MoMLSimpleApplication@79a4ac5
----------------- Done invoking toplevel() on ptolemy.moml.MoMLSimpleApplication@79a4ac5
reloadAllAccessors: .Spectrum
----------------- testing Wed May 16 01:57:39 UTC 2018 /home/travis/build/icyphy/ptII/ptolemy/domains/sdf/test/auto/de_inside_sdf.xml
----------------- Instantiating /home/travis/build/icyphy/ptII/ptolemy/domains/sdf/test/auto/de_inside_sdf.xml
8 ms. Memory: 651776K Free: 544448K (84%)
----------------- Invoking toplevel() on ptolemy.moml.MoMLSimpleApplication@6729a6ef
----------------- Done invoking toplevel() on ptolemy.moml.MoMLSimpleApplication@6729a6ef
reloadAllAccessors: .de_inside_sdf
----------------- testing Wed May 16 01:57:39 UTC 2018 /home/travis/build/icyphy/ptII/ptolemy/domains/sdf/test/auto/disconnectedHierarchicalSDF.xml
----------------- Instantiating /home/travis/build/icyphy/ptII/ptolemy/domains/sdf/test/auto/disconnectedHierarchicalSDF.xml
5 ms. Memory: 651776K Free: 533076K (82%)
----------------- Invoking toplevel() on ptolemy.moml.MoMLSimpleApplication@1c7fb3eb
----------------- Done invoking toplevel() on ptolemy.moml.MoMLSimpleApplication@1c7fb3eb
reloadAllAccessors: .disconnectedHierarchicalSDF
----------------- testing Wed May 16 01:57:39 UTC 2018 /home/travis/build/icyphy/ptII/ptolemy/domains/sdf/test/auto/disconnectedSDF.xml
----------------- Instantiating /home/travis/build/icyphy/ptII/ptolemy/domains/sdf/test/auto/disconnectedSDF.xml
3 ms. Memory: 651776K Free: 525505K (81%)
----------------- Invoking toplevel() on ptolemy.moml.MoMLSimpleApplication@5d891357
----------------- Done invoking toplevel() on ptolemy.moml.MoMLSimpleApplication@5d891357
reloadAllAccessors: .disconnectedSDF
----------------- testing Wed May 16 01:57:39 UTC 2018 /home/travis/build/icyphy/ptII/ptolemy/domains/sdf/test/auto/emptyRefinement.xml
----------------- Instantiating /home/travis/build/icyphy/ptII/ptolemy/domains/sdf/test/auto/emptyRefinement.xml
4 ms. Memory: 651776K Free: 516190K (79%)
----------------- Invoking toplevel() on ptolemy.moml.MoMLSimpleApplication@5db146c3
----------------- Done invoking toplevel() on ptolemy.moml.MoMLSimpleApplication@5db146c3
reloadAllAccessors: .emptyRefinement
----------------- testing Wed May 16 01:57:39 UTC 2018 /home/travis/build/icyphy/ptII/ptolemy/domains/sdf/test/auto/filePortParameter.xml
----------------- Instantiating /home/travis/build/icyphy/ptII/ptolemy/domains/sdf/test/auto/filePortParameter.xml
14 ms. Memory: 651776K Free: 504826K (77%)
----------------- Invoking toplevel() on ptolemy.moml.MoMLSimpleApplication@4bac0b2e
----------------- Done invoking toplevel() on ptolemy.moml.MoMLSimpleApplication@4bac0b2e
reloadAllAccessors: .filePortParameter
----------------- testing Wed May 16 01:57:39 UTC 2018 /home/travis/build/icyphy/ptII/ptolemy/domains/sdf/test/auto/inferRelationWidth1.xml
----------------- Instantiating /home/travis/build/icyphy/ptII/ptolemy/domains/sdf/test/auto/inferRelationWidth1.xml
2 ms. Memory: 651776K Free: 497255K (76%)
----------------- Invoking toplevel() on ptolemy.moml.MoMLSimpleApplication@4132e387
----------------- Done invoking toplevel() on ptolemy.moml.MoMLSimpleApplication@4132e387
reloadAllAccessors: .inferRelationWidth1
----------------- testing Wed May 16 01:57:39 UTC 2018 /home/travis/build/icyphy/ptII/ptolemy/domains/sdf/test/auto/initProductionInference.xml
----------------- Instantiating /home/travis/build/icyphy/ptII/ptolemy/domains/sdf/test/auto/initProductionInference.xml
8 ms. Memory: 651776K Free: 489684K (75%)
----------------- Invoking toplevel() on ptolemy.moml.MoMLSimpleApplication@31a4512b
----------------- Done invoking toplevel() on ptolemy.moml.MoMLSimpleApplication@31a4512b
reloadAllAccessors: .initProductionInference
----------------- testing Wed May 16 01:57:39 UTC 2018 /home/travis/build/icyphy/ptII/ptolemy/domains/sdf/test/auto/relationGroup.xml
----------------- Instantiating /home/travis/build/icyphy/ptII/ptolemy/domains/sdf/test/auto/relationGroup.xml
2 ms. Memory: 651776K Free: 482113K (74%)
----------------- Invoking toplevel() on ptolemy.moml.MoMLSimpleApplication@13f54aa5
----------------- Done invoking toplevel() on ptolemy.moml.MoMLSimpleApplication@13f54aa5
reloadAllAccessors: .relationGroup
----------------- testing Wed May 16 01:57:39 UTC 2018 /home/travis/build/icyphy/ptII/ptolemy/domains/sdf/test/auto/relationGroup10.xml
----------------- Instantiating /home/travis/build/icyphy/ptII/ptolemy/domains/sdf/test/auto/relationGroup10.xml
2 ms. Memory: 651776K Free: 472799K (73%)
----------------- Invoking toplevel() on ptolemy.moml.MoMLSimpleApplication@674a935d
----------------- Done invoking toplevel() on ptolemy.moml.MoMLSimpleApplication@674a935d
reloadAllAccessors: .relationGroup10
----------------- testing Wed May 16 01:57:39 UTC 2018 /home/travis/build/icyphy/ptII/ptolemy/domains/sdf/test/auto/relationGroup11.xml
----------------- Instantiating /home/travis/build/icyphy/ptII/ptolemy/domains/sdf/test/auto/relationGroup11.xml
2 ms. Memory: 651776K Free: 465228K (71%)
----------------- Invoking toplevel() on ptolemy.moml.MoMLSimpleApplication@5ed7527f
----------------- Done invoking toplevel() on ptolemy.moml.MoMLSimpleApplication@5ed7527f
reloadAllAccessors: .relationGroup11
----------------- testing Wed May 16 01:57:39 UTC 2018 /home/travis/build/icyphy/ptII/ptolemy/domains/sdf/test/auto/relationGroup12.xml
----------------- Instantiating /home/travis/build/icyphy/ptII/ptolemy/domains/sdf/test/auto/relationGroup12.xml
2 ms. Memory: 651776K Free: 457657K (70%)
----------------- Invoking toplevel() on ptolemy.moml.MoMLSimpleApplication@7284b8f6
----------------- Done invoking toplevel() on ptolemy.moml.MoMLSimpleApplication@7284b8f6
reloadAllAccessors: .relationGroup12
----------------- testing Wed May 16 01:57:39 UTC 2018 /home/travis/build/icyphy/ptII/ptolemy/domains/sdf/test/auto/relationGroup13.xml
----------------- Instantiating /home/travis/build/icyphy/ptII/ptolemy/domains/sdf/test/auto/relationGroup13.xml
11 ms. Memory: 651776K Free: 450086K (69%)
----------------- Invoking toplevel() on ptolemy.moml.MoMLSimpleApplication@582c2212
----------------- Done invoking toplevel() on ptolemy.moml.MoMLSimpleApplication@582c2212
reloadAllAccessors: .relationGroup13
----------------- testing Wed May 16 01:57:39 UTC 2018 /home/travis/build/icyphy/ptII/ptolemy/domains/sdf/test/auto/relationGroup14.xml
----------------- Instantiating /home/travis/build/icyphy/ptII/ptolemy/domains/sdf/test/auto/relationGroup14.xml
2 ms. Memory: 651776K Free: 442515K (68%)
----------------- Invoking toplevel() on ptolemy.moml.MoMLSimpleApplication@1ed36bc2
----------------- Done invoking toplevel() on ptolemy.moml.MoMLSimpleApplication@1ed36bc2
reloadAllAccessors: .relationGroup14
----------------- testing Wed May 16 01:57:39 UTC 2018 /home/travis/build/icyphy/ptII/ptolemy/domains/sdf/test/auto/relationGroup15.xml
----------------- Instantiating /home/travis/build/icyphy/ptII/ptolemy/domains/sdf/test/auto/relationGroup15.xml
4 ms. Memory: 651776K Free: 433200K (66%)
----------------- Invoking toplevel() on ptolemy.moml.MoMLSimpleApplication@625268e0
----------------- Done invoking toplevel() on ptolemy.moml.MoMLSimpleApplication@625268e0
reloadAllAccessors: .relationGroup15
----------------- testing Wed May 16 01:57:39 UTC 2018 /home/travis/build/icyphy/ptII/ptolemy/domains/sdf/test/auto/relationGroup2.xml
----------------- Instantiating /home/travis/build/icyphy/ptII/ptolemy/domains/sdf/test/auto/relationGroup2.xml
2 ms. Memory: 651776K Free: 425630K (65%)
----------------- Invoking toplevel() on ptolemy.moml.MoMLSimpleApplication@6870b852
----------------- Done invoking toplevel() on ptolemy.moml.MoMLSimpleApplication@6870b852
reloadAllAccessors: .relationGroup2
----------------- testing Wed May 16 01:57:39 UTC 2018 /home/travis/build/icyphy/ptII/ptolemy/domains/sdf/test/auto/relationGroup3.xml
----------------- Instantiating /home/travis/build/icyphy/ptII/ptolemy/domains/sdf/test/auto/relationGroup3.xml
2 ms. Memory: 651776K Free: 418059K (64%)
----------------- Invoking toplevel() on ptolemy.moml.MoMLSimpleApplication@13a98cd8
----------------- Done invoking toplevel() on ptolemy.moml.MoMLSimpleApplication@13a98cd8
reloadAllAccessors: .relationGroup3
----------------- testing Wed May 16 01:57:39 UTC 2018 /home/travis/build/icyphy/ptII/ptolemy/domains/sdf/test/auto/relationGroup4.xml
----------------- Instantiating /home/travis/build/icyphy/ptII/ptolemy/domains/sdf/test/auto/relationGroup4.xml
5 ms. Memory: 651776K Free: 410488K (63%)
----------------- Invoking toplevel() on ptolemy.moml.MoMLSimpleApplication@66d246f3
----------------- Done invoking toplevel() on ptolemy.moml.MoMLSimpleApplication@66d246f3
reloadAllAccessors: .relationGroup4
----------------- testing Wed May 16 01:57:39 UTC 2018 /home/travis/build/icyphy/ptII/ptolemy/domains/sdf/test/auto/relationGroup5.xml
----------------- Instantiating /home/travis/build/icyphy/ptII/ptolemy/domains/sdf/test/auto/relationGroup5.xml
5 ms. Memory: 651776K Free: 402917K (62%)
----------------- Invoking toplevel() on ptolemy.moml.MoMLSimpleApplication@11f22aa5
----------------- Done invoking toplevel() on ptolemy.moml.MoMLSimpleApplication@11f22aa5
reloadAllAccessors: .relationGroup5
----------------- testing Wed May 16 01:57:39 UTC 2018 /home/travis/build/icyphy/ptII/ptolemy/domains/sdf/test/auto/relationGroup6.xml
----------------- Instantiating /home/travis/build/icyphy/ptII/ptolemy/domains/sdf/test/auto/relationGroup6.xml
5 ms. Memory: 651776K Free: 393602K (60%)
----------------- Invoking toplevel() on ptolemy.moml.MoMLSimpleApplication@414709d9
----------------- Done invoking toplevel() on ptolemy.moml.MoMLSimpleApplication@414709d9
reloadAllAccessors: .relationGroup6
----------------- testing Wed May 16 01:57:39 UTC 2018 /home/travis/build/icyphy/ptII/ptolemy/domains/sdf/test/auto/relationGroup7.xml
----------------- Instantiating /home/travis/build/icyphy/ptII/ptolemy/domains/sdf/test/auto/relationGroup7.xml
2 ms. Memory: 651776K Free: 386031K (59%)
----------------- Invoking toplevel() on ptolemy.moml.MoMLSimpleApplication@76d71f7a
----------------- Done invoking toplevel() on ptolemy.moml.MoMLSimpleApplication@76d71f7a
reloadAllAccessors: .relationGroup7
----------------- testing Wed May 16 01:57:39 UTC 2018 /home/travis/build/icyphy/ptII/ptolemy/domains/sdf/test/auto/relationGroup8.xml
----------------- Instantiating /home/travis/build/icyphy/ptII/ptolemy/domains/sdf/test/auto/relationGroup8.xml
2 ms. Memory: 651776K Free: 378460K (58%)
----------------- Invoking toplevel() on ptolemy.moml.MoMLSimpleApplication@24840b32
----------------- Done invoking toplevel() on ptolemy.moml.MoMLSimpleApplication@24840b32
reloadAllAccessors: .relationGroup8
----------------- testing Wed May 16 01:57:39 UTC 2018 /home/travis/build/icyphy/ptII/ptolemy/domains/sdf/test/auto/relationGroup9.xml
----------------- Instantiating /home/travis/build/icyphy/ptII/ptolemy/domains/sdf/test/auto/relationGroup9.xml
6 ms. Memory: 651776K Free: 370889K (57%)
----------------- Invoking toplevel() on ptolemy.moml.MoMLSimpleApplication@7ba76899
----------------- Done invoking toplevel() on ptolemy.moml.MoMLSimpleApplication@7ba76899
reloadAllAccessors: .relationGroup9
----------------- testing Wed May 16 01:57:39 UTC 2018 /home/travis/build/icyphy/ptII/ptolemy/domains/sdf/test/auto/sdf_inside_de.xml
----------------- Instantiating /home/travis/build/icyphy/ptII/ptolemy/domains/sdf/test/auto/sdf_inside_de.xml
15 ms. Memory: 651776K Free: 355716K (55%)
----------------- Invoking toplevel() on ptolemy.moml.MoMLSimpleApplication@1a88dc1
----------------- Done invoking toplevel() on ptolemy.moml.MoMLSimpleApplication@1a88dc1
reloadAllAccessors: .sdf_inside_de
----------------- testing Wed May 16 01:57:39 UTC 2018 /home/travis/build/icyphy/ptII/ptolemy/domains/sdf/test/auto/sdf_inside_pn.xml
----------------- Instantiating /home/travis/build/icyphy/ptII/ptolemy/domains/sdf/test/auto/sdf_inside_pn.xml
50 ms. Memory: 651776K Free: 323672K (50%)
----------------- Invoking toplevel() on ptolemy.moml.MoMLSimpleApplication@2692747a
----------------- Done invoking toplevel() on ptolemy.moml.MoMLSimpleApplication@2692747a
reloadAllAccessors: .sdf_inside_pn
----------------- testing Wed May 16 01:57:39 UTC 2018 /home/travis/build/icyphy/ptII/ptolemy/domains/sdf/test/auto/sdf_sdf1.xml
----------------- Instantiating /home/travis/build/icyphy/ptII/ptolemy/domains/sdf/test/auto/sdf_sdf1.xml
4 ms. Memory: 651776K Free: 312300K (48%)
----------------- Invoking toplevel() on ptolemy.moml.MoMLSimpleApplication@bc0ec8d
----------------- Done invoking toplevel() on ptolemy.moml.MoMLSimpleApplication@bc0ec8d
reloadAllAccessors: .sdf_sdf1
----------------- testing Wed May 16 01:57:39 UTC 2018 /home/travis/build/icyphy/ptII/ptolemy/domains/sdf/test/auto/test1.xml
----------------- Instantiating /home/travis/build/icyphy/ptII/ptolemy/domains/sdf/test/auto/test1.xml
3 ms. Memory: 651776K Free: 300928K (46%)
----------------- Invoking toplevel() on ptolemy.moml.MoMLSimpleApplication@5a7d00a6
----------------- Done invoking toplevel() on ptolemy.moml.MoMLSimpleApplication@5a7d00a6
reloadAllAccessors: .test1
----------------- testing Wed May 16 01:57:39 UTC 2018 /home/travis/build/icyphy/ptII/ptolemy/domains/sdf/test/auto/time1.xml
----------------- Instantiating /home/travis/build/icyphy/ptII/ptolemy/domains/sdf/test/auto/time1.xml
2 ms. Memory: 651776K Free: 293357K (45%)
----------------- Invoking toplevel() on ptolemy.moml.MoMLSimpleApplication@5263849b
----------------- Done invoking toplevel() on ptolemy.moml.MoMLSimpleApplication@5263849b
reloadAllAccessors: .time1
----------------- testing Wed May 16 01:57:39 UTC 2018 /home/travis/build/icyphy/ptII/ptolemy/domains/sdf/test/auto/time2.xml
----------------- Instantiating /home/travis/build/icyphy/ptII/ptolemy/domains/sdf/test/auto/time2.xml
3 ms. Memory: 651776K Free: 285786K (44%)
----------------- Invoking toplevel() on ptolemy.moml.MoMLSimpleApplication@5b9cbe4b
----------------- Done invoking toplevel() on ptolemy.moml.MoMLSimpleApplication@5b9cbe4b
reloadAllAccessors: .time2
----------------- testing Wed May 16 01:57:39 UTC 2018 /home/travis/build/icyphy/ptII/ptolemy/domains/sdf/test/auto/time3.xml
----------------- Instantiating /home/travis/build/icyphy/ptII/ptolemy/domains/sdf/test/auto/time3.xml
6 ms. Memory: 651776K Free: 272670K (42%)
----------------- Invoking toplevel() on ptolemy.moml.MoMLSimpleApplication@4782aee1
----------------- Done invoking toplevel() on ptolemy.moml.MoMLSimpleApplication@4782aee1
reloadAllAccessors: .time3
----------------- testing Wed May 16 01:57:40 UTC 2018 /home/travis/build/icyphy/ptII/ptolemy/domains/sdf/test/auto/time4.xml
----------------- Instantiating /home/travis/build/icyphy/ptII/ptolemy/domains/sdf/test/auto/time4.xml
7 ms. Memory: 651776K Free: 261298K (40%)
----------------- Invoking toplevel() on ptolemy.moml.MoMLSimpleApplication@1e9d2b91
----------------- Done invoking toplevel() on ptolemy.moml.MoMLSimpleApplication@1e9d2b91
reloadAllAccessors: .time4
----------------- testing Wed May 16 01:57:40 UTC 2018 /home/travis/build/icyphy/ptII/ptolemy/domains/sdf/test/auto/time5.xml
----------------- Instantiating /home/travis/build/icyphy/ptII/ptolemy/domains/sdf/test/auto/time5.xml
4003 ms. Memory: 651776K Free: 253727K (39%)
----------------- Invoking toplevel() on ptolemy.moml.MoMLSimpleApplication@6acd04b4
----------------- Done invoking toplevel() on ptolemy.moml.MoMLSimpleApplication@6acd04b4
reloadAllAccessors: .time5
----------------- testing Wed May 16 01:57:44 UTC 2018 /home/travis/build/icyphy/ptII/ptolemy/domains/sdf/test/auto/typeSystem_Const_Integer_smallest_Type.xml
----------------- Instantiating /home/travis/build/icyphy/ptII/ptolemy/domains/sdf/test/auto/typeSystem_Const_Integer_smallest_Type.xml
5 ms. Memory: 651776K Free: 242354K (37%)
----------------- Invoking toplevel() on ptolemy.moml.MoMLSimpleApplication@1829d8f
----------------- Done invoking toplevel() on ptolemy.moml.MoMLSimpleApplication@1829d8f
reloadAllAccessors: .typeSystem_Const_Integer_smallest_Type
----------------- testing Wed May 16 01:57:44 UTC 2018 /home/travis/build/icyphy/ptII/ptolemy/domains/sdf/test/auto/typeSystem_declared_Inports_OutportTypeException.xml
----------------- Instantiating /home/travis/build/icyphy/ptII/ptolemy/domains/sdf/test/auto/typeSystem_declared_Inports_OutportTypeException.xml
.typeSystem_declared_Inports_OutportTypeException.TestExceptionAttribute: initialize() was not invoked, but wrapup() was.  This is unusual, but not always a problem.  For example, exporting JNLP will do this.
2 ms. Memory: 651776K Free: 229238K (35%)
----------------- Invoking toplevel() on ptolemy.moml.MoMLSimpleApplication@3140b2aa
----------------- Done invoking toplevel() on ptolemy.moml.MoMLSimpleApplication@3140b2aa
reloadAllAccessors: .typeSystem_declared_Inports_OutportTypeException
----------------- testing Wed May 16 01:57:44 UTC 2018 /home/travis/build/icyphy/ptII/ptolemy/domains/sdf/test/auto/typeSystem_oneDeclaredInportType_wrongTypeOutport.xml
----------------- Instantiating /home/travis/build/icyphy/ptII/ptolemy/domains/sdf/test/auto/typeSystem_oneDeclaredInportType_wrongTypeOutport.xml
2 ms. Memory: 651776K Free: 221667K (34%)
----------------- Invoking toplevel() on ptolemy.moml.MoMLSimpleApplication@33a69693
----------------- Done invoking toplevel() on ptolemy.moml.MoMLSimpleApplication@33a69693
reloadAllAccessors: .typeSystem_oneDeclaredInportType_wrongTypeOutport
----------------- testing Wed May 16 01:57:44 UTC 2018 /home/travis/build/icyphy/ptII/ptolemy/domains/sdf/test/auto/width.xml
----------------- Instantiating /home/travis/build/icyphy/ptII/ptolemy/domains/sdf/test/auto/width.xml
2 ms. Memory: 651776K Free: 214097K (33%)
----------------- Invoking toplevel() on ptolemy.moml.MoMLSimpleApplication@4f07b405
----------------- Done invoking toplevel() on ptolemy.moml.MoMLSimpleApplication@4f07b405
reloadAllAccessors: .width
----------------- testing Wed May 16 01:57:44 UTC 2018 /home/travis/build/icyphy/ptII/ptolemy/domains/sdf/test/auto/width2.xml
----------------- Instantiating /home/travis/build/icyphy/ptII/ptolemy/domains/sdf/test/auto/width2.xml
28 ms. Memory: 651776K Free: 206526K (32%)
----------------- Invoking toplevel() on ptolemy.moml.MoMLSimpleApplication@359abfc5
----------------- Done invoking toplevel() on ptolemy.moml.MoMLSimpleApplication@359abfc5
reloadAllAccessors: .width2
----------------- testing Wed May 16 01:57:44 UTC 2018 /home/travis/build/icyphy/ptII/ptolemy/domains/sdf/test/auto/width3.xml
----------------- Instantiating /home/travis/build/icyphy/ptII/ptolemy/domains/sdf/test/auto/width3.xml
23 ms. Memory: 651776K Free: 198955K (31%)
----------------- Invoking toplevel() on ptolemy.moml.MoMLSimpleApplication@5bc3ca67
----------------- Done invoking toplevel() on ptolemy.moml.MoMLSimpleApplication@5bc3ca67
reloadAllAccessors: .width3
AutoTests.java: About to close Vertx.
AutoTests.java: Vertx closed.
]]></system-out>
  <system-err><![CDATA[java.lang.RuntimeException: Execution failed
	at ptolemy.moml.MoMLSimpleApplication$UnloadThread.run(MoMLSimpleApplication.java:402)
Caused by: ptolemy.actor.sched.NotSchedulableException: No solution exists for the balance equations.
Graph is not consistent under the SDF domain detected on external port .rateConsistency.actor.port2
  in .rateConsistency.SDF Director.Scheduler
	at ptolemy.domains.sdf.kernel.SDFScheduler._propagatePort(SDFScheduler.java:1425)
	at ptolemy.domains.sdf.kernel.SDFScheduler._solveBalanceEquations(SDFScheduler.java:710)
	at ptolemy.domains.sdf.kernel.SDFScheduler._getSchedule(SDFScheduler.java:566)
	at ptolemy.actor.sched.Scheduler.getSchedule(Scheduler.java:189)
	at ptolemy.domains.sdf.kernel.SDFDirector.createSchedule(SDFDirector.java:408)
	at ptolemy.domains.sdf.kernel.SDFDirector.preinitialize(SDFDirector.java:764)
	at ptolemy.actor.CompositeActor.preinitialize(CompositeActor.java:1828)
	at ptolemy.actor.Manager.preinitializeAndResolveTypes(Manager.java:1040)
	at ptolemy.actor.Manager.initialize(Manager.java:710)
	at ptolemy.actor.Manager.execute(Manager.java:356)
	at ptolemy.actor.Manager.run(Manager.java:1263)
	at ptolemy.actor.Manager$PtolemyRunThread.run(Manager.java:1915)
java.lang.RuntimeException: Execution failed
	at ptolemy.moml.MoMLSimpleApplication$UnloadThread.run(MoMLSimpleApplication.java:402)
Caused by: ptolemy.kernel.util.IllegalActionException: Failed to compute schedule:
  in .badRateChanges.typed composite actor.SDF Director
Because:
The SDF rate parameter may change. This is not allowed in SDF models that will be run through the code generator.  If you don't care about code generation, then you might consider setting the allowRateChanges parameter of the SDF director to false.
  in .badRateChanges.typed composite actor.Repeat.output.tokenProductionRate
	at ptolemy.domains.sdf.kernel.SDFDirector.createSchedule(SDFDirector.java:418)
	at ptolemy.domains.sdf.kernel.SDFDirector.preinitialize(SDFDirector.java:764)
	at ptolemy.actor.CompositeActor.preinitialize(CompositeActor.java:1828)
	at ptolemy.actor.Director.preinitialize(Director.java:1302)
	at ptolemy.actor.Director.preinitialize(Director.java:1257)
	at ptolemy.domains.sdf.kernel.SDFDirector.preinitialize(SDFDirector.java:763)
	at ptolemy.actor.CompositeActor.preinitialize(CompositeActor.java:1828)
	at ptolemy.actor.Manager.preinitializeAndResolveTypes(Manager.java:1040)
	at ptolemy.actor.Manager.initialize(Manager.java:710)
	at ptolemy.actor.Manager.execute(Manager.java:356)
	at ptolemy.actor.Manager.run(Manager.java:1263)
	at ptolemy.actor.Manager$PtolemyRunThread.run(Manager.java:1915)
Caused by: ptolemy.kernel.util.IllegalActionException: The SDF rate parameter may change. This is not allowed in SDF models that will be run through the code generator.  If you don't care about code generation, then you might consider setting the allowRateChanges parameter of the SDF director to false.
  in .badRateChanges.typed composite actor.Repeat.output.tokenProductionRate
	at ptolemy.domains.sdf.kernel.SDFScheduler._assertDynamicRateVariable(SDFScheduler.java:931)
	at ptolemy.domains.sdf.kernel.SDFScheduler._checkDynamicRateVariables(SDFScheduler.java:339)
	at ptolemy.domains.sdf.kernel.SDFScheduler._getSchedule(SDFScheduler.java:527)
	at ptolemy.actor.sched.Scheduler.getSchedule(Scheduler.java:189)
	at ptolemy.domains.sdf.kernel.SDFDirector.createSchedule(SDFDirector.java:408)
	... 11 more
java.lang.RuntimeException: Execution failed
	at ptolemy.moml.MoMLSimpleApplication$UnloadThread.run(MoMLSimpleApplication.java:402)
Caused by: ptolemy.kernel.util.IllegalActionException: Failed to compute schedule:
  in .badRateChanges2.typed composite actor.SDF Director
Because:
The SDF rate parameter may change. This is not allowed in SDF models that will be run through the code generator.  If you don't care about code generation, then you might consider setting the allowRateChanges parameter of the SDF director to false.
  in .badRateChanges2.typed composite actor.Repeat.output.tokenProductionRate
	at ptolemy.domains.sdf.kernel.SDFDirector.createSchedule(SDFDirector.java:418)
	at ptolemy.domains.sdf.kernel.SDFDirector.preinitialize(SDFDirector.java:764)
	at ptolemy.actor.CompositeActor.preinitialize(CompositeActor.java:1828)
	at ptolemy.actor.Director.preinitialize(Director.java:1302)
	at ptolemy.actor.Director.preinitialize(Director.java:1257)
	at ptolemy.domains.sdf.kernel.SDFDirector.preinitialize(SDFDirector.java:763)
	at ptolemy.actor.CompositeActor.preinitialize(CompositeActor.java:1828)
	at ptolemy.actor.Manager.preinitializeAndResolveTypes(Manager.java:1040)
	at ptolemy.actor.Manager.initialize(Manager.java:710)
	at ptolemy.actor.Manager.execute(Manager.java:356)
	at ptolemy.actor.Manager.run(Manager.java:1263)
	at ptolemy.actor.Manager$PtolemyRunThread.run(Manager.java:1915)
Caused by: ptolemy.kernel.util.IllegalActionException: The SDF rate parameter may change. This is not allowed in SDF models that will be run through the code generator.  If you don't care about code generation, then you might consider setting the allowRateChanges parameter of the SDF director to false.
  in .badRateChanges2.typed composite actor.Repeat.output.tokenProductionRate
	at ptolemy.domains.sdf.kernel.SDFScheduler._assertDynamicRateVariable(SDFScheduler.java:931)
	at ptolemy.domains.sdf.kernel.SDFScheduler._checkDynamicRateVariables(SDFScheduler.java:339)
	at ptolemy.domains.sdf.kernel.SDFScheduler._getSchedule(SDFScheduler.java:527)
	at ptolemy.actor.sched.Scheduler.getSchedule(Scheduler.java:189)
	at ptolemy.domains.sdf.kernel.SDFDirector.createSchedule(SDFDirector.java:408)
	... 11 more
java.lang.RuntimeException: Execution failed
	at ptolemy.moml.MoMLSimpleApplication$UnloadThread.run(MoMLSimpleApplication.java:402)
Caused by: ptolemy.actor.sched.NotSchedulableException: Actors remain that cannot be scheduled!

There are several possible reasons:
* SDF Graphs with feedback loops should have an actor with a delay in the loop, such as a SampleDelay.
* The SDF director has an "allowDisconnectedGraphs"parameter, which, when true, permits disconnected SDF graphs.
* The token consumption rate and production rates might be mismatched.
Usually, actors produce one token or consume one token on a port.  To produce or consume multiple tokens per firing, add a "tokenConsumptionRate" or "tokenProductionRate" parameter to the appropriate port.
Unscheduled actors:
.partiallyConnected.Const2 
Scheduled actors:
.partiallyConnected.Const 
  in .partiallyConnected.SDF Director.Scheduler
	at ptolemy.domains.sdf.kernel.SDFScheduler._scheduleConnectedActors(SDFScheduler.java:1828)
	at ptolemy.domains.sdf.kernel.SDFScheduler._getSchedule(SDFScheduler.java:587)
	at ptolemy.actor.sched.Scheduler.getSchedule(Scheduler.java:189)
	at ptolemy.domains.sdf.kernel.SDFDirector.createSchedule(SDFDirector.java:408)
	at ptolemy.domains.sdf.kernel.SDFDirector.preinitialize(SDFDirector.java:764)
	at ptolemy.actor.CompositeActor.preinitialize(CompositeActor.java:1828)
	at ptolemy.actor.Manager.preinitializeAndResolveTypes(Manager.java:1040)
	at ptolemy.actor.Manager.initialize(Manager.java:710)
	at ptolemy.actor.Manager.execute(Manager.java:356)
	at ptolemy.actor.Manager.run(Manager.java:1263)
	at ptolemy.actor.Manager$PtolemyRunThread.run(Manager.java:1915)
]]></system-err>
</testsuite>
