<?xml version="1.0" encoding="UTF-8" ?>
<testsuite errors="0" failures="0" hostname="travis-job-cdaf2992-9217-4d27-8a2a-ef436837bdfc" name="ptolemy.domains.pn.test.junit.JUnitTclTest" skipped="0" tests="43" time="8.406" timestamp="2018-05-22T18:26:25">
  <properties>
[...]
</properties>
  <testcase classname="ptolemy.util.test.junit.TclTests" name="[0] /home/travis/build/icyphy/ptII/ptolemy/domains/pn/test/PNDirector.tcl (RunTclFile)" time="0.554" />
  <testcase classname="ptolemy.util.test.junit.TclTests" name="[1] /home/travis/build/icyphy/ptII/ptolemy/domains/pn/test/TimedPNDirector.tcl (RunTclFile)" time="0.014" />
  <testcase classname="ptolemy.util.test.junit.AutoKnownFailedTests" name="[0] ThereAreNoKnowFailedTests (RunModel)" time="0.0" />
  <testcase classname="ptolemy.util.test.junit.AutoNameArchTests" name="[0] ThereAreNoAutoTests (RunModel)" time="0.0" />
  <testcase classname="ptolemy.util.test.junit.AutoTests" name="[0] /home/travis/build/icyphy/ptII/ptolemy/domains/pn/test/auto/Branching-switch-PN-ptolemy-2.xml (RunModel)" time="0.152" />
  <testcase classname="ptolemy.util.test.junit.AutoTests" name="[1] /home/travis/build/icyphy/ptII/ptolemy/domains/pn/test/auto/Branching-switch-PN-ptolemy.xml (RunModel)" time="0.139" />
  <testcase classname="ptolemy.util.test.junit.AutoTests" name="[2] /home/travis/build/icyphy/ptII/ptolemy/domains/pn/test/auto/BrockAckermanTest.xml (RunModel)" time="0.413" />
  <testcase classname="ptolemy.util.test.junit.AutoTests" name="[3] /home/travis/build/icyphy/ptII/ptolemy/domains/pn/test/auto/CounterMachine.xml (RunModel)" time="1.963" />
  <testcase classname="ptolemy.util.test.junit.AutoTests" name="[4] /home/travis/build/icyphy/ptII/ptolemy/domains/pn/test/auto/CounterMachine1.xml (RunModel)" time="1.678" />
  <testcase classname="ptolemy.util.test.junit.AutoTests" name="[5] /home/travis/build/icyphy/ptII/ptolemy/domains/pn/test/auto/CounterMachineWithException.xml (RunModel)" time="0.93" />
  <testcase classname="ptolemy.util.test.junit.AutoTests" name="[6] /home/travis/build/icyphy/ptII/ptolemy/domains/pn/test/auto/FinalState.xml (RunModel)" time="0.113" />
  <testcase classname="ptolemy.util.test.junit.AutoTests" name="[7] /home/travis/build/icyphy/ptII/ptolemy/domains/pn/test/auto/FourExpressions.xml (RunModel)" time="0.036" />
  <testcase classname="ptolemy.util.test.junit.AutoTests" name="[8] /home/travis/build/icyphy/ptII/ptolemy/domains/pn/test/auto/Identity.xml (RunModel)" time="0.065" />
  <testcase classname="ptolemy.util.test.junit.AutoTests" name="[9] /home/travis/build/icyphy/ptII/ptolemy/domains/pn/test/auto/IdentityWithFeedback.xml (RunModel)" time="0.056" />
  <testcase classname="ptolemy.util.test.junit.AutoTests" name="[10] /home/travis/build/icyphy/ptII/ptolemy/domains/pn/test/auto/NondeterministicMergeTest.xml (RunModel)" time="0.106" />
  <testcase classname="ptolemy.util.test.junit.AutoTests" name="[11] /home/travis/build/icyphy/ptII/ptolemy/domains/pn/test/auto/OrderedMerge.xml (RunModel)" time="0.256" />
  <testcase classname="ptolemy.util.test.junit.AutoTests" name="[12] /home/travis/build/icyphy/ptII/ptolemy/domains/pn/test/auto/PNAbstractReceiverTest.xml (RunModel)" time="0.044" />
  <testcase classname="ptolemy.util.test.junit.AutoTests" name="[13] /home/travis/build/icyphy/ptII/ptolemy/domains/pn/test/auto/QR.xml (RunModel)" time="0.108" />
  <testcase classname="ptolemy.util.test.junit.AutoTests" name="[14] /home/travis/build/icyphy/ptII/ptolemy/domains/pn/test/auto/RemoveNilTokens.xml (RunModel)" time="0.082" />
  <testcase classname="ptolemy.util.test.junit.AutoTests" name="[15] /home/travis/build/icyphy/ptII/ptolemy/domains/pn/test/auto/Stack.xml (RunModel)" time="0.216" />
  <testcase classname="ptolemy.util.test.junit.AutoTests" name="[16] /home/travis/build/icyphy/ptII/ptolemy/domains/pn/test/auto/TestRemoveNilTokens.xml (RunModel)" time="0.067" />
  <testcase classname="ptolemy.util.test.junit.AutoTests" name="[17] /home/travis/build/icyphy/ptII/ptolemy/domains/pn/test/auto/TestSeq2Array.xml (RunModel)" time="0.057" />
  <testcase classname="ptolemy.util.test.junit.AutoTests" name="[18] /home/travis/build/icyphy/ptII/ptolemy/domains/pn/test/auto/TrivialIdentity.xml (RunModel)" time="0.042" />
  <testcase classname="ptolemy.util.test.junit.AutoTests" name="[19] /home/travis/build/icyphy/ptII/ptolemy/domains/pn/test/auto/WidthInferenceTest1.xml (RunModel)" time="0.05" />
  <testcase classname="ptolemy.util.test.junit.AutoTests" name="[20] /home/travis/build/icyphy/ptII/ptolemy/domains/pn/test/auto/WidthInferenceTest2.xml (RunModel)" time="0.036" />
  <testcase classname="ptolemy.util.test.junit.AutoTests" name="[21] /home/travis/build/icyphy/ptII/ptolemy/domains/pn/test/auto/WidthInferenceTest3.xml (RunModel)" time="0.085" />
  <testcase classname="ptolemy.util.test.junit.AutoTests" name="[22] /home/travis/build/icyphy/ptII/ptolemy/domains/pn/test/auto/WidthInferenceTest4.xml (RunModel)" time="0.079" />
  <testcase classname="ptolemy.util.test.junit.AutoTests" name="[23] /home/travis/build/icyphy/ptII/ptolemy/domains/pn/test/auto/WidthInferenceTest5.xml (RunModel)" time="0.08" />
  <testcase classname="ptolemy.util.test.junit.AutoTests" name="[24] /home/travis/build/icyphy/ptII/ptolemy/domains/pn/test/auto/controlled_kahnnet.xml (RunModel)" time="0.048" />
  <testcase classname="ptolemy.util.test.junit.AutoTests" name="[25] /home/travis/build/icyphy/ptII/ptolemy/domains/pn/test/auto/demandDriven.xml (RunModel)" time="0.034" />
  <testcase classname="ptolemy.util.test.junit.AutoTests" name="[26] /home/travis/build/icyphy/ptII/ptolemy/domains/pn/test/auto/feedback.xml (RunModel)" time="0.031" />
  <testcase classname="ptolemy.util.test.junit.AutoTests" name="[27] /home/travis/build/icyphy/ptII/ptolemy/domains/pn/test/auto/helloWorld.xml (RunModel)" time="0.019" />
  <testcase classname="ptolemy.util.test.junit.AutoTests" name="[28] /home/travis/build/icyphy/ptII/ptolemy/domains/pn/test/auto/helloWorld2.xml (RunModel)" time="0.03" />
  <testcase classname="ptolemy.util.test.junit.AutoTests" name="[29] /home/travis/build/icyphy/ptII/ptolemy/domains/pn/test/auto/noOutput.xml (RunModel)" time="0.08" />
  <testcase classname="ptolemy.util.test.junit.AutoTests" name="[30] /home/travis/build/icyphy/ptII/ptolemy/domains/pn/test/auto/relationGroup.xml (RunModel)" time="0.02" />
  <testcase classname="ptolemy.util.test.junit.AutoTests" name="[31] /home/travis/build/icyphy/ptII/ptolemy/domains/pn/test/auto/relationGroup2.xml (RunModel)" time="0.026" />
  <testcase classname="ptolemy.util.test.junit.AutoTests" name="[32] /home/travis/build/icyphy/ptII/ptolemy/domains/pn/test/auto/relationGroup3.xml (RunModel)" time="0.014" />
  <testcase classname="ptolemy.util.test.junit.AutoTests" name="[33] /home/travis/build/icyphy/ptII/ptolemy/domains/pn/test/auto/relationGroup4.xml (RunModel)" time="0.022" />
  <testcase classname="ptolemy.util.test.junit.AutoTests" name="[34] /home/travis/build/icyphy/ptII/ptolemy/domains/pn/test/auto/relationGroup5.xml (RunModel)" time="0.017" />
  <testcase classname="ptolemy.util.test.junit.AutoTests" name="[35] /home/travis/build/icyphy/ptII/ptolemy/domains/pn/test/auto/relationGroup6.xml (RunModel)" time="0.028" />
  <testcase classname="ptolemy.util.test.junit.AutoTests" name="[36] /home/travis/build/icyphy/ptII/ptolemy/domains/pn/test/auto/relationGroup7.xml (RunModel)" time="0.024" />
  <testcase classname="ptolemy.util.test.junit.AutoTests" name="[37] /home/travis/build/icyphy/ptII/ptolemy/domains/pn/test/auto/relationGroup8.xml (RunModel)" time="0.027" />
  <testcase classname="ptolemy.util.test.junit.AutoTests" name="[38] /home/travis/build/icyphy/ptII/ptolemy/domains/pn/test/auto/widthTest.xml (RunModel)" time="0.051" />
  <system-out><![CDATA[/home/travis/build/icyphy/ptII/ptolemy/domains/pn/test/PNDirector.tcl
testDefs.tcl: setting time out to 9000 seconds at Tue May 22 18:26:25 UTC 2018
86 ms. Memory: 116224K Free: 86972K (75%)
8 ms. Memory: 116224K Free: 107901K (93%)
/home/travis/build/icyphy/ptII/ptolemy/domains/pn/test/TimedPNDirector.tcl


==== $PTII/ptolemy/domains/pn/test/TimedPNDirector.tcl: TimedPNDirector-6.1 Test an application
==== Contents of test case:


    set e0 [java::new ptolemy.actor.TypedCompositeActor]
    set manager [java::new ptolemy.actor.Manager]
    set director [java::new ptolemy.domains.pn.kernel.TimedPNDirector]
    $e0 setDirector $director
    $e0 setName top
    $e0 setManager $manager

    # FIXME: why doesn't the getParameter option work.
    set ramp [java::new ptolemy.actor.lib.Ramp $e0 ramp]
    set param [java::cast ptolemy.data.expr.Parameter  [$ramp getAttribute  firingCountLimit]]
    $param setExpression 20

    set rec [java::new ptolemy.actor.lib.Recorder $e0 rec]
    $e0 connect  [java::field [java::cast ptolemy.actor.lib.Source $ramp] output]  [java::field [java::cast ptolemy.actor.lib.Sink $rec] input]

    error "Running this test sometimes causes an endless loop" 

#    [$e0 getManager] execute
#    enumToTokenValues [$rec getRecord 0]


.... Test generated KNOWN error:
Running this test sometimes causes an endless loop
    while executing
"error "Running this test sometimes causes an endless loop" "
    ("uplevel" body line 18)
    invoked from within
"uplevel $contents_of_test"
05/22/18 06:26:26
Failed: 0  Total Tests: 3  ((Passed: 2, Newly Passed: 0)  Known Failed: 1) /home/travis/build/icyphy/ptII/ptolemy/domains/pn/test
No auto/knownFailedTests/*.xml tests in /home/travis/build/icyphy/ptII/ptolemy/domains/pn/test
No auto/*.xml tests in /home/travis/build/icyphy/ptII/ptolemy/domains/pn/test
AutoTests.java: About to close Vertx.
AutoTests.java: Vertx closed.
----------------- testing Tue May 22 18:26:26 UTC 2018 /home/travis/build/icyphy/ptII/ptolemy/domains/pn/test/auto/Branching-switch-PN-ptolemy-2.xml
----------------- Instantiating /home/travis/build/icyphy/ptII/ptolemy/domains/pn/test/auto/Branching-switch-PN-ptolemy-2.xml
30 ms. Memory: 116224K Free: 100786K (87%)
----------------- Invoking toplevel() on ptolemy.moml.MoMLSimpleApplication@4d276f8b
----------------- Done invoking toplevel() on ptolemy.moml.MoMLSimpleApplication@4d276f8b
reloadAllAccessors: .Branching-switch-PN-ptolemy-2
----------------- testing Tue May 22 18:26:26 UTC 2018 /home/travis/build/icyphy/ptII/ptolemy/domains/pn/test/auto/Branching-switch-PN-ptolemy.xml
----------------- Instantiating /home/travis/build/icyphy/ptII/ptolemy/domains/pn/test/auto/Branching-switch-PN-ptolemy.xml
64 ms. Memory: 116224K Free: 90825K (78%)
----------------- Invoking toplevel() on ptolemy.moml.MoMLSimpleApplication@6952bf38
----------------- Done invoking toplevel() on ptolemy.moml.MoMLSimpleApplication@6952bf38
reloadAllAccessors: .Branching-switch-PN-ptolemy
----------------- testing Tue May 22 18:26:26 UTC 2018 /home/travis/build/icyphy/ptII/ptolemy/domains/pn/test/auto/BrockAckermanTest.xml
----------------- Instantiating /home/travis/build/icyphy/ptII/ptolemy/domains/pn/test/auto/BrockAckermanTest.xml
220 ms. Memory: 116224K Free: 104899K (90%)
----------------- Invoking toplevel() on ptolemy.moml.MoMLSimpleApplication@2cd19612
----------------- Done invoking toplevel() on ptolemy.moml.MoMLSimpleApplication@2cd19612
reloadAllAccessors: .BrockAckermanTest
----------------- testing Tue May 22 18:26:27 UTC 2018 /home/travis/build/icyphy/ptII/ptolemy/domains/pn/test/auto/CounterMachine.xml
----------------- Instantiating /home/travis/build/icyphy/ptII/ptolemy/domains/pn/test/auto/CounterMachine.xml
1146 ms. Memory: 209920K Free: 157100K (75%)
----------------- Invoking toplevel() on ptolemy.moml.MoMLSimpleApplication@559d26fc
----------------- Done invoking toplevel() on ptolemy.moml.MoMLSimpleApplication@559d26fc
reloadAllAccessors: .CounterMachine
----------------- testing Tue May 22 18:26:29 UTC 2018 /home/travis/build/icyphy/ptII/ptolemy/domains/pn/test/auto/CounterMachine1.xml
----------------- Instantiating /home/travis/build/icyphy/ptII/ptolemy/domains/pn/test/auto/CounterMachine1.xml
1176 ms. Memory: 209920K Free: 141051K (67%)
----------------- Invoking toplevel() on ptolemy.moml.MoMLSimpleApplication@6ba150de
----------------- Done invoking toplevel() on ptolemy.moml.MoMLSimpleApplication@6ba150de
reloadAllAccessors: .CounterMachine1
----------------- testing Tue May 22 18:26:30 UTC 2018 /home/travis/build/icyphy/ptII/ptolemy/domains/pn/test/auto/CounterMachineWithException.xml
----------------- Instantiating /home/travis/build/icyphy/ptII/ptolemy/domains/pn/test/auto/CounterMachineWithException.xml
457 ms. Memory: 332800K Free: 232674K (70%)
----------------- Invoking toplevel() on ptolemy.moml.MoMLSimpleApplication@51942f0d
----------------- Done invoking toplevel() on ptolemy.moml.MoMLSimpleApplication@51942f0d
reloadAllAccessors: .CounterMachineWithException
----------------- testing Tue May 22 18:26:31 UTC 2018 /home/travis/build/icyphy/ptII/ptolemy/domains/pn/test/auto/FinalState.xml
----------------- Instantiating /home/travis/build/icyphy/ptII/ptolemy/domains/pn/test/auto/FinalState.xml
14 ms. Memory: 332800K Free: 224802K (68%)
----------------- Invoking toplevel() on ptolemy.moml.MoMLSimpleApplication@712f1083
----------------- Done invoking toplevel() on ptolemy.moml.MoMLSimpleApplication@712f1083
reloadAllAccessors: .FinalState
----------------- testing Tue May 22 18:26:31 UTC 2018 /home/travis/build/icyphy/ptII/ptolemy/domains/pn/test/auto/FourExpressions.xml
----------------- Instantiating /home/travis/build/icyphy/ptII/ptolemy/domains/pn/test/auto/FourExpressions.xml
13 ms. Memory: 332800K Free: 214819K (65%)
----------------- Invoking toplevel() on ptolemy.moml.MoMLSimpleApplication@1460673d
----------------- Done invoking toplevel() on ptolemy.moml.MoMLSimpleApplication@1460673d
reloadAllAccessors: .FourExpressions
----------------- testing Tue May 22 18:26:31 UTC 2018 /home/travis/build/icyphy/ptII/ptolemy/domains/pn/test/auto/Identity.xml
----------------- Instantiating /home/travis/build/icyphy/ptII/ptolemy/domains/pn/test/auto/Identity.xml
15 ms. Memory: 332800K Free: 207617K (62%)
----------------- Invoking toplevel() on ptolemy.moml.MoMLSimpleApplication@55801314
----------------- Done invoking toplevel() on ptolemy.moml.MoMLSimpleApplication@55801314
reloadAllAccessors: .Identity
----------------- testing Tue May 22 18:26:31 UTC 2018 /home/travis/build/icyphy/ptII/ptolemy/domains/pn/test/auto/IdentityWithFeedback.xml
----------------- Instantiating /home/travis/build/icyphy/ptII/ptolemy/domains/pn/test/auto/IdentityWithFeedback.xml
9 ms. Memory: 332800K Free: 201194K (60%)
----------------- Invoking toplevel() on ptolemy.moml.MoMLSimpleApplication@245448c7
----------------- Done invoking toplevel() on ptolemy.moml.MoMLSimpleApplication@245448c7
reloadAllAccessors: .IdentityWithFeedback
----------------- testing Tue May 22 18:26:32 UTC 2018 /home/travis/build/icyphy/ptII/ptolemy/domains/pn/test/auto/NondeterministicMergeTest.xml
----------------- Instantiating /home/travis/build/icyphy/ptII/ptolemy/domains/pn/test/auto/NondeterministicMergeTest.xml
60 ms. Memory: 332800K Free: 193150K (58%)
----------------- Invoking toplevel() on ptolemy.moml.MoMLSimpleApplication@407476a4
----------------- Done invoking toplevel() on ptolemy.moml.MoMLSimpleApplication@407476a4
reloadAllAccessors: .NondeterministicMergeTest
----------------- testing Tue May 22 18:26:32 UTC 2018 /home/travis/build/icyphy/ptII/ptolemy/domains/pn/test/auto/OrderedMerge.xml
----------------- Instantiating /home/travis/build/icyphy/ptII/ptolemy/domains/pn/test/auto/OrderedMerge.xml
214 ms. Memory: 332800K Free: 181882K (55%)
----------------- Invoking toplevel() on ptolemy.moml.MoMLSimpleApplication@3a490bf7
----------------- Done invoking toplevel() on ptolemy.moml.MoMLSimpleApplication@3a490bf7
reloadAllAccessors: .OrderedMerge
----------------- testing Tue May 22 18:26:32 UTC 2018 /home/travis/build/icyphy/ptII/ptolemy/domains/pn/test/auto/PNAbstractReceiverTest.xml
----------------- Instantiating /home/travis/build/icyphy/ptII/ptolemy/domains/pn/test/auto/PNAbstractReceiverTest.xml
10 ms. Memory: 332800K Free: 177517K (53%)
----------------- Invoking toplevel() on ptolemy.moml.MoMLSimpleApplication@7943c449
----------------- Done invoking toplevel() on ptolemy.moml.MoMLSimpleApplication@7943c449
reloadAllAccessors: .PNAbstractReceiverTest
----------------- testing Tue May 22 18:26:32 UTC 2018 /home/travis/build/icyphy/ptII/ptolemy/domains/pn/test/auto/QR.xml
----------------- Instantiating /home/travis/build/icyphy/ptII/ptolemy/domains/pn/test/auto/QR.xml
43 ms. Memory: 332800K Free: 165252K (50%)
----------------- Invoking toplevel() on ptolemy.moml.MoMLSimpleApplication@2f6f60e8
----------------- Done invoking toplevel() on ptolemy.moml.MoMLSimpleApplication@2f6f60e8
reloadAllAccessors: .QR
----------------- testing Tue May 22 18:26:32 UTC 2018 /home/travis/build/icyphy/ptII/ptolemy/domains/pn/test/auto/RemoveNilTokens.xml
----------------- Instantiating /home/travis/build/icyphy/ptII/ptolemy/domains/pn/test/auto/RemoveNilTokens.xml
25 ms. Memory: 332800K Free: 153960K (46%)
----------------- Invoking toplevel() on ptolemy.moml.MoMLSimpleApplication@51684fd
----------------- Done invoking toplevel() on ptolemy.moml.MoMLSimpleApplication@51684fd
reloadAllAccessors: .RemoveNilTokens
----------------- testing Tue May 22 18:26:32 UTC 2018 /home/travis/build/icyphy/ptII/ptolemy/domains/pn/test/auto/Stack.xml
----------------- Instantiating /home/travis/build/icyphy/ptII/ptolemy/domains/pn/test/auto/Stack.xml
114 ms. Memory: 332800K Free: 126688K (38%)
----------------- Invoking toplevel() on ptolemy.moml.MoMLSimpleApplication@4946ab52
----------------- Done invoking toplevel() on ptolemy.moml.MoMLSimpleApplication@4946ab52
reloadAllAccessors: .Stack
----------------- testing Tue May 22 18:26:32 UTC 2018 /home/travis/build/icyphy/ptII/ptolemy/domains/pn/test/auto/TestRemoveNilTokens.xml
----------------- Instantiating /home/travis/build/icyphy/ptII/ptolemy/domains/pn/test/auto/TestRemoveNilTokens.xml
20 ms. Memory: 332800K Free: 118121K (35%)
----------------- Invoking toplevel() on ptolemy.moml.MoMLSimpleApplication@fb039d4
----------------- Done invoking toplevel() on ptolemy.moml.MoMLSimpleApplication@fb039d4
reloadAllAccessors: .TestRemoveNilTokens
----------------- testing Tue May 22 18:26:32 UTC 2018 /home/travis/build/icyphy/ptII/ptolemy/domains/pn/test/auto/TestSeq2Array.xml
----------------- Instantiating /home/travis/build/icyphy/ptII/ptolemy/domains/pn/test/auto/TestSeq2Array.xml
22 ms. Memory: 332800K Free: 110672K (33%)
----------------- Invoking toplevel() on ptolemy.moml.MoMLSimpleApplication@32ad77d9
----------------- Done invoking toplevel() on ptolemy.moml.MoMLSimpleApplication@32ad77d9
reloadAllAccessors: .TestSeq2Array
----------------- testing Tue May 22 18:26:32 UTC 2018 /home/travis/build/icyphy/ptII/ptolemy/domains/pn/test/auto/TrivialIdentity.xml
----------------- Instantiating /home/travis/build/icyphy/ptII/ptolemy/domains/pn/test/auto/TrivialIdentity.xml
17 ms. Memory: 332800K Free: 105416K (32%)
----------------- Invoking toplevel() on ptolemy.moml.MoMLSimpleApplication@7706c32f
----------------- Done invoking toplevel() on ptolemy.moml.MoMLSimpleApplication@7706c32f
reloadAllAccessors: .TrivialIdentity
----------------- testing Tue May 22 18:26:33 UTC 2018 /home/travis/build/icyphy/ptII/ptolemy/domains/pn/test/auto/WidthInferenceTest1.xml
----------------- Instantiating /home/travis/build/icyphy/ptII/ptolemy/domains/pn/test/auto/WidthInferenceTest1.xml
18 ms. Memory: 332800K Free: 98489K (30%)
----------------- Invoking toplevel() on ptolemy.moml.MoMLSimpleApplication@5d3ce1cf
----------------- Done invoking toplevel() on ptolemy.moml.MoMLSimpleApplication@5d3ce1cf
reloadAllAccessors: .1
----------------- testing Tue May 22 18:26:33 UTC 2018 /home/travis/build/icyphy/ptII/ptolemy/domains/pn/test/auto/WidthInferenceTest2.xml
----------------- Instantiating /home/travis/build/icyphy/ptII/ptolemy/domains/pn/test/auto/WidthInferenceTest2.xml
8 ms. Memory: 332800K Free: 90944K (27%)
----------------- Invoking toplevel() on ptolemy.moml.MoMLSimpleApplication@7c656dff
----------------- Done invoking toplevel() on ptolemy.moml.MoMLSimpleApplication@7c656dff
reloadAllAccessors: .2
----------------- testing Tue May 22 18:26:33 UTC 2018 /home/travis/build/icyphy/ptII/ptolemy/domains/pn/test/auto/WidthInferenceTest3.xml
----------------- Instantiating /home/travis/build/icyphy/ptII/ptolemy/domains/pn/test/auto/WidthInferenceTest3.xml
27 ms. Memory: 332800K Free: 323116K (97%)
----------------- Invoking toplevel() on ptolemy.moml.MoMLSimpleApplication@440d6d03
----------------- Done invoking toplevel() on ptolemy.moml.MoMLSimpleApplication@440d6d03
reloadAllAccessors: .3
----------------- testing Tue May 22 18:26:33 UTC 2018 /home/travis/build/icyphy/ptII/ptolemy/domains/pn/test/auto/WidthInferenceTest4.xml
----------------- Instantiating /home/travis/build/icyphy/ptII/ptolemy/domains/pn/test/auto/WidthInferenceTest4.xml
27 ms. Memory: 332800K Free: 306445K (92%)
----------------- Invoking toplevel() on ptolemy.moml.MoMLSimpleApplication@175157c0
----------------- Done invoking toplevel() on ptolemy.moml.MoMLSimpleApplication@175157c0
reloadAllAccessors: .WidthInferenceTest4
----------------- testing Tue May 22 18:26:33 UTC 2018 /home/travis/build/icyphy/ptII/ptolemy/domains/pn/test/auto/WidthInferenceTest5.xml
----------------- Instantiating /home/travis/build/icyphy/ptII/ptolemy/domains/pn/test/auto/WidthInferenceTest5.xml
26 ms. Memory: 332800K Free: 291039K (87%)
----------------- Invoking toplevel() on ptolemy.moml.MoMLSimpleApplication@36e5a5cf
----------------- Done invoking toplevel() on ptolemy.moml.MoMLSimpleApplication@36e5a5cf
reloadAllAccessors: .WidthInferenceTest5
----------------- testing Tue May 22 18:26:33 UTC 2018 /home/travis/build/icyphy/ptII/ptolemy/domains/pn/test/auto/controlled_kahnnet.xml
----------------- Instantiating /home/travis/build/icyphy/ptII/ptolemy/domains/pn/test/auto/controlled_kahnnet.xml
14 ms. Memory: 332800K Free: 284649K (86%)
----------------- Invoking toplevel() on ptolemy.moml.MoMLSimpleApplication@7436febd
----------------- Done invoking toplevel() on ptolemy.moml.MoMLSimpleApplication@7436febd
reloadAllAccessors: .controlled_kahnnet
----------------- testing Tue May 22 18:26:33 UTC 2018 /home/travis/build/icyphy/ptII/ptolemy/domains/pn/test/auto/demandDriven.xml
----------------- Instantiating /home/travis/build/icyphy/ptII/ptolemy/domains/pn/test/auto/demandDriven.xml
10 ms. Memory: 332800K Free: 280212K (84%)
----------------- Invoking toplevel() on ptolemy.moml.MoMLSimpleApplication@6f6e29d3
----------------- Done invoking toplevel() on ptolemy.moml.MoMLSimpleApplication@6f6e29d3
reloadAllAccessors: .demandDriven
----------------- testing Tue May 22 18:26:33 UTC 2018 /home/travis/build/icyphy/ptII/ptolemy/domains/pn/test/auto/feedback.xml
----------------- Instantiating /home/travis/build/icyphy/ptII/ptolemy/domains/pn/test/auto/feedback.xml
10 ms. Memory: 332800K Free: 274955K (83%)
----------------- Invoking toplevel() on ptolemy.moml.MoMLSimpleApplication@6c8268cd
----------------- Done invoking toplevel() on ptolemy.moml.MoMLSimpleApplication@6c8268cd
reloadAllAccessors: .feedback
----------------- testing Tue May 22 18:26:33 UTC 2018 /home/travis/build/icyphy/ptII/ptolemy/domains/pn/test/auto/helloWorld.xml
----------------- Instantiating /home/travis/build/icyphy/ptII/ptolemy/domains/pn/test/auto/helloWorld.xml
5 ms. Memory: 332800K Free: 272481K (82%)
----------------- Invoking toplevel() on ptolemy.moml.MoMLSimpleApplication@3dd6a7c0
----------------- Done invoking toplevel() on ptolemy.moml.MoMLSimpleApplication@3dd6a7c0
reloadAllAccessors: .helloWorld
----------------- testing Tue May 22 18:26:33 UTC 2018 /home/travis/build/icyphy/ptII/ptolemy/domains/pn/test/auto/helloWorld2.xml
----------------- Instantiating /home/travis/build/icyphy/ptII/ptolemy/domains/pn/test/auto/helloWorld2.xml
14 ms. Memory: 332800K Free: 267154K (80%)
----------------- Invoking toplevel() on ptolemy.moml.MoMLSimpleApplication@31abf734
----------------- Done invoking toplevel() on ptolemy.moml.MoMLSimpleApplication@31abf734
reloadAllAccessors: .helloWorld2
----------------- testing Tue May 22 18:26:33 UTC 2018 /home/travis/build/icyphy/ptII/ptolemy/domains/pn/test/auto/noOutput.xml
----------------- Instantiating /home/travis/build/icyphy/ptII/ptolemy/domains/pn/test/auto/noOutput.xml
62 ms. Memory: 332800K Free: 261000K (78%)
----------------- Invoking toplevel() on ptolemy.moml.MoMLSimpleApplication@7f1a87b4
----------------- Done invoking toplevel() on ptolemy.moml.MoMLSimpleApplication@7f1a87b4
reloadAllAccessors: .noOutput
----------------- testing Tue May 22 18:26:33 UTC 2018 /home/travis/build/icyphy/ptII/ptolemy/domains/pn/test/auto/relationGroup.xml
----------------- Instantiating /home/travis/build/icyphy/ptII/ptolemy/domains/pn/test/auto/relationGroup.xml
3 ms. Memory: 332800K Free: 257863K (77%)
----------------- Invoking toplevel() on ptolemy.moml.MoMLSimpleApplication@5bbd0205
----------------- Done invoking toplevel() on ptolemy.moml.MoMLSimpleApplication@5bbd0205
reloadAllAccessors: .relationGroup
----------------- testing Tue May 22 18:26:33 UTC 2018 /home/travis/build/icyphy/ptII/ptolemy/domains/pn/test/auto/relationGroup2.xml
----------------- Instantiating /home/travis/build/icyphy/ptII/ptolemy/domains/pn/test/auto/relationGroup2.xml
8 ms. Memory: 332800K Free: 254821K (77%)
----------------- Invoking toplevel() on ptolemy.moml.MoMLSimpleApplication@285fa4d3
----------------- Done invoking toplevel() on ptolemy.moml.MoMLSimpleApplication@285fa4d3
reloadAllAccessors: .relationGroup2
----------------- testing Tue May 22 18:26:33 UTC 2018 /home/travis/build/icyphy/ptII/ptolemy/domains/pn/test/auto/relationGroup3.xml
----------------- Instantiating /home/travis/build/icyphy/ptII/ptolemy/domains/pn/test/auto/relationGroup3.xml
5 ms. Memory: 332800K Free: 252363K (76%)
----------------- Invoking toplevel() on ptolemy.moml.MoMLSimpleApplication@2c1b8882
----------------- Done invoking toplevel() on ptolemy.moml.MoMLSimpleApplication@2c1b8882
reloadAllAccessors: .relationGroup3
----------------- testing Tue May 22 18:26:33 UTC 2018 /home/travis/build/icyphy/ptII/ptolemy/domains/pn/test/auto/relationGroup4.xml
----------------- Instantiating /home/travis/build/icyphy/ptII/ptolemy/domains/pn/test/auto/relationGroup4.xml
8 ms. Memory: 332800K Free: 249353K (75%)
----------------- Invoking toplevel() on ptolemy.moml.MoMLSimpleApplication@6e9e9186
----------------- Done invoking toplevel() on ptolemy.moml.MoMLSimpleApplication@6e9e9186
reloadAllAccessors: .relationGroup4
----------------- testing Tue May 22 18:26:33 UTC 2018 /home/travis/build/icyphy/ptII/ptolemy/domains/pn/test/auto/relationGroup5.xml
----------------- Instantiating /home/travis/build/icyphy/ptII/ptolemy/domains/pn/test/auto/relationGroup5.xml
6 ms. Memory: 332800K Free: 246864K (74%)
----------------- Invoking toplevel() on ptolemy.moml.MoMLSimpleApplication@2e87c639
----------------- Done invoking toplevel() on ptolemy.moml.MoMLSimpleApplication@2e87c639
reloadAllAccessors: .relationGroup5
----------------- testing Tue May 22 18:26:33 UTC 2018 /home/travis/build/icyphy/ptII/ptolemy/domains/pn/test/auto/relationGroup6.xml
----------------- Instantiating /home/travis/build/icyphy/ptII/ptolemy/domains/pn/test/auto/relationGroup6.xml
9 ms. Memory: 332800K Free: 242884K (73%)
----------------- Invoking toplevel() on ptolemy.moml.MoMLSimpleApplication@256eda33
----------------- Done invoking toplevel() on ptolemy.moml.MoMLSimpleApplication@256eda33
reloadAllAccessors: .relationGroup6
----------------- testing Tue May 22 18:26:33 UTC 2018 /home/travis/build/icyphy/ptII/ptolemy/domains/pn/test/auto/relationGroup7.xml
----------------- Instantiating /home/travis/build/icyphy/ptII/ptolemy/domains/pn/test/auto/relationGroup7.xml
8 ms. Memory: 332800K Free: 239439K (72%)
----------------- Invoking toplevel() on ptolemy.moml.MoMLSimpleApplication@75243ffb
----------------- Done invoking toplevel() on ptolemy.moml.MoMLSimpleApplication@75243ffb
reloadAllAccessors: .relationGroup7
----------------- testing Tue May 22 18:26:33 UTC 2018 /home/travis/build/icyphy/ptII/ptolemy/domains/pn/test/auto/relationGroup8.xml
----------------- Instantiating /home/travis/build/icyphy/ptII/ptolemy/domains/pn/test/auto/relationGroup8.xml
6 ms. Memory: 332800K Free: 235712K (71%)
----------------- Invoking toplevel() on ptolemy.moml.MoMLSimpleApplication@16b1d70a
----------------- Done invoking toplevel() on ptolemy.moml.MoMLSimpleApplication@16b1d70a
reloadAllAccessors: .relationGroup8
----------------- testing Tue May 22 18:26:33 UTC 2018 /home/travis/build/icyphy/ptII/ptolemy/domains/pn/test/auto/widthTest.xml
----------------- Instantiating /home/travis/build/icyphy/ptII/ptolemy/domains/pn/test/auto/widthTest.xml
15 ms. Memory: 332800K Free: 230973K (69%)
----------------- Invoking toplevel() on ptolemy.moml.MoMLSimpleApplication@6322a54d
----------------- Done invoking toplevel() on ptolemy.moml.MoMLSimpleApplication@6322a54d
reloadAllAccessors: .widthTest
AutoTests.java: About to close Vertx.
AutoTests.java: Vertx closed.
]]></system-out>
  <system-err><![CDATA[java.lang.RuntimeException: Execution failed
	at ptolemy.moml.MoMLSimpleApplication$UnloadThread.run(MoMLSimpleApplication.java:402)
Caused by: ptolemy.kernel.util.IllegalActionException: At the current time, process-oriented domains (PN and CSP) cannot be nested inside firing-based domains (SDF, DE, CT, etc.).
  in .PNInsideDE.CompositeActor.port
Because:
ptolemy.domains.de.kernel.DEReceiver cannot be cast to ptolemy.actor.process.ProcessReceiver
	at ptolemy.actor.process.BranchController.addBranches(BranchController.java:182)
	at ptolemy.actor.process.CompositeProcessDirector.createBranchController(CompositeProcessDirector.java:221)
	at ptolemy.actor.process.CompositeProcessDirector.initialize(CompositeProcessDirector.java:289)
	at ptolemy.domains.pn.kernel.PNDirector.initialize(PNDirector.java:241)
	at ptolemy.actor.CompositeActor.initialize(CompositeActor.java:935)
	at ptolemy.actor.Director.initialize(Director.java:938)
	at ptolemy.actor.Director.initialize(Director.java:907)
	at ptolemy.domains.de.kernel.DEDirector.initialize(DEDirector.java:943)
	at ptolemy.actor.CompositeActor.initialize(CompositeActor.java:935)
	at ptolemy.actor.Manager.initialize(Manager.java:724)
	at ptolemy.actor.Manager.execute(Manager.java:356)
	at ptolemy.actor.Manager.run(Manager.java:1263)
	at ptolemy.actor.Manager$PtolemyRunThread.run(Manager.java:1915)
Caused by: java.lang.ClassCastException: ptolemy.domains.de.kernel.DEReceiver cannot be cast to ptolemy.actor.process.ProcessReceiver
	at ptolemy.actor.process.BranchController.addBranches(BranchController.java:178)
	... 12 more
Warning: '.RemoveNilTokens.Test' The test produced only 9 tokens, yet the correctValues parameter was expecting 13 tokens.
Warning: '.RemoveNilTokens.Test2' The test produced only 7 tokens, yet the correctValues parameter was expecting 8 tokens.
]]></system-err>
</testsuite>
