<?xml version="1.0" encoding="UTF-8" ?>
<testsuite errors="1" failures="0" hostname="travis-job-ceab0f4b-b32a-42c5-9493-8c4a41165c9a" name="org.terraswarm.accessor.test.junit.JUnitTclTest" skipped="0" tests="29" time="693.71" timestamp="2018-03-19T17:15:37">
  <properties>
[...]
</properties>
  <testcase classname="ptolemy.util.test.junit.TclTests" name="[0] /home/travis/build/icyphy/ptII/org/terraswarm/accessor/test/JSAccessor.tcl (RunTclFile)" time="17.692" />
  <testcase classname="ptolemy.util.test.junit.TclTests" name="[1] /home/travis/build/icyphy/ptII/org/terraswarm/accessor/test/WebSocketClientTest.tcl (RunTclFile)" time="59.995" />
  <testcase classname="ptolemy.util.test.junit.AutoKnownFailedTests" name="[0] ThereAreNoKnowFailedTests (RunModel)" time="0.001" />
  <testcase classname="ptolemy.util.test.junit.AutoNameArchTests" name="[0] ThereAreNoAutoTests (RunModel)" time="0.0" />
  <testcase classname="ptolemy.util.test.junit.AutoTests" name="[0] /home/travis/build/icyphy/ptII/org/terraswarm/accessor/test/auto/AccessViolation.xml (RunModel)" time="13.315" />
  <testcase classname="ptolemy.util.test.junit.AutoTests" name="[1] /home/travis/build/icyphy/ptII/org/terraswarm/accessor/test/auto/AccessViolation2.xml (RunModel)" time="13.75" />
  <testcase classname="ptolemy.util.test.junit.AutoTests" name="[2] /home/travis/build/icyphy/ptII/org/terraswarm/accessor/test/auto/Accessor1.xml (RunModel)" time="18.358" />
  <testcase classname="ptolemy.util.test.junit.AutoTests" name="[3] /home/travis/build/icyphy/ptII/org/terraswarm/accessor/test/auto/Accessor2.xml (RunModel)" time="13.454" />
  <testcase classname="ptolemy.util.test.junit.AutoTests" name="[4] /home/travis/build/icyphy/ptII/org/terraswarm/accessor/test/auto/CallbackWithSuppress.xml (RunModel)" time="73.189" />
  <testcase classname="ptolemy.util.test.junit.AutoTests" name="[5] /home/travis/build/icyphy/ptII/org/terraswarm/accessor/test/auto/Derived.xml (RunModel)" time="13.887" />
  <testcase classname="ptolemy.util.test.junit.AutoTests" name="[6] /home/travis/build/icyphy/ptII/org/terraswarm/accessor/test/auto/Derived2.xml (RunModel)" time="14.185" />
  <testcase classname="ptolemy.util.test.junit.AutoTests" name="[7] /home/travis/build/icyphy/ptII/org/terraswarm/accessor/test/auto/Derived3.xml (RunModel)" time="13.49" />
  <testcase classname="ptolemy.util.test.junit.AutoTests" name="[8] /home/travis/build/icyphy/ptII/org/terraswarm/accessor/test/auto/Derived4.xml (RunModel)" time="13.508" />
  <testcase classname="ptolemy.util.test.junit.AutoTests" name="[9] /home/travis/build/icyphy/ptII/org/terraswarm/accessor/test/auto/Derived5.xml (RunModel)" time="13.186" />
  <testcase classname="ptolemy.util.test.junit.AutoTests" name="[10] /home/travis/build/icyphy/ptII/org/terraswarm/accessor/test/auto/Derived6.xml (RunModel)" time="13.88" />
  <testcase classname="ptolemy.util.test.junit.AutoTests" name="[11] /home/travis/build/icyphy/ptII/org/terraswarm/accessor/test/auto/Derived8.xml (RunModel)" time="13.519" />
  <testcase classname="ptolemy.util.test.junit.AutoTests" name="[12] /home/travis/build/icyphy/ptII/org/terraswarm/accessor/test/auto/Derived9.xml (RunModel)" time="13.424" />
  <testcase classname="ptolemy.util.test.junit.AutoTests" name="[13] /home/travis/build/icyphy/ptII/org/terraswarm/accessor/test/auto/DerivedAgain.xml (RunModel)" time="16.606" />
  <testcase classname="ptolemy.util.test.junit.AutoTests" name="[14] /home/travis/build/icyphy/ptII/org/terraswarm/accessor/test/auto/DerivedAgain2.xml (RunModel)" time="17.207" />
  <testcase classname="ptolemy.util.test.junit.AutoTests" name="[15] /home/travis/build/icyphy/ptII/org/terraswarm/accessor/test/auto/DerivedAgain4.xml (RunModel)" time="13.967" />
  <testcase classname="ptolemy.util.test.junit.AutoTests" name="[16] /home/travis/build/icyphy/ptII/org/terraswarm/accessor/test/auto/DerivedAgain5.xml (RunModel)" time="13.905" />
  <testcase classname="ptolemy.util.test.junit.AutoTests" name="[17] /home/travis/build/icyphy/ptII/org/terraswarm/accessor/test/auto/GetDate.xml (RunModel)" time="33.872">
    <error type="java.lang.reflect.InvocationTargetException">java.lang.reflect.InvocationTargetException
	at java.lang.reflect.Constructor.newInstance(Constructor.java:423)
	at ptolemy.util.test.junit.AutoTests.RunModel(AutoTests.java:131)
	at junitparams.internal.InvokeParameterisedMethod.evaluate(InvokeParameterisedMethod.java:102)
Caused by: ptolemy.kernel.util.IllegalActionException: Exceptions occurred during wrapup:
ptolemy.kernel.util.IllegalActionException: Failure executing the wrapup function: Error: TrainableTest: The input handler of this accessor was never invoked. Usually, this is an error indicating that starvation is occurring. in &lt;function&gt; at line number 393 at column number 16
  in .GetDate.TrainableTest
Because:
Error: TrainableTest: The input handler of this accessor was never invoked. Usually, this is an error indicating that starvation is occurring. in &lt;function&gt; at line number 393 at column number 16

  in .GetDate.DE Director
Because:
Failure executing the wrapup function: Error: TrainableTest: The input handler of this accessor was never invoked. Usually, this is an error indicating that starvation is occurring. in &lt;function&gt; at line number 393 at column number 16
  in .GetDate.TrainableTest
Because:
Error: TrainableTest: The input handler of this accessor was never invoked. Usually, this is an error indicating that starvation is occurring. in &lt;function&gt; at line number 393 at column number 16
	at ptolemy.actor.Director.wrapup(Director.java:1736)
	at ptolemy.domains.de.kernel.DEDirector.wrapup(DEDirector.java:1526)
	at ptolemy.actor.CompositeActor.wrapup(CompositeActor.java:2735)
	at ptolemy.actor.Manager.wrapup(Manager.java:1512)
	at ptolemy.actor.Manager.execute(Manager.java:407)
	at ptolemy.actor.Manager.run(Manager.java:1263)
	at ptolemy.actor.Manager$PtolemyRunThread.run(Manager.java:1915)
Caused by: ptolemy.kernel.util.IllegalActionException: Failure executing the wrapup function: Error: TrainableTest: The input handler of this accessor was never invoked. Usually, this is an error indicating that starvation is occurring. in &lt;function&gt; at line number 393 at column number 16
  in .GetDate.TrainableTest
Because:
Error: TrainableTest: The input handler of this accessor was never invoked. Usually, this is an error indicating that starvation is occurring. in &lt;function&gt; at line number 393 at column number 16
	at ptolemy.actor.lib.jjs.JavaScript._invokeMethodInContext(JavaScript.java:2216)
	at ptolemy.actor.lib.jjs.JavaScript.wrapup(JavaScript.java:2111)
	at ptolemy.actor.Director.wrapup(Director.java:1722)
Caused by: javax.script.ScriptException: Error: TrainableTest: The input handler of this accessor was never invoked. Usually, this is an error indicating that starvation is occurring. in &lt;function&gt; at line number 393 at column number 16
	at jdk.nashorn.api.scripting.NashornScriptEngine.throwAsScriptException(NashornScriptEngine.java:470)
	at jdk.nashorn.api.scripting.NashornScriptEngine.invokeImpl(NashornScriptEngine.java:392)
	at jdk.nashorn.api.scripting.NashornScriptEngine.invokeMethod(NashornScriptEngine.java:199)
	at ptolemy.actor.lib.jjs.JavaScript._invokeMethodInContext(JavaScript.java:2193)
Caused by: &lt;function&gt;:393:16 Error: TrainableTest: The input handler of this accessor was never invoked. Usually, this is an error indicating that starvation is occurring.
	at jdk.nashorn.internal.objects.NativeError.initException(NativeError.java:137)
	at jdk.nashorn.internal.objects.NativeError.&lt;init&gt;(NativeError.java:102)
	at jdk.nashorn.internal.objects.NativeError.&lt;init&gt;(NativeError.java:106)
	at jdk.nashorn.internal.objects.NativeError.&lt;init&gt;(NativeError.java:110)
	at jdk.nashorn.internal.objects.NativeError.constructor(NativeError.java:129)
	at jdk.nashorn.internal.scripts.Script$Recompilation$27804$18557$\^function\_.L:1#wrapup(&lt;function&gt;:393)
	at jdk.nashorn.internal.scripts.Script$Recompilation$27802$30328$require.L:1#Accessor#wrapup(/home/travis/build/icyphy/ptII/ptolemy/actor/lib/jjs/external/require.js#401:30&lt;eval&gt;:673)
	at jdk.nashorn.internal.runtime.ScriptFunctionData.invoke(ScriptFunctionData.java:637)
	at jdk.nashorn.internal.runtime.ScriptFunction.invoke(ScriptFunction.java:494)
	at jdk.nashorn.internal.runtime.ScriptRuntime.apply(ScriptRuntime.java:393)
	at jdk.nashorn.api.scripting.ScriptObjectMirror.callMember(ScriptObjectMirror.java:199)
	at jdk.nashorn.api.scripting.NashornScriptEngine.invokeImpl(NashornScriptEngine.java:386)
</error>
  </testcase>
  <testcase classname="ptolemy.util.test.junit.AutoTests" name="[18] /home/travis/build/icyphy/ptII/org/terraswarm/accessor/test/auto/HandlerWithSuppress.xml (RunModel)" time="73.438" />
  <testcase classname="ptolemy.util.test.junit.AutoTests" name="[19] /home/travis/build/icyphy/ptII/org/terraswarm/accessor/test/auto/HttpRequest.xml (RunModel)" time="13.713" />
  <testcase classname="ptolemy.util.test.junit.AutoTests" name="[20] /home/travis/build/icyphy/ptII/org/terraswarm/accessor/test/auto/JSON.xml (RunModel)" time="16.394" />
  <testcase classname="ptolemy.util.test.junit.AutoTests" name="[21] /home/travis/build/icyphy/ptII/org/terraswarm/accessor/test/auto/ReadURL.xml (RunModel)" time="49.498" />
  <testcase classname="ptolemy.util.test.junit.AutoTests" name="[22] /home/travis/build/icyphy/ptII/org/terraswarm/accessor/test/auto/SendNullToOwnInput.xml (RunModel)" time="72.87" />
  <testcase classname="ptolemy.util.test.junit.AutoTests" name="[23] /home/travis/build/icyphy/ptII/org/terraswarm/accessor/test/auto/Stop.xml (RunModel)" time="34.55" />
  <testcase classname="ptolemy.util.test.junit.AutoTests" name="[24] /home/travis/build/icyphy/ptII/org/terraswarm/accessor/test/auto/Stop2.xml (RunModel)" time="18.727" />
  <system-out><![CDATA[/home/travis/build/icyphy/ptII/org/terraswarm/accessor/test/JSAccessor.tcl
testDefs.tcl: setting time out to 9000 seconds at Mon Mar 19 17:15:37 UTC 2018
JSAccessor: PT_NO_NET environment variable is set, so git pull and ptdoc are not being run.
/home/travis/build/icyphy/ptII/org/terraswarm/accessor/test/WebSocketClientTest.tcl
WebSocketClient: Connection failed. Will try again: Connection refused: localhost/127.0.0.1:8181 (Thread[vert.x-eventloop-thread-0,1,main])
WebSocketClient: Connection closed because model is no longer running. (Thread[WebSocketClientJS,1,main])
7934 ms. Memory: 694272K Free: 419276K (60%)
WebSocketClient: Connection failed. Will try again: Connection refused: localhost/127.0.0.1:8181 (Thread[vert.x-eventloop-thread-0,1,main])
WebSocketClient: Connection closed because model is no longer running. (Thread[main,5,main])
6927 ms. Memory: 782848K Free: 517780K (66%)
reloadAllAccessors: .WebSocketClientJS
This is the first time that the reloadAllAccessors method has been invoked in this JVM, so the the accessors repo will be checked out or updated and JSDoc invoked. Note that running the tests may end up invoking a new JVM for each directory, so the repo may be checked out or updated and JSDoc invoked more than once when the tests are run.
WebSocketClient: Connection failed. Will try again: Connection refused: localhost/127.0.0.1:8181 (Thread[vert.x-eventloop-thread-0,1,main])
WebSocketClient: Connection closed because model is no longer running. (Thread[main,5,main])
5824 ms. Memory: 773120K Free: 94927K (12%)
WebSocketClient: Connection failed. Will try again: Connection refused: localhost/127.0.0.1:8182 (Thread[vert.x-eventloop-thread-1,1,main])
WebSocketClient: Connection failed. Will try again: Connection refused: localhost/127.0.0.1:8182 (Thread[vert.x-eventloop-thread-1,1,main])
WebSocketClient: Connection failed. Will try again: Connection refused: localhost/127.0.0.1:8182 (Thread[vert.x-eventloop-thread-1,1,main])
WebSocketClient: Connection failed. Will try again: Connection refused: localhost/127.0.0.1:8182 (Thread[vert.x-eventloop-thread-1,1,main])
WebSocketClient: Connection failed. Will try again: Connection refused: localhost/127.0.0.1:8182 (Thread[vert.x-eventloop-thread-1,1,main])
WebSocketClient: undefined: WebSocketClient.js: Error: Connection failed after 6 tries: Connection refused: localhost/127.0.0.1:8182 (Thread[vert.x-eventloop-thread-1,1,main])
WebSocketClient: Connection closed because model is no longer running. (Thread[WebSocketClient2JS,1,main])
9029 ms. Memory: 791552K Free: 357413K (45%)
WebSocketClient: Connection failed. Will try again: Connection refused: localhost/127.0.0.1:8182 (Thread[vert.x-eventloop-thread-1,1,main])
WebSocketClient: Connection failed. Will try again: Connection refused: localhost/127.0.0.1:8182 (Thread[vert.x-eventloop-thread-1,1,main])
WebSocketClient: Connection failed. Will try again: Connection refused: localhost/127.0.0.1:8182 (Thread[vert.x-eventloop-thread-1,1,main])
WebSocketClient: Connection failed. Will try again: Connection refused: localhost/127.0.0.1:8182 (Thread[vert.x-eventloop-thread-1,1,main])
WebSocketClient: Connection failed. Will try again: Connection refused: localhost/127.0.0.1:8182 (Thread[vert.x-eventloop-thread-1,1,main])
WebSocketClient: undefined: WebSocketClient.js: Error: Connection failed after 6 tries: Connection refused: localhost/127.0.0.1:8182 (Thread[vert.x-eventloop-thread-1,1,main])
WebSocketClient: Connection closed because model is no longer running. (Thread[main,5,main])
9394 ms. Memory: 859136K Free: 672855K (78%)
reloadAllAccessors: .WebSocketClient2JS
WebSocketClient: Connection failed. Will try again: Connection refused: localhost/127.0.0.1:8182 (Thread[vert.x-eventloop-thread-1,1,main])
WebSocketClient: Connection failed. Will try again: Connection refused: localhost/127.0.0.1:8182 (Thread[vert.x-eventloop-thread-1,1,main])
WebSocketClient: Connection failed. Will try again: Connection refused: localhost/127.0.0.1:8182 (Thread[vert.x-eventloop-thread-1,1,main])
WebSocketClient: Connection failed. Will try again: Connection refused: localhost/127.0.0.1:8182 (Thread[vert.x-eventloop-thread-1,1,main])
WebSocketClient: Connection failed. Will try again: Connection refused: localhost/127.0.0.1:8182 (Thread[vert.x-eventloop-thread-1,1,main])
WebSocketClient: undefined: WebSocketClient.js: Error: Connection failed after 6 tries: Connection refused: localhost/127.0.0.1:8182 (Thread[vert.x-eventloop-thread-1,1,main])
WebSocketClient: Connection closed because model is no longer running. (Thread[main,5,main])
9433 ms. Memory: 860672K Free: 539012K (63%)
03/19/18 05:16:54
Failed: 0  Total Tests: 14  ((Passed: 14, Newly Passed: 0)  Known Failed: 0) /home/travis/build/icyphy/ptII/org/terraswarm/accessor/test
No auto/knownFailedTests/*.xml tests in /home/travis/build/icyphy/ptII/org/terraswarm/accessor/test
No auto/*.xml tests in /home/travis/build/icyphy/ptII/org/terraswarm/accessor/test
----------------- testing /home/travis/build/icyphy/ptII/org/terraswarm/accessor/test/auto/AccessViolation.xml
----------------- Mon Mar 19 17:16:54 UTC 2018 About to sleep for 5 seconds before rerunning in org/terraswarm/accessor.  Test is: /home/travis/build/icyphy/ptII/org/terraswarm/accessor/test/auto/AccessViolation.xml
716 ms. Memory: 812544K Free: 392563K (48%)
----------------- testing again /home/travis/build/icyphy/ptII/org/terraswarm/accessor/test/auto/AccessViolation.xml
858 ms. Memory: 860672K Free: 726326K (84%)
----------------- Mon Mar 19 17:17:02 UTC 2018 About to sleep for 5 seconds before rerunning in org/terraswarm/accessor.  Test is: /home/travis/build/icyphy/ptII/org/terraswarm/accessor/test/auto/AccessViolation.xml
reloadAllAccessors: .AccessViolation
----------------- Reloaded Accessors and testing again /home/travis/build/icyphy/ptII/org/terraswarm/accessor/test/auto/AccessViolation.xml
812 ms. Memory: 860672K Free: 455018K (53%)
----------------- testing /home/travis/build/icyphy/ptII/org/terraswarm/accessor/test/auto/AccessViolation2.xml
----------------- Mon Mar 19 17:17:08 UTC 2018 About to sleep for 5 seconds before rerunning in org/terraswarm/accessor.  Test is: /home/travis/build/icyphy/ptII/org/terraswarm/accessor/test/auto/AccessViolation2.xml
952 ms. Memory: 838144K Free: 590436K (70%)
----------------- testing again /home/travis/build/icyphy/ptII/org/terraswarm/accessor/test/auto/AccessViolation2.xml
997 ms. Memory: 838144K Free: 391001K (47%)
----------------- Mon Mar 19 17:17:15 UTC 2018 About to sleep for 5 seconds before rerunning in org/terraswarm/accessor.  Test is: /home/travis/build/icyphy/ptII/org/terraswarm/accessor/test/auto/AccessViolation2.xml
reloadAllAccessors: .AccessViolation2
----------------- Reloaded Accessors and testing again /home/travis/build/icyphy/ptII/org/terraswarm/accessor/test/auto/AccessViolation2.xml
947 ms. Memory: 833536K Free: 591750K (71%)
----------------- testing /home/travis/build/icyphy/ptII/org/terraswarm/accessor/test/auto/Accessor1.xml
----------------- Mon Mar 19 17:17:22 UTC 2018 About to sleep for 5 seconds before rerunning in org/terraswarm/accessor.  Test is: /home/travis/build/icyphy/ptII/org/terraswarm/accessor/test/auto/Accessor1.xml
1867 ms. Memory: 847360K Free: 424194K (50%)
----------------- testing again /home/travis/build/icyphy/ptII/org/terraswarm/accessor/test/auto/Accessor1.xml
2013 ms. Memory: 831488K Free: 464160K (56%)
----------------- Mon Mar 19 17:17:31 UTC 2018 About to sleep for 5 seconds before rerunning in org/terraswarm/accessor.  Test is: /home/travis/build/icyphy/ptII/org/terraswarm/accessor/test/auto/Accessor1.xml
reloadAllAccessors: .Accessor1
----------------- Reloaded Accessors and testing again /home/travis/build/icyphy/ptII/org/terraswarm/accessor/test/auto/Accessor1.xml
2587 ms. Memory: 891392K Free: 619250K (69%)
----------------- testing /home/travis/build/icyphy/ptII/org/terraswarm/accessor/test/auto/Accessor2.xml
----------------- Mon Mar 19 17:17:40 UTC 2018 About to sleep for 5 seconds before rerunning in org/terraswarm/accessor.  Test is: /home/travis/build/icyphy/ptII/org/terraswarm/accessor/test/auto/Accessor2.xml
889 ms. Memory: 882176K Free: 735527K (83%)
----------------- testing again /home/travis/build/icyphy/ptII/org/terraswarm/accessor/test/auto/Accessor2.xml
847 ms. Memory: 882176K Free: 537411K (61%)
----------------- Mon Mar 19 17:17:47 UTC 2018 About to sleep for 5 seconds before rerunning in org/terraswarm/accessor.  Test is: /home/travis/build/icyphy/ptII/org/terraswarm/accessor/test/auto/Accessor2.xml
reloadAllAccessors: .Accessor2
----------------- Reloaded Accessors and testing again /home/travis/build/icyphy/ptII/org/terraswarm/accessor/test/auto/Accessor2.xml
927 ms. Memory: 888320K Free: 713288K (80%)
----------------- testing /home/travis/build/icyphy/ptII/org/terraswarm/accessor/test/auto/CallbackWithSuppress.xml
----------------- Mon Mar 19 17:17:53 UTC 2018 About to sleep for 5 seconds before rerunning in org/terraswarm/accessor.  Test is: /home/travis/build/icyphy/ptII/org/terraswarm/accessor/test/auto/CallbackWithSuppress.xml
20710 ms. Memory: 888320K Free: 392385K (44%)
----------------- testing again /home/travis/build/icyphy/ptII/org/terraswarm/accessor/test/auto/CallbackWithSuppress.xml
20772 ms. Memory: 889856K Free: 637752K (72%)
----------------- Mon Mar 19 17:18:40 UTC 2018 About to sleep for 5 seconds before rerunning in org/terraswarm/accessor.  Test is: /home/travis/build/icyphy/ptII/org/terraswarm/accessor/test/auto/CallbackWithSuppress.xml
reloadAllAccessors: .CallbackWithSuppress
Accessors in test/auto do not typically have documentation, so we are not running jsdoc on file:/home/travis/build/icyphy/ptII/org/terraswarm/accessor/test/auto/accessors/CallbackWithSuppress.js
----------------- Reloaded Accessors and testing again /home/travis/build/icyphy/ptII/org/terraswarm/accessor/test/auto/CallbackWithSuppress.xml
20772 ms. Memory: 889856K Free: 361250K (41%)
----------------- testing /home/travis/build/icyphy/ptII/org/terraswarm/accessor/test/auto/Derived.xml
----------------- Mon Mar 19 17:19:07 UTC 2018 About to sleep for 5 seconds before rerunning in org/terraswarm/accessor.  Test is: /home/travis/build/icyphy/ptII/org/terraswarm/accessor/test/auto/Derived.xml
DerivedA: base set up (Thread[Thread-41,5,main])
DerivedA: derived set up (Thread[Thread-41,5,main])
DerivedA: base set up (Thread[Thread-41,5,main])
DerivedA: derived set up (Thread[Thread-41,5,main])
DerivedA: base set up (Thread[Derived,1,main])
DerivedA: derived set up (Thread[Derived,1,main])
DerivedA: base set up (Thread[Derived,1,main])
DerivedA: derived set up (Thread[Derived,1,main])
DerivedA: base set up (Thread[Derived,1,main])
DerivedA: derived set up (Thread[Derived,1,main])
DerivedA: base set up (Thread[Derived,1,main])
DerivedA: derived set up (Thread[Derived,1,main])
DerivedA: base set up (Thread[Derived,1,main])
DerivedA: derived set up (Thread[Derived,1,main])
DerivedA: base init (Thread[Derived,1,main])
DerivedA: derived init (Thread[Derived,1,main])
DerivedA: derived wrapped up (Thread[Derived,1,main])
984 ms. Memory: 894976K Free: 495558K (55%)
----------------- testing again /home/travis/build/icyphy/ptII/org/terraswarm/accessor/test/auto/Derived.xml
DerivedA: base set up (Thread[Thread-41,5,main])
DerivedA: derived set up (Thread[Thread-41,5,main])
DerivedA: base set up (Thread[Thread-41,5,main])
DerivedA: derived set up (Thread[Thread-41,5,main])
DerivedA: base set up (Thread[Thread-41,5,main])
DerivedA: derived set up (Thread[Thread-41,5,main])
DerivedA: base set up (Thread[Thread-41,5,main])
DerivedA: derived set up (Thread[Thread-41,5,main])
DerivedA: base set up (Thread[Thread-41,5,main])
DerivedA: derived set up (Thread[Thread-41,5,main])
DerivedA: base init (Thread[Thread-41,5,main])
DerivedA: derived init (Thread[Thread-41,5,main])
DerivedA: derived wrapped up (Thread[Thread-41,5,main])
855 ms. Memory: 894976K Free: 286514K (32%)
----------------- Mon Mar 19 17:19:14 UTC 2018 About to sleep for 5 seconds before rerunning in org/terraswarm/accessor.  Test is: /home/travis/build/icyphy/ptII/org/terraswarm/accessor/test/auto/Derived.xml
reloadAllAccessors: .Derived
Accessors in test/auto do not typically have documentation, so we are not running jsdoc on file:/home/travis/build/icyphy/ptII/org/terraswarm/accessor/test/auto/accessors/DerivedA.js
DerivedA: base set up (Thread[Thread-41,5,main])
DerivedA: derived set up (Thread[Thread-41,5,main])
DerivedA: base set up (Thread[Thread-41,5,main])
DerivedA: derived set up (Thread[Thread-41,5,main])
----------------- Reloaded Accessors and testing again /home/travis/build/icyphy/ptII/org/terraswarm/accessor/test/auto/Derived.xml
DerivedA: base set up (Thread[Thread-41,5,main])
DerivedA: derived set up (Thread[Thread-41,5,main])
DerivedA: base set up (Thread[Thread-41,5,main])
DerivedA: derived set up (Thread[Thread-41,5,main])
DerivedA: base set up (Thread[Thread-41,5,main])
DerivedA: derived set up (Thread[Thread-41,5,main])
DerivedA: base set up (Thread[Thread-41,5,main])
DerivedA: derived set up (Thread[Thread-41,5,main])
DerivedA: base set up (Thread[Thread-41,5,main])
DerivedA: derived set up (Thread[Thread-41,5,main])
DerivedA: base init (Thread[Thread-41,5,main])
DerivedA: derived init (Thread[Thread-41,5,main])
DerivedA: derived wrapped up (Thread[Thread-41,5,main])
1173 ms. Memory: 896512K Free: 457315K (51%)
----------------- testing /home/travis/build/icyphy/ptII/org/terraswarm/accessor/test/auto/Derived2.xml
----------------- Mon Mar 19 17:19:20 UTC 2018 About to sleep for 5 seconds before rerunning in org/terraswarm/accessor.  Test is: /home/travis/build/icyphy/ptII/org/terraswarm/accessor/test/auto/Derived2.xml
DerivedB2: printing non-prototype properties (Thread[Derived2,1,main])
DerivedB2: ssuper: [object Object] (Thread[Derived2,1,main])
DerivedB2: setup: function () {
        this.extend('BaseB');
    } (Thread[Derived2,1,main])
DerivedB2: inputHandler: function () {
    console.log('sending false');
    this.send('output', false);
} (Thread[Derived2,1,main])
DerivedB2: initialize: function () {
    exports.ssuper.initialize.call(this);
    printProperties(exports);
} (Thread[Derived2,1,main])
DerivedB2: printing protoytpe (Thread[Derived2,1,main])
DerivedB2: ssuper: [object Object] (Thread[Derived2,1,main])
DerivedB2: setup: function () {
        this.extend('BaseB');
    } (Thread[Derived2,1,main])
DerivedB2: initialize: function () {
    exports.ssuper.initialize.call(this);
    printProperties(exports);
} (Thread[Derived2,1,main])
DerivedB2: inputHandler: function () {
    console.log('sending false');
    this.send('output', false);
} (Thread[Derived2,1,main])
DerivedB2: sending false (Thread[Derived2,1,main])
1154 ms. Memory: 892928K Free: 582903K (65%)
----------------- testing again /home/travis/build/icyphy/ptII/org/terraswarm/accessor/test/auto/Derived2.xml
DerivedB2: printing non-prototype properties (Thread[Thread-46,5,main])
DerivedB2: ssuper: [object Object] (Thread[Thread-46,5,main])
DerivedB2: setup: function () {
        this.extend('BaseB');
    } (Thread[Thread-46,5,main])
DerivedB2: inputHandler: function () {
    console.log('sending false');
    this.send('output', false);
} (Thread[Thread-46,5,main])
DerivedB2: initialize: function () {
    exports.ssuper.initialize.call(this);
    printProperties(exports);
} (Thread[Thread-46,5,main])
DerivedB2: printing protoytpe (Thread[Thread-46,5,main])
DerivedB2: ssuper: [object Object] (Thread[Thread-46,5,main])
DerivedB2: setup: function () {
        this.extend('BaseB');
    } (Thread[Thread-46,5,main])
DerivedB2: initialize: function () {
    exports.ssuper.initialize.call(this);
    printProperties(exports);
} (Thread[Thread-46,5,main])
DerivedB2: inputHandler: function () {
    console.log('sending false');
    this.send('output', false);
} (Thread[Thread-46,5,main])
DerivedB2: sending false (Thread[Thread-46,5,main])
947 ms. Memory: 892928K Free: 377231K (42%)
----------------- Mon Mar 19 17:19:28 UTC 2018 About to sleep for 5 seconds before rerunning in org/terraswarm/accessor.  Test is: /home/travis/build/icyphy/ptII/org/terraswarm/accessor/test/auto/Derived2.xml
reloadAllAccessors: .Derived2
Accessors in test/auto do not typically have documentation, so we are not running jsdoc on file:/home/travis/build/icyphy/ptII/org/terraswarm/accessor/test/auto/accessors/DerivedB.js
----------------- Reloaded Accessors and testing again /home/travis/build/icyphy/ptII/org/terraswarm/accessor/test/auto/Derived2.xml
DerivedB2: printing non-prototype properties (Thread[Thread-46,5,main])
DerivedB2: ssuper: [object Object] (Thread[Thread-46,5,main])
DerivedB2: setup: function () {
        this.extend('BaseB');
    } (Thread[Thread-46,5,main])
DerivedB2: inputHandler: function () {
    console.log('sending false');
    this.send('output', false);
} (Thread[Thread-46,5,main])
DerivedB2: initialize: function () {
    exports.ssuper.initialize.call(this);
    printProperties(exports);
} (Thread[Thread-46,5,main])
DerivedB2: printing protoytpe (Thread[Thread-46,5,main])
DerivedB2: ssuper: [object Object] (Thread[Thread-46,5,main])
DerivedB2: setup: function () {
        this.extend('BaseB');
    } (Thread[Thread-46,5,main])
DerivedB2: initialize: function () {
    exports.ssuper.initialize.call(this);
    printProperties(exports);
} (Thread[Thread-46,5,main])
DerivedB2: inputHandler: function () {
    console.log('sending false');
    this.send('output', false);
} (Thread[Thread-46,5,main])
DerivedB2: sending false (Thread[Thread-46,5,main])
1273 ms. Memory: 860672K Free: 763077K (89%)
----------------- testing /home/travis/build/icyphy/ptII/org/terraswarm/accessor/test/auto/Derived3.xml
----------------- Mon Mar 19 17:19:35 UTC 2018 About to sleep for 5 seconds before rerunning in org/terraswarm/accessor.  Test is: /home/travis/build/icyphy/ptII/org/terraswarm/accessor/test/auto/Derived3.xml
795 ms. Memory: 860672K Free: 441447K (51%)
----------------- testing again /home/travis/build/icyphy/ptII/org/terraswarm/accessor/test/auto/Derived3.xml
924 ms. Memory: 885248K Free: 667550K (75%)
----------------- Mon Mar 19 17:19:42 UTC 2018 About to sleep for 5 seconds before rerunning in org/terraswarm/accessor.  Test is: /home/travis/build/icyphy/ptII/org/terraswarm/accessor/test/auto/Derived3.xml
reloadAllAccessors: .Derived3
Accessors in test/auto do not typically have documentation, so we are not running jsdoc on file:/home/travis/build/icyphy/ptII/org/terraswarm/accessor/test/auto/accessors/DerivedC.js
----------------- Reloaded Accessors and testing again /home/travis/build/icyphy/ptII/org/terraswarm/accessor/test/auto/Derived3.xml
815 ms. Memory: 885248K Free: 385623K (44%)
----------------- testing /home/travis/build/icyphy/ptII/org/terraswarm/accessor/test/auto/Derived4.xml
----------------- Mon Mar 19 17:19:48 UTC 2018 About to sleep for 5 seconds before rerunning in org/terraswarm/accessor.  Test is: /home/travis/build/icyphy/ptII/org/terraswarm/accessor/test/auto/Derived4.xml
855 ms. Memory: 884224K Free: 455832K (52%)
----------------- testing again /home/travis/build/icyphy/ptII/org/terraswarm/accessor/test/auto/Derived4.xml
908 ms. Memory: 881152K Free: 648152K (74%)
----------------- Mon Mar 19 17:19:55 UTC 2018 About to sleep for 5 seconds before rerunning in org/terraswarm/accessor.  Test is: /home/travis/build/icyphy/ptII/org/terraswarm/accessor/test/auto/Derived4.xml
reloadAllAccessors: .Derived4
Accessors in test/auto do not typically have documentation, so we are not running jsdoc on file:/home/travis/build/icyphy/ptII/org/terraswarm/accessor/test/auto/accessors/DerivedD.js
----------------- Reloaded Accessors and testing again /home/travis/build/icyphy/ptII/org/terraswarm/accessor/test/auto/Derived4.xml
844 ms. Memory: 881152K Free: 362442K (41%)
----------------- testing /home/travis/build/icyphy/ptII/org/terraswarm/accessor/test/auto/Derived5.xml
----------------- Mon Mar 19 17:20:02 UTC 2018 About to sleep for 5 seconds before rerunning in org/terraswarm/accessor.  Test is: /home/travis/build/icyphy/ptII/org/terraswarm/accessor/test/auto/Derived5.xml
750 ms. Memory: 872960K Free: 435962K (50%)
----------------- testing again /home/travis/build/icyphy/ptII/org/terraswarm/accessor/test/auto/Derived5.xml
774 ms. Memory: 872960K Free: 235541K (27%)
----------------- Mon Mar 19 17:20:09 UTC 2018 About to sleep for 5 seconds before rerunning in org/terraswarm/accessor.  Test is: /home/travis/build/icyphy/ptII/org/terraswarm/accessor/test/auto/Derived5.xml
reloadAllAccessors: .Derived5
Accessors in test/auto do not typically have documentation, so we are not running jsdoc on file:/home/travis/build/icyphy/ptII/org/terraswarm/accessor/test/auto/accessors/DerivedE.js
----------------- Reloaded Accessors and testing again /home/travis/build/icyphy/ptII/org/terraswarm/accessor/test/auto/Derived5.xml
801 ms. Memory: 877056K Free: 347318K (40%)
----------------- testing /home/travis/build/icyphy/ptII/org/terraswarm/accessor/test/auto/Derived6.xml
----------------- Mon Mar 19 17:20:15 UTC 2018 About to sleep for 5 seconds before rerunning in org/terraswarm/accessor.  Test is: /home/travis/build/icyphy/ptII/org/terraswarm/accessor/test/auto/Derived6.xml
1088 ms. Memory: 871936K Free: 401010K (46%)
----------------- testing again /home/travis/build/icyphy/ptII/org/terraswarm/accessor/test/auto/Derived6.xml
867 ms. Memory: 871936K Free: 195689K (22%)
----------------- Mon Mar 19 17:20:22 UTC 2018 About to sleep for 5 seconds before rerunning in org/terraswarm/accessor.  Test is: /home/travis/build/icyphy/ptII/org/terraswarm/accessor/test/auto/Derived6.xml
reloadAllAccessors: .Derived6
Accessors in test/auto do not typically have documentation, so we are not running jsdoc on file:/home/travis/build/icyphy/ptII/org/terraswarm/accessor/test/auto/accessors/DerivedF.js
----------------- Reloaded Accessors and testing again /home/travis/build/icyphy/ptII/org/terraswarm/accessor/test/auto/Derived6.xml
781 ms. Memory: 902144K Free: 545917K (61%)
----------------- testing /home/travis/build/icyphy/ptII/org/terraswarm/accessor/test/auto/Derived8.xml
----------------- Mon Mar 19 17:20:29 UTC 2018 About to sleep for 5 seconds before rerunning in org/terraswarm/accessor.  Test is: /home/travis/build/icyphy/ptII/org/terraswarm/accessor/test/auto/Derived8.xml
924 ms. Memory: 902656K Free: 603926K (67%)
----------------- testing again /home/travis/build/icyphy/ptII/org/terraswarm/accessor/test/auto/Derived8.xml
859 ms. Memory: 902656K Free: 394604K (44%)
----------------- Mon Mar 19 17:20:36 UTC 2018 About to sleep for 5 seconds before rerunning in org/terraswarm/accessor.  Test is: /home/travis/build/icyphy/ptII/org/terraswarm/accessor/test/auto/Derived8.xml
reloadAllAccessors: .Derived8
Accessors in test/auto do not typically have documentation, so we are not running jsdoc on file:/home/travis/build/icyphy/ptII/org/terraswarm/accessor/test/auto/accessors/DerivedH.js
----------------- Reloaded Accessors and testing again /home/travis/build/icyphy/ptII/org/terraswarm/accessor/test/auto/Derived8.xml
896 ms. Memory: 905216K Free: 501951K (55%)
----------------- testing /home/travis/build/icyphy/ptII/org/terraswarm/accessor/test/auto/Derived9.xml
----------------- Mon Mar 19 17:20:42 UTC 2018 About to sleep for 5 seconds before rerunning in org/terraswarm/accessor.  Test is: /home/travis/build/icyphy/ptII/org/terraswarm/accessor/test/auto/Derived9.xml
925 ms. Memory: 906240K Free: 560096K (62%)
----------------- testing again /home/travis/build/icyphy/ptII/org/terraswarm/accessor/test/auto/Derived9.xml
770 ms. Memory: 906240K Free: 345227K (38%)
----------------- Mon Mar 19 17:20:49 UTC 2018 About to sleep for 5 seconds before rerunning in org/terraswarm/accessor.  Test is: /home/travis/build/icyphy/ptII/org/terraswarm/accessor/test/auto/Derived9.xml
reloadAllAccessors: .Derived9
Accessors in test/auto do not typically have documentation, so we are not running jsdoc on file:/home/travis/build/icyphy/ptII/org/terraswarm/accessor/test/auto/accessors/DerivedI.js
----------------- Reloaded Accessors and testing again /home/travis/build/icyphy/ptII/org/terraswarm/accessor/test/auto/Derived9.xml
867 ms. Memory: 908800K Free: 459624K (51%)
----------------- testing /home/travis/build/icyphy/ptII/org/terraswarm/accessor/test/auto/DerivedAgain.xml
----------------- Mon Mar 19 17:20:56 UTC 2018 About to sleep for 5 seconds before rerunning in org/terraswarm/accessor.  Test is: /home/travis/build/icyphy/ptII/org/terraswarm/accessor/test/auto/DerivedAgain.xml
1836 ms. Memory: 912384K Free: 535566K (59%)
----------------- testing again /home/travis/build/icyphy/ptII/org/terraswarm/accessor/test/auto/DerivedAgain.xml
1848 ms. Memory: 912384K Free: 327959K (36%)
----------------- Mon Mar 19 17:21:05 UTC 2018 About to sleep for 5 seconds before rerunning in org/terraswarm/accessor.  Test is: /home/travis/build/icyphy/ptII/org/terraswarm/accessor/test/auto/DerivedAgain.xml
reloadAllAccessors: .DerivedAgain
Accessors in test/auto do not typically have documentation, so we are not running jsdoc on file:/home/travis/build/icyphy/ptII/org/terraswarm/accessor/test/auto/accessors/DerivedAgainA.js
----------------- Reloaded Accessors and testing again /home/travis/build/icyphy/ptII/org/terraswarm/accessor/test/auto/DerivedAgain.xml
2056 ms. Memory: 914944K Free: 457643K (50%)
----------------- testing /home/travis/build/icyphy/ptII/org/terraswarm/accessor/test/auto/DerivedAgain2.xml
----------------- Mon Mar 19 17:21:12 UTC 2018 About to sleep for 5 seconds before rerunning in org/terraswarm/accessor.  Test is: /home/travis/build/icyphy/ptII/org/terraswarm/accessor/test/auto/DerivedAgain2.xml
1951 ms. Memory: 917504K Free: 544908K (59%)
----------------- testing again /home/travis/build/icyphy/ptII/org/terraswarm/accessor/test/auto/DerivedAgain2.xml
1918 ms. Memory: 917504K Free: 337241K (37%)
----------------- Mon Mar 19 17:21:22 UTC 2018 About to sleep for 5 seconds before rerunning in org/terraswarm/accessor.  Test is: /home/travis/build/icyphy/ptII/org/terraswarm/accessor/test/auto/DerivedAgain2.xml
reloadAllAccessors: .DerivedAgain2
Accessors in test/auto do not typically have documentation, so we are not running jsdoc on file:/home/travis/build/icyphy/ptII/org/terraswarm/accessor/test/auto/accessors/DerivedAgainB.js
----------------- Reloaded Accessors and testing again /home/travis/build/icyphy/ptII/org/terraswarm/accessor/test/auto/DerivedAgain2.xml
2290 ms. Memory: 922112K Free: 735245K (80%)
----------------- testing /home/travis/build/icyphy/ptII/org/terraswarm/accessor/test/auto/DerivedAgain4.xml
----------------- Mon Mar 19 17:21:29 UTC 2018 About to sleep for 5 seconds before rerunning in org/terraswarm/accessor.  Test is: /home/travis/build/icyphy/ptII/org/terraswarm/accessor/test/auto/DerivedAgain4.xml
902 ms. Memory: 922112K Free: 401839K (44%)
----------------- testing again /home/travis/build/icyphy/ptII/org/terraswarm/accessor/test/auto/DerivedAgain4.xml
1227 ms. Memory: 926208K Free: 623909K (67%)
----------------- Mon Mar 19 17:21:37 UTC 2018 About to sleep for 5 seconds before rerunning in org/terraswarm/accessor.  Test is: /home/travis/build/icyphy/ptII/org/terraswarm/accessor/test/auto/DerivedAgain4.xml
reloadAllAccessors: .DerivedAgain4
Accessors in test/auto do not typically have documentation, so we are not running jsdoc on file:/home/travis/build/icyphy/ptII/org/terraswarm/accessor/test/auto/accessors/DerivedAgainD.js
----------------- Reloaded Accessors and testing again /home/travis/build/icyphy/ptII/org/terraswarm/accessor/test/auto/DerivedAgain4.xml
827 ms. Memory: 926208K Free: 333033K (36%)
----------------- testing /home/travis/build/icyphy/ptII/org/terraswarm/accessor/test/auto/DerivedAgain5.xml
----------------- Mon Mar 19 17:21:43 UTC 2018 About to sleep for 5 seconds before rerunning in org/terraswarm/accessor.  Test is: /home/travis/build/icyphy/ptII/org/terraswarm/accessor/test/auto/DerivedAgain5.xml
864 ms. Memory: 929280K Free: 430064K (46%)
----------------- testing again /home/travis/build/icyphy/ptII/org/terraswarm/accessor/test/auto/DerivedAgain5.xml
1048 ms. Memory: 932352K Free: 656575K (70%)
----------------- Mon Mar 19 17:21:51 UTC 2018 About to sleep for 5 seconds before rerunning in org/terraswarm/accessor.  Test is: /home/travis/build/icyphy/ptII/org/terraswarm/accessor/test/auto/DerivedAgain5.xml
reloadAllAccessors: .DerivedAgain5
Accessors in test/auto do not typically have documentation, so we are not running jsdoc on file:/home/travis/build/icyphy/ptII/org/terraswarm/accessor/test/auto/accessors/DerivedAgainE.js
----------------- Reloaded Accessors and testing again /home/travis/build/icyphy/ptII/org/terraswarm/accessor/test/auto/DerivedAgain5.xml
1034 ms. Memory: 932352K Free: 356225K (38%)
----------------- testing /home/travis/build/icyphy/ptII/org/terraswarm/accessor/test/auto/GetDate.xml
----------------- Mon Mar 19 17:21:57 UTC 2018 About to sleep for 5 seconds before rerunning in org/terraswarm/accessor.  Test is: /home/travis/build/icyphy/ptII/org/terraswarm/accessor/test/auto/GetDate.xml
REST: Making an HTTP request. (Thread[GetDate,1,main])
25596 ms. Memory: 945152K Free: 304196K (32%)
----------------- testing /home/travis/build/icyphy/ptII/org/terraswarm/accessor/test/auto/HandlerWithSuppress.xml
----------------- Mon Mar 19 17:22:31 UTC 2018 About to sleep for 5 seconds before rerunning in org/terraswarm/accessor.  Test is: /home/travis/build/icyphy/ptII/org/terraswarm/accessor/test/auto/HandlerWithSuppress.xml
21147 ms. Memory: 980480K Free: 731618K (75%)
----------------- testing again /home/travis/build/icyphy/ptII/org/terraswarm/accessor/test/auto/HandlerWithSuppress.xml
20880 ms. Memory: 980480K Free: 526049K (54%)
----------------- Mon Mar 19 17:23:19 UTC 2018 About to sleep for 5 seconds before rerunning in org/terraswarm/accessor.  Test is: /home/travis/build/icyphy/ptII/org/terraswarm/accessor/test/auto/HandlerWithSuppress.xml
reloadAllAccessors: .HandlerWithSuppress
Accessors in test/auto do not typically have documentation, so we are not running jsdoc on file:/home/travis/build/icyphy/ptII/org/terraswarm/accessor/test/auto/accessors/HandlerWithSuppress.js
----------------- Reloaded Accessors and testing again /home/travis/build/icyphy/ptII/org/terraswarm/accessor/test/auto/HandlerWithSuppress.xml
20699 ms. Memory: 983552K Free: 723898K (74%)
----------------- testing /home/travis/build/icyphy/ptII/org/terraswarm/accessor/test/auto/HttpRequest.xml
----------------- Mon Mar 19 17:23:45 UTC 2018 About to sleep for 5 seconds before rerunning in org/terraswarm/accessor.  Test is: /home/travis/build/icyphy/ptII/org/terraswarm/accessor/test/auto/HttpRequest.xml
943 ms. Memory: 983552K Free: 405347K (41%)
----------------- testing again /home/travis/build/icyphy/ptII/org/terraswarm/accessor/test/auto/HttpRequest.xml
1017 ms. Memory: 986112K Free: 690399K (70%)
----------------- Mon Mar 19 17:23:52 UTC 2018 About to sleep for 5 seconds before rerunning in org/terraswarm/accessor.  Test is: /home/travis/build/icyphy/ptII/org/terraswarm/accessor/test/auto/HttpRequest.xml
reloadAllAccessors: .HttpRequest
----------------- Reloaded Accessors and testing again /home/travis/build/icyphy/ptII/org/terraswarm/accessor/test/auto/HttpRequest.xml
976 ms. Memory: 986112K Free: 414851K (42%)
----------------- testing /home/travis/build/icyphy/ptII/org/terraswarm/accessor/test/auto/JSON.xml
----------------- Mon Mar 19 17:23:58 UTC 2018 About to sleep for 5 seconds before rerunning in org/terraswarm/accessor.  Test is: /home/travis/build/icyphy/ptII/org/terraswarm/accessor/test/auto/JSON.xml
JavaScript: { data: 1 } (Thread[JSON,1,main])
JavaScript3: 1 (Thread[JSON,1,main])
2477 ms. Memory: 988160K Free: 277415K (28%)
----------------- testing again /home/travis/build/icyphy/ptII/org/terraswarm/accessor/test/auto/JSON.xml
JavaScript: { data: 1 } (Thread[Thread-114,5,main])
JavaScript3: 1 (Thread[Thread-114,5,main])
2989 ms. Memory: 990720K Free: 372940K (38%)
----------------- Mon Mar 19 17:24:10 UTC 2018 About to sleep for 5 seconds before rerunning in org/terraswarm/accessor.  Test is: /home/travis/build/icyphy/ptII/org/terraswarm/accessor/test/auto/JSON.xml
reloadAllAccessors: .JSON
----------------- testing /home/travis/build/icyphy/ptII/org/terraswarm/accessor/test/auto/ReadURL.xml
----------------- Mon Mar 19 17:24:15 UTC 2018 About to sleep for 5 seconds before rerunning in org/terraswarm/accessor.  Test is: /home/travis/build/icyphy/ptII/org/terraswarm/accessor/test/auto/ReadURL.xml
12282 ms. Memory: 994304K Free: 417291K (42%)
----------------- testing again /home/travis/build/icyphy/ptII/org/terraswarm/accessor/test/auto/ReadURL.xml
12590 ms. Memory: 994304K Free: 311827K (31%)
----------------- Mon Mar 19 17:24:46 UTC 2018 About to sleep for 5 seconds before rerunning in org/terraswarm/accessor.  Test is: /home/travis/build/icyphy/ptII/org/terraswarm/accessor/test/auto/ReadURL.xml
reloadAllAccessors: .ReadURL
----------------- Reloaded Accessors and testing again /home/travis/build/icyphy/ptII/org/terraswarm/accessor/test/auto/ReadURL.xml
12662 ms. Memory: 1026560K Free: 375662K (37%)
----------------- testing /home/travis/build/icyphy/ptII/org/terraswarm/accessor/test/auto/SendNullToOwnInput.xml
----------------- Mon Mar 19 17:25:04 UTC 2018 About to sleep for 5 seconds before rerunning in org/terraswarm/accessor.  Test is: /home/travis/build/icyphy/ptII/org/terraswarm/accessor/test/auto/SendNullToOwnInput.xml
20707 ms. Memory: 1028096K Free: 554969K (54%)
----------------- testing again /home/travis/build/icyphy/ptII/org/terraswarm/accessor/test/auto/SendNullToOwnInput.xml
20665 ms. Memory: 1028096K Free: 356805K (35%)
----------------- Mon Mar 19 17:25:51 UTC 2018 About to sleep for 5 seconds before rerunning in org/terraswarm/accessor.  Test is: /home/travis/build/icyphy/ptII/org/terraswarm/accessor/test/auto/SendNullToOwnInput.xml
reloadAllAccessors: .SendNullToOwnInput
----------------- Reloaded Accessors and testing again /home/travis/build/icyphy/ptII/org/terraswarm/accessor/test/auto/SendNullToOwnInput.xml
20682 ms. Memory: 1029120K Free: 580181K (56%)
----------------- testing /home/travis/build/icyphy/ptII/org/terraswarm/accessor/test/auto/Stop.xml
----------------- Mon Mar 19 17:26:17 UTC 2018 About to sleep for 5 seconds before rerunning in org/terraswarm/accessor.  Test is: /home/travis/build/icyphy/ptII/org/terraswarm/accessor/test/auto/Stop.xml
TextDisplayHelper: 0
TextDisplayHelper: 1
TextDisplayHelper: 2
TextDisplayHelper: 3
7046 ms. Memory: 1030144K Free: 327482K (32%)
----------------- testing again /home/travis/build/icyphy/ptII/org/terraswarm/accessor/test/auto/Stop.xml
TextDisplayHelper: 0
TextDisplayHelper: 1
TextDisplayHelper: 2
TextDisplayHelper: 3
7118 ms. Memory: 1031168K Free: 523721K (51%)
----------------- Mon Mar 19 17:26:38 UTC 2018 About to sleep for 5 seconds before rerunning in org/terraswarm/accessor.  Test is: /home/travis/build/icyphy/ptII/org/terraswarm/accessor/test/auto/Stop.xml
reloadAllAccessors: .Stop
----------------- Reloaded Accessors and testing again /home/travis/build/icyphy/ptII/org/terraswarm/accessor/test/auto/Stop.xml
TextDisplayHelper: 0
TextDisplayHelper: 1
TextDisplayHelper: 2
TextDisplayHelper: 3
7912 ms. Memory: 1041920K Free: 813746K (78%)
----------------- testing /home/travis/build/icyphy/ptII/org/terraswarm/accessor/test/auto/Stop2.xml
----------------- Mon Mar 19 17:26:52 UTC 2018 About to sleep for 5 seconds before rerunning in org/terraswarm/accessor.  Test is: /home/travis/build/icyphy/ptII/org/terraswarm/accessor/test/auto/Stop2.xml
2697 ms. Memory: 1041920K Free: 503218K (48%)
----------------- testing again /home/travis/build/icyphy/ptII/org/terraswarm/accessor/test/auto/Stop2.xml
2711 ms. Memory: 1042432K Free: 821826K (79%)
----------------- Mon Mar 19 17:27:03 UTC 2018 About to sleep for 5 seconds before rerunning in org/terraswarm/accessor.  Test is: /home/travis/build/icyphy/ptII/org/terraswarm/accessor/test/auto/Stop2.xml
reloadAllAccessors: .Stop2
----------------- Reloaded Accessors and testing again /home/travis/build/icyphy/ptII/org/terraswarm/accessor/test/auto/Stop2.xml
2660 ms. Memory: 1042432K Free: 557737K (54%)
]]></system-out>
  <system-err><![CDATA[[vert.x-eventloop-thread-0] WARN io.netty.util.internal.MacAddressUtil - Failed to find a usable hardware address from the network interfaces; using random bytes: 64:d2:59:8c:cc:92:31:2d
WARNING: WebSocketServer: Model stopped before executing actions (e.g. producing outputs) scheduled for execution at times [0.341, 0.342]
WARNING: WebSocketServer: Model stopped before executing actions (e.g. producing outputs) scheduled for execution at times [0.192, 0.191]
WARNING: WebSocketServer: Model stopped before executing actions (e.g. producing outputs) scheduled for execution at times [0.194, 0.193]
WARNING: CallbackWithSuppress: Model stopped before executing actions (e.g. producing outputs) scheduled for execution at times [21.0]
WARNING: CallbackWithSuppress: Model stopped before executing actions (e.g. producing outputs) scheduled for execution at times [21.0]
WARNING: CallbackWithSuppress: Model stopped before executing actions (e.g. producing outputs) scheduled for execution at times [21.0]
java.lang.RuntimeException: Execution failed
	at ptolemy.moml.MoMLSimpleApplication$UnloadThread.run(MoMLSimpleApplication.java:402)
Caused by: ptolemy.kernel.util.IllegalActionException: Exceptions occurred during wrapup:
ptolemy.kernel.util.IllegalActionException: Failure executing the wrapup function: Error: TrainableTest: The input handler of this accessor was never invoked. Usually, this is an error indicating that starvation is occurring. in <function> at line number 393 at column number 16
  in .GetDate.TrainableTest
Because:
Error: TrainableTest: The input handler of this accessor was never invoked. Usually, this is an error indicating that starvation is occurring. in <function> at line number 393 at column number 16

  in .GetDate.DE Director
Because:
Failure executing the wrapup function: Error: TrainableTest: The input handler of this accessor was never invoked. Usually, this is an error indicating that starvation is occurring. in <function> at line number 393 at column number 16
  in .GetDate.TrainableTest
Because:
Error: TrainableTest: The input handler of this accessor was never invoked. Usually, this is an error indicating that starvation is occurring. in <function> at line number 393 at column number 16
	at ptolemy.actor.Director.wrapup(Director.java:1736)
	at ptolemy.domains.de.kernel.DEDirector.wrapup(DEDirector.java:1526)
	at ptolemy.actor.CompositeActor.wrapup(CompositeActor.java:2735)
	at ptolemy.actor.Manager.wrapup(Manager.java:1512)
	at ptolemy.actor.Manager.execute(Manager.java:407)
	at ptolemy.actor.Manager.run(Manager.java:1263)
	at ptolemy.actor.Manager$PtolemyRunThread.run(Manager.java:1915)
Caused by: ptolemy.kernel.util.IllegalActionException: Failure executing the wrapup function: Error: TrainableTest: The input handler of this accessor was never invoked. Usually, this is an error indicating that starvation is occurring. in <function> at line number 393 at column number 16
  in .GetDate.TrainableTest
Because:
Error: TrainableTest: The input handler of this accessor was never invoked. Usually, this is an error indicating that starvation is occurring. in <function> at line number 393 at column number 16
	at ptolemy.actor.lib.jjs.JavaScript._invokeMethodInContext(JavaScript.java:2216)
	at ptolemy.actor.lib.jjs.JavaScript.wrapup(JavaScript.java:2111)
	at ptolemy.actor.Director.wrapup(Director.java:1722)
	... 6 more
Caused by: javax.script.ScriptException: Error: TrainableTest: The input handler of this accessor was never invoked. Usually, this is an error indicating that starvation is occurring. in <function> at line number 393 at column number 16
	at jdk.nashorn.api.scripting.NashornScriptEngine.throwAsScriptException(NashornScriptEngine.java:470)
	at jdk.nashorn.api.scripting.NashornScriptEngine.invokeImpl(NashornScriptEngine.java:392)
	at jdk.nashorn.api.scripting.NashornScriptEngine.invokeMethod(NashornScriptEngine.java:199)
	at ptolemy.actor.lib.jjs.JavaScript._invokeMethodInContext(JavaScript.java:2193)
	... 8 more
Caused by: <function>:393:16 Error: TrainableTest: The input handler of this accessor was never invoked. Usually, this is an error indicating that starvation is occurring.
	at jdk.nashorn.internal.objects.NativeError.initException(NativeError.java:137)
	at jdk.nashorn.internal.objects.NativeError.<init>(NativeError.java:102)
	at jdk.nashorn.internal.objects.NativeError.<init>(NativeError.java:106)
	at jdk.nashorn.internal.objects.NativeError.<init>(NativeError.java:110)
	at jdk.nashorn.internal.objects.NativeError.constructor(NativeError.java:129)
	at jdk.nashorn.internal.scripts.Script$Recompilation$27804$18557$\^function\_.L:1#wrapup(<function>:393)
	at jdk.nashorn.internal.scripts.Script$Recompilation$27802$30328$require.L:1#Accessor#wrapup(/home/travis/build/icyphy/ptII/ptolemy/actor/lib/jjs/external/require.js#401:30<eval>:673)
	at jdk.nashorn.internal.runtime.ScriptFunctionData.invoke(ScriptFunctionData.java:637)
	at jdk.nashorn.internal.runtime.ScriptFunction.invoke(ScriptFunction.java:494)
	at jdk.nashorn.internal.runtime.ScriptRuntime.apply(ScriptRuntime.java:393)
	at jdk.nashorn.api.scripting.ScriptObjectMirror.callMember(ScriptObjectMirror.java:199)
	at jdk.nashorn.api.scripting.NashornScriptEngine.invokeImpl(NashornScriptEngine.java:386)
	... 10 more
WARNING: HandlerWithSuppress: Model stopped before executing actions (e.g. producing outputs) scheduled for execution at times [21.0]
WARNING: HandlerWithSuppress: Model stopped before executing actions (e.g. producing outputs) scheduled for execution at times [21.0]
WARNING: HandlerWithSuppress: Model stopped before executing actions (e.g. producing outputs) scheduled for execution at times [21.0]
WARNING: TestSpontaneous: Model stopped before executing actions (e.g. producing outputs) scheduled for execution at times [5.0]
WARNING: TestSpontaneous: Model stopped before executing actions (e.g. producing outputs) scheduled for execution at times [5.0]
WARNING: TestSpontaneous: Model stopped before executing actions (e.g. producing outputs) scheduled for execution at times [5.0]
]]></system-err>
</testsuite>
