<?xml version="1.0" encoding="UTF-8" ?>
<testsuite errors="0" failures="0" hostname="travis-job-e99c76fe-0839-4ae5-b9a6-9839f3b91d98" name="ptolemy.domains.de.test.junit.JUnitTclTest" skipped="0" tests="101" time="132.036" timestamp="2018-05-09T01:01:06">
  <properties>
[...]
</properties>
  <testcase classname="ptolemy.util.test.junit.TclTests" name="[0] /home/travis/build/icyphy/ptII/ptolemy/domains/de/test/DependencyLoop.tcl (RunTclFile)" time="0.707" />
  <testcase classname="ptolemy.util.test.junit.TclTests" name="[1] /home/travis/build/icyphy/ptII/ptolemy/domains/de/test/RunDETestsAsQSS.tcl (RunTclFile)" time="90.734" />
  <testcase classname="ptolemy.util.test.junit.AutoKnownFailedTests" name="[0] /home/travis/build/icyphy/ptII/ptolemy/domains/de/test/auto/knownFailedTests/DESDFClockTest.xml (RunModel)" time="2.027" />
  <testcase classname="ptolemy.util.test.junit.AutoKnownFailedTests" name="[1] /home/travis/build/icyphy/ptII/ptolemy/domains/de/test/auto/knownFailedTests/DirectFeedback.xml (RunModel)" time="0.017" />
  <testcase classname="ptolemy.util.test.junit.AutoKnownFailedTests" name="[2] /home/travis/build/icyphy/ptII/ptolemy/domains/de/test/auto/knownFailedTests/FSMSource.xml (RunModel)" time="0.029" />
  <testcase classname="ptolemy.util.test.junit.AutoKnownFailedTests" name="[3] /home/travis/build/icyphy/ptII/ptolemy/domains/de/test/auto/knownFailedTests/HierarchicalModel.xml (RunModel)" time="0.058" />
  <testcase classname="ptolemy.util.test.junit.AutoKnownFailedTests" name="[4] /home/travis/build/icyphy/ptII/ptolemy/domains/de/test/auto/knownFailedTests/dependencyLoop.xml (RunModel)" time="0.04" />
  <testcase classname="ptolemy.util.test.junit.AutoKnownFailedTests" name="[5] /home/travis/build/icyphy/ptII/ptolemy/domains/de/test/auto/knownFailedTests/dependencyLoop2.xml (RunModel)" time="0.048" />
  <testcase classname="ptolemy.util.test.junit.AutoNameArchTests" name="[0] ThereAreNoAutoTests (RunModel)" time="0.005" />
  <testcase classname="ptolemy.util.test.junit.AutoTests" name="[0] /home/travis/build/icyphy/ptII/ptolemy/domains/de/test/auto/ActorDepthCalculation_actorWithoutPorts.xml (RunModel)" time="0.02" />
  <testcase classname="ptolemy.util.test.junit.AutoTests" name="[1] /home/travis/build/icyphy/ptII/ptolemy/domains/de/test/auto/AssemblyLine.xml (RunModel)" time="0.021" />
  <testcase classname="ptolemy.util.test.junit.AutoTests" name="[2] /home/travis/build/icyphy/ptII/ptolemy/domains/de/test/auto/CQBug1.xml (RunModel)" time="0.011" />
  <testcase classname="ptolemy.util.test.junit.AutoTests" name="[3] /home/travis/build/icyphy/ptII/ptolemy/domains/de/test/auto/CancelFireAt.xml (RunModel)" time="0.008" />
  <testcase classname="ptolemy.util.test.junit.AutoTests" name="[4] /home/travis/build/icyphy/ptII/ptolemy/domains/de/test/auto/CausalityAndComposabilityAnalysis.xml (RunModel)" time="0.015" />
  <testcase classname="ptolemy.util.test.junit.AutoTests" name="[5] /home/travis/build/icyphy/ptII/ptolemy/domains/de/test/auto/CausalityInterface1.xml (RunModel)" time="0.017" />
  <testcase classname="ptolemy.util.test.junit.AutoTests" name="[6] /home/travis/build/icyphy/ptII/ptolemy/domains/de/test/auto/CausalityInterface15.xml (RunModel)" time="0.016" />
  <testcase classname="ptolemy.util.test.junit.AutoTests" name="[7] /home/travis/build/icyphy/ptII/ptolemy/domains/de/test/auto/CausalityInterface2.xml (RunModel)" time="0.014" />
  <testcase classname="ptolemy.util.test.junit.AutoTests" name="[8] /home/travis/build/icyphy/ptII/ptolemy/domains/de/test/auto/CausalityInterface3.xml (RunModel)" time="0.03" />
  <testcase classname="ptolemy.util.test.junit.AutoTests" name="[9] /home/travis/build/icyphy/ptII/ptolemy/domains/de/test/auto/ClockDrift.xml (RunModel)" time="0.054" />
  <testcase classname="ptolemy.util.test.junit.AutoTests" name="[10] /home/travis/build/icyphy/ptII/ptolemy/domains/de/test/auto/ClockDriftAndValueChange.xml (RunModel)" time="0.035" />
  <testcase classname="ptolemy.util.test.junit.AutoTests" name="[11] /home/travis/build/icyphy/ptII/ptolemy/domains/de/test/auto/ClockDriftChange.xml (RunModel)" time="0.036" />
  <testcase classname="ptolemy.util.test.junit.AutoTests" name="[12] /home/travis/build/icyphy/ptII/ptolemy/domains/de/test/auto/ComposableCausalityAnalysis.xml (RunModel)" time="0.018" />
  <testcase classname="ptolemy.util.test.junit.AutoTests" name="[13] /home/travis/build/icyphy/ptII/ptolemy/domains/de/test/auto/DEFixedPointLimitation.xml (RunModel)" time="0.013" />
  <testcase classname="ptolemy.util.test.junit.AutoTests" name="[14] /home/travis/build/icyphy/ptII/ptolemy/domains/de/test/auto/DEScheduleTest.xml (RunModel)" time="0.039" />
  <testcase classname="ptolemy.util.test.junit.AutoTests" name="[15] /home/travis/build/icyphy/ptII/ptolemy/domains/de/test/auto/DEinDEwithStartTimes.xml (RunModel)" time="0.017" />
  <testcase classname="ptolemy.util.test.junit.AutoTests" name="[16] /home/travis/build/icyphy/ptII/ptolemy/domains/de/test/auto/DEinDEwithStartTimes2.xml (RunModel)" time="0.015" />
  <testcase classname="ptolemy.util.test.junit.AutoTests" name="[17] /home/travis/build/icyphy/ptII/ptolemy/domains/de/test/auto/DateDemo.xml (RunModel)" time="0.028" />
  <testcase classname="ptolemy.util.test.junit.AutoTests" name="[18] /home/travis/build/icyphy/ptII/ptolemy/domains/de/test/auto/DateToEvent.xml (RunModel)" time="2.051" />
  <testcase classname="ptolemy.util.test.junit.AutoTests" name="[19] /home/travis/build/icyphy/ptII/ptolemy/domains/de/test/auto/DepthTest1.xml (RunModel)" time="0.027" />
  <testcase classname="ptolemy.util.test.junit.AutoTests" name="[20] /home/travis/build/icyphy/ptII/ptolemy/domains/de/test/auto/DepthTest2.xml (RunModel)" time="0.023" />
  <testcase classname="ptolemy.util.test.junit.AutoTests" name="[21] /home/travis/build/icyphy/ptII/ptolemy/domains/de/test/auto/DepthTest3.xml (RunModel)" time="0.009" />
  <testcase classname="ptolemy.util.test.junit.AutoTests" name="[22] /home/travis/build/icyphy/ptII/ptolemy/domains/de/test/auto/DepthTest4.xml (RunModel)" time="0.012" />
  <testcase classname="ptolemy.util.test.junit.AutoTests" name="[23] /home/travis/build/icyphy/ptII/ptolemy/domains/de/test/auto/DepthTest5.xml (RunModel)" time="0.013" />
  <testcase classname="ptolemy.util.test.junit.AutoTests" name="[24] /home/travis/build/icyphy/ptII/ptolemy/domains/de/test/auto/DepthTest6.xml (RunModel)" time="0.016" />
  <testcase classname="ptolemy.util.test.junit.AutoTests" name="[25] /home/travis/build/icyphy/ptII/ptolemy/domains/de/test/auto/DepthTest7.xml (RunModel)" time="0.024" />
  <testcase classname="ptolemy.util.test.junit.AutoTests" name="[26] /home/travis/build/icyphy/ptII/ptolemy/domains/de/test/auto/EventToDate.xml (RunModel)" time="3.048" />
  <testcase classname="ptolemy.util.test.junit.AutoTests" name="[27] /home/travis/build/icyphy/ptII/ptolemy/domains/de/test/auto/FSM1.xml (RunModel)" time="0.036" />
  <testcase classname="ptolemy.util.test.junit.AutoTests" name="[28] /home/travis/build/icyphy/ptII/ptolemy/domains/de/test/auto/FSM7.xml (RunModel)" time="0.036" />
  <testcase classname="ptolemy.util.test.junit.AutoTests" name="[29] /home/travis/build/icyphy/ptII/ptolemy/domains/de/test/auto/Inspection.xml (RunModel)" time="0.035" />
  <testcase classname="ptolemy.util.test.junit.AutoTests" name="[30] /home/travis/build/icyphy/ptII/ptolemy/domains/de/test/auto/Iteration.xml (RunModel)" time="0.017" />
  <testcase classname="ptolemy.util.test.junit.AutoTests" name="[31] /home/travis/build/icyphy/ptII/ptolemy/domains/de/test/auto/LineFault.xml (RunModel)" time="0.566" />
  <testcase classname="ptolemy.util.test.junit.AutoTests" name="[32] /home/travis/build/icyphy/ptII/ptolemy/domains/de/test/auto/MergeModel1Add.xml (RunModel)" time="0.044" />
  <testcase classname="ptolemy.util.test.junit.AutoTests" name="[33] /home/travis/build/icyphy/ptII/ptolemy/domains/de/test/auto/MergeModel2Add.xml (RunModel)" time="0.037" />
  <testcase classname="ptolemy.util.test.junit.AutoTests" name="[34] /home/travis/build/icyphy/ptII/ptolemy/domains/de/test/auto/MergeModel3Add.xml (RunModel)" time="0.039" />
  <testcase classname="ptolemy.util.test.junit.AutoTests" name="[35] /home/travis/build/icyphy/ptII/ptolemy/domains/de/test/auto/MergeWithoutDiscard.xml (RunModel)" time="0.01" />
  <testcase classname="ptolemy.util.test.junit.AutoTests" name="[36] /home/travis/build/icyphy/ptII/ptolemy/domains/de/test/auto/Modal1.xml (RunModel)" time="0.025" />
  <testcase classname="ptolemy.util.test.junit.AutoTests" name="[37] /home/travis/build/icyphy/ptII/ptolemy/domains/de/test/auto/Modal2.xml (RunModel)" time="0.029" />
  <testcase classname="ptolemy.util.test.junit.AutoTests" name="[38] /home/travis/build/icyphy/ptII/ptolemy/domains/de/test/auto/Modal3.xml (RunModel)" time="0.03" />
  <testcase classname="ptolemy.util.test.junit.AutoTests" name="[39] /home/travis/build/icyphy/ptII/ptolemy/domains/de/test/auto/Modal4.xml (RunModel)" time="0.031" />
  <testcase classname="ptolemy.util.test.junit.AutoTests" name="[40] /home/travis/build/icyphy/ptII/ptolemy/domains/de/test/auto/Modal5.xml (RunModel)" time="0.027" />
  <testcase classname="ptolemy.util.test.junit.AutoTests" name="[41] /home/travis/build/icyphy/ptII/ptolemy/domains/de/test/auto/Modal6.xml (RunModel)" time="0.025" />
  <testcase classname="ptolemy.util.test.junit.AutoTests" name="[42] /home/travis/build/icyphy/ptII/ptolemy/domains/de/test/auto/Modal7.xml (RunModel)" time="0.026" />
  <testcase classname="ptolemy.util.test.junit.AutoTests" name="[43] /home/travis/build/icyphy/ptII/ptolemy/domains/de/test/auto/ModalModel.xml (RunModel)" time="0.148" />
  <testcase classname="ptolemy.util.test.junit.AutoTests" name="[44] /home/travis/build/icyphy/ptII/ptolemy/domains/de/test/auto/ModalSource.xml (RunModel)" time="0.017" />
  <testcase classname="ptolemy.util.test.junit.AutoTests" name="[45] /home/travis/build/icyphy/ptII/ptolemy/domains/de/test/auto/NonInterruptibleTimerZeroDelay.xml (RunModel)" time="0.012" />
  <testcase classname="ptolemy.util.test.junit.AutoTests" name="[46] /home/travis/build/icyphy/ptII/ptolemy/domains/de/test/auto/OpenQueueingNetwork.xml (RunModel)" time="2.296" />
  <testcase classname="ptolemy.util.test.junit.AutoTests" name="[47] /home/travis/build/icyphy/ptII/ptolemy/domains/de/test/auto/OpenQueuingNetwork.xml (RunModel)" time="0.27" />
  <testcase classname="ptolemy.util.test.junit.AutoTests" name="[48] /home/travis/build/icyphy/ptII/ptolemy/domains/de/test/auto/PeriodicSampler.xml (RunModel)" time="0.009" />
  <testcase classname="ptolemy.util.test.junit.AutoTests" name="[49] /home/travis/build/icyphy/ptII/ptolemy/domains/de/test/auto/PersistentIO.xml (RunModel)" time="0.018" />
  <testcase classname="ptolemy.util.test.junit.AutoTests" name="[50] /home/travis/build/icyphy/ptII/ptolemy/domains/de/test/auto/PortParameterResetOnInitialize.xml (RunModel)" time="0.009" />
  <testcase classname="ptolemy.util.test.junit.AutoTests" name="[51] /home/travis/build/icyphy/ptII/ptolemy/domains/de/test/auto/PortParameterUpdates.xml (RunModel)" time="0.018" />
  <testcase classname="ptolemy.util.test.junit.AutoTests" name="[52] /home/travis/build/icyphy/ptII/ptolemy/domains/de/test/auto/QueueAndServer.xml (RunModel)" time="0.02" />
  <testcase classname="ptolemy.util.test.junit.AutoTests" name="[53] /home/travis/build/icyphy/ptII/ptolemy/domains/de/test/auto/Records.xml (RunModel)" time="0.021" />
  <testcase classname="ptolemy.util.test.junit.AutoTests" name="[54] /home/travis/build/icyphy/ptII/ptolemy/domains/de/test/auto/ResetTransitionWithStartTime1.xml (RunModel)" time="0.018" />
  <testcase classname="ptolemy.util.test.junit.AutoTests" name="[55] /home/travis/build/icyphy/ptII/ptolemy/domains/de/test/auto/ResetTransitionWithStartTime2.xml (RunModel)" time="0.024" />
  <testcase classname="ptolemy.util.test.junit.AutoTests" name="[56] /home/travis/build/icyphy/ptII/ptolemy/domains/de/test/auto/ResetTransitionWithStartTime3.xml (RunModel)" time="0.018" />
  <testcase classname="ptolemy.util.test.junit.AutoTests" name="[57] /home/travis/build/icyphy/ptII/ptolemy/domains/de/test/auto/ResetTransitionWithStartTime4.xml (RunModel)" time="0.016" />
  <testcase classname="ptolemy.util.test.junit.AutoTests" name="[58] /home/travis/build/icyphy/ptII/ptolemy/domains/de/test/auto/ResettableTimer1.xml (RunModel)" time="0.01" />
  <testcase classname="ptolemy.util.test.junit.AutoTests" name="[59] /home/travis/build/icyphy/ptII/ptolemy/domains/de/test/auto/ResettableTimer2.xml (RunModel)" time="0.01" />
  <testcase classname="ptolemy.util.test.junit.AutoTests" name="[60] /home/travis/build/icyphy/ptII/ptolemy/domains/de/test/auto/ResettableTimer3.xml (RunModel)" time="0.011" />
  <testcase classname="ptolemy.util.test.junit.AutoTests" name="[61] /home/travis/build/icyphy/ptII/ptolemy/domains/de/test/auto/ResettableTimer4.xml (RunModel)" time="0.008" />
  <testcase classname="ptolemy.util.test.junit.AutoTests" name="[62] /home/travis/build/icyphy/ptII/ptolemy/domains/de/test/auto/ResettableTimer5.xml (RunModel)" time="0.01" />
  <testcase classname="ptolemy.util.test.junit.AutoTests" name="[63] /home/travis/build/icyphy/ptII/ptolemy/domains/de/test/auto/ResettableTimer6.xml (RunModel)" time="0.01" />
  <testcase classname="ptolemy.util.test.junit.AutoTests" name="[64] /home/travis/build/icyphy/ptII/ptolemy/domains/de/test/auto/ServerZeroDelay.xml (RunModel)" time="0.01" />
  <testcase classname="ptolemy.util.test.junit.AutoTests" name="[65] /home/travis/build/icyphy/ptII/ptolemy/domains/de/test/auto/SmartSender.xml (RunModel)" time="3.007" />
  <testcase classname="ptolemy.util.test.junit.AutoTests" name="[66] /home/travis/build/icyphy/ptII/ptolemy/domains/de/test/auto/ThreadedComposite.xml (RunModel)" time="0.119" />
  <testcase classname="ptolemy.util.test.junit.AutoTests" name="[67] /home/travis/build/icyphy/ptII/ptolemy/domains/de/test/auto/Time.xml (RunModel)" time="0.423" />
  <testcase classname="ptolemy.util.test.junit.AutoTests" name="[68] /home/travis/build/icyphy/ptII/ptolemy/domains/de/test/auto/TimeDelayZeroDelay.xml (RunModel)" time="0.011" />
  <testcase classname="ptolemy.util.test.junit.AutoTests" name="[69] /home/travis/build/icyphy/ptII/ptolemy/domains/de/test/auto/TimerZeroDelay.xml (RunModel)" time="0.009" />
  <testcase classname="ptolemy.util.test.junit.AutoTests" name="[70] /home/travis/build/icyphy/ptII/ptolemy/domains/de/test/auto/TimingParadox.xml (RunModel)" time="0.337" />
  <testcase classname="ptolemy.util.test.junit.AutoTests" name="[71] /home/travis/build/icyphy/ptII/ptolemy/domains/de/test/auto/TransferInputs.xml (RunModel)" time="0.013" />
  <testcase classname="ptolemy.util.test.junit.AutoTests" name="[72] /home/travis/build/icyphy/ptII/ptolemy/domains/de/test/auto/TransferOutputs2.xml (RunModel)" time="0.014" />
  <testcase classname="ptolemy.util.test.junit.AutoTests" name="[73] /home/travis/build/icyphy/ptII/ptolemy/domains/de/test/auto/Trilateration.xml (RunModel)" time="12.254" />
  <testcase classname="ptolemy.util.test.junit.AutoTests" name="[74] /home/travis/build/icyphy/ptII/ptolemy/domains/de/test/auto/TwoSigmaDelta.xml (RunModel)" time="2.002" />
  <testcase classname="ptolemy.util.test.junit.AutoTests" name="[75] /home/travis/build/icyphy/ptII/ptolemy/domains/de/test/auto/VariableDelay.xml (RunModel)" time="0.011" />
  <testcase classname="ptolemy.util.test.junit.AutoTests" name="[76] /home/travis/build/icyphy/ptII/ptolemy/domains/de/test/auto/VariableDelay2.xml (RunModel)" time="0.012" />
  <testcase classname="ptolemy.util.test.junit.AutoTests" name="[77] /home/travis/build/icyphy/ptII/ptolemy/domains/de/test/auto/VariableDelayZeroDelay.xml (RunModel)" time="0.011" />
  <testcase classname="ptolemy.util.test.junit.AutoTests" name="[78] /home/travis/build/icyphy/ptII/ptolemy/domains/de/test/auto/VariableDelayZeroDelay2.xml (RunModel)" time="0.01" />
  <testcase classname="ptolemy.util.test.junit.AutoTests" name="[79] /home/travis/build/icyphy/ptII/ptolemy/domains/de/test/auto/deInCt.xml (RunModel)" time="0.014" />
  <testcase classname="ptolemy.util.test.junit.AutoTests" name="[80] /home/travis/build/icyphy/ptII/ptolemy/domains/de/test/auto/deInCt2.xml (RunModel)" time="0.014" />
  <testcase classname="ptolemy.util.test.junit.AutoTests" name="[81] /home/travis/build/icyphy/ptII/ptolemy/domains/de/test/auto/dynamicCausalityInterface1.xml (RunModel)" time="0.023" />
  <testcase classname="ptolemy.util.test.junit.AutoTests" name="[82] /home/travis/build/icyphy/ptII/ptolemy/domains/de/test/auto/fsm_de_test.xml (RunModel)" time="0.027" />
  <testcase classname="ptolemy.util.test.junit.AutoTests" name="[83] /home/travis/build/icyphy/ptII/ptolemy/domains/de/test/auto/functionDependencyReconstruction.xml (RunModel)" time="0.031" />
  <testcase classname="ptolemy.util.test.junit.AutoTests" name="[84] /home/travis/build/icyphy/ptII/ptolemy/domains/de/test/auto/multirate.xml (RunModel)" time="0.016" />
  <testcase classname="ptolemy.util.test.junit.AutoTests" name="[85] /home/travis/build/icyphy/ptII/ptolemy/domains/de/test/auto/multirate2.xml (RunModel)" time="0.015" />
  <testcase classname="ptolemy.util.test.junit.AutoTests" name="[86] /home/travis/build/icyphy/ptII/ptolemy/domains/de/test/auto/realtime.xml (RunModel)" time="10.011" />
  <testcase classname="ptolemy.util.test.junit.AutoTests" name="[87] /home/travis/build/icyphy/ptII/ptolemy/domains/de/test/auto/relationGroup.xml (RunModel)" time="0.024" />
  <testcase classname="ptolemy.util.test.junit.AutoTests" name="[88] /home/travis/build/icyphy/ptII/ptolemy/domains/de/test/auto/relationGroup2.xml (RunModel)" time="0.016" />
  <testcase classname="ptolemy.util.test.junit.AutoTests" name="[89] /home/travis/build/icyphy/ptII/ptolemy/domains/de/test/auto/sortWithOpaquePorts.xml (RunModel)" time="0.01" />
  <testcase classname="ptolemy.util.test.junit.AutoTests" name="[90] /home/travis/build/icyphy/ptII/ptolemy/domains/de/test/auto/transferInputsandOutputs.xml (RunModel)" time="0.015" />
  <testcase classname="ptolemy.util.test.junit.AutoTests" name="[91] /home/travis/build/icyphy/ptII/ptolemy/domains/de/test/auto/triggerType.xml (RunModel)" time="0.009" />
  <system-out><![CDATA[/home/travis/build/icyphy/ptII/ptolemy/domains/de/test/DependencyLoop.tcl
testDefs.tcl: setting time out to 9000 seconds at Wed May 09 01:01:06 UTC 2018
15 ms. Memory: 116224K Free: 95068K (82%)
5 ms. Memory: 146944K Free: 137858K (94%)
/home/travis/build/icyphy/ptII/ptolemy/domains/de/test/RunDETestsAsQSS.tcl
Run the DE tests using ptolemy.domains.qss.test.QSSDirectorTest, which extends QSSDirector and prints a message in the constructors.
------------------ testing $PTII/ptolemy/domains/de/test/auto/knownFailedTests/dependencyLoop.xml (Known Failure) 
7 ms. Memory: 146944K Free: 133589K (91%)


==== $PTIIhome/travis/build/icyphy/ptII/ptolemy/domains/de/test/../../../../: Auto Automatic test in file $PTII/ptolemy/domains/de/test/auto/knownFailedTests/dependencyLoop.xml
==== Contents of test case:

	    # FIXME: we should use $relativeFilename here, but it
	    # might have backslashes under Windows, which causes no end
	    # of trouble.
	    createAndExecute $file
	    list {}
	
.... Test generated KNOWN error:
    while executing
ptolemy.kernel.util.IllegalActionException: Found a zero delay loop containing .dependencyLoop.original
  in .dependencyLoop and .dependencyLoop.original
	at ptolemy.actor.util.CausalityInterfaceForComposites._computeOutputPortDepth(CausalityInterfaceForComposites.java:759)
	at ptolemy.actor.util.CausalityInterfaceForComposites._computeInputDepth(CausalityInterfaceForComposites.java:696)
	at ptolemy.actor.util.CausalityInterfaceForComposites._computeOutputPortDepth(CausalityInterfaceForComposites.java:765)
	at ptolemy.actor.util.CausalityInterfaceForComposites._computeInputDepth(CausalityInterfaceForComposites.java:696)
	at ptolemy.actor.util.CausalityInterfaceForComposites._computeOutputPortDepth(CausalityInterfaceForComposites.java:765)
	at ptolemy.actor.util.CausalityInterfaceForComposites._computeInputDepth(CausalityInterfaceForComposites.java:696)
	at ptolemy.actor.util.CausalityInterfaceForComposites._computeActorDepth(CausalityInterfaceForComposites.java:532)
	at ptolemy.actor.util.CausalityInterfaceForComposites.checkForCycles(CausalityInterfaceForComposites.java:96)
	at ptolemy.domains.de.kernel.DEDirector.preinitialize(DEDirector.java:1337)
	at ptolemy.actor.CompositeActor.preinitialize(CompositeActor.java:1828)
	at ptolemy.actor.Manager.preinitializeAndResolveTypes(Manager.java:1040)
	at ptolemy.actor.Manager.initialize(Manager.java:710)
	at ptolemy.actor.Manager.execute(Manager.java:356)
	at ptolemy.actor.Manager.run(Manager.java:1263)
	at ptolemy.actor.Manager$PtolemyRunThread.run(Manager.java:1915)

    while executing
ptolemy.kernel.util.IllegalActionException: Found a zero delay loop containing .dependencyLoop.original
  in .dependencyLoop and .dependencyLoop.original
    while executing
"java::new ptolemy.moml.MoMLSimpleApplication $file
"
    (procedure "createAndExecute" line 2)
    invoked from within
"createAndExecute $file"
    ("uplevel" body line 5)
    invoked from within
"uplevel $contents_of_test"
------------------ testing $PTII/ptolemy/domains/de/test/auto/knownFailedTests/DESDFClockTest.xml (Known Failure) 
2090 ms. Memory: 146944K Free: 117785K (80%)


==== $PTIIhome/travis/build/icyphy/ptII/ptolemy/domains/de/test/../../../../: Auto Automatic test in file $PTII/ptolemy/domains/de/test/auto/knownFailedTests/DESDFClockTest.xml
==== Contents of test case:

	    # FIXME: we should use $relativeFilename here, but it
	    # might have backslashes under Windows, which causes no end
	    # of trouble.
	    createAndExecute $file
	    list {}
	
.... Test generated KNOWN error:
    while executing
ptolemy.kernel.util.IllegalActionException: Actor is not ready to fire.  Perhaps UpSample.prefire() returned false? Try debugging the actor by selecting "Listen to Actor".  Also, for SDF check moml for tokenConsumptionRate on input.
  in .DESDFClockTest.Play Bell.Copy1:SDF Director and .DESDFClockTest.Play Bell.UpSample
	at ptolemy.actor.sched.StaticSchedulingDirector.fire(StaticSchedulingDirector.java:227)
	at ptolemy.domains.sdf.kernel.SDFDirector.fire(SDFDirector.java:500)
	at ptolemy.actor.CompositeActor.fire(CompositeActor.java:455)
	at ptolemy.domains.de.kernel.DEDirector._fire(DEDirector.java:1948)
	at ptolemy.domains.de.kernel.DEDirector.fire(DEDirector.java:502)
	at ptolemy.actor.CompositeActor.fire(CompositeActor.java:455)
	at ptolemy.actor.Manager.iterate(Manager.java:851)
	at ptolemy.actor.Manager.execute(Manager.java:369)
	at ptolemy.actor.Manager.run(Manager.java:1263)
	at ptolemy.actor.Manager$PtolemyRunThread.run(Manager.java:1915)

    while executing
ptolemy.kernel.util.IllegalActionException: Actor is not ready to fire.  Perhaps UpSample.prefire() returned false? Try debugging the actor by selecting "Listen to Actor".  Also, for SDF check moml for tokenConsumptionRate on input.
  in .DESDFClockTest.Play Bell.Copy1:SDF Director and .DESDFClockTest.Play Bell.UpSample
    while executing
"java::new ptolemy.moml.MoMLSimpleApplication $file
"
    (procedure "createAndExecute" line 2)
    invoked from within
"createAndExecute $file"
    ("uplevel" body line 5)
    invoked from within
"uplevel $contents_of_test"
------------------ testing $PTII/ptolemy/domains/de/test/auto/knownFailedTests/FSMSource.xml (Known Failure) 
28 ms. Memory: 146944K Free: 108771K (74%)
!!!! Auto was marked as failing, but now passes
------------------ testing $PTII/ptolemy/domains/de/test/auto/knownFailedTests/dependencyLoop2.xml (Known Failure) 
7 ms. Memory: 146944K Free: 106887K (73%)


==== $PTIIhome/travis/build/icyphy/ptII/ptolemy/domains/de/test/../../../../: Auto Automatic test in file $PTII/ptolemy/domains/de/test/auto/knownFailedTests/dependencyLoop2.xml
==== Contents of test case:

	    # FIXME: we should use $relativeFilename here, but it
	    # might have backslashes under Windows, which causes no end
	    # of trouble.
	    createAndExecute $file
	    list {}
	
.... Test generated KNOWN error:
    while executing
ptolemy.kernel.util.IllegalActionException: Found a zero delay loop containing .dependencyLoop2.original
  in .dependencyLoop2 and .dependencyLoop2.original
	at ptolemy.actor.util.CausalityInterfaceForComposites._computeOutputPortDepth(CausalityInterfaceForComposites.java:759)
	at ptolemy.actor.util.CausalityInterfaceForComposites._computeInputDepth(CausalityInterfaceForComposites.java:696)
	at ptolemy.actor.util.CausalityInterfaceForComposites._computeOutputPortDepth(CausalityInterfaceForComposites.java:765)
	at ptolemy.actor.util.CausalityInterfaceForComposites._computeInputDepth(CausalityInterfaceForComposites.java:696)
	at ptolemy.actor.util.CausalityInterfaceForComposites._computeOutputPortDepth(CausalityInterfaceForComposites.java:765)
	at ptolemy.actor.util.CausalityInterfaceForComposites._computeInputDepth(CausalityInterfaceForComposites.java:696)
	at ptolemy.actor.util.CausalityInterfaceForComposites._computeActorDepth(CausalityInterfaceForComposites.java:532)
	at ptolemy.actor.util.CausalityInterfaceForComposites.checkForCycles(CausalityInterfaceForComposites.java:96)
	at ptolemy.domains.de.kernel.DEDirector.preinitialize(DEDirector.java:1337)
	at ptolemy.actor.CompositeActor.preinitialize(CompositeActor.java:1828)
	at ptolemy.actor.Manager.preinitializeAndResolveTypes(Manager.java:1040)
	at ptolemy.actor.Manager.initialize(Manager.java:710)
	at ptolemy.actor.Manager.execute(Manager.java:356)
	at ptolemy.actor.Manager.run(Manager.java:1263)
	at ptolemy.actor.Manager$PtolemyRunThread.run(Manager.java:1915)

    while executing
ptolemy.kernel.util.IllegalActionException: Found a zero delay loop containing .dependencyLoop2.original
  in .dependencyLoop2 and .dependencyLoop2.original
    while executing
"java::new ptolemy.moml.MoMLSimpleApplication $file
"
    (procedure "createAndExecute" line 2)
    invoked from within
"createAndExecute $file"
    ("uplevel" body line 5)
    invoked from within
"uplevel $contents_of_test"
------------------ testing $PTII/ptolemy/domains/de/test/auto/knownFailedTests/HierarchicalModel.xml (Known Failure) 
5 ms. Memory: 146944K Free: 86478K (59%)


==== $PTIIhome/travis/build/icyphy/ptII/ptolemy/domains/de/test/../../../../: Auto Automatic test in file $PTII/ptolemy/domains/de/test/auto/knownFailedTests/HierarchicalModel.xml
==== Contents of test case:

	    # FIXME: we should use $relativeFilename here, but it
	    # might have backslashes under Windows, which causes no end
	    # of trouble.
	    createAndExecute $file
	    list {}
	
.... Test generated KNOWN error:
    while executing
ptolemy.kernel.util.IllegalActionException: Found a zero delay loop containing .HierarchicalModel.A
  in .HierarchicalModel and .HierarchicalModel.A
	at ptolemy.actor.util.CausalityInterfaceForComposites._computeOutputPortDepth(CausalityInterfaceForComposites.java:759)
	at ptolemy.actor.util.CausalityInterfaceForComposites._computeInputDepth(CausalityInterfaceForComposites.java:696)
	at ptolemy.actor.util.CausalityInterfaceForComposites._computeOutputPortDepth(CausalityInterfaceForComposites.java:765)
	at ptolemy.actor.util.CausalityInterfaceForComposites._computeInputDepth(CausalityInterfaceForComposites.java:696)
	at ptolemy.actor.util.CausalityInterfaceForComposites._computeOutputPortDepth(CausalityInterfaceForComposites.java:765)
	at ptolemy.actor.util.CausalityInterfaceForComposites._computeInputDepth(CausalityInterfaceForComposites.java:696)
	at ptolemy.actor.util.CausalityInterfaceForComposites._computeActorDepth(CausalityInterfaceForComposites.java:532)
	at ptolemy.actor.util.CausalityInterfaceForComposites.checkForCycles(CausalityInterfaceForComposites.java:96)
	at ptolemy.domains.de.kernel.DEDirector.preinitialize(DEDirector.java:1337)
	at ptolemy.actor.CompositeActor.preinitialize(CompositeActor.java:1828)
	at ptolemy.actor.Manager.preinitializeAndResolveTypes(Manager.java:1040)
	at ptolemy.actor.Manager.initialize(Manager.java:710)
	at ptolemy.actor.Manager.execute(Manager.java:356)
	at ptolemy.actor.Manager.run(Manager.java:1263)
	at ptolemy.actor.Manager$PtolemyRunThread.run(Manager.java:1915)

    while executing
ptolemy.kernel.util.IllegalActionException: Found a zero delay loop containing .HierarchicalModel.A
  in .HierarchicalModel and .HierarchicalModel.A
    while executing
"java::new ptolemy.moml.MoMLSimpleApplication $file
"
    (procedure "createAndExecute" line 2)
    invoked from within
"createAndExecute $file"
    ("uplevel" body line 5)
    invoked from within
"uplevel $contents_of_test"
------------------ testing $PTII/ptolemy/domains/de/test/auto/knownFailedTests/DirectFeedback.xml (Known Failure) 
14 ms. Memory: 146944K Free: 142569K (97%)


==== $PTIIhome/travis/build/icyphy/ptII/ptolemy/domains/de/test/../../../../: Auto Automatic test in file $PTII/ptolemy/domains/de/test/auto/knownFailedTests/DirectFeedback.xml
==== Contents of test case:

	    # FIXME: we should use $relativeFilename here, but it
	    # might have backslashes under Windows, which causes no end
	    # of trouble.
	    createAndExecute $file
	    list {}
	
.... Test generated KNOWN error:
    while executing
ptolemy.kernel.util.IllegalActionException: Test fails in iteration 1.
Value was: 1.0. Should have been: 2.0
  in .DirectFeedback.Test
	at ptolemy.actor.lib.Test.fire(Test.java:268)
	at ptolemy.domains.de.kernel.DEDirector._fire(DEDirector.java:1948)
	at ptolemy.domains.de.kernel.DEDirector.fire(DEDirector.java:502)
	at ptolemy.actor.CompositeActor.fire(CompositeActor.java:455)
	at ptolemy.actor.Manager.iterate(Manager.java:851)
	at ptolemy.actor.Manager.execute(Manager.java:369)
	at ptolemy.actor.Manager.run(Manager.java:1263)
	at ptolemy.actor.Manager$PtolemyRunThread.run(Manager.java:1915)

    while executing
ptolemy.kernel.util.IllegalActionException: Test fails in iteration 1.
Value was: 1.0. Should have been: 2.0
  in .DirectFeedback.Test
    while executing
"java::new ptolemy.moml.MoMLSimpleApplication $file
"
    (procedure "createAndExecute" line 2)
    invoked from within
"createAndExecute $file"
    ("uplevel" body line 5)
    invoked from within
"uplevel $contents_of_test"
------------------ testing $PTII/ptolemy/domains/de/test/auto/ActorDepthCalculation_actorWithoutPorts.xml
auto.tcl: Setting watchdog for 200 seconds at Wed May 09 01:01:10 UTC 2018
4 ms. Memory: 146944K Free: 133663K (91%)
ptolemy.util.test.WatchDog.cancel(): canceling Wed May 09 01:01:10 UTC 2018
auto.tcl: Setting watchdog for 200 seconds at Wed May 09 01:01:10 UTC 2018
5 ms. Memory: 146944K Free: 132633K (90%)
ptolemy.util.test.WatchDog.cancel(): canceling Wed May 09 01:01:10 UTC 2018
------------------ testing $PTII/ptolemy/domains/de/test/auto/AssemblyLine.xml
auto.tcl: Setting watchdog for 200 seconds at Wed May 09 01:01:10 UTC 2018
18 ms. Memory: 208384K Free: 182872K (88%)
ptolemy.util.test.WatchDog.cancel(): canceling Wed May 09 01:01:10 UTC 2018
auto.tcl: Setting watchdog for 200 seconds at Wed May 09 01:01:10 UTC 2018
12 ms. Memory: 208384K Free: 182872K (88%)
ptolemy.util.test.WatchDog.cancel(): canceling Wed May 09 01:01:10 UTC 2018
------------------ testing $PTII/ptolemy/domains/de/test/auto/CQBug1.xml
auto.tcl: Setting watchdog for 200 seconds at Wed May 09 01:01:10 UTC 2018
3 ms. Memory: 208384K Free: 197730K (95%)
ptolemy.util.test.WatchDog.cancel(): canceling Wed May 09 01:01:10 UTC 2018
auto.tcl: Setting watchdog for 200 seconds at Wed May 09 01:01:10 UTC 2018
2 ms. Memory: 208384K Free: 197730K (95%)
ptolemy.util.test.WatchDog.cancel(): canceling Wed May 09 01:01:10 UTC 2018
------------------ testing $PTII/ptolemy/domains/de/test/auto/CancelFireAt.xml
auto.tcl: Setting watchdog for 200 seconds at Wed May 09 01:01:10 UTC 2018
4 ms. Memory: 208384K Free: 201437K (97%)
ptolemy.util.test.WatchDog.cancel(): canceling Wed May 09 01:01:10 UTC 2018
auto.tcl: Setting watchdog for 200 seconds at Wed May 09 01:01:10 UTC 2018
4 ms. Memory: 208384K Free: 199344K (96%)
ptolemy.util.test.WatchDog.cancel(): canceling Wed May 09 01:01:10 UTC 2018
------------------ testing $PTII/ptolemy/domains/de/test/auto/CausalityAndComposabilityAnalysis.xml
auto.tcl: Setting watchdog for 200 seconds at Wed May 09 01:01:10 UTC 2018
28 ms. Memory: 208384K Free: 196512K (94%)
ptolemy.util.test.WatchDog.cancel(): canceling Wed May 09 01:01:10 UTC 2018
auto.tcl: Setting watchdog for 200 seconds at Wed May 09 01:01:10 UTC 2018
6 ms. Memory: 208384K Free: 196512K (94%)
ptolemy.util.test.WatchDog.cancel(): canceling Wed May 09 01:01:10 UTC 2018
------------------ testing $PTII/ptolemy/domains/de/test/auto/CausalityInterface1.xml
auto.tcl: Setting watchdog for 200 seconds at Wed May 09 01:01:11 UTC 2018
20 ms. Memory: 208384K Free: 196448K (94%)
ptolemy.util.test.WatchDog.cancel(): canceling Wed May 09 01:01:11 UTC 2018
auto.tcl: Setting watchdog for 200 seconds at Wed May 09 01:01:11 UTC 2018
4 ms. Memory: 208384K Free: 196448K (94%)
ptolemy.util.test.WatchDog.cancel(): canceling Wed May 09 01:01:11 UTC 2018
------------------ testing $PTII/ptolemy/domains/de/test/auto/CausalityInterface15.xml
auto.tcl: Setting watchdog for 200 seconds at Wed May 09 01:01:11 UTC 2018
5 ms. Memory: 208384K Free: 196439K (94%)
ptolemy.util.test.WatchDog.cancel(): canceling Wed May 09 01:01:11 UTC 2018
auto.tcl: Setting watchdog for 200 seconds at Wed May 09 01:01:11 UTC 2018
3 ms. Memory: 208384K Free: 194346K (93%)
ptolemy.util.test.WatchDog.cancel(): canceling Wed May 09 01:01:11 UTC 2018
------------------ testing $PTII/ptolemy/domains/de/test/auto/CausalityInterface2.xml
auto.tcl: Setting watchdog for 200 seconds at Wed May 09 01:01:11 UTC 2018
9 ms. Memory: 208384K Free: 196423K (94%)
ptolemy.util.test.WatchDog.cancel(): canceling Wed May 09 01:01:11 UTC 2018
auto.tcl: Setting watchdog for 200 seconds at Wed May 09 01:01:11 UTC 2018
2 ms. Memory: 208384K Free: 196423K (94%)
ptolemy.util.test.WatchDog.cancel(): canceling Wed May 09 01:01:11 UTC 2018
------------------ testing $PTII/ptolemy/domains/de/test/auto/CausalityInterface3.xml
auto.tcl: Setting watchdog for 200 seconds at Wed May 09 01:01:11 UTC 2018
6 ms. Memory: 208384K Free: 196436K (94%)
ptolemy.util.test.WatchDog.cancel(): canceling Wed May 09 01:01:11 UTC 2018
auto.tcl: Setting watchdog for 200 seconds at Wed May 09 01:01:11 UTC 2018
3 ms. Memory: 208384K Free: 196436K (94%)
ptolemy.util.test.WatchDog.cancel(): canceling Wed May 09 01:01:11 UTC 2018
------------------ testing $PTII/ptolemy/domains/de/test/auto/ClockDrift.xml
auto.tcl: Setting watchdog for 200 seconds at Wed May 09 01:01:11 UTC 2018
64 ms. Memory: 208384K Free: 187689K (90%)
ptolemy.util.test.WatchDog.cancel(): canceling Wed May 09 01:01:11 UTC 2018
auto.tcl: Setting watchdog for 200 seconds at Wed May 09 01:01:11 UTC 2018
39 ms. Memory: 208384K Free: 185596K (89%)
ptolemy.util.test.WatchDog.cancel(): canceling Wed May 09 01:01:11 UTC 2018
------------------ testing $PTII/ptolemy/domains/de/test/auto/ClockDriftAndValueChange.xml
auto.tcl: Setting watchdog for 200 seconds at Wed May 09 01:01:11 UTC 2018
33 ms. Memory: 208384K Free: 187526K (90%)
ptolemy.util.test.WatchDog.cancel(): canceling Wed May 09 01:01:11 UTC 2018
auto.tcl: Setting watchdog for 200 seconds at Wed May 09 01:01:11 UTC 2018
28 ms. Memory: 208384K Free: 185433K (89%)
ptolemy.util.test.WatchDog.cancel(): canceling Wed May 09 01:01:11 UTC 2018
------------------ testing $PTII/ptolemy/domains/de/test/auto/ClockDriftChange.xml
auto.tcl: Setting watchdog for 200 seconds at Wed May 09 01:01:11 UTC 2018
55 ms. Memory: 208384K Free: 190850K (92%)
ptolemy.util.test.WatchDog.cancel(): canceling Wed May 09 01:01:11 UTC 2018
auto.tcl: Setting watchdog for 200 seconds at Wed May 09 01:01:11 UTC 2018
20 ms. Memory: 208384K Free: 188757K (91%)
ptolemy.util.test.WatchDog.cancel(): canceling Wed May 09 01:01:11 UTC 2018
------------------ testing $PTII/ptolemy/domains/de/test/auto/ComposableCausalityAnalysis.xml
auto.tcl: Setting watchdog for 200 seconds at Wed May 09 01:01:12 UTC 2018
2 ms. Memory: 208384K Free: 196298K (94%)
ptolemy.util.test.WatchDog.cancel(): canceling Wed May 09 01:01:12 UTC 2018
auto.tcl: Setting watchdog for 200 seconds at Wed May 09 01:01:12 UTC 2018
2 ms. Memory: 208384K Free: 194206K (93%)
ptolemy.util.test.WatchDog.cancel(): canceling Wed May 09 01:01:12 UTC 2018
------------------ testing $PTII/ptolemy/domains/de/test/auto/DEFixedPointLimitation.xml
auto.tcl: Setting watchdog for 200 seconds at Wed May 09 01:01:12 UTC 2018
2 ms. Memory: 208384K Free: 196379K (94%)
ptolemy.util.test.WatchDog.cancel(): canceling Wed May 09 01:01:12 UTC 2018
auto.tcl: Setting watchdog for 200 seconds at Wed May 09 01:01:12 UTC 2018
1 ms. Memory: 208384K Free: 196379K (94%)
ptolemy.util.test.WatchDog.cancel(): canceling Wed May 09 01:01:12 UTC 2018
------------------ testing $PTII/ptolemy/domains/de/test/auto/DEScheduleTest.xml
auto.tcl: Setting watchdog for 200 seconds at Wed May 09 01:01:12 UTC 2018
5 ms. Memory: 208384K Free: 198507K (95%)
ptolemy.util.test.WatchDog.cancel(): canceling Wed May 09 01:01:12 UTC 2018
auto.tcl: Setting watchdog for 200 seconds at Wed May 09 01:01:12 UTC 2018
6 ms. Memory: 208384K Free: 196414K (94%)
ptolemy.util.test.WatchDog.cancel(): canceling Wed May 09 01:01:12 UTC 2018
------------------ testing $PTII/ptolemy/domains/de/test/auto/DEinDEwithStartTimes.xml
auto.tcl: Setting watchdog for 200 seconds at Wed May 09 01:01:12 UTC 2018
3 ms. Memory: 208384K Free: 196384K (94%)
ptolemy.util.test.WatchDog.cancel(): canceling Wed May 09 01:01:12 UTC 2018
auto.tcl: Setting watchdog for 200 seconds at Wed May 09 01:01:12 UTC 2018
3 ms. Memory: 208384K Free: 194291K (93%)
ptolemy.util.test.WatchDog.cancel(): canceling Wed May 09 01:01:12 UTC 2018
------------------ testing $PTII/ptolemy/domains/de/test/auto/DEinDEwithStartTimes2.xml
auto.tcl: Setting watchdog for 200 seconds at Wed May 09 01:01:12 UTC 2018
4 ms. Memory: 208384K Free: 196363K (94%)
ptolemy.util.test.WatchDog.cancel(): canceling Wed May 09 01:01:12 UTC 2018
auto.tcl: Setting watchdog for 200 seconds at Wed May 09 01:01:12 UTC 2018
4 ms. Memory: 208384K Free: 194270K (93%)
ptolemy.util.test.WatchDog.cancel(): canceling Wed May 09 01:01:12 UTC 2018
------------------ testing $PTII/ptolemy/domains/de/test/auto/DateDemo.xml
auto.tcl: Setting watchdog for 200 seconds at Wed May 09 01:01:12 UTC 2018
17 ms. Memory: 208384K Free: 188831K (91%)
ptolemy.util.test.WatchDog.cancel(): canceling Wed May 09 01:01:12 UTC 2018
auto.tcl: Setting watchdog for 200 seconds at Wed May 09 01:01:12 UTC 2018
7 ms. Memory: 208384K Free: 186738K (90%)
ptolemy.util.test.WatchDog.cancel(): canceling Wed May 09 01:01:12 UTC 2018
------------------ testing $PTII/ptolemy/domains/de/test/auto/DateToEvent.xml
auto.tcl: Setting watchdog for 200 seconds at Wed May 09 01:01:12 UTC 2018
2019 ms. Memory: 208384K Free: 183559K (88%)
ptolemy.util.test.WatchDog.cancel(): canceling Wed May 09 01:01:14 UTC 2018
auto.tcl: Setting watchdog for 200 seconds at Wed May 09 01:01:14 UTC 2018
2006 ms. Memory: 208384K Free: 183559K (88%)
ptolemy.util.test.WatchDog.cancel(): canceling Wed May 09 01:01:16 UTC 2018
------------------ testing $PTII/ptolemy/domains/de/test/auto/DepthTest1.xml
auto.tcl: Setting watchdog for 200 seconds at Wed May 09 01:01:16 UTC 2018
3 ms. Memory: 208384K Free: 198372K (95%)
ptolemy.util.test.WatchDog.cancel(): canceling Wed May 09 01:01:16 UTC 2018
auto.tcl: Setting watchdog for 200 seconds at Wed May 09 01:01:16 UTC 2018
3 ms. Memory: 208384K Free: 198372K (95%)
ptolemy.util.test.WatchDog.cancel(): canceling Wed May 09 01:01:16 UTC 2018
------------------ testing $PTII/ptolemy/domains/de/test/auto/DepthTest2.xml
auto.tcl: Setting watchdog for 200 seconds at Wed May 09 01:01:16 UTC 2018
3 ms. Memory: 208384K Free: 194251K (93%)
ptolemy.util.test.WatchDog.cancel(): canceling Wed May 09 01:01:16 UTC 2018
auto.tcl: Setting watchdog for 200 seconds at Wed May 09 01:01:16 UTC 2018
5 ms. Memory: 208384K Free: 194251K (93%)
ptolemy.util.test.WatchDog.cancel(): canceling Wed May 09 01:01:16 UTC 2018
------------------ testing $PTII/ptolemy/domains/de/test/auto/DepthTest3.xml
auto.tcl: Setting watchdog for 200 seconds at Wed May 09 01:01:16 UTC 2018
5 ms. Memory: 208384K Free: 198370K (95%)
ptolemy.util.test.WatchDog.cancel(): canceling Wed May 09 01:01:16 UTC 2018
auto.tcl: Setting watchdog for 200 seconds at Wed May 09 01:01:16 UTC 2018
1 ms. Memory: 208384K Free: 198370K (95%)
ptolemy.util.test.WatchDog.cancel(): canceling Wed May 09 01:01:16 UTC 2018
------------------ testing $PTII/ptolemy/domains/de/test/auto/DepthTest4.xml
auto.tcl: Setting watchdog for 200 seconds at Wed May 09 01:01:16 UTC 2018
7 ms. Memory: 208384K Free: 196364K (94%)
ptolemy.util.test.WatchDog.cancel(): canceling Wed May 09 01:01:17 UTC 2018
auto.tcl: Setting watchdog for 200 seconds at Wed May 09 01:01:17 UTC 2018
3 ms. Memory: 208384K Free: 196364K (94%)
ptolemy.util.test.WatchDog.cancel(): canceling Wed May 09 01:01:17 UTC 2018
------------------ testing $PTII/ptolemy/domains/de/test/auto/DepthTest5.xml
auto.tcl: Setting watchdog for 200 seconds at Wed May 09 01:01:17 UTC 2018
4 ms. Memory: 208384K Free: 196647K (94%)
ptolemy.util.test.WatchDog.cancel(): canceling Wed May 09 01:01:17 UTC 2018
auto.tcl: Setting watchdog for 200 seconds at Wed May 09 01:01:17 UTC 2018
2 ms. Memory: 208384K Free: 196647K (94%)
ptolemy.util.test.WatchDog.cancel(): canceling Wed May 09 01:01:17 UTC 2018
------------------ testing $PTII/ptolemy/domains/de/test/auto/DepthTest6.xml
auto.tcl: Setting watchdog for 200 seconds at Wed May 09 01:01:17 UTC 2018
7 ms. Memory: 208384K Free: 196287K (94%)
ptolemy.util.test.WatchDog.cancel(): canceling Wed May 09 01:01:17 UTC 2018
auto.tcl: Setting watchdog for 200 seconds at Wed May 09 01:01:17 UTC 2018
3 ms. Memory: 208384K Free: 196287K (94%)
ptolemy.util.test.WatchDog.cancel(): canceling Wed May 09 01:01:17 UTC 2018
------------------ testing $PTII/ptolemy/domains/de/test/auto/DepthTest7.xml
auto.tcl: Setting watchdog for 200 seconds at Wed May 09 01:01:17 UTC 2018
2 ms. Memory: 208384K Free: 196266K (94%)
ptolemy.util.test.WatchDog.cancel(): canceling Wed May 09 01:01:17 UTC 2018
auto.tcl: Setting watchdog for 200 seconds at Wed May 09 01:01:17 UTC 2018
2 ms. Memory: 208384K Free: 196266K (94%)
ptolemy.util.test.WatchDog.cancel(): canceling Wed May 09 01:01:17 UTC 2018
------------------ testing $PTII/ptolemy/domains/de/test/auto/EventToDate.xml
auto.tcl: Setting watchdog for 200 seconds at Wed May 09 01:01:17 UTC 2018
3009 ms. Memory: 208384K Free: 185823K (89%)
ptolemy.util.test.WatchDog.cancel(): canceling Wed May 09 01:01:20 UTC 2018
auto.tcl: Setting watchdog for 200 seconds at Wed May 09 01:01:20 UTC 2018
3005 ms. Memory: 208384K Free: 185823K (89%)
ptolemy.util.test.WatchDog.cancel(): canceling Wed May 09 01:01:23 UTC 2018
------------------ testing $PTII/ptolemy/domains/de/test/auto/FSM1.xml
auto.tcl: Setting watchdog for 200 seconds at Wed May 09 01:01:23 UTC 2018
31 ms. Memory: 208384K Free: 184781K (89%)
ptolemy.util.test.WatchDog.cancel(): canceling Wed May 09 01:01:23 UTC 2018
auto.tcl: Setting watchdog for 200 seconds at Wed May 09 01:01:23 UTC 2018
23 ms. Memory: 208384K Free: 182688K (88%)
ptolemy.util.test.WatchDog.cancel(): canceling Wed May 09 01:01:23 UTC 2018
------------------ testing $PTII/ptolemy/domains/de/test/auto/FSM7.xml
auto.tcl: Setting watchdog for 200 seconds at Wed May 09 01:01:23 UTC 2018
25 ms. Memory: 208384K Free: 187442K (90%)
ptolemy.util.test.WatchDog.cancel(): canceling Wed May 09 01:01:23 UTC 2018
auto.tcl: Setting watchdog for 200 seconds at Wed May 09 01:01:23 UTC 2018
19 ms. Memory: 208384K Free: 185349K (89%)
ptolemy.util.test.WatchDog.cancel(): canceling Wed May 09 01:01:23 UTC 2018
------------------ testing $PTII/ptolemy/domains/de/test/auto/Inspection.xml
auto.tcl: Setting watchdog for 200 seconds at Wed May 09 01:01:23 UTC 2018
37 ms. Memory: 208384K Free: 188446K (90%)
ptolemy.util.test.WatchDog.cancel(): canceling Wed May 09 01:01:23 UTC 2018
auto.tcl: Setting watchdog for 200 seconds at Wed May 09 01:01:23 UTC 2018
26 ms. Memory: 208384K Free: 186353K (89%)
ptolemy.util.test.WatchDog.cancel(): canceling Wed May 09 01:01:23 UTC 2018
------------------ testing $PTII/ptolemy/domains/de/test/auto/Iteration.xml
auto.tcl: Setting watchdog for 200 seconds at Wed May 09 01:01:23 UTC 2018
9 ms. Memory: 208384K Free: 193768K (93%)
ptolemy.util.test.WatchDog.cancel(): canceling Wed May 09 01:01:23 UTC 2018
auto.tcl: Setting watchdog for 200 seconds at Wed May 09 01:01:23 UTC 2018
9 ms. Memory: 208384K Free: 193768K (93%)
ptolemy.util.test.WatchDog.cancel(): canceling Wed May 09 01:01:23 UTC 2018
------------------ testing $PTII/ptolemy/domains/de/test/auto/LineFault.xml
auto.tcl: Setting watchdog for 200 seconds at Wed May 09 01:01:24 UTC 2018
716 ms. Memory: 208384K Free: 196007K (94%)
ptolemy.util.test.WatchDog.cancel(): canceling Wed May 09 01:01:25 UTC 2018
auto.tcl: Setting watchdog for 200 seconds at Wed May 09 01:01:25 UTC 2018
641 ms. Memory: 208384K Free: 138865K (67%)
ptolemy.util.test.WatchDog.cancel(): canceling Wed May 09 01:01:25 UTC 2018
------------------ testing $PTII/ptolemy/domains/de/test/auto/MergeModel1Add.xml
auto.tcl: Setting watchdog for 200 seconds at Wed May 09 01:01:25 UTC 2018
30 ms. Memory: 331264K Free: 302543K (91%)
ptolemy.util.test.WatchDog.cancel(): canceling Wed May 09 01:01:25 UTC 2018
auto.tcl: Setting watchdog for 200 seconds at Wed May 09 01:01:25 UTC 2018
14 ms. Memory: 331264K Free: 298584K (90%)
ptolemy.util.test.WatchDog.cancel(): canceling Wed May 09 01:01:25 UTC 2018
------------------ testing $PTII/ptolemy/domains/de/test/auto/MergeModel2Add.xml
auto.tcl: Setting watchdog for 200 seconds at Wed May 09 01:01:25 UTC 2018
12 ms. Memory: 331264K Free: 303882K (92%)
ptolemy.util.test.WatchDog.cancel(): canceling Wed May 09 01:01:26 UTC 2018
auto.tcl: Setting watchdog for 200 seconds at Wed May 09 01:01:26 UTC 2018
11 ms. Memory: 331264K Free: 299923K (91%)
ptolemy.util.test.WatchDog.cancel(): canceling Wed May 09 01:01:26 UTC 2018
------------------ testing $PTII/ptolemy/domains/de/test/auto/MergeModel3Add.xml
auto.tcl: Setting watchdog for 200 seconds at Wed May 09 01:01:26 UTC 2018
9 ms. Memory: 331264K Free: 303892K (92%)
ptolemy.util.test.WatchDog.cancel(): canceling Wed May 09 01:01:26 UTC 2018
auto.tcl: Setting watchdog for 200 seconds at Wed May 09 01:01:26 UTC 2018
10 ms. Memory: 331264K Free: 299933K (91%)
ptolemy.util.test.WatchDog.cancel(): canceling Wed May 09 01:01:26 UTC 2018
------------------ testing $PTII/ptolemy/domains/de/test/auto/MergeWithoutDiscard.xml
auto.tcl: Setting watchdog for 200 seconds at Wed May 09 01:01:26 UTC 2018
4 ms. Memory: 331264K Free: 315766K (95%)
ptolemy.util.test.WatchDog.cancel(): canceling Wed May 09 01:01:26 UTC 2018
auto.tcl: Setting watchdog for 200 seconds at Wed May 09 01:01:26 UTC 2018
2 ms. Memory: 331264K Free: 315766K (95%)
ptolemy.util.test.WatchDog.cancel(): canceling Wed May 09 01:01:26 UTC 2018
------------------ testing $PTII/ptolemy/domains/de/test/auto/Modal1.xml
auto.tcl: Setting watchdog for 200 seconds at Wed May 09 01:01:26 UTC 2018
16 ms. Memory: 331264K Free: 309656K (93%)
ptolemy.util.test.WatchDog.cancel(): canceling Wed May 09 01:01:26 UTC 2018
auto.tcl: Setting watchdog for 200 seconds at Wed May 09 01:01:26 UTC 2018
28 ms. Memory: 331264K Free: 300782K (91%)
ptolemy.util.test.WatchDog.cancel(): canceling Wed May 09 01:01:26 UTC 2018
------------------ testing $PTII/ptolemy/domains/de/test/auto/Modal2.xml
auto.tcl: Setting watchdog for 200 seconds at Wed May 09 01:01:26 UTC 2018
17 ms. Memory: 331264K Free: 309521K (93%)
ptolemy.util.test.WatchDog.cancel(): canceling Wed May 09 01:01:26 UTC 2018
auto.tcl: Setting watchdog for 200 seconds at Wed May 09 01:01:26 UTC 2018
17 ms. Memory: 331264K Free: 305561K (92%)
ptolemy.util.test.WatchDog.cancel(): canceling Wed May 09 01:01:26 UTC 2018
------------------ testing $PTII/ptolemy/domains/de/test/auto/Modal3.xml
auto.tcl: Setting watchdog for 200 seconds at Wed May 09 01:01:26 UTC 2018
10 ms. Memory: 331264K Free: 309812K (94%)
ptolemy.util.test.WatchDog.cancel(): canceling Wed May 09 01:01:26 UTC 2018
auto.tcl: Setting watchdog for 200 seconds at Wed May 09 01:01:26 UTC 2018
10 ms. Memory: 331264K Free: 305853K (92%)
ptolemy.util.test.WatchDog.cancel(): canceling Wed May 09 01:01:26 UTC 2018
------------------ testing $PTII/ptolemy/domains/de/test/auto/Modal4.xml
auto.tcl: Setting watchdog for 200 seconds at Wed May 09 01:01:26 UTC 2018
22 ms. Memory: 331264K Free: 309532K (93%)
ptolemy.util.test.WatchDog.cancel(): canceling Wed May 09 01:01:26 UTC 2018
auto.tcl: Setting watchdog for 200 seconds at Wed May 09 01:01:26 UTC 2018
19 ms. Memory: 331264K Free: 305573K (92%)
ptolemy.util.test.WatchDog.cancel(): canceling Wed May 09 01:01:26 UTC 2018
------------------ testing $PTII/ptolemy/domains/de/test/auto/Modal5.xml
auto.tcl: Setting watchdog for 200 seconds at Wed May 09 01:01:26 UTC 2018
16 ms. Memory: 331264K Free: 309520K (93%)
ptolemy.util.test.WatchDog.cancel(): canceling Wed May 09 01:01:26 UTC 2018
auto.tcl: Setting watchdog for 200 seconds at Wed May 09 01:01:26 UTC 2018
20 ms. Memory: 331264K Free: 305561K (92%)
ptolemy.util.test.WatchDog.cancel(): canceling Wed May 09 01:01:26 UTC 2018
------------------ testing $PTII/ptolemy/domains/de/test/auto/Modal6.xml
auto.tcl: Setting watchdog for 200 seconds at Wed May 09 01:01:26 UTC 2018
15 ms. Memory: 331264K Free: 309517K (93%)
ptolemy.util.test.WatchDog.cancel(): canceling Wed May 09 01:01:26 UTC 2018
auto.tcl: Setting watchdog for 200 seconds at Wed May 09 01:01:26 UTC 2018
16 ms. Memory: 331264K Free: 305558K (92%)
ptolemy.util.test.WatchDog.cancel(): canceling Wed May 09 01:01:26 UTC 2018
------------------ testing $PTII/ptolemy/domains/de/test/auto/Modal7.xml
auto.tcl: Setting watchdog for 200 seconds at Wed May 09 01:01:26 UTC 2018
22 ms. Memory: 331264K Free: 309517K (93%)
ptolemy.util.test.WatchDog.cancel(): canceling Wed May 09 01:01:27 UTC 2018
auto.tcl: Setting watchdog for 200 seconds at Wed May 09 01:01:27 UTC 2018
12 ms. Memory: 331264K Free: 305558K (92%)
ptolemy.util.test.WatchDog.cancel(): canceling Wed May 09 01:01:27 UTC 2018
------------------ testing $PTII/ptolemy/domains/de/test/auto/ModalModel.xml
auto.tcl: Setting watchdog for 200 seconds at Wed May 09 01:01:27 UTC 2018
195 ms. Memory: 331264K Free: 245998K (74%)
ptolemy.util.test.WatchDog.cancel(): canceling Wed May 09 01:01:27 UTC 2018
auto.tcl: Setting watchdog for 200 seconds at Wed May 09 01:01:27 UTC 2018
182 ms. Memory: 331264K Free: 190554K (58%)
ptolemy.util.test.WatchDog.cancel(): canceling Wed May 09 01:01:27 UTC 2018
------------------ testing $PTII/ptolemy/domains/de/test/auto/ModalSource.xml
auto.tcl: Setting watchdog for 200 seconds at Wed May 09 01:01:27 UTC 2018
6 ms. Memory: 331264K Free: 316306K (95%)
ptolemy.util.test.WatchDog.cancel(): canceling Wed May 09 01:01:27 UTC 2018
auto.tcl: Setting watchdog for 200 seconds at Wed May 09 01:01:27 UTC 2018
6 ms. Memory: 331264K Free: 312783K (94%)
ptolemy.util.test.WatchDog.cancel(): canceling Wed May 09 01:01:27 UTC 2018
------------------ testing $PTII/ptolemy/domains/de/test/auto/NonInterruptibleTimerZeroDelay.xml
auto.tcl: Setting watchdog for 200 seconds at Wed May 09 01:01:27 UTC 2018
4 ms. Memory: 331264K Free: 320684K (97%)
ptolemy.util.test.WatchDog.cancel(): canceling Wed May 09 01:01:27 UTC 2018
auto.tcl: Setting watchdog for 200 seconds at Wed May 09 01:01:27 UTC 2018
3 ms. Memory: 331264K Free: 317144K (96%)
ptolemy.util.test.WatchDog.cancel(): canceling Wed May 09 01:01:27 UTC 2018
------------------ testing $PTII/ptolemy/domains/de/test/auto/OpenQueueingNetwork.xml
auto.tcl: Setting watchdog for 200 seconds at Wed May 09 01:01:27 UTC 2018
2801 ms. Memory: 317952K Free: 149964K (47%)
ptolemy.util.test.WatchDog.cancel(): canceling Wed May 09 01:01:30 UTC 2018
auto.tcl: Setting watchdog for 200 seconds at Wed May 09 01:01:30 UTC 2018
2385 ms. Memory: 287232K Free: 211205K (74%)
ptolemy.util.test.WatchDog.cancel(): canceling Wed May 09 01:01:33 UTC 2018
------------------ testing $PTII/ptolemy/domains/de/test/auto/OpenQueuingNetwork.xml
auto.tcl: Setting watchdog for 200 seconds at Wed May 09 01:01:33 UTC 2018
248 ms. Memory: 287232K Free: 187485K (65%)
ptolemy.util.test.WatchDog.cancel(): canceling Wed May 09 01:01:33 UTC 2018
auto.tcl: Setting watchdog for 200 seconds at Wed May 09 01:01:33 UTC 2018
231 ms. Memory: 287232K Free: 127382K (44%)
ptolemy.util.test.WatchDog.cancel(): canceling Wed May 09 01:01:33 UTC 2018
------------------ testing $PTII/ptolemy/domains/de/test/auto/PeriodicSampler.xml
auto.tcl: Setting watchdog for 200 seconds at Wed May 09 01:01:33 UTC 2018
2 ms. Memory: 289792K Free: 274672K (95%)
ptolemy.util.test.WatchDog.cancel(): canceling Wed May 09 01:01:33 UTC 2018
auto.tcl: Setting watchdog for 200 seconds at Wed May 09 01:01:33 UTC 2018
2 ms. Memory: 289792K Free: 274672K (95%)
ptolemy.util.test.WatchDog.cancel(): canceling Wed May 09 01:01:33 UTC 2018
------------------ testing $PTII/ptolemy/domains/de/test/auto/PersistentIO.xml
auto.tcl: Setting watchdog for 200 seconds at Wed May 09 01:01:33 UTC 2018
5 ms. Memory: 287232K Free: 266921K (93%)
ptolemy.util.test.WatchDog.cancel(): canceling Wed May 09 01:01:33 UTC 2018
auto.tcl: Setting watchdog for 200 seconds at Wed May 09 01:01:33 UTC 2018
3 ms. Memory: 287232K Free: 266921K (93%)
ptolemy.util.test.WatchDog.cancel(): canceling Wed May 09 01:01:33 UTC 2018
------------------ testing $PTII/ptolemy/domains/de/test/auto/PortParameterResetOnInitialize.xml
auto.tcl: Setting watchdog for 200 seconds at Wed May 09 01:01:33 UTC 2018
3 ms. Memory: 289280K Free: 274520K (95%)
ptolemy.util.test.WatchDog.cancel(): canceling Wed May 09 01:01:33 UTC 2018
auto.tcl: Setting watchdog for 200 seconds at Wed May 09 01:01:33 UTC 2018
2 ms. Memory: 289280K Free: 274520K (95%)
ptolemy.util.test.WatchDog.cancel(): canceling Wed May 09 01:01:33 UTC 2018
------------------ testing $PTII/ptolemy/domains/de/test/auto/PortParameterUpdates.xml
auto.tcl: Setting watchdog for 200 seconds at Wed May 09 01:01:34 UTC 2018
4 ms. Memory: 287232K Free: 272605K (95%)
ptolemy.util.test.WatchDog.cancel(): canceling Wed May 09 01:01:34 UTC 2018
auto.tcl: Setting watchdog for 200 seconds at Wed May 09 01:01:34 UTC 2018
4 ms. Memory: 287232K Free: 269717K (94%)
ptolemy.util.test.WatchDog.cancel(): canceling Wed May 09 01:01:34 UTC 2018
------------------ testing $PTII/ptolemy/domains/de/test/auto/QueueAndServer.xml
auto.tcl: Setting watchdog for 200 seconds at Wed May 09 01:01:34 UTC 2018
14 ms. Memory: 289280K Free: 273771K (95%)
ptolemy.util.test.WatchDog.cancel(): canceling Wed May 09 01:01:34 UTC 2018
auto.tcl: Setting watchdog for 200 seconds at Wed May 09 01:01:34 UTC 2018
7 ms. Memory: 289280K Free: 273771K (95%)
ptolemy.util.test.WatchDog.cancel(): canceling Wed May 09 01:01:34 UTC 2018
------------------ testing $PTII/ptolemy/domains/de/test/auto/Records.xml
auto.tcl: Setting watchdog for 200 seconds at Wed May 09 01:01:34 UTC 2018
9 ms. Memory: 287232K Free: 274568K (96%)
ptolemy.util.test.WatchDog.cancel(): canceling Wed May 09 01:01:34 UTC 2018
auto.tcl: Setting watchdog for 200 seconds at Wed May 09 01:01:34 UTC 2018
2 ms. Memory: 287232K Free: 274568K (96%)
ptolemy.util.test.WatchDog.cancel(): canceling Wed May 09 01:01:34 UTC 2018
------------------ testing $PTII/ptolemy/domains/de/test/auto/ResetTransitionWithStartTime1.xml
auto.tcl: Setting watchdog for 200 seconds at Wed May 09 01:01:34 UTC 2018
19 ms. Memory: 288768K Free: 273223K (95%)
ptolemy.util.test.WatchDog.cancel(): canceling Wed May 09 01:01:34 UTC 2018
auto.tcl: Setting watchdog for 200 seconds at Wed May 09 01:01:34 UTC 2018
6 ms. Memory: 288768K Free: 270319K (94%)
ptolemy.util.test.WatchDog.cancel(): canceling Wed May 09 01:01:34 UTC 2018
------------------ testing $PTII/ptolemy/domains/de/test/auto/ResetTransitionWithStartTime2.xml
auto.tcl: Setting watchdog for 200 seconds at Wed May 09 01:01:34 UTC 2018
6 ms. Memory: 287232K Free: 271786K (95%)
ptolemy.util.test.WatchDog.cancel(): canceling Wed May 09 01:01:34 UTC 2018
auto.tcl: Setting watchdog for 200 seconds at Wed May 09 01:01:34 UTC 2018
4 ms. Memory: 287232K Free: 268883K (94%)
ptolemy.util.test.WatchDog.cancel(): canceling Wed May 09 01:01:34 UTC 2018
------------------ testing $PTII/ptolemy/domains/de/test/auto/ResetTransitionWithStartTime3.xml
auto.tcl: Setting watchdog for 200 seconds at Wed May 09 01:01:34 UTC 2018
13 ms. Memory: 288768K Free: 273220K (95%)
ptolemy.util.test.WatchDog.cancel(): canceling Wed May 09 01:01:34 UTC 2018
auto.tcl: Setting watchdog for 200 seconds at Wed May 09 01:01:34 UTC 2018
6 ms. Memory: 288768K Free: 270317K (94%)
ptolemy.util.test.WatchDog.cancel(): canceling Wed May 09 01:01:34 UTC 2018
------------------ testing $PTII/ptolemy/domains/de/test/auto/ResetTransitionWithStartTime4.xml
auto.tcl: Setting watchdog for 200 seconds at Wed May 09 01:01:34 UTC 2018
5 ms. Memory: 287232K Free: 271691K (95%)
ptolemy.util.test.WatchDog.cancel(): canceling Wed May 09 01:01:34 UTC 2018
auto.tcl: Setting watchdog for 200 seconds at Wed May 09 01:01:34 UTC 2018
4 ms. Memory: 287232K Free: 271691K (95%)
ptolemy.util.test.WatchDog.cancel(): canceling Wed May 09 01:01:34 UTC 2018
------------------ testing $PTII/ptolemy/domains/de/test/auto/ResettableTimer1.xml
auto.tcl: Setting watchdog for 200 seconds at Wed May 09 01:01:34 UTC 2018
3 ms. Memory: 288768K Free: 276125K (96%)
ptolemy.util.test.WatchDog.cancel(): canceling Wed May 09 01:01:34 UTC 2018
auto.tcl: Setting watchdog for 200 seconds at Wed May 09 01:01:34 UTC 2018
2 ms. Memory: 288768K Free: 276125K (96%)
ptolemy.util.test.WatchDog.cancel(): canceling Wed May 09 01:01:34 UTC 2018
------------------ testing $PTII/ptolemy/domains/de/test/auto/ResettableTimer2.xml
auto.tcl: Setting watchdog for 200 seconds at Wed May 09 01:01:34 UTC 2018
3 ms. Memory: 287232K Free: 274733K (96%)
ptolemy.util.test.WatchDog.cancel(): canceling Wed May 09 01:01:34 UTC 2018
auto.tcl: Setting watchdog for 200 seconds at Wed May 09 01:01:34 UTC 2018
2 ms. Memory: 287232K Free: 274733K (96%)
ptolemy.util.test.WatchDog.cancel(): canceling Wed May 09 01:01:34 UTC 2018
------------------ testing $PTII/ptolemy/domains/de/test/auto/ResettableTimer3.xml
auto.tcl: Setting watchdog for 200 seconds at Wed May 09 01:01:34 UTC 2018
1 ms. Memory: 288256K Free: 275672K (96%)
ptolemy.util.test.WatchDog.cancel(): canceling Wed May 09 01:01:34 UTC 2018
auto.tcl: Setting watchdog for 200 seconds at Wed May 09 01:01:34 UTC 2018
1 ms. Memory: 288256K Free: 275672K (96%)
ptolemy.util.test.WatchDog.cancel(): canceling Wed May 09 01:01:34 UTC 2018
------------------ testing $PTII/ptolemy/domains/de/test/auto/ResettableTimer4.xml
auto.tcl: Setting watchdog for 200 seconds at Wed May 09 01:01:34 UTC 2018
3 ms. Memory: 287232K Free: 274761K (96%)
ptolemy.util.test.WatchDog.cancel(): canceling Wed May 09 01:01:34 UTC 2018
auto.tcl: Setting watchdog for 200 seconds at Wed May 09 01:01:34 UTC 2018
1 ms. Memory: 287232K Free: 274761K (96%)
ptolemy.util.test.WatchDog.cancel(): canceling Wed May 09 01:01:34 UTC 2018
------------------ testing $PTII/ptolemy/domains/de/test/auto/ResettableTimer5.xml
auto.tcl: Setting watchdog for 200 seconds at Wed May 09 01:01:34 UTC 2018
2 ms. Memory: 288256K Free: 273710K (95%)
ptolemy.util.test.WatchDog.cancel(): canceling Wed May 09 01:01:34 UTC 2018
auto.tcl: Setting watchdog for 200 seconds at Wed May 09 01:01:34 UTC 2018
1 ms. Memory: 288256K Free: 273710K (95%)
ptolemy.util.test.WatchDog.cancel(): canceling Wed May 09 01:01:34 UTC 2018
------------------ testing $PTII/ptolemy/domains/de/test/auto/ResettableTimer6.xml
auto.tcl: Setting watchdog for 200 seconds at Wed May 09 01:01:34 UTC 2018
2 ms. Memory: 287232K Free: 272550K (95%)
ptolemy.util.test.WatchDog.cancel(): canceling Wed May 09 01:01:34 UTC 2018
auto.tcl: Setting watchdog for 200 seconds at Wed May 09 01:01:34 UTC 2018
1 ms. Memory: 287232K Free: 272550K (95%)
ptolemy.util.test.WatchDog.cancel(): canceling Wed May 09 01:01:34 UTC 2018
------------------ testing $PTII/ptolemy/domains/de/test/auto/ServerZeroDelay.xml
auto.tcl: Setting watchdog for 200 seconds at Wed May 09 01:01:34 UTC 2018
2 ms. Memory: 288256K Free: 275607K (96%)
ptolemy.util.test.WatchDog.cancel(): canceling Wed May 09 01:01:34 UTC 2018
auto.tcl: Setting watchdog for 200 seconds at Wed May 09 01:01:34 UTC 2018
3 ms. Memory: 288256K Free: 275607K (96%)
ptolemy.util.test.WatchDog.cancel(): canceling Wed May 09 01:01:34 UTC 2018
------------------ testing $PTII/ptolemy/domains/de/test/auto/SmartSender.xml
auto.tcl: Setting watchdog for 200 seconds at Wed May 09 01:01:35 UTC 2018
3002 ms. Memory: 287232K Free: 274686K (96%)
ptolemy.util.test.WatchDog.cancel(): canceling Wed May 09 01:01:38 UTC 2018
auto.tcl: Setting watchdog for 200 seconds at Wed May 09 01:01:38 UTC 2018
3001 ms. Memory: 287232K Free: 274686K (96%)
ptolemy.util.test.WatchDog.cancel(): canceling Wed May 09 01:01:41 UTC 2018
------------------ testing $PTII/ptolemy/domains/de/test/auto/ThreadedComposite.xml
auto.tcl: Setting watchdog for 200 seconds at Wed May 09 01:01:41 UTC 2018
239 ms. Memory: 288256K Free: 252537K (88%)
ptolemy.util.test.WatchDog.cancel(): canceling Wed May 09 01:01:41 UTC 2018
auto.tcl: Setting watchdog for 200 seconds at Wed May 09 01:01:41 UTC 2018
136 ms. Memory: 288256K Free: 234412K (81%)
ptolemy.util.test.WatchDog.cancel(): canceling Wed May 09 01:01:41 UTC 2018
------------------ testing $PTII/ptolemy/domains/de/test/auto/Time.xml
auto.tcl: Setting watchdog for 200 seconds at Wed May 09 01:01:41 UTC 2018
526 ms. Memory: 287232K Free: 222846K (78%)
ptolemy.util.test.WatchDog.cancel(): canceling Wed May 09 01:01:42 UTC 2018
auto.tcl: Setting watchdog for 200 seconds at Wed May 09 01:01:42 UTC 2018
505 ms. Memory: 287232K Free: 170870K (59%)
ptolemy.util.test.WatchDog.cancel(): canceling Wed May 09 01:01:42 UTC 2018
------------------ testing $PTII/ptolemy/domains/de/test/auto/TimeDelayZeroDelay.xml
auto.tcl: Setting watchdog for 200 seconds at Wed May 09 01:01:42 UTC 2018
2 ms. Memory: 287744K Free: 275648K (96%)
ptolemy.util.test.WatchDog.cancel(): canceling Wed May 09 01:01:42 UTC 2018
auto.tcl: Setting watchdog for 200 seconds at Wed May 09 01:01:42 UTC 2018
2 ms. Memory: 287744K Free: 275648K (96%)
ptolemy.util.test.WatchDog.cancel(): canceling Wed May 09 01:01:42 UTC 2018
------------------ testing $PTII/ptolemy/domains/de/test/auto/TimerZeroDelay.xml
auto.tcl: Setting watchdog for 200 seconds at Wed May 09 01:01:42 UTC 2018
3 ms. Memory: 287232K Free: 275245K (96%)
ptolemy.util.test.WatchDog.cancel(): canceling Wed May 09 01:01:42 UTC 2018
auto.tcl: Setting watchdog for 200 seconds at Wed May 09 01:01:42 UTC 2018
2 ms. Memory: 287232K Free: 275245K (96%)
ptolemy.util.test.WatchDog.cancel(): canceling Wed May 09 01:01:42 UTC 2018
------------------ testing $PTII/ptolemy/domains/de/test/auto/TimingParadox.xml
auto.tcl: Setting watchdog for 200 seconds at Wed May 09 01:01:42 UTC 2018
350 ms. Memory: 287744K Free: 209586K (73%)
ptolemy.util.test.WatchDog.cancel(): canceling Wed May 09 01:01:43 UTC 2018
auto.tcl: Setting watchdog for 200 seconds at Wed May 09 01:01:43 UTC 2018
305 ms. Memory: 287744K Free: 173372K (60%)
ptolemy.util.test.WatchDog.cancel(): canceling Wed May 09 01:01:43 UTC 2018
------------------ testing $PTII/ptolemy/domains/de/test/auto/TransferInputs.xml
auto.tcl: Setting watchdog for 200 seconds at Wed May 09 01:01:43 UTC 2018
8 ms. Memory: 287744K Free: 274652K (95%)
ptolemy.util.test.WatchDog.cancel(): canceling Wed May 09 01:01:43 UTC 2018
auto.tcl: Setting watchdog for 200 seconds at Wed May 09 01:01:43 UTC 2018
2 ms. Memory: 287744K Free: 274652K (95%)
ptolemy.util.test.WatchDog.cancel(): canceling Wed May 09 01:01:43 UTC 2018
------------------ testing $PTII/ptolemy/domains/de/test/auto/TransferOutputs2.xml
auto.tcl: Setting watchdog for 200 seconds at Wed May 09 01:01:43 UTC 2018
3 ms. Memory: 287232K Free: 272642K (95%)
ptolemy.util.test.WatchDog.cancel(): canceling Wed May 09 01:01:43 UTC 2018
auto.tcl: Setting watchdog for 200 seconds at Wed May 09 01:01:43 UTC 2018
3 ms. Memory: 287232K Free: 270026K (94%)
ptolemy.util.test.WatchDog.cancel(): canceling Wed May 09 01:01:43 UTC 2018
------------------ testing $PTII/ptolemy/domains/de/test/auto/Trilateration.xml
auto.tcl: Setting watchdog for 200 seconds at Wed May 09 01:01:43 UTC 2018
13931 ms. Memory: 473088K Free: 266790K (56%)
ptolemy.util.test.WatchDog.cancel(): canceling Wed May 09 01:01:58 UTC 2018
auto.tcl: Setting watchdog for 200 seconds at Wed May 09 01:01:58 UTC 2018
12857 ms. Memory: 352256K Free: 208117K (59%)
ptolemy.util.test.WatchDog.cancel(): canceling Wed May 09 01:02:11 UTC 2018
------------------ testing $PTII/ptolemy/domains/de/test/auto/TwoSigmaDelta.xml
auto.tcl: Setting watchdog for 200 seconds at Wed May 09 01:02:11 UTC 2018
2836 ms. Memory: 339968K Free: 303084K (89%)
ptolemy.util.test.WatchDog.cancel(): canceling Wed May 09 01:02:14 UTC 2018
auto.tcl: Setting watchdog for 200 seconds at Wed May 09 01:02:14 UTC 2018
2153 ms. Memory: 339968K Free: 68016K (20%)
ptolemy.util.test.WatchDog.cancel(): canceling Wed May 09 01:02:16 UTC 2018
------------------ testing $PTII/ptolemy/domains/de/test/auto/VariableDelay.xml
auto.tcl: Setting watchdog for 200 seconds at Wed May 09 01:02:16 UTC 2018
2 ms. Memory: 337408K Free: 325719K (97%)
ptolemy.util.test.WatchDog.cancel(): canceling Wed May 09 01:02:16 UTC 2018
auto.tcl: Setting watchdog for 200 seconds at Wed May 09 01:02:16 UTC 2018
2 ms. Memory: 337408K Free: 321856K (95%)
ptolemy.util.test.WatchDog.cancel(): canceling Wed May 09 01:02:16 UTC 2018
------------------ testing $PTII/ptolemy/domains/de/test/auto/VariableDelay2.xml
auto.tcl: Setting watchdog for 200 seconds at Wed May 09 01:02:17 UTC 2018
2 ms. Memory: 339456K Free: 328177K (97%)
ptolemy.util.test.WatchDog.cancel(): canceling Wed May 09 01:02:17 UTC 2018
auto.tcl: Setting watchdog for 200 seconds at Wed May 09 01:02:17 UTC 2018
2 ms. Memory: 339456K Free: 324314K (96%)
ptolemy.util.test.WatchDog.cancel(): canceling Wed May 09 01:02:17 UTC 2018
------------------ testing $PTII/ptolemy/domains/de/test/auto/VariableDelayZeroDelay.xml
auto.tcl: Setting watchdog for 200 seconds at Wed May 09 01:02:17 UTC 2018
2 ms. Memory: 337408K Free: 323569K (96%)
ptolemy.util.test.WatchDog.cancel(): canceling Wed May 09 01:02:17 UTC 2018
auto.tcl: Setting watchdog for 200 seconds at Wed May 09 01:02:17 UTC 2018
2 ms. Memory: 337408K Free: 319722K (95%)
ptolemy.util.test.WatchDog.cancel(): canceling Wed May 09 01:02:17 UTC 2018
------------------ testing $PTII/ptolemy/domains/de/test/auto/VariableDelayZeroDelay2.xml
auto.tcl: Setting watchdog for 200 seconds at Wed May 09 01:02:17 UTC 2018
2 ms. Memory: 339456K Free: 325615K (96%)
ptolemy.util.test.WatchDog.cancel(): canceling Wed May 09 01:02:17 UTC 2018
auto.tcl: Setting watchdog for 200 seconds at Wed May 09 01:02:17 UTC 2018
2 ms. Memory: 339456K Free: 321760K (95%)
ptolemy.util.test.WatchDog.cancel(): canceling Wed May 09 01:02:17 UTC 2018
------------------ testing $PTII/ptolemy/domains/de/test/auto/deInCt.xml
auto.tcl: Setting watchdog for 200 seconds at Wed May 09 01:02:17 UTC 2018
0
1
1
1
0
0
1
1
1
1
1
0
0
0
0
1
1
1
1
0
0
1
1
0
0
0
1
1
1
1
1
0
0
0
0
5 ms. Memory: 337408K Free: 319701K (95%)
ptolemy.util.test.WatchDog.cancel(): canceling Wed May 09 01:02:17 UTC 2018
auto.tcl: Setting watchdog for 200 seconds at Wed May 09 01:02:17 UTC 2018
0
1
1
1
0
0
0
1
1
1
0
0
0
0
1
1
1
1
1
0
0
0
0
0
0
0
0
4 ms. Memory: 337408K Free: 319701K (95%)
ptolemy.util.test.WatchDog.cancel(): canceling Wed May 09 01:02:17 UTC 2018
------------------ testing $PTII/ptolemy/domains/de/test/auto/deInCt2.xml
auto.tcl: Setting watchdog for 200 seconds at Wed May 09 01:02:17 UTC 2018
0
1
1
1
0
0
1
1
1
0
0
1
1
1
0
0
1
1
1
0
0
1
1
1
0
0
1
1
1
0
0
1
1
1
0
0
1
1
1
0
0
0
15 ms. Memory: 338944K Free: 321233K (95%)
ptolemy.util.test.WatchDog.cancel(): canceling Wed May 09 01:02:17 UTC 2018
auto.tcl: Setting watchdog for 200 seconds at Wed May 09 01:02:17 UTC 2018
0
1
1
1
0
0
1
1
1
0
0
1
1
1
0
0
1
1
1
0
0
1
1
1
0
0
1
1
1
0
0
1
1
1
0
0
1
1
1
0
0
0
9 ms. Memory: 338944K Free: 321233K (95%)
ptolemy.util.test.WatchDog.cancel(): canceling Wed May 09 01:02:17 UTC 2018
------------------ testing $PTII/ptolemy/domains/de/test/auto/dynamicCausalityInterface1.xml
auto.tcl: Setting watchdog for 200 seconds at Wed May 09 01:02:17 UTC 2018
1 ms. Memory: 337408K Free: 315849K (94%)
ptolemy.util.test.WatchDog.cancel(): canceling Wed May 09 01:02:17 UTC 2018
auto.tcl: Setting watchdog for 200 seconds at Wed May 09 01:02:17 UTC 2018
1 ms. Memory: 337408K Free: 315849K (94%)
ptolemy.util.test.WatchDog.cancel(): canceling Wed May 09 01:02:17 UTC 2018
------------------ testing $PTII/ptolemy/domains/de/test/auto/fsm_de_test.xml
auto.tcl: Setting watchdog for 200 seconds at Wed May 09 01:02:17 UTC 2018
7 ms. Memory: 338944K Free: 317265K (94%)
ptolemy.util.test.WatchDog.cancel(): canceling Wed May 09 01:02:17 UTC 2018
auto.tcl: Setting watchdog for 200 seconds at Wed May 09 01:02:17 UTC 2018
6 ms. Memory: 338944K Free: 317265K (94%)
ptolemy.util.test.WatchDog.cancel(): canceling Wed May 09 01:02:17 UTC 2018
------------------ testing $PTII/ptolemy/domains/de/test/auto/functionDependencyReconstruction.xml
auto.tcl: Setting watchdog for 200 seconds at Wed May 09 01:02:17 UTC 2018
3 ms. Memory: 337408K Free: 311888K (92%)
ptolemy.util.test.WatchDog.cancel(): canceling Wed May 09 01:02:17 UTC 2018
auto.tcl: Setting watchdog for 200 seconds at Wed May 09 01:02:17 UTC 2018
3 ms. Memory: 337408K Free: 308041K (91%)
ptolemy.util.test.WatchDog.cancel(): canceling Wed May 09 01:02:17 UTC 2018
------------------ testing $PTII/ptolemy/domains/de/test/auto/multirate.xml
auto.tcl: Setting watchdog for 200 seconds at Wed May 09 01:02:17 UTC 2018
8 ms. Memory: 338432K Free: 320499K (95%)
ptolemy.util.test.WatchDog.cancel(): canceling Wed May 09 01:02:17 UTC 2018
auto.tcl: Setting watchdog for 200 seconds at Wed May 09 01:02:17 UTC 2018
3 ms. Memory: 338432K Free: 320499K (95%)
ptolemy.util.test.WatchDog.cancel(): canceling Wed May 09 01:02:17 UTC 2018
------------------ testing $PTII/ptolemy/domains/de/test/auto/multirate2.xml
auto.tcl: Setting watchdog for 200 seconds at Wed May 09 01:02:17 UTC 2018
3 ms. Memory: 337408K Free: 319647K (95%)
ptolemy.util.test.WatchDog.cancel(): canceling Wed May 09 01:02:17 UTC 2018
auto.tcl: Setting watchdog for 200 seconds at Wed May 09 01:02:17 UTC 2018
3 ms. Memory: 337408K Free: 319647K (95%)
ptolemy.util.test.WatchDog.cancel(): canceling Wed May 09 01:02:17 UTC 2018
------------------ testing $PTII/ptolemy/domains/de/test/auto/realtime.xml
auto.tcl: Setting watchdog for 200 seconds at Wed May 09 01:02:17 UTC 2018
10002 ms. Memory: 338432K Free: 320674K (95%)
ptolemy.util.test.WatchDog.cancel(): canceling Wed May 09 01:02:27 UTC 2018
auto.tcl: Setting watchdog for 200 seconds at Wed May 09 01:02:27 UTC 2018
10001 ms. Memory: 338432K Free: 320674K (95%)
ptolemy.util.test.WatchDog.cancel(): canceling Wed May 09 01:02:37 UTC 2018
------------------ testing $PTII/ptolemy/domains/de/test/auto/relationGroup.xml
auto.tcl: Setting watchdog for 200 seconds at Wed May 09 01:02:37 UTC 2018
11 ms. Memory: 337408K Free: 323535K (96%)
ptolemy.util.test.WatchDog.cancel(): canceling Wed May 09 01:02:37 UTC 2018
auto.tcl: Setting watchdog for 200 seconds at Wed May 09 01:02:37 UTC 2018
1 ms. Memory: 337408K Free: 323535K (96%)
ptolemy.util.test.WatchDog.cancel(): canceling Wed May 09 01:02:37 UTC 2018
------------------ testing $PTII/ptolemy/domains/de/test/auto/relationGroup2.xml
auto.tcl: Setting watchdog for 200 seconds at Wed May 09 01:02:37 UTC 2018
1 ms. Memory: 338432K Free: 324585K (96%)
ptolemy.util.test.WatchDog.cancel(): canceling Wed May 09 01:02:37 UTC 2018
auto.tcl: Setting watchdog for 200 seconds at Wed May 09 01:02:37 UTC 2018
1 ms. Memory: 338432K Free: 324585K (96%)
ptolemy.util.test.WatchDog.cancel(): canceling Wed May 09 01:02:37 UTC 2018
------------------ testing $PTII/ptolemy/domains/de/test/auto/sortWithOpaquePorts.xml
auto.tcl: Setting watchdog for 200 seconds at Wed May 09 01:02:37 UTC 2018
1 ms. Memory: 337408K Free: 326123K (97%)
ptolemy.util.test.WatchDog.cancel(): canceling Wed May 09 01:02:37 UTC 2018
auto.tcl: Setting watchdog for 200 seconds at Wed May 09 01:02:37 UTC 2018
2 ms. Memory: 337408K Free: 322268K (96%)
ptolemy.util.test.WatchDog.cancel(): canceling Wed May 09 01:02:37 UTC 2018
------------------ testing $PTII/ptolemy/domains/de/test/auto/transferInputsandOutputs.xml
auto.tcl: Setting watchdog for 200 seconds at Wed May 09 01:02:38 UTC 2018
1 ms. Memory: 337920K Free: 320199K (95%)
ptolemy.util.test.WatchDog.cancel(): canceling Wed May 09 01:02:38 UTC 2018
auto.tcl: Setting watchdog for 200 seconds at Wed May 09 01:02:38 UTC 2018
2 ms. Memory: 337920K Free: 320199K (95%)
ptolemy.util.test.WatchDog.cancel(): canceling Wed May 09 01:02:38 UTC 2018
------------------ testing $PTII/ptolemy/domains/de/test/auto/triggerType.xml
auto.tcl: Setting watchdog for 200 seconds at Wed May 09 01:02:38 UTC 2018
1 ms. Memory: 337408K Free: 323500K (96%)
ptolemy.util.test.WatchDog.cancel(): canceling Wed May 09 01:02:38 UTC 2018
auto.tcl: Setting watchdog for 200 seconds at Wed May 09 01:02:38 UTC 2018
1 ms. Memory: 337408K Free: 319637K (95%)
ptolemy.util.test.WatchDog.cancel(): canceling Wed May 09 01:02:38 UTC 2018
05/09/18 01:02:38
Failed: 0  Total Tests: 192  ((Passed: 187, Newly Passed: 1)  Known Failed: 5) /home/travis/build/icyphy/ptII/ptolemy/domains/de/test
05/09/18 01:02:38
Failed: 0  Total Tests: 192  ((Passed: 187, Newly Passed: 1)  Known Failed: 5) /home/travis/build/icyphy/ptII/ptolemy/domains/de/test
----------------- testing (KnownFailure) /home/travis/build/icyphy/ptII/ptolemy/domains/de/test/auto/knownFailedTests/DESDFClockTest.xml
2011 ms. Memory: 337920K Free: 313810K (93%)
Known Failure: java.lang.reflect.InvocationTargetException
----------------- testing (KnownFailure) /home/travis/build/icyphy/ptII/ptolemy/domains/de/test/auto/knownFailedTests/DirectFeedback.xml
2 ms. Memory: 337920K Free: 293330K (87%)
Known Failure: java.lang.reflect.InvocationTargetException
----------------- testing (KnownFailure) /home/travis/build/icyphy/ptII/ptolemy/domains/de/test/auto/knownFailedTests/FSMSource.xml
8 ms. Memory: 337920K Free: 267713K (79%)
----------------- testing (KnownFailure) /home/travis/build/icyphy/ptII/ptolemy/domains/de/test/auto/knownFailedTests/HierarchicalModel.xml
3 ms. Memory: 337920K Free: 242077K (72%)
Known Failure: java.lang.reflect.InvocationTargetException
----------------- testing (KnownFailure) /home/travis/build/icyphy/ptII/ptolemy/domains/de/test/auto/knownFailedTests/dependencyLoop.xml
2 ms. Memory: 337920K Free: 211341K (63%)
Known Failure: java.lang.reflect.InvocationTargetException
----------------- testing (KnownFailure) /home/travis/build/icyphy/ptII/ptolemy/domains/de/test/auto/knownFailedTests/dependencyLoop2.xml
2 ms. Memory: 337920K Free: 180604K (53%)
Known Failure: java.lang.reflect.InvocationTargetException
No auto/*.xml tests in /home/travis/build/icyphy/ptII/ptolemy/domains/de/test
AutoTests.java: About to close Vertx.
AutoTests.java: Vertx closed.
----------------- testing Wed May 09 01:02:40 UTC 2018 /home/travis/build/icyphy/ptII/ptolemy/domains/de/test/auto/ActorDepthCalculation_actorWithoutPorts.xml
----------------- Instantiating /home/travis/build/icyphy/ptII/ptolemy/domains/de/test/auto/ActorDepthCalculation_actorWithoutPorts.xml
2 ms. Memory: 337920K Free: 155004K (46%)
----------------- Invoking toplevel() on ptolemy.moml.MoMLSimpleApplication@41f368cd
----------------- Done invoking toplevel() on ptolemy.moml.MoMLSimpleApplication@41f368cd
reloadAllAccessors: .ActorDepthCalculation_actorWithoutPorts
----------------- testing Wed May 09 01:02:40 UTC 2018 /home/travis/build/icyphy/ptII/ptolemy/domains/de/test/auto/AssemblyLine.xml
----------------- Instantiating /home/travis/build/icyphy/ptII/ptolemy/domains/de/test/auto/AssemblyLine.xml
3 ms. Memory: 337920K Free: 139644K (41%)
----------------- Invoking toplevel() on ptolemy.moml.MoMLSimpleApplication@3506c9b
----------------- Done invoking toplevel() on ptolemy.moml.MoMLSimpleApplication@3506c9b
reloadAllAccessors: .AssemblyLine
----------------- testing Wed May 09 01:02:40 UTC 2018 /home/travis/build/icyphy/ptII/ptolemy/domains/de/test/auto/CQBug1.xml
----------------- Instantiating /home/travis/build/icyphy/ptII/ptolemy/domains/de/test/auto/CQBug1.xml
1 ms. Memory: 337920K Free: 129404K (38%)
----------------- Invoking toplevel() on ptolemy.moml.MoMLSimpleApplication@498c7206
----------------- Done invoking toplevel() on ptolemy.moml.MoMLSimpleApplication@498c7206
reloadAllAccessors: .CQBug1
----------------- testing Wed May 09 01:02:40 UTC 2018 /home/travis/build/icyphy/ptII/ptolemy/domains/de/test/auto/CancelFireAt.xml
----------------- Instantiating /home/travis/build/icyphy/ptII/ptolemy/domains/de/test/auto/CancelFireAt.xml
1 ms. Memory: 337920K Free: 119163K (35%)
----------------- Invoking toplevel() on ptolemy.moml.MoMLSimpleApplication@7bb92490
----------------- Done invoking toplevel() on ptolemy.moml.MoMLSimpleApplication@7bb92490
reloadAllAccessors: .CancelFireAt
----------------- testing Wed May 09 01:02:40 UTC 2018 /home/travis/build/icyphy/ptII/ptolemy/domains/de/test/auto/CausalityAndComposabilityAnalysis.xml
----------------- Instantiating /home/travis/build/icyphy/ptII/ptolemy/domains/de/test/auto/CausalityAndComposabilityAnalysis.xml
2 ms. Memory: 337920K Free: 108923K (32%)
----------------- Invoking toplevel() on ptolemy.moml.MoMLSimpleApplication@7d63f7cd
----------------- Done invoking toplevel() on ptolemy.moml.MoMLSimpleApplication@7d63f7cd
reloadAllAccessors: .CausalityAndComposabilityAnalysis
----------------- testing Wed May 09 01:02:40 UTC 2018 /home/travis/build/icyphy/ptII/ptolemy/domains/de/test/auto/CausalityInterface1.xml
----------------- Instantiating /home/travis/build/icyphy/ptII/ptolemy/domains/de/test/auto/CausalityInterface1.xml
5 ms. Memory: 337920K Free: 98683K (29%)
----------------- Invoking toplevel() on ptolemy.moml.MoMLSimpleApplication@6c50457c
----------------- Done invoking toplevel() on ptolemy.moml.MoMLSimpleApplication@6c50457c
reloadAllAccessors: .CausalityInterface1
----------------- testing Wed May 09 01:02:40 UTC 2018 /home/travis/build/icyphy/ptII/ptolemy/domains/de/test/auto/CausalityInterface15.xml
----------------- Instantiating /home/travis/build/icyphy/ptII/ptolemy/domains/de/test/auto/CausalityInterface15.xml
2 ms. Memory: 337920K Free: 84596K (25%)
----------------- Invoking toplevel() on ptolemy.moml.MoMLSimpleApplication@35c4d032
----------------- Done invoking toplevel() on ptolemy.moml.MoMLSimpleApplication@35c4d032
reloadAllAccessors: .CausalityInterface15
----------------- testing Wed May 09 01:02:40 UTC 2018 /home/travis/build/icyphy/ptII/ptolemy/domains/de/test/auto/CausalityInterface2.xml
----------------- Instantiating /home/travis/build/icyphy/ptII/ptolemy/domains/de/test/auto/CausalityInterface2.xml
2 ms. Memory: 337920K Free: 77033K (23%)
----------------- Invoking toplevel() on ptolemy.moml.MoMLSimpleApplication@22798941
----------------- Done invoking toplevel() on ptolemy.moml.MoMLSimpleApplication@22798941
reloadAllAccessors: .CausalityInterface2
----------------- testing Wed May 09 01:02:40 UTC 2018 /home/travis/build/icyphy/ptII/ptolemy/domains/de/test/auto/CausalityInterface3.xml
[...]
java.lang.RuntimeException: Execution failed
	at ptolemy.moml.MoMLSimpleApplication$UnloadThread.run(MoMLSimpleApplication.java:402)
Caused by: ptolemy.kernel.util.IllegalActionException: Test fails in iteration 1.
Value was: 1.0. Should have been: 2.0
  in .DirectFeedback.Test
	at ptolemy.actor.lib.Test.fire(Test.java:268)
	at ptolemy.domains.de.kernel.DEDirector._fire(DEDirector.java:1948)
	at ptolemy.domains.de.kernel.DEDirector.fire(DEDirector.java:502)
	at ptolemy.actor.CompositeActor.fire(CompositeActor.java:455)
	at ptolemy.actor.Manager.iterate(Manager.java:851)
	at ptolemy.actor.Manager.execute(Manager.java:369)
	at ptolemy.actor.Manager.run(Manager.java:1263)
	at ptolemy.actor.Manager$PtolemyRunThread.run(Manager.java:1915)
java.lang.RuntimeException: Execution failed
	at ptolemy.moml.MoMLSimpleApplication$UnloadThread.run(MoMLSimpleApplication.java:402)
Caused by: ptolemy.kernel.util.IllegalActionException: Actor is not ready to fire.  Perhaps UpSample.prefire() returned false? Try debugging the actor by selecting "Listen to Actor".  Also, for SDF check moml for tokenConsumptionRate on input.
  in .DESDFClockTest.Play Bell.Copy1:SDF Director and .DESDFClockTest.Play Bell.UpSample
	at ptolemy.actor.sched.StaticSchedulingDirector.fire(StaticSchedulingDirector.java:227)
	at ptolemy.domains.sdf.kernel.SDFDirector.fire(SDFDirector.java:500)
	at ptolemy.actor.CompositeActor.fire(CompositeActor.java:455)
	at ptolemy.domains.de.kernel.DEDirector._fire(DEDirector.java:1948)
	at ptolemy.domains.de.kernel.DEDirector.fire(DEDirector.java:502)
	at ptolemy.actor.CompositeActor.fire(CompositeActor.java:455)
	at ptolemy.actor.Manager.iterate(Manager.java:851)
	at ptolemy.actor.Manager.execute(Manager.java:369)
	at ptolemy.actor.Manager.run(Manager.java:1263)
	at ptolemy.actor.Manager$PtolemyRunThread.run(Manager.java:1915)
java.lang.reflect.InvocationTargetException
	at sun.reflect.NativeConstructorAccessorImpl.newInstance0(Native Method)
	at sun.reflect.NativeConstructorAccessorImpl.newInstance(NativeConstructorAccessorImpl.java:62)
	at sun.reflect.DelegatingConstructorAccessorImpl.newInstance(DelegatingConstructorAccessorImpl.java:45)
	at java.lang.reflect.Constructor.newInstance(Constructor.java:423)
	at ptolemy.util.test.junit.AutoKnownFailedTests.RunModel(AutoKnownFailedTests.java:107)
	at sun.reflect.NativeMethodAccessorImpl.invoke0(Native Method)
	at sun.reflect.NativeMethodAccessorImpl.invoke(NativeMethodAccessorImpl.java:62)
	at sun.reflect.DelegatingMethodAccessorImpl.invoke(DelegatingMethodAccessorImpl.java:43)
	at java.lang.reflect.Method.invoke(Method.java:498)
	at org.junit.runners.model.FrameworkMethod$1.runReflectiveCall(FrameworkMethod.java:44)
	at org.junit.internal.runners.model.ReflectiveCallable.run(ReflectiveCallable.java:15)
	at org.junit.runners.model.FrameworkMethod.invokeExplosively(FrameworkMethod.java:41)
	at junitparams.internal.InvokeParameterisedMethod.evaluate(InvokeParameterisedMethod.java:102)
	at org.junit.internal.runners.statements.FailOnTimeout$1.run(FailOnTimeout.java:28)
Caused by: ptolemy.kernel.util.IllegalActionException: Actor is not ready to fire.  Perhaps UpSample.prefire() returned false? Try debugging the actor by selecting "Listen to Actor".  Also, for SDF check moml for tokenConsumptionRate on input.
  in .DESDFClockTest.Play Bell.Copy1:SDF Director and .DESDFClockTest.Play Bell.UpSample
	at ptolemy.actor.sched.StaticSchedulingDirector.fire(StaticSchedulingDirector.java:227)
	at ptolemy.domains.sdf.kernel.SDFDirector.fire(SDFDirector.java:500)
	at ptolemy.actor.CompositeActor.fire(CompositeActor.java:455)
	at ptolemy.domains.de.kernel.DEDirector._fire(DEDirector.java:1948)
	at ptolemy.domains.de.kernel.DEDirector.fire(DEDirector.java:502)
	at ptolemy.actor.CompositeActor.fire(CompositeActor.java:455)
	at ptolemy.actor.Manager.iterate(Manager.java:851)
	at ptolemy.actor.Manager.execute(Manager.java:369)
	at ptolemy.actor.Manager.run(Manager.java:1263)
	at ptolemy.actor.Manager$PtolemyRunThread.run(Manager.java:1915)
java.lang.RuntimeException: Execution failed
	at ptolemy.moml.MoMLSimpleApplication$UnloadThread.run(MoMLSimpleApplication.java:402)
Caused by: ptolemy.kernel.util.IllegalActionException: Test fails in iteration 1.
Value was: 1.0. Should have been: 2.0
  in .DirectFeedback.Test
	at ptolemy.actor.lib.Test.fire(Test.java:268)
	at ptolemy.domains.de.kernel.DEDirector._fire(DEDirector.java:1948)
	at ptolemy.domains.de.kernel.DEDirector.fire(DEDirector.java:502)
	at ptolemy.actor.CompositeActor.fire(CompositeActor.java:455)
	at ptolemy.actor.Manager.iterate(Manager.java:851)
	at ptolemy.actor.Manager.execute(Manager.java:369)
	at ptolemy.actor.Manager.run(Manager.java:1263)
	at ptolemy.actor.Manager$PtolemyRunThread.run(Manager.java:1915)
java.lang.reflect.InvocationTargetException
	at sun.reflect.NativeConstructorAccessorImpl.newInstance0(Native Method)
	at sun.reflect.NativeConstructorAccessorImpl.newInstance(NativeConstructorAccessorImpl.java:62)
	at sun.reflect.DelegatingConstructorAccessorImpl.newInstance(DelegatingConstructorAccessorImpl.java:45)
	at java.lang.reflect.Constructor.newInstance(Constructor.java:423)
	at ptolemy.util.test.junit.AutoKnownFailedTests.RunModel(AutoKnownFailedTests.java:107)
	at sun.reflect.NativeMethodAccessorImpl.invoke0(Native Method)
	at sun.reflect.NativeMethodAccessorImpl.invoke(NativeMethodAccessorImpl.java:62)
	at sun.reflect.DelegatingMethodAccessorImpl.invoke(DelegatingMethodAccessorImpl.java:43)
	at java.lang.reflect.Method.invoke(Method.java:498)
	at org.junit.runners.model.FrameworkMethod$1.runReflectiveCall(FrameworkMethod.java:44)
	at org.junit.internal.runners.model.ReflectiveCallable.run(ReflectiveCallable.java:15)
	at org.junit.runners.model.FrameworkMethod.invokeExplosively(FrameworkMethod.java:41)
	at junitparams.internal.InvokeParameterisedMethod.evaluate(InvokeParameterisedMethod.java:102)
	at org.junit.internal.runners.statements.FailOnTimeout$1.run(FailOnTimeout.java:28)
Caused by: ptolemy.kernel.util.IllegalActionException: Test fails in iteration 1.
Value was: 1.0. Should have been: 2.0
  in .DirectFeedback.Test
	at ptolemy.actor.lib.Test.fire(Test.java:268)
	at ptolemy.domains.de.kernel.DEDirector._fire(DEDirector.java:1948)
	at ptolemy.domains.de.kernel.DEDirector.fire(DEDirector.java:502)
	at ptolemy.actor.CompositeActor.fire(CompositeActor.java:455)
	at ptolemy.actor.Manager.iterate(Manager.java:851)
	at ptolemy.actor.Manager.execute(Manager.java:369)
	at ptolemy.actor.Manager.run(Manager.java:1263)
	at ptolemy.actor.Manager$PtolemyRunThread.run(Manager.java:1915)
java.lang.RuntimeException: Execution failed
	at ptolemy.moml.MoMLSimpleApplication$UnloadThread.run(MoMLSimpleApplication.java:402)
Caused by: ptolemy.kernel.util.IllegalActionException: Found a zero delay loop containing .HierarchicalModel.A
  in .HierarchicalModel and .HierarchicalModel.A
	at ptolemy.actor.util.CausalityInterfaceForComposites._computeOutputPortDepth(CausalityInterfaceForComposites.java:759)
	at ptolemy.actor.util.CausalityInterfaceForComposites._computeInputDepth(CausalityInterfaceForComposites.java:696)
	at ptolemy.actor.util.CausalityInterfaceForComposites._computeOutputPortDepth(CausalityInterfaceForComposites.java:765)
	at ptolemy.actor.util.CausalityInterfaceForComposites._computeInputDepth(CausalityInterfaceForComposites.java:696)
	at ptolemy.actor.util.CausalityInterfaceForComposites._computeOutputPortDepth(CausalityInterfaceForComposites.java:765)
	at ptolemy.actor.util.CausalityInterfaceForComposites._computeInputDepth(CausalityInterfaceForComposites.java:696)
	at ptolemy.actor.util.CausalityInterfaceForComposites._computeActorDepth(CausalityInterfaceForComposites.java:532)
	at ptolemy.actor.util.CausalityInterfaceForComposites.checkForCycles(CausalityInterfaceForComposites.java:96)
	at ptolemy.domains.de.kernel.DEDirector.preinitialize(DEDirector.java:1337)
	at ptolemy.actor.CompositeActor.preinitialize(CompositeActor.java:1828)
	at ptolemy.actor.Manager.preinitializeAndResolveTypes(Manager.java:1040)
	at ptolemy.actor.Manager.initialize(Manager.java:710)
	at ptolemy.actor.Manager.execute(Manager.java:356)
	at ptolemy.actor.Manager.run(Manager.java:1263)
	at ptolemy.actor.Manager$PtolemyRunThread.run(Manager.java:1915)
java.lang.reflect.InvocationTargetException
	at sun.reflect.NativeConstructorAccessorImpl.newInstance0(Native Method)
	at sun.reflect.NativeConstructorAccessorImpl.newInstance(NativeConstructorAccessorImpl.java:62)
	at sun.reflect.DelegatingConstructorAccessorImpl.newInstance(DelegatingConstructorAccessorImpl.java:45)
	at java.lang.reflect.Constructor.newInstance(Constructor.java:423)
	at ptolemy.util.test.junit.AutoKnownFailedTests.RunModel(AutoKnownFailedTests.java:107)
	at sun.reflect.NativeMethodAccessorImpl.invoke0(Native Method)
	at sun.reflect.NativeMethodAccessorImpl.invoke(NativeMethodAccessorImpl.java:62)
	at sun.reflect.DelegatingMethodAccessorImpl.invoke(DelegatingMethodAccessorImpl.java:43)
	at java.lang.reflect.Method.invoke(Method.java:498)
	at org.junit.runners.model.FrameworkMethod$1.runReflectiveCall(FrameworkMethod.java:44)
	at org.junit.internal.runners.model.ReflectiveCallable.run(ReflectiveCallable.java:15)
	at org.junit.runners.model.FrameworkMethod.invokeExplosively(FrameworkMethod.java:41)
	at junitparams.internal.InvokeParameterisedMethod.evaluate(InvokeParameterisedMethod.java:102)
	at org.junit.internal.runners.statements.FailOnTimeout$1.run(FailOnTimeout.java:28)
Caused by: ptolemy.kernel.util.IllegalActionException: Found a zero delay loop containing .HierarchicalModel.A
  in .HierarchicalModel and .HierarchicalModel.A
	at ptolemy.actor.util.CausalityInterfaceForComposites._computeOutputPortDepth(CausalityInterfaceForComposites.java:759)
	at ptolemy.actor.util.CausalityInterfaceForComposites._computeInputDepth(CausalityInterfaceForComposites.java:696)
	at ptolemy.actor.util.CausalityInterfaceForComposites._computeOutputPortDepth(CausalityInterfaceForComposites.java:765)
	at ptolemy.actor.util.CausalityInterfaceForComposites._computeInputDepth(CausalityInterfaceForComposites.java:696)
	at ptolemy.actor.util.CausalityInterfaceForComposites._computeOutputPortDepth(CausalityInterfaceForComposites.java:765)
	at ptolemy.actor.util.CausalityInterfaceForComposites._computeInputDepth(CausalityInterfaceForComposites.java:696)
	at ptolemy.actor.util.CausalityInterfaceForComposites._computeActorDepth(CausalityInterfaceForComposites.java:532)
	at ptolemy.actor.util.CausalityInterfaceForComposites.checkForCycles(CausalityInterfaceForComposites.java:96)
	at ptolemy.domains.de.kernel.DEDirector.preinitialize(DEDirector.java:1337)
	at ptolemy.actor.CompositeActor.preinitialize(CompositeActor.java:1828)
	at ptolemy.actor.Manager.preinitializeAndResolveTypes(Manager.java:1040)
	at ptolemy.actor.Manager.initialize(Manager.java:710)
	at ptolemy.actor.Manager.execute(Manager.java:356)
	at ptolemy.actor.Manager.run(Manager.java:1263)
	at ptolemy.actor.Manager$PtolemyRunThread.run(Manager.java:1915)
java.lang.RuntimeException: Execution failed
	at ptolemy.moml.MoMLSimpleApplication$UnloadThread.run(MoMLSimpleApplication.java:402)
Caused by: ptolemy.kernel.util.IllegalActionException: Found a zero delay loop containing .dependencyLoop.original
  in .dependencyLoop and .dependencyLoop.original
	at ptolemy.actor.util.CausalityInterfaceForComposites._computeOutputPortDepth(CausalityInterfaceForComposites.java:759)
	at ptolemy.actor.util.CausalityInterfaceForComposites._computeInputDepth(CausalityInterfaceForComposites.java:696)
	at ptolemy.actor.util.CausalityInterfaceForComposites._computeOutputPortDepth(CausalityInterfaceForComposites.java:765)
	at ptolemy.actor.util.CausalityInterfaceForComposites._computeInputDepth(CausalityInterfaceForComposites.java:696)
	at ptolemy.actor.util.CausalityInterfaceForComposites._computeOutputPortDepth(CausalityInterfaceForComposites.java:765)
	at ptolemy.actor.util.CausalityInterfaceForComposites._computeInputDepth(CausalityInterfaceForComposites.java:696)
	at ptolemy.actor.util.CausalityInterfaceForComposites._computeActorDepth(CausalityInterfaceForComposites.java:532)
	at ptolemy.actor.util.CausalityInterfaceForComposites.checkForCycles(CausalityInterfaceForComposites.java:96)
	at ptolemy.domains.de.kernel.DEDirector.preinitialize(DEDirector.java:1337)
	at ptolemy.actor.CompositeActor.preinitialize(CompositeActor.java:1828)
	at ptolemy.actor.Manager.preinitializeAndResolveTypes(Manager.java:1040)
	at ptolemy.actor.Manager.initialize(Manager.java:710)
	at ptolemy.actor.Manager.execute(Manager.java:356)
	at ptolemy.actor.Manager.run(Manager.java:1263)
	at ptolemy.actor.Manager$PtolemyRunThread.run(Manager.java:1915)
java.lang.reflect.InvocationTargetException
	at sun.reflect.NativeConstructorAccessorImpl.newInstance0(Native Method)
	at sun.reflect.NativeConstructorAccessorImpl.newInstance(NativeConstructorAccessorImpl.java:62)
	at sun.reflect.DelegatingConstructorAccessorImpl.newInstance(DelegatingConstructorAccessorImpl.java:45)
	at java.lang.reflect.Constructor.newInstance(Constructor.java:423)
	at ptolemy.util.test.junit.AutoKnownFailedTests.RunModel(AutoKnownFailedTests.java:107)
	at sun.reflect.NativeMethodAccessorImpl.invoke0(Native Method)
	at sun.reflect.NativeMethodAccessorImpl.invoke(NativeMethodAccessorImpl.java:62)
	at sun.reflect.DelegatingMethodAccessorImpl.invoke(DelegatingMethodAccessorImpl.java:43)
	at java.lang.reflect.Method.invoke(Method.java:498)
	at org.junit.runners.model.FrameworkMethod$1.runReflectiveCall(FrameworkMethod.java:44)
	at org.junit.internal.runners.model.ReflectiveCallable.run(ReflectiveCallable.java:15)
	at org.junit.runners.model.FrameworkMethod.invokeExplosively(FrameworkMethod.java:41)
	at junitparams.internal.InvokeParameterisedMethod.evaluate(InvokeParameterisedMethod.java:102)
	at org.junit.internal.runners.statements.FailOnTimeout$1.run(FailOnTimeout.java:28)
Caused by: ptolemy.kernel.util.IllegalActionException: Found a zero delay loop containing .dependencyLoop.original
  in .dependencyLoop and .dependencyLoop.original
	at ptolemy.actor.util.CausalityInterfaceForComposites._computeOutputPortDepth(CausalityInterfaceForComposites.java:759)
	at ptolemy.actor.util.CausalityInterfaceForComposites._computeInputDepth(CausalityInterfaceForComposites.java:696)
	at ptolemy.actor.util.CausalityInterfaceForComposites._computeOutputPortDepth(CausalityInterfaceForComposites.java:765)
	at ptolemy.actor.util.CausalityInterfaceForComposites._computeInputDepth(CausalityInterfaceForComposites.java:696)
	at ptolemy.actor.util.CausalityInterfaceForComposites._computeOutputPortDepth(CausalityInterfaceForComposites.java:765)
	at ptolemy.actor.util.CausalityInterfaceForComposites._computeInputDepth(CausalityInterfaceForComposites.java:696)
	at ptolemy.actor.util.CausalityInterfaceForComposites._computeActorDepth(CausalityInterfaceForComposites.java:532)
	at ptolemy.actor.util.CausalityInterfaceForComposites.checkForCycles(CausalityInterfaceForComposites.java:96)
	at ptolemy.domains.de.kernel.DEDirector.preinitialize(DEDirector.java:1337)
	at ptolemy.actor.CompositeActor.preinitialize(CompositeActor.java:1828)
	at ptolemy.actor.Manager.preinitializeAndResolveTypes(Manager.java:1040)
	at ptolemy.actor.Manager.initialize(Manager.java:710)
	at ptolemy.actor.Manager.execute(Manager.java:356)
	at ptolemy.actor.Manager.run(Manager.java:1263)
	at ptolemy.actor.Manager$PtolemyRunThread.run(Manager.java:1915)
java.lang.RuntimeException: Execution failed
	at ptolemy.moml.MoMLSimpleApplication$UnloadThread.run(MoMLSimpleApplication.java:402)
Caused by: ptolemy.kernel.util.IllegalActionException: Found a zero delay loop containing .dependencyLoop2.original
  in .dependencyLoop2 and .dependencyLoop2.original
	at ptolemy.actor.util.CausalityInterfaceForComposites._computeOutputPortDepth(CausalityInterfaceForComposites.java:759)
	at ptolemy.actor.util.CausalityInterfaceForComposites._computeInputDepth(CausalityInterfaceForComposites.java:696)
	at ptolemy.actor.util.CausalityInterfaceForComposites._computeOutputPortDepth(CausalityInterfaceForComposites.java:765)
	at ptolemy.actor.util.CausalityInterfaceForComposites._computeInputDepth(CausalityInterfaceForComposites.java:696)
	at ptolemy.actor.util.CausalityInterfaceForComposites._computeOutputPortDepth(CausalityInterfaceForComposites.java:765)
	at ptolemy.actor.util.CausalityInterfaceForComposites._computeInputDepth(CausalityInterfaceForComposites.java:696)
	at ptolemy.actor.util.CausalityInterfaceForComposites._computeActorDepth(CausalityInterfaceForComposites.java:532)
	at ptolemy.actor.util.CausalityInterfaceForComposites.checkForCycles(CausalityInterfaceForComposites.java:96)
	at ptolemy.domains.de.kernel.DEDirector.preinitialize(DEDirector.java:1337)
	at ptolemy.actor.CompositeActor.preinitialize(CompositeActor.java:1828)
	at ptolemy.actor.Manager.preinitializeAndResolveTypes(Manager.java:1040)
	at ptolemy.actor.Manager.initialize(Manager.java:710)
	at ptolemy.actor.Manager.execute(Manager.java:356)
	at ptolemy.actor.Manager.run(Manager.java:1263)
	at ptolemy.actor.Manager$PtolemyRunThread.run(Manager.java:1915)
java.lang.reflect.InvocationTargetException
	at sun.reflect.NativeConstructorAccessorImpl.newInstance0(Native Method)
	at sun.reflect.NativeConstructorAccessorImpl.newInstance(NativeConstructorAccessorImpl.java:62)
	at sun.reflect.DelegatingConstructorAccessorImpl.newInstance(DelegatingConstructorAccessorImpl.java:45)
	at java.lang.reflect.Constructor.newInstance(Constructor.java:423)
	at ptolemy.util.test.junit.AutoKnownFailedTests.RunModel(AutoKnownFailedTests.java:107)
	at sun.reflect.NativeMethodAccessorImpl.invoke0(Native Method)
	at sun.reflect.NativeMethodAccessorImpl.invoke(NativeMethodAccessorImpl.java:62)
	at sun.reflect.DelegatingMethodAccessorImpl.invoke(DelegatingMethodAccessorImpl.java:43)
	at java.lang.reflect.Method.invoke(Method.java:498)
	at org.junit.runners.model.FrameworkMethod$1.runReflectiveCall(FrameworkMethod.java:44)
	at org.junit.internal.runners.model.ReflectiveCallable.run(ReflectiveCallable.java:15)
	at org.junit.runners.model.FrameworkMethod.invokeExplosively(FrameworkMethod.java:41)
	at junitparams.internal.InvokeParameterisedMethod.evaluate(InvokeParameterisedMethod.java:102)
	at org.junit.internal.runners.statements.FailOnTimeout$1.run(FailOnTimeout.java:28)
Caused by: ptolemy.kernel.util.IllegalActionException: Found a zero delay loop containing .dependencyLoop2.original
  in .dependencyLoop2 and .dependencyLoop2.original
	at ptolemy.actor.util.CausalityInterfaceForComposites._computeOutputPortDepth(CausalityInterfaceForComposites.java:759)
	at ptolemy.actor.util.CausalityInterfaceForComposites._computeInputDepth(CausalityInterfaceForComposites.java:696)
	at ptolemy.actor.util.CausalityInterfaceForComposites._computeOutputPortDepth(CausalityInterfaceForComposites.java:765)
	at ptolemy.actor.util.CausalityInterfaceForComposites._computeInputDepth(CausalityInterfaceForComposites.java:696)
	at ptolemy.actor.util.CausalityInterfaceForComposites._computeOutputPortDepth(CausalityInterfaceForComposites.java:765)
	at ptolemy.actor.util.CausalityInterfaceForComposites._computeInputDepth(CausalityInterfaceForComposites.java:696)
	at ptolemy.actor.util.CausalityInterfaceForComposites._computeActorDepth(CausalityInterfaceForComposites.java:532)
	at ptolemy.actor.util.CausalityInterfaceForComposites.checkForCycles(CausalityInterfaceForComposites.java:96)
	at ptolemy.domains.de.kernel.DEDirector.preinitialize(DEDirector.java:1337)
	at ptolemy.actor.CompositeActor.preinitialize(CompositeActor.java:1828)
	at ptolemy.actor.Manager.preinitializeAndResolveTypes(Manager.java:1040)
	at ptolemy.actor.Manager.initialize(Manager.java:710)
	at ptolemy.actor.Manager.execute(Manager.java:356)
	at ptolemy.actor.Manager.run(Manager.java:1263)
	at ptolemy.actor.Manager$PtolemyRunThread.run(Manager.java:1915)
]]></system-err>
</testsuite>
