<?xml version="1.0" encoding="UTF-8" ?>
<testsuite errors="0" failures="0" hostname="travis-job-0cb7c0f3-2996-42b9-b299-3ba21e8ec72e" name="ptolemy.domains.modal.test.junit.JUnitTclTest" skipped="0" tests="148" time="11.981" timestamp="2018-05-23T18:25:45">
  <properties>
[...]
</properties>
  <testcase classname="ptolemy.util.test.junit.TclTests" name="[0] /home/travis/build/icyphy/ptII/ptolemy/domains/modal/test/SystemLevelType.tcl (RunTclFile)" time="2.128" />
  <testcase classname="ptolemy.util.test.junit.AutoKnownFailedTests" name="[0] /home/travis/build/icyphy/ptII/ptolemy/domains/modal/test/auto/knownFailedTests/CannotAnalysisWithPreemption.xml (RunModel)" time="0.13" />
  <testcase classname="ptolemy.util.test.junit.AutoNameArchTests" name="[0] ThereAreNoAutoTests (RunModel)" time="0.007" />
  <testcase classname="ptolemy.util.test.junit.AutoTests" name="[0] /home/travis/build/icyphy/ptII/ptolemy/domains/modal/test/auto/ABPTest.xml (RunModel)" time="0.876" />
  <testcase classname="ptolemy.util.test.junit.AutoTests" name="[1] /home/travis/build/icyphy/ptII/ptolemy/domains/modal/test/auto/ABROFlat.xml (RunModel)" time="0.128" />
  <testcase classname="ptolemy.util.test.junit.AutoTests" name="[2] /home/travis/build/icyphy/ptII/ptolemy/domains/modal/test/auto/ABROFlat2.xml (RunModel)" time="0.11" />
  <testcase classname="ptolemy.util.test.junit.AutoTests" name="[3] /home/travis/build/icyphy/ptII/ptolemy/domains/modal/test/auto/ABRO_present_hmm.xml (RunModel)" time="0.208" />
  <testcase classname="ptolemy.util.test.junit.AutoTests" name="[4] /home/travis/build/icyphy/ptII/ptolemy/domains/modal/test/auto/AMICoderExample.xml (RunModel)" time="0.068" />
  <testcase classname="ptolemy.util.test.junit.AutoTests" name="[5] /home/travis/build/icyphy/ptII/ptolemy/domains/modal/test/auto/AbsentToPresent.xml (RunModel)" time="0.031" />
  <testcase classname="ptolemy.util.test.junit.AutoTests" name="[6] /home/travis/build/icyphy/ptII/ptolemy/domains/modal/test/auto/Blending.xml (RunModel)" time="0.331" />
  <testcase classname="ptolemy.util.test.junit.AutoTests" name="[7] /home/travis/build/icyphy/ptII/ptolemy/domains/modal/test/auto/Broadcast.xml (RunModel)" time="0.053" />
  <testcase classname="ptolemy.util.test.junit.AutoTests" name="[8] /home/travis/build/icyphy/ptII/ptolemy/domains/modal/test/auto/BroadcastHierarchy.xml (RunModel)" time="0.088" />
  <testcase classname="ptolemy.util.test.junit.AutoTests" name="[9] /home/travis/build/icyphy/ptII/ptolemy/domains/modal/test/auto/BroadcastHierarchy2.xml (RunModel)" time="0.146" />
  <testcase classname="ptolemy.util.test.junit.AutoTests" name="[10] /home/travis/build/icyphy/ptII/ptolemy/domains/modal/test/auto/BroadcastHierarchy3.xml (RunModel)" time="0.142" />
  <testcase classname="ptolemy.util.test.junit.AutoTests" name="[11] /home/travis/build/icyphy/ptII/ptolemy/domains/modal/test/auto/BroadcastHierarchy4.xml (RunModel)" time="0.116" />
  <testcase classname="ptolemy.util.test.junit.AutoTests" name="[12] /home/travis/build/icyphy/ptII/ptolemy/domains/modal/test/auto/CannotAnalysisWithPreemption2.xml (RunModel)" time="0.033" />
  <testcase classname="ptolemy.util.test.junit.AutoTests" name="[13] /home/travis/build/icyphy/ptII/ptolemy/domains/modal/test/auto/CannotAnalysisWithPreemption3.xml (RunModel)" time="0.045" />
  <testcase classname="ptolemy.util.test.junit.AutoTests" name="[14] /home/travis/build/icyphy/ptII/ptolemy/domains/modal/test/auto/CannotProduce.xml (RunModel)" time="0.027" />
  <testcase classname="ptolemy.util.test.junit.AutoTests" name="[15] /home/travis/build/icyphy/ptII/ptolemy/domains/modal/test/auto/CannotProduceModal.xml (RunModel)" time="0.046" />
  <testcase classname="ptolemy.util.test.junit.AutoTests" name="[16] /home/travis/build/icyphy/ptII/ptolemy/domains/modal/test/auto/Case.xml (RunModel)" time="0.087" />
  <testcase classname="ptolemy.util.test.junit.AutoTests" name="[17] /home/travis/build/icyphy/ptII/ptolemy/domains/modal/test/auto/Case1.xml (RunModel)" time="0.042" />
  <testcase classname="ptolemy.util.test.junit.AutoTests" name="[18] /home/travis/build/icyphy/ptII/ptolemy/domains/modal/test/auto/Case2.xml (RunModel)" time="0.058" />
  <testcase classname="ptolemy.util.test.junit.AutoTests" name="[19] /home/travis/build/icyphy/ptII/ptolemy/domains/modal/test/auto/CausalityInterface1.xml (RunModel)" time="0.025" />
  <testcase classname="ptolemy.util.test.junit.AutoTests" name="[20] /home/travis/build/icyphy/ptII/ptolemy/domains/modal/test/auto/CausalityInterface10.xml (RunModel)" time="0.075" />
  <testcase classname="ptolemy.util.test.junit.AutoTests" name="[21] /home/travis/build/icyphy/ptII/ptolemy/domains/modal/test/auto/CausalityInterface11.xml (RunModel)" time="0.051" />
  <testcase classname="ptolemy.util.test.junit.AutoTests" name="[22] /home/travis/build/icyphy/ptII/ptolemy/domains/modal/test/auto/CausalityInterface12.xml (RunModel)" time="0.049" />
  <testcase classname="ptolemy.util.test.junit.AutoTests" name="[23] /home/travis/build/icyphy/ptII/ptolemy/domains/modal/test/auto/CausalityInterface13.xml (RunModel)" time="0.069" />
  <testcase classname="ptolemy.util.test.junit.AutoTests" name="[24] /home/travis/build/icyphy/ptII/ptolemy/domains/modal/test/auto/CausalityInterface14.xml (RunModel)" time="0.063" />
  <testcase classname="ptolemy.util.test.junit.AutoTests" name="[25] /home/travis/build/icyphy/ptII/ptolemy/domains/modal/test/auto/CausalityInterface2.xml (RunModel)" time="0.03" />
  <testcase classname="ptolemy.util.test.junit.AutoTests" name="[26] /home/travis/build/icyphy/ptII/ptolemy/domains/modal/test/auto/CausalityInterface3.xml (RunModel)" time="0.024" />
  <testcase classname="ptolemy.util.test.junit.AutoTests" name="[27] /home/travis/build/icyphy/ptII/ptolemy/domains/modal/test/auto/CausalityInterface4.xml (RunModel)" time="0.053" />
  <testcase classname="ptolemy.util.test.junit.AutoTests" name="[28] /home/travis/build/icyphy/ptII/ptolemy/domains/modal/test/auto/CausalityInterface5.xml (RunModel)" time="0.042" />
  <testcase classname="ptolemy.util.test.junit.AutoTests" name="[29] /home/travis/build/icyphy/ptII/ptolemy/domains/modal/test/auto/CausalityInterface6.xml (RunModel)" time="0.037" />
  <testcase classname="ptolemy.util.test.junit.AutoTests" name="[30] /home/travis/build/icyphy/ptII/ptolemy/domains/modal/test/auto/CausalityInterface7.xml (RunModel)" time="0.047" />
  <testcase classname="ptolemy.util.test.junit.AutoTests" name="[31] /home/travis/build/icyphy/ptII/ptolemy/domains/modal/test/auto/CausalityInterface8.xml (RunModel)" time="0.037" />
  <testcase classname="ptolemy.util.test.junit.AutoTests" name="[32] /home/travis/build/icyphy/ptII/ptolemy/domains/modal/test/auto/CausalityInterface9.xml (RunModel)" time="0.04" />
  <testcase classname="ptolemy.util.test.junit.AutoTests" name="[33] /home/travis/build/icyphy/ptII/ptolemy/domains/modal/test/auto/ChainedTransitions.xml (RunModel)" time="0.169" />
  <testcase classname="ptolemy.util.test.junit.AutoTests" name="[34] /home/travis/build/icyphy/ptII/ptolemy/domains/modal/test/auto/CycleOfImmediateTransitionsFSM.xml (RunModel)" time="0.025" />
  <testcase classname="ptolemy.util.test.junit.AutoTests" name="[35] /home/travis/build/icyphy/ptII/ptolemy/domains/modal/test/auto/CycleOfImmediateTransitionsModal.xml (RunModel)" time="0.04" />
  <testcase classname="ptolemy.util.test.junit.AutoTests" name="[36] /home/travis/build/icyphy/ptII/ptolemy/domains/modal/test/auto/CycleOfImmediateTransitionsModal2.xml (RunModel)" time="0.042" />
  <testcase classname="ptolemy.util.test.junit.AutoTests" name="[37] /home/travis/build/icyphy/ptII/ptolemy/domains/modal/test/auto/CycleOfImmediateTransitionsModal3.xml (RunModel)" time="0.118" />
  <testcase classname="ptolemy.util.test.junit.AutoTests" name="[38] /home/travis/build/icyphy/ptII/ptolemy/domains/modal/test/auto/DeepModal1.xml (RunModel)" time="0.081" />
  <testcase classname="ptolemy.util.test.junit.AutoTests" name="[39] /home/travis/build/icyphy/ptII/ptolemy/domains/modal/test/auto/DeepModal2.xml (RunModel)" time="0.078" />
  <testcase classname="ptolemy.util.test.junit.AutoTests" name="[40] /home/travis/build/icyphy/ptII/ptolemy/domains/modal/test/auto/DeepModal3.xml (RunModel)" time="0.09" />
  <testcase classname="ptolemy.util.test.junit.AutoTests" name="[41] /home/travis/build/icyphy/ptII/ptolemy/domains/modal/test/auto/DeepModal4.xml (RunModel)" time="0.088" />
  <testcase classname="ptolemy.util.test.junit.AutoTests" name="[42] /home/travis/build/icyphy/ptII/ptolemy/domains/modal/test/auto/Default1.xml (RunModel)" time="0.02" />
  <testcase classname="ptolemy.util.test.junit.AutoTests" name="[43] /home/travis/build/icyphy/ptII/ptolemy/domains/modal/test/auto/Default2.xml (RunModel)" time="0.018" />
  <testcase classname="ptolemy.util.test.junit.AutoTests" name="[44] /home/travis/build/icyphy/ptII/ptolemy/domains/modal/test/auto/Default3.xml (RunModel)" time="0.019" />
  <testcase classname="ptolemy.util.test.junit.AutoTests" name="[45] /home/travis/build/icyphy/ptII/ptolemy/domains/modal/test/auto/Default4.xml (RunModel)" time="0.018" />
  <testcase classname="ptolemy.util.test.junit.AutoTests" name="[46] /home/travis/build/icyphy/ptII/ptolemy/domains/modal/test/auto/Default5.xml (RunModel)" time="0.035" />
  <testcase classname="ptolemy.util.test.junit.AutoTests" name="[47] /home/travis/build/icyphy/ptII/ptolemy/domains/modal/test/auto/EmptyGuard.xml (RunModel)" time="0.041" />
  <testcase classname="ptolemy.util.test.junit.AutoTests" name="[48] /home/travis/build/icyphy/ptII/ptolemy/domains/modal/test/auto/ErrorTransition1.xml (RunModel)" time="0.035" />
  <testcase classname="ptolemy.util.test.junit.AutoTests" name="[49] /home/travis/build/icyphy/ptII/ptolemy/domains/modal/test/auto/ErrorTransition10.xml (RunModel)" time="0.055" />
  <testcase classname="ptolemy.util.test.junit.AutoTests" name="[50] /home/travis/build/icyphy/ptII/ptolemy/domains/modal/test/auto/ErrorTransition11.xml (RunModel)" time="0.042" />
  <testcase classname="ptolemy.util.test.junit.AutoTests" name="[51] /home/travis/build/icyphy/ptII/ptolemy/domains/modal/test/auto/ErrorTransition2.xml (RunModel)" time="0.029" />
  <testcase classname="ptolemy.util.test.junit.AutoTests" name="[52] /home/travis/build/icyphy/ptII/ptolemy/domains/modal/test/auto/ErrorTransition3.xml (RunModel)" time="0.038" />
  <testcase classname="ptolemy.util.test.junit.AutoTests" name="[53] /home/travis/build/icyphy/ptII/ptolemy/domains/modal/test/auto/ErrorTransition4.xml (RunModel)" time="0.042" />
  <testcase classname="ptolemy.util.test.junit.AutoTests" name="[54] /home/travis/build/icyphy/ptII/ptolemy/domains/modal/test/auto/ErrorTransition5.xml (RunModel)" time="0.032" />
  <testcase classname="ptolemy.util.test.junit.AutoTests" name="[55] /home/travis/build/icyphy/ptII/ptolemy/domains/modal/test/auto/ErrorTransition6.xml (RunModel)" time="0.036" />
  <testcase classname="ptolemy.util.test.junit.AutoTests" name="[56] /home/travis/build/icyphy/ptII/ptolemy/domains/modal/test/auto/ErrorTransition7.xml (RunModel)" time="0.054" />
  <testcase classname="ptolemy.util.test.junit.AutoTests" name="[57] /home/travis/build/icyphy/ptII/ptolemy/domains/modal/test/auto/ErrorTransition8.xml (RunModel)" time="0.085" />
  <testcase classname="ptolemy.util.test.junit.AutoTests" name="[58] /home/travis/build/icyphy/ptII/ptolemy/domains/modal/test/auto/ErrorTransition9.xml (RunModel)" time="0.056" />
  <testcase classname="ptolemy.util.test.junit.AutoTests" name="[59] /home/travis/build/icyphy/ptII/ptolemy/domains/modal/test/auto/ExtendedFSM.xml (RunModel)" time="0.029" />
  <testcase classname="ptolemy.util.test.junit.AutoTests" name="[60] /home/travis/build/icyphy/ptII/ptolemy/domains/modal/test/auto/FinalStates.xml (RunModel)" time="0.035" />
  <testcase classname="ptolemy.util.test.junit.AutoTests" name="[61] /home/travis/build/icyphy/ptII/ptolemy/domains/modal/test/auto/FixedPointFSM.xml (RunModel)" time="0.057" />
  <testcase classname="ptolemy.util.test.junit.AutoTests" name="[62] /home/travis/build/icyphy/ptII/ptolemy/domains/modal/test/auto/FixedPointIterationFSMActor.xml (RunModel)" time="0.03" />
  <testcase classname="ptolemy.util.test.junit.AutoTests" name="[63] /home/travis/build/icyphy/ptII/ptolemy/domains/modal/test/auto/FixedPointIterationFSMActor2.xml (RunModel)" time="0.032" />
  <testcase classname="ptolemy.util.test.junit.AutoTests" name="[64] /home/travis/build/icyphy/ptII/ptolemy/domains/modal/test/auto/ForbiddenInstantanousLoop.xml (RunModel)" time="0.032" />
  <testcase classname="ptolemy.util.test.junit.AutoTests" name="[65] /home/travis/build/icyphy/ptII/ptolemy/domains/modal/test/auto/FunctionDependencyOfFSMActorTest.xml (RunModel)" time="0.022" />
  <testcase classname="ptolemy.util.test.junit.AutoTests" name="[66] /home/travis/build/icyphy/ptII/ptolemy/domains/modal/test/auto/GuardExpression.xml (RunModel)" time="0.027" />
  <testcase classname="ptolemy.util.test.junit.AutoTests" name="[67] /home/travis/build/icyphy/ptII/ptolemy/domains/modal/test/auto/GuardNotEvaluated.xml (RunModel)" time="0.032" />
  <testcase classname="ptolemy.util.test.junit.AutoTests" name="[68] /home/travis/build/icyphy/ptII/ptolemy/domains/modal/test/auto/GuardNotEvaluated2.xml (RunModel)" time="0.035" />
  <testcase classname="ptolemy.util.test.junit.AutoTests" name="[69] /home/travis/build/icyphy/ptII/ptolemy/domains/modal/test/auto/GuardOnAbsent.xml (RunModel)" time="0.028" />
  <testcase classname="ptolemy.util.test.junit.AutoTests" name="[70] /home/travis/build/icyphy/ptII/ptolemy/domains/modal/test/auto/HierarchicalFSMTypeInference.xml (RunModel)" time="0.036" />
  <testcase classname="ptolemy.util.test.junit.AutoTests" name="[71] /home/travis/build/icyphy/ptII/ptolemy/domains/modal/test/auto/Hysteresis.xml (RunModel)" time="0.054" />
  <testcase classname="ptolemy.util.test.junit.AutoTests" name="[72] /home/travis/build/icyphy/ptII/ptolemy/domains/modal/test/auto/HysteresisWithDefault.xml (RunModel)" time="0.088" />
  <testcase classname="ptolemy.util.test.junit.AutoTests" name="[73] /home/travis/build/icyphy/ptII/ptolemy/domains/modal/test/auto/HysteresisWithDefault2.xml (RunModel)" time="0.093" />
  <testcase classname="ptolemy.util.test.junit.AutoTests" name="[74] /home/travis/build/icyphy/ptII/ptolemy/domains/modal/test/auto/ImmediateNonConstructiveness.xml (RunModel)" time="0.023" />
  <testcase classname="ptolemy.util.test.junit.AutoTests" name="[75] /home/travis/build/icyphy/ptII/ptolemy/domains/modal/test/auto/ImmediateNonConstructiveness2.xml (RunModel)" time="0.02" />
  <testcase classname="ptolemy.util.test.junit.AutoTests" name="[76] /home/travis/build/icyphy/ptII/ptolemy/domains/modal/test/auto/ImmediateTransitionReset.xml (RunModel)" time="0.038" />
  <testcase classname="ptolemy.util.test.junit.AutoTests" name="[77] /home/travis/build/icyphy/ptII/ptolemy/domains/modal/test/auto/ImmediateTransitions1.xml (RunModel)" time="0.016" />
  <testcase classname="ptolemy.util.test.junit.AutoTests" name="[78] /home/travis/build/icyphy/ptII/ptolemy/domains/modal/test/auto/ImmediateTransitionsInstantaneousCommunication.xml (RunModel)" time="0.038" />
  <testcase classname="ptolemy.util.test.junit.AutoTests" name="[79] /home/travis/build/icyphy/ptII/ptolemy/domains/modal/test/auto/InitialImmediateTransition.xml (RunModel)" time="0.022" />
  <testcase classname="ptolemy.util.test.junit.AutoTests" name="[80] /home/travis/build/icyphy/ptII/ptolemy/domains/modal/test/auto/InitialOutputs.xml (RunModel)" time="0.018" />
  <testcase classname="ptolemy.util.test.junit.AutoTests" name="[81] /home/travis/build/icyphy/ptII/ptolemy/domains/modal/test/auto/InitialStateTransition1.xml (RunModel)" time="0.022" />
  <testcase classname="ptolemy.util.test.junit.AutoTests" name="[82] /home/travis/build/icyphy/ptII/ptolemy/domains/modal/test/auto/InitialStateTransition2.xml (RunModel)" time="0.025" />
  <testcase classname="ptolemy.util.test.junit.AutoTests" name="[83] /home/travis/build/icyphy/ptII/ptolemy/domains/modal/test/auto/InitialStateTransition3.xml (RunModel)" time="0.028" />
  <testcase classname="ptolemy.util.test.junit.AutoTests" name="[84] /home/travis/build/icyphy/ptII/ptolemy/domains/modal/test/auto/InitialStateTransition4.xml (RunModel)" time="0.03" />
  <testcase classname="ptolemy.util.test.junit.AutoTests" name="[85] /home/travis/build/icyphy/ptII/ptolemy/domains/modal/test/auto/MalformedGuardExpressionNotCaught.xml (RunModel)" time="0.019" />
  <testcase classname="ptolemy.util.test.junit.AutoTests" name="[86] /home/travis/build/icyphy/ptII/ptolemy/domains/modal/test/auto/ModalBSC.xml (RunModel)" time="0.087" />
  <testcase classname="ptolemy.util.test.junit.AutoTests" name="[87] /home/travis/build/icyphy/ptII/ptolemy/domains/modal/test/auto/ModalClocks.xml (RunModel)" time="0.071" />
  <testcase classname="ptolemy.util.test.junit.AutoTests" name="[88] /home/travis/build/icyphy/ptII/ptolemy/domains/modal/test/auto/ModalDelay.xml (RunModel)" time="0.044" />
  <testcase classname="ptolemy.util.test.junit.AutoTests" name="[89] /home/travis/build/icyphy/ptII/ptolemy/domains/modal/test/auto/ModalDelay2.xml (RunModel)" time="0.05" />
  <testcase classname="ptolemy.util.test.junit.AutoTests" name="[90] /home/travis/build/icyphy/ptII/ptolemy/domains/modal/test/auto/ModalModelFromMemo.xml (RunModel)" time="0.079" />
  <testcase classname="ptolemy.util.test.junit.AutoTests" name="[91] /home/travis/build/icyphy/ptII/ptolemy/domains/modal/test/auto/ModalModelWithMultirateTransient.xml (RunModel)" time="0.062" />
  <testcase classname="ptolemy.util.test.junit.AutoTests" name="[92] /home/travis/build/icyphy/ptII/ptolemy/domains/modal/test/auto/ModalModelWithReset.xml (RunModel)" time="0.058" />
  <testcase classname="ptolemy.util.test.junit.AutoTests" name="[93] /home/travis/build/icyphy/ptII/ptolemy/domains/modal/test/auto/MouseClickFSM.xml (RunModel)" time="0.055" />
  <testcase classname="ptolemy.util.test.junit.AutoTests" name="[94] /home/travis/build/icyphy/ptII/ptolemy/domains/modal/test/auto/MouseClickFSMModal.xml (RunModel)" time="0.042" />
  <testcase classname="ptolemy.util.test.junit.AutoTests" name="[95] /home/travis/build/icyphy/ptII/ptolemy/domains/modal/test/auto/NonStrictFSM_FeedbackLoop.xml (RunModel)" time="0.056" />
  <testcase classname="ptolemy.util.test.junit.AutoTests" name="[96] /home/travis/build/icyphy/ptII/ptolemy/domains/modal/test/auto/NonStrictFSM_FeedbackLoop_Refinement.xml (RunModel)" time="0.078" />
  <testcase classname="ptolemy.util.test.junit.AutoTests" name="[97] /home/travis/build/icyphy/ptII/ptolemy/domains/modal/test/auto/NonStrictFSM_FeedbackLoop_preemptive.xml (RunModel)" time="0.051" />
  <testcase classname="ptolemy.util.test.junit.AutoTests" name="[98] /home/travis/build/icyphy/ptII/ptolemy/domains/modal/test/auto/NormalTermination.xml (RunModel)" time="0.063" />
  <testcase classname="ptolemy.util.test.junit.AutoTests" name="[99] /home/travis/build/icyphy/ptII/ptolemy/domains/modal/test/auto/Pong.xml (RunModel)" time="0.089" />
  <testcase classname="ptolemy.util.test.junit.AutoTests" name="[100] /home/travis/build/icyphy/ptII/ptolemy/domains/modal/test/auto/Pong_test.xml (RunModel)" time="0.094" />
  <testcase classname="ptolemy.util.test.junit.AutoTests" name="[101] /home/travis/build/icyphy/ptII/ptolemy/domains/modal/test/auto/PreemptionHierarchy.xml (RunModel)" time="0.028" />
  <testcase classname="ptolemy.util.test.junit.AutoTests" name="[102] /home/travis/build/icyphy/ptII/ptolemy/domains/modal/test/auto/PreemptionHierarchy2.xml (RunModel)" time="0.036" />
  <testcase classname="ptolemy.util.test.junit.AutoTests" name="[103] /home/travis/build/icyphy/ptII/ptolemy/domains/modal/test/auto/PreemptiveTransition.xml (RunModel)" time="0.022" />
  <testcase classname="ptolemy.util.test.junit.AutoTests" name="[104] /home/travis/build/icyphy/ptII/ptolemy/domains/modal/test/auto/Priorities.xml (RunModel)" time="0.095" />
  <testcase classname="ptolemy.util.test.junit.AutoTests" name="[105] /home/travis/build/icyphy/ptII/ptolemy/domains/modal/test/auto/ResetFinal.xml (RunModel)" time="0.048" />
  <testcase classname="ptolemy.util.test.junit.AutoTests" name="[106] /home/travis/build/icyphy/ptII/ptolemy/domains/modal/test/auto/ResetFinal2.xml (RunModel)" time="0.037" />
  <testcase classname="ptolemy.util.test.junit.AutoTests" name="[107] /home/travis/build/icyphy/ptII/ptolemy/domains/modal/test/auto/ResetTransitionWithStartTime.xml (RunModel)" time="0.036" />
  <testcase classname="ptolemy.util.test.junit.AutoTests" name="[108] /home/travis/build/icyphy/ptII/ptolemy/domains/modal/test/auto/SDF-FSMComposite.xml (RunModel)" time="0.027" />
  <testcase classname="ptolemy.util.test.junit.AutoTests" name="[109] /home/travis/build/icyphy/ptII/ptolemy/domains/modal/test/auto/SeeminglyNondeterminate.xml (RunModel)" time="0.097" />
  <testcase classname="ptolemy.util.test.junit.AutoTests" name="[110] /home/travis/build/icyphy/ptII/ptolemy/domains/modal/test/auto/SeeminglyNondeterminate2.xml (RunModel)" time="0.092" />
  <testcase classname="ptolemy.util.test.junit.AutoTests" name="[111] /home/travis/build/icyphy/ptII/ptolemy/domains/modal/test/auto/SpontaneousFSM.xml (RunModel)" time="0.056" />
  <testcase classname="ptolemy.util.test.junit.AutoTests" name="[112] /home/travis/build/icyphy/ptII/ptolemy/domains/modal/test/auto/SpontaneousFSM2.xml (RunModel)" time="0.037" />
  <testcase classname="ptolemy.util.test.junit.AutoTests" name="[113] /home/travis/build/icyphy/ptII/ptolemy/domains/modal/test/auto/SpontaneousFSM3.xml (RunModel)" time="0.06" />
  <testcase classname="ptolemy.util.test.junit.AutoTests" name="[114] /home/travis/build/icyphy/ptII/ptolemy/domains/modal/test/auto/SpontaneousFSM4.xml (RunModel)" time="0.054" />
  <testcase classname="ptolemy.util.test.junit.AutoTests" name="[115] /home/travis/build/icyphy/ptII/ptolemy/domains/modal/test/auto/StateTrackerTest.xml (RunModel)" time="0.079" />
  <testcase classname="ptolemy.util.test.junit.AutoTests" name="[116] /home/travis/build/icyphy/ptII/ptolemy/domains/modal/test/auto/StrongImmediateTransition.xml (RunModel)" time="0.025" />
  <testcase classname="ptolemy.util.test.junit.AutoTests" name="[117] /home/travis/build/icyphy/ptII/ptolemy/domains/modal/test/auto/SustainHierarchy.xml (RunModel)" time="0.038" />
  <testcase classname="ptolemy.util.test.junit.AutoTests" name="[118] /home/travis/build/icyphy/ptII/ptolemy/domains/modal/test/auto/TerminationTransition1.xml (RunModel)" time="0.026" />
  <testcase classname="ptolemy.util.test.junit.AutoTests" name="[119] /home/travis/build/icyphy/ptII/ptolemy/domains/modal/test/auto/TerminationTransition2.xml (RunModel)" time="0.029" />
  <testcase classname="ptolemy.util.test.junit.AutoTests" name="[120] /home/travis/build/icyphy/ptII/ptolemy/domains/modal/test/auto/TerminationTransition3.xml (RunModel)" time="0.037" />
  <testcase classname="ptolemy.util.test.junit.AutoTests" name="[121] /home/travis/build/icyphy/ptII/ptolemy/domains/modal/test/auto/TerminationTransition4.xml (RunModel)" time="0.046" />
  <testcase classname="ptolemy.util.test.junit.AutoTests" name="[122] /home/travis/build/icyphy/ptII/ptolemy/domains/modal/test/auto/TerminationTransition5.xml (RunModel)" time="0.043" />
  <testcase classname="ptolemy.util.test.junit.AutoTests" name="[123] /home/travis/build/icyphy/ptII/ptolemy/domains/modal/test/auto/TerminationTransition6.xml (RunModel)" time="0.026" />
  <testcase classname="ptolemy.util.test.junit.AutoTests" name="[124] /home/travis/build/icyphy/ptII/ptolemy/domains/modal/test/auto/TerminationTransition7.xml (RunModel)" time="0.028" />
  <testcase classname="ptolemy.util.test.junit.AutoTests" name="[125] /home/travis/build/icyphy/ptII/ptolemy/domains/modal/test/auto/TerminationTransition8.xml (RunModel)" time="0.027" />
  <testcase classname="ptolemy.util.test.junit.AutoTests" name="[126] /home/travis/build/icyphy/ptII/ptolemy/domains/modal/test/auto/Thermostat_NoHysteresis.xml (RunModel)" time="0.081" />
  <testcase classname="ptolemy.util.test.junit.AutoTests" name="[127] /home/travis/build/icyphy/ptII/ptolemy/domains/modal/test/auto/TimedFSM.xml (RunModel)" time="0.036" />
  <testcase classname="ptolemy.util.test.junit.AutoTests" name="[128] /home/travis/build/icyphy/ptII/ptolemy/domains/modal/test/auto/Timeout1.xml (RunModel)" time="0.016" />
  <testcase classname="ptolemy.util.test.junit.AutoTests" name="[129] /home/travis/build/icyphy/ptII/ptolemy/domains/modal/test/auto/Timeout2.xml (RunModel)" time="0.025" />
  <testcase classname="ptolemy.util.test.junit.AutoTests" name="[130] /home/travis/build/icyphy/ptII/ptolemy/domains/modal/test/auto/Timeout3.xml (RunModel)" time="0.015" />
  <testcase classname="ptolemy.util.test.junit.AutoTests" name="[131] /home/travis/build/icyphy/ptII/ptolemy/domains/modal/test/auto/Timeout4.xml (RunModel)" time="0.02" />
  <testcase classname="ptolemy.util.test.junit.AutoTests" name="[132] /home/travis/build/icyphy/ptII/ptolemy/domains/modal/test/auto/TransientstateModelAdvanced.xml (RunModel)" time="0.038" />
  <testcase classname="ptolemy.util.test.junit.AutoTests" name="[133] /home/travis/build/icyphy/ptII/ptolemy/domains/modal/test/auto/TransientstateModelAdvanced2.xml (RunModel)" time="0.043" />
  <testcase classname="ptolemy.util.test.junit.AutoTests" name="[134] /home/travis/build/icyphy/ptII/ptolemy/domains/modal/test/auto/TransitionRefinements.xml (RunModel)" time="0.034" />
  <testcase classname="ptolemy.util.test.junit.AutoTests" name="[135] /home/travis/build/icyphy/ptII/ptolemy/domains/modal/test/auto/TwoRefinements1.xml (RunModel)" time="0.035" />
  <testcase classname="ptolemy.util.test.junit.AutoTests" name="[136] /home/travis/build/icyphy/ptII/ptolemy/domains/modal/test/auto/TwoRefinements2.xml (RunModel)" time="0.031" />
  <testcase classname="ptolemy.util.test.junit.AutoTests" name="[137] /home/travis/build/icyphy/ptII/ptolemy/domains/modal/test/auto/WeakImmediateTransition.xml (RunModel)" time="0.039" />
  <testcase classname="ptolemy.util.test.junit.AutoTests" name="[138] /home/travis/build/icyphy/ptII/ptolemy/domains/modal/test/auto/booleanSelect.xml (RunModel)" time="0.071" />
  <testcase classname="ptolemy.util.test.junit.AutoTests" name="[139] /home/travis/build/icyphy/ptII/ptolemy/domains/modal/test/auto/modalChangingParams.xml (RunModel)" time="0.346" />
  <testcase classname="ptolemy.util.test.junit.AutoTests" name="[140] /home/travis/build/icyphy/ptII/ptolemy/domains/modal/test/auto/modalModel.xml (RunModel)" time="0.036" />
  <testcase classname="ptolemy.util.test.junit.AutoTests" name="[141] /home/travis/build/icyphy/ptII/ptolemy/domains/modal/test/auto/modalModel2.xml (RunModel)" time="0.033" />
  <testcase classname="ptolemy.util.test.junit.AutoTests" name="[142] /home/travis/build/icyphy/ptII/ptolemy/domains/modal/test/auto/modalModel3.xml (RunModel)" time="0.043" />
  <testcase classname="ptolemy.util.test.junit.AutoTests" name="[143] /home/travis/build/icyphy/ptII/ptolemy/domains/modal/test/auto/model1.xml (RunModel)" time="0.023" />
  <testcase classname="ptolemy.util.test.junit.AutoTests" name="[144] /home/travis/build/icyphy/ptII/ptolemy/domains/modal/test/auto/test-direct-in-out.xml (RunModel)" time="0.022" />
  <system-out><![CDATA[/home/travis/build/icyphy/ptII/ptolemy/domains/modal/test/SystemLevelType.tcl
testDefs.tcl: setting time out to 9000 seconds at Wed May 23 18:25:45 UTC 2018
05/23/18 06:25:47
Failed: 0  Total Tests: 1  ((Passed: 1, Newly Passed: 0)  Known Failed: 0) /home/travis/build/icyphy/ptII/ptolemy/domains/modal/test
----------------- testing (KnownFailure) /home/travis/build/icyphy/ptII/ptolemy/domains/modal/test/auto/knownFailedTests/CannotAnalysisWithPreemption.xml
34 ms. Memory: 208384K Free: 189810K (91%)
Known Failure: java.lang.reflect.InvocationTargetException
No auto/*.xml tests in /home/travis/build/icyphy/ptII/ptolemy/domains/modal/test
AutoTests.java: About to close Vertx.
AutoTests.java: Vertx closed.
----------------- testing Wed May 23 18:25:48 UTC 2018 /home/travis/build/icyphy/ptII/ptolemy/domains/modal/test/auto/ABPTest.xml
----------------- Instantiating /home/travis/build/icyphy/ptII/ptolemy/domains/modal/test/auto/ABPTest.xml
368 ms. Memory: 332288K Free: 293711K (88%)
----------------- Invoking toplevel() on ptolemy.moml.MoMLSimpleApplication@4e70a6fd
----------------- Done invoking toplevel() on ptolemy.moml.MoMLSimpleApplication@4e70a6fd
reloadAllAccessors: .ABPTest
----------------- testing Wed May 23 18:25:49 UTC 2018 /home/travis/build/icyphy/ptII/ptolemy/domains/modal/test/auto/ABROFlat.xml
----------------- Instantiating /home/travis/build/icyphy/ptII/ptolemy/domains/modal/test/auto/ABROFlat.xml
31 ms. Memory: 332288K Free: 271509K (82%)
----------------- Invoking toplevel() on ptolemy.moml.MoMLSimpleApplication@318c99a
----------------- Done invoking toplevel() on ptolemy.moml.MoMLSimpleApplication@318c99a
reloadAllAccessors: .ABROFlat
----------------- testing Wed May 23 18:25:49 UTC 2018 /home/travis/build/icyphy/ptII/ptolemy/domains/modal/test/auto/ABROFlat2.xml
----------------- Instantiating /home/travis/build/icyphy/ptII/ptolemy/domains/modal/test/auto/ABROFlat2.xml
26 ms. Memory: 332288K Free: 253543K (76%)
----------------- Invoking toplevel() on ptolemy.moml.MoMLSimpleApplication@7fcf9a08
----------------- Done invoking toplevel() on ptolemy.moml.MoMLSimpleApplication@7fcf9a08
reloadAllAccessors: .ABROFlat2
----------------- testing Wed May 23 18:25:49 UTC 2018 /home/travis/build/icyphy/ptII/ptolemy/domains/modal/test/auto/ABRO_present_hmm.xml
----------------- Instantiating /home/travis/build/icyphy/ptII/ptolemy/domains/modal/test/auto/ABRO_present_hmm.xml
43 ms. Memory: 332288K Free: 220843K (66%)
----------------- Invoking toplevel() on ptolemy.moml.MoMLSimpleApplication@14678886
----------------- Done invoking toplevel() on ptolemy.moml.MoMLSimpleApplication@14678886
reloadAllAccessors: .ABRO_present_hmm
----------------- testing Wed May 23 18:25:49 UTC 2018 /home/travis/build/icyphy/ptII/ptolemy/domains/modal/test/auto/AMICoderExample.xml
----------------- Instantiating /home/travis/build/icyphy/ptII/ptolemy/domains/modal/test/auto/AMICoderExample.xml
24 ms. Memory: 332288K Free: 209414K (63%)
----------------- Invoking toplevel() on ptolemy.moml.MoMLSimpleApplication@1e484d8
----------------- Done invoking toplevel() on ptolemy.moml.MoMLSimpleApplication@1e484d8
reloadAllAccessors: .AMICoderExample
----------------- testing Wed May 23 18:25:49 UTC 2018 /home/travis/build/icyphy/ptII/ptolemy/domains/modal/test/auto/AbsentToPresent.xml
----------------- Instantiating /home/travis/build/icyphy/ptII/ptolemy/domains/modal/test/auto/AbsentToPresent.xml
7 ms. Memory: 332288K Free: 199457K (60%)
----------------- Invoking toplevel() on ptolemy.moml.MoMLSimpleApplication@4fd9433b
----------------- Done invoking toplevel() on ptolemy.moml.MoMLSimpleApplication@4fd9433b
reloadAllAccessors: .AbsentToPresent
----------------- testing Wed May 23 18:25:49 UTC 2018 /home/travis/build/icyphy/ptII/ptolemy/domains/modal/test/auto/Blending.xml
----------------- Instantiating /home/travis/build/icyphy/ptII/ptolemy/domains/modal/test/auto/Blending.xml
189 ms. Memory: 332288K Free: 143819K (43%)
----------------- Invoking toplevel() on ptolemy.moml.MoMLSimpleApplication@4f5511ed
----------------- Done invoking toplevel() on ptolemy.moml.MoMLSimpleApplication@4f5511ed
reloadAllAccessors: .Blending
----------------- testing Wed May 23 18:25:50 UTC 2018 /home/travis/build/icyphy/ptII/ptolemy/domains/modal/test/auto/Broadcast.xml
----------------- Instantiating /home/travis/build/icyphy/ptII/ptolemy/domains/modal/test/auto/Broadcast.xml
8 ms. Memory: 332288K Free: 130753K (39%)
----------------- Invoking toplevel() on ptolemy.moml.MoMLSimpleApplication@7e6a7bc1
----------------- Done invoking toplevel() on ptolemy.moml.MoMLSimpleApplication@7e6a7bc1
reloadAllAccessors: .Broadcast
----------------- testing Wed May 23 18:25:50 UTC 2018 /home/travis/build/icyphy/ptII/ptolemy/domains/modal/test/auto/BroadcastHierarchy.xml
----------------- Instantiating /home/travis/build/icyphy/ptII/ptolemy/domains/modal/test/auto/BroadcastHierarchy.xml
13 ms. Memory: 332288K Free: 112794K (34%)
----------------- Invoking toplevel() on ptolemy.moml.MoMLSimpleApplication@54db8d8c
----------------- Done invoking toplevel() on ptolemy.moml.MoMLSimpleApplication@54db8d8c
reloadAllAccessors: .BroadcastHierarchy
----------------- testing Wed May 23 18:25:50 UTC 2018 /home/travis/build/icyphy/ptII/ptolemy/domains/modal/test/auto/BroadcastHierarchy2.xml
----------------- Instantiating /home/travis/build/icyphy/ptII/ptolemy/domains/modal/test/auto/BroadcastHierarchy2.xml
34 ms. Memory: 332288K Free: 76853K (23%)
----------------- Invoking toplevel() on ptolemy.moml.MoMLSimpleApplication@40b9d024
----------------- Done invoking toplevel() on ptolemy.moml.MoMLSimpleApplication@40b9d024
reloadAllAccessors: .BroadcastHierarchy2
----------------- testing Wed May 23 18:25:50 UTC 2018 /home/travis/build/icyphy/ptII/ptolemy/domains/modal/test/auto/BroadcastHierarchy3.xml
----------------- Instantiating /home/travis/build/icyphy/ptII/ptolemy/domains/modal/test/auto/BroadcastHierarchy3.xml
31 ms. Memory: 333824K Free: 297433K (89%)
----------------- Invoking toplevel() on ptolemy.moml.MoMLSimpleApplication@68b32e93
----------------- Done invoking toplevel() on ptolemy.moml.MoMLSimpleApplication@68b32e93
reloadAllAccessors: .BroadcastHierarchy3
----------------- testing Wed May 23 18:25:50 UTC 2018 /home/travis/build/icyphy/ptII/ptolemy/domains/modal/test/auto/BroadcastHierarchy4.xml
----------------- Instantiating /home/travis/build/icyphy/ptII/ptolemy/domains/modal/test/auto/BroadcastHierarchy4.xml
17 ms. Memory: 333824K Free: 264456K (79%)
----------------- Invoking toplevel() on ptolemy.moml.MoMLSimpleApplication@18bb490e
----------------- Done invoking toplevel() on ptolemy.moml.MoMLSimpleApplication@18bb490e
reloadAllAccessors: .BroadcastHierarchy4
----------------- testing Wed May 23 18:25:50 UTC 2018 /home/travis/build/icyphy/ptII/ptolemy/domains/modal/test/auto/CannotAnalysisWithPreemption2.xml
----------------- Instantiating /home/travis/build/icyphy/ptII/ptolemy/domains/modal/test/auto/CannotAnalysisWithPreemption2.xml
4 ms. Memory: 333824K Free: 255860K (77%)
----------------- Invoking toplevel() on ptolemy.moml.MoMLSimpleApplication@50b8f100
----------------- Done invoking toplevel() on ptolemy.moml.MoMLSimpleApplication@50b8f100
reloadAllAccessors: .CannotAnalysisWithPreemption2
----------------- testing Wed May 23 18:25:50 UTC 2018 /home/travis/build/icyphy/ptII/ptolemy/domains/modal/test/auto/CannotAnalysisWithPreemption3.xml
----------------- Instantiating /home/travis/build/icyphy/ptII/ptolemy/domains/modal/test/auto/CannotAnalysisWithPreemption3.xml
3 ms. Memory: 333824K Free: 243600K (73%)
----------------- Invoking toplevel() on ptolemy.moml.MoMLSimpleApplication@27755eab
----------------- Done invoking toplevel() on ptolemy.moml.MoMLSimpleApplication@27755eab
reloadAllAccessors: .CannotAnalysisWithPreemption3
----------------- testing Wed May 23 18:25:50 UTC 2018 /home/travis/build/icyphy/ptII/ptolemy/domains/modal/test/auto/CannotProduce.xml
----------------- Instantiating /home/travis/build/icyphy/ptII/ptolemy/domains/modal/test/auto/CannotProduce.xml
7 ms. Memory: 333824K Free: 233946K (70%)
----------------- Invoking toplevel() on ptolemy.moml.MoMLSimpleApplication@28728f79
----------------- Done invoking toplevel() on ptolemy.moml.MoMLSimpleApplication@28728f79
reloadAllAccessors: .CannotProduce
----------------- testing Wed May 23 18:25:50 UTC 2018 /home/travis/build/icyphy/ptII/ptolemy/domains/modal/test/auto/CannotProduceModal.xml
----------------- Instantiating /home/travis/build/icyphy/ptII/ptolemy/domains/modal/test/auto/CannotProduceModal.xml
13 ms. Memory: 333824K Free: 225366K (68%)
----------------- Invoking toplevel() on ptolemy.moml.MoMLSimpleApplication@2be8ffe3
----------------- Done invoking toplevel() on ptolemy.moml.MoMLSimpleApplication@2be8ffe3
reloadAllAccessors: .CannotProduceModal
----------------- testing Wed May 23 18:25:51 UTC 2018 /home/travis/build/icyphy/ptII/ptolemy/domains/modal/test/auto/Case.xml
----------------- Instantiating /home/travis/build/icyphy/ptII/ptolemy/domains/modal/test/auto/Case.xml
42 ms. Memory: 333824K Free: 213074K (64%)
----------------- Invoking toplevel() on ptolemy.moml.MoMLSimpleApplication@10a19a47
----------------- Done invoking toplevel() on ptolemy.moml.MoMLSimpleApplication@10a19a47
reloadAllAccessors: .Case
----------------- testing Wed May 23 18:25:51 UTC 2018 /home/travis/build/icyphy/ptII/ptolemy/domains/modal/test/auto/Case1.xml
----------------- Instantiating /home/travis/build/icyphy/ptII/ptolemy/domains/modal/test/auto/Case1.xml
11 ms. Memory: 333824K Free: 202190K (61%)
----------------- Invoking toplevel() on ptolemy.moml.MoMLSimpleApplication@44fea9b4
----------------- Done invoking toplevel() on ptolemy.moml.MoMLSimpleApplication@44fea9b4
reloadAllAccessors: .Case1
----------------- testing Wed May 23 18:25:51 UTC 2018 /home/travis/build/icyphy/ptII/ptolemy/domains/modal/test/auto/Case2.xml
----------------- Instantiating /home/travis/build/icyphy/ptII/ptolemy/domains/modal/test/auto/Case2.xml
19 ms. Memory: 333824K Free: 189899K (57%)
----------------- Invoking toplevel() on ptolemy.moml.MoMLSimpleApplication@35bda9d8
----------------- Done invoking toplevel() on ptolemy.moml.MoMLSimpleApplication@35bda9d8
reloadAllAccessors: .Case2
----------------- testing Wed May 23 18:25:51 UTC 2018 /home/travis/build/icyphy/ptII/ptolemy/domains/modal/test/auto/CausalityInterface1.xml
----------------- Instantiating /home/travis/build/icyphy/ptII/ptolemy/domains/modal/test/auto/CausalityInterface1.xml
3 ms. Memory: 333824K Free: 183785K (55%)
----------------- Invoking toplevel() on ptolemy.moml.MoMLSimpleApplication@1c596e19
----------------- Done invoking toplevel() on ptolemy.moml.MoMLSimpleApplication@1c596e19
reloadAllAccessors: .CausalityInterface1
----------------- testing Wed May 23 18:25:51 UTC 2018 /home/travis/build/icyphy/ptII/ptolemy/domains/modal/test/auto/CausalityInterface10.xml
----------------- Instantiating /home/travis/build/icyphy/ptII/ptolemy/domains/modal/test/auto/CausalityInterface10.xml
15 ms. Memory: 333824K Free: 165573K (50%)
----------------- Invoking toplevel() on ptolemy.moml.MoMLSimpleApplication@68249843
----------------- Done invoking toplevel() on ptolemy.moml.MoMLSimpleApplication@68249843
reloadAllAccessors: .CausalityInterface10
----------------- testing Wed May 23 18:25:51 UTC 2018 /home/travis/build/icyphy/ptII/ptolemy/domains/modal/test/auto/CausalityInterface11.xml
----------------- Instantiating /home/travis/build/icyphy/ptII/ptolemy/domains/modal/test/auto/CausalityInterface11.xml
6 ms. Memory: 333824K Free: 150823K (45%)
----------------- Invoking toplevel() on ptolemy.moml.MoMLSimpleApplication@36f31583
----------------- Done invoking toplevel() on ptolemy.moml.MoMLSimpleApplication@36f31583
reloadAllAccessors: .CausalityInterface11
----------------- testing Wed May 23 18:25:51 UTC 2018 /home/travis/build/icyphy/ptII/ptolemy/domains/modal/test/auto/CausalityInterface12.xml
----------------- Instantiating /home/travis/build/icyphy/ptII/ptolemy/domains/modal/test/auto/CausalityInterface12.xml
5 ms. Memory: 333824K Free: 136089K (41%)
----------------- Invoking toplevel() on ptolemy.moml.MoMLSimpleApplication@32f236c5
----------------- Done invoking toplevel() on ptolemy.moml.MoMLSimpleApplication@32f236c5
reloadAllAccessors: .CausalityInterface12
----------------- testing Wed May 23 18:25:51 UTC 2018 /home/travis/build/icyphy/ptII/ptolemy/domains/modal/test/auto/CausalityInterface13.xml
----------------- Instantiating /home/travis/build/icyphy/ptII/ptolemy/domains/modal/test/auto/CausalityInterface13.xml
20 ms. Memory: 333824K Free: 116562K (35%)
----------------- Invoking toplevel() on ptolemy.moml.MoMLSimpleApplication@601d5f8d
----------------- Done invoking toplevel() on ptolemy.moml.MoMLSimpleApplication@601d5f8d
reloadAllAccessors: .CausalityInterface13
----------------- testing Wed May 23 18:25:51 UTC 2018 /home/travis/build/icyphy/ptII/ptolemy/domains/modal/test/auto/CausalityInterface14.xml
----------------- Instantiating /home/travis/build/icyphy/ptII/ptolemy/domains/modal/test/auto/CausalityInterface14.xml
9 ms. Memory: 333824K Free: 99362K (30%)
----------------- Invoking toplevel() on ptolemy.moml.MoMLSimpleApplication@4f7c99a6
----------------- Done invoking toplevel() on ptolemy.moml.MoMLSimpleApplication@4f7c99a6
reloadAllAccessors: .CausalityInterface14
----------------- testing Wed May 23 18:25:51 UTC 2018 /home/travis/build/icyphy/ptII/ptolemy/domains/modal/test/auto/CausalityInterface2.xml
----------------- Instantiating /home/travis/build/icyphy/ptII/ptolemy/domains/modal/test/auto/CausalityInterface2.xml
3 ms. Memory: 333824K Free: 92018K (28%)
----------------- Invoking toplevel() on ptolemy.moml.MoMLSimpleApplication@3c42dbba
----------------- Done invoking toplevel() on ptolemy.moml.MoMLSimpleApplication@3c42dbba
reloadAllAccessors: .CausalityInterface2
----------------- testing Wed May 23 18:25:51 UTC 2018 /home/travis/build/icyphy/ptII/ptolemy/domains/modal/test/auto/CausalityInterface3.xml
----------------- Instantiating /home/travis/build/icyphy/ptII/ptolemy/domains/modal/test/auto/CausalityInterface3.xml
7 ms. Memory: 333824K Free: 82380K (25%)
----------------- Invoking toplevel() on ptolemy.moml.MoMLSimpleApplication@214c7ffa
----------------- Done invoking toplevel() on ptolemy.moml.MoMLSimpleApplication@214c7ffa
reloadAllAccessors: .CausalityInterface3
----------------- testing Wed May 23 18:25:51 UTC 2018 /home/travis/build/icyphy/ptII/ptolemy/domains/modal/test/auto/CausalityInterface4.xml
----------------- Instantiating /home/travis/build/icyphy/ptII/ptolemy/domains/modal/test/auto/CausalityInterface4.xml
6 ms. Memory: 578560K Free: 561439K (97%)
----------------- Invoking toplevel() on ptolemy.moml.MoMLSimpleApplication@1772253d
----------------- Done invoking toplevel() on ptolemy.moml.MoMLSimpleApplication@1772253d
reloadAllAccessors: .CausalityInterface4
----------------- testing Wed May 23 18:25:51 UTC 2018 /home/travis/build/icyphy/ptII/ptolemy/domains/modal/test/auto/CausalityInterface5.xml
----------------- Instantiating /home/travis/build/icyphy/ptII/ptolemy/domains/modal/test/auto/CausalityInterface5.xml
6 ms. Memory: 578560K Free: 545258K (94%)
----------------- Invoking toplevel() on ptolemy.moml.MoMLSimpleApplication@61e26f62
----------------- Done invoking toplevel() on ptolemy.moml.MoMLSimpleApplication@61e26f62
reloadAllAccessors: .CausalityInterface5
----------------- testing Wed May 23 18:25:51 UTC 2018 /home/travis/build/icyphy/ptII/ptolemy/domains/modal/test/auto/CausalityInterface6.xml
----------------- Instantiating /home/travis/build/icyphy/ptII/ptolemy/domains/modal/test/auto/CausalityInterface6.xml
5 ms. Memory: 578560K Free: 532217K (92%)
----------------- Invoking toplevel() on ptolemy.moml.MoMLSimpleApplication@437fede5
----------------- Done invoking toplevel() on ptolemy.moml.MoMLSimpleApplication@437fede5
reloadAllAccessors: .CausalityInterface6
----------------- testing Wed May 23 18:25:51 UTC 2018 /home/travis/build/icyphy/ptII/ptolemy/domains/modal/test/auto/CausalityInterface7.xml
----------------- Instantiating /home/travis/build/icyphy/ptII/ptolemy/domains/modal/test/auto/CausalityInterface7.xml
7 ms. Memory: 578560K Free: 518936K (90%)
----------------- Invoking toplevel() on ptolemy.moml.MoMLSimpleApplication@1b7dda78
----------------- Done invoking toplevel() on ptolemy.moml.MoMLSimpleApplication@1b7dda78
reloadAllAccessors: .CausalityInterface7
----------------- testing Wed May 23 18:25:51 UTC 2018 /home/travis/build/icyphy/ptII/ptolemy/domains/modal/test/auto/CausalityInterface8.xml
----------------- Instantiating /home/travis/build/icyphy/ptII/ptolemy/domains/modal/test/auto/CausalityInterface8.xml
5 ms. Memory: 578560K Free: 505894K (87%)
----------------- Invoking toplevel() on ptolemy.moml.MoMLSimpleApplication@79775bda
----------------- Done invoking toplevel() on ptolemy.moml.MoMLSimpleApplication@79775bda
reloadAllAccessors: .CausalityInterface8
----------------- testing Wed May 23 18:25:51 UTC 2018 /home/travis/build/icyphy/ptII/ptolemy/domains/modal/test/auto/CausalityInterface9.xml
----------------- Instantiating /home/travis/build/icyphy/ptII/ptolemy/domains/modal/test/auto/CausalityInterface9.xml
7 ms. Memory: 578560K Free: 489706K (85%)
----------------- Invoking toplevel() on ptolemy.moml.MoMLSimpleApplication@1c7cc7c8
----------------- Done invoking toplevel() on ptolemy.moml.MoMLSimpleApplication@1c7cc7c8
reloadAllAccessors: .CausalityInterface9
----------------- testing Wed May 23 18:25:51 UTC 2018 /home/travis/build/icyphy/ptII/ptolemy/domains/modal/test/auto/ChainedTransitions.xml
----------------- Instantiating /home/travis/build/icyphy/ptII/ptolemy/domains/modal/test/auto/ChainedTransitions.xml
110 ms. Memory: 578560K Free: 460351K (80%)
----------------- Invoking toplevel() on ptolemy.moml.MoMLSimpleApplication@4a562cfd
----------------- Done invoking toplevel() on ptolemy.moml.MoMLSimpleApplication@4a562cfd
reloadAllAccessors: .ChainedTransitions
----------------- testing Wed May 23 18:25:52 UTC 2018 /home/travis/build/icyphy/ptII/ptolemy/domains/modal/test/auto/CycleOfImmediateTransitionsFSM.xml
----------------- Instantiating /home/travis/build/icyphy/ptII/ptolemy/domains/modal/test/auto/CycleOfImmediateTransitionsFSM.xml
3 ms. Memory: 578560K Free: 450566K (78%)
----------------- Invoking toplevel() on ptolemy.moml.MoMLSimpleApplication@5e05ab52
----------------- Done invoking toplevel() on ptolemy.moml.MoMLSimpleApplication@5e05ab52
reloadAllAccessors: .CycleOfImmediateTransitionsFSM
----------------- testing Wed May 23 18:25:52 UTC 2018 /home/travis/build/icyphy/ptII/ptolemy/domains/modal/test/auto/CycleOfImmediateTransitionsModal.xml
----------------- Instantiating /home/travis/build/icyphy/ptII/ptolemy/domains/modal/test/auto/CycleOfImmediateTransitionsModal.xml
5 ms. Memory: 578560K Free: 440781K (76%)
----------------- Invoking toplevel() on ptolemy.moml.MoMLSimpleApplication@4e53a146
----------------- Done invoking toplevel() on ptolemy.moml.MoMLSimpleApplication@4e53a146
reloadAllAccessors: .CycleOfImmediateTransitionsModal
----------------- testing Wed May 23 18:25:52 UTC 2018 /home/travis/build/icyphy/ptII/ptolemy/domains/modal/test/auto/CycleOfImmediateTransitionsModal2.xml
----------------- Instantiating /home/travis/build/icyphy/ptII/ptolemy/domains/modal/test/auto/CycleOfImmediateTransitionsModal2.xml
9 ms. Memory: 578560K Free: 427857K (74%)
----------------- Invoking toplevel() on ptolemy.moml.MoMLSimpleApplication@5e3a4e00
----------------- Done invoking toplevel() on ptolemy.moml.MoMLSimpleApplication@5e3a4e00
reloadAllAccessors: .CycleOfImmediateTransitionsModal2
----------------- testing Wed May 23 18:25:52 UTC 2018 /home/travis/build/icyphy/ptII/ptolemy/domains/modal/test/auto/CycleOfImmediateTransitionsModal3.xml
----------------- Instantiating /home/travis/build/icyphy/ptII/ptolemy/domains/modal/test/auto/CycleOfImmediateTransitionsModal3.xml
12 ms. Memory: 578560K Free: 398502K (69%)
----------------- Invoking toplevel() on ptolemy.moml.MoMLSimpleApplication@9888015
----------------- Done invoking toplevel() on ptolemy.moml.MoMLSimpleApplication@9888015
reloadAllAccessors: .CycleOfImmediateTransitionsModal3
----------------- testing Wed May 23 18:25:52 UTC 2018 /home/travis/build/icyphy/ptII/ptolemy/domains/modal/test/auto/DeepModal1.xml
----------------- Instantiating /home/travis/build/icyphy/ptII/ptolemy/domains/modal/test/auto/DeepModal1.xml
30 ms. Memory: 578560K Free: 378931K (65%)
----------------- Invoking toplevel() on ptolemy.moml.MoMLSimpleApplication@4157c41
----------------- Done invoking toplevel() on ptolemy.moml.MoMLSimpleApplication@4157c41
reloadAllAccessors: .DeepModal1
----------------- testing Wed May 23 18:25:52 UTC 2018 /home/travis/build/icyphy/ptII/ptolemy/domains/modal/test/auto/DeepModal2.xml
----------------- Instantiating /home/travis/build/icyphy/ptII/ptolemy/domains/modal/test/auto/DeepModal2.xml
30 ms. Memory: 578560K Free: 356105K (62%)
----------------- Invoking toplevel() on ptolemy.moml.MoMLSimpleApplication@6624ad3e
----------------- Done invoking toplevel() on ptolemy.moml.MoMLSimpleApplication@6624ad3e
reloadAllAccessors: .DeepModal2
----------------- testing Wed May 23 18:25:52 UTC 2018 /home/travis/build/icyphy/ptII/ptolemy/domains/modal/test/auto/DeepModal3.xml
----------------- Instantiating /home/travis/build/icyphy/ptII/ptolemy/domains/modal/test/auto/DeepModal3.xml
40 ms. Memory: 578560K Free: 330115K (57%)
----------------- Invoking toplevel() on ptolemy.moml.MoMLSimpleApplication@5d4aca85
----------------- Done invoking toplevel() on ptolemy.moml.MoMLSimpleApplication@5d4aca85
reloadAllAccessors: .DeepModal3
----------------- testing Wed May 23 18:25:52 UTC 2018 /home/travis/build/icyphy/ptII/ptolemy/domains/modal/test/auto/DeepModal4.xml
----------------- Instantiating /home/travis/build/icyphy/ptII/ptolemy/domains/modal/test/auto/DeepModal4.xml
35 ms. Memory: 578560K Free: 307281K (53%)
----------------- Invoking toplevel() on ptolemy.moml.MoMLSimpleApplication@5930df1b
----------------- Done invoking toplevel() on ptolemy.moml.MoMLSimpleApplication@5930df1b
reloadAllAccessors: .DeepModal4
----------------- testing Wed May 23 18:25:52 UTC 2018 /home/travis/build/icyphy/ptII/ptolemy/domains/modal/test/auto/Default1.xml
----------------- Instantiating /home/travis/build/icyphy/ptII/ptolemy/domains/modal/test/auto/Default1.xml
3 ms. Memory: 578560K Free: 297512K (51%)
----------------- Invoking toplevel() on ptolemy.moml.MoMLSimpleApplication@5b303dac
----------------- Done invoking toplevel() on ptolemy.moml.MoMLSimpleApplication@5b303dac
reloadAllAccessors: .Default1
----------------- testing Wed May 23 18:25:52 UTC 2018 /home/travis/build/icyphy/ptII/ptolemy/domains/modal/test/auto/Default2.xml
----------------- Instantiating /home/travis/build/icyphy/ptII/ptolemy/domains/modal/test/auto/Default2.xml
2 ms. Memory: 578560K Free: 287727K (50%)
----------------- Invoking toplevel() on ptolemy.moml.MoMLSimpleApplication@1379774a
----------------- Done invoking toplevel() on ptolemy.moml.MoMLSimpleApplication@1379774a
reloadAllAccessors: .Default2
----------------- testing Wed May 23 18:25:52 UTC 2018 /home/travis/build/icyphy/ptII/ptolemy/domains/modal/test/auto/Default3.xml
----------------- Instantiating /home/travis/build/icyphy/ptII/ptolemy/domains/modal/test/auto/Default3.xml
3 ms. Memory: 578560K Free: 274794K (47%)
----------------- Invoking toplevel() on ptolemy.moml.MoMLSimpleApplication@2d8f13b0
----------------- Done invoking toplevel() on ptolemy.moml.MoMLSimpleApplication@2d8f13b0
reloadAllAccessors: .Default3
----------------- testing Wed May 23 18:25:52 UTC 2018 /home/travis/build/icyphy/ptII/ptolemy/domains/modal/test/auto/Default4.xml
----------------- Instantiating /home/travis/build/icyphy/ptII/ptolemy/domains/modal/test/auto/Default4.xml
2 ms. Memory: 578560K Free: 265017K (46%)
----------------- Invoking toplevel() on ptolemy.moml.MoMLSimpleApplication@5b0c86b0
----------------- Done invoking toplevel() on ptolemy.moml.MoMLSimpleApplication@5b0c86b0
reloadAllAccessors: .Default4
----------------- testing Wed May 23 18:25:52 UTC 2018 /home/travis/build/icyphy/ptII/ptolemy/domains/modal/test/auto/Default5.xml
----------------- Instantiating /home/travis/build/icyphy/ptII/ptolemy/domains/modal/test/auto/Default5.xml
7 ms. Memory: 578560K Free: 251976K (44%)
----------------- Invoking toplevel() on ptolemy.moml.MoMLSimpleApplication@30423408
----------------- Done invoking toplevel() on ptolemy.moml.MoMLSimpleApplication@30423408
reloadAllAccessors: .Default5
----------------- testing Wed May 23 18:25:52 UTC 2018 /home/travis/build/icyphy/ptII/ptolemy/domains/modal/test/auto/EmptyGuard.xml
----------------- Instantiating /home/travis/build/icyphy/ptII/ptolemy/domains/modal/test/auto/EmptyGuard.xml
14 ms. Memory: 578560K Free: 242191K (42%)
----------------- Invoking toplevel() on ptolemy.moml.MoMLSimpleApplication@65259625
----------------- Done invoking toplevel() on ptolemy.moml.MoMLSimpleApplication@65259625
reloadAllAccessors: .EmptyGuard
----------------- testing Wed May 23 18:25:52 UTC 2018 /home/travis/build/icyphy/ptII/ptolemy/domains/modal/test/auto/ErrorTransition1.xml
----------------- Instantiating /home/travis/build/icyphy/ptII/ptolemy/domains/modal/test/auto/ErrorTransition1.xml
7 ms. Memory: 578560K Free: 225986K (39%)
----------------- Invoking toplevel() on ptolemy.moml.MoMLSimpleApplication@75217c8
----------------- Done invoking toplevel() on ptolemy.moml.MoMLSimpleApplication@75217c8
reloadAllAccessors: .ErrorTransition1
----------------- testing Wed May 23 18:25:52 UTC 2018 /home/travis/build/icyphy/ptII/ptolemy/domains/modal/test/auto/ErrorTransition10.xml
----------------- Instantiating /home/travis/build/icyphy/ptII/ptolemy/domains/modal/test/auto/ErrorTransition10.xml
11 ms. Memory: 578560K Free: 209689K (36%)
----------------- Invoking toplevel() on ptolemy.moml.MoMLSimpleApplication@7954755b
----------------- Done invoking toplevel() on ptolemy.moml.MoMLSimpleApplication@7954755b
reloadAllAccessors: .ErrorTransition10
----------------- testing Wed May 23 18:25:52 UTC 2018 /home/travis/build/icyphy/ptII/ptolemy/domains/modal/test/auto/ErrorTransition11.xml
----------------- Instantiating /home/travis/build/icyphy/ptII/ptolemy/domains/modal/test/auto/ErrorTransition11.xml
5 ms. Memory: 578560K Free: 193383K (33%)
----------------- Invoking toplevel() on ptolemy.moml.MoMLSimpleApplication@41833988
----------------- Done invoking toplevel() on ptolemy.moml.MoMLSimpleApplication@41833988
reloadAllAccessors: .ErrorTransition11
----------------- testing Wed May 23 18:25:52 UTC 2018 /home/travis/build/icyphy/ptII/ptolemy/domains/modal/test/auto/ErrorTransition2.xml
----------------- Instantiating /home/travis/build/icyphy/ptII/ptolemy/domains/modal/test/auto/ErrorTransition2.xml
6 ms. Memory: 578560K Free: 180341K (31%)
----------------- Invoking toplevel() on ptolemy.moml.MoMLSimpleApplication@75b9d4e4
----------------- Done invoking toplevel() on ptolemy.moml.MoMLSimpleApplication@75b9d4e4
reloadAllAccessors: .ErrorTransition2
----------------- testing Wed May 23 18:25:53 UTC 2018 /home/travis/build/icyphy/ptII/ptolemy/domains/modal/test/auto/ErrorTransition3.xml
----------------- Instantiating /home/travis/build/icyphy/ptII/ptolemy/domains/modal/test/auto/ErrorTransition3.xml
12 ms. Memory: 578560K Free: 167315K (29%)
----------------- Invoking toplevel() on ptolemy.moml.MoMLSimpleApplication@4760836b
----------------- Done invoking toplevel() on ptolemy.moml.MoMLSimpleApplication@4760836b
reloadAllAccessors: .ErrorTransition3
----------------- testing Wed May 23 18:25:53 UTC 2018 /home/travis/build/icyphy/ptII/ptolemy/domains/modal/test/auto/ErrorTransition4.xml
----------------- Instantiating /home/travis/build/icyphy/ptII/ptolemy/domains/modal/test/auto/ErrorTransition4.xml
10 ms. Memory: 578560K Free: 151127K (26%)
----------------- Invoking toplevel() on ptolemy.moml.MoMLSimpleApplication@7c2e8cb4
----------------- Done invoking toplevel() on ptolemy.moml.MoMLSimpleApplication@7c2e8cb4
reloadAllAccessors: .ErrorTransition4
----------------- testing Wed May 23 18:25:53 UTC 2018 /home/travis/build/icyphy/ptII/ptolemy/domains/modal/test/auto/ErrorTransition5.xml
----------------- Instantiating /home/travis/build/icyphy/ptII/ptolemy/domains/modal/test/auto/ErrorTransition5.xml
6 ms. Memory: 578560K Free: 138101K (24%)
----------------- Invoking toplevel() on ptolemy.moml.MoMLSimpleApplication@2dfef037
----------------- Done invoking toplevel() on ptolemy.moml.MoMLSimpleApplication@2dfef037
reloadAllAccessors: .ErrorTransition5
----------------- testing Wed May 23 18:25:53 UTC 2018 /home/travis/build/icyphy/ptII/ptolemy/domains/modal/test/auto/ErrorTransition6.xml
----------------- Instantiating /home/travis/build/icyphy/ptII/ptolemy/domains/modal/test/auto/ErrorTransition6.xml
8 ms. Memory: 578560K Free: 125060K (22%)
----------------- Invoking toplevel() on ptolemy.moml.MoMLSimpleApplication@18891842
----------------- Done invoking toplevel() on ptolemy.moml.MoMLSimpleApplication@18891842
reloadAllAccessors: .ErrorTransition6
----------------- testing Wed May 23 18:25:53 UTC 2018 /home/travis/build/icyphy/ptII/ptolemy/domains/modal/test/auto/ErrorTransition7.xml
----------------- Instantiating /home/travis/build/icyphy/ptII/ptolemy/domains/modal/test/auto/ErrorTransition7.xml
16 ms. Memory: 578560K Free: 108746K (19%)
----------------- Invoking toplevel() on ptolemy.moml.MoMLSimpleApplication@1015b417
----------------- Done invoking toplevel() on ptolemy.moml.MoMLSimpleApplication@1015b417
reloadAllAccessors: .ErrorTransition7
----------------- testing Wed May 23 18:25:53 UTC 2018 /home/travis/build/icyphy/ptII/ptolemy/domains/modal/test/auto/ErrorTransition8.xml
----------------- Instantiating /home/travis/build/icyphy/ptII/ptolemy/domains/modal/test/auto/ErrorTransition8.xml
42 ms. Memory: 578560K Free: 89285K (15%)
----------------- Invoking toplevel() on ptolemy.moml.MoMLSimpleApplication@10283cd2
----------------- Done invoking toplevel() on ptolemy.moml.MoMLSimpleApplication@10283cd2
reloadAllAccessors: .ErrorTransition8
----------------- testing Wed May 23 18:25:53 UTC 2018 /home/travis/build/icyphy/ptII/ptolemy/domains/modal/test/auto/ErrorTransition9.xml
----------------- Instantiating /home/travis/build/icyphy/ptII/ptolemy/domains/modal/test/auto/ErrorTransition9.xml
14 ms. Memory: 578560K Free: 562869K (97%)
----------------- Invoking toplevel() on ptolemy.moml.MoMLSimpleApplication@61f48b4
----------------- Done invoking toplevel() on ptolemy.moml.MoMLSimpleApplication@61f48b4
reloadAllAccessors: .ErrorTransition9
----------------- testing Wed May 23 18:25:53 UTC 2018 /home/travis/build/icyphy/ptII/ptolemy/domains/modal/test/auto/ExtendedFSM.xml
----------------- Instantiating /home/travis/build/icyphy/ptII/ptolemy/domains/modal/test/auto/ExtendedFSM.xml
11 ms. Memory: 578560K Free: 550879K (95%)
----------------- Invoking toplevel() on ptolemy.moml.MoMLSimpleApplication@10b0b697
----------------- Done invoking toplevel() on ptolemy.moml.MoMLSimpleApplication@10b0b697
reloadAllAccessors: .ExtendedFSM
----------------- testing Wed May 23 18:25:53 UTC 2018 /home/travis/build/icyphy/ptII/ptolemy/domains/modal/test/auto/FinalStates.xml
----------------- Instantiating /home/travis/build/icyphy/ptII/ptolemy/domains/modal/test/auto/FinalStates.xml
14 ms. Memory: 578560K Free: 541094K (94%)
----------------- Invoking toplevel() on ptolemy.moml.MoMLSimpleApplication@21416ac9
----------------- Done invoking toplevel() on ptolemy.moml.MoMLSimpleApplication@21416ac9
reloadAllAccessors: .FinalStates
----------------- testing Wed May 23 18:25:53 UTC 2018 /home/travis/build/icyphy/ptII/ptolemy/domains/modal/test/auto/FixedPointFSM.xml
----------------- Instantiating /home/travis/build/icyphy/ptII/ptolemy/domains/modal/test/auto/FixedPointFSM.xml
24 ms. Memory: 578560K Free: 519318K (90%)
----------------- Invoking toplevel() on ptolemy.moml.MoMLSimpleApplication@5374c282
----------------- Done invoking toplevel() on ptolemy.moml.MoMLSimpleApplication@5374c282
reloadAllAccessors: .FixedPointFSM
----------------- testing Wed May 23 18:25:53 UTC 2018 /home/travis/build/icyphy/ptII/ptolemy/domains/modal/test/auto/FixedPointIterationFSMActor.xml
----------------- Instantiating /home/travis/build/icyphy/ptII/ptolemy/domains/modal/test/auto/FixedPointIterationFSMActor.xml
6 ms. Memory: 578560K Free: 506276K (88%)
----------------- Invoking toplevel() on ptolemy.moml.MoMLSimpleApplication@26bb513b
----------------- Done invoking toplevel() on ptolemy.moml.MoMLSimpleApplication@26bb513b
reloadAllAccessors: .FixedPointIterationFSMActor
----------------- testing Wed May 23 18:25:53 UTC 2018 /home/travis/build/icyphy/ptII/ptolemy/domains/modal/test/auto/FixedPointIterationFSMActor2.xml
----------------- Instantiating /home/travis/build/icyphy/ptII/ptolemy/domains/modal/test/auto/FixedPointIterationFSMActor2.xml
9 ms. Memory: 578560K Free: 489823K (85%)
----------------- Invoking toplevel() on ptolemy.moml.MoMLSimpleApplication@4daca93e
----------------- Done invoking toplevel() on ptolemy.moml.MoMLSimpleApplication@4daca93e
reloadAllAccessors: .FixedPointIterationFSMActor2
----------------- testing Wed May 23 18:25:53 UTC 2018 /home/travis/build/icyphy/ptII/ptolemy/domains/modal/test/auto/ForbiddenInstantanousLoop.xml
----------------- Instantiating /home/travis/build/icyphy/ptII/ptolemy/domains/modal/test/auto/ForbiddenInstantanousLoop.xml
5 ms. Memory: 578560K Free: 471318K (81%)
----------------- Invoking toplevel() on ptolemy.moml.MoMLSimpleApplication@3b650e51
----------------- Done invoking toplevel() on ptolemy.moml.MoMLSimpleApplication@3b650e51
reloadAllAccessors: .ForbiddenInstantanousLoop
----------------- testing Wed May 23 18:25:53 UTC 2018 /home/travis/build/icyphy/ptII/ptolemy/domains/modal/test/auto/FunctionDependencyOfFSMActorTest.xml
----------------- Instantiating /home/travis/build/icyphy/ptII/ptolemy/domains/modal/test/auto/FunctionDependencyOfFSMActorTest.xml
6 ms. Memory: 578560K Free: 461533K (80%)
----------------- Invoking toplevel() on ptolemy.moml.MoMLSimpleApplication@40cad0d9
----------------- Done invoking toplevel() on ptolemy.moml.MoMLSimpleApplication@40cad0d9
reloadAllAccessors: .FunctionDependencyOfFSMActorTest
----------------- testing Wed May 23 18:25:53 UTC 2018 /home/travis/build/icyphy/ptII/ptolemy/domains/modal/test/auto/GuardExpression.xml
----------------- Instantiating /home/travis/build/icyphy/ptII/ptolemy/domains/modal/test/auto/GuardExpression.xml
7 ms. Memory: 578560K Free: 451748K (78%)
----------------- Invoking toplevel() on ptolemy.moml.MoMLSimpleApplication@7928ecd5
----------------- Done invoking toplevel() on ptolemy.moml.MoMLSimpleApplication@7928ecd5
reloadAllAccessors: .GuardExpression
----------------- testing Wed May 23 18:25:53 UTC 2018 /home/travis/build/icyphy/ptII/ptolemy/domains/modal/test/auto/GuardNotEvaluated.xml
----------------- Instantiating /home/travis/build/icyphy/ptII/ptolemy/domains/modal/test/auto/GuardNotEvaluated.xml
8 ms. Memory: 578560K Free: 436501K (75%)
----------------- Invoking toplevel() on ptolemy.moml.MoMLSimpleApplication@5cd57379
----------------- Done invoking toplevel() on ptolemy.moml.MoMLSimpleApplication@5cd57379
reloadAllAccessors: .GuardNotEvaluated
----------------- testing Wed May 23 18:25:53 UTC 2018 /home/travis/build/icyphy/ptII/ptolemy/domains/modal/test/auto/GuardNotEvaluated2.xml
----------------- Instantiating /home/travis/build/icyphy/ptII/ptolemy/domains/modal/test/auto/GuardNotEvaluated2.xml
9 ms. Memory: 578560K Free: 423460K (73%)
----------------- Invoking toplevel() on ptolemy.moml.MoMLSimpleApplication@7e31d4e5
----------------- Done invoking toplevel() on ptolemy.moml.MoMLSimpleApplication@7e31d4e5
reloadAllAccessors: .GuardNotEvaluated2
----------------- testing Wed May 23 18:25:53 UTC 2018 /home/travis/build/icyphy/ptII/ptolemy/domains/modal/test/auto/GuardOnAbsent.xml
----------------- Instantiating /home/travis/build/icyphy/ptII/ptolemy/domains/modal/test/auto/GuardOnAbsent.xml
9 ms. Memory: 578560K Free: 413675K (72%)
----------------- Invoking toplevel() on ptolemy.moml.MoMLSimpleApplication@588517a2
----------------- Done invoking toplevel() on ptolemy.moml.MoMLSimpleApplication@588517a2
reloadAllAccessors: .GuardOnAbsent
----------------- testing Wed May 23 18:25:53 UTC 2018 /home/travis/build/icyphy/ptII/ptolemy/domains/modal/test/auto/HierarchicalFSMTypeInference.xml
----------------- Instantiating /home/travis/build/icyphy/ptII/ptolemy/domains/modal/test/auto/HierarchicalFSMTypeInference.xml
4 ms. Memory: 578560K Free: 395156K (68%)
----------------- Invoking toplevel() on ptolemy.moml.MoMLSimpleApplication@59a7ff44
----------------- Done invoking toplevel() on ptolemy.moml.MoMLSimpleApplication@59a7ff44
reloadAllAccessors: .HierarchicalFSMTypeInference
----------------- testing Wed May 23 18:25:53 UTC 2018 /home/travis/build/icyphy/ptII/ptolemy/domains/modal/test/auto/Hysteresis.xml
----------------- Instantiating /home/travis/build/icyphy/ptII/ptolemy/domains/modal/test/auto/Hysteresis.xml
17 ms. Memory: 578560K Free: 375569K (65%)
----------------- Invoking toplevel() on ptolemy.moml.MoMLSimpleApplication@1c0e64d
----------------- Done invoking toplevel() on ptolemy.moml.MoMLSimpleApplication@1c0e64d
reloadAllAccessors: .Hysteresis
----------------- testing Wed May 23 18:25:53 UTC 2018 /home/travis/build/icyphy/ptII/ptolemy/domains/modal/test/auto/HysteresisWithDefault.xml
----------------- Instantiating /home/travis/build/icyphy/ptII/ptolemy/domains/modal/test/auto/HysteresisWithDefault.xml
47 ms. Memory: 578560K Free: 349471K (60%)
----------------- Invoking toplevel() on ptolemy.moml.MoMLSimpleApplication@7c3433d6
----------------- Done invoking toplevel() on ptolemy.moml.MoMLSimpleApplication@7c3433d6
reloadAllAccessors: .HysteresisWithDefault
----------------- testing Wed May 23 18:25:53 UTC 2018 /home/travis/build/icyphy/ptII/ptolemy/domains/modal/test/auto/HysteresisWithDefault2.xml
----------------- Instantiating /home/travis/build/icyphy/ptII/ptolemy/domains/modal/test/auto/HysteresisWithDefault2.xml
55 ms. Memory: 578560K Free: 314629K (54%)
----------------- Invoking toplevel() on ptolemy.moml.MoMLSimpleApplication@31220f91
----------------- Done invoking toplevel() on ptolemy.moml.MoMLSimpleApplication@31220f91
reloadAllAccessors: .HysteresisWithDefault2
----------------- testing Wed May 23 18:25:54 UTC 2018 /home/travis/build/icyphy/ptII/ptolemy/domains/modal/test/auto/ImmediateNonConstructiveness.xml
----------------- Instantiating /home/travis/build/icyphy/ptII/ptolemy/domains/modal/test/auto/ImmediateNonConstructiveness.xml
4 ms. Memory: 578560K Free: 304860K (53%)
----------------- Invoking toplevel() on ptolemy.moml.MoMLSimpleApplication@243ee51c
----------------- Done invoking toplevel() on ptolemy.moml.MoMLSimpleApplication@243ee51c
reloadAllAccessors: .ImmediateNonConstructiveness
----------------- testing Wed May 23 18:25:54 UTC 2018 /home/travis/build/icyphy/ptII/ptolemy/domains/modal/test/auto/ImmediateNonConstructiveness2.xml
----------------- Instantiating /home/travis/build/icyphy/ptII/ptolemy/domains/modal/test/auto/ImmediateNonConstructiveness2.xml
2 ms. Memory: 578560K Free: 292869K (51%)
----------------- Invoking toplevel() on ptolemy.moml.MoMLSimpleApplication@6a2f0d41
----------------- Done invoking toplevel() on ptolemy.moml.MoMLSimpleApplication@6a2f0d41
reloadAllAccessors: .ImmediateNonConstructiveness2
----------------- testing Wed May 23 18:25:54 UTC 2018 /home/travis/build/icyphy/ptII/ptolemy/domains/modal/test/auto/ImmediateTransitionReset.xml
----------------- Instantiating /home/travis/build/icyphy/ptII/ptolemy/domains/modal/test/auto/ImmediateTransitionReset.xml
4 ms. Memory: 578560K Free: 276572K (48%)
----------------- Invoking toplevel() on ptolemy.moml.MoMLSimpleApplication@63b31e2a
----------------- Done invoking toplevel() on ptolemy.moml.MoMLSimpleApplication@63b31e2a
reloadAllAccessors: .ImmediateTransitionReset
----------------- testing Wed May 23 18:25:54 UTC 2018 /home/travis/build/icyphy/ptII/ptolemy/domains/modal/test/auto/ImmediateTransitions1.xml
----------------- Instantiating /home/travis/build/icyphy/ptII/ptolemy/domains/modal/test/auto/ImmediateTransitions1.xml
1 ms. Memory: 578560K Free: 266795K (46%)
----------------- Invoking toplevel() on ptolemy.moml.MoMLSimpleApplication@7d2bdc15
----------------- Done invoking toplevel() on ptolemy.moml.MoMLSimpleApplication@7d2bdc15
reloadAllAccessors: .ImmediateTransitions1
----------------- testing Wed May 23 18:25:54 UTC 2018 /home/travis/build/icyphy/ptII/ptolemy/domains/modal/test/auto/ImmediateTransitionsInstantaneousCommunication.xml
----------------- Instantiating /home/travis/build/icyphy/ptII/ptolemy/domains/modal/test/auto/ImmediateTransitionsInstantaneousCommunication.xml
3 ms. Memory: 578560K Free: 248283K (43%)
----------------- Invoking toplevel() on ptolemy.moml.MoMLSimpleApplication@3782ca25
----------------- Done invoking toplevel() on ptolemy.moml.MoMLSimpleApplication@3782ca25
reloadAllAccessors: .ImmediateTransitionsInstantaneousCommunication
----------------- testing Wed May 23 18:25:54 UTC 2018 /home/travis/build/icyphy/ptII/ptolemy/domains/modal/test/auto/InitialImmediateTransition.xml
----------------- Instantiating /home/travis/build/icyphy/ptII/ptolemy/domains/modal/test/auto/InitialImmediateTransition.xml
4 ms. Memory: 578560K Free: 238506K (41%)
----------------- Invoking toplevel() on ptolemy.moml.MoMLSimpleApplication@720cd3dd
----------------- Done invoking toplevel() on ptolemy.moml.MoMLSimpleApplication@720cd3dd
reloadAllAccessors: .InitialImmediateTransition
----------------- testing Wed May 23 18:25:54 UTC 2018 /home/travis/build/icyphy/ptII/ptolemy/domains/modal/test/auto/InitialOutputs.xml
----------------- Instantiating /home/travis/build/icyphy/ptII/ptolemy/domains/modal/test/auto/InitialOutputs.xml
3 ms. Memory: 578560K Free: 228721K (40%)
----------------- Invoking toplevel() on ptolemy.moml.MoMLSimpleApplication@2af01a7b
----------------- Done invoking toplevel() on ptolemy.moml.MoMLSimpleApplication@2af01a7b
reloadAllAccessors: .InitialOutputs
----------------- testing Wed May 23 18:25:54 UTC 2018 /home/travis/build/icyphy/ptII/ptolemy/domains/modal/test/auto/InitialStateTransition1.xml
----------------- Instantiating /home/travis/build/icyphy/ptII/ptolemy/domains/modal/test/auto/InitialStateTransition1.xml
2 ms. Memory: 578560K Free: 213474K (37%)
----------------- Invoking toplevel() on ptolemy.moml.MoMLSimpleApplication@f5e4854
----------------- Done invoking toplevel() on ptolemy.moml.MoMLSimpleApplication@f5e4854
reloadAllAccessors: .InitialStateTransition1
----------------- testing Wed May 23 18:25:54 UTC 2018 /home/travis/build/icyphy/ptII/ptolemy/domains/modal/test/auto/InitialStateTransition2.xml
----------------- Instantiating /home/travis/build/icyphy/ptII/ptolemy/domains/modal/test/auto/InitialStateTransition2.xml
.InitialStateTransition2.TestExceptionAttributeNonConstructive: initialize() was not invoked, but wrapup() was.  This is unusual, but not always a problem.  For example, exporting JNLP will do this.
1 ms. Memory: 578560K Free: 200433K (35%)
----------------- Invoking toplevel() on ptolemy.moml.MoMLSimpleApplication@11512570
----------------- Done invoking toplevel() on ptolemy.moml.MoMLSimpleApplication@11512570
reloadAllAccessors: .InitialStateTransition2
----------------- testing Wed May 23 18:25:54 UTC 2018 /home/travis/build/icyphy/ptII/ptolemy/domains/modal/test/auto/InitialStateTransition3.xml
----------------- Instantiating /home/travis/build/icyphy/ptII/ptolemy/domains/modal/test/auto/InitialStateTransition3.xml
4 ms. Memory: 578560K Free: 185186K (32%)
----------------- Invoking toplevel() on ptolemy.moml.MoMLSimpleApplication@3ccd7f67
----------------- Done invoking toplevel() on ptolemy.moml.MoMLSimpleApplication@3ccd7f67
reloadAllAccessors: .InitialStateTransition3
----------------- testing Wed May 23 18:25:54 UTC 2018 /home/travis/build/icyphy/ptII/ptolemy/domains/modal/test/auto/InitialStateTransition4.xml
----------------- Instantiating /home/travis/build/icyphy/ptII/ptolemy/domains/modal/test/auto/InitialStateTransition4.xml
3 ms. Memory: 578560K Free: 172152K (30%)
----------------- Invoking toplevel() on ptolemy.moml.MoMLSimpleApplication@49939533
----------------- Done invoking toplevel() on ptolemy.moml.MoMLSimpleApplication@49939533
reloadAllAccessors: .InitialStateTransition4
----------------- testing Wed May 23 18:25:54 UTC 2018 /home/travis/build/icyphy/ptII/ptolemy/domains/modal/test/auto/MalformedGuardExpressionNotCaught.xml
----------------- Instantiating /home/travis/build/icyphy/ptII/ptolemy/domains/modal/test/auto/MalformedGuardExpressionNotCaught.xml
3 ms. Memory: 578560K Free: 162367K (28%)
----------------- Invoking toplevel() on ptolemy.moml.MoMLSimpleApplication@7604b76e
----------------- Done invoking toplevel() on ptolemy.moml.MoMLSimpleApplication@7604b76e
reloadAllAccessors: .MalformedGuardExpressionNotCaught
----------------- testing Wed May 23 18:25:54 UTC 2018 /home/travis/build/icyphy/ptII/ptolemy/domains/modal/test/auto/ModalBSC.xml
----------------- Instantiating /home/travis/build/icyphy/ptII/ptolemy/domains/modal/test/auto/ModalBSC.xml
34 ms. Memory: 578560K Free: 127518K (22%)
----------------- Invoking toplevel() on ptolemy.moml.MoMLSimpleApplication@1543d0ac
----------------- Done invoking toplevel() on ptolemy.moml.MoMLSimpleApplication@1543d0ac
reloadAllAccessors: .ModalBSC
----------------- testing Wed May 23 18:25:54 UTC 2018 /home/travis/build/icyphy/ptII/ptolemy/domains/modal/test/auto/ModalClocks.xml
----------------- Instantiating /home/travis/build/icyphy/ptII/ptolemy/domains/modal/test/auto/ModalClocks.xml
24 ms. Memory: 578560K Free: 101419K (18%)
----------------- Invoking toplevel() on ptolemy.moml.MoMLSimpleApplication@6c3856fe
----------------- Done invoking toplevel() on ptolemy.moml.MoMLSimpleApplication@6c3856fe
reloadAllAccessors: .ModalClocks
----------------- testing Wed May 23 18:25:54 UTC 2018 /home/travis/build/icyphy/ptII/ptolemy/domains/modal/test/auto/ModalDelay.xml
----------------- Instantiating /home/travis/build/icyphy/ptII/ptolemy/domains/modal/test/auto/ModalDelay.xml
13 ms. Memory: 578560K Free: 81865K (14%)
----------------- Invoking toplevel() on ptolemy.moml.MoMLSimpleApplication@361a1a60
----------------- Done invoking toplevel() on ptolemy.moml.MoMLSimpleApplication@361a1a60
reloadAllAccessors: .ModalDelay
----------------- testing Wed May 23 18:25:54 UTC 2018 /home/travis/build/icyphy/ptII/ptolemy/domains/modal/test/auto/ModalDelay2.xml
----------------- Instantiating /home/travis/build/icyphy/ptII/ptolemy/domains/modal/test/auto/ModalDelay2.xml
11 ms. Memory: 871424K Free: 842256K (97%)
----------------- Invoking toplevel() on ptolemy.moml.MoMLSimpleApplication@3395632b
----------------- Done invoking toplevel() on ptolemy.moml.MoMLSimpleApplication@3395632b
reloadAllAccessors: .ModalDelay2
----------------- testing Wed May 23 18:25:54 UTC 2018 /home/travis/build/icyphy/ptII/ptolemy/domains/modal/test/auto/ModalModelFromMemo.xml
----------------- Instantiating /home/travis/build/icyphy/ptII/ptolemy/domains/modal/test/auto/ModalModelFromMemo.xml
26 ms. Memory: 871424K Free: 808407K (93%)
----------------- Invoking toplevel() on ptolemy.moml.MoMLSimpleApplication@4d8c41cb
----------------- Done invoking toplevel() on ptolemy.moml.MoMLSimpleApplication@4d8c41cb
reloadAllAccessors: .ModalModelFromMemo
----------------- testing Wed May 23 18:25:54 UTC 2018 /home/travis/build/icyphy/ptII/ptolemy/domains/modal/test/auto/ModalModelWithMultirateTransient.xml
----------------- Instantiating /home/travis/build/icyphy/ptII/ptolemy/domains/modal/test/auto/ModalModelWithMultirateTransient.xml
19 ms. Memory: 871424K Free: 787555K (90%)
----------------- Invoking toplevel() on ptolemy.moml.MoMLSimpleApplication@35ded789
----------------- Done invoking toplevel() on ptolemy.moml.MoMLSimpleApplication@35ded789
reloadAllAccessors: .ModalModelWithMultirateTransient
----------------- testing Wed May 23 18:25:54 UTC 2018 /home/travis/build/icyphy/ptII/ptolemy/domains/modal/test/auto/ModalModelWithReset.xml
----------------- Instantiating /home/travis/build/icyphy/ptII/ptolemy/domains/modal/test/auto/ModalModelWithReset.xml
18 ms. Memory: 871424K Free: 771921K (89%)
----------------- Invoking toplevel() on ptolemy.moml.MoMLSimpleApplication@20b13b95
----------------- Done invoking toplevel() on ptolemy.moml.MoMLSimpleApplication@20b13b95
reloadAllAccessors: .ModalModelWithReset
----------------- testing Wed May 23 18:25:54 UTC 2018 /home/travis/build/icyphy/ptII/ptolemy/domains/modal/test/auto/MouseClickFSM.xml
----------------- Instantiating /home/travis/build/icyphy/ptII/ptolemy/domains/modal/test/auto/MouseClickFSM.xml
21 ms. Memory: 871424K Free: 743264K (85%)
----------------- Invoking toplevel() on ptolemy.moml.MoMLSimpleApplication@4c6cbd55
----------------- Done invoking toplevel() on ptolemy.moml.MoMLSimpleApplication@4c6cbd55
reloadAllAccessors: .MouseClickFSM
----------------- testing Wed May 23 18:25:54 UTC 2018 /home/travis/build/icyphy/ptII/ptolemy/domains/modal/test/auto/MouseClickFSMModal.xml
----------------- Instantiating /home/travis/build/icyphy/ptII/ptolemy/domains/modal/test/auto/MouseClickFSMModal.xml
11 ms. Memory: 871424K Free: 727638K (83%)
----------------- Invoking toplevel() on ptolemy.moml.MoMLSimpleApplication@68dfd6b1
----------------- Done invoking toplevel() on ptolemy.moml.MoMLSimpleApplication@68dfd6b1
reloadAllAccessors: .MouseClickFSMModal
----------------- testing Wed May 23 18:25:54 UTC 2018 /home/travis/build/icyphy/ptII/ptolemy/domains/modal/test/auto/NonStrictFSM_FeedbackLoop.xml
----------------- Instantiating /home/travis/build/icyphy/ptII/ptolemy/domains/modal/test/auto/NonStrictFSM_FeedbackLoop.xml
29 ms. Memory: 871424K Free: 696377K (80%)
----------------- Invoking toplevel() on ptolemy.moml.MoMLSimpleApplication@205dd68c
----------------- Done invoking toplevel() on ptolemy.moml.MoMLSimpleApplication@205dd68c
reloadAllAccessors: .NonStrictFSM_FeedbackLoop
----------------- testing Wed May 23 18:25:55 UTC 2018 /home/travis/build/icyphy/ptII/ptolemy/domains/modal/test/auto/NonStrictFSM_FeedbackLoop_Refinement.xml
----------------- Instantiating /home/travis/build/icyphy/ptII/ptolemy/domains/modal/test/auto/NonStrictFSM_FeedbackLoop_Refinement.xml
43 ms. Memory: 871424K Free: 657303K (75%)
----------------- Invoking toplevel() on ptolemy.moml.MoMLSimpleApplication@39ee5aa1
----------------- Done invoking toplevel() on ptolemy.moml.MoMLSimpleApplication@39ee5aa1
reloadAllAccessors: .NonStrictFSM_FeedbackLoop_Refinement
----------------- testing Wed May 23 18:25:55 UTC 2018 /home/travis/build/icyphy/ptII/ptolemy/domains/modal/test/auto/NonStrictFSM_FeedbackLoop_preemptive.xml
----------------- Instantiating /home/travis/build/icyphy/ptII/ptolemy/domains/modal/test/auto/NonStrictFSM_FeedbackLoop_preemptive.xml
16 ms. Memory: 871424K Free: 620825K (71%)
----------------- Invoking toplevel() on ptolemy.moml.MoMLSimpleApplication@182e2c35
----------------- Done invoking toplevel() on ptolemy.moml.MoMLSimpleApplication@182e2c35
reloadAllAccessors: .NonStrictFSM_FeedbackLoop_preemptive
----------------- testing Wed May 23 18:25:55 UTC 2018 /home/travis/build/icyphy/ptII/ptolemy/domains/modal/test/auto/NormalTermination.xml
----------------- Instantiating /home/travis/build/icyphy/ptII/ptolemy/domains/modal/test/auto/NormalTermination.xml
11 ms. Memory: 871424K Free: 594749K (68%)
----------------- Invoking toplevel() on ptolemy.moml.MoMLSimpleApplication@6860034c
----------------- Done invoking toplevel() on ptolemy.moml.MoMLSimpleApplication@6860034c
reloadAllAccessors: .NormalTermination
----------------- testing Wed May 23 18:25:55 UTC 2018 /home/travis/build/icyphy/ptII/ptolemy/domains/modal/test/auto/Pong.xml
----------------- Instantiating /home/travis/build/icyphy/ptII/ptolemy/domains/modal/test/auto/Pong.xml
63 ms. Memory: 871424K Free: 566092K (65%)
----------------- Invoking toplevel() on ptolemy.moml.MoMLSimpleApplication@31097097
----------------- Done invoking toplevel() on ptolemy.moml.MoMLSimpleApplication@31097097
reloadAllAccessors: .Pong
[...]
2 ms. Memory: 871424K Free: 172586K (20%)
----------------- Invoking toplevel() on ptolemy.moml.MoMLSimpleApplication@4fd92660
----------------- Done invoking toplevel() on ptolemy.moml.MoMLSimpleApplication@4fd92660
reloadAllAccessors: .StrongImmediateTransition
----------------- testing Wed May 23 18:25:56 UTC 2018 /home/travis/build/icyphy/ptII/ptolemy/domains/modal/test/auto/SustainHierarchy.xml
----------------- Instantiating /home/travis/build/icyphy/ptII/ptolemy/domains/modal/test/auto/SustainHierarchy.xml
4 ms. Memory: 871424K Free: 149154K (17%)
----------------- Invoking toplevel() on ptolemy.moml.MoMLSimpleApplication@77317475
----------------- Done invoking toplevel() on ptolemy.moml.MoMLSimpleApplication@77317475
reloadAllAccessors: .SustainHierarchy
----------------- testing Wed May 23 18:25:56 UTC 2018 /home/travis/build/icyphy/ptII/ptolemy/domains/modal/test/auto/TerminationTransition1.xml
----------------- Instantiating /home/travis/build/icyphy/ptII/ptolemy/domains/modal/test/auto/TerminationTransition1.xml
2 ms. Memory: 871424K Free: 133512K (15%)
----------------- Invoking toplevel() on ptolemy.moml.MoMLSimpleApplication@431b7e7a
----------------- Done invoking toplevel() on ptolemy.moml.MoMLSimpleApplication@431b7e7a
reloadAllAccessors: .TerminationTransition1
----------------- testing Wed May 23 18:25:56 UTC 2018 /home/travis/build/icyphy/ptII/ptolemy/domains/modal/test/auto/TerminationTransition2.xml
----------------- Instantiating /home/travis/build/icyphy/ptII/ptolemy/domains/modal/test/auto/TerminationTransition2.xml
2 ms. Memory: 871424K Free: 117870K (14%)
----------------- Invoking toplevel() on ptolemy.moml.MoMLSimpleApplication@fd2f198
----------------- Done invoking toplevel() on ptolemy.moml.MoMLSimpleApplication@fd2f198
reloadAllAccessors: .TerminationTransition2
----------------- testing Wed May 23 18:25:56 UTC 2018 /home/travis/build/icyphy/ptII/ptolemy/domains/modal/test/auto/TerminationTransition3.xml
----------------- Instantiating /home/travis/build/icyphy/ptII/ptolemy/domains/modal/test/auto/TerminationTransition3.xml
3 ms. Memory: 871424K Free: 99646K (11%)
----------------- Invoking toplevel() on ptolemy.moml.MoMLSimpleApplication@1fcbb0cc
----------------- Done invoking toplevel() on ptolemy.moml.MoMLSimpleApplication@1fcbb0cc
reloadAllAccessors: .TerminationTransition3
----------------- testing Wed May 23 18:25:56 UTC 2018 /home/travis/build/icyphy/ptII/ptolemy/domains/modal/test/auto/TerminationTransition4.xml
----------------- Instantiating /home/travis/build/icyphy/ptII/ptolemy/domains/modal/test/auto/TerminationTransition4.xml
6 ms. Memory: 871424K Free: 79407K (9%)
----------------- Invoking toplevel() on ptolemy.moml.MoMLSimpleApplication@74bebc9a
----------------- Done invoking toplevel() on ptolemy.moml.MoMLSimpleApplication@74bebc9a
reloadAllAccessors: .TerminationTransition4
----------------- testing Wed May 23 18:25:56 UTC 2018 /home/travis/build/icyphy/ptII/ptolemy/domains/modal/test/auto/TerminationTransition5.xml
----------------- Instantiating /home/travis/build/icyphy/ptII/ptolemy/domains/modal/test/auto/TerminationTransition5.xml
2 ms. Memory: 871936K Free: 839978K (96%)
----------------- Invoking toplevel() on ptolemy.moml.MoMLSimpleApplication@63ff7242
----------------- Done invoking toplevel() on ptolemy.moml.MoMLSimpleApplication@63ff7242
reloadAllAccessors: .TerminationTransition5
----------------- testing Wed May 23 18:25:56 UTC 2018 /home/travis/build/icyphy/ptII/ptolemy/domains/modal/test/auto/TerminationTransition6.xml
----------------- Instantiating /home/travis/build/icyphy/ptII/ptolemy/domains/modal/test/auto/TerminationTransition6.xml
1 ms. Memory: 871936K Free: 822490K (94%)
----------------- Invoking toplevel() on ptolemy.moml.MoMLSimpleApplication@65438bb3
----------------- Done invoking toplevel() on ptolemy.moml.MoMLSimpleApplication@65438bb3
reloadAllAccessors: .TerminationTransition6
----------------- testing Wed May 23 18:25:56 UTC 2018 /home/travis/build/icyphy/ptII/ptolemy/domains/modal/test/auto/TerminationTransition7.xml
----------------- Instantiating /home/travis/build/icyphy/ptII/ptolemy/domains/modal/test/auto/TerminationTransition7.xml
3 ms. Memory: 871936K Free: 806742K (93%)
----------------- Invoking toplevel() on ptolemy.moml.MoMLSimpleApplication@424f2aa6
----------------- Done invoking toplevel() on ptolemy.moml.MoMLSimpleApplication@424f2aa6
reloadAllAccessors: .TerminationTransition7
----------------- testing Wed May 23 18:25:56 UTC 2018 /home/travis/build/icyphy/ptII/ptolemy/domains/modal/test/auto/TerminationTransition8.xml
----------------- Instantiating /home/travis/build/icyphy/ptII/ptolemy/domains/modal/test/auto/TerminationTransition8.xml
2 ms. Memory: 871936K Free: 789238K (91%)
----------------- Invoking toplevel() on ptolemy.moml.MoMLSimpleApplication@1a03e6b
----------------- Done invoking toplevel() on ptolemy.moml.MoMLSimpleApplication@1a03e6b
reloadAllAccessors: .TerminationTransition8
----------------- testing Wed May 23 18:25:56 UTC 2018 /home/travis/build/icyphy/ptII/ptolemy/domains/modal/test/auto/Thermostat_NoHysteresis.xml
----------------- Instantiating /home/travis/build/icyphy/ptII/ptolemy/domains/modal/test/auto/Thermostat_NoHysteresis.xml
35 ms. Memory: 871936K Free: 757953K (87%)
----------------- Invoking toplevel() on ptolemy.moml.MoMLSimpleApplication@2b3264aa
----------------- Done invoking toplevel() on ptolemy.moml.MoMLSimpleApplication@2b3264aa
reloadAllAccessors: .Thermostat_NoHysteresis
----------------- testing Wed May 23 18:25:56 UTC 2018 /home/travis/build/icyphy/ptII/ptolemy/domains/modal/test/auto/TimedFSM.xml
----------------- Instantiating /home/travis/build/icyphy/ptII/ptolemy/domains/modal/test/auto/TimedFSM.xml
8 ms. Memory: 871936K Free: 740449K (85%)
----------------- Invoking toplevel() on ptolemy.moml.MoMLSimpleApplication@3a0c143a
----------------- Done invoking toplevel() on ptolemy.moml.MoMLSimpleApplication@3a0c143a
reloadAllAccessors: .TimedFSM
----------------- testing Wed May 23 18:25:56 UTC 2018 /home/travis/build/icyphy/ptII/ptolemy/domains/modal/test/auto/Timeout1.xml
----------------- Instantiating /home/travis/build/icyphy/ptII/ptolemy/domains/modal/test/auto/Timeout1.xml
3 ms. Memory: 871936K Free: 730032K (84%)
----------------- Invoking toplevel() on ptolemy.moml.MoMLSimpleApplication@3ae36d2c
----------------- Done invoking toplevel() on ptolemy.moml.MoMLSimpleApplication@3ae36d2c
reloadAllAccessors: .Timeout1
----------------- testing Wed May 23 18:25:56 UTC 2018 /home/travis/build/icyphy/ptII/ptolemy/domains/modal/test/auto/Timeout2.xml
----------------- Instantiating /home/travis/build/icyphy/ptII/ptolemy/domains/modal/test/auto/Timeout2.xml
5 ms. Memory: 871936K Free: 712536K (82%)
----------------- Invoking toplevel() on ptolemy.moml.MoMLSimpleApplication@58884286
----------------- Done invoking toplevel() on ptolemy.moml.MoMLSimpleApplication@58884286
reloadAllAccessors: .Timeout2
----------------- testing Wed May 23 18:25:56 UTC 2018 /home/travis/build/icyphy/ptII/ptolemy/domains/modal/test/auto/Timeout3.xml
----------------- Instantiating /home/travis/build/icyphy/ptII/ptolemy/domains/modal/test/auto/Timeout3.xml
2 ms. Memory: 871936K Free: 702118K (81%)
----------------- Invoking toplevel() on ptolemy.moml.MoMLSimpleApplication@367f8c50
----------------- Done invoking toplevel() on ptolemy.moml.MoMLSimpleApplication@367f8c50
reloadAllAccessors: .Timeout3
----------------- testing Wed May 23 18:25:56 UTC 2018 /home/travis/build/icyphy/ptII/ptolemy/domains/modal/test/auto/Timeout4.xml
----------------- Instantiating /home/travis/build/icyphy/ptII/ptolemy/domains/modal/test/auto/Timeout4.xml
2 ms. Memory: 871936K Free: 689838K (79%)
----------------- Invoking toplevel() on ptolemy.moml.MoMLSimpleApplication@5296d2b9
----------------- Done invoking toplevel() on ptolemy.moml.MoMLSimpleApplication@5296d2b9
reloadAllAccessors: .Timeout4
----------------- testing Wed May 23 18:25:56 UTC 2018 /home/travis/build/icyphy/ptII/ptolemy/domains/modal/test/auto/TransientstateModelAdvanced.xml
----------------- Instantiating /home/travis/build/icyphy/ptII/ptolemy/domains/modal/test/auto/TransientstateModelAdvanced.xml
4 ms. Memory: 871936K Free: 668995K (77%)
----------------- Invoking toplevel() on ptolemy.moml.MoMLSimpleApplication@57f31fc4
----------------- Done invoking toplevel() on ptolemy.moml.MoMLSimpleApplication@57f31fc4
reloadAllAccessors: .TransientstateModelAdvanced
----------------- testing Wed May 23 18:25:56 UTC 2018 /home/travis/build/icyphy/ptII/ptolemy/domains/modal/test/auto/TransientstateModelAdvanced2.xml
----------------- Instantiating /home/travis/build/icyphy/ptII/ptolemy/domains/modal/test/auto/TransientstateModelAdvanced2.xml
3 ms. Memory: 871936K Free: 646282K (74%)
----------------- Invoking toplevel() on ptolemy.moml.MoMLSimpleApplication@65e983f1
----------------- Done invoking toplevel() on ptolemy.moml.MoMLSimpleApplication@65e983f1
reloadAllAccessors: .transientstatemodelAdvanced
----------------- testing Wed May 23 18:25:56 UTC 2018 /home/travis/build/icyphy/ptII/ptolemy/domains/modal/test/auto/TransitionRefinements.xml
----------------- Instantiating /home/travis/build/icyphy/ptII/ptolemy/domains/modal/test/auto/TransitionRefinements.xml
8 ms. Memory: 871936K Free: 630648K (72%)
----------------- Invoking toplevel() on ptolemy.moml.MoMLSimpleApplication@583e77f8
----------------- Done invoking toplevel() on ptolemy.moml.MoMLSimpleApplication@583e77f8
reloadAllAccessors: .TransitionRefinements
----------------- testing Wed May 23 18:25:56 UTC 2018 /home/travis/build/icyphy/ptII/ptolemy/domains/modal/test/auto/TwoRefinements1.xml
----------------- Instantiating /home/travis/build/icyphy/ptII/ptolemy/domains/modal/test/auto/TwoRefinements1.xml
4 ms. Memory: 871936K Free: 613144K (70%)
----------------- Invoking toplevel() on ptolemy.moml.MoMLSimpleApplication@5a586bfe
----------------- Done invoking toplevel() on ptolemy.moml.MoMLSimpleApplication@5a586bfe
reloadAllAccessors: .TwoRefinements1
----------------- testing Wed May 23 18:25:57 UTC 2018 /home/travis/build/icyphy/ptII/ptolemy/domains/modal/test/auto/TwoRefinements2.xml
----------------- Instantiating /home/travis/build/icyphy/ptII/ptolemy/domains/modal/test/auto/TwoRefinements2.xml
3 ms. Memory: 871936K Free: 597502K (69%)
----------------- Invoking toplevel() on ptolemy.moml.MoMLSimpleApplication@480f0af5
----------------- Done invoking toplevel() on ptolemy.moml.MoMLSimpleApplication@480f0af5
reloadAllAccessors: .TwoRefinements2
----------------- testing Wed May 23 18:25:57 UTC 2018 /home/travis/build/icyphy/ptII/ptolemy/domains/modal/test/auto/WeakImmediateTransition.xml
----------------- Instantiating /home/travis/build/icyphy/ptII/ptolemy/domains/modal/test/auto/WeakImmediateTransition.xml
3 ms. Memory: 871936K Free: 580013K (67%)
----------------- Invoking toplevel() on ptolemy.moml.MoMLSimpleApplication@5cd8ffe0
----------------- Done invoking toplevel() on ptolemy.moml.MoMLSimpleApplication@5cd8ffe0
reloadAllAccessors: .WeakImmediateTransition
----------------- testing Wed May 23 18:25:57 UTC 2018 /home/travis/build/icyphy/ptII/ptolemy/domains/modal/test/auto/booleanSelect.xml
----------------- Instantiating /home/travis/build/icyphy/ptII/ptolemy/domains/modal/test/auto/booleanSelect.xml
38 ms. Memory: 871936K Free: 553922K (64%)
----------------- Invoking toplevel() on ptolemy.moml.MoMLSimpleApplication@62b29ea7
----------------- Done invoking toplevel() on ptolemy.moml.MoMLSimpleApplication@62b29ea7
reloadAllAccessors: .booleanSelect
----------------- testing Wed May 23 18:25:57 UTC 2018 /home/travis/build/icyphy/ptII/ptolemy/domains/modal/test/auto/modalChangingParams.xml
----------------- Instantiating /home/travis/build/icyphy/ptII/ptolemy/domains/modal/test/auto/modalChangingParams.xml
0
1
0
2
4
6
8
7
0
2
4
6
8
13
0
2
4
6
8
19
0
2
4
6
8
25
0
2
4
6
8
31
0
2
4
6
8
37
0
2
4
6
8
43
0
2
4
6
8
49
0
2
4
6
8
55
0
2
4
6
8
61
0
2
4
6
8
67
0
2
4
6
8
73
0
2
4
6
8
79
0
2
4
6
8
85
0
2
4
6
8
91
0
2
4
6
8
97
0
2
4
6
8
103
0
2
4
6
8
109
0
2
4
6
8
115
0
2
4
6
8
121
0
2
4
6
8
127
0
2
4
6
8
133
0
2
4
6
8
139
0
2
4
6
8
145
0
2
4
6
8
151
0
2
4
6
8
157
0
2
4
6
8
163
0
2
4
6
8
169
0
2
4
6
8
175
0
2
4
6
8
181
0
2
4
6
8
187
0
2
4
6
8
193
0
2
4
6
8
199
0
2
4
6
8
205
0
2
4
6
8
211
0
2
4
6
8
217
0
2
4
6
8
223
0
2
4
6
8
229
0
2
4
6
8
235
0
2
4
6
8
241
0
2
4
6
8
247
0
2
4
6
8
253
0
2
4
6
8
259
0
2
4
6
8
265
0
2
4
6
8
271
0
2
4
6
8
277
0
2
4
6
8
283
0
2
4
6
8
289
0
2
4
6
8
295
0
2
4
6
8
301
0
2
4
6
8
307
0
2
4
6
8
313
0
2
4
6
8
319
0
2
4
6
8
325
0
2
4
6
8
331
0
2
4
6
8
337
0
2
4
6
8
343
0
2
4
6
8
349
0
2
4
6
8
355
0
2
4
6
8
361
0
2
4
6
8
367
0
2
4
6
8
373
0
2
4
6
8
379
0
2
4
6
8
385
0
2
4
6
8
391
0
2
4
6
8
397
0
2
4
6
8
403
0
2
4
6
8
409
0
2
4
6
8
415
0
2
4
6
8
421
0
2
4
6
8
427
0
2
4
6
8
433
0
2
4
6
8
439
0
2
4
6
8
445
0
2
4
6
8
451
0
2
4
6
8
457
0
2
4
6
8
463
0
2
4
6
8
469
0
2
4
6
8
475
0
2
4
6
8
481
0
2
4
6
8
487
0
2
4
6
8
493
0
2
4
6
8
499
0
2
4
6
8
505
0
2
4
6
8
511
0
2
4
6
8
517
0
2
4
6
8
523
0
2
4
6
8
529
0
2
4
6
8
535
0
2
4
6
8
541
0
2
4
6
8
547
0
2
4
6
8
553
0
2
4
6
8
559
0
2
4
6
8
565
0
2
4
6
8
571
0
2
4
6
8
577
0
2
4
6
8
583
0
2
4
6
8
589
0
2
4
6
8
595
0
2
4
6
8
601
0
2
4
6
8
607
0
2
4
6
8
613
0
2
4
6
8
619
0
2
4
6
8
625
0
2
4
6
8
631
0
2
4
6
8
637
0
2
4
6
8
643
0
2
4
6
8
649
0
2
4
6
8
655
0
2
4
6
8
661
0
2
4
6
8
667
0
2
4
6
8
673
0
2
4
6
8
679
0
2
4
6
8
685
0
2
4
6
8
691
0
2
4
6
8
697
0
2
4
6
8
703
0
2
4
6
8
709
0
2
4
6
8
715
0
2
4
6
8
721
0
2
4
6
8
727
0
2
4
6
8
733
0
2
4
6
8
739
0
2
4
6
8
745
0
2
4
6
8
751
0
2
4
6
8
757
0
2
4
6
8
763
0
2
4
6
8
769
0
2
4
6
8
775
0
2
4
6
8
781
0
2
4
6
8
787
0
2
4
6
8
793
0
2
4
6
8
799
0
2
4
6
8
805
0
2
4
6
8
811
0
2
4
6
8
817
0
2
4
6
8
823
0
2
4
6
8
829
0
2
4
6
8
835
0
2
4
6
8
841
0
2
4
6
8
847
0
2
4
6
8
853
0
2
4
6
8
859
0
2
4
6
8
865
0
2
4
6
8
871
0
2
4
6
8
877
0
2
4
6
8
883
0
2
4
6
8
889
0
2
4
6
8
895
0
2
4
6
8
901
0
2
4
6
8
907
0
2
4
6
8
913
0
2
4
6
8
919
0
2
4
6
8
925
0
2
4
6
8
931
0
2
4
6
8
937
0
2
4
6
8
943
0
2
4
6
8
949
0
2
4
6
8
955
0
2
4
6
8
961
0
2
4
6
8
967
0
2
4
6
8
973
0
2
4
6
8
979
0
2
4
6
8
985
0
2
4
6
8
991
0
2
4
6
8
997
0
2
310 ms. Memory: 871936K Free: 433935K (50%)
----------------- Invoking toplevel() on ptolemy.moml.MoMLSimpleApplication@19ff2950
----------------- Done invoking toplevel() on ptolemy.moml.MoMLSimpleApplication@19ff2950
reloadAllAccessors: .modalChangingParams
----------------- testing Wed May 23 18:25:57 UTC 2018 /home/travis/build/icyphy/ptII/ptolemy/domains/modal/test/auto/modalModel.xml
----------------- Instantiating /home/travis/build/icyphy/ptII/ptolemy/domains/modal/test/auto/modalModel.xml
14 ms. Memory: 871936K Free: 416431K (48%)
----------------- Invoking toplevel() on ptolemy.moml.MoMLSimpleApplication@6f92826
----------------- Done invoking toplevel() on ptolemy.moml.MoMLSimpleApplication@6f92826
reloadAllAccessors: .modalModel
----------------- testing Wed May 23 18:25:57 UTC 2018 /home/travis/build/icyphy/ptII/ptolemy/domains/modal/test/auto/modalModel2.xml
----------------- Instantiating /home/travis/build/icyphy/ptII/ptolemy/domains/modal/test/auto/modalModel2.xml
7 ms. Memory: 871936K Free: 400788K (46%)
----------------- Invoking toplevel() on ptolemy.moml.MoMLSimpleApplication@7ba049a2
----------------- Done invoking toplevel() on ptolemy.moml.MoMLSimpleApplication@7ba049a2
reloadAllAccessors: .modalModel2
----------------- testing Wed May 23 18:25:57 UTC 2018 /home/travis/build/icyphy/ptII/ptolemy/domains/modal/test/auto/modalModel3.xml
----------------- Instantiating /home/travis/build/icyphy/ptII/ptolemy/domains/modal/test/auto/modalModel3.xml
0	0	0
3	2	1
6	4	2
9	6	3
4	0	4
7	2	5
10	4	6
13	6	7
8	0	8
11	2	9
14	4	10
17	6	11
12	0	12
15	2	13
18	4	14
11 ms. Memory: 871936K Free: 378075K (43%)
----------------- Invoking toplevel() on ptolemy.moml.MoMLSimpleApplication@4f0bbf73
----------------- Done invoking toplevel() on ptolemy.moml.MoMLSimpleApplication@4f0bbf73
reloadAllAccessors: .modalModel3
----------------- testing Wed May 23 18:25:57 UTC 2018 /home/travis/build/icyphy/ptII/ptolemy/domains/modal/test/auto/model1.xml
----------------- Instantiating /home/travis/build/icyphy/ptII/ptolemy/domains/modal/test/auto/model1.xml
10 ms. Memory: 871936K Free: 367658K (42%)
----------------- Invoking toplevel() on ptolemy.moml.MoMLSimpleApplication@27f76c34
----------------- Done invoking toplevel() on ptolemy.moml.MoMLSimpleApplication@27f76c34
reloadAllAccessors: .model1
----------------- testing Wed May 23 18:25:57 UTC 2018 /home/travis/build/icyphy/ptII/ptolemy/domains/modal/test/auto/test-direct-in-out.xml
----------------- Instantiating /home/travis/build/icyphy/ptII/ptolemy/domains/modal/test/auto/test-direct-in-out.xml
5 ms. Memory: 871936K Free: 350154K (40%)
----------------- Invoking toplevel() on ptolemy.moml.MoMLSimpleApplication@16fdf158
----------------- Done invoking toplevel() on ptolemy.moml.MoMLSimpleApplication@16fdf158
reloadAllAccessors: .test-direct-in-out
AutoTests.java: About to close Vertx.
AutoTests.java: Vertx closed.
]]></system-out>
  <system-err><![CDATA[java.lang.RuntimeException: Execution failed
	at ptolemy.moml.MoMLSimpleApplication$UnloadThread.run(MoMLSimpleApplication.java:402)
Caused by: ptolemy.kernel.util.IllegalActionException: Unknown inputs remain. Possible causality loop:
L_model_1893289564i

  in .CannotAnalysisWithPreemption.model_1893289564_region_1 and .CannotAnalysisWithPreemption.model_1893289564_region_1.L_model_1893289564i
	at ptolemy.actor.sched.FixedPointDirector.postfire(FixedPointDirector.java:515)
	at ptolemy.domains.sr.kernel.SRDirector.postfire(SRDirector.java:417)
	at ptolemy.actor.CompositeActor.postfire(CompositeActor.java:1668)
	at ptolemy.actor.Manager.iterate(Manager.java:852)
	at ptolemy.actor.Manager.execute(Manager.java:369)
	at ptolemy.actor.Manager.run(Manager.java:1263)
	at ptolemy.actor.Manager$PtolemyRunThread.run(Manager.java:1915)
java.lang.reflect.InvocationTargetException
	at sun.reflect.NativeConstructorAccessorImpl.newInstance0(Native Method)
	at sun.reflect.NativeConstructorAccessorImpl.newInstance(NativeConstructorAccessorImpl.java:62)
	at sun.reflect.DelegatingConstructorAccessorImpl.newInstance(DelegatingConstructorAccessorImpl.java:45)
	at java.lang.reflect.Constructor.newInstance(Constructor.java:423)
	at ptolemy.util.test.junit.AutoKnownFailedTests.RunModel(AutoKnownFailedTests.java:107)
	at sun.reflect.NativeMethodAccessorImpl.invoke0(Native Method)
	at sun.reflect.NativeMethodAccessorImpl.invoke(NativeMethodAccessorImpl.java:62)
	at sun.reflect.DelegatingMethodAccessorImpl.invoke(DelegatingMethodAccessorImpl.java:43)
	at java.lang.reflect.Method.invoke(Method.java:498)
	at org.junit.runners.model.FrameworkMethod$1.runReflectiveCall(FrameworkMethod.java:44)
	at org.junit.internal.runners.model.ReflectiveCallable.run(ReflectiveCallable.java:15)
	at org.junit.runners.model.FrameworkMethod.invokeExplosively(FrameworkMethod.java:41)
	at junitparams.internal.InvokeParameterisedMethod.evaluate(InvokeParameterisedMethod.java:102)
	at org.junit.internal.runners.statements.FailOnTimeout$1.run(FailOnTimeout.java:28)
Caused by: ptolemy.kernel.util.IllegalActionException: Unknown inputs remain. Possible causality loop:
L_model_1893289564i

  in .CannotAnalysisWithPreemption.model_1893289564_region_1 and .CannotAnalysisWithPreemption.model_1893289564_region_1.L_model_1893289564i
	at ptolemy.actor.sched.FixedPointDirector.postfire(FixedPointDirector.java:515)
	at ptolemy.domains.sr.kernel.SRDirector.postfire(SRDirector.java:417)
	at ptolemy.actor.CompositeActor.postfire(CompositeActor.java:1668)
	at ptolemy.actor.Manager.iterate(Manager.java:852)
	at ptolemy.actor.Manager.execute(Manager.java:369)
	at ptolemy.actor.Manager.run(Manager.java:1263)
	at ptolemy.actor.Manager$PtolemyRunThread.run(Manager.java:1915)
]]></system-err>
</testsuite>
