<?xml version="1.0" encoding="UTF-8" ?>
<testsuite errors="1" failures="0" hostname="travis-job-1104752d-af90-45a3-a67d-ea1523f7ab59" name="ptolemy.actor.lib.hoc.test.junit.JUnitTclTest" skipped="0" tests="58" time="24.065" timestamp="2018-05-22T23:21:19">
  <properties>
[...]
</properties>
  <testcase classname="ptolemy.util.test.junit.TclTests" name="[0] /home/travis/build/icyphy/ptII/ptolemy/actor/lib/hoc/test/IterateOverArray.tcl (RunTclFile)" time="0.299" />
  <testcase classname="ptolemy.util.test.junit.AutoKnownFailedTests" name="[0] /home/travis/build/icyphy/ptII/ptolemy/actor/lib/hoc/test/auto/knownFailedTests/PreinitializeMustBeInvokedRunComposite.xml (RunModel)" time="0.264" />
  <testcase classname="ptolemy.util.test.junit.AutoNameArchTests" name="[0] ThereAreNoAutoTests (RunModel)" time="0.001" />
  <testcase classname="ptolemy.util.test.junit.AutoTests" name="[0] /home/travis/build/icyphy/ptII/ptolemy/actor/lib/hoc/test/auto/AllToAllMultiInstanceComposite.xml (RunModel)" time="0.302" />
  <testcase classname="ptolemy.util.test.junit.AutoTests" name="[1] /home/travis/build/icyphy/ptII/ptolemy/actor/lib/hoc/test/auto/ApplyFFTTest.xml (RunModel)" time="0.295" />
  <testcase classname="ptolemy.util.test.junit.AutoTests" name="[2] /home/travis/build/icyphy/ptII/ptolemy/actor/lib/hoc/test/auto/ApplyFunction.xml (RunModel)" time="0.066" />
  <testcase classname="ptolemy.util.test.junit.AutoTests" name="[3] /home/travis/build/icyphy/ptII/ptolemy/actor/lib/hoc/test/auto/BackgroundExecution.xml (RunModel)" time="0.769" />
  <testcase classname="ptolemy.util.test.junit.AutoTests" name="[4] /home/travis/build/icyphy/ptII/ptolemy/actor/lib/hoc/test/auto/Case.xml (RunModel)" time="0.094" />
  <testcase classname="ptolemy.util.test.junit.AutoTests" name="[5] /home/travis/build/icyphy/ptII/ptolemy/actor/lib/hoc/test/auto/Case1.xml (RunModel)" time="0.091" />
  <testcase classname="ptolemy.util.test.junit.AutoTests" name="[6] /home/travis/build/icyphy/ptII/ptolemy/actor/lib/hoc/test/auto/Case2.xml (RunModel)" time="0.125" />
  <testcase classname="ptolemy.util.test.junit.AutoTests" name="[7] /home/travis/build/icyphy/ptII/ptolemy/actor/lib/hoc/test/auto/Case3.xml (RunModel)" time="0.051" />
  <testcase classname="ptolemy.util.test.junit.AutoTests" name="[8] /home/travis/build/icyphy/ptII/ptolemy/actor/lib/hoc/test/auto/Case4.xml (RunModel)" time="0.046" />
  <testcase classname="ptolemy.util.test.junit.AutoTests" name="[9] /home/travis/build/icyphy/ptII/ptolemy/actor/lib/hoc/test/auto/Case5.xml (RunModel)" time="0.093" />
  <testcase classname="ptolemy.util.test.junit.AutoTests" name="[10] /home/travis/build/icyphy/ptII/ptolemy/actor/lib/hoc/test/auto/Case6.xml (RunModel)" time="0.074" />
  <testcase classname="ptolemy.util.test.junit.AutoTests" name="[11] /home/travis/build/icyphy/ptII/ptolemy/actor/lib/hoc/test/auto/CaseString2.xml (RunModel)" time="0.067" />
  <testcase classname="ptolemy.util.test.junit.AutoTests" name="[12] /home/travis/build/icyphy/ptII/ptolemy/actor/lib/hoc/test/auto/CatchUpComposite1.xml (RunModel)" time="0.091" />
  <testcase classname="ptolemy.util.test.junit.AutoTests" name="[13] /home/travis/build/icyphy/ptII/ptolemy/actor/lib/hoc/test/auto/CatchUpComposite2.xml (RunModel)" time="0.085" />
  <testcase classname="ptolemy.util.test.junit.AutoTests" name="[14] /home/travis/build/icyphy/ptII/ptolemy/actor/lib/hoc/test/auto/CatchUpComposite3.xml (RunModel)" time="0.068" />
  <testcase classname="ptolemy.util.test.junit.AutoTests" name="[15] /home/travis/build/icyphy/ptII/ptolemy/actor/lib/hoc/test/auto/CatchUpComposite4.xml (RunModel)" time="0.065" />
  <testcase classname="ptolemy.util.test.junit.AutoTests" name="[16] /home/travis/build/icyphy/ptII/ptolemy/actor/lib/hoc/test/auto/CatchUpComposite5.xml (RunModel)" time="0.053" />
  <testcase classname="ptolemy.util.test.junit.AutoTests" name="[17] /home/travis/build/icyphy/ptII/ptolemy/actor/lib/hoc/test/auto/CatchUpComposite6.xml (RunModel)" time="0.21" />
  <testcase classname="ptolemy.util.test.junit.AutoTests" name="[18] /home/travis/build/icyphy/ptII/ptolemy/actor/lib/hoc/test/auto/CatchUpComposite7.xml (RunModel)" time="0.121" />
  <testcase classname="ptolemy.util.test.junit.AutoTests" name="[19] /home/travis/build/icyphy/ptII/ptolemy/actor/lib/hoc/test/auto/ConcurrentExecutionTimeSDF.xml (RunModel)" time="0.059" />
  <testcase classname="ptolemy.util.test.junit.AutoTests" name="[20] /home/travis/build/icyphy/ptII/ptolemy/actor/lib/hoc/test/auto/ConcurrentSleep.xml (RunModel)" time="0.775" />
  <testcase classname="ptolemy.util.test.junit.AutoTests" name="[21] /home/travis/build/icyphy/ptII/ptolemy/actor/lib/hoc/test/auto/DEInPNInRunCompositeActor.xml (RunModel)" time="0.034" />
  <testcase classname="ptolemy.util.test.junit.AutoTests" name="[22] /home/travis/build/icyphy/ptII/ptolemy/actor/lib/hoc/test/auto/DFTSubSetTest.xml (RunModel)" time="0.326" />
  <testcase classname="ptolemy.util.test.junit.AutoTests" name="[23] /home/travis/build/icyphy/ptII/ptolemy/actor/lib/hoc/test/auto/HocDE.xml (RunModel)" time="0.296" />
  <testcase classname="ptolemy.util.test.junit.AutoTests" name="[24] /home/travis/build/icyphy/ptII/ptolemy/actor/lib/hoc/test/auto/IterateOverArray.xml (RunModel)" time="0.021" />
  <testcase classname="ptolemy.util.test.junit.AutoTests" name="[25] /home/travis/build/icyphy/ptII/ptolemy/actor/lib/hoc/test/auto/IterateOverArray10.xml (RunModel)" time="0.02" />
  <testcase classname="ptolemy.util.test.junit.AutoTests" name="[26] /home/travis/build/icyphy/ptII/ptolemy/actor/lib/hoc/test/auto/IterateOverArray11.xml (RunModel)" time="0.046" />
  <testcase classname="ptolemy.util.test.junit.AutoTests" name="[27] /home/travis/build/icyphy/ptII/ptolemy/actor/lib/hoc/test/auto/IterateOverArray12.xml (RunModel)" time="0.046" />
  <testcase classname="ptolemy.util.test.junit.AutoTests" name="[28] /home/travis/build/icyphy/ptII/ptolemy/actor/lib/hoc/test/auto/IterateOverArray13.xml (RunModel)" time="0.161" />
  <testcase classname="ptolemy.util.test.junit.AutoTests" name="[29] /home/travis/build/icyphy/ptII/ptolemy/actor/lib/hoc/test/auto/IterateOverArray14.xml (RunModel)" time="0.151" />
  <testcase classname="ptolemy.util.test.junit.AutoTests" name="[30] /home/travis/build/icyphy/ptII/ptolemy/actor/lib/hoc/test/auto/IterateOverArray2.xml (RunModel)" time="0.025" />
  <testcase classname="ptolemy.util.test.junit.AutoTests" name="[31] /home/travis/build/icyphy/ptII/ptolemy/actor/lib/hoc/test/auto/IterateOverArray3.xml (RunModel)" time="0.046" />
  <testcase classname="ptolemy.util.test.junit.AutoTests" name="[32] /home/travis/build/icyphy/ptII/ptolemy/actor/lib/hoc/test/auto/IterateOverArray4.xml (RunModel)" time="0.031" />
  <testcase classname="ptolemy.util.test.junit.AutoTests" name="[33] /home/travis/build/icyphy/ptII/ptolemy/actor/lib/hoc/test/auto/IterateOverArray5.xml (RunModel)" time="0.015" />
  <testcase classname="ptolemy.util.test.junit.AutoTests" name="[34] /home/travis/build/icyphy/ptII/ptolemy/actor/lib/hoc/test/auto/IterateOverArray6.xml (RunModel)" time="0.02" />
  <testcase classname="ptolemy.util.test.junit.AutoTests" name="[35] /home/travis/build/icyphy/ptII/ptolemy/actor/lib/hoc/test/auto/IterateOverArray7.xml (RunModel)" time="0.024" />
  <testcase classname="ptolemy.util.test.junit.AutoTests" name="[36] /home/travis/build/icyphy/ptII/ptolemy/actor/lib/hoc/test/auto/IterateOverArray8.xml (RunModel)" time="0.027" />
  <testcase classname="ptolemy.util.test.junit.AutoTests" name="[37] /home/travis/build/icyphy/ptII/ptolemy/actor/lib/hoc/test/auto/IterateOverArray9.xml (RunModel)" time="0.027" />
  <testcase classname="ptolemy.util.test.junit.AutoTests" name="[38] /home/travis/build/icyphy/ptII/ptolemy/actor/lib/hoc/test/auto/IterateOverArrayCoercedOutputType.xml (RunModel)" time="0.041" />
  <testcase classname="ptolemy.util.test.junit.AutoTests" name="[39] /home/travis/build/icyphy/ptII/ptolemy/actor/lib/hoc/test/auto/IterateOverArrayInferredOutputType.xml (RunModel)" time="0.035" />
  <testcase classname="ptolemy.util.test.junit.AutoTests" name="[40] /home/travis/build/icyphy/ptII/ptolemy/actor/lib/hoc/test/auto/MobileFunctionTest.xml (RunModel)" time="0.029" />
  <testcase classname="ptolemy.util.test.junit.AutoTests" name="[41] /home/travis/build/icyphy/ptII/ptolemy/actor/lib/hoc/test/auto/MobileModelTest.xml (RunModel)" time="0.109" />
  <testcase classname="ptolemy.util.test.junit.AutoTests" name="[42] /home/travis/build/icyphy/ptII/ptolemy/actor/lib/hoc/test/auto/ModelReference.xml (RunModel)" time="0.069" />
  <testcase classname="ptolemy.util.test.junit.AutoTests" name="[43] /home/travis/build/icyphy/ptII/ptolemy/actor/lib/hoc/test/auto/ModelReference3.xml (RunModel)" time="0.057" />
  <testcase classname="ptolemy.util.test.junit.AutoTests" name="[44] /home/travis/build/icyphy/ptII/ptolemy/actor/lib/hoc/test/auto/ModelReference4.xml (RunModel)" time="10.055" />
  <testcase classname="ptolemy.util.test.junit.AutoTests" name="[45] /home/travis/build/icyphy/ptII/ptolemy/actor/lib/hoc/test/auto/MultiInstanceComposite.xml (RunModel)" time="0.07" />
  <testcase classname="ptolemy.util.test.junit.AutoTests" name="[46] /home/travis/build/icyphy/ptII/ptolemy/actor/lib/hoc/test/auto/MultiInstanceComposite2.xml (RunModel)" time="0.046" />
  <testcase classname="ptolemy.util.test.junit.AutoTests" name="[47] /home/travis/build/icyphy/ptII/ptolemy/actor/lib/hoc/test/auto/MulticoreExecution.xml (RunModel)" time="1.056">
    <error type="java.lang.reflect.InvocationTargetException">java.lang.reflect.InvocationTargetException
	at java.lang.reflect.Constructor.newInstance(Constructor.java:423)
	at ptolemy.util.test.junit.AutoTests.RunModel(AutoTests.java:185)
	at junitparams.internal.InvokeParameterisedMethod.evaluate(InvokeParameterisedMethod.java:102)
Caused by: ptolemy.kernel.util.IllegalActionException: Inside thread was interrupted.
  in .MulticoreExecution.ThreadedComposite.ThreadedDirector
	at ptolemy.actor.lib.hoc.ThreadedComposite$ThreadedDirector.fire(ThreadedComposite.java:646)
	at ptolemy.actor.CompositeActor.fire(CompositeActor.java:455)
	at ptolemy.actor.sched.FixedPointDirector._fireActor(FixedPointDirector.java:768)
	at ptolemy.actor.sched.FixedPointDirector.fire(FixedPointDirector.java:244)
	at ptolemy.actor.CompositeActor.fire(CompositeActor.java:455)
	at ptolemy.actor.Manager.iterate(Manager.java:851)
	at ptolemy.actor.Manager.execute(Manager.java:369)
	at ptolemy.actor.Manager.run(Manager.java:1263)
	at ptolemy.actor.Manager$PtolemyRunThread.run(Manager.java:1915)
</error>
  </testcase>
  <testcase classname="ptolemy.util.test.junit.AutoTests" name="[48] /home/travis/build/icyphy/ptII/ptolemy/actor/lib/hoc/test/auto/ParallelExecution.xml (RunModel)" time="0.938" />
  <testcase classname="ptolemy.util.test.junit.AutoTests" name="[49] /home/travis/build/icyphy/ptII/ptolemy/actor/lib/hoc/test/auto/RunCompositeActor.xml (RunModel)" time="0.023" />
  <testcase classname="ptolemy.util.test.junit.AutoTests" name="[50] /home/travis/build/icyphy/ptII/ptolemy/actor/lib/hoc/test/auto/RunCompositeActor2.xml (RunModel)" time="0.038" />
  <testcase classname="ptolemy.util.test.junit.AutoTests" name="[51] /home/travis/build/icyphy/ptII/ptolemy/actor/lib/hoc/test/auto/RunCompositeActor3.xml (RunModel)" time="0.027" />
  <testcase classname="ptolemy.util.test.junit.AutoTests" name="[52] /home/travis/build/icyphy/ptII/ptolemy/actor/lib/hoc/test/auto/RunCompositeActor4.xml (RunModel)" time="0.038" />
  <testcase classname="ptolemy.util.test.junit.AutoTests" name="[53] /home/travis/build/icyphy/ptII/ptolemy/actor/lib/hoc/test/auto/RunCompositeIterateOverArray.xml (RunModel)" time="0.033" />
  <testcase classname="ptolemy.util.test.junit.AutoTests" name="[54] /home/travis/build/icyphy/ptII/ptolemy/actor/lib/hoc/test/auto/ThreadedJS.xml (RunModel)" time="5.4" />
  <system-out><![CDATA[/home/travis/build/icyphy/ptII/ptolemy/actor/lib/hoc/test/IterateOverArray.tcl
testDefs.tcl: setting time out to 9000 seconds at Tue May 22 23:21:19 UTC 2018
05/22/18 11:21:19
Failed: 0  Total Tests: 2  ((Passed: 2, Newly Passed: 0)  Known Failed: 0) /home/travis/build/icyphy/ptII/ptolemy/actor/lib/hoc/test
----------------- testing (KnownFailure) /home/travis/build/icyphy/ptII/ptolemy/actor/lib/hoc/test/auto/knownFailedTests/PreinitializeMustBeInvokedRunComposite.xml
39 ms. Memory: 116224K Free: 105045K (90%)
Known Failure: java.lang.reflect.InvocationTargetException
No auto/*.xml tests in /home/travis/build/icyphy/ptII/ptolemy/actor/lib/hoc/test
AutoTests.java: About to close Vertx.
AutoTests.java: Vertx closed.
----------------- testing Tue May 22 23:21:20 UTC 2018 /home/travis/build/icyphy/ptII/ptolemy/actor/lib/hoc/test/auto/AllToAllMultiInstanceComposite.xml
----------------- Instantiating /home/travis/build/icyphy/ptII/ptolemy/actor/lib/hoc/test/auto/AllToAllMultiInstanceComposite.xml
114 ms. Memory: 116224K Free: 87796K (76%)
----------------- Invoking toplevel() on ptolemy.moml.MoMLSimpleApplication@49419e71
----------------- Done invoking toplevel() on ptolemy.moml.MoMLSimpleApplication@49419e71
reloadAllAccessors: .AllToAllMultiInstanceComposite
----------------- testing Tue May 22 23:21:20 UTC 2018 /home/travis/build/icyphy/ptII/ptolemy/actor/lib/hoc/test/auto/ApplyFFTTest.xml
----------------- Instantiating /home/travis/build/icyphy/ptII/ptolemy/actor/lib/hoc/test/auto/ApplyFFTTest.xml
138 ms. Memory: 116224K Free: 98662K (85%)
----------------- Invoking toplevel() on ptolemy.moml.MoMLSimpleApplication@11f75303
----------------- Done invoking toplevel() on ptolemy.moml.MoMLSimpleApplication@11f75303
reloadAllAccessors: .ApplyFFTTest
----------------- testing Tue May 22 23:21:20 UTC 2018 /home/travis/build/icyphy/ptII/ptolemy/actor/lib/hoc/test/auto/ApplyFunction.xml
----------------- Instantiating /home/travis/build/icyphy/ptII/ptolemy/actor/lib/hoc/test/auto/ApplyFunction.xml
12 ms. Memory: 116224K Free: 95033K (82%)
----------------- Invoking toplevel() on ptolemy.moml.MoMLSimpleApplication@15e4003e
----------------- Done invoking toplevel() on ptolemy.moml.MoMLSimpleApplication@15e4003e
reloadAllAccessors: .ApplyFunction
----------------- testing Tue May 22 23:21:20 UTC 2018 /home/travis/build/icyphy/ptII/ptolemy/actor/lib/hoc/test/auto/BackgroundExecution.xml
----------------- Instantiating /home/travis/build/icyphy/ptII/ptolemy/actor/lib/hoc/test/auto/BackgroundExecution.xml
636 ms. Memory: 116224K Free: 86979K (75%)
----------------- Invoking toplevel() on ptolemy.moml.MoMLSimpleApplication@1ba99a3a
----------------- Done invoking toplevel() on ptolemy.moml.MoMLSimpleApplication@1ba99a3a
reloadAllAccessors: .BackgroundExecution
----------------- testing Tue May 22 23:21:21 UTC 2018 /home/travis/build/icyphy/ptII/ptolemy/actor/lib/hoc/test/auto/Case.xml
----------------- Instantiating /home/travis/build/icyphy/ptII/ptolemy/actor/lib/hoc/test/auto/Case.xml
49 ms. Memory: 146944K Free: 140414K (96%)
----------------- Invoking toplevel() on ptolemy.moml.MoMLSimpleApplication@280f9b32
----------------- Done invoking toplevel() on ptolemy.moml.MoMLSimpleApplication@280f9b32
reloadAllAccessors: .Case
----------------- testing Tue May 22 23:21:21 UTC 2018 /home/travis/build/icyphy/ptII/ptolemy/actor/lib/hoc/test/auto/Case1.xml
----------------- Instantiating /home/travis/build/icyphy/ptII/ptolemy/actor/lib/hoc/test/auto/Case1.xml
26 ms. Memory: 146944K Free: 132834K (90%)
----------------- Invoking toplevel() on ptolemy.moml.MoMLSimpleApplication@3cce4929
----------------- Done invoking toplevel() on ptolemy.moml.MoMLSimpleApplication@3cce4929
reloadAllAccessors: .Case1
----------------- testing Tue May 22 23:21:21 UTC 2018 /home/travis/build/icyphy/ptII/ptolemy/actor/lib/hoc/test/auto/Case2.xml
----------------- Instantiating /home/travis/build/icyphy/ptII/ptolemy/actor/lib/hoc/test/auto/Case2.xml
39 ms. Memory: 146944K Free: 121475K (83%)
----------------- Invoking toplevel() on ptolemy.moml.MoMLSimpleApplication@6551b45b
----------------- Done invoking toplevel() on ptolemy.moml.MoMLSimpleApplication@6551b45b
reloadAllAccessors: .Case2
----------------- testing Tue May 22 23:21:22 UTC 2018 /home/travis/build/icyphy/ptII/ptolemy/actor/lib/hoc/test/auto/Case3.xml
----------------- Instantiating /home/travis/build/icyphy/ptII/ptolemy/actor/lib/hoc/test/auto/Case3.xml
23 ms. Memory: 146944K Free: 114979K (78%)
----------------- Invoking toplevel() on ptolemy.moml.MoMLSimpleApplication@3066ac12
----------------- Done invoking toplevel() on ptolemy.moml.MoMLSimpleApplication@3066ac12
reloadAllAccessors: .Case3
----------------- testing Tue May 22 23:21:22 UTC 2018 /home/travis/build/icyphy/ptII/ptolemy/actor/lib/hoc/test/auto/Case4.xml
----------------- Instantiating /home/travis/build/icyphy/ptII/ptolemy/actor/lib/hoc/test/auto/Case4.xml
18 ms. Memory: 146944K Free: 106473K (72%)
----------------- Invoking toplevel() on ptolemy.moml.MoMLSimpleApplication@212c710b
----------------- Done invoking toplevel() on ptolemy.moml.MoMLSimpleApplication@212c710b
reloadAllAccessors: .Case4
----------------- testing Tue May 22 23:21:22 UTC 2018 /home/travis/build/icyphy/ptII/ptolemy/actor/lib/hoc/test/auto/Case5.xml
----------------- Instantiating /home/travis/build/icyphy/ptII/ptolemy/actor/lib/hoc/test/auto/Case5.xml
53 ms. Memory: 146944K Free: 99382K (68%)
----------------- Invoking toplevel() on ptolemy.moml.MoMLSimpleApplication@49b0f678
----------------- Done invoking toplevel() on ptolemy.moml.MoMLSimpleApplication@49b0f678
reloadAllAccessors: .junk
----------------- testing Tue May 22 23:21:22 UTC 2018 /home/travis/build/icyphy/ptII/ptolemy/actor/lib/hoc/test/auto/Case6.xml
----------------- Instantiating /home/travis/build/icyphy/ptII/ptolemy/actor/lib/hoc/test/auto/Case6.xml
35 ms. Memory: 146944K Free: 86540K (59%)
----------------- Invoking toplevel() on ptolemy.moml.MoMLSimpleApplication@13281188
----------------- Done invoking toplevel() on ptolemy.moml.MoMLSimpleApplication@13281188
reloadAllAccessors: .Case6
----------------- testing Tue May 22 23:21:22 UTC 2018 /home/travis/build/icyphy/ptII/ptolemy/actor/lib/hoc/test/auto/CaseString2.xml
----------------- Instantiating /home/travis/build/icyphy/ptII/ptolemy/actor/lib/hoc/test/auto/CaseString2.xml
20 ms. Memory: 146944K Free: 138658K (94%)
----------------- Invoking toplevel() on ptolemy.moml.MoMLSimpleApplication@6d50ab3a
----------------- Done invoking toplevel() on ptolemy.moml.MoMLSimpleApplication@6d50ab3a
reloadAllAccessors: .CaseString2
----------------- testing Tue May 22 23:21:22 UTC 2018 /home/travis/build/icyphy/ptII/ptolemy/actor/lib/hoc/test/auto/CatchUpComposite1.xml
----------------- Instantiating /home/travis/build/icyphy/ptII/ptolemy/actor/lib/hoc/test/auto/CatchUpComposite1.xml
28 ms. Memory: 146944K Free: 129158K (88%)
----------------- Invoking toplevel() on ptolemy.moml.MoMLSimpleApplication@55956eb7
----------------- Done invoking toplevel() on ptolemy.moml.MoMLSimpleApplication@55956eb7
reloadAllAccessors: .CatchUpComposite1
----------------- testing Tue May 22 23:21:22 UTC 2018 /home/travis/build/icyphy/ptII/ptolemy/actor/lib/hoc/test/auto/CatchUpComposite2.xml
----------------- Instantiating /home/travis/build/icyphy/ptII/ptolemy/actor/lib/hoc/test/auto/CatchUpComposite2.xml
21 ms. Memory: 146944K Free: 119641K (81%)
----------------- Invoking toplevel() on ptolemy.moml.MoMLSimpleApplication@386c52d
----------------- Done invoking toplevel() on ptolemy.moml.MoMLSimpleApplication@386c52d
reloadAllAccessors: .CatchUpComposite2
----------------- testing Tue May 22 23:21:22 UTC 2018 /home/travis/build/icyphy/ptII/ptolemy/actor/lib/hoc/test/auto/CatchUpComposite3.xml
----------------- Instantiating /home/travis/build/icyphy/ptII/ptolemy/actor/lib/hoc/test/auto/CatchUpComposite3.xml
15 ms. Memory: 146944K Free: 110028K (75%)
----------------- Invoking toplevel() on ptolemy.moml.MoMLSimpleApplication@5cc5013e
----------------- Done invoking toplevel() on ptolemy.moml.MoMLSimpleApplication@5cc5013e
reloadAllAccessors: .CatchUpComposite3
----------------- testing Tue May 22 23:21:22 UTC 2018 /home/travis/build/icyphy/ptII/ptolemy/actor/lib/hoc/test/auto/CatchUpComposite4.xml
----------------- Instantiating /home/travis/build/icyphy/ptII/ptolemy/actor/lib/hoc/test/auto/CatchUpComposite4.xml
21 ms. Memory: 146944K Free: 101222K (69%)
----------------- Invoking toplevel() on ptolemy.moml.MoMLSimpleApplication@625d962f
----------------- Done invoking toplevel() on ptolemy.moml.MoMLSimpleApplication@625d962f
reloadAllAccessors: .CatchUpComposite4
----------------- testing Tue May 22 23:21:22 UTC 2018 /home/travis/build/icyphy/ptII/ptolemy/actor/lib/hoc/test/auto/CatchUpComposite5.xml
----------------- Instantiating /home/travis/build/icyphy/ptII/ptolemy/actor/lib/hoc/test/auto/CatchUpComposite5.xml
17 ms. Memory: 146944K Free: 92069K (63%)
----------------- Invoking toplevel() on ptolemy.moml.MoMLSimpleApplication@59ac9855
----------------- Done invoking toplevel() on ptolemy.moml.MoMLSimpleApplication@59ac9855
reloadAllAccessors: .CatchUpComposite5
----------------- testing Tue May 22 23:21:22 UTC 2018 /home/travis/build/icyphy/ptII/ptolemy/actor/lib/hoc/test/auto/CatchUpComposite6.xml
----------------- Instantiating /home/travis/build/icyphy/ptII/ptolemy/actor/lib/hoc/test/auto/CatchUpComposite6.xml
WARNING: The execution aspects in this model can influence the timing of actors by delaying the 
execution, potentially changing the behavior. There is no guarantee that actors fire at the 
time they request to be fired. 
Use Ptides for deterministic DE behavior that is not influenced by execution aspects. 

114 ms. Memory: 209408K Free: 197498K (94%)
----------------- Invoking toplevel() on ptolemy.moml.MoMLSimpleApplication@74c457ed
----------------- Done invoking toplevel() on ptolemy.moml.MoMLSimpleApplication@74c457ed
reloadAllAccessors: .CatchUpComposite6
----------------- testing Tue May 22 23:21:22 UTC 2018 /home/travis/build/icyphy/ptII/ptolemy/actor/lib/hoc/test/auto/CatchUpComposite7.xml
----------------- Instantiating /home/travis/build/icyphy/ptII/ptolemy/actor/lib/hoc/test/auto/CatchUpComposite7.xml
WARNING: The execution aspects in this model can influence the timing of actors by delaying the 
execution, potentially changing the behavior. There is no guarantee that actors fire at the 
time they request to be fired. 
Use Ptides for deterministic DE behavior that is not influenced by execution aspects. 

52 ms. Memory: 209408K Free: 180621K (86%)
----------------- Invoking toplevel() on ptolemy.moml.MoMLSimpleApplication@2cf5756c
----------------- Done invoking toplevel() on ptolemy.moml.MoMLSimpleApplication@2cf5756c
reloadAllAccessors: .CatchUpComposite7
----------------- testing Tue May 22 23:21:23 UTC 2018 /home/travis/build/icyphy/ptII/ptolemy/actor/lib/hoc/test/auto/ConcurrentExecutionTimeSDF.xml
----------------- Instantiating /home/travis/build/icyphy/ptII/ptolemy/actor/lib/hoc/test/auto/ConcurrentExecutionTimeSDF.xml
26 ms. Memory: 209408K Free: 171149K (82%)
----------------- Invoking toplevel() on ptolemy.moml.MoMLSimpleApplication@54b0792e
----------------- Done invoking toplevel() on ptolemy.moml.MoMLSimpleApplication@54b0792e
reloadAllAccessors: .ConcurrentExecutionTimeSDF
----------------- testing Tue May 22 23:21:23 UTC 2018 /home/travis/build/icyphy/ptII/ptolemy/actor/lib/hoc/test/auto/ConcurrentSleep.xml
----------------- Instantiating /home/travis/build/icyphy/ptII/ptolemy/actor/lib/hoc/test/auto/ConcurrentSleep.xml
731 ms. Memory: 209408K Free: 155975K (74%)
----------------- Invoking toplevel() on ptolemy.moml.MoMLSimpleApplication@28f52439
----------------- Done invoking toplevel() on ptolemy.moml.MoMLSimpleApplication@28f52439
reloadAllAccessors: .ConcurrentSleep
----------------- testing Tue May 22 23:21:23 UTC 2018 /home/travis/build/icyphy/ptII/ptolemy/actor/lib/hoc/test/auto/DEInPNInRunCompositeActor.xml
----------------- Instantiating /home/travis/build/icyphy/ptII/ptolemy/actor/lib/hoc/test/auto/DEInPNInRunCompositeActor.xml
15 ms. Memory: 209408K Free: 148602K (71%)
----------------- Invoking toplevel() on ptolemy.moml.MoMLSimpleApplication@14760628
----------------- Done invoking toplevel() on ptolemy.moml.MoMLSimpleApplication@14760628
reloadAllAccessors: .DEInPNInRunCompositeActor
----------------- testing Tue May 22 23:21:23 UTC 2018 /home/travis/build/icyphy/ptII/ptolemy/actor/lib/hoc/test/auto/DFTSubSetTest.xml
----------------- Instantiating /home/travis/build/icyphy/ptII/ptolemy/actor/lib/hoc/test/auto/DFTSubSetTest.xml
210 ms. Memory: 209408K Free: 101367K (48%)
----------------- Invoking toplevel() on ptolemy.moml.MoMLSimpleApplication@13c1a53e
----------------- Done invoking toplevel() on ptolemy.moml.MoMLSimpleApplication@13c1a53e
reloadAllAccessors: .DFTSubSetTest
----------------- testing Tue May 22 23:21:24 UTC 2018 /home/travis/build/icyphy/ptII/ptolemy/actor/lib/hoc/test/auto/HocDE.xml
----------------- Instantiating /home/travis/build/icyphy/ptII/ptolemy/actor/lib/hoc/test/auto/HocDE.xml
245 ms. Memory: 209408K Free: 196290K (94%)
----------------- Invoking toplevel() on ptolemy.moml.MoMLSimpleApplication@23d801a1
----------------- Done invoking toplevel() on ptolemy.moml.MoMLSimpleApplication@23d801a1
reloadAllAccessors: .HocDE
----------------- testing Tue May 22 23:21:24 UTC 2018 /home/travis/build/icyphy/ptII/ptolemy/actor/lib/hoc/test/auto/IterateOverArray.xml
----------------- Instantiating /home/travis/build/icyphy/ptII/ptolemy/actor/lib/hoc/test/auto/IterateOverArray.xml
4 ms. Memory: 209408K Free: 190243K (91%)
----------------- Invoking toplevel() on ptolemy.moml.MoMLSimpleApplication@2266dfa1
----------------- Done invoking toplevel() on ptolemy.moml.MoMLSimpleApplication@2266dfa1
reloadAllAccessors: .IterateOverArray
----------------- testing Tue May 22 23:21:24 UTC 2018 /home/travis/build/icyphy/ptII/ptolemy/actor/lib/hoc/test/auto/IterateOverArray10.xml
----------------- Instantiating /home/travis/build/icyphy/ptII/ptolemy/actor/lib/hoc/test/auto/IterateOverArray10.xml
3 ms. Memory: 209408K Free: 186233K (89%)
----------------- Invoking toplevel() on ptolemy.moml.MoMLSimpleApplication@210945a
----------------- Done invoking toplevel() on ptolemy.moml.MoMLSimpleApplication@210945a
reloadAllAccessors: .IterateOverArray10
----------------- testing Tue May 22 23:21:24 UTC 2018 /home/travis/build/icyphy/ptII/ptolemy/actor/lib/hoc/test/auto/IterateOverArray11.xml
----------------- Instantiating /home/travis/build/icyphy/ptII/ptolemy/actor/lib/hoc/test/auto/IterateOverArray11.xml
7 ms. Memory: 209408K Free: 180993K (86%)
----------------- Invoking toplevel() on ptolemy.moml.MoMLSimpleApplication@6f11b8c4
----------------- Done invoking toplevel() on ptolemy.moml.MoMLSimpleApplication@6f11b8c4
reloadAllAccessors: .IterateOverArray11
----------------- testing Tue May 22 23:21:24 UTC 2018 /home/travis/build/icyphy/ptII/ptolemy/actor/lib/hoc/test/auto/IterateOverArray12.xml
----------------- Instantiating /home/travis/build/icyphy/ptII/ptolemy/actor/lib/hoc/test/auto/IterateOverArray12.xml
19 ms. Memory: 209408K Free: 173879K (83%)
----------------- Invoking toplevel() on ptolemy.moml.MoMLSimpleApplication@3ef8946e
----------------- Done invoking toplevel() on ptolemy.moml.MoMLSimpleApplication@3ef8946e
reloadAllAccessors: .IterateOverArray12
----------------- testing Tue May 22 23:21:24 UTC 2018 /home/travis/build/icyphy/ptII/ptolemy/actor/lib/hoc/test/auto/IterateOverArray13.xml
----------------- Instantiating /home/travis/build/icyphy/ptII/ptolemy/actor/lib/hoc/test/auto/IterateOverArray13.xml
77 ms. Memory: 209408K Free: 141428K (68%)
----------------- Invoking toplevel() on ptolemy.moml.MoMLSimpleApplication@2e7b00cc
----------------- Done invoking toplevel() on ptolemy.moml.MoMLSimpleApplication@2e7b00cc
reloadAllAccessors: .IterateOverArray13
----------------- testing Tue May 22 23:21:24 UTC 2018 /home/travis/build/icyphy/ptII/ptolemy/actor/lib/hoc/test/auto/IterateOverArray14.xml
----------------- Instantiating /home/travis/build/icyphy/ptII/ptolemy/actor/lib/hoc/test/auto/IterateOverArray14.xml
67 ms. Memory: 209408K Free: 104014K (50%)
----------------- Invoking toplevel() on ptolemy.moml.MoMLSimpleApplication@15f59e64
----------------- Done invoking toplevel() on ptolemy.moml.MoMLSimpleApplication@15f59e64
reloadAllAccessors: .IterateOverArray14
----------------- testing Tue May 22 23:21:25 UTC 2018 /home/travis/build/icyphy/ptII/ptolemy/actor/lib/hoc/test/auto/IterateOverArray2.xml
----------------- Instantiating /home/travis/build/icyphy/ptII/ptolemy/actor/lib/hoc/test/auto/IterateOverArray2.xml
10 ms. Memory: 209408K Free: 98160K (47%)
----------------- Invoking toplevel() on ptolemy.moml.MoMLSimpleApplication@5dbd363a
----------------- Done invoking toplevel() on ptolemy.moml.MoMLSimpleApplication@5dbd363a
reloadAllAccessors: .IterateOverArray2
----------------- testing Tue May 22 23:21:25 UTC 2018 /home/travis/build/icyphy/ptII/ptolemy/actor/lib/hoc/test/auto/IterateOverArray3.xml
----------------- Instantiating /home/travis/build/icyphy/ptII/ptolemy/actor/lib/hoc/test/auto/IterateOverArray3.xml
16 ms. Memory: 209408K Free: 90463K (43%)
----------------- Invoking toplevel() on ptolemy.moml.MoMLSimpleApplication@4c6dcb0f
----------------- Done invoking toplevel() on ptolemy.moml.MoMLSimpleApplication@4c6dcb0f
reloadAllAccessors: .IterateOverArray3
----------------- testing Tue May 22 23:21:25 UTC 2018 /home/travis/build/icyphy/ptII/ptolemy/actor/lib/hoc/test/auto/IterateOverArray4.xml
----------------- Instantiating /home/travis/build/icyphy/ptII/ptolemy/actor/lib/hoc/test/auto/IterateOverArray4.xml
6 ms. Memory: 209408K Free: 85853K (41%)
----------------- Invoking toplevel() on ptolemy.moml.MoMLSimpleApplication@60add651
----------------- Done invoking toplevel() on ptolemy.moml.MoMLSimpleApplication@60add651
reloadAllAccessors: .IterateOverArray4
----------------- testing Tue May 22 23:21:25 UTC 2018 /home/travis/build/icyphy/ptII/ptolemy/actor/lib/hoc/test/auto/IterateOverArray5.xml
----------------- Instantiating /home/travis/build/icyphy/ptII/ptolemy/actor/lib/hoc/test/auto/IterateOverArray5.xml
3 ms. Memory: 209408K Free: 81244K (39%)
----------------- Invoking toplevel() on ptolemy.moml.MoMLSimpleApplication@1b79f69e
----------------- Done invoking toplevel() on ptolemy.moml.MoMLSimpleApplication@1b79f69e
reloadAllAccessors: .IterateOverArray5
----------------- testing Tue May 22 23:21:25 UTC 2018 /home/travis/build/icyphy/ptII/ptolemy/actor/lib/hoc/test/auto/IterateOverArray6.xml
----------------- Instantiating /home/travis/build/icyphy/ptII/ptolemy/actor/lib/hoc/test/auto/IterateOverArray6.xml
2 ms. Memory: 332288K Free: 323541K (97%)
----------------- Invoking toplevel() on ptolemy.moml.MoMLSimpleApplication@56c71fa7
----------------- Done invoking toplevel() on ptolemy.moml.MoMLSimpleApplication@56c71fa7
reloadAllAccessors: .IterateOverArray6
----------------- testing Tue May 22 23:21:25 UTC 2018 /home/travis/build/icyphy/ptII/ptolemy/actor/lib/hoc/test/auto/IterateOverArray7.xml
----------------- Instantiating /home/travis/build/icyphy/ptII/ptolemy/actor/lib/hoc/test/auto/IterateOverArray7.xml
7 ms. Memory: 332288K Free: 318091K (96%)
----------------- Invoking toplevel() on ptolemy.moml.MoMLSimpleApplication@64ed4c3b
----------------- Done invoking toplevel() on ptolemy.moml.MoMLSimpleApplication@64ed4c3b
reloadAllAccessors: .IterateOverArray7
----------------- testing Tue May 22 23:21:25 UTC 2018 /home/travis/build/icyphy/ptII/ptolemy/actor/lib/hoc/test/auto/IterateOverArray8.xml
----------------- Instantiating /home/travis/build/icyphy/ptII/ptolemy/actor/lib/hoc/test/auto/IterateOverArray8.xml
6 ms. Memory: 332288K Free: 312761K (94%)
----------------- Invoking toplevel() on ptolemy.moml.MoMLSimpleApplication@5273ce2d
----------------- Done invoking toplevel() on ptolemy.moml.MoMLSimpleApplication@5273ce2d
reloadAllAccessors: .IterateOverArray8
----------------- testing Tue May 22 23:21:25 UTC 2018 /home/travis/build/icyphy/ptII/ptolemy/actor/lib/hoc/test/auto/IterateOverArray9.xml
----------------- Instantiating /home/travis/build/icyphy/ptII/ptolemy/actor/lib/hoc/test/auto/IterateOverArray9.xml
11 ms. Memory: 332288K Free: 307430K (93%)
----------------- Invoking toplevel() on ptolemy.moml.MoMLSimpleApplication@610c1c4b
----------------- Done invoking toplevel() on ptolemy.moml.MoMLSimpleApplication@610c1c4b
reloadAllAccessors: .IterateOverArray9
----------------- testing Tue May 22 23:21:25 UTC 2018 /home/travis/build/icyphy/ptII/ptolemy/actor/lib/hoc/test/auto/IterateOverArrayCoercedOutputType.xml
----------------- Instantiating /home/travis/build/icyphy/ptII/ptolemy/actor/lib/hoc/test/auto/IterateOverArrayCoercedOutputType.xml
4 ms. Memory: 332288K Free: 300874K (91%)
----------------- Invoking toplevel() on ptolemy.moml.MoMLSimpleApplication@115aa6c3
----------------- Done invoking toplevel() on ptolemy.moml.MoMLSimpleApplication@115aa6c3
reloadAllAccessors: .IterateOverArrayCoercedOutputType
----------------- testing Tue May 22 23:21:25 UTC 2018 /home/travis/build/icyphy/ptII/ptolemy/actor/lib/hoc/test/auto/IterateOverArrayInferredOutputType.xml
----------------- Instantiating /home/travis/build/icyphy/ptII/ptolemy/actor/lib/hoc/test/auto/IterateOverArrayInferredOutputType.xml
11 ms. Memory: 332288K Free: 294743K (89%)
----------------- Invoking toplevel() on ptolemy.moml.MoMLSimpleApplication@392dc646
----------------- Done invoking toplevel() on ptolemy.moml.MoMLSimpleApplication@392dc646
reloadAllAccessors: .IterateOverArrayInferredOutputType
----------------- testing Tue May 22 23:21:25 UTC 2018 /home/travis/build/icyphy/ptII/ptolemy/actor/lib/hoc/test/auto/MobileFunctionTest.xml
----------------- Instantiating /home/travis/build/icyphy/ptII/ptolemy/actor/lib/hoc/test/auto/MobileFunctionTest.xml
7 ms. Memory: 332288K Free: 289412K (87%)
----------------- Invoking toplevel() on ptolemy.moml.MoMLSimpleApplication@51c0762c
----------------- Done invoking toplevel() on ptolemy.moml.MoMLSimpleApplication@51c0762c
reloadAllAccessors: .MobileFunctionTest
----------------- testing Tue May 22 23:21:25 UTC 2018 /home/travis/build/icyphy/ptII/ptolemy/actor/lib/hoc/test/auto/MobileModelTest.xml
----------------- Instantiating /home/travis/build/icyphy/ptII/ptolemy/actor/lib/hoc/test/auto/MobileModelTest.xml
78 ms. Memory: 332288K Free: 268141K (81%)
----------------- Invoking toplevel() on ptolemy.moml.MoMLSimpleApplication@35c62667
----------------- Done invoking toplevel() on ptolemy.moml.MoMLSimpleApplication@35c62667
reloadAllAccessors: .MobileModelTest
----------------- testing Tue May 22 23:21:25 UTC 2018 /home/travis/build/icyphy/ptII/ptolemy/actor/lib/hoc/test/auto/ModelReference.xml
----------------- Instantiating /home/travis/build/icyphy/ptII/ptolemy/actor/lib/hoc/test/auto/ModelReference.xml
5 ms. Memory: 332288K Free: 259132K (78%)
3 ms. Memory: 332288K Free: 257906K (78%)
3 ms. Memory: 332288K Free: 257906K (78%)
2 ms. Memory: 332288K Free: 256679K (77%)
1 ms. Memory: 332288K Free: 255453K (77%)
1 ms. Memory: 332288K Free: 255453K (77%)
1 ms. Memory: 332288K Free: 254227K (77%)
3 ms. Memory: 332288K Free: 253001K (76%)
1 ms. Memory: 332288K Free: 253001K (76%)
3 ms. Memory: 332288K Free: 251775K (76%)
38 ms. Memory: 332288K Free: 251775K (76%)
----------------- Invoking toplevel() on ptolemy.moml.MoMLSimpleApplication@f8a2e5
----------------- Done invoking toplevel() on ptolemy.moml.MoMLSimpleApplication@f8a2e5
reloadAllAccessors: .ModelReference
----------------- testing Tue May 22 23:21:25 UTC 2018 /home/travis/build/icyphy/ptII/ptolemy/actor/lib/hoc/test/auto/ModelReference3.xml
----------------- Instantiating /home/travis/build/icyphy/ptII/ptolemy/actor/lib/hoc/test/auto/ModelReference3.xml
2 ms. Memory: 332288K Free: 245643K (74%)
6 ms. Memory: 332288K Free: 245643K (74%)
1 ms. Memory: 332288K Free: 244417K (74%)
4 ms. Memory: 332288K Free: 243191K (73%)
2 ms. Memory: 332288K Free: 243191K (73%)
2 ms. Memory: 332288K Free: 241965K (73%)
2 ms. Memory: 332288K Free: 240738K (72%)
3 ms. Memory: 332288K Free: 240738K (72%)
1 ms. Memory: 332288K Free: 239512K (72%)
3 ms. Memory: 332288K Free: 238286K (72%)
35 ms. Memory: 332288K Free: 238286K (72%)
----------------- Invoking toplevel() on ptolemy.moml.MoMLSimpleApplication@767a8a2c
----------------- Done invoking toplevel() on ptolemy.moml.MoMLSimpleApplication@767a8a2c
reloadAllAccessors: .ModelReference3
----------------- testing Tue May 22 23:21:25 UTC 2018 /home/travis/build/icyphy/ptII/ptolemy/actor/lib/hoc/test/auto/ModelReference4.xml
----------------- Instantiating /home/travis/build/icyphy/ptII/ptolemy/actor/lib/hoc/test/auto/ModelReference4.xml
3 ms. Memory: 332288K Free: 231730K (70%)
10 ms. Memory: 332288K Free: 230503K (69%)
2 ms. Memory: 332288K Free: 228051K (69%)
12 ms. Memory: 332288K Free: 226825K (68%)
3 ms. Memory: 332288K Free: 225598K (68%)
6 ms. Memory: 332288K Free: 224372K (68%)
8 ms. Memory: 332288K Free: 223146K (67%)
3 ms. Memory: 332288K Free: 221920K (67%)
2 ms. Memory: 332288K Free: 219467K (66%)
2 ms. Memory: 332288K Free: 218241K (66%)
10039 ms. Memory: 332288K Free: 218241K (66%)
----------------- Invoking toplevel() on ptolemy.moml.MoMLSimpleApplication@7cc84459
----------------- Done invoking toplevel() on ptolemy.moml.MoMLSimpleApplication@7cc84459
reloadAllAccessors: .ModelReference4
----------------- testing Tue May 22 23:21:35 UTC 2018 /home/travis/build/icyphy/ptII/ptolemy/actor/lib/hoc/test/auto/MultiInstanceComposite.xml
----------------- Instantiating /home/travis/build/icyphy/ptII/ptolemy/actor/lib/hoc/test/auto/MultiInstanceComposite.xml
30 ms. Memory: 332288K Free: 195743K (59%)
----------------- Invoking toplevel() on ptolemy.moml.MoMLSimpleApplication@79b22f8d
----------------- Done invoking toplevel() on ptolemy.moml.MoMLSimpleApplication@79b22f8d
reloadAllAccessors: .MultiInstanceComposite
----------------- testing Tue May 22 23:21:35 UTC 2018 /home/travis/build/icyphy/ptII/ptolemy/actor/lib/hoc/test/auto/MultiInstanceComposite2.xml
----------------- Instantiating /home/travis/build/icyphy/ptII/ptolemy/actor/lib/hoc/test/auto/MultiInstanceComposite2.xml
17 ms. Memory: 332288K Free: 181829K (55%)
----------------- Invoking toplevel() on ptolemy.moml.MoMLSimpleApplication@29b0106b
----------------- Done invoking toplevel() on ptolemy.moml.MoMLSimpleApplication@29b0106b
reloadAllAccessors: .MultiInstanceComposite2
----------------- testing Tue May 22 23:21:35 UTC 2018 /home/travis/build/icyphy/ptII/ptolemy/actor/lib/hoc/test/auto/MulticoreExecution.xml
----------------- Instantiating /home/travis/build/icyphy/ptII/ptolemy/actor/lib/hoc/test/auto/MulticoreExecution.xml
1022 ms. Memory: 332288K Free: 169141K (51%)
----------------- testing Tue May 22 23:21:36 UTC 2018 /home/travis/build/icyphy/ptII/ptolemy/actor/lib/hoc/test/auto/ParallelExecution.xml
----------------- Instantiating /home/travis/build/icyphy/ptII/ptolemy/actor/lib/hoc/test/auto/ParallelExecution.xml
920 ms. Memory: 332288K Free: 155227K (47%)
----------------- Invoking toplevel() on ptolemy.moml.MoMLSimpleApplication@2d4afb5d
----------------- Done invoking toplevel() on ptolemy.moml.MoMLSimpleApplication@2d4afb5d
reloadAllAccessors: .ParallelExecution
----------------- testing Tue May 22 23:21:37 UTC 2018 /home/travis/build/icyphy/ptII/ptolemy/actor/lib/hoc/test/auto/RunCompositeActor.xml
----------------- Instantiating /home/travis/build/icyphy/ptII/ptolemy/actor/lib/hoc/test/auto/RunCompositeActor.xml
6 ms. Memory: 332288K Free: 146218K (44%)
----------------- Invoking toplevel() on ptolemy.moml.MoMLSimpleApplication@160f0249
----------------- Done invoking toplevel() on ptolemy.moml.MoMLSimpleApplication@160f0249
reloadAllAccessors: .RunCompositeActor
----------------- testing Tue May 22 23:21:37 UTC 2018 /home/travis/build/icyphy/ptII/ptolemy/actor/lib/hoc/test/auto/RunCompositeActor2.xml
----------------- Instantiating /home/travis/build/icyphy/ptII/ptolemy/actor/lib/hoc/test/auto/RunCompositeActor2.xml
17 ms. Memory: 332288K Free: 137209K (41%)
----------------- Invoking toplevel() on ptolemy.moml.MoMLSimpleApplication@669be2d
----------------- Done invoking toplevel() on ptolemy.moml.MoMLSimpleApplication@669be2d
reloadAllAccessors: .RunCompositeActor2
----------------- testing Tue May 22 23:21:37 UTC 2018 /home/travis/build/icyphy/ptII/ptolemy/actor/lib/hoc/test/auto/RunCompositeActor3.xml
----------------- Instantiating /home/travis/build/icyphy/ptII/ptolemy/actor/lib/hoc/test/auto/RunCompositeActor3.xml
3 ms. Memory: 332288K Free: 130621K (39%)
----------------- Invoking toplevel() on ptolemy.moml.MoMLSimpleApplication@4ae2fa47
----------------- Done invoking toplevel() on ptolemy.moml.MoMLSimpleApplication@4ae2fa47
reloadAllAccessors: .RunCompositeActor3
----------------- testing Tue May 22 23:21:37 UTC 2018 /home/travis/build/icyphy/ptII/ptolemy/actor/lib/hoc/test/auto/RunCompositeActor4.xml
----------------- Instantiating /home/travis/build/icyphy/ptII/ptolemy/actor/lib/hoc/test/auto/RunCompositeActor4.xml
16 ms. Memory: 332288K Free: 122037K (37%)
----------------- Invoking toplevel() on ptolemy.moml.MoMLSimpleApplication@1653779b
----------------- Done invoking toplevel() on ptolemy.moml.MoMLSimpleApplication@1653779b
reloadAllAccessors: .RunCompositeActor4
----------------- testing Tue May 22 23:21:37 UTC 2018 /home/travis/build/icyphy/ptII/ptolemy/actor/lib/hoc/test/auto/RunCompositeIterateOverArray.xml
----------------- Instantiating /home/travis/build/icyphy/ptII/ptolemy/actor/lib/hoc/test/auto/RunCompositeIterateOverArray.xml
9 ms. Memory: 332288K Free: 115480K (35%)
----------------- Invoking toplevel() on ptolemy.moml.MoMLSimpleApplication@5521a108
----------------- Done invoking toplevel() on ptolemy.moml.MoMLSimpleApplication@5521a108
reloadAllAccessors: .RunCompositeIterateOverArray
----------------- testing Tue May 22 23:21:37 UTC 2018 /home/travis/build/icyphy/ptII/ptolemy/actor/lib/hoc/test/auto/ThreadedJS.xml
----------------- Instantiating /home/travis/build/icyphy/ptII/ptolemy/actor/lib/hoc/test/auto/ThreadedJS.xml
2086 ms. Memory: 407552K Free: 264359K (65%)
----------------- Invoking toplevel() on ptolemy.moml.MoMLSimpleApplication@389d00ba
----------------- Done invoking toplevel() on ptolemy.moml.MoMLSimpleApplication@389d00ba
reloadAllAccessors: .ThreadedJS
AutoTests.java: About to close Vertx.
AutoTests.java: Vertx closed.
]]></system-out>
  <system-err><![CDATA[java.lang.RuntimeException: Execution failed
	at ptolemy.moml.MoMLSimpleApplication$UnloadThread.run(MoMLSimpleApplication.java:402)
Caused by: ptolemy.kernel.util.IllegalActionException: initialize() was called after wrapup() was called but preinitialize() was not called after wrapup().
	at ptolemy.actor.lib.hoc.test.PreinitializeMustBeInvoked.initialize(PreinitializeMustBeInvoked.java:78)
	at ptolemy.actor.Director.initialize(Director.java:938)
	at ptolemy.actor.Director.initialize(Director.java:907)
	at ptolemy.actor.sched.StaticSchedulingDirector.initialize(StaticSchedulingDirector.java:159)
	at ptolemy.domains.sdf.kernel.SDFDirector.initialize(SDFDirector.java:544)
	at ptolemy.actor.CompositeActor.initialize(CompositeActor.java:935)
	at ptolemy.actor.lib.hoc.LifeCycleManager._executeInsideModel(LifeCycleManager.java:339)
	at ptolemy.actor.lib.hoc.RunCompositeActor.fire(RunCompositeActor.java:205)
	at ptolemy.actor.CompositeActor.iterate(CompositeActor.java:1146)
	at ptolemy.actor.sched.StaticSchedulingDirector.fire(StaticSchedulingDirector.java:216)
	at ptolemy.domains.sdf.kernel.SDFDirector.fire(SDFDirector.java:500)
	at ptolemy.actor.CompositeActor.fire(CompositeActor.java:455)
	at ptolemy.actor.Manager.iterate(Manager.java:851)
	at ptolemy.actor.Manager.execute(Manager.java:369)
	at ptolemy.actor.Manager.run(Manager.java:1263)
	at ptolemy.actor.Manager$PtolemyRunThread.run(Manager.java:1915)
java.lang.reflect.InvocationTargetException
	at sun.reflect.NativeConstructorAccessorImpl.newInstance0(Native Method)
	at sun.reflect.NativeConstructorAccessorImpl.newInstance(NativeConstructorAccessorImpl.java:62)
	at sun.reflect.DelegatingConstructorAccessorImpl.newInstance(DelegatingConstructorAccessorImpl.java:45)
	at java.lang.reflect.Constructor.newInstance(Constructor.java:423)
	at ptolemy.util.test.junit.AutoKnownFailedTests.RunModel(AutoKnownFailedTests.java:107)
	at sun.reflect.NativeMethodAccessorImpl.invoke0(Native Method)
	at sun.reflect.NativeMethodAccessorImpl.invoke(NativeMethodAccessorImpl.java:62)
	at sun.reflect.DelegatingMethodAccessorImpl.invoke(DelegatingMethodAccessorImpl.java:43)
	at java.lang.reflect.Method.invoke(Method.java:498)
	at org.junit.runners.model.FrameworkMethod$1.runReflectiveCall(FrameworkMethod.java:44)
	at org.junit.internal.runners.model.ReflectiveCallable.run(ReflectiveCallable.java:15)
	at org.junit.runners.model.FrameworkMethod.invokeExplosively(FrameworkMethod.java:41)
	at junitparams.internal.InvokeParameterisedMethod.evaluate(InvokeParameterisedMethod.java:102)
	at org.junit.internal.runners.statements.FailOnTimeout$1.run(FailOnTimeout.java:28)
Caused by: ptolemy.kernel.util.IllegalActionException: initialize() was called after wrapup() was called but preinitialize() was not called after wrapup().
	at ptolemy.actor.lib.hoc.test.PreinitializeMustBeInvoked.initialize(PreinitializeMustBeInvoked.java:78)
	at ptolemy.actor.Director.initialize(Director.java:938)
	at ptolemy.actor.Director.initialize(Director.java:907)
	at ptolemy.actor.sched.StaticSchedulingDirector.initialize(StaticSchedulingDirector.java:159)
	at ptolemy.domains.sdf.kernel.SDFDirector.initialize(SDFDirector.java:544)
	at ptolemy.actor.CompositeActor.initialize(CompositeActor.java:935)
	at ptolemy.actor.lib.hoc.LifeCycleManager._executeInsideModel(LifeCycleManager.java:339)
	at ptolemy.actor.lib.hoc.RunCompositeActor.fire(RunCompositeActor.java:205)
	at ptolemy.actor.CompositeActor.iterate(CompositeActor.java:1146)
	at ptolemy.actor.sched.StaticSchedulingDirector.fire(StaticSchedulingDirector.java:216)
	at ptolemy.domains.sdf.kernel.SDFDirector.fire(SDFDirector.java:500)
	at ptolemy.actor.CompositeActor.fire(CompositeActor.java:455)
	at ptolemy.actor.Manager.iterate(Manager.java:851)
	at ptolemy.actor.Manager.execute(Manager.java:369)
	at ptolemy.actor.Manager.run(Manager.java:1263)
	at ptolemy.actor.Manager$PtolemyRunThread.run(Manager.java:1915)
java.lang.RuntimeException: Execution failed
	at ptolemy.moml.MoMLSimpleApplication$UnloadThread.run(MoMLSimpleApplication.java:402)
Caused by: ptolemy.kernel.util.IllegalActionException: Inside thread was interrupted.
  in .MulticoreExecution.ThreadedComposite.ThreadedDirector
	at ptolemy.actor.lib.hoc.ThreadedComposite$ThreadedDirector.fire(ThreadedComposite.java:646)
	at ptolemy.actor.CompositeActor.fire(CompositeActor.java:455)
	at ptolemy.actor.sched.FixedPointDirector._fireActor(FixedPointDirector.java:768)
	at ptolemy.actor.sched.FixedPointDirector.fire(FixedPointDirector.java:244)
	at ptolemy.actor.CompositeActor.fire(CompositeActor.java:455)
	at ptolemy.actor.Manager.iterate(Manager.java:851)
	at ptolemy.actor.Manager.execute(Manager.java:369)
	at ptolemy.actor.Manager.run(Manager.java:1263)
	at ptolemy.actor.Manager$PtolemyRunThread.run(Manager.java:1915)
]]></system-err>
</testsuite>
