<?xml version="1.0" encoding="UTF-8" ?>
<testsuite errors="0" failures="0" hostname="travis-job-07793e5b-29c3-4043-90a7-bd9fbfe660f0" name="ptolemy.domains.de.test.junit.JUnitTclTest" skipped="0" tests="101" time="125.654" timestamp="2018-04-20T17:05:18">
  <properties>
[...]
</properties>
  <testcase classname="ptolemy.util.test.junit.TclTests" name="[0] /home/travis/build/icyphy/ptII/ptolemy/domains/de/test/DependencyLoop.tcl (RunTclFile)" time="0.691" />
  <testcase classname="ptolemy.util.test.junit.TclTests" name="[1] /home/travis/build/icyphy/ptII/ptolemy/domains/de/test/RunDETestsAsQSS.tcl (RunTclFile)" time="87.222" />
  <testcase classname="ptolemy.util.test.junit.AutoKnownFailedTests" name="[0] /home/travis/build/icyphy/ptII/ptolemy/domains/de/test/auto/knownFailedTests/DESDFClockTest.xml (RunModel)" time="2.028" />
  <testcase classname="ptolemy.util.test.junit.AutoKnownFailedTests" name="[1] /home/travis/build/icyphy/ptII/ptolemy/domains/de/test/auto/knownFailedTests/DirectFeedback.xml (RunModel)" time="0.011" />
  <testcase classname="ptolemy.util.test.junit.AutoKnownFailedTests" name="[2] /home/travis/build/icyphy/ptII/ptolemy/domains/de/test/auto/knownFailedTests/FSMSource.xml (RunModel)" time="0.012" />
  <testcase classname="ptolemy.util.test.junit.AutoKnownFailedTests" name="[3] /home/travis/build/icyphy/ptII/ptolemy/domains/de/test/auto/knownFailedTests/HierarchicalModel.xml (RunModel)" time="0.027" />
  <testcase classname="ptolemy.util.test.junit.AutoKnownFailedTests" name="[4] /home/travis/build/icyphy/ptII/ptolemy/domains/de/test/auto/knownFailedTests/dependencyLoop.xml (RunModel)" time="0.027" />
  <testcase classname="ptolemy.util.test.junit.AutoKnownFailedTests" name="[5] /home/travis/build/icyphy/ptII/ptolemy/domains/de/test/auto/knownFailedTests/dependencyLoop2.xml (RunModel)" time="0.027" />
  <testcase classname="ptolemy.util.test.junit.AutoNameArchTests" name="[0] ThereAreNoAutoTests (RunModel)" time="0.004" />
  <testcase classname="ptolemy.util.test.junit.AutoTests" name="[0] /home/travis/build/icyphy/ptII/ptolemy/domains/de/test/auto/ActorDepthCalculation_actorWithoutPorts.xml (RunModel)" time="0.008" />
  <testcase classname="ptolemy.util.test.junit.AutoTests" name="[1] /home/travis/build/icyphy/ptII/ptolemy/domains/de/test/auto/AssemblyLine.xml (RunModel)" time="0.011" />
  <testcase classname="ptolemy.util.test.junit.AutoTests" name="[2] /home/travis/build/icyphy/ptII/ptolemy/domains/de/test/auto/CQBug1.xml (RunModel)" time="0.004" />
  <testcase classname="ptolemy.util.test.junit.AutoTests" name="[3] /home/travis/build/icyphy/ptII/ptolemy/domains/de/test/auto/CancelFireAt.xml (RunModel)" time="0.004" />
  <testcase classname="ptolemy.util.test.junit.AutoTests" name="[4] /home/travis/build/icyphy/ptII/ptolemy/domains/de/test/auto/CausalityAndComposabilityAnalysis.xml (RunModel)" time="0.007" />
  <testcase classname="ptolemy.util.test.junit.AutoTests" name="[5] /home/travis/build/icyphy/ptII/ptolemy/domains/de/test/auto/CausalityInterface1.xml (RunModel)" time="0.009" />
  <testcase classname="ptolemy.util.test.junit.AutoTests" name="[6] /home/travis/build/icyphy/ptII/ptolemy/domains/de/test/auto/CausalityInterface15.xml (RunModel)" time="0.019" />
  <testcase classname="ptolemy.util.test.junit.AutoTests" name="[7] /home/travis/build/icyphy/ptII/ptolemy/domains/de/test/auto/CausalityInterface2.xml (RunModel)" time="0.008" />
  <testcase classname="ptolemy.util.test.junit.AutoTests" name="[8] /home/travis/build/icyphy/ptII/ptolemy/domains/de/test/auto/CausalityInterface3.xml (RunModel)" time="0.008" />
  <testcase classname="ptolemy.util.test.junit.AutoTests" name="[9] /home/travis/build/icyphy/ptII/ptolemy/domains/de/test/auto/ClockDrift.xml (RunModel)" time="0.03" />
  <testcase classname="ptolemy.util.test.junit.AutoTests" name="[10] /home/travis/build/icyphy/ptII/ptolemy/domains/de/test/auto/ClockDriftAndValueChange.xml (RunModel)" time="0.025" />
  <testcase classname="ptolemy.util.test.junit.AutoTests" name="[11] /home/travis/build/icyphy/ptII/ptolemy/domains/de/test/auto/ClockDriftChange.xml (RunModel)" time="0.025" />
  <testcase classname="ptolemy.util.test.junit.AutoTests" name="[12] /home/travis/build/icyphy/ptII/ptolemy/domains/de/test/auto/ComposableCausalityAnalysis.xml (RunModel)" time="0.013" />
  <testcase classname="ptolemy.util.test.junit.AutoTests" name="[13] /home/travis/build/icyphy/ptII/ptolemy/domains/de/test/auto/DEFixedPointLimitation.xml (RunModel)" time="0.007" />
  <testcase classname="ptolemy.util.test.junit.AutoTests" name="[14] /home/travis/build/icyphy/ptII/ptolemy/domains/de/test/auto/DEScheduleTest.xml (RunModel)" time="0.007" />
  <testcase classname="ptolemy.util.test.junit.AutoTests" name="[15] /home/travis/build/icyphy/ptII/ptolemy/domains/de/test/auto/DEinDEwithStartTimes.xml (RunModel)" time="0.008" />
  <testcase classname="ptolemy.util.test.junit.AutoTests" name="[16] /home/travis/build/icyphy/ptII/ptolemy/domains/de/test/auto/DEinDEwithStartTimes2.xml (RunModel)" time="0.009" />
  <testcase classname="ptolemy.util.test.junit.AutoTests" name="[17] /home/travis/build/icyphy/ptII/ptolemy/domains/de/test/auto/DateDemo.xml (RunModel)" time="0.018" />
  <testcase classname="ptolemy.util.test.junit.AutoTests" name="[18] /home/travis/build/icyphy/ptII/ptolemy/domains/de/test/auto/DateToEvent.xml (RunModel)" time="2.027" />
  <testcase classname="ptolemy.util.test.junit.AutoTests" name="[19] /home/travis/build/icyphy/ptII/ptolemy/domains/de/test/auto/DepthTest1.xml (RunModel)" time="0.011" />
  <testcase classname="ptolemy.util.test.junit.AutoTests" name="[20] /home/travis/build/icyphy/ptII/ptolemy/domains/de/test/auto/DepthTest2.xml (RunModel)" time="0.018" />
  <testcase classname="ptolemy.util.test.junit.AutoTests" name="[21] /home/travis/build/icyphy/ptII/ptolemy/domains/de/test/auto/DepthTest3.xml (RunModel)" time="0.005" />
  <testcase classname="ptolemy.util.test.junit.AutoTests" name="[22] /home/travis/build/icyphy/ptII/ptolemy/domains/de/test/auto/DepthTest4.xml (RunModel)" time="0.017" />
  <testcase classname="ptolemy.util.test.junit.AutoTests" name="[23] /home/travis/build/icyphy/ptII/ptolemy/domains/de/test/auto/DepthTest5.xml (RunModel)" time="0.01" />
  <testcase classname="ptolemy.util.test.junit.AutoTests" name="[24] /home/travis/build/icyphy/ptII/ptolemy/domains/de/test/auto/DepthTest6.xml (RunModel)" time="0.008" />
  <testcase classname="ptolemy.util.test.junit.AutoTests" name="[25] /home/travis/build/icyphy/ptII/ptolemy/domains/de/test/auto/DepthTest7.xml (RunModel)" time="0.012" />
  <testcase classname="ptolemy.util.test.junit.AutoTests" name="[26] /home/travis/build/icyphy/ptII/ptolemy/domains/de/test/auto/EventToDate.xml (RunModel)" time="3.028" />
  <testcase classname="ptolemy.util.test.junit.AutoTests" name="[27] /home/travis/build/icyphy/ptII/ptolemy/domains/de/test/auto/FSM1.xml (RunModel)" time="0.021" />
  <testcase classname="ptolemy.util.test.junit.AutoTests" name="[28] /home/travis/build/icyphy/ptII/ptolemy/domains/de/test/auto/FSM7.xml (RunModel)" time="0.02" />
  <testcase classname="ptolemy.util.test.junit.AutoTests" name="[29] /home/travis/build/icyphy/ptII/ptolemy/domains/de/test/auto/Inspection.xml (RunModel)" time="0.023" />
  <testcase classname="ptolemy.util.test.junit.AutoTests" name="[30] /home/travis/build/icyphy/ptII/ptolemy/domains/de/test/auto/Iteration.xml (RunModel)" time="0.013" />
  <testcase classname="ptolemy.util.test.junit.AutoTests" name="[31] /home/travis/build/icyphy/ptII/ptolemy/domains/de/test/auto/LineFault.xml (RunModel)" time="0.39" />
  <testcase classname="ptolemy.util.test.junit.AutoTests" name="[32] /home/travis/build/icyphy/ptII/ptolemy/domains/de/test/auto/MergeModel1Add.xml (RunModel)" time="0.029" />
  <testcase classname="ptolemy.util.test.junit.AutoTests" name="[33] /home/travis/build/icyphy/ptII/ptolemy/domains/de/test/auto/MergeModel2Add.xml (RunModel)" time="0.028" />
  <testcase classname="ptolemy.util.test.junit.AutoTests" name="[34] /home/travis/build/icyphy/ptII/ptolemy/domains/de/test/auto/MergeModel3Add.xml (RunModel)" time="0.028" />
  <testcase classname="ptolemy.util.test.junit.AutoTests" name="[35] /home/travis/build/icyphy/ptII/ptolemy/domains/de/test/auto/MergeWithoutDiscard.xml (RunModel)" time="0.006" />
  <testcase classname="ptolemy.util.test.junit.AutoTests" name="[36] /home/travis/build/icyphy/ptII/ptolemy/domains/de/test/auto/Modal1.xml (RunModel)" time="0.018" />
  <testcase classname="ptolemy.util.test.junit.AutoTests" name="[37] /home/travis/build/icyphy/ptII/ptolemy/domains/de/test/auto/Modal2.xml (RunModel)" time="0.018" />
  <testcase classname="ptolemy.util.test.junit.AutoTests" name="[38] /home/travis/build/icyphy/ptII/ptolemy/domains/de/test/auto/Modal3.xml (RunModel)" time="0.02" />
  <testcase classname="ptolemy.util.test.junit.AutoTests" name="[39] /home/travis/build/icyphy/ptII/ptolemy/domains/de/test/auto/Modal4.xml (RunModel)" time="0.023" />
  <testcase classname="ptolemy.util.test.junit.AutoTests" name="[40] /home/travis/build/icyphy/ptII/ptolemy/domains/de/test/auto/Modal5.xml (RunModel)" time="0.018" />
  <testcase classname="ptolemy.util.test.junit.AutoTests" name="[41] /home/travis/build/icyphy/ptII/ptolemy/domains/de/test/auto/Modal6.xml (RunModel)" time="0.02" />
  <testcase classname="ptolemy.util.test.junit.AutoTests" name="[42] /home/travis/build/icyphy/ptII/ptolemy/domains/de/test/auto/Modal7.xml (RunModel)" time="0.02" />
  <testcase classname="ptolemy.util.test.junit.AutoTests" name="[43] /home/travis/build/icyphy/ptII/ptolemy/domains/de/test/auto/ModalModel.xml (RunModel)" time="0.132" />
  <testcase classname="ptolemy.util.test.junit.AutoTests" name="[44] /home/travis/build/icyphy/ptII/ptolemy/domains/de/test/auto/ModalSource.xml (RunModel)" time="0.012" />
  <testcase classname="ptolemy.util.test.junit.AutoTests" name="[45] /home/travis/build/icyphy/ptII/ptolemy/domains/de/test/auto/NonInterruptibleTimerZeroDelay.xml (RunModel)" time="0.007" />
  <testcase classname="ptolemy.util.test.junit.AutoTests" name="[46] /home/travis/build/icyphy/ptII/ptolemy/domains/de/test/auto/OpenQueueingNetwork.xml (RunModel)" time="1.736" />
  <testcase classname="ptolemy.util.test.junit.AutoTests" name="[47] /home/travis/build/icyphy/ptII/ptolemy/domains/de/test/auto/OpenQueuingNetwork.xml (RunModel)" time="0.299" />
  <testcase classname="ptolemy.util.test.junit.AutoTests" name="[48] /home/travis/build/icyphy/ptII/ptolemy/domains/de/test/auto/PeriodicSampler.xml (RunModel)" time="0.012" />
  <testcase classname="ptolemy.util.test.junit.AutoTests" name="[49] /home/travis/build/icyphy/ptII/ptolemy/domains/de/test/auto/PersistentIO.xml (RunModel)" time="0.019" />
  <testcase classname="ptolemy.util.test.junit.AutoTests" name="[50] /home/travis/build/icyphy/ptII/ptolemy/domains/de/test/auto/PortParameterResetOnInitialize.xml (RunModel)" time="0.009" />
  <testcase classname="ptolemy.util.test.junit.AutoTests" name="[51] /home/travis/build/icyphy/ptII/ptolemy/domains/de/test/auto/PortParameterUpdates.xml (RunModel)" time="0.015" />
  <testcase classname="ptolemy.util.test.junit.AutoTests" name="[52] /home/travis/build/icyphy/ptII/ptolemy/domains/de/test/auto/QueueAndServer.xml (RunModel)" time="0.02" />
  <testcase classname="ptolemy.util.test.junit.AutoTests" name="[53] /home/travis/build/icyphy/ptII/ptolemy/domains/de/test/auto/Records.xml (RunModel)" time="0.019" />
  <testcase classname="ptolemy.util.test.junit.AutoTests" name="[54] /home/travis/build/icyphy/ptII/ptolemy/domains/de/test/auto/ResetTransitionWithStartTime1.xml (RunModel)" time="0.019" />
  <testcase classname="ptolemy.util.test.junit.AutoTests" name="[55] /home/travis/build/icyphy/ptII/ptolemy/domains/de/test/auto/ResetTransitionWithStartTime2.xml (RunModel)" time="0.02" />
  <testcase classname="ptolemy.util.test.junit.AutoTests" name="[56] /home/travis/build/icyphy/ptII/ptolemy/domains/de/test/auto/ResetTransitionWithStartTime3.xml (RunModel)" time="0.041" />
  <testcase classname="ptolemy.util.test.junit.AutoTests" name="[57] /home/travis/build/icyphy/ptII/ptolemy/domains/de/test/auto/ResetTransitionWithStartTime4.xml (RunModel)" time="0.025" />
  <testcase classname="ptolemy.util.test.junit.AutoTests" name="[58] /home/travis/build/icyphy/ptII/ptolemy/domains/de/test/auto/ResettableTimer1.xml (RunModel)" time="0.01" />
  <testcase classname="ptolemy.util.test.junit.AutoTests" name="[59] /home/travis/build/icyphy/ptII/ptolemy/domains/de/test/auto/ResettableTimer2.xml (RunModel)" time="0.009" />
  <testcase classname="ptolemy.util.test.junit.AutoTests" name="[60] /home/travis/build/icyphy/ptII/ptolemy/domains/de/test/auto/ResettableTimer3.xml (RunModel)" time="0.007" />
  <testcase classname="ptolemy.util.test.junit.AutoTests" name="[61] /home/travis/build/icyphy/ptII/ptolemy/domains/de/test/auto/ResettableTimer4.xml (RunModel)" time="0.009" />
  <testcase classname="ptolemy.util.test.junit.AutoTests" name="[62] /home/travis/build/icyphy/ptII/ptolemy/domains/de/test/auto/ResettableTimer5.xml (RunModel)" time="0.009" />
  <testcase classname="ptolemy.util.test.junit.AutoTests" name="[63] /home/travis/build/icyphy/ptII/ptolemy/domains/de/test/auto/ResettableTimer6.xml (RunModel)" time="0.016" />
  <testcase classname="ptolemy.util.test.junit.AutoTests" name="[64] /home/travis/build/icyphy/ptII/ptolemy/domains/de/test/auto/ServerZeroDelay.xml (RunModel)" time="0.012" />
  <testcase classname="ptolemy.util.test.junit.AutoTests" name="[65] /home/travis/build/icyphy/ptII/ptolemy/domains/de/test/auto/SmartSender.xml (RunModel)" time="3.008" />
  <testcase classname="ptolemy.util.test.junit.AutoTests" name="[66] /home/travis/build/icyphy/ptII/ptolemy/domains/de/test/auto/ThreadedComposite.xml (RunModel)" time="0.208" />
  <testcase classname="ptolemy.util.test.junit.AutoTests" name="[67] /home/travis/build/icyphy/ptII/ptolemy/domains/de/test/auto/Time.xml (RunModel)" time="0.464" />
  <testcase classname="ptolemy.util.test.junit.AutoTests" name="[68] /home/travis/build/icyphy/ptII/ptolemy/domains/de/test/auto/TimeDelayZeroDelay.xml (RunModel)" time="0.011" />
  <testcase classname="ptolemy.util.test.junit.AutoTests" name="[69] /home/travis/build/icyphy/ptII/ptolemy/domains/de/test/auto/TimerZeroDelay.xml (RunModel)" time="0.009" />
  <testcase classname="ptolemy.util.test.junit.AutoTests" name="[70] /home/travis/build/icyphy/ptII/ptolemy/domains/de/test/auto/TimingParadox.xml (RunModel)" time="0.363" />
  <testcase classname="ptolemy.util.test.junit.AutoTests" name="[71] /home/travis/build/icyphy/ptII/ptolemy/domains/de/test/auto/TransferInputs.xml (RunModel)" time="0.022" />
  <testcase classname="ptolemy.util.test.junit.AutoTests" name="[72] /home/travis/build/icyphy/ptII/ptolemy/domains/de/test/auto/TransferOutputs2.xml (RunModel)" time="0.023" />
  <testcase classname="ptolemy.util.test.junit.AutoTests" name="[73] /home/travis/build/icyphy/ptII/ptolemy/domains/de/test/auto/Trilateration.xml (RunModel)" time="10.614" />
  <testcase classname="ptolemy.util.test.junit.AutoTests" name="[74] /home/travis/build/icyphy/ptII/ptolemy/domains/de/test/auto/TwoSigmaDelta.xml (RunModel)" time="1.877" />
  <testcase classname="ptolemy.util.test.junit.AutoTests" name="[75] /home/travis/build/icyphy/ptII/ptolemy/domains/de/test/auto/VariableDelay.xml (RunModel)" time="0.008" />
  <testcase classname="ptolemy.util.test.junit.AutoTests" name="[76] /home/travis/build/icyphy/ptII/ptolemy/domains/de/test/auto/VariableDelay2.xml (RunModel)" time="0.012" />
  <testcase classname="ptolemy.util.test.junit.AutoTests" name="[77] /home/travis/build/icyphy/ptII/ptolemy/domains/de/test/auto/VariableDelayZeroDelay.xml (RunModel)" time="0.016" />
  <testcase classname="ptolemy.util.test.junit.AutoTests" name="[78] /home/travis/build/icyphy/ptII/ptolemy/domains/de/test/auto/VariableDelayZeroDelay2.xml (RunModel)" time="0.011" />
  <testcase classname="ptolemy.util.test.junit.AutoTests" name="[79] /home/travis/build/icyphy/ptII/ptolemy/domains/de/test/auto/deInCt.xml (RunModel)" time="0.022" />
  <testcase classname="ptolemy.util.test.junit.AutoTests" name="[80] /home/travis/build/icyphy/ptII/ptolemy/domains/de/test/auto/deInCt2.xml (RunModel)" time="0.024" />
  <testcase classname="ptolemy.util.test.junit.AutoTests" name="[81] /home/travis/build/icyphy/ptII/ptolemy/domains/de/test/auto/dynamicCausalityInterface1.xml (RunModel)" time="0.018" />
  <testcase classname="ptolemy.util.test.junit.AutoTests" name="[82] /home/travis/build/icyphy/ptII/ptolemy/domains/de/test/auto/fsm_de_test.xml (RunModel)" time="0.03" />
  <testcase classname="ptolemy.util.test.junit.AutoTests" name="[83] /home/travis/build/icyphy/ptII/ptolemy/domains/de/test/auto/functionDependencyReconstruction.xml (RunModel)" time="0.036" />
  <testcase classname="ptolemy.util.test.junit.AutoTests" name="[84] /home/travis/build/icyphy/ptII/ptolemy/domains/de/test/auto/multirate.xml (RunModel)" time="0.016" />
  <testcase classname="ptolemy.util.test.junit.AutoTests" name="[85] /home/travis/build/icyphy/ptII/ptolemy/domains/de/test/auto/multirate2.xml (RunModel)" time="0.016" />
  <testcase classname="ptolemy.util.test.junit.AutoTests" name="[86] /home/travis/build/icyphy/ptII/ptolemy/domains/de/test/auto/realtime.xml (RunModel)" time="10.01" />
  <testcase classname="ptolemy.util.test.junit.AutoTests" name="[87] /home/travis/build/icyphy/ptII/ptolemy/domains/de/test/auto/relationGroup.xml (RunModel)" time="0.007" />
  <testcase classname="ptolemy.util.test.junit.AutoTests" name="[88] /home/travis/build/icyphy/ptII/ptolemy/domains/de/test/auto/relationGroup2.xml (RunModel)" time="0.008" />
  <testcase classname="ptolemy.util.test.junit.AutoTests" name="[89] /home/travis/build/icyphy/ptII/ptolemy/domains/de/test/auto/sortWithOpaquePorts.xml (RunModel)" time="0.012" />
  <testcase classname="ptolemy.util.test.junit.AutoTests" name="[90] /home/travis/build/icyphy/ptII/ptolemy/domains/de/test/auto/transferInputsandOutputs.xml (RunModel)" time="0.014" />
  <testcase classname="ptolemy.util.test.junit.AutoTests" name="[91] /home/travis/build/icyphy/ptII/ptolemy/domains/de/test/auto/triggerType.xml (RunModel)" time="0.008" />
  <system-out><![CDATA[/home/travis/build/icyphy/ptII/ptolemy/domains/de/test/DependencyLoop.tcl
testDefs.tcl: setting time out to 9000 seconds at Fri Apr 20 17:05:18 UTC 2018
15 ms. Memory: 116224K Free: 92984K (80%)
7 ms. Memory: 146944K Free: 135108K (92%)
/home/travis/build/icyphy/ptII/ptolemy/domains/de/test/RunDETestsAsQSS.tcl
Run the DE tests using ptolemy.domains.qss.test.QSSDirectorTest, which extends QSSDirector and prints a message in the constructors.
------------------ testing $PTII/ptolemy/domains/de/test/auto/knownFailedTests/dependencyLoop.xml (Known Failure) 
7 ms. Memory: 146944K Free: 130841K (89%)


==== $PTIIhome/travis/build/icyphy/ptII/ptolemy/domains/de/test/../../../../: Auto Automatic test in file $PTII/ptolemy/domains/de/test/auto/knownFailedTests/dependencyLoop.xml
==== Contents of test case:

	    # FIXME: we should use $relativeFilename here, but it
	    # might have backslashes under Windows, which causes no end
	    # of trouble.
	    createAndExecute $file
	    list {}
	
.... Test generated KNOWN error:
    while executing
ptolemy.kernel.util.IllegalActionException: Found a zero delay loop containing .dependencyLoop.original
  in .dependencyLoop and .dependencyLoop.original
	at ptolemy.actor.util.CausalityInterfaceForComposites._computeOutputPortDepth(CausalityInterfaceForComposites.java:759)
	at ptolemy.actor.util.CausalityInterfaceForComposites._computeInputDepth(CausalityInterfaceForComposites.java:696)
	at ptolemy.actor.util.CausalityInterfaceForComposites._computeOutputPortDepth(CausalityInterfaceForComposites.java:765)
	at ptolemy.actor.util.CausalityInterfaceForComposites._computeInputDepth(CausalityInterfaceForComposites.java:696)
	at ptolemy.actor.util.CausalityInterfaceForComposites._computeOutputPortDepth(CausalityInterfaceForComposites.java:765)
	at ptolemy.actor.util.CausalityInterfaceForComposites._computeInputDepth(CausalityInterfaceForComposites.java:696)
	at ptolemy.actor.util.CausalityInterfaceForComposites._computeActorDepth(CausalityInterfaceForComposites.java:532)
	at ptolemy.actor.util.CausalityInterfaceForComposites.checkForCycles(CausalityInterfaceForComposites.java:96)
	at ptolemy.domains.de.kernel.DEDirector.preinitialize(DEDirector.java:1337)
	at ptolemy.actor.CompositeActor.preinitialize(CompositeActor.java:1828)
	at ptolemy.actor.Manager.preinitializeAndResolveTypes(Manager.java:1040)
	at ptolemy.actor.Manager.initialize(Manager.java:710)
	at ptolemy.actor.Manager.execute(Manager.java:356)
	at ptolemy.actor.Manager.run(Manager.java:1263)
	at ptolemy.actor.Manager$PtolemyRunThread.run(Manager.java:1915)

    while executing
ptolemy.kernel.util.IllegalActionException: Found a zero delay loop containing .dependencyLoop.original
  in .dependencyLoop and .dependencyLoop.original
    while executing
"java::new ptolemy.moml.MoMLSimpleApplication $file
"
    (procedure "createAndExecute" line 2)
    invoked from within
"createAndExecute $file"
    ("uplevel" body line 5)
    invoked from within
"uplevel $contents_of_test"
------------------ testing $PTII/ptolemy/domains/de/test/auto/knownFailedTests/DESDFClockTest.xml (Known Failure) 
2106 ms. Memory: 146944K Free: 115490K (79%)


==== $PTIIhome/travis/build/icyphy/ptII/ptolemy/domains/de/test/../../../../: Auto Automatic test in file $PTII/ptolemy/domains/de/test/auto/knownFailedTests/DESDFClockTest.xml
==== Contents of test case:

	    # FIXME: we should use $relativeFilename here, but it
	    # might have backslashes under Windows, which causes no end
	    # of trouble.
	    createAndExecute $file
	    list {}
	
.... Test generated KNOWN error:
    while executing
ptolemy.kernel.util.IllegalActionException: Actor is not ready to fire.  Perhaps UpSample.prefire() returned false? Try debugging the actor by selecting "Listen to Actor".  Also, for SDF check moml for tokenConsumptionRate on input.
  in .DESDFClockTest.Play Bell.Copy1:SDF Director and .DESDFClockTest.Play Bell.UpSample
	at ptolemy.actor.sched.StaticSchedulingDirector.fire(StaticSchedulingDirector.java:227)
	at ptolemy.domains.sdf.kernel.SDFDirector.fire(SDFDirector.java:500)
	at ptolemy.actor.CompositeActor.fire(CompositeActor.java:455)
	at ptolemy.domains.de.kernel.DEDirector._fire(DEDirector.java:1948)
	at ptolemy.domains.de.kernel.DEDirector.fire(DEDirector.java:502)
	at ptolemy.actor.CompositeActor.fire(CompositeActor.java:455)
	at ptolemy.actor.Manager.iterate(Manager.java:851)
	at ptolemy.actor.Manager.execute(Manager.java:369)
	at ptolemy.actor.Manager.run(Manager.java:1263)
	at ptolemy.actor.Manager$PtolemyRunThread.run(Manager.java:1915)

    while executing
ptolemy.kernel.util.IllegalActionException: Actor is not ready to fire.  Perhaps UpSample.prefire() returned false? Try debugging the actor by selecting "Listen to Actor".  Also, for SDF check moml for tokenConsumptionRate on input.
  in .DESDFClockTest.Play Bell.Copy1:SDF Director and .DESDFClockTest.Play Bell.UpSample
    while executing
"java::new ptolemy.moml.MoMLSimpleApplication $file
"
    (procedure "createAndExecute" line 2)
    invoked from within
"createAndExecute $file"
    ("uplevel" body line 5)
    invoked from within
"uplevel $contents_of_test"
------------------ testing $PTII/ptolemy/domains/de/test/auto/knownFailedTests/FSMSource.xml (Known Failure) 
27 ms. Memory: 146944K Free: 105980K (72%)
!!!! Auto was marked as failing, but now passes
------------------ testing $PTII/ptolemy/domains/de/test/auto/knownFailedTests/dependencyLoop2.xml (Known Failure) 
12 ms. Memory: 146944K Free: 104121K (71%)


==== $PTIIhome/travis/build/icyphy/ptII/ptolemy/domains/de/test/../../../../: Auto Automatic test in file $PTII/ptolemy/domains/de/test/auto/knownFailedTests/dependencyLoop2.xml
==== Contents of test case:

	    # FIXME: we should use $relativeFilename here, but it
	    # might have backslashes under Windows, which causes no end
	    # of trouble.
	    createAndExecute $file
	    list {}
	
.... Test generated KNOWN error:
    while executing
ptolemy.kernel.util.IllegalActionException: Found a zero delay loop containing .dependencyLoop2.original
  in .dependencyLoop2 and .dependencyLoop2.original
	at ptolemy.actor.util.CausalityInterfaceForComposites._computeOutputPortDepth(CausalityInterfaceForComposites.java:759)
	at ptolemy.actor.util.CausalityInterfaceForComposites._computeInputDepth(CausalityInterfaceForComposites.java:696)
	at ptolemy.actor.util.CausalityInterfaceForComposites._computeOutputPortDepth(CausalityInterfaceForComposites.java:765)
	at ptolemy.actor.util.CausalityInterfaceForComposites._computeInputDepth(CausalityInterfaceForComposites.java:696)
	at ptolemy.actor.util.CausalityInterfaceForComposites._computeOutputPortDepth(CausalityInterfaceForComposites.java:765)
	at ptolemy.actor.util.CausalityInterfaceForComposites._computeInputDepth(CausalityInterfaceForComposites.java:696)
	at ptolemy.actor.util.CausalityInterfaceForComposites._computeActorDepth(CausalityInterfaceForComposites.java:532)
	at ptolemy.actor.util.CausalityInterfaceForComposites.checkForCycles(CausalityInterfaceForComposites.java:96)
	at ptolemy.domains.de.kernel.DEDirector.preinitialize(DEDirector.java:1337)
	at ptolemy.actor.CompositeActor.preinitialize(CompositeActor.java:1828)
	at ptolemy.actor.Manager.preinitializeAndResolveTypes(Manager.java:1040)
	at ptolemy.actor.Manager.initialize(Manager.java:710)
	at ptolemy.actor.Manager.execute(Manager.java:356)
	at ptolemy.actor.Manager.run(Manager.java:1263)
	at ptolemy.actor.Manager$PtolemyRunThread.run(Manager.java:1915)

    while executing
ptolemy.kernel.util.IllegalActionException: Found a zero delay loop containing .dependencyLoop2.original
  in .dependencyLoop2 and .dependencyLoop2.original
    while executing
"java::new ptolemy.moml.MoMLSimpleApplication $file
"
    (procedure "createAndExecute" line 2)
    invoked from within
"createAndExecute $file"
    ("uplevel" body line 5)
    invoked from within
"uplevel $contents_of_test"
------------------ testing $PTII/ptolemy/domains/de/test/auto/knownFailedTests/HierarchicalModel.xml (Known Failure) 
6 ms. Memory: 146944K Free: 82520K (56%)


==== $PTIIhome/travis/build/icyphy/ptII/ptolemy/domains/de/test/../../../../: Auto Automatic test in file $PTII/ptolemy/domains/de/test/auto/knownFailedTests/HierarchicalModel.xml
==== Contents of test case:

	    # FIXME: we should use $relativeFilename here, but it
	    # might have backslashes under Windows, which causes no end
	    # of trouble.
	    createAndExecute $file
	    list {}
	
.... Test generated KNOWN error:
    while executing
ptolemy.kernel.util.IllegalActionException: Found a zero delay loop containing .HierarchicalModel.A
  in .HierarchicalModel and .HierarchicalModel.A
	at ptolemy.actor.util.CausalityInterfaceForComposites._computeOutputPortDepth(CausalityInterfaceForComposites.java:759)
	at ptolemy.actor.util.CausalityInterfaceForComposites._computeInputDepth(CausalityInterfaceForComposites.java:696)
	at ptolemy.actor.util.CausalityInterfaceForComposites._computeOutputPortDepth(CausalityInterfaceForComposites.java:765)
	at ptolemy.actor.util.CausalityInterfaceForComposites._computeInputDepth(CausalityInterfaceForComposites.java:696)
	at ptolemy.actor.util.CausalityInterfaceForComposites._computeOutputPortDepth(CausalityInterfaceForComposites.java:765)
	at ptolemy.actor.util.CausalityInterfaceForComposites._computeInputDepth(CausalityInterfaceForComposites.java:696)
	at ptolemy.actor.util.CausalityInterfaceForComposites._computeActorDepth(CausalityInterfaceForComposites.java:532)
	at ptolemy.actor.util.CausalityInterfaceForComposites.checkForCycles(CausalityInterfaceForComposites.java:96)
	at ptolemy.domains.de.kernel.DEDirector.preinitialize(DEDirector.java:1337)
	at ptolemy.actor.CompositeActor.preinitialize(CompositeActor.java:1828)
	at ptolemy.actor.Manager.preinitializeAndResolveTypes(Manager.java:1040)
	at ptolemy.actor.Manager.initialize(Manager.java:710)
	at ptolemy.actor.Manager.execute(Manager.java:356)
	at ptolemy.actor.Manager.run(Manager.java:1263)
	at ptolemy.actor.Manager$PtolemyRunThread.run(Manager.java:1915)

    while executing
ptolemy.kernel.util.IllegalActionException: Found a zero delay loop containing .HierarchicalModel.A
  in .HierarchicalModel and .HierarchicalModel.A
    while executing
"java::new ptolemy.moml.MoMLSimpleApplication $file
"
    (procedure "createAndExecute" line 2)
    invoked from within
"createAndExecute $file"
    ("uplevel" body line 5)
    invoked from within
"uplevel $contents_of_test"
------------------ testing $PTII/ptolemy/domains/de/test/auto/knownFailedTests/DirectFeedback.xml (Known Failure) 
5 ms. Memory: 146944K Free: 140437K (96%)


==== $PTIIhome/travis/build/icyphy/ptII/ptolemy/domains/de/test/../../../../: Auto Automatic test in file $PTII/ptolemy/domains/de/test/auto/knownFailedTests/DirectFeedback.xml
==== Contents of test case:

	    # FIXME: we should use $relativeFilename here, but it
	    # might have backslashes under Windows, which causes no end
	    # of trouble.
	    createAndExecute $file
	    list {}
	
.... Test generated KNOWN error:
    while executing
ptolemy.kernel.util.IllegalActionException: Test fails in iteration 1.
Value was: 1.0. Should have been: 2.0
  in .DirectFeedback.Test
	at ptolemy.actor.lib.Test.fire(Test.java:268)
	at ptolemy.domains.de.kernel.DEDirector._fire(DEDirector.java:1948)
	at ptolemy.domains.de.kernel.DEDirector.fire(DEDirector.java:502)
	at ptolemy.actor.CompositeActor.fire(CompositeActor.java:455)
	at ptolemy.actor.Manager.iterate(Manager.java:851)
	at ptolemy.actor.Manager.execute(Manager.java:369)
	at ptolemy.actor.Manager.run(Manager.java:1263)
	at ptolemy.actor.Manager$PtolemyRunThread.run(Manager.java:1915)

    while executing
ptolemy.kernel.util.IllegalActionException: Test fails in iteration 1.
Value was: 1.0. Should have been: 2.0
  in .DirectFeedback.Test
    while executing
"java::new ptolemy.moml.MoMLSimpleApplication $file
"
    (procedure "createAndExecute" line 2)
    invoked from within
"createAndExecute $file"
    ("uplevel" body line 5)
    invoked from within
"uplevel $contents_of_test"
------------------ testing $PTII/ptolemy/domains/de/test/auto/ActorDepthCalculation_actorWithoutPorts.xml
auto.tcl: Setting watchdog for 200 seconds at Fri Apr 20 17:05:22 UTC 2018
5 ms. Memory: 146944K Free: 131512K (89%)
ptolemy.util.test.WatchDog.cancel(): canceling Fri Apr 20 17:05:22 UTC 2018
auto.tcl: Setting watchdog for 200 seconds at Fri Apr 20 17:05:22 UTC 2018
4 ms. Memory: 146944K Free: 129443K (88%)
ptolemy.util.test.WatchDog.cancel(): canceling Fri Apr 20 17:05:22 UTC 2018
------------------ testing $PTII/ptolemy/domains/de/test/auto/AssemblyLine.xml
auto.tcl: Setting watchdog for 200 seconds at Fri Apr 20 17:05:22 UTC 2018
34 ms. Memory: 208384K Free: 182848K (88%)
ptolemy.util.test.WatchDog.cancel(): canceling Fri Apr 20 17:05:22 UTC 2018
auto.tcl: Setting watchdog for 200 seconds at Fri Apr 20 17:05:22 UTC 2018
7 ms. Memory: 208384K Free: 182848K (88%)
ptolemy.util.test.WatchDog.cancel(): canceling Fri Apr 20 17:05:22 UTC 2018
------------------ testing $PTII/ptolemy/domains/de/test/auto/CQBug1.xml
auto.tcl: Setting watchdog for 200 seconds at Fri Apr 20 17:05:22 UTC 2018
4 ms. Memory: 208384K Free: 197724K (95%)
ptolemy.util.test.WatchDog.cancel(): canceling Fri Apr 20 17:05:22 UTC 2018
auto.tcl: Setting watchdog for 200 seconds at Fri Apr 20 17:05:22 UTC 2018
2 ms. Memory: 208384K Free: 197724K (95%)
ptolemy.util.test.WatchDog.cancel(): canceling Fri Apr 20 17:05:22 UTC 2018
------------------ testing $PTII/ptolemy/domains/de/test/auto/CancelFireAt.xml
auto.tcl: Setting watchdog for 200 seconds at Fri Apr 20 17:05:22 UTC 2018
13 ms. Memory: 208384K Free: 201445K (97%)
ptolemy.util.test.WatchDog.cancel(): canceling Fri Apr 20 17:05:22 UTC 2018
auto.tcl: Setting watchdog for 200 seconds at Fri Apr 20 17:05:22 UTC 2018
3 ms. Memory: 208384K Free: 199344K (96%)
ptolemy.util.test.WatchDog.cancel(): canceling Fri Apr 20 17:05:22 UTC 2018
------------------ testing $PTII/ptolemy/domains/de/test/auto/CausalityAndComposabilityAnalysis.xml
auto.tcl: Setting watchdog for 200 seconds at Fri Apr 20 17:05:22 UTC 2018
18 ms. Memory: 208384K Free: 196502K (94%)
ptolemy.util.test.WatchDog.cancel(): canceling Fri Apr 20 17:05:23 UTC 2018
auto.tcl: Setting watchdog for 200 seconds at Fri Apr 20 17:05:23 UTC 2018
6 ms. Memory: 208384K Free: 196502K (94%)
ptolemy.util.test.WatchDog.cancel(): canceling Fri Apr 20 17:05:23 UTC 2018
------------------ testing $PTII/ptolemy/domains/de/test/auto/CausalityInterface1.xml
auto.tcl: Setting watchdog for 200 seconds at Fri Apr 20 17:05:23 UTC 2018
13 ms. Memory: 208384K Free: 196422K (94%)
ptolemy.util.test.WatchDog.cancel(): canceling Fri Apr 20 17:05:23 UTC 2018
auto.tcl: Setting watchdog for 200 seconds at Fri Apr 20 17:05:23 UTC 2018
4 ms. Memory: 208384K Free: 196422K (94%)
ptolemy.util.test.WatchDog.cancel(): canceling Fri Apr 20 17:05:23 UTC 2018
------------------ testing $PTII/ptolemy/domains/de/test/auto/CausalityInterface15.xml
auto.tcl: Setting watchdog for 200 seconds at Fri Apr 20 17:05:23 UTC 2018
17 ms. Memory: 208384K Free: 196413K (94%)
ptolemy.util.test.WatchDog.cancel(): canceling Fri Apr 20 17:05:23 UTC 2018
auto.tcl: Setting watchdog for 200 seconds at Fri Apr 20 17:05:23 UTC 2018
9 ms. Memory: 208384K Free: 194312K (93%)
ptolemy.util.test.WatchDog.cancel(): canceling Fri Apr 20 17:05:23 UTC 2018
------------------ testing $PTII/ptolemy/domains/de/test/auto/CausalityInterface2.xml
auto.tcl: Setting watchdog for 200 seconds at Fri Apr 20 17:05:23 UTC 2018
6 ms. Memory: 208384K Free: 196397K (94%)
ptolemy.util.test.WatchDog.cancel(): canceling Fri Apr 20 17:05:23 UTC 2018
auto.tcl: Setting watchdog for 200 seconds at Fri Apr 20 17:05:23 UTC 2018
3 ms. Memory: 208384K Free: 196397K (94%)
ptolemy.util.test.WatchDog.cancel(): canceling Fri Apr 20 17:05:23 UTC 2018
------------------ testing $PTII/ptolemy/domains/de/test/auto/CausalityInterface3.xml
auto.tcl: Setting watchdog for 200 seconds at Fri Apr 20 17:05:23 UTC 2018
3 ms. Memory: 208384K Free: 196410K (94%)
ptolemy.util.test.WatchDog.cancel(): canceling Fri Apr 20 17:05:23 UTC 2018
auto.tcl: Setting watchdog for 200 seconds at Fri Apr 20 17:05:23 UTC 2018
10 ms. Memory: 208384K Free: 196410K (94%)
ptolemy.util.test.WatchDog.cancel(): canceling Fri Apr 20 17:05:23 UTC 2018
------------------ testing $PTII/ptolemy/domains/de/test/auto/ClockDrift.xml
auto.tcl: Setting watchdog for 200 seconds at Fri Apr 20 17:05:23 UTC 2018
94 ms. Memory: 208384K Free: 187607K (90%)
ptolemy.util.test.WatchDog.cancel(): canceling Fri Apr 20 17:05:23 UTC 2018
auto.tcl: Setting watchdog for 200 seconds at Fri Apr 20 17:05:23 UTC 2018
73 ms. Memory: 208384K Free: 185506K (89%)
ptolemy.util.test.WatchDog.cancel(): canceling Fri Apr 20 17:05:23 UTC 2018
------------------ testing $PTII/ptolemy/domains/de/test/auto/ClockDriftAndValueChange.xml
auto.tcl: Setting watchdog for 200 seconds at Fri Apr 20 17:05:23 UTC 2018
53 ms. Memory: 208384K Free: 187456K (90%)
ptolemy.util.test.WatchDog.cancel(): canceling Fri Apr 20 17:05:23 UTC 2018
auto.tcl: Setting watchdog for 200 seconds at Fri Apr 20 17:05:23 UTC 2018
34 ms. Memory: 208384K Free: 185348K (89%)
ptolemy.util.test.WatchDog.cancel(): canceling Fri Apr 20 17:05:23 UTC 2018
------------------ testing $PTII/ptolemy/domains/de/test/auto/ClockDriftChange.xml
auto.tcl: Setting watchdog for 200 seconds at Fri Apr 20 17:05:23 UTC 2018
38 ms. Memory: 208384K Free: 190773K (92%)
ptolemy.util.test.WatchDog.cancel(): canceling Fri Apr 20 17:05:24 UTC 2018
auto.tcl: Setting watchdog for 200 seconds at Fri Apr 20 17:05:24 UTC 2018
30 ms. Memory: 208384K Free: 188657K (91%)
ptolemy.util.test.WatchDog.cancel(): canceling Fri Apr 20 17:05:24 UTC 2018
------------------ testing $PTII/ptolemy/domains/de/test/auto/ComposableCausalityAnalysis.xml
auto.tcl: Setting watchdog for 200 seconds at Fri Apr 20 17:05:24 UTC 2018
2 ms. Memory: 208384K Free: 196280K (94%)
ptolemy.util.test.WatchDog.cancel(): canceling Fri Apr 20 17:05:24 UTC 2018
auto.tcl: Setting watchdog for 200 seconds at Fri Apr 20 17:05:24 UTC 2018
2 ms. Memory: 208384K Free: 194164K (93%)
ptolemy.util.test.WatchDog.cancel(): canceling Fri Apr 20 17:05:24 UTC 2018
------------------ testing $PTII/ptolemy/domains/de/test/auto/DEFixedPointLimitation.xml
auto.tcl: Setting watchdog for 200 seconds at Fri Apr 20 17:05:24 UTC 2018
3 ms. Memory: 208384K Free: 196329K (94%)
ptolemy.util.test.WatchDog.cancel(): canceling Fri Apr 20 17:05:24 UTC 2018
auto.tcl: Setting watchdog for 200 seconds at Fri Apr 20 17:05:24 UTC 2018
2 ms. Memory: 208384K Free: 196329K (94%)
ptolemy.util.test.WatchDog.cancel(): canceling Fri Apr 20 17:05:24 UTC 2018
------------------ testing $PTII/ptolemy/domains/de/test/auto/DEScheduleTest.xml
auto.tcl: Setting watchdog for 200 seconds at Fri Apr 20 17:05:24 UTC 2018
4 ms. Memory: 208384K Free: 198481K (95%)
ptolemy.util.test.WatchDog.cancel(): canceling Fri Apr 20 17:05:24 UTC 2018
auto.tcl: Setting watchdog for 200 seconds at Fri Apr 20 17:05:24 UTC 2018
5 ms. Memory: 208384K Free: 196364K (94%)
ptolemy.util.test.WatchDog.cancel(): canceling Fri Apr 20 17:05:24 UTC 2018
------------------ testing $PTII/ptolemy/domains/de/test/auto/DEinDEwithStartTimes.xml
auto.tcl: Setting watchdog for 200 seconds at Fri Apr 20 17:05:24 UTC 2018
5 ms. Memory: 208384K Free: 196350K (94%)
ptolemy.util.test.WatchDog.cancel(): canceling Fri Apr 20 17:05:24 UTC 2018
auto.tcl: Setting watchdog for 200 seconds at Fri Apr 20 17:05:24 UTC 2018
4 ms. Memory: 208384K Free: 194233K (93%)
ptolemy.util.test.WatchDog.cancel(): canceling Fri Apr 20 17:05:24 UTC 2018
------------------ testing $PTII/ptolemy/domains/de/test/auto/DEinDEwithStartTimes2.xml
auto.tcl: Setting watchdog for 200 seconds at Fri Apr 20 17:05:24 UTC 2018
4 ms. Memory: 208384K Free: 196676K (94%)
ptolemy.util.test.WatchDog.cancel(): canceling Fri Apr 20 17:05:24 UTC 2018
auto.tcl: Setting watchdog for 200 seconds at Fri Apr 20 17:05:24 UTC 2018
5 ms. Memory: 208384K Free: 194229K (93%)
ptolemy.util.test.WatchDog.cancel(): canceling Fri Apr 20 17:05:24 UTC 2018
------------------ testing $PTII/ptolemy/domains/de/test/auto/DateDemo.xml
auto.tcl: Setting watchdog for 200 seconds at Fri Apr 20 17:05:24 UTC 2018
14 ms. Memory: 208384K Free: 188749K (91%)
ptolemy.util.test.WatchDog.cancel(): canceling Fri Apr 20 17:05:24 UTC 2018
auto.tcl: Setting watchdog for 200 seconds at Fri Apr 20 17:05:24 UTC 2018
14 ms. Memory: 208384K Free: 186648K (90%)
ptolemy.util.test.WatchDog.cancel(): canceling Fri Apr 20 17:05:24 UTC 2018
------------------ testing $PTII/ptolemy/domains/de/test/auto/DateToEvent.xml
auto.tcl: Setting watchdog for 200 seconds at Fri Apr 20 17:05:24 UTC 2018
2008 ms. Memory: 208384K Free: 183469K (88%)
ptolemy.util.test.WatchDog.cancel(): canceling Fri Apr 20 17:05:26 UTC 2018
auto.tcl: Setting watchdog for 200 seconds at Fri Apr 20 17:05:26 UTC 2018
2005 ms. Memory: 208384K Free: 183469K (88%)
ptolemy.util.test.WatchDog.cancel(): canceling Fri Apr 20 17:05:28 UTC 2018
------------------ testing $PTII/ptolemy/domains/de/test/auto/DepthTest1.xml
auto.tcl: Setting watchdog for 200 seconds at Fri Apr 20 17:05:28 UTC 2018
3 ms. Memory: 208384K Free: 198016K (95%)
ptolemy.util.test.WatchDog.cancel(): canceling Fri Apr 20 17:05:28 UTC 2018
auto.tcl: Setting watchdog for 200 seconds at Fri Apr 20 17:05:28 UTC 2018
1 ms. Memory: 208384K Free: 198016K (95%)
ptolemy.util.test.WatchDog.cancel(): canceling Fri Apr 20 17:05:28 UTC 2018
------------------ testing $PTII/ptolemy/domains/de/test/auto/DepthTest2.xml
auto.tcl: Setting watchdog for 200 seconds at Fri Apr 20 17:05:28 UTC 2018
6 ms. Memory: 208384K Free: 194208K (93%)
ptolemy.util.test.WatchDog.cancel(): canceling Fri Apr 20 17:05:28 UTC 2018
auto.tcl: Setting watchdog for 200 seconds at Fri Apr 20 17:05:28 UTC 2018
12 ms. Memory: 208384K Free: 194208K (93%)
ptolemy.util.test.WatchDog.cancel(): canceling Fri Apr 20 17:05:28 UTC 2018
------------------ testing $PTII/ptolemy/domains/de/test/auto/DepthTest3.xml
auto.tcl: Setting watchdog for 200 seconds at Fri Apr 20 17:05:28 UTC 2018
4 ms. Memory: 208384K Free: 198351K (95%)
ptolemy.util.test.WatchDog.cancel(): canceling Fri Apr 20 17:05:28 UTC 2018
auto.tcl: Setting watchdog for 200 seconds at Fri Apr 20 17:05:28 UTC 2018
1 ms. Memory: 208384K Free: 198351K (95%)
ptolemy.util.test.WatchDog.cancel(): canceling Fri Apr 20 17:05:28 UTC 2018
------------------ testing $PTII/ptolemy/domains/de/test/auto/DepthTest4.xml
auto.tcl: Setting watchdog for 200 seconds at Fri Apr 20 17:05:29 UTC 2018
4 ms. Memory: 208384K Free: 196329K (94%)
ptolemy.util.test.WatchDog.cancel(): canceling Fri Apr 20 17:05:29 UTC 2018
auto.tcl: Setting watchdog for 200 seconds at Fri Apr 20 17:05:29 UTC 2018
2 ms. Memory: 208384K Free: 196329K (94%)
ptolemy.util.test.WatchDog.cancel(): canceling Fri Apr 20 17:05:29 UTC 2018
------------------ testing $PTII/ptolemy/domains/de/test/auto/DepthTest5.xml
auto.tcl: Setting watchdog for 200 seconds at Fri Apr 20 17:05:29 UTC 2018
3 ms. Memory: 208384K Free: 196285K (94%)
ptolemy.util.test.WatchDog.cancel(): canceling Fri Apr 20 17:05:29 UTC 2018
auto.tcl: Setting watchdog for 200 seconds at Fri Apr 20 17:05:29 UTC 2018
2 ms. Memory: 208384K Free: 196285K (94%)
ptolemy.util.test.WatchDog.cancel(): canceling Fri Apr 20 17:05:29 UTC 2018
------------------ testing $PTII/ptolemy/domains/de/test/auto/DepthTest6.xml
auto.tcl: Setting watchdog for 200 seconds at Fri Apr 20 17:05:29 UTC 2018
4 ms. Memory: 208384K Free: 196608K (94%)
ptolemy.util.test.WatchDog.cancel(): canceling Fri Apr 20 17:05:29 UTC 2018
auto.tcl: Setting watchdog for 200 seconds at Fri Apr 20 17:05:29 UTC 2018
2 ms. Memory: 208384K Free: 196608K (94%)
ptolemy.util.test.WatchDog.cancel(): canceling Fri Apr 20 17:05:29 UTC 2018
------------------ testing $PTII/ptolemy/domains/de/test/auto/DepthTest7.xml
auto.tcl: Setting watchdog for 200 seconds at Fri Apr 20 17:05:29 UTC 2018
2 ms. Memory: 208384K Free: 196251K (94%)
ptolemy.util.test.WatchDog.cancel(): canceling Fri Apr 20 17:05:29 UTC 2018
auto.tcl: Setting watchdog for 200 seconds at Fri Apr 20 17:05:29 UTC 2018
2 ms. Memory: 208384K Free: 196251K (94%)
ptolemy.util.test.WatchDog.cancel(): canceling Fri Apr 20 17:05:29 UTC 2018
------------------ testing $PTII/ptolemy/domains/de/test/auto/EventToDate.xml
auto.tcl: Setting watchdog for 200 seconds at Fri Apr 20 17:05:29 UTC 2018
3007 ms. Memory: 208384K Free: 186082K (89%)
ptolemy.util.test.WatchDog.cancel(): canceling Fri Apr 20 17:05:32 UTC 2018
auto.tcl: Setting watchdog for 200 seconds at Fri Apr 20 17:05:32 UTC 2018
3005 ms. Memory: 208384K Free: 185744K (89%)
ptolemy.util.test.WatchDog.cancel(): canceling Fri Apr 20 17:05:35 UTC 2018
------------------ testing $PTII/ptolemy/domains/de/test/auto/FSM1.xml
auto.tcl: Setting watchdog for 200 seconds at Fri Apr 20 17:05:35 UTC 2018
27 ms. Memory: 208384K Free: 187159K (90%)
ptolemy.util.test.WatchDog.cancel(): canceling Fri Apr 20 17:05:35 UTC 2018
auto.tcl: Setting watchdog for 200 seconds at Fri Apr 20 17:05:35 UTC 2018
15 ms. Memory: 208384K Free: 185059K (89%)
ptolemy.util.test.WatchDog.cancel(): canceling Fri Apr 20 17:05:35 UTC 2018
------------------ testing $PTII/ptolemy/domains/de/test/auto/FSM7.xml
auto.tcl: Setting watchdog for 200 seconds at Fri Apr 20 17:05:35 UTC 2018
23 ms. Memory: 208384K Free: 187347K (90%)
ptolemy.util.test.WatchDog.cancel(): canceling Fri Apr 20 17:05:35 UTC 2018
auto.tcl: Setting watchdog for 200 seconds at Fri Apr 20 17:05:35 UTC 2018
22 ms. Memory: 208384K Free: 185230K (89%)
ptolemy.util.test.WatchDog.cancel(): canceling Fri Apr 20 17:05:35 UTC 2018
------------------ testing $PTII/ptolemy/domains/de/test/auto/Inspection.xml
auto.tcl: Setting watchdog for 200 seconds at Fri Apr 20 17:05:35 UTC 2018
42 ms. Memory: 208384K Free: 188913K (91%)
ptolemy.util.test.WatchDog.cancel(): canceling Fri Apr 20 17:05:35 UTC 2018
auto.tcl: Setting watchdog for 200 seconds at Fri Apr 20 17:05:35 UTC 2018
36 ms. Memory: 208384K Free: 186796K (90%)
ptolemy.util.test.WatchDog.cancel(): canceling Fri Apr 20 17:05:35 UTC 2018
------------------ testing $PTII/ptolemy/domains/de/test/auto/Iteration.xml
auto.tcl: Setting watchdog for 200 seconds at Fri Apr 20 17:05:35 UTC 2018
9 ms. Memory: 208384K Free: 193891K (93%)
ptolemy.util.test.WatchDog.cancel(): canceling Fri Apr 20 17:05:35 UTC 2018
auto.tcl: Setting watchdog for 200 seconds at Fri Apr 20 17:05:35 UTC 2018
9 ms. Memory: 208384K Free: 193891K (93%)
ptolemy.util.test.WatchDog.cancel(): canceling Fri Apr 20 17:05:36 UTC 2018
------------------ testing $PTII/ptolemy/domains/de/test/auto/LineFault.xml
auto.tcl: Setting watchdog for 200 seconds at Fri Apr 20 17:05:36 UTC 2018
802 ms. Memory: 208384K Free: 196280K (94%)
ptolemy.util.test.WatchDog.cancel(): canceling Fri Apr 20 17:05:37 UTC 2018
auto.tcl: Setting watchdog for 200 seconds at Fri Apr 20 17:05:37 UTC 2018
661 ms. Memory: 208384K Free: 138851K (67%)
ptolemy.util.test.WatchDog.cancel(): canceling Fri Apr 20 17:05:37 UTC 2018
------------------ testing $PTII/ptolemy/domains/de/test/auto/MergeModel1Add.xml
auto.tcl: Setting watchdog for 200 seconds at Fri Apr 20 17:05:37 UTC 2018
28 ms. Memory: 331264K Free: 302644K (91%)
ptolemy.util.test.WatchDog.cancel(): canceling Fri Apr 20 17:05:37 UTC 2018
auto.tcl: Setting watchdog for 200 seconds at Fri Apr 20 17:05:37 UTC 2018
10 ms. Memory: 331264K Free: 298663K (90%)
ptolemy.util.test.WatchDog.cancel(): canceling Fri Apr 20 17:05:37 UTC 2018
------------------ testing $PTII/ptolemy/domains/de/test/auto/MergeModel2Add.xml
auto.tcl: Setting watchdog for 200 seconds at Fri Apr 20 17:05:38 UTC 2018
10 ms. Memory: 331264K Free: 304012K (92%)
ptolemy.util.test.WatchDog.cancel(): canceling Fri Apr 20 17:05:38 UTC 2018
auto.tcl: Setting watchdog for 200 seconds at Fri Apr 20 17:05:38 UTC 2018
13 ms. Memory: 331264K Free: 300039K (91%)
ptolemy.util.test.WatchDog.cancel(): canceling Fri Apr 20 17:05:38 UTC 2018
------------------ testing $PTII/ptolemy/domains/de/test/auto/MergeModel3Add.xml
auto.tcl: Setting watchdog for 200 seconds at Fri Apr 20 17:05:38 UTC 2018
12 ms. Memory: 331264K Free: 304014K (92%)
ptolemy.util.test.WatchDog.cancel(): canceling Fri Apr 20 17:05:38 UTC 2018
auto.tcl: Setting watchdog for 200 seconds at Fri Apr 20 17:05:38 UTC 2018
8 ms. Memory: 331264K Free: 300033K (91%)
ptolemy.util.test.WatchDog.cancel(): canceling Fri Apr 20 17:05:38 UTC 2018
------------------ testing $PTII/ptolemy/domains/de/test/auto/MergeWithoutDiscard.xml
auto.tcl: Setting watchdog for 200 seconds at Fri Apr 20 17:05:38 UTC 2018
2 ms. Memory: 331264K Free: 315539K (95%)
ptolemy.util.test.WatchDog.cancel(): canceling Fri Apr 20 17:05:38 UTC 2018
auto.tcl: Setting watchdog for 200 seconds at Fri Apr 20 17:05:38 UTC 2018
2 ms. Memory: 331264K Free: 315539K (95%)
ptolemy.util.test.WatchDog.cancel(): canceling Fri Apr 20 17:05:38 UTC 2018
------------------ testing $PTII/ptolemy/domains/de/test/auto/Modal1.xml
auto.tcl: Setting watchdog for 200 seconds at Fri Apr 20 17:05:38 UTC 2018
14 ms. Memory: 331264K Free: 309421K (93%)
ptolemy.util.test.WatchDog.cancel(): canceling Fri Apr 20 17:05:38 UTC 2018
auto.tcl: Setting watchdog for 200 seconds at Fri Apr 20 17:05:38 UTC 2018
15 ms. Memory: 331264K Free: 305432K (92%)
ptolemy.util.test.WatchDog.cancel(): canceling Fri Apr 20 17:05:38 UTC 2018
------------------ testing $PTII/ptolemy/domains/de/test/auto/Modal2.xml
auto.tcl: Setting watchdog for 200 seconds at Fri Apr 20 17:05:38 UTC 2018
15 ms. Memory: 331264K Free: 309294K (93%)
ptolemy.util.test.WatchDog.cancel(): canceling Fri Apr 20 17:05:38 UTC 2018
auto.tcl: Setting watchdog for 200 seconds at Fri Apr 20 17:05:38 UTC 2018
19 ms. Memory: 331264K Free: 305321K (92%)
ptolemy.util.test.WatchDog.cancel(): canceling Fri Apr 20 17:05:38 UTC 2018
------------------ testing $PTII/ptolemy/domains/de/test/auto/Modal3.xml
auto.tcl: Setting watchdog for 200 seconds at Fri Apr 20 17:05:38 UTC 2018
12 ms. Memory: 331264K Free: 304663K (92%)
ptolemy.util.test.WatchDog.cancel(): canceling Fri Apr 20 17:05:38 UTC 2018
auto.tcl: Setting watchdog for 200 seconds at Fri Apr 20 17:05:38 UTC 2018
11 ms. Memory: 331264K Free: 300396K (91%)
ptolemy.util.test.WatchDog.cancel(): canceling Fri Apr 20 17:05:38 UTC 2018
------------------ testing $PTII/ptolemy/domains/de/test/auto/Modal4.xml
auto.tcl: Setting watchdog for 200 seconds at Fri Apr 20 17:05:38 UTC 2018
23 ms. Memory: 331264K Free: 309306K (93%)
ptolemy.util.test.WatchDog.cancel(): canceling Fri Apr 20 17:05:38 UTC 2018
auto.tcl: Setting watchdog for 200 seconds at Fri Apr 20 17:05:38 UTC 2018
14 ms. Memory: 331264K Free: 305333K (92%)
ptolemy.util.test.WatchDog.cancel(): canceling Fri Apr 20 17:05:38 UTC 2018
------------------ testing $PTII/ptolemy/domains/de/test/auto/Modal5.xml
auto.tcl: Setting watchdog for 200 seconds at Fri Apr 20 17:05:38 UTC 2018
16 ms. Memory: 331264K Free: 309278K (93%)
ptolemy.util.test.WatchDog.cancel(): canceling Fri Apr 20 17:05:38 UTC 2018
auto.tcl: Setting watchdog for 200 seconds at Fri Apr 20 17:05:38 UTC 2018
14 ms. Memory: 331264K Free: 305304K (92%)
ptolemy.util.test.WatchDog.cancel(): canceling Fri Apr 20 17:05:38 UTC 2018
------------------ testing $PTII/ptolemy/domains/de/test/auto/Modal6.xml
auto.tcl: Setting watchdog for 200 seconds at Fri Apr 20 17:05:38 UTC 2018
15 ms. Memory: 331264K Free: 309259K (93%)
ptolemy.util.test.WatchDog.cancel(): canceling Fri Apr 20 17:05:38 UTC 2018
auto.tcl: Setting watchdog for 200 seconds at Fri Apr 20 17:05:38 UTC 2018
12 ms. Memory: 331264K Free: 305270K (92%)
ptolemy.util.test.WatchDog.cancel(): canceling Fri Apr 20 17:05:38 UTC 2018
------------------ testing $PTII/ptolemy/domains/de/test/auto/Modal7.xml
auto.tcl: Setting watchdog for 200 seconds at Fri Apr 20 17:05:39 UTC 2018
10 ms. Memory: 331264K Free: 309267K (93%)
ptolemy.util.test.WatchDog.cancel(): canceling Fri Apr 20 17:05:39 UTC 2018
auto.tcl: Setting watchdog for 200 seconds at Fri Apr 20 17:05:39 UTC 2018
11 ms. Memory: 331264K Free: 305294K (92%)
ptolemy.util.test.WatchDog.cancel(): canceling Fri Apr 20 17:05:39 UTC 2018
------------------ testing $PTII/ptolemy/domains/de/test/auto/ModalModel.xml
auto.tcl: Setting watchdog for 200 seconds at Fri Apr 20 17:05:39 UTC 2018
241 ms. Memory: 331264K Free: 245409K (74%)
ptolemy.util.test.WatchDog.cancel(): canceling Fri Apr 20 17:05:39 UTC 2018
auto.tcl: Setting watchdog for 200 seconds at Fri Apr 20 17:05:39 UTC 2018
212 ms. Memory: 331264K Free: 189681K (57%)
ptolemy.util.test.WatchDog.cancel(): canceling Fri Apr 20 17:05:39 UTC 2018
------------------ testing $PTII/ptolemy/domains/de/test/auto/ModalSource.xml
auto.tcl: Setting watchdog for 200 seconds at Fri Apr 20 17:05:39 UTC 2018
9 ms. Memory: 331264K Free: 316102K (95%)
ptolemy.util.test.WatchDog.cancel(): canceling Fri Apr 20 17:05:39 UTC 2018
auto.tcl: Setting watchdog for 200 seconds at Fri Apr 20 17:05:39 UTC 2018
6 ms. Memory: 331264K Free: 312569K (94%)
ptolemy.util.test.WatchDog.cancel(): canceling Fri Apr 20 17:05:39 UTC 2018
------------------ testing $PTII/ptolemy/domains/de/test/auto/NonInterruptibleTimerZeroDelay.xml
auto.tcl: Setting watchdog for 200 seconds at Fri Apr 20 17:05:39 UTC 2018
3 ms. Memory: 331264K Free: 320488K (97%)
ptolemy.util.test.WatchDog.cancel(): canceling Fri Apr 20 17:05:39 UTC 2018
auto.tcl: Setting watchdog for 200 seconds at Fri Apr 20 17:05:39 UTC 2018
3 ms. Memory: 331264K Free: 316939K (96%)
ptolemy.util.test.WatchDog.cancel(): canceling Fri Apr 20 17:05:39 UTC 2018
------------------ testing $PTII/ptolemy/domains/de/test/auto/OpenQueueingNetwork.xml
auto.tcl: Setting watchdog for 200 seconds at Fri Apr 20 17:05:39 UTC 2018
3051 ms. Memory: 573952K Free: 421649K (73%)
ptolemy.util.test.WatchDog.cancel(): canceling Fri Apr 20 17:05:43 UTC 2018
auto.tcl: Setting watchdog for 200 seconds at Fri Apr 20 17:05:43 UTC 2018
2710 ms. Memory: 550912K Free: 324875K (59%)
ptolemy.util.test.WatchDog.cancel(): canceling Fri Apr 20 17:05:45 UTC 2018
------------------ testing $PTII/ptolemy/domains/de/test/auto/OpenQueuingNetwork.xml
auto.tcl: Setting watchdog for 200 seconds at Fri Apr 20 17:05:45 UTC 2018
259 ms. Memory: 549888K Free: 444982K (81%)
ptolemy.util.test.WatchDog.cancel(): canceling Fri Apr 20 17:05:46 UTC 2018
auto.tcl: Setting watchdog for 200 seconds at Fri Apr 20 17:05:46 UTC 2018
251 ms. Memory: 549888K Free: 384652K (70%)
ptolemy.util.test.WatchDog.cancel(): canceling Fri Apr 20 17:05:46 UTC 2018
------------------ testing $PTII/ptolemy/domains/de/test/auto/PeriodicSampler.xml
auto.tcl: Setting watchdog for 200 seconds at Fri Apr 20 17:05:46 UTC 2018
2 ms. Memory: 551936K Free: 531698K (96%)
ptolemy.util.test.WatchDog.cancel(): canceling Fri Apr 20 17:05:46 UTC 2018
auto.tcl: Setting watchdog for 200 seconds at Fri Apr 20 17:05:46 UTC 2018
2 ms. Memory: 551936K Free: 531698K (96%)
ptolemy.util.test.WatchDog.cancel(): canceling Fri Apr 20 17:05:46 UTC 2018
------------------ testing $PTII/ptolemy/domains/de/test/auto/PersistentIO.xml
auto.tcl: Setting watchdog for 200 seconds at Fri Apr 20 17:05:46 UTC 2018
5 ms. Memory: 549376K Free: 524238K (95%)
ptolemy.util.test.WatchDog.cancel(): canceling Fri Apr 20 17:05:46 UTC 2018
auto.tcl: Setting watchdog for 200 seconds at Fri Apr 20 17:05:46 UTC 2018
4 ms. Memory: 549376K Free: 524238K (95%)
ptolemy.util.test.WatchDog.cancel(): canceling Fri Apr 20 17:05:46 UTC 2018
------------------ testing $PTII/ptolemy/domains/de/test/auto/PortParameterResetOnInitialize.xml
auto.tcl: Setting watchdog for 200 seconds at Fri Apr 20 17:05:46 UTC 2018
2 ms. Memory: 551424K Free: 531417K (96%)
ptolemy.util.test.WatchDog.cancel(): canceling Fri Apr 20 17:05:46 UTC 2018
auto.tcl: Setting watchdog for 200 seconds at Fri Apr 20 17:05:46 UTC 2018
2 ms. Memory: 551424K Free: 531417K (96%)
ptolemy.util.test.WatchDog.cancel(): canceling Fri Apr 20 17:05:46 UTC 2018
------------------ testing $PTII/ptolemy/domains/de/test/auto/PortParameterUpdates.xml
auto.tcl: Setting watchdog for 200 seconds at Fri Apr 20 17:05:46 UTC 2018
4 ms. Memory: 549376K Free: 524247K (95%)
ptolemy.util.test.WatchDog.cancel(): canceling Fri Apr 20 17:05:46 UTC 2018
auto.tcl: Setting watchdog for 200 seconds at Fri Apr 20 17:05:46 UTC 2018
4 ms. Memory: 549376K Free: 524247K (95%)
ptolemy.util.test.WatchDog.cancel(): canceling Fri Apr 20 17:05:46 UTC 2018
------------------ testing $PTII/ptolemy/domains/de/test/auto/QueueAndServer.xml
auto.tcl: Setting watchdog for 200 seconds at Fri Apr 20 17:05:46 UTC 2018
22 ms. Memory: 551424K Free: 526013K (95%)
ptolemy.util.test.WatchDog.cancel(): canceling Fri Apr 20 17:05:46 UTC 2018
auto.tcl: Setting watchdog for 200 seconds at Fri Apr 20 17:05:46 UTC 2018
7 ms. Memory: 551424K Free: 526013K (95%)
ptolemy.util.test.WatchDog.cancel(): canceling Fri Apr 20 17:05:46 UTC 2018
------------------ testing $PTII/ptolemy/domains/de/test/auto/Records.xml
auto.tcl: Setting watchdog for 200 seconds at Fri Apr 20 17:05:46 UTC 2018
8 ms. Memory: 549376K Free: 534087K (97%)
ptolemy.util.test.WatchDog.cancel(): canceling Fri Apr 20 17:05:46 UTC 2018
auto.tcl: Setting watchdog for 200 seconds at Fri Apr 20 17:05:46 UTC 2018
2 ms. Memory: 549376K Free: 534087K (97%)
ptolemy.util.test.WatchDog.cancel(): canceling Fri Apr 20 17:05:46 UTC 2018
------------------ testing $PTII/ptolemy/domains/de/test/auto/ResetTransitionWithStartTime1.xml
auto.tcl: Setting watchdog for 200 seconds at Fri Apr 20 17:05:46 UTC 2018
15 ms. Memory: 551424K Free: 530660K (96%)
ptolemy.util.test.WatchDog.cancel(): canceling Fri Apr 20 17:05:46 UTC 2018
auto.tcl: Setting watchdog for 200 seconds at Fri Apr 20 17:05:46 UTC 2018
12 ms. Memory: 551424K Free: 530660K (96%)
ptolemy.util.test.WatchDog.cancel(): canceling Fri Apr 20 17:05:46 UTC 2018
------------------ testing $PTII/ptolemy/domains/de/test/auto/ResetTransitionWithStartTime2.xml
auto.tcl: Setting watchdog for 200 seconds at Fri Apr 20 17:05:47 UTC 2018
8 ms. Memory: 549376K Free: 528833K (96%)
ptolemy.util.test.WatchDog.cancel(): canceling Fri Apr 20 17:05:47 UTC 2018
auto.tcl: Setting watchdog for 200 seconds at Fri Apr 20 17:05:47 UTC 2018
6 ms. Memory: 549376K Free: 528833K (96%)
ptolemy.util.test.WatchDog.cancel(): canceling Fri Apr 20 17:05:47 UTC 2018
------------------ testing $PTII/ptolemy/domains/de/test/auto/ResetTransitionWithStartTime3.xml
auto.tcl: Setting watchdog for 200 seconds at Fri Apr 20 17:05:47 UTC 2018
5 ms. Memory: 550912K Free: 530138K (96%)
ptolemy.util.test.WatchDog.cancel(): canceling Fri Apr 20 17:05:47 UTC 2018
auto.tcl: Setting watchdog for 200 seconds at Fri Apr 20 17:05:47 UTC 2018
6 ms. Memory: 550912K Free: 530138K (96%)
ptolemy.util.test.WatchDog.cancel(): canceling Fri Apr 20 17:05:47 UTC 2018
------------------ testing $PTII/ptolemy/domains/de/test/auto/ResetTransitionWithStartTime4.xml
auto.tcl: Setting watchdog for 200 seconds at Fri Apr 20 17:05:47 UTC 2018
4 ms. Memory: 549376K Free: 528616K (96%)
ptolemy.util.test.WatchDog.cancel(): canceling Fri Apr 20 17:05:47 UTC 2018
auto.tcl: Setting watchdog for 200 seconds at Fri Apr 20 17:05:47 UTC 2018
4 ms. Memory: 549376K Free: 528616K (96%)
ptolemy.util.test.WatchDog.cancel(): canceling Fri Apr 20 17:05:47 UTC 2018
------------------ testing $PTII/ptolemy/domains/de/test/auto/ResettableTimer1.xml
auto.tcl: Setting watchdog for 200 seconds at Fri Apr 20 17:05:47 UTC 2018
3 ms. Memory: 550912K Free: 535632K (97%)
ptolemy.util.test.WatchDog.cancel(): canceling Fri Apr 20 17:05:47 UTC 2018
auto.tcl: Setting watchdog for 200 seconds at Fri Apr 20 17:05:47 UTC 2018
3 ms. Memory: 550912K Free: 535632K (97%)
ptolemy.util.test.WatchDog.cancel(): canceling Fri Apr 20 17:05:47 UTC 2018
------------------ testing $PTII/ptolemy/domains/de/test/auto/ResettableTimer2.xml
auto.tcl: Setting watchdog for 200 seconds at Fri Apr 20 17:05:47 UTC 2018
4 ms. Memory: 549376K Free: 534384K (97%)
ptolemy.util.test.WatchDog.cancel(): canceling Fri Apr 20 17:05:47 UTC 2018
auto.tcl: Setting watchdog for 200 seconds at Fri Apr 20 17:05:47 UTC 2018
3 ms. Memory: 549376K Free: 534384K (97%)
ptolemy.util.test.WatchDog.cancel(): canceling Fri Apr 20 17:05:47 UTC 2018
------------------ testing $PTII/ptolemy/domains/de/test/auto/ResettableTimer3.xml
auto.tcl: Setting watchdog for 200 seconds at Fri Apr 20 17:05:47 UTC 2018
2 ms. Memory: 550912K Free: 535690K (97%)
ptolemy.util.test.WatchDog.cancel(): canceling Fri Apr 20 17:05:47 UTC 2018
auto.tcl: Setting watchdog for 200 seconds at Fri Apr 20 17:05:47 UTC 2018
1 ms. Memory: 550912K Free: 535690K (97%)
ptolemy.util.test.WatchDog.cancel(): canceling Fri Apr 20 17:05:47 UTC 2018
------------------ testing $PTII/ptolemy/domains/de/test/auto/ResettableTimer4.xml
auto.tcl: Setting watchdog for 200 seconds at Fri Apr 20 17:05:47 UTC 2018
1 ms. Memory: 549376K Free: 534397K (97%)
ptolemy.util.test.WatchDog.cancel(): canceling Fri Apr 20 17:05:47 UTC 2018
auto.tcl: Setting watchdog for 200 seconds at Fri Apr 20 17:05:47 UTC 2018
1 ms. Memory: 549376K Free: 534397K (97%)
ptolemy.util.test.WatchDog.cancel(): canceling Fri Apr 20 17:05:47 UTC 2018
------------------ testing $PTII/ptolemy/domains/de/test/auto/ResettableTimer5.xml
auto.tcl: Setting watchdog for 200 seconds at Fri Apr 20 17:05:47 UTC 2018
1 ms. Memory: 550400K Free: 530740K (96%)
ptolemy.util.test.WatchDog.cancel(): canceling Fri Apr 20 17:05:47 UTC 2018
auto.tcl: Setting watchdog for 200 seconds at Fri Apr 20 17:05:47 UTC 2018
1 ms. Memory: 550400K Free: 530740K (96%)
ptolemy.util.test.WatchDog.cancel(): canceling Fri Apr 20 17:05:47 UTC 2018
------------------ testing $PTII/ptolemy/domains/de/test/auto/ResettableTimer6.xml
auto.tcl: Setting watchdog for 200 seconds at Fri Apr 20 17:05:47 UTC 2018
1 ms. Memory: 549376K Free: 529435K (96%)
ptolemy.util.test.WatchDog.cancel(): canceling Fri Apr 20 17:05:47 UTC 2018
auto.tcl: Setting watchdog for 200 seconds at Fri Apr 20 17:05:47 UTC 2018
1 ms. Memory: 549376K Free: 529435K (96%)
ptolemy.util.test.WatchDog.cancel(): canceling Fri Apr 20 17:05:47 UTC 2018
------------------ testing $PTII/ptolemy/domains/de/test/auto/ServerZeroDelay.xml
auto.tcl: Setting watchdog for 200 seconds at Fri Apr 20 17:05:47 UTC 2018
4 ms. Memory: 550400K Free: 535359K (97%)
ptolemy.util.test.WatchDog.cancel(): canceling Fri Apr 20 17:05:47 UTC 2018
auto.tcl: Setting watchdog for 200 seconds at Fri Apr 20 17:05:47 UTC 2018
2 ms. Memory: 550400K Free: 535359K (97%)
ptolemy.util.test.WatchDog.cancel(): canceling Fri Apr 20 17:05:47 UTC 2018
------------------ testing $PTII/ptolemy/domains/de/test/auto/SmartSender.xml
auto.tcl: Setting watchdog for 200 seconds at Fri Apr 20 17:05:47 UTC 2018
3001 ms. Memory: 549376K Free: 529651K (96%)
ptolemy.util.test.WatchDog.cancel(): canceling Fri Apr 20 17:05:50 UTC 2018
auto.tcl: Setting watchdog for 200 seconds at Fri Apr 20 17:05:50 UTC 2018
3002 ms. Memory: 549376K Free: 529651K (96%)
ptolemy.util.test.WatchDog.cancel(): canceling Fri Apr 20 17:05:53 UTC 2018
------------------ testing $PTII/ptolemy/domains/de/test/auto/ThreadedComposite.xml
auto.tcl: Setting watchdog for 200 seconds at Fri Apr 20 17:05:53 UTC 2018
238 ms. Memory: 550400K Free: 510114K (93%)
ptolemy.util.test.WatchDog.cancel(): canceling Fri Apr 20 17:05:53 UTC 2018
auto.tcl: Setting watchdog for 200 seconds at Fri Apr 20 17:05:53 UTC 2018
237 ms. Memory: 550400K Free: 485911K (88%)
ptolemy.util.test.WatchDog.cancel(): canceling Fri Apr 20 17:05:54 UTC 2018
------------------ testing $PTII/ptolemy/domains/de/test/auto/Time.xml
auto.tcl: Setting watchdog for 200 seconds at Fri Apr 20 17:05:54 UTC 2018
625 ms. Memory: 549376K Free: 477668K (87%)
ptolemy.util.test.WatchDog.cancel(): canceling Fri Apr 20 17:05:54 UTC 2018
auto.tcl: Setting watchdog for 200 seconds at Fri Apr 20 17:05:54 UTC 2018
550 ms. Memory: 549376K Free: 417339K (76%)
ptolemy.util.test.WatchDog.cancel(): canceling Fri Apr 20 17:05:55 UTC 2018
------------------ testing $PTII/ptolemy/domains/de/test/auto/TimeDelayZeroDelay.xml
auto.tcl: Setting watchdog for 200 seconds at Fri Apr 20 17:05:55 UTC 2018
2 ms. Memory: 550400K Free: 535046K (97%)
ptolemy.util.test.WatchDog.cancel(): canceling Fri Apr 20 17:05:55 UTC 2018
auto.tcl: Setting watchdog for 200 seconds at Fri Apr 20 17:05:55 UTC 2018
2 ms. Memory: 550400K Free: 535046K (97%)
ptolemy.util.test.WatchDog.cancel(): canceling Fri Apr 20 17:05:55 UTC 2018
------------------ testing $PTII/ptolemy/domains/de/test/auto/TimerZeroDelay.xml
auto.tcl: Setting watchdog for 200 seconds at Fri Apr 20 17:05:55 UTC 2018
2 ms. Memory: 549376K Free: 534296K (97%)
ptolemy.util.test.WatchDog.cancel(): canceling Fri Apr 20 17:05:55 UTC 2018
auto.tcl: Setting watchdog for 200 seconds at Fri Apr 20 17:05:55 UTC 2018
2 ms. Memory: 549376K Free: 534296K (97%)
ptolemy.util.test.WatchDog.cancel(): canceling Fri Apr 20 17:05:55 UTC 2018
------------------ testing $PTII/ptolemy/domains/de/test/auto/TimingParadox.xml
auto.tcl: Setting watchdog for 200 seconds at Fri Apr 20 17:05:55 UTC 2018
332 ms. Memory: 549888K Free: 464201K (84%)
ptolemy.util.test.WatchDog.cancel(): canceling Fri Apr 20 17:05:56 UTC 2018
auto.tcl: Setting watchdog for 200 seconds at Fri Apr 20 17:05:56 UTC 2018
326 ms. Memory: 549888K Free: 425810K (77%)
ptolemy.util.test.WatchDog.cancel(): canceling Fri Apr 20 17:05:56 UTC 2018
------------------ testing $PTII/ptolemy/domains/de/test/auto/TransferInputs.xml
auto.tcl: Setting watchdog for 200 seconds at Fri Apr 20 17:05:56 UTC 2018
1 ms. Memory: 549888K Free: 533711K (97%)
ptolemy.util.test.WatchDog.cancel(): canceling Fri Apr 20 17:05:56 UTC 2018
auto.tcl: Setting watchdog for 200 seconds at Fri Apr 20 17:05:56 UTC 2018
2 ms. Memory: 549888K Free: 533711K (97%)
ptolemy.util.test.WatchDog.cancel(): canceling Fri Apr 20 17:05:56 UTC 2018
------------------ testing $PTII/ptolemy/domains/de/test/auto/TransferOutputs2.xml
auto.tcl: Setting watchdog for 200 seconds at Fri Apr 20 17:05:56 UTC 2018
3 ms. Memory: 549376K Free: 524137K (95%)
ptolemy.util.test.WatchDog.cancel(): canceling Fri Apr 20 17:05:56 UTC 2018
auto.tcl: Setting watchdog for 200 seconds at Fri Apr 20 17:05:56 UTC 2018
2 ms. Memory: 549376K Free: 524137K (95%)
ptolemy.util.test.WatchDog.cancel(): canceling Fri Apr 20 17:05:56 UTC 2018
------------------ testing $PTII/ptolemy/domains/de/test/auto/Trilateration.xml
auto.tcl: Setting watchdog for 200 seconds at Fri Apr 20 17:05:56 UTC 2018
12668 ms. Memory: 453632K Free: 64102K (14%)
ptolemy.util.test.WatchDog.cancel(): canceling Fri Apr 20 17:06:10 UTC 2018
auto.tcl: Setting watchdog for 200 seconds at Fri Apr 20 17:06:10 UTC 2018
9616 ms. Memory: 331264K Free: 148368K (45%)
ptolemy.util.test.WatchDog.cancel(): canceling Fri Apr 20 17:06:20 UTC 2018
------------------ testing $PTII/ptolemy/domains/de/test/auto/TwoSigmaDelta.xml
auto.tcl: Setting watchdog for 200 seconds at Fri Apr 20 17:06:20 UTC 2018
2948 ms. Memory: 320000K Free: 262631K (82%)
ptolemy.util.test.WatchDog.cancel(): canceling Fri Apr 20 17:06:23 UTC 2018
auto.tcl: Setting watchdog for 200 seconds at Fri Apr 20 17:06:23 UTC 2018
2218 ms. Memory: 307712K Free: 254257K (83%)
ptolemy.util.test.WatchDog.cancel(): canceling Fri Apr 20 17:06:25 UTC 2018
------------------ testing $PTII/ptolemy/domains/de/test/auto/VariableDelay.xml
auto.tcl: Setting watchdog for 200 seconds at Fri Apr 20 17:06:25 UTC 2018
2 ms. Memory: 309760K Free: 293243K (95%)
ptolemy.util.test.WatchDog.cancel(): canceling Fri Apr 20 17:06:25 UTC 2018
auto.tcl: Setting watchdog for 200 seconds at Fri Apr 20 17:06:25 UTC 2018
2 ms. Memory: 309760K Free: 293243K (95%)
ptolemy.util.test.WatchDog.cancel(): canceling Fri Apr 20 17:06:25 UTC 2018
------------------ testing $PTII/ptolemy/domains/de/test/auto/VariableDelay2.xml
auto.tcl: Setting watchdog for 200 seconds at Fri Apr 20 17:06:25 UTC 2018
6 ms. Memory: 307712K Free: 293873K (96%)
ptolemy.util.test.WatchDog.cancel(): canceling Fri Apr 20 17:06:25 UTC 2018
auto.tcl: Setting watchdog for 200 seconds at Fri Apr 20 17:06:25 UTC 2018
2 ms. Memory: 307712K Free: 293873K (96%)
ptolemy.util.test.WatchDog.cancel(): canceling Fri Apr 20 17:06:25 UTC 2018
------------------ testing $PTII/ptolemy/domains/de/test/auto/VariableDelayZeroDelay.xml
auto.tcl: Setting watchdog for 200 seconds at Fri Apr 20 17:06:25 UTC 2018
2 ms. Memory: 309248K Free: 296410K (96%)
ptolemy.util.test.WatchDog.cancel(): canceling Fri Apr 20 17:06:25 UTC 2018
auto.tcl: Setting watchdog for 200 seconds at Fri Apr 20 17:06:25 UTC 2018
2 ms. Memory: 309248K Free: 293129K (95%)
ptolemy.util.test.WatchDog.cancel(): canceling Fri Apr 20 17:06:25 UTC 2018
------------------ testing $PTII/ptolemy/domains/de/test/auto/VariableDelayZeroDelay2.xml
auto.tcl: Setting watchdog for 200 seconds at Fri Apr 20 17:06:25 UTC 2018
2 ms. Memory: 307712K Free: 291592K (95%)
ptolemy.util.test.WatchDog.cancel(): canceling Fri Apr 20 17:06:25 UTC 2018
auto.tcl: Setting watchdog for 200 seconds at Fri Apr 20 17:06:25 UTC 2018
2 ms. Memory: 307712K Free: 291592K (95%)
ptolemy.util.test.WatchDog.cancel(): canceling Fri Apr 20 17:06:25 UTC 2018
------------------ testing $PTII/ptolemy/domains/de/test/auto/deInCt.xml
auto.tcl: Setting watchdog for 200 seconds at Fri Apr 20 17:06:25 UTC 2018
0
1
1
1
0
0
0
1
1
1
0
0
0
1
1
1
0
0
0
0
1
1
1
1
1
1
0
0
0
0
1
1
1
0
0
0
1
1
1
1
12 ms. Memory: 309248K Free: 293117K (95%)
ptolemy.util.test.WatchDog.cancel(): canceling Fri Apr 20 17:06:25 UTC 2018
auto.tcl: Setting watchdog for 200 seconds at Fri Apr 20 17:06:25 UTC 2018
0
1
1
1
0
0
0
1
1
1
1
1
0
0
1
1
1
0
0
1
1
1
1
1
0
0
0
1
1
1
1
0
0
0
0
8 ms. Memory: 309248K Free: 293117K (95%)
ptolemy.util.test.WatchDog.cancel(): canceling Fri Apr 20 17:06:25 UTC 2018
------------------ testing $PTII/ptolemy/domains/de/test/auto/deInCt2.xml
auto.tcl: Setting watchdog for 200 seconds at Fri Apr 20 17:06:25 UTC 2018
0
1
1
1
0
0
1
1
1
0
0
1
1
1
0
0
1
1
1
0
0
1
1
1
0
0
1
1
1
0
0
1
1
1
0
0
1
1
1
0
0
0
6 ms. Memory: 307712K Free: 291580K (95%)
ptolemy.util.test.WatchDog.cancel(): canceling Fri Apr 20 17:06:25 UTC 2018
auto.tcl: Setting watchdog for 200 seconds at Fri Apr 20 17:06:25 UTC 2018
0
1
1
1
0
0
1
1
1
0
0
1
1
1
0
0
1
1
1
0
0
1
1
1
0
0
1
1
1
0
0
1
1
1
0
0
1
1
1
0
0
0
6 ms. Memory: 307712K Free: 291580K (95%)
ptolemy.util.test.WatchDog.cancel(): canceling Fri Apr 20 17:06:25 UTC 2018
------------------ testing $PTII/ptolemy/domains/de/test/auto/dynamicCausalityInterface1.xml
auto.tcl: Setting watchdog for 200 seconds at Fri Apr 20 17:06:26 UTC 2018
1 ms. Memory: 308736K Free: 291606K (94%)
ptolemy.util.test.WatchDog.cancel(): canceling Fri Apr 20 17:06:26 UTC 2018
auto.tcl: Setting watchdog for 200 seconds at Fri Apr 20 17:06:26 UTC 2018
0 ms. Memory: 308736K Free: 288334K (93%)
ptolemy.util.test.WatchDog.cancel(): canceling Fri Apr 20 17:06:26 UTC 2018
------------------ testing $PTII/ptolemy/domains/de/test/auto/fsm_de_test.xml
auto.tcl: Setting watchdog for 200 seconds at Fri Apr 20 17:06:26 UTC 2018
7 ms. Memory: 307712K Free: 288214K (94%)
ptolemy.util.test.WatchDog.cancel(): canceling Fri Apr 20 17:06:26 UTC 2018
auto.tcl: Setting watchdog for 200 seconds at Fri Apr 20 17:06:26 UTC 2018
8 ms. Memory: 307712K Free: 284933K (93%)
ptolemy.util.test.WatchDog.cancel(): canceling Fri Apr 20 17:06:26 UTC 2018
------------------ testing $PTII/ptolemy/domains/de/test/auto/functionDependencyReconstruction.xml
auto.tcl: Setting watchdog for 200 seconds at Fri Apr 20 17:06:26 UTC 2018
3 ms. Memory: 308736K Free: 282683K (92%)
ptolemy.util.test.WatchDog.cancel(): canceling Fri Apr 20 17:06:26 UTC 2018
auto.tcl: Setting watchdog for 200 seconds at Fri Apr 20 17:06:26 UTC 2018
3 ms. Memory: 308736K Free: 279402K (90%)
ptolemy.util.test.WatchDog.cancel(): canceling Fri Apr 20 17:06:26 UTC 2018
------------------ testing $PTII/ptolemy/domains/de/test/auto/multirate.xml
auto.tcl: Setting watchdog for 200 seconds at Fri Apr 20 17:06:26 UTC 2018
5 ms. Memory: 307712K Free: 293599K (95%)
ptolemy.util.test.WatchDog.cancel(): canceling Fri Apr 20 17:06:26 UTC 2018
auto.tcl: Setting watchdog for 200 seconds at Fri Apr 20 17:06:26 UTC 2018
2 ms. Memory: 307712K Free: 290318K (94%)
ptolemy.util.test.WatchDog.cancel(): canceling Fri Apr 20 17:06:26 UTC 2018
------------------ testing $PTII/ptolemy/domains/de/test/auto/multirate2.xml
auto.tcl: Setting watchdog for 200 seconds at Fri Apr 20 17:06:26 UTC 2018
3 ms. Memory: 308736K Free: 294828K (95%)
ptolemy.util.test.WatchDog.cancel(): canceling Fri Apr 20 17:06:26 UTC 2018
auto.tcl: Setting watchdog for 200 seconds at Fri Apr 20 17:06:26 UTC 2018
3 ms. Memory: 308736K Free: 291547K (94%)
ptolemy.util.test.WatchDog.cancel(): canceling Fri Apr 20 17:06:26 UTC 2018
------------------ testing $PTII/ptolemy/domains/de/test/auto/realtime.xml
auto.tcl: Setting watchdog for 200 seconds at Fri Apr 20 17:06:26 UTC 2018
10001 ms. Memory: 307712K Free: 291523K (95%)
ptolemy.util.test.WatchDog.cancel(): canceling Fri Apr 20 17:06:36 UTC 2018
auto.tcl: Setting watchdog for 200 seconds at Fri Apr 20 17:06:36 UTC 2018
10001 ms. Memory: 307712K Free: 291523K (95%)
ptolemy.util.test.WatchDog.cancel(): canceling Fri Apr 20 17:06:46 UTC 2018
------------------ testing $PTII/ptolemy/domains/de/test/auto/relationGroup.xml
auto.tcl: Setting watchdog for 200 seconds at Fri Apr 20 17:06:46 UTC 2018
1 ms. Memory: 308224K Free: 297613K (97%)
ptolemy.util.test.WatchDog.cancel(): canceling Fri Apr 20 17:06:46 UTC 2018
auto.tcl: Setting watchdog for 200 seconds at Fri Apr 20 17:06:46 UTC 2018
1 ms. Memory: 308224K Free: 294348K (95%)
ptolemy.util.test.WatchDog.cancel(): canceling Fri Apr 20 17:06:46 UTC 2018
------------------ testing $PTII/ptolemy/domains/de/test/auto/relationGroup2.xml
auto.tcl: Setting watchdog for 200 seconds at Fri Apr 20 17:06:46 UTC 2018
1 ms. Memory: 307712K Free: 294865K (96%)
ptolemy.util.test.WatchDog.cancel(): canceling Fri Apr 20 17:06:46 UTC 2018
auto.tcl: Setting watchdog for 200 seconds at Fri Apr 20 17:06:46 UTC 2018
1 ms. Memory: 307712K Free: 291600K (95%)
ptolemy.util.test.WatchDog.cancel(): canceling Fri Apr 20 17:06:46 UTC 2018
------------------ testing $PTII/ptolemy/domains/de/test/auto/sortWithOpaquePorts.xml
auto.tcl: Setting watchdog for 200 seconds at Fri Apr 20 17:06:46 UTC 2018
1 ms. Memory: 308224K Free: 292097K (95%)
ptolemy.util.test.WatchDog.cancel(): canceling Fri Apr 20 17:06:46 UTC 2018
auto.tcl: Setting watchdog for 200 seconds at Fri Apr 20 17:06:46 UTC 2018
1 ms. Memory: 308224K Free: 292097K (95%)
ptolemy.util.test.WatchDog.cancel(): canceling Fri Apr 20 17:06:46 UTC 2018
------------------ testing $PTII/ptolemy/domains/de/test/auto/transferInputsandOutputs.xml
auto.tcl: Setting watchdog for 200 seconds at Fri Apr 20 17:06:46 UTC 2018
2 ms. Memory: 307712K Free: 291572K (95%)
ptolemy.util.test.WatchDog.cancel(): canceling Fri Apr 20 17:06:46 UTC 2018
auto.tcl: Setting watchdog for 200 seconds at Fri Apr 20 17:06:46 UTC 2018
2 ms. Memory: 307712K Free: 288307K (94%)
ptolemy.util.test.WatchDog.cancel(): canceling Fri Apr 20 17:06:46 UTC 2018
------------------ testing $PTII/ptolemy/domains/de/test/auto/triggerType.xml
auto.tcl: Setting watchdog for 200 seconds at Fri Apr 20 17:06:46 UTC 2018
1 ms. Memory: 308224K Free: 292033K (95%)
ptolemy.util.test.WatchDog.cancel(): canceling Fri Apr 20 17:06:46 UTC 2018
auto.tcl: Setting watchdog for 200 seconds at Fri Apr 20 17:06:46 UTC 2018
1 ms. Memory: 308224K Free: 292033K (95%)
ptolemy.util.test.WatchDog.cancel(): canceling Fri Apr 20 17:06:46 UTC 2018
04/20/18 05:06:46
Failed: 0  Total Tests: 192  ((Passed: 187, Newly Passed: 1)  Known Failed: 5) /home/travis/build/icyphy/ptII/ptolemy/domains/de/test
04/20/18 05:06:46
Failed: 0  Total Tests: 192  ((Passed: 187, Newly Passed: 1)  Known Failed: 5) /home/travis/build/icyphy/ptII/ptolemy/domains/de/test
----------------- testing (KnownFailure) /home/travis/build/icyphy/ptII/ptolemy/domains/de/test/auto/knownFailedTests/DESDFClockTest.xml
2006 ms. Memory: 307712K Free: 285787K (93%)
Known Failure: java.lang.reflect.InvocationTargetException
----------------- testing (KnownFailure) /home/travis/build/icyphy/ptII/ptolemy/domains/de/test/auto/knownFailedTests/DirectFeedback.xml
1 ms. Memory: 307712K Free: 267683K (87%)
Known Failure: java.lang.reflect.InvocationTargetException
----------------- testing (KnownFailure) /home/travis/build/icyphy/ptII/ptolemy/domains/de/test/auto/knownFailedTests/FSMSource.xml
5 ms. Memory: 307712K Free: 245036K (80%)
----------------- testing (KnownFailure) /home/travis/build/icyphy/ptII/ptolemy/domains/de/test/auto/knownFailedTests/HierarchicalModel.xml
3 ms. Memory: 307712K Free: 222381K (72%)
Known Failure: java.lang.reflect.InvocationTargetException
----------------- testing (KnownFailure) /home/travis/build/icyphy/ptII/ptolemy/domains/de/test/auto/knownFailedTests/dependencyLoop.xml
2 ms. Memory: 307712K Free: 190682K (62%)
Known Failure: java.lang.reflect.InvocationTargetException
----------------- testing (KnownFailure) /home/travis/build/icyphy/ptII/ptolemy/domains/de/test/auto/knownFailedTests/dependencyLoop2.xml
1 ms. Memory: 307712K Free: 158967K (52%)
Known Failure: java.lang.reflect.InvocationTargetException
No auto/*.xml tests in /home/travis/build/icyphy/ptII/ptolemy/domains/de/test
AutoTests.java: About to close Vertx.
AutoTests.java: Vertx closed.
----------------- testing Fri Apr 20 17:06:48 UTC 2018 /home/travis/build/icyphy/ptII/ptolemy/domains/de/test/auto/ActorDepthCalculation_actorWithoutPorts.xml
1 ms. Memory: 307712K Free: 131795K (43%)
reloadAllAccessors: .ActorDepthCalculation_actorWithoutPorts
----------------- testing Fri Apr 20 17:06:48 UTC 2018 /home/travis/build/icyphy/ptII/ptolemy/domains/de/test/auto/AssemblyLine.xml
1 ms. Memory: 307712K Free: 118216K (38%)
reloadAllAccessors: .AssemblyLine
----------------- testing Fri Apr 20 17:06:48 UTC 2018 /home/travis/build/icyphy/ptII/ptolemy/domains/de/test/auto/CQBug1.xml
0 ms. Memory: 307712K Free: 109164K (35%)
reloadAllAccessors: .CQBug1
----------------- testing Fri Apr 20 17:06:48 UTC 2018 /home/travis/build/icyphy/ptII/ptolemy/domains/de/test/auto/CancelFireAt.xml
0 ms. Memory: 307712K Free: 100112K (33%)
reloadAllAccessors: .CancelFireAt
----------------- testing Fri Apr 20 17:06:48 UTC 2018 /home/travis/build/icyphy/ptII/ptolemy/domains/de/test/auto/CausalityAndComposabilityAnalysis.xml
1 ms. Memory: 307712K Free: 91059K (30%)
reloadAllAccessors: .CausalityAndComposabilityAnalysis
----------------- testing Fri Apr 20 17:06:48 UTC 2018 /home/travis/build/icyphy/ptII/ptolemy/domains/de/test/auto/CausalityInterface1.xml
3 ms. Memory: 307712K Free: 78742K (26%)
reloadAllAccessors: .CausalityInterface1
----------------- testing Fri Apr 20 17:06:48 UTC 2018 /home/travis/build/icyphy/ptII/ptolemy/domains/de/test/auto/CausalityInterface15.xml
1 ms. Memory: 298496K Free: 286390K (96%)
reloadAllAccessors: .CausalityInterface15
----------------- testing Fri Apr 20 17:06:49 UTC 2018 /home/travis/build/icyphy/ptII/ptolemy/domains/de/test/auto/CausalityInterface2.xml
1 ms. Memory: 298496K Free: 277824K (93%)
reloadAllAccessors: .CausalityInterface2
----------------- testing Fri Apr 20 17:06:49 UTC 2018 /home/travis/build/icyphy/ptII/ptolemy/domains/de/test/auto/CausalityInterface3.xml
1 ms. Memory: 298496K Free: 269145K (90%)
reloadAllAccessors: .CausalityInterface3
----------------- testing Fri Apr 20 17:06:49 UTC 2018 /home/travis/build/icyphy/ptII/ptolemy/domains/de/test/auto/ClockDrift.xml
10 ms. Memory: 298496K Free: 253960K (85%)
reloadAllAccessors: .ClockDrift
----------------- testing Fri Apr 20 17:06:49 UTC 2018 /home/travis/build/icyphy/ptII/ptolemy/domains/de/test/auto/ClockDriftAndValueChange.xml
7 ms. Memory: 298496K Free: 238762K (80%)
reloadAllAccessors: .ClockDriftAndValueChange
----------------- testing Fri Apr 20 17:06:49 UTC 2018 /home/travis/build/icyphy/ptII/ptolemy/domains/de/test/auto/ClockDriftChange.xml
8 ms. Memory: 298496K Free: 221517K (74%)
reloadAllAccessors: .ClockDriftChange
----------------- testing Fri Apr 20 17:06:49 UTC 2018 /home/travis/build/icyphy/ptII/ptolemy/domains/de/test/auto/ComposableCausalityAnalysis.xml
1 ms. Memory: 298496K Free: 212845K (71%)
reloadAllAccessors: .ComposableCausalityAnalysis
----------------- testing Fri Apr 20 17:06:49 UTC 2018 /home/travis/build/icyphy/ptII/ptolemy/domains/de/test/auto/DEFixedPointLimitation.xml
0 ms. Memory: 298496K Free: 206340K (69%)
reloadAllAccessors: .DEFixedPointLimitation
----------------- testing Fri Apr 20 17:06:49 UTC 2018 /home/travis/build/icyphy/ptII/ptolemy/domains/de/test/auto/DEScheduleTest.xml
1 ms. Memory: 298496K Free: 199827K (67%)
reloadAllAccessors: .DEScheduleTest
----------------- testing Fri Apr 20 17:06:49 UTC 2018 /home/travis/build/icyphy/ptII/ptolemy/domains/de/test/auto/DEinDEwithStartTimes.xml
1 ms. Memory: 298496K Free: 191147K (64%)
reloadAllAccessors: .DEinDEwithStartTimes
----------------- testing Fri Apr 20 17:06:49 UTC 2018 /home/travis/build/icyphy/ptII/ptolemy/domains/de/test/auto/DEinDEwithStartTimes2.xml
2 ms. Memory: 298496K Free: 180423K (60%)
reloadAllAccessors: .DEinDEwithStartTimes2
----------------- testing Fri Apr 20 17:06:49 UTC 2018 /home/travis/build/icyphy/ptII/ptolemy/domains/de/test/auto/DateDemo.xml
3 ms. Memory: 298496K Free: 167396K (56%)
reloadAllAccessors: .DateDemo
----------------- testing Fri Apr 20 17:06:49 UTC 2018 /home/travis/build/icyphy/ptII/ptolemy/domains/de/test/auto/DateToEvent.xml
2003 ms. Memory: 298496K Free: 147855K (50%)
reloadAllAccessors: .DateToEvent
----------------- testing Fri Apr 20 17:06:51 UTC 2018 /home/travis/build/icyphy/ptII/ptolemy/domains/de/test/auto/DepthTest1.xml
[...]
java.lang.RuntimeException: Execution failed
	at ptolemy.moml.MoMLSimpleApplication$UnloadThread.run(MoMLSimpleApplication.java:402)
Caused by: ptolemy.kernel.util.IllegalActionException: Test fails in iteration 1.
Value was: 1.0. Should have been: 2.0
  in .DirectFeedback.Test
	at ptolemy.actor.lib.Test.fire(Test.java:268)
	at ptolemy.domains.de.kernel.DEDirector._fire(DEDirector.java:1948)
	at ptolemy.domains.de.kernel.DEDirector.fire(DEDirector.java:502)
	at ptolemy.actor.CompositeActor.fire(CompositeActor.java:455)
	at ptolemy.actor.Manager.iterate(Manager.java:851)
	at ptolemy.actor.Manager.execute(Manager.java:369)
	at ptolemy.actor.Manager.run(Manager.java:1263)
	at ptolemy.actor.Manager$PtolemyRunThread.run(Manager.java:1915)
java.lang.RuntimeException: Execution failed
	at ptolemy.moml.MoMLSimpleApplication$UnloadThread.run(MoMLSimpleApplication.java:402)
Caused by: ptolemy.kernel.util.IllegalActionException: Actor is not ready to fire.  Perhaps UpSample.prefire() returned false? Try debugging the actor by selecting "Listen to Actor".  Also, for SDF check moml for tokenConsumptionRate on input.
  in .DESDFClockTest.Play Bell.Copy1:SDF Director and .DESDFClockTest.Play Bell.UpSample
	at ptolemy.actor.sched.StaticSchedulingDirector.fire(StaticSchedulingDirector.java:227)
	at ptolemy.domains.sdf.kernel.SDFDirector.fire(SDFDirector.java:500)
	at ptolemy.actor.CompositeActor.fire(CompositeActor.java:455)
	at ptolemy.domains.de.kernel.DEDirector._fire(DEDirector.java:1948)
	at ptolemy.domains.de.kernel.DEDirector.fire(DEDirector.java:502)
	at ptolemy.actor.CompositeActor.fire(CompositeActor.java:455)
	at ptolemy.actor.Manager.iterate(Manager.java:851)
	at ptolemy.actor.Manager.execute(Manager.java:369)
	at ptolemy.actor.Manager.run(Manager.java:1263)
	at ptolemy.actor.Manager$PtolemyRunThread.run(Manager.java:1915)
java.lang.reflect.InvocationTargetException
	at sun.reflect.NativeConstructorAccessorImpl.newInstance0(Native Method)
	at sun.reflect.NativeConstructorAccessorImpl.newInstance(NativeConstructorAccessorImpl.java:62)
	at sun.reflect.DelegatingConstructorAccessorImpl.newInstance(DelegatingConstructorAccessorImpl.java:45)
	at java.lang.reflect.Constructor.newInstance(Constructor.java:423)
	at ptolemy.util.test.junit.AutoKnownFailedTests.RunModel(AutoKnownFailedTests.java:107)
	at sun.reflect.NativeMethodAccessorImpl.invoke0(Native Method)
	at sun.reflect.NativeMethodAccessorImpl.invoke(NativeMethodAccessorImpl.java:62)
	at sun.reflect.DelegatingMethodAccessorImpl.invoke(DelegatingMethodAccessorImpl.java:43)
	at java.lang.reflect.Method.invoke(Method.java:498)
	at org.junit.runners.model.FrameworkMethod$1.runReflectiveCall(FrameworkMethod.java:44)
	at org.junit.internal.runners.model.ReflectiveCallable.run(ReflectiveCallable.java:15)
	at org.junit.runners.model.FrameworkMethod.invokeExplosively(FrameworkMethod.java:41)
	at junitparams.internal.InvokeParameterisedMethod.evaluate(InvokeParameterisedMethod.java:102)
	at org.junit.internal.runners.statements.FailOnTimeout$1.run(FailOnTimeout.java:28)
Caused by: ptolemy.kernel.util.IllegalActionException: Actor is not ready to fire.  Perhaps UpSample.prefire() returned false? Try debugging the actor by selecting "Listen to Actor".  Also, for SDF check moml for tokenConsumptionRate on input.
  in .DESDFClockTest.Play Bell.Copy1:SDF Director and .DESDFClockTest.Play Bell.UpSample
	at ptolemy.actor.sched.StaticSchedulingDirector.fire(StaticSchedulingDirector.java:227)
	at ptolemy.domains.sdf.kernel.SDFDirector.fire(SDFDirector.java:500)
	at ptolemy.actor.CompositeActor.fire(CompositeActor.java:455)
	at ptolemy.domains.de.kernel.DEDirector._fire(DEDirector.java:1948)
	at ptolemy.domains.de.kernel.DEDirector.fire(DEDirector.java:502)
	at ptolemy.actor.CompositeActor.fire(CompositeActor.java:455)
	at ptolemy.actor.Manager.iterate(Manager.java:851)
	at ptolemy.actor.Manager.execute(Manager.java:369)
	at ptolemy.actor.Manager.run(Manager.java:1263)
	at ptolemy.actor.Manager$PtolemyRunThread.run(Manager.java:1915)
java.lang.RuntimeException: Execution failed
	at ptolemy.moml.MoMLSimpleApplication$UnloadThread.run(MoMLSimpleApplication.java:402)
Caused by: ptolemy.kernel.util.IllegalActionException: Test fails in iteration 1.
Value was: 1.0. Should have been: 2.0
  in .DirectFeedback.Test
	at ptolemy.actor.lib.Test.fire(Test.java:268)
	at ptolemy.domains.de.kernel.DEDirector._fire(DEDirector.java:1948)
	at ptolemy.domains.de.kernel.DEDirector.fire(DEDirector.java:502)
	at ptolemy.actor.CompositeActor.fire(CompositeActor.java:455)
	at ptolemy.actor.Manager.iterate(Manager.java:851)
	at ptolemy.actor.Manager.execute(Manager.java:369)
	at ptolemy.actor.Manager.run(Manager.java:1263)
	at ptolemy.actor.Manager$PtolemyRunThread.run(Manager.java:1915)
java.lang.reflect.InvocationTargetException
	at sun.reflect.NativeConstructorAccessorImpl.newInstance0(Native Method)
	at sun.reflect.NativeConstructorAccessorImpl.newInstance(NativeConstructorAccessorImpl.java:62)
	at sun.reflect.DelegatingConstructorAccessorImpl.newInstance(DelegatingConstructorAccessorImpl.java:45)
	at java.lang.reflect.Constructor.newInstance(Constructor.java:423)
	at ptolemy.util.test.junit.AutoKnownFailedTests.RunModel(AutoKnownFailedTests.java:107)
	at sun.reflect.NativeMethodAccessorImpl.invoke0(Native Method)
	at sun.reflect.NativeMethodAccessorImpl.invoke(NativeMethodAccessorImpl.java:62)
	at sun.reflect.DelegatingMethodAccessorImpl.invoke(DelegatingMethodAccessorImpl.java:43)
	at java.lang.reflect.Method.invoke(Method.java:498)
	at org.junit.runners.model.FrameworkMethod$1.runReflectiveCall(FrameworkMethod.java:44)
	at org.junit.internal.runners.model.ReflectiveCallable.run(ReflectiveCallable.java:15)
	at org.junit.runners.model.FrameworkMethod.invokeExplosively(FrameworkMethod.java:41)
	at junitparams.internal.InvokeParameterisedMethod.evaluate(InvokeParameterisedMethod.java:102)
	at org.junit.internal.runners.statements.FailOnTimeout$1.run(FailOnTimeout.java:28)
Caused by: ptolemy.kernel.util.IllegalActionException: Test fails in iteration 1.
Value was: 1.0. Should have been: 2.0
  in .DirectFeedback.Test
	at ptolemy.actor.lib.Test.fire(Test.java:268)
	at ptolemy.domains.de.kernel.DEDirector._fire(DEDirector.java:1948)
	at ptolemy.domains.de.kernel.DEDirector.fire(DEDirector.java:502)
	at ptolemy.actor.CompositeActor.fire(CompositeActor.java:455)
	at ptolemy.actor.Manager.iterate(Manager.java:851)
	at ptolemy.actor.Manager.execute(Manager.java:369)
	at ptolemy.actor.Manager.run(Manager.java:1263)
	at ptolemy.actor.Manager$PtolemyRunThread.run(Manager.java:1915)
java.lang.RuntimeException: Execution failed
	at ptolemy.moml.MoMLSimpleApplication$UnloadThread.run(MoMLSimpleApplication.java:402)
Caused by: ptolemy.kernel.util.IllegalActionException: Found a zero delay loop containing .HierarchicalModel.A
  in .HierarchicalModel and .HierarchicalModel.A
	at ptolemy.actor.util.CausalityInterfaceForComposites._computeOutputPortDepth(CausalityInterfaceForComposites.java:759)
	at ptolemy.actor.util.CausalityInterfaceForComposites._computeInputDepth(CausalityInterfaceForComposites.java:696)
	at ptolemy.actor.util.CausalityInterfaceForComposites._computeOutputPortDepth(CausalityInterfaceForComposites.java:765)
	at ptolemy.actor.util.CausalityInterfaceForComposites._computeInputDepth(CausalityInterfaceForComposites.java:696)
	at ptolemy.actor.util.CausalityInterfaceForComposites._computeOutputPortDepth(CausalityInterfaceForComposites.java:765)
	at ptolemy.actor.util.CausalityInterfaceForComposites._computeInputDepth(CausalityInterfaceForComposites.java:696)
	at ptolemy.actor.util.CausalityInterfaceForComposites._computeActorDepth(CausalityInterfaceForComposites.java:532)
	at ptolemy.actor.util.CausalityInterfaceForComposites.checkForCycles(CausalityInterfaceForComposites.java:96)
	at ptolemy.domains.de.kernel.DEDirector.preinitialize(DEDirector.java:1337)
	at ptolemy.actor.CompositeActor.preinitialize(CompositeActor.java:1828)
	at ptolemy.actor.Manager.preinitializeAndResolveTypes(Manager.java:1040)
	at ptolemy.actor.Manager.initialize(Manager.java:710)
	at ptolemy.actor.Manager.execute(Manager.java:356)
	at ptolemy.actor.Manager.run(Manager.java:1263)
	at ptolemy.actor.Manager$PtolemyRunThread.run(Manager.java:1915)
java.lang.reflect.InvocationTargetException
	at sun.reflect.NativeConstructorAccessorImpl.newInstance0(Native Method)
	at sun.reflect.NativeConstructorAccessorImpl.newInstance(NativeConstructorAccessorImpl.java:62)
	at sun.reflect.DelegatingConstructorAccessorImpl.newInstance(DelegatingConstructorAccessorImpl.java:45)
	at java.lang.reflect.Constructor.newInstance(Constructor.java:423)
	at ptolemy.util.test.junit.AutoKnownFailedTests.RunModel(AutoKnownFailedTests.java:107)
	at sun.reflect.NativeMethodAccessorImpl.invoke0(Native Method)
	at sun.reflect.NativeMethodAccessorImpl.invoke(NativeMethodAccessorImpl.java:62)
	at sun.reflect.DelegatingMethodAccessorImpl.invoke(DelegatingMethodAccessorImpl.java:43)
	at java.lang.reflect.Method.invoke(Method.java:498)
	at org.junit.runners.model.FrameworkMethod$1.runReflectiveCall(FrameworkMethod.java:44)
	at org.junit.internal.runners.model.ReflectiveCallable.run(ReflectiveCallable.java:15)
	at org.junit.runners.model.FrameworkMethod.invokeExplosively(FrameworkMethod.java:41)
	at junitparams.internal.InvokeParameterisedMethod.evaluate(InvokeParameterisedMethod.java:102)
	at org.junit.internal.runners.statements.FailOnTimeout$1.run(FailOnTimeout.java:28)
Caused by: ptolemy.kernel.util.IllegalActionException: Found a zero delay loop containing .HierarchicalModel.A
  in .HierarchicalModel and .HierarchicalModel.A
	at ptolemy.actor.util.CausalityInterfaceForComposites._computeOutputPortDepth(CausalityInterfaceForComposites.java:759)
	at ptolemy.actor.util.CausalityInterfaceForComposites._computeInputDepth(CausalityInterfaceForComposites.java:696)
	at ptolemy.actor.util.CausalityInterfaceForComposites._computeOutputPortDepth(CausalityInterfaceForComposites.java:765)
	at ptolemy.actor.util.CausalityInterfaceForComposites._computeInputDepth(CausalityInterfaceForComposites.java:696)
	at ptolemy.actor.util.CausalityInterfaceForComposites._computeOutputPortDepth(CausalityInterfaceForComposites.java:765)
	at ptolemy.actor.util.CausalityInterfaceForComposites._computeInputDepth(CausalityInterfaceForComposites.java:696)
	at ptolemy.actor.util.CausalityInterfaceForComposites._computeActorDepth(CausalityInterfaceForComposites.java:532)
	at ptolemy.actor.util.CausalityInterfaceForComposites.checkForCycles(CausalityInterfaceForComposites.java:96)
	at ptolemy.domains.de.kernel.DEDirector.preinitialize(DEDirector.java:1337)
	at ptolemy.actor.CompositeActor.preinitialize(CompositeActor.java:1828)
	at ptolemy.actor.Manager.preinitializeAndResolveTypes(Manager.java:1040)
	at ptolemy.actor.Manager.initialize(Manager.java:710)
	at ptolemy.actor.Manager.execute(Manager.java:356)
	at ptolemy.actor.Manager.run(Manager.java:1263)
	at ptolemy.actor.Manager$PtolemyRunThread.run(Manager.java:1915)
java.lang.RuntimeException: Execution failed
	at ptolemy.moml.MoMLSimpleApplication$UnloadThread.run(MoMLSimpleApplication.java:402)
Caused by: ptolemy.kernel.util.IllegalActionException: Found a zero delay loop containing .dependencyLoop.original
  in .dependencyLoop and .dependencyLoop.original
	at ptolemy.actor.util.CausalityInterfaceForComposites._computeOutputPortDepth(CausalityInterfaceForComposites.java:759)
	at ptolemy.actor.util.CausalityInterfaceForComposites._computeInputDepth(CausalityInterfaceForComposites.java:696)
	at ptolemy.actor.util.CausalityInterfaceForComposites._computeOutputPortDepth(CausalityInterfaceForComposites.java:765)
	at ptolemy.actor.util.CausalityInterfaceForComposites._computeInputDepth(CausalityInterfaceForComposites.java:696)
	at ptolemy.actor.util.CausalityInterfaceForComposites._computeOutputPortDepth(CausalityInterfaceForComposites.java:765)
	at ptolemy.actor.util.CausalityInterfaceForComposites._computeInputDepth(CausalityInterfaceForComposites.java:696)
	at ptolemy.actor.util.CausalityInterfaceForComposites._computeActorDepth(CausalityInterfaceForComposites.java:532)
	at ptolemy.actor.util.CausalityInterfaceForComposites.checkForCycles(CausalityInterfaceForComposites.java:96)
	at ptolemy.domains.de.kernel.DEDirector.preinitialize(DEDirector.java:1337)
	at ptolemy.actor.CompositeActor.preinitialize(CompositeActor.java:1828)
	at ptolemy.actor.Manager.preinitializeAndResolveTypes(Manager.java:1040)
	at ptolemy.actor.Manager.initialize(Manager.java:710)
	at ptolemy.actor.Manager.execute(Manager.java:356)
	at ptolemy.actor.Manager.run(Manager.java:1263)
	at ptolemy.actor.Manager$PtolemyRunThread.run(Manager.java:1915)
java.lang.reflect.InvocationTargetException
	at sun.reflect.NativeConstructorAccessorImpl.newInstance0(Native Method)
	at sun.reflect.NativeConstructorAccessorImpl.newInstance(NativeConstructorAccessorImpl.java:62)
	at sun.reflect.DelegatingConstructorAccessorImpl.newInstance(DelegatingConstructorAccessorImpl.java:45)
	at java.lang.reflect.Constructor.newInstance(Constructor.java:423)
	at ptolemy.util.test.junit.AutoKnownFailedTests.RunModel(AutoKnownFailedTests.java:107)
	at sun.reflect.NativeMethodAccessorImpl.invoke0(Native Method)
	at sun.reflect.NativeMethodAccessorImpl.invoke(NativeMethodAccessorImpl.java:62)
	at sun.reflect.DelegatingMethodAccessorImpl.invoke(DelegatingMethodAccessorImpl.java:43)
	at java.lang.reflect.Method.invoke(Method.java:498)
	at org.junit.runners.model.FrameworkMethod$1.runReflectiveCall(FrameworkMethod.java:44)
	at org.junit.internal.runners.model.ReflectiveCallable.run(ReflectiveCallable.java:15)
	at org.junit.runners.model.FrameworkMethod.invokeExplosively(FrameworkMethod.java:41)
	at junitparams.internal.InvokeParameterisedMethod.evaluate(InvokeParameterisedMethod.java:102)
	at org.junit.internal.runners.statements.FailOnTimeout$1.run(FailOnTimeout.java:28)
Caused by: ptolemy.kernel.util.IllegalActionException: Found a zero delay loop containing .dependencyLoop.original
  in .dependencyLoop and .dependencyLoop.original
	at ptolemy.actor.util.CausalityInterfaceForComposites._computeOutputPortDepth(CausalityInterfaceForComposites.java:759)
	at ptolemy.actor.util.CausalityInterfaceForComposites._computeInputDepth(CausalityInterfaceForComposites.java:696)
	at ptolemy.actor.util.CausalityInterfaceForComposites._computeOutputPortDepth(CausalityInterfaceForComposites.java:765)
	at ptolemy.actor.util.CausalityInterfaceForComposites._computeInputDepth(CausalityInterfaceForComposites.java:696)
	at ptolemy.actor.util.CausalityInterfaceForComposites._computeOutputPortDepth(CausalityInterfaceForComposites.java:765)
	at ptolemy.actor.util.CausalityInterfaceForComposites._computeInputDepth(CausalityInterfaceForComposites.java:696)
	at ptolemy.actor.util.CausalityInterfaceForComposites._computeActorDepth(CausalityInterfaceForComposites.java:532)
	at ptolemy.actor.util.CausalityInterfaceForComposites.checkForCycles(CausalityInterfaceForComposites.java:96)
	at ptolemy.domains.de.kernel.DEDirector.preinitialize(DEDirector.java:1337)
	at ptolemy.actor.CompositeActor.preinitialize(CompositeActor.java:1828)
	at ptolemy.actor.Manager.preinitializeAndResolveTypes(Manager.java:1040)
	at ptolemy.actor.Manager.initialize(Manager.java:710)
	at ptolemy.actor.Manager.execute(Manager.java:356)
	at ptolemy.actor.Manager.run(Manager.java:1263)
	at ptolemy.actor.Manager$PtolemyRunThread.run(Manager.java:1915)
java.lang.RuntimeException: Execution failed
	at ptolemy.moml.MoMLSimpleApplication$UnloadThread.run(MoMLSimpleApplication.java:402)
Caused by: ptolemy.kernel.util.IllegalActionException: Found a zero delay loop containing .dependencyLoop2.original
  in .dependencyLoop2 and .dependencyLoop2.original
	at ptolemy.actor.util.CausalityInterfaceForComposites._computeOutputPortDepth(CausalityInterfaceForComposites.java:759)
	at ptolemy.actor.util.CausalityInterfaceForComposites._computeInputDepth(CausalityInterfaceForComposites.java:696)
	at ptolemy.actor.util.CausalityInterfaceForComposites._computeOutputPortDepth(CausalityInterfaceForComposites.java:765)
	at ptolemy.actor.util.CausalityInterfaceForComposites._computeInputDepth(CausalityInterfaceForComposites.java:696)
	at ptolemy.actor.util.CausalityInterfaceForComposites._computeOutputPortDepth(CausalityInterfaceForComposites.java:765)
	at ptolemy.actor.util.CausalityInterfaceForComposites._computeInputDepth(CausalityInterfaceForComposites.java:696)
	at ptolemy.actor.util.CausalityInterfaceForComposites._computeActorDepth(CausalityInterfaceForComposites.java:532)
	at ptolemy.actor.util.CausalityInterfaceForComposites.checkForCycles(CausalityInterfaceForComposites.java:96)
	at ptolemy.domains.de.kernel.DEDirector.preinitialize(DEDirector.java:1337)
	at ptolemy.actor.CompositeActor.preinitialize(CompositeActor.java:1828)
	at ptolemy.actor.Manager.preinitializeAndResolveTypes(Manager.java:1040)
	at ptolemy.actor.Manager.initialize(Manager.java:710)
	at ptolemy.actor.Manager.execute(Manager.java:356)
	at ptolemy.actor.Manager.run(Manager.java:1263)
	at ptolemy.actor.Manager$PtolemyRunThread.run(Manager.java:1915)
java.lang.reflect.InvocationTargetException
	at sun.reflect.NativeConstructorAccessorImpl.newInstance0(Native Method)
	at sun.reflect.NativeConstructorAccessorImpl.newInstance(NativeConstructorAccessorImpl.java:62)
	at sun.reflect.DelegatingConstructorAccessorImpl.newInstance(DelegatingConstructorAccessorImpl.java:45)
	at java.lang.reflect.Constructor.newInstance(Constructor.java:423)
	at ptolemy.util.test.junit.AutoKnownFailedTests.RunModel(AutoKnownFailedTests.java:107)
	at sun.reflect.NativeMethodAccessorImpl.invoke0(Native Method)
	at sun.reflect.NativeMethodAccessorImpl.invoke(NativeMethodAccessorImpl.java:62)
	at sun.reflect.DelegatingMethodAccessorImpl.invoke(DelegatingMethodAccessorImpl.java:43)
	at java.lang.reflect.Method.invoke(Method.java:498)
	at org.junit.runners.model.FrameworkMethod$1.runReflectiveCall(FrameworkMethod.java:44)
	at org.junit.internal.runners.model.ReflectiveCallable.run(ReflectiveCallable.java:15)
	at org.junit.runners.model.FrameworkMethod.invokeExplosively(FrameworkMethod.java:41)
	at junitparams.internal.InvokeParameterisedMethod.evaluate(InvokeParameterisedMethod.java:102)
	at org.junit.internal.runners.statements.FailOnTimeout$1.run(FailOnTimeout.java:28)
Caused by: ptolemy.kernel.util.IllegalActionException: Found a zero delay loop containing .dependencyLoop2.original
  in .dependencyLoop2 and .dependencyLoop2.original
	at ptolemy.actor.util.CausalityInterfaceForComposites._computeOutputPortDepth(CausalityInterfaceForComposites.java:759)
	at ptolemy.actor.util.CausalityInterfaceForComposites._computeInputDepth(CausalityInterfaceForComposites.java:696)
	at ptolemy.actor.util.CausalityInterfaceForComposites._computeOutputPortDepth(CausalityInterfaceForComposites.java:765)
	at ptolemy.actor.util.CausalityInterfaceForComposites._computeInputDepth(CausalityInterfaceForComposites.java:696)
	at ptolemy.actor.util.CausalityInterfaceForComposites._computeOutputPortDepth(CausalityInterfaceForComposites.java:765)
	at ptolemy.actor.util.CausalityInterfaceForComposites._computeInputDepth(CausalityInterfaceForComposites.java:696)
	at ptolemy.actor.util.CausalityInterfaceForComposites._computeActorDepth(CausalityInterfaceForComposites.java:532)
	at ptolemy.actor.util.CausalityInterfaceForComposites.checkForCycles(CausalityInterfaceForComposites.java:96)
	at ptolemy.domains.de.kernel.DEDirector.preinitialize(DEDirector.java:1337)
	at ptolemy.actor.CompositeActor.preinitialize(CompositeActor.java:1828)
	at ptolemy.actor.Manager.preinitializeAndResolveTypes(Manager.java:1040)
	at ptolemy.actor.Manager.initialize(Manager.java:710)
	at ptolemy.actor.Manager.execute(Manager.java:356)
	at ptolemy.actor.Manager.run(Manager.java:1263)
	at ptolemy.actor.Manager$PtolemyRunThread.run(Manager.java:1915)
]]></system-err>
</testsuite>
