<?xml version="1.0" encoding="UTF-8" ?>
<testsuite errors="0" failures="0" hostname="travis-job-f6f3ee4c-8017-48d5-b216-87474bff9a5e" name="ptolemy.domains.de.test.junit.JUnitTclTest" skipped="0" tests="101" time="134.352" timestamp="2018-06-01T17:20:01">
  <properties>
[...]
</properties>
  <testcase classname="ptolemy.util.test.junit.TclTests" name="[0] /home/travis/build/icyphy/ptII/ptolemy/domains/de/test/DependencyLoop.tcl (RunTclFile)" time="0.807" />
  <testcase classname="ptolemy.util.test.junit.TclTests" name="[1] /home/travis/build/icyphy/ptII/ptolemy/domains/de/test/RunDETestsAsQSS.tcl (RunTclFile)" time="92.621" />
  <testcase classname="ptolemy.util.test.junit.AutoKnownFailedTests" name="[0] /home/travis/build/icyphy/ptII/ptolemy/domains/de/test/auto/knownFailedTests/DESDFClockTest.xml (RunModel)" time="2.036" />
  <testcase classname="ptolemy.util.test.junit.AutoKnownFailedTests" name="[1] /home/travis/build/icyphy/ptII/ptolemy/domains/de/test/auto/knownFailedTests/DirectFeedback.xml (RunModel)" time="0.012" />
  <testcase classname="ptolemy.util.test.junit.AutoKnownFailedTests" name="[2] /home/travis/build/icyphy/ptII/ptolemy/domains/de/test/auto/knownFailedTests/FSMSource.xml (RunModel)" time="0.023" />
  <testcase classname="ptolemy.util.test.junit.AutoKnownFailedTests" name="[3] /home/travis/build/icyphy/ptII/ptolemy/domains/de/test/auto/knownFailedTests/HierarchicalModel.xml (RunModel)" time="0.042" />
  <testcase classname="ptolemy.util.test.junit.AutoKnownFailedTests" name="[4] /home/travis/build/icyphy/ptII/ptolemy/domains/de/test/auto/knownFailedTests/dependencyLoop.xml (RunModel)" time="0.042" />
  <testcase classname="ptolemy.util.test.junit.AutoKnownFailedTests" name="[5] /home/travis/build/icyphy/ptII/ptolemy/domains/de/test/auto/knownFailedTests/dependencyLoop2.xml (RunModel)" time="0.057" />
  <testcase classname="ptolemy.util.test.junit.AutoNameArchTests" name="[0] ThereAreNoAutoArchTests (RunModel)" time="0.001" />
  <testcase classname="ptolemy.util.test.junit.AutoTests" name="[0] /home/travis/build/icyphy/ptII/ptolemy/domains/de/test/auto/ActorDepthCalculation_actorWithoutPorts.xml (RunModel)" time="0.021" />
  <testcase classname="ptolemy.util.test.junit.AutoTests" name="[1] /home/travis/build/icyphy/ptII/ptolemy/domains/de/test/auto/AssemblyLine.xml (RunModel)" time="0.022" />
  <testcase classname="ptolemy.util.test.junit.AutoTests" name="[2] /home/travis/build/icyphy/ptII/ptolemy/domains/de/test/auto/CQBug1.xml (RunModel)" time="0.011" />
  <testcase classname="ptolemy.util.test.junit.AutoTests" name="[3] /home/travis/build/icyphy/ptII/ptolemy/domains/de/test/auto/CancelFireAt.xml (RunModel)" time="0.011" />
  <testcase classname="ptolemy.util.test.junit.AutoTests" name="[4] /home/travis/build/icyphy/ptII/ptolemy/domains/de/test/auto/CausalityAndComposabilityAnalysis.xml (RunModel)" time="0.017" />
  <testcase classname="ptolemy.util.test.junit.AutoTests" name="[5] /home/travis/build/icyphy/ptII/ptolemy/domains/de/test/auto/CausalityInterface1.xml (RunModel)" time="0.016" />
  <testcase classname="ptolemy.util.test.junit.AutoTests" name="[6] /home/travis/build/icyphy/ptII/ptolemy/domains/de/test/auto/CausalityInterface15.xml (RunModel)" time="0.016" />
  <testcase classname="ptolemy.util.test.junit.AutoTests" name="[7] /home/travis/build/icyphy/ptII/ptolemy/domains/de/test/auto/CausalityInterface2.xml (RunModel)" time="0.017" />
  <testcase classname="ptolemy.util.test.junit.AutoTests" name="[8] /home/travis/build/icyphy/ptII/ptolemy/domains/de/test/auto/CausalityInterface3.xml (RunModel)" time="0.017" />
  <testcase classname="ptolemy.util.test.junit.AutoTests" name="[9] /home/travis/build/icyphy/ptII/ptolemy/domains/de/test/auto/ClockDrift.xml (RunModel)" time="0.038" />
  <testcase classname="ptolemy.util.test.junit.AutoTests" name="[10] /home/travis/build/icyphy/ptII/ptolemy/domains/de/test/auto/ClockDriftAndValueChange.xml (RunModel)" time="0.033" />
  <testcase classname="ptolemy.util.test.junit.AutoTests" name="[11] /home/travis/build/icyphy/ptII/ptolemy/domains/de/test/auto/ClockDriftChange.xml (RunModel)" time="0.029" />
  <testcase classname="ptolemy.util.test.junit.AutoTests" name="[12] /home/travis/build/icyphy/ptII/ptolemy/domains/de/test/auto/ComposableCausalityAnalysis.xml (RunModel)" time="0.021" />
  <testcase classname="ptolemy.util.test.junit.AutoTests" name="[13] /home/travis/build/icyphy/ptII/ptolemy/domains/de/test/auto/DEFixedPointLimitation.xml (RunModel)" time="0.01" />
  <testcase classname="ptolemy.util.test.junit.AutoTests" name="[14] /home/travis/build/icyphy/ptII/ptolemy/domains/de/test/auto/DEScheduleTest.xml (RunModel)" time="0.029" />
  <testcase classname="ptolemy.util.test.junit.AutoTests" name="[15] /home/travis/build/icyphy/ptII/ptolemy/domains/de/test/auto/DEinDEwithStartTimes.xml (RunModel)" time="0.017" />
  <testcase classname="ptolemy.util.test.junit.AutoTests" name="[16] /home/travis/build/icyphy/ptII/ptolemy/domains/de/test/auto/DEinDEwithStartTimes2.xml (RunModel)" time="0.016" />
  <testcase classname="ptolemy.util.test.junit.AutoTests" name="[17] /home/travis/build/icyphy/ptII/ptolemy/domains/de/test/auto/DateDemo.xml (RunModel)" time="0.035" />
  <testcase classname="ptolemy.util.test.junit.AutoTests" name="[18] /home/travis/build/icyphy/ptII/ptolemy/domains/de/test/auto/DateToEvent.xml (RunModel)" time="2.046" />
  <testcase classname="ptolemy.util.test.junit.AutoTests" name="[19] /home/travis/build/icyphy/ptII/ptolemy/domains/de/test/auto/DepthTest1.xml (RunModel)" time="0.013" />
  <testcase classname="ptolemy.util.test.junit.AutoTests" name="[20] /home/travis/build/icyphy/ptII/ptolemy/domains/de/test/auto/DepthTest2.xml (RunModel)" time="0.018" />
  <testcase classname="ptolemy.util.test.junit.AutoTests" name="[21] /home/travis/build/icyphy/ptII/ptolemy/domains/de/test/auto/DepthTest3.xml (RunModel)" time="0.008" />
  <testcase classname="ptolemy.util.test.junit.AutoTests" name="[22] /home/travis/build/icyphy/ptII/ptolemy/domains/de/test/auto/DepthTest4.xml (RunModel)" time="0.013" />
  <testcase classname="ptolemy.util.test.junit.AutoTests" name="[23] /home/travis/build/icyphy/ptII/ptolemy/domains/de/test/auto/DepthTest5.xml (RunModel)" time="0.015" />
  <testcase classname="ptolemy.util.test.junit.AutoTests" name="[24] /home/travis/build/icyphy/ptII/ptolemy/domains/de/test/auto/DepthTest6.xml (RunModel)" time="0.015" />
  <testcase classname="ptolemy.util.test.junit.AutoTests" name="[25] /home/travis/build/icyphy/ptII/ptolemy/domains/de/test/auto/DepthTest7.xml (RunModel)" time="0.014" />
  <testcase classname="ptolemy.util.test.junit.AutoTests" name="[26] /home/travis/build/icyphy/ptII/ptolemy/domains/de/test/auto/EventToDate.xml (RunModel)" time="3.037" />
  <testcase classname="ptolemy.util.test.junit.AutoTests" name="[27] /home/travis/build/icyphy/ptII/ptolemy/domains/de/test/auto/FSM1.xml (RunModel)" time="0.032" />
  <testcase classname="ptolemy.util.test.junit.AutoTests" name="[28] /home/travis/build/icyphy/ptII/ptolemy/domains/de/test/auto/FSM7.xml (RunModel)" time="0.038" />
  <testcase classname="ptolemy.util.test.junit.AutoTests" name="[29] /home/travis/build/icyphy/ptII/ptolemy/domains/de/test/auto/Inspection.xml (RunModel)" time="0.037" />
  <testcase classname="ptolemy.util.test.junit.AutoTests" name="[30] /home/travis/build/icyphy/ptII/ptolemy/domains/de/test/auto/Iteration.xml (RunModel)" time="0.019" />
  <testcase classname="ptolemy.util.test.junit.AutoTests" name="[31] /home/travis/build/icyphy/ptII/ptolemy/domains/de/test/auto/LineFault.xml (RunModel)" time="0.585" />
  <testcase classname="ptolemy.util.test.junit.AutoTests" name="[32] /home/travis/build/icyphy/ptII/ptolemy/domains/de/test/auto/MergeModel1Add.xml (RunModel)" time="0.046" />
  <testcase classname="ptolemy.util.test.junit.AutoTests" name="[33] /home/travis/build/icyphy/ptII/ptolemy/domains/de/test/auto/MergeModel2Add.xml (RunModel)" time="0.037" />
  <testcase classname="ptolemy.util.test.junit.AutoTests" name="[34] /home/travis/build/icyphy/ptII/ptolemy/domains/de/test/auto/MergeModel3Add.xml (RunModel)" time="0.043" />
  <testcase classname="ptolemy.util.test.junit.AutoTests" name="[35] /home/travis/build/icyphy/ptII/ptolemy/domains/de/test/auto/MergeWithoutDiscard.xml (RunModel)" time="0.012" />
  <testcase classname="ptolemy.util.test.junit.AutoTests" name="[36] /home/travis/build/icyphy/ptII/ptolemy/domains/de/test/auto/Modal1.xml (RunModel)" time="0.037" />
  <testcase classname="ptolemy.util.test.junit.AutoTests" name="[37] /home/travis/build/icyphy/ptII/ptolemy/domains/de/test/auto/Modal2.xml (RunModel)" time="0.035" />
  <testcase classname="ptolemy.util.test.junit.AutoTests" name="[38] /home/travis/build/icyphy/ptII/ptolemy/domains/de/test/auto/Modal3.xml (RunModel)" time="0.034" />
  <testcase classname="ptolemy.util.test.junit.AutoTests" name="[39] /home/travis/build/icyphy/ptII/ptolemy/domains/de/test/auto/Modal4.xml (RunModel)" time="0.032" />
  <testcase classname="ptolemy.util.test.junit.AutoTests" name="[40] /home/travis/build/icyphy/ptII/ptolemy/domains/de/test/auto/Modal5.xml (RunModel)" time="0.032" />
  <testcase classname="ptolemy.util.test.junit.AutoTests" name="[41] /home/travis/build/icyphy/ptII/ptolemy/domains/de/test/auto/Modal6.xml (RunModel)" time="0.028" />
  <testcase classname="ptolemy.util.test.junit.AutoTests" name="[42] /home/travis/build/icyphy/ptII/ptolemy/domains/de/test/auto/Modal7.xml (RunModel)" time="0.029" />
  <testcase classname="ptolemy.util.test.junit.AutoTests" name="[43] /home/travis/build/icyphy/ptII/ptolemy/domains/de/test/auto/ModalModel.xml (RunModel)" time="0.171" />
  <testcase classname="ptolemy.util.test.junit.AutoTests" name="[44] /home/travis/build/icyphy/ptII/ptolemy/domains/de/test/auto/ModalSource.xml (RunModel)" time="0.02" />
  <testcase classname="ptolemy.util.test.junit.AutoTests" name="[45] /home/travis/build/icyphy/ptII/ptolemy/domains/de/test/auto/NonInterruptibleTimerZeroDelay.xml (RunModel)" time="0.012" />
  <testcase classname="ptolemy.util.test.junit.AutoTests" name="[46] /home/travis/build/icyphy/ptII/ptolemy/domains/de/test/auto/OpenQueueingNetwork.xml (RunModel)" time="2.266" />
  <testcase classname="ptolemy.util.test.junit.AutoTests" name="[47] /home/travis/build/icyphy/ptII/ptolemy/domains/de/test/auto/OpenQueuingNetwork.xml (RunModel)" time="0.271" />
  <testcase classname="ptolemy.util.test.junit.AutoTests" name="[48] /home/travis/build/icyphy/ptII/ptolemy/domains/de/test/auto/PeriodicSampler.xml (RunModel)" time="0.009" />
  <testcase classname="ptolemy.util.test.junit.AutoTests" name="[49] /home/travis/build/icyphy/ptII/ptolemy/domains/de/test/auto/PersistentIO.xml (RunModel)" time="0.017" />
  <testcase classname="ptolemy.util.test.junit.AutoTests" name="[50] /home/travis/build/icyphy/ptII/ptolemy/domains/de/test/auto/PortParameterResetOnInitialize.xml (RunModel)" time="0.014" />
  <testcase classname="ptolemy.util.test.junit.AutoTests" name="[51] /home/travis/build/icyphy/ptII/ptolemy/domains/de/test/auto/PortParameterUpdates.xml (RunModel)" time="0.015" />
  <testcase classname="ptolemy.util.test.junit.AutoTests" name="[52] /home/travis/build/icyphy/ptII/ptolemy/domains/de/test/auto/QueueAndServer.xml (RunModel)" time="0.026" />
  <testcase classname="ptolemy.util.test.junit.AutoTests" name="[53] /home/travis/build/icyphy/ptII/ptolemy/domains/de/test/auto/Records.xml (RunModel)" time="0.021" />
  <testcase classname="ptolemy.util.test.junit.AutoTests" name="[54] /home/travis/build/icyphy/ptII/ptolemy/domains/de/test/auto/ResetTransitionWithStartTime1.xml (RunModel)" time="0.024" />
  <testcase classname="ptolemy.util.test.junit.AutoTests" name="[55] /home/travis/build/icyphy/ptII/ptolemy/domains/de/test/auto/ResetTransitionWithStartTime2.xml (RunModel)" time="0.02" />
  <testcase classname="ptolemy.util.test.junit.AutoTests" name="[56] /home/travis/build/icyphy/ptII/ptolemy/domains/de/test/auto/ResetTransitionWithStartTime3.xml (RunModel)" time="0.025" />
  <testcase classname="ptolemy.util.test.junit.AutoTests" name="[57] /home/travis/build/icyphy/ptII/ptolemy/domains/de/test/auto/ResetTransitionWithStartTime4.xml (RunModel)" time="0.02" />
  <testcase classname="ptolemy.util.test.junit.AutoTests" name="[58] /home/travis/build/icyphy/ptII/ptolemy/domains/de/test/auto/ResettableTimer1.xml (RunModel)" time="0.012" />
  <testcase classname="ptolemy.util.test.junit.AutoTests" name="[59] /home/travis/build/icyphy/ptII/ptolemy/domains/de/test/auto/ResettableTimer2.xml (RunModel)" time="0.012" />
  <testcase classname="ptolemy.util.test.junit.AutoTests" name="[60] /home/travis/build/icyphy/ptII/ptolemy/domains/de/test/auto/ResettableTimer3.xml (RunModel)" time="0.011" />
  <testcase classname="ptolemy.util.test.junit.AutoTests" name="[61] /home/travis/build/icyphy/ptII/ptolemy/domains/de/test/auto/ResettableTimer4.xml (RunModel)" time="0.012" />
  <testcase classname="ptolemy.util.test.junit.AutoTests" name="[62] /home/travis/build/icyphy/ptII/ptolemy/domains/de/test/auto/ResettableTimer5.xml (RunModel)" time="0.012" />
  <testcase classname="ptolemy.util.test.junit.AutoTests" name="[63] /home/travis/build/icyphy/ptII/ptolemy/domains/de/test/auto/ResettableTimer6.xml (RunModel)" time="0.023" />
  <testcase classname="ptolemy.util.test.junit.AutoTests" name="[64] /home/travis/build/icyphy/ptII/ptolemy/domains/de/test/auto/ServerZeroDelay.xml (RunModel)" time="0.016" />
  <testcase classname="ptolemy.util.test.junit.AutoTests" name="[65] /home/travis/build/icyphy/ptII/ptolemy/domains/de/test/auto/SmartSender.xml (RunModel)" time="3.01" />
  <testcase classname="ptolemy.util.test.junit.AutoTests" name="[66] /home/travis/build/icyphy/ptII/ptolemy/domains/de/test/auto/ThreadedComposite.xml (RunModel)" time="0.197" />
  <testcase classname="ptolemy.util.test.junit.AutoTests" name="[67] /home/travis/build/icyphy/ptII/ptolemy/domains/de/test/auto/Time.xml (RunModel)" time="0.444" />
  <testcase classname="ptolemy.util.test.junit.AutoTests" name="[68] /home/travis/build/icyphy/ptII/ptolemy/domains/de/test/auto/TimeDelayZeroDelay.xml (RunModel)" time="0.013" />
  <testcase classname="ptolemy.util.test.junit.AutoTests" name="[69] /home/travis/build/icyphy/ptII/ptolemy/domains/de/test/auto/TimerZeroDelay.xml (RunModel)" time="0.009" />
  <testcase classname="ptolemy.util.test.junit.AutoTests" name="[70] /home/travis/build/icyphy/ptII/ptolemy/domains/de/test/auto/TimingParadox.xml (RunModel)" time="0.34" />
  <testcase classname="ptolemy.util.test.junit.AutoTests" name="[71] /home/travis/build/icyphy/ptII/ptolemy/domains/de/test/auto/TransferInputs.xml (RunModel)" time="0.013" />
  <testcase classname="ptolemy.util.test.junit.AutoTests" name="[72] /home/travis/build/icyphy/ptII/ptolemy/domains/de/test/auto/TransferOutputs2.xml (RunModel)" time="0.016" />
  <testcase classname="ptolemy.util.test.junit.AutoTests" name="[73] /home/travis/build/icyphy/ptII/ptolemy/domains/de/test/auto/Trilateration.xml (RunModel)" time="12.315" />
  <testcase classname="ptolemy.util.test.junit.AutoTests" name="[74] /home/travis/build/icyphy/ptII/ptolemy/domains/de/test/auto/TwoSigmaDelta.xml (RunModel)" time="2.104" />
  <testcase classname="ptolemy.util.test.junit.AutoTests" name="[75] /home/travis/build/icyphy/ptII/ptolemy/domains/de/test/auto/VariableDelay.xml (RunModel)" time="0.014" />
  <testcase classname="ptolemy.util.test.junit.AutoTests" name="[76] /home/travis/build/icyphy/ptII/ptolemy/domains/de/test/auto/VariableDelay2.xml (RunModel)" time="0.009" />
  <testcase classname="ptolemy.util.test.junit.AutoTests" name="[77] /home/travis/build/icyphy/ptII/ptolemy/domains/de/test/auto/VariableDelayZeroDelay.xml (RunModel)" time="0.014" />
  <testcase classname="ptolemy.util.test.junit.AutoTests" name="[78] /home/travis/build/icyphy/ptII/ptolemy/domains/de/test/auto/VariableDelayZeroDelay2.xml (RunModel)" time="0.011" />
  <testcase classname="ptolemy.util.test.junit.AutoTests" name="[79] /home/travis/build/icyphy/ptII/ptolemy/domains/de/test/auto/deInCt.xml (RunModel)" time="0.021" />
  <testcase classname="ptolemy.util.test.junit.AutoTests" name="[80] /home/travis/build/icyphy/ptII/ptolemy/domains/de/test/auto/deInCt2.xml (RunModel)" time="0.018" />
  <testcase classname="ptolemy.util.test.junit.AutoTests" name="[81] /home/travis/build/icyphy/ptII/ptolemy/domains/de/test/auto/dynamicCausalityInterface1.xml (RunModel)" time="0.02" />
  <testcase classname="ptolemy.util.test.junit.AutoTests" name="[82] /home/travis/build/icyphy/ptII/ptolemy/domains/de/test/auto/fsm_de_test.xml (RunModel)" time="0.025" />
  <testcase classname="ptolemy.util.test.junit.AutoTests" name="[83] /home/travis/build/icyphy/ptII/ptolemy/domains/de/test/auto/functionDependencyReconstruction.xml (RunModel)" time="0.036" />
  <testcase classname="ptolemy.util.test.junit.AutoTests" name="[84] /home/travis/build/icyphy/ptII/ptolemy/domains/de/test/auto/multirate.xml (RunModel)" time="0.015" />
  <testcase classname="ptolemy.util.test.junit.AutoTests" name="[85] /home/travis/build/icyphy/ptII/ptolemy/domains/de/test/auto/multirate2.xml (RunModel)" time="0.016" />
  <testcase classname="ptolemy.util.test.junit.AutoTests" name="[86] /home/travis/build/icyphy/ptII/ptolemy/domains/de/test/auto/realtime.xml (RunModel)" time="10.013" />
  <testcase classname="ptolemy.util.test.junit.AutoTests" name="[87] /home/travis/build/icyphy/ptII/ptolemy/domains/de/test/auto/relationGroup.xml (RunModel)" time="0.009" />
  <testcase classname="ptolemy.util.test.junit.AutoTests" name="[88] /home/travis/build/icyphy/ptII/ptolemy/domains/de/test/auto/relationGroup2.xml (RunModel)" time="0.007" />
  <testcase classname="ptolemy.util.test.junit.AutoTests" name="[89] /home/travis/build/icyphy/ptII/ptolemy/domains/de/test/auto/sortWithOpaquePorts.xml (RunModel)" time="0.009" />
  <testcase classname="ptolemy.util.test.junit.AutoTests" name="[90] /home/travis/build/icyphy/ptII/ptolemy/domains/de/test/auto/transferInputsandOutputs.xml (RunModel)" time="0.015" />
  <testcase classname="ptolemy.util.test.junit.AutoTests" name="[91] /home/travis/build/icyphy/ptII/ptolemy/domains/de/test/auto/triggerType.xml (RunModel)" time="0.008" />
  <system-out><![CDATA[/home/travis/build/icyphy/ptII/ptolemy/domains/de/test/DependencyLoop.tcl
testDefs.tcl: setting time out to 9000 seconds at Fri Jun 01 17:20:01 UTC 2018
29 ms. Memory: 116224K Free: 95114K (82%)
11 ms. Memory: 146944K Free: 137400K (94%)
/home/travis/build/icyphy/ptII/ptolemy/domains/de/test/RunDETestsAsQSS.tcl
Run the DE tests using ptolemy.domains.qss.test.QSSDirectorTest, which extends QSSDirector and prints a message in the constructors.
------------------ testing $PTII/ptolemy/domains/de/test/auto/knownFailedTests/dependencyLoop.xml (Known Failure) 
6 ms. Memory: 146944K Free: 133125K (91%)


==== $PTIIhome/travis/build/icyphy/ptII/ptolemy/domains/de/test/../../../../: Auto Automatic test in file $PTII/ptolemy/domains/de/test/auto/knownFailedTests/dependencyLoop.xml
==== Contents of test case:

	    # FIXME: we should use $relativeFilename here, but it
	    # might have backslashes under Windows, which causes no end
	    # of trouble.
	    createAndExecute $file
	    list {}
	
.... Test generated KNOWN error:
    while executing
ptolemy.kernel.util.IllegalActionException: Found a zero delay loop containing .dependencyLoop.original
  in .dependencyLoop and .dependencyLoop.original
	at ptolemy.actor.util.CausalityInterfaceForComposites._computeOutputPortDepth(CausalityInterfaceForComposites.java:759)
	at ptolemy.actor.util.CausalityInterfaceForComposites._computeInputDepth(CausalityInterfaceForComposites.java:696)
	at ptolemy.actor.util.CausalityInterfaceForComposites._computeOutputPortDepth(CausalityInterfaceForComposites.java:765)
	at ptolemy.actor.util.CausalityInterfaceForComposites._computeInputDepth(CausalityInterfaceForComposites.java:696)
	at ptolemy.actor.util.CausalityInterfaceForComposites._computeOutputPortDepth(CausalityInterfaceForComposites.java:765)
	at ptolemy.actor.util.CausalityInterfaceForComposites._computeInputDepth(CausalityInterfaceForComposites.java:696)
	at ptolemy.actor.util.CausalityInterfaceForComposites._computeActorDepth(CausalityInterfaceForComposites.java:532)
	at ptolemy.actor.util.CausalityInterfaceForComposites.checkForCycles(CausalityInterfaceForComposites.java:96)
	at ptolemy.domains.de.kernel.DEDirector.preinitialize(DEDirector.java:1337)
	at ptolemy.actor.CompositeActor.preinitialize(CompositeActor.java:1828)
	at ptolemy.actor.Manager.preinitializeAndResolveTypes(Manager.java:1040)
	at ptolemy.actor.Manager.initialize(Manager.java:710)
	at ptolemy.actor.Manager.execute(Manager.java:356)
	at ptolemy.actor.Manager.run(Manager.java:1263)
	at ptolemy.actor.Manager$PtolemyRunThread.run(Manager.java:1915)

    while executing
ptolemy.kernel.util.IllegalActionException: Found a zero delay loop containing .dependencyLoop.original
  in .dependencyLoop and .dependencyLoop.original
    while executing
"java::new ptolemy.moml.MoMLSimpleApplication $file
"
    (procedure "createAndExecute" line 2)
    invoked from within
"createAndExecute $file"
    ("uplevel" body line 5)
    invoked from within
"uplevel $contents_of_test"
------------------ testing $PTII/ptolemy/domains/de/test/auto/knownFailedTests/DESDFClockTest.xml (Known Failure) 
2084 ms. Memory: 146944K Free: 117666K (80%)


==== $PTIIhome/travis/build/icyphy/ptII/ptolemy/domains/de/test/../../../../: Auto Automatic test in file $PTII/ptolemy/domains/de/test/auto/knownFailedTests/DESDFClockTest.xml
==== Contents of test case:

	    # FIXME: we should use $relativeFilename here, but it
	    # might have backslashes under Windows, which causes no end
	    # of trouble.
	    createAndExecute $file
	    list {}
	
.... Test generated KNOWN error:
    while executing
ptolemy.kernel.util.IllegalActionException: Actor is not ready to fire.  Perhaps UpSample.prefire() returned false? Try debugging the actor by selecting "Listen to Actor".  Also, for SDF check moml for tokenConsumptionRate on input.
  in .DESDFClockTest.Play Bell.Copy1:SDF Director and .DESDFClockTest.Play Bell.UpSample
	at ptolemy.actor.sched.StaticSchedulingDirector.fire(StaticSchedulingDirector.java:227)
	at ptolemy.domains.sdf.kernel.SDFDirector.fire(SDFDirector.java:500)
	at ptolemy.actor.CompositeActor.fire(CompositeActor.java:455)
	at ptolemy.domains.de.kernel.DEDirector._fire(DEDirector.java:1948)
	at ptolemy.domains.de.kernel.DEDirector.fire(DEDirector.java:502)
	at ptolemy.actor.CompositeActor.fire(CompositeActor.java:455)
	at ptolemy.actor.Manager.iterate(Manager.java:851)
	at ptolemy.actor.Manager.execute(Manager.java:369)
	at ptolemy.actor.Manager.run(Manager.java:1263)
	at ptolemy.actor.Manager$PtolemyRunThread.run(Manager.java:1915)

    while executing
ptolemy.kernel.util.IllegalActionException: Actor is not ready to fire.  Perhaps UpSample.prefire() returned false? Try debugging the actor by selecting "Listen to Actor".  Also, for SDF check moml for tokenConsumptionRate on input.
  in .DESDFClockTest.Play Bell.Copy1:SDF Director and .DESDFClockTest.Play Bell.UpSample
    while executing
"java::new ptolemy.moml.MoMLSimpleApplication $file
"
    (procedure "createAndExecute" line 2)
    invoked from within
"createAndExecute $file"
    ("uplevel" body line 5)
    invoked from within
"uplevel $contents_of_test"
------------------ testing $PTII/ptolemy/domains/de/test/auto/knownFailedTests/FSMSource.xml (Known Failure) 
44 ms. Memory: 146944K Free: 108664K (74%)
!!!! Auto was marked as failing, but now passes
------------------ testing $PTII/ptolemy/domains/de/test/auto/knownFailedTests/dependencyLoop2.xml (Known Failure) 
7 ms. Memory: 146944K Free: 106804K (73%)


==== $PTIIhome/travis/build/icyphy/ptII/ptolemy/domains/de/test/../../../../: Auto Automatic test in file $PTII/ptolemy/domains/de/test/auto/knownFailedTests/dependencyLoop2.xml
==== Contents of test case:

	    # FIXME: we should use $relativeFilename here, but it
	    # might have backslashes under Windows, which causes no end
	    # of trouble.
	    createAndExecute $file
	    list {}
	
.... Test generated KNOWN error:
    while executing
ptolemy.kernel.util.IllegalActionException: Found a zero delay loop containing .dependencyLoop2.original
  in .dependencyLoop2 and .dependencyLoop2.original
	at ptolemy.actor.util.CausalityInterfaceForComposites._computeOutputPortDepth(CausalityInterfaceForComposites.java:759)
	at ptolemy.actor.util.CausalityInterfaceForComposites._computeInputDepth(CausalityInterfaceForComposites.java:696)
	at ptolemy.actor.util.CausalityInterfaceForComposites._computeOutputPortDepth(CausalityInterfaceForComposites.java:765)
	at ptolemy.actor.util.CausalityInterfaceForComposites._computeInputDepth(CausalityInterfaceForComposites.java:696)
	at ptolemy.actor.util.CausalityInterfaceForComposites._computeOutputPortDepth(CausalityInterfaceForComposites.java:765)
	at ptolemy.actor.util.CausalityInterfaceForComposites._computeInputDepth(CausalityInterfaceForComposites.java:696)
	at ptolemy.actor.util.CausalityInterfaceForComposites._computeActorDepth(CausalityInterfaceForComposites.java:532)
	at ptolemy.actor.util.CausalityInterfaceForComposites.checkForCycles(CausalityInterfaceForComposites.java:96)
	at ptolemy.domains.de.kernel.DEDirector.preinitialize(DEDirector.java:1337)
	at ptolemy.actor.CompositeActor.preinitialize(CompositeActor.java:1828)
	at ptolemy.actor.Manager.preinitializeAndResolveTypes(Manager.java:1040)
	at ptolemy.actor.Manager.initialize(Manager.java:710)
	at ptolemy.actor.Manager.execute(Manager.java:356)
	at ptolemy.actor.Manager.run(Manager.java:1263)
	at ptolemy.actor.Manager$PtolemyRunThread.run(Manager.java:1915)

    while executing
ptolemy.kernel.util.IllegalActionException: Found a zero delay loop containing .dependencyLoop2.original
  in .dependencyLoop2 and .dependencyLoop2.original
    while executing
"java::new ptolemy.moml.MoMLSimpleApplication $file
"
    (procedure "createAndExecute" line 2)
    invoked from within
"createAndExecute $file"
    ("uplevel" body line 5)
    invoked from within
"uplevel $contents_of_test"
------------------ testing $PTII/ptolemy/domains/de/test/auto/knownFailedTests/HierarchicalModel.xml (Known Failure) 
13 ms. Memory: 146944K Free: 86231K (59%)


==== $PTIIhome/travis/build/icyphy/ptII/ptolemy/domains/de/test/../../../../: Auto Automatic test in file $PTII/ptolemy/domains/de/test/auto/knownFailedTests/HierarchicalModel.xml
==== Contents of test case:

	    # FIXME: we should use $relativeFilename here, but it
	    # might have backslashes under Windows, which causes no end
	    # of trouble.
	    createAndExecute $file
	    list {}
	
.... Test generated KNOWN error:
    while executing
ptolemy.kernel.util.IllegalActionException: Found a zero delay loop containing .HierarchicalModel.A
  in .HierarchicalModel and .HierarchicalModel.A
	at ptolemy.actor.util.CausalityInterfaceForComposites._computeOutputPortDepth(CausalityInterfaceForComposites.java:759)
	at ptolemy.actor.util.CausalityInterfaceForComposites._computeInputDepth(CausalityInterfaceForComposites.java:696)
	at ptolemy.actor.util.CausalityInterfaceForComposites._computeOutputPortDepth(CausalityInterfaceForComposites.java:765)
	at ptolemy.actor.util.CausalityInterfaceForComposites._computeInputDepth(CausalityInterfaceForComposites.java:696)
	at ptolemy.actor.util.CausalityInterfaceForComposites._computeOutputPortDepth(CausalityInterfaceForComposites.java:765)
	at ptolemy.actor.util.CausalityInterfaceForComposites._computeInputDepth(CausalityInterfaceForComposites.java:696)
	at ptolemy.actor.util.CausalityInterfaceForComposites._computeActorDepth(CausalityInterfaceForComposites.java:532)
	at ptolemy.actor.util.CausalityInterfaceForComposites.checkForCycles(CausalityInterfaceForComposites.java:96)
	at ptolemy.domains.de.kernel.DEDirector.preinitialize(DEDirector.java:1337)
	at ptolemy.actor.CompositeActor.preinitialize(CompositeActor.java:1828)
	at ptolemy.actor.Manager.preinitializeAndResolveTypes(Manager.java:1040)
	at ptolemy.actor.Manager.initialize(Manager.java:710)
	at ptolemy.actor.Manager.execute(Manager.java:356)
	at ptolemy.actor.Manager.run(Manager.java:1263)
	at ptolemy.actor.Manager$PtolemyRunThread.run(Manager.java:1915)

    while executing
ptolemy.kernel.util.IllegalActionException: Found a zero delay loop containing .HierarchicalModel.A
  in .HierarchicalModel and .HierarchicalModel.A
    while executing
"java::new ptolemy.moml.MoMLSimpleApplication $file
"
    (procedure "createAndExecute" line 2)
    invoked from within
"createAndExecute $file"
    ("uplevel" body line 5)
    invoked from within
"uplevel $contents_of_test"
------------------ testing $PTII/ptolemy/domains/de/test/auto/knownFailedTests/DirectFeedback.xml (Known Failure) 
24 ms. Memory: 146944K Free: 142591K (97%)


==== $PTIIhome/travis/build/icyphy/ptII/ptolemy/domains/de/test/../../../../: Auto Automatic test in file $PTII/ptolemy/domains/de/test/auto/knownFailedTests/DirectFeedback.xml
==== Contents of test case:

	    # FIXME: we should use $relativeFilename here, but it
	    # might have backslashes under Windows, which causes no end
	    # of trouble.
	    createAndExecute $file
	    list {}
	
.... Test generated KNOWN error:
    while executing
ptolemy.kernel.util.IllegalActionException: Test fails in iteration 1.
Value was: 1.0. Should have been: 2.0
  in .DirectFeedback.Test
	at ptolemy.actor.lib.Test.fire(Test.java:268)
	at ptolemy.domains.de.kernel.DEDirector._fire(DEDirector.java:1948)
	at ptolemy.domains.de.kernel.DEDirector.fire(DEDirector.java:502)
	at ptolemy.actor.CompositeActor.fire(CompositeActor.java:455)
	at ptolemy.actor.Manager.iterate(Manager.java:851)
	at ptolemy.actor.Manager.execute(Manager.java:369)
	at ptolemy.actor.Manager.run(Manager.java:1263)
	at ptolemy.actor.Manager$PtolemyRunThread.run(Manager.java:1915)

    while executing
ptolemy.kernel.util.IllegalActionException: Test fails in iteration 1.
Value was: 1.0. Should have been: 2.0
  in .DirectFeedback.Test
    while executing
"java::new ptolemy.moml.MoMLSimpleApplication $file
"
    (procedure "createAndExecute" line 2)
    invoked from within
"createAndExecute $file"
    ("uplevel" body line 5)
    invoked from within
"uplevel $contents_of_test"
------------------ testing $PTII/ptolemy/domains/de/test/auto/ActorDepthCalculation_actorWithoutPorts.xml
auto.tcl: Setting watchdog for 200 seconds at Fri Jun 01 17:20:05 UTC 2018
18 ms. Memory: 146944K Free: 133608K (91%)
ptolemy.util.test.WatchDog.cancel(): canceling Fri Jun 01 17:20:05 UTC 2018
auto.tcl: Setting watchdog for 200 seconds at Fri Jun 01 17:20:05 UTC 2018
5 ms. Memory: 146944K Free: 132567K (90%)
ptolemy.util.test.WatchDog.cancel(): canceling Fri Jun 01 17:20:05 UTC 2018
------------------ testing $PTII/ptolemy/domains/de/test/auto/AssemblyLine.xml
auto.tcl: Setting watchdog for 200 seconds at Fri Jun 01 17:20:05 UTC 2018
24 ms. Memory: 208384K Free: 182818K (88%)
ptolemy.util.test.WatchDog.cancel(): canceling Fri Jun 01 17:20:06 UTC 2018
auto.tcl: Setting watchdog for 200 seconds at Fri Jun 01 17:20:06 UTC 2018
9 ms. Memory: 208384K Free: 182818K (88%)
ptolemy.util.test.WatchDog.cancel(): canceling Fri Jun 01 17:20:06 UTC 2018
------------------ testing $PTII/ptolemy/domains/de/test/auto/CQBug1.xml
auto.tcl: Setting watchdog for 200 seconds at Fri Jun 01 17:20:06 UTC 2018
3 ms. Memory: 208384K Free: 197702K (95%)
ptolemy.util.test.WatchDog.cancel(): canceling Fri Jun 01 17:20:06 UTC 2018
auto.tcl: Setting watchdog for 200 seconds at Fri Jun 01 17:20:06 UTC 2018
2 ms. Memory: 208384K Free: 197702K (95%)
ptolemy.util.test.WatchDog.cancel(): canceling Fri Jun 01 17:20:06 UTC 2018
------------------ testing $PTII/ptolemy/domains/de/test/auto/CancelFireAt.xml
auto.tcl: Setting watchdog for 200 seconds at Fri Jun 01 17:20:06 UTC 2018
3 ms. Memory: 208384K Free: 201429K (97%)
ptolemy.util.test.WatchDog.cancel(): canceling Fri Jun 01 17:20:06 UTC 2018
auto.tcl: Setting watchdog for 200 seconds at Fri Jun 01 17:20:06 UTC 2018
8 ms. Memory: 208384K Free: 199323K (96%)
ptolemy.util.test.WatchDog.cancel(): canceling Fri Jun 01 17:20:06 UTC 2018
------------------ testing $PTII/ptolemy/domains/de/test/auto/CausalityAndComposabilityAnalysis.xml
auto.tcl: Setting watchdog for 200 seconds at Fri Jun 01 17:20:06 UTC 2018
15 ms. Memory: 208384K Free: 196476K (94%)
ptolemy.util.test.WatchDog.cancel(): canceling Fri Jun 01 17:20:06 UTC 2018
auto.tcl: Setting watchdog for 200 seconds at Fri Jun 01 17:20:06 UTC 2018
9 ms. Memory: 208384K Free: 196476K (94%)
ptolemy.util.test.WatchDog.cancel(): canceling Fri Jun 01 17:20:06 UTC 2018
------------------ testing $PTII/ptolemy/domains/de/test/auto/CausalityInterface1.xml
auto.tcl: Setting watchdog for 200 seconds at Fri Jun 01 17:20:06 UTC 2018
25 ms. Memory: 208384K Free: 196413K (94%)
ptolemy.util.test.WatchDog.cancel(): canceling Fri Jun 01 17:20:06 UTC 2018
auto.tcl: Setting watchdog for 200 seconds at Fri Jun 01 17:20:06 UTC 2018
4 ms. Memory: 208384K Free: 196413K (94%)
ptolemy.util.test.WatchDog.cancel(): canceling Fri Jun 01 17:20:06 UTC 2018
------------------ testing $PTII/ptolemy/domains/de/test/auto/CausalityInterface15.xml
auto.tcl: Setting watchdog for 200 seconds at Fri Jun 01 17:20:06 UTC 2018
13 ms. Memory: 208384K Free: 196404K (94%)
ptolemy.util.test.WatchDog.cancel(): canceling Fri Jun 01 17:20:06 UTC 2018
auto.tcl: Setting watchdog for 200 seconds at Fri Jun 01 17:20:06 UTC 2018
8 ms. Memory: 208384K Free: 196404K (94%)
ptolemy.util.test.WatchDog.cancel(): canceling Fri Jun 01 17:20:06 UTC 2018
------------------ testing $PTII/ptolemy/domains/de/test/auto/CausalityInterface2.xml
auto.tcl: Setting watchdog for 200 seconds at Fri Jun 01 17:20:06 UTC 2018
6 ms. Memory: 208384K Free: 196388K (94%)
ptolemy.util.test.WatchDog.cancel(): canceling Fri Jun 01 17:20:06 UTC 2018
auto.tcl: Setting watchdog for 200 seconds at Fri Jun 01 17:20:06 UTC 2018
2 ms. Memory: 208384K Free: 196388K (94%)
ptolemy.util.test.WatchDog.cancel(): canceling Fri Jun 01 17:20:06 UTC 2018
------------------ testing $PTII/ptolemy/domains/de/test/auto/CausalityInterface3.xml
auto.tcl: Setting watchdog for 200 seconds at Fri Jun 01 17:20:06 UTC 2018
7 ms. Memory: 208384K Free: 196400K (94%)
ptolemy.util.test.WatchDog.cancel(): canceling Fri Jun 01 17:20:06 UTC 2018
auto.tcl: Setting watchdog for 200 seconds at Fri Jun 01 17:20:06 UTC 2018
2 ms. Memory: 208384K Free: 196400K (94%)
ptolemy.util.test.WatchDog.cancel(): canceling Fri Jun 01 17:20:06 UTC 2018
------------------ testing $PTII/ptolemy/domains/de/test/auto/ClockDrift.xml
auto.tcl: Setting watchdog for 200 seconds at Fri Jun 01 17:20:06 UTC 2018
54 ms. Memory: 208384K Free: 187613K (90%)
ptolemy.util.test.WatchDog.cancel(): canceling Fri Jun 01 17:20:07 UTC 2018
auto.tcl: Setting watchdog for 200 seconds at Fri Jun 01 17:20:07 UTC 2018
42 ms. Memory: 208384K Free: 185507K (89%)
ptolemy.util.test.WatchDog.cancel(): canceling Fri Jun 01 17:20:07 UTC 2018
------------------ testing $PTII/ptolemy/domains/de/test/auto/ClockDriftAndValueChange.xml
auto.tcl: Setting watchdog for 200 seconds at Fri Jun 01 17:20:07 UTC 2018
63 ms. Memory: 208384K Free: 187450K (90%)
ptolemy.util.test.WatchDog.cancel(): canceling Fri Jun 01 17:20:07 UTC 2018
auto.tcl: Setting watchdog for 200 seconds at Fri Jun 01 17:20:07 UTC 2018
45 ms. Memory: 208384K Free: 185344K (89%)
ptolemy.util.test.WatchDog.cancel(): canceling Fri Jun 01 17:20:07 UTC 2018
------------------ testing $PTII/ptolemy/domains/de/test/auto/ClockDriftChange.xml
auto.tcl: Setting watchdog for 200 seconds at Fri Jun 01 17:20:07 UTC 2018
34 ms. Memory: 208384K Free: 190777K (92%)
ptolemy.util.test.WatchDog.cancel(): canceling Fri Jun 01 17:20:07 UTC 2018
auto.tcl: Setting watchdog for 200 seconds at Fri Jun 01 17:20:07 UTC 2018
30 ms. Memory: 208384K Free: 188670K (91%)
ptolemy.util.test.WatchDog.cancel(): canceling Fri Jun 01 17:20:07 UTC 2018
------------------ testing $PTII/ptolemy/domains/de/test/auto/ComposableCausalityAnalysis.xml
auto.tcl: Setting watchdog for 200 seconds at Fri Jun 01 17:20:07 UTC 2018
2 ms. Memory: 208384K Free: 196593K (94%)
ptolemy.util.test.WatchDog.cancel(): canceling Fri Jun 01 17:20:07 UTC 2018
auto.tcl: Setting watchdog for 200 seconds at Fri Jun 01 17:20:07 UTC 2018
3 ms. Memory: 208384K Free: 194149K (93%)
ptolemy.util.test.WatchDog.cancel(): canceling Fri Jun 01 17:20:07 UTC 2018
------------------ testing $PTII/ptolemy/domains/de/test/auto/DEFixedPointLimitation.xml
auto.tcl: Setting watchdog for 200 seconds at Fri Jun 01 17:20:07 UTC 2018
2 ms. Memory: 208384K Free: 196133K (94%)
ptolemy.util.test.WatchDog.cancel(): canceling Fri Jun 01 17:20:07 UTC 2018
auto.tcl: Setting watchdog for 200 seconds at Fri Jun 01 17:20:07 UTC 2018
2 ms. Memory: 208384K Free: 196133K (94%)
ptolemy.util.test.WatchDog.cancel(): canceling Fri Jun 01 17:20:07 UTC 2018
------------------ testing $PTII/ptolemy/domains/de/test/auto/DEScheduleTest.xml
auto.tcl: Setting watchdog for 200 seconds at Fri Jun 01 17:20:07 UTC 2018
6 ms. Memory: 208384K Free: 198274K (95%)
ptolemy.util.test.WatchDog.cancel(): canceling Fri Jun 01 17:20:07 UTC 2018
auto.tcl: Setting watchdog for 200 seconds at Fri Jun 01 17:20:07 UTC 2018
3 ms. Memory: 208384K Free: 196168K (94%)
ptolemy.util.test.WatchDog.cancel(): canceling Fri Jun 01 17:20:07 UTC 2018
------------------ testing $PTII/ptolemy/domains/de/test/auto/DEinDEwithStartTimes.xml
auto.tcl: Setting watchdog for 200 seconds at Fri Jun 01 17:20:07 UTC 2018
6 ms. Memory: 208384K Free: 196137K (94%)
ptolemy.util.test.WatchDog.cancel(): canceling Fri Jun 01 17:20:07 UTC 2018
auto.tcl: Setting watchdog for 200 seconds at Fri Jun 01 17:20:07 UTC 2018
5 ms. Memory: 208384K Free: 194031K (93%)
ptolemy.util.test.WatchDog.cancel(): canceling Fri Jun 01 17:20:07 UTC 2018
------------------ testing $PTII/ptolemy/domains/de/test/auto/DEinDEwithStartTimes2.xml
auto.tcl: Setting watchdog for 200 seconds at Fri Jun 01 17:20:07 UTC 2018
7 ms. Memory: 208384K Free: 196454K (94%)
ptolemy.util.test.WatchDog.cancel(): canceling Fri Jun 01 17:20:07 UTC 2018
auto.tcl: Setting watchdog for 200 seconds at Fri Jun 01 17:20:07 UTC 2018
5 ms. Memory: 208384K Free: 194348K (93%)
ptolemy.util.test.WatchDog.cancel(): canceling Fri Jun 01 17:20:07 UTC 2018
------------------ testing $PTII/ptolemy/domains/de/test/auto/DateDemo.xml
auto.tcl: Setting watchdog for 200 seconds at Fri Jun 01 17:20:08 UTC 2018
14 ms. Memory: 208384K Free: 188529K (90%)
ptolemy.util.test.WatchDog.cancel(): canceling Fri Jun 01 17:20:08 UTC 2018
auto.tcl: Setting watchdog for 200 seconds at Fri Jun 01 17:20:08 UTC 2018
7 ms. Memory: 208384K Free: 186422K (89%)
ptolemy.util.test.WatchDog.cancel(): canceling Fri Jun 01 17:20:08 UTC 2018
------------------ testing $PTII/ptolemy/domains/de/test/auto/DateToEvent.xml
auto.tcl: Setting watchdog for 200 seconds at Fri Jun 01 17:20:08 UTC 2018
2015 ms. Memory: 208384K Free: 183232K (88%)
ptolemy.util.test.WatchDog.cancel(): canceling Fri Jun 01 17:20:10 UTC 2018
auto.tcl: Setting watchdog for 200 seconds at Fri Jun 01 17:20:10 UTC 2018
2007 ms. Memory: 208384K Free: 180775K (87%)
ptolemy.util.test.WatchDog.cancel(): canceling Fri Jun 01 17:20:12 UTC 2018
------------------ testing $PTII/ptolemy/domains/de/test/auto/DepthTest1.xml
auto.tcl: Setting watchdog for 200 seconds at Fri Jun 01 17:20:12 UTC 2018
4 ms. Memory: 208384K Free: 197803K (95%)
ptolemy.util.test.WatchDog.cancel(): canceling Fri Jun 01 17:20:12 UTC 2018
auto.tcl: Setting watchdog for 200 seconds at Fri Jun 01 17:20:12 UTC 2018
3 ms. Memory: 208384K Free: 197803K (95%)
ptolemy.util.test.WatchDog.cancel(): canceling Fri Jun 01 17:20:12 UTC 2018
------------------ testing $PTII/ptolemy/domains/de/test/auto/DepthTest2.xml
auto.tcl: Setting watchdog for 200 seconds at Fri Jun 01 17:20:12 UTC 2018
8 ms. Memory: 208384K Free: 193993K (93%)
ptolemy.util.test.WatchDog.cancel(): canceling Fri Jun 01 17:20:12 UTC 2018
auto.tcl: Setting watchdog for 200 seconds at Fri Jun 01 17:20:12 UTC 2018
7 ms. Memory: 208384K Free: 193993K (93%)
ptolemy.util.test.WatchDog.cancel(): canceling Fri Jun 01 17:20:12 UTC 2018
------------------ testing $PTII/ptolemy/domains/de/test/auto/DepthTest3.xml
auto.tcl: Setting watchdog for 200 seconds at Fri Jun 01 17:20:12 UTC 2018
4 ms. Memory: 208384K Free: 198139K (95%)
ptolemy.util.test.WatchDog.cancel(): canceling Fri Jun 01 17:20:12 UTC 2018
auto.tcl: Setting watchdog for 200 seconds at Fri Jun 01 17:20:12 UTC 2018
2 ms. Memory: 208384K Free: 198139K (95%)
ptolemy.util.test.WatchDog.cancel(): canceling Fri Jun 01 17:20:12 UTC 2018
------------------ testing $PTII/ptolemy/domains/de/test/auto/DepthTest4.xml
auto.tcl: Setting watchdog for 200 seconds at Fri Jun 01 17:20:12 UTC 2018
7 ms. Memory: 208384K Free: 196119K (94%)
ptolemy.util.test.WatchDog.cancel(): canceling Fri Jun 01 17:20:12 UTC 2018
auto.tcl: Setting watchdog for 200 seconds at Fri Jun 01 17:20:12 UTC 2018
3 ms. Memory: 208384K Free: 196119K (94%)
ptolemy.util.test.WatchDog.cancel(): canceling Fri Jun 01 17:20:12 UTC 2018
------------------ testing $PTII/ptolemy/domains/de/test/auto/DepthTest5.xml
auto.tcl: Setting watchdog for 200 seconds at Fri Jun 01 17:20:12 UTC 2018
4 ms. Memory: 208384K Free: 196066K (94%)
ptolemy.util.test.WatchDog.cancel(): canceling Fri Jun 01 17:20:12 UTC 2018
auto.tcl: Setting watchdog for 200 seconds at Fri Jun 01 17:20:12 UTC 2018
3 ms. Memory: 208384K Free: 196066K (94%)
ptolemy.util.test.WatchDog.cancel(): canceling Fri Jun 01 17:20:12 UTC 2018
------------------ testing $PTII/ptolemy/domains/de/test/auto/DepthTest6.xml
auto.tcl: Setting watchdog for 200 seconds at Fri Jun 01 17:20:12 UTC 2018
19 ms. Memory: 208384K Free: 196373K (94%)
ptolemy.util.test.WatchDog.cancel(): canceling Fri Jun 01 17:20:12 UTC 2018
auto.tcl: Setting watchdog for 200 seconds at Fri Jun 01 17:20:12 UTC 2018
3 ms. Memory: 208384K Free: 196373K (94%)
ptolemy.util.test.WatchDog.cancel(): canceling Fri Jun 01 17:20:12 UTC 2018
------------------ testing $PTII/ptolemy/domains/de/test/auto/DepthTest7.xml
auto.tcl: Setting watchdog for 200 seconds at Fri Jun 01 17:20:12 UTC 2018
3 ms. Memory: 208384K Free: 196023K (94%)
ptolemy.util.test.WatchDog.cancel(): canceling Fri Jun 01 17:20:12 UTC 2018
auto.tcl: Setting watchdog for 200 seconds at Fri Jun 01 17:20:12 UTC 2018
2 ms. Memory: 208384K Free: 196023K (94%)
ptolemy.util.test.WatchDog.cancel(): canceling Fri Jun 01 17:20:12 UTC 2018
------------------ testing $PTII/ptolemy/domains/de/test/auto/EventToDate.xml
auto.tcl: Setting watchdog for 200 seconds at Fri Jun 01 17:20:12 UTC 2018
3013 ms. Memory: 208384K Free: 185511K (89%)
ptolemy.util.test.WatchDog.cancel(): canceling Fri Jun 01 17:20:15 UTC 2018
auto.tcl: Setting watchdog for 200 seconds at Fri Jun 01 17:20:15 UTC 2018
3006 ms. Memory: 208384K Free: 185511K (89%)
ptolemy.util.test.WatchDog.cancel(): canceling Fri Jun 01 17:20:18 UTC 2018
------------------ testing $PTII/ptolemy/domains/de/test/auto/FSM1.xml
auto.tcl: Setting watchdog for 200 seconds at Fri Jun 01 17:20:19 UTC 2018
36 ms. Memory: 208384K Free: 189062K (91%)
ptolemy.util.test.WatchDog.cancel(): canceling Fri Jun 01 17:20:19 UTC 2018
auto.tcl: Setting watchdog for 200 seconds at Fri Jun 01 17:20:19 UTC 2018
16 ms. Memory: 208384K Free: 184849K (89%)
ptolemy.util.test.WatchDog.cancel(): canceling Fri Jun 01 17:20:19 UTC 2018
------------------ testing $PTII/ptolemy/domains/de/test/auto/FSM7.xml
auto.tcl: Setting watchdog for 200 seconds at Fri Jun 01 17:20:19 UTC 2018
25 ms. Memory: 208384K Free: 187158K (90%)
ptolemy.util.test.WatchDog.cancel(): canceling Fri Jun 01 17:20:19 UTC 2018
auto.tcl: Setting watchdog for 200 seconds at Fri Jun 01 17:20:19 UTC 2018
27 ms. Memory: 208384K Free: 185052K (89%)
ptolemy.util.test.WatchDog.cancel(): canceling Fri Jun 01 17:20:19 UTC 2018
------------------ testing $PTII/ptolemy/domains/de/test/auto/Inspection.xml
auto.tcl: Setting watchdog for 200 seconds at Fri Jun 01 17:20:19 UTC 2018
39 ms. Memory: 208384K Free: 188372K (90%)
ptolemy.util.test.WatchDog.cancel(): canceling Fri Jun 01 17:20:19 UTC 2018
auto.tcl: Setting watchdog for 200 seconds at Fri Jun 01 17:20:19 UTC 2018
28 ms. Memory: 208384K Free: 186265K (89%)
ptolemy.util.test.WatchDog.cancel(): canceling Fri Jun 01 17:20:19 UTC 2018
------------------ testing $PTII/ptolemy/domains/de/test/auto/Iteration.xml
auto.tcl: Setting watchdog for 200 seconds at Fri Jun 01 17:20:19 UTC 2018
19 ms. Memory: 208384K Free: 193722K (93%)
ptolemy.util.test.WatchDog.cancel(): canceling Fri Jun 01 17:20:19 UTC 2018
auto.tcl: Setting watchdog for 200 seconds at Fri Jun 01 17:20:19 UTC 2018
7 ms. Memory: 208384K Free: 193722K (93%)
ptolemy.util.test.WatchDog.cancel(): canceling Fri Jun 01 17:20:19 UTC 2018
------------------ testing $PTII/ptolemy/domains/de/test/auto/LineFault.xml
auto.tcl: Setting watchdog for 200 seconds at Fri Jun 01 17:20:19 UTC 2018
660 ms. Memory: 208384K Free: 195993K (94%)
ptolemy.util.test.WatchDog.cancel(): canceling Fri Jun 01 17:20:20 UTC 2018
auto.tcl: Setting watchdog for 200 seconds at Fri Jun 01 17:20:20 UTC 2018
611 ms. Memory: 208384K Free: 138494K (66%)
ptolemy.util.test.WatchDog.cancel(): canceling Fri Jun 01 17:20:21 UTC 2018
------------------ testing $PTII/ptolemy/domains/de/test/auto/MergeModel1Add.xml
auto.tcl: Setting watchdog for 200 seconds at Fri Jun 01 17:20:21 UTC 2018
16 ms. Memory: 331264K Free: 302528K (91%)
ptolemy.util.test.WatchDog.cancel(): canceling Fri Jun 01 17:20:21 UTC 2018
auto.tcl: Setting watchdog for 200 seconds at Fri Jun 01 17:20:21 UTC 2018
11 ms. Memory: 331264K Free: 298564K (90%)
ptolemy.util.test.WatchDog.cancel(): canceling Fri Jun 01 17:20:21 UTC 2018
------------------ testing $PTII/ptolemy/domains/de/test/auto/MergeModel2Add.xml
auto.tcl: Setting watchdog for 200 seconds at Fri Jun 01 17:20:21 UTC 2018
12 ms. Memory: 331264K Free: 303866K (92%)
ptolemy.util.test.WatchDog.cancel(): canceling Fri Jun 01 17:20:21 UTC 2018
auto.tcl: Setting watchdog for 200 seconds at Fri Jun 01 17:20:21 UTC 2018
12 ms. Memory: 331264K Free: 299902K (91%)
ptolemy.util.test.WatchDog.cancel(): canceling Fri Jun 01 17:20:21 UTC 2018
------------------ testing $PTII/ptolemy/domains/de/test/auto/MergeModel3Add.xml
auto.tcl: Setting watchdog for 200 seconds at Fri Jun 01 17:20:21 UTC 2018
11 ms. Memory: 331264K Free: 303465K (92%)
ptolemy.util.test.WatchDog.cancel(): canceling Fri Jun 01 17:20:21 UTC 2018
auto.tcl: Setting watchdog for 200 seconds at Fri Jun 01 17:20:21 UTC 2018
10 ms. Memory: 331264K Free: 299501K (90%)
ptolemy.util.test.WatchDog.cancel(): canceling Fri Jun 01 17:20:21 UTC 2018
------------------ testing $PTII/ptolemy/domains/de/test/auto/MergeWithoutDiscard.xml
auto.tcl: Setting watchdog for 200 seconds at Fri Jun 01 17:20:21 UTC 2018
3 ms. Memory: 331264K Free: 319603K (96%)
ptolemy.util.test.WatchDog.cancel(): canceling Fri Jun 01 17:20:21 UTC 2018
auto.tcl: Setting watchdog for 200 seconds at Fri Jun 01 17:20:21 UTC 2018
2 ms. Memory: 331264K Free: 315350K (95%)
ptolemy.util.test.WatchDog.cancel(): canceling Fri Jun 01 17:20:21 UTC 2018
------------------ testing $PTII/ptolemy/domains/de/test/auto/Modal1.xml
auto.tcl: Setting watchdog for 200 seconds at Fri Jun 01 17:20:21 UTC 2018
20 ms. Memory: 331264K Free: 309230K (93%)
ptolemy.util.test.WatchDog.cancel(): canceling Fri Jun 01 17:20:21 UTC 2018
auto.tcl: Setting watchdog for 200 seconds at Fri Jun 01 17:20:21 UTC 2018
28 ms. Memory: 331264K Free: 305266K (92%)
ptolemy.util.test.WatchDog.cancel(): canceling Fri Jun 01 17:20:21 UTC 2018
------------------ testing $PTII/ptolemy/domains/de/test/auto/Modal2.xml
auto.tcl: Setting watchdog for 200 seconds at Fri Jun 01 17:20:21 UTC 2018
11 ms. Memory: 331264K Free: 309087K (93%)
ptolemy.util.test.WatchDog.cancel(): canceling Fri Jun 01 17:20:21 UTC 2018
auto.tcl: Setting watchdog for 200 seconds at Fri Jun 01 17:20:21 UTC 2018
11 ms. Memory: 331264K Free: 305123K (92%)
ptolemy.util.test.WatchDog.cancel(): canceling Fri Jun 01 17:20:21 UTC 2018
------------------ testing $PTII/ptolemy/domains/de/test/auto/Modal3.xml
auto.tcl: Setting watchdog for 200 seconds at Fri Jun 01 17:20:22 UTC 2018
23 ms. Memory: 331264K Free: 309387K (93%)
ptolemy.util.test.WatchDog.cancel(): canceling Fri Jun 01 17:20:22 UTC 2018
auto.tcl: Setting watchdog for 200 seconds at Fri Jun 01 17:20:22 UTC 2018
20 ms. Memory: 331264K Free: 305138K (92%)
ptolemy.util.test.WatchDog.cancel(): canceling Fri Jun 01 17:20:22 UTC 2018
------------------ testing $PTII/ptolemy/domains/de/test/auto/Modal4.xml
auto.tcl: Setting watchdog for 200 seconds at Fri Jun 01 17:20:22 UTC 2018
31 ms. Memory: 331264K Free: 309115K (93%)
ptolemy.util.test.WatchDog.cancel(): canceling Fri Jun 01 17:20:22 UTC 2018
auto.tcl: Setting watchdog for 200 seconds at Fri Jun 01 17:20:22 UTC 2018
26 ms. Memory: 331264K Free: 305151K (92%)
ptolemy.util.test.WatchDog.cancel(): canceling Fri Jun 01 17:20:22 UTC 2018
------------------ testing $PTII/ptolemy/domains/de/test/auto/Modal5.xml
auto.tcl: Setting watchdog for 200 seconds at Fri Jun 01 17:20:22 UTC 2018
19 ms. Memory: 331264K Free: 309101K (93%)
ptolemy.util.test.WatchDog.cancel(): canceling Fri Jun 01 17:20:22 UTC 2018
auto.tcl: Setting watchdog for 200 seconds at Fri Jun 01 17:20:22 UTC 2018
13 ms. Memory: 331264K Free: 305137K (92%)
ptolemy.util.test.WatchDog.cancel(): canceling Fri Jun 01 17:20:22 UTC 2018
------------------ testing $PTII/ptolemy/domains/de/test/auto/Modal6.xml
auto.tcl: Setting watchdog for 200 seconds at Fri Jun 01 17:20:22 UTC 2018
13 ms. Memory: 331264K Free: 309099K (93%)
ptolemy.util.test.WatchDog.cancel(): canceling Fri Jun 01 17:20:22 UTC 2018
auto.tcl: Setting watchdog for 200 seconds at Fri Jun 01 17:20:22 UTC 2018
13 ms. Memory: 331264K Free: 305135K (92%)
ptolemy.util.test.WatchDog.cancel(): canceling Fri Jun 01 17:20:22 UTC 2018
------------------ testing $PTII/ptolemy/domains/de/test/auto/Modal7.xml
auto.tcl: Setting watchdog for 200 seconds at Fri Jun 01 17:20:22 UTC 2018
20 ms. Memory: 331264K Free: 309099K (93%)
ptolemy.util.test.WatchDog.cancel(): canceling Fri Jun 01 17:20:22 UTC 2018
auto.tcl: Setting watchdog for 200 seconds at Fri Jun 01 17:20:22 UTC 2018
13 ms. Memory: 331264K Free: 305135K (92%)
ptolemy.util.test.WatchDog.cancel(): canceling Fri Jun 01 17:20:22 UTC 2018
------------------ testing $PTII/ptolemy/domains/de/test/auto/ModalModel.xml
auto.tcl: Setting watchdog for 200 seconds at Fri Jun 01 17:20:22 UTC 2018
195 ms. Memory: 331264K Free: 245566K (74%)
ptolemy.util.test.WatchDog.cancel(): canceling Fri Jun 01 17:20:22 UTC 2018
auto.tcl: Setting watchdog for 200 seconds at Fri Jun 01 17:20:22 UTC 2018
188 ms. Memory: 331264K Free: 190072K (57%)
ptolemy.util.test.WatchDog.cancel(): canceling Fri Jun 01 17:20:23 UTC 2018
------------------ testing $PTII/ptolemy/domains/de/test/auto/ModalSource.xml
auto.tcl: Setting watchdog for 200 seconds at Fri Jun 01 17:20:23 UTC 2018
8 ms. Memory: 331264K Free: 315910K (95%)
ptolemy.util.test.WatchDog.cancel(): canceling Fri Jun 01 17:20:23 UTC 2018
auto.tcl: Setting watchdog for 200 seconds at Fri Jun 01 17:20:23 UTC 2018
7 ms. Memory: 331264K Free: 312382K (94%)
ptolemy.util.test.WatchDog.cancel(): canceling Fri Jun 01 17:20:23 UTC 2018
------------------ testing $PTII/ptolemy/domains/de/test/auto/NonInterruptibleTimerZeroDelay.xml
auto.tcl: Setting watchdog for 200 seconds at Fri Jun 01 17:20:23 UTC 2018
5 ms. Memory: 331264K Free: 320276K (97%)
ptolemy.util.test.WatchDog.cancel(): canceling Fri Jun 01 17:20:23 UTC 2018
auto.tcl: Setting watchdog for 200 seconds at Fri Jun 01 17:20:23 UTC 2018
3 ms. Memory: 331264K Free: 316748K (96%)
ptolemy.util.test.WatchDog.cancel(): canceling Fri Jun 01 17:20:23 UTC 2018
------------------ testing $PTII/ptolemy/domains/de/test/auto/OpenQueueingNetwork.xml
auto.tcl: Setting watchdog for 200 seconds at Fri Jun 01 17:20:23 UTC 2018
3091 ms. Memory: 573952K Free: 405367K (71%)
ptolemy.util.test.WatchDog.cancel(): canceling Fri Jun 01 17:20:26 UTC 2018
auto.tcl: Setting watchdog for 200 seconds at Fri Jun 01 17:20:26 UTC 2018
2624 ms. Memory: 550912K Free: 302274K (55%)
ptolemy.util.test.WatchDog.cancel(): canceling Fri Jun 01 17:20:29 UTC 2018
------------------ testing $PTII/ptolemy/domains/de/test/auto/OpenQueuingNetwork.xml
auto.tcl: Setting watchdog for 200 seconds at Fri Jun 01 17:20:29 UTC 2018
250 ms. Memory: 549888K Free: 444220K (81%)
ptolemy.util.test.WatchDog.cancel(): canceling Fri Jun 01 17:20:29 UTC 2018
auto.tcl: Setting watchdog for 200 seconds at Fri Jun 01 17:20:29 UTC 2018
243 ms. Memory: 549888K Free: 383951K (70%)
ptolemy.util.test.WatchDog.cancel(): canceling Fri Jun 01 17:20:29 UTC 2018
------------------ testing $PTII/ptolemy/domains/de/test/auto/PeriodicSampler.xml
auto.tcl: Setting watchdog for 200 seconds at Fri Jun 01 17:20:29 UTC 2018
3 ms. Memory: 551936K Free: 530269K (96%)
ptolemy.util.test.WatchDog.cancel(): canceling Fri Jun 01 17:20:29 UTC 2018
auto.tcl: Setting watchdog for 200 seconds at Fri Jun 01 17:20:29 UTC 2018
2 ms. Memory: 551936K Free: 530269K (96%)
ptolemy.util.test.WatchDog.cancel(): canceling Fri Jun 01 17:20:29 UTC 2018
------------------ testing $PTII/ptolemy/domains/de/test/auto/PersistentIO.xml
auto.tcl: Setting watchdog for 200 seconds at Fri Jun 01 17:20:30 UTC 2018
6 ms. Memory: 549376K Free: 521612K (95%)
ptolemy.util.test.WatchDog.cancel(): canceling Fri Jun 01 17:20:30 UTC 2018
auto.tcl: Setting watchdog for 200 seconds at Fri Jun 01 17:20:30 UTC 2018
4 ms. Memory: 549376K Free: 521612K (95%)
ptolemy.util.test.WatchDog.cancel(): canceling Fri Jun 01 17:20:30 UTC 2018
------------------ testing $PTII/ptolemy/domains/de/test/auto/PortParameterResetOnInitialize.xml
auto.tcl: Setting watchdog for 200 seconds at Fri Jun 01 17:20:30 UTC 2018
3 ms. Memory: 551424K Free: 529989K (96%)
ptolemy.util.test.WatchDog.cancel(): canceling Fri Jun 01 17:20:30 UTC 2018
auto.tcl: Setting watchdog for 200 seconds at Fri Jun 01 17:20:30 UTC 2018
2 ms. Memory: 551424K Free: 529989K (96%)
ptolemy.util.test.WatchDog.cancel(): canceling Fri Jun 01 17:20:30 UTC 2018
------------------ testing $PTII/ptolemy/domains/de/test/auto/PortParameterUpdates.xml
auto.tcl: Setting watchdog for 200 seconds at Fri Jun 01 17:20:30 UTC 2018
4 ms. Memory: 549376K Free: 528304K (96%)
ptolemy.util.test.WatchDog.cancel(): canceling Fri Jun 01 17:20:30 UTC 2018
auto.tcl: Setting watchdog for 200 seconds at Fri Jun 01 17:20:30 UTC 2018
6 ms. Memory: 549376K Free: 521607K (95%)
ptolemy.util.test.WatchDog.cancel(): canceling Fri Jun 01 17:20:30 UTC 2018
------------------ testing $PTII/ptolemy/domains/de/test/auto/QueueAndServer.xml
auto.tcl: Setting watchdog for 200 seconds at Fri Jun 01 17:20:30 UTC 2018
9 ms. Memory: 551424K Free: 530085K (96%)
ptolemy.util.test.WatchDog.cancel(): canceling Fri Jun 01 17:20:30 UTC 2018
auto.tcl: Setting watchdog for 200 seconds at Fri Jun 01 17:20:30 UTC 2018
6 ms. Memory: 551424K Free: 523389K (95%)
ptolemy.util.test.WatchDog.cancel(): canceling Fri Jun 01 17:20:30 UTC 2018
------------------ testing $PTII/ptolemy/domains/de/test/auto/Records.xml
auto.tcl: Setting watchdog for 200 seconds at Fri Jun 01 17:20:30 UTC 2018
7 ms. Memory: 549376K Free: 532659K (97%)
ptolemy.util.test.WatchDog.cancel(): canceling Fri Jun 01 17:20:30 UTC 2018
auto.tcl: Setting watchdog for 200 seconds at Fri Jun 01 17:20:30 UTC 2018
2 ms. Memory: 549376K Free: 532659K (97%)
ptolemy.util.test.WatchDog.cancel(): canceling Fri Jun 01 17:20:30 UTC 2018
------------------ testing $PTII/ptolemy/domains/de/test/auto/ResetTransitionWithStartTime1.xml
auto.tcl: Setting watchdog for 200 seconds at Fri Jun 01 17:20:30 UTC 2018
10 ms. Memory: 551424K Free: 534961K (97%)
ptolemy.util.test.WatchDog.cancel(): canceling Fri Jun 01 17:20:30 UTC 2018
auto.tcl: Setting watchdog for 200 seconds at Fri Jun 01 17:20:30 UTC 2018
5 ms. Memory: 551424K Free: 528034K (96%)
ptolemy.util.test.WatchDog.cancel(): canceling Fri Jun 01 17:20:30 UTC 2018
------------------ testing $PTII/ptolemy/domains/de/test/auto/ResetTransitionWithStartTime2.xml
auto.tcl: Setting watchdog for 200 seconds at Fri Jun 01 17:20:30 UTC 2018
6 ms. Memory: 549376K Free: 526207K (96%)
ptolemy.util.test.WatchDog.cancel(): canceling Fri Jun 01 17:20:30 UTC 2018
auto.tcl: Setting watchdog for 200 seconds at Fri Jun 01 17:20:30 UTC 2018
7 ms. Memory: 549376K Free: 526207K (96%)
ptolemy.util.test.WatchDog.cancel(): canceling Fri Jun 01 17:20:30 UTC 2018
------------------ testing $PTII/ptolemy/domains/de/test/auto/ResetTransitionWithStartTime3.xml
auto.tcl: Setting watchdog for 200 seconds at Fri Jun 01 17:20:30 UTC 2018
9 ms. Memory: 550912K Free: 527512K (96%)
ptolemy.util.test.WatchDog.cancel(): canceling Fri Jun 01 17:20:30 UTC 2018
auto.tcl: Setting watchdog for 200 seconds at Fri Jun 01 17:20:30 UTC 2018
6 ms. Memory: 550912K Free: 527512K (96%)
ptolemy.util.test.WatchDog.cancel(): canceling Fri Jun 01 17:20:30 UTC 2018
------------------ testing $PTII/ptolemy/domains/de/test/auto/ResetTransitionWithStartTime4.xml
auto.tcl: Setting watchdog for 200 seconds at Fri Jun 01 17:20:30 UTC 2018
8 ms. Memory: 549376K Free: 525975K (96%)
ptolemy.util.test.WatchDog.cancel(): canceling Fri Jun 01 17:20:30 UTC 2018
auto.tcl: Setting watchdog for 200 seconds at Fri Jun 01 17:20:30 UTC 2018
4 ms. Memory: 549376K Free: 525975K (96%)
ptolemy.util.test.WatchDog.cancel(): canceling Fri Jun 01 17:20:30 UTC 2018
------------------ testing $PTII/ptolemy/domains/de/test/auto/ResettableTimer1.xml
auto.tcl: Setting watchdog for 200 seconds at Fri Jun 01 17:20:30 UTC 2018
2 ms. Memory: 550912K Free: 524844K (95%)
ptolemy.util.test.WatchDog.cancel(): canceling Fri Jun 01 17:20:30 UTC 2018
auto.tcl: Setting watchdog for 200 seconds at Fri Jun 01 17:20:30 UTC 2018
2 ms. Memory: 550912K Free: 524844K (95%)
ptolemy.util.test.WatchDog.cancel(): canceling Fri Jun 01 17:20:30 UTC 2018
------------------ testing $PTII/ptolemy/domains/de/test/auto/ResettableTimer2.xml
auto.tcl: Setting watchdog for 200 seconds at Fri Jun 01 17:20:30 UTC 2018
2 ms. Memory: 549376K Free: 532955K (97%)
ptolemy.util.test.WatchDog.cancel(): canceling Fri Jun 01 17:20:30 UTC 2018
auto.tcl: Setting watchdog for 200 seconds at Fri Jun 01 17:20:30 UTC 2018
2 ms. Memory: 549376K Free: 532955K (97%)
ptolemy.util.test.WatchDog.cancel(): canceling Fri Jun 01 17:20:30 UTC 2018
------------------ testing $PTII/ptolemy/domains/de/test/auto/ResettableTimer3.xml
auto.tcl: Setting watchdog for 200 seconds at Fri Jun 01 17:20:30 UTC 2018
1 ms. Memory: 550912K Free: 534261K (97%)
ptolemy.util.test.WatchDog.cancel(): canceling Fri Jun 01 17:20:30 UTC 2018
auto.tcl: Setting watchdog for 200 seconds at Fri Jun 01 17:20:30 UTC 2018
1 ms. Memory: 550912K Free: 534261K (97%)
ptolemy.util.test.WatchDog.cancel(): canceling Fri Jun 01 17:20:30 UTC 2018
------------------ testing $PTII/ptolemy/domains/de/test/auto/ResettableTimer4.xml
auto.tcl: Setting watchdog for 200 seconds at Fri Jun 01 17:20:31 UTC 2018
1 ms. Memory: 549376K Free: 532968K (97%)
ptolemy.util.test.WatchDog.cancel(): canceling Fri Jun 01 17:20:31 UTC 2018
auto.tcl: Setting watchdog for 200 seconds at Fri Jun 01 17:20:31 UTC 2018
1 ms. Memory: 549376K Free: 532968K (97%)
ptolemy.util.test.WatchDog.cancel(): canceling Fri Jun 01 17:20:31 UTC 2018
------------------ testing $PTII/ptolemy/domains/de/test/auto/ResettableTimer5.xml
auto.tcl: Setting watchdog for 200 seconds at Fri Jun 01 17:20:31 UTC 2018
1 ms. Memory: 550400K Free: 533989K (97%)
ptolemy.util.test.WatchDog.cancel(): canceling Fri Jun 01 17:20:31 UTC 2018
auto.tcl: Setting watchdog for 200 seconds at Fri Jun 01 17:20:31 UTC 2018
1 ms. Memory: 550400K Free: 533989K (97%)
ptolemy.util.test.WatchDog.cancel(): canceling Fri Jun 01 17:20:31 UTC 2018
------------------ testing $PTII/ptolemy/domains/de/test/auto/ResettableTimer6.xml
auto.tcl: Setting watchdog for 200 seconds at Fri Jun 01 17:20:31 UTC 2018
2 ms. Memory: 549376K Free: 528006K (96%)
ptolemy.util.test.WatchDog.cancel(): canceling Fri Jun 01 17:20:31 UTC 2018
auto.tcl: Setting watchdog for 200 seconds at Fri Jun 01 17:20:31 UTC 2018
2 ms. Memory: 549376K Free: 528006K (96%)
ptolemy.util.test.WatchDog.cancel(): canceling Fri Jun 01 17:20:31 UTC 2018
------------------ testing $PTII/ptolemy/domains/de/test/auto/ServerZeroDelay.xml
auto.tcl: Setting watchdog for 200 seconds at Fri Jun 01 17:20:31 UTC 2018
3 ms. Memory: 550400K Free: 533930K (97%)
ptolemy.util.test.WatchDog.cancel(): canceling Fri Jun 01 17:20:31 UTC 2018
auto.tcl: Setting watchdog for 200 seconds at Fri Jun 01 17:20:31 UTC 2018
3 ms. Memory: 550400K Free: 533930K (97%)
ptolemy.util.test.WatchDog.cancel(): canceling Fri Jun 01 17:20:31 UTC 2018
------------------ testing $PTII/ptolemy/domains/de/test/auto/SmartSender.xml
auto.tcl: Setting watchdog for 200 seconds at Fri Jun 01 17:20:31 UTC 2018
3003 ms. Memory: 549376K Free: 528221K (96%)
ptolemy.util.test.WatchDog.cancel(): canceling Fri Jun 01 17:20:34 UTC 2018
auto.tcl: Setting watchdog for 200 seconds at Fri Jun 01 17:20:34 UTC 2018
3003 ms. Memory: 549376K Free: 528221K (96%)
ptolemy.util.test.WatchDog.cancel(): canceling Fri Jun 01 17:20:37 UTC 2018
------------------ testing $PTII/ptolemy/domains/de/test/auto/ThreadedComposite.xml
auto.tcl: Setting watchdog for 200 seconds at Fri Jun 01 17:20:37 UTC 2018
258 ms. Memory: 550400K Free: 512973K (93%)
ptolemy.util.test.WatchDog.cancel(): canceling Fri Jun 01 17:20:37 UTC 2018
auto.tcl: Setting watchdog for 200 seconds at Fri Jun 01 17:20:37 UTC 2018
148 ms. Memory: 550400K Free: 496917K (90%)
ptolemy.util.test.WatchDog.cancel(): canceling Fri Jun 01 17:20:37 UTC 2018
------------------ testing $PTII/ptolemy/domains/de/test/auto/Time.xml
auto.tcl: Setting watchdog for 200 seconds at Fri Jun 01 17:20:37 UTC 2018
513 ms. Memory: 549376K Free: 480918K (88%)
ptolemy.util.test.WatchDog.cancel(): canceling Fri Jun 01 17:20:38 UTC 2018
auto.tcl: Setting watchdog for 200 seconds at Fri Jun 01 17:20:38 UTC 2018
490 ms. Memory: 549376K Free: 427346K (78%)
ptolemy.util.test.WatchDog.cancel(): canceling Fri Jun 01 17:20:38 UTC 2018
------------------ testing $PTII/ptolemy/domains/de/test/auto/TimeDelayZeroDelay.xml
auto.tcl: Setting watchdog for 200 seconds at Fri Jun 01 17:20:38 UTC 2018
3 ms. Memory: 550400K Free: 533616K (97%)
ptolemy.util.test.WatchDog.cancel(): canceling Fri Jun 01 17:20:38 UTC 2018
auto.tcl: Setting watchdog for 200 seconds at Fri Jun 01 17:20:38 UTC 2018
3 ms. Memory: 550400K Free: 533616K (97%)
ptolemy.util.test.WatchDog.cancel(): canceling Fri Jun 01 17:20:38 UTC 2018
------------------ testing $PTII/ptolemy/domains/de/test/auto/TimerZeroDelay.xml
auto.tcl: Setting watchdog for 200 seconds at Fri Jun 01 17:20:39 UTC 2018
4 ms. Memory: 549376K Free: 532866K (97%)
ptolemy.util.test.WatchDog.cancel(): canceling Fri Jun 01 17:20:39 UTC 2018
auto.tcl: Setting watchdog for 200 seconds at Fri Jun 01 17:20:39 UTC 2018
2 ms. Memory: 549376K Free: 532866K (97%)
ptolemy.util.test.WatchDog.cancel(): canceling Fri Jun 01 17:20:39 UTC 2018
------------------ testing $PTII/ptolemy/domains/de/test/auto/TimingParadox.xml
auto.tcl: Setting watchdog for 200 seconds at Fri Jun 01 17:20:39 UTC 2018
351 ms. Memory: 549888K Free: 466907K (85%)
ptolemy.util.test.WatchDog.cancel(): canceling Fri Jun 01 17:20:39 UTC 2018
auto.tcl: Setting watchdog for 200 seconds at Fri Jun 01 17:20:39 UTC 2018
331 ms. Memory: 549888K Free: 433424K (79%)
ptolemy.util.test.WatchDog.cancel(): canceling Fri Jun 01 17:20:39 UTC 2018
------------------ testing $PTII/ptolemy/domains/de/test/auto/TransferInputs.xml
auto.tcl: Setting watchdog for 200 seconds at Fri Jun 01 17:20:39 UTC 2018
2 ms. Memory: 549888K Free: 532281K (97%)
ptolemy.util.test.WatchDog.cancel(): canceling Fri Jun 01 17:20:39 UTC 2018
auto.tcl: Setting watchdog for 200 seconds at Fri Jun 01 17:20:39 UTC 2018
2 ms. Memory: 549888K Free: 532281K (97%)
ptolemy.util.test.WatchDog.cancel(): canceling Fri Jun 01 17:20:39 UTC 2018
------------------ testing $PTII/ptolemy/domains/de/test/auto/TransferOutputs2.xml
auto.tcl: Setting watchdog for 200 seconds at Fri Jun 01 17:20:40 UTC 2018
3 ms. Memory: 549376K Free: 521495K (95%)
ptolemy.util.test.WatchDog.cancel(): canceling Fri Jun 01 17:20:40 UTC 2018
auto.tcl: Setting watchdog for 200 seconds at Fri Jun 01 17:20:40 UTC 2018
3 ms. Memory: 549376K Free: 521495K (95%)
ptolemy.util.test.WatchDog.cancel(): canceling Fri Jun 01 17:20:40 UTC 2018
------------------ testing $PTII/ptolemy/domains/de/test/auto/Trilateration.xml
auto.tcl: Setting watchdog for 200 seconds at Fri Jun 01 17:20:40 UTC 2018
15264 ms. Memory: 766976K Free: 188573K (25%)
ptolemy.util.test.WatchDog.cancel(): canceling Fri Jun 01 17:20:56 UTC 2018
auto.tcl: Setting watchdog for 200 seconds at Fri Jun 01 17:20:56 UTC 2018
11997 ms. Memory: 623104K Free: 575556K (92%)
ptolemy.util.test.WatchDog.cancel(): canceling Fri Jun 01 17:21:08 UTC 2018
------------------ testing $PTII/ptolemy/domains/de/test/auto/TwoSigmaDelta.xml
auto.tcl: Setting watchdog for 200 seconds at Fri Jun 01 17:21:08 UTC 2018
2838 ms. Memory: 619520K Free: 324977K (52%)
ptolemy.util.test.WatchDog.cancel(): canceling Fri Jun 01 17:21:11 UTC 2018
auto.tcl: Setting watchdog for 200 seconds at Fri Jun 01 17:21:11 UTC 2018
2134 ms. Memory: 619520K Free: 97181K (16%)
ptolemy.util.test.WatchDog.cancel(): canceling Fri Jun 01 17:21:13 UTC 2018
------------------ testing $PTII/ptolemy/domains/de/test/auto/VariableDelay.xml
auto.tcl: Setting watchdog for 200 seconds at Fri Jun 01 17:21:13 UTC 2018
2 ms. Memory: 623104K Free: 598340K (96%)
ptolemy.util.test.WatchDog.cancel(): canceling Fri Jun 01 17:21:13 UTC 2018
auto.tcl: Setting watchdog for 200 seconds at Fri Jun 01 17:21:13 UTC 2018
2 ms. Memory: 623104K Free: 598340K (96%)
ptolemy.util.test.WatchDog.cancel(): canceling Fri Jun 01 17:21:13 UTC 2018
------------------ testing $PTII/ptolemy/domains/de/test/auto/VariableDelay2.xml
auto.tcl: Setting watchdog for 200 seconds at Fri Jun 01 17:21:13 UTC 2018
5 ms. Memory: 619520K Free: 600582K (97%)
ptolemy.util.test.WatchDog.cancel(): canceling Fri Jun 01 17:21:13 UTC 2018
auto.tcl: Setting watchdog for 200 seconds at Fri Jun 01 17:21:13 UTC 2018
3 ms. Memory: 619520K Free: 600582K (97%)
ptolemy.util.test.WatchDog.cancel(): canceling Fri Jun 01 17:21:13 UTC 2018
------------------ testing $PTII/ptolemy/domains/de/test/auto/VariableDelayZeroDelay.xml
auto.tcl: Setting watchdog for 200 seconds at Fri Jun 01 17:21:14 UTC 2018
7 ms. Memory: 622592K Free: 598272K (96%)
ptolemy.util.test.WatchDog.cancel(): canceling Fri Jun 01 17:21:14 UTC 2018
auto.tcl: Setting watchdog for 200 seconds at Fri Jun 01 17:21:14 UTC 2018
3 ms. Memory: 622592K Free: 598272K (96%)
ptolemy.util.test.WatchDog.cancel(): canceling Fri Jun 01 17:21:14 UTC 2018
------------------ testing $PTII/ptolemy/domains/de/test/auto/VariableDelayZeroDelay2.xml
auto.tcl: Setting watchdog for 200 seconds at Fri Jun 01 17:21:14 UTC 2018
2 ms. Memory: 619520K Free: 595198K (96%)
ptolemy.util.test.WatchDog.cancel(): canceling Fri Jun 01 17:21:14 UTC 2018
auto.tcl: Setting watchdog for 200 seconds at Fri Jun 01 17:21:14 UTC 2018
2 ms. Memory: 619520K Free: 595198K (96%)
ptolemy.util.test.WatchDog.cancel(): canceling Fri Jun 01 17:21:14 UTC 2018
------------------ testing $PTII/ptolemy/domains/de/test/auto/deInCt.xml
auto.tcl: Setting watchdog for 200 seconds at Fri Jun 01 17:21:14 UTC 2018
0
1
1
1
1
0
0
0
1
1
1
0
0
0
0
1
1
0
0
0
0
1
1
0
0
1
1
1
0
0
0
0
1
1
1
0
0
0
0
1
1
1
0
0
0
0
17 ms. Memory: 622080K Free: 597725K (96%)
ptolemy.util.test.WatchDog.cancel(): canceling Fri Jun 01 17:21:14 UTC 2018
auto.tcl: Setting watchdog for 200 seconds at Fri Jun 01 17:21:14 UTC 2018
0
1
1
0
0
1
1
1
0
0
0
0
0
1
1
1
0
0
0
1
1
1
0
0
0
1
1
1
1
1
1
0
0
0
1
1
1
0
0
1
1
1
1
10 ms. Memory: 622080K Free: 597725K (96%)
ptolemy.util.test.WatchDog.cancel(): canceling Fri Jun 01 17:21:14 UTC 2018
------------------ testing $PTII/ptolemy/domains/de/test/auto/deInCt2.xml
auto.tcl: Setting watchdog for 200 seconds at Fri Jun 01 17:21:14 UTC 2018
0
1
1
1
0
0
1
1
1
0
0
1
1
1
0
0
1
1
1
0
0
1
1
1
0
0
1
1
1
0
0
1
1
1
0
0
1
1
1
0
0
0
17 ms. Memory: 619520K Free: 595164K (96%)
ptolemy.util.test.WatchDog.cancel(): canceling Fri Jun 01 17:21:14 UTC 2018
auto.tcl: Setting watchdog for 200 seconds at Fri Jun 01 17:21:14 UTC 2018
0
1
1
1
0
0
1
1
1
0
0
1
1
1
0
0
1
1
1
0
0
1
1
1
0
0
1
1
1
0
0
1
1
1
0
0
1
1
1
0
0
0
5 ms. Memory: 619520K Free: 595164K (96%)
ptolemy.util.test.WatchDog.cancel(): canceling Fri Jun 01 17:21:14 UTC 2018
------------------ testing $PTII/ptolemy/domains/de/test/auto/dynamicCausalityInterface1.xml
auto.tcl: Setting watchdog for 200 seconds at Fri Jun 01 17:21:14 UTC 2018
2 ms. Memory: 621568K Free: 594335K (96%)
ptolemy.util.test.WatchDog.cancel(): canceling Fri Jun 01 17:21:14 UTC 2018
auto.tcl: Setting watchdog for 200 seconds at Fri Jun 01 17:21:14 UTC 2018
1 ms. Memory: 621568K Free: 594335K (96%)
ptolemy.util.test.WatchDog.cancel(): canceling Fri Jun 01 17:21:14 UTC 2018
------------------ testing $PTII/ptolemy/domains/de/test/auto/fsm_de_test.xml
auto.tcl: Setting watchdog for 200 seconds at Fri Jun 01 17:21:14 UTC 2018
9 ms. Memory: 619520K Free: 595086K (96%)
ptolemy.util.test.WatchDog.cancel(): canceling Fri Jun 01 17:21:14 UTC 2018
auto.tcl: Setting watchdog for 200 seconds at Fri Jun 01 17:21:14 UTC 2018
6 ms. Memory: 619520K Free: 586785K (95%)
ptolemy.util.test.WatchDog.cancel(): canceling Fri Jun 01 17:21:14 UTC 2018
------------------ testing $PTII/ptolemy/domains/de/test/auto/functionDependencyReconstruction.xml
auto.tcl: Setting watchdog for 200 seconds at Fri Jun 01 17:21:14 UTC 2018
3 ms. Memory: 621568K Free: 588824K (95%)
ptolemy.util.test.WatchDog.cancel(): canceling Fri Jun 01 17:21:14 UTC 2018
auto.tcl: Setting watchdog for 200 seconds at Fri Jun 01 17:21:14 UTC 2018
3 ms. Memory: 621568K Free: 580532K (93%)
ptolemy.util.test.WatchDog.cancel(): canceling Fri Jun 01 17:21:14 UTC 2018
------------------ testing $PTII/ptolemy/domains/de/test/auto/multirate.xml
auto.tcl: Setting watchdog for 200 seconds at Fri Jun 01 17:21:14 UTC 2018
4 ms. Memory: 619520K Free: 594953K (96%)
ptolemy.util.test.WatchDog.cancel(): canceling Fri Jun 01 17:21:14 UTC 2018
auto.tcl: Setting watchdog for 200 seconds at Fri Jun 01 17:21:14 UTC 2018
4 ms. Memory: 619520K Free: 594953K (96%)
ptolemy.util.test.WatchDog.cancel(): canceling Fri Jun 01 17:21:14 UTC 2018
------------------ testing $PTII/ptolemy/domains/de/test/auto/multirate2.xml
auto.tcl: Setting watchdog for 200 seconds at Fri Jun 01 17:21:14 UTC 2018
5 ms. Memory: 621056K Free: 596677K (96%)
ptolemy.util.test.WatchDog.cancel(): canceling Fri Jun 01 17:21:14 UTC 2018
auto.tcl: Setting watchdog for 200 seconds at Fri Jun 01 17:21:14 UTC 2018
3 ms. Memory: 621056K Free: 596677K (96%)
ptolemy.util.test.WatchDog.cancel(): canceling Fri Jun 01 17:21:14 UTC 2018
------------------ testing $PTII/ptolemy/domains/de/test/auto/realtime.xml
auto.tcl: Setting watchdog for 200 seconds at Fri Jun 01 17:21:14 UTC 2018
10005 ms. Memory: 619520K Free: 595109K (96%)
ptolemy.util.test.WatchDog.cancel(): canceling Fri Jun 01 17:21:24 UTC 2018
auto.tcl: Setting watchdog for 200 seconds at Fri Jun 01 17:21:24 UTC 2018
10001 ms. Memory: 619520K Free: 595109K (96%)
ptolemy.util.test.WatchDog.cancel(): canceling Fri Jun 01 17:21:34 UTC 2018
------------------ testing $PTII/ptolemy/domains/de/test/auto/relationGroup.xml
auto.tcl: Setting watchdog for 200 seconds at Fri Jun 01 17:21:34 UTC 2018
7 ms. Memory: 621056K Free: 596702K (96%)
ptolemy.util.test.WatchDog.cancel(): canceling Fri Jun 01 17:21:34 UTC 2018
auto.tcl: Setting watchdog for 200 seconds at Fri Jun 01 17:21:34 UTC 2018
2 ms. Memory: 621056K Free: 596702K (96%)
ptolemy.util.test.WatchDog.cancel(): canceling Fri Jun 01 17:21:34 UTC 2018
------------------ testing $PTII/ptolemy/domains/de/test/auto/relationGroup2.xml
auto.tcl: Setting watchdog for 200 seconds at Fri Jun 01 17:21:35 UTC 2018
2 ms. Memory: 619520K Free: 595192K (96%)
ptolemy.util.test.WatchDog.cancel(): canceling Fri Jun 01 17:21:35 UTC 2018
auto.tcl: Setting watchdog for 200 seconds at Fri Jun 01 17:21:35 UTC 2018
2 ms. Memory: 619520K Free: 595192K (96%)
ptolemy.util.test.WatchDog.cancel(): canceling Fri Jun 01 17:21:35 UTC 2018
------------------ testing $PTII/ptolemy/domains/de/test/auto/sortWithOpaquePorts.xml
auto.tcl: Setting watchdog for 200 seconds at Fri Jun 01 17:21:35 UTC 2018
2 ms. Memory: 620544K Free: 596216K (96%)
ptolemy.util.test.WatchDog.cancel(): canceling Fri Jun 01 17:21:35 UTC 2018
auto.tcl: Setting watchdog for 200 seconds at Fri Jun 01 17:21:35 UTC 2018
1 ms. Memory: 620544K Free: 596216K (96%)
ptolemy.util.test.WatchDog.cancel(): canceling Fri Jun 01 17:21:35 UTC 2018
------------------ testing $PTII/ptolemy/domains/de/test/auto/transferInputsandOutputs.xml
auto.tcl: Setting watchdog for 200 seconds at Fri Jun 01 17:21:35 UTC 2018
3 ms. Memory: 619520K Free: 595179K (96%)
ptolemy.util.test.WatchDog.cancel(): canceling Fri Jun 01 17:21:35 UTC 2018
auto.tcl: Setting watchdog for 200 seconds at Fri Jun 01 17:21:35 UTC 2018
2 ms. Memory: 619520K Free: 595179K (96%)
ptolemy.util.test.WatchDog.cancel(): canceling Fri Jun 01 17:21:35 UTC 2018
------------------ testing $PTII/ptolemy/domains/de/test/auto/triggerType.xml
auto.tcl: Setting watchdog for 200 seconds at Fri Jun 01 17:21:35 UTC 2018
2 ms. Memory: 620544K Free: 596152K (96%)
ptolemy.util.test.WatchDog.cancel(): canceling Fri Jun 01 17:21:35 UTC 2018
auto.tcl: Setting watchdog for 200 seconds at Fri Jun 01 17:21:35 UTC 2018
2 ms. Memory: 620544K Free: 596152K (96%)
ptolemy.util.test.WatchDog.cancel(): canceling Fri Jun 01 17:21:35 UTC 2018
06/01/18 05:21:35
Failed: 0  Total Tests: 192  ((Passed: 187, Newly Passed: 1)  Known Failed: 5) /home/travis/build/icyphy/ptII/ptolemy/domains/de/test
06/01/18 05:21:35
Failed: 0  Total Tests: 192  ((Passed: 187, Newly Passed: 1)  Known Failed: 5) /home/travis/build/icyphy/ptII/ptolemy/domains/de/test
----------------- testing (KnownFailure) /home/travis/build/icyphy/ptII/ptolemy/domains/de/test/auto/knownFailedTests/DESDFClockTest.xml
2018 ms. Memory: 619520K Free: 584389K (94%)
Known Failure: java.lang.reflect.InvocationTargetException
----------------- testing (KnownFailure) /home/travis/build/icyphy/ptII/ptolemy/domains/de/test/auto/knownFailedTests/DirectFeedback.xml
1 ms. Memory: 619520K Free: 541340K (87%)
Known Failure: java.lang.reflect.InvocationTargetException
----------------- testing (KnownFailure) /home/travis/build/icyphy/ptII/ptolemy/domains/de/test/auto/knownFailedTests/FSMSource.xml
6 ms. Memory: 619520K Free: 498291K (80%)
----------------- testing (KnownFailure) /home/travis/build/icyphy/ptII/ptolemy/domains/de/test/auto/knownFailedTests/HierarchicalModel.xml
3 ms. Memory: 619520K Free: 465988K (75%)
Known Failure: java.lang.reflect.InvocationTargetException
----------------- testing (KnownFailure) /home/travis/build/icyphy/ptII/ptolemy/domains/de/test/auto/knownFailedTests/dependencyLoop.xml
2 ms. Memory: 619520K Free: 412161K (67%)
Known Failure: java.lang.reflect.InvocationTargetException
----------------- testing (KnownFailure) /home/travis/build/icyphy/ptII/ptolemy/domains/de/test/auto/knownFailedTests/dependencyLoop2.xml
6 ms. Memory: 619520K Free: 358341K (58%)
Known Failure: java.lang.reflect.InvocationTargetException
No auto/linux-amd64/*.xml tests in /home/travis/build/icyphy/ptII/ptolemy/domains/de/test
AutoTests.java: About to close Vertx.
AutoTests.java: Vertx closed.

===========================================================================================
----------------- testing Fri Jun 01 17:21:37 UTC 2018 /home/travis/build/icyphy/ptII/ptolemy/domains/de/test/auto/ActorDepthCalculation_actorWithoutPorts.xml
----------------- Instantiating /home/travis/build/icyphy/ptII/ptolemy/domains/de/test/auto/ActorDepthCalculation_actorWithoutPorts.xml
2 ms. Memory: 619520K Free: 304530K (49%)
----------------- Invoking toplevel() on ptolemy.moml.MoMLSimpleApplication@66157474
----------------- Done invoking toplevel() on ptolemy.moml.MoMLSimpleApplication@66157474
reloadAllAccessors: .ActorDepthCalculation_actorWithoutPorts

===========================================================================================
----------------- testing Fri Jun 01 17:21:37 UTC 2018 /home/travis/build/icyphy/ptII/ptolemy/domains/de/test/auto/AssemblyLine.xml
----------------- Instantiating /home/travis/build/icyphy/ptII/ptolemy/domains/de/test/auto/AssemblyLine.xml
2 ms. Memory: 619520K Free: 283005K (46%)
----------------- Invoking toplevel() on ptolemy.moml.MoMLSimpleApplication@6d500058
----------------- Done invoking toplevel() on ptolemy.moml.MoMLSimpleApplication@6d500058
reloadAllAccessors: .AssemblyLine

===========================================================================================
----------------- testing Fri Jun 01 17:21:37 UTC 2018 /home/travis/build/icyphy/ptII/ptolemy/domains/de/test/auto/CQBug1.xml
----------------- Instantiating /home/travis/build/icyphy/ptII/ptolemy/domains/de/test/auto/CQBug1.xml
1 ms. Memory: 619520K Free: 261481K (42%)
----------------- Invoking toplevel() on ptolemy.moml.MoMLSimpleApplication@67ec3517
----------------- Done invoking toplevel() on ptolemy.moml.MoMLSimpleApplication@67ec3517
reloadAllAccessors: .CQBug1

===========================================================================================
----------------- testing Fri Jun 01 17:21:37 UTC 2018 /home/travis/build/icyphy/ptII/ptolemy/domains/de/test/auto/CancelFireAt.xml
----------------- Instantiating /home/travis/build/icyphy/ptII/ptolemy/domains/de/test/auto/CancelFireAt.xml
4 ms. Memory: 619520K Free: 239956K (39%)
----------------- Invoking toplevel() on ptolemy.moml.MoMLSimpleApplication@73754903
----------------- Done invoking toplevel() on ptolemy.moml.MoMLSimpleApplication@73754903
reloadAllAccessors: .CancelFireAt

===========================================================================================
----------------- testing Fri Jun 01 17:21:37 UTC 2018 /home/travis/build/icyphy/ptII/ptolemy/domains/de/test/auto/CausalityAndComposabilityAnalysis.xml
----------------- Instantiating /home/travis/build/icyphy/ptII/ptolemy/domains/de/test/auto/CausalityAndComposabilityAnalysis.xml
1 ms. Memory: 619520K Free: 218432K (35%)
----------------- Invoking toplevel() on ptolemy.moml.MoMLSimpleApplication@5ad775d0
----------------- Done invoking toplevel() on ptolemy.moml.MoMLSimpleApplication@5ad775d0
reloadAllAccessors: .CausalityAndComposabilityAnalysis

===========================================================================================
----------------- testing Fri Jun 01 17:21:37 UTC 2018 /home/travis/build/icyphy/ptII/ptolemy/domains/de/test/auto/CausalityInterface1.xml
----------------- Instantiating /home/travis/build/icyphy/ptII/ptolemy/domains/de/test/auto/CausalityInterface1.xml
6 ms. Memory: 619520K Free: 196907K (32%)
----------------- Invoking toplevel() on ptolemy.moml.MoMLSimpleApplication@136a1232
----------------- Done invoking toplevel() on ptolemy.moml.MoMLSimpleApplication@136a1232
reloadAllAccessors: .CausalityInterface1

===========================================================================================
----------------- testing Fri Jun 01 17:21:37 UTC 2018 /home/travis/build/icyphy/ptII/ptolemy/domains/de/test/auto/CausalityInterface15.xml
----------------- Instantiating /home/travis/build/icyphy/ptII/ptolemy/domains/de/test/auto/CausalityInterface15.xml
2 ms. Memory: 619520K Free: 175383K (28%)
----------------- Invoking toplevel() on ptolemy.moml.MoMLSimpleApplication@24fbf65e
----------------- Done invoking toplevel() on ptolemy.moml.MoMLSimpleApplication@24fbf65e
reloadAllAccessors: .CausalityInterface15

[...]
java.lang.RuntimeException: Execution failed
	at ptolemy.moml.MoMLSimpleApplication$UnloadThread.run(MoMLSimpleApplication.java:402)
Caused by: ptolemy.kernel.util.IllegalActionException: Test fails in iteration 1.
Value was: 1.0. Should have been: 2.0
  in .DirectFeedback.Test
	at ptolemy.actor.lib.Test.fire(Test.java:268)
	at ptolemy.domains.de.kernel.DEDirector._fire(DEDirector.java:1948)
	at ptolemy.domains.de.kernel.DEDirector.fire(DEDirector.java:502)
	at ptolemy.actor.CompositeActor.fire(CompositeActor.java:455)
	at ptolemy.actor.Manager.iterate(Manager.java:851)
	at ptolemy.actor.Manager.execute(Manager.java:369)
	at ptolemy.actor.Manager.run(Manager.java:1263)
	at ptolemy.actor.Manager$PtolemyRunThread.run(Manager.java:1915)
java.lang.RuntimeException: Execution failed
	at ptolemy.moml.MoMLSimpleApplication$UnloadThread.run(MoMLSimpleApplication.java:402)
Caused by: ptolemy.kernel.util.IllegalActionException: Actor is not ready to fire.  Perhaps UpSample.prefire() returned false? Try debugging the actor by selecting "Listen to Actor".  Also, for SDF check moml for tokenConsumptionRate on input.
  in .DESDFClockTest.Play Bell.Copy1:SDF Director and .DESDFClockTest.Play Bell.UpSample
	at ptolemy.actor.sched.StaticSchedulingDirector.fire(StaticSchedulingDirector.java:227)
	at ptolemy.domains.sdf.kernel.SDFDirector.fire(SDFDirector.java:500)
	at ptolemy.actor.CompositeActor.fire(CompositeActor.java:455)
	at ptolemy.domains.de.kernel.DEDirector._fire(DEDirector.java:1948)
	at ptolemy.domains.de.kernel.DEDirector.fire(DEDirector.java:502)
	at ptolemy.actor.CompositeActor.fire(CompositeActor.java:455)
	at ptolemy.actor.Manager.iterate(Manager.java:851)
	at ptolemy.actor.Manager.execute(Manager.java:369)
	at ptolemy.actor.Manager.run(Manager.java:1263)
	at ptolemy.actor.Manager$PtolemyRunThread.run(Manager.java:1915)
java.lang.reflect.InvocationTargetException
	at sun.reflect.NativeConstructorAccessorImpl.newInstance0(Native Method)
	at sun.reflect.NativeConstructorAccessorImpl.newInstance(NativeConstructorAccessorImpl.java:62)
	at sun.reflect.DelegatingConstructorAccessorImpl.newInstance(DelegatingConstructorAccessorImpl.java:45)
	at java.lang.reflect.Constructor.newInstance(Constructor.java:423)
	at ptolemy.util.test.junit.AutoKnownFailedTests.RunModel(AutoKnownFailedTests.java:107)
	at sun.reflect.NativeMethodAccessorImpl.invoke0(Native Method)
	at sun.reflect.NativeMethodAccessorImpl.invoke(NativeMethodAccessorImpl.java:62)
	at sun.reflect.DelegatingMethodAccessorImpl.invoke(DelegatingMethodAccessorImpl.java:43)
	at java.lang.reflect.Method.invoke(Method.java:498)
	at org.junit.runners.model.FrameworkMethod$1.runReflectiveCall(FrameworkMethod.java:44)
	at org.junit.internal.runners.model.ReflectiveCallable.run(ReflectiveCallable.java:15)
	at org.junit.runners.model.FrameworkMethod.invokeExplosively(FrameworkMethod.java:41)
	at junitparams.internal.InvokeParameterisedMethod.evaluate(InvokeParameterisedMethod.java:102)
	at org.junit.internal.runners.statements.FailOnTimeout$1.run(FailOnTimeout.java:28)
Caused by: ptolemy.kernel.util.IllegalActionException: Actor is not ready to fire.  Perhaps UpSample.prefire() returned false? Try debugging the actor by selecting "Listen to Actor".  Also, for SDF check moml for tokenConsumptionRate on input.
  in .DESDFClockTest.Play Bell.Copy1:SDF Director and .DESDFClockTest.Play Bell.UpSample
	at ptolemy.actor.sched.StaticSchedulingDirector.fire(StaticSchedulingDirector.java:227)
	at ptolemy.domains.sdf.kernel.SDFDirector.fire(SDFDirector.java:500)
	at ptolemy.actor.CompositeActor.fire(CompositeActor.java:455)
	at ptolemy.domains.de.kernel.DEDirector._fire(DEDirector.java:1948)
	at ptolemy.domains.de.kernel.DEDirector.fire(DEDirector.java:502)
	at ptolemy.actor.CompositeActor.fire(CompositeActor.java:455)
	at ptolemy.actor.Manager.iterate(Manager.java:851)
	at ptolemy.actor.Manager.execute(Manager.java:369)
	at ptolemy.actor.Manager.run(Manager.java:1263)
	at ptolemy.actor.Manager$PtolemyRunThread.run(Manager.java:1915)
java.lang.RuntimeException: Execution failed
	at ptolemy.moml.MoMLSimpleApplication$UnloadThread.run(MoMLSimpleApplication.java:402)
Caused by: ptolemy.kernel.util.IllegalActionException: Test fails in iteration 1.
Value was: 1.0. Should have been: 2.0
  in .DirectFeedback.Test
	at ptolemy.actor.lib.Test.fire(Test.java:268)
	at ptolemy.domains.de.kernel.DEDirector._fire(DEDirector.java:1948)
	at ptolemy.domains.de.kernel.DEDirector.fire(DEDirector.java:502)
	at ptolemy.actor.CompositeActor.fire(CompositeActor.java:455)
	at ptolemy.actor.Manager.iterate(Manager.java:851)
	at ptolemy.actor.Manager.execute(Manager.java:369)
	at ptolemy.actor.Manager.run(Manager.java:1263)
	at ptolemy.actor.Manager$PtolemyRunThread.run(Manager.java:1915)
java.lang.reflect.InvocationTargetException
	at sun.reflect.NativeConstructorAccessorImpl.newInstance0(Native Method)
	at sun.reflect.NativeConstructorAccessorImpl.newInstance(NativeConstructorAccessorImpl.java:62)
	at sun.reflect.DelegatingConstructorAccessorImpl.newInstance(DelegatingConstructorAccessorImpl.java:45)
	at java.lang.reflect.Constructor.newInstance(Constructor.java:423)
	at ptolemy.util.test.junit.AutoKnownFailedTests.RunModel(AutoKnownFailedTests.java:107)
	at sun.reflect.NativeMethodAccessorImpl.invoke0(Native Method)
	at sun.reflect.NativeMethodAccessorImpl.invoke(NativeMethodAccessorImpl.java:62)
	at sun.reflect.DelegatingMethodAccessorImpl.invoke(DelegatingMethodAccessorImpl.java:43)
	at java.lang.reflect.Method.invoke(Method.java:498)
	at org.junit.runners.model.FrameworkMethod$1.runReflectiveCall(FrameworkMethod.java:44)
	at org.junit.internal.runners.model.ReflectiveCallable.run(ReflectiveCallable.java:15)
	at org.junit.runners.model.FrameworkMethod.invokeExplosively(FrameworkMethod.java:41)
	at junitparams.internal.InvokeParameterisedMethod.evaluate(InvokeParameterisedMethod.java:102)
	at org.junit.internal.runners.statements.FailOnTimeout$1.run(FailOnTimeout.java:28)
Caused by: ptolemy.kernel.util.IllegalActionException: Test fails in iteration 1.
Value was: 1.0. Should have been: 2.0
  in .DirectFeedback.Test
	at ptolemy.actor.lib.Test.fire(Test.java:268)
	at ptolemy.domains.de.kernel.DEDirector._fire(DEDirector.java:1948)
	at ptolemy.domains.de.kernel.DEDirector.fire(DEDirector.java:502)
	at ptolemy.actor.CompositeActor.fire(CompositeActor.java:455)
	at ptolemy.actor.Manager.iterate(Manager.java:851)
	at ptolemy.actor.Manager.execute(Manager.java:369)
	at ptolemy.actor.Manager.run(Manager.java:1263)
	at ptolemy.actor.Manager$PtolemyRunThread.run(Manager.java:1915)
java.lang.RuntimeException: Execution failed
	at ptolemy.moml.MoMLSimpleApplication$UnloadThread.run(MoMLSimpleApplication.java:402)
Caused by: ptolemy.kernel.util.IllegalActionException: Found a zero delay loop containing .HierarchicalModel.A
  in .HierarchicalModel and .HierarchicalModel.A
	at ptolemy.actor.util.CausalityInterfaceForComposites._computeOutputPortDepth(CausalityInterfaceForComposites.java:759)
	at ptolemy.actor.util.CausalityInterfaceForComposites._computeInputDepth(CausalityInterfaceForComposites.java:696)
	at ptolemy.actor.util.CausalityInterfaceForComposites._computeOutputPortDepth(CausalityInterfaceForComposites.java:765)
	at ptolemy.actor.util.CausalityInterfaceForComposites._computeInputDepth(CausalityInterfaceForComposites.java:696)
	at ptolemy.actor.util.CausalityInterfaceForComposites._computeOutputPortDepth(CausalityInterfaceForComposites.java:765)
	at ptolemy.actor.util.CausalityInterfaceForComposites._computeInputDepth(CausalityInterfaceForComposites.java:696)
	at ptolemy.actor.util.CausalityInterfaceForComposites._computeActorDepth(CausalityInterfaceForComposites.java:532)
	at ptolemy.actor.util.CausalityInterfaceForComposites.checkForCycles(CausalityInterfaceForComposites.java:96)
	at ptolemy.domains.de.kernel.DEDirector.preinitialize(DEDirector.java:1337)
	at ptolemy.actor.CompositeActor.preinitialize(CompositeActor.java:1828)
	at ptolemy.actor.Manager.preinitializeAndResolveTypes(Manager.java:1040)
	at ptolemy.actor.Manager.initialize(Manager.java:710)
	at ptolemy.actor.Manager.execute(Manager.java:356)
	at ptolemy.actor.Manager.run(Manager.java:1263)
	at ptolemy.actor.Manager$PtolemyRunThread.run(Manager.java:1915)
java.lang.reflect.InvocationTargetException
	at sun.reflect.NativeConstructorAccessorImpl.newInstance0(Native Method)
	at sun.reflect.NativeConstructorAccessorImpl.newInstance(NativeConstructorAccessorImpl.java:62)
	at sun.reflect.DelegatingConstructorAccessorImpl.newInstance(DelegatingConstructorAccessorImpl.java:45)
	at java.lang.reflect.Constructor.newInstance(Constructor.java:423)
	at ptolemy.util.test.junit.AutoKnownFailedTests.RunModel(AutoKnownFailedTests.java:107)
	at sun.reflect.NativeMethodAccessorImpl.invoke0(Native Method)
	at sun.reflect.NativeMethodAccessorImpl.invoke(NativeMethodAccessorImpl.java:62)
	at sun.reflect.DelegatingMethodAccessorImpl.invoke(DelegatingMethodAccessorImpl.java:43)
	at java.lang.reflect.Method.invoke(Method.java:498)
	at org.junit.runners.model.FrameworkMethod$1.runReflectiveCall(FrameworkMethod.java:44)
	at org.junit.internal.runners.model.ReflectiveCallable.run(ReflectiveCallable.java:15)
	at org.junit.runners.model.FrameworkMethod.invokeExplosively(FrameworkMethod.java:41)
	at junitparams.internal.InvokeParameterisedMethod.evaluate(InvokeParameterisedMethod.java:102)
	at org.junit.internal.runners.statements.FailOnTimeout$1.run(FailOnTimeout.java:28)
Caused by: ptolemy.kernel.util.IllegalActionException: Found a zero delay loop containing .HierarchicalModel.A
  in .HierarchicalModel and .HierarchicalModel.A
	at ptolemy.actor.util.CausalityInterfaceForComposites._computeOutputPortDepth(CausalityInterfaceForComposites.java:759)
	at ptolemy.actor.util.CausalityInterfaceForComposites._computeInputDepth(CausalityInterfaceForComposites.java:696)
	at ptolemy.actor.util.CausalityInterfaceForComposites._computeOutputPortDepth(CausalityInterfaceForComposites.java:765)
	at ptolemy.actor.util.CausalityInterfaceForComposites._computeInputDepth(CausalityInterfaceForComposites.java:696)
	at ptolemy.actor.util.CausalityInterfaceForComposites._computeOutputPortDepth(CausalityInterfaceForComposites.java:765)
	at ptolemy.actor.util.CausalityInterfaceForComposites._computeInputDepth(CausalityInterfaceForComposites.java:696)
	at ptolemy.actor.util.CausalityInterfaceForComposites._computeActorDepth(CausalityInterfaceForComposites.java:532)
	at ptolemy.actor.util.CausalityInterfaceForComposites.checkForCycles(CausalityInterfaceForComposites.java:96)
	at ptolemy.domains.de.kernel.DEDirector.preinitialize(DEDirector.java:1337)
	at ptolemy.actor.CompositeActor.preinitialize(CompositeActor.java:1828)
	at ptolemy.actor.Manager.preinitializeAndResolveTypes(Manager.java:1040)
	at ptolemy.actor.Manager.initialize(Manager.java:710)
	at ptolemy.actor.Manager.execute(Manager.java:356)
	at ptolemy.actor.Manager.run(Manager.java:1263)
	at ptolemy.actor.Manager$PtolemyRunThread.run(Manager.java:1915)
java.lang.RuntimeException: Execution failed
	at ptolemy.moml.MoMLSimpleApplication$UnloadThread.run(MoMLSimpleApplication.java:402)
Caused by: ptolemy.kernel.util.IllegalActionException: Found a zero delay loop containing .dependencyLoop.original
  in .dependencyLoop and .dependencyLoop.original
	at ptolemy.actor.util.CausalityInterfaceForComposites._computeOutputPortDepth(CausalityInterfaceForComposites.java:759)
	at ptolemy.actor.util.CausalityInterfaceForComposites._computeInputDepth(CausalityInterfaceForComposites.java:696)
	at ptolemy.actor.util.CausalityInterfaceForComposites._computeOutputPortDepth(CausalityInterfaceForComposites.java:765)
	at ptolemy.actor.util.CausalityInterfaceForComposites._computeInputDepth(CausalityInterfaceForComposites.java:696)
	at ptolemy.actor.util.CausalityInterfaceForComposites._computeOutputPortDepth(CausalityInterfaceForComposites.java:765)
	at ptolemy.actor.util.CausalityInterfaceForComposites._computeInputDepth(CausalityInterfaceForComposites.java:696)
	at ptolemy.actor.util.CausalityInterfaceForComposites._computeActorDepth(CausalityInterfaceForComposites.java:532)
	at ptolemy.actor.util.CausalityInterfaceForComposites.checkForCycles(CausalityInterfaceForComposites.java:96)
	at ptolemy.domains.de.kernel.DEDirector.preinitialize(DEDirector.java:1337)
	at ptolemy.actor.CompositeActor.preinitialize(CompositeActor.java:1828)
	at ptolemy.actor.Manager.preinitializeAndResolveTypes(Manager.java:1040)
	at ptolemy.actor.Manager.initialize(Manager.java:710)
	at ptolemy.actor.Manager.execute(Manager.java:356)
	at ptolemy.actor.Manager.run(Manager.java:1263)
	at ptolemy.actor.Manager$PtolemyRunThread.run(Manager.java:1915)
java.lang.reflect.InvocationTargetException
	at sun.reflect.NativeConstructorAccessorImpl.newInstance0(Native Method)
	at sun.reflect.NativeConstructorAccessorImpl.newInstance(NativeConstructorAccessorImpl.java:62)
	at sun.reflect.DelegatingConstructorAccessorImpl.newInstance(DelegatingConstructorAccessorImpl.java:45)
	at java.lang.reflect.Constructor.newInstance(Constructor.java:423)
	at ptolemy.util.test.junit.AutoKnownFailedTests.RunModel(AutoKnownFailedTests.java:107)
	at sun.reflect.NativeMethodAccessorImpl.invoke0(Native Method)
	at sun.reflect.NativeMethodAccessorImpl.invoke(NativeMethodAccessorImpl.java:62)
	at sun.reflect.DelegatingMethodAccessorImpl.invoke(DelegatingMethodAccessorImpl.java:43)
	at java.lang.reflect.Method.invoke(Method.java:498)
	at org.junit.runners.model.FrameworkMethod$1.runReflectiveCall(FrameworkMethod.java:44)
	at org.junit.internal.runners.model.ReflectiveCallable.run(ReflectiveCallable.java:15)
	at org.junit.runners.model.FrameworkMethod.invokeExplosively(FrameworkMethod.java:41)
	at junitparams.internal.InvokeParameterisedMethod.evaluate(InvokeParameterisedMethod.java:102)
	at org.junit.internal.runners.statements.FailOnTimeout$1.run(FailOnTimeout.java:28)
Caused by: ptolemy.kernel.util.IllegalActionException: Found a zero delay loop containing .dependencyLoop.original
  in .dependencyLoop and .dependencyLoop.original
	at ptolemy.actor.util.CausalityInterfaceForComposites._computeOutputPortDepth(CausalityInterfaceForComposites.java:759)
	at ptolemy.actor.util.CausalityInterfaceForComposites._computeInputDepth(CausalityInterfaceForComposites.java:696)
	at ptolemy.actor.util.CausalityInterfaceForComposites._computeOutputPortDepth(CausalityInterfaceForComposites.java:765)
	at ptolemy.actor.util.CausalityInterfaceForComposites._computeInputDepth(CausalityInterfaceForComposites.java:696)
	at ptolemy.actor.util.CausalityInterfaceForComposites._computeOutputPortDepth(CausalityInterfaceForComposites.java:765)
	at ptolemy.actor.util.CausalityInterfaceForComposites._computeInputDepth(CausalityInterfaceForComposites.java:696)
	at ptolemy.actor.util.CausalityInterfaceForComposites._computeActorDepth(CausalityInterfaceForComposites.java:532)
	at ptolemy.actor.util.CausalityInterfaceForComposites.checkForCycles(CausalityInterfaceForComposites.java:96)
	at ptolemy.domains.de.kernel.DEDirector.preinitialize(DEDirector.java:1337)
	at ptolemy.actor.CompositeActor.preinitialize(CompositeActor.java:1828)
	at ptolemy.actor.Manager.preinitializeAndResolveTypes(Manager.java:1040)
	at ptolemy.actor.Manager.initialize(Manager.java:710)
	at ptolemy.actor.Manager.execute(Manager.java:356)
	at ptolemy.actor.Manager.run(Manager.java:1263)
	at ptolemy.actor.Manager$PtolemyRunThread.run(Manager.java:1915)
java.lang.RuntimeException: Execution failed
	at ptolemy.moml.MoMLSimpleApplication$UnloadThread.run(MoMLSimpleApplication.java:402)
Caused by: ptolemy.kernel.util.IllegalActionException: Found a zero delay loop containing .dependencyLoop2.original
  in .dependencyLoop2 and .dependencyLoop2.original
	at ptolemy.actor.util.CausalityInterfaceForComposites._computeOutputPortDepth(CausalityInterfaceForComposites.java:759)
	at ptolemy.actor.util.CausalityInterfaceForComposites._computeInputDepth(CausalityInterfaceForComposites.java:696)
	at ptolemy.actor.util.CausalityInterfaceForComposites._computeOutputPortDepth(CausalityInterfaceForComposites.java:765)
	at ptolemy.actor.util.CausalityInterfaceForComposites._computeInputDepth(CausalityInterfaceForComposites.java:696)
	at ptolemy.actor.util.CausalityInterfaceForComposites._computeOutputPortDepth(CausalityInterfaceForComposites.java:765)
	at ptolemy.actor.util.CausalityInterfaceForComposites._computeInputDepth(CausalityInterfaceForComposites.java:696)
	at ptolemy.actor.util.CausalityInterfaceForComposites._computeActorDepth(CausalityInterfaceForComposites.java:532)
	at ptolemy.actor.util.CausalityInterfaceForComposites.checkForCycles(CausalityInterfaceForComposites.java:96)
	at ptolemy.domains.de.kernel.DEDirector.preinitialize(DEDirector.java:1337)
	at ptolemy.actor.CompositeActor.preinitialize(CompositeActor.java:1828)
	at ptolemy.actor.Manager.preinitializeAndResolveTypes(Manager.java:1040)
	at ptolemy.actor.Manager.initialize(Manager.java:710)
	at ptolemy.actor.Manager.execute(Manager.java:356)
	at ptolemy.actor.Manager.run(Manager.java:1263)
	at ptolemy.actor.Manager$PtolemyRunThread.run(Manager.java:1915)
java.lang.reflect.InvocationTargetException
	at sun.reflect.NativeConstructorAccessorImpl.newInstance0(Native Method)
	at sun.reflect.NativeConstructorAccessorImpl.newInstance(NativeConstructorAccessorImpl.java:62)
	at sun.reflect.DelegatingConstructorAccessorImpl.newInstance(DelegatingConstructorAccessorImpl.java:45)
	at java.lang.reflect.Constructor.newInstance(Constructor.java:423)
	at ptolemy.util.test.junit.AutoKnownFailedTests.RunModel(AutoKnownFailedTests.java:107)
	at sun.reflect.NativeMethodAccessorImpl.invoke0(Native Method)
	at sun.reflect.NativeMethodAccessorImpl.invoke(NativeMethodAccessorImpl.java:62)
	at sun.reflect.DelegatingMethodAccessorImpl.invoke(DelegatingMethodAccessorImpl.java:43)
	at java.lang.reflect.Method.invoke(Method.java:498)
	at org.junit.runners.model.FrameworkMethod$1.runReflectiveCall(FrameworkMethod.java:44)
	at org.junit.internal.runners.model.ReflectiveCallable.run(ReflectiveCallable.java:15)
	at org.junit.runners.model.FrameworkMethod.invokeExplosively(FrameworkMethod.java:41)
	at junitparams.internal.InvokeParameterisedMethod.evaluate(InvokeParameterisedMethod.java:102)
	at org.junit.internal.runners.statements.FailOnTimeout$1.run(FailOnTimeout.java:28)
Caused by: ptolemy.kernel.util.IllegalActionException: Found a zero delay loop containing .dependencyLoop2.original
  in .dependencyLoop2 and .dependencyLoop2.original
	at ptolemy.actor.util.CausalityInterfaceForComposites._computeOutputPortDepth(CausalityInterfaceForComposites.java:759)
	at ptolemy.actor.util.CausalityInterfaceForComposites._computeInputDepth(CausalityInterfaceForComposites.java:696)
	at ptolemy.actor.util.CausalityInterfaceForComposites._computeOutputPortDepth(CausalityInterfaceForComposites.java:765)
	at ptolemy.actor.util.CausalityInterfaceForComposites._computeInputDepth(CausalityInterfaceForComposites.java:696)
	at ptolemy.actor.util.CausalityInterfaceForComposites._computeOutputPortDepth(CausalityInterfaceForComposites.java:765)
	at ptolemy.actor.util.CausalityInterfaceForComposites._computeInputDepth(CausalityInterfaceForComposites.java:696)
	at ptolemy.actor.util.CausalityInterfaceForComposites._computeActorDepth(CausalityInterfaceForComposites.java:532)
	at ptolemy.actor.util.CausalityInterfaceForComposites.checkForCycles(CausalityInterfaceForComposites.java:96)
	at ptolemy.domains.de.kernel.DEDirector.preinitialize(DEDirector.java:1337)
	at ptolemy.actor.CompositeActor.preinitialize(CompositeActor.java:1828)
	at ptolemy.actor.Manager.preinitializeAndResolveTypes(Manager.java:1040)
	at ptolemy.actor.Manager.initialize(Manager.java:710)
	at ptolemy.actor.Manager.execute(Manager.java:356)
	at ptolemy.actor.Manager.run(Manager.java:1263)
	at ptolemy.actor.Manager$PtolemyRunThread.run(Manager.java:1915)
]]></system-err>
</testsuite>
