<?xml version="1.0" encoding="UTF-8" ?>
<testsuite errors="0" failures="0" hostname="travis-job-5c6f0007-fbca-45cf-bb71-0b7381532b03" name="ptolemy.domains.de.test.junit.JUnitTclTest" skipped="0" tests="101" time="129.361" timestamp="2018-05-06T01:02:10">
  <properties>
[...]
</properties>
  <testcase classname="ptolemy.util.test.junit.TclTests" name="[0] /home/travis/build/icyphy/ptII/ptolemy/domains/de/test/DependencyLoop.tcl (RunTclFile)" time="0.722" />
  <testcase classname="ptolemy.util.test.junit.TclTests" name="[1] /home/travis/build/icyphy/ptII/ptolemy/domains/de/test/RunDETestsAsQSS.tcl (RunTclFile)" time="88.305" />
  <testcase classname="ptolemy.util.test.junit.AutoKnownFailedTests" name="[0] /home/travis/build/icyphy/ptII/ptolemy/domains/de/test/auto/knownFailedTests/DESDFClockTest.xml (RunModel)" time="2.03" />
  <testcase classname="ptolemy.util.test.junit.AutoKnownFailedTests" name="[1] /home/travis/build/icyphy/ptII/ptolemy/domains/de/test/auto/knownFailedTests/DirectFeedback.xml (RunModel)" time="0.01" />
  <testcase classname="ptolemy.util.test.junit.AutoKnownFailedTests" name="[2] /home/travis/build/icyphy/ptII/ptolemy/domains/de/test/auto/knownFailedTests/FSMSource.xml (RunModel)" time="0.018" />
  <testcase classname="ptolemy.util.test.junit.AutoKnownFailedTests" name="[3] /home/travis/build/icyphy/ptII/ptolemy/domains/de/test/auto/knownFailedTests/HierarchicalModel.xml (RunModel)" time="0.036" />
  <testcase classname="ptolemy.util.test.junit.AutoKnownFailedTests" name="[4] /home/travis/build/icyphy/ptII/ptolemy/domains/de/test/auto/knownFailedTests/dependencyLoop.xml (RunModel)" time="0.028" />
  <testcase classname="ptolemy.util.test.junit.AutoKnownFailedTests" name="[5] /home/travis/build/icyphy/ptII/ptolemy/domains/de/test/auto/knownFailedTests/dependencyLoop2.xml (RunModel)" time="0.028" />
  <testcase classname="ptolemy.util.test.junit.AutoNameArchTests" name="[0] ThereAreNoAutoTests (RunModel)" time="0.004" />
  <testcase classname="ptolemy.util.test.junit.AutoTests" name="[0] /home/travis/build/icyphy/ptII/ptolemy/domains/de/test/auto/ActorDepthCalculation_actorWithoutPorts.xml (RunModel)" time="0.009" />
  <testcase classname="ptolemy.util.test.junit.AutoTests" name="[1] /home/travis/build/icyphy/ptII/ptolemy/domains/de/test/auto/AssemblyLine.xml (RunModel)" time="0.012" />
  <testcase classname="ptolemy.util.test.junit.AutoTests" name="[2] /home/travis/build/icyphy/ptII/ptolemy/domains/de/test/auto/CQBug1.xml (RunModel)" time="0.008" />
  <testcase classname="ptolemy.util.test.junit.AutoTests" name="[3] /home/travis/build/icyphy/ptII/ptolemy/domains/de/test/auto/CancelFireAt.xml (RunModel)" time="0.005" />
  <testcase classname="ptolemy.util.test.junit.AutoTests" name="[4] /home/travis/build/icyphy/ptII/ptolemy/domains/de/test/auto/CausalityAndComposabilityAnalysis.xml (RunModel)" time="0.009" />
  <testcase classname="ptolemy.util.test.junit.AutoTests" name="[5] /home/travis/build/icyphy/ptII/ptolemy/domains/de/test/auto/CausalityInterface1.xml (RunModel)" time="0.01" />
  <testcase classname="ptolemy.util.test.junit.AutoTests" name="[6] /home/travis/build/icyphy/ptII/ptolemy/domains/de/test/auto/CausalityInterface15.xml (RunModel)" time="0.011" />
  <testcase classname="ptolemy.util.test.junit.AutoTests" name="[7] /home/travis/build/icyphy/ptII/ptolemy/domains/de/test/auto/CausalityInterface2.xml (RunModel)" time="0.008" />
  <testcase classname="ptolemy.util.test.junit.AutoTests" name="[8] /home/travis/build/icyphy/ptII/ptolemy/domains/de/test/auto/CausalityInterface3.xml (RunModel)" time="0.008" />
  <testcase classname="ptolemy.util.test.junit.AutoTests" name="[9] /home/travis/build/icyphy/ptII/ptolemy/domains/de/test/auto/ClockDrift.xml (RunModel)" time="0.024" />
  <testcase classname="ptolemy.util.test.junit.AutoTests" name="[10] /home/travis/build/icyphy/ptII/ptolemy/domains/de/test/auto/ClockDriftAndValueChange.xml (RunModel)" time="0.021" />
  <testcase classname="ptolemy.util.test.junit.AutoTests" name="[11] /home/travis/build/icyphy/ptII/ptolemy/domains/de/test/auto/ClockDriftChange.xml (RunModel)" time="0.021" />
  <testcase classname="ptolemy.util.test.junit.AutoTests" name="[12] /home/travis/build/icyphy/ptII/ptolemy/domains/de/test/auto/ComposableCausalityAnalysis.xml (RunModel)" time="0.016" />
  <testcase classname="ptolemy.util.test.junit.AutoTests" name="[13] /home/travis/build/icyphy/ptII/ptolemy/domains/de/test/auto/DEFixedPointLimitation.xml (RunModel)" time="0.007" />
  <testcase classname="ptolemy.util.test.junit.AutoTests" name="[14] /home/travis/build/icyphy/ptII/ptolemy/domains/de/test/auto/DEScheduleTest.xml (RunModel)" time="0.008" />
  <testcase classname="ptolemy.util.test.junit.AutoTests" name="[15] /home/travis/build/icyphy/ptII/ptolemy/domains/de/test/auto/DEinDEwithStartTimes.xml (RunModel)" time="0.009" />
  <testcase classname="ptolemy.util.test.junit.AutoTests" name="[16] /home/travis/build/icyphy/ptII/ptolemy/domains/de/test/auto/DEinDEwithStartTimes2.xml (RunModel)" time="0.01" />
  <testcase classname="ptolemy.util.test.junit.AutoTests" name="[17] /home/travis/build/icyphy/ptII/ptolemy/domains/de/test/auto/DateDemo.xml (RunModel)" time="0.019" />
  <testcase classname="ptolemy.util.test.junit.AutoTests" name="[18] /home/travis/build/icyphy/ptII/ptolemy/domains/de/test/auto/DateToEvent.xml (RunModel)" time="2.03" />
  <testcase classname="ptolemy.util.test.junit.AutoTests" name="[19] /home/travis/build/icyphy/ptII/ptolemy/domains/de/test/auto/DepthTest1.xml (RunModel)" time="0.016" />
  <testcase classname="ptolemy.util.test.junit.AutoTests" name="[20] /home/travis/build/icyphy/ptII/ptolemy/domains/de/test/auto/DepthTest2.xml (RunModel)" time="0.016" />
  <testcase classname="ptolemy.util.test.junit.AutoTests" name="[21] /home/travis/build/icyphy/ptII/ptolemy/domains/de/test/auto/DepthTest3.xml (RunModel)" time="0.006" />
  <testcase classname="ptolemy.util.test.junit.AutoTests" name="[22] /home/travis/build/icyphy/ptII/ptolemy/domains/de/test/auto/DepthTest4.xml (RunModel)" time="0.012" />
  <testcase classname="ptolemy.util.test.junit.AutoTests" name="[23] /home/travis/build/icyphy/ptII/ptolemy/domains/de/test/auto/DepthTest5.xml (RunModel)" time="0.014" />
  <testcase classname="ptolemy.util.test.junit.AutoTests" name="[24] /home/travis/build/icyphy/ptII/ptolemy/domains/de/test/auto/DepthTest6.xml (RunModel)" time="0.013" />
  <testcase classname="ptolemy.util.test.junit.AutoTests" name="[25] /home/travis/build/icyphy/ptII/ptolemy/domains/de/test/auto/DepthTest7.xml (RunModel)" time="0.011" />
  <testcase classname="ptolemy.util.test.junit.AutoTests" name="[26] /home/travis/build/icyphy/ptII/ptolemy/domains/de/test/auto/EventToDate.xml (RunModel)" time="3.033" />
  <testcase classname="ptolemy.util.test.junit.AutoTests" name="[27] /home/travis/build/icyphy/ptII/ptolemy/domains/de/test/auto/FSM1.xml (RunModel)" time="0.031" />
  <testcase classname="ptolemy.util.test.junit.AutoTests" name="[28] /home/travis/build/icyphy/ptII/ptolemy/domains/de/test/auto/FSM7.xml (RunModel)" time="0.053" />
  <testcase classname="ptolemy.util.test.junit.AutoTests" name="[29] /home/travis/build/icyphy/ptII/ptolemy/domains/de/test/auto/Inspection.xml (RunModel)" time="0.05" />
  <testcase classname="ptolemy.util.test.junit.AutoTests" name="[30] /home/travis/build/icyphy/ptII/ptolemy/domains/de/test/auto/Iteration.xml (RunModel)" time="0.025" />
  <testcase classname="ptolemy.util.test.junit.AutoTests" name="[31] /home/travis/build/icyphy/ptII/ptolemy/domains/de/test/auto/LineFault.xml (RunModel)" time="0.582" />
  <testcase classname="ptolemy.util.test.junit.AutoTests" name="[32] /home/travis/build/icyphy/ptII/ptolemy/domains/de/test/auto/MergeModel1Add.xml (RunModel)" time="0.053" />
  <testcase classname="ptolemy.util.test.junit.AutoTests" name="[33] /home/travis/build/icyphy/ptII/ptolemy/domains/de/test/auto/MergeModel2Add.xml (RunModel)" time="0.035" />
  <testcase classname="ptolemy.util.test.junit.AutoTests" name="[34] /home/travis/build/icyphy/ptII/ptolemy/domains/de/test/auto/MergeModel3Add.xml (RunModel)" time="0.041" />
  <testcase classname="ptolemy.util.test.junit.AutoTests" name="[35] /home/travis/build/icyphy/ptII/ptolemy/domains/de/test/auto/MergeWithoutDiscard.xml (RunModel)" time="0.014" />
  <testcase classname="ptolemy.util.test.junit.AutoTests" name="[36] /home/travis/build/icyphy/ptII/ptolemy/domains/de/test/auto/Modal1.xml (RunModel)" time="0.035" />
  <testcase classname="ptolemy.util.test.junit.AutoTests" name="[37] /home/travis/build/icyphy/ptII/ptolemy/domains/de/test/auto/Modal2.xml (RunModel)" time="0.033" />
  <testcase classname="ptolemy.util.test.junit.AutoTests" name="[38] /home/travis/build/icyphy/ptII/ptolemy/domains/de/test/auto/Modal3.xml (RunModel)" time="0.036" />
  <testcase classname="ptolemy.util.test.junit.AutoTests" name="[39] /home/travis/build/icyphy/ptII/ptolemy/domains/de/test/auto/Modal4.xml (RunModel)" time="0.031" />
  <testcase classname="ptolemy.util.test.junit.AutoTests" name="[40] /home/travis/build/icyphy/ptII/ptolemy/domains/de/test/auto/Modal5.xml (RunModel)" time="0.029" />
  <testcase classname="ptolemy.util.test.junit.AutoTests" name="[41] /home/travis/build/icyphy/ptII/ptolemy/domains/de/test/auto/Modal6.xml (RunModel)" time="0.026" />
  <testcase classname="ptolemy.util.test.junit.AutoTests" name="[42] /home/travis/build/icyphy/ptII/ptolemy/domains/de/test/auto/Modal7.xml (RunModel)" time="0.029" />
  <testcase classname="ptolemy.util.test.junit.AutoTests" name="[43] /home/travis/build/icyphy/ptII/ptolemy/domains/de/test/auto/ModalModel.xml (RunModel)" time="0.148" />
  <testcase classname="ptolemy.util.test.junit.AutoTests" name="[44] /home/travis/build/icyphy/ptII/ptolemy/domains/de/test/auto/ModalSource.xml (RunModel)" time="0.018" />
  <testcase classname="ptolemy.util.test.junit.AutoTests" name="[45] /home/travis/build/icyphy/ptII/ptolemy/domains/de/test/auto/NonInterruptibleTimerZeroDelay.xml (RunModel)" time="0.011" />
  <testcase classname="ptolemy.util.test.junit.AutoTests" name="[46] /home/travis/build/icyphy/ptII/ptolemy/domains/de/test/auto/OpenQueueingNetwork.xml (RunModel)" time="2.057" />
  <testcase classname="ptolemy.util.test.junit.AutoTests" name="[47] /home/travis/build/icyphy/ptII/ptolemy/domains/de/test/auto/OpenQueuingNetwork.xml (RunModel)" time="0.266" />
  <testcase classname="ptolemy.util.test.junit.AutoTests" name="[48] /home/travis/build/icyphy/ptII/ptolemy/domains/de/test/auto/PeriodicSampler.xml (RunModel)" time="0.008" />
  <testcase classname="ptolemy.util.test.junit.AutoTests" name="[49] /home/travis/build/icyphy/ptII/ptolemy/domains/de/test/auto/PersistentIO.xml (RunModel)" time="0.018" />
  <testcase classname="ptolemy.util.test.junit.AutoTests" name="[50] /home/travis/build/icyphy/ptII/ptolemy/domains/de/test/auto/PortParameterResetOnInitialize.xml (RunModel)" time="0.012" />
  <testcase classname="ptolemy.util.test.junit.AutoTests" name="[51] /home/travis/build/icyphy/ptII/ptolemy/domains/de/test/auto/PortParameterUpdates.xml (RunModel)" time="0.02" />
  <testcase classname="ptolemy.util.test.junit.AutoTests" name="[52] /home/travis/build/icyphy/ptII/ptolemy/domains/de/test/auto/QueueAndServer.xml (RunModel)" time="0.02" />
  <testcase classname="ptolemy.util.test.junit.AutoTests" name="[53] /home/travis/build/icyphy/ptII/ptolemy/domains/de/test/auto/Records.xml (RunModel)" time="0.013" />
  <testcase classname="ptolemy.util.test.junit.AutoTests" name="[54] /home/travis/build/icyphy/ptII/ptolemy/domains/de/test/auto/ResetTransitionWithStartTime1.xml (RunModel)" time="0.017" />
  <testcase classname="ptolemy.util.test.junit.AutoTests" name="[55] /home/travis/build/icyphy/ptII/ptolemy/domains/de/test/auto/ResetTransitionWithStartTime2.xml (RunModel)" time="0.018" />
  <testcase classname="ptolemy.util.test.junit.AutoTests" name="[56] /home/travis/build/icyphy/ptII/ptolemy/domains/de/test/auto/ResetTransitionWithStartTime3.xml (RunModel)" time="0.019" />
  <testcase classname="ptolemy.util.test.junit.AutoTests" name="[57] /home/travis/build/icyphy/ptII/ptolemy/domains/de/test/auto/ResetTransitionWithStartTime4.xml (RunModel)" time="0.019" />
  <testcase classname="ptolemy.util.test.junit.AutoTests" name="[58] /home/travis/build/icyphy/ptII/ptolemy/domains/de/test/auto/ResettableTimer1.xml (RunModel)" time="0.01" />
  <testcase classname="ptolemy.util.test.junit.AutoTests" name="[59] /home/travis/build/icyphy/ptII/ptolemy/domains/de/test/auto/ResettableTimer2.xml (RunModel)" time="0.011" />
  <testcase classname="ptolemy.util.test.junit.AutoTests" name="[60] /home/travis/build/icyphy/ptII/ptolemy/domains/de/test/auto/ResettableTimer3.xml (RunModel)" time="0.009" />
  <testcase classname="ptolemy.util.test.junit.AutoTests" name="[61] /home/travis/build/icyphy/ptII/ptolemy/domains/de/test/auto/ResettableTimer4.xml (RunModel)" time="0.01" />
  <testcase classname="ptolemy.util.test.junit.AutoTests" name="[62] /home/travis/build/icyphy/ptII/ptolemy/domains/de/test/auto/ResettableTimer5.xml (RunModel)" time="0.009" />
  <testcase classname="ptolemy.util.test.junit.AutoTests" name="[63] /home/travis/build/icyphy/ptII/ptolemy/domains/de/test/auto/ResettableTimer6.xml (RunModel)" time="0.018" />
  <testcase classname="ptolemy.util.test.junit.AutoTests" name="[64] /home/travis/build/icyphy/ptII/ptolemy/domains/de/test/auto/ServerZeroDelay.xml (RunModel)" time="0.01" />
  <testcase classname="ptolemy.util.test.junit.AutoTests" name="[65] /home/travis/build/icyphy/ptII/ptolemy/domains/de/test/auto/SmartSender.xml (RunModel)" time="3.01" />
  <testcase classname="ptolemy.util.test.junit.AutoTests" name="[66] /home/travis/build/icyphy/ptII/ptolemy/domains/de/test/auto/ThreadedComposite.xml (RunModel)" time="0.269" />
  <testcase classname="ptolemy.util.test.junit.AutoTests" name="[67] /home/travis/build/icyphy/ptII/ptolemy/domains/de/test/auto/Time.xml (RunModel)" time="0.434" />
  <testcase classname="ptolemy.util.test.junit.AutoTests" name="[68] /home/travis/build/icyphy/ptII/ptolemy/domains/de/test/auto/TimeDelayZeroDelay.xml (RunModel)" time="0.012" />
  <testcase classname="ptolemy.util.test.junit.AutoTests" name="[69] /home/travis/build/icyphy/ptII/ptolemy/domains/de/test/auto/TimerZeroDelay.xml (RunModel)" time="0.013" />
  <testcase classname="ptolemy.util.test.junit.AutoTests" name="[70] /home/travis/build/icyphy/ptII/ptolemy/domains/de/test/auto/TimingParadox.xml (RunModel)" time="0.33" />
  <testcase classname="ptolemy.util.test.junit.AutoTests" name="[71] /home/travis/build/icyphy/ptII/ptolemy/domains/de/test/auto/TransferInputs.xml (RunModel)" time="0.014" />
  <testcase classname="ptolemy.util.test.junit.AutoTests" name="[72] /home/travis/build/icyphy/ptII/ptolemy/domains/de/test/auto/TransferOutputs2.xml (RunModel)" time="0.016" />
  <testcase classname="ptolemy.util.test.junit.AutoTests" name="[73] /home/travis/build/icyphy/ptII/ptolemy/domains/de/test/auto/Trilateration.xml (RunModel)" time="12.231" />
  <testcase classname="ptolemy.util.test.junit.AutoTests" name="[74] /home/travis/build/icyphy/ptII/ptolemy/domains/de/test/auto/TwoSigmaDelta.xml (RunModel)" time="2.171" />
  <testcase classname="ptolemy.util.test.junit.AutoTests" name="[75] /home/travis/build/icyphy/ptII/ptolemy/domains/de/test/auto/VariableDelay.xml (RunModel)" time="0.009" />
  <testcase classname="ptolemy.util.test.junit.AutoTests" name="[76] /home/travis/build/icyphy/ptII/ptolemy/domains/de/test/auto/VariableDelay2.xml (RunModel)" time="0.009" />
  <testcase classname="ptolemy.util.test.junit.AutoTests" name="[77] /home/travis/build/icyphy/ptII/ptolemy/domains/de/test/auto/VariableDelayZeroDelay.xml (RunModel)" time="0.009" />
  <testcase classname="ptolemy.util.test.junit.AutoTests" name="[78] /home/travis/build/icyphy/ptII/ptolemy/domains/de/test/auto/VariableDelayZeroDelay2.xml (RunModel)" time="0.009" />
  <testcase classname="ptolemy.util.test.junit.AutoTests" name="[79] /home/travis/build/icyphy/ptII/ptolemy/domains/de/test/auto/deInCt.xml (RunModel)" time="0.017" />
  <testcase classname="ptolemy.util.test.junit.AutoTests" name="[80] /home/travis/build/icyphy/ptII/ptolemy/domains/de/test/auto/deInCt2.xml (RunModel)" time="0.016" />
  <testcase classname="ptolemy.util.test.junit.AutoTests" name="[81] /home/travis/build/icyphy/ptII/ptolemy/domains/de/test/auto/dynamicCausalityInterface1.xml (RunModel)" time="0.017" />
  <testcase classname="ptolemy.util.test.junit.AutoTests" name="[82] /home/travis/build/icyphy/ptII/ptolemy/domains/de/test/auto/fsm_de_test.xml (RunModel)" time="0.021" />
  <testcase classname="ptolemy.util.test.junit.AutoTests" name="[83] /home/travis/build/icyphy/ptII/ptolemy/domains/de/test/auto/functionDependencyReconstruction.xml (RunModel)" time="0.031" />
  <testcase classname="ptolemy.util.test.junit.AutoTests" name="[84] /home/travis/build/icyphy/ptII/ptolemy/domains/de/test/auto/multirate.xml (RunModel)" time="0.015" />
  <testcase classname="ptolemy.util.test.junit.AutoTests" name="[85] /home/travis/build/icyphy/ptII/ptolemy/domains/de/test/auto/multirate2.xml (RunModel)" time="0.014" />
  <testcase classname="ptolemy.util.test.junit.AutoTests" name="[86] /home/travis/build/icyphy/ptII/ptolemy/domains/de/test/auto/realtime.xml (RunModel)" time="10.011" />
  <testcase classname="ptolemy.util.test.junit.AutoTests" name="[87] /home/travis/build/icyphy/ptII/ptolemy/domains/de/test/auto/relationGroup.xml (RunModel)" time="0.007" />
  <testcase classname="ptolemy.util.test.junit.AutoTests" name="[88] /home/travis/build/icyphy/ptII/ptolemy/domains/de/test/auto/relationGroup2.xml (RunModel)" time="0.007" />
  <testcase classname="ptolemy.util.test.junit.AutoTests" name="[89] /home/travis/build/icyphy/ptII/ptolemy/domains/de/test/auto/sortWithOpaquePorts.xml (RunModel)" time="0.009" />
  <testcase classname="ptolemy.util.test.junit.AutoTests" name="[90] /home/travis/build/icyphy/ptII/ptolemy/domains/de/test/auto/transferInputsandOutputs.xml (RunModel)" time="0.014" />
  <testcase classname="ptolemy.util.test.junit.AutoTests" name="[91] /home/travis/build/icyphy/ptII/ptolemy/domains/de/test/auto/triggerType.xml (RunModel)" time="0.008" />
  <system-out><![CDATA[/home/travis/build/icyphy/ptII/ptolemy/domains/de/test/DependencyLoop.tcl
testDefs.tcl: setting time out to 9000 seconds at Sun May 06 01:02:10 UTC 2018
15 ms. Memory: 116224K Free: 95050K (82%)
8 ms. Memory: 146944K Free: 137864K (94%)
/home/travis/build/icyphy/ptII/ptolemy/domains/de/test/RunDETestsAsQSS.tcl
Run the DE tests using ptolemy.domains.qss.test.QSSDirectorTest, which extends QSSDirector and prints a message in the constructors.
------------------ testing $PTII/ptolemy/domains/de/test/auto/knownFailedTests/dependencyLoop.xml (Known Failure) 
6 ms. Memory: 146944K Free: 133197K (91%)


==== $PTIIhome/travis/build/icyphy/ptII/ptolemy/domains/de/test/../../../../: Auto Automatic test in file $PTII/ptolemy/domains/de/test/auto/knownFailedTests/dependencyLoop.xml
==== Contents of test case:

	    # FIXME: we should use $relativeFilename here, but it
	    # might have backslashes under Windows, which causes no end
	    # of trouble.
	    createAndExecute $file
	    list {}
	
.... Test generated KNOWN error:
    while executing
ptolemy.kernel.util.IllegalActionException: Found a zero delay loop containing .dependencyLoop.original
  in .dependencyLoop and .dependencyLoop.original
	at ptolemy.actor.util.CausalityInterfaceForComposites._computeOutputPortDepth(CausalityInterfaceForComposites.java:759)
	at ptolemy.actor.util.CausalityInterfaceForComposites._computeInputDepth(CausalityInterfaceForComposites.java:696)
	at ptolemy.actor.util.CausalityInterfaceForComposites._computeOutputPortDepth(CausalityInterfaceForComposites.java:765)
	at ptolemy.actor.util.CausalityInterfaceForComposites._computeInputDepth(CausalityInterfaceForComposites.java:696)
	at ptolemy.actor.util.CausalityInterfaceForComposites._computeOutputPortDepth(CausalityInterfaceForComposites.java:765)
	at ptolemy.actor.util.CausalityInterfaceForComposites._computeInputDepth(CausalityInterfaceForComposites.java:696)
	at ptolemy.actor.util.CausalityInterfaceForComposites._computeActorDepth(CausalityInterfaceForComposites.java:532)
	at ptolemy.actor.util.CausalityInterfaceForComposites.checkForCycles(CausalityInterfaceForComposites.java:96)
	at ptolemy.domains.de.kernel.DEDirector.preinitialize(DEDirector.java:1337)
	at ptolemy.actor.CompositeActor.preinitialize(CompositeActor.java:1828)
	at ptolemy.actor.Manager.preinitializeAndResolveTypes(Manager.java:1040)
	at ptolemy.actor.Manager.initialize(Manager.java:710)
	at ptolemy.actor.Manager.execute(Manager.java:356)
	at ptolemy.actor.Manager.run(Manager.java:1263)
	at ptolemy.actor.Manager$PtolemyRunThread.run(Manager.java:1915)

    while executing
ptolemy.kernel.util.IllegalActionException: Found a zero delay loop containing .dependencyLoop.original
  in .dependencyLoop and .dependencyLoop.original
    while executing
"java::new ptolemy.moml.MoMLSimpleApplication $file
"
    (procedure "createAndExecute" line 2)
    invoked from within
"createAndExecute $file"
    ("uplevel" body line 5)
    invoked from within
"uplevel $contents_of_test"
------------------ testing $PTII/ptolemy/domains/de/test/auto/knownFailedTests/DESDFClockTest.xml (Known Failure) 
2055 ms. Memory: 146944K Free: 117786K (80%)


==== $PTIIhome/travis/build/icyphy/ptII/ptolemy/domains/de/test/../../../../: Auto Automatic test in file $PTII/ptolemy/domains/de/test/auto/knownFailedTests/DESDFClockTest.xml
==== Contents of test case:

	    # FIXME: we should use $relativeFilename here, but it
	    # might have backslashes under Windows, which causes no end
	    # of trouble.
	    createAndExecute $file
	    list {}
	
.... Test generated KNOWN error:
    while executing
ptolemy.kernel.util.IllegalActionException: Actor is not ready to fire.  Perhaps UpSample.prefire() returned false? Try debugging the actor by selecting "Listen to Actor".  Also, for SDF check moml for tokenConsumptionRate on input.
  in .DESDFClockTest.Play Bell.Copy1:SDF Director and .DESDFClockTest.Play Bell.UpSample
	at ptolemy.actor.sched.StaticSchedulingDirector.fire(StaticSchedulingDirector.java:227)
	at ptolemy.domains.sdf.kernel.SDFDirector.fire(SDFDirector.java:500)
	at ptolemy.actor.CompositeActor.fire(CompositeActor.java:455)
	at ptolemy.domains.de.kernel.DEDirector._fire(DEDirector.java:1948)
	at ptolemy.domains.de.kernel.DEDirector.fire(DEDirector.java:502)
	at ptolemy.actor.CompositeActor.fire(CompositeActor.java:455)
	at ptolemy.actor.Manager.iterate(Manager.java:851)
	at ptolemy.actor.Manager.execute(Manager.java:369)
	at ptolemy.actor.Manager.run(Manager.java:1263)
	at ptolemy.actor.Manager$PtolemyRunThread.run(Manager.java:1915)

    while executing
ptolemy.kernel.util.IllegalActionException: Actor is not ready to fire.  Perhaps UpSample.prefire() returned false? Try debugging the actor by selecting "Listen to Actor".  Also, for SDF check moml for tokenConsumptionRate on input.
  in .DESDFClockTest.Play Bell.Copy1:SDF Director and .DESDFClockTest.Play Bell.UpSample
    while executing
"java::new ptolemy.moml.MoMLSimpleApplication $file
"
    (procedure "createAndExecute" line 2)
    invoked from within
"createAndExecute $file"
    ("uplevel" body line 5)
    invoked from within
"uplevel $contents_of_test"
------------------ testing $PTII/ptolemy/domains/de/test/auto/knownFailedTests/FSMSource.xml (Known Failure) 
37 ms. Memory: 146944K Free: 108856K (74%)
!!!! Auto was marked as failing, but now passes
------------------ testing $PTII/ptolemy/domains/de/test/auto/knownFailedTests/dependencyLoop2.xml (Known Failure) 
11 ms. Memory: 146944K Free: 106973K (73%)


==== $PTIIhome/travis/build/icyphy/ptII/ptolemy/domains/de/test/../../../../: Auto Automatic test in file $PTII/ptolemy/domains/de/test/auto/knownFailedTests/dependencyLoop2.xml
==== Contents of test case:

	    # FIXME: we should use $relativeFilename here, but it
	    # might have backslashes under Windows, which causes no end
	    # of trouble.
	    createAndExecute $file
	    list {}
	
.... Test generated KNOWN error:
    while executing
ptolemy.kernel.util.IllegalActionException: Found a zero delay loop containing .dependencyLoop2.original
  in .dependencyLoop2 and .dependencyLoop2.original
	at ptolemy.actor.util.CausalityInterfaceForComposites._computeOutputPortDepth(CausalityInterfaceForComposites.java:759)
	at ptolemy.actor.util.CausalityInterfaceForComposites._computeInputDepth(CausalityInterfaceForComposites.java:696)
	at ptolemy.actor.util.CausalityInterfaceForComposites._computeOutputPortDepth(CausalityInterfaceForComposites.java:765)
	at ptolemy.actor.util.CausalityInterfaceForComposites._computeInputDepth(CausalityInterfaceForComposites.java:696)
	at ptolemy.actor.util.CausalityInterfaceForComposites._computeOutputPortDepth(CausalityInterfaceForComposites.java:765)
	at ptolemy.actor.util.CausalityInterfaceForComposites._computeInputDepth(CausalityInterfaceForComposites.java:696)
	at ptolemy.actor.util.CausalityInterfaceForComposites._computeActorDepth(CausalityInterfaceForComposites.java:532)
	at ptolemy.actor.util.CausalityInterfaceForComposites.checkForCycles(CausalityInterfaceForComposites.java:96)
	at ptolemy.domains.de.kernel.DEDirector.preinitialize(DEDirector.java:1337)
	at ptolemy.actor.CompositeActor.preinitialize(CompositeActor.java:1828)
	at ptolemy.actor.Manager.preinitializeAndResolveTypes(Manager.java:1040)
	at ptolemy.actor.Manager.initialize(Manager.java:710)
	at ptolemy.actor.Manager.execute(Manager.java:356)
	at ptolemy.actor.Manager.run(Manager.java:1263)
	at ptolemy.actor.Manager$PtolemyRunThread.run(Manager.java:1915)

    while executing
ptolemy.kernel.util.IllegalActionException: Found a zero delay loop containing .dependencyLoop2.original
  in .dependencyLoop2 and .dependencyLoop2.original
    while executing
"java::new ptolemy.moml.MoMLSimpleApplication $file
"
    (procedure "createAndExecute" line 2)
    invoked from within
"createAndExecute $file"
    ("uplevel" body line 5)
    invoked from within
"uplevel $contents_of_test"
------------------ testing $PTII/ptolemy/domains/de/test/auto/knownFailedTests/HierarchicalModel.xml (Known Failure) 
5 ms. Memory: 146944K Free: 85301K (58%)


==== $PTIIhome/travis/build/icyphy/ptII/ptolemy/domains/de/test/../../../../: Auto Automatic test in file $PTII/ptolemy/domains/de/test/auto/knownFailedTests/HierarchicalModel.xml
==== Contents of test case:

	    # FIXME: we should use $relativeFilename here, but it
	    # might have backslashes under Windows, which causes no end
	    # of trouble.
	    createAndExecute $file
	    list {}
	
.... Test generated KNOWN error:
    while executing
ptolemy.kernel.util.IllegalActionException: Found a zero delay loop containing .HierarchicalModel.A
  in .HierarchicalModel and .HierarchicalModel.A
	at ptolemy.actor.util.CausalityInterfaceForComposites._computeOutputPortDepth(CausalityInterfaceForComposites.java:759)
	at ptolemy.actor.util.CausalityInterfaceForComposites._computeInputDepth(CausalityInterfaceForComposites.java:696)
	at ptolemy.actor.util.CausalityInterfaceForComposites._computeOutputPortDepth(CausalityInterfaceForComposites.java:765)
	at ptolemy.actor.util.CausalityInterfaceForComposites._computeInputDepth(CausalityInterfaceForComposites.java:696)
	at ptolemy.actor.util.CausalityInterfaceForComposites._computeOutputPortDepth(CausalityInterfaceForComposites.java:765)
	at ptolemy.actor.util.CausalityInterfaceForComposites._computeInputDepth(CausalityInterfaceForComposites.java:696)
	at ptolemy.actor.util.CausalityInterfaceForComposites._computeActorDepth(CausalityInterfaceForComposites.java:532)
	at ptolemy.actor.util.CausalityInterfaceForComposites.checkForCycles(CausalityInterfaceForComposites.java:96)
	at ptolemy.domains.de.kernel.DEDirector.preinitialize(DEDirector.java:1337)
	at ptolemy.actor.CompositeActor.preinitialize(CompositeActor.java:1828)
	at ptolemy.actor.Manager.preinitializeAndResolveTypes(Manager.java:1040)
	at ptolemy.actor.Manager.initialize(Manager.java:710)
	at ptolemy.actor.Manager.execute(Manager.java:356)
	at ptolemy.actor.Manager.run(Manager.java:1263)
	at ptolemy.actor.Manager$PtolemyRunThread.run(Manager.java:1915)

    while executing
ptolemy.kernel.util.IllegalActionException: Found a zero delay loop containing .HierarchicalModel.A
  in .HierarchicalModel and .HierarchicalModel.A
    while executing
"java::new ptolemy.moml.MoMLSimpleApplication $file
"
    (procedure "createAndExecute" line 2)
    invoked from within
"createAndExecute $file"
    ("uplevel" body line 5)
    invoked from within
"uplevel $contents_of_test"
------------------ testing $PTII/ptolemy/domains/de/test/auto/knownFailedTests/DirectFeedback.xml (Known Failure) 
13 ms. Memory: 146944K Free: 142591K (97%)


==== $PTIIhome/travis/build/icyphy/ptII/ptolemy/domains/de/test/../../../../: Auto Automatic test in file $PTII/ptolemy/domains/de/test/auto/knownFailedTests/DirectFeedback.xml
==== Contents of test case:

	    # FIXME: we should use $relativeFilename here, but it
	    # might have backslashes under Windows, which causes no end
	    # of trouble.
	    createAndExecute $file
	    list {}
	
.... Test generated KNOWN error:
    while executing
ptolemy.kernel.util.IllegalActionException: Test fails in iteration 1.
Value was: 1.0. Should have been: 2.0
  in .DirectFeedback.Test
	at ptolemy.actor.lib.Test.fire(Test.java:268)
	at ptolemy.domains.de.kernel.DEDirector._fire(DEDirector.java:1948)
	at ptolemy.domains.de.kernel.DEDirector.fire(DEDirector.java:502)
	at ptolemy.actor.CompositeActor.fire(CompositeActor.java:455)
	at ptolemy.actor.Manager.iterate(Manager.java:851)
	at ptolemy.actor.Manager.execute(Manager.java:369)
	at ptolemy.actor.Manager.run(Manager.java:1263)
	at ptolemy.actor.Manager$PtolemyRunThread.run(Manager.java:1915)

    while executing
ptolemy.kernel.util.IllegalActionException: Test fails in iteration 1.
Value was: 1.0. Should have been: 2.0
  in .DirectFeedback.Test
    while executing
"java::new ptolemy.moml.MoMLSimpleApplication $file
"
    (procedure "createAndExecute" line 2)
    invoked from within
"createAndExecute $file"
    ("uplevel" body line 5)
    invoked from within
"uplevel $contents_of_test"
------------------ testing $PTII/ptolemy/domains/de/test/auto/ActorDepthCalculation_actorWithoutPorts.xml
auto.tcl: Setting watchdog for 200 seconds at Sun May 06 01:02:13 UTC 2018
5 ms. Memory: 146944K Free: 133628K (91%)
ptolemy.util.test.WatchDog.cancel(): canceling Sun May 06 01:02:13 UTC 2018
auto.tcl: Setting watchdog for 200 seconds at Sun May 06 01:02:13 UTC 2018
4 ms. Memory: 146944K Free: 132590K (90%)
ptolemy.util.test.WatchDog.cancel(): canceling Sun May 06 01:02:13 UTC 2018
------------------ testing $PTII/ptolemy/domains/de/test/auto/AssemblyLine.xml
auto.tcl: Setting watchdog for 200 seconds at Sun May 06 01:02:13 UTC 2018
11 ms. Memory: 208384K Free: 182804K (88%)
ptolemy.util.test.WatchDog.cancel(): canceling Sun May 06 01:02:14 UTC 2018
auto.tcl: Setting watchdog for 200 seconds at Sun May 06 01:02:14 UTC 2018
11 ms. Memory: 208384K Free: 182804K (88%)
ptolemy.util.test.WatchDog.cancel(): canceling Sun May 06 01:02:14 UTC 2018
------------------ testing $PTII/ptolemy/domains/de/test/auto/CQBug1.xml
auto.tcl: Setting watchdog for 200 seconds at Sun May 06 01:02:14 UTC 2018
16 ms. Memory: 208384K Free: 197699K (95%)
ptolemy.util.test.WatchDog.cancel(): canceling Sun May 06 01:02:14 UTC 2018
auto.tcl: Setting watchdog for 200 seconds at Sun May 06 01:02:14 UTC 2018
2 ms. Memory: 208384K Free: 197699K (95%)
ptolemy.util.test.WatchDog.cancel(): canceling Sun May 06 01:02:14 UTC 2018
------------------ testing $PTII/ptolemy/domains/de/test/auto/CancelFireAt.xml
auto.tcl: Setting watchdog for 200 seconds at Sun May 06 01:02:14 UTC 2018
4 ms. Memory: 208384K Free: 201426K (97%)
ptolemy.util.test.WatchDog.cancel(): canceling Sun May 06 01:02:14 UTC 2018
auto.tcl: Setting watchdog for 200 seconds at Sun May 06 01:02:14 UTC 2018
4 ms. Memory: 208384K Free: 199314K (96%)
ptolemy.util.test.WatchDog.cancel(): canceling Sun May 06 01:02:14 UTC 2018
------------------ testing $PTII/ptolemy/domains/de/test/auto/CausalityAndComposabilityAnalysis.xml
auto.tcl: Setting watchdog for 200 seconds at Sun May 06 01:02:14 UTC 2018
8 ms. Memory: 208384K Free: 196801K (94%)
ptolemy.util.test.WatchDog.cancel(): canceling Sun May 06 01:02:14 UTC 2018
auto.tcl: Setting watchdog for 200 seconds at Sun May 06 01:02:14 UTC 2018
5 ms. Memory: 208384K Free: 196463K (94%)
ptolemy.util.test.WatchDog.cancel(): canceling Sun May 06 01:02:14 UTC 2018
------------------ testing $PTII/ptolemy/domains/de/test/auto/CausalityInterface1.xml
auto.tcl: Setting watchdog for 200 seconds at Sun May 06 01:02:14 UTC 2018
24 ms. Memory: 208384K Free: 196401K (94%)
ptolemy.util.test.WatchDog.cancel(): canceling Sun May 06 01:02:14 UTC 2018
auto.tcl: Setting watchdog for 200 seconds at Sun May 06 01:02:14 UTC 2018
4 ms. Memory: 208384K Free: 196401K (94%)
ptolemy.util.test.WatchDog.cancel(): canceling Sun May 06 01:02:14 UTC 2018
------------------ testing $PTII/ptolemy/domains/de/test/auto/CausalityInterface15.xml
auto.tcl: Setting watchdog for 200 seconds at Sun May 06 01:02:14 UTC 2018
10 ms. Memory: 208384K Free: 196391K (94%)
ptolemy.util.test.WatchDog.cancel(): canceling Sun May 06 01:02:14 UTC 2018
auto.tcl: Setting watchdog for 200 seconds at Sun May 06 01:02:14 UTC 2018
5 ms. Memory: 208384K Free: 196391K (94%)
ptolemy.util.test.WatchDog.cancel(): canceling Sun May 06 01:02:14 UTC 2018
------------------ testing $PTII/ptolemy/domains/de/test/auto/CausalityInterface2.xml
auto.tcl: Setting watchdog for 200 seconds at Sun May 06 01:02:14 UTC 2018
12 ms. Memory: 208384K Free: 196374K (94%)
ptolemy.util.test.WatchDog.cancel(): canceling Sun May 06 01:02:14 UTC 2018
auto.tcl: Setting watchdog for 200 seconds at Sun May 06 01:02:14 UTC 2018
7 ms. Memory: 208384K Free: 196374K (94%)
ptolemy.util.test.WatchDog.cancel(): canceling Sun May 06 01:02:14 UTC 2018
------------------ testing $PTII/ptolemy/domains/de/test/auto/CausalityInterface3.xml
auto.tcl: Setting watchdog for 200 seconds at Sun May 06 01:02:14 UTC 2018
4 ms. Memory: 208384K Free: 196386K (94%)
ptolemy.util.test.WatchDog.cancel(): canceling Sun May 06 01:02:14 UTC 2018
auto.tcl: Setting watchdog for 200 seconds at Sun May 06 01:02:14 UTC 2018
7 ms. Memory: 208384K Free: 196386K (94%)
ptolemy.util.test.WatchDog.cancel(): canceling Sun May 06 01:02:14 UTC 2018
------------------ testing $PTII/ptolemy/domains/de/test/auto/ClockDrift.xml
auto.tcl: Setting watchdog for 200 seconds at Sun May 06 01:02:14 UTC 2018
85 ms. Memory: 208384K Free: 187583K (90%)
ptolemy.util.test.WatchDog.cancel(): canceling Sun May 06 01:02:15 UTC 2018
auto.tcl: Setting watchdog for 200 seconds at Sun May 06 01:02:15 UTC 2018
41 ms. Memory: 208384K Free: 185471K (89%)
ptolemy.util.test.WatchDog.cancel(): canceling Sun May 06 01:02:15 UTC 2018
------------------ testing $PTII/ptolemy/domains/de/test/auto/ClockDriftAndValueChange.xml
auto.tcl: Setting watchdog for 200 seconds at Sun May 06 01:02:15 UTC 2018
52 ms. Memory: 208384K Free: 187419K (90%)
ptolemy.util.test.WatchDog.cancel(): canceling Sun May 06 01:02:15 UTC 2018
auto.tcl: Setting watchdog for 200 seconds at Sun May 06 01:02:15 UTC 2018
20 ms. Memory: 208384K Free: 185307K (89%)
ptolemy.util.test.WatchDog.cancel(): canceling Sun May 06 01:02:15 UTC 2018
------------------ testing $PTII/ptolemy/domains/de/test/auto/ClockDriftChange.xml
auto.tcl: Setting watchdog for 200 seconds at Sun May 06 01:02:15 UTC 2018
32 ms. Memory: 208384K Free: 190754K (92%)
ptolemy.util.test.WatchDog.cancel(): canceling Sun May 06 01:02:15 UTC 2018
auto.tcl: Setting watchdog for 200 seconds at Sun May 06 01:02:15 UTC 2018
28 ms. Memory: 208384K Free: 188642K (91%)
ptolemy.util.test.WatchDog.cancel(): canceling Sun May 06 01:02:15 UTC 2018
------------------ testing $PTII/ptolemy/domains/de/test/auto/ComposableCausalityAnalysis.xml
auto.tcl: Setting watchdog for 200 seconds at Sun May 06 01:02:15 UTC 2018
3 ms. Memory: 208384K Free: 196242K (94%)
ptolemy.util.test.WatchDog.cancel(): canceling Sun May 06 01:02:15 UTC 2018
auto.tcl: Setting watchdog for 200 seconds at Sun May 06 01:02:15 UTC 2018
2 ms. Memory: 208384K Free: 194130K (93%)
ptolemy.util.test.WatchDog.cancel(): canceling Sun May 06 01:02:15 UTC 2018
------------------ testing $PTII/ptolemy/domains/de/test/auto/DEFixedPointLimitation.xml
auto.tcl: Setting watchdog for 200 seconds at Sun May 06 01:02:15 UTC 2018
2 ms. Memory: 208384K Free: 196119K (94%)
ptolemy.util.test.WatchDog.cancel(): canceling Sun May 06 01:02:15 UTC 2018
auto.tcl: Setting watchdog for 200 seconds at Sun May 06 01:02:15 UTC 2018
1 ms. Memory: 208384K Free: 196119K (94%)
ptolemy.util.test.WatchDog.cancel(): canceling Sun May 06 01:02:15 UTC 2018
------------------ testing $PTII/ptolemy/domains/de/test/auto/DEScheduleTest.xml
auto.tcl: Setting watchdog for 200 seconds at Sun May 06 01:02:15 UTC 2018
6 ms. Memory: 208384K Free: 198266K (95%)
ptolemy.util.test.WatchDog.cancel(): canceling Sun May 06 01:02:15 UTC 2018
auto.tcl: Setting watchdog for 200 seconds at Sun May 06 01:02:15 UTC 2018
5 ms. Memory: 208384K Free: 196155K (94%)
ptolemy.util.test.WatchDog.cancel(): canceling Sun May 06 01:02:15 UTC 2018
------------------ testing $PTII/ptolemy/domains/de/test/auto/DEinDEwithStartTimes.xml
auto.tcl: Setting watchdog for 200 seconds at Sun May 06 01:02:15 UTC 2018
6 ms. Memory: 208384K Free: 196124K (94%)
ptolemy.util.test.WatchDog.cancel(): canceling Sun May 06 01:02:15 UTC 2018
auto.tcl: Setting watchdog for 200 seconds at Sun May 06 01:02:15 UTC 2018
3 ms. Memory: 208384K Free: 194012K (93%)
ptolemy.util.test.WatchDog.cancel(): canceling Sun May 06 01:02:15 UTC 2018
------------------ testing $PTII/ptolemy/domains/de/test/auto/DEinDEwithStartTimes2.xml
auto.tcl: Setting watchdog for 200 seconds at Sun May 06 01:02:15 UTC 2018
7 ms. Memory: 208384K Free: 196441K (94%)
ptolemy.util.test.WatchDog.cancel(): canceling Sun May 06 01:02:15 UTC 2018
auto.tcl: Setting watchdog for 200 seconds at Sun May 06 01:02:15 UTC 2018
12 ms. Memory: 208384K Free: 193992K (93%)
ptolemy.util.test.WatchDog.cancel(): canceling Sun May 06 01:02:15 UTC 2018
------------------ testing $PTII/ptolemy/domains/de/test/auto/DateDemo.xml
auto.tcl: Setting watchdog for 200 seconds at Sun May 06 01:02:15 UTC 2018
14 ms. Memory: 208384K Free: 188498K (90%)
ptolemy.util.test.WatchDog.cancel(): canceling Sun May 06 01:02:16 UTC 2018
auto.tcl: Setting watchdog for 200 seconds at Sun May 06 01:02:16 UTC 2018
10 ms. Memory: 208384K Free: 186386K (89%)
ptolemy.util.test.WatchDog.cancel(): canceling Sun May 06 01:02:16 UTC 2018
------------------ testing $PTII/ptolemy/domains/de/test/auto/DateToEvent.xml
auto.tcl: Setting watchdog for 200 seconds at Sun May 06 01:02:16 UTC 2018
2016 ms. Memory: 208384K Free: 183169K (88%)
ptolemy.util.test.WatchDog.cancel(): canceling Sun May 06 01:02:18 UTC 2018
auto.tcl: Setting watchdog for 200 seconds at Sun May 06 01:02:18 UTC 2018
2005 ms. Memory: 208384K Free: 180711K (87%)
ptolemy.util.test.WatchDog.cancel(): canceling Sun May 06 01:02:20 UTC 2018
------------------ testing $PTII/ptolemy/domains/de/test/auto/DepthTest1.xml
auto.tcl: Setting watchdog for 200 seconds at Sun May 06 01:02:20 UTC 2018
2 ms. Memory: 208384K Free: 197793K (95%)
ptolemy.util.test.WatchDog.cancel(): canceling Sun May 06 01:02:20 UTC 2018
auto.tcl: Setting watchdog for 200 seconds at Sun May 06 01:02:20 UTC 2018
1 ms. Memory: 208384K Free: 197793K (95%)
ptolemy.util.test.WatchDog.cancel(): canceling Sun May 06 01:02:20 UTC 2018
------------------ testing $PTII/ptolemy/domains/de/test/auto/DepthTest2.xml
auto.tcl: Setting watchdog for 200 seconds at Sun May 06 01:02:20 UTC 2018
8 ms. Memory: 208384K Free: 193971K (93%)
ptolemy.util.test.WatchDog.cancel(): canceling Sun May 06 01:02:20 UTC 2018
auto.tcl: Setting watchdog for 200 seconds at Sun May 06 01:02:20 UTC 2018
3 ms. Memory: 208384K Free: 193971K (93%)
ptolemy.util.test.WatchDog.cancel(): canceling Sun May 06 01:02:20 UTC 2018
------------------ testing $PTII/ptolemy/domains/de/test/auto/DepthTest3.xml
auto.tcl: Setting watchdog for 200 seconds at Sun May 06 01:02:20 UTC 2018
5 ms. Memory: 208384K Free: 198466K (95%)
ptolemy.util.test.WatchDog.cancel(): canceling Sun May 06 01:02:20 UTC 2018
auto.tcl: Setting watchdog for 200 seconds at Sun May 06 01:02:20 UTC 2018
1 ms. Memory: 208384K Free: 198466K (95%)
ptolemy.util.test.WatchDog.cancel(): canceling Sun May 06 01:02:20 UTC 2018
------------------ testing $PTII/ptolemy/domains/de/test/auto/DepthTest4.xml
auto.tcl: Setting watchdog for 200 seconds at Sun May 06 01:02:20 UTC 2018
5 ms. Memory: 208384K Free: 196103K (94%)
ptolemy.util.test.WatchDog.cancel(): canceling Sun May 06 01:02:20 UTC 2018
auto.tcl: Setting watchdog for 200 seconds at Sun May 06 01:02:20 UTC 2018
2 ms. Memory: 208384K Free: 196103K (94%)
ptolemy.util.test.WatchDog.cancel(): canceling Sun May 06 01:02:20 UTC 2018
------------------ testing $PTII/ptolemy/domains/de/test/auto/DepthTest5.xml
auto.tcl: Setting watchdog for 200 seconds at Sun May 06 01:02:20 UTC 2018
7 ms. Memory: 208384K Free: 196051K (94%)
ptolemy.util.test.WatchDog.cancel(): canceling Sun May 06 01:02:20 UTC 2018
auto.tcl: Setting watchdog for 200 seconds at Sun May 06 01:02:20 UTC 2018
2 ms. Memory: 208384K Free: 196051K (94%)
ptolemy.util.test.WatchDog.cancel(): canceling Sun May 06 01:02:20 UTC 2018
------------------ testing $PTII/ptolemy/domains/de/test/auto/DepthTest6.xml
auto.tcl: Setting watchdog for 200 seconds at Sun May 06 01:02:20 UTC 2018
8 ms. Memory: 208384K Free: 196020K (94%)
ptolemy.util.test.WatchDog.cancel(): canceling Sun May 06 01:02:20 UTC 2018
auto.tcl: Setting watchdog for 200 seconds at Sun May 06 01:02:20 UTC 2018
2 ms. Memory: 208384K Free: 196020K (94%)
ptolemy.util.test.WatchDog.cancel(): canceling Sun May 06 01:02:20 UTC 2018
------------------ testing $PTII/ptolemy/domains/de/test/auto/DepthTest7.xml
auto.tcl: Setting watchdog for 200 seconds at Sun May 06 01:02:20 UTC 2018
3 ms. Memory: 208384K Free: 196007K (94%)
ptolemy.util.test.WatchDog.cancel(): canceling Sun May 06 01:02:20 UTC 2018
auto.tcl: Setting watchdog for 200 seconds at Sun May 06 01:02:20 UTC 2018
2 ms. Memory: 208384K Free: 196007K (94%)
ptolemy.util.test.WatchDog.cancel(): canceling Sun May 06 01:02:20 UTC 2018
------------------ testing $PTII/ptolemy/domains/de/test/auto/EventToDate.xml
auto.tcl: Setting watchdog for 200 seconds at Sun May 06 01:02:20 UTC 2018
3007 ms. Memory: 208384K Free: 185470K (89%)
ptolemy.util.test.WatchDog.cancel(): canceling Sun May 06 01:02:23 UTC 2018
auto.tcl: Setting watchdog for 200 seconds at Sun May 06 01:02:23 UTC 2018
3006 ms. Memory: 208384K Free: 185470K (89%)
ptolemy.util.test.WatchDog.cancel(): canceling Sun May 06 01:02:26 UTC 2018
------------------ testing $PTII/ptolemy/domains/de/test/auto/FSM1.xml
auto.tcl: Setting watchdog for 200 seconds at Sun May 06 01:02:26 UTC 2018
35 ms. Memory: 208384K Free: 189037K (91%)
ptolemy.util.test.WatchDog.cancel(): canceling Sun May 06 01:02:27 UTC 2018
auto.tcl: Setting watchdog for 200 seconds at Sun May 06 01:02:27 UTC 2018
14 ms. Memory: 208384K Free: 184813K (89%)
ptolemy.util.test.WatchDog.cancel(): canceling Sun May 06 01:02:27 UTC 2018
------------------ testing $PTII/ptolemy/domains/de/test/auto/FSM7.xml
auto.tcl: Setting watchdog for 200 seconds at Sun May 06 01:02:27 UTC 2018
30 ms. Memory: 208384K Free: 187128K (90%)
ptolemy.util.test.WatchDog.cancel(): canceling Sun May 06 01:02:27 UTC 2018
auto.tcl: Setting watchdog for 200 seconds at Sun May 06 01:02:27 UTC 2018
20 ms. Memory: 208384K Free: 185016K (89%)
ptolemy.util.test.WatchDog.cancel(): canceling Sun May 06 01:02:27 UTC 2018
------------------ testing $PTII/ptolemy/domains/de/test/auto/Inspection.xml
auto.tcl: Setting watchdog for 200 seconds at Sun May 06 01:02:27 UTC 2018
24 ms. Memory: 208384K Free: 188677K (91%)
ptolemy.util.test.WatchDog.cancel(): canceling Sun May 06 01:02:27 UTC 2018
auto.tcl: Setting watchdog for 200 seconds at Sun May 06 01:02:27 UTC 2018
40 ms. Memory: 208384K Free: 186566K (90%)
ptolemy.util.test.WatchDog.cancel(): canceling Sun May 06 01:02:27 UTC 2018
------------------ testing $PTII/ptolemy/domains/de/test/auto/Iteration.xml
auto.tcl: Setting watchdog for 200 seconds at Sun May 06 01:02:27 UTC 2018
17 ms. Memory: 208384K Free: 194039K (93%)
ptolemy.util.test.WatchDog.cancel(): canceling Sun May 06 01:02:27 UTC 2018
auto.tcl: Setting watchdog for 200 seconds at Sun May 06 01:02:27 UTC 2018
7 ms. Memory: 208384K Free: 194039K (93%)
ptolemy.util.test.WatchDog.cancel(): canceling Sun May 06 01:02:27 UTC 2018
------------------ testing $PTII/ptolemy/domains/de/test/auto/LineFault.xml
auto.tcl: Setting watchdog for 200 seconds at Sun May 06 01:02:27 UTC 2018
637 ms. Memory: 208384K Free: 194619K (93%)
ptolemy.util.test.WatchDog.cancel(): canceling Sun May 06 01:02:28 UTC 2018
auto.tcl: Setting watchdog for 200 seconds at Sun May 06 01:02:28 UTC 2018
565 ms. Memory: 208384K Free: 138812K (67%)
ptolemy.util.test.WatchDog.cancel(): canceling Sun May 06 01:02:28 UTC 2018
------------------ testing $PTII/ptolemy/domains/de/test/auto/MergeModel1Add.xml
auto.tcl: Setting watchdog for 200 seconds at Sun May 06 01:02:28 UTC 2018
14 ms. Memory: 331264K Free: 302670K (91%)
ptolemy.util.test.WatchDog.cancel(): canceling Sun May 06 01:02:29 UTC 2018
auto.tcl: Setting watchdog for 200 seconds at Sun May 06 01:02:29 UTC 2018
9 ms. Memory: 331264K Free: 298721K (90%)
ptolemy.util.test.WatchDog.cancel(): canceling Sun May 06 01:02:29 UTC 2018
------------------ testing $PTII/ptolemy/domains/de/test/auto/MergeModel2Add.xml
auto.tcl: Setting watchdog for 200 seconds at Sun May 06 01:02:29 UTC 2018
14 ms. Memory: 331264K Free: 303991K (92%)
ptolemy.util.test.WatchDog.cancel(): canceling Sun May 06 01:02:29 UTC 2018
auto.tcl: Setting watchdog for 200 seconds at Sun May 06 01:02:29 UTC 2018
9 ms. Memory: 331264K Free: 300059K (91%)
ptolemy.util.test.WatchDog.cancel(): canceling Sun May 06 01:02:29 UTC 2018
------------------ testing $PTII/ptolemy/domains/de/test/auto/MergeModel3Add.xml
auto.tcl: Setting watchdog for 200 seconds at Sun May 06 01:02:29 UTC 2018
8 ms. Memory: 331264K Free: 304001K (92%)
ptolemy.util.test.WatchDog.cancel(): canceling Sun May 06 01:02:29 UTC 2018
auto.tcl: Setting watchdog for 200 seconds at Sun May 06 01:02:29 UTC 2018
6 ms. Memory: 331264K Free: 300069K (91%)
ptolemy.util.test.WatchDog.cancel(): canceling Sun May 06 01:02:29 UTC 2018
------------------ testing $PTII/ptolemy/domains/de/test/auto/MergeWithoutDiscard.xml
auto.tcl: Setting watchdog for 200 seconds at Sun May 06 01:02:29 UTC 2018
4 ms. Memory: 331264K Free: 315812K (95%)
ptolemy.util.test.WatchDog.cancel(): canceling Sun May 06 01:02:29 UTC 2018
auto.tcl: Setting watchdog for 200 seconds at Sun May 06 01:02:29 UTC 2018
1 ms. Memory: 331264K Free: 315812K (95%)
ptolemy.util.test.WatchDog.cancel(): canceling Sun May 06 01:02:29 UTC 2018
------------------ testing $PTII/ptolemy/domains/de/test/auto/Modal1.xml
auto.tcl: Setting watchdog for 200 seconds at Sun May 06 01:02:29 UTC 2018
18 ms. Memory: 331264K Free: 309728K (93%)
ptolemy.util.test.WatchDog.cancel(): canceling Sun May 06 01:02:29 UTC 2018
auto.tcl: Setting watchdog for 200 seconds at Sun May 06 01:02:29 UTC 2018
17 ms. Memory: 331264K Free: 305795K (92%)
ptolemy.util.test.WatchDog.cancel(): canceling Sun May 06 01:02:29 UTC 2018
------------------ testing $PTII/ptolemy/domains/de/test/auto/Modal2.xml
auto.tcl: Setting watchdog for 200 seconds at Sun May 06 01:02:29 UTC 2018
10 ms. Memory: 331264K Free: 309609K (93%)
ptolemy.util.test.WatchDog.cancel(): canceling Sun May 06 01:02:29 UTC 2018
auto.tcl: Setting watchdog for 200 seconds at Sun May 06 01:02:29 UTC 2018
10 ms. Memory: 331264K Free: 305677K (92%)
ptolemy.util.test.WatchDog.cancel(): canceling Sun May 06 01:02:29 UTC 2018
------------------ testing $PTII/ptolemy/domains/de/test/auto/Modal3.xml
auto.tcl: Setting watchdog for 200 seconds at Sun May 06 01:02:29 UTC 2018
9 ms. Memory: 331264K Free: 309893K (94%)
ptolemy.util.test.WatchDog.cancel(): canceling Sun May 06 01:02:29 UTC 2018
auto.tcl: Setting watchdog for 200 seconds at Sun May 06 01:02:29 UTC 2018
9 ms. Memory: 331264K Free: 305659K (92%)
ptolemy.util.test.WatchDog.cancel(): canceling Sun May 06 01:02:29 UTC 2018
------------------ testing $PTII/ptolemy/domains/de/test/auto/Modal4.xml
auto.tcl: Setting watchdog for 200 seconds at Sun May 06 01:02:29 UTC 2018
26 ms. Memory: 331264K Free: 309605K (93%)
ptolemy.util.test.WatchDog.cancel(): canceling Sun May 06 01:02:29 UTC 2018
auto.tcl: Setting watchdog for 200 seconds at Sun May 06 01:02:29 UTC 2018
22 ms. Memory: 331264K Free: 305656K (92%)
ptolemy.util.test.WatchDog.cancel(): canceling Sun May 06 01:02:29 UTC 2018
------------------ testing $PTII/ptolemy/domains/de/test/auto/Modal5.xml
auto.tcl: Setting watchdog for 200 seconds at Sun May 06 01:02:29 UTC 2018
20 ms. Memory: 331264K Free: 309592K (93%)
ptolemy.util.test.WatchDog.cancel(): canceling Sun May 06 01:02:29 UTC 2018
auto.tcl: Setting watchdog for 200 seconds at Sun May 06 01:02:29 UTC 2018
12 ms. Memory: 331264K Free: 305652K (92%)
ptolemy.util.test.WatchDog.cancel(): canceling Sun May 06 01:02:29 UTC 2018
------------------ testing $PTII/ptolemy/domains/de/test/auto/Modal6.xml
auto.tcl: Setting watchdog for 200 seconds at Sun May 06 01:02:30 UTC 2018
9 ms. Memory: 331264K Free: 309589K (93%)
ptolemy.util.test.WatchDog.cancel(): canceling Sun May 06 01:02:30 UTC 2018
auto.tcl: Setting watchdog for 200 seconds at Sun May 06 01:02:30 UTC 2018
12 ms. Memory: 331264K Free: 305641K (92%)
ptolemy.util.test.WatchDog.cancel(): canceling Sun May 06 01:02:30 UTC 2018
------------------ testing $PTII/ptolemy/domains/de/test/auto/Modal7.xml
auto.tcl: Setting watchdog for 200 seconds at Sun May 06 01:02:30 UTC 2018
9 ms. Memory: 331264K Free: 309574K (93%)
ptolemy.util.test.WatchDog.cancel(): canceling Sun May 06 01:02:30 UTC 2018
auto.tcl: Setting watchdog for 200 seconds at Sun May 06 01:02:30 UTC 2018
10 ms. Memory: 331264K Free: 305625K (92%)
ptolemy.util.test.WatchDog.cancel(): canceling Sun May 06 01:02:30 UTC 2018
------------------ testing $PTII/ptolemy/domains/de/test/auto/ModalModel.xml
auto.tcl: Setting watchdog for 200 seconds at Sun May 06 01:02:30 UTC 2018
162 ms. Memory: 331264K Free: 243468K (73%)
ptolemy.util.test.WatchDog.cancel(): canceling Sun May 06 01:02:30 UTC 2018
auto.tcl: Setting watchdog for 200 seconds at Sun May 06 01:02:30 UTC 2018
176 ms. Memory: 331264K Free: 188263K (57%)
ptolemy.util.test.WatchDog.cancel(): canceling Sun May 06 01:02:30 UTC 2018
------------------ testing $PTII/ptolemy/domains/de/test/auto/ModalSource.xml
auto.tcl: Setting watchdog for 200 seconds at Sun May 06 01:02:30 UTC 2018
6 ms. Memory: 331264K Free: 316389K (96%)
ptolemy.util.test.WatchDog.cancel(): canceling Sun May 06 01:02:30 UTC 2018
auto.tcl: Setting watchdog for 200 seconds at Sun May 06 01:02:30 UTC 2018
5 ms. Memory: 331264K Free: 312887K (94%)
ptolemy.util.test.WatchDog.cancel(): canceling Sun May 06 01:02:30 UTC 2018
------------------ testing $PTII/ptolemy/domains/de/test/auto/NonInterruptibleTimerZeroDelay.xml
auto.tcl: Setting watchdog for 200 seconds at Sun May 06 01:02:30 UTC 2018
3 ms. Memory: 331264K Free: 320729K (97%)
ptolemy.util.test.WatchDog.cancel(): canceling Sun May 06 01:02:30 UTC 2018
auto.tcl: Setting watchdog for 200 seconds at Sun May 06 01:02:30 UTC 2018
2 ms. Memory: 331264K Free: 317227K (96%)
ptolemy.util.test.WatchDog.cancel(): canceling Sun May 06 01:02:30 UTC 2018
------------------ testing $PTII/ptolemy/domains/de/test/auto/OpenQueueingNetwork.xml
auto.tcl: Setting watchdog for 200 seconds at Sun May 06 01:02:30 UTC 2018
2463 ms. Memory: 573952K Free: 421682K (73%)
ptolemy.util.test.WatchDog.cancel(): canceling Sun May 06 01:02:33 UTC 2018
auto.tcl: Setting watchdog for 200 seconds at Sun May 06 01:02:33 UTC 2018
2471 ms. Memory: 574464K Free: 333934K (58%)
ptolemy.util.test.WatchDog.cancel(): canceling Sun May 06 01:02:35 UTC 2018
------------------ testing $PTII/ptolemy/domains/de/test/auto/OpenQueuingNetwork.xml
auto.tcl: Setting watchdog for 200 seconds at Sun May 06 01:02:35 UTC 2018
211 ms. Memory: 1064960K Free: 945929K (89%)
ptolemy.util.test.WatchDog.cancel(): canceling Sun May 06 01:02:36 UTC 2018
auto.tcl: Setting watchdog for 200 seconds at Sun May 06 01:02:36 UTC 2018
217 ms. Memory: 1064960K Free: 888867K (83%)
ptolemy.util.test.WatchDog.cancel(): canceling Sun May 06 01:02:36 UTC 2018
------------------ testing $PTII/ptolemy/domains/de/test/auto/PeriodicSampler.xml
auto.tcl: Setting watchdog for 200 seconds at Sun May 06 01:02:36 UTC 2018
2 ms. Memory: 1065472K Free: 1028748K (97%)
ptolemy.util.test.WatchDog.cancel(): canceling Sun May 06 01:02:36 UTC 2018
auto.tcl: Setting watchdog for 200 seconds at Sun May 06 01:02:36 UTC 2018
2 ms. Memory: 1065472K Free: 1028748K (97%)
ptolemy.util.test.WatchDog.cancel(): canceling Sun May 06 01:02:36 UTC 2018
------------------ testing $PTII/ptolemy/domains/de/test/auto/PersistentIO.xml
auto.tcl: Setting watchdog for 200 seconds at Sun May 06 01:02:36 UTC 2018
7 ms. Memory: 1065472K Free: 1029813K (97%)
ptolemy.util.test.WatchDog.cancel(): canceling Sun May 06 01:02:36 UTC 2018
auto.tcl: Setting watchdog for 200 seconds at Sun May 06 01:02:36 UTC 2018
3 ms. Memory: 1065472K Free: 1029813K (97%)
ptolemy.util.test.WatchDog.cancel(): canceling Sun May 06 01:02:36 UTC 2018
------------------ testing $PTII/ptolemy/domains/de/test/auto/PortParameterResetOnInitialize.xml
auto.tcl: Setting watchdog for 200 seconds at Sun May 06 01:02:36 UTC 2018
2 ms. Memory: 1065472K Free: 1029192K (97%)
ptolemy.util.test.WatchDog.cancel(): canceling Sun May 06 01:02:36 UTC 2018
auto.tcl: Setting watchdog for 200 seconds at Sun May 06 01:02:36 UTC 2018
2 ms. Memory: 1065472K Free: 1029192K (97%)
ptolemy.util.test.WatchDog.cancel(): canceling Sun May 06 01:02:36 UTC 2018
------------------ testing $PTII/ptolemy/domains/de/test/auto/PortParameterUpdates.xml
auto.tcl: Setting watchdog for 200 seconds at Sun May 06 01:02:36 UTC 2018
3 ms. Memory: 1065472K Free: 1039146K (98%)
ptolemy.util.test.WatchDog.cancel(): canceling Sun May 06 01:02:36 UTC 2018
auto.tcl: Setting watchdog for 200 seconds at Sun May 06 01:02:36 UTC 2018
3 ms. Memory: 1065472K Free: 1039146K (98%)
ptolemy.util.test.WatchDog.cancel(): canceling Sun May 06 01:02:36 UTC 2018
------------------ testing $PTII/ptolemy/domains/de/test/auto/QueueAndServer.xml
auto.tcl: Setting watchdog for 200 seconds at Sun May 06 01:02:36 UTC 2018
19 ms. Memory: 1065472K Free: 1039109K (98%)
ptolemy.util.test.WatchDog.cancel(): canceling Sun May 06 01:02:36 UTC 2018
auto.tcl: Setting watchdog for 200 seconds at Sun May 06 01:02:36 UTC 2018
5 ms. Memory: 1065472K Free: 1039109K (98%)
ptolemy.util.test.WatchDog.cancel(): canceling Sun May 06 01:02:36 UTC 2018
------------------ testing $PTII/ptolemy/domains/de/test/auto/Records.xml
auto.tcl: Setting watchdog for 200 seconds at Sun May 06 01:02:36 UTC 2018
4 ms. Memory: 1065472K Free: 1039050K (98%)
ptolemy.util.test.WatchDog.cancel(): canceling Sun May 06 01:02:36 UTC 2018
auto.tcl: Setting watchdog for 200 seconds at Sun May 06 01:02:36 UTC 2018
2 ms. Memory: 1065472K Free: 1039050K (98%)
ptolemy.util.test.WatchDog.cancel(): canceling Sun May 06 01:02:36 UTC 2018
------------------ testing $PTII/ptolemy/domains/de/test/auto/ResetTransitionWithStartTime1.xml
auto.tcl: Setting watchdog for 200 seconds at Sun May 06 01:02:36 UTC 2018
6 ms. Memory: 1065472K Free: 1039076K (98%)
ptolemy.util.test.WatchDog.cancel(): canceling Sun May 06 01:02:36 UTC 2018
auto.tcl: Setting watchdog for 200 seconds at Sun May 06 01:02:36 UTC 2018
5 ms. Memory: 1065472K Free: 1039076K (98%)
ptolemy.util.test.WatchDog.cancel(): canceling Sun May 06 01:02:36 UTC 2018
------------------ testing $PTII/ptolemy/domains/de/test/auto/ResetTransitionWithStartTime2.xml
auto.tcl: Setting watchdog for 200 seconds at Sun May 06 01:02:37 UTC 2018
11 ms. Memory: 1064448K Free: 1038044K (98%)
ptolemy.util.test.WatchDog.cancel(): canceling Sun May 06 01:02:37 UTC 2018
auto.tcl: Setting watchdog for 200 seconds at Sun May 06 01:02:37 UTC 2018
5 ms. Memory: 1064448K Free: 1038044K (98%)
ptolemy.util.test.WatchDog.cancel(): canceling Sun May 06 01:02:37 UTC 2018
------------------ testing $PTII/ptolemy/domains/de/test/auto/ResetTransitionWithStartTime3.xml
auto.tcl: Setting watchdog for 200 seconds at Sun May 06 01:02:37 UTC 2018
7 ms. Memory: 1064960K Free: 1038554K (98%)
ptolemy.util.test.WatchDog.cancel(): canceling Sun May 06 01:02:37 UTC 2018
auto.tcl: Setting watchdog for 200 seconds at Sun May 06 01:02:37 UTC 2018
5 ms. Memory: 1064960K Free: 1038554K (98%)
ptolemy.util.test.WatchDog.cancel(): canceling Sun May 06 01:02:37 UTC 2018
------------------ testing $PTII/ptolemy/domains/de/test/auto/ResetTransitionWithStartTime4.xml
auto.tcl: Setting watchdog for 200 seconds at Sun May 06 01:02:37 UTC 2018
4 ms. Memory: 1064960K Free: 1038552K (98%)
ptolemy.util.test.WatchDog.cancel(): canceling Sun May 06 01:02:37 UTC 2018
auto.tcl: Setting watchdog for 200 seconds at Sun May 06 01:02:37 UTC 2018
4 ms. Memory: 1064960K Free: 1038552K (98%)
ptolemy.util.test.WatchDog.cancel(): canceling Sun May 06 01:02:37 UTC 2018
------------------ testing $PTII/ptolemy/domains/de/test/auto/ResettableTimer1.xml
auto.tcl: Setting watchdog for 200 seconds at Sun May 06 01:02:37 UTC 2018
3 ms. Memory: 1064960K Free: 1038547K (98%)
ptolemy.util.test.WatchDog.cancel(): canceling Sun May 06 01:02:37 UTC 2018
auto.tcl: Setting watchdog for 200 seconds at Sun May 06 01:02:37 UTC 2018
2 ms. Memory: 1064960K Free: 1038547K (98%)
ptolemy.util.test.WatchDog.cancel(): canceling Sun May 06 01:02:37 UTC 2018
------------------ testing $PTII/ptolemy/domains/de/test/auto/ResettableTimer2.xml
auto.tcl: Setting watchdog for 200 seconds at Sun May 06 01:02:37 UTC 2018
2 ms. Memory: 1064960K Free: 1039088K (98%)
ptolemy.util.test.WatchDog.cancel(): canceling Sun May 06 01:02:37 UTC 2018
auto.tcl: Setting watchdog for 200 seconds at Sun May 06 01:02:37 UTC 2018
2 ms. Memory: 1064960K Free: 1039088K (98%)
ptolemy.util.test.WatchDog.cancel(): canceling Sun May 06 01:02:37 UTC 2018
------------------ testing $PTII/ptolemy/domains/de/test/auto/ResettableTimer3.xml
auto.tcl: Setting watchdog for 200 seconds at Sun May 06 01:02:37 UTC 2018
1 ms. Memory: 1064960K Free: 1038606K (98%)
ptolemy.util.test.WatchDog.cancel(): canceling Sun May 06 01:02:37 UTC 2018
auto.tcl: Setting watchdog for 200 seconds at Sun May 06 01:02:37 UTC 2018
1 ms. Memory: 1064960K Free: 1038606K (98%)
ptolemy.util.test.WatchDog.cancel(): canceling Sun May 06 01:02:37 UTC 2018
------------------ testing $PTII/ptolemy/domains/de/test/auto/ResettableTimer4.xml
auto.tcl: Setting watchdog for 200 seconds at Sun May 06 01:02:37 UTC 2018
3 ms. Memory: 1063936K Free: 1038076K (98%)
ptolemy.util.test.WatchDog.cancel(): canceling Sun May 06 01:02:37 UTC 2018
auto.tcl: Setting watchdog for 200 seconds at Sun May 06 01:02:37 UTC 2018
1 ms. Memory: 1063936K Free: 1038076K (98%)
ptolemy.util.test.WatchDog.cancel(): canceling Sun May 06 01:02:37 UTC 2018
------------------ testing $PTII/ptolemy/domains/de/test/auto/ResettableTimer5.xml
auto.tcl: Setting watchdog for 200 seconds at Sun May 06 01:02:37 UTC 2018
1 ms. Memory: 1064448K Free: 1028285K (97%)
ptolemy.util.test.WatchDog.cancel(): canceling Sun May 06 01:02:37 UTC 2018
auto.tcl: Setting watchdog for 200 seconds at Sun May 06 01:02:37 UTC 2018
2 ms. Memory: 1064448K Free: 1028285K (97%)
ptolemy.util.test.WatchDog.cancel(): canceling Sun May 06 01:02:37 UTC 2018
------------------ testing $PTII/ptolemy/domains/de/test/auto/ResettableTimer6.xml
auto.tcl: Setting watchdog for 200 seconds at Sun May 06 01:02:37 UTC 2018
2 ms. Memory: 1064448K Free: 1038054K (98%)
ptolemy.util.test.WatchDog.cancel(): canceling Sun May 06 01:02:37 UTC 2018
auto.tcl: Setting watchdog for 200 seconds at Sun May 06 01:02:37 UTC 2018
1 ms. Memory: 1064448K Free: 1038054K (98%)
ptolemy.util.test.WatchDog.cancel(): canceling Sun May 06 01:02:37 UTC 2018
------------------ testing $PTII/ptolemy/domains/de/test/auto/ServerZeroDelay.xml
auto.tcl: Setting watchdog for 200 seconds at Sun May 06 01:02:37 UTC 2018
2 ms. Memory: 1064448K Free: 1038527K (98%)
ptolemy.util.test.WatchDog.cancel(): canceling Sun May 06 01:02:37 UTC 2018
auto.tcl: Setting watchdog for 200 seconds at Sun May 06 01:02:37 UTC 2018
3 ms. Memory: 1064448K Free: 1038527K (98%)
ptolemy.util.test.WatchDog.cancel(): canceling Sun May 06 01:02:37 UTC 2018
------------------ testing $PTII/ptolemy/domains/de/test/auto/SmartSender.xml
auto.tcl: Setting watchdog for 200 seconds at Sun May 06 01:02:37 UTC 2018
3002 ms. Memory: 1064448K Free: 1038522K (98%)
ptolemy.util.test.WatchDog.cancel(): canceling Sun May 06 01:02:40 UTC 2018
auto.tcl: Setting watchdog for 200 seconds at Sun May 06 01:02:40 UTC 2018
3002 ms. Memory: 1064448K Free: 1038522K (98%)
ptolemy.util.test.WatchDog.cancel(): canceling Sun May 06 01:02:43 UTC 2018
------------------ testing $PTII/ptolemy/domains/de/test/auto/ThreadedComposite.xml
auto.tcl: Setting watchdog for 200 seconds at Sun May 06 01:02:43 UTC 2018
191 ms. Memory: 1064448K Free: 997159K (94%)
ptolemy.util.test.WatchDog.cancel(): canceling Sun May 06 01:02:44 UTC 2018
auto.tcl: Setting watchdog for 200 seconds at Sun May 06 01:02:44 UTC 2018
181 ms. Memory: 1064448K Free: 977519K (92%)
ptolemy.util.test.WatchDog.cancel(): canceling Sun May 06 01:02:44 UTC 2018
------------------ testing $PTII/ptolemy/domains/de/test/auto/Time.xml
auto.tcl: Setting watchdog for 200 seconds at Sun May 06 01:02:44 UTC 2018
476 ms. Memory: 1064448K Free: 988664K (93%)
ptolemy.util.test.WatchDog.cancel(): canceling Sun May 06 01:02:44 UTC 2018
auto.tcl: Setting watchdog for 200 seconds at Sun May 06 01:02:44 UTC 2018
443 ms. Memory: 1064448K Free: 942991K (89%)
ptolemy.util.test.WatchDog.cancel(): canceling Sun May 06 01:02:45 UTC 2018
------------------ testing $PTII/ptolemy/domains/de/test/auto/TimeDelayZeroDelay.xml
auto.tcl: Setting watchdog for 200 seconds at Sun May 06 01:02:45 UTC 2018
2 ms. Memory: 1064448K Free: 1037962K (98%)
ptolemy.util.test.WatchDog.cancel(): canceling Sun May 06 01:02:45 UTC 2018
auto.tcl: Setting watchdog for 200 seconds at Sun May 06 01:02:45 UTC 2018
1 ms. Memory: 1064448K Free: 1037962K (98%)
ptolemy.util.test.WatchDog.cancel(): canceling Sun May 06 01:02:45 UTC 2018
------------------ testing $PTII/ptolemy/domains/de/test/auto/TimerZeroDelay.xml
auto.tcl: Setting watchdog for 200 seconds at Sun May 06 01:02:45 UTC 2018
2 ms. Memory: 1063424K Free: 1037463K (98%)
ptolemy.util.test.WatchDog.cancel(): canceling Sun May 06 01:02:45 UTC 2018
auto.tcl: Setting watchdog for 200 seconds at Sun May 06 01:02:45 UTC 2018
2 ms. Memory: 1063424K Free: 1037463K (98%)
ptolemy.util.test.WatchDog.cancel(): canceling Sun May 06 01:02:45 UTC 2018
------------------ testing $PTII/ptolemy/domains/de/test/auto/TimingParadox.xml
auto.tcl: Setting watchdog for 200 seconds at Sun May 06 01:02:45 UTC 2018
300 ms. Memory: 1063936K Free: 973729K (92%)
ptolemy.util.test.WatchDog.cancel(): canceling Sun May 06 01:02:45 UTC 2018
auto.tcl: Setting watchdog for 200 seconds at Sun May 06 01:02:45 UTC 2018
297 ms. Memory: 1063936K Free: 939474K (88%)
ptolemy.util.test.WatchDog.cancel(): canceling Sun May 06 01:02:46 UTC 2018
------------------ testing $PTII/ptolemy/domains/de/test/auto/TransferInputs.xml
auto.tcl: Setting watchdog for 200 seconds at Sun May 06 01:02:46 UTC 2018
2 ms. Memory: 1063424K Free: 1036378K (97%)
ptolemy.util.test.WatchDog.cancel(): canceling Sun May 06 01:02:46 UTC 2018
auto.tcl: Setting watchdog for 200 seconds at Sun May 06 01:02:46 UTC 2018
1 ms. Memory: 1063424K Free: 1036378K (97%)
ptolemy.util.test.WatchDog.cancel(): canceling Sun May 06 01:02:46 UTC 2018
------------------ testing $PTII/ptolemy/domains/de/test/auto/TransferOutputs2.xml
auto.tcl: Setting watchdog for 200 seconds at Sun May 06 01:02:46 UTC 2018
3 ms. Memory: 1063936K Free: 1028176K (97%)
ptolemy.util.test.WatchDog.cancel(): canceling Sun May 06 01:02:46 UTC 2018
auto.tcl: Setting watchdog for 200 seconds at Sun May 06 01:02:46 UTC 2018
2 ms. Memory: 1063936K Free: 1028176K (97%)
ptolemy.util.test.WatchDog.cancel(): canceling Sun May 06 01:02:46 UTC 2018
------------------ testing $PTII/ptolemy/domains/de/test/auto/Trilateration.xml
auto.tcl: Setting watchdog for 200 seconds at Sun May 06 01:02:46 UTC 2018
13970 ms. Memory: 933376K Free: 776717K (83%)
ptolemy.util.test.WatchDog.cancel(): canceling Sun May 06 01:03:01 UTC 2018
auto.tcl: Setting watchdog for 200 seconds at Sun May 06 01:03:01 UTC 2018
12239 ms. Memory: 812544K Free: 511277K (63%)
ptolemy.util.test.WatchDog.cancel(): canceling Sun May 06 01:03:13 UTC 2018
------------------ testing $PTII/ptolemy/domains/de/test/auto/TwoSigmaDelta.xml
auto.tcl: Setting watchdog for 200 seconds at Sun May 06 01:03:13 UTC 2018
2539 ms. Memory: 816640K Free: 511871K (63%)
ptolemy.util.test.WatchDog.cancel(): canceling Sun May 06 01:03:16 UTC 2018
auto.tcl: Setting watchdog for 200 seconds at Sun May 06 01:03:16 UTC 2018
1914 ms. Memory: 816640K Free: 277474K (34%)
ptolemy.util.test.WatchDog.cancel(): canceling Sun May 06 01:03:18 UTC 2018
------------------ testing $PTII/ptolemy/domains/de/test/auto/VariableDelay.xml
auto.tcl: Setting watchdog for 200 seconds at Sun May 06 01:03:18 UTC 2018
3 ms. Memory: 813056K Free: 789994K (97%)
ptolemy.util.test.WatchDog.cancel(): canceling Sun May 06 01:03:18 UTC 2018
auto.tcl: Setting watchdog for 200 seconds at Sun May 06 01:03:18 UTC 2018
2 ms. Memory: 813056K Free: 789994K (97%)
ptolemy.util.test.WatchDog.cancel(): canceling Sun May 06 01:03:18 UTC 2018
------------------ testing $PTII/ptolemy/domains/de/test/auto/VariableDelay2.xml
auto.tcl: Setting watchdog for 200 seconds at Sun May 06 01:03:18 UTC 2018
6 ms. Memory: 812544K Free: 789938K (97%)
ptolemy.util.test.WatchDog.cancel(): canceling Sun May 06 01:03:18 UTC 2018
auto.tcl: Setting watchdog for 200 seconds at Sun May 06 01:03:18 UTC 2018
2 ms. Memory: 812544K Free: 789938K (97%)
ptolemy.util.test.WatchDog.cancel(): canceling Sun May 06 01:03:18 UTC 2018
------------------ testing $PTII/ptolemy/domains/de/test/auto/VariableDelayZeroDelay.xml
auto.tcl: Setting watchdog for 200 seconds at Sun May 06 01:03:18 UTC 2018
2 ms. Memory: 812544K Free: 789936K (97%)
ptolemy.util.test.WatchDog.cancel(): canceling Sun May 06 01:03:18 UTC 2018
auto.tcl: Setting watchdog for 200 seconds at Sun May 06 01:03:18 UTC 2018
2 ms. Memory: 812544K Free: 789936K (97%)
ptolemy.util.test.WatchDog.cancel(): canceling Sun May 06 01:03:18 UTC 2018
------------------ testing $PTII/ptolemy/domains/de/test/auto/VariableDelayZeroDelay2.xml
auto.tcl: Setting watchdog for 200 seconds at Sun May 06 01:03:18 UTC 2018
3 ms. Memory: 815616K Free: 785695K (96%)
ptolemy.util.test.WatchDog.cancel(): canceling Sun May 06 01:03:18 UTC 2018
auto.tcl: Setting watchdog for 200 seconds at Sun May 06 01:03:18 UTC 2018
1 ms. Memory: 815616K Free: 785695K (96%)
ptolemy.util.test.WatchDog.cancel(): canceling Sun May 06 01:03:18 UTC 2018
------------------ testing $PTII/ptolemy/domains/de/test/auto/deInCt.xml
auto.tcl: Setting watchdog for 200 seconds at Sun May 06 01:03:18 UTC 2018
0
1
1
1
0
0
0
1
1
1
0
0
0
1
1
1
0
0
0
1
1
1
1
0
0
0
1
1
1
0
0
0
0
0
1
1
1
1
0
0
0
0
11 ms. Memory: 812544K Free: 782579K (96%)
ptolemy.util.test.WatchDog.cancel(): canceling Sun May 06 01:03:18 UTC 2018
auto.tcl: Setting watchdog for 200 seconds at Sun May 06 01:03:18 UTC 2018
0
1
1
1
0
0
0
0
1
1
1
0
0
0
0
1
1
0
0
0
0
1
1
1
0
0
0
1
1
1
1
1
0
0
0
0
0
5 ms. Memory: 812544K Free: 782579K (96%)
ptolemy.util.test.WatchDog.cancel(): canceling Sun May 06 01:03:18 UTC 2018
------------------ testing $PTII/ptolemy/domains/de/test/auto/deInCt2.xml
auto.tcl: Setting watchdog for 200 seconds at Sun May 06 01:03:18 UTC 2018
0
1
1
1
0
0
1
1
1
0
0
1
1
1
0
0
1
1
1
0
0
1
1
1
0
0
1
1
1
0
0
1
1
1
0
0
1
1
1
0
0
0
16 ms. Memory: 815616K Free: 785651K (96%)
ptolemy.util.test.WatchDog.cancel(): canceling Sun May 06 01:03:18 UTC 2018
auto.tcl: Setting watchdog for 200 seconds at Sun May 06 01:03:18 UTC 2018
0
1
1
1
0
0
1
1
1
0
0
1
1
1
0
0
1
1
1
0
0
1
1
1
0
0
1
1
1
0
0
1
1
1
0
0
1
1
1
0
0
0
4 ms. Memory: 815616K Free: 785651K (96%)
ptolemy.util.test.WatchDog.cancel(): canceling Sun May 06 01:03:18 UTC 2018
------------------ testing $PTII/ptolemy/domains/de/test/auto/dynamicCausalityInterface1.xml
auto.tcl: Setting watchdog for 200 seconds at Sun May 06 01:03:18 UTC 2018
2 ms. Memory: 812544K Free: 789928K (97%)
ptolemy.util.test.WatchDog.cancel(): canceling Sun May 06 01:03:18 UTC 2018
auto.tcl: Setting watchdog for 200 seconds at Sun May 06 01:03:18 UTC 2018
1 ms. Memory: 812544K Free: 789928K (97%)
ptolemy.util.test.WatchDog.cancel(): canceling Sun May 06 01:03:18 UTC 2018
------------------ testing $PTII/ptolemy/domains/de/test/auto/fsm_de_test.xml
auto.tcl: Setting watchdog for 200 seconds at Sun May 06 01:03:18 UTC 2018
6 ms. Memory: 815104K Free: 785071K (96%)
ptolemy.util.test.WatchDog.cancel(): canceling Sun May 06 01:03:18 UTC 2018
auto.tcl: Setting watchdog for 200 seconds at Sun May 06 01:03:18 UTC 2018
5 ms. Memory: 815104K Free: 785071K (96%)
ptolemy.util.test.WatchDog.cancel(): canceling Sun May 06 01:03:18 UTC 2018
------------------ testing $PTII/ptolemy/domains/de/test/auto/functionDependencyReconstruction.xml
auto.tcl: Setting watchdog for 200 seconds at Sun May 06 01:03:18 UTC 2018
2 ms. Memory: 812544K Free: 772066K (95%)
ptolemy.util.test.WatchDog.cancel(): canceling Sun May 06 01:03:18 UTC 2018
auto.tcl: Setting watchdog for 200 seconds at Sun May 06 01:03:18 UTC 2018
2 ms. Memory: 812544K Free: 772066K (95%)
ptolemy.util.test.WatchDog.cancel(): canceling Sun May 06 01:03:18 UTC 2018
------------------ testing $PTII/ptolemy/domains/de/test/auto/multirate.xml
auto.tcl: Setting watchdog for 200 seconds at Sun May 06 01:03:18 UTC 2018
3 ms. Memory: 814592K Free: 791736K (97%)
ptolemy.util.test.WatchDog.cancel(): canceling Sun May 06 01:03:18 UTC 2018
auto.tcl: Setting watchdog for 200 seconds at Sun May 06 01:03:18 UTC 2018
2 ms. Memory: 814592K Free: 791736K (97%)
ptolemy.util.test.WatchDog.cancel(): canceling Sun May 06 01:03:18 UTC 2018
------------------ testing $PTII/ptolemy/domains/de/test/auto/multirate2.xml
auto.tcl: Setting watchdog for 200 seconds at Sun May 06 01:03:18 UTC 2018
2 ms. Memory: 812544K Free: 782566K (96%)
ptolemy.util.test.WatchDog.cancel(): canceling Sun May 06 01:03:18 UTC 2018
auto.tcl: Setting watchdog for 200 seconds at Sun May 06 01:03:18 UTC 2018
2 ms. Memory: 812544K Free: 782566K (96%)
ptolemy.util.test.WatchDog.cancel(): canceling Sun May 06 01:03:18 UTC 2018
------------------ testing $PTII/ptolemy/domains/de/test/auto/realtime.xml
auto.tcl: Setting watchdog for 200 seconds at Sun May 06 01:03:18 UTC 2018
10001 ms. Memory: 814592K Free: 784571K (96%)
ptolemy.util.test.WatchDog.cancel(): canceling Sun May 06 01:03:29 UTC 2018
auto.tcl: Setting watchdog for 200 seconds at Sun May 06 01:03:29 UTC 2018
10001 ms. Memory: 814592K Free: 784571K (96%)
ptolemy.util.test.WatchDog.cancel(): canceling Sun May 06 01:03:39 UTC 2018
------------------ testing $PTII/ptolemy/domains/de/test/auto/relationGroup.xml
auto.tcl: Setting watchdog for 200 seconds at Sun May 06 01:03:39 UTC 2018
4 ms. Memory: 812544K Free: 782590K (96%)
ptolemy.util.test.WatchDog.cancel(): canceling Sun May 06 01:03:39 UTC 2018
auto.tcl: Setting watchdog for 200 seconds at Sun May 06 01:03:39 UTC 2018
2 ms. Memory: 812544K Free: 782590K (96%)
ptolemy.util.test.WatchDog.cancel(): canceling Sun May 06 01:03:39 UTC 2018
------------------ testing $PTII/ptolemy/domains/de/test/auto/relationGroup2.xml
auto.tcl: Setting watchdog for 200 seconds at Sun May 06 01:03:39 UTC 2018
1 ms. Memory: 814080K Free: 784152K (96%)
ptolemy.util.test.WatchDog.cancel(): canceling Sun May 06 01:03:39 UTC 2018
auto.tcl: Setting watchdog for 200 seconds at Sun May 06 01:03:39 UTC 2018
1 ms. Memory: 814080K Free: 784152K (96%)
ptolemy.util.test.WatchDog.cancel(): canceling Sun May 06 01:03:39 UTC 2018
------------------ testing $PTII/ptolemy/domains/de/test/auto/sortWithOpaquePorts.xml
auto.tcl: Setting watchdog for 200 seconds at Sun May 06 01:03:39 UTC 2018
4 ms. Memory: 812544K Free: 782616K (96%)
ptolemy.util.test.WatchDog.cancel(): canceling Sun May 06 01:03:39 UTC 2018
auto.tcl: Setting watchdog for 200 seconds at Sun May 06 01:03:39 UTC 2018
1 ms. Memory: 812544K Free: 782616K (96%)
ptolemy.util.test.WatchDog.cancel(): canceling Sun May 06 01:03:39 UTC 2018
------------------ testing $PTII/ptolemy/domains/de/test/auto/transferInputsandOutputs.xml
auto.tcl: Setting watchdog for 200 seconds at Sun May 06 01:03:39 UTC 2018
3 ms. Memory: 814080K Free: 784140K (96%)
ptolemy.util.test.WatchDog.cancel(): canceling Sun May 06 01:03:39 UTC 2018
auto.tcl: Setting watchdog for 200 seconds at Sun May 06 01:03:39 UTC 2018
2 ms. Memory: 814080K Free: 784140K (96%)
ptolemy.util.test.WatchDog.cancel(): canceling Sun May 06 01:03:39 UTC 2018
------------------ testing $PTII/ptolemy/domains/de/test/auto/triggerType.xml
auto.tcl: Setting watchdog for 200 seconds at Sun May 06 01:03:39 UTC 2018
1 ms. Memory: 812544K Free: 782554K (96%)
ptolemy.util.test.WatchDog.cancel(): canceling Sun May 06 01:03:39 UTC 2018
auto.tcl: Setting watchdog for 200 seconds at Sun May 06 01:03:39 UTC 2018
1 ms. Memory: 812544K Free: 782554K (96%)
ptolemy.util.test.WatchDog.cancel(): canceling Sun May 06 01:03:39 UTC 2018
05/06/18 01:03:39
Failed: 0  Total Tests: 192  ((Passed: 187, Newly Passed: 1)  Known Failed: 5) /home/travis/build/icyphy/ptII/ptolemy/domains/de/test
05/06/18 01:03:39
Failed: 0  Total Tests: 192  ((Passed: 187, Newly Passed: 1)  Known Failed: 5) /home/travis/build/icyphy/ptII/ptolemy/domains/de/test
----------------- testing (KnownFailure) /home/travis/build/icyphy/ptII/ptolemy/domains/de/test/auto/knownFailedTests/DESDFClockTest.xml
2014 ms. Memory: 813568K Free: 768967K (95%)
Known Failure: java.lang.reflect.InvocationTargetException
----------------- testing (KnownFailure) /home/travis/build/icyphy/ptII/ptolemy/domains/de/test/auto/knownFailedTests/DirectFeedback.xml
2 ms. Memory: 813568K Free: 710476K (87%)
Known Failure: java.lang.reflect.InvocationTargetException
----------------- testing (KnownFailure) /home/travis/build/icyphy/ptII/ptolemy/domains/de/test/auto/knownFailedTests/FSMSource.xml
4 ms. Memory: 813568K Free: 651985K (80%)
----------------- testing (KnownFailure) /home/travis/build/icyphy/ptII/ptolemy/domains/de/test/auto/knownFailedTests/HierarchicalModel.xml
2 ms. Memory: 813568K Free: 608101K (75%)
Known Failure: java.lang.reflect.InvocationTargetException
----------------- testing (KnownFailure) /home/travis/build/icyphy/ptII/ptolemy/domains/de/test/auto/knownFailedTests/dependencyLoop.xml
1 ms. Memory: 813568K Free: 534971K (66%)
Known Failure: java.lang.reflect.InvocationTargetException
----------------- testing (KnownFailure) /home/travis/build/icyphy/ptII/ptolemy/domains/de/test/auto/knownFailedTests/dependencyLoop2.xml
1 ms. Memory: 813568K Free: 461841K (57%)
Known Failure: java.lang.reflect.InvocationTargetException
No auto/*.xml tests in /home/travis/build/icyphy/ptII/ptolemy/domains/de/test
AutoTests.java: About to close Vertx.
AutoTests.java: Vertx closed.
----------------- testing Sun May 06 01:03:41 UTC 2018 /home/travis/build/icyphy/ptII/ptolemy/domains/de/test/auto/ActorDepthCalculation_actorWithoutPorts.xml
----------------- Instantiating /home/travis/build/icyphy/ptII/ptolemy/domains/de/test/auto/ActorDepthCalculation_actorWithoutPorts.xml
1 ms. Memory: 813568K Free: 388727K (48%)
----------------- Invoking toplevel() on ptolemy.moml.MoMLSimpleApplication@9c2e43f
----------------- Done invoking toplevel() on ptolemy.moml.MoMLSimpleApplication@9c2e43f
reloadAllAccessors: .ActorDepthCalculation_actorWithoutPorts
----------------- testing Sun May 06 01:03:41 UTC 2018 /home/travis/build/icyphy/ptII/ptolemy/domains/de/test/auto/AssemblyLine.xml
----------------- Instantiating /home/travis/build/icyphy/ptII/ptolemy/domains/de/test/auto/AssemblyLine.xml
2 ms. Memory: 813568K Free: 359482K (44%)
----------------- Invoking toplevel() on ptolemy.moml.MoMLSimpleApplication@3d50870b
----------------- Done invoking toplevel() on ptolemy.moml.MoMLSimpleApplication@3d50870b
reloadAllAccessors: .AssemblyLine
----------------- testing Sun May 06 01:03:41 UTC 2018 /home/travis/build/icyphy/ptII/ptolemy/domains/de/test/auto/CQBug1.xml
----------------- Instantiating /home/travis/build/icyphy/ptII/ptolemy/domains/de/test/auto/CQBug1.xml
1 ms. Memory: 813568K Free: 330236K (41%)
----------------- Invoking toplevel() on ptolemy.moml.MoMLSimpleApplication@537e3de3
----------------- Done invoking toplevel() on ptolemy.moml.MoMLSimpleApplication@537e3de3
reloadAllAccessors: .CQBug1
----------------- testing Sun May 06 01:03:41 UTC 2018 /home/travis/build/icyphy/ptII/ptolemy/domains/de/test/auto/CancelFireAt.xml
----------------- Instantiating /home/travis/build/icyphy/ptII/ptolemy/domains/de/test/auto/CancelFireAt.xml
1 ms. Memory: 813568K Free: 300991K (37%)
----------------- Invoking toplevel() on ptolemy.moml.MoMLSimpleApplication@52913ed9
----------------- Done invoking toplevel() on ptolemy.moml.MoMLSimpleApplication@52913ed9
reloadAllAccessors: .CancelFireAt
----------------- testing Sun May 06 01:03:41 UTC 2018 /home/travis/build/icyphy/ptII/ptolemy/domains/de/test/auto/CausalityAndComposabilityAnalysis.xml
----------------- Instantiating /home/travis/build/icyphy/ptII/ptolemy/domains/de/test/auto/CausalityAndComposabilityAnalysis.xml
2 ms. Memory: 813568K Free: 271745K (33%)
----------------- Invoking toplevel() on ptolemy.moml.MoMLSimpleApplication@399ed3e
----------------- Done invoking toplevel() on ptolemy.moml.MoMLSimpleApplication@399ed3e
reloadAllAccessors: .CausalityAndComposabilityAnalysis
----------------- testing Sun May 06 01:03:41 UTC 2018 /home/travis/build/icyphy/ptII/ptolemy/domains/de/test/auto/CausalityInterface1.xml
----------------- Instantiating /home/travis/build/icyphy/ptII/ptolemy/domains/de/test/auto/CausalityInterface1.xml
3 ms. Memory: 813568K Free: 242499K (30%)
----------------- Invoking toplevel() on ptolemy.moml.MoMLSimpleApplication@44cd3d16
----------------- Done invoking toplevel() on ptolemy.moml.MoMLSimpleApplication@44cd3d16
reloadAllAccessors: .CausalityInterface1
----------------- testing Sun May 06 01:03:41 UTC 2018 /home/travis/build/icyphy/ptII/ptolemy/domains/de/test/auto/CausalityInterface15.xml
----------------- Instantiating /home/travis/build/icyphy/ptII/ptolemy/domains/de/test/auto/CausalityInterface15.xml
1 ms. Memory: 813568K Free: 213254K (26%)
----------------- Invoking toplevel() on ptolemy.moml.MoMLSimpleApplication@4cc8231a
----------------- Done invoking toplevel() on ptolemy.moml.MoMLSimpleApplication@4cc8231a
reloadAllAccessors: .CausalityInterface15
----------------- testing Sun May 06 01:03:41 UTC 2018 /home/travis/build/icyphy/ptII/ptolemy/domains/de/test/auto/CausalityInterface2.xml
----------------- Instantiating /home/travis/build/icyphy/ptII/ptolemy/domains/de/test/auto/CausalityInterface2.xml
1 ms. Memory: 813568K Free: 184008K (23%)
----------------- Invoking toplevel() on ptolemy.moml.MoMLSimpleApplication@55cc02ab
----------------- Done invoking toplevel() on ptolemy.moml.MoMLSimpleApplication@55cc02ab
reloadAllAccessors: .CausalityInterface2
[...]
java.lang.RuntimeException: Execution failed
	at ptolemy.moml.MoMLSimpleApplication$UnloadThread.run(MoMLSimpleApplication.java:402)
Caused by: ptolemy.kernel.util.IllegalActionException: Test fails in iteration 1.
Value was: 1.0. Should have been: 2.0
  in .DirectFeedback.Test
	at ptolemy.actor.lib.Test.fire(Test.java:268)
	at ptolemy.domains.de.kernel.DEDirector._fire(DEDirector.java:1948)
	at ptolemy.domains.de.kernel.DEDirector.fire(DEDirector.java:502)
	at ptolemy.actor.CompositeActor.fire(CompositeActor.java:455)
	at ptolemy.actor.Manager.iterate(Manager.java:851)
	at ptolemy.actor.Manager.execute(Manager.java:369)
	at ptolemy.actor.Manager.run(Manager.java:1263)
	at ptolemy.actor.Manager$PtolemyRunThread.run(Manager.java:1915)
java.lang.RuntimeException: Execution failed
	at ptolemy.moml.MoMLSimpleApplication$UnloadThread.run(MoMLSimpleApplication.java:402)
Caused by: ptolemy.kernel.util.IllegalActionException: Actor is not ready to fire.  Perhaps UpSample.prefire() returned false? Try debugging the actor by selecting "Listen to Actor".  Also, for SDF check moml for tokenConsumptionRate on input.
  in .DESDFClockTest.Play Bell.Copy1:SDF Director and .DESDFClockTest.Play Bell.UpSample
	at ptolemy.actor.sched.StaticSchedulingDirector.fire(StaticSchedulingDirector.java:227)
	at ptolemy.domains.sdf.kernel.SDFDirector.fire(SDFDirector.java:500)
	at ptolemy.actor.CompositeActor.fire(CompositeActor.java:455)
	at ptolemy.domains.de.kernel.DEDirector._fire(DEDirector.java:1948)
	at ptolemy.domains.de.kernel.DEDirector.fire(DEDirector.java:502)
	at ptolemy.actor.CompositeActor.fire(CompositeActor.java:455)
	at ptolemy.actor.Manager.iterate(Manager.java:851)
	at ptolemy.actor.Manager.execute(Manager.java:369)
	at ptolemy.actor.Manager.run(Manager.java:1263)
	at ptolemy.actor.Manager$PtolemyRunThread.run(Manager.java:1915)
java.lang.reflect.InvocationTargetException
	at sun.reflect.NativeConstructorAccessorImpl.newInstance0(Native Method)
	at sun.reflect.NativeConstructorAccessorImpl.newInstance(NativeConstructorAccessorImpl.java:62)
	at sun.reflect.DelegatingConstructorAccessorImpl.newInstance(DelegatingConstructorAccessorImpl.java:45)
	at java.lang.reflect.Constructor.newInstance(Constructor.java:423)
	at ptolemy.util.test.junit.AutoKnownFailedTests.RunModel(AutoKnownFailedTests.java:107)
	at sun.reflect.NativeMethodAccessorImpl.invoke0(Native Method)
	at sun.reflect.NativeMethodAccessorImpl.invoke(NativeMethodAccessorImpl.java:62)
	at sun.reflect.DelegatingMethodAccessorImpl.invoke(DelegatingMethodAccessorImpl.java:43)
	at java.lang.reflect.Method.invoke(Method.java:498)
	at org.junit.runners.model.FrameworkMethod$1.runReflectiveCall(FrameworkMethod.java:44)
	at org.junit.internal.runners.model.ReflectiveCallable.run(ReflectiveCallable.java:15)
	at org.junit.runners.model.FrameworkMethod.invokeExplosively(FrameworkMethod.java:41)
	at junitparams.internal.InvokeParameterisedMethod.evaluate(InvokeParameterisedMethod.java:102)
	at org.junit.internal.runners.statements.FailOnTimeout$1.run(FailOnTimeout.java:28)
Caused by: ptolemy.kernel.util.IllegalActionException: Actor is not ready to fire.  Perhaps UpSample.prefire() returned false? Try debugging the actor by selecting "Listen to Actor".  Also, for SDF check moml for tokenConsumptionRate on input.
  in .DESDFClockTest.Play Bell.Copy1:SDF Director and .DESDFClockTest.Play Bell.UpSample
	at ptolemy.actor.sched.StaticSchedulingDirector.fire(StaticSchedulingDirector.java:227)
	at ptolemy.domains.sdf.kernel.SDFDirector.fire(SDFDirector.java:500)
	at ptolemy.actor.CompositeActor.fire(CompositeActor.java:455)
	at ptolemy.domains.de.kernel.DEDirector._fire(DEDirector.java:1948)
	at ptolemy.domains.de.kernel.DEDirector.fire(DEDirector.java:502)
	at ptolemy.actor.CompositeActor.fire(CompositeActor.java:455)
	at ptolemy.actor.Manager.iterate(Manager.java:851)
	at ptolemy.actor.Manager.execute(Manager.java:369)
	at ptolemy.actor.Manager.run(Manager.java:1263)
	at ptolemy.actor.Manager$PtolemyRunThread.run(Manager.java:1915)
java.lang.RuntimeException: Execution failed
	at ptolemy.moml.MoMLSimpleApplication$UnloadThread.run(MoMLSimpleApplication.java:402)
Caused by: ptolemy.kernel.util.IllegalActionException: Test fails in iteration 1.
Value was: 1.0. Should have been: 2.0
  in .DirectFeedback.Test
	at ptolemy.actor.lib.Test.fire(Test.java:268)
	at ptolemy.domains.de.kernel.DEDirector._fire(DEDirector.java:1948)
	at ptolemy.domains.de.kernel.DEDirector.fire(DEDirector.java:502)
	at ptolemy.actor.CompositeActor.fire(CompositeActor.java:455)
	at ptolemy.actor.Manager.iterate(Manager.java:851)
	at ptolemy.actor.Manager.execute(Manager.java:369)
	at ptolemy.actor.Manager.run(Manager.java:1263)
	at ptolemy.actor.Manager$PtolemyRunThread.run(Manager.java:1915)
java.lang.reflect.InvocationTargetException
	at sun.reflect.NativeConstructorAccessorImpl.newInstance0(Native Method)
	at sun.reflect.NativeConstructorAccessorImpl.newInstance(NativeConstructorAccessorImpl.java:62)
	at sun.reflect.DelegatingConstructorAccessorImpl.newInstance(DelegatingConstructorAccessorImpl.java:45)
	at java.lang.reflect.Constructor.newInstance(Constructor.java:423)
	at ptolemy.util.test.junit.AutoKnownFailedTests.RunModel(AutoKnownFailedTests.java:107)
	at sun.reflect.NativeMethodAccessorImpl.invoke0(Native Method)
	at sun.reflect.NativeMethodAccessorImpl.invoke(NativeMethodAccessorImpl.java:62)
	at sun.reflect.DelegatingMethodAccessorImpl.invoke(DelegatingMethodAccessorImpl.java:43)
	at java.lang.reflect.Method.invoke(Method.java:498)
	at org.junit.runners.model.FrameworkMethod$1.runReflectiveCall(FrameworkMethod.java:44)
	at org.junit.internal.runners.model.ReflectiveCallable.run(ReflectiveCallable.java:15)
	at org.junit.runners.model.FrameworkMethod.invokeExplosively(FrameworkMethod.java:41)
	at junitparams.internal.InvokeParameterisedMethod.evaluate(InvokeParameterisedMethod.java:102)
	at org.junit.internal.runners.statements.FailOnTimeout$1.run(FailOnTimeout.java:28)
Caused by: ptolemy.kernel.util.IllegalActionException: Test fails in iteration 1.
Value was: 1.0. Should have been: 2.0
  in .DirectFeedback.Test
	at ptolemy.actor.lib.Test.fire(Test.java:268)
	at ptolemy.domains.de.kernel.DEDirector._fire(DEDirector.java:1948)
	at ptolemy.domains.de.kernel.DEDirector.fire(DEDirector.java:502)
	at ptolemy.actor.CompositeActor.fire(CompositeActor.java:455)
	at ptolemy.actor.Manager.iterate(Manager.java:851)
	at ptolemy.actor.Manager.execute(Manager.java:369)
	at ptolemy.actor.Manager.run(Manager.java:1263)
	at ptolemy.actor.Manager$PtolemyRunThread.run(Manager.java:1915)
java.lang.RuntimeException: Execution failed
	at ptolemy.moml.MoMLSimpleApplication$UnloadThread.run(MoMLSimpleApplication.java:402)
Caused by: ptolemy.kernel.util.IllegalActionException: Found a zero delay loop containing .HierarchicalModel.A
  in .HierarchicalModel and .HierarchicalModel.A
	at ptolemy.actor.util.CausalityInterfaceForComposites._computeOutputPortDepth(CausalityInterfaceForComposites.java:759)
	at ptolemy.actor.util.CausalityInterfaceForComposites._computeInputDepth(CausalityInterfaceForComposites.java:696)
	at ptolemy.actor.util.CausalityInterfaceForComposites._computeOutputPortDepth(CausalityInterfaceForComposites.java:765)
	at ptolemy.actor.util.CausalityInterfaceForComposites._computeInputDepth(CausalityInterfaceForComposites.java:696)
	at ptolemy.actor.util.CausalityInterfaceForComposites._computeOutputPortDepth(CausalityInterfaceForComposites.java:765)
	at ptolemy.actor.util.CausalityInterfaceForComposites._computeInputDepth(CausalityInterfaceForComposites.java:696)
	at ptolemy.actor.util.CausalityInterfaceForComposites._computeActorDepth(CausalityInterfaceForComposites.java:532)
	at ptolemy.actor.util.CausalityInterfaceForComposites.checkForCycles(CausalityInterfaceForComposites.java:96)
	at ptolemy.domains.de.kernel.DEDirector.preinitialize(DEDirector.java:1337)
	at ptolemy.actor.CompositeActor.preinitialize(CompositeActor.java:1828)
	at ptolemy.actor.Manager.preinitializeAndResolveTypes(Manager.java:1040)
	at ptolemy.actor.Manager.initialize(Manager.java:710)
	at ptolemy.actor.Manager.execute(Manager.java:356)
	at ptolemy.actor.Manager.run(Manager.java:1263)
	at ptolemy.actor.Manager$PtolemyRunThread.run(Manager.java:1915)
java.lang.reflect.InvocationTargetException
	at sun.reflect.NativeConstructorAccessorImpl.newInstance0(Native Method)
	at sun.reflect.NativeConstructorAccessorImpl.newInstance(NativeConstructorAccessorImpl.java:62)
	at sun.reflect.DelegatingConstructorAccessorImpl.newInstance(DelegatingConstructorAccessorImpl.java:45)
	at java.lang.reflect.Constructor.newInstance(Constructor.java:423)
	at ptolemy.util.test.junit.AutoKnownFailedTests.RunModel(AutoKnownFailedTests.java:107)
	at sun.reflect.NativeMethodAccessorImpl.invoke0(Native Method)
	at sun.reflect.NativeMethodAccessorImpl.invoke(NativeMethodAccessorImpl.java:62)
	at sun.reflect.DelegatingMethodAccessorImpl.invoke(DelegatingMethodAccessorImpl.java:43)
	at java.lang.reflect.Method.invoke(Method.java:498)
	at org.junit.runners.model.FrameworkMethod$1.runReflectiveCall(FrameworkMethod.java:44)
	at org.junit.internal.runners.model.ReflectiveCallable.run(ReflectiveCallable.java:15)
	at org.junit.runners.model.FrameworkMethod.invokeExplosively(FrameworkMethod.java:41)
	at junitparams.internal.InvokeParameterisedMethod.evaluate(InvokeParameterisedMethod.java:102)
	at org.junit.internal.runners.statements.FailOnTimeout$1.run(FailOnTimeout.java:28)
Caused by: ptolemy.kernel.util.IllegalActionException: Found a zero delay loop containing .HierarchicalModel.A
  in .HierarchicalModel and .HierarchicalModel.A
	at ptolemy.actor.util.CausalityInterfaceForComposites._computeOutputPortDepth(CausalityInterfaceForComposites.java:759)
	at ptolemy.actor.util.CausalityInterfaceForComposites._computeInputDepth(CausalityInterfaceForComposites.java:696)
	at ptolemy.actor.util.CausalityInterfaceForComposites._computeOutputPortDepth(CausalityInterfaceForComposites.java:765)
	at ptolemy.actor.util.CausalityInterfaceForComposites._computeInputDepth(CausalityInterfaceForComposites.java:696)
	at ptolemy.actor.util.CausalityInterfaceForComposites._computeOutputPortDepth(CausalityInterfaceForComposites.java:765)
	at ptolemy.actor.util.CausalityInterfaceForComposites._computeInputDepth(CausalityInterfaceForComposites.java:696)
	at ptolemy.actor.util.CausalityInterfaceForComposites._computeActorDepth(CausalityInterfaceForComposites.java:532)
	at ptolemy.actor.util.CausalityInterfaceForComposites.checkForCycles(CausalityInterfaceForComposites.java:96)
	at ptolemy.domains.de.kernel.DEDirector.preinitialize(DEDirector.java:1337)
	at ptolemy.actor.CompositeActor.preinitialize(CompositeActor.java:1828)
	at ptolemy.actor.Manager.preinitializeAndResolveTypes(Manager.java:1040)
	at ptolemy.actor.Manager.initialize(Manager.java:710)
	at ptolemy.actor.Manager.execute(Manager.java:356)
	at ptolemy.actor.Manager.run(Manager.java:1263)
	at ptolemy.actor.Manager$PtolemyRunThread.run(Manager.java:1915)
java.lang.RuntimeException: Execution failed
	at ptolemy.moml.MoMLSimpleApplication$UnloadThread.run(MoMLSimpleApplication.java:402)
Caused by: ptolemy.kernel.util.IllegalActionException: Found a zero delay loop containing .dependencyLoop.original
  in .dependencyLoop and .dependencyLoop.original
	at ptolemy.actor.util.CausalityInterfaceForComposites._computeOutputPortDepth(CausalityInterfaceForComposites.java:759)
	at ptolemy.actor.util.CausalityInterfaceForComposites._computeInputDepth(CausalityInterfaceForComposites.java:696)
	at ptolemy.actor.util.CausalityInterfaceForComposites._computeOutputPortDepth(CausalityInterfaceForComposites.java:765)
	at ptolemy.actor.util.CausalityInterfaceForComposites._computeInputDepth(CausalityInterfaceForComposites.java:696)
	at ptolemy.actor.util.CausalityInterfaceForComposites._computeOutputPortDepth(CausalityInterfaceForComposites.java:765)
	at ptolemy.actor.util.CausalityInterfaceForComposites._computeInputDepth(CausalityInterfaceForComposites.java:696)
	at ptolemy.actor.util.CausalityInterfaceForComposites._computeActorDepth(CausalityInterfaceForComposites.java:532)
	at ptolemy.actor.util.CausalityInterfaceForComposites.checkForCycles(CausalityInterfaceForComposites.java:96)
	at ptolemy.domains.de.kernel.DEDirector.preinitialize(DEDirector.java:1337)
	at ptolemy.actor.CompositeActor.preinitialize(CompositeActor.java:1828)
	at ptolemy.actor.Manager.preinitializeAndResolveTypes(Manager.java:1040)
	at ptolemy.actor.Manager.initialize(Manager.java:710)
	at ptolemy.actor.Manager.execute(Manager.java:356)
	at ptolemy.actor.Manager.run(Manager.java:1263)
	at ptolemy.actor.Manager$PtolemyRunThread.run(Manager.java:1915)
java.lang.reflect.InvocationTargetException
	at sun.reflect.NativeConstructorAccessorImpl.newInstance0(Native Method)
	at sun.reflect.NativeConstructorAccessorImpl.newInstance(NativeConstructorAccessorImpl.java:62)
	at sun.reflect.DelegatingConstructorAccessorImpl.newInstance(DelegatingConstructorAccessorImpl.java:45)
	at java.lang.reflect.Constructor.newInstance(Constructor.java:423)
	at ptolemy.util.test.junit.AutoKnownFailedTests.RunModel(AutoKnownFailedTests.java:107)
	at sun.reflect.NativeMethodAccessorImpl.invoke0(Native Method)
	at sun.reflect.NativeMethodAccessorImpl.invoke(NativeMethodAccessorImpl.java:62)
	at sun.reflect.DelegatingMethodAccessorImpl.invoke(DelegatingMethodAccessorImpl.java:43)
	at java.lang.reflect.Method.invoke(Method.java:498)
	at org.junit.runners.model.FrameworkMethod$1.runReflectiveCall(FrameworkMethod.java:44)
	at org.junit.internal.runners.model.ReflectiveCallable.run(ReflectiveCallable.java:15)
	at org.junit.runners.model.FrameworkMethod.invokeExplosively(FrameworkMethod.java:41)
	at junitparams.internal.InvokeParameterisedMethod.evaluate(InvokeParameterisedMethod.java:102)
	at org.junit.internal.runners.statements.FailOnTimeout$1.run(FailOnTimeout.java:28)
Caused by: ptolemy.kernel.util.IllegalActionException: Found a zero delay loop containing .dependencyLoop.original
  in .dependencyLoop and .dependencyLoop.original
	at ptolemy.actor.util.CausalityInterfaceForComposites._computeOutputPortDepth(CausalityInterfaceForComposites.java:759)
	at ptolemy.actor.util.CausalityInterfaceForComposites._computeInputDepth(CausalityInterfaceForComposites.java:696)
	at ptolemy.actor.util.CausalityInterfaceForComposites._computeOutputPortDepth(CausalityInterfaceForComposites.java:765)
	at ptolemy.actor.util.CausalityInterfaceForComposites._computeInputDepth(CausalityInterfaceForComposites.java:696)
	at ptolemy.actor.util.CausalityInterfaceForComposites._computeOutputPortDepth(CausalityInterfaceForComposites.java:765)
	at ptolemy.actor.util.CausalityInterfaceForComposites._computeInputDepth(CausalityInterfaceForComposites.java:696)
	at ptolemy.actor.util.CausalityInterfaceForComposites._computeActorDepth(CausalityInterfaceForComposites.java:532)
	at ptolemy.actor.util.CausalityInterfaceForComposites.checkForCycles(CausalityInterfaceForComposites.java:96)
	at ptolemy.domains.de.kernel.DEDirector.preinitialize(DEDirector.java:1337)
	at ptolemy.actor.CompositeActor.preinitialize(CompositeActor.java:1828)
	at ptolemy.actor.Manager.preinitializeAndResolveTypes(Manager.java:1040)
	at ptolemy.actor.Manager.initialize(Manager.java:710)
	at ptolemy.actor.Manager.execute(Manager.java:356)
	at ptolemy.actor.Manager.run(Manager.java:1263)
	at ptolemy.actor.Manager$PtolemyRunThread.run(Manager.java:1915)
java.lang.RuntimeException: Execution failed
	at ptolemy.moml.MoMLSimpleApplication$UnloadThread.run(MoMLSimpleApplication.java:402)
Caused by: ptolemy.kernel.util.IllegalActionException: Found a zero delay loop containing .dependencyLoop2.original
  in .dependencyLoop2 and .dependencyLoop2.original
	at ptolemy.actor.util.CausalityInterfaceForComposites._computeOutputPortDepth(CausalityInterfaceForComposites.java:759)
	at ptolemy.actor.util.CausalityInterfaceForComposites._computeInputDepth(CausalityInterfaceForComposites.java:696)
	at ptolemy.actor.util.CausalityInterfaceForComposites._computeOutputPortDepth(CausalityInterfaceForComposites.java:765)
	at ptolemy.actor.util.CausalityInterfaceForComposites._computeInputDepth(CausalityInterfaceForComposites.java:696)
	at ptolemy.actor.util.CausalityInterfaceForComposites._computeOutputPortDepth(CausalityInterfaceForComposites.java:765)
	at ptolemy.actor.util.CausalityInterfaceForComposites._computeInputDepth(CausalityInterfaceForComposites.java:696)
	at ptolemy.actor.util.CausalityInterfaceForComposites._computeActorDepth(CausalityInterfaceForComposites.java:532)
	at ptolemy.actor.util.CausalityInterfaceForComposites.checkForCycles(CausalityInterfaceForComposites.java:96)
	at ptolemy.domains.de.kernel.DEDirector.preinitialize(DEDirector.java:1337)
	at ptolemy.actor.CompositeActor.preinitialize(CompositeActor.java:1828)
	at ptolemy.actor.Manager.preinitializeAndResolveTypes(Manager.java:1040)
	at ptolemy.actor.Manager.initialize(Manager.java:710)
	at ptolemy.actor.Manager.execute(Manager.java:356)
	at ptolemy.actor.Manager.run(Manager.java:1263)
	at ptolemy.actor.Manager$PtolemyRunThread.run(Manager.java:1915)
java.lang.reflect.InvocationTargetException
	at sun.reflect.NativeConstructorAccessorImpl.newInstance0(Native Method)
	at sun.reflect.NativeConstructorAccessorImpl.newInstance(NativeConstructorAccessorImpl.java:62)
	at sun.reflect.DelegatingConstructorAccessorImpl.newInstance(DelegatingConstructorAccessorImpl.java:45)
	at java.lang.reflect.Constructor.newInstance(Constructor.java:423)
	at ptolemy.util.test.junit.AutoKnownFailedTests.RunModel(AutoKnownFailedTests.java:107)
	at sun.reflect.NativeMethodAccessorImpl.invoke0(Native Method)
	at sun.reflect.NativeMethodAccessorImpl.invoke(NativeMethodAccessorImpl.java:62)
	at sun.reflect.DelegatingMethodAccessorImpl.invoke(DelegatingMethodAccessorImpl.java:43)
	at java.lang.reflect.Method.invoke(Method.java:498)
	at org.junit.runners.model.FrameworkMethod$1.runReflectiveCall(FrameworkMethod.java:44)
	at org.junit.internal.runners.model.ReflectiveCallable.run(ReflectiveCallable.java:15)
	at org.junit.runners.model.FrameworkMethod.invokeExplosively(FrameworkMethod.java:41)
	at junitparams.internal.InvokeParameterisedMethod.evaluate(InvokeParameterisedMethod.java:102)
	at org.junit.internal.runners.statements.FailOnTimeout$1.run(FailOnTimeout.java:28)
Caused by: ptolemy.kernel.util.IllegalActionException: Found a zero delay loop containing .dependencyLoop2.original
  in .dependencyLoop2 and .dependencyLoop2.original
	at ptolemy.actor.util.CausalityInterfaceForComposites._computeOutputPortDepth(CausalityInterfaceForComposites.java:759)
	at ptolemy.actor.util.CausalityInterfaceForComposites._computeInputDepth(CausalityInterfaceForComposites.java:696)
	at ptolemy.actor.util.CausalityInterfaceForComposites._computeOutputPortDepth(CausalityInterfaceForComposites.java:765)
	at ptolemy.actor.util.CausalityInterfaceForComposites._computeInputDepth(CausalityInterfaceForComposites.java:696)
	at ptolemy.actor.util.CausalityInterfaceForComposites._computeOutputPortDepth(CausalityInterfaceForComposites.java:765)
	at ptolemy.actor.util.CausalityInterfaceForComposites._computeInputDepth(CausalityInterfaceForComposites.java:696)
	at ptolemy.actor.util.CausalityInterfaceForComposites._computeActorDepth(CausalityInterfaceForComposites.java:532)
	at ptolemy.actor.util.CausalityInterfaceForComposites.checkForCycles(CausalityInterfaceForComposites.java:96)
	at ptolemy.domains.de.kernel.DEDirector.preinitialize(DEDirector.java:1337)
	at ptolemy.actor.CompositeActor.preinitialize(CompositeActor.java:1828)
	at ptolemy.actor.Manager.preinitializeAndResolveTypes(Manager.java:1040)
	at ptolemy.actor.Manager.initialize(Manager.java:710)
	at ptolemy.actor.Manager.execute(Manager.java:356)
	at ptolemy.actor.Manager.run(Manager.java:1263)
	at ptolemy.actor.Manager$PtolemyRunThread.run(Manager.java:1915)
]]></system-err>
</testsuite>
