<?xml version="1.0" encoding="UTF-8" ?>
<testsuite errors="0" failures="3" hostname="travis-job-ecc89b14-0d75-409d-a24e-f762d197584f" name="ptolemy.actor.gui.test.junit.JUnitTclTest" skipped="0" tests="16" time="17.899" timestamp="2018-03-19T22:41:40">
  <properties>
[...]
</properties>
  <testcase classname="ptolemy.util.test.junit.TclTests" name="[0] /home/travis/build/icyphy/ptII/ptolemy/actor/gui/test/AAAConfiguration.tcl (RunTclFile)" time="0.632" />
  <testcase classname="ptolemy.util.test.junit.TclTests" name="[1] /home/travis/build/icyphy/ptII/ptolemy/actor/gui/test/CheckModelSize.tcl (RunTclFile)" time="0.104" />
  <testcase classname="ptolemy.util.test.junit.TclTests" name="[2] /home/travis/build/icyphy/ptII/ptolemy/actor/gui/test/CompositeActorApplication.tcl (RunTclFile)" time="5.442" />
  <testcase classname="ptolemy.util.test.junit.TclTests" name="[3] /home/travis/build/icyphy/ptII/ptolemy/actor/gui/test/CompositeActorSimpleApplication.tcl (RunTclFile)" time="2.008" />
  <testcase classname="ptolemy.util.test.junit.TclTests" name="[4] /home/travis/build/icyphy/ptII/ptolemy/actor/gui/test/ConfigurationApplication.tcl (RunTclFile)" time="0.022" />
  <testcase classname="ptolemy.util.test.junit.TclTests" name="[5] /home/travis/build/icyphy/ptII/ptolemy/actor/gui/test/EffigyFactory.tcl (RunTclFile)" time="0.004" />
  <testcase classname="ptolemy.util.test.junit.TclTests" name="[6] /home/travis/build/icyphy/ptII/ptolemy/actor/gui/test/HTMLAbout.tcl (RunTclFile)" time="5.445" />
  <testcase classname="ptolemy.util.test.junit.TclTests" name="[7] /home/travis/build/icyphy/ptII/ptolemy/actor/gui/test/HTMLViewer.tcl (RunTclFile)" time="0.103">
    <failure message="Number of failed tests is has increased. expected:&lt;0&gt; but was:&lt;1&gt;" type="junit.framework.AssertionFailedError">junit.framework.AssertionFailedError: Number of failed tests is has increased. expected:&lt;0&gt; but was:&lt;1&gt;
	at ptolemy.util.test.junit.TclTests.RunTclFile(TclTests.java:286)
	at junitparams.internal.InvokeParameterisedMethod.evaluate(InvokeParameterisedMethod.java:102)
	at junitparams.internal.ParameterisedTestMethodRunner.runMethodInvoker(ParameterisedTestMethodRunner.java:47)
	at junitparams.internal.ParameterisedTestMethodRunner.runTestMethod(ParameterisedTestMethodRunner.java:41)
	at junitparams.internal.ParameterisedTestClassRunner.runParameterisedTest(ParameterisedTestClassRunner.java:143)
	at junitparams.JUnitParamsRunner.runChild(JUnitParamsRunner.java:237)
	at junitparams.JUnitParamsRunner.runChild(JUnitParamsRunner.java:215)
</failure>
  </testcase>
  <testcase classname="ptolemy.util.test.junit.TclTests" name="[8] /home/travis/build/icyphy/ptII/ptolemy/actor/gui/test/MoMLApplication.tcl (RunTclFile)" time="0.01" />
  <testcase classname="ptolemy.util.test.junit.TclTests" name="[9] /home/travis/build/icyphy/ptII/ptolemy/actor/gui/test/PtExecuteApplication.tcl (RunTclFile)" time="3.4" />
  <testcase classname="ptolemy.util.test.junit.TclTests" name="[10] /home/travis/build/icyphy/ptII/ptolemy/actor/gui/test/PtolemyApplication.tcl (RunTclFile)" time="0.123">
    <failure message="Number of failed tests is has increased. expected:&lt;1&gt; but was:&lt;2&gt;" type="junit.framework.AssertionFailedError">junit.framework.AssertionFailedError: Number of failed tests is has increased. expected:&lt;1&gt; but was:&lt;2&gt;
	at ptolemy.util.test.junit.TclTests.RunTclFile(TclTests.java:286)
	at junitparams.internal.InvokeParameterisedMethod.evaluate(InvokeParameterisedMethod.java:102)
	at junitparams.internal.ParameterisedTestMethodRunner.runMethodInvoker(ParameterisedTestMethodRunner.java:47)
	at junitparams.internal.ParameterisedTestMethodRunner.runTestMethod(ParameterisedTestMethodRunner.java:41)
	at junitparams.internal.ParameterisedTestClassRunner.runParameterisedTest(ParameterisedTestClassRunner.java:143)
	at junitparams.JUnitParamsRunner.runChild(JUnitParamsRunner.java:237)
	at junitparams.JUnitParamsRunner.runChild(JUnitParamsRunner.java:215)
</failure>
  </testcase>
  <testcase classname="ptolemy.util.test.junit.TclTests" name="[11] /home/travis/build/icyphy/ptII/ptolemy/actor/gui/test/UserActorLibrary.tcl (RunTclFile)" time="0.47">
    <failure message="Number of failed tests is has increased. expected:&lt;2&gt; but was:&lt;4&gt;" type="junit.framework.AssertionFailedError">junit.framework.AssertionFailedError: Number of failed tests is has increased. expected:&lt;2&gt; but was:&lt;4&gt;
	at ptolemy.util.test.junit.TclTests.RunTclFile(TclTests.java:286)
	at junitparams.internal.InvokeParameterisedMethod.evaluate(InvokeParameterisedMethod.java:102)
	at junitparams.internal.ParameterisedTestMethodRunner.runMethodInvoker(ParameterisedTestMethodRunner.java:47)
	at junitparams.internal.ParameterisedTestMethodRunner.runTestMethod(ParameterisedTestMethodRunner.java:41)
	at junitparams.internal.ParameterisedTestClassRunner.runParameterisedTest(ParameterisedTestClassRunner.java:143)
	at junitparams.JUnitParamsRunner.runChild(JUnitParamsRunner.java:237)
	at junitparams.JUnitParamsRunner.runChild(JUnitParamsRunner.java:215)
</failure>
  </testcase>
  <testcase classname="ptolemy.util.test.junit.TclTests" name="[12] /home/travis/build/icyphy/ptII/ptolemy/actor/gui/test/ZZZConfiguration.tcl (RunTclFile)" time="0.002" />
  <testcase classname="ptolemy.util.test.junit.AutoKnownFailedTests" name="[0] ThereAreNoKnowFailedTests (RunModel)" time="0.007" />
  <testcase classname="ptolemy.util.test.junit.AutoNameArchTests" name="[0] ThereAreNoAutoTests (RunModel)" time="0.001" />
  <testcase classname="ptolemy.util.test.junit.AutoTests" name="[0] ThereAreNoAutoTests (RunModel)" time="0.0" />
  <system-out><![CDATA[/home/travis/build/icyphy/ptII/ptolemy/actor/gui/test/AAAConfiguration.tcl
testDefs.tcl: setting time out to 9000 seconds at Mon Mar 19 22:41:40 UTC 2018
/home/travis/build/icyphy/ptII/ptolemy/actor/gui/test/CheckModelSize.tcl
/home/travis/build/icyphy/ptII/ptolemy/actor/gui/test/CompositeActorApplication.tcl
41 ms. Memory: 116224K Free: 99062K (85%)
9 ms. Memory: 116224K Free: 96597K (83%)
9 ms. Memory: 116224K Free: 95903K (83%)
3 ms. Memory: 116224K Free: 95208K (82%)
sleeping 2 seconds: 18 ms. Memory: 116224K Free: 89651K (77%)
36 ms. Memory: 116224K Free: 89064K (77%)
/home/travis/build/icyphy/ptII/ptolemy/actor/gui/test/CompositeActorSimpleApplication.tcl
15 ms. Memory: 208384K Free: 200713K (96%)
/home/travis/build/icyphy/ptII/ptolemy/actor/gui/test/ConfigurationApplication.tcl
test 1.0: filterSize: 13, newFilterSize: 15
/home/travis/build/icyphy/ptII/ptolemy/actor/gui/test/EffigyFactory.tcl
/home/travis/build/icyphy/ptII/ptolemy/actor/gui/test/HTMLAbout.tcl
Reading /home/travis/build/icyphy/ptII/ptolemy/configs/full/configuration.xml
Checking complete demos of ptolemy/configs/doc/completeDemos.htm
Warning: ptolemy/configs/kepler/doc-index.htm not found: java.io.IOException: File not found: 'ptolemy/configs/kepler/doc-index.htm'
 caused by:
java.net.MalformedURLException: no protocol: ptolemy/configs/kepler/doc-index.htm
 AND:
java.io.IOException: File '/home/travis/build/icyphy/ptII/ptolemy/actor/gui/test/ptolemy/configs/kepler/doc-index.htm' does not exist.
 AND:
java.net.MalformedURLException: no protocol: ptolemy/configs/kepler/doc-index.htm
/home/travis/build/icyphy/ptII/ptolemy/actor/gui/test/HTMLViewer.tcl


==== $PTII/ptolemy/actor/gui/test/HTMLViewer.tcl: HTMLViewer-1.1 
==== Contents of test case:

    set htmlViewer [java::new ptolemy.actor.gui.HTMLViewer]
    set pane [java::field $htmlViewer pane]
    set url [[java::new java.io.File testDemos.htm] toURL]
    $pane setPage $url
    $htmlViewer pack
    $htmlViewer show
    # sleep for 3 seconds, don't print dots
    sleep 3 0
    $htmlViewer close

==== Test generated error:

No X11 DISPLAY variable was set, but this program performed an operation which requires it.
    while executing
java.awt.HeadlessException: 
No X11 DISPLAY variable was set, but this program performed an operation which requires it.
	at java.awt.GraphicsEnvironment.checkHeadless(GraphicsEnvironment.java:204)
	at java.awt.Window.<init>(Window.java:536)
	at java.awt.Frame.<init>(Frame.java:420)
	at java.awt.Frame.<init>(Frame.java:385)
	at javax.swing.JFrame.<init>(JFrame.java:189)
	at ptolemy.gui.Top.<init>(Top.java:172)
	at ptolemy.actor.gui.TableauFrame.<init>(TableauFrame.java:135)
	at ptolemy.actor.gui.TableauFrame.<init>(TableauFrame.java:124)
	at ptolemy.actor.gui.TableauFrame.<init>(TableauFrame.java:114)
	at ptolemy.actor.gui.HTMLViewer.<init>(HTMLViewer.java:108)
	at sun.reflect.NativeConstructorAccessorImpl.newInstance0(Native Method)
	at sun.reflect.NativeConstructorAccessorImpl.newInstance(NativeConstructorAccessorImpl.java:62)
	at sun.reflect.DelegatingConstructorAccessorImpl.newInstance(DelegatingConstructorAccessorImpl.java:45)
	at java.lang.reflect.Constructor.newInstance(Constructor.java:423)
	at tcl.lang.reflect.PkgInvoker.invokeConstructor(PkgInvoker.java:99)
	at tcl.lang.JavaInvoke.call(JavaInvoke.java:251)
	at tcl.lang.JavaInvoke.newInstance(JavaInvoke.java:71)
	at tcl.lang.JavaNewCmd.cmdProc(JavaNewCmd.java:111)
	at tcl.lang.Parser.evalObjv(Parser.java:740)
	at tcl.lang.Parser.eval2(Parser.java:1138)
	at tcl.lang.Parser.evalTokens(Parser.java:930)
	at tcl.lang.Parser.eval2(Parser.java:1125)
	at tcl.lang.Interp.eval(Interp.java:1782)
	at tcl.lang.Interp.eval(Interp.java:1841)
	at tcl.lang.UplevelCmd.cmdProc(UplevelCmd.java:93)
	at tcl.lang.Parser.evalObjv(Parser.java:740)
	at tcl.lang.Parser.eval2(Parser.java:1138)
	at tcl.lang.Interp.eval(Interp.java:1782)
	at tcl.lang.Interp.eval(Interp.java:1841)
	at tcl.lang.CatchCmd.cmdProc(CatchCmd.java:42)
	at tcl.lang.Parser.evalObjv(Parser.java:740)
	at tcl.lang.Parser.eval2(Parser.java:1138)
	at tcl.lang.Parser.evalTokens(Parser.java:930)
	at tcl.lang.Parser.eval2(Parser.java:1125)
	at tcl.lang.Procedure.cmdProc(Procedure.java:175)
	at tcl.lang.Parser.evalObjv(Parser.java:740)
	at tcl.lang.Parser.eval2(Parser.java:1138)
	at tcl.lang.Interp.eval(Interp.java:1782)
	at tcl.lang.Interp.evalFile(Interp.java:1880)
	at sun.reflect.NativeMethodAccessorImpl.invoke0(Native Method)
	at sun.reflect.NativeMethodAccessorImpl.invoke(NativeMethodAccessorImpl.java:62)
	at sun.reflect.DelegatingMethodAccessorImpl.invoke(DelegatingMethodAccessorImpl.java:43)
	at java.lang.reflect.Method.invoke(Method.java:498)
	at ptolemy.util.test.junit.TclTests.RunTclFile(TclTests.java:233)
	at sun.reflect.NativeMethodAccessorImpl.invoke0(Native Method)
	at sun.reflect.NativeMethodAccessorImpl.invoke(NativeMethodAccessorImpl.java:62)
	at sun.reflect.DelegatingMethodAccessorImpl.invoke(DelegatingMethodAccessorImpl.java:43)
	at java.lang.reflect.Method.invoke(Method.java:498)
	at org.junit.runners.model.FrameworkMethod$1.runReflectiveCall(FrameworkMethod.java:44)
	at org.junit.internal.runners.model.ReflectiveCallable.run(ReflectiveCallable.java:15)
	at org.junit.runners.model.FrameworkMethod.invokeExplosively(FrameworkMethod.java:41)
	at junitparams.internal.InvokeParameterisedMethod.evaluate(InvokeParameterisedMethod.java:102)
	at junitparams.internal.ParameterisedTestMethodRunner.runMethodInvoker(ParameterisedTestMethodRunner.java:47)
	at junitparams.internal.ParameterisedTestMethodRunner.runTestMethod(ParameterisedTestMethodRunner.java:41)
	at junitparams.internal.ParameterisedTestClassRunner.runParameterisedTest(ParameterisedTestClassRunner.java:143)
	at junitparams.JUnitParamsRunner.runChild(JUnitParamsRunner.java:237)
	at junitparams.JUnitParamsRunner.runChild(JUnitParamsRunner.java:215)
	at org.junit.runners.ParentRunner$3.run(ParentRunner.java:193)
	at org.junit.runners.ParentRunner$1.schedule(ParentRunner.java:52)
	at org.junit.runners.ParentRunner.runChildren(ParentRunner.java:191)
	at org.junit.runners.ParentRunner.access$000(ParentRunner.java:42)
	at org.junit.runners.ParentRunner$2.evaluate(ParentRunner.java:184)
	at org.junit.internal.runners.statements.RunAfters.evaluate(RunAfters.java:31)
	at org.junit.runners.ParentRunner.run(ParentRunner.java:236)
	at org.junit.runners.Suite.runChild(Suite.java:128)
	at org.junit.runners.Suite.runChild(Suite.java:24)
	at org.junit.runners.ParentRunner$3.run(ParentRunner.java:193)
	at org.junit.runners.ParentRunner$1.schedule(ParentRunner.java:52)
	at org.junit.runners.ParentRunner.runChildren(ParentRunner.java:191)
	at org.junit.runners.ParentRunner.access$000(ParentRunner.java:42)
	at org.junit.runners.ParentRunner$2.evaluate(ParentRunner.java:184)
	at org.junit.runners.ParentRunner.run(ParentRunner.java:236)
	at junit.framework.JUnit4TestAdapter.run(JUnit4TestAdapter.java:39)
	at org.apache.tools.ant.taskdefs.optional.junit.JUnitTestRunner.run(JUnitTestRunner.java:532)
	at org.apache.tools.ant.taskdefs.optional.junit.JUnitTestRunner.launch(JUnitTestRunner.java:1165)
	at org.apache.tools.ant.taskdefs.optional.junit.JUnitTestRunner.main(JUnitTestRunner.java:1016)

    while executing
java.awt.HeadlessException: 
No X11 DISPLAY variable was set, but this program performed an operation which requires it.
    while executing
"java::new ptolemy.actor.gui.HTMLViewer"
    invoked from within
"set htmlViewer [java::new ptolemy.actor.gui.HTMLViewer]"
    ("uplevel" body line 2)
    invoked from within
"uplevel $contents_of_test"
/home/travis/build/icyphy/ptII/ptolemy/actor/gui/test/MoMLApplication.tcl
/home/travis/build/icyphy/ptII/ptolemy/actor/gui/test/PtExecuteApplication.tcl
13 ms. Memory: 354816K Free: 104715K (30%)
sleeping 2 seconds: 15 ms. Memory: 472064K Free: 90620K (19%)
.test
sleeping 2 seconds: 4 ms. Memory: 691200K Free: 596811K (86%)
<?xml version="1.0" standalone="no"?>
<!DOCTYPE entity PUBLIC "-//UC Berkeley//DTD MoML 1//EN"
    "http://ptolemy.eecs.berkeley.edu/xml/dtd/MoML_1.dtd">
<entity name="test" class="ptolemy.actor.TypedCompositeActor">
    <property name="_createdBy" class="ptolemy.kernel.attributes.VersionAttribute" value="11.0.devel">
    </property>
    <doc>This test has no placeable elements, but writes to standard out.</doc>
    <property name="step" class="ptolemy.data.expr.Parameter" value="1">
    </property>
    <property name="director" class="ptolemy.domains.sdf.kernel.SDFDirector">
        <property name="iterations" class="ptolemy.data.expr.Parameter" value="5">
        </property>
        <property name="vectorizationFactor" class="ptolemy.data.expr.Parameter" value="1">
        </property>
    </property>
    <entity name="ramp" class="ptolemy.actor.lib.Ramp">
        <property name="init" class="ptolemy.actor.parameters.PortParameter" value="0">
        </property>
        <property name="step" class="ptolemy.actor.parameters.PortParameter" value="step">
        </property>
        <property name="firingCountLimit" class="ptolemy.data.expr.Parameter" value="0">
        </property>
    </entity>
    <entity name="rec" class="ptolemy.actor.lib.Recorder">
        <property name="capacity" class="ptolemy.data.expr.Parameter" value="-1">
        </property>
    </entity>
    <relation name="r1" class="ptolemy.actor.TypedIORelation">
        <property name="width" class="ptolemy.data.expr.Parameter" value="1">
        </property>
    </relation>
    <link port="ramp.output" relation="r1"/>
    <link port="rec.input" relation="r1"/>
</entity>

/home/travis/build/icyphy/ptII/ptolemy/actor/gui/test/PtolemyApplication.tcl


==== $PTII/ptolemy/actor/gui/test/PtolemyApplication.tcl: PtolemyApplication-1.0 test constructor with no arguments
==== Contents of test case:

    set empty [java::new {java.lang.String[]} 0]
    # If we are running without a display then creating a PtolemyApplication
    # will fail.  We set app here to null so that we can detect the problem
    set app [java::null]
    set app [java::new ptolemy.actor.gui.PtolemyApplication $empty]
    list {}
    # success is just not throwing an exception.

==== Test generated error:
Failed to parse ""
    while executing
java.lang.Exception: Failed to parse ""
	at ptolemy.actor.gui.ConfigurationApplication.throwArgsException(ConfigurationApplication.java:975)
	at ptolemy.actor.gui.ConfigurationApplication.<init>(ConfigurationApplication.java:355)
	at ptolemy.actor.gui.MoMLApplication.<init>(MoMLApplication.java:100)
	at ptolemy.actor.gui.MoMLApplication.<init>(MoMLApplication.java:83)
	at ptolemy.actor.gui.MoMLApplication.<init>(MoMLApplication.java:70)
	at ptolemy.actor.gui.PtolemyApplication.<init>(PtolemyApplication.java:64)
	at sun.reflect.NativeConstructorAccessorImpl.newInstance0(Native Method)
	at sun.reflect.NativeConstructorAccessorImpl.newInstance(NativeConstructorAccessorImpl.java:62)
	at sun.reflect.DelegatingConstructorAccessorImpl.newInstance(DelegatingConstructorAccessorImpl.java:45)
	at java.lang.reflect.Constructor.newInstance(Constructor.java:423)
	at tcl.lang.reflect.PkgInvoker.invokeConstructor(PkgInvoker.java:99)
	at tcl.lang.JavaInvoke.call(JavaInvoke.java:251)
	at tcl.lang.JavaInvoke.newInstance(JavaInvoke.java:71)
	at tcl.lang.JavaNewCmd.cmdProc(JavaNewCmd.java:111)
	at tcl.lang.Parser.evalObjv(Parser.java:740)
	at tcl.lang.Parser.eval2(Parser.java:1138)
	at tcl.lang.Parser.evalTokens(Parser.java:930)
	at tcl.lang.Parser.eval2(Parser.java:1125)
	at tcl.lang.Interp.eval(Interp.java:1782)
	at tcl.lang.Interp.eval(Interp.java:1841)
	at tcl.lang.UplevelCmd.cmdProc(UplevelCmd.java:93)
	at tcl.lang.Parser.evalObjv(Parser.java:740)
	at tcl.lang.Parser.eval2(Parser.java:1138)
	at tcl.lang.Interp.eval(Interp.java:1782)
	at tcl.lang.Interp.eval(Interp.java:1841)
	at tcl.lang.CatchCmd.cmdProc(CatchCmd.java:42)
	at tcl.lang.Parser.evalObjv(Parser.java:740)
	at tcl.lang.Parser.eval2(Parser.java:1138)
	at tcl.lang.Parser.evalTokens(Parser.java:930)
	at tcl.lang.Parser.eval2(Parser.java:1125)
	at tcl.lang.Procedure.cmdProc(Procedure.java:175)
	at tcl.lang.Parser.evalObjv(Parser.java:740)
	at tcl.lang.Parser.eval2(Parser.java:1138)
	at tcl.lang.Interp.eval(Interp.java:1782)
	at tcl.lang.Interp.evalFile(Interp.java:1880)
	at sun.reflect.NativeMethodAccessorImpl.invoke0(Native Method)
	at sun.reflect.NativeMethodAccessorImpl.invoke(NativeMethodAccessorImpl.java:62)
	at sun.reflect.DelegatingMethodAccessorImpl.invoke(DelegatingMethodAccessorImpl.java:43)
	at java.lang.reflect.Method.invoke(Method.java:498)
	at ptolemy.util.test.junit.TclTests.RunTclFile(TclTests.java:233)
	at sun.reflect.NativeMethodAccessorImpl.invoke0(Native Method)
	at sun.reflect.NativeMethodAccessorImpl.invoke(NativeMethodAccessorImpl.java:62)
	at sun.reflect.DelegatingMethodAccessorImpl.invoke(DelegatingMethodAccessorImpl.java:43)
	at java.lang.reflect.Method.invoke(Method.java:498)
	at org.junit.runners.model.FrameworkMethod$1.runReflectiveCall(FrameworkMethod.java:44)
	at org.junit.internal.runners.model.ReflectiveCallable.run(ReflectiveCallable.java:15)
	at org.junit.runners.model.FrameworkMethod.invokeExplosively(FrameworkMethod.java:41)
	at junitparams.internal.InvokeParameterisedMethod.evaluate(InvokeParameterisedMethod.java:102)
	at junitparams.internal.ParameterisedTestMethodRunner.runMethodInvoker(ParameterisedTestMethodRunner.java:47)
	at junitparams.internal.ParameterisedTestMethodRunner.runTestMethod(ParameterisedTestMethodRunner.java:41)
	at junitparams.internal.ParameterisedTestClassRunner.runParameterisedTest(ParameterisedTestClassRunner.java:143)
	at junitparams.JUnitParamsRunner.runChild(JUnitParamsRunner.java:237)
	at junitparams.JUnitParamsRunner.runChild(JUnitParamsRunner.java:215)
	at org.junit.runners.ParentRunner$3.run(ParentRunner.java:193)
	at org.junit.runners.ParentRunner$1.schedule(ParentRunner.java:52)
	at org.junit.runners.ParentRunner.runChildren(ParentRunner.java:191)
	at org.junit.runners.ParentRunner.access$000(ParentRunner.java:42)
	at org.junit.runners.ParentRunner$2.evaluate(ParentRunner.java:184)
	at org.junit.internal.runners.statements.RunAfters.evaluate(RunAfters.java:31)
	at org.junit.runners.ParentRunner.run(ParentRunner.java:236)
	at org.junit.runners.Suite.runChild(Suite.java:128)
	at org.junit.runners.Suite.runChild(Suite.java:24)
	at org.junit.runners.ParentRunner$3.run(ParentRunner.java:193)
	at org.junit.runners.ParentRunner$1.schedule(ParentRunner.java:52)
	at org.junit.runners.ParentRunner.runChildren(ParentRunner.java:191)
	at org.junit.runners.ParentRunner.access$000(ParentRunner.java:42)
	at org.junit.runners.ParentRunner$2.evaluate(ParentRunner.java:184)
	at org.junit.runners.ParentRunner.run(ParentRunner.java:236)
	at junit.framework.JUnit4TestAdapter.run(JUnit4TestAdapter.java:39)
	at org.apache.tools.ant.taskdefs.optional.junit.JUnitTestRunner.run(JUnitTestRunner.java:532)
	at org.apache.tools.ant.taskdefs.optional.junit.JUnitTestRunner.launch(JUnitTestRunner.java:1165)
	at org.apache.tools.ant.taskdefs.optional.junit.JUnitTestRunner.main(JUnitTestRunner.java:1016)
Caused by: ptolemy.kernel.util.InternalErrorException: Element <entity name="tableau" class="ptolemy.actor.gui.HTMLViewerTableau"> caused an exception to be thrown.
  in .configuration.directory.doc
Because:

No X11 DISPLAY variable was set, but this program performed an operation which requires it.
	at ptolemy.moml.SimpleErrorHandler.handleError(SimpleErrorHandler.java:75)
	at ptolemy.moml.MoMLParser.startElement(MoMLParser.java:3775)
	at com.microstar.xml.XmlParser.parseElement(XmlParser.java:921)
	at com.microstar.xml.XmlParser.parseContent(XmlParser.java:1104)
	at com.microstar.xml.XmlParser.parseElement(XmlParser.java:924)
	at com.microstar.xml.XmlParser.parseContent(XmlParser.java:1104)
	at com.microstar.xml.XmlParser.parseElement(XmlParser.java:924)
	at com.microstar.xml.XmlParser.parseDocument(XmlParser.java:481)
	at com.microstar.xml.XmlParser.doParse(XmlParser.java:159)
	at com.microstar.xml.XmlParser.parse(XmlParser.java:132)
	at ptolemy.moml.MoMLParser.parse(MoMLParser.java:1676)
	at ptolemy.moml.MoMLParser.parse(MoMLParser.java:1595)
	at ptolemy.moml.MoMLParser.parse(MoMLParser.java:1537)
	at ptolemy.actor.gui.PtolemyApplication._createEmptyConfiguration(PtolemyApplication.java:146)
	at ptolemy.actor.gui.ConfigurationApplication._parseArgs(ConfigurationApplication.java:1472)
	at ptolemy.actor.gui.PtolemyApplication._parseArgs(PtolemyApplication.java:166)
	at ptolemy.actor.gui.ConfigurationApplication.<init>(ConfigurationApplication.java:277)
	... 70 more
Caused by: java.awt.HeadlessException: 
No X11 DISPLAY variable was set, but this program performed an operation which requires it.
	at java.awt.GraphicsEnvironment.checkHeadless(GraphicsEnvironment.java:204)
	at java.awt.Window.<init>(Window.java:536)
	at java.awt.Frame.<init>(Frame.java:420)
	at java.awt.Frame.<init>(Frame.java:385)
	at javax.swing.JFrame.<init>(JFrame.java:189)
	at ptolemy.gui.Top.<init>(Top.java:172)
	at ptolemy.actor.gui.TableauFrame.<init>(TableauFrame.java:135)
	at ptolemy.actor.gui.TableauFrame.<init>(TableauFrame.java:124)
	at ptolemy.actor.gui.HTMLViewer.<init>(HTMLViewer.java:119)
	at ptolemy.actor.gui.HTMLViewerTableau.<init>(HTMLViewerTableau.java:88)
	at sun.reflect.NativeConstructorAccessorImpl.newInstance0(Native Method)
	at sun.reflect.NativeConstructorAccessorImpl.newInstance(NativeConstructorAccessorImpl.java:62)
	at sun.reflect.DelegatingConstructorAccessorImpl.newInstance(DelegatingConstructorAccessorImpl.java:45)
	at java.lang.reflect.Constructor.newInstance(Constructor.java:423)
	at ptolemy.moml.MoMLParser._createInstance(MoMLParser.java:4718)
	at ptolemy.moml.MoMLParser._createEntity(MoMLParser.java:4520)
	at ptolemy.moml.MoMLParser.startElement(MoMLParser.java:2864)
	... 85 more

    while executing
java.lang.Exception: Failed to parse ""
    while executing
"java::new ptolemy.actor.gui.PtolemyApplication $empty"
    invoked from within
"set app [java::new ptolemy.actor.gui.PtolemyApplication $empty]"
    ("uplevel" body line 6)
    invoked from within
"uplevel $contents_of_test"
/home/travis/build/icyphy/ptII/ptolemy/actor/gui/test/UserActorLibrary.tcl


==== $PTII/ptolemy/actor/gui/test/UserActorLibrary.tcl: UserActorLibrary-2.0 A PortParameter in an unnamed entity
==== Contents of test case:

    resetUserLibrary $configuration $userLibraryName

    set toplevel [java::new ptolemy.actor.TypedCompositeActor]
    set portParameter [java::new ptolemy.actor.parameters.PortParameter $toplevel myPortParameter]
    java::call ptolemy.actor.gui.UserActorLibrary  saveComponentInLibrary  $configuration $toplevel
    list [$errorHandler getMessages] [$messageHandler getMessages]

==== Result was:
{} {RecorderMessageHandler: Error encountered in:
Exceptions occurred in deferred actions:
java.awt.HeadlessException: 
No X11 DISPLAY variable was set, but this program performed an operation which requires it.

java.awt.HeadlessException: 
No X11 DISPLAY variable was set, but this program performed an operation which requires it.
	at java.awt.GraphicsEnvironment.checkHeadless(GraphicsEnvironment.java:204)
	at java.awt.Window.<init>(Window.java:536)
	at java.awt.Frame.<init>(Frame.java:420)
	at java.awt.Frame.<init>(Frame.java:385)
	at javax.swing.SwingUtilities$SharedOwnerFrame.<init>(SwingUtilities.java:1758)
	at javax.swing.SwingUtilities.getSharedOwnerFrame(SwingUtilities.java:1833)
	at javax.swing.JOptionPane.getRootFrame(JOptionPane.java:1696)
	at javax.swing.JOptionPane.showOptionDialog(JOptionPane.java:863)
	at ptolemy.gui.UndeferredGraphicalMessageHandler._error(UndeferredGraphicalMessageHandler.java:194)
	at ptolemy.gui.GraphicalMessageHandler.access$101(GraphicalMessageHandler.java:75)
	at ptolemy.gui.GraphicalMessageHandler$2.run(GraphicalMessageHandler.java:113)
	at ptolemy.gui.Top._executeDeferredActions(Top.java:1534)
	at ptolemy.gui.Top.access$1000(Top.java:149)
	at ptolemy.gui.Top$DeferredActionsRunnable.run(Top.java:2074)
	at java.awt.event.InvocationEvent.dispatch(InvocationEvent.java:311)
	at java.awt.EventQueue.dispatchEventImpl(EventQueue.java:756)
	at java.awt.EventQueue.access$500(EventQueue.java:97)
	at java.awt.EventQueue$3.run(EventQueue.java:709)
	at java.awt.EventQueue$3.run(EventQueue.java:703)
	at java.security.AccessController.doPrivileged(Native Method)
	at java.security.ProtectionDomain$JavaSecurityAccessImpl.doIntersectionPrivilege(ProtectionDomain.java:80)
	at java.awt.EventQueue.dispatchEvent(EventQueue.java:726)
	at java.awt.EventDispatchThread.pumpOneEventForFilters(EventDispatchThread.java:201)
	at java.awt.EventDispatchThread.pumpEventsForFilter(EventDispatchThread.java:116)
	at java.awt.EventDispatchThread.pumpEventsForHierarchy(EventDispatchThread.java:105)
	at java.awt.EventDispatchThread.pumpEvents(EventDispatchThread.java:101)
	at java.awt.EventDispatchThread.pumpEvents(EventDispatchThread.java:93)
	at java.awt.EventDispatchThread.run(EventDispatchThread.java:82)
RecorderMessageHandler: Error encountered in:
Exceptions occurred in deferred actions:
java.awt.HeadlessException: 
No X11 DISPLAY variable was set, but this program performed an operation which requires it.

java.awt.HeadlessException: 
No X11 DISPLAY variable was set, but this program performed an operation which requires it.
	at java.awt.GraphicsEnvironment.checkHeadless(GraphicsEnvironment.java:204)
	at java.awt.Window.<init>(Window.java:536)
	at java.awt.Frame.<init>(Frame.java:420)
	at java.awt.Frame.<init>(Frame.java:385)
	at javax.swing.SwingUtilities$SharedOwnerFrame.<init>(SwingUtilities.java:1758)
	at javax.swing.SwingUtilities.getSharedOwnerFrame(SwingUtilities.java:1833)
	at javax.swing.JOptionPane.getRootFrame(JOptionPane.java:1696)
	at javax.swing.JOptionPane.showOptionDialog(JOptionPane.java:863)
	at ptolemy.gui.UndeferredGraphicalMessageHandler._error(UndeferredGraphicalMessageHandler.java:145)
	at ptolemy.gui.GraphicalMessageHandler.access$001(GraphicalMessageHandler.java:75)
	at ptolemy.gui.GraphicalMessageHandler$1.run(GraphicalMessageHandler.java:90)
	at ptolemy.gui.Top._executeDeferredActions(Top.java:1534)
	at ptolemy.gui.Top.access$1000(Top.java:149)
	at ptolemy.gui.Top$DeferredActionsRunnable.run(Top.java:2074)
	at java.awt.event.InvocationEvent.dispatch(InvocationEvent.java:311)
	at java.awt.EventQueue.dispatchEventImpl(EventQueue.java:756)
	at java.awt.EventQueue.access$500(EventQueue.java:97)
	at java.awt.EventQueue$3.run(EventQueue.java:709)
	at java.awt.EventQueue$3.run(EventQueue.java:703)
	at java.security.AccessController.doPrivileged(Native Method)
	at java.security.ProtectionDomain$JavaSecurityAccessImpl.doIntersectionPrivilege(ProtectionDomain.java:80)
	at java.awt.EventQueue.dispatchEvent(EventQueue.java:726)
	at java.awt.EventDispatchThread.pumpOneEventForFilters(EventDispatchThread.java:201)
	at java.awt.EventDispatchThread.pumpEventsForFilter(EventDispatchThread.java:116)
	at java.awt.EventDispatchThread.pumpEventsForHierarchy(EventDispatchThread.java:105)
	at java.awt.EventDispatchThread.pumpEvents(EventDispatchThread.java:101)
	at java.awt.EventDispatchThread.pumpEvents(EventDispatchThread.java:93)
	at java.awt.EventDispatchThread.run(EventDispatchThread.java:82)
}
---- Result should have been:
{} {}
---- UserActorLibrary-2.0 FAILED


==== $PTII/ptolemy/actor/gui/test/UserActorLibrary.tcl: UserActorLibrary-2.1 A Ramp in an unnamed entity
==== Contents of test case:

    resetUserLibrary $configuration $userLibraryName

    set toplevel2_1 [java::new ptolemy.actor.TypedCompositeActor]
    set ramp [java::new ptolemy.actor.lib.Ramp $toplevel2_1 myRamp]
    java::call ptolemy.actor.gui.UserActorLibrary  saveComponentInLibrary  $configuration $toplevel2_1
    list [$errorHandler getMessages] [$messageHandler getMessages]

==== Result was:
{} {RecorderMessageHandler: Error encountered in:
Exceptions occurred in deferred actions:
java.awt.HeadlessException: 
No X11 DISPLAY variable was set, but this program performed an operation which requires it.

java.awt.HeadlessException: 
No X11 DISPLAY variable was set, but this program performed an operation which requires it.
	at java.awt.GraphicsEnvironment.checkHeadless(GraphicsEnvironment.java:204)
	at java.awt.Window.<init>(Window.java:536)
	at java.awt.Frame.<init>(Frame.java:420)
	at java.awt.Frame.<init>(Frame.java:385)
	at javax.swing.SwingUtilities$SharedOwnerFrame.<init>(SwingUtilities.java:1758)
	at javax.swing.SwingUtilities.getSharedOwnerFrame(SwingUtilities.java:1833)
	at javax.swing.JOptionPane.getRootFrame(JOptionPane.java:1696)
	at javax.swing.JOptionPane.showOptionDialog(JOptionPane.java:863)
	at ptolemy.gui.UndeferredGraphicalMessageHandler._error(UndeferredGraphicalMessageHandler.java:194)
	at ptolemy.gui.GraphicalMessageHandler.access$101(GraphicalMessageHandler.java:75)
	at ptolemy.gui.GraphicalMessageHandler$2.run(GraphicalMessageHandler.java:113)
	at ptolemy.gui.Top._executeDeferredActions(Top.java:1534)
	at ptolemy.gui.Top.access$1000(Top.java:149)
	at ptolemy.gui.Top$DeferredActionsRunnable.run(Top.java:2074)
	at java.awt.event.InvocationEvent.dispatch(InvocationEvent.java:311)
	at java.awt.EventQueue.dispatchEventImpl(EventQueue.java:756)
	at java.awt.EventQueue.access$500(EventQueue.java:97)
	at java.awt.EventQueue$3.run(EventQueue.java:709)
	at java.awt.EventQueue$3.run(EventQueue.java:703)
	at java.security.AccessController.doPrivileged(Native Method)
	at java.security.ProtectionDomain$JavaSecurityAccessImpl.doIntersectionPrivilege(ProtectionDomain.java:80)
	at java.awt.EventQueue.dispatchEvent(EventQueue.java:726)
	at java.awt.EventDispatchThread.pumpOneEventForFilters(EventDispatchThread.java:201)
	at java.awt.EventDispatchThread.pumpEventsForFilter(EventDispatchThread.java:116)
	at java.awt.EventDispatchThread.pumpEventsForHierarchy(EventDispatchThread.java:105)
	at java.awt.EventDispatchThread.pumpEvents(EventDispatchThread.java:101)
	at java.awt.EventDispatchThread.pumpEvents(EventDispatchThread.java:93)
	at java.awt.EventDispatchThread.run(EventDispatchThread.java:82)
RecorderMessageHandler: Error encountered in:
Exceptions occurred in deferred actions:
java.awt.HeadlessException: 
No X11 DISPLAY variable was set, but this program performed an operation which requires it.

java.awt.HeadlessException: 
No X11 DISPLAY variable was set, but this program performed an operation which requires it.
	at java.awt.GraphicsEnvironment.checkHeadless(GraphicsEnvironment.java:204)
	at java.awt.Window.<init>(Window.java:536)
	at java.awt.Frame.<init>(Frame.java:420)
	at java.awt.Frame.<init>(Frame.java:385)
	at javax.swing.SwingUtilities$SharedOwnerFrame.<init>(SwingUtilities.java:1758)
	at javax.swing.SwingUtilities.getSharedOwnerFrame(SwingUtilities.java:1833)
	at javax.swing.JOptionPane.getRootFrame(JOptionPane.java:1696)
	at javax.swing.JOptionPane.showOptionDialog(JOptionPane.java:863)
	at ptolemy.gui.UndeferredGraphicalMessageHandler._error(UndeferredGraphicalMessageHandler.java:145)
	at ptolemy.gui.GraphicalMessageHandler.access$001(GraphicalMessageHandler.java:75)
	at ptolemy.gui.GraphicalMessageHandler$1.run(GraphicalMessageHandler.java:90)
	at ptolemy.gui.Top._executeDeferredActions(Top.java:1534)
	at ptolemy.gui.Top.access$1000(Top.java:149)
	at ptolemy.gui.Top$DeferredActionsRunnable.run(Top.java:2074)
	at java.awt.event.InvocationEvent.dispatch(InvocationEvent.java:311)
	at java.awt.EventQueue.dispatchEventImpl(EventQueue.java:756)
	at java.awt.EventQueue.access$500(EventQueue.java:97)
	at java.awt.EventQueue$3.run(EventQueue.java:709)
	at java.awt.EventQueue$3.run(EventQueue.java:703)
	at java.security.AccessController.doPrivileged(Native Method)
	at java.security.ProtectionDomain$JavaSecurityAccessImpl.doIntersectionPrivilege(ProtectionDomain.java:80)
	at java.awt.EventQueue.dispatchEvent(EventQueue.java:726)
	at java.awt.EventDispatchThread.pumpOneEventForFilters(EventDispatchThread.java:201)
	at java.awt.EventDispatchThread.pumpEventsForFilter(EventDispatchThread.java:116)
	at java.awt.EventDispatchThread.pumpEventsForHierarchy(EventDispatchThread.java:105)
	at java.awt.EventDispatchThread.pumpEvents(EventDispatchThread.java:101)
	at java.awt.EventDispatchThread.pumpEvents(EventDispatchThread.java:93)
	at java.awt.EventDispatchThread.run(EventDispatchThread.java:82)
}
---- Result should have been:
{} {}
---- UserActorLibrary-2.1 FAILED
/home/travis/build/icyphy/ptII/ptolemy/actor/gui/test/ZZZConfiguration.tcl
03/19/18 10:41:58
Failed: 4  Total Tests: 55  ((Passed: 51, Newly Passed: 0)  Known Failed: 0) /home/travis/build/icyphy/ptII/ptolemy/actor/gui/test
No auto/knownFailedTests/*.xml tests in /home/travis/build/icyphy/ptII/ptolemy/actor/gui/test
No auto/*.xml tests in /home/travis/build/icyphy/ptII/ptolemy/actor/gui/test
No auto/*.xml tests in /home/travis/build/icyphy/ptII/ptolemy/actor/gui/test
]]></system-out>
  <system-err><![CDATA[RecorderMessageHandler: Exceptions occurred in deferred actions:
java.awt.HeadlessException: 
No X11 DISPLAY variable was set, but this program performed an operation which requires it.
 java.awt.HeadlessException: 
No X11 DISPLAY variable was set, but this program performed an operation which requires it.
RecorderMessageHandler: Exceptions occurred in deferred actions:
java.awt.HeadlessException: 
No X11 DISPLAY variable was set, but this program performed an operation which requires it.
 java.awt.HeadlessException: 
No X11 DISPLAY variable was set, but this program performed an operation which requires it.
]]></system-err>
</testsuite>
