<?xml version="1.0" encoding="UTF-8" ?>
<testsuite errors="1" failures="0" hostname="travis-job-5445b2f8-5ca6-4d0c-9562-dbcd86d8669a" name="ptolemy.actor.lib.hoc.test.junit.JUnitTclTest" skipped="0" tests="58" time="24.734" timestamp="2018-05-14T00:46:27">
  <properties>
[...]
</properties>
  <testcase classname="ptolemy.util.test.junit.TclTests" name="[0] /home/travis/build/icyphy/ptII/ptolemy/actor/lib/hoc/test/IterateOverArray.tcl (RunTclFile)" time="0.265" />
  <testcase classname="ptolemy.util.test.junit.AutoKnownFailedTests" name="[0] /home/travis/build/icyphy/ptII/ptolemy/actor/lib/hoc/test/auto/knownFailedTests/PreinitializeMustBeInvokedRunComposite.xml (RunModel)" time="0.309" />
  <testcase classname="ptolemy.util.test.junit.AutoNameArchTests" name="[0] ThereAreNoAutoTests (RunModel)" time="0.001" />
  <testcase classname="ptolemy.util.test.junit.AutoTests" name="[0] /home/travis/build/icyphy/ptII/ptolemy/actor/lib/hoc/test/auto/AllToAllMultiInstanceComposite.xml (RunModel)" time="0.284" />
  <testcase classname="ptolemy.util.test.junit.AutoTests" name="[1] /home/travis/build/icyphy/ptII/ptolemy/actor/lib/hoc/test/auto/ApplyFFTTest.xml (RunModel)" time="0.419" />
  <testcase classname="ptolemy.util.test.junit.AutoTests" name="[2] /home/travis/build/icyphy/ptII/ptolemy/actor/lib/hoc/test/auto/ApplyFunction.xml (RunModel)" time="0.038" />
  <testcase classname="ptolemy.util.test.junit.AutoTests" name="[3] /home/travis/build/icyphy/ptII/ptolemy/actor/lib/hoc/test/auto/BackgroundExecution.xml (RunModel)" time="0.741" />
  <testcase classname="ptolemy.util.test.junit.AutoTests" name="[4] /home/travis/build/icyphy/ptII/ptolemy/actor/lib/hoc/test/auto/Case.xml (RunModel)" time="0.059" />
  <testcase classname="ptolemy.util.test.junit.AutoTests" name="[5] /home/travis/build/icyphy/ptII/ptolemy/actor/lib/hoc/test/auto/Case1.xml (RunModel)" time="0.035" />
  <testcase classname="ptolemy.util.test.junit.AutoTests" name="[6] /home/travis/build/icyphy/ptII/ptolemy/actor/lib/hoc/test/auto/Case2.xml (RunModel)" time="0.116" />
  <testcase classname="ptolemy.util.test.junit.AutoTests" name="[7] /home/travis/build/icyphy/ptII/ptolemy/actor/lib/hoc/test/auto/Case3.xml (RunModel)" time="0.03" />
  <testcase classname="ptolemy.util.test.junit.AutoTests" name="[8] /home/travis/build/icyphy/ptII/ptolemy/actor/lib/hoc/test/auto/Case4.xml (RunModel)" time="0.037" />
  <testcase classname="ptolemy.util.test.junit.AutoTests" name="[9] /home/travis/build/icyphy/ptII/ptolemy/actor/lib/hoc/test/auto/Case5.xml (RunModel)" time="0.062" />
  <testcase classname="ptolemy.util.test.junit.AutoTests" name="[10] /home/travis/build/icyphy/ptII/ptolemy/actor/lib/hoc/test/auto/Case6.xml (RunModel)" time="0.08" />
  <testcase classname="ptolemy.util.test.junit.AutoTests" name="[11] /home/travis/build/icyphy/ptII/ptolemy/actor/lib/hoc/test/auto/CaseString2.xml (RunModel)" time="0.038" />
  <testcase classname="ptolemy.util.test.junit.AutoTests" name="[12] /home/travis/build/icyphy/ptII/ptolemy/actor/lib/hoc/test/auto/CatchUpComposite1.xml (RunModel)" time="0.095" />
  <testcase classname="ptolemy.util.test.junit.AutoTests" name="[13] /home/travis/build/icyphy/ptII/ptolemy/actor/lib/hoc/test/auto/CatchUpComposite2.xml (RunModel)" time="0.054" />
  <testcase classname="ptolemy.util.test.junit.AutoTests" name="[14] /home/travis/build/icyphy/ptII/ptolemy/actor/lib/hoc/test/auto/CatchUpComposite3.xml (RunModel)" time="0.064" />
  <testcase classname="ptolemy.util.test.junit.AutoTests" name="[15] /home/travis/build/icyphy/ptII/ptolemy/actor/lib/hoc/test/auto/CatchUpComposite4.xml (RunModel)" time="0.071" />
  <testcase classname="ptolemy.util.test.junit.AutoTests" name="[16] /home/travis/build/icyphy/ptII/ptolemy/actor/lib/hoc/test/auto/CatchUpComposite5.xml (RunModel)" time="0.047" />
  <testcase classname="ptolemy.util.test.junit.AutoTests" name="[17] /home/travis/build/icyphy/ptII/ptolemy/actor/lib/hoc/test/auto/CatchUpComposite6.xml (RunModel)" time="0.184" />
  <testcase classname="ptolemy.util.test.junit.AutoTests" name="[18] /home/travis/build/icyphy/ptII/ptolemy/actor/lib/hoc/test/auto/CatchUpComposite7.xml (RunModel)" time="0.109" />
  <testcase classname="ptolemy.util.test.junit.AutoTests" name="[19] /home/travis/build/icyphy/ptII/ptolemy/actor/lib/hoc/test/auto/ConcurrentExecutionTimeSDF.xml (RunModel)" time="0.045" />
  <testcase classname="ptolemy.util.test.junit.AutoTests" name="[20] /home/travis/build/icyphy/ptII/ptolemy/actor/lib/hoc/test/auto/ConcurrentSleep.xml (RunModel)" time="0.746" />
  <testcase classname="ptolemy.util.test.junit.AutoTests" name="[21] /home/travis/build/icyphy/ptII/ptolemy/actor/lib/hoc/test/auto/DEInPNInRunCompositeActor.xml (RunModel)" time="0.07" />
  <testcase classname="ptolemy.util.test.junit.AutoTests" name="[22] /home/travis/build/icyphy/ptII/ptolemy/actor/lib/hoc/test/auto/DFTSubSetTest.xml (RunModel)" time="0.245" />
  <testcase classname="ptolemy.util.test.junit.AutoTests" name="[23] /home/travis/build/icyphy/ptII/ptolemy/actor/lib/hoc/test/auto/HocDE.xml (RunModel)" time="0.234" />
  <testcase classname="ptolemy.util.test.junit.AutoTests" name="[24] /home/travis/build/icyphy/ptII/ptolemy/actor/lib/hoc/test/auto/IterateOverArray.xml (RunModel)" time="0.04" />
  <testcase classname="ptolemy.util.test.junit.AutoTests" name="[25] /home/travis/build/icyphy/ptII/ptolemy/actor/lib/hoc/test/auto/IterateOverArray10.xml (RunModel)" time="0.013" />
  <testcase classname="ptolemy.util.test.junit.AutoTests" name="[26] /home/travis/build/icyphy/ptII/ptolemy/actor/lib/hoc/test/auto/IterateOverArray11.xml (RunModel)" time="0.016" />
  <testcase classname="ptolemy.util.test.junit.AutoTests" name="[27] /home/travis/build/icyphy/ptII/ptolemy/actor/lib/hoc/test/auto/IterateOverArray12.xml (RunModel)" time="0.043" />
  <testcase classname="ptolemy.util.test.junit.AutoTests" name="[28] /home/travis/build/icyphy/ptII/ptolemy/actor/lib/hoc/test/auto/IterateOverArray13.xml (RunModel)" time="0.174" />
  <testcase classname="ptolemy.util.test.junit.AutoTests" name="[29] /home/travis/build/icyphy/ptII/ptolemy/actor/lib/hoc/test/auto/IterateOverArray14.xml (RunModel)" time="0.165" />
  <testcase classname="ptolemy.util.test.junit.AutoTests" name="[30] /home/travis/build/icyphy/ptII/ptolemy/actor/lib/hoc/test/auto/IterateOverArray2.xml (RunModel)" time="0.031" />
  <testcase classname="ptolemy.util.test.junit.AutoTests" name="[31] /home/travis/build/icyphy/ptII/ptolemy/actor/lib/hoc/test/auto/IterateOverArray3.xml (RunModel)" time="0.048" />
  <testcase classname="ptolemy.util.test.junit.AutoTests" name="[32] /home/travis/build/icyphy/ptII/ptolemy/actor/lib/hoc/test/auto/IterateOverArray4.xml (RunModel)" time="0.039" />
  <testcase classname="ptolemy.util.test.junit.AutoTests" name="[33] /home/travis/build/icyphy/ptII/ptolemy/actor/lib/hoc/test/auto/IterateOverArray5.xml (RunModel)" time="0.022" />
  <testcase classname="ptolemy.util.test.junit.AutoTests" name="[34] /home/travis/build/icyphy/ptII/ptolemy/actor/lib/hoc/test/auto/IterateOverArray6.xml (RunModel)" time="0.018" />
  <testcase classname="ptolemy.util.test.junit.AutoTests" name="[35] /home/travis/build/icyphy/ptII/ptolemy/actor/lib/hoc/test/auto/IterateOverArray7.xml (RunModel)" time="0.025" />
  <testcase classname="ptolemy.util.test.junit.AutoTests" name="[36] /home/travis/build/icyphy/ptII/ptolemy/actor/lib/hoc/test/auto/IterateOverArray8.xml (RunModel)" time="0.023" />
  <testcase classname="ptolemy.util.test.junit.AutoTests" name="[37] /home/travis/build/icyphy/ptII/ptolemy/actor/lib/hoc/test/auto/IterateOverArray9.xml (RunModel)" time="0.033" />
  <testcase classname="ptolemy.util.test.junit.AutoTests" name="[38] /home/travis/build/icyphy/ptII/ptolemy/actor/lib/hoc/test/auto/IterateOverArrayCoercedOutputType.xml (RunModel)" time="0.039" />
  <testcase classname="ptolemy.util.test.junit.AutoTests" name="[39] /home/travis/build/icyphy/ptII/ptolemy/actor/lib/hoc/test/auto/IterateOverArrayInferredOutputType.xml (RunModel)" time="0.037" />
  <testcase classname="ptolemy.util.test.junit.AutoTests" name="[40] /home/travis/build/icyphy/ptII/ptolemy/actor/lib/hoc/test/auto/MobileFunctionTest.xml (RunModel)" time="0.029" />
  <testcase classname="ptolemy.util.test.junit.AutoTests" name="[41] /home/travis/build/icyphy/ptII/ptolemy/actor/lib/hoc/test/auto/MobileModelTest.xml (RunModel)" time="0.122" />
  <testcase classname="ptolemy.util.test.junit.AutoTests" name="[42] /home/travis/build/icyphy/ptII/ptolemy/actor/lib/hoc/test/auto/ModelReference.xml (RunModel)" time="0.07" />
  <testcase classname="ptolemy.util.test.junit.AutoTests" name="[43] /home/travis/build/icyphy/ptII/ptolemy/actor/lib/hoc/test/auto/ModelReference3.xml (RunModel)" time="0.062" />
  <testcase classname="ptolemy.util.test.junit.AutoTests" name="[44] /home/travis/build/icyphy/ptII/ptolemy/actor/lib/hoc/test/auto/ModelReference4.xml (RunModel)" time="10.036" />
  <testcase classname="ptolemy.util.test.junit.AutoTests" name="[45] /home/travis/build/icyphy/ptII/ptolemy/actor/lib/hoc/test/auto/MultiInstanceComposite.xml (RunModel)" time="0.051" />
  <testcase classname="ptolemy.util.test.junit.AutoTests" name="[46] /home/travis/build/icyphy/ptII/ptolemy/actor/lib/hoc/test/auto/MultiInstanceComposite2.xml (RunModel)" time="0.05" />
  <testcase classname="ptolemy.util.test.junit.AutoTests" name="[47] /home/travis/build/icyphy/ptII/ptolemy/actor/lib/hoc/test/auto/MulticoreExecution.xml (RunModel)" time="2.063">
    <error type="java.lang.reflect.InvocationTargetException">java.lang.reflect.InvocationTargetException
	at java.lang.reflect.Constructor.newInstance(Constructor.java:423)
	at ptolemy.util.test.junit.AutoTests.RunModel(AutoTests.java:185)
	at junitparams.internal.InvokeParameterisedMethod.evaluate(InvokeParameterisedMethod.java:102)
Caused by: ptolemy.kernel.util.IllegalActionException: Inside thread was interrupted.
  in .MulticoreExecution.ThreadedComposite2.ThreadedDirector
	at ptolemy.actor.lib.hoc.ThreadedComposite$ThreadedDirector.fire(ThreadedComposite.java:646)
	at ptolemy.actor.CompositeActor.fire(CompositeActor.java:455)
	at ptolemy.actor.sched.FixedPointDirector._fireActor(FixedPointDirector.java:768)
	at ptolemy.actor.sched.FixedPointDirector.fire(FixedPointDirector.java:244)
	at ptolemy.actor.CompositeActor.fire(CompositeActor.java:455)
	at ptolemy.actor.Manager.iterate(Manager.java:851)
	at ptolemy.actor.Manager.execute(Manager.java:369)
	at ptolemy.actor.Manager.run(Manager.java:1263)
	at ptolemy.actor.Manager$PtolemyRunThread.run(Manager.java:1915)
</error>
  </testcase>
  <testcase classname="ptolemy.util.test.junit.AutoTests" name="[48] /home/travis/build/icyphy/ptII/ptolemy/actor/lib/hoc/test/auto/ParallelExecution.xml (RunModel)" time="0.945" />
  <testcase classname="ptolemy.util.test.junit.AutoTests" name="[49] /home/travis/build/icyphy/ptII/ptolemy/actor/lib/hoc/test/auto/RunCompositeActor.xml (RunModel)" time="0.024" />
  <testcase classname="ptolemy.util.test.junit.AutoTests" name="[50] /home/travis/build/icyphy/ptII/ptolemy/actor/lib/hoc/test/auto/RunCompositeActor2.xml (RunModel)" time="0.032" />
  <testcase classname="ptolemy.util.test.junit.AutoTests" name="[51] /home/travis/build/icyphy/ptII/ptolemy/actor/lib/hoc/test/auto/RunCompositeActor3.xml (RunModel)" time="0.022" />
  <testcase classname="ptolemy.util.test.junit.AutoTests" name="[52] /home/travis/build/icyphy/ptII/ptolemy/actor/lib/hoc/test/auto/RunCompositeActor4.xml (RunModel)" time="0.034" />
  <testcase classname="ptolemy.util.test.junit.AutoTests" name="[53] /home/travis/build/icyphy/ptII/ptolemy/actor/lib/hoc/test/auto/RunCompositeIterateOverArray.xml (RunModel)" time="0.025" />
  <testcase classname="ptolemy.util.test.junit.AutoTests" name="[54] /home/travis/build/icyphy/ptII/ptolemy/actor/lib/hoc/test/auto/ThreadedJS.xml (RunModel)" time="5.428" />
  <system-out><![CDATA[/home/travis/build/icyphy/ptII/ptolemy/actor/lib/hoc/test/IterateOverArray.tcl
testDefs.tcl: setting time out to 9000 seconds at Mon May 14 00:46:27 UTC 2018
05/14/18 12:46:27
Failed: 0  Total Tests: 2  ((Passed: 2, Newly Passed: 0)  Known Failed: 0) /home/travis/build/icyphy/ptII/ptolemy/actor/lib/hoc/test
----------------- testing (KnownFailure) /home/travis/build/icyphy/ptII/ptolemy/actor/lib/hoc/test/auto/knownFailedTests/PreinitializeMustBeInvokedRunComposite.xml
37 ms. Memory: 116224K Free: 105061K (90%)
Known Failure: java.lang.reflect.InvocationTargetException
No auto/*.xml tests in /home/travis/build/icyphy/ptII/ptolemy/actor/lib/hoc/test
AutoTests.java: About to close Vertx.
AutoTests.java: Vertx closed.
----------------- testing Mon May 14 00:46:27 UTC 2018 /home/travis/build/icyphy/ptII/ptolemy/actor/lib/hoc/test/auto/AllToAllMultiInstanceComposite.xml
----------------- Instantiating /home/travis/build/icyphy/ptII/ptolemy/actor/lib/hoc/test/auto/AllToAllMultiInstanceComposite.xml
96 ms. Memory: 146944K Free: 112974K (77%)
----------------- Invoking toplevel() on ptolemy.moml.MoMLSimpleApplication@730dd863
----------------- Done invoking toplevel() on ptolemy.moml.MoMLSimpleApplication@730dd863
reloadAllAccessors: .AllToAllMultiInstanceComposite
----------------- testing Mon May 14 00:46:28 UTC 2018 /home/travis/build/icyphy/ptII/ptolemy/actor/lib/hoc/test/auto/ApplyFFTTest.xml
----------------- Instantiating /home/travis/build/icyphy/ptII/ptolemy/actor/lib/hoc/test/auto/ApplyFFTTest.xml
200 ms. Memory: 146944K Free: 92830K (63%)
----------------- Invoking toplevel() on ptolemy.moml.MoMLSimpleApplication@3d10f57a
----------------- Done invoking toplevel() on ptolemy.moml.MoMLSimpleApplication@3d10f57a
reloadAllAccessors: .ApplyFFTTest
----------------- testing Mon May 14 00:46:28 UTC 2018 /home/travis/build/icyphy/ptII/ptolemy/actor/lib/hoc/test/auto/ApplyFunction.xml
----------------- Instantiating /home/travis/build/icyphy/ptII/ptolemy/actor/lib/hoc/test/auto/ApplyFunction.xml
8 ms. Memory: 146944K Free: 89038K (61%)
----------------- Invoking toplevel() on ptolemy.moml.MoMLSimpleApplication@453a5c7c
----------------- Done invoking toplevel() on ptolemy.moml.MoMLSimpleApplication@453a5c7c
reloadAllAccessors: .ApplyFunction
----------------- testing Mon May 14 00:46:28 UTC 2018 /home/travis/build/icyphy/ptII/ptolemy/actor/lib/hoc/test/auto/BackgroundExecution.xml
----------------- Instantiating /home/travis/build/icyphy/ptII/ptolemy/actor/lib/hoc/test/auto/BackgroundExecution.xml
639 ms. Memory: 146944K Free: 81119K (55%)
----------------- Invoking toplevel() on ptolemy.moml.MoMLSimpleApplication@77095536
----------------- Done invoking toplevel() on ptolemy.moml.MoMLSimpleApplication@77095536
reloadAllAccessors: .BackgroundExecution
----------------- testing Mon May 14 00:46:29 UTC 2018 /home/travis/build/icyphy/ptII/ptolemy/actor/lib/hoc/test/auto/Case.xml
----------------- Instantiating /home/travis/build/icyphy/ptII/ptolemy/actor/lib/hoc/test/auto/Case.xml
16 ms. Memory: 146944K Free: 133465K (91%)
----------------- Invoking toplevel() on ptolemy.moml.MoMLSimpleApplication@280f9b32
----------------- Done invoking toplevel() on ptolemy.moml.MoMLSimpleApplication@280f9b32
reloadAllAccessors: .Case
----------------- testing Mon May 14 00:46:29 UTC 2018 /home/travis/build/icyphy/ptII/ptolemy/actor/lib/hoc/test/auto/Case1.xml
----------------- Instantiating /home/travis/build/icyphy/ptII/ptolemy/actor/lib/hoc/test/auto/Case1.xml
11 ms. Memory: 146944K Free: 125645K (86%)
----------------- Invoking toplevel() on ptolemy.moml.MoMLSimpleApplication@673f7eb
----------------- Done invoking toplevel() on ptolemy.moml.MoMLSimpleApplication@673f7eb
reloadAllAccessors: .Case1
----------------- testing Mon May 14 00:46:29 UTC 2018 /home/travis/build/icyphy/ptII/ptolemy/actor/lib/hoc/test/auto/Case2.xml
----------------- Instantiating /home/travis/build/icyphy/ptII/ptolemy/actor/lib/hoc/test/auto/Case2.xml
49 ms. Memory: 146944K Free: 114383K (78%)
----------------- Invoking toplevel() on ptolemy.moml.MoMLSimpleApplication@4fed61ab
----------------- Done invoking toplevel() on ptolemy.moml.MoMLSimpleApplication@4fed61ab
reloadAllAccessors: .Case2
----------------- testing Mon May 14 00:46:29 UTC 2018 /home/travis/build/icyphy/ptII/ptolemy/actor/lib/hoc/test/auto/Case3.xml
----------------- Instantiating /home/travis/build/icyphy/ptII/ptolemy/actor/lib/hoc/test/auto/Case3.xml
8 ms. Memory: 146944K Free: 106997K (73%)
----------------- Invoking toplevel() on ptolemy.moml.MoMLSimpleApplication@6a94982f
----------------- Done invoking toplevel() on ptolemy.moml.MoMLSimpleApplication@6a94982f
reloadAllAccessors: .Case3
----------------- testing Mon May 14 00:46:29 UTC 2018 /home/travis/build/icyphy/ptII/ptolemy/actor/lib/hoc/test/auto/Case4.xml
----------------- Instantiating /home/travis/build/icyphy/ptII/ptolemy/actor/lib/hoc/test/auto/Case4.xml
10 ms. Memory: 146944K Free: 98580K (67%)
----------------- Invoking toplevel() on ptolemy.moml.MoMLSimpleApplication@19c2559f
----------------- Done invoking toplevel() on ptolemy.moml.MoMLSimpleApplication@19c2559f
reloadAllAccessors: .Case4
----------------- testing Mon May 14 00:46:29 UTC 2018 /home/travis/build/icyphy/ptII/ptolemy/actor/lib/hoc/test/auto/Case5.xml
----------------- Instantiating /home/travis/build/icyphy/ptII/ptolemy/actor/lib/hoc/test/auto/Case5.xml
41 ms. Memory: 146944K Free: 91162K (62%)
----------------- Invoking toplevel() on ptolemy.moml.MoMLSimpleApplication@515575fc
----------------- Done invoking toplevel() on ptolemy.moml.MoMLSimpleApplication@515575fc
reloadAllAccessors: .junk
----------------- testing Mon May 14 00:46:29 UTC 2018 /home/travis/build/icyphy/ptII/ptolemy/actor/lib/hoc/test/auto/Case6.xml
----------------- Instantiating /home/travis/build/icyphy/ptII/ptolemy/actor/lib/hoc/test/auto/Case6.xml
42 ms. Memory: 208384K Free: 200418K (96%)
----------------- Invoking toplevel() on ptolemy.moml.MoMLSimpleApplication@547b32a7
----------------- Done invoking toplevel() on ptolemy.moml.MoMLSimpleApplication@547b32a7
reloadAllAccessors: .Case6
----------------- testing Mon May 14 00:46:29 UTC 2018 /home/travis/build/icyphy/ptII/ptolemy/actor/lib/hoc/test/auto/CaseString2.xml
----------------- Instantiating /home/travis/build/icyphy/ptII/ptolemy/actor/lib/hoc/test/auto/CaseString2.xml
9 ms. Memory: 208384K Free: 190260K (91%)
----------------- Invoking toplevel() on ptolemy.moml.MoMLSimpleApplication@2ec6931c
----------------- Done invoking toplevel() on ptolemy.moml.MoMLSimpleApplication@2ec6931c
reloadAllAccessors: .CaseString2
----------------- testing Mon May 14 00:46:29 UTC 2018 /home/travis/build/icyphy/ptII/ptolemy/actor/lib/hoc/test/auto/CatchUpComposite1.xml
----------------- Instantiating /home/travis/build/icyphy/ptII/ptolemy/actor/lib/hoc/test/auto/CatchUpComposite1.xml
27 ms. Memory: 208384K Free: 180947K (87%)
----------------- Invoking toplevel() on ptolemy.moml.MoMLSimpleApplication@55956eb7
----------------- Done invoking toplevel() on ptolemy.moml.MoMLSimpleApplication@55956eb7
reloadAllAccessors: .CatchUpComposite1
----------------- testing Mon May 14 00:46:30 UTC 2018 /home/travis/build/icyphy/ptII/ptolemy/actor/lib/hoc/test/auto/CatchUpComposite2.xml
----------------- Instantiating /home/travis/build/icyphy/ptII/ptolemy/actor/lib/hoc/test/auto/CatchUpComposite2.xml
17 ms. Memory: 208384K Free: 171571K (82%)
----------------- Invoking toplevel() on ptolemy.moml.MoMLSimpleApplication@386c52d
----------------- Done invoking toplevel() on ptolemy.moml.MoMLSimpleApplication@386c52d
reloadAllAccessors: .CatchUpComposite2
----------------- testing Mon May 14 00:46:30 UTC 2018 /home/travis/build/icyphy/ptII/ptolemy/actor/lib/hoc/test/auto/CatchUpComposite3.xml
----------------- Instantiating /home/travis/build/icyphy/ptII/ptolemy/actor/lib/hoc/test/auto/CatchUpComposite3.xml
7 ms. Memory: 208384K Free: 161375K (77%)
----------------- Invoking toplevel() on ptolemy.moml.MoMLSimpleApplication@3093bcad
----------------- Done invoking toplevel() on ptolemy.moml.MoMLSimpleApplication@3093bcad
reloadAllAccessors: .CatchUpComposite3
----------------- testing Mon May 14 00:46:30 UTC 2018 /home/travis/build/icyphy/ptII/ptolemy/actor/lib/hoc/test/auto/CatchUpComposite4.xml
----------------- Instantiating /home/travis/build/icyphy/ptII/ptolemy/actor/lib/hoc/test/auto/CatchUpComposite4.xml
20 ms. Memory: 208384K Free: 152078K (73%)
----------------- Invoking toplevel() on ptolemy.moml.MoMLSimpleApplication@4f6ef864
----------------- Done invoking toplevel() on ptolemy.moml.MoMLSimpleApplication@4f6ef864
reloadAllAccessors: .CatchUpComposite4
----------------- testing Mon May 14 00:46:30 UTC 2018 /home/travis/build/icyphy/ptII/ptolemy/actor/lib/hoc/test/auto/CatchUpComposite5.xml
----------------- Instantiating /home/travis/build/icyphy/ptII/ptolemy/actor/lib/hoc/test/auto/CatchUpComposite5.xml
16 ms. Memory: 208384K Free: 143412K (69%)
----------------- Invoking toplevel() on ptolemy.moml.MoMLSimpleApplication@1aa34c2a
----------------- Done invoking toplevel() on ptolemy.moml.MoMLSimpleApplication@1aa34c2a
reloadAllAccessors: .CatchUpComposite5
----------------- testing Mon May 14 00:46:30 UTC 2018 /home/travis/build/icyphy/ptII/ptolemy/actor/lib/hoc/test/auto/CatchUpComposite6.xml
----------------- Instantiating /home/travis/build/icyphy/ptII/ptolemy/actor/lib/hoc/test/auto/CatchUpComposite6.xml
WARNING: The execution aspects in this model can influence the timing of actors by delaying the 
execution, potentially changing the behavior. There is no guarantee that actors fire at the 
time they request to be fired. 
Use Ptides for deterministic DE behavior that is not influenced by execution aspects. 

106 ms. Memory: 208384K Free: 124485K (60%)
----------------- Invoking toplevel() on ptolemy.moml.MoMLSimpleApplication@1e77c381
----------------- Done invoking toplevel() on ptolemy.moml.MoMLSimpleApplication@1e77c381
reloadAllAccessors: .CatchUpComposite6
----------------- testing Mon May 14 00:46:30 UTC 2018 /home/travis/build/icyphy/ptII/ptolemy/actor/lib/hoc/test/auto/CatchUpComposite7.xml
----------------- Instantiating /home/travis/build/icyphy/ptII/ptolemy/actor/lib/hoc/test/auto/CatchUpComposite7.xml
WARNING: The execution aspects in this model can influence the timing of actors by delaying the 
execution, potentially changing the behavior. There is no guarantee that actors fire at the 
time they request to be fired. 
Use Ptides for deterministic DE behavior that is not influenced by execution aspects. 

45 ms. Memory: 208384K Free: 107718K (52%)
----------------- Invoking toplevel() on ptolemy.moml.MoMLSimpleApplication@4d0ae84d
----------------- Done invoking toplevel() on ptolemy.moml.MoMLSimpleApplication@4d0ae84d
reloadAllAccessors: .CatchUpComposite7
----------------- testing Mon May 14 00:46:30 UTC 2018 /home/travis/build/icyphy/ptII/ptolemy/actor/lib/hoc/test/auto/ConcurrentExecutionTimeSDF.xml
----------------- Instantiating /home/travis/build/icyphy/ptII/ptolemy/actor/lib/hoc/test/auto/ConcurrentExecutionTimeSDF.xml
8 ms. Memory: 208384K Free: 99068K (48%)
----------------- Invoking toplevel() on ptolemy.moml.MoMLSimpleApplication@565a12d7
----------------- Done invoking toplevel() on ptolemy.moml.MoMLSimpleApplication@565a12d7
reloadAllAccessors: .ConcurrentExecutionTimeSDF
----------------- testing Mon May 14 00:46:30 UTC 2018 /home/travis/build/icyphy/ptII/ptolemy/actor/lib/hoc/test/auto/ConcurrentSleep.xml
----------------- Instantiating /home/travis/build/icyphy/ptII/ptolemy/actor/lib/hoc/test/auto/ConcurrentSleep.xml
716 ms. Memory: 208384K Free: 84571K (41%)
----------------- Invoking toplevel() on ptolemy.moml.MoMLSimpleApplication@5838dd64
----------------- Done invoking toplevel() on ptolemy.moml.MoMLSimpleApplication@5838dd64
reloadAllAccessors: .ConcurrentSleep
----------------- testing Mon May 14 00:46:31 UTC 2018 /home/travis/build/icyphy/ptII/ptolemy/actor/lib/hoc/test/auto/DEInPNInRunCompositeActor.xml
----------------- Instantiating /home/travis/build/icyphy/ptII/ptolemy/actor/lib/hoc/test/auto/DEInPNInRunCompositeActor.xml
45 ms. Memory: 208384K Free: 200674K (96%)
----------------- Invoking toplevel() on ptolemy.moml.MoMLSimpleApplication@419c6fb7
----------------- Done invoking toplevel() on ptolemy.moml.MoMLSimpleApplication@419c6fb7
reloadAllAccessors: .DEInPNInRunCompositeActor
----------------- testing Mon May 14 00:46:31 UTC 2018 /home/travis/build/icyphy/ptII/ptolemy/actor/lib/hoc/test/auto/DFTSubSetTest.xml
----------------- Instantiating /home/travis/build/icyphy/ptII/ptolemy/actor/lib/hoc/test/auto/DFTSubSetTest.xml
168 ms. Memory: 208384K Free: 152659K (73%)
----------------- Invoking toplevel() on ptolemy.moml.MoMLSimpleApplication@24666754
----------------- Done invoking toplevel() on ptolemy.moml.MoMLSimpleApplication@24666754
reloadAllAccessors: .DFTSubSetTest
----------------- testing Mon May 14 00:46:31 UTC 2018 /home/travis/build/icyphy/ptII/ptolemy/actor/lib/hoc/test/auto/HocDE.xml
----------------- Instantiating /home/travis/build/icyphy/ptII/ptolemy/actor/lib/hoc/test/auto/HocDE.xml
184 ms. Memory: 208384K Free: 125480K (60%)
----------------- Invoking toplevel() on ptolemy.moml.MoMLSimpleApplication@22022c9c
----------------- Done invoking toplevel() on ptolemy.moml.MoMLSimpleApplication@22022c9c
reloadAllAccessors: .HocDE
----------------- testing Mon May 14 00:46:31 UTC 2018 /home/travis/build/icyphy/ptII/ptolemy/actor/lib/hoc/test/auto/IterateOverArray.xml
----------------- Instantiating /home/travis/build/icyphy/ptII/ptolemy/actor/lib/hoc/test/auto/IterateOverArray.xml
12 ms. Memory: 208384K Free: 119932K (58%)
----------------- Invoking toplevel() on ptolemy.moml.MoMLSimpleApplication@53769cd1
----------------- Done invoking toplevel() on ptolemy.moml.MoMLSimpleApplication@53769cd1
reloadAllAccessors: .IterateOverArray
----------------- testing Mon May 14 00:46:31 UTC 2018 /home/travis/build/icyphy/ptII/ptolemy/actor/lib/hoc/test/auto/IterateOverArray10.xml
----------------- Instantiating /home/travis/build/icyphy/ptII/ptolemy/actor/lib/hoc/test/auto/IterateOverArray10.xml
3 ms. Memory: 208384K Free: 115597K (55%)
----------------- Invoking toplevel() on ptolemy.moml.MoMLSimpleApplication@6649b6bd
----------------- Done invoking toplevel() on ptolemy.moml.MoMLSimpleApplication@6649b6bd
reloadAllAccessors: .IterateOverArray10
----------------- testing Mon May 14 00:46:31 UTC 2018 /home/travis/build/icyphy/ptII/ptolemy/actor/lib/hoc/test/auto/IterateOverArray11.xml
----------------- Instantiating /home/travis/build/icyphy/ptII/ptolemy/actor/lib/hoc/test/auto/IterateOverArray11.xml
4 ms. Memory: 208384K Free: 111264K (53%)
----------------- Invoking toplevel() on ptolemy.moml.MoMLSimpleApplication@24f78005
----------------- Done invoking toplevel() on ptolemy.moml.MoMLSimpleApplication@24f78005
reloadAllAccessors: .IterateOverArray11
----------------- testing Mon May 14 00:46:31 UTC 2018 /home/travis/build/icyphy/ptII/ptolemy/actor/lib/hoc/test/auto/IterateOverArray12.xml
----------------- Instantiating /home/travis/build/icyphy/ptII/ptolemy/actor/lib/hoc/test/auto/IterateOverArray12.xml
21 ms. Memory: 208384K Free: 103889K (50%)
----------------- Invoking toplevel() on ptolemy.moml.MoMLSimpleApplication@38f0beea
----------------- Done invoking toplevel() on ptolemy.moml.MoMLSimpleApplication@38f0beea
reloadAllAccessors: .IterateOverArray12
----------------- testing Mon May 14 00:46:32 UTC 2018 /home/travis/build/icyphy/ptII/ptolemy/actor/lib/hoc/test/auto/IterateOverArray13.xml
----------------- Instantiating /home/travis/build/icyphy/ptII/ptolemy/actor/lib/hoc/test/auto/IterateOverArray13.xml
99 ms. Memory: 331264K Free: 318779K (96%)
----------------- Invoking toplevel() on ptolemy.moml.MoMLSimpleApplication@54b0162e
----------------- Done invoking toplevel() on ptolemy.moml.MoMLSimpleApplication@54b0162e
reloadAllAccessors: .IterateOverArray13
----------------- testing Mon May 14 00:46:32 UTC 2018 /home/travis/build/icyphy/ptII/ptolemy/actor/lib/hoc/test/auto/IterateOverArray14.xml
----------------- Instantiating /home/travis/build/icyphy/ptII/ptolemy/actor/lib/hoc/test/auto/IterateOverArray14.xml
68 ms. Memory: 331264K Free: 280269K (85%)
----------------- Invoking toplevel() on ptolemy.moml.MoMLSimpleApplication@14e094fe
----------------- Done invoking toplevel() on ptolemy.moml.MoMLSimpleApplication@14e094fe
reloadAllAccessors: .IterateOverArray14
----------------- testing Mon May 14 00:46:32 UTC 2018 /home/travis/build/icyphy/ptII/ptolemy/actor/lib/hoc/test/auto/IterateOverArray2.xml
----------------- Instantiating /home/travis/build/icyphy/ptII/ptolemy/actor/lib/hoc/test/auto/IterateOverArray2.xml
10 ms. Memory: 331264K Free: 275374K (83%)
----------------- Invoking toplevel() on ptolemy.moml.MoMLSimpleApplication@4bb49c9d
----------------- Done invoking toplevel() on ptolemy.moml.MoMLSimpleApplication@4bb49c9d
reloadAllAccessors: .IterateOverArray2
----------------- testing Mon May 14 00:46:32 UTC 2018 /home/travis/build/icyphy/ptII/ptolemy/actor/lib/hoc/test/auto/IterateOverArray3.xml
----------------- Instantiating /home/travis/build/icyphy/ptII/ptolemy/actor/lib/hoc/test/auto/IterateOverArray3.xml
21 ms. Memory: 331264K Free: 265977K (80%)
----------------- Invoking toplevel() on ptolemy.moml.MoMLSimpleApplication@453be99e
----------------- Done invoking toplevel() on ptolemy.moml.MoMLSimpleApplication@453be99e
reloadAllAccessors: .IterateOverArray3
----------------- testing Mon May 14 00:46:32 UTC 2018 /home/travis/build/icyphy/ptII/ptolemy/actor/lib/hoc/test/auto/IterateOverArray4.xml
----------------- Instantiating /home/travis/build/icyphy/ptII/ptolemy/actor/lib/hoc/test/auto/IterateOverArray4.xml
4 ms. Memory: 331264K Free: 261082K (79%)
----------------- Invoking toplevel() on ptolemy.moml.MoMLSimpleApplication@1ac3df8e
----------------- Done invoking toplevel() on ptolemy.moml.MoMLSimpleApplication@1ac3df8e
reloadAllAccessors: .IterateOverArray4
----------------- testing Mon May 14 00:46:32 UTC 2018 /home/travis/build/icyphy/ptII/ptolemy/actor/lib/hoc/test/auto/IterateOverArray5.xml
----------------- Instantiating /home/travis/build/icyphy/ptII/ptolemy/actor/lib/hoc/test/auto/IterateOverArray5.xml
4 ms. Memory: 331264K Free: 256187K (77%)
----------------- Invoking toplevel() on ptolemy.moml.MoMLSimpleApplication@2062bd74
----------------- Done invoking toplevel() on ptolemy.moml.MoMLSimpleApplication@2062bd74
reloadAllAccessors: .IterateOverArray5
----------------- testing Mon May 14 00:46:32 UTC 2018 /home/travis/build/icyphy/ptII/ptolemy/actor/lib/hoc/test/auto/IterateOverArray6.xml
----------------- Instantiating /home/travis/build/icyphy/ptII/ptolemy/actor/lib/hoc/test/auto/IterateOverArray6.xml
4 ms. Memory: 331264K Free: 251684K (76%)
----------------- Invoking toplevel() on ptolemy.moml.MoMLSimpleApplication@5f12b346
----------------- Done invoking toplevel() on ptolemy.moml.MoMLSimpleApplication@5f12b346
reloadAllAccessors: .IterateOverArray6
----------------- testing Mon May 14 00:46:32 UTC 2018 /home/travis/build/icyphy/ptII/ptolemy/actor/lib/hoc/test/auto/IterateOverArray7.xml
----------------- Instantiating /home/travis/build/icyphy/ptII/ptolemy/actor/lib/hoc/test/auto/IterateOverArray7.xml
3 ms. Memory: 331264K Free: 246789K (74%)
----------------- Invoking toplevel() on ptolemy.moml.MoMLSimpleApplication@3f64af2f
----------------- Done invoking toplevel() on ptolemy.moml.MoMLSimpleApplication@3f64af2f
reloadAllAccessors: .IterateOverArray7
----------------- testing Mon May 14 00:46:32 UTC 2018 /home/travis/build/icyphy/ptII/ptolemy/actor/lib/hoc/test/auto/IterateOverArray8.xml
----------------- Instantiating /home/travis/build/icyphy/ptII/ptolemy/actor/lib/hoc/test/auto/IterateOverArray8.xml
4 ms. Memory: 331264K Free: 241063K (73%)
----------------- Invoking toplevel() on ptolemy.moml.MoMLSimpleApplication@6f389208
----------------- Done invoking toplevel() on ptolemy.moml.MoMLSimpleApplication@6f389208
reloadAllAccessors: .IterateOverArray8
----------------- testing Mon May 14 00:46:32 UTC 2018 /home/travis/build/icyphy/ptII/ptolemy/actor/lib/hoc/test/auto/IterateOverArray9.xml
----------------- Instantiating /home/travis/build/icyphy/ptII/ptolemy/actor/lib/hoc/test/auto/IterateOverArray9.xml
10 ms. Memory: 331264K Free: 236168K (71%)
----------------- Invoking toplevel() on ptolemy.moml.MoMLSimpleApplication@6139d0a0
----------------- Done invoking toplevel() on ptolemy.moml.MoMLSimpleApplication@6139d0a0
reloadAllAccessors: .IterateOverArray9
----------------- testing Mon May 14 00:46:32 UTC 2018 /home/travis/build/icyphy/ptII/ptolemy/actor/lib/hoc/test/auto/IterateOverArrayCoercedOutputType.xml
----------------- Instantiating /home/travis/build/icyphy/ptII/ptolemy/actor/lib/hoc/test/auto/IterateOverArrayCoercedOutputType.xml
4 ms. Memory: 331264K Free: 230049K (69%)
----------------- Invoking toplevel() on ptolemy.moml.MoMLSimpleApplication@3b6c5c36
----------------- Done invoking toplevel() on ptolemy.moml.MoMLSimpleApplication@3b6c5c36
reloadAllAccessors: .IterateOverArrayCoercedOutputType
----------------- testing Mon May 14 00:46:32 UTC 2018 /home/travis/build/icyphy/ptII/ptolemy/actor/lib/hoc/test/auto/IterateOverArrayInferredOutputType.xml
----------------- Instantiating /home/travis/build/icyphy/ptII/ptolemy/actor/lib/hoc/test/auto/IterateOverArrayInferredOutputType.xml
8 ms. Memory: 331264K Free: 223099K (67%)
----------------- Invoking toplevel() on ptolemy.moml.MoMLSimpleApplication@278403c6
----------------- Done invoking toplevel() on ptolemy.moml.MoMLSimpleApplication@278403c6
reloadAllAccessors: .IterateOverArrayInferredOutputType
----------------- testing Mon May 14 00:46:32 UTC 2018 /home/travis/build/icyphy/ptII/ptolemy/actor/lib/hoc/test/auto/MobileFunctionTest.xml
----------------- Instantiating /home/travis/build/icyphy/ptII/ptolemy/actor/lib/hoc/test/auto/MobileFunctionTest.xml
5 ms. Memory: 331264K Free: 218204K (66%)
----------------- Invoking toplevel() on ptolemy.moml.MoMLSimpleApplication@2c29f366
----------------- Done invoking toplevel() on ptolemy.moml.MoMLSimpleApplication@2c29f366
reloadAllAccessors: .MobileFunctionTest
----------------- testing Mon May 14 00:46:32 UTC 2018 /home/travis/build/icyphy/ptII/ptolemy/actor/lib/hoc/test/auto/MobileModelTest.xml
----------------- Instantiating /home/travis/build/icyphy/ptII/ptolemy/actor/lib/hoc/test/auto/MobileModelTest.xml
83 ms. Memory: 331264K Free: 196538K (59%)
----------------- Invoking toplevel() on ptolemy.moml.MoMLSimpleApplication@40dbf1d6
----------------- Done invoking toplevel() on ptolemy.moml.MoMLSimpleApplication@40dbf1d6
reloadAllAccessors: .MobileModelTest
----------------- testing Mon May 14 00:46:32 UTC 2018 /home/travis/build/icyphy/ptII/ptolemy/actor/lib/hoc/test/auto/ModelReference.xml
----------------- Instantiating /home/travis/build/icyphy/ptII/ptolemy/actor/lib/hoc/test/auto/ModelReference.xml
3 ms. Memory: 331264K Free: 187972K (57%)
2 ms. Memory: 331264K Free: 186748K (56%)
3 ms. Memory: 331264K Free: 186748K (56%)
2 ms. Memory: 331264K Free: 185524K (56%)
2 ms. Memory: 331264K Free: 184301K (56%)
2 ms. Memory: 331264K Free: 184301K (56%)
2 ms. Memory: 331264K Free: 183077K (55%)
1 ms. Memory: 331264K Free: 181853K (55%)
2 ms. Memory: 331264K Free: 181853K (55%)
7 ms. Memory: 331264K Free: 180630K (55%)
39 ms. Memory: 331264K Free: 180630K (55%)
----------------- Invoking toplevel() on ptolemy.moml.MoMLSimpleApplication@3091b675
----------------- Done invoking toplevel() on ptolemy.moml.MoMLSimpleApplication@3091b675
reloadAllAccessors: .ModelReference
----------------- testing Mon May 14 00:46:32 UTC 2018 /home/travis/build/icyphy/ptII/ptolemy/actor/lib/hoc/test/auto/ModelReference3.xml
----------------- Instantiating /home/travis/build/icyphy/ptII/ptolemy/actor/lib/hoc/test/auto/ModelReference3.xml
2 ms. Memory: 331264K Free: 174511K (53%)
6 ms. Memory: 331264K Free: 174511K (53%)
3 ms. Memory: 331264K Free: 173287K (52%)
4 ms. Memory: 331264K Free: 172064K (52%)
2 ms. Memory: 331264K Free: 172064K (52%)
2 ms. Memory: 331264K Free: 170840K (52%)
2 ms. Memory: 331264K Free: 169616K (51%)
6 ms. Memory: 331264K Free: 169616K (51%)
2 ms. Memory: 331264K Free: 168393K (51%)
3 ms. Memory: 331264K Free: 167169K (50%)
39 ms. Memory: 331264K Free: 167169K (50%)
----------------- Invoking toplevel() on ptolemy.moml.MoMLSimpleApplication@71bb53a2
----------------- Done invoking toplevel() on ptolemy.moml.MoMLSimpleApplication@71bb53a2
reloadAllAccessors: .ModelReference3
----------------- testing Mon May 14 00:46:32 UTC 2018 /home/travis/build/icyphy/ptII/ptolemy/actor/lib/hoc/test/auto/ModelReference4.xml
----------------- Instantiating /home/travis/build/icyphy/ptII/ptolemy/actor/lib/hoc/test/auto/ModelReference4.xml
4 ms. Memory: 331264K Free: 160219K (48%)
2 ms. Memory: 331264K Free: 158995K (48%)
3 ms. Memory: 331264K Free: 156548K (47%)
3 ms. Memory: 331264K Free: 155324K (47%)
3 ms. Memory: 331264K Free: 154100K (47%)
4 ms. Memory: 331264K Free: 152877K (46%)
4 ms. Memory: 331264K Free: 151653K (46%)
2 ms. Memory: 331264K Free: 150429K (45%)
2 ms. Memory: 331264K Free: 147966K (45%)
3 ms. Memory: 331264K Free: 146742K (44%)
10019 ms. Memory: 331264K Free: 146742K (44%)
----------------- Invoking toplevel() on ptolemy.moml.MoMLSimpleApplication@23c8b58a
----------------- Done invoking toplevel() on ptolemy.moml.MoMLSimpleApplication@23c8b58a
reloadAllAccessors: .ModelReference4
----------------- testing Mon May 14 00:46:43 UTC 2018 /home/travis/build/icyphy/ptII/ptolemy/actor/lib/hoc/test/auto/MultiInstanceComposite.xml
----------------- Instantiating /home/travis/build/icyphy/ptII/ptolemy/actor/lib/hoc/test/auto/MultiInstanceComposite.xml
28 ms. Memory: 331264K Free: 129498K (39%)
----------------- Invoking toplevel() on ptolemy.moml.MoMLSimpleApplication@3fa5a4be
----------------- Done invoking toplevel() on ptolemy.moml.MoMLSimpleApplication@3fa5a4be
reloadAllAccessors: .MultiInstanceComposite
----------------- testing Mon May 14 00:46:43 UTC 2018 /home/travis/build/icyphy/ptII/ptolemy/actor/lib/hoc/test/auto/MultiInstanceComposite2.xml
----------------- Instantiating /home/travis/build/icyphy/ptII/ptolemy/actor/lib/hoc/test/auto/MultiInstanceComposite2.xml
23 ms. Memory: 331264K Free: 115102K (35%)
----------------- Invoking toplevel() on ptolemy.moml.MoMLSimpleApplication@7951e85b
----------------- Done invoking toplevel() on ptolemy.moml.MoMLSimpleApplication@7951e85b
reloadAllAccessors: .MultiInstanceComposite2
----------------- testing Mon May 14 00:46:43 UTC 2018 /home/travis/build/icyphy/ptII/ptolemy/actor/lib/hoc/test/auto/MulticoreExecution.xml
----------------- Instantiating /home/travis/build/icyphy/ptII/ptolemy/actor/lib/hoc/test/auto/MulticoreExecution.xml
2033 ms. Memory: 331264K Free: 101577K (31%)
----------------- testing Mon May 14 00:46:45 UTC 2018 /home/travis/build/icyphy/ptII/ptolemy/actor/lib/hoc/test/auto/ParallelExecution.xml
----------------- Instantiating /home/travis/build/icyphy/ptII/ptolemy/actor/lib/hoc/test/auto/ParallelExecution.xml
919 ms. Memory: 331264K Free: 87253K (26%)
----------------- Invoking toplevel() on ptolemy.moml.MoMLSimpleApplication@52297aca
----------------- Done invoking toplevel() on ptolemy.moml.MoMLSimpleApplication@52297aca
reloadAllAccessors: .ParallelExecution
----------------- testing Mon May 14 00:46:46 UTC 2018 /home/travis/build/icyphy/ptII/ptolemy/actor/lib/hoc/test/auto/RunCompositeActor.xml
----------------- Instantiating /home/travis/build/icyphy/ptII/ptolemy/actor/lib/hoc/test/auto/RunCompositeActor.xml
6 ms. Memory: 331264K Free: 79367K (24%)
----------------- Invoking toplevel() on ptolemy.moml.MoMLSimpleApplication@60a1133b
----------------- Done invoking toplevel() on ptolemy.moml.MoMLSimpleApplication@60a1133b
reloadAllAccessors: .RunCompositeActor
----------------- testing Mon May 14 00:46:46 UTC 2018 /home/travis/build/icyphy/ptII/ptolemy/actor/lib/hoc/test/auto/RunCompositeActor2.xml
----------------- Instantiating /home/travis/build/icyphy/ptII/ptolemy/actor/lib/hoc/test/auto/RunCompositeActor2.xml
12 ms. Memory: 332288K Free: 315753K (95%)
----------------- Invoking toplevel() on ptolemy.moml.MoMLSimpleApplication@124b06fa
----------------- Done invoking toplevel() on ptolemy.moml.MoMLSimpleApplication@124b06fa
reloadAllAccessors: .RunCompositeActor2
----------------- testing Mon May 14 00:46:46 UTC 2018 /home/travis/build/icyphy/ptII/ptolemy/actor/lib/hoc/test/auto/RunCompositeActor3.xml
----------------- Instantiating /home/travis/build/icyphy/ptII/ptolemy/actor/lib/hoc/test/auto/RunCompositeActor3.xml
3 ms. Memory: 332288K Free: 309210K (93%)
----------------- Invoking toplevel() on ptolemy.moml.MoMLSimpleApplication@2e12015a
----------------- Done invoking toplevel() on ptolemy.moml.MoMLSimpleApplication@2e12015a
reloadAllAccessors: .RunCompositeActor3
----------------- testing Mon May 14 00:46:46 UTC 2018 /home/travis/build/icyphy/ptII/ptolemy/actor/lib/hoc/test/auto/RunCompositeActor4.xml
----------------- Instantiating /home/travis/build/icyphy/ptII/ptolemy/actor/lib/hoc/test/auto/RunCompositeActor4.xml
12 ms. Memory: 332288K Free: 298778K (90%)
----------------- Invoking toplevel() on ptolemy.moml.MoMLSimpleApplication@2e5cc077
----------------- Done invoking toplevel() on ptolemy.moml.MoMLSimpleApplication@2e5cc077
reloadAllAccessors: .RunCompositeActor4
----------------- testing Mon May 14 00:46:46 UTC 2018 /home/travis/build/icyphy/ptII/ptolemy/actor/lib/hoc/test/auto/RunCompositeIterateOverArray.xml
----------------- Instantiating /home/travis/build/icyphy/ptII/ptolemy/actor/lib/hoc/test/auto/RunCompositeIterateOverArray.xml
5 ms. Memory: 332288K Free: 292251K (88%)
----------------- Invoking toplevel() on ptolemy.moml.MoMLSimpleApplication@1b1020a9
----------------- Done invoking toplevel() on ptolemy.moml.MoMLSimpleApplication@1b1020a9
reloadAllAccessors: .RunCompositeIterateOverArray
----------------- testing Mon May 14 00:46:46 UTC 2018 /home/travis/build/icyphy/ptII/ptolemy/actor/lib/hoc/test/auto/ThreadedJS.xml
----------------- Instantiating /home/travis/build/icyphy/ptII/ptolemy/actor/lib/hoc/test/auto/ThreadedJS.xml
1993 ms. Memory: 539136K Free: 170495K (32%)
----------------- Invoking toplevel() on ptolemy.moml.MoMLSimpleApplication@3682ec1a
----------------- Done invoking toplevel() on ptolemy.moml.MoMLSimpleApplication@3682ec1a
reloadAllAccessors: .ThreadedJS
AutoTests.java: About to close Vertx.
AutoTests.java: Vertx closed.
]]></system-out>
  <system-err><![CDATA[java.lang.RuntimeException: Execution failed
	at ptolemy.moml.MoMLSimpleApplication$UnloadThread.run(MoMLSimpleApplication.java:402)
Caused by: ptolemy.kernel.util.IllegalActionException: initialize() was called after wrapup() was called but preinitialize() was not called after wrapup().
	at ptolemy.actor.lib.hoc.test.PreinitializeMustBeInvoked.initialize(PreinitializeMustBeInvoked.java:78)
	at ptolemy.actor.Director.initialize(Director.java:938)
	at ptolemy.actor.Director.initialize(Director.java:907)
	at ptolemy.actor.sched.StaticSchedulingDirector.initialize(StaticSchedulingDirector.java:159)
	at ptolemy.domains.sdf.kernel.SDFDirector.initialize(SDFDirector.java:544)
	at ptolemy.actor.CompositeActor.initialize(CompositeActor.java:935)
	at ptolemy.actor.lib.hoc.LifeCycleManager._executeInsideModel(LifeCycleManager.java:339)
	at ptolemy.actor.lib.hoc.RunCompositeActor.fire(RunCompositeActor.java:205)
	at ptolemy.actor.CompositeActor.iterate(CompositeActor.java:1146)
	at ptolemy.actor.sched.StaticSchedulingDirector.fire(StaticSchedulingDirector.java:216)
	at ptolemy.domains.sdf.kernel.SDFDirector.fire(SDFDirector.java:500)
	at ptolemy.actor.CompositeActor.fire(CompositeActor.java:455)
	at ptolemy.actor.Manager.iterate(Manager.java:851)
	at ptolemy.actor.Manager.execute(Manager.java:369)
	at ptolemy.actor.Manager.run(Manager.java:1263)
	at ptolemy.actor.Manager$PtolemyRunThread.run(Manager.java:1915)
java.lang.reflect.InvocationTargetException
	at sun.reflect.NativeConstructorAccessorImpl.newInstance0(Native Method)
	at sun.reflect.NativeConstructorAccessorImpl.newInstance(NativeConstructorAccessorImpl.java:62)
	at sun.reflect.DelegatingConstructorAccessorImpl.newInstance(DelegatingConstructorAccessorImpl.java:45)
	at java.lang.reflect.Constructor.newInstance(Constructor.java:423)
	at ptolemy.util.test.junit.AutoKnownFailedTests.RunModel(AutoKnownFailedTests.java:107)
	at sun.reflect.NativeMethodAccessorImpl.invoke0(Native Method)
	at sun.reflect.NativeMethodAccessorImpl.invoke(NativeMethodAccessorImpl.java:62)
	at sun.reflect.DelegatingMethodAccessorImpl.invoke(DelegatingMethodAccessorImpl.java:43)
	at java.lang.reflect.Method.invoke(Method.java:498)
	at org.junit.runners.model.FrameworkMethod$1.runReflectiveCall(FrameworkMethod.java:44)
	at org.junit.internal.runners.model.ReflectiveCallable.run(ReflectiveCallable.java:15)
	at org.junit.runners.model.FrameworkMethod.invokeExplosively(FrameworkMethod.java:41)
	at junitparams.internal.InvokeParameterisedMethod.evaluate(InvokeParameterisedMethod.java:102)
	at org.junit.internal.runners.statements.FailOnTimeout$1.run(FailOnTimeout.java:28)
Caused by: ptolemy.kernel.util.IllegalActionException: initialize() was called after wrapup() was called but preinitialize() was not called after wrapup().
	at ptolemy.actor.lib.hoc.test.PreinitializeMustBeInvoked.initialize(PreinitializeMustBeInvoked.java:78)
	at ptolemy.actor.Director.initialize(Director.java:938)
	at ptolemy.actor.Director.initialize(Director.java:907)
	at ptolemy.actor.sched.StaticSchedulingDirector.initialize(StaticSchedulingDirector.java:159)
	at ptolemy.domains.sdf.kernel.SDFDirector.initialize(SDFDirector.java:544)
	at ptolemy.actor.CompositeActor.initialize(CompositeActor.java:935)
	at ptolemy.actor.lib.hoc.LifeCycleManager._executeInsideModel(LifeCycleManager.java:339)
	at ptolemy.actor.lib.hoc.RunCompositeActor.fire(RunCompositeActor.java:205)
	at ptolemy.actor.CompositeActor.iterate(CompositeActor.java:1146)
	at ptolemy.actor.sched.StaticSchedulingDirector.fire(StaticSchedulingDirector.java:216)
	at ptolemy.domains.sdf.kernel.SDFDirector.fire(SDFDirector.java:500)
	at ptolemy.actor.CompositeActor.fire(CompositeActor.java:455)
	at ptolemy.actor.Manager.iterate(Manager.java:851)
	at ptolemy.actor.Manager.execute(Manager.java:369)
	at ptolemy.actor.Manager.run(Manager.java:1263)
	at ptolemy.actor.Manager$PtolemyRunThread.run(Manager.java:1915)
java.lang.RuntimeException: Execution failed
	at ptolemy.moml.MoMLSimpleApplication$UnloadThread.run(MoMLSimpleApplication.java:402)
Caused by: ptolemy.kernel.util.IllegalActionException: Inside thread was interrupted.
  in .MulticoreExecution.ThreadedComposite2.ThreadedDirector
	at ptolemy.actor.lib.hoc.ThreadedComposite$ThreadedDirector.fire(ThreadedComposite.java:646)
	at ptolemy.actor.CompositeActor.fire(CompositeActor.java:455)
	at ptolemy.actor.sched.FixedPointDirector._fireActor(FixedPointDirector.java:768)
	at ptolemy.actor.sched.FixedPointDirector.fire(FixedPointDirector.java:244)
	at ptolemy.actor.CompositeActor.fire(CompositeActor.java:455)
	at ptolemy.actor.Manager.iterate(Manager.java:851)
	at ptolemy.actor.Manager.execute(Manager.java:369)
	at ptolemy.actor.Manager.run(Manager.java:1263)
	at ptolemy.actor.Manager$PtolemyRunThread.run(Manager.java:1915)
]]></system-err>
</testsuite>
