<?xml version="1.0" encoding="UTF-8" ?>
<testsuite errors="1" failures="0" hostname="travis-job-d22a388f-cf34-4d05-8a6c-2f974c36def0" name="ptolemy.actor.lib.hoc.test.junit.JUnitTclTest" skipped="0" tests="58" time="26.513" timestamp="2018-05-16T01:27:26">
  <properties>
[...]
</properties>
  <testcase classname="ptolemy.util.test.junit.TclTests" name="[0] /home/travis/build/icyphy/ptII/ptolemy/actor/lib/hoc/test/IterateOverArray.tcl (RunTclFile)" time="0.35" />
  <testcase classname="ptolemy.util.test.junit.AutoKnownFailedTests" name="[0] /home/travis/build/icyphy/ptII/ptolemy/actor/lib/hoc/test/auto/knownFailedTests/PreinitializeMustBeInvokedRunComposite.xml (RunModel)" time="0.307" />
  <testcase classname="ptolemy.util.test.junit.AutoNameArchTests" name="[0] ThereAreNoAutoTests (RunModel)" time="0.0" />
  <testcase classname="ptolemy.util.test.junit.AutoTests" name="[0] /home/travis/build/icyphy/ptII/ptolemy/actor/lib/hoc/test/auto/AllToAllMultiInstanceComposite.xml (RunModel)" time="0.348" />
  <testcase classname="ptolemy.util.test.junit.AutoTests" name="[1] /home/travis/build/icyphy/ptII/ptolemy/actor/lib/hoc/test/auto/ApplyFFTTest.xml (RunModel)" time="0.426" />
  <testcase classname="ptolemy.util.test.junit.AutoTests" name="[2] /home/travis/build/icyphy/ptII/ptolemy/actor/lib/hoc/test/auto/ApplyFunction.xml (RunModel)" time="0.077" />
  <testcase classname="ptolemy.util.test.junit.AutoTests" name="[3] /home/travis/build/icyphy/ptII/ptolemy/actor/lib/hoc/test/auto/BackgroundExecution.xml (RunModel)" time="0.689" />
  <testcase classname="ptolemy.util.test.junit.AutoTests" name="[4] /home/travis/build/icyphy/ptII/ptolemy/actor/lib/hoc/test/auto/Case.xml (RunModel)" time="0.105" />
  <testcase classname="ptolemy.util.test.junit.AutoTests" name="[5] /home/travis/build/icyphy/ptII/ptolemy/actor/lib/hoc/test/auto/Case1.xml (RunModel)" time="0.1" />
  <testcase classname="ptolemy.util.test.junit.AutoTests" name="[6] /home/travis/build/icyphy/ptII/ptolemy/actor/lib/hoc/test/auto/Case2.xml (RunModel)" time="0.133" />
  <testcase classname="ptolemy.util.test.junit.AutoTests" name="[7] /home/travis/build/icyphy/ptII/ptolemy/actor/lib/hoc/test/auto/Case3.xml (RunModel)" time="0.071" />
  <testcase classname="ptolemy.util.test.junit.AutoTests" name="[8] /home/travis/build/icyphy/ptII/ptolemy/actor/lib/hoc/test/auto/Case4.xml (RunModel)" time="0.083" />
  <testcase classname="ptolemy.util.test.junit.AutoTests" name="[9] /home/travis/build/icyphy/ptII/ptolemy/actor/lib/hoc/test/auto/Case5.xml (RunModel)" time="0.113" />
  <testcase classname="ptolemy.util.test.junit.AutoTests" name="[10] /home/travis/build/icyphy/ptII/ptolemy/actor/lib/hoc/test/auto/Case6.xml (RunModel)" time="0.143" />
  <testcase classname="ptolemy.util.test.junit.AutoTests" name="[11] /home/travis/build/icyphy/ptII/ptolemy/actor/lib/hoc/test/auto/CaseString2.xml (RunModel)" time="0.081" />
  <testcase classname="ptolemy.util.test.junit.AutoTests" name="[12] /home/travis/build/icyphy/ptII/ptolemy/actor/lib/hoc/test/auto/CatchUpComposite1.xml (RunModel)" time="0.094" />
  <testcase classname="ptolemy.util.test.junit.AutoTests" name="[13] /home/travis/build/icyphy/ptII/ptolemy/actor/lib/hoc/test/auto/CatchUpComposite2.xml (RunModel)" time="0.091" />
  <testcase classname="ptolemy.util.test.junit.AutoTests" name="[14] /home/travis/build/icyphy/ptII/ptolemy/actor/lib/hoc/test/auto/CatchUpComposite3.xml (RunModel)" time="0.067" />
  <testcase classname="ptolemy.util.test.junit.AutoTests" name="[15] /home/travis/build/icyphy/ptII/ptolemy/actor/lib/hoc/test/auto/CatchUpComposite4.xml (RunModel)" time="0.09" />
  <testcase classname="ptolemy.util.test.junit.AutoTests" name="[16] /home/travis/build/icyphy/ptII/ptolemy/actor/lib/hoc/test/auto/CatchUpComposite5.xml (RunModel)" time="0.063" />
  <testcase classname="ptolemy.util.test.junit.AutoTests" name="[17] /home/travis/build/icyphy/ptII/ptolemy/actor/lib/hoc/test/auto/CatchUpComposite6.xml (RunModel)" time="0.251" />
  <testcase classname="ptolemy.util.test.junit.AutoTests" name="[18] /home/travis/build/icyphy/ptII/ptolemy/actor/lib/hoc/test/auto/CatchUpComposite7.xml (RunModel)" time="0.141" />
  <testcase classname="ptolemy.util.test.junit.AutoTests" name="[19] /home/travis/build/icyphy/ptII/ptolemy/actor/lib/hoc/test/auto/ConcurrentExecutionTimeSDF.xml (RunModel)" time="0.069" />
  <testcase classname="ptolemy.util.test.junit.AutoTests" name="[20] /home/travis/build/icyphy/ptII/ptolemy/actor/lib/hoc/test/auto/ConcurrentSleep.xml (RunModel)" time="0.769" />
  <testcase classname="ptolemy.util.test.junit.AutoTests" name="[21] /home/travis/build/icyphy/ptII/ptolemy/actor/lib/hoc/test/auto/DEInPNInRunCompositeActor.xml (RunModel)" time="0.042" />
  <testcase classname="ptolemy.util.test.junit.AutoTests" name="[22] /home/travis/build/icyphy/ptII/ptolemy/actor/lib/hoc/test/auto/DFTSubSetTest.xml (RunModel)" time="0.376" />
  <testcase classname="ptolemy.util.test.junit.AutoTests" name="[23] /home/travis/build/icyphy/ptII/ptolemy/actor/lib/hoc/test/auto/HocDE.xml (RunModel)" time="0.294" />
  <testcase classname="ptolemy.util.test.junit.AutoTests" name="[24] /home/travis/build/icyphy/ptII/ptolemy/actor/lib/hoc/test/auto/IterateOverArray.xml (RunModel)" time="0.03" />
  <testcase classname="ptolemy.util.test.junit.AutoTests" name="[25] /home/travis/build/icyphy/ptII/ptolemy/actor/lib/hoc/test/auto/IterateOverArray10.xml (RunModel)" time="0.023" />
  <testcase classname="ptolemy.util.test.junit.AutoTests" name="[26] /home/travis/build/icyphy/ptII/ptolemy/actor/lib/hoc/test/auto/IterateOverArray11.xml (RunModel)" time="0.04" />
  <testcase classname="ptolemy.util.test.junit.AutoTests" name="[27] /home/travis/build/icyphy/ptII/ptolemy/actor/lib/hoc/test/auto/IterateOverArray12.xml (RunModel)" time="0.049" />
  <testcase classname="ptolemy.util.test.junit.AutoTests" name="[28] /home/travis/build/icyphy/ptII/ptolemy/actor/lib/hoc/test/auto/IterateOverArray13.xml (RunModel)" time="0.235" />
  <testcase classname="ptolemy.util.test.junit.AutoTests" name="[29] /home/travis/build/icyphy/ptII/ptolemy/actor/lib/hoc/test/auto/IterateOverArray14.xml (RunModel)" time="0.212" />
  <testcase classname="ptolemy.util.test.junit.AutoTests" name="[30] /home/travis/build/icyphy/ptII/ptolemy/actor/lib/hoc/test/auto/IterateOverArray2.xml (RunModel)" time="0.028" />
  <testcase classname="ptolemy.util.test.junit.AutoTests" name="[31] /home/travis/build/icyphy/ptII/ptolemy/actor/lib/hoc/test/auto/IterateOverArray3.xml (RunModel)" time="0.048" />
  <testcase classname="ptolemy.util.test.junit.AutoTests" name="[32] /home/travis/build/icyphy/ptII/ptolemy/actor/lib/hoc/test/auto/IterateOverArray4.xml (RunModel)" time="0.038" />
  <testcase classname="ptolemy.util.test.junit.AutoTests" name="[33] /home/travis/build/icyphy/ptII/ptolemy/actor/lib/hoc/test/auto/IterateOverArray5.xml (RunModel)" time="0.025" />
  <testcase classname="ptolemy.util.test.junit.AutoTests" name="[34] /home/travis/build/icyphy/ptII/ptolemy/actor/lib/hoc/test/auto/IterateOverArray6.xml (RunModel)" time="0.019" />
  <testcase classname="ptolemy.util.test.junit.AutoTests" name="[35] /home/travis/build/icyphy/ptII/ptolemy/actor/lib/hoc/test/auto/IterateOverArray7.xml (RunModel)" time="0.026" />
  <testcase classname="ptolemy.util.test.junit.AutoTests" name="[36] /home/travis/build/icyphy/ptII/ptolemy/actor/lib/hoc/test/auto/IterateOverArray8.xml (RunModel)" time="0.033" />
  <testcase classname="ptolemy.util.test.junit.AutoTests" name="[37] /home/travis/build/icyphy/ptII/ptolemy/actor/lib/hoc/test/auto/IterateOverArray9.xml (RunModel)" time="0.021" />
  <testcase classname="ptolemy.util.test.junit.AutoTests" name="[38] /home/travis/build/icyphy/ptII/ptolemy/actor/lib/hoc/test/auto/IterateOverArrayCoercedOutputType.xml (RunModel)" time="0.048" />
  <testcase classname="ptolemy.util.test.junit.AutoTests" name="[39] /home/travis/build/icyphy/ptII/ptolemy/actor/lib/hoc/test/auto/IterateOverArrayInferredOutputType.xml (RunModel)" time="0.026" />
  <testcase classname="ptolemy.util.test.junit.AutoTests" name="[40] /home/travis/build/icyphy/ptII/ptolemy/actor/lib/hoc/test/auto/MobileFunctionTest.xml (RunModel)" time="0.034" />
  <testcase classname="ptolemy.util.test.junit.AutoTests" name="[41] /home/travis/build/icyphy/ptII/ptolemy/actor/lib/hoc/test/auto/MobileModelTest.xml (RunModel)" time="0.14" />
  <testcase classname="ptolemy.util.test.junit.AutoTests" name="[42] /home/travis/build/icyphy/ptII/ptolemy/actor/lib/hoc/test/auto/ModelReference.xml (RunModel)" time="0.081" />
  <testcase classname="ptolemy.util.test.junit.AutoTests" name="[43] /home/travis/build/icyphy/ptII/ptolemy/actor/lib/hoc/test/auto/ModelReference3.xml (RunModel)" time="0.066" />
  <testcase classname="ptolemy.util.test.junit.AutoTests" name="[44] /home/travis/build/icyphy/ptII/ptolemy/actor/lib/hoc/test/auto/ModelReference4.xml (RunModel)" time="10.046" />
  <testcase classname="ptolemy.util.test.junit.AutoTests" name="[45] /home/travis/build/icyphy/ptII/ptolemy/actor/lib/hoc/test/auto/MultiInstanceComposite.xml (RunModel)" time="0.076" />
  <testcase classname="ptolemy.util.test.junit.AutoTests" name="[46] /home/travis/build/icyphy/ptII/ptolemy/actor/lib/hoc/test/auto/MultiInstanceComposite2.xml (RunModel)" time="0.058" />
  <testcase classname="ptolemy.util.test.junit.AutoTests" name="[47] /home/travis/build/icyphy/ptII/ptolemy/actor/lib/hoc/test/auto/MulticoreExecution.xml (RunModel)" time="1.071">
    <error type="java.lang.reflect.InvocationTargetException">java.lang.reflect.InvocationTargetException
	at java.lang.reflect.Constructor.newInstance(Constructor.java:423)
	at ptolemy.util.test.junit.AutoTests.RunModel(AutoTests.java:185)
	at junitparams.internal.InvokeParameterisedMethod.evaluate(InvokeParameterisedMethod.java:102)
Caused by: ptolemy.kernel.util.IllegalActionException: Inside thread was interrupted.
  in .MulticoreExecution.ThreadedComposite.ThreadedDirector
	at ptolemy.actor.lib.hoc.ThreadedComposite$ThreadedDirector.fire(ThreadedComposite.java:646)
	at ptolemy.actor.CompositeActor.fire(CompositeActor.java:455)
	at ptolemy.actor.sched.FixedPointDirector._fireActor(FixedPointDirector.java:768)
	at ptolemy.actor.sched.FixedPointDirector.fire(FixedPointDirector.java:244)
	at ptolemy.actor.CompositeActor.fire(CompositeActor.java:455)
	at ptolemy.actor.Manager.iterate(Manager.java:851)
	at ptolemy.actor.Manager.execute(Manager.java:369)
	at ptolemy.actor.Manager.run(Manager.java:1263)
	at ptolemy.actor.Manager$PtolemyRunThread.run(Manager.java:1915)
</error>
  </testcase>
  <testcase classname="ptolemy.util.test.junit.AutoTests" name="[48] /home/travis/build/icyphy/ptII/ptolemy/actor/lib/hoc/test/auto/ParallelExecution.xml (RunModel)" time="0.948" />
  <testcase classname="ptolemy.util.test.junit.AutoTests" name="[49] /home/travis/build/icyphy/ptII/ptolemy/actor/lib/hoc/test/auto/RunCompositeActor.xml (RunModel)" time="0.033" />
  <testcase classname="ptolemy.util.test.junit.AutoTests" name="[50] /home/travis/build/icyphy/ptII/ptolemy/actor/lib/hoc/test/auto/RunCompositeActor2.xml (RunModel)" time="0.039" />
  <testcase classname="ptolemy.util.test.junit.AutoTests" name="[51] /home/travis/build/icyphy/ptII/ptolemy/actor/lib/hoc/test/auto/RunCompositeActor3.xml (RunModel)" time="0.034" />
  <testcase classname="ptolemy.util.test.junit.AutoTests" name="[52] /home/travis/build/icyphy/ptII/ptolemy/actor/lib/hoc/test/auto/RunCompositeActor4.xml (RunModel)" time="0.042" />
  <testcase classname="ptolemy.util.test.junit.AutoTests" name="[53] /home/travis/build/icyphy/ptII/ptolemy/actor/lib/hoc/test/auto/RunCompositeIterateOverArray.xml (RunModel)" time="0.068" />
  <testcase classname="ptolemy.util.test.junit.AutoTests" name="[54] /home/travis/build/icyphy/ptII/ptolemy/actor/lib/hoc/test/auto/ThreadedJS.xml (RunModel)" time="6.904" />
  <system-out><![CDATA[/home/travis/build/icyphy/ptII/ptolemy/actor/lib/hoc/test/IterateOverArray.tcl
testDefs.tcl: setting time out to 9000 seconds at Wed May 16 01:27:26 UTC 2018
05/16/18 01:27:26
Failed: 0  Total Tests: 2  ((Passed: 2, Newly Passed: 0)  Known Failed: 0) /home/travis/build/icyphy/ptII/ptolemy/actor/lib/hoc/test
----------------- testing (KnownFailure) /home/travis/build/icyphy/ptII/ptolemy/actor/lib/hoc/test/auto/knownFailedTests/PreinitializeMustBeInvokedRunComposite.xml
51 ms. Memory: 116224K Free: 105105K (90%)
Known Failure: java.lang.reflect.InvocationTargetException
No auto/*.xml tests in /home/travis/build/icyphy/ptII/ptolemy/actor/lib/hoc/test
AutoTests.java: About to close Vertx.
AutoTests.java: Vertx closed.
----------------- testing Wed May 16 01:27:27 UTC 2018 /home/travis/build/icyphy/ptII/ptolemy/actor/lib/hoc/test/auto/AllToAllMultiInstanceComposite.xml
----------------- Instantiating /home/travis/build/icyphy/ptII/ptolemy/actor/lib/hoc/test/auto/AllToAllMultiInstanceComposite.xml
134 ms. Memory: 116224K Free: 88333K (76%)
----------------- Invoking toplevel() on ptolemy.moml.MoMLSimpleApplication@44a4593
----------------- Done invoking toplevel() on ptolemy.moml.MoMLSimpleApplication@44a4593
reloadAllAccessors: .AllToAllMultiInstanceComposite
----------------- testing Wed May 16 01:27:27 UTC 2018 /home/travis/build/icyphy/ptII/ptolemy/actor/lib/hoc/test/auto/ApplyFFTTest.xml
----------------- Instantiating /home/travis/build/icyphy/ptII/ptolemy/actor/lib/hoc/test/auto/ApplyFFTTest.xml
168 ms. Memory: 116224K Free: 98547K (85%)
----------------- Invoking toplevel() on ptolemy.moml.MoMLSimpleApplication@3d10f57a
----------------- Done invoking toplevel() on ptolemy.moml.MoMLSimpleApplication@3d10f57a
reloadAllAccessors: .ApplyFFTTest
----------------- testing Wed May 16 01:27:28 UTC 2018 /home/travis/build/icyphy/ptII/ptolemy/actor/lib/hoc/test/auto/ApplyFunction.xml
----------------- Instantiating /home/travis/build/icyphy/ptII/ptolemy/actor/lib/hoc/test/auto/ApplyFunction.xml
7 ms. Memory: 116224K Free: 94982K (82%)
----------------- Invoking toplevel() on ptolemy.moml.MoMLSimpleApplication@71691a1c
----------------- Done invoking toplevel() on ptolemy.moml.MoMLSimpleApplication@71691a1c
reloadAllAccessors: .ApplyFunction
----------------- testing Wed May 16 01:27:28 UTC 2018 /home/travis/build/icyphy/ptII/ptolemy/actor/lib/hoc/test/auto/BackgroundExecution.xml
----------------- Instantiating /home/travis/build/icyphy/ptII/ptolemy/actor/lib/hoc/test/auto/BackgroundExecution.xml
626 ms. Memory: 116224K Free: 86933K (75%)
----------------- Invoking toplevel() on ptolemy.moml.MoMLSimpleApplication@7b725539
----------------- Done invoking toplevel() on ptolemy.moml.MoMLSimpleApplication@7b725539
reloadAllAccessors: .BackgroundExecution
----------------- testing Wed May 16 01:27:29 UTC 2018 /home/travis/build/icyphy/ptII/ptolemy/actor/lib/hoc/test/auto/Case.xml
----------------- Instantiating /home/travis/build/icyphy/ptII/ptolemy/actor/lib/hoc/test/auto/Case.xml
51 ms. Memory: 146944K Free: 140542K (96%)
----------------- Invoking toplevel() on ptolemy.moml.MoMLSimpleApplication@3ad6c1df
----------------- Done invoking toplevel() on ptolemy.moml.MoMLSimpleApplication@3ad6c1df
reloadAllAccessors: .Case
----------------- testing Wed May 16 01:27:29 UTC 2018 /home/travis/build/icyphy/ptII/ptolemy/actor/lib/hoc/test/auto/Case1.xml
----------------- Instantiating /home/travis/build/icyphy/ptII/ptolemy/actor/lib/hoc/test/auto/Case1.xml
29 ms. Memory: 146944K Free: 132946K (90%)
----------------- Invoking toplevel() on ptolemy.moml.MoMLSimpleApplication@34d7d0e0
----------------- Done invoking toplevel() on ptolemy.moml.MoMLSimpleApplication@34d7d0e0
reloadAllAccessors: .Case1
----------------- testing Wed May 16 01:27:29 UTC 2018 /home/travis/build/icyphy/ptII/ptolemy/actor/lib/hoc/test/auto/Case2.xml
----------------- Instantiating /home/travis/build/icyphy/ptII/ptolemy/actor/lib/hoc/test/auto/Case2.xml
78 ms. Memory: 146944K Free: 121448K (83%)
----------------- Invoking toplevel() on ptolemy.moml.MoMLSimpleApplication@35e31415
----------------- Done invoking toplevel() on ptolemy.moml.MoMLSimpleApplication@35e31415
reloadAllAccessors: .Case2
----------------- testing Wed May 16 01:27:29 UTC 2018 /home/travis/build/icyphy/ptII/ptolemy/actor/lib/hoc/test/auto/Case3.xml
----------------- Instantiating /home/travis/build/icyphy/ptII/ptolemy/actor/lib/hoc/test/auto/Case3.xml
19 ms. Memory: 146944K Free: 114959K (78%)
----------------- Invoking toplevel() on ptolemy.moml.MoMLSimpleApplication@3b4ae500
----------------- Done invoking toplevel() on ptolemy.moml.MoMLSimpleApplication@3b4ae500
reloadAllAccessors: .Case3
----------------- testing Wed May 16 01:27:29 UTC 2018 /home/travis/build/icyphy/ptII/ptolemy/actor/lib/hoc/test/auto/Case4.xml
----------------- Instantiating /home/travis/build/icyphy/ptII/ptolemy/actor/lib/hoc/test/auto/Case4.xml
14 ms. Memory: 146944K Free: 106526K (72%)
----------------- Invoking toplevel() on ptolemy.moml.MoMLSimpleApplication@7fdf086
----------------- Done invoking toplevel() on ptolemy.moml.MoMLSimpleApplication@7fdf086
reloadAllAccessors: .Case4
----------------- testing Wed May 16 01:27:29 UTC 2018 /home/travis/build/icyphy/ptII/ptolemy/actor/lib/hoc/test/auto/Case5.xml
----------------- Instantiating /home/travis/build/icyphy/ptII/ptolemy/actor/lib/hoc/test/auto/Case5.xml
77 ms. Memory: 146944K Free: 99435K (68%)
----------------- Invoking toplevel() on ptolemy.moml.MoMLSimpleApplication@f826b6a
----------------- Done invoking toplevel() on ptolemy.moml.MoMLSimpleApplication@f826b6a
reloadAllAccessors: .junk
----------------- testing Wed May 16 01:27:29 UTC 2018 /home/travis/build/icyphy/ptII/ptolemy/actor/lib/hoc/test/auto/Case6.xml
----------------- Instantiating /home/travis/build/icyphy/ptII/ptolemy/actor/lib/hoc/test/auto/Case6.xml
82 ms. Memory: 146944K Free: 86414K (59%)
----------------- Invoking toplevel() on ptolemy.moml.MoMLSimpleApplication@5dd0e445
----------------- Done invoking toplevel() on ptolemy.moml.MoMLSimpleApplication@5dd0e445
reloadAllAccessors: .Case6
----------------- testing Wed May 16 01:27:29 UTC 2018 /home/travis/build/icyphy/ptII/ptolemy/actor/lib/hoc/test/auto/CaseString2.xml
----------------- Instantiating /home/travis/build/icyphy/ptII/ptolemy/actor/lib/hoc/test/auto/CaseString2.xml
20 ms. Memory: 146944K Free: 138743K (94%)
----------------- Invoking toplevel() on ptolemy.moml.MoMLSimpleApplication@37960cad
----------------- Done invoking toplevel() on ptolemy.moml.MoMLSimpleApplication@37960cad
reloadAllAccessors: .CaseString2
----------------- testing Wed May 16 01:27:29 UTC 2018 /home/travis/build/icyphy/ptII/ptolemy/actor/lib/hoc/test/auto/CatchUpComposite1.xml
----------------- Instantiating /home/travis/build/icyphy/ptII/ptolemy/actor/lib/hoc/test/auto/CatchUpComposite1.xml
27 ms. Memory: 146944K Free: 128910K (88%)
----------------- Invoking toplevel() on ptolemy.moml.MoMLSimpleApplication@29dbbcc6
----------------- Done invoking toplevel() on ptolemy.moml.MoMLSimpleApplication@29dbbcc6
reloadAllAccessors: .CatchUpComposite1
----------------- testing Wed May 16 01:27:30 UTC 2018 /home/travis/build/icyphy/ptII/ptolemy/actor/lib/hoc/test/auto/CatchUpComposite2.xml
----------------- Instantiating /home/travis/build/icyphy/ptII/ptolemy/actor/lib/hoc/test/auto/CatchUpComposite2.xml
25 ms. Memory: 146944K Free: 119345K (81%)
----------------- Invoking toplevel() on ptolemy.moml.MoMLSimpleApplication@2252e09c
----------------- Done invoking toplevel() on ptolemy.moml.MoMLSimpleApplication@2252e09c
reloadAllAccessors: .CatchUpComposite2
----------------- testing Wed May 16 01:27:30 UTC 2018 /home/travis/build/icyphy/ptII/ptolemy/actor/lib/hoc/test/auto/CatchUpComposite3.xml
----------------- Instantiating /home/travis/build/icyphy/ptII/ptolemy/actor/lib/hoc/test/auto/CatchUpComposite3.xml
19 ms. Memory: 146944K Free: 109708K (75%)
----------------- Invoking toplevel() on ptolemy.moml.MoMLSimpleApplication@5b6b9f9a
----------------- Done invoking toplevel() on ptolemy.moml.MoMLSimpleApplication@5b6b9f9a
reloadAllAccessors: .CatchUpComposite3
----------------- testing Wed May 16 01:27:30 UTC 2018 /home/travis/build/icyphy/ptII/ptolemy/actor/lib/hoc/test/auto/CatchUpComposite4.xml
----------------- Instantiating /home/travis/build/icyphy/ptII/ptolemy/actor/lib/hoc/test/auto/CatchUpComposite4.xml
26 ms. Memory: 146944K Free: 100579K (68%)
----------------- Invoking toplevel() on ptolemy.moml.MoMLSimpleApplication@7b7b06fa
----------------- Done invoking toplevel() on ptolemy.moml.MoMLSimpleApplication@7b7b06fa
reloadAllAccessors: .CatchUpComposite4
----------------- testing Wed May 16 01:27:30 UTC 2018 /home/travis/build/icyphy/ptII/ptolemy/actor/lib/hoc/test/auto/CatchUpComposite5.xml
----------------- Instantiating /home/travis/build/icyphy/ptII/ptolemy/actor/lib/hoc/test/auto/CatchUpComposite5.xml
20 ms. Memory: 146944K Free: 91765K (62%)
----------------- Invoking toplevel() on ptolemy.moml.MoMLSimpleApplication@2726f1c7
----------------- Done invoking toplevel() on ptolemy.moml.MoMLSimpleApplication@2726f1c7
reloadAllAccessors: .CatchUpComposite5
----------------- testing Wed May 16 01:27:30 UTC 2018 /home/travis/build/icyphy/ptII/ptolemy/actor/lib/hoc/test/auto/CatchUpComposite6.xml
----------------- Instantiating /home/travis/build/icyphy/ptII/ptolemy/actor/lib/hoc/test/auto/CatchUpComposite6.xml
WARNING: The execution aspects in this model can influence the timing of actors by delaying the 
execution, potentially changing the behavior. There is no guarantee that actors fire at the 
time they request to be fired. 
Use Ptides for deterministic DE behavior that is not influenced by execution aspects. 

134 ms. Memory: 209408K Free: 196995K (94%)
----------------- Invoking toplevel() on ptolemy.moml.MoMLSimpleApplication@6fa97349
----------------- Done invoking toplevel() on ptolemy.moml.MoMLSimpleApplication@6fa97349
reloadAllAccessors: .CatchUpComposite6
----------------- testing Wed May 16 01:27:30 UTC 2018 /home/travis/build/icyphy/ptII/ptolemy/actor/lib/hoc/test/auto/CatchUpComposite7.xml
----------------- Instantiating /home/travis/build/icyphy/ptII/ptolemy/actor/lib/hoc/test/auto/CatchUpComposite7.xml
WARNING: The execution aspects in this model can influence the timing of actors by delaying the 
execution, potentially changing the behavior. There is no guarantee that actors fire at the 
time they request to be fired. 
Use Ptides for deterministic DE behavior that is not influenced by execution aspects. 

60 ms. Memory: 209408K Free: 180150K (86%)
----------------- Invoking toplevel() on ptolemy.moml.MoMLSimpleApplication@347ba56f
----------------- Done invoking toplevel() on ptolemy.moml.MoMLSimpleApplication@347ba56f
reloadAllAccessors: .CatchUpComposite7
----------------- testing Wed May 16 01:27:30 UTC 2018 /home/travis/build/icyphy/ptII/ptolemy/actor/lib/hoc/test/auto/ConcurrentExecutionTimeSDF.xml
----------------- Instantiating /home/travis/build/icyphy/ptII/ptolemy/actor/lib/hoc/test/auto/ConcurrentExecutionTimeSDF.xml
21 ms. Memory: 209408K Free: 170646K (81%)
----------------- Invoking toplevel() on ptolemy.moml.MoMLSimpleApplication@3f06eb32
----------------- Done invoking toplevel() on ptolemy.moml.MoMLSimpleApplication@3f06eb32
reloadAllAccessors: .ConcurrentExecutionTimeSDF
----------------- testing Wed May 16 01:27:30 UTC 2018 /home/travis/build/icyphy/ptII/ptolemy/actor/lib/hoc/test/auto/ConcurrentSleep.xml
----------------- Instantiating /home/travis/build/icyphy/ptII/ptolemy/actor/lib/hoc/test/auto/ConcurrentSleep.xml
724 ms. Memory: 209408K Free: 155457K (74%)
----------------- Invoking toplevel() on ptolemy.moml.MoMLSimpleApplication@3cd551ad
----------------- Done invoking toplevel() on ptolemy.moml.MoMLSimpleApplication@3cd551ad
reloadAllAccessors: .ConcurrentSleep
----------------- testing Wed May 16 01:27:31 UTC 2018 /home/travis/build/icyphy/ptII/ptolemy/actor/lib/hoc/test/auto/DEInPNInRunCompositeActor.xml
----------------- Instantiating /home/travis/build/icyphy/ptII/ptolemy/actor/lib/hoc/test/auto/DEInPNInRunCompositeActor.xml
14 ms. Memory: 209408K Free: 148052K (71%)
----------------- Invoking toplevel() on ptolemy.moml.MoMLSimpleApplication@263417ba
----------------- Done invoking toplevel() on ptolemy.moml.MoMLSimpleApplication@263417ba
reloadAllAccessors: .DEInPNInRunCompositeActor
----------------- testing Wed May 16 01:27:31 UTC 2018 /home/travis/build/icyphy/ptII/ptolemy/actor/lib/hoc/test/auto/DFTSubSetTest.xml
----------------- Instantiating /home/travis/build/icyphy/ptII/ptolemy/actor/lib/hoc/test/auto/DFTSubSetTest.xml
253 ms. Memory: 209408K Free: 100085K (48%)
----------------- Invoking toplevel() on ptolemy.moml.MoMLSimpleApplication@2388d8f7
----------------- Done invoking toplevel() on ptolemy.moml.MoMLSimpleApplication@2388d8f7
reloadAllAccessors: .DFTSubSetTest
----------------- testing Wed May 16 01:27:32 UTC 2018 /home/travis/build/icyphy/ptII/ptolemy/actor/lib/hoc/test/auto/HocDE.xml
----------------- Instantiating /home/travis/build/icyphy/ptII/ptolemy/actor/lib/hoc/test/auto/HocDE.xml
236 ms. Memory: 209408K Free: 194976K (93%)
----------------- Invoking toplevel() on ptolemy.moml.MoMLSimpleApplication@512eb42c
----------------- Done invoking toplevel() on ptolemy.moml.MoMLSimpleApplication@512eb42c
reloadAllAccessors: .HocDE
----------------- testing Wed May 16 01:27:32 UTC 2018 /home/travis/build/icyphy/ptII/ptolemy/actor/lib/hoc/test/auto/IterateOverArray.xml
----------------- Instantiating /home/travis/build/icyphy/ptII/ptolemy/actor/lib/hoc/test/auto/IterateOverArray.xml
9 ms. Memory: 209408K Free: 188979K (90%)
----------------- Invoking toplevel() on ptolemy.moml.MoMLSimpleApplication@772c1ab3
----------------- Done invoking toplevel() on ptolemy.moml.MoMLSimpleApplication@772c1ab3
reloadAllAccessors: .IterateOverArray
----------------- testing Wed May 16 01:27:32 UTC 2018 /home/travis/build/icyphy/ptII/ptolemy/actor/lib/hoc/test/auto/IterateOverArray10.xml
----------------- Instantiating /home/travis/build/icyphy/ptII/ptolemy/actor/lib/hoc/test/auto/IterateOverArray10.xml
5 ms. Memory: 209408K Free: 184984K (88%)
----------------- Invoking toplevel() on ptolemy.moml.MoMLSimpleApplication@61cc6893
----------------- Done invoking toplevel() on ptolemy.moml.MoMLSimpleApplication@61cc6893
reloadAllAccessors: .IterateOverArray10
----------------- testing Wed May 16 01:27:32 UTC 2018 /home/travis/build/icyphy/ptII/ptolemy/actor/lib/hoc/test/auto/IterateOverArray11.xml
----------------- Instantiating /home/travis/build/icyphy/ptII/ptolemy/actor/lib/hoc/test/auto/IterateOverArray11.xml
10 ms. Memory: 209408K Free: 179761K (86%)
----------------- Invoking toplevel() on ptolemy.moml.MoMLSimpleApplication@7ee99e90
----------------- Done invoking toplevel() on ptolemy.moml.MoMLSimpleApplication@7ee99e90
reloadAllAccessors: .IterateOverArray11
----------------- testing Wed May 16 01:27:32 UTC 2018 /home/travis/build/icyphy/ptII/ptolemy/actor/lib/hoc/test/auto/IterateOverArray12.xml
----------------- Instantiating /home/travis/build/icyphy/ptII/ptolemy/actor/lib/hoc/test/auto/IterateOverArray12.xml
25 ms. Memory: 209408K Free: 172678K (82%)
----------------- Invoking toplevel() on ptolemy.moml.MoMLSimpleApplication@5dba057c
----------------- Done invoking toplevel() on ptolemy.moml.MoMLSimpleApplication@5dba057c
reloadAllAccessors: .IterateOverArray12
----------------- testing Wed May 16 01:27:32 UTC 2018 /home/travis/build/icyphy/ptII/ptolemy/actor/lib/hoc/test/auto/IterateOverArray13.xml
----------------- Instantiating /home/travis/build/icyphy/ptII/ptolemy/actor/lib/hoc/test/auto/IterateOverArray13.xml
112 ms. Memory: 209408K Free: 139574K (67%)
----------------- Invoking toplevel() on ptolemy.moml.MoMLSimpleApplication@60566f98
----------------- Done invoking toplevel() on ptolemy.moml.MoMLSimpleApplication@60566f98
reloadAllAccessors: .IterateOverArray13
----------------- testing Wed May 16 01:27:32 UTC 2018 /home/travis/build/icyphy/ptII/ptolemy/actor/lib/hoc/test/auto/IterateOverArray14.xml
----------------- Instantiating /home/travis/build/icyphy/ptII/ptolemy/actor/lib/hoc/test/auto/IterateOverArray14.xml
96 ms. Memory: 209408K Free: 102638K (49%)
----------------- Invoking toplevel() on ptolemy.moml.MoMLSimpleApplication@1396c630
----------------- Done invoking toplevel() on ptolemy.moml.MoMLSimpleApplication@1396c630
reloadAllAccessors: .IterateOverArray14
----------------- testing Wed May 16 01:27:32 UTC 2018 /home/travis/build/icyphy/ptII/ptolemy/actor/lib/hoc/test/auto/IterateOverArray2.xml
----------------- Instantiating /home/travis/build/icyphy/ptII/ptolemy/actor/lib/hoc/test/auto/IterateOverArray2.xml
8 ms. Memory: 209408K Free: 97399K (47%)
----------------- Invoking toplevel() on ptolemy.moml.MoMLSimpleApplication@5ab8f384
----------------- Done invoking toplevel() on ptolemy.moml.MoMLSimpleApplication@5ab8f384
reloadAllAccessors: .IterateOverArray2
----------------- testing Wed May 16 01:27:32 UTC 2018 /home/travis/build/icyphy/ptII/ptolemy/actor/lib/hoc/test/auto/IterateOverArray3.xml
----------------- Instantiating /home/travis/build/icyphy/ptII/ptolemy/actor/lib/hoc/test/auto/IterateOverArray3.xml
22 ms. Memory: 209408K Free: 90348K (43%)
----------------- Invoking toplevel() on ptolemy.moml.MoMLSimpleApplication@6a7a1322
----------------- Done invoking toplevel() on ptolemy.moml.MoMLSimpleApplication@6a7a1322
reloadAllAccessors: .IterateOverArray3
----------------- testing Wed May 16 01:27:33 UTC 2018 /home/travis/build/icyphy/ptII/ptolemy/actor/lib/hoc/test/auto/IterateOverArray4.xml
----------------- Instantiating /home/travis/build/icyphy/ptII/ptolemy/actor/lib/hoc/test/auto/IterateOverArray4.xml
7 ms. Memory: 209408K Free: 85724K (41%)
----------------- Invoking toplevel() on ptolemy.moml.MoMLSimpleApplication@21646220
----------------- Done invoking toplevel() on ptolemy.moml.MoMLSimpleApplication@21646220
reloadAllAccessors: .IterateOverArray4
----------------- testing Wed May 16 01:27:33 UTC 2018 /home/travis/build/icyphy/ptII/ptolemy/actor/lib/hoc/test/auto/IterateOverArray5.xml
----------------- Instantiating /home/travis/build/icyphy/ptII/ptolemy/actor/lib/hoc/test/auto/IterateOverArray5.xml
4 ms. Memory: 209408K Free: 81083K (39%)
----------------- Invoking toplevel() on ptolemy.moml.MoMLSimpleApplication@7d868d04
----------------- Done invoking toplevel() on ptolemy.moml.MoMLSimpleApplication@7d868d04
reloadAllAccessors: .IterateOverArray5
----------------- testing Wed May 16 01:27:33 UTC 2018 /home/travis/build/icyphy/ptII/ptolemy/actor/lib/hoc/test/auto/IterateOverArray6.xml
----------------- Instantiating /home/travis/build/icyphy/ptII/ptolemy/actor/lib/hoc/test/auto/IterateOverArray6.xml
3 ms. Memory: 332288K Free: 321915K (97%)
----------------- Invoking toplevel() on ptolemy.moml.MoMLSimpleApplication@35bf651f
----------------- Done invoking toplevel() on ptolemy.moml.MoMLSimpleApplication@35bf651f
reloadAllAccessors: .IterateOverArray6
----------------- testing Wed May 16 01:27:33 UTC 2018 /home/travis/build/icyphy/ptII/ptolemy/actor/lib/hoc/test/auto/IterateOverArray7.xml
----------------- Instantiating /home/travis/build/icyphy/ptII/ptolemy/actor/lib/hoc/test/auto/IterateOverArray7.xml
6 ms. Memory: 332288K Free: 316459K (95%)
----------------- Invoking toplevel() on ptolemy.moml.MoMLSimpleApplication@7f7e3002
----------------- Done invoking toplevel() on ptolemy.moml.MoMLSimpleApplication@7f7e3002
reloadAllAccessors: .IterateOverArray7
----------------- testing Wed May 16 01:27:33 UTC 2018 /home/travis/build/icyphy/ptII/ptolemy/actor/lib/hoc/test/auto/IterateOverArray8.xml
----------------- Instantiating /home/travis/build/icyphy/ptII/ptolemy/actor/lib/hoc/test/auto/IterateOverArray8.xml
7 ms. Memory: 332288K Free: 311554K (94%)
----------------- Invoking toplevel() on ptolemy.moml.MoMLSimpleApplication@521a7147
----------------- Done invoking toplevel() on ptolemy.moml.MoMLSimpleApplication@521a7147
reloadAllAccessors: .IterateOverArray8
----------------- testing Wed May 16 01:27:33 UTC 2018 /home/travis/build/icyphy/ptII/ptolemy/actor/lib/hoc/test/auto/IterateOverArray9.xml
----------------- Instantiating /home/travis/build/icyphy/ptII/ptolemy/actor/lib/hoc/test/auto/IterateOverArray9.xml
6 ms. Memory: 332288K Free: 306218K (92%)
----------------- Invoking toplevel() on ptolemy.moml.MoMLSimpleApplication@8b6b1ec
----------------- Done invoking toplevel() on ptolemy.moml.MoMLSimpleApplication@8b6b1ec
reloadAllAccessors: .IterateOverArray9
----------------- testing Wed May 16 01:27:33 UTC 2018 /home/travis/build/icyphy/ptII/ptolemy/actor/lib/hoc/test/auto/IterateOverArrayCoercedOutputType.xml
----------------- Instantiating /home/travis/build/icyphy/ptII/ptolemy/actor/lib/hoc/test/auto/IterateOverArrayCoercedOutputType.xml
5 ms. Memory: 332288K Free: 299248K (90%)
----------------- Invoking toplevel() on ptolemy.moml.MoMLSimpleApplication@16ad62b
----------------- Done invoking toplevel() on ptolemy.moml.MoMLSimpleApplication@16ad62b
reloadAllAccessors: .IterateOverArrayCoercedOutputType
----------------- testing Wed May 16 01:27:33 UTC 2018 /home/travis/build/icyphy/ptII/ptolemy/actor/lib/hoc/test/auto/IterateOverArrayInferredOutputType.xml
----------------- Instantiating /home/travis/build/icyphy/ptII/ptolemy/actor/lib/hoc/test/auto/IterateOverArrayInferredOutputType.xml
7 ms. Memory: 332288K Free: 292277K (88%)
----------------- Invoking toplevel() on ptolemy.moml.MoMLSimpleApplication@66ee42b2
----------------- Done invoking toplevel() on ptolemy.moml.MoMLSimpleApplication@66ee42b2
reloadAllAccessors: .IterateOverArrayInferredOutputType
----------------- testing Wed May 16 01:27:33 UTC 2018 /home/travis/build/icyphy/ptII/ptolemy/actor/lib/hoc/test/auto/MobileFunctionTest.xml
----------------- Instantiating /home/travis/build/icyphy/ptII/ptolemy/actor/lib/hoc/test/auto/MobileFunctionTest.xml
5 ms. Memory: 332288K Free: 285705K (86%)
----------------- Invoking toplevel() on ptolemy.moml.MoMLSimpleApplication@22d8145f
----------------- Done invoking toplevel() on ptolemy.moml.MoMLSimpleApplication@22d8145f
reloadAllAccessors: .MobileFunctionTest
----------------- testing Wed May 16 01:27:33 UTC 2018 /home/travis/build/icyphy/ptII/ptolemy/actor/lib/hoc/test/auto/MobileModelTest.xml
----------------- Instantiating /home/travis/build/icyphy/ptII/ptolemy/actor/lib/hoc/test/auto/MobileModelTest.xml
104 ms. Memory: 332288K Free: 264018K (79%)
----------------- Invoking toplevel() on ptolemy.moml.MoMLSimpleApplication@3f4a5817
----------------- Done invoking toplevel() on ptolemy.moml.MoMLSimpleApplication@3f4a5817
reloadAllAccessors: .MobileModelTest
----------------- testing Wed May 16 01:27:33 UTC 2018 /home/travis/build/icyphy/ptII/ptolemy/actor/lib/hoc/test/auto/ModelReference.xml
----------------- Instantiating /home/travis/build/icyphy/ptII/ptolemy/actor/lib/hoc/test/auto/ModelReference.xml
3 ms. Memory: 332288K Free: 253746K (76%)
3 ms. Memory: 332288K Free: 253746K (76%)
3 ms. Memory: 332288K Free: 252111K (76%)
7 ms. Memory: 332288K Free: 252111K (76%)
2 ms. Memory: 332288K Free: 250476K (75%)
2 ms. Memory: 332288K Free: 250476K (75%)
2 ms. Memory: 332288K Free: 248841K (75%)
2 ms. Memory: 332288K Free: 248841K (75%)
2 ms. Memory: 332288K Free: 247206K (74%)
4 ms. Memory: 332288K Free: 247206K (74%)
48 ms. Memory: 332288K Free: 247206K (74%)
----------------- Invoking toplevel() on ptolemy.moml.MoMLSimpleApplication@19d134f9
----------------- Done invoking toplevel() on ptolemy.moml.MoMLSimpleApplication@19d134f9
reloadAllAccessors: .ModelReference
----------------- testing Wed May 16 01:27:33 UTC 2018 /home/travis/build/icyphy/ptII/ptolemy/actor/lib/hoc/test/auto/ModelReference3.xml
----------------- Instantiating /home/travis/build/icyphy/ptII/ptolemy/actor/lib/hoc/test/auto/ModelReference3.xml
2 ms. Memory: 332288K Free: 241871K (73%)
6 ms. Memory: 332288K Free: 240236K (72%)
3 ms. Memory: 332288K Free: 240236K (72%)
5 ms. Memory: 332288K Free: 238601K (72%)
2 ms. Memory: 332288K Free: 238601K (72%)
2 ms. Memory: 332288K Free: 236966K (71%)
3 ms. Memory: 332288K Free: 236966K (71%)
7 ms. Memory: 332288K Free: 235331K (71%)
2 ms. Memory: 332288K Free: 235331K (71%)
4 ms. Memory: 332288K Free: 233696K (70%)
46 ms. Memory: 332288K Free: 233696K (70%)
----------------- Invoking toplevel() on ptolemy.moml.MoMLSimpleApplication@64938181
----------------- Done invoking toplevel() on ptolemy.moml.MoMLSimpleApplication@64938181
reloadAllAccessors: .ModelReference3
----------------- testing Wed May 16 01:27:33 UTC 2018 /home/travis/build/icyphy/ptII/ptolemy/actor/lib/hoc/test/auto/ModelReference4.xml
----------------- Instantiating /home/travis/build/icyphy/ptII/ptolemy/actor/lib/hoc/test/auto/ModelReference4.xml
4 ms. Memory: 332288K Free: 226725K (68%)
7 ms. Memory: 332288K Free: 225090K (68%)
2 ms. Memory: 332288K Free: 223455K (67%)
5 ms. Memory: 332288K Free: 221820K (67%)
4 ms. Memory: 332288K Free: 218534K (66%)
3 ms. Memory: 332288K Free: 216899K (65%)
8 ms. Memory: 332288K Free: 215264K (65%)
6 ms. Memory: 332288K Free: 213629K (64%)
2 ms. Memory: 332288K Free: 211994K (64%)
3 ms. Memory: 332288K Free: 210359K (63%)
10021 ms. Memory: 332288K Free: 210359K (63%)
----------------- Invoking toplevel() on ptolemy.moml.MoMLSimpleApplication@206db663
----------------- Done invoking toplevel() on ptolemy.moml.MoMLSimpleApplication@206db663
reloadAllAccessors: .ModelReference4
----------------- testing Wed May 16 01:27:43 UTC 2018 /home/travis/build/icyphy/ptII/ptolemy/actor/lib/hoc/test/auto/MultiInstanceComposite.xml
----------------- Instantiating /home/travis/build/icyphy/ptII/ptolemy/actor/lib/hoc/test/auto/MultiInstanceComposite.xml
34 ms. Memory: 332288K Free: 187421K (56%)
----------------- Invoking toplevel() on ptolemy.moml.MoMLSimpleApplication@50d0680c
----------------- Done invoking toplevel() on ptolemy.moml.MoMLSimpleApplication@50d0680c
reloadAllAccessors: .MultiInstanceComposite
----------------- testing Wed May 16 01:27:43 UTC 2018 /home/travis/build/icyphy/ptII/ptolemy/actor/lib/hoc/test/auto/MultiInstanceComposite2.xml
----------------- Instantiating /home/travis/build/icyphy/ptII/ptolemy/actor/lib/hoc/test/auto/MultiInstanceComposite2.xml
30 ms. Memory: 332288K Free: 173838K (52%)
----------------- Invoking toplevel() on ptolemy.moml.MoMLSimpleApplication@21bc0f8b
----------------- Done invoking toplevel() on ptolemy.moml.MoMLSimpleApplication@21bc0f8b
reloadAllAccessors: .MultiInstanceComposite2
----------------- testing Wed May 16 01:27:43 UTC 2018 /home/travis/build/icyphy/ptII/ptolemy/actor/lib/hoc/test/auto/MulticoreExecution.xml
----------------- Instantiating /home/travis/build/icyphy/ptII/ptolemy/actor/lib/hoc/test/auto/MulticoreExecution.xml
1021 ms. Memory: 332288K Free: 160303K (48%)
----------------- testing Wed May 16 01:27:44 UTC 2018 /home/travis/build/icyphy/ptII/ptolemy/actor/lib/hoc/test/auto/ParallelExecution.xml
----------------- Instantiating /home/travis/build/icyphy/ptII/ptolemy/actor/lib/hoc/test/auto/ParallelExecution.xml
929 ms. Memory: 332288K Free: 145133K (44%)
----------------- Invoking toplevel() on ptolemy.moml.MoMLSimpleApplication@6e1d90e1
----------------- Done invoking toplevel() on ptolemy.moml.MoMLSimpleApplication@6e1d90e1
reloadAllAccessors: .ParallelExecution
----------------- testing Wed May 16 01:27:45 UTC 2018 /home/travis/build/icyphy/ptII/ptolemy/actor/lib/hoc/test/auto/RunCompositeActor.xml
----------------- Instantiating /home/travis/build/icyphy/ptII/ptolemy/actor/lib/hoc/test/auto/RunCompositeActor.xml
15 ms. Memory: 332288K Free: 136511K (41%)
----------------- Invoking toplevel() on ptolemy.moml.MoMLSimpleApplication@19527ef5
----------------- Done invoking toplevel() on ptolemy.moml.MoMLSimpleApplication@19527ef5
reloadAllAccessors: .RunCompositeActor
----------------- testing Wed May 16 01:27:45 UTC 2018 /home/travis/build/icyphy/ptII/ptolemy/actor/lib/hoc/test/auto/RunCompositeActor2.xml
----------------- Instantiating /home/travis/build/icyphy/ptII/ptolemy/actor/lib/hoc/test/auto/RunCompositeActor2.xml
16 ms. Memory: 332288K Free: 129540K (39%)
----------------- Invoking toplevel() on ptolemy.moml.MoMLSimpleApplication@6e100bb
----------------- Done invoking toplevel() on ptolemy.moml.MoMLSimpleApplication@6e100bb
reloadAllAccessors: .RunCompositeActor2
----------------- testing Wed May 16 01:27:45 UTC 2018 /home/travis/build/icyphy/ptII/ptolemy/actor/lib/hoc/test/auto/RunCompositeActor3.xml
----------------- Instantiating /home/travis/build/icyphy/ptII/ptolemy/actor/lib/hoc/test/auto/RunCompositeActor3.xml
9 ms. Memory: 332288K Free: 122553K (37%)
----------------- Invoking toplevel() on ptolemy.moml.MoMLSimpleApplication@7a30bca3
----------------- Done invoking toplevel() on ptolemy.moml.MoMLSimpleApplication@7a30bca3
reloadAllAccessors: .RunCompositeActor3
----------------- testing Wed May 16 01:27:45 UTC 2018 /home/travis/build/icyphy/ptII/ptolemy/actor/lib/hoc/test/auto/RunCompositeActor4.xml
----------------- Instantiating /home/travis/build/icyphy/ptII/ptolemy/actor/lib/hoc/test/auto/RunCompositeActor4.xml
23 ms. Memory: 332288K Free: 113908K (34%)
----------------- Invoking toplevel() on ptolemy.moml.MoMLSimpleApplication@42079aea
----------------- Done invoking toplevel() on ptolemy.moml.MoMLSimpleApplication@42079aea
reloadAllAccessors: .RunCompositeActor4
----------------- testing Wed May 16 01:27:45 UTC 2018 /home/travis/build/icyphy/ptII/ptolemy/actor/lib/hoc/test/auto/RunCompositeIterateOverArray.xml
----------------- Instantiating /home/travis/build/icyphy/ptII/ptolemy/actor/lib/hoc/test/auto/RunCompositeIterateOverArray.xml
10 ms. Memory: 332288K Free: 105716K (32%)
----------------- Invoking toplevel() on ptolemy.moml.MoMLSimpleApplication@657be0e
----------------- Done invoking toplevel() on ptolemy.moml.MoMLSimpleApplication@657be0e
reloadAllAccessors: .RunCompositeIterateOverArray
----------------- testing Wed May 16 01:27:46 UTC 2018 /home/travis/build/icyphy/ptII/ptolemy/actor/lib/hoc/test/auto/ThreadedJS.xml
----------------- Instantiating /home/travis/build/icyphy/ptII/ptolemy/actor/lib/hoc/test/auto/ThreadedJS.xml
2589 ms. Memory: 286720K Free: 131610K (46%)
----------------- Invoking toplevel() on ptolemy.moml.MoMLSimpleApplication@34026108
----------------- Done invoking toplevel() on ptolemy.moml.MoMLSimpleApplication@34026108
reloadAllAccessors: .ThreadedJS
AutoTests.java: About to close Vertx.
AutoTests.java: Vertx closed.
]]></system-out>
  <system-err><![CDATA[java.lang.RuntimeException: Execution failed
	at ptolemy.moml.MoMLSimpleApplication$UnloadThread.run(MoMLSimpleApplication.java:402)
Caused by: ptolemy.kernel.util.IllegalActionException: initialize() was called after wrapup() was called but preinitialize() was not called after wrapup().
	at ptolemy.actor.lib.hoc.test.PreinitializeMustBeInvoked.initialize(PreinitializeMustBeInvoked.java:78)
	at ptolemy.actor.Director.initialize(Director.java:938)
	at ptolemy.actor.Director.initialize(Director.java:907)
	at ptolemy.actor.sched.StaticSchedulingDirector.initialize(StaticSchedulingDirector.java:159)
	at ptolemy.domains.sdf.kernel.SDFDirector.initialize(SDFDirector.java:544)
	at ptolemy.actor.CompositeActor.initialize(CompositeActor.java:935)
	at ptolemy.actor.lib.hoc.LifeCycleManager._executeInsideModel(LifeCycleManager.java:339)
	at ptolemy.actor.lib.hoc.RunCompositeActor.fire(RunCompositeActor.java:205)
	at ptolemy.actor.CompositeActor.iterate(CompositeActor.java:1146)
	at ptolemy.actor.sched.StaticSchedulingDirector.fire(StaticSchedulingDirector.java:216)
	at ptolemy.domains.sdf.kernel.SDFDirector.fire(SDFDirector.java:500)
	at ptolemy.actor.CompositeActor.fire(CompositeActor.java:455)
	at ptolemy.actor.Manager.iterate(Manager.java:851)
	at ptolemy.actor.Manager.execute(Manager.java:369)
	at ptolemy.actor.Manager.run(Manager.java:1263)
	at ptolemy.actor.Manager$PtolemyRunThread.run(Manager.java:1915)
java.lang.reflect.InvocationTargetException
	at sun.reflect.NativeConstructorAccessorImpl.newInstance0(Native Method)
	at sun.reflect.NativeConstructorAccessorImpl.newInstance(NativeConstructorAccessorImpl.java:62)
	at sun.reflect.DelegatingConstructorAccessorImpl.newInstance(DelegatingConstructorAccessorImpl.java:45)
	at java.lang.reflect.Constructor.newInstance(Constructor.java:423)
	at ptolemy.util.test.junit.AutoKnownFailedTests.RunModel(AutoKnownFailedTests.java:107)
	at sun.reflect.NativeMethodAccessorImpl.invoke0(Native Method)
	at sun.reflect.NativeMethodAccessorImpl.invoke(NativeMethodAccessorImpl.java:62)
	at sun.reflect.DelegatingMethodAccessorImpl.invoke(DelegatingMethodAccessorImpl.java:43)
	at java.lang.reflect.Method.invoke(Method.java:498)
	at org.junit.runners.model.FrameworkMethod$1.runReflectiveCall(FrameworkMethod.java:44)
	at org.junit.internal.runners.model.ReflectiveCallable.run(ReflectiveCallable.java:15)
	at org.junit.runners.model.FrameworkMethod.invokeExplosively(FrameworkMethod.java:41)
	at junitparams.internal.InvokeParameterisedMethod.evaluate(InvokeParameterisedMethod.java:102)
	at org.junit.internal.runners.statements.FailOnTimeout$1.run(FailOnTimeout.java:28)
Caused by: ptolemy.kernel.util.IllegalActionException: initialize() was called after wrapup() was called but preinitialize() was not called after wrapup().
	at ptolemy.actor.lib.hoc.test.PreinitializeMustBeInvoked.initialize(PreinitializeMustBeInvoked.java:78)
	at ptolemy.actor.Director.initialize(Director.java:938)
	at ptolemy.actor.Director.initialize(Director.java:907)
	at ptolemy.actor.sched.StaticSchedulingDirector.initialize(StaticSchedulingDirector.java:159)
	at ptolemy.domains.sdf.kernel.SDFDirector.initialize(SDFDirector.java:544)
	at ptolemy.actor.CompositeActor.initialize(CompositeActor.java:935)
	at ptolemy.actor.lib.hoc.LifeCycleManager._executeInsideModel(LifeCycleManager.java:339)
	at ptolemy.actor.lib.hoc.RunCompositeActor.fire(RunCompositeActor.java:205)
	at ptolemy.actor.CompositeActor.iterate(CompositeActor.java:1146)
	at ptolemy.actor.sched.StaticSchedulingDirector.fire(StaticSchedulingDirector.java:216)
	at ptolemy.domains.sdf.kernel.SDFDirector.fire(SDFDirector.java:500)
	at ptolemy.actor.CompositeActor.fire(CompositeActor.java:455)
	at ptolemy.actor.Manager.iterate(Manager.java:851)
	at ptolemy.actor.Manager.execute(Manager.java:369)
	at ptolemy.actor.Manager.run(Manager.java:1263)
	at ptolemy.actor.Manager$PtolemyRunThread.run(Manager.java:1915)
java.lang.RuntimeException: Execution failed
	at ptolemy.moml.MoMLSimpleApplication$UnloadThread.run(MoMLSimpleApplication.java:402)
Caused by: ptolemy.kernel.util.IllegalActionException: Inside thread was interrupted.
  in .MulticoreExecution.ThreadedComposite.ThreadedDirector
	at ptolemy.actor.lib.hoc.ThreadedComposite$ThreadedDirector.fire(ThreadedComposite.java:646)
	at ptolemy.actor.CompositeActor.fire(CompositeActor.java:455)
	at ptolemy.actor.sched.FixedPointDirector._fireActor(FixedPointDirector.java:768)
	at ptolemy.actor.sched.FixedPointDirector.fire(FixedPointDirector.java:244)
	at ptolemy.actor.CompositeActor.fire(CompositeActor.java:455)
	at ptolemy.actor.Manager.iterate(Manager.java:851)
	at ptolemy.actor.Manager.execute(Manager.java:369)
	at ptolemy.actor.Manager.run(Manager.java:1263)
	at ptolemy.actor.Manager$PtolemyRunThread.run(Manager.java:1915)
]]></system-err>
</testsuite>
