<?xml version="1.0" encoding="UTF-8" ?>
<testsuite errors="0" failures="0" hostname="travis-job-c6fbb0fd-2c75-4d84-b893-8c2215c1cc55" name="ptolemy.domains.de.test.junit.JUnitTclTest" skipped="0" tests="101" time="125.989" timestamp="2018-05-23T16:42:48">
  <properties>
[...]
</properties>
  <testcase classname="ptolemy.util.test.junit.TclTests" name="[0] /home/travis/build/icyphy/ptII/ptolemy/domains/de/test/DependencyLoop.tcl (RunTclFile)" time="0.813" />
  <testcase classname="ptolemy.util.test.junit.TclTests" name="[1] /home/travis/build/icyphy/ptII/ptolemy/domains/de/test/RunDETestsAsQSS.tcl (RunTclFile)" time="85.836" />
  <testcase classname="ptolemy.util.test.junit.AutoKnownFailedTests" name="[0] /home/travis/build/icyphy/ptII/ptolemy/domains/de/test/auto/knownFailedTests/DESDFClockTest.xml (RunModel)" time="2.031" />
  <testcase classname="ptolemy.util.test.junit.AutoKnownFailedTests" name="[1] /home/travis/build/icyphy/ptII/ptolemy/domains/de/test/auto/knownFailedTests/DirectFeedback.xml (RunModel)" time="0.013" />
  <testcase classname="ptolemy.util.test.junit.AutoKnownFailedTests" name="[2] /home/travis/build/icyphy/ptII/ptolemy/domains/de/test/auto/knownFailedTests/FSMSource.xml (RunModel)" time="0.017" />
  <testcase classname="ptolemy.util.test.junit.AutoKnownFailedTests" name="[3] /home/travis/build/icyphy/ptII/ptolemy/domains/de/test/auto/knownFailedTests/HierarchicalModel.xml (RunModel)" time="0.033" />
  <testcase classname="ptolemy.util.test.junit.AutoKnownFailedTests" name="[4] /home/travis/build/icyphy/ptII/ptolemy/domains/de/test/auto/knownFailedTests/dependencyLoop.xml (RunModel)" time="0.034" />
  <testcase classname="ptolemy.util.test.junit.AutoKnownFailedTests" name="[5] /home/travis/build/icyphy/ptII/ptolemy/domains/de/test/auto/knownFailedTests/dependencyLoop2.xml (RunModel)" time="0.035" />
  <testcase classname="ptolemy.util.test.junit.AutoNameArchTests" name="[0] ThereAreNoAutoTests (RunModel)" time="0.001" />
  <testcase classname="ptolemy.util.test.junit.AutoTests" name="[0] /home/travis/build/icyphy/ptII/ptolemy/domains/de/test/auto/ActorDepthCalculation_actorWithoutPorts.xml (RunModel)" time="0.018" />
  <testcase classname="ptolemy.util.test.junit.AutoTests" name="[1] /home/travis/build/icyphy/ptII/ptolemy/domains/de/test/auto/AssemblyLine.xml (RunModel)" time="0.018" />
  <testcase classname="ptolemy.util.test.junit.AutoTests" name="[2] /home/travis/build/icyphy/ptII/ptolemy/domains/de/test/auto/CQBug1.xml (RunModel)" time="0.014" />
  <testcase classname="ptolemy.util.test.junit.AutoTests" name="[3] /home/travis/build/icyphy/ptII/ptolemy/domains/de/test/auto/CancelFireAt.xml (RunModel)" time="0.005" />
  <testcase classname="ptolemy.util.test.junit.AutoTests" name="[4] /home/travis/build/icyphy/ptII/ptolemy/domains/de/test/auto/CausalityAndComposabilityAnalysis.xml (RunModel)" time="0.011" />
  <testcase classname="ptolemy.util.test.junit.AutoTests" name="[5] /home/travis/build/icyphy/ptII/ptolemy/domains/de/test/auto/CausalityInterface1.xml (RunModel)" time="0.011" />
  <testcase classname="ptolemy.util.test.junit.AutoTests" name="[6] /home/travis/build/icyphy/ptII/ptolemy/domains/de/test/auto/CausalityInterface15.xml (RunModel)" time="0.011" />
  <testcase classname="ptolemy.util.test.junit.AutoTests" name="[7] /home/travis/build/icyphy/ptII/ptolemy/domains/de/test/auto/CausalityInterface2.xml (RunModel)" time="0.01" />
  <testcase classname="ptolemy.util.test.junit.AutoTests" name="[8] /home/travis/build/icyphy/ptII/ptolemy/domains/de/test/auto/CausalityInterface3.xml (RunModel)" time="0.008" />
  <testcase classname="ptolemy.util.test.junit.AutoTests" name="[9] /home/travis/build/icyphy/ptII/ptolemy/domains/de/test/auto/ClockDrift.xml (RunModel)" time="0.024" />
  <testcase classname="ptolemy.util.test.junit.AutoTests" name="[10] /home/travis/build/icyphy/ptII/ptolemy/domains/de/test/auto/ClockDriftAndValueChange.xml (RunModel)" time="0.021" />
  <testcase classname="ptolemy.util.test.junit.AutoTests" name="[11] /home/travis/build/icyphy/ptII/ptolemy/domains/de/test/auto/ClockDriftChange.xml (RunModel)" time="0.021" />
  <testcase classname="ptolemy.util.test.junit.AutoTests" name="[12] /home/travis/build/icyphy/ptII/ptolemy/domains/de/test/auto/ComposableCausalityAnalysis.xml (RunModel)" time="0.013" />
  <testcase classname="ptolemy.util.test.junit.AutoTests" name="[13] /home/travis/build/icyphy/ptII/ptolemy/domains/de/test/auto/DEFixedPointLimitation.xml (RunModel)" time="0.006" />
  <testcase classname="ptolemy.util.test.junit.AutoTests" name="[14] /home/travis/build/icyphy/ptII/ptolemy/domains/de/test/auto/DEScheduleTest.xml (RunModel)" time="0.008" />
  <testcase classname="ptolemy.util.test.junit.AutoTests" name="[15] /home/travis/build/icyphy/ptII/ptolemy/domains/de/test/auto/DEinDEwithStartTimes.xml (RunModel)" time="0.009" />
  <testcase classname="ptolemy.util.test.junit.AutoTests" name="[16] /home/travis/build/icyphy/ptII/ptolemy/domains/de/test/auto/DEinDEwithStartTimes2.xml (RunModel)" time="0.009" />
  <testcase classname="ptolemy.util.test.junit.AutoTests" name="[17] /home/travis/build/icyphy/ptII/ptolemy/domains/de/test/auto/DateDemo.xml (RunModel)" time="0.019" />
  <testcase classname="ptolemy.util.test.junit.AutoTests" name="[18] /home/travis/build/icyphy/ptII/ptolemy/domains/de/test/auto/DateToEvent.xml (RunModel)" time="2.026" />
  <testcase classname="ptolemy.util.test.junit.AutoTests" name="[19] /home/travis/build/icyphy/ptII/ptolemy/domains/de/test/auto/DepthTest1.xml (RunModel)" time="0.008" />
  <testcase classname="ptolemy.util.test.junit.AutoTests" name="[20] /home/travis/build/icyphy/ptII/ptolemy/domains/de/test/auto/DepthTest2.xml (RunModel)" time="0.015" />
  <testcase classname="ptolemy.util.test.junit.AutoTests" name="[21] /home/travis/build/icyphy/ptII/ptolemy/domains/de/test/auto/DepthTest3.xml (RunModel)" time="0.006" />
  <testcase classname="ptolemy.util.test.junit.AutoTests" name="[22] /home/travis/build/icyphy/ptII/ptolemy/domains/de/test/auto/DepthTest4.xml (RunModel)" time="0.01" />
  <testcase classname="ptolemy.util.test.junit.AutoTests" name="[23] /home/travis/build/icyphy/ptII/ptolemy/domains/de/test/auto/DepthTest5.xml (RunModel)" time="0.012" />
  <testcase classname="ptolemy.util.test.junit.AutoTests" name="[24] /home/travis/build/icyphy/ptII/ptolemy/domains/de/test/auto/DepthTest6.xml (RunModel)" time="0.012" />
  <testcase classname="ptolemy.util.test.junit.AutoTests" name="[25] /home/travis/build/icyphy/ptII/ptolemy/domains/de/test/auto/DepthTest7.xml (RunModel)" time="0.011" />
  <testcase classname="ptolemy.util.test.junit.AutoTests" name="[26] /home/travis/build/icyphy/ptII/ptolemy/domains/de/test/auto/EventToDate.xml (RunModel)" time="3.032" />
  <testcase classname="ptolemy.util.test.junit.AutoTests" name="[27] /home/travis/build/icyphy/ptII/ptolemy/domains/de/test/auto/FSM1.xml (RunModel)" time="0.034" />
  <testcase classname="ptolemy.util.test.junit.AutoTests" name="[28] /home/travis/build/icyphy/ptII/ptolemy/domains/de/test/auto/FSM7.xml (RunModel)" time="0.042" />
  <testcase classname="ptolemy.util.test.junit.AutoTests" name="[29] /home/travis/build/icyphy/ptII/ptolemy/domains/de/test/auto/Inspection.xml (RunModel)" time="0.044" />
  <testcase classname="ptolemy.util.test.junit.AutoTests" name="[30] /home/travis/build/icyphy/ptII/ptolemy/domains/de/test/auto/Iteration.xml (RunModel)" time="0.023" />
  <testcase classname="ptolemy.util.test.junit.AutoTests" name="[31] /home/travis/build/icyphy/ptII/ptolemy/domains/de/test/auto/LineFault.xml (RunModel)" time="0.499" />
  <testcase classname="ptolemy.util.test.junit.AutoTests" name="[32] /home/travis/build/icyphy/ptII/ptolemy/domains/de/test/auto/MergeModel1Add.xml (RunModel)" time="0.039" />
  <testcase classname="ptolemy.util.test.junit.AutoTests" name="[33] /home/travis/build/icyphy/ptII/ptolemy/domains/de/test/auto/MergeModel2Add.xml (RunModel)" time="0.033" />
  <testcase classname="ptolemy.util.test.junit.AutoTests" name="[34] /home/travis/build/icyphy/ptII/ptolemy/domains/de/test/auto/MergeModel3Add.xml (RunModel)" time="0.032" />
  <testcase classname="ptolemy.util.test.junit.AutoTests" name="[35] /home/travis/build/icyphy/ptII/ptolemy/domains/de/test/auto/MergeWithoutDiscard.xml (RunModel)" time="0.013" />
  <testcase classname="ptolemy.util.test.junit.AutoTests" name="[36] /home/travis/build/icyphy/ptII/ptolemy/domains/de/test/auto/Modal1.xml (RunModel)" time="0.024" />
  <testcase classname="ptolemy.util.test.junit.AutoTests" name="[37] /home/travis/build/icyphy/ptII/ptolemy/domains/de/test/auto/Modal2.xml (RunModel)" time="0.024" />
  <testcase classname="ptolemy.util.test.junit.AutoTests" name="[38] /home/travis/build/icyphy/ptII/ptolemy/domains/de/test/auto/Modal3.xml (RunModel)" time="0.026" />
  <testcase classname="ptolemy.util.test.junit.AutoTests" name="[39] /home/travis/build/icyphy/ptII/ptolemy/domains/de/test/auto/Modal4.xml (RunModel)" time="0.026" />
  <testcase classname="ptolemy.util.test.junit.AutoTests" name="[40] /home/travis/build/icyphy/ptII/ptolemy/domains/de/test/auto/Modal5.xml (RunModel)" time="0.026" />
  <testcase classname="ptolemy.util.test.junit.AutoTests" name="[41] /home/travis/build/icyphy/ptII/ptolemy/domains/de/test/auto/Modal6.xml (RunModel)" time="0.024" />
  <testcase classname="ptolemy.util.test.junit.AutoTests" name="[42] /home/travis/build/icyphy/ptII/ptolemy/domains/de/test/auto/Modal7.xml (RunModel)" time="0.025" />
  <testcase classname="ptolemy.util.test.junit.AutoTests" name="[43] /home/travis/build/icyphy/ptII/ptolemy/domains/de/test/auto/ModalModel.xml (RunModel)" time="0.129" />
  <testcase classname="ptolemy.util.test.junit.AutoTests" name="[44] /home/travis/build/icyphy/ptII/ptolemy/domains/de/test/auto/ModalSource.xml (RunModel)" time="0.015" />
  <testcase classname="ptolemy.util.test.junit.AutoTests" name="[45] /home/travis/build/icyphy/ptII/ptolemy/domains/de/test/auto/NonInterruptibleTimerZeroDelay.xml (RunModel)" time="0.009" />
  <testcase classname="ptolemy.util.test.junit.AutoTests" name="[46] /home/travis/build/icyphy/ptII/ptolemy/domains/de/test/auto/OpenQueueingNetwork.xml (RunModel)" time="2.121" />
  <testcase classname="ptolemy.util.test.junit.AutoTests" name="[47] /home/travis/build/icyphy/ptII/ptolemy/domains/de/test/auto/OpenQueuingNetwork.xml (RunModel)" time="0.263" />
  <testcase classname="ptolemy.util.test.junit.AutoTests" name="[48] /home/travis/build/icyphy/ptII/ptolemy/domains/de/test/auto/PeriodicSampler.xml (RunModel)" time="0.007" />
  <testcase classname="ptolemy.util.test.junit.AutoTests" name="[49] /home/travis/build/icyphy/ptII/ptolemy/domains/de/test/auto/PersistentIO.xml (RunModel)" time="0.016" />
  <testcase classname="ptolemy.util.test.junit.AutoTests" name="[50] /home/travis/build/icyphy/ptII/ptolemy/domains/de/test/auto/PortParameterResetOnInitialize.xml (RunModel)" time="0.008" />
  <testcase classname="ptolemy.util.test.junit.AutoTests" name="[51] /home/travis/build/icyphy/ptII/ptolemy/domains/de/test/auto/PortParameterUpdates.xml (RunModel)" time="0.012" />
  <testcase classname="ptolemy.util.test.junit.AutoTests" name="[52] /home/travis/build/icyphy/ptII/ptolemy/domains/de/test/auto/QueueAndServer.xml (RunModel)" time="0.019" />
  <testcase classname="ptolemy.util.test.junit.AutoTests" name="[53] /home/travis/build/icyphy/ptII/ptolemy/domains/de/test/auto/Records.xml (RunModel)" time="0.013" />
  <testcase classname="ptolemy.util.test.junit.AutoTests" name="[54] /home/travis/build/icyphy/ptII/ptolemy/domains/de/test/auto/ResetTransitionWithStartTime1.xml (RunModel)" time="0.027" />
  <testcase classname="ptolemy.util.test.junit.AutoTests" name="[55] /home/travis/build/icyphy/ptII/ptolemy/domains/de/test/auto/ResetTransitionWithStartTime2.xml (RunModel)" time="0.019" />
  <testcase classname="ptolemy.util.test.junit.AutoTests" name="[56] /home/travis/build/icyphy/ptII/ptolemy/domains/de/test/auto/ResetTransitionWithStartTime3.xml (RunModel)" time="0.02" />
  <testcase classname="ptolemy.util.test.junit.AutoTests" name="[57] /home/travis/build/icyphy/ptII/ptolemy/domains/de/test/auto/ResetTransitionWithStartTime4.xml (RunModel)" time="0.018" />
  <testcase classname="ptolemy.util.test.junit.AutoTests" name="[58] /home/travis/build/icyphy/ptII/ptolemy/domains/de/test/auto/ResettableTimer1.xml (RunModel)" time="0.009" />
  <testcase classname="ptolemy.util.test.junit.AutoTests" name="[59] /home/travis/build/icyphy/ptII/ptolemy/domains/de/test/auto/ResettableTimer2.xml (RunModel)" time="0.009" />
  <testcase classname="ptolemy.util.test.junit.AutoTests" name="[60] /home/travis/build/icyphy/ptII/ptolemy/domains/de/test/auto/ResettableTimer3.xml (RunModel)" time="0.008" />
  <testcase classname="ptolemy.util.test.junit.AutoTests" name="[61] /home/travis/build/icyphy/ptII/ptolemy/domains/de/test/auto/ResettableTimer4.xml (RunModel)" time="0.008" />
  <testcase classname="ptolemy.util.test.junit.AutoTests" name="[62] /home/travis/build/icyphy/ptII/ptolemy/domains/de/test/auto/ResettableTimer5.xml (RunModel)" time="0.009" />
  <testcase classname="ptolemy.util.test.junit.AutoTests" name="[63] /home/travis/build/icyphy/ptII/ptolemy/domains/de/test/auto/ResettableTimer6.xml (RunModel)" time="0.018" />
  <testcase classname="ptolemy.util.test.junit.AutoTests" name="[64] /home/travis/build/icyphy/ptII/ptolemy/domains/de/test/auto/ServerZeroDelay.xml (RunModel)" time="0.01" />
  <testcase classname="ptolemy.util.test.junit.AutoTests" name="[65] /home/travis/build/icyphy/ptII/ptolemy/domains/de/test/auto/SmartSender.xml (RunModel)" time="3.008" />
  <testcase classname="ptolemy.util.test.junit.AutoTests" name="[66] /home/travis/build/icyphy/ptII/ptolemy/domains/de/test/auto/ThreadedComposite.xml (RunModel)" time="0.113" />
  <testcase classname="ptolemy.util.test.junit.AutoTests" name="[67] /home/travis/build/icyphy/ptII/ptolemy/domains/de/test/auto/Time.xml (RunModel)" time="0.397" />
  <testcase classname="ptolemy.util.test.junit.AutoTests" name="[68] /home/travis/build/icyphy/ptII/ptolemy/domains/de/test/auto/TimeDelayZeroDelay.xml (RunModel)" time="0.016" />
  <testcase classname="ptolemy.util.test.junit.AutoTests" name="[69] /home/travis/build/icyphy/ptII/ptolemy/domains/de/test/auto/TimerZeroDelay.xml (RunModel)" time="0.012" />
  <testcase classname="ptolemy.util.test.junit.AutoTests" name="[70] /home/travis/build/icyphy/ptII/ptolemy/domains/de/test/auto/TimingParadox.xml (RunModel)" time="0.321" />
  <testcase classname="ptolemy.util.test.junit.AutoTests" name="[71] /home/travis/build/icyphy/ptII/ptolemy/domains/de/test/auto/TransferInputs.xml (RunModel)" time="0.008" />
  <testcase classname="ptolemy.util.test.junit.AutoTests" name="[72] /home/travis/build/icyphy/ptII/ptolemy/domains/de/test/auto/TransferOutputs2.xml (RunModel)" time="0.014" />
  <testcase classname="ptolemy.util.test.junit.AutoTests" name="[73] /home/travis/build/icyphy/ptII/ptolemy/domains/de/test/auto/Trilateration.xml (RunModel)" time="11.644" />
  <testcase classname="ptolemy.util.test.junit.AutoTests" name="[74] /home/travis/build/icyphy/ptII/ptolemy/domains/de/test/auto/TwoSigmaDelta.xml (RunModel)" time="2.048" />
  <testcase classname="ptolemy.util.test.junit.AutoTests" name="[75] /home/travis/build/icyphy/ptII/ptolemy/domains/de/test/auto/VariableDelay.xml (RunModel)" time="0.016" />
  <testcase classname="ptolemy.util.test.junit.AutoTests" name="[76] /home/travis/build/icyphy/ptII/ptolemy/domains/de/test/auto/VariableDelay2.xml (RunModel)" time="0.014" />
  <testcase classname="ptolemy.util.test.junit.AutoTests" name="[77] /home/travis/build/icyphy/ptII/ptolemy/domains/de/test/auto/VariableDelayZeroDelay.xml (RunModel)" time="0.011" />
  <testcase classname="ptolemy.util.test.junit.AutoTests" name="[78] /home/travis/build/icyphy/ptII/ptolemy/domains/de/test/auto/VariableDelayZeroDelay2.xml (RunModel)" time="0.009" />
  <testcase classname="ptolemy.util.test.junit.AutoTests" name="[79] /home/travis/build/icyphy/ptII/ptolemy/domains/de/test/auto/deInCt.xml (RunModel)" time="0.013" />
  <testcase classname="ptolemy.util.test.junit.AutoTests" name="[80] /home/travis/build/icyphy/ptII/ptolemy/domains/de/test/auto/deInCt2.xml (RunModel)" time="0.019" />
  <testcase classname="ptolemy.util.test.junit.AutoTests" name="[81] /home/travis/build/icyphy/ptII/ptolemy/domains/de/test/auto/dynamicCausalityInterface1.xml (RunModel)" time="0.016" />
  <testcase classname="ptolemy.util.test.junit.AutoTests" name="[82] /home/travis/build/icyphy/ptII/ptolemy/domains/de/test/auto/fsm_de_test.xml (RunModel)" time="0.026" />
  <testcase classname="ptolemy.util.test.junit.AutoTests" name="[83] /home/travis/build/icyphy/ptII/ptolemy/domains/de/test/auto/functionDependencyReconstruction.xml (RunModel)" time="0.031" />
  <testcase classname="ptolemy.util.test.junit.AutoTests" name="[84] /home/travis/build/icyphy/ptII/ptolemy/domains/de/test/auto/multirate.xml (RunModel)" time="0.015" />
  <testcase classname="ptolemy.util.test.junit.AutoTests" name="[85] /home/travis/build/icyphy/ptII/ptolemy/domains/de/test/auto/multirate2.xml (RunModel)" time="0.016" />
  <testcase classname="ptolemy.util.test.junit.AutoTests" name="[86] /home/travis/build/icyphy/ptII/ptolemy/domains/de/test/auto/realtime.xml (RunModel)" time="10.009" />
  <testcase classname="ptolemy.util.test.junit.AutoTests" name="[87] /home/travis/build/icyphy/ptII/ptolemy/domains/de/test/auto/relationGroup.xml (RunModel)" time="0.014" />
  <testcase classname="ptolemy.util.test.junit.AutoTests" name="[88] /home/travis/build/icyphy/ptII/ptolemy/domains/de/test/auto/relationGroup2.xml (RunModel)" time="0.009" />
  <testcase classname="ptolemy.util.test.junit.AutoTests" name="[89] /home/travis/build/icyphy/ptII/ptolemy/domains/de/test/auto/sortWithOpaquePorts.xml (RunModel)" time="0.015" />
  <testcase classname="ptolemy.util.test.junit.AutoTests" name="[90] /home/travis/build/icyphy/ptII/ptolemy/domains/de/test/auto/transferInputsandOutputs.xml (RunModel)" time="0.02" />
  <testcase classname="ptolemy.util.test.junit.AutoTests" name="[91] /home/travis/build/icyphy/ptII/ptolemy/domains/de/test/auto/triggerType.xml (RunModel)" time="0.008" />
  <system-out><![CDATA[/home/travis/build/icyphy/ptII/ptolemy/domains/de/test/DependencyLoop.tcl
testDefs.tcl: setting time out to 9000 seconds at Wed May 23 16:42:48 UTC 2018
32 ms. Memory: 116224K Free: 95101K (82%)
6 ms. Memory: 146944K Free: 137836K (94%)
/home/travis/build/icyphy/ptII/ptolemy/domains/de/test/RunDETestsAsQSS.tcl
Run the DE tests using ptolemy.domains.qss.test.QSSDirectorTest, which extends QSSDirector and prints a message in the constructors.
------------------ testing $PTII/ptolemy/domains/de/test/auto/knownFailedTests/dependencyLoop.xml (Known Failure) 
11 ms. Memory: 146944K Free: 133562K (91%)


==== $PTIIhome/travis/build/icyphy/ptII/ptolemy/domains/de/test/../../../../: Auto Automatic test in file $PTII/ptolemy/domains/de/test/auto/knownFailedTests/dependencyLoop.xml
==== Contents of test case:

	    # FIXME: we should use $relativeFilename here, but it
	    # might have backslashes under Windows, which causes no end
	    # of trouble.
	    createAndExecute $file
	    list {}
	
.... Test generated KNOWN error:
    while executing
ptolemy.kernel.util.IllegalActionException: Found a zero delay loop containing .dependencyLoop.original
  in .dependencyLoop and .dependencyLoop.original
	at ptolemy.actor.util.CausalityInterfaceForComposites._computeOutputPortDepth(CausalityInterfaceForComposites.java:759)
	at ptolemy.actor.util.CausalityInterfaceForComposites._computeInputDepth(CausalityInterfaceForComposites.java:696)
	at ptolemy.actor.util.CausalityInterfaceForComposites._computeOutputPortDepth(CausalityInterfaceForComposites.java:765)
	at ptolemy.actor.util.CausalityInterfaceForComposites._computeInputDepth(CausalityInterfaceForComposites.java:696)
	at ptolemy.actor.util.CausalityInterfaceForComposites._computeOutputPortDepth(CausalityInterfaceForComposites.java:765)
	at ptolemy.actor.util.CausalityInterfaceForComposites._computeInputDepth(CausalityInterfaceForComposites.java:696)
	at ptolemy.actor.util.CausalityInterfaceForComposites._computeActorDepth(CausalityInterfaceForComposites.java:532)
	at ptolemy.actor.util.CausalityInterfaceForComposites.checkForCycles(CausalityInterfaceForComposites.java:96)
	at ptolemy.domains.de.kernel.DEDirector.preinitialize(DEDirector.java:1337)
	at ptolemy.actor.CompositeActor.preinitialize(CompositeActor.java:1828)
	at ptolemy.actor.Manager.preinitializeAndResolveTypes(Manager.java:1040)
	at ptolemy.actor.Manager.initialize(Manager.java:710)
	at ptolemy.actor.Manager.execute(Manager.java:356)
	at ptolemy.actor.Manager.run(Manager.java:1263)
	at ptolemy.actor.Manager$PtolemyRunThread.run(Manager.java:1915)

    while executing
ptolemy.kernel.util.IllegalActionException: Found a zero delay loop containing .dependencyLoop.original
  in .dependencyLoop and .dependencyLoop.original
    while executing
"java::new ptolemy.moml.MoMLSimpleApplication $file
"
    (procedure "createAndExecute" line 2)
    invoked from within
"createAndExecute $file"
    ("uplevel" body line 5)
    invoked from within
"uplevel $contents_of_test"
------------------ testing $PTII/ptolemy/domains/de/test/auto/knownFailedTests/DESDFClockTest.xml (Known Failure) 
2057 ms. Memory: 146944K Free: 117738K (80%)


==== $PTIIhome/travis/build/icyphy/ptII/ptolemy/domains/de/test/../../../../: Auto Automatic test in file $PTII/ptolemy/domains/de/test/auto/knownFailedTests/DESDFClockTest.xml
==== Contents of test case:

	    # FIXME: we should use $relativeFilename here, but it
	    # might have backslashes under Windows, which causes no end
	    # of trouble.
	    createAndExecute $file
	    list {}
	
.... Test generated KNOWN error:
    while executing
ptolemy.kernel.util.IllegalActionException: Actor is not ready to fire.  Perhaps UpSample.prefire() returned false? Try debugging the actor by selecting "Listen to Actor".  Also, for SDF check moml for tokenConsumptionRate on input.
  in .DESDFClockTest.Play Bell.Copy1:SDF Director and .DESDFClockTest.Play Bell.UpSample
	at ptolemy.actor.sched.StaticSchedulingDirector.fire(StaticSchedulingDirector.java:227)
	at ptolemy.domains.sdf.kernel.SDFDirector.fire(SDFDirector.java:500)
	at ptolemy.actor.CompositeActor.fire(CompositeActor.java:455)
	at ptolemy.domains.de.kernel.DEDirector._fire(DEDirector.java:1948)
	at ptolemy.domains.de.kernel.DEDirector.fire(DEDirector.java:502)
	at ptolemy.actor.CompositeActor.fire(CompositeActor.java:455)
	at ptolemy.actor.Manager.iterate(Manager.java:851)
	at ptolemy.actor.Manager.execute(Manager.java:369)
	at ptolemy.actor.Manager.run(Manager.java:1263)
	at ptolemy.actor.Manager$PtolemyRunThread.run(Manager.java:1915)

    while executing
ptolemy.kernel.util.IllegalActionException: Actor is not ready to fire.  Perhaps UpSample.prefire() returned false? Try debugging the actor by selecting "Listen to Actor".  Also, for SDF check moml for tokenConsumptionRate on input.
  in .DESDFClockTest.Play Bell.Copy1:SDF Director and .DESDFClockTest.Play Bell.UpSample
    while executing
"java::new ptolemy.moml.MoMLSimpleApplication $file
"
    (procedure "createAndExecute" line 2)
    invoked from within
"createAndExecute $file"
    ("uplevel" body line 5)
    invoked from within
"uplevel $contents_of_test"
------------------ testing $PTII/ptolemy/domains/de/test/auto/knownFailedTests/FSMSource.xml (Known Failure) 
34 ms. Memory: 146944K Free: 108213K (74%)
!!!! Auto was marked as failing, but now passes
------------------ testing $PTII/ptolemy/domains/de/test/auto/knownFailedTests/dependencyLoop2.xml (Known Failure) 
5 ms. Memory: 146944K Free: 106354K (72%)


==== $PTIIhome/travis/build/icyphy/ptII/ptolemy/domains/de/test/../../../../: Auto Automatic test in file $PTII/ptolemy/domains/de/test/auto/knownFailedTests/dependencyLoop2.xml
==== Contents of test case:

	    # FIXME: we should use $relativeFilename here, but it
	    # might have backslashes under Windows, which causes no end
	    # of trouble.
	    createAndExecute $file
	    list {}
	
.... Test generated KNOWN error:
    while executing
ptolemy.kernel.util.IllegalActionException: Found a zero delay loop containing .dependencyLoop2.original
  in .dependencyLoop2 and .dependencyLoop2.original
	at ptolemy.actor.util.CausalityInterfaceForComposites._computeOutputPortDepth(CausalityInterfaceForComposites.java:759)
	at ptolemy.actor.util.CausalityInterfaceForComposites._computeInputDepth(CausalityInterfaceForComposites.java:696)
	at ptolemy.actor.util.CausalityInterfaceForComposites._computeOutputPortDepth(CausalityInterfaceForComposites.java:765)
	at ptolemy.actor.util.CausalityInterfaceForComposites._computeInputDepth(CausalityInterfaceForComposites.java:696)
	at ptolemy.actor.util.CausalityInterfaceForComposites._computeOutputPortDepth(CausalityInterfaceForComposites.java:765)
	at ptolemy.actor.util.CausalityInterfaceForComposites._computeInputDepth(CausalityInterfaceForComposites.java:696)
	at ptolemy.actor.util.CausalityInterfaceForComposites._computeActorDepth(CausalityInterfaceForComposites.java:532)
	at ptolemy.actor.util.CausalityInterfaceForComposites.checkForCycles(CausalityInterfaceForComposites.java:96)
	at ptolemy.domains.de.kernel.DEDirector.preinitialize(DEDirector.java:1337)
	at ptolemy.actor.CompositeActor.preinitialize(CompositeActor.java:1828)
	at ptolemy.actor.Manager.preinitializeAndResolveTypes(Manager.java:1040)
	at ptolemy.actor.Manager.initialize(Manager.java:710)
	at ptolemy.actor.Manager.execute(Manager.java:356)
	at ptolemy.actor.Manager.run(Manager.java:1263)
	at ptolemy.actor.Manager$PtolemyRunThread.run(Manager.java:1915)

    while executing
ptolemy.kernel.util.IllegalActionException: Found a zero delay loop containing .dependencyLoop2.original
  in .dependencyLoop2 and .dependencyLoop2.original
    while executing
"java::new ptolemy.moml.MoMLSimpleApplication $file
"
    (procedure "createAndExecute" line 2)
    invoked from within
"createAndExecute $file"
    ("uplevel" body line 5)
    invoked from within
"uplevel $contents_of_test"
------------------ testing $PTII/ptolemy/domains/de/test/auto/knownFailedTests/HierarchicalModel.xml (Known Failure) 
5 ms. Memory: 146944K Free: 85844K (58%)


==== $PTIIhome/travis/build/icyphy/ptII/ptolemy/domains/de/test/../../../../: Auto Automatic test in file $PTII/ptolemy/domains/de/test/auto/knownFailedTests/HierarchicalModel.xml
==== Contents of test case:

	    # FIXME: we should use $relativeFilename here, but it
	    # might have backslashes under Windows, which causes no end
	    # of trouble.
	    createAndExecute $file
	    list {}
	
.... Test generated KNOWN error:
    while executing
ptolemy.kernel.util.IllegalActionException: Found a zero delay loop containing .HierarchicalModel.A
  in .HierarchicalModel and .HierarchicalModel.A
	at ptolemy.actor.util.CausalityInterfaceForComposites._computeOutputPortDepth(CausalityInterfaceForComposites.java:759)
	at ptolemy.actor.util.CausalityInterfaceForComposites._computeInputDepth(CausalityInterfaceForComposites.java:696)
	at ptolemy.actor.util.CausalityInterfaceForComposites._computeOutputPortDepth(CausalityInterfaceForComposites.java:765)
	at ptolemy.actor.util.CausalityInterfaceForComposites._computeInputDepth(CausalityInterfaceForComposites.java:696)
	at ptolemy.actor.util.CausalityInterfaceForComposites._computeOutputPortDepth(CausalityInterfaceForComposites.java:765)
	at ptolemy.actor.util.CausalityInterfaceForComposites._computeInputDepth(CausalityInterfaceForComposites.java:696)
	at ptolemy.actor.util.CausalityInterfaceForComposites._computeActorDepth(CausalityInterfaceForComposites.java:532)
	at ptolemy.actor.util.CausalityInterfaceForComposites.checkForCycles(CausalityInterfaceForComposites.java:96)
	at ptolemy.domains.de.kernel.DEDirector.preinitialize(DEDirector.java:1337)
	at ptolemy.actor.CompositeActor.preinitialize(CompositeActor.java:1828)
	at ptolemy.actor.Manager.preinitializeAndResolveTypes(Manager.java:1040)
	at ptolemy.actor.Manager.initialize(Manager.java:710)
	at ptolemy.actor.Manager.execute(Manager.java:356)
	at ptolemy.actor.Manager.run(Manager.java:1263)
	at ptolemy.actor.Manager$PtolemyRunThread.run(Manager.java:1915)

    while executing
ptolemy.kernel.util.IllegalActionException: Found a zero delay loop containing .HierarchicalModel.A
  in .HierarchicalModel and .HierarchicalModel.A
    while executing
"java::new ptolemy.moml.MoMLSimpleApplication $file
"
    (procedure "createAndExecute" line 2)
    invoked from within
"createAndExecute $file"
    ("uplevel" body line 5)
    invoked from within
"uplevel $contents_of_test"
------------------ testing $PTII/ptolemy/domains/de/test/auto/knownFailedTests/DirectFeedback.xml (Known Failure) 
17 ms. Memory: 146944K Free: 142889K (97%)


==== $PTIIhome/travis/build/icyphy/ptII/ptolemy/domains/de/test/../../../../: Auto Automatic test in file $PTII/ptolemy/domains/de/test/auto/knownFailedTests/DirectFeedback.xml
==== Contents of test case:

	    # FIXME: we should use $relativeFilename here, but it
	    # might have backslashes under Windows, which causes no end
	    # of trouble.
	    createAndExecute $file
	    list {}
	
.... Test generated KNOWN error:
    while executing
ptolemy.kernel.util.IllegalActionException: Test fails in iteration 1.
Value was: 1.0. Should have been: 2.0
  in .DirectFeedback.Test
	at ptolemy.actor.lib.Test.fire(Test.java:268)
	at ptolemy.domains.de.kernel.DEDirector._fire(DEDirector.java:1948)
	at ptolemy.domains.de.kernel.DEDirector.fire(DEDirector.java:502)
	at ptolemy.actor.CompositeActor.fire(CompositeActor.java:455)
	at ptolemy.actor.Manager.iterate(Manager.java:851)
	at ptolemy.actor.Manager.execute(Manager.java:369)
	at ptolemy.actor.Manager.run(Manager.java:1263)
	at ptolemy.actor.Manager$PtolemyRunThread.run(Manager.java:1915)

    while executing
ptolemy.kernel.util.IllegalActionException: Test fails in iteration 1.
Value was: 1.0. Should have been: 2.0
  in .DirectFeedback.Test
    while executing
"java::new ptolemy.moml.MoMLSimpleApplication $file
"
    (procedure "createAndExecute" line 2)
    invoked from within
"createAndExecute $file"
    ("uplevel" body line 5)
    invoked from within
"uplevel $contents_of_test"
------------------ testing $PTII/ptolemy/domains/de/test/auto/ActorDepthCalculation_actorWithoutPorts.xml
auto.tcl: Setting watchdog for 200 seconds at Wed May 23 16:42:51 UTC 2018
4 ms. Memory: 146944K Free: 134195K (91%)
ptolemy.util.test.WatchDog.cancel(): canceling Wed May 23 16:42:51 UTC 2018
auto.tcl: Setting watchdog for 200 seconds at Wed May 23 16:42:51 UTC 2018
3 ms. Memory: 146944K Free: 132148K (90%)
ptolemy.util.test.WatchDog.cancel(): canceling Wed May 23 16:42:51 UTC 2018
------------------ testing $PTII/ptolemy/domains/de/test/auto/AssemblyLine.xml
auto.tcl: Setting watchdog for 200 seconds at Wed May 23 16:42:52 UTC 2018
31 ms. Memory: 208384K Free: 183181K (88%)
ptolemy.util.test.WatchDog.cancel(): canceling Wed May 23 16:42:52 UTC 2018
auto.tcl: Setting watchdog for 200 seconds at Wed May 23 16:42:52 UTC 2018
6 ms. Memory: 208384K Free: 183181K (88%)
ptolemy.util.test.WatchDog.cancel(): canceling Wed May 23 16:42:52 UTC 2018
------------------ testing $PTII/ptolemy/domains/de/test/auto/CQBug1.xml
auto.tcl: Setting watchdog for 200 seconds at Wed May 23 16:42:52 UTC 2018
5 ms. Memory: 208384K Free: 197680K (95%)
ptolemy.util.test.WatchDog.cancel(): canceling Wed May 23 16:42:52 UTC 2018
auto.tcl: Setting watchdog for 200 seconds at Wed May 23 16:42:52 UTC 2018
2 ms. Memory: 208384K Free: 197680K (95%)
ptolemy.util.test.WatchDog.cancel(): canceling Wed May 23 16:42:52 UTC 2018
------------------ testing $PTII/ptolemy/domains/de/test/auto/CancelFireAt.xml
auto.tcl: Setting watchdog for 200 seconds at Wed May 23 16:42:52 UTC 2018
3 ms. Memory: 208384K Free: 201418K (97%)
ptolemy.util.test.WatchDog.cancel(): canceling Wed May 23 16:42:52 UTC 2018
auto.tcl: Setting watchdog for 200 seconds at Wed May 23 16:42:52 UTC 2018
4 ms. Memory: 208384K Free: 198963K (95%)
ptolemy.util.test.WatchDog.cancel(): canceling Wed May 23 16:42:52 UTC 2018
------------------ testing $PTII/ptolemy/domains/de/test/auto/CausalityAndComposabilityAnalysis.xml
auto.tcl: Setting watchdog for 200 seconds at Wed May 23 16:42:52 UTC 2018
7 ms. Memory: 208384K Free: 198560K (95%)
ptolemy.util.test.WatchDog.cancel(): canceling Wed May 23 16:42:52 UTC 2018
auto.tcl: Setting watchdog for 200 seconds at Wed May 23 16:42:52 UTC 2018
9 ms. Memory: 208384K Free: 196443K (94%)
ptolemy.util.test.WatchDog.cancel(): canceling Wed May 23 16:42:52 UTC 2018
------------------ testing $PTII/ptolemy/domains/de/test/auto/CausalityInterface1.xml
auto.tcl: Setting watchdog for 200 seconds at Wed May 23 16:42:52 UTC 2018
14 ms. Memory: 208384K Free: 196380K (94%)
ptolemy.util.test.WatchDog.cancel(): canceling Wed May 23 16:42:52 UTC 2018
auto.tcl: Setting watchdog for 200 seconds at Wed May 23 16:42:52 UTC 2018
3 ms. Memory: 208384K Free: 196380K (94%)
ptolemy.util.test.WatchDog.cancel(): canceling Wed May 23 16:42:52 UTC 2018
------------------ testing $PTII/ptolemy/domains/de/test/auto/CausalityInterface15.xml
auto.tcl: Setting watchdog for 200 seconds at Wed May 23 16:42:52 UTC 2018
5 ms. Memory: 208384K Free: 196371K (94%)
ptolemy.util.test.WatchDog.cancel(): canceling Wed May 23 16:42:52 UTC 2018
auto.tcl: Setting watchdog for 200 seconds at Wed May 23 16:42:52 UTC 2018
4 ms. Memory: 208384K Free: 196371K (94%)
ptolemy.util.test.WatchDog.cancel(): canceling Wed May 23 16:42:52 UTC 2018
------------------ testing $PTII/ptolemy/domains/de/test/auto/CausalityInterface2.xml
auto.tcl: Setting watchdog for 200 seconds at Wed May 23 16:42:52 UTC 2018
4 ms. Memory: 208384K Free: 196355K (94%)
ptolemy.util.test.WatchDog.cancel(): canceling Wed May 23 16:42:52 UTC 2018
auto.tcl: Setting watchdog for 200 seconds at Wed May 23 16:42:52 UTC 2018
3 ms. Memory: 208384K Free: 196355K (94%)
ptolemy.util.test.WatchDog.cancel(): canceling Wed May 23 16:42:52 UTC 2018
------------------ testing $PTII/ptolemy/domains/de/test/auto/CausalityInterface3.xml
auto.tcl: Setting watchdog for 200 seconds at Wed May 23 16:42:52 UTC 2018
3 ms. Memory: 208384K Free: 196366K (94%)
ptolemy.util.test.WatchDog.cancel(): canceling Wed May 23 16:42:52 UTC 2018
auto.tcl: Setting watchdog for 200 seconds at Wed May 23 16:42:52 UTC 2018
4 ms. Memory: 208384K Free: 196366K (94%)
ptolemy.util.test.WatchDog.cancel(): canceling Wed May 23 16:42:52 UTC 2018
------------------ testing $PTII/ptolemy/domains/de/test/auto/ClockDrift.xml
auto.tcl: Setting watchdog for 200 seconds at Wed May 23 16:42:52 UTC 2018
67 ms. Memory: 208384K Free: 187546K (90%)
ptolemy.util.test.WatchDog.cancel(): canceling Wed May 23 16:42:53 UTC 2018
auto.tcl: Setting watchdog for 200 seconds at Wed May 23 16:42:53 UTC 2018
33 ms. Memory: 208384K Free: 185429K (89%)
ptolemy.util.test.WatchDog.cancel(): canceling Wed May 23 16:42:53 UTC 2018
------------------ testing $PTII/ptolemy/domains/de/test/auto/ClockDriftAndValueChange.xml
auto.tcl: Setting watchdog for 200 seconds at Wed May 23 16:42:53 UTC 2018
52 ms. Memory: 208384K Free: 187385K (90%)
ptolemy.util.test.WatchDog.cancel(): canceling Wed May 23 16:42:53 UTC 2018
auto.tcl: Setting watchdog for 200 seconds at Wed May 23 16:42:53 UTC 2018
36 ms. Memory: 208384K Free: 185267K (89%)
ptolemy.util.test.WatchDog.cancel(): canceling Wed May 23 16:42:53 UTC 2018
------------------ testing $PTII/ptolemy/domains/de/test/auto/ClockDriftChange.xml
auto.tcl: Setting watchdog for 200 seconds at Wed May 23 16:42:53 UTC 2018
33 ms. Memory: 208384K Free: 190728K (92%)
ptolemy.util.test.WatchDog.cancel(): canceling Wed May 23 16:42:53 UTC 2018
auto.tcl: Setting watchdog for 200 seconds at Wed May 23 16:42:53 UTC 2018
25 ms. Memory: 208384K Free: 188611K (91%)
ptolemy.util.test.WatchDog.cancel(): canceling Wed May 23 16:42:53 UTC 2018
------------------ testing $PTII/ptolemy/domains/de/test/auto/ComposableCausalityAnalysis.xml
auto.tcl: Setting watchdog for 200 seconds at Wed May 23 16:42:53 UTC 2018
2 ms. Memory: 208384K Free: 196228K (94%)
ptolemy.util.test.WatchDog.cancel(): canceling Wed May 23 16:42:53 UTC 2018
auto.tcl: Setting watchdog for 200 seconds at Wed May 23 16:42:53 UTC 2018
1 ms. Memory: 208384K Free: 194111K (93%)
ptolemy.util.test.WatchDog.cancel(): canceling Wed May 23 16:42:53 UTC 2018
------------------ testing $PTII/ptolemy/domains/de/test/auto/DEFixedPointLimitation.xml
auto.tcl: Setting watchdog for 200 seconds at Wed May 23 16:42:53 UTC 2018
6 ms. Memory: 208384K Free: 198426K (95%)
ptolemy.util.test.WatchDog.cancel(): canceling Wed May 23 16:42:53 UTC 2018
auto.tcl: Setting watchdog for 200 seconds at Wed May 23 16:42:53 UTC 2018
2 ms. Memory: 208384K Free: 196309K (94%)
ptolemy.util.test.WatchDog.cancel(): canceling Wed May 23 16:42:53 UTC 2018
------------------ testing $PTII/ptolemy/domains/de/test/auto/DEScheduleTest.xml
auto.tcl: Setting watchdog for 200 seconds at Wed May 23 16:42:53 UTC 2018
4 ms. Memory: 208384K Free: 198799K (95%)
ptolemy.util.test.WatchDog.cancel(): canceling Wed May 23 16:42:53 UTC 2018
auto.tcl: Setting watchdog for 200 seconds at Wed May 23 16:42:53 UTC 2018
3 ms. Memory: 208384K Free: 196344K (94%)
ptolemy.util.test.WatchDog.cancel(): canceling Wed May 23 16:42:53 UTC 2018
------------------ testing $PTII/ptolemy/domains/de/test/auto/DEinDEwithStartTimes.xml
auto.tcl: Setting watchdog for 200 seconds at Wed May 23 16:42:53 UTC 2018
5 ms. Memory: 208384K Free: 196313K (94%)
ptolemy.util.test.WatchDog.cancel(): canceling Wed May 23 16:42:53 UTC 2018
auto.tcl: Setting watchdog for 200 seconds at Wed May 23 16:42:53 UTC 2018
3 ms. Memory: 208384K Free: 194196K (93%)
ptolemy.util.test.WatchDog.cancel(): canceling Wed May 23 16:42:53 UTC 2018
------------------ testing $PTII/ptolemy/domains/de/test/auto/DEinDEwithStartTimes2.xml
auto.tcl: Setting watchdog for 200 seconds at Wed May 23 16:42:53 UTC 2018
7 ms. Memory: 208384K Free: 196293K (94%)
ptolemy.util.test.WatchDog.cancel(): canceling Wed May 23 16:42:53 UTC 2018
auto.tcl: Setting watchdog for 200 seconds at Wed May 23 16:42:53 UTC 2018
4 ms. Memory: 208384K Free: 194176K (93%)
ptolemy.util.test.WatchDog.cancel(): canceling Wed May 23 16:42:53 UTC 2018
------------------ testing $PTII/ptolemy/domains/de/test/auto/DateDemo.xml
auto.tcl: Setting watchdog for 200 seconds at Wed May 23 16:42:54 UTC 2018
9 ms. Memory: 208384K Free: 188670K (91%)
ptolemy.util.test.WatchDog.cancel(): canceling Wed May 23 16:42:54 UTC 2018
auto.tcl: Setting watchdog for 200 seconds at Wed May 23 16:42:54 UTC 2018
11 ms. Memory: 208384K Free: 186553K (90%)
ptolemy.util.test.WatchDog.cancel(): canceling Wed May 23 16:42:54 UTC 2018
------------------ testing $PTII/ptolemy/domains/de/test/auto/DateToEvent.xml
auto.tcl: Setting watchdog for 200 seconds at Wed May 23 16:42:54 UTC 2018
2018 ms. Memory: 208384K Free: 183324K (88%)
ptolemy.util.test.WatchDog.cancel(): canceling Wed May 23 16:42:56 UTC 2018
auto.tcl: Setting watchdog for 200 seconds at Wed May 23 16:42:56 UTC 2018
2004 ms. Memory: 208384K Free: 183324K (88%)
ptolemy.util.test.WatchDog.cancel(): canceling Wed May 23 16:42:58 UTC 2018
------------------ testing $PTII/ptolemy/domains/de/test/auto/DepthTest1.xml
auto.tcl: Setting watchdog for 200 seconds at Wed May 23 16:42:58 UTC 2018
3 ms. Memory: 208384K Free: 197989K (95%)
ptolemy.util.test.WatchDog.cancel(): canceling Wed May 23 16:42:58 UTC 2018
auto.tcl: Setting watchdog for 200 seconds at Wed May 23 16:42:58 UTC 2018
5 ms. Memory: 208384K Free: 197989K (95%)
ptolemy.util.test.WatchDog.cancel(): canceling Wed May 23 16:42:58 UTC 2018
------------------ testing $PTII/ptolemy/domains/de/test/auto/DepthTest2.xml
auto.tcl: Setting watchdog for 200 seconds at Wed May 23 16:42:58 UTC 2018
8 ms. Memory: 208384K Free: 194156K (93%)
ptolemy.util.test.WatchDog.cancel(): canceling Wed May 23 16:42:58 UTC 2018
auto.tcl: Setting watchdog for 200 seconds at Wed May 23 16:42:58 UTC 2018
5 ms. Memory: 208384K Free: 194156K (93%)
ptolemy.util.test.WatchDog.cancel(): canceling Wed May 23 16:42:58 UTC 2018
------------------ testing $PTII/ptolemy/domains/de/test/auto/DepthTest3.xml
auto.tcl: Setting watchdog for 200 seconds at Wed May 23 16:42:58 UTC 2018
7 ms. Memory: 208384K Free: 198325K (95%)
ptolemy.util.test.WatchDog.cancel(): canceling Wed May 23 16:42:58 UTC 2018
auto.tcl: Setting watchdog for 200 seconds at Wed May 23 16:42:58 UTC 2018
2 ms. Memory: 208384K Free: 198325K (95%)
ptolemy.util.test.WatchDog.cancel(): canceling Wed May 23 16:42:58 UTC 2018
------------------ testing $PTII/ptolemy/domains/de/test/auto/DepthTest4.xml
auto.tcl: Setting watchdog for 200 seconds at Wed May 23 16:42:58 UTC 2018
10 ms. Memory: 208384K Free: 196295K (94%)
ptolemy.util.test.WatchDog.cancel(): canceling Wed May 23 16:42:58 UTC 2018
auto.tcl: Setting watchdog for 200 seconds at Wed May 23 16:42:58 UTC 2018
2 ms. Memory: 208384K Free: 196295K (94%)
ptolemy.util.test.WatchDog.cancel(): canceling Wed May 23 16:42:58 UTC 2018
------------------ testing $PTII/ptolemy/domains/de/test/auto/DepthTest5.xml
auto.tcl: Setting watchdog for 200 seconds at Wed May 23 16:42:58 UTC 2018
4 ms. Memory: 208384K Free: 196242K (94%)
ptolemy.util.test.WatchDog.cancel(): canceling Wed May 23 16:42:58 UTC 2018
auto.tcl: Setting watchdog for 200 seconds at Wed May 23 16:42:58 UTC 2018
2 ms. Memory: 208384K Free: 196242K (94%)
ptolemy.util.test.WatchDog.cancel(): canceling Wed May 23 16:42:58 UTC 2018
------------------ testing $PTII/ptolemy/domains/de/test/auto/DepthTest6.xml
auto.tcl: Setting watchdog for 200 seconds at Wed May 23 16:42:58 UTC 2018
7 ms. Memory: 208384K Free: 196203K (94%)
ptolemy.util.test.WatchDog.cancel(): canceling Wed May 23 16:42:58 UTC 2018
auto.tcl: Setting watchdog for 200 seconds at Wed May 23 16:42:58 UTC 2018
3 ms. Memory: 208384K Free: 196203K (94%)
ptolemy.util.test.WatchDog.cancel(): canceling Wed May 23 16:42:58 UTC 2018
------------------ testing $PTII/ptolemy/domains/de/test/auto/DepthTest7.xml
auto.tcl: Setting watchdog for 200 seconds at Wed May 23 16:42:58 UTC 2018
2 ms. Memory: 208384K Free: 196199K (94%)
ptolemy.util.test.WatchDog.cancel(): canceling Wed May 23 16:42:58 UTC 2018
auto.tcl: Setting watchdog for 200 seconds at Wed May 23 16:42:58 UTC 2018
2 ms. Memory: 208384K Free: 196199K (94%)
ptolemy.util.test.WatchDog.cancel(): canceling Wed May 23 16:42:58 UTC 2018
------------------ testing $PTII/ptolemy/domains/de/test/auto/EventToDate.xml
auto.tcl: Setting watchdog for 200 seconds at Wed May 23 16:42:58 UTC 2018
3005 ms. Memory: 208384K Free: 185632K (89%)
ptolemy.util.test.WatchDog.cancel(): canceling Wed May 23 16:43:01 UTC 2018
auto.tcl: Setting watchdog for 200 seconds at Wed May 23 16:43:01 UTC 2018
3004 ms. Memory: 208384K Free: 185632K (89%)
ptolemy.util.test.WatchDog.cancel(): canceling Wed May 23 16:43:04 UTC 2018
------------------ testing $PTII/ptolemy/domains/de/test/auto/FSM1.xml
auto.tcl: Setting watchdog for 200 seconds at Wed May 23 16:43:04 UTC 2018
31 ms. Memory: 208384K Free: 189159K (91%)
ptolemy.util.test.WatchDog.cancel(): canceling Wed May 23 16:43:04 UTC 2018
auto.tcl: Setting watchdog for 200 seconds at Wed May 23 16:43:04 UTC 2018
15 ms. Memory: 208384K Free: 184908K (89%)
ptolemy.util.test.WatchDog.cancel(): canceling Wed May 23 16:43:05 UTC 2018
------------------ testing $PTII/ptolemy/domains/de/test/auto/FSM7.xml
auto.tcl: Setting watchdog for 200 seconds at Wed May 23 16:43:05 UTC 2018
19 ms. Memory: 208384K Free: 187583K (90%)
ptolemy.util.test.WatchDog.cancel(): canceling Wed May 23 16:43:05 UTC 2018
auto.tcl: Setting watchdog for 200 seconds at Wed May 23 16:43:05 UTC 2018
12 ms. Memory: 208384K Free: 185120K (89%)
ptolemy.util.test.WatchDog.cancel(): canceling Wed May 23 16:43:05 UTC 2018
------------------ testing $PTII/ptolemy/domains/de/test/auto/Inspection.xml
auto.tcl: Setting watchdog for 200 seconds at Wed May 23 16:43:05 UTC 2018
40 ms. Memory: 208384K Free: 188485K (90%)
ptolemy.util.test.WatchDog.cancel(): canceling Wed May 23 16:43:05 UTC 2018
auto.tcl: Setting watchdog for 200 seconds at Wed May 23 16:43:05 UTC 2018
22 ms. Memory: 208384K Free: 186359K (89%)
ptolemy.util.test.WatchDog.cancel(): canceling Wed May 23 16:43:05 UTC 2018
------------------ testing $PTII/ptolemy/domains/de/test/auto/Iteration.xml
auto.tcl: Setting watchdog for 200 seconds at Wed May 23 16:43:05 UTC 2018
8 ms. Memory: 208384K Free: 195990K (94%)
ptolemy.util.test.WatchDog.cancel(): canceling Wed May 23 16:43:05 UTC 2018
auto.tcl: Setting watchdog for 200 seconds at Wed May 23 16:43:05 UTC 2018
14 ms. Memory: 208384K Free: 193873K (93%)
ptolemy.util.test.WatchDog.cancel(): canceling Wed May 23 16:43:05 UTC 2018
------------------ testing $PTII/ptolemy/domains/de/test/auto/LineFault.xml
auto.tcl: Setting watchdog for 200 seconds at Wed May 23 16:43:05 UTC 2018
792 ms. Memory: 208384K Free: 196318K (94%)
ptolemy.util.test.WatchDog.cancel(): canceling Wed May 23 16:43:06 UTC 2018
auto.tcl: Setting watchdog for 200 seconds at Wed May 23 16:43:06 UTC 2018
590 ms. Memory: 208384K Free: 142153K (68%)
ptolemy.util.test.WatchDog.cancel(): canceling Wed May 23 16:43:07 UTC 2018
------------------ testing $PTII/ptolemy/domains/de/test/auto/MergeModel1Add.xml
auto.tcl: Setting watchdog for 200 seconds at Wed May 23 16:43:07 UTC 2018
27 ms. Memory: 331264K Free: 299972K (91%)
ptolemy.util.test.WatchDog.cancel(): canceling Wed May 23 16:43:07 UTC 2018
auto.tcl: Setting watchdog for 200 seconds at Wed May 23 16:43:07 UTC 2018
10 ms. Memory: 331264K Free: 299972K (91%)
ptolemy.util.test.WatchDog.cancel(): canceling Wed May 23 16:43:07 UTC 2018
------------------ testing $PTII/ptolemy/domains/de/test/auto/MergeModel2Add.xml
auto.tcl: Setting watchdog for 200 seconds at Wed May 23 16:43:07 UTC 2018
13 ms. Memory: 331264K Free: 301295K (91%)
ptolemy.util.test.WatchDog.cancel(): canceling Wed May 23 16:43:07 UTC 2018
auto.tcl: Setting watchdog for 200 seconds at Wed May 23 16:43:07 UTC 2018
8 ms. Memory: 331264K Free: 301295K (91%)
ptolemy.util.test.WatchDog.cancel(): canceling Wed May 23 16:43:07 UTC 2018
------------------ testing $PTII/ptolemy/domains/de/test/auto/MergeModel3Add.xml
auto.tcl: Setting watchdog for 200 seconds at Wed May 23 16:43:07 UTC 2018
10 ms. Memory: 331264K Free: 305029K (92%)
ptolemy.util.test.WatchDog.cancel(): canceling Wed May 23 16:43:07 UTC 2018
auto.tcl: Setting watchdog for 200 seconds at Wed May 23 16:43:07 UTC 2018
7 ms. Memory: 331264K Free: 301281K (91%)
ptolemy.util.test.WatchDog.cancel(): canceling Wed May 23 16:43:07 UTC 2018
------------------ testing $PTII/ptolemy/domains/de/test/auto/MergeWithoutDiscard.xml
auto.tcl: Setting watchdog for 200 seconds at Wed May 23 16:43:07 UTC 2018
7 ms. Memory: 331264K Free: 316704K (96%)
ptolemy.util.test.WatchDog.cancel(): canceling Wed May 23 16:43:07 UTC 2018
auto.tcl: Setting watchdog for 200 seconds at Wed May 23 16:43:07 UTC 2018
1 ms. Memory: 331264K Free: 316704K (96%)
ptolemy.util.test.WatchDog.cancel(): canceling Wed May 23 16:43:07 UTC 2018
------------------ testing $PTII/ptolemy/domains/de/test/auto/Modal1.xml
auto.tcl: Setting watchdog for 200 seconds at Wed May 23 16:43:07 UTC 2018
19 ms. Memory: 331264K Free: 310405K (94%)
ptolemy.util.test.WatchDog.cancel(): canceling Wed May 23 16:43:07 UTC 2018
auto.tcl: Setting watchdog for 200 seconds at Wed May 23 16:43:07 UTC 2018
24 ms. Memory: 331264K Free: 306656K (93%)
ptolemy.util.test.WatchDog.cancel(): canceling Wed May 23 16:43:07 UTC 2018
------------------ testing $PTII/ptolemy/domains/de/test/auto/Modal2.xml
auto.tcl: Setting watchdog for 200 seconds at Wed May 23 16:43:07 UTC 2018
16 ms. Memory: 331264K Free: 310262K (94%)
ptolemy.util.test.WatchDog.cancel(): canceling Wed May 23 16:43:07 UTC 2018
auto.tcl: Setting watchdog for 200 seconds at Wed May 23 16:43:07 UTC 2018
9 ms. Memory: 331264K Free: 306529K (93%)
ptolemy.util.test.WatchDog.cancel(): canceling Wed May 23 16:43:07 UTC 2018
------------------ testing $PTII/ptolemy/domains/de/test/auto/Modal3.xml
auto.tcl: Setting watchdog for 200 seconds at Wed May 23 16:43:07 UTC 2018
14 ms. Memory: 331264K Free: 305784K (92%)
ptolemy.util.test.WatchDog.cancel(): canceling Wed May 23 16:43:07 UTC 2018
auto.tcl: Setting watchdog for 200 seconds at Wed May 23 16:43:07 UTC 2018
14 ms. Memory: 331264K Free: 301604K (91%)
ptolemy.util.test.WatchDog.cancel(): canceling Wed May 23 16:43:07 UTC 2018
------------------ testing $PTII/ptolemy/domains/de/test/auto/Modal4.xml
auto.tcl: Setting watchdog for 200 seconds at Wed May 23 16:43:07 UTC 2018
24 ms. Memory: 331264K Free: 310258K (94%)
ptolemy.util.test.WatchDog.cancel(): canceling Wed May 23 16:43:08 UTC 2018
auto.tcl: Setting watchdog for 200 seconds at Wed May 23 16:43:08 UTC 2018
20 ms. Memory: 331264K Free: 306517K (93%)
ptolemy.util.test.WatchDog.cancel(): canceling Wed May 23 16:43:08 UTC 2018
------------------ testing $PTII/ptolemy/domains/de/test/auto/Modal5.xml
auto.tcl: Setting watchdog for 200 seconds at Wed May 23 16:43:08 UTC 2018
27 ms. Memory: 331264K Free: 310253K (94%)
ptolemy.util.test.WatchDog.cancel(): canceling Wed May 23 16:43:08 UTC 2018
auto.tcl: Setting watchdog for 200 seconds at Wed May 23 16:43:08 UTC 2018
18 ms. Memory: 331264K Free: 306504K (93%)
ptolemy.util.test.WatchDog.cancel(): canceling Wed May 23 16:43:08 UTC 2018
------------------ testing $PTII/ptolemy/domains/de/test/auto/Modal6.xml
auto.tcl: Setting watchdog for 200 seconds at Wed May 23 16:43:08 UTC 2018
10 ms. Memory: 331264K Free: 310250K (94%)
ptolemy.util.test.WatchDog.cancel(): canceling Wed May 23 16:43:08 UTC 2018
auto.tcl: Setting watchdog for 200 seconds at Wed May 23 16:43:08 UTC 2018
12 ms. Memory: 331264K Free: 306501K (93%)
ptolemy.util.test.WatchDog.cancel(): canceling Wed May 23 16:43:08 UTC 2018
------------------ testing $PTII/ptolemy/domains/de/test/auto/Modal7.xml
auto.tcl: Setting watchdog for 200 seconds at Wed May 23 16:43:08 UTC 2018
8 ms. Memory: 331264K Free: 306478K (93%)
ptolemy.util.test.WatchDog.cancel(): canceling Wed May 23 16:43:08 UTC 2018
auto.tcl: Setting watchdog for 200 seconds at Wed May 23 16:43:08 UTC 2018
10 ms. Memory: 331264K Free: 302729K (91%)
ptolemy.util.test.WatchDog.cancel(): canceling Wed May 23 16:43:08 UTC 2018
------------------ testing $PTII/ptolemy/domains/de/test/auto/ModalModel.xml
auto.tcl: Setting watchdog for 200 seconds at Wed May 23 16:43:08 UTC 2018
192 ms. Memory: 331264K Free: 249635K (75%)
ptolemy.util.test.WatchDog.cancel(): canceling Wed May 23 16:43:08 UTC 2018
auto.tcl: Setting watchdog for 200 seconds at Wed May 23 16:43:08 UTC 2018
158 ms. Memory: 331264K Free: 193501K (58%)
ptolemy.util.test.WatchDog.cancel(): canceling Wed May 23 16:43:08 UTC 2018
------------------ testing $PTII/ptolemy/domains/de/test/auto/ModalSource.xml
auto.tcl: Setting watchdog for 200 seconds at Wed May 23 16:43:08 UTC 2018
5 ms. Memory: 331264K Free: 316988K (96%)
ptolemy.util.test.WatchDog.cancel(): canceling Wed May 23 16:43:08 UTC 2018
auto.tcl: Setting watchdog for 200 seconds at Wed May 23 16:43:08 UTC 2018
5 ms. Memory: 331264K Free: 313597K (95%)
ptolemy.util.test.WatchDog.cancel(): canceling Wed May 23 16:43:08 UTC 2018
------------------ testing $PTII/ptolemy/domains/de/test/auto/NonInterruptibleTimerZeroDelay.xml
auto.tcl: Setting watchdog for 200 seconds at Wed May 23 16:43:08 UTC 2018
4 ms. Memory: 331264K Free: 321031K (97%)
ptolemy.util.test.WatchDog.cancel(): canceling Wed May 23 16:43:08 UTC 2018
auto.tcl: Setting watchdog for 200 seconds at Wed May 23 16:43:08 UTC 2018
2 ms. Memory: 331264K Free: 317624K (96%)
ptolemy.util.test.WatchDog.cancel(): canceling Wed May 23 16:43:08 UTC 2018
------------------ testing $PTII/ptolemy/domains/de/test/auto/OpenQueueingNetwork.xml
auto.tcl: Setting watchdog for 200 seconds at Wed May 23 16:43:09 UTC 2018
2606 ms. Memory: 573952K Free: 437267K (76%)
ptolemy.util.test.WatchDog.cancel(): canceling Wed May 23 16:43:11 UTC 2018
auto.tcl: Setting watchdog for 200 seconds at Wed May 23 16:43:11 UTC 2018
2202 ms. Memory: 550912K Free: 364464K (66%)
ptolemy.util.test.WatchDog.cancel(): canceling Wed May 23 16:43:13 UTC 2018
------------------ testing $PTII/ptolemy/domains/de/test/auto/OpenQueuingNetwork.xml
auto.tcl: Setting watchdog for 200 seconds at Wed May 23 16:43:14 UTC 2018
228 ms. Memory: 549888K Free: 445501K (81%)
ptolemy.util.test.WatchDog.cancel(): canceling Wed May 23 16:43:14 UTC 2018
auto.tcl: Setting watchdog for 200 seconds at Wed May 23 16:43:14 UTC 2018
223 ms. Memory: 549888K Free: 390895K (71%)
ptolemy.util.test.WatchDog.cancel(): canceling Wed May 23 16:43:14 UTC 2018
------------------ testing $PTII/ptolemy/domains/de/test/auto/PeriodicSampler.xml
auto.tcl: Setting watchdog for 200 seconds at Wed May 23 16:43:14 UTC 2018
2 ms. Memory: 551936K Free: 532116K (96%)
ptolemy.util.test.WatchDog.cancel(): canceling Wed May 23 16:43:14 UTC 2018
auto.tcl: Setting watchdog for 200 seconds at Wed May 23 16:43:14 UTC 2018
2 ms. Memory: 551936K Free: 532116K (96%)
ptolemy.util.test.WatchDog.cancel(): canceling Wed May 23 16:43:14 UTC 2018
------------------ testing $PTII/ptolemy/domains/de/test/auto/PersistentIO.xml
auto.tcl: Setting watchdog for 200 seconds at Wed May 23 16:43:14 UTC 2018
15 ms. Memory: 549376K Free: 524679K (96%)
ptolemy.util.test.WatchDog.cancel(): canceling Wed May 23 16:43:14 UTC 2018
auto.tcl: Setting watchdog for 200 seconds at Wed May 23 16:43:14 UTC 2018
3 ms. Memory: 549376K Free: 524679K (96%)
ptolemy.util.test.WatchDog.cancel(): canceling Wed May 23 16:43:14 UTC 2018
------------------ testing $PTII/ptolemy/domains/de/test/auto/PortParameterResetOnInitialize.xml
auto.tcl: Setting watchdog for 200 seconds at Wed May 23 16:43:14 UTC 2018
2 ms. Memory: 551424K Free: 531712K (96%)
ptolemy.util.test.WatchDog.cancel(): canceling Wed May 23 16:43:14 UTC 2018
auto.tcl: Setting watchdog for 200 seconds at Wed May 23 16:43:14 UTC 2018
3 ms. Memory: 551424K Free: 531712K (96%)
ptolemy.util.test.WatchDog.cancel(): canceling Wed May 23 16:43:14 UTC 2018
------------------ testing $PTII/ptolemy/domains/de/test/auto/PortParameterUpdates.xml
auto.tcl: Setting watchdog for 200 seconds at Wed May 23 16:43:14 UTC 2018
4 ms. Memory: 549376K Free: 524321K (95%)
ptolemy.util.test.WatchDog.cancel(): canceling Wed May 23 16:43:14 UTC 2018
auto.tcl: Setting watchdog for 200 seconds at Wed May 23 16:43:14 UTC 2018
4 ms. Memory: 549376K Free: 524321K (95%)
ptolemy.util.test.WatchDog.cancel(): canceling Wed May 23 16:43:14 UTC 2018
------------------ testing $PTII/ptolemy/domains/de/test/auto/QueueAndServer.xml
auto.tcl: Setting watchdog for 200 seconds at Wed May 23 16:43:14 UTC 2018
16 ms. Memory: 551424K Free: 531012K (96%)
ptolemy.util.test.WatchDog.cancel(): canceling Wed May 23 16:43:14 UTC 2018
auto.tcl: Setting watchdog for 200 seconds at Wed May 23 16:43:14 UTC 2018
6 ms. Memory: 551424K Free: 531012K (96%)
ptolemy.util.test.WatchDog.cancel(): canceling Wed May 23 16:43:14 UTC 2018
------------------ testing $PTII/ptolemy/domains/de/test/auto/Records.xml
auto.tcl: Setting watchdog for 200 seconds at Wed May 23 16:43:15 UTC 2018
3 ms. Memory: 549376K Free: 534382K (97%)
ptolemy.util.test.WatchDog.cancel(): canceling Wed May 23 16:43:15 UTC 2018
auto.tcl: Setting watchdog for 200 seconds at Wed May 23 16:43:15 UTC 2018
2 ms. Memory: 549376K Free: 528921K (96%)
ptolemy.util.test.WatchDog.cancel(): canceling Wed May 23 16:43:15 UTC 2018
------------------ testing $PTII/ptolemy/domains/de/test/auto/ResetTransitionWithStartTime1.xml
auto.tcl: Setting watchdog for 200 seconds at Wed May 23 16:43:15 UTC 2018
10 ms. Memory: 551424K Free: 531332K (96%)
ptolemy.util.test.WatchDog.cancel(): canceling Wed May 23 16:43:15 UTC 2018
auto.tcl: Setting watchdog for 200 seconds at Wed May 23 16:43:15 UTC 2018
6 ms. Memory: 551424K Free: 530979K (96%)
ptolemy.util.test.WatchDog.cancel(): canceling Wed May 23 16:43:15 UTC 2018
------------------ testing $PTII/ptolemy/domains/de/test/auto/ResetTransitionWithStartTime2.xml
auto.tcl: Setting watchdog for 200 seconds at Wed May 23 16:43:15 UTC 2018
5 ms. Memory: 549376K Free: 529275K (96%)
ptolemy.util.test.WatchDog.cancel(): canceling Wed May 23 16:43:15 UTC 2018
auto.tcl: Setting watchdog for 200 seconds at Wed May 23 16:43:15 UTC 2018
7 ms. Memory: 549376K Free: 529275K (96%)
ptolemy.util.test.WatchDog.cancel(): canceling Wed May 23 16:43:15 UTC 2018
------------------ testing $PTII/ptolemy/domains/de/test/auto/ResetTransitionWithStartTime3.xml
auto.tcl: Setting watchdog for 200 seconds at Wed May 23 16:43:15 UTC 2018
7 ms. Memory: 550912K Free: 530457K (96%)
ptolemy.util.test.WatchDog.cancel(): canceling Wed May 23 16:43:15 UTC 2018
auto.tcl: Setting watchdog for 200 seconds at Wed May 23 16:43:15 UTC 2018
6 ms. Memory: 550912K Free: 530457K (96%)
ptolemy.util.test.WatchDog.cancel(): canceling Wed May 23 16:43:15 UTC 2018
------------------ testing $PTII/ptolemy/domains/de/test/auto/ResetTransitionWithStartTime4.xml
auto.tcl: Setting watchdog for 200 seconds at Wed May 23 16:43:15 UTC 2018
4 ms. Memory: 549376K Free: 528919K (96%)
ptolemy.util.test.WatchDog.cancel(): canceling Wed May 23 16:43:15 UTC 2018
auto.tcl: Setting watchdog for 200 seconds at Wed May 23 16:43:15 UTC 2018
4 ms. Memory: 549376K Free: 528919K (96%)
ptolemy.util.test.WatchDog.cancel(): canceling Wed May 23 16:43:15 UTC 2018
------------------ testing $PTII/ptolemy/domains/de/test/auto/ResettableTimer1.xml
auto.tcl: Setting watchdog for 200 seconds at Wed May 23 16:43:15 UTC 2018
2 ms. Memory: 550912K Free: 535927K (97%)
ptolemy.util.test.WatchDog.cancel(): canceling Wed May 23 16:43:15 UTC 2018
auto.tcl: Setting watchdog for 200 seconds at Wed May 23 16:43:15 UTC 2018
2 ms. Memory: 550912K Free: 535927K (97%)
ptolemy.util.test.WatchDog.cancel(): canceling Wed May 23 16:43:15 UTC 2018
------------------ testing $PTII/ptolemy/domains/de/test/auto/ResettableTimer2.xml
auto.tcl: Setting watchdog for 200 seconds at Wed May 23 16:43:15 UTC 2018
2 ms. Memory: 549376K Free: 534803K (97%)
ptolemy.util.test.WatchDog.cancel(): canceling Wed May 23 16:43:15 UTC 2018
auto.tcl: Setting watchdog for 200 seconds at Wed May 23 16:43:15 UTC 2018
2 ms. Memory: 549376K Free: 534803K (97%)
ptolemy.util.test.WatchDog.cancel(): canceling Wed May 23 16:43:15 UTC 2018
------------------ testing $PTII/ptolemy/domains/de/test/auto/ResettableTimer3.xml
auto.tcl: Setting watchdog for 200 seconds at Wed May 23 16:43:15 UTC 2018
2 ms. Memory: 550912K Free: 535985K (97%)
ptolemy.util.test.WatchDog.cancel(): canceling Wed May 23 16:43:15 UTC 2018
auto.tcl: Setting watchdog for 200 seconds at Wed May 23 16:43:15 UTC 2018
1 ms. Memory: 550912K Free: 535985K (97%)
ptolemy.util.test.WatchDog.cancel(): canceling Wed May 23 16:43:15 UTC 2018
------------------ testing $PTII/ptolemy/domains/de/test/auto/ResettableTimer4.xml
auto.tcl: Setting watchdog for 200 seconds at Wed May 23 16:43:15 UTC 2018
1 ms. Memory: 549376K Free: 534815K (97%)
ptolemy.util.test.WatchDog.cancel(): canceling Wed May 23 16:43:15 UTC 2018
auto.tcl: Setting watchdog for 200 seconds at Wed May 23 16:43:15 UTC 2018
1 ms. Memory: 549376K Free: 534815K (97%)
ptolemy.util.test.WatchDog.cancel(): canceling Wed May 23 16:43:15 UTC 2018
------------------ testing $PTII/ptolemy/domains/de/test/auto/ResettableTimer5.xml
auto.tcl: Setting watchdog for 200 seconds at Wed May 23 16:43:15 UTC 2018
1 ms. Memory: 550400K Free: 530804K (96%)
ptolemy.util.test.WatchDog.cancel(): canceling Wed May 23 16:43:15 UTC 2018
auto.tcl: Setting watchdog for 200 seconds at Wed May 23 16:43:15 UTC 2018
1 ms. Memory: 550400K Free: 530804K (96%)
ptolemy.util.test.WatchDog.cancel(): canceling Wed May 23 16:43:15 UTC 2018
------------------ testing $PTII/ptolemy/domains/de/test/auto/ResettableTimer6.xml
auto.tcl: Setting watchdog for 200 seconds at Wed May 23 16:43:15 UTC 2018
4 ms. Memory: 549376K Free: 534409K (97%)
ptolemy.util.test.WatchDog.cancel(): canceling Wed May 23 16:43:15 UTC 2018
auto.tcl: Setting watchdog for 200 seconds at Wed May 23 16:43:15 UTC 2018
2 ms. Memory: 549376K Free: 534409K (97%)
ptolemy.util.test.WatchDog.cancel(): canceling Wed May 23 16:43:15 UTC 2018
------------------ testing $PTII/ptolemy/domains/de/test/auto/ServerZeroDelay.xml
auto.tcl: Setting watchdog for 200 seconds at Wed May 23 16:43:15 UTC 2018
6 ms. Memory: 550400K Free: 535776K (97%)
ptolemy.util.test.WatchDog.cancel(): canceling Wed May 23 16:43:15 UTC 2018
auto.tcl: Setting watchdog for 200 seconds at Wed May 23 16:43:15 UTC 2018
2 ms. Memory: 550400K Free: 535776K (97%)
ptolemy.util.test.WatchDog.cancel(): canceling Wed May 23 16:43:15 UTC 2018
------------------ testing $PTII/ptolemy/domains/de/test/auto/SmartSender.xml
auto.tcl: Setting watchdog for 200 seconds at Wed May 23 16:43:15 UTC 2018
3001 ms. Memory: 549376K Free: 534748K (97%)
ptolemy.util.test.WatchDog.cancel(): canceling Wed May 23 16:43:18 UTC 2018
auto.tcl: Setting watchdog for 200 seconds at Wed May 23 16:43:18 UTC 2018
3001 ms. Memory: 549376K Free: 534748K (97%)
ptolemy.util.test.WatchDog.cancel(): canceling Wed May 23 16:43:21 UTC 2018
------------------ testing $PTII/ptolemy/domains/de/test/auto/ThreadedComposite.xml
auto.tcl: Setting watchdog for 200 seconds at Wed May 23 16:43:21 UTC 2018
289 ms. Memory: 550400K Free: 501104K (91%)
ptolemy.util.test.WatchDog.cancel(): canceling Wed May 23 16:43:22 UTC 2018
auto.tcl: Setting watchdog for 200 seconds at Wed May 23 16:43:22 UTC 2018
176 ms. Memory: 550400K Free: 476925K (87%)
ptolemy.util.test.WatchDog.cancel(): canceling Wed May 23 16:43:22 UTC 2018
------------------ testing $PTII/ptolemy/domains/de/test/auto/Time.xml
auto.tcl: Setting watchdog for 200 seconds at Wed May 23 16:43:22 UTC 2018
514 ms. Memory: 549376K Free: 492002K (90%)
ptolemy.util.test.WatchDog.cancel(): canceling Wed May 23 16:43:22 UTC 2018
auto.tcl: Setting watchdog for 200 seconds at Wed May 23 16:43:22 UTC 2018
462 ms. Memory: 549376K Free: 442856K (81%)
ptolemy.util.test.WatchDog.cancel(): canceling Wed May 23 16:43:23 UTC 2018
------------------ testing $PTII/ptolemy/domains/de/test/auto/TimeDelayZeroDelay.xml
auto.tcl: Setting watchdog for 200 seconds at Wed May 23 16:43:23 UTC 2018
3 ms. Memory: 550400K Free: 535341K (97%)
ptolemy.util.test.WatchDog.cancel(): canceling Wed May 23 16:43:23 UTC 2018
auto.tcl: Setting watchdog for 200 seconds at Wed May 23 16:43:23 UTC 2018
1 ms. Memory: 550400K Free: 535341K (97%)
ptolemy.util.test.WatchDog.cancel(): canceling Wed May 23 16:43:23 UTC 2018
------------------ testing $PTII/ptolemy/domains/de/test/auto/TimerZeroDelay.xml
auto.tcl: Setting watchdog for 200 seconds at Wed May 23 16:43:23 UTC 2018
2 ms. Memory: 549376K Free: 534714K (97%)
ptolemy.util.test.WatchDog.cancel(): canceling Wed May 23 16:43:23 UTC 2018
auto.tcl: Setting watchdog for 200 seconds at Wed May 23 16:43:23 UTC 2018
2 ms. Memory: 549376K Free: 534714K (97%)
ptolemy.util.test.WatchDog.cancel(): canceling Wed May 23 16:43:23 UTC 2018
------------------ testing $PTII/ptolemy/domains/de/test/auto/TimingParadox.xml
auto.tcl: Setting watchdog for 200 seconds at Wed May 23 16:43:23 UTC 2018
321 ms. Memory: 549888K Free: 478670K (87%)
ptolemy.util.test.WatchDog.cancel(): canceling Wed May 23 16:43:24 UTC 2018
auto.tcl: Setting watchdog for 200 seconds at Wed May 23 16:43:24 UTC 2018
306 ms. Memory: 549888K Free: 451367K (82%)
ptolemy.util.test.WatchDog.cancel(): canceling Wed May 23 16:43:24 UTC 2018
------------------ testing $PTII/ptolemy/domains/de/test/auto/TransferInputs.xml
auto.tcl: Setting watchdog for 200 seconds at Wed May 23 16:43:24 UTC 2018
1 ms. Memory: 549888K Free: 534130K (97%)
ptolemy.util.test.WatchDog.cancel(): canceling Wed May 23 16:43:24 UTC 2018
auto.tcl: Setting watchdog for 200 seconds at Wed May 23 16:43:24 UTC 2018
1 ms. Memory: 549888K Free: 534130K (97%)
ptolemy.util.test.WatchDog.cancel(): canceling Wed May 23 16:43:24 UTC 2018
------------------ testing $PTII/ptolemy/domains/de/test/auto/TransferOutputs2.xml
auto.tcl: Setting watchdog for 200 seconds at Wed May 23 16:43:24 UTC 2018
2 ms. Memory: 549376K Free: 524579K (95%)
ptolemy.util.test.WatchDog.cancel(): canceling Wed May 23 16:43:24 UTC 2018
auto.tcl: Setting watchdog for 200 seconds at Wed May 23 16:43:24 UTC 2018
2 ms. Memory: 549376K Free: 524579K (95%)
ptolemy.util.test.WatchDog.cancel(): canceling Wed May 23 16:43:24 UTC 2018
------------------ testing $PTII/ptolemy/domains/de/test/auto/Trilateration.xml
auto.tcl: Setting watchdog for 200 seconds at Wed May 23 16:43:24 UTC 2018
13051 ms. Memory: 453632K Free: 245480K (54%)
ptolemy.util.test.WatchDog.cancel(): canceling Wed May 23 16:43:38 UTC 2018
auto.tcl: Setting watchdog for 200 seconds at Wed May 23 16:43:38 UTC 2018
10501 ms. Memory: 339968K Free: 155297K (46%)
ptolemy.util.test.WatchDog.cancel(): canceling Wed May 23 16:43:49 UTC 2018
------------------ testing $PTII/ptolemy/domains/de/test/auto/TwoSigmaDelta.xml
auto.tcl: Setting watchdog for 200 seconds at Wed May 23 16:43:49 UTC 2018
2486 ms. Memory: 329216K Free: 297942K (91%)
ptolemy.util.test.WatchDog.cancel(): canceling Wed May 23 16:43:51 UTC 2018
auto.tcl: Setting watchdog for 200 seconds at Wed May 23 16:43:51 UTC 2018
1858 ms. Memory: 329216K Free: 68679K (21%)
ptolemy.util.test.WatchDog.cancel(): canceling Wed May 23 16:43:53 UTC 2018
------------------ testing $PTII/ptolemy/domains/de/test/auto/VariableDelay.xml
auto.tcl: Setting watchdog for 200 seconds at Wed May 23 16:43:53 UTC 2018
3 ms. Memory: 328704K Free: 317409K (97%)
ptolemy.util.test.WatchDog.cancel(): canceling Wed May 23 16:43:53 UTC 2018
auto.tcl: Setting watchdog for 200 seconds at Wed May 23 16:43:53 UTC 2018
2 ms. Memory: 328704K Free: 313649K (95%)
ptolemy.util.test.WatchDog.cancel(): canceling Wed May 23 16:43:53 UTC 2018
------------------ testing $PTII/ptolemy/domains/de/test/auto/VariableDelay2.xml
auto.tcl: Setting watchdog for 200 seconds at Wed May 23 16:43:53 UTC 2018
5 ms. Memory: 328704K Free: 315356K (96%)
ptolemy.util.test.WatchDog.cancel(): canceling Wed May 23 16:43:53 UTC 2018
auto.tcl: Setting watchdog for 200 seconds at Wed May 23 16:43:53 UTC 2018
1 ms. Memory: 328704K Free: 311596K (95%)
ptolemy.util.test.WatchDog.cancel(): canceling Wed May 23 16:43:53 UTC 2018
------------------ testing $PTII/ptolemy/domains/de/test/auto/VariableDelayZeroDelay.xml
auto.tcl: Setting watchdog for 200 seconds at Wed May 23 16:43:53 UTC 2018
2 ms. Memory: 330752K Free: 319877K (97%)
ptolemy.util.test.WatchDog.cancel(): canceling Wed May 23 16:43:53 UTC 2018
auto.tcl: Setting watchdog for 200 seconds at Wed May 23 16:43:53 UTC 2018
2 ms. Memory: 330752K Free: 316133K (96%)
ptolemy.util.test.WatchDog.cancel(): canceling Wed May 23 16:43:53 UTC 2018
------------------ testing $PTII/ptolemy/domains/de/test/auto/VariableDelayZeroDelay2.xml
auto.tcl: Setting watchdog for 200 seconds at Wed May 23 16:43:53 UTC 2018
2 ms. Memory: 328704K Free: 317827K (97%)
ptolemy.util.test.WatchDog.cancel(): canceling Wed May 23 16:43:53 UTC 2018
auto.tcl: Setting watchdog for 200 seconds at Wed May 23 16:43:53 UTC 2018
2 ms. Memory: 328704K Free: 314075K (96%)
ptolemy.util.test.WatchDog.cancel(): canceling Wed May 23 16:43:53 UTC 2018
------------------ testing $PTII/ptolemy/domains/de/test/auto/deInCt.xml
auto.tcl: Setting watchdog for 200 seconds at Wed May 23 16:43:53 UTC 2018
0
1
1
1
0
0
0
1
1
1
1
1
1
1
1
1
0
0
0
1
1
1
0
0
0
0
1
1
1
0
0
1
1
1
0
0
0
13 ms. Memory: 330240K Free: 313113K (95%)
ptolemy.util.test.WatchDog.cancel(): canceling Wed May 23 16:43:53 UTC 2018
auto.tcl: Setting watchdog for 200 seconds at Wed May 23 16:43:53 UTC 2018
0
1
1
1
0
0
0
1
1
1
0
0
1
1
1
0
0
0
1
1
0
0
0
1
1
1
1
0
0
0
1
1
1
0
0
1
1
1
0
0
0
0
0
1
1
1
1
1
6 ms. Memory: 330240K Free: 313113K (95%)
ptolemy.util.test.WatchDog.cancel(): canceling Wed May 23 16:43:54 UTC 2018
------------------ testing $PTII/ptolemy/domains/de/test/auto/deInCt2.xml
auto.tcl: Setting watchdog for 200 seconds at Wed May 23 16:43:54 UTC 2018
0
1
1
1
0
0
1
1
1
0
0
1
1
1
0
0
1
1
1
0
0
1
1
1
0
0
1
1
1
0
0
1
1
1
0
0
1
1
1
0
0
0
13 ms. Memory: 328704K Free: 314050K (96%)
ptolemy.util.test.WatchDog.cancel(): canceling Wed May 23 16:43:54 UTC 2018
auto.tcl: Setting watchdog for 200 seconds at Wed May 23 16:43:54 UTC 2018
0
1
1
1
0
0
1
1
1
0
0
1
1
1
0
0
1
1
1
0
0
1
1
1
0
0
1
1
1
0
0
1
1
1
0
0
1
1
1
0
0
0
9 ms. Memory: 328704K Free: 314050K (96%)
ptolemy.util.test.WatchDog.cancel(): canceling Wed May 23 16:43:54 UTC 2018
------------------ testing $PTII/ptolemy/domains/de/test/auto/dynamicCausalityInterface1.xml
auto.tcl: Setting watchdog for 200 seconds at Wed May 23 16:43:54 UTC 2018
4 ms. Memory: 330240K Free: 311852K (94%)
ptolemy.util.test.WatchDog.cancel(): canceling Wed May 23 16:43:54 UTC 2018
auto.tcl: Setting watchdog for 200 seconds at Wed May 23 16:43:54 UTC 2018
1 ms. Memory: 330240K Free: 311852K (94%)
ptolemy.util.test.WatchDog.cancel(): canceling Wed May 23 16:43:54 UTC 2018
------------------ testing $PTII/ptolemy/domains/de/test/auto/fsm_de_test.xml
auto.tcl: Setting watchdog for 200 seconds at Wed May 23 16:43:54 UTC 2018
12 ms. Memory: 328704K Free: 307721K (94%)
ptolemy.util.test.WatchDog.cancel(): canceling Wed May 23 16:43:54 UTC 2018
auto.tcl: Setting watchdog for 200 seconds at Wed May 23 16:43:54 UTC 2018
5 ms. Memory: 328704K Free: 307721K (94%)
ptolemy.util.test.WatchDog.cancel(): canceling Wed May 23 16:43:54 UTC 2018
------------------ testing $PTII/ptolemy/domains/de/test/auto/functionDependencyReconstruction.xml
auto.tcl: Setting watchdog for 200 seconds at Wed May 23 16:43:54 UTC 2018
2 ms. Memory: 329728K Free: 303723K (92%)
ptolemy.util.test.WatchDog.cancel(): canceling Wed May 23 16:43:54 UTC 2018
auto.tcl: Setting watchdog for 200 seconds at Wed May 23 16:43:54 UTC 2018
2 ms. Memory: 329728K Free: 303723K (92%)
ptolemy.util.test.WatchDog.cancel(): canceling Wed May 23 16:43:54 UTC 2018
------------------ testing $PTII/ptolemy/domains/de/test/auto/multirate.xml
auto.tcl: Setting watchdog for 200 seconds at Wed May 23 16:43:54 UTC 2018
5 ms. Memory: 328704K Free: 313822K (95%)
ptolemy.util.test.WatchDog.cancel(): canceling Wed May 23 16:43:54 UTC 2018
auto.tcl: Setting watchdog for 200 seconds at Wed May 23 16:43:54 UTC 2018
2 ms. Memory: 328704K Free: 313822K (95%)
ptolemy.util.test.WatchDog.cancel(): canceling Wed May 23 16:43:54 UTC 2018
------------------ testing $PTII/ptolemy/domains/de/test/auto/multirate2.xml
auto.tcl: Setting watchdog for 200 seconds at Wed May 23 16:43:54 UTC 2018
3 ms. Memory: 329728K Free: 315034K (96%)
ptolemy.util.test.WatchDog.cancel(): canceling Wed May 23 16:43:54 UTC 2018
auto.tcl: Setting watchdog for 200 seconds at Wed May 23 16:43:54 UTC 2018
2 ms. Memory: 329728K Free: 315034K (96%)
ptolemy.util.test.WatchDog.cancel(): canceling Wed May 23 16:43:54 UTC 2018
------------------ testing $PTII/ptolemy/domains/de/test/auto/realtime.xml
auto.tcl: Setting watchdog for 200 seconds at Wed May 23 16:43:54 UTC 2018
10001 ms. Memory: 328704K Free: 311522K (95%)
ptolemy.util.test.WatchDog.cancel(): canceling Wed May 23 16:44:04 UTC 2018
auto.tcl: Setting watchdog for 200 seconds at Wed May 23 16:44:04 UTC 2018
10001 ms. Memory: 328704K Free: 311522K (95%)
ptolemy.util.test.WatchDog.cancel(): canceling Wed May 23 16:44:14 UTC 2018
------------------ testing $PTII/ptolemy/domains/de/test/auto/relationGroup.xml
auto.tcl: Setting watchdog for 200 seconds at Wed May 23 16:44:14 UTC 2018
1 ms. Memory: 329728K Free: 318818K (97%)
ptolemy.util.test.WatchDog.cancel(): canceling Wed May 23 16:44:14 UTC 2018
auto.tcl: Setting watchdog for 200 seconds at Wed May 23 16:44:14 UTC 2018
1 ms. Memory: 329728K Free: 318818K (97%)
ptolemy.util.test.WatchDog.cancel(): canceling Wed May 23 16:44:14 UTC 2018
------------------ testing $PTII/ptolemy/domains/de/test/auto/relationGroup2.xml
auto.tcl: Setting watchdog for 200 seconds at Wed May 23 16:44:14 UTC 2018
1 ms. Memory: 328704K Free: 315348K (96%)
ptolemy.util.test.WatchDog.cancel(): canceling Wed May 23 16:44:14 UTC 2018
auto.tcl: Setting watchdog for 200 seconds at Wed May 23 16:44:14 UTC 2018
1 ms. Memory: 328704K Free: 315348K (96%)
ptolemy.util.test.WatchDog.cancel(): canceling Wed May 23 16:44:14 UTC 2018
------------------ testing $PTII/ptolemy/domains/de/test/auto/sortWithOpaquePorts.xml
auto.tcl: Setting watchdog for 200 seconds at Wed May 23 16:44:14 UTC 2018
2 ms. Memory: 329216K Free: 315861K (96%)
ptolemy.util.test.WatchDog.cancel(): canceling Wed May 23 16:44:14 UTC 2018
auto.tcl: Setting watchdog for 200 seconds at Wed May 23 16:44:14 UTC 2018
2 ms. Memory: 329216K Free: 312109K (95%)
ptolemy.util.test.WatchDog.cancel(): canceling Wed May 23 16:44:14 UTC 2018
------------------ testing $PTII/ptolemy/domains/de/test/auto/transferInputsandOutputs.xml
auto.tcl: Setting watchdog for 200 seconds at Wed May 23 16:44:14 UTC 2018
3 ms. Memory: 328704K Free: 311576K (95%)
ptolemy.util.test.WatchDog.cancel(): canceling Wed May 23 16:44:14 UTC 2018
auto.tcl: Setting watchdog for 200 seconds at Wed May 23 16:44:14 UTC 2018
1 ms. Memory: 328704K Free: 311576K (95%)
ptolemy.util.test.WatchDog.cancel(): canceling Wed May 23 16:44:14 UTC 2018
------------------ testing $PTII/ptolemy/domains/de/test/auto/triggerType.xml
auto.tcl: Setting watchdog for 200 seconds at Wed May 23 16:44:14 UTC 2018
1 ms. Memory: 329216K Free: 315799K (96%)
ptolemy.util.test.WatchDog.cancel(): canceling Wed May 23 16:44:14 UTC 2018
auto.tcl: Setting watchdog for 200 seconds at Wed May 23 16:44:14 UTC 2018
1 ms. Memory: 329216K Free: 312039K (95%)
ptolemy.util.test.WatchDog.cancel(): canceling Wed May 23 16:44:14 UTC 2018
05/23/18 04:44:14
Failed: 0  Total Tests: 192  ((Passed: 187, Newly Passed: 1)  Known Failed: 5) /home/travis/build/icyphy/ptII/ptolemy/domains/de/test
05/23/18 04:44:14
Failed: 0  Total Tests: 192  ((Passed: 187, Newly Passed: 1)  Known Failed: 5) /home/travis/build/icyphy/ptII/ptolemy/domains/de/test
----------------- testing (KnownFailure) /home/travis/build/icyphy/ptII/ptolemy/domains/de/test/auto/knownFailedTests/DESDFClockTest.xml
2010 ms. Memory: 328704K Free: 305418K (93%)
Known Failure: java.lang.reflect.InvocationTargetException
----------------- testing (KnownFailure) /home/travis/build/icyphy/ptII/ptolemy/domains/de/test/auto/knownFailedTests/DirectFeedback.xml
1 ms. Memory: 328704K Free: 285634K (87%)
Known Failure: java.lang.reflect.InvocationTargetException
----------------- testing (KnownFailure) /home/travis/build/icyphy/ptII/ptolemy/domains/de/test/auto/knownFailedTests/FSMSource.xml
5 ms. Memory: 328704K Free: 260896K (79%)
----------------- testing (KnownFailure) /home/travis/build/icyphy/ptII/ptolemy/domains/de/test/auto/knownFailedTests/HierarchicalModel.xml
1 ms. Memory: 328704K Free: 236135K (72%)
Known Failure: java.lang.reflect.InvocationTargetException
----------------- testing (KnownFailure) /home/travis/build/icyphy/ptII/ptolemy/domains/de/test/auto/knownFailedTests/dependencyLoop.xml
1 ms. Memory: 328704K Free: 206443K (63%)
Known Failure: java.lang.reflect.InvocationTargetException
----------------- testing (KnownFailure) /home/travis/build/icyphy/ptII/ptolemy/domains/de/test/auto/knownFailedTests/dependencyLoop2.xml
2 ms. Memory: 328704K Free: 176751K (54%)
Known Failure: java.lang.reflect.InvocationTargetException
No auto/*.xml tests in /home/travis/build/icyphy/ptII/ptolemy/domains/de/test
AutoTests.java: About to close Vertx.
AutoTests.java: Vertx closed.
----------------- testing Wed May 23 16:44:17 UTC 2018 /home/travis/build/icyphy/ptII/ptolemy/domains/de/test/auto/ActorDepthCalculation_actorWithoutPorts.xml
----------------- Instantiating /home/travis/build/icyphy/ptII/ptolemy/domains/de/test/auto/ActorDepthCalculation_actorWithoutPorts.xml
2 ms. Memory: 328704K Free: 152021K (46%)
----------------- Invoking toplevel() on ptolemy.moml.MoMLSimpleApplication@301f19d2
----------------- Done invoking toplevel() on ptolemy.moml.MoMLSimpleApplication@301f19d2
reloadAllAccessors: .ActorDepthCalculation_actorWithoutPorts
----------------- testing Wed May 23 16:44:17 UTC 2018 /home/travis/build/icyphy/ptII/ptolemy/domains/de/test/auto/AssemblyLine.xml
----------------- Instantiating /home/travis/build/icyphy/ptII/ptolemy/domains/de/test/auto/AssemblyLine.xml
2 ms. Memory: 328704K Free: 137167K (42%)
----------------- Invoking toplevel() on ptolemy.moml.MoMLSimpleApplication@3831d125
----------------- Done invoking toplevel() on ptolemy.moml.MoMLSimpleApplication@3831d125
reloadAllAccessors: .AssemblyLine
----------------- testing Wed May 23 16:44:17 UTC 2018 /home/travis/build/icyphy/ptII/ptolemy/domains/de/test/auto/CQBug1.xml
----------------- Instantiating /home/travis/build/icyphy/ptII/ptolemy/domains/de/test/auto/CQBug1.xml
1 ms. Memory: 328704K Free: 127275K (39%)
----------------- Invoking toplevel() on ptolemy.moml.MoMLSimpleApplication@161dedff
----------------- Done invoking toplevel() on ptolemy.moml.MoMLSimpleApplication@161dedff
reloadAllAccessors: .CQBug1
----------------- testing Wed May 23 16:44:17 UTC 2018 /home/travis/build/icyphy/ptII/ptolemy/domains/de/test/auto/CancelFireAt.xml
----------------- Instantiating /home/travis/build/icyphy/ptII/ptolemy/domains/de/test/auto/CancelFireAt.xml
1 ms. Memory: 328704K Free: 117383K (36%)
----------------- Invoking toplevel() on ptolemy.moml.MoMLSimpleApplication@3be94648
----------------- Done invoking toplevel() on ptolemy.moml.MoMLSimpleApplication@3be94648
reloadAllAccessors: .CancelFireAt
----------------- testing Wed May 23 16:44:17 UTC 2018 /home/travis/build/icyphy/ptII/ptolemy/domains/de/test/auto/CausalityAndComposabilityAnalysis.xml
----------------- Instantiating /home/travis/build/icyphy/ptII/ptolemy/domains/de/test/auto/CausalityAndComposabilityAnalysis.xml
2 ms. Memory: 328704K Free: 107491K (33%)
----------------- Invoking toplevel() on ptolemy.moml.MoMLSimpleApplication@6b3efe04
----------------- Done invoking toplevel() on ptolemy.moml.MoMLSimpleApplication@6b3efe04
reloadAllAccessors: .CausalityAndComposabilityAnalysis
----------------- testing Wed May 23 16:44:17 UTC 2018 /home/travis/build/icyphy/ptII/ptolemy/domains/de/test/auto/CausalityInterface1.xml
----------------- Instantiating /home/travis/build/icyphy/ptII/ptolemy/domains/de/test/auto/CausalityInterface1.xml
5 ms. Memory: 328704K Free: 97599K (30%)
----------------- Invoking toplevel() on ptolemy.moml.MoMLSimpleApplication@3c576242
----------------- Done invoking toplevel() on ptolemy.moml.MoMLSimpleApplication@3c576242
reloadAllAccessors: .CausalityInterface1
----------------- testing Wed May 23 16:44:17 UTC 2018 /home/travis/build/icyphy/ptII/ptolemy/domains/de/test/auto/CausalityInterface15.xml
----------------- Instantiating /home/travis/build/icyphy/ptII/ptolemy/domains/de/test/auto/CausalityInterface15.xml
1 ms. Memory: 328704K Free: 79017K (24%)
----------------- Invoking toplevel() on ptolemy.moml.MoMLSimpleApplication@5c4666b5
----------------- Done invoking toplevel() on ptolemy.moml.MoMLSimpleApplication@5c4666b5
reloadAllAccessors: .CausalityInterface15
----------------- testing Wed May 23 16:44:17 UTC 2018 /home/travis/build/icyphy/ptII/ptolemy/domains/de/test/auto/CausalityInterface2.xml
----------------- Instantiating /home/travis/build/icyphy/ptII/ptolemy/domains/de/test/auto/CausalityInterface2.xml
1 ms. Memory: 318464K Free: 308540K (97%)
----------------- Invoking toplevel() on ptolemy.moml.MoMLSimpleApplication@6bcb2c74
----------------- Done invoking toplevel() on ptolemy.moml.MoMLSimpleApplication@6bcb2c74
reloadAllAccessors: .CausalityInterface2
----------------- testing Wed May 23 16:44:17 UTC 2018 /home/travis/build/icyphy/ptII/ptolemy/domains/de/test/auto/CausalityInterface3.xml
[...]
java.lang.RuntimeException: Execution failed
	at ptolemy.moml.MoMLSimpleApplication$UnloadThread.run(MoMLSimpleApplication.java:402)
Caused by: ptolemy.kernel.util.IllegalActionException: Test fails in iteration 1.
Value was: 1.0. Should have been: 2.0
  in .DirectFeedback.Test
	at ptolemy.actor.lib.Test.fire(Test.java:268)
	at ptolemy.domains.de.kernel.DEDirector._fire(DEDirector.java:1948)
	at ptolemy.domains.de.kernel.DEDirector.fire(DEDirector.java:502)
	at ptolemy.actor.CompositeActor.fire(CompositeActor.java:455)
	at ptolemy.actor.Manager.iterate(Manager.java:851)
	at ptolemy.actor.Manager.execute(Manager.java:369)
	at ptolemy.actor.Manager.run(Manager.java:1263)
	at ptolemy.actor.Manager$PtolemyRunThread.run(Manager.java:1915)
java.lang.RuntimeException: Execution failed
	at ptolemy.moml.MoMLSimpleApplication$UnloadThread.run(MoMLSimpleApplication.java:402)
Caused by: ptolemy.kernel.util.IllegalActionException: Actor is not ready to fire.  Perhaps UpSample.prefire() returned false? Try debugging the actor by selecting "Listen to Actor".  Also, for SDF check moml for tokenConsumptionRate on input.
  in .DESDFClockTest.Play Bell.Copy1:SDF Director and .DESDFClockTest.Play Bell.UpSample
	at ptolemy.actor.sched.StaticSchedulingDirector.fire(StaticSchedulingDirector.java:227)
	at ptolemy.domains.sdf.kernel.SDFDirector.fire(SDFDirector.java:500)
	at ptolemy.actor.CompositeActor.fire(CompositeActor.java:455)
	at ptolemy.domains.de.kernel.DEDirector._fire(DEDirector.java:1948)
	at ptolemy.domains.de.kernel.DEDirector.fire(DEDirector.java:502)
	at ptolemy.actor.CompositeActor.fire(CompositeActor.java:455)
	at ptolemy.actor.Manager.iterate(Manager.java:851)
	at ptolemy.actor.Manager.execute(Manager.java:369)
	at ptolemy.actor.Manager.run(Manager.java:1263)
	at ptolemy.actor.Manager$PtolemyRunThread.run(Manager.java:1915)
java.lang.reflect.InvocationTargetException
	at sun.reflect.NativeConstructorAccessorImpl.newInstance0(Native Method)
	at sun.reflect.NativeConstructorAccessorImpl.newInstance(NativeConstructorAccessorImpl.java:62)
	at sun.reflect.DelegatingConstructorAccessorImpl.newInstance(DelegatingConstructorAccessorImpl.java:45)
	at java.lang.reflect.Constructor.newInstance(Constructor.java:423)
	at ptolemy.util.test.junit.AutoKnownFailedTests.RunModel(AutoKnownFailedTests.java:107)
	at sun.reflect.NativeMethodAccessorImpl.invoke0(Native Method)
	at sun.reflect.NativeMethodAccessorImpl.invoke(NativeMethodAccessorImpl.java:62)
	at sun.reflect.DelegatingMethodAccessorImpl.invoke(DelegatingMethodAccessorImpl.java:43)
	at java.lang.reflect.Method.invoke(Method.java:498)
	at org.junit.runners.model.FrameworkMethod$1.runReflectiveCall(FrameworkMethod.java:44)
	at org.junit.internal.runners.model.ReflectiveCallable.run(ReflectiveCallable.java:15)
	at org.junit.runners.model.FrameworkMethod.invokeExplosively(FrameworkMethod.java:41)
	at junitparams.internal.InvokeParameterisedMethod.evaluate(InvokeParameterisedMethod.java:102)
	at org.junit.internal.runners.statements.FailOnTimeout$1.run(FailOnTimeout.java:28)
Caused by: ptolemy.kernel.util.IllegalActionException: Actor is not ready to fire.  Perhaps UpSample.prefire() returned false? Try debugging the actor by selecting "Listen to Actor".  Also, for SDF check moml for tokenConsumptionRate on input.
  in .DESDFClockTest.Play Bell.Copy1:SDF Director and .DESDFClockTest.Play Bell.UpSample
	at ptolemy.actor.sched.StaticSchedulingDirector.fire(StaticSchedulingDirector.java:227)
	at ptolemy.domains.sdf.kernel.SDFDirector.fire(SDFDirector.java:500)
	at ptolemy.actor.CompositeActor.fire(CompositeActor.java:455)
	at ptolemy.domains.de.kernel.DEDirector._fire(DEDirector.java:1948)
	at ptolemy.domains.de.kernel.DEDirector.fire(DEDirector.java:502)
	at ptolemy.actor.CompositeActor.fire(CompositeActor.java:455)
	at ptolemy.actor.Manager.iterate(Manager.java:851)
	at ptolemy.actor.Manager.execute(Manager.java:369)
	at ptolemy.actor.Manager.run(Manager.java:1263)
	at ptolemy.actor.Manager$PtolemyRunThread.run(Manager.java:1915)
java.lang.RuntimeException: Execution failed
	at ptolemy.moml.MoMLSimpleApplication$UnloadThread.run(MoMLSimpleApplication.java:402)
Caused by: ptolemy.kernel.util.IllegalActionException: Test fails in iteration 1.
Value was: 1.0. Should have been: 2.0
  in .DirectFeedback.Test
	at ptolemy.actor.lib.Test.fire(Test.java:268)
	at ptolemy.domains.de.kernel.DEDirector._fire(DEDirector.java:1948)
	at ptolemy.domains.de.kernel.DEDirector.fire(DEDirector.java:502)
	at ptolemy.actor.CompositeActor.fire(CompositeActor.java:455)
	at ptolemy.actor.Manager.iterate(Manager.java:851)
	at ptolemy.actor.Manager.execute(Manager.java:369)
	at ptolemy.actor.Manager.run(Manager.java:1263)
	at ptolemy.actor.Manager$PtolemyRunThread.run(Manager.java:1915)
java.lang.reflect.InvocationTargetException
	at sun.reflect.NativeConstructorAccessorImpl.newInstance0(Native Method)
	at sun.reflect.NativeConstructorAccessorImpl.newInstance(NativeConstructorAccessorImpl.java:62)
	at sun.reflect.DelegatingConstructorAccessorImpl.newInstance(DelegatingConstructorAccessorImpl.java:45)
	at java.lang.reflect.Constructor.newInstance(Constructor.java:423)
	at ptolemy.util.test.junit.AutoKnownFailedTests.RunModel(AutoKnownFailedTests.java:107)
	at sun.reflect.NativeMethodAccessorImpl.invoke0(Native Method)
	at sun.reflect.NativeMethodAccessorImpl.invoke(NativeMethodAccessorImpl.java:62)
	at sun.reflect.DelegatingMethodAccessorImpl.invoke(DelegatingMethodAccessorImpl.java:43)
	at java.lang.reflect.Method.invoke(Method.java:498)
	at org.junit.runners.model.FrameworkMethod$1.runReflectiveCall(FrameworkMethod.java:44)
	at org.junit.internal.runners.model.ReflectiveCallable.run(ReflectiveCallable.java:15)
	at org.junit.runners.model.FrameworkMethod.invokeExplosively(FrameworkMethod.java:41)
	at junitparams.internal.InvokeParameterisedMethod.evaluate(InvokeParameterisedMethod.java:102)
	at org.junit.internal.runners.statements.FailOnTimeout$1.run(FailOnTimeout.java:28)
Caused by: ptolemy.kernel.util.IllegalActionException: Test fails in iteration 1.
Value was: 1.0. Should have been: 2.0
  in .DirectFeedback.Test
	at ptolemy.actor.lib.Test.fire(Test.java:268)
	at ptolemy.domains.de.kernel.DEDirector._fire(DEDirector.java:1948)
	at ptolemy.domains.de.kernel.DEDirector.fire(DEDirector.java:502)
	at ptolemy.actor.CompositeActor.fire(CompositeActor.java:455)
	at ptolemy.actor.Manager.iterate(Manager.java:851)
	at ptolemy.actor.Manager.execute(Manager.java:369)
	at ptolemy.actor.Manager.run(Manager.java:1263)
	at ptolemy.actor.Manager$PtolemyRunThread.run(Manager.java:1915)
java.lang.RuntimeException: Execution failed
	at ptolemy.moml.MoMLSimpleApplication$UnloadThread.run(MoMLSimpleApplication.java:402)
Caused by: ptolemy.kernel.util.IllegalActionException: Found a zero delay loop containing .HierarchicalModel.A
  in .HierarchicalModel and .HierarchicalModel.A
	at ptolemy.actor.util.CausalityInterfaceForComposites._computeOutputPortDepth(CausalityInterfaceForComposites.java:759)
	at ptolemy.actor.util.CausalityInterfaceForComposites._computeInputDepth(CausalityInterfaceForComposites.java:696)
	at ptolemy.actor.util.CausalityInterfaceForComposites._computeOutputPortDepth(CausalityInterfaceForComposites.java:765)
	at ptolemy.actor.util.CausalityInterfaceForComposites._computeInputDepth(CausalityInterfaceForComposites.java:696)
	at ptolemy.actor.util.CausalityInterfaceForComposites._computeOutputPortDepth(CausalityInterfaceForComposites.java:765)
	at ptolemy.actor.util.CausalityInterfaceForComposites._computeInputDepth(CausalityInterfaceForComposites.java:696)
	at ptolemy.actor.util.CausalityInterfaceForComposites._computeActorDepth(CausalityInterfaceForComposites.java:532)
	at ptolemy.actor.util.CausalityInterfaceForComposites.checkForCycles(CausalityInterfaceForComposites.java:96)
	at ptolemy.domains.de.kernel.DEDirector.preinitialize(DEDirector.java:1337)
	at ptolemy.actor.CompositeActor.preinitialize(CompositeActor.java:1828)
	at ptolemy.actor.Manager.preinitializeAndResolveTypes(Manager.java:1040)
	at ptolemy.actor.Manager.initialize(Manager.java:710)
	at ptolemy.actor.Manager.execute(Manager.java:356)
	at ptolemy.actor.Manager.run(Manager.java:1263)
	at ptolemy.actor.Manager$PtolemyRunThread.run(Manager.java:1915)
java.lang.reflect.InvocationTargetException
	at sun.reflect.NativeConstructorAccessorImpl.newInstance0(Native Method)
	at sun.reflect.NativeConstructorAccessorImpl.newInstance(NativeConstructorAccessorImpl.java:62)
	at sun.reflect.DelegatingConstructorAccessorImpl.newInstance(DelegatingConstructorAccessorImpl.java:45)
	at java.lang.reflect.Constructor.newInstance(Constructor.java:423)
	at ptolemy.util.test.junit.AutoKnownFailedTests.RunModel(AutoKnownFailedTests.java:107)
	at sun.reflect.NativeMethodAccessorImpl.invoke0(Native Method)
	at sun.reflect.NativeMethodAccessorImpl.invoke(NativeMethodAccessorImpl.java:62)
	at sun.reflect.DelegatingMethodAccessorImpl.invoke(DelegatingMethodAccessorImpl.java:43)
	at java.lang.reflect.Method.invoke(Method.java:498)
	at org.junit.runners.model.FrameworkMethod$1.runReflectiveCall(FrameworkMethod.java:44)
	at org.junit.internal.runners.model.ReflectiveCallable.run(ReflectiveCallable.java:15)
	at org.junit.runners.model.FrameworkMethod.invokeExplosively(FrameworkMethod.java:41)
	at junitparams.internal.InvokeParameterisedMethod.evaluate(InvokeParameterisedMethod.java:102)
	at org.junit.internal.runners.statements.FailOnTimeout$1.run(FailOnTimeout.java:28)
Caused by: ptolemy.kernel.util.IllegalActionException: Found a zero delay loop containing .HierarchicalModel.A
  in .HierarchicalModel and .HierarchicalModel.A
	at ptolemy.actor.util.CausalityInterfaceForComposites._computeOutputPortDepth(CausalityInterfaceForComposites.java:759)
	at ptolemy.actor.util.CausalityInterfaceForComposites._computeInputDepth(CausalityInterfaceForComposites.java:696)
	at ptolemy.actor.util.CausalityInterfaceForComposites._computeOutputPortDepth(CausalityInterfaceForComposites.java:765)
	at ptolemy.actor.util.CausalityInterfaceForComposites._computeInputDepth(CausalityInterfaceForComposites.java:696)
	at ptolemy.actor.util.CausalityInterfaceForComposites._computeOutputPortDepth(CausalityInterfaceForComposites.java:765)
	at ptolemy.actor.util.CausalityInterfaceForComposites._computeInputDepth(CausalityInterfaceForComposites.java:696)
	at ptolemy.actor.util.CausalityInterfaceForComposites._computeActorDepth(CausalityInterfaceForComposites.java:532)
	at ptolemy.actor.util.CausalityInterfaceForComposites.checkForCycles(CausalityInterfaceForComposites.java:96)
	at ptolemy.domains.de.kernel.DEDirector.preinitialize(DEDirector.java:1337)
	at ptolemy.actor.CompositeActor.preinitialize(CompositeActor.java:1828)
	at ptolemy.actor.Manager.preinitializeAndResolveTypes(Manager.java:1040)
	at ptolemy.actor.Manager.initialize(Manager.java:710)
	at ptolemy.actor.Manager.execute(Manager.java:356)
	at ptolemy.actor.Manager.run(Manager.java:1263)
	at ptolemy.actor.Manager$PtolemyRunThread.run(Manager.java:1915)
java.lang.RuntimeException: Execution failed
	at ptolemy.moml.MoMLSimpleApplication$UnloadThread.run(MoMLSimpleApplication.java:402)
Caused by: ptolemy.kernel.util.IllegalActionException: Found a zero delay loop containing .dependencyLoop.original
  in .dependencyLoop and .dependencyLoop.original
	at ptolemy.actor.util.CausalityInterfaceForComposites._computeOutputPortDepth(CausalityInterfaceForComposites.java:759)
	at ptolemy.actor.util.CausalityInterfaceForComposites._computeInputDepth(CausalityInterfaceForComposites.java:696)
	at ptolemy.actor.util.CausalityInterfaceForComposites._computeOutputPortDepth(CausalityInterfaceForComposites.java:765)
	at ptolemy.actor.util.CausalityInterfaceForComposites._computeInputDepth(CausalityInterfaceForComposites.java:696)
	at ptolemy.actor.util.CausalityInterfaceForComposites._computeOutputPortDepth(CausalityInterfaceForComposites.java:765)
	at ptolemy.actor.util.CausalityInterfaceForComposites._computeInputDepth(CausalityInterfaceForComposites.java:696)
	at ptolemy.actor.util.CausalityInterfaceForComposites._computeActorDepth(CausalityInterfaceForComposites.java:532)
	at ptolemy.actor.util.CausalityInterfaceForComposites.checkForCycles(CausalityInterfaceForComposites.java:96)
	at ptolemy.domains.de.kernel.DEDirector.preinitialize(DEDirector.java:1337)
	at ptolemy.actor.CompositeActor.preinitialize(CompositeActor.java:1828)
	at ptolemy.actor.Manager.preinitializeAndResolveTypes(Manager.java:1040)
	at ptolemy.actor.Manager.initialize(Manager.java:710)
	at ptolemy.actor.Manager.execute(Manager.java:356)
	at ptolemy.actor.Manager.run(Manager.java:1263)
	at ptolemy.actor.Manager$PtolemyRunThread.run(Manager.java:1915)
java.lang.reflect.InvocationTargetException
	at sun.reflect.NativeConstructorAccessorImpl.newInstance0(Native Method)
	at sun.reflect.NativeConstructorAccessorImpl.newInstance(NativeConstructorAccessorImpl.java:62)
	at sun.reflect.DelegatingConstructorAccessorImpl.newInstance(DelegatingConstructorAccessorImpl.java:45)
	at java.lang.reflect.Constructor.newInstance(Constructor.java:423)
	at ptolemy.util.test.junit.AutoKnownFailedTests.RunModel(AutoKnownFailedTests.java:107)
	at sun.reflect.NativeMethodAccessorImpl.invoke0(Native Method)
	at sun.reflect.NativeMethodAccessorImpl.invoke(NativeMethodAccessorImpl.java:62)
	at sun.reflect.DelegatingMethodAccessorImpl.invoke(DelegatingMethodAccessorImpl.java:43)
	at java.lang.reflect.Method.invoke(Method.java:498)
	at org.junit.runners.model.FrameworkMethod$1.runReflectiveCall(FrameworkMethod.java:44)
	at org.junit.internal.runners.model.ReflectiveCallable.run(ReflectiveCallable.java:15)
	at org.junit.runners.model.FrameworkMethod.invokeExplosively(FrameworkMethod.java:41)
	at junitparams.internal.InvokeParameterisedMethod.evaluate(InvokeParameterisedMethod.java:102)
	at org.junit.internal.runners.statements.FailOnTimeout$1.run(FailOnTimeout.java:28)
Caused by: ptolemy.kernel.util.IllegalActionException: Found a zero delay loop containing .dependencyLoop.original
  in .dependencyLoop and .dependencyLoop.original
	at ptolemy.actor.util.CausalityInterfaceForComposites._computeOutputPortDepth(CausalityInterfaceForComposites.java:759)
	at ptolemy.actor.util.CausalityInterfaceForComposites._computeInputDepth(CausalityInterfaceForComposites.java:696)
	at ptolemy.actor.util.CausalityInterfaceForComposites._computeOutputPortDepth(CausalityInterfaceForComposites.java:765)
	at ptolemy.actor.util.CausalityInterfaceForComposites._computeInputDepth(CausalityInterfaceForComposites.java:696)
	at ptolemy.actor.util.CausalityInterfaceForComposites._computeOutputPortDepth(CausalityInterfaceForComposites.java:765)
	at ptolemy.actor.util.CausalityInterfaceForComposites._computeInputDepth(CausalityInterfaceForComposites.java:696)
	at ptolemy.actor.util.CausalityInterfaceForComposites._computeActorDepth(CausalityInterfaceForComposites.java:532)
	at ptolemy.actor.util.CausalityInterfaceForComposites.checkForCycles(CausalityInterfaceForComposites.java:96)
	at ptolemy.domains.de.kernel.DEDirector.preinitialize(DEDirector.java:1337)
	at ptolemy.actor.CompositeActor.preinitialize(CompositeActor.java:1828)
	at ptolemy.actor.Manager.preinitializeAndResolveTypes(Manager.java:1040)
	at ptolemy.actor.Manager.initialize(Manager.java:710)
	at ptolemy.actor.Manager.execute(Manager.java:356)
	at ptolemy.actor.Manager.run(Manager.java:1263)
	at ptolemy.actor.Manager$PtolemyRunThread.run(Manager.java:1915)
java.lang.RuntimeException: Execution failed
	at ptolemy.moml.MoMLSimpleApplication$UnloadThread.run(MoMLSimpleApplication.java:402)
Caused by: ptolemy.kernel.util.IllegalActionException: Found a zero delay loop containing .dependencyLoop2.original
  in .dependencyLoop2 and .dependencyLoop2.original
	at ptolemy.actor.util.CausalityInterfaceForComposites._computeOutputPortDepth(CausalityInterfaceForComposites.java:759)
	at ptolemy.actor.util.CausalityInterfaceForComposites._computeInputDepth(CausalityInterfaceForComposites.java:696)
	at ptolemy.actor.util.CausalityInterfaceForComposites._computeOutputPortDepth(CausalityInterfaceForComposites.java:765)
	at ptolemy.actor.util.CausalityInterfaceForComposites._computeInputDepth(CausalityInterfaceForComposites.java:696)
	at ptolemy.actor.util.CausalityInterfaceForComposites._computeOutputPortDepth(CausalityInterfaceForComposites.java:765)
	at ptolemy.actor.util.CausalityInterfaceForComposites._computeInputDepth(CausalityInterfaceForComposites.java:696)
	at ptolemy.actor.util.CausalityInterfaceForComposites._computeActorDepth(CausalityInterfaceForComposites.java:532)
	at ptolemy.actor.util.CausalityInterfaceForComposites.checkForCycles(CausalityInterfaceForComposites.java:96)
	at ptolemy.domains.de.kernel.DEDirector.preinitialize(DEDirector.java:1337)
	at ptolemy.actor.CompositeActor.preinitialize(CompositeActor.java:1828)
	at ptolemy.actor.Manager.preinitializeAndResolveTypes(Manager.java:1040)
	at ptolemy.actor.Manager.initialize(Manager.java:710)
	at ptolemy.actor.Manager.execute(Manager.java:356)
	at ptolemy.actor.Manager.run(Manager.java:1263)
	at ptolemy.actor.Manager$PtolemyRunThread.run(Manager.java:1915)
java.lang.reflect.InvocationTargetException
	at sun.reflect.NativeConstructorAccessorImpl.newInstance0(Native Method)
	at sun.reflect.NativeConstructorAccessorImpl.newInstance(NativeConstructorAccessorImpl.java:62)
	at sun.reflect.DelegatingConstructorAccessorImpl.newInstance(DelegatingConstructorAccessorImpl.java:45)
	at java.lang.reflect.Constructor.newInstance(Constructor.java:423)
	at ptolemy.util.test.junit.AutoKnownFailedTests.RunModel(AutoKnownFailedTests.java:107)
	at sun.reflect.NativeMethodAccessorImpl.invoke0(Native Method)
	at sun.reflect.NativeMethodAccessorImpl.invoke(NativeMethodAccessorImpl.java:62)
	at sun.reflect.DelegatingMethodAccessorImpl.invoke(DelegatingMethodAccessorImpl.java:43)
	at java.lang.reflect.Method.invoke(Method.java:498)
	at org.junit.runners.model.FrameworkMethod$1.runReflectiveCall(FrameworkMethod.java:44)
	at org.junit.internal.runners.model.ReflectiveCallable.run(ReflectiveCallable.java:15)
	at org.junit.runners.model.FrameworkMethod.invokeExplosively(FrameworkMethod.java:41)
	at junitparams.internal.InvokeParameterisedMethod.evaluate(InvokeParameterisedMethod.java:102)
	at org.junit.internal.runners.statements.FailOnTimeout$1.run(FailOnTimeout.java:28)
Caused by: ptolemy.kernel.util.IllegalActionException: Found a zero delay loop containing .dependencyLoop2.original
  in .dependencyLoop2 and .dependencyLoop2.original
	at ptolemy.actor.util.CausalityInterfaceForComposites._computeOutputPortDepth(CausalityInterfaceForComposites.java:759)
	at ptolemy.actor.util.CausalityInterfaceForComposites._computeInputDepth(CausalityInterfaceForComposites.java:696)
	at ptolemy.actor.util.CausalityInterfaceForComposites._computeOutputPortDepth(CausalityInterfaceForComposites.java:765)
	at ptolemy.actor.util.CausalityInterfaceForComposites._computeInputDepth(CausalityInterfaceForComposites.java:696)
	at ptolemy.actor.util.CausalityInterfaceForComposites._computeOutputPortDepth(CausalityInterfaceForComposites.java:765)
	at ptolemy.actor.util.CausalityInterfaceForComposites._computeInputDepth(CausalityInterfaceForComposites.java:696)
	at ptolemy.actor.util.CausalityInterfaceForComposites._computeActorDepth(CausalityInterfaceForComposites.java:532)
	at ptolemy.actor.util.CausalityInterfaceForComposites.checkForCycles(CausalityInterfaceForComposites.java:96)
	at ptolemy.domains.de.kernel.DEDirector.preinitialize(DEDirector.java:1337)
	at ptolemy.actor.CompositeActor.preinitialize(CompositeActor.java:1828)
	at ptolemy.actor.Manager.preinitializeAndResolveTypes(Manager.java:1040)
	at ptolemy.actor.Manager.initialize(Manager.java:710)
	at ptolemy.actor.Manager.execute(Manager.java:356)
	at ptolemy.actor.Manager.run(Manager.java:1263)
	at ptolemy.actor.Manager$PtolemyRunThread.run(Manager.java:1915)
]]></system-err>
</testsuite>
