<?xml version="1.0" encoding="UTF-8" ?>
<testsuite errors="0" failures="0" hostname="travis-job-ccba40a2-b4dd-4828-a064-b39809f4f537" name="ptolemy.domains.modal.test.junit.JUnitTclTest" skipped="0" tests="148" time="9.713" timestamp="2018-05-13T01:05:42">
  <properties>
[...]
</properties>
  <testcase classname="ptolemy.util.test.junit.TclTests" name="[0] /home/travis/build/icyphy/ptII/ptolemy/domains/modal/test/SystemLevelType.tcl (RunTclFile)" time="1.705" />
  <testcase classname="ptolemy.util.test.junit.AutoKnownFailedTests" name="[0] /home/travis/build/icyphy/ptII/ptolemy/domains/modal/test/auto/knownFailedTests/CannotAnalysisWithPreemption.xml (RunModel)" time="0.106" />
  <testcase classname="ptolemy.util.test.junit.AutoNameArchTests" name="[0] ThereAreNoAutoTests (RunModel)" time="0.0" />
  <testcase classname="ptolemy.util.test.junit.AutoTests" name="[0] /home/travis/build/icyphy/ptII/ptolemy/domains/modal/test/auto/ABPTest.xml (RunModel)" time="0.787" />
  <testcase classname="ptolemy.util.test.junit.AutoTests" name="[1] /home/travis/build/icyphy/ptII/ptolemy/domains/modal/test/auto/ABROFlat.xml (RunModel)" time="0.067" />
  <testcase classname="ptolemy.util.test.junit.AutoTests" name="[2] /home/travis/build/icyphy/ptII/ptolemy/domains/modal/test/auto/ABROFlat2.xml (RunModel)" time="0.074" />
  <testcase classname="ptolemy.util.test.junit.AutoTests" name="[3] /home/travis/build/icyphy/ptII/ptolemy/domains/modal/test/auto/ABRO_present_hmm.xml (RunModel)" time="0.132" />
  <testcase classname="ptolemy.util.test.junit.AutoTests" name="[4] /home/travis/build/icyphy/ptII/ptolemy/domains/modal/test/auto/AMICoderExample.xml (RunModel)" time="0.048" />
  <testcase classname="ptolemy.util.test.junit.AutoTests" name="[5] /home/travis/build/icyphy/ptII/ptolemy/domains/modal/test/auto/AbsentToPresent.xml (RunModel)" time="0.024" />
  <testcase classname="ptolemy.util.test.junit.AutoTests" name="[6] /home/travis/build/icyphy/ptII/ptolemy/domains/modal/test/auto/Blending.xml (RunModel)" time="0.197" />
  <testcase classname="ptolemy.util.test.junit.AutoTests" name="[7] /home/travis/build/icyphy/ptII/ptolemy/domains/modal/test/auto/Broadcast.xml (RunModel)" time="0.041" />
  <testcase classname="ptolemy.util.test.junit.AutoTests" name="[8] /home/travis/build/icyphy/ptII/ptolemy/domains/modal/test/auto/BroadcastHierarchy.xml (RunModel)" time="0.063" />
  <testcase classname="ptolemy.util.test.junit.AutoTests" name="[9] /home/travis/build/icyphy/ptII/ptolemy/domains/modal/test/auto/BroadcastHierarchy2.xml (RunModel)" time="0.12" />
  <testcase classname="ptolemy.util.test.junit.AutoTests" name="[10] /home/travis/build/icyphy/ptII/ptolemy/domains/modal/test/auto/BroadcastHierarchy3.xml (RunModel)" time="0.119" />
  <testcase classname="ptolemy.util.test.junit.AutoTests" name="[11] /home/travis/build/icyphy/ptII/ptolemy/domains/modal/test/auto/BroadcastHierarchy4.xml (RunModel)" time="0.099" />
  <testcase classname="ptolemy.util.test.junit.AutoTests" name="[12] /home/travis/build/icyphy/ptII/ptolemy/domains/modal/test/auto/CannotAnalysisWithPreemption2.xml (RunModel)" time="0.027" />
  <testcase classname="ptolemy.util.test.junit.AutoTests" name="[13] /home/travis/build/icyphy/ptII/ptolemy/domains/modal/test/auto/CannotAnalysisWithPreemption3.xml (RunModel)" time="0.037" />
  <testcase classname="ptolemy.util.test.junit.AutoTests" name="[14] /home/travis/build/icyphy/ptII/ptolemy/domains/modal/test/auto/CannotProduce.xml (RunModel)" time="0.029" />
  <testcase classname="ptolemy.util.test.junit.AutoTests" name="[15] /home/travis/build/icyphy/ptII/ptolemy/domains/modal/test/auto/CannotProduceModal.xml (RunModel)" time="0.023" />
  <testcase classname="ptolemy.util.test.junit.AutoTests" name="[16] /home/travis/build/icyphy/ptII/ptolemy/domains/modal/test/auto/Case.xml (RunModel)" time="0.078" />
  <testcase classname="ptolemy.util.test.junit.AutoTests" name="[17] /home/travis/build/icyphy/ptII/ptolemy/domains/modal/test/auto/Case1.xml (RunModel)" time="0.034" />
  <testcase classname="ptolemy.util.test.junit.AutoTests" name="[18] /home/travis/build/icyphy/ptII/ptolemy/domains/modal/test/auto/Case2.xml (RunModel)" time="0.06" />
  <testcase classname="ptolemy.util.test.junit.AutoTests" name="[19] /home/travis/build/icyphy/ptII/ptolemy/domains/modal/test/auto/CausalityInterface1.xml (RunModel)" time="0.032" />
  <testcase classname="ptolemy.util.test.junit.AutoTests" name="[20] /home/travis/build/icyphy/ptII/ptolemy/domains/modal/test/auto/CausalityInterface10.xml (RunModel)" time="0.056" />
  <testcase classname="ptolemy.util.test.junit.AutoTests" name="[21] /home/travis/build/icyphy/ptII/ptolemy/domains/modal/test/auto/CausalityInterface11.xml (RunModel)" time="0.046" />
  <testcase classname="ptolemy.util.test.junit.AutoTests" name="[22] /home/travis/build/icyphy/ptII/ptolemy/domains/modal/test/auto/CausalityInterface12.xml (RunModel)" time="0.04" />
  <testcase classname="ptolemy.util.test.junit.AutoTests" name="[23] /home/travis/build/icyphy/ptII/ptolemy/domains/modal/test/auto/CausalityInterface13.xml (RunModel)" time="0.064" />
  <testcase classname="ptolemy.util.test.junit.AutoTests" name="[24] /home/travis/build/icyphy/ptII/ptolemy/domains/modal/test/auto/CausalityInterface14.xml (RunModel)" time="0.045" />
  <testcase classname="ptolemy.util.test.junit.AutoTests" name="[25] /home/travis/build/icyphy/ptII/ptolemy/domains/modal/test/auto/CausalityInterface2.xml (RunModel)" time="0.033" />
  <testcase classname="ptolemy.util.test.junit.AutoTests" name="[26] /home/travis/build/icyphy/ptII/ptolemy/domains/modal/test/auto/CausalityInterface3.xml (RunModel)" time="0.046" />
  <testcase classname="ptolemy.util.test.junit.AutoTests" name="[27] /home/travis/build/icyphy/ptII/ptolemy/domains/modal/test/auto/CausalityInterface4.xml (RunModel)" time="0.024" />
  <testcase classname="ptolemy.util.test.junit.AutoTests" name="[28] /home/travis/build/icyphy/ptII/ptolemy/domains/modal/test/auto/CausalityInterface5.xml (RunModel)" time="0.036" />
  <testcase classname="ptolemy.util.test.junit.AutoTests" name="[29] /home/travis/build/icyphy/ptII/ptolemy/domains/modal/test/auto/CausalityInterface6.xml (RunModel)" time="0.031" />
  <testcase classname="ptolemy.util.test.junit.AutoTests" name="[30] /home/travis/build/icyphy/ptII/ptolemy/domains/modal/test/auto/CausalityInterface7.xml (RunModel)" time="0.03" />
  <testcase classname="ptolemy.util.test.junit.AutoTests" name="[31] /home/travis/build/icyphy/ptII/ptolemy/domains/modal/test/auto/CausalityInterface8.xml (RunModel)" time="0.047" />
  <testcase classname="ptolemy.util.test.junit.AutoTests" name="[32] /home/travis/build/icyphy/ptII/ptolemy/domains/modal/test/auto/CausalityInterface9.xml (RunModel)" time="0.034" />
  <testcase classname="ptolemy.util.test.junit.AutoTests" name="[33] /home/travis/build/icyphy/ptII/ptolemy/domains/modal/test/auto/ChainedTransitions.xml (RunModel)" time="0.138" />
  <testcase classname="ptolemy.util.test.junit.AutoTests" name="[34] /home/travis/build/icyphy/ptII/ptolemy/domains/modal/test/auto/CycleOfImmediateTransitionsFSM.xml (RunModel)" time="0.019" />
  <testcase classname="ptolemy.util.test.junit.AutoTests" name="[35] /home/travis/build/icyphy/ptII/ptolemy/domains/modal/test/auto/CycleOfImmediateTransitionsModal.xml (RunModel)" time="0.02" />
  <testcase classname="ptolemy.util.test.junit.AutoTests" name="[36] /home/travis/build/icyphy/ptII/ptolemy/domains/modal/test/auto/CycleOfImmediateTransitionsModal2.xml (RunModel)" time="0.038" />
  <testcase classname="ptolemy.util.test.junit.AutoTests" name="[37] /home/travis/build/icyphy/ptII/ptolemy/domains/modal/test/auto/CycleOfImmediateTransitionsModal3.xml (RunModel)" time="0.08" />
  <testcase classname="ptolemy.util.test.junit.AutoTests" name="[38] /home/travis/build/icyphy/ptII/ptolemy/domains/modal/test/auto/DeepModal1.xml (RunModel)" time="0.044" />
  <testcase classname="ptolemy.util.test.junit.AutoTests" name="[39] /home/travis/build/icyphy/ptII/ptolemy/domains/modal/test/auto/DeepModal2.xml (RunModel)" time="0.058" />
  <testcase classname="ptolemy.util.test.junit.AutoTests" name="[40] /home/travis/build/icyphy/ptII/ptolemy/domains/modal/test/auto/DeepModal3.xml (RunModel)" time="0.071" />
  <testcase classname="ptolemy.util.test.junit.AutoTests" name="[41] /home/travis/build/icyphy/ptII/ptolemy/domains/modal/test/auto/DeepModal4.xml (RunModel)" time="0.087" />
  <testcase classname="ptolemy.util.test.junit.AutoTests" name="[42] /home/travis/build/icyphy/ptII/ptolemy/domains/modal/test/auto/Default1.xml (RunModel)" time="0.033" />
  <testcase classname="ptolemy.util.test.junit.AutoTests" name="[43] /home/travis/build/icyphy/ptII/ptolemy/domains/modal/test/auto/Default2.xml (RunModel)" time="0.017" />
  <testcase classname="ptolemy.util.test.junit.AutoTests" name="[44] /home/travis/build/icyphy/ptII/ptolemy/domains/modal/test/auto/Default3.xml (RunModel)" time="0.023" />
  <testcase classname="ptolemy.util.test.junit.AutoTests" name="[45] /home/travis/build/icyphy/ptII/ptolemy/domains/modal/test/auto/Default4.xml (RunModel)" time="0.023" />
  <testcase classname="ptolemy.util.test.junit.AutoTests" name="[46] /home/travis/build/icyphy/ptII/ptolemy/domains/modal/test/auto/Default5.xml (RunModel)" time="0.041" />
  <testcase classname="ptolemy.util.test.junit.AutoTests" name="[47] /home/travis/build/icyphy/ptII/ptolemy/domains/modal/test/auto/EmptyGuard.xml (RunModel)" time="0.034" />
  <testcase classname="ptolemy.util.test.junit.AutoTests" name="[48] /home/travis/build/icyphy/ptII/ptolemy/domains/modal/test/auto/ErrorTransition1.xml (RunModel)" time="0.039" />
  <testcase classname="ptolemy.util.test.junit.AutoTests" name="[49] /home/travis/build/icyphy/ptII/ptolemy/domains/modal/test/auto/ErrorTransition10.xml (RunModel)" time="0.036" />
  <testcase classname="ptolemy.util.test.junit.AutoTests" name="[50] /home/travis/build/icyphy/ptII/ptolemy/domains/modal/test/auto/ErrorTransition11.xml (RunModel)" time="0.032" />
  <testcase classname="ptolemy.util.test.junit.AutoTests" name="[51] /home/travis/build/icyphy/ptII/ptolemy/domains/modal/test/auto/ErrorTransition2.xml (RunModel)" time="0.024" />
  <testcase classname="ptolemy.util.test.junit.AutoTests" name="[52] /home/travis/build/icyphy/ptII/ptolemy/domains/modal/test/auto/ErrorTransition3.xml (RunModel)" time="0.03" />
  <testcase classname="ptolemy.util.test.junit.AutoTests" name="[53] /home/travis/build/icyphy/ptII/ptolemy/domains/modal/test/auto/ErrorTransition4.xml (RunModel)" time="0.036" />
  <testcase classname="ptolemy.util.test.junit.AutoTests" name="[54] /home/travis/build/icyphy/ptII/ptolemy/domains/modal/test/auto/ErrorTransition5.xml (RunModel)" time="0.027" />
  <testcase classname="ptolemy.util.test.junit.AutoTests" name="[55] /home/travis/build/icyphy/ptII/ptolemy/domains/modal/test/auto/ErrorTransition6.xml (RunModel)" time="0.029" />
  <testcase classname="ptolemy.util.test.junit.AutoTests" name="[56] /home/travis/build/icyphy/ptII/ptolemy/domains/modal/test/auto/ErrorTransition7.xml (RunModel)" time="0.038" />
  <testcase classname="ptolemy.util.test.junit.AutoTests" name="[57] /home/travis/build/icyphy/ptII/ptolemy/domains/modal/test/auto/ErrorTransition8.xml (RunModel)" time="0.087" />
  <testcase classname="ptolemy.util.test.junit.AutoTests" name="[58] /home/travis/build/icyphy/ptII/ptolemy/domains/modal/test/auto/ErrorTransition9.xml (RunModel)" time="0.041" />
  <testcase classname="ptolemy.util.test.junit.AutoTests" name="[59] /home/travis/build/icyphy/ptII/ptolemy/domains/modal/test/auto/ExtendedFSM.xml (RunModel)" time="0.022" />
  <testcase classname="ptolemy.util.test.junit.AutoTests" name="[60] /home/travis/build/icyphy/ptII/ptolemy/domains/modal/test/auto/FinalStates.xml (RunModel)" time="0.023" />
  <testcase classname="ptolemy.util.test.junit.AutoTests" name="[61] /home/travis/build/icyphy/ptII/ptolemy/domains/modal/test/auto/FixedPointFSM.xml (RunModel)" time="0.041" />
  <testcase classname="ptolemy.util.test.junit.AutoTests" name="[62] /home/travis/build/icyphy/ptII/ptolemy/domains/modal/test/auto/FixedPointIterationFSMActor.xml (RunModel)" time="0.028" />
  <testcase classname="ptolemy.util.test.junit.AutoTests" name="[63] /home/travis/build/icyphy/ptII/ptolemy/domains/modal/test/auto/FixedPointIterationFSMActor2.xml (RunModel)" time="0.04" />
  <testcase classname="ptolemy.util.test.junit.AutoTests" name="[64] /home/travis/build/icyphy/ptII/ptolemy/domains/modal/test/auto/ForbiddenInstantanousLoop.xml (RunModel)" time="0.031" />
  <testcase classname="ptolemy.util.test.junit.AutoTests" name="[65] /home/travis/build/icyphy/ptII/ptolemy/domains/modal/test/auto/FunctionDependencyOfFSMActorTest.xml (RunModel)" time="0.027" />
  <testcase classname="ptolemy.util.test.junit.AutoTests" name="[66] /home/travis/build/icyphy/ptII/ptolemy/domains/modal/test/auto/GuardExpression.xml (RunModel)" time="0.015" />
  <testcase classname="ptolemy.util.test.junit.AutoTests" name="[67] /home/travis/build/icyphy/ptII/ptolemy/domains/modal/test/auto/GuardNotEvaluated.xml (RunModel)" time="0.031" />
  <testcase classname="ptolemy.util.test.junit.AutoTests" name="[68] /home/travis/build/icyphy/ptII/ptolemy/domains/modal/test/auto/GuardNotEvaluated2.xml (RunModel)" time="0.027" />
  <testcase classname="ptolemy.util.test.junit.AutoTests" name="[69] /home/travis/build/icyphy/ptII/ptolemy/domains/modal/test/auto/GuardOnAbsent.xml (RunModel)" time="0.018" />
  <testcase classname="ptolemy.util.test.junit.AutoTests" name="[70] /home/travis/build/icyphy/ptII/ptolemy/domains/modal/test/auto/HierarchicalFSMTypeInference.xml (RunModel)" time="0.026" />
  <testcase classname="ptolemy.util.test.junit.AutoTests" name="[71] /home/travis/build/icyphy/ptII/ptolemy/domains/modal/test/auto/Hysteresis.xml (RunModel)" time="0.037" />
  <testcase classname="ptolemy.util.test.junit.AutoTests" name="[72] /home/travis/build/icyphy/ptII/ptolemy/domains/modal/test/auto/HysteresisWithDefault.xml (RunModel)" time="0.056" />
  <testcase classname="ptolemy.util.test.junit.AutoTests" name="[73] /home/travis/build/icyphy/ptII/ptolemy/domains/modal/test/auto/HysteresisWithDefault2.xml (RunModel)" time="0.07" />
  <testcase classname="ptolemy.util.test.junit.AutoTests" name="[74] /home/travis/build/icyphy/ptII/ptolemy/domains/modal/test/auto/ImmediateNonConstructiveness.xml (RunModel)" time="0.017" />
  <testcase classname="ptolemy.util.test.junit.AutoTests" name="[75] /home/travis/build/icyphy/ptII/ptolemy/domains/modal/test/auto/ImmediateNonConstructiveness2.xml (RunModel)" time="0.022" />
  <testcase classname="ptolemy.util.test.junit.AutoTests" name="[76] /home/travis/build/icyphy/ptII/ptolemy/domains/modal/test/auto/ImmediateTransitionReset.xml (RunModel)" time="0.034" />
  <testcase classname="ptolemy.util.test.junit.AutoTests" name="[77] /home/travis/build/icyphy/ptII/ptolemy/domains/modal/test/auto/ImmediateTransitions1.xml (RunModel)" time="0.01" />
  <testcase classname="ptolemy.util.test.junit.AutoTests" name="[78] /home/travis/build/icyphy/ptII/ptolemy/domains/modal/test/auto/ImmediateTransitionsInstantaneousCommunication.xml (RunModel)" time="0.037" />
  <testcase classname="ptolemy.util.test.junit.AutoTests" name="[79] /home/travis/build/icyphy/ptII/ptolemy/domains/modal/test/auto/InitialImmediateTransition.xml (RunModel)" time="0.015" />
  <testcase classname="ptolemy.util.test.junit.AutoTests" name="[80] /home/travis/build/icyphy/ptII/ptolemy/domains/modal/test/auto/InitialOutputs.xml (RunModel)" time="0.014" />
  <testcase classname="ptolemy.util.test.junit.AutoTests" name="[81] /home/travis/build/icyphy/ptII/ptolemy/domains/modal/test/auto/InitialStateTransition1.xml (RunModel)" time="0.019" />
  <testcase classname="ptolemy.util.test.junit.AutoTests" name="[82] /home/travis/build/icyphy/ptII/ptolemy/domains/modal/test/auto/InitialStateTransition2.xml (RunModel)" time="0.019" />
  <testcase classname="ptolemy.util.test.junit.AutoTests" name="[83] /home/travis/build/icyphy/ptII/ptolemy/domains/modal/test/auto/InitialStateTransition3.xml (RunModel)" time="0.02" />
  <testcase classname="ptolemy.util.test.junit.AutoTests" name="[84] /home/travis/build/icyphy/ptII/ptolemy/domains/modal/test/auto/InitialStateTransition4.xml (RunModel)" time="0.023" />
  <testcase classname="ptolemy.util.test.junit.AutoTests" name="[85] /home/travis/build/icyphy/ptII/ptolemy/domains/modal/test/auto/MalformedGuardExpressionNotCaught.xml (RunModel)" time="0.017" />
  <testcase classname="ptolemy.util.test.junit.AutoTests" name="[86] /home/travis/build/icyphy/ptII/ptolemy/domains/modal/test/auto/ModalBSC.xml (RunModel)" time="0.089" />
  <testcase classname="ptolemy.util.test.junit.AutoTests" name="[87] /home/travis/build/icyphy/ptII/ptolemy/domains/modal/test/auto/ModalClocks.xml (RunModel)" time="0.076" />
  <testcase classname="ptolemy.util.test.junit.AutoTests" name="[88] /home/travis/build/icyphy/ptII/ptolemy/domains/modal/test/auto/ModalDelay.xml (RunModel)" time="0.044" />
  <testcase classname="ptolemy.util.test.junit.AutoTests" name="[89] /home/travis/build/icyphy/ptII/ptolemy/domains/modal/test/auto/ModalDelay2.xml (RunModel)" time="0.043" />
  <testcase classname="ptolemy.util.test.junit.AutoTests" name="[90] /home/travis/build/icyphy/ptII/ptolemy/domains/modal/test/auto/ModalModelFromMemo.xml (RunModel)" time="0.053" />
  <testcase classname="ptolemy.util.test.junit.AutoTests" name="[91] /home/travis/build/icyphy/ptII/ptolemy/domains/modal/test/auto/ModalModelWithMultirateTransient.xml (RunModel)" time="0.04" />
  <testcase classname="ptolemy.util.test.junit.AutoTests" name="[92] /home/travis/build/icyphy/ptII/ptolemy/domains/modal/test/auto/ModalModelWithReset.xml (RunModel)" time="0.042" />
  <testcase classname="ptolemy.util.test.junit.AutoTests" name="[93] /home/travis/build/icyphy/ptII/ptolemy/domains/modal/test/auto/MouseClickFSM.xml (RunModel)" time="0.044" />
  <testcase classname="ptolemy.util.test.junit.AutoTests" name="[94] /home/travis/build/icyphy/ptII/ptolemy/domains/modal/test/auto/MouseClickFSMModal.xml (RunModel)" time="0.031" />
  <testcase classname="ptolemy.util.test.junit.AutoTests" name="[95] /home/travis/build/icyphy/ptII/ptolemy/domains/modal/test/auto/NonStrictFSM_FeedbackLoop.xml (RunModel)" time="0.046" />
  <testcase classname="ptolemy.util.test.junit.AutoTests" name="[96] /home/travis/build/icyphy/ptII/ptolemy/domains/modal/test/auto/NonStrictFSM_FeedbackLoop_Refinement.xml (RunModel)" time="0.072" />
  <testcase classname="ptolemy.util.test.junit.AutoTests" name="[97] /home/travis/build/icyphy/ptII/ptolemy/domains/modal/test/auto/NonStrictFSM_FeedbackLoop_preemptive.xml (RunModel)" time="0.038" />
  <testcase classname="ptolemy.util.test.junit.AutoTests" name="[98] /home/travis/build/icyphy/ptII/ptolemy/domains/modal/test/auto/NormalTermination.xml (RunModel)" time="0.049" />
  <testcase classname="ptolemy.util.test.junit.AutoTests" name="[99] /home/travis/build/icyphy/ptII/ptolemy/domains/modal/test/auto/Pong.xml (RunModel)" time="0.068" />
  <testcase classname="ptolemy.util.test.junit.AutoTests" name="[100] /home/travis/build/icyphy/ptII/ptolemy/domains/modal/test/auto/Pong_test.xml (RunModel)" time="0.098" />
  <testcase classname="ptolemy.util.test.junit.AutoTests" name="[101] /home/travis/build/icyphy/ptII/ptolemy/domains/modal/test/auto/PreemptionHierarchy.xml (RunModel)" time="0.026" />
  <testcase classname="ptolemy.util.test.junit.AutoTests" name="[102] /home/travis/build/icyphy/ptII/ptolemy/domains/modal/test/auto/PreemptionHierarchy2.xml (RunModel)" time="0.029" />
  <testcase classname="ptolemy.util.test.junit.AutoTests" name="[103] /home/travis/build/icyphy/ptII/ptolemy/domains/modal/test/auto/PreemptiveTransition.xml (RunModel)" time="0.034" />
  <testcase classname="ptolemy.util.test.junit.AutoTests" name="[104] /home/travis/build/icyphy/ptII/ptolemy/domains/modal/test/auto/Priorities.xml (RunModel)" time="0.082" />
  <testcase classname="ptolemy.util.test.junit.AutoTests" name="[105] /home/travis/build/icyphy/ptII/ptolemy/domains/modal/test/auto/ResetFinal.xml (RunModel)" time="0.057" />
  <testcase classname="ptolemy.util.test.junit.AutoTests" name="[106] /home/travis/build/icyphy/ptII/ptolemy/domains/modal/test/auto/ResetFinal2.xml (RunModel)" time="0.027" />
  <testcase classname="ptolemy.util.test.junit.AutoTests" name="[107] /home/travis/build/icyphy/ptII/ptolemy/domains/modal/test/auto/ResetTransitionWithStartTime.xml (RunModel)" time="0.027" />
  <testcase classname="ptolemy.util.test.junit.AutoTests" name="[108] /home/travis/build/icyphy/ptII/ptolemy/domains/modal/test/auto/SDF-FSMComposite.xml (RunModel)" time="0.021" />
  <testcase classname="ptolemy.util.test.junit.AutoTests" name="[109] /home/travis/build/icyphy/ptII/ptolemy/domains/modal/test/auto/SeeminglyNondeterminate.xml (RunModel)" time="0.063" />
  <testcase classname="ptolemy.util.test.junit.AutoTests" name="[110] /home/travis/build/icyphy/ptII/ptolemy/domains/modal/test/auto/SeeminglyNondeterminate2.xml (RunModel)" time="0.066" />
  <testcase classname="ptolemy.util.test.junit.AutoTests" name="[111] /home/travis/build/icyphy/ptII/ptolemy/domains/modal/test/auto/SpontaneousFSM.xml (RunModel)" time="0.043" />
  <testcase classname="ptolemy.util.test.junit.AutoTests" name="[112] /home/travis/build/icyphy/ptII/ptolemy/domains/modal/test/auto/SpontaneousFSM2.xml (RunModel)" time="0.029" />
  <testcase classname="ptolemy.util.test.junit.AutoTests" name="[113] /home/travis/build/icyphy/ptII/ptolemy/domains/modal/test/auto/SpontaneousFSM3.xml (RunModel)" time="0.042" />
  <testcase classname="ptolemy.util.test.junit.AutoTests" name="[114] /home/travis/build/icyphy/ptII/ptolemy/domains/modal/test/auto/SpontaneousFSM4.xml (RunModel)" time="0.043" />
  <testcase classname="ptolemy.util.test.junit.AutoTests" name="[115] /home/travis/build/icyphy/ptII/ptolemy/domains/modal/test/auto/StateTrackerTest.xml (RunModel)" time="0.064" />
  <testcase classname="ptolemy.util.test.junit.AutoTests" name="[116] /home/travis/build/icyphy/ptII/ptolemy/domains/modal/test/auto/StrongImmediateTransition.xml (RunModel)" time="0.025" />
  <testcase classname="ptolemy.util.test.junit.AutoTests" name="[117] /home/travis/build/icyphy/ptII/ptolemy/domains/modal/test/auto/SustainHierarchy.xml (RunModel)" time="0.038" />
  <testcase classname="ptolemy.util.test.junit.AutoTests" name="[118] /home/travis/build/icyphy/ptII/ptolemy/domains/modal/test/auto/TerminationTransition1.xml (RunModel)" time="0.02" />
  <testcase classname="ptolemy.util.test.junit.AutoTests" name="[119] /home/travis/build/icyphy/ptII/ptolemy/domains/modal/test/auto/TerminationTransition2.xml (RunModel)" time="0.022" />
  <testcase classname="ptolemy.util.test.junit.AutoTests" name="[120] /home/travis/build/icyphy/ptII/ptolemy/domains/modal/test/auto/TerminationTransition3.xml (RunModel)" time="0.023" />
  <testcase classname="ptolemy.util.test.junit.AutoTests" name="[121] /home/travis/build/icyphy/ptII/ptolemy/domains/modal/test/auto/TerminationTransition4.xml (RunModel)" time="0.034" />
  <testcase classname="ptolemy.util.test.junit.AutoTests" name="[122] /home/travis/build/icyphy/ptII/ptolemy/domains/modal/test/auto/TerminationTransition5.xml (RunModel)" time="0.039" />
  <testcase classname="ptolemy.util.test.junit.AutoTests" name="[123] /home/travis/build/icyphy/ptII/ptolemy/domains/modal/test/auto/TerminationTransition6.xml (RunModel)" time="0.017" />
  <testcase classname="ptolemy.util.test.junit.AutoTests" name="[124] /home/travis/build/icyphy/ptII/ptolemy/domains/modal/test/auto/TerminationTransition7.xml (RunModel)" time="0.025" />
  <testcase classname="ptolemy.util.test.junit.AutoTests" name="[125] /home/travis/build/icyphy/ptII/ptolemy/domains/modal/test/auto/TerminationTransition8.xml (RunModel)" time="0.018" />
  <testcase classname="ptolemy.util.test.junit.AutoTests" name="[126] /home/travis/build/icyphy/ptII/ptolemy/domains/modal/test/auto/Thermostat_NoHysteresis.xml (RunModel)" time="0.046" />
  <testcase classname="ptolemy.util.test.junit.AutoTests" name="[127] /home/travis/build/icyphy/ptII/ptolemy/domains/modal/test/auto/TimedFSM.xml (RunModel)" time="0.025" />
  <testcase classname="ptolemy.util.test.junit.AutoTests" name="[128] /home/travis/build/icyphy/ptII/ptolemy/domains/modal/test/auto/Timeout1.xml (RunModel)" time="0.012" />
  <testcase classname="ptolemy.util.test.junit.AutoTests" name="[129] /home/travis/build/icyphy/ptII/ptolemy/domains/modal/test/auto/Timeout2.xml (RunModel)" time="0.015" />
  <testcase classname="ptolemy.util.test.junit.AutoTests" name="[130] /home/travis/build/icyphy/ptII/ptolemy/domains/modal/test/auto/Timeout3.xml (RunModel)" time="0.014" />
  <testcase classname="ptolemy.util.test.junit.AutoTests" name="[131] /home/travis/build/icyphy/ptII/ptolemy/domains/modal/test/auto/Timeout4.xml (RunModel)" time="0.016" />
  <testcase classname="ptolemy.util.test.junit.AutoTests" name="[132] /home/travis/build/icyphy/ptII/ptolemy/domains/modal/test/auto/TransientstateModelAdvanced.xml (RunModel)" time="0.023" />
  <testcase classname="ptolemy.util.test.junit.AutoTests" name="[133] /home/travis/build/icyphy/ptII/ptolemy/domains/modal/test/auto/TransientstateModelAdvanced2.xml (RunModel)" time="0.03" />
  <testcase classname="ptolemy.util.test.junit.AutoTests" name="[134] /home/travis/build/icyphy/ptII/ptolemy/domains/modal/test/auto/TransitionRefinements.xml (RunModel)" time="0.024" />
  <testcase classname="ptolemy.util.test.junit.AutoTests" name="[135] /home/travis/build/icyphy/ptII/ptolemy/domains/modal/test/auto/TwoRefinements1.xml (RunModel)" time="0.022" />
  <testcase classname="ptolemy.util.test.junit.AutoTests" name="[136] /home/travis/build/icyphy/ptII/ptolemy/domains/modal/test/auto/TwoRefinements2.xml (RunModel)" time="0.025" />
  <testcase classname="ptolemy.util.test.junit.AutoTests" name="[137] /home/travis/build/icyphy/ptII/ptolemy/domains/modal/test/auto/WeakImmediateTransition.xml (RunModel)" time="0.022" />
  <testcase classname="ptolemy.util.test.junit.AutoTests" name="[138] /home/travis/build/icyphy/ptII/ptolemy/domains/modal/test/auto/booleanSelect.xml (RunModel)" time="0.05" />
  <testcase classname="ptolemy.util.test.junit.AutoTests" name="[139] /home/travis/build/icyphy/ptII/ptolemy/domains/modal/test/auto/modalChangingParams.xml (RunModel)" time="0.213" />
  <testcase classname="ptolemy.util.test.junit.AutoTests" name="[140] /home/travis/build/icyphy/ptII/ptolemy/domains/modal/test/auto/modalModel.xml (RunModel)" time="0.025" />
  <testcase classname="ptolemy.util.test.junit.AutoTests" name="[141] /home/travis/build/icyphy/ptII/ptolemy/domains/modal/test/auto/modalModel2.xml (RunModel)" time="0.028" />
  <testcase classname="ptolemy.util.test.junit.AutoTests" name="[142] /home/travis/build/icyphy/ptII/ptolemy/domains/modal/test/auto/modalModel3.xml (RunModel)" time="0.04" />
  <testcase classname="ptolemy.util.test.junit.AutoTests" name="[143] /home/travis/build/icyphy/ptII/ptolemy/domains/modal/test/auto/model1.xml (RunModel)" time="0.019" />
  <testcase classname="ptolemy.util.test.junit.AutoTests" name="[144] /home/travis/build/icyphy/ptII/ptolemy/domains/modal/test/auto/test-direct-in-out.xml (RunModel)" time="0.017" />
  <system-out><![CDATA[/home/travis/build/icyphy/ptII/ptolemy/domains/modal/test/SystemLevelType.tcl
testDefs.tcl: setting time out to 9000 seconds at Sun May 13 01:05:42 UTC 2018
05/13/18 01:05:44
Failed: 0  Total Tests: 1  ((Passed: 1, Newly Passed: 0)  Known Failed: 0) /home/travis/build/icyphy/ptII/ptolemy/domains/modal/test
----------------- testing (KnownFailure) /home/travis/build/icyphy/ptII/ptolemy/domains/modal/test/auto/knownFailedTests/CannotAnalysisWithPreemption.xml
27 ms. Memory: 208384K Free: 188405K (90%)
Known Failure: java.lang.reflect.InvocationTargetException
No auto/*.xml tests in /home/travis/build/icyphy/ptII/ptolemy/domains/modal/test
AutoTests.java: About to close Vertx.
AutoTests.java: Vertx closed.
----------------- testing Sun May 13 01:05:44 UTC 2018 /home/travis/build/icyphy/ptII/ptolemy/domains/modal/test/auto/ABPTest.xml
----------------- Instantiating /home/travis/build/icyphy/ptII/ptolemy/domains/modal/test/auto/ABPTest.xml
384 ms. Memory: 331776K Free: 293258K (88%)
----------------- Invoking toplevel() on ptolemy.moml.MoMLSimpleApplication@4667ae4a
----------------- Done invoking toplevel() on ptolemy.moml.MoMLSimpleApplication@4667ae4a
reloadAllAccessors: .ABPTest
----------------- testing Sun May 13 01:05:45 UTC 2018 /home/travis/build/icyphy/ptII/ptolemy/domains/modal/test/auto/ABROFlat.xml
----------------- Instantiating /home/travis/build/icyphy/ptII/ptolemy/domains/modal/test/auto/ABROFlat.xml
19 ms. Memory: 331776K Free: 271157K (82%)
----------------- Invoking toplevel() on ptolemy.moml.MoMLSimpleApplication@17dcca03
----------------- Done invoking toplevel() on ptolemy.moml.MoMLSimpleApplication@17dcca03
reloadAllAccessors: .ABROFlat
----------------- testing Sun May 13 01:05:45 UTC 2018 /home/travis/build/icyphy/ptII/ptolemy/domains/modal/test/auto/ABROFlat2.xml
----------------- Instantiating /home/travis/build/icyphy/ptII/ptolemy/domains/modal/test/auto/ABROFlat2.xml
18 ms. Memory: 331776K Free: 253197K (76%)
----------------- Invoking toplevel() on ptolemy.moml.MoMLSimpleApplication@1222c348
----------------- Done invoking toplevel() on ptolemy.moml.MoMLSimpleApplication@1222c348
reloadAllAccessors: .ABROFlat2
----------------- testing Sun May 13 01:05:45 UTC 2018 /home/travis/build/icyphy/ptII/ptolemy/domains/modal/test/auto/ABRO_present_hmm.xml
----------------- Instantiating /home/travis/build/icyphy/ptII/ptolemy/domains/modal/test/auto/ABRO_present_hmm.xml
27 ms. Memory: 331776K Free: 220573K (66%)
----------------- Invoking toplevel() on ptolemy.moml.MoMLSimpleApplication@1c2405c5
----------------- Done invoking toplevel() on ptolemy.moml.MoMLSimpleApplication@1c2405c5
reloadAllAccessors: .ABRO_present_hmm
----------------- testing Sun May 13 01:05:46 UTC 2018 /home/travis/build/icyphy/ptII/ptolemy/domains/modal/test/auto/AMICoderExample.xml
----------------- Instantiating /home/travis/build/icyphy/ptII/ptolemy/domains/modal/test/auto/AMICoderExample.xml
18 ms. Memory: 331776K Free: 209152K (63%)
----------------- Invoking toplevel() on ptolemy.moml.MoMLSimpleApplication@17478cca
----------------- Done invoking toplevel() on ptolemy.moml.MoMLSimpleApplication@17478cca
reloadAllAccessors: .AMICoderExample
----------------- testing Sun May 13 01:05:46 UTC 2018 /home/travis/build/icyphy/ptII/ptolemy/domains/modal/test/auto/AbsentToPresent.xml
----------------- Instantiating /home/travis/build/icyphy/ptII/ptolemy/domains/modal/test/auto/AbsentToPresent.xml
4 ms. Memory: 331776K Free: 199209K (60%)
----------------- Invoking toplevel() on ptolemy.moml.MoMLSimpleApplication@684675b0
----------------- Done invoking toplevel() on ptolemy.moml.MoMLSimpleApplication@684675b0
reloadAllAccessors: .AbsentToPresent
----------------- testing Sun May 13 01:05:46 UTC 2018 /home/travis/build/icyphy/ptII/ptolemy/domains/modal/test/auto/Blending.xml
----------------- Instantiating /home/travis/build/icyphy/ptII/ptolemy/domains/modal/test/auto/Blending.xml
81 ms. Memory: 331776K Free: 143743K (43%)
----------------- Invoking toplevel() on ptolemy.moml.MoMLSimpleApplication@53ee4280
----------------- Done invoking toplevel() on ptolemy.moml.MoMLSimpleApplication@53ee4280
reloadAllAccessors: .Blending
----------------- testing Sun May 13 01:05:46 UTC 2018 /home/travis/build/icyphy/ptII/ptolemy/domains/modal/test/auto/Broadcast.xml
----------------- Instantiating /home/travis/build/icyphy/ptII/ptolemy/domains/modal/test/auto/Broadcast.xml
7 ms. Memory: 331776K Free: 130720K (39%)
----------------- Invoking toplevel() on ptolemy.moml.MoMLSimpleApplication@25560d58
----------------- Done invoking toplevel() on ptolemy.moml.MoMLSimpleApplication@25560d58
reloadAllAccessors: .Broadcast
----------------- testing Sun May 13 01:05:46 UTC 2018 /home/travis/build/icyphy/ptII/ptolemy/domains/modal/test/auto/BroadcastHierarchy.xml
----------------- Instantiating /home/travis/build/icyphy/ptII/ptolemy/domains/modal/test/auto/BroadcastHierarchy.xml
11 ms. Memory: 331776K Free: 112768K (34%)
----------------- Invoking toplevel() on ptolemy.moml.MoMLSimpleApplication@2ab11cb9
----------------- Done invoking toplevel() on ptolemy.moml.MoMLSimpleApplication@2ab11cb9
reloadAllAccessors: .BroadcastHierarchy
----------------- testing Sun May 13 01:05:46 UTC 2018 /home/travis/build/icyphy/ptII/ptolemy/domains/modal/test/auto/BroadcastHierarchy2.xml
----------------- Instantiating /home/travis/build/icyphy/ptII/ptolemy/domains/modal/test/auto/BroadcastHierarchy2.xml
31 ms. Memory: 331776K Free: 76894K (23%)
----------------- Invoking toplevel() on ptolemy.moml.MoMLSimpleApplication@78917142
----------------- Done invoking toplevel() on ptolemy.moml.MoMLSimpleApplication@78917142
reloadAllAccessors: .BroadcastHierarchy2
----------------- testing Sun May 13 01:05:46 UTC 2018 /home/travis/build/icyphy/ptII/ptolemy/domains/modal/test/auto/BroadcastHierarchy3.xml
----------------- Instantiating /home/travis/build/icyphy/ptII/ptolemy/domains/modal/test/auto/BroadcastHierarchy3.xml
18 ms. Memory: 333824K Free: 297444K (89%)
----------------- Invoking toplevel() on ptolemy.moml.MoMLSimpleApplication@a5a3425
----------------- Done invoking toplevel() on ptolemy.moml.MoMLSimpleApplication@a5a3425
reloadAllAccessors: .BroadcastHierarchy3
----------------- testing Sun May 13 01:05:46 UTC 2018 /home/travis/build/icyphy/ptII/ptolemy/domains/modal/test/auto/BroadcastHierarchy4.xml
----------------- Instantiating /home/travis/build/icyphy/ptII/ptolemy/domains/modal/test/auto/BroadcastHierarchy4.xml
18 ms. Memory: 333824K Free: 262568K (79%)
----------------- Invoking toplevel() on ptolemy.moml.MoMLSimpleApplication@23388713
----------------- Done invoking toplevel() on ptolemy.moml.MoMLSimpleApplication@23388713
reloadAllAccessors: .BroadcastHierarchy4
----------------- testing Sun May 13 01:05:46 UTC 2018 /home/travis/build/icyphy/ptII/ptolemy/domains/modal/test/auto/CannotAnalysisWithPreemption2.xml
----------------- Instantiating /home/travis/build/icyphy/ptII/ptolemy/domains/modal/test/auto/CannotAnalysisWithPreemption2.xml
4 ms. Memory: 333824K Free: 252803K (76%)
----------------- Invoking toplevel() on ptolemy.moml.MoMLSimpleApplication@619e4b6a
----------------- Done invoking toplevel() on ptolemy.moml.MoMLSimpleApplication@619e4b6a
reloadAllAccessors: .CannotAnalysisWithPreemption2
----------------- testing Sun May 13 01:05:46 UTC 2018 /home/travis/build/icyphy/ptII/ptolemy/domains/modal/test/auto/CannotAnalysisWithPreemption3.xml
----------------- Instantiating /home/travis/build/icyphy/ptII/ptolemy/domains/modal/test/auto/CannotAnalysisWithPreemption3.xml
7 ms. Memory: 333824K Free: 239772K (72%)
----------------- Invoking toplevel() on ptolemy.moml.MoMLSimpleApplication@4082527f
----------------- Done invoking toplevel() on ptolemy.moml.MoMLSimpleApplication@4082527f
reloadAllAccessors: .CannotAnalysisWithPreemption3
----------------- testing Sun May 13 01:05:46 UTC 2018 /home/travis/build/icyphy/ptII/ptolemy/domains/modal/test/auto/CannotProduce.xml
----------------- Instantiating /home/travis/build/icyphy/ptII/ptolemy/domains/modal/test/auto/CannotProduce.xml
11 ms. Memory: 333824K Free: 230974K (69%)
----------------- Invoking toplevel() on ptolemy.moml.MoMLSimpleApplication@1b8d2096
----------------- Done invoking toplevel() on ptolemy.moml.MoMLSimpleApplication@1b8d2096
reloadAllAccessors: .CannotProduce
----------------- testing Sun May 13 01:05:46 UTC 2018 /home/travis/build/icyphy/ptII/ptolemy/domains/modal/test/auto/CannotProduceModal.xml
----------------- Instantiating /home/travis/build/icyphy/ptII/ptolemy/domains/modal/test/auto/CannotProduceModal.xml
4 ms. Memory: 333824K Free: 222818K (67%)
----------------- Invoking toplevel() on ptolemy.moml.MoMLSimpleApplication@220eae9e
----------------- Done invoking toplevel() on ptolemy.moml.MoMLSimpleApplication@220eae9e
reloadAllAccessors: .CannotProduceModal
----------------- testing Sun May 13 01:05:46 UTC 2018 /home/travis/build/icyphy/ptII/ptolemy/domains/modal/test/auto/Case.xml
----------------- Instantiating /home/travis/build/icyphy/ptII/ptolemy/domains/modal/test/auto/Case.xml
30 ms. Memory: 333824K Free: 209763K (63%)
----------------- Invoking toplevel() on ptolemy.moml.MoMLSimpleApplication@3f4bb2c7
----------------- Done invoking toplevel() on ptolemy.moml.MoMLSimpleApplication@3f4bb2c7
reloadAllAccessors: .Case
----------------- testing Sun May 13 01:05:46 UTC 2018 /home/travis/build/icyphy/ptII/ptolemy/domains/modal/test/auto/Case1.xml
----------------- Instantiating /home/travis/build/icyphy/ptII/ptolemy/domains/modal/test/auto/Case1.xml
9 ms. Memory: 333824K Free: 199339K (60%)
----------------- Invoking toplevel() on ptolemy.moml.MoMLSimpleApplication@7d99f5af
----------------- Done invoking toplevel() on ptolemy.moml.MoMLSimpleApplication@7d99f5af
reloadAllAccessors: .Case1
----------------- testing Sun May 13 01:05:46 UTC 2018 /home/travis/build/icyphy/ptII/ptolemy/domains/modal/test/auto/Case2.xml
----------------- Instantiating /home/travis/build/icyphy/ptII/ptolemy/domains/modal/test/auto/Case2.xml
23 ms. Memory: 333824K Free: 187910K (56%)
----------------- Invoking toplevel() on ptolemy.moml.MoMLSimpleApplication@152c39ce
----------------- Done invoking toplevel() on ptolemy.moml.MoMLSimpleApplication@152c39ce
reloadAllAccessors: .Case2
----------------- testing Sun May 13 01:05:47 UTC 2018 /home/travis/build/icyphy/ptII/ptolemy/domains/modal/test/auto/CausalityInterface1.xml
----------------- Instantiating /home/travis/build/icyphy/ptII/ptolemy/domains/modal/test/auto/CausalityInterface1.xml
4 ms. Memory: 333824K Free: 181395K (54%)
----------------- Invoking toplevel() on ptolemy.moml.MoMLSimpleApplication@6e7513f2
----------------- Done invoking toplevel() on ptolemy.moml.MoMLSimpleApplication@6e7513f2
reloadAllAccessors: .CausalityInterface1
----------------- testing Sun May 13 01:05:47 UTC 2018 /home/travis/build/icyphy/ptII/ptolemy/domains/modal/test/auto/CausalityInterface10.xml
----------------- Instantiating /home/travis/build/icyphy/ptII/ptolemy/domains/modal/test/auto/CausalityInterface10.xml
14 ms. Memory: 333824K Free: 162807K (49%)
----------------- Invoking toplevel() on ptolemy.moml.MoMLSimpleApplication@4bf8f732
----------------- Done invoking toplevel() on ptolemy.moml.MoMLSimpleApplication@4bf8f732
reloadAllAccessors: .CausalityInterface10
----------------- testing Sun May 13 01:05:47 UTC 2018 /home/travis/build/icyphy/ptII/ptolemy/domains/modal/test/auto/CausalityInterface11.xml
----------------- Instantiating /home/travis/build/icyphy/ptII/ptolemy/domains/modal/test/auto/CausalityInterface11.xml
10 ms. Memory: 333824K Free: 146480K (44%)
----------------- Invoking toplevel() on ptolemy.moml.MoMLSimpleApplication@33b1d8
----------------- Done invoking toplevel() on ptolemy.moml.MoMLSimpleApplication@33b1d8
reloadAllAccessors: .CausalityInterface11
----------------- testing Sun May 13 01:05:47 UTC 2018 /home/travis/build/icyphy/ptII/ptolemy/domains/modal/test/auto/CausalityInterface12.xml
----------------- Instantiating /home/travis/build/icyphy/ptII/ptolemy/domains/modal/test/auto/CausalityInterface12.xml
4 ms. Memory: 333824K Free: 130184K (39%)
----------------- Invoking toplevel() on ptolemy.moml.MoMLSimpleApplication@43cd0337
----------------- Done invoking toplevel() on ptolemy.moml.MoMLSimpleApplication@43cd0337
reloadAllAccessors: .CausalityInterface12
----------------- testing Sun May 13 01:05:47 UTC 2018 /home/travis/build/icyphy/ptII/ptolemy/domains/modal/test/auto/CausalityInterface13.xml
----------------- Instantiating /home/travis/build/icyphy/ptII/ptolemy/domains/modal/test/auto/CausalityInterface13.xml
18 ms. Memory: 333824K Free: 111604K (33%)
----------------- Invoking toplevel() on ptolemy.moml.MoMLSimpleApplication@7c6f5775
----------------- Done invoking toplevel() on ptolemy.moml.MoMLSimpleApplication@7c6f5775
reloadAllAccessors: .CausalityInterface13
----------------- testing Sun May 13 01:05:47 UTC 2018 /home/travis/build/icyphy/ptII/ptolemy/domains/modal/test/auto/CausalityInterface14.xml
----------------- Instantiating /home/travis/build/icyphy/ptII/ptolemy/domains/modal/test/auto/CausalityInterface14.xml
8 ms. Memory: 333824K Free: 95308K (29%)
----------------- Invoking toplevel() on ptolemy.moml.MoMLSimpleApplication@6a3b2781
----------------- Done invoking toplevel() on ptolemy.moml.MoMLSimpleApplication@6a3b2781
reloadAllAccessors: .CausalityInterface14
----------------- testing Sun May 13 01:05:47 UTC 2018 /home/travis/build/icyphy/ptII/ptolemy/domains/modal/test/auto/CausalityInterface2.xml
----------------- Instantiating /home/travis/build/icyphy/ptII/ptolemy/domains/modal/test/auto/CausalityInterface2.xml
6 ms. Memory: 333824K Free: 87168K (26%)
----------------- Invoking toplevel() on ptolemy.moml.MoMLSimpleApplication@4dc87d64
----------------- Done invoking toplevel() on ptolemy.moml.MoMLSimpleApplication@4dc87d64
reloadAllAccessors: .CausalityInterface2
----------------- testing Sun May 13 01:05:47 UTC 2018 /home/travis/build/icyphy/ptII/ptolemy/domains/modal/test/auto/CausalityInterface3.xml
----------------- Instantiating /home/travis/build/icyphy/ptII/ptolemy/domains/modal/test/auto/CausalityInterface3.xml
3 ms. Memory: 577024K Free: 561465K (97%)
----------------- Invoking toplevel() on ptolemy.moml.MoMLSimpleApplication@73f8c11c
----------------- Done invoking toplevel() on ptolemy.moml.MoMLSimpleApplication@73f8c11c
reloadAllAccessors: .CausalityInterface3
----------------- testing Sun May 13 01:05:47 UTC 2018 /home/travis/build/icyphy/ptII/ptolemy/domains/modal/test/auto/CausalityInterface4.xml
----------------- Instantiating /home/travis/build/icyphy/ptII/ptolemy/domains/modal/test/auto/CausalityInterface4.xml
3 ms. Memory: 577024K Free: 548330K (95%)
----------------- Invoking toplevel() on ptolemy.moml.MoMLSimpleApplication@48782f7d
----------------- Done invoking toplevel() on ptolemy.moml.MoMLSimpleApplication@48782f7d
reloadAllAccessors: .CausalityInterface4
----------------- testing Sun May 13 01:05:47 UTC 2018 /home/travis/build/icyphy/ptII/ptolemy/domains/modal/test/auto/CausalityInterface5.xml
----------------- Instantiating /home/travis/build/icyphy/ptII/ptolemy/domains/modal/test/auto/CausalityInterface5.xml
5 ms. Memory: 577024K Free: 535316K (93%)
----------------- Invoking toplevel() on ptolemy.moml.MoMLSimpleApplication@437ab38a
----------------- Done invoking toplevel() on ptolemy.moml.MoMLSimpleApplication@437ab38a
reloadAllAccessors: .CausalityInterface5
----------------- testing Sun May 13 01:05:47 UTC 2018 /home/travis/build/icyphy/ptII/ptolemy/domains/modal/test/auto/CausalityInterface6.xml
----------------- Instantiating /home/travis/build/icyphy/ptII/ptolemy/domains/modal/test/auto/CausalityInterface6.xml
4 ms. Memory: 577024K Free: 522302K (91%)
----------------- Invoking toplevel() on ptolemy.moml.MoMLSimpleApplication@4eda7e33
----------------- Done invoking toplevel() on ptolemy.moml.MoMLSimpleApplication@4eda7e33
reloadAllAccessors: .CausalityInterface6
----------------- testing Sun May 13 01:05:47 UTC 2018 /home/travis/build/icyphy/ptII/ptolemy/domains/modal/test/auto/CausalityInterface7.xml
----------------- Instantiating /home/travis/build/icyphy/ptII/ptolemy/domains/modal/test/auto/CausalityInterface7.xml
5 ms. Memory: 577024K Free: 509287K (88%)
----------------- Invoking toplevel() on ptolemy.moml.MoMLSimpleApplication@3605289
----------------- Done invoking toplevel() on ptolemy.moml.MoMLSimpleApplication@3605289
reloadAllAccessors: .CausalityInterface7
----------------- testing Sun May 13 01:05:47 UTC 2018 /home/travis/build/icyphy/ptII/ptolemy/domains/modal/test/auto/CausalityInterface8.xml
----------------- Instantiating /home/travis/build/icyphy/ptII/ptolemy/domains/modal/test/auto/CausalityInterface8.xml
5 ms. Memory: 577024K Free: 493149K (85%)
----------------- Invoking toplevel() on ptolemy.moml.MoMLSimpleApplication@51620cc3
----------------- Done invoking toplevel() on ptolemy.moml.MoMLSimpleApplication@51620cc3
reloadAllAccessors: .CausalityInterface8
----------------- testing Sun May 13 01:05:47 UTC 2018 /home/travis/build/icyphy/ptII/ptolemy/domains/modal/test/auto/CausalityInterface9.xml
----------------- Instantiating /home/travis/build/icyphy/ptII/ptolemy/domains/modal/test/auto/CausalityInterface9.xml
7 ms. Memory: 577024K Free: 480135K (83%)
----------------- Invoking toplevel() on ptolemy.moml.MoMLSimpleApplication@576df1f
----------------- Done invoking toplevel() on ptolemy.moml.MoMLSimpleApplication@576df1f
reloadAllAccessors: .CausalityInterface9
----------------- testing Sun May 13 01:05:47 UTC 2018 /home/travis/build/icyphy/ptII/ptolemy/domains/modal/test/auto/ChainedTransitions.xml
----------------- Instantiating /home/travis/build/icyphy/ptII/ptolemy/domains/modal/test/auto/ChainedTransitions.xml
86 ms. Memory: 577024K Free: 450825K (78%)
----------------- Invoking toplevel() on ptolemy.moml.MoMLSimpleApplication@564ce667
----------------- Done invoking toplevel() on ptolemy.moml.MoMLSimpleApplication@564ce667
reloadAllAccessors: .ChainedTransitions
----------------- testing Sun May 13 01:05:47 UTC 2018 /home/travis/build/icyphy/ptII/ptolemy/domains/modal/test/auto/CycleOfImmediateTransitionsFSM.xml
----------------- Instantiating /home/travis/build/icyphy/ptII/ptolemy/domains/modal/test/auto/CycleOfImmediateTransitionsFSM.xml
3 ms. Memory: 577024K Free: 441061K (76%)
----------------- Invoking toplevel() on ptolemy.moml.MoMLSimpleApplication@13ddf014
----------------- Done invoking toplevel() on ptolemy.moml.MoMLSimpleApplication@13ddf014
reloadAllAccessors: .CycleOfImmediateTransitionsFSM
----------------- testing Sun May 13 01:05:47 UTC 2018 /home/travis/build/icyphy/ptII/ptolemy/domains/modal/test/auto/CycleOfImmediateTransitionsModal.xml
----------------- Instantiating /home/travis/build/icyphy/ptII/ptolemy/domains/modal/test/auto/CycleOfImmediateTransitionsModal.xml
3 ms. Memory: 577024K Free: 428164K (74%)
----------------- Invoking toplevel() on ptolemy.moml.MoMLSimpleApplication@4a224c01
----------------- Done invoking toplevel() on ptolemy.moml.MoMLSimpleApplication@4a224c01
reloadAllAccessors: .CycleOfImmediateTransitionsModal
----------------- testing Sun May 13 01:05:47 UTC 2018 /home/travis/build/icyphy/ptII/ptolemy/domains/modal/test/auto/CycleOfImmediateTransitionsModal2.xml
----------------- Instantiating /home/travis/build/icyphy/ptII/ptolemy/domains/modal/test/auto/CycleOfImmediateTransitionsModal2.xml
5 ms. Memory: 577024K Free: 418400K (73%)
----------------- Invoking toplevel() on ptolemy.moml.MoMLSimpleApplication@432bc71b
----------------- Done invoking toplevel() on ptolemy.moml.MoMLSimpleApplication@432bc71b
reloadAllAccessors: .CycleOfImmediateTransitionsModal2
----------------- testing Sun May 13 01:05:47 UTC 2018 /home/travis/build/icyphy/ptII/ptolemy/domains/modal/test/auto/CycleOfImmediateTransitionsModal3.xml
----------------- Instantiating /home/travis/build/icyphy/ptII/ptolemy/domains/modal/test/auto/CycleOfImmediateTransitionsModal3.xml
9 ms. Memory: 577024K Free: 389106K (67%)
----------------- Invoking toplevel() on ptolemy.moml.MoMLSimpleApplication@5840f61d
----------------- Done invoking toplevel() on ptolemy.moml.MoMLSimpleApplication@5840f61d
reloadAllAccessors: .CycleOfImmediateTransitionsModal3
----------------- testing Sun May 13 01:05:47 UTC 2018 /home/travis/build/icyphy/ptII/ptolemy/domains/modal/test/auto/DeepModal1.xml
----------------- Instantiating /home/travis/build/icyphy/ptII/ptolemy/domains/modal/test/auto/DeepModal1.xml
19 ms. Memory: 577024K Free: 369569K (64%)
----------------- Invoking toplevel() on ptolemy.moml.MoMLSimpleApplication@497fb520
----------------- Done invoking toplevel() on ptolemy.moml.MoMLSimpleApplication@497fb520
reloadAllAccessors: .DeepModal1
----------------- testing Sun May 13 01:05:48 UTC 2018 /home/travis/build/icyphy/ptII/ptolemy/domains/modal/test/auto/DeepModal2.xml
----------------- Instantiating /home/travis/build/icyphy/ptII/ptolemy/domains/modal/test/auto/DeepModal2.xml
21 ms. Memory: 577024K Free: 343650K (60%)
----------------- Invoking toplevel() on ptolemy.moml.MoMLSimpleApplication@7f9eaa83
----------------- Done invoking toplevel() on ptolemy.moml.MoMLSimpleApplication@7f9eaa83
reloadAllAccessors: .DeepModal2
----------------- testing Sun May 13 01:05:48 UTC 2018 /home/travis/build/icyphy/ptII/ptolemy/domains/modal/test/auto/DeepModal3.xml
----------------- Instantiating /home/travis/build/icyphy/ptII/ptolemy/domains/modal/test/auto/DeepModal3.xml
22 ms. Memory: 577024K Free: 320872K (56%)
----------------- Invoking toplevel() on ptolemy.moml.MoMLSimpleApplication@23af95e8
----------------- Done invoking toplevel() on ptolemy.moml.MoMLSimpleApplication@23af95e8
reloadAllAccessors: .DeepModal3
----------------- testing Sun May 13 01:05:48 UTC 2018 /home/travis/build/icyphy/ptII/ptolemy/domains/modal/test/auto/DeepModal4.xml
----------------- Instantiating /home/travis/build/icyphy/ptII/ptolemy/domains/modal/test/auto/DeepModal4.xml
26 ms. Memory: 577024K Free: 298093K (52%)
----------------- Invoking toplevel() on ptolemy.moml.MoMLSimpleApplication@66df4b5b
----------------- Done invoking toplevel() on ptolemy.moml.MoMLSimpleApplication@66df4b5b
reloadAllAccessors: .DeepModal4
----------------- testing Sun May 13 01:05:48 UTC 2018 /home/travis/build/icyphy/ptII/ptolemy/domains/modal/test/auto/Default1.xml
----------------- Instantiating /home/travis/build/icyphy/ptII/ptolemy/domains/modal/test/auto/Default1.xml
2 ms. Memory: 577024K Free: 288344K (50%)
----------------- Invoking toplevel() on ptolemy.moml.MoMLSimpleApplication@7aca85bd
----------------- Done invoking toplevel() on ptolemy.moml.MoMLSimpleApplication@7aca85bd
reloadAllAccessors: .Default1
----------------- testing Sun May 13 01:05:48 UTC 2018 /home/travis/build/icyphy/ptII/ptolemy/domains/modal/test/auto/Default2.xml
----------------- Instantiating /home/travis/build/icyphy/ptII/ptolemy/domains/modal/test/auto/Default2.xml
2 ms. Memory: 577024K Free: 275447K (48%)
----------------- Invoking toplevel() on ptolemy.moml.MoMLSimpleApplication@61983739
----------------- Done invoking toplevel() on ptolemy.moml.MoMLSimpleApplication@61983739
reloadAllAccessors: .Default2
----------------- testing Sun May 13 01:05:48 UTC 2018 /home/travis/build/icyphy/ptII/ptolemy/domains/modal/test/auto/Default3.xml
----------------- Instantiating /home/travis/build/icyphy/ptII/ptolemy/domains/modal/test/auto/Default3.xml
3 ms. Memory: 577024K Free: 265683K (46%)
----------------- Invoking toplevel() on ptolemy.moml.MoMLSimpleApplication@45b50f5
----------------- Done invoking toplevel() on ptolemy.moml.MoMLSimpleApplication@45b50f5
reloadAllAccessors: .Default3
----------------- testing Sun May 13 01:05:48 UTC 2018 /home/travis/build/icyphy/ptII/ptolemy/domains/modal/test/auto/Default4.xml
----------------- Instantiating /home/travis/build/icyphy/ptII/ptolemy/domains/modal/test/auto/Default4.xml
6 ms. Memory: 577024K Free: 255926K (44%)
----------------- Invoking toplevel() on ptolemy.moml.MoMLSimpleApplication@3f1a744b
----------------- Done invoking toplevel() on ptolemy.moml.MoMLSimpleApplication@3f1a744b
reloadAllAccessors: .Default4
----------------- testing Sun May 13 01:05:48 UTC 2018 /home/travis/build/icyphy/ptII/ptolemy/domains/modal/test/auto/Default5.xml
----------------- Instantiating /home/travis/build/icyphy/ptII/ptolemy/domains/modal/test/auto/Default5.xml
12 ms. Memory: 577024K Free: 242912K (42%)
----------------- Invoking toplevel() on ptolemy.moml.MoMLSimpleApplication@4deefd7b
----------------- Done invoking toplevel() on ptolemy.moml.MoMLSimpleApplication@4deefd7b
reloadAllAccessors: .Default5
----------------- testing Sun May 13 01:05:48 UTC 2018 /home/travis/build/icyphy/ptII/ptolemy/domains/modal/test/auto/EmptyGuard.xml
----------------- Instantiating /home/travis/build/icyphy/ptII/ptolemy/domains/modal/test/auto/EmptyGuard.xml
16 ms. Memory: 577024K Free: 226766K (39%)
----------------- Invoking toplevel() on ptolemy.moml.MoMLSimpleApplication@2e3a7f5f
----------------- Done invoking toplevel() on ptolemy.moml.MoMLSimpleApplication@2e3a7f5f
reloadAllAccessors: .EmptyGuard
----------------- testing Sun May 13 01:05:48 UTC 2018 /home/travis/build/icyphy/ptII/ptolemy/domains/modal/test/auto/ErrorTransition1.xml
----------------- Instantiating /home/travis/build/icyphy/ptII/ptolemy/domains/modal/test/auto/ErrorTransition1.xml
14 ms. Memory: 577024K Free: 213760K (37%)
----------------- Invoking toplevel() on ptolemy.moml.MoMLSimpleApplication@66aafc93
----------------- Done invoking toplevel() on ptolemy.moml.MoMLSimpleApplication@66aafc93
reloadAllAccessors: .ErrorTransition1
----------------- testing Sun May 13 01:05:48 UTC 2018 /home/travis/build/icyphy/ptII/ptolemy/domains/modal/test/auto/ErrorTransition10.xml
----------------- Instantiating /home/travis/build/icyphy/ptII/ptolemy/domains/modal/test/auto/ErrorTransition10.xml
9 ms. Memory: 577024K Free: 197496K (34%)
----------------- Invoking toplevel() on ptolemy.moml.MoMLSimpleApplication@568da8e6
----------------- Done invoking toplevel() on ptolemy.moml.MoMLSimpleApplication@568da8e6
reloadAllAccessors: .ErrorTransition10
----------------- testing Sun May 13 01:05:48 UTC 2018 /home/travis/build/icyphy/ptII/ptolemy/domains/modal/test/auto/ErrorTransition11.xml
----------------- Instantiating /home/travis/build/icyphy/ptII/ptolemy/domains/modal/test/auto/ErrorTransition11.xml
4 ms. Memory: 577024K Free: 181233K (31%)
----------------- Invoking toplevel() on ptolemy.moml.MoMLSimpleApplication@e2fecce
----------------- Done invoking toplevel() on ptolemy.moml.MoMLSimpleApplication@e2fecce
reloadAllAccessors: .ErrorTransition11
----------------- testing Sun May 13 01:05:48 UTC 2018 /home/travis/build/icyphy/ptII/ptolemy/domains/modal/test/auto/ErrorTransition2.xml
----------------- Instantiating /home/travis/build/icyphy/ptII/ptolemy/domains/modal/test/auto/ErrorTransition2.xml
6 ms. Memory: 577024K Free: 168234K (29%)
----------------- Invoking toplevel() on ptolemy.moml.MoMLSimpleApplication@5567ae6c
----------------- Done invoking toplevel() on ptolemy.moml.MoMLSimpleApplication@5567ae6c
reloadAllAccessors: .ErrorTransition2
----------------- testing Sun May 13 01:05:48 UTC 2018 /home/travis/build/icyphy/ptII/ptolemy/domains/modal/test/auto/ErrorTransition3.xml
----------------- Instantiating /home/travis/build/icyphy/ptII/ptolemy/domains/modal/test/auto/ErrorTransition3.xml
10 ms. Memory: 577024K Free: 152097K (26%)
----------------- Invoking toplevel() on ptolemy.moml.MoMLSimpleApplication@35443fd7
----------------- Done invoking toplevel() on ptolemy.moml.MoMLSimpleApplication@35443fd7
reloadAllAccessors: .ErrorTransition3
----------------- testing Sun May 13 01:05:48 UTC 2018 /home/travis/build/icyphy/ptII/ptolemy/domains/modal/test/auto/ErrorTransition4.xml
----------------- Instantiating /home/travis/build/icyphy/ptII/ptolemy/domains/modal/test/auto/ErrorTransition4.xml
9 ms. Memory: 577024K Free: 139082K (24%)
----------------- Invoking toplevel() on ptolemy.moml.MoMLSimpleApplication@7c585b0
----------------- Done invoking toplevel() on ptolemy.moml.MoMLSimpleApplication@7c585b0
reloadAllAccessors: .ErrorTransition4
----------------- testing Sun May 13 01:05:48 UTC 2018 /home/travis/build/icyphy/ptII/ptolemy/domains/modal/test/auto/ErrorTransition5.xml
----------------- Instantiating /home/travis/build/icyphy/ptII/ptolemy/domains/modal/test/auto/ErrorTransition5.xml
5 ms. Memory: 577024K Free: 126068K (22%)
----------------- Invoking toplevel() on ptolemy.moml.MoMLSimpleApplication@7234858a
----------------- Done invoking toplevel() on ptolemy.moml.MoMLSimpleApplication@7234858a
reloadAllAccessors: .ErrorTransition5
----------------- testing Sun May 13 01:05:48 UTC 2018 /home/travis/build/icyphy/ptII/ptolemy/domains/modal/test/auto/ErrorTransition6.xml
----------------- Instantiating /home/travis/build/icyphy/ptII/ptolemy/domains/modal/test/auto/ErrorTransition6.xml
7 ms. Memory: 577024K Free: 113062K (20%)
----------------- Invoking toplevel() on ptolemy.moml.MoMLSimpleApplication@21c42fdf
----------------- Done invoking toplevel() on ptolemy.moml.MoMLSimpleApplication@21c42fdf
reloadAllAccessors: .ErrorTransition6
----------------- testing Sun May 13 01:05:48 UTC 2018 /home/travis/build/icyphy/ptII/ptolemy/domains/modal/test/auto/ErrorTransition7.xml
----------------- Instantiating /home/travis/build/icyphy/ptII/ptolemy/domains/modal/test/auto/ErrorTransition7.xml
11 ms. Memory: 577024K Free: 93659K (16%)
----------------- Invoking toplevel() on ptolemy.moml.MoMLSimpleApplication@7025f5f7
----------------- Done invoking toplevel() on ptolemy.moml.MoMLSimpleApplication@7025f5f7
reloadAllAccessors: .ErrorTransition7
----------------- testing Sun May 13 01:05:48 UTC 2018 /home/travis/build/icyphy/ptII/ptolemy/domains/modal/test/auto/ErrorTransition8.xml
----------------- Instantiating /home/travis/build/icyphy/ptII/ptolemy/domains/modal/test/auto/ErrorTransition8.xml
60 ms. Memory: 577024K Free: 564430K (98%)
----------------- Invoking toplevel() on ptolemy.moml.MoMLSimpleApplication@1513f5a1
----------------- Done invoking toplevel() on ptolemy.moml.MoMLSimpleApplication@1513f5a1
reloadAllAccessors: .ErrorTransition8
----------------- testing Sun May 13 01:05:48 UTC 2018 /home/travis/build/icyphy/ptII/ptolemy/domains/modal/test/auto/ErrorTransition9.xml
----------------- Instantiating /home/travis/build/icyphy/ptII/ptolemy/domains/modal/test/auto/ErrorTransition9.xml
12 ms. Memory: 577024K Free: 543434K (94%)
----------------- Invoking toplevel() on ptolemy.moml.MoMLSimpleApplication@1edb36ac
----------------- Done invoking toplevel() on ptolemy.moml.MoMLSimpleApplication@1edb36ac
reloadAllAccessors: .ErrorTransition9
----------------- testing Sun May 13 01:05:48 UTC 2018 /home/travis/build/icyphy/ptII/ptolemy/domains/modal/test/auto/ExtendedFSM.xml
----------------- Instantiating /home/travis/build/icyphy/ptII/ptolemy/domains/modal/test/auto/ExtendedFSM.xml
8 ms. Memory: 577024K Free: 533669K (92%)
----------------- Invoking toplevel() on ptolemy.moml.MoMLSimpleApplication@2268bc3e
----------------- Done invoking toplevel() on ptolemy.moml.MoMLSimpleApplication@2268bc3e
reloadAllAccessors: .ExtendedFSM
----------------- testing Sun May 13 01:05:48 UTC 2018 /home/travis/build/icyphy/ptII/ptolemy/domains/modal/test/auto/FinalStates.xml
----------------- Instantiating /home/travis/build/icyphy/ptII/ptolemy/domains/modal/test/auto/FinalStates.xml
4 ms. Memory: 577024K Free: 521714K (90%)
----------------- Invoking toplevel() on ptolemy.moml.MoMLSimpleApplication@75f65271
----------------- Done invoking toplevel() on ptolemy.moml.MoMLSimpleApplication@75f65271
reloadAllAccessors: .FinalStates
----------------- testing Sun May 13 01:05:48 UTC 2018 /home/travis/build/icyphy/ptII/ptolemy/domains/modal/test/auto/FixedPointFSM.xml
----------------- Instantiating /home/travis/build/icyphy/ptII/ptolemy/domains/modal/test/auto/FixedPointFSM.xml
16 ms. Memory: 577024K Free: 504622K (87%)
----------------- Invoking toplevel() on ptolemy.moml.MoMLSimpleApplication@13d6647f
----------------- Done invoking toplevel() on ptolemy.moml.MoMLSimpleApplication@13d6647f
reloadAllAccessors: .FixedPointFSM
----------------- testing Sun May 13 01:05:48 UTC 2018 /home/travis/build/icyphy/ptII/ptolemy/domains/modal/test/auto/FixedPointIterationFSMActor.xml
----------------- Instantiating /home/travis/build/icyphy/ptII/ptolemy/domains/modal/test/auto/FixedPointIterationFSMActor.xml
5 ms. Memory: 577024K Free: 492404K (85%)
----------------- Invoking toplevel() on ptolemy.moml.MoMLSimpleApplication@74f4abb8
----------------- Done invoking toplevel() on ptolemy.moml.MoMLSimpleApplication@74f4abb8
reloadAllAccessors: .FixedPointIterationFSMActor
----------------- testing Sun May 13 01:05:49 UTC 2018 /home/travis/build/icyphy/ptII/ptolemy/domains/modal/test/auto/FixedPointIterationFSMActor2.xml
----------------- Instantiating /home/travis/build/icyphy/ptII/ptolemy/domains/modal/test/auto/FixedPointIterationFSMActor2.xml
11 ms. Memory: 577024K Free: 475543K (82%)
----------------- Invoking toplevel() on ptolemy.moml.MoMLSimpleApplication@110535f7
----------------- Done invoking toplevel() on ptolemy.moml.MoMLSimpleApplication@110535f7
reloadAllAccessors: .FixedPointIterationFSMActor2
----------------- testing Sun May 13 01:05:49 UTC 2018 /home/travis/build/icyphy/ptII/ptolemy/domains/modal/test/auto/ForbiddenInstantanousLoop.xml
----------------- Instantiating /home/travis/build/icyphy/ptII/ptolemy/domains/modal/test/auto/ForbiddenInstantanousLoop.xml
5 ms. Memory: 577024K Free: 460904K (80%)
----------------- Invoking toplevel() on ptolemy.moml.MoMLSimpleApplication@6b4a5ddd
----------------- Done invoking toplevel() on ptolemy.moml.MoMLSimpleApplication@6b4a5ddd
reloadAllAccessors: .ForbiddenInstantanousLoop
----------------- testing Sun May 13 01:05:49 UTC 2018 /home/travis/build/icyphy/ptII/ptolemy/domains/modal/test/auto/FunctionDependencyOfFSMActorTest.xml
----------------- Instantiating /home/travis/build/icyphy/ptII/ptolemy/domains/modal/test/auto/FunctionDependencyOfFSMActorTest.xml
11 ms. Memory: 577024K Free: 453593K (79%)
----------------- Invoking toplevel() on ptolemy.moml.MoMLSimpleApplication@721fcd96
----------------- Done invoking toplevel() on ptolemy.moml.MoMLSimpleApplication@721fcd96
reloadAllAccessors: .FunctionDependencyOfFSMActorTest
----------------- testing Sun May 13 01:05:49 UTC 2018 /home/travis/build/icyphy/ptII/ptolemy/domains/modal/test/auto/GuardExpression.xml
----------------- Instantiating /home/travis/build/icyphy/ptII/ptolemy/domains/modal/test/auto/GuardExpression.xml
2 ms. Memory: 577024K Free: 444091K (77%)
----------------- Invoking toplevel() on ptolemy.moml.MoMLSimpleApplication@2e4477f3
----------------- Done invoking toplevel() on ptolemy.moml.MoMLSimpleApplication@2e4477f3
reloadAllAccessors: .GuardExpression
----------------- testing Sun May 13 01:05:49 UTC 2018 /home/travis/build/icyphy/ptII/ptolemy/domains/modal/test/auto/GuardNotEvaluated.xml
----------------- Instantiating /home/travis/build/icyphy/ptII/ptolemy/domains/modal/test/auto/GuardNotEvaluated.xml
4 ms. Memory: 577024K Free: 431873K (75%)
----------------- Invoking toplevel() on ptolemy.moml.MoMLSimpleApplication@30318c5d
----------------- Done invoking toplevel() on ptolemy.moml.MoMLSimpleApplication@30318c5d
reloadAllAccessors: .GuardNotEvaluated
----------------- testing Sun May 13 01:05:49 UTC 2018 /home/travis/build/icyphy/ptII/ptolemy/domains/modal/test/auto/GuardNotEvaluated2.xml
----------------- Instantiating /home/travis/build/icyphy/ptII/ptolemy/domains/modal/test/auto/GuardNotEvaluated2.xml
10 ms. Memory: 577024K Free: 419655K (73%)
----------------- Invoking toplevel() on ptolemy.moml.MoMLSimpleApplication@7de7964a
----------------- Done invoking toplevel() on ptolemy.moml.MoMLSimpleApplication@7de7964a
reloadAllAccessors: .GuardNotEvaluated2
----------------- testing Sun May 13 01:05:49 UTC 2018 /home/travis/build/icyphy/ptII/ptolemy/domains/modal/test/auto/GuardOnAbsent.xml
----------------- Instantiating /home/travis/build/icyphy/ptII/ptolemy/domains/modal/test/auto/GuardOnAbsent.xml
5 ms. Memory: 577024K Free: 407692K (71%)
----------------- Invoking toplevel() on ptolemy.moml.MoMLSimpleApplication@5e9e2d3b
----------------- Done invoking toplevel() on ptolemy.moml.MoMLSimpleApplication@5e9e2d3b
reloadAllAccessors: .GuardOnAbsent
----------------- testing Sun May 13 01:05:49 UTC 2018 /home/travis/build/icyphy/ptII/ptolemy/domains/modal/test/auto/HierarchicalFSMTypeInference.xml
----------------- Instantiating /home/travis/build/icyphy/ptII/ptolemy/domains/modal/test/auto/HierarchicalFSMTypeInference.xml
2 ms. Memory: 577024K Free: 393053K (68%)
----------------- Invoking toplevel() on ptolemy.moml.MoMLSimpleApplication@4e3f3c6e
----------------- Done invoking toplevel() on ptolemy.moml.MoMLSimpleApplication@4e3f3c6e
reloadAllAccessors: .HierarchicalFSMTypeInference
----------------- testing Sun May 13 01:05:49 UTC 2018 /home/travis/build/icyphy/ptII/ptolemy/domains/modal/test/auto/Hysteresis.xml
----------------- Instantiating /home/travis/build/icyphy/ptII/ptolemy/domains/modal/test/auto/Hysteresis.xml
9 ms. Memory: 577024K Free: 373771K (65%)
----------------- Invoking toplevel() on ptolemy.moml.MoMLSimpleApplication@67278de
----------------- Done invoking toplevel() on ptolemy.moml.MoMLSimpleApplication@67278de
reloadAllAccessors: .Hysteresis
----------------- testing Sun May 13 01:05:49 UTC 2018 /home/travis/build/icyphy/ptII/ptolemy/domains/modal/test/auto/HysteresisWithDefault.xml
----------------- Instantiating /home/travis/build/icyphy/ptII/ptolemy/domains/modal/test/auto/HysteresisWithDefault.xml
26 ms. Memory: 577024K Free: 346906K (60%)
----------------- Invoking toplevel() on ptolemy.moml.MoMLSimpleApplication@33cf8da0
----------------- Done invoking toplevel() on ptolemy.moml.MoMLSimpleApplication@33cf8da0
reloadAllAccessors: .HysteresisWithDefault
----------------- testing Sun May 13 01:05:49 UTC 2018 /home/travis/build/icyphy/ptII/ptolemy/domains/modal/test/auto/HysteresisWithDefault2.xml
----------------- Instantiating /home/travis/build/icyphy/ptII/ptolemy/domains/modal/test/auto/HysteresisWithDefault2.xml
40 ms. Memory: 577024K Free: 315151K (55%)
----------------- Invoking toplevel() on ptolemy.moml.MoMLSimpleApplication@7006183b
----------------- Done invoking toplevel() on ptolemy.moml.MoMLSimpleApplication@7006183b
reloadAllAccessors: .HysteresisWithDefault2
----------------- testing Sun May 13 01:05:49 UTC 2018 /home/travis/build/icyphy/ptII/ptolemy/domains/modal/test/auto/ImmediateNonConstructiveness.xml
----------------- Instantiating /home/travis/build/icyphy/ptII/ptolemy/domains/modal/test/auto/ImmediateNonConstructiveness.xml
3 ms. Memory: 577024K Free: 303196K (53%)
----------------- Invoking toplevel() on ptolemy.moml.MoMLSimpleApplication@76a7fb5e
----------------- Done invoking toplevel() on ptolemy.moml.MoMLSimpleApplication@76a7fb5e
reloadAllAccessors: .ImmediateNonConstructiveness
----------------- testing Sun May 13 01:05:49 UTC 2018 /home/travis/build/icyphy/ptII/ptolemy/domains/modal/test/auto/ImmediateNonConstructiveness2.xml
----------------- Instantiating /home/travis/build/icyphy/ptII/ptolemy/domains/modal/test/auto/ImmediateNonConstructiveness2.xml
2 ms. Memory: 577024K Free: 293431K (51%)
----------------- Invoking toplevel() on ptolemy.moml.MoMLSimpleApplication@778e325b
----------------- Done invoking toplevel() on ptolemy.moml.MoMLSimpleApplication@778e325b
reloadAllAccessors: .ImmediateNonConstructiveness2
----------------- testing Sun May 13 01:05:49 UTC 2018 /home/travis/build/icyphy/ptII/ptolemy/domains/modal/test/auto/ImmediateTransitionReset.xml
----------------- Instantiating /home/travis/build/icyphy/ptII/ptolemy/domains/modal/test/auto/ImmediateTransitionReset.xml
5 ms. Memory: 577024K Free: 278768K (48%)
----------------- Invoking toplevel() on ptolemy.moml.MoMLSimpleApplication@7cedc97
----------------- Done invoking toplevel() on ptolemy.moml.MoMLSimpleApplication@7cedc97
reloadAllAccessors: .ImmediateTransitionReset
----------------- testing Sun May 13 01:05:49 UTC 2018 /home/travis/build/icyphy/ptII/ptolemy/domains/modal/test/auto/ImmediateTransitions1.xml
----------------- Instantiating /home/travis/build/icyphy/ptII/ptolemy/domains/modal/test/auto/ImmediateTransitions1.xml
1 ms. Memory: 577024K Free: 269251K (47%)
----------------- Invoking toplevel() on ptolemy.moml.MoMLSimpleApplication@48eb0196
----------------- Done invoking toplevel() on ptolemy.moml.MoMLSimpleApplication@48eb0196
reloadAllAccessors: .ImmediateTransitions1
----------------- testing Sun May 13 01:05:49 UTC 2018 /home/travis/build/icyphy/ptII/ptolemy/domains/modal/test/auto/ImmediateTransitionsInstantaneousCommunication.xml
----------------- Instantiating /home/travis/build/icyphy/ptII/ptolemy/domains/modal/test/auto/ImmediateTransitionsInstantaneousCommunication.xml
4 ms. Memory: 577024K Free: 254596K (44%)
----------------- Invoking toplevel() on ptolemy.moml.MoMLSimpleApplication@7f7ed40c
----------------- Done invoking toplevel() on ptolemy.moml.MoMLSimpleApplication@7f7ed40c
reloadAllAccessors: .ImmediateTransitionsInstantaneousCommunication
----------------- testing Sun May 13 01:05:49 UTC 2018 /home/travis/build/icyphy/ptII/ptolemy/domains/modal/test/auto/InitialImmediateTransition.xml
----------------- Instantiating /home/travis/build/icyphy/ptII/ptolemy/domains/modal/test/auto/InitialImmediateTransition.xml
3 ms. Memory: 577024K Free: 244831K (42%)
----------------- Invoking toplevel() on ptolemy.moml.MoMLSimpleApplication@29070727
----------------- Done invoking toplevel() on ptolemy.moml.MoMLSimpleApplication@29070727
reloadAllAccessors: .InitialImmediateTransition
----------------- testing Sun May 13 01:05:49 UTC 2018 /home/travis/build/icyphy/ptII/ptolemy/domains/modal/test/auto/InitialOutputs.xml
----------------- Instantiating /home/travis/build/icyphy/ptII/ptolemy/domains/modal/test/auto/InitialOutputs.xml
2 ms. Memory: 577024K Free: 232860K (40%)
----------------- Invoking toplevel() on ptolemy.moml.MoMLSimpleApplication@5a33ed22
----------------- Done invoking toplevel() on ptolemy.moml.MoMLSimpleApplication@5a33ed22
reloadAllAccessors: .InitialOutputs
----------------- testing Sun May 13 01:05:49 UTC 2018 /home/travis/build/icyphy/ptII/ptolemy/domains/modal/test/auto/InitialStateTransition1.xml
----------------- Instantiating /home/travis/build/icyphy/ptII/ptolemy/domains/modal/test/auto/InitialStateTransition1.xml
2 ms. Memory: 577024K Free: 223095K (39%)
----------------- Invoking toplevel() on ptolemy.moml.MoMLSimpleApplication@6b85979a
----------------- Done invoking toplevel() on ptolemy.moml.MoMLSimpleApplication@6b85979a
reloadAllAccessors: .InitialStateTransition1
----------------- testing Sun May 13 01:05:49 UTC 2018 /home/travis/build/icyphy/ptII/ptolemy/domains/modal/test/auto/InitialStateTransition2.xml
----------------- Instantiating /home/travis/build/icyphy/ptII/ptolemy/domains/modal/test/auto/InitialStateTransition2.xml
.InitialStateTransition2.TestExceptionAttributeNonConstructive: initialize() was not invoked, but wrapup() was.  This is unusual, but not always a problem.  For example, exporting JNLP will do this.
1 ms. Memory: 577024K Free: 208695K (36%)
----------------- Invoking toplevel() on ptolemy.moml.MoMLSimpleApplication@6ee42e74
----------------- Done invoking toplevel() on ptolemy.moml.MoMLSimpleApplication@6ee42e74
reloadAllAccessors: .InitialStateTransition2
----------------- testing Sun May 13 01:05:49 UTC 2018 /home/travis/build/icyphy/ptII/ptolemy/domains/modal/test/auto/InitialStateTransition3.xml
----------------- Instantiating /home/travis/build/icyphy/ptII/ptolemy/domains/modal/test/auto/InitialStateTransition3.xml
3 ms. Memory: 577024K Free: 196494K (34%)
----------------- Invoking toplevel() on ptolemy.moml.MoMLSimpleApplication@48098400
----------------- Done invoking toplevel() on ptolemy.moml.MoMLSimpleApplication@48098400
reloadAllAccessors: .InitialStateTransition3
----------------- testing Sun May 13 01:05:49 UTC 2018 /home/travis/build/icyphy/ptII/ptolemy/domains/modal/test/auto/InitialStateTransition4.xml
----------------- Instantiating /home/travis/build/icyphy/ptII/ptolemy/domains/modal/test/auto/InitialStateTransition4.xml
3 ms. Memory: 577024K Free: 184284K (32%)
----------------- Invoking toplevel() on ptolemy.moml.MoMLSimpleApplication@1cefd65e
----------------- Done invoking toplevel() on ptolemy.moml.MoMLSimpleApplication@1cefd65e
reloadAllAccessors: .InitialStateTransition4
----------------- testing Sun May 13 01:05:49 UTC 2018 /home/travis/build/icyphy/ptII/ptolemy/domains/modal/test/auto/MalformedGuardExpressionNotCaught.xml
----------------- Instantiating /home/travis/build/icyphy/ptII/ptolemy/domains/modal/test/auto/MalformedGuardExpressionNotCaught.xml
2 ms. Memory: 577024K Free: 172337K (30%)
----------------- Invoking toplevel() on ptolemy.moml.MoMLSimpleApplication@401c1c26
----------------- Done invoking toplevel() on ptolemy.moml.MoMLSimpleApplication@401c1c26
reloadAllAccessors: .MalformedGuardExpressionNotCaught
----------------- testing Sun May 13 01:05:49 UTC 2018 /home/travis/build/icyphy/ptII/ptolemy/domains/modal/test/auto/ModalBSC.xml
----------------- Instantiating /home/travis/build/icyphy/ptII/ptolemy/domains/modal/test/auto/ModalBSC.xml
46 ms. Memory: 577024K Free: 140582K (24%)
----------------- Invoking toplevel() on ptolemy.moml.MoMLSimpleApplication@6728acf6
----------------- Done invoking toplevel() on ptolemy.moml.MoMLSimpleApplication@6728acf6
reloadAllAccessors: .ModalBSC
----------------- testing Sun May 13 01:05:49 UTC 2018 /home/travis/build/icyphy/ptII/ptolemy/domains/modal/test/auto/ModalClocks.xml
----------------- Instantiating /home/travis/build/icyphy/ptII/ptolemy/domains/modal/test/auto/ModalClocks.xml
36 ms. Memory: 577024K Free: 113693K (20%)
----------------- Invoking toplevel() on ptolemy.moml.MoMLSimpleApplication@77f38a63
----------------- Done invoking toplevel() on ptolemy.moml.MoMLSimpleApplication@77f38a63
reloadAllAccessors: .ModalClocks
----------------- testing Sun May 13 01:05:49 UTC 2018 /home/travis/build/icyphy/ptII/ptolemy/domains/modal/test/auto/ModalDelay.xml
----------------- Instantiating /home/travis/build/icyphy/ptII/ptolemy/domains/modal/test/auto/ModalDelay.xml
14 ms. Memory: 577024K Free: 94394K (16%)
----------------- Invoking toplevel() on ptolemy.moml.MoMLSimpleApplication@4093033
----------------- Done invoking toplevel() on ptolemy.moml.MoMLSimpleApplication@4093033
reloadAllAccessors: .ModalDelay
----------------- testing Sun May 13 01:05:49 UTC 2018 /home/travis/build/icyphy/ptII/ptolemy/domains/modal/test/auto/ModalDelay2.xml
----------------- Instantiating /home/travis/build/icyphy/ptII/ptolemy/domains/modal/test/auto/ModalDelay2.xml
13 ms. Memory: 577024K Free: 78827K (14%)
----------------- Invoking toplevel() on ptolemy.moml.MoMLSimpleApplication@1bdf21f4
----------------- Done invoking toplevel() on ptolemy.moml.MoMLSimpleApplication@1bdf21f4
reloadAllAccessors: .ModalDelay2
----------------- testing Sun May 13 01:05:49 UTC 2018 /home/travis/build/icyphy/ptII/ptolemy/domains/modal/test/auto/ModalModelFromMemo.xml
----------------- Instantiating /home/travis/build/icyphy/ptII/ptolemy/domains/modal/test/auto/ModalModelFromMemo.xml
18 ms. Memory: 870400K Free: 825047K (95%)
----------------- Invoking toplevel() on ptolemy.moml.MoMLSimpleApplication@16fe0017
----------------- Done invoking toplevel() on ptolemy.moml.MoMLSimpleApplication@16fe0017
reloadAllAccessors: .ModalModelFromMemo
----------------- testing Sun May 13 01:05:50 UTC 2018 /home/travis/build/icyphy/ptII/ptolemy/domains/modal/test/auto/ModalModelWithMultirateTransient.xml
----------------- Instantiating /home/travis/build/icyphy/ptII/ptolemy/domains/modal/test/auto/ModalModelWithMultirateTransient.xml
12 ms. Memory: 870400K Free: 804208K (92%)
----------------- Invoking toplevel() on ptolemy.moml.MoMLSimpleApplication@11f7bb15
----------------- Done invoking toplevel() on ptolemy.moml.MoMLSimpleApplication@11f7bb15
reloadAllAccessors: .ModalModelWithMultirateTransient
----------------- testing Sun May 13 01:05:50 UTC 2018 /home/travis/build/icyphy/ptII/ptolemy/domains/modal/test/auto/ModalModelWithReset.xml
----------------- Instantiating /home/travis/build/icyphy/ptII/ptolemy/domains/modal/test/auto/ModalModelWithReset.xml
16 ms. Memory: 870400K Free: 788586K (91%)
----------------- Invoking toplevel() on ptolemy.moml.MoMLSimpleApplication@7ae57e69
----------------- Done invoking toplevel() on ptolemy.moml.MoMLSimpleApplication@7ae57e69
reloadAllAccessors: .ModalModelWithReset
----------------- testing Sun May 13 01:05:50 UTC 2018 /home/travis/build/icyphy/ptII/ptolemy/domains/modal/test/auto/MouseClickFSM.xml
----------------- Instantiating /home/travis/build/icyphy/ptII/ptolemy/domains/modal/test/auto/MouseClickFSM.xml
21 ms. Memory: 870400K Free: 762552K (88%)
----------------- Invoking toplevel() on ptolemy.moml.MoMLSimpleApplication@27246b4f
----------------- Done invoking toplevel() on ptolemy.moml.MoMLSimpleApplication@27246b4f
reloadAllAccessors: .MouseClickFSM
----------------- testing Sun May 13 01:05:50 UTC 2018 /home/travis/build/icyphy/ptII/ptolemy/domains/modal/test/auto/MouseClickFSMModal.xml
----------------- Instantiating /home/travis/build/icyphy/ptII/ptolemy/domains/modal/test/auto/MouseClickFSMModal.xml
9 ms. Memory: 870400K Free: 744315K (86%)
----------------- Invoking toplevel() on ptolemy.moml.MoMLSimpleApplication@7ef32974
----------------- Done invoking toplevel() on ptolemy.moml.MoMLSimpleApplication@7ef32974
reloadAllAccessors: .MouseClickFSMModal
----------------- testing Sun May 13 01:05:50 UTC 2018 /home/travis/build/icyphy/ptII/ptolemy/domains/modal/test/auto/NonStrictFSM_FeedbackLoop.xml
----------------- Instantiating /home/travis/build/icyphy/ptII/ptolemy/domains/modal/test/auto/NonStrictFSM_FeedbackLoop.xml
24 ms. Memory: 870400K Free: 713103K (82%)
----------------- Invoking toplevel() on ptolemy.moml.MoMLSimpleApplication@4b2bb6a3
----------------- Done invoking toplevel() on ptolemy.moml.MoMLSimpleApplication@4b2bb6a3
reloadAllAccessors: .NonStrictFSM_FeedbackLoop
----------------- testing Sun May 13 01:05:50 UTC 2018 /home/travis/build/icyphy/ptII/ptolemy/domains/modal/test/auto/NonStrictFSM_FeedbackLoop_Refinement.xml
----------------- Instantiating /home/travis/build/icyphy/ptII/ptolemy/domains/modal/test/auto/NonStrictFSM_FeedbackLoop_Refinement.xml
41 ms. Memory: 870400K Free: 676673K (78%)
----------------- Invoking toplevel() on ptolemy.moml.MoMLSimpleApplication@250bbd82
----------------- Done invoking toplevel() on ptolemy.moml.MoMLSimpleApplication@250bbd82
reloadAllAccessors: .NonStrictFSM_FeedbackLoop_Refinement
----------------- testing Sun May 13 01:05:50 UTC 2018 /home/travis/build/icyphy/ptII/ptolemy/domains/modal/test/auto/NonStrictFSM_FeedbackLoop_preemptive.xml
----------------- Instantiating /home/travis/build/icyphy/ptII/ptolemy/domains/modal/test/auto/NonStrictFSM_FeedbackLoop_preemptive.xml
13 ms. Memory: 870400K Free: 637629K (73%)
----------------- Invoking toplevel() on ptolemy.moml.MoMLSimpleApplication@66552831
----------------- Done invoking toplevel() on ptolemy.moml.MoMLSimpleApplication@66552831
reloadAllAccessors: .NonStrictFSM_FeedbackLoop_preemptive
----------------- testing Sun May 13 01:05:50 UTC 2018 /home/travis/build/icyphy/ptII/ptolemy/domains/modal/test/auto/NormalTermination.xml
----------------- Instantiating /home/travis/build/icyphy/ptII/ptolemy/domains/modal/test/auto/NormalTermination.xml
11 ms. Memory: 870400K Free: 611587K (70%)
----------------- Invoking toplevel() on ptolemy.moml.MoMLSimpleApplication@660bae29
----------------- Done invoking toplevel() on ptolemy.moml.MoMLSimpleApplication@660bae29
reloadAllAccessors: .NormalTermination
----------------- testing Sun May 13 01:05:50 UTC 2018 /home/travis/build/icyphy/ptII/ptolemy/domains/modal/test/auto/Pong.xml
----------------- Instantiating /home/travis/build/icyphy/ptII/ptolemy/domains/modal/test/auto/Pong.xml
53 ms. Memory: 870400K Free: 585529K (67%)
----------------- Invoking toplevel() on ptolemy.moml.MoMLSimpleApplication@4fc62f07
----------------- Done invoking toplevel() on ptolemy.moml.MoMLSimpleApplication@4fc62f07
reloadAllAccessors: .Pong
[...]
2 ms. Memory: 870400K Free: 179293K (21%)
----------------- Invoking toplevel() on ptolemy.moml.MoMLSimpleApplication@463df1bc
----------------- Done invoking toplevel() on ptolemy.moml.MoMLSimpleApplication@463df1bc
reloadAllAccessors: .StrongImmediateTransition
----------------- testing Sun May 13 01:05:51 UTC 2018 /home/travis/build/icyphy/ptII/ptolemy/domains/modal/test/auto/SustainHierarchy.xml
----------------- Instantiating /home/travis/build/icyphy/ptII/ptolemy/domains/modal/test/auto/SustainHierarchy.xml
7 ms. Memory: 870400K Free: 158469K (18%)
----------------- Invoking toplevel() on ptolemy.moml.MoMLSimpleApplication@611766bc
----------------- Done invoking toplevel() on ptolemy.moml.MoMLSimpleApplication@611766bc
reloadAllAccessors: .SustainHierarchy
----------------- testing Sun May 13 01:05:51 UTC 2018 /home/travis/build/icyphy/ptII/ptolemy/domains/modal/test/auto/TerminationTransition1.xml
----------------- Instantiating /home/travis/build/icyphy/ptII/ptolemy/domains/modal/test/auto/TerminationTransition1.xml
2 ms. Memory: 870400K Free: 140232K (16%)
----------------- Invoking toplevel() on ptolemy.moml.MoMLSimpleApplication@6a14124c
----------------- Done invoking toplevel() on ptolemy.moml.MoMLSimpleApplication@6a14124c
reloadAllAccessors: .TerminationTransition1
----------------- testing Sun May 13 01:05:51 UTC 2018 /home/travis/build/icyphy/ptII/ptolemy/domains/modal/test/auto/TerminationTransition2.xml
----------------- Instantiating /home/travis/build/icyphy/ptII/ptolemy/domains/modal/test/auto/TerminationTransition2.xml
2 ms. Memory: 870400K Free: 124627K (14%)
----------------- Invoking toplevel() on ptolemy.moml.MoMLSimpleApplication@72b09d02
----------------- Done invoking toplevel() on ptolemy.moml.MoMLSimpleApplication@72b09d02
reloadAllAccessors: .TerminationTransition2
----------------- testing Sun May 13 01:05:51 UTC 2018 /home/travis/build/icyphy/ptII/ptolemy/domains/modal/test/auto/TerminationTransition3.xml
----------------- Instantiating /home/travis/build/icyphy/ptII/ptolemy/domains/modal/test/auto/TerminationTransition3.xml
2 ms. Memory: 870400K Free: 109005K (13%)
----------------- Invoking toplevel() on ptolemy.moml.MoMLSimpleApplication@32678488
----------------- Done invoking toplevel() on ptolemy.moml.MoMLSimpleApplication@32678488
reloadAllAccessors: .TerminationTransition3
----------------- testing Sun May 13 01:05:51 UTC 2018 /home/travis/build/icyphy/ptII/ptolemy/domains/modal/test/auto/TerminationTransition4.xml
----------------- Instantiating /home/travis/build/icyphy/ptII/ptolemy/domains/modal/test/auto/TerminationTransition4.xml
5 ms. Memory: 870400K Free: 85582K (10%)
----------------- Invoking toplevel() on ptolemy.moml.MoMLSimpleApplication@7969ebf6
----------------- Done invoking toplevel() on ptolemy.moml.MoMLSimpleApplication@7969ebf6
reloadAllAccessors: .TerminationTransition4
----------------- testing Sun May 13 01:05:51 UTC 2018 /home/travis/build/icyphy/ptII/ptolemy/domains/modal/test/auto/TerminationTransition5.xml
----------------- Instantiating /home/travis/build/icyphy/ptII/ptolemy/domains/modal/test/auto/TerminationTransition5.xml
2 ms. Memory: 870400K Free: 845161K (97%)
----------------- Invoking toplevel() on ptolemy.moml.MoMLSimpleApplication@1f46c250
----------------- Done invoking toplevel() on ptolemy.moml.MoMLSimpleApplication@1f46c250
reloadAllAccessors: .TerminationTransition5
----------------- testing Sun May 13 01:05:51 UTC 2018 /home/travis/build/icyphy/ptII/ptolemy/domains/modal/test/auto/TerminationTransition6.xml
----------------- Instantiating /home/travis/build/icyphy/ptII/ptolemy/domains/modal/test/auto/TerminationTransition6.xml
1 ms. Memory: 870400K Free: 827656K (95%)
----------------- Invoking toplevel() on ptolemy.moml.MoMLSimpleApplication@41f69690
----------------- Done invoking toplevel() on ptolemy.moml.MoMLSimpleApplication@41f69690
reloadAllAccessors: .TerminationTransition6
----------------- testing Sun May 13 01:05:51 UTC 2018 /home/travis/build/icyphy/ptII/ptolemy/domains/modal/test/auto/TerminationTransition7.xml
----------------- Instantiating /home/travis/build/icyphy/ptII/ptolemy/domains/modal/test/auto/TerminationTransition7.xml
4 ms. Memory: 870400K Free: 811929K (93%)
----------------- Invoking toplevel() on ptolemy.moml.MoMLSimpleApplication@7b22647
----------------- Done invoking toplevel() on ptolemy.moml.MoMLSimpleApplication@7b22647
reloadAllAccessors: .TerminationTransition7
----------------- testing Sun May 13 01:05:51 UTC 2018 /home/travis/build/icyphy/ptII/ptolemy/domains/modal/test/auto/TerminationTransition8.xml
----------------- Instantiating /home/travis/build/icyphy/ptII/ptolemy/domains/modal/test/auto/TerminationTransition8.xml
2 ms. Memory: 870400K Free: 794424K (91%)
----------------- Invoking toplevel() on ptolemy.moml.MoMLSimpleApplication@4b648f15
----------------- Done invoking toplevel() on ptolemy.moml.MoMLSimpleApplication@4b648f15
reloadAllAccessors: .TerminationTransition8
----------------- testing Sun May 13 01:05:51 UTC 2018 /home/travis/build/icyphy/ptII/ptolemy/domains/modal/test/auto/Thermostat_NoHysteresis.xml
----------------- Instantiating /home/travis/build/icyphy/ptII/ptolemy/domains/modal/test/auto/Thermostat_NoHysteresis.xml
19 ms. Memory: 870400K Free: 763180K (88%)
----------------- Invoking toplevel() on ptolemy.moml.MoMLSimpleApplication@12cd2561
----------------- Done invoking toplevel() on ptolemy.moml.MoMLSimpleApplication@12cd2561
reloadAllAccessors: .Thermostat_NoHysteresis
----------------- testing Sun May 13 01:05:51 UTC 2018 /home/travis/build/icyphy/ptII/ptolemy/domains/modal/test/auto/TimedFSM.xml
----------------- Instantiating /home/travis/build/icyphy/ptII/ptolemy/domains/modal/test/auto/TimedFSM.xml
6 ms. Memory: 870400K Free: 745692K (86%)
----------------- Invoking toplevel() on ptolemy.moml.MoMLSimpleApplication@268bf98b
----------------- Done invoking toplevel() on ptolemy.moml.MoMLSimpleApplication@268bf98b
reloadAllAccessors: .TimedFSM
----------------- testing Sun May 13 01:05:51 UTC 2018 /home/travis/build/icyphy/ptII/ptolemy/domains/modal/test/auto/Timeout1.xml
----------------- Instantiating /home/travis/build/icyphy/ptII/ptolemy/domains/modal/test/auto/Timeout1.xml
2 ms. Memory: 870400K Free: 735288K (84%)
----------------- Invoking toplevel() on ptolemy.moml.MoMLSimpleApplication@767640fa
----------------- Done invoking toplevel() on ptolemy.moml.MoMLSimpleApplication@767640fa
reloadAllAccessors: .Timeout1
----------------- testing Sun May 13 01:05:51 UTC 2018 /home/travis/build/icyphy/ptII/ptolemy/domains/modal/test/auto/Timeout2.xml
----------------- Instantiating /home/travis/build/icyphy/ptII/ptolemy/domains/modal/test/auto/Timeout2.xml
4 ms. Memory: 870400K Free: 717783K (82%)
----------------- Invoking toplevel() on ptolemy.moml.MoMLSimpleApplication@553f0fb2
----------------- Done invoking toplevel() on ptolemy.moml.MoMLSimpleApplication@553f0fb2
reloadAllAccessors: .Timeout2
----------------- testing Sun May 13 01:05:51 UTC 2018 /home/travis/build/icyphy/ptII/ptolemy/domains/modal/test/auto/Timeout3.xml
----------------- Instantiating /home/travis/build/icyphy/ptII/ptolemy/domains/modal/test/auto/Timeout3.xml
6 ms. Memory: 870400K Free: 707379K (81%)
----------------- Invoking toplevel() on ptolemy.moml.MoMLSimpleApplication@6f715e4d
----------------- Done invoking toplevel() on ptolemy.moml.MoMLSimpleApplication@6f715e4d
reloadAllAccessors: .Timeout3
----------------- testing Sun May 13 01:05:51 UTC 2018 /home/travis/build/icyphy/ptII/ptolemy/domains/modal/test/auto/Timeout4.xml
----------------- Instantiating /home/travis/build/icyphy/ptII/ptolemy/domains/modal/test/auto/Timeout4.xml
2 ms. Memory: 870400K Free: 695093K (80%)
----------------- Invoking toplevel() on ptolemy.moml.MoMLSimpleApplication@6e290180
----------------- Done invoking toplevel() on ptolemy.moml.MoMLSimpleApplication@6e290180
reloadAllAccessors: .Timeout4
----------------- testing Sun May 13 01:05:51 UTC 2018 /home/travis/build/icyphy/ptII/ptolemy/domains/modal/test/auto/TransientstateModelAdvanced.xml
----------------- Instantiating /home/travis/build/icyphy/ptII/ptolemy/domains/modal/test/auto/TransientstateModelAdvanced.xml
3 ms. Memory: 870400K Free: 674285K (77%)
----------------- Invoking toplevel() on ptolemy.moml.MoMLSimpleApplication@77fb7be4
----------------- Done invoking toplevel() on ptolemy.moml.MoMLSimpleApplication@77fb7be4
reloadAllAccessors: .TransientstateModelAdvanced
----------------- testing Sun May 13 01:05:51 UTC 2018 /home/travis/build/icyphy/ptII/ptolemy/domains/modal/test/auto/TransientstateModelAdvanced2.xml
----------------- Instantiating /home/travis/build/icyphy/ptII/ptolemy/domains/modal/test/auto/TransientstateModelAdvanced2.xml
2 ms. Memory: 870400K Free: 651578K (75%)
----------------- Invoking toplevel() on ptolemy.moml.MoMLSimpleApplication@2fc92bb0
----------------- Done invoking toplevel() on ptolemy.moml.MoMLSimpleApplication@2fc92bb0
reloadAllAccessors: .transientstatemodelAdvanced
----------------- testing Sun May 13 01:05:51 UTC 2018 /home/travis/build/icyphy/ptII/ptolemy/domains/modal/test/auto/TransitionRefinements.xml
----------------- Instantiating /home/travis/build/icyphy/ptII/ptolemy/domains/modal/test/auto/TransitionRefinements.xml
7 ms. Memory: 870400K Free: 635957K (73%)
----------------- Invoking toplevel() on ptolemy.moml.MoMLSimpleApplication@6ce7b6cd
----------------- Done invoking toplevel() on ptolemy.moml.MoMLSimpleApplication@6ce7b6cd
reloadAllAccessors: .TransitionRefinements
----------------- testing Sun May 13 01:05:51 UTC 2018 /home/travis/build/icyphy/ptII/ptolemy/domains/modal/test/auto/TwoRefinements1.xml
----------------- Instantiating /home/travis/build/icyphy/ptII/ptolemy/domains/modal/test/auto/TwoRefinements1.xml
2 ms. Memory: 870400K Free: 618452K (71%)
----------------- Invoking toplevel() on ptolemy.moml.MoMLSimpleApplication@e9283a3
----------------- Done invoking toplevel() on ptolemy.moml.MoMLSimpleApplication@e9283a3
reloadAllAccessors: .TwoRefinements1
----------------- testing Sun May 13 01:05:51 UTC 2018 /home/travis/build/icyphy/ptII/ptolemy/domains/modal/test/auto/TwoRefinements2.xml
----------------- Instantiating /home/travis/build/icyphy/ptII/ptolemy/domains/modal/test/auto/TwoRefinements2.xml
2 ms. Memory: 870400K Free: 602830K (69%)
----------------- Invoking toplevel() on ptolemy.moml.MoMLSimpleApplication@6067321e
----------------- Done invoking toplevel() on ptolemy.moml.MoMLSimpleApplication@6067321e
reloadAllAccessors: .TwoRefinements2
----------------- testing Sun May 13 01:05:51 UTC 2018 /home/travis/build/icyphy/ptII/ptolemy/domains/modal/test/auto/WeakImmediateTransition.xml
----------------- Instantiating /home/travis/build/icyphy/ptII/ptolemy/domains/modal/test/auto/WeakImmediateTransition.xml
2 ms. Memory: 870400K Free: 587208K (67%)
----------------- Invoking toplevel() on ptolemy.moml.MoMLSimpleApplication@421ae0fe
----------------- Done invoking toplevel() on ptolemy.moml.MoMLSimpleApplication@421ae0fe
reloadAllAccessors: .WeakImmediateTransition
----------------- testing Sun May 13 01:05:51 UTC 2018 /home/travis/build/icyphy/ptII/ptolemy/domains/modal/test/auto/booleanSelect.xml
----------------- Instantiating /home/travis/build/icyphy/ptII/ptolemy/domains/modal/test/auto/booleanSelect.xml
27 ms. Memory: 870400K Free: 559284K (64%)
----------------- Invoking toplevel() on ptolemy.moml.MoMLSimpleApplication@3ab9bf3
----------------- Done invoking toplevel() on ptolemy.moml.MoMLSimpleApplication@3ab9bf3
reloadAllAccessors: .booleanSelect
----------------- testing Sun May 13 01:05:51 UTC 2018 /home/travis/build/icyphy/ptII/ptolemy/domains/modal/test/auto/modalChangingParams.xml
----------------- Instantiating /home/travis/build/icyphy/ptII/ptolemy/domains/modal/test/auto/modalChangingParams.xml
0
1
0
2
4
6
8
7
0
2
4
6
8
13
0
2
4
6
8
19
0
2
4
6
8
25
0
2
4
6
8
31
0
2
4
6
8
37
0
2
4
6
8
43
0
2
4
6
8
49
0
2
4
6
8
55
0
2
4
6
8
61
0
2
4
6
8
67
0
2
4
6
8
73
0
2
4
6
8
79
0
2
4
6
8
85
0
2
4
6
8
91
0
2
4
6
8
97
0
2
4
6
8
103
0
2
4
6
8
109
0
2
4
6
8
115
0
2
4
6
8
121
0
2
4
6
8
127
0
2
4
6
8
133
0
2
4
6
8
139
0
2
4
6
8
145
0
2
4
6
8
151
0
2
4
6
8
157
0
2
4
6
8
163
0
2
4
6
8
169
0
2
4
6
8
175
0
2
4
6
8
181
0
2
4
6
8
187
0
2
4
6
8
193
0
2
4
6
8
199
0
2
4
6
8
205
0
2
4
6
8
211
0
2
4
6
8
217
0
2
4
6
8
223
0
2
4
6
8
229
0
2
4
6
8
235
0
2
4
6
8
241
0
2
4
6
8
247
0
2
4
6
8
253
0
2
4
6
8
259
0
2
4
6
8
265
0
2
4
6
8
271
0
2
4
6
8
277
0
2
4
6
8
283
0
2
4
6
8
289
0
2
4
6
8
295
0
2
4
6
8
301
0
2
4
6
8
307
0
2
4
6
8
313
0
2
4
6
8
319
0
2
4
6
8
325
0
2
4
6
8
331
0
2
4
6
8
337
0
2
4
6
8
343
0
2
4
6
8
349
0
2
4
6
8
355
0
2
4
6
8
361
0
2
4
6
8
367
0
2
4
6
8
373
0
2
4
6
8
379
0
2
4
6
8
385
0
2
4
6
8
391
0
2
4
6
8
397
0
2
4
6
8
403
0
2
4
6
8
409
0
2
4
6
8
415
0
2
4
6
8
421
0
2
4
6
8
427
0
2
4
6
8
433
0
2
4
6
8
439
0
2
4
6
8
445
0
2
4
6
8
451
0
2
4
6
8
457
0
2
4
6
8
463
0
2
4
6
8
469
0
2
4
6
8
475
0
2
4
6
8
481
0
2
4
6
8
487
0
2
4
6
8
493
0
2
4
6
8
499
0
2
4
6
8
505
0
2
4
6
8
511
0
2
4
6
8
517
0
2
4
6
8
523
0
2
4
6
8
529
0
2
4
6
8
535
0
2
4
6
8
541
0
2
4
6
8
547
0
2
4
6
8
553
0
2
4
6
8
559
0
2
4
6
8
565
0
2
4
6
8
571
0
2
4
6
8
577
0
2
4
6
8
583
0
2
4
6
8
589
0
2
4
6
8
595
0
2
4
6
8
601
0
2
4
6
8
607
0
2
4
6
8
613
0
2
4
6
8
619
0
2
4
6
8
625
0
2
4
6
8
631
0
2
4
6
8
637
0
2
4
6
8
643
0
2
4
6
8
649
0
2
4
6
8
655
0
2
4
6
8
661
0
2
4
6
8
667
0
2
4
6
8
673
0
2
4
6
8
679
0
2
4
6
8
685
0
2
4
6
8
691
0
2
4
6
8
697
0
2
4
6
8
703
0
2
4
6
8
709
0
2
4
6
8
715
0
2
4
6
8
721
0
2
4
6
8
727
0
2
4
6
8
733
0
2
4
6
8
739
0
2
4
6
8
745
0
2
4
6
8
751
0
2
4
6
8
757
0
2
4
6
8
763
0
2
4
6
8
769
0
2
4
6
8
775
0
2
4
6
8
781
0
2
4
6
8
787
0
2
4
6
8
793
0
2
4
6
8
799
0
2
4
6
8
805
0
2
4
6
8
811
0
2
4
6
8
817
0
2
4
6
8
823
0
2
4
6
8
829
0
2
4
6
8
835
0
2
4
6
8
841
0
2
4
6
8
847
0
2
4
6
8
853
0
2
4
6
8
859
0
2
4
6
8
865
0
2
4
6
8
871
0
2
4
6
8
877
0
2
4
6
8
883
0
2
4
6
8
889
0
2
4
6
8
895
0
2
4
6
8
901
0
2
4
6
8
907
0
2
4
6
8
913
0
2
4
6
8
919
0
2
4
6
8
925
0
2
4
6
8
931
0
2
4
6
8
937
0
2
4
6
8
943
0
2
4
6
8
949
0
2
4
6
8
955
0
2
4
6
8
961
0
2
4
6
8
967
0
2
4
6
8
973
0
2
4
6
8
979
0
2
4
6
8
985
0
2
4
6
8
991
0
2
4
6
8
997
0
2
187 ms. Memory: 870400K Free: 439471K (50%)
----------------- Invoking toplevel() on ptolemy.moml.MoMLSimpleApplication@2c999977
----------------- Done invoking toplevel() on ptolemy.moml.MoMLSimpleApplication@2c999977
reloadAllAccessors: .modalChangingParams
----------------- testing Sun May 13 01:05:52 UTC 2018 /home/travis/build/icyphy/ptII/ptolemy/domains/modal/test/auto/modalModel.xml
----------------- Instantiating /home/travis/build/icyphy/ptII/ptolemy/domains/modal/test/auto/modalModel.xml
10 ms. Memory: 870400K Free: 421966K (48%)
----------------- Invoking toplevel() on ptolemy.moml.MoMLSimpleApplication@470a9e4f
----------------- Done invoking toplevel() on ptolemy.moml.MoMLSimpleApplication@470a9e4f
reloadAllAccessors: .modalModel
----------------- testing Sun May 13 01:05:52 UTC 2018 /home/travis/build/icyphy/ptII/ptolemy/domains/modal/test/auto/modalModel2.xml
----------------- Instantiating /home/travis/build/icyphy/ptII/ptolemy/domains/modal/test/auto/modalModel2.xml
5 ms. Memory: 870400K Free: 406344K (47%)
----------------- Invoking toplevel() on ptolemy.moml.MoMLSimpleApplication@48e8b0d8
----------------- Done invoking toplevel() on ptolemy.moml.MoMLSimpleApplication@48e8b0d8
reloadAllAccessors: .modalModel2
----------------- testing Sun May 13 01:05:52 UTC 2018 /home/travis/build/icyphy/ptII/ptolemy/domains/modal/test/auto/modalModel3.xml
----------------- Instantiating /home/travis/build/icyphy/ptII/ptolemy/domains/modal/test/auto/modalModel3.xml
0	0	0
1	0	1
4	2	2
7	4	3
10	6	4
5	0	5
8	2	6
11	4	7
14	6	8
9	0	9
12	2	10
15	4	11
18	6	12
13	0	13
16	2	14
19 ms. Memory: 870400K Free: 383654K (44%)
----------------- Invoking toplevel() on ptolemy.moml.MoMLSimpleApplication@657d810a
----------------- Done invoking toplevel() on ptolemy.moml.MoMLSimpleApplication@657d810a
reloadAllAccessors: .modalModel3
----------------- testing Sun May 13 01:05:52 UTC 2018 /home/travis/build/icyphy/ptII/ptolemy/domains/modal/test/auto/model1.xml
----------------- Instantiating /home/travis/build/icyphy/ptII/ptolemy/domains/modal/test/auto/model1.xml
9 ms. Memory: 870400K Free: 373250K (43%)
----------------- Invoking toplevel() on ptolemy.moml.MoMLSimpleApplication@740123a
----------------- Done invoking toplevel() on ptolemy.moml.MoMLSimpleApplication@740123a
reloadAllAccessors: .model1
----------------- testing Sun May 13 01:05:52 UTC 2018 /home/travis/build/icyphy/ptII/ptolemy/domains/modal/test/auto/test-direct-in-out.xml
----------------- Instantiating /home/travis/build/icyphy/ptII/ptolemy/domains/modal/test/auto/test-direct-in-out.xml
4 ms. Memory: 870400K Free: 355745K (41%)
----------------- Invoking toplevel() on ptolemy.moml.MoMLSimpleApplication@7c733388
----------------- Done invoking toplevel() on ptolemy.moml.MoMLSimpleApplication@7c733388
reloadAllAccessors: .test-direct-in-out
AutoTests.java: About to close Vertx.
AutoTests.java: Vertx closed.
]]></system-out>
  <system-err><![CDATA[java.lang.RuntimeException: Execution failed
	at ptolemy.moml.MoMLSimpleApplication$UnloadThread.run(MoMLSimpleApplication.java:402)
Caused by: ptolemy.kernel.util.IllegalActionException: Unknown inputs remain. Possible causality loop:
L_model_1893289564i

  in .CannotAnalysisWithPreemption.model_1893289564_region_1 and .CannotAnalysisWithPreemption.model_1893289564_region_1.L_model_1893289564i
	at ptolemy.actor.sched.FixedPointDirector.postfire(FixedPointDirector.java:515)
	at ptolemy.domains.sr.kernel.SRDirector.postfire(SRDirector.java:417)
	at ptolemy.actor.CompositeActor.postfire(CompositeActor.java:1668)
	at ptolemy.actor.Manager.iterate(Manager.java:852)
	at ptolemy.actor.Manager.execute(Manager.java:369)
	at ptolemy.actor.Manager.run(Manager.java:1263)
	at ptolemy.actor.Manager$PtolemyRunThread.run(Manager.java:1915)
java.lang.reflect.InvocationTargetException
	at sun.reflect.NativeConstructorAccessorImpl.newInstance0(Native Method)
	at sun.reflect.NativeConstructorAccessorImpl.newInstance(NativeConstructorAccessorImpl.java:62)
	at sun.reflect.DelegatingConstructorAccessorImpl.newInstance(DelegatingConstructorAccessorImpl.java:45)
	at java.lang.reflect.Constructor.newInstance(Constructor.java:423)
	at ptolemy.util.test.junit.AutoKnownFailedTests.RunModel(AutoKnownFailedTests.java:107)
	at sun.reflect.NativeMethodAccessorImpl.invoke0(Native Method)
	at sun.reflect.NativeMethodAccessorImpl.invoke(NativeMethodAccessorImpl.java:62)
	at sun.reflect.DelegatingMethodAccessorImpl.invoke(DelegatingMethodAccessorImpl.java:43)
	at java.lang.reflect.Method.invoke(Method.java:498)
	at org.junit.runners.model.FrameworkMethod$1.runReflectiveCall(FrameworkMethod.java:44)
	at org.junit.internal.runners.model.ReflectiveCallable.run(ReflectiveCallable.java:15)
	at org.junit.runners.model.FrameworkMethod.invokeExplosively(FrameworkMethod.java:41)
	at junitparams.internal.InvokeParameterisedMethod.evaluate(InvokeParameterisedMethod.java:102)
	at org.junit.internal.runners.statements.FailOnTimeout$1.run(FailOnTimeout.java:28)
Caused by: ptolemy.kernel.util.IllegalActionException: Unknown inputs remain. Possible causality loop:
L_model_1893289564i

  in .CannotAnalysisWithPreemption.model_1893289564_region_1 and .CannotAnalysisWithPreemption.model_1893289564_region_1.L_model_1893289564i
	at ptolemy.actor.sched.FixedPointDirector.postfire(FixedPointDirector.java:515)
	at ptolemy.domains.sr.kernel.SRDirector.postfire(SRDirector.java:417)
	at ptolemy.actor.CompositeActor.postfire(CompositeActor.java:1668)
	at ptolemy.actor.Manager.iterate(Manager.java:852)
	at ptolemy.actor.Manager.execute(Manager.java:369)
	at ptolemy.actor.Manager.run(Manager.java:1263)
	at ptolemy.actor.Manager$PtolemyRunThread.run(Manager.java:1915)
]]></system-err>
</testsuite>
