<?xml version="1.0" encoding="UTF-8" ?>
<testsuite errors="0" failures="0" hostname="travis-job-1c095c03-9cd8-4184-84f0-87a5b3af5f89" name="ptolemy.actor.lib.hoc.test.junit.JUnitTclTest" skipped="0" tests="58" time="32.114" timestamp="2018-05-06T00:44:58">
  <properties>
[...]
</properties>
  <testcase classname="ptolemy.util.test.junit.TclTests" name="[0] /home/travis/build/icyphy/ptII/ptolemy/actor/lib/hoc/test/IterateOverArray.tcl (RunTclFile)" time="0.27" />
  <testcase classname="ptolemy.util.test.junit.AutoKnownFailedTests" name="[0] /home/travis/build/icyphy/ptII/ptolemy/actor/lib/hoc/test/auto/knownFailedTests/PreinitializeMustBeInvokedRunComposite.xml (RunModel)" time="0.256" />
  <testcase classname="ptolemy.util.test.junit.AutoNameArchTests" name="[0] ThereAreNoAutoTests (RunModel)" time="0.002" />
  <testcase classname="ptolemy.util.test.junit.AutoTests" name="[0] /home/travis/build/icyphy/ptII/ptolemy/actor/lib/hoc/test/auto/AllToAllMultiInstanceComposite.xml (RunModel)" time="0.267" />
  <testcase classname="ptolemy.util.test.junit.AutoTests" name="[1] /home/travis/build/icyphy/ptII/ptolemy/actor/lib/hoc/test/auto/ApplyFFTTest.xml (RunModel)" time="0.339" />
  <testcase classname="ptolemy.util.test.junit.AutoTests" name="[2] /home/travis/build/icyphy/ptII/ptolemy/actor/lib/hoc/test/auto/ApplyFunction.xml (RunModel)" time="0.071" />
  <testcase classname="ptolemy.util.test.junit.AutoTests" name="[3] /home/travis/build/icyphy/ptII/ptolemy/actor/lib/hoc/test/auto/BackgroundExecution.xml (RunModel)" time="0.731" />
  <testcase classname="ptolemy.util.test.junit.AutoTests" name="[4] /home/travis/build/icyphy/ptII/ptolemy/actor/lib/hoc/test/auto/Case.xml (RunModel)" time="0.065" />
  <testcase classname="ptolemy.util.test.junit.AutoTests" name="[5] /home/travis/build/icyphy/ptII/ptolemy/actor/lib/hoc/test/auto/Case1.xml (RunModel)" time="0.067" />
  <testcase classname="ptolemy.util.test.junit.AutoTests" name="[6] /home/travis/build/icyphy/ptII/ptolemy/actor/lib/hoc/test/auto/Case2.xml (RunModel)" time="0.104" />
  <testcase classname="ptolemy.util.test.junit.AutoTests" name="[7] /home/travis/build/icyphy/ptII/ptolemy/actor/lib/hoc/test/auto/Case3.xml (RunModel)" time="0.061" />
  <testcase classname="ptolemy.util.test.junit.AutoTests" name="[8] /home/travis/build/icyphy/ptII/ptolemy/actor/lib/hoc/test/auto/Case4.xml (RunModel)" time="0.072" />
  <testcase classname="ptolemy.util.test.junit.AutoTests" name="[9] /home/travis/build/icyphy/ptII/ptolemy/actor/lib/hoc/test/auto/Case5.xml (RunModel)" time="0.074" />
  <testcase classname="ptolemy.util.test.junit.AutoTests" name="[10] /home/travis/build/icyphy/ptII/ptolemy/actor/lib/hoc/test/auto/Case6.xml (RunModel)" time="0.106" />
  <testcase classname="ptolemy.util.test.junit.AutoTests" name="[11] /home/travis/build/icyphy/ptII/ptolemy/actor/lib/hoc/test/auto/CaseString2.xml (RunModel)" time="0.031" />
  <testcase classname="ptolemy.util.test.junit.AutoTests" name="[12] /home/travis/build/icyphy/ptII/ptolemy/actor/lib/hoc/test/auto/CatchUpComposite1.xml (RunModel)" time="0.051" />
  <testcase classname="ptolemy.util.test.junit.AutoTests" name="[13] /home/travis/build/icyphy/ptII/ptolemy/actor/lib/hoc/test/auto/CatchUpComposite2.xml (RunModel)" time="0.066" />
  <testcase classname="ptolemy.util.test.junit.AutoTests" name="[14] /home/travis/build/icyphy/ptII/ptolemy/actor/lib/hoc/test/auto/CatchUpComposite3.xml (RunModel)" time="0.047" />
  <testcase classname="ptolemy.util.test.junit.AutoTests" name="[15] /home/travis/build/icyphy/ptII/ptolemy/actor/lib/hoc/test/auto/CatchUpComposite4.xml (RunModel)" time="0.063" />
  <testcase classname="ptolemy.util.test.junit.AutoTests" name="[16] /home/travis/build/icyphy/ptII/ptolemy/actor/lib/hoc/test/auto/CatchUpComposite5.xml (RunModel)" time="0.04" />
  <testcase classname="ptolemy.util.test.junit.AutoTests" name="[17] /home/travis/build/icyphy/ptII/ptolemy/actor/lib/hoc/test/auto/CatchUpComposite6.xml (RunModel)" time="0.152" />
  <testcase classname="ptolemy.util.test.junit.AutoTests" name="[18] /home/travis/build/icyphy/ptII/ptolemy/actor/lib/hoc/test/auto/CatchUpComposite7.xml (RunModel)" time="0.115" />
  <testcase classname="ptolemy.util.test.junit.AutoTests" name="[19] /home/travis/build/icyphy/ptII/ptolemy/actor/lib/hoc/test/auto/ConcurrentExecutionTimeSDF.xml (RunModel)" time="0.039" />
  <testcase classname="ptolemy.util.test.junit.AutoTests" name="[20] /home/travis/build/icyphy/ptII/ptolemy/actor/lib/hoc/test/auto/ConcurrentSleep.xml (RunModel)" time="0.756" />
  <testcase classname="ptolemy.util.test.junit.AutoTests" name="[21] /home/travis/build/icyphy/ptII/ptolemy/actor/lib/hoc/test/auto/DEInPNInRunCompositeActor.xml (RunModel)" time="0.073" />
  <testcase classname="ptolemy.util.test.junit.AutoTests" name="[22] /home/travis/build/icyphy/ptII/ptolemy/actor/lib/hoc/test/auto/DFTSubSetTest.xml (RunModel)" time="0.309" />
  <testcase classname="ptolemy.util.test.junit.AutoTests" name="[23] /home/travis/build/icyphy/ptII/ptolemy/actor/lib/hoc/test/auto/HocDE.xml (RunModel)" time="0.191" />
  <testcase classname="ptolemy.util.test.junit.AutoTests" name="[24] /home/travis/build/icyphy/ptII/ptolemy/actor/lib/hoc/test/auto/IterateOverArray.xml (RunModel)" time="0.031" />
  <testcase classname="ptolemy.util.test.junit.AutoTests" name="[25] /home/travis/build/icyphy/ptII/ptolemy/actor/lib/hoc/test/auto/IterateOverArray10.xml (RunModel)" time="0.023" />
  <testcase classname="ptolemy.util.test.junit.AutoTests" name="[26] /home/travis/build/icyphy/ptII/ptolemy/actor/lib/hoc/test/auto/IterateOverArray11.xml (RunModel)" time="0.031" />
  <testcase classname="ptolemy.util.test.junit.AutoTests" name="[27] /home/travis/build/icyphy/ptII/ptolemy/actor/lib/hoc/test/auto/IterateOverArray12.xml (RunModel)" time="0.045" />
  <testcase classname="ptolemy.util.test.junit.AutoTests" name="[28] /home/travis/build/icyphy/ptII/ptolemy/actor/lib/hoc/test/auto/IterateOverArray13.xml (RunModel)" time="0.154" />
  <testcase classname="ptolemy.util.test.junit.AutoTests" name="[29] /home/travis/build/icyphy/ptII/ptolemy/actor/lib/hoc/test/auto/IterateOverArray14.xml (RunModel)" time="0.147" />
  <testcase classname="ptolemy.util.test.junit.AutoTests" name="[30] /home/travis/build/icyphy/ptII/ptolemy/actor/lib/hoc/test/auto/IterateOverArray2.xml (RunModel)" time="0.029" />
  <testcase classname="ptolemy.util.test.junit.AutoTests" name="[31] /home/travis/build/icyphy/ptII/ptolemy/actor/lib/hoc/test/auto/IterateOverArray3.xml (RunModel)" time="0.053" />
  <testcase classname="ptolemy.util.test.junit.AutoTests" name="[32] /home/travis/build/icyphy/ptII/ptolemy/actor/lib/hoc/test/auto/IterateOverArray4.xml (RunModel)" time="0.026" />
  <testcase classname="ptolemy.util.test.junit.AutoTests" name="[33] /home/travis/build/icyphy/ptII/ptolemy/actor/lib/hoc/test/auto/IterateOverArray5.xml (RunModel)" time="0.022" />
  <testcase classname="ptolemy.util.test.junit.AutoTests" name="[34] /home/travis/build/icyphy/ptII/ptolemy/actor/lib/hoc/test/auto/IterateOverArray6.xml (RunModel)" time="0.016" />
  <testcase classname="ptolemy.util.test.junit.AutoTests" name="[35] /home/travis/build/icyphy/ptII/ptolemy/actor/lib/hoc/test/auto/IterateOverArray7.xml (RunModel)" time="0.021" />
  <testcase classname="ptolemy.util.test.junit.AutoTests" name="[36] /home/travis/build/icyphy/ptII/ptolemy/actor/lib/hoc/test/auto/IterateOverArray8.xml (RunModel)" time="0.027" />
  <testcase classname="ptolemy.util.test.junit.AutoTests" name="[37] /home/travis/build/icyphy/ptII/ptolemy/actor/lib/hoc/test/auto/IterateOverArray9.xml (RunModel)" time="0.026" />
  <testcase classname="ptolemy.util.test.junit.AutoTests" name="[38] /home/travis/build/icyphy/ptII/ptolemy/actor/lib/hoc/test/auto/IterateOverArrayCoercedOutputType.xml (RunModel)" time="0.043" />
  <testcase classname="ptolemy.util.test.junit.AutoTests" name="[39] /home/travis/build/icyphy/ptII/ptolemy/actor/lib/hoc/test/auto/IterateOverArrayInferredOutputType.xml (RunModel)" time="0.043" />
  <testcase classname="ptolemy.util.test.junit.AutoTests" name="[40] /home/travis/build/icyphy/ptII/ptolemy/actor/lib/hoc/test/auto/MobileFunctionTest.xml (RunModel)" time="0.026" />
  <testcase classname="ptolemy.util.test.junit.AutoTests" name="[41] /home/travis/build/icyphy/ptII/ptolemy/actor/lib/hoc/test/auto/MobileModelTest.xml (RunModel)" time="0.128" />
  <testcase classname="ptolemy.util.test.junit.AutoTests" name="[42] /home/travis/build/icyphy/ptII/ptolemy/actor/lib/hoc/test/auto/ModelReference.xml (RunModel)" time="0.086" />
  <testcase classname="ptolemy.util.test.junit.AutoTests" name="[43] /home/travis/build/icyphy/ptII/ptolemy/actor/lib/hoc/test/auto/ModelReference3.xml (RunModel)" time="0.049" />
  <testcase classname="ptolemy.util.test.junit.AutoTests" name="[44] /home/travis/build/icyphy/ptII/ptolemy/actor/lib/hoc/test/auto/ModelReference4.xml (RunModel)" time="10.04" />
  <testcase classname="ptolemy.util.test.junit.AutoTests" name="[45] /home/travis/build/icyphy/ptII/ptolemy/actor/lib/hoc/test/auto/MultiInstanceComposite.xml (RunModel)" time="0.043" />
  <testcase classname="ptolemy.util.test.junit.AutoTests" name="[46] /home/travis/build/icyphy/ptII/ptolemy/actor/lib/hoc/test/auto/MultiInstanceComposite2.xml (RunModel)" time="0.034" />
  <testcase classname="ptolemy.util.test.junit.AutoTests" name="[47] /home/travis/build/icyphy/ptII/ptolemy/actor/lib/hoc/test/auto/MulticoreExecution.xml (RunModel)" time="10.067" />
  <testcase classname="ptolemy.util.test.junit.AutoTests" name="[48] /home/travis/build/icyphy/ptII/ptolemy/actor/lib/hoc/test/auto/ParallelExecution.xml (RunModel)" time="0.934" />
  <testcase classname="ptolemy.util.test.junit.AutoTests" name="[49] /home/travis/build/icyphy/ptII/ptolemy/actor/lib/hoc/test/auto/RunCompositeActor.xml (RunModel)" time="0.052" />
  <testcase classname="ptolemy.util.test.junit.AutoTests" name="[50] /home/travis/build/icyphy/ptII/ptolemy/actor/lib/hoc/test/auto/RunCompositeActor2.xml (RunModel)" time="0.058" />
  <testcase classname="ptolemy.util.test.junit.AutoTests" name="[51] /home/travis/build/icyphy/ptII/ptolemy/actor/lib/hoc/test/auto/RunCompositeActor3.xml (RunModel)" time="0.029" />
  <testcase classname="ptolemy.util.test.junit.AutoTests" name="[52] /home/travis/build/icyphy/ptII/ptolemy/actor/lib/hoc/test/auto/RunCompositeActor4.xml (RunModel)" time="0.032" />
  <testcase classname="ptolemy.util.test.junit.AutoTests" name="[53] /home/travis/build/icyphy/ptII/ptolemy/actor/lib/hoc/test/auto/RunCompositeIterateOverArray.xml (RunModel)" time="0.037" />
  <testcase classname="ptolemy.util.test.junit.AutoTests" name="[54] /home/travis/build/icyphy/ptII/ptolemy/actor/lib/hoc/test/auto/ThreadedJS.xml (RunModel)" time="4.856" />
  <system-out><![CDATA[/home/travis/build/icyphy/ptII/ptolemy/actor/lib/hoc/test/IterateOverArray.tcl
testDefs.tcl: setting time out to 9000 seconds at Sun May 06 00:44:58 UTC 2018
05/06/18 12:44:58
Failed: 0  Total Tests: 2  ((Passed: 2, Newly Passed: 0)  Known Failed: 0) /home/travis/build/icyphy/ptII/ptolemy/actor/lib/hoc/test
----------------- testing (KnownFailure) /home/travis/build/icyphy/ptII/ptolemy/actor/lib/hoc/test/auto/knownFailedTests/PreinitializeMustBeInvokedRunComposite.xml
39 ms. Memory: 116224K Free: 104526K (90%)
Known Failure: java.lang.reflect.InvocationTargetException
No auto/*.xml tests in /home/travis/build/icyphy/ptII/ptolemy/actor/lib/hoc/test
AutoTests.java: About to close Vertx.
AutoTests.java: Vertx closed.
----------------- testing Sun May 06 00:44:59 UTC 2018 /home/travis/build/icyphy/ptII/ptolemy/actor/lib/hoc/test/auto/AllToAllMultiInstanceComposite.xml
----------------- Instantiating /home/travis/build/icyphy/ptII/ptolemy/actor/lib/hoc/test/auto/AllToAllMultiInstanceComposite.xml
101 ms. Memory: 146944K Free: 113322K (77%)
----------------- Invoking toplevel() on ptolemy.moml.MoMLSimpleApplication@65d10071
----------------- Done invoking toplevel() on ptolemy.moml.MoMLSimpleApplication@65d10071
reloadAllAccessors: .AllToAllMultiInstanceComposite
----------------- testing Sun May 06 00:44:59 UTC 2018 /home/travis/build/icyphy/ptII/ptolemy/actor/lib/hoc/test/auto/ApplyFFTTest.xml
----------------- Instantiating /home/travis/build/icyphy/ptII/ptolemy/actor/lib/hoc/test/auto/ApplyFFTTest.xml
164 ms. Memory: 146944K Free: 92830K (63%)
----------------- Invoking toplevel() on ptolemy.moml.MoMLSimpleApplication@6abae3aa
----------------- Done invoking toplevel() on ptolemy.moml.MoMLSimpleApplication@6abae3aa
reloadAllAccessors: .ApplyFFTTest
----------------- testing Sun May 06 00:44:59 UTC 2018 /home/travis/build/icyphy/ptII/ptolemy/actor/lib/hoc/test/auto/ApplyFunction.xml
----------------- Instantiating /home/travis/build/icyphy/ptII/ptolemy/actor/lib/hoc/test/auto/ApplyFunction.xml
6 ms. Memory: 146944K Free: 89032K (61%)
----------------- Invoking toplevel() on ptolemy.moml.MoMLSimpleApplication@48937e1b
----------------- Done invoking toplevel() on ptolemy.moml.MoMLSimpleApplication@48937e1b
reloadAllAccessors: .ApplyFunction
----------------- testing Sun May 06 00:44:59 UTC 2018 /home/travis/build/icyphy/ptII/ptolemy/actor/lib/hoc/test/auto/BackgroundExecution.xml
----------------- Instantiating /home/travis/build/icyphy/ptII/ptolemy/actor/lib/hoc/test/auto/BackgroundExecution.xml
637 ms. Memory: 146944K Free: 80237K (55%)
----------------- Invoking toplevel() on ptolemy.moml.MoMLSimpleApplication@76687b84
----------------- Done invoking toplevel() on ptolemy.moml.MoMLSimpleApplication@76687b84
reloadAllAccessors: .BackgroundExecution
----------------- testing Sun May 06 00:45:00 UTC 2018 /home/travis/build/icyphy/ptII/ptolemy/actor/lib/hoc/test/auto/Case.xml
----------------- Instantiating /home/travis/build/icyphy/ptII/ptolemy/actor/lib/hoc/test/auto/Case.xml
22 ms. Memory: 146944K Free: 133497K (91%)
----------------- Invoking toplevel() on ptolemy.moml.MoMLSimpleApplication@574cf0e0
----------------- Done invoking toplevel() on ptolemy.moml.MoMLSimpleApplication@574cf0e0
reloadAllAccessors: .Case
----------------- testing Sun May 06 00:45:00 UTC 2018 /home/travis/build/icyphy/ptII/ptolemy/actor/lib/hoc/test/auto/Case1.xml
----------------- Instantiating /home/travis/build/icyphy/ptII/ptolemy/actor/lib/hoc/test/auto/Case1.xml
22 ms. Memory: 146944K Free: 126073K (86%)
----------------- Invoking toplevel() on ptolemy.moml.MoMLSimpleApplication@7739be7c
----------------- Done invoking toplevel() on ptolemy.moml.MoMLSimpleApplication@7739be7c
reloadAllAccessors: .Case1
----------------- testing Sun May 06 00:45:00 UTC 2018 /home/travis/build/icyphy/ptII/ptolemy/actor/lib/hoc/test/auto/Case2.xml
----------------- Instantiating /home/travis/build/icyphy/ptII/ptolemy/actor/lib/hoc/test/auto/Case2.xml
40 ms. Memory: 146944K Free: 115062K (78%)
----------------- Invoking toplevel() on ptolemy.moml.MoMLSimpleApplication@6349692c
----------------- Done invoking toplevel() on ptolemy.moml.MoMLSimpleApplication@6349692c
reloadAllAccessors: .Case2
----------------- testing Sun May 06 00:45:00 UTC 2018 /home/travis/build/icyphy/ptII/ptolemy/actor/lib/hoc/test/auto/Case3.xml
----------------- Instantiating /home/travis/build/icyphy/ptII/ptolemy/actor/lib/hoc/test/auto/Case3.xml
13 ms. Memory: 146944K Free: 107726K (73%)
----------------- Invoking toplevel() on ptolemy.moml.MoMLSimpleApplication@55f26126
----------------- Done invoking toplevel() on ptolemy.moml.MoMLSimpleApplication@55f26126
reloadAllAccessors: .Case3
----------------- testing Sun May 06 00:45:00 UTC 2018 /home/travis/build/icyphy/ptII/ptolemy/actor/lib/hoc/test/auto/Case4.xml
----------------- Instantiating /home/travis/build/icyphy/ptII/ptolemy/actor/lib/hoc/test/auto/Case4.xml
27 ms. Memory: 146944K Free: 99358K (68%)
----------------- Invoking toplevel() on ptolemy.moml.MoMLSimpleApplication@7fdf086
----------------- Done invoking toplevel() on ptolemy.moml.MoMLSimpleApplication@7fdf086
reloadAllAccessors: .Case4
----------------- testing Sun May 06 00:45:00 UTC 2018 /home/travis/build/icyphy/ptII/ptolemy/actor/lib/hoc/test/auto/Case5.xml
----------------- Instantiating /home/travis/build/icyphy/ptII/ptolemy/actor/lib/hoc/test/auto/Case5.xml
50 ms. Memory: 146944K Free: 91532K (62%)
----------------- Invoking toplevel() on ptolemy.moml.MoMLSimpleApplication@323e9e25
----------------- Done invoking toplevel() on ptolemy.moml.MoMLSimpleApplication@323e9e25
reloadAllAccessors: .junk
----------------- testing Sun May 06 00:45:00 UTC 2018 /home/travis/build/icyphy/ptII/ptolemy/actor/lib/hoc/test/auto/Case6.xml
----------------- Instantiating /home/travis/build/icyphy/ptII/ptolemy/actor/lib/hoc/test/auto/Case6.xml
52 ms. Memory: 208384K Free: 200933K (96%)
----------------- Invoking toplevel() on ptolemy.moml.MoMLSimpleApplication@2563781a
----------------- Done invoking toplevel() on ptolemy.moml.MoMLSimpleApplication@2563781a
reloadAllAccessors: .Case6
----------------- testing Sun May 06 00:45:00 UTC 2018 /home/travis/build/icyphy/ptII/ptolemy/actor/lib/hoc/test/auto/CaseString2.xml
----------------- Instantiating /home/travis/build/icyphy/ptII/ptolemy/actor/lib/hoc/test/auto/CaseString2.xml
9 ms. Memory: 208384K Free: 190793K (92%)
----------------- Invoking toplevel() on ptolemy.moml.MoMLSimpleApplication@117587ba
----------------- Done invoking toplevel() on ptolemy.moml.MoMLSimpleApplication@117587ba
reloadAllAccessors: .CaseString2
----------------- testing Sun May 06 00:45:01 UTC 2018 /home/travis/build/icyphy/ptII/ptolemy/actor/lib/hoc/test/auto/CatchUpComposite1.xml
----------------- Instantiating /home/travis/build/icyphy/ptII/ptolemy/actor/lib/hoc/test/auto/CatchUpComposite1.xml
16 ms. Memory: 208384K Free: 180898K (87%)
----------------- Invoking toplevel() on ptolemy.moml.MoMLSimpleApplication@4ad292f8
----------------- Done invoking toplevel() on ptolemy.moml.MoMLSimpleApplication@4ad292f8
reloadAllAccessors: .CatchUpComposite1
----------------- testing Sun May 06 00:45:01 UTC 2018 /home/travis/build/icyphy/ptII/ptolemy/actor/lib/hoc/test/auto/CatchUpComposite2.xml
----------------- Instantiating /home/travis/build/icyphy/ptII/ptolemy/actor/lib/hoc/test/auto/CatchUpComposite2.xml
17 ms. Memory: 208384K Free: 171617K (82%)
----------------- Invoking toplevel() on ptolemy.moml.MoMLSimpleApplication@6e14c4e2
----------------- Done invoking toplevel() on ptolemy.moml.MoMLSimpleApplication@6e14c4e2
reloadAllAccessors: .CatchUpComposite2
----------------- testing Sun May 06 00:45:01 UTC 2018 /home/travis/build/icyphy/ptII/ptolemy/actor/lib/hoc/test/auto/CatchUpComposite3.xml
----------------- Instantiating /home/travis/build/icyphy/ptII/ptolemy/actor/lib/hoc/test/auto/CatchUpComposite3.xml
9 ms. Memory: 208384K Free: 160870K (77%)
----------------- Invoking toplevel() on ptolemy.moml.MoMLSimpleApplication@2edb9c4b
----------------- Done invoking toplevel() on ptolemy.moml.MoMLSimpleApplication@2edb9c4b
reloadAllAccessors: .CatchUpComposite3
----------------- testing Sun May 06 00:45:01 UTC 2018 /home/travis/build/icyphy/ptII/ptolemy/actor/lib/hoc/test/auto/CatchUpComposite4.xml
----------------- Instantiating /home/travis/build/icyphy/ptII/ptolemy/actor/lib/hoc/test/auto/CatchUpComposite4.xml
21 ms. Memory: 208384K Free: 151637K (73%)
----------------- Invoking toplevel() on ptolemy.moml.MoMLSimpleApplication@486f3329
----------------- Done invoking toplevel() on ptolemy.moml.MoMLSimpleApplication@486f3329
reloadAllAccessors: .CatchUpComposite4
----------------- testing Sun May 06 00:45:01 UTC 2018 /home/travis/build/icyphy/ptII/ptolemy/actor/lib/hoc/test/auto/CatchUpComposite5.xml
----------------- Instantiating /home/travis/build/icyphy/ptII/ptolemy/actor/lib/hoc/test/auto/CatchUpComposite5.xml
13 ms. Memory: 208384K Free: 143003K (69%)
----------------- Invoking toplevel() on ptolemy.moml.MoMLSimpleApplication@73f6474b
----------------- Done invoking toplevel() on ptolemy.moml.MoMLSimpleApplication@73f6474b
reloadAllAccessors: .CatchUpComposite5
----------------- testing Sun May 06 00:45:01 UTC 2018 /home/travis/build/icyphy/ptII/ptolemy/actor/lib/hoc/test/auto/CatchUpComposite6.xml
----------------- Instantiating /home/travis/build/icyphy/ptII/ptolemy/actor/lib/hoc/test/auto/CatchUpComposite6.xml
WARNING: The execution aspects in this model can influence the timing of actors by delaying the 
execution, potentially changing the behavior. There is no guarantee that actors fire at the 
time they request to be fired. 
Use Ptides for deterministic DE behavior that is not influenced by execution aspects. 

87 ms. Memory: 208384K Free: 124042K (60%)
----------------- Invoking toplevel() on ptolemy.moml.MoMLSimpleApplication@144dcffb
----------------- Done invoking toplevel() on ptolemy.moml.MoMLSimpleApplication@144dcffb
reloadAllAccessors: .CatchUpComposite6
----------------- testing Sun May 06 00:45:01 UTC 2018 /home/travis/build/icyphy/ptII/ptolemy/actor/lib/hoc/test/auto/CatchUpComposite7.xml
----------------- Instantiating /home/travis/build/icyphy/ptII/ptolemy/actor/lib/hoc/test/auto/CatchUpComposite7.xml
WARNING: The execution aspects in this model can influence the timing of actors by delaying the 
execution, potentially changing the behavior. There is no guarantee that actors fire at the 
time they request to be fired. 
Use Ptides for deterministic DE behavior that is not influenced by execution aspects. 

51 ms. Memory: 208384K Free: 107290K (51%)
----------------- Invoking toplevel() on ptolemy.moml.MoMLSimpleApplication@1635d51d
----------------- Done invoking toplevel() on ptolemy.moml.MoMLSimpleApplication@1635d51d
reloadAllAccessors: .CatchUpComposite7
----------------- testing Sun May 06 00:45:01 UTC 2018 /home/travis/build/icyphy/ptII/ptolemy/actor/lib/hoc/test/auto/ConcurrentExecutionTimeSDF.xml
----------------- Instantiating /home/travis/build/icyphy/ptII/ptolemy/actor/lib/hoc/test/auto/ConcurrentExecutionTimeSDF.xml
10 ms. Memory: 208384K Free: 98026K (47%)
----------------- Invoking toplevel() on ptolemy.moml.MoMLSimpleApplication@6e443fe6
----------------- Done invoking toplevel() on ptolemy.moml.MoMLSimpleApplication@6e443fe6
reloadAllAccessors: .ConcurrentExecutionTimeSDF
----------------- testing Sun May 06 00:45:01 UTC 2018 /home/travis/build/icyphy/ptII/ptolemy/actor/lib/hoc/test/auto/ConcurrentSleep.xml
----------------- Instantiating /home/travis/build/icyphy/ptII/ptolemy/actor/lib/hoc/test/auto/ConcurrentSleep.xml
728 ms. Memory: 208384K Free: 83495K (40%)
----------------- Invoking toplevel() on ptolemy.moml.MoMLSimpleApplication@41bbd711
----------------- Done invoking toplevel() on ptolemy.moml.MoMLSimpleApplication@41bbd711
reloadAllAccessors: .ConcurrentSleep
----------------- testing Sun May 06 00:45:02 UTC 2018 /home/travis/build/icyphy/ptII/ptolemy/actor/lib/hoc/test/auto/DEInPNInRunCompositeActor.xml
----------------- Instantiating /home/travis/build/icyphy/ptII/ptolemy/actor/lib/hoc/test/auto/DEInPNInRunCompositeActor.xml
23 ms. Memory: 208384K Free: 198735K (95%)
----------------- Invoking toplevel() on ptolemy.moml.MoMLSimpleApplication@db47c0a
----------------- Done invoking toplevel() on ptolemy.moml.MoMLSimpleApplication@db47c0a
reloadAllAccessors: .DEInPNInRunCompositeActor
----------------- testing Sun May 06 00:45:02 UTC 2018 /home/travis/build/icyphy/ptII/ptolemy/actor/lib/hoc/test/auto/DFTSubSetTest.xml
----------------- Instantiating /home/travis/build/icyphy/ptII/ptolemy/actor/lib/hoc/test/auto/DFTSubSetTest.xml
197 ms. Memory: 208384K Free: 150473K (72%)
----------------- Invoking toplevel() on ptolemy.moml.MoMLSimpleApplication@29564ea0
----------------- Done invoking toplevel() on ptolemy.moml.MoMLSimpleApplication@29564ea0
reloadAllAccessors: .DFTSubSetTest
----------------- testing Sun May 06 00:45:02 UTC 2018 /home/travis/build/icyphy/ptII/ptolemy/actor/lib/hoc/test/auto/HocDE.xml
----------------- Instantiating /home/travis/build/icyphy/ptII/ptolemy/actor/lib/hoc/test/auto/HocDE.xml
150 ms. Memory: 208384K Free: 123359K (59%)
----------------- Invoking toplevel() on ptolemy.moml.MoMLSimpleApplication@78d2b8d1
----------------- Done invoking toplevel() on ptolemy.moml.MoMLSimpleApplication@78d2b8d1
reloadAllAccessors: .HocDE
----------------- testing Sun May 06 00:45:02 UTC 2018 /home/travis/build/icyphy/ptII/ptolemy/actor/lib/hoc/test/auto/IterateOverArray.xml
----------------- Instantiating /home/travis/build/icyphy/ptII/ptolemy/actor/lib/hoc/test/auto/IterateOverArray.xml
8 ms. Memory: 208384K Free: 116991K (56%)
----------------- Invoking toplevel() on ptolemy.moml.MoMLSimpleApplication@1a966efe
----------------- Done invoking toplevel() on ptolemy.moml.MoMLSimpleApplication@1a966efe
reloadAllAccessors: .IterateOverArray
----------------- testing Sun May 06 00:45:02 UTC 2018 /home/travis/build/icyphy/ptII/ptolemy/actor/lib/hoc/test/auto/IterateOverArray10.xml
----------------- Instantiating /home/travis/build/icyphy/ptII/ptolemy/actor/lib/hoc/test/auto/IterateOverArray10.xml
5 ms. Memory: 208384K Free: 112878K (54%)
----------------- Invoking toplevel() on ptolemy.moml.MoMLSimpleApplication@44d17bec
----------------- Done invoking toplevel() on ptolemy.moml.MoMLSimpleApplication@44d17bec
reloadAllAccessors: .IterateOverArray10
----------------- testing Sun May 06 00:45:03 UTC 2018 /home/travis/build/icyphy/ptII/ptolemy/actor/lib/hoc/test/auto/IterateOverArray11.xml
----------------- Instantiating /home/travis/build/icyphy/ptII/ptolemy/actor/lib/hoc/test/auto/IterateOverArray11.xml
8 ms. Memory: 208384K Free: 107338K (52%)
----------------- Invoking toplevel() on ptolemy.moml.MoMLSimpleApplication@299f2e3c
----------------- Done invoking toplevel() on ptolemy.moml.MoMLSimpleApplication@299f2e3c
reloadAllAccessors: .IterateOverArray11
----------------- testing Sun May 06 00:45:03 UTC 2018 /home/travis/build/icyphy/ptII/ptolemy/actor/lib/hoc/test/auto/IterateOverArray12.xml
----------------- Instantiating /home/travis/build/icyphy/ptII/ptolemy/actor/lib/hoc/test/auto/IterateOverArray12.xml
17 ms. Memory: 208384K Free: 99323K (48%)
----------------- Invoking toplevel() on ptolemy.moml.MoMLSimpleApplication@70b046ce
----------------- Done invoking toplevel() on ptolemy.moml.MoMLSimpleApplication@70b046ce
reloadAllAccessors: .IterateOverArray12
----------------- testing Sun May 06 00:45:03 UTC 2018 /home/travis/build/icyphy/ptII/ptolemy/actor/lib/hoc/test/auto/IterateOverArray13.xml
----------------- Instantiating /home/travis/build/icyphy/ptII/ptolemy/actor/lib/hoc/test/auto/IterateOverArray13.xml
98 ms. Memory: 331776K Free: 315581K (95%)
----------------- Invoking toplevel() on ptolemy.moml.MoMLSimpleApplication@5b5c0485
----------------- Done invoking toplevel() on ptolemy.moml.MoMLSimpleApplication@5b5c0485
reloadAllAccessors: .IterateOverArray13
----------------- testing Sun May 06 00:45:03 UTC 2018 /home/travis/build/icyphy/ptII/ptolemy/actor/lib/hoc/test/auto/IterateOverArray14.xml
----------------- Instantiating /home/travis/build/icyphy/ptII/ptolemy/actor/lib/hoc/test/auto/IterateOverArray14.xml
62 ms. Memory: 331776K Free: 278026K (84%)
----------------- Invoking toplevel() on ptolemy.moml.MoMLSimpleApplication@d035b95
----------------- Done invoking toplevel() on ptolemy.moml.MoMLSimpleApplication@d035b95
reloadAllAccessors: .IterateOverArray14
----------------- testing Sun May 06 00:45:03 UTC 2018 /home/travis/build/icyphy/ptII/ptolemy/actor/lib/hoc/test/auto/IterateOverArray2.xml
----------------- Instantiating /home/travis/build/icyphy/ptII/ptolemy/actor/lib/hoc/test/auto/IterateOverArray2.xml
9 ms. Memory: 331776K Free: 273121K (82%)
----------------- Invoking toplevel() on ptolemy.moml.MoMLSimpleApplication@1eeaf2f8
----------------- Done invoking toplevel() on ptolemy.moml.MoMLSimpleApplication@1eeaf2f8
reloadAllAccessors: .IterateOverArray2
----------------- testing Sun May 06 00:45:03 UTC 2018 /home/travis/build/icyphy/ptII/ptolemy/actor/lib/hoc/test/auto/IterateOverArray3.xml
----------------- Instantiating /home/travis/build/icyphy/ptII/ptolemy/actor/lib/hoc/test/auto/IterateOverArray3.xml
22 ms. Memory: 331776K Free: 264929K (80%)
----------------- Invoking toplevel() on ptolemy.moml.MoMLSimpleApplication@7a03188b
----------------- Done invoking toplevel() on ptolemy.moml.MoMLSimpleApplication@7a03188b
reloadAllAccessors: .IterateOverArray3
----------------- testing Sun May 06 00:45:03 UTC 2018 /home/travis/build/icyphy/ptII/ptolemy/actor/lib/hoc/test/auto/IterateOverArray4.xml
----------------- Instantiating /home/travis/build/icyphy/ptII/ptolemy/actor/lib/hoc/test/auto/IterateOverArray4.xml
5 ms. Memory: 331776K Free: 260023K (78%)
----------------- Invoking toplevel() on ptolemy.moml.MoMLSimpleApplication@1ac3df8e
----------------- Done invoking toplevel() on ptolemy.moml.MoMLSimpleApplication@1ac3df8e
reloadAllAccessors: .IterateOverArray4
----------------- testing Sun May 06 00:45:03 UTC 2018 /home/travis/build/icyphy/ptII/ptolemy/actor/lib/hoc/test/auto/IterateOverArray5.xml
----------------- Instantiating /home/travis/build/icyphy/ptII/ptolemy/actor/lib/hoc/test/auto/IterateOverArray5.xml
3 ms. Memory: 331776K Free: 255118K (77%)
----------------- Invoking toplevel() on ptolemy.moml.MoMLSimpleApplication@2062bd74
----------------- Done invoking toplevel() on ptolemy.moml.MoMLSimpleApplication@2062bd74
reloadAllAccessors: .IterateOverArray5
----------------- testing Sun May 06 00:45:03 UTC 2018 /home/travis/build/icyphy/ptII/ptolemy/actor/lib/hoc/test/auto/IterateOverArray6.xml
----------------- Instantiating /home/travis/build/icyphy/ptII/ptolemy/actor/lib/hoc/test/auto/IterateOverArray6.xml
4 ms. Memory: 331776K Free: 250605K (76%)
----------------- Invoking toplevel() on ptolemy.moml.MoMLSimpleApplication@44cddfd
----------------- Done invoking toplevel() on ptolemy.moml.MoMLSimpleApplication@44cddfd
reloadAllAccessors: .IterateOverArray6
----------------- testing Sun May 06 00:45:03 UTC 2018 /home/travis/build/icyphy/ptII/ptolemy/actor/lib/hoc/test/auto/IterateOverArray7.xml
----------------- Instantiating /home/travis/build/icyphy/ptII/ptolemy/actor/lib/hoc/test/auto/IterateOverArray7.xml
3 ms. Memory: 331776K Free: 245700K (74%)
----------------- Invoking toplevel() on ptolemy.moml.MoMLSimpleApplication@6fdd4db5
----------------- Done invoking toplevel() on ptolemy.moml.MoMLSimpleApplication@6fdd4db5
reloadAllAccessors: .IterateOverArray7
----------------- testing Sun May 06 00:45:03 UTC 2018 /home/travis/build/icyphy/ptII/ptolemy/actor/lib/hoc/test/auto/IterateOverArray8.xml
----------------- Instantiating /home/travis/build/icyphy/ptII/ptolemy/actor/lib/hoc/test/auto/IterateOverArray8.xml
4 ms. Memory: 331776K Free: 239960K (72%)
----------------- Invoking toplevel() on ptolemy.moml.MoMLSimpleApplication@49bad264
----------------- Done invoking toplevel() on ptolemy.moml.MoMLSimpleApplication@49bad264
reloadAllAccessors: .IterateOverArray8
----------------- testing Sun May 06 00:45:03 UTC 2018 /home/travis/build/icyphy/ptII/ptolemy/actor/lib/hoc/test/auto/IterateOverArray9.xml
----------------- Instantiating /home/travis/build/icyphy/ptII/ptolemy/actor/lib/hoc/test/auto/IterateOverArray9.xml
8 ms. Memory: 331776K Free: 235055K (71%)
----------------- Invoking toplevel() on ptolemy.moml.MoMLSimpleApplication@79eb2222
----------------- Done invoking toplevel() on ptolemy.moml.MoMLSimpleApplication@79eb2222
reloadAllAccessors: .IterateOverArray9
----------------- testing Sun May 06 00:45:03 UTC 2018 /home/travis/build/icyphy/ptII/ptolemy/actor/lib/hoc/test/auto/IterateOverArrayCoercedOutputType.xml
----------------- Instantiating /home/travis/build/icyphy/ptII/ptolemy/actor/lib/hoc/test/auto/IterateOverArrayCoercedOutputType.xml
5 ms. Memory: 331776K Free: 228924K (69%)
----------------- Invoking toplevel() on ptolemy.moml.MoMLSimpleApplication@11b462ec
----------------- Done invoking toplevel() on ptolemy.moml.MoMLSimpleApplication@11b462ec
reloadAllAccessors: .IterateOverArrayCoercedOutputType
----------------- testing Sun May 06 00:45:03 UTC 2018 /home/travis/build/icyphy/ptII/ptolemy/actor/lib/hoc/test/auto/IterateOverArrayInferredOutputType.xml
----------------- Instantiating /home/travis/build/icyphy/ptII/ptolemy/actor/lib/hoc/test/auto/IterateOverArrayInferredOutputType.xml
8 ms. Memory: 331776K Free: 221958K (67%)
----------------- Invoking toplevel() on ptolemy.moml.MoMLSimpleApplication@4733ef0b
----------------- Done invoking toplevel() on ptolemy.moml.MoMLSimpleApplication@4733ef0b
reloadAllAccessors: .IterateOverArrayInferredOutputType
----------------- testing Sun May 06 00:45:03 UTC 2018 /home/travis/build/icyphy/ptII/ptolemy/actor/lib/hoc/test/auto/MobileFunctionTest.xml
----------------- Instantiating /home/travis/build/icyphy/ptII/ptolemy/actor/lib/hoc/test/auto/MobileFunctionTest.xml
4 ms. Memory: 331776K Free: 217053K (65%)
----------------- Invoking toplevel() on ptolemy.moml.MoMLSimpleApplication@4da81465
----------------- Done invoking toplevel() on ptolemy.moml.MoMLSimpleApplication@4da81465
reloadAllAccessors: .MobileFunctionTest
----------------- testing Sun May 06 00:45:03 UTC 2018 /home/travis/build/icyphy/ptII/ptolemy/actor/lib/hoc/test/auto/MobileModelTest.xml
----------------- Instantiating /home/travis/build/icyphy/ptII/ptolemy/actor/lib/hoc/test/auto/MobileModelTest.xml
91 ms. Memory: 331776K Free: 195371K (59%)
----------------- Invoking toplevel() on ptolemy.moml.MoMLSimpleApplication@623a9520
----------------- Done invoking toplevel() on ptolemy.moml.MoMLSimpleApplication@623a9520
reloadAllAccessors: .MobileModelTest
----------------- testing Sun May 06 00:45:03 UTC 2018 /home/travis/build/icyphy/ptII/ptolemy/actor/lib/hoc/test/auto/ModelReference.xml
----------------- Instantiating /home/travis/build/icyphy/ptII/ptolemy/actor/lib/hoc/test/auto/ModelReference.xml
10 ms. Memory: 331776K Free: 186787K (56%)
2 ms. Memory: 331776K Free: 185561K (56%)
2 ms. Memory: 331776K Free: 185561K (56%)
2 ms. Memory: 331776K Free: 184335K (56%)
2 ms. Memory: 331776K Free: 183108K (55%)
1 ms. Memory: 331776K Free: 183108K (55%)
2 ms. Memory: 331776K Free: 181882K (55%)
5 ms. Memory: 331776K Free: 180656K (54%)
2 ms. Memory: 331776K Free: 180656K (54%)
2 ms. Memory: 331776K Free: 179430K (54%)
42 ms. Memory: 331776K Free: 179430K (54%)
----------------- Invoking toplevel() on ptolemy.moml.MoMLSimpleApplication@4d16a08d
----------------- Done invoking toplevel() on ptolemy.moml.MoMLSimpleApplication@4d16a08d
reloadAllAccessors: .ModelReference
----------------- testing Sun May 06 00:45:03 UTC 2018 /home/travis/build/icyphy/ptII/ptolemy/actor/lib/hoc/test/auto/ModelReference3.xml
----------------- Instantiating /home/travis/build/icyphy/ptII/ptolemy/actor/lib/hoc/test/auto/ModelReference3.xml
1 ms. Memory: 331776K Free: 173298K (52%)
5 ms. Memory: 331776K Free: 173298K (52%)
2 ms. Memory: 331776K Free: 172072K (52%)
3 ms. Memory: 331776K Free: 170846K (51%)
1 ms. Memory: 331776K Free: 170846K (51%)
1 ms. Memory: 331776K Free: 169620K (51%)
1 ms. Memory: 331776K Free: 168393K (51%)
4 ms. Memory: 331776K Free: 168393K (51%)
1 ms. Memory: 331776K Free: 167167K (50%)
3 ms. Memory: 331776K Free: 165941K (50%)
30 ms. Memory: 331776K Free: 165941K (50%)
----------------- Invoking toplevel() on ptolemy.moml.MoMLSimpleApplication@3509f524
----------------- Done invoking toplevel() on ptolemy.moml.MoMLSimpleApplication@3509f524
reloadAllAccessors: .ModelReference3
----------------- testing Sun May 06 00:45:04 UTC 2018 /home/travis/build/icyphy/ptII/ptolemy/actor/lib/hoc/test/auto/ModelReference4.xml
----------------- Instantiating /home/travis/build/icyphy/ptII/ptolemy/actor/lib/hoc/test/auto/ModelReference4.xml
5 ms. Memory: 331776K Free: 158975K (48%)
4 ms. Memory: 331776K Free: 157749K (48%)
3 ms. Memory: 331776K Free: 155296K (47%)
11 ms. Memory: 331776K Free: 154070K (46%)
10 ms. Memory: 331776K Free: 152844K (46%)
5 ms. Memory: 331776K Free: 151618K (46%)
2 ms. Memory: 331776K Free: 150391K (45%)
3 ms. Memory: 331776K Free: 149165K (45%)
2 ms. Memory: 331776K Free: 146697K (44%)
2 ms. Memory: 331776K Free: 145471K (44%)
10020 ms. Memory: 331776K Free: 145471K (44%)
----------------- Invoking toplevel() on ptolemy.moml.MoMLSimpleApplication@ecb6fbf
----------------- Done invoking toplevel() on ptolemy.moml.MoMLSimpleApplication@ecb6fbf
reloadAllAccessors: .ModelReference4
----------------- testing Sun May 06 00:45:14 UTC 2018 /home/travis/build/icyphy/ptII/ptolemy/actor/lib/hoc/test/auto/MultiInstanceComposite.xml
----------------- Instantiating /home/travis/build/icyphy/ptII/ptolemy/actor/lib/hoc/test/auto/MultiInstanceComposite.xml
25 ms. Memory: 331776K Free: 128206K (39%)
----------------- Invoking toplevel() on ptolemy.moml.MoMLSimpleApplication@35526e67
----------------- Done invoking toplevel() on ptolemy.moml.MoMLSimpleApplication@35526e67
reloadAllAccessors: .MultiInstanceComposite
----------------- testing Sun May 06 00:45:14 UTC 2018 /home/travis/build/icyphy/ptII/ptolemy/actor/lib/hoc/test/auto/MultiInstanceComposite2.xml
----------------- Instantiating /home/travis/build/icyphy/ptII/ptolemy/actor/lib/hoc/test/auto/MultiInstanceComposite2.xml
12 ms. Memory: 331776K Free: 113803K (34%)
----------------- Invoking toplevel() on ptolemy.moml.MoMLSimpleApplication@76cef90d
----------------- Done invoking toplevel() on ptolemy.moml.MoMLSimpleApplication@76cef90d
reloadAllAccessors: .MultiInstanceComposite2
----------------- testing Sun May 06 00:45:14 UTC 2018 /home/travis/build/icyphy/ptII/ptolemy/actor/lib/hoc/test/auto/MulticoreExecution.xml
----------------- Instantiating /home/travis/build/icyphy/ptII/ptolemy/actor/lib/hoc/test/auto/MulticoreExecution.xml
10042 ms. Memory: 331776K Free: 101492K (31%)
----------------- Invoking toplevel() on ptolemy.moml.MoMLSimpleApplication@5122a5f0
----------------- Done invoking toplevel() on ptolemy.moml.MoMLSimpleApplication@5122a5f0
reloadAllAccessors: .MulticoreExecution
----------------- testing Sun May 06 00:45:24 UTC 2018 /home/travis/build/icyphy/ptII/ptolemy/actor/lib/hoc/test/auto/ParallelExecution.xml
----------------- Instantiating /home/travis/build/icyphy/ptII/ptolemy/actor/lib/hoc/test/auto/ParallelExecution.xml
917 ms. Memory: 331776K Free: 90424K (27%)
----------------- Invoking toplevel() on ptolemy.moml.MoMLSimpleApplication@72e43f20
----------------- Done invoking toplevel() on ptolemy.moml.MoMLSimpleApplication@72e43f20
reloadAllAccessors: .ParallelExecution
----------------- testing Sun May 06 00:45:25 UTC 2018 /home/travis/build/icyphy/ptII/ptolemy/actor/lib/hoc/test/auto/RunCompositeActor.xml
----------------- Instantiating /home/travis/build/icyphy/ptII/ptolemy/actor/lib/hoc/test/auto/RunCompositeActor.xml
9 ms. Memory: 331776K Free: 80957K (24%)
----------------- Invoking toplevel() on ptolemy.moml.MoMLSimpleApplication@3438cbfc
----------------- Done invoking toplevel() on ptolemy.moml.MoMLSimpleApplication@3438cbfc
reloadAllAccessors: .RunCompositeActor
----------------- testing Sun May 06 00:45:25 UTC 2018 /home/travis/build/icyphy/ptII/ptolemy/actor/lib/hoc/test/auto/RunCompositeActor2.xml
----------------- Instantiating /home/travis/build/icyphy/ptII/ptolemy/actor/lib/hoc/test/auto/RunCompositeActor2.xml
8 ms. Memory: 332288K Free: 317770K (96%)
----------------- Invoking toplevel() on ptolemy.moml.MoMLSimpleApplication@3a42952c
----------------- Done invoking toplevel() on ptolemy.moml.MoMLSimpleApplication@3a42952c
reloadAllAccessors: .RunCompositeActor2
----------------- testing Sun May 06 00:45:25 UTC 2018 /home/travis/build/icyphy/ptII/ptolemy/actor/lib/hoc/test/auto/RunCompositeActor3.xml
----------------- Instantiating /home/travis/build/icyphy/ptII/ptolemy/actor/lib/hoc/test/auto/RunCompositeActor3.xml
5 ms. Memory: 332288K Free: 310622K (93%)
----------------- Invoking toplevel() on ptolemy.moml.MoMLSimpleApplication@1bba98eb
----------------- Done invoking toplevel() on ptolemy.moml.MoMLSimpleApplication@1bba98eb
reloadAllAccessors: .RunCompositeActor3
----------------- testing Sun May 06 00:45:25 UTC 2018 /home/travis/build/icyphy/ptII/ptolemy/actor/lib/hoc/test/auto/RunCompositeActor4.xml
----------------- Instantiating /home/travis/build/icyphy/ptII/ptolemy/actor/lib/hoc/test/auto/RunCompositeActor4.xml
14 ms. Memory: 332288K Free: 301638K (91%)
----------------- Invoking toplevel() on ptolemy.moml.MoMLSimpleApplication@5a9602c2
----------------- Done invoking toplevel() on ptolemy.moml.MoMLSimpleApplication@5a9602c2
reloadAllAccessors: .RunCompositeActor4
----------------- testing Sun May 06 00:45:25 UTC 2018 /home/travis/build/icyphy/ptII/ptolemy/actor/lib/hoc/test/auto/RunCompositeIterateOverArray.xml
----------------- Instantiating /home/travis/build/icyphy/ptII/ptolemy/actor/lib/hoc/test/auto/RunCompositeIterateOverArray.xml
11 ms. Memory: 332288K Free: 295082K (89%)
----------------- Invoking toplevel() on ptolemy.moml.MoMLSimpleApplication@75d85477
----------------- Done invoking toplevel() on ptolemy.moml.MoMLSimpleApplication@75d85477
reloadAllAccessors: .RunCompositeIterateOverArray
----------------- testing Sun May 06 00:45:25 UTC 2018 /home/travis/build/icyphy/ptII/ptolemy/actor/lib/hoc/test/auto/ThreadedJS.xml
----------------- Instantiating /home/travis/build/icyphy/ptII/ptolemy/actor/lib/hoc/test/auto/ThreadedJS.xml
1783 ms. Memory: 537600K Free: 160593K (30%)
----------------- Invoking toplevel() on ptolemy.moml.MoMLSimpleApplication@7f78ece8
----------------- Done invoking toplevel() on ptolemy.moml.MoMLSimpleApplication@7f78ece8
reloadAllAccessors: .ThreadedJS
AutoTests.java: About to close Vertx.
AutoTests.java: Vertx closed.
]]></system-out>
  <system-err><![CDATA[java.lang.RuntimeException: Execution failed
	at ptolemy.moml.MoMLSimpleApplication$UnloadThread.run(MoMLSimpleApplication.java:402)
Caused by: ptolemy.kernel.util.IllegalActionException: initialize() was called after wrapup() was called but preinitialize() was not called after wrapup().
	at ptolemy.actor.lib.hoc.test.PreinitializeMustBeInvoked.initialize(PreinitializeMustBeInvoked.java:78)
	at ptolemy.actor.Director.initialize(Director.java:938)
	at ptolemy.actor.Director.initialize(Director.java:907)
	at ptolemy.actor.sched.StaticSchedulingDirector.initialize(StaticSchedulingDirector.java:159)
	at ptolemy.domains.sdf.kernel.SDFDirector.initialize(SDFDirector.java:544)
	at ptolemy.actor.CompositeActor.initialize(CompositeActor.java:935)
	at ptolemy.actor.lib.hoc.LifeCycleManager._executeInsideModel(LifeCycleManager.java:339)
	at ptolemy.actor.lib.hoc.RunCompositeActor.fire(RunCompositeActor.java:205)
	at ptolemy.actor.CompositeActor.iterate(CompositeActor.java:1146)
	at ptolemy.actor.sched.StaticSchedulingDirector.fire(StaticSchedulingDirector.java:216)
	at ptolemy.domains.sdf.kernel.SDFDirector.fire(SDFDirector.java:500)
	at ptolemy.actor.CompositeActor.fire(CompositeActor.java:455)
	at ptolemy.actor.Manager.iterate(Manager.java:851)
	at ptolemy.actor.Manager.execute(Manager.java:369)
	at ptolemy.actor.Manager.run(Manager.java:1263)
	at ptolemy.actor.Manager$PtolemyRunThread.run(Manager.java:1915)
java.lang.reflect.InvocationTargetException
	at sun.reflect.NativeConstructorAccessorImpl.newInstance0(Native Method)
	at sun.reflect.NativeConstructorAccessorImpl.newInstance(NativeConstructorAccessorImpl.java:62)
	at sun.reflect.DelegatingConstructorAccessorImpl.newInstance(DelegatingConstructorAccessorImpl.java:45)
	at java.lang.reflect.Constructor.newInstance(Constructor.java:423)
	at ptolemy.util.test.junit.AutoKnownFailedTests.RunModel(AutoKnownFailedTests.java:107)
	at sun.reflect.NativeMethodAccessorImpl.invoke0(Native Method)
	at sun.reflect.NativeMethodAccessorImpl.invoke(NativeMethodAccessorImpl.java:62)
	at sun.reflect.DelegatingMethodAccessorImpl.invoke(DelegatingMethodAccessorImpl.java:43)
	at java.lang.reflect.Method.invoke(Method.java:498)
	at org.junit.runners.model.FrameworkMethod$1.runReflectiveCall(FrameworkMethod.java:44)
	at org.junit.internal.runners.model.ReflectiveCallable.run(ReflectiveCallable.java:15)
	at org.junit.runners.model.FrameworkMethod.invokeExplosively(FrameworkMethod.java:41)
	at junitparams.internal.InvokeParameterisedMethod.evaluate(InvokeParameterisedMethod.java:102)
	at org.junit.internal.runners.statements.FailOnTimeout$1.run(FailOnTimeout.java:28)
Caused by: ptolemy.kernel.util.IllegalActionException: initialize() was called after wrapup() was called but preinitialize() was not called after wrapup().
	at ptolemy.actor.lib.hoc.test.PreinitializeMustBeInvoked.initialize(PreinitializeMustBeInvoked.java:78)
	at ptolemy.actor.Director.initialize(Director.java:938)
	at ptolemy.actor.Director.initialize(Director.java:907)
	at ptolemy.actor.sched.StaticSchedulingDirector.initialize(StaticSchedulingDirector.java:159)
	at ptolemy.domains.sdf.kernel.SDFDirector.initialize(SDFDirector.java:544)
	at ptolemy.actor.CompositeActor.initialize(CompositeActor.java:935)
	at ptolemy.actor.lib.hoc.LifeCycleManager._executeInsideModel(LifeCycleManager.java:339)
	at ptolemy.actor.lib.hoc.RunCompositeActor.fire(RunCompositeActor.java:205)
	at ptolemy.actor.CompositeActor.iterate(CompositeActor.java:1146)
	at ptolemy.actor.sched.StaticSchedulingDirector.fire(StaticSchedulingDirector.java:216)
	at ptolemy.domains.sdf.kernel.SDFDirector.fire(SDFDirector.java:500)
	at ptolemy.actor.CompositeActor.fire(CompositeActor.java:455)
	at ptolemy.actor.Manager.iterate(Manager.java:851)
	at ptolemy.actor.Manager.execute(Manager.java:369)
	at ptolemy.actor.Manager.run(Manager.java:1263)
	at ptolemy.actor.Manager$PtolemyRunThread.run(Manager.java:1915)
]]></system-err>
</testsuite>
