<?xml version="1.0" encoding="UTF-8" ?>
<testsuite errors="0" failures="0" hostname="travis-job-2768b872-d22a-4e6c-b8c0-14a3c9f0c168" name="ptolemy.actor.lib.hoc.test.junit.JUnitTclTest" skipped="0" tests="58" time="31.357" timestamp="2018-05-16T15:14:55">
  <properties>
[...]
</properties>
  <testcase classname="ptolemy.util.test.junit.TclTests" name="[0] /home/travis/build/icyphy/ptII/ptolemy/actor/lib/hoc/test/IterateOverArray.tcl (RunTclFile)" time="0.266" />
  <testcase classname="ptolemy.util.test.junit.AutoKnownFailedTests" name="[0] /home/travis/build/icyphy/ptII/ptolemy/actor/lib/hoc/test/auto/knownFailedTests/PreinitializeMustBeInvokedRunComposite.xml (RunModel)" time="0.22" />
  <testcase classname="ptolemy.util.test.junit.AutoNameArchTests" name="[0] ThereAreNoAutoTests (RunModel)" time="0.001" />
  <testcase classname="ptolemy.util.test.junit.AutoTests" name="[0] /home/travis/build/icyphy/ptII/ptolemy/actor/lib/hoc/test/auto/AllToAllMultiInstanceComposite.xml (RunModel)" time="0.276" />
  <testcase classname="ptolemy.util.test.junit.AutoTests" name="[1] /home/travis/build/icyphy/ptII/ptolemy/actor/lib/hoc/test/auto/ApplyFFTTest.xml (RunModel)" time="0.223" />
  <testcase classname="ptolemy.util.test.junit.AutoTests" name="[2] /home/travis/build/icyphy/ptII/ptolemy/actor/lib/hoc/test/auto/ApplyFunction.xml (RunModel)" time="0.026" />
  <testcase classname="ptolemy.util.test.junit.AutoTests" name="[3] /home/travis/build/icyphy/ptII/ptolemy/actor/lib/hoc/test/auto/BackgroundExecution.xml (RunModel)" time="0.685" />
  <testcase classname="ptolemy.util.test.junit.AutoTests" name="[4] /home/travis/build/icyphy/ptII/ptolemy/actor/lib/hoc/test/auto/Case.xml (RunModel)" time="0.089" />
  <testcase classname="ptolemy.util.test.junit.AutoTests" name="[5] /home/travis/build/icyphy/ptII/ptolemy/actor/lib/hoc/test/auto/Case1.xml (RunModel)" time="0.049" />
  <testcase classname="ptolemy.util.test.junit.AutoTests" name="[6] /home/travis/build/icyphy/ptII/ptolemy/actor/lib/hoc/test/auto/Case2.xml (RunModel)" time="0.061" />
  <testcase classname="ptolemy.util.test.junit.AutoTests" name="[7] /home/travis/build/icyphy/ptII/ptolemy/actor/lib/hoc/test/auto/Case3.xml (RunModel)" time="0.035" />
  <testcase classname="ptolemy.util.test.junit.AutoTests" name="[8] /home/travis/build/icyphy/ptII/ptolemy/actor/lib/hoc/test/auto/Case4.xml (RunModel)" time="0.047" />
  <testcase classname="ptolemy.util.test.junit.AutoTests" name="[9] /home/travis/build/icyphy/ptII/ptolemy/actor/lib/hoc/test/auto/Case5.xml (RunModel)" time="0.081" />
  <testcase classname="ptolemy.util.test.junit.AutoTests" name="[10] /home/travis/build/icyphy/ptII/ptolemy/actor/lib/hoc/test/auto/Case6.xml (RunModel)" time="0.129" />
  <testcase classname="ptolemy.util.test.junit.AutoTests" name="[11] /home/travis/build/icyphy/ptII/ptolemy/actor/lib/hoc/test/auto/CaseString2.xml (RunModel)" time="0.056" />
  <testcase classname="ptolemy.util.test.junit.AutoTests" name="[12] /home/travis/build/icyphy/ptII/ptolemy/actor/lib/hoc/test/auto/CatchUpComposite1.xml (RunModel)" time="0.078" />
  <testcase classname="ptolemy.util.test.junit.AutoTests" name="[13] /home/travis/build/icyphy/ptII/ptolemy/actor/lib/hoc/test/auto/CatchUpComposite2.xml (RunModel)" time="0.06" />
  <testcase classname="ptolemy.util.test.junit.AutoTests" name="[14] /home/travis/build/icyphy/ptII/ptolemy/actor/lib/hoc/test/auto/CatchUpComposite3.xml (RunModel)" time="0.06" />
  <testcase classname="ptolemy.util.test.junit.AutoTests" name="[15] /home/travis/build/icyphy/ptII/ptolemy/actor/lib/hoc/test/auto/CatchUpComposite4.xml (RunModel)" time="0.075" />
  <testcase classname="ptolemy.util.test.junit.AutoTests" name="[16] /home/travis/build/icyphy/ptII/ptolemy/actor/lib/hoc/test/auto/CatchUpComposite5.xml (RunModel)" time="0.043" />
  <testcase classname="ptolemy.util.test.junit.AutoTests" name="[17] /home/travis/build/icyphy/ptII/ptolemy/actor/lib/hoc/test/auto/CatchUpComposite6.xml (RunModel)" time="0.153" />
  <testcase classname="ptolemy.util.test.junit.AutoTests" name="[18] /home/travis/build/icyphy/ptII/ptolemy/actor/lib/hoc/test/auto/CatchUpComposite7.xml (RunModel)" time="0.103" />
  <testcase classname="ptolemy.util.test.junit.AutoTests" name="[19] /home/travis/build/icyphy/ptII/ptolemy/actor/lib/hoc/test/auto/ConcurrentExecutionTimeSDF.xml (RunModel)" time="0.038" />
  <testcase classname="ptolemy.util.test.junit.AutoTests" name="[20] /home/travis/build/icyphy/ptII/ptolemy/actor/lib/hoc/test/auto/ConcurrentSleep.xml (RunModel)" time="0.768" />
  <testcase classname="ptolemy.util.test.junit.AutoTests" name="[21] /home/travis/build/icyphy/ptII/ptolemy/actor/lib/hoc/test/auto/DEInPNInRunCompositeActor.xml (RunModel)" time="0.052" />
  <testcase classname="ptolemy.util.test.junit.AutoTests" name="[22] /home/travis/build/icyphy/ptII/ptolemy/actor/lib/hoc/test/auto/DFTSubSetTest.xml (RunModel)" time="0.268" />
  <testcase classname="ptolemy.util.test.junit.AutoTests" name="[23] /home/travis/build/icyphy/ptII/ptolemy/actor/lib/hoc/test/auto/HocDE.xml (RunModel)" time="0.181" />
  <testcase classname="ptolemy.util.test.junit.AutoTests" name="[24] /home/travis/build/icyphy/ptII/ptolemy/actor/lib/hoc/test/auto/IterateOverArray.xml (RunModel)" time="0.033" />
  <testcase classname="ptolemy.util.test.junit.AutoTests" name="[25] /home/travis/build/icyphy/ptII/ptolemy/actor/lib/hoc/test/auto/IterateOverArray10.xml (RunModel)" time="0.019" />
  <testcase classname="ptolemy.util.test.junit.AutoTests" name="[26] /home/travis/build/icyphy/ptII/ptolemy/actor/lib/hoc/test/auto/IterateOverArray11.xml (RunModel)" time="0.035" />
  <testcase classname="ptolemy.util.test.junit.AutoTests" name="[27] /home/travis/build/icyphy/ptII/ptolemy/actor/lib/hoc/test/auto/IterateOverArray12.xml (RunModel)" time="0.044" />
  <testcase classname="ptolemy.util.test.junit.AutoTests" name="[28] /home/travis/build/icyphy/ptII/ptolemy/actor/lib/hoc/test/auto/IterateOverArray13.xml (RunModel)" time="0.172" />
  <testcase classname="ptolemy.util.test.junit.AutoTests" name="[29] /home/travis/build/icyphy/ptII/ptolemy/actor/lib/hoc/test/auto/IterateOverArray14.xml (RunModel)" time="0.135" />
  <testcase classname="ptolemy.util.test.junit.AutoTests" name="[30] /home/travis/build/icyphy/ptII/ptolemy/actor/lib/hoc/test/auto/IterateOverArray2.xml (RunModel)" time="0.021" />
  <testcase classname="ptolemy.util.test.junit.AutoTests" name="[31] /home/travis/build/icyphy/ptII/ptolemy/actor/lib/hoc/test/auto/IterateOverArray3.xml (RunModel)" time="0.04" />
  <testcase classname="ptolemy.util.test.junit.AutoTests" name="[32] /home/travis/build/icyphy/ptII/ptolemy/actor/lib/hoc/test/auto/IterateOverArray4.xml (RunModel)" time="0.029" />
  <testcase classname="ptolemy.util.test.junit.AutoTests" name="[33] /home/travis/build/icyphy/ptII/ptolemy/actor/lib/hoc/test/auto/IterateOverArray5.xml (RunModel)" time="0.019" />
  <testcase classname="ptolemy.util.test.junit.AutoTests" name="[34] /home/travis/build/icyphy/ptII/ptolemy/actor/lib/hoc/test/auto/IterateOverArray6.xml (RunModel)" time="0.018" />
  <testcase classname="ptolemy.util.test.junit.AutoTests" name="[35] /home/travis/build/icyphy/ptII/ptolemy/actor/lib/hoc/test/auto/IterateOverArray7.xml (RunModel)" time="0.017" />
  <testcase classname="ptolemy.util.test.junit.AutoTests" name="[36] /home/travis/build/icyphy/ptII/ptolemy/actor/lib/hoc/test/auto/IterateOverArray8.xml (RunModel)" time="0.018" />
  <testcase classname="ptolemy.util.test.junit.AutoTests" name="[37] /home/travis/build/icyphy/ptII/ptolemy/actor/lib/hoc/test/auto/IterateOverArray9.xml (RunModel)" time="0.022" />
  <testcase classname="ptolemy.util.test.junit.AutoTests" name="[38] /home/travis/build/icyphy/ptII/ptolemy/actor/lib/hoc/test/auto/IterateOverArrayCoercedOutputType.xml (RunModel)" time="0.049" />
  <testcase classname="ptolemy.util.test.junit.AutoTests" name="[39] /home/travis/build/icyphy/ptII/ptolemy/actor/lib/hoc/test/auto/IterateOverArrayInferredOutputType.xml (RunModel)" time="0.033" />
  <testcase classname="ptolemy.util.test.junit.AutoTests" name="[40] /home/travis/build/icyphy/ptII/ptolemy/actor/lib/hoc/test/auto/MobileFunctionTest.xml (RunModel)" time="0.03" />
  <testcase classname="ptolemy.util.test.junit.AutoTests" name="[41] /home/travis/build/icyphy/ptII/ptolemy/actor/lib/hoc/test/auto/MobileModelTest.xml (RunModel)" time="0.118" />
  <testcase classname="ptolemy.util.test.junit.AutoTests" name="[42] /home/travis/build/icyphy/ptII/ptolemy/actor/lib/hoc/test/auto/ModelReference.xml (RunModel)" time="0.086" />
  <testcase classname="ptolemy.util.test.junit.AutoTests" name="[43] /home/travis/build/icyphy/ptII/ptolemy/actor/lib/hoc/test/auto/ModelReference3.xml (RunModel)" time="0.048" />
  <testcase classname="ptolemy.util.test.junit.AutoTests" name="[44] /home/travis/build/icyphy/ptII/ptolemy/actor/lib/hoc/test/auto/ModelReference4.xml (RunModel)" time="10.041" />
  <testcase classname="ptolemy.util.test.junit.AutoTests" name="[45] /home/travis/build/icyphy/ptII/ptolemy/actor/lib/hoc/test/auto/MultiInstanceComposite.xml (RunModel)" time="0.04" />
  <testcase classname="ptolemy.util.test.junit.AutoTests" name="[46] /home/travis/build/icyphy/ptII/ptolemy/actor/lib/hoc/test/auto/MultiInstanceComposite2.xml (RunModel)" time="0.043" />
  <testcase classname="ptolemy.util.test.junit.AutoTests" name="[47] /home/travis/build/icyphy/ptII/ptolemy/actor/lib/hoc/test/auto/MulticoreExecution.xml (RunModel)" time="10.057" />
  <testcase classname="ptolemy.util.test.junit.AutoTests" name="[48] /home/travis/build/icyphy/ptII/ptolemy/actor/lib/hoc/test/auto/ParallelExecution.xml (RunModel)" time="0.94" />
  <testcase classname="ptolemy.util.test.junit.AutoTests" name="[49] /home/travis/build/icyphy/ptII/ptolemy/actor/lib/hoc/test/auto/RunCompositeActor.xml (RunModel)" time="0.03" />
  <testcase classname="ptolemy.util.test.junit.AutoTests" name="[50] /home/travis/build/icyphy/ptII/ptolemy/actor/lib/hoc/test/auto/RunCompositeActor2.xml (RunModel)" time="0.042" />
  <testcase classname="ptolemy.util.test.junit.AutoTests" name="[51] /home/travis/build/icyphy/ptII/ptolemy/actor/lib/hoc/test/auto/RunCompositeActor3.xml (RunModel)" time="0.02" />
  <testcase classname="ptolemy.util.test.junit.AutoTests" name="[52] /home/travis/build/icyphy/ptII/ptolemy/actor/lib/hoc/test/auto/RunCompositeActor4.xml (RunModel)" time="0.026" />
  <testcase classname="ptolemy.util.test.junit.AutoTests" name="[53] /home/travis/build/icyphy/ptII/ptolemy/actor/lib/hoc/test/auto/RunCompositeIterateOverArray.xml (RunModel)" time="0.026" />
  <testcase classname="ptolemy.util.test.junit.AutoTests" name="[54] /home/travis/build/icyphy/ptII/ptolemy/actor/lib/hoc/test/auto/ThreadedJS.xml (RunModel)" time="4.48" />
  <system-out><![CDATA[/home/travis/build/icyphy/ptII/ptolemy/actor/lib/hoc/test/IterateOverArray.tcl
testDefs.tcl: setting time out to 9000 seconds at Wed May 16 15:14:55 UTC 2018
05/16/18 03:14:56
Failed: 0  Total Tests: 2  ((Passed: 2, Newly Passed: 0)  Known Failed: 0) /home/travis/build/icyphy/ptII/ptolemy/actor/lib/hoc/test
----------------- testing (KnownFailure) /home/travis/build/icyphy/ptII/ptolemy/actor/lib/hoc/test/auto/knownFailedTests/PreinitializeMustBeInvokedRunComposite.xml
32 ms. Memory: 116224K Free: 105076K (90%)
Known Failure: java.lang.reflect.InvocationTargetException
No auto/*.xml tests in /home/travis/build/icyphy/ptII/ptolemy/actor/lib/hoc/test
AutoTests.java: About to close Vertx.
AutoTests.java: Vertx closed.
----------------- testing Wed May 16 15:14:56 UTC 2018 /home/travis/build/icyphy/ptII/ptolemy/actor/lib/hoc/test/auto/AllToAllMultiInstanceComposite.xml
----------------- Instantiating /home/travis/build/icyphy/ptII/ptolemy/actor/lib/hoc/test/auto/AllToAllMultiInstanceComposite.xml
141 ms. Memory: 146944K Free: 114055K (78%)
----------------- Invoking toplevel() on ptolemy.moml.MoMLSimpleApplication@23085ec4
----------------- Done invoking toplevel() on ptolemy.moml.MoMLSimpleApplication@23085ec4
reloadAllAccessors: .AllToAllMultiInstanceComposite
----------------- testing Wed May 16 15:14:56 UTC 2018 /home/travis/build/icyphy/ptII/ptolemy/actor/lib/hoc/test/auto/ApplyFFTTest.xml
----------------- Instantiating /home/travis/build/icyphy/ptII/ptolemy/actor/lib/hoc/test/auto/ApplyFFTTest.xml
88 ms. Memory: 146944K Free: 93063K (63%)
----------------- Invoking toplevel() on ptolemy.moml.MoMLSimpleApplication@6abae3aa
----------------- Done invoking toplevel() on ptolemy.moml.MoMLSimpleApplication@6abae3aa
reloadAllAccessors: .ApplyFFTTest
----------------- testing Wed May 16 15:14:57 UTC 2018 /home/travis/build/icyphy/ptII/ptolemy/actor/lib/hoc/test/auto/ApplyFunction.xml
----------------- Instantiating /home/travis/build/icyphy/ptII/ptolemy/actor/lib/hoc/test/auto/ApplyFunction.xml
4 ms. Memory: 146944K Free: 89642K (61%)
----------------- Invoking toplevel() on ptolemy.moml.MoMLSimpleApplication@48937e1b
----------------- Done invoking toplevel() on ptolemy.moml.MoMLSimpleApplication@48937e1b
reloadAllAccessors: .ApplyFunction
----------------- testing Wed May 16 15:14:57 UTC 2018 /home/travis/build/icyphy/ptII/ptolemy/actor/lib/hoc/test/auto/BackgroundExecution.xml
----------------- Instantiating /home/travis/build/icyphy/ptII/ptolemy/actor/lib/hoc/test/auto/BackgroundExecution.xml
628 ms. Memory: 146944K Free: 81707K (56%)
----------------- Invoking toplevel() on ptolemy.moml.MoMLSimpleApplication@76687b84
----------------- Done invoking toplevel() on ptolemy.moml.MoMLSimpleApplication@76687b84
reloadAllAccessors: .BackgroundExecution
----------------- testing Wed May 16 15:14:57 UTC 2018 /home/travis/build/icyphy/ptII/ptolemy/actor/lib/hoc/test/auto/Case.xml
----------------- Instantiating /home/travis/build/icyphy/ptII/ptolemy/actor/lib/hoc/test/auto/Case.xml
36 ms. Memory: 146944K Free: 133796K (91%)
----------------- Invoking toplevel() on ptolemy.moml.MoMLSimpleApplication@4bab36c7
----------------- Done invoking toplevel() on ptolemy.moml.MoMLSimpleApplication@4bab36c7
reloadAllAccessors: .Case
----------------- testing Wed May 16 15:14:57 UTC 2018 /home/travis/build/icyphy/ptII/ptolemy/actor/lib/hoc/test/auto/Case1.xml
----------------- Instantiating /home/travis/build/icyphy/ptII/ptolemy/actor/lib/hoc/test/auto/Case1.xml
10 ms. Memory: 146944K Free: 125986K (86%)
----------------- Invoking toplevel() on ptolemy.moml.MoMLSimpleApplication@1a145261
----------------- Done invoking toplevel() on ptolemy.moml.MoMLSimpleApplication@1a145261
reloadAllAccessors: .Case1
----------------- testing Wed May 16 15:14:58 UTC 2018 /home/travis/build/icyphy/ptII/ptolemy/actor/lib/hoc/test/auto/Case2.xml
----------------- Instantiating /home/travis/build/icyphy/ptII/ptolemy/actor/lib/hoc/test/auto/Case2.xml
29 ms. Memory: 146944K Free: 114959K (78%)
----------------- Invoking toplevel() on ptolemy.moml.MoMLSimpleApplication@6349692c
----------------- Done invoking toplevel() on ptolemy.moml.MoMLSimpleApplication@6349692c
reloadAllAccessors: .Case2
----------------- testing Wed May 16 15:14:58 UTC 2018 /home/travis/build/icyphy/ptII/ptolemy/actor/lib/hoc/test/auto/Case3.xml
----------------- Instantiating /home/travis/build/icyphy/ptII/ptolemy/actor/lib/hoc/test/auto/Case3.xml
13 ms. Memory: 146944K Free: 107558K (73%)
----------------- Invoking toplevel() on ptolemy.moml.MoMLSimpleApplication@74377bb9
----------------- Done invoking toplevel() on ptolemy.moml.MoMLSimpleApplication@74377bb9
reloadAllAccessors: .Case3
----------------- testing Wed May 16 15:14:58 UTC 2018 /home/travis/build/icyphy/ptII/ptolemy/actor/lib/hoc/test/auto/Case4.xml
----------------- Instantiating /home/travis/build/icyphy/ptII/ptolemy/actor/lib/hoc/test/auto/Case4.xml
9 ms. Memory: 146944K Free: 99165K (67%)
----------------- Invoking toplevel() on ptolemy.moml.MoMLSimpleApplication@580678ea
----------------- Done invoking toplevel() on ptolemy.moml.MoMLSimpleApplication@580678ea
reloadAllAccessors: .Case4
----------------- testing Wed May 16 15:14:58 UTC 2018 /home/travis/build/icyphy/ptII/ptolemy/actor/lib/hoc/test/auto/Case5.xml
----------------- Instantiating /home/travis/build/icyphy/ptII/ptolemy/actor/lib/hoc/test/auto/Case5.xml
52 ms. Memory: 146944K Free: 91693K (62%)
----------------- Invoking toplevel() on ptolemy.moml.MoMLSimpleApplication@40a22ebe
----------------- Done invoking toplevel() on ptolemy.moml.MoMLSimpleApplication@40a22ebe
reloadAllAccessors: .junk
----------------- testing Wed May 16 15:14:58 UTC 2018 /home/travis/build/icyphy/ptII/ptolemy/actor/lib/hoc/test/auto/Case6.xml
----------------- Instantiating /home/travis/build/icyphy/ptII/ptolemy/actor/lib/hoc/test/auto/Case6.xml
61 ms. Memory: 208384K Free: 200774K (96%)
----------------- Invoking toplevel() on ptolemy.moml.MoMLSimpleApplication@5d67ac1e
----------------- Done invoking toplevel() on ptolemy.moml.MoMLSimpleApplication@5d67ac1e
reloadAllAccessors: .Case6
----------------- testing Wed May 16 15:14:58 UTC 2018 /home/travis/build/icyphy/ptII/ptolemy/actor/lib/hoc/test/auto/CaseString2.xml
----------------- Instantiating /home/travis/build/icyphy/ptII/ptolemy/actor/lib/hoc/test/auto/CaseString2.xml
15 ms. Memory: 208384K Free: 190668K (91%)
----------------- Invoking toplevel() on ptolemy.moml.MoMLSimpleApplication@7f03f15b
----------------- Done invoking toplevel() on ptolemy.moml.MoMLSimpleApplication@7f03f15b
reloadAllAccessors: .CaseString2
----------------- testing Wed May 16 15:14:58 UTC 2018 /home/travis/build/icyphy/ptII/ptolemy/actor/lib/hoc/test/auto/CatchUpComposite1.xml
----------------- Instantiating /home/travis/build/icyphy/ptII/ptolemy/actor/lib/hoc/test/auto/CatchUpComposite1.xml
19 ms. Memory: 208384K Free: 180789K (87%)
----------------- Invoking toplevel() on ptolemy.moml.MoMLSimpleApplication@4de979b1
----------------- Done invoking toplevel() on ptolemy.moml.MoMLSimpleApplication@4de979b1
reloadAllAccessors: .CatchUpComposite1
----------------- testing Wed May 16 15:14:58 UTC 2018 /home/travis/build/icyphy/ptII/ptolemy/actor/lib/hoc/test/auto/CatchUpComposite2.xml
----------------- Instantiating /home/travis/build/icyphy/ptII/ptolemy/actor/lib/hoc/test/auto/CatchUpComposite2.xml
16 ms. Memory: 208384K Free: 171556K (82%)
----------------- Invoking toplevel() on ptolemy.moml.MoMLSimpleApplication@4ed1d150
----------------- Done invoking toplevel() on ptolemy.moml.MoMLSimpleApplication@4ed1d150
reloadAllAccessors: .CatchUpComposite2
----------------- testing Wed May 16 15:14:58 UTC 2018 /home/travis/build/icyphy/ptII/ptolemy/actor/lib/hoc/test/auto/CatchUpComposite3.xml
----------------- Instantiating /home/travis/build/icyphy/ptII/ptolemy/actor/lib/hoc/test/auto/CatchUpComposite3.xml
11 ms. Memory: 208384K Free: 160813K (77%)
----------------- Invoking toplevel() on ptolemy.moml.MoMLSimpleApplication@27ee3a0a
----------------- Done invoking toplevel() on ptolemy.moml.MoMLSimpleApplication@27ee3a0a
reloadAllAccessors: .CatchUpComposite3
----------------- testing Wed May 16 15:14:58 UTC 2018 /home/travis/build/icyphy/ptII/ptolemy/actor/lib/hoc/test/auto/CatchUpComposite4.xml
----------------- Instantiating /home/travis/build/icyphy/ptII/ptolemy/actor/lib/hoc/test/auto/CatchUpComposite4.xml
19 ms. Memory: 208384K Free: 151533K (73%)
----------------- Invoking toplevel() on ptolemy.moml.MoMLSimpleApplication@7d5a83a7
----------------- Done invoking toplevel() on ptolemy.moml.MoMLSimpleApplication@7d5a83a7
reloadAllAccessors: .CatchUpComposite4
----------------- testing Wed May 16 15:14:58 UTC 2018 /home/travis/build/icyphy/ptII/ptolemy/actor/lib/hoc/test/auto/CatchUpComposite5.xml
----------------- Instantiating /home/travis/build/icyphy/ptII/ptolemy/actor/lib/hoc/test/auto/CatchUpComposite5.xml
10 ms. Memory: 208384K Free: 142867K (69%)
----------------- Invoking toplevel() on ptolemy.moml.MoMLSimpleApplication@3dd7aaa9
----------------- Done invoking toplevel() on ptolemy.moml.MoMLSimpleApplication@3dd7aaa9
reloadAllAccessors: .CatchUpComposite5
----------------- testing Wed May 16 15:14:58 UTC 2018 /home/travis/build/icyphy/ptII/ptolemy/actor/lib/hoc/test/auto/CatchUpComposite6.xml
----------------- Instantiating /home/travis/build/icyphy/ptII/ptolemy/actor/lib/hoc/test/auto/CatchUpComposite6.xml
WARNING: The execution aspects in this model can influence the timing of actors by delaying the 
execution, potentially changing the behavior. There is no guarantee that actors fire at the 
time they request to be fired. 
Use Ptides for deterministic DE behavior that is not influenced by execution aspects. 

78 ms. Memory: 208384K Free: 124023K (60%)
----------------- Invoking toplevel() on ptolemy.moml.MoMLSimpleApplication@249a9195
----------------- Done invoking toplevel() on ptolemy.moml.MoMLSimpleApplication@249a9195
reloadAllAccessors: .CatchUpComposite6
----------------- testing Wed May 16 15:14:58 UTC 2018 /home/travis/build/icyphy/ptII/ptolemy/actor/lib/hoc/test/auto/CatchUpComposite7.xml
----------------- Instantiating /home/travis/build/icyphy/ptII/ptolemy/actor/lib/hoc/test/auto/CatchUpComposite7.xml
WARNING: The execution aspects in this model can influence the timing of actors by delaying the 
execution, potentially changing the behavior. There is no guarantee that actors fire at the 
time they request to be fired. 
Use Ptides for deterministic DE behavior that is not influenced by execution aspects. 

42 ms. Memory: 208384K Free: 106721K (51%)
----------------- Invoking toplevel() on ptolemy.moml.MoMLSimpleApplication@68ca2aec
----------------- Done invoking toplevel() on ptolemy.moml.MoMLSimpleApplication@68ca2aec
reloadAllAccessors: .CatchUpComposite7
----------------- testing Wed May 16 15:14:59 UTC 2018 /home/travis/build/icyphy/ptII/ptolemy/actor/lib/hoc/test/auto/ConcurrentExecutionTimeSDF.xml
----------------- Instantiating /home/travis/build/icyphy/ptII/ptolemy/actor/lib/hoc/test/auto/ConcurrentExecutionTimeSDF.xml
12 ms. Memory: 208384K Free: 98039K (47%)
----------------- Invoking toplevel() on ptolemy.moml.MoMLSimpleApplication@12a5fbd3
----------------- Done invoking toplevel() on ptolemy.moml.MoMLSimpleApplication@12a5fbd3
reloadAllAccessors: .ConcurrentExecutionTimeSDF
----------------- testing Wed May 16 15:14:59 UTC 2018 /home/travis/build/icyphy/ptII/ptolemy/actor/lib/hoc/test/auto/ConcurrentSleep.xml
----------------- Instantiating /home/travis/build/icyphy/ptII/ptolemy/actor/lib/hoc/test/auto/ConcurrentSleep.xml
726 ms. Memory: 208384K Free: 83561K (40%)
----------------- Invoking toplevel() on ptolemy.moml.MoMLSimpleApplication@48ab9bfb
----------------- Done invoking toplevel() on ptolemy.moml.MoMLSimpleApplication@48ab9bfb
reloadAllAccessors: .ConcurrentSleep
----------------- testing Wed May 16 15:14:59 UTC 2018 /home/travis/build/icyphy/ptII/ptolemy/actor/lib/hoc/test/auto/DEInPNInRunCompositeActor.xml
----------------- Instantiating /home/travis/build/icyphy/ptII/ptolemy/actor/lib/hoc/test/auto/DEInPNInRunCompositeActor.xml
12 ms. Memory: 208384K Free: 199680K (96%)
----------------- Invoking toplevel() on ptolemy.moml.MoMLSimpleApplication@11664926
----------------- Done invoking toplevel() on ptolemy.moml.MoMLSimpleApplication@11664926
reloadAllAccessors: .DEInPNInRunCompositeActor
----------------- testing Wed May 16 15:14:59 UTC 2018 /home/travis/build/icyphy/ptII/ptolemy/actor/lib/hoc/test/auto/DFTSubSetTest.xml
----------------- Instantiating /home/travis/build/icyphy/ptII/ptolemy/actor/lib/hoc/test/auto/DFTSubSetTest.xml
193 ms. Memory: 208384K Free: 151797K (73%)
----------------- Invoking toplevel() on ptolemy.moml.MoMLSimpleApplication@254a053d
----------------- Done invoking toplevel() on ptolemy.moml.MoMLSimpleApplication@254a053d
reloadAllAccessors: .DFTSubSetTest
----------------- testing Wed May 16 15:15:00 UTC 2018 /home/travis/build/icyphy/ptII/ptolemy/actor/lib/hoc/test/auto/HocDE.xml
----------------- Instantiating /home/travis/build/icyphy/ptII/ptolemy/actor/lib/hoc/test/auto/HocDE.xml
130 ms. Memory: 208384K Free: 124634K (60%)
----------------- Invoking toplevel() on ptolemy.moml.MoMLSimpleApplication@40e184f3
----------------- Done invoking toplevel() on ptolemy.moml.MoMLSimpleApplication@40e184f3
reloadAllAccessors: .HocDE
----------------- testing Wed May 16 15:15:00 UTC 2018 /home/travis/build/icyphy/ptII/ptolemy/actor/lib/hoc/test/auto/IterateOverArray.xml
----------------- Instantiating /home/travis/build/icyphy/ptII/ptolemy/actor/lib/hoc/test/auto/IterateOverArray.xml
8 ms. Memory: 208384K Free: 119686K (57%)
----------------- Invoking toplevel() on ptolemy.moml.MoMLSimpleApplication@2bf4d4e9
----------------- Done invoking toplevel() on ptolemy.moml.MoMLSimpleApplication@2bf4d4e9
reloadAllAccessors: .IterateOverArray
----------------- testing Wed May 16 15:15:00 UTC 2018 /home/travis/build/icyphy/ptII/ptolemy/actor/lib/hoc/test/auto/IterateOverArray10.xml
----------------- Instantiating /home/travis/build/icyphy/ptII/ptolemy/actor/lib/hoc/test/auto/IterateOverArray10.xml
4 ms. Memory: 208384K Free: 115377K (55%)
----------------- Invoking toplevel() on ptolemy.moml.MoMLSimpleApplication@6649b6bd
----------------- Done invoking toplevel() on ptolemy.moml.MoMLSimpleApplication@6649b6bd
reloadAllAccessors: .IterateOverArray10
----------------- testing Wed May 16 15:15:00 UTC 2018 /home/travis/build/icyphy/ptII/ptolemy/actor/lib/hoc/test/auto/IterateOverArray11.xml
----------------- Instantiating /home/travis/build/icyphy/ptII/ptolemy/actor/lib/hoc/test/auto/IterateOverArray11.xml
8 ms. Memory: 208384K Free: 110445K (53%)
----------------- Invoking toplevel() on ptolemy.moml.MoMLSimpleApplication@73c9ffc5
----------------- Done invoking toplevel() on ptolemy.moml.MoMLSimpleApplication@73c9ffc5
reloadAllAccessors: .IterateOverArray11
----------------- testing Wed May 16 15:15:00 UTC 2018 /home/travis/build/icyphy/ptII/ptolemy/actor/lib/hoc/test/auto/IterateOverArray12.xml
----------------- Instantiating /home/travis/build/icyphy/ptII/ptolemy/actor/lib/hoc/test/auto/IterateOverArray12.xml
22 ms. Memory: 208384K Free: 103024K (49%)
----------------- Invoking toplevel() on ptolemy.moml.MoMLSimpleApplication@38f0beea
----------------- Done invoking toplevel() on ptolemy.moml.MoMLSimpleApplication@38f0beea
reloadAllAccessors: .IterateOverArray12
----------------- testing Wed May 16 15:15:00 UTC 2018 /home/travis/build/icyphy/ptII/ptolemy/actor/lib/hoc/test/auto/IterateOverArray13.xml
----------------- Instantiating /home/travis/build/icyphy/ptII/ptolemy/actor/lib/hoc/test/auto/IterateOverArray13.xml
100 ms. Memory: 331264K Free: 318703K (96%)
----------------- Invoking toplevel() on ptolemy.moml.MoMLSimpleApplication@7faf2dd5
----------------- Done invoking toplevel() on ptolemy.moml.MoMLSimpleApplication@7faf2dd5
reloadAllAccessors: .IterateOverArray13
----------------- testing Wed May 16 15:15:00 UTC 2018 /home/travis/build/icyphy/ptII/ptolemy/actor/lib/hoc/test/auto/IterateOverArray14.xml
----------------- Instantiating /home/travis/build/icyphy/ptII/ptolemy/actor/lib/hoc/test/auto/IterateOverArray14.xml
57 ms. Memory: 331264K Free: 281431K (85%)
----------------- Invoking toplevel() on ptolemy.moml.MoMLSimpleApplication@31c64937
----------------- Done invoking toplevel() on ptolemy.moml.MoMLSimpleApplication@31c64937
reloadAllAccessors: .IterateOverArray14
----------------- testing Wed May 16 15:15:00 UTC 2018 /home/travis/build/icyphy/ptII/ptolemy/actor/lib/hoc/test/auto/IterateOverArray2.xml
----------------- Instantiating /home/travis/build/icyphy/ptII/ptolemy/actor/lib/hoc/test/auto/IterateOverArray2.xml
4 ms. Memory: 331264K Free: 276536K (83%)
----------------- Invoking toplevel() on ptolemy.moml.MoMLSimpleApplication@25c80f5d
----------------- Done invoking toplevel() on ptolemy.moml.MoMLSimpleApplication@25c80f5d
reloadAllAccessors: .IterateOverArray2
----------------- testing Wed May 16 15:15:00 UTC 2018 /home/travis/build/icyphy/ptII/ptolemy/actor/lib/hoc/test/auto/IterateOverArray3.xml
----------------- Instantiating /home/travis/build/icyphy/ptII/ptolemy/actor/lib/hoc/test/auto/IterateOverArray3.xml
12 ms. Memory: 331264K Free: 267140K (81%)
----------------- Invoking toplevel() on ptolemy.moml.MoMLSimpleApplication@5f595cc7
----------------- Done invoking toplevel() on ptolemy.moml.MoMLSimpleApplication@5f595cc7
reloadAllAccessors: .IterateOverArray3
----------------- testing Wed May 16 15:15:00 UTC 2018 /home/travis/build/icyphy/ptII/ptolemy/actor/lib/hoc/test/auto/IterateOverArray4.xml
----------------- Instantiating /home/travis/build/icyphy/ptII/ptolemy/actor/lib/hoc/test/auto/IterateOverArray4.xml
5 ms. Memory: 331264K Free: 262245K (79%)
----------------- Invoking toplevel() on ptolemy.moml.MoMLSimpleApplication@26a1f7f2
----------------- Done invoking toplevel() on ptolemy.moml.MoMLSimpleApplication@26a1f7f2
reloadAllAccessors: .IterateOverArray4
----------------- testing Wed May 16 15:15:00 UTC 2018 /home/travis/build/icyphy/ptII/ptolemy/actor/lib/hoc/test/auto/IterateOverArray5.xml
----------------- Instantiating /home/travis/build/icyphy/ptII/ptolemy/actor/lib/hoc/test/auto/IterateOverArray5.xml
4 ms. Memory: 331264K Free: 257350K (78%)
----------------- Invoking toplevel() on ptolemy.moml.MoMLSimpleApplication@457149ad
----------------- Done invoking toplevel() on ptolemy.moml.MoMLSimpleApplication@457149ad
reloadAllAccessors: .IterateOverArray5
----------------- testing Wed May 16 15:15:00 UTC 2018 /home/travis/build/icyphy/ptII/ptolemy/actor/lib/hoc/test/auto/IterateOverArray6.xml
----------------- Instantiating /home/travis/build/icyphy/ptII/ptolemy/actor/lib/hoc/test/auto/IterateOverArray6.xml
3 ms. Memory: 331264K Free: 252850K (76%)
----------------- Invoking toplevel() on ptolemy.moml.MoMLSimpleApplication@5721173d
----------------- Done invoking toplevel() on ptolemy.moml.MoMLSimpleApplication@5721173d
reloadAllAccessors: .IterateOverArray6
----------------- testing Wed May 16 15:15:00 UTC 2018 /home/travis/build/icyphy/ptII/ptolemy/actor/lib/hoc/test/auto/IterateOverArray7.xml
----------------- Instantiating /home/travis/build/icyphy/ptII/ptolemy/actor/lib/hoc/test/auto/IterateOverArray7.xml
3 ms. Memory: 331264K Free: 247955K (75%)
----------------- Invoking toplevel() on ptolemy.moml.MoMLSimpleApplication@3f64af2f
----------------- Done invoking toplevel() on ptolemy.moml.MoMLSimpleApplication@3f64af2f
reloadAllAccessors: .IterateOverArray7
----------------- testing Wed May 16 15:15:00 UTC 2018 /home/travis/build/icyphy/ptII/ptolemy/actor/lib/hoc/test/auto/IterateOverArray8.xml
----------------- Instantiating /home/travis/build/icyphy/ptII/ptolemy/actor/lib/hoc/test/auto/IterateOverArray8.xml
3 ms. Memory: 331264K Free: 242231K (73%)
----------------- Invoking toplevel() on ptolemy.moml.MoMLSimpleApplication@1e4fb7d
----------------- Done invoking toplevel() on ptolemy.moml.MoMLSimpleApplication@1e4fb7d
reloadAllAccessors: .IterateOverArray8
----------------- testing Wed May 16 15:15:00 UTC 2018 /home/travis/build/icyphy/ptII/ptolemy/actor/lib/hoc/test/auto/IterateOverArray9.xml
----------------- Instantiating /home/travis/build/icyphy/ptII/ptolemy/actor/lib/hoc/test/auto/IterateOverArray9.xml
8 ms. Memory: 331264K Free: 237336K (72%)
----------------- Invoking toplevel() on ptolemy.moml.MoMLSimpleApplication@5ddc518a
----------------- Done invoking toplevel() on ptolemy.moml.MoMLSimpleApplication@5ddc518a
reloadAllAccessors: .IterateOverArray9
----------------- testing Wed May 16 15:15:00 UTC 2018 /home/travis/build/icyphy/ptII/ptolemy/actor/lib/hoc/test/auto/IterateOverArrayCoercedOutputType.xml
----------------- Instantiating /home/travis/build/icyphy/ptII/ptolemy/actor/lib/hoc/test/auto/IterateOverArrayCoercedOutputType.xml
6 ms. Memory: 331264K Free: 231217K (70%)
----------------- Invoking toplevel() on ptolemy.moml.MoMLSimpleApplication@10b5b52d
----------------- Done invoking toplevel() on ptolemy.moml.MoMLSimpleApplication@10b5b52d
reloadAllAccessors: .IterateOverArrayCoercedOutputType
----------------- testing Wed May 16 15:15:01 UTC 2018 /home/travis/build/icyphy/ptII/ptolemy/actor/lib/hoc/test/auto/IterateOverArrayInferredOutputType.xml
----------------- Instantiating /home/travis/build/icyphy/ptII/ptolemy/actor/lib/hoc/test/auto/IterateOverArrayInferredOutputType.xml
11 ms. Memory: 331264K Free: 224269K (68%)
----------------- Invoking toplevel() on ptolemy.moml.MoMLSimpleApplication@7cb5b617
----------------- Done invoking toplevel() on ptolemy.moml.MoMLSimpleApplication@7cb5b617
reloadAllAccessors: .IterateOverArrayInferredOutputType
----------------- testing Wed May 16 15:15:01 UTC 2018 /home/travis/build/icyphy/ptII/ptolemy/actor/lib/hoc/test/auto/MobileFunctionTest.xml
----------------- Instantiating /home/travis/build/icyphy/ptII/ptolemy/actor/lib/hoc/test/auto/MobileFunctionTest.xml
4 ms. Memory: 331264K Free: 219374K (66%)
----------------- Invoking toplevel() on ptolemy.moml.MoMLSimpleApplication@fe17e03
----------------- Done invoking toplevel() on ptolemy.moml.MoMLSimpleApplication@fe17e03
reloadAllAccessors: .MobileFunctionTest
----------------- testing Wed May 16 15:15:01 UTC 2018 /home/travis/build/icyphy/ptII/ptolemy/actor/lib/hoc/test/auto/MobileModelTest.xml
----------------- Instantiating /home/travis/build/icyphy/ptII/ptolemy/actor/lib/hoc/test/auto/MobileModelTest.xml
76 ms. Memory: 331264K Free: 197709K (60%)
----------------- Invoking toplevel() on ptolemy.moml.MoMLSimpleApplication@3599c9cd
----------------- Done invoking toplevel() on ptolemy.moml.MoMLSimpleApplication@3599c9cd
reloadAllAccessors: .MobileModelTest
----------------- testing Wed May 16 15:15:01 UTC 2018 /home/travis/build/icyphy/ptII/ptolemy/actor/lib/hoc/test/auto/ModelReference.xml
----------------- Instantiating /home/travis/build/icyphy/ptII/ptolemy/actor/lib/hoc/test/auto/ModelReference.xml
5 ms. Memory: 331264K Free: 189095K (57%)
6 ms. Memory: 331264K Free: 187856K (57%)
2 ms. Memory: 331264K Free: 187856K (57%)
4 ms. Memory: 331264K Free: 186616K (56%)
3 ms. Memory: 331264K Free: 185376K (56%)
3 ms. Memory: 331264K Free: 185376K (56%)
1 ms. Memory: 331264K Free: 184137K (56%)
2 ms. Memory: 331264K Free: 182913K (55%)
1 ms. Memory: 331264K Free: 182913K (55%)
1 ms. Memory: 331264K Free: 181681K (55%)
42 ms. Memory: 331264K Free: 181681K (55%)
----------------- Invoking toplevel() on ptolemy.moml.MoMLSimpleApplication@5fdb6493
----------------- Done invoking toplevel() on ptolemy.moml.MoMLSimpleApplication@5fdb6493
reloadAllAccessors: .ModelReference
----------------- testing Wed May 16 15:15:01 UTC 2018 /home/travis/build/icyphy/ptII/ptolemy/actor/lib/hoc/test/auto/ModelReference3.xml
----------------- Instantiating /home/travis/build/icyphy/ptII/ptolemy/actor/lib/hoc/test/auto/ModelReference3.xml
1 ms. Memory: 331264K Free: 175531K (53%)
7 ms. Memory: 331264K Free: 175531K (53%)
1 ms. Memory: 331264K Free: 174307K (53%)
4 ms. Memory: 331264K Free: 173067K (52%)
2 ms. Memory: 331264K Free: 173067K (52%)
1 ms. Memory: 331264K Free: 171835K (52%)
2 ms. Memory: 331264K Free: 170596K (51%)
3 ms. Memory: 331264K Free: 170596K (51%)
2 ms. Memory: 331264K Free: 169356K (51%)
3 ms. Memory: 331264K Free: 168124K (51%)
32 ms. Memory: 331264K Free: 168124K (51%)
----------------- Invoking toplevel() on ptolemy.moml.MoMLSimpleApplication@6d79ad63
----------------- Done invoking toplevel() on ptolemy.moml.MoMLSimpleApplication@6d79ad63
reloadAllAccessors: .ModelReference3
----------------- testing Wed May 16 15:15:01 UTC 2018 /home/travis/build/icyphy/ptII/ptolemy/actor/lib/hoc/test/auto/ModelReference4.xml
----------------- Instantiating /home/travis/build/icyphy/ptII/ptolemy/actor/lib/hoc/test/auto/ModelReference4.xml
3 ms. Memory: 331264K Free: 161144K (49%)
3 ms. Memory: 331264K Free: 159921K (48%)
11 ms. Memory: 331264K Free: 157473K (48%)
3 ms. Memory: 331264K Free: 156249K (47%)
2 ms. Memory: 331264K Free: 155026K (47%)
10 ms. Memory: 331264K Free: 153802K (46%)
2 ms. Memory: 331264K Free: 152578K (46%)
2 ms. Memory: 331264K Free: 151355K (46%)
2 ms. Memory: 331264K Free: 148891K (45%)
2 ms. Memory: 331264K Free: 147667K (45%)
10022 ms. Memory: 331264K Free: 147667K (45%)
----------------- Invoking toplevel() on ptolemy.moml.MoMLSimpleApplication@ea9aad1
----------------- Done invoking toplevel() on ptolemy.moml.MoMLSimpleApplication@ea9aad1
reloadAllAccessors: .ModelReference4
----------------- testing Wed May 16 15:15:11 UTC 2018 /home/travis/build/icyphy/ptII/ptolemy/actor/lib/hoc/test/auto/MultiInstanceComposite.xml
----------------- Instantiating /home/travis/build/icyphy/ptII/ptolemy/actor/lib/hoc/test/auto/MultiInstanceComposite.xml
22 ms. Memory: 331264K Free: 130408K (39%)
----------------- Invoking toplevel() on ptolemy.moml.MoMLSimpleApplication@3fa5a4be
----------------- Done invoking toplevel() on ptolemy.moml.MoMLSimpleApplication@3fa5a4be
reloadAllAccessors: .MultiInstanceComposite
----------------- testing Wed May 16 15:15:11 UTC 2018 /home/travis/build/icyphy/ptII/ptolemy/actor/lib/hoc/test/auto/MultiInstanceComposite2.xml
----------------- Instantiating /home/travis/build/icyphy/ptII/ptolemy/actor/lib/hoc/test/auto/MultiInstanceComposite2.xml
20 ms. Memory: 331264K Free: 116021K (35%)
----------------- Invoking toplevel() on ptolemy.moml.MoMLSimpleApplication@584f7eab
----------------- Done invoking toplevel() on ptolemy.moml.MoMLSimpleApplication@584f7eab
reloadAllAccessors: .MultiInstanceComposite2
----------------- testing Wed May 16 15:15:11 UTC 2018 /home/travis/build/icyphy/ptII/ptolemy/actor/lib/hoc/test/auto/MulticoreExecution.xml
----------------- Instantiating /home/travis/build/icyphy/ptII/ptolemy/actor/lib/hoc/test/auto/MulticoreExecution.xml
10034 ms. Memory: 331264K Free: 102496K (31%)
----------------- Invoking toplevel() on ptolemy.moml.MoMLSimpleApplication@37388e55
----------------- Done invoking toplevel() on ptolemy.moml.MoMLSimpleApplication@37388e55
reloadAllAccessors: .MulticoreExecution
----------------- testing Wed May 16 15:15:21 UTC 2018 /home/travis/build/icyphy/ptII/ptolemy/actor/lib/hoc/test/auto/ParallelExecution.xml
----------------- Instantiating /home/travis/build/icyphy/ptII/ptolemy/actor/lib/hoc/test/auto/ParallelExecution.xml
917 ms. Memory: 331264K Free: 91474K (28%)
----------------- Invoking toplevel() on ptolemy.moml.MoMLSimpleApplication@72e43f20
----------------- Done invoking toplevel() on ptolemy.moml.MoMLSimpleApplication@72e43f20
reloadAllAccessors: .ParallelExecution
----------------- testing Wed May 16 15:15:22 UTC 2018 /home/travis/build/icyphy/ptII/ptolemy/actor/lib/hoc/test/auto/RunCompositeActor.xml
----------------- Instantiating /home/travis/build/icyphy/ptII/ptolemy/actor/lib/hoc/test/auto/RunCompositeActor.xml
12 ms. Memory: 331264K Free: 82015K (25%)
----------------- Invoking toplevel() on ptolemy.moml.MoMLSimpleApplication@5fb27626
----------------- Done invoking toplevel() on ptolemy.moml.MoMLSimpleApplication@5fb27626
reloadAllAccessors: .RunCompositeActor
----------------- testing Wed May 16 15:15:22 UTC 2018 /home/travis/build/icyphy/ptII/ptolemy/actor/lib/hoc/test/auto/RunCompositeActor2.xml
----------------- Instantiating /home/travis/build/icyphy/ptII/ptolemy/actor/lib/hoc/test/auto/RunCompositeActor2.xml
6 ms. Memory: 332288K Free: 318873K (96%)
----------------- Invoking toplevel() on ptolemy.moml.MoMLSimpleApplication@5cdaa673
----------------- Done invoking toplevel() on ptolemy.moml.MoMLSimpleApplication@5cdaa673
reloadAllAccessors: .RunCompositeActor2
----------------- testing Wed May 16 15:15:22 UTC 2018 /home/travis/build/icyphy/ptII/ptolemy/actor/lib/hoc/test/auto/RunCompositeActor3.xml
----------------- Instantiating /home/travis/build/icyphy/ptII/ptolemy/actor/lib/hoc/test/auto/RunCompositeActor3.xml
7 ms. Memory: 332288K Free: 311743K (94%)
----------------- Invoking toplevel() on ptolemy.moml.MoMLSimpleApplication@5f464bd8
----------------- Done invoking toplevel() on ptolemy.moml.MoMLSimpleApplication@5f464bd8
reloadAllAccessors: .RunCompositeActor3
----------------- testing Wed May 16 15:15:22 UTC 2018 /home/travis/build/icyphy/ptII/ptolemy/actor/lib/hoc/test/auto/RunCompositeActor4.xml
----------------- Instantiating /home/travis/build/icyphy/ptII/ptolemy/actor/lib/hoc/test/auto/RunCompositeActor4.xml
9 ms. Memory: 332288K Free: 302796K (91%)
----------------- Invoking toplevel() on ptolemy.moml.MoMLSimpleApplication@4fc0f1ce
----------------- Done invoking toplevel() on ptolemy.moml.MoMLSimpleApplication@4fc0f1ce
reloadAllAccessors: .RunCompositeActor4
----------------- testing Wed May 16 15:15:22 UTC 2018 /home/travis/build/icyphy/ptII/ptolemy/actor/lib/hoc/test/auto/RunCompositeIterateOverArray.xml
----------------- Instantiating /home/travis/build/icyphy/ptII/ptolemy/actor/lib/hoc/test/auto/RunCompositeIterateOverArray.xml
7 ms. Memory: 332288K Free: 296253K (89%)
----------------- Invoking toplevel() on ptolemy.moml.MoMLSimpleApplication@6f7725de
----------------- Done invoking toplevel() on ptolemy.moml.MoMLSimpleApplication@6f7725de
reloadAllAccessors: .RunCompositeIterateOverArray
----------------- testing Wed May 16 15:15:22 UTC 2018 /home/travis/build/icyphy/ptII/ptolemy/actor/lib/hoc/test/auto/ThreadedJS.xml
----------------- Instantiating /home/travis/build/icyphy/ptII/ptolemy/actor/lib/hoc/test/auto/ThreadedJS.xml
1645 ms. Memory: 537600K Free: 160114K (30%)
----------------- Invoking toplevel() on ptolemy.moml.MoMLSimpleApplication@e8114cf
----------------- Done invoking toplevel() on ptolemy.moml.MoMLSimpleApplication@e8114cf
reloadAllAccessors: .ThreadedJS
AutoTests.java: About to close Vertx.
AutoTests.java: Vertx closed.
]]></system-out>
  <system-err><![CDATA[java.lang.RuntimeException: Execution failed
	at ptolemy.moml.MoMLSimpleApplication$UnloadThread.run(MoMLSimpleApplication.java:402)
Caused by: ptolemy.kernel.util.IllegalActionException: initialize() was called after wrapup() was called but preinitialize() was not called after wrapup().
	at ptolemy.actor.lib.hoc.test.PreinitializeMustBeInvoked.initialize(PreinitializeMustBeInvoked.java:78)
	at ptolemy.actor.Director.initialize(Director.java:938)
	at ptolemy.actor.Director.initialize(Director.java:907)
	at ptolemy.actor.sched.StaticSchedulingDirector.initialize(StaticSchedulingDirector.java:159)
	at ptolemy.domains.sdf.kernel.SDFDirector.initialize(SDFDirector.java:544)
	at ptolemy.actor.CompositeActor.initialize(CompositeActor.java:935)
	at ptolemy.actor.lib.hoc.LifeCycleManager._executeInsideModel(LifeCycleManager.java:339)
	at ptolemy.actor.lib.hoc.RunCompositeActor.fire(RunCompositeActor.java:205)
	at ptolemy.actor.CompositeActor.iterate(CompositeActor.java:1146)
	at ptolemy.actor.sched.StaticSchedulingDirector.fire(StaticSchedulingDirector.java:216)
	at ptolemy.domains.sdf.kernel.SDFDirector.fire(SDFDirector.java:500)
	at ptolemy.actor.CompositeActor.fire(CompositeActor.java:455)
	at ptolemy.actor.Manager.iterate(Manager.java:851)
	at ptolemy.actor.Manager.execute(Manager.java:369)
	at ptolemy.actor.Manager.run(Manager.java:1263)
	at ptolemy.actor.Manager$PtolemyRunThread.run(Manager.java:1915)
java.lang.reflect.InvocationTargetException
	at sun.reflect.NativeConstructorAccessorImpl.newInstance0(Native Method)
	at sun.reflect.NativeConstructorAccessorImpl.newInstance(NativeConstructorAccessorImpl.java:62)
	at sun.reflect.DelegatingConstructorAccessorImpl.newInstance(DelegatingConstructorAccessorImpl.java:45)
	at java.lang.reflect.Constructor.newInstance(Constructor.java:423)
	at ptolemy.util.test.junit.AutoKnownFailedTests.RunModel(AutoKnownFailedTests.java:107)
	at sun.reflect.NativeMethodAccessorImpl.invoke0(Native Method)
	at sun.reflect.NativeMethodAccessorImpl.invoke(NativeMethodAccessorImpl.java:62)
	at sun.reflect.DelegatingMethodAccessorImpl.invoke(DelegatingMethodAccessorImpl.java:43)
	at java.lang.reflect.Method.invoke(Method.java:498)
	at org.junit.runners.model.FrameworkMethod$1.runReflectiveCall(FrameworkMethod.java:44)
	at org.junit.internal.runners.model.ReflectiveCallable.run(ReflectiveCallable.java:15)
	at org.junit.runners.model.FrameworkMethod.invokeExplosively(FrameworkMethod.java:41)
	at junitparams.internal.InvokeParameterisedMethod.evaluate(InvokeParameterisedMethod.java:102)
	at org.junit.internal.runners.statements.FailOnTimeout$1.run(FailOnTimeout.java:28)
Caused by: ptolemy.kernel.util.IllegalActionException: initialize() was called after wrapup() was called but preinitialize() was not called after wrapup().
	at ptolemy.actor.lib.hoc.test.PreinitializeMustBeInvoked.initialize(PreinitializeMustBeInvoked.java:78)
	at ptolemy.actor.Director.initialize(Director.java:938)
	at ptolemy.actor.Director.initialize(Director.java:907)
	at ptolemy.actor.sched.StaticSchedulingDirector.initialize(StaticSchedulingDirector.java:159)
	at ptolemy.domains.sdf.kernel.SDFDirector.initialize(SDFDirector.java:544)
	at ptolemy.actor.CompositeActor.initialize(CompositeActor.java:935)
	at ptolemy.actor.lib.hoc.LifeCycleManager._executeInsideModel(LifeCycleManager.java:339)
	at ptolemy.actor.lib.hoc.RunCompositeActor.fire(RunCompositeActor.java:205)
	at ptolemy.actor.CompositeActor.iterate(CompositeActor.java:1146)
	at ptolemy.actor.sched.StaticSchedulingDirector.fire(StaticSchedulingDirector.java:216)
	at ptolemy.domains.sdf.kernel.SDFDirector.fire(SDFDirector.java:500)
	at ptolemy.actor.CompositeActor.fire(CompositeActor.java:455)
	at ptolemy.actor.Manager.iterate(Manager.java:851)
	at ptolemy.actor.Manager.execute(Manager.java:369)
	at ptolemy.actor.Manager.run(Manager.java:1263)
	at ptolemy.actor.Manager$PtolemyRunThread.run(Manager.java:1915)
]]></system-err>
</testsuite>
