<?xml version="1.0" encoding="UTF-8" ?>
<testsuite errors="12" failures="0" hostname="travis-job-b33e29a0-d4ba-40e2-9adf-5d211f7b4871" name="ptolemy.actor.lib.jjs.modules.socket.test.junit.JUnitTclTest" skipped="0" tests="30" time="305.974" timestamp="2018-04-12T01:18:16">
  <properties>
[...]
</properties>
  <testcase classname="ptolemy.util.test.junit.TclTests" name="[0] ThereAreNoTclTests (RunTclFile)" time="0.002" />
  <testcase classname="ptolemy.util.test.junit.AutoKnownFailedTests" name="[0] /home/travis/build/icyphy/ptII/ptolemy/actor/lib/jjs/modules/socket/test/auto/knownFailedTests/SocketLong.xml (RunModel)" time="13.866" />
  <testcase classname="ptolemy.util.test.junit.AutoKnownFailedTests" name="[1] /home/travis/build/icyphy/ptII/ptolemy/actor/lib/jjs/modules/socket/test/auto/knownFailedTests/SocketUnsignedInt.xml (RunModel)" time="8.349" />
  <testcase classname="ptolemy.util.test.junit.AutoNameArchTests" name="[0] ThereAreNoAutoTests (RunModel)" time="0.006" />
  <testcase classname="ptolemy.util.test.junit.AutoTests" name="[0] /home/travis/build/icyphy/ptII/ptolemy/actor/lib/jjs/modules/socket/test/auto/Message1.xml (RunModel)" time="5.701" />
  <testcase classname="ptolemy.util.test.junit.AutoTests" name="[1] /home/travis/build/icyphy/ptII/ptolemy/actor/lib/jjs/modules/socket/test/auto/Message2.xml (RunModel)" time="5.919">
    <error type="java.lang.reflect.InvocationTargetException">java.lang.reflect.InvocationTargetException
	at java.lang.reflect.Constructor.newInstance(Constructor.java:423)
	at ptolemy.util.test.junit.AutoTests.RunModel(AutoTests.java:158)
	at junitparams.internal.InvokeParameterisedMethod.evaluate(InvokeParameterisedMethod.java:102)
Caused by: ptolemy.kernel.util.IllegalActionException: Exceptions occurred during wrapup:
ptolemy.kernel.util.IllegalActionException: The fire() method of this actor was never called. Usually, this is an error indicating that starvation is occurring.
  in .Message2.Test
ptolemy.kernel.util.IllegalActionException: The fire() method of this actor was never called. Usually, this is an error indicating that starvation is occurring.
  in .Message2.Test2

  in .Message2.DE Director
Because:
The fire() method of this actor was never called. Usually, this is an error indicating that starvation is occurring.
  in .Message2.Test
	at ptolemy.actor.Director.wrapup(Director.java:1736)
	at ptolemy.domains.de.kernel.DEDirector.wrapup(DEDirector.java:1526)
	at ptolemy.actor.CompositeActor.wrapup(CompositeActor.java:2735)
	at ptolemy.actor.Manager.wrapup(Manager.java:1512)
	at ptolemy.actor.Manager.execute(Manager.java:407)
	at ptolemy.actor.Manager.run(Manager.java:1263)
	at ptolemy.actor.Manager$PtolemyRunThread.run(Manager.java:1915)
Caused by: ptolemy.kernel.util.IllegalActionException: The fire() method of this actor was never called. Usually, this is an error indicating that starvation is occurring.
  in .Message2.Test
	at ptolemy.actor.lib.NonStrictTest.wrapup(NonStrictTest.java:393)
	at ptolemy.actor.Director.wrapup(Director.java:1722)
</error>
  </testcase>
  <testcase classname="ptolemy.util.test.junit.AutoTests" name="[2] /home/travis/build/icyphy/ptII/ptolemy/actor/lib/jjs/modules/socket/test/auto/Message3.xml (RunModel)" time="5.37">
    <error type="java.lang.reflect.InvocationTargetException">java.lang.reflect.InvocationTargetException
	at java.lang.reflect.Constructor.newInstance(Constructor.java:423)
	at ptolemy.util.test.junit.AutoTests.RunModel(AutoTests.java:158)
	at junitparams.internal.InvokeParameterisedMethod.evaluate(InvokeParameterisedMethod.java:102)
Caused by: ptolemy.kernel.util.IllegalActionException: Exceptions occurred during wrapup:
ptolemy.kernel.util.IllegalActionException: The fire() method of this actor was never called. Usually, this is an error indicating that starvation is occurring.
  in .Message3.Test
ptolemy.kernel.util.IllegalActionException: The fire() method of this actor was never called. Usually, this is an error indicating that starvation is occurring.
  in .Message3.Test2

  in .Message3.DE Director
Because:
The fire() method of this actor was never called. Usually, this is an error indicating that starvation is occurring.
  in .Message3.Test
	at ptolemy.actor.Director.wrapup(Director.java:1736)
	at ptolemy.domains.de.kernel.DEDirector.wrapup(DEDirector.java:1526)
	at ptolemy.actor.CompositeActor.wrapup(CompositeActor.java:2735)
	at ptolemy.actor.Manager.wrapup(Manager.java:1512)
	at ptolemy.actor.Manager.execute(Manager.java:407)
	at ptolemy.actor.Manager.run(Manager.java:1263)
	at ptolemy.actor.Manager$PtolemyRunThread.run(Manager.java:1915)
Caused by: ptolemy.kernel.util.IllegalActionException: The fire() method of this actor was never called. Usually, this is an error indicating that starvation is occurring.
  in .Message3.Test
	at ptolemy.actor.lib.NonStrictTest.wrapup(NonStrictTest.java:393)
	at ptolemy.actor.Director.wrapup(Director.java:1722)
</error>
  </testcase>
  <testcase classname="ptolemy.util.test.junit.AutoTests" name="[3] /home/travis/build/icyphy/ptII/ptolemy/actor/lib/jjs/modules/socket/test/auto/Message4.xml (RunModel)" time="7.093">
    <error type="java.lang.reflect.InvocationTargetException">java.lang.reflect.InvocationTargetException
	at java.lang.reflect.Constructor.newInstance(Constructor.java:423)
	at ptolemy.util.test.junit.AutoTests.RunModel(AutoTests.java:158)
	at junitparams.internal.InvokeParameterisedMethod.evaluate(InvokeParameterisedMethod.java:102)
Caused by: ptolemy.kernel.util.IllegalActionException: Exceptions occurred during wrapup:
ptolemy.kernel.util.IllegalActionException: The fire() method of this actor was never called. Usually, this is an error indicating that starvation is occurring.
  in .Message4.Test
ptolemy.kernel.util.IllegalActionException: The fire() method of this actor was never called. Usually, this is an error indicating that starvation is occurring.
  in .Message4.Test2

  in .Message4.DE Director
Because:
The fire() method of this actor was never called. Usually, this is an error indicating that starvation is occurring.
  in .Message4.Test
	at ptolemy.actor.Director.wrapup(Director.java:1736)
	at ptolemy.domains.de.kernel.DEDirector.wrapup(DEDirector.java:1526)
	at ptolemy.actor.CompositeActor.wrapup(CompositeActor.java:2735)
	at ptolemy.actor.Manager.wrapup(Manager.java:1512)
	at ptolemy.actor.Manager.execute(Manager.java:407)
	at ptolemy.actor.Manager.run(Manager.java:1263)
	at ptolemy.actor.Manager$PtolemyRunThread.run(Manager.java:1915)
Caused by: ptolemy.kernel.util.IllegalActionException: The fire() method of this actor was never called. Usually, this is an error indicating that starvation is occurring.
  in .Message4.Test
	at ptolemy.actor.lib.NonStrictTest.wrapup(NonStrictTest.java:393)
	at ptolemy.actor.Director.wrapup(Director.java:1722)
</error>
  </testcase>
  <testcase classname="ptolemy.util.test.junit.AutoTests" name="[4] /home/travis/build/icyphy/ptII/ptolemy/actor/lib/jjs/modules/socket/test/auto/Socket1.xml (RunModel)" time="1.556">
    <error type="java.lang.reflect.InvocationTargetException">java.lang.reflect.InvocationTargetException
	at java.lang.reflect.Constructor.newInstance(Constructor.java:423)
	at ptolemy.util.test.junit.AutoTests.RunModel(AutoTests.java:158)
	at junitparams.internal.InvokeParameterisedMethod.evaluate(InvokeParameterisedMethod.java:102)
Caused by: ptolemy.kernel.util.IllegalActionException: Test fails in iteration 0.
Value was: &quot;Failed to connect: \nConnection refused: localhost/127.0.0.1:4001\nConnection refused: ptolemy.kernel.util.IllegalActionException: Failed to connect: \nConnection refused: localhost/127.0.0.1:4001\nConnection refused\n  in .Socket1.JavaScript\nBecause:\nConnection refused: localhost/127.0.0.1:4001&quot;. Should have been: &quot;Failed to connect: \nConnection refused: localhost/127.0.0.1:4001: ptolemy.kernel.util.IllegalActionException: Failed to connect: \nConnection refused: localhost/127.0.0.1:4001\n  in .Socket1.JavaScript\nBecause:\nConnection refused: localhost/127.0.0.1:4001&quot;
  in .Socket1.Test
	at ptolemy.actor.lib.Test.fire(Test.java:268)
	at ptolemy.domains.de.kernel.DEDirector._fire(DEDirector.java:1948)
	at ptolemy.domains.de.kernel.DEDirector.fire(DEDirector.java:502)
	at ptolemy.actor.CompositeActor.fire(CompositeActor.java:455)
	at ptolemy.actor.Manager.iterate(Manager.java:851)
	at ptolemy.actor.Manager.execute(Manager.java:369)
	at ptolemy.actor.Manager.run(Manager.java:1263)
	at ptolemy.actor.Manager$PtolemyRunThread.run(Manager.java:1915)
</error>
  </testcase>
  <testcase classname="ptolemy.util.test.junit.AutoTests" name="[5] /home/travis/build/icyphy/ptII/ptolemy/actor/lib/jjs/modules/socket/test/auto/Socket2.xml (RunModel)" time="6.561">
    <error type="java.lang.reflect.InvocationTargetException">java.lang.reflect.InvocationTargetException
	at java.lang.reflect.Constructor.newInstance(Constructor.java:423)
	at ptolemy.util.test.junit.AutoTests.RunModel(AutoTests.java:158)
	at junitparams.internal.InvokeParameterisedMethod.evaluate(InvokeParameterisedMethod.java:102)
Caused by: ptolemy.kernel.util.IllegalActionException: Exceptions occurred during wrapup:
ptolemy.kernel.util.IllegalActionException: The fire() method of this actor was never called. Usually, this is an error indicating that starvation is occurring.
  in .Socket2.Test
ptolemy.kernel.util.IllegalActionException: The fire() method of this actor was never called. Usually, this is an error indicating that starvation is occurring.
  in .Socket2.Test2
ptolemy.kernel.util.IllegalActionException: The fire() method of this actor was never called. Usually, this is an error indicating that starvation is occurring.
  in .Socket2.Test3

  in .Socket2.DE Director
Because:
The fire() method of this actor was never called. Usually, this is an error indicating that starvation is occurring.
  in .Socket2.Test
	at ptolemy.actor.Director.wrapup(Director.java:1736)
	at ptolemy.domains.de.kernel.DEDirector.wrapup(DEDirector.java:1526)
	at ptolemy.actor.CompositeActor.wrapup(CompositeActor.java:2735)
	at ptolemy.actor.Manager.wrapup(Manager.java:1512)
	at ptolemy.actor.Manager.execute(Manager.java:407)
	at ptolemy.actor.Manager.run(Manager.java:1263)
	at ptolemy.actor.Manager$PtolemyRunThread.run(Manager.java:1915)
Caused by: ptolemy.kernel.util.IllegalActionException: The fire() method of this actor was never called. Usually, this is an error indicating that starvation is occurring.
  in .Socket2.Test
	at ptolemy.actor.lib.NonStrictTest.wrapup(NonStrictTest.java:393)
	at ptolemy.actor.Director.wrapup(Director.java:1722)
</error>
  </testcase>
  <testcase classname="ptolemy.util.test.junit.AutoTests" name="[6] /home/travis/build/icyphy/ptII/ptolemy/actor/lib/jjs/modules/socket/test/auto/Socket3.xml (RunModel)" time="5.731" />
  <testcase classname="ptolemy.util.test.junit.AutoTests" name="[7] /home/travis/build/icyphy/ptII/ptolemy/actor/lib/jjs/modules/socket/test/auto/SocketByte.xml (RunModel)" time="6.829">
    <error type="java.lang.reflect.InvocationTargetException">java.lang.reflect.InvocationTargetException
	at java.lang.reflect.Constructor.newInstance(Constructor.java:423)
	at ptolemy.util.test.junit.AutoTests.RunModel(AutoTests.java:158)
	at junitparams.internal.InvokeParameterisedMethod.evaluate(InvokeParameterisedMethod.java:102)
Caused by: ptolemy.kernel.util.IllegalActionException: Exceptions occurred during wrapup:
ptolemy.kernel.util.IllegalActionException: The fire() method of this actor was never called. Usually, this is an error indicating that starvation is occurring.
  in .SocketByte.Test
ptolemy.kernel.util.IllegalActionException: The fire() method of this actor was never called. Usually, this is an error indicating that starvation is occurring.
  in .SocketByte.Test2
ptolemy.kernel.util.IllegalActionException: The fire() method of this actor was never called. Usually, this is an error indicating that starvation is occurring.
  in .SocketByte.Test3

  in .SocketByte.DE Director
Because:
The fire() method of this actor was never called. Usually, this is an error indicating that starvation is occurring.
  in .SocketByte.Test
	at ptolemy.actor.Director.wrapup(Director.java:1736)
	at ptolemy.domains.de.kernel.DEDirector.wrapup(DEDirector.java:1526)
	at ptolemy.actor.CompositeActor.wrapup(CompositeActor.java:2735)
	at ptolemy.actor.Manager.wrapup(Manager.java:1512)
	at ptolemy.actor.Manager.execute(Manager.java:407)
	at ptolemy.actor.Manager.run(Manager.java:1263)
	at ptolemy.actor.Manager$PtolemyRunThread.run(Manager.java:1915)
Caused by: ptolemy.kernel.util.IllegalActionException: The fire() method of this actor was never called. Usually, this is an error indicating that starvation is occurring.
  in .SocketByte.Test
	at ptolemy.actor.lib.NonStrictTest.wrapup(NonStrictTest.java:393)
	at ptolemy.actor.Director.wrapup(Director.java:1722)
</error>
  </testcase>
  <testcase classname="ptolemy.util.test.junit.AutoTests" name="[8] /home/travis/build/icyphy/ptII/ptolemy/actor/lib/jjs/modules/socket/test/auto/SocketDouble.xml (RunModel)" time="5.923">
    <error type="java.lang.reflect.InvocationTargetException">java.lang.reflect.InvocationTargetException
	at java.lang.reflect.Constructor.newInstance(Constructor.java:423)
	at ptolemy.util.test.junit.AutoTests.RunModel(AutoTests.java:158)
	at junitparams.internal.InvokeParameterisedMethod.evaluate(InvokeParameterisedMethod.java:102)
Caused by: ptolemy.kernel.util.IllegalActionException: Exceptions occurred during wrapup:
ptolemy.kernel.util.IllegalActionException: The fire() method of this actor was never called. Usually, this is an error indicating that starvation is occurring.
  in .SocketDouble.Test
ptolemy.kernel.util.IllegalActionException: The fire() method of this actor was never called. Usually, this is an error indicating that starvation is occurring.
  in .SocketDouble.Test2
ptolemy.kernel.util.IllegalActionException: The fire() method of this actor was never called. Usually, this is an error indicating that starvation is occurring.
  in .SocketDouble.Test3

  in .SocketDouble.DE Director
Because:
The fire() method of this actor was never called. Usually, this is an error indicating that starvation is occurring.
  in .SocketDouble.Test
	at ptolemy.actor.Director.wrapup(Director.java:1736)
	at ptolemy.domains.de.kernel.DEDirector.wrapup(DEDirector.java:1526)
	at ptolemy.actor.CompositeActor.wrapup(CompositeActor.java:2735)
	at ptolemy.actor.Manager.wrapup(Manager.java:1512)
	at ptolemy.actor.Manager.execute(Manager.java:407)
	at ptolemy.actor.Manager.run(Manager.java:1263)
	at ptolemy.actor.Manager$PtolemyRunThread.run(Manager.java:1915)
Caused by: ptolemy.kernel.util.IllegalActionException: The fire() method of this actor was never called. Usually, this is an error indicating that starvation is occurring.
  in .SocketDouble.Test
	at ptolemy.actor.lib.NonStrictTest.wrapup(NonStrictTest.java:393)
	at ptolemy.actor.Director.wrapup(Director.java:1722)
</error>
  </testcase>
  <testcase classname="ptolemy.util.test.junit.AutoTests" name="[9] /home/travis/build/icyphy/ptII/ptolemy/actor/lib/jjs/modules/socket/test/auto/SocketDoubleArray.xml (RunModel)" time="5.779" />
  <testcase classname="ptolemy.util.test.junit.AutoTests" name="[10] /home/travis/build/icyphy/ptII/ptolemy/actor/lib/jjs/modules/socket/test/auto/SocketDoubleArrayBatched.xml (RunModel)" time="6.695">
    <error type="java.lang.reflect.InvocationTargetException">java.lang.reflect.InvocationTargetException
	at java.lang.reflect.Constructor.newInstance(Constructor.java:423)
	at ptolemy.util.test.junit.AutoTests.RunModel(AutoTests.java:158)
	at junitparams.internal.InvokeParameterisedMethod.evaluate(InvokeParameterisedMethod.java:102)
Caused by: ptolemy.kernel.util.IllegalActionException: Exceptions occurred during wrapup:
ptolemy.kernel.util.IllegalActionException: The fire() method of this actor was never called. Usually, this is an error indicating that starvation is occurring.
  in .SocketDoubleArrayBatched.Test
ptolemy.kernel.util.IllegalActionException: The fire() method of this actor was never called. Usually, this is an error indicating that starvation is occurring.
  in .SocketDoubleArrayBatched.Test2
ptolemy.kernel.util.IllegalActionException: The fire() method of this actor was never called. Usually, this is an error indicating that starvation is occurring.
  in .SocketDoubleArrayBatched.Test3

  in .SocketDoubleArrayBatched.DE Director
Because:
The fire() method of this actor was never called. Usually, this is an error indicating that starvation is occurring.
  in .SocketDoubleArrayBatched.Test
	at ptolemy.actor.Director.wrapup(Director.java:1736)
	at ptolemy.domains.de.kernel.DEDirector.wrapup(DEDirector.java:1526)
	at ptolemy.actor.CompositeActor.wrapup(CompositeActor.java:2735)
	at ptolemy.actor.Manager.wrapup(Manager.java:1512)
	at ptolemy.actor.Manager.execute(Manager.java:407)
	at ptolemy.actor.Manager.run(Manager.java:1263)
	at ptolemy.actor.Manager$PtolemyRunThread.run(Manager.java:1915)
Caused by: ptolemy.kernel.util.IllegalActionException: The fire() method of this actor was never called. Usually, this is an error indicating that starvation is occurring.
  in .SocketDoubleArrayBatched.Test
	at ptolemy.actor.lib.NonStrictTest.wrapup(NonStrictTest.java:393)
	at ptolemy.actor.Director.wrapup(Director.java:1722)
</error>
  </testcase>
  <testcase classname="ptolemy.util.test.junit.AutoTests" name="[11] /home/travis/build/icyphy/ptII/ptolemy/actor/lib/jjs/modules/socket/test/auto/SocketFloat.xml (RunModel)" time="13.844">
    <error type="java.lang.reflect.InvocationTargetException">java.lang.reflect.InvocationTargetException
	at java.lang.reflect.Constructor.newInstance(Constructor.java:423)
	at ptolemy.util.test.junit.AutoTests.RunModel(AutoTests.java:158)
	at junitparams.internal.InvokeParameterisedMethod.evaluate(InvokeParameterisedMethod.java:102)
Caused by: ptolemy.kernel.util.IllegalActionException: Exceptions occurred during wrapup:
ptolemy.kernel.util.IllegalActionException: The fire() method of this actor was never called. Usually, this is an error indicating that starvation is occurring.
  in .SocketFloat.Test
ptolemy.kernel.util.IllegalActionException: The fire() method of this actor was never called. Usually, this is an error indicating that starvation is occurring.
  in .SocketFloat.Test2
ptolemy.kernel.util.IllegalActionException: The fire() method of this actor was never called. Usually, this is an error indicating that starvation is occurring.
  in .SocketFloat.Test3

  in .SocketFloat.DE Director
Because:
The fire() method of this actor was never called. Usually, this is an error indicating that starvation is occurring.
  in .SocketFloat.Test
	at ptolemy.actor.Director.wrapup(Director.java:1736)
	at ptolemy.domains.de.kernel.DEDirector.wrapup(DEDirector.java:1526)
	at ptolemy.actor.CompositeActor.wrapup(CompositeActor.java:2735)
	at ptolemy.actor.Manager.wrapup(Manager.java:1512)
	at ptolemy.actor.Manager.execute(Manager.java:407)
	at ptolemy.actor.Manager.run(Manager.java:1263)
	at ptolemy.actor.Manager$PtolemyRunThread.run(Manager.java:1915)
Caused by: ptolemy.kernel.util.IllegalActionException: The fire() method of this actor was never called. Usually, this is an error indicating that starvation is occurring.
  in .SocketFloat.Test
	at ptolemy.actor.lib.NonStrictTest.wrapup(NonStrictTest.java:393)
	at ptolemy.actor.Director.wrapup(Director.java:1722)
</error>
  </testcase>
  <testcase classname="ptolemy.util.test.junit.AutoTests" name="[12] /home/travis/build/icyphy/ptII/ptolemy/actor/lib/jjs/modules/socket/test/auto/SocketImage.xml (RunModel)" time="14.481" />
  <testcase classname="ptolemy.util.test.junit.AutoTests" name="[13] /home/travis/build/icyphy/ptII/ptolemy/actor/lib/jjs/modules/socket/test/auto/SocketImagePNG.xml (RunModel)" time="10.464" />
  <testcase classname="ptolemy.util.test.junit.AutoTests" name="[14] /home/travis/build/icyphy/ptII/ptolemy/actor/lib/jjs/modules/socket/test/auto/SocketImageRaw.xml (RunModel)" time="16.044" />
  <testcase classname="ptolemy.util.test.junit.AutoTests" name="[15] /home/travis/build/icyphy/ptII/ptolemy/actor/lib/jjs/modules/socket/test/auto/SocketInt.xml (RunModel)" time="6.64" />
  <testcase classname="ptolemy.util.test.junit.AutoTests" name="[16] /home/travis/build/icyphy/ptII/ptolemy/actor/lib/jjs/modules/socket/test/auto/SocketShort.xml (RunModel)" time="7.562" />
  <testcase classname="ptolemy.util.test.junit.AutoTests" name="[17] /home/travis/build/icyphy/ptII/ptolemy/actor/lib/jjs/modules/socket/test/auto/SocketStringArray.xml (RunModel)" time="6.743" />
  <testcase classname="ptolemy.util.test.junit.AutoTests" name="[18] /home/travis/build/icyphy/ptII/ptolemy/actor/lib/jjs/modules/socket/test/auto/SocketTypicalUsage.xml (RunModel)" time="6.318">
    <error type="java.lang.reflect.InvocationTargetException">java.lang.reflect.InvocationTargetException
	at java.lang.reflect.Constructor.newInstance(Constructor.java:423)
	at ptolemy.util.test.junit.AutoTests.RunModel(AutoTests.java:158)
	at junitparams.internal.InvokeParameterisedMethod.evaluate(InvokeParameterisedMethod.java:102)
Caused by: ptolemy.kernel.util.IllegalActionException: Exceptions occurred during wrapup:
ptolemy.kernel.util.IllegalActionException: The fire() method of this actor was never called. Usually, this is an error indicating that starvation is occurring.
  in .SocketTypicalUsage.Test

  in .SocketTypicalUsage.DE Director
Because:
The fire() method of this actor was never called. Usually, this is an error indicating that starvation is occurring.
  in .SocketTypicalUsage.Test
	at ptolemy.actor.Director.wrapup(Director.java:1736)
	at ptolemy.domains.de.kernel.DEDirector.wrapup(DEDirector.java:1526)
	at ptolemy.actor.CompositeActor.wrapup(CompositeActor.java:2735)
	at ptolemy.actor.Manager.wrapup(Manager.java:1512)
	at ptolemy.actor.Manager.execute(Manager.java:407)
	at ptolemy.actor.Manager.run(Manager.java:1263)
	at ptolemy.actor.Manager$PtolemyRunThread.run(Manager.java:1915)
Caused by: ptolemy.kernel.util.IllegalActionException: The fire() method of this actor was never called. Usually, this is an error indicating that starvation is occurring.
  in .SocketTypicalUsage.Test
	at ptolemy.actor.lib.NonStrictTest.wrapup(NonStrictTest.java:393)
	at ptolemy.actor.Director.wrapup(Director.java:1722)
</error>
  </testcase>
  <testcase classname="ptolemy.util.test.junit.AutoTests" name="[19] /home/travis/build/icyphy/ptII/ptolemy/actor/lib/jjs/modules/socket/test/auto/SocketUnsignedByte.xml (RunModel)" time="7.689">
    <error type="java.lang.reflect.InvocationTargetException">java.lang.reflect.InvocationTargetException
	at java.lang.reflect.Constructor.newInstance(Constructor.java:423)
	at ptolemy.util.test.junit.AutoTests.RunModel(AutoTests.java:158)
	at junitparams.internal.InvokeParameterisedMethod.evaluate(InvokeParameterisedMethod.java:102)
Caused by: ptolemy.kernel.util.IllegalActionException: Exceptions occurred during wrapup:
ptolemy.kernel.util.IllegalActionException: The fire() method of this actor was never called. Usually, this is an error indicating that starvation is occurring.
  in .SocketUnsignedByte.Test
ptolemy.kernel.util.IllegalActionException: The fire() method of this actor was never called. Usually, this is an error indicating that starvation is occurring.
  in .SocketUnsignedByte.Test2
ptolemy.kernel.util.IllegalActionException: The fire() method of this actor was never called. Usually, this is an error indicating that starvation is occurring.
  in .SocketUnsignedByte.Test3

  in .SocketUnsignedByte.DE Director
Because:
The fire() method of this actor was never called. Usually, this is an error indicating that starvation is occurring.
  in .SocketUnsignedByte.Test
	at ptolemy.actor.Director.wrapup(Director.java:1736)
	at ptolemy.domains.de.kernel.DEDirector.wrapup(DEDirector.java:1526)
	at ptolemy.actor.CompositeActor.wrapup(CompositeActor.java:2735)
	at ptolemy.actor.Manager.wrapup(Manager.java:1512)
	at ptolemy.actor.Manager.execute(Manager.java:407)
	at ptolemy.actor.Manager.run(Manager.java:1263)
	at ptolemy.actor.Manager$PtolemyRunThread.run(Manager.java:1915)
Caused by: ptolemy.kernel.util.IllegalActionException: The fire() method of this actor was never called. Usually, this is an error indicating that starvation is occurring.
  in .SocketUnsignedByte.Test
	at ptolemy.actor.lib.NonStrictTest.wrapup(NonStrictTest.java:393)
	at ptolemy.actor.Director.wrapup(Director.java:1722)
</error>
  </testcase>
  <testcase classname="ptolemy.util.test.junit.AutoTests" name="[20] /home/travis/build/icyphy/ptII/ptolemy/actor/lib/jjs/modules/socket/test/auto/SocketUnsignedShort.xml (RunModel)" time="6.737" />
  <testcase classname="ptolemy.util.test.junit.AutoTests" name="[21] /home/travis/build/icyphy/ptII/ptolemy/actor/lib/jjs/modules/socket/test/auto/TCPSocketDoubleArrayBatched.xml (RunModel)" time="10.377" />
  <testcase classname="ptolemy.util.test.junit.AutoTests" name="[22] /home/travis/build/icyphy/ptII/ptolemy/actor/lib/jjs/modules/socket/test/auto/TCPSocketSecureServerClient.xml (RunModel)" time="19.241">
    <error type="java.lang.reflect.InvocationTargetException">java.lang.reflect.InvocationTargetException
	at java.lang.reflect.Constructor.newInstance(Constructor.java:423)
	at ptolemy.util.test.junit.AutoTests.RunModel(AutoTests.java:158)
	at junitparams.internal.InvokeParameterisedMethod.evaluate(InvokeParameterisedMethod.java:102)
Caused by: ptolemy.kernel.util.IllegalActionException: Exceptions occurred during wrapup:
ptolemy.kernel.util.IllegalActionException: Failure executing the wrapup function: Error: TrainableTest: The input handler of this accessor was never invoked. Usually, this is an error indicating that starvation is occurring. in &lt;function&gt; at line number 393 at column number 16
  in .TCPSocketSecureServerClient.TrainableTest
Because:
Error: TrainableTest: The input handler of this accessor was never invoked. Usually, this is an error indicating that starvation is occurring. in &lt;function&gt; at line number 393 at column number 16
ptolemy.kernel.util.IllegalActionException: Failure executing the wrapup function: Error: TrainableTest2: The input handler of this accessor was never invoked. Usually, this is an error indicating that starvation is occurring. in &lt;function&gt; at line number 393 at column number 16
  in .TCPSocketSecureServerClient.TrainableTest2
Because:
Error: TrainableTest2: The input handler of this accessor was never invoked. Usually, this is an error indicating that starvation is occurring. in &lt;function&gt; at line number 393 at column number 16

  in .TCPSocketSecureServerClient.DE Director
Because:
Failure executing the wrapup function: Error: TrainableTest: The input handler of this accessor was never invoked. Usually, this is an error indicating that starvation is occurring. in &lt;function&gt; at line number 393 at column number 16
  in .TCPSocketSecureServerClient.TrainableTest
Because:
Error: TrainableTest: The input handler of this accessor was never invoked. Usually, this is an error indicating that starvation is occurring. in &lt;function&gt; at line number 393 at column number 16
	at ptolemy.actor.Director.wrapup(Director.java:1736)
	at ptolemy.domains.de.kernel.DEDirector.wrapup(DEDirector.java:1526)
	at ptolemy.actor.CompositeActor.wrapup(CompositeActor.java:2735)
	at ptolemy.actor.Manager.wrapup(Manager.java:1512)
	at ptolemy.actor.Manager.execute(Manager.java:407)
	at ptolemy.actor.Manager.run(Manager.java:1263)
	at ptolemy.actor.Manager$PtolemyRunThread.run(Manager.java:1915)
Caused by: ptolemy.kernel.util.IllegalActionException: Failure executing the wrapup function: Error: TrainableTest: The input handler of this accessor was never invoked. Usually, this is an error indicating that starvation is occurring. in &lt;function&gt; at line number 393 at column number 16
  in .TCPSocketSecureServerClient.TrainableTest
Because:
Error: TrainableTest: The input handler of this accessor was never invoked. Usually, this is an error indicating that starvation is occurring. in &lt;function&gt; at line number 393 at column number 16
	at ptolemy.actor.lib.jjs.JavaScript._invokeMethodInContext(JavaScript.java:2216)
	at ptolemy.actor.lib.jjs.JavaScript.wrapup(JavaScript.java:2111)
	at ptolemy.actor.Director.wrapup(Director.java:1722)
Caused by: javax.script.ScriptException: Error: TrainableTest: The input handler of this accessor was never invoked. Usually, this is an error indicating that starvation is occurring. in &lt;function&gt; at line number 393 at column number 16
	at jdk.nashorn.api.scripting.NashornScriptEngine.throwAsScriptException(NashornScriptEngine.java:470)
	at jdk.nashorn.api.scripting.NashornScriptEngine.invokeImpl(NashornScriptEngine.java:392)
	at jdk.nashorn.api.scripting.NashornScriptEngine.invokeMethod(NashornScriptEngine.java:199)
	at ptolemy.actor.lib.jjs.JavaScript._invokeMethodInContext(JavaScript.java:2193)
Caused by: &lt;function&gt;:393:16 Error: TrainableTest: The input handler of this accessor was never invoked. Usually, this is an error indicating that starvation is occurring.
	at jdk.nashorn.internal.objects.NativeError.initException(NativeError.java:137)
	at jdk.nashorn.internal.objects.NativeError.&lt;init&gt;(NativeError.java:102)
	at jdk.nashorn.internal.objects.NativeError.&lt;init&gt;(NativeError.java:106)
	at jdk.nashorn.internal.objects.NativeError.&lt;init&gt;(NativeError.java:110)
	at jdk.nashorn.internal.objects.NativeError.constructor(NativeError.java:129)
	at jdk.nashorn.internal.scripts.Script$Recompilation$29801$18508$\^function\_.L:1#wrapup(&lt;function&gt;:393)
	at jdk.nashorn.internal.scripts.Script$Recompilation$29799$30328$require.L:1#Accessor#wrapup(/home/travis/build/icyphy/ptII/ptolemy/actor/lib/jjs/external/require.js#401:30&lt;eval&gt;:673)
	at jdk.nashorn.internal.runtime.ScriptFunctionData.invoke(ScriptFunctionData.java:637)
	at jdk.nashorn.internal.runtime.ScriptFunction.invoke(ScriptFunction.java:494)
	at jdk.nashorn.internal.runtime.ScriptRuntime.apply(ScriptRuntime.java:393)
	at jdk.nashorn.api.scripting.ScriptObjectMirror.callMember(ScriptObjectMirror.java:199)
	at jdk.nashorn.api.scripting.NashornScriptEngine.invokeImpl(NashornScriptEngine.java:386)
</error>
  </testcase>
  <testcase classname="ptolemy.util.test.junit.AutoTests" name="[23] /home/travis/build/icyphy/ptII/ptolemy/actor/lib/jjs/modules/socket/test/auto/TCPSocketTwoClients.xml (RunModel)" time="43.751" />
  <testcase classname="ptolemy.util.test.junit.AutoTests" name="[24] /home/travis/build/icyphy/ptII/ptolemy/actor/lib/jjs/modules/socket/test/auto/TCPSocketUnsignedShort.xml (RunModel)" time="35.589" />
  <testcase classname="ptolemy.util.test.junit.AutoTests" name="[25] /home/travis/build/icyphy/ptII/ptolemy/actor/lib/jjs/modules/socket/test/auto/TCPSocketUnsignedShortSimple.xml (RunModel)" time="14.979" />
  <system-out><![CDATA[No tcl tests in /home/travis/build/icyphy/ptII/ptolemy/actor/lib/jjs/modules/socket/test
----------------- testing (KnownFailure) /home/travis/build/icyphy/ptII/ptolemy/actor/lib/jjs/modules/socket/test/auto/knownFailedTests/SocketLong.xml
7218 ms. Memory: 433664K Free: 314784K (73%)
Known Failure: java.lang.reflect.InvocationTargetException
----------------- testing (KnownFailure) /home/travis/build/icyphy/ptII/ptolemy/actor/lib/jjs/modules/socket/test/auto/knownFailedTests/SocketUnsignedInt.xml
6086 ms. Memory: 598528K Free: 454123K (76%)
Known Failure: java.lang.reflect.InvocationTargetException
No auto/*.xml tests in /home/travis/build/icyphy/ptII/ptolemy/actor/lib/jjs/modules/socket/test
AutoTests.java: About to close Vertx.
AutoTests.java: Vertx closed.
----------------- testing Thu Apr 12 01:18:39 UTC 2018 /home/travis/build/icyphy/ptII/ptolemy/actor/lib/jjs/modules/socket/test/auto/Message1.xml
Client: Sending data: -1,0,1,128,256 (Thread[Message1,1,main])
4358 ms. Memory: 732160K Free: 246834K (34%)
reloadAllAccessors: .Message1
----------------- testing Thu Apr 12 01:18:44 UTC 2018 /home/travis/build/icyphy/ptII/ptolemy/actor/lib/jjs/modules/socket/test/auto/Message2.xml
4479 ms. Memory: 711168K Free: 656005K (92%)
----------------- testing Thu Apr 12 01:18:50 UTC 2018 /home/travis/build/icyphy/ptII/ptolemy/actor/lib/jjs/modules/socket/test/auto/Message3.xml
4111 ms. Memory: 745984K Free: 442591K (59%)
----------------- testing Thu Apr 12 01:18:56 UTC 2018 /home/travis/build/icyphy/ptII/ptolemy/actor/lib/jjs/modules/socket/test/auto/Message4.xml
5975 ms. Memory: 739840K Free: 192827K (26%)
----------------- testing Thu Apr 12 01:19:03 UTC 2018 /home/travis/build/icyphy/ptII/ptolemy/actor/lib/jjs/modules/socket/test/auto/Socket1.xml
924 ms. Memory: 743936K Free: 316903K (43%)
----------------- testing Thu Apr 12 01:19:04 UTC 2018 /home/travis/build/icyphy/ptII/ptolemy/actor/lib/jjs/modules/socket/test/auto/Socket2.xml
4498 ms. Memory: 794624K Free: 410724K (52%)
----------------- testing Thu Apr 12 01:19:11 UTC 2018 /home/travis/build/icyphy/ptII/ptolemy/actor/lib/jjs/modules/socket/test/auto/Socket3.xml
4574 ms. Memory: 794624K Free: 190462K (24%)
reloadAllAccessors: .Socket3
----------------- testing Thu Apr 12 01:19:17 UTC 2018 /home/travis/build/icyphy/ptII/ptolemy/actor/lib/jjs/modules/socket/test/auto/SocketByte.xml
5158 ms. Memory: 841216K Free: 274966K (33%)
----------------- testing Thu Apr 12 01:19:24 UTC 2018 /home/travis/build/icyphy/ptII/ptolemy/actor/lib/jjs/modules/socket/test/auto/SocketDouble.xml
4346 ms. Memory: 843776K Free: 191054K (23%)
----------------- testing Thu Apr 12 01:19:29 UTC 2018 /home/travis/build/icyphy/ptII/ptolemy/actor/lib/jjs/modules/socket/test/auto/SocketDoubleArray.xml
Client: Sending data: 1.1,1.2 (Thread[SocketDoubleArray,1,main])
Client3: Sending data: 2.2 (Thread[SocketDoubleArray,1,main])
4348 ms. Memory: 847360K Free: 103426K (12%)
reloadAllAccessors: .SocketDoubleArray
----------------- testing Thu Apr 12 01:19:35 UTC 2018 /home/travis/build/icyphy/ptII/ptolemy/actor/lib/jjs/modules/socket/test/auto/SocketDoubleArrayBatched.xml
4650 ms. Memory: 895488K Free: 232799K (26%)
----------------- testing Thu Apr 12 01:19:42 UTC 2018 /home/travis/build/icyphy/ptII/ptolemy/actor/lib/jjs/modules/socket/test/auto/SocketFloat.xml
12361 ms. Memory: 896512K Free: 174364K (19%)
----------------- testing Thu Apr 12 01:19:56 UTC 2018 /home/travis/build/icyphy/ptII/ptolemy/actor/lib/jjs/modules/socket/test/auto/SocketImage.xml
JSAccessor: PT_NO_NET environment variable is set, so git pull and ptdoc are not being run.
No physical cameras found, using WebcamDummyDriver.
5221 ms. Memory: 960000K Free: 734897K (77%)
reloadAllAccessors: .SocketImage
This is the first time that the reloadAllAccessors method has been invoked in this JVM, so the the accessors repo will be checked out or updated and JSDoc invoked. Note that running the tests may end up invoking a new JVM for each directory, so the repo may be checked out or updated and JSDoc invoked more than once when the tests are run.
----------------- Reloaded Accessors and testing again Thu Apr 12 01:20:06 UTC 2018 /home/travis/build/icyphy/ptII/ptolemy/actor/lib/jjs/modules/socket/test/auto/SocketImage.xml
4463 ms. Memory: 960000K Free: 455829K (47%)
----------------- testing Thu Apr 12 01:20:10 UTC 2018 /home/travis/build/icyphy/ptII/ptolemy/actor/lib/jjs/modules/socket/test/auto/SocketImagePNG.xml
Client: Sending data: {type="class ptolemy.data.AWTImageToken", width="176", height="144"} (Thread[SocketImagePNG,1,main])
4345 ms. Memory: 962560K Free: 387919K (40%)
reloadAllAccessors: .SocketImagePNG
----------------- Reloaded Accessors and testing again Thu Apr 12 01:20:16 UTC 2018 /home/travis/build/icyphy/ptII/ptolemy/actor/lib/jjs/modules/socket/test/auto/SocketImagePNG.xml
Client: Sending data: {type="class ptolemy.data.AWTImageToken", width="176", height="144"} (Thread[Thread-56,5,main])
4420 ms. Memory: 963584K Free: 111520K (12%)
----------------- testing Thu Apr 12 01:20:21 UTC 2018 /home/travis/build/icyphy/ptII/ptolemy/actor/lib/jjs/modules/socket/test/auto/SocketImageRaw.xml
Client: Sending data: {type="class ptolemy.data.AWTImageToken", width="176", height="144"} (Thread[SocketImageRaw,1,main])
6308 ms. Memory: 1091584K Free: 275945K (25%)
reloadAllAccessors: .SocketImageRaw
----------------- Reloaded Accessors and testing again Thu Apr 12 01:20:30 UTC 2018 /home/travis/build/icyphy/ptII/ptolemy/actor/lib/jjs/modules/socket/test/auto/SocketImageRaw.xml
Client: Sending data: {type="class ptolemy.data.AWTImageToken", width="176", height="144"} (Thread[Thread-62,5,main])
6914 ms. Memory: 1092096K Free: 483565K (44%)
----------------- testing Thu Apr 12 01:20:37 UTC 2018 /home/travis/build/icyphy/ptII/ptolemy/actor/lib/jjs/modules/socket/test/auto/SocketInt.xml
Client: Sending data: -1,0,1,128,-2147483648 (Thread[SocketInt,1,main])
Client3: Sending data: 3.14159 (Thread[SocketInt,1,main])
4889 ms. Memory: 1093632K Free: 452919K (41%)
reloadAllAccessors: .SocketInt
----------------- testing Thu Apr 12 01:20:43 UTC 2018 /home/travis/build/icyphy/ptII/ptolemy/actor/lib/jjs/modules/socket/test/auto/SocketShort.xml
Client: Sending data: -1,0,1,128,32768 (Thread[SocketShort,1,main])
Client3: Sending data: 3.14159 (Thread[SocketShort,1,main])
4838 ms. Memory: 1199104K Free: 668466K (56%)
reloadAllAccessors: .SocketShort
----------------- testing Thu Apr 12 01:20:51 UTC 2018 /home/travis/build/icyphy/ptII/ptolemy/actor/lib/jjs/modules/socket/test/auto/SocketStringArray.xml
Client: Sending data: a,b (Thread[SocketStringArray,1,main])
Client2: Sending data: c (Thread[SocketStringArray,1,main])
5208 ms. Memory: 1199104K Free: 619249K (52%)
reloadAllAccessors: .SocketStringArray
----------------- testing Thu Apr 12 01:20:58 UTC 2018 /home/travis/build/icyphy/ptII/ptolemy/actor/lib/jjs/modules/socket/test/auto/SocketTypicalUsage.xml
Server: Server listening on port: 4000 (Thread[vert.x-eventloop-thread-1,1,main])
Server: Server connected on a new socket number: 0 (Thread[vert.x-eventloop-thread-1,1,main])
4756 ms. Memory: 1186816K Free: 573136K (48%)
----------------- testing Thu Apr 12 01:21:04 UTC 2018 /home/travis/build/icyphy/ptII/ptolemy/actor/lib/jjs/modules/socket/test/auto/SocketUnsignedByte.xml
6190 ms. Memory: 1242112K Free: 796134K (64%)
----------------- testing Thu Apr 12 01:21:12 UTC 2018 /home/travis/build/icyphy/ptII/ptolemy/actor/lib/jjs/modules/socket/test/auto/SocketUnsignedShort.xml
Client: Sending data: -1,0,1,65535,65536 (Thread[SocketUnsignedShort,1,main])
Client3: Sending data: 3.14159 (Thread[SocketUnsignedShort,1,main])
5140 ms. Memory: 1243136K Free: 714390K (57%)
reloadAllAccessors: .SocketUnsignedShort
----------------- testing Thu Apr 12 01:21:18 UTC 2018 /home/travis/build/icyphy/ptII/ptolemy/actor/lib/jjs/modules/socket/test/auto/TCPSocketDoubleArrayBatched.xml
4254 ms. Memory: 1227776K Free: 434376K (35%)
reloadAllAccessors: .TCPSocketDoubleArrayBatched
----------------- Reloaded Accessors and testing again Thu Apr 12 01:21:25 UTC 2018 /home/travis/build/icyphy/ptII/ptolemy/actor/lib/jjs/modules/socket/test/auto/TCPSocketDoubleArrayBatched.xml
4229 ms. Memory: 1235456K Free: 245735K (20%)
----------------- testing Thu Apr 12 01:21:29 UTC 2018 /home/travis/build/icyphy/ptII/ptolemy/actor/lib/jjs/modules/socket/test/auto/TCPSocketSecureServerClient.xml
14714 ms. Memory: 1317376K Free: 452559K (34%)
----------------- testing Thu Apr 12 01:21:48 UTC 2018 /home/travis/build/icyphy/ptII/ptolemy/actor/lib/jjs/modules/socket/test/auto/TCPSocketTwoClients.xml
Manager.initialize() finished: 12326 ms. Memory: 1376256K Free: 762395K (55%)
TextDisplayHelper: { id: 1,
  remoteHost: '127.0.0.1',
  remotePort: 59888,
  status: 'open' }
TextDisplayHelper: { id: 2,
  remoteHost: '127.0.0.1',
  remotePort: 59890,
  status: 'open' }
TextDisplayHelper: 1
TextDisplayHelper: 0
TextDisplayHelper: 2
TextDisplayHelper: 1
TextDisplayHelper: 1
TextDisplayHelper: 2
TextDisplayHelper: 2
TextDisplayHelper: 1
TextDisplayHelper: 3
TextDisplayHelper: 4
TextDisplayHelper: 2
TextDisplayHelper: 1
TextDisplayHelper: 2
TextDisplayHelper: 5
TextDisplayHelper: 7
TextDisplayHelper: 6
17418 ms. Memory: 1376256K Free: 636615K (46%)
reloadAllAccessors: .TCPSocketTwoClients
----------------- Reloaded Accessors and testing again Thu Apr 12 01:22:15 UTC 2018 /home/travis/build/icyphy/ptII/ptolemy/actor/lib/jjs/modules/socket/test/auto/TCPSocketTwoClients.xml
Manager.initialize() finished: 11355 ms. Memory: 1418240K Free: 612521K (43%)
TextDisplayHelper: { id: 1,
  remoteHost: '127.0.0.1',
  remotePort: 35520,
  status: 'open' }
TextDisplayHelper: { id: 2,
  remoteHost: '127.0.0.1',
  remotePort: 35522,
  status: 'open' }
TextDisplayHelper: 1
TextDisplayHelper: 0
TextDisplayHelper: 2
TextDisplayHelper: 1
TextDisplayHelper: 1
TextDisplayHelper: 2
TextDisplayHelper: 2
TextDisplayHelper: 1
TextDisplayHelper: 3
TextDisplayHelper: 4
TextDisplayHelper: 2
TextDisplayHelper: 1
TextDisplayHelper: 2
TextDisplayHelper: 5
TextDisplayHelper: 7
TextDisplayHelper: 6
16446 ms. Memory: 1418240K Free: 487306K (34%)
----------------- testing Thu Apr 12 01:22:32 UTC 2018 /home/travis/build/icyphy/ptII/ptolemy/actor/lib/jjs/modules/socket/test/auto/TCPSocketUnsignedShort.xml
TextDisplayHelper: 65535
TextDisplayHelper: 0
TextDisplayHelper: 1
TextDisplayHelper: 65535
TextDisplayHelper: 0
TextDisplayHelper: 2
TextDisplayHelper: 0
TextDisplayHelper: 1
TextDisplayHelper: 2
TextDisplayHelper: 0
TextDisplayHelper: 1
TextDisplayHelper: 3
13316 ms. Memory: 1418752K Free: 578505K (41%)
reloadAllAccessors: .TCPSocketUnsignedShort
----------------- Reloaded Accessors and testing again Thu Apr 12 01:22:53 UTC 2018 /home/travis/build/icyphy/ptII/ptolemy/actor/lib/jjs/modules/socket/test/auto/TCPSocketUnsignedShort.xml
TextDisplayHelper: 65535
TextDisplayHelper: 0
TextDisplayHelper: 1
TextDisplayHelper: 65535
TextDisplayHelper: 0
TextDisplayHelper: 2
TextDisplayHelper: 0
TextDisplayHelper: 1
TextDisplayHelper: 2
TextDisplayHelper: 0
TextDisplayHelper: 1
TextDisplayHelper: 3
14832 ms. Memory: 1498112K Free: 586900K (39%)
----------------- testing Thu Apr 12 01:23:07 UTC 2018 /home/travis/build/icyphy/ptII/ptolemy/actor/lib/jjs/modules/socket/test/auto/TCPSocketUnsignedShortSimple.xml
5624 ms. Memory: 1498112K Free: 586819K (39%)
reloadAllAccessors: .TCPSocketUnsignedShortSimple
----------------- Reloaded Accessors and testing again Thu Apr 12 01:23:16 UTC 2018 /home/travis/build/icyphy/ptII/ptolemy/actor/lib/jjs/modules/socket/test/auto/TCPSocketUnsignedShortSimple.xml
5891 ms. Memory: 1500672K Free: 368810K (25%)
AutoTests.java: About to close Vertx.
AutoTests.java: Vertx closed.
]]></system-out>
  <system-err><![CDATA[Apr 12, 2018 1:18:28 AM io.vertx.core.impl.ContextImpl
SEVERE: Unhandled exception
java.lang.IllegalArgumentException: Invalid send data type: long
	at ptolemy.actor.lib.jjs.modules.socket.SocketHelper$SocketWrapper.<init>(SocketHelper.java:566)
	at jdk.nashorn.internal.scripts.Script$Recompilation$1075$13304A$require.L:1#_opened(/home/travis/build/icyphy/ptII/ptolemy/actor/lib/jjs/external/require.js#401:30<eval>:296)
	at jdk.nashorn.internal.runtime.ScriptFunctionData.invoke(ScriptFunctionData.java:639)
	at jdk.nashorn.internal.runtime.ScriptFunction.invoke(ScriptFunction.java:494)
	at jdk.nashorn.internal.runtime.ScriptRuntime.apply(ScriptRuntime.java:393)
	at jdk.nashorn.api.scripting.ScriptObjectMirror.callMember(ScriptObjectMirror.java:199)
	at ptolemy.actor.lib.jjs.modules.socket.SocketHelper.lambda$null$0(SocketHelper.java:219)
	at io.vertx.core.net.impl.NetClientImpl.lambda$connect$2(NetClientImpl.java:113)
	at io.vertx.core.net.impl.NetClientImpl.lambda$null$9(NetClientImpl.java:251)
	at io.vertx.core.impl.ContextImpl.lambda$wrapTask$2(ContextImpl.java:337)
	at io.vertx.core.impl.ContextImpl.executeFromIO(ContextImpl.java:195)
	at io.vertx.core.net.impl.NetClientImpl.lambda$connected$10(NetClientImpl.java:247)
	at io.vertx.core.net.impl.VertxHandler.setConnection(VertxHandler.java:46)
	at io.vertx.core.net.impl.VertxNetHandler.handlerAdded(VertxNetHandler.java:39)
	at io.netty.channel.DefaultChannelPipeline.callHandlerAdded0(DefaultChannelPipeline.java:606)
	at io.netty.channel.DefaultChannelPipeline.addLast(DefaultChannelPipeline.java:235)
	at io.netty.channel.DefaultChannelPipeline.addLast(DefaultChannelPipeline.java:201)
	at io.vertx.core.net.impl.NetClientImpl.connected(NetClientImpl.java:257)
	at io.vertx.core.net.impl.NetClientImpl.lambda$doConnect$7(NetClientImpl.java:212)
	at io.vertx.core.net.impl.ChannelProvider.lambda$connect$0(ChannelProvider.java:52)
	at io.netty.util.concurrent.DefaultPromise.notifyListener0(DefaultPromise.java:507)
	at io.netty.util.concurrent.DefaultPromise.notifyListeners0(DefaultPromise.java:500)
	at io.netty.util.concurrent.DefaultPromise.notifyListenersNow(DefaultPromise.java:479)
	at io.netty.util.concurrent.DefaultPromise.notifyListeners(DefaultPromise.java:420)
	at io.netty.util.concurrent.DefaultPromise.trySuccess(DefaultPromise.java:104)
	at io.netty.channel.DefaultChannelPromise.trySuccess(DefaultChannelPromise.java:82)
	at io.netty.channel.nio.AbstractNioChannel$AbstractNioUnsafe.fulfillConnectPromise(AbstractNioChannel.java:306)
	at io.netty.channel.nio.AbstractNioChannel$AbstractNioUnsafe.finishConnect(AbstractNioChannel.java:341)
	at io.netty.channel.nio.NioEventLoop.processSelectedKey(NioEventLoop.java:633)
	at io.netty.channel.nio.NioEventLoop.processSelectedKeysOptimized(NioEventLoop.java:580)
	at io.netty.channel.nio.NioEventLoop.processSelectedKeys(NioEventLoop.java:497)
	at io.netty.channel.nio.NioEventLoop.run(NioEventLoop.java:459)
	at io.netty.util.concurrent.SingleThreadEventExecutor$5.run(SingleThreadEventExecutor.java:886)
	at io.netty.util.concurrent.FastThreadLocalRunnable.run(FastThreadLocalRunnable.java:30)
	at java.lang.Thread.run(Thread.java:748)

Apr 12, 2018 1:18:28 AM io.vertx.core.impl.ContextImpl
SEVERE: Unhandled exception
java.lang.IllegalArgumentException: Invalid send data type: long
	at ptolemy.actor.lib.jjs.modules.socket.SocketHelper$SocketWrapper.<init>(SocketHelper.java:566)
	at jdk.nashorn.internal.scripts.Script$Recompilation$1079$27606AAAAAA$require.L:1#Socket(/home/travis/build/icyphy/ptII/ptolemy/actor/lib/jjs/external/require.js#401:30<eval>:630)
	at jdk.nashorn.internal.scripts.Script$Recompilation$1074$25670A$require.L:1#_socketCreated(/home/travis/build/icyphy/ptII/ptolemy/actor/lib/jjs/external/require.js#401:30<eval>:582)
	at jdk.nashorn.internal.runtime.ScriptFunctionData.invoke(ScriptFunctionData.java:639)
	at jdk.nashorn.internal.runtime.ScriptFunction.invoke(ScriptFunction.java:494)
	at jdk.nashorn.internal.runtime.ScriptRuntime.apply(ScriptRuntime.java:393)
	at jdk.nashorn.api.scripting.ScriptObjectMirror.callMember(ScriptObjectMirror.java:199)
	at ptolemy.actor.lib.jjs.modules.socket.SocketHelper.lambda$null$2(SocketHelper.java:394)
	at io.vertx.core.net.impl.NetServerImpl.lambda$connected$11(NetServerImpl.java:457)
	at io.vertx.core.impl.ContextImpl.lambda$wrapTask$2(ContextImpl.java:337)
	at io.vertx.core.impl.ContextImpl.executeFromIO(ContextImpl.java:195)
	at io.vertx.core.net.impl.NetServerImpl.connected(NetServerImpl.java:453)
	at io.vertx.core.net.impl.NetServerImpl.access$200(NetServerImpl.java:57)
	at io.vertx.core.net.impl.NetServerImpl$1.initChannel(NetServerImpl.java:209)
	at io.netty.channel.ChannelInitializer.initChannel(ChannelInitializer.java:113)
	at io.netty.channel.ChannelInitializer.handlerAdded(ChannelInitializer.java:105)
	at io.netty.channel.DefaultChannelPipeline.callHandlerAdded0(DefaultChannelPipeline.java:606)
	at io.netty.channel.DefaultChannelPipeline.access$000(DefaultChannelPipeline.java:46)
	at io.netty.channel.DefaultChannelPipeline$PendingHandlerAddedTask.execute(DefaultChannelPipeline.java:1412)
	at io.netty.channel.DefaultChannelPipeline.callHandlerAddedForAllHandlers(DefaultChannelPipeline.java:1131)
	at io.netty.channel.DefaultChannelPipeline.invokeHandlerAddedIfNeeded(DefaultChannelPipeline.java:656)
	at io.netty.channel.AbstractChannel$AbstractUnsafe.register0(AbstractChannel.java:510)
	at io.netty.channel.AbstractChannel$AbstractUnsafe.register(AbstractChannel.java:476)
	at io.netty.channel.SingleThreadEventLoop.register(SingleThreadEventLoop.java:80)
	at io.netty.channel.SingleThreadEventLoop.register(SingleThreadEventLoop.java:74)
	at io.vertx.core.net.impl.VertxEventLoopGroup.register(VertxEventLoopGroup.java:53)
	at io.netty.bootstrap.ServerBootstrap$ServerBootstrapAcceptor.channelRead(ServerBootstrap.java:255)
	at io.netty.channel.AbstractChannelHandlerContext.invokeChannelRead(AbstractChannelHandlerContext.java:362)
	at io.netty.channel.AbstractChannelHandlerContext.invokeChannelRead(AbstractChannelHandlerContext.java:348)
	at io.netty.channel.AbstractChannelHandlerContext.fireChannelRead(AbstractChannelHandlerContext.java:340)
	at io.netty.channel.DefaultChannelPipeline$HeadContext.channelRead(DefaultChannelPipeline.java:1359)
	at io.netty.channel.AbstractChannelHandlerContext.invokeChannelRead(AbstractChannelHandlerContext.java:362)
	at io.netty.channel.AbstractChannelHandlerContext.invokeChannelRead(AbstractChannelHandlerContext.java:348)
	at io.netty.channel.DefaultChannelPipeline.fireChannelRead(DefaultChannelPipeline.java:935)
	at io.netty.channel.nio.AbstractNioMessageChannel$NioMessageUnsafe.read(AbstractNioMessageChannel.java:93)
	at io.netty.channel.nio.NioEventLoop.processSelectedKey(NioEventLoop.java:645)
	at io.netty.channel.nio.NioEventLoop.processSelectedKeysOptimized(NioEventLoop.java:580)
	at io.netty.channel.nio.NioEventLoop.processSelectedKeys(NioEventLoop.java:497)
	at io.netty.channel.nio.NioEventLoop.run(NioEventLoop.java:459)
	at io.netty.util.concurrent.SingleThreadEventExecutor$5.run(SingleThreadEventExecutor.java:886)
	at io.netty.util.concurrent.FastThreadLocalRunnable.run(FastThreadLocalRunnable.java:30)
	at java.lang.Thread.run(Thread.java:748)

Apr 12, 2018 1:18:29 AM io.vertx.core.impl.ContextImpl
SEVERE: Unhandled exception
java.lang.IllegalArgumentException: Invalid send data type: long
	at ptolemy.actor.lib.jjs.modules.socket.SocketHelper$SocketWrapper.<init>(SocketHelper.java:566)
	at jdk.nashorn.internal.scripts.Script$Recompilation$1079$27606AAAAAA$require.L:1#Socket(/home/travis/build/icyphy/ptII/ptolemy/actor/lib/jjs/external/require.js#401:30<eval>:630)
	at jdk.nashorn.internal.scripts.Script$Recompilation$1074$25670A$require.L:1#_socketCreated(/home/travis/build/icyphy/ptII/ptolemy/actor/lib/jjs/external/require.js#401:30<eval>:582)
	at jdk.nashorn.internal.runtime.ScriptFunctionData.invoke(ScriptFunctionData.java:639)
	at jdk.nashorn.internal.runtime.ScriptFunction.invoke(ScriptFunction.java:494)
	at jdk.nashorn.internal.runtime.ScriptRuntime.apply(ScriptRuntime.java:393)
	at jdk.nashorn.api.scripting.ScriptObjectMirror.callMember(ScriptObjectMirror.java:199)
	at ptolemy.actor.lib.jjs.modules.socket.SocketHelper.lambda$null$2(SocketHelper.java:394)
	at io.vertx.core.net.impl.NetServerImpl.lambda$connected$11(NetServerImpl.java:457)
	at io.vertx.core.impl.ContextImpl.lambda$wrapTask$2(ContextImpl.java:337)
	at io.vertx.core.impl.ContextImpl.executeFromIO(ContextImpl.java:195)
	at io.vertx.core.net.impl.NetServerImpl.connected(NetServerImpl.java:453)
	at io.vertx.core.net.impl.NetServerImpl.access$200(NetServerImpl.java:57)
	at io.vertx.core.net.impl.NetServerImpl$1.initChannel(NetServerImpl.java:209)
	at io.netty.channel.ChannelInitializer.initChannel(ChannelInitializer.java:113)
	at io.netty.channel.ChannelInitializer.handlerAdded(ChannelInitializer.java:105)
	at io.netty.channel.DefaultChannelPipeline.callHandlerAdded0(DefaultChannelPipeline.java:606)
	at io.netty.channel.DefaultChannelPipeline.access$000(DefaultChannelPipeline.java:46)
	at io.netty.channel.DefaultChannelPipeline$PendingHandlerAddedTask.execute(DefaultChannelPipeline.java:1412)
	at io.netty.channel.DefaultChannelPipeline.callHandlerAddedForAllHandlers(DefaultChannelPipeline.java:1131)
	at io.netty.channel.DefaultChannelPipeline.invokeHandlerAddedIfNeeded(DefaultChannelPipeline.java:656)
	at io.netty.channel.AbstractChannel$AbstractUnsafe.register0(AbstractChannel.java:510)
	at io.netty.channel.AbstractChannel$AbstractUnsafe.register(AbstractChannel.java:476)
	at io.netty.channel.SingleThreadEventLoop.register(SingleThreadEventLoop.java:80)
	at io.netty.channel.SingleThreadEventLoop.register(SingleThreadEventLoop.java:74)
	at io.vertx.core.net.impl.VertxEventLoopGroup.register(VertxEventLoopGroup.java:53)
	at io.netty.bootstrap.ServerBootstrap$ServerBootstrapAcceptor.channelRead(ServerBootstrap.java:255)
	at io.netty.channel.AbstractChannelHandlerContext.invokeChannelRead(AbstractChannelHandlerContext.java:362)
	at io.netty.channel.AbstractChannelHandlerContext.invokeChannelRead(AbstractChannelHandlerContext.java:348)
	at io.netty.channel.AbstractChannelHandlerContext.fireChannelRead(AbstractChannelHandlerContext.java:340)
	at io.netty.channel.DefaultChannelPipeline$HeadContext.channelRead(DefaultChannelPipeline.java:1359)
	at io.netty.channel.AbstractChannelHandlerContext.invokeChannelRead(AbstractChannelHandlerContext.java:362)
	at io.netty.channel.AbstractChannelHandlerContext.invokeChannelRead(AbstractChannelHandlerContext.java:348)
	at io.netty.channel.DefaultChannelPipeline.fireChannelRead(DefaultChannelPipeline.java:935)
	at io.netty.channel.nio.AbstractNioMessageChannel$NioMessageUnsafe.read(AbstractNioMessageChannel.java:93)
	at io.netty.channel.nio.NioEventLoop.processSelectedKey(NioEventLoop.java:645)
	at io.netty.channel.nio.NioEventLoop.processSelectedKeysOptimized(NioEventLoop.java:580)
	at io.netty.channel.nio.NioEventLoop.processSelectedKeys(NioEventLoop.java:497)
	at io.netty.channel.nio.NioEventLoop.run(NioEventLoop.java:459)
	at io.netty.util.concurrent.SingleThreadEventExecutor$5.run(SingleThreadEventExecutor.java:886)
	at io.netty.util.concurrent.FastThreadLocalRunnable.run(FastThreadLocalRunnable.java:30)
	at java.lang.Thread.run(Thread.java:748)

Apr 12, 2018 1:18:29 AM io.vertx.core.impl.ContextImpl
SEVERE: Unhandled exception
java.lang.IllegalArgumentException: Invalid send data type: long
	at ptolemy.actor.lib.jjs.modules.socket.SocketHelper$SocketWrapper.<init>(SocketHelper.java:566)
	at jdk.nashorn.internal.scripts.Script$Recompilation$1081$13304A$require.L:1#_opened(/home/travis/build/icyphy/ptII/ptolemy/actor/lib/jjs/external/require.js#401:30<eval>:296)
	at jdk.nashorn.internal.runtime.ScriptFunctionData.invoke(ScriptFunctionData.java:639)
	at jdk.nashorn.internal.runtime.ScriptFunction.invoke(ScriptFunction.java:494)
	at jdk.nashorn.internal.runtime.ScriptRuntime.apply(ScriptRuntime.java:393)
	at jdk.nashorn.api.scripting.ScriptObjectMirror.callMember(ScriptObjectMirror.java:199)
	at ptolemy.actor.lib.jjs.modules.socket.SocketHelper.lambda$null$0(SocketHelper.java:219)
	at io.vertx.core.net.impl.NetClientImpl.lambda$connect$2(NetClientImpl.java:113)
	at io.vertx.core.net.impl.NetClientImpl.lambda$null$9(NetClientImpl.java:251)
	at io.vertx.core.impl.ContextImpl.lambda$wrapTask$2(ContextImpl.java:337)
	at io.vertx.core.impl.ContextImpl.executeFromIO(ContextImpl.java:195)
	at io.vertx.core.net.impl.NetClientImpl.lambda$connected$10(NetClientImpl.java:247)
	at io.vertx.core.net.impl.VertxHandler.setConnection(VertxHandler.java:46)
	at io.vertx.core.net.impl.VertxNetHandler.handlerAdded(VertxNetHandler.java:39)
	at io.netty.channel.DefaultChannelPipeline.callHandlerAdded0(DefaultChannelPipeline.java:606)
	at io.netty.channel.DefaultChannelPipeline.addLast(DefaultChannelPipeline.java:235)
	at io.netty.channel.DefaultChannelPipeline.addLast(DefaultChannelPipeline.java:201)
	at io.vertx.core.net.impl.NetClientImpl.connected(NetClientImpl.java:257)
	at io.vertx.core.net.impl.NetClientImpl.lambda$doConnect$7(NetClientImpl.java:212)
	at io.vertx.core.net.impl.ChannelProvider.lambda$connect$0(ChannelProvider.java:52)
	at io.netty.util.concurrent.DefaultPromise.notifyListener0(DefaultPromise.java:507)
	at io.netty.util.concurrent.DefaultPromise.notifyListeners0(DefaultPromise.java:500)
	at io.netty.util.concurrent.DefaultPromise.notifyListenersNow(DefaultPromise.java:479)
	at io.netty.util.concurrent.DefaultPromise.notifyListeners(DefaultPromise.java:420)
	at io.netty.util.concurrent.DefaultPromise.trySuccess(DefaultPromise.java:104)
	at io.netty.channel.DefaultChannelPromise.trySuccess(DefaultChannelPromise.java:82)
	at io.netty.channel.nio.AbstractNioChannel$AbstractNioUnsafe.fulfillConnectPromise(AbstractNioChannel.java:306)
	at io.netty.channel.nio.AbstractNioChannel$AbstractNioUnsafe.finishConnect(AbstractNioChannel.java:341)
	at io.netty.channel.nio.NioEventLoop.processSelectedKey(NioEventLoop.java:633)
	at io.netty.channel.nio.NioEventLoop.processSelectedKeysOptimized(NioEventLoop.java:580)
	at io.netty.channel.nio.NioEventLoop.processSelectedKeys(NioEventLoop.java:497)
	at io.netty.channel.nio.NioEventLoop.run(NioEventLoop.java:459)
	at io.netty.util.concurrent.SingleThreadEventExecutor$5.run(SingleThreadEventExecutor.java:886)
	at io.netty.util.concurrent.FastThreadLocalRunnable.run(FastThreadLocalRunnable.java:30)
	at java.lang.Thread.run(Thread.java:748)

java.lang.RuntimeException: Execution failed
	at ptolemy.moml.MoMLSimpleApplication$UnloadThread.run(MoMLSimpleApplication.java:402)
Caused by: ptolemy.kernel.util.IllegalActionException: Exceptions occurred during wrapup:
ptolemy.kernel.util.IllegalActionException: The fire() method of this actor was never called. Usually, this is an error indicating that starvation is occurring.
  in .SocketLong.Test
ptolemy.kernel.util.IllegalActionException: The fire() method of this actor was never called. Usually, this is an error indicating that starvation is occurring.
  in .SocketLong.Test2
ptolemy.kernel.util.IllegalActionException: The fire() method of this actor was never called. Usually, this is an error indicating that starvation is occurring.
  in .SocketLong.Test3

  in .SocketLong.DE Director
Because:
The fire() method of this actor was never called. Usually, this is an error indicating that starvation is occurring.
  in .SocketLong.Test
	at ptolemy.actor.Director.wrapup(Director.java:1736)
	at ptolemy.domains.de.kernel.DEDirector.wrapup(DEDirector.java:1526)
	at ptolemy.actor.CompositeActor.wrapup(CompositeActor.java:2735)
	at ptolemy.actor.Manager.wrapup(Manager.java:1512)
	at ptolemy.actor.Manager.execute(Manager.java:407)
	at ptolemy.actor.Manager.run(Manager.java:1263)
	at ptolemy.actor.Manager$PtolemyRunThread.run(Manager.java:1915)
Caused by: ptolemy.kernel.util.IllegalActionException: The fire() method of this actor was never called. Usually, this is an error indicating that starvation is occurring.
  in .SocketLong.Test
	at ptolemy.actor.lib.NonStrictTest.wrapup(NonStrictTest.java:393)
	at ptolemy.actor.Director.wrapup(Director.java:1722)
	... 6 more
java.lang.reflect.InvocationTargetException
	at sun.reflect.NativeConstructorAccessorImpl.newInstance0(Native Method)
	at sun.reflect.NativeConstructorAccessorImpl.newInstance(NativeConstructorAccessorImpl.java:62)
	at sun.reflect.DelegatingConstructorAccessorImpl.newInstance(DelegatingConstructorAccessorImpl.java:45)
	at java.lang.reflect.Constructor.newInstance(Constructor.java:423)
	at ptolemy.util.test.junit.AutoKnownFailedTests.RunModel(AutoKnownFailedTests.java:107)
	at sun.reflect.NativeMethodAccessorImpl.invoke0(Native Method)
	at sun.reflect.NativeMethodAccessorImpl.invoke(NativeMethodAccessorImpl.java:62)
	at sun.reflect.DelegatingMethodAccessorImpl.invoke(DelegatingMethodAccessorImpl.java:43)
	at java.lang.reflect.Method.invoke(Method.java:498)
	at org.junit.runners.model.FrameworkMethod$1.runReflectiveCall(FrameworkMethod.java:44)
	at org.junit.internal.runners.model.ReflectiveCallable.run(ReflectiveCallable.java:15)
	at org.junit.runners.model.FrameworkMethod.invokeExplosively(FrameworkMethod.java:41)
	at junitparams.internal.InvokeParameterisedMethod.evaluate(InvokeParameterisedMethod.java:102)
	at org.junit.internal.runners.statements.FailOnTimeout$1.run(FailOnTimeout.java:28)
Caused by: ptolemy.kernel.util.IllegalActionException: Exceptions occurred during wrapup:
ptolemy.kernel.util.IllegalActionException: The fire() method of this actor was never called. Usually, this is an error indicating that starvation is occurring.
  in .SocketLong.Test
ptolemy.kernel.util.IllegalActionException: The fire() method of this actor was never called. Usually, this is an error indicating that starvation is occurring.
  in .SocketLong.Test2
ptolemy.kernel.util.IllegalActionException: The fire() method of this actor was never called. Usually, this is an error indicating that starvation is occurring.
  in .SocketLong.Test3

  in .SocketLong.DE Director
Because:
The fire() method of this actor was never called. Usually, this is an error indicating that starvation is occurring.
  in .SocketLong.Test
	at ptolemy.actor.Director.wrapup(Director.java:1736)
	at ptolemy.domains.de.kernel.DEDirector.wrapup(DEDirector.java:1526)
	at ptolemy.actor.CompositeActor.wrapup(CompositeActor.java:2735)
	at ptolemy.actor.Manager.wrapup(Manager.java:1512)
	at ptolemy.actor.Manager.execute(Manager.java:407)
	at ptolemy.actor.Manager.run(Manager.java:1263)
	at ptolemy.actor.Manager$PtolemyRunThread.run(Manager.java:1915)
Caused by: ptolemy.kernel.util.IllegalActionException: The fire() method of this actor was never called. Usually, this is an error indicating that starvation is occurring.
  in .SocketLong.Test
	at ptolemy.actor.lib.NonStrictTest.wrapup(NonStrictTest.java:393)
	at ptolemy.actor.Director.wrapup(Director.java:1722)
	... 6 more
Apr 12, 2018 1:18:36 AM io.vertx.core.impl.ContextImpl
SEVERE: Unhandled exception
java.lang.IllegalArgumentException: Invalid send data type: unsignedint
	at ptolemy.actor.lib.jjs.modules.socket.SocketHelper$SocketWrapper.<init>(SocketHelper.java:566)
	at jdk.nashorn.internal.scripts.Script$Recompilation$2080$27606AAAAAA$require.L:1#Socket(/home/travis/build/icyphy/ptII/ptolemy/actor/lib/jjs/external/require.js#401:30<eval>:630)
	at jdk.nashorn.internal.scripts.Script$Recompilation$2079$25670A$require.L:1#_socketCreated(/home/travis/build/icyphy/ptII/ptolemy/actor/lib/jjs/external/require.js#401:30<eval>:582)
	at jdk.nashorn.internal.runtime.ScriptFunctionData.invoke(ScriptFunctionData.java:639)
	at jdk.nashorn.internal.runtime.ScriptFunction.invoke(ScriptFunction.java:494)
	at jdk.nashorn.internal.runtime.ScriptRuntime.apply(ScriptRuntime.java:393)
	at jdk.nashorn.api.scripting.ScriptObjectMirror.callMember(ScriptObjectMirror.java:199)
	at ptolemy.actor.lib.jjs.modules.socket.SocketHelper.lambda$null$2(SocketHelper.java:394)
	at io.vertx.core.net.impl.NetServerImpl.lambda$connected$11(NetServerImpl.java:457)
	at io.vertx.core.impl.ContextImpl.lambda$wrapTask$2(ContextImpl.java:337)
	at io.vertx.core.impl.ContextImpl.executeFromIO(ContextImpl.java:195)
	at io.vertx.core.net.impl.NetServerImpl.connected(NetServerImpl.java:453)
	at io.vertx.core.net.impl.NetServerImpl.access$200(NetServerImpl.java:57)
	at io.vertx.core.net.impl.NetServerImpl$1.initChannel(NetServerImpl.java:209)
	at io.netty.channel.ChannelInitializer.initChannel(ChannelInitializer.java:113)
	at io.netty.channel.ChannelInitializer.handlerAdded(ChannelInitializer.java:105)
	at io.netty.channel.DefaultChannelPipeline.callHandlerAdded0(DefaultChannelPipeline.java:606)
	at io.netty.channel.DefaultChannelPipeline.access$000(DefaultChannelPipeline.java:46)
	at io.netty.channel.DefaultChannelPipeline$PendingHandlerAddedTask.execute(DefaultChannelPipeline.java:1412)
	at io.netty.channel.DefaultChannelPipeline.callHandlerAddedForAllHandlers(DefaultChannelPipeline.java:1131)
	at io.netty.channel.DefaultChannelPipeline.invokeHandlerAddedIfNeeded(DefaultChannelPipeline.java:656)
	at io.netty.channel.AbstractChannel$AbstractUnsafe.register0(AbstractChannel.java:510)
	at io.netty.channel.AbstractChannel$AbstractUnsafe.register(AbstractChannel.java:476)
	at io.netty.channel.SingleThreadEventLoop.register(SingleThreadEventLoop.java:80)
	at io.netty.channel.SingleThreadEventLoop.register(SingleThreadEventLoop.java:74)
	at io.vertx.core.net.impl.VertxEventLoopGroup.register(VertxEventLoopGroup.java:53)
	at io.netty.bootstrap.ServerBootstrap$ServerBootstrapAcceptor.channelRead(ServerBootstrap.java:255)
	at io.netty.channel.AbstractChannelHandlerContext.invokeChannelRead(AbstractChannelHandlerContext.java:362)
	at io.netty.channel.AbstractChannelHandlerContext.invokeChannelRead(AbstractChannelHandlerContext.java:348)
	at io.netty.channel.AbstractChannelHandlerContext.fireChannelRead(AbstractChannelHandlerContext.java:340)
	at io.netty.channel.DefaultChannelPipeline$HeadContext.channelRead(DefaultChannelPipeline.java:1359)
	at io.netty.channel.AbstractChannelHandlerContext.invokeChannelRead(AbstractChannelHandlerContext.java:362)
	at io.netty.channel.AbstractChannelHandlerContext.invokeChannelRead(AbstractChannelHandlerContext.java:348)
	at io.netty.channel.DefaultChannelPipeline.fireChannelRead(DefaultChannelPipeline.java:935)
	at io.netty.channel.nio.AbstractNioMessageChannel$NioMessageUnsafe.read(AbstractNioMessageChannel.java:93)
	at io.netty.channel.nio.NioEventLoop.processSelectedKey(NioEventLoop.java:645)
	at io.netty.channel.nio.NioEventLoop.processSelectedKeysOptimized(NioEventLoop.java:580)
	at io.netty.channel.nio.NioEventLoop.processSelectedKeys(NioEventLoop.java:497)
	at io.netty.channel.nio.NioEventLoop.run(NioEventLoop.java:459)
	at io.netty.util.concurrent.SingleThreadEventExecutor$5.run(SingleThreadEventExecutor.java:886)
	at io.netty.util.concurrent.FastThreadLocalRunnable.run(FastThreadLocalRunnable.java:30)
	at java.lang.Thread.run(Thread.java:748)

Apr 12, 2018 1:18:36 AM io.vertx.core.impl.ContextImpl
SEVERE: Unhandled exception
java.lang.IllegalArgumentException: Invalid send data type: unsignedint
	at ptolemy.actor.lib.jjs.modules.socket.SocketHelper$SocketWrapper.<init>(SocketHelper.java:566)
	at jdk.nashorn.internal.scripts.Script$Recompilation$2078$13304A$require.L:1#_opened(/home/travis/build/icyphy/ptII/ptolemy/actor/lib/jjs/external/require.js#401:30<eval>:296)
	at jdk.nashorn.internal.runtime.ScriptFunctionData.invoke(ScriptFunctionData.java:639)
	at jdk.nashorn.internal.runtime.ScriptFunction.invoke(ScriptFunction.java:494)
	at jdk.nashorn.internal.runtime.ScriptRuntime.apply(ScriptRuntime.java:393)
	at jdk.nashorn.api.scripting.ScriptObjectMirror.callMember(ScriptObjectMirror.java:199)
	at ptolemy.actor.lib.jjs.modules.socket.SocketHelper.lambda$null$0(SocketHelper.java:219)
	at io.vertx.core.net.impl.NetClientImpl.lambda$connect$2(NetClientImpl.java:113)
	at io.vertx.core.net.impl.NetClientImpl.lambda$null$9(NetClientImpl.java:251)
	at io.vertx.core.impl.ContextImpl.lambda$wrapTask$2(ContextImpl.java:337)
	at io.vertx.core.impl.ContextImpl.executeFromIO(ContextImpl.java:195)
	at io.vertx.core.net.impl.NetClientImpl.lambda$connected$10(NetClientImpl.java:247)
	at io.vertx.core.net.impl.VertxHandler.setConnection(VertxHandler.java:46)
	at io.vertx.core.net.impl.VertxNetHandler.handlerAdded(VertxNetHandler.java:39)
	at io.netty.channel.DefaultChannelPipeline.callHandlerAdded0(DefaultChannelPipeline.java:606)
	at io.netty.channel.DefaultChannelPipeline.addLast(DefaultChannelPipeline.java:235)
	at io.netty.channel.DefaultChannelPipeline.addLast(DefaultChannelPipeline.java:201)
	at io.vertx.core.net.impl.NetClientImpl.connected(NetClientImpl.java:257)
	at io.vertx.core.net.impl.NetClientImpl.lambda$doConnect$7(NetClientImpl.java:212)
	at io.vertx.core.net.impl.ChannelProvider.lambda$connect$0(ChannelProvider.java:52)
	at io.netty.util.concurrent.DefaultPromise.notifyListener0(DefaultPromise.java:507)
	at io.netty.util.concurrent.DefaultPromise.notifyListeners0(DefaultPromise.java:500)
	at io.netty.util.concurrent.DefaultPromise.notifyListenersNow(DefaultPromise.java:479)
	at io.netty.util.concurrent.DefaultPromise.notifyListeners(DefaultPromise.java:420)
	at io.netty.util.concurrent.DefaultPromise.trySuccess(DefaultPromise.java:104)
	at io.netty.channel.DefaultChannelPromise.trySuccess(DefaultChannelPromise.java:82)
	at io.netty.channel.nio.AbstractNioChannel$AbstractNioUnsafe.fulfillConnectPromise(AbstractNioChannel.java:306)
	at io.netty.channel.nio.AbstractNioChannel$AbstractNioUnsafe.finishConnect(AbstractNioChannel.java:341)
	at io.netty.channel.nio.NioEventLoop.processSelectedKey(NioEventLoop.java:633)
	at io.netty.channel.nio.NioEventLoop.processSelectedKeysOptimized(NioEventLoop.java:580)
	at io.netty.channel.nio.NioEventLoop.processSelectedKeys(NioEventLoop.java:497)
	at io.netty.channel.nio.NioEventLoop.run(NioEventLoop.java:459)
	at io.netty.util.concurrent.SingleThreadEventExecutor$5.run(SingleThreadEventExecutor.java:886)
	at io.netty.util.concurrent.FastThreadLocalRunnable.run(FastThreadLocalRunnable.java:30)
	at java.lang.Thread.run(Thread.java:748)

Apr 12, 2018 1:18:37 AM io.vertx.core.impl.ContextImpl
SEVERE: Unhandled exception
java.lang.IllegalArgumentException: Invalid send data type: unsignedint
	at ptolemy.actor.lib.jjs.modules.socket.SocketHelper$SocketWrapper.<init>(SocketHelper.java:566)
	at jdk.nashorn.internal.scripts.Script$Recompilation$2080$27606AAAAAA$require.L:1#Socket(/home/travis/build/icyphy/ptII/ptolemy/actor/lib/jjs/external/require.js#401:30<eval>:630)
	at jdk.nashorn.internal.scripts.Script$Recompilation$2079$25670A$require.L:1#_socketCreated(/home/travis/build/icyphy/ptII/ptolemy/actor/lib/jjs/external/require.js#401:30<eval>:582)
	at jdk.nashorn.internal.runtime.ScriptFunctionData.invoke(ScriptFunctionData.java:639)
	at jdk.nashorn.internal.runtime.ScriptFunction.invoke(ScriptFunction.java:494)
	at jdk.nashorn.internal.runtime.ScriptRuntime.apply(ScriptRuntime.java:393)
	at jdk.nashorn.api.scripting.ScriptObjectMirror.callMember(ScriptObjectMirror.java:199)
	at ptolemy.actor.lib.jjs.modules.socket.SocketHelper.lambda$null$2(SocketHelper.java:394)
	at io.vertx.core.net.impl.NetServerImpl.lambda$connected$11(NetServerImpl.java:457)
	at io.vertx.core.impl.ContextImpl.lambda$wrapTask$2(ContextImpl.java:337)
	at io.vertx.core.impl.ContextImpl.executeFromIO(ContextImpl.java:195)
	at io.vertx.core.net.impl.NetServerImpl.connected(NetServerImpl.java:453)
	at io.vertx.core.net.impl.NetServerImpl.access$200(NetServerImpl.java:57)
	at io.vertx.core.net.impl.NetServerImpl$1.initChannel(NetServerImpl.java:209)
	at io.netty.channel.ChannelInitializer.initChannel(ChannelInitializer.java:113)
	at io.netty.channel.ChannelInitializer.handlerAdded(ChannelInitializer.java:105)
	at io.netty.channel.DefaultChannelPipeline.callHandlerAdded0(DefaultChannelPipeline.java:606)
	at io.netty.channel.DefaultChannelPipeline.access$000(DefaultChannelPipeline.java:46)
	at io.netty.channel.DefaultChannelPipeline$PendingHandlerAddedTask.execute(DefaultChannelPipeline.java:1412)
	at io.netty.channel.DefaultChannelPipeline.callHandlerAddedForAllHandlers(DefaultChannelPipeline.java:1131)
	at io.netty.channel.DefaultChannelPipeline.invokeHandlerAddedIfNeeded(DefaultChannelPipeline.java:656)
	at io.netty.channel.AbstractChannel$AbstractUnsafe.register0(AbstractChannel.java:510)
	at io.netty.channel.AbstractChannel$AbstractUnsafe.register(AbstractChannel.java:476)
	at io.netty.channel.SingleThreadEventLoop.register(SingleThreadEventLoop.java:80)
	at io.netty.channel.SingleThreadEventLoop.register(SingleThreadEventLoop.java:74)
	at io.vertx.core.net.impl.VertxEventLoopGroup.register(VertxEventLoopGroup.java:53)
	at io.netty.bootstrap.ServerBootstrap$ServerBootstrapAcceptor.channelRead(ServerBootstrap.java:255)
	at io.netty.channel.AbstractChannelHandlerContext.invokeChannelRead(AbstractChannelHandlerContext.java:362)
	at io.netty.channel.AbstractChannelHandlerContext.invokeChannelRead(AbstractChannelHandlerContext.java:348)
	at io.netty.channel.AbstractChannelHandlerContext.fireChannelRead(AbstractChannelHandlerContext.java:340)
	at io.netty.channel.DefaultChannelPipeline$HeadContext.channelRead(DefaultChannelPipeline.java:1359)
	at io.netty.channel.AbstractChannelHandlerContext.invokeChannelRead(AbstractChannelHandlerContext.java:362)
	at io.netty.channel.AbstractChannelHandlerContext.invokeChannelRead(AbstractChannelHandlerContext.java:348)
	at io.netty.channel.DefaultChannelPipeline.fireChannelRead(DefaultChannelPipeline.java:935)
	at io.netty.channel.nio.AbstractNioMessageChannel$NioMessageUnsafe.read(AbstractNioMessageChannel.java:93)
	at io.netty.channel.nio.NioEventLoop.processSelectedKey(NioEventLoop.java:645)
	at io.netty.channel.nio.NioEventLoop.processSelectedKeysOptimized(NioEventLoop.java:580)
	at io.netty.channel.nio.NioEventLoop.processSelectedKeys(NioEventLoop.java:497)
	at io.netty.channel.nio.NioEventLoop.run(NioEventLoop.java:459)
	at io.netty.util.concurrent.SingleThreadEventExecutor$5.run(SingleThreadEventExecutor.java:886)
	at io.netty.util.concurrent.FastThreadLocalRunnable.run(FastThreadLocalRunnable.java:30)
	at java.lang.Thread.run(Thread.java:748)

Apr 12, 2018 1:18:37 AM io.vertx.core.impl.ContextImpl
SEVERE: Unhandled exception
java.lang.IllegalArgumentException: Invalid send data type: unsignedint
	at ptolemy.actor.lib.jjs.modules.socket.SocketHelper$SocketWrapper.<init>(SocketHelper.java:566)
	at jdk.nashorn.internal.scripts.Script$Recompilation$2170$13304A$require.L:1#_opened(/home/travis/build/icyphy/ptII/ptolemy/actor/lib/jjs/external/require.js#401:30<eval>:296)
	at jdk.nashorn.internal.runtime.ScriptFunctionData.invoke(ScriptFunctionData.java:639)
	at jdk.nashorn.internal.runtime.ScriptFunction.invoke(ScriptFunction.java:494)
	at jdk.nashorn.internal.runtime.ScriptRuntime.apply(ScriptRuntime.java:393)
	at jdk.nashorn.api.scripting.ScriptObjectMirror.callMember(ScriptObjectMirror.java:199)
	at ptolemy.actor.lib.jjs.modules.socket.SocketHelper.lambda$null$0(SocketHelper.java:219)
	at io.vertx.core.net.impl.NetClientImpl.lambda$connect$2(NetClientImpl.java:113)
	at io.vertx.core.net.impl.NetClientImpl.lambda$null$9(NetClientImpl.java:251)
	at io.vertx.core.impl.ContextImpl.lambda$wrapTask$2(ContextImpl.java:337)
	at io.vertx.core.impl.ContextImpl.executeFromIO(ContextImpl.java:195)
	at io.vertx.core.net.impl.NetClientImpl.lambda$connected$10(NetClientImpl.java:247)
	at io.vertx.core.net.impl.VertxHandler.setConnection(VertxHandler.java:46)
	at io.vertx.core.net.impl.VertxNetHandler.handlerAdded(VertxNetHandler.java:39)
	at io.netty.channel.DefaultChannelPipeline.callHandlerAdded0(DefaultChannelPipeline.java:606)
	at io.netty.channel.DefaultChannelPipeline.addLast(DefaultChannelPipeline.java:235)
	at io.netty.channel.DefaultChannelPipeline.addLast(DefaultChannelPipeline.java:201)
	at io.vertx.core.net.impl.NetClientImpl.connected(NetClientImpl.java:257)
	at io.vertx.core.net.impl.NetClientImpl.lambda$doConnect$7(NetClientImpl.java:212)
	at io.vertx.core.net.impl.ChannelProvider.lambda$connect$0(ChannelProvider.java:52)
	at io.netty.util.concurrent.DefaultPromise.notifyListener0(DefaultPromise.java:507)
	at io.netty.util.concurrent.DefaultPromise.notifyListeners0(DefaultPromise.java:500)
	at io.netty.util.concurrent.DefaultPromise.notifyListenersNow(DefaultPromise.java:479)
	at io.netty.util.concurrent.DefaultPromise.notifyListeners(DefaultPromise.java:420)
	at io.netty.util.concurrent.DefaultPromise.trySuccess(DefaultPromise.java:104)
	at io.netty.channel.DefaultChannelPromise.trySuccess(DefaultChannelPromise.java:82)
	at io.netty.channel.nio.AbstractNioChannel$AbstractNioUnsafe.fulfillConnectPromise(AbstractNioChannel.java:306)
	at io.netty.channel.nio.AbstractNioChannel$AbstractNioUnsafe.finishConnect(AbstractNioChannel.java:341)
	at io.netty.channel.nio.NioEventLoop.processSelectedKey(NioEventLoop.java:633)
	at io.netty.channel.nio.NioEventLoop.processSelectedKeysOptimized(NioEventLoop.java:580)
	at io.netty.channel.nio.NioEventLoop.processSelectedKeys(NioEventLoop.java:497)
	at io.netty.channel.nio.NioEventLoop.run(NioEventLoop.java:459)
	at io.netty.util.concurrent.SingleThreadEventExecutor$5.run(SingleThreadEventExecutor.java:886)
	at io.netty.util.concurrent.FastThreadLocalRunnable.run(FastThreadLocalRunnable.java:30)
	at java.lang.Thread.run(Thread.java:748)

java.lang.RuntimeException: Execution failed
	at ptolemy.moml.MoMLSimpleApplication$UnloadThread.run(MoMLSimpleApplication.java:402)
Caused by: ptolemy.kernel.util.IllegalActionException: Exceptions occurred during wrapup:
ptolemy.kernel.util.IllegalActionException: The fire() method of this actor was never called. Usually, this is an error indicating that starvation is occurring.
  in .SocketUnsignedInt.Test
ptolemy.kernel.util.IllegalActionException: The fire() method of this actor was never called. Usually, this is an error indicating that starvation is occurring.
  in .SocketUnsignedInt.Test2
ptolemy.kernel.util.IllegalActionException: The fire() method of this actor was never called. Usually, this is an error indicating that starvation is occurring.
  in .SocketUnsignedInt.Test3

  in .SocketUnsignedInt.DE Director
Because:
The fire() method of this actor was never called. Usually, this is an error indicating that starvation is occurring.
  in .SocketUnsignedInt.Test
	at ptolemy.actor.Director.wrapup(Director.java:1736)
	at ptolemy.domains.de.kernel.DEDirector.wrapup(DEDirector.java:1526)
	at ptolemy.actor.CompositeActor.wrapup(CompositeActor.java:2735)
	at ptolemy.actor.Manager.wrapup(Manager.java:1512)
	at ptolemy.actor.Manager.execute(Manager.java:407)
	at ptolemy.actor.Manager.run(Manager.java:1263)
	at ptolemy.actor.Manager$PtolemyRunThread.run(Manager.java:1915)
Caused by: ptolemy.kernel.util.IllegalActionException: The fire() method of this actor was never called. Usually, this is an error indicating that starvation is occurring.
  in .SocketUnsignedInt.Test
	at ptolemy.actor.lib.NonStrictTest.wrapup(NonStrictTest.java:393)
	at ptolemy.actor.Director.wrapup(Director.java:1722)
	... 6 more
java.lang.reflect.InvocationTargetException
	at sun.reflect.NativeConstructorAccessorImpl.newInstance0(Native Method)
	at sun.reflect.NativeConstructorAccessorImpl.newInstance(NativeConstructorAccessorImpl.java:62)
	at sun.reflect.DelegatingConstructorAccessorImpl.newInstance(DelegatingConstructorAccessorImpl.java:45)
	at java.lang.reflect.Constructor.newInstance(Constructor.java:423)
	at ptolemy.util.test.junit.AutoKnownFailedTests.RunModel(AutoKnownFailedTests.java:107)
	at sun.reflect.NativeMethodAccessorImpl.invoke0(Native Method)
	at sun.reflect.NativeMethodAccessorImpl.invoke(NativeMethodAccessorImpl.java:62)
	at sun.reflect.DelegatingMethodAccessorImpl.invoke(DelegatingMethodAccessorImpl.java:43)
	at java.lang.reflect.Method.invoke(Method.java:498)
	at org.junit.runners.model.FrameworkMethod$1.runReflectiveCall(FrameworkMethod.java:44)
	at org.junit.internal.runners.model.ReflectiveCallable.run(ReflectiveCallable.java:15)
	at org.junit.runners.model.FrameworkMethod.invokeExplosively(FrameworkMethod.java:41)
	at junitparams.internal.InvokeParameterisedMethod.evaluate(InvokeParameterisedMethod.java:102)
	at org.junit.internal.runners.statements.FailOnTimeout$1.run(FailOnTimeout.java:28)
Caused by: ptolemy.kernel.util.IllegalActionException: Exceptions occurred during wrapup:
ptolemy.kernel.util.IllegalActionException: The fire() method of this actor was never called. Usually, this is an error indicating that starvation is occurring.
  in .SocketUnsignedInt.Test
ptolemy.kernel.util.IllegalActionException: The fire() method of this actor was never called. Usually, this is an error indicating that starvation is occurring.
  in .SocketUnsignedInt.Test2
ptolemy.kernel.util.IllegalActionException: The fire() method of this actor was never called. Usually, this is an error indicating that starvation is occurring.
  in .SocketUnsignedInt.Test3

  in .SocketUnsignedInt.DE Director
Because:
[...]
	at ptolemy.actor.Manager.wrapup(Manager.java:1512)
	at ptolemy.actor.Manager.execute(Manager.java:407)
	at ptolemy.actor.Manager.run(Manager.java:1263)
	at ptolemy.actor.Manager$PtolemyRunThread.run(Manager.java:1915)
Caused by: ptolemy.kernel.util.IllegalActionException: The fire() method of this actor was never called. Usually, this is an error indicating that starvation is occurring.
  in .Message4.Test
	at ptolemy.actor.lib.NonStrictTest.wrapup(NonStrictTest.java:393)
	at ptolemy.actor.Director.wrapup(Director.java:1722)
	... 6 more
java.lang.RuntimeException: Execution failed
	at ptolemy.moml.MoMLSimpleApplication$UnloadThread.run(MoMLSimpleApplication.java:402)
Caused by: ptolemy.kernel.util.IllegalActionException: Test fails in iteration 0.
Value was: "Failed to connect: \nConnection refused: localhost/127.0.0.1:4001\nConnection refused: ptolemy.kernel.util.IllegalActionException: Failed to connect: \nConnection refused: localhost/127.0.0.1:4001\nConnection refused\n  in .Socket1.JavaScript\nBecause:\nConnection refused: localhost/127.0.0.1:4001". Should have been: "Failed to connect: \nConnection refused: localhost/127.0.0.1:4001: ptolemy.kernel.util.IllegalActionException: Failed to connect: \nConnection refused: localhost/127.0.0.1:4001\n  in .Socket1.JavaScript\nBecause:\nConnection refused: localhost/127.0.0.1:4001"
  in .Socket1.Test
	at ptolemy.actor.lib.Test.fire(Test.java:268)
	at ptolemy.domains.de.kernel.DEDirector._fire(DEDirector.java:1948)
	at ptolemy.domains.de.kernel.DEDirector.fire(DEDirector.java:502)
	at ptolemy.actor.CompositeActor.fire(CompositeActor.java:455)
	at ptolemy.actor.Manager.iterate(Manager.java:851)
	at ptolemy.actor.Manager.execute(Manager.java:369)
	at ptolemy.actor.Manager.run(Manager.java:1263)
	at ptolemy.actor.Manager$PtolemyRunThread.run(Manager.java:1915)
java.lang.RuntimeException: Execution failed
	at ptolemy.moml.MoMLSimpleApplication$UnloadThread.run(MoMLSimpleApplication.java:402)
Caused by: ptolemy.kernel.util.IllegalActionException: Exceptions occurred during wrapup:
ptolemy.kernel.util.IllegalActionException: The fire() method of this actor was never called. Usually, this is an error indicating that starvation is occurring.
  in .Socket2.Test
ptolemy.kernel.util.IllegalActionException: The fire() method of this actor was never called. Usually, this is an error indicating that starvation is occurring.
  in .Socket2.Test2
ptolemy.kernel.util.IllegalActionException: The fire() method of this actor was never called. Usually, this is an error indicating that starvation is occurring.
  in .Socket2.Test3

  in .Socket2.DE Director
Because:
The fire() method of this actor was never called. Usually, this is an error indicating that starvation is occurring.
  in .Socket2.Test
	at ptolemy.actor.Director.wrapup(Director.java:1736)
	at ptolemy.domains.de.kernel.DEDirector.wrapup(DEDirector.java:1526)
	at ptolemy.actor.CompositeActor.wrapup(CompositeActor.java:2735)
	at ptolemy.actor.Manager.wrapup(Manager.java:1512)
	at ptolemy.actor.Manager.execute(Manager.java:407)
	at ptolemy.actor.Manager.run(Manager.java:1263)
	at ptolemy.actor.Manager$PtolemyRunThread.run(Manager.java:1915)
Caused by: ptolemy.kernel.util.IllegalActionException: The fire() method of this actor was never called. Usually, this is an error indicating that starvation is occurring.
  in .Socket2.Test
	at ptolemy.actor.lib.NonStrictTest.wrapup(NonStrictTest.java:393)
	at ptolemy.actor.Director.wrapup(Director.java:1722)
	... 6 more
java.lang.RuntimeException: Execution failed
	at ptolemy.moml.MoMLSimpleApplication$UnloadThread.run(MoMLSimpleApplication.java:402)
Caused by: ptolemy.kernel.util.IllegalActionException: Exceptions occurred during wrapup:
ptolemy.kernel.util.IllegalActionException: The fire() method of this actor was never called. Usually, this is an error indicating that starvation is occurring.
  in .SocketByte.Test
ptolemy.kernel.util.IllegalActionException: The fire() method of this actor was never called. Usually, this is an error indicating that starvation is occurring.
  in .SocketByte.Test2
ptolemy.kernel.util.IllegalActionException: The fire() method of this actor was never called. Usually, this is an error indicating that starvation is occurring.
  in .SocketByte.Test3

  in .SocketByte.DE Director
Because:
The fire() method of this actor was never called. Usually, this is an error indicating that starvation is occurring.
  in .SocketByte.Test
	at ptolemy.actor.Director.wrapup(Director.java:1736)
	at ptolemy.domains.de.kernel.DEDirector.wrapup(DEDirector.java:1526)
	at ptolemy.actor.CompositeActor.wrapup(CompositeActor.java:2735)
	at ptolemy.actor.Manager.wrapup(Manager.java:1512)
	at ptolemy.actor.Manager.execute(Manager.java:407)
	at ptolemy.actor.Manager.run(Manager.java:1263)
	at ptolemy.actor.Manager$PtolemyRunThread.run(Manager.java:1915)
Caused by: ptolemy.kernel.util.IllegalActionException: The fire() method of this actor was never called. Usually, this is an error indicating that starvation is occurring.
  in .SocketByte.Test
	at ptolemy.actor.lib.NonStrictTest.wrapup(NonStrictTest.java:393)
	at ptolemy.actor.Director.wrapup(Director.java:1722)
	... 6 more
java.lang.RuntimeException: Execution failed
	at ptolemy.moml.MoMLSimpleApplication$UnloadThread.run(MoMLSimpleApplication.java:402)
Caused by: ptolemy.kernel.util.IllegalActionException: Exceptions occurred during wrapup:
ptolemy.kernel.util.IllegalActionException: The fire() method of this actor was never called. Usually, this is an error indicating that starvation is occurring.
  in .SocketDouble.Test
ptolemy.kernel.util.IllegalActionException: The fire() method of this actor was never called. Usually, this is an error indicating that starvation is occurring.
  in .SocketDouble.Test2
ptolemy.kernel.util.IllegalActionException: The fire() method of this actor was never called. Usually, this is an error indicating that starvation is occurring.
  in .SocketDouble.Test3

  in .SocketDouble.DE Director
Because:
The fire() method of this actor was never called. Usually, this is an error indicating that starvation is occurring.
  in .SocketDouble.Test
	at ptolemy.actor.Director.wrapup(Director.java:1736)
	at ptolemy.domains.de.kernel.DEDirector.wrapup(DEDirector.java:1526)
	at ptolemy.actor.CompositeActor.wrapup(CompositeActor.java:2735)
	at ptolemy.actor.Manager.wrapup(Manager.java:1512)
	at ptolemy.actor.Manager.execute(Manager.java:407)
	at ptolemy.actor.Manager.run(Manager.java:1263)
	at ptolemy.actor.Manager$PtolemyRunThread.run(Manager.java:1915)
Caused by: ptolemy.kernel.util.IllegalActionException: The fire() method of this actor was never called. Usually, this is an error indicating that starvation is occurring.
  in .SocketDouble.Test
	at ptolemy.actor.lib.NonStrictTest.wrapup(NonStrictTest.java:393)
	at ptolemy.actor.Director.wrapup(Director.java:1722)
	... 6 more
java.lang.RuntimeException: Execution failed
	at ptolemy.moml.MoMLSimpleApplication$UnloadThread.run(MoMLSimpleApplication.java:402)
Caused by: ptolemy.kernel.util.IllegalActionException: Exceptions occurred during wrapup:
ptolemy.kernel.util.IllegalActionException: The fire() method of this actor was never called. Usually, this is an error indicating that starvation is occurring.
  in .SocketDoubleArrayBatched.Test
ptolemy.kernel.util.IllegalActionException: The fire() method of this actor was never called. Usually, this is an error indicating that starvation is occurring.
  in .SocketDoubleArrayBatched.Test2
ptolemy.kernel.util.IllegalActionException: The fire() method of this actor was never called. Usually, this is an error indicating that starvation is occurring.
  in .SocketDoubleArrayBatched.Test3

  in .SocketDoubleArrayBatched.DE Director
Because:
The fire() method of this actor was never called. Usually, this is an error indicating that starvation is occurring.
  in .SocketDoubleArrayBatched.Test
	at ptolemy.actor.Director.wrapup(Director.java:1736)
	at ptolemy.domains.de.kernel.DEDirector.wrapup(DEDirector.java:1526)
	at ptolemy.actor.CompositeActor.wrapup(CompositeActor.java:2735)
	at ptolemy.actor.Manager.wrapup(Manager.java:1512)
	at ptolemy.actor.Manager.execute(Manager.java:407)
	at ptolemy.actor.Manager.run(Manager.java:1263)
	at ptolemy.actor.Manager$PtolemyRunThread.run(Manager.java:1915)
Caused by: ptolemy.kernel.util.IllegalActionException: The fire() method of this actor was never called. Usually, this is an error indicating that starvation is occurring.
  in .SocketDoubleArrayBatched.Test
	at ptolemy.actor.lib.NonStrictTest.wrapup(NonStrictTest.java:393)
	at ptolemy.actor.Director.wrapup(Director.java:1722)
	... 6 more
java.lang.RuntimeException: Execution failed
	at ptolemy.moml.MoMLSimpleApplication$UnloadThread.run(MoMLSimpleApplication.java:402)
Caused by: ptolemy.kernel.util.IllegalActionException: Exceptions occurred during wrapup:
ptolemy.kernel.util.IllegalActionException: The fire() method of this actor was never called. Usually, this is an error indicating that starvation is occurring.
  in .SocketFloat.Test
ptolemy.kernel.util.IllegalActionException: The fire() method of this actor was never called. Usually, this is an error indicating that starvation is occurring.
  in .SocketFloat.Test2
ptolemy.kernel.util.IllegalActionException: The fire() method of this actor was never called. Usually, this is an error indicating that starvation is occurring.
  in .SocketFloat.Test3

  in .SocketFloat.DE Director
Because:
The fire() method of this actor was never called. Usually, this is an error indicating that starvation is occurring.
  in .SocketFloat.Test
	at ptolemy.actor.Director.wrapup(Director.java:1736)
	at ptolemy.domains.de.kernel.DEDirector.wrapup(DEDirector.java:1526)
	at ptolemy.actor.CompositeActor.wrapup(CompositeActor.java:2735)
	at ptolemy.actor.Manager.wrapup(Manager.java:1512)
	at ptolemy.actor.Manager.execute(Manager.java:407)
	at ptolemy.actor.Manager.run(Manager.java:1263)
	at ptolemy.actor.Manager$PtolemyRunThread.run(Manager.java:1915)
Caused by: ptolemy.kernel.util.IllegalActionException: The fire() method of this actor was never called. Usually, this is an error indicating that starvation is occurring.
  in .SocketFloat.Test
	at ptolemy.actor.lib.NonStrictTest.wrapup(NonStrictTest.java:393)
	at ptolemy.actor.Director.wrapup(Director.java:1722)
	... 6 more
[Thread-48] INFO com.github.sarxos.webcam.Webcam - WebcamDefaultDriver capture driver will be used
[atomic-processor-1] INFO com.github.sarxos.webcam.ds.cgt.WebcamOpenTask - Opening webcam Dummy Webcam 0
[atomic-processor-1] INFO com.github.sarxos.webcam.ds.cgt.WebcamCloseTask - Closing Dummy Webcam 0
[atomic-processor-1] INFO com.github.sarxos.webcam.ds.cgt.WebcamOpenTask - Opening webcam Dummy Webcam 0
[atomic-processor-1] INFO com.github.sarxos.webcam.ds.cgt.WebcamCloseTask - Closing Dummy Webcam 0
[atomic-processor-1] INFO com.github.sarxos.webcam.ds.cgt.WebcamOpenTask - Opening webcam Dummy Webcam 0
[atomic-processor-1] INFO com.github.sarxos.webcam.ds.cgt.WebcamCloseTask - Closing Dummy Webcam 0
[atomic-processor-1] INFO com.github.sarxos.webcam.ds.cgt.WebcamOpenTask - Opening webcam Dummy Webcam 0
[atomic-processor-1] INFO com.github.sarxos.webcam.ds.cgt.WebcamCloseTask - Closing Dummy Webcam 0
[atomic-processor-1] INFO com.github.sarxos.webcam.ds.cgt.WebcamOpenTask - Opening webcam Dummy Webcam 0
[atomic-processor-1] INFO com.github.sarxos.webcam.ds.cgt.WebcamCloseTask - Closing Dummy Webcam 0
[atomic-processor-1] INFO com.github.sarxos.webcam.ds.cgt.WebcamOpenTask - Opening webcam Dummy Webcam 0
[atomic-processor-1] INFO com.github.sarxos.webcam.ds.cgt.WebcamCloseTask - Closing Dummy Webcam 0
java.lang.RuntimeException: Execution failed
	at ptolemy.moml.MoMLSimpleApplication$UnloadThread.run(MoMLSimpleApplication.java:402)
Caused by: ptolemy.kernel.util.IllegalActionException: Exceptions occurred during wrapup:
ptolemy.kernel.util.IllegalActionException: The fire() method of this actor was never called. Usually, this is an error indicating that starvation is occurring.
  in .SocketTypicalUsage.Test

  in .SocketTypicalUsage.DE Director
Because:
The fire() method of this actor was never called. Usually, this is an error indicating that starvation is occurring.
  in .SocketTypicalUsage.Test
	at ptolemy.actor.Director.wrapup(Director.java:1736)
	at ptolemy.domains.de.kernel.DEDirector.wrapup(DEDirector.java:1526)
	at ptolemy.actor.CompositeActor.wrapup(CompositeActor.java:2735)
	at ptolemy.actor.Manager.wrapup(Manager.java:1512)
	at ptolemy.actor.Manager.execute(Manager.java:407)
	at ptolemy.actor.Manager.run(Manager.java:1263)
	at ptolemy.actor.Manager$PtolemyRunThread.run(Manager.java:1915)
Caused by: ptolemy.kernel.util.IllegalActionException: The fire() method of this actor was never called. Usually, this is an error indicating that starvation is occurring.
  in .SocketTypicalUsage.Test
	at ptolemy.actor.lib.NonStrictTest.wrapup(NonStrictTest.java:393)
	at ptolemy.actor.Director.wrapup(Director.java:1722)
	... 6 more
java.lang.RuntimeException: Execution failed
	at ptolemy.moml.MoMLSimpleApplication$UnloadThread.run(MoMLSimpleApplication.java:402)
Caused by: ptolemy.kernel.util.IllegalActionException: Exceptions occurred during wrapup:
ptolemy.kernel.util.IllegalActionException: The fire() method of this actor was never called. Usually, this is an error indicating that starvation is occurring.
  in .SocketUnsignedByte.Test
ptolemy.kernel.util.IllegalActionException: The fire() method of this actor was never called. Usually, this is an error indicating that starvation is occurring.
  in .SocketUnsignedByte.Test2
ptolemy.kernel.util.IllegalActionException: The fire() method of this actor was never called. Usually, this is an error indicating that starvation is occurring.
  in .SocketUnsignedByte.Test3

  in .SocketUnsignedByte.DE Director
Because:
The fire() method of this actor was never called. Usually, this is an error indicating that starvation is occurring.
  in .SocketUnsignedByte.Test
	at ptolemy.actor.Director.wrapup(Director.java:1736)
	at ptolemy.domains.de.kernel.DEDirector.wrapup(DEDirector.java:1526)
	at ptolemy.actor.CompositeActor.wrapup(CompositeActor.java:2735)
	at ptolemy.actor.Manager.wrapup(Manager.java:1512)
	at ptolemy.actor.Manager.execute(Manager.java:407)
	at ptolemy.actor.Manager.run(Manager.java:1263)
	at ptolemy.actor.Manager$PtolemyRunThread.run(Manager.java:1915)
Caused by: ptolemy.kernel.util.IllegalActionException: The fire() method of this actor was never called. Usually, this is an error indicating that starvation is occurring.
  in .SocketUnsignedByte.Test
	at ptolemy.actor.lib.NonStrictTest.wrapup(NonStrictTest.java:393)
	at ptolemy.actor.Director.wrapup(Director.java:1722)
	... 6 more
java.lang.RuntimeException: Execution failed
	at ptolemy.moml.MoMLSimpleApplication$UnloadThread.run(MoMLSimpleApplication.java:402)
Caused by: ptolemy.kernel.util.IllegalActionException: Exceptions occurred during wrapup:
ptolemy.kernel.util.IllegalActionException: Failure executing the wrapup function: Error: TrainableTest: The input handler of this accessor was never invoked. Usually, this is an error indicating that starvation is occurring. in <function> at line number 393 at column number 16
  in .TCPSocketSecureServerClient.TrainableTest
Because:
Error: TrainableTest: The input handler of this accessor was never invoked. Usually, this is an error indicating that starvation is occurring. in <function> at line number 393 at column number 16
ptolemy.kernel.util.IllegalActionException: Failure executing the wrapup function: Error: TrainableTest2: The input handler of this accessor was never invoked. Usually, this is an error indicating that starvation is occurring. in <function> at line number 393 at column number 16
  in .TCPSocketSecureServerClient.TrainableTest2
Because:
Error: TrainableTest2: The input handler of this accessor was never invoked. Usually, this is an error indicating that starvation is occurring. in <function> at line number 393 at column number 16

  in .TCPSocketSecureServerClient.DE Director
Because:
Failure executing the wrapup function: Error: TrainableTest: The input handler of this accessor was never invoked. Usually, this is an error indicating that starvation is occurring. in <function> at line number 393 at column number 16
  in .TCPSocketSecureServerClient.TrainableTest
Because:
Error: TrainableTest: The input handler of this accessor was never invoked. Usually, this is an error indicating that starvation is occurring. in <function> at line number 393 at column number 16
	at ptolemy.actor.Director.wrapup(Director.java:1736)
	at ptolemy.domains.de.kernel.DEDirector.wrapup(DEDirector.java:1526)
	at ptolemy.actor.CompositeActor.wrapup(CompositeActor.java:2735)
	at ptolemy.actor.Manager.wrapup(Manager.java:1512)
	at ptolemy.actor.Manager.execute(Manager.java:407)
	at ptolemy.actor.Manager.run(Manager.java:1263)
	at ptolemy.actor.Manager$PtolemyRunThread.run(Manager.java:1915)
Caused by: ptolemy.kernel.util.IllegalActionException: Failure executing the wrapup function: Error: TrainableTest: The input handler of this accessor was never invoked. Usually, this is an error indicating that starvation is occurring. in <function> at line number 393 at column number 16
  in .TCPSocketSecureServerClient.TrainableTest
Because:
Error: TrainableTest: The input handler of this accessor was never invoked. Usually, this is an error indicating that starvation is occurring. in <function> at line number 393 at column number 16
	at ptolemy.actor.lib.jjs.JavaScript._invokeMethodInContext(JavaScript.java:2216)
	at ptolemy.actor.lib.jjs.JavaScript.wrapup(JavaScript.java:2111)
	at ptolemy.actor.Director.wrapup(Director.java:1722)
	... 6 more
Caused by: javax.script.ScriptException: Error: TrainableTest: The input handler of this accessor was never invoked. Usually, this is an error indicating that starvation is occurring. in <function> at line number 393 at column number 16
	at jdk.nashorn.api.scripting.NashornScriptEngine.throwAsScriptException(NashornScriptEngine.java:470)
	at jdk.nashorn.api.scripting.NashornScriptEngine.invokeImpl(NashornScriptEngine.java:392)
	at jdk.nashorn.api.scripting.NashornScriptEngine.invokeMethod(NashornScriptEngine.java:199)
	at ptolemy.actor.lib.jjs.JavaScript._invokeMethodInContext(JavaScript.java:2193)
	... 8 more
Caused by: <function>:393:16 Error: TrainableTest: The input handler of this accessor was never invoked. Usually, this is an error indicating that starvation is occurring.
	at jdk.nashorn.internal.objects.NativeError.initException(NativeError.java:137)
	at jdk.nashorn.internal.objects.NativeError.<init>(NativeError.java:102)
	at jdk.nashorn.internal.objects.NativeError.<init>(NativeError.java:106)
	at jdk.nashorn.internal.objects.NativeError.<init>(NativeError.java:110)
	at jdk.nashorn.internal.objects.NativeError.constructor(NativeError.java:129)
	at jdk.nashorn.internal.scripts.Script$Recompilation$29801$18508$\^function\_.L:1#wrapup(<function>:393)
	at jdk.nashorn.internal.scripts.Script$Recompilation$29799$30328$require.L:1#Accessor#wrapup(/home/travis/build/icyphy/ptII/ptolemy/actor/lib/jjs/external/require.js#401:30<eval>:673)
	at jdk.nashorn.internal.runtime.ScriptFunctionData.invoke(ScriptFunctionData.java:637)
	at jdk.nashorn.internal.runtime.ScriptFunction.invoke(ScriptFunction.java:494)
	at jdk.nashorn.internal.runtime.ScriptRuntime.apply(ScriptRuntime.java:393)
	at jdk.nashorn.api.scripting.ScriptObjectMirror.callMember(ScriptObjectMirror.java:199)
	at jdk.nashorn.api.scripting.NashornScriptEngine.invokeImpl(NashornScriptEngine.java:386)
	... 10 more
WARNING: JavaScriptDiscreteClock: Model stopped before executing actions (e.g. producing outputs) scheduled for execution at times [6.102, 5.102]
WARNING: JavaScriptDiscreteClock: Model stopped before executing actions (e.g. producing outputs) scheduled for execution at times [5.113, 6.113]
]]></system-err>
</testsuite>
