# JRE version: Java(TM) SE Runtime Environment (8.0_65-b17) (build 1.8.0_65-b17)
# Java VM: Java HotSpot(TM) 64-Bit Server VM (25.65-b01 mixed mode bsd-amd64 compressed oops)
Heap:
 PSYoungGen      total 76288K, used 23067K [0x00000007aab00000, 0x00000007b1980000, 0x00000007c0000000)
  eden space 65536K, 18% used [0x00000007aab00000,0x00000007ab70ba28,0x00000007aeb00000)
  from space 10752K, 99% used [0x00000007af580000,0x00000007afffb548,0x00000007b0000000)
  to   space 10752K, 0% used [0x00000007aeb00000,0x00000007aeb00000,0x00000007af580000)
 ParOldGen       total 107520K, used 9653K [0x0000000780000000, 0x0000000786900000, 0x00000007aab00000)
  object space 107520K, 8% used [0x0000000780000000,0x000000078096d408,0x0000000786900000)
 Metaspace       used 29814K, capacity 30178K, committed 30464K, reserved 1075200K
  class space    used 4151K, capacity 4264K, committed 4352K, reserved 1048576K
GC Heap History (10 events):
Event: 1.017 GC heap before
{Heap before GC invocations=1 (full 0):
 PSYoungGen      total 76288K, used 65536K [0x00000007aab00000, 0x00000007b0000000, 0x00000007c0000000)
  eden space 65536K, 100% used [0x00000007aab00000,0x00000007aeb00000,0x00000007aeb00000)
  from space 10752K, 0% used [0x00000007af580000,0x00000007af580000,0x00000007b0000000)
  to   space 10752K, 0% used [0x00000007aeb00000,0x00000007aeb00000,0x00000007af580000)
 ParOldGen       total 175104K, used 0K [0x0000000780000000, 0x000000078ab00000, 0x00000007aab00000)
  object space 175104K, 0% used [0x0000000780000000,0x0000000780000000,0x000000078ab00000)
 Metaspace       used 12599K, capacity 12818K, committed 12928K, reserved 1060864K
  class space    used 1541K, capacity 1633K, committed 1664K, reserved 1048576K
Event: 1.025 GC heap after
Heap after GC invocations=1 (full 0):
 PSYoungGen      total 76288K, used 3573K [0x00000007aab00000, 0x00000007b0000000, 0x00000007c0000000)
  eden space 65536K, 0% used [0x00000007aab00000,0x00000007aab00000,0x00000007aeb00000)
  from space 10752K, 33% used [0x00000007aeb00000,0x00000007aee7d7b0,0x00000007af580000)
  to   space 10752K, 0% used [0x00000007af580000,0x00000007af580000,0x00000007b0000000)
 ParOldGen       total 175104K, used 16K [0x0000000780000000, 0x000000078ab00000, 0x00000007aab00000)
  object space 175104K, 0% used [0x0000000780000000,0x0000000780004000,0x000000078ab00000)
 Metaspace       used 12599K, capacity 12818K, committed 12928K, reserved 1060864K
  class space    used 1541K, capacity 1633K, committed 1664K, reserved 1048576K
}
Event: 1.945 GC heap before
{Heap before GC invocations=2 (full 0):
 PSYoungGen      total 76288K, used 69109K [0x00000007aab00000, 0x00000007b0000000, 0x00000007c0000000)
  eden space 65536K, 100% used [0x00000007aab00000,0x00000007aeb00000,0x00000007aeb00000)
  from space 10752K, 33% used [0x00000007aeb00000,0x00000007aee7d7b0,0x00000007af580000)
  to   space 10752K, 0% used [0x00000007af580000,0x00000007af580000,0x00000007b0000000)
 ParOldGen       total 175104K, used 16K [0x0000000780000000, 0x000000078ab00000, 0x00000007aab00000)
  object space 175104K, 0% used [0x0000000780000000,0x0000000780004000,0x000000078ab00000)
 Metaspace       used 15210K, capacity 15422K, committed 15744K, reserved 1062912K
  class space    used 1993K, capacity 2093K, committed 2176K, reserved 1048576K
Event: 1.950 GC heap after
Heap after GC invocations=2 (full 0):
 PSYoungGen      total 76288K, used 4400K [0x00000007aab00000, 0x00000007b0000000, 0x00000007c0000000)
  eden space 65536K, 0% used [0x00000007aab00000,0x00000007aab00000,0x00000007aeb00000)
  from space 10752K, 40% used [0x00000007af580000,0x00000007af9cc010,0x00000007b0000000)
  to   space 10752K, 0% used [0x00000007aeb00000,0x00000007aeb00000,0x00000007af580000)
 ParOldGen       total 175104K, used 32K [0x0000000780000000, 0x000000078ab00000, 0x00000007aab00000)
  object space 175104K, 0% used [0x0000000780000000,0x0000000780008000,0x000000078ab00000)
 Metaspace       used 15210K, capacity 15422K, committed 15744K, reserved 1062912K
  class space    used 1993K, capacity 2093K, committed 2176K, reserved 1048576K
}
Event: 2.296 GC heap before
{Heap before GC invocations=3 (full 0):
 PSYoungGen      total 76288K, used 18983K [0x00000007aab00000, 0x00000007b0000000, 0x00000007c0000000)
  eden space 65536K, 22% used [0x00000007aab00000,0x00000007ab93dc20,0x00000007aeb00000)
  from space 10752K, 40% used [0x00000007af580000,0x00000007af9cc010,0x00000007b0000000)
  to   space 10752K, 0% used [0x00000007aeb00000,0x00000007aeb00000,0x00000007af580000)
 ParOldGen       total 175104K, used 32K [0x0000000780000000, 0x000000078ab00000, 0x00000007aab00000)
  object space 175104K, 0% used [0x0000000780000000,0x0000000780008000,0x000000078ab00000)
 Metaspace       used 20904K, capacity 21140K, committed 21296K, reserved 1067008K
  class space    used 2827K, capacity 2907K, committed 2944K, reserved 1048576K
Event: 2.301 GC heap after
Heap after GC invocations=3 (full 0):
 PSYoungGen      total 76288K, used 5856K [0x00000007aab00000, 0x00000007b0000000, 0x00000007c0000000)
  eden space 65536K, 0% used [0x00000007aab00000,0x00000007aab00000,0x00000007aeb00000)
  from space 10752K, 54% used [0x00000007aeb00000,0x00000007af0b8020,0x00000007af580000)
  to   space 10752K, 0% used [0x00000007af580000,0x00000007af580000,0x00000007b0000000)
 ParOldGen       total 175104K, used 40K [0x0000000780000000, 0x000000078ab00000, 0x00000007aab00000)
  object space 175104K, 0% used [0x0000000780000000,0x000000078000a000,0x000000078ab00000)
 Metaspace       used 20904K, capacity 21140K, committed 21296K, reserved 1067008K
  class space    used 2827K, capacity 2907K, committed 2944K, reserved 1048576K
}
Event: 2.301 GC heap before
{Heap before GC invocations=4 (full 1):
 PSYoungGen      total 76288K, used 5856K [0x00000007aab00000, 0x00000007b0000000, 0x00000007c0000000)
  eden space 65536K, 0% used [0x00000007aab00000,0x00000007aab00000,0x00000007aeb00000)
  from space 10752K, 54% used [0x00000007aeb00000,0x00000007af0b8020,0x00000007af580000)
  to   space 10752K, 0% used [0x00000007af580000,0x00000007af580000,0x00000007b0000000)
 ParOldGen       total 175104K, used 40K [0x0000000780000000, 0x000000078ab00000, 0x00000007aab00000)
  object space 175104K, 0% used [0x0000000780000000,0x000000078000a000,0x000000078ab00000)
 Metaspace       used 20904K, capacity 21140K, committed 21296K, reserved 1067008K
  class space    used 2827K, capacity 2907K, committed 2944K, reserved 1048576K
Event: 2.324 GC heap after
Heap after GC invocations=4 (full 1):
 PSYoungGen      total 76288K, used 0K [0x00000007aab00000, 0x00000007b0000000, 0x00000007c0000000)
  eden space 65536K, 0% used [0x00000007aab00000,0x00000007aab00000,0x00000007aeb00000)
  from space 10752K, 0% used [0x00000007aeb00000,0x00000007aeb00000,0x00000007af580000)
  to   space 10752K, 0% used [0x00000007af580000,0x00000007af580000,0x00000007b0000000)
 ParOldGen       total 107520K, used 5662K [0x0000000780000000, 0x0000000786900000, 0x00000007aab00000)
  object space 107520K, 5% used [0x0000000780000000,0x00000007805879d0,0x0000000786900000)
 Metaspace       used 20904K, capacity 21140K, committed 21296K, reserved 1067008K
  class space    used 2827K, capacity 2907K, committed 2944K, reserved 1048576K
}
Event: 19.370 GC heap before
{Heap before GC invocations=5 (full 1):
 PSYoungGen      total 76288K, used 65536K [0x00000007aab00000, 0x00000007b0000000, 0x00000007c0000000)
  eden space 65536K, 100% used [0x00000007aab00000,0x00000007aeb00000,0x00000007aeb00000)
  from space 10752K, 0% used [0x00000007aeb00000,0x00000007aeb00000,0x00000007af580000)
  to   space 10752K, 0% used [0x00000007af580000,0x00000007af580000,0x00000007b0000000)
 ParOldGen       total 107520K, used 5662K [0x0000000780000000, 0x0000000786900000, 0x00000007aab00000)
  object space 107520K, 5% used [0x0000000780000000,0x00000007805879d0,0x0000000786900000)
 Metaspace       used 29579K, capacity 29954K, committed 30208K, reserved 1075200K
  class space    used 4129K, capacity 4232K, committed 4352K, reserved 1048576K
Event: 19.378 GC heap after
Heap after GC invocations=5 (full 1):
 PSYoungGen      total 76288K, used 10733K [0x00000007aab00000, 0x00000007b1980000, 0x00000007c0000000)
  eden space 65536K, 0% used [0x00000007aab00000,0x00000007aab00000,0x00000007aeb00000)
  from space 10752K, 99% used [0x00000007af580000,0x00000007afffb548,0x00000007b0000000)
  to   space 10752K, 0% used [0x00000007aeb00000,0x00000007aeb00000,0x00000007af580000)
 ParOldGen       total 107520K, used 9653K [0x0000000780000000, 0x0000000786900000, 0x00000007aab00000)
  object space 107520K, 8% used [0x0000000780000000,0x000000078096d408,0x0000000786900000)
 Metaspace       used 29579K, capacity 29954K, committed 30208K, reserved 1075200K
  class space    used 4129K, capacity 4232K, committed 4352K, reserved 1048576K
}

