<html xmlns:string="xalan://java.lang.String" xmlns:lxslt="http://xml.apache.org/xslt">
<head>
<META http-equiv="Content-Type" content="text/html; charset=UTF-8">
<title>Standard Error from JUnitTclTest</title>
</head>
<body>
<pre>WARNING: MochaTest: Model stopped before executing actions (e.g. producing outputs) scheduled for execution at times [6.0]
java.lang.RuntimeException: Execution failed
	at ptolemy.moml.MoMLSimpleApplication$UnloadThread.run(MoMLSimpleApplication.java:402)
Caused by: ptolemy.kernel.util.IllegalActionException: Test fails in iteration 0.
Value was: "&lt;?xml version=\"1.0\" encoding=\"UTF-8\"?&gt;\n &lt;testsuites&gt;\n &lt;testsuite name=\"Root Suite\" tests=\"0\"&gt;\n &lt;testsuite name=\"Common host: Basic\" tests=\"7\"&gt;\n &lt;testcase name=\"this.getParameter() returns default value.\" &gt; &lt;/testcase&gt;\n &lt;testcase name=\"this.getParameter() returns value set by this.setParameter().\" &gt; &lt;/testcase&gt;\n &lt;testcase name=\"this.get() returns default value.\" &gt; &lt;/testcase&gt;\n &lt;testcase name=\"this.get() returns null if no input yet provided.\" &gt; &lt;/testcase&gt;\n &lt;testcase name=\"this.get() returns null if no input yet provided but type being boolean.\" &gt; &lt;/testcase&gt;\n &lt;testcase name=\"this.get() returns value provided by provideInput().\" &gt; &lt;/testcase&gt;\n &lt;testcase name=\"latestOutput contains value provided by inputHandlers and send().\" &gt; &lt;/testcase&gt;\n &lt;/testsuite&gt;\n &lt;testsuite name=\"Common host: Composite accessors\" tests=\"2\"&gt;\n &lt;testcase name=\"Composite accessor produces correct output when manually scheduled.\" &gt; &lt;/testcase&gt;\n &lt;testcase name=\"Composite accessor produces correct output when automatically scheduled.\" &gt; &lt;/testcase&gt;\n &lt;/testsuite&gt;\n &lt;testsuite name=\"Common host: Spontaneous accessors\" tests=\"2\"&gt;\n &lt;testcase name=\"Spontaneous accessor produces correct outputs after 1 and 2 seconds.\" &gt; &lt;failure message=\"Error: timeout of 3000ms exceeded Ensure the done() callback is being called in this test.\"/&gt; &lt;/testcase&gt;\n &lt;testcase name=\"Composite spontaneous accessor produces correct outputs after 1 and 2 seconds.\" &gt; &lt;/testcase&gt;\n &lt;/testsuite&gt;\n &lt;testsuite name=\"Common host: Inheritance\" tests=\"4\"&gt;\n &lt;testcase name=\"Inheritance, function overriding, and variable visiility should work properly.\" &gt; &lt;/testcase&gt;\n &lt;testcase name=\"Implementing an interface should work properly.\" &gt; &lt;/testcase&gt;\n &lt;testcase name=\"Exported fields of base classes can be accessed and initialize() is properly scoped.\" &gt; &lt;/testcase&gt;\n &lt;testcase name=\"Two-level inheritance should work properly.\" &gt; &lt;/testcase&gt;\n &lt;/testsuite&gt;\n &lt;/testsuite&gt;\n &lt;/testsuites&gt;\n". Should have been: "&lt;?xml version=\"1.0\" encoding=\"UTF-8\"?&gt;\n &lt;testsuites&gt;\n &lt;testsuite name=\"Root Suite\" tests=\"0\"&gt;\n &lt;testsuite name=\"Common host: Basic\" tests=\"7\"&gt;\n &lt;testcase name=\"this.getParameter() returns default value.\" &gt; &lt;/testcase&gt;\n &lt;testcase name=\"this.getParameter() returns value set by this.setParameter().\" &gt; &lt;/testcase&gt;\n &lt;testcase name=\"this.get() returns default value.\" &gt; &lt;/testcase&gt;\n &lt;testcase name=\"this.get() returns null if no input yet provided.\" &gt; &lt;/testcase&gt;\n &lt;testcase name=\"this.get() returns null if no input yet provided but type being boolean.\" &gt; &lt;/testcase&gt;\n &lt;testcase name=\"this.get() returns value provided by provideInput().\" &gt; &lt;/testcase&gt;\n &lt;testcase name=\"latestOutput contains value provided by inputHandlers and send().\" &gt; &lt;/testcase&gt;\n &lt;/testsuite&gt;\n &lt;testsuite name=\"Common host: Composite accessors\" tests=\"2\"&gt;\n &lt;testcase name=\"Composite accessor produces correct output when manually scheduled.\" &gt; &lt;/testcase&gt;\n &lt;testcase name=\"Composite accessor produces correct output when automatically scheduled.\" &gt; &lt;/testcase&gt;\n &lt;/testsuite&gt;\n &lt;testsuite name=\"Common host: Spontaneous accessors\" tests=\"2\"&gt;\n &lt;testcase name=\"Spontaneous accessor produces correct outputs after 1 and 2 seconds.\" &gt; &lt;/testcase&gt;\n &lt;testcase name=\"Composite spontaneous accessor produces correct outputs after 1 and 2 seconds.\" &gt; &lt;/testcase&gt;\n &lt;/testsuite&gt;\n &lt;testsuite name=\"Common host: Inheritance\" tests=\"4\"&gt;\n &lt;testcase name=\"Inheritance, function overriding, and variable visiility should work properly.\" &gt; &lt;/testcase&gt;\n &lt;testcase name=\"Implementing an interface should work properly.\" &gt; &lt;/testcase&gt;\n &lt;testcase name=\"Exported fields of base classes can be accessed and initialize() is properly scoped.\" &gt; &lt;/testcase&gt;\n &lt;testcase name=\"Two-level inheritance should work properly.\" &gt; &lt;/testcase&gt;\n &lt;/testsuite&gt;\n &lt;/testsuite&gt;\n &lt;/testsuites&gt;\n"
  in .Testing.Test2
	at ptolemy.actor.lib.Test.fire(Test.java:268)
	at ptolemy.domains.de.kernel.DEDirector._fire(DEDirector.java:1948)
	at ptolemy.domains.de.kernel.DEDirector.fire(DEDirector.java:502)
	at ptolemy.actor.CompositeActor.fire(CompositeActor.java:455)
	at ptolemy.actor.Manager.iterate(Manager.java:851)
	at ptolemy.actor.Manager.execute(Manager.java:369)
	at ptolemy.actor.Manager.run(Manager.java:1263)
	at ptolemy.actor.Manager$PtolemyRunThread.run(Manager.java:1915)
</pre>
</body>
</html>
